[
  {
    "Plan": {
      "Node Type": "Aggregate",
      "Strategy": "Plain",
      "Partial Mode": "Finalize",
      "Parallel Aware": false,
      "Startup Cost": 26471.97,
      "Total Cost": 26471.98,
      "Plan Rows": 1,
      "Plan Width": 8,
      "Actual Startup Time": 35.838,
      "Actual Total Time": 40.756,
      "Actual Rows": 1,
      "Actual Loops": 1,
      "Plans": [
        {
          "Node Type": "Gather",
          "Parent Relationship": "Outer",
          "Parallel Aware": false,
          "Startup Cost": 26471.76,
          "Total Cost": 26471.97,
          "Plan Rows": 2,
          "Plan Width": 8,
          "Actual Startup Time": 35.631,
          "Actual Total Time": 40.748,
          "Actual Rows": 3,
          "Actual Loops": 1,
          "Workers Planned": 2,
          "Workers Launched": 2,
          "Single Copy": false,
          "Plans": [
            {
              "Node Type": "Aggregate",
              "Strategy": "Plain",
              "Partial Mode": "Partial",
              "Parent Relationship": "Outer",
              "Parallel Aware": false,
              "Startup Cost": 25471.76,
              "Total Cost": 25471.77,
              "Plan Rows": 1,
              "Plan Width": 8,
              "Actual Startup Time": 28.154,
              "Actual Total Time": 28.156,
              "Actual Rows": 1,
              "Actual Loops": 3,
              "Plans": [
                {
                  "Node Type": "Nested Loop",
                  "Parent Relationship": "Outer",
                  "Parallel Aware": false,
                  "Join Type": "Inner",
                  "Startup Cost": 100.35,
                  "Total Cost": 25471.43,
                  "Plan Rows": 133,
                  "Plan Width": 0,
                  "Actual Startup Time": 2.068,
                  "Actual Total Time": 27.985,
                  "Actual Rows": 576,
                  "Actual Loops": 3,
                  "Inner Unique": true,
                  "Plans": [
                    {
                      "Node Type": "Nested Loop",
                      "Parent Relationship": "Outer",
                      "Parallel Aware": false,
                      "Join Type": "Inner",
                      "Startup Cost": 99.92,
                      "Total Cost": 23921.67,
                      "Plan Rows": 1832,
                      "Plan Width": 8,
                      "Actual Startup Time": 1.864,
                      "Actual Total Time": 19.428,
                      "Actual Rows": 583,
                      "Actual Loops": 3,
                      "Inner Unique": false,
                      "Plans": [
                        {
                          "Node Type": "Bitmap Heap Scan",
                          "Parent Relationship": "Outer",
                          "Parallel Aware": true,
                          "Relation Name": "movie_keyword",
                          "Alias": "mk",
                          "Startup Cost": 99.49,
                          "Total Cost": 11574.9,
                          "Plan Rows": 1885,
                          "Plan Width": 4,
                          "Actual Startup Time": 1.632,
                          "Actual Total Time": 7.407,
                          "Actual Rows": 1318,
                          "Actual Loops": 3,
                          "Recheck Cond": "(keyword_id = 16501)",
                          "Rows Removed by Index Recheck": 0,
                          "Exact Heap Blocks": 1885,
                          "Lossy Heap Blocks": 0,
                          "Plans": [
                            {
                              "Node Type": "Bitmap Index Scan",
                              "Parent Relationship": "Outer",
                              "Parallel Aware": false,
                              "Index Name": "keyword_id_movie_keyword",
                              "Startup Cost": 0.0,
                              "Total Cost": 98.36,
                              "Plan Rows": 4524,
                              "Plan Width": 0,
                              "Actual Startup Time": 3.374,
                              "Actual Total Time": 3.374,
                              "Actual Rows": 3954,
                              "Actual Loops": 1,
                              "Index Cond": "(keyword_id = 16501)"
                            }
                          ]
                        },
                        {
                          "Node Type": "Index Scan",
                          "Parent Relationship": "Inner",
                          "Parallel Aware": false,
                          "Scan Direction": "Forward",
                          "Index Name": "movie_id_movie_info_idx",
                          "Relation Name": "movie_info_idx",
                          "Alias": "mi_idx",
                          "Startup Cost": 0.43,
                          "Total Cost": 6.54,
                          "Plan Rows": 1,
                          "Plan Width": 4,
                          "Actual Startup Time": 0.008,
                          "Actual Total Time": 0.008,
                          "Actual Rows": 0,
                          "Actual Loops": 3954,
                          "Index Cond": "(movie_id = mk.movie_id)",
                          "Rows Removed by Index Recheck": 0,
                          "Filter": "(info_type_id = 99)",
                          "Rows Removed by Filter": 1
                        }
                      ]
                    },
                    {
                      "Node Type": "Index Scan",
                      "Parent Relationship": "Inner",
                      "Parallel Aware": false,
                      "Scan Direction": "Forward",
                      "Index Name": "title_pkey",
                      "Relation Name": "title",
                      "Alias": "t",
                      "Startup Cost": 0.43,
                      "Total Cost": 0.85,
                      "Plan Rows": 1,
                      "Plan Width": 4,
                      "Actual Startup Time": 0.014,
                      "Actual Total Time": 0.014,
                      "Actual Rows": 1,
                      "Actual Loops": 1749,
                      "Index Cond": "(id = mi_idx.movie_id)",
                      "Rows Removed by Index Recheck": 0,
                      "Filter": "(kind_id < 7)",
                      "Rows Removed by Filter": 0
                    }
                  ]
                }
              ]
            }
          ]
        }
      ]
    },
    "Planning Time": 1.396,
    "Triggers": [],
    "Execution Time": 40.858
  }
]