[
  {
    "Plan": {
      "Node Type": "Aggregate",
      "Strategy": "Plain",
      "Partial Mode": "Finalize",
      "Parallel Aware": false,
      "Startup Cost": 37050.53,
      "Total Cost": 37050.54,
      "Plan Rows": 1,
      "Plan Width": 8,
      "Actual Startup Time": 124.681,
      "Actual Total Time": 132.494,
      "Actual Rows": 1,
      "Actual Loops": 1,
      "Plans": [
        {
          "Node Type": "Gather",
          "Parent Relationship": "Outer",
          "Parallel Aware": false,
          "Startup Cost": 37050.21,
          "Total Cost": 37050.52,
          "Plan Rows": 3,
          "Plan Width": 8,
          "Actual Startup Time": 124.457,
          "Actual Total Time": 132.486,
          "Actual Rows": 4,
          "Actual Loops": 1,
          "Workers Planned": 3,
          "Workers Launched": 3,
          "Single Copy": false,
          "Plans": [
            {
              "Node Type": "Aggregate",
              "Strategy": "Plain",
              "Partial Mode": "Partial",
              "Parent Relationship": "Outer",
              "Parallel Aware": false,
              "Startup Cost": 36050.21,
              "Total Cost": 36050.22,
              "Plan Rows": 1,
              "Plan Width": 8,
              "Actual Startup Time": 117.984,
              "Actual Total Time": 117.986,
              "Actual Rows": 1,
              "Actual Loops": 4,
              "Plans": [
                {
                  "Node Type": "Bitmap Heap Scan",
                  "Parent Relationship": "Outer",
                  "Parallel Aware": true,
                  "Relation Name": "movie_keyword",
                  "Alias": "mk",
                  "Startup Cost": 9442.29,
                  "Total Cost": 35691.22,
                  "Plan Rows": 143595,
                  "Plan Width": 0,
                  "Actual Startup Time": 44.397,
                  "Actual Total Time": 111.822,
                  "Actual Rows": 108507,
                  "Actual Loops": 4,
                  "Recheck Cond": "(keyword_id > 40405)",
                  "Rows Removed by Index Recheck": 0,
                  "Exact Heap Blocks": 10050,
                  "Lossy Heap Blocks": 0,
                  "Plans": [
                    {
                      "Node Type": "Bitmap Index Scan",
                      "Parent Relationship": "Outer",
                      "Parallel Aware": false,
                      "Index Name": "keyword_id_movie_keyword",
                      "Startup Cost": 0.0,
                      "Total Cost": 9331.01,
                      "Plan Rows": 445143,
                      "Plan Width": 0,
                      "Actual Startup Time": 46.693,
                      "Actual Total Time": 46.693,
                      "Actual Rows": 434028,
                      "Actual Loops": 1,
                      "Index Cond": "(keyword_id > 40405)"
                    }
                  ]
                }
              ]
            }
          ]
        }
      ]
    },
    "Planning Time": 0.155,
    "Triggers": [],
    "Execution Time": 132.559
  }
]