[
  {
    "Plan": {
      "Node Type": "Aggregate",
      "Strategy": "Plain",
      "Partial Mode": "Finalize",
      "Parallel Aware": false,
      "Startup Cost": 281263.02,
      "Total Cost": 281263.03,
      "Plan Rows": 1,
      "Plan Width": 8,
      "Actual Startup Time": 125.865,
      "Actual Total Time": 132.049,
      "Actual Rows": 1,
      "Actual Loops": 1,
      "Plans": [
        {
          "Node Type": "Gather",
          "Parent Relationship": "Outer",
          "Parallel Aware": false,
          "Startup Cost": 281262.4,
          "Total Cost": 281263.01,
          "Plan Rows": 6,
          "Plan Width": 8,
          "Actual Startup Time": 125.568,
          "Actual Total Time": 132.042,
          "Actual Rows": 7,
          "Actual Loops": 1,
          "Workers Planned": 6,
          "Workers Launched": 6,
          "Single Copy": false,
          "Plans": [
            {
              "Node Type": "Aggregate",
              "Strategy": "Plain",
              "Partial Mode": "Partial",
              "Parent Relationship": "Outer",
              "Parallel Aware": false,
              "Startup Cost": 280262.4,
              "Total Cost": 280262.41,
              "Plan Rows": 1,
              "Plan Width": 8,
              "Actual Startup Time": 115.979,
              "Actual Total Time": 115.98,
              "Actual Rows": 1,
              "Actual Loops": 7,
              "Plans": [
                {
                  "Node Type": "Bitmap Heap Scan",
                  "Parent Relationship": "Outer",
                  "Parallel Aware": true,
                  "Relation Name": "cast_info",
                  "Alias": "ci",
                  "Startup Cost": 24771.78,
                  "Total Cost": 279795.13,
                  "Plan Rows": 186908,
                  "Plan Width": 0,
                  "Actual Startup Time": 56.235,
                  "Actual Total Time": 104.444,
                  "Actual Rows": 161876,
                  "Actual Loops": 7,
                  "Recheck Cond": "(person_id < 115698)",
                  "Rows Removed by Index Recheck": 0,
                  "Exact Heap Blocks": 3729,
                  "Lossy Heap Blocks": 0,
                  "Plans": [
                    {
                      "Node Type": "Bitmap Index Scan",
                      "Parent Relationship": "Outer",
                      "Parallel Aware": false,
                      "Index Name": "person_id_cast_info",
                      "Startup Cost": 0.0,
                      "Total Cost": 24491.42,
                      "Plan Rows": 1121447,
                      "Plan Width": 0,
                      "Actual Startup Time": 62.937,
                      "Actual Total Time": 62.937,
                      "Actual Rows": 1133129,
                      "Actual Loops": 1,
                      "Index Cond": "(person_id < 115698)"
                    }
                  ]
                }
              ]
            }
          ]
        }
      ]
    },
    "Planning Time": 0.237,
    "Triggers": [],
    "Execution Time": 132.124
  }
]