[
  {
    "Plan": {
      "Node Type": "Aggregate",
      "Strategy": "Plain",
      "Partial Mode": "Finalize",
      "Parallel Aware": false,
      "Startup Cost": 46517.91,
      "Total Cost": 46517.92,
      "Plan Rows": 1,
      "Plan Width": 8,
      "Actual Startup Time": 34.793,
      "Actual Total Time": 41.595,
      "Actual Rows": 1,
      "Actual Loops": 1,
      "Plans": [
        {
          "Node Type": "Gather",
          "Parent Relationship": "Outer",
          "Parallel Aware": false,
          "Startup Cost": 46517.59,
          "Total Cost": 46517.9,
          "Plan Rows": 3,
          "Plan Width": 8,
          "Actual Startup Time": 34.658,
          "Actual Total Time": 41.589,
          "Actual Rows": 4,
          "Actual Loops": 1,
          "Workers Planned": 3,
          "Workers Launched": 3,
          "Single Copy": false,
          "Plans": [
            {
              "Node Type": "Aggregate",
              "Strategy": "Plain",
              "Partial Mode": "Partial",
              "Parent Relationship": "Outer",
              "Parallel Aware": false,
              "Startup Cost": 45517.59,
              "Total Cost": 45517.6,
              "Plan Rows": 1,
              "Plan Width": 8,
              "Actual Startup Time": 31.35,
              "Actual Total Time": 31.351,
              "Actual Rows": 1,
              "Actual Loops": 4,
              "Plans": [
                {
                  "Node Type": "Nested Loop",
                  "Parent Relationship": "Outer",
                  "Parallel Aware": false,
                  "Join Type": "Inner",
                  "Startup Cost": 263.53,
                  "Total Cost": 45508.92,
                  "Plan Rows": 3467,
                  "Plan Width": 0,
                  "Actual Startup Time": 3.251,
                  "Actual Total Time": 31.045,
                  "Actual Rows": 2457,
                  "Actual Loops": 4,
                  "Inner Unique": true,
                  "Plans": [
                    {
                      "Node Type": "Bitmap Heap Scan",
                      "Parent Relationship": "Outer",
                      "Parallel Aware": true,
                      "Relation Name": "movie_keyword",
                      "Alias": "mk",
                      "Startup Cost": 263.1,
                      "Total Cost": 20870.7,
                      "Plan Rows": 3940,
                      "Plan Width": 4,
                      "Actual Startup Time": 3.192,
                      "Actual Total Time": 12.917,
                      "Actual Rows": 2577,
                      "Actual Loops": 4,
                      "Recheck Cond": "(keyword_id = 870)",
                      "Rows Removed by Index Recheck": 0,
                      "Exact Heap Blocks": 4337,
                      "Lossy Heap Blocks": 0,
                      "Plans": [
                        {
                          "Node Type": "Bitmap Index Scan",
                          "Parent Relationship": "Outer",
                          "Parallel Aware": false,
                          "Index Name": "keyword_id_movie_keyword",
                          "Startup Cost": 0.0,
                          "Total Cost": 260.05,
                          "Plan Rows": 12215,
                          "Plan Width": 0,
                          "Actual Startup Time": 4.112,
                          "Actual Total Time": 4.112,
                          "Actual Rows": 10307,
                          "Actual Loops": 1,
                          "Index Cond": "(keyword_id = 870)"
                        }
                      ]
                    },
                    {
                      "Node Type": "Index Scan",
                      "Parent Relationship": "Inner",
                      "Parallel Aware": false,
                      "Scan Direction": "Forward",
                      "Index Name": "title_pkey",
                      "Relation Name": "title",
                      "Alias": "t",
                      "Startup Cost": 0.43,
                      "Total Cost": 6.25,
                      "Plan Rows": 1,
                      "Plan Width": 4,
                      "Actual Startup Time": 0.006,
                      "Actual Total Time": 0.006,
                      "Actual Rows": 1,
                      "Actual Loops": 10307,
                      "Index Cond": "(id = mk.movie_id)",
                      "Rows Removed by Index Recheck": 0,
                      "Filter": "(production_year < 2012)",
                      "Rows Removed by Filter": 0
                    }
                  ]
                }
              ]
            }
          ]
        }
      ]
    },
    "Planning Time": 0.263,
    "Triggers": [],
    "Execution Time": 41.636
  }
]