[
  {
    "Plan": {
      "Node Type": "Aggregate",
      "Strategy": "Plain",
      "Partial Mode": "Finalize",
      "Parallel Aware": false,
      "Startup Cost": 47074.26,
      "Total Cost": 47074.27,
      "Plan Rows": 1,
      "Plan Width": 8,
      "Actual Startup Time": 228.117,
      "Actual Total Time": 240.829,
      "Actual Rows": 1,
      "Actual Loops": 1,
      "Plans": [
        {
          "Node Type": "Gather",
          "Parent Relationship": "Outer",
          "Parallel Aware": false,
          "Startup Cost": 47073.94,
          "Total Cost": 47074.25,
          "Plan Rows": 3,
          "Plan Width": 8,
          "Actual Startup Time": 227.969,
          "Actual Total Time": 240.82,
          "Actual Rows": 4,
          "Actual Loops": 1,
          "Workers Planned": 3,
          "Workers Launched": 3,
          "Single Copy": false,
          "Plans": [
            {
              "Node Type": "Aggregate",
              "Strategy": "Plain",
              "Partial Mode": "Partial",
              "Parent Relationship": "Outer",
              "Parallel Aware": false,
              "Startup Cost": 46073.94,
              "Total Cost": 46073.95,
              "Plan Rows": 1,
              "Plan Width": 8,
              "Actual Startup Time": 219.208,
              "Actual Total Time": 219.21,
              "Actual Rows": 1,
              "Actual Loops": 4,
              "Plans": [
                {
                  "Node Type": "Seq Scan",
                  "Parent Relationship": "Outer",
                  "Parallel Aware": true,
                  "Relation Name": "movie_keyword",
                  "Alias": "mk",
                  "Startup Cost": 0.0,
                  "Total Cost": 42695.65,
                  "Plan Rows": 1351315,
                  "Plan Width": 0,
                  "Actual Startup Time": 0.089,
                  "Actual Total Time": 158.616,
                  "Actual Rows": 1047566,
                  "Actual Loops": 4,
                  "Filter": "(keyword_id > 270)",
                  "Rows Removed by Filter": 83416
                }
              ]
            }
          ]
        }
      ]
    },
    "Planning Time": 0.197,
    "Triggers": [],
    "Execution Time": 240.889
  }
]