[
  {
    "Plan": {
      "Node Type": "Aggregate",
      "Strategy": "Plain",
      "Partial Mode": "Finalize",
      "Parallel Aware": false,
      "Startup Cost": 125624.06,
      "Total Cost": 125624.07,
      "Plan Rows": 1,
      "Plan Width": 8,
      "Actual Startup Time": 719.105,
      "Actual Total Time": 740.679,
      "Actual Rows": 1,
      "Actual Loops": 1,
      "Plans": [
        {
          "Node Type": "Gather",
          "Parent Relationship": "Outer",
          "Parallel Aware": false,
          "Startup Cost": 125623.74,
          "Total Cost": 125624.05,
          "Plan Rows": 3,
          "Plan Width": 8,
          "Actual Startup Time": 713.475,
          "Actual Total Time": 740.672,
          "Actual Rows": 4,
          "Actual Loops": 1,
          "Workers Planned": 3,
          "Workers Launched": 3,
          "Single Copy": false,
          "Plans": [
            {
              "Node Type": "Aggregate",
              "Strategy": "Plain",
              "Partial Mode": "Partial",
              "Parent Relationship": "Outer",
              "Parallel Aware": false,
              "Startup Cost": 124623.74,
              "Total Cost": 124623.75,
              "Plan Rows": 1,
              "Plan Width": 8,
              "Actual Startup Time": 704.164,
              "Actual Total Time": 704.17,
              "Actual Rows": 1,
              "Actual Loops": 4,
              "Plans": [
                {
                  "Node Type": "Hash Join",
                  "Parent Relationship": "Outer",
                  "Parallel Aware": true,
                  "Join Type": "Inner",
                  "Startup Cost": 79324.57,
                  "Total Cost": 124435.91,
                  "Plan Rows": 75130,
                  "Plan Width": 0,
                  "Actual Startup Time": 364.814,
                  "Actual Total Time": 636.858,
                  "Actual Rows": 1553824,
                  "Actual Loops": 4,
                  "Inner Unique": false,
                  "Hash Cond": "(mk.movie_id = t.id)",
                  "Plans": [
                    {
                      "Node Type": "Seq Scan",
                      "Parent Relationship": "Outer",
                      "Parallel Aware": true,
                      "Relation Name": "movie_keyword",
                      "Alias": "mk",
                      "Startup Cost": 0.0,
                      "Total Cost": 42695.65,
                      "Plan Rows": 579556,
                      "Plan Width": 4,
                      "Actual Startup Time": 0.612,
                      "Actual Total Time": 105.494,
                      "Actual Rows": 451027,
                      "Actual Loops": 4,
                      "Filter": "(keyword_id > 7693)",
                      "Rows Removed by Filter": 679956
                    },
                    {
                      "Node Type": "Hash",
                      "Parent Relationship": "Inner",
                      "Parallel Aware": true,
                      "Startup Cost": 78002.98,
                      "Total Cost": 78002.98,
                      "Plan Rows": 105727,
                      "Plan Width": 8,
                      "Actual Startup Time": 360.692,
                      "Actual Total Time": 360.696,
                      "Actual Rows": 120634,
                      "Actual Loops": 4,
                      "Hash Buckets": 524288,
                      "Original Hash Buckets": 524288,
                      "Hash Batches": 1,
                      "Original Hash Batches": 1,
                      "Peak Memory Usage": 23040,
                      "Plans": [
                        {
                          "Node Type": "Hash Join",
                          "Parent Relationship": "Outer",
                          "Parallel Aware": true,
                          "Join Type": "Inner",
                          "Startup Cost": 47708.91,
                          "Total Cost": 78002.98,
                          "Plan Rows": 105727,
                          "Plan Width": 8,
                          "Actual Startup Time": 181.636,
                          "Actual Total Time": 327.554,
                          "Actual Rows": 120634,
                          "Actual Loops": 4,
                          "Inner Unique": true,
                          "Hash Cond": "(mc.movie_id = t.id)",
                          "Plans": [
                            {
                              "Node Type": "Seq Scan",
                              "Parent Relationship": "Outer",
                              "Parallel Aware": true,
                              "Relation Name": "movie_companies",
                              "Alias": "mc",
                              "Startup Cost": 0.0,
                              "Total Cost": 29310.68,
                              "Plan Rows": 374623,
                              "Plan Width": 4,
                              "Actual Startup Time": 0.02,
                              "Actual Total Time": 71.838,
                              "Actual Rows": 289534,
                              "Actual Loops": 4,
                              "Filter": "(company_id < 9366)",
                              "Rows Removed by Filter": 362748
                            },
                            {
                              "Node Type": "Hash",
                              "Parent Relationship": "Inner",
                              "Parallel Aware": true,
                              "Startup Cost": 45479.1,
                              "Total Cost": 45479.1,
                              "Plan Rows": 178385,
                              "Plan Width": 4,
                              "Actual Startup Time": 178.41,
                              "Actual Total Time": 178.411,
                              "Actual Rows": 169862,
                              "Actual Loops": 4,
                              "Hash Buckets": 1048576,
                              "Original Hash Buckets": 1048576,
                              "Hash Batches": 1,
                              "Original Hash Batches": 1,
                              "Peak Memory Usage": 34848,
                              "Plans": [
                                {
                                  "Node Type": "Seq Scan",
                                  "Parent Relationship": "Outer",
                                  "Parallel Aware": true,
                                  "Relation Name": "title",
                                  "Alias": "t",
                                  "Startup Cost": 0.0,
                                  "Total Cost": 45479.1,
                                  "Plan Rows": 178385,
                                  "Plan Width": 4,
                                  "Actual Startup Time": 0.051,
                                  "Actual Total Time": 108.719,
                                  "Actual Rows": 169862,
                                  "Actual Loops": 4,
                                  "Filter": "((kind_id < 3) AND (production_year > 1915))",
                                  "Rows Removed by Filter": 462216
                                }
                              ]
                            }
                          ]
                        }
                      ]
                    }
                  ]
                }
              ]
            }
          ]
        }
      ]
    },
    "Planning Time": 1.424,
    "Triggers": [],
    "Execution Time": 740.763
  }
]