{
    "Plan": {
        "Node Type": "Aggregate",
        "Strategy": "Plain",
        "Partial Mode": "Finalize",
        "Parallel Aware": false,
        "Startup Cost": 62177.93,
        "Total Cost": 62177.94,
        "Plan Rows": 1,
        "Plan Width": 8,
        "Actual Startup Time": 161.638,
        "Actual Total Time": 173.745,
        "Actual Rows": 1,
        "Actual Loops": 1,
        "Output": [
            "count(*)"
        ],
        "Plans": [
            {
                "Node Type": "Gather",
                "Parent Relationship": "Outer",
                "Parallel Aware": false,
                "Startup Cost": 62177.72,
                "Total Cost": 62177.93,
                "Plan Rows": 2,
                "Plan Width": 8,
                "Actual Startup Time": 161.509,
                "Actual Total Time": 173.738,
                "Actual Rows": 3,
                "Actual Loops": 1,
                "Output": [
                    "(PARTIAL count(*))"
                ],
                "Workers Planned": 2,
                "Workers Launched": 2,
                "Single Copy": false,
                "Plans": [
                    {
                        "Node Type": "Aggregate",
                        "Strategy": "Plain",
                        "Partial Mode": "Partial",
                        "Parent Relationship": "Outer",
                        "Parallel Aware": false,
                        "Startup Cost": 61177.72,
                        "Total Cost": 61177.73,
                        "Plan Rows": 1,
                        "Plan Width": 8,
                        "Actual Startup Time": 153.208,
                        "Actual Total Time": 153.211,
                        "Actual Rows": 1,
                        "Actual Loops": 3,
                        "Output": [
                            "PARTIAL count(*)"
                        ],
                        "Workers": [
                            {
                                "Worker Number": 0,
                                "Actual Startup Time": 149.298,
                                "Actual Total Time": 149.301,
                                "Actual Rows": 1,
                                "Actual Loops": 1
                            },
                            {
                                "Worker Number": 1,
                                "Actual Startup Time": 149.528,
                                "Actual Total Time": 149.531,
                                "Actual Rows": 1,
                                "Actual Loops": 1
                            }
                        ],
                        "Plans": [
                            {
                                "Node Type": "Nested Loop",
                                "Parent Relationship": "Outer",
                                "Parallel Aware": false,
                                "Join Type": "Inner",
                                "Startup Cost": 31576.94,
                                "Total Cost": 61176.51,
                                "Plan Rows": 483,
                                "Plan Width": 0,
                                "Actual Startup Time": 84.166,
                                "Actual Total Time": 153.138,
                                "Actual Rows": 613,
                                "Actual Loops": 3,
                                "Inner Unique": true,
                                "Join Filter": "(mc.movie_id = t.id)",
                                "Rows Removed by Join Filter": 0,
                                "Workers": [
                                    {
                                        "Worker Number": 0,
                                        "Actual Startup Time": 80.361,
                                        "Actual Total Time": 149.241,
                                        "Actual Rows": 383,
                                        "Actual Loops": 1
                                    },
                                    {
                                        "Worker Number": 1,
                                        "Actual Startup Time": 80.334,
                                        "Actual Total Time": 149.451,
                                        "Actual Rows": 519,
                                        "Actual Loops": 1
                                    }
                                ],
                                "Plans": [
                                    {
                                        "Node Type": "Hash Join",
                                        "Parent Relationship": "Outer",
                                        "Parallel Aware": true,
                                        "Join Type": "Inner",
                                        "Startup Cost": 31576.51,
                                        "Total Cost": 47705.64,
                                        "Plan Rows": 15712,
                                        "Plan Width": 8,
                                        "Actual Startup Time": 83.999,
                                        "Actual Total Time": 132.943,
                                        "Actual Rows": 3309,
                                        "Actual Loops": 3,
                                        "Output": [
                                            "mc.movie_id",
                                            "mi_idx.movie_id"
                                        ],
                                        "Inner Unique": false,
                                        "Hash Cond": "(mi_idx.movie_id = mc.movie_id)",
                                        "Workers": [
                                            {
                                                "Worker Number": 0,
                                                "Actual Startup Time": 80.157,
                                                "Actual Total Time": 126.719,
                                                "Actual Rows": 2434,
                                                "Actual Loops": 1
                                            },
                                            {
                                                "Worker Number": 1,
                                                "Actual Startup Time": 80.264,
                                                "Actual Total Time": 125.415,
                                                "Actual Rows": 2818,
                                                "Actual Loops": 1
                                            }
                                        ],
                                        "Plans": [
                                            {
                                                "Node Type": "Seq Scan",
                                                "Parent Relationship": "Outer",
                                                "Parallel Aware": true,
                                                "Relation Name": "movie_info_idx",
                                                "Schema": "public",
                                                "Alias": "mi_idx",
                                                "Startup Cost": 0.0,
                                                "Total Cost": 15122.68,
                                                "Plan Rows": 191154,
                                                "Plan Width": 4,
                                                "Actual Startup Time": 0.011,
                                                "Actual Total Time": 35.089,
                                                "Actual Rows": 153395,
                                                "Actual Loops": 3,
                                                "Output": [
                                                    "mi_idx.id",
                                                    "mi_idx.movie_id",
                                                    "mi_idx.info_type_id",
                                                    "mi_idx.info",
                                                    "mi_idx.note"
                                                ],
                                                "Filter": "(mi_idx.info_type_id > 100)",
                                                "Rows Removed by Filter": 306617,
                                                "Workers": [
                                                    {
                                                        "Worker Number": 0,
                                                        "Actual Startup Time": 0.008,
                                                        "Actual Total Time": 33.177,
                                                        "Actual Rows": 135816,
                                                        "Actual Loops": 1
                                                    },
                                                    {
                                                        "Worker Number": 1,
                                                        "Actual Startup Time": 0.016,
                                                        "Actual Total Time": 32.046,
                                                        "Actual Rows": 132459,
                                                        "Actual Loops": 1
                                                    }
                                                ]
                                            },
                                            {
                                                "Node Type": "Hash",
                                                "Parent Relationship": "Inner",
                                                "Parallel Aware": true,
                                                "Startup Cost": 31414.82,
                                                "Total Cost": 31414.82,
                                                "Plan Rows": 12935,
                                                "Plan Width": 4,
                                                "Actual Startup Time": 82.825,
                                                "Actual Total Time": 82.826,
                                                "Actual Rows": 5850,
                                                "Actual Loops": 3,
                                                "Output": [
                                                    "mc.movie_id"
                                                ],
                                                "Hash Buckets": 65536,
                                                "Original Hash Buckets": 65536,
                                                "Hash Batches": 1,
                                                "Original Hash Batches": 1,
                                                "Peak Memory Usage": 1216,
                                                "Workers": [
                                                    {
                                                        "Worker Number": 0,
                                                        "Actual Startup Time": 79.662,
                                                        "Actual Total Time": 79.663,
                                                        "Actual Rows": 5522,
                                                        "Actual Loops": 1
                                                    },
                                                    {
                                                        "Worker Number": 1,
                                                        "Actual Startup Time": 79.893,
                                                        "Actual Total Time": 79.894,
                                                        "Actual Rows": 5695,
                                                        "Actual Loops": 1
                                                    }
                                                ],
                                                "Plans": [
                                                    {
                                                        "Node Type": "Seq Scan",
                                                        "Parent Relationship": "Outer",
                                                        "Parallel Aware": true,
                                                        "Relation Name": "movie_companies",
                                                        "Schema": "public",
                                                        "Alias": "mc",
                                                        "Startup Cost": 0.0,
                                                        "Total Cost": 31414.82,
                                                        "Plan Rows": 12935,
                                                        "Plan Width": 4,
                                                        "Actual Startup Time": 51.357,
                                                        "Actual Total Time": 81.222,
                                                        "Actual Rows": 5850,
                                                        "Actual Loops": 3,
                                                        "Output": [
                                                            "mc.movie_id"
                                                        ],
                                                        "Filter": "((mc.company_id < 19) AND (mc.company_type_id = 2))",
                                                        "Rows Removed by Filter": 863859,
                                                        "Workers": [
                                                            {
                                                                "Worker Number": 0,
                                                                "Actual Startup Time": 48.195,
                                                                "Actual Total Time": 77.893,
                                                                "Actual Rows": 5522,
                                                                "Actual Loops": 1
                                                            },
                                                            {
                                                                "Worker Number": 1,
                                                                "Actual Startup Time": 48.398,
                                                                "Actual Total Time": 78.205,
                                                                "Actual Rows": 5695,
                                                                "Actual Loops": 1
                                                            }
                                                        ]
                                                    }
                                                ]
                                            }
                                        ]
                                    },
                                    {
                                        "Node Type": "Index Scan",
                                        "Parent Relationship": "Inner",
                                        "Parallel Aware": false,
                                        "Scan Direction": "Forward",
                                        "Index Name": "title_pkey",
                                        "Relation Name": "title",
                                        "Schema": "public",
                                        "Alias": "t",
                                        "Startup Cost": 0.43,
                                        "Total Cost": 0.84,
                                        "Plan Rows": 1,
                                        "Plan Width": 4,
                                        "Actual Startup Time": 0.006,
                                        "Actual Total Time": 0.006,
                                        "Actual Rows": 0,
                                        "Actual Loops": 9928,
                                        "Output": [
                                            "t.id",
                                            "t.title",
                                            "t.imdb_index",
                                            "t.kind_id",
                                            "t.production_year",
                                            "t.imdb_id",
                                            "t.phonetic_code",
                                            "t.episode_of_id",
                                            "t.season_nr",
                                            "t.episode_nr",
                                            "t.series_years",
                                            "t.md5sum"
                                        ],
                                        "Index Cond": "(t.id = mi_idx.movie_id)",
                                        "Rows Removed by Index Recheck": 0,
                                        "Filter": "((t.production_year > 2008) AND (t.kind_id = 7))",
                                        "Rows Removed by Filter": 1,
                                        "Workers": [
                                            {
                                                "Worker Number": 0,
                                                "Actual Startup Time": 0.009,
                                                "Actual Total Time": 0.009,
                                                "Actual Rows": 0,
                                                "Actual Loops": 2434
                                            },
                                            {
                                                "Worker Number": 1,
                                                "Actual Startup Time": 0.008,
                                                "Actual Total Time": 0.008,
                                                "Actual Rows": 0,
                                                "Actual Loops": 2818
                                            }
                                        ]
                                    }
                                ]
                            }
                        ]
                    }
                ]
            }
        ]
    },
    "Planning Time": 1.726,
    "Triggers": [],
    "Execution Time": 173.84
}