[
  {
    "Plan": {
      "Node Type": "Aggregate",
      "Strategy": "Plain",
      "Partial Mode": "Finalize",
      "Parallel Aware": false,
      "Startup Cost": 32647.32,
      "Total Cost": 32647.33,
      "Plan Rows": 1,
      "Plan Width": 8,
      "Actual Startup Time": 78.479,
      "Actual Total Time": 83.212,
      "Actual Rows": 1,
      "Actual Loops": 1,
      "Plans": [
        {
          "Node Type": "Gather",
          "Parent Relationship": "Outer",
          "Parallel Aware": false,
          "Startup Cost": 32647.01,
          "Total Cost": 32647.32,
          "Plan Rows": 3,
          "Plan Width": 8,
          "Actual Startup Time": 78.403,
          "Actual Total Time": 83.208,
          "Actual Rows": 4,
          "Actual Loops": 1,
          "Workers Planned": 3,
          "Workers Launched": 3,
          "Single Copy": false,
          "Plans": [
            {
              "Node Type": "Aggregate",
              "Strategy": "Plain",
              "Partial Mode": "Partial",
              "Parent Relationship": "Outer",
              "Parallel Aware": false,
              "Startup Cost": 31647.01,
              "Total Cost": 31647.02,
              "Plan Rows": 1,
              "Plan Width": 8,
              "Actual Startup Time": 73.893,
              "Actual Total Time": 73.894,
              "Actual Rows": 1,
              "Actual Loops": 4,
              "Plans": [
                {
                  "Node Type": "Seq Scan",
                  "Parent Relationship": "Outer",
                  "Parallel Aware": true,
                  "Relation Name": "movie_companies",
                  "Alias": "mc",
                  "Startup Cost": 0.0,
                  "Total Cost": 31414.82,
                  "Plan Rows": 92875,
                  "Plan Width": 0,
                  "Actual Startup Time": 34.397,
                  "Actual Total Time": 67.357,
                  "Actual Rows": 141154,
                  "Actual Loops": 4,
                  "Filter": "((company_id > 71525) AND (company_type_id = 2))",
                  "Rows Removed by Filter": 511128
                }
              ]
            }
          ]
        }
      ]
    },
    "Planning Time": 0.098,
    "Triggers": [],
    "Execution Time": 83.239
  }
]