{
  "Plan": {
    "Node Type": "Aggregate",
    "Strategy": "Plain",
    "Partial Mode": "Finalize",
    "Parallel Aware": false,
    "Startup Cost": 264625.62,
    "Total Cost": 264625.63,
    "Plan Rows": 1,
    "Plan Width": 8,
    "Actual Startup Time": 849.927,
    "Actual Total Time": 870.752,
    "Actual Rows": 1,
    "Actual Loops": 1,
    "Plans": [
      {
        "Node Type": "Gather",
        "Parent Relationship": "Outer",
        "Parallel Aware": false,
        "Startup Cost": 264625.51,
        "Total Cost": 264625.62,
        "Plan Rows": 1,
        "Plan Width": 8,
        "Actual Startup Time": 843.307,
        "Actual Total Time": 870.742,
        "Actual Rows": 2,
        "Actual Loops": 1,
        "Workers Planned": 1,
        "Workers Launched": 1,
        "Single Copy": false,
        "Plans": [
          {
            "Node Type": "Aggregate",
            "Strategy": "Plain",
            "Partial Mode": "Partial",
            "Parent Relationship": "Outer",
            "Parallel Aware": false,
            "Startup Cost": 263625.51,
            "Total Cost": 263625.52,
            "Plan Rows": 1,
            "Plan Width": 8,
            "Actual Startup Time": 833.321,
            "Actual Total Time": 833.325,
            "Actual Rows": 1,
            "Actual Loops": 2,
            "Plans": [
              {
                "Node Type": "Hash Join",
                "Parent Relationship": "Outer",
                "Parallel Aware": true,
                "Join Type": "Inner",
                "Startup Cost": 89922.54,
                "Total Cost": 261964.52,
                "Plan Rows": 664395,
                "Plan Width": 0,
                "Actual Startup Time": 554.822,
                "Actual Total Time": 809.699,
                "Actual Rows": 541583,
                "Actual Loops": 2,
                "Inner Unique": true,
                "Hash Cond": "(mi.movie_id = t.id)",
                "Plans": [
                  {
                    "Node Type": "Bitmap Heap Scan",
                    "Parent Relationship": "Outer",
                    "Parallel Aware": true,
                    "Relation Name": "movie_info",
                    "Alias": "mi",
                    "Startup Cost": 20461.84,
                    "Total Cost": 190759.78,
                    "Plan Rows": 664395,
                    "Plan Width": 4,
                    "Actual Startup Time": 39.881,
                    "Actual Total Time": 128.903,
                    "Actual Rows": 541583,
                    "Actual Loops": 2,
                    "Recheck Cond": "(info_type_id > 70)",
                    "Rows Removed by Index Recheck": 0,
                    "Exact Heap Blocks": 18875,
                    "Lossy Heap Blocks": 0,
                    "Plans": [
                      {
                        "Node Type": "Bitmap Index Scan",
                        "Parent Relationship": "Outer",
                        "Parallel Aware": false,
                        "Index Name": "info_type_id_movie_info",
                        "Startup Cost": 0.0,
                        "Total Cost": 20179.48,
                        "Plan Rows": 1129472,
                        "Plan Width": 0,
                        "Actual Startup Time": 34.196,
                        "Actual Total Time": 34.196,
                        "Actual Rows": 1083166,
                        "Actual Loops": 1,
                        "Index Cond": "(info_type_id > 70)"
                      }
                    ]
                  },
                  {
                    "Node Type": "Hash",
                    "Parent Relationship": "Inner",
                    "Parallel Aware": true,
                    "Startup Cost": 50870.31,
                    "Total Cost": 50870.31,
                    "Plan Rows": 1487231,
                    "Plan Width": 4,
                    "Actual Startup Time": 496.144,
                    "Actual Total Time": 496.144,
                    "Actual Rows": 1264156,
                    "Actual Loops": 2,
                    "Hash Buckets": 4194304,
                    "Original Hash Buckets": 4194304,
                    "Hash Batches": 1,
                    "Original Hash Batches": 1,
                    "Peak Memory Usage": 131680,
                    "Plans": [
                      {
                        "Node Type": "Seq Scan",
                        "Parent Relationship": "Outer",
                        "Parallel Aware": true,
                        "Relation Name": "title",
                        "Alias": "t",
                        "Startup Cost": 0.0,
                        "Total Cost": 50870.31,
                        "Plan Rows": 1487231,
                        "Plan Width": 4,
                        "Actual Startup Time": 0.025,
                        "Actual Total Time": 150.923,
                        "Actual Rows": 1264156,
                        "Actual Loops": 2
                      }
                    ]
                  }
                ]
              }
            ]
          }
        ]
      }
    ]
  },
  "Planning Time": 0.394,
  "Triggers": [],
  "Execution Time": 870.829
}