[
  {
    "Plan": {
      "Node Type": "Aggregate",
      "Strategy": "Plain",
      "Partial Mode": "Simple",
      "Parallel Aware": false,
      "Startup Cost": 2777.84,
      "Total Cost": 2777.85,
      "Plan Rows": 1,
      "Plan Width": 8,
      "Actual Startup Time": 15.418,
      "Actual Total Time": 15.421,
      "Actual Rows": 1,
      "Actual Loops": 1,
      "Plans": [
        {
          "Node Type": "Nested Loop",
          "Parent Relationship": "Outer",
          "Parallel Aware": false,
          "Join Type": "Inner",
          "Startup Cost": 7.07,
          "Total Cost": 2777.78,
          "Plan Rows": 25,
          "Plan Width": 0,
          "Actual Startup Time": 0.183,
          "Actual Total Time": 13.598,
          "Actual Rows": 11948,
          "Actual Loops": 1,
          "Inner Unique": false,
          "Plans": [
            {
              "Node Type": "Nested Loop",
              "Parent Relationship": "Outer",
              "Parallel Aware": false,
              "Join Type": "Inner",
              "Startup Cost": 6.64,
              "Total Cost": 2737.98,
              "Plan Rows": 14,
              "Plan Width": 8,
              "Actual Startup Time": 0.114,
              "Actual Total Time": 2.681,
              "Actual Rows": 87,
              "Actual Loops": 1,
              "Inner Unique": true,
              "Plans": [
                {
                  "Node Type": "Bitmap Heap Scan",
                  "Parent Relationship": "Outer",
                  "Parallel Aware": false,
                  "Relation Name": "movie_info_idx",
                  "Alias": "mi_idx",
                  "Startup Cost": 6.21,
                  "Total Cost": 801.9,
                  "Plan Rows": 230,
                  "Plan Width": 4,
                  "Actual Startup Time": 0.068,
                  "Actual Total Time": 0.129,
                  "Actual Rows": 260,
                  "Actual Loops": 1,
                  "Recheck Cond": "(info_type_id > 101)",
                  "Rows Removed by Index Recheck": 0,
                  "Exact Heap Blocks": 2,
                  "Lossy Heap Blocks": 0,
                  "Plans": [
                    {
                      "Node Type": "Bitmap Index Scan",
                      "Parent Relationship": "Outer",
                      "Parallel Aware": false,
                      "Index Name": "info_type_id_movie_info_idx",
                      "Startup Cost": 0.0,
                      "Total Cost": 6.15,
                      "Plan Rows": 230,
                      "Plan Width": 0,
                      "Actual Startup Time": 0.044,
                      "Actual Total Time": 0.045,
                      "Actual Rows": 260,
                      "Actual Loops": 1,
                      "Index Cond": "(info_type_id > 101)"
                    }
                  ]
                },
                {
                  "Node Type": "Index Scan",
                  "Parent Relationship": "Inner",
                  "Parallel Aware": false,
                  "Scan Direction": "Forward",
                  "Index Name": "title_pkey",
                  "Relation Name": "title",
                  "Alias": "t",
                  "Startup Cost": 0.43,
                  "Total Cost": 8.42,
                  "Plan Rows": 1,
                  "Plan Width": 4,
                  "Actual Startup Time": 0.009,
                  "Actual Total Time": 0.009,
                  "Actual Rows": 0,
                  "Actual Loops": 260,
                  "Index Cond": "(id = mi_idx.movie_id)",
                  "Rows Removed by Index Recheck": 0,
                  "Filter": "((kind_id < 7) AND (production_year < 1973))",
                  "Rows Removed by Filter": 1
                }
              ]
            },
            {
              "Node Type": "Index Only Scan",
              "Parent Relationship": "Inner",
              "Parallel Aware": false,
              "Scan Direction": "Forward",
              "Index Name": "movie_id_movie_keyword",
              "Relation Name": "movie_keyword",
              "Alias": "mk",
              "Startup Cost": 0.43,
              "Total Cost": 2.39,
              "Plan Rows": 45,
              "Plan Width": 4,
              "Actual Startup Time": 0.026,
              "Actual Total Time": 0.093,
              "Actual Rows": 137,
              "Actual Loops": 87,
              "Index Cond": "(movie_id = t.id)",
              "Rows Removed by Index Recheck": 0,
              "Heap Fetches": 11948
            }
          ]
        }
      ]
    },
    "Planning Time": 1.303,
    "Triggers": [],
    "Execution Time": 15.508
  }
]