[
    {
        "Bao": {
            "Bao prediction": "NaN",
            "Bao recommended hint": "(no hint)"
        }
    },
    {
        "Plan": {
            "Node Type": "Aggregate",
            "Strategy": "Plain",
            "Partial Mode": "Finalize",
            "Parallel Aware": false,
            "Startup Cost": 46474.56,
            "Total Cost": 46474.57,
            "Plan Rows": 1,
            "Plan Width": 8,
            "Actual Startup Time": 181.946,
            "Actual Total Time": 188.546,
            "Actual Rows": 1,
            "Actual Loops": 1,
            "Output": [
                "count(*)"
            ],
            "Plans": [
                {
                    "Node Type": "Gather",
                    "Parent Relationship": "Outer",
                    "Parallel Aware": false,
                    "Startup Cost": 46474.24,
                    "Total Cost": 46474.55,
                    "Plan Rows": 3,
                    "Plan Width": 8,
                    "Actual Startup Time": 181.692,
                    "Actual Total Time": 188.446,
                    "Actual Rows": 4,
                    "Actual Loops": 1,
                    "Output": [
                        "(PARTIAL count(*))"
                    ],
                    "Workers Planned": 3,
                    "Workers Launched": 3,
                    "Single Copy": false,
                    "Plans": [
                        {
                            "Node Type": "Aggregate",
                            "Strategy": "Plain",
                            "Partial Mode": "Partial",
                            "Parent Relationship": "Outer",
                            "Parallel Aware": false,
                            "Startup Cost": 45474.24,
                            "Total Cost": 45474.25,
                            "Plan Rows": 1,
                            "Plan Width": 8,
                            "Actual Startup Time": 173.637,
                            "Actual Total Time": 173.639,
                            "Actual Rows": 1,
                            "Actual Loops": 4,
                            "Output": [
                                "PARTIAL count(*)"
                            ],
                            "Workers": [
                                {
                                    "Worker Number": 0,
                                    "Actual Startup Time": 170.568,
                                    "Actual Total Time": 170.569,
                                    "Actual Rows": 1,
                                    "Actual Loops": 1
                                },
                                {
                                    "Worker Number": 1,
                                    "Actual Startup Time": 171.286,
                                    "Actual Total Time": 171.287,
                                    "Actual Rows": 1,
                                    "Actual Loops": 1
                                },
                                {
                                    "Worker Number": 2,
                                    "Actual Startup Time": 171.254,
                                    "Actual Total Time": 171.255,
                                    "Actual Rows": 1,
                                    "Actual Loops": 1
                                }
                            ],
                            "Plans": [
                                {
                                    "Node Type": "Seq Scan",
                                    "Parent Relationship": "Outer",
                                    "Parallel Aware": true,
                                    "Relation Name": "movie_keyword",
                                    "Schema": "public",
                                    "Alias": "mk",
                                    "Startup Cost": 0.0,
                                    "Total Cost": 42695.65,
                                    "Plan Rows": 1111436,
                                    "Plan Width": 0,
                                    "Actual Startup Time": 0.056,
                                    "Actual Total Time": 128.574,
                                    "Actual Rows": 867376,
                                    "Actual Loops": 4,
                                    "Output": [
                                        "id",
                                        "movie_id",
                                        "keyword_id"
                                    ],
                                    "Filter": "(mk.keyword_id < 16759)",
                                    "Rows Removed by Filter": 263607,
                                    "Workers": [
                                        {
                                            "Worker Number": 0,
                                            "Actual Startup Time": 0.062,
                                            "Actual Total Time": 127.404,
                                            "Actual Rows": 602932,
                                            "Actual Loops": 1
                                        },
                                        {
                                            "Worker Number": 1,
                                            "Actual Startup Time": 0.065,
                                            "Actual Total Time": 127.317,
                                            "Actual Rows": 616810,
                                            "Actual Loops": 1
                                        },
                                        {
                                            "Worker Number": 2,
                                            "Actual Startup Time": 0.084,
                                            "Actual Total Time": 127.44,
                                            "Actual Rows": 941596,
                                            "Actual Loops": 1
                                        }
                                    ]
                                }
                            ]
                        }
                    ]
                }
            ]
        },
        "Planning Time": 186.539,
        "Triggers": [],
        "Execution Time": 188.586
    }
]