{
  "Plan": {
    "Node Type": "Aggregate",
    "Strategy": "Plain",
    "Partial Mode": "Finalize",
    "Parallel Aware": false,
    "Startup Cost": 120619.58,
    "Total Cost": 120619.59,
    "Plan Rows": 1,
    "Plan Width": 8,
    "Actual Startup Time": 382.717,
    "Actual Total Time": 396.649,
    "Actual Rows": 1,
    "Actual Loops": 1,
    "Plans": [
      {
        "Node Type": "Gather",
        "Parent Relationship": "Outer",
        "Parallel Aware": false,
        "Startup Cost": 120619.47,
        "Total Cost": 120619.58,
        "Plan Rows": 1,
        "Plan Width": 8,
        "Actual Startup Time": 382.616,
        "Actual Total Time": 396.642,
        "Actual Rows": 2,
        "Actual Loops": 1,
        "Workers Planned": 1,
        "Workers Launched": 1,
        "Single Copy": false,
        "Plans": [
          {
            "Node Type": "Aggregate",
            "Strategy": "Plain",
            "Partial Mode": "Partial",
            "Parent Relationship": "Outer",
            "Parallel Aware": false,
            "Startup Cost": 119619.47,
            "Total Cost": 119619.48,
            "Plan Rows": 1,
            "Plan Width": 8,
            "Actual Startup Time": 377.022,
            "Actual Total Time": 377.025,
            "Actual Rows": 1,
            "Actual Loops": 2,
            "Plans": [
              {
                "Node Type": "Hash Join",
                "Parent Relationship": "Outer",
                "Parallel Aware": true,
                "Join Type": "Inner",
                "Startup Cost": 58410.71,
                "Total Cost": 119600.93,
                "Plan Rows": 7416,
                "Plan Width": 0,
                "Actual Startup Time": 134.377,
                "Actual Total Time": 376.341,
                "Actual Rows": 14690,
                "Actual Loops": 2,
                "Inner Unique": true,
                "Hash Cond": "(mk.movie_id = t.id)",
                "Plans": [
                  {
                    "Node Type": "Seq Scan",
                    "Parent Relationship": "Outer",
                    "Parallel Aware": true,
                    "Relation Name": "movie_keyword",
                    "Alias": "mk",
                    "Startup Cost": 0.0,
                    "Total Cost": 57718.19,
                    "Plan Rows": 1322674,
                    "Plan Width": 4,
                    "Actual Startup Time": 0.407,
                    "Actual Total Time": 174.135,
                    "Actual Rows": 1123566,
                    "Actual Loops": 2,
                    "Filter": "(keyword_id > 4801)",
                    "Rows Removed by Filter": 1138400
                  },
                  {
                    "Node Type": "Hash",
                    "Parent Relationship": "Inner",
                    "Parallel Aware": true,
                    "Startup Cost": 58306.47,
                    "Total Cost": 58306.47,
                    "Plan Rows": 8339,
                    "Plan Width": 4,
                    "Actual Startup Time": 132.814,
                    "Actual Total Time": 132.816,
                    "Actual Rows": 5918,
                    "Actual Loops": 2,
                    "Hash Buckets": 16384,
                    "Original Hash Buckets": 16384,
                    "Hash Batches": 1,
                    "Original Hash Batches": 1,
                    "Peak Memory Usage": 640,
                    "Plans": [
                      {
                        "Node Type": "Seq Scan",
                        "Parent Relationship": "Outer",
                        "Parallel Aware": true,
                        "Relation Name": "title",
                        "Alias": "t",
                        "Startup Cost": 0.0,
                        "Total Cost": 58306.47,
                        "Plan Rows": 8339,
                        "Plan Width": 4,
                        "Actual Startup Time": 0.225,
                        "Actual Total Time": 130.994,
                        "Actual Rows": 5918,
                        "Actual Loops": 2,
                        "Filter": "((kind_id < 7) AND (production_year = 1995))",
                        "Rows Removed by Filter": 1258238
                      }
                    ]
                  }
                ]
              }
            ]
          }
        ]
      }
    ]
  },
  "Planning Time": 0.463,
  "Triggers": [],
  "Execution Time": 396.723
}