[
  {
    "Plan": {
      "Node Type": "Aggregate",
      "Strategy": "Plain",
      "Partial Mode": "Finalize",
      "Parallel Aware": false,
      "Startup Cost": 334894.59,
      "Total Cost": 334894.6,
      "Plan Rows": 1,
      "Plan Width": 8,
      "Actual Startup Time": 704.098,
      "Actual Total Time": 759.794,
      "Actual Rows": 1,
      "Actual Loops": 1,
      "Plans": [
        {
          "Node Type": "Gather",
          "Parent Relationship": "Outer",
          "Parallel Aware": false,
          "Startup Cost": 334893.96,
          "Total Cost": 334894.57,
          "Plan Rows": 6,
          "Plan Width": 8,
          "Actual Startup Time": 703.909,
          "Actual Total Time": 759.761,
          "Actual Rows": 7,
          "Actual Loops": 1,
          "Workers Planned": 6,
          "Workers Launched": 6,
          "Single Copy": false,
          "Plans": [
            {
              "Node Type": "Aggregate",
              "Strategy": "Plain",
              "Partial Mode": "Partial",
              "Parent Relationship": "Outer",
              "Parallel Aware": false,
              "Startup Cost": 333893.96,
              "Total Cost": 333893.97,
              "Plan Rows": 1,
              "Plan Width": 8,
              "Actual Startup Time": 696.451,
              "Actual Total Time": 696.453,
              "Actual Rows": 1,
              "Actual Loops": 7,
              "Plans": [
                {
                  "Node Type": "Seq Scan",
                  "Parent Relationship": "Outer",
                  "Parallel Aware": true,
                  "Relation Name": "cast_info",
                  "Alias": "ci",
                  "Startup Cost": 0.0,
                  "Total Cost": 328211.39,
                  "Plan Rows": 2273028,
                  "Plan Width": 0,
                  "Actual Startup Time": 0.032,
                  "Actual Total Time": 599.173,
                  "Actual Rows": 1969277,
                  "Actual Loops": 7,
                  "Filter": "(person_id < 1357489)",
                  "Rows Removed by Filter": 3208486
                }
              ]
            }
          ]
        }
      ]
    },
    "Planning Time": 0.09,
    "Triggers": [],
    "Execution Time": 759.837
  }
]