[
    {
        "Bao": {
            "Bao prediction": "NaN",
            "Bao recommended hint": "(no hint)"
        }
    },
    {
        "Plan": {
            "Node Type": "Aggregate",
            "Strategy": "Plain",
            "Partial Mode": "Finalize",
            "Parallel Aware": false,
            "Startup Cost": 31195.98,
            "Total Cost": 31195.99,
            "Plan Rows": 1,
            "Plan Width": 8,
            "Actual Startup Time": 100.587,
            "Actual Total Time": 106.561,
            "Actual Rows": 1,
            "Actual Loops": 1,
            "Output": [
                "count(*)"
            ],
            "Plans": [
                {
                    "Node Type": "Gather",
                    "Parent Relationship": "Outer",
                    "Parallel Aware": false,
                    "Startup Cost": 31195.66,
                    "Total Cost": 31195.97,
                    "Plan Rows": 3,
                    "Plan Width": 8,
                    "Actual Startup Time": 100.487,
                    "Actual Total Time": 106.55,
                    "Actual Rows": 4,
                    "Actual Loops": 1,
                    "Output": [
                        "(PARTIAL count(*))"
                    ],
                    "Workers Planned": 3,
                    "Workers Launched": 3,
                    "Single Copy": false,
                    "Plans": [
                        {
                            "Node Type": "Aggregate",
                            "Strategy": "Plain",
                            "Partial Mode": "Partial",
                            "Parent Relationship": "Outer",
                            "Parallel Aware": false,
                            "Startup Cost": 30195.66,
                            "Total Cost": 30195.67,
                            "Plan Rows": 1,
                            "Plan Width": 8,
                            "Actual Startup Time": 92.506,
                            "Actual Total Time": 92.507,
                            "Actual Rows": 1,
                            "Actual Loops": 4,
                            "Output": [
                                "PARTIAL count(*)"
                            ],
                            "Workers": [
                                {
                                    "Worker Number": 0,
                                    "Actual Startup Time": 89.749,
                                    "Actual Total Time": 89.75,
                                    "Actual Rows": 1,
                                    "Actual Loops": 1
                                },
                                {
                                    "Worker Number": 1,
                                    "Actual Startup Time": 89.901,
                                    "Actual Total Time": 89.902,
                                    "Actual Rows": 1,
                                    "Actual Loops": 1
                                },
                                {
                                    "Worker Number": 2,
                                    "Actual Startup Time": 90.348,
                                    "Actual Total Time": 90.349,
                                    "Actual Rows": 1,
                                    "Actual Loops": 1
                                }
                            ],
                            "Plans": [
                                {
                                    "Node Type": "Seq Scan",
                                    "Parent Relationship": "Outer",
                                    "Parallel Aware": true,
                                    "Relation Name": "movie_companies",
                                    "Schema": "public",
                                    "Alias": "mc",
                                    "Startup Cost": 0.0,
                                    "Total Cost": 29310.68,
                                    "Plan Rows": 353991,
                                    "Plan Width": 0,
                                    "Actual Startup Time": 20.282,
                                    "Actual Total Time": 79.347,
                                    "Actual Rows": 276704,
                                    "Actual Loops": 4,
                                    "Output": [
                                        "id",
                                        "movie_id",
                                        "company_id",
                                        "company_type_id",
                                        "note"
                                    ],
                                    "Filter": "(mc.company_id > 14031)",
                                    "Rows Removed by Filter": 375578,
                                    "Workers": [
                                        {
                                            "Worker Number": 0,
                                            "Actual Startup Time": 17.535,
                                            "Actual Total Time": 76.697,
                                            "Actual Rows": 282030,
                                            "Actual Loops": 1
                                        },
                                        {
                                            "Worker Number": 1,
                                            "Actual Startup Time": 17.659,
                                            "Actual Total Time": 77.198,
                                            "Actual Rows": 180933,
                                            "Actual Loops": 1
                                        },
                                        {
                                            "Worker Number": 2,
                                            "Actual Startup Time": 18.141,
                                            "Actual Total Time": 77.39,
                                            "Actual Rows": 280201,
                                            "Actual Loops": 1
                                        }
                                    ]
                                }
                            ]
                        }
                    ]
                }
            ]
        },
        "Planning Time": 228.782,
        "Triggers": [],
        "Execution Time": 106.651
    }
]