[
  {
    "Plan": {
      "Node Type": "Aggregate",
      "Strategy": "Plain",
      "Partial Mode": "Finalize",
      "Parallel Aware": false,
      "Startup Cost": 77901.25,
      "Total Cost": 77901.26,
      "Plan Rows": 1,
      "Plan Width": 8,
      "Actual Startup Time": 427.301,
      "Actual Total Time": 443.956,
      "Actual Rows": 1,
      "Actual Loops": 1,
      "Plans": [
        {
          "Node Type": "Gather",
          "Parent Relationship": "Outer",
          "Parallel Aware": false,
          "Startup Cost": 77900.94,
          "Total Cost": 77901.25,
          "Plan Rows": 3,
          "Plan Width": 8,
          "Actual Startup Time": 419.184,
          "Actual Total Time": 443.947,
          "Actual Rows": 4,
          "Actual Loops": 1,
          "Workers Planned": 3,
          "Workers Launched": 3,
          "Single Copy": false,
          "Plans": [
            {
              "Node Type": "Aggregate",
              "Strategy": "Plain",
              "Partial Mode": "Partial",
              "Parent Relationship": "Outer",
              "Parallel Aware": false,
              "Startup Cost": 76900.94,
              "Total Cost": 76900.95,
              "Plan Rows": 1,
              "Plan Width": 8,
              "Actual Startup Time": 401.164,
              "Actual Total Time": 401.168,
              "Actual Rows": 1,
              "Actual Loops": 4,
              "Plans": [
                {
                  "Node Type": "Hash Join",
                  "Parent Relationship": "Outer",
                  "Parallel Aware": true,
                  "Join Type": "Inner",
                  "Startup Cost": 51976.86,
                  "Total Cost": 76834.26,
                  "Plan Rows": 26671,
                  "Plan Width": 0,
                  "Actual Startup Time": 352.416,
                  "Actual Total Time": 399.915,
                  "Actual Rows": 22247,
                  "Actual Loops": 4,
                  "Inner Unique": true,
                  "Hash Cond": "(mk.movie_id = t.id)",
                  "Plans": [
                    {
                      "Node Type": "Bitmap Heap Scan",
                      "Parent Relationship": "Outer",
                      "Parallel Aware": true,
                      "Relation Name": "movie_keyword",
                      "Alias": "mk",
                      "Startup Cost": 1757.21,
                      "Total Cost": 26544.6,
                      "Plan Rows": 26671,
                      "Plan Width": 4,
                      "Actual Startup Time": 9.555,
                      "Actual Total Time": 40.494,
                      "Actual Rows": 22247,
                      "Actual Loops": 4,
                      "Recheck Cond": "(keyword_id < 76)",
                      "Rows Removed by Index Recheck": 0,
                      "Exact Heap Blocks": 8526,
                      "Lossy Heap Blocks": 0,
                      "Plans": [
                        {
                          "Node Type": "Bitmap Index Scan",
                          "Parent Relationship": "Outer",
                          "Parallel Aware": false,
                          "Index Name": "keyword_id_movie_keyword",
                          "Startup Cost": 0.0,
                          "Total Cost": 1736.54,
                          "Plan Rows": 82681,
                          "Plan Width": 0,
                          "Actual Startup Time": 6.336,
                          "Actual Total Time": 6.337,
                          "Actual Rows": 88988,
                          "Actual Loops": 1,
                          "Index Cond": "(keyword_id < 76)"
                        }
                      ]
                    },
                    {
                      "Node Type": "Hash",
                      "Parent Relationship": "Inner",
                      "Parallel Aware": true,
                      "Startup Cost": 42318.73,
                      "Total Cost": 42318.73,
                      "Plan Rows": 632073,
                      "Plan Width": 4,
                      "Actual Startup Time": 331.935,
                      "Actual Total Time": 331.936,
                      "Actual Rows": 632078,
                      "Actual Loops": 4,
                      "Hash Buckets": 4194304,
                      "Original Hash Buckets": 4194304,
                      "Hash Batches": 1,
                      "Original Hash Batches": 1,
                      "Peak Memory Usage": 131744,
                      "Plans": [
                        {
                          "Node Type": "Seq Scan",
                          "Parent Relationship": "Outer",
                          "Parallel Aware": true,
                          "Relation Name": "title",
                          "Alias": "t",
                          "Startup Cost": 0.0,
                          "Total Cost": 42318.73,
                          "Plan Rows": 632073,
                          "Plan Width": 4,
                          "Actual Startup Time": 0.031,
                          "Actual Total Time": 98.946,
                          "Actual Rows": 632078,
                          "Actual Loops": 4
                        }
                      ]
                    }
                  ]
                }
              ]
            }
          ]
        }
      ]
    },
    "Planning Time": 0.626,
    "Triggers": [],
    "Execution Time": 444.042
  }
]