[
    {
        "Bao": {
            "Bao prediction": "NaN",
            "Bao recommended hint": "(no hint)"
        }
    },
    {
        "Plan": {
            "Node Type": "Aggregate",
            "Strategy": "Plain",
            "Partial Mode": "Simple",
            "Parallel Aware": false,
            "Startup Cost": 22183.53,
            "Total Cost": 22183.54,
            "Plan Rows": 1,
            "Plan Width": 8,
            "Actual Startup Time": 26.155,
            "Actual Total Time": 26.156,
            "Actual Rows": 1,
            "Actual Loops": 1,
            "Output": [
                "count(*)"
            ],
            "Plans": [
                {
                    "Node Type": "Bitmap Heap Scan",
                    "Parent Relationship": "Outer",
                    "Parallel Aware": false,
                    "Relation Name": "movie_companies",
                    "Schema": "public",
                    "Alias": "mc",
                    "Startup Cost": 2005.55,
                    "Total Cost": 21952.2,
                    "Plan Rows": 92532,
                    "Plan Width": 0,
                    "Actual Startup Time": 5.609,
                    "Actual Total Time": 21.927,
                    "Actual Rows": 94498,
                    "Actual Loops": 1,
                    "Recheck Cond": "(mc.company_id > 160904)",
                    "Rows Removed by Index Recheck": 0,
                    "Exact Heap Blocks": 3042,
                    "Lossy Heap Blocks": 0,
                    "Plans": [
                        {
                            "Node Type": "Bitmap Index Scan",
                            "Parent Relationship": "Outer",
                            "Parallel Aware": false,
                            "Index Name": "company_id_movie_companies",
                            "Startup Cost": 0.0,
                            "Total Cost": 1982.42,
                            "Plan Rows": 92532,
                            "Plan Width": 0,
                            "Actual Startup Time": 5.2,
                            "Actual Total Time": 5.201,
                            "Actual Rows": 94498,
                            "Actual Loops": 1,
                            "Index Cond": "(mc.company_id > 160904)"
                        }
                    ]
                }
            ]
        },
        "Planning Time": 179.465,
        "Triggers": [],
        "Execution Time": 26.2
    }
]