[
    {
        "Bao": {
            "Bao prediction": 1829.474,
            "Bao recommended hint": "(no hint)"
        }
    },
    {
        "Plan": {
            "Node Type": "Aggregate",
            "Strategy": "Plain",
            "Partial Mode": "Simple",
            "Parallel Aware": false,
            "Startup Cost": 31222.87,
            "Total Cost": 31222.88,
            "Plan Rows": 1,
            "Plan Width": 96,
            "Actual Startup Time": 3209.944,
            "Actual Total Time": 3534.145,
            "Actual Rows": 1,
            "Actual Loops": 1,
            "Output": [
                "min(mi.info)",
                "min(mi_idx.info)",
                "min(t.title)"
            ],
            "Plans": [
                {
                    "Node Type": "Nested Loop",
                    "Parent Relationship": "Outer",
                    "Parallel Aware": false,
                    "Join Type": "Inner",
                    "Startup Cost": 1006.71,
                    "Total Cost": 31222.87,
                    "Plan Rows": 1,
                    "Plan Width": 65,
                    "Actual Startup Time": 2614.881,
                    "Actual Total Time": 3534.102,
                    "Actual Rows": 25,
                    "Actual Loops": 1,
                    "Output": [
                        "mi.info",
                        "mi_idx.info",
                        "t.title"
                    ],
                    "Inner Unique": true,
                    "Plans": [
                        {
                            "Node Type": "Gather",
                            "Parent Relationship": "Outer",
                            "Parallel Aware": false,
                            "Startup Cost": 1006.28,
                            "Total Cost": 31222.41,
                            "Plan Rows": 1,
                            "Plan Width": 60,
                            "Actual Startup Time": 2614.835,
                            "Actual Total Time": 3533.613,
                            "Actual Rows": 25,
                            "Actual Loops": 1,
                            "Output": [
                                "ci.movie_id",
                                "mi.info",
                                "mi.movie_id",
                                "mi_idx.info",
                                "mi_idx.movie_id"
                            ],
                            "Workers Planned": 2,
                            "Workers Launched": 2,
                            "Single Copy": false,
                            "Plans": [
                                {
                                    "Node Type": "Nested Loop",
                                    "Parent Relationship": "Outer",
                                    "Parallel Aware": false,
                                    "Join Type": "Inner",
                                    "Startup Cost": 6.28,
                                    "Total Cost": 30222.31,
                                    "Plan Rows": 1,
                                    "Plan Width": 60,
                                    "Actual Startup Time": 1304.739,
                                    "Actual Total Time": 3200.046,
                                    "Actual Rows": 8,
                                    "Actual Loops": 3,
                                    "Output": [
                                        "ci.movie_id",
                                        "mi.info",
                                        "mi.movie_id",
                                        "mi_idx.info",
                                        "mi_idx.movie_id"
                                    ],
                                    "Inner Unique": true,
                                    "Workers": [
                                        {
                                            "Worker Number": 0,
                                            "Actual Startup Time": 159.665,
                                            "Actual Total Time": 3196.288,
                                            "Actual Rows": 11,
                                            "Actual Loops": 1
                                        },
                                        {
                                            "Worker Number": 1,
                                            "Actual Startup Time": 1141.332,
                                            "Actual Total Time": 3196.181,
                                            "Actual Rows": 10,
                                            "Actual Loops": 1
                                        }
                                    ],
                                    "Plans": [
                                        {
                                            "Node Type": "Nested Loop",
                                            "Parent Relationship": "Outer",
                                            "Parallel Aware": false,
                                            "Join Type": "Inner",
                                            "Startup Cost": 5.85,
                                            "Total Cost": 28917.03,
                                            "Plan Rows": 1985,
                                            "Plan Width": 64,
                                            "Actual Startup Time": 20.984,
                                            "Actual Total Time": 3108.75,
                                            "Actual Rows": 8852,
                                            "Actual Loops": 3,
                                            "Output": [
                                                "ci.movie_id",
                                                "ci.person_id",
                                                "mi.info",
                                                "mi.movie_id",
                                                "mi_idx.info",
                                                "mi_idx.movie_id"
                                            ],
                                            "Inner Unique": false,
                                            "Workers": [
                                                {
                                                    "Worker Number": 0,
                                                    "Actual Startup Time": 7.706,
                                                    "Actual Total Time": 3106.364,
                                                    "Actual Rows": 8625,
                                                    "Actual Loops": 1
                                                },
                                                {
                                                    "Worker Number": 1,
                                                    "Actual Startup Time": 20.359,
                                                    "Actual Total Time": 3107.494,
                                                    "Actual Rows": 8999,
                                                    "Actual Loops": 1
                                                }
                                            ],
                                            "Plans": [
                                                {
                                                    "Node Type": "Hash Join",
                                                    "Parent Relationship": "Outer",
                                                    "Parallel Aware": false,
                                                    "Join Type": "Inner",
                                                    "Startup Cost": 5.29,
                                                    "Total Cost": 26856.72,
                                                    "Plan Rows": 1495,
                                                    "Plan Width": 56,
                                                    "Actual Startup Time": 2.571,
                                                    "Actual Total Time": 1999.278,
                                                    "Actual Rows": 15144,
                                                    "Actual Loops": 3,
                                                    "Output": [
                                                        "mi.info",
                                                        "mi.movie_id",
                                                        "mi_idx.info",
                                                        "mi_idx.movie_id"
                                                    ],
                                                    "Inner Unique": true,
                                                    "Hash Cond": "(mi.info_type_id = it1.id)",
                                                    "Workers": [
                                                        {
                                                            "Worker Number": 0,
                                                            "Actual Startup Time": 2.129,
                                                            "Actual Total Time": 1979.959,
                                                            "Actual Rows": 15247,
                                                            "Actual Loops": 1
                                                        },
                                                        {
                                                            "Worker Number": 1,
                                                            "Actual Startup Time": 4.783,
                                                            "Actual Total Time": 2018.01,
                                                            "Actual Rows": 15460,
                                                            "Actual Loops": 1
                                                        }
                                                    ],
                                                    "Plans": [
                                                        {
                                                            "Node Type": "Nested Loop",
                                                            "Parent Relationship": "Outer",
                                                            "Parallel Aware": false,
                                                            "Join Type": "Inner",
                                                            "Startup Cost": 2.86,
                                                            "Total Cost": 26394.04,
                                                            "Plan Rows": 168994,
                                                            "Plan Width": 60,
                                                            "Actual Startup Time": 0.407,
                                                            "Actual Total Time": 1823.612,
                                                            "Actual Rows": 2310111,
                                                            "Actual Loops": 3,
                                                            "Output": [
                                                                "mi_idx.info",
                                                                "mi_idx.movie_id",
                                                                "mi.info",
                                                                "mi.movie_id",
                                                                "mi.info_type_id"
                                                            ],
                                                            "Inner Unique": false,
                                                            "Workers": [
                                                                {
                                                                    "Worker Number": 0,
                                                                    "Actual Startup Time": 0.481,
                                                                    "Actual Total Time": 1805.831,
                                                                    "Actual Rows": 2332999,
                                                                    "Actual Loops": 1
                                                                },
                                                                {
                                                                    "Worker Number": 1,
                                                                    "Actual Startup Time": 0.493,
                                                                    "Actual Total Time": 1845.889,
                                                                    "Actual Rows": 2331881,
                                                                    "Actual Loops": 1
                                                                }
                                                            ],
                                                            "Plans": [
                                                                {
                                                                    "Node Type": "Hash Join",
                                                                    "Parent Relationship": "Outer",
                                                                    "Parallel Aware": false,
                                                                    "Join Type": "Inner",
                                                                    "Startup Cost": 2.43,
                                                                    "Total Cost": 15253.6,
                                                                    "Plan Rows": 5089,
                                                                    "Plan Width": 9,
                                                                    "Actual Startup Time": 0.162,
                                                                    "Actual Total Time": 126.046,
                                                                    "Actual Rows": 153308,
                                                                    "Actual Loops": 3,
                                                                    "Output": [
                                                                        "mi_idx.info",
                                                                        "mi_idx.movie_id"
                                                                    ],
                                                                    "Inner Unique": true,
                                                                    "Hash Cond": "(mi_idx.info_type_id = it2.id)",
                                                                    "Workers": [
                                                                        {
                                                                            "Worker Number": 0,
                                                                            "Actual Startup Time": 0.159,
                                                                            "Actual Total Time": 125.35,
                                                                            "Actual Rows": 154147,
                                                                            "Actual Loops": 1
                                                                        },
                                                                        {
                                                                            "Worker Number": 1,
                                                                            "Actual Startup Time": 0.198,
                                                                            "Actual Total Time": 125.497,
                                                                            "Actual Rows": 153813,
                                                                            "Actual Loops": 1
                                                                        }
                                                                    ],
                                                                    "Plans": [
                                                                        {
                                                                            "Node Type": "Seq Scan",
                                                                            "Parent Relationship": "Outer",
                                                                            "Parallel Aware": true,
                                                                            "Relation Name": "movie_info_idx",
                                                                            "Schema": "public",
                                                                            "Alias": "mi_idx",
                                                                            "Startup Cost": 0.0,
                                                                            "Total Cost": 13685.15,
                                                                            "Plan Rows": 575015,
                                                                            "Plan Width": 13,
                                                                            "Actual Startup Time": 0.048,
                                                                            "Actual Total Time": 52.903,
                                                                            "Actual Rows": 460012,
                                                                            "Actual Loops": 3,
                                                                            "Output": [
                                                                                "mi_idx.id",
                                                                                "mi_idx.movie_id",
                                                                                "mi_idx.info_type_id",
                                                                                "mi_idx.info",
                                                                                "mi_idx.note"
                                                                            ],
                                                                            "Workers": [
                                                                                {
                                                                                    "Worker Number": 0,
                                                                                    "Actual Startup Time": 0.056,
                                                                                    "Actual Total Time": 52.013,
                                                                                    "Actual Rows": 462469,
                                                                                    "Actual Loops": 1
                                                                                },
                                                                                {
                                                                                    "Worker Number": 1,
                                                                                    "Actual Startup Time": 0.07,
                                                                                    "Actual Total Time": 52.546,
                                                                                    "Actual Rows": 461593,
                                                                                    "Actual Loops": 1
                                                                                }
                                                                            ]
                                                                        },
                                                                        {
                                                                            "Node Type": "Hash",
                                                                            "Parent Relationship": "Inner",
                                                                            "Parallel Aware": false,
                                                                            "Startup Cost": 2.41,
                                                                            "Total Cost": 2.41,
                                                                            "Plan Rows": 1,
                                                                            "Plan Width": 4,
                                                                            "Actual Startup Time": 0.051,
                                                                            "Actual Total Time": 0.052,
                                                                            "Actual Rows": 1,
                                                                            "Actual Loops": 3,
                                                                            "Output": [
                                                                                "it2.id"
                                                                            ],
                                                                            "Hash Buckets": 1024,
                                                                            "Original Hash Buckets": 1024,
                                                                            "Hash Batches": 1,
                                                                            "Original Hash Batches": 1,
                                                                            "Peak Memory Usage": 9,
                                                                            "Workers": [
                                                                                {
                                                                                    "Worker Number": 0,
                                                                                    "Actual Startup Time": 0.046,
                                                                                    "Actual Total Time": 0.047,
                                                                                    "Actual Rows": 1,
                                                                                    "Actual Loops": 1
                                                                                },
                                                                                {
                                                                                    "Worker Number": 1,
                                                                                    "Actual Startup Time": 0.057,
                                                                                    "Actual Total Time": 0.057,
                                                                                    "Actual Rows": 1,
                                                                                    "Actual Loops": 1
                                                                                }
                                                                            ],
                                                                            "Plans": [
                                                                                {
                                                                                    "Node Type": "Seq Scan",
                                                                                    "Parent Relationship": "Outer",
                                                                                    "Parallel Aware": false,
                                                                                    "Relation Name": "info_type",
                                                                                    "Schema": "public",
                                                                                    "Alias": "it2",
                                                                                    "Startup Cost": 0.0,
                                                                                    "Total Cost": 2.41,
                                                                                    "Plan Rows": 1,
                                                                                    "Plan Width": 4,
                                                                                    "Actual Startup Time": 0.031,
                                                                                    "Actual Total Time": 0.036,
                                                                                    "Actual Rows": 1,
                                                                                    "Actual Loops": 3,
                                                                                    "Output": [
                                                                                        "it2.id"
                                                                                    ],
                                                                                    "Filter": "((it2.info)::text = 'votes'::text)",
                                                                                    "Rows Removed by Filter": 112,
                                                                                    "Workers": [
                                                                                        {
                                                                                            "Worker Number": 0,
                                                                                            "Actual Startup Time": 0.027,
                                                                                            "Actual Total Time": 0.031,
                                                                                            "Actual Rows": 1,
                                                                                            "Actual Loops": 1
                                                                                        },
                                                                                        {
                                                                                            "Worker Number": 1,
                                                                                            "Actual Startup Time": 0.033,
                                                                                            "Actual Total Time": 0.038,
                                                                                            "Actual Rows": 1,
                                                                                            "Actual Loops": 1
                                                                                        }
                                                                                    ]
                                                                                }
                                                                            ]
                                                                        }
                                                                    ]
                                                                },
                                                                {
                                                                    "Node Type": "Index Scan",
                                                                    "Parent Relationship": "Inner",
                                                                    "Parallel Aware": false,
                                                                    "Scan Direction": "Forward",
                                                                    "Index Name": "movie_id_movie_info",
                                                                    "Relation Name": "movie_info",
                                                                    "Schema": "public",
                                                                    "Alias": "mi",
                                                                    "Startup Cost": 0.43,
                                                                    "Total Cost": 1.78,
                                                                    "Plan Rows": 41,
                                                                    "Plan Width": 51,
                                                                    "Actual Startup Time": 0.003,
                                                                    "Actual Total Time": 0.009,
                                                                    "Actual Rows": 15,
                                                                    "Actual Loops": 459925,
                                                                    "Output": [
                                                                        "mi.id",
                                                                        "mi.movie_id",
                                                                        "mi.info_type_id",
                                                                        "mi.info",
                                                                        "mi.note"
                                                                    ],
                                                                    "Index Cond": "(mi.movie_id = mi_idx.movie_id)",
                                                                    "Rows Removed by Index Recheck": 0,
                                                                    "Workers": [
                                                                        {
                                                                            "Worker Number": 0,
                                                                            "Actual Startup Time": 0.003,
                                                                            "Actual Total Time": 0.009,
                                                                            "Actual Rows": 15,
                                                                            "Actual Loops": 154147
                                                                        },
                                                                        {
                                                                            "Worker Number": 1,
                                                                            "Actual Startup Time": 0.003,
                                                                            "Actual Total Time": 0.009,
                                                                            "Actual Rows": 15,
                                                                            "Actual Loops": 153813
                                                                        }
                                                                    ]
                                                                }
                                                            ]
                                                        },
                                                        {
                                                            "Node Type": "Hash",
                                                            "Parent Relationship": "Inner",
                                                            "Parallel Aware": false,
                                                            "Startup Cost": 2.41,
                                                            "Total Cost": 2.41,
                                                            "Plan Rows": 1,
                                                            "Plan Width": 4,
                                                            "Actual Startup Time": 0.097,
                                                            "Actual Total Time": 0.097,
                                                            "Actual Rows": 1,
                                                            "Actual Loops": 3,
                                                            "Output": [
                                                                "it1.id"
                                                            ],
                                                            "Hash Buckets": 1024,
                                                            "Original Hash Buckets": 1024,
                                                            "Hash Batches": 1,
                                                            "Original Hash Batches": 1,
                                                            "Peak Memory Usage": 9,
                                                            "Workers": [
                                                                {
                                                                    "Worker Number": 0,
                                                                    "Actual Startup Time": 0.093,
                                                                    "Actual Total Time": 0.093,
                                                                    "Actual Rows": 1,
                                                                    "Actual Loops": 1
                                                                },
                                                                {
                                                                    "Worker Number": 1,
                                                                    "Actual Startup Time": 0.118,
                                                                    "Actual Total Time": 0.119,
                                                                    "Actual Rows": 1,
                                                                    "Actual Loops": 1
                                                                }
                                                            ],
                                                            "Plans": [
                                                                {
                                                                    "Node Type": "Seq Scan",
                                                                    "Parent Relationship": "Outer",
                                                                    "Parallel Aware": false,
                                                                    "Relation Name": "info_type",
                                                                    "Schema": "public",
                                                                    "Alias": "it1",
                                                                    "Startup Cost": 0.0,
                                                                    "Total Cost": 2.41,
                                                                    "Plan Rows": 1,
                                                                    "Plan Width": 4,
                                                                    "Actual Startup Time": 0.07,
                                                                    "Actual Total Time": 0.075,
                                                                    "Actual Rows": 1,
                                                                    "Actual Loops": 3,
                                                                    "Output": [
                                                                        "it1.id"
                                                                    ],
                                                                    "Filter": "((it1.info)::text = 'budget'::text)",
                                                                    "Rows Removed by Filter": 112,
                                                                    "Workers": [
                                                                        {
                                                                            "Worker Number": 0,
                                                                            "Actual Startup Time": 0.07,
                                                                            "Actual Total Time": 0.074,
                                                                            "Actual Rows": 1,
                                                                            "Actual Loops": 1
                                                                        },
                                                                        {
                                                                            "Worker Number": 1,
                                                                            "Actual Startup Time": 0.09,
                                                                            "Actual Total Time": 0.094,
                                                                            "Actual Rows": 1,
                                                                            "Actual Loops": 1
                                                                        }
                                                                    ]
                                                                }
                                                            ]
                                                        }
                                                    ]
                                                },
                                                {
                                                    "Node Type": "Index Scan",
                                                    "Parent Relationship": "Inner",
                                                    "Parallel Aware": false,
                                                    "Scan Direction": "Forward",
                                                    "Index Name": "movie_id_cast_info",
                                                    "Relation Name": "cast_info",
                                                    "Schema": "public",
                                                    "Alias": "ci",
                                                    "Startup Cost": 0.56,
                                                    "Total Cost": 1.37,
                                                    "Plan Rows": 1,
                                                    "Plan Width": 8,
                                                    "Actual Startup Time": 0.064,
                                                    "Actual Total Time": 0.073,
                                                    "Actual Rows": 1,
                                                    "Actual Loops": 45431,
                                                    "Output": [
                                                        "ci.id",
                                                        "ci.person_id",
                                                        "ci.movie_id",
                                                        "ci.person_role_id",
                                                        "ci.note",
                                                        "ci.nr_order",
                                                        "ci.role_id"
                                                    ],
                                                    "Index Cond": "(ci.movie_id = mi.movie_id)",
                                                    "Rows Removed by Index Recheck": 0,
                                                    "Filter": "(ci.note = ANY ('{(voice),(writer)}'::text[]))",
                                                    "Rows Removed by Filter": 40,
                                                    "Workers": [
                                                        {
                                                            "Worker Number": 0,
                                                            "Actual Startup Time": 0.065,
                                                            "Actual Total Time": 0.073,
                                                            "Actual Rows": 1,
                                                            "Actual Loops": 15247
                                                        },
                                                        {
                                                            "Worker Number": 1,
                                                            "Actual Startup Time": 0.062,
                                                            "Actual Total Time": 0.07,
                                                            "Actual Rows": 1,
                                                            "Actual Loops": 15460
                                                        }
                                                    ]
                                                }
                                            ]
                                        },
                                        {
                                            "Node Type": "Index Scan",
                                            "Parent Relationship": "Inner",
                                            "Parallel Aware": false,
                                            "Scan Direction": "Forward",
                                            "Index Name": "name_pkey",
                                            "Relation Name": "name",
                                            "Schema": "public",
                                            "Alias": "n",
                                            "Startup Cost": 0.43,
                                            "Total Cost": 0.66,
                                            "Plan Rows": 1,
                                            "Plan Width": 4,
                                            "Actual Startup Time": 0.01,
                                            "Actual Total Time": 0.01,
                                            "Actual Rows": 0,
                                            "Actual Loops": 26556,
                                            "Output": [
                                                "n.id",
                                                "n.name",
                                                "n.imdb_index",
                                                "n.imdb_id",
                                                "n.gender",
                                                "n.name_pcode_cf",
                                                "n.name_pcode_nf",
                                                "n.surname_pcode",
                                                "n.md5sum"
                                            ],
                                            "Index Cond": "(n.id = ci.person_id)",
                                            "Rows Removed by Index Recheck": 0,
                                            "Filter": "((n.name ~~ '%Smith,%'::text) AND ((n.gender)::text = 'f'::text))",
                                            "Rows Removed by Filter": 1,
                                            "Workers": [
                                                {
                                                    "Worker Number": 0,
                                                    "Actual Startup Time": 0.01,
                                                    "Actual Total Time": 0.01,
                                                    "Actual Rows": 0,
                                                    "Actual Loops": 8625
                                                },
                                                {
                                                    "Worker Number": 1,
                                                    "Actual Startup Time": 0.009,
                                                    "Actual Total Time": 0.009,
                                                    "Actual Rows": 0,
                                                    "Actual Loops": 8999
                                                }
                                            ]
                                        }
                                    ]
                                }
                            ]
                        },
                        {
                            "Node Type": "Index Scan",
                            "Parent Relationship": "Inner",
                            "Parallel Aware": false,
                            "Scan Direction": "Forward",
                            "Index Name": "title_pkey",
                            "Relation Name": "title",
                            "Schema": "public",
                            "Alias": "t",
                            "Startup Cost": 0.43,
                            "Total Cost": 0.46,
                            "Plan Rows": 1,
                            "Plan Width": 21,
                            "Actual Startup Time": 0.018,
                            "Actual Total Time": 0.018,
                            "Actual Rows": 1,
                            "Actual Loops": 25,
                            "Output": [
                                "t.id",
                                "t.title",
                                "t.imdb_index",
                                "t.kind_id",
                                "t.production_year",
                                "t.imdb_id",
                                "t.phonetic_code",
                                "t.episode_of_id",
                                "t.season_nr",
                                "t.episode_nr",
                                "t.series_years",
                                "t.md5sum"
                            ],
                            "Index Cond": "(t.id = mi.movie_id)",
                            "Rows Removed by Index Recheck": 0
                        }
                    ]
                }
            ]
        },
        "Planning Time": 2040.083,
        "Triggers": [],
        "Execution Time": 3535.039
    }
]