{
    "Plan": {
        "Node Type": "Aggregate",
        "Strategy": "Plain",
        "Partial Mode": "Finalize",
        "Parallel Aware": false,
        "Startup Cost": 417177.04,
        "Total Cost": 417177.05,
        "Plan Rows": 1,
        "Plan Width": 8,
        "Actual Startup Time": 1388.428,
        "Actual Total Time": 1442.21,
        "Actual Rows": 1,
        "Actual Loops": 1,
        "Output": [
            "count(*)"
        ],
        "Plans": [
            {
                "Node Type": "Gather",
                "Parent Relationship": "Outer",
                "Parallel Aware": false,
                "Startup Cost": 417176.41,
                "Total Cost": 417177.02,
                "Plan Rows": 6,
                "Plan Width": 8,
                "Actual Startup Time": 1375.7,
                "Actual Total Time": 1442.193,
                "Actual Rows": 7,
                "Actual Loops": 1,
                "Output": [
                    "(PARTIAL count(*))"
                ],
                "Workers Planned": 6,
                "Workers Launched": 6,
                "Single Copy": false,
                "Plans": [
                    {
                        "Node Type": "Aggregate",
                        "Strategy": "Plain",
                        "Partial Mode": "Partial",
                        "Parent Relationship": "Outer",
                        "Parallel Aware": false,
                        "Startup Cost": 416176.41,
                        "Total Cost": 416176.42,
                        "Plan Rows": 1,
                        "Plan Width": 8,
                        "Actual Startup Time": 1363.681,
                        "Actual Total Time": 1363.929,
                        "Actual Rows": 1,
                        "Actual Loops": 7,
                        "Output": [
                            "PARTIAL count(*)"
                        ],
                        "Workers": [
                            {
                                "Worker Number": 0,
                                "Actual Startup Time": 1361.632,
                                "Actual Total Time": 1361.637,
                                "Actual Rows": 1,
                                "Actual Loops": 1
                            },
                            {
                                "Worker Number": 1,
                                "Actual Startup Time": 1362.585,
                                "Actual Total Time": 1362.589,
                                "Actual Rows": 1,
                                "Actual Loops": 1
                            },
                            {
                                "Worker Number": 2,
                                "Actual Startup Time": 1361.636,
                                "Actual Total Time": 1361.642,
                                "Actual Rows": 1,
                                "Actual Loops": 1
                            },
                            {
                                "Worker Number": 3,
                                "Actual Startup Time": 1361.738,
                                "Actual Total Time": 1361.743,
                                "Actual Rows": 1,
                                "Actual Loops": 1
                            },
                            {
                                "Worker Number": 4,
                                "Actual Startup Time": 1361.811,
                                "Actual Total Time": 1361.815,
                                "Actual Rows": 1,
                                "Actual Loops": 1
                            },
                            {
                                "Worker Number": 5,
                                "Actual Startup Time": 1361.702,
                                "Actual Total Time": 1361.708,
                                "Actual Rows": 1,
                                "Actual Loops": 1
                            }
                        ],
                        "Plans": [
                            {
                                "Node Type": "Hash Join",
                                "Parent Relationship": "Outer",
                                "Parallel Aware": true,
                                "Join Type": "Inner",
                                "Startup Cost": 68448.64,
                                "Total Cost": 415455.62,
                                "Plan Rows": 288319,
                                "Plan Width": 0,
                                "Actual Startup Time": 703.42,
                                "Actual Total Time": 1325.151,
                                "Actual Rows": 827744,
                                "Actual Loops": 7,
                                "Inner Unique": false,
                                "Hash Cond": "(ci.movie_id = t.id)",
                                "Workers": [
                                    {
                                        "Worker Number": 0,
                                        "Actual Startup Time": 701.528,
                                        "Actual Total Time": 1320.064,
                                        "Actual Rows": 662492,
                                        "Actual Loops": 1
                                    },
                                    {
                                        "Worker Number": 1,
                                        "Actual Startup Time": 701.494,
                                        "Actual Total Time": 1326.264,
                                        "Actual Rows": 927100,
                                        "Actual Loops": 1
                                    },
                                    {
                                        "Worker Number": 2,
                                        "Actual Startup Time": 701.556,
                                        "Actual Total Time": 1324.998,
                                        "Actual Rows": 583740,
                                        "Actual Loops": 1
                                    },
                                    {
                                        "Worker Number": 3,
                                        "Actual Startup Time": 701.582,
                                        "Actual Total Time": 1324.687,
                                        "Actual Rows": 955694,
                                        "Actual Loops": 1
                                    },
                                    {
                                        "Worker Number": 4,
                                        "Actual Startup Time": 701.683,
                                        "Actual Total Time": 1325.119,
                                        "Actual Rows": 946206,
                                        "Actual Loops": 1
                                    },
                                    {
                                        "Worker Number": 5,
                                        "Actual Startup Time": 701.595,
                                        "Actual Total Time": 1319.86,
                                        "Actual Rows": 666734,
                                        "Actual Loops": 1
                                    }
                                ],
                                "Plans": [
                                    {
                                        "Node Type": "Seq Scan",
                                        "Parent Relationship": "Outer",
                                        "Parallel Aware": true,
                                        "Relation Name": "cast_info",
                                        "Schema": "public",
                                        "Alias": "ci",
                                        "Startup Cost": 0.0,
                                        "Total Cost": 343318.94,
                                        "Plan Rows": 791264,
                                        "Plan Width": 4,
                                        "Actual Startup Time": 370.126,
                                        "Actual Total Time": 629.031,
                                        "Actual Rows": 1042148,
                                        "Actual Loops": 7,
                                        "Output": [
                                            "ci.id",
                                            "ci.person_id",
                                            "ci.movie_id",
                                            "ci.person_role_id",
                                            "ci.note",
                                            "ci.nr_order",
                                            "ci.role_id"
                                        ],
                                        "Filter": "((ci.person_id > 2939798) AND (ci.role_id > 1))",
                                        "Rows Removed by Filter": 4135616,
                                        "Workers": [
                                            {
                                                "Worker Number": 0,
                                                "Actual Startup Time": 370.135,
                                                "Actual Total Time": 643.1,
                                                "Actual Rows": 842972,
                                                "Actual Loops": 1
                                            },
                                            {
                                                "Worker Number": 1,
                                                "Actual Startup Time": 370.232,
                                                "Actual Total Time": 628.745,
                                                "Actual Rows": 1173068,
                                                "Actual Loops": 1
                                            },
                                            {
                                                "Worker Number": 2,
                                                "Actual Startup Time": 370.234,
                                                "Actual Total Time": 623.377,
                                                "Actual Rows": 740694,
                                                "Actual Loops": 1
                                            },
                                            {
                                                "Worker Number": 3,
                                                "Actual Startup Time": 370.064,
                                                "Actual Total Time": 628.437,
                                                "Actual Rows": 1190830,
                                                "Actual Loops": 1
                                            },
                                            {
                                                "Worker Number": 4,
                                                "Actual Startup Time": 370.107,
                                                "Actual Total Time": 626.636,
                                                "Actual Rows": 1189496,
                                                "Actual Loops": 1
                                            },
                                            {
                                                "Worker Number": 5,
                                                "Actual Startup Time": 370.042,
                                                "Actual Total Time": 643.517,
                                                "Actual Rows": 836408,
                                                "Actual Loops": 1
                                            }
                                        ]
                                    },
                                    {
                                        "Node Type": "Hash",
                                        "Parent Relationship": "Inner",
                                        "Parallel Aware": true,
                                        "Startup Cost": 65569.69,
                                        "Total Cost": 65569.69,
                                        "Plan Rows": 230316,
                                        "Plan Width": 8,
                                        "Actual Startup Time": 329.668,
                                        "Actual Total Time": 329.914,
                                        "Actual Rows": 131407,
                                        "Actual Loops": 7,
                                        "Output": [
                                            "t.id",
                                            "mi_idx.movie_id"
                                        ],
                                        "Hash Buckets": 1048576,
                                        "Original Hash Buckets": 1048576,
                                        "Hash Batches": 1,
                                        "Original Hash Batches": 1,
                                        "Peak Memory Usage": 44256,
                                        "Workers": [
                                            {
                                                "Worker Number": 0,
                                                "Actual Startup Time": 330.546,
                                                "Actual Total Time": 330.55,
                                                "Actual Rows": 109388,
                                                "Actual Loops": 1
                                            },
                                            {
                                                "Worker Number": 1,
                                                "Actual Startup Time": 330.555,
                                                "Actual Total Time": 330.558,
                                                "Actual Rows": 145714,
                                                "Actual Loops": 1
                                            },
                                            {
                                                "Worker Number": 2,
                                                "Actual Startup Time": 330.664,
                                                "Actual Total Time": 330.668,
                                                "Actual Rows": 94468,
                                                "Actual Loops": 1
                                            },
                                            {
                                                "Worker Number": 3,
                                                "Actual Startup Time": 330.663,
                                                "Actual Total Time": 330.666,
                                                "Actual Rows": 148828,
                                                "Actual Loops": 1
                                            },
                                            {
                                                "Worker Number": 4,
                                                "Actual Startup Time": 330.788,
                                                "Actual Total Time": 330.791,
                                                "Actual Rows": 147134,
                                                "Actual Loops": 1
                                            },
                                            {
                                                "Worker Number": 5,
                                                "Actual Startup Time": 330.678,
                                                "Actual Total Time": 330.682,
                                                "Actual Rows": 108334,
                                                "Actual Loops": 1
                                            }
                                        ],
                                        "Plans": [
                                            {
                                                "Node Type": "Hash Join",
                                                "Parent Relationship": "Outer",
                                                "Parallel Aware": true,
                                                "Join Type": "Inner",
                                                "Startup Cost": 19920.93,
                                                "Total Cost": 65569.69,
                                                "Plan Rows": 230316,
                                                "Plan Width": 8,
                                                "Actual Startup Time": 99.594,
                                                "Actual Total Time": 279.993,
                                                "Actual Rows": 131407,
                                                "Actual Loops": 7,
                                                "Output": [
                                                    "t.id",
                                                    "mi_idx.movie_id"
                                                ],
                                                "Inner Unique": false,
                                                "Hash Cond": "(t.id = mi_idx.movie_id)",
                                                "Workers": [
                                                    {
                                                        "Worker Number": 0,
                                                        "Actual Startup Time": 99.604,
                                                        "Actual Total Time": 280.242,
                                                        "Actual Rows": 109388,
                                                        "Actual Loops": 1
                                                    },
                                                    {
                                                        "Worker Number": 1,
                                                        "Actual Startup Time": 99.564,
                                                        "Actual Total Time": 279.942,
                                                        "Actual Rows": 145714,
                                                        "Actual Loops": 1
                                                    },
                                                    {
                                                        "Worker Number": 2,
                                                        "Actual Startup Time": 99.594,
                                                        "Actual Total Time": 283.244,
                                                        "Actual Rows": 94468,
                                                        "Actual Loops": 1
                                                    },
                                                    {
                                                        "Worker Number": 3,
                                                        "Actual Startup Time": 99.609,
                                                        "Actual Total Time": 279.691,
                                                        "Actual Rows": 148828,
                                                        "Actual Loops": 1
                                                    },
                                                    {
                                                        "Worker Number": 4,
                                                        "Actual Startup Time": 99.598,
                                                        "Actual Total Time": 279.818,
                                                        "Actual Rows": 147134,
                                                        "Actual Loops": 1
                                                    },
                                                    {
                                                        "Worker Number": 5,
                                                        "Actual Startup Time": 99.548,
                                                        "Actual Total Time": 278.129,
                                                        "Actual Rows": 108334,
                                                        "Actual Loops": 1
                                                    }
                                                ],
                                                "Plans": [
                                                    {
                                                        "Node Type": "Seq Scan",
                                                        "Parent Relationship": "Outer",
                                                        "Parallel Aware": true,
                                                        "Relation Name": "title",
                                                        "Schema": "public",
                                                        "Alias": "t",
                                                        "Startup Cost": 0.0,
                                                        "Total Cost": 42318.81,
                                                        "Plan Rows": 632080,
                                                        "Plan Width": 4,
                                                        "Actual Startup Time": 0.024,
                                                        "Actual Total Time": 57.224,
                                                        "Actual Rows": 361187,
                                                        "Actual Loops": 7,
                                                        "Output": [
                                                            "t.id",
                                                            "t.title",
                                                            "t.imdb_index",
                                                            "t.kind_id",
                                                            "t.production_year",
                                                            "t.imdb_id",
                                                            "t.phonetic_code",
                                                            "t.episode_of_id",
                                                            "t.season_nr",
                                                            "t.episode_nr",
                                                            "t.series_years",
                                                            "t.md5sum"
                                                        ],
                                                        "Workers": [
                                                            {
                                                                "Worker Number": 0,
                                                                "Actual Startup Time": 0.032,
                                                                "Actual Total Time": 62.161,
                                                                "Actual Rows": 297293,
                                                                "Actual Loops": 1
                                                            },
                                                            {
                                                                "Worker Number": 1,
                                                                "Actual Startup Time": 0.025,
                                                                "Actual Total Time": 58.232,
                                                                "Actual Rows": 399519,
                                                                "Actual Loops": 1
                                                            },
                                                            {
                                                                "Worker Number": 2,
                                                                "Actual Startup Time": 0.026,
                                                                "Actual Total Time": 59.594,
                                                                "Actual Rows": 260059,
                                                                "Actual Loops": 1
                                                            },
                                                            {
                                                                "Worker Number": 3,
                                                                "Actual Startup Time": 0.024,
                                                                "Actual Total Time": 58.018,
                                                                "Actual Rows": 408099,
                                                                "Actual Loops": 1
                                                            },
                                                            {
                                                                "Worker Number": 4,
                                                                "Actual Startup Time": 0.025,
                                                                "Actual Total Time": 57.876,
                                                                "Actual Rows": 403301,
                                                                "Actual Loops": 1
                                                            },
                                                            {
                                                                "Worker Number": 5,
                                                                "Actual Startup Time": 0.033,
                                                                "Actual Total Time": 61.604,
                                                                "Actual Rows": 295027,
                                                                "Actual Loops": 1
                                                            }
                                                        ]
                                                    },
                                                    {
                                                        "Node Type": "Hash",
                                                        "Parent Relationship": "Inner",
                                                        "Parallel Aware": true,
                                                        "Startup Cost": 15122.68,
                                                        "Total Cost": 15122.68,
                                                        "Plan Rows": 383860,
                                                        "Plan Width": 4,
                                                        "Actual Startup Time": 98.022,
                                                        "Actual Total Time": 98.023,
                                                        "Actual Rows": 131407,
                                                        "Actual Loops": 7,
                                                        "Output": [
                                                            "mi_idx.movie_id"
                                                        ],
                                                        "Hash Buckets": 1048576,
                                                        "Original Hash Buckets": 1048576,
                                                        "Hash Batches": 1,
                                                        "Original Hash Batches": 1,
                                                        "Peak Memory Usage": 44320,
                                                        "Workers": [
                                                            {
                                                                "Worker Number": 0,
                                                                "Actual Startup Time": 99.442,
                                                                "Actual Total Time": 99.443,
                                                                "Actual Rows": 103773,
                                                                "Actual Loops": 1
                                                            },
                                                            {
                                                                "Worker Number": 1,
                                                                "Actual Startup Time": 99.41,
                                                                "Actual Total Time": 99.411,
                                                                "Actual Rows": 126853,
                                                                "Actual Loops": 1
                                                            },
                                                            {
                                                                "Worker Number": 2,
                                                                "Actual Startup Time": 99.46,
                                                                "Actual Total Time": 99.461,
                                                                "Actual Rows": 91038,
                                                                "Actual Loops": 1
                                                            },
                                                            {
                                                                "Worker Number": 3,
                                                                "Actual Startup Time": 99.457,
                                                                "Actual Total Time": 99.458,
                                                                "Actual Rows": 134154,
                                                                "Actual Loops": 1
                                                            },
                                                            {
                                                                "Worker Number": 4,
                                                                "Actual Startup Time": 99.444,
                                                                "Actual Total Time": 99.445,
                                                                "Actual Rows": 133555,
                                                                "Actual Loops": 1
                                                            },
                                                            {
                                                                "Worker Number": 5,
                                                                "Actual Startup Time": 99.401,
                                                                "Actual Total Time": 99.402,
                                                                "Actual Rows": 109576,
                                                                "Actual Loops": 1
                                                            }
                                                        ],
                                                        "Plans": [
                                                            {
                                                                "Node Type": "Seq Scan",
                                                                "Parent Relationship": "Outer",
                                                                "Parallel Aware": true,
                                                                "Relation Name": "movie_info_idx",
                                                                "Schema": "public",
                                                                "Alias": "mi_idx",
                                                                "Startup Cost": 0.0,
                                                                "Total Cost": 15122.68,
                                                                "Plan Rows": 383860,
                                                                "Plan Width": 4,
                                                                "Actual Startup Time": 0.036,
                                                                "Actual Total Time": 38.548,
                                                                "Actual Rows": 131407,
                                                                "Actual Loops": 7,
                                                                "Output": [
                                                                    "mi_idx.movie_id"
                                                                ],
                                                                "Filter": "(mi_idx.info_type_id < 101)",
                                                                "Rows Removed by Filter": 65741,
                                                                "Workers": [
                                                                    {
                                                                        "Worker Number": 0,
                                                                        "Actual Startup Time": 0.035,
                                                                        "Actual Total Time": 39.701,
                                                                        "Actual Rows": 103773,
                                                                        "Actual Loops": 1
                                                                    },
                                                                    {
                                                                        "Worker Number": 1,
                                                                        "Actual Startup Time": 0.048,
                                                                        "Actual Total Time": 38.665,
                                                                        "Actual Rows": 126853,
                                                                        "Actual Loops": 1
                                                                    },
                                                                    {
                                                                        "Worker Number": 2,
                                                                        "Actual Startup Time": 0.036,
                                                                        "Actual Total Time": 38.11,
                                                                        "Actual Rows": 91038,
                                                                        "Actual Loops": 1
                                                                    },
                                                                    {
                                                                        "Worker Number": 3,
                                                                        "Actual Startup Time": 0.037,
                                                                        "Actual Total Time": 39.359,
                                                                        "Actual Rows": 134154,
                                                                        "Actual Loops": 1
                                                                    },
                                                                    {
                                                                        "Worker Number": 4,
                                                                        "Actual Startup Time": 0.034,
                                                                        "Actual Total Time": 38.967,
                                                                        "Actual Rows": 133555,
                                                                        "Actual Loops": 1
                                                                    },
                                                                    {
                                                                        "Worker Number": 5,
                                                                        "Actual Startup Time": 0.043,
                                                                        "Actual Total Time": 40.295,
                                                                        "Actual Rows": 109576,
                                                                        "Actual Loops": 1
                                                                    }
                                                                ]
                                                            }
                                                        ]
                                                    }
                                                ]
                                            }
                                        ]
                                    }
                                ]
                            }
                        ]
                    }
                ]
            }
        ]
    },
    "Planning Time": 1.538,
    "Triggers": [],
    "Execution Time": 1442.317
}