[
  {
    "Plan": {
      "Node Type": "Aggregate",
      "Strategy": "Plain",
      "Partial Mode": "Finalize",
      "Parallel Aware": false,
      "Startup Cost": 330778.9,
      "Total Cost": 330778.91,
      "Plan Rows": 1,
      "Plan Width": 8,
      "Actual Startup Time": 621.707,
      "Actual Total Time": 667.339,
      "Actual Rows": 1,
      "Actual Loops": 1,
      "Plans": [
        {
          "Node Type": "Gather",
          "Parent Relationship": "Outer",
          "Parallel Aware": false,
          "Startup Cost": 330778.28,
          "Total Cost": 330778.89,
          "Plan Rows": 6,
          "Plan Width": 8,
          "Actual Startup Time": 621.302,
          "Actual Total Time": 667.327,
          "Actual Rows": 7,
          "Actual Loops": 1,
          "Workers Planned": 6,
          "Workers Launched": 6,
          "Single Copy": false,
          "Plans": [
            {
              "Node Type": "Aggregate",
              "Strategy": "Plain",
              "Partial Mode": "Partial",
              "Parent Relationship": "Outer",
              "Parallel Aware": false,
              "Startup Cost": 329778.28,
              "Total Cost": 329778.29,
              "Plan Rows": 1,
              "Plan Width": 8,
              "Actual Startup Time": 613.974,
              "Actual Total Time": 613.976,
              "Actual Rows": 1,
              "Actual Loops": 7,
              "Plans": [
                {
                  "Node Type": "Seq Scan",
                  "Parent Relationship": "Outer",
                  "Parallel Aware": true,
                  "Relation Name": "cast_info",
                  "Alias": "ci",
                  "Startup Cost": 0.0,
                  "Total Cost": 328211.39,
                  "Plan Rows": 626754,
                  "Plan Width": 0,
                  "Actual Startup Time": 454.492,
                  "Actual Total Time": 586.147,
                  "Actual Rows": 534789,
                  "Actual Loops": 7,
                  "Filter": "(person_id > 3378942)",
                  "Rows Removed by Filter": 4642975
                }
              ]
            }
          ]
        }
      ]
    },
    "Planning Time": 0.168,
    "Triggers": [],
    "Execution Time": 667.396
  }
]