[
  {
    "Plan": {
      "Node Type": "Aggregate",
      "Strategy": "Plain",
      "Partial Mode": "Finalize",
      "Parallel Aware": false,
      "Startup Cost": 330805.54,
      "Total Cost": 330805.55,
      "Plan Rows": 1,
      "Plan Width": 8,
      "Actual Startup Time": 531.534,
      "Actual Total Time": 587.697,
      "Actual Rows": 1,
      "Actual Loops": 1,
      "Plans": [
        {
          "Node Type": "Gather",
          "Parent Relationship": "Outer",
          "Parallel Aware": false,
          "Startup Cost": 330804.92,
          "Total Cost": 330805.53,
          "Plan Rows": 6,
          "Plan Width": 8,
          "Actual Startup Time": 531.412,
          "Actual Total Time": 587.687,
          "Actual Rows": 7,
          "Actual Loops": 1,
          "Workers Planned": 6,
          "Workers Launched": 6,
          "Single Copy": false,
          "Plans": [
            {
              "Node Type": "Aggregate",
              "Strategy": "Plain",
              "Partial Mode": "Partial",
              "Parent Relationship": "Outer",
              "Parallel Aware": false,
              "Startup Cost": 329804.92,
              "Total Cost": 329804.93,
              "Plan Rows": 1,
              "Plan Width": 8,
              "Actual Startup Time": 521.986,
              "Actual Total Time": 521.987,
              "Actual Rows": 1,
              "Actual Loops": 7,
              "Plans": [
                {
                  "Node Type": "Seq Scan",
                  "Parent Relationship": "Outer",
                  "Parallel Aware": true,
                  "Relation Name": "cast_info",
                  "Alias": "ci",
                  "Startup Cost": 0.0,
                  "Total Cost": 328162.03,
                  "Plan Rows": 657157,
                  "Plan Width": 0,
                  "Actual Startup Time": 384.641,
                  "Actual Total Time": 500.828,
                  "Actual Rows": 534789,
                  "Actual Loops": 7,
                  "Filter": "(person_id > 3378942)",
                  "Rows Removed by Filter": 4642975
                }
              ]
            }
          ]
        }
      ]
    },
    "Planning Time": 0.207,
    "Triggers": [],
    "Execution Time": 587.772
  }
]