[
  {
    "Plan": {
      "Node Type": "Aggregate",
      "Strategy": "Plain",
      "Partial Mode": "Finalize",
      "Parallel Aware": false,
      "Startup Cost": 47336.92,
      "Total Cost": 47336.93,
      "Plan Rows": 1,
      "Plan Width": 8,
      "Actual Startup Time": 130.737,
      "Actual Total Time": 142.822,
      "Actual Rows": 1,
      "Actual Loops": 1,
      "Plans": [
        {
          "Node Type": "Gather",
          "Parent Relationship": "Outer",
          "Parallel Aware": false,
          "Startup Cost": 47336.5,
          "Total Cost": 47336.91,
          "Plan Rows": 4,
          "Plan Width": 8,
          "Actual Startup Time": 130.453,
          "Actual Total Time": 142.814,
          "Actual Rows": 5,
          "Actual Loops": 1,
          "Workers Planned": 4,
          "Workers Launched": 4,
          "Single Copy": false,
          "Plans": [
            {
              "Node Type": "Aggregate",
              "Strategy": "Plain",
              "Partial Mode": "Partial",
              "Parent Relationship": "Outer",
              "Parallel Aware": false,
              "Startup Cost": 46336.5,
              "Total Cost": 46336.51,
              "Plan Rows": 1,
              "Plan Width": 8,
              "Actual Startup Time": 122.129,
              "Actual Total Time": 122.13,
              "Actual Rows": 1,
              "Actual Loops": 5,
              "Plans": [
                {
                  "Node Type": "Seq Scan",
                  "Parent Relationship": "Outer",
                  "Parallel Aware": true,
                  "Relation Name": "title",
                  "Alias": "t",
                  "Startup Cost": 0.0,
                  "Total Cost": 45479.1,
                  "Plan Rows": 342961,
                  "Plan Width": 0,
                  "Actual Startup Time": 0.033,
                  "Actual Total Time": 103.293,
                  "Actual Rows": 298587,
                  "Actual Loops": 5,
                  "Filter": "((kind_id > 1) AND (production_year > 1985))",
                  "Rows Removed by Filter": 207075
                }
              ]
            }
          ]
        }
      ]
    },
    "Planning Time": 0.154,
    "Triggers": [],
    "Execution Time": 142.883
  }
]