[
  {
    "Plan": {
      "Node Type": "Aggregate",
      "Strategy": "Plain",
      "Partial Mode": "Simple",
      "Parallel Aware": false,
      "Startup Cost": 7491.94,
      "Total Cost": 7491.95,
      "Plan Rows": 1,
      "Plan Width": 64,
      "Actual Startup Time": 260.264,
      "Actual Total Time": 260.271,
      "Actual Rows": 1,
      "Actual Loops": 1,
      "Plans": [
        {
          "Node Type": "Nested Loop",
          "Parent Relationship": "Outer",
          "Parallel Aware": false,
          "Join Type": "Inner",
          "Startup Cost": 12.09,
          "Total Cost": 7491.94,
          "Plan Rows": 1,
          "Plan Width": 22,
          "Actual Startup Time": 3.552,
          "Actual Total Time": 260.191,
          "Actual Rows": 141,
          "Actual Loops": 1,
          "Inner Unique": true,
          "Join Filter": "(mi.info_type_id = it1.id)",
          "Rows Removed by Join Filter": 543,
          "Plans": [
            {
              "Node Type": "Nested Loop",
              "Parent Relationship": "Outer",
              "Parallel Aware": false,
              "Join Type": "Inner",
              "Startup Cost": 12.09,
              "Total Cost": 7489.51,
              "Plan Rows": 1,
              "Plan Width": 26,
              "Actual Startup Time": 3.542,
              "Actual Total Time": 251.975,
              "Actual Rows": 684,
              "Actual Loops": 1,
              "Inner Unique": false,
              "Join Filter": "(t.id = mi.movie_id)",
              "Rows Removed by Join Filter": 0,
              "Plans": [
                {
                  "Node Type": "Nested Loop",
                  "Parent Relationship": "Outer",
                  "Parallel Aware": false,
                  "Join Type": "Inner",
                  "Startup Cost": 11.65,
                  "Total Cost": 7487.62,
                  "Plan Rows": 1,
                  "Plan Width": 34,
                  "Actual Startup Time": 3.142,
                  "Actual Total Time": 148.65,
                  "Actual Rows": 760,
                  "Actual Loops": 1,
                  "Inner Unique": true,
                  "Join Filter": "(t.kind_id = kt.id)",
                  "Rows Removed by Join Filter": 2576,
                  "Plans": [
                    {
                      "Node Type": "Nested Loop",
                      "Parent Relationship": "Outer",
                      "Parallel Aware": false,
                      "Join Type": "Inner",
                      "Startup Cost": 11.65,
                      "Total Cost": 7486.47,
                      "Plan Rows": 2,
                      "Plan Width": 38,
                      "Actual Startup Time": 3.119,
                      "Actual Total Time": 147.297,
                      "Actual Rows": 2038,
                      "Actual Loops": 1,
                      "Inner Unique": true,
                      "Plans": [
                        {
                          "Node Type": "Nested Loop",
                          "Parent Relationship": "Outer",
                          "Parallel Aware": false,
                          "Join Type": "Inner",
                          "Startup Cost": 11.22,
                          "Total Cost": 7484.51,
                          "Plan Rows": 4,
                          "Plan Width": 13,
                          "Actual Startup Time": 3.066,
                          "Actual Total Time": 105.95,
                          "Actual Rows": 4759,
                          "Actual Loops": 1,
                          "Inner Unique": false,
                          "Join Filter": "(mi_idx.info_type_id = it2.id)",
                          "Rows Removed by Join Filter": 9317,
                          "Plans": [
                            {
                              "Node Type": "Seq Scan",
                              "Parent Relationship": "Outer",
                              "Parallel Aware": false,
                              "Relation Name": "info_type",
                              "Alias": "it2",
                              "Startup Cost": 0.0,
                              "Total Cost": 2.41,
                              "Plan Rows": 1,
                              "Plan Width": 4,
                              "Actual Startup Time": 0.022,
                              "Actual Total Time": 0.024,
                              "Actual Rows": 1,
                              "Actual Loops": 1,
                              "Filter": "((info)::text = 'rating'::text)",
                              "Rows Removed by Filter": 112
                            },
                            {
                              "Node Type": "Nested Loop",
                              "Parent Relationship": "Inner",
                              "Parallel Aware": false,
                              "Join Type": "Inner",
                              "Startup Cost": 11.22,
                              "Total Cost": 7476.98,
                              "Plan Rows": 409,
                              "Plan Width": 17,
                              "Actual Startup Time": 3.038,
                              "Actual Total Time": 103.835,
                              "Actual Rows": 14076,
                              "Actual Loops": 1,
                              "Inner Unique": false,
                              "Plans": [
                                {
                                  "Node Type": "Nested Loop",
                                  "Parent Relationship": "Outer",
                                  "Parallel Aware": false,
                                  "Join Type": "Inner",
                                  "Startup Cost": 10.8,
                                  "Total Cost": 7405.43,
                                  "Plan Rows": 135,
                                  "Plan Width": 4,
                                  "Actual Startup Time": 2.944,
                                  "Actual Total Time": 51.078,
                                  "Actual Rows": 7217,
                                  "Actual Loops": 1,
                                  "Inner Unique": false,
                                  "Plans": [
                                    {
                                      "Node Type": "Seq Scan",
                                      "Parent Relationship": "Outer",
                                      "Parallel Aware": false,
                                      "Relation Name": "keyword",
                                      "Alias": "k",
                                      "Startup Cost": 0.0,
                                      "Total Cost": 2961.55,
                                      "Plan Rows": 4,
                                      "Plan Width": 4,
                                      "Actual Startup Time": 1.106,
                                      "Actual Total Time": 22.6,
                                      "Actual Rows": 2,
                                      "Actual Loops": 1,
                                      "Filter": "((keyword IS NOT NULL) AND (keyword = ANY ('{tv-special,tv-special,tv-special,dream}'::text[])))",
                                      "Rows Removed by Filter": 134168
                                    },
                                    {
                                      "Node Type": "Bitmap Heap Scan",
                                      "Parent Relationship": "Inner",
                                      "Parallel Aware": false,
                                      "Relation Name": "movie_keyword",
                                      "Alias": "mk",
                                      "Startup Cost": 10.8,
                                      "Total Cost": 1107.92,
                                      "Plan Rows": 305,
                                      "Plan Width": 8,
                                      "Actual Startup Time": 1.264,
                                      "Actual Total Time": 13.437,
                                      "Actual Rows": 3608,
                                      "Actual Loops": 2,
                                      "Recheck Cond": "(keyword_id = k.id)",
                                      "Rows Removed by Index Recheck": 0,
                                      "Exact Heap Blocks": 4282,
                                      "Lossy Heap Blocks": 0,
                                      "Plans": [
                                        {
                                          "Node Type": "Bitmap Index Scan",
                                          "Parent Relationship": "Outer",
                                          "Parallel Aware": false,
                                          "Index Name": "keyword_id_movie_keyword",
                                          "Startup Cost": 0.0,
                                          "Total Cost": 10.72,
                                          "Plan Rows": 305,
                                          "Plan Width": 0,
                                          "Actual Startup Time": 0.876,
                                          "Actual Total Time": 0.876,
                                          "Actual Rows": 3608,
                                          "Actual Loops": 2,
                                          "Index Cond": "(keyword_id = k.id)"
                                        }
                                      ]
                                    }
                                  ]
                                },
                                {
                                  "Node Type": "Index Scan",
                                  "Parent Relationship": "Inner",
                                  "Parallel Aware": false,
                                  "Scan Direction": "Forward",
                                  "Index Name": "movie_id_movie_info_idx",
                                  "Relation Name": "movie_info_idx",
                                  "Alias": "mi_idx",
                                  "Startup Cost": 0.43,
                                  "Total Cost": 0.5,
                                  "Plan Rows": 3,
                                  "Plan Width": 13,
                                  "Actual Startup Time": 0.006,
                                  "Actual Total Time": 0.006,
                                  "Actual Rows": 2,
                                  "Actual Loops": 7217,
                                  "Index Cond": "(movie_id = mk.movie_id)",
                                  "Rows Removed by Index Recheck": 0,
                                  "Filter": "(info < '9'::text)",
                                  "Rows Removed by Filter": 0
                                }
                              ]
                            }
                          ]
                        },
                        {
                          "Node Type": "Index Scan",
                          "Parent Relationship": "Inner",
                          "Parallel Aware": false,
                          "Scan Direction": "Forward",
                          "Index Name": "title_pkey",
                          "Relation Name": "title",
                          "Alias": "t",
                          "Startup Cost": 0.43,
                          "Total Cost": 0.49,
                          "Plan Rows": 1,
                          "Plan Width": 25,
                          "Actual Startup Time": 0.008,
                          "Actual Total Time": 0.008,
                          "Actual Rows": 0,
                          "Actual Loops": 4759,
                          "Index Cond": "(id = mk.movie_id)",
                          "Rows Removed by Index Recheck": 0,
                          "Filter": "(production_year > 2001)",
                          "Rows Removed by Filter": 1
                        }
                      ]
                    },
                    {
                      "Node Type": "Materialize",
                      "Parent Relationship": "Inner",
                      "Parallel Aware": false,
                      "Startup Cost": 0.0,
                      "Total Cost": 1.1,
                      "Plan Rows": 2,
                      "Plan Width": 4,
                      "Actual Startup Time": 0.0,
                      "Actual Total Time": 0.0,
                      "Actual Rows": 2,
                      "Actual Loops": 2038,
                      "Plans": [
                        {
                          "Node Type": "Seq Scan",
                          "Parent Relationship": "Outer",
                          "Parallel Aware": false,
                          "Relation Name": "kind_type",
                          "Alias": "kt",
                          "Startup Cost": 0.0,
                          "Total Cost": 1.09,
                          "Plan Rows": 2,
                          "Plan Width": 4,
                          "Actual Startup Time": 0.009,
                          "Actual Total Time": 0.012,
                          "Actual Rows": 2,
                          "Actual Loops": 1,
                          "Filter": "((kind)::text = ANY ('{movie,\"tv series\"}'::text[]))",
                          "Rows Removed by Filter": 5
                        }
                      ]
                    }
                  ]
                },
                {
                  "Node Type": "Index Scan",
                  "Parent Relationship": "Inner",
                  "Parallel Aware": false,
                  "Scan Direction": "Forward",
                  "Index Name": "movie_id_movie_info",
                  "Relation Name": "movie_info",
                  "Alias": "mi",
                  "Startup Cost": 0.43,
                  "Total Cost": 1.86,
                  "Plan Rows": 3,
                  "Plan Width": 8,
                  "Actual Startup Time": 0.048,
                  "Actual Total Time": 0.135,
                  "Actual Rows": 1,
                  "Actual Loops": 760,
                  "Index Cond": "(movie_id = mk.movie_id)",
                  "Rows Removed by Index Recheck": 0,
                  "Filter": "(info = ANY ('{Norwegian,English,Norway,Danish,Germany,Sweden,Denish,Swedish,American,Canada}'::text[]))",
                  "Rows Removed by Filter": 82
                }
              ]
            },
            {
              "Node Type": "Seq Scan",
              "Parent Relationship": "Inner",
              "Parallel Aware": false,
              "Relation Name": "info_type",
              "Alias": "it1",
              "Startup Cost": 0.0,
              "Total Cost": 2.41,
              "Plan Rows": 1,
              "Plan Width": 4,
              "Actual Startup Time": 0.004,
              "Actual Total Time": 0.01,
              "Actual Rows": 1,
              "Actual Loops": 684,
              "Filter": "((info)::text = 'countries'::text)",
              "Rows Removed by Filter": 90
            }
          ]
        }
      ]
    },
    "Planning Time": 16.151,
    "Triggers": [],
    "Execution Time": 260.632
  }
]