[
  {
    "Plan": {
      "Node Type": "Aggregate",
      "Strategy": "Plain",
      "Partial Mode": "Finalize",
      "Parallel Aware": false,
      "Startup Cost": 78118.78,
      "Total Cost": 78118.79,
      "Plan Rows": 1,
      "Plan Width": 8,
      "Actual Startup Time": 97.725,
      "Actual Total Time": 112.927,
      "Actual Rows": 1,
      "Actual Loops": 1,
      "Plans": [
        {
          "Node Type": "Gather",
          "Parent Relationship": "Outer",
          "Parallel Aware": false,
          "Startup Cost": 78118.36,
          "Total Cost": 78118.77,
          "Plan Rows": 4,
          "Plan Width": 8,
          "Actual Startup Time": 97.547,
          "Actual Total Time": 112.919,
          "Actual Rows": 5,
          "Actual Loops": 1,
          "Workers Planned": 4,
          "Workers Launched": 4,
          "Single Copy": false,
          "Plans": [
            {
              "Node Type": "Aggregate",
              "Strategy": "Plain",
              "Partial Mode": "Partial",
              "Parent Relationship": "Outer",
              "Parallel Aware": false,
              "Startup Cost": 77118.36,
              "Total Cost": 77118.37,
              "Plan Rows": 1,
              "Plan Width": 8,
              "Actual Startup Time": 90.542,
              "Actual Total Time": 90.544,
              "Actual Rows": 1,
              "Actual Loops": 5,
              "Plans": [
                {
                  "Node Type": "Nested Loop",
                  "Parent Relationship": "Outer",
                  "Parallel Aware": false,
                  "Join Type": "Inner",
                  "Startup Cost": 0.56,
                  "Total Cost": 77115.46,
                  "Plan Rows": 1160,
                  "Plan Width": 0,
                  "Actual Startup Time": 51.156,
                  "Actual Total Time": 90.477,
                  "Actual Rows": 550,
                  "Actual Loops": 5,
                  "Inner Unique": false,
                  "Plans": [
                    {
                      "Node Type": "Seq Scan",
                      "Parent Relationship": "Outer",
                      "Parallel Aware": true,
                      "Relation Name": "title",
                      "Alias": "t",
                      "Startup Cost": 0.0,
                      "Total Cost": 45479.59,
                      "Plan Rows": 231,
                      "Plan Width": 4,
                      "Actual Startup Time": 50.714,
                      "Actual Total Time": 75.876,
                      "Actual Rows": 683,
                      "Actual Loops": 5,
                      "Filter": "((kind_id = 1) AND (production_year = 1909))",
                      "Rows Removed by Filter": 504979
                    },
                    {
                      "Node Type": "Index Scan",
                      "Parent Relationship": "Inner",
                      "Parallel Aware": false,
                      "Scan Direction": "Forward",
                      "Index Name": "movie_id_cast_info",
                      "Relation Name": "cast_info",
                      "Alias": "ci",
                      "Startup Cost": 0.56,
                      "Total Cost": 136.83,
                      "Plan Rows": 12,
                      "Plan Width": 4,
                      "Actual Startup Time": 0.015,
                      "Actual Total Time": 0.021,
                      "Actual Rows": 1,
                      "Actual Loops": 3417,
                      "Index Cond": "(movie_id = t.id)",
                      "Rows Removed by Index Recheck": 0,
                      "Filter": "(role_id = 1)",
                      "Rows Removed by Filter": 1
                    }
                  ]
                }
              ]
            }
          ]
        }
      ]
    },
    "Planning Time": 0.658,
    "Triggers": [],
    "Execution Time": 112.993
  }
]