[
  {
    "Plan": {
      "Node Type": "Aggregate",
      "Strategy": "Plain",
      "Partial Mode": "Finalize",
      "Parallel Aware": false,
      "Startup Cost": 82512.7,
      "Total Cost": 82512.71,
      "Plan Rows": 1,
      "Plan Width": 8,
      "Actual Startup Time": 628.869,
      "Actual Total Time": 645.742,
      "Actual Rows": 1,
      "Actual Loops": 1,
      "Plans": [
        {
          "Node Type": "Gather",
          "Parent Relationship": "Outer",
          "Parallel Aware": false,
          "Startup Cost": 82512.38,
          "Total Cost": 82512.69,
          "Plan Rows": 3,
          "Plan Width": 8,
          "Actual Startup Time": 620.934,
          "Actual Total Time": 645.731,
          "Actual Rows": 4,
          "Actual Loops": 1,
          "Workers Planned": 3,
          "Workers Launched": 3,
          "Single Copy": false,
          "Plans": [
            {
              "Node Type": "Aggregate",
              "Strategy": "Plain",
              "Partial Mode": "Partial",
              "Parent Relationship": "Outer",
              "Parallel Aware": false,
              "Startup Cost": 81512.38,
              "Total Cost": 81512.39,
              "Plan Rows": 1,
              "Plan Width": 8,
              "Actual Startup Time": 612.472,
              "Actual Total Time": 612.478,
              "Actual Rows": 1,
              "Actual Loops": 4,
              "Plans": [
                {
                  "Node Type": "Hash Join",
                  "Parent Relationship": "Outer",
                  "Parallel Aware": true,
                  "Join Type": "Inner",
                  "Startup Cost": 50372.48,
                  "Total Cost": 79788.37,
                  "Plan Rows": 689604,
                  "Plan Width": 0,
                  "Actual Startup Time": 307.415,
                  "Actual Total Time": 589.785,
                  "Actual Rows": 472629,
                  "Actual Loops": 4,
                  "Inner Unique": true,
                  "Hash Cond": "(mc.movie_id = t.id)",
                  "Plans": [
                    {
                      "Node Type": "Seq Scan",
                      "Parent Relationship": "Outer",
                      "Parallel Aware": true,
                      "Relation Name": "movie_companies",
                      "Alias": "mc",
                      "Startup Cost": 0.0,
                      "Total Cost": 27206.55,
                      "Plan Rows": 841655,
                      "Plan Width": 4,
                      "Actual Startup Time": 0.02,
                      "Actual Total Time": 63.747,
                      "Actual Rows": 652282,
                      "Actual Loops": 4
                    },
                    {
                      "Node Type": "Hash",
                      "Parent Relationship": "Inner",
                      "Parallel Aware": true,
                      "Startup Cost": 43898.92,
                      "Total Cost": 43898.92,
                      "Plan Rows": 517885,
                      "Plan Width": 4,
                      "Actual Startup Time": 301.379,
                      "Actual Total Time": 301.38,
                      "Actual Rows": 515086,
                      "Actual Loops": 4,
                      "Hash Buckets": 2097152,
                      "Original Hash Buckets": 2097152,
                      "Hash Batches": 1,
                      "Original Hash Batches": 1,
                      "Peak Memory Usage": 97024,
                      "Plans": [
                        {
                          "Node Type": "Seq Scan",
                          "Parent Relationship": "Outer",
                          "Parallel Aware": true,
                          "Relation Name": "title",
                          "Alias": "t",
                          "Startup Cost": 0.0,
                          "Total Cost": 43898.92,
                          "Plan Rows": 517885,
                          "Plan Width": 4,
                          "Actual Startup Time": 0.036,
                          "Actual Total Time": 118.532,
                          "Actual Rows": 515086,
                          "Actual Loops": 4,
                          "Filter": "(production_year > 1971)",
                          "Rows Removed by Filter": 116992
                        }
                      ]
                    }
                  ]
                }
              ]
            }
          ]
        }
      ]
    },
    "Planning Time": 0.45,
    "Triggers": [],
    "Execution Time": 645.791
  }
]