{
  "Plan": {
    "Node Type": "Aggregate",
    "Strategy": "Plain",
    "Partial Mode": "Finalize",
    "Parallel Aware": false,
    "Startup Cost": 958546.43,
    "Total Cost": 958546.44,
    "Plan Rows": 1,
    "Plan Width": 8,
    "Actual Startup Time": 5521.204,
    "Actual Total Time": 5578.801,
    "Actual Rows": 1,
    "Actual Loops": 1,
    "Plans": [
      {
        "Node Type": "Gather",
        "Parent Relationship": "Outer",
        "Parallel Aware": false,
        "Startup Cost": 958546.32,
        "Total Cost": 958546.43,
        "Plan Rows": 1,
        "Plan Width": 8,
        "Actual Startup Time": 5516.619,
        "Actual Total Time": 5578.795,
        "Actual Rows": 2,
        "Actual Loops": 1,
        "Workers Planned": 1,
        "Workers Launched": 1,
        "Single Copy": false,
        "Plans": [
          {
            "Node Type": "Aggregate",
            "Strategy": "Plain",
            "Partial Mode": "Partial",
            "Parent Relationship": "Outer",
            "Parallel Aware": false,
            "Startup Cost": 957546.32,
            "Total Cost": 957546.33,
            "Plan Rows": 1,
            "Plan Width": 8,
            "Actual Startup Time": 5500.127,
            "Actual Total Time": 5500.133,
            "Actual Rows": 1,
            "Actual Loops": 2,
            "Plans": [
              {
                "Node Type": "Hash Join",
                "Parent Relationship": "Outer",
                "Parallel Aware": true,
                "Join Type": "Inner",
                "Startup Cost": 722551.71,
                "Total Cost": 948854.42,
                "Plan Rows": 3476758,
                "Plan Width": 0,
                "Actual Startup Time": 4766.806,
                "Actual Total Time": 5438.821,
                "Actual Rows": 1526180,
                "Actual Loops": 2,
                "Inner Unique": false,
                "Hash Cond": "(mi.movie_id = t.id)",
                "Plans": [
                  {
                    "Node Type": "Bitmap Heap Scan",
                    "Parent Relationship": "Outer",
                    "Parallel Aware": true,
                    "Relation Name": "movie_info",
                    "Alias": "mi",
                    "Startup Cost": 54025.71,
                    "Total Cost": 237947.81,
                    "Plan Rows": 1754328,
                    "Plan Width": 4,
                    "Actual Startup Time": 115.442,
                    "Actual Total Time": 252.458,
                    "Actual Rows": 1518360,
                    "Actual Loops": 2,
                    "Recheck Cond": "(info_type_id = 16)",
                    "Rows Removed by Index Recheck": 0,
                    "Exact Heap Blocks": 13033,
                    "Lossy Heap Blocks": 0,
                    "Plans": [
                      {
                        "Node Type": "Bitmap Index Scan",
                        "Parent Relationship": "Outer",
                        "Parallel Aware": false,
                        "Index Name": "info_type_id_movie_info",
                        "Startup Cost": 0.0,
                        "Total Cost": 53280.12,
                        "Plan Rows": 2982358,
                        "Plan Width": 0,
                        "Actual Startup Time": 111.323,
                        "Actual Total Time": 111.324,
                        "Actual Rows": 3036719,
                        "Actual Loops": 1,
                        "Index Cond": "(info_type_id = 16)"
                      }
                    ]
                  },
                  {
                    "Node Type": "Hash",
                    "Parent Relationship": "Inner",
                    "Parallel Aware": true,
                    "Startup Cost": 631683.25,
                    "Total Cost": 631683.25,
                    "Plan Rows": 2947420,
                    "Plan Width": 8,
                    "Actual Startup Time": 4619.521,
                    "Actual Total Time": 4619.525,
                    "Actual Rows": 1435847,
                    "Actual Loops": 2,
                    "Hash Buckets": 8388608,
                    "Original Hash Buckets": 8388608,
                    "Hash Batches": 1,
                    "Original Hash Batches": 1,
                    "Peak Memory Usage": 177888,
                    "Plans": [
                      {
                        "Node Type": "Hash Join",
                        "Parent Relationship": "Outer",
                        "Parallel Aware": true,
                        "Join Type": "Inner",
                        "Startup Cost": 61098.53,
                        "Total Cost": 631683.25,
                        "Plan Rows": 2947420,
                        "Plan Width": 8,
                        "Actual Startup Time": 173.041,
                        "Actual Total Time": 4111.327,
                        "Actual Rows": 1435847,
                        "Actual Loops": 2,
                        "Inner Unique": true,
                        "Hash Cond": "(ci.movie_id = t.id)",
                        "Plans": [
                          {
                            "Node Type": "Seq Scan",
                            "Parent Relationship": "Outer",
                            "Parallel Aware": true,
                            "Relation Name": "cast_info",
                            "Alias": "ci",
                            "Startup Cost": 0.0,
                            "Total Cost": 519069.44,
                            "Plan Rows": 19624834,
                            "Plan Width": 4,
                            "Actual Startup Time": 0.013,
                            "Actual Total Time": 1620.897,
                            "Actual Rows": 16744907,
                            "Actual Loops": 2,
                            "Filter": "(person_id < 3536939)",
                            "Rows Removed by Filter": 1377265
                          },
                          {
                            "Node Type": "Hash",
                            "Parent Relationship": "Inner",
                            "Parallel Aware": true,
                            "Startup Cost": 58306.47,
                            "Total Cost": 58306.47,
                            "Plan Rows": 223365,
                            "Plan Width": 4,
                            "Actual Startup Time": 171.565,
                            "Actual Total Time": 171.566,
                            "Actual Rows": 126802,
                            "Actual Loops": 2,
                            "Hash Buckets": 524288,
                            "Original Hash Buckets": 524288,
                            "Hash Batches": 1,
                            "Original Hash Batches": 1,
                            "Peak Memory Usage": 14048,
                            "Plans": [
                              {
                                "Node Type": "Seq Scan",
                                "Parent Relationship": "Outer",
                                "Parallel Aware": true,
                                "Relation Name": "title",
                                "Alias": "t",
                                "Startup Cost": 0.0,
                                "Total Cost": 58306.47,
                                "Plan Rows": 223365,
                                "Plan Width": 4,
                                "Actual Startup Time": 0.031,
                                "Actual Total Time": 137.339,
                                "Actual Rows": 126802,
                                "Actual Loops": 2,
                                "Filter": "((kind_id > 2) AND (production_year < 1983))",
                                "Rows Removed by Filter": 1137354
                              }
                            ]
                          }
                        ]
                      }
                    ]
                  }
                ]
              }
            ]
          }
        ]
      }
    ]
  },
  "Planning Time": 0.594,
  "Triggers": [],
  "Execution Time": 5578.882
}