[
  {
    "Plan": {
      "Node Type": "Aggregate",
      "Strategy": "Plain",
      "Partial Mode": "Finalize",
      "Parallel Aware": false,
      "Startup Cost": 33180.67,
      "Total Cost": 33180.68,
      "Plan Rows": 1,
      "Plan Width": 8,
      "Actual Startup Time": 98.819,
      "Actual Total Time": 106.837,
      "Actual Rows": 1,
      "Actual Loops": 1,
      "Plans": [
        {
          "Node Type": "Gather",
          "Parent Relationship": "Outer",
          "Parallel Aware": false,
          "Startup Cost": 33180.36,
          "Total Cost": 33180.67,
          "Plan Rows": 3,
          "Plan Width": 8,
          "Actual Startup Time": 98.726,
          "Actual Total Time": 106.83,
          "Actual Rows": 4,
          "Actual Loops": 1,
          "Workers Planned": 3,
          "Workers Launched": 3,
          "Single Copy": false,
          "Plans": [
            {
              "Node Type": "Aggregate",
              "Strategy": "Plain",
              "Partial Mode": "Partial",
              "Parent Relationship": "Outer",
              "Parallel Aware": false,
              "Startup Cost": 32180.36,
              "Total Cost": 32180.37,
              "Plan Rows": 1,
              "Plan Width": 8,
              "Actual Startup Time": 93.125,
              "Actual Total Time": 93.126,
              "Actual Rows": 1,
              "Actual Loops": 4,
              "Plans": [
                {
                  "Node Type": "Seq Scan",
                  "Parent Relationship": "Outer",
                  "Parallel Aware": true,
                  "Relation Name": "movie_companies",
                  "Alias": "mc",
                  "Startup Cost": 0.0,
                  "Total Cost": 31414.82,
                  "Plan Rows": 306215,
                  "Plan Width": 0,
                  "Actual Startup Time": 46.439,
                  "Actual Total Time": 82.273,
                  "Actual Rows": 279320,
                  "Actual Loops": 4,
                  "Filter": "((company_id > 1435) AND (company_type_id = 2))",
                  "Rows Removed by Filter": 372963
                }
              ]
            }
          ]
        }
      ]
    },
    "Planning Time": 0.188,
    "Triggers": [],
    "Execution Time": 106.886
  }
]