[
  {
    "Plan": {
      "Node Type": "Aggregate",
      "Strategy": "Plain",
      "Partial Mode": "Finalize",
      "Parallel Aware": false,
      "Startup Cost": 346151.72,
      "Total Cost": 346151.73,
      "Plan Rows": 1,
      "Plan Width": 8,
      "Actual Startup Time": 521.218,
      "Actual Total Time": 550.779,
      "Actual Rows": 1,
      "Actual Loops": 1,
      "Plans": [
        {
          "Node Type": "Gather",
          "Parent Relationship": "Outer",
          "Parallel Aware": false,
          "Startup Cost": 346151.09,
          "Total Cost": 346151.7,
          "Plan Rows": 6,
          "Plan Width": 8,
          "Actual Startup Time": 520.722,
          "Actual Total Time": 550.763,
          "Actual Rows": 7,
          "Actual Loops": 1,
          "Workers Planned": 6,
          "Workers Launched": 6,
          "Single Copy": false,
          "Plans": [
            {
              "Node Type": "Aggregate",
              "Strategy": "Plain",
              "Partial Mode": "Partial",
              "Parent Relationship": "Outer",
              "Parallel Aware": false,
              "Startup Cost": 345151.09,
              "Total Cost": 345151.1,
              "Plan Rows": 1,
              "Plan Width": 8,
              "Actual Startup Time": 513.85,
              "Actual Total Time": 513.853,
              "Actual Rows": 1,
              "Actual Loops": 7,
              "Plans": [
                {
                  "Node Type": "Index Scan",
                  "Parent Relationship": "Outer",
                  "Parallel Aware": true,
                  "Scan Direction": "Forward",
                  "Index Name": "role_id_cast_info",
                  "Relation Name": "cast_info",
                  "Alias": "ci",
                  "Startup Cost": 0.56,
                  "Total Cost": 341155.22,
                  "Plan Rows": 1598350,
                  "Plan Width": 0,
                  "Actual Startup Time": 229.475,
                  "Actual Total Time": 459.452,
                  "Actual Rows": 891679,
                  "Actual Loops": 7,
                  "Index Cond": "(role_id = 1)",
                  "Rows Removed by Index Recheck": 0,
                  "Filter": "(person_id > 877622)",
                  "Rows Removed by Filter": 918419
                }
              ]
            }
          ]
        }
      ]
    },
    "Planning Time": 0.16,
    "Triggers": [],
    "Execution Time": 550.839
  }
]