[
  {
    "Plan": {
      "Node Type": "Aggregate",
      "Strategy": "Plain",
      "Partial Mode": "Finalize",
      "Parallel Aware": false,
      "Startup Cost": 234540.63,
      "Total Cost": 234540.64,
      "Plan Rows": 1,
      "Plan Width": 8,
      "Actual Startup Time": 271.451,
      "Actual Total Time": 291.979,
      "Actual Rows": 1,
      "Actual Loops": 1,
      "Plans": [
        {
          "Node Type": "Gather",
          "Parent Relationship": "Outer",
          "Parallel Aware": false,
          "Startup Cost": 234540.11,
          "Total Cost": 234540.62,
          "Plan Rows": 5,
          "Plan Width": 8,
          "Actual Startup Time": 270.302,
          "Actual Total Time": 291.971,
          "Actual Rows": 6,
          "Actual Loops": 1,
          "Workers Planned": 5,
          "Workers Launched": 5,
          "Single Copy": false,
          "Plans": [
            {
              "Node Type": "Aggregate",
              "Strategy": "Plain",
              "Partial Mode": "Partial",
              "Parent Relationship": "Outer",
              "Parallel Aware": false,
              "Startup Cost": 233540.11,
              "Total Cost": 233540.12,
              "Plan Rows": 1,
              "Plan Width": 8,
              "Actual Startup Time": 260.016,
              "Actual Total Time": 260.02,
              "Actual Rows": 1,
              "Actual Loops": 6,
              "Plans": [
                {
                  "Node Type": "Hash Join",
                  "Parent Relationship": "Outer",
                  "Parallel Aware": true,
                  "Join Type": "Inner",
                  "Startup Cost": 67853.22,
                  "Total Cost": 233497.42,
                  "Plan Rows": 17075,
                  "Plan Width": 0,
                  "Actual Startup Time": 169.676,
                  "Actual Total Time": 258.566,
                  "Actual Rows": 24918,
                  "Actual Loops": 6,
                  "Inner Unique": true,
                  "Hash Cond": "(mi.movie_id = t.id)",
                  "Plans": [
                    {
                      "Node Type": "Bitmap Heap Scan",
                      "Parent Relationship": "Outer",
                      "Parallel Aware": true,
                      "Relation Name": "movie_info",
                      "Alias": "mi",
                      "Startup Cost": 21814.75,
                      "Total Cost": 186825.28,
                      "Plan Rows": 241402,
                      "Plan Width": 4,
                      "Actual Startup Time": 48.115,
                      "Actual Total Time": 122.039,
                      "Actual Rows": 200785,
                      "Actual Loops": 6,
                      "Recheck Cond": "(info_type_id > 18)",
                      "Rows Removed by Index Recheck": 0,
                      "Exact Heap Blocks": 9062,
                      "Lossy Heap Blocks": 0,
                      "Plans": [
                        {
                          "Node Type": "Bitmap Index Scan",
                          "Parent Relationship": "Outer",
                          "Parallel Aware": false,
                          "Index Name": "info_type_id_movie_info",
                          "Startup Cost": 0.0,
                          "Total Cost": 21513.0,
                          "Plan Rows": 1207009,
                          "Plan Width": 0,
                          "Actual Startup Time": 42.535,
                          "Actual Total Time": 42.535,
                          "Actual Rows": 1204709,
                          "Actual Loops": 1,
                          "Index Cond": "(info_type_id > 18)"
                        }
                      ]
                    },
                    {
                      "Node Type": "Hash",
                      "Parent Relationship": "Inner",
                      "Parallel Aware": true,
                      "Startup Cost": 45479.59,
                      "Total Cost": 45479.59,
                      "Plan Rows": 44710,
                      "Plan Width": 4,
                      "Actual Startup Time": 99.1,
                      "Actual Total Time": 99.102,
                      "Actual Rows": 26895,
                      "Actual Loops": 6,
                      "Hash Buckets": 262144,
                      "Original Hash Buckets": 262144,
                      "Hash Batches": 1,
                      "Original Hash Batches": 1,
                      "Peak Memory Usage": 8480,
                      "Plans": [
                        {
                          "Node Type": "Seq Scan",
                          "Parent Relationship": "Outer",
                          "Parallel Aware": true,
                          "Relation Name": "title",
                          "Alias": "t",
                          "Startup Cost": 0.0,
                          "Total Cost": 45479.59,
                          "Plan Rows": 44710,
                          "Plan Width": 4,
                          "Actual Startup Time": 0.141,
                          "Actual Total Time": 86.686,
                          "Actual Rows": 26895,
                          "Actual Loops": 6,
                          "Filter": "((kind_id < 4) AND (production_year > 2009))",
                          "Rows Removed by Filter": 394490
                        }
                      ]
                    }
                  ]
                }
              ]
            }
          ]
        }
      ]
    },
    "Planning Time": 0.527,
    "Triggers": [],
    "Execution Time": 292.048
  }
]