[
    {
        "Bao": {
            "Bao prediction": "NaN",
            "Bao recommended hint": "(no hint)"
        }
    },
    {
        "Plan": {
            "Node Type": "Aggregate",
            "Strategy": "Plain",
            "Partial Mode": "Finalize",
            "Parallel Aware": false,
            "Startup Cost": 207329.91,
            "Total Cost": 207329.92,
            "Plan Rows": 1,
            "Plan Width": 8,
            "Actual Startup Time": 1879.842,
            "Actual Total Time": 1941.203,
            "Actual Rows": 1,
            "Actual Loops": 1,
            "Output": [
                "count(*)"
            ],
            "Plans": [
                {
                    "Node Type": "Gather",
                    "Parent Relationship": "Outer",
                    "Parallel Aware": false,
                    "Startup Cost": 207329.49,
                    "Total Cost": 207329.9,
                    "Plan Rows": 4,
                    "Plan Width": 8,
                    "Actual Startup Time": 1875.504,
                    "Actual Total Time": 1941.192,
                    "Actual Rows": 5,
                    "Actual Loops": 1,
                    "Output": [
                        "(PARTIAL count(*))"
                    ],
                    "Workers Planned": 4,
                    "Workers Launched": 4,
                    "Single Copy": false,
                    "Plans": [
                        {
                            "Node Type": "Aggregate",
                            "Strategy": "Plain",
                            "Partial Mode": "Partial",
                            "Parent Relationship": "Outer",
                            "Parallel Aware": false,
                            "Startup Cost": 206329.49,
                            "Total Cost": 206329.5,
                            "Plan Rows": 1,
                            "Plan Width": 8,
                            "Actual Startup Time": 1866.185,
                            "Actual Total Time": 1866.188,
                            "Actual Rows": 1,
                            "Actual Loops": 5,
                            "Output": [
                                "PARTIAL count(*)"
                            ],
                            "Workers": [
                                {
                                    "Worker Number": 0,
                                    "Actual Startup Time": 1863.908,
                                    "Actual Total Time": 1863.91,
                                    "Actual Rows": 1,
                                    "Actual Loops": 1
                                },
                                {
                                    "Worker Number": 1,
                                    "Actual Startup Time": 1863.75,
                                    "Actual Total Time": 1863.752,
                                    "Actual Rows": 1,
                                    "Actual Loops": 1
                                },
                                {
                                    "Worker Number": 2,
                                    "Actual Startup Time": 1863.831,
                                    "Actual Total Time": 1863.833,
                                    "Actual Rows": 1,
                                    "Actual Loops": 1
                                },
                                {
                                    "Worker Number": 3,
                                    "Actual Startup Time": 1864.283,
                                    "Actual Total Time": 1864.285,
                                    "Actual Rows": 1,
                                    "Actual Loops": 1
                                }
                            ],
                            "Plans": [
                                {
                                    "Node Type": "Nested Loop",
                                    "Parent Relationship": "Outer",
                                    "Parallel Aware": false,
                                    "Join Type": "Inner",
                                    "Startup Cost": 32875.57,
                                    "Total Cost": 205640.6,
                                    "Plan Rows": 275555,
                                    "Plan Width": 0,
                                    "Actual Startup Time": 92.978,
                                    "Actual Total Time": 1824.585,
                                    "Actual Rows": 895790,
                                    "Actual Loops": 5,
                                    "Inner Unique": false,
                                    "Workers": [
                                        {
                                            "Worker Number": 0,
                                            "Actual Startup Time": 90.444,
                                            "Actual Total Time": 1822.68,
                                            "Actual Rows": 866692,
                                            "Actual Loops": 1
                                        },
                                        {
                                            "Worker Number": 1,
                                            "Actual Startup Time": 90.661,
                                            "Actual Total Time": 1822.61,
                                            "Actual Rows": 866815,
                                            "Actual Loops": 1
                                        },
                                        {
                                            "Worker Number": 2,
                                            "Actual Startup Time": 90.73,
                                            "Actual Total Time": 1822.523,
                                            "Actual Rows": 853685,
                                            "Actual Loops": 1
                                        },
                                        {
                                            "Worker Number": 3,
                                            "Actual Startup Time": 91.265,
                                            "Actual Total Time": 1822.667,
                                            "Actual Rows": 875898,
                                            "Actual Loops": 1
                                        }
                                    ],
                                    "Plans": [
                                        {
                                            "Node Type": "Hash Join",
                                            "Parent Relationship": "Outer",
                                            "Parallel Aware": true,
                                            "Join Type": "Inner",
                                            "Startup Cost": 32875.01,
                                            "Total Cost": 80168.47,
                                            "Plan Rows": 47574,
                                            "Plan Width": 8,
                                            "Actual Startup Time": 92.827,
                                            "Actual Total Time": 286.854,
                                            "Actual Rows": 54655,
                                            "Actual Loops": 5,
                                            "Output": [
                                                "t.id",
                                                "mc.movie_id"
                                            ],
                                            "Inner Unique": false,
                                            "Hash Cond": "(t.id = mc.movie_id)",
                                            "Workers": [
                                                {
                                                    "Worker Number": 0,
                                                    "Actual Startup Time": 90.335,
                                                    "Actual Total Time": 282.107,
                                                    "Actual Rows": 52782,
                                                    "Actual Loops": 1
                                                },
                                                {
                                                    "Worker Number": 1,
                                                    "Actual Startup Time": 90.468,
                                                    "Actual Total Time": 281.034,
                                                    "Actual Rows": 52793,
                                                    "Actual Loops": 1
                                                },
                                                {
                                                    "Worker Number": 2,
                                                    "Actual Startup Time": 90.533,
                                                    "Actual Total Time": 283.685,
                                                    "Actual Rows": 52363,
                                                    "Actual Loops": 1
                                                },
                                                {
                                                    "Worker Number": 3,
                                                    "Actual Startup Time": 91.073,
                                                    "Actual Total Time": 283.028,
                                                    "Actual Rows": 53112,
                                                    "Actual Loops": 1
                                                }
                                            ],
                                            "Plans": [
                                                {
                                                    "Node Type": "Seq Scan",
                                                    "Parent Relationship": "Outer",
                                                    "Parallel Aware": true,
                                                    "Relation Name": "title",
                                                    "Schema": "public",
                                                    "Alias": "t",
                                                    "Startup Cost": 0.0,
                                                    "Total Cost": 45479.21,
                                                    "Plan Rows": 332157,
                                                    "Plan Width": 4,
                                                    "Actual Startup Time": 0.017,
                                                    "Actual Total Time": 70.428,
                                                    "Actual Rows": 292540,
                                                    "Actual Loops": 5,
                                                    "Output": [
                                                        "t.id",
                                                        "t.title",
                                                        "t.imdb_index",
                                                        "t.kind_id",
                                                        "t.production_year",
                                                        "t.imdb_id",
                                                        "t.phonetic_code",
                                                        "t.episode_of_id",
                                                        "t.season_nr",
                                                        "t.episode_nr",
                                                        "t.series_years",
                                                        "t.md5sum"
                                                    ],
                                                    "Filter": "((t.kind_id > 1) AND (t.production_year > 1987))",
                                                    "Rows Removed by Filter": 213122,
                                                    "Workers": [
                                                        {
                                                            "Worker Number": 0,
                                                            "Actual Startup Time": 0.02,
                                                            "Actual Total Time": 71.273,
                                                            "Actual Rows": 281788,
                                                            "Actual Loops": 1
                                                        },
                                                        {
                                                            "Worker Number": 1,
                                                            "Actual Startup Time": 0.018,
                                                            "Actual Total Time": 70.833,
                                                            "Actual Rows": 280691,
                                                            "Actual Loops": 1
                                                        },
                                                        {
                                                            "Worker Number": 2,
                                                            "Actual Startup Time": 0.022,
                                                            "Actual Total Time": 73.568,
                                                            "Actual Rows": 278435,
                                                            "Actual Loops": 1
                                                        },
                                                        {
                                                            "Worker Number": 3,
                                                            "Actual Startup Time": 0.016,
                                                            "Actual Total Time": 71.945,
                                                            "Actual Rows": 287725,
                                                            "Actual Loops": 1
                                                        }
                                                    ]
                                                },
                                                {
                                                    "Node Type": "Hash",
                                                    "Parent Relationship": "Inner",
                                                    "Parallel Aware": true,
                                                    "Startup Cost": 31414.82,
                                                    "Total Cost": 31414.82,
                                                    "Plan Rows": 116815,
                                                    "Plan Width": 4,
                                                    "Actual Startup Time": 91.084,
                                                    "Actual Total Time": 91.085,
                                                    "Actual Rows": 104013,
                                                    "Actual Loops": 5,
                                                    "Output": [
                                                        "mc.movie_id"
                                                    ],
                                                    "Hash Buckets": 524288,
                                                    "Original Hash Buckets": 524288,
                                                    "Hash Batches": 1,
                                                    "Original Hash Batches": 1,
                                                    "Peak Memory Usage": 24512,
                                                    "Workers": [
                                                        {
                                                            "Worker Number": 0,
                                                            "Actual Startup Time": 89.703,
                                                            "Actual Total Time": 89.704,
                                                            "Actual Rows": 81681,
                                                            "Actual Loops": 1
                                                        },
                                                        {
                                                            "Worker Number": 1,
                                                            "Actual Startup Time": 89.841,
                                                            "Actual Total Time": 89.842,
                                                            "Actual Rows": 87634,
                                                            "Actual Loops": 1
                                                        },
                                                        {
                                                            "Worker Number": 2,
                                                            "Actual Startup Time": 89.913,
                                                            "Actual Total Time": 89.913,
                                                            "Actual Rows": 91608,
                                                            "Actual Loops": 1
                                                        },
                                                        {
                                                            "Worker Number": 3,
                                                            "Actual Startup Time": 90.355,
                                                            "Actual Total Time": 90.356,
                                                            "Actual Rows": 85292,
                                                            "Actual Loops": 1
                                                        }
                                                    ],
                                                    "Plans": [
                                                        {
                                                            "Node Type": "Seq Scan",
                                                            "Parent Relationship": "Outer",
                                                            "Parallel Aware": true,
                                                            "Relation Name": "movie_companies",
                                                            "Schema": "public",
                                                            "Alias": "mc",
                                                            "Startup Cost": 0.0,
                                                            "Total Cost": 31414.82,
                                                            "Plan Rows": 116815,
                                                            "Plan Width": 4,
                                                            "Actual Startup Time": 0.052,
                                                            "Actual Total Time": 57.625,
                                                            "Actual Rows": 104013,
                                                            "Actual Loops": 5,
                                                            "Output": [
                                                                "mc.movie_id"
                                                            ],
                                                            "Filter": "((mc.company_id < 1451) AND (mc.company_type_id = 1))",
                                                            "Rows Removed by Filter": 417813,
                                                            "Workers": [
                                                                {
                                                                    "Worker Number": 0,
                                                                    "Actual Startup Time": 0.061,
                                                                    "Actual Total Time": 57.84,
                                                                    "Actual Rows": 81681,
                                                                    "Actual Loops": 1
                                                                },
                                                                {
                                                                    "Worker Number": 1,
                                                                    "Actual Startup Time": 0.064,
                                                                    "Actual Total Time": 58.243,
                                                                    "Actual Rows": 87634,
                                                                    "Actual Loops": 1
                                                                },
                                                                {
                                                                    "Worker Number": 2,
                                                                    "Actual Startup Time": 0.051,
                                                                    "Actual Total Time": 57.871,
                                                                    "Actual Rows": 91608,
                                                                    "Actual Loops": 1
                                                                },
                                                                {
                                                                    "Worker Number": 3,
                                                                    "Actual Startup Time": 0.07,
                                                                    "Actual Total Time": 58.267,
                                                                    "Actual Rows": 85292,
                                                                    "Actual Loops": 1
                                                                }
                                                            ]
                                                        }
                                                    ]
                                                }
                                            ]
                                        },
                                        {
                                            "Node Type": "Index Scan",
                                            "Parent Relationship": "Inner",
                                            "Parallel Aware": false,
                                            "Scan Direction": "Forward",
                                            "Index Name": "movie_id_cast_info",
                                            "Relation Name": "cast_info",
                                            "Schema": "public",
                                            "Alias": "ci",
                                            "Startup Cost": 0.56,
                                            "Total Cost": 2.48,
                                            "Plan Rows": 16,
                                            "Plan Width": 4,
                                            "Actual Startup Time": 0.014,
                                            "Actual Total Time": 0.027,
                                            "Actual Rows": 16,
                                            "Actual Loops": 273273,
                                            "Output": [
                                                "ci.id",
                                                "ci.person_id",
                                                "ci.movie_id",
                                                "ci.person_role_id",
                                                "ci.note",
                                                "ci.nr_order",
                                                "ci.role_id"
                                            ],
                                            "Index Cond": "(ci.movie_id = t.id)",
                                            "Rows Removed by Index Recheck": 0,
                                            "Filter": "(ci.person_id > 2179905)",
                                            "Rows Removed by Filter": 18,
                                            "Workers": [
                                                {
                                                    "Worker Number": 0,
                                                    "Actual Startup Time": 0.014,
                                                    "Actual Total Time": 0.028,
                                                    "Actual Rows": 16,
                                                    "Actual Loops": 52782
                                                },
                                                {
                                                    "Worker Number": 1,
                                                    "Actual Startup Time": 0.014,
                                                    "Actual Total Time": 0.028,
                                                    "Actual Rows": 16,
                                                    "Actual Loops": 52793
                                                },
                                                {
                                                    "Worker Number": 2,
                                                    "Actual Startup Time": 0.015,
                                                    "Actual Total Time": 0.028,
                                                    "Actual Rows": 16,
                                                    "Actual Loops": 52363
                                                },
                                                {
                                                    "Worker Number": 3,
                                                    "Actual Startup Time": 0.014,
                                                    "Actual Total Time": 0.028,
                                                    "Actual Rows": 16,
                                                    "Actual Loops": 53112
                                                }
                                            ]
                                        }
                                    ]
                                }
                            ]
                        }
                    ]
                }
            ]
        },
        "Planning Time": 177.393,
        "Triggers": [],
        "Execution Time": 1941.302
    }
]