[
  {
    "Plan": {
      "Node Type": "Aggregate",
      "Strategy": "Plain",
      "Partial Mode": "Finalize",
      "Parallel Aware": false,
      "Startup Cost": 44736.46,
      "Total Cost": 44736.47,
      "Plan Rows": 1,
      "Plan Width": 8,
      "Actual Startup Time": 127.464,
      "Actual Total Time": 134.66,
      "Actual Rows": 1,
      "Actual Loops": 1,
      "Plans": [
        {
          "Node Type": "Gather",
          "Parent Relationship": "Outer",
          "Parallel Aware": false,
          "Startup Cost": 44736.14,
          "Total Cost": 44736.45,
          "Plan Rows": 3,
          "Plan Width": 8,
          "Actual Startup Time": 127.352,
          "Actual Total Time": 134.651,
          "Actual Rows": 4,
          "Actual Loops": 1,
          "Workers Planned": 3,
          "Workers Launched": 3,
          "Single Copy": false,
          "Plans": [
            {
              "Node Type": "Aggregate",
              "Strategy": "Plain",
              "Partial Mode": "Partial",
              "Parent Relationship": "Outer",
              "Parallel Aware": false,
              "Startup Cost": 43736.14,
              "Total Cost": 43736.15,
              "Plan Rows": 1,
              "Plan Width": 8,
              "Actual Startup Time": 120.217,
              "Actual Total Time": 120.218,
              "Actual Rows": 1,
              "Actual Loops": 4,
              "Plans": [
                {
                  "Node Type": "Seq Scan",
                  "Parent Relationship": "Outer",
                  "Parallel Aware": true,
                  "Relation Name": "movie_keyword",
                  "Alias": "mk",
                  "Startup Cost": 0.0,
                  "Total Cost": 42695.65,
                  "Plan Rows": 416195,
                  "Plan Width": 0,
                  "Actual Startup Time": 0.049,
                  "Actual Total Time": 103.681,
                  "Actual Rows": 323364,
                  "Actual Loops": 4,
                  "Filter": "(keyword_id < 1680)",
                  "Rows Removed by Filter": 807619
                }
              ]
            }
          ]
        }
      ]
    },
    "Planning Time": 0.187,
    "Triggers": [],
    "Execution Time": 134.713
  }
]