[
    {
        "Bao": {
            "Bao prediction": 487.715,
            "Bao recommended hint": "SET enable_mergejoin TO off; SET enable_indexscan TO off; "
        }
    },
    {
        "Plan": {
            "Node Type": "Aggregate",
            "Strategy": "Plain",
            "Partial Mode": "Finalize",
            "Parallel Aware": false,
            "Startup Cost": 349198.53,
            "Total Cost": 349198.54,
            "Plan Rows": 1,
            "Plan Width": 8,
            "Actual Startup Time": 776.567,
            "Actual Total Time": 806.269,
            "Actual Rows": 1,
            "Actual Loops": 1,
            "Output": [
                "count(*)"
            ],
            "Plans": [
                {
                    "Node Type": "Gather",
                    "Parent Relationship": "Outer",
                    "Parallel Aware": false,
                    "Startup Cost": 349197.91,
                    "Total Cost": 349198.52,
                    "Plan Rows": 6,
                    "Plan Width": 8,
                    "Actual Startup Time": 776.472,
                    "Actual Total Time": 806.262,
                    "Actual Rows": 7,
                    "Actual Loops": 1,
                    "Output": [
                        "(PARTIAL count(*))"
                    ],
                    "Workers Planned": 6,
                    "Workers Launched": 6,
                    "Single Copy": false,
                    "Plans": [
                        {
                            "Node Type": "Aggregate",
                            "Strategy": "Plain",
                            "Partial Mode": "Partial",
                            "Parent Relationship": "Outer",
                            "Parallel Aware": false,
                            "Startup Cost": 348197.91,
                            "Total Cost": 348197.92,
                            "Plan Rows": 1,
                            "Plan Width": 8,
                            "Actual Startup Time": 767.256,
                            "Actual Total Time": 767.257,
                            "Actual Rows": 1,
                            "Actual Loops": 7,
                            "Output": [
                                "PARTIAL count(*)"
                            ],
                            "Workers": [
                                {
                                    "Worker Number": 0,
                                    "Actual Startup Time": 765.353,
                                    "Actual Total Time": 765.354,
                                    "Actual Rows": 1,
                                    "Actual Loops": 1
                                },
                                {
                                    "Worker Number": 1,
                                    "Actual Startup Time": 765.548,
                                    "Actual Total Time": 765.549,
                                    "Actual Rows": 1,
                                    "Actual Loops": 1
                                },
                                {
                                    "Worker Number": 2,
                                    "Actual Startup Time": 765.818,
                                    "Actual Total Time": 765.819,
                                    "Actual Rows": 1,
                                    "Actual Loops": 1
                                },
                                {
                                    "Worker Number": 3,
                                    "Actual Startup Time": 765.602,
                                    "Actual Total Time": 765.604,
                                    "Actual Rows": 1,
                                    "Actual Loops": 1
                                },
                                {
                                    "Worker Number": 4,
                                    "Actual Startup Time": 766.182,
                                    "Actual Total Time": 766.183,
                                    "Actual Rows": 1,
                                    "Actual Loops": 1
                                },
                                {
                                    "Worker Number": 5,
                                    "Actual Startup Time": 766.589,
                                    "Actual Total Time": 766.59,
                                    "Actual Rows": 1,
                                    "Actual Loops": 1
                                }
                            ],
                            "Plans": [
                                {
                                    "Node Type": "Seq Scan",
                                    "Parent Relationship": "Outer",
                                    "Parallel Aware": true,
                                    "Relation Name": "cast_info",
                                    "Schema": "public",
                                    "Alias": "ci",
                                    "Startup Cost": 0.0,
                                    "Total Cost": 343318.94,
                                    "Plan Rows": 1951588,
                                    "Plan Width": 0,
                                    "Actual Startup Time": 51.832,
                                    "Actual Total Time": 684.365,
                                    "Actual Rows": 1496787,
                                    "Actual Loops": 7,
                                    "Output": [
                                        "id",
                                        "person_id",
                                        "movie_id",
                                        "person_role_id",
                                        "note",
                                        "nr_order",
                                        "role_id"
                                    ],
                                    "Filter": "((ci.person_id > 295556) AND (ci.role_id = 1))",
                                    "Rows Removed by Filter": 3680976,
                                    "Workers": [
                                        {
                                            "Worker Number": 0,
                                            "Actual Startup Time": 49.922,
                                            "Actual Total Time": 684.015,
                                            "Actual Rows": 1237128,
                                            "Actual Loops": 1
                                        },
                                        {
                                            "Worker Number": 1,
                                            "Actual Startup Time": 50.111,
                                            "Actual Total Time": 684.035,
                                            "Actual Rows": 1236485,
                                            "Actual Loops": 1
                                        },
                                        {
                                            "Worker Number": 2,
                                            "Actual Startup Time": 50.414,
                                            "Actual Total Time": 684.072,
                                            "Actual Rows": 1653140,
                                            "Actual Loops": 1
                                        },
                                        {
                                            "Worker Number": 3,
                                            "Actual Startup Time": 50.179,
                                            "Actual Total Time": 683.067,
                                            "Actual Rows": 1129249,
                                            "Actual Loops": 1
                                        },
                                        {
                                            "Worker Number": 4,
                                            "Actual Startup Time": 50.759,
                                            "Actual Total Time": 684.337,
                                            "Actual Rows": 1653494,
                                            "Actual Loops": 1
                                        },
                                        {
                                            "Worker Number": 5,
                                            "Actual Startup Time": 51.171,
                                            "Actual Total Time": 684.407,
                                            "Actual Rows": 1657252,
                                            "Actual Loops": 1
                                        }
                                    ]
                                }
                            ]
                        }
                    ]
                }
            ]
        },
        "Planning Time": 744.672,
        "Triggers": [],
        "Execution Time": 806.361
    }
]