[
  {
    "Plan": {
      "Node Type": "Aggregate",
      "Strategy": "Plain",
      "Partial Mode": "Finalize",
      "Parallel Aware": false,
      "Startup Cost": 361702.8,
      "Total Cost": 361702.81,
      "Plan Rows": 1,
      "Plan Width": 8,
      "Actual Startup Time": 505.585,
      "Actual Total Time": 583.89,
      "Actual Rows": 1,
      "Actual Loops": 1,
      "Plans": [
        {
          "Node Type": "Gather",
          "Parent Relationship": "Outer",
          "Parallel Aware": false,
          "Startup Cost": 361702.38,
          "Total Cost": 361702.79,
          "Plan Rows": 4,
          "Plan Width": 8,
          "Actual Startup Time": 505.417,
          "Actual Total Time": 583.879,
          "Actual Rows": 5,
          "Actual Loops": 1,
          "Workers Planned": 4,
          "Workers Launched": 4,
          "Single Copy": false,
          "Plans": [
            {
              "Node Type": "Aggregate",
              "Strategy": "Plain",
              "Partial Mode": "Partial",
              "Parent Relationship": "Outer",
              "Parallel Aware": false,
              "Startup Cost": 360702.38,
              "Total Cost": 360702.39,
              "Plan Rows": 1,
              "Plan Width": 8,
              "Actual Startup Time": 497.099,
              "Actual Total Time": 497.101,
              "Actual Rows": 1,
              "Actual Loops": 5,
              "Plans": [
                {
                  "Node Type": "Nested Loop",
                  "Parent Relationship": "Outer",
                  "Parallel Aware": false,
                  "Join Type": "Inner",
                  "Startup Cost": 0.56,
                  "Total Cost": 360576.33,
                  "Plan Rows": 50417,
                  "Plan Width": 0,
                  "Actual Startup Time": 0.725,
                  "Actual Total Time": 493.917,
                  "Actual Rows": 35982,
                  "Actual Loops": 5,
                  "Inner Unique": false,
                  "Plans": [
                    {
                      "Node Type": "Seq Scan",
                      "Parent Relationship": "Outer",
                      "Parallel Aware": true,
                      "Relation Name": "title",
                      "Alias": "t",
                      "Startup Cost": 0.0,
                      "Total Cost": 43899.32,
                      "Plan Rows": 13738,
                      "Plan Width": 4,
                      "Actual Startup Time": 0.06,
                      "Actual Total Time": 70.816,
                      "Actual Rows": 10603,
                      "Actual Loops": 5,
                      "Filter": "(production_year = 2000)",
                      "Rows Removed by Filter": 495060
                    },
                    {
                      "Node Type": "Index Scan",
                      "Parent Relationship": "Inner",
                      "Parallel Aware": false,
                      "Scan Direction": "Forward",
                      "Index Name": "movie_id_cast_info",
                      "Relation Name": "cast_info",
                      "Alias": "ci",
                      "Startup Cost": 0.56,
                      "Total Cost": 22.96,
                      "Plan Rows": 9,
                      "Plan Width": 4,
                      "Actual Startup Time": 0.028,
                      "Actual Total Time": 0.039,
                      "Actual Rows": 3,
                      "Actual Loops": 53013,
                      "Index Cond": "(movie_id = t.id)",
                      "Rows Removed by Index Recheck": 0,
                      "Filter": "(person_id > 2782453)",
                      "Rows Removed by Filter": 11
                    }
                  ]
                }
              ]
            }
          ]
        }
      ]
    },
    "Planning Time": 0.241,
    "Triggers": [],
    "Execution Time": 583.947
  }
]