[
  {
    "Plan": {
      "Node Type": "Aggregate",
      "Strategy": "Plain",
      "Partial Mode": "Finalize",
      "Parallel Aware": false,
      "Startup Cost": 31168.87,
      "Total Cost": 31168.88,
      "Plan Rows": 1,
      "Plan Width": 8,
      "Actual Startup Time": 97.472,
      "Actual Total Time": 105.346,
      "Actual Rows": 1,
      "Actual Loops": 1,
      "Plans": [
        {
          "Node Type": "Gather",
          "Parent Relationship": "Outer",
          "Parallel Aware": false,
          "Startup Cost": 31168.55,
          "Total Cost": 31168.86,
          "Plan Rows": 3,
          "Plan Width": 8,
          "Actual Startup Time": 97.34,
          "Actual Total Time": 105.338,
          "Actual Rows": 4,
          "Actual Loops": 1,
          "Workers Planned": 3,
          "Workers Launched": 3,
          "Single Copy": false,
          "Plans": [
            {
              "Node Type": "Aggregate",
              "Strategy": "Plain",
              "Partial Mode": "Partial",
              "Parent Relationship": "Outer",
              "Parallel Aware": false,
              "Startup Cost": 30168.55,
              "Total Cost": 30168.56,
              "Plan Rows": 1,
              "Plan Width": 8,
              "Actual Startup Time": 93.414,
              "Actual Total Time": 93.415,
              "Actual Rows": 1,
              "Actual Loops": 4,
              "Plans": [
                {
                  "Node Type": "Seq Scan",
                  "Parent Relationship": "Outer",
                  "Parallel Aware": true,
                  "Relation Name": "movie_companies",
                  "Alias": "mc",
                  "Startup Cost": 0.0,
                  "Total Cost": 29310.68,
                  "Plan Rows": 343148,
                  "Plan Width": 0,
                  "Actual Startup Time": 16.056,
                  "Actual Total Time": 80.187,
                  "Actual Rows": 264158,
                  "Actual Loops": 4,
                  "Filter": "(company_id > 14814)",
                  "Rows Removed by Filter": 388125
                }
              ]
            }
          ]
        }
      ]
    },
    "Planning Time": 0.189,
    "Triggers": [],
    "Execution Time": 105.401
  }
]