[
  {
    "Plan": {
      "Node Type": "Aggregate",
      "Strategy": "Plain",
      "Partial Mode": "Finalize",
      "Parallel Aware": false,
      "Startup Cost": 46899.65,
      "Total Cost": 46899.66,
      "Plan Rows": 1,
      "Plan Width": 8,
      "Actual Startup Time": 110.877,
      "Actual Total Time": 123.564,
      "Actual Rows": 1,
      "Actual Loops": 1,
      "Plans": [
        {
          "Node Type": "Gather",
          "Parent Relationship": "Outer",
          "Parallel Aware": false,
          "Startup Cost": 46899.23,
          "Total Cost": 46899.64,
          "Plan Rows": 4,
          "Plan Width": 8,
          "Actual Startup Time": 110.753,
          "Actual Total Time": 123.553,
          "Actual Rows": 5,
          "Actual Loops": 1,
          "Workers Planned": 4,
          "Workers Launched": 4,
          "Single Copy": false,
          "Plans": [
            {
              "Node Type": "Aggregate",
              "Strategy": "Plain",
              "Partial Mode": "Partial",
              "Parent Relationship": "Outer",
              "Parallel Aware": false,
              "Startup Cost": 45899.23,
              "Total Cost": 45899.24,
              "Plan Rows": 1,
              "Plan Width": 8,
              "Actual Startup Time": 101.36,
              "Actual Total Time": 101.361,
              "Actual Rows": 1,
              "Actual Loops": 5,
              "Plans": [
                {
                  "Node Type": "Seq Scan",
                  "Parent Relationship": "Outer",
                  "Parallel Aware": true,
                  "Relation Name": "title",
                  "Alias": "t",
                  "Startup Cost": 0.0,
                  "Total Cost": 45479.1,
                  "Plan Rows": 168053,
                  "Plan Width": 0,
                  "Actual Startup Time": 0.06,
                  "Actual Total Time": 95.052,
                  "Actual Rows": 110755,
                  "Actual Loops": 5,
                  "Filter": "((kind_id < 4) AND (production_year > 1977))",
                  "Rows Removed by Filter": 394907
                }
              ]
            }
          ]
        }
      ]
    },
    "Planning Time": 0.203,
    "Triggers": [],
    "Execution Time": 123.619
  }
]