[
  {
    "Plan": {
      "Node Type": "Aggregate",
      "Strategy": "Plain",
      "Partial Mode": "Finalize",
      "Parallel Aware": false,
      "Startup Cost": 285193.53,
      "Total Cost": 285193.54,
      "Plan Rows": 1,
      "Plan Width": 8,
      "Actual Startup Time": 537.703,
      "Actual Total Time": 573.092,
      "Actual Rows": 1,
      "Actual Loops": 1,
      "Plans": [
        {
          "Node Type": "Gather",
          "Parent Relationship": "Outer",
          "Parallel Aware": false,
          "Startup Cost": 285192.9,
          "Total Cost": 285193.51,
          "Plan Rows": 6,
          "Plan Width": 8,
          "Actual Startup Time": 537.034,
          "Actual Total Time": 573.079,
          "Actual Rows": 7,
          "Actual Loops": 1,
          "Workers Planned": 6,
          "Workers Launched": 6,
          "Single Copy": false,
          "Plans": [
            {
              "Node Type": "Aggregate",
              "Strategy": "Plain",
              "Partial Mode": "Partial",
              "Parent Relationship": "Outer",
              "Parallel Aware": false,
              "Startup Cost": 284192.9,
              "Total Cost": 284192.91,
              "Plan Rows": 1,
              "Plan Width": 8,
              "Actual Startup Time": 526.982,
              "Actual Total Time": 526.986,
              "Actual Rows": 1,
              "Actual Loops": 7,
              "Plans": [
                {
                  "Node Type": "Nested Loop",
                  "Parent Relationship": "Outer",
                  "Parallel Aware": false,
                  "Join Type": "Inner",
                  "Startup Cost": 45613.7,
                  "Total Cost": 283884.86,
                  "Plan Rows": 123216,
                  "Plan Width": 0,
                  "Actual Startup Time": 78.803,
                  "Actual Total Time": 524.117,
                  "Actual Rows": 45688,
                  "Actual Loops": 7,
                  "Inner Unique": false,
                  "Join Filter": "(t.id = mi.movie_id)",
                  "Rows Removed by Join Filter": 0,
                  "Plans": [
                    {
                      "Node Type": "Hash Join",
                      "Parent Relationship": "Outer",
                      "Parallel Aware": true,
                      "Join Type": "Inner",
                      "Startup Cost": 45613.26,
                      "Total Cost": 246516.79,
                      "Plan Rows": 20985,
                      "Plan Width": 8,
                      "Actual Startup Time": 78.68,
                      "Actual Total Time": 441.899,
                      "Actual Rows": 15465,
                      "Actual Loops": 7,
                      "Inner Unique": true,
                      "Hash Cond": "(ci.movie_id = t.id)",
                      "Plans": [
                        {
                          "Node Type": "Index Scan",
                          "Parent Relationship": "Outer",
                          "Parallel Aware": true,
                          "Scan Direction": "Forward",
                          "Index Name": "role_id_cast_info",
                          "Relation Name": "cast_info",
                          "Alias": "ci",
                          "Startup Cost": 0.56,
                          "Total Cost": 197634.26,
                          "Plan Rows": 1245649,
                          "Plan Width": 4,
                          "Actual Startup Time": 0.146,
                          "Actual Total Time": 216.059,
                          "Actual Rows": 1062320,
                          "Actual Loops": 7,
                          "Index Cond": "(role_id > 7)",
                          "Rows Removed by Index Recheck": 0
                        },
                        {
                          "Node Type": "Hash",
                          "Parent Relationship": "Inner",
                          "Parallel Aware": true,
                          "Startup Cost": 45479.59,
                          "Total Cost": 45479.59,
                          "Plan Rows": 10649,
                          "Plan Width": 4,
                          "Actual Startup Time": 77.642,
                          "Actual Total Time": 77.643,
                          "Actual Rows": 5773,
                          "Actual Loops": 7,
                          "Hash Buckets": 65536,
                          "Original Hash Buckets": 65536,
                          "Hash Batches": 1,
                          "Original Hash Batches": 1,
                          "Peak Memory Usage": 2176,
                          "Plans": [
                            {
                              "Node Type": "Seq Scan",
                              "Parent Relationship": "Outer",
                              "Parallel Aware": true,
                              "Relation Name": "title",
                              "Alias": "t",
                              "Startup Cost": 0.0,
                              "Total Cost": 45479.59,
                              "Plan Rows": 10649,
                              "Plan Width": 4,
                              "Actual Startup Time": 0.067,
                              "Actual Total Time": 74.176,
                              "Actual Rows": 5773,
                              "Actual Loops": 7,
                              "Filter": "((kind_id > 4) AND (production_year > 2012))",
                              "Rows Removed by Filter": 355415
                            }
                          ]
                        }
                      ]
                    },
                    {
                      "Node Type": "Index Only Scan",
                      "Parent Relationship": "Inner",
                      "Parallel Aware": false,
                      "Scan Direction": "Forward",
                      "Index Name": "movie_id_movie_info",
                      "Relation Name": "movie_info",
                      "Alias": "mi",
                      "Startup Cost": 0.43,
                      "Total Cost": 1.27,
                      "Plan Rows": 41,
                      "Plan Width": 4,
                      "Actual Startup Time": 0.003,
                      "Actual Total Time": 0.005,
                      "Actual Rows": 3,
                      "Actual Loops": 108257,
                      "Index Cond": "(movie_id = ci.movie_id)",
                      "Rows Removed by Index Recheck": 0,
                      "Heap Fetches": 319816
                    }
                  ]
                }
              ]
            }
          ]
        }
      ]
    },
    "Planning Time": 0.693,
    "Triggers": [],
    "Execution Time": 573.152
  }
]