[
  {
    "Plan": {
      "Node Type": "Aggregate",
      "Strategy": "Plain",
      "Partial Mode": "Finalize",
      "Parallel Aware": false,
      "Startup Cost": 256178.39,
      "Total Cost": 256178.4,
      "Plan Rows": 1,
      "Plan Width": 8,
      "Actual Startup Time": 298.492,
      "Actual Total Time": 316.128,
      "Actual Rows": 1,
      "Actual Loops": 1,
      "Plans": [
        {
          "Node Type": "Gather",
          "Parent Relationship": "Outer",
          "Parallel Aware": false,
          "Startup Cost": 256177.76,
          "Total Cost": 256178.37,
          "Plan Rows": 6,
          "Plan Width": 8,
          "Actual Startup Time": 298.339,
          "Actual Total Time": 316.119,
          "Actual Rows": 7,
          "Actual Loops": 1,
          "Workers Planned": 6,
          "Workers Launched": 6,
          "Single Copy": false,
          "Plans": [
            {
              "Node Type": "Aggregate",
              "Strategy": "Plain",
              "Partial Mode": "Partial",
              "Parent Relationship": "Outer",
              "Parallel Aware": false,
              "Startup Cost": 255177.76,
              "Total Cost": 255177.77,
              "Plan Rows": 1,
              "Plan Width": 8,
              "Actual Startup Time": 289.263,
              "Actual Total Time": 289.264,
              "Actual Rows": 1,
              "Actual Loops": 7,
              "Plans": [
                {
                  "Node Type": "Index Scan",
                  "Parent Relationship": "Outer",
                  "Parallel Aware": true,
                  "Scan Direction": "Forward",
                  "Index Name": "role_id_cast_info",
                  "Relation Name": "cast_info",
                  "Alias": "ci",
                  "Startup Cost": 0.56,
                  "Total Cost": 255086.64,
                  "Plan Rows": 36449,
                  "Plan Width": 0,
                  "Actual Startup Time": 241.716,
                  "Actual Total Time": 284.03,
                  "Actual Rows": 114859,
                  "Actual Loops": 7,
                  "Index Cond": "(role_id > 4)",
                  "Rows Removed by Index Recheck": 0,
                  "Filter": "(person_id > 3907757)",
                  "Rows Removed by Filter": 1225813
                }
              ]
            }
          ]
        }
      ]
    },
    "Planning Time": 0.233,
    "Triggers": [],
    "Execution Time": 316.188
  }
]