{
  "Plan": {
    "Node Type": "Aggregate",
    "Strategy": "Plain",
    "Partial Mode": "Simple",
    "Parallel Aware": false,
    "Startup Cost": 606890.92,
    "Total Cost": 606890.93,
    "Plan Rows": 1,
    "Plan Width": 64,
    "Actual Startup Time": 1969.821,
    "Actual Total Time": 2046.063,
    "Actual Rows": 1,
    "Actual Loops": 1,
    "Plans": [
      {
        "Node Type": "Merge Join",
        "Parent Relationship": "Outer",
        "Parallel Aware": false,
        "Join Type": "Inner",
        "Startup Cost": 466960.53,
        "Total Cost": 605490.36,
        "Plan Rows": 280112,
        "Plan Width": 33,
        "Actual Startup Time": 1969.802,
        "Actual Total Time": 2046.044,
        "Actual Rows": 0,
        "Actual Loops": 1,
        "Inner Unique": false,
        "Merge Cond": "(chn.id = ci.person_role_id)",
        "Plans": [
          {
            "Node Type": "Index Scan",
            "Parent Relationship": "Outer",
            "Parallel Aware": false,
            "Scan Direction": "Forward",
            "Index Name": "char_name_pkey",
            "Relation Name": "char_name",
            "Alias": "chn",
            "Startup Cost": 0.43,
            "Total Cost": 128716.85,
            "Plan Rows": 3140339,
            "Plan Width": 20,
            "Actual Startup Time": 0.013,
            "Actual Total Time": 0.016,
            "Actual Rows": 1,
            "Actual Loops": 1
          },
          {
            "Node Type": "Sort",
            "Parent Relationship": "Inner",
            "Parallel Aware": false,
            "Startup Cost": 466894.81,
            "Total Cost": 467595.09,
            "Plan Rows": 280112,
            "Plan Width": 21,
            "Actual Startup Time": 1969.777,
            "Actual Total Time": 2046.013,
            "Actual Rows": 1,
            "Actual Loops": 1,
            "Sort Key": [
              "ci.person_role_id"
            ],
            "Sort Method": "quicksort",
            "Sort Space Used": 31317,
            "Sort Space Type": "Memory",
            "Plans": [
              {
                "Node Type": "Gather",
                "Parent Relationship": "Outer",
                "Parallel Aware": false,
                "Startup Cost": 51792.13,
                "Total Cost": 441550.78,
                "Plan Rows": 280112,
                "Plan Width": 21,
                "Actual Startup Time": 756.97,
                "Actual Total Time": 1960.971,
                "Actual Rows": 292003,
                "Actual Loops": 1,
                "Workers Planned": 6,
                "Workers Launched": 6,
                "Single Copy": false,
                "Plans": [
                  {
                    "Node Type": "Hash Join",
                    "Parent Relationship": "Outer",
                    "Parallel Aware": true,
                    "Join Type": "Inner",
                    "Startup Cost": 50792.13,
                    "Total Cost": 412539.58,
                    "Plan Rows": 46685,
                    "Plan Width": 21,
                    "Actual Startup Time": 747.677,
                    "Actual Total Time": 1913.649,
                    "Actual Rows": 41715,
                    "Actual Loops": 7,
                    "Inner Unique": true,
                    "Hash Cond": "(mc.company_id = cn.id)",
                    "Plans": [
                      {
                        "Node Type": "Hash Join",
                        "Parent Relationship": "Outer",
                        "Parallel Aware": false,
                        "Join Type": "Inner",
                        "Startup Cost": 45444.74,
                        "Total Cost": 406853.08,
                        "Plan Rows": 129179,
                        "Plan Width": 25,
                        "Actual Startup Time": 725.646,
                        "Actual Total Time": 1867.733,
                        "Actual Rows": 73196,
                        "Actual Loops": 7,
                        "Inner Unique": true,
                        "Hash Cond": "(mc.company_type_id = ct.id)",
                        "Plans": [
                          {
                            "Node Type": "Nested Loop",
                            "Parent Relationship": "Outer",
                            "Parallel Aware": false,
                            "Join Type": "Inner",
                            "Startup Cost": 45443.65,
                            "Total Cost": 406153.61,
                            "Plan Rows": 129179,
                            "Plan Width": 29,
                            "Actual Startup Time": 725.54,
                            "Actual Total Time": 1849.05,
                            "Actual Rows": 73196,
                            "Actual Loops": 7,
                            "Inner Unique": false,
                            "Join Filter": "(t.id = mc.movie_id)",
                            "Rows Removed by Join Filter": 0,
                            "Plans": [
                              {
                                "Node Type": "Hash Join",
                                "Parent Relationship": "Outer",
                                "Parallel Aware": false,
                                "Join Type": "Inner",
                                "Startup Cost": 45443.22,
                                "Total Cost": 374495.0,
                                "Plan Rows": 48229,
                                "Plan Width": 29,
                                "Actual Startup Time": 725.402,
                                "Actual Total Time": 1517.973,
                                "Actual Rows": 30824,
                                "Actual Loops": 7,
                                "Inner Unique": true,
                                "Hash Cond": "(ci.role_id = rt.id)",
                                "Plans": [
                                  {
                                    "Node Type": "Hash Join",
                                    "Parent Relationship": "Outer",
                                    "Parallel Aware": true,
                                    "Join Type": "Inner",
                                    "Startup Cost": 45441.95,
                                    "Total Cost": 374322.42,
                                    "Plan Rows": 48229,
                                    "Plan Width": 33,
                                    "Actual Startup Time": 725.294,
                                    "Actual Total Time": 1510.796,
                                    "Actual Rows": 30824,
                                    "Actual Loops": 7,
                                    "Inner Unique": true,
                                    "Hash Cond": "(ci.movie_id = t.id)",
                                    "Plans": [
                                      {
                                        "Node Type": "Seq Scan",
                                        "Parent Relationship": "Outer",
                                        "Parallel Aware": true,
                                        "Relation Name": "cast_info",
                                        "Alias": "ci",
                                        "Startup Cost": 0.0,
                                        "Total Cost": 328232.2,
                                        "Plan Rows": 246960,
                                        "Plan Width": 12,
                                        "Actual Startup Time": 224.271,
                                        "Actual Total Time": 1218.307,
                                        "Actual Rows": 205063,
                                        "Actual Loops": 7,
                                        "Filter": "(note ~~ '%(producer)%'::text)",
                                        "Rows Removed by Filter": 4972701
                                      },
                                      {
                                        "Node Type": "Hash",
                                        "Parent Relationship": "Inner",
                                        "Parallel Aware": true,
                                        "Startup Cost": 43898.97,
                                        "Total Cost": 43898.97,
                                        "Plan Rows": 123438,
                                        "Plan Width": 21,
                                        "Actual Startup Time": 171.558,
                                        "Actual Total Time": 171.56,
                                        "Actual Rows": 68514,
                                        "Actual Loops": 7,
                                        "Hash Buckets": 524288,
                                        "Original Hash Buckets": 524288,
                                        "Hash Batches": 1,
                                        "Original Hash Batches": 1,
                                        "Peak Memory Usage": 31584,
                                        "Plans": [
                                          {
                                            "Node Type": "Seq Scan",
                                            "Parent Relationship": "Outer",
                                            "Parallel Aware": true,
                                            "Relation Name": "title",
                                            "Alias": "t",
                                            "Startup Cost": 0.0,
                                            "Total Cost": 43898.97,
                                            "Plan Rows": 123438,
                                            "Plan Width": 21,
                                            "Actual Startup Time": 0.056,
                                            "Actual Total Time": 119.407,
                                            "Actual Rows": 68514,
                                            "Actual Loops": 7,
                                            "Filter": "(production_year < 1978)",
                                            "Rows Removed by Filter": 292673
                                          }
                                        ]
                                      }
                                    ]
                                  },
                                  {
                                    "Node Type": "Hash",
                                    "Parent Relationship": "Inner",
                                    "Parallel Aware": false,
                                    "Startup Cost": 1.12,
                                    "Total Cost": 1.12,
                                    "Plan Rows": 12,
                                    "Plan Width": 4,
                                    "Actual Startup Time": 0.046,
                                    "Actual Total Time": 0.049,
                                    "Actual Rows": 12,
                                    "Actual Loops": 7,
                                    "Hash Buckets": 1024,
                                    "Original Hash Buckets": 1024,
                                    "Hash Batches": 1,
                                    "Original Hash Batches": 1,
                                    "Peak Memory Usage": 9,
                                    "Plans": [
                                      {
                                        "Node Type": "Seq Scan",
                                        "Parent Relationship": "Outer",
                                        "Parallel Aware": false,
                                        "Relation Name": "role_type",
                                        "Alias": "rt",
                                        "Startup Cost": 0.0,
                                        "Total Cost": 1.12,
                                        "Plan Rows": 12,
                                        "Plan Width": 4,
                                        "Actual Startup Time": 0.029,
                                        "Actual Total Time": 0.032,
                                        "Actual Rows": 12,
                                        "Actual Loops": 7
                                      }
                                    ]
                                  }
                                ]
                              },
                              {
                                "Node Type": "Index Scan",
                                "Parent Relationship": "Inner",
                                "Parallel Aware": false,
                                "Scan Direction": "Forward",
                                "Index Name": "movie_id_movie_companies",
                                "Relation Name": "movie_companies",
                                "Alias": "mc",
                                "Startup Cost": 0.43,
                                "Total Cost": 0.59,
                                "Plan Rows": 5,
                                "Plan Width": 12,
                                "Actual Startup Time": 0.008,
                                "Actual Total Time": 0.01,
                                "Actual Rows": 2,
                                "Actual Loops": 215765,
                                "Index Cond": "(movie_id = ci.movie_id)",
                                "Rows Removed by Index Recheck": 0
                              }
                            ]
                          },
                          {
                            "Node Type": "Hash",
                            "Parent Relationship": "Inner",
                            "Parallel Aware": false,
                            "Startup Cost": 1.04,
                            "Total Cost": 1.04,
                            "Plan Rows": 4,
                            "Plan Width": 4,
                            "Actual Startup Time": 0.057,
                            "Actual Total Time": 0.062,
                            "Actual Rows": 4,
                            "Actual Loops": 7,
                            "Hash Buckets": 1024,
                            "Original Hash Buckets": 1024,
                            "Hash Batches": 1,
                            "Original Hash Batches": 1,
                            "Peak Memory Usage": 9,
                            "Plans": [
                              {
                                "Node Type": "Seq Scan",
                                "Parent Relationship": "Outer",
                                "Parallel Aware": false,
                                "Relation Name": "company_type",
                                "Alias": "ct",
                                "Startup Cost": 0.0,
                                "Total Cost": 1.04,
                                "Plan Rows": 4,
                                "Plan Width": 4,
                                "Actual Startup Time": 0.043,
                                "Actual Total Time": 0.047,
                                "Actual Rows": 4,
                                "Actual Loops": 7
                              }
                            ]
                          }
                        ]
                      },
                      {
                        "Node Type": "Hash",
                        "Parent Relationship": "Inner",
                        "Parallel Aware": true,
                        "Startup Cost": 4722.92,
                        "Total Cost": 4722.92,
                        "Plan Rows": 49958,
                        "Plan Width": 4,
                        "Actual Startup Time": 20.112,
                        "Actual Total Time": 20.114,
                        "Actual Rows": 12120,
                        "Actual Loops": 7,
                        "Hash Buckets": 131072,
                        "Original Hash Buckets": 131072,
                        "Hash Batches": 1,
                        "Original Hash Batches": 1,
                        "Peak Memory Usage": 4448,
                        "Plans": [
                          {
                            "Node Type": "Seq Scan",
                            "Parent Relationship": "Outer",
                            "Parallel Aware": true,
                            "Relation Name": "company_name",
                            "Alias": "cn",
                            "Startup Cost": 0.0,
                            "Total Cost": 4722.92,
                            "Plan Rows": 49958,
                            "Plan Width": 4,
                            "Actual Startup Time": 0.059,
                            "Actual Total Time": 13.134,
                            "Actual Rows": 12120,
                            "Actual Loops": 7,
                            "Filter": "((country_code)::text = '[us]'::text)",
                            "Rows Removed by Filter": 21451
                          }
                        ]
                      }
                    ]
                  }
                ]
              }
            ]
          }
        ]
      }
    ]
  },
  "Planning Time": 3.846,
  "Triggers": [],
  "Execution Time": 2052.597
}