{
  "Plan": {
    "Node Type": "Aggregate",
    "Strategy": "Plain",
    "Partial Mode": "Simple",
    "Parallel Aware": false,
    "Startup Cost": 1278283.68,
    "Total Cost": 1278283.69,
    "Plan Rows": 1,
    "Plan Width": 64,
    "Actual Startup Time": 3267.648,
    "Actual Total Time": 3306.939,
    "Actual Rows": 1,
    "Actual Loops": 1,
    "Plans": [
      {
        "Node Type": "Hash Join",
        "Parent Relationship": "Outer",
        "Parallel Aware": false,
        "Join Type": "Inner",
        "Startup Cost": 1213417.82,
        "Total Cost": 1277027.2,
        "Plan Rows": 251296,
        "Plan Width": 33,
        "Actual Startup Time": 3267.642,
        "Actual Total Time": 3306.932,
        "Actual Rows": 0,
        "Actual Loops": 1,
        "Inner Unique": true,
        "Hash Cond": "(ci.role_id = rt.id)",
        "Plans": [
          {
            "Node Type": "Nested Loop",
            "Parent Relationship": "Outer",
            "Parallel Aware": false,
            "Join Type": "Inner",
            "Startup Cost": 1213416.55,
            "Total Cost": 1276133.31,
            "Plan Rows": 251296,
            "Plan Width": 37,
            "Actual Startup Time": 3267.538,
            "Actual Total Time": 3306.826,
            "Actual Rows": 0,
            "Actual Loops": 1,
            "Inner Unique": false,
            "Join Filter": "(mc.company_type_id = ct.id)",
            "Rows Removed by Join Filter": 0,
            "Plans": [
              {
                "Node Type": "Seq Scan",
                "Parent Relationship": "Outer",
                "Parallel Aware": false,
                "Relation Name": "company_type",
                "Alias": "ct",
                "Startup Cost": 0.0,
                "Total Cost": 1.04,
                "Plan Rows": 4,
                "Plan Width": 4,
                "Actual Startup Time": 0.009,
                "Actual Total Time": 0.013,
                "Actual Rows": 4,
                "Actual Loops": 1
              },
              {
                "Node Type": "Materialize",
                "Parent Relationship": "Inner",
                "Parallel Aware": false,
                "Startup Cost": 1213416.55,
                "Total Cost": 1261682.75,
                "Plan Rows": 251296,
                "Plan Width": 41,
                "Actual Startup Time": 816.88,
                "Actual Total Time": 826.702,
                "Actual Rows": 0,
                "Actual Loops": 4,
                "Plans": [
                  {
                    "Node Type": "Hash Join",
                    "Parent Relationship": "Outer",
                    "Parallel Aware": false,
                    "Join Type": "Inner",
                    "Startup Cost": 1213416.55,
                    "Total Cost": 1260426.27,
                    "Plan Rows": 251296,
                    "Plan Width": 41,
                    "Actual Startup Time": 3267.509,
                    "Actual Total Time": 3306.796,
                    "Actual Rows": 0,
                    "Actual Loops": 1,
                    "Inner Unique": true,
                    "Hash Cond": "(mc.movie_id = t.id)",
                    "Plans": [
                      {
                        "Node Type": "Merge Join",
                        "Parent Relationship": "Outer",
                        "Parallel Aware": false,
                        "Join Type": "Inner",
                        "Startup Cost": 1139825.18,
                        "Total Cost": 1183352.48,
                        "Plan Rows": 1326630,
                        "Plan Width": 32,
                        "Actual Startup Time": 2324.455,
                        "Actual Total Time": 2485.055,
                        "Actual Rows": 14,
                        "Actual Loops": 1,
                        "Inner Unique": false,
                        "Merge Cond": "(cn.id = mc.company_id)",
                        "Plans": [
                          {
                            "Node Type": "Index Scan",
                            "Parent Relationship": "Outer",
                            "Parallel Aware": false,
                            "Scan Direction": "Forward",
                            "Index Name": "company_name_pkey",
                            "Relation Name": "company_name",
                            "Alias": "cn",
                            "Startup Cost": 0.42,
                            "Total Cost": 12469.43,
                            "Plan Rows": 85931,
                            "Plan Width": 4,
                            "Actual Startup Time": 0.052,
                            "Actual Total Time": 123.587,
                            "Actual Rows": 57716,
                            "Actual Loops": 1,
                            "Filter": "((country_code)::text = '[us]'::text)",
                            "Rows Removed by Filter": 101861
                          },
                          {
                            "Node Type": "Sort",
                            "Parent Relationship": "Inner",
                            "Parallel Aware": false,
                            "Startup Cost": 1139270.1,
                            "Total Cost": 1148340.0,
                            "Plan Rows": 3627959,
                            "Plan Width": 36,
                            "Actual Startup Time": 2317.406,
                            "Actual Total Time": 2356.701,
                            "Actual Rows": 31,
                            "Actual Loops": 1,
                            "Sort Key": [
                              "mc.company_id"
                            ],
                            "Sort Method": "quicksort",
                            "Sort Space Used": 27,
                            "Sort Space Type": "Memory",
                            "Plans": [
                              {
                                "Node Type": "Hash Join",
                                "Parent Relationship": "Outer",
                                "Parallel Aware": false,
                                "Join Type": "Inner",
                                "Startup Cost": 535634.87,
                                "Total Cost": 743990.79,
                                "Plan Rows": 3627959,
                                "Plan Width": 36,
                                "Actual Startup Time": 1736.177,
                                "Actual Total Time": 2356.431,
                                "Actual Rows": 31,
                                "Actual Loops": 1,
                                "Inner Unique": false,
                                "Hash Cond": "(mc.movie_id = ci.movie_id)",
                                "Plans": [
                                  {
                                    "Node Type": "Seq Scan",
                                    "Parent Relationship": "Outer",
                                    "Parallel Aware": false,
                                    "Relation Name": "movie_companies",
                                    "Alias": "mc",
                                    "Startup Cost": 0.0,
                                    "Total Cost": 44881.29,
                                    "Plan Rows": 2609129,
                                    "Plan Width": 12,
                                    "Actual Startup Time": 0.026,
                                    "Actual Total Time": 307.829,
                                    "Actual Rows": 2609129,
                                    "Actual Loops": 1
                                  },
                                  {
                                    "Node Type": "Hash",
                                    "Parent Relationship": "Inner",
                                    "Parallel Aware": false,
                                    "Startup Cost": 518778.33,
                                    "Total Cost": 518778.33,
                                    "Plan Rows": 1348523,
                                    "Plan Width": 24,
                                    "Actual Startup Time": 1531.539,
                                    "Actual Total Time": 1570.82,
                                    "Actual Rows": 15,
                                    "Actual Loops": 1,
                                    "Hash Buckets": 2097152,
                                    "Original Hash Buckets": 2097152,
                                    "Hash Batches": 1,
                                    "Original Hash Batches": 1,
                                    "Peak Memory Usage": 16385,
                                    "Plans": [
                                      {
                                        "Node Type": "Gather",
                                        "Parent Relationship": "Outer",
                                        "Parallel Aware": false,
                                        "Startup Cost": 55111.92,
                                        "Total Cost": 518778.33,
                                        "Plan Rows": 1348523,
                                        "Plan Width": 24,
                                        "Actual Startup Time": 668.388,
                                        "Actual Total Time": 1570.757,
                                        "Actual Rows": 15,
                                        "Actual Loops": 1,
                                        "Workers Planned": 6,
                                        "Workers Launched": 6,
                                        "Single Copy": false,
                                        "Plans": [
                                          {
                                            "Node Type": "Hash Join",
                                            "Parent Relationship": "Outer",
                                            "Parallel Aware": true,
                                            "Join Type": "Inner",
                                            "Startup Cost": 54111.92,
                                            "Total Cost": 382926.03,
                                            "Plan Rows": 224754,
                                            "Plan Width": 24,
                                            "Actual Startup Time": 738.242,
                                            "Actual Total Time": 1479.975,
                                            "Actual Rows": 2,
                                            "Actual Loops": 7,
                                            "Inner Unique": true,
                                            "Hash Cond": "(ci.person_role_id = chn.id)",
                                            "Plans": [
                                              {
                                                "Node Type": "Seq Scan",
                                                "Parent Relationship": "Outer",
                                                "Parallel Aware": true,
                                                "Relation Name": "cast_info",
                                                "Alias": "ci",
                                                "Startup Cost": 0.0,
                                                "Total Cost": 328224.13,
                                                "Plan Rows": 224754,
                                                "Plan Width": 12,
                                                "Actual Startup Time": 180.62,
                                                "Actual Total Time": 981.96,
                                                "Actual Rows": 205063,
                                                "Actual Loops": 7,
                                                "Filter": "(note ~~ '%(producer)%'::text)",
                                                "Rows Removed by Filter": 4972701
                                              },
                                              {
                                                "Node Type": "Hash",
                                                "Parent Relationship": "Inner",
                                                "Parallel Aware": true,
                                                "Startup Cost": 44298.63,
                                                "Total Cost": 44298.63,
                                                "Plan Rows": 785063,
                                                "Plan Width": 20,
                                                "Actual Startup Time": 476.297,
                                                "Actual Total Time": 476.298,
                                                "Actual Rows": 448620,
                                                "Actual Loops": 7,
                                                "Hash Buckets": 4194304,
                                                "Original Hash Buckets": 4194304,
                                                "Hash Batches": 1,
                                                "Original Hash Batches": 1,
                                                "Peak Memory Usage": 205088,
                                                "Plans": [
                                                  {
                                                    "Node Type": "Seq Scan",
                                                    "Parent Relationship": "Outer",
                                                    "Parallel Aware": true,
                                                    "Relation Name": "char_name",
                                                    "Alias": "chn",
                                                    "Startup Cost": 0.0,
                                                    "Total Cost": 44298.63,
                                                    "Plan Rows": 785063,
                                                    "Plan Width": 20,
                                                    "Actual Startup Time": 0.099,
                                                    "Actual Total Time": 147.705,
                                                    "Actual Rows": 448620,
                                                    "Actual Loops": 7
                                                  }
                                                ]
                                              }
                                            ]
                                          }
                                        ]
                                      }
                                    ]
                                  }
                                ]
                              }
                            ]
                          }
                        ]
                      },
                      {
                        "Node Type": "Hash",
                        "Parent Relationship": "Inner",
                        "Parallel Aware": false,
                        "Startup Cost": 67604.36,
                        "Total Cost": 67604.36,
                        "Plan Rows": 478961,
                        "Plan Width": 21,
                        "Actual Startup Time": 816.863,
                        "Actual Total Time": 816.864,
                        "Actual Rows": 479601,
                        "Actual Loops": 1,
                        "Hash Buckets": 524288,
                        "Original Hash Buckets": 524288,
                        "Hash Batches": 1,
                        "Original Hash Batches": 1,
                        "Peak Memory Usage": 30392,
                        "Plans": [
                          {
                            "Node Type": "Seq Scan",
                            "Parent Relationship": "Outer",
                            "Parallel Aware": false,
                            "Relation Name": "title",
                            "Alias": "t",
                            "Startup Cost": 0.0,
                            "Total Cost": 67604.36,
                            "Plan Rows": 478961,
                            "Plan Width": 21,
                            "Actual Startup Time": 0.055,
                            "Actual Total Time": 574.394,
                            "Actual Rows": 479601,
                            "Actual Loops": 1,
                            "Filter": "(production_year < 1978)",
                            "Rows Removed by Filter": 2048711
                          }
                        ]
                      }
                    ]
                  }
                ]
              }
            ]
          },
          {
            "Node Type": "Hash",
            "Parent Relationship": "Inner",
            "Parallel Aware": false,
            "Startup Cost": 1.12,
            "Total Cost": 1.12,
            "Plan Rows": 12,
            "Plan Width": 4,
            "Actual Startup Time": 0.039,
            "Actual Total Time": 0.04,
            "Actual Rows": 12,
            "Actual Loops": 1,
            "Hash Buckets": 1024,
            "Original Hash Buckets": 1024,
            "Hash Batches": 1,
            "Original Hash Batches": 1,
            "Peak Memory Usage": 9,
            "Plans": [
              {
                "Node Type": "Seq Scan",
                "Parent Relationship": "Outer",
                "Parallel Aware": false,
                "Relation Name": "role_type",
                "Alias": "rt",
                "Startup Cost": 0.0,
                "Total Cost": 1.12,
                "Plan Rows": 12,
                "Plan Width": 4,
                "Actual Startup Time": 0.016,
                "Actual Total Time": 0.021,
                "Actual Rows": 12,
                "Actual Loops": 1
              }
            ]
          }
        ]
      }
    ]
  },
  "Planning Time": 12.053,
  "Triggers": [],
  "Execution Time": 3309.583
}