[
  {
    "Plan": {
      "Node Type": "Aggregate",
      "Strategy": "Plain",
      "Partial Mode": "Finalize",
      "Parallel Aware": false,
      "Startup Cost": 46575.81,
      "Total Cost": 46575.82,
      "Plan Rows": 1,
      "Plan Width": 8,
      "Actual Startup Time": 87.018,
      "Actual Total Time": 97.55,
      "Actual Rows": 1,
      "Actual Loops": 1,
      "Plans": [
        {
          "Node Type": "Gather",
          "Parent Relationship": "Outer",
          "Parallel Aware": false,
          "Startup Cost": 46575.39,
          "Total Cost": 46575.8,
          "Plan Rows": 4,
          "Plan Width": 8,
          "Actual Startup Time": 86.902,
          "Actual Total Time": 97.543,
          "Actual Rows": 5,
          "Actual Loops": 1,
          "Workers Planned": 4,
          "Workers Launched": 4,
          "Single Copy": false,
          "Plans": [
            {
              "Node Type": "Aggregate",
              "Strategy": "Plain",
              "Partial Mode": "Partial",
              "Parent Relationship": "Outer",
              "Parallel Aware": false,
              "Startup Cost": 45575.39,
              "Total Cost": 45575.4,
              "Plan Rows": 1,
              "Plan Width": 8,
              "Actual Startup Time": 80.422,
              "Actual Total Time": 80.423,
              "Actual Rows": 1,
              "Actual Loops": 5,
              "Plans": [
                {
                  "Node Type": "Seq Scan",
                  "Parent Relationship": "Outer",
                  "Parallel Aware": true,
                  "Relation Name": "title",
                  "Alias": "t",
                  "Startup Cost": 0.0,
                  "Total Cost": 45479.59,
                  "Plan Rows": 38322,
                  "Plan Width": 0,
                  "Actual Startup Time": 0.04,
                  "Actual Total Time": 79.509,
                  "Actual Rows": 12032,
                  "Actual Loops": 5,
                  "Filter": "((kind_id > 4) AND (production_year < 1962))",
                  "Rows Removed by Filter": 493630
                }
              ]
            }
          ]
        }
      ]
    },
    "Planning Time": 0.091,
    "Triggers": [],
    "Execution Time": 97.584
  }
]