{
  "Plan": {
    "Node Type": "Aggregate",
    "Strategy": "Plain",
    "Partial Mode": "Finalize",
    "Parallel Aware": false,
    "Startup Cost": 582403.9,
    "Total Cost": 582403.91,
    "Plan Rows": 1,
    "Plan Width": 8,
    "Actual Startup Time": 3214.693,
    "Actual Total Time": 3267.379,
    "Actual Rows": 1,
    "Actual Loops": 1,
    "Plans": [
      {
        "Node Type": "Gather",
        "Parent Relationship": "Outer",
        "Parallel Aware": false,
        "Startup Cost": 582403.79,
        "Total Cost": 582403.9,
        "Plan Rows": 1,
        "Plan Width": 8,
        "Actual Startup Time": 3214.555,
        "Actual Total Time": 3267.37,
        "Actual Rows": 2,
        "Actual Loops": 1,
        "Workers Planned": 1,
        "Workers Launched": 1,
        "Single Copy": false,
        "Plans": [
          {
            "Node Type": "Aggregate",
            "Strategy": "Plain",
            "Partial Mode": "Partial",
            "Parent Relationship": "Outer",
            "Parallel Aware": false,
            "Startup Cost": 581403.79,
            "Total Cost": 581403.8,
            "Plan Rows": 1,
            "Plan Width": 8,
            "Actual Startup Time": 3208.869,
            "Actual Total Time": 3208.872,
            "Actual Rows": 1,
            "Actual Loops": 2,
            "Plans": [
              {
                "Node Type": "Hash Join",
                "Parent Relationship": "Outer",
                "Parallel Aware": true,
                "Join Type": "Inner",
                "Startup Cost": 58659.29,
                "Total Cost": 580392.65,
                "Plan Rows": 404458,
                "Plan Width": 0,
                "Actual Startup Time": 139.462,
                "Actual Total Time": 3194.284,
                "Actual Rows": 314684,
                "Actual Loops": 2,
                "Inner Unique": true,
                "Hash Cond": "(ci.movie_id = t.id)",
                "Plans": [
                  {
                    "Node Type": "Seq Scan",
                    "Parent Relationship": "Outer",
                    "Parallel Aware": true,
                    "Relation Name": "cast_info",
                    "Alias": "ci",
                    "Startup Cost": 0.0,
                    "Total Cost": 465792.95,
                    "Plan Rows": 21310595,
                    "Plan Width": 4,
                    "Actual Startup Time": 0.011,
                    "Actual Total Time": 1319.681,
                    "Actual Rows": 18122172,
                    "Actual Loops": 2
                  },
                  {
                    "Node Type": "Hash",
                    "Parent Relationship": "Inner",
                    "Parallel Aware": true,
                    "Startup Cost": 58306.47,
                    "Total Cost": 58306.47,
                    "Plan Rows": 28226,
                    "Plan Width": 4,
                    "Actual Startup Time": 137.976,
                    "Actual Total Time": 137.977,
                    "Actual Rows": 19376,
                    "Actual Loops": 2,
                    "Hash Buckets": 65536,
                    "Original Hash Buckets": 65536,
                    "Hash Batches": 1,
                    "Original Hash Batches": 1,
                    "Peak Memory Usage": 2080,
                    "Plans": [
                      {
                        "Node Type": "Seq Scan",
                        "Parent Relationship": "Outer",
                        "Parallel Aware": true,
                        "Relation Name": "title",
                        "Alias": "t",
                        "Startup Cost": 0.0,
                        "Total Cost": 58306.47,
                        "Plan Rows": 28226,
                        "Plan Width": 4,
                        "Actual Startup Time": 0.299,
                        "Actual Total Time": 132.844,
                        "Actual Rows": 19376,
                        "Actual Loops": 2,
                        "Filter": "((kind_id < 7) AND (production_year = 2008))",
                        "Rows Removed by Filter": 1244780
                      }
                    ]
                  }
                ]
              }
            ]
          }
        ]
      }
    ]
  },
  "Planning Time": 0.455,
  "Triggers": [],
  "Execution Time": 3267.464
}