{
  "Plan": {
    "Node Type": "Aggregate",
    "Strategy": "Plain",
    "Partial Mode": "Finalize",
    "Parallel Aware": false,
    "Startup Cost": 953455.33,
    "Total Cost": 953455.34,
    "Plan Rows": 1,
    "Plan Width": 8,
    "Actual Startup Time": 4458.755,
    "Actual Total Time": 4523.182,
    "Actual Rows": 1,
    "Actual Loops": 1,
    "Plans": [
      {
        "Node Type": "Gather",
        "Parent Relationship": "Outer",
        "Parallel Aware": false,
        "Startup Cost": 953455.22,
        "Total Cost": 953455.33,
        "Plan Rows": 1,
        "Plan Width": 8,
        "Actual Startup Time": 4453.623,
        "Actual Total Time": 4523.171,
        "Actual Rows": 2,
        "Actual Loops": 1,
        "Workers Planned": 1,
        "Workers Launched": 1,
        "Single Copy": false,
        "Plans": [
          {
            "Node Type": "Aggregate",
            "Strategy": "Plain",
            "Partial Mode": "Partial",
            "Parent Relationship": "Outer",
            "Parallel Aware": false,
            "Startup Cost": 952455.22,
            "Total Cost": 952455.23,
            "Plan Rows": 1,
            "Plan Width": 8,
            "Actual Startup Time": 4441.686,
            "Actual Total Time": 4443.034,
            "Actual Rows": 1,
            "Actual Loops": 2,
            "Plans": [
              {
                "Node Type": "Hash Join",
                "Parent Relationship": "Outer",
                "Parallel Aware": true,
                "Join Type": "Inner",
                "Startup Cost": 562617.96,
                "Total Cost": 938930.92,
                "Plan Rows": 5409722,
                "Plan Width": 0,
                "Actual Startup Time": 2719.436,
                "Actual Total Time": 4338.488,
                "Actual Rows": 2381706,
                "Actual Loops": 2,
                "Inner Unique": false,
                "Hash Cond": "(ci.movie_id = t.id)",
                "Plans": [
                  {
                    "Node Type": "Bitmap Heap Scan",
                    "Parent Relationship": "Outer",
                    "Parallel Aware": true,
                    "Relation Name": "cast_info",
                    "Alias": "ci",
                    "Startup Cost": 196971.91,
                    "Total Cost": 515233.24,
                    "Plan Rows": 5245946,
                    "Plan Width": 4,
                    "Actual Startup Time": 718.677,
                    "Actual Total Time": 1178.434,
                    "Actual Rows": 4528810,
                    "Actual Loops": 2,
                    "Recheck Cond": "(person_id < 891896)",
                    "Rows Removed by Index Recheck": 0,
                    "Exact Heap Blocks": 49780,
                    "Lossy Heap Blocks": 0,
                    "Plans": [
                      {
                        "Node Type": "Bitmap Index Scan",
                        "Parent Relationship": "Outer",
                        "Parallel Aware": false,
                        "Index Name": "person_id_cast_info",
                        "Startup Cost": 0.0,
                        "Total Cost": 194742.38,
                        "Plan Rows": 8918109,
                        "Plan Width": 0,
                        "Actual Startup Time": 692.627,
                        "Actual Total Time": 692.628,
                        "Actual Rows": 9057620,
                        "Actual Loops": 1,
                        "Index Cond": "(person_id < 891896)"
                      }
                    ]
                  },
                  {
                    "Node Type": "Hash",
                    "Parent Relationship": "Inner",
                    "Parallel Aware": true,
                    "Startup Cost": 346475.27,
                    "Total Cost": 346475.27,
                    "Plan Rows": 1533662,
                    "Plan Width": 8,
                    "Actual Startup Time": 1979.008,
                    "Actual Total Time": 1980.354,
                    "Actual Rows": 426320,
                    "Actual Loops": 2,
                    "Hash Buckets": 4194304,
                    "Original Hash Buckets": 4194304,
                    "Hash Batches": 1,
                    "Original Hash Batches": 1,
                    "Peak Memory Usage": 66144,
                    "Plans": [
                      {
                        "Node Type": "Hash Join",
                        "Parent Relationship": "Outer",
                        "Parallel Aware": true,
                        "Join Type": "Inner",
                        "Startup Cost": 68258.63,
                        "Total Cost": 346475.27,
                        "Plan Rows": 1533662,
                        "Plan Width": 8,
                        "Actual Startup Time": 393.505,
                        "Actual Total Time": 1821.545,
                        "Actual Rows": 426320,
                        "Actual Loops": 2,
                        "Inner Unique": true,
                        "Hash Cond": "(mi.movie_id = t.id)",
                        "Plans": [
                          {
                            "Node Type": "Seq Scan",
                            "Parent Relationship": "Outer",
                            "Parallel Aware": true,
                            "Relation Name": "movie_info",
                            "Alias": "mi",
                            "Startup Cost": 0.0,
                            "Total Cost": 270696.42,
                            "Plan Rows": 2864842,
                            "Plan Width": 4,
                            "Actual Startup Time": 0.013,
                            "Actual Total Time": 744.731,
                            "Actual Rows": 2461983,
                            "Actual Loops": 2,
                            "Filter": "(info_type_id < 5)",
                            "Rows Removed by Filter": 4955877
                          },
                          {
                            "Node Type": "Hash",
                            "Parent Relationship": "Inner",
                            "Parallel Aware": true,
                            "Startup Cost": 58306.47,
                            "Total Cost": 58306.47,
                            "Plan Rows": 796173,
                            "Plan Width": 4,
                            "Actual Startup Time": 387.671,
                            "Actual Total Time": 387.672,
                            "Actual Rows": 663890,
                            "Actual Loops": 2,
                            "Hash Buckets": 2097152,
                            "Original Hash Buckets": 2097152,
                            "Hash Batches": 1,
                            "Original Hash Batches": 1,
                            "Peak Memory Usage": 68352,
                            "Plans": [
                              {
                                "Node Type": "Seq Scan",
                                "Parent Relationship": "Outer",
                                "Parallel Aware": true,
                                "Relation Name": "title",
                                "Alias": "t",
                                "Startup Cost": 0.0,
                                "Total Cost": 58306.47,
                                "Plan Rows": 796173,
                                "Plan Width": 4,
                                "Actual Startup Time": 0.028,
                                "Actual Total Time": 188.334,
                                "Actual Rows": 663890,
                                "Actual Loops": 2,
                                "Filter": "((production_year < 2012) AND (kind_id = 7))",
                                "Rows Removed by Filter": 600266
                              }
                            ]
                          }
                        ]
                      }
                    ]
                  }
                ]
              }
            ]
          }
        ]
      }
    ]
  },
  "Planning Time": 1.062,
  "Triggers": [],
  "Execution Time": 4523.356
}