[
  {
    "Plan": {
      "Node Type": "Aggregate",
      "Strategy": "Plain",
      "Partial Mode": "Simple",
      "Parallel Aware": false,
      "Startup Cost": 3790.07,
      "Total Cost": 3790.08,
      "Plan Rows": 1,
      "Plan Width": 96,
      "Actual Startup Time": 184.989,
      "Actual Total Time": 184.999,
      "Actual Rows": 1,
      "Actual Loops": 1,
      "Plans": [
        {
          "Node Type": "Nested Loop",
          "Parent Relationship": "Outer",
          "Parallel Aware": false,
          "Join Type": "Inner",
          "Startup Cost": 15.49,
          "Total Cost": 3790.06,
          "Plan Rows": 1,
          "Plan Width": 48,
          "Actual Startup Time": 83.042,
          "Actual Total Time": 184.751,
          "Actual Rows": 1260,
          "Actual Loops": 1,
          "Inner Unique": true,
          "Plans": [
            {
              "Node Type": "Nested Loop",
              "Parent Relationship": "Outer",
              "Parallel Aware": false,
              "Join Type": "Inner",
              "Startup Cost": 15.06,
              "Total Cost": 3789.39,
              "Plan Rows": 1,
              "Plan Width": 36,
              "Actual Startup Time": 83.0,
              "Actual Total Time": 183.243,
              "Actual Rows": 1260,
              "Actual Loops": 1,
              "Inner Unique": false,
              "Join Filter": "(n.id = an.person_id)",
              "Rows Removed by Join Filter": 0,
              "Plans": [
                {
                  "Node Type": "Nested Loop",
                  "Parent Relationship": "Outer",
                  "Parallel Aware": false,
                  "Join Type": "Inner",
                  "Startup Cost": 14.63,
                  "Total Cost": 3788.89,
                  "Plan Rows": 1,
                  "Plan Width": 48,
                  "Actual Startup Time": 82.962,
                  "Actual Total Time": 182.534,
                  "Actual Rows": 252,
                  "Actual Loops": 1,
                  "Inner Unique": true,
                  "Plans": [
                    {
                      "Node Type": "Nested Loop",
                      "Parent Relationship": "Outer",
                      "Parallel Aware": false,
                      "Join Type": "Inner",
                      "Startup Cost": 14.49,
                      "Total Cost": 3788.7,
                      "Plan Rows": 1,
                      "Plan Width": 52,
                      "Actual Startup Time": 82.946,
                      "Actual Total Time": 182.295,
                      "Actual Rows": 252,
                      "Actual Loops": 1,
                      "Inner Unique": false,
                      "Join Filter": "(t.id = mi.movie_id)",
                      "Rows Removed by Join Filter": 0,
                      "Plans": [
                        {
                          "Node Type": "Nested Loop",
                          "Parent Relationship": "Outer",
                          "Parallel Aware": false,
                          "Join Type": "Inner",
                          "Startup Cost": 14.06,
                          "Total Cost": 3787.14,
                          "Plan Rows": 1,
                          "Plan Width": 68,
                          "Actual Startup Time": 82.824,
                          "Actual Total Time": 173.845,
                          "Actual Rows": 126,
                          "Actual Loops": 1,
                          "Inner Unique": true,
                          "Plans": [
                            {
                              "Node Type": "Nested Loop",
                              "Parent Relationship": "Outer",
                              "Parallel Aware": false,
                              "Join Type": "Inner",
                              "Startup Cost": 13.92,
                              "Total Cost": 3786.97,
                              "Plan Rows": 1,
                              "Plan Width": 72,
                              "Actual Startup Time": 82.809,
                              "Actual Total Time": 173.72,
                              "Actual Rows": 126,
                              "Actual Loops": 1,
                              "Inner Unique": true,
                              "Join Filter": "(ci.person_id = n.id)",
                              "Rows Removed by Join Filter": 0,
                              "Plans": [
                                {
                                  "Node Type": "Nested Loop",
                                  "Parent Relationship": "Outer",
                                  "Parallel Aware": false,
                                  "Join Type": "Inner",
                                  "Startup Cost": 13.49,
                                  "Total Cost": 3786.41,
                                  "Plan Rows": 1,
                                  "Plan Width": 53,
                                  "Actual Startup Time": 2.177,
                                  "Actual Total Time": 113.062,
                                  "Actual Rows": 42343,
                                  "Actual Loops": 1,
                                  "Inner Unique": false,
                                  "Join Filter": "(pi.info_type_id = it3.id)",
                                  "Rows Removed by Join Filter": 105811,
                                  "Plans": [
                                    {
                                      "Node Type": "Seq Scan",
                                      "Parent Relationship": "Outer",
                                      "Parallel Aware": false,
                                      "Relation Name": "info_type",
                                      "Alias": "it3",
                                      "Startup Cost": 0.0,
                                      "Total Cost": 2.41,
                                      "Plan Rows": 1,
                                      "Plan Width": 4,
                                      "Actual Startup Time": 0.015,
                                      "Actual Total Time": 0.02,
                                      "Actual Rows": 1,
                                      "Actual Loops": 1,
                                      "Filter": "((info)::text = 'trivia'::text)",
                                      "Rows Removed by Filter": 112
                                    },
                                    {
                                      "Node Type": "Nested Loop",
                                      "Parent Relationship": "Inner",
                                      "Parallel Aware": false,
                                      "Join Type": "Inner",
                                      "Startup Cost": 13.49,
                                      "Total Cost": 3783.82,
                                      "Plan Rows": 14,
                                      "Plan Width": 57,
                                      "Actual Startup Time": 2.158,
                                      "Actual Total Time": 103.732,
                                      "Actual Rows": 148154,
                                      "Actual Loops": 1,
                                      "Inner Unique": false,
                                      "Plans": [
                                        {
                                          "Node Type": "Nested Loop",
                                          "Parent Relationship": "Outer",
                                          "Parallel Aware": false,
                                          "Join Type": "Inner",
                                          "Startup Cost": 13.06,
                                          "Total Cost": 3782.39,
                                          "Plan Rows": 1,
                                          "Plan Width": 49,
                                          "Actual Startup Time": 2.095,
                                          "Actual Total Time": 48.975,
                                          "Actual Rows": 4128,
                                          "Actual Loops": 1,
                                          "Inner Unique": false,
                                          "Join Filter": "(t.id = ci.movie_id)",
                                          "Rows Removed by Join Filter": 0,
                                          "Plans": [
                                            {
                                              "Node Type": "Nested Loop",
                                              "Parent Relationship": "Outer",
                                              "Parallel Aware": false,
                                              "Join Type": "Inner",
                                              "Startup Cost": 12.5,
                                              "Total Cost": 3780.69,
                                              "Plan Rows": 1,
                                              "Plan Width": 33,
                                              "Actual Startup Time": 2.02,
                                              "Actual Total Time": 19.52,
                                              "Actual Rows": 129,
                                              "Actual Loops": 1,
                                              "Inner Unique": true,
                                              "Plans": [
                                                {
                                                  "Node Type": "Nested Loop",
                                                  "Parent Relationship": "Outer",
                                                  "Parallel Aware": false,
                                                  "Join Type": "Inner",
                                                  "Startup Cost": 12.08,
                                                  "Total Cost": 3779.8,
                                                  "Plan Rows": 2,
                                                  "Plan Width": 37,
                                                  "Actual Startup Time": 1.981,
                                                  "Actual Total Time": 16.512,
                                                  "Actual Rows": 540,
                                                  "Actual Loops": 1,
                                                  "Inner Unique": false,
                                                  "Join Filter": "(t.id = mc.movie_id)",
                                                  "Rows Removed by Join Filter": 0,
                                                  "Plans": [
                                                    {
                                                      "Node Type": "Nested Loop",
                                                      "Parent Relationship": "Outer",
                                                      "Parallel Aware": false,
                                                      "Join Type": "Inner",
                                                      "Startup Cost": 11.65,
                                                      "Total Cost": 3778.59,
                                                      "Plan Rows": 2,
                                                      "Plan Width": 29,
                                                      "Actual Startup Time": 1.919,
                                                      "Actual Total Time": 15.373,
                                                      "Actual Rows": 23,
                                                      "Actual Loops": 1,
                                                      "Inner Unique": true,
                                                      "Plans": [
                                                        {
                                                          "Node Type": "Nested Loop",
                                                          "Parent Relationship": "Outer",
                                                          "Parallel Aware": false,
                                                          "Join Type": "Inner",
                                                          "Startup Cost": 11.22,
                                                          "Total Cost": 3777.11,
                                                          "Plan Rows": 3,
                                                          "Plan Width": 8,
                                                          "Actual Startup Time": 1.86,
                                                          "Actual Total Time": 14.792,
                                                          "Actual Rows": 23,
                                                          "Actual Loops": 1,
                                                          "Inner Unique": false,
                                                          "Join Filter": "(cc.status_id = cct2.id)",
                                                          "Rows Removed by Join Filter": 51,
                                                          "Plans": [
                                                            {
                                                              "Node Type": "Seq Scan",
                                                              "Parent Relationship": "Outer",
                                                              "Parallel Aware": false,
                                                              "Relation Name": "comp_cast_type",
                                                              "Alias": "cct2",
                                                              "Startup Cost": 0.0,
                                                              "Total Cost": 1.05,
                                                              "Plan Rows": 1,
                                                              "Plan Width": 4,
                                                              "Actual Startup Time": 0.006,
                                                              "Actual Total Time": 0.006,
                                                              "Actual Rows": 1,
                                                              "Actual Loops": 1,
                                                              "Filter": "((kind)::text = 'complete+verified'::text)",
                                                              "Rows Removed by Filter": 3
                                                            },
                                                            {
                                                              "Node Type": "Nested Loop",
                                                              "Parent Relationship": "Inner",
                                                              "Parallel Aware": false,
                                                              "Join Type": "Inner",
                                                              "Startup Cost": 11.22,
                                                              "Total Cost": 3775.91,
                                                              "Plan Rows": 12,
                                                              "Plan Width": 12,
                                                              "Actual Startup Time": 0.616,
                                                              "Actual Total Time": 14.773,
                                                              "Actual Rows": 74,
                                                              "Actual Loops": 1,
                                                              "Inner Unique": false,
                                                              "Join Filter": "(cc.subject_id = cct1.id)",
                                                              "Rows Removed by Join Filter": 16,
                                                              "Plans": [
                                                                {
                                                                  "Node Type": "Seq Scan",
                                                                  "Parent Relationship": "Outer",
                                                                  "Parallel Aware": false,
                                                                  "Relation Name": "comp_cast_type",
                                                                  "Alias": "cct1",
                                                                  "Startup Cost": 0.0,
                                                                  "Total Cost": 1.05,
                                                                  "Plan Rows": 1,
                                                                  "Plan Width": 4,
                                                                  "Actual Startup Time": 0.002,
                                                                  "Actual Total Time": 0.004,
                                                                  "Actual Rows": 1,
                                                                  "Actual Loops": 1,
                                                                  "Filter": "((kind)::text = 'cast'::text)",
                                                                  "Rows Removed by Filter": 3
                                                                },
                                                                {
                                                                  "Node Type": "Nested Loop",
                                                                  "Parent Relationship": "Inner",
                                                                  "Parallel Aware": false,
                                                                  "Join Type": "Inner",
                                                                  "Startup Cost": 11.22,
                                                                  "Total Cost": 3774.28,
                                                                  "Plan Rows": 46,
                                                                  "Plan Width": 16,
                                                                  "Actual Startup Time": 0.612,
                                                                  "Actual Total Time": 14.746,
                                                                  "Actual Rows": 90,
                                                                  "Actual Loops": 1,
                                                                  "Inner Unique": false,
                                                                  "Plans": [
                                                                    {
                                                                      "Node Type": "Nested Loop",
                                                                      "Parent Relationship": "Outer",
                                                                      "Parallel Aware": false,
                                                                      "Join Type": "Inner",
                                                                      "Startup Cost": 10.8,
                                                                      "Total Cost": 3758.1,
                                                                      "Plan Rows": 34,
                                                                      "Plan Width": 4,
                                                                      "Actual Startup Time": 0.217,
                                                                      "Actual Total Time": 11.263,
                                                                      "Actual Rows": 414,
                                                                      "Actual Loops": 1,
                                                                      "Inner Unique": false,
                                                                      "Plans": [
                                                                        {
                                                                          "Node Type": "Seq Scan",
                                                                          "Parent Relationship": "Outer",
                                                                          "Parallel Aware": false,
                                                                          "Relation Name": "keyword",
                                                                          "Alias": "k",
                                                                          "Startup Cost": 0.0,
                                                                          "Total Cost": 2626.12,
                                                                          "Plan Rows": 1,
                                                                          "Plan Width": 4,
                                                                          "Actual Startup Time": 0.052,
                                                                          "Actual Total Time": 8.231,
                                                                          "Actual Rows": 1,
                                                                          "Actual Loops": 1,
                                                                          "Filter": "(keyword = 'computer-animation'::text)",
                                                                          "Rows Removed by Filter": 134169
                                                                        },
                                                                        {
                                                                          "Node Type": "Bitmap Heap Scan",
                                                                          "Parent Relationship": "Inner",
                                                                          "Parallel Aware": false,
                                                                          "Relation Name": "movie_keyword",
                                                                          "Alias": "mk",
                                                                          "Startup Cost": 10.8,
                                                                          "Total Cost": 1128.92,
                                                                          "Plan Rows": 305,
                                                                          "Plan Width": 8,
                                                                          "Actual Startup Time": 0.159,
                                                                          "Actual Total Time": 2.936,
                                                                          "Actual Rows": 414,
                                                                          "Actual Loops": 1,
                                                                          "Recheck Cond": "(keyword_id = k.id)",
                                                                          "Rows Removed by Index Recheck": 0,
                                                                          "Exact Heap Blocks": 358,
                                                                          "Lossy Heap Blocks": 0,
                                                                          "Plans": [
                                                                            {
                                                                              "Node Type": "Bitmap Index Scan",
                                                                              "Parent Relationship": "Outer",
                                                                              "Parallel Aware": false,
                                                                              "Index Name": "keyword_id_movie_keyword",
                                                                              "Startup Cost": 0.0,
                                                                              "Total Cost": 10.72,
                                                                              "Plan Rows": 305,
                                                                              "Plan Width": 0,
                                                                              "Actual Startup Time": 0.119,
                                                                              "Actual Total Time": 0.119,
                                                                              "Actual Rows": 414,
                                                                              "Actual Loops": 1,
                                                                              "Index Cond": "(keyword_id = k.id)"
                                                                            }
                                                                          ]
                                                                        }
                                                                      ]
                                                                    },
                                                                    {
                                                                      "Node Type": "Index Scan",
                                                                      "Parent Relationship": "Inner",
                                                                      "Parallel Aware": false,
                                                                      "Scan Direction": "Forward",
                                                                      "Index Name": "movie_id_complete_cast",
                                                                      "Relation Name": "complete_cast",
                                                                      "Alias": "cc",
                                                                      "Startup Cost": 0.42,
                                                                      "Total Cost": 0.46,
                                                                      "Plan Rows": 2,
                                                                      "Plan Width": 12,
                                                                      "Actual Startup Time": 0.008,
                                                                      "Actual Total Time": 0.008,
                                                                      "Actual Rows": 0,
                                                                      "Actual Loops": 414,
                                                                      "Index Cond": "(movie_id = mk.movie_id)",
                                                                      "Rows Removed by Index Recheck": 0
                                                                    }
                                                                  ]
                                                                }
                                                              ]
                                                            }
                                                          ]
                                                        },
                                                        {
                                                          "Node Type": "Index Scan",
                                                          "Parent Relationship": "Inner",
                                                          "Parallel Aware": false,
                                                          "Scan Direction": "Forward",
                                                          "Index Name": "title_pkey",
                                                          "Relation Name": "title",
                                                          "Alias": "t",
                                                          "Startup Cost": 0.43,
                                                          "Total Cost": 0.49,
                                                          "Plan Rows": 1,
                                                          "Plan Width": 21,
                                                          "Actual Startup Time": 0.024,
                                                          "Actual Total Time": 0.024,
                                                          "Actual Rows": 1,
                                                          "Actual Loops": 23,
                                                          "Index Cond": "(id = mk.movie_id)",
                                                          "Rows Removed by Index Recheck": 0,
                                                          "Filter": "((production_year >= 1994) AND (production_year <= 2011))",
                                                          "Rows Removed by Filter": 0
                                                        }
                                                      ]
                                                    },
                                                    {
                                                      "Node Type": "Index Scan",
                                                      "Parent Relationship": "Inner",
                                                      "Parallel Aware": false,
                                                      "Scan Direction": "Forward",
                                                      "Index Name": "movie_id_movie_companies",
                                                      "Relation Name": "movie_companies",
                                                      "Alias": "mc",
                                                      "Startup Cost": 0.43,
                                                      "Total Cost": 0.54,
                                                      "Plan Rows": 5,
                                                      "Plan Width": 8,
                                                      "Actual Startup Time": 0.029,
                                                      "Actual Total Time": 0.045,
                                                      "Actual Rows": 23,
                                                      "Actual Loops": 23,
                                                      "Index Cond": "(movie_id = mk.movie_id)",
                                                      "Rows Removed by Index Recheck": 0
                                                    }
                                                  ]
                                                },
                                                {
                                                  "Node Type": "Index Scan",
                                                  "Parent Relationship": "Inner",
                                                  "Parallel Aware": false,
                                                  "Scan Direction": "Forward",
                                                  "Index Name": "company_name_pkey",
                                                  "Relation Name": "company_name",
                                                  "Alias": "cn",
                                                  "Startup Cost": 0.42,
                                                  "Total Cost": 0.45,
                                                  "Plan Rows": 1,
                                                  "Plan Width": 4,
                                                  "Actual Startup Time": 0.005,
                                                  "Actual Total Time": 0.005,
                                                  "Actual Rows": 0,
                                                  "Actual Loops": 540,
                                                  "Index Cond": "(id = mc.company_id)",
                                                  "Rows Removed by Index Recheck": 0,
                                                  "Filter": "((country_code)::text = '[us]'::text)",
                                                  "Rows Removed by Filter": 1
                                                }
                                              ]
                                            },
                                            {
                                              "Node Type": "Index Scan",
                                              "Parent Relationship": "Inner",
                                              "Parallel Aware": false,
                                              "Scan Direction": "Forward",
                                              "Index Name": "movie_id_cast_info",
                                              "Relation Name": "cast_info",
                                              "Alias": "ci",
                                              "Startup Cost": 0.56,
                                              "Total Cost": 1.69,
                                              "Plan Rows": 1,
                                              "Plan Width": 16,
                                              "Actual Startup Time": 0.025,
                                              "Actual Total Time": 0.223,
                                              "Actual Rows": 32,
                                              "Actual Loops": 129,
                                              "Index Cond": "(movie_id = mk.movie_id)",
                                              "Rows Removed by Index Recheck": 0,
                                              "Filter": "(note = ANY ('{(voice),\"(voice: Japanese version)\",\"(voice) (uncredited)\",\"(voice: English version)\"}'::text[]))",
                                              "Rows Removed by Filter": 121
                                            }
                                          ]
                                        },
                                        {
                                          "Node Type": "Index Scan",
                                          "Parent Relationship": "Inner",
                                          "Parallel Aware": false,
                                          "Scan Direction": "Forward",
                                          "Index Name": "person_id_person_info",
                                          "Relation Name": "person_info",
                                          "Alias": "pi",
                                          "Startup Cost": 0.43,
                                          "Total Cost": 1.18,
                                          "Plan Rows": 25,
                                          "Plan Width": 8,
                                          "Actual Startup Time": 0.005,
                                          "Actual Total Time": 0.009,
                                          "Actual Rows": 36,
                                          "Actual Loops": 4128,
                                          "Index Cond": "(person_id = ci.person_id)",
                                          "Rows Removed by Index Recheck": 0
                                        }
                                      ]
                                    }
                                  ]
                                },
                                {
                                  "Node Type": "Index Scan",
                                  "Parent Relationship": "Inner",
                                  "Parallel Aware": false,
                                  "Scan Direction": "Forward",
                                  "Index Name": "name_pkey",
                                  "Relation Name": "name",
                                  "Alias": "n",
                                  "Startup Cost": 0.43,
                                  "Total Cost": 0.55,
                                  "Plan Rows": 1,
                                  "Plan Width": 19,
                                  "Actual Startup Time": 0.001,
                                  "Actual Total Time": 0.001,
                                  "Actual Rows": 0,
                                  "Actual Loops": 42343,
                                  "Index Cond": "(id = pi.person_id)",
                                  "Rows Removed by Index Recheck": 0,
                                  "Filter": "((name ~~ '%Sm%'::text) AND ((gender)::text = 'f'::text))",
                                  "Rows Removed by Filter": 1
                                }
                              ]
                            },
                            {
                              "Node Type": "Index Scan",
                              "Parent Relationship": "Inner",
                              "Parallel Aware": false,
                              "Scan Direction": "Forward",
                              "Index Name": "role_type_pkey",
                              "Relation Name": "role_type",
                              "Alias": "rt",
                              "Startup Cost": 0.14,
                              "Total Cost": 0.16,
                              "Plan Rows": 1,
                              "Plan Width": 4,
                              "Actual Startup Time": 0.001,
                              "Actual Total Time": 0.001,
                              "Actual Rows": 1,
                              "Actual Loops": 126,
                              "Index Cond": "(id = ci.role_id)",
                              "Rows Removed by Index Recheck": 0,
                              "Filter": "((role)::text = 'actress'::text)",
                              "Rows Removed by Filter": 0
                            }
                          ]
                        },
                        {
                          "Node Type": "Index Scan",
                          "Parent Relationship": "Inner",
                          "Parallel Aware": false,
                          "Scan Direction": "Forward",
                          "Index Name": "movie_id_movie_info",
                          "Relation Name": "movie_info",
                          "Alias": "mi",
                          "Startup Cost": 0.43,
                          "Total Cost": 1.55,
                          "Plan Rows": 1,
                          "Plan Width": 8,
                          "Actual Startup Time": 0.01,
                          "Actual Total Time": 0.067,
                          "Actual Rows": 2,
                          "Actual Loops": 126,
                          "Index Cond": "(movie_id = mk.movie_id)",
                          "Rows Removed by Index Recheck": 0,
                          "Filter": "((info IS NOT NULL) AND ((info ~~ 'Japan:%200%'::text) OR (info ~~ 'USA:%200%'::text)))",
                          "Rows Removed by Filter": 398
                        }
                      ]
                    },
                    {
                      "Node Type": "Index Scan",
                      "Parent Relationship": "Inner",
                      "Parallel Aware": false,
                      "Scan Direction": "Forward",
                      "Index Name": "info_type_pkey",
                      "Relation Name": "info_type",
                      "Alias": "it",
                      "Startup Cost": 0.14,
                      "Total Cost": 0.16,
                      "Plan Rows": 1,
                      "Plan Width": 4,
                      "Actual Startup Time": 0.001,
                      "Actual Total Time": 0.001,
                      "Actual Rows": 1,
                      "Actual Loops": 252,
                      "Index Cond": "(id = mi.info_type_id)",
                      "Rows Removed by Index Recheck": 0,
                      "Filter": "((info)::text = 'release dates'::text)",
                      "Rows Removed by Filter": 0
                    }
                  ]
                },
                {
                  "Node Type": "Index Only Scan",
                  "Parent Relationship": "Inner",
                  "Parallel Aware": false,
                  "Scan Direction": "Forward",
                  "Index Name": "person_id_aka_name",
                  "Relation Name": "aka_name",
                  "Alias": "an",
                  "Startup Cost": 0.42,
                  "Total Cost": 0.48,
                  "Plan Rows": 2,
                  "Plan Width": 4,
                  "Actual Startup Time": 0.001,
                  "Actual Total Time": 0.002,
                  "Actual Rows": 5,
                  "Actual Loops": 252,
                  "Index Cond": "(person_id = pi.person_id)",
                  "Rows Removed by Index Recheck": 0,
                  "Heap Fetches": 1260
                }
              ]
            },
            {
              "Node Type": "Index Scan",
              "Parent Relationship": "Inner",
              "Parallel Aware": false,
              "Scan Direction": "Forward",
              "Index Name": "char_name_pkey",
              "Relation Name": "char_name",
              "Alias": "chn",
              "Startup Cost": 0.43,
              "Total Cost": 0.67,
              "Plan Rows": 1,
              "Plan Width": 20,
              "Actual Startup Time": 0.001,
              "Actual Total Time": 0.001,
              "Actual Rows": 1,
              "Actual Loops": 1260,
              "Index Cond": "(id = ci.person_role_id)",
              "Rows Removed by Index Recheck": 0
            }
          ]
        }
      ]
    },
    "Planning Time": 4150.946,
    "Triggers": [],
    "Execution Time": 185.431
  }
]