[
    {
        "Bao": {
            "Bao prediction": 653.972,
            "Bao recommended hint": "(no hint)"
        }
    },
    {
        "Plan": {
            "Node Type": "Aggregate",
            "Strategy": "Plain",
            "Partial Mode": "Finalize",
            "Parallel Aware": false,
            "Startup Cost": 27285.78,
            "Total Cost": 27285.79,
            "Plan Rows": 1,
            "Plan Width": 8,
            "Actual Startup Time": 75.088,
            "Actual Total Time": 77.964,
            "Actual Rows": 1,
            "Actual Loops": 1,
            "Output": [
                "count(*)"
            ],
            "Plans": [
                {
                    "Node Type": "Gather",
                    "Parent Relationship": "Outer",
                    "Parallel Aware": false,
                    "Startup Cost": 27285.46,
                    "Total Cost": 27285.77,
                    "Plan Rows": 3,
                    "Plan Width": 8,
                    "Actual Startup Time": 74.849,
                    "Actual Total Time": 77.955,
                    "Actual Rows": 4,
                    "Actual Loops": 1,
                    "Output": [
                        "(PARTIAL count(*))"
                    ],
                    "Workers Planned": 3,
                    "Workers Launched": 3,
                    "Single Copy": false,
                    "Plans": [
                        {
                            "Node Type": "Aggregate",
                            "Strategy": "Plain",
                            "Partial Mode": "Partial",
                            "Parent Relationship": "Outer",
                            "Parallel Aware": false,
                            "Startup Cost": 26285.46,
                            "Total Cost": 26285.47,
                            "Plan Rows": 1,
                            "Plan Width": 8,
                            "Actual Startup Time": 66.635,
                            "Actual Total Time": 66.637,
                            "Actual Rows": 1,
                            "Actual Loops": 4,
                            "Output": [
                                "PARTIAL count(*)"
                            ],
                            "Workers": [
                                {
                                    "Worker Number": 0,
                                    "Actual Startup Time": 64.067,
                                    "Actual Total Time": 64.069,
                                    "Actual Rows": 1,
                                    "Actual Loops": 1
                                },
                                {
                                    "Worker Number": 1,
                                    "Actual Startup Time": 64.066,
                                    "Actual Total Time": 64.068,
                                    "Actual Rows": 1,
                                    "Actual Loops": 1
                                },
                                {
                                    "Worker Number": 2,
                                    "Actual Startup Time": 64.155,
                                    "Actual Total Time": 64.157,
                                    "Actual Rows": 1,
                                    "Actual Loops": 1
                                }
                            ],
                            "Plans": [
                                {
                                    "Node Type": "Bitmap Heap Scan",
                                    "Parent Relationship": "Outer",
                                    "Parallel Aware": true,
                                    "Relation Name": "movie_companies",
                                    "Schema": "public",
                                    "Alias": "mc",
                                    "Startup Cost": 6127.48,
                                    "Total Cost": 26057.46,
                                    "Plan Rows": 91199,
                                    "Plan Width": 0,
                                    "Actual Startup Time": 28.05,
                                    "Actual Total Time": 60.16,
                                    "Actual Rows": 71905,
                                    "Actual Loops": 4,
                                    "Recheck Cond": "(mc.company_id > 95125)",
                                    "Rows Removed by Index Recheck": 0,
                                    "Exact Heap Blocks": 2113,
                                    "Lossy Heap Blocks": 0,
                                    "Workers": [
                                        {
                                            "Worker Number": 0,
                                            "Actual Startup Time": 25.507,
                                            "Actual Total Time": 58.14,
                                            "Actual Rows": 52921,
                                            "Actual Loops": 1
                                        },
                                        {
                                            "Worker Number": 1,
                                            "Actual Startup Time": 25.624,
                                            "Actual Total Time": 58.087,
                                            "Actual Rows": 53635,
                                            "Actual Loops": 1
                                        },
                                        {
                                            "Worker Number": 2,
                                            "Actual Startup Time": 25.605,
                                            "Actual Total Time": 58.218,
                                            "Actual Rows": 52714,
                                            "Actual Loops": 1
                                        }
                                    ],
                                    "Plans": [
                                        {
                                            "Node Type": "Bitmap Index Scan",
                                            "Parent Relationship": "Outer",
                                            "Parallel Aware": false,
                                            "Index Name": "company_id_movie_companies",
                                            "Startup Cost": 0.0,
                                            "Total Cost": 6056.8,
                                            "Plan Rows": 282716,
                                            "Plan Width": 0,
                                            "Actual Startup Time": 34.295,
                                            "Actual Total Time": 34.295,
                                            "Actual Rows": 287619,
                                            "Actual Loops": 1,
                                            "Index Cond": "(mc.company_id > 95125)"
                                        }
                                    ]
                                }
                            ]
                        }
                    ]
                }
            ]
        },
        "Planning Time": 1979.139,
        "Triggers": [],
        "Execution Time": 78.096
    }
]