[
  {
    "Plan": {
      "Node Type": "Aggregate",
      "Strategy": "Plain",
      "Partial Mode": "Finalize",
      "Parallel Aware": false,
      "Startup Cost": 31855.14,
      "Total Cost": 31855.15,
      "Plan Rows": 1,
      "Plan Width": 8,
      "Actual Startup Time": 118.01,
      "Actual Total Time": 126.298,
      "Actual Rows": 1,
      "Actual Loops": 1,
      "Plans": [
        {
          "Node Type": "Gather",
          "Parent Relationship": "Outer",
          "Parallel Aware": false,
          "Startup Cost": 31854.82,
          "Total Cost": 31855.13,
          "Plan Rows": 3,
          "Plan Width": 8,
          "Actual Startup Time": 117.776,
          "Actual Total Time": 126.287,
          "Actual Rows": 4,
          "Actual Loops": 1,
          "Workers Planned": 3,
          "Workers Launched": 3,
          "Single Copy": false,
          "Plans": [
            {
              "Node Type": "Aggregate",
              "Strategy": "Plain",
              "Partial Mode": "Partial",
              "Parent Relationship": "Outer",
              "Parallel Aware": false,
              "Startup Cost": 30854.82,
              "Total Cost": 30854.83,
              "Plan Rows": 1,
              "Plan Width": 8,
              "Actual Startup Time": 112.652,
              "Actual Total Time": 112.653,
              "Actual Rows": 1,
              "Actual Loops": 4,
              "Plans": [
                {
                  "Node Type": "Seq Scan",
                  "Parent Relationship": "Outer",
                  "Parallel Aware": true,
                  "Relation Name": "movie_companies",
                  "Alias": "mc",
                  "Startup Cost": 0.0,
                  "Total Cost": 29310.68,
                  "Plan Rows": 617655,
                  "Plan Width": 0,
                  "Actual Startup Time": 0.031,
                  "Actual Total Time": 86.994,
                  "Actual Rows": 474731,
                  "Actual Loops": 4,
                  "Filter": "(company_id < 43903)",
                  "Rows Removed by Filter": 177551
                }
              ]
            }
          ]
        }
      ]
    },
    "Planning Time": 0.189,
    "Triggers": [],
    "Execution Time": 126.417
  }
]