[
  {
    "Plan": {
      "Node Type": "Aggregate",
      "Strategy": "Plain",
      "Partial Mode": "Finalize",
      "Parallel Aware": false,
      "Startup Cost": 33198.96,
      "Total Cost": 33198.97,
      "Plan Rows": 1,
      "Plan Width": 8,
      "Actual Startup Time": 106.802,
      "Actual Total Time": 114.928,
      "Actual Rows": 1,
      "Actual Loops": 1,
      "Plans": [
        {
          "Node Type": "Gather",
          "Parent Relationship": "Outer",
          "Parallel Aware": false,
          "Startup Cost": 33198.64,
          "Total Cost": 33198.95,
          "Plan Rows": 3,
          "Plan Width": 8,
          "Actual Startup Time": 106.659,
          "Actual Total Time": 114.919,
          "Actual Rows": 4,
          "Actual Loops": 1,
          "Workers Planned": 3,
          "Workers Launched": 3,
          "Single Copy": false,
          "Plans": [
            {
              "Node Type": "Aggregate",
              "Strategy": "Plain",
              "Partial Mode": "Partial",
              "Parent Relationship": "Outer",
              "Parallel Aware": false,
              "Startup Cost": 32198.64,
              "Total Cost": 32198.65,
              "Plan Rows": 1,
              "Plan Width": 8,
              "Actual Startup Time": 100.831,
              "Actual Total Time": 100.833,
              "Actual Rows": 1,
              "Actual Loops": 4,
              "Plans": [
                {
                  "Node Type": "Seq Scan",
                  "Parent Relationship": "Outer",
                  "Parallel Aware": true,
                  "Relation Name": "movie_companies",
                  "Alias": "mc",
                  "Startup Cost": 0.0,
                  "Total Cost": 31414.82,
                  "Plan Rows": 313529,
                  "Plan Width": 0,
                  "Actual Startup Time": 0.026,
                  "Actual Total Time": 83.191,
                  "Actual Rows": 316417,
                  "Actual Loops": 4,
                  "Filter": "((company_id < 63230) AND (company_type_id < 2))",
                  "Rows Removed by Filter": 335865
                }
              ]
            }
          ]
        }
      ]
    },
    "Planning Time": 0.238,
    "Triggers": [],
    "Execution Time": 114.982
  }
]