[
  {
    "Plan": {
      "Node Type": "Aggregate",
      "Strategy": "Plain",
      "Partial Mode": "Finalize",
      "Parallel Aware": false,
      "Startup Cost": 37742.48,
      "Total Cost": 37742.49,
      "Plan Rows": 1,
      "Plan Width": 8,
      "Actual Startup Time": 42.371,
      "Actual Total Time": 47.945,
      "Actual Rows": 1,
      "Actual Loops": 1,
      "Plans": [
        {
          "Node Type": "Gather",
          "Parent Relationship": "Outer",
          "Parallel Aware": false,
          "Startup Cost": 37742.27,
          "Total Cost": 37742.48,
          "Plan Rows": 2,
          "Plan Width": 8,
          "Actual Startup Time": 42.272,
          "Actual Total Time": 47.938,
          "Actual Rows": 3,
          "Actual Loops": 1,
          "Workers Planned": 2,
          "Workers Launched": 2,
          "Single Copy": false,
          "Plans": [
            {
              "Node Type": "Aggregate",
              "Strategy": "Plain",
              "Partial Mode": "Partial",
              "Parent Relationship": "Outer",
              "Parallel Aware": false,
              "Startup Cost": 36742.27,
              "Total Cost": 36742.28,
              "Plan Rows": 1,
              "Plan Width": 8,
              "Actual Startup Time": 38.424,
              "Actual Total Time": 38.425,
              "Actual Rows": 1,
              "Actual Loops": 3,
              "Plans": [
                {
                  "Node Type": "Nested Loop",
                  "Parent Relationship": "Outer",
                  "Parallel Aware": false,
                  "Join Type": "Inner",
                  "Startup Cost": 156.96,
                  "Total Cost": 36742.23,
                  "Plan Rows": 15,
                  "Plan Width": 0,
                  "Actual Startup Time": 27.683,
                  "Actual Total Time": 38.419,
                  "Actual Rows": 0,
                  "Actual Loops": 3,
                  "Inner Unique": true,
                  "Plans": [
                    {
                      "Node Type": "Bitmap Heap Scan",
                      "Parent Relationship": "Outer",
                      "Parallel Aware": true,
                      "Relation Name": "movie_keyword",
                      "Alias": "mk",
                      "Startup Cost": 156.53,
                      "Total Cost": 15809.74,
                      "Plan Rows": 3016,
                      "Plan Width": 4,
                      "Actual Startup Time": 5.372,
                      "Actual Total Time": 15.643,
                      "Actual Rows": 2517,
                      "Actual Loops": 3,
                      "Recheck Cond": "(keyword_id = 910)",
                      "Rows Removed by Index Recheck": 0,
                      "Exact Heap Blocks": 3561,
                      "Lossy Heap Blocks": 0,
                      "Plans": [
                        {
                          "Node Type": "Bitmap Index Scan",
                          "Parent Relationship": "Outer",
                          "Parallel Aware": false,
                          "Index Name": "keyword_id_movie_keyword",
                          "Startup Cost": 0.0,
                          "Total Cost": 154.72,
                          "Plan Rows": 7238,
                          "Plan Width": 0,
                          "Actual Startup Time": 5.628,
                          "Actual Total Time": 5.628,
                          "Actual Rows": 7552,
                          "Actual Loops": 1,
                          "Index Cond": "(keyword_id = 910)"
                        }
                      ]
                    },
                    {
                      "Node Type": "Index Scan",
                      "Parent Relationship": "Inner",
                      "Parallel Aware": false,
                      "Scan Direction": "Forward",
                      "Index Name": "title_pkey",
                      "Relation Name": "title",
                      "Alias": "t",
                      "Startup Cost": 0.43,
                      "Total Cost": 6.94,
                      "Plan Rows": 1,
                      "Plan Width": 4,
                      "Actual Startup Time": 0.009,
                      "Actual Total Time": 0.009,
                      "Actual Rows": 0,
                      "Actual Loops": 7552,
                      "Index Cond": "(id = mk.movie_id)",
                      "Rows Removed by Index Recheck": 0,
                      "Filter": "((kind_id = 7) AND (production_year = 1987))",
                      "Rows Removed by Filter": 1
                    }
                  ]
                }
              ]
            }
          ]
        }
      ]
    },
    "Planning Time": 0.488,
    "Triggers": [],
    "Execution Time": 48.024
  }
]