[
  {
    "Plan": {
      "Node Type": "Aggregate",
      "Strategy": "Plain",
      "Partial Mode": "Finalize",
      "Parallel Aware": false,
      "Startup Cost": 44695.79,
      "Total Cost": 44695.8,
      "Plan Rows": 1,
      "Plan Width": 8,
      "Actual Startup Time": 144.875,
      "Actual Total Time": 154.249,
      "Actual Rows": 1,
      "Actual Loops": 1,
      "Plans": [
        {
          "Node Type": "Gather",
          "Parent Relationship": "Outer",
          "Parallel Aware": false,
          "Startup Cost": 44695.47,
          "Total Cost": 44695.78,
          "Plan Rows": 3,
          "Plan Width": 8,
          "Actual Startup Time": 144.752,
          "Actual Total Time": 154.241,
          "Actual Rows": 4,
          "Actual Loops": 1,
          "Workers Planned": 3,
          "Workers Launched": 3,
          "Single Copy": false,
          "Plans": [
            {
              "Node Type": "Aggregate",
              "Strategy": "Plain",
              "Partial Mode": "Partial",
              "Parent Relationship": "Outer",
              "Parallel Aware": false,
              "Startup Cost": 43695.47,
              "Total Cost": 43695.48,
              "Plan Rows": 1,
              "Plan Width": 8,
              "Actual Startup Time": 136.152,
              "Actual Total Time": 136.153,
              "Actual Rows": 1,
              "Actual Loops": 4,
              "Plans": [
                {
                  "Node Type": "Seq Scan",
                  "Parent Relationship": "Outer",
                  "Parallel Aware": true,
                  "Relation Name": "movie_keyword",
                  "Alias": "mk",
                  "Startup Cost": 0.0,
                  "Total Cost": 42695.65,
                  "Plan Rows": 399928,
                  "Plan Width": 0,
                  "Actual Startup Time": 2.504,
                  "Actual Total Time": 119.109,
                  "Actual Rows": 311981,
                  "Actual Loops": 4,
                  "Filter": "(keyword_id > 14465)",
                  "Rows Removed by Filter": 819001
                }
              ]
            }
          ]
        }
      ]
    },
    "Planning Time": 0.163,
    "Triggers": [],
    "Execution Time": 154.301
  }
]