[
  {
    "Plan": {
      "Node Type": "Aggregate",
      "Strategy": "Plain",
      "Partial Mode": "Finalize",
      "Parallel Aware": false,
      "Startup Cost": 338846.3,
      "Total Cost": 338846.31,
      "Plan Rows": 1,
      "Plan Width": 8,
      "Actual Startup Time": 766.823,
      "Actual Total Time": 818.455,
      "Actual Rows": 1,
      "Actual Loops": 1,
      "Plans": [
        {
          "Node Type": "Gather",
          "Parent Relationship": "Outer",
          "Parallel Aware": false,
          "Startup Cost": 338845.68,
          "Total Cost": 338846.29,
          "Plan Rows": 6,
          "Plan Width": 8,
          "Actual Startup Time": 766.656,
          "Actual Total Time": 818.441,
          "Actual Rows": 7,
          "Actual Loops": 1,
          "Workers Planned": 6,
          "Workers Launched": 6,
          "Single Copy": false,
          "Plans": [
            {
              "Node Type": "Aggregate",
              "Strategy": "Plain",
              "Partial Mode": "Partial",
              "Parent Relationship": "Outer",
              "Parallel Aware": false,
              "Startup Cost": 337845.68,
              "Total Cost": 337845.69,
              "Plan Rows": 1,
              "Plan Width": 8,
              "Actual Startup Time": 759.521,
              "Actual Total Time": 759.524,
              "Actual Rows": 1,
              "Actual Loops": 7,
              "Plans": [
                {
                  "Node Type": "Seq Scan",
                  "Parent Relationship": "Outer",
                  "Parallel Aware": true,
                  "Relation Name": "cast_info",
                  "Alias": "ci",
                  "Startup Cost": 0.0,
                  "Total Cost": 328211.39,
                  "Plan Rows": 3853715,
                  "Plan Width": 0,
                  "Actual Startup Time": 0.048,
                  "Actual Total Time": 606.897,
                  "Actual Rows": 3326448,
                  "Actual Loops": 7,
                  "Filter": "(person_id < 2381688)",
                  "Rows Removed by Filter": 1851316
                }
              ]
            }
          ]
        }
      ]
    },
    "Planning Time": 0.108,
    "Triggers": [],
    "Execution Time": 818.501
  }
]