{
  "Plan": {
    "Node Type": "Aggregate",
    "Strategy": "Plain",
    "Partial Mode": "Finalize",
    "Parallel Aware": false,
    "Startup Cost": 116950.05,
    "Total Cost": 116950.06,
    "Plan Rows": 1,
    "Plan Width": 8,
    "Actual Startup Time": 742.179,
    "Actual Total Time": 761.247,
    "Actual Rows": 1,
    "Actual Loops": 1,
    "Plans": [
      {
        "Node Type": "Gather",
        "Parent Relationship": "Outer",
        "Parallel Aware": false,
        "Startup Cost": 116949.94,
        "Total Cost": 116950.05,
        "Plan Rows": 1,
        "Plan Width": 8,
        "Actual Startup Time": 737.421,
        "Actual Total Time": 761.24,
        "Actual Rows": 2,
        "Actual Loops": 1,
        "Workers Planned": 1,
        "Workers Launched": 1,
        "Single Copy": false,
        "Plans": [
          {
            "Node Type": "Aggregate",
            "Strategy": "Plain",
            "Partial Mode": "Partial",
            "Parent Relationship": "Outer",
            "Parallel Aware": false,
            "Startup Cost": 115949.94,
            "Total Cost": 115949.95,
            "Plan Rows": 1,
            "Plan Width": 8,
            "Actual Startup Time": 723.932,
            "Actual Total Time": 723.938,
            "Actual Rows": 1,
            "Actual Loops": 2,
            "Plans": [
              {
                "Node Type": "Hash Join",
                "Parent Relationship": "Outer",
                "Parallel Aware": true,
                "Join Type": "Inner",
                "Startup Cost": 96782.03,
                "Total Cost": 115929.44,
                "Plan Rows": 8200,
                "Plan Width": 0,
                "Actual Startup Time": 644.554,
                "Actual Total Time": 723.4,
                "Actual Rows": 11113,
                "Actual Loops": 2,
                "Inner Unique": false,
                "Hash Cond": "(mi_idx.movie_id = t.id)",
                "Plans": [
                  {
                    "Node Type": "Seq Scan",
                    "Parent Relationship": "Outer",
                    "Parallel Aware": true,
                    "Relation Name": "movie_info_idx",
                    "Alias": "mi_idx",
                    "Startup Cost": 0.0,
                    "Total Cost": 18082.32,
                    "Plan Rows": 271164,
                    "Plan Width": 4,
                    "Actual Startup Time": 0.026,
                    "Actual Total Time": 51.406,
                    "Actual Rows": 230092,
                    "Actual Loops": 2,
                    "Filter": "(info_type_id > 100)",
                    "Rows Removed by Filter": 459925
                  },
                  {
                    "Node Type": "Hash",
                    "Parent Relationship": "Inner",
                    "Parallel Aware": true,
                    "Startup Cost": 96219.87,
                    "Total Cost": 96219.87,
                    "Plan Rows": 44973,
                    "Plan Width": 8,
                    "Actual Startup Time": 641.803,
                    "Actual Total Time": 641.807,
                    "Actual Rows": 36248,
                    "Actual Loops": 2,
                    "Hash Buckets": 131072,
                    "Original Hash Buckets": 131072,
                    "Hash Batches": 1,
                    "Original Hash Batches": 1,
                    "Peak Memory Usage": 3904,
                    "Plans": [
                      {
                        "Node Type": "Hash Join",
                        "Parent Relationship": "Outer",
                        "Parallel Aware": true,
                        "Join Type": "Inner",
                        "Startup Cost": 71085.65,
                        "Total Cost": 96219.87,
                        "Plan Rows": 44973,
                        "Plan Width": 8,
                        "Actual Startup Time": 585.357,
                        "Actual Total Time": 633.417,
                        "Actual Rows": 36248,
                        "Actual Loops": 2,
                        "Inner Unique": true,
                        "Hash Cond": "(mk.movie_id = t.id)",
                        "Plans": [
                          {
                            "Node Type": "Bitmap Heap Scan",
                            "Parent Relationship": "Outer",
                            "Parallel Aware": true,
                            "Relation Name": "movie_keyword",
                            "Alias": "mk",
                            "Startup Cost": 1624.95,
                            "Total Cost": 26641.11,
                            "Plan Rows": 44973,
                            "Plan Width": 4,
                            "Actual Startup Time": 9.292,
                            "Actual Total Time": 37.337,
                            "Actual Rows": 36248,
                            "Actual Loops": 2,
                            "Recheck Cond": "(keyword_id = 335)",
                            "Rows Removed by Index Recheck": 0,
                            "Exact Heap Blocks": 9949,
                            "Lossy Heap Blocks": 0,
                            "Plans": [
                              {
                                "Node Type": "Bitmap Index Scan",
                                "Parent Relationship": "Outer",
                                "Parallel Aware": false,
                                "Index Name": "keyword_id_movie_keyword",
                                "Startup Cost": 0.0,
                                "Total Cost": 1605.84,
                                "Plan Rows": 76454,
                                "Plan Width": 0,
                                "Actual Startup Time": 6.8,
                                "Actual Total Time": 6.8,
                                "Actual Rows": 72496,
                                "Actual Loops": 1,
                                "Index Cond": "(keyword_id = 335)"
                              }
                            ]
                          },
                          {
                            "Node Type": "Hash",
                            "Parent Relationship": "Inner",
                            "Parallel Aware": true,
                            "Startup Cost": 50870.31,
                            "Total Cost": 50870.31,
                            "Plan Rows": 1487231,
                            "Plan Width": 4,
                            "Actual Startup Time": 555.672,
                            "Actual Total Time": 555.672,
                            "Actual Rows": 1264156,
                            "Actual Loops": 2,
                            "Hash Buckets": 4194304,
                            "Original Hash Buckets": 4194304,
                            "Hash Batches": 1,
                            "Original Hash Batches": 1,
                            "Peak Memory Usage": 131680,
                            "Plans": [
                              {
                                "Node Type": "Seq Scan",
                                "Parent Relationship": "Outer",
                                "Parallel Aware": true,
                                "Relation Name": "title",
                                "Alias": "t",
                                "Startup Cost": 0.0,
                                "Total Cost": 50870.31,
                                "Plan Rows": 1487231,
                                "Plan Width": 4,
                                "Actual Startup Time": 0.027,
                                "Actual Total Time": 178.308,
                                "Actual Rows": 1264156,
                                "Actual Loops": 2
                              }
                            ]
                          }
                        ]
                      }
                    ]
                  }
                ]
              }
            ]
          }
        ]
      }
    ]
  },
  "Planning Time": 0.883,
  "Triggers": [],
  "Execution Time": 761.399
}