{
  "Plan": {
    "Node Type": "Aggregate",
    "Strategy": "Plain",
    "Partial Mode": "Finalize",
    "Parallel Aware": false,
    "Startup Cost": 3170526.89,
    "Total Cost": 3170526.9,
    "Plan Rows": 1,
    "Plan Width": 8,
    "Actual Startup Time": 36263.446,
    "Actual Total Time": 36370.359,
    "Actual Rows": 1,
    "Actual Loops": 1,
    "Plans": [
      {
        "Node Type": "Gather",
        "Parent Relationship": "Outer",
        "Parallel Aware": false,
        "Startup Cost": 3170526.77,
        "Total Cost": 3170526.88,
        "Plan Rows": 1,
        "Plan Width": 8,
        "Actual Startup Time": 36256.017,
        "Actual Total Time": 36370.35,
        "Actual Rows": 2,
        "Actual Loops": 1,
        "Workers Planned": 1,
        "Workers Launched": 1,
        "Single Copy": false,
        "Plans": [
          {
            "Node Type": "Aggregate",
            "Strategy": "Plain",
            "Partial Mode": "Partial",
            "Parent Relationship": "Outer",
            "Parallel Aware": false,
            "Startup Cost": 3169526.77,
            "Total Cost": 3169526.78,
            "Plan Rows": 1,
            "Plan Width": 8,
            "Actual Startup Time": 36255.767,
            "Actual Total Time": 36255.769,
            "Actual Rows": 1,
            "Actual Loops": 2,
            "Plans": [
              {
                "Node Type": "Merge Join",
                "Parent Relationship": "Outer",
                "Parallel Aware": false,
                "Join Type": "Inner",
                "Startup Cost": 33.38,
                "Total Cost": 3095943.14,
                "Plan Rows": 29433454,
                "Plan Width": 0,
                "Actual Startup Time": 1467.165,
                "Actual Total Time": 30649.183,
                "Actual Rows": 143704714,
                "Actual Loops": 2,
                "Inner Unique": false,
                "Merge Cond": "(t.id = mi.movie_id)",
                "Plans": [
                  {
                    "Node Type": "Nested Loop",
                    "Parent Relationship": "Outer",
                    "Parallel Aware": false,
                    "Join Type": "Inner",
                    "Startup Cost": 0.99,
                    "Total Cost": 1563948.0,
                    "Plan Rows": 5033691,
                    "Plan Width": 8,
                    "Actual Startup Time": 270.509,
                    "Actual Total Time": 6239.922,
                    "Actual Rows": 4350122,
                    "Actual Loops": 2,
                    "Inner Unique": false,
                    "Plans": [
                      {
                        "Node Type": "Index Scan",
                        "Parent Relationship": "Outer",
                        "Parallel Aware": true,
                        "Scan Direction": "Forward",
                        "Index Name": "title_pkey",
                        "Relation Name": "title",
                        "Alias": "t",
                        "Startup Cost": 0.43,
                        "Total Cost": 107365.5,
                        "Plan Rows": 351293,
                        "Plan Width": 4,
                        "Actual Startup Time": 270.409,
                        "Actual Total Time": 686.961,
                        "Actual Rows": 242312,
                        "Actual Loops": 2,
                        "Filter": "((production_year > 1953) AND (kind_id = 1))",
                        "Rows Removed by Filter": 1021844
                      },
                      {
                        "Node Type": "Index Only Scan",
                        "Parent Relationship": "Inner",
                        "Parallel Aware": false,
                        "Scan Direction": "Forward",
                        "Index Name": "movie_id_cast_info",
                        "Relation Name": "cast_info",
                        "Alias": "ci",
                        "Startup Cost": 0.56,
                        "Total Cost": 3.78,
                        "Plan Rows": 37,
                        "Plan Width": 4,
                        "Actual Startup Time": 0.003,
                        "Actual Total Time": 0.021,
                        "Actual Rows": 18,
                        "Actual Loops": 484625,
                        "Index Cond": "(movie_id = t.id)",
                        "Rows Removed by Index Recheck": 0,
                        "Heap Fetches": 8700244
                      }
                    ]
                  },
                  {
                    "Node Type": "Materialize",
                    "Parent Relationship": "Inner",
                    "Parallel Aware": false,
                    "Startup Cost": 0.43,
                    "Total Cost": 1116056.49,
                    "Plan Rows": 14783665,
                    "Plan Width": 4,
                    "Actual Startup Time": 0.072,
                    "Actual Total Time": 10719.191,
                    "Actual Rows": 155436143,
                    "Actual Loops": 2,
                    "Plans": [
                      {
                        "Node Type": "Index Only Scan",
                        "Parent Relationship": "Outer",
                        "Parallel Aware": false,
                        "Scan Direction": "Forward",
                        "Index Name": "movie_id_movie_info",
                        "Relation Name": "movie_info",
                        "Alias": "mi",
                        "Startup Cost": 0.43,
                        "Total Cost": 1079097.33,
                        "Plan Rows": 14783665,
                        "Plan Width": 4,
                        "Actual Startup Time": 0.067,
                        "Actual Total Time": 4175.704,
                        "Actual Rows": 14834562,
                        "Actual Loops": 2,
                        "Heap Fetches": 29669123
                      }
                    ]
                  }
                ]
              }
            ]
          }
        ]
      }
    ]
  },
  "Planning Time": 0.945,
  "Triggers": [],
  "Execution Time": 36370.478
}