[
    {
        "Bao": {
            "Bao prediction": "NaN",
            "Bao recommended hint": "(no hint)"
        }
    },
    {
        "Plan": {
            "Node Type": "Aggregate",
            "Strategy": "Plain",
            "Partial Mode": "Finalize",
            "Parallel Aware": false,
            "Startup Cost": 380348.19,
            "Total Cost": 380348.2,
            "Plan Rows": 1,
            "Plan Width": 8,
            "Actual Startup Time": 983.035,
            "Actual Total Time": 1021.505,
            "Actual Rows": 1,
            "Actual Loops": 1,
            "Output": [
                "count(*)"
            ],
            "Plans": [
                {
                    "Node Type": "Gather",
                    "Parent Relationship": "Outer",
                    "Parallel Aware": false,
                    "Startup Cost": 380347.57,
                    "Total Cost": 380348.18,
                    "Plan Rows": 6,
                    "Plan Width": 8,
                    "Actual Startup Time": 981.076,
                    "Actual Total Time": 1021.495,
                    "Actual Rows": 7,
                    "Actual Loops": 1,
                    "Output": [
                        "(PARTIAL count(*))"
                    ],
                    "Workers Planned": 6,
                    "Workers Launched": 6,
                    "Single Copy": false,
                    "Plans": [
                        {
                            "Node Type": "Aggregate",
                            "Strategy": "Plain",
                            "Partial Mode": "Partial",
                            "Parent Relationship": "Outer",
                            "Parallel Aware": false,
                            "Startup Cost": 379347.57,
                            "Total Cost": 379347.58,
                            "Plan Rows": 1,
                            "Plan Width": 8,
                            "Actual Startup Time": 971.212,
                            "Actual Total Time": 971.215,
                            "Actual Rows": 1,
                            "Actual Loops": 7,
                            "Output": [
                                "PARTIAL count(*)"
                            ],
                            "Workers": [
                                {
                                    "Worker Number": 0,
                                    "Actual Startup Time": 969.268,
                                    "Actual Total Time": 969.271,
                                    "Actual Rows": 1,
                                    "Actual Loops": 1
                                },
                                {
                                    "Worker Number": 1,
                                    "Actual Startup Time": 969.226,
                                    "Actual Total Time": 969.229,
                                    "Actual Rows": 1,
                                    "Actual Loops": 1
                                },
                                {
                                    "Worker Number": 2,
                                    "Actual Startup Time": 969.491,
                                    "Actual Total Time": 969.494,
                                    "Actual Rows": 1,
                                    "Actual Loops": 1
                                },
                                {
                                    "Worker Number": 3,
                                    "Actual Startup Time": 969.724,
                                    "Actual Total Time": 969.726,
                                    "Actual Rows": 1,
                                    "Actual Loops": 1
                                },
                                {
                                    "Worker Number": 4,
                                    "Actual Startup Time": 969.62,
                                    "Actual Total Time": 969.623,
                                    "Actual Rows": 1,
                                    "Actual Loops": 1
                                },
                                {
                                    "Worker Number": 5,
                                    "Actual Startup Time": 970.451,
                                    "Actual Total Time": 970.454,
                                    "Actual Rows": 1,
                                    "Actual Loops": 1
                                }
                            ],
                            "Plans": [
                                {
                                    "Node Type": "Hash Join",
                                    "Parent Relationship": "Outer",
                                    "Parallel Aware": true,
                                    "Join Type": "Inner",
                                    "Startup Cost": 46030.75,
                                    "Total Cost": 379029.45,
                                    "Plan Rows": 127248,
                                    "Plan Width": 0,
                                    "Actual Startup Time": 376.956,
                                    "Actual Total Time": 961.481,
                                    "Actual Rows": 140788,
                                    "Actual Loops": 7,
                                    "Inner Unique": true,
                                    "Hash Cond": "(ci.movie_id = t.id)",
                                    "Workers": [
                                        {
                                            "Worker Number": 0,
                                            "Actual Startup Time": 374.702,
                                            "Actual Total Time": 959.167,
                                            "Actual Rows": 120034,
                                            "Actual Loops": 1
                                        },
                                        {
                                            "Worker Number": 1,
                                            "Actual Startup Time": 374.865,
                                            "Actual Total Time": 959.217,
                                            "Actual Rows": 118875,
                                            "Actual Loops": 1
                                        },
                                        {
                                            "Worker Number": 2,
                                            "Actual Startup Time": 375.47,
                                            "Actual Total Time": 959.454,
                                            "Actual Rows": 119485,
                                            "Actual Loops": 1
                                        },
                                        {
                                            "Worker Number": 3,
                                            "Actual Startup Time": 375.646,
                                            "Actual Total Time": 960.685,
                                            "Actual Rows": 178510,
                                            "Actual Loops": 1
                                        },
                                        {
                                            "Worker Number": 4,
                                            "Actual Startup Time": 375.387,
                                            "Actual Total Time": 959.591,
                                            "Actual Rows": 118698,
                                            "Actual Loops": 1
                                        },
                                        {
                                            "Worker Number": 5,
                                            "Actual Startup Time": 376.179,
                                            "Actual Total Time": 960.549,
                                            "Actual Rows": 115917,
                                            "Actual Loops": 1
                                        }
                                    ],
                                    "Plans": [
                                        {
                                            "Node Type": "Seq Scan",
                                            "Parent Relationship": "Outer",
                                            "Parallel Aware": true,
                                            "Relation Name": "cast_info",
                                            "Schema": "public",
                                            "Alias": "ci",
                                            "Startup Cost": 0.0,
                                            "Total Cost": 328213.62,
                                            "Plan Rows": 1822886,
                                            "Plan Width": 4,
                                            "Actual Startup Time": 290.176,
                                            "Actual Total Time": 606.132,
                                            "Actual Rows": 1570987,
                                            "Actual Loops": 7,
                                            "Output": [
                                                "ci.id",
                                                "ci.person_id",
                                                "ci.movie_id",
                                                "ci.person_role_id",
                                                "ci.note",
                                                "ci.nr_order",
                                                "ci.role_id"
                                            ],
                                            "Filter": "(ci.person_id > 2604757)",
                                            "Rows Removed by Filter": 3606776,
                                            "Workers": [
                                                {
                                                    "Worker Number": 0,
                                                    "Actual Startup Time": 290.113,
                                                    "Actual Total Time": 608.24,
                                                    "Actual Rows": 1329820,
                                                    "Actual Loops": 1
                                                },
                                                {
                                                    "Worker Number": 1,
                                                    "Actual Startup Time": 290.12,
                                                    "Actual Total Time": 608.659,
                                                    "Actual Rows": 1338804,
                                                    "Actual Loops": 1
                                                },
                                                {
                                                    "Worker Number": 2,
                                                    "Actual Startup Time": 290.231,
                                                    "Actual Total Time": 608.764,
                                                    "Actual Rows": 1335481,
                                                    "Actual Loops": 1
                                                },
                                                {
                                                    "Worker Number": 3,
                                                    "Actual Startup Time": 290.237,
                                                    "Actual Total Time": 607.851,
                                                    "Actual Rows": 1976332,
                                                    "Actual Loops": 1
                                                },
                                                {
                                                    "Worker Number": 4,
                                                    "Actual Startup Time": 290.107,
                                                    "Actual Total Time": 609.595,
                                                    "Actual Rows": 1339581,
                                                    "Actual Loops": 1
                                                },
                                                {
                                                    "Worker Number": 5,
                                                    "Actual Startup Time": 290.206,
                                                    "Actual Total Time": 613.184,
                                                    "Actual Rows": 1298638,
                                                    "Actual Loops": 1
                                                }
                                            ]
                                        },
                                        {
                                            "Node Type": "Hash",
                                            "Parent Relationship": "Inner",
                                            "Parallel Aware": true,
                                            "Startup Cost": 45479.21,
                                            "Total Cost": 45479.21,
                                            "Plan Rows": 44123,
                                            "Plan Width": 4,
                                            "Actual Startup Time": 85.16,
                                            "Actual Total Time": 85.161,
                                            "Actual Rows": 22898,
                                            "Actual Loops": 7,
                                            "Output": [
                                                "t.id"
                                            ],
                                            "Hash Buckets": 262144,
                                            "Original Hash Buckets": 262144,
                                            "Hash Batches": 1,
                                            "Original Hash Batches": 1,
                                            "Peak Memory Usage": 8416,
                                            "Workers": [
                                                {
                                                    "Worker Number": 0,
                                                    "Actual Startup Time": 83.716,
                                                    "Actual Total Time": 83.717,
                                                    "Actual Rows": 18718,
                                                    "Actual Loops": 1
                                                },
                                                {
                                                    "Worker Number": 1,
                                                    "Actual Startup Time": 83.85,
                                                    "Actual Total Time": 83.852,
                                                    "Actual Rows": 18935,
                                                    "Actual Loops": 1
                                                },
                                                {
                                                    "Worker Number": 2,
                                                    "Actual Startup Time": 84.175,
                                                    "Actual Total Time": 84.176,
                                                    "Actual Rows": 18736,
                                                    "Actual Loops": 1
                                                },
                                                {
                                                    "Worker Number": 3,
                                                    "Actual Startup Time": 84.378,
                                                    "Actual Total Time": 84.379,
                                                    "Actual Rows": 26842,
                                                    "Actual Loops": 1
                                                },
                                                {
                                                    "Worker Number": 4,
                                                    "Actual Startup Time": 84.277,
                                                    "Actual Total Time": 84.278,
                                                    "Actual Rows": 19145,
                                                    "Actual Loops": 1
                                                },
                                                {
                                                    "Worker Number": 5,
                                                    "Actual Startup Time": 85.051,
                                                    "Actual Total Time": 85.053,
                                                    "Actual Rows": 18002,
                                                    "Actual Loops": 1
                                                }
                                            ],
                                            "Plans": [
                                                {
                                                    "Node Type": "Seq Scan",
                                                    "Parent Relationship": "Outer",
                                                    "Parallel Aware": true,
                                                    "Relation Name": "title",
                                                    "Schema": "public",
                                                    "Alias": "t",
                                                    "Startup Cost": 0.0,
                                                    "Total Cost": 45479.21,
                                                    "Plan Rows": 44123,
                                                    "Plan Width": 4,
                                                    "Actual Startup Time": 39.66,
                                                    "Actual Total Time": 75.615,
                                                    "Actual Rows": 22898,
                                                    "Actual Loops": 7,
                                                    "Output": [
                                                        "t.id"
                                                    ],
                                                    "Filter": "((t.production_year > 2008) AND (t.kind_id = 1))",
                                                    "Rows Removed by Filter": 338289,
                                                    "Workers": [
                                                        {
                                                            "Worker Number": 0,
                                                            "Actual Startup Time": 44.106,
                                                            "Actual Total Time": 74.907,
                                                            "Actual Rows": 18718,
                                                            "Actual Loops": 1
                                                        },
                                                        {
                                                            "Worker Number": 1,
                                                            "Actual Startup Time": 44.636,
                                                            "Actual Total Time": 75.315,
                                                            "Actual Rows": 18935,
                                                            "Actual Loops": 1
                                                        },
                                                        {
                                                            "Worker Number": 2,
                                                            "Actual Startup Time": 44.534,
                                                            "Actual Total Time": 74.999,
                                                            "Actual Rows": 18736,
                                                            "Actual Loops": 1
                                                        },
                                                        {
                                                            "Worker Number": 3,
                                                            "Actual Startup Time": 44.74,
                                                            "Actual Total Time": 74.539,
                                                            "Actual Rows": 26842,
                                                            "Actual Loops": 1
                                                        },
                                                        {
                                                            "Worker Number": 4,
                                                            "Actual Startup Time": 45.509,
                                                            "Actual Total Time": 75.374,
                                                            "Actual Rows": 19145,
                                                            "Actual Loops": 1
                                                        },
                                                        {
                                                            "Worker Number": 5,
                                                            "Actual Startup Time": 46.547,
                                                            "Actual Total Time": 75.679,
                                                            "Actual Rows": 18002,
                                                            "Actual Loops": 1
                                                        }
                                                    ]
                                                }
                                            ]
                                        }
                                    ]
                                }
                            ]
                        }
                    ]
                }
            ]
        },
        "Planning Time": 204.931,
        "Triggers": [],
        "Execution Time": 1021.574
    }
]