[
  {
    "Plan": {
      "Node Type": "Aggregate",
      "Strategy": "Plain",
      "Partial Mode": "Finalize",
      "Parallel Aware": false,
      "Startup Cost": 23453.47,
      "Total Cost": 23453.48,
      "Plan Rows": 1,
      "Plan Width": 8,
      "Actual Startup Time": 35.18,
      "Actual Total Time": 38.881,
      "Actual Rows": 1,
      "Actual Loops": 1,
      "Plans": [
        {
          "Node Type": "Gather",
          "Parent Relationship": "Outer",
          "Parallel Aware": false,
          "Startup Cost": 23453.15,
          "Total Cost": 23453.46,
          "Plan Rows": 3,
          "Plan Width": 8,
          "Actual Startup Time": 34.967,
          "Actual Total Time": 38.875,
          "Actual Rows": 4,
          "Actual Loops": 1,
          "Workers Planned": 3,
          "Workers Launched": 3,
          "Single Copy": false,
          "Plans": [
            {
              "Node Type": "Aggregate",
              "Strategy": "Plain",
              "Partial Mode": "Partial",
              "Parent Relationship": "Outer",
              "Parallel Aware": false,
              "Startup Cost": 22453.15,
              "Total Cost": 22453.16,
              "Plan Rows": 1,
              "Plan Width": 8,
              "Actual Startup Time": 25.999,
              "Actual Total Time": 26.0,
              "Actual Rows": 1,
              "Actual Loops": 4,
              "Plans": [
                {
                  "Node Type": "Bitmap Heap Scan",
                  "Parent Relationship": "Outer",
                  "Parallel Aware": true,
                  "Relation Name": "movie_companies",
                  "Alias": "mc",
                  "Startup Cost": 2946.09,
                  "Total Cost": 22396.86,
                  "Plan Rows": 22514,
                  "Plan Width": 0,
                  "Actual Startup Time": 20.339,
                  "Actual Total Time": 25.605,
                  "Actual Rows": 5885,
                  "Actual Loops": 4,
                  "Recheck Cond": "(company_id < 27)",
                  "Rows Removed by Index Recheck": 0,
                  "Filter": "(company_type_id = 2)",
                  "Rows Removed by Filter": 27816,
                  "Exact Heap Blocks": 7904,
                  "Lossy Heap Blocks": 0,
                  "Plans": [
                    {
                      "Node Type": "Bitmap Index Scan",
                      "Parent Relationship": "Outer",
                      "Parallel Aware": false,
                      "Index Name": "company_id_movie_companies",
                      "Startup Cost": 0.0,
                      "Total Cost": 2928.64,
                      "Plan Rows": 136561,
                      "Plan Width": 0,
                      "Actual Startup Time": 5.971,
                      "Actual Total Time": 5.971,
                      "Actual Rows": 134807,
                      "Actual Loops": 1,
                      "Index Cond": "(company_id < 27)"
                    }
                  ]
                }
              ]
            }
          ]
        }
      ]
    },
    "Planning Time": 0.293,
    "Triggers": [],
    "Execution Time": 38.951
  }
]