[
    {
        "Bao": {
            "Bao prediction": 439.133,
            "Bao recommended hint": "(no hint)"
        }
    },
    {
        "Plan": {
            "Node Type": "Aggregate",
            "Strategy": "Plain",
            "Partial Mode": "Finalize",
            "Parallel Aware": false,
            "Startup Cost": 32693.73,
            "Total Cost": 32693.74,
            "Plan Rows": 1,
            "Plan Width": 8,
            "Actual Startup Time": 111.249,
            "Actual Total Time": 116.089,
            "Actual Rows": 1,
            "Actual Loops": 1,
            "Output": [
                "count(*)"
            ],
            "Plans": [
                {
                    "Node Type": "Gather",
                    "Parent Relationship": "Outer",
                    "Parallel Aware": false,
                    "Startup Cost": 32693.41,
                    "Total Cost": 32693.72,
                    "Plan Rows": 3,
                    "Plan Width": 8,
                    "Actual Startup Time": 111.112,
                    "Actual Total Time": 116.08,
                    "Actual Rows": 4,
                    "Actual Loops": 1,
                    "Output": [
                        "(PARTIAL count(*))"
                    ],
                    "Workers Planned": 3,
                    "Workers Launched": 3,
                    "Single Copy": false,
                    "Plans": [
                        {
                            "Node Type": "Aggregate",
                            "Strategy": "Plain",
                            "Partial Mode": "Partial",
                            "Parent Relationship": "Outer",
                            "Parallel Aware": false,
                            "Startup Cost": 31693.41,
                            "Total Cost": 31693.42,
                            "Plan Rows": 1,
                            "Plan Width": 8,
                            "Actual Startup Time": 103.547,
                            "Actual Total Time": 103.548,
                            "Actual Rows": 1,
                            "Actual Loops": 4,
                            "Output": [
                                "PARTIAL count(*)"
                            ],
                            "Workers": [
                                {
                                    "Worker Number": 0,
                                    "Actual Startup Time": 101.12,
                                    "Actual Total Time": 101.121,
                                    "Actual Rows": 1,
                                    "Actual Loops": 1
                                },
                                {
                                    "Worker Number": 1,
                                    "Actual Startup Time": 101.25,
                                    "Actual Total Time": 101.25,
                                    "Actual Rows": 1,
                                    "Actual Loops": 1
                                },
                                {
                                    "Worker Number": 2,
                                    "Actual Startup Time": 101.319,
                                    "Actual Total Time": 101.321,
                                    "Actual Rows": 1,
                                    "Actual Loops": 1
                                }
                            ],
                            "Plans": [
                                {
                                    "Node Type": "Seq Scan",
                                    "Parent Relationship": "Outer",
                                    "Parallel Aware": true,
                                    "Relation Name": "movie_companies",
                                    "Schema": "public",
                                    "Alias": "mc",
                                    "Startup Cost": 0.0,
                                    "Total Cost": 31414.82,
                                    "Plan Rows": 111436,
                                    "Plan Width": 0,
                                    "Actual Startup Time": 47.358,
                                    "Actual Total Time": 92.677,
                                    "Actual Rows": 161683,
                                    "Actual Loops": 4,
                                    "Output": [
                                        "id",
                                        "movie_id",
                                        "company_id",
                                        "company_type_id",
                                        "note"
                                    ],
                                    "Filter": "((mc.company_id > 49834) AND (mc.company_type_id > 1))",
                                    "Rows Removed by Filter": 490599,
                                    "Workers": [
                                        {
                                            "Worker Number": 0,
                                            "Actual Startup Time": 44.93,
                                            "Actual Total Time": 90.691,
                                            "Actual Rows": 156588,
                                            "Actual Loops": 1
                                        },
                                        {
                                            "Worker Number": 1,
                                            "Actual Startup Time": 45.051,
                                            "Actual Total Time": 90.735,
                                            "Actual Rows": 157418,
                                            "Actual Loops": 1
                                        },
                                        {
                                            "Worker Number": 2,
                                            "Actual Startup Time": 45.134,
                                            "Actual Total Time": 90.904,
                                            "Actual Rows": 155431,
                                            "Actual Loops": 1
                                        }
                                    ]
                                }
                            ]
                        }
                    ]
                }
            ]
        },
        "Planning Time": 2969.597,
        "Triggers": [],
        "Execution Time": 116.181
    }
]