{
  "Plan": {
    "Node Type": "Aggregate",
    "Strategy": "Plain",
    "Partial Mode": "Finalize",
    "Parallel Aware": false,
    "Startup Cost": 18717.65,
    "Total Cost": 18717.66,
    "Plan Rows": 1,
    "Plan Width": 8,
    "Actual Startup Time": 151.032,
    "Actual Total Time": 180.293,
    "Actual Rows": 1,
    "Actual Loops": 1,
    "Plans": [
      {
        "Node Type": "Gather",
        "Parent Relationship": "Outer",
        "Parallel Aware": false,
        "Startup Cost": 18717.54,
        "Total Cost": 18717.65,
        "Plan Rows": 1,
        "Plan Width": 8,
        "Actual Startup Time": 150.885,
        "Actual Total Time": 180.286,
        "Actual Rows": 2,
        "Actual Loops": 1,
        "Workers Planned": 1,
        "Workers Launched": 1,
        "Single Copy": false,
        "Plans": [
          {
            "Node Type": "Aggregate",
            "Strategy": "Plain",
            "Partial Mode": "Partial",
            "Parent Relationship": "Outer",
            "Parallel Aware": false,
            "Startup Cost": 17717.54,
            "Total Cost": 17717.55,
            "Plan Rows": 1,
            "Plan Width": 8,
            "Actual Startup Time": 144.69,
            "Actual Total Time": 144.692,
            "Actual Rows": 1,
            "Actual Loops": 2,
            "Plans": [
              {
                "Node Type": "Nested Loop",
                "Parent Relationship": "Outer",
                "Parallel Aware": false,
                "Join Type": "Inner",
                "Startup Cost": 44.84,
                "Total Cost": 17675.63,
                "Plan Rows": 16765,
                "Plan Width": 0,
                "Actual Startup Time": 2.2,
                "Actual Total Time": 139.993,
                "Actual Rows": 69072,
                "Actual Loops": 2,
                "Inner Unique": false,
                "Plans": [
                  {
                    "Node Type": "Nested Loop",
                    "Parent Relationship": "Outer",
                    "Parallel Aware": false,
                    "Join Type": "Inner",
                    "Startup Cost": 44.27,
                    "Total Cost": 15115.56,
                    "Plan Rows": 1170,
                    "Plan Width": 8,
                    "Actual Startup Time": 1.984,
                    "Actual Total Time": 18.849,
                    "Actual Rows": 2356,
                    "Actual Loops": 2,
                    "Inner Unique": true,
                    "Plans": [
                      {
                        "Node Type": "Bitmap Heap Scan",
                        "Parent Relationship": "Outer",
                        "Parallel Aware": true,
                        "Relation Name": "movie_companies",
                        "Alias": "mc",
                        "Startup Cost": 43.84,
                        "Total Cost": 5820.22,
                        "Plan Rows": 1170,
                        "Plan Width": 4,
                        "Actual Startup Time": 1.849,
                        "Actual Total Time": 5.086,
                        "Actual Rows": 2356,
                        "Actual Loops": 2,
                        "Recheck Cond": "(company_id < 6)",
                        "Rows Removed by Index Recheck": 0,
                        "Exact Heap Blocks": 1418,
                        "Lossy Heap Blocks": 0,
                        "Plans": [
                          {
                            "Node Type": "Bitmap Index Scan",
                            "Parent Relationship": "Outer",
                            "Parallel Aware": false,
                            "Index Name": "company_id_movie_companies",
                            "Startup Cost": 0.0,
                            "Total Cost": 43.35,
                            "Plan Rows": 1989,
                            "Plan Width": 0,
                            "Actual Startup Time": 2.72,
                            "Actual Total Time": 2.721,
                            "Actual Rows": 4712,
                            "Actual Loops": 1,
                            "Index Cond": "(company_id < 6)"
                          }
                        ]
                      },
                      {
                        "Node Type": "Index Only Scan",
                        "Parent Relationship": "Inner",
                        "Parallel Aware": false,
                        "Scan Direction": "Forward",
                        "Index Name": "title_pkey",
                        "Relation Name": "title",
                        "Alias": "t",
                        "Startup Cost": 0.43,
                        "Total Cost": 7.94,
                        "Plan Rows": 1,
                        "Plan Width": 4,
                        "Actual Startup Time": 0.005,
                        "Actual Total Time": 0.005,
                        "Actual Rows": 1,
                        "Actual Loops": 4712,
                        "Index Cond": "(id = mc.movie_id)",
                        "Rows Removed by Index Recheck": 0,
                        "Heap Fetches": 4712
                      }
                    ]
                  },
                  {
                    "Node Type": "Index Only Scan",
                    "Parent Relationship": "Inner",
                    "Parallel Aware": false,
                    "Scan Direction": "Forward",
                    "Index Name": "movie_id_cast_info",
                    "Relation Name": "cast_info",
                    "Alias": "ci",
                    "Startup Cost": 0.56,
                    "Total Cost": 1.82,
                    "Plan Rows": 37,
                    "Plan Width": 4,
                    "Actual Startup Time": 0.01,
                    "Actual Total Time": 0.048,
                    "Actual Rows": 29,
                    "Actual Loops": 4712,
                    "Index Cond": "(movie_id = t.id)",
                    "Rows Removed by Index Recheck": 0,
                    "Heap Fetches": 138144
                  }
                ]
              }
            ]
          }
        ]
      }
    ]
  },
  "Planning Time": 0.984,
  "Triggers": [],
  "Execution Time": 180.391
}