{
  "Plan": {
    "Node Type": "Aggregate",
    "Strategy": "Plain",
    "Partial Mode": "Finalize",
    "Parallel Aware": false,
    "Startup Cost": 2545913.95,
    "Total Cost": 2545913.96,
    "Plan Rows": 1,
    "Plan Width": 8,
    "Actual Startup Time": 22435.985,
    "Actual Total Time": 22546.533,
    "Actual Rows": 1,
    "Actual Loops": 1,
    "Plans": [
      {
        "Node Type": "Gather",
        "Parent Relationship": "Outer",
        "Parallel Aware": false,
        "Startup Cost": 2545913.84,
        "Total Cost": 2545913.95,
        "Plan Rows": 1,
        "Plan Width": 8,
        "Actual Startup Time": 22435.864,
        "Actual Total Time": 22546.525,
        "Actual Rows": 2,
        "Actual Loops": 1,
        "Workers Planned": 1,
        "Workers Launched": 1,
        "Single Copy": false,
        "Plans": [
          {
            "Node Type": "Aggregate",
            "Strategy": "Plain",
            "Partial Mode": "Partial",
            "Parent Relationship": "Outer",
            "Parallel Aware": false,
            "Startup Cost": 2544913.84,
            "Total Cost": 2544913.85,
            "Plan Rows": 1,
            "Plan Width": 8,
            "Actual Startup Time": 22429.83,
            "Actual Total Time": 22429.833,
            "Actual Rows": 1,
            "Actual Loops": 2,
            "Plans": [
              {
                "Node Type": "Merge Join",
                "Parent Relationship": "Outer",
                "Parallel Aware": false,
                "Join Type": "Inner",
                "Startup Cost": 45.83,
                "Total Cost": 2504931.71,
                "Plan Rows": 15992852,
                "Plan Width": 0,
                "Actual Startup Time": 4.407,
                "Actual Total Time": 21226.658,
                "Actual Rows": 30074221,
                "Actual Loops": 2,
                "Inner Unique": false,
                "Merge Cond": "(ci.movie_id = t.id)",
                "Plans": [
                  {
                    "Node Type": "Index Only Scan",
                    "Parent Relationship": "Outer",
                    "Parallel Aware": true,
                    "Scan Direction": "Forward",
                    "Index Name": "movie_id_cast_info",
                    "Relation Name": "cast_info",
                    "Alias": "ci",
                    "Startup Cost": 0.56,
                    "Total Cost": 1925345.15,
                    "Plan Rows": 21310595,
                    "Plan Width": 4,
                    "Actual Startup Time": 0.116,
                    "Actual Total Time": 13808.621,
                    "Actual Rows": 18121294,
                    "Actual Loops": 2,
                    "Heap Fetches": 36242588
                  },
                  {
                    "Node Type": "Materialize",
                    "Parent Relationship": "Inner",
                    "Parallel Aware": false,
                    "Startup Cost": 3.3,
                    "Total Cost": 291434.26,
                    "Plan Rows": 1897395,
                    "Plan Width": 8,
                    "Actual Startup Time": 0.243,
                    "Actual Total Time": 3815.97,
                    "Actual Rows": 30891633,
                    "Actual Loops": 2,
                    "Plans": [
                      {
                        "Node Type": "Merge Join",
                        "Parent Relationship": "Outer",
                        "Parallel Aware": false,
                        "Join Type": "Inner",
                        "Startup Cost": 3.3,
                        "Total Cost": 286690.77,
                        "Plan Rows": 1897395,
                        "Plan Width": 8,
                        "Actual Startup Time": 0.231,
                        "Actual Total Time": 2595.049,
                        "Actual Rows": 1603463,
                        "Actual Loops": 2,
                        "Inner Unique": false,
                        "Merge Cond": "(t.id = mc.movie_id)",
                        "Plans": [
                          {
                            "Node Type": "Index Scan",
                            "Parent Relationship": "Outer",
                            "Parallel Aware": false,
                            "Scan Direction": "Forward",
                            "Index Name": "title_pkey",
                            "Relation Name": "title",
                            "Alias": "t",
                            "Startup Cost": 0.43,
                            "Total Cost": 116660.7,
                            "Plan Rows": 1838610,
                            "Plan Width": 4,
                            "Actual Startup Time": 0.081,
                            "Actual Total Time": 1565.707,
                            "Actual Rows": 1832678,
                            "Actual Loops": 2,
                            "Filter": "(production_year > 1986)",
                            "Rows Removed by Filter": 693068
                          },
                          {
                            "Node Type": "Index Only Scan",
                            "Parent Relationship": "Inner",
                            "Parallel Aware": false,
                            "Scan Direction": "Forward",
                            "Index Name": "movie_id_movie_companies",
                            "Relation Name": "movie_companies",
                            "Alias": "mc",
                            "Startup Cost": 0.43,
                            "Total Cost": 140059.44,
                            "Plan Rows": 2609129,
                            "Plan Width": 4,
                            "Actual Startup Time": 0.127,
                            "Actual Total Time": 708.994,
                            "Actual Rows": 2609129,
                            "Actual Loops": 2,
                            "Heap Fetches": 5218258
                          }
                        ]
                      }
                    ]
                  }
                ]
              }
            ]
          }
        ]
      }
    ]
  },
  "Planning Time": 0.994,
  "Triggers": [],
  "Execution Time": 22546.645
}