{
  "Plan": {
    "Node Type": "Aggregate",
    "Strategy": "Plain",
    "Partial Mode": "Finalize",
    "Parallel Aware": false,
    "Startup Cost": 141156.99,
    "Total Cost": 141157.0,
    "Plan Rows": 1,
    "Plan Width": 8,
    "Actual Startup Time": 658.216,
    "Actual Total Time": 675.737,
    "Actual Rows": 1,
    "Actual Loops": 1,
    "Plans": [
      {
        "Node Type": "Gather",
        "Parent Relationship": "Outer",
        "Parallel Aware": false,
        "Startup Cost": 141156.88,
        "Total Cost": 141156.99,
        "Plan Rows": 1,
        "Plan Width": 8,
        "Actual Startup Time": 568.593,
        "Actual Total Time": 675.72,
        "Actual Rows": 2,
        "Actual Loops": 1,
        "Workers Planned": 1,
        "Workers Launched": 1,
        "Single Copy": false,
        "Plans": [
          {
            "Node Type": "Aggregate",
            "Strategy": "Plain",
            "Partial Mode": "Partial",
            "Parent Relationship": "Outer",
            "Parallel Aware": false,
            "Startup Cost": 140156.88,
            "Total Cost": 140156.89,
            "Plan Rows": 1,
            "Plan Width": 8,
            "Actual Startup Time": 604.756,
            "Actual Total Time": 604.766,
            "Actual Rows": 1,
            "Actual Loops": 2,
            "Plans": [
              {
                "Node Type": "Merge Join",
                "Parent Relationship": "Outer",
                "Parallel Aware": false,
                "Join Type": "Inner",
                "Startup Cost": 137509.92,
                "Total Cost": 140107.11,
                "Plan Rows": 19906,
                "Plan Width": 0,
                "Actual Startup Time": 569.055,
                "Actual Total Time": 603.386,
                "Actual Rows": 27779,
                "Actual Loops": 2,
                "Inner Unique": false,
                "Merge Cond": "(t.id = ci.movie_id)",
                "Plans": [
                  {
                    "Node Type": "Sort",
                    "Parent Relationship": "Outer",
                    "Parallel Aware": false,
                    "Startup Cost": 96464.96,
                    "Total Cost": 96852.29,
                    "Plan Rows": 154932,
                    "Plan Width": 8,
                    "Actual Startup Time": 437.654,
                    "Actual Total Time": 441.102,
                    "Actual Rows": 74364,
                    "Actual Loops": 2,
                    "Sort Key": [
                      "t.id"
                    ],
                    "Sort Method": "quicksort",
                    "Sort Space Used": 7332,
                    "Sort Space Type": "Memory",
                    "Workers": [
                      {
                        "Worker Number": 0,
                        "Sort Method": "quicksort",
                        "Sort Space Used": 4249,
                        "Sort Space Type": "Memory"
                      }
                    ],
                    "Plans": [
                      {
                        "Node Type": "Hash Join",
                        "Parent Relationship": "Outer",
                        "Parallel Aware": true,
                        "Join Type": "Inner",
                        "Startup Cost": 63597.58,
                        "Total Cost": 83108.83,
                        "Plan Rows": 154932,
                        "Plan Width": 8,
                        "Actual Startup Time": 271.166,
                        "Actual Total Time": 422.156,
                        "Actual Rows": 74364,
                        "Actual Loops": 2,
                        "Inner Unique": true,
                        "Hash Cond": "(mi_idx.movie_id = t.id)",
                        "Plans": [
                          {
                            "Node Type": "Seq Scan",
                            "Parent Relationship": "Outer",
                            "Parallel Aware": true,
                            "Relation Name": "movie_info_idx",
                            "Alias": "mi_idx",
                            "Startup Cost": 0.0,
                            "Total Cost": 18082.32,
                            "Plan Rows": 544356,
                            "Plan Width": 4,
                            "Actual Startup Time": 0.023,
                            "Actual Total Time": 70.082,
                            "Actual Rows": 460055,
                            "Actual Loops": 2,
                            "Filter": "(info_type_id > 99)",
                            "Rows Removed by Filter": 229962
                          },
                          {
                            "Node Type": "Hash",
                            "Parent Relationship": "Inner",
                            "Parallel Aware": true,
                            "Startup Cost": 58306.47,
                            "Total Cost": 58306.47,
                            "Plan Rows": 423289,
                            "Plan Width": 4,
                            "Actual Startup Time": 261.986,
                            "Actual Total Time": 261.988,
                            "Actual Rows": 319215,
                            "Actual Loops": 2,
                            "Hash Buckets": 1048576,
                            "Original Hash Buckets": 1048576,
                            "Hash Batches": 1,
                            "Original Hash Batches": 1,
                            "Peak Memory Usage": 33216,
                            "Plans": [
                              {
                                "Node Type": "Seq Scan",
                                "Parent Relationship": "Outer",
                                "Parallel Aware": true,
                                "Relation Name": "title",
                                "Alias": "t",
                                "Startup Cost": 0.0,
                                "Total Cost": 58306.47,
                                "Plan Rows": 423289,
                                "Plan Width": 4,
                                "Actual Startup Time": 0.035,
                                "Actual Total Time": 173.786,
                                "Actual Rows": 319215,
                                "Actual Loops": 2,
                                "Filter": "((production_year < 2003) AND (kind_id = 7))",
                                "Rows Removed by Filter": 944941
                              }
                            ]
                          }
                        ]
                      }
                    ]
                  },
                  {
                    "Node Type": "Sort",
                    "Parent Relationship": "Inner",
                    "Parallel Aware": false,
                    "Startup Cost": 41044.92,
                    "Total Cost": 41857.04,
                    "Plan Rows": 324845,
                    "Plan Width": 4,
                    "Actual Startup Time": 131.383,
                    "Actual Total Time": 143.256,
                    "Actual Rows": 175634,
                    "Actual Loops": 2,
                    "Sort Key": [
                      "ci.movie_id"
                    ],
                    "Sort Method": "quicksort",
                    "Sort Space Used": 25245,
                    "Sort Space Type": "Memory",
                    "Workers": [
                      {
                        "Worker Number": 0,
                        "Sort Method": "quicksort",
                        "Sort Space Used": 25245,
                        "Sort Space Type": "Memory"
                      }
                    ],
                    "Plans": [
                      {
                        "Node Type": "Index Scan",
                        "Parent Relationship": "Outer",
                        "Parallel Aware": false,
                        "Scan Direction": "Forward",
                        "Index Name": "role_id_cast_info",
                        "Relation Name": "cast_info",
                        "Alias": "ci",
                        "Startup Cost": 0.56,
                        "Total Cost": 11306.35,
                        "Plan Rows": 324845,
                        "Plan Width": 4,
                        "Actual Startup Time": 0.083,
                        "Actual Total Time": 53.646,
                        "Actual Rows": 276403,
                        "Actual Loops": 2,
                        "Index Cond": "(role_id = 7)",
                        "Rows Removed by Index Recheck": 0
                      }
                    ]
                  }
                ]
              }
            ]
          }
        ]
      }
    ]
  },
  "Planning Time": 1.065,
  "Triggers": [],
  "Execution Time": 681.835
}