[
  {
    "Plan": {
      "Node Type": "Aggregate",
      "Strategy": "Plain",
      "Partial Mode": "Finalize",
      "Parallel Aware": false,
      "Startup Cost": 32676.27,
      "Total Cost": 32676.28,
      "Plan Rows": 1,
      "Plan Width": 8,
      "Actual Startup Time": 79.827,
      "Actual Total Time": 87.619,
      "Actual Rows": 1,
      "Actual Loops": 1,
      "Plans": [
        {
          "Node Type": "Gather",
          "Parent Relationship": "Outer",
          "Parallel Aware": false,
          "Startup Cost": 32675.95,
          "Total Cost": 32676.26,
          "Plan Rows": 3,
          "Plan Width": 8,
          "Actual Startup Time": 79.717,
          "Actual Total Time": 87.611,
          "Actual Rows": 4,
          "Actual Loops": 1,
          "Workers Planned": 3,
          "Workers Launched": 3,
          "Single Copy": false,
          "Plans": [
            {
              "Node Type": "Aggregate",
              "Strategy": "Plain",
              "Partial Mode": "Partial",
              "Parent Relationship": "Outer",
              "Parallel Aware": false,
              "Startup Cost": 31675.95,
              "Total Cost": 31675.96,
              "Plan Rows": 1,
              "Plan Width": 8,
              "Actual Startup Time": 74.156,
              "Actual Total Time": 74.157,
              "Actual Rows": 1,
              "Actual Loops": 4,
              "Plans": [
                {
                  "Node Type": "Seq Scan",
                  "Parent Relationship": "Outer",
                  "Parallel Aware": true,
                  "Relation Name": "movie_companies",
                  "Alias": "mc",
                  "Startup Cost": 0.0,
                  "Total Cost": 31414.82,
                  "Plan Rows": 104453,
                  "Plan Width": 0,
                  "Actual Startup Time": 42.266,
                  "Actual Total Time": 72.061,
                  "Actual Rows": 43774,
                  "Actual Loops": 4,
                  "Filter": "((company_id < 809) AND (company_type_id = 2))",
                  "Rows Removed by Filter": 608509
                }
              ]
            }
          ]
        }
      ]
    },
    "Planning Time": 0.226,
    "Triggers": [],
    "Execution Time": 87.677
  }
]