[
  {
    "Plan": {
      "Node Type": "Aggregate",
      "Strategy": "Plain",
      "Partial Mode": "Finalize",
      "Parallel Aware": false,
      "Startup Cost": 69320.45,
      "Total Cost": 69320.46,
      "Plan Rows": 1,
      "Plan Width": 8,
      "Actual Startup Time": 100.1,
      "Actual Total Time": 114.418,
      "Actual Rows": 1,
      "Actual Loops": 1,
      "Plans": [
        {
          "Node Type": "Gather",
          "Parent Relationship": "Outer",
          "Parallel Aware": false,
          "Startup Cost": 69320.03,
          "Total Cost": 69320.44,
          "Plan Rows": 4,
          "Plan Width": 8,
          "Actual Startup Time": 99.923,
          "Actual Total Time": 114.409,
          "Actual Rows": 5,
          "Actual Loops": 1,
          "Workers Planned": 4,
          "Workers Launched": 4,
          "Single Copy": false,
          "Plans": [
            {
              "Node Type": "Aggregate",
              "Strategy": "Plain",
              "Partial Mode": "Partial",
              "Parent Relationship": "Outer",
              "Parallel Aware": false,
              "Startup Cost": 68320.03,
              "Total Cost": 68320.04,
              "Plan Rows": 1,
              "Plan Width": 8,
              "Actual Startup Time": 94.184,
              "Actual Total Time": 94.186,
              "Actual Rows": 1,
              "Actual Loops": 5,
              "Plans": [
                {
                  "Node Type": "Nested Loop",
                  "Parent Relationship": "Outer",
                  "Parallel Aware": false,
                  "Join Type": "Inner",
                  "Startup Cost": 0.43,
                  "Total Cost": 68317.89,
                  "Plan Rows": 857,
                  "Plan Width": 0,
                  "Actual Startup Time": 54.624,
                  "Actual Total Time": 93.854,
                  "Actual Rows": 3796,
                  "Actual Loops": 5,
                  "Inner Unique": false,
                  "Plans": [
                    {
                      "Node Type": "Seq Scan",
                      "Parent Relationship": "Outer",
                      "Parallel Aware": true,
                      "Relation Name": "title",
                      "Alias": "t",
                      "Startup Cost": 0.0,
                      "Total Cost": 45479.59,
                      "Plan Rows": 146,
                      "Plan Width": 4,
                      "Actual Startup Time": 54.501,
                      "Actual Total Time": 78.893,
                      "Actual Rows": 360,
                      "Actual Loops": 5,
                      "Filter": "((kind_id < 6) AND (production_year = 1902))",
                      "Rows Removed by Filter": 505303
                    },
                    {
                      "Node Type": "Index Only Scan",
                      "Parent Relationship": "Inner",
                      "Parallel Aware": false,
                      "Scan Direction": "Forward",
                      "Index Name": "movie_id_movie_info",
                      "Relation Name": "movie_info",
                      "Alias": "mi",
                      "Startup Cost": 0.43,
                      "Total Cost": 156.02,
                      "Plan Rows": 41,
                      "Plan Width": 4,
                      "Actual Startup Time": 0.015,
                      "Actual Total Time": 0.04,
                      "Actual Rows": 11,
                      "Actual Loops": 1799,
                      "Index Cond": "(movie_id = t.id)",
                      "Rows Removed by Index Recheck": 0,
                      "Heap Fetches": 18982
                    }
                  ]
                }
              ]
            }
          ]
        }
      ]
    },
    "Planning Time": 0.464,
    "Triggers": [],
    "Execution Time": 114.472
  }
]