[
  {
    "Plan": {
      "Node Type": "Aggregate",
      "Strategy": "Plain",
      "Partial Mode": "Finalize",
      "Parallel Aware": false,
      "Startup Cost": 528819.45,
      "Total Cost": 528819.46,
      "Plan Rows": 1,
      "Plan Width": 64,
      "Actual Startup Time": 3417.811,
      "Actual Total Time": 3550.378,
      "Actual Rows": 1,
      "Actual Loops": 1,
      "Plans": [
        {
          "Node Type": "Gather",
          "Parent Relationship": "Outer",
          "Parallel Aware": false,
          "Startup Cost": 528819.13,
          "Total Cost": 528819.44,
          "Plan Rows": 3,
          "Plan Width": 32,
          "Actual Startup Time": 3414.317,
          "Actual Total Time": 3550.365,
          "Actual Rows": 4,
          "Actual Loops": 1,
          "Workers Planned": 3,
          "Workers Launched": 3,
          "Single Copy": false,
          "Plans": [
            {
              "Node Type": "Aggregate",
              "Strategy": "Plain",
              "Partial Mode": "Partial",
              "Parent Relationship": "Outer",
              "Parallel Aware": false,
              "Startup Cost": 527819.13,
              "Total Cost": 527819.14,
              "Plan Rows": 1,
              "Plan Width": 32,
              "Actual Startup Time": 3405.302,
              "Actual Total Time": 3405.63,
              "Actual Rows": 1,
              "Actual Loops": 4,
              "Plans": [
                {
                  "Node Type": "Hash Join",
                  "Parent Relationship": "Outer",
                  "Parallel Aware": true,
                  "Join Type": "Inner",
                  "Startup Cost": 497455.74,
                  "Total Cost": 527818.89,
                  "Plan Rows": 93,
                  "Plan Width": 15,
                  "Actual Startup Time": 3201.054,
                  "Actual Total Time": 3393.706,
                  "Actual Rows": 185976,
                  "Actual Loops": 4,
                  "Inner Unique": true,
                  "Hash Cond": "(mc.company_id = cn.id)",
                  "Plans": [
                    {
                      "Node Type": "Hash Join",
                      "Parent Relationship": "Outer",
                      "Parallel Aware": true,
                      "Join Type": "Inner",
                      "Startup Cost": 491350.48,
                      "Total Cost": 521713.39,
                      "Plan Rows": 93,
                      "Plan Width": 19,
                      "Actual Startup Time": 3153.582,
                      "Actual Total Time": 3314.362,
                      "Actual Rows": 185976,
                      "Actual Loops": 4,
                      "Inner Unique": false,
                      "Hash Cond": "(mc.movie_id = ci.movie_id)",
                      "Plans": [
                        {
                          "Node Type": "Seq Scan",
                          "Parent Relationship": "Outer",
                          "Parallel Aware": true,
                          "Relation Name": "movie_companies",
                          "Alias": "mc",
                          "Startup Cost": 0.0,
                          "Total Cost": 27206.55,
                          "Plan Rows": 841655,
                          "Plan Width": 8,
                          "Actual Startup Time": 0.016,
                          "Actual Total Time": 63.757,
                          "Actual Rows": 652282,
                          "Actual Loops": 4
                        },
                        {
                          "Node Type": "Hash",
                          "Parent Relationship": "Inner",
                          "Parallel Aware": true,
                          "Startup Cost": 491350.23,
                          "Total Cost": 491350.23,
                          "Plan Rows": 20,
                          "Plan Width": 27,
                          "Actual Startup Time": 3153.086,
                          "Actual Total Time": 3153.408,
                          "Actual Rows": 25161,
                          "Actual Loops": 4,
                          "Hash Buckets": 131072,
                          "Original Hash Buckets": 1024,
                          "Hash Batches": 1,
                          "Original Hash Batches": 1,
                          "Peak Memory Usage": 8344,
                          "Plans": [
                            {
                              "Node Type": "Hash Join",
                              "Parent Relationship": "Outer",
                              "Parallel Aware": true,
                              "Join Type": "Inner",
                              "Startup Cost": 160144.27,
                              "Total Cost": 491350.23,
                              "Plan Rows": 20,
                              "Plan Width": 27,
                              "Actual Startup Time": 1396.15,
                              "Actual Total Time": 3110.564,
                              "Actual Rows": 25161,
                              "Actual Loops": 4,
                              "Inner Unique": false,
                              "Hash Cond": "(ci.movie_id = t.id)",
                              "Plans": [
                                {
                                  "Node Type": "Hash Join",
                                  "Parent Relationship": "Outer",
                                  "Parallel Aware": true,
                                  "Join Type": "Inner",
                                  "Startup Cost": 69951.0,
                                  "Total Cost": 398869.75,
                                  "Plan Rows": 609915,
                                  "Plan Width": 19,
                                  "Actual Startup Time": 833.023,
                                  "Actual Total Time": 2420.735,
                                  "Actual Rows": 873348,
                                  "Actual Loops": 4,
                                  "Inner Unique": true,
                                  "Hash Cond": "(ci.person_id = n.id)",
                                  "Plans": [
                                    {
                                      "Node Type": "Seq Scan",
                                      "Parent Relationship": "Outer",
                                      "Parallel Aware": true,
                                      "Relation Name": "cast_info",
                                      "Alias": "ci",
                                      "Startup Cost": 0.0,
                                      "Total Cost": 313068.58,
                                      "Plan Rows": 6038158,
                                      "Plan Width": 8,
                                      "Actual Startup Time": 0.016,
                                      "Actual Total Time": 1051.627,
                                      "Actual Rows": 9061086,
                                      "Actual Loops": 4
                                    },
                                    {
                                      "Node Type": "Hash",
                                      "Parent Relationship": "Inner",
                                      "Parallel Aware": true,
                                      "Startup Cost": 68635.58,
                                      "Total Cost": 68635.58,
                                      "Plan Rows": 105233,
                                      "Plan Width": 19,
                                      "Actual Startup Time": 230.416,
                                      "Actual Total Time": 230.418,
                                      "Actual Rows": 101317,
                                      "Actual Loops": 4,
                                      "Hash Buckets": 524288,
                                      "Original Hash Buckets": 524288,
                                      "Hash Batches": 1,
                                      "Original Hash Batches": 1,
                                      "Peak Memory Usage": 26240,
                                      "Plans": [
                                        {
                                          "Node Type": "Seq Scan",
                                          "Parent Relationship": "Outer",
                                          "Parallel Aware": true,
                                          "Relation Name": "name",
                                          "Alias": "n",
                                          "Startup Cost": 0.0,
                                          "Total Cost": 68635.58,
                                          "Plan Rows": 105233,
                                          "Plan Width": 19,
                                          "Actual Startup Time": 54.156,
                                          "Actual Total Time": 176.104,
                                          "Actual Rows": 101317,
                                          "Actual Loops": 4,
                                          "Filter": "(name ~~ 'S%'::text)",
                                          "Rows Removed by Filter": 940556
                                        }
                                      ]
                                    }
                                  ]
                                },
                                {
                                  "Node Type": "Hash",
                                  "Parent Relationship": "Inner",
                                  "Parallel Aware": true,
                                  "Startup Cost": 90193.17,
                                  "Total Cost": 90193.17,
                                  "Plan Rows": 8,
                                  "Plan Width": 8,
                                  "Actual Startup Time": 562.954,
                                  "Actual Total Time": 562.959,
                                  "Actual Rows": 10460,
                                  "Actual Loops": 4,
                                  "Hash Buckets": 65536,
                                  "Original Hash Buckets": 1024,
                                  "Hash Batches": 1,
                                  "Original Hash Batches": 1,
                                  "Peak Memory Usage": 2712,
                                  "Plans": [
                                    {
                                      "Node Type": "Hash Join",
                                      "Parent Relationship": "Outer",
                                      "Parallel Aware": true,
                                      "Join Type": "Inner",
                                      "Startup Cost": 45504.47,
                                      "Total Cost": 90193.17,
                                      "Plan Rows": 8,
                                      "Plan Width": 8,
                                      "Actual Startup Time": 294.951,
                                      "Actual Total Time": 518.079,
                                      "Actual Rows": 10460,
                                      "Actual Loops": 4,
                                      "Inner Unique": false,
                                      "Hash Cond": "(t.id = mk.movie_id)",
                                      "Plans": [
                                        {
                                          "Node Type": "Seq Scan",
                                          "Parent Relationship": "Outer",
                                          "Parallel Aware": true,
                                          "Relation Name": "title",
                                          "Alias": "t",
                                          "Startup Cost": 0.0,
                                          "Total Cost": 42318.49,
                                          "Plan Rows": 632049,
                                          "Plan Width": 4,
                                          "Actual Startup Time": 0.018,
                                          "Actual Total Time": 118.487,
                                          "Actual Rows": 632078,
                                          "Actual Loops": 4
                                        },
                                        {
                                          "Node Type": "Hash",
                                          "Parent Relationship": "Inner",
                                          "Parallel Aware": true,
                                          "Startup Cost": 45504.33,
                                          "Total Cost": 45504.33,
                                          "Plan Rows": 11,
                                          "Plan Width": 4,
                                          "Actual Startup Time": 294.773,
                                          "Actual Total Time": 294.776,
                                          "Actual Rows": 10460,
                                          "Actual Loops": 4,
                                          "Hash Buckets": 65536,
                                          "Original Hash Buckets": 1024,
                                          "Hash Batches": 1,
                                          "Original Hash Batches": 1,
                                          "Peak Memory Usage": 2712,
                                          "Plans": [
                                            {
                                              "Node Type": "Hash Join",
                                              "Parent Relationship": "Outer",
                                              "Parallel Aware": false,
                                              "Join Type": "Inner",
                                              "Startup Cost": 2626.14,
                                              "Total Cost": 45504.33,
                                              "Plan Rows": 11,
                                              "Plan Width": 4,
                                              "Actual Startup Time": 17.682,
                                              "Actual Total Time": 262.664,
                                              "Actual Rows": 10460,
                                              "Actual Loops": 4,
                                              "Inner Unique": true,
                                              "Hash Cond": "(mk.keyword_id = k.id)",
                                              "Plans": [
                                                {
                                                  "Node Type": "Seq Scan",
                                                  "Parent Relationship": "Outer",
                                                  "Parallel Aware": true,
                                                  "Relation Name": "movie_keyword",
                                                  "Alias": "mk",
                                                  "Startup Cost": 0.0,
                                                  "Total Cost": 39047.32,
                                                  "Plan Rows": 1459332,
                                                  "Plan Width": 8,
                                                  "Actual Startup Time": 0.04,
                                                  "Actual Total Time": 142.565,
                                                  "Actual Rows": 1130982,
                                                  "Actual Loops": 4
                                                },
                                                {
                                                  "Node Type": "Hash",
                                                  "Parent Relationship": "Inner",
                                                  "Parallel Aware": false,
                                                  "Startup Cost": 2626.12,
                                                  "Total Cost": 2626.12,
                                                  "Plan Rows": 1,
                                                  "Plan Width": 4,
                                                  "Actual Startup Time": 17.574,
                                                  "Actual Total Time": 17.575,
                                                  "Actual Rows": 1,
                                                  "Actual Loops": 4,
                                                  "Hash Buckets": 1024,
                                                  "Original Hash Buckets": 1024,
                                                  "Hash Batches": 1,
                                                  "Original Hash Batches": 1,
                                                  "Peak Memory Usage": 9,
                                                  "Plans": [
                                                    {
                                                      "Node Type": "Seq Scan",
                                                      "Parent Relationship": "Outer",
                                                      "Parallel Aware": false,
                                                      "Relation Name": "keyword",
                                                      "Alias": "k",
                                                      "Startup Cost": 0.0,
                                                      "Total Cost": 2626.12,
                                                      "Plan Rows": 1,
                                                      "Plan Width": 4,
                                                      "Actual Startup Time": 0.922,
                                                      "Actual Total Time": 17.568,
                                                      "Actual Rows": 1,
                                                      "Actual Loops": 4,
                                                      "Filter": "(keyword = 'character-name-in-title'::text)",
                                                      "Rows Removed by Filter": 134169
                                                    }
                                                  ]
                                                }
                                              ]
                                            }
                                          ]
                                        }
                                      ]
                                    }
                                  ]
                                }
                              ]
                            }
                          ]
                        }
                      ]
                    },
                    {
                      "Node Type": "Hash",
                      "Parent Relationship": "Inner",
                      "Parallel Aware": true,
                      "Startup Cost": 4377.34,
                      "Total Cost": 4377.34,
                      "Plan Rows": 138234,
                      "Plan Width": 4,
                      "Actual Startup Time": 45.613,
                      "Actual Total Time": 45.616,
                      "Actual Rows": 58749,
                      "Actual Loops": 4,
                      "Hash Buckets": 262144,
                      "Original Hash Buckets": 262144,
                      "Hash Batches": 1,
                      "Original Hash Batches": 1,
                      "Peak Memory Usage": 11328,
                      "Plans": [
                        {
                          "Node Type": "Seq Scan",
                          "Parent Relationship": "Outer",
                          "Parallel Aware": true,
                          "Relation Name": "company_name",
                          "Alias": "cn",
                          "Startup Cost": 0.0,
                          "Total Cost": 4377.34,
                          "Plan Rows": 138234,
                          "Plan Width": 4,
                          "Actual Startup Time": 0.054,
                          "Actual Total Time": 22.412,
                          "Actual Rows": 58749,
                          "Actual Loops": 4
                        }
                      ]
                    }
                  ]
                }
              ]
            }
          ]
        }
      ]
    },
    "Planning Time": 14.753,
    "Triggers": [],
    "Execution Time": 3550.955
  }
]