[
  {
    "Plan": {
      "Node Type": "Aggregate",
      "Strategy": "Plain",
      "Partial Mode": "Finalize",
      "Parallel Aware": false,
      "Startup Cost": 350930.6,
      "Total Cost": 350930.61,
      "Plan Rows": 1,
      "Plan Width": 8,
      "Actual Startup Time": 723.149,
      "Actual Total Time": 784.748,
      "Actual Rows": 1,
      "Actual Loops": 1,
      "Plans": [
        {
          "Node Type": "Gather",
          "Parent Relationship": "Outer",
          "Parallel Aware": false,
          "Startup Cost": 350929.97,
          "Total Cost": 350930.58,
          "Plan Rows": 6,
          "Plan Width": 8,
          "Actual Startup Time": 723.006,
          "Actual Total Time": 784.739,
          "Actual Rows": 7,
          "Actual Loops": 1,
          "Workers Planned": 6,
          "Workers Launched": 6,
          "Single Copy": false,
          "Plans": [
            {
              "Node Type": "Aggregate",
              "Strategy": "Plain",
              "Partial Mode": "Partial",
              "Parent Relationship": "Outer",
              "Parallel Aware": false,
              "Startup Cost": 349929.97,
              "Total Cost": 349929.98,
              "Plan Rows": 1,
              "Plan Width": 8,
              "Actual Startup Time": 713.868,
              "Actual Total Time": 713.87,
              "Actual Rows": 1,
              "Actual Loops": 7,
              "Plans": [
                {
                  "Node Type": "Seq Scan",
                  "Parent Relationship": "Outer",
                  "Parallel Aware": true,
                  "Relation Name": "cast_info",
                  "Alias": "ci",
                  "Startup Cost": 0.0,
                  "Total Cost": 343257.03,
                  "Plan Rows": 2669178,
                  "Plan Width": 0,
                  "Actual Startup Time": 214.897,
                  "Actual Total Time": 633.808,
                  "Actual Rows": 2070544,
                  "Actual Loops": 7,
                  "Filter": "((person_id > 1771706) AND (role_id < 10))",
                  "Rows Removed by Filter": 3107219
                }
              ]
            }
          ]
        }
      ]
    },
    "Planning Time": 0.221,
    "Triggers": [],
    "Execution Time": 784.811
  }
]