[
  {
    "Plan": {
      "Node Type": "Aggregate",
      "Strategy": "Plain",
      "Partial Mode": "Finalize",
      "Parallel Aware": false,
      "Startup Cost": 31265.86,
      "Total Cost": 31265.87,
      "Plan Rows": 1,
      "Plan Width": 8,
      "Actual Startup Time": 114.501,
      "Actual Total Time": 121.241,
      "Actual Rows": 1,
      "Actual Loops": 1,
      "Plans": [
        {
          "Node Type": "Gather",
          "Parent Relationship": "Outer",
          "Parallel Aware": false,
          "Startup Cost": 31265.54,
          "Total Cost": 31265.85,
          "Plan Rows": 3,
          "Plan Width": 8,
          "Actual Startup Time": 114.345,
          "Actual Total Time": 121.229,
          "Actual Rows": 4,
          "Actual Loops": 1,
          "Workers Planned": 3,
          "Workers Launched": 3,
          "Single Copy": false,
          "Plans": [
            {
              "Node Type": "Aggregate",
              "Strategy": "Plain",
              "Partial Mode": "Partial",
              "Parent Relationship": "Outer",
              "Parallel Aware": false,
              "Startup Cost": 30265.54,
              "Total Cost": 30265.55,
              "Plan Rows": 1,
              "Plan Width": 8,
              "Actual Startup Time": 106.511,
              "Actual Total Time": 106.512,
              "Actual Rows": 1,
              "Actual Loops": 4,
              "Plans": [
                {
                  "Node Type": "Seq Scan",
                  "Parent Relationship": "Outer",
                  "Parallel Aware": true,
                  "Relation Name": "movie_companies",
                  "Alias": "mc",
                  "Startup Cost": 0.0,
                  "Total Cost": 29310.68,
                  "Plan Rows": 381944,
                  "Plan Width": 0,
                  "Actual Startup Time": 0.041,
                  "Actual Total Time": 87.69,
                  "Actual Rows": 297730,
                  "Actual Loops": 4,
                  "Filter": "(company_id < 10584)",
                  "Rows Removed by Filter": 354552
                }
              ]
            }
          ]
        }
      ]
    },
    "Planning Time": 0.088,
    "Triggers": [],
    "Execution Time": 121.272
  }
]