[
  {
    "Plan": {
      "Node Type": "Aggregate",
      "Strategy": "Plain",
      "Partial Mode": "Finalize",
      "Parallel Aware": false,
      "Startup Cost": 31271.75,
      "Total Cost": 31271.76,
      "Plan Rows": 1,
      "Plan Width": 8,
      "Actual Startup Time": 103.679,
      "Actual Total Time": 111.449,
      "Actual Rows": 1,
      "Actual Loops": 1,
      "Plans": [
        {
          "Node Type": "Gather",
          "Parent Relationship": "Outer",
          "Parallel Aware": false,
          "Startup Cost": 31271.44,
          "Total Cost": 31271.75,
          "Plan Rows": 3,
          "Plan Width": 8,
          "Actual Startup Time": 103.555,
          "Actual Total Time": 111.438,
          "Actual Rows": 4,
          "Actual Loops": 1,
          "Workers Planned": 3,
          "Workers Launched": 3,
          "Single Copy": false,
          "Plans": [
            {
              "Node Type": "Aggregate",
              "Strategy": "Plain",
              "Partial Mode": "Partial",
              "Parent Relationship": "Outer",
              "Parallel Aware": false,
              "Startup Cost": 30271.44,
              "Total Cost": 30271.45,
              "Plan Rows": 1,
              "Plan Width": 8,
              "Actual Startup Time": 98.007,
              "Actual Total Time": 98.008,
              "Actual Rows": 1,
              "Actual Loops": 4,
              "Plans": [
                {
                  "Node Type": "Seq Scan",
                  "Parent Relationship": "Outer",
                  "Parallel Aware": true,
                  "Relation Name": "movie_companies",
                  "Alias": "mc",
                  "Startup Cost": 0.0,
                  "Total Cost": 29310.68,
                  "Plan Rows": 384302,
                  "Plan Width": 0,
                  "Actual Startup Time": 0.034,
                  "Actual Total Time": 80.395,
                  "Actual Rows": 297730,
                  "Actual Loops": 4,
                  "Filter": "(company_id < 10584)",
                  "Rows Removed by Filter": 354552
                }
              ]
            }
          ]
        }
      ]
    },
    "Planning Time": 0.195,
    "Triggers": [],
    "Execution Time": 111.507
  }
]