{
  "Plan": {
    "Node Type": "Aggregate",
    "Strategy": "Plain",
    "Partial Mode": "Simple",
    "Parallel Aware": false,
    "Startup Cost": 1378945.01,
    "Total Cost": 1378945.02,
    "Plan Rows": 1,
    "Plan Width": 64,
    "Actual Startup Time": 8091.945,
    "Actual Total Time": 8092.1,
    "Actual Rows": 1,
    "Actual Loops": 1,
    "Plans": [
      {
        "Node Type": "Merge Join",
        "Parent Relationship": "Outer",
        "Parallel Aware": false,
        "Join Type": "Inner",
        "Startup Cost": 1373617.09,
        "Total Cost": 1378944.98,
        "Plan Rows": 5,
        "Plan Width": 27,
        "Actual Startup Time": 8046.82,
        "Actual Total Time": 8092.011,
        "Actual Rows": 628,
        "Actual Loops": 1,
        "Inner Unique": false,
        "Merge Cond": "(k.id = mk.keyword_id)",
        "Plans": [
          {
            "Node Type": "Index Only Scan",
            "Parent Relationship": "Outer",
            "Parallel Aware": false,
            "Scan Direction": "Forward",
            "Index Name": "keyword_pkey",
            "Relation Name": "keyword",
            "Alias": "k",
            "Startup Cost": 0.42,
            "Total Cost": 5007.75,
            "Plan Rows": 134170,
            "Plan Width": 4,
            "Actual Startup Time": 0.018,
            "Actual Total Time": 39.186,
            "Actual Rows": 124591,
            "Actual Loops": 1,
            "Heap Fetches": 124591
          },
          {
            "Node Type": "Sort",
            "Parent Relationship": "Inner",
            "Parallel Aware": false,
            "Startup Cost": 1373616.67,
            "Total Cost": 1373616.68,
            "Plan Rows": 5,
            "Plan Width": 31,
            "Actual Startup Time": 8046.63,
            "Actual Total Time": 8046.867,
            "Actual Rows": 628,
            "Actual Loops": 1,
            "Sort Key": [
              "mk.keyword_id"
            ],
            "Sort Method": "quicksort",
            "Sort Space Used": 74,
            "Sort Space Type": "Memory",
            "Plans": [
              {
                "Node Type": "Merge Join",
                "Parent Relationship": "Outer",
                "Parallel Aware": false,
                "Join Type": "Inner",
                "Startup Cost": 1350996.93,
                "Total Cost": 1373616.61,
                "Plan Rows": 5,
                "Plan Width": 31,
                "Actual Startup Time": 7872.015,
                "Actual Total Time": 8046.648,
                "Actual Rows": 628,
                "Actual Loops": 1,
                "Inner Unique": false,
                "Merge Cond": "(t.id = mk.movie_id)",
                "Plans": [
                  {
                    "Node Type": "Sort",
                    "Parent Relationship": "Outer",
                    "Parallel Aware": false,
                    "Startup Cost": 781202.51,
                    "Total Cost": 781202.51,
                    "Plan Rows": 1,
                    "Plan Width": 43,
                    "Actual Startup Time": 6457.421,
                    "Actual Total Time": 6457.574,
                    "Actual Rows": 7,
                    "Actual Loops": 1,
                    "Sort Key": [
                      "cc.movie_id"
                    ],
                    "Sort Method": "quicksort",
                    "Sort Space Used": 25,
                    "Sort Space Type": "Memory",
                    "Plans": [
                      {
                        "Node Type": "Merge Join",
                        "Parent Relationship": "Outer",
                        "Parallel Aware": false,
                        "Join Type": "Inner",
                        "Startup Cost": 781202.46,
                        "Total Cost": 781202.5,
                        "Plan Rows": 1,
                        "Plan Width": 43,
                        "Actual Startup Time": 6457.407,
                        "Actual Total Time": 6457.56,
                        "Actual Rows": 7,
                        "Actual Loops": 1,
                        "Inner Unique": false,
                        "Merge Cond": "(kt.id = t.kind_id)",
                        "Plans": [
                          {
                            "Node Type": "Sort",
                            "Parent Relationship": "Outer",
                            "Parallel Aware": false,
                            "Startup Cost": 1.15,
                            "Total Cost": 1.16,
                            "Plan Rows": 4,
                            "Plan Width": 14,
                            "Actual Startup Time": 0.03,
                            "Actual Total Time": 0.032,
                            "Actual Rows": 2,
                            "Actual Loops": 1,
                            "Sort Key": [
                              "kt.id"
                            ],
                            "Sort Method": "quicksort",
                            "Sort Space Used": 25,
                            "Sort Space Type": "Memory",
                            "Plans": [
                              {
                                "Node Type": "Seq Scan",
                                "Parent Relationship": "Outer",
                                "Parallel Aware": false,
                                "Relation Name": "kind_type",
                                "Alias": "kt",
                                "Startup Cost": 0.0,
                                "Total Cost": 1.1,
                                "Plan Rows": 4,
                                "Plan Width": 14,
                                "Actual Startup Time": 0.011,
                                "Actual Total Time": 0.013,
                                "Actual Rows": 4,
                                "Actual Loops": 1,
                                "Filter": "((kind)::text = ANY ('{movie,\"tv movie\",\"video movie\",\"video game\"}'::text[]))",
                                "Rows Removed by Filter": 3
                              }
                            ]
                          },
                          {
                            "Node Type": "Sort",
                            "Parent Relationship": "Inner",
                            "Parallel Aware": false,
                            "Startup Cost": 781201.32,
                            "Total Cost": 781201.32,
                            "Plan Rows": 1,
                            "Plan Width": 37,
                            "Actual Startup Time": 6457.373,
                            "Actual Total Time": 6457.522,
                            "Actual Rows": 7,
                            "Actual Loops": 1,
                            "Sort Key": [
                              "t.kind_id"
                            ],
                            "Sort Method": "quicksort",
                            "Sort Space Used": 25,
                            "Sort Space Type": "Memory",
                            "Plans": [
                              {
                                "Node Type": "Merge Join",
                                "Parent Relationship": "Outer",
                                "Parallel Aware": false,
                                "Join Type": "Inner",
                                "Startup Cost": 781201.14,
                                "Total Cost": 781201.31,
                                "Plan Rows": 1,
                                "Plan Width": 37,
                                "Actual Startup Time": 6457.359,
                                "Actual Total Time": 6457.508,
                                "Actual Rows": 7,
                                "Actual Loops": 1,
                                "Inner Unique": true,
                                "Merge Cond": "(mi.info_type_id = it1.id)",
                                "Plans": [
                                  {
                                    "Node Type": "Sort",
                                    "Parent Relationship": "Outer",
                                    "Parallel Aware": false,
                                    "Startup Cost": 781198.72,
                                    "Total Cost": 781198.79,
                                    "Plan Rows": 30,
                                    "Plan Width": 41,
                                    "Actual Startup Time": 6457.334,
                                    "Actual Total Time": 6457.48,
                                    "Actual Rows": 7,
                                    "Actual Loops": 1,
                                    "Sort Key": [
                                      "mi.info_type_id"
                                    ],
                                    "Sort Method": "quicksort",
                                    "Sort Space Used": 25,
                                    "Sort Space Type": "Memory",
                                    "Plans": [
                                      {
                                        "Node Type": "Merge Join",
                                        "Parent Relationship": "Outer",
                                        "Parallel Aware": false,
                                        "Join Type": "Inner",
                                        "Startup Cost": 781197.08,
                                        "Total Cost": 781197.98,
                                        "Plan Rows": 30,
                                        "Plan Width": 41,
                                        "Actual Startup Time": 6457.322,
                                        "Actual Total Time": 6457.469,
                                        "Actual Rows": 7,
                                        "Actual Loops": 1,
                                        "Inner Unique": true,
                                        "Merge Cond": "(cc.status_id = cct1.id)",
                                        "Plans": [
                                          {
                                            "Node Type": "Sort",
                                            "Parent Relationship": "Outer",
                                            "Parallel Aware": false,
                                            "Startup Cost": 781196.02,
                                            "Total Cost": 781196.31,
                                            "Plan Rows": 119,
                                            "Plan Width": 45,
                                            "Actual Startup Time": 6457.287,
                                            "Actual Total Time": 6457.433,
                                            "Actual Rows": 51,
                                            "Actual Loops": 1,
                                            "Sort Key": [
                                              "cc.status_id"
                                            ],
                                            "Sort Method": "quicksort",
                                            "Sort Space Used": 29,
                                            "Sort Space Type": "Memory",
                                            "Plans": [
                                              {
                                                "Node Type": "Merge Join",
                                                "Parent Relationship": "Outer",
                                                "Parallel Aware": false,
                                                "Join Type": "Inner",
                                                "Startup Cost": 768513.3,
                                                "Total Cost": 781191.91,
                                                "Plan Rows": 119,
                                                "Plan Width": 45,
                                                "Actual Startup Time": 6350.321,
                                                "Actual Total Time": 6457.389,
                                                "Actual Rows": 51,
                                                "Actual Loops": 1,
                                                "Inner Unique": false,
                                                "Merge Cond": "(cn.id = mc.company_id)",
                                                "Plans": [
                                                  {
                                                    "Node Type": "Index Scan",
                                                    "Parent Relationship": "Outer",
                                                    "Parallel Aware": false,
                                                    "Scan Direction": "Forward",
                                                    "Index Name": "company_name_pkey",
                                                    "Relation Name": "company_name",
                                                    "Alias": "cn",
                                                    "Startup Cost": 0.42,
                                                    "Total Cost": 12469.43,
                                                    "Plan Rows": 85931,
                                                    "Plan Width": 4,
                                                    "Actual Startup Time": 0.015,
                                                    "Actual Total Time": 107.708,
                                                    "Actual Rows": 82087,
                                                    "Actual Loops": 1,
                                                    "Filter": "((country_code)::text = '[us]'::text)",
                                                    "Rows Removed by Filter": 144322
                                                  },
                                                  {
                                                    "Node Type": "Sort",
                                                    "Parent Relationship": "Inner",
                                                    "Parallel Aware": false,
                                                    "Startup Cost": 768512.83,
                                                    "Total Cost": 768513.64,
                                                    "Plan Rows": 324,
                                                    "Plan Width": 49,
                                                    "Actual Startup Time": 6345.551,
                                                    "Actual Total Time": 6345.704,
                                                    "Actual Rows": 57,
                                                    "Actual Loops": 1,
                                                    "Sort Key": [
                                                      "mc.company_id"
                                                    ],
                                                    "Sort Method": "quicksort",
                                                    "Sort Space Used": 29,
                                                    "Sort Space Type": "Memory",
                                                    "Plans": [
                                                      {
                                                        "Node Type": "Gather Merge",
                                                        "Parent Relationship": "Outer",
                                                        "Parallel Aware": false,
                                                        "Startup Cost": 610570.19,
                                                        "Total Cost": 768499.32,
                                                        "Plan Rows": 324,
                                                        "Plan Width": 49,
                                                        "Actual Startup Time": 4322.63,
                                                        "Actual Total Time": 6345.643,
                                                        "Actual Rows": 57,
                                                        "Actual Loops": 1,
                                                        "Workers Planned": 5,
                                                        "Workers Launched": 5,
                                                        "Plans": [
                                                          {
                                                            "Node Type": "Merge Join",
                                                            "Parent Relationship": "Outer",
                                                            "Parallel Aware": false,
                                                            "Join Type": "Inner",
                                                            "Startup Cost": 609570.12,
                                                            "Total Cost": 767460.22,
                                                            "Plan Rows": 65,
                                                            "Plan Width": 49,
                                                            "Actual Startup Time": 3576.765,
                                                            "Actual Total Time": 4315.535,
                                                            "Actual Rows": 10,
                                                            "Actual Loops": 6,
                                                            "Inner Unique": false,
                                                            "Merge Cond": "(mi.movie_id = t.id)",
                                                            "Plans": [
                                                              {
                                                                "Node Type": "Sort",
                                                                "Parent Relationship": "Outer",
                                                                "Parallel Aware": false,
                                                                "Startup Cost": 214034.99,
                                                                "Total Cost": 214035.17,
                                                                "Plan Rows": 72,
                                                                "Plan Width": 8,
                                                                "Actual Startup Time": 448.59,
                                                                "Actual Total Time": 448.702,
                                                                "Actual Rows": 297,
                                                                "Actual Loops": 6,
                                                                "Sort Key": [
                                                                  "mi.movie_id"
                                                                ],
                                                                "Sort Method": "quicksort",
                                                                "Sort Space Used": 42,
                                                                "Sort Space Type": "Memory",
                                                                "Workers": [
                                                                  {
                                                                    "Worker Number": 0,
                                                                    "Sort Method": "quicksort",
                                                                    "Sort Space Used": 36,
                                                                    "Sort Space Type": "Memory"
                                                                  },
                                                                  {
                                                                    "Worker Number": 1,
                                                                    "Sort Method": "quicksort",
                                                                    "Sort Space Used": 40,
                                                                    "Sort Space Type": "Memory"
                                                                  },
                                                                  {
                                                                    "Worker Number": 2,
                                                                    "Sort Method": "quicksort",
                                                                    "Sort Space Used": 37,
                                                                    "Sort Space Type": "Memory"
                                                                  },
                                                                  {
                                                                    "Worker Number": 3,
                                                                    "Sort Method": "quicksort",
                                                                    "Sort Space Used": 34,
                                                                    "Sort Space Type": "Memory"
                                                                  },
                                                                  {
                                                                    "Worker Number": 4,
                                                                    "Sort Method": "quicksort",
                                                                    "Sort Space Used": 42,
                                                                    "Sort Space Type": "Memory"
                                                                  }
                                                                ],
                                                                "Plans": [
                                                                  {
                                                                    "Node Type": "Seq Scan",
                                                                    "Parent Relationship": "Outer",
                                                                    "Parallel Aware": true,
                                                                    "Relation Name": "movie_info",
                                                                    "Alias": "mi",
                                                                    "Startup Cost": 0.0,
                                                                    "Total Cost": 214032.77,
                                                                    "Plan Rows": 72,
                                                                    "Plan Width": 8,
                                                                    "Actual Startup Time": 114.296,
                                                                    "Actual Total Time": 448.327,
                                                                    "Actual Rows": 297,
                                                                    "Actual Loops": 6,
                                                                    "Filter": "((info IS NOT NULL) AND (note ~~ '%internet%'::text) AND ((info ~~ 'USA:% 199%'::text) OR (info ~~ 'USA:% 200%'::text)))",
                                                                    "Rows Removed by Filter": 2472323
                                                                  }
                                                                ]
                                                              },
                                                              {
                                                                "Node Type": "Materialize",
                                                                "Parent Relationship": "Inner",
                                                                "Parallel Aware": false,
                                                                "Startup Cost": 395530.78,
                                                                "Total Cost": 552406.88,
                                                                "Plan Rows": 469966,
                                                                "Plan Width": 41,
                                                                "Actual Startup Time": 1642.916,
                                                                "Actual Total Time": 3843.36,
                                                                "Actual Rows": 265717,
                                                                "Actual Loops": 6,
                                                                "Plans": [
                                                                  {
                                                                    "Node Type": "Merge Join",
                                                                    "Parent Relationship": "Outer",
                                                                    "Parallel Aware": false,
                                                                    "Join Type": "Inner",
                                                                    "Startup Cost": 395530.78,
                                                                    "Total Cost": 551231.97,
                                                                    "Plan Rows": 469966,
                                                                    "Plan Width": 41,
                                                                    "Actual Startup Time": 1642.894,
                                                                    "Actual Total Time": 3772.976,
                                                                    "Actual Rows": 265717,
                                                                    "Actual Loops": 6,
                                                                    "Inner Unique": false,
                                                                    "Merge Cond": "(t.id = mc.movie_id)",
                                                                    "Plans": [
                                                                      {
                                                                        "Node Type": "Index Scan",
                                                                        "Parent Relationship": "Outer",
                                                                        "Parallel Aware": false,
                                                                        "Scan Direction": "Forward",
                                                                        "Index Name": "title_pkey",
                                                                        "Relation Name": "title",
                                                                        "Alias": "t",
                                                                        "Startup Cost": 0.43,
                                                                        "Total Cost": 116680.33,
                                                                        "Plan Rows": 1758722,
                                                                        "Plan Width": 25,
                                                                        "Actual Startup Time": 0.048,
                                                                        "Actual Total Time": 1508.192,
                                                                        "Actual Rows": 1745314,
                                                                        "Actual Loops": 6,
                                                                        "Filter": "(production_year > 1990)",
                                                                        "Rows Removed by Filter": 774146
                                                                      },
                                                                      {
                                                                        "Node Type": "Materialize",
                                                                        "Parent Relationship": "Inner",
                                                                        "Parallel Aware": false,
                                                                        "Startup Cost": 395527.53,
                                                                        "Total Cost": 423893.98,
                                                                        "Plan Rows": 675668,
                                                                        "Plan Width": 16,
                                                                        "Actual Startup Time": 1641.213,
                                                                        "Actual Total Time": 2120.752,
                                                                        "Actual Rows": 610572,
                                                                        "Actual Loops": 6,
                                                                        "Plans": [
                                                                          {
                                                                            "Node Type": "Merge Join",
                                                                            "Parent Relationship": "Outer",
                                                                            "Parallel Aware": false,
                                                                            "Join Type": "Inner",
                                                                            "Startup Cost": 395527.53,
                                                                            "Total Cost": 422204.81,
                                                                            "Plan Rows": 675668,
                                                                            "Plan Width": 16,
                                                                            "Actual Startup Time": 1641.204,
                                                                            "Actual Total Time": 2012.422,
                                                                            "Actual Rows": 610572,
                                                                            "Actual Loops": 6,
                                                                            "Inner Unique": false,
                                                                            "Merge Cond": "(cc.movie_id = mc.movie_id)",
                                                                            "Plans": [
                                                                              {
                                                                                "Node Type": "Index Scan",
                                                                                "Parent Relationship": "Outer",
                                                                                "Parallel Aware": false,
                                                                                "Scan Direction": "Forward",
                                                                                "Index Name": "movie_id_complete_cast",
                                                                                "Relation Name": "complete_cast",
                                                                                "Alias": "cc",
                                                                                "Startup Cost": 0.42,
                                                                                "Total Cost": 6650.11,
                                                                                "Plan Rows": 135086,
                                                                                "Plan Width": 8,
                                                                                "Actual Startup Time": 0.045,
                                                                                "Actual Total Time": 46.239,
                                                                                "Actual Rows": 132006,
                                                                                "Actual Loops": 6
                                                                              },
                                                                              {
                                                                                "Node Type": "Sort",
                                                                                "Parent Relationship": "Inner",
                                                                                "Parallel Aware": false,
                                                                                "Startup Cost": 395526.39,
                                                                                "Total Cost": 402049.21,
                                                                                "Plan Rows": 2609129,
                                                                                "Plan Width": 8,
                                                                                "Actual Startup Time": 1641.084,
                                                                                "Actual Total Time": 1765.774,
                                                                                "Actual Rows": 2794893,
                                                                                "Actual Loops": 6,
                                                                                "Sort Key": [
                                                                                  "mc.movie_id"
                                                                                ],
                                                                                "Sort Method": "quicksort",
                                                                                "Sort Space Used": 220607,
                                                                                "Sort Space Type": "Memory",
                                                                                "Workers": [
                                                                                  {
                                                                                    "Worker Number": 0,
                                                                                    "Sort Method": "quicksort",
                                                                                    "Sort Space Used": 220607,
                                                                                    "Sort Space Type": "Memory"
                                                                                  },
                                                                                  {
                                                                                    "Worker Number": 1,
                                                                                    "Sort Method": "quicksort",
                                                                                    "Sort Space Used": 220607,
                                                                                    "Sort Space Type": "Memory"
                                                                                  },
                                                                                  {
                                                                                    "Worker Number": 2,
                                                                                    "Sort Method": "quicksort",
                                                                                    "Sort Space Used": 220607,
                                                                                    "Sort Space Type": "Memory"
                                                                                  },
                                                                                  {
                                                                                    "Worker Number": 3,
                                                                                    "Sort Method": "quicksort",
                                                                                    "Sort Space Used": 220607,
                                                                                    "Sort Space Type": "Memory"
                                                                                  },
                                                                                  {
                                                                                    "Worker Number": 4,
                                                                                    "Sort Method": "quicksort",
                                                                                    "Sort Space Used": 220607,
                                                                                    "Sort Space Type": "Memory"
                                                                                  }
                                                                                ],
                                                                                "Plans": [
                                                                                  {
                                                                                    "Node Type": "Merge Join",
                                                                                    "Parent Relationship": "Outer",
                                                                                    "Parallel Aware": false,
                                                                                    "Join Type": "Inner",
                                                                                    "Startup Cost": 0.56,
                                                                                    "Total Cost": 117456.68,
                                                                                    "Plan Rows": 2609129,
                                                                                    "Plan Width": 8,
                                                                                    "Actual Startup Time": 0.169,
                                                                                    "Actual Total Time": 927.025,
                                                                                    "Actual Rows": 2609129,
                                                                                    "Actual Loops": 6,
                                                                                    "Inner Unique": false,
                                                                                    "Merge Cond": "(ct.id = mc.company_type_id)",
                                                                                    "Plans": [
                                                                                      {
                                                                                        "Node Type": "Index Only Scan",
                                                                                        "Parent Relationship": "Outer",
                                                                                        "Parallel Aware": false,
                                                                                        "Scan Direction": "Forward",
                                                                                        "Index Name": "company_type_pkey",
                                                                                        "Relation Name": "company_type",
                                                                                        "Alias": "ct",
                                                                                        "Startup Cost": 0.13,
                                                                                        "Total Cost": 12.19,
                                                                                        "Plan Rows": 4,
                                                                                        "Plan Width": 4,
                                                                                        "Actual Startup Time": 0.082,
                                                                                        "Actual Total Time": 0.089,
                                                                                        "Actual Rows": 3,
                                                                                        "Actual Loops": 6,
                                                                                        "Heap Fetches": 18
                                                                                      },
                                                                                      {
                                                                                        "Node Type": "Index Scan",
                                                                                        "Parent Relationship": "Inner",
                                                                                        "Parallel Aware": false,
                                                                                        "Scan Direction": "Forward",
                                                                                        "Index Name": "company_type_id_movie_companies",
                                                                                        "Relation Name": "movie_companies",
                                                                                        "Alias": "mc",
                                                                                        "Startup Cost": 0.43,
                                                                                        "Total Cost": 84830.36,
                                                                                        "Plan Rows": 2609129,
                                                                                        "Plan Width": 12,
                                                                                        "Actual Startup Time": 0.079,
                                                                                        "Actual Total Time": 576.235,
                                                                                        "Actual Rows": 2609129,
                                                                                        "Actual Loops": 6
                                                                                      }
                                                                                    ]
                                                                                  }
                                                                                ]
                                                                              }
                                                                            ]
                                                                          }
                                                                        ]
                                                                      }
                                                                    ]
                                                                  }
                                                                ]
                                                              }
                                                            ]
                                                          }
                                                        ]
                                                      }
                                                    ]
                                                  }
                                                ]
                                              }
                                            ]
                                          },
                                          {
                                            "Node Type": "Sort",
                                            "Parent Relationship": "Inner",
                                            "Parallel Aware": false,
                                            "Startup Cost": 1.06,
                                            "Total Cost": 1.06,
                                            "Plan Rows": 1,
                                            "Plan Width": 4,
                                            "Actual Startup Time": 0.027,
                                            "Actual Total Time": 0.028,
                                            "Actual Rows": 1,
                                            "Actual Loops": 1,
                                            "Sort Key": [
                                              "cct1.id"
                                            ],
                                            "Sort Method": "quicksort",
                                            "Sort Space Used": 25,
                                            "Sort Space Type": "Memory",
                                            "Plans": [
                                              {
                                                "Node Type": "Seq Scan",
                                                "Parent Relationship": "Outer",
                                                "Parallel Aware": false,
                                                "Relation Name": "comp_cast_type",
                                                "Alias": "cct1",
                                                "Startup Cost": 0.0,
                                                "Total Cost": 1.05,
                                                "Plan Rows": 1,
                                                "Plan Width": 4,
                                                "Actual Startup Time": 0.015,
                                                "Actual Total Time": 0.015,
                                                "Actual Rows": 1,
                                                "Actual Loops": 1,
                                                "Filter": "((kind)::text = 'complete+verified'::text)",
                                                "Rows Removed by Filter": 3
                                              }
                                            ]
                                          }
                                        ]
                                      }
                                    ]
                                  },
                                  {
                                    "Node Type": "Sort",
                                    "Parent Relationship": "Inner",
                                    "Parallel Aware": false,
                                    "Startup Cost": 2.42,
                                    "Total Cost": 2.43,
                                    "Plan Rows": 1,
                                    "Plan Width": 4,
                                    "Actual Startup Time": 0.022,
                                    "Actual Total Time": 0.023,
                                    "Actual Rows": 1,
                                    "Actual Loops": 1,
                                    "Sort Key": [
                                      "it1.id"
                                    ],
                                    "Sort Method": "quicksort",
                                    "Sort Space Used": 25,
                                    "Sort Space Type": "Memory",
                                    "Plans": [
                                      {
                                        "Node Type": "Seq Scan",
                                        "Parent Relationship": "Outer",
                                        "Parallel Aware": false,
                                        "Relation Name": "info_type",
                                        "Alias": "it1",
                                        "Startup Cost": 0.0,
                                        "Total Cost": 2.41,
                                        "Plan Rows": 1,
                                        "Plan Width": 4,
                                        "Actual Startup Time": 0.015,
                                        "Actual Total Time": 0.019,
                                        "Actual Rows": 1,
                                        "Actual Loops": 1,
                                        "Filter": "((info)::text = 'release dates'::text)",
                                        "Rows Removed by Filter": 112
                                      }
                                    ]
                                  }
                                ]
                              }
                            ]
                          }
                        ]
                      }
                    ]
                  },
                  {
                    "Node Type": "Sort",
                    "Parent Relationship": "Inner",
                    "Parallel Aware": false,
                    "Startup Cost": 569794.43,
                    "Total Cost": 581104.25,
                    "Plan Rows": 4523930,
                    "Plan Width": 8,
                    "Actual Startup Time": 1275.534,
                    "Actual Total Time": 1409.821,
                    "Actual Rows": 3689835,
                    "Actual Loops": 1,
                    "Sort Key": [
                      "mk.movie_id"
                    ],
                    "Sort Method": "quicksort",
                    "Sort Space Used": 408668,
                    "Sort Space Type": "Memory",
                    "Plans": [
                      {
                        "Node Type": "Seq Scan",
                        "Parent Relationship": "Outer",
                        "Parallel Aware": false,
                        "Relation Name": "movie_keyword",
                        "Alias": "mk",
                        "Startup Cost": 0.0,
                        "Total Cost": 69693.3,
                        "Plan Rows": 4523930,
                        "Plan Width": 8,
                        "Actual Startup Time": 0.009,
                        "Actual Total Time": 427.123,
                        "Actual Rows": 4523930,
                        "Actual Loops": 1
                      }
                    ]
                  }
                ]
              }
            ]
          }
        ]
      }
    ]
  },
  "Planning Time": 39.71,
  "Triggers": [],
  "Execution Time": 8133.51
}