[
  {
    "Plan": {
      "Node Type": "Aggregate",
      "Strategy": "Plain",
      "Partial Mode": "Finalize",
      "Parallel Aware": false,
      "Startup Cost": 47264.19,
      "Total Cost": 47264.2,
      "Plan Rows": 1,
      "Plan Width": 8,
      "Actual Startup Time": 115.315,
      "Actual Total Time": 128.596,
      "Actual Rows": 1,
      "Actual Loops": 1,
      "Plans": [
        {
          "Node Type": "Gather",
          "Parent Relationship": "Outer",
          "Parallel Aware": false,
          "Startup Cost": 47263.77,
          "Total Cost": 47264.18,
          "Plan Rows": 4,
          "Plan Width": 8,
          "Actual Startup Time": 115.07,
          "Actual Total Time": 128.585,
          "Actual Rows": 5,
          "Actual Loops": 1,
          "Workers Planned": 4,
          "Workers Launched": 4,
          "Single Copy": false,
          "Plans": [
            {
              "Node Type": "Aggregate",
              "Strategy": "Plain",
              "Partial Mode": "Partial",
              "Parent Relationship": "Outer",
              "Parallel Aware": false,
              "Startup Cost": 46263.77,
              "Total Cost": 46263.78,
              "Plan Rows": 1,
              "Plan Width": 8,
              "Actual Startup Time": 106.361,
              "Actual Total Time": 106.362,
              "Actual Rows": 1,
              "Actual Loops": 5,
              "Plans": [
                {
                  "Node Type": "Seq Scan",
                  "Parent Relationship": "Outer",
                  "Parallel Aware": true,
                  "Relation Name": "title",
                  "Alias": "t",
                  "Startup Cost": 0.0,
                  "Total Cost": 45479.1,
                  "Plan Rows": 313869,
                  "Plan Width": 0,
                  "Actual Startup Time": 0.047,
                  "Actual Total Time": 92.899,
                  "Actual Rows": 244307,
                  "Actual Loops": 5,
                  "Filter": "((kind_id > 6) AND (production_year < 2011))",
                  "Rows Removed by Filter": 261356
                }
              ]
            }
          ]
        }
      ]
    },
    "Planning Time": 0.146,
    "Triggers": [],
    "Execution Time": 128.643
  }
]