{
  "Plan": {
    "Node Type": "Aggregate",
    "Strategy": "Plain",
    "Partial Mode": "Finalize",
    "Parallel Aware": false,
    "Startup Cost": 120642.79,
    "Total Cost": 120642.8,
    "Plan Rows": 1,
    "Plan Width": 8,
    "Actual Startup Time": 668.811,
    "Actual Total Time": 686.046,
    "Actual Rows": 1,
    "Actual Loops": 1,
    "Plans": [
      {
        "Node Type": "Gather",
        "Parent Relationship": "Outer",
        "Parallel Aware": false,
        "Startup Cost": 120642.68,
        "Total Cost": 120642.79,
        "Plan Rows": 1,
        "Plan Width": 8,
        "Actual Startup Time": 665.253,
        "Actual Total Time": 686.038,
        "Actual Rows": 2,
        "Actual Loops": 1,
        "Workers Planned": 1,
        "Workers Launched": 1,
        "Single Copy": false,
        "Plans": [
          {
            "Node Type": "Aggregate",
            "Strategy": "Plain",
            "Partial Mode": "Partial",
            "Parent Relationship": "Outer",
            "Parallel Aware": false,
            "Startup Cost": 119642.68,
            "Total Cost": 119642.69,
            "Plan Rows": 1,
            "Plan Width": 8,
            "Actual Startup Time": 657.098,
            "Actual Total Time": 657.102,
            "Actual Rows": 1,
            "Actual Loops": 2,
            "Plans": [
              {
                "Node Type": "Hash Join",
                "Parent Relationship": "Outer",
                "Parallel Aware": true,
                "Join Type": "Inner",
                "Startup Cost": 86585.73,
                "Total Cost": 118707.73,
                "Plan Rows": 373979,
                "Plan Width": 0,
                "Actual Startup Time": 463.743,
                "Actual Total Time": 649.09,
                "Actual Rows": 173624,
                "Actual Loops": 2,
                "Inner Unique": true,
                "Hash Cond": "(mk.movie_id = t.id)",
                "Plans": [
                  {
                    "Node Type": "Bitmap Heap Scan",
                    "Parent Relationship": "Outer",
                    "Parallel Aware": true,
                    "Relation Name": "movie_keyword",
                    "Alias": "mk",
                    "Startup Cost": 18283.83,
                    "Total Cost": 49075.02,
                    "Plan Rows": 506975,
                    "Plan Width": 4,
                    "Actual Startup Time": 52.872,
                    "Actual Total Time": 136.457,
                    "Actual Rows": 433318,
                    "Actual Loops": 2,
                    "Recheck Cond": "(keyword_id < 825)",
                    "Rows Removed by Index Recheck": 0,
                    "Exact Heap Blocks": 13712,
                    "Lossy Heap Blocks": 0,
                    "Plans": [
                      {
                        "Node Type": "Bitmap Index Scan",
                        "Parent Relationship": "Outer",
                        "Parallel Aware": false,
                        "Index Name": "keyword_id_movie_keyword",
                        "Startup Cost": 0.0,
                        "Total Cost": 18068.37,
                        "Plan Rows": 861858,
                        "Plan Width": 0,
                        "Actual Startup Time": 49.242,
                        "Actual Total Time": 49.243,
                        "Actual Rows": 866635,
                        "Actual Loops": 1,
                        "Index Cond": "(keyword_id < 825)"
                      }
                    ]
                  },
                  {
                    "Node Type": "Hash",
                    "Parent Relationship": "Inner",
                    "Parallel Aware": true,
                    "Startup Cost": 54588.39,
                    "Total Cost": 54588.39,
                    "Plan Rows": 1097081,
                    "Plan Width": 4,
                    "Actual Startup Time": 396.603,
                    "Actual Total Time": 396.604,
                    "Actual Rows": 932744,
                    "Actual Loops": 2,
                    "Hash Buckets": 2097152,
                    "Original Hash Buckets": 2097152,
                    "Hash Batches": 1,
                    "Original Hash Batches": 1,
                    "Peak Memory Usage": 89408,
                    "Plans": [
                      {
                        "Node Type": "Seq Scan",
                        "Parent Relationship": "Outer",
                        "Parallel Aware": true,
                        "Relation Name": "title",
                        "Alias": "t",
                        "Startup Cost": 0.0,
                        "Total Cost": 54588.39,
                        "Plan Rows": 1097081,
                        "Plan Width": 4,
                        "Actual Startup Time": 0.029,
                        "Actual Total Time": 167.512,
                        "Actual Rows": 932744,
                        "Actual Loops": 2,
                        "Filter": "(kind_id > 1)",
                        "Rows Removed by Filter": 331412
                      }
                    ]
                  }
                ]
              }
            ]
          }
        ]
      }
    ]
  },
  "Planning Time": 0.677,
  "Triggers": [],
  "Execution Time": 686.138
}