[
  {
    "Plan": {
      "Node Type": "Aggregate",
      "Strategy": "Plain",
      "Partial Mode": "Finalize",
      "Parallel Aware": false,
      "Startup Cost": 76321.94,
      "Total Cost": 76321.95,
      "Plan Rows": 1,
      "Plan Width": 8,
      "Actual Startup Time": 280.039,
      "Actual Total Time": 292.049,
      "Actual Rows": 1,
      "Actual Loops": 1,
      "Plans": [
        {
          "Node Type": "Gather",
          "Parent Relationship": "Outer",
          "Parallel Aware": false,
          "Startup Cost": 76321.52,
          "Total Cost": 76321.93,
          "Plan Rows": 4,
          "Plan Width": 8,
          "Actual Startup Time": 277.005,
          "Actual Total Time": 292.039,
          "Actual Rows": 5,
          "Actual Loops": 1,
          "Workers Planned": 4,
          "Workers Launched": 4,
          "Single Copy": false,
          "Plans": [
            {
              "Node Type": "Aggregate",
              "Strategy": "Plain",
              "Partial Mode": "Partial",
              "Parent Relationship": "Outer",
              "Parallel Aware": false,
              "Startup Cost": 75321.52,
              "Total Cost": 75321.53,
              "Plan Rows": 1,
              "Plan Width": 8,
              "Actual Startup Time": 267.001,
              "Actual Total Time": 267.052,
              "Actual Rows": 1,
              "Actual Loops": 5,
              "Plans": [
                {
                  "Node Type": "Hash Join",
                  "Parent Relationship": "Outer",
                  "Parallel Aware": true,
                  "Join Type": "Inner",
                  "Startup Cost": 29566.96,
                  "Total Cost": 75201.25,
                  "Plan Rows": 48109,
                  "Plan Width": 0,
                  "Actual Startup Time": 114.226,
                  "Actual Total Time": 263.735,
                  "Actual Rows": 76904,
                  "Actual Loops": 5,
                  "Inner Unique": false,
                  "Hash Cond": "(t.id = mc.movie_id)",
                  "Plans": [
                    {
                      "Node Type": "Seq Scan",
                      "Parent Relationship": "Outer",
                      "Parallel Aware": true,
                      "Relation Name": "title",
                      "Alias": "t",
                      "Startup Cost": 0.0,
                      "Total Cost": 42318.73,
                      "Plan Rows": 632073,
                      "Plan Width": 4,
                      "Actual Startup Time": 0.013,
                      "Actual Total Time": 64.447,
                      "Actual Rows": 505662,
                      "Actual Loops": 5
                    },
                    {
                      "Node Type": "Hash",
                      "Parent Relationship": "Inner",
                      "Parallel Aware": true,
                      "Startup Cost": 28791.01,
                      "Total Cost": 28791.01,
                      "Plan Rows": 62076,
                      "Plan Width": 4,
                      "Actual Startup Time": 98.023,
                      "Actual Total Time": 98.025,
                      "Actual Rows": 76904,
                      "Actual Loops": 5,
                      "Hash Buckets": 524288,
                      "Original Hash Buckets": 262144,
                      "Hash Batches": 1,
                      "Original Hash Batches": 1,
                      "Peak Memory Usage": 21280,
                      "Plans": [
                        {
                          "Node Type": "Bitmap Heap Scan",
                          "Parent Relationship": "Outer",
                          "Parallel Aware": true,
                          "Relation Name": "movie_companies",
                          "Alias": "mc",
                          "Startup Cost": 8167.1,
                          "Total Cost": 28791.01,
                          "Plan Rows": 62076,
                          "Plan Width": 4,
                          "Actual Startup Time": 30.785,
                          "Actual Total Time": 63.592,
                          "Actual Rows": 76904,
                          "Actual Loops": 5,
                          "Recheck Cond": "(company_id > 83723)",
                          "Rows Removed by Index Recheck": 0,
                          "Filter": "(company_type_id = 2)",
                          "Rows Removed by Filter": 0,
                          "Exact Heap Blocks": 2317,
                          "Lossy Heap Blocks": 0,
                          "Plans": [
                            {
                              "Node Type": "Bitmap Index Scan",
                              "Parent Relationship": "Outer",
                              "Parallel Aware": false,
                              "Index Name": "company_id_movie_companies",
                              "Startup Cost": 0.0,
                              "Total Cost": 8118.99,
                              "Plan Rows": 379008,
                              "Plan Width": 0,
                              "Actual Startup Time": 32.149,
                              "Actual Total Time": 32.15,
                              "Actual Rows": 384520,
                              "Actual Loops": 1,
                              "Index Cond": "(company_id > 83723)"
                            }
                          ]
                        }
                      ]
                    }
                  ]
                }
              ]
            }
          ]
        }
      ]
    },
    "Planning Time": 0.634,
    "Triggers": [],
    "Execution Time": 292.14
  }
]