{
  "Plan": {
    "Node Type": "Aggregate",
    "Strategy": "Plain",
    "Partial Mode": "Finalize",
    "Parallel Aware": false,
    "Startup Cost": 64656.94,
    "Total Cost": 64656.95,
    "Plan Rows": 1,
    "Plan Width": 8,
    "Actual Startup Time": 65.025,
    "Actual Total Time": 74.85,
    "Actual Rows": 1,
    "Actual Loops": 1,
    "Plans": [
      {
        "Node Type": "Gather",
        "Parent Relationship": "Outer",
        "Parallel Aware": false,
        "Startup Cost": 64656.83,
        "Total Cost": 64656.94,
        "Plan Rows": 1,
        "Plan Width": 8,
        "Actual Startup Time": 64.922,
        "Actual Total Time": 74.845,
        "Actual Rows": 2,
        "Actual Loops": 1,
        "Workers Planned": 1,
        "Workers Launched": 1,
        "Single Copy": false,
        "Plans": [
          {
            "Node Type": "Aggregate",
            "Strategy": "Plain",
            "Partial Mode": "Partial",
            "Parent Relationship": "Outer",
            "Parallel Aware": false,
            "Startup Cost": 63656.83,
            "Total Cost": 63656.84,
            "Plan Rows": 1,
            "Plan Width": 8,
            "Actual Startup Time": 58.88,
            "Actual Total Time": 58.881,
            "Actual Rows": 1,
            "Actual Loops": 2,
            "Plans": [
              {
                "Node Type": "Nested Loop",
                "Parent Relationship": "Outer",
                "Parallel Aware": false,
                "Join Type": "Inner",
                "Startup Cost": 250.85,
                "Total Cost": 63644.85,
                "Plan Rows": 4794,
                "Plan Width": 0,
                "Actual Startup Time": 6.583,
                "Actual Total Time": 58.749,
                "Actual Rows": 744,
                "Actual Loops": 2,
                "Inner Unique": true,
                "Plans": [
                  {
                    "Node Type": "Bitmap Heap Scan",
                    "Parent Relationship": "Outer",
                    "Parallel Aware": true,
                    "Relation Name": "movie_keyword",
                    "Alias": "mk",
                    "Startup Cost": 250.42,
                    "Total Cost": 20432.52,
                    "Plan Rows": 6830,
                    "Plan Width": 4,
                    "Actual Startup Time": 6.414,
                    "Actual Total Time": 22.293,
                    "Actual Rows": 5154,
                    "Actual Loops": 2,
                    "Recheck Cond": "(keyword_id = 870)",
                    "Rows Removed by Index Recheck": 0,
                    "Exact Heap Blocks": 6811,
                    "Lossy Heap Blocks": 0,
                    "Plans": [
                      {
                        "Node Type": "Bitmap Index Scan",
                        "Parent Relationship": "Outer",
                        "Parallel Aware": false,
                        "Index Name": "keyword_id_movie_keyword",
                        "Startup Cost": 0.0,
                        "Total Cost": 247.51,
                        "Plan Rows": 11611,
                        "Plan Width": 0,
                        "Actual Startup Time": 7.605,
                        "Actual Total Time": 7.605,
                        "Actual Rows": 10307,
                        "Actual Loops": 1,
                        "Index Cond": "(keyword_id = 870)"
                      }
                    ]
                  },
                  {
                    "Node Type": "Index Scan",
                    "Parent Relationship": "Inner",
                    "Parallel Aware": false,
                    "Scan Direction": "Forward",
                    "Index Name": "title_pkey",
                    "Relation Name": "title",
                    "Alias": "t",
                    "Startup Cost": 0.43,
                    "Total Cost": 6.33,
                    "Plan Rows": 1,
                    "Plan Width": 4,
                    "Actual Startup Time": 0.007,
                    "Actual Total Time": 0.007,
                    "Actual Rows": 0,
                    "Actual Loops": 10307,
                    "Index Cond": "(id = mk.movie_id)",
                    "Rows Removed by Index Recheck": 0,
                    "Filter": "(kind_id > 2)",
                    "Rows Removed by Filter": 1
                  }
                ]
              }
            ]
          }
        ]
      }
    ]
  },
  "Planning Time": 0.491,
  "Triggers": [],
  "Execution Time": 74.937
}