[
    {
        "Bao": {
            "Bao prediction": 497.5,
            "Bao recommended hint": "(no hint)"
        }
    },
    {
        "Plan": {
            "Node Type": "Aggregate",
            "Strategy": "Plain",
            "Partial Mode": "Finalize",
            "Parallel Aware": false,
            "Startup Cost": 350966.51,
            "Total Cost": 350966.52,
            "Plan Rows": 1,
            "Plan Width": 8,
            "Actual Startup Time": 940.383,
            "Actual Total Time": 973.794,
            "Actual Rows": 1,
            "Actual Loops": 1,
            "Output": [
                "count(*)"
            ],
            "Plans": [
                {
                    "Node Type": "Gather",
                    "Parent Relationship": "Outer",
                    "Parallel Aware": false,
                    "Startup Cost": 350965.88,
                    "Total Cost": 350966.49,
                    "Plan Rows": 6,
                    "Plan Width": 8,
                    "Actual Startup Time": 940.278,
                    "Actual Total Time": 973.785,
                    "Actual Rows": 7,
                    "Actual Loops": 1,
                    "Output": [
                        "(PARTIAL count(*))"
                    ],
                    "Workers Planned": 6,
                    "Workers Launched": 6,
                    "Single Copy": false,
                    "Plans": [
                        {
                            "Node Type": "Aggregate",
                            "Strategy": "Plain",
                            "Partial Mode": "Partial",
                            "Parent Relationship": "Outer",
                            "Parallel Aware": false,
                            "Startup Cost": 349965.88,
                            "Total Cost": 349965.89,
                            "Plan Rows": 1,
                            "Plan Width": 8,
                            "Actual Startup Time": 930.913,
                            "Actual Total Time": 930.914,
                            "Actual Rows": 1,
                            "Actual Loops": 7,
                            "Output": [
                                "PARTIAL count(*)"
                            ],
                            "Workers": [
                                {
                                    "Worker Number": 0,
                                    "Actual Startup Time": 928.91,
                                    "Actual Total Time": 928.911,
                                    "Actual Rows": 1,
                                    "Actual Loops": 1
                                },
                                {
                                    "Worker Number": 1,
                                    "Actual Startup Time": 929.325,
                                    "Actual Total Time": 929.326,
                                    "Actual Rows": 1,
                                    "Actual Loops": 1
                                },
                                {
                                    "Worker Number": 2,
                                    "Actual Startup Time": 929.245,
                                    "Actual Total Time": 929.246,
                                    "Actual Rows": 1,
                                    "Actual Loops": 1
                                },
                                {
                                    "Worker Number": 3,
                                    "Actual Startup Time": 929.577,
                                    "Actual Total Time": 929.578,
                                    "Actual Rows": 1,
                                    "Actual Loops": 1
                                },
                                {
                                    "Worker Number": 4,
                                    "Actual Startup Time": 929.585,
                                    "Actual Total Time": 929.586,
                                    "Actual Rows": 1,
                                    "Actual Loops": 1
                                },
                                {
                                    "Worker Number": 5,
                                    "Actual Startup Time": 930.31,
                                    "Actual Total Time": 930.311,
                                    "Actual Rows": 1,
                                    "Actual Loops": 1
                                }
                            ],
                            "Plans": [
                                {
                                    "Node Type": "Seq Scan",
                                    "Parent Relationship": "Outer",
                                    "Parallel Aware": true,
                                    "Relation Name": "cast_info",
                                    "Schema": "public",
                                    "Alias": "ci",
                                    "Startup Cost": 0.0,
                                    "Total Cost": 343318.94,
                                    "Plan Rows": 2658777,
                                    "Plan Width": 0,
                                    "Actual Startup Time": 241.507,
                                    "Actual Total Time": 770.869,
                                    "Actual Rows": 2901888,
                                    "Actual Loops": 7,
                                    "Output": [
                                        "id",
                                        "person_id",
                                        "movie_id",
                                        "person_role_id",
                                        "note",
                                        "nr_order",
                                        "role_id"
                                    ],
                                    "Filter": "((ci.person_id > 1148661) AND (ci.role_id > 1))",
                                    "Rows Removed by Filter": 2275876,
                                    "Workers": [
                                        {
                                            "Worker Number": 0,
                                            "Actual Startup Time": 239.527,
                                            "Actual Total Time": 770.712,
                                            "Actual Rows": 2382303,
                                            "Actual Loops": 1
                                        },
                                        {
                                            "Worker Number": 1,
                                            "Actual Startup Time": 239.899,
                                            "Actual Total Time": 772.511,
                                            "Actual Rows": 2366647,
                                            "Actual Loops": 1
                                        },
                                        {
                                            "Worker Number": 2,
                                            "Actual Startup Time": 239.845,
                                            "Actual Total Time": 770.242,
                                            "Actual Rows": 2401791,
                                            "Actual Loops": 1
                                        },
                                        {
                                            "Worker Number": 3,
                                            "Actual Startup Time": 240.155,
                                            "Actual Total Time": 771.866,
                                            "Actual Rows": 2381893,
                                            "Actual Loops": 1
                                        },
                                        {
                                            "Worker Number": 4,
                                            "Actual Startup Time": 240.175,
                                            "Actual Total Time": 772.101,
                                            "Actual Rows": 2379774,
                                            "Actual Loops": 1
                                        },
                                        {
                                            "Worker Number": 5,
                                            "Actual Startup Time": 240.913,
                                            "Actual Total Time": 769.382,
                                            "Actual Rows": 3853565,
                                            "Actual Loops": 1
                                        }
                                    ]
                                }
                            ]
                        }
                    ]
                }
            ]
        },
        "Planning Time": 252.014,
        "Triggers": [],
        "Execution Time": 973.882
    }
]