[
  {
    "Plan": {
      "Node Type": "Aggregate",
      "Strategy": "Plain",
      "Partial Mode": "Finalize",
      "Parallel Aware": false,
      "Startup Cost": 90440.37,
      "Total Cost": 90440.38,
      "Plan Rows": 1,
      "Plan Width": 8,
      "Actual Startup Time": 254.634,
      "Actual Total Time": 272.806,
      "Actual Rows": 1,
      "Actual Loops": 1,
      "Plans": [
        {
          "Node Type": "Gather",
          "Parent Relationship": "Outer",
          "Parallel Aware": false,
          "Startup Cost": 90440.06,
          "Total Cost": 90440.37,
          "Plan Rows": 3,
          "Plan Width": 8,
          "Actual Startup Time": 254.074,
          "Actual Total Time": 272.795,
          "Actual Rows": 4,
          "Actual Loops": 1,
          "Workers Planned": 3,
          "Workers Launched": 3,
          "Single Copy": false,
          "Plans": [
            {
              "Node Type": "Aggregate",
              "Strategy": "Plain",
              "Partial Mode": "Partial",
              "Parent Relationship": "Outer",
              "Parallel Aware": false,
              "Startup Cost": 89440.06,
              "Total Cost": 89440.07,
              "Plan Rows": 1,
              "Plan Width": 8,
              "Actual Startup Time": 247.884,
              "Actual Total Time": 247.889,
              "Actual Rows": 1,
              "Actual Loops": 4,
              "Plans": [
                {
                  "Node Type": "Hash Join",
                  "Parent Relationship": "Outer",
                  "Parallel Aware": true,
                  "Join Type": "Inner",
                  "Startup Cost": 45670.22,
                  "Total Cost": 89415.93,
                  "Plan Rows": 9651,
                  "Plan Width": 0,
                  "Actual Startup Time": 115.006,
                  "Actual Total Time": 247.755,
                  "Actual Rows": 2285,
                  "Actual Loops": 4,
                  "Inner Unique": true,
                  "Hash Cond": "(mk.movie_id = t.id)",
                  "Plans": [
                    {
                      "Node Type": "Seq Scan",
                      "Parent Relationship": "Outer",
                      "Parallel Aware": true,
                      "Relation Name": "movie_keyword",
                      "Alias": "mk",
                      "Startup Cost": 0.0,
                      "Total Cost": 42695.65,
                      "Plan Rows": 400020,
                      "Plan Width": 4,
                      "Actual Startup Time": 0.952,
                      "Actual Total Time": 103.734,
                      "Actual Rows": 310896,
                      "Actual Loops": 4,
                      "Filter": "(keyword_id > 14535)",
                      "Rows Removed by Filter": 820086
                    },
                    {
                      "Node Type": "Hash",
                      "Parent Relationship": "Inner",
                      "Parallel Aware": true,
                      "Startup Cost": 45479.59,
                      "Total Cost": 45479.59,
                      "Plan Rows": 15251,
                      "Plan Width": 4,
                      "Actual Startup Time": 112.844,
                      "Actual Total Time": 112.845,
                      "Actual Rows": 15800,
                      "Actual Loops": 4,
                      "Hash Buckets": 65536,
                      "Original Hash Buckets": 65536,
                      "Hash Batches": 1,
                      "Original Hash Batches": 1,
                      "Peak Memory Usage": 3040,
                      "Plans": [
                        {
                          "Node Type": "Seq Scan",
                          "Parent Relationship": "Outer",
                          "Parallel Aware": true,
                          "Relation Name": "title",
                          "Alias": "t",
                          "Startup Cost": 0.0,
                          "Total Cost": 45479.59,
                          "Plan Rows": 15251,
                          "Plan Width": 4,
                          "Actual Startup Time": 0.051,
                          "Actual Total Time": 105.652,
                          "Actual Rows": 15800,
                          "Actual Loops": 4,
                          "Filter": "((kind_id > 4) AND (production_year = 2005))",
                          "Rows Removed by Filter": 616278
                        }
                      ]
                    }
                  ]
                }
              ]
            }
          ]
        }
      ]
    },
    "Planning Time": 0.29,
    "Triggers": [],
    "Execution Time": 272.846
  }
]