[
  {
    "Plan": {
      "Node Type": "Aggregate",
      "Strategy": "Plain",
      "Partial Mode": "Finalize",
      "Parallel Aware": false,
      "Startup Cost": 635056.86,
      "Total Cost": 635056.87,
      "Plan Rows": 1,
      "Plan Width": 8,
      "Actual Startup Time": 7009.996,
      "Actual Total Time": 7097.257,
      "Actual Rows": 1,
      "Actual Loops": 1,
      "Plans": [
        {
          "Node Type": "Gather",
          "Parent Relationship": "Outer",
          "Parallel Aware": false,
          "Startup Cost": 635056.23,
          "Total Cost": 635056.84,
          "Plan Rows": 6,
          "Plan Width": 8,
          "Actual Startup Time": 6931.868,
          "Actual Total Time": 7097.235,
          "Actual Rows": 7,
          "Actual Loops": 1,
          "Workers Planned": 6,
          "Workers Launched": 6,
          "Single Copy": false,
          "Plans": [
            {
              "Node Type": "Aggregate",
              "Strategy": "Plain",
              "Partial Mode": "Partial",
              "Parent Relationship": "Outer",
              "Parallel Aware": false,
              "Startup Cost": 634056.23,
              "Total Cost": 634056.24,
              "Plan Rows": 1,
              "Plan Width": 8,
              "Actual Startup Time": 6918.267,
              "Actual Total Time": 6919.393,
              "Actual Rows": 1,
              "Actual Loops": 7,
              "Plans": [
                {
                  "Node Type": "Hash Join",
                  "Parent Relationship": "Outer",
                  "Parallel Aware": true,
                  "Join Type": "Inner",
                  "Startup Cost": 256044.59,
                  "Total Cost": 621828.32,
                  "Plan Rows": 4891165,
                  "Plan Width": 0,
                  "Actual Startup Time": 1816.291,
                  "Actual Total Time": 6070.455,
                  "Actual Rows": 19709033,
                  "Actual Loops": 7,
                  "Inner Unique": false,
                  "Hash Cond": "(ci.movie_id = t.id)",
                  "Plans": [
                    {
                      "Node Type": "Seq Scan",
                      "Parent Relationship": "Outer",
                      "Parallel Aware": true,
                      "Relation Name": "cast_info",
                      "Alias": "ci",
                      "Startup Cost": 0.0,
                      "Total Cost": 343316.27,
                      "Plan Rows": 3382698,
                      "Plan Width": 4,
                      "Actual Startup Time": 219.715,
                      "Actual Total Time": 697.921,
                      "Actual Rows": 2655682,
                      "Actual Loops": 7,
                      "Filter": "((person_id < 3171990) AND (role_id > 1))",
                      "Rows Removed by Filter": 2522081
                    },
                    {
                      "Node Type": "Hash",
                      "Parent Relationship": "Inner",
                      "Parallel Aware": true,
                      "Startup Cost": 246904.74,
                      "Total Cost": 246904.74,
                      "Plan Rows": 731188,
                      "Plan Width": 8,
                      "Actual Startup Time": 1591.55,
                      "Actual Total Time": 1592.674,
                      "Actual Rows": 1154021,
                      "Actual Loops": 7,
                      "Hash Buckets": 8388608,
                      "Original Hash Buckets": 4194304,
                      "Hash Batches": 1,
                      "Original Hash Batches": 1,
                      "Peak Memory Usage": 414464,
                      "Plans": [
                        {
                          "Node Type": "Hash Join",
                          "Parent Relationship": "Outer",
                          "Parallel Aware": true,
                          "Join Type": "Inner",
                          "Startup Cost": 47425.34,
                          "Total Cost": 246904.74,
                          "Plan Rows": 731188,
                          "Plan Width": 8,
                          "Actual Startup Time": 138.591,
                          "Actual Total Time": 986.723,
                          "Actual Rows": 1154021,
                          "Actual Loops": 7,
                          "Inner Unique": true,
                          "Hash Cond": "(mi.movie_id = t.id)",
                          "Plans": [
                            {
                              "Node Type": "Seq Scan",
                              "Parent Relationship": "Outer",
                              "Parallel Aware": true,
                              "Relation Name": "movie_info",
                              "Alias": "mi",
                              "Startup Cost": 0.0,
                              "Total Cost": 191685.19,
                              "Plan Rows": 2969219,
                              "Plan Width": 4,
                              "Actual Startup Time": 0.03,
                              "Actual Total Time": 295.12,
                              "Actual Rows": 2119389,
                              "Actual Loops": 7
                            },
                            {
                              "Node Type": "Hash",
                              "Parent Relationship": "Inner",
                              "Parallel Aware": true,
                              "Startup Cost": 45479.59,
                              "Total Cost": 45479.59,
                              "Plan Rows": 155660,
                              "Plan Width": 4,
                              "Actual Startup Time": 125.502,
                              "Actual Total Time": 125.504,
                              "Actual Rows": 90613,
                              "Actual Loops": 7,
                              "Hash Buckets": 1048576,
                              "Original Hash Buckets": 1048576,
                              "Hash Batches": 1,
                              "Original Hash Batches": 1,
                              "Peak Memory Usage": 33120,
                              "Plans": [
                                {
                                  "Node Type": "Seq Scan",
                                  "Parent Relationship": "Outer",
                                  "Parallel Aware": true,
                                  "Relation Name": "title",
                                  "Alias": "t",
                                  "Startup Cost": 0.0,
                                  "Total Cost": 45479.59,
                                  "Plan Rows": 155660,
                                  "Plan Width": 4,
                                  "Actual Startup Time": 44.43,
                                  "Actual Total Time": 82.394,
                                  "Actual Rows": 90613,
                                  "Actual Loops": 7,
                                  "Filter": "((production_year < 2013) AND (kind_id = 1))",
                                  "Rows Removed by Filter": 270575
                                }
                              ]
                            }
                          ]
                        }
                      ]
                    }
                  ]
                }
              ]
            }
          ]
        }
      ]
    },
    "Planning Time": 0.485,
    "Triggers": [],
    "Execution Time": 7097.309
  }
]