[
  {
    "Plan": {
      "Node Type": "Aggregate",
      "Strategy": "Plain",
      "Partial Mode": "Finalize",
      "Parallel Aware": false,
      "Startup Cost": 12723.1,
      "Total Cost": 12723.11,
      "Plan Rows": 1,
      "Plan Width": 8,
      "Actual Startup Time": 21.817,
      "Actual Total Time": 25.037,
      "Actual Rows": 1,
      "Actual Loops": 1,
      "Plans": [
        {
          "Node Type": "Gather",
          "Parent Relationship": "Outer",
          "Parallel Aware": false,
          "Startup Cost": 12722.99,
          "Total Cost": 12723.1,
          "Plan Rows": 1,
          "Plan Width": 8,
          "Actual Startup Time": 21.622,
          "Actual Total Time": 25.029,
          "Actual Rows": 2,
          "Actual Loops": 1,
          "Workers Planned": 1,
          "Workers Launched": 1,
          "Single Copy": false,
          "Plans": [
            {
              "Node Type": "Aggregate",
              "Strategy": "Plain",
              "Partial Mode": "Partial",
              "Parent Relationship": "Outer",
              "Parallel Aware": false,
              "Startup Cost": 11722.99,
              "Total Cost": 11723.0,
              "Plan Rows": 1,
              "Plan Width": 8,
              "Actual Startup Time": 15.559,
              "Actual Total Time": 15.561,
              "Actual Rows": 1,
              "Actual Loops": 2,
              "Plans": [
                {
                  "Node Type": "Nested Loop",
                  "Parent Relationship": "Outer",
                  "Parallel Aware": false,
                  "Join Type": "Inner",
                  "Startup Cost": 44.46,
                  "Total Cost": 11720.33,
                  "Plan Rows": 1063,
                  "Plan Width": 0,
                  "Actual Startup Time": 5.223,
                  "Actual Total Time": 15.383,
                  "Actual Rows": 1160,
                  "Actual Loops": 2,
                  "Inner Unique": false,
                  "Plans": [
                    {
                      "Node Type": "Nested Loop",
                      "Parent Relationship": "Outer",
                      "Parallel Aware": false,
                      "Join Type": "Inner",
                      "Startup Cost": 44.03,
                      "Total Cost": 10685.45,
                      "Plan Rows": 594,
                      "Plan Width": 8,
                      "Actual Startup Time": 5.053,
                      "Actual Total Time": 10.769,
                      "Actual Rows": 372,
                      "Actual Loops": 2,
                      "Inner Unique": true,
                      "Plans": [
                        {
                          "Node Type": "Bitmap Heap Scan",
                          "Parent Relationship": "Outer",
                          "Parallel Aware": true,
                          "Relation Name": "movie_companies",
                          "Alias": "mc",
                          "Startup Cost": 43.6,
                          "Total Cost": 5822.9,
                          "Plan Rows": 594,
                          "Plan Width": 4,
                          "Actual Startup Time": 4.917,
                          "Actual Total Time": 5.975,
                          "Actual Rows": 372,
                          "Actual Loops": 2,
                          "Recheck Cond": "(company_id < 6)",
                          "Rows Removed by Index Recheck": 0,
                          "Filter": "(company_type_id > 1)",
                          "Rows Removed by Filter": 1984,
                          "Exact Heap Blocks": 1764,
                          "Lossy Heap Blocks": 0,
                          "Plans": [
                            {
                              "Node Type": "Bitmap Index Scan",
                              "Parent Relationship": "Outer",
                              "Parallel Aware": false,
                              "Index Name": "company_id_movie_companies",
                              "Startup Cost": 0.0,
                              "Total Cost": 43.35,
                              "Plan Rows": 1989,
                              "Plan Width": 0,
                              "Actual Startup Time": 2.62,
                              "Actual Total Time": 2.621,
                              "Actual Rows": 4712,
                              "Actual Loops": 1,
                              "Index Cond": "(company_id < 6)"
                            }
                          ]
                        },
                        {
                          "Node Type": "Index Only Scan",
                          "Parent Relationship": "Inner",
                          "Parallel Aware": false,
                          "Scan Direction": "Forward",
                          "Index Name": "title_pkey",
                          "Relation Name": "title",
                          "Alias": "t",
                          "Startup Cost": 0.43,
                          "Total Cost": 8.19,
                          "Plan Rows": 1,
                          "Plan Width": 4,
                          "Actual Startup Time": 0.012,
                          "Actual Total Time": 0.012,
                          "Actual Rows": 1,
                          "Actual Loops": 743,
                          "Index Cond": "(id = mc.movie_id)",
                          "Rows Removed by Index Recheck": 0,
                          "Heap Fetches": 743
                        }
                      ]
                    },
                    {
                      "Node Type": "Index Only Scan",
                      "Parent Relationship": "Inner",
                      "Parallel Aware": false,
                      "Scan Direction": "Forward",
                      "Index Name": "movie_id_movie_keyword",
                      "Relation Name": "movie_keyword",
                      "Alias": "mk",
                      "Startup Cost": 0.43,
                      "Total Cost": 1.29,
                      "Plan Rows": 45,
                      "Plan Width": 4,
                      "Actual Startup Time": 0.01,
                      "Actual Total Time": 0.011,
                      "Actual Rows": 3,
                      "Actual Loops": 743,
                      "Index Cond": "(movie_id = t.id)",
                      "Rows Removed by Index Recheck": 0,
                      "Heap Fetches": 2319
                    }
                  ]
                }
              ]
            }
          ]
        }
      ]
    },
    "Planning Time": 1.411,
    "Triggers": [],
    "Execution Time": 25.133
  }
]