[
  {
    "Plan": {
      "Node Type": "Aggregate",
      "Strategy": "Plain",
      "Partial Mode": "Finalize",
      "Parallel Aware": false,
      "Startup Cost": 125893.91,
      "Total Cost": 125893.92,
      "Plan Rows": 1,
      "Plan Width": 8,
      "Actual Startup Time": 571.482,
      "Actual Total Time": 590.832,
      "Actual Rows": 1,
      "Actual Loops": 1,
      "Plans": [
        {
          "Node Type": "Gather",
          "Parent Relationship": "Outer",
          "Parallel Aware": false,
          "Startup Cost": 125893.6,
          "Total Cost": 125893.91,
          "Plan Rows": 3,
          "Plan Width": 8,
          "Actual Startup Time": 569.442,
          "Actual Total Time": 590.824,
          "Actual Rows": 4,
          "Actual Loops": 1,
          "Workers Planned": 3,
          "Workers Launched": 3,
          "Single Copy": false,
          "Plans": [
            {
              "Node Type": "Aggregate",
              "Strategy": "Plain",
              "Partial Mode": "Partial",
              "Parent Relationship": "Outer",
              "Parallel Aware": false,
              "Startup Cost": 124893.6,
              "Total Cost": 124893.61,
              "Plan Rows": 1,
              "Plan Width": 8,
              "Actual Startup Time": 563.404,
              "Actual Total Time": 563.41,
              "Actual Rows": 1,
              "Actual Loops": 4,
              "Plans": [
                {
                  "Node Type": "Hash Join",
                  "Parent Relationship": "Outer",
                  "Parallel Aware": true,
                  "Join Type": "Inner",
                  "Startup Cost": 79787.85,
                  "Total Cost": 124637.77,
                  "Plan Rows": 102331,
                  "Plan Width": 0,
                  "Actual Startup Time": 300.925,
                  "Actual Total Time": 531.75,
                  "Actual Rows": 769166,
                  "Actual Loops": 4,
                  "Inner Unique": false,
                  "Hash Cond": "(mk.movie_id = t.id)",
                  "Plans": [
                    {
                      "Node Type": "Seq Scan",
                      "Parent Relationship": "Outer",
                      "Parallel Aware": true,
                      "Relation Name": "movie_keyword",
                      "Alias": "mk",
                      "Startup Cost": 0.0,
                      "Total Cost": 39047.32,
                      "Plan Rows": 1459332,
                      "Plan Width": 4,
                      "Actual Startup Time": 0.031,
                      "Actual Total Time": 80.594,
                      "Actual Rows": 1130982,
                      "Actual Loops": 4
                    },
                    {
                      "Node Type": "Hash",
                      "Parent Relationship": "Inner",
                      "Parallel Aware": true,
                      "Startup Cost": 79072.94,
                      "Total Cost": 79072.94,
                      "Plan Rows": 57193,
                      "Plan Width": 8,
                      "Actual Startup Time": 299.637,
                      "Actual Total Time": 299.641,
                      "Actual Rows": 110856,
                      "Actual Loops": 4,
                      "Hash Buckets": 524288,
                      "Original Hash Buckets": 262144,
                      "Hash Batches": 1,
                      "Original Hash Batches": 1,
                      "Peak Memory Usage": 23584,
                      "Plans": [
                        {
                          "Node Type": "Hash Join",
                          "Parent Relationship": "Outer",
                          "Parallel Aware": true,
                          "Join Type": "Inner",
                          "Startup Cost": 46585.44,
                          "Total Cost": 79072.94,
                          "Plan Rows": 57193,
                          "Plan Width": 8,
                          "Actual Startup Time": 159.388,
                          "Actual Total Time": 263.626,
                          "Actual Rows": 110856,
                          "Actual Loops": 4,
                          "Inner Unique": true,
                          "Hash Cond": "(mc.movie_id = t.id)",
                          "Plans": [
                            {
                              "Node Type": "Seq Scan",
                              "Parent Relationship": "Outer",
                              "Parallel Aware": true,
                              "Relation Name": "movie_companies",
                              "Alias": "mc",
                              "Startup Cost": 0.0,
                              "Total Cost": 31414.82,
                              "Plan Rows": 408642,
                              "Plan Width": 4,
                              "Actual Startup Time": 29.4,
                              "Actual Total Time": 66.881,
                              "Actual Rows": 328036,
                              "Actual Loops": 4,
                              "Filter": "((company_id > 19) AND (company_type_id > 1))",
                              "Rows Removed by Filter": 324246
                            },
                            {
                              "Node Type": "Hash",
                              "Parent Relationship": "Inner",
                              "Parallel Aware": true,
                              "Startup Cost": 45479.59,
                              "Total Cost": 45479.59,
                              "Plan Rows": 88468,
                              "Plan Width": 4,
                              "Actual Startup Time": 128.948,
                              "Actual Total Time": 128.949,
                              "Actual Rows": 117593,
                              "Actual Loops": 4,
                              "Hash Buckets": 524288,
                              "Original Hash Buckets": 524288,
                              "Hash Batches": 1,
                              "Original Hash Batches": 1,
                              "Peak Memory Usage": 22560,
                              "Plans": [
                                {
                                  "Node Type": "Seq Scan",
                                  "Parent Relationship": "Outer",
                                  "Parallel Aware": true,
                                  "Relation Name": "title",
                                  "Alias": "t",
                                  "Startup Cost": 0.0,
                                  "Total Cost": 45479.59,
                                  "Plan Rows": 88468,
                                  "Plan Width": 4,
                                  "Actual Startup Time": 0.055,
                                  "Actual Total Time": 91.924,
                                  "Actual Rows": 117593,
                                  "Actual Loops": 4,
                                  "Filter": "((kind_id < 7) AND (production_year < 1998))",
                                  "Rows Removed by Filter": 514485
                                }
                              ]
                            }
                          ]
                        }
                      ]
                    }
                  ]
                }
              ]
            }
          ]
        }
      ]
    },
    "Planning Time": 0.455,
    "Triggers": [],
    "Execution Time": 590.869
  }
]