[
  {
    "Plan": {
      "Node Type": "Aggregate",
      "Strategy": "Plain",
      "Partial Mode": "Finalize",
      "Parallel Aware": false,
      "Startup Cost": 30907.11,
      "Total Cost": 30907.12,
      "Plan Rows": 1,
      "Plan Width": 8,
      "Actual Startup Time": 104.828,
      "Actual Total Time": 112.583,
      "Actual Rows": 1,
      "Actual Loops": 1,
      "Plans": [
        {
          "Node Type": "Gather",
          "Parent Relationship": "Outer",
          "Parallel Aware": false,
          "Startup Cost": 30906.79,
          "Total Cost": 30907.1,
          "Plan Rows": 3,
          "Plan Width": 8,
          "Actual Startup Time": 104.718,
          "Actual Total Time": 112.574,
          "Actual Rows": 4,
          "Actual Loops": 1,
          "Workers Planned": 3,
          "Workers Launched": 3,
          "Single Copy": false,
          "Plans": [
            {
              "Node Type": "Aggregate",
              "Strategy": "Plain",
              "Partial Mode": "Partial",
              "Parent Relationship": "Outer",
              "Parallel Aware": false,
              "Startup Cost": 29906.79,
              "Total Cost": 29906.8,
              "Plan Rows": 1,
              "Plan Width": 8,
              "Actual Startup Time": 96.191,
              "Actual Total Time": 96.192,
              "Actual Rows": 1,
              "Actual Loops": 4,
              "Plans": [
                {
                  "Node Type": "Seq Scan",
                  "Parent Relationship": "Outer",
                  "Parallel Aware": true,
                  "Relation Name": "movie_companies",
                  "Alias": "mc",
                  "Startup Cost": 0.0,
                  "Total Cost": 29310.68,
                  "Plan Rows": 238443,
                  "Plan Width": 0,
                  "Actual Startup Time": 0.045,
                  "Actual Total Time": 82.387,
                  "Actual Rows": 183290,
                  "Actual Loops": 4,
                  "Filter": "(company_id < 1434)",
                  "Rows Removed by Filter": 468992
                }
              ]
            }
          ]
        }
      ]
    },
    "Planning Time": 0.164,
    "Triggers": [],
    "Execution Time": 112.635
  }
]