[
  {
    "Plan": {
      "Node Type": "Aggregate",
      "Strategy": "Plain",
      "Partial Mode": "Simple",
      "Parallel Aware": false,
      "Startup Cost": 27593.9,
      "Total Cost": 27593.91,
      "Plan Rows": 1,
      "Plan Width": 8,
      "Actual Startup Time": 56.261,
      "Actual Total Time": 56.263,
      "Actual Rows": 1,
      "Actual Loops": 1,
      "Plans": [
        {
          "Node Type": "Bitmap Heap Scan",
          "Parent Relationship": "Outer",
          "Parallel Aware": false,
          "Relation Name": "movie_keyword",
          "Alias": "mk",
          "Startup Cost": 1840.03,
          "Total Cost": 27377.26,
          "Plan Rows": 86658,
          "Plan Width": 0,
          "Actual Startup Time": 12.934,
          "Actual Total Time": 51.845,
          "Actual Rows": 85531,
          "Actual Loops": 1,
          "Recheck Cond": "(keyword_id > 86207)",
          "Rows Removed by Index Recheck": 0,
          "Exact Heap Blocks": 16264,
          "Lossy Heap Blocks": 0,
          "Plans": [
            {
              "Node Type": "Bitmap Index Scan",
              "Parent Relationship": "Outer",
              "Parallel Aware": false,
              "Index Name": "keyword_id_movie_keyword",
              "Startup Cost": 0.0,
              "Total Cost": 1818.37,
              "Plan Rows": 86658,
              "Plan Width": 0,
              "Actual Startup Time": 9.415,
              "Actual Total Time": 9.416,
              "Actual Rows": 85531,
              "Actual Loops": 1,
              "Index Cond": "(keyword_id > 86207)"
            }
          ]
        }
      ]
    },
    "Planning Time": 0.063,
    "Triggers": [],
    "Execution Time": 56.295
  }
]