{
  "Plan": {
    "Node Type": "Hash Join",
    "Parallel Aware": false,
    "Join Type": "Inner",
    "Startup Cost": 174101.05,
    "Total Cost": 1601348.66,
    "Plan Rows": 15032138,
    "Plan Width": 4,
    "Actual Startup Time": 2076.841,
    "Actual Total Time": 29918.959,
    "Actual Rows": 36333381,
    "Actual Loops": 1,
    "Inner Unique": true,
    "Hash Cond": "(mc.company_id = cn.id)",
    "Plans": [
      {
        "Node Type": "Hash Join",
        "Parent Relationship": "Outer",
        "Parallel Aware": false,
        "Join Type": "Inner",
        "Startup Cost": 165818.62,
        "Total Cost": 1553606.15,
        "Plan Rows": 15032138,
        "Plan Width": 4,
        "Actual Startup Time": 2009.407,
        "Actual Total Time": 24380.139,
        "Actual Rows": 36333381,
        "Actual Loops": 1,
        "Inner Unique": true,
        "Hash Cond": "(t.kind_id = kt.id)",
        "Plans": [
          {
            "Node Type": "Hash Join",
            "Parent Relationship": "Outer",
            "Parallel Aware": false,
            "Join Type": "Inner",
            "Startup Cost": 165817.46,
            "Total Cost": 1490255.27,
            "Plan Rows": 15032138,
            "Plan Width": 8,
            "Actual Startup Time": 2009.385,
            "Actual Total Time": 20312.215,
            "Actual Rows": 36333381,
            "Actual Loops": 1,
            "Inner Unique": false,
            "Hash Cond": "(ci.movie_id = mc.movie_id)",
            "Plans": [
              {
                "Node Type": "Seq Scan",
                "Parent Relationship": "Outer",
                "Parallel Aware": false,
                "Relation Name": "cast_info",
                "Alias": "ci",
                "Startup Cost": 0.0,
                "Total Cost": 615265.24,
                "Plan Rows": 36257824,
                "Plan Width": 4,
                "Actual Startup Time": 0.009,
                "Actual Total Time": 2544.505,
                "Actual Rows": 36244344,
                "Actual Loops": 1
              },
              {
                "Node Type": "Hash",
                "Parent Relationship": "Inner",
                "Parallel Aware": false,
                "Startup Cost": 152713.78,
                "Total Cost": 152713.78,
                "Plan Rows": 1048295,
                "Plan Width": 16,
                "Actual Startup Time": 2007.883,
                "Actual Total Time": 2007.888,
                "Actual Rows": 1043520,
                "Actual Loops": 1,
                "Hash Buckets": 1048576,
                "Original Hash Buckets": 1048576,
                "Hash Batches": 1,
                "Original Hash Batches": 1,
                "Peak Memory Usage": 57107,
                "Plans": [
                  {
                    "Node Type": "Hash Join",
                    "Parent Relationship": "Outer",
                    "Parallel Aware": false,
                    "Join Type": "Inner",
                    "Startup Cost": 92890.54,
                    "Total Cost": 152713.78,
                    "Plan Rows": 1048295,
                    "Plan Width": 16,
                    "Actual Startup Time": 821.396,
                    "Actual Total Time": 1748.81,
                    "Actual Rows": 1043520,
                    "Actual Loops": 1,
                    "Inner Unique": true,
                    "Hash Cond": "(mc.movie_id = t.id)",
                    "Plans": [
                      {
                        "Node Type": "Hash Join",
                        "Parent Relationship": "Outer",
                        "Parallel Aware": false,
                        "Join Type": "Inner",
                        "Startup Cost": 1.09,
                        "Total Cost": 57072.55,
                        "Plan Rows": 1048295,
                        "Plan Width": 8,
                        "Actual Startup Time": 0.029,
                        "Actual Total Time": 466.25,
                        "Actual Rows": 1043520,
                        "Actual Loops": 1,
                        "Inner Unique": true,
                        "Hash Cond": "(mc.company_type_id = ct.id)",
                        "Plans": [
                          {
                            "Node Type": "Seq Scan",
                            "Parent Relationship": "Outer",
                            "Parallel Aware": false,
                            "Relation Name": "movie_companies",
                            "Alias": "mc",
                            "Startup Cost": 0.0,
                            "Total Cost": 51404.11,
                            "Plan Rows": 1048295,
                            "Plan Width": 12,
                            "Actual Startup Time": 0.014,
                            "Actual Total Time": 282.622,
                            "Actual Rows": 1043520,
                            "Actual Loops": 1,
                            "Filter": "(company_id < 6029)",
                            "Rows Removed by Filter": 1565609
                          },
                          {
                            "Node Type": "Hash",
                            "Parent Relationship": "Inner",
                            "Parallel Aware": false,
                            "Startup Cost": 1.04,
                            "Total Cost": 1.04,
                            "Plan Rows": 4,
                            "Plan Width": 4,
                            "Actual Startup Time": 0.008,
                            "Actual Total Time": 0.009,
                            "Actual Rows": 4,
                            "Actual Loops": 1,
                            "Hash Buckets": 1024,
                            "Original Hash Buckets": 1024,
                            "Hash Batches": 1,
                            "Original Hash Batches": 1,
                            "Peak Memory Usage": 9,
                            "Plans": [
                              {
                                "Node Type": "Seq Scan",
                                "Parent Relationship": "Outer",
                                "Parallel Aware": false,
                                "Relation Name": "company_type",
                                "Alias": "ct",
                                "Startup Cost": 0.0,
                                "Total Cost": 1.04,
                                "Plan Rows": 4,
                                "Plan Width": 4,
                                "Actual Startup Time": 0.005,
                                "Actual Total Time": 0.006,
                                "Actual Rows": 4,
                                "Actual Loops": 1
                              }
                            ]
                          }
                        ]
                      },
                      {
                        "Node Type": "Hash",
                        "Parent Relationship": "Inner",
                        "Parallel Aware": false,
                        "Startup Cost": 61283.09,
                        "Total Cost": 61283.09,
                        "Plan Rows": 2528509,
                        "Plan Width": 8,
                        "Actual Startup Time": 814.751,
                        "Actual Total Time": 814.751,
                        "Actual Rows": 2528312,
                        "Actual Loops": 1,
                        "Hash Buckets": 4194304,
                        "Original Hash Buckets": 4194304,
                        "Hash Batches": 1,
                        "Original Hash Batches": 1,
                        "Peak Memory Usage": 131531,
                        "Plans": [
                          {
                            "Node Type": "Seq Scan",
                            "Parent Relationship": "Outer",
                            "Parallel Aware": false,
                            "Relation Name": "title",
                            "Alias": "t",
                            "Startup Cost": 0.0,
                            "Total Cost": 61283.09,
                            "Plan Rows": 2528509,
                            "Plan Width": 8,
                            "Actual Startup Time": 0.012,
                            "Actual Total Time": 275.94,
                            "Actual Rows": 2528312,
                            "Actual Loops": 1
                          }
                        ]
                      }
                    ]
                  }
                ]
              }
            ]
          },
          {
            "Node Type": "Hash",
            "Parent Relationship": "Inner",
            "Parallel Aware": false,
            "Startup Cost": 1.07,
            "Total Cost": 1.07,
            "Plan Rows": 7,
            "Plan Width": 4,
            "Actual Startup Time": 0.011,
            "Actual Total Time": 0.011,
            "Actual Rows": 7,
            "Actual Loops": 1,
            "Hash Buckets": 1024,
            "Original Hash Buckets": 1024,
            "Hash Batches": 1,
            "Original Hash Batches": 1,
            "Peak Memory Usage": 9,
            "Plans": [
              {
                "Node Type": "Seq Scan",
                "Parent Relationship": "Outer",
                "Parallel Aware": false,
                "Relation Name": "kind_type",
                "Alias": "kt",
                "Startup Cost": 0.0,
                "Total Cost": 1.07,
                "Plan Rows": 7,
                "Plan Width": 4,
                "Actual Startup Time": 0.008,
                "Actual Total Time": 0.009,
                "Actual Rows": 7,
                "Actual Loops": 1
              }
            ]
          }
        ]
      },
      {
        "Node Type": "Hash",
        "Parent Relationship": "Inner",
        "Parallel Aware": false,
        "Startup Cost": 5344.97,
        "Total Cost": 5344.97,
        "Plan Rows": 234997,
        "Plan Width": 4,
        "Actual Startup Time": 66.962,
        "Actual Total Time": 66.962,
        "Actual Rows": 234997,
        "Actual Loops": 1,
        "Hash Buckets": 262144,
        "Original Hash Buckets": 262144,
        "Hash Batches": 1,
        "Original Hash Batches": 1,
        "Peak Memory Usage": 10310,
        "Plans": [
          {
            "Node Type": "Seq Scan",
            "Parent Relationship": "Outer",
            "Parallel Aware": false,
            "Relation Name": "company_name",
            "Alias": "cn",
            "Startup Cost": 0.0,
            "Total Cost": 5344.97,
            "Plan Rows": 234997,
            "Plan Width": 4,
            "Actual Startup Time": 0.029,
            "Actual Total Time": 32.241,
            "Actual Rows": 234997,
            "Actual Loops": 1
          }
        ]
      }
    ]
  },
  "Planning Time": 1.358,
  "Triggers": [],
  "Execution Time": 31018.339
}