{
  "Plan": {
    "Node Type": "Aggregate",
    "Strategy": "Plain",
    "Partial Mode": "Finalize",
    "Parallel Aware": false,
    "Startup Cost": 357954.92,
    "Total Cost": 357954.93,
    "Plan Rows": 1,
    "Plan Width": 8,
    "Actual Startup Time": 766.055,
    "Actual Total Time": 780.317,
    "Actual Rows": 1,
    "Actual Loops": 1,
    "Plans": [
      {
        "Node Type": "Gather",
        "Parent Relationship": "Outer",
        "Parallel Aware": false,
        "Startup Cost": 357954.81,
        "Total Cost": 357954.92,
        "Plan Rows": 1,
        "Plan Width": 8,
        "Actual Startup Time": 761.45,
        "Actual Total Time": 780.307,
        "Actual Rows": 2,
        "Actual Loops": 1,
        "Workers Planned": 1,
        "Workers Launched": 1,
        "Single Copy": false,
        "Plans": [
          {
            "Node Type": "Aggregate",
            "Strategy": "Plain",
            "Partial Mode": "Partial",
            "Parent Relationship": "Outer",
            "Parallel Aware": false,
            "Startup Cost": 356954.81,
            "Total Cost": 356954.82,
            "Plan Rows": 1,
            "Plan Width": 8,
            "Actual Startup Time": 753.666,
            "Actual Total Time": 753.67,
            "Actual Rows": 1,
            "Actual Loops": 2,
            "Plans": [
              {
                "Node Type": "Hash Join",
                "Parent Relationship": "Outer",
                "Parallel Aware": true,
                "Join Type": "Inner",
                "Startup Cost": 93073.68,
                "Total Cost": 355738.26,
                "Plan Rows": 486620,
                "Plan Width": 0,
                "Actual Startup Time": 454.538,
                "Actual Total Time": 737.243,
                "Actual Rows": 393066,
                "Actual Loops": 2,
                "Inner Unique": true,
                "Hash Cond": "(ci.movie_id = t.id)",
                "Plans": [
                  {
                    "Node Type": "Bitmap Heap Scan",
                    "Parent Relationship": "Outer",
                    "Parallel Aware": true,
                    "Relation Name": "cast_info",
                    "Alias": "ci",
                    "Startup Cost": 24771.78,
                    "Total Cost": 285704.71,
                    "Plan Rows": 659675,
                    "Plan Width": 4,
                    "Actual Startup Time": 35.816,
                    "Actual Total Time": 92.047,
                    "Actual Rows": 566564,
                    "Actual Loops": 2,
                    "Recheck Cond": "(person_id < 115698)",
                    "Rows Removed by Index Recheck": 0,
                    "Exact Heap Blocks": 6215,
                    "Lossy Heap Blocks": 0,
                    "Plans": [
                      {
                        "Node Type": "Bitmap Index Scan",
                        "Parent Relationship": "Outer",
                        "Parallel Aware": false,
                        "Index Name": "person_id_cast_info",
                        "Startup Cost": 0.0,
                        "Total Cost": 24491.42,
                        "Plan Rows": 1121447,
                        "Plan Width": 0,
                        "Actual Startup Time": 34.083,
                        "Actual Total Time": 34.084,
                        "Actual Rows": 1133129,
                        "Actual Loops": 1,
                        "Index Cond": "(person_id < 115698)"
                      }
                    ]
                  },
                  {
                    "Node Type": "Hash",
                    "Parent Relationship": "Inner",
                    "Parallel Aware": true,
                    "Startup Cost": 54588.39,
                    "Total Cost": 54588.39,
                    "Plan Rows": 1097081,
                    "Plan Width": 4,
                    "Actual Startup Time": 404.055,
                    "Actual Total Time": 404.056,
                    "Actual Rows": 932744,
                    "Actual Loops": 2,
                    "Hash Buckets": 2097152,
                    "Original Hash Buckets": 2097152,
                    "Hash Batches": 1,
                    "Original Hash Batches": 1,
                    "Peak Memory Usage": 89408,
                    "Plans": [
                      {
                        "Node Type": "Seq Scan",
                        "Parent Relationship": "Outer",
                        "Parallel Aware": true,
                        "Relation Name": "title",
                        "Alias": "t",
                        "Startup Cost": 0.0,
                        "Total Cost": 54588.39,
                        "Plan Rows": 1097081,
                        "Plan Width": 4,
                        "Actual Startup Time": 0.029,
                        "Actual Total Time": 165.942,
                        "Actual Rows": 932744,
                        "Actual Loops": 2,
                        "Filter": "(kind_id > 1)",
                        "Rows Removed by Filter": 331412
                      }
                    ]
                  }
                ]
              }
            ]
          }
        ]
      }
    ]
  },
  "Planning Time": 0.73,
  "Triggers": [],
  "Execution Time": 780.411
}