{
  "Plan": {
    "Node Type": "Aggregate",
    "Strategy": "Plain",
    "Partial Mode": "Finalize",
    "Parallel Aware": false,
    "Startup Cost": 562173.03,
    "Total Cost": 562173.04,
    "Plan Rows": 1,
    "Plan Width": 8,
    "Actual Startup Time": 3489.842,
    "Actual Total Time": 3514.832,
    "Actual Rows": 1,
    "Actual Loops": 1,
    "Plans": [
      {
        "Node Type": "Gather",
        "Parent Relationship": "Outer",
        "Parallel Aware": false,
        "Startup Cost": 562172.92,
        "Total Cost": 562173.03,
        "Plan Rows": 1,
        "Plan Width": 8,
        "Actual Startup Time": 3483.733,
        "Actual Total Time": 3514.822,
        "Actual Rows": 2,
        "Actual Loops": 1,
        "Workers Planned": 1,
        "Workers Launched": 1,
        "Single Copy": false,
        "Plans": [
          {
            "Node Type": "Aggregate",
            "Strategy": "Plain",
            "Partial Mode": "Partial",
            "Parent Relationship": "Outer",
            "Parallel Aware": false,
            "Startup Cost": 561172.92,
            "Total Cost": 561172.93,
            "Plan Rows": 1,
            "Plan Width": 8,
            "Actual Startup Time": 3472.042,
            "Actual Total Time": 3472.046,
            "Actual Rows": 1,
            "Actual Loops": 2,
            "Plans": [
              {
                "Node Type": "Hash Join",
                "Parent Relationship": "Outer",
                "Parallel Aware": true,
                "Join Type": "Inner",
                "Startup Cost": 232128.08,
                "Total Cost": 550342.02,
                "Plan Rows": 4332358,
                "Plan Width": 0,
                "Actual Startup Time": 896.459,
                "Actual Total Time": 3281.925,
                "Actual Rows": 3784430,
                "Actual Loops": 2,
                "Inner Unique": true,
                "Hash Cond": "(ci.movie_id = t.id)",
                "Plans": [
                  {
                    "Node Type": "Bitmap Heap Scan",
                    "Parent Relationship": "Outer",
                    "Parallel Aware": true,
                    "Relation Name": "cast_info",
                    "Alias": "ci",
                    "Startup Cost": 162667.38,
                    "Total Cost": 469508.86,
                    "Plan Rows": 4332358,
                    "Plan Width": 4,
                    "Actual Startup Time": 245.812,
                    "Actual Total Time": 721.788,
                    "Actual Rows": 3784430,
                    "Actual Loops": 2,
                    "Recheck Cond": "(person_id < 733473)",
                    "Rows Removed by Index Recheck": 0,
                    "Exact Heap Blocks": 46889,
                    "Lossy Heap Blocks": 0,
                    "Plans": [
                      {
                        "Node Type": "Bitmap Index Scan",
                        "Parent Relationship": "Outer",
                        "Parallel Aware": false,
                        "Index Name": "person_id_cast_info",
                        "Startup Cost": 0.0,
                        "Total Cost": 160826.13,
                        "Plan Rows": 7365009,
                        "Plan Width": 0,
                        "Actual Startup Time": 232.025,
                        "Actual Total Time": 232.026,
                        "Actual Rows": 7568861,
                        "Actual Loops": 1,
                        "Index Cond": "(person_id < 733473)"
                      }
                    ]
                  },
                  {
                    "Node Type": "Hash",
                    "Parent Relationship": "Inner",
                    "Parallel Aware": true,
                    "Startup Cost": 50870.31,
                    "Total Cost": 50870.31,
                    "Plan Rows": 1487231,
                    "Plan Width": 4,
                    "Actual Startup Time": 628.984,
                    "Actual Total Time": 628.984,
                    "Actual Rows": 1264156,
                    "Actual Loops": 2,
                    "Hash Buckets": 4194304,
                    "Original Hash Buckets": 4194304,
                    "Hash Batches": 1,
                    "Original Hash Batches": 1,
                    "Peak Memory Usage": 131712,
                    "Plans": [
                      {
                        "Node Type": "Seq Scan",
                        "Parent Relationship": "Outer",
                        "Parallel Aware": true,
                        "Relation Name": "title",
                        "Alias": "t",
                        "Startup Cost": 0.0,
                        "Total Cost": 50870.31,
                        "Plan Rows": 1487231,
                        "Plan Width": 4,
                        "Actual Startup Time": 0.029,
                        "Actual Total Time": 182.6,
                        "Actual Rows": 1264156,
                        "Actual Loops": 2
                      }
                    ]
                  }
                ]
              }
            ]
          }
        ]
      }
    ]
  },
  "Planning Time": 0.646,
  "Triggers": [],
  "Execution Time": 3514.92
}