[
  {
    "Plan": {
      "Node Type": "Aggregate",
      "Strategy": "Plain",
      "Partial Mode": "Finalize",
      "Parallel Aware": false,
      "Startup Cost": 46638.86,
      "Total Cost": 46638.87,
      "Plan Rows": 1,
      "Plan Width": 8,
      "Actual Startup Time": 205.733,
      "Actual Total Time": 214.174,
      "Actual Rows": 1,
      "Actual Loops": 1,
      "Plans": [
        {
          "Node Type": "Gather",
          "Parent Relationship": "Outer",
          "Parallel Aware": false,
          "Startup Cost": 46638.54,
          "Total Cost": 46638.85,
          "Plan Rows": 3,
          "Plan Width": 8,
          "Actual Startup Time": 205.588,
          "Actual Total Time": 214.164,
          "Actual Rows": 4,
          "Actual Loops": 1,
          "Workers Planned": 3,
          "Workers Launched": 3,
          "Single Copy": false,
          "Plans": [
            {
              "Node Type": "Aggregate",
              "Strategy": "Plain",
              "Partial Mode": "Partial",
              "Parent Relationship": "Outer",
              "Parallel Aware": false,
              "Startup Cost": 45638.54,
              "Total Cost": 45638.55,
              "Plan Rows": 1,
              "Plan Width": 8,
              "Actual Startup Time": 199.064,
              "Actual Total Time": 199.065,
              "Actual Rows": 1,
              "Actual Loops": 4,
              "Plans": [
                {
                  "Node Type": "Seq Scan",
                  "Parent Relationship": "Outer",
                  "Parallel Aware": true,
                  "Relation Name": "movie_keyword",
                  "Alias": "mk",
                  "Startup Cost": 0.0,
                  "Total Cost": 42695.65,
                  "Plan Rows": 1177155,
                  "Plan Width": 0,
                  "Actual Startup Time": 0.048,
                  "Actual Total Time": 145.465,
                  "Actual Rows": 913904,
                  "Actual Loops": 4,
                  "Filter": "(keyword_id < 21201)",
                  "Rows Removed by Filter": 217079
                }
              ]
            }
          ]
        }
      ]
    },
    "Planning Time": 0.11,
    "Triggers": [],
    "Execution Time": 214.209
  }
]