{
  "Plan": {
    "Node Type": "Aggregate",
    "Strategy": "Plain",
    "Partial Mode": "Simple",
    "Parallel Aware": false,
    "Startup Cost": 784266.31,
    "Total Cost": 784266.32,
    "Plan Rows": 1,
    "Plan Width": 64,
    "Actual Startup Time": 3856.86,
    "Actual Total Time": 3943.544,
    "Actual Rows": 1,
    "Actual Loops": 1,
    "Plans": [
      {
        "Node Type": "Gather",
        "Parent Relationship": "Outer",
        "Parallel Aware": false,
        "Startup Cost": 201290.57,
        "Total Cost": 784266.3,
        "Plan Rows": 1,
        "Plan Width": 32,
        "Actual Startup Time": 2288.301,
        "Actual Total Time": 3943.326,
        "Actual Rows": 1352,
        "Actual Loops": 1,
        "Workers Planned": 1,
        "Workers Launched": 1,
        "Single Copy": false,
        "Plans": [
          {
            "Node Type": "Nested Loop",
            "Parent Relationship": "Outer",
            "Parallel Aware": false,
            "Join Type": "Inner",
            "Startup Cost": 200290.57,
            "Total Cost": 783266.2,
            "Plan Rows": 1,
            "Plan Width": 32,
            "Actual Startup Time": 2280.901,
            "Actual Total Time": 3843.796,
            "Actual Rows": 676,
            "Actual Loops": 2,
            "Inner Unique": true,
            "Plans": [
              {
                "Node Type": "Nested Loop",
                "Parent Relationship": "Outer",
                "Parallel Aware": false,
                "Join Type": "Inner",
                "Startup Cost": 200290.14,
                "Total Cost": 783265.68,
                "Plan Rows": 1,
                "Plan Width": 36,
                "Actual Startup Time": 2280.815,
                "Actual Total Time": 3842.681,
                "Actual Rows": 676,
                "Actual Loops": 2,
                "Inner Unique": true,
                "Plans": [
                  {
                    "Node Type": "Nested Loop",
                    "Parent Relationship": "Outer",
                    "Parallel Aware": false,
                    "Join Type": "Inner",
                    "Startup Cost": 200289.72,
                    "Total Cost": 783265.23,
                    "Plan Rows": 1,
                    "Plan Width": 40,
                    "Actual Startup Time": 2280.702,
                    "Actual Total Time": 3839.543,
                    "Actual Rows": 2088,
                    "Actual Loops": 2,
                    "Inner Unique": true,
                    "Plans": [
                      {
                        "Node Type": "Nested Loop",
                        "Parent Relationship": "Outer",
                        "Parallel Aware": false,
                        "Join Type": "Inner",
                        "Startup Cost": 200289.58,
                        "Total Cost": 783265.06,
                        "Plan Rows": 1,
                        "Plan Width": 44,
                        "Actual Startup Time": 2280.674,
                        "Actual Total Time": 3837.749,
                        "Actual Rows": 2088,
                        "Actual Loops": 2,
                        "Inner Unique": true,
                        "Plans": [
                          {
                            "Node Type": "Nested Loop",
                            "Parent Relationship": "Outer",
                            "Parallel Aware": false,
                            "Join Type": "Inner",
                            "Startup Cost": 200289.44,
                            "Total Cost": 783264.88,
                            "Plan Rows": 1,
                            "Plan Width": 48,
                            "Actual Startup Time": 2280.659,
                            "Actual Total Time": 3835.841,
                            "Actual Rows": 2088,
                            "Actual Loops": 2,
                            "Inner Unique": false,
                            "Join Filter": "(t.id = mi.movie_id)",
                            "Rows Removed by Join Filter": 0,
                            "Plans": [
                              {
                                "Node Type": "Nested Loop",
                                "Parent Relationship": "Outer",
                                "Parallel Aware": false,
                                "Join Type": "Inner",
                                "Startup Cost": 200289.0,
                                "Total Cost": 783259.87,
                                "Plan Rows": 3,
                                "Plan Width": 56,
                                "Actual Startup Time": 2280.573,
                                "Actual Total Time": 3810.547,
                                "Actual Rows": 1302,
                                "Actual Loops": 2,
                                "Inner Unique": false,
                                "Join Filter": "(n.id = an.person_id)",
                                "Rows Removed by Join Filter": 0,
                                "Plans": [
                                  {
                                    "Node Type": "Hash Join",
                                    "Parent Relationship": "Outer",
                                    "Parallel Aware": true,
                                    "Join Type": "Inner",
                                    "Startup Cost": 200288.58,
                                    "Total Cost": 783252.75,
                                    "Plan Rows": 14,
                                    "Plan Width": 64,
                                    "Actual Startup Time": 2280.446,
                                    "Actual Total Time": 3809.799,
                                    "Actual Rows": 104,
                                    "Actual Loops": 2,
                                    "Inner Unique": true,
                                    "Hash Cond": "(ci.person_id = n.id)",
                                    "Plans": [
                                      {
                                        "Node Type": "Hash Join",
                                        "Parent Relationship": "Outer",
                                        "Parallel Aware": true,
                                        "Join Type": "Inner",
                                        "Startup Cost": 107905.23,
                                        "Total Cost": 689283.96,
                                        "Plan Rows": 603976,
                                        "Plan Width": 45,
                                        "Actual Startup Time": 1099.657,
                                        "Actual Total Time": 3419.681,
                                        "Actual Rows": 898323,
                                        "Actual Loops": 2,
                                        "Inner Unique": false,
                                        "Hash Cond": "(ci.movie_id = t.id)",
                                        "Plans": [
                                          {
                                            "Node Type": "Seq Scan",
                                            "Parent Relationship": "Outer",
                                            "Parallel Aware": true,
                                            "Relation Name": "cast_info",
                                            "Alias": "ci",
                                            "Startup Cost": 0.0,
                                            "Total Cost": 572354.19,
                                            "Plan Rows": 1459132,
                                            "Plan Width": 16,
                                            "Actual Startup Time": 0.029,
                                            "Actual Total Time": 1826.981,
                                            "Actual Rows": 1221682,
                                            "Actual Loops": 2,
                                            "Filter": "(note = ANY ('{\"(executive producer)\",(writer),(voice),\"(as Fergie)\"}'::text[]))",
                                            "Rows Removed by Filter": 16900490
                                          },
                                          {
                                            "Node Type": "Hash",
                                            "Parent Relationship": "Inner",
                                            "Parallel Aware": true,
                                            "Startup Cost": 100210.43,
                                            "Total Cost": 100210.43,
                                            "Plan Rows": 615584,
                                            "Plan Width": 29,
                                            "Actual Startup Time": 1096.575,
                                            "Actual Total Time": 1096.579,
                                            "Actual Rows": 414820,
                                            "Actual Loops": 2,
                                            "Hash Buckets": 1048576,
                                            "Original Hash Buckets": 1048576,
                                            "Hash Batches": 1,
                                            "Original Hash Batches": 1,
                                            "Peak Memory Usage": 62496,
                                            "Plans": [
                                              {
                                                "Node Type": "Hash Join",
                                                "Parent Relationship": "Outer",
                                                "Parallel Aware": true,
                                                "Join Type": "Inner",
                                                "Startup Cost": 62043.8,
                                                "Total Cost": 100210.43,
                                                "Plan Rows": 615584,
                                                "Plan Width": 29,
                                                "Actual Startup Time": 393.246,
                                                "Actual Total Time": 928.542,
                                                "Actual Rows": 414820,
                                                "Actual Loops": 2,
                                                "Inner Unique": true,
                                                "Hash Cond": "(mc.movie_id = t.id)",
                                                "Plans": [
                                                  {
                                                    "Node Type": "Seq Scan",
                                                    "Parent Relationship": "Outer",
                                                    "Parallel Aware": true,
                                                    "Relation Name": "movie_companies",
                                                    "Alias": "mc",
                                                    "Startup Cost": 0.0,
                                                    "Total Cost": 34137.82,
                                                    "Plan Rows": 1534782,
                                                    "Plan Width": 8,
                                                    "Actual Startup Time": 0.013,
                                                    "Actual Total Time": 121.48,
                                                    "Actual Rows": 1304564,
                                                    "Actual Loops": 2
                                                  },
                                                  {
                                                    "Node Type": "Hash",
                                                    "Parent Relationship": "Inner",
                                                    "Parallel Aware": true,
                                                    "Startup Cost": 54587.68,
                                                    "Total Cost": 54587.68,
                                                    "Plan Rows": 596489,
                                                    "Plan Width": 21,
                                                    "Actual Startup Time": 390.302,
                                                    "Actual Total Time": 390.303,
                                                    "Actual Rows": 506460,
                                                    "Actual Loops": 2,
                                                    "Hash Buckets": 1048576,
                                                    "Original Hash Buckets": 1048576,
                                                    "Hash Batches": 1,
                                                    "Original Hash Batches": 1,
                                                    "Peak Memory Usage": 65056,
                                                    "Plans": [
                                                      {
                                                        "Node Type": "Seq Scan",
                                                        "Parent Relationship": "Outer",
                                                        "Parallel Aware": true,
                                                        "Relation Name": "title",
                                                        "Alias": "t",
                                                        "Startup Cost": 0.0,
                                                        "Total Cost": 54587.68,
                                                        "Plan Rows": 596489,
                                                        "Plan Width": 21,
                                                        "Actual Startup Time": 0.026,
                                                        "Actual Total Time": 188.221,
                                                        "Actual Rows": 506460,
                                                        "Actual Loops": 2,
                                                        "Filter": "(production_year > 2005)",
                                                        "Rows Removed by Filter": 757696
                                                      }
                                                    ]
                                                  }
                                                ]
                                              }
                                            ]
                                          }
                                        ]
                                      },
                                      {
                                        "Node Type": "Hash",
                                        "Parent Relationship": "Inner",
                                        "Parallel Aware": true,
                                        "Startup Cost": 92382.65,
                                        "Total Cost": 92382.65,
                                        "Plan Rows": 56,
                                        "Plan Width": 19,
                                        "Actual Startup Time": 336.658,
                                        "Actual Total Time": 336.659,
                                        "Actual Rows": 131,
                                        "Actual Loops": 2,
                                        "Hash Buckets": 1024,
                                        "Original Hash Buckets": 1024,
                                        "Hash Batches": 1,
                                        "Original Hash Batches": 1,
                                        "Peak Memory Usage": 72,
                                        "Plans": [
                                          {
                                            "Node Type": "Seq Scan",
                                            "Parent Relationship": "Outer",
                                            "Parallel Aware": true,
                                            "Relation Name": "name",
                                            "Alias": "n",
                                            "Startup Cost": 0.0,
                                            "Total Cost": 92382.65,
                                            "Plan Rows": 56,
                                            "Plan Width": 19,
                                            "Actual Startup Time": 164.895,
                                            "Actual Total Time": 336.492,
                                            "Actual Rows": 131,
                                            "Actual Loops": 2,
                                            "Filter": "((name ~~ '%Ferguson,%'::text) AND ((gender)::text = 'f'::text))",
                                            "Rows Removed by Filter": 2083614
                                          }
                                        ]
                                      }
                                    ]
                                  },
                                  {
                                    "Node Type": "Index Only Scan",
                                    "Parent Relationship": "Inner",
                                    "Parallel Aware": false,
                                    "Scan Direction": "Forward",
                                    "Index Name": "person_id_aka_name",
                                    "Relation Name": "aka_name",
                                    "Alias": "an",
                                    "Startup Cost": 0.42,
                                    "Total Cost": 0.48,
                                    "Plan Rows": 2,
                                    "Plan Width": 4,
                                    "Actual Startup Time": 0.003,
                                    "Actual Total Time": 0.005,
                                    "Actual Rows": 13,
                                    "Actual Loops": 207,
                                    "Index Cond": "(person_id = ci.person_id)",
                                    "Rows Removed by Index Recheck": 0,
                                    "Heap Fetches": 2603
                                  }
                                ]
                              },
                              {
                                "Node Type": "Index Scan",
                                "Parent Relationship": "Inner",
                                "Parallel Aware": false,
                                "Scan Direction": "Forward",
                                "Index Name": "movie_id_movie_info",
                                "Relation Name": "movie_info",
                                "Alias": "mi",
                                "Startup Cost": 0.43,
                                "Total Cost": 1.64,
                                "Plan Rows": 2,
                                "Plan Width": 8,
                                "Actual Startup Time": 0.008,
                                "Actual Total Time": 0.019,
                                "Actual Rows": 2,
                                "Actual Loops": 2603,
                                "Index Cond": "(movie_id = mc.movie_id)",
                                "Rows Removed by Index Recheck": 0,
                                "Filter": "((info IS NOT NULL) AND ((info ~~ 'Japan:%200%'::text) OR (info ~~ 'USA:%200%'::text)))",
                                "Rows Removed by Filter": 91
                              }
                            ]
                          },
                          {
                            "Node Type": "Index Scan",
                            "Parent Relationship": "Inner",
                            "Parallel Aware": false,
                            "Scan Direction": "Forward",
                            "Index Name": "info_type_pkey",
                            "Relation Name": "info_type",
                            "Alias": "it",
                            "Startup Cost": 0.14,
                            "Total Cost": 0.16,
                            "Plan Rows": 1,
                            "Plan Width": 4,
                            "Actual Startup Time": 0.001,
                            "Actual Total Time": 0.001,
                            "Actual Rows": 1,
                            "Actual Loops": 4176,
                            "Index Cond": "(id = mi.info_type_id)",
                            "Rows Removed by Index Recheck": 0,
                            "Filter": "((info)::text = 'release dates'::text)",
                            "Rows Removed by Filter": 0
                          }
                        ]
                      },
                      {
                        "Node Type": "Index Scan",
                        "Parent Relationship": "Inner",
                        "Parallel Aware": false,
                        "Scan Direction": "Forward",
                        "Index Name": "role_type_pkey",
                        "Relation Name": "role_type",
                        "Alias": "rt",
                        "Startup Cost": 0.14,
                        "Total Cost": 0.16,
                        "Plan Rows": 1,
                        "Plan Width": 4,
                        "Actual Startup Time": 0.001,
                        "Actual Total Time": 0.001,
                        "Actual Rows": 1,
                        "Actual Loops": 4176,
                        "Index Cond": "(id = ci.role_id)",
                        "Rows Removed by Index Recheck": 0,
                        "Filter": "((role)::text = 'actress'::text)",
                        "Rows Removed by Filter": 0
                      }
                    ]
                  },
                  {
                    "Node Type": "Index Scan",
                    "Parent Relationship": "Inner",
                    "Parallel Aware": false,
                    "Scan Direction": "Forward",
                    "Index Name": "company_name_pkey",
                    "Relation Name": "company_name",
                    "Alias": "cn",
                    "Startup Cost": 0.42,
                    "Total Cost": 0.45,
                    "Plan Rows": 1,
                    "Plan Width": 4,
                    "Actual Startup Time": 0.001,
                    "Actual Total Time": 0.001,
                    "Actual Rows": 0,
                    "Actual Loops": 4176,
                    "Index Cond": "(id = mc.company_id)",
                    "Rows Removed by Index Recheck": 0,
                    "Filter": "((country_code)::text = '[us]'::text)",
                    "Rows Removed by Filter": 1
                  }
                ]
              },
              {
                "Node Type": "Index Only Scan",
                "Parent Relationship": "Inner",
                "Parallel Aware": false,
                "Scan Direction": "Forward",
                "Index Name": "char_name_pkey",
                "Relation Name": "char_name",
                "Alias": "chn",
                "Startup Cost": 0.43,
                "Total Cost": 0.52,
                "Plan Rows": 1,
                "Plan Width": 4,
                "Actual Startup Time": 0.001,
                "Actual Total Time": 0.001,
                "Actual Rows": 1,
                "Actual Loops": 1352,
                "Index Cond": "(id = ci.person_role_id)",
                "Rows Removed by Index Recheck": 0,
                "Heap Fetches": 1352
              }
            ]
          }
        ]
      }
    ]
  },
  "Planning Time": 3.555,
  "Triggers": [],
  "Execution Time": 3943.753
}