{
  "Plan": {
    "Node Type": "Aggregate",
    "Strategy": "Plain",
    "Partial Mode": "Finalize",
    "Parallel Aware": false,
    "Startup Cost": 50810.85,
    "Total Cost": 50810.86,
    "Plan Rows": 1,
    "Plan Width": 8,
    "Actual Startup Time": 33.179,
    "Actual Total Time": 36.092,
    "Actual Rows": 1,
    "Actual Loops": 1,
    "Plans": [
      {
        "Node Type": "Gather",
        "Parent Relationship": "Outer",
        "Parallel Aware": false,
        "Startup Cost": 50810.74,
        "Total Cost": 50810.85,
        "Plan Rows": 1,
        "Plan Width": 8,
        "Actual Startup Time": 32.944,
        "Actual Total Time": 36.086,
        "Actual Rows": 2,
        "Actual Loops": 1,
        "Workers Planned": 1,
        "Workers Launched": 1,
        "Single Copy": false,
        "Plans": [
          {
            "Node Type": "Aggregate",
            "Strategy": "Plain",
            "Partial Mode": "Partial",
            "Parent Relationship": "Outer",
            "Parallel Aware": false,
            "Startup Cost": 49810.74,
            "Total Cost": 49810.75,
            "Plan Rows": 1,
            "Plan Width": 8,
            "Actual Startup Time": 27.198,
            "Actual Total Time": 27.2,
            "Actual Rows": 1,
            "Actual Loops": 2,
            "Plans": [
              {
                "Node Type": "Nested Loop",
                "Parent Relationship": "Outer",
                "Parallel Aware": false,
                "Join Type": "Inner",
                "Startup Cost": 192.13,
                "Total Cost": 49797.97,
                "Plan Rows": 5106,
                "Plan Width": 0,
                "Actual Startup Time": 1.454,
                "Actual Total Time": 26.614,
                "Actual Rows": 3894,
                "Actual Loops": 2,
                "Inner Unique": true,
                "Plans": [
                  {
                    "Node Type": "Bitmap Heap Scan",
                    "Parent Relationship": "Outer",
                    "Parallel Aware": true,
                    "Relation Name": "movie_companies",
                    "Alias": "mc",
                    "Startup Cost": 191.7,
                    "Total Cost": 15502.89,
                    "Plan Rows": 5106,
                    "Plan Width": 4,
                    "Actual Startup Time": 1.324,
                    "Actual Total Time": 3.64,
                    "Actual Rows": 3894,
                    "Actual Loops": 2,
                    "Recheck Cond": "(company_id > 227491)",
                    "Rows Removed by Index Recheck": 0,
                    "Exact Heap Blocks": 288,
                    "Lossy Heap Blocks": 0,
                    "Plans": [
                      {
                        "Node Type": "Bitmap Index Scan",
                        "Parent Relationship": "Outer",
                        "Parallel Aware": false,
                        "Index Name": "company_id_movie_companies",
                        "Startup Cost": 0.0,
                        "Total Cost": 189.53,
                        "Plan Rows": 8680,
                        "Plan Width": 0,
                        "Actual Startup Time": 2.349,
                        "Actual Total Time": 2.349,
                        "Actual Rows": 7787,
                        "Actual Loops": 1,
                        "Index Cond": "(company_id > 227491)"
                      }
                    ]
                  },
                  {
                    "Node Type": "Index Only Scan",
                    "Parent Relationship": "Inner",
                    "Parallel Aware": false,
                    "Scan Direction": "Forward",
                    "Index Name": "title_pkey",
                    "Relation Name": "title",
                    "Alias": "t",
                    "Startup Cost": 0.43,
                    "Total Cost": 6.72,
                    "Plan Rows": 1,
                    "Plan Width": 4,
                    "Actual Startup Time": 0.005,
                    "Actual Total Time": 0.005,
                    "Actual Rows": 1,
                    "Actual Loops": 7787,
                    "Index Cond": "(id = mc.movie_id)",
                    "Rows Removed by Index Recheck": 0,
                    "Heap Fetches": 7787
                  }
                ]
              }
            ]
          }
        ]
      }
    ]
  },
  "Planning Time": 0.687,
  "Triggers": [],
  "Execution Time": 36.175
}