[
  {
    "Plan": {
      "Node Type": "Aggregate",
      "Strategy": "Plain",
      "Partial Mode": "Finalize",
      "Parallel Aware": false,
      "Startup Cost": 75132.26,
      "Total Cost": 75132.27,
      "Plan Rows": 1,
      "Plan Width": 8,
      "Actual Startup Time": 165.955,
      "Actual Total Time": 183.435,
      "Actual Rows": 1,
      "Actual Loops": 1,
      "Plans": [
        {
          "Node Type": "Gather",
          "Parent Relationship": "Outer",
          "Parallel Aware": false,
          "Startup Cost": 75131.94,
          "Total Cost": 75132.25,
          "Plan Rows": 3,
          "Plan Width": 8,
          "Actual Startup Time": 165.641,
          "Actual Total Time": 183.427,
          "Actual Rows": 4,
          "Actual Loops": 1,
          "Workers Planned": 3,
          "Workers Launched": 3,
          "Single Copy": false,
          "Plans": [
            {
              "Node Type": "Aggregate",
              "Strategy": "Plain",
              "Partial Mode": "Partial",
              "Parent Relationship": "Outer",
              "Parallel Aware": false,
              "Startup Cost": 74131.94,
              "Total Cost": 74131.95,
              "Plan Rows": 1,
              "Plan Width": 8,
              "Actual Startup Time": 161.85,
              "Actual Total Time": 161.856,
              "Actual Rows": 1,
              "Actual Loops": 4,
              "Plans": [
                {
                  "Node Type": "Nested Loop",
                  "Parent Relationship": "Outer",
                  "Parallel Aware": false,
                  "Join Type": "Inner",
                  "Startup Cost": 52692.95,
                  "Total Cost": 74131.45,
                  "Plan Rows": 195,
                  "Plan Width": 0,
                  "Actual Startup Time": 113.285,
                  "Actual Total Time": 161.385,
                  "Actual Rows": 7147,
                  "Actual Loops": 4,
                  "Inner Unique": false,
                  "Join Filter": "(t.id = mk.movie_id)",
                  "Rows Removed by Join Filter": 0,
                  "Plans": [
                    {
                      "Node Type": "Hash Join",
                      "Parent Relationship": "Outer",
                      "Parallel Aware": true,
                      "Join Type": "Inner",
                      "Startup Cost": 52692.52,
                      "Total Cost": 73234.46,
                      "Plan Rows": 343,
                      "Plan Width": 8,
                      "Actual Startup Time": 113.139,
                      "Actual Total Time": 144.403,
                      "Actual Rows": 1306,
                      "Actual Loops": 4,
                      "Inner Unique": true,
                      "Hash Cond": "(mc.movie_id = t.id)",
                      "Plans": [
                        {
                          "Node Type": "Bitmap Heap Scan",
                          "Parent Relationship": "Outer",
                          "Parallel Aware": true,
                          "Relation Name": "movie_companies",
                          "Alias": "mc",
                          "Startup Cost": 7163.48,
                          "Total Cost": 27561.6,
                          "Plan Rows": 54791,
                          "Plan Width": 4,
                          "Actual Startup Time": 20.74,
                          "Actual Total Time": 42.49,
                          "Actual Rows": 83235,
                          "Actual Loops": 4,
                          "Recheck Cond": "(company_id > 90275)",
                          "Rows Removed by Index Recheck": 0,
                          "Filter": "(company_type_id = 2)",
                          "Rows Removed by Filter": 0,
                          "Exact Heap Blocks": 1422,
                          "Lossy Heap Blocks": 0,
                          "Plans": [
                            {
                              "Node Type": "Bitmap Index Scan",
                              "Parent Relationship": "Outer",
                              "Parallel Aware": false,
                              "Index Name": "company_id_movie_companies",
                              "Startup Cost": 0.0,
                              "Total Cost": 7121.02,
                              "Plan Rows": 332345,
                              "Plan Width": 0,
                              "Actual Startup Time": 19.651,
                              "Actual Total Time": 19.652,
                              "Actual Rows": 332939,
                              "Actual Loops": 1,
                              "Index Cond": "(company_id > 90275)"
                            }
                          ]
                        },
                        {
                          "Node Type": "Hash",
                          "Parent Relationship": "Inner",
                          "Parallel Aware": true,
                          "Startup Cost": 45479.59,
                          "Total Cost": 45479.59,
                          "Plan Rows": 3956,
                          "Plan Width": 4,
                          "Actual Startup Time": 91.073,
                          "Actual Total Time": 91.074,
                          "Actual Rows": 2426,
                          "Actual Loops": 4,
                          "Hash Buckets": 16384,
                          "Original Hash Buckets": 16384,
                          "Hash Batches": 1,
                          "Original Hash Batches": 1,
                          "Peak Memory Usage": 576,
                          "Plans": [
                            {
                              "Node Type": "Seq Scan",
                              "Parent Relationship": "Outer",
                              "Parallel Aware": true,
                              "Relation Name": "title",
                              "Alias": "t",
                              "Startup Cost": 0.0,
                              "Total Cost": 45479.59,
                              "Plan Rows": 3956,
                              "Plan Width": 4,
                              "Actual Startup Time": 55.265,
                              "Actual Total Time": 89.884,
                              "Actual Rows": 2426,
                              "Actual Loops": 4,
                              "Filter": "((kind_id = 1) AND (production_year = 2002))",
                              "Rows Removed by Filter": 629652
                            }
                          ]
                        }
                      ]
                    },
                    {
                      "Node Type": "Index Scan",
                      "Parent Relationship": "Inner",
                      "Parallel Aware": false,
                      "Scan Direction": "Forward",
                      "Index Name": "movie_id_movie_keyword",
                      "Relation Name": "movie_keyword",
                      "Alias": "mk",
                      "Startup Cost": 0.43,
                      "Total Cost": 2.43,
                      "Plan Rows": 15,
                      "Plan Width": 4,
                      "Actual Startup Time": 0.009,
                      "Actual Total Time": 0.012,
                      "Actual Rows": 5,
                      "Actual Loops": 5226,
                      "Index Cond": "(movie_id = mc.movie_id)",
                      "Rows Removed by Index Recheck": 0,
                      "Filter": "(keyword_id < 2000)",
                      "Rows Removed by Filter": 12
                    }
                  ]
                }
              ]
            }
          ]
        }
      ]
    },
    "Planning Time": 0.965,
    "Triggers": [],
    "Execution Time": 183.51
  }
]