{
  "Plan": {
    "Node Type": "Aggregate",
    "Strategy": "Plain",
    "Partial Mode": "Finalize",
    "Parallel Aware": false,
    "Startup Cost": 102732.6,
    "Total Cost": 102732.61,
    "Plan Rows": 1,
    "Plan Width": 8,
    "Actual Startup Time": 458.398,
    "Actual Total Time": 471.933,
    "Actual Rows": 1,
    "Actual Loops": 1,
    "Plans": [
      {
        "Node Type": "Gather",
        "Parent Relationship": "Outer",
        "Parallel Aware": false,
        "Startup Cost": 102732.49,
        "Total Cost": 102732.6,
        "Plan Rows": 1,
        "Plan Width": 8,
        "Actual Startup Time": 457.17,
        "Actual Total Time": 471.925,
        "Actual Rows": 2,
        "Actual Loops": 1,
        "Workers Planned": 1,
        "Workers Launched": 1,
        "Single Copy": false,
        "Plans": [
          {
            "Node Type": "Aggregate",
            "Strategy": "Plain",
            "Partial Mode": "Partial",
            "Parent Relationship": "Outer",
            "Parallel Aware": false,
            "Startup Cost": 101732.49,
            "Total Cost": 101732.5,
            "Plan Rows": 1,
            "Plan Width": 8,
            "Actual Startup Time": 451.705,
            "Actual Total Time": 451.708,
            "Actual Rows": 1,
            "Actual Loops": 2,
            "Plans": [
              {
                "Node Type": "Hash Join",
                "Parent Relationship": "Outer",
                "Parallel Aware": true,
                "Join Type": "Inner",
                "Startup Cost": 61389.12,
                "Total Cost": 101409.45,
                "Plan Rows": 129216,
                "Plan Width": 0,
                "Actual Startup Time": 253.722,
                "Actual Total Time": 441.714,
                "Actual Rows": 246692,
                "Actual Loops": 2,
                "Inner Unique": true,
                "Hash Cond": "(mc.movie_id = t.id)",
                "Plans": [
                  {
                    "Node Type": "Seq Scan",
                    "Parent Relationship": "Outer",
                    "Parallel Aware": true,
                    "Relation Name": "movie_companies",
                    "Alias": "mc",
                    "Startup Cost": 0.0,
                    "Total Cost": 37974.77,
                    "Plan Rows": 779260,
                    "Plan Width": 4,
                    "Actual Startup Time": 44.671,
                    "Actual Total Time": 107.343,
                    "Actual Rows": 667442,
                    "Actual Loops": 2,
                    "Filter": "(company_type_id = 2)",
                    "Rows Removed by Filter": 637123
                  },
                  {
                    "Node Type": "Hash",
                    "Parent Relationship": "Inner",
                    "Parallel Aware": true,
                    "Startup Cost": 58306.47,
                    "Total Cost": 58306.47,
                    "Plan Rows": 246612,
                    "Plan Width": 4,
                    "Actual Startup Time": 203.274,
                    "Actual Total Time": 203.275,
                    "Actual Rows": 258984,
                    "Actual Loops": 2,
                    "Hash Buckets": 524288,
                    "Original Hash Buckets": 524288,
                    "Hash Batches": 1,
                    "Original Hash Batches": 1,
                    "Peak Memory Usage": 24384,
                    "Plans": [
                      {
                        "Node Type": "Seq Scan",
                        "Parent Relationship": "Outer",
                        "Parallel Aware": true,
                        "Relation Name": "title",
                        "Alias": "t",
                        "Startup Cost": 0.0,
                        "Total Cost": 58306.47,
                        "Plan Rows": 246612,
                        "Plan Width": 4,
                        "Actual Startup Time": 0.043,
                        "Actual Total Time": 147.213,
                        "Actual Rows": 258984,
                        "Actual Loops": 2,
                        "Filter": "((kind_id < 7) AND (production_year < 2001))",
                        "Rows Removed by Filter": 1005172
                      }
                    ]
                  }
                ]
              }
            ]
          }
        ]
      }
    ]
  },
  "Planning Time": 0.628,
  "Triggers": [],
  "Execution Time": 472.002
}