{
  "Plan": {
    "Node Type": "Aggregate",
    "Strategy": "Plain",
    "Partial Mode": "Finalize",
    "Parallel Aware": false,
    "Startup Cost": 151890.61,
    "Total Cost": 151890.62,
    "Plan Rows": 1,
    "Plan Width": 8,
    "Actual Startup Time": 788.143,
    "Actual Total Time": 811.214,
    "Actual Rows": 1,
    "Actual Loops": 1,
    "Plans": [
      {
        "Node Type": "Gather",
        "Parent Relationship": "Outer",
        "Parallel Aware": false,
        "Startup Cost": 151890.5,
        "Total Cost": 151890.61,
        "Plan Rows": 1,
        "Plan Width": 8,
        "Actual Startup Time": 787.391,
        "Actual Total Time": 811.204,
        "Actual Rows": 2,
        "Actual Loops": 1,
        "Workers Planned": 1,
        "Workers Launched": 1,
        "Single Copy": false,
        "Plans": [
          {
            "Node Type": "Aggregate",
            "Strategy": "Plain",
            "Partial Mode": "Partial",
            "Parent Relationship": "Outer",
            "Parallel Aware": false,
            "Startup Cost": 150890.5,
            "Total Cost": 150890.51,
            "Plan Rows": 1,
            "Plan Width": 8,
            "Actual Startup Time": 781.214,
            "Actual Total Time": 781.22,
            "Actual Rows": 1,
            "Actual Loops": 2,
            "Plans": [
              {
                "Node Type": "Hash Join",
                "Parent Relationship": "Outer",
                "Parallel Aware": true,
                "Join Type": "Inner",
                "Startup Cost": 88739.12,
                "Total Cost": 150560.41,
                "Plan Rows": 132035,
                "Plan Width": 0,
                "Actual Startup Time": 400.179,
                "Actual Total Time": 776.401,
                "Actual Rows": 90166,
                "Actual Loops": 2,
                "Inner Unique": false,
                "Hash Cond": "(mk.movie_id = t.id)",
                "Plans": [
                  {
                    "Node Type": "Seq Scan",
                    "Parent Relationship": "Outer",
                    "Parallel Aware": true,
                    "Relation Name": "movie_keyword",
                    "Alias": "mk",
                    "Startup Cost": 0.0,
                    "Total Cost": 51065.35,
                    "Plan Rows": 2661135,
                    "Plan Width": 4,
                    "Actual Startup Time": 0.007,
                    "Actual Total Time": 180.635,
                    "Actual Rows": 2261965,
                    "Actual Loops": 2
                  },
                  {
                    "Node Type": "Hash",
                    "Parent Relationship": "Inner",
                    "Parallel Aware": true,
                    "Startup Cost": 87816.73,
                    "Total Cost": 87816.73,
                    "Plan Rows": 73791,
                    "Plan Width": 8,
                    "Actual Startup Time": 397.855,
                    "Actual Total Time": 397.859,
                    "Actual Rows": 28850,
                    "Actual Loops": 2,
                    "Hash Buckets": 131072,
                    "Original Hash Buckets": 131072,
                    "Hash Batches": 1,
                    "Original Hash Batches": 1,
                    "Peak Memory Usage": 3296,
                    "Plans": [
                      {
                        "Node Type": "Hash Join",
                        "Parent Relationship": "Outer",
                        "Parallel Aware": true,
                        "Join Type": "Inner",
                        "Startup Cost": 27217.17,
                        "Total Cost": 87816.73,
                        "Plan Rows": 73791,
                        "Plan Width": 8,
                        "Actual Startup Time": 80.002,
                        "Actual Total Time": 387.487,
                        "Actual Rows": 28850,
                        "Actual Loops": 2,
                        "Inner Unique": false,
                        "Hash Cond": "(t.id = mc.movie_id)",
                        "Plans": [
                          {
                            "Node Type": "Seq Scan",
                            "Parent Relationship": "Outer",
                            "Parallel Aware": true,
                            "Relation Name": "title",
                            "Alias": "t",
                            "Startup Cost": 0.0,
                            "Total Cost": 50870.31,
                            "Plan Rows": 1487231,
                            "Plan Width": 4,
                            "Actual Startup Time": 0.012,
                            "Actual Total Time": 144.941,
                            "Actual Rows": 1264156,
                            "Actual Loops": 2
                          },
                          {
                            "Node Type": "Hash",
                            "Parent Relationship": "Inner",
                            "Parallel Aware": true,
                            "Startup Cost": 26294.78,
                            "Total Cost": 26294.78,
                            "Plan Rows": 73791,
                            "Plan Width": 4,
                            "Actual Startup Time": 78.811,
                            "Actual Total Time": 78.813,
                            "Actual Rows": 28850,
                            "Actual Loops": 2,
                            "Hash Buckets": 131072,
                            "Original Hash Buckets": 131072,
                            "Hash Batches": 1,
                            "Original Hash Batches": 1,
                            "Peak Memory Usage": 3296,
                            "Plans": [
                              {
                                "Node Type": "Bitmap Heap Scan",
                                "Parent Relationship": "Outer",
                                "Parallel Aware": true,
                                "Relation Name": "movie_companies",
                                "Alias": "mc",
                                "Startup Cost": 5324.79,
                                "Total Cost": 26294.78,
                                "Plan Rows": 73791,
                                "Plan Width": 4,
                                "Actual Startup Time": 58.347,
                                "Actual Total Time": 72.75,
                                "Actual Rows": 28850,
                                "Actual Loops": 2,
                                "Recheck Cond": "(company_id < 115)",
                                "Rows Removed by Index Recheck": 0,
                                "Filter": "(company_type_id > 1)",
                                "Rows Removed by Filter": 94171,
                                "Exact Heap Blocks": 14741,
                                "Lossy Heap Blocks": 0,
                                "Plans": [
                                  {
                                    "Node Type": "Bitmap Index Scan",
                                    "Parent Relationship": "Outer",
                                    "Parallel Aware": false,
                                    "Index Name": "company_id_movie_companies",
                                    "Startup Cost": 0.0,
                                    "Total Cost": 5293.43,
                                    "Plan Rows": 247066,
                                    "Plan Width": 0,
                                    "Actual Startup Time": 25.583,
                                    "Actual Total Time": 25.584,
                                    "Actual Rows": 246042,
                                    "Actual Loops": 1,
                                    "Index Cond": "(company_id < 115)"
                                  }
                                ]
                              }
                            ]
                          }
                        ]
                      }
                    ]
                  }
                ]
              }
            ]
          }
        ]
      }
    ]
  },
  "Planning Time": 1.107,
  "Triggers": [],
  "Execution Time": 811.365
}