{
  "Plan": {
    "Node Type": "Aggregate",
    "Strategy": "Plain",
    "Partial Mode": "Finalize",
    "Parallel Aware": false,
    "Startup Cost": 258625.19,
    "Total Cost": 258625.2,
    "Plan Rows": 1,
    "Plan Width": 8,
    "Actual Startup Time": 807.441,
    "Actual Total Time": 828.894,
    "Actual Rows": 1,
    "Actual Loops": 1,
    "Plans": [
      {
        "Node Type": "Gather",
        "Parent Relationship": "Outer",
        "Parallel Aware": false,
        "Startup Cost": 258625.07,
        "Total Cost": 258625.18,
        "Plan Rows": 1,
        "Plan Width": 8,
        "Actual Startup Time": 802.832,
        "Actual Total Time": 828.885,
        "Actual Rows": 2,
        "Actual Loops": 1,
        "Workers Planned": 1,
        "Workers Launched": 1,
        "Single Copy": false,
        "Plans": [
          {
            "Node Type": "Aggregate",
            "Strategy": "Plain",
            "Partial Mode": "Partial",
            "Parent Relationship": "Outer",
            "Parallel Aware": false,
            "Startup Cost": 257625.07,
            "Total Cost": 257625.08,
            "Plan Rows": 1,
            "Plan Width": 8,
            "Actual Startup Time": 788.04,
            "Actual Total Time": 788.046,
            "Actual Rows": 1,
            "Actual Loops": 2,
            "Plans": [
              {
                "Node Type": "Hash Join",
                "Parent Relationship": "Outer",
                "Parallel Aware": true,
                "Join Type": "Inner",
                "Startup Cost": 238144.73,
                "Total Cost": 257510.76,
                "Plan Rows": 45727,
                "Plan Width": 0,
                "Actual Startup Time": 655.683,
                "Actual Total Time": 781.972,
                "Actual Rows": 146744,
                "Actual Loops": 2,
                "Inner Unique": false,
                "Hash Cond": "(mi_idx.movie_id = t.id)",
                "Plans": [
                  {
                    "Node Type": "Seq Scan",
                    "Parent Relationship": "Outer",
                    "Parallel Aware": true,
                    "Relation Name": "movie_info_idx",
                    "Alias": "mi_idx",
                    "Startup Cost": 0.0,
                    "Total Cost": 16052.85,
                    "Plan Rows": 811785,
                    "Plan Width": 4,
                    "Actual Startup Time": 0.027,
                    "Actual Total Time": 50.588,
                    "Actual Rows": 690018,
                    "Actual Loops": 2
                  },
                  {
                    "Node Type": "Hash",
                    "Parent Relationship": "Inner",
                    "Parallel Aware": true,
                    "Startup Cost": 237097.55,
                    "Total Cost": 237097.55,
                    "Plan Rows": 83774,
                    "Plan Width": 8,
                    "Actual Startup Time": 651.956,
                    "Actual Total Time": 651.96,
                    "Actual Rows": 70032,
                    "Actual Loops": 2,
                    "Hash Buckets": 262144,
                    "Original Hash Buckets": 262144,
                    "Hash Batches": 1,
                    "Original Hash Batches": 1,
                    "Peak Memory Usage": 7552,
                    "Plans": [
                      {
                        "Node Type": "Hash Join",
                        "Parent Relationship": "Outer",
                        "Parallel Aware": true,
                        "Join Type": "Inner",
                        "Startup Cost": 72044.86,
                        "Total Cost": 237097.55,
                        "Plan Rows": 83774,
                        "Plan Width": 8,
                        "Actual Startup Time": 594.968,
                        "Actual Total Time": 635.15,
                        "Actual Rows": 70032,
                        "Actual Loops": 2,
                        "Inner Unique": true,
                        "Hash Cond": "(mi.movie_id = t.id)",
                        "Plans": [
                          {
                            "Node Type": "Bitmap Heap Scan",
                            "Parent Relationship": "Outer",
                            "Parallel Aware": true,
                            "Relation Name": "movie_info",
                            "Alias": "mi",
                            "Startup Cost": 2584.16,
                            "Total Cost": 167416.95,
                            "Plan Rows": 83774,
                            "Plan Width": 4,
                            "Actual Startup Time": 7.555,
                            "Actual Total Time": 16.34,
                            "Actual Rows": 70032,
                            "Actual Loops": 2,
                            "Recheck Cond": "(info_type_id = 9)",
                            "Rows Removed by Index Recheck": 0,
                            "Exact Heap Blocks": 850,
                            "Lossy Heap Blocks": 0,
                            "Plans": [
                              {
                                "Node Type": "Bitmap Index Scan",
                                "Parent Relationship": "Outer",
                                "Parallel Aware": false,
                                "Index Name": "info_type_id_movie_info",
                                "Startup Cost": 0.0,
                                "Total Cost": 2548.55,
                                "Plan Rows": 142416,
                                "Plan Width": 0,
                                "Actual Startup Time": 7.302,
                                "Actual Total Time": 7.302,
                                "Actual Rows": 140065,
                                "Actual Loops": 1,
                                "Index Cond": "(info_type_id = 9)"
                              }
                            ]
                          },
                          {
                            "Node Type": "Hash",
                            "Parent Relationship": "Inner",
                            "Parallel Aware": true,
                            "Startup Cost": 50870.31,
                            "Total Cost": 50870.31,
                            "Plan Rows": 1487231,
                            "Plan Width": 4,
                            "Actual Startup Time": 567.685,
                            "Actual Total Time": 567.685,
                            "Actual Rows": 1264156,
                            "Actual Loops": 2,
                            "Hash Buckets": 4194304,
                            "Original Hash Buckets": 4194304,
                            "Hash Batches": 1,
                            "Original Hash Batches": 1,
                            "Peak Memory Usage": 131712,
                            "Plans": [
                              {
                                "Node Type": "Seq Scan",
                                "Parent Relationship": "Outer",
                                "Parallel Aware": true,
                                "Relation Name": "title",
                                "Alias": "t",
                                "Startup Cost": 0.0,
                                "Total Cost": 50870.31,
                                "Plan Rows": 1487231,
                                "Plan Width": 4,
                                "Actual Startup Time": 0.038,
                                "Actual Total Time": 161.709,
                                "Actual Rows": 1264156,
                                "Actual Loops": 2
                              }
                            ]
                          }
                        ]
                      }
                    ]
                  }
                ]
              }
            ]
          }
        ]
      }
    ]
  },
  "Planning Time": 0.859,
  "Triggers": [],
  "Execution Time": 829.028
}