[
  {
    "Plan": {
      "Node Type": "Aggregate",
      "Strategy": "Plain",
      "Partial Mode": "Finalize",
      "Parallel Aware": false,
      "Startup Cost": 32235.78,
      "Total Cost": 32235.79,
      "Plan Rows": 1,
      "Plan Width": 8,
      "Actual Startup Time": 113.035,
      "Actual Total Time": 121.0,
      "Actual Rows": 1,
      "Actual Loops": 1,
      "Plans": [
        {
          "Node Type": "Gather",
          "Parent Relationship": "Outer",
          "Parallel Aware": false,
          "Startup Cost": 32235.46,
          "Total Cost": 32235.77,
          "Plan Rows": 3,
          "Plan Width": 8,
          "Actual Startup Time": 112.927,
          "Actual Total Time": 120.992,
          "Actual Rows": 4,
          "Actual Loops": 1,
          "Workers Planned": 3,
          "Workers Launched": 3,
          "Single Copy": false,
          "Plans": [
            {
              "Node Type": "Aggregate",
              "Strategy": "Plain",
              "Partial Mode": "Partial",
              "Parent Relationship": "Outer",
              "Parallel Aware": false,
              "Startup Cost": 31235.46,
              "Total Cost": 31235.47,
              "Plan Rows": 1,
              "Plan Width": 8,
              "Actual Startup Time": 107.481,
              "Actual Total Time": 107.482,
              "Actual Rows": 1,
              "Actual Loops": 4,
              "Plans": [
                {
                  "Node Type": "Seq Scan",
                  "Parent Relationship": "Outer",
                  "Parallel Aware": true,
                  "Relation Name": "movie_companies",
                  "Alias": "mc",
                  "Startup Cost": 0.0,
                  "Total Cost": 29310.68,
                  "Plan Rows": 769913,
                  "Plan Width": 0,
                  "Actual Startup Time": 0.027,
                  "Actual Total Time": 80.471,
                  "Actual Rows": 597364,
                  "Actual Loops": 4,
                  "Filter": "(company_id < 108078)",
                  "Rows Removed by Filter": 54918
                }
              ]
            }
          ]
        }
      ]
    },
    "Planning Time": 0.192,
    "Triggers": [],
    "Execution Time": 121.079
  }
]