[
  {
    "Plan": {
      "Node Type": "Aggregate",
      "Strategy": "Plain",
      "Partial Mode": "Finalize",
      "Parallel Aware": false,
      "Startup Cost": 96443.43,
      "Total Cost": 96443.44,
      "Plan Rows": 1,
      "Plan Width": 8,
      "Actual Startup Time": 518.826,
      "Actual Total Time": 526.393,
      "Actual Rows": 1,
      "Actual Loops": 1,
      "Plans": [
        {
          "Node Type": "Gather",
          "Parent Relationship": "Outer",
          "Parallel Aware": false,
          "Startup Cost": 96443.22,
          "Total Cost": 96443.43,
          "Plan Rows": 2,
          "Plan Width": 8,
          "Actual Startup Time": 516.525,
          "Actual Total Time": 526.387,
          "Actual Rows": 3,
          "Actual Loops": 1,
          "Workers Planned": 2,
          "Workers Launched": 2,
          "Single Copy": false,
          "Plans": [
            {
              "Node Type": "Aggregate",
              "Strategy": "Plain",
              "Partial Mode": "Partial",
              "Parent Relationship": "Outer",
              "Parallel Aware": false,
              "Startup Cost": 95443.22,
              "Total Cost": 95443.23,
              "Plan Rows": 1,
              "Plan Width": 8,
              "Actual Startup Time": 513.299,
              "Actual Total Time": 513.303,
              "Actual Rows": 1,
              "Actual Loops": 3,
              "Plans": [
                {
                  "Node Type": "Hash Join",
                  "Parent Relationship": "Outer",
                  "Parallel Aware": true,
                  "Join Type": "Inner",
                  "Startup Cost": 79162.7,
                  "Total Cost": 95251.52,
                  "Plan Rows": 76680,
                  "Plan Width": 0,
                  "Actual Startup Time": 383.633,
                  "Actual Total Time": 500.76,
                  "Actual Rows": 266692,
                  "Actual Loops": 3,
                  "Inner Unique": false,
                  "Hash Cond": "(mi_idx.movie_id = t.id)",
                  "Plans": [
                    {
                      "Node Type": "Seq Scan",
                      "Parent Relationship": "Outer",
                      "Parallel Aware": true,
                      "Relation Name": "movie_info_idx",
                      "Alias": "mi_idx",
                      "Startup Cost": 0.0,
                      "Total Cost": 13685.15,
                      "Plan Rows": 575015,
                      "Plan Width": 4,
                      "Actual Startup Time": 0.02,
                      "Actual Total Time": 37.817,
                      "Actual Rows": 460012,
                      "Actual Loops": 3
                    },
                    {
                      "Node Type": "Hash",
                      "Parent Relationship": "Inner",
                      "Parallel Aware": true,
                      "Startup Cost": 77803.18,
                      "Total Cost": 77803.18,
                      "Plan Rows": 108762,
                      "Plan Width": 8,
                      "Actual Startup Time": 381.607,
                      "Actual Total Time": 381.61,
                      "Actual Rows": 135212,
                      "Actual Loops": 3,
                      "Hash Buckets": 524288,
                      "Original Hash Buckets": 524288,
                      "Hash Batches": 1,
                      "Original Hash Batches": 1,
                      "Peak Memory Usage": 20032,
                      "Plans": [
                        {
                          "Node Type": "Hash Join",
                          "Parent Relationship": "Outer",
                          "Parallel Aware": true,
                          "Join Type": "Inner",
                          "Startup Cost": 47105.2,
                          "Total Cost": 77803.18,
                          "Plan Rows": 108762,
                          "Plan Width": 8,
                          "Actual Startup Time": 154.575,
                          "Actual Total Time": 347.109,
                          "Actual Rows": 135212,
                          "Actual Loops": 3,
                          "Inner Unique": true,
                          "Hash Cond": "(mc.movie_id = t.id)",
                          "Plans": [
                            {
                              "Node Type": "Seq Scan",
                              "Parent Relationship": "Outer",
                              "Parallel Aware": true,
                              "Relation Name": "movie_companies",
                              "Alias": "mc",
                              "Startup Cost": 0.0,
                              "Total Cost": 29310.68,
                              "Plan Rows": 528496,
                              "Plan Width": 4,
                              "Actual Startup Time": 0.015,
                              "Actual Total Time": 89.437,
                              "Actual Rows": 544915,
                              "Actual Loops": 3,
                              "Filter": "(company_id < 17542)",
                              "Rows Removed by Filter": 324794
                            },
                            {
                              "Node Type": "Hash",
                              "Parent Relationship": "Inner",
                              "Parallel Aware": true,
                              "Startup Cost": 45479.21,
                              "Total Cost": 45479.21,
                              "Plan Rows": 130079,
                              "Plan Width": 4,
                              "Actual Startup Time": 153.166,
                              "Actual Total Time": 153.167,
                              "Actual Rows": 146973,
                              "Actual Loops": 3,
                              "Hash Buckets": 524288,
                              "Original Hash Buckets": 524288,
                              "Hash Batches": 1,
                              "Original Hash Batches": 1,
                              "Peak Memory Usage": 21376,
                              "Plans": [
                                {
                                  "Node Type": "Seq Scan",
                                  "Parent Relationship": "Outer",
                                  "Parallel Aware": true,
                                  "Relation Name": "title",
                                  "Alias": "t",
                                  "Startup Cost": 0.0,
                                  "Total Cost": 45479.21,
                                  "Plan Rows": 130079,
                                  "Plan Width": 4,
                                  "Actual Startup Time": 0.02,
                                  "Actual Total Time": 107.623,
                                  "Actual Rows": 146973,
                                  "Actual Loops": 3,
                                  "Filter": "((kind_id < 7) AND (production_year > 2001))",
                                  "Rows Removed by Filter": 695798
                                }
                              ]
                            }
                          ]
                        }
                      ]
                    }
                  ]
                }
              ]
            }
          ]
        }
      ]
    },
    "Planning Time": 0.522,
    "Triggers": [],
    "Execution Time": 526.432
  }
]