[
    {
        "Bao": {
            "Bao prediction": 653.764,
            "Bao recommended hint": "(no hint)"
        }
    },
    {
        "Plan": {
            "Node Type": "Aggregate",
            "Strategy": "Plain",
            "Partial Mode": "Finalize",
            "Parallel Aware": false,
            "Startup Cost": 33803.78,
            "Total Cost": 33803.79,
            "Plan Rows": 1,
            "Plan Width": 8,
            "Actual Startup Time": 134.355,
            "Actual Total Time": 143.02,
            "Actual Rows": 1,
            "Actual Loops": 1,
            "Output": [
                "count(*)"
            ],
            "Plans": [
                {
                    "Node Type": "Gather",
                    "Parent Relationship": "Outer",
                    "Parallel Aware": false,
                    "Startup Cost": 33803.47,
                    "Total Cost": 33803.78,
                    "Plan Rows": 3,
                    "Plan Width": 8,
                    "Actual Startup Time": 134.068,
                    "Actual Total Time": 143.011,
                    "Actual Rows": 4,
                    "Actual Loops": 1,
                    "Output": [
                        "(PARTIAL count(*))"
                    ],
                    "Workers Planned": 3,
                    "Workers Launched": 3,
                    "Single Copy": false,
                    "Plans": [
                        {
                            "Node Type": "Aggregate",
                            "Strategy": "Plain",
                            "Partial Mode": "Partial",
                            "Parent Relationship": "Outer",
                            "Parallel Aware": false,
                            "Startup Cost": 32803.47,
                            "Total Cost": 32803.48,
                            "Plan Rows": 1,
                            "Plan Width": 8,
                            "Actual Startup Time": 125.271,
                            "Actual Total Time": 125.273,
                            "Actual Rows": 1,
                            "Actual Loops": 4,
                            "Output": [
                                "PARTIAL count(*)"
                            ],
                            "Workers": [
                                {
                                    "Worker Number": 0,
                                    "Actual Startup Time": 122.515,
                                    "Actual Total Time": 122.516,
                                    "Actual Rows": 1,
                                    "Actual Loops": 1
                                },
                                {
                                    "Worker Number": 1,
                                    "Actual Startup Time": 122.543,
                                    "Actual Total Time": 122.544,
                                    "Actual Rows": 1,
                                    "Actual Loops": 1
                                },
                                {
                                    "Worker Number": 2,
                                    "Actual Startup Time": 122.534,
                                    "Actual Total Time": 122.536,
                                    "Actual Rows": 1,
                                    "Actual Loops": 1
                                }
                            ],
                            "Plans": [
                                {
                                    "Node Type": "Bitmap Heap Scan",
                                    "Parent Relationship": "Outer",
                                    "Parallel Aware": true,
                                    "Relation Name": "movie_keyword",
                                    "Schema": "public",
                                    "Alias": "mk",
                                    "Startup Cost": 6799.29,
                                    "Total Cost": 32545.1,
                                    "Plan Rows": 103345,
                                    "Plan Width": 0,
                                    "Actual Startup Time": 49.937,
                                    "Actual Total Time": 118.849,
                                    "Actual Rows": 79253,
                                    "Actual Loops": 4,
                                    "Recheck Cond": "(mk.keyword_id > 51460)",
                                    "Rows Removed by Index Recheck": 0,
                                    "Exact Heap Blocks": 9330,
                                    "Lossy Heap Blocks": 0,
                                    "Workers": [
                                        {
                                            "Worker Number": 0,
                                            "Actual Startup Time": 47.325,
                                            "Actual Total Time": 117.053,
                                            "Actual Rows": 57140,
                                            "Actual Loops": 1
                                        },
                                        {
                                            "Worker Number": 1,
                                            "Actual Startup Time": 47.299,
                                            "Actual Total Time": 116.852,
                                            "Actual Rows": 62428,
                                            "Actual Loops": 1
                                        },
                                        {
                                            "Worker Number": 2,
                                            "Actual Startup Time": 47.263,
                                            "Actual Total Time": 116.823,
                                            "Actual Rows": 62674,
                                            "Actual Loops": 1
                                        }
                                    ],
                                    "Plans": [
                                        {
                                            "Node Type": "Bitmap Index Scan",
                                            "Parent Relationship": "Outer",
                                            "Parallel Aware": false,
                                            "Index Name": "keyword_id_movie_keyword",
                                            "Startup Cost": 0.0,
                                            "Total Cost": 6719.2,
                                            "Plan Rows": 320369,
                                            "Plan Width": 0,
                                            "Actual Startup Time": 52.727,
                                            "Actual Total Time": 52.728,
                                            "Actual Rows": 317012,
                                            "Actual Loops": 1,
                                            "Index Cond": "(mk.keyword_id > 51460)"
                                        }
                                    ]
                                }
                            ]
                        }
                    ]
                }
            ]
        },
        "Planning Time": 1656.047,
        "Triggers": [],
        "Execution Time": 143.14
    }
]