[
    {
        "Bao": {
            "Bao prediction": "NaN",
            "Bao recommended hint": "(no hint)"
        }
    },
    {
        "Plan": {
            "Node Type": "Aggregate",
            "Strategy": "Plain",
            "Partial Mode": "Finalize",
            "Parallel Aware": false,
            "Startup Cost": 31799.32,
            "Total Cost": 31799.33,
            "Plan Rows": 1,
            "Plan Width": 8,
            "Actual Startup Time": 77.237,
            "Actual Total Time": 84.582,
            "Actual Rows": 1,
            "Actual Loops": 1,
            "Output": [
                "count(*)"
            ],
            "Plans": [
                {
                    "Node Type": "Gather",
                    "Parent Relationship": "Outer",
                    "Parallel Aware": false,
                    "Startup Cost": 31799.0,
                    "Total Cost": 31799.31,
                    "Plan Rows": 3,
                    "Plan Width": 8,
                    "Actual Startup Time": 77.029,
                    "Actual Total Time": 84.575,
                    "Actual Rows": 4,
                    "Actual Loops": 1,
                    "Output": [
                        "(PARTIAL count(*))"
                    ],
                    "Workers Planned": 3,
                    "Workers Launched": 3,
                    "Single Copy": false,
                    "Plans": [
                        {
                            "Node Type": "Aggregate",
                            "Strategy": "Plain",
                            "Partial Mode": "Partial",
                            "Parent Relationship": "Outer",
                            "Parallel Aware": false,
                            "Startup Cost": 30799.0,
                            "Total Cost": 30799.01,
                            "Plan Rows": 1,
                            "Plan Width": 8,
                            "Actual Startup Time": 68.698,
                            "Actual Total Time": 68.7,
                            "Actual Rows": 1,
                            "Actual Loops": 4,
                            "Output": [
                                "PARTIAL count(*)"
                            ],
                            "Workers": [
                                {
                                    "Worker Number": 0,
                                    "Actual Startup Time": 65.806,
                                    "Actual Total Time": 65.808,
                                    "Actual Rows": 1,
                                    "Actual Loops": 1
                                },
                                {
                                    "Worker Number": 1,
                                    "Actual Startup Time": 66.048,
                                    "Actual Total Time": 66.05,
                                    "Actual Rows": 1,
                                    "Actual Loops": 1
                                },
                                {
                                    "Worker Number": 2,
                                    "Actual Startup Time": 66.145,
                                    "Actual Total Time": 66.146,
                                    "Actual Rows": 1,
                                    "Actual Loops": 1
                                }
                            ],
                            "Plans": [
                                {
                                    "Node Type": "Bitmap Heap Scan",
                                    "Parent Relationship": "Outer",
                                    "Parallel Aware": true,
                                    "Relation Name": "movie_keyword",
                                    "Schema": "public",
                                    "Alias": "mk",
                                    "Startup Cost": 5167.08,
                                    "Total Cost": 30602.68,
                                    "Plan Rows": 78528,
                                    "Plan Width": 0,
                                    "Actual Startup Time": 11.326,
                                    "Actual Total Time": 64.995,
                                    "Actual Rows": 59686,
                                    "Actual Loops": 4,
                                    "Recheck Cond": "(mk.keyword_id > 62076)",
                                    "Rows Removed by Index Recheck": 0,
                                    "Exact Heap Blocks": 11330,
                                    "Lossy Heap Blocks": 0,
                                    "Workers": [
                                        {
                                            "Worker Number": 0,
                                            "Actual Startup Time": 8.582,
                                            "Actual Total Time": 62.453,
                                            "Actual Rows": 38441,
                                            "Actual Loops": 1
                                        },
                                        {
                                            "Worker Number": 1,
                                            "Actual Startup Time": 8.703,
                                            "Actual Total Time": 62.798,
                                            "Actual Rows": 37935,
                                            "Actual Loops": 1
                                        },
                                        {
                                            "Worker Number": 2,
                                            "Actual Startup Time": 8.808,
                                            "Actual Total Time": 63.124,
                                            "Actual Rows": 33686,
                                            "Actual Loops": 1
                                        }
                                    ],
                                    "Plans": [
                                        {
                                            "Node Type": "Bitmap Index Scan",
                                            "Parent Relationship": "Outer",
                                            "Parallel Aware": false,
                                            "Index Name": "keyword_id_movie_keyword",
                                            "Startup Cost": 0.0,
                                            "Total Cost": 5106.22,
                                            "Plan Rows": 243438,
                                            "Plan Width": 0,
                                            "Actual Startup Time": 16.217,
                                            "Actual Total Time": 16.218,
                                            "Actual Rows": 238745,
                                            "Actual Loops": 1,
                                            "Index Cond": "(mk.keyword_id > 62076)"
                                        }
                                    ]
                                }
                            ]
                        }
                    ]
                }
            ]
        },
        "Planning Time": 184.444,
        "Triggers": [],
        "Execution Time": 84.634
    }
]