[
  {
    "Plan": {
      "Node Type": "Aggregate",
      "Strategy": "Plain",
      "Partial Mode": "Finalize",
      "Parallel Aware": false,
      "Startup Cost": 47145.44,
      "Total Cost": 47145.45,
      "Plan Rows": 1,
      "Plan Width": 8,
      "Actual Startup Time": 187.105,
      "Actual Total Time": 194.631,
      "Actual Rows": 1,
      "Actual Loops": 1,
      "Plans": [
        {
          "Node Type": "Gather",
          "Parent Relationship": "Outer",
          "Parallel Aware": false,
          "Startup Cost": 47145.12,
          "Total Cost": 47145.43,
          "Plan Rows": 3,
          "Plan Width": 8,
          "Actual Startup Time": 187.051,
          "Actual Total Time": 194.623,
          "Actual Rows": 4,
          "Actual Loops": 1,
          "Workers Planned": 3,
          "Workers Launched": 3,
          "Single Copy": false,
          "Plans": [
            {
              "Node Type": "Aggregate",
              "Strategy": "Plain",
              "Partial Mode": "Partial",
              "Parent Relationship": "Outer",
              "Parallel Aware": false,
              "Startup Cost": 46145.12,
              "Total Cost": 46145.13,
              "Plan Rows": 1,
              "Plan Width": 8,
              "Actual Startup Time": 180.486,
              "Actual Total Time": 180.487,
              "Actual Rows": 1,
              "Actual Loops": 4,
              "Plans": [
                {
                  "Node Type": "Seq Scan",
                  "Parent Relationship": "Outer",
                  "Parallel Aware": true,
                  "Relation Name": "movie_keyword",
                  "Alias": "mk",
                  "Startup Cost": 0.0,
                  "Total Cost": 42695.65,
                  "Plan Rows": 1379786,
                  "Plan Width": 0,
                  "Actual Startup Time": 0.052,
                  "Actual Total Time": 128.665,
                  "Actual Rows": 1071894,
                  "Actual Loops": 4,
                  "Filter": "(keyword_id < 62462)",
                  "Rows Removed by Filter": 59088
                }
              ]
            }
          ]
        }
      ]
    },
    "Planning Time": 0.16,
    "Triggers": [],
    "Execution Time": 194.684
  }
]