{
  "Plan": {
    "Node Type": "Aggregate",
    "Strategy": "Plain",
    "Partial Mode": "Finalize",
    "Parallel Aware": false,
    "Startup Cost": 108601.33,
    "Total Cost": 108601.34,
    "Plan Rows": 1,
    "Plan Width": 8,
    "Actual Startup Time": 522.319,
    "Actual Total Time": 546.236,
    "Actual Rows": 1,
    "Actual Loops": 1,
    "Plans": [
      {
        "Node Type": "Gather",
        "Parent Relationship": "Outer",
        "Parallel Aware": false,
        "Startup Cost": 108601.21,
        "Total Cost": 108601.32,
        "Plan Rows": 1,
        "Plan Width": 8,
        "Actual Startup Time": 520.666,
        "Actual Total Time": 546.229,
        "Actual Rows": 2,
        "Actual Loops": 1,
        "Workers Planned": 1,
        "Workers Launched": 1,
        "Single Copy": false,
        "Plans": [
          {
            "Node Type": "Aggregate",
            "Strategy": "Plain",
            "Partial Mode": "Partial",
            "Parent Relationship": "Outer",
            "Parallel Aware": false,
            "Startup Cost": 107601.21,
            "Total Cost": 107601.22,
            "Plan Rows": 1,
            "Plan Width": 8,
            "Actual Startup Time": 514.321,
            "Actual Total Time": 514.324,
            "Actual Rows": 1,
            "Actual Loops": 2,
            "Plans": [
              {
                "Node Type": "Nested Loop",
                "Parent Relationship": "Outer",
                "Parallel Aware": false,
                "Join Type": "Inner",
                "Startup Cost": 63315.62,
                "Total Cost": 107596.2,
                "Plan Rows": 2004,
                "Plan Width": 0,
                "Actual Startup Time": 258.704,
                "Actual Total Time": 513.817,
                "Actual Rows": 5505,
                "Actual Loops": 2,
                "Inner Unique": false,
                "Plans": [
                  {
                    "Node Type": "Hash Join",
                    "Parent Relationship": "Outer",
                    "Parallel Aware": true,
                    "Join Type": "Inner",
                    "Startup Cost": 63315.19,
                    "Total Cost": 89104.0,
                    "Plan Rows": 26316,
                    "Plan Width": 8,
                    "Actual Startup Time": 258.605,
                    "Actual Total Time": 334.689,
                    "Actual Rows": 55783,
                    "Actual Loops": 2,
                    "Inner Unique": true,
                    "Hash Cond": "(mk.movie_id = t.id)",
                    "Plans": [
                      {
                        "Node Type": "Bitmap Heap Scan",
                        "Parent Relationship": "Outer",
                        "Parallel Aware": true,
                        "Relation Name": "movie_keyword",
                        "Alias": "mk",
                        "Startup Cost": 3183.15,
                        "Total Cost": 28740.3,
                        "Plan Rows": 88252,
                        "Plan Width": 4,
                        "Actual Startup Time": 12.126,
                        "Actual Total Time": 55.75,
                        "Actual Rows": 81904,
                        "Actual Loops": 2,
                        "Recheck Cond": "(keyword_id < 121)",
                        "Rows Removed by Index Recheck": 0,
                        "Exact Heap Blocks": 12997,
                        "Lossy Heap Blocks": 0,
                        "Plans": [
                          {
                            "Node Type": "Bitmap Index Scan",
                            "Parent Relationship": "Outer",
                            "Parallel Aware": false,
                            "Index Name": "keyword_id_movie_keyword",
                            "Startup Cost": 0.0,
                            "Total Cost": 3145.64,
                            "Plan Rows": 150028,
                            "Plan Width": 0,
                            "Actual Startup Time": 8.733,
                            "Actual Total Time": 8.734,
                            "Actual Rows": 163809,
                            "Actual Loops": 1,
                            "Index Cond": "(keyword_id < 121)"
                          }
                        ]
                      },
                      {
                        "Node Type": "Hash",
                        "Parent Relationship": "Inner",
                        "Parallel Aware": true,
                        "Startup Cost": 54588.39,
                        "Total Cost": 54588.39,
                        "Plan Rows": 443492,
                        "Plan Width": 4,
                        "Actual Startup Time": 237.253,
                        "Actual Total Time": 237.254,
                        "Actual Rows": 376838,
                        "Actual Loops": 2,
                        "Hash Buckets": 1048576,
                        "Original Hash Buckets": 1048576,
                        "Hash Batches": 1,
                        "Original Hash Batches": 1,
                        "Peak Memory Usage": 37696,
                        "Plans": [
                          {
                            "Node Type": "Seq Scan",
                            "Parent Relationship": "Outer",
                            "Parallel Aware": true,
                            "Relation Name": "title",
                            "Alias": "t",
                            "Startup Cost": 0.0,
                            "Total Cost": 54588.39,
                            "Plan Rows": 443492,
                            "Plan Width": 4,
                            "Actual Startup Time": 0.037,
                            "Actual Total Time": 148.201,
                            "Actual Rows": 376838,
                            "Actual Loops": 2,
                            "Filter": "(kind_id < 3)",
                            "Rows Removed by Filter": 887318
                          }
                        ]
                      }
                    ]
                  },
                  {
                    "Node Type": "Index Scan",
                    "Parent Relationship": "Inner",
                    "Parallel Aware": false,
                    "Scan Direction": "Forward",
                    "Index Name": "movie_id_movie_companies",
                    "Relation Name": "movie_companies",
                    "Alias": "mc",
                    "Startup Cost": 0.43,
                    "Total Cost": 0.69,
                    "Plan Rows": 1,
                    "Plan Width": 4,
                    "Actual Startup Time": 0.003,
                    "Actual Total Time": 0.003,
                    "Actual Rows": 0,
                    "Actual Loops": 111566,
                    "Index Cond": "(movie_id = t.id)",
                    "Rows Removed by Index Recheck": 0,
                    "Filter": "((company_id < 225) AND (company_type_id = 2))",
                    "Rows Removed by Filter": 7
                  }
                ]
              }
            ]
          }
        ]
      }
    ]
  },
  "Planning Time": 1.196,
  "Triggers": [],
  "Execution Time": 546.356
}