[
  {
    "Plan": {
      "Node Type": "Aggregate",
      "Strategy": "Plain",
      "Partial Mode": "Finalize",
      "Parallel Aware": false,
      "Startup Cost": 508399.39,
      "Total Cost": 508399.4,
      "Plan Rows": 1,
      "Plan Width": 8,
      "Actual Startup Time": 643.178,
      "Actual Total Time": 673.447,
      "Actual Rows": 1,
      "Actual Loops": 1,
      "Plans": [
        {
          "Node Type": "Gather",
          "Parent Relationship": "Outer",
          "Parallel Aware": false,
          "Startup Cost": 508398.86,
          "Total Cost": 508399.37,
          "Plan Rows": 5,
          "Plan Width": 8,
          "Actual Startup Time": 621.009,
          "Actual Total Time": 673.436,
          "Actual Rows": 6,
          "Actual Loops": 1,
          "Workers Planned": 5,
          "Workers Launched": 5,
          "Single Copy": false,
          "Plans": [
            {
              "Node Type": "Aggregate",
              "Strategy": "Plain",
              "Partial Mode": "Partial",
              "Parent Relationship": "Outer",
              "Parallel Aware": false,
              "Startup Cost": 507398.86,
              "Total Cost": 507398.87,
              "Plan Rows": 1,
              "Plan Width": 8,
              "Actual Startup Time": 611.522,
              "Actual Total Time": 611.639,
              "Actual Rows": 1,
              "Actual Loops": 6,
              "Plans": [
                {
                  "Node Type": "Hash Join",
                  "Parent Relationship": "Outer",
                  "Parallel Aware": true,
                  "Join Type": "Inner",
                  "Startup Cost": 342470.26,
                  "Total Cost": 507248.08,
                  "Plan Rows": 60312,
                  "Plan Width": 0,
                  "Actual Startup Time": 536.805,
                  "Actual Total Time": 608.002,
                  "Actual Rows": 73107,
                  "Actual Loops": 6,
                  "Inner Unique": false,
                  "Hash Cond": "(mi.movie_id = t.id)",
                  "Plans": [
                    {
                      "Node Type": "Bitmap Heap Scan",
                      "Parent Relationship": "Outer",
                      "Parallel Aware": true,
                      "Relation Name": "movie_info",
                      "Alias": "mi",
                      "Startup Cost": 14929.45,
                      "Total Cost": 178987.3,
                      "Plan Rows": 165188,
                      "Plan Width": 4,
                      "Actual Startup Time": 23.423,
                      "Actual Total Time": 41.646,
                      "Actual Rows": 133690,
                      "Actual Loops": 6,
                      "Recheck Cond": "(info_type_id = 1)",
                      "Rows Removed by Index Recheck": 0,
                      "Exact Heap Blocks": 1004,
                      "Lossy Heap Blocks": 0,
                      "Plans": [
                        {
                          "Node Type": "Bitmap Index Scan",
                          "Parent Relationship": "Outer",
                          "Parallel Aware": false,
                          "Index Name": "info_type_id_movie_info",
                          "Startup Cost": 0.0,
                          "Total Cost": 14722.97,
                          "Plan Rows": 825938,
                          "Plan Width": 0,
                          "Actual Startup Time": 22.682,
                          "Actual Total Time": 22.683,
                          "Actual Rows": 802140,
                          "Actual Loops": 1,
                          "Index Cond": "(info_type_id = 1)"
                        }
                      ]
                    },
                    {
                      "Node Type": "Hash",
                      "Parent Relationship": "Inner",
                      "Parallel Aware": true,
                      "Startup Cost": 325617.56,
                      "Total Cost": 325617.56,
                      "Plan Rows": 153860,
                      "Plan Width": 8,
                      "Actual Startup Time": 510.778,
                      "Actual Total Time": 510.891,
                      "Actual Rows": 158875,
                      "Actual Loops": 6,
                      "Hash Buckets": 1048576,
                      "Original Hash Buckets": 1048576,
                      "Hash Batches": 1,
                      "Original Hash Batches": 1,
                      "Peak Memory Usage": 45600,
                      "Plans": [
                        {
                          "Node Type": "Hash Join",
                          "Parent Relationship": "Outer",
                          "Parallel Aware": true,
                          "Join Type": "Inner",
                          "Startup Cost": 70603.43,
                          "Total Cost": 325617.56,
                          "Plan Rows": 153860,
                          "Plan Width": 8,
                          "Actual Startup Time": 316.833,
                          "Actual Total Time": 443.046,
                          "Actual Rows": 158875,
                          "Actual Loops": 6,
                          "Inner Unique": true,
                          "Hash Cond": "(ci.movie_id = t.id)",
                          "Plans": [
                            {
                              "Node Type": "Bitmap Heap Scan",
                              "Parent Relationship": "Outer",
                              "Parallel Aware": true,
                              "Relation Name": "cast_info",
                              "Alias": "ci",
                              "Startup Cost": 20383.05,
                              "Total Cost": 274993.3,
                              "Plan Rows": 153860,
                              "Plan Width": 4,
                              "Actual Startup Time": 29.861,
                              "Actual Total Time": 62.521,
                              "Actual Rows": 158875,
                              "Actual Loops": 6,
                              "Recheck Cond": "(person_id < 98752)",
                              "Rows Removed by Index Recheck": 0,
                              "Exact Heap Blocks": 2102,
                              "Lossy Heap Blocks": 0,
                              "Plans": [
                                {
                                  "Node Type": "Bitmap Index Scan",
                                  "Parent Relationship": "Outer",
                                  "Parallel Aware": false,
                                  "Index Name": "person_id_cast_info",
                                  "Startup Cost": 0.0,
                                  "Total Cost": 20152.26,
                                  "Plan Rows": 923159,
                                  "Plan Width": 0,
                                  "Actual Startup Time": 28.364,
                                  "Actual Total Time": 28.365,
                                  "Actual Rows": 953248,
                                  "Actual Loops": 1,
                                  "Index Cond": "(person_id < 98752)"
                                }
                              ]
                            },
                            {
                              "Node Type": "Hash",
                              "Parent Relationship": "Inner",
                              "Parallel Aware": true,
                              "Startup Cost": 42319.06,
                              "Total Cost": 42319.06,
                              "Plan Rows": 632106,
                              "Plan Width": 4,
                              "Actual Startup Time": 282.307,
                              "Actual Total Time": 282.309,
                              "Actual Rows": 421385,
                              "Actual Loops": 6,
                              "Hash Buckets": 4194304,
                              "Original Hash Buckets": 4194304,
                              "Hash Batches": 1,
                              "Original Hash Batches": 1,
                              "Peak Memory Usage": 131776,
                              "Plans": [
                                {
                                  "Node Type": "Seq Scan",
                                  "Parent Relationship": "Outer",
                                  "Parallel Aware": true,
                                  "Relation Name": "title",
                                  "Alias": "t",
                                  "Startup Cost": 0.0,
                                  "Total Cost": 42319.06,
                                  "Plan Rows": 632106,
                                  "Plan Width": 4,
                                  "Actual Startup Time": 0.059,
                                  "Actual Total Time": 81.278,
                                  "Actual Rows": 421385,
                                  "Actual Loops": 6
                                }
                              ]
                            }
                          ]
                        }
                      ]
                    }
                  ]
                }
              ]
            }
          ]
        }
      ]
    },
    "Planning Time": 0.829,
    "Triggers": [],
    "Execution Time": 673.517
  }
]