[
  {
    "Plan": {
      "Node Type": "Aggregate",
      "Strategy": "Plain",
      "Partial Mode": "Finalize",
      "Parallel Aware": false,
      "Startup Cost": 347025.79,
      "Total Cost": 347025.8,
      "Plan Rows": 1,
      "Plan Width": 8,
      "Actual Startup Time": 705.752,
      "Actual Total Time": 768.458,
      "Actual Rows": 1,
      "Actual Loops": 1,
      "Plans": [
        {
          "Node Type": "Gather",
          "Parent Relationship": "Outer",
          "Parallel Aware": false,
          "Startup Cost": 347025.16,
          "Total Cost": 347025.77,
          "Plan Rows": 6,
          "Plan Width": 8,
          "Actual Startup Time": 705.642,
          "Actual Total Time": 768.434,
          "Actual Rows": 7,
          "Actual Loops": 1,
          "Workers Planned": 6,
          "Workers Launched": 6,
          "Single Copy": false,
          "Plans": [
            {
              "Node Type": "Aggregate",
              "Strategy": "Plain",
              "Partial Mode": "Partial",
              "Parent Relationship": "Outer",
              "Parallel Aware": false,
              "Startup Cost": 346025.16,
              "Total Cost": 346025.17,
              "Plan Rows": 1,
              "Plan Width": 8,
              "Actual Startup Time": 695.62,
              "Actual Total Time": 695.621,
              "Actual Rows": 1,
              "Actual Loops": 7,
              "Plans": [
                {
                  "Node Type": "Seq Scan",
                  "Parent Relationship": "Outer",
                  "Parallel Aware": true,
                  "Relation Name": "cast_info",
                  "Alias": "ci",
                  "Startup Cost": 0.0,
                  "Total Cost": 343257.03,
                  "Plan Rows": 1107254,
                  "Plan Width": 0,
                  "Actual Startup Time": 0.061,
                  "Actual Total Time": 643.819,
                  "Actual Rows": 1068266,
                  "Actual Loops": 7,
                  "Filter": "((person_id < 761114) AND (role_id < 10))",
                  "Rows Removed by Filter": 4109497
                }
              ]
            }
          ]
        }
      ]
    },
    "Planning Time": 0.222,
    "Triggers": [],
    "Execution Time": 768.531
  }
]