[
  {
    "Plan": {
      "Node Type": "Aggregate",
      "Strategy": "Plain",
      "Partial Mode": "Finalize",
      "Parallel Aware": false,
      "Startup Cost": 337010.87,
      "Total Cost": 337010.88,
      "Plan Rows": 1,
      "Plan Width": 8,
      "Actual Startup Time": 828.199,
      "Actual Total Time": 874.922,
      "Actual Rows": 1,
      "Actual Loops": 1,
      "Plans": [
        {
          "Node Type": "Gather",
          "Parent Relationship": "Outer",
          "Parallel Aware": false,
          "Startup Cost": 337010.25,
          "Total Cost": 337010.86,
          "Plan Rows": 6,
          "Plan Width": 8,
          "Actual Startup Time": 828.011,
          "Actual Total Time": 874.91,
          "Actual Rows": 7,
          "Actual Loops": 1,
          "Workers Planned": 6,
          "Workers Launched": 6,
          "Single Copy": false,
          "Plans": [
            {
              "Node Type": "Aggregate",
              "Strategy": "Plain",
              "Partial Mode": "Partial",
              "Parent Relationship": "Outer",
              "Parallel Aware": false,
              "Startup Cost": 336010.25,
              "Total Cost": 336010.26,
              "Plan Rows": 1,
              "Plan Width": 8,
              "Actual Startup Time": 821.095,
              "Actual Total Time": 821.096,
              "Actual Rows": 1,
              "Actual Loops": 7,
              "Plans": [
                {
                  "Node Type": "Seq Scan",
                  "Parent Relationship": "Outer",
                  "Parallel Aware": true,
                  "Relation Name": "cast_info",
                  "Alias": "ci",
                  "Startup Cost": 0.0,
                  "Total Cost": 328211.39,
                  "Plan Rows": 3119542,
                  "Plan Width": 0,
                  "Actual Startup Time": 0.043,
                  "Actual Total Time": 665.014,
                  "Actual Rows": 2703004,
                  "Actual Loops": 7,
                  "Filter": "(person_id < 1885961)",
                  "Rows Removed by Filter": 2474759
                }
              ]
            }
          ]
        }
      ]
    },
    "Planning Time": 0.137,
    "Triggers": [],
    "Execution Time": 874.978
  }
]