[
    {
        "Bao": {
            "Bao prediction": "NaN",
            "Bao recommended hint": "(no hint)"
        }
    },
    {
        "Plan": {
            "Node Type": "Aggregate",
            "Strategy": "Plain",
            "Partial Mode": "Finalize",
            "Parallel Aware": false,
            "Startup Cost": 31892.56,
            "Total Cost": 31892.57,
            "Plan Rows": 1,
            "Plan Width": 8,
            "Actual Startup Time": 27.969,
            "Actual Total Time": 31.341,
            "Actual Rows": 1,
            "Actual Loops": 1,
            "Output": [
                "count(*)"
            ],
            "Plans": [
                {
                    "Node Type": "Gather",
                    "Parent Relationship": "Outer",
                    "Parallel Aware": false,
                    "Startup Cost": 31892.24,
                    "Total Cost": 31892.55,
                    "Plan Rows": 3,
                    "Plan Width": 8,
                    "Actual Startup Time": 27.68,
                    "Actual Total Time": 31.332,
                    "Actual Rows": 4,
                    "Actual Loops": 1,
                    "Output": [
                        "(PARTIAL count(*))"
                    ],
                    "Workers Planned": 3,
                    "Workers Launched": 3,
                    "Single Copy": false,
                    "Plans": [
                        {
                            "Node Type": "Aggregate",
                            "Strategy": "Plain",
                            "Partial Mode": "Partial",
                            "Parent Relationship": "Outer",
                            "Parallel Aware": false,
                            "Startup Cost": 30892.24,
                            "Total Cost": 30892.25,
                            "Plan Rows": 1,
                            "Plan Width": 8,
                            "Actual Startup Time": 18.519,
                            "Actual Total Time": 18.521,
                            "Actual Rows": 1,
                            "Actual Loops": 4,
                            "Output": [
                                "PARTIAL count(*)"
                            ],
                            "Workers": [
                                {
                                    "Worker Number": 0,
                                    "Actual Startup Time": 15.527,
                                    "Actual Total Time": 15.529,
                                    "Actual Rows": 1,
                                    "Actual Loops": 1
                                },
                                {
                                    "Worker Number": 1,
                                    "Actual Startup Time": 15.655,
                                    "Actual Total Time": 15.657,
                                    "Actual Rows": 1,
                                    "Actual Loops": 1
                                },
                                {
                                    "Worker Number": 2,
                                    "Actual Startup Time": 15.665,
                                    "Actual Total Time": 15.668,
                                    "Actual Rows": 1,
                                    "Actual Loops": 1
                                }
                            ],
                            "Plans": [
                                {
                                    "Node Type": "Nested Loop",
                                    "Parent Relationship": "Outer",
                                    "Parallel Aware": false,
                                    "Join Type": "Inner",
                                    "Startup Cost": 219.91,
                                    "Total Cost": 30891.96,
                                    "Plan Rows": 111,
                                    "Plan Width": 0,
                                    "Actual Startup Time": 3.406,
                                    "Actual Total Time": 18.475,
                                    "Actual Rows": 272,
                                    "Actual Loops": 4,
                                    "Inner Unique": false,
                                    "Workers": [
                                        {
                                            "Worker Number": 0,
                                            "Actual Startup Time": 2.469,
                                            "Actual Total Time": 15.486,
                                            "Actual Rows": 122,
                                            "Actual Loops": 1
                                        },
                                        {
                                            "Worker Number": 1,
                                            "Actual Startup Time": 2.344,
                                            "Actual Total Time": 15.634,
                                            "Actual Rows": 50,
                                            "Actual Loops": 1
                                        },
                                        {
                                            "Worker Number": 2,
                                            "Actual Startup Time": 2.842,
                                            "Actual Total Time": 15.65,
                                            "Actual Rows": 16,
                                            "Actual Loops": 1
                                        }
                                    ],
                                    "Plans": [
                                        {
                                            "Node Type": "Bitmap Heap Scan",
                                            "Parent Relationship": "Outer",
                                            "Parallel Aware": true,
                                            "Relation Name": "title",
                                            "Schema": "public",
                                            "Alias": "t",
                                            "Startup Cost": 219.48,
                                            "Total Cost": 25086.09,
                                            "Plan Rows": 37,
                                            "Plan Width": 4,
                                            "Actual Startup Time": 3.17,
                                            "Actual Total Time": 15.588,
                                            "Actual Rows": 58,
                                            "Actual Loops": 4,
                                            "Output": [
                                                "t.id",
                                                "t.title",
                                                "t.imdb_index",
                                                "t.kind_id",
                                                "t.production_year",
                                                "t.imdb_id",
                                                "t.phonetic_code",
                                                "t.episode_of_id",
                                                "t.season_nr",
                                                "t.episode_nr",
                                                "t.series_years",
                                                "t.md5sum"
                                            ],
                                            "Recheck Cond": "(t.kind_id = 6)",
                                            "Rows Removed by Index Recheck": 0,
                                            "Filter": "(t.production_year = 1992)",
                                            "Rows Removed by Filter": 3092,
                                            "Exact Heap Blocks": 6647,
                                            "Lossy Heap Blocks": 0,
                                            "Workers": [
                                                {
                                                    "Worker Number": 0,
                                                    "Actual Startup Time": 2.153,
                                                    "Actual Total Time": 11.102,
                                                    "Actual Rows": 19,
                                                    "Actual Loops": 1
                                                },
                                                {
                                                    "Worker Number": 1,
                                                    "Actual Startup Time": 2.011,
                                                    "Actual Total Time": 13.494,
                                                    "Actual Rows": 8,
                                                    "Actual Loops": 1
                                                },
                                                {
                                                    "Worker Number": 2,
                                                    "Actual Startup Time": 2.578,
                                                    "Actual Total Time": 14.487,
                                                    "Actual Rows": 4,
                                                    "Actual Loops": 1
                                                }
                                            ],
                                            "Plans": [
                                                {
                                                    "Node Type": "Bitmap Index Scan",
                                                    "Parent Relationship": "Outer",
                                                    "Parallel Aware": false,
                                                    "Index Name": "kind_id_title",
                                                    "Startup Cost": 0.0,
                                                    "Total Cost": 219.45,
                                                    "Plan Rows": 12136,
                                                    "Plan Width": 0,
                                                    "Actual Startup Time": 3.976,
                                                    "Actual Total Time": 3.977,
                                                    "Actual Rows": 12600,
                                                    "Actual Loops": 1,
                                                    "Index Cond": "(t.kind_id = 6)"
                                                }
                                            ]
                                        },
                                        {
                                            "Node Type": "Index Scan",
                                            "Parent Relationship": "Inner",
                                            "Parallel Aware": false,
                                            "Scan Direction": "Forward",
                                            "Index Name": "movie_id_movie_info",
                                            "Relation Name": "movie_info",
                                            "Schema": "public",
                                            "Alias": "mi",
                                            "Startup Cost": 0.43,
                                            "Total Cost": 156.72,
                                            "Plan Rows": 20,
                                            "Plan Width": 4,
                                            "Actual Startup Time": 0.028,
                                            "Actual Total Time": 0.048,
                                            "Actual Rows": 5,
                                            "Actual Loops": 232,
                                            "Output": [
                                                "mi.id",
                                                "mi.movie_id",
                                                "mi.info_type_id",
                                                "mi.info",
                                                "mi.note"
                                            ],
                                            "Index Cond": "(mi.movie_id = t.id)",
                                            "Rows Removed by Index Recheck": 0,
                                            "Filter": "(mi.info_type_id > 7)",
                                            "Rows Removed by Filter": 4,
                                            "Workers": [
                                                {
                                                    "Worker Number": 0,
                                                    "Actual Startup Time": 0.125,
                                                    "Actual Total Time": 0.226,
                                                    "Actual Rows": 6,
                                                    "Actual Loops": 19
                                                },
                                                {
                                                    "Worker Number": 1,
                                                    "Actual Startup Time": 0.165,
                                                    "Actual Total Time": 0.262,
                                                    "Actual Rows": 6,
                                                    "Actual Loops": 8
                                                },
                                                {
                                                    "Worker Number": 2,
                                                    "Actual Startup Time": 0.168,
                                                    "Actual Total Time": 0.284,
                                                    "Actual Rows": 4,
                                                    "Actual Loops": 4
                                                }
                                            ]
                                        }
                                    ]
                                }
                            ]
                        }
                    ]
                }
            ]
        },
        "Planning Time": 297.0,
        "Triggers": [],
        "Execution Time": 31.474
    }
]