[
  {
    "Plan": {
      "Node Type": "Aggregate",
      "Strategy": "Plain",
      "Partial Mode": "Finalize",
      "Parallel Aware": false,
      "Startup Cost": 209759.37,
      "Total Cost": 209759.38,
      "Plan Rows": 1,
      "Plan Width": 8,
      "Actual Startup Time": 2338.974,
      "Actual Total Time": 2436.925,
      "Actual Rows": 1,
      "Actual Loops": 1,
      "Plans": [
        {
          "Node Type": "Gather",
          "Parent Relationship": "Outer",
          "Parallel Aware": false,
          "Startup Cost": 209759.05,
          "Total Cost": 209759.36,
          "Plan Rows": 3,
          "Plan Width": 8,
          "Actual Startup Time": 2329.77,
          "Actual Total Time": 2436.91,
          "Actual Rows": 4,
          "Actual Loops": 1,
          "Workers Planned": 3,
          "Workers Launched": 3,
          "Single Copy": false,
          "Plans": [
            {
              "Node Type": "Aggregate",
              "Strategy": "Plain",
              "Partial Mode": "Partial",
              "Parent Relationship": "Outer",
              "Parallel Aware": false,
              "Startup Cost": 208759.05,
              "Total Cost": 208759.06,
              "Plan Rows": 1,
              "Plan Width": 8,
              "Actual Startup Time": 2321.692,
              "Actual Total Time": 2321.696,
              "Actual Rows": 1,
              "Actual Loops": 4,
              "Plans": [
                {
                  "Node Type": "Nested Loop",
                  "Parent Relationship": "Outer",
                  "Parallel Aware": false,
                  "Join Type": "Inner",
                  "Startup Cost": 49126.11,
                  "Total Cost": 207796.31,
                  "Plan Rows": 385099,
                  "Plan Width": 0,
                  "Actual Startup Time": 272.899,
                  "Actual Total Time": 2263.789,
                  "Actual Rows": 1098660,
                  "Actual Loops": 4,
                  "Inner Unique": false,
                  "Plans": [
                    {
                      "Node Type": "Hash Join",
                      "Parent Relationship": "Outer",
                      "Parallel Aware": true,
                      "Join Type": "Inner",
                      "Startup Cost": 49125.55,
                      "Total Cost": 80754.86,
                      "Plan Rows": 54048,
                      "Plan Width": 8,
                      "Actual Startup Time": 272.772,
                      "Actual Total Time": 403.913,
                      "Actual Rows": 73141,
                      "Actual Loops": 4,
                      "Inner Unique": true,
                      "Hash Cond": "(mc.movie_id = t.id)",
                      "Plans": [
                        {
                          "Node Type": "Seq Scan",
                          "Parent Relationship": "Outer",
                          "Parallel Aware": true,
                          "Relation Name": "movie_companies",
                          "Alias": "mc",
                          "Startup Cost": 0.0,
                          "Total Cost": 31414.82,
                          "Plan Rows": 81714,
                          "Plan Width": 4,
                          "Actual Startup Time": 0.014,
                          "Actual Total Time": 67.274,
                          "Actual Rows": 93963,
                          "Actual Loops": 4,
                          "Filter": "((company_id < 474) AND (company_type_id < 2))",
                          "Rows Removed by Filter": 558319
                        },
                        {
                          "Node Type": "Hash",
                          "Parent Relationship": "Inner",
                          "Parallel Aware": true,
                          "Startup Cost": 43899.32,
                          "Total Cost": 43899.32,
                          "Plan Rows": 418098,
                          "Plan Width": 4,
                          "Actual Startup Time": 267.157,
                          "Actual Total Time": 267.158,
                          "Actual Rows": 417823,
                          "Actual Loops": 4,
                          "Hash Buckets": 2097152,
                          "Original Hash Buckets": 2097152,
                          "Hash Batches": 1,
                          "Original Hash Batches": 1,
                          "Peak Memory Usage": 81856,
                          "Plans": [
                            {
                              "Node Type": "Seq Scan",
                              "Parent Relationship": "Outer",
                              "Parallel Aware": true,
                              "Relation Name": "title",
                              "Alias": "t",
                              "Startup Cost": 0.0,
                              "Total Cost": 43899.32,
                              "Plan Rows": 418098,
                              "Plan Width": 4,
                              "Actual Startup Time": 0.036,
                              "Actual Total Time": 113.379,
                              "Actual Rows": 417823,
                              "Actual Loops": 4,
                              "Filter": "(production_year < 2008)",
                              "Rows Removed by Filter": 214255
                            }
                          ]
                        }
                      ]
                    },
                    {
                      "Node Type": "Index Scan",
                      "Parent Relationship": "Inner",
                      "Parallel Aware": false,
                      "Scan Direction": "Forward",
                      "Index Name": "movie_id_cast_info",
                      "Relation Name": "cast_info",
                      "Alias": "ci",
                      "Startup Cost": 0.56,
                      "Total Cost": 2.18,
                      "Plan Rows": 17,
                      "Plan Width": 4,
                      "Actual Startup Time": 0.004,
                      "Actual Total Time": 0.024,
                      "Actual Rows": 15,
                      "Actual Loops": 292563,
                      "Index Cond": "(movie_id = t.id)",
                      "Rows Removed by Index Recheck": 0,
                      "Filter": "(person_id < 1806072)",
                      "Rows Removed by Filter": 13
                    }
                  ]
                }
              ]
            }
          ]
        }
      ]
    },
    "Planning Time": 0.588,
    "Triggers": [],
    "Execution Time": 2436.992
  }
]