[
    {
        "Bao": {
            "Bao prediction": "NaN",
            "Bao recommended hint": "(no hint)"
        }
    },
    {
        "Plan": {
            "Node Type": "Aggregate",
            "Strategy": "Plain",
            "Partial Mode": "Finalize",
            "Parallel Aware": false,
            "Startup Cost": 42669.74,
            "Total Cost": 42669.75,
            "Plan Rows": 1,
            "Plan Width": 8,
            "Actual Startup Time": 130.811,
            "Actual Total Time": 135.299,
            "Actual Rows": 1,
            "Actual Loops": 1,
            "Output": [
                "count(*)"
            ],
            "Plans": [
                {
                    "Node Type": "Gather",
                    "Parent Relationship": "Outer",
                    "Parallel Aware": false,
                    "Startup Cost": 42669.42,
                    "Total Cost": 42669.73,
                    "Plan Rows": 3,
                    "Plan Width": 8,
                    "Actual Startup Time": 130.645,
                    "Actual Total Time": 135.291,
                    "Actual Rows": 4,
                    "Actual Loops": 1,
                    "Output": [
                        "(PARTIAL count(*))"
                    ],
                    "Workers Planned": 3,
                    "Workers Launched": 3,
                    "Single Copy": false,
                    "Plans": [
                        {
                            "Node Type": "Aggregate",
                            "Strategy": "Plain",
                            "Partial Mode": "Partial",
                            "Parent Relationship": "Outer",
                            "Parallel Aware": false,
                            "Startup Cost": 41669.42,
                            "Total Cost": 41669.43,
                            "Plan Rows": 1,
                            "Plan Width": 8,
                            "Actual Startup Time": 122.43,
                            "Actual Total Time": 122.436,
                            "Actual Rows": 1,
                            "Actual Loops": 4,
                            "Output": [
                                "PARTIAL count(*)"
                            ],
                            "Workers": [
                                {
                                    "Worker Number": 0,
                                    "Actual Startup Time": 119.602,
                                    "Actual Total Time": 119.604,
                                    "Actual Rows": 1,
                                    "Actual Loops": 1
                                },
                                {
                                    "Worker Number": 1,
                                    "Actual Startup Time": 119.837,
                                    "Actual Total Time": 119.839,
                                    "Actual Rows": 1,
                                    "Actual Loops": 1
                                },
                                {
                                    "Worker Number": 2,
                                    "Actual Startup Time": 119.952,
                                    "Actual Total Time": 119.953,
                                    "Actual Rows": 1,
                                    "Actual Loops": 1
                                }
                            ],
                            "Plans": [
                                {
                                    "Node Type": "Bitmap Heap Scan",
                                    "Parent Relationship": "Outer",
                                    "Parallel Aware": true,
                                    "Relation Name": "movie_keyword",
                                    "Schema": "public",
                                    "Alias": "mk",
                                    "Startup Cost": 14017.86,
                                    "Total Cost": 41136.49,
                                    "Plan Rows": 213171,
                                    "Plan Width": 0,
                                    "Actual Startup Time": 40.478,
                                    "Actual Total Time": 113.604,
                                    "Actual Rows": 165548,
                                    "Actual Loops": 4,
                                    "Recheck Cond": "(mk.keyword_id < 517)",
                                    "Rows Removed by Index Recheck": 0,
                                    "Exact Heap Blocks": 9809,
                                    "Lossy Heap Blocks": 0,
                                    "Workers": [
                                        {
                                            "Worker Number": 0,
                                            "Actual Startup Time": 37.847,
                                            "Actual Total Time": 111.283,
                                            "Actual Rows": 131242,
                                            "Actual Loops": 1
                                        },
                                        {
                                            "Worker Number": 1,
                                            "Actual Startup Time": 37.947,
                                            "Actual Total Time": 111.498,
                                            "Actual Rows": 132385,
                                            "Actual Loops": 1
                                        },
                                        {
                                            "Worker Number": 2,
                                            "Actual Startup Time": 38.058,
                                            "Actual Total Time": 111.673,
                                            "Actual Rows": 131935,
                                            "Actual Loops": 1
                                        }
                                    ],
                                    "Plans": [
                                        {
                                            "Node Type": "Bitmap Index Scan",
                                            "Parent Relationship": "Outer",
                                            "Parallel Aware": false,
                                            "Index Name": "keyword_id_movie_keyword",
                                            "Startup Cost": 0.0,
                                            "Total Cost": 13852.65,
                                            "Plan Rows": 660829,
                                            "Plan Width": 0,
                                            "Actual Startup Time": 44.529,
                                            "Actual Total Time": 44.53,
                                            "Actual Rows": 662192,
                                            "Actual Loops": 1,
                                            "Index Cond": "(mk.keyword_id < 517)"
                                        }
                                    ]
                                }
                            ]
                        }
                    ]
                }
            ]
        },
        "Planning Time": 200.827,
        "Triggers": [],
        "Execution Time": 135.358
    }
]