[
  {
    "Plan": {
      "Node Type": "Aggregate",
      "Strategy": "Plain",
      "Partial Mode": "Finalize",
      "Parallel Aware": false,
      "Startup Cost": 311866.72,
      "Total Cost": 311866.73,
      "Plan Rows": 1,
      "Plan Width": 8,
      "Actual Startup Time": 326.606,
      "Actual Total Time": 346.327,
      "Actual Rows": 1,
      "Actual Loops": 1,
      "Plans": [
        {
          "Node Type": "Gather",
          "Parent Relationship": "Outer",
          "Parallel Aware": false,
          "Startup Cost": 311866.09,
          "Total Cost": 311866.7,
          "Plan Rows": 6,
          "Plan Width": 8,
          "Actual Startup Time": 326.403,
          "Actual Total Time": 346.321,
          "Actual Rows": 7,
          "Actual Loops": 1,
          "Workers Planned": 6,
          "Workers Launched": 6,
          "Single Copy": false,
          "Plans": [
            {
              "Node Type": "Aggregate",
              "Strategy": "Plain",
              "Partial Mode": "Partial",
              "Parent Relationship": "Outer",
              "Parallel Aware": false,
              "Startup Cost": 310866.09,
              "Total Cost": 310866.1,
              "Plan Rows": 1,
              "Plan Width": 8,
              "Actual Startup Time": 320.864,
              "Actual Total Time": 320.865,
              "Actual Rows": 1,
              "Actual Loops": 7,
              "Plans": [
                {
                  "Node Type": "Nested Loop",
                  "Parent Relationship": "Outer",
                  "Parallel Aware": false,
                  "Join Type": "Inner",
                  "Startup Cost": 12504.37,
                  "Total Cost": 310796.91,
                  "Plan Rows": 27672,
                  "Plan Width": 0,
                  "Actual Startup Time": 17.247,
                  "Actual Total Time": 315.91,
                  "Actual Rows": 75386,
                  "Actual Loops": 7,
                  "Inner Unique": true,
                  "Plans": [
                    {
                      "Node Type": "Bitmap Heap Scan",
                      "Parent Relationship": "Outer",
                      "Parallel Aware": true,
                      "Relation Name": "cast_info",
                      "Alias": "ci",
                      "Startup Cost": 12503.94,
                      "Total Cost": 266617.65,
                      "Plan Rows": 31508,
                      "Plan Width": 4,
                      "Actual Startup Time": 17.123,
                      "Actual Total Time": 35.118,
                      "Actual Rows": 86202,
                      "Actual Loops": 7,
                      "Recheck Cond": "(person_id > 3944789)",
                      "Rows Removed by Index Recheck": 0,
                      "Filter": "(role_id > 3)",
                      "Rows Removed by Filter": 0,
                      "Exact Heap Blocks": 1521,
                      "Lossy Heap Blocks": 0,
                      "Plans": [
                        {
                          "Node Type": "Bitmap Index Scan",
                          "Parent Relationship": "Outer",
                          "Parallel Aware": false,
                          "Index Name": "person_id_cast_info",
                          "Startup Cost": 0.0,
                          "Total Cost": 12456.68,
                          "Plan Rows": 570682,
                          "Plan Width": 0,
                          "Actual Startup Time": 21.006,
                          "Actual Total Time": 21.007,
                          "Actual Rows": 603413,
                          "Actual Loops": 1,
                          "Index Cond": "(person_id > 3944789)"
                        }
                      ]
                    },
                    {
                      "Node Type": "Index Scan",
                      "Parent Relationship": "Inner",
                      "Parallel Aware": false,
                      "Scan Direction": "Forward",
                      "Index Name": "title_pkey",
                      "Relation Name": "title",
                      "Alias": "t",
                      "Startup Cost": 0.43,
                      "Total Cost": 1.4,
                      "Plan Rows": 1,
                      "Plan Width": 4,
                      "Actual Startup Time": 0.003,
                      "Actual Total Time": 0.003,
                      "Actual Rows": 1,
                      "Actual Loops": 603413,
                      "Index Cond": "(id = ci.movie_id)",
                      "Rows Removed by Index Recheck": 0,
                      "Filter": "(production_year < 2012)",
                      "Rows Removed by Filter": 0
                    }
                  ]
                }
              ]
            }
          ]
        }
      ]
    },
    "Planning Time": 0.203,
    "Triggers": [],
    "Execution Time": 346.364
  }
]