[
  {
    "Plan": {
      "Node Type": "Aggregate",
      "Strategy": "Plain",
      "Partial Mode": "Finalize",
      "Parallel Aware": false,
      "Startup Cost": 104930.43,
      "Total Cost": 104930.44,
      "Plan Rows": 1,
      "Plan Width": 8,
      "Actual Startup Time": 343.059,
      "Actual Total Time": 360.996,
      "Actual Rows": 1,
      "Actual Loops": 1,
      "Plans": [
        {
          "Node Type": "Gather",
          "Parent Relationship": "Outer",
          "Parallel Aware": false,
          "Startup Cost": 104930.11,
          "Total Cost": 104930.42,
          "Plan Rows": 3,
          "Plan Width": 8,
          "Actual Startup Time": 332.659,
          "Actual Total Time": 360.988,
          "Actual Rows": 4,
          "Actual Loops": 1,
          "Workers Planned": 3,
          "Workers Launched": 3,
          "Single Copy": false,
          "Plans": [
            {
              "Node Type": "Aggregate",
              "Strategy": "Plain",
              "Partial Mode": "Partial",
              "Parent Relationship": "Outer",
              "Parallel Aware": false,
              "Startup Cost": 103930.11,
              "Total Cost": 103930.12,
              "Plan Rows": 1,
              "Plan Width": 8,
              "Actual Startup Time": 324.339,
              "Actual Total Time": 324.344,
              "Actual Rows": 1,
              "Actual Loops": 4,
              "Plans": [
                {
                  "Node Type": "Nested Loop",
                  "Parent Relationship": "Outer",
                  "Parallel Aware": false,
                  "Join Type": "Inner",
                  "Startup Cost": 51448.27,
                  "Total Cost": 103743.48,
                  "Plan Rows": 74655,
                  "Plan Width": 0,
                  "Actual Startup Time": 278.344,
                  "Actual Total Time": 324.077,
                  "Actual Rows": 2261,
                  "Actual Loops": 4,
                  "Inner Unique": false,
                  "Plans": [
                    {
                      "Node Type": "Hash Join",
                      "Parent Relationship": "Outer",
                      "Parallel Aware": true,
                      "Join Type": "Inner",
                      "Startup Cost": 51447.83,
                      "Total Cost": 76239.54,
                      "Plan Rows": 12715,
                      "Plan Width": 8,
                      "Actual Startup Time": 278.222,
                      "Actual Total Time": 315.521,
                      "Actual Rows": 227,
                      "Actual Loops": 4,
                      "Inner Unique": true,
                      "Hash Cond": "(mk.movie_id = t.id)",
                      "Plans": [
                        {
                          "Node Type": "Bitmap Heap Scan",
                          "Parent Relationship": "Outer",
                          "Parallel Aware": true,
                          "Relation Name": "movie_keyword",
                          "Alias": "mk",
                          "Startup Cost": 1468.86,
                          "Total Cost": 26201.95,
                          "Plan Rows": 22328,
                          "Plan Width": 4,
                          "Actual Startup Time": 18.272,
                          "Actual Total Time": 42.135,
                          "Actual Rows": 18124,
                          "Actual Loops": 4,
                          "Recheck Cond": "(keyword_id = 335)",
                          "Rows Removed by Index Recheck": 0,
                          "Exact Heap Blocks": 7136,
                          "Lossy Heap Blocks": 0,
                          "Plans": [
                            {
                              "Node Type": "Bitmap Index Scan",
                              "Parent Relationship": "Outer",
                              "Parallel Aware": false,
                              "Index Name": "keyword_id_movie_keyword",
                              "Startup Cost": 0.0,
                              "Total Cost": 1451.55,
                              "Plan Rows": 69216,
                              "Plan Width": 0,
                              "Actual Startup Time": 14.495,
                              "Actual Total Time": 14.495,
                              "Actual Rows": 72496,
                              "Actual Loops": 1,
                              "Index Cond": "(keyword_id = 335)"
                            }
                          ]
                        },
                        {
                          "Node Type": "Hash",
                          "Parent Relationship": "Inner",
                          "Parallel Aware": true,
                          "Startup Cost": 45479.59,
                          "Total Cost": 45479.59,
                          "Plan Rows": 359951,
                          "Plan Width": 4,
                          "Actual Startup Time": 255.582,
                          "Actual Total Time": 255.583,
                          "Actual Rows": 369609,
                          "Actual Loops": 4,
                          "Hash Buckets": 2097152,
                          "Original Hash Buckets": 2097152,
                          "Hash Batches": 1,
                          "Original Hash Batches": 1,
                          "Peak Memory Usage": 74272,
                          "Plans": [
                            {
                              "Node Type": "Seq Scan",
                              "Parent Relationship": "Outer",
                              "Parallel Aware": true,
                              "Relation Name": "title",
                              "Alias": "t",
                              "Startup Cost": 0.0,
                              "Total Cost": 45479.59,
                              "Plan Rows": 359951,
                              "Plan Width": 4,
                              "Actual Startup Time": 0.047,
                              "Actual Total Time": 120.641,
                              "Actual Rows": 369609,
                              "Actual Loops": 4,
                              "Filter": "((production_year > 1923) AND (kind_id = 7))",
                              "Rows Removed by Filter": 262469
                            }
                          ]
                        }
                      ]
                    },
                    {
                      "Node Type": "Index Only Scan",
                      "Parent Relationship": "Inner",
                      "Parallel Aware": false,
                      "Scan Direction": "Forward",
                      "Index Name": "movie_id_movie_info",
                      "Relation Name": "movie_info",
                      "Alias": "mi",
                      "Startup Cost": 0.43,
                      "Total Cost": 1.75,
                      "Plan Rows": 41,
                      "Plan Width": 4,
                      "Actual Startup Time": 0.014,
                      "Actual Total Time": 0.035,
                      "Actual Rows": 10,
                      "Actual Loops": 908,
                      "Index Cond": "(movie_id = t.id)",
                      "Rows Removed by Index Recheck": 0,
                      "Heap Fetches": 9043
                    }
                  ]
                }
              ]
            }
          ]
        }
      ]
    },
    "Planning Time": 0.726,
    "Triggers": [],
    "Execution Time": 361.051
  }
]