[
  {
    "Plan": {
      "Node Type": "Aggregate",
      "Strategy": "Plain",
      "Partial Mode": "Finalize",
      "Parallel Aware": false,
      "Startup Cost": 32896.23,
      "Total Cost": 32896.24,
      "Plan Rows": 1,
      "Plan Width": 8,
      "Actual Startup Time": 85.614,
      "Actual Total Time": 93.421,
      "Actual Rows": 1,
      "Actual Loops": 1,
      "Plans": [
        {
          "Node Type": "Gather",
          "Parent Relationship": "Outer",
          "Parallel Aware": false,
          "Startup Cost": 32895.91,
          "Total Cost": 32896.22,
          "Plan Rows": 3,
          "Plan Width": 8,
          "Actual Startup Time": 85.488,
          "Actual Total Time": 93.414,
          "Actual Rows": 4,
          "Actual Loops": 1,
          "Workers Planned": 3,
          "Workers Launched": 3,
          "Single Copy": false,
          "Plans": [
            {
              "Node Type": "Aggregate",
              "Strategy": "Plain",
              "Partial Mode": "Partial",
              "Parent Relationship": "Outer",
              "Parallel Aware": false,
              "Startup Cost": 31895.91,
              "Total Cost": 31895.92,
              "Plan Rows": 1,
              "Plan Width": 8,
              "Actual Startup Time": 80.178,
              "Actual Total Time": 80.179,
              "Actual Rows": 1,
              "Actual Loops": 4,
              "Plans": [
                {
                  "Node Type": "Seq Scan",
                  "Parent Relationship": "Outer",
                  "Parallel Aware": true,
                  "Relation Name": "movie_companies",
                  "Alias": "mc",
                  "Startup Cost": 0.0,
                  "Total Cost": 31414.82,
                  "Plan Rows": 192436,
                  "Plan Width": 0,
                  "Actual Startup Time": 40.31,
                  "Actual Total Time": 75.222,
                  "Actual Rows": 97121,
                  "Actual Loops": 4,
                  "Filter": "((company_id < 10094) AND (company_type_id > 1))",
                  "Rows Removed by Filter": 555161
                }
              ]
            }
          ]
        }
      ]
    },
    "Planning Time": 0.095,
    "Triggers": [],
    "Execution Time": 93.452
  }
]