[
  {
    "Plan": {
      "Node Type": "Aggregate",
      "Strategy": "Plain",
      "Partial Mode": "Finalize",
      "Parallel Aware": false,
      "Startup Cost": 213492.81,
      "Total Cost": 213492.82,
      "Plan Rows": 1,
      "Plan Width": 8,
      "Actual Startup Time": 127.29,
      "Actual Total Time": 147.24,
      "Actual Rows": 1,
      "Actual Loops": 1,
      "Plans": [
        {
          "Node Type": "Gather",
          "Parent Relationship": "Outer",
          "Parallel Aware": false,
          "Startup Cost": 213492.39,
          "Total Cost": 213492.8,
          "Plan Rows": 4,
          "Plan Width": 8,
          "Actual Startup Time": 127.155,
          "Actual Total Time": 147.231,
          "Actual Rows": 5,
          "Actual Loops": 1,
          "Workers Planned": 4,
          "Workers Launched": 4,
          "Single Copy": false,
          "Plans": [
            {
              "Node Type": "Aggregate",
              "Strategy": "Plain",
              "Partial Mode": "Partial",
              "Parent Relationship": "Outer",
              "Parallel Aware": false,
              "Startup Cost": 212492.39,
              "Total Cost": 212492.4,
              "Plan Rows": 1,
              "Plan Width": 8,
              "Actual Startup Time": 117.634,
              "Actual Total Time": 117.635,
              "Actual Rows": 1,
              "Actual Loops": 5,
              "Plans": [
                {
                  "Node Type": "Nested Loop",
                  "Parent Relationship": "Outer",
                  "Parallel Aware": false,
                  "Join Type": "Inner",
                  "Startup Cost": 0.43,
                  "Total Cost": 212490.91,
                  "Plan Rows": 592,
                  "Plan Width": 0,
                  "Actual Startup Time": 58.222,
                  "Actual Total Time": 117.536,
                  "Actual Rows": 806,
                  "Actual Loops": 5,
                  "Inner Unique": false,
                  "Plans": [
                    {
                      "Node Type": "Seq Scan",
                      "Parent Relationship": "Outer",
                      "Parallel Aware": true,
                      "Relation Name": "title",
                      "Alias": "t",
                      "Startup Cost": 0.0,
                      "Total Cost": 45479.1,
                      "Plan Rows": 1879,
                      "Plan Width": 4,
                      "Actual Startup Time": 58.061,
                      "Actual Total Time": 81.089,
                      "Actual Rows": 1067,
                      "Actual Loops": 5,
                      "Filter": "((kind_id = 1) AND (production_year = 1994))",
                      "Rows Removed by Filter": 504595
                    },
                    {
                      "Node Type": "Index Scan",
                      "Parent Relationship": "Inner",
                      "Parallel Aware": false,
                      "Scan Direction": "Forward",
                      "Index Name": "movie_id_movie_info",
                      "Relation Name": "movie_info",
                      "Alias": "mi",
                      "Startup Cost": 0.43,
                      "Total Cost": 88.86,
                      "Plan Rows": 2,
                      "Plan Width": 4,
                      "Actual Startup Time": 0.018,
                      "Actual Total Time": 0.034,
                      "Actual Rows": 1,
                      "Actual Loops": 5336,
                      "Index Cond": "(movie_id = t.id)",
                      "Rows Removed by Index Recheck": 0,
                      "Filter": "(info_type_id = 1)",
                      "Rows Removed by Filter": 14
                    }
                  ]
                }
              ]
            }
          ]
        }
      ]
    },
    "Planning Time": 0.644,
    "Triggers": [],
    "Execution Time": 147.314
  }
]