{
  "Plan": {
    "Node Type": "Aggregate",
    "Strategy": "Plain",
    "Partial Mode": "Finalize",
    "Parallel Aware": false,
    "Startup Cost": 582355.52,
    "Total Cost": 582355.53,
    "Plan Rows": 1,
    "Plan Width": 8,
    "Actual Startup Time": 1215.728,
    "Actual Total Time": 1247.558,
    "Actual Rows": 1,
    "Actual Loops": 1,
    "Plans": [
      {
        "Node Type": "Gather",
        "Parent Relationship": "Outer",
        "Parallel Aware": false,
        "Startup Cost": 582355.4,
        "Total Cost": 582355.51,
        "Plan Rows": 1,
        "Plan Width": 8,
        "Actual Startup Time": 1215.189,
        "Actual Total Time": 1247.549,
        "Actual Rows": 2,
        "Actual Loops": 1,
        "Workers Planned": 1,
        "Workers Launched": 1,
        "Single Copy": false,
        "Plans": [
          {
            "Node Type": "Aggregate",
            "Strategy": "Plain",
            "Partial Mode": "Partial",
            "Parent Relationship": "Outer",
            "Parallel Aware": false,
            "Startup Cost": 581355.4,
            "Total Cost": 581355.41,
            "Plan Rows": 1,
            "Plan Width": 8,
            "Actual Startup Time": 1209.102,
            "Actual Total Time": 1209.106,
            "Actual Rows": 1,
            "Actual Loops": 2,
            "Plans": [
              {
                "Node Type": "Hash Join",
                "Parent Relationship": "Outer",
                "Parallel Aware": true,
                "Join Type": "Inner",
                "Startup Cost": 245141.34,
                "Total Cost": 581192.3,
                "Plan Rows": 65242,
                "Plan Width": 0,
                "Actual Startup Time": 891.022,
                "Actual Total Time": 1207.606,
                "Actual Rows": 25562,
                "Actual Loops": 2,
                "Inner Unique": true,
                "Hash Cond": "(ci.movie_id = t.id)",
                "Plans": [
                  {
                    "Node Type": "Bitmap Heap Scan",
                    "Parent Relationship": "Outer",
                    "Parallel Aware": true,
                    "Relation Name": "cast_info",
                    "Alias": "ci",
                    "Startup Cost": 186463.81,
                    "Total Cost": 513934.4,
                    "Plan Rows": 3268708,
                    "Plan Width": 4,
                    "Actual Startup Time": 745.593,
                    "Actual Total Time": 943.472,
                    "Actual Rows": 1199430,
                    "Actual Loops": 2,
                    "Recheck Cond": "(person_id < 846641)",
                    "Rows Removed by Index Recheck": 0,
                    "Filter": "(role_id > 1)",
                    "Rows Removed by Filter": 3107100,
                    "Exact Heap Blocks": 51612,
                    "Lossy Heap Blocks": 0,
                    "Plans": [
                      {
                        "Node Type": "Bitmap Index Scan",
                        "Parent Relationship": "Outer",
                        "Parallel Aware": false,
                        "Index Name": "person_id_cast_info",
                        "Startup Cost": 0.0,
                        "Total Cost": 185074.61,
                        "Plan Rows": 8475473,
                        "Plan Width": 0,
                        "Actual Startup Time": 443.201,
                        "Actual Total Time": 443.202,
                        "Actual Rows": 8613058,
                        "Actual Loops": 1,
                        "Index Cond": "(person_id < 846641)"
                      }
                    ]
                  },
                  {
                    "Node Type": "Hash",
                    "Parent Relationship": "Inner",
                    "Parallel Aware": true,
                    "Startup Cost": 58306.47,
                    "Total Cost": 58306.47,
                    "Plan Rows": 29685,
                    "Plan Width": 4,
                    "Actual Startup Time": 143.979,
                    "Actual Total Time": 143.98,
                    "Actual Rows": 22006,
                    "Actual Loops": 2,
                    "Hash Buckets": 65536,
                    "Original Hash Buckets": 65536,
                    "Hash Batches": 1,
                    "Original Hash Batches": 1,
                    "Peak Memory Usage": 2272,
                    "Plans": [
                      {
                        "Node Type": "Seq Scan",
                        "Parent Relationship": "Outer",
                        "Parallel Aware": true,
                        "Relation Name": "title",
                        "Alias": "t",
                        "Startup Cost": 0.0,
                        "Total Cost": 58306.47,
                        "Plan Rows": 29685,
                        "Plan Width": 4,
                        "Actual Startup Time": 0.117,
                        "Actual Total Time": 138.162,
                        "Actual Rows": 22006,
                        "Actual Loops": 2,
                        "Filter": "((kind_id < 7) AND (production_year = 2009))",
                        "Rows Removed by Filter": 1242150
                      }
                    ]
                  }
                ]
              }
            ]
          }
        ]
      }
    ]
  },
  "Planning Time": 0.533,
  "Triggers": [],
  "Execution Time": 1247.668
}