[
    {
        "Bao": {
            "Bao prediction": "NaN",
            "Bao recommended hint": "(no hint)"
        }
    },
    {
        "Plan": {
            "Node Type": "Aggregate",
            "Strategy": "Plain",
            "Partial Mode": "Finalize",
            "Parallel Aware": false,
            "Startup Cost": 375100.21,
            "Total Cost": 375100.22,
            "Plan Rows": 1,
            "Plan Width": 8,
            "Actual Startup Time": 1480.459,
            "Actual Total Time": 1516.891,
            "Actual Rows": 1,
            "Actual Loops": 1,
            "Output": [
                "count(*)"
            ],
            "Plans": [
                {
                    "Node Type": "Gather",
                    "Parent Relationship": "Outer",
                    "Parallel Aware": false,
                    "Startup Cost": 375099.58,
                    "Total Cost": 375100.19,
                    "Plan Rows": 6,
                    "Plan Width": 8,
                    "Actual Startup Time": 1478.417,
                    "Actual Total Time": 1516.881,
                    "Actual Rows": 7,
                    "Actual Loops": 1,
                    "Output": [
                        "(PARTIAL count(*))"
                    ],
                    "Workers Planned": 6,
                    "Workers Launched": 6,
                    "Single Copy": false,
                    "Plans": [
                        {
                            "Node Type": "Aggregate",
                            "Strategy": "Plain",
                            "Partial Mode": "Partial",
                            "Parent Relationship": "Outer",
                            "Parallel Aware": false,
                            "Startup Cost": 374099.58,
                            "Total Cost": 374099.59,
                            "Plan Rows": 1,
                            "Plan Width": 8,
                            "Actual Startup Time": 1468.629,
                            "Actual Total Time": 1468.632,
                            "Actual Rows": 1,
                            "Actual Loops": 7,
                            "Output": [
                                "PARTIAL count(*)"
                            ],
                            "Workers": [
                                {
                                    "Worker Number": 0,
                                    "Actual Startup Time": 1466.445,
                                    "Actual Total Time": 1466.448,
                                    "Actual Rows": 1,
                                    "Actual Loops": 1
                                },
                                {
                                    "Worker Number": 1,
                                    "Actual Startup Time": 1466.411,
                                    "Actual Total Time": 1466.414,
                                    "Actual Rows": 1,
                                    "Actual Loops": 1
                                },
                                {
                                    "Worker Number": 2,
                                    "Actual Startup Time": 1467.194,
                                    "Actual Total Time": 1467.197,
                                    "Actual Rows": 1,
                                    "Actual Loops": 1
                                },
                                {
                                    "Worker Number": 3,
                                    "Actual Startup Time": 1467.211,
                                    "Actual Total Time": 1467.213,
                                    "Actual Rows": 1,
                                    "Actual Loops": 1
                                },
                                {
                                    "Worker Number": 4,
                                    "Actual Startup Time": 1467.433,
                                    "Actual Total Time": 1467.436,
                                    "Actual Rows": 1,
                                    "Actual Loops": 1
                                },
                                {
                                    "Worker Number": 5,
                                    "Actual Startup Time": 1467.708,
                                    "Actual Total Time": 1467.711,
                                    "Actual Rows": 1,
                                    "Actual Loops": 1
                                }
                            ],
                            "Plans": [
                                {
                                    "Node Type": "Hash Join",
                                    "Parent Relationship": "Outer",
                                    "Parallel Aware": true,
                                    "Join Type": "Inner",
                                    "Startup Cost": 44321.99,
                                    "Total Cost": 373290.9,
                                    "Plan Rows": 323473,
                                    "Plan Width": 0,
                                    "Actual Startup Time": 84.485,
                                    "Actual Total Time": 1459.852,
                                    "Actual Rows": 131874,
                                    "Actual Loops": 7,
                                    "Inner Unique": true,
                                    "Hash Cond": "(ci.movie_id = t.id)",
                                    "Workers": [
                                        {
                                            "Worker Number": 0,
                                            "Actual Startup Time": 82.106,
                                            "Actual Total Time": 1457.759,
                                            "Actual Rows": 105135,
                                            "Actual Loops": 1
                                        },
                                        {
                                            "Worker Number": 1,
                                            "Actual Startup Time": 82.323,
                                            "Actual Total Time": 1457.534,
                                            "Actual Rows": 107022,
                                            "Actual Loops": 1
                                        },
                                        {
                                            "Worker Number": 2,
                                            "Actual Startup Time": 82.818,
                                            "Actual Total Time": 1458.266,
                                            "Actual Rows": 110646,
                                            "Actual Loops": 1
                                        },
                                        {
                                            "Worker Number": 3,
                                            "Actual Startup Time": 83.354,
                                            "Actual Total Time": 1458.844,
                                            "Actual Rows": 168546,
                                            "Actual Loops": 1
                                        },
                                        {
                                            "Worker Number": 4,
                                            "Actual Startup Time": 83.365,
                                            "Actual Total Time": 1458.833,
                                            "Actual Rows": 105838,
                                            "Actual Loops": 1
                                        },
                                        {
                                            "Worker Number": 5,
                                            "Actual Startup Time": 83.351,
                                            "Actual Total Time": 1458.328,
                                            "Actual Rows": 116168,
                                            "Actual Loops": 1
                                        }
                                    ],
                                    "Plans": [
                                        {
                                            "Node Type": "Seq Scan",
                                            "Parent Relationship": "Outer",
                                            "Parallel Aware": true,
                                            "Relation Name": "cast_info",
                                            "Schema": "public",
                                            "Alias": "ci",
                                            "Startup Cost": 0.0,
                                            "Total Cost": 313108.29,
                                            "Plan Rows": 6042129,
                                            "Plan Width": 4,
                                            "Actual Startup Time": 0.02,
                                            "Actual Total Time": 592.546,
                                            "Actual Rows": 5177763,
                                            "Actual Loops": 7,
                                            "Output": [
                                                "ci.id",
                                                "ci.person_id",
                                                "ci.movie_id",
                                                "ci.person_role_id",
                                                "ci.note",
                                                "ci.nr_order",
                                                "ci.role_id"
                                            ],
                                            "Workers": [
                                                {
                                                    "Worker Number": 0,
                                                    "Actual Startup Time": 0.025,
                                                    "Actual Total Time": 599.814,
                                                    "Actual Rows": 4251773,
                                                    "Actual Loops": 1
                                                },
                                                {
                                                    "Worker Number": 1,
                                                    "Actual Startup Time": 0.021,
                                                    "Actual Total Time": 597.244,
                                                    "Actual Rows": 4204417,
                                                    "Actual Loops": 1
                                                },
                                                {
                                                    "Worker Number": 2,
                                                    "Actual Startup Time": 0.026,
                                                    "Actual Total Time": 601.113,
                                                    "Actual Rows": 4316080,
                                                    "Actual Loops": 1
                                                },
                                                {
                                                    "Worker Number": 3,
                                                    "Actual Startup Time": 0.022,
                                                    "Actual Total Time": 585.879,
                                                    "Actual Rows": 6668953,
                                                    "Actual Loops": 1
                                                },
                                                {
                                                    "Worker Number": 4,
                                                    "Actual Startup Time": 0.024,
                                                    "Actual Total Time": 598.153,
                                                    "Actual Rows": 4261171,
                                                    "Actual Loops": 1
                                                },
                                                {
                                                    "Worker Number": 5,
                                                    "Actual Startup Time": 0.019,
                                                    "Actual Total Time": 601.973,
                                                    "Actual Rows": 4296270,
                                                    "Actual Loops": 1
                                                }
                                            ]
                                        },
                                        {
                                            "Node Type": "Hash",
                                            "Parent Relationship": "Inner",
                                            "Parallel Aware": true,
                                            "Startup Cost": 43899.01,
                                            "Total Cost": 43899.01,
                                            "Plan Rows": 33839,
                                            "Plan Width": 4,
                                            "Actual Startup Time": 82.777,
                                            "Actual Total Time": 82.778,
                                            "Actual Rows": 19417,
                                            "Actual Loops": 7,
                                            "Output": [
                                                "t.id"
                                            ],
                                            "Hash Buckets": 262144,
                                            "Original Hash Buckets": 262144,
                                            "Hash Batches": 1,
                                            "Original Hash Batches": 1,
                                            "Peak Memory Usage": 7488,
                                            "Workers": [
                                                {
                                                    "Worker Number": 0,
                                                    "Actual Startup Time": 81.234,
                                                    "Actual Total Time": 81.235,
                                                    "Actual Rows": 15236,
                                                    "Actual Loops": 1
                                                },
                                                {
                                                    "Worker Number": 1,
                                                    "Actual Startup Time": 80.981,
                                                    "Actual Total Time": 80.982,
                                                    "Actual Rows": 14891,
                                                    "Actual Loops": 1
                                                },
                                                {
                                                    "Worker Number": 2,
                                                    "Actual Startup Time": 82.009,
                                                    "Actual Total Time": 82.01,
                                                    "Actual Rows": 16526,
                                                    "Actual Loops": 1
                                                },
                                                {
                                                    "Worker Number": 3,
                                                    "Actual Startup Time": 82.021,
                                                    "Actual Total Time": 82.022,
                                                    "Actual Rows": 23772,
                                                    "Actual Loops": 1
                                                },
                                                {
                                                    "Worker Number": 4,
                                                    "Actual Startup Time": 82.295,
                                                    "Actual Total Time": 82.296,
                                                    "Actual Rows": 15425,
                                                    "Actual Loops": 1
                                                },
                                                {
                                                    "Worker Number": 5,
                                                    "Actual Startup Time": 82.504,
                                                    "Actual Total Time": 82.505,
                                                    "Actual Rows": 15792,
                                                    "Actual Loops": 1
                                                }
                                            ],
                                            "Plans": [
                                                {
                                                    "Node Type": "Seq Scan",
                                                    "Parent Relationship": "Outer",
                                                    "Parallel Aware": true,
                                                    "Relation Name": "title",
                                                    "Schema": "public",
                                                    "Alias": "t",
                                                    "Startup Cost": 0.0,
                                                    "Total Cost": 43899.01,
                                                    "Plan Rows": 33839,
                                                    "Plan Width": 4,
                                                    "Actual Startup Time": 28.457,
                                                    "Actual Total Time": 74.33,
                                                    "Actual Rows": 19417,
                                                    "Actual Loops": 7,
                                                    "Output": [
                                                        "t.id"
                                                    ],
                                                    "Filter": "(t.production_year < 1938)",
                                                    "Rows Removed by Filter": 341771,
                                                    "Workers": [
                                                        {
                                                            "Worker Number": 0,
                                                            "Actual Startup Time": 34.267,
                                                            "Actual Total Time": 73.307,
                                                            "Actual Rows": 15236,
                                                            "Actual Loops": 1
                                                        },
                                                        {
                                                            "Worker Number": 1,
                                                            "Actual Startup Time": 36.736,
                                                            "Actual Total Time": 72.658,
                                                            "Actual Rows": 14891,
                                                            "Actual Loops": 1
                                                        },
                                                        {
                                                            "Worker Number": 2,
                                                            "Actual Startup Time": 27.963,
                                                            "Actual Total Time": 74.686,
                                                            "Actual Rows": 16526,
                                                            "Actual Loops": 1
                                                        },
                                                        {
                                                            "Worker Number": 3,
                                                            "Actual Startup Time": 29.657,
                                                            "Actual Total Time": 73.501,
                                                            "Actual Rows": 23772,
                                                            "Actual Loops": 1
                                                        },
                                                        {
                                                            "Worker Number": 4,
                                                            "Actual Startup Time": 38.629,
                                                            "Actual Total Time": 74.256,
                                                            "Actual Rows": 15425,
                                                            "Actual Loops": 1
                                                        },
                                                        {
                                                            "Worker Number": 5,
                                                            "Actual Startup Time": 28.298,
                                                            "Actual Total Time": 74.727,
                                                            "Actual Rows": 15792,
                                                            "Actual Loops": 1
                                                        }
                                                    ]
                                                }
                                            ]
                                        }
                                    ]
                                }
                            ]
                        }
                    ]
                }
            ]
        },
        "Planning Time": 171.371,
        "Triggers": [],
        "Execution Time": 1516.954
    }
]