[
  {
    "Plan": {
      "Node Type": "Aggregate",
      "Strategy": "Plain",
      "Partial Mode": "Finalize",
      "Parallel Aware": false,
      "Startup Cost": 46840.85,
      "Total Cost": 46840.86,
      "Plan Rows": 1,
      "Plan Width": 8,
      "Actual Startup Time": 112.454,
      "Actual Total Time": 124.529,
      "Actual Rows": 1,
      "Actual Loops": 1,
      "Plans": [
        {
          "Node Type": "Gather",
          "Parent Relationship": "Outer",
          "Parallel Aware": false,
          "Startup Cost": 46840.43,
          "Total Cost": 46840.84,
          "Plan Rows": 4,
          "Plan Width": 8,
          "Actual Startup Time": 112.165,
          "Actual Total Time": 124.518,
          "Actual Rows": 5,
          "Actual Loops": 1,
          "Workers Planned": 4,
          "Workers Launched": 4,
          "Single Copy": false,
          "Plans": [
            {
              "Node Type": "Aggregate",
              "Strategy": "Plain",
              "Partial Mode": "Partial",
              "Parent Relationship": "Outer",
              "Parallel Aware": false,
              "Startup Cost": 45840.43,
              "Total Cost": 45840.44,
              "Plan Rows": 1,
              "Plan Width": 8,
              "Actual Startup Time": 104.262,
              "Actual Total Time": 104.263,
              "Actual Rows": 1,
              "Actual Loops": 5,
              "Plans": [
                {
                  "Node Type": "Seq Scan",
                  "Parent Relationship": "Outer",
                  "Parallel Aware": true,
                  "Relation Name": "title",
                  "Alias": "t",
                  "Startup Cost": 0.0,
                  "Total Cost": 45479.1,
                  "Plan Rows": 144532,
                  "Plan Width": 0,
                  "Actual Startup Time": 48.526,
                  "Actual Total Time": 99.326,
                  "Actual Rows": 92141,
                  "Actual Loops": 5,
                  "Filter": "((production_year > 1961) AND (kind_id = 1))",
                  "Rows Removed by Filter": 413522
                }
              ]
            }
          ]
        }
      ]
    },
    "Planning Time": 0.197,
    "Triggers": [],
    "Execution Time": 124.596
  }
]