{
    "Plan": {
        "Node Type": "Aggregate",
        "Strategy": "Plain",
        "Partial Mode": "Finalize",
        "Parallel Aware": false,
        "Startup Cost": 299954.94,
        "Total Cost": 299954.95,
        "Plan Rows": 1,
        "Plan Width": 8,
        "Actual Startup Time": 655.91,
        "Actual Total Time": 686.847,
        "Actual Rows": 1,
        "Actual Loops": 1,
        "Output": [
            "count(*)"
        ],
        "Plans": [
            {
                "Node Type": "Gather",
                "Parent Relationship": "Outer",
                "Parallel Aware": false,
                "Startup Cost": 299954.32,
                "Total Cost": 299954.93,
                "Plan Rows": 6,
                "Plan Width": 8,
                "Actual Startup Time": 647.94,
                "Actual Total Time": 686.836,
                "Actual Rows": 7,
                "Actual Loops": 1,
                "Output": [
                    "(PARTIAL count(*))"
                ],
                "Workers Planned": 6,
                "Workers Launched": 6,
                "Single Copy": false,
                "Plans": [
                    {
                        "Node Type": "Aggregate",
                        "Strategy": "Plain",
                        "Partial Mode": "Partial",
                        "Parent Relationship": "Outer",
                        "Parallel Aware": false,
                        "Startup Cost": 298954.32,
                        "Total Cost": 298954.33,
                        "Plan Rows": 1,
                        "Plan Width": 8,
                        "Actual Startup Time": 636.313,
                        "Actual Total Time": 636.316,
                        "Actual Rows": 1,
                        "Actual Loops": 7,
                        "Output": [
                            "PARTIAL count(*)"
                        ],
                        "Workers": [
                            {
                                "Worker Number": 0,
                                "Actual Startup Time": 634.167,
                                "Actual Total Time": 634.17,
                                "Actual Rows": 1,
                                "Actual Loops": 1
                            },
                            {
                                "Worker Number": 1,
                                "Actual Startup Time": 634.448,
                                "Actual Total Time": 634.451,
                                "Actual Rows": 1,
                                "Actual Loops": 1
                            },
                            {
                                "Worker Number": 2,
                                "Actual Startup Time": 635.155,
                                "Actual Total Time": 635.158,
                                "Actual Rows": 1,
                                "Actual Loops": 1
                            },
                            {
                                "Worker Number": 3,
                                "Actual Startup Time": 634.426,
                                "Actual Total Time": 634.429,
                                "Actual Rows": 1,
                                "Actual Loops": 1
                            },
                            {
                                "Worker Number": 4,
                                "Actual Startup Time": 634.462,
                                "Actual Total Time": 634.464,
                                "Actual Rows": 1,
                                "Actual Loops": 1
                            },
                            {
                                "Worker Number": 5,
                                "Actual Startup Time": 634.481,
                                "Actual Total Time": 634.483,
                                "Actual Rows": 1,
                                "Actual Loops": 1
                            }
                        ],
                        "Plans": [
                            {
                                "Node Type": "Hash Join",
                                "Parent Relationship": "Outer",
                                "Parallel Aware": true,
                                "Join Type": "Inner",
                                "Startup Cost": 46438.85,
                                "Total Cost": 298726.6,
                                "Plan Rows": 91086,
                                "Plan Width": 0,
                                "Actual Startup Time": 129.414,
                                "Actual Total Time": 627.791,
                                "Actual Rows": 173936,
                                "Actual Loops": 7,
                                "Inner Unique": true,
                                "Hash Cond": "(ci.movie_id = t.id)",
                                "Workers": [
                                    {
                                        "Worker Number": 0,
                                        "Actual Startup Time": 127.229,
                                        "Actual Total Time": 626.372,
                                        "Actual Rows": 152174,
                                        "Actual Loops": 1
                                    },
                                    {
                                        "Worker Number": 1,
                                        "Actual Startup Time": 127.724,
                                        "Actual Total Time": 625.996,
                                        "Actual Rows": 175550,
                                        "Actual Loops": 1
                                    },
                                    {
                                        "Worker Number": 2,
                                        "Actual Startup Time": 127.896,
                                        "Actual Total Time": 627.367,
                                        "Actual Rows": 153355,
                                        "Actual Loops": 1
                                    },
                                    {
                                        "Worker Number": 3,
                                        "Actual Startup Time": 127.731,
                                        "Actual Total Time": 625.736,
                                        "Actual Rows": 179570,
                                        "Actual Loops": 1
                                    },
                                    {
                                        "Worker Number": 4,
                                        "Actual Startup Time": 127.63,
                                        "Actual Total Time": 625.034,
                                        "Actual Rows": 179120,
                                        "Actual Loops": 1
                                    },
                                    {
                                        "Worker Number": 5,
                                        "Actual Startup Time": 127.598,
                                        "Actual Total Time": 626.055,
                                        "Actual Rows": 173516,
                                        "Actual Loops": 1
                                    }
                                ],
                                "Plans": [
                                    {
                                        "Node Type": "Index Scan",
                                        "Parent Relationship": "Outer",
                                        "Parallel Aware": true,
                                        "Scan Direction": "Forward",
                                        "Index Name": "role_id_cast_info",
                                        "Relation Name": "cast_info",
                                        "Schema": "public",
                                        "Alias": "ci",
                                        "Startup Cost": 0.56,
                                        "Total Cost": 251544.36,
                                        "Plan Rows": 283415,
                                        "Plan Width": 4,
                                        "Actual Startup Time": 0.158,
                                        "Actual Total Time": 278.874,
                                        "Actual Rows": 750926,
                                        "Actual Loops": 7,
                                        "Output": [
                                            "ci.id",
                                            "ci.person_id",
                                            "ci.movie_id",
                                            "ci.person_role_id",
                                            "ci.note",
                                            "ci.nr_order",
                                            "ci.role_id"
                                        ],
                                        "Index Cond": "(ci.role_id > 4)",
                                        "Rows Removed by Index Recheck": 0,
                                        "Filter": "(ci.person_id > 3004139)",
                                        "Rows Removed by Filter": 589746,
                                        "Workers": [
                                            {
                                                "Worker Number": 0,
                                                "Actual Startup Time": 0.173,
                                                "Actual Total Time": 275.254,
                                                "Actual Rows": 653981,
                                                "Actual Loops": 1
                                            },
                                            {
                                                "Worker Number": 1,
                                                "Actual Startup Time": 0.164,
                                                "Actual Total Time": 285.936,
                                                "Actual Rows": 752576,
                                                "Actual Loops": 1
                                            },
                                            {
                                                "Worker Number": 2,
                                                "Actual Startup Time": 0.39,
                                                "Actual Total Time": 275.024,
                                                "Actual Rows": 656715,
                                                "Actual Loops": 1
                                            },
                                            {
                                                "Worker Number": 3,
                                                "Actual Startup Time": 0.111,
                                                "Actual Total Time": 286.902,
                                                "Actual Rows": 765444,
                                                "Actual Loops": 1
                                            },
                                            {
                                                "Worker Number": 4,
                                                "Actual Startup Time": 0.089,
                                                "Actual Total Time": 285.694,
                                                "Actual Rows": 767703,
                                                "Actual Loops": 1
                                            },
                                            {
                                                "Worker Number": 5,
                                                "Actual Startup Time": 0.148,
                                                "Actual Total Time": 285.236,
                                                "Actual Rows": 760634,
                                                "Actual Loops": 1
                                            }
                                        ]
                                    },
                                    {
                                        "Node Type": "Hash",
                                        "Parent Relationship": "Inner",
                                        "Parallel Aware": true,
                                        "Startup Cost": 43899.01,
                                        "Total Cost": 43899.01,
                                        "Plan Rows": 203142,
                                        "Plan Width": 4,
                                        "Actual Startup Time": 125.882,
                                        "Actual Total Time": 125.883,
                                        "Actual Rows": 116101,
                                        "Actual Loops": 7,
                                        "Output": [
                                            "t.id"
                                        ],
                                        "Hash Buckets": 1048576,
                                        "Original Hash Buckets": 1048576,
                                        "Hash Batches": 1,
                                        "Original Hash Batches": 1,
                                        "Peak Memory Usage": 40128,
                                        "Workers": [
                                            {
                                                "Worker Number": 0,
                                                "Actual Startup Time": 126.626,
                                                "Actual Total Time": 126.628,
                                                "Actual Rows": 98892,
                                                "Actual Loops": 1
                                            },
                                            {
                                                "Worker Number": 1,
                                                "Actual Startup Time": 126.972,
                                                "Actual Total Time": 126.973,
                                                "Actual Rows": 113038,
                                                "Actual Loops": 1
                                            },
                                            {
                                                "Worker Number": 2,
                                                "Actual Startup Time": 127.12,
                                                "Actual Total Time": 127.121,
                                                "Actual Rows": 96651,
                                                "Actual Loops": 1
                                            },
                                            {
                                                "Worker Number": 3,
                                                "Actual Startup Time": 126.958,
                                                "Actual Total Time": 126.958,
                                                "Actual Rows": 113912,
                                                "Actual Loops": 1
                                            },
                                            {
                                                "Worker Number": 4,
                                                "Actual Startup Time": 126.94,
                                                "Actual Total Time": 126.941,
                                                "Actual Rows": 110955,
                                                "Actual Loops": 1
                                            },
                                            {
                                                "Worker Number": 5,
                                                "Actual Startup Time": 126.932,
                                                "Actual Total Time": 126.933,
                                                "Actual Rows": 110709,
                                                "Actual Loops": 1
                                            }
                                        ],
                                        "Plans": [
                                            {
                                                "Node Type": "Seq Scan",
                                                "Parent Relationship": "Outer",
                                                "Parallel Aware": true,
                                                "Relation Name": "title",
                                                "Schema": "public",
                                                "Alias": "t",
                                                "Startup Cost": 0.0,
                                                "Total Cost": 43899.01,
                                                "Plan Rows": 203142,
                                                "Plan Width": 4,
                                                "Actual Startup Time": 0.058,
                                                "Actual Total Time": 72.683,
                                                "Actual Rows": 116101,
                                                "Actual Loops": 7,
                                                "Output": [
                                                    "t.id"
                                                ],
                                                "Filter": "(t.production_year < 1995)",
                                                "Rows Removed by Filter": 245087,
                                                "Workers": [
                                                    {
                                                        "Worker Number": 0,
                                                        "Actual Startup Time": 0.087,
                                                        "Actual Total Time": 73.327,
                                                        "Actual Rows": 98892,
                                                        "Actual Loops": 1
                                                    },
                                                    {
                                                        "Worker Number": 1,
                                                        "Actual Startup Time": 0.058,
                                                        "Actual Total Time": 74.831,
                                                        "Actual Rows": 113038,
                                                        "Actual Loops": 1
                                                    },
                                                    {
                                                        "Worker Number": 2,
                                                        "Actual Startup Time": 0.064,
                                                        "Actual Total Time": 72.218,
                                                        "Actual Rows": 96651,
                                                        "Actual Loops": 1
                                                    },
                                                    {
                                                        "Worker Number": 3,
                                                        "Actual Startup Time": 0.062,
                                                        "Actual Total Time": 75.048,
                                                        "Actual Rows": 113912,
                                                        "Actual Loops": 1
                                                    },
                                                    {
                                                        "Worker Number": 4,
                                                        "Actual Startup Time": 0.057,
                                                        "Actual Total Time": 73.716,
                                                        "Actual Rows": 110955,
                                                        "Actual Loops": 1
                                                    },
                                                    {
                                                        "Worker Number": 5,
                                                        "Actual Startup Time": 0.065,
                                                        "Actual Total Time": 73.531,
                                                        "Actual Rows": 110709,
                                                        "Actual Loops": 1
                                                    }
                                                ]
                                            }
                                        ]
                                    }
                                ]
                            }
                        ]
                    }
                ]
            }
        ]
    },
    "Planning Time": 0.659,
    "Triggers": [],
    "Execution Time": 686.934
}