{
  "Plan": {
    "Node Type": "Aggregate",
    "Strategy": "Plain",
    "Partial Mode": "Finalize",
    "Parallel Aware": false,
    "Startup Cost": 545401.02,
    "Total Cost": 545401.03,
    "Plan Rows": 1,
    "Plan Width": 8,
    "Actual Startup Time": 2184.684,
    "Actual Total Time": 2245.338,
    "Actual Rows": 1,
    "Actual Loops": 1,
    "Plans": [
      {
        "Node Type": "Gather",
        "Parent Relationship": "Outer",
        "Parallel Aware": false,
        "Startup Cost": 545400.91,
        "Total Cost": 545401.02,
        "Plan Rows": 1,
        "Plan Width": 8,
        "Actual Startup Time": 2182.94,
        "Actual Total Time": 2245.327,
        "Actual Rows": 2,
        "Actual Loops": 1,
        "Workers Planned": 1,
        "Workers Launched": 1,
        "Single Copy": false,
        "Plans": [
          {
            "Node Type": "Aggregate",
            "Strategy": "Plain",
            "Partial Mode": "Partial",
            "Parent Relationship": "Outer",
            "Parallel Aware": false,
            "Startup Cost": 544400.91,
            "Total Cost": 544400.92,
            "Plan Rows": 1,
            "Plan Width": 8,
            "Actual Startup Time": 2176.957,
            "Actual Total Time": 2177.264,
            "Actual Rows": 1,
            "Actual Loops": 2,
            "Plans": [
              {
                "Node Type": "Hash Join",
                "Parent Relationship": "Outer",
                "Parallel Aware": true,
                "Join Type": "Inner",
                "Startup Cost": 253930.19,
                "Total Cost": 542640.47,
                "Plan Rows": 704176,
                "Plan Width": 0,
                "Actual Startup Time": 826.329,
                "Actual Total Time": 2045.891,
                "Actual Rows": 3311460,
                "Actual Loops": 2,
                "Inner Unique": false,
                "Hash Cond": "(mi.movie_id = t.id)",
                "Plans": [
                  {
                    "Node Type": "Seq Scan",
                    "Parent Relationship": "Outer",
                    "Parallel Aware": true,
                    "Relation Name": "movie_info",
                    "Alias": "mi",
                    "Startup Cost": 0.0,
                    "Total Cost": 270696.42,
                    "Plan Rows": 3699105,
                    "Plan Width": 4,
                    "Actual Startup Time": 35.774,
                    "Actual Total Time": 698.686,
                    "Actual Rows": 3111747,
                    "Actual Loops": 2,
                    "Filter": "(info_type_id > 8)",
                    "Rows Removed by Filter": 4306113
                  },
                  {
                    "Node Type": "Hash",
                    "Parent Relationship": "Inner",
                    "Parallel Aware": true,
                    "Startup Cost": 250391.26,
                    "Total Cost": 250391.26,
                    "Plan Rows": 283115,
                    "Plan Width": 8,
                    "Actual Startup Time": 784.708,
                    "Actual Total Time": 785.014,
                    "Actual Rows": 84154,
                    "Actual Loops": 2,
                    "Hash Buckets": 524288,
                    "Original Hash Buckets": 524288,
                    "Hash Batches": 1,
                    "Original Hash Batches": 1,
                    "Peak Memory Usage": 10720,
                    "Plans": [
                      {
                        "Node Type": "Hash Join",
                        "Parent Relationship": "Outer",
                        "Parallel Aware": true,
                        "Join Type": "Inner",
                        "Startup Cost": 61389.68,
                        "Total Cost": 250391.26,
                        "Plan Rows": 283115,
                        "Plan Width": 8,
                        "Actual Startup Time": 216.802,
                        "Actual Total Time": 757.147,
                        "Actual Rows": 84154,
                        "Actual Loops": 2,
                        "Inner Unique": true,
                        "Hash Cond": "(ci.movie_id = t.id)",
                        "Plans": [
                          {
                            "Node Type": "Index Scan",
                            "Parent Relationship": "Outer",
                            "Parallel Aware": true,
                            "Scan Direction": "Forward",
                            "Index Name": "role_id_cast_info",
                            "Relation Name": "cast_info",
                            "Alias": "ci",
                            "Startup Cost": 0.56,
                            "Total Cost": 184520.29,
                            "Plan Rows": 1707367,
                            "Plan Width": 4,
                            "Actual Startup Time": 0.163,
                            "Actual Total Time": 376.404,
                            "Actual Rows": 505618,
                            "Actual Loops": 2,
                            "Index Cond": "(role_id > 8)",
                            "Rows Removed by Index Recheck": 0,
                            "Filter": "(person_id < 1821667)",
                            "Rows Removed by Filter": 2360729
                          },
                          {
                            "Node Type": "Hash",
                            "Parent Relationship": "Inner",
                            "Parallel Aware": true,
                            "Startup Cost": 58306.47,
                            "Total Cost": 58306.47,
                            "Plan Rows": 246612,
                            "Plan Width": 4,
                            "Actual Startup Time": 213.177,
                            "Actual Total Time": 213.179,
                            "Actual Rows": 258984,
                            "Actual Loops": 2,
                            "Hash Buckets": 524288,
                            "Original Hash Buckets": 524288,
                            "Hash Batches": 1,
                            "Original Hash Batches": 1,
                            "Peak Memory Usage": 24384,
                            "Plans": [
                              {
                                "Node Type": "Seq Scan",
                                "Parent Relationship": "Outer",
                                "Parallel Aware": true,
                                "Relation Name": "title",
                                "Alias": "t",
                                "Startup Cost": 0.0,
                                "Total Cost": 58306.47,
                                "Plan Rows": 246612,
                                "Plan Width": 4,
                                "Actual Startup Time": 0.058,
                                "Actual Total Time": 153.892,
                                "Actual Rows": 258984,
                                "Actual Loops": 2,
                                "Filter": "((kind_id < 7) AND (production_year < 2001))",
                                "Rows Removed by Filter": 1005172
                              }
                            ]
                          }
                        ]
                      }
                    ]
                  }
                ]
              }
            ]
          }
        ]
      }
    ]
  },
  "Planning Time": 1.059,
  "Triggers": [],
  "Execution Time": 2245.441
}