[
  {
    "Plan": {
      "Node Type": "Aggregate",
      "Strategy": "Plain",
      "Partial Mode": "Finalize",
      "Parallel Aware": false,
      "Startup Cost": 135149.62,
      "Total Cost": 135149.63,
      "Plan Rows": 1,
      "Plan Width": 8,
      "Actual Startup Time": 882.437,
      "Actual Total Time": 912.391,
      "Actual Rows": 1,
      "Actual Loops": 1,
      "Plans": [
        {
          "Node Type": "Gather",
          "Parent Relationship": "Outer",
          "Parallel Aware": false,
          "Startup Cost": 135149.3,
          "Total Cost": 135149.61,
          "Plan Rows": 3,
          "Plan Width": 8,
          "Actual Startup Time": 874.988,
          "Actual Total Time": 912.379,
          "Actual Rows": 4,
          "Actual Loops": 1,
          "Workers Planned": 3,
          "Workers Launched": 3,
          "Single Copy": false,
          "Plans": [
            {
              "Node Type": "Aggregate",
              "Strategy": "Plain",
              "Partial Mode": "Partial",
              "Parent Relationship": "Outer",
              "Parallel Aware": false,
              "Startup Cost": 134149.3,
              "Total Cost": 134149.31,
              "Plan Rows": 1,
              "Plan Width": 8,
              "Actual Startup Time": 858.253,
              "Actual Total Time": 858.432,
              "Actual Rows": 1,
              "Actual Loops": 4,
              "Plans": [
                {
                  "Node Type": "Hash Join",
                  "Parent Relationship": "Outer",
                  "Parallel Aware": true,
                  "Join Type": "Inner",
                  "Startup Cost": 83872.34,
                  "Total Cost": 132955.27,
                  "Plan Rows": 477611,
                  "Plan Width": 0,
                  "Actual Startup Time": 627.819,
                  "Actual Total Time": 849.876,
                  "Actual Rows": 171214,
                  "Actual Loops": 4,
                  "Inner Unique": false,
                  "Hash Cond": "(mk.movie_id = t.id)",
                  "Plans": [
                    {
                      "Node Type": "Seq Scan",
                      "Parent Relationship": "Outer",
                      "Parallel Aware": true,
                      "Relation Name": "movie_keyword",
                      "Alias": "mk",
                      "Startup Cost": 0.0,
                      "Total Cost": 42695.65,
                      "Plan Rows": 1292426,
                      "Plan Width": 4,
                      "Actual Startup Time": 0.081,
                      "Actual Total Time": 128.112,
                      "Actual Rows": 1001433,
                      "Actual Loops": 4,
                      "Filter": "(keyword_id > 377)",
                      "Rows Removed by Filter": 129550
                    },
                    {
                      "Node Type": "Hash",
                      "Parent Relationship": "Inner",
                      "Parallel Aware": true,
                      "Startup Cost": 80104.73,
                      "Total Cost": 80104.73,
                      "Plan Rows": 301409,
                      "Plan Width": 8,
                      "Actual Startup Time": 620.892,
                      "Actual Total Time": 621.07,
                      "Actual Rows": 70618,
                      "Actual Loops": 4,
                      "Hash Buckets": 1048576,
                      "Original Hash Buckets": 1048576,
                      "Hash Batches": 1,
                      "Original Hash Batches": 1,
                      "Peak Memory Usage": 19328,
                      "Plans": [
                        {
                          "Node Type": "Hash Join",
                          "Parent Relationship": "Outer",
                          "Parallel Aware": true,
                          "Join Type": "Inner",
                          "Startup Cost": 49036.46,
                          "Total Cost": 80104.73,
                          "Plan Rows": 301409,
                          "Plan Width": 8,
                          "Actual Startup Time": 362.122,
                          "Actual Total Time": 571.404,
                          "Actual Rows": 70618,
                          "Actual Loops": 4,
                          "Inner Unique": true,
                          "Hash Cond": "(mc.movie_id = t.id)",
                          "Plans": [
                            {
                              "Node Type": "Seq Scan",
                              "Parent Relationship": "Outer",
                              "Parallel Aware": true,
                              "Relation Name": "movie_companies",
                              "Alias": "mc",
                              "Startup Cost": 0.0,
                              "Total Cost": 29310.68,
                              "Plan Rows": 669556,
                              "Plan Width": 4,
                              "Actual Startup Time": 0.149,
                              "Actual Total Time": 86.055,
                              "Actual Rows": 520494,
                              "Actual Loops": 4,
                              "Filter": "(company_id > 483)",
                              "Rows Removed by Filter": 131788
                            },
                            {
                              "Node Type": "Hash",
                              "Parent Relationship": "Inner",
                              "Parallel Aware": true,
                              "Startup Cost": 45479.59,
                              "Total Cost": 45479.59,
                              "Plan Rows": 284550,
                              "Plan Width": 4,
                              "Actual Startup Time": 353.987,
                              "Actual Total Time": 353.988,
                              "Actual Rows": 306168,
                              "Actual Loops": 4,
                              "Hash Buckets": 2097152,
                              "Original Hash Buckets": 2097152,
                              "Hash Batches": 1,
                              "Original Hash Batches": 1,
                              "Peak Memory Usage": 64352,
                              "Plans": [
                                {
                                  "Node Type": "Seq Scan",
                                  "Parent Relationship": "Outer",
                                  "Parallel Aware": true,
                                  "Relation Name": "title",
                                  "Alias": "t",
                                  "Startup Cost": 0.0,
                                  "Total Cost": 45479.59,
                                  "Plan Rows": 284550,
                                  "Plan Width": 4,
                                  "Actual Startup Time": 0.054,
                                  "Actual Total Time": 140.317,
                                  "Actual Rows": 306168,
                                  "Actual Loops": 4,
                                  "Filter": "((production_year > 1985) AND (kind_id = 7))",
                                  "Rows Removed by Filter": 325910
                                }
                              ]
                            }
                          ]
                        }
                      ]
                    }
                  ]
                }
              ]
            }
          ]
        }
      ]
    },
    "Planning Time": 0.717,
    "Triggers": [],
    "Execution Time": 912.453
  }
]