[
  {
    "Plan": {
      "Node Type": "Aggregate",
      "Strategy": "Plain",
      "Partial Mode": "Finalize",
      "Parallel Aware": false,
      "Startup Cost": 31040.59,
      "Total Cost": 31040.6,
      "Plan Rows": 1,
      "Plan Width": 8,
      "Actual Startup Time": 88.007,
      "Actual Total Time": 93.391,
      "Actual Rows": 1,
      "Actual Loops": 1,
      "Plans": [
        {
          "Node Type": "Gather",
          "Parent Relationship": "Outer",
          "Parallel Aware": false,
          "Startup Cost": 31040.27,
          "Total Cost": 31040.58,
          "Plan Rows": 3,
          "Plan Width": 8,
          "Actual Startup Time": 87.898,
          "Actual Total Time": 93.385,
          "Actual Rows": 4,
          "Actual Loops": 1,
          "Workers Planned": 3,
          "Workers Launched": 3,
          "Single Copy": false,
          "Plans": [
            {
              "Node Type": "Aggregate",
              "Strategy": "Plain",
              "Partial Mode": "Partial",
              "Parent Relationship": "Outer",
              "Parallel Aware": false,
              "Startup Cost": 30040.27,
              "Total Cost": 30040.28,
              "Plan Rows": 1,
              "Plan Width": 8,
              "Actual Startup Time": 83.169,
              "Actual Total Time": 83.17,
              "Actual Rows": 1,
              "Actual Loops": 4,
              "Plans": [
                {
                  "Node Type": "Seq Scan",
                  "Parent Relationship": "Outer",
                  "Parallel Aware": true,
                  "Relation Name": "movie_companies",
                  "Alias": "mc",
                  "Startup Cost": 0.0,
                  "Total Cost": 29310.68,
                  "Plan Rows": 291836,
                  "Plan Width": 0,
                  "Actual Startup Time": 19.811,
                  "Actual Total Time": 73.293,
                  "Actual Rows": 229222,
                  "Actual Loops": 4,
                  "Filter": "(company_id > 20380)",
                  "Rows Removed by Filter": 423061
                }
              ]
            }
          ]
        }
      ]
    },
    "Planning Time": 0.12,
    "Triggers": [],
    "Execution Time": 93.43
  }
]