{
  "Plan": {
    "Node Type": "Aggregate",
    "Strategy": "Plain",
    "Partial Mode": "Finalize",
    "Parallel Aware": false,
    "Startup Cost": 98056.02,
    "Total Cost": 98056.03,
    "Plan Rows": 1,
    "Plan Width": 8,
    "Actual Startup Time": 548.947,
    "Actual Total Time": 561.346,
    "Actual Rows": 1,
    "Actual Loops": 1,
    "Plans": [
      {
        "Node Type": "Gather",
        "Parent Relationship": "Outer",
        "Parallel Aware": false,
        "Startup Cost": 98055.91,
        "Total Cost": 98056.02,
        "Plan Rows": 1,
        "Plan Width": 8,
        "Actual Startup Time": 548.092,
        "Actual Total Time": 561.339,
        "Actual Rows": 2,
        "Actual Loops": 1,
        "Workers Planned": 1,
        "Workers Launched": 1,
        "Single Copy": false,
        "Plans": [
          {
            "Node Type": "Aggregate",
            "Strategy": "Plain",
            "Partial Mode": "Partial",
            "Parent Relationship": "Outer",
            "Parallel Aware": false,
            "Startup Cost": 97055.91,
            "Total Cost": 97055.92,
            "Plan Rows": 1,
            "Plan Width": 8,
            "Actual Startup Time": 542.207,
            "Actual Total Time": 542.21,
            "Actual Rows": 1,
            "Actual Loops": 2,
            "Plans": [
              {
                "Node Type": "Hash Join",
                "Parent Relationship": "Outer",
                "Parallel Aware": true,
                "Join Type": "Inner",
                "Startup Cost": 34081.82,
                "Total Cost": 96599.91,
                "Plan Rows": 182400,
                "Plan Width": 0,
                "Actual Startup Time": 141.92,
                "Actual Total Time": 537.975,
                "Actual Rows": 64682,
                "Actual Loops": 2,
                "Inner Unique": false,
                "Hash Cond": "(t.id = mc.movie_id)",
                "Plans": [
                  {
                    "Node Type": "Seq Scan",
                    "Parent Relationship": "Outer",
                    "Parallel Aware": true,
                    "Relation Name": "title",
                    "Alias": "t",
                    "Startup Cost": 0.0,
                    "Total Cost": 54588.39,
                    "Plan Rows": 1097081,
                    "Plan Width": 4,
                    "Actual Startup Time": 0.014,
                    "Actual Total Time": 187.119,
                    "Actual Rows": 932744,
                    "Actual Loops": 2,
                    "Filter": "(kind_id > 1)",
                    "Rows Removed by Filter": 331412
                  },
                  {
                    "Node Type": "Hash",
                    "Parent Relationship": "Inner",
                    "Parallel Aware": true,
                    "Startup Cost": 30991.0,
                    "Total Cost": 30991.0,
                    "Plan Rows": 247266,
                    "Plan Width": 4,
                    "Actual Startup Time": 126.351,
                    "Actual Total Time": 126.353,
                    "Actual Rows": 213866,
                    "Actual Loops": 2,
                    "Hash Buckets": 524288,
                    "Original Hash Buckets": 524288,
                    "Hash Batches": 1,
                    "Original Hash Batches": 1,
                    "Peak Memory Usage": 20864,
                    "Plans": [
                      {
                        "Node Type": "Bitmap Heap Scan",
                        "Parent Relationship": "Outer",
                        "Parallel Aware": true,
                        "Relation Name": "movie_companies",
                        "Alias": "mc",
                        "Startup Cost": 9110.17,
                        "Total Cost": 30991.0,
                        "Plan Rows": 247266,
                        "Plan Width": 4,
                        "Actual Startup Time": 33.396,
                        "Actual Total Time": 80.304,
                        "Actual Rows": 213866,
                        "Actual Loops": 2,
                        "Recheck Cond": "(company_id > 79423)",
                        "Rows Removed by Index Recheck": 0,
                        "Exact Heap Blocks": 4737,
                        "Lossy Heap Blocks": 0,
                        "Plans": [
                          {
                            "Node Type": "Bitmap Index Scan",
                            "Parent Relationship": "Outer",
                            "Parallel Aware": false,
                            "Index Name": "company_id_movie_companies",
                            "Startup Cost": 0.0,
                            "Total Cost": 9005.08,
                            "Plan Rows": 420353,
                            "Plan Width": 0,
                            "Actual Startup Time": 33.302,
                            "Actual Total Time": 33.302,
                            "Actual Rows": 427731,
                            "Actual Loops": 1,
                            "Index Cond": "(company_id > 79423)"
                          }
                        ]
                      }
                    ]
                  }
                ]
              }
            ]
          }
        ]
      }
    ]
  },
  "Planning Time": 0.501,
  "Triggers": [],
  "Execution Time": 561.424
}