[
  {
    "Plan": {
      "Node Type": "Aggregate",
      "Strategy": "Plain",
      "Partial Mode": "Finalize",
      "Parallel Aware": false,
      "Startup Cost": 251793.65,
      "Total Cost": 251793.66,
      "Plan Rows": 1,
      "Plan Width": 8,
      "Actual Startup Time": 442.044,
      "Actual Total Time": 492.824,
      "Actual Rows": 1,
      "Actual Loops": 1,
      "Plans": [
        {
          "Node Type": "Gather",
          "Parent Relationship": "Outer",
          "Parallel Aware": false,
          "Startup Cost": 251793.12,
          "Total Cost": 251793.63,
          "Plan Rows": 5,
          "Plan Width": 8,
          "Actual Startup Time": 441.468,
          "Actual Total Time": 492.815,
          "Actual Rows": 6,
          "Actual Loops": 1,
          "Workers Planned": 5,
          "Workers Launched": 5,
          "Single Copy": false,
          "Plans": [
            {
              "Node Type": "Aggregate",
              "Strategy": "Plain",
              "Partial Mode": "Partial",
              "Parent Relationship": "Outer",
              "Parallel Aware": false,
              "Startup Cost": 250793.12,
              "Total Cost": 250793.13,
              "Plan Rows": 1,
              "Plan Width": 8,
              "Actual Startup Time": 434.155,
              "Actual Total Time": 434.16,
              "Actual Rows": 1,
              "Actual Loops": 6,
              "Plans": [
                {
                  "Node Type": "Nested Loop",
                  "Parent Relationship": "Outer",
                  "Parallel Aware": false,
                  "Join Type": "Inner",
                  "Startup Cost": 70817.95,
                  "Total Cost": 250755.28,
                  "Plan Rows": 15137,
                  "Plan Width": 0,
                  "Actual Startup Time": 130.177,
                  "Actual Total Time": 432.569,
                  "Actual Rows": 22272,
                  "Actual Loops": 6,
                  "Inner Unique": false,
                  "Join Filter": "(t.id = ci.movie_id)",
                  "Rows Removed by Join Filter": 0,
                  "Plans": [
                    {
                      "Node Type": "Hash Join",
                      "Parent Relationship": "Outer",
                      "Parallel Aware": true,
                      "Join Type": "Inner",
                      "Startup Cost": 70817.39,
                      "Total Cost": 237025.89,
                      "Plan Rows": 5408,
                      "Plan Width": 8,
                      "Actual Startup Time": 129.024,
                      "Actual Total Time": 189.748,
                      "Actual Rows": 4134,
                      "Actual Loops": 6,
                      "Inner Unique": true,
                      "Hash Cond": "(mi.movie_id = t.id)",
                      "Plans": [
                        {
                          "Node Type": "Bitmap Heap Scan",
                          "Parent Relationship": "Outer",
                          "Parallel Aware": true,
                          "Relation Name": "movie_info",
                          "Alias": "mi",
                          "Startup Cost": 25184.48,
                          "Total Cost": 190661.36,
                          "Plan Rows": 278711,
                          "Plan Width": 4,
                          "Actual Startup Time": 49.656,
                          "Actual Total Time": 80.983,
                          "Actual Rows": 233650,
                          "Actual Loops": 6,
                          "Recheck Cond": "(info_type_id = 7)",
                          "Rows Removed by Index Recheck": 0,
                          "Exact Heap Blocks": 3298,
                          "Lossy Heap Blocks": 0,
                          "Plans": [
                            {
                              "Node Type": "Bitmap Index Scan",
                              "Parent Relationship": "Outer",
                              "Parallel Aware": false,
                              "Index Name": "info_type_id_movie_info",
                              "Startup Cost": 0.0,
                              "Total Cost": 24836.09,
                              "Plan Rows": 1393554,
                              "Plan Width": 0,
                              "Actual Startup Time": 47.981,
                              "Actual Total Time": 47.982,
                              "Actual Rows": 1401902,
                              "Actual Loops": 1,
                              "Index Cond": "(info_type_id = 7)"
                            }
                          ]
                        },
                        {
                          "Node Type": "Hash",
                          "Parent Relationship": "Inner",
                          "Parallel Aware": true,
                          "Startup Cost": 45479.59,
                          "Total Cost": 45479.59,
                          "Plan Rows": 12266,
                          "Plan Width": 4,
                          "Actual Startup Time": 78.443,
                          "Actual Total Time": 78.444,
                          "Actual Rows": 7335,
                          "Actual Loops": 6,
                          "Hash Buckets": 65536,
                          "Original Hash Buckets": 65536,
                          "Hash Batches": 1,
                          "Original Hash Batches": 1,
                          "Peak Memory Usage": 2272,
                          "Plans": [
                            {
                              "Node Type": "Seq Scan",
                              "Parent Relationship": "Outer",
                              "Parallel Aware": true,
                              "Relation Name": "title",
                              "Alias": "t",
                              "Startup Cost": 0.0,
                              "Total Cost": 45479.59,
                              "Plan Rows": 12266,
                              "Plan Width": 4,
                              "Actual Startup Time": 0.14,
                              "Actual Total Time": 75.23,
                              "Actual Rows": 7335,
                              "Actual Loops": 6,
                              "Filter": "((kind_id < 7) AND (production_year = 2009))",
                              "Rows Removed by Filter": 414050
                            }
                          ]
                        }
                      ]
                    },
                    {
                      "Node Type": "Index Scan",
                      "Parent Relationship": "Inner",
                      "Parallel Aware": false,
                      "Scan Direction": "Forward",
                      "Index Name": "movie_id_cast_info",
                      "Relation Name": "cast_info",
                      "Alias": "ci",
                      "Startup Cost": 0.56,
                      "Total Cost": 2.45,
                      "Plan Rows": 7,
                      "Plan Width": 4,
                      "Actual Startup Time": 0.038,
                      "Actual Total Time": 0.058,
                      "Actual Rows": 5,
                      "Actual Loops": 24805,
                      "Index Cond": "(movie_id = mi.movie_id)",
                      "Rows Removed by Index Recheck": 0,
                      "Filter": "((person_id < 1602853) AND (role_id > 2))",
                      "Rows Removed by Filter": 36
                    }
                  ]
                }
              ]
            }
          ]
        }
      ]
    },
    "Planning Time": 0.567,
    "Triggers": [],
    "Execution Time": 492.901
  }
]