{
  "Plan": {
    "Node Type": "Aggregate",
    "Strategy": "Plain",
    "Partial Mode": "Finalize",
    "Parallel Aware": false,
    "Startup Cost": 119795.97,
    "Total Cost": 119795.98,
    "Plan Rows": 1,
    "Plan Width": 8,
    "Actual Startup Time": 445.186,
    "Actual Total Time": 459.0,
    "Actual Rows": 1,
    "Actual Loops": 1,
    "Plans": [
      {
        "Node Type": "Gather",
        "Parent Relationship": "Outer",
        "Parallel Aware": false,
        "Startup Cost": 119795.86,
        "Total Cost": 119795.97,
        "Plan Rows": 1,
        "Plan Width": 8,
        "Actual Startup Time": 445.063,
        "Actual Total Time": 458.993,
        "Actual Rows": 2,
        "Actual Loops": 1,
        "Workers Planned": 1,
        "Workers Launched": 1,
        "Single Copy": false,
        "Plans": [
          {
            "Node Type": "Aggregate",
            "Strategy": "Plain",
            "Partial Mode": "Partial",
            "Parent Relationship": "Outer",
            "Parallel Aware": false,
            "Startup Cost": 118795.86,
            "Total Cost": 118795.87,
            "Plan Rows": 1,
            "Plan Width": 8,
            "Actual Startup Time": 441.536,
            "Actual Total Time": 441.54,
            "Actual Rows": 1,
            "Actual Loops": 2,
            "Plans": [
              {
                "Node Type": "Hash Join",
                "Parent Relationship": "Outer",
                "Parallel Aware": true,
                "Join Type": "Inner",
                "Startup Cost": 54723.48,
                "Total Cost": 118752.19,
                "Plan Rows": 17469,
                "Plan Width": 0,
                "Actual Startup Time": 131.533,
                "Actual Total Time": 440.76,
                "Actual Rows": 17960,
                "Actual Loops": 2,
                "Inner Unique": true,
                "Hash Cond": "(mk.movie_id = t.id)",
                "Plans": [
                  {
                    "Node Type": "Seq Scan",
                    "Parent Relationship": "Outer",
                    "Parallel Aware": true,
                    "Relation Name": "movie_keyword",
                    "Alias": "mk",
                    "Startup Cost": 0.0,
                    "Total Cost": 57718.19,
                    "Plan Rows": 2404003,
                    "Plan Width": 4,
                    "Actual Startup Time": 0.032,
                    "Actual Total Time": 197.777,
                    "Actual Rows": 2035300,
                    "Actual Loops": 2,
                    "Filter": "(keyword_id > 347)",
                    "Rows Removed by Filter": 226665
                  },
                  {
                    "Node Type": "Hash",
                    "Parent Relationship": "Inner",
                    "Parallel Aware": true,
                    "Startup Cost": 54588.39,
                    "Total Cost": 54588.39,
                    "Plan Rows": 10807,
                    "Plan Width": 4,
                    "Actual Startup Time": 130.464,
                    "Actual Total Time": 130.465,
                    "Actual Rows": 7744,
                    "Actual Loops": 2,
                    "Hash Buckets": 32768,
                    "Original Hash Buckets": 32768,
                    "Hash Batches": 1,
                    "Original Hash Batches": 1,
                    "Peak Memory Usage": 896,
                    "Plans": [
                      {
                        "Node Type": "Seq Scan",
                        "Parent Relationship": "Outer",
                        "Parallel Aware": true,
                        "Relation Name": "title",
                        "Alias": "t",
                        "Startup Cost": 0.0,
                        "Total Cost": 54588.39,
                        "Plan Rows": 10807,
                        "Plan Width": 4,
                        "Actual Startup Time": 0.039,
                        "Actual Total Time": 127.401,
                        "Actual Rows": 7744,
                        "Actual Loops": 2,
                        "Filter": "(production_year = 1983)",
                        "Rows Removed by Filter": 1256412
                      }
                    ]
                  }
                ]
              }
            ]
          }
        ]
      }
    ]
  },
  "Planning Time": 0.183,
  "Triggers": [],
  "Execution Time": 459.037
}