{
  "Plan": {
    "Node Type": "Aggregate",
    "Strategy": "Plain",
    "Partial Mode": "Finalize",
    "Parallel Aware": false,
    "Startup Cost": 238060.35,
    "Total Cost": 238060.36,
    "Plan Rows": 1,
    "Plan Width": 8,
    "Actual Startup Time": 254.151,
    "Actual Total Time": 259.698,
    "Actual Rows": 1,
    "Actual Loops": 1,
    "Plans": [
      {
        "Node Type": "Gather",
        "Parent Relationship": "Outer",
        "Parallel Aware": false,
        "Startup Cost": 238060.24,
        "Total Cost": 238060.35,
        "Plan Rows": 1,
        "Plan Width": 8,
        "Actual Startup Time": 253.754,
        "Actual Total Time": 259.689,
        "Actual Rows": 2,
        "Actual Loops": 1,
        "Workers Planned": 1,
        "Workers Launched": 1,
        "Single Copy": false,
        "Plans": [
          {
            "Node Type": "Aggregate",
            "Strategy": "Plain",
            "Partial Mode": "Partial",
            "Parent Relationship": "Outer",
            "Parallel Aware": false,
            "Startup Cost": 237060.24,
            "Total Cost": 237060.25,
            "Plan Rows": 1,
            "Plan Width": 8,
            "Actual Startup Time": 247.379,
            "Actual Total Time": 247.383,
            "Actual Rows": 1,
            "Actual Loops": 2,
            "Plans": [
              {
                "Node Type": "Hash Join",
                "Parent Relationship": "Outer",
                "Parallel Aware": true,
                "Join Type": "Inner",
                "Startup Cost": 63233.37,
                "Total Cost": 237007.18,
                "Plan Rows": 21226,
                "Plan Width": 0,
                "Actual Startup Time": 155.151,
                "Actual Total Time": 245.992,
                "Actual Rows": 31850,
                "Actual Loops": 2,
                "Inner Unique": true,
                "Hash Cond": "(mi.movie_id = t.id)",
                "Plans": [
                  {
                    "Node Type": "Bitmap Heap Scan",
                    "Parent Relationship": "Outer",
                    "Parallel Aware": true,
                    "Relation Name": "movie_info",
                    "Alias": "mi",
                    "Startup Cost": 23986.4,
                    "Total Cost": 195715.6,
                    "Plan Rows": 778896,
                    "Plan Width": 4,
                    "Actual Startup Time": 41.459,
                    "Actual Total Time": 105.357,
                    "Actual Rows": 662680,
                    "Actual Loops": 2,
                    "Recheck Cond": "(info_type_id = 8)",
                    "Rows Removed by Index Recheck": 0,
                    "Exact Heap Blocks": 4437,
                    "Lossy Heap Blocks": 0,
                    "Plans": [
                      {
                        "Node Type": "Bitmap Index Scan",
                        "Parent Relationship": "Outer",
                        "Parallel Aware": false,
                        "Index Name": "info_type_id_movie_info",
                        "Startup Cost": 0.0,
                        "Total Cost": 23655.37,
                        "Plan Rows": 1324124,
                        "Plan Width": 0,
                        "Actual Startup Time": 40.181,
                        "Actual Total Time": 40.181,
                        "Actual Rows": 1325361,
                        "Actual Loops": 1,
                        "Index Cond": "(info_type_id = 8)"
                      }
                    ]
                  },
                  {
                    "Node Type": "Hash",
                    "Parent Relationship": "Inner",
                    "Parallel Aware": true,
                    "Startup Cost": 38740.36,
                    "Total Cost": 38740.36,
                    "Plan Rows": 40529,
                    "Plan Width": 4,
                    "Actual Startup Time": 63.174,
                    "Actual Total Time": 63.175,
                    "Actual Rows": 30349,
                    "Actual Loops": 2,
                    "Hash Buckets": 131072,
                    "Original Hash Buckets": 131072,
                    "Hash Batches": 1,
                    "Original Hash Batches": 1,
                    "Peak Memory Usage": 3456,
                    "Plans": [
                      {
                        "Node Type": "Bitmap Heap Scan",
                        "Parent Relationship": "Outer",
                        "Parallel Aware": true,
                        "Relation Name": "title",
                        "Alias": "t",
                        "Startup Cost": 1840.36,
                        "Total Cost": 38740.36,
                        "Plan Rows": 40529,
                        "Plan Width": 4,
                        "Actual Startup Time": 15.721,
                        "Actual Total Time": 54.357,
                        "Actual Rows": 30349,
                        "Actual Loops": 2,
                        "Recheck Cond": "(kind_id = 3)",
                        "Rows Removed by Index Recheck": 0,
                        "Filter": "(production_year > 1992)",
                        "Rows Removed by Filter": 19920,
                        "Exact Heap Blocks": 10292,
                        "Lossy Heap Blocks": 0,
                        "Plans": [
                          {
                            "Node Type": "Bitmap Index Scan",
                            "Parent Relationship": "Outer",
                            "Parallel Aware": false,
                            "Index Name": "kind_id_title",
                            "Startup Cost": 0.0,
                            "Total Cost": 1823.13,
                            "Plan Rows": 102227,
                            "Plan Width": 0,
                            "Actual Startup Time": 15.02,
                            "Actual Total Time": 15.02,
                            "Actual Rows": 100537,
                            "Actual Loops": 1,
                            "Index Cond": "(kind_id = 3)"
                          }
                        ]
                      }
                    ]
                  }
                ]
              }
            ]
          }
        ]
      }
    ]
  },
  "Planning Time": 0.634,
  "Triggers": [],
  "Execution Time": 259.8
}