[
  {
    "Plan": {
      "Node Type": "Aggregate",
      "Strategy": "Plain",
      "Partial Mode": "Finalize",
      "Parallel Aware": false,
      "Startup Cost": 46909.86,
      "Total Cost": 46909.87,
      "Plan Rows": 1,
      "Plan Width": 8,
      "Actual Startup Time": 98.737,
      "Actual Total Time": 109.632,
      "Actual Rows": 1,
      "Actual Loops": 1,
      "Plans": [
        {
          "Node Type": "Gather",
          "Parent Relationship": "Outer",
          "Parallel Aware": false,
          "Startup Cost": 46909.44,
          "Total Cost": 46909.85,
          "Plan Rows": 4,
          "Plan Width": 8,
          "Actual Startup Time": 98.454,
          "Actual Total Time": 109.624,
          "Actual Rows": 5,
          "Actual Loops": 1,
          "Workers Planned": 4,
          "Workers Launched": 4,
          "Single Copy": false,
          "Plans": [
            {
              "Node Type": "Aggregate",
              "Strategy": "Plain",
              "Partial Mode": "Partial",
              "Parent Relationship": "Outer",
              "Parallel Aware": false,
              "Startup Cost": 45909.44,
              "Total Cost": 45909.45,
              "Plan Rows": 1,
              "Plan Width": 8,
              "Actual Startup Time": 91.313,
              "Actual Total Time": 91.314,
              "Actual Rows": 1,
              "Actual Loops": 5,
              "Plans": [
                {
                  "Node Type": "Seq Scan",
                  "Parent Relationship": "Outer",
                  "Parallel Aware": true,
                  "Relation Name": "title",
                  "Alias": "t",
                  "Startup Cost": 0.0,
                  "Total Cost": 45479.1,
                  "Plan Rows": 172138,
                  "Plan Width": 0,
                  "Actual Startup Time": 0.041,
                  "Actual Total Time": 86.038,
                  "Actual Rows": 117152,
                  "Actual Loops": 5,
                  "Filter": "((kind_id < 7) AND (production_year > 1990))",
                  "Rows Removed by Filter": 388511
                }
              ]
            }
          ]
        }
      ]
    },
    "Planning Time": 0.128,
    "Triggers": [],
    "Execution Time": 109.673
  }
]