[
  {
    "Plan": {
      "Node Type": "Aggregate",
      "Strategy": "Plain",
      "Partial Mode": "Finalize",
      "Parallel Aware": false,
      "Startup Cost": 33034.44,
      "Total Cost": 33034.45,
      "Plan Rows": 1,
      "Plan Width": 8,
      "Actual Startup Time": 86.096,
      "Actual Total Time": 93.908,
      "Actual Rows": 1,
      "Actual Loops": 1,
      "Plans": [
        {
          "Node Type": "Gather",
          "Parent Relationship": "Outer",
          "Parallel Aware": false,
          "Startup Cost": 33034.12,
          "Total Cost": 33034.43,
          "Plan Rows": 3,
          "Plan Width": 8,
          "Actual Startup Time": 85.821,
          "Actual Total Time": 93.899,
          "Actual Rows": 4,
          "Actual Loops": 1,
          "Workers Planned": 3,
          "Workers Launched": 3,
          "Single Copy": false,
          "Plans": [
            {
              "Node Type": "Aggregate",
              "Strategy": "Plain",
              "Partial Mode": "Partial",
              "Parent Relationship": "Outer",
              "Parallel Aware": false,
              "Startup Cost": 32034.12,
              "Total Cost": 32034.13,
              "Plan Rows": 1,
              "Plan Width": 8,
              "Actual Startup Time": 80.823,
              "Actual Total Time": 80.824,
              "Actual Rows": 1,
              "Actual Loops": 4,
              "Plans": [
                {
                  "Node Type": "Seq Scan",
                  "Parent Relationship": "Outer",
                  "Parallel Aware": true,
                  "Relation Name": "movie_companies",
                  "Alias": "mc",
                  "Startup Cost": 0.0,
                  "Total Cost": 31414.82,
                  "Plan Rows": 247720,
                  "Plan Width": 0,
                  "Actual Startup Time": 41.169,
                  "Actual Total Time": 75.391,
                  "Actual Rows": 120679,
                  "Actual Loops": 4,
                  "Filter": "((company_id < 14055) AND (company_type_id = 2))",
                  "Rows Removed by Filter": 531603
                }
              ]
            }
          ]
        }
      ]
    },
    "Planning Time": 0.226,
    "Triggers": [],
    "Execution Time": 93.954
  }
]