{
  "Plan": {
    "Node Type": "Aggregate",
    "Strategy": "Plain",
    "Partial Mode": "Finalize",
    "Parallel Aware": false,
    "Startup Cost": 351287.53,
    "Total Cost": 351287.54,
    "Plan Rows": 1,
    "Plan Width": 8,
    "Actual Startup Time": 2635.826,
    "Actual Total Time": 2686.01,
    "Actual Rows": 1,
    "Actual Loops": 1,
    "Plans": [
      {
        "Node Type": "Gather",
        "Parent Relationship": "Outer",
        "Parallel Aware": false,
        "Startup Cost": 351287.42,
        "Total Cost": 351287.53,
        "Plan Rows": 1,
        "Plan Width": 8,
        "Actual Startup Time": 2632.6,
        "Actual Total Time": 2686.001,
        "Actual Rows": 2,
        "Actual Loops": 1,
        "Workers Planned": 1,
        "Workers Launched": 1,
        "Single Copy": false,
        "Plans": [
          {
            "Node Type": "Aggregate",
            "Strategy": "Plain",
            "Partial Mode": "Partial",
            "Parent Relationship": "Outer",
            "Parallel Aware": false,
            "Startup Cost": 350287.42,
            "Total Cost": 350287.43,
            "Plan Rows": 1,
            "Plan Width": 8,
            "Actual Startup Time": 2627.592,
            "Actual Total Time": 2627.595,
            "Actual Rows": 1,
            "Actual Loops": 2,
            "Plans": [
              {
                "Node Type": "Hash Join",
                "Parent Relationship": "Outer",
                "Parallel Aware": true,
                "Join Type": "Inner",
                "Startup Cost": 67616.38,
                "Total Cost": 339399.87,
                "Plan Rows": 4355021,
                "Plan Width": 0,
                "Actual Startup Time": 344.325,
                "Actual Total Time": 2556.351,
                "Actual Rows": 1796736,
                "Actual Loops": 2,
                "Inner Unique": true,
                "Hash Cond": "(mi.movie_id = t.id)",
                "Plans": [
                  {
                    "Node Type": "Seq Scan",
                    "Parent Relationship": "Outer",
                    "Parallel Aware": true,
                    "Relation Name": "movie_info",
                    "Alias": "mi",
                    "Startup Cost": 0.0,
                    "Total Cost": 248955.74,
                    "Plan Rows": 8696274,
                    "Plan Width": 4,
                    "Actual Startup Time": 0.009,
                    "Actual Total Time": 625.912,
                    "Actual Rows": 7417860,
                    "Actual Loops": 2
                  },
                  {
                    "Node Type": "Hash",
                    "Parent Relationship": "Inner",
                    "Parallel Aware": true,
                    "Startup Cost": 58306.47,
                    "Total Cost": 58306.47,
                    "Plan Rows": 744793,
                    "Plan Width": 4,
                    "Actual Startup Time": 333.401,
                    "Actual Total Time": 333.402,
                    "Actual Rows": 616512,
                    "Actual Loops": 2,
                    "Hash Buckets": 2097152,
                    "Original Hash Buckets": 2097152,
                    "Hash Batches": 1,
                    "Original Hash Batches": 1,
                    "Peak Memory Usage": 64640,
                    "Plans": [
                      {
                        "Node Type": "Seq Scan",
                        "Parent Relationship": "Outer",
                        "Parallel Aware": true,
                        "Relation Name": "title",
                        "Alias": "t",
                        "Startup Cost": 0.0,
                        "Total Cost": 58306.47,
                        "Plan Rows": 744793,
                        "Plan Width": 4,
                        "Actual Startup Time": 0.026,
                        "Actual Total Time": 166.21,
                        "Actual Rows": 616512,
                        "Actual Loops": 2,
                        "Filter": "((kind_id > 4) AND (production_year < 2011))",
                        "Rows Removed by Filter": 647644
                      }
                    ]
                  }
                ]
              }
            ]
          }
        ]
      }
    ]
  },
  "Planning Time": 0.403,
  "Triggers": [],
  "Execution Time": 2686.069
}