[
  {
    "Plan": {
      "Node Type": "Aggregate",
      "Strategy": "Plain",
      "Partial Mode": "Finalize",
      "Parallel Aware": false,
      "Startup Cost": 32991.58,
      "Total Cost": 32991.59,
      "Plan Rows": 1,
      "Plan Width": 8,
      "Actual Startup Time": 71.486,
      "Actual Total Time": 79.671,
      "Actual Rows": 1,
      "Actual Loops": 1,
      "Plans": [
        {
          "Node Type": "Gather",
          "Parent Relationship": "Outer",
          "Parallel Aware": false,
          "Startup Cost": 32991.27,
          "Total Cost": 32991.58,
          "Plan Rows": 3,
          "Plan Width": 8,
          "Actual Startup Time": 71.389,
          "Actual Total Time": 79.665,
          "Actual Rows": 4,
          "Actual Loops": 1,
          "Workers Planned": 3,
          "Workers Launched": 3,
          "Single Copy": false,
          "Plans": [
            {
              "Node Type": "Aggregate",
              "Strategy": "Plain",
              "Partial Mode": "Partial",
              "Parent Relationship": "Outer",
              "Parallel Aware": false,
              "Startup Cost": 31991.27,
              "Total Cost": 31991.28,
              "Plan Rows": 1,
              "Plan Width": 8,
              "Actual Startup Time": 68.27,
              "Actual Total Time": 68.27,
              "Actual Rows": 1,
              "Actual Loops": 4,
              "Plans": [
                {
                  "Node Type": "Seq Scan",
                  "Parent Relationship": "Outer",
                  "Parallel Aware": true,
                  "Relation Name": "movie_companies",
                  "Alias": "mc",
                  "Startup Cost": 0.0,
                  "Total Cost": 31414.82,
                  "Plan Rows": 230579,
                  "Plan Width": 0,
                  "Actual Startup Time": 33.841,
                  "Actual Total Time": 63.603,
                  "Actual Rows": 112976,
                  "Actual Loops": 4,
                  "Filter": "((company_id < 12319) AND (company_type_id > 1))",
                  "Rows Removed by Filter": 539306
                }
              ]
            }
          ]
        }
      ]
    },
    "Planning Time": 0.096,
    "Triggers": [],
    "Execution Time": 79.694
  }
]