[
    {
        "Bao": {
            "Bao prediction": 487.996,
            "Bao recommended hint": "(no hint)"
        }
    },
    {
        "Plan": {
            "Node Type": "Aggregate",
            "Strategy": "Plain",
            "Partial Mode": "Finalize",
            "Parallel Aware": false,
            "Startup Cost": 349241.45,
            "Total Cost": 349241.46,
            "Plan Rows": 1,
            "Plan Width": 8,
            "Actual Startup Time": 651.799,
            "Actual Total Time": 678.198,
            "Actual Rows": 1,
            "Actual Loops": 1,
            "Output": [
                "count(*)"
            ],
            "Plans": [
                {
                    "Node Type": "Gather",
                    "Parent Relationship": "Outer",
                    "Parallel Aware": false,
                    "Startup Cost": 349240.82,
                    "Total Cost": 349241.43,
                    "Plan Rows": 6,
                    "Plan Width": 8,
                    "Actual Startup Time": 651.709,
                    "Actual Total Time": 678.189,
                    "Actual Rows": 7,
                    "Actual Loops": 1,
                    "Output": [
                        "(PARTIAL count(*))"
                    ],
                    "Workers Planned": 6,
                    "Workers Launched": 6,
                    "Single Copy": false,
                    "Plans": [
                        {
                            "Node Type": "Aggregate",
                            "Strategy": "Plain",
                            "Partial Mode": "Partial",
                            "Parent Relationship": "Outer",
                            "Parallel Aware": false,
                            "Startup Cost": 348240.82,
                            "Total Cost": 348240.83,
                            "Plan Rows": 1,
                            "Plan Width": 8,
                            "Actual Startup Time": 642.313,
                            "Actual Total Time": 642.314,
                            "Actual Rows": 1,
                            "Actual Loops": 7,
                            "Output": [
                                "PARTIAL count(*)"
                            ],
                            "Workers": [
                                {
                                    "Worker Number": 0,
                                    "Actual Startup Time": 640.431,
                                    "Actual Total Time": 640.432,
                                    "Actual Rows": 1,
                                    "Actual Loops": 1
                                },
                                {
                                    "Worker Number": 1,
                                    "Actual Startup Time": 640.546,
                                    "Actual Total Time": 640.547,
                                    "Actual Rows": 1,
                                    "Actual Loops": 1
                                },
                                {
                                    "Worker Number": 2,
                                    "Actual Startup Time": 640.904,
                                    "Actual Total Time": 640.905,
                                    "Actual Rows": 1,
                                    "Actual Loops": 1
                                },
                                {
                                    "Worker Number": 3,
                                    "Actual Startup Time": 641.144,
                                    "Actual Total Time": 641.144,
                                    "Actual Rows": 1,
                                    "Actual Loops": 1
                                },
                                {
                                    "Worker Number": 4,
                                    "Actual Startup Time": 640.852,
                                    "Actual Total Time": 640.852,
                                    "Actual Rows": 1,
                                    "Actual Loops": 1
                                },
                                {
                                    "Worker Number": 5,
                                    "Actual Startup Time": 641.392,
                                    "Actual Total Time": 641.393,
                                    "Actual Rows": 1,
                                    "Actual Loops": 1
                                }
                            ],
                            "Plans": [
                                {
                                    "Node Type": "Seq Scan",
                                    "Parent Relationship": "Outer",
                                    "Parallel Aware": true,
                                    "Relation Name": "cast_info",
                                    "Schema": "public",
                                    "Alias": "ci",
                                    "Startup Cost": 0.0,
                                    "Total Cost": 343318.94,
                                    "Plan Rows": 1968752,
                                    "Plan Width": 0,
                                    "Actual Startup Time": 330.044,
                                    "Actual Total Time": 599.803,
                                    "Actual Rows": 942408,
                                    "Actual Loops": 7,
                                    "Output": [
                                        "id",
                                        "person_id",
                                        "movie_id",
                                        "person_role_id",
                                        "note",
                                        "nr_order",
                                        "role_id"
                                    ],
                                    "Filter": "((ci.person_id < 2753325) AND (ci.role_id > 2))",
                                    "Rows Removed by Filter": 4235356,
                                    "Workers": [
                                        {
                                            "Worker Number": 0,
                                            "Actual Startup Time": 328.158,
                                            "Actual Total Time": 596.608,
                                            "Actual Rows": 647335,
                                            "Actual Loops": 1
                                        },
                                        {
                                            "Worker Number": 1,
                                            "Actual Startup Time": 328.269,
                                            "Actual Total Time": 598.464,
                                            "Actual Rows": 887413,
                                            "Actual Loops": 1
                                        },
                                        {
                                            "Worker Number": 2,
                                            "Actual Startup Time": 328.633,
                                            "Actual Total Time": 599.821,
                                            "Actual Rows": 986303,
                                            "Actual Loops": 1
                                        },
                                        {
                                            "Worker Number": 3,
                                            "Actual Startup Time": 328.881,
                                            "Actual Total Time": 600.579,
                                            "Actual Rows": 973270,
                                            "Actual Loops": 1
                                        },
                                        {
                                            "Worker Number": 4,
                                            "Actual Startup Time": 328.59,
                                            "Actual Total Time": 598.594,
                                            "Actual Rows": 876541,
                                            "Actual Loops": 1
                                        },
                                        {
                                            "Worker Number": 5,
                                            "Actual Startup Time": 329.124,
                                            "Actual Total Time": 600.815,
                                            "Actual Rows": 971729,
                                            "Actual Loops": 1
                                        }
                                    ]
                                }
                            ]
                        }
                    ]
                }
            ]
        },
        "Planning Time": 428.511,
        "Triggers": [],
        "Execution Time": 678.282
    }
]