[
  {
    "Plan": {
      "Node Type": "Aggregate",
      "Strategy": "Plain",
      "Partial Mode": "Simple",
      "Parallel Aware": false,
      "Startup Cost": 13681.87,
      "Total Cost": 13681.88,
      "Plan Rows": 1,
      "Plan Width": 8,
      "Actual Startup Time": 15.19,
      "Actual Total Time": 15.192,
      "Actual Rows": 1,
      "Actual Loops": 1,
      "Plans": [
        {
          "Node Type": "Bitmap Heap Scan",
          "Parent Relationship": "Outer",
          "Parallel Aware": false,
          "Relation Name": "movie_keyword",
          "Alias": "mk",
          "Startup Cost": 124.84,
          "Total Cost": 13667.55,
          "Plan Rows": 5730,
          "Plan Width": 0,
          "Actual Startup Time": 5.003,
          "Actual Total Time": 14.602,
          "Actual Rows": 3894,
          "Actual Loops": 1,
          "Recheck Cond": "(keyword_id = 1725)",
          "Rows Removed by Index Recheck": 0,
          "Exact Heap Blocks": 3383,
          "Lossy Heap Blocks": 0,
          "Plans": [
            {
              "Node Type": "Bitmap Index Scan",
              "Parent Relationship": "Outer",
              "Parallel Aware": false,
              "Index Name": "keyword_id_movie_keyword",
              "Startup Cost": 0.0,
              "Total Cost": 123.41,
              "Plan Rows": 5730,
              "Plan Width": 0,
              "Actual Startup Time": 3.61,
              "Actual Total Time": 3.61,
              "Actual Rows": 3894,
              "Actual Loops": 1,
              "Index Cond": "(keyword_id = 1725)"
            }
          ]
        }
      ]
    },
    "Planning Time": 0.172,
    "Triggers": [],
    "Execution Time": 15.258
  }
]