[
  {
    "Plan": {
      "Node Type": "Aggregate",
      "Strategy": "Plain",
      "Partial Mode": "Finalize",
      "Parallel Aware": false,
      "Startup Cost": 44901.13,
      "Total Cost": 44901.14,
      "Plan Rows": 1,
      "Plan Width": 8,
      "Actual Startup Time": 100.832,
      "Actual Total Time": 117.359,
      "Actual Rows": 1,
      "Actual Loops": 1,
      "Plans": [
        {
          "Node Type": "Gather",
          "Parent Relationship": "Outer",
          "Parallel Aware": false,
          "Startup Cost": 44900.71,
          "Total Cost": 44901.12,
          "Plan Rows": 4,
          "Plan Width": 8,
          "Actual Startup Time": 100.668,
          "Actual Total Time": 117.35,
          "Actual Rows": 5,
          "Actual Loops": 1,
          "Workers Planned": 4,
          "Workers Launched": 4,
          "Single Copy": false,
          "Plans": [
            {
              "Node Type": "Aggregate",
              "Strategy": "Plain",
              "Partial Mode": "Partial",
              "Parent Relationship": "Outer",
              "Parallel Aware": false,
              "Startup Cost": 43900.71,
              "Total Cost": 43900.72,
              "Plan Rows": 1,
              "Plan Width": 8,
              "Actual Startup Time": 92.928,
              "Actual Total Time": 92.929,
              "Actual Rows": 1,
              "Actual Loops": 5,
              "Plans": [
                {
                  "Node Type": "Seq Scan",
                  "Parent Relationship": "Outer",
                  "Parallel Aware": true,
                  "Relation Name": "title",
                  "Alias": "t",
                  "Startup Cost": 0.0,
                  "Total Cost": 43898.92,
                  "Plan Rows": 716,
                  "Plan Width": 0,
                  "Actual Startup Time": 2.686,
                  "Actual Total Time": 92.822,
                  "Actual Rows": 615,
                  "Actual Loops": 5,
                  "Filter": "(production_year = 2014)",
                  "Rows Removed by Filter": 505047
                }
              ]
            }
          ]
        }
      ]
    },
    "Planning Time": 0.15,
    "Triggers": [],
    "Execution Time": 117.418
  }
]