[
  {
    "Plan": {
      "Node Type": "Aggregate",
      "Strategy": "Plain",
      "Partial Mode": "Finalize",
      "Parallel Aware": false,
      "Startup Cost": 44357.13,
      "Total Cost": 44357.14,
      "Plan Rows": 1,
      "Plan Width": 8,
      "Actual Startup Time": 110.055,
      "Actual Total Time": 119.979,
      "Actual Rows": 1,
      "Actual Loops": 1,
      "Plans": [
        {
          "Node Type": "Gather",
          "Parent Relationship": "Outer",
          "Parallel Aware": false,
          "Startup Cost": 44356.81,
          "Total Cost": 44357.12,
          "Plan Rows": 3,
          "Plan Width": 8,
          "Actual Startup Time": 109.921,
          "Actual Total Time": 119.967,
          "Actual Rows": 4,
          "Actual Loops": 1,
          "Workers Planned": 3,
          "Workers Launched": 3,
          "Single Copy": false,
          "Plans": [
            {
              "Node Type": "Aggregate",
              "Strategy": "Plain",
              "Partial Mode": "Partial",
              "Parent Relationship": "Outer",
              "Parallel Aware": false,
              "Startup Cost": 43356.81,
              "Total Cost": 43356.82,
              "Plan Rows": 1,
              "Plan Width": 8,
              "Actual Startup Time": 105.009,
              "Actual Total Time": 105.01,
              "Actual Rows": 1,
              "Actual Loops": 4,
              "Plans": [
                {
                  "Node Type": "Seq Scan",
                  "Parent Relationship": "Outer",
                  "Parallel Aware": true,
                  "Relation Name": "movie_keyword",
                  "Alias": "mk",
                  "Startup Cost": 0.0,
                  "Total Cost": 42695.65,
                  "Plan Rows": 264462,
                  "Plan Width": 0,
                  "Actual Startup Time": 1.896,
                  "Actual Total Time": 95.186,
                  "Actual Rows": 204064,
                  "Actual Loops": 4,
                  "Filter": "(keyword_id > 22421)",
                  "Rows Removed by Filter": 926918
                }
              ]
            }
          ]
        }
      ]
    },
    "Planning Time": 0.085,
    "Triggers": [],
    "Execution Time": 120.006
  }
]