{
  "Plan": {
    "Node Type": "Aggregate",
    "Strategy": "Plain",
    "Partial Mode": "Finalize",
    "Parallel Aware": false,
    "Startup Cost": 401372.71,
    "Total Cost": 401372.72,
    "Plan Rows": 1,
    "Plan Width": 8,
    "Actual Startup Time": 991.641,
    "Actual Total Time": 1007.266,
    "Actual Rows": 1,
    "Actual Loops": 1,
    "Plans": [
      {
        "Node Type": "Gather",
        "Parent Relationship": "Outer",
        "Parallel Aware": false,
        "Startup Cost": 401372.59,
        "Total Cost": 401372.7,
        "Plan Rows": 1,
        "Plan Width": 8,
        "Actual Startup Time": 989.191,
        "Actual Total Time": 1007.259,
        "Actual Rows": 2,
        "Actual Loops": 1,
        "Workers Planned": 1,
        "Workers Launched": 1,
        "Single Copy": false,
        "Plans": [
          {
            "Node Type": "Aggregate",
            "Strategy": "Plain",
            "Partial Mode": "Partial",
            "Parent Relationship": "Outer",
            "Parallel Aware": false,
            "Startup Cost": 400372.59,
            "Total Cost": 400372.6,
            "Plan Rows": 1,
            "Plan Width": 8,
            "Actual Startup Time": 978.424,
            "Actual Total Time": 978.431,
            "Actual Rows": 1,
            "Actual Loops": 2,
            "Plans": [
              {
                "Node Type": "Merge Join",
                "Parent Relationship": "Outer",
                "Parallel Aware": false,
                "Join Type": "Inner",
                "Startup Cost": 392033.33,
                "Total Cost": 399976.73,
                "Plan Rows": 158346,
                "Plan Width": 0,
                "Actual Startup Time": 864.778,
                "Actual Total Time": 970.943,
                "Actual Rows": 178954,
                "Actual Loops": 2,
                "Inner Unique": false,
                "Merge Cond": "(t.id = mi.movie_id)",
                "Plans": [
                  {
                    "Node Type": "Sort",
                    "Parent Relationship": "Outer",
                    "Parallel Aware": false,
                    "Startup Cost": 140282.92,
                    "Total Cost": 141707.2,
                    "Plan Rows": 569711,
                    "Plan Width": 8,
                    "Actual Startup Time": 646.609,
                    "Actual Total Time": 658.328,
                    "Actual Rows": 318538,
                    "Actual Loops": 2,
                    "Sort Key": [
                      "t.id"
                    ],
                    "Sort Method": "quicksort",
                    "Sort Space Used": 27911,
                    "Sort Space Type": "Memory",
                    "Workers": [
                      {
                        "Worker Number": 0,
                        "Sort Method": "quicksort",
                        "Sort Space Used": 26529,
                        "Sort Space Type": "Memory"
                      }
                    ],
                    "Plans": [
                      {
                        "Node Type": "Hash Join",
                        "Parent Relationship": "Outer",
                        "Parallel Aware": true,
                        "Join Type": "Inner",
                        "Startup Cost": 67635.13,
                        "Total Cost": 85818.92,
                        "Plan Rows": 569711,
                        "Plan Width": 8,
                        "Actual Startup Time": 399.728,
                        "Actual Total Time": 591.311,
                        "Actual Rows": 318538,
                        "Actual Loops": 2,
                        "Inner Unique": true,
                        "Hash Cond": "(mi_idx.movie_id = t.id)",
                        "Plans": [
                          {
                            "Node Type": "Seq Scan",
                            "Parent Relationship": "Outer",
                            "Parallel Aware": true,
                            "Relation Name": "movie_info_idx",
                            "Alias": "mi_idx",
                            "Startup Cost": 0.0,
                            "Total Cost": 16052.85,
                            "Plan Rows": 811785,
                            "Plan Width": 4,
                            "Actual Startup Time": 0.019,
                            "Actual Total Time": 49.842,
                            "Actual Rows": 690018,
                            "Actual Loops": 2
                          },
                          {
                            "Node Type": "Hash",
                            "Parent Relationship": "Inner",
                            "Parallel Aware": true,
                            "Startup Cost": 54588.39,
                            "Total Cost": 54588.39,
                            "Plan Rows": 1043739,
                            "Plan Width": 4,
                            "Actual Startup Time": 385.805,
                            "Actual Total Time": 385.806,
                            "Actual Rows": 887318,
                            "Actual Loops": 2,
                            "Hash Buckets": 2097152,
                            "Original Hash Buckets": 2097152,
                            "Hash Batches": 1,
                            "Original Hash Batches": 1,
                            "Peak Memory Usage": 85856,
                            "Plans": [
                              {
                                "Node Type": "Seq Scan",
                                "Parent Relationship": "Outer",
                                "Parallel Aware": true,
                                "Relation Name": "title",
                                "Alias": "t",
                                "Startup Cost": 0.0,
                                "Total Cost": 54588.39,
                                "Plan Rows": 1043739,
                                "Plan Width": 4,
                                "Actual Startup Time": 0.027,
                                "Actual Total Time": 163.138,
                                "Actual Rows": 887318,
                                "Actual Loops": 2,
                                "Filter": "(kind_id > 2)",
                                "Rows Removed by Filter": 376838
                              }
                            ]
                          }
                        ]
                      }
                    ]
                  },
                  {
                    "Node Type": "Sort",
                    "Parent Relationship": "Inner",
                    "Parallel Aware": false,
                    "Startup Cost": 251750.36,
                    "Total Cost": 253507.15,
                    "Plan Rows": 702717,
                    "Plan Width": 4,
                    "Actual Startup Time": 218.128,
                    "Actual Total Time": 245.272,
                    "Actual Rows": 780024,
                    "Actual Loops": 2,
                    "Sort Key": [
                      "mi.movie_id"
                    ],
                    "Sort Method": "quicksort",
                    "Sort Space Used": 55557,
                    "Sort Space Type": "Memory",
                    "Workers": [
                      {
                        "Worker Number": 0,
                        "Sort Method": "quicksort",
                        "Sort Space Used": 55557,
                        "Sort Space Type": "Memory"
                      }
                    ],
                    "Plans": [
                      {
                        "Node Type": "Bitmap Heap Scan",
                        "Parent Relationship": "Outer",
                        "Parallel Aware": false,
                        "Relation Name": "movie_info",
                        "Alias": "mi",
                        "Startup Cost": 12730.49,
                        "Total Cost": 183507.45,
                        "Plan Rows": 702717,
                        "Plan Width": 4,
                        "Actual Startup Time": 18.941,
                        "Actual Total Time": 90.814,
                        "Actual Rows": 660923,
                        "Actual Loops": 2,
                        "Recheck Cond": "(info_type_id = 18)",
                        "Rows Removed by Index Recheck": 0,
                        "Exact Heap Blocks": 6970,
                        "Lossy Heap Blocks": 0,
                        "Plans": [
                          {
                            "Node Type": "Bitmap Index Scan",
                            "Parent Relationship": "Outer",
                            "Parallel Aware": false,
                            "Index Name": "info_type_id_movie_info",
                            "Startup Cost": 0.0,
                            "Total Cost": 12554.81,
                            "Plan Rows": 702717,
                            "Plan Width": 0,
                            "Actual Startup Time": 18.208,
                            "Actual Total Time": 18.208,
                            "Actual Rows": 660923,
                            "Actual Loops": 2,
                            "Index Cond": "(info_type_id = 18)"
                          }
                        ]
                      }
                    ]
                  }
                ]
              }
            ]
          }
        ]
      }
    ]
  },
  "Planning Time": 1.045,
  "Triggers": [],
  "Execution Time": 1010.268
}