[
  {
    "Plan": {
      "Node Type": "Aggregate",
      "Strategy": "Plain",
      "Partial Mode": "Finalize",
      "Parallel Aware": false,
      "Startup Cost": 46638.15,
      "Total Cost": 46638.16,
      "Plan Rows": 1,
      "Plan Width": 8,
      "Actual Startup Time": 257.079,
      "Actual Total Time": 274.316,
      "Actual Rows": 1,
      "Actual Loops": 1,
      "Plans": [
        {
          "Node Type": "Gather",
          "Parent Relationship": "Outer",
          "Parallel Aware": false,
          "Startup Cost": 46637.84,
          "Total Cost": 46638.15,
          "Plan Rows": 3,
          "Plan Width": 8,
          "Actual Startup Time": 256.936,
          "Actual Total Time": 274.304,
          "Actual Rows": 4,
          "Actual Loops": 1,
          "Workers Planned": 3,
          "Workers Launched": 3,
          "Single Copy": false,
          "Plans": [
            {
              "Node Type": "Aggregate",
              "Strategy": "Plain",
              "Partial Mode": "Partial",
              "Parent Relationship": "Outer",
              "Parallel Aware": false,
              "Startup Cost": 45637.84,
              "Total Cost": 45637.85,
              "Plan Rows": 1,
              "Plan Width": 8,
              "Actual Startup Time": 247.005,
              "Actual Total Time": 247.007,
              "Actual Rows": 1,
              "Actual Loops": 4,
              "Plans": [
                {
                  "Node Type": "Seq Scan",
                  "Parent Relationship": "Outer",
                  "Parallel Aware": true,
                  "Relation Name": "movie_keyword",
                  "Alias": "mk",
                  "Startup Cost": 0.0,
                  "Total Cost": 42695.65,
                  "Plan Rows": 1176873,
                  "Plan Width": 0,
                  "Actual Startup Time": 0.115,
                  "Actual Total Time": 186.403,
                  "Actual Rows": 911416,
                  "Actual Loops": 4,
                  "Filter": "(keyword_id > 831)",
                  "Rows Removed by Filter": 219567
                }
              ]
            }
          ]
        }
      ]
    },
    "Planning Time": 0.179,
    "Triggers": [],
    "Execution Time": 274.372
  }
]