[
  {
    "Plan": {
      "Node Type": "Aggregate",
      "Strategy": "Plain",
      "Partial Mode": "Finalize",
      "Parallel Aware": false,
      "Startup Cost": 346878.77,
      "Total Cost": 346878.78,
      "Plan Rows": 1,
      "Plan Width": 8,
      "Actual Startup Time": 812.597,
      "Actual Total Time": 858.269,
      "Actual Rows": 1,
      "Actual Loops": 1,
      "Plans": [
        {
          "Node Type": "Gather",
          "Parent Relationship": "Outer",
          "Parallel Aware": false,
          "Startup Cost": 346878.15,
          "Total Cost": 346878.76,
          "Plan Rows": 6,
          "Plan Width": 8,
          "Actual Startup Time": 812.285,
          "Actual Total Time": 858.25,
          "Actual Rows": 7,
          "Actual Loops": 1,
          "Workers Planned": 6,
          "Workers Launched": 6,
          "Single Copy": false,
          "Plans": [
            {
              "Node Type": "Aggregate",
              "Strategy": "Plain",
              "Partial Mode": "Partial",
              "Parent Relationship": "Outer",
              "Parallel Aware": false,
              "Startup Cost": 345878.15,
              "Total Cost": 345878.16,
              "Plan Rows": 1,
              "Plan Width": 8,
              "Actual Startup Time": 805.994,
              "Actual Total Time": 805.995,
              "Actual Rows": 1,
              "Actual Loops": 7,
              "Plans": [
                {
                  "Node Type": "Seq Scan",
                  "Parent Relationship": "Outer",
                  "Parallel Aware": true,
                  "Relation Name": "cast_info",
                  "Alias": "ci",
                  "Startup Cost": 0.0,
                  "Total Cost": 343316.27,
                  "Plan Rows": 1024750,
                  "Plan Width": 0,
                  "Actual Startup Time": 413.26,
                  "Actual Total Time": 732.041,
                  "Actual Rows": 1337467,
                  "Actual Loops": 7,
                  "Filter": "((person_id > 2766609) AND (role_id > 1))",
                  "Rows Removed by Filter": 3840296
                }
              ]
            }
          ]
        }
      ]
    },
    "Planning Time": 0.111,
    "Triggers": [],
    "Execution Time": 858.316
  }
]