{
  "Plan": {
    "Node Type": "Aggregate",
    "Strategy": "Plain",
    "Partial Mode": "Finalize",
    "Parallel Aware": false,
    "Startup Cost": 169510.73,
    "Total Cost": 169510.74,
    "Plan Rows": 1,
    "Plan Width": 8,
    "Actual Startup Time": 207.309,
    "Actual Total Time": 226.142,
    "Actual Rows": 1,
    "Actual Loops": 1,
    "Plans": [
      {
        "Node Type": "Gather",
        "Parent Relationship": "Outer",
        "Parallel Aware": false,
        "Startup Cost": 169510.62,
        "Total Cost": 169510.73,
        "Plan Rows": 1,
        "Plan Width": 8,
        "Actual Startup Time": 207.022,
        "Actual Total Time": 226.129,
        "Actual Rows": 2,
        "Actual Loops": 1,
        "Workers Planned": 1,
        "Workers Launched": 1,
        "Single Copy": false,
        "Plans": [
          {
            "Node Type": "Aggregate",
            "Strategy": "Plain",
            "Partial Mode": "Partial",
            "Parent Relationship": "Outer",
            "Parallel Aware": false,
            "Startup Cost": 168510.62,
            "Total Cost": 168510.63,
            "Plan Rows": 1,
            "Plan Width": 8,
            "Actual Startup Time": 203.073,
            "Actual Total Time": 203.079,
            "Actual Rows": 1,
            "Actual Loops": 2,
            "Plans": [
              {
                "Node Type": "Nested Loop",
                "Parent Relationship": "Outer",
                "Parallel Aware": false,
                "Join Type": "Inner",
                "Startup Cost": 0.56,
                "Total Cost": 168497.39,
                "Plan Rows": 5290,
                "Plan Width": 0,
                "Actual Startup Time": 51.391,
                "Actual Total Time": 202.978,
                "Actual Rows": 560,
                "Actual Loops": 2,
                "Inner Unique": false,
                "Plans": [
                  {
                    "Node Type": "Seq Scan",
                    "Parent Relationship": "Outer",
                    "Parallel Aware": true,
                    "Relation Name": "title",
                    "Alias": "t",
                    "Startup Cost": 0.0,
                    "Total Cost": 58306.47,
                    "Plan Rows": 785,
                    "Plan Width": 4,
                    "Actual Startup Time": 51.292,
                    "Actual Total Time": 194.499,
                    "Actual Rows": 64,
                    "Actual Loops": 2,
                    "Filter": "((kind_id > 1) AND (production_year = 1939))",
                    "Rows Removed by Filter": 1264092
                  },
                  {
                    "Node Type": "Index Scan",
                    "Parent Relationship": "Inner",
                    "Parallel Aware": false,
                    "Scan Direction": "Forward",
                    "Index Name": "movie_id_cast_info",
                    "Relation Name": "cast_info",
                    "Alias": "ci",
                    "Startup Cost": 0.56,
                    "Total Cost": 140.2,
                    "Plan Rows": 17,
                    "Plan Width": 4,
                    "Actual Startup Time": 0.037,
                    "Actual Total Time": 0.13,
                    "Actual Rows": 9,
                    "Actual Loops": 127,
                    "Index Cond": "(movie_id = t.id)",
                    "Rows Removed by Index Recheck": 0,
                    "Filter": "((person_id < 2177136) AND (role_id < 8))",
                    "Rows Removed by Filter": 4
                  }
                ]
              }
            ]
          }
        ]
      }
    ]
  },
  "Planning Time": 0.58,
  "Triggers": [],
  "Execution Time": 226.215
}