{
    "Plan": {
        "Node Type": "Aggregate",
        "Strategy": "Plain",
        "Partial Mode": "Finalize",
        "Parallel Aware": false,
        "Startup Cost": 92911.32,
        "Total Cost": 92911.33,
        "Plan Rows": 1,
        "Plan Width": 8,
        "Actual Startup Time": 332.622,
        "Actual Total Time": 354.749,
        "Actual Rows": 1,
        "Actual Loops": 1,
        "Output": [
            "count(*)"
        ],
        "Plans": [
            {
                "Node Type": "Gather",
                "Parent Relationship": "Outer",
                "Parallel Aware": false,
                "Startup Cost": 92911.01,
                "Total Cost": 92911.32,
                "Plan Rows": 3,
                "Plan Width": 8,
                "Actual Startup Time": 331.112,
                "Actual Total Time": 354.738,
                "Actual Rows": 4,
                "Actual Loops": 1,
                "Output": [
                    "(PARTIAL count(*))"
                ],
                "Workers Planned": 3,
                "Workers Launched": 3,
                "Single Copy": false,
                "Plans": [
                    {
                        "Node Type": "Aggregate",
                        "Strategy": "Plain",
                        "Partial Mode": "Partial",
                        "Parent Relationship": "Outer",
                        "Parallel Aware": false,
                        "Startup Cost": 91911.01,
                        "Total Cost": 91911.02,
                        "Plan Rows": 1,
                        "Plan Width": 8,
                        "Actual Startup Time": 322.406,
                        "Actual Total Time": 322.409,
                        "Actual Rows": 1,
                        "Actual Loops": 4,
                        "Output": [
                            "PARTIAL count(*)"
                        ],
                        "Workers": [
                            {
                                "Worker Number": 0,
                                "Actual Startup Time": 319.749,
                                "Actual Total Time": 319.752,
                                "Actual Rows": 1,
                                "Actual Loops": 1
                            },
                            {
                                "Worker Number": 1,
                                "Actual Startup Time": 319.548,
                                "Actual Total Time": 319.551,
                                "Actual Rows": 1,
                                "Actual Loops": 1
                            },
                            {
                                "Worker Number": 2,
                                "Actual Startup Time": 319.903,
                                "Actual Total Time": 319.906,
                                "Actual Rows": 1,
                                "Actual Loops": 1
                            }
                        ],
                        "Plans": [
                            {
                                "Node Type": "Hash Join",
                                "Parent Relationship": "Outer",
                                "Parallel Aware": true,
                                "Join Type": "Inner",
                                "Startup Cost": 47098.91,
                                "Total Cost": 91565.29,
                                "Plan Rows": 138285,
                                "Plan Width": 0,
                                "Actual Startup Time": 165.628,
                                "Actual Total Time": 314.135,
                                "Actual Rows": 202801,
                                "Actual Loops": 4,
                                "Inner Unique": true,
                                "Hash Cond": "(mk.movie_id = t.id)",
                                "Workers": [
                                    {
                                        "Worker Number": 0,
                                        "Actual Startup Time": 162.807,
                                        "Actual Total Time": 311.88,
                                        "Actual Rows": 193913,
                                        "Actual Loops": 1
                                    },
                                    {
                                        "Worker Number": 1,
                                        "Actual Startup Time": 162.84,
                                        "Actual Total Time": 311.88,
                                        "Actual Rows": 188378,
                                        "Actual Loops": 1
                                    },
                                    {
                                        "Worker Number": 2,
                                        "Actual Startup Time": 163.168,
                                        "Actual Total Time": 312.128,
                                        "Actual Rows": 190304,
                                        "Actual Loops": 1
                                    }
                                ],
                                "Plans": [
                                    {
                                        "Node Type": "Seq Scan",
                                        "Parent Relationship": "Outer",
                                        "Parallel Aware": true,
                                        "Relation Name": "movie_keyword",
                                        "Schema": "public",
                                        "Alias": "mk",
                                        "Startup Cost": 0.0,
                                        "Total Cost": 42695.65,
                                        "Plan Rows": 674565,
                                        "Plan Width": 4,
                                        "Actual Startup Time": 0.284,
                                        "Actual Total Time": 113.472,
                                        "Actual Rows": 519780,
                                        "Actual Loops": 4,
                                        "Output": [
                                            "mk.id",
                                            "mk.movie_id",
                                            "mk.keyword_id"
                                        ],
                                        "Filter": "(mk.keyword_id > 5819)",
                                        "Rows Removed by Filter": 611202,
                                        "Workers": [
                                            {
                                                "Worker Number": 0,
                                                "Actual Startup Time": 0.291,
                                                "Actual Total Time": 116.888,
                                                "Actual Rows": 497158,
                                                "Actual Loops": 1
                                            },
                                            {
                                                "Worker Number": 1,
                                                "Actual Startup Time": 0.258,
                                                "Actual Total Time": 116.888,
                                                "Actual Rows": 486104,
                                                "Actual Loops": 1
                                            },
                                            {
                                                "Worker Number": 2,
                                                "Actual Startup Time": 0.291,
                                                "Actual Total Time": 116.3,
                                                "Actual Rows": 480217,
                                                "Actual Loops": 1
                                            }
                                        ]
                                    },
                                    {
                                        "Node Type": "Hash",
                                        "Parent Relationship": "Inner",
                                        "Parallel Aware": true,
                                        "Startup Cost": 45479.21,
                                        "Total Cost": 45479.21,
                                        "Plan Rows": 129576,
                                        "Plan Width": 4,
                                        "Actual Startup Time": 129.352,
                                        "Actual Total Time": 129.353,
                                        "Actual Rows": 97739,
                                        "Actual Loops": 4,
                                        "Output": [
                                            "t.id"
                                        ],
                                        "Hash Buckets": 524288,
                                        "Original Hash Buckets": 524288,
                                        "Hash Batches": 1,
                                        "Original Hash Batches": 1,
                                        "Peak Memory Usage": 19456,
                                        "Workers": [
                                            {
                                                "Worker Number": 0,
                                                "Actual Startup Time": 129.288,
                                                "Actual Total Time": 129.289,
                                                "Actual Rows": 95910,
                                                "Actual Loops": 1
                                            },
                                            {
                                                "Worker Number": 1,
                                                "Actual Startup Time": 129.363,
                                                "Actual Total Time": 129.363,
                                                "Actual Rows": 91351,
                                                "Actual Loops": 1
                                            },
                                            {
                                                "Worker Number": 2,
                                                "Actual Startup Time": 129.604,
                                                "Actual Total Time": 129.605,
                                                "Actual Rows": 91952,
                                                "Actual Loops": 1
                                            }
                                        ],
                                        "Plans": [
                                            {
                                                "Node Type": "Seq Scan",
                                                "Parent Relationship": "Outer",
                                                "Parallel Aware": true,
                                                "Relation Name": "title",
                                                "Schema": "public",
                                                "Alias": "t",
                                                "Startup Cost": 0.0,
                                                "Total Cost": 45479.21,
                                                "Plan Rows": 129576,
                                                "Plan Width": 4,
                                                "Actual Startup Time": 45.896,
                                                "Actual Total Time": 98.134,
                                                "Actual Rows": 97739,
                                                "Actual Loops": 4,
                                                "Output": [
                                                    "t.id"
                                                ],
                                                "Filter": "((t.kind_id < 2) AND (t.production_year > 1978))",
                                                "Rows Removed by Filter": 534339,
                                                "Workers": [
                                                    {
                                                        "Worker Number": 0,
                                                        "Actual Startup Time": 58.275,
                                                        "Actual Total Time": 98.692,
                                                        "Actual Rows": 95910,
                                                        "Actual Loops": 1
                                                    },
                                                    {
                                                        "Worker Number": 1,
                                                        "Actual Startup Time": 58.242,
                                                        "Actual Total Time": 98.98,
                                                        "Actual Rows": 91351,
                                                        "Actual Loops": 1
                                                    },
                                                    {
                                                        "Worker Number": 2,
                                                        "Actual Startup Time": 8.675,
                                                        "Actual Total Time": 99.087,
                                                        "Actual Rows": 91952,
                                                        "Actual Loops": 1
                                                    }
                                                ]
                                            }
                                        ]
                                    }
                                ]
                            }
                        ]
                    }
                ]
            }
        ]
    },
    "Planning Time": 0.756,
    "Triggers": [],
    "Execution Time": 354.821
}