[
  {
    "Plan": {
      "Node Type": "Aggregate",
      "Strategy": "Plain",
      "Partial Mode": "Finalize",
      "Parallel Aware": false,
      "Startup Cost": 416112.32,
      "Total Cost": 416112.33,
      "Plan Rows": 1,
      "Plan Width": 8,
      "Actual Startup Time": 2602.219,
      "Actual Total Time": 2666.317,
      "Actual Rows": 1,
      "Actual Loops": 1,
      "Plans": [
        {
          "Node Type": "Gather",
          "Parent Relationship": "Outer",
          "Parallel Aware": false,
          "Startup Cost": 416111.7,
          "Total Cost": 416112.31,
          "Plan Rows": 6,
          "Plan Width": 8,
          "Actual Startup Time": 2589.925,
          "Actual Total Time": 2666.302,
          "Actual Rows": 7,
          "Actual Loops": 1,
          "Workers Planned": 6,
          "Workers Launched": 6,
          "Single Copy": false,
          "Plans": [
            {
              "Node Type": "Aggregate",
              "Strategy": "Plain",
              "Partial Mode": "Partial",
              "Parent Relationship": "Outer",
              "Parallel Aware": false,
              "Startup Cost": 415111.7,
              "Total Cost": 415111.71,
              "Plan Rows": 1,
              "Plan Width": 8,
              "Actual Startup Time": 2578.488,
              "Actual Total Time": 2578.675,
              "Actual Rows": 1,
              "Actual Loops": 7,
              "Plans": [
                {
                  "Node Type": "Hash Join",
                  "Parent Relationship": "Outer",
                  "Parallel Aware": true,
                  "Join Type": "Inner",
                  "Startup Cost": 68427.84,
                  "Total Cost": 409624.53,
                  "Plan Rows": 2194868,
                  "Plan Width": 0,
                  "Actual Startup Time": 320.734,
                  "Actual Total Time": 2411.292,
                  "Actual Rows": 3893284,
                  "Actual Loops": 7,
                  "Inner Unique": false,
                  "Hash Cond": "(ci.movie_id = t.id)",
                  "Plans": [
                    {
                      "Node Type": "Seq Scan",
                      "Parent Relationship": "Outer",
                      "Parallel Aware": true,
                      "Relation Name": "cast_info",
                      "Alias": "ci",
                      "Startup Cost": 0.0,
                      "Total Cost": 313067.02,
                      "Plan Rows": 6038002,
                      "Plan Width": 4,
                      "Actual Startup Time": 0.024,
                      "Actual Total Time": 561.05,
                      "Actual Rows": 5177763,
                      "Actual Loops": 7
                    },
                    {
                      "Node Type": "Hash",
                      "Parent Relationship": "Inner",
                      "Parallel Aware": true,
                      "Startup Cost": 65555.79,
                      "Total Cost": 65555.79,
                      "Plan Rows": 229764,
                      "Plan Width": 8,
                      "Actual Startup Time": 317.327,
                      "Actual Total Time": 317.513,
                      "Actual Rows": 131407,
                      "Actual Loops": 7,
                      "Hash Buckets": 1048576,
                      "Original Hash Buckets": 1048576,
                      "Hash Batches": 1,
                      "Original Hash Batches": 1,
                      "Peak Memory Usage": 44288,
                      "Plans": [
                        {
                          "Node Type": "Hash Join",
                          "Parent Relationship": "Outer",
                          "Parallel Aware": true,
                          "Join Type": "Inner",
                          "Startup Cost": 19909.43,
                          "Total Cost": 65555.79,
                          "Plan Rows": 229764,
                          "Plan Width": 8,
                          "Actual Startup Time": 97.044,
                          "Actual Total Time": 271.137,
                          "Actual Rows": 131407,
                          "Actual Loops": 7,
                          "Inner Unique": false,
                          "Hash Cond": "(t.id = mi_idx.movie_id)",
                          "Plans": [
                            {
                              "Node Type": "Seq Scan",
                              "Parent Relationship": "Outer",
                              "Parallel Aware": true,
                              "Relation Name": "title",
                              "Alias": "t",
                              "Startup Cost": 0.0,
                              "Total Cost": 42318.73,
                              "Plan Rows": 632073,
                              "Plan Width": 4,
                              "Actual Startup Time": 0.014,
                              "Actual Total Time": 56.927,
                              "Actual Rows": 361187,
                              "Actual Loops": 7
                            },
                            {
                              "Node Type": "Hash",
                              "Parent Relationship": "Inner",
                              "Parallel Aware": true,
                              "Startup Cost": 15122.68,
                              "Total Cost": 15122.68,
                              "Plan Rows": 382940,
                              "Plan Width": 4,
                              "Actual Startup Time": 95.428,
                              "Actual Total Time": 95.429,
                              "Actual Rows": 131407,
                              "Actual Loops": 7,
                              "Hash Buckets": 1048576,
                              "Original Hash Buckets": 1048576,
                              "Hash Batches": 1,
                              "Original Hash Batches": 1,
                              "Peak Memory Usage": 44288,
                              "Plans": [
                                {
                                  "Node Type": "Seq Scan",
                                  "Parent Relationship": "Outer",
                                  "Parallel Aware": true,
                                  "Relation Name": "movie_info_idx",
                                  "Alias": "mi_idx",
                                  "Startup Cost": 0.0,
                                  "Total Cost": 15122.68,
                                  "Plan Rows": 382940,
                                  "Plan Width": 4,
                                  "Actual Startup Time": 0.119,
                                  "Actual Total Time": 37.153,
                                  "Actual Rows": 131407,
                                  "Actual Loops": 7,
                                  "Filter": "(info_type_id < 101)",
                                  "Rows Removed by Filter": 65741
                                }
                              ]
                            }
                          ]
                        }
                      ]
                    }
                  ]
                }
              ]
            }
          ]
        }
      ]
    },
    "Planning Time": 1.235,
    "Triggers": [],
    "Execution Time": 2666.417
  }
]