[
  {
    "Plan": {
      "Node Type": "Aggregate",
      "Strategy": "Plain",
      "Partial Mode": "Finalize",
      "Parallel Aware": false,
      "Startup Cost": 98183.57,
      "Total Cost": 98183.58,
      "Plan Rows": 1,
      "Plan Width": 8,
      "Actual Startup Time": 402.287,
      "Actual Total Time": 410.432,
      "Actual Rows": 1,
      "Actual Loops": 1,
      "Plans": [
        {
          "Node Type": "Gather",
          "Parent Relationship": "Outer",
          "Parallel Aware": false,
          "Startup Cost": 98183.36,
          "Total Cost": 98183.57,
          "Plan Rows": 2,
          "Plan Width": 8,
          "Actual Startup Time": 399.399,
          "Actual Total Time": 410.426,
          "Actual Rows": 3,
          "Actual Loops": 1,
          "Workers Planned": 2,
          "Workers Launched": 2,
          "Single Copy": false,
          "Plans": [
            {
              "Node Type": "Aggregate",
              "Strategy": "Plain",
              "Partial Mode": "Partial",
              "Parent Relationship": "Outer",
              "Parallel Aware": false,
              "Startup Cost": 97183.36,
              "Total Cost": 97183.37,
              "Plan Rows": 1,
              "Plan Width": 8,
              "Actual Startup Time": 396.086,
              "Actual Total Time": 396.39,
              "Actual Rows": 1,
              "Actual Loops": 3,
              "Plans": [
                {
                  "Node Type": "Hash Join",
                  "Parent Relationship": "Outer",
                  "Parallel Aware": true,
                  "Join Type": "Inner",
                  "Startup Cost": 81064.92,
                  "Total Cost": 97062.42,
                  "Plan Rows": 48374,
                  "Plan Width": 0,
                  "Actual Startup Time": 318.494,
                  "Actual Total Time": 394.883,
                  "Actual Rows": 35662,
                  "Actual Loops": 3,
                  "Inner Unique": false,
                  "Hash Cond": "(mi_idx.movie_id = t.id)",
                  "Plans": [
                    {
                      "Node Type": "Seq Scan",
                      "Parent Relationship": "Outer",
                      "Parallel Aware": true,
                      "Relation Name": "movie_info_idx",
                      "Alias": "mi_idx",
                      "Startup Cost": 0.0,
                      "Total Cost": 13685.15,
                      "Plan Rows": 575015,
                      "Plan Width": 4,
                      "Actual Startup Time": 0.019,
                      "Actual Total Time": 33.825,
                      "Actual Rows": 460012,
                      "Actual Loops": 3
                    },
                    {
                      "Node Type": "Hash",
                      "Parent Relationship": "Inner",
                      "Parallel Aware": true,
                      "Startup Cost": 80207.26,
                      "Total Cost": 80207.26,
                      "Plan Rows": 68613,
                      "Plan Width": 8,
                      "Actual Startup Time": 317.497,
                      "Actual Total Time": 317.8,
                      "Actual Rows": 32040,
                      "Actual Loops": 3,
                      "Hash Buckets": 262144,
                      "Original Hash Buckets": 262144,
                      "Hash Batches": 1,
                      "Original Hash Batches": 1,
                      "Peak Memory Usage": 5856,
                      "Plans": [
                        {
                          "Node Type": "Hash Join",
                          "Parent Relationship": "Outer",
                          "Parallel Aware": true,
                          "Join Type": "Inner",
                          "Startup Cost": 48285.32,
                          "Total Cost": 80207.26,
                          "Plan Rows": 68613,
                          "Plan Width": 8,
                          "Actual Startup Time": 231.036,
                          "Actual Total Time": 307.871,
                          "Actual Rows": 32040,
                          "Actual Loops": 3,
                          "Inner Unique": true,
                          "Hash Cond": "(mc.movie_id = t.id)",
                          "Plans": [
                            {
                              "Node Type": "Seq Scan",
                              "Parent Relationship": "Outer",
                              "Parallel Aware": true,
                              "Relation Name": "movie_companies",
                              "Alias": "mc",
                              "Startup Cost": 0.0,
                              "Total Cost": 31414.82,
                              "Plan Rows": 193188,
                              "Plan Width": 4,
                              "Actual Startup Time": 35.508,
                              "Actual Total Time": 71.653,
                              "Actual Rows": 128806,
                              "Actual Loops": 3,
                              "Filter": "((company_id < 9909) AND (company_type_id = 2))",
                              "Rows Removed by Filter": 740904
                            },
                            {
                              "Node Type": "Hash",
                              "Parent Relationship": "Inner",
                              "Parallel Aware": true,
                              "Startup Cost": 45479.21,
                              "Total Cost": 45479.21,
                              "Plan Rows": 224489,
                              "Plan Width": 4,
                              "Actual Startup Time": 193.674,
                              "Actual Total Time": 193.675,
                              "Actual Rows": 330691,
                              "Actual Loops": 3,
                              "Hash Buckets": 1048576,
                              "Original Hash Buckets": 1048576,
                              "Hash Batches": 1,
                              "Original Hash Batches": 1,
                              "Peak Memory Usage": 47040,
                              "Plans": [
                                {
                                  "Node Type": "Seq Scan",
                                  "Parent Relationship": "Outer",
                                  "Parallel Aware": true,
                                  "Relation Name": "title",
                                  "Alias": "t",
                                  "Startup Cost": 0.0,
                                  "Total Cost": 45479.21,
                                  "Plan Rows": 224489,
                                  "Plan Width": 4,
                                  "Actual Startup Time": 0.018,
                                  "Actual Total Time": 105.257,
                                  "Actual Rows": 330691,
                                  "Actual Loops": 3,
                                  "Filter": "((production_year > 1998) AND (kind_id = 7))",
                                  "Rows Removed by Filter": 512080
                                }
                              ]
                            }
                          ]
                        }
                      ]
                    }
                  ]
                }
              ]
            }
          ]
        }
      ]
    },
    "Planning Time": 0.43,
    "Triggers": [],
    "Execution Time": 410.467
  }
]