[
  {
    "Plan": {
      "Node Type": "Aggregate",
      "Strategy": "Plain",
      "Partial Mode": "Simple",
      "Parallel Aware": false,
      "Startup Cost": 27872.28,
      "Total Cost": 27872.29,
      "Plan Rows": 1,
      "Plan Width": 8,
      "Actual Startup Time": 80.777,
      "Actual Total Time": 80.778,
      "Actual Rows": 1,
      "Actual Loops": 1,
      "Plans": [
        {
          "Node Type": "Bitmap Heap Scan",
          "Parent Relationship": "Outer",
          "Parallel Aware": false,
          "Relation Name": "movie_keyword",
          "Alias": "mk",
          "Startup Cost": 2003.44,
          "Total Cost": 27636.47,
          "Plan Rows": 94323,
          "Plan Width": 0,
          "Actual Startup Time": 20.356,
          "Actual Total Time": 73.688,
          "Actual Rows": 92680,
          "Actual Loops": 1,
          "Recheck Cond": "(keyword_id > 84274)",
          "Rows Removed by Index Recheck": 0,
          "Exact Heap Blocks": 16819,
          "Lossy Heap Blocks": 0,
          "Plans": [
            {
              "Node Type": "Bitmap Index Scan",
              "Parent Relationship": "Outer",
              "Parallel Aware": false,
              "Index Name": "keyword_id_movie_keyword",
              "Startup Cost": 0.0,
              "Total Cost": 1979.86,
              "Plan Rows": 94323,
              "Plan Width": 0,
              "Actual Startup Time": 15.67,
              "Actual Total Time": 15.671,
              "Actual Rows": 92680,
              "Actual Loops": 1,
              "Index Cond": "(keyword_id > 84274)"
            }
          ]
        }
      ]
    },
    "Planning Time": 0.126,
    "Triggers": [],
    "Execution Time": 80.826
  }
]