{
  "Plan": {
    "Node Type": "Aggregate",
    "Strategy": "Plain",
    "Partial Mode": "Finalize",
    "Parallel Aware": false,
    "Startup Cost": 108881.82,
    "Total Cost": 108881.83,
    "Plan Rows": 1,
    "Plan Width": 8,
    "Actual Startup Time": 166.899,
    "Actual Total Time": 180.167,
    "Actual Rows": 1,
    "Actual Loops": 1,
    "Plans": [
      {
        "Node Type": "Gather",
        "Parent Relationship": "Outer",
        "Parallel Aware": false,
        "Startup Cost": 108881.7,
        "Total Cost": 108881.81,
        "Plan Rows": 1,
        "Plan Width": 8,
        "Actual Startup Time": 166.769,
        "Actual Total Time": 180.158,
        "Actual Rows": 2,
        "Actual Loops": 1,
        "Workers Planned": 1,
        "Workers Launched": 1,
        "Single Copy": false,
        "Plans": [
          {
            "Node Type": "Aggregate",
            "Strategy": "Plain",
            "Partial Mode": "Partial",
            "Parent Relationship": "Outer",
            "Parallel Aware": false,
            "Startup Cost": 107881.7,
            "Total Cost": 107881.71,
            "Plan Rows": 1,
            "Plan Width": 8,
            "Actual Startup Time": 160.67,
            "Actual Total Time": 160.672,
            "Actual Rows": 1,
            "Actual Loops": 2,
            "Plans": [
              {
                "Node Type": "Nested Loop",
                "Parent Relationship": "Outer",
                "Parallel Aware": false,
                "Join Type": "Inner",
                "Startup Cost": 0.86,
                "Total Cost": 107857.5,
                "Plan Rows": 9682,
                "Plan Width": 0,
                "Actual Startup Time": 0.402,
                "Actual Total Time": 160.304,
                "Actual Rows": 6398,
                "Actual Loops": 2,
                "Inner Unique": false,
                "Join Filter": "(t.id = mc.movie_id)",
                "Rows Removed by Join Filter": 0,
                "Plans": [
                  {
                    "Node Type": "Nested Loop",
                    "Parent Relationship": "Outer",
                    "Parallel Aware": false,
                    "Join Type": "Inner",
                    "Startup Cost": 0.43,
                    "Total Cost": 102181.1,
                    "Plan Rows": 9382,
                    "Plan Width": 8,
                    "Actual Startup Time": 0.259,
                    "Actual Total Time": 152.698,
                    "Actual Rows": 2588,
                    "Actual Loops": 2,
                    "Inner Unique": false,
                    "Plans": [
                      {
                        "Node Type": "Seq Scan",
                        "Parent Relationship": "Outer",
                        "Parallel Aware": true,
                        "Relation Name": "title",
                        "Alias": "t",
                        "Startup Cost": 0.0,
                        "Total Cost": 58306.47,
                        "Plan Rows": 5244,
                        "Plan Width": 4,
                        "Actual Startup Time": 0.107,
                        "Actual Total Time": 139.321,
                        "Actual Rows": 4409,
                        "Actual Loops": 2,
                        "Filter": "((kind_id = 7) AND (production_year = 1967))",
                        "Rows Removed by Filter": 1259747
                      },
                      {
                        "Node Type": "Index Only Scan",
                        "Parent Relationship": "Inner",
                        "Parallel Aware": false,
                        "Scan Direction": "Forward",
                        "Index Name": "movie_id_movie_keyword",
                        "Relation Name": "movie_keyword",
                        "Alias": "mk",
                        "Startup Cost": 0.43,
                        "Total Cost": 7.92,
                        "Plan Rows": 45,
                        "Plan Width": 4,
                        "Actual Startup Time": 0.003,
                        "Actual Total Time": 0.003,
                        "Actual Rows": 1,
                        "Actual Loops": 8818,
                        "Index Cond": "(movie_id = t.id)",
                        "Rows Removed by Index Recheck": 0,
                        "Heap Fetches": 5175
                      }
                    ]
                  },
                  {
                    "Node Type": "Index Only Scan",
                    "Parent Relationship": "Inner",
                    "Parallel Aware": false,
                    "Scan Direction": "Forward",
                    "Index Name": "movie_id_movie_companies",
                    "Relation Name": "movie_companies",
                    "Alias": "mc",
                    "Startup Cost": 0.43,
                    "Total Cost": 0.54,
                    "Plan Rows": 5,
                    "Plan Width": 4,
                    "Actual Startup Time": 0.002,
                    "Actual Total Time": 0.003,
                    "Actual Rows": 2,
                    "Actual Loops": 5175,
                    "Index Cond": "(movie_id = mk.movie_id)",
                    "Rows Removed by Index Recheck": 0,
                    "Heap Fetches": 12797
                  }
                ]
              }
            ]
          }
        ]
      }
    ]
  },
  "Planning Time": 0.956,
  "Triggers": [],
  "Execution Time": 180.251
}