[
  {
    "Plan": {
      "Node Type": "Aggregate",
      "Strategy": "Plain",
      "Partial Mode": "Finalize",
      "Parallel Aware": false,
      "Startup Cost": 115577.34,
      "Total Cost": 115577.35,
      "Plan Rows": 1,
      "Plan Width": 8,
      "Actual Startup Time": 707.958,
      "Actual Total Time": 724.515,
      "Actual Rows": 1,
      "Actual Loops": 1,
      "Plans": [
        {
          "Node Type": "Gather",
          "Parent Relationship": "Outer",
          "Parallel Aware": false,
          "Startup Cost": 115577.13,
          "Total Cost": 115577.34,
          "Plan Rows": 2,
          "Plan Width": 8,
          "Actual Startup Time": 701.776,
          "Actual Total Time": 724.507,
          "Actual Rows": 3,
          "Actual Loops": 1,
          "Workers Planned": 2,
          "Workers Launched": 2,
          "Single Copy": false,
          "Plans": [
            {
              "Node Type": "Aggregate",
              "Strategy": "Plain",
              "Partial Mode": "Partial",
              "Parent Relationship": "Outer",
              "Parallel Aware": false,
              "Startup Cost": 114577.13,
              "Total Cost": 114577.14,
              "Plan Rows": 1,
              "Plan Width": 8,
              "Actual Startup Time": 694.793,
              "Actual Total Time": 695.092,
              "Actual Rows": 1,
              "Actual Loops": 3,
              "Plans": [
                {
                  "Node Type": "Hash Join",
                  "Parent Relationship": "Outer",
                  "Parallel Aware": true,
                  "Join Type": "Inner",
                  "Startup Cost": 97710.05,
                  "Total Cost": 114129.32,
                  "Plan Rows": 179123,
                  "Plan Width": 0,
                  "Actual Startup Time": 584.671,
                  "Actual Total Time": 685.611,
                  "Actual Rows": 238792,
                  "Actual Loops": 3,
                  "Inner Unique": false,
                  "Hash Cond": "(mi_idx.movie_id = t.id)",
                  "Plans": [
                    {
                      "Node Type": "Seq Scan",
                      "Parent Relationship": "Outer",
                      "Parallel Aware": true,
                      "Relation Name": "movie_info_idx",
                      "Alias": "mi_idx",
                      "Startup Cost": 0.0,
                      "Total Cost": 13685.15,
                      "Plan Rows": 575015,
                      "Plan Width": 4,
                      "Actual Startup Time": 0.028,
                      "Actual Total Time": 35.07,
                      "Actual Rows": 460012,
                      "Actual Loops": 3
                    },
                    {
                      "Node Type": "Hash",
                      "Parent Relationship": "Inner",
                      "Parallel Aware": true,
                      "Startup Cost": 94534.27,
                      "Total Cost": 94534.27,
                      "Plan Rows": 254062,
                      "Plan Width": 8,
                      "Actual Startup Time": 575.15,
                      "Actual Total Time": 575.447,
                      "Actual Rows": 148532,
                      "Actual Loops": 3,
                      "Hash Buckets": 1048576,
                      "Original Hash Buckets": 1048576,
                      "Hash Batches": 1,
                      "Original Hash Batches": 1,
                      "Peak Memory Usage": 25664,
                      "Plans": [
                        {
                          "Node Type": "Hash Join",
                          "Parent Relationship": "Outer",
                          "Parallel Aware": true,
                          "Join Type": "Inner",
                          "Startup Cost": 50859.24,
                          "Total Cost": 94534.27,
                          "Plan Rows": 254062,
                          "Plan Width": 8,
                          "Actual Startup Time": 342.199,
                          "Actual Total Time": 534.767,
                          "Actual Rows": 148532,
                          "Actual Loops": 3,
                          "Inner Unique": true,
                          "Hash Cond": "(mk.movie_id = t.id)",
                          "Plans": [
                            {
                              "Node Type": "Seq Scan",
                              "Parent Relationship": "Outer",
                              "Parallel Aware": true,
                              "Relation Name": "movie_keyword",
                              "Alias": "mk",
                              "Startup Cost": 0.0,
                              "Total Cost": 42695.65,
                              "Plan Rows": 373099,
                              "Plan Width": 4,
                              "Actual Startup Time": 1.448,
                              "Actual Total Time": 120.674,
                              "Actual Rows": 388511,
                              "Actual Loops": 3,
                              "Filter": "(keyword_id > 16065)",
                              "Rows Removed by Filter": 1119465
                            },
                            {
                              "Node Type": "Hash",
                              "Parent Relationship": "Inner",
                              "Parallel Aware": true,
                              "Startup Cost": 45479.1,
                              "Total Cost": 45479.1,
                              "Plan Rows": 430411,
                              "Plan Width": 4,
                              "Actual Startup Time": 334.629,
                              "Actual Total Time": 334.63,
                              "Actual Rows": 599966,
                              "Actual Loops": 3,
                              "Hash Buckets": 2097152,
                              "Original Hash Buckets": 2097152,
                              "Hash Batches": 1,
                              "Original Hash Batches": 1,
                              "Peak Memory Usage": 86816,
                              "Plans": [
                                {
                                  "Node Type": "Seq Scan",
                                  "Parent Relationship": "Outer",
                                  "Parallel Aware": true,
                                  "Relation Name": "title",
                                  "Alias": "t",
                                  "Startup Cost": 0.0,
                                  "Total Cost": 45479.1,
                                  "Plan Rows": 430411,
                                  "Plan Width": 4,
                                  "Actual Startup Time": 0.048,
                                  "Actual Total Time": 133.993,
                                  "Actual Rows": 599966,
                                  "Actual Loops": 3,
                                  "Filter": "((kind_id > 1) AND (production_year > 1933))",
                                  "Rows Removed by Filter": 242805
                                }
                              ]
                            }
                          ]
                        }
                      ]
                    }
                  ]
                }
              ]
            }
          ]
        }
      ]
    },
    "Planning Time": 1.416,
    "Triggers": [],
    "Execution Time": 724.599
  }
]