[
  {
    "Plan": {
      "Node Type": "Aggregate",
      "Strategy": "Plain",
      "Partial Mode": "Finalize",
      "Parallel Aware": false,
      "Startup Cost": 257499.87,
      "Total Cost": 257499.88,
      "Plan Rows": 1,
      "Plan Width": 8,
      "Actual Startup Time": 2092.801,
      "Actual Total Time": 2182.179,
      "Actual Rows": 1,
      "Actual Loops": 1,
      "Plans": [
        {
          "Node Type": "Gather",
          "Parent Relationship": "Outer",
          "Parallel Aware": false,
          "Startup Cost": 257499.35,
          "Total Cost": 257499.86,
          "Plan Rows": 5,
          "Plan Width": 8,
          "Actual Startup Time": 2090.652,
          "Actual Total Time": 2182.169,
          "Actual Rows": 6,
          "Actual Loops": 1,
          "Workers Planned": 5,
          "Workers Launched": 5,
          "Single Copy": false,
          "Plans": [
            {
              "Node Type": "Aggregate",
              "Strategy": "Plain",
              "Partial Mode": "Partial",
              "Parent Relationship": "Outer",
              "Parallel Aware": false,
              "Startup Cost": 256499.35,
              "Total Cost": 256499.36,
              "Plan Rows": 1,
              "Plan Width": 8,
              "Actual Startup Time": 2079.575,
              "Actual Total Time": 2079.578,
              "Actual Rows": 1,
              "Actual Loops": 6,
              "Plans": [
                {
                  "Node Type": "Nested Loop",
                  "Parent Relationship": "Outer",
                  "Parallel Aware": false,
                  "Join Type": "Inner",
                  "Startup Cost": 54280.96,
                  "Total Cost": 255388.72,
                  "Plan Rows": 444249,
                  "Plan Width": 0,
                  "Actual Startup Time": 177.217,
                  "Actual Total Time": 2036.729,
                  "Actual Rows": 935796,
                  "Actual Loops": 6,
                  "Inner Unique": false,
                  "Plans": [
                    {
                      "Node Type": "Merge Join",
                      "Parent Relationship": "Outer",
                      "Parallel Aware": false,
                      "Join Type": "Inner",
                      "Startup Cost": 54280.4,
                      "Total Cost": 147251.05,
                      "Plan Rows": 48425,
                      "Plan Width": 8,
                      "Actual Startup Time": 177.119,
                      "Actual Total Time": 538.956,
                      "Actual Rows": 41081,
                      "Actual Loops": 6,
                      "Inner Unique": false,
                      "Merge Cond": "(t.id = mk.movie_id)",
                      "Plans": [
                        {
                          "Node Type": "Index Only Scan",
                          "Parent Relationship": "Outer",
                          "Parallel Aware": true,
                          "Scan Direction": "Forward",
                          "Index Name": "title_pkey",
                          "Relation Name": "title",
                          "Alias": "t",
                          "Startup Cost": 0.43,
                          "Total Cost": 90113.62,
                          "Plan Rows": 505659,
                          "Plan Width": 4,
                          "Actual Startup Time": 0.205,
                          "Actual Total Time": 307.215,
                          "Actual Rows": 420965,
                          "Actual Loops": 6,
                          "Heap Fetches": 2525791
                        },
                        {
                          "Node Type": "Sort",
                          "Parent Relationship": "Inner",
                          "Parallel Aware": false,
                          "Startup Cost": 54269.85,
                          "Total Cost": 54875.16,
                          "Plan Rows": 242124,
                          "Plan Width": 4,
                          "Actual Startup Time": 176.734,
                          "Actual Total Time": 190.539,
                          "Actual Rows": 246484,
                          "Actual Loops": 6,
                          "Sort Key": [
                            "mk.movie_id"
                          ],
                          "Sort Method": "quicksort",
                          "Sort Space Used": 17698,
                          "Sort Space Type": "Memory",
                          "Workers": [
                            {
                              "Worker Number": 0,
                              "Sort Method": "quicksort",
                              "Sort Space Used": 17698,
                              "Sort Space Type": "Memory"
                            },
                            {
                              "Worker Number": 1,
                              "Sort Method": "quicksort",
                              "Sort Space Used": 17698,
                              "Sort Space Type": "Memory"
                            },
                            {
                              "Worker Number": 2,
                              "Sort Method": "quicksort",
                              "Sort Space Used": 17698,
                              "Sort Space Type": "Memory"
                            },
                            {
                              "Worker Number": 3,
                              "Sort Method": "quicksort",
                              "Sort Space Used": 17698,
                              "Sort Space Type": "Memory"
                            },
                            {
                              "Worker Number": 4,
                              "Sort Method": "quicksort",
                              "Sort Space Used": 17698,
                              "Sort Space Type": "Memory"
                            }
                          ],
                          "Plans": [
                            {
                              "Node Type": "Bitmap Heap Scan",
                              "Parent Relationship": "Outer",
                              "Parallel Aware": false,
                              "Relation Name": "movie_keyword",
                              "Alias": "mk",
                              "Startup Cost": 5136.89,
                              "Total Cost": 32617.44,
                              "Plan Rows": 242124,
                              "Plan Width": 4,
                              "Actual Startup Time": 35.021,
                              "Actual Total Time": 125.645,
                              "Actual Rows": 246484,
                              "Actual Loops": 6,
                              "Recheck Cond": "(keyword_id < 213)",
                              "Rows Removed by Index Recheck": 0,
                              "Exact Heap Blocks": 24112,
                              "Lossy Heap Blocks": 0,
                              "Plans": [
                                {
                                  "Node Type": "Bitmap Index Scan",
                                  "Parent Relationship": "Outer",
                                  "Parallel Aware": false,
                                  "Index Name": "keyword_id_movie_keyword",
                                  "Startup Cost": 0.0,
                                  "Total Cost": 5076.36,
                                  "Plan Rows": 242124,
                                  "Plan Width": 0,
                                  "Actual Startup Time": 31.018,
                                  "Actual Total Time": 31.019,
                                  "Actual Rows": 246484,
                                  "Actual Loops": 6,
                                  "Index Cond": "(keyword_id < 213)"
                                }
                              ]
                            }
                          ]
                        }
                      ]
                    },
                    {
                      "Node Type": "Index Scan",
                      "Parent Relationship": "Inner",
                      "Parallel Aware": false,
                      "Scan Direction": "Forward",
                      "Index Name": "movie_id_cast_info",
                      "Relation Name": "cast_info",
                      "Alias": "ci",
                      "Startup Cost": 0.56,
                      "Total Cost": 2.0,
                      "Plan Rows": 23,
                      "Plan Width": 4,
                      "Actual Startup Time": 0.016,
                      "Actual Total Time": 0.035,
                      "Actual Rows": 23,
                      "Actual Loops": 246484,
                      "Index Cond": "(movie_id = t.id)",
                      "Rows Removed by Index Recheck": 0,
                      "Filter": "((person_id < 3904707) AND (role_id > 1))",
                      "Rows Removed by Filter": 16
                    }
                  ]
                }
              ]
            }
          ]
        }
      ]
    },
    "Planning Time": 1.31,
    "Triggers": [],
    "Execution Time": 2185.6
  }
]