[
  {
    "Plan": {
      "Node Type": "Aggregate",
      "Strategy": "Plain",
      "Partial Mode": "Finalize",
      "Parallel Aware": false,
      "Startup Cost": 430192.79,
      "Total Cost": 430192.8,
      "Plan Rows": 1,
      "Plan Width": 8,
      "Actual Startup Time": 2217.276,
      "Actual Total Time": 2286.701,
      "Actual Rows": 1,
      "Actual Loops": 1,
      "Plans": [
        {
          "Node Type": "Gather",
          "Parent Relationship": "Outer",
          "Parallel Aware": false,
          "Startup Cost": 430192.16,
          "Total Cost": 430192.77,
          "Plan Rows": 6,
          "Plan Width": 8,
          "Actual Startup Time": 2205.512,
          "Actual Total Time": 2286.688,
          "Actual Rows": 7,
          "Actual Loops": 1,
          "Workers Planned": 6,
          "Workers Launched": 6,
          "Single Copy": false,
          "Plans": [
            {
              "Node Type": "Aggregate",
              "Strategy": "Plain",
              "Partial Mode": "Partial",
              "Parent Relationship": "Outer",
              "Parallel Aware": false,
              "Startup Cost": 429192.16,
              "Total Cost": 429192.17,
              "Plan Rows": 1,
              "Plan Width": 8,
              "Actual Startup Time": 2194.113,
              "Actual Total Time": 2194.205,
              "Actual Rows": 1,
              "Actual Loops": 7,
              "Plans": [
                {
                  "Node Type": "Hash Join",
                  "Parent Relationship": "Outer",
                  "Parallel Aware": true,
                  "Join Type": "Inner",
                  "Startup Cost": 83530.98,
                  "Total Cost": 424216.33,
                  "Plan Rows": 1990332,
                  "Plan Width": 0,
                  "Actual Startup Time": 288.36,
                  "Actual Total Time": 2048.573,
                  "Actual Rows": 3278973,
                  "Actual Loops": 7,
                  "Inner Unique": false,
                  "Hash Cond": "(ci.movie_id = t.id)",
                  "Plans": [
                    {
                      "Node Type": "Seq Scan",
                      "Parent Relationship": "Outer",
                      "Parallel Aware": true,
                      "Relation Name": "cast_info",
                      "Alias": "ci",
                      "Startup Cost": 0.0,
                      "Total Cost": 313067.02,
                      "Plan Rows": 6038002,
                      "Plan Width": 4,
                      "Actual Startup Time": 0.045,
                      "Actual Total Time": 530.576,
                      "Actual Rows": 5177763,
                      "Actual Loops": 7
                    },
                    {
                      "Node Type": "Hash",
                      "Parent Relationship": "Inner",
                      "Parallel Aware": true,
                      "Startup Cost": 80926.56,
                      "Total Cost": 80926.56,
                      "Plan Rows": 208353,
                      "Plan Width": 8,
                      "Actual Startup Time": 284.844,
                      "Actual Total Time": 284.935,
                      "Actual Rows": 89485,
                      "Actual Loops": 7,
                      "Hash Buckets": 1048576,
                      "Original Hash Buckets": 1048576,
                      "Hash Batches": 1,
                      "Original Hash Batches": 1,
                      "Peak Memory Usage": 32800,
                      "Plans": [
                        {
                          "Node Type": "Hash Join",
                          "Parent Relationship": "Outer",
                          "Parallel Aware": true,
                          "Join Type": "Inner",
                          "Startup Cost": 34775.36,
                          "Total Cost": 80926.56,
                          "Plan Rows": 208353,
                          "Plan Width": 8,
                          "Actual Startup Time": 105.166,
                          "Actual Total Time": 250.647,
                          "Actual Rows": 89485,
                          "Actual Loops": 7,
                          "Inner Unique": false,
                          "Hash Cond": "(t.id = mc.movie_id)",
                          "Plans": [
                            {
                              "Node Type": "Seq Scan",
                              "Parent Relationship": "Outer",
                              "Parallel Aware": true,
                              "Relation Name": "title",
                              "Alias": "t",
                              "Startup Cost": 0.0,
                              "Total Cost": 42318.73,
                              "Plan Rows": 632073,
                              "Plan Width": 4,
                              "Actual Startup Time": 0.015,
                              "Actual Total Time": 53.59,
                              "Actual Rows": 361187,
                              "Actual Loops": 7
                            },
                            {
                              "Node Type": "Hash",
                              "Parent Relationship": "Inner",
                              "Parallel Aware": true,
                              "Startup Cost": 31414.82,
                              "Total Cost": 31414.82,
                              "Plan Rows": 268843,
                              "Plan Width": 4,
                              "Actual Startup Time": 102.967,
                              "Actual Total Time": 102.968,
                              "Actual Rows": 89485,
                              "Actual Loops": 7,
                              "Hash Buckets": 1048576,
                              "Original Hash Buckets": 1048576,
                              "Hash Batches": 1,
                              "Original Hash Batches": 1,
                              "Peak Memory Usage": 32800,
                              "Plans": [
                                {
                                  "Node Type": "Seq Scan",
                                  "Parent Relationship": "Outer",
                                  "Parallel Aware": true,
                                  "Relation Name": "movie_companies",
                                  "Alias": "mc",
                                  "Startup Cost": 0.0,
                                  "Total Cost": 31414.82,
                                  "Plan Rows": 268843,
                                  "Plan Width": 4,
                                  "Actual Startup Time": 2.332,
                                  "Actual Total Time": 60.912,
                                  "Actual Rows": 89485,
                                  "Actual Loops": 7,
                                  "Filter": "((company_id > 3094) AND (company_type_id < 2))",
                                  "Rows Removed by Filter": 283248
                                }
                              ]
                            }
                          ]
                        }
                      ]
                    }
                  ]
                }
              ]
            }
          ]
        }
      ]
    },
    "Planning Time": 1.43,
    "Triggers": [],
    "Execution Time": 2286.805
  }
]