[
  {
    "Plan": {
      "Node Type": "Aggregate",
      "Strategy": "Plain",
      "Partial Mode": "Finalize",
      "Parallel Aware": false,
      "Startup Cost": 46628.24,
      "Total Cost": 46628.25,
      "Plan Rows": 1,
      "Plan Width": 8,
      "Actual Startup Time": 174.422,
      "Actual Total Time": 184.712,
      "Actual Rows": 1,
      "Actual Loops": 1,
      "Plans": [
        {
          "Node Type": "Gather",
          "Parent Relationship": "Outer",
          "Parallel Aware": false,
          "Startup Cost": 46627.92,
          "Total Cost": 46628.23,
          "Plan Rows": 3,
          "Plan Width": 8,
          "Actual Startup Time": 174.32,
          "Actual Total Time": 184.704,
          "Actual Rows": 4,
          "Actual Loops": 1,
          "Workers Planned": 3,
          "Workers Launched": 3,
          "Single Copy": false,
          "Plans": [
            {
              "Node Type": "Aggregate",
              "Strategy": "Plain",
              "Partial Mode": "Partial",
              "Parent Relationship": "Outer",
              "Parallel Aware": false,
              "Startup Cost": 45627.92,
              "Total Cost": 45627.93,
              "Plan Rows": 1,
              "Plan Width": 8,
              "Actual Startup Time": 169.216,
              "Actual Total Time": 169.217,
              "Actual Rows": 1,
              "Actual Loops": 4,
              "Plans": [
                {
                  "Node Type": "Seq Scan",
                  "Parent Relationship": "Outer",
                  "Parallel Aware": true,
                  "Relation Name": "movie_keyword",
                  "Alias": "mk",
                  "Startup Cost": 0.0,
                  "Total Cost": 42695.65,
                  "Plan Rows": 1172906,
                  "Plan Width": 0,
                  "Actual Startup Time": 0.039,
                  "Actual Total Time": 126.602,
                  "Actual Rows": 909618,
                  "Actual Loops": 4,
                  "Filter": "(keyword_id < 20831)",
                  "Rows Removed by Filter": 221365
                }
              ]
            }
          ]
        }
      ]
    },
    "Planning Time": 0.185,
    "Triggers": [],
    "Execution Time": 184.77
  }
]