[
  {
    "Plan": {
      "Node Type": "Aggregate",
      "Strategy": "Plain",
      "Partial Mode": "Finalize",
      "Parallel Aware": false,
      "Startup Cost": 71518.16,
      "Total Cost": 71518.17,
      "Plan Rows": 1,
      "Plan Width": 8,
      "Actual Startup Time": 133.077,
      "Actual Total Time": 153.749,
      "Actual Rows": 1,
      "Actual Loops": 1,
      "Plans": [
        {
          "Node Type": "Gather",
          "Parent Relationship": "Outer",
          "Parallel Aware": false,
          "Startup Cost": 71517.84,
          "Total Cost": 71518.15,
          "Plan Rows": 3,
          "Plan Width": 8,
          "Actual Startup Time": 132.394,
          "Actual Total Time": 153.74,
          "Actual Rows": 4,
          "Actual Loops": 1,
          "Workers Planned": 3,
          "Workers Launched": 3,
          "Single Copy": false,
          "Plans": [
            {
              "Node Type": "Aggregate",
              "Strategy": "Plain",
              "Partial Mode": "Partial",
              "Parent Relationship": "Outer",
              "Parallel Aware": false,
              "Startup Cost": 70517.84,
              "Total Cost": 70517.85,
              "Plan Rows": 1,
              "Plan Width": 8,
              "Actual Startup Time": 124.651,
              "Actual Total Time": 124.656,
              "Actual Rows": 1,
              "Actual Loops": 4,
              "Plans": [
                {
                  "Node Type": "Nested Loop",
                  "Parent Relationship": "Outer",
                  "Parallel Aware": false,
                  "Join Type": "Inner",
                  "Startup Cost": 39736.7,
                  "Total Cost": 70506.43,
                  "Plan Rows": 4562,
                  "Plan Width": 0,
                  "Actual Startup Time": 67.356,
                  "Actual Total Time": 123.671,
                  "Actual Rows": 8961,
                  "Actual Loops": 4,
                  "Inner Unique": false,
                  "Join Filter": "(t.id = ci.movie_id)",
                  "Rows Removed by Join Filter": 0,
                  "Plans": [
                    {
                      "Node Type": "Hash Join",
                      "Parent Relationship": "Outer",
                      "Parallel Aware": true,
                      "Join Type": "Inner",
                      "Startup Cost": 39736.13,
                      "Total Cost": 64542.15,
                      "Plan Rows": 318,
                      "Plan Width": 8,
                      "Actual Startup Time": 67.235,
                      "Actual Total Time": 84.322,
                      "Actual Rows": 217,
                      "Actual Loops": 4,
                      "Inner Unique": true,
                      "Hash Cond": "(mk.movie_id = t.id)",
                      "Plans": [
                        {
                          "Node Type": "Bitmap Heap Scan",
                          "Parent Relationship": "Outer",
                          "Parallel Aware": true,
                          "Relation Name": "movie_keyword",
                          "Alias": "mk",
                          "Startup Cost": 1531.59,
                          "Total Cost": 26276.52,
                          "Plan Rows": 23274,
                          "Plan Width": 4,
                          "Actual Startup Time": 15.72,
                          "Actual Total Time": 39.028,
                          "Actual Rows": 18148,
                          "Actual Loops": 4,
                          "Recheck Cond": "(keyword_id < 66)",
                          "Rows Removed by Index Recheck": 0,
                          "Exact Heap Blocks": 10850,
                          "Lossy Heap Blocks": 0,
                          "Plans": [
                            {
                              "Node Type": "Bitmap Index Scan",
                              "Parent Relationship": "Outer",
                              "Parallel Aware": false,
                              "Index Name": "keyword_id_movie_keyword",
                              "Startup Cost": 0.0,
                              "Total Cost": 1513.56,
                              "Plan Rows": 72150,
                              "Plan Width": 0,
                              "Actual Startup Time": 11.123,
                              "Actual Total Time": 11.123,
                              "Actual Rows": 72592,
                              "Actual Loops": 1,
                              "Index Cond": "(keyword_id < 66)"
                            }
                          ]
                        },
                        {
                          "Node Type": "Hash",
                          "Parent Relationship": "Inner",
                          "Parallel Aware": true,
                          "Startup Cost": 38096.51,
                          "Total Cost": 38096.51,
                          "Plan Rows": 8642,
                          "Plan Width": 4,
                          "Actual Startup Time": 40.753,
                          "Actual Total Time": 40.754,
                          "Actual Rows": 5740,
                          "Actual Loops": 4,
                          "Hash Buckets": 65536,
                          "Original Hash Buckets": 65536,
                          "Hash Batches": 1,
                          "Original Hash Batches": 1,
                          "Peak Memory Usage": 1472,
                          "Plans": [
                            {
                              "Node Type": "Bitmap Heap Scan",
                              "Parent Relationship": "Outer",
                              "Parallel Aware": true,
                              "Relation Name": "title",
                              "Alias": "t",
                              "Startup Cost": 1735.36,
                              "Total Cost": 38096.51,
                              "Plan Rows": 8642,
                              "Plan Width": 4,
                              "Actual Startup Time": 6.608,
                              "Actual Total Time": 38.168,
                              "Actual Rows": 5740,
                              "Actual Loops": 4,
                              "Recheck Cond": "(kind_id = 3)",
                              "Rows Removed by Index Recheck": 0,
                              "Filter": "(production_year > 2006)",
                              "Rows Removed by Filter": 19394,
                              "Exact Heap Blocks": 7654,
                              "Lossy Heap Blocks": 0,
                              "Plans": [
                                {
                                  "Node Type": "Bitmap Index Scan",
                                  "Parent Relationship": "Outer",
                                  "Parallel Aware": false,
                                  "Index Name": "kind_id_title",
                                  "Startup Cost": 0.0,
                                  "Total Cost": 1726.72,
                                  "Plan Rows": 96839,
                                  "Plan Width": 0,
                                  "Actual Startup Time": 10.127,
                                  "Actual Total Time": 10.128,
                                  "Actual Rows": 100537,
                                  "Actual Loops": 1,
                                  "Index Cond": "(kind_id = 3)"
                                }
                              ]
                            }
                          ]
                        }
                      ]
                    },
                    {
                      "Node Type": "Index Only Scan",
                      "Parent Relationship": "Inner",
                      "Parallel Aware": false,
                      "Scan Direction": "Forward",
                      "Index Name": "movie_id_cast_info",
                      "Relation Name": "cast_info",
                      "Alias": "ci",
                      "Startup Cost": 0.56,
                      "Total Cost": 18.32,
                      "Plan Rows": 35,
                      "Plan Width": 4,
                      "Actual Startup Time": 0.018,
                      "Actual Total Time": 0.173,
                      "Actual Rows": 41,
                      "Actual Loops": 868,
                      "Index Cond": "(movie_id = mk.movie_id)",
                      "Rows Removed by Index Recheck": 0,
                      "Heap Fetches": 35844
                    }
                  ]
                }
              ]
            }
          ]
        }
      ]
    },
    "Planning Time": 0.813,
    "Triggers": [],
    "Execution Time": 153.823
  }
]