[
  {
    "Plan": {
      "Node Type": "Aggregate",
      "Strategy": "Plain",
      "Partial Mode": "Finalize",
      "Parallel Aware": false,
      "Startup Cost": 72025.04,
      "Total Cost": 72025.05,
      "Plan Rows": 1,
      "Plan Width": 8,
      "Actual Startup Time": 155.035,
      "Actual Total Time": 175.859,
      "Actual Rows": 1,
      "Actual Loops": 1,
      "Plans": [
        {
          "Node Type": "Gather",
          "Parent Relationship": "Outer",
          "Parallel Aware": false,
          "Startup Cost": 72024.73,
          "Total Cost": 72025.04,
          "Plan Rows": 3,
          "Plan Width": 8,
          "Actual Startup Time": 153.681,
          "Actual Total Time": 175.845,
          "Actual Rows": 4,
          "Actual Loops": 1,
          "Workers Planned": 3,
          "Workers Launched": 3,
          "Single Copy": false,
          "Plans": [
            {
              "Node Type": "Aggregate",
              "Strategy": "Plain",
              "Partial Mode": "Partial",
              "Parent Relationship": "Outer",
              "Parallel Aware": false,
              "Startup Cost": 71024.73,
              "Total Cost": 71024.74,
              "Plan Rows": 1,
              "Plan Width": 8,
              "Actual Startup Time": 144.167,
              "Actual Total Time": 144.172,
              "Actual Rows": 1,
              "Actual Loops": 4,
              "Plans": [
                {
                  "Node Type": "Nested Loop",
                  "Parent Relationship": "Outer",
                  "Parallel Aware": false,
                  "Join Type": "Inner",
                  "Startup Cost": 39848.53,
                  "Total Cost": 71012.67,
                  "Plan Rows": 4821,
                  "Plan Width": 0,
                  "Actual Startup Time": 80.37,
                  "Actual Total Time": 142.995,
                  "Actual Rows": 8961,
                  "Actual Loops": 4,
                  "Inner Unique": false,
                  "Join Filter": "(t.id = ci.movie_id)",
                  "Rows Removed by Join Filter": 0,
                  "Plans": [
                    {
                      "Node Type": "Hash Join",
                      "Parent Relationship": "Outer",
                      "Parallel Aware": true,
                      "Join Type": "Inner",
                      "Startup Cost": 39847.97,
                      "Total Cost": 64651.19,
                      "Plan Rows": 336,
                      "Plan Width": 8,
                      "Actual Startup Time": 80.256,
                      "Actual Total Time": 99.132,
                      "Actual Rows": 217,
                      "Actual Loops": 4,
                      "Inner Unique": true,
                      "Hash Cond": "(mk.movie_id = t.id)",
                      "Plans": [
                        {
                          "Node Type": "Bitmap Heap Scan",
                          "Parent Relationship": "Outer",
                          "Parallel Aware": true,
                          "Relation Name": "movie_keyword",
                          "Alias": "mk",
                          "Startup Cost": 1519.15,
                          "Total Cost": 26261.76,
                          "Plan Rows": 23089,
                          "Plan Width": 4,
                          "Actual Startup Time": 14.479,
                          "Actual Total Time": 39.382,
                          "Actual Rows": 18148,
                          "Actual Loops": 4,
                          "Recheck Cond": "(keyword_id < 66)",
                          "Rows Removed by Index Recheck": 0,
                          "Exact Heap Blocks": 10042,
                          "Lossy Heap Blocks": 0,
                          "Plans": [
                            {
                              "Node Type": "Bitmap Index Scan",
                              "Parent Relationship": "Outer",
                              "Parallel Aware": false,
                              "Index Name": "keyword_id_movie_keyword",
                              "Startup Cost": 0.0,
                              "Total Cost": 1501.25,
                              "Plan Rows": 71576,
                              "Plan Width": 0,
                              "Actual Startup Time": 9.778,
                              "Actual Total Time": 9.779,
                              "Actual Rows": 72592,
                              "Actual Loops": 1,
                              "Index Cond": "(keyword_id < 66)"
                            }
                          ]
                        },
                        {
                          "Node Type": "Hash",
                          "Parent Relationship": "Inner",
                          "Parallel Aware": true,
                          "Startup Cost": 38213.69,
                          "Total Cost": 38213.69,
                          "Plan Rows": 9210,
                          "Plan Width": 4,
                          "Actual Startup Time": 53.798,
                          "Actual Total Time": 53.799,
                          "Actual Rows": 5740,
                          "Actual Loops": 4,
                          "Hash Buckets": 65536,
                          "Original Hash Buckets": 65536,
                          "Hash Batches": 1,
                          "Original Hash Batches": 1,
                          "Peak Memory Usage": 1472,
                          "Plans": [
                            {
                              "Node Type": "Bitmap Heap Scan",
                              "Parent Relationship": "Outer",
                              "Parallel Aware": true,
                              "Relation Name": "title",
                              "Alias": "t",
                              "Startup Cost": 1832.34,
                              "Total Cost": 38213.69,
                              "Plan Rows": 9210,
                              "Plan Width": 4,
                              "Actual Startup Time": 12.331,
                              "Actual Total Time": 50.417,
                              "Actual Rows": 5740,
                              "Actual Loops": 4,
                              "Recheck Cond": "(kind_id = 3)",
                              "Rows Removed by Index Recheck": 0,
                              "Filter": "(production_year > 2006)",
                              "Rows Removed by Filter": 19394,
                              "Exact Heap Blocks": 7295,
                              "Lossy Heap Blocks": 0,
                              "Plans": [
                                {
                                  "Node Type": "Bitmap Index Scan",
                                  "Parent Relationship": "Outer",
                                  "Parallel Aware": false,
                                  "Index Name": "kind_id_title",
                                  "Startup Cost": 0.0,
                                  "Total Cost": 1823.13,
                                  "Plan Rows": 102227,
                                  "Plan Width": 0,
                                  "Actual Startup Time": 14.5,
                                  "Actual Total Time": 14.5,
                                  "Actual Rows": 100537,
                                  "Actual Loops": 1,
                                  "Index Cond": "(kind_id = 3)"
                                }
                              ]
                            }
                          ]
                        }
                      ]
                    },
                    {
                      "Node Type": "Index Only Scan",
                      "Parent Relationship": "Inner",
                      "Parallel Aware": false,
                      "Scan Direction": "Forward",
                      "Index Name": "movie_id_cast_info",
                      "Relation Name": "cast_info",
                      "Alias": "ci",
                      "Startup Cost": 0.56,
                      "Total Cost": 18.47,
                      "Plan Rows": 37,
                      "Plan Width": 4,
                      "Actual Startup Time": 0.019,
                      "Actual Total Time": 0.193,
                      "Actual Rows": 41,
                      "Actual Loops": 868,
                      "Index Cond": "(movie_id = mk.movie_id)",
                      "Rows Removed by Index Recheck": 0,
                      "Heap Fetches": 35844
                    }
                  ]
                }
              ]
            }
          ]
        }
      ]
    },
    "Planning Time": 1.405,
    "Triggers": [],
    "Execution Time": 175.99
  }
]