[
  {
    "Plan": {
      "Node Type": "Aggregate",
      "Strategy": "Plain",
      "Partial Mode": "Finalize",
      "Parallel Aware": false,
      "Startup Cost": 47415.12,
      "Total Cost": 47415.13,
      "Plan Rows": 1,
      "Plan Width": 8,
      "Actual Startup Time": 118.826,
      "Actual Total Time": 131.152,
      "Actual Rows": 1,
      "Actual Loops": 1,
      "Plans": [
        {
          "Node Type": "Gather",
          "Parent Relationship": "Outer",
          "Parallel Aware": false,
          "Startup Cost": 47414.7,
          "Total Cost": 47415.11,
          "Plan Rows": 4,
          "Plan Width": 8,
          "Actual Startup Time": 118.701,
          "Actual Total Time": 131.142,
          "Actual Rows": 5,
          "Actual Loops": 1,
          "Workers Planned": 4,
          "Workers Launched": 4,
          "Single Copy": false,
          "Plans": [
            {
              "Node Type": "Aggregate",
              "Strategy": "Plain",
              "Partial Mode": "Partial",
              "Parent Relationship": "Outer",
              "Parallel Aware": false,
              "Startup Cost": 46414.7,
              "Total Cost": 46414.71,
              "Plan Rows": 1,
              "Plan Width": 8,
              "Actual Startup Time": 111.305,
              "Actual Total Time": 111.306,
              "Actual Rows": 1,
              "Actual Loops": 5,
              "Plans": [
                {
                  "Node Type": "Seq Scan",
                  "Parent Relationship": "Outer",
                  "Parallel Aware": true,
                  "Relation Name": "title",
                  "Alias": "t",
                  "Startup Cost": 0.0,
                  "Total Cost": 45479.1,
                  "Plan Rows": 374240,
                  "Plan Width": 0,
                  "Actual Startup Time": 0.033,
                  "Actual Total Time": 93.774,
                  "Actual Rows": 322120,
                  "Actual Loops": 5,
                  "Filter": "((kind_id > 1) AND (production_year > 1974))",
                  "Rows Removed by Filter": 183542
                }
              ]
            }
          ]
        }
      ]
    },
    "Planning Time": 0.158,
    "Triggers": [],
    "Execution Time": 131.202
  }
]