[
  {
    "Plan": {
      "Node Type": "Aggregate",
      "Strategy": "Plain",
      "Partial Mode": "Finalize",
      "Parallel Aware": false,
      "Startup Cost": 76415.32,
      "Total Cost": 76415.33,
      "Plan Rows": 1,
      "Plan Width": 8,
      "Actual Startup Time": 263.167,
      "Actual Total Time": 278.986,
      "Actual Rows": 1,
      "Actual Loops": 1,
      "Plans": [
        {
          "Node Type": "Gather",
          "Parent Relationship": "Outer",
          "Parallel Aware": false,
          "Startup Cost": 76415.01,
          "Total Cost": 76415.32,
          "Plan Rows": 3,
          "Plan Width": 8,
          "Actual Startup Time": 258.76,
          "Actual Total Time": 278.975,
          "Actual Rows": 4,
          "Actual Loops": 1,
          "Workers Planned": 3,
          "Workers Launched": 3,
          "Single Copy": false,
          "Plans": [
            {
              "Node Type": "Aggregate",
              "Strategy": "Plain",
              "Partial Mode": "Partial",
              "Parent Relationship": "Outer",
              "Parallel Aware": false,
              "Startup Cost": 75415.01,
              "Total Cost": 75415.02,
              "Plan Rows": 1,
              "Plan Width": 8,
              "Actual Startup Time": 250.606,
              "Actual Total Time": 250.609,
              "Actual Rows": 1,
              "Actual Loops": 4,
              "Plans": [
                {
                  "Node Type": "Hash Join",
                  "Parent Relationship": "Outer",
                  "Parallel Aware": true,
                  "Join Type": "Inner",
                  "Startup Cost": 45557.71,
                  "Total Cost": 75323.94,
                  "Plan Rows": 36425,
                  "Plan Width": 0,
                  "Actual Startup Time": 186.247,
                  "Actual Total Time": 249.371,
                  "Actual Rows": 27918,
                  "Actual Loops": 4,
                  "Inner Unique": true,
                  "Hash Cond": "(mc.movie_id = t.id)",
                  "Plans": [
                    {
                      "Node Type": "Seq Scan",
                      "Parent Relationship": "Outer",
                      "Parallel Aware": true,
                      "Relation Name": "movie_companies",
                      "Alias": "mc",
                      "Startup Cost": 0.0,
                      "Total Cost": 29310.68,
                      "Plan Rows": 173544,
                      "Plan Width": 4,
                      "Actual Startup Time": 28.783,
                      "Actual Total Time": 58.887,
                      "Actual Rows": 133964,
                      "Actual Loops": 4,
                      "Filter": "(company_id > 72368)",
                      "Rows Removed by Filter": 518319
                    },
                    {
                      "Node Type": "Hash",
                      "Parent Relationship": "Inner",
                      "Parallel Aware": true,
                      "Startup Cost": 43899.32,
                      "Total Cost": 43899.32,
                      "Plan Rows": 132671,
                      "Plan Width": 4,
                      "Actual Startup Time": 152.562,
                      "Actual Total Time": 152.563,
                      "Actual Rows": 133342,
                      "Actual Loops": 4,
                      "Hash Buckets": 1048576,
                      "Original Hash Buckets": 1048576,
                      "Hash Batches": 1,
                      "Original Hash Batches": 1,
                      "Peak Memory Usage": 29120,
                      "Plans": [
                        {
                          "Node Type": "Seq Scan",
                          "Parent Relationship": "Outer",
                          "Parallel Aware": true,
                          "Relation Name": "title",
                          "Alias": "t",
                          "Startup Cost": 0.0,
                          "Total Cost": 43899.32,
                          "Plan Rows": 132671,
                          "Plan Width": 4,
                          "Actual Startup Time": 0.039,
                          "Actual Total Time": 97.501,
                          "Actual Rows": 133342,
                          "Actual Loops": 4,
                          "Filter": "(production_year > 2009)",
                          "Rows Removed by Filter": 498736
                        }
                      ]
                    }
                  ]
                }
              ]
            }
          ]
        }
      ]
    },
    "Planning Time": 0.566,
    "Triggers": [],
    "Execution Time": 279.054
  }
]