[
    {
        "Bao": {
            "Bao prediction": "NaN",
            "Bao recommended hint": "(no hint)"
        }
    },
    {
        "Plan": {
            "Node Type": "Aggregate",
            "Strategy": "Plain",
            "Partial Mode": "Finalize",
            "Parallel Aware": false,
            "Startup Cost": 93379.7,
            "Total Cost": 93379.71,
            "Plan Rows": 1,
            "Plan Width": 8,
            "Actual Startup Time": 411.472,
            "Actual Total Time": 421.852,
            "Actual Rows": 1,
            "Actual Loops": 1,
            "Output": [
                "count(*)"
            ],
            "Plans": [
                {
                    "Node Type": "Gather",
                    "Parent Relationship": "Outer",
                    "Parallel Aware": false,
                    "Startup Cost": 93379.39,
                    "Total Cost": 93379.7,
                    "Plan Rows": 3,
                    "Plan Width": 8,
                    "Actual Startup Time": 406.596,
                    "Actual Total Time": 421.845,
                    "Actual Rows": 4,
                    "Actual Loops": 1,
                    "Output": [
                        "(PARTIAL count(*))"
                    ],
                    "Workers Planned": 3,
                    "Workers Launched": 3,
                    "Single Copy": false,
                    "Plans": [
                        {
                            "Node Type": "Aggregate",
                            "Strategy": "Plain",
                            "Partial Mode": "Partial",
                            "Parent Relationship": "Outer",
                            "Parallel Aware": false,
                            "Startup Cost": 92379.39,
                            "Total Cost": 92379.4,
                            "Plan Rows": 1,
                            "Plan Width": 8,
                            "Actual Startup Time": 398.418,
                            "Actual Total Time": 398.424,
                            "Actual Rows": 1,
                            "Actual Loops": 4,
                            "Output": [
                                "PARTIAL count(*)"
                            ],
                            "Workers": [
                                {
                                    "Worker Number": 0,
                                    "Actual Startup Time": 395.274,
                                    "Actual Total Time": 395.286,
                                    "Actual Rows": 1,
                                    "Actual Loops": 1
                                },
                                {
                                    "Worker Number": 1,
                                    "Actual Startup Time": 395.337,
                                    "Actual Total Time": 395.34,
                                    "Actual Rows": 1,
                                    "Actual Loops": 1
                                },
                                {
                                    "Worker Number": 2,
                                    "Actual Startup Time": 396.723,
                                    "Actual Total Time": 396.726,
                                    "Actual Rows": 1,
                                    "Actual Loops": 1
                                }
                            ],
                            "Plans": [
                                {
                                    "Node Type": "Hash Join",
                                    "Parent Relationship": "Outer",
                                    "Parallel Aware": true,
                                    "Join Type": "Inner",
                                    "Startup Cost": 64269.29,
                                    "Total Cost": 92086.16,
                                    "Plan Rows": 117289,
                                    "Plan Width": 0,
                                    "Actual Startup Time": 285.393,
                                    "Actual Total Time": 396.847,
                                    "Actual Rows": 17984,
                                    "Actual Loops": 4,
                                    "Inner Unique": true,
                                    "Hash Cond": "(mk.movie_id = t.id)",
                                    "Workers": [
                                        {
                                            "Worker Number": 0,
                                            "Actual Startup Time": 282.614,
                                            "Actual Total Time": 393.664,
                                            "Actual Rows": 11955,
                                            "Actual Loops": 1
                                        },
                                        {
                                            "Worker Number": 1,
                                            "Actual Startup Time": 282.262,
                                            "Actual Total Time": 393.862,
                                            "Actual Rows": 32433,
                                            "Actual Loops": 1
                                        },
                                        {
                                            "Worker Number": 2,
                                            "Actual Startup Time": 283.05,
                                            "Actual Total Time": 395.174,
                                            "Actual Rows": 12669,
                                            "Actual Loops": 1
                                        }
                                    ],
                                    "Plans": [
                                        {
                                            "Node Type": "Bitmap Heap Scan",
                                            "Parent Relationship": "Outer",
                                            "Parallel Aware": true,
                                            "Relation Name": "movie_keyword",
                                            "Schema": "public",
                                            "Alias": "mk",
                                            "Startup Cost": 14622.13,
                                            "Total Cost": 41855.37,
                                            "Plan Rows": 222339,
                                            "Plan Width": 4,
                                            "Actual Startup Time": 59.032,
                                            "Actual Total Time": 120.822,
                                            "Actual Rows": 173909,
                                            "Actual Loops": 4,
                                            "Output": [
                                                "mk.id",
                                                "mk.movie_id",
                                                "mk.keyword_id"
                                            ],
                                            "Recheck Cond": "(mk.keyword_id < 577)",
                                            "Rows Removed by Index Recheck": 0,
                                            "Exact Heap Blocks": 6599,
                                            "Lossy Heap Blocks": 0,
                                            "Workers": [
                                                {
                                                    "Worker Number": 0,
                                                    "Actual Startup Time": 59.115,
                                                    "Actual Total Time": 122.014,
                                                    "Actual Rows": 168442,
                                                    "Actual Loops": 1
                                                },
                                                {
                                                    "Worker Number": 1,
                                                    "Actual Startup Time": 58.78,
                                                    "Actual Total Time": 120.781,
                                                    "Actual Rows": 211861,
                                                    "Actual Loops": 1
                                                },
                                                {
                                                    "Worker Number": 2,
                                                    "Actual Startup Time": 59.099,
                                                    "Actual Total Time": 124.208,
                                                    "Actual Rows": 126411,
                                                    "Actual Loops": 1
                                                }
                                            ],
                                            "Plans": [
                                                {
                                                    "Node Type": "Bitmap Index Scan",
                                                    "Parent Relationship": "Outer",
                                                    "Parallel Aware": false,
                                                    "Index Name": "keyword_id_movie_keyword",
                                                    "Startup Cost": 0.0,
                                                    "Total Cost": 14449.82,
                                                    "Plan Rows": 689251,
                                                    "Plan Width": 0,
                                                    "Actual Startup Time": 55.142,
                                                    "Actual Total Time": 55.143,
                                                    "Actual Rows": 695635,
                                                    "Actual Loops": 1,
                                                    "Index Cond": "(mk.keyword_id < 577)",
                                                    "Workers": [
                                                        {
                                                            "Worker Number": 1,
                                                            "Actual Startup Time": 55.142,
                                                            "Actual Total Time": 55.143,
                                                            "Actual Rows": 695635,
                                                            "Actual Loops": 1
                                                        }
                                                    ]
                                                }
                                            ]
                                        },
                                        {
                                            "Node Type": "Hash",
                                            "Parent Relationship": "Inner",
                                            "Parallel Aware": true,
                                            "Startup Cost": 45479.21,
                                            "Total Cost": 45479.21,
                                            "Plan Rows": 333436,
                                            "Plan Width": 4,
                                            "Actual Startup Time": 221.912,
                                            "Actual Total Time": 221.915,
                                            "Actual Rows": 356254,
                                            "Actual Loops": 4,
                                            "Output": [
                                                "t.id"
                                            ],
                                            "Hash Buckets": 2097152,
                                            "Original Hash Buckets": 2097152,
                                            "Hash Batches": 1,
                                            "Original Hash Batches": 1,
                                            "Peak Memory Usage": 72224,
                                            "Workers": [
                                                {
                                                    "Worker Number": 0,
                                                    "Actual Startup Time": 222.979,
                                                    "Actual Total Time": 222.988,
                                                    "Actual Rows": 363579,
                                                    "Actual Loops": 1
                                                },
                                                {
                                                    "Worker Number": 1,
                                                    "Actual Startup Time": 223.085,
                                                    "Actual Total Time": 223.086,
                                                    "Actual Rows": 364151,
                                                    "Actual Loops": 1
                                                },
                                                {
                                                    "Worker Number": 2,
                                                    "Actual Startup Time": 223.501,
                                                    "Actual Total Time": 223.501,
                                                    "Actual Rows": 264502,
                                                    "Actual Loops": 1
                                                }
                                            ],
                                            "Plans": [
                                                {
                                                    "Node Type": "Seq Scan",
                                                    "Parent Relationship": "Outer",
                                                    "Parallel Aware": true,
                                                    "Relation Name": "title",
                                                    "Schema": "public",
                                                    "Alias": "t",
                                                    "Startup Cost": 0.0,
                                                    "Total Cost": 45479.21,
                                                    "Plan Rows": 333436,
                                                    "Plan Width": 4,
                                                    "Actual Startup Time": 0.043,
                                                    "Actual Total Time": 100.277,
                                                    "Actual Rows": 356254,
                                                    "Actual Loops": 4,
                                                    "Output": [
                                                        "t.id"
                                                    ],
                                                    "Filter": "((t.production_year > 1960) AND (t.kind_id = 7))",
                                                    "Rows Removed by Filter": 275824,
                                                    "Workers": [
                                                        {
                                                            "Worker Number": 0,
                                                            "Actual Startup Time": 0.051,
                                                            "Actual Total Time": 101.541,
                                                            "Actual Rows": 363579,
                                                            "Actual Loops": 1
                                                        },
                                                        {
                                                            "Worker Number": 1,
                                                            "Actual Startup Time": 0.045,
                                                            "Actual Total Time": 101.536,
                                                            "Actual Rows": 364151,
                                                            "Actual Loops": 1
                                                        },
                                                        {
                                                            "Worker Number": 2,
                                                            "Actual Startup Time": 0.065,
                                                            "Actual Total Time": 106.475,
                                                            "Actual Rows": 264502,
                                                            "Actual Loops": 1
                                                        }
                                                    ]
                                                }
                                            ]
                                        }
                                    ]
                                }
                            ]
                        }
                    ]
                }
            ]
        },
        "Planning Time": 182.132,
        "Triggers": [],
        "Execution Time": 421.912
    }
]