[
  {
    "Plan": {
      "Node Type": "Aggregate",
      "Strategy": "Plain",
      "Partial Mode": "Finalize",
      "Parallel Aware": false,
      "Startup Cost": 82548.19,
      "Total Cost": 82548.2,
      "Plan Rows": 1,
      "Plan Width": 8,
      "Actual Startup Time": 704.504,
      "Actual Total Time": 728.642,
      "Actual Rows": 1,
      "Actual Loops": 1,
      "Plans": [
        {
          "Node Type": "Gather",
          "Parent Relationship": "Outer",
          "Parallel Aware": false,
          "Startup Cost": 82547.87,
          "Total Cost": 82548.18,
          "Plan Rows": 3,
          "Plan Width": 8,
          "Actual Startup Time": 683.582,
          "Actual Total Time": 728.627,
          "Actual Rows": 4,
          "Actual Loops": 1,
          "Workers Planned": 3,
          "Workers Launched": 3,
          "Single Copy": false,
          "Plans": [
            {
              "Node Type": "Aggregate",
              "Strategy": "Plain",
              "Partial Mode": "Partial",
              "Parent Relationship": "Outer",
              "Parallel Aware": false,
              "Startup Cost": 81547.87,
              "Total Cost": 81547.88,
              "Plan Rows": 1,
              "Plan Width": 8,
              "Actual Startup Time": 663.524,
              "Actual Total Time": 663.53,
              "Actual Rows": 1,
              "Actual Loops": 4,
              "Plans": [
                {
                  "Node Type": "Hash Join",
                  "Parent Relationship": "Outer",
                  "Parallel Aware": true,
                  "Join Type": "Inner",
                  "Startup Cost": 55641.11,
                  "Total Cost": 81341.81,
                  "Plan Rows": 82426,
                  "Plan Width": 0,
                  "Actual Startup Time": 529.902,
                  "Actual Total Time": 658.751,
                  "Actual Rows": 61298,
                  "Actual Loops": 4,
                  "Inner Unique": true,
                  "Hash Cond": "(mk.movie_id = t.id)",
                  "Plans": [
                    {
                      "Node Type": "Bitmap Heap Scan",
                      "Parent Relationship": "Outer",
                      "Parallel Aware": true,
                      "Relation Name": "movie_keyword",
                      "Alias": "mk",
                      "Startup Cost": 5420.73,
                      "Total Cost": 30905.06,
                      "Plan Rows": 82426,
                      "Plan Width": 4,
                      "Actual Startup Time": 29.333,
                      "Actual Total Time": 102.661,
                      "Actual Rows": 61298,
                      "Actual Loops": 4,
                      "Recheck Cond": "(keyword_id < 212)",
                      "Rows Removed by Index Recheck": 0,
                      "Exact Heap Blocks": 7844,
                      "Lossy Heap Blocks": 0,
                      "Plans": [
                        {
                          "Node Type": "Bitmap Index Scan",
                          "Parent Relationship": "Outer",
                          "Parallel Aware": false,
                          "Index Name": "keyword_id_movie_keyword",
                          "Startup Cost": 0.0,
                          "Total Cost": 5356.85,
                          "Plan Rows": 255522,
                          "Plan Width": 0,
                          "Actual Startup Time": 23.451,
                          "Actual Total Time": 23.452,
                          "Actual Rows": 245191,
                          "Actual Loops": 1,
                          "Index Cond": "(keyword_id < 212)"
                        }
                      ]
                    },
                    {
                      "Node Type": "Hash",
                      "Parent Relationship": "Inner",
                      "Parallel Aware": true,
                      "Startup Cost": 42319.06,
                      "Total Cost": 42319.06,
                      "Plan Rows": 632106,
                      "Plan Width": 4,
                      "Actual Startup Time": 487.493,
                      "Actual Total Time": 487.495,
                      "Actual Rows": 632078,
                      "Actual Loops": 4,
                      "Hash Buckets": 4194304,
                      "Original Hash Buckets": 4194304,
                      "Hash Batches": 1,
                      "Original Hash Batches": 1,
                      "Peak Memory Usage": 131776,
                      "Plans": [
                        {
                          "Node Type": "Seq Scan",
                          "Parent Relationship": "Outer",
                          "Parallel Aware": true,
                          "Relation Name": "title",
                          "Alias": "t",
                          "Startup Cost": 0.0,
                          "Total Cost": 42319.06,
                          "Plan Rows": 632106,
                          "Plan Width": 4,
                          "Actual Startup Time": 0.055,
                          "Actual Total Time": 142.585,
                          "Actual Rows": 632078,
                          "Actual Loops": 4
                        }
                      ]
                    }
                  ]
                }
              ]
            }
          ]
        }
      ]
    },
    "Planning Time": 0.603,
    "Triggers": [],
    "Execution Time": 728.734
  }
]