{
  "Plan": {
    "Node Type": "Aggregate",
    "Strategy": "Plain",
    "Partial Mode": "Finalize",
    "Parallel Aware": false,
    "Startup Cost": 105590.94,
    "Total Cost": 105590.95,
    "Plan Rows": 1,
    "Plan Width": 8,
    "Actual Startup Time": 311.751,
    "Actual Total Time": 332.219,
    "Actual Rows": 1,
    "Actual Loops": 1,
    "Plans": [
      {
        "Node Type": "Gather",
        "Parent Relationship": "Outer",
        "Parallel Aware": false,
        "Startup Cost": 105590.83,
        "Total Cost": 105590.94,
        "Plan Rows": 1,
        "Plan Width": 8,
        "Actual Startup Time": 311.34,
        "Actual Total Time": 332.211,
        "Actual Rows": 2,
        "Actual Loops": 1,
        "Workers Planned": 1,
        "Workers Launched": 1,
        "Single Copy": false,
        "Plans": [
          {
            "Node Type": "Aggregate",
            "Strategy": "Plain",
            "Partial Mode": "Partial",
            "Parent Relationship": "Outer",
            "Parallel Aware": false,
            "Startup Cost": 104590.83,
            "Total Cost": 104590.84,
            "Plan Rows": 1,
            "Plan Width": 8,
            "Actual Startup Time": 305.188,
            "Actual Total Time": 305.192,
            "Actual Rows": 1,
            "Actual Loops": 2,
            "Plans": [
              {
                "Node Type": "Nested Loop",
                "Parent Relationship": "Outer",
                "Parallel Aware": false,
                "Join Type": "Inner",
                "Startup Cost": 58882.09,
                "Total Cost": 104574.0,
                "Plan Rows": 6731,
                "Plan Width": 0,
                "Actual Startup Time": 175.693,
                "Actual Total Time": 304.898,
                "Actual Rows": 3033,
                "Actual Loops": 2,
                "Inner Unique": false,
                "Join Filter": "(t.id = mi.movie_id)",
                "Rows Removed by Join Filter": 0,
                "Plans": [
                  {
                    "Node Type": "Hash Join",
                    "Parent Relationship": "Outer",
                    "Parallel Aware": true,
                    "Join Type": "Inner",
                    "Startup Cost": 58881.66,
                    "Total Cost": 77665.97,
                    "Plan Rows": 8274,
                    "Plan Width": 8,
                    "Actual Startup Time": 175.356,
                    "Actual Total Time": 270.262,
                    "Actual Rows": 3436,
                    "Actual Loops": 2,
                    "Inner Unique": true,
                    "Hash Cond": "(mi_idx.movie_id = t.id)",
                    "Plans": [
                      {
                        "Node Type": "Seq Scan",
                        "Parent Relationship": "Outer",
                        "Parallel Aware": true,
                        "Relation Name": "movie_info_idx",
                        "Alias": "mi_idx",
                        "Startup Cost": 0.0,
                        "Total Cost": 18082.32,
                        "Plan Rows": 267429,
                        "Plan Width": 4,
                        "Actual Startup Time": 0.02,
                        "Actual Total Time": 59.981,
                        "Actual Rows": 229962,
                        "Actual Loops": 2,
                        "Filter": "(info_type_id < 100)",
                        "Rows Removed by Filter": 460055
                      },
                      {
                        "Node Type": "Hash",
                        "Parent Relationship": "Inner",
                        "Parallel Aware": true,
                        "Startup Cost": 58306.47,
                        "Total Cost": 58306.47,
                        "Plan Rows": 46015,
                        "Plan Width": 4,
                        "Actual Startup Time": 172.855,
                        "Actual Total Time": 172.856,
                        "Actual Rows": 42342,
                        "Actual Loops": 2,
                        "Hash Buckets": 131072,
                        "Original Hash Buckets": 131072,
                        "Hash Batches": 1,
                        "Original Hash Batches": 1,
                        "Peak Memory Usage": 4352,
                        "Plans": [
                          {
                            "Node Type": "Seq Scan",
                            "Parent Relationship": "Outer",
                            "Parallel Aware": true,
                            "Relation Name": "title",
                            "Alias": "t",
                            "Startup Cost": 0.0,
                            "Total Cost": 58306.47,
                            "Plan Rows": 46015,
                            "Plan Width": 4,
                            "Actual Startup Time": 0.049,
                            "Actual Total Time": 159.095,
                            "Actual Rows": 42342,
                            "Actual Loops": 2,
                            "Filter": "((kind_id = 7) AND (production_year = 2009))",
                            "Rows Removed by Filter": 1221814
                          }
                        ]
                      }
                    ]
                  },
                  {
                    "Node Type": "Index Scan",
                    "Parent Relationship": "Inner",
                    "Parallel Aware": false,
                    "Scan Direction": "Forward",
                    "Index Name": "movie_id_movie_info",
                    "Relation Name": "movie_info",
                    "Alias": "mi",
                    "Startup Cost": 0.43,
                    "Total Cost": 3.18,
                    "Plan Rows": 6,
                    "Plan Width": 4,
                    "Actual Startup Time": 0.006,
                    "Actual Total Time": 0.01,
                    "Actual Rows": 1,
                    "Actual Loops": 6873,
                    "Index Cond": "(movie_id = mi_idx.movie_id)",
                    "Rows Removed by Index Recheck": 0,
                    "Filter": "(info_type_id < 3)",
                    "Rows Removed by Filter": 8
                  }
                ]
              }
            ]
          }
        ]
      }
    ]
  },
  "Planning Time": 1.084,
  "Triggers": [],
  "Execution Time": 332.31
}