[
  {
    "Plan": {
      "Node Type": "Aggregate",
      "Strategy": "Plain",
      "Partial Mode": "Finalize",
      "Parallel Aware": false,
      "Startup Cost": 488998.66,
      "Total Cost": 488998.67,
      "Plan Rows": 1,
      "Plan Width": 96,
      "Actual Startup Time": 1945.388,
      "Actual Total Time": 2063.009,
      "Actual Rows": 1,
      "Actual Loops": 1,
      "Plans": [
        {
          "Node Type": "Gather",
          "Parent Relationship": "Outer",
          "Parallel Aware": false,
          "Startup Cost": 488998.22,
          "Total Cost": 488998.63,
          "Plan Rows": 4,
          "Plan Width": 96,
          "Actual Startup Time": 1945.106,
          "Actual Total Time": 2062.978,
          "Actual Rows": 5,
          "Actual Loops": 1,
          "Workers Planned": 4,
          "Workers Launched": 4,
          "Single Copy": false,
          "Plans": [
            {
              "Node Type": "Aggregate",
              "Strategy": "Plain",
              "Partial Mode": "Partial",
              "Parent Relationship": "Outer",
              "Parallel Aware": false,
              "Startup Cost": 487998.22,
              "Total Cost": 487998.23,
              "Plan Rows": 1,
              "Plan Width": 96,
              "Actual Startup Time": 1934.396,
              "Actual Total Time": 1934.408,
              "Actual Rows": 1,
              "Actual Loops": 5,
              "Plans": [
                {
                  "Node Type": "Hash Join",
                  "Parent Relationship": "Outer",
                  "Parallel Aware": true,
                  "Join Type": "Inner",
                  "Startup Cost": 443062.39,
                  "Total Cost": 487998.21,
                  "Plan Rows": 1,
                  "Plan Width": 48,
                  "Actual Startup Time": 1870.801,
                  "Actual Total Time": 1934.388,
                  "Actual Rows": 3,
                  "Actual Loops": 5,
                  "Inner Unique": false,
                  "Hash Cond": "(t.id = mk.movie_id)",
                  "Plans": [
                    {
                      "Node Type": "Seq Scan",
                      "Parent Relationship": "Outer",
                      "Parallel Aware": true,
                      "Relation Name": "title",
                      "Alias": "t",
                      "Startup Cost": 0.0,
                      "Total Cost": 43898.62,
                      "Plan Rows": 276585,
                      "Plan Width": 21,
                      "Actual Startup Time": 0.025,
                      "Actual Total Time": 82.662,
                      "Actual Rows": 221585,
                      "Actual Loops": 5,
                      "Filter": "(production_year > 2004)",
                      "Rows Removed by Filter": 284077
                    },
                    {
                      "Node Type": "Hash",
                      "Parent Relationship": "Inner",
                      "Parallel Aware": true,
                      "Startup Cost": 443062.38,
                      "Total Cost": 443062.38,
                      "Plan Rows": 1,
                      "Plan Width": 39,
                      "Actual Startup Time": 1837.975,
                      "Actual Total Time": 1837.984,
                      "Actual Rows": 6,
                      "Actual Loops": 5,
                      "Hash Buckets": 1024,
                      "Original Hash Buckets": 1024,
                      "Hash Batches": 1,
                      "Original Hash Batches": 1,
                      "Peak Memory Usage": 168,
                      "Plans": [
                        {
                          "Node Type": "Hash Join",
                          "Parent Relationship": "Outer",
                          "Parallel Aware": true,
                          "Join Type": "Inner",
                          "Startup Cost": 114141.35,
                          "Total Cost": 443062.38,
                          "Plan Rows": 1,
                          "Plan Width": 39,
                          "Actual Startup Time": 842.229,
                          "Actual Total Time": 1837.781,
                          "Actual Rows": 6,
                          "Actual Loops": 5,
                          "Inner Unique": false,
                          "Hash Cond": "(ci.movie_id = mk.movie_id)",
                          "Plans": [
                            {
                              "Node Type": "Hash Join",
                              "Parent Relationship": "Outer",
                              "Parallel Aware": true,
                              "Join Type": "Inner",
                              "Startup Cost": 68636.88,
                              "Total Cost": 397555.64,
                              "Plan Rows": 604,
                              "Plan Width": 19,
                              "Actual Startup Time": 198.023,
                              "Actual Total Time": 1639.352,
                              "Actual Rows": 18956,
                              "Actual Loops": 5,
                              "Inner Unique": true,
                              "Hash Cond": "(ci.person_id = n.id)",
                              "Plans": [
                                {
                                  "Node Type": "Seq Scan",
                                  "Parent Relationship": "Outer",
                                  "Parallel Aware": true,
                                  "Relation Name": "cast_info",
                                  "Alias": "ci",
                                  "Startup Cost": 0.0,
                                  "Total Cost": 313068.58,
                                  "Plan Rows": 6038158,
                                  "Plan Width": 8,
                                  "Actual Startup Time": 0.021,
                                  "Actual Total Time": 858.116,
                                  "Actual Rows": 7248869,
                                  "Actual Loops": 5
                                },
                                {
                                  "Node Type": "Hash",
                                  "Parent Relationship": "Inner",
                                  "Parallel Aware": true,
                                  "Startup Cost": 68635.58,
                                  "Total Cost": 68635.58,
                                  "Plan Rows": 104,
                                  "Plan Width": 19,
                                  "Actual Startup Time": 161.657,
                                  "Actual Total Time": 161.659,
                                  "Actual Rows": 2142,
                                  "Actual Loops": 5,
                                  "Hash Buckets": 16384,
                                  "Original Hash Buckets": 1024,
                                  "Hash Batches": 1,
                                  "Original Hash Batches": 1,
                                  "Peak Memory Usage": 952,
                                  "Plans": [
                                    {
                                      "Node Type": "Seq Scan",
                                      "Parent Relationship": "Outer",
                                      "Parallel Aware": true,
                                      "Relation Name": "name",
                                      "Alias": "n",
                                      "Startup Cost": 0.0,
                                      "Total Cost": 68635.58,
                                      "Plan Rows": 104,
                                      "Plan Width": 19,
                                      "Actual Startup Time": 6.529,
                                      "Actual Total Time": 152.571,
                                      "Actual Rows": 2142,
                                      "Actual Loops": 5,
                                      "Filter": "(name ~~ '%Williams,%'::text)",
                                      "Rows Removed by Filter": 831357
                                    }
                                  ]
                                }
                              ]
                            },
                            {
                              "Node Type": "Hash",
                              "Parent Relationship": "Inner",
                              "Parallel Aware": true,
                              "Startup Cost": 45504.33,
                              "Total Cost": 45504.33,
                              "Plan Rows": 11,
                              "Plan Width": 20,
                              "Actual Startup Time": 196.811,
                              "Actual Total Time": 196.815,
                              "Actual Rows": 30,
                              "Actual Loops": 5,
                              "Hash Buckets": 1024,
                              "Original Hash Buckets": 1024,
                              "Hash Batches": 1,
                              "Original Hash Batches": 1,
                              "Peak Memory Usage": 168,
                              "Plans": [
                                {
                                  "Node Type": "Hash Join",
                                  "Parent Relationship": "Outer",
                                  "Parallel Aware": false,
                                  "Join Type": "Inner",
                                  "Startup Cost": 2626.14,
                                  "Total Cost": 45504.33,
                                  "Plan Rows": 11,
                                  "Plan Width": 20,
                                  "Actual Startup Time": 32.647,
                                  "Actual Total Time": 196.726,
                                  "Actual Rows": 30,
                                  "Actual Loops": 5,
                                  "Inner Unique": true,
                                  "Hash Cond": "(mk.keyword_id = k.id)",
                                  "Plans": [
                                    {
                                      "Node Type": "Seq Scan",
                                      "Parent Relationship": "Outer",
                                      "Parallel Aware": true,
                                      "Relation Name": "movie_keyword",
                                      "Alias": "mk",
                                      "Startup Cost": 0.0,
                                      "Total Cost": 39047.32,
                                      "Plan Rows": 1459332,
                                      "Plan Width": 8,
                                      "Actual Startup Time": 0.06,
                                      "Actual Total Time": 102.659,
                                      "Actual Rows": 904786,
                                      "Actual Loops": 5
                                    },
                                    {
                                      "Node Type": "Hash",
                                      "Parent Relationship": "Inner",
                                      "Parallel Aware": false,
                                      "Startup Cost": 2626.12,
                                      "Total Cost": 2626.12,
                                      "Plan Rows": 1,
                                      "Plan Width": 20,
                                      "Actual Startup Time": 26.851,
                                      "Actual Total Time": 26.852,
                                      "Actual Rows": 1,
                                      "Actual Loops": 5,
                                      "Hash Buckets": 1024,
                                      "Original Hash Buckets": 1024,
                                      "Hash Batches": 1,
                                      "Original Hash Batches": 1,
                                      "Peak Memory Usage": 9,
                                      "Plans": [
                                        {
                                          "Node Type": "Seq Scan",
                                          "Parent Relationship": "Outer",
                                          "Parallel Aware": false,
                                          "Relation Name": "keyword",
                                          "Alias": "k",
                                          "Startup Cost": 0.0,
                                          "Total Cost": 2626.12,
                                          "Plan Rows": 1,
                                          "Plan Width": 20,
                                          "Actual Startup Time": 2.017,
                                          "Actual Total Time": 26.83,
                                          "Actual Rows": 1,
                                          "Actual Loops": 5,
                                          "Filter": "(keyword = 'magnet'::text)",
                                          "Rows Removed by Filter": 134169
                                        }
                                      ]
                                    }
                                  ]
                                }
                              ]
                            }
                          ]
                        }
                      ]
                    }
                  ]
                }
              ]
            }
          ]
        }
      ]
    },
    "Planning Time": 4.621,
    "Triggers": [],
    "Execution Time": 2063.384
  }
]