{
  "Plan": {
    "Node Type": "Aggregate",
    "Strategy": "Plain",
    "Partial Mode": "Finalize",
    "Parallel Aware": false,
    "Startup Cost": 1568151.88,
    "Total Cost": 1568151.89,
    "Plan Rows": 1,
    "Plan Width": 8,
    "Actual Startup Time": 17622.996,
    "Actual Total Time": 17711.078,
    "Actual Rows": 1,
    "Actual Loops": 1,
    "Plans": [
      {
        "Node Type": "Gather",
        "Parent Relationship": "Outer",
        "Parallel Aware": false,
        "Startup Cost": 1568151.76,
        "Total Cost": 1568151.87,
        "Plan Rows": 1,
        "Plan Width": 8,
        "Actual Startup Time": 17595.47,
        "Actual Total Time": 17711.067,
        "Actual Rows": 2,
        "Actual Loops": 1,
        "Workers Planned": 1,
        "Workers Launched": 1,
        "Single Copy": false,
        "Plans": [
          {
            "Node Type": "Aggregate",
            "Strategy": "Plain",
            "Partial Mode": "Partial",
            "Parent Relationship": "Outer",
            "Parallel Aware": false,
            "Startup Cost": 1567151.76,
            "Total Cost": 1567151.77,
            "Plan Rows": 1,
            "Plan Width": 8,
            "Actual Startup Time": 17581.263,
            "Actual Total Time": 17581.272,
            "Actual Rows": 1,
            "Actual Loops": 2,
            "Plans": [
              {
                "Node Type": "Hash Join",
                "Parent Relationship": "Outer",
                "Parallel Aware": true,
                "Join Type": "Inner",
                "Startup Cost": 860038.09,
                "Total Cost": 1519013.12,
                "Plan Rows": 19255457,
                "Plan Width": 0,
                "Actual Startup Time": 3266.734,
                "Actual Total Time": 15518.671,
                "Actual Rows": 51440908,
                "Actual Loops": 2,
                "Inner Unique": false,
                "Hash Cond": "(ci.movie_id = t.id)",
                "Plans": [
                  {
                    "Node Type": "Seq Scan",
                    "Parent Relationship": "Outer",
                    "Parallel Aware": true,
                    "Relation Name": "cast_info",
                    "Alias": "ci",
                    "Startup Cost": 0.0,
                    "Total Cost": 465792.95,
                    "Plan Rows": 21310595,
                    "Plan Width": 4,
                    "Actual Startup Time": 0.037,
                    "Actual Total Time": 1444.67,
                    "Actual Rows": 18122172,
                    "Actual Loops": 2
                  },
                  {
                    "Node Type": "Hash",
                    "Parent Relationship": "Inner",
                    "Parallel Aware": true,
                    "Startup Cost": 843240.51,
                    "Total Cost": 843240.51,
                    "Plan Rows": 1343806,
                    "Plan Width": 8,
                    "Actual Startup Time": 3244.809,
                    "Actual Total Time": 3244.813,
                    "Actual Rows": 2402872,
                    "Actual Loops": 2,
                    "Hash Buckets": 8388608,
                    "Original Hash Buckets": 4194304,
                    "Hash Batches": 1,
                    "Original Hash Batches": 1,
                    "Peak Memory Usage": 286336,
                    "Plans": [
                      {
                        "Node Type": "Merge Join",
                        "Parent Relationship": "Outer",
                        "Parallel Aware": false,
                        "Join Type": "Inner",
                        "Startup Cost": 807714.59,
                        "Total Cost": 843240.51,
                        "Plan Rows": 1343806,
                        "Plan Width": 8,
                        "Actual Startup Time": 1780.004,
                        "Actual Total Time": 2554.076,
                        "Actual Rows": 2402872,
                        "Actual Loops": 2,
                        "Inner Unique": true,
                        "Merge Cond": "(mi.movie_id = t.id)",
                        "Plans": [
                          {
                            "Node Type": "Sort",
                            "Parent Relationship": "Outer",
                            "Parallel Aware": false,
                            "Startup Cost": 642661.63,
                            "Total Cost": 651228.91,
                            "Plan Rows": 3426912,
                            "Plan Width": 4,
                            "Actual Startup Time": 1344.235,
                            "Actual Total Time": 1503.973,
                            "Actual Rows": 2942482,
                            "Actual Loops": 2,
                            "Sort Key": [
                              "mi.movie_id"
                            ],
                            "Sort Method": "quicksort",
                            "Sort Space Used": 241181,
                            "Sort Space Type": "Memory",
                            "Workers": [
                              {
                                "Worker Number": 0,
                                "Sort Method": "quicksort",
                                "Sort Space Used": 231286,
                                "Sort Space Type": "Memory"
                              }
                            ],
                            "Plans": [
                              {
                                "Node Type": "Seq Scan",
                                "Parent Relationship": "Outer",
                                "Parallel Aware": true,
                                "Relation Name": "movie_info",
                                "Alias": "mi",
                                "Startup Cost": 0.0,
                                "Total Cost": 270696.42,
                                "Plan Rows": 3426912,
                                "Plan Width": 4,
                                "Actual Startup Time": 0.03,
                                "Actual Total Time": 723.581,
                                "Actual Rows": 2942482,
                                "Actual Loops": 2,
                                "Filter": "(info_type_id < 7)",
                                "Rows Removed by Filter": 4475378
                              }
                            ]
                          },
                          {
                            "Node Type": "Sort",
                            "Parent Relationship": "Inner",
                            "Parallel Aware": false,
                            "Startup Cost": 165052.85,
                            "Total Cost": 167531.42,
                            "Plan Rows": 991428,
                            "Plan Width": 4,
                            "Actual Startup Time": 435.755,
                            "Actual Total Time": 603.012,
                            "Actual Rows": 983686,
                            "Actual Loops": 2,
                            "Sort Key": [
                              "t.id"
                            ],
                            "Sort Method": "quicksort",
                            "Sort Space Used": 70751,
                            "Sort Space Type": "Memory",
                            "Workers": [
                              {
                                "Worker Number": 0,
                                "Sort Method": "quicksort",
                                "Sort Space Used": 70751,
                                "Sort Space Type": "Memory"
                              }
                            ],
                            "Plans": [
                              {
                                "Node Type": "Bitmap Heap Scan",
                                "Parent Relationship": "Outer",
                                "Parallel Aware": false,
                                "Relation Name": "title",
                                "Alias": "t",
                                "Startup Cost": 17920.0,
                                "Total Cost": 66310.85,
                                "Plan Rows": 991428,
                                "Plan Width": 4,
                                "Actual Startup Time": 38.273,
                                "Actual Total Time": 193.693,
                                "Actual Rows": 985048,
                                "Actual Loops": 2,
                                "Recheck Cond": "(kind_id < 7)",
                                "Rows Removed by Index Recheck": 0,
                                "Exact Heap Blocks": 35472,
                                "Lossy Heap Blocks": 0,
                                "Plans": [
                                  {
                                    "Node Type": "Bitmap Index Scan",
                                    "Parent Relationship": "Outer",
                                    "Parallel Aware": false,
                                    "Index Name": "kind_id_title",
                                    "Startup Cost": 0.0,
                                    "Total Cost": 17672.14,
                                    "Plan Rows": 991428,
                                    "Plan Width": 0,
                                    "Actual Startup Time": 33.448,
                                    "Actual Total Time": 33.448,
                                    "Actual Rows": 985048,
                                    "Actual Loops": 2,
                                    "Index Cond": "(kind_id < 7)"
                                  }
                                ]
                              }
                            ]
                          }
                        ]
                      }
                    ]
                  }
                ]
              }
            ]
          }
        ]
      }
    ]
  },
  "Planning Time": 1.032,
  "Triggers": [],
  "Execution Time": 17743.812
}