[
  {
    "Plan": {
      "Node Type": "Aggregate",
      "Strategy": "Plain",
      "Partial Mode": "Finalize",
      "Parallel Aware": false,
      "Startup Cost": 81430.55,
      "Total Cost": 81430.56,
      "Plan Rows": 1,
      "Plan Width": 8,
      "Actual Startup Time": 315.666,
      "Actual Total Time": 329.904,
      "Actual Rows": 1,
      "Actual Loops": 1,
      "Plans": [
        {
          "Node Type": "Gather",
          "Parent Relationship": "Outer",
          "Parallel Aware": false,
          "Startup Cost": 81430.13,
          "Total Cost": 81430.54,
          "Plan Rows": 4,
          "Plan Width": 8,
          "Actual Startup Time": 308.932,
          "Actual Total Time": 329.809,
          "Actual Rows": 5,
          "Actual Loops": 1,
          "Workers Planned": 4,
          "Workers Launched": 4,
          "Single Copy": false,
          "Plans": [
            {
              "Node Type": "Aggregate",
              "Strategy": "Plain",
              "Partial Mode": "Partial",
              "Parent Relationship": "Outer",
              "Parallel Aware": false,
              "Startup Cost": 80430.13,
              "Total Cost": 80430.14,
              "Plan Rows": 1,
              "Plan Width": 8,
              "Actual Startup Time": 299.568,
              "Actual Total Time": 299.571,
              "Actual Rows": 1,
              "Actual Loops": 5,
              "Plans": [
                {
                  "Node Type": "Hash Join",
                  "Parent Relationship": "Outer",
                  "Parallel Aware": true,
                  "Join Type": "Inner",
                  "Startup Cost": 34042.99,
                  "Total Cost": 80182.51,
                  "Plan Rows": 99050,
                  "Plan Width": 0,
                  "Actual Startup Time": 139.496,
                  "Actual Total Time": 297.574,
                  "Actual Rows": 39725,
                  "Actual Loops": 5,
                  "Inner Unique": false,
                  "Hash Cond": "(t.id = mc.movie_id)",
                  "Plans": [
                    {
                      "Node Type": "Seq Scan",
                      "Parent Relationship": "Outer",
                      "Parallel Aware": true,
                      "Relation Name": "title",
                      "Alias": "t",
                      "Startup Cost": 0.0,
                      "Total Cost": 43898.92,
                      "Plan Rows": 384216,
                      "Plan Width": 4,
                      "Actual Startup Time": 0.012,
                      "Actual Total Time": 76.896,
                      "Actual Rows": 308653,
                      "Actual Loops": 5,
                      "Filter": "(kind_id = 7)",
                      "Rows Removed by Filter": 197010
                    },
                    {
                      "Node Type": "Hash",
                      "Parent Relationship": "Inner",
                      "Parallel Aware": true,
                      "Startup Cost": 31414.82,
                      "Total Cost": 31414.82,
                      "Plan Rows": 210254,
                      "Plan Width": 4,
                      "Actual Startup Time": 135.256,
                      "Actual Total Time": 135.257,
                      "Actual Rows": 180597,
                      "Actual Loops": 5,
                      "Hash Buckets": 1048576,
                      "Original Hash Buckets": 1048576,
                      "Hash Batches": 1,
                      "Original Hash Batches": 1,
                      "Peak Memory Usage": 43616,
                      "Plans": [
                        {
                          "Node Type": "Seq Scan",
                          "Parent Relationship": "Outer",
                          "Parallel Aware": true,
                          "Relation Name": "movie_companies",
                          "Alias": "mc",
                          "Startup Cost": 0.0,
                          "Total Cost": 31414.82,
                          "Plan Rows": 210254,
                          "Plan Width": 4,
                          "Actual Startup Time": 46.226,
                          "Actual Total Time": 80.036,
                          "Actual Rows": 180597,
                          "Actual Loops": 5,
                          "Filter": "((company_id > 11373) AND (company_type_id = 2))",
                          "Rows Removed by Filter": 341229
                        }
                      ]
                    }
                  ]
                }
              ]
            }
          ]
        }
      ]
    },
    "Planning Time": 0.677,
    "Triggers": [],
    "Execution Time": 329.979
  }
]