{
  "Plan": {
    "Node Type": "Aggregate",
    "Strategy": "Plain",
    "Partial Mode": "Finalize",
    "Parallel Aware": false,
    "Startup Cost": 295209.98,
    "Total Cost": 295209.99,
    "Plan Rows": 1,
    "Plan Width": 8,
    "Actual Startup Time": 242.498,
    "Actual Total Time": 270.71,
    "Actual Rows": 1,
    "Actual Loops": 1,
    "Plans": [
      {
        "Node Type": "Gather",
        "Parent Relationship": "Outer",
        "Parallel Aware": false,
        "Startup Cost": 295209.86,
        "Total Cost": 295209.97,
        "Plan Rows": 1,
        "Plan Width": 8,
        "Actual Startup Time": 242.398,
        "Actual Total Time": 270.704,
        "Actual Rows": 2,
        "Actual Loops": 1,
        "Workers Planned": 1,
        "Workers Launched": 1,
        "Single Copy": false,
        "Plans": [
          {
            "Node Type": "Aggregate",
            "Strategy": "Plain",
            "Partial Mode": "Partial",
            "Parent Relationship": "Outer",
            "Parallel Aware": false,
            "Startup Cost": 294209.86,
            "Total Cost": 294209.87,
            "Plan Rows": 1,
            "Plan Width": 8,
            "Actual Startup Time": 237.978,
            "Actual Total Time": 237.98,
            "Actual Rows": 1,
            "Actual Loops": 2,
            "Plans": [
              {
                "Node Type": "Nested Loop",
                "Parent Relationship": "Outer",
                "Parallel Aware": false,
                "Join Type": "Inner",
                "Startup Cost": 1.0,
                "Total Cost": 294124.99,
                "Plan Rows": 33949,
                "Plan Width": 0,
                "Actual Startup Time": 79.784,
                "Actual Total Time": 235.997,
                "Actual Rows": 36076,
                "Actual Loops": 2,
                "Inner Unique": false,
                "Join Filter": "(t.id = mi.movie_id)",
                "Rows Removed by Join Filter": 0,
                "Plans": [
                  {
                    "Node Type": "Nested Loop",
                    "Parent Relationship": "Outer",
                    "Parallel Aware": false,
                    "Join Type": "Inner",
                    "Startup Cost": 0.56,
                    "Total Cost": 278321.83,
                    "Plan Rows": 9582,
                    "Plan Width": 8,
                    "Actual Startup Time": 79.717,
                    "Actual Total Time": 179.402,
                    "Actual Rows": 4714,
                    "Actual Loops": 2,
                    "Inner Unique": false,
                    "Plans": [
                      {
                        "Node Type": "Seq Scan",
                        "Parent Relationship": "Outer",
                        "Parallel Aware": true,
                        "Relation Name": "title",
                        "Alias": "t",
                        "Startup Cost": 0.0,
                        "Total Cost": 58306.47,
                        "Plan Rows": 1730,
                        "Plan Width": 4,
                        "Actual Startup Time": 79.592,
                        "Actual Total Time": 125.879,
                        "Actual Rows": 3835,
                        "Actual Loops": 2,
                        "Filter": "((kind_id < 7) AND (production_year = 1915))",
                        "Rows Removed by Filter": 1260321
                      },
                      {
                        "Node Type": "Index Scan",
                        "Parent Relationship": "Inner",
                        "Parallel Aware": false,
                        "Scan Direction": "Forward",
                        "Index Name": "movie_id_cast_info",
                        "Relation Name": "cast_info",
                        "Alias": "ci",
                        "Startup Cost": 0.56,
                        "Total Cost": 127.04,
                        "Plan Rows": 14,
                        "Plan Width": 4,
                        "Actual Startup Time": 0.011,
                        "Actual Total Time": 0.014,
                        "Actual Rows": 1,
                        "Actual Loops": 7670,
                        "Index Cond": "(movie_id = t.id)",
                        "Rows Removed by Index Recheck": 0,
                        "Filter": "(person_id > 2269195)",
                        "Rows Removed by Filter": 4
                      }
                    ]
                  },
                  {
                    "Node Type": "Index Scan",
                    "Parent Relationship": "Inner",
                    "Parallel Aware": false,
                    "Scan Direction": "Forward",
                    "Index Name": "movie_id_movie_info",
                    "Relation Name": "movie_info",
                    "Alias": "mi",
                    "Startup Cost": 0.43,
                    "Total Cost": 1.34,
                    "Plan Rows": 25,
                    "Plan Width": 4,
                    "Actual Startup Time": 0.006,
                    "Actual Total Time": 0.011,
                    "Actual Rows": 8,
                    "Actual Loops": 9427,
                    "Index Cond": "(movie_id = ci.movie_id)",
                    "Rows Removed by Index Recheck": 0,
                    "Filter": "(info_type_id > 6)",
                    "Rows Removed by Filter": 5
                  }
                ]
              }
            ]
          }
        ]
      }
    ]
  },
  "Planning Time": 0.648,
  "Triggers": [],
  "Execution Time": 270.77
}