[
  {
    "Plan": {
      "Node Type": "Aggregate",
      "Strategy": "Plain",
      "Partial Mode": "Finalize",
      "Parallel Aware": false,
      "Startup Cost": 256611.34,
      "Total Cost": 256611.35,
      "Plan Rows": 1,
      "Plan Width": 8,
      "Actual Startup Time": 157.807,
      "Actual Total Time": 178.49,
      "Actual Rows": 1,
      "Actual Loops": 1,
      "Plans": [
        {
          "Node Type": "Gather",
          "Parent Relationship": "Outer",
          "Parallel Aware": false,
          "Startup Cost": 256610.81,
          "Total Cost": 256611.32,
          "Plan Rows": 5,
          "Plan Width": 8,
          "Actual Startup Time": 157.056,
          "Actual Total Time": 178.48,
          "Actual Rows": 6,
          "Actual Loops": 1,
          "Workers Planned": 5,
          "Workers Launched": 5,
          "Single Copy": false,
          "Plans": [
            {
              "Node Type": "Aggregate",
              "Strategy": "Plain",
              "Partial Mode": "Partial",
              "Parent Relationship": "Outer",
              "Parallel Aware": false,
              "Startup Cost": 255610.81,
              "Total Cost": 255610.82,
              "Plan Rows": 1,
              "Plan Width": 8,
              "Actual Startup Time": 146.441,
              "Actual Total Time": 146.443,
              "Actual Rows": 1,
              "Actual Loops": 6,
              "Plans": [
                {
                  "Node Type": "Nested Loop",
                  "Parent Relationship": "Outer",
                  "Parallel Aware": false,
                  "Join Type": "Inner",
                  "Startup Cost": 2522.42,
                  "Total Cost": 255402.4,
                  "Plan Rows": 83365,
                  "Plan Width": 0,
                  "Actual Startup Time": 29.236,
                  "Actual Total Time": 146.316,
                  "Actual Rows": 1195,
                  "Actual Loops": 6,
                  "Inner Unique": false,
                  "Plans": [
                    {
                      "Node Type": "Nested Loop",
                      "Parent Relationship": "Outer",
                      "Parallel Aware": false,
                      "Join Type": "Inner",
                      "Startup Cost": 2521.85,
                      "Total Cost": 214326.19,
                      "Plan Rows": 16895,
                      "Plan Width": 8,
                      "Actual Startup Time": 29.112,
                      "Actual Total Time": 127.035,
                      "Actual Rows": 238,
                      "Actual Loops": 6,
                      "Inner Unique": true,
                      "Plans": [
                        {
                          "Node Type": "Bitmap Heap Scan",
                          "Parent Relationship": "Outer",
                          "Parallel Aware": true,
                          "Relation Name": "movie_info",
                          "Alias": "mi",
                          "Startup Cost": 2521.42,
                          "Total Cost": 165818.8,
                          "Plan Rows": 27793,
                          "Plan Width": 4,
                          "Actual Startup Time": 8.875,
                          "Actual Total Time": 17.114,
                          "Actual Rows": 20310,
                          "Actual Loops": 6,
                          "Recheck Cond": "(info_type_id = 105)",
                          "Rows Removed by Index Recheck": 0,
                          "Exact Heap Blocks": 2114,
                          "Lossy Heap Blocks": 0,
                          "Plans": [
                            {
                              "Node Type": "Bitmap Index Scan",
                              "Parent Relationship": "Outer",
                              "Parallel Aware": false,
                              "Index Name": "info_type_id_movie_info",
                              "Startup Cost": 0.0,
                              "Total Cost": 2486.68,
                              "Plan Rows": 138966,
                              "Plan Width": 0,
                              "Actual Startup Time": 16.845,
                              "Actual Total Time": 16.845,
                              "Actual Rows": 121863,
                              "Actual Loops": 1,
                              "Index Cond": "(info_type_id = 105)"
                            }
                          ]
                        },
                        {
                          "Node Type": "Index Scan",
                          "Parent Relationship": "Inner",
                          "Parallel Aware": false,
                          "Scan Direction": "Forward",
                          "Index Name": "title_pkey",
                          "Relation Name": "title",
                          "Alias": "t",
                          "Startup Cost": 0.43,
                          "Total Cost": 1.75,
                          "Plan Rows": 1,
                          "Plan Width": 4,
                          "Actual Startup Time": 0.005,
                          "Actual Total Time": 0.005,
                          "Actual Rows": 0,
                          "Actual Loops": 121863,
                          "Index Cond": "(id = mi.movie_id)",
                          "Rows Removed by Index Recheck": 0,
                          "Filter": "(kind_id = 7)",
                          "Rows Removed by Filter": 1
                        }
                      ]
                    },
                    {
                      "Node Type": "Index Scan",
                      "Parent Relationship": "Inner",
                      "Parallel Aware": false,
                      "Scan Direction": "Forward",
                      "Index Name": "movie_id_cast_info",
                      "Relation Name": "cast_info",
                      "Alias": "ci",
                      "Startup Cost": 0.56,
                      "Total Cost": 2.3,
                      "Plan Rows": 13,
                      "Plan Width": 4,
                      "Actual Startup Time": 0.017,
                      "Actual Total Time": 0.08,
                      "Actual Rows": 5,
                      "Actual Loops": 1429,
                      "Index Cond": "(movie_id = t.id)",
                      "Rows Removed by Index Recheck": 0,
                      "Filter": "(role_id = 1)",
                      "Rows Removed by Filter": 14
                    }
                  ]
                }
              ]
            }
          ]
        }
      ]
    },
    "Planning Time": 1.332,
    "Triggers": [],
    "Execution Time": 178.594
  }
]