[
  {
    "Plan": {
      "Node Type": "Aggregate",
      "Strategy": "Plain",
      "Partial Mode": "Simple",
      "Parallel Aware": false,
      "Startup Cost": 59706.07,
      "Total Cost": 59706.08,
      "Plan Rows": 1,
      "Plan Width": 96,
      "Actual Startup Time": 10229.165,
      "Actual Total Time": 10229.17,
      "Actual Rows": 1,
      "Actual Loops": 1,
      "Output": [
        "min(mi.info)",
        "min(mi_idx.info)",
        "min(t.title)"
      ],
      "Plans": [
        {
          "Node Type": "Nested Loop",
          "Parent Relationship": "Outer",
          "Parallel Aware": false,
          "Join Type": "Inner",
          "Startup Cost": 6246.53,
          "Total Cost": 59706.06,
          "Plan Rows": 1,
          "Plan Width": 66,
          "Actual Startup Time": 3088.489,
          "Actual Total Time": 10229.105,
          "Actual Rows": 26,
          "Actual Loops": 1,
          "Output": [
            "mi.info",
            "mi_idx.info",
            "t.title"
          ],
          "Inner Unique": true,
          "Plans": [
            {
              "Node Type": "Nested Loop",
              "Parent Relationship": "Outer",
              "Parallel Aware": false,
              "Join Type": "Inner",
              "Startup Cost": 6246.1,
              "Total Cost": 59705.6,
              "Plan Rows": 1,
              "Plan Width": 61,
              "Actual Startup Time": 3088.444,
              "Actual Total Time": 10228.19,
              "Actual Rows": 26,
              "Actual Loops": 1,
              "Output": [
                "ci.movie_id",
                "mi.info",
                "mi.movie_id",
                "mi_idx.info",
                "mi_idx.movie_id"
              ],
              "Inner Unique": true,
              "Plans": [
                {
                  "Node Type": "Nested Loop",
                  "Parent Relationship": "Outer",
                  "Parallel Aware": false,
                  "Join Type": "Inner",
                  "Startup Cost": 6245.67,
                  "Total Cost": 54947.79,
                  "Plan Rows": 8354,
                  "Plan Width": 65,
                  "Actual Startup Time": 55.183,
                  "Actual Total Time": 9340.494,
                  "Actual Rows": 107339,
                  "Actual Loops": 1,
                  "Output": [
                    "ci.movie_id",
                    "ci.person_id",
                    "mi.info",
                    "mi.movie_id",
                    "mi_idx.info",
                    "mi_idx.movie_id"
                  ],
                  "Inner Unique": false,
                  "Plans": [
                    {
                      "Node Type": "Hash Join",
                      "Parent Relationship": "Outer",
                      "Parallel Aware": false,
                      "Join Type": "Inner",
                      "Startup Cost": 6245.11,
                      "Total Cost": 50067.8,
                      "Plan Rows": 3416,
                      "Plan Width": 57,
                      "Actual Startup Time": 54.751,
                      "Actual Total Time": 5294.085,
                      "Actual Rows": 45431,
                      "Actual Loops": 1,
                      "Output": [
                        "mi.info",
                        "mi.movie_id",
                        "mi_idx.info",
                        "mi_idx.movie_id"
                      ],
                      "Inner Unique": true,
                      "Hash Cond": "(mi.info_type_id = it1.id)",
                      "Plans": [
                        {
                          "Node Type": "Nested Loop",
                          "Parent Relationship": "Outer",
                          "Parallel Aware": false,
                          "Join Type": "Inner",
                          "Startup Cost": 6242.68,
                          "Total Cost": 49013.96,
                          "Plan Rows": 386061,
                          "Plan Width": 61,
                          "Actual Startup Time": 54.411,
                          "Actual Total Time": 4851.987,
                          "Actual Rows": 6930334,
                          "Actual Loops": 1,
                          "Output": [
                            "mi_idx.info",
                            "mi_idx.movie_id",
                            "mi.info",
                            "mi.movie_id",
                            "mi.info_type_id"
                          ],
                          "Inner Unique": false,
                          "Plans": [
                            {
                              "Node Type": "Nested Loop",
                              "Parent Relationship": "Outer",
                              "Parallel Aware": false,
                              "Join Type": "Inner",
                              "Startup Cost": 6242.25,
                              "Total Cost": 21942.36,
                              "Plan Rows": 12213,
                              "Plan Width": 9,
                              "Actual Startup Time": 54.361,
                              "Actual Total Time": 217.984,
                              "Actual Rows": 459925,
                              "Actual Loops": 1,
                              "Output": [
                                "mi_idx.info",
                                "mi_idx.movie_id"
                              ],
                              "Inner Unique": false,
                              "Plans": [
                                {
                                  "Node Type": "Seq Scan",
                                  "Parent Relationship": "Outer",
                                  "Parallel Aware": false,
                                  "Relation Name": "info_type",
                                  "Schema": "public",
                                  "Alias": "it2",
                                  "Startup Cost": 0.0,
                                  "Total Cost": 2.41,
                                  "Plan Rows": 1,
                                  "Plan Width": 4,
                                  "Actual Startup Time": 0.018,
                                  "Actual Total Time": 0.022,
                                  "Actual Rows": 1,
                                  "Actual Loops": 1,
                                  "Output": [
                                    "it2.id",
                                    "it2.info"
                                  ],
                                  "Filter": "((it2.info)::text = 'votes'::text)",
                                  "Rows Removed by Filter": 112
                                },
                                {
                                  "Node Type": "Bitmap Heap Scan",
                                  "Parent Relationship": "Inner",
                                  "Parallel Aware": false,
                                  "Relation Name": "movie_info_idx",
                                  "Schema": "public",
                                  "Alias": "mi_idx",
                                  "Startup Cost": 6242.25,
                                  "Total Cost": 18489.86,
                                  "Plan Rows": 345009,
                                  "Plan Width": 13,
                                  "Actual Startup Time": 54.334,
                                  "Actual Total Time": 161.046,
                                  "Actual Rows": 459925,
                                  "Actual Loops": 1,
                                  "Output": [
                                    "mi_idx.id",
                                    "mi_idx.movie_id",
                                    "mi_idx.info_type_id",
                                    "mi_idx.info",
                                    "mi_idx.note"
                                  ],
                                  "Recheck Cond": "(mi_idx.info_type_id = it2.id)",
                                  "Rows Removed by Index Recheck": 0,
                                  "Exact Heap Blocks": 7934,
                                  "Lossy Heap Blocks": 0,
                                  "Plans": [
                                    {
                                      "Node Type": "Bitmap Index Scan",
                                      "Parent Relationship": "Outer",
                                      "Parallel Aware": false,
                                      "Index Name": "info_type_id_movie_info_idx",
                                      "Startup Cost": 0.0,
                                      "Total Cost": 6155.99,
                                      "Plan Rows": 345009,
                                      "Plan Width": 0,
                                      "Actual Startup Time": 52.826,
                                      "Actual Total Time": 52.827,
                                      "Actual Rows": 459925,
                                      "Actual Loops": 1,
                                      "Index Cond": "(mi_idx.info_type_id = it2.id)"
                                    }
                                  ]
                                }
                              ]
                            },
                            {
                              "Node Type": "Index Scan",
                              "Parent Relationship": "Inner",
                              "Parallel Aware": false,
                              "Scan Direction": "Forward",
                              "Index Name": "movie_id_movie_info",
                              "Relation Name": "movie_info",
                              "Schema": "public",
                              "Alias": "mi",
                              "Startup Cost": 0.43,
                              "Total Cost": 1.8,
                              "Plan Rows": 42,
                              "Plan Width": 52,
                              "Actual Startup Time": 0.003,
                              "Actual Total Time": 0.008,
                              "Actual Rows": 15,
                              "Actual Loops": 459925,
                              "Output": [
                                "mi.id",
                                "mi.movie_id",
                                "mi.info_type_id",
                                "mi.info",
                                "mi.note"
                              ],
                              "Index Cond": "(mi.movie_id = mi_idx.movie_id)",
                              "Rows Removed by Index Recheck": 0
                            }
                          ]
                        },
                        {
                          "Node Type": "Hash",
                          "Parent Relationship": "Inner",
                          "Parallel Aware": false,
                          "Startup Cost": 2.41,
                          "Total Cost": 2.41,
                          "Plan Rows": 1,
                          "Plan Width": 4,
                          "Actual Startup Time": 0.035,
                          "Actual Total Time": 0.036,
                          "Actual Rows": 1,
                          "Actual Loops": 1,
                          "Output": [
                            "it1.id"
                          ],
                          "Hash Buckets": 1024,
                          "Original Hash Buckets": 1024,
                          "Hash Batches": 1,
                          "Original Hash Batches": 1,
                          "Peak Memory Usage": 9,
                          "Plans": [
                            {
                              "Node Type": "Seq Scan",
                              "Parent Relationship": "Outer",
                              "Parallel Aware": false,
                              "Relation Name": "info_type",
                              "Schema": "public",
                              "Alias": "it1",
                              "Startup Cost": 0.0,
                              "Total Cost": 2.41,
                              "Plan Rows": 1,
                              "Plan Width": 4,
                              "Actual Startup Time": 0.029,
                              "Actual Total Time": 0.031,
                              "Actual Rows": 1,
                              "Actual Loops": 1,
                              "Output": [
                                "it1.id"
                              ],
                              "Filter": "((it1.info)::text = 'budget'::text)",
                              "Rows Removed by Filter": 112
                            }
                          ]
                        }
                      ]
                    },
                    {
                      "Node Type": "Index Scan",
                      "Parent Relationship": "Inner",
                      "Parallel Aware": false,
                      "Scan Direction": "Forward",
                      "Index Name": "movie_id_cast_info",
                      "Relation Name": "cast_info",
                      "Schema": "public",
                      "Alias": "ci",
                      "Startup Cost": 0.56,
                      "Total Cost": 1.41,
                      "Plan Rows": 2,
                      "Plan Width": 8,
                      "Actual Startup Time": 0.054,
                      "Actual Total Time": 0.088,
                      "Actual Rows": 2,
                      "Actual Loops": 45431,
                      "Output": [
                        "ci.id",
                        "ci.person_id",
                        "ci.movie_id",
                        "ci.person_role_id",
                        "ci.note",
                        "ci.nr_order",
                        "ci.role_id"
                      ],
                      "Index Cond": "(ci.movie_id = mi.movie_id)",
                      "Rows Removed by Index Recheck": 0,
                      "Filter": "(ci.note = ANY ('{(producer),\"(executive producer)\"}'::text[]))",
                      "Rows Removed by Filter": 38
                    }
                  ]
                },
                {
                  "Node Type": "Index Scan",
                  "Parent Relationship": "Inner",
                  "Parallel Aware": false,
                  "Scan Direction": "Forward",
                  "Index Name": "name_pkey",
                  "Relation Name": "name",
                  "Schema": "public",
                  "Alias": "n",
                  "Startup Cost": 0.43,
                  "Total Cost": 0.57,
                  "Plan Rows": 1,
                  "Plan Width": 4,
                  "Actual Startup Time": 0.008,
                  "Actual Total Time": 0.008,
                  "Actual Rows": 0,
                  "Actual Loops": 107339,
                  "Output": [
                    "n.id",
                    "n.name",
                    "n.imdb_index",
                    "n.imdb_id",
                    "n.gender",
                    "n.name_pcode_cf",
                    "n.name_pcode_nf",
                    "n.surname_pcode",
                    "n.md5sum"
                  ],
                  "Index Cond": "(n.id = ci.person_id)",
                  "Rows Removed by Index Recheck": 0,
                  "Filter": "((n.name ~~ '%Smith,%'::text) AND ((n.gender)::text = 'f'::text))",
                  "Rows Removed by Filter": 1
                }
              ]
            },
            {
              "Node Type": "Index Scan",
              "Parent Relationship": "Inner",
              "Parallel Aware": false,
              "Scan Direction": "Forward",
              "Index Name": "title_pkey",
              "Relation Name": "title",
              "Schema": "public",
              "Alias": "t",
              "Startup Cost": 0.43,
              "Total Cost": 0.46,
              "Plan Rows": 1,
              "Plan Width": 21,
              "Actual Startup Time": 0.033,
              "Actual Total Time": 0.033,
              "Actual Rows": 1,
              "Actual Loops": 26,
              "Output": [
                "t.id",
                "t.title",
                "t.imdb_index",
                "t.kind_id",
                "t.production_year",
                "t.imdb_id",
                "t.phonetic_code",
                "t.episode_of_id",
                "t.season_nr",
                "t.episode_nr",
                "t.series_years",
                "t.md5sum"
              ],
              "Index Cond": "(t.id = mi.movie_id)",
              "Rows Removed by Index Recheck": 0
            }
          ]
        }
      ]
    },
    "Planning Time": 85422.462,
    "Triggers": [],
    "Execution Time": 10229.495
  }
]