[
  {
    "Plan": {
      "Node Type": "Aggregate",
      "Strategy": "Plain",
      "Partial Mode": "Finalize",
      "Parallel Aware": false,
      "Startup Cost": 331674.47,
      "Total Cost": 331674.48,
      "Plan Rows": 1,
      "Plan Width": 8,
      "Actual Startup Time": 591.981,
      "Actual Total Time": 650.39,
      "Actual Rows": 1,
      "Actual Loops": 1,
      "Plans": [
        {
          "Node Type": "Gather",
          "Parent Relationship": "Outer",
          "Parallel Aware": false,
          "Startup Cost": 331673.85,
          "Total Cost": 331674.46,
          "Plan Rows": 6,
          "Plan Width": 8,
          "Actual Startup Time": 591.844,
          "Actual Total Time": 650.378,
          "Actual Rows": 7,
          "Actual Loops": 1,
          "Workers Planned": 6,
          "Workers Launched": 6,
          "Single Copy": false,
          "Plans": [
            {
              "Node Type": "Aggregate",
              "Strategy": "Plain",
              "Partial Mode": "Partial",
              "Parent Relationship": "Outer",
              "Parallel Aware": false,
              "Startup Cost": 330673.85,
              "Total Cost": 330673.86,
              "Plan Rows": 1,
              "Plan Width": 8,
              "Actual Startup Time": 584.121,
              "Actual Total Time": 584.122,
              "Actual Rows": 1,
              "Actual Loops": 7,
              "Plans": [
                {
                  "Node Type": "Seq Scan",
                  "Parent Relationship": "Outer",
                  "Parallel Aware": true,
                  "Relation Name": "cast_info",
                  "Alias": "ci",
                  "Startup Cost": 0.0,
                  "Total Cost": 328162.03,
                  "Plan Rows": 1004728,
                  "Plan Width": 0,
                  "Actual Startup Time": 0.047,
                  "Actual Total Time": 541.359,
                  "Actual Rows": 888533,
                  "Actual Loops": 7,
                  "Filter": "(person_id < 598807)",
                  "Rows Removed by Filter": 4289231
                }
              ]
            }
          ]
        }
      ]
    },
    "Planning Time": 0.236,
    "Triggers": [],
    "Execution Time": 650.456
  }
]