{
    "Plan": {
        "Node Type": "Aggregate",
        "Strategy": "Plain",
        "Partial Mode": "Simple",
        "Parallel Aware": false,
        "Startup Cost": 13343.27,
        "Total Cost": 13343.28,
        "Plan Rows": 1,
        "Plan Width": 64,
        "Actual Startup Time": 644.918,
        "Actual Total Time": 644.923,
        "Actual Rows": 1,
        "Actual Loops": 1,
        "Plans": [
            {
                "Node Type": "Nested Loop",
                "Parent Relationship": "Outer",
                "Parallel Aware": false,
                "Join Type": "Inner",
                "Startup Cost": 41.24,
                "Total Cost": 13343.27,
                "Plan Rows": 1,
                "Plan Width": 32,
                "Actual Startup Time": 29.831,
                "Actual Total Time": 644.888,
                "Actual Rows": 32,
                "Actual Loops": 1,
                "Inner Unique": true,
                "Plans": [
                    {
                        "Node Type": "Nested Loop",
                        "Parent Relationship": "Outer",
                        "Parallel Aware": false,
                        "Join Type": "Inner",
                        "Startup Cost": 41.1,
                        "Total Cost": 13342.2,
                        "Plan Rows": 1,
                        "Plan Width": 36,
                        "Actual Startup Time": 29.824,
                        "Actual Total Time": 644.812,
                        "Actual Rows": 32,
                        "Actual Loops": 1,
                        "Inner Unique": false,
                        "Join Filter": "(n.id = an.person_id)",
                        "Rows Removed by Join Filter": 0,
                        "Plans": [
                            {
                                "Node Type": "Nested Loop",
                                "Parent Relationship": "Outer",
                                "Parallel Aware": false,
                                "Join Type": "Inner",
                                "Startup Cost": 40.67,
                                "Total Cost": 13341.7,
                                "Plan Rows": 1,
                                "Plan Width": 48,
                                "Actual Startup Time": 29.812,
                                "Actual Total Time": 644.679,
                                "Actual Rows": 14,
                                "Actual Loops": 1,
                                "Inner Unique": false,
                                "Join Filter": "(n.id = pi.person_id)",
                                "Rows Removed by Join Filter": 0,
                                "Plans": [
                                    {
                                        "Node Type": "Nested Loop",
                                        "Parent Relationship": "Outer",
                                        "Parallel Aware": false,
                                        "Join Type": "Inner",
                                        "Startup Cost": 40.24,
                                        "Total Cost": 12445.19,
                                        "Plan Rows": 965,
                                        "Plan Width": 40,
                                        "Actual Startup Time": 0.576,
                                        "Actual Total Time": 538.997,
                                        "Actual Rows": 17559,
                                        "Actual Loops": 1,
                                        "Inner Unique": true,
                                        "Plans": [
                                            {
                                                "Node Type": "Nested Loop",
                                                "Parent Relationship": "Outer",
                                                "Parallel Aware": false,
                                                "Join Type": "Inner",
                                                "Startup Cost": 39.81,
                                                "Total Cost": 8533.53,
                                                "Plan Rows": 8369,
                                                "Plan Width": 21,
                                                "Actual Startup Time": 0.559,
                                                "Actual Total Time": 164.271,
                                                "Actual Rows": 105262,
                                                "Actual Loops": 1,
                                                "Inner Unique": false,
                                                "Plans": [
                                                    {
                                                        "Node Type": "Nested Loop",
                                                        "Parent Relationship": "Outer",
                                                        "Parallel Aware": false,
                                                        "Join Type": "Inner",
                                                        "Startup Cost": 39.25,
                                                        "Total Cost": 7243.89,
                                                        "Plan Rows": 228,
                                                        "Plan Width": 25,
                                                        "Actual Startup Time": 0.539,
                                                        "Actual Total Time": 24.662,
                                                        "Actual Rows": 1467,
                                                        "Actual Loops": 1,
                                                        "Inner Unique": true,
                                                        "Plans": [
                                                            {
                                                                "Node Type": "Nested Loop",
                                                                "Parent Relationship": "Outer",
                                                                "Parallel Aware": false,
                                                                "Join Type": "Inner",
                                                                "Startup Cost": 38.82,
                                                                "Total Cost": 245.23,
                                                                "Plan Rows": 1666,
                                                                "Plan Width": 4,
                                                                "Actual Startup Time": 0.519,
                                                                "Actual Total Time": 2.2,
                                                                "Actual Rows": 5186,
                                                                "Actual Loops": 1,
                                                                "Inner Unique": false,
                                                                "Plans": [
                                                                    {
                                                                        "Node Type": "Seq Scan",
                                                                        "Parent Relationship": "Outer",
                                                                        "Parallel Aware": false,
                                                                        "Relation Name": "link_type",
                                                                        "Alias": "lt",
                                                                        "Startup Cost": 0.0,
                                                                        "Total Cost": 1.23,
                                                                        "Plan Rows": 1,
                                                                        "Plan Width": 4,
                                                                        "Actual Startup Time": 0.019,
                                                                        "Actual Total Time": 0.025,
                                                                        "Actual Rows": 1,
                                                                        "Actual Loops": 1,
                                                                        "Filter": "((link)::text = 'features'::text)",
                                                                        "Rows Removed by Filter": 17
                                                                    },
                                                                    {
                                                                        "Node Type": "Bitmap Heap Scan",
                                                                        "Parent Relationship": "Inner",
                                                                        "Parallel Aware": false,
                                                                        "Relation Name": "movie_link",
                                                                        "Alias": "ml",
                                                                        "Startup Cost": 38.82,
                                                                        "Total Cost": 225.26,
                                                                        "Plan Rows": 1875,
                                                                        "Plan Width": 8,
                                                                        "Actual Startup Time": 0.491,
                                                                        "Actual Total Time": 1.44,
                                                                        "Actual Rows": 5186,
                                                                        "Actual Loops": 1,
                                                                        "Recheck Cond": "(link_type_id = lt.id)",
                                                                        "Rows Removed by Index Recheck": 0,
                                                                        "Exact Heap Blocks": 132,
                                                                        "Lossy Heap Blocks": 0,
                                                                        "Plans": [
                                                                            {
                                                                                "Node Type": "Bitmap Index Scan",
                                                                                "Parent Relationship": "Outer",
                                                                                "Parallel Aware": false,
                                                                                "Index Name": "link_type_id_movie_link",
                                                                                "Startup Cost": 0.0,
                                                                                "Total Cost": 38.35,
                                                                                "Plan Rows": 1875,
                                                                                "Plan Width": 0,
                                                                                "Actual Startup Time": 0.451,
                                                                                "Actual Total Time": 0.451,
                                                                                "Actual Rows": 5186,
                                                                                "Actual Loops": 1,
                                                                                "Index Cond": "(link_type_id = lt.id)"
                                                                            }
                                                                        ]
                                                                    }
                                                                ]
                                                            },
                                                            {
                                                                "Node Type": "Index Scan",
                                                                "Parent Relationship": "Inner",
                                                                "Parallel Aware": false,
                                                                "Scan Direction": "Forward",
                                                                "Index Name": "title_pkey",
                                                                "Relation Name": "title",
                                                                "Alias": "t",
                                                                "Startup Cost": 0.43,
                                                                "Total Cost": 4.2,
                                                                "Plan Rows": 1,
                                                                "Plan Width": 21,
                                                                "Actual Startup Time": 0.004,
                                                                "Actual Total Time": 0.004,
                                                                "Actual Rows": 0,
                                                                "Actual Loops": 5186,
                                                                "Index Cond": "(id = ml.linked_movie_id)",
                                                                "Rows Removed by Index Recheck": 0,
                                                                "Filter": "((production_year >= 1980) AND (production_year <= 1995))",
                                                                "Rows Removed by Filter": 1
                                                            }
                                                        ]
                                                    },
                                                    {
                                                        "Node Type": "Index Scan",
                                                        "Parent Relationship": "Inner",
                                                        "Parallel Aware": false,
                                                        "Scan Direction": "Forward",
                                                        "Index Name": "movie_id_cast_info",
                                                        "Relation Name": "cast_info",
                                                        "Alias": "ci",
                                                        "Startup Cost": 0.56,
                                                        "Total Cost": 5.29,
                                                        "Plan Rows": 37,
                                                        "Plan Width": 8,
                                                        "Actual Startup Time": 0.007,
                                                        "Actual Total Time": 0.088,
                                                        "Actual Rows": 72,
                                                        "Actual Loops": 1467,
                                                        "Index Cond": "(movie_id = t.id)",
                                                        "Rows Removed by Index Recheck": 0
                                                    }
                                                ]
                                            },
                                            {
                                                "Node Type": "Index Scan",
                                                "Parent Relationship": "Inner",
                                                "Parallel Aware": false,
                                                "Scan Direction": "Forward",
                                                "Index Name": "name_pkey",
                                                "Relation Name": "name",
                                                "Alias": "n",
                                                "Startup Cost": 0.43,
                                                "Total Cost": 0.47,
                                                "Plan Rows": 1,
                                                "Plan Width": 19,
                                                "Actual Startup Time": 0.003,
                                                "Actual Total Time": 0.003,
                                                "Actual Rows": 0,
                                                "Actual Loops": 105262,
                                                "Index Cond": "(id = ci.person_id)",
                                                "Rows Removed by Index Recheck": 0,
                                                "Filter": "(((name_pcode_cf)::text >= 'A'::text) AND ((name_pcode_cf)::text <= 'F'::text) AND (((gender)::text = 'm'::text) OR (((gender)::text = 'f'::text) AND (name ~~ 'B%'::text))))",
                                                "Rows Removed by Filter": 1
                                            }
                                        ]
                                    },
                                    {
                                        "Node Type": "Index Scan",
                                        "Parent Relationship": "Inner",
                                        "Parallel Aware": false,
                                        "Scan Direction": "Forward",
                                        "Index Name": "person_id_person_info",
                                        "Relation Name": "person_info",
                                        "Alias": "pi",
                                        "Startup Cost": 0.43,
                                        "Total Cost": 0.92,
                                        "Plan Rows": 1,
                                        "Plan Width": 8,
                                        "Actual Startup Time": 0.006,
                                        "Actual Total Time": 0.006,
                                        "Actual Rows": 0,
                                        "Actual Loops": 17559,
                                        "Index Cond": "(person_id = ci.person_id)",
                                        "Rows Removed by Index Recheck": 0,
                                        "Filter": "(note = 'Volker Boehm'::text)",
                                        "Rows Removed by Filter": 20
                                    }
                                ]
                            },
                            {
                                "Node Type": "Index Scan",
                                "Parent Relationship": "Inner",
                                "Parallel Aware": false,
                                "Scan Direction": "Forward",
                                "Index Name": "person_id_aka_name",
                                "Relation Name": "aka_name",
                                "Alias": "an",
                                "Startup Cost": 0.42,
                                "Total Cost": 0.47,
                                "Plan Rows": 2,
                                "Plan Width": 4,
                                "Actual Startup Time": 0.006,
                                "Actual Total Time": 0.008,
                                "Actual Rows": 2,
                                "Actual Loops": 14,
                                "Index Cond": "(person_id = ci.person_id)",
                                "Rows Removed by Index Recheck": 0,
                                "Filter": "(name ~~ '%a%'::text)",
                                "Rows Removed by Filter": 1
                            }
                        ]
                    },
                    {
                        "Node Type": "Index Scan",
                        "Parent Relationship": "Inner",
                        "Parallel Aware": false,
                        "Scan Direction": "Forward",
                        "Index Name": "info_type_pkey",
                        "Relation Name": "info_type",
                        "Alias": "it",
                        "Startup Cost": 0.14,
                        "Total Cost": 0.61,
                        "Plan Rows": 1,
                        "Plan Width": 4,
                        "Actual Startup Time": 0.001,
                        "Actual Total Time": 0.002,
                        "Actual Rows": 1,
                        "Actual Loops": 32,
                        "Index Cond": "(id = pi.info_type_id)",
                        "Rows Removed by Index Recheck": 0,
                        "Filter": "((info)::text = 'mini biography'::text)",
                        "Rows Removed by Filter": 0
                    }
                ]
            }
        ]
    },
    "Planning Time": 13.898,
    "Triggers": [],
    "Execution Time": 645.063
}