{
  "Plan": {
    "Node Type": "Aggregate",
    "Strategy": "Plain",
    "Partial Mode": "Finalize",
    "Parallel Aware": false,
    "Startup Cost": 386079.9,
    "Total Cost": 386079.91,
    "Plan Rows": 1,
    "Plan Width": 8,
    "Actual Startup Time": 1844.761,
    "Actual Total Time": 1896.91,
    "Actual Rows": 1,
    "Actual Loops": 1,
    "Plans": [
      {
        "Node Type": "Gather",
        "Parent Relationship": "Outer",
        "Parallel Aware": false,
        "Startup Cost": 386079.78,
        "Total Cost": 386079.89,
        "Plan Rows": 1,
        "Plan Width": 8,
        "Actual Startup Time": 1839.34,
        "Actual Total Time": 1896.903,
        "Actual Rows": 2,
        "Actual Loops": 1,
        "Workers Planned": 1,
        "Workers Launched": 1,
        "Single Copy": false,
        "Plans": [
          {
            "Node Type": "Aggregate",
            "Strategy": "Plain",
            "Partial Mode": "Partial",
            "Parent Relationship": "Outer",
            "Parallel Aware": false,
            "Startup Cost": 385079.78,
            "Total Cost": 385079.79,
            "Plan Rows": 1,
            "Plan Width": 8,
            "Actual Startup Time": 1833.322,
            "Actual Total Time": 1833.327,
            "Actual Rows": 1,
            "Actual Loops": 2,
            "Plans": [
              {
                "Node Type": "Hash Join",
                "Parent Relationship": "Outer",
                "Parallel Aware": true,
                "Join Type": "Inner",
                "Startup Cost": 93971.03,
                "Total Cost": 382195.99,
                "Plan Rows": 1153516,
                "Plan Width": 0,
                "Actual Startup Time": 682.256,
                "Actual Total Time": 1791.276,
                "Actual Rows": 1048467,
                "Actual Loops": 2,
                "Inner Unique": false,
                "Hash Cond": "(mi.movie_id = t.id)",
                "Plans": [
                  {
                    "Node Type": "Seq Scan",
                    "Parent Relationship": "Outer",
                    "Parallel Aware": true,
                    "Relation Name": "movie_info",
                    "Alias": "mi",
                    "Startup Cost": 0.0,
                    "Total Cost": 270696.42,
                    "Plan Rows": 2864842,
                    "Plan Width": 4,
                    "Actual Startup Time": 0.018,
                    "Actual Total Time": 682.198,
                    "Actual Rows": 2461983,
                    "Actual Loops": 2,
                    "Filter": "(info_type_id < 5)",
                    "Rows Removed by Filter": 4955877
                  },
                  {
                    "Node Type": "Hash",
                    "Parent Relationship": "Inner",
                    "Parallel Aware": true,
                    "Startup Cost": 86485.69,
                    "Total Cost": 86485.69,
                    "Plan Rows": 598827,
                    "Plan Width": 8,
                    "Actual Startup Time": 671.67,
                    "Actual Total Time": 671.674,
                    "Actual Rows": 375068,
                    "Actual Loops": 2,
                    "Hash Buckets": 1048576,
                    "Original Hash Buckets": 1048576,
                    "Hash Batches": 1,
                    "Original Hash Batches": 1,
                    "Peak Memory Usage": 37568,
                    "Plans": [
                      {
                        "Node Type": "Hash Join",
                        "Parent Relationship": "Outer",
                        "Parallel Aware": true,
                        "Join Type": "Inner",
                        "Startup Cost": 68301.9,
                        "Total Cost": 86485.69,
                        "Plan Rows": 598827,
                        "Plan Width": 8,
                        "Actual Startup Time": 402.943,
                        "Actual Total Time": 598.347,
                        "Actual Rows": 375068,
                        "Actual Loops": 2,
                        "Inner Unique": true,
                        "Hash Cond": "(mi_idx.movie_id = t.id)",
                        "Plans": [
                          {
                            "Node Type": "Seq Scan",
                            "Parent Relationship": "Outer",
                            "Parallel Aware": true,
                            "Relation Name": "movie_info_idx",
                            "Alias": "mi_idx",
                            "Startup Cost": 0.0,
                            "Total Cost": 16052.85,
                            "Plan Rows": 811785,
                            "Plan Width": 4,
                            "Actual Startup Time": 0.018,
                            "Actual Total Time": 48.529,
                            "Actual Rows": 690018,
                            "Actual Loops": 2
                          },
                          {
                            "Node Type": "Hash",
                            "Parent Relationship": "Inner",
                            "Parallel Aware": true,
                            "Startup Cost": 54588.39,
                            "Total Cost": 54588.39,
                            "Plan Rows": 1097081,
                            "Plan Width": 4,
                            "Actual Startup Time": 393.247,
                            "Actual Total Time": 393.248,
                            "Actual Rows": 932744,
                            "Actual Loops": 2,
                            "Hash Buckets": 2097152,
                            "Original Hash Buckets": 2097152,
                            "Hash Batches": 1,
                            "Original Hash Batches": 1,
                            "Peak Memory Usage": 89376,
                            "Plans": [
                              {
                                "Node Type": "Seq Scan",
                                "Parent Relationship": "Outer",
                                "Parallel Aware": true,
                                "Relation Name": "title",
                                "Alias": "t",
                                "Startup Cost": 0.0,
                                "Total Cost": 54588.39,
                                "Plan Rows": 1097081,
                                "Plan Width": 4,
                                "Actual Startup Time": 0.033,
                                "Actual Total Time": 166.501,
                                "Actual Rows": 932744,
                                "Actual Loops": 2,
                                "Filter": "(kind_id > 1)",
                                "Rows Removed by Filter": 331412
                              }
                            ]
                          }
                        ]
                      }
                    ]
                  }
                ]
              }
            ]
          }
        ]
      }
    ]
  },
  "Planning Time": 0.949,
  "Triggers": [],
  "Execution Time": 1896.996
}