[
  {
    "Plan": {
      "Node Type": "Aggregate",
      "Strategy": "Plain",
      "Partial Mode": "Finalize",
      "Parallel Aware": false,
      "Startup Cost": 45076.46,
      "Total Cost": 45076.47,
      "Plan Rows": 1,
      "Plan Width": 8,
      "Actual Startup Time": 146.332,
      "Actual Total Time": 158.717,
      "Actual Rows": 1,
      "Actual Loops": 1,
      "Plans": [
        {
          "Node Type": "Gather",
          "Parent Relationship": "Outer",
          "Parallel Aware": false,
          "Startup Cost": 45076.15,
          "Total Cost": 45076.46,
          "Plan Rows": 3,
          "Plan Width": 8,
          "Actual Startup Time": 146.189,
          "Actual Total Time": 158.707,
          "Actual Rows": 4,
          "Actual Loops": 1,
          "Workers Planned": 3,
          "Workers Launched": 3,
          "Single Copy": false,
          "Plans": [
            {
              "Node Type": "Aggregate",
              "Strategy": "Plain",
              "Partial Mode": "Partial",
              "Parent Relationship": "Outer",
              "Parallel Aware": false,
              "Startup Cost": 44076.15,
              "Total Cost": 44076.16,
              "Plan Rows": 1,
              "Plan Width": 8,
              "Actual Startup Time": 141.624,
              "Actual Total Time": 141.626,
              "Actual Rows": 1,
              "Actual Loops": 4,
              "Plans": [
                {
                  "Node Type": "Seq Scan",
                  "Parent Relationship": "Outer",
                  "Parallel Aware": true,
                  "Relation Name": "movie_keyword",
                  "Alias": "mk",
                  "Startup Cost": 0.0,
                  "Total Cost": 42695.65,
                  "Plan Rows": 552197,
                  "Plan Width": 0,
                  "Actual Startup Time": 0.899,
                  "Actual Total Time": 118.992,
                  "Actual Rows": 425699,
                  "Actual Loops": 4,
                  "Filter": "(keyword_id > 8450)",
                  "Rows Removed by Filter": 705284
                }
              ]
            }
          ]
        }
      ]
    },
    "Planning Time": 0.18,
    "Triggers": [],
    "Execution Time": 158.775
  }
]