[
  {
    "Plan": {
      "Node Type": "Aggregate",
      "Strategy": "Plain",
      "Partial Mode": "Finalize",
      "Parallel Aware": false,
      "Startup Cost": 80906.33,
      "Total Cost": 80906.34,
      "Plan Rows": 1,
      "Plan Width": 8,
      "Actual Startup Time": 161.027,
      "Actual Total Time": 177.922,
      "Actual Rows": 1,
      "Actual Loops": 1,
      "Plans": [
        {
          "Node Type": "Gather",
          "Parent Relationship": "Outer",
          "Parallel Aware": false,
          "Startup Cost": 80905.91,
          "Total Cost": 80906.32,
          "Plan Rows": 4,
          "Plan Width": 8,
          "Actual Startup Time": 159.907,
          "Actual Total Time": 177.911,
          "Actual Rows": 5,
          "Actual Loops": 1,
          "Workers Planned": 4,
          "Workers Launched": 4,
          "Single Copy": false,
          "Plans": [
            {
              "Node Type": "Aggregate",
              "Strategy": "Plain",
              "Partial Mode": "Partial",
              "Parent Relationship": "Outer",
              "Parallel Aware": false,
              "Startup Cost": 79905.91,
              "Total Cost": 79905.92,
              "Plan Rows": 1,
              "Plan Width": 8,
              "Actual Startup Time": 150.019,
              "Actual Total Time": 150.02,
              "Actual Rows": 1,
              "Actual Loops": 5,
              "Plans": [
                {
                  "Node Type": "Nested Loop",
                  "Parent Relationship": "Outer",
                  "Parallel Aware": false,
                  "Join Type": "Inner",
                  "Startup Cost": 0.86,
                  "Total Cost": 79897.27,
                  "Plan Rows": 3455,
                  "Plan Width": 0,
                  "Actual Startup Time": 2.507,
                  "Actual Total Time": 145.433,
                  "Actual Rows": 110442,
                  "Actual Loops": 5,
                  "Inner Unique": false,
                  "Join Filter": "(t.id = mk.movie_id)",
                  "Rows Removed by Join Filter": 0,
                  "Plans": [
                    {
                      "Node Type": "Nested Loop",
                      "Parent Relationship": "Outer",
                      "Parallel Aware": false,
                      "Join Type": "Inner",
                      "Startup Cost": 0.43,
                      "Total Cost": 75677.0,
                      "Plan Rows": 2050,
                      "Plan Width": 8,
                      "Actual Startup Time": 0.853,
                      "Actual Total Time": 102.378,
                      "Actual Rows": 3162,
                      "Actual Loops": 5,
                      "Inner Unique": false,
                      "Plans": [
                        {
                          "Node Type": "Seq Scan",
                          "Parent Relationship": "Outer",
                          "Parallel Aware": true,
                          "Relation Name": "title",
                          "Alias": "t",
                          "Startup Cost": 0.0,
                          "Total Cost": 45479.1,
                          "Plan Rows": 5354,
                          "Plan Width": 4,
                          "Actual Startup Time": 0.379,
                          "Actual Total Time": 73.817,
                          "Actual Rows": 3158,
                          "Actual Loops": 5,
                          "Filter": "((kind_id < 7) AND (production_year = 1999))",
                          "Rows Removed by Filter": 502504
                        },
                        {
                          "Node Type": "Index Scan",
                          "Parent Relationship": "Inner",
                          "Parallel Aware": false,
                          "Scan Direction": "Forward",
                          "Index Name": "movie_id_movie_companies",
                          "Relation Name": "movie_companies",
                          "Alias": "mc",
                          "Startup Cost": 0.43,
                          "Total Cost": 5.62,
                          "Plan Rows": 2,
                          "Plan Width": 4,
                          "Actual Startup Time": 0.007,
                          "Actual Total Time": 0.009,
                          "Actual Rows": 1,
                          "Actual Loops": 15791,
                          "Index Cond": "(movie_id = t.id)",
                          "Rows Removed by Index Recheck": 0,
                          "Filter": "((company_id < 53524) AND (company_type_id = 1))",
                          "Rows Removed by Filter": 1
                        }
                      ]
                    },
                    {
                      "Node Type": "Index Scan",
                      "Parent Relationship": "Inner",
                      "Parallel Aware": false,
                      "Scan Direction": "Forward",
                      "Index Name": "movie_id_movie_keyword",
                      "Relation Name": "movie_keyword",
                      "Alias": "mk",
                      "Startup Cost": 0.43,
                      "Total Cost": 1.52,
                      "Plan Rows": 43,
                      "Plan Width": 4,
                      "Actual Startup Time": 0.006,
                      "Actual Total Time": 0.011,
                      "Actual Rows": 35,
                      "Actual Loops": 15810,
                      "Index Cond": "(movie_id = mc.movie_id)",
                      "Rows Removed by Index Recheck": 0,
                      "Filter": "(keyword_id > 229)",
                      "Rows Removed by Filter": 2
                    }
                  ]
                }
              ]
            }
          ]
        }
      ]
    },
    "Planning Time": 1.501,
    "Triggers": [],
    "Execution Time": 178.02
  }
]