[
  {
    "Plan": {
      "Node Type": "Aggregate",
      "Strategy": "Plain",
      "Partial Mode": "Finalize",
      "Parallel Aware": false,
      "Startup Cost": 327232.2,
      "Total Cost": 327232.21,
      "Plan Rows": 1,
      "Plan Width": 8,
      "Actual Startup Time": 483.54,
      "Actual Total Time": 505.646,
      "Actual Rows": 1,
      "Actual Loops": 1,
      "Plans": [
        {
          "Node Type": "Gather",
          "Parent Relationship": "Outer",
          "Parallel Aware": false,
          "Startup Cost": 327231.57,
          "Total Cost": 327232.18,
          "Plan Rows": 6,
          "Plan Width": 8,
          "Actual Startup Time": 458.395,
          "Actual Total Time": 505.634,
          "Actual Rows": 7,
          "Actual Loops": 1,
          "Workers Planned": 6,
          "Workers Launched": 6,
          "Single Copy": false,
          "Plans": [
            {
              "Node Type": "Aggregate",
              "Strategy": "Plain",
              "Partial Mode": "Partial",
              "Parent Relationship": "Outer",
              "Parallel Aware": false,
              "Startup Cost": 326231.57,
              "Total Cost": 326231.58,
              "Plan Rows": 1,
              "Plan Width": 8,
              "Actual Startup Time": 441.531,
              "Actual Total Time": 441.537,
              "Actual Rows": 1,
              "Actual Loops": 7,
              "Plans": [
                {
                  "Node Type": "Hash Join",
                  "Parent Relationship": "Outer",
                  "Parallel Aware": true,
                  "Join Type": "Inner",
                  "Startup Cost": 70806.03,
                  "Total Cost": 325843.13,
                  "Plan Rows": 155378,
                  "Plan Width": 0,
                  "Actual Startup Time": 319.15,
                  "Actual Total Time": 433.964,
                  "Actual Rows": 137582,
                  "Actual Loops": 7,
                  "Inner Unique": true,
                  "Hash Cond": "(ci.movie_id = t.id)",
                  "Plans": [
                    {
                      "Node Type": "Bitmap Heap Scan",
                      "Parent Relationship": "Outer",
                      "Parallel Aware": true,
                      "Relation Name": "cast_info",
                      "Alias": "ci",
                      "Startup Cost": 20585.65,
                      "Total Cost": 275214.88,
                      "Plan Rows": 155378,
                      "Plan Width": 4,
                      "Actual Startup Time": 53.613,
                      "Actual Total Time": 84.466,
                      "Actual Rows": 137582,
                      "Actual Loops": 7,
                      "Recheck Cond": "(person_id < 99654)",
                      "Rows Removed by Index Recheck": 0,
                      "Exact Heap Blocks": 1861,
                      "Lossy Heap Blocks": 0,
                      "Plans": [
                        {
                          "Node Type": "Bitmap Index Scan",
                          "Parent Relationship": "Outer",
                          "Parallel Aware": false,
                          "Index Name": "person_id_cast_info",
                          "Startup Cost": 0.0,
                          "Total Cost": 20352.58,
                          "Plan Rows": 932269,
                          "Plan Width": 0,
                          "Actual Startup Time": 51.633,
                          "Actual Total Time": 51.633,
                          "Actual Rows": 963077,
                          "Actual Loops": 1,
                          "Index Cond": "(person_id < 99654)"
                        }
                      ]
                    },
                    {
                      "Node Type": "Hash",
                      "Parent Relationship": "Inner",
                      "Parallel Aware": true,
                      "Startup Cost": 42319.06,
                      "Total Cost": 42319.06,
                      "Plan Rows": 632106,
                      "Plan Width": 4,
                      "Actual Startup Time": 260.431,
                      "Actual Total Time": 260.432,
                      "Actual Rows": 361187,
                      "Actual Loops": 7,
                      "Hash Buckets": 4194304,
                      "Original Hash Buckets": 4194304,
                      "Hash Batches": 1,
                      "Original Hash Batches": 1,
                      "Peak Memory Usage": 131776,
                      "Plans": [
                        {
                          "Node Type": "Seq Scan",
                          "Parent Relationship": "Outer",
                          "Parallel Aware": true,
                          "Relation Name": "title",
                          "Alias": "t",
                          "Startup Cost": 0.0,
                          "Total Cost": 42319.06,
                          "Plan Rows": 632106,
                          "Plan Width": 4,
                          "Actual Startup Time": 0.046,
                          "Actual Total Time": 78.577,
                          "Actual Rows": 361187,
                          "Actual Loops": 7
                        }
                      ]
                    }
                  ]
                }
              ]
            }
          ]
        }
      ]
    },
    "Planning Time": 0.296,
    "Triggers": [],
    "Execution Time": 505.699
  }
]