[
    {
        "Bao": {
            "Bao prediction": "NaN",
            "Bao recommended hint": "(no hint)"
        }
    },
    {
        "Plan": {
            "Node Type": "Aggregate",
            "Strategy": "Plain",
            "Partial Mode": "Finalize",
            "Parallel Aware": false,
            "Startup Cost": 33378.76,
            "Total Cost": 33378.77,
            "Plan Rows": 1,
            "Plan Width": 8,
            "Actual Startup Time": 118.021,
            "Actual Total Time": 124.627,
            "Actual Rows": 1,
            "Actual Loops": 1,
            "Output": [
                "count(*)"
            ],
            "Plans": [
                {
                    "Node Type": "Gather",
                    "Parent Relationship": "Outer",
                    "Parallel Aware": false,
                    "Startup Cost": 33378.45,
                    "Total Cost": 33378.76,
                    "Plan Rows": 3,
                    "Plan Width": 8,
                    "Actual Startup Time": 117.904,
                    "Actual Total Time": 124.616,
                    "Actual Rows": 4,
                    "Actual Loops": 1,
                    "Output": [
                        "(PARTIAL count(*))"
                    ],
                    "Workers Planned": 3,
                    "Workers Launched": 3,
                    "Single Copy": false,
                    "Plans": [
                        {
                            "Node Type": "Aggregate",
                            "Strategy": "Plain",
                            "Partial Mode": "Partial",
                            "Parent Relationship": "Outer",
                            "Parallel Aware": false,
                            "Startup Cost": 32378.45,
                            "Total Cost": 32378.46,
                            "Plan Rows": 1,
                            "Plan Width": 8,
                            "Actual Startup Time": 109.717,
                            "Actual Total Time": 109.718,
                            "Actual Rows": 1,
                            "Actual Loops": 4,
                            "Output": [
                                "PARTIAL count(*)"
                            ],
                            "Workers": [
                                {
                                    "Worker Number": 0,
                                    "Actual Startup Time": 107.031,
                                    "Actual Total Time": 107.033,
                                    "Actual Rows": 1,
                                    "Actual Loops": 1
                                },
                                {
                                    "Worker Number": 1,
                                    "Actual Startup Time": 107.123,
                                    "Actual Total Time": 107.123,
                                    "Actual Rows": 1,
                                    "Actual Loops": 1
                                },
                                {
                                    "Worker Number": 2,
                                    "Actual Startup Time": 107.264,
                                    "Actual Total Time": 107.265,
                                    "Actual Rows": 1,
                                    "Actual Loops": 1
                                }
                            ],
                            "Plans": [
                                {
                                    "Node Type": "Seq Scan",
                                    "Parent Relationship": "Outer",
                                    "Parallel Aware": true,
                                    "Relation Name": "movie_companies",
                                    "Schema": "public",
                                    "Alias": "mc",
                                    "Startup Cost": 0.0,
                                    "Total Cost": 31414.82,
                                    "Plan Rows": 385451,
                                    "Plan Width": 0,
                                    "Actual Startup Time": 49.237,
                                    "Actual Total Time": 93.934,
                                    "Actual Rows": 318334,
                                    "Actual Loops": 4,
                                    "Output": [
                                        "id",
                                        "movie_id",
                                        "company_id",
                                        "company_type_id",
                                        "note"
                                    ],
                                    "Filter": "((mc.company_id > 133) AND (mc.company_type_id > 1))",
                                    "Rows Removed by Filter": 333949,
                                    "Workers": [
                                        {
                                            "Worker Number": 0,
                                            "Actual Startup Time": 46.549,
                                            "Actual Total Time": 91.662,
                                            "Actual Rows": 383040,
                                            "Actual Loops": 1
                                        },
                                        {
                                            "Worker Number": 1,
                                            "Actual Startup Time": 46.636,
                                            "Actual Total Time": 91.767,
                                            "Actual Rows": 381014,
                                            "Actual Loops": 1
                                        },
                                        {
                                            "Worker Number": 2,
                                            "Actual Startup Time": 46.794,
                                            "Actual Total Time": 91.885,
                                            "Actual Rows": 235460,
                                            "Actual Loops": 1
                                        }
                                    ]
                                }
                            ]
                        }
                    ]
                }
            ]
        },
        "Planning Time": 269.342,
        "Triggers": [],
        "Execution Time": 124.722
    }
]