{
  "Plan": {
    "Node Type": "Aggregate",
    "Strategy": "Plain",
    "Partial Mode": "Finalize",
    "Parallel Aware": false,
    "Startup Cost": 96938.66,
    "Total Cost": 96938.67,
    "Plan Rows": 1,
    "Plan Width": 8,
    "Actual Startup Time": 279.758,
    "Actual Total Time": 297.256,
    "Actual Rows": 1,
    "Actual Loops": 1,
    "Plans": [
      {
        "Node Type": "Gather",
        "Parent Relationship": "Outer",
        "Parallel Aware": false,
        "Startup Cost": 96938.54,
        "Total Cost": 96938.65,
        "Plan Rows": 1,
        "Plan Width": 8,
        "Actual Startup Time": 279.474,
        "Actual Total Time": 297.25,
        "Actual Rows": 2,
        "Actual Loops": 1,
        "Workers Planned": 1,
        "Workers Launched": 1,
        "Single Copy": false,
        "Plans": [
          {
            "Node Type": "Aggregate",
            "Strategy": "Plain",
            "Partial Mode": "Partial",
            "Parent Relationship": "Outer",
            "Parallel Aware": false,
            "Startup Cost": 95938.54,
            "Total Cost": 95938.55,
            "Plan Rows": 1,
            "Plan Width": 8,
            "Actual Startup Time": 273.41,
            "Actual Total Time": 273.414,
            "Actual Rows": 1,
            "Actual Loops": 2,
            "Plans": [
              {
                "Node Type": "Hash Join",
                "Parent Relationship": "Outer",
                "Parallel Aware": true,
                "Join Type": "Inner",
                "Startup Cost": 67682.82,
                "Total Cost": 95927.14,
                "Plan Rows": 4560,
                "Plan Width": 0,
                "Actual Startup Time": 179.654,
                "Actual Total Time": 273.112,
                "Actual Rows": 3944,
                "Actual Loops": 2,
                "Inner Unique": true,
                "Hash Cond": "(mk.movie_id = t.id)",
                "Plans": [
                  {
                    "Node Type": "Bitmap Heap Scan",
                    "Parent Relationship": "Outer",
                    "Parallel Aware": true,
                    "Relation Name": "movie_keyword",
                    "Alias": "mk",
                    "Startup Cost": 9038.09,
                    "Total Cost": 36624.59,
                    "Plan Rows": 250600,
                    "Plan Width": 4,
                    "Actual Startup Time": 25.242,
                    "Actual Total Time": 90.663,
                    "Actual Rows": 221266,
                    "Actual Loops": 2,
                    "Recheck Cond": "(keyword_id < 347)",
                    "Rows Removed by Index Recheck": 0,
                    "Exact Heap Blocks": 14673,
                    "Lossy Heap Blocks": 0,
                    "Plans": [
                      {
                        "Node Type": "Bitmap Index Scan",
                        "Parent Relationship": "Outer",
                        "Parallel Aware": false,
                        "Index Name": "keyword_id_movie_keyword",
                        "Startup Cost": 0.0,
                        "Total Cost": 8931.58,
                        "Plan Rows": 426020,
                        "Plan Width": 0,
                        "Actual Startup Time": 21.644,
                        "Actual Total Time": 21.644,
                        "Actual Rows": 442531,
                        "Actual Loops": 1,
                        "Index Cond": "(keyword_id < 347)"
                      }
                    ]
                  },
                  {
                    "Node Type": "Hash",
                    "Parent Relationship": "Inner",
                    "Parallel Aware": true,
                    "Startup Cost": 58306.47,
                    "Total Cost": 58306.47,
                    "Plan Rows": 27061,
                    "Plan Width": 4,
                    "Actual Startup Time": 153.079,
                    "Actual Total Time": 153.08,
                    "Actual Rows": 26432,
                    "Actual Loops": 2,
                    "Hash Buckets": 65536,
                    "Original Hash Buckets": 65536,
                    "Hash Batches": 1,
                    "Original Hash Batches": 1,
                    "Peak Memory Usage": 2592,
                    "Plans": [
                      {
                        "Node Type": "Seq Scan",
                        "Parent Relationship": "Outer",
                        "Parallel Aware": true,
                        "Relation Name": "title",
                        "Alias": "t",
                        "Startup Cost": 0.0,
                        "Total Cost": 58306.47,
                        "Plan Rows": 27061,
                        "Plan Width": 4,
                        "Actual Startup Time": 0.039,
                        "Actual Total Time": 144.611,
                        "Actual Rows": 26432,
                        "Actual Loops": 2,
                        "Filter": "((kind_id > 1) AND (production_year = 2002))",
                        "Rows Removed by Filter": 1237724
                      }
                    ]
                  }
                ]
              }
            ]
          }
        ]
      }
    ]
  },
  "Planning Time": 0.551,
  "Triggers": [],
  "Execution Time": 297.358
}