[
  {
    "Plan": {
      "Node Type": "Aggregate",
      "Strategy": "Plain",
      "Partial Mode": "Finalize",
      "Parallel Aware": false,
      "Startup Cost": 44494.68,
      "Total Cost": 44494.69,
      "Plan Rows": 1,
      "Plan Width": 8,
      "Actual Startup Time": 102.523,
      "Actual Total Time": 107.414,
      "Actual Rows": 1,
      "Actual Loops": 1,
      "Plans": [
        {
          "Node Type": "Gather",
          "Parent Relationship": "Outer",
          "Parallel Aware": false,
          "Startup Cost": 44494.36,
          "Total Cost": 44494.67,
          "Plan Rows": 3,
          "Plan Width": 8,
          "Actual Startup Time": 102.443,
          "Actual Total Time": 107.408,
          "Actual Rows": 4,
          "Actual Loops": 1,
          "Workers Planned": 3,
          "Workers Launched": 3,
          "Single Copy": false,
          "Plans": [
            {
              "Node Type": "Aggregate",
              "Strategy": "Plain",
              "Partial Mode": "Partial",
              "Parent Relationship": "Outer",
              "Parallel Aware": false,
              "Startup Cost": 43494.36,
              "Total Cost": 43494.37,
              "Plan Rows": 1,
              "Plan Width": 8,
              "Actual Startup Time": 99.864,
              "Actual Total Time": 99.865,
              "Actual Rows": 1,
              "Actual Loops": 4,
              "Plans": [
                {
                  "Node Type": "Seq Scan",
                  "Parent Relationship": "Outer",
                  "Parallel Aware": true,
                  "Relation Name": "movie_keyword",
                  "Alias": "mk",
                  "Startup Cost": 0.0,
                  "Total Cost": 42695.65,
                  "Plan Rows": 319482,
                  "Plan Width": 0,
                  "Actual Startup Time": 0.015,
                  "Actual Total Time": 87.795,
                  "Actual Rows": 248801,
                  "Actual Loops": 4,
                  "Filter": "(keyword_id < 944)",
                  "Rows Removed by Filter": 882182
                }
              ]
            }
          ]
        }
      ]
    },
    "Planning Time": 0.099,
    "Triggers": [],
    "Execution Time": 107.444
  }
]