[
  {
    "Plan": {
      "Node Type": "Aggregate",
      "Strategy": "Plain",
      "Partial Mode": "Finalize",
      "Parallel Aware": false,
      "Startup Cost": 92255.87,
      "Total Cost": 92255.88,
      "Plan Rows": 1,
      "Plan Width": 8,
      "Actual Startup Time": 280.196,
      "Actual Total Time": 295.66,
      "Actual Rows": 1,
      "Actual Loops": 1,
      "Plans": [
        {
          "Node Type": "Gather",
          "Parent Relationship": "Outer",
          "Parallel Aware": false,
          "Startup Cost": 92255.55,
          "Total Cost": 92255.86,
          "Plan Rows": 3,
          "Plan Width": 8,
          "Actual Startup Time": 279.459,
          "Actual Total Time": 295.643,
          "Actual Rows": 4,
          "Actual Loops": 1,
          "Workers Planned": 3,
          "Workers Launched": 3,
          "Single Copy": false,
          "Plans": [
            {
              "Node Type": "Aggregate",
              "Strategy": "Plain",
              "Partial Mode": "Partial",
              "Parent Relationship": "Outer",
              "Parallel Aware": false,
              "Startup Cost": 91255.55,
              "Total Cost": 91255.56,
              "Plan Rows": 1,
              "Plan Width": 8,
              "Actual Startup Time": 273.852,
              "Actual Total Time": 273.855,
              "Actual Rows": 1,
              "Actual Loops": 4,
              "Plans": [
                {
                  "Node Type": "Hash Join",
                  "Parent Relationship": "Outer",
                  "Parallel Aware": true,
                  "Join Type": "Inner",
                  "Startup Cost": 46117.29,
                  "Total Cost": 91081.2,
                  "Plan Rows": 69740,
                  "Plan Width": 0,
                  "Actual Startup Time": 136.465,
                  "Actual Total Time": 270.438,
                  "Actual Rows": 73894,
                  "Actual Loops": 4,
                  "Inner Unique": true,
                  "Hash Cond": "(mk.movie_id = t.id)",
                  "Plans": [
                    {
                      "Node Type": "Seq Scan",
                      "Parent Relationship": "Outer",
                      "Parallel Aware": true,
                      "Relation Name": "movie_keyword",
                      "Alias": "mk",
                      "Startup Cost": 0.0,
                      "Total Cost": 42695.65,
                      "Plan Rows": 864101,
                      "Plan Width": 4,
                      "Actual Startup Time": 0.191,
                      "Actual Total Time": 105.355,
                      "Actual Rows": 669411,
                      "Actual Loops": 4,
                      "Filter": "(keyword_id > 3065)",
                      "Rows Removed by Filter": 461572
                    },
                    {
                      "Node Type": "Hash",
                      "Parent Relationship": "Inner",
                      "Parallel Aware": true,
                      "Startup Cost": 45479.59,
                      "Total Cost": 45479.59,
                      "Plan Rows": 51016,
                      "Plan Width": 4,
                      "Actual Startup Time": 104.284,
                      "Actual Total Time": 104.285,
                      "Actual Rows": 45598,
                      "Actual Loops": 4,
                      "Hash Buckets": 262144,
                      "Original Hash Buckets": 262144,
                      "Hash Batches": 1,
                      "Original Hash Batches": 1,
                      "Peak Memory Usage": 9248,
                      "Plans": [
                        {
                          "Node Type": "Seq Scan",
                          "Parent Relationship": "Outer",
                          "Parallel Aware": true,
                          "Relation Name": "title",
                          "Alias": "t",
                          "Startup Cost": 0.0,
                          "Total Cost": 45479.59,
                          "Plan Rows": 51016,
                          "Plan Width": 4,
                          "Actual Startup Time": 41.567,
                          "Actual Total Time": 91.109,
                          "Actual Rows": 45598,
                          "Actual Loops": 4,
                          "Filter": "((production_year > 2007) AND (kind_id = 1))",
                          "Rows Removed by Filter": 586480
                        }
                      ]
                    }
                  ]
                }
              ]
            }
          ]
        }
      ]
    },
    "Planning Time": 0.584,
    "Triggers": [],
    "Execution Time": 295.716
  }
]