[
  {
    "Plan": {
      "Node Type": "Aggregate",
      "Strategy": "Plain",
      "Partial Mode": "Finalize",
      "Parallel Aware": false,
      "Startup Cost": 337218.87,
      "Total Cost": 337218.88,
      "Plan Rows": 1,
      "Plan Width": 8,
      "Actual Startup Time": 705.705,
      "Actual Total Time": 760.851,
      "Actual Rows": 1,
      "Actual Loops": 1,
      "Plans": [
        {
          "Node Type": "Gather",
          "Parent Relationship": "Outer",
          "Parallel Aware": false,
          "Startup Cost": 337218.24,
          "Total Cost": 337218.85,
          "Plan Rows": 6,
          "Plan Width": 8,
          "Actual Startup Time": 705.572,
          "Actual Total Time": 760.842,
          "Actual Rows": 7,
          "Actual Loops": 1,
          "Workers Planned": 6,
          "Workers Launched": 6,
          "Single Copy": false,
          "Plans": [
            {
              "Node Type": "Aggregate",
              "Strategy": "Plain",
              "Partial Mode": "Partial",
              "Parent Relationship": "Outer",
              "Parallel Aware": false,
              "Startup Cost": 336218.24,
              "Total Cost": 336218.25,
              "Plan Rows": 1,
              "Plan Width": 8,
              "Actual Startup Time": 695.961,
              "Actual Total Time": 695.962,
              "Actual Rows": 1,
              "Actual Loops": 7,
              "Plans": [
                {
                  "Node Type": "Seq Scan",
                  "Parent Relationship": "Outer",
                  "Parallel Aware": true,
                  "Relation Name": "cast_info",
                  "Alias": "ci",
                  "Startup Cost": 0.0,
                  "Total Cost": 328162.03,
                  "Plan Rows": 3222487,
                  "Plan Width": 0,
                  "Actual Startup Time": 181.273,
                  "Actual Total Time": 583.818,
                  "Actual Rows": 2757877,
                  "Actual Loops": 7,
                  "Filter": "(person_id > 1674083)",
                  "Rows Removed by Filter": 2419887
                }
              ]
            }
          ]
        }
      ]
    },
    "Planning Time": 0.194,
    "Triggers": [],
    "Execution Time": 760.927
  }
]