[
  {
    "Plan": {
      "Node Type": "Aggregate",
      "Strategy": "Plain",
      "Partial Mode": "Finalize",
      "Parallel Aware": false,
      "Startup Cost": 423295.63,
      "Total Cost": 423295.64,
      "Plan Rows": 1,
      "Plan Width": 8,
      "Actual Startup Time": 1847.136,
      "Actual Total Time": 1911.87,
      "Actual Rows": 1,
      "Actual Loops": 1,
      "Plans": [
        {
          "Node Type": "Gather",
          "Parent Relationship": "Outer",
          "Parallel Aware": false,
          "Startup Cost": 423295.01,
          "Total Cost": 423295.62,
          "Plan Rows": 6,
          "Plan Width": 8,
          "Actual Startup Time": 1835.971,
          "Actual Total Time": 1911.855,
          "Actual Rows": 7,
          "Actual Loops": 1,
          "Workers Planned": 6,
          "Workers Launched": 6,
          "Single Copy": false,
          "Plans": [
            {
              "Node Type": "Aggregate",
              "Strategy": "Plain",
              "Partial Mode": "Partial",
              "Parent Relationship": "Outer",
              "Parallel Aware": false,
              "Startup Cost": 422295.01,
              "Total Cost": 422295.02,
              "Plan Rows": 1,
              "Plan Width": 8,
              "Actual Startup Time": 1820.445,
              "Actual Total Time": 1820.804,
              "Actual Rows": 1,
              "Actual Loops": 7,
              "Plans": [
                {
                  "Node Type": "Hash Join",
                  "Parent Relationship": "Outer",
                  "Parallel Aware": true,
                  "Join Type": "Inner",
                  "Startup Cost": 70698.3,
                  "Total Cost": 418539.28,
                  "Plan Rows": 1502292,
                  "Plan Width": 0,
                  "Actual Startup Time": 468.1,
                  "Actual Total Time": 1709.91,
                  "Actual Rows": 2815984,
                  "Actual Loops": 7,
                  "Inner Unique": false,
                  "Hash Cond": "(ci.movie_id = t.id)",
                  "Plans": [
                    {
                      "Node Type": "Seq Scan",
                      "Parent Relationship": "Outer",
                      "Parallel Aware": true,
                      "Relation Name": "cast_info",
                      "Alias": "ci",
                      "Startup Cost": 0.0,
                      "Total Cost": 328162.03,
                      "Plan Rows": 3578507,
                      "Plan Width": 4,
                      "Actual Startup Time": 138.249,
                      "Actual Total Time": 556.958,
                      "Actual Rows": 3070244,
                      "Actual Loops": 7,
                      "Filter": "(person_id > 1454536)",
                      "Rows Removed by Filter": 2107519
                    },
                    {
                      "Node Type": "Hash",
                      "Parent Relationship": "Inner",
                      "Parallel Aware": true,
                      "Startup Cost": 65170.16,
                      "Total Cost": 65170.16,
                      "Plan Rows": 442251,
                      "Plan Width": 8,
                      "Actual Startup Time": 324.721,
                      "Actual Total Time": 325.079,
                      "Actual Rows": 150159,
                      "Actual Loops": 7,
                      "Hash Buckets": 2097152,
                      "Original Hash Buckets": 2097152,
                      "Hash Batches": 1,
                      "Original Hash Batches": 1,
                      "Peak Memory Usage": 57600,
                      "Plans": [
                        {
                          "Node Type": "Hash Join",
                          "Parent Relationship": "Outer",
                          "Parallel Aware": true,
                          "Join Type": "Inner",
                          "Startup Cost": 49975.6,
                          "Total Cost": 65170.16,
                          "Plan Rows": 442251,
                          "Plan Width": 8,
                          "Actual Startup Time": 204.735,
                          "Actual Total Time": 274.872,
                          "Actual Rows": 150159,
                          "Actual Loops": 7,
                          "Inner Unique": true,
                          "Hash Cond": "(mi_idx.movie_id = t.id)",
                          "Plans": [
                            {
                              "Node Type": "Seq Scan",
                              "Parent Relationship": "Outer",
                              "Parallel Aware": true,
                              "Relation Name": "movie_info_idx",
                              "Alias": "mi_idx",
                              "Startup Cost": 0.0,
                              "Total Cost": 13685.15,
                              "Plan Rows": 575015,
                              "Plan Width": 4,
                              "Actual Startup Time": 0.023,
                              "Actual Total Time": 17.945,
                              "Actual Rows": 197148,
                              "Actual Loops": 7
                            },
                            {
                              "Node Type": "Hash",
                              "Parent Relationship": "Inner",
                              "Parallel Aware": true,
                              "Startup Cost": 43898.92,
                              "Total Cost": 43898.92,
                              "Plan Rows": 486135,
                              "Plan Width": 4,
                              "Actual Startup Time": 202.497,
                              "Actual Total Time": 202.498,
                              "Actual Rows": 276069,
                              "Actual Loops": 7,
                              "Hash Buckets": 2097152,
                              "Original Hash Buckets": 2097152,
                              "Hash Batches": 1,
                              "Original Hash Batches": 1,
                              "Peak Memory Usage": 92128,
                              "Plans": [
                                {
                                  "Node Type": "Seq Scan",
                                  "Parent Relationship": "Outer",
                                  "Parallel Aware": true,
                                  "Relation Name": "title",
                                  "Alias": "t",
                                  "Startup Cost": 0.0,
                                  "Total Cost": 43898.92,
                                  "Plan Rows": 486135,
                                  "Plan Width": 4,
                                  "Actual Startup Time": 0.044,
                                  "Actual Total Time": 77.43,
                                  "Actual Rows": 276069,
                                  "Actual Loops": 7,
                                  "Filter": "(production_year > 1980)",
                                  "Rows Removed by Filter": 85118
                                }
                              ]
                            }
                          ]
                        }
                      ]
                    }
                  ]
                }
              ]
            }
          ]
        }
      ]
    },
    "Planning Time": 1.242,
    "Triggers": [],
    "Execution Time": 1911.967
  }
]