{
  "Plan": {
    "Node Type": "Aggregate",
    "Strategy": "Plain",
    "Partial Mode": "Finalize",
    "Parallel Aware": false,
    "Startup Cost": 254365.73,
    "Total Cost": 254365.74,
    "Plan Rows": 1,
    "Plan Width": 8,
    "Actual Startup Time": 328.365,
    "Actual Total Time": 341.941,
    "Actual Rows": 1,
    "Actual Loops": 1,
    "Plans": [
      {
        "Node Type": "Gather",
        "Parent Relationship": "Outer",
        "Parallel Aware": false,
        "Startup Cost": 254365.62,
        "Total Cost": 254365.73,
        "Plan Rows": 1,
        "Plan Width": 8,
        "Actual Startup Time": 328.057,
        "Actual Total Time": 341.934,
        "Actual Rows": 2,
        "Actual Loops": 1,
        "Workers Planned": 1,
        "Workers Launched": 1,
        "Single Copy": false,
        "Plans": [
          {
            "Node Type": "Aggregate",
            "Strategy": "Plain",
            "Partial Mode": "Partial",
            "Parent Relationship": "Outer",
            "Parallel Aware": false,
            "Startup Cost": 253365.62,
            "Total Cost": 253365.63,
            "Plan Rows": 1,
            "Plan Width": 8,
            "Actual Startup Time": 324.813,
            "Actual Total Time": 324.817,
            "Actual Rows": 1,
            "Actual Loops": 2,
            "Plans": [
              {
                "Node Type": "Hash Join",
                "Parent Relationship": "Outer",
                "Parallel Aware": true,
                "Join Type": "Inner",
                "Startup Cost": 79360.55,
                "Total Cost": 253322.88,
                "Plan Rows": 17094,
                "Plan Width": 0,
                "Actual Startup Time": 194.059,
                "Actual Total Time": 324.504,
                "Actual Rows": 5194,
                "Actual Loops": 2,
                "Inner Unique": true,
                "Hash Cond": "(mi.movie_id = t.id)",
                "Plans": [
                  {
                    "Node Type": "Bitmap Heap Scan",
                    "Parent Relationship": "Outer",
                    "Parallel Aware": true,
                    "Relation Name": "movie_info",
                    "Alias": "mi",
                    "Startup Cost": 24370.61,
                    "Total Cost": 196255.62,
                    "Plan Rows": 791361,
                    "Plan Width": 4,
                    "Actual Startup Time": 51.186,
                    "Actual Total Time": 116.784,
                    "Actual Rows": 700951,
                    "Actual Loops": 2,
                    "Recheck Cond": "(info_type_id = 7)",
                    "Rows Removed by Index Recheck": 0,
                    "Exact Heap Blocks": 5813,
                    "Lossy Heap Blocks": 0,
                    "Plans": [
                      {
                        "Node Type": "Bitmap Index Scan",
                        "Parent Relationship": "Outer",
                        "Parallel Aware": false,
                        "Index Name": "info_type_id_movie_info",
                        "Startup Cost": 0.0,
                        "Total Cost": 24034.28,
                        "Plan Rows": 1345313,
                        "Plan Width": 0,
                        "Actual Startup Time": 49.622,
                        "Actual Total Time": 49.623,
                        "Actual Rows": 1401902,
                        "Actual Loops": 1,
                        "Index Cond": "(info_type_id = 7)"
                      }
                    ]
                  },
                  {
                    "Node Type": "Hash",
                    "Parent Relationship": "Inner",
                    "Parallel Aware": true,
                    "Startup Cost": 54588.39,
                    "Total Cost": 54588.39,
                    "Plan Rows": 32124,
                    "Plan Width": 4,
                    "Actual Startup Time": 140.97,
                    "Actual Total Time": 140.971,
                    "Actual Rows": 25282,
                    "Actual Loops": 2,
                    "Hash Buckets": 65536,
                    "Original Hash Buckets": 65536,
                    "Hash Batches": 1,
                    "Original Hash Batches": 1,
                    "Peak Memory Usage": 2528,
                    "Plans": [
                      {
                        "Node Type": "Seq Scan",
                        "Parent Relationship": "Outer",
                        "Parallel Aware": true,
                        "Relation Name": "title",
                        "Alias": "t",
                        "Startup Cost": 0.0,
                        "Total Cost": 54588.39,
                        "Plan Rows": 32124,
                        "Plan Width": 4,
                        "Actual Startup Time": 0.039,
                        "Actual Total Time": 133.244,
                        "Actual Rows": 25282,
                        "Actual Loops": 2,
                        "Filter": "(production_year = 1999)",
                        "Rows Removed by Filter": 1238874
                      }
                    ]
                  }
                ]
              }
            ]
          }
        ]
      }
    ]
  },
  "Planning Time": 0.601,
  "Triggers": [],
  "Execution Time": 342.033
}