[
  {
    "Plan": {
      "Node Type": "Aggregate",
      "Strategy": "Plain",
      "Partial Mode": "Finalize",
      "Parallel Aware": false,
      "Startup Cost": 342061.49,
      "Total Cost": 342061.5,
      "Plan Rows": 1,
      "Plan Width": 8,
      "Actual Startup Time": 791.576,
      "Actual Total Time": 808.825,
      "Actual Rows": 1,
      "Actual Loops": 1,
      "Plans": [
        {
          "Node Type": "Gather",
          "Parent Relationship": "Outer",
          "Parallel Aware": false,
          "Startup Cost": 342061.27,
          "Total Cost": 342061.48,
          "Plan Rows": 2,
          "Plan Width": 8,
          "Actual Startup Time": 786.796,
          "Actual Total Time": 808.815,
          "Actual Rows": 3,
          "Actual Loops": 1,
          "Workers Planned": 2,
          "Workers Launched": 2,
          "Single Copy": false,
          "Plans": [
            {
              "Node Type": "Aggregate",
              "Strategy": "Plain",
              "Partial Mode": "Partial",
              "Parent Relationship": "Outer",
              "Parallel Aware": false,
              "Startup Cost": 341061.27,
              "Total Cost": 341061.28,
              "Plan Rows": 1,
              "Plan Width": 8,
              "Actual Startup Time": 778.079,
              "Actual Total Time": 778.238,
              "Actual Rows": 1,
              "Actual Loops": 3,
              "Plans": [
                {
                  "Node Type": "Hash Join",
                  "Parent Relationship": "Outer",
                  "Parallel Aware": true,
                  "Join Type": "Inner",
                  "Startup Cost": 324608.76,
                  "Total Cost": 340755.75,
                  "Plan Rows": 122210,
                  "Plan Width": 0,
                  "Actual Startup Time": 629.85,
                  "Actual Total Time": 762.944,
                  "Actual Rows": 388491,
                  "Actual Loops": 3,
                  "Inner Unique": false,
                  "Hash Cond": "(mi_idx.movie_id = t.id)",
                  "Plans": [
                    {
                      "Node Type": "Seq Scan",
                      "Parent Relationship": "Outer",
                      "Parallel Aware": true,
                      "Relation Name": "movie_info_idx",
                      "Alias": "mi_idx",
                      "Startup Cost": 0.0,
                      "Total Cost": 13685.15,
                      "Plan Rows": 575015,
                      "Plan Width": 4,
                      "Actual Startup Time": 0.034,
                      "Actual Total Time": 37.112,
                      "Actual Rows": 460012,
                      "Actual Loops": 3
                    },
                    {
                      "Node Type": "Hash",
                      "Parent Relationship": "Inner",
                      "Parallel Aware": true,
                      "Startup Cost": 322929.46,
                      "Total Cost": 322929.46,
                      "Plan Rows": 134344,
                      "Plan Width": 8,
                      "Actual Startup Time": 623.411,
                      "Actual Total Time": 623.568,
                      "Actual Rows": 259749,
                      "Actual Loops": 3,
                      "Hash Buckets": 1048576,
                      "Original Hash Buckets": 1048576,
                      "Hash Batches": 1,
                      "Original Hash Batches": 1,
                      "Peak Memory Usage": 38720,
                      "Plans": [
                        {
                          "Node Type": "Hash Join",
                          "Parent Relationship": "Outer",
                          "Parallel Aware": true,
                          "Join Type": "Inner",
                          "Startup Cost": 274065.44,
                          "Total Cost": 322929.46,
                          "Plan Rows": 134344,
                          "Plan Width": 8,
                          "Actual Startup Time": 186.807,
                          "Actual Total Time": 545.241,
                          "Actual Rows": 259749,
                          "Actual Loops": 3,
                          "Inner Unique": false,
                          "Hash Cond": "(t.id = ci.movie_id)",
                          "Plans": [
                            {
                              "Node Type": "Seq Scan",
                              "Parent Relationship": "Outer",
                              "Parallel Aware": true,
                              "Relation Name": "title",
                              "Alias": "t",
                              "Startup Cost": 0.0,
                              "Total Cost": 42319.06,
                              "Plan Rows": 632106,
                              "Plan Width": 4,
                              "Actual Startup Time": 0.017,
                              "Actual Total Time": 95.562,
                              "Actual Rows": 842771,
                              "Actual Loops": 3
                            },
                            {
                              "Node Type": "Hash",
                              "Parent Relationship": "Inner",
                              "Parallel Aware": true,
                              "Startup Cost": 272945.9,
                              "Total Cost": 272945.9,
                              "Plan Rows": 89563,
                              "Plan Width": 4,
                              "Actual Startup Time": 182.968,
                              "Actual Total Time": 182.97,
                              "Actual Rows": 259749,
                              "Actual Loops": 3,
                              "Hash Buckets": 1048576,
                              "Original Hash Buckets": 1048576,
                              "Hash Batches": 1,
                              "Original Hash Batches": 1,
                              "Peak Memory Usage": 38720,
                              "Plans": [
                                {
                                  "Node Type": "Bitmap Heap Scan",
                                  "Parent Relationship": "Outer",
                                  "Parallel Aware": true,
                                  "Relation Name": "cast_info",
                                  "Alias": "ci",
                                  "Startup Cost": 18190.9,
                                  "Total Cost": 272945.9,
                                  "Plan Rows": 89563,
                                  "Plan Width": 4,
                                  "Actual Startup Time": 29.902,
                                  "Actual Total Time": 93.099,
                                  "Actual Rows": 259749,
                                  "Actual Loops": 3,
                                  "Recheck Cond": "(person_id > 3912361)",
                                  "Rows Removed by Index Recheck": 0,
                                  "Filter": "(role_id > 1)",
                                  "Rows Removed by Filter": 0,
                                  "Exact Heap Blocks": 4596,
                                  "Lossy Heap Blocks": 0,
                                  "Plans": [
                                    {
                                      "Node Type": "Bitmap Index Scan",
                                      "Parent Relationship": "Outer",
                                      "Parallel Aware": false,
                                      "Index Name": "person_id_cast_info",
                                      "Startup Cost": 0.0,
                                      "Total Cost": 18056.56,
                                      "Plan Rows": 827199,
                                      "Plan Width": 0,
                                      "Actual Startup Time": 28.162,
                                      "Actual Total Time": 28.162,
                                      "Actual Rows": 779246,
                                      "Actual Loops": 1,
                                      "Index Cond": "(person_id > 3912361)"
                                    }
                                  ]
                                }
                              ]
                            }
                          ]
                        }
                      ]
                    }
                  ]
                }
              ]
            }
          ]
        }
      ]
    },
    "Planning Time": 1.399,
    "Triggers": [],
    "Execution Time": 808.937
  }
]