[
  {
    "Plan": {
      "Node Type": "Aggregate",
      "Strategy": "Plain",
      "Partial Mode": "Simple",
      "Parallel Aware": false,
      "Startup Cost": 7841.13,
      "Total Cost": 7841.14,
      "Plan Rows": 1,
      "Plan Width": 8,
      "Actual Startup Time": 3.572,
      "Actual Total Time": 3.572,
      "Actual Rows": 1,
      "Actual Loops": 1,
      "Plans": [
        {
          "Node Type": "Index Only Scan",
          "Parent Relationship": "Outer",
          "Parallel Aware": false,
          "Scan Direction": "Forward",
          "Index Name": "company_id_movie_companies",
          "Relation Name": "movie_companies",
          "Alias": "mc",
          "Startup Cost": 0.43,
          "Total Cost": 7833.08,
          "Plan Rows": 3218,
          "Plan Width": 0,
          "Actual Startup Time": 0.048,
          "Actual Total Time": 3.367,
          "Actual Rows": 3362,
          "Actual Loops": 1,
          "Index Cond": "(company_id = 401)",
          "Rows Removed by Index Recheck": 0,
          "Heap Fetches": 3362
        }
      ]
    },
    "Planning Time": 0.093,
    "Triggers": [],
    "Execution Time": 3.606
  }
]