{
  "Plan": {
    "Node Type": "Aggregate",
    "Strategy": "Plain",
    "Partial Mode": "Finalize",
    "Parallel Aware": false,
    "Startup Cost": 90732.56,
    "Total Cost": 90732.57,
    "Plan Rows": 1,
    "Plan Width": 8,
    "Actual Startup Time": 354.798,
    "Actual Total Time": 365.543,
    "Actual Rows": 1,
    "Actual Loops": 1,
    "Plans": [
      {
        "Node Type": "Gather",
        "Parent Relationship": "Outer",
        "Parallel Aware": false,
        "Startup Cost": 90732.45,
        "Total Cost": 90732.56,
        "Plan Rows": 1,
        "Plan Width": 8,
        "Actual Startup Time": 354.237,
        "Actual Total Time": 365.532,
        "Actual Rows": 2,
        "Actual Loops": 1,
        "Workers Planned": 1,
        "Workers Launched": 1,
        "Single Copy": false,
        "Plans": [
          {
            "Node Type": "Aggregate",
            "Strategy": "Plain",
            "Partial Mode": "Partial",
            "Parent Relationship": "Outer",
            "Parallel Aware": false,
            "Startup Cost": 89732.45,
            "Total Cost": 89732.46,
            "Plan Rows": 1,
            "Plan Width": 8,
            "Actual Startup Time": 348.188,
            "Actual Total Time": 348.359,
            "Actual Rows": 1,
            "Actual Loops": 2,
            "Plans": [
              {
                "Node Type": "Hash Join",
                "Parent Relationship": "Outer",
                "Parallel Aware": true,
                "Join Type": "Inner",
                "Startup Cost": 25923.29,
                "Total Cost": 89644.94,
                "Plan Rows": 35003,
                "Plan Width": 0,
                "Actual Startup Time": 278.289,
                "Actual Total Time": 347.731,
                "Actual Rows": 13026,
                "Actual Loops": 2,
                "Inner Unique": false,
                "Hash Cond": "(t.id = mc.movie_id)",
                "Plans": [
                  {
                    "Node Type": "Seq Scan",
                    "Parent Relationship": "Outer",
                    "Parallel Aware": true,
                    "Relation Name": "title",
                    "Alias": "t",
                    "Startup Cost": 0.0,
                    "Total Cost": 58306.47,
                    "Plan Rows": 833485,
                    "Plan Width": 4,
                    "Actual Startup Time": 0.02,
                    "Actual Total Time": 155.76,
                    "Actual Rows": 699360,
                    "Actual Loops": 2,
                    "Filter": "((kind_id > 1) AND (production_year < 2010))",
                    "Rows Removed by Filter": 564796
                  },
                  {
                    "Node Type": "Hash",
                    "Parent Relationship": "Inner",
                    "Parallel Aware": true,
                    "Startup Cost": 25142.57,
                    "Total Cost": 25142.57,
                    "Plan Rows": 62458,
                    "Plan Width": 4,
                    "Actual Startup Time": 80.862,
                    "Actual Total Time": 80.864,
                    "Actual Rows": 101974,
                    "Actual Loops": 2,
                    "Hash Buckets": 262144,
                    "Original Hash Buckets": 131072,
                    "Hash Batches": 1,
                    "Original Hash Batches": 1,
                    "Peak Memory Usage": 11104,
                    "Plans": [
                      {
                        "Node Type": "Bitmap Heap Scan",
                        "Parent Relationship": "Outer",
                        "Parallel Aware": true,
                        "Relation Name": "movie_companies",
                        "Alias": "mc",
                        "Startup Cost": 4507.38,
                        "Total Cost": 25142.57,
                        "Plan Rows": 62458,
                        "Plan Width": 4,
                        "Actual Startup Time": 20.488,
                        "Actual Total Time": 55.772,
                        "Actual Rows": 101974,
                        "Actual Loops": 2,
                        "Recheck Cond": "(company_id > 112278)",
                        "Rows Removed by Index Recheck": 0,
                        "Filter": "(company_type_id > 1)",
                        "Rows Removed by Filter": 0,
                        "Exact Heap Blocks": 3013,
                        "Lossy Heap Blocks": 0,
                        "Plans": [
                          {
                            "Node Type": "Bitmap Index Scan",
                            "Parent Relationship": "Outer",
                            "Parallel Aware": false,
                            "Index Name": "company_id_movie_companies",
                            "Startup Cost": 0.0,
                            "Total Cost": 4480.84,
                            "Plan Rows": 209121,
                            "Plan Width": 0,
                            "Actual Startup Time": 22.805,
                            "Actual Total Time": 22.805,
                            "Actual Rows": 203948,
                            "Actual Loops": 1,
                            "Index Cond": "(company_id > 112278)"
                          }
                        ]
                      }
                    ]
                  }
                ]
              }
            ]
          }
        ]
      }
    ]
  },
  "Planning Time": 0.761,
  "Triggers": [],
  "Execution Time": 365.649
}