[
  {
    "Plan": {
      "Node Type": "Aggregate",
      "Strategy": "Plain",
      "Partial Mode": "Finalize",
      "Parallel Aware": false,
      "Startup Cost": 44670.35,
      "Total Cost": 44670.36,
      "Plan Rows": 1,
      "Plan Width": 8,
      "Actual Startup Time": 108.761,
      "Actual Total Time": 114.88,
      "Actual Rows": 1,
      "Actual Loops": 1,
      "Plans": [
        {
          "Node Type": "Gather",
          "Parent Relationship": "Outer",
          "Parallel Aware": false,
          "Startup Cost": 44670.03,
          "Total Cost": 44670.34,
          "Plan Rows": 3,
          "Plan Width": 8,
          "Actual Startup Time": 108.688,
          "Actual Total Time": 114.873,
          "Actual Rows": 4,
          "Actual Loops": 1,
          "Workers Planned": 3,
          "Workers Launched": 3,
          "Single Copy": false,
          "Plans": [
            {
              "Node Type": "Aggregate",
              "Strategy": "Plain",
              "Partial Mode": "Partial",
              "Parent Relationship": "Outer",
              "Parallel Aware": false,
              "Startup Cost": 43670.03,
              "Total Cost": 43670.04,
              "Plan Rows": 1,
              "Plan Width": 8,
              "Actual Startup Time": 104.911,
              "Actual Total Time": 104.912,
              "Actual Rows": 1,
              "Actual Loops": 4,
              "Plans": [
                {
                  "Node Type": "Seq Scan",
                  "Parent Relationship": "Outer",
                  "Parallel Aware": true,
                  "Relation Name": "movie_keyword",
                  "Alias": "mk",
                  "Startup Cost": 0.0,
                  "Total Cost": 42695.65,
                  "Plan Rows": 389751,
                  "Plan Width": 0,
                  "Actual Startup Time": 1.122,
                  "Actual Total Time": 90.896,
                  "Actual Rows": 296074,
                  "Actual Loops": 4,
                  "Filter": "(keyword_id > 15700)",
                  "Rows Removed by Filter": 834909
                }
              ]
            }
          ]
        }
      ]
    },
    "Planning Time": 0.08,
    "Triggers": [],
    "Execution Time": 114.905
  }
]