[
  {
    "Plan": {
      "Node Type": "Aggregate",
      "Strategy": "Plain",
      "Partial Mode": "Finalize",
      "Parallel Aware": false,
      "Startup Cost": 44563.89,
      "Total Cost": 44563.9,
      "Plan Rows": 1,
      "Plan Width": 8,
      "Actual Startup Time": 129.221,
      "Actual Total Time": 136.646,
      "Actual Rows": 1,
      "Actual Loops": 1,
      "Plans": [
        {
          "Node Type": "Gather",
          "Parent Relationship": "Outer",
          "Parallel Aware": false,
          "Startup Cost": 44563.57,
          "Total Cost": 44563.88,
          "Plan Rows": 3,
          "Plan Width": 8,
          "Actual Startup Time": 129.078,
          "Actual Total Time": 136.636,
          "Actual Rows": 4,
          "Actual Loops": 1,
          "Workers Planned": 3,
          "Workers Launched": 3,
          "Single Copy": false,
          "Plans": [
            {
              "Node Type": "Aggregate",
              "Strategy": "Plain",
              "Partial Mode": "Partial",
              "Parent Relationship": "Outer",
              "Parallel Aware": false,
              "Startup Cost": 43563.57,
              "Total Cost": 43563.58,
              "Plan Rows": 1,
              "Plan Width": 8,
              "Actual Startup Time": 122.437,
              "Actual Total Time": 122.438,
              "Actual Rows": 1,
              "Actual Loops": 4,
              "Plans": [
                {
                  "Node Type": "Seq Scan",
                  "Parent Relationship": "Outer",
                  "Parallel Aware": true,
                  "Relation Name": "movie_keyword",
                  "Alias": "mk",
                  "Startup Cost": 0.0,
                  "Total Cost": 42695.65,
                  "Plan Rows": 347166,
                  "Plan Width": 0,
                  "Actual Startup Time": 0.053,
                  "Actual Total Time": 108.943,
                  "Actual Rows": 272049,
                  "Actual Loops": 4,
                  "Filter": "(keyword_id < 1114)",
                  "Rows Removed by Filter": 858934
                }
              ]
            }
          ]
        }
      ]
    },
    "Planning Time": 0.191,
    "Triggers": [],
    "Execution Time": 136.713
  }
]