[
  {
    "Plan": {
      "Node Type": "Aggregate",
      "Strategy": "Plain",
      "Partial Mode": "Finalize",
      "Parallel Aware": false,
      "Startup Cost": 93881.31,
      "Total Cost": 93881.32,
      "Plan Rows": 1,
      "Plan Width": 8,
      "Actual Startup Time": 407.709,
      "Actual Total Time": 425.517,
      "Actual Rows": 1,
      "Actual Loops": 1,
      "Plans": [
        {
          "Node Type": "Gather",
          "Parent Relationship": "Outer",
          "Parallel Aware": false,
          "Startup Cost": 93881.0,
          "Total Cost": 93881.31,
          "Plan Rows": 3,
          "Plan Width": 8,
          "Actual Startup Time": 404.563,
          "Actual Total Time": 425.508,
          "Actual Rows": 4,
          "Actual Loops": 1,
          "Workers Planned": 3,
          "Workers Launched": 3,
          "Single Copy": false,
          "Plans": [
            {
              "Node Type": "Aggregate",
              "Strategy": "Plain",
              "Partial Mode": "Partial",
              "Parent Relationship": "Outer",
              "Parallel Aware": false,
              "Startup Cost": 92881.0,
              "Total Cost": 92881.01,
              "Plan Rows": 1,
              "Plan Width": 8,
              "Actual Startup Time": 399.677,
              "Actual Total Time": 399.681,
              "Actual Rows": 1,
              "Actual Loops": 4,
              "Plans": [
                {
                  "Node Type": "Hash Join",
                  "Parent Relationship": "Outer",
                  "Parallel Aware": true,
                  "Join Type": "Inner",
                  "Startup Cost": 46140.6,
                  "Total Cost": 92020.71,
                  "Plan Rows": 344113,
                  "Plan Width": 0,
                  "Actual Startup Time": 163.833,
                  "Actual Total Time": 384.184,
                  "Actual Rows": 373685,
                  "Actual Loops": 4,
                  "Inner Unique": true,
                  "Hash Cond": "(mk.movie_id = t.id)",
                  "Plans": [
                    {
                      "Node Type": "Seq Scan",
                      "Parent Relationship": "Outer",
                      "Parallel Aware": true,
                      "Relation Name": "movie_keyword",
                      "Alias": "mk",
                      "Startup Cost": 0.0,
                      "Total Cost": 42695.65,
                      "Plan Rows": 1213129,
                      "Plan Width": 4,
                      "Actual Startup Time": 0.032,
                      "Actual Total Time": 109.832,
                      "Actual Rows": 941650,
                      "Actual Loops": 4,
                      "Filter": "(keyword_id < 24720)",
                      "Rows Removed by Filter": 189332
                    },
                    {
                      "Node Type": "Hash",
                      "Parent Relationship": "Inner",
                      "Parallel Aware": true,
                      "Startup Cost": 43899.32,
                      "Total Cost": 43899.32,
                      "Plan Rows": 179302,
                      "Plan Width": 4,
                      "Actual Startup Time": 160.917,
                      "Actual Total Time": 160.918,
                      "Actual Rows": 182746,
                      "Actual Loops": 4,
                      "Hash Buckets": 1048576,
                      "Original Hash Buckets": 1048576,
                      "Hash Batches": 1,
                      "Original Hash Batches": 1,
                      "Peak Memory Usage": 36864,
                      "Plans": [
                        {
                          "Node Type": "Seq Scan",
                          "Parent Relationship": "Outer",
                          "Parallel Aware": true,
                          "Relation Name": "title",
                          "Alias": "t",
                          "Startup Cost": 0.0,
                          "Total Cost": 43899.32,
                          "Plan Rows": 179302,
                          "Plan Width": 4,
                          "Actual Startup Time": 0.023,
                          "Actual Total Time": 95.332,
                          "Actual Rows": 182746,
                          "Actual Loops": 4,
                          "Filter": "(production_year < 1992)",
                          "Rows Removed by Filter": 449332
                        }
                      ]
                    }
                  ]
                }
              ]
            }
          ]
        }
      ]
    },
    "Planning Time": 0.262,
    "Triggers": [],
    "Execution Time": 425.555
  }
]