[
  {
    "Plan": {
      "Node Type": "Aggregate",
      "Strategy": "Plain",
      "Partial Mode": "Finalize",
      "Parallel Aware": false,
      "Startup Cost": 682052.27,
      "Total Cost": 682052.28,
      "Plan Rows": 1,
      "Plan Width": 96,
      "Actual Startup Time": 1860.959,
      "Actual Total Time": 1968.282,
      "Actual Rows": 1,
      "Actual Loops": 1,
      "Plans": [
        {
          "Node Type": "Gather",
          "Parent Relationship": "Outer",
          "Parallel Aware": false,
          "Startup Cost": 682051.83,
          "Total Cost": 682052.24,
          "Plan Rows": 4,
          "Plan Width": 96,
          "Actual Startup Time": 1860.733,
          "Actual Total Time": 1968.232,
          "Actual Rows": 5,
          "Actual Loops": 1,
          "Workers Planned": 4,
          "Workers Launched": 4,
          "Single Copy": false,
          "Plans": [
            {
              "Node Type": "Aggregate",
              "Strategy": "Plain",
              "Partial Mode": "Partial",
              "Parent Relationship": "Outer",
              "Parallel Aware": false,
              "Startup Cost": 681051.83,
              "Total Cost": 681051.84,
              "Plan Rows": 1,
              "Plan Width": 96,
              "Actual Startup Time": 1850.03,
              "Actual Total Time": 1850.048,
              "Actual Rows": 1,
              "Actual Loops": 5,
              "Plans": [
                {
                  "Node Type": "Hash Join",
                  "Parent Relationship": "Outer",
                  "Parallel Aware": true,
                  "Join Type": "Inner",
                  "Startup Cost": 634838.66,
                  "Total Cost": 681051.83,
                  "Plan Rows": 1,
                  "Plan Width": 65,
                  "Actual Startup Time": 1827.062,
                  "Actual Total Time": 1850.032,
                  "Actual Rows": 2,
                  "Actual Loops": 5,
                  "Inner Unique": false,
                  "Hash Cond": "(t.id = mi.movie_id)",
                  "Plans": [
                    {
                      "Node Type": "Seq Scan",
                      "Parent Relationship": "Outer",
                      "Parallel Aware": true,
                      "Relation Name": "title",
                      "Alias": "t",
                      "Startup Cost": 0.0,
                      "Total Cost": 45478.29,
                      "Plan Rows": 195964,
                      "Plan Width": 21,
                      "Actual Startup Time": 0.015,
                      "Actual Total Time": 86.923,
                      "Actual Rows": 156898,
                      "Actual Loops": 5,
                      "Filter": "((production_year >= 2008) AND (production_year <= 2014))",
                      "Rows Removed by Filter": 348765
                    },
                    {
                      "Node Type": "Hash",
                      "Parent Relationship": "Inner",
                      "Parallel Aware": true,
                      "Startup Cost": 634838.65,
                      "Total Cost": 634838.65,
                      "Plan Rows": 1,
                      "Plan Width": 60,
                      "Actual Startup Time": 1749.395,
                      "Actual Total Time": 1749.411,
                      "Actual Rows": 3,
                      "Actual Loops": 5,
                      "Hash Buckets": 1024,
                      "Original Hash Buckets": 1024,
                      "Hash Batches": 1,
                      "Original Hash Batches": 1,
                      "Peak Memory Usage": 168,
                      "Plans": [
                        {
                          "Node Type": "Hash Join",
                          "Parent Relationship": "Outer",
                          "Parallel Aware": true,
                          "Join Type": "Inner",
                          "Startup Cost": 565608.4,
                          "Total Cost": 634838.65,
                          "Plan Rows": 1,
                          "Plan Width": 60,
                          "Actual Startup Time": 1664.609,
                          "Actual Total Time": 1749.302,
                          "Actual Rows": 3,
                          "Actual Loops": 5,
                          "Inner Unique": false,
                          "Hash Cond": "(n.id = ci.person_id)",
                          "Plans": [
                            {
                              "Node Type": "Seq Scan",
                              "Parent Relationship": "Outer",
                              "Parallel Aware": true,
                              "Relation Name": "name",
                              "Alias": "n",
                              "Startup Cost": 0.0,
                              "Total Cost": 68635.51,
                              "Plan Rows": 158593,
                              "Plan Width": 4,
                              "Actual Startup Time": 56.722,
                              "Actual Total Time": 138.293,
                              "Actual Rows": 192311,
                              "Actual Loops": 5,
                              "Filter": "((gender IS NOT NULL) AND ((gender)::text = 'f'::text))",
                              "Rows Removed by Filter": 641187
                            },
                            {
                              "Node Type": "Hash",
                              "Parent Relationship": "Inner",
                              "Parallel Aware": true,
                              "Startup Cost": 565608.39,
                              "Total Cost": 565608.39,
                              "Plan Rows": 1,
                              "Plan Width": 64,
                              "Actual Startup Time": 1595.3,
                              "Actual Total Time": 1595.314,
                              "Actual Rows": 82,
                              "Actual Loops": 5,
                              "Hash Buckets": 1024,
                              "Original Hash Buckets": 1024,
                              "Hash Batches": 1,
                              "Original Hash Batches": 1,
                              "Peak Memory Usage": 168,
                              "Plans": [
                                {
                                  "Node Type": "Hash Join",
                                  "Parent Relationship": "Outer",
                                  "Parallel Aware": true,
                                  "Join Type": "Inner",
                                  "Startup Cost": 214129.5,
                                  "Total Cost": 565608.39,
                                  "Plan Rows": 1,
                                  "Plan Width": 64,
                                  "Actual Startup Time": 1229.669,
                                  "Actual Total Time": 1595.15,
                                  "Actual Rows": 82,
                                  "Actual Loops": 5,
                                  "Inner Unique": false,
                                  "Hash Cond": "(ci.movie_id = mi.movie_id)",
                                  "Plans": [
                                    {
                                      "Node Type": "Seq Scan",
                                      "Parent Relationship": "Outer",
                                      "Parallel Aware": true,
                                      "Relation Name": "cast_info",
                                      "Alias": "ci",
                                      "Startup Cost": 0.0,
                                      "Total Cost": 350706.04,
                                      "Plan Rows": 206091,
                                      "Plan Width": 8,
                                      "Actual Startup Time": 82.048,
                                      "Actual Total Time": 967.122,
                                      "Actual Rows": 248943,
                                      "Actual Loops": 5,
                                      "Filter": "(note = ANY ('{(writer),\"(head writer)\",\"(written by)\",(story),\"(story editor)\"}'::text[]))",
                                      "Rows Removed by Filter": 6999926
                                    },
                                    {
                                      "Node Type": "Hash",
                                      "Parent Relationship": "Inner",
                                      "Parallel Aware": true,
                                      "Startup Cost": 214129.49,
                                      "Total Cost": 214129.49,
                                      "Plan Rows": 1,
                                      "Plan Width": 56,
                                      "Actual Startup Time": 604.399,
                                      "Actual Total Time": 604.41,
                                      "Actual Rows": 146,
                                      "Actual Loops": 5,
                                      "Hash Buckets": 1024,
                                      "Original Hash Buckets": 1024,
                                      "Hash Batches": 1,
                                      "Original Hash Batches": 1,
                                      "Peak Memory Usage": 168,
                                      "Plans": [
                                        {
                                          "Node Type": "Hash Join",
                                          "Parent Relationship": "Outer",
                                          "Parallel Aware": true,
                                          "Join Type": "Inner",
                                          "Startup Cost": 15187.01,
                                          "Total Cost": 214129.49,
                                          "Plan Rows": 1,
                                          "Plan Width": 56,
                                          "Actual Startup Time": 549.054,
                                          "Actual Total Time": 603.779,
                                          "Actual Rows": 146,
                                          "Actual Loops": 5,
                                          "Inner Unique": false,
                                          "Hash Cond": "(mi.movie_id = mi_idx.movie_id)",
                                          "Plans": [
                                            {
                                              "Node Type": "Hash Join",
                                              "Parent Relationship": "Outer",
                                              "Parallel Aware": false,
                                              "Join Type": "Inner",
                                              "Startup Cost": 2.43,
                                              "Total Cost": 198944.48,
                                              "Plan Rows": 110,
                                              "Plan Width": 47,
                                              "Actual Startup Time": 460.512,
                                              "Actual Total Time": 512.655,
                                              "Actual Rows": 14452,
                                              "Actual Loops": 5,
                                              "Inner Unique": true,
                                              "Hash Cond": "(mi.info_type_id = it1.id)",
                                              "Plans": [
                                                {
                                                  "Node Type": "Seq Scan",
                                                  "Parent Relationship": "Outer",
                                                  "Parallel Aware": true,
                                                  "Relation Name": "movie_info",
                                                  "Alias": "mi",
                                                  "Startup Cost": 0.0,
                                                  "Total Cost": 198908.26,
                                                  "Plan Rows": 12408,
                                                  "Plan Width": 51,
                                                  "Actual Startup Time": 328.22,
                                                  "Actual Total Time": 509.587,
                                                  "Actual Rows": 14609,
                                                  "Actual Loops": 5,
                                                  "Filter": "((note IS NULL) AND (info = ANY ('{Horror,Thriller}'::text[])))",
                                                  "Rows Removed by Filter": 2952535
                                                },
                                                {
                                                  "Node Type": "Hash",
                                                  "Parent Relationship": "Inner",
                                                  "Parallel Aware": false,
                                                  "Startup Cost": 2.41,
                                                  "Total Cost": 2.41,
                                                  "Plan Rows": 1,
                                                  "Plan Width": 4,
                                                  "Actual Startup Time": 0.029,
                                                  "Actual Total Time": 0.03,
                                                  "Actual Rows": 1,
                                                  "Actual Loops": 5,
                                                  "Hash Buckets": 1024,
                                                  "Original Hash Buckets": 1024,
                                                  "Hash Batches": 1,
                                                  "Original Hash Batches": 1,
                                                  "Peak Memory Usage": 9,
                                                  "Plans": [
                                                    {
                                                      "Node Type": "Seq Scan",
                                                      "Parent Relationship": "Outer",
                                                      "Parallel Aware": false,
                                                      "Relation Name": "info_type",
                                                      "Alias": "it1",
                                                      "Startup Cost": 0.0,
                                                      "Total Cost": 2.41,
                                                      "Plan Rows": 1,
                                                      "Plan Width": 4,
                                                      "Actual Startup Time": 0.014,
                                                      "Actual Total Time": 0.021,
                                                      "Actual Rows": 1,
                                                      "Actual Loops": 5,
                                                      "Filter": "((info)::text = 'genres'::text)",
                                                      "Rows Removed by Filter": 112
                                                    }
                                                  ]
                                                }
                                              ]
                                            },
                                            {
                                              "Node Type": "Hash",
                                              "Parent Relationship": "Inner",
                                              "Parallel Aware": true,
                                              "Startup Cost": 15182.26,
                                              "Total Cost": 15182.26,
                                              "Plan Rows": 186,
                                              "Plan Width": 9,
                                              "Actual Startup Time": 88.232,
                                              "Actual Total Time": 88.237,
                                              "Actual Rows": 3170,
                                              "Actual Loops": 5,
                                              "Hash Buckets": 16384,
                                              "Original Hash Buckets": 1024,
                                              "Hash Batches": 1,
                                              "Original Hash Batches": 1,
                                              "Peak Memory Usage": 952,
                                              "Plans": [
                                                {
                                                  "Node Type": "Hash Join",
                                                  "Parent Relationship": "Outer",
                                                  "Parallel Aware": false,
                                                  "Join Type": "Inner",
                                                  "Startup Cost": 2.43,
                                                  "Total Cost": 15182.26,
                                                  "Plan Rows": 186,
                                                  "Plan Width": 9,
                                                  "Actual Startup Time": 0.252,
                                                  "Actual Total Time": 61.298,
                                                  "Actual Rows": 3170,
                                                  "Actual Loops": 5,
                                                  "Inner Unique": true,
                                                  "Hash Cond": "(mi_idx.info_type_id = it2.id)",
                                                  "Plans": [
                                                    {
                                                      "Node Type": "Seq Scan",
                                                      "Parent Relationship": "Outer",
                                                      "Parallel Aware": true,
                                                      "Relation Name": "movie_info_idx",
                                                      "Alias": "mi_idx",
                                                      "Startup Cost": 0.0,
                                                      "Total Cost": 15122.68,
                                                      "Plan Rows": 20985,
                                                      "Plan Width": 13,
                                                      "Actual Startup Time": 0.056,
                                                      "Actual Total Time": 58.514,
                                                      "Actual Rows": 10526,
                                                      "Actual Loops": 5,
                                                      "Filter": "(info > '8.0'::text)",
                                                      "Rows Removed by Filter": 265481
                                                    },
                                                    {
                                                      "Node Type": "Hash",
                                                      "Parent Relationship": "Inner",
                                                      "Parallel Aware": false,
                                                      "Startup Cost": 2.41,
                                                      "Total Cost": 2.41,
                                                      "Plan Rows": 1,
                                                      "Plan Width": 4,
                                                      "Actual Startup Time": 0.058,
                                                      "Actual Total Time": 0.06,
                                                      "Actual Rows": 1,
                                                      "Actual Loops": 5,
                                                      "Hash Buckets": 1024,
                                                      "Original Hash Buckets": 1024,
                                                      "Hash Batches": 1,
                                                      "Original Hash Batches": 1,
                                                      "Peak Memory Usage": 9,
                                                      "Plans": [
                                                        {
                                                          "Node Type": "Seq Scan",
                                                          "Parent Relationship": "Outer",
                                                          "Parallel Aware": false,
                                                          "Relation Name": "info_type",
                                                          "Alias": "it2",
                                                          "Startup Cost": 0.0,
                                                          "Total Cost": 2.41,
                                                          "Plan Rows": 1,
                                                          "Plan Width": 4,
                                                          "Actual Startup Time": 0.044,
                                                          "Actual Total Time": 0.048,
                                                          "Actual Rows": 1,
                                                          "Actual Loops": 5,
                                                          "Filter": "((info)::text = 'rating'::text)",
                                                          "Rows Removed by Filter": 112
                                                        }
                                                      ]
                                                    }
                                                  ]
                                                }
                                              ]
                                            }
                                          ]
                                        }
                                      ]
                                    }
                                  ]
                                }
                              ]
                            }
                          ]
                        }
                      ]
                    }
                  ]
                }
              ]
            }
          ]
        }
      ]
    },
    "Planning Time": 4.771,
    "Triggers": [],
    "Execution Time": 1968.707
  }
]