{
  "Plan": {
    "Node Type": "Aggregate",
    "Strategy": "Plain",
    "Partial Mode": "Finalize",
    "Parallel Aware": false,
    "Startup Cost": 158529.37,
    "Total Cost": 158529.38,
    "Plan Rows": 1,
    "Plan Width": 8,
    "Actual Startup Time": 1142.417,
    "Actual Total Time": 1167.344,
    "Actual Rows": 1,
    "Actual Loops": 1,
    "Plans": [
      {
        "Node Type": "Gather",
        "Parent Relationship": "Outer",
        "Parallel Aware": false,
        "Startup Cost": 158529.26,
        "Total Cost": 158529.37,
        "Plan Rows": 1,
        "Plan Width": 8,
        "Actual Startup Time": 1139.444,
        "Actual Total Time": 1167.335,
        "Actual Rows": 2,
        "Actual Loops": 1,
        "Workers Planned": 1,
        "Workers Launched": 1,
        "Single Copy": false,
        "Plans": [
          {
            "Node Type": "Aggregate",
            "Strategy": "Plain",
            "Partial Mode": "Partial",
            "Parent Relationship": "Outer",
            "Parallel Aware": false,
            "Startup Cost": 157529.26,
            "Total Cost": 157529.27,
            "Plan Rows": 1,
            "Plan Width": 8,
            "Actual Startup Time": 1133.796,
            "Actual Total Time": 1134.238,
            "Actual Rows": 1,
            "Actual Loops": 2,
            "Plans": [
              {
                "Node Type": "Hash Join",
                "Parent Relationship": "Outer",
                "Parallel Aware": true,
                "Join Type": "Inner",
                "Startup Cost": 116099.77,
                "Total Cost": 157071.08,
                "Plan Rows": 183271,
                "Plan Width": 0,
                "Actual Startup Time": 618.043,
                "Actual Total Time": 1042.837,
                "Actual Rows": 1811496,
                "Actual Loops": 2,
                "Inner Unique": false,
                "Hash Cond": "(mc.movie_id = t.id)",
                "Plans": [
                  {
                    "Node Type": "Seq Scan",
                    "Parent Relationship": "Outer",
                    "Parallel Aware": true,
                    "Relation Name": "movie_companies",
                    "Alias": "mc",
                    "Startup Cost": 0.0,
                    "Total Cost": 34137.82,
                    "Plan Rows": 1534782,
                    "Plan Width": 4,
                    "Actual Startup Time": 0.017,
                    "Actual Total Time": 117.533,
                    "Actual Rows": 1304564,
                    "Actual Loops": 2
                  },
                  {
                    "Node Type": "Hash",
                    "Parent Relationship": "Inner",
                    "Parallel Aware": true,
                    "Startup Cost": 113879.87,
                    "Total Cost": 113879.87,
                    "Plan Rows": 177592,
                    "Plan Width": 8,
                    "Actual Startup Time": 611.624,
                    "Actual Total Time": 612.064,
                    "Actual Rows": 278980,
                    "Actual Loops": 2,
                    "Hash Buckets": 1048576,
                    "Original Hash Buckets": 524288,
                    "Hash Batches": 1,
                    "Original Hash Batches": 1,
                    "Peak Memory Usage": 34144,
                    "Plans": [
                      {
                        "Node Type": "Hash Join",
                        "Parent Relationship": "Outer",
                        "Parallel Aware": true,
                        "Join Type": "Inner",
                        "Startup Cost": 55829.03,
                        "Total Cost": 113879.87,
                        "Plan Rows": 177592,
                        "Plan Width": 8,
                        "Actual Startup Time": 158.968,
                        "Actual Total Time": 545.376,
                        "Actual Rows": 278980,
                        "Actual Loops": 2,
                        "Inner Unique": true,
                        "Hash Cond": "(mk.movie_id = t.id)",
                        "Plans": [
                          {
                            "Node Type": "Seq Scan",
                            "Parent Relationship": "Outer",
                            "Parallel Aware": true,
                            "Relation Name": "movie_keyword",
                            "Alias": "mk",
                            "Startup Cost": 0.0,
                            "Total Cost": 51065.35,
                            "Plan Rows": 2661135,
                            "Plan Width": 4,
                            "Actual Startup Time": 0.014,
                            "Actual Total Time": 174.603,
                            "Actual Rows": 2261965,
                            "Actual Loops": 2
                          },
                          {
                            "Node Type": "Hash",
                            "Parent Relationship": "Inner",
                            "Parallel Aware": true,
                            "Startup Cost": 54588.39,
                            "Total Cost": 54588.39,
                            "Plan Rows": 99251,
                            "Plan Width": 4,
                            "Actual Startup Time": 156.904,
                            "Actual Total Time": 156.905,
                            "Actual Rows": 87305,
                            "Actual Loops": 2,
                            "Hash Buckets": 262144,
                            "Original Hash Buckets": 262144,
                            "Hash Batches": 1,
                            "Original Hash Batches": 1,
                            "Peak Memory Usage": 8896,
                            "Plans": [
                              {
                                "Node Type": "Seq Scan",
                                "Parent Relationship": "Outer",
                                "Parallel Aware": true,
                                "Relation Name": "title",
                                "Alias": "t",
                                "Startup Cost": 0.0,
                                "Total Cost": 54588.39,
                                "Plan Rows": 99251,
                                "Plan Width": 4,
                                "Actual Startup Time": 0.15,
                                "Actual Total Time": 136.418,
                                "Actual Rows": 87305,
                                "Actual Loops": 2,
                                "Filter": "(production_year < 1952)",
                                "Rows Removed by Filter": 1176851
                              }
                            ]
                          }
                        ]
                      }
                    ]
                  }
                ]
              }
            ]
          }
        ]
      }
    ]
  },
  "Planning Time": 0.896,
  "Triggers": [],
  "Execution Time": 1167.425
}