[
  {
    "Plan": {
      "Node Type": "Aggregate",
      "Strategy": "Plain",
      "Partial Mode": "Finalize",
      "Parallel Aware": false,
      "Startup Cost": 380001.32,
      "Total Cost": 380001.33,
      "Plan Rows": 1,
      "Plan Width": 8,
      "Actual Startup Time": 1745.406,
      "Actual Total Time": 1797.808,
      "Actual Rows": 1,
      "Actual Loops": 1,
      "Plans": [
        {
          "Node Type": "Gather",
          "Parent Relationship": "Outer",
          "Parallel Aware": false,
          "Startup Cost": 380000.7,
          "Total Cost": 380001.31,
          "Plan Rows": 6,
          "Plan Width": 8,
          "Actual Startup Time": 1742.515,
          "Actual Total Time": 1797.793,
          "Actual Rows": 7,
          "Actual Loops": 1,
          "Workers Planned": 6,
          "Workers Launched": 6,
          "Single Copy": false,
          "Plans": [
            {
              "Node Type": "Aggregate",
              "Strategy": "Plain",
              "Partial Mode": "Partial",
              "Parent Relationship": "Outer",
              "Parallel Aware": false,
              "Startup Cost": 379000.7,
              "Total Cost": 379000.71,
              "Plan Rows": 1,
              "Plan Width": 8,
              "Actual Startup Time": 1734.89,
              "Actual Total Time": 1734.892,
              "Actual Rows": 1,
              "Actual Loops": 7,
              "Plans": [
                {
                  "Node Type": "Hash Join",
                  "Parent Relationship": "Outer",
                  "Parallel Aware": true,
                  "Join Type": "Inner",
                  "Startup Cost": 47043.79,
                  "Total Cost": 376010.44,
                  "Plan Rows": 1196102,
                  "Plan Width": 0,
                  "Actual Startup Time": 105.931,
                  "Actual Total Time": 1684.345,
                  "Actual Rows": 978346,
                  "Actual Loops": 7,
                  "Inner Unique": true,
                  "Hash Cond": "(ci.movie_id = t.id)",
                  "Plans": [
                    {
                      "Node Type": "Seq Scan",
                      "Parent Relationship": "Outer",
                      "Parallel Aware": true,
                      "Relation Name": "cast_info",
                      "Alias": "ci",
                      "Startup Cost": 0.0,
                      "Total Cost": 313106.51,
                      "Plan Rows": 6041951,
                      "Plan Width": 4,
                      "Actual Startup Time": 0.03,
                      "Actual Total Time": 558.031,
                      "Actual Rows": 5177763,
                      "Actual Loops": 7
                    },
                    {
                      "Node Type": "Hash",
                      "Parent Relationship": "Inner",
                      "Parallel Aware": true,
                      "Startup Cost": 45479.59,
                      "Total Cost": 45479.59,
                      "Plan Rows": 125136,
                      "Plan Width": 4,
                      "Actual Startup Time": 103.592,
                      "Actual Total Time": 103.593,
                      "Actual Rows": 53376,
                      "Actual Loops": 7,
                      "Hash Buckets": 524288,
                      "Original Hash Buckets": 524288,
                      "Hash Batches": 1,
                      "Original Hash Batches": 1,
                      "Peak Memory Usage": 18816,
                      "Plans": [
                        {
                          "Node Type": "Seq Scan",
                          "Parent Relationship": "Outer",
                          "Parallel Aware": true,
                          "Relation Name": "title",
                          "Alias": "t",
                          "Startup Cost": 0.0,
                          "Total Cost": 45479.59,
                          "Plan Rows": 125136,
                          "Plan Width": 4,
                          "Actual Startup Time": 39.428,
                          "Actual Total Time": 77.775,
                          "Actual Rows": 53376,
                          "Actual Loops": 7,
                          "Filter": "((production_year > 1982) AND (kind_id = 1))",
                          "Rows Removed by Filter": 307811
                        }
                      ]
                    }
                  ]
                }
              ]
            }
          ]
        }
      ]
    },
    "Planning Time": 0.616,
    "Triggers": [],
    "Execution Time": 1797.891
  }
]