[
  {
    "Plan": {
      "Node Type": "Aggregate",
      "Strategy": "Plain",
      "Partial Mode": "Finalize",
      "Parallel Aware": false,
      "Startup Cost": 45697.13,
      "Total Cost": 45697.14,
      "Plan Rows": 1,
      "Plan Width": 8,
      "Actual Startup Time": 152.479,
      "Actual Total Time": 161.873,
      "Actual Rows": 1,
      "Actual Loops": 1,
      "Plans": [
        {
          "Node Type": "Gather",
          "Parent Relationship": "Outer",
          "Parallel Aware": false,
          "Startup Cost": 45696.82,
          "Total Cost": 45697.13,
          "Plan Rows": 3,
          "Plan Width": 8,
          "Actual Startup Time": 152.376,
          "Actual Total Time": 161.865,
          "Actual Rows": 4,
          "Actual Loops": 1,
          "Workers Planned": 3,
          "Workers Launched": 3,
          "Single Copy": false,
          "Plans": [
            {
              "Node Type": "Aggregate",
              "Strategy": "Plain",
              "Partial Mode": "Partial",
              "Parent Relationship": "Outer",
              "Parallel Aware": false,
              "Startup Cost": 44696.82,
              "Total Cost": 44696.83,
              "Plan Rows": 1,
              "Plan Width": 8,
              "Actual Startup Time": 143.839,
              "Actual Total Time": 143.84,
              "Actual Rows": 1,
              "Actual Loops": 4,
              "Plans": [
                {
                  "Node Type": "Seq Scan",
                  "Parent Relationship": "Outer",
                  "Parallel Aware": true,
                  "Relation Name": "movie_keyword",
                  "Alias": "mk",
                  "Startup Cost": 0.0,
                  "Total Cost": 42695.65,
                  "Plan Rows": 800465,
                  "Plan Width": 0,
                  "Actual Startup Time": 0.058,
                  "Actual Total Time": 115.848,
                  "Actual Rows": 620353,
                  "Actual Loops": 4,
                  "Filter": "(keyword_id < 6019)",
                  "Rows Removed by Filter": 510629
                }
              ]
            }
          ]
        }
      ]
    },
    "Planning Time": 0.156,
    "Triggers": [],
    "Execution Time": 161.923
  }
]