[
  {
    "Plan": {
      "Node Type": "Aggregate",
      "Strategy": "Plain",
      "Partial Mode": "Finalize",
      "Parallel Aware": false,
      "Startup Cost": 80554.63,
      "Total Cost": 80554.64,
      "Plan Rows": 1,
      "Plan Width": 8,
      "Actual Startup Time": 245.511,
      "Actual Total Time": 272.574,
      "Actual Rows": 1,
      "Actual Loops": 1,
      "Plans": [
        {
          "Node Type": "Gather",
          "Parent Relationship": "Outer",
          "Parallel Aware": false,
          "Startup Cost": 80554.31,
          "Total Cost": 80554.62,
          "Plan Rows": 3,
          "Plan Width": 8,
          "Actual Startup Time": 242.246,
          "Actual Total Time": 272.564,
          "Actual Rows": 4,
          "Actual Loops": 1,
          "Workers Planned": 3,
          "Workers Launched": 3,
          "Single Copy": false,
          "Plans": [
            {
              "Node Type": "Aggregate",
              "Strategy": "Plain",
              "Partial Mode": "Partial",
              "Parent Relationship": "Outer",
              "Parallel Aware": false,
              "Startup Cost": 79554.31,
              "Total Cost": 79554.32,
              "Plan Rows": 1,
              "Plan Width": 8,
              "Actual Startup Time": 233.932,
              "Actual Total Time": 233.936,
              "Actual Rows": 1,
              "Actual Loops": 4,
              "Plans": [
                {
                  "Node Type": "Nested Loop",
                  "Parent Relationship": "Outer",
                  "Parallel Aware": false,
                  "Join Type": "Inner",
                  "Startup Cost": 47370.39,
                  "Total Cost": 79553.45,
                  "Plan Rows": 344,
                  "Plan Width": 0,
                  "Actual Startup Time": 160.688,
                  "Actual Total Time": 233.598,
                  "Actual Rows": 5376,
                  "Actual Loops": 4,
                  "Inner Unique": false,
                  "Plans": [
                    {
                      "Node Type": "Hash Join",
                      "Parent Relationship": "Outer",
                      "Parallel Aware": true,
                      "Join Type": "Inner",
                      "Startup Cost": 47369.96,
                      "Total Cost": 72908.31,
                      "Plan Rows": 1705,
                      "Plan Width": 8,
                      "Actual Startup Time": 160.349,
                      "Actual Total Time": 170.501,
                      "Actual Rows": 1659,
                      "Actual Loops": 4,
                      "Inner Unique": true,
                      "Hash Cond": "(mk.movie_id = t.id)",
                      "Plans": [
                        {
                          "Node Type": "Bitmap Heap Scan",
                          "Parent Relationship": "Outer",
                          "Parallel Aware": true,
                          "Relation Name": "movie_keyword",
                          "Alias": "mk",
                          "Startup Cost": 863.81,
                          "Total Cost": 26367.7,
                          "Plan Rows": 13127,
                          "Plan Width": 4,
                          "Actual Startup Time": 3.862,
                          "Actual Total Time": 16.41,
                          "Actual Rows": 7005,
                          "Actual Loops": 4,
                          "Recheck Cond": "(keyword_id < 36)",
                          "Rows Removed by Index Recheck": 0,
                          "Exact Heap Blocks": 4494,
                          "Lossy Heap Blocks": 0,
                          "Plans": [
                            {
                              "Node Type": "Bitmap Index Scan",
                              "Parent Relationship": "Outer",
                              "Parallel Aware": false,
                              "Index Name": "keyword_id_movie_keyword",
                              "Startup Cost": 0.0,
                              "Total Cost": 853.64,
                              "Plan Rows": 40694,
                              "Plan Width": 0,
                              "Actual Startup Time": 2.405,
                              "Actual Total Time": 2.405,
                              "Actual Rows": 28021,
                              "Actual Loops": 1,
                              "Index Cond": "(keyword_id < 36)"
                            }
                          ]
                        },
                        {
                          "Node Type": "Hash",
                          "Parent Relationship": "Inner",
                          "Parallel Aware": true,
                          "Startup Cost": 45479.59,
                          "Total Cost": 45479.59,
                          "Plan Rows": 82125,
                          "Plan Width": 4,
                          "Actual Startup Time": 146.758,
                          "Actual Total Time": 146.759,
                          "Actual Rows": 102880,
                          "Actual Loops": 4,
                          "Hash Buckets": 524288,
                          "Original Hash Buckets": 524288,
                          "Hash Batches": 1,
                          "Original Hash Batches": 1,
                          "Peak Memory Usage": 20288,
                          "Plans": [
                            {
                              "Node Type": "Seq Scan",
                              "Parent Relationship": "Outer",
                              "Parallel Aware": true,
                              "Relation Name": "title",
                              "Alias": "t",
                              "Startup Cost": 0.0,
                              "Total Cost": 45479.59,
                              "Plan Rows": 82125,
                              "Plan Width": 4,
                              "Actual Startup Time": 66.076,
                              "Actual Total Time": 111.996,
                              "Actual Rows": 102880,
                              "Actual Loops": 4,
                              "Filter": "((production_year < 2004) AND (kind_id = 1))",
                              "Rows Removed by Filter": 529198
                            }
                          ]
                        }
                      ]
                    },
                    {
                      "Node Type": "Index Scan",
                      "Parent Relationship": "Inner",
                      "Parallel Aware": false,
                      "Scan Direction": "Forward",
                      "Index Name": "movie_id_movie_info",
                      "Relation Name": "movie_info",
                      "Alias": "mi",
                      "Startup Cost": 0.43,
                      "Total Cost": 3.89,
                      "Plan Rows": 1,
                      "Plan Width": 4,
                      "Actual Startup Time": 0.032,
                      "Actual Total Time": 0.037,
                      "Actual Rows": 3,
                      "Actual Loops": 6635,
                      "Index Cond": "(movie_id = t.id)",
                      "Rows Removed by Index Recheck": 0,
                      "Filter": "(info_type_id = 5)",
                      "Rows Removed by Filter": 35
                    }
                  ]
                }
              ]
            }
          ]
        }
      ]
    },
    "Planning Time": 0.953,
    "Triggers": [],
    "Execution Time": 272.66
  }
]