[
    {
        "Bao": {
            "Bao prediction": "NaN",
            "Bao recommended hint": "(no hint)"
        }
    },
    {
        "Plan": {
            "Node Type": "Aggregate",
            "Strategy": "Plain",
            "Partial Mode": "Finalize",
            "Parallel Aware": false,
            "Startup Cost": 47085.5,
            "Total Cost": 47085.51,
            "Plan Rows": 1,
            "Plan Width": 8,
            "Actual Startup Time": 186.394,
            "Actual Total Time": 192.632,
            "Actual Rows": 1,
            "Actual Loops": 1,
            "Output": [
                "count(*)"
            ],
            "Plans": [
                {
                    "Node Type": "Gather",
                    "Parent Relationship": "Outer",
                    "Parallel Aware": false,
                    "Startup Cost": 47085.18,
                    "Total Cost": 47085.49,
                    "Plan Rows": 3,
                    "Plan Width": 8,
                    "Actual Startup Time": 186.298,
                    "Actual Total Time": 192.624,
                    "Actual Rows": 4,
                    "Actual Loops": 1,
                    "Output": [
                        "(PARTIAL count(*))"
                    ],
                    "Workers Planned": 3,
                    "Workers Launched": 3,
                    "Single Copy": false,
                    "Plans": [
                        {
                            "Node Type": "Aggregate",
                            "Strategy": "Plain",
                            "Partial Mode": "Partial",
                            "Parent Relationship": "Outer",
                            "Parallel Aware": false,
                            "Startup Cost": 46085.18,
                            "Total Cost": 46085.19,
                            "Plan Rows": 1,
                            "Plan Width": 8,
                            "Actual Startup Time": 177.922,
                            "Actual Total Time": 177.923,
                            "Actual Rows": 1,
                            "Actual Loops": 4,
                            "Output": [
                                "PARTIAL count(*)"
                            ],
                            "Workers": [
                                {
                                    "Worker Number": 0,
                                    "Actual Startup Time": 174.958,
                                    "Actual Total Time": 174.959,
                                    "Actual Rows": 1,
                                    "Actual Loops": 1
                                },
                                {
                                    "Worker Number": 1,
                                    "Actual Startup Time": 175.394,
                                    "Actual Total Time": 175.395,
                                    "Actual Rows": 1,
                                    "Actual Loops": 1
                                },
                                {
                                    "Worker Number": 2,
                                    "Actual Startup Time": 175.655,
                                    "Actual Total Time": 175.656,
                                    "Actual Rows": 1,
                                    "Actual Loops": 1
                                }
                            ],
                            "Plans": [
                                {
                                    "Node Type": "Seq Scan",
                                    "Parent Relationship": "Outer",
                                    "Parallel Aware": true,
                                    "Relation Name": "movie_keyword",
                                    "Schema": "public",
                                    "Alias": "mk",
                                    "Startup Cost": 0.0,
                                    "Total Cost": 42695.65,
                                    "Plan Rows": 1355810,
                                    "Plan Width": 0,
                                    "Actual Startup Time": 0.062,
                                    "Actual Total Time": 125.654,
                                    "Actual Rows": 1050048,
                                    "Actual Loops": 4,
                                    "Output": [
                                        "id",
                                        "movie_id",
                                        "keyword_id"
                                    ],
                                    "Filter": "(mk.keyword_id > 261)",
                                    "Rows Removed by Filter": 80934,
                                    "Workers": [
                                        {
                                            "Worker Number": 0,
                                            "Actual Startup Time": 0.057,
                                            "Actual Total Time": 124.481,
                                            "Actual Rows": 1096575,
                                            "Actual Loops": 1
                                        },
                                        {
                                            "Worker Number": 1,
                                            "Actual Startup Time": 0.059,
                                            "Actual Total Time": 124.724,
                                            "Actual Rows": 708710,
                                            "Actual Loops": 1
                                        },
                                        {
                                            "Worker Number": 2,
                                            "Actual Startup Time": 0.05,
                                            "Actual Total Time": 124.785,
                                            "Actual Rows": 1093506,
                                            "Actual Loops": 1
                                        }
                                    ]
                                }
                            ]
                        }
                    ]
                }
            ]
        },
        "Planning Time": 207.431,
        "Triggers": [],
        "Execution Time": 192.715
    }
]