[
    {
        "Bao": {
            "Bao prediction": 2328.691,
            "Bao recommended hint": "(no hint)"
        }
    },
    {
        "Plan": {
            "Node Type": "Aggregate",
            "Strategy": "Plain",
            "Partial Mode": "Finalize",
            "Parallel Aware": false,
            "Startup Cost": 152427.59,
            "Total Cost": 152427.6,
            "Plan Rows": 1,
            "Plan Width": 64,
            "Actual Startup Time": 2459.033,
            "Actual Total Time": 2541.572,
            "Actual Rows": 1,
            "Actual Loops": 1,
            "Output": [
                "min(a1.name)",
                "min(t.title)"
            ],
            "Plans": [
                {
                    "Node Type": "Gather",
                    "Parent Relationship": "Outer",
                    "Parallel Aware": false,
                    "Startup Cost": 152427.26,
                    "Total Cost": 152427.57,
                    "Plan Rows": 3,
                    "Plan Width": 64,
                    "Actual Startup Time": 2457.019,
                    "Actual Total Time": 2541.554,
                    "Actual Rows": 4,
                    "Actual Loops": 1,
                    "Output": [
                        "(PARTIAL min(a1.name))",
                        "(PARTIAL min(t.title))"
                    ],
                    "Workers Planned": 3,
                    "Workers Launched": 3,
                    "Single Copy": false,
                    "Plans": [
                        {
                            "Node Type": "Aggregate",
                            "Strategy": "Plain",
                            "Partial Mode": "Partial",
                            "Parent Relationship": "Outer",
                            "Parallel Aware": false,
                            "Startup Cost": 151427.26,
                            "Total Cost": 151427.27,
                            "Plan Rows": 1,
                            "Plan Width": 64,
                            "Actual Startup Time": 2443.906,
                            "Actual Total Time": 2443.925,
                            "Actual Rows": 1,
                            "Actual Loops": 4,
                            "Output": [
                                "PARTIAL min(a1.name)",
                                "PARTIAL min(t.title)"
                            ],
                            "Workers": [
                                {
                                    "Worker Number": 0,
                                    "Actual Startup Time": 2440.183,
                                    "Actual Total Time": 2440.195,
                                    "Actual Rows": 1,
                                    "Actual Loops": 1
                                },
                                {
                                    "Worker Number": 1,
                                    "Actual Startup Time": 2440.159,
                                    "Actual Total Time": 2440.171,
                                    "Actual Rows": 1,
                                    "Actual Loops": 1
                                },
                                {
                                    "Worker Number": 2,
                                    "Actual Startup Time": 2440.193,
                                    "Actual Total Time": 2440.204,
                                    "Actual Rows": 1,
                                    "Actual Loops": 1
                                }
                            ],
                            "Plans": [
                                {
                                    "Node Type": "Hash Join",
                                    "Parent Relationship": "Outer",
                                    "Parallel Aware": true,
                                    "Join Type": "Inner",
                                    "Startup Cost": 135131.25,
                                    "Total Cost": 150574.72,
                                    "Plan Rows": 170508,
                                    "Plan Width": 33,
                                    "Actual Startup Time": 2345.967,
                                    "Actual Total Time": 2436.868,
                                    "Actual Rows": 76838,
                                    "Actual Loops": 4,
                                    "Output": [
                                        "a1.name",
                                        "t.title"
                                    ],
                                    "Inner Unique": false,
                                    "Hash Cond": "(a1.person_id = n1.id)",
                                    "Workers": [
                                        {
                                            "Worker Number": 0,
                                            "Actual Startup Time": 2342.439,
                                            "Actual Total Time": 2432.848,
                                            "Actual Rows": 85674,
                                            "Actual Loops": 1
                                        },
                                        {
                                            "Worker Number": 1,
                                            "Actual Startup Time": 2342.387,
                                            "Actual Total Time": 2433.613,
                                            "Actual Rows": 80666,
                                            "Actual Loops": 1
                                        },
                                        {
                                            "Worker Number": 2,
                                            "Actual Startup Time": 2342.394,
                                            "Actual Total Time": 2433.98,
                                            "Actual Rows": 79458,
                                            "Actual Loops": 1
                                        }
                                    ],
                                    "Plans": [
                                        {
                                            "Node Type": "Seq Scan",
                                            "Parent Relationship": "Outer",
                                            "Parallel Aware": true,
                                            "Relation Name": "aka_name",
                                            "Schema": "public",
                                            "Alias": "a1",
                                            "Startup Cost": 0.0,
                                            "Total Cost": 14303.56,
                                            "Plan Rows": 290756,
                                            "Plan Width": 20,
                                            "Actual Startup Time": 0.028,
                                            "Actual Total Time": 30.149,
                                            "Actual Rows": 225336,
                                            "Actual Loops": 4,
                                            "Output": [
                                                "a1.id",
                                                "a1.person_id",
                                                "a1.name",
                                                "a1.imdb_index",
                                                "a1.name_pcode_cf",
                                                "a1.name_pcode_nf",
                                                "a1.surname_pcode",
                                                "a1.md5sum"
                                            ],
                                            "Workers": [
                                                {
                                                    "Worker Number": 0,
                                                    "Actual Startup Time": 0.025,
                                                    "Actual Total Time": 29.408,
                                                    "Actual Rows": 243142,
                                                    "Actual Loops": 1
                                                },
                                                {
                                                    "Worker Number": 1,
                                                    "Actual Startup Time": 0.032,
                                                    "Actual Total Time": 29.872,
                                                    "Actual Rows": 248088,
                                                    "Actual Loops": 1
                                                },
                                                {
                                                    "Worker Number": 2,
                                                    "Actual Startup Time": 0.036,
                                                    "Actual Total Time": 29.693,
                                                    "Actual Rows": 246878,
                                                    "Actual Loops": 1
                                                }
                                            ]
                                        },
                                        {
                                            "Node Type": "Hash",
                                            "Parent Relationship": "Inner",
                                            "Parallel Aware": true,
                                            "Startup Cost": 134242.99,
                                            "Total Cost": 134242.99,
                                            "Plan Rows": 71061,
                                            "Plan Width": 25,
                                            "Actual Startup Time": 2343.225,
                                            "Actual Total Time": 2343.242,
                                            "Actual Rows": 132302,
                                            "Actual Loops": 4,
                                            "Output": [
                                                "ci.person_id",
                                                "n1.id",
                                                "t.title"
                                            ],
                                            "Hash Buckets": 1048576,
                                            "Original Hash Buckets": 262144,
                                            "Hash Batches": 1,
                                            "Original Hash Batches": 1,
                                            "Peak Memory Usage": 46368,
                                            "Workers": [
                                                {
                                                    "Worker Number": 0,
                                                    "Actual Startup Time": 2341.743,
                                                    "Actual Total Time": 2341.753,
                                                    "Actual Rows": 142005,
                                                    "Actual Loops": 1
                                                },
                                                {
                                                    "Worker Number": 1,
                                                    "Actual Startup Time": 2341.855,
                                                    "Actual Total Time": 2341.865,
                                                    "Actual Rows": 136001,
                                                    "Actual Loops": 1
                                                },
                                                {
                                                    "Worker Number": 2,
                                                    "Actual Startup Time": 2341.836,
                                                    "Actual Total Time": 2341.846,
                                                    "Actual Rows": 132292,
                                                    "Actual Loops": 1
                                                }
                                            ],
                                            "Plans": [
                                                {
                                                    "Node Type": "Nested Loop",
                                                    "Parent Relationship": "Outer",
                                                    "Parallel Aware": false,
                                                    "Join Type": "Inner",
                                                    "Startup Cost": 4775.62,
                                                    "Total Cost": 134242.99,
                                                    "Plan Rows": 71061,
                                                    "Plan Width": 25,
                                                    "Actual Startup Time": 24.903,
                                                    "Actual Total Time": 2227.592,
                                                    "Actual Rows": 132302,
                                                    "Actual Loops": 4,
                                                    "Output": [
                                                        "ci.person_id",
                                                        "n1.id",
                                                        "t.title"
                                                    ],
                                                    "Inner Unique": true,
                                                    "Workers": [
                                                        {
                                                            "Worker Number": 0,
                                                            "Actual Startup Time": 23.206,
                                                            "Actual Total Time": 2218.509,
                                                            "Actual Rows": 142005,
                                                            "Actual Loops": 1
                                                        },
                                                        {
                                                            "Worker Number": 1,
                                                            "Actual Startup Time": 23.531,
                                                            "Actual Total Time": 2228.393,
                                                            "Actual Rows": 136001,
                                                            "Actual Loops": 1
                                                        },
                                                        {
                                                            "Worker Number": 2,
                                                            "Actual Startup Time": 23.922,
                                                            "Actual Total Time": 2228.999,
                                                            "Actual Rows": 132292,
                                                            "Actual Loops": 1
                                                        }
                                                    ],
                                                    "Plans": [
                                                        {
                                                            "Node Type": "Hash Join",
                                                            "Parent Relationship": "Outer",
                                                            "Parallel Aware": false,
                                                            "Join Type": "Inner",
                                                            "Startup Cost": 4775.19,
                                                            "Total Cost": 101889.44,
                                                            "Plan Rows": 71061,
                                                            "Plan Width": 21,
                                                            "Actual Startup Time": 24.734,
                                                            "Actual Total Time": 1575.811,
                                                            "Actual Rows": 132302,
                                                            "Actual Loops": 4,
                                                            "Output": [
                                                                "ci.person_id",
                                                                "t.title"
                                                            ],
                                                            "Inner Unique": true,
                                                            "Hash Cond": "(ci.role_id = rt.id)",
                                                            "Workers": [
                                                                {
                                                                    "Worker Number": 0,
                                                                    "Actual Startup Time": 23.003,
                                                                    "Actual Total Time": 1564.26,
                                                                    "Actual Rows": 142005,
                                                                    "Actual Loops": 1
                                                                },
                                                                {
                                                                    "Worker Number": 1,
                                                                    "Actual Startup Time": 23.366,
                                                                    "Actual Total Time": 1571.356,
                                                                    "Actual Rows": 136001,
                                                                    "Actual Loops": 1
                                                                },
                                                                {
                                                                    "Worker Number": 2,
                                                                    "Actual Startup Time": 23.739,
                                                                    "Actual Total Time": 1571.608,
                                                                    "Actual Rows": 132292,
                                                                    "Actual Loops": 1
                                                                }
                                                            ],
                                                            "Plans": [
                                                                {
                                                                    "Node Type": "Nested Loop",
                                                                    "Parent Relationship": "Outer",
                                                                    "Parallel Aware": false,
                                                                    "Join Type": "Inner",
                                                                    "Startup Cost": 4774.03,
                                                                    "Total Cost": 98859.3,
                                                                    "Plan Rows": 852732,
                                                                    "Plan Width": 25,
                                                                    "Actual Startup Time": 23.739,
                                                                    "Actual Total Time": 1486.543,
                                                                    "Actual Rows": 668023,
                                                                    "Actual Loops": 4,
                                                                    "Output": [
                                                                        "ci.person_id",
                                                                        "ci.role_id",
                                                                        "t.title"
                                                                    ],
                                                                    "Inner Unique": false,
                                                                    "Workers": [
                                                                        {
                                                                            "Worker Number": 0,
                                                                            "Actual Startup Time": 22.361,
                                                                            "Actual Total Time": 1475.5,
                                                                            "Actual Rows": 698594,
                                                                            "Actual Loops": 1
                                                                        },
                                                                        {
                                                                            "Worker Number": 1,
                                                                            "Actual Startup Time": 22.333,
                                                                            "Actual Total Time": 1483.201,
                                                                            "Actual Rows": 698643,
                                                                            "Actual Loops": 1
                                                                        },
                                                                        {
                                                                            "Worker Number": 2,
                                                                            "Actual Startup Time": 22.431,
                                                                            "Actual Total Time": 1479.797,
                                                                            "Actual Rows": 662356,
                                                                            "Actual Loops": 1
                                                                        }
                                                                    ],
                                                                    "Plans": [
                                                                        {
                                                                            "Node Type": "Nested Loop",
                                                                            "Parent Relationship": "Outer",
                                                                            "Parallel Aware": false,
                                                                            "Join Type": "Inner",
                                                                            "Startup Cost": 4773.46,
                                                                            "Total Cost": 46795.46,
                                                                            "Plan Rows": 24408,
                                                                            "Plan Width": 25,
                                                                            "Actual Startup Time": 23.581,
                                                                            "Actual Total Time": 323.33,
                                                                            "Actual Rows": 26249,
                                                                            "Actual Loops": 4,
                                                                            "Output": [
                                                                                "mc.movie_id",
                                                                                "t.title",
                                                                                "t.id"
                                                                            ],
                                                                            "Inner Unique": true,
                                                                            "Workers": [
                                                                                {
                                                                                    "Worker Number": 0,
                                                                                    "Actual Startup Time": 22.196,
                                                                                    "Actual Total Time": 325.26,
                                                                                    "Actual Rows": 28142,
                                                                                    "Actual Loops": 1
                                                                                },
                                                                                {
                                                                                    "Worker Number": 1,
                                                                                    "Actual Startup Time": 22.206,
                                                                                    "Actual Total Time": 321.634,
                                                                                    "Actual Rows": 28073,
                                                                                    "Actual Loops": 1
                                                                                },
                                                                                {
                                                                                    "Worker Number": 2,
                                                                                    "Actual Startup Time": 22.174,
                                                                                    "Actual Total Time": 313.206,
                                                                                    "Actual Rows": 25008,
                                                                                    "Actual Loops": 1
                                                                                }
                                                                            ],
                                                                            "Plans": [
                                                                                {
                                                                                    "Node Type": "Hash Join",
                                                                                    "Parent Relationship": "Outer",
                                                                                    "Parallel Aware": true,
                                                                                    "Join Type": "Inner",
                                                                                    "Startup Cost": 4773.03,
                                                                                    "Total Cost": 34188.97,
                                                                                    "Plan Rows": 24408,
                                                                                    "Plan Width": 4,
                                                                                    "Actual Startup Time": 23.441,
                                                                                    "Actual Total Time": 193.065,
                                                                                    "Actual Rows": 26249,
                                                                                    "Actual Loops": 4,
                                                                                    "Output": [
                                                                                        "mc.movie_id"
                                                                                    ],
                                                                                    "Inner Unique": true,
                                                                                    "Hash Cond": "(mc.company_id = cn.id)",
                                                                                    "Workers": [
                                                                                        {
                                                                                            "Worker Number": 0,
                                                                                            "Actual Startup Time": 22.044,
                                                                                            "Actual Total Time": 197.434,
                                                                                            "Actual Rows": 28142,
                                                                                            "Actual Loops": 1
                                                                                        },
                                                                                        {
                                                                                            "Worker Number": 1,
                                                                                            "Actual Startup Time": 22.06,
                                                                                            "Actual Total Time": 192.9,
                                                                                            "Actual Rows": 28073,
                                                                                            "Actual Loops": 1
                                                                                        },
                                                                                        {
                                                                                            "Worker Number": 2,
                                                                                            "Actual Startup Time": 22.0,
                                                                                            "Actual Total Time": 186.018,
                                                                                            "Actual Rows": 25008,
                                                                                            "Actual Loops": 1
                                                                                        }
                                                                                    ],
                                                                                    "Plans": [
                                                                                        {
                                                                                            "Node Type": "Seq Scan",
                                                                                            "Parent Relationship": "Outer",
                                                                                            "Parallel Aware": true,
                                                                                            "Relation Name": "movie_companies",
                                                                                            "Schema": "public",
                                                                                            "Alias": "mc",
                                                                                            "Startup Cost": 0.0,
                                                                                            "Total Cost": 27206.55,
                                                                                            "Plan Rows": 841655,
                                                                                            "Plan Width": 8,
                                                                                            "Actual Startup Time": 0.03,
                                                                                            "Actual Total Time": 76.605,
                                                                                            "Actual Rows": 652282,
                                                                                            "Actual Loops": 4,
                                                                                            "Output": [
                                                                                                "mc.id",
                                                                                                "mc.movie_id",
                                                                                                "mc.company_id",
                                                                                                "mc.company_type_id",
                                                                                                "mc.note"
                                                                                            ],
                                                                                            "Workers": [
                                                                                                {
                                                                                                    "Worker Number": 0,
                                                                                                    "Actual Startup Time": 0.035,
                                                                                                    "Actual Total Time": 79.928,
                                                                                                    "Actual Rows": 751376,
                                                                                                    "Actual Loops": 1
                                                                                                },
                                                                                                {
                                                                                                    "Worker Number": 1,
                                                                                                    "Actual Startup Time": 0.048,
                                                                                                    "Actual Total Time": 77.634,
                                                                                                    "Actual Rows": 710047,
                                                                                                    "Actual Loops": 1
                                                                                                },
                                                                                                {
                                                                                                    "Worker Number": 2,
                                                                                                    "Actual Startup Time": 0.029,
                                                                                                    "Actual Total Time": 74.127,
                                                                                                    "Actual Rows": 597156,
                                                                                                    "Actual Loops": 1
                                                                                                }
                                                                                            ]
                                                                                        },
                                                                                        {
                                                                                            "Node Type": "Hash",
                                                                                            "Parent Relationship": "Inner",
                                                                                            "Parallel Aware": true,
                                                                                            "Startup Cost": 4722.92,
                                                                                            "Total Cost": 4722.92,
                                                                                            "Plan Rows": 4009,
                                                                                            "Plan Width": 4,
                                                                                            "Actual Startup Time": 23.178,
                                                                                            "Actual Total Time": 23.18,
                                                                                            "Actual Rows": 1688,
                                                                                            "Actual Loops": 4,
                                                                                            "Output": [
                                                                                                "cn.id"
                                                                                            ],
                                                                                            "Hash Buckets": 8192,
                                                                                            "Original Hash Buckets": 8192,
                                                                                            "Hash Batches": 1,
                                                                                            "Original Hash Batches": 1,
                                                                                            "Peak Memory Usage": 352,
                                                                                            "Workers": [
                                                                                                {
                                                                                                    "Worker Number": 0,
                                                                                                    "Actual Startup Time": 21.804,
                                                                                                    "Actual Total Time": 21.806,
                                                                                                    "Actual Rows": 1558,
                                                                                                    "Actual Loops": 1
                                                                                                },
                                                                                                {
                                                                                                    "Worker Number": 1,
                                                                                                    "Actual Startup Time": 21.798,
                                                                                                    "Actual Total Time": 21.8,
                                                                                                    "Actual Rows": 1527,
                                                                                                    "Actual Loops": 1
                                                                                                },
                                                                                                {
                                                                                                    "Worker Number": 2,
                                                                                                    "Actual Startup Time": 21.781,
                                                                                                    "Actual Total Time": 21.782,
                                                                                                    "Actual Rows": 1499,
                                                                                                    "Actual Loops": 1
                                                                                                }
                                                                                            ],
                                                                                            "Plans": [
                                                                                                {
                                                                                                    "Node Type": "Seq Scan",
                                                                                                    "Parent Relationship": "Outer",
                                                                                                    "Parallel Aware": true,
                                                                                                    "Relation Name": "company_name",
                                                                                                    "Schema": "public",
                                                                                                    "Alias": "cn",
                                                                                                    "Startup Cost": 0.0,
                                                                                                    "Total Cost": 4722.92,
                                                                                                    "Plan Rows": 4009,
                                                                                                    "Plan Width": 4,
                                                                                                    "Actual Startup Time": 0.065,
                                                                                                    "Actual Total Time": 21.603,
                                                                                                    "Actual Rows": 1688,
                                                                                                    "Actual Loops": 4,
                                                                                                    "Output": [
                                                                                                        "cn.id"
                                                                                                    ],
                                                                                                    "Filter": "((cn.country_code)::text = '[jp]'::text)",
                                                                                                    "Rows Removed by Filter": 57061,
                                                                                                    "Workers": [
                                                                                                        {
                                                                                                            "Worker Number": 0,
                                                                                                            "Actual Startup Time": 0.071,
                                                                                                            "Actual Total Time": 20.35,
                                                                                                            "Actual Rows": 1558,
                                                                                                            "Actual Loops": 1
                                                                                                        },
                                                                                                        {
                                                                                                            "Worker Number": 1,
                                                                                                            "Actual Startup Time": 0.074,
                                                                                                            "Actual Total Time": 20.209,
                                                                                                            "Actual Rows": 1527,
                                                                                                            "Actual Loops": 1
                                                                                                        },
                                                                                                        {
                                                                                                            "Worker Number": 2,
                                                                                                            "Actual Startup Time": 0.07,
                                                                                                            "Actual Total Time": 20.364,
                                                                                                            "Actual Rows": 1499,
                                                                                                            "Actual Loops": 1
                                                                                                        }
                                                                                                    ]
                                                                                                }
                                                                                            ]
                                                                                        }
                                                                                    ]
                                                                                },
                                                                                {
                                                                                    "Node Type": "Index Scan",
                                                                                    "Parent Relationship": "Inner",
                                                                                    "Parallel Aware": false,
                                                                                    "Scan Direction": "Forward",
                                                                                    "Index Name": "title_pkey",
                                                                                    "Relation Name": "title",
                                                                                    "Schema": "public",
                                                                                    "Alias": "t",
                                                                                    "Startup Cost": 0.43,
                                                                                    "Total Cost": 0.52,
                                                                                    "Plan Rows": 1,
                                                                                    "Plan Width": 21,
                                                                                    "Actual Startup Time": 0.004,
                                                                                    "Actual Total Time": 0.004,
                                                                                    "Actual Rows": 1,
                                                                                    "Actual Loops": 104995,
                                                                                    "Output": [
                                                                                        "t.id",
                                                                                        "t.title",
                                                                                        "t.imdb_index",
                                                                                        "t.kind_id",
                                                                                        "t.production_year",
                                                                                        "t.imdb_id",
                                                                                        "t.phonetic_code",
                                                                                        "t.episode_of_id",
                                                                                        "t.season_nr",
                                                                                        "t.episode_nr",
                                                                                        "t.series_years",
                                                                                        "t.md5sum"
                                                                                    ],
                                                                                    "Index Cond": "(t.id = mc.movie_id)",
                                                                                    "Rows Removed by Index Recheck": 0,
                                                                                    "Workers": [
                                                                                        {
                                                                                            "Worker Number": 0,
                                                                                            "Actual Startup Time": 0.004,
                                                                                            "Actual Total Time": 0.004,
                                                                                            "Actual Rows": 1,
                                                                                            "Actual Loops": 28142
                                                                                        },
                                                                                        {
                                                                                            "Worker Number": 1,
                                                                                            "Actual Startup Time": 0.004,
                                                                                            "Actual Total Time": 0.004,
                                                                                            "Actual Rows": 1,
                                                                                            "Actual Loops": 28073
                                                                                        },
                                                                                        {
                                                                                            "Worker Number": 2,
                                                                                            "Actual Startup Time": 0.005,
                                                                                            "Actual Total Time": 0.005,
                                                                                            "Actual Rows": 1,
                                                                                            "Actual Loops": 25008
                                                                                        }
                                                                                    ]
                                                                                }
                                                                            ]
                                                                        },
                                                                        {
                                                                            "Node Type": "Index Scan",
                                                                            "Parent Relationship": "Inner",
                                                                            "Parallel Aware": false,
                                                                            "Scan Direction": "Forward",
                                                                            "Index Name": "movie_id_cast_info",
                                                                            "Relation Name": "cast_info",
                                                                            "Schema": "public",
                                                                            "Alias": "ci",
                                                                            "Startup Cost": 0.56,
                                                                            "Total Cost": 1.78,
                                                                            "Plan Rows": 35,
                                                                            "Plan Width": 12,
                                                                            "Actual Startup Time": 0.006,
                                                                            "Actual Total Time": 0.04,
                                                                            "Actual Rows": 25,
                                                                            "Actual Loops": 104995,
                                                                            "Output": [
                                                                                "ci.id",
                                                                                "ci.person_id",
                                                                                "ci.movie_id",
                                                                                "ci.person_role_id",
                                                                                "ci.note",
                                                                                "ci.nr_order",
                                                                                "ci.role_id"
                                                                            ],
                                                                            "Index Cond": "(ci.movie_id = t.id)",
                                                                            "Rows Removed by Index Recheck": 0,
                                                                            "Workers": [
                                                                                {
                                                                                    "Worker Number": 0,
                                                                                    "Actual Startup Time": 0.006,
                                                                                    "Actual Total Time": 0.037,
                                                                                    "Actual Rows": 25,
                                                                                    "Actual Loops": 28142
                                                                                },
                                                                                {
                                                                                    "Worker Number": 1,
                                                                                    "Actual Startup Time": 0.006,
                                                                                    "Actual Total Time": 0.037,
                                                                                    "Actual Rows": 25,
                                                                                    "Actual Loops": 28073
                                                                                },
                                                                                {
                                                                                    "Worker Number": 2,
                                                                                    "Actual Startup Time": 0.007,
                                                                                    "Actual Total Time": 0.042,
                                                                                    "Actual Rows": 26,
                                                                                    "Actual Loops": 25008
                                                                                }
                                                                            ]
                                                                        }
                                                                    ]
                                                                },
                                                                {
                                                                    "Node Type": "Hash",
                                                                    "Parent Relationship": "Inner",
                                                                    "Parallel Aware": false,
                                                                    "Startup Cost": 1.15,
                                                                    "Total Cost": 1.15,
                                                                    "Plan Rows": 1,
                                                                    "Plan Width": 4,
                                                                    "Actual Startup Time": 0.12,
                                                                    "Actual Total Time": 0.121,
                                                                    "Actual Rows": 1,
                                                                    "Actual Loops": 4,
                                                                    "Output": [
                                                                        "rt.id"
                                                                    ],
                                                                    "Hash Buckets": 1024,
                                                                    "Original Hash Buckets": 1024,
                                                                    "Hash Batches": 1,
                                                                    "Original Hash Batches": 1,
                                                                    "Peak Memory Usage": 9,
                                                                    "Workers": [
                                                                        {
                                                                            "Worker Number": 0,
                                                                            "Actual Startup Time": 0.133,
                                                                            "Actual Total Time": 0.133,
                                                                            "Actual Rows": 1,
                                                                            "Actual Loops": 1
                                                                        },
                                                                        {
                                                                            "Worker Number": 1,
                                                                            "Actual Startup Time": 0.151,
                                                                            "Actual Total Time": 0.152,
                                                                            "Actual Rows": 1,
                                                                            "Actual Loops": 1
                                                                        },
                                                                        {
                                                                            "Worker Number": 2,
                                                                            "Actual Startup Time": 0.136,
                                                                            "Actual Total Time": 0.137,
                                                                            "Actual Rows": 1,
                                                                            "Actual Loops": 1
                                                                        }
                                                                    ],
                                                                    "Plans": [
                                                                        {
                                                                            "Node Type": "Seq Scan",
                                                                            "Parent Relationship": "Outer",
                                                                            "Parallel Aware": false,
                                                                            "Relation Name": "role_type",
                                                                            "Schema": "public",
                                                                            "Alias": "rt",
                                                                            "Startup Cost": 0.0,
                                                                            "Total Cost": 1.15,
                                                                            "Plan Rows": 1,
                                                                            "Plan Width": 4,
                                                                            "Actual Startup Time": 0.091,
                                                                            "Actual Total Time": 0.095,
                                                                            "Actual Rows": 1,
                                                                            "Actual Loops": 4,
                                                                            "Output": [
                                                                                "rt.id"
                                                                            ],
                                                                            "Filter": "((rt.role)::text = 'miscellaneous crew'::text)",
                                                                            "Rows Removed by Filter": 11,
                                                                            "Workers": [
                                                                                {
                                                                                    "Worker Number": 0,
                                                                                    "Actual Startup Time": 0.104,
                                                                                    "Actual Total Time": 0.107,
                                                                                    "Actual Rows": 1,
                                                                                    "Actual Loops": 1
                                                                                },
                                                                                {
                                                                                    "Worker Number": 1,
                                                                                    "Actual Startup Time": 0.119,
                                                                                    "Actual Total Time": 0.122,
                                                                                    "Actual Rows": 1,
                                                                                    "Actual Loops": 1
                                                                                },
                                                                                {
                                                                                    "Worker Number": 2,
                                                                                    "Actual Startup Time": 0.105,
                                                                                    "Actual Total Time": 0.108,
                                                                                    "Actual Rows": 1,
                                                                                    "Actual Loops": 1
                                                                                }
                                                                            ]
                                                                        }
                                                                    ]
                                                                }
                                                            ]
                                                        },
                                                        {
                                                            "Node Type": "Index Only Scan",
                                                            "Parent Relationship": "Inner",
                                                            "Parallel Aware": false,
                                                            "Scan Direction": "Forward",
                                                            "Index Name": "name_pkey",
                                                            "Relation Name": "name",
                                                            "Schema": "public",
                                                            "Alias": "n1",
                                                            "Startup Cost": 0.43,
                                                            "Total Cost": 0.46,
                                                            "Plan Rows": 1,
                                                            "Plan Width": 4,
                                                            "Actual Startup Time": 0.005,
                                                            "Actual Total Time": 0.005,
                                                            "Actual Rows": 1,
                                                            "Actual Loops": 529207,
                                                            "Output": [
                                                                "n1.id"
                                                            ],
                                                            "Index Cond": "(n1.id = ci.person_id)",
                                                            "Rows Removed by Index Recheck": 0,
                                                            "Heap Fetches": 529207,
                                                            "Workers": [
                                                                {
                                                                    "Worker Number": 0,
                                                                    "Actual Startup Time": 0.004,
                                                                    "Actual Total Time": 0.004,
                                                                    "Actual Rows": 1,
                                                                    "Actual Loops": 142005
                                                                },
                                                                {
                                                                    "Worker Number": 1,
                                                                    "Actual Startup Time": 0.004,
                                                                    "Actual Total Time": 0.004,
                                                                    "Actual Rows": 1,
                                                                    "Actual Loops": 136001
                                                                },
                                                                {
                                                                    "Worker Number": 2,
                                                                    "Actual Startup Time": 0.005,
                                                                    "Actual Total Time": 0.005,
                                                                    "Actual Rows": 1,
                                                                    "Actual Loops": 132292
                                                                }
                                                            ]
                                                        }
                                                    ]
                                                }
                                            ]
                                        }
                                    ]
                                }
                            ]
                        }
                    ]
                }
            ]
        },
        "Planning Time": 446.894,
        "Triggers": [],
        "Execution Time": 2542.551
    }
]