[
  {
    "Plan": {
      "Node Type": "Aggregate",
      "Strategy": "Plain",
      "Partial Mode": "Finalize",
      "Parallel Aware": false,
      "Startup Cost": 347794.78,
      "Total Cost": 347794.79,
      "Plan Rows": 1,
      "Plan Width": 8,
      "Actual Startup Time": 707.067,
      "Actual Total Time": 765.113,
      "Actual Rows": 1,
      "Actual Loops": 1,
      "Plans": [
        {
          "Node Type": "Gather",
          "Parent Relationship": "Outer",
          "Parallel Aware": false,
          "Startup Cost": 347794.16,
          "Total Cost": 347794.77,
          "Plan Rows": 6,
          "Plan Width": 8,
          "Actual Startup Time": 706.899,
          "Actual Total Time": 765.1,
          "Actual Rows": 7,
          "Actual Loops": 1,
          "Workers Planned": 6,
          "Workers Launched": 6,
          "Single Copy": false,
          "Plans": [
            {
              "Node Type": "Aggregate",
              "Strategy": "Plain",
              "Partial Mode": "Partial",
              "Parent Relationship": "Outer",
              "Parallel Aware": false,
              "Startup Cost": 346794.16,
              "Total Cost": 346794.17,
              "Plan Rows": 1,
              "Plan Width": 8,
              "Actual Startup Time": 698.375,
              "Actual Total Time": 698.376,
              "Actual Rows": 1,
              "Actual Loops": 7,
              "Plans": [
                {
                  "Node Type": "Seq Scan",
                  "Parent Relationship": "Outer",
                  "Parallel Aware": true,
                  "Relation Name": "cast_info",
                  "Alias": "ci",
                  "Startup Cost": 0.0,
                  "Total Cost": 343257.03,
                  "Plan Rows": 1414852,
                  "Plan Width": 0,
                  "Actual Startup Time": 333.346,
                  "Actual Total Time": 633.0,
                  "Actual Rows": 1604510,
                  "Actual Loops": 7,
                  "Filter": "((person_id > 1733672) AND (role_id > 2))",
                  "Rows Removed by Filter": 3573253
                }
              ]
            }
          ]
        }
      ]
    },
    "Planning Time": 0.194,
    "Triggers": [],
    "Execution Time": 765.182
  }
]