[
    {
        "Bao": {
            "Bao prediction": "NaN",
            "Bao recommended hint": "(no hint)"
        }
    },
    {
        "Plan": {
            "Node Type": "Aggregate",
            "Strategy": "Plain",
            "Partial Mode": "Finalize",
            "Parallel Aware": false,
            "Startup Cost": 59963.11,
            "Total Cost": 59963.12,
            "Plan Rows": 1,
            "Plan Width": 8,
            "Actual Startup Time": 96.528,
            "Actual Total Time": 104.357,
            "Actual Rows": 1,
            "Actual Loops": 1,
            "Output": [
                "count(*)"
            ],
            "Plans": [
                {
                    "Node Type": "Gather",
                    "Parent Relationship": "Outer",
                    "Parallel Aware": false,
                    "Startup Cost": 59962.69,
                    "Total Cost": 59963.1,
                    "Plan Rows": 4,
                    "Plan Width": 8,
                    "Actual Startup Time": 96.414,
                    "Actual Total Time": 104.349,
                    "Actual Rows": 5,
                    "Actual Loops": 1,
                    "Output": [
                        "(PARTIAL count(*))"
                    ],
                    "Workers Planned": 4,
                    "Workers Launched": 4,
                    "Single Copy": false,
                    "Plans": [
                        {
                            "Node Type": "Aggregate",
                            "Strategy": "Plain",
                            "Partial Mode": "Partial",
                            "Parent Relationship": "Outer",
                            "Parallel Aware": false,
                            "Startup Cost": 58962.69,
                            "Total Cost": 58962.7,
                            "Plan Rows": 1,
                            "Plan Width": 8,
                            "Actual Startup Time": 86.844,
                            "Actual Total Time": 86.845,
                            "Actual Rows": 1,
                            "Actual Loops": 5,
                            "Output": [
                                "PARTIAL count(*)"
                            ],
                            "Workers": [
                                {
                                    "Worker Number": 0,
                                    "Actual Startup Time": 84.23,
                                    "Actual Total Time": 84.231,
                                    "Actual Rows": 1,
                                    "Actual Loops": 1
                                },
                                {
                                    "Worker Number": 1,
                                    "Actual Startup Time": 84.27,
                                    "Actual Total Time": 84.271,
                                    "Actual Rows": 1,
                                    "Actual Loops": 1
                                },
                                {
                                    "Worker Number": 2,
                                    "Actual Startup Time": 84.785,
                                    "Actual Total Time": 84.786,
                                    "Actual Rows": 1,
                                    "Actual Loops": 1
                                },
                                {
                                    "Worker Number": 3,
                                    "Actual Startup Time": 85.029,
                                    "Actual Total Time": 85.031,
                                    "Actual Rows": 1,
                                    "Actual Loops": 1
                                }
                            ],
                            "Plans": [
                                {
                                    "Node Type": "Nested Loop",
                                    "Parent Relationship": "Outer",
                                    "Parallel Aware": false,
                                    "Join Type": "Inner",
                                    "Startup Cost": 0.43,
                                    "Total Cost": 58959.06,
                                    "Plan Rows": 1453,
                                    "Plan Width": 0,
                                    "Actual Startup Time": 0.867,
                                    "Actual Total Time": 86.735,
                                    "Actual Rows": 976,
                                    "Actual Loops": 5,
                                    "Inner Unique": false,
                                    "Workers": [
                                        {
                                            "Worker Number": 0,
                                            "Actual Startup Time": 0.356,
                                            "Actual Total Time": 84.134,
                                            "Actual Rows": 804,
                                            "Actual Loops": 1
                                        },
                                        {
                                            "Worker Number": 1,
                                            "Actual Startup Time": 0.315,
                                            "Actual Total Time": 84.148,
                                            "Actual Rows": 738,
                                            "Actual Loops": 1
                                        },
                                        {
                                            "Worker Number": 2,
                                            "Actual Startup Time": 1.715,
                                            "Actual Total Time": 84.687,
                                            "Actual Rows": 783,
                                            "Actual Loops": 1
                                        },
                                        {
                                            "Worker Number": 3,
                                            "Actual Startup Time": 1.052,
                                            "Actual Total Time": 84.937,
                                            "Actual Rows": 726,
                                            "Actual Loops": 1
                                        }
                                    ],
                                    "Plans": [
                                        {
                                            "Node Type": "Seq Scan",
                                            "Parent Relationship": "Outer",
                                            "Parallel Aware": true,
                                            "Relation Name": "title",
                                            "Schema": "public",
                                            "Alias": "t",
                                            "Startup Cost": 0.0,
                                            "Total Cost": 45479.21,
                                            "Plan Rows": 2662,
                                            "Plan Width": 4,
                                            "Actual Startup Time": 0.222,
                                            "Actual Total Time": 76.153,
                                            "Actual Rows": 1862,
                                            "Actual Loops": 5,
                                            "Output": [
                                                "t.id",
                                                "t.title",
                                                "t.imdb_index",
                                                "t.kind_id",
                                                "t.production_year",
                                                "t.imdb_id",
                                                "t.phonetic_code",
                                                "t.episode_of_id",
                                                "t.season_nr",
                                                "t.episode_nr",
                                                "t.series_years",
                                                "t.md5sum"
                                            ],
                                            "Filter": "((t.kind_id > 1) AND (t.production_year = 1965))",
                                            "Rows Removed by Filter": 503800,
                                            "Workers": [
                                                {
                                                    "Worker Number": 0,
                                                    "Actual Startup Time": 0.15,
                                                    "Actual Total Time": 72.906,
                                                    "Actual Rows": 1443,
                                                    "Actual Loops": 1
                                                },
                                                {
                                                    "Worker Number": 1,
                                                    "Actual Startup Time": 0.111,
                                                    "Actual Total Time": 72.923,
                                                    "Actual Rows": 1536,
                                                    "Actual Loops": 1
                                                },
                                                {
                                                    "Worker Number": 2,
                                                    "Actual Startup Time": 0.593,
                                                    "Actual Total Time": 73.337,
                                                    "Actual Rows": 1559,
                                                    "Actual Loops": 1
                                                },
                                                {
                                                    "Worker Number": 3,
                                                    "Actual Startup Time": 0.059,
                                                    "Actual Total Time": 74.038,
                                                    "Actual Rows": 1535,
                                                    "Actual Loops": 1
                                                }
                                            ]
                                        },
                                        {
                                            "Node Type": "Index Only Scan",
                                            "Parent Relationship": "Inner",
                                            "Parallel Aware": false,
                                            "Scan Direction": "Forward",
                                            "Index Name": "movie_id_movie_info_idx",
                                            "Relation Name": "movie_info_idx",
                                            "Schema": "public",
                                            "Alias": "mi_idx",
                                            "Startup Cost": 0.43,
                                            "Total Cost": 5.03,
                                            "Plan Rows": 3,
                                            "Plan Width": 4,
                                            "Actual Startup Time": 0.005,
                                            "Actual Total Time": 0.005,
                                            "Actual Rows": 1,
                                            "Actual Loops": 9310,
                                            "Output": [
                                                "mi_idx.movie_id"
                                            ],
                                            "Index Cond": "(mi_idx.movie_id = t.id)",
                                            "Rows Removed by Index Recheck": 0,
                                            "Heap Fetches": 4878,
                                            "Workers": [
                                                {
                                                    "Worker Number": 0,
                                                    "Actual Startup Time": 0.007,
                                                    "Actual Total Time": 0.007,
                                                    "Actual Rows": 1,
                                                    "Actual Loops": 1443
                                                },
                                                {
                                                    "Worker Number": 1,
                                                    "Actual Startup Time": 0.007,
                                                    "Actual Total Time": 0.007,
                                                    "Actual Rows": 0,
                                                    "Actual Loops": 1536
                                                },
                                                {
                                                    "Worker Number": 2,
                                                    "Actual Startup Time": 0.007,
                                                    "Actual Total Time": 0.007,
                                                    "Actual Rows": 1,
                                                    "Actual Loops": 1559
                                                },
                                                {
                                                    "Worker Number": 3,
                                                    "Actual Startup Time": 0.006,
                                                    "Actual Total Time": 0.007,
                                                    "Actual Rows": 0,
                                                    "Actual Loops": 1535
                                                }
                                            ]
                                        }
                                    ]
                                }
                            ]
                        }
                    ]
                }
            ]
        },
        "Planning Time": 205.036,
        "Triggers": [],
        "Execution Time": 104.442
    }
]