{
  "Plan": {
    "Node Type": "Aggregate",
    "Strategy": "Plain",
    "Partial Mode": "Finalize",
    "Parallel Aware": false,
    "Startup Cost": 89996.11,
    "Total Cost": 89996.12,
    "Plan Rows": 1,
    "Plan Width": 8,
    "Actual Startup Time": 220.941,
    "Actual Total Time": 231.45,
    "Actual Rows": 1,
    "Actual Loops": 1,
    "Plans": [
      {
        "Node Type": "Gather",
        "Parent Relationship": "Outer",
        "Parallel Aware": false,
        "Startup Cost": 89996.0,
        "Total Cost": 89996.11,
        "Plan Rows": 1,
        "Plan Width": 8,
        "Actual Startup Time": 220.812,
        "Actual Total Time": 231.444,
        "Actual Rows": 2,
        "Actual Loops": 1,
        "Workers Planned": 1,
        "Workers Launched": 1,
        "Single Copy": false,
        "Plans": [
          {
            "Node Type": "Aggregate",
            "Strategy": "Plain",
            "Partial Mode": "Partial",
            "Parent Relationship": "Outer",
            "Parallel Aware": false,
            "Startup Cost": 88996.0,
            "Total Cost": 88996.01,
            "Plan Rows": 1,
            "Plan Width": 8,
            "Actual Startup Time": 214.849,
            "Actual Total Time": 214.851,
            "Actual Rows": 1,
            "Actual Loops": 2,
            "Plans": [
              {
                "Node Type": "Hash Join",
                "Parent Relationship": "Outer",
                "Parallel Aware": true,
                "Join Type": "Inner",
                "Startup Cost": 65421.96,
                "Total Cost": 88993.82,
                "Plan Rows": 872,
                "Plan Width": 0,
                "Actual Startup Time": 153.294,
                "Actual Total Time": 214.721,
                "Actual Rows": 1571,
                "Actual Loops": 2,
                "Inner Unique": true,
                "Hash Cond": "(mc.movie_id = t.id)",
                "Plans": [
                  {
                    "Node Type": "Bitmap Heap Scan",
                    "Parent Relationship": "Outer",
                    "Parallel Aware": true,
                    "Relation Name": "movie_companies",
                    "Alias": "mc",
                    "Startup Cost": 10724.51,
                    "Total Cost": 33906.15,
                    "Plan Rows": 148652,
                    "Plan Width": 4,
                    "Actual Startup Time": 20.731,
                    "Actual Total Time": 60.288,
                    "Actual Rows": 252732,
                    "Actual Loops": 2,
                    "Recheck Cond": "(company_id > 73942)",
                    "Rows Removed by Index Recheck": 0,
                    "Filter": "(company_type_id > 1)",
                    "Rows Removed by Filter": 0,
                    "Exact Heap Blocks": 4138,
                    "Lossy Heap Blocks": 0,
                    "Plans": [
                      {
                        "Node Type": "Bitmap Index Scan",
                        "Parent Relationship": "Outer",
                        "Parallel Aware": false,
                        "Index Name": "company_id_movie_companies",
                        "Startup Cost": 0.0,
                        "Total Cost": 10661.33,
                        "Plan Rows": 497720,
                        "Plan Width": 0,
                        "Actual Startup Time": 19.665,
                        "Actual Total Time": 19.666,
                        "Actual Rows": 505463,
                        "Actual Loops": 1,
                        "Index Cond": "(company_id > 73942)"
                      }
                    ]
                  },
                  {
                    "Node Type": "Hash",
                    "Parent Relationship": "Inner",
                    "Parallel Aware": true,
                    "Startup Cost": 54588.39,
                    "Total Cost": 54588.39,
                    "Plan Rows": 8725,
                    "Plan Width": 4,
                    "Actual Startup Time": 131.142,
                    "Actual Total Time": 131.142,
                    "Actual Rows": 7385,
                    "Actual Loops": 2,
                    "Hash Buckets": 16384,
                    "Original Hash Buckets": 16384,
                    "Hash Batches": 1,
                    "Original Hash Batches": 1,
                    "Peak Memory Usage": 736,
                    "Plans": [
                      {
                        "Node Type": "Seq Scan",
                        "Parent Relationship": "Outer",
                        "Parallel Aware": true,
                        "Relation Name": "title",
                        "Alias": "t",
                        "Startup Cost": 0.0,
                        "Total Cost": 54588.39,
                        "Plan Rows": 8725,
                        "Plan Width": 4,
                        "Actual Startup Time": 0.06,
                        "Actual Total Time": 128.39,
                        "Actual Rows": 7385,
                        "Actual Loops": 2,
                        "Filter": "(production_year = 1982)",
                        "Rows Removed by Filter": 1256771
                      }
                    ]
                  }
                ]
              }
            ]
          }
        ]
      }
    ]
  },
  "Planning Time": 0.475,
  "Triggers": [],
  "Execution Time": 231.543
}