{
    "Plan": {
        "Node Type": "Aggregate",
        "Strategy": "Plain",
        "Partial Mode": "Simple",
        "Parallel Aware": false,
        "Startup Cost": 40001324087.1,
        "Total Cost": 40001324087.11,
        "Plan Rows": 1,
        "Plan Width": 96,
        "Actual Startup Time": 4117.494,
        "Actual Total Time": 4117.505,
        "Actual Rows": 1,
        "Actual Loops": 1,
        "Output": [
            "min(mi.info)",
            "min(miidx.info)",
            "min(t.title)"
        ],
        "Plans": [
            {
                "Node Type": "Hash Join",
                "Parent Relationship": "Outer",
                "Parallel Aware": false,
                "Join Type": "Inner",
                "Startup Cost": 40001324037.99,
                "Total Cost": 40001324086.96,
                "Plan Rows": 18,
                "Plan Width": 65,
                "Actual Startup Time": 4115.111,
                "Actual Total Time": 4116.999,
                "Actual Rows": 4915,
                "Actual Loops": 1,
                "Output": [
                    "mi.info",
                    "miidx.info",
                    "t.title"
                ],
                "Inner Unique": false,
                "Hash Cond": "(t.id = mi.movie_id)",
                "Plans": [
                    {
                        "Node Type": "Merge Join",
                        "Parent Relationship": "Outer",
                        "Parallel Aware": false,
                        "Join Type": "Inner",
                        "Startup Cost": 40000813099.09,
                        "Total Cost": 40000813136.74,
                        "Plan Rows": 65,
                        "Plan Width": 34,
                        "Actual Startup Time": 2255.207,
                        "Actual Total Time": 2255.498,
                        "Actual Rows": 1695,
                        "Actual Loops": 1,
                        "Output": [
                            "mc.movie_id",
                            "miidx.info",
                            "miidx.movie_id",
                            "t.title",
                            "t.id"
                        ],
                        "Inner Unique": false,
                        "Merge Cond": "(it.id = miidx.info_type_id)",
                        "Plans": [
                            {
                                "Node Type": "Sort",
                                "Parent Relationship": "Outer",
                                "Parallel Aware": false,
                                "Startup Cost": 10000000002.42,
                                "Total Cost": 10000000002.43,
                                "Plan Rows": 1,
                                "Plan Width": 4,
                                "Actual Startup Time": 0.05,
                                "Actual Total Time": 0.052,
                                "Actual Rows": 1,
                                "Actual Loops": 1,
                                "Output": [
                                    "it.id"
                                ],
                                "Sort Key": [
                                    "it.id"
                                ],
                                "Sort Method": "quicksort",
                                "Sort Space Used": 25,
                                "Sort Space Type": "Memory",
                                "Plans": [
                                    {
                                        "Node Type": "Seq Scan",
                                        "Parent Relationship": "Outer",
                                        "Parallel Aware": false,
                                        "Relation Name": "info_type",
                                        "Schema": "public",
                                        "Alias": "it",
                                        "Startup Cost": 10000000000.0,
                                        "Total Cost": 10000000002.41,
                                        "Plan Rows": 1,
                                        "Plan Width": 4,
                                        "Actual Startup Time": 0.031,
                                        "Actual Total Time": 0.033,
                                        "Actual Rows": 1,
                                        "Actual Loops": 1,
                                        "Output": [
                                            "it.id"
                                        ],
                                        "Filter": "((it.info)::text = 'rating'::text)",
                                        "Rows Removed by Filter": 112
                                    }
                                ]
                            },
                            {
                                "Node Type": "Sort",
                                "Parent Relationship": "Inner",
                                "Parallel Aware": false,
                                "Startup Cost": 30000813096.66,
                                "Total Cost": 30000813115.16,
                                "Plan Rows": 7399,
                                "Plan Width": 38,
                                "Actual Startup Time": 2254.848,
                                "Actual Total Time": 2255.052,
                                "Actual Rows": 5085,
                                "Actual Loops": 1,
                                "Output": [
                                    "mc.movie_id",
                                    "miidx.info",
                                    "miidx.movie_id",
                                    "miidx.info_type_id",
                                    "t.title",
                                    "t.id"
                                ],
                                "Sort Key": [
                                    "miidx.info_type_id"
                                ],
                                "Sort Method": "quicksort",
                                "Sort Space Used": 683,
                                "Sort Space Type": "Memory",
                                "Plans": [
                                    {
                                        "Node Type": "Merge Join",
                                        "Parent Relationship": "Outer",
                                        "Parallel Aware": false,
                                        "Join Type": "Inner",
                                        "Startup Cost": 30000812399.18,
                                        "Total Cost": 30000812621.16,
                                        "Plan Rows": 7399,
                                        "Plan Width": 38,
                                        "Actual Startup Time": 2253.03,
                                        "Actual Total Time": 2253.865,
                                        "Actual Rows": 5085,
                                        "Actual Loops": 1,
                                        "Output": [
                                            "mc.movie_id",
                                            "miidx.info",
                                            "miidx.movie_id",
                                            "miidx.info_type_id",
                                            "t.title",
                                            "t.id"
                                        ],
                                        "Inner Unique": false,
                                        "Merge Cond": "(ct.id = mc.company_type_id)",
                                        "Plans": [
                                            {
                                                "Node Type": "Sort",
                                                "Parent Relationship": "Outer",
                                                "Parallel Aware": false,
                                                "Startup Cost": 10000000001.06,
                                                "Total Cost": 10000000001.06,
                                                "Plan Rows": 1,
                                                "Plan Width": 4,
                                                "Actual Startup Time": 0.031,
                                                "Actual Total Time": 0.033,
                                                "Actual Rows": 1,
                                                "Actual Loops": 1,
                                                "Output": [
                                                    "ct.id"
                                                ],
                                                "Sort Key": [
                                                    "ct.id"
                                                ],
                                                "Sort Method": "quicksort",
                                                "Sort Space Used": 25,
                                                "Sort Space Type": "Memory",
                                                "Plans": [
                                                    {
                                                        "Node Type": "Seq Scan",
                                                        "Parent Relationship": "Outer",
                                                        "Parallel Aware": false,
                                                        "Relation Name": "company_type",
                                                        "Schema": "public",
                                                        "Alias": "ct",
                                                        "Startup Cost": 10000000000.0,
                                                        "Total Cost": 10000000001.05,
                                                        "Plan Rows": 1,
                                                        "Plan Width": 4,
                                                        "Actual Startup Time": 0.009,
                                                        "Actual Total Time": 0.01,
                                                        "Actual Rows": 1,
                                                        "Actual Loops": 1,
                                                        "Output": [
                                                            "ct.id"
                                                        ],
                                                        "Filter": "((ct.kind)::text = 'production companies'::text)",
                                                        "Rows Removed by Filter": 3
                                                    }
                                                ]
                                            },
                                            {
                                                "Node Type": "Sort",
                                                "Parent Relationship": "Inner",
                                                "Parallel Aware": false,
                                                "Startup Cost": 20000812398.12,
                                                "Total Cost": 20000812472.11,
                                                "Plan Rows": 29596,
                                                "Plan Width": 42,
                                                "Actual Startup Time": 2252.479,
                                                "Actual Total Time": 2252.941,
                                                "Actual Rows": 9924,
                                                "Actual Loops": 1,
                                                "Output": [
                                                    "mc.movie_id",
                                                    "mc.company_type_id",
                                                    "miidx.info",
                                                    "miidx.movie_id",
                                                    "miidx.info_type_id",
                                                    "t.title",
                                                    "t.id"
                                                ],
                                                "Sort Key": [
                                                    "mc.company_type_id"
                                                ],
                                                "Sort Method": "quicksort",
                                                "Sort Space Used": 1405,
                                                "Sort Space Type": "Memory",
                                                "Plans": [
                                                    {
                                                        "Node Type": "Merge Join",
                                                        "Parent Relationship": "Outer",
                                                        "Parallel Aware": false,
                                                        "Join Type": "Inner",
                                                        "Startup Cost": 20000808868.35,
                                                        "Total Cost": 20000810200.16,
                                                        "Plan Rows": 29596,
                                                        "Plan Width": 42,
                                                        "Actual Startup Time": 2249.092,
                                                        "Actual Total Time": 2250.747,
                                                        "Actual Rows": 9924,
                                                        "Actual Loops": 1,
                                                        "Output": [
                                                            "mc.movie_id",
                                                            "mc.company_type_id",
                                                            "miidx.info",
                                                            "miidx.movie_id",
                                                            "miidx.info_type_id",
                                                            "t.title",
                                                            "t.id"
                                                        ],
                                                        "Inner Unique": false,
                                                        "Merge Cond": "(kt.id = t.kind_id)",
                                                        "Plans": [
                                                            {
                                                                "Node Type": "Sort",
                                                                "Parent Relationship": "Outer",
                                                                "Parallel Aware": false,
                                                                "Startup Cost": 1.1,
                                                                "Total Cost": 1.1,
                                                                "Plan Rows": 1,
                                                                "Plan Width": 4,
                                                                "Actual Startup Time": 0.009,
                                                                "Actual Total Time": 0.01,
                                                                "Actual Rows": 1,
                                                                "Actual Loops": 1,
                                                                "Output": [
                                                                    "kt.id"
                                                                ],
                                                                "Sort Key": [
                                                                    "kt.id"
                                                                ],
                                                                "Sort Method": "quicksort",
                                                                "Sort Space Used": 25,
                                                                "Sort Space Type": "Memory",
                                                                "Plans": [
                                                                    {
                                                                        "Node Type": "Seq Scan",
                                                                        "Parent Relationship": "Outer",
                                                                        "Parallel Aware": false,
                                                                        "Relation Name": "kind_type",
                                                                        "Schema": "public",
                                                                        "Alias": "kt",
                                                                        "Startup Cost": 0.0,
                                                                        "Total Cost": 1.09,
                                                                        "Plan Rows": 1,
                                                                        "Plan Width": 4,
                                                                        "Actual Startup Time": 0.007,
                                                                        "Actual Total Time": 0.007,
                                                                        "Actual Rows": 1,
                                                                        "Actual Loops": 1,
                                                                        "Output": [
                                                                            "kt.id"
                                                                        ],
                                                                        "Filter": "((kt.kind)::text = 'video game'::text)",
                                                                        "Rows Removed by Filter": 6
                                                                    }
                                                                ]
                                                            },
                                                            {
                                                                "Node Type": "Sort",
                                                                "Parent Relationship": "Inner",
                                                                "Parallel Aware": false,
                                                                "Startup Cost": 20000808867.25,
                                                                "Total Cost": 20000809385.17,
                                                                "Plan Rows": 207169,
                                                                "Plan Width": 46,
                                                                "Actual Startup Time": 2236.877,
                                                                "Actual Total Time": 2241.605,
                                                                "Actual Rows": 124673,
                                                                "Actual Loops": 1,
                                                                "Output": [
                                                                    "mc.movie_id",
                                                                    "mc.company_type_id",
                                                                    "miidx.info",
                                                                    "miidx.movie_id",
                                                                    "miidx.info_type_id",
                                                                    "t.title",
                                                                    "t.id",
                                                                    "t.kind_id"
                                                                ],
                                                                "Sort Key": [
                                                                    "t.kind_id"
                                                                ],
                                                                "Sort Method": "quicksort",
                                                                "Sort Space Used": 21802,
                                                                "Sort Space Type": "Memory",
                                                                "Plans": [
                                                                    {
                                                                        "Node Type": "Hash Join",
                                                                        "Parent Relationship": "Outer",
                                                                        "Parallel Aware": false,
                                                                        "Join Type": "Inner",
                                                                        "Startup Cost": 20000726330.06,
                                                                        "Total Cost": 20000790573.76,
                                                                        "Plan Rows": 207169,
                                                                        "Plan Width": 46,
                                                                        "Actual Startup Time": 1848.064,
                                                                        "Actual Total Time": 2201.096,
                                                                        "Actual Rows": 142573,
                                                                        "Actual Loops": 1,
                                                                        "Output": [
                                                                            "mc.movie_id",
                                                                            "mc.company_type_id",
                                                                            "miidx.info",
                                                                            "miidx.movie_id",
                                                                            "miidx.info_type_id",
                                                                            "t.title",
                                                                            "t.id",
                                                                            "t.kind_id"
                                                                        ],
                                                                        "Inner Unique": false,
                                                                        "Hash Cond": "(mc.movie_id = t.id)",
                                                                        "Plans": [
                                                                            {
                                                                                "Node Type": "Hash Join",
                                                                                "Parent Relationship": "Outer",
                                                                                "Parallel Aware": false,
                                                                                "Join Type": "Inner",
                                                                                "Startup Cost": 20000633444.81,
                                                                                "Total Cost": 20000694322.02,
                                                                                "Plan Rows": 207169,
                                                                                "Plan Width": 21,
                                                                                "Actual Startup Time": 902.61,
                                                                                "Actual Total Time": 1217.727,
                                                                                "Actual Rows": 142573,
                                                                                "Actual Loops": 1,
                                                                                "Output": [
                                                                                    "mc.movie_id",
                                                                                    "mc.company_type_id",
                                                                                    "miidx.info",
                                                                                    "miidx.movie_id",
                                                                                    "miidx.info_type_id"
                                                                                ],
                                                                                "Inner Unique": false,
                                                                                "Hash Cond": "(miidx.movie_id = mc.movie_id)",
                                                                                "Plans": [
                                                                                    {
                                                                                        "Node Type": "Index Scan",
                                                                                        "Parent Relationship": "Outer",
                                                                                        "Parallel Aware": false,
                                                                                        "Scan Direction": "Forward",
                                                                                        "Index Name": "movie_id_movie_info_idx",
                                                                                        "Relation Name": "movie_info_idx",
                                                                                        "Schema": "public",
                                                                                        "Alias": "miidx",
                                                                                        "Startup Cost": 10000000000.43,
                                                                                        "Total Cost": 10000053630.81,
                                                                                        "Plan Rows": 1380035,
                                                                                        "Plan Width": 13,
                                                                                        "Actual Startup Time": 0.021,
                                                                                        "Actual Total Time": 166.214,
                                                                                        "Actual Rows": 1380035,
                                                                                        "Actual Loops": 1,
                                                                                        "Output": [
                                                                                            "miidx.id",
                                                                                            "miidx.movie_id",
                                                                                            "miidx.info_type_id",
                                                                                            "miidx.info",
                                                                                            "miidx.note"
                                                                                        ]
                                                                                    },
                                                                                    {
                                                                                        "Node Type": "Hash",
                                                                                        "Parent Relationship": "Inner",
                                                                                        "Parallel Aware": false,
                                                                                        "Startup Cost": 10000632528.96,
                                                                                        "Total Cost": 10000632528.96,
                                                                                        "Plan Rows": 73234,
                                                                                        "Plan Width": 8,
                                                                                        "Actual Startup Time": 902.226,
                                                                                        "Actual Total Time": 902.229,
                                                                                        "Actual Rows": 104995,
                                                                                        "Actual Loops": 1,
                                                                                        "Output": [
                                                                                            "mc.movie_id",
                                                                                            "mc.company_type_id"
                                                                                        ],
                                                                                        "Hash Buckets": 131072,
                                                                                        "Original Hash Buckets": 131072,
                                                                                        "Hash Batches": 1,
                                                                                        "Original Hash Batches": 1,
                                                                                        "Peak Memory Usage": 5126,
                                                                                        "Plans": [
                                                                                            {
                                                                                                "Node Type": "Hash Join",
                                                                                                "Parent Relationship": "Outer",
                                                                                                "Parallel Aware": false,
                                                                                                "Join Type": "Inner",
                                                                                                "Startup Cost": 10000117444.48,
                                                                                                "Total Cost": 10000632528.96,
                                                                                                "Plan Rows": 73234,
                                                                                                "Plan Width": 8,
                                                                                                "Actual Startup Time": 842.427,
                                                                                                "Actual Total Time": 888.946,
                                                                                                "Actual Rows": 104995,
                                                                                                "Actual Loops": 1,
                                                                                                "Output": [
                                                                                                    "mc.movie_id",
                                                                                                    "mc.company_type_id"
                                                                                                ],
                                                                                                "Inner Unique": false,
                                                                                                "Hash Cond": "(cn.id = mc.company_id)",
                                                                                                "Plans": [
                                                                                                    {
                                                                                                        "Node Type": "Seq Scan",
                                                                                                        "Parent Relationship": "Outer",
                                                                                                        "Parallel Aware": false,
                                                                                                        "Relation Name": "company_name",
                                                                                                        "Schema": "public",
                                                                                                        "Alias": "cn",
                                                                                                        "Startup Cost": 10000000000.0,
                                                                                                        "Total Cost": 10000005932.46,
                                                                                                        "Plan Rows": 6596,
                                                                                                        "Plan Width": 4,
                                                                                                        "Actual Startup Time": 0.021,
                                                                                                        "Actual Total Time": 22.719,
                                                                                                        "Actual Rows": 6752,
                                                                                                        "Actual Loops": 1,
                                                                                                        "Output": [
                                                                                                            "cn.id",
                                                                                                            "cn.name",
                                                                                                            "cn.country_code",
                                                                                                            "cn.imdb_id",
                                                                                                            "cn.name_pcode_nf",
                                                                                                            "cn.name_pcode_sf",
                                                                                                            "cn.md5sum"
                                                                                                        ],
                                                                                                        "Filter": "((cn.country_code)::text = '[jp]'::text)",
                                                                                                        "Rows Removed by Filter": 228245
                                                                                                    },
                                                                                                    {
                                                                                                        "Node Type": "Hash",
                                                                                                        "Parent Relationship": "Inner",
                                                                                                        "Parallel Aware": false,
                                                                                                        "Startup Cost": 84830.36,
                                                                                                        "Total Cost": 84830.36,
                                                                                                        "Plan Rows": 2609129,
                                                                                                        "Plan Width": 12,
                                                                                                        "Actual Startup Time": 837.702,
                                                                                                        "Actual Total Time": 837.702,
                                                                                                        "Actual Rows": 2609129,
                                                                                                        "Actual Loops": 1,
                                                                                                        "Output": [
                                                                                                            "mc.movie_id",
                                                                                                            "mc.company_id",
                                                                                                            "mc.company_type_id"
                                                                                                        ],
                                                                                                        "Hash Buckets": 4194304,
                                                                                                        "Original Hash Buckets": 4194304,
                                                                                                        "Hash Batches": 1,
                                                                                                        "Original Hash Batches": 1,
                                                                                                        "Peak Memory Usage": 144880,
                                                                                                        "Plans": [
                                                                                                            {
                                                                                                                "Node Type": "Index Scan",
                                                                                                                "Parent Relationship": "Outer",
                                                                                                                "Parallel Aware": false,
                                                                                                                "Scan Direction": "Forward",
                                                                                                                "Index Name": "company_type_id_movie_companies",
                                                                                                                "Relation Name": "movie_companies",
                                                                                                                "Schema": "public",
                                                                                                                "Alias": "mc",
                                                                                                                "Startup Cost": 0.43,
                                                                                                                "Total Cost": 84830.36,
                                                                                                                "Plan Rows": 2609129,
                                                                                                                "Plan Width": 12,
                                                                                                                "Actual Startup Time": 0.033,
                                                                                                                "Actual Total Time": 466.988,
                                                                                                                "Actual Rows": 2609129,
                                                                                                                "Actual Loops": 1,
                                                                                                                "Output": [
                                                                                                                    "mc.movie_id",
                                                                                                                    "mc.company_id",
                                                                                                                    "mc.company_type_id"
                                                                                                                ]
                                                                                                            }
                                                                                                        ]
                                                                                                    }
                                                                                                ]
                                                                                            }
                                                                                        ]
                                                                                    }
                                                                                ]
                                                                            },
                                                                            {
                                                                                "Node Type": "Hash",
                                                                                "Parent Relationship": "Inner",
                                                                                "Parallel Aware": false,
                                                                                "Startup Cost": 61281.22,
                                                                                "Total Cost": 61281.22,
                                                                                "Plan Rows": 2528322,
                                                                                "Plan Width": 25,
                                                                                "Actual Startup Time": 941.005,
                                                                                "Actual Total Time": 941.006,
                                                                                "Actual Rows": 2528312,
                                                                                "Actual Loops": 1,
                                                                                "Output": [
                                                                                    "t.title",
                                                                                    "t.id",
                                                                                    "t.kind_id"
                                                                                ],
                                                                                "Hash Buckets": 4194304,
                                                                                "Original Hash Buckets": 4194304,
                                                                                "Hash Batches": 1,
                                                                                "Original Hash Batches": 1,
                                                                                "Peak Memory Usage": 178513,
                                                                                "Plans": [
                                                                                    {
                                                                                        "Node Type": "Seq Scan",
                                                                                        "Parent Relationship": "Outer",
                                                                                        "Parallel Aware": false,
                                                                                        "Relation Name": "title",
                                                                                        "Schema": "public",
                                                                                        "Alias": "t",
                                                                                        "Startup Cost": 0.0,
                                                                                        "Total Cost": 61281.22,
                                                                                        "Plan Rows": 2528322,
                                                                                        "Plan Width": 25,
                                                                                        "Actual Startup Time": 0.017,
                                                                                        "Actual Total Time": 291.204,
                                                                                        "Actual Rows": 2528312,
                                                                                        "Actual Loops": 1,
                                                                                        "Output": [
                                                                                            "t.title",
                                                                                            "t.id",
                                                                                            "t.kind_id"
                                                                                        ]
                                                                                    }
                                                                                ]
                                                                            }
                                                                        ]
                                                                    }
                                                                ]
                                                            }
                                                        ]
                                                    }
                                                ]
                                            }
                                        ]
                                    }
                                ]
                            }
                        ]
                    },
                    {
                        "Node Type": "Hash",
                        "Parent Relationship": "Inner",
                        "Parallel Aware": false,
                        "Startup Cost": 509306.7,
                        "Total Cost": 509306.7,
                        "Plan Rows": 130576,
                        "Plan Width": 47,
                        "Actual Startup Time": 1859.704,
                        "Actual Total Time": 1859.706,
                        "Actual Rows": 3036719,
                        "Actual Loops": 1,
                        "Output": [
                            "mi.info",
                            "mi.movie_id"
                        ],
                        "Hash Buckets": 4194304,
                        "Original Hash Buckets": 131072,
                        "Hash Batches": 1,
                        "Original Hash Batches": 1,
                        "Peak Memory Usage": 204107,
                        "Plans": [
                            {
                                "Node Type": "Nested Loop",
                                "Parent Relationship": "Outer",
                                "Parallel Aware": false,
                                "Join Type": "Inner",
                                "Startup Cost": 0.58,
                                "Total Cost": 509306.7,
                                "Plan Rows": 130576,
                                "Plan Width": 47,
                                "Actual Startup Time": 0.178,
                                "Actual Total Time": 1102.153,
                                "Actual Rows": 3036719,
                                "Actual Loops": 1,
                                "Output": [
                                    "mi.info",
                                    "mi.movie_id"
                                ],
                                "Inner Unique": false,
                                "Plans": [
                                    {
                                        "Node Type": "Index Scan",
                                        "Parent Relationship": "Outer",
                                        "Parallel Aware": false,
                                        "Scan Direction": "Forward",
                                        "Index Name": "info_type_pkey",
                                        "Relation Name": "info_type",
                                        "Schema": "public",
                                        "Alias": "it2",
                                        "Startup Cost": 0.14,
                                        "Total Cost": 14.12,
                                        "Plan Rows": 1,
                                        "Plan Width": 4,
                                        "Actual Startup Time": 0.083,
                                        "Actual Total Time": 0.103,
                                        "Actual Rows": 1,
                                        "Actual Loops": 1,
                                        "Output": [
                                            "it2.id",
                                            "it2.info"
                                        ],
                                        "Filter": "((it2.info)::text = 'release dates'::text)",
                                        "Rows Removed by Filter": 112
                                    },
                                    {
                                        "Node Type": "Index Scan",
                                        "Parent Relationship": "Inner",
                                        "Parallel Aware": false,
                                        "Scan Direction": "Forward",
                                        "Index Name": "info_type_id_movie_info",
                                        "Relation Name": "movie_info",
                                        "Schema": "public",
                                        "Alias": "mi",
                                        "Startup Cost": 0.43,
                                        "Total Cost": 507184.71,
                                        "Plan Rows": 210787,
                                        "Plan Width": 51,
                                        "Actual Startup Time": 0.087,
                                        "Actual Total Time": 651.576,
                                        "Actual Rows": 3036719,
                                        "Actual Loops": 1,
                                        "Output": [
                                            "mi.id",
                                            "mi.movie_id",
                                            "mi.info_type_id",
                                            "mi.info",
                                            "mi.note"
                                        ],
                                        "Index Cond": "(mi.info_type_id = it2.id)",
                                        "Rows Removed by Index Recheck": 0
                                    }
                                ]
                            }
                        ]
                    }
                ]
            }
        ]
    },
    "Planning Time": 9.509,
    "Triggers": [],
    "Execution Time": 4121.677
}