{
  "Plan": {
    "Node Type": "Aggregate",
    "Strategy": "Plain",
    "Partial Mode": "Finalize",
    "Parallel Aware": false,
    "Startup Cost": 737745.44,
    "Total Cost": 737745.45,
    "Plan Rows": 1,
    "Plan Width": 64,
    "Actual Startup Time": 2212.794,
    "Actual Total Time": 2276.548,
    "Actual Rows": 1,
    "Actual Loops": 1,
    "Plans": [
      {
        "Node Type": "Gather",
        "Parent Relationship": "Outer",
        "Parallel Aware": false,
        "Startup Cost": 737745.33,
        "Total Cost": 737745.44,
        "Plan Rows": 1,
        "Plan Width": 64,
        "Actual Startup Time": 2212.489,
        "Actual Total Time": 2276.533,
        "Actual Rows": 2,
        "Actual Loops": 1,
        "Workers Planned": 1,
        "Workers Launched": 1,
        "Single Copy": false,
        "Plans": [
          {
            "Node Type": "Aggregate",
            "Strategy": "Plain",
            "Partial Mode": "Partial",
            "Parent Relationship": "Outer",
            "Parallel Aware": false,
            "Startup Cost": 736745.33,
            "Total Cost": 736745.34,
            "Plan Rows": 1,
            "Plan Width": 64,
            "Actual Startup Time": 2205.185,
            "Actual Total Time": 2205.202,
            "Actual Rows": 1,
            "Actual Loops": 2,
            "Plans": [
              {
                "Node Type": "Hash Join",
                "Parent Relationship": "Outer",
                "Parallel Aware": true,
                "Join Type": "Inner",
                "Startup Cost": 672589.2,
                "Total Cost": 736745.32,
                "Plan Rows": 2,
                "Plan Width": 33,
                "Actual Startup Time": 1980.765,
                "Actual Total Time": 2205.161,
                "Actual Rows": 52,
                "Actual Loops": 2,
                "Inner Unique": false,
                "Hash Cond": "(chn.id = ci.person_role_id)",
                "Plans": [
                  {
                    "Node Type": "Seq Scan",
                    "Parent Relationship": "Outer",
                    "Parallel Aware": true,
                    "Relation Name": "char_name",
                    "Alias": "chn",
                    "Startup Cost": 0.0,
                    "Total Cost": 54920.07,
                    "Plan Rows": 1847207,
                    "Plan Width": 20,
                    "Actual Startup Time": 0.007,
                    "Actual Total Time": 130.93,
                    "Actual Rows": 1570170,
                    "Actual Loops": 2
                  },
                  {
                    "Node Type": "Hash",
                    "Parent Relationship": "Inner",
                    "Parallel Aware": true,
                    "Startup Cost": 672589.18,
                    "Total Cost": 672589.18,
                    "Plan Rows": 2,
                    "Plan Width": 21,
                    "Actual Startup Time": 1979.493,
                    "Actual Total Time": 1979.508,
                    "Actual Rows": 56,
                    "Actual Loops": 2,
                    "Hash Buckets": 1024,
                    "Original Hash Buckets": 1024,
                    "Hash Batches": 1,
                    "Original Hash Batches": 1,
                    "Peak Memory Usage": 72,
                    "Plans": [
                      {
                        "Node Type": "Hash Join",
                        "Parent Relationship": "Outer",
                        "Parallel Aware": false,
                        "Join Type": "Inner",
                        "Startup Cost": 99929.38,
                        "Total Cost": 672589.18,
                        "Plan Rows": 2,
                        "Plan Width": 21,
                        "Actual Startup Time": 423.09,
                        "Actual Total Time": 1979.405,
                        "Actual Rows": 56,
                        "Actual Loops": 2,
                        "Inner Unique": true,
                        "Hash Cond": "(ci.role_id = rt.id)",
                        "Plans": [
                          {
                            "Node Type": "Hash Join",
                            "Parent Relationship": "Outer",
                            "Parallel Aware": true,
                            "Join Type": "Inner",
                            "Startup Cost": 99928.22,
                            "Total Cost": 672587.9,
                            "Plan Rows": 31,
                            "Plan Width": 25,
                            "Actual Startup Time": 422.983,
                            "Actual Total Time": 1979.251,
                            "Actual Rows": 76,
                            "Actual Loops": 2,
                            "Inner Unique": false,
                            "Hash Cond": "(ci.movie_id = t.id)",
                            "Plans": [
                              {
                                "Node Type": "Seq Scan",
                                "Parent Relationship": "Outer",
                                "Parallel Aware": true,
                                "Relation Name": "cast_info",
                                "Alias": "ci",
                                "Startup Cost": 0.0,
                                "Total Cost": 572608.98,
                                "Plan Rows": 13473,
                                "Plan Width": 12,
                                "Actual Startup Time": 0.108,
                                "Actual Total Time": 1562.277,
                                "Actual Rows": 16144,
                                "Actual Loops": 2,
                                "Filter": "((note ~~ '%(voice)%'::text) AND (note ~~ '%(uncredited)%'::text))",
                                "Rows Removed by Filter": 18106028
                              },
                              {
                                "Node Type": "Hash",
                                "Parent Relationship": "Inner",
                                "Parallel Aware": true,
                                "Startup Cost": 99886.33,
                                "Total Cost": 99886.33,
                                "Plan Rows": 3351,
                                "Plan Width": 25,
                                "Actual Startup Time": 413.9,
                                "Actual Total Time": 413.91,
                                "Actual Rows": 2270,
                                "Actual Loops": 2,
                                "Hash Buckets": 8192,
                                "Original Hash Buckets": 8192,
                                "Hash Batches": 1,
                                "Original Hash Batches": 1,
                                "Peak Memory Usage": 352,
                                "Plans": [
                                  {
                                    "Node Type": "Hash Join",
                                    "Parent Relationship": "Outer",
                                    "Parallel Aware": false,
                                    "Join Type": "Inner",
                                    "Startup Cost": 43003.63,
                                    "Total Cost": 99886.33,
                                    "Plan Rows": 3351,
                                    "Plan Width": 25,
                                    "Actual Startup Time": 233.246,
                                    "Actual Total Time": 412.936,
                                    "Actual Rows": 2270,
                                    "Actual Loops": 2,
                                    "Inner Unique": true,
                                    "Hash Cond": "(mc.company_type_id = ct.id)",
                                    "Plans": [
                                      {
                                        "Node Type": "Hash Join",
                                        "Parent Relationship": "Outer",
                                        "Parallel Aware": true,
                                        "Join Type": "Inner",
                                        "Startup Cost": 43002.54,
                                        "Total Cost": 99867.12,
                                        "Plan Rows": 3351,
                                        "Plan Width": 29,
                                        "Actual Startup Time": 233.163,
                                        "Actual Total Time": 412.422,
                                        "Actual Rows": 2270,
                                        "Actual Loops": 2,
                                        "Inner Unique": false,
                                        "Hash Cond": "(t.id = mc.movie_id)",
                                        "Plans": [
                                          {
                                            "Node Type": "Seq Scan",
                                            "Parent Relationship": "Outer",
                                            "Parallel Aware": true,
                                            "Relation Name": "title",
                                            "Alias": "t",
                                            "Startup Cost": 0.0,
                                            "Total Cost": 54589.98,
                                            "Plan Rows": 601305,
                                            "Plan Width": 21,
                                            "Actual Startup Time": 0.007,
                                            "Actual Total Time": 139.14,
                                            "Actual Rows": 506460,
                                            "Actual Loops": 2,
                                            "Filter": "(production_year > 2005)",
                                            "Rows Removed by Filter": 757696
                                          },
                                          {
                                            "Node Type": "Hash",
                                            "Parent Relationship": "Inner",
                                            "Parallel Aware": true,
                                            "Startup Cost": 42898.94,
                                            "Total Cost": 42898.94,
                                            "Plan Rows": 8288,
                                            "Plan Width": 8,
                                            "Actual Startup Time": 232.376,
                                            "Actual Total Time": 232.382,
                                            "Actual Rows": 4395,
                                            "Actual Loops": 2,
                                            "Hash Buckets": 16384,
                                            "Original Hash Buckets": 16384,
                                            "Hash Batches": 1,
                                            "Original Hash Batches": 1,
                                            "Peak Memory Usage": 512,
                                            "Plans": [
                                              {
                                                "Node Type": "Hash Join",
                                                "Parent Relationship": "Outer",
                                                "Parallel Aware": true,
                                                "Join Type": "Inner",
                                                "Startup Cost": 4732.24,
                                                "Total Cost": 42898.94,
                                                "Plan Rows": 8288,
                                                "Plan Width": 8,
                                                "Actual Startup Time": 31.273,
                                                "Actual Total Time": 230.78,
                                                "Actual Rows": 4395,
                                                "Actual Loops": 2,
                                                "Inner Unique": true,
                                                "Hash Cond": "(mc.company_id = cn.id)",
                                                "Plans": [
                                                  {
                                                    "Node Type": "Seq Scan",
                                                    "Parent Relationship": "Outer",
                                                    "Parallel Aware": true,
                                                    "Relation Name": "movie_companies",
                                                    "Alias": "mc",
                                                    "Startup Cost": 0.0,
                                                    "Total Cost": 34137.82,
                                                    "Plan Rows": 1534782,
                                                    "Plan Width": 12,
                                                    "Actual Startup Time": 0.03,
                                                    "Actual Total Time": 102.805,
                                                    "Actual Rows": 1304564,
                                                    "Actual Loops": 2
                                                  },
                                                  {
                                                    "Node Type": "Hash",
                                                    "Parent Relationship": "Inner",
                                                    "Parallel Aware": true,
                                                    "Startup Cost": 4722.92,
                                                    "Total Cost": 4722.92,
                                                    "Plan Rows": 746,
                                                    "Plan Width": 4,
                                                    "Actual Startup Time": 30.36,
                                                    "Actual Total Time": 30.361,
                                                    "Actual Rows": 680,
                                                    "Actual Loops": 2,
                                                    "Hash Buckets": 2048,
                                                    "Original Hash Buckets": 2048,
                                                    "Hash Batches": 1,
                                                    "Original Hash Batches": 1,
                                                    "Peak Memory Usage": 112,
                                                    "Plans": [
                                                      {
                                                        "Node Type": "Seq Scan",
                                                        "Parent Relationship": "Outer",
                                                        "Parallel Aware": true,
                                                        "Relation Name": "company_name",
                                                        "Alias": "cn",
                                                        "Startup Cost": 0.0,
                                                        "Total Cost": 4722.92,
                                                        "Plan Rows": 746,
                                                        "Plan Width": 4,
                                                        "Actual Startup Time": 0.044,
                                                        "Actual Total Time": 29.767,
                                                        "Actual Rows": 680,
                                                        "Actual Loops": 2,
                                                        "Filter": "((country_code)::text = '[ru]'::text)",
                                                        "Rows Removed by Filter": 116818
                                                      }
                                                    ]
                                                  }
                                                ]
                                              }
                                            ]
                                          }
                                        ]
                                      },
                                      {
                                        "Node Type": "Hash",
                                        "Parent Relationship": "Inner",
                                        "Parallel Aware": false,
                                        "Startup Cost": 1.04,
                                        "Total Cost": 1.04,
                                        "Plan Rows": 4,
                                        "Plan Width": 4,
                                        "Actual Startup Time": 0.051,
                                        "Actual Total Time": 0.052,
                                        "Actual Rows": 4,
                                        "Actual Loops": 2,
                                        "Hash Buckets": 1024,
                                        "Original Hash Buckets": 1024,
                                        "Hash Batches": 1,
                                        "Original Hash Batches": 1,
                                        "Peak Memory Usage": 9,
                                        "Plans": [
                                          {
                                            "Node Type": "Seq Scan",
                                            "Parent Relationship": "Outer",
                                            "Parallel Aware": false,
                                            "Relation Name": "company_type",
                                            "Alias": "ct",
                                            "Startup Cost": 0.0,
                                            "Total Cost": 1.04,
                                            "Plan Rows": 4,
                                            "Plan Width": 4,
                                            "Actual Startup Time": 0.032,
                                            "Actual Total Time": 0.035,
                                            "Actual Rows": 4,
                                            "Actual Loops": 2
                                          }
                                        ]
                                      }
                                    ]
                                  }
                                ]
                              }
                            ]
                          },
                          {
                            "Node Type": "Hash",
                            "Parent Relationship": "Inner",
                            "Parallel Aware": false,
                            "Startup Cost": 1.15,
                            "Total Cost": 1.15,
                            "Plan Rows": 1,
                            "Plan Width": 4,
                            "Actual Startup Time": 0.076,
                            "Actual Total Time": 0.077,
                            "Actual Rows": 1,
                            "Actual Loops": 2,
                            "Hash Buckets": 1024,
                            "Original Hash Buckets": 1024,
                            "Hash Batches": 1,
                            "Original Hash Batches": 1,
                            "Peak Memory Usage": 9,
                            "Plans": [
                              {
                                "Node Type": "Seq Scan",
                                "Parent Relationship": "Outer",
                                "Parallel Aware": false,
                                "Relation Name": "role_type",
                                "Alias": "rt",
                                "Startup Cost": 0.0,
                                "Total Cost": 1.15,
                                "Plan Rows": 1,
                                "Plan Width": 4,
                                "Actual Startup Time": 0.049,
                                "Actual Total Time": 0.055,
                                "Actual Rows": 1,
                                "Actual Loops": 2,
                                "Filter": "((role)::text = 'actor'::text)",
                                "Rows Removed by Filter": 11
                              }
                            ]
                          }
                        ]
                      }
                    ]
                  }
                ]
              }
            ]
          }
        ]
      }
    ]
  },
  "Planning Time": 1.692,
  "Triggers": [],
  "Execution Time": 2276.716
}