{
  "Plan": {
    "Node Type": "Aggregate",
    "Strategy": "Plain",
    "Partial Mode": "Finalize",
    "Parallel Aware": false,
    "Startup Cost": 129554.12,
    "Total Cost": 129554.13,
    "Plan Rows": 1,
    "Plan Width": 8,
    "Actual Startup Time": 63.064,
    "Actual Total Time": 71.597,
    "Actual Rows": 1,
    "Actual Loops": 1,
    "Plans": [
      {
        "Node Type": "Gather",
        "Parent Relationship": "Outer",
        "Parallel Aware": false,
        "Startup Cost": 129554.0,
        "Total Cost": 129554.11,
        "Plan Rows": 1,
        "Plan Width": 8,
        "Actual Startup Time": 62.954,
        "Actual Total Time": 71.591,
        "Actual Rows": 2,
        "Actual Loops": 1,
        "Workers Planned": 1,
        "Workers Launched": 1,
        "Single Copy": false,
        "Plans": [
          {
            "Node Type": "Aggregate",
            "Strategy": "Plain",
            "Partial Mode": "Partial",
            "Parent Relationship": "Outer",
            "Parallel Aware": false,
            "Startup Cost": 128554.0,
            "Total Cost": 128554.01,
            "Plan Rows": 1,
            "Plan Width": 8,
            "Actual Startup Time": 58.291,
            "Actual Total Time": 58.292,
            "Actual Rows": 1,
            "Actual Loops": 2,
            "Plans": [
              {
                "Node Type": "Nested Loop",
                "Parent Relationship": "Outer",
                "Parallel Aware": false,
                "Join Type": "Inner",
                "Startup Cost": 1823.82,
                "Total Cost": 128545.36,
                "Plan Rows": 3457,
                "Plan Width": 0,
                "Actual Startup Time": 10.354,
                "Actual Total Time": 57.782,
                "Actual Rows": 6548,
                "Actual Loops": 2,
                "Inner Unique": false,
                "Plans": [
                  {
                    "Node Type": "Bitmap Heap Scan",
                    "Parent Relationship": "Outer",
                    "Parallel Aware": true,
                    "Relation Name": "title",
                    "Alias": "t",
                    "Startup Cost": 1823.38,
                    "Total Cost": 38723.39,
                    "Plan Rows": 591,
                    "Plan Width": 4,
                    "Actual Startup Time": 10.208,
                    "Actual Total Time": 35.562,
                    "Actual Rows": 771,
                    "Actual Loops": 2,
                    "Recheck Cond": "(kind_id = 3)",
                    "Rows Removed by Index Recheck": 0,
                    "Filter": "(production_year = 1991)",
                    "Rows Removed by Filter": 49498,
                    "Exact Heap Blocks": 10435,
                    "Lossy Heap Blocks": 0,
                    "Plans": [
                      {
                        "Node Type": "Bitmap Index Scan",
                        "Parent Relationship": "Outer",
                        "Parallel Aware": false,
                        "Index Name": "kind_id_title",
                        "Startup Cost": 0.0,
                        "Total Cost": 1823.13,
                        "Plan Rows": 102227,
                        "Plan Width": 0,
                        "Actual Startup Time": 10.11,
                        "Actual Total Time": 10.111,
                        "Actual Rows": 100537,
                        "Actual Loops": 1,
                        "Index Cond": "(kind_id = 3)"
                      }
                    ]
                  },
                  {
                    "Node Type": "Index Only Scan",
                    "Parent Relationship": "Inner",
                    "Parallel Aware": false,
                    "Scan Direction": "Forward",
                    "Index Name": "movie_id_movie_info",
                    "Relation Name": "movie_info",
                    "Alias": "mi",
                    "Startup Cost": 0.43,
                    "Total Cost": 151.56,
                    "Plan Rows": 42,
                    "Plan Width": 4,
                    "Actual Startup Time": 0.011,
                    "Actual Total Time": 0.028,
                    "Actual Rows": 8,
                    "Actual Loops": 1542,
                    "Index Cond": "(movie_id = t.id)",
                    "Rows Removed by Index Recheck": 0,
                    "Heap Fetches": 13095
                  }
                ]
              }
            ]
          }
        ]
      }
    ]
  },
  "Planning Time": 0.448,
  "Triggers": [],
  "Execution Time": 71.685
}