[
  {
    "Plan": {
      "Node Type": "Aggregate",
      "Strategy": "Plain",
      "Partial Mode": "Finalize",
      "Parallel Aware": false,
      "Startup Cost": 94190.58,
      "Total Cost": 94190.59,
      "Plan Rows": 1,
      "Plan Width": 8,
      "Actual Startup Time": 414.815,
      "Actual Total Time": 430.334,
      "Actual Rows": 1,
      "Actual Loops": 1,
      "Plans": [
        {
          "Node Type": "Gather",
          "Parent Relationship": "Outer",
          "Parallel Aware": false,
          "Startup Cost": 94190.26,
          "Total Cost": 94190.57,
          "Plan Rows": 3,
          "Plan Width": 8,
          "Actual Startup Time": 411.546,
          "Actual Total Time": 430.324,
          "Actual Rows": 4,
          "Actual Loops": 1,
          "Workers Planned": 3,
          "Workers Launched": 3,
          "Single Copy": false,
          "Plans": [
            {
              "Node Type": "Aggregate",
              "Strategy": "Plain",
              "Partial Mode": "Partial",
              "Parent Relationship": "Outer",
              "Parallel Aware": false,
              "Startup Cost": 93190.26,
              "Total Cost": 93190.27,
              "Plan Rows": 1,
              "Plan Width": 8,
              "Actual Startup Time": 403.244,
              "Actual Total Time": 403.248,
              "Actual Rows": 1,
              "Actual Loops": 4,
              "Plans": [
                {
                  "Node Type": "Hash Join",
                  "Parent Relationship": "Outer",
                  "Parallel Aware": true,
                  "Join Type": "Inner",
                  "Startup Cost": 47607.27,
                  "Total Cost": 92600.79,
                  "Plan Rows": 235789,
                  "Plan Width": 0,
                  "Actual Startup Time": 194.739,
                  "Actual Total Time": 400.927,
                  "Actual Rows": 46139,
                  "Actual Loops": 4,
                  "Inner Unique": true,
                  "Hash Cond": "(mk.movie_id = t.id)",
                  "Plans": [
                    {
                      "Node Type": "Seq Scan",
                      "Parent Relationship": "Outer",
                      "Parallel Aware": true,
                      "Relation Name": "movie_keyword",
                      "Alias": "mk",
                      "Startup Cost": 0.0,
                      "Total Cost": 42695.65,
                      "Plan Rows": 875375,
                      "Plan Width": 4,
                      "Actual Startup Time": 0.211,
                      "Actual Total Time": 125.921,
                      "Actual Rows": 674916,
                      "Actual Loops": 4,
                      "Filter": "(keyword_id > 2989)",
                      "Rows Removed by Filter": 456067
                    },
                    {
                      "Node Type": "Hash",
                      "Parent Relationship": "Inner",
                      "Parallel Aware": true,
                      "Startup Cost": 45479.1,
                      "Total Cost": 45479.1,
                      "Plan Rows": 170254,
                      "Plan Width": 4,
                      "Actual Startup Time": 189.455,
                      "Actual Total Time": 189.456,
                      "Actual Rows": 184920,
                      "Actual Loops": 4,
                      "Hash Buckets": 1048576,
                      "Original Hash Buckets": 1048576,
                      "Hash Batches": 1,
                      "Original Hash Batches": 1,
                      "Peak Memory Usage": 37184,
                      "Plans": [
                        {
                          "Node Type": "Seq Scan",
                          "Parent Relationship": "Outer",
                          "Parallel Aware": true,
                          "Relation Name": "title",
                          "Alias": "t",
                          "Startup Cost": 0.0,
                          "Total Cost": 45479.1,
                          "Plan Rows": 170254,
                          "Plan Width": 4,
                          "Actual Startup Time": 0.046,
                          "Actual Total Time": 112.051,
                          "Actual Rows": 184920,
                          "Actual Loops": 4,
                          "Filter": "((production_year > 2004) AND (kind_id = 7))",
                          "Rows Removed by Filter": 447158
                        }
                      ]
                    }
                  ]
                }
              ]
            }
          ]
        }
      ]
    },
    "Planning Time": 0.665,
    "Triggers": [],
    "Execution Time": 430.402
  }
]