{
  "Plan": {
    "Node Type": "Aggregate",
    "Strategy": "Plain",
    "Partial Mode": "Finalize",
    "Parallel Aware": false,
    "Startup Cost": 235878.89,
    "Total Cost": 235878.9,
    "Plan Rows": 1,
    "Plan Width": 8,
    "Actual Startup Time": 199.937,
    "Actual Total Time": 210.123,
    "Actual Rows": 1,
    "Actual Loops": 1,
    "Plans": [
      {
        "Node Type": "Gather",
        "Parent Relationship": "Outer",
        "Parallel Aware": false,
        "Startup Cost": 235878.78,
        "Total Cost": 235878.89,
        "Plan Rows": 1,
        "Plan Width": 8,
        "Actual Startup Time": 199.75,
        "Actual Total Time": 210.116,
        "Actual Rows": 2,
        "Actual Loops": 1,
        "Workers Planned": 1,
        "Workers Launched": 1,
        "Single Copy": false,
        "Plans": [
          {
            "Node Type": "Aggregate",
            "Strategy": "Plain",
            "Partial Mode": "Partial",
            "Parent Relationship": "Outer",
            "Parallel Aware": false,
            "Startup Cost": 234878.78,
            "Total Cost": 234878.79,
            "Plan Rows": 1,
            "Plan Width": 8,
            "Actual Startup Time": 193.689,
            "Actual Total Time": 193.693,
            "Actual Rows": 1,
            "Actual Loops": 2,
            "Plans": [
              {
                "Node Type": "Hash Join",
                "Parent Relationship": "Outer",
                "Parallel Aware": true,
                "Join Type": "Inner",
                "Startup Cost": 62446.89,
                "Total Cost": 234871.74,
                "Plan Rows": 2815,
                "Plan Width": 0,
                "Actual Startup Time": 184.518,
                "Actual Total Time": 193.681,
                "Actual Rows": 44,
                "Actual Loops": 2,
                "Inner Unique": true,
                "Hash Cond": "(mi.movie_id = t.id)",
                "Plans": [
                  {
                    "Node Type": "Bitmap Heap Scan",
                    "Parent Relationship": "Outer",
                    "Parallel Aware": true,
                    "Relation Name": "movie_info",
                    "Alias": "mi",
                    "Startup Cost": 3705.36,
                    "Total Cost": 175814.43,
                    "Plan Rows": 120298,
                    "Plan Width": 4,
                    "Actual Startup Time": 8.969,
                    "Actual Total Time": 25.878,
                    "Actual Rows": 98877,
                    "Actual Loops": 2,
                    "Recheck Cond": "(info_type_id > 106)",
                    "Rows Removed by Index Recheck": 0,
                    "Exact Heap Blocks": 2683,
                    "Lossy Heap Blocks": 0,
                    "Plans": [
                      {
                        "Node Type": "Bitmap Index Scan",
                        "Parent Relationship": "Outer",
                        "Parallel Aware": false,
                        "Index Name": "info_type_id_movie_info",
                        "Startup Cost": 0.0,
                        "Total Cost": 3654.24,
                        "Plan Rows": 204507,
                        "Plan Width": 0,
                        "Actual Startup Time": 8.288,
                        "Actual Total Time": 8.289,
                        "Actual Rows": 197754,
                        "Actual Loops": 1,
                        "Index Cond": "(info_type_id > 106)"
                      }
                    ]
                  },
                  {
                    "Node Type": "Hash",
                    "Parent Relationship": "Inner",
                    "Parallel Aware": true,
                    "Startup Cost": 58306.47,
                    "Total Cost": 58306.47,
                    "Plan Rows": 34805,
                    "Plan Width": 4,
                    "Actual Startup Time": 156.825,
                    "Actual Total Time": 156.826,
                    "Actual Rows": 31376,
                    "Actual Loops": 2,
                    "Hash Buckets": 65536,
                    "Original Hash Buckets": 65536,
                    "Hash Batches": 1,
                    "Original Hash Batches": 1,
                    "Peak Memory Usage": 3008,
                    "Plans": [
                      {
                        "Node Type": "Seq Scan",
                        "Parent Relationship": "Outer",
                        "Parallel Aware": true,
                        "Relation Name": "title",
                        "Alias": "t",
                        "Startup Cost": 0.0,
                        "Total Cost": 58306.47,
                        "Plan Rows": 34805,
                        "Plan Width": 4,
                        "Actual Startup Time": 0.031,
                        "Actual Total Time": 145.815,
                        "Actual Rows": 31376,
                        "Actual Loops": 2,
                        "Filter": "((kind_id = 7) AND (production_year = 2005))",
                        "Rows Removed by Filter": 1232780
                      }
                    ]
                  }
                ]
              }
            ]
          }
        ]
      }
    ]
  },
  "Planning Time": 0.473,
  "Triggers": [],
  "Execution Time": 210.219
}