[
  {
    "Plan": {
      "Node Type": "Aggregate",
      "Strategy": "Plain",
      "Partial Mode": "Finalize",
      "Parallel Aware": false,
      "Startup Cost": 45024.49,
      "Total Cost": 45024.5,
      "Plan Rows": 1,
      "Plan Width": 8,
      "Actual Startup Time": 171.689,
      "Actual Total Time": 183.155,
      "Actual Rows": 1,
      "Actual Loops": 1,
      "Plans": [
        {
          "Node Type": "Gather",
          "Parent Relationship": "Outer",
          "Parallel Aware": false,
          "Startup Cost": 45024.17,
          "Total Cost": 45024.48,
          "Plan Rows": 3,
          "Plan Width": 8,
          "Actual Startup Time": 171.574,
          "Actual Total Time": 183.147,
          "Actual Rows": 4,
          "Actual Loops": 1,
          "Workers Planned": 3,
          "Workers Launched": 3,
          "Single Copy": false,
          "Plans": [
            {
              "Node Type": "Aggregate",
              "Strategy": "Plain",
              "Partial Mode": "Partial",
              "Parent Relationship": "Outer",
              "Parallel Aware": false,
              "Startup Cost": 44024.17,
              "Total Cost": 44024.18,
              "Plan Rows": 1,
              "Plan Width": 8,
              "Actual Startup Time": 163.189,
              "Actual Total Time": 163.19,
              "Actual Rows": 1,
              "Actual Loops": 4,
              "Plans": [
                {
                  "Node Type": "Seq Scan",
                  "Parent Relationship": "Outer",
                  "Parallel Aware": true,
                  "Relation Name": "movie_keyword",
                  "Alias": "mk",
                  "Startup Cost": 0.0,
                  "Total Cost": 42695.65,
                  "Plan Rows": 531406,
                  "Plan Width": 0,
                  "Actual Startup Time": 0.598,
                  "Actual Total Time": 136.935,
                  "Actual Rows": 408096,
                  "Actual Loops": 4,
                  "Filter": "(keyword_id > 9092)",
                  "Rows Removed by Filter": 722887
                }
              ]
            }
          ]
        }
      ]
    },
    "Planning Time": 0.099,
    "Triggers": [],
    "Execution Time": 183.189
  }
]