[
  {
    "Plan": {
      "Node Type": "Aggregate",
      "Strategy": "Plain",
      "Partial Mode": "Finalize",
      "Parallel Aware": false,
      "Startup Cost": 45008.77,
      "Total Cost": 45008.78,
      "Plan Rows": 1,
      "Plan Width": 8,
      "Actual Startup Time": 136.019,
      "Actual Total Time": 146.478,
      "Actual Rows": 1,
      "Actual Loops": 1,
      "Plans": [
        {
          "Node Type": "Gather",
          "Parent Relationship": "Outer",
          "Parallel Aware": false,
          "Startup Cost": 45008.45,
          "Total Cost": 45008.76,
          "Plan Rows": 3,
          "Plan Width": 8,
          "Actual Startup Time": 135.896,
          "Actual Total Time": 146.469,
          "Actual Rows": 4,
          "Actual Loops": 1,
          "Workers Planned": 3,
          "Workers Launched": 3,
          "Single Copy": false,
          "Plans": [
            {
              "Node Type": "Aggregate",
              "Strategy": "Plain",
              "Partial Mode": "Partial",
              "Parent Relationship": "Outer",
              "Parallel Aware": false,
              "Startup Cost": 44008.45,
              "Total Cost": 44008.46,
              "Plan Rows": 1,
              "Plan Width": 8,
              "Actual Startup Time": 131.542,
              "Actual Total Time": 131.543,
              "Actual Rows": 1,
              "Actual Loops": 4,
              "Plans": [
                {
                  "Node Type": "Seq Scan",
                  "Parent Relationship": "Outer",
                  "Parallel Aware": true,
                  "Relation Name": "movie_keyword",
                  "Alias": "mk",
                  "Startup Cost": 0.0,
                  "Total Cost": 42695.65,
                  "Plan Rows": 525118,
                  "Plan Width": 0,
                  "Actual Startup Time": 0.831,
                  "Actual Total Time": 111.51,
                  "Actual Rows": 408096,
                  "Actual Loops": 4,
                  "Filter": "(keyword_id > 9092)",
                  "Rows Removed by Filter": 722887
                }
              ]
            }
          ]
        }
      ]
    },
    "Planning Time": 0.128,
    "Triggers": [],
    "Execution Time": 146.518
  }
]