[
  {
    "Plan": {
      "Node Type": "Aggregate",
      "Strategy": "Plain",
      "Partial Mode": "Finalize",
      "Parallel Aware": false,
      "Startup Cost": 47048.44,
      "Total Cost": 47048.45,
      "Plan Rows": 1,
      "Plan Width": 8,
      "Actual Startup Time": 150.67,
      "Actual Total Time": 157.463,
      "Actual Rows": 1,
      "Actual Loops": 1,
      "Plans": [
        {
          "Node Type": "Gather",
          "Parent Relationship": "Outer",
          "Parallel Aware": false,
          "Startup Cost": 47048.13,
          "Total Cost": 47048.44,
          "Plan Rows": 3,
          "Plan Width": 8,
          "Actual Startup Time": 150.584,
          "Actual Total Time": 157.457,
          "Actual Rows": 4,
          "Actual Loops": 1,
          "Workers Planned": 3,
          "Workers Launched": 3,
          "Single Copy": false,
          "Plans": [
            {
              "Node Type": "Aggregate",
              "Strategy": "Plain",
              "Partial Mode": "Partial",
              "Parent Relationship": "Outer",
              "Parallel Aware": false,
              "Startup Cost": 46048.13,
              "Total Cost": 46048.14,
              "Plan Rows": 1,
              "Plan Width": 8,
              "Actual Startup Time": 147.738,
              "Actual Total Time": 147.738,
              "Actual Rows": 1,
              "Actual Loops": 4,
              "Plans": [
                {
                  "Node Type": "Seq Scan",
                  "Parent Relationship": "Outer",
                  "Parallel Aware": true,
                  "Relation Name": "movie_keyword",
                  "Alias": "mk",
                  "Startup Cost": 0.0,
                  "Total Cost": 42695.65,
                  "Plan Rows": 1340989,
                  "Plan Width": 0,
                  "Actual Startup Time": 0.016,
                  "Actual Total Time": 104.663,
                  "Actual Rows": 1039936,
                  "Actual Loops": 4,
                  "Filter": "(keyword_id < 46050)",
                  "Rows Removed by Filter": 91046
                }
              ]
            }
          ]
        }
      ]
    },
    "Planning Time": 0.082,
    "Triggers": [],
    "Execution Time": 157.491
  }
]