[
  {
    "Plan": {
      "Node Type": "Aggregate",
      "Strategy": "Plain",
      "Partial Mode": "Finalize",
      "Parallel Aware": false,
      "Startup Cost": 79466.17,
      "Total Cost": 79466.18,
      "Plan Rows": 1,
      "Plan Width": 8,
      "Actual Startup Time": 181.149,
      "Actual Total Time": 211.81,
      "Actual Rows": 1,
      "Actual Loops": 1,
      "Plans": [
        {
          "Node Type": "Gather",
          "Parent Relationship": "Outer",
          "Parallel Aware": false,
          "Startup Cost": 79465.75,
          "Total Cost": 79466.16,
          "Plan Rows": 4,
          "Plan Width": 8,
          "Actual Startup Time": 180.998,
          "Actual Total Time": 211.798,
          "Actual Rows": 5,
          "Actual Loops": 1,
          "Workers Planned": 4,
          "Workers Launched": 4,
          "Single Copy": false,
          "Plans": [
            {
              "Node Type": "Aggregate",
              "Strategy": "Plain",
              "Partial Mode": "Partial",
              "Parent Relationship": "Outer",
              "Parallel Aware": false,
              "Startup Cost": 78465.75,
              "Total Cost": 78465.76,
              "Plan Rows": 1,
              "Plan Width": 8,
              "Actual Startup Time": 174.56,
              "Actual Total Time": 174.562,
              "Actual Rows": 1,
              "Actual Loops": 5,
              "Plans": [
                {
                  "Node Type": "Nested Loop",
                  "Parent Relationship": "Outer",
                  "Parallel Aware": false,
                  "Join Type": "Inner",
                  "Startup Cost": 0.99,
                  "Total Cost": 78391.3,
                  "Plan Rows": 29780,
                  "Plan Width": 0,
                  "Actual Startup Time": 0.583,
                  "Actual Total Time": 172.591,
                  "Actual Rows": 32504,
                  "Actual Loops": 5,
                  "Inner Unique": false,
                  "Join Filter": "(t.id = ci.movie_id)",
                  "Rows Removed by Join Filter": 0,
                  "Plans": [
                    {
                      "Node Type": "Nested Loop",
                      "Parent Relationship": "Outer",
                      "Parallel Aware": false,
                      "Join Type": "Inner",
                      "Startup Cost": 0.43,
                      "Total Cost": 71551.85,
                      "Plan Rows": 3197,
                      "Plan Width": 8,
                      "Actual Startup Time": 0.337,
                      "Actual Total Time": 77.493,
                      "Actual Rows": 2341,
                      "Actual Loops": 5,
                      "Inner Unique": false,
                      "Plans": [
                        {
                          "Node Type": "Seq Scan",
                          "Parent Relationship": "Outer",
                          "Parallel Aware": true,
                          "Relation Name": "title",
                          "Alias": "t",
                          "Startup Cost": 0.0,
                          "Total Cost": 45479.59,
                          "Plan Rows": 3098,
                          "Plan Width": 4,
                          "Actual Startup Time": 0.101,
                          "Actual Total Time": 61.179,
                          "Actual Rows": 2411,
                          "Actual Loops": 5,
                          "Filter": "((kind_id > 1) AND (production_year = 1984))",
                          "Rows Removed by Filter": 503251
                        },
                        {
                          "Node Type": "Index Only Scan",
                          "Parent Relationship": "Inner",
                          "Parallel Aware": false,
                          "Scan Direction": "Forward",
                          "Index Name": "movie_id_movie_companies",
                          "Relation Name": "movie_companies",
                          "Alias": "mc",
                          "Startup Cost": 0.43,
                          "Total Cost": 8.37,
                          "Plan Rows": 5,
                          "Plan Width": 4,
                          "Actual Startup Time": 0.005,
                          "Actual Total Time": 0.006,
                          "Actual Rows": 1,
                          "Actual Loops": 12057,
                          "Index Cond": "(movie_id = t.id)",
                          "Rows Removed by Index Recheck": 0,
                          "Heap Fetches": 11705
                        }
                      ]
                    },
                    {
                      "Node Type": "Index Scan",
                      "Parent Relationship": "Inner",
                      "Parallel Aware": false,
                      "Scan Direction": "Forward",
                      "Index Name": "movie_id_cast_info",
                      "Relation Name": "cast_info",
                      "Alias": "ci",
                      "Startup Cost": 0.56,
                      "Total Cost": 1.85,
                      "Plan Rows": 23,
                      "Plan Width": 4,
                      "Actual Startup Time": 0.02,
                      "Actual Total Time": 0.039,
                      "Actual Rows": 14,
                      "Actual Loops": 11705,
                      "Index Cond": "(movie_id = mc.movie_id)",
                      "Rows Removed by Index Recheck": 0,
                      "Filter": "(role_id > 1)",
                      "Rows Removed by Filter": 8
                    }
                  ]
                }
              ]
            }
          ]
        }
      ]
    },
    "Planning Time": 0.998,
    "Triggers": [],
    "Execution Time": 211.866
  }
]