[
  {
    "Plan": {
      "Node Type": "Aggregate",
      "Strategy": "Plain",
      "Partial Mode": "Simple",
      "Parallel Aware": false,
      "Startup Cost": 12136.8,
      "Total Cost": 12136.81,
      "Plan Rows": 1,
      "Plan Width": 8,
      "Actual Startup Time": 2.887,
      "Actual Total Time": 2.888,
      "Actual Rows": 1,
      "Actual Loops": 1,
      "Plans": [
        {
          "Node Type": "Bitmap Heap Scan",
          "Parent Relationship": "Outer",
          "Parallel Aware": false,
          "Relation Name": "movie_keyword",
          "Alias": "mk",
          "Startup Cost": 105.71,
          "Total Cost": 12124.78,
          "Plan Rows": 4810,
          "Plan Width": 0,
          "Actual Startup Time": 0.566,
          "Actual Total Time": 2.61,
          "Actual Rows": 4077,
          "Actual Loops": 1,
          "Recheck Cond": "(keyword_id > 130343)",
          "Rows Removed by Index Recheck": 0,
          "Exact Heap Blocks": 1303,
          "Lossy Heap Blocks": 0,
          "Plans": [
            {
              "Node Type": "Bitmap Index Scan",
              "Parent Relationship": "Outer",
              "Parallel Aware": false,
              "Index Name": "keyword_id_movie_keyword",
              "Startup Cost": 0.0,
              "Total Cost": 104.51,
              "Plan Rows": 4810,
              "Plan Width": 0,
              "Actual Startup Time": 0.378,
              "Actual Total Time": 0.378,
              "Actual Rows": 4077,
              "Actual Loops": 1,
              "Index Cond": "(keyword_id > 130343)"
            }
          ]
        }
      ]
    },
    "Planning Time": 0.142,
    "Triggers": [],
    "Execution Time": 2.916
  }
]