[
  {
    "Plan": {
      "Node Type": "Aggregate",
      "Strategy": "Plain",
      "Partial Mode": "Simple",
      "Parallel Aware": false,
      "Startup Cost": 15221.76,
      "Total Cost": 15221.77,
      "Plan Rows": 1,
      "Plan Width": 8,
      "Actual Startup Time": 5.568,
      "Actual Total Time": 5.569,
      "Actual Rows": 1,
      "Actual Loops": 1,
      "Plans": [
        {
          "Node Type": "Bitmap Heap Scan",
          "Parent Relationship": "Outer",
          "Parallel Aware": false,
          "Relation Name": "movie_keyword",
          "Alias": "mk",
          "Startup Cost": 144.81,
          "Total Cost": 15204.86,
          "Plan Rows": 6759,
          "Plan Width": 0,
          "Actual Startup Time": 0.985,
          "Actual Total Time": 5.129,
          "Actual Rows": 5794,
          "Actual Loops": 1,
          "Recheck Cond": "(keyword_id > 128792)",
          "Rows Removed by Index Recheck": 0,
          "Exact Heap Blocks": 1869,
          "Lossy Heap Blocks": 0,
          "Plans": [
            {
              "Node Type": "Bitmap Index Scan",
              "Parent Relationship": "Outer",
              "Parallel Aware": false,
              "Index Name": "keyword_id_movie_keyword",
              "Startup Cost": 0.0,
              "Total Cost": 143.12,
              "Plan Rows": 6759,
              "Plan Width": 0,
              "Actual Startup Time": 0.656,
              "Actual Total Time": 0.656,
              "Actual Rows": 5794,
              "Actual Loops": 1,
              "Index Cond": "(keyword_id > 128792)"
            }
          ]
        }
      ]
    },
    "Planning Time": 0.264,
    "Triggers": [],
    "Execution Time": 5.625
  }
]