{
  "Plan": {
    "Node Type": "Aggregate",
    "Strategy": "Plain",
    "Partial Mode": "Finalize",
    "Parallel Aware": false,
    "Startup Cost": 122647.08,
    "Total Cost": 122647.09,
    "Plan Rows": 1,
    "Plan Width": 8,
    "Actual Startup Time": 508.181,
    "Actual Total Time": 524.019,
    "Actual Rows": 1,
    "Actual Loops": 1,
    "Plans": [
      {
        "Node Type": "Gather",
        "Parent Relationship": "Outer",
        "Parallel Aware": false,
        "Startup Cost": 122646.97,
        "Total Cost": 122647.08,
        "Plan Rows": 1,
        "Plan Width": 8,
        "Actual Startup Time": 506.92,
        "Actual Total Time": 524.012,
        "Actual Rows": 2,
        "Actual Loops": 1,
        "Workers Planned": 1,
        "Workers Launched": 1,
        "Single Copy": false,
        "Plans": [
          {
            "Node Type": "Aggregate",
            "Strategy": "Plain",
            "Partial Mode": "Partial",
            "Parent Relationship": "Outer",
            "Parallel Aware": false,
            "Startup Cost": 121646.97,
            "Total Cost": 121646.98,
            "Plan Rows": 1,
            "Plan Width": 8,
            "Actual Startup Time": 500.985,
            "Actual Total Time": 500.988,
            "Actual Rows": 1,
            "Actual Loops": 2,
            "Plans": [
              {
                "Node Type": "Hash Join",
                "Parent Relationship": "Outer",
                "Parallel Aware": true,
                "Join Type": "Inner",
                "Startup Cost": 60257.84,
                "Total Cost": 121018.59,
                "Plan Rows": 251351,
                "Plan Width": 0,
                "Actual Startup Time": 204.163,
                "Actual Total Time": 486.548,
                "Actual Rows": 362106,
                "Actual Loops": 2,
                "Inner Unique": true,
                "Hash Cond": "(mk.movie_id = t.id)",
                "Plans": [
                  {
                    "Node Type": "Seq Scan",
                    "Parent Relationship": "Outer",
                    "Parallel Aware": true,
                    "Relation Name": "movie_keyword",
                    "Alias": "mk",
                    "Startup Cost": 0.0,
                    "Total Cost": 57718.19,
                    "Plan Rows": 1159073,
                    "Plan Width": 4,
                    "Actual Startup Time": 0.567,
                    "Actual Total Time": 173.095,
                    "Actual Rows": 986971,
                    "Actual Loops": 2,
                    "Filter": "(keyword_id > 6425)",
                    "Rows Removed by Filter": 1274994
                  },
                  {
                    "Node Type": "Hash",
                    "Parent Relationship": "Inner",
                    "Parallel Aware": true,
                    "Startup Cost": 56226.41,
                    "Total Cost": 56226.41,
                    "Plan Rows": 322514,
                    "Plan Width": 4,
                    "Actual Startup Time": 194.274,
                    "Actual Total Time": 194.275,
                    "Actual Rows": 212812,
                    "Actual Loops": 2,
                    "Hash Buckets": 1048576,
                    "Original Hash Buckets": 1048576,
                    "Hash Batches": 1,
                    "Original Hash Batches": 1,
                    "Peak Memory Usage": 24896,
                    "Plans": [
                      {
                        "Node Type": "Bitmap Heap Scan",
                        "Parent Relationship": "Outer",
                        "Parallel Aware": true,
                        "Relation Name": "title",
                        "Alias": "t",
                        "Startup Cost": 13576.03,
                        "Total Cost": 56226.41,
                        "Plan Rows": 322514,
                        "Plan Width": 4,
                        "Actual Startup Time": 42.839,
                        "Actual Total Time": 140.47,
                        "Actual Rows": 212812,
                        "Actual Loops": 2,
                        "Recheck Cond": "(kind_id < 3)",
                        "Rows Removed by Index Recheck": 0,
                        "Filter": "(production_year > 1986)",
                        "Rows Removed by Filter": 164026,
                        "Exact Heap Blocks": 26165,
                        "Lossy Heap Blocks": 0,
                        "Plans": [
                          {
                            "Node Type": "Bitmap Index Scan",
                            "Parent Relationship": "Outer",
                            "Parallel Aware": false,
                            "Index Name": "kind_id_title",
                            "Startup Cost": 0.0,
                            "Total Cost": 13438.96,
                            "Plan Rows": 753937,
                            "Plan Width": 0,
                            "Actual Startup Time": 37.059,
                            "Actual Total Time": 37.059,
                            "Actual Rows": 753677,
                            "Actual Loops": 1,
                            "Index Cond": "(kind_id < 3)"
                          }
                        ]
                      }
                    ]
                  }
                ]
              }
            ]
          }
        ]
      }
    ]
  },
  "Planning Time": 0.601,
  "Triggers": [],
  "Execution Time": 524.107
}