[
  {
    "Plan": {
      "Node Type": "Aggregate",
      "Strategy": "Plain",
      "Partial Mode": "Finalize",
      "Parallel Aware": false,
      "Startup Cost": 45470.03,
      "Total Cost": 45470.04,
      "Plan Rows": 1,
      "Plan Width": 8,
      "Actual Startup Time": 154.612,
      "Actual Total Time": 163.779,
      "Actual Rows": 1,
      "Actual Loops": 1,
      "Plans": [
        {
          "Node Type": "Gather",
          "Parent Relationship": "Outer",
          "Parallel Aware": false,
          "Startup Cost": 45469.71,
          "Total Cost": 45470.02,
          "Plan Rows": 3,
          "Plan Width": 8,
          "Actual Startup Time": 154.486,
          "Actual Total Time": 163.77,
          "Actual Rows": 4,
          "Actual Loops": 1,
          "Workers Planned": 3,
          "Workers Launched": 3,
          "Single Copy": false,
          "Plans": [
            {
              "Node Type": "Aggregate",
              "Strategy": "Plain",
              "Partial Mode": "Partial",
              "Parent Relationship": "Outer",
              "Parallel Aware": false,
              "Startup Cost": 44469.71,
              "Total Cost": 44469.72,
              "Plan Rows": 1,
              "Plan Width": 8,
              "Actual Startup Time": 147.888,
              "Actual Total Time": 147.889,
              "Actual Rows": 1,
              "Actual Loops": 4,
              "Plans": [
                {
                  "Node Type": "Seq Scan",
                  "Parent Relationship": "Outer",
                  "Parallel Aware": true,
                  "Relation Name": "movie_keyword",
                  "Alias": "mk",
                  "Startup Cost": 0.0,
                  "Total Cost": 42695.65,
                  "Plan Rows": 709623,
                  "Plan Width": 0,
                  "Actual Startup Time": 0.602,
                  "Actual Total Time": 121.045,
                  "Actual Rows": 549402,
                  "Actual Loops": 4,
                  "Filter": "(keyword_id > 5091)",
                  "Rows Removed by Filter": 581580
                }
              ]
            }
          ]
        }
      ]
    },
    "Planning Time": 0.142,
    "Triggers": [],
    "Execution Time": 163.828
  }
]