{
    "Plan": {
        "Node Type": "Aggregate",
        "Strategy": "Plain",
        "Partial Mode": "Finalize",
        "Parallel Aware": false,
        "Startup Cost": 45784.14,
        "Total Cost": 45784.15,
        "Plan Rows": 1,
        "Plan Width": 8,
        "Actual Startup Time": 205.549,
        "Actual Total Time": 215.258,
        "Actual Rows": 1,
        "Actual Loops": 1,
        "Output": [
            "count(*)"
        ],
        "Plans": [
            {
                "Node Type": "Gather",
                "Parent Relationship": "Outer",
                "Parallel Aware": false,
                "Startup Cost": 45783.83,
                "Total Cost": 45784.14,
                "Plan Rows": 3,
                "Plan Width": 8,
                "Actual Startup Time": 205.455,
                "Actual Total Time": 215.249,
                "Actual Rows": 4,
                "Actual Loops": 1,
                "Output": [
                    "(PARTIAL count(*))"
                ],
                "Workers Planned": 3,
                "Workers Launched": 3,
                "Single Copy": false,
                "Plans": [
                    {
                        "Node Type": "Aggregate",
                        "Strategy": "Plain",
                        "Partial Mode": "Partial",
                        "Parent Relationship": "Outer",
                        "Parallel Aware": false,
                        "Startup Cost": 44783.83,
                        "Total Cost": 44783.84,
                        "Plan Rows": 1,
                        "Plan Width": 8,
                        "Actual Startup Time": 196.559,
                        "Actual Total Time": 196.56,
                        "Actual Rows": 1,
                        "Actual Loops": 4,
                        "Output": [
                            "PARTIAL count(*)"
                        ],
                        "Workers": [
                            {
                                "Worker Number": 0,
                                "Actual Startup Time": 193.838,
                                "Actual Total Time": 193.839,
                                "Actual Rows": 1,
                                "Actual Loops": 1
                            },
                            {
                                "Worker Number": 1,
                                "Actual Startup Time": 193.888,
                                "Actual Total Time": 193.889,
                                "Actual Rows": 1,
                                "Actual Loops": 1
                            },
                            {
                                "Worker Number": 2,
                                "Actual Startup Time": 194.184,
                                "Actual Total Time": 194.186,
                                "Actual Rows": 1,
                                "Actual Loops": 1
                            }
                        ],
                        "Plans": [
                            {
                                "Node Type": "Seq Scan",
                                "Parent Relationship": "Outer",
                                "Parallel Aware": true,
                                "Relation Name": "movie_keyword",
                                "Schema": "public",
                                "Alias": "mk",
                                "Startup Cost": 0.0,
                                "Total Cost": 42695.65,
                                "Plan Rows": 835269,
                                "Plan Width": 0,
                                "Actual Startup Time": 0.065,
                                "Actual Total Time": 158.255,
                                "Actual Rows": 651125,
                                "Actual Loops": 4,
                                "Output": [
                                    "id",
                                    "movie_id",
                                    "keyword_id"
                                ],
                                "Filter": "(mk.keyword_id < 7036)",
                                "Rows Removed by Filter": 479858,
                                "Workers": [
                                    {
                                        "Worker Number": 0,
                                        "Actual Startup Time": 0.074,
                                        "Actual Total Time": 156.099,
                                        "Actual Rows": 567682,
                                        "Actual Loops": 1
                                    },
                                    {
                                        "Worker Number": 1,
                                        "Actual Startup Time": 0.066,
                                        "Actual Total Time": 156.762,
                                        "Actual Rows": 858885,
                                        "Actual Loops": 1
                                    },
                                    {
                                        "Worker Number": 2,
                                        "Actual Startup Time": 0.072,
                                        "Actual Total Time": 156.947,
                                        "Actual Rows": 565710,
                                        "Actual Loops": 1
                                    }
                                ]
                            }
                        ]
                    }
                ]
            }
        ]
    },
    "Planning Time": 1.905,
    "Triggers": [],
    "Execution Time": 215.579
}