{
  "Plan": {
    "Node Type": "Aggregate",
    "Strategy": "Plain",
    "Partial Mode": "Finalize",
    "Parallel Aware": false,
    "Startup Cost": 306476.95,
    "Total Cost": 306476.96,
    "Plan Rows": 1,
    "Plan Width": 8,
    "Actual Startup Time": 508.336,
    "Actual Total Time": 522.276,
    "Actual Rows": 1,
    "Actual Loops": 1,
    "Plans": [
      {
        "Node Type": "Gather",
        "Parent Relationship": "Outer",
        "Parallel Aware": false,
        "Startup Cost": 306476.83,
        "Total Cost": 306476.94,
        "Plan Rows": 1,
        "Plan Width": 8,
        "Actual Startup Time": 508.073,
        "Actual Total Time": 522.269,
        "Actual Rows": 2,
        "Actual Loops": 1,
        "Workers Planned": 1,
        "Workers Launched": 1,
        "Single Copy": false,
        "Plans": [
          {
            "Node Type": "Aggregate",
            "Strategy": "Plain",
            "Partial Mode": "Partial",
            "Parent Relationship": "Outer",
            "Parallel Aware": false,
            "Startup Cost": 305476.83,
            "Total Cost": 305476.84,
            "Plan Rows": 1,
            "Plan Width": 8,
            "Actual Startup Time": 501.462,
            "Actual Total Time": 501.468,
            "Actual Rows": 1,
            "Actual Loops": 2,
            "Plans": [
              {
                "Node Type": "Hash Join",
                "Parent Relationship": "Outer",
                "Parallel Aware": true,
                "Join Type": "Inner",
                "Startup Cost": 242114.4,
                "Total Cost": 305462.33,
                "Plan Rows": 5800,
                "Plan Width": 0,
                "Actual Startup Time": 258.018,
                "Actual Total Time": 501.385,
                "Actual Rows": 1753,
                "Actual Loops": 2,
                "Inner Unique": false,
                "Hash Cond": "(mk.movie_id = t.id)",
                "Plans": [
                  {
                    "Node Type": "Seq Scan",
                    "Parent Relationship": "Outer",
                    "Parallel Aware": true,
                    "Relation Name": "movie_keyword",
                    "Alias": "mk",
                    "Startup Cost": 0.0,
                    "Total Cost": 57718.19,
                    "Plan Rows": 1492166,
                    "Plan Width": 4,
                    "Actual Startup Time": 0.3,
                    "Actual Total Time": 176.013,
                    "Actual Rows": 1262322,
                    "Actual Loops": 2,
                    "Filter": "(keyword_id > 3534)",
                    "Rows Removed by Filter": 999644
                  },
                  {
                    "Node Type": "Hash",
                    "Parent Relationship": "Inner",
                    "Parallel Aware": true,
                    "Startup Cost": 242042.14,
                    "Total Cost": 242042.14,
                    "Plan Rows": 5781,
                    "Plan Width": 8,
                    "Actual Startup Time": 255.701,
                    "Actual Total Time": 255.705,
                    "Actual Rows": 1586,
                    "Actual Loops": 2,
                    "Hash Buckets": 16384,
                    "Original Hash Buckets": 16384,
                    "Hash Batches": 1,
                    "Original Hash Batches": 1,
                    "Peak Memory Usage": 288,
                    "Plans": [
                      {
                        "Node Type": "Hash Join",
                        "Parent Relationship": "Outer",
                        "Parallel Aware": true,
                        "Join Type": "Inner",
                        "Startup Cost": 72963.99,
                        "Total Cost": 242042.14,
                        "Plan Rows": 5781,
                        "Plan Width": 8,
                        "Actual Startup Time": 180.776,
                        "Actual Total Time": 255.231,
                        "Actual Rows": 1586,
                        "Actual Loops": 2,
                        "Inner Unique": true,
                        "Hash Cond": "(mi.movie_id = t.id)",
                        "Plans": [
                          {
                            "Node Type": "Bitmap Heap Scan",
                            "Parent Relationship": "Outer",
                            "Parallel Aware": true,
                            "Relation Name": "movie_info",
                            "Alias": "mi",
                            "Startup Cost": 14428.12,
                            "Total Cost": 182276.62,
                            "Plan Rows": 468439,
                            "Plan Width": 4,
                            "Actual Startup Time": 22.169,
                            "Actual Total Time": 55.761,
                            "Actual Rows": 401070,
                            "Actual Loops": 2,
                            "Recheck Cond": "(info_type_id < 2)",
                            "Rows Removed by Index Recheck": 0,
                            "Exact Heap Blocks": 2751,
                            "Lossy Heap Blocks": 0,
                            "Plans": [
                              {
                                "Node Type": "Bitmap Index Scan",
                                "Parent Relationship": "Outer",
                                "Parallel Aware": false,
                                "Index Name": "info_type_id_movie_info",
                                "Startup Cost": 0.0,
                                "Total Cost": 14229.04,
                                "Plan Rows": 796347,
                                "Plan Width": 0,
                                "Actual Startup Time": 21.453,
                                "Actual Total Time": 21.454,
                                "Actual Rows": 802140,
                                "Actual Loops": 1,
                                "Index Cond": "(info_type_id < 2)"
                              }
                            ]
                          },
                          {
                            "Node Type": "Hash",
                            "Parent Relationship": "Inner",
                            "Parallel Aware": true,
                            "Startup Cost": 58306.47,
                            "Total Cost": 58306.47,
                            "Plan Rows": 18352,
                            "Plan Width": 4,
                            "Actual Startup Time": 158.176,
                            "Actual Total Time": 158.177,
                            "Actual Rows": 17828,
                            "Actual Loops": 2,
                            "Hash Buckets": 65536,
                            "Original Hash Buckets": 32768,
                            "Hash Batches": 1,
                            "Original Hash Batches": 1,
                            "Peak Memory Usage": 2176,
                            "Plans": [
                              {
                                "Node Type": "Seq Scan",
                                "Parent Relationship": "Outer",
                                "Parallel Aware": true,
                                "Relation Name": "title",
                                "Alias": "t",
                                "Startup Cost": 0.0,
                                "Total Cost": 58306.47,
                                "Plan Rows": 18352,
                                "Plan Width": 4,
                                "Actual Startup Time": 0.091,
                                "Actual Total Time": 150.679,
                                "Actual Rows": 17828,
                                "Actual Loops": 2,
                                "Filter": "((kind_id = 7) AND (production_year = 2000))",
                                "Rows Removed by Filter": 1246328
                              }
                            ]
                          }
                        ]
                      }
                    ]
                  }
                ]
              }
            ]
          }
        ]
      }
    ]
  },
  "Planning Time": 1.117,
  "Triggers": [],
  "Execution Time": 522.389
}