[
    {
        "Bao": {
            "Bao prediction": "NaN",
            "Bao recommended hint": "(no hint)"
        }
    },
    {
        "Plan": {
            "Node Type": "Aggregate",
            "Strategy": "Plain",
            "Partial Mode": "Finalize",
            "Parallel Aware": false,
            "Startup Cost": 82652.57,
            "Total Cost": 82652.58,
            "Plan Rows": 1,
            "Plan Width": 8,
            "Actual Startup Time": 261.262,
            "Actual Total Time": 272.561,
            "Actual Rows": 1,
            "Actual Loops": 1,
            "Output": [
                "count(*)"
            ],
            "Plans": [
                {
                    "Node Type": "Gather",
                    "Parent Relationship": "Outer",
                    "Parallel Aware": false,
                    "Startup Cost": 82652.26,
                    "Total Cost": 82652.57,
                    "Plan Rows": 3,
                    "Plan Width": 8,
                    "Actual Startup Time": 260.714,
                    "Actual Total Time": 272.549,
                    "Actual Rows": 4,
                    "Actual Loops": 1,
                    "Output": [
                        "(PARTIAL count(*))"
                    ],
                    "Workers Planned": 3,
                    "Workers Launched": 3,
                    "Single Copy": false,
                    "Plans": [
                        {
                            "Node Type": "Aggregate",
                            "Strategy": "Plain",
                            "Partial Mode": "Partial",
                            "Parent Relationship": "Outer",
                            "Parallel Aware": false,
                            "Startup Cost": 81652.26,
                            "Total Cost": 81652.27,
                            "Plan Rows": 1,
                            "Plan Width": 8,
                            "Actual Startup Time": 251.845,
                            "Actual Total Time": 251.849,
                            "Actual Rows": 1,
                            "Actual Loops": 4,
                            "Output": [
                                "PARTIAL count(*)"
                            ],
                            "Workers": [
                                {
                                    "Worker Number": 0,
                                    "Actual Startup Time": 248.641,
                                    "Actual Total Time": 248.645,
                                    "Actual Rows": 1,
                                    "Actual Loops": 1
                                },
                                {
                                    "Worker Number": 1,
                                    "Actual Startup Time": 248.956,
                                    "Actual Total Time": 248.959,
                                    "Actual Rows": 1,
                                    "Actual Loops": 1
                                },
                                {
                                    "Worker Number": 2,
                                    "Actual Startup Time": 249.432,
                                    "Actual Total Time": 249.434,
                                    "Actual Rows": 1,
                                    "Actual Loops": 1
                                }
                            ],
                            "Plans": [
                                {
                                    "Node Type": "Hash Join",
                                    "Parent Relationship": "Outer",
                                    "Parallel Aware": true,
                                    "Join Type": "Inner",
                                    "Startup Cost": 55029.91,
                                    "Total Cost": 81645.34,
                                    "Plan Rows": 2767,
                                    "Plan Width": 0,
                                    "Actual Startup Time": 157.507,
                                    "Actual Total Time": 251.572,
                                    "Actual Rows": 1972,
                                    "Actual Loops": 4,
                                    "Inner Unique": true,
                                    "Hash Cond": "(mk.movie_id = t.id)",
                                    "Workers": [
                                        {
                                            "Worker Number": 0,
                                            "Actual Startup Time": 154.466,
                                            "Actual Total Time": 248.389,
                                            "Actual Rows": 1436,
                                            "Actual Loops": 1
                                        },
                                        {
                                            "Worker Number": 1,
                                            "Actual Startup Time": 154.855,
                                            "Actual Total Time": 248.689,
                                            "Actual Rows": 1703,
                                            "Actual Loops": 1
                                        },
                                        {
                                            "Worker Number": 2,
                                            "Actual Startup Time": 155.018,
                                            "Actual Total Time": 249.162,
                                            "Actual Rows": 2173,
                                            "Actual Loops": 1
                                        }
                                    ],
                                    "Plans": [
                                        {
                                            "Node Type": "Bitmap Heap Scan",
                                            "Parent Relationship": "Outer",
                                            "Parallel Aware": true,
                                            "Relation Name": "movie_keyword",
                                            "Schema": "public",
                                            "Alias": "mk",
                                            "Startup Cost": 9397.71,
                                            "Total Cost": 35638.01,
                                            "Plan Rows": 142904,
                                            "Plan Width": 4,
                                            "Actual Startup Time": 46.485,
                                            "Actual Total Time": 117.74,
                                            "Actual Rows": 110633,
                                            "Actual Loops": 4,
                                            "Output": [
                                                "mk.id",
                                                "mk.movie_id",
                                                "mk.keyword_id"
                                            ],
                                            "Recheck Cond": "(mk.keyword_id < 347)",
                                            "Rows Removed by Index Recheck": 0,
                                            "Exact Heap Blocks": 7736,
                                            "Lossy Heap Blocks": 0,
                                            "Workers": [
                                                {
                                                    "Worker Number": 0,
                                                    "Actual Startup Time": 46.675,
                                                    "Actual Total Time": 119.594,
                                                    "Actual Rows": 88200,
                                                    "Actual Loops": 1
                                                },
                                                {
                                                    "Worker Number": 1,
                                                    "Actual Startup Time": 46.422,
                                                    "Actual Total Time": 118.814,
                                                    "Actual Rows": 90398,
                                                    "Actual Loops": 1
                                                },
                                                {
                                                    "Worker Number": 2,
                                                    "Actual Startup Time": 46.493,
                                                    "Actual Total Time": 119.192,
                                                    "Actual Rows": 123054,
                                                    "Actual Loops": 1
                                                }
                                            ],
                                            "Plans": [
                                                {
                                                    "Node Type": "Bitmap Index Scan",
                                                    "Parent Relationship": "Outer",
                                                    "Parallel Aware": false,
                                                    "Index Name": "keyword_id_movie_keyword",
                                                    "Startup Cost": 0.0,
                                                    "Total Cost": 9286.95,
                                                    "Plan Rows": 443003,
                                                    "Plan Width": 0,
                                                    "Actual Startup Time": 40.676,
                                                    "Actual Total Time": 40.677,
                                                    "Actual Rows": 442531,
                                                    "Actual Loops": 1,
                                                    "Index Cond": "(mk.keyword_id < 347)"
                                                }
                                            ]
                                        },
                                        {
                                            "Node Type": "Hash",
                                            "Parent Relationship": "Inner",
                                            "Parallel Aware": true,
                                            "Startup Cost": 45479.21,
                                            "Total Cost": 45479.21,
                                            "Plan Rows": 12240,
                                            "Plan Width": 4,
                                            "Actual Startup Time": 110.218,
                                            "Actual Total Time": 110.219,
                                            "Actual Rows": 13216,
                                            "Actual Loops": 4,
                                            "Output": [
                                                "t.id"
                                            ],
                                            "Hash Buckets": 65536,
                                            "Original Hash Buckets": 65536,
                                            "Hash Batches": 1,
                                            "Original Hash Batches": 1,
                                            "Peak Memory Usage": 2656,
                                            "Workers": [
                                                {
                                                    "Worker Number": 0,
                                                    "Actual Startup Time": 107.063,
                                                    "Actual Total Time": 107.064,
                                                    "Actual Rows": 9182,
                                                    "Actual Loops": 1
                                                },
                                                {
                                                    "Worker Number": 1,
                                                    "Actual Startup Time": 107.428,
                                                    "Actual Total Time": 107.429,
                                                    "Actual Rows": 9408,
                                                    "Actual Loops": 1
                                                },
                                                {
                                                    "Worker Number": 2,
                                                    "Actual Startup Time": 107.857,
                                                    "Actual Total Time": 107.857,
                                                    "Actual Rows": 13527,
                                                    "Actual Loops": 1
                                                }
                                            ],
                                            "Plans": [
                                                {
                                                    "Node Type": "Seq Scan",
                                                    "Parent Relationship": "Outer",
                                                    "Parallel Aware": true,
                                                    "Relation Name": "title",
                                                    "Schema": "public",
                                                    "Alias": "t",
                                                    "Startup Cost": 0.0,
                                                    "Total Cost": 45479.21,
                                                    "Plan Rows": 12240,
                                                    "Plan Width": 4,
                                                    "Actual Startup Time": 0.049,
                                                    "Actual Total Time": 103.51,
                                                    "Actual Rows": 13216,
                                                    "Actual Loops": 4,
                                                    "Output": [
                                                        "t.id"
                                                    ],
                                                    "Filter": "((t.kind_id > 1) AND (t.production_year = 2002))",
                                                    "Rows Removed by Filter": 618862,
                                                    "Workers": [
                                                        {
                                                            "Worker Number": 0,
                                                            "Actual Startup Time": 0.069,
                                                            "Actual Total Time": 100.049,
                                                            "Actual Rows": 9182,
                                                            "Actual Loops": 1
                                                        },
                                                        {
                                                            "Worker Number": 1,
                                                            "Actual Startup Time": 0.06,
                                                            "Actual Total Time": 101.28,
                                                            "Actual Rows": 9408,
                                                            "Actual Loops": 1
                                                        },
                                                        {
                                                            "Worker Number": 2,
                                                            "Actual Startup Time": 0.054,
                                                            "Actual Total Time": 101.517,
                                                            "Actual Rows": 13527,
                                                            "Actual Loops": 1
                                                        }
                                                    ]
                                                }
                                            ]
                                        }
                                    ]
                                }
                            ]
                        }
                    ]
                }
            ]
        },
        "Planning Time": 287.855,
        "Triggers": [],
        "Execution Time": 272.662
    }
]