[
  {
    "Plan": {
      "Node Type": "Aggregate",
      "Strategy": "Plain",
      "Partial Mode": "Finalize",
      "Parallel Aware": false,
      "Startup Cost": 46019.33,
      "Total Cost": 46019.34,
      "Plan Rows": 1,
      "Plan Width": 8,
      "Actual Startup Time": 159.585,
      "Actual Total Time": 168.98,
      "Actual Rows": 1,
      "Actual Loops": 1,
      "Plans": [
        {
          "Node Type": "Gather",
          "Parent Relationship": "Outer",
          "Parallel Aware": false,
          "Startup Cost": 46019.02,
          "Total Cost": 46019.33,
          "Plan Rows": 3,
          "Plan Width": 8,
          "Actual Startup Time": 159.48,
          "Actual Total Time": 168.971,
          "Actual Rows": 4,
          "Actual Loops": 1,
          "Workers Planned": 3,
          "Workers Launched": 3,
          "Single Copy": false,
          "Plans": [
            {
              "Node Type": "Aggregate",
              "Strategy": "Plain",
              "Partial Mode": "Partial",
              "Parent Relationship": "Outer",
              "Parallel Aware": false,
              "Startup Cost": 45019.02,
              "Total Cost": 45019.03,
              "Plan Rows": 1,
              "Plan Width": 8,
              "Actual Startup Time": 150.749,
              "Actual Total Time": 150.75,
              "Actual Rows": 1,
              "Actual Loops": 4,
              "Plans": [
                {
                  "Node Type": "Seq Scan",
                  "Parent Relationship": "Outer",
                  "Parallel Aware": true,
                  "Relation Name": "movie_keyword",
                  "Alias": "mk",
                  "Startup Cost": 0.0,
                  "Total Cost": 42695.65,
                  "Plan Rows": 929345,
                  "Plan Width": 0,
                  "Actual Startup Time": 0.06,
                  "Actual Total Time": 118.531,
                  "Actual Rows": 719635,
                  "Actual Loops": 4,
                  "Filter": "(keyword_id < 8940)",
                  "Rows Removed by Filter": 411348
                }
              ]
            }
          ]
        }
      ]
    },
    "Planning Time": 0.226,
    "Triggers": [],
    "Execution Time": 169.031
  }
]