{
  "Plan": {
    "Node Type": "Aggregate",
    "Strategy": "Plain",
    "Partial Mode": "Finalize",
    "Parallel Aware": false,
    "Startup Cost": 182507.32,
    "Total Cost": 182507.33,
    "Plan Rows": 1,
    "Plan Width": 8,
    "Actual Startup Time": 926.68,
    "Actual Total Time": 970.959,
    "Actual Rows": 1,
    "Actual Loops": 1,
    "Plans": [
      {
        "Node Type": "Gather",
        "Parent Relationship": "Outer",
        "Parallel Aware": false,
        "Startup Cost": 182507.21,
        "Total Cost": 182507.32,
        "Plan Rows": 1,
        "Plan Width": 8,
        "Actual Startup Time": 920.896,
        "Actual Total Time": 970.95,
        "Actual Rows": 2,
        "Actual Loops": 1,
        "Workers Planned": 1,
        "Workers Launched": 1,
        "Single Copy": false,
        "Plans": [
          {
            "Node Type": "Aggregate",
            "Strategy": "Plain",
            "Partial Mode": "Partial",
            "Parent Relationship": "Outer",
            "Parallel Aware": false,
            "Startup Cost": 181507.21,
            "Total Cost": 181507.22,
            "Plan Rows": 1,
            "Plan Width": 8,
            "Actual Startup Time": 909.181,
            "Actual Total Time": 909.186,
            "Actual Rows": 1,
            "Actual Loops": 2,
            "Plans": [
              {
                "Node Type": "Nested Loop",
                "Parent Relationship": "Outer",
                "Parallel Aware": false,
                "Join Type": "Inner",
                "Startup Cost": 71086.09,
                "Total Cost": 181085.41,
                "Plan Rows": 168721,
                "Plan Width": 0,
                "Actual Startup Time": 541.83,
                "Actual Total Time": 895.68,
                "Actual Rows": 278738,
                "Actual Loops": 2,
                "Inner Unique": false,
                "Plans": [
                  {
                    "Node Type": "Hash Join",
                    "Parent Relationship": "Outer",
                    "Parallel Aware": true,
                    "Join Type": "Inner",
                    "Startup Cost": 71085.65,
                    "Total Cost": 96219.87,
                    "Plan Rows": 44973,
                    "Plan Width": 8,
                    "Actual Startup Time": 541.773,
                    "Actual Total Time": 591.782,
                    "Actual Rows": 36248,
                    "Actual Loops": 2,
                    "Inner Unique": true,
                    "Hash Cond": "(mk.movie_id = t.id)",
                    "Plans": [
                      {
                        "Node Type": "Bitmap Heap Scan",
                        "Parent Relationship": "Outer",
                        "Parallel Aware": true,
                        "Relation Name": "movie_keyword",
                        "Alias": "mk",
                        "Startup Cost": 1624.95,
                        "Total Cost": 26641.11,
                        "Plan Rows": 44973,
                        "Plan Width": 4,
                        "Actual Startup Time": 6.757,
                        "Actual Total Time": 31.44,
                        "Actual Rows": 36248,
                        "Actual Loops": 2,
                        "Recheck Cond": "(keyword_id = 335)",
                        "Rows Removed by Index Recheck": 0,
                        "Exact Heap Blocks": 9600,
                        "Lossy Heap Blocks": 0,
                        "Plans": [
                          {
                            "Node Type": "Bitmap Index Scan",
                            "Parent Relationship": "Outer",
                            "Parallel Aware": false,
                            "Index Name": "keyword_id_movie_keyword",
                            "Startup Cost": 0.0,
                            "Total Cost": 1605.84,
                            "Plan Rows": 76454,
                            "Plan Width": 0,
                            "Actual Startup Time": 4.46,
                            "Actual Total Time": 4.461,
                            "Actual Rows": 72496,
                            "Actual Loops": 1,
                            "Index Cond": "(keyword_id = 335)"
                          }
                        ]
                      },
                      {
                        "Node Type": "Hash",
                        "Parent Relationship": "Inner",
                        "Parallel Aware": true,
                        "Startup Cost": 50870.31,
                        "Total Cost": 50870.31,
                        "Plan Rows": 1487231,
                        "Plan Width": 4,
                        "Actual Startup Time": 513.652,
                        "Actual Total Time": 513.653,
                        "Actual Rows": 1264156,
                        "Actual Loops": 2,
                        "Hash Buckets": 4194304,
                        "Original Hash Buckets": 4194304,
                        "Hash Batches": 1,
                        "Original Hash Batches": 1,
                        "Peak Memory Usage": 131712,
                        "Plans": [
                          {
                            "Node Type": "Seq Scan",
                            "Parent Relationship": "Outer",
                            "Parallel Aware": true,
                            "Relation Name": "title",
                            "Alias": "t",
                            "Startup Cost": 0.0,
                            "Total Cost": 50870.31,
                            "Plan Rows": 1487231,
                            "Plan Width": 4,
                            "Actual Startup Time": 0.024,
                            "Actual Total Time": 147.493,
                            "Actual Rows": 1264156,
                            "Actual Loops": 2
                          }
                        ]
                      }
                    ]
                  },
                  {
                    "Node Type": "Index Scan",
                    "Parent Relationship": "Inner",
                    "Parallel Aware": false,
                    "Scan Direction": "Forward",
                    "Index Name": "movie_id_movie_info",
                    "Relation Name": "movie_info",
                    "Alias": "mi",
                    "Startup Cost": 0.43,
                    "Total Cost": 1.62,
                    "Plan Rows": 27,
                    "Plan Width": 4,
                    "Actual Startup Time": 0.003,
                    "Actual Total Time": 0.008,
                    "Actual Rows": 8,
                    "Actual Loops": 72496,
                    "Index Cond": "(movie_id = t.id)",
                    "Rows Removed by Index Recheck": 0,
                    "Filter": "(info_type_id < 16)",
                    "Rows Removed by Filter": 4
                  }
                ]
              }
            ]
          }
        ]
      }
    ]
  },
  "Planning Time": 0.864,
  "Triggers": [],
  "Execution Time": 971.064
}