[
  {
    "Plan": {
      "Node Type": "Aggregate",
      "Strategy": "Plain",
      "Partial Mode": "Simple",
      "Parallel Aware": false,
      "Startup Cost": 3175.78,
      "Total Cost": 3175.79,
      "Plan Rows": 1,
      "Plan Width": 96,
      "Actual Startup Time": 64.355,
      "Actual Total Time": 64.36,
      "Actual Rows": 1,
      "Actual Loops": 1,
      "Output": [
        "min(cn.name)",
        "min((lt.link)::text)",
        "min(t.title)"
      ],
      "Plans": [
        {
          "Node Type": "Nested Loop",
          "Parent Relationship": "Outer",
          "Parallel Aware": false,
          "Join Type": "Inner",
          "Startup Cost": 2666.8,
          "Total Cost": 3175.77,
          "Plan Rows": 1,
          "Plan Width": 48,
          "Actual Startup Time": 40.825,
          "Actual Total Time": 64.318,
          "Actual Rows": 67,
          "Actual Loops": 1,
          "Output": [
            "cn.name",
            "lt.link",
            "t.title"
          ],
          "Inner Unique": true,
          "Plans": [
            {
              "Node Type": "Nested Loop",
              "Parent Relationship": "Outer",
              "Parallel Aware": false,
              "Join Type": "Inner",
              "Startup Cost": 2666.67,
              "Total Cost": 3175.6,
              "Plan Rows": 1,
              "Plan Width": 52,
              "Actual Startup Time": 40.813,
              "Actual Total Time": 64.208,
              "Actual Rows": 67,
              "Actual Loops": 1,
              "Output": [
                "cn.name",
                "mc.company_type_id",
                "lt.link",
                "t.title"
              ],
              "Inner Unique": true,
              "Plans": [
                {
                  "Node Type": "Nested Loop",
                  "Parent Relationship": "Outer",
                  "Parallel Aware": false,
                  "Join Type": "Inner",
                  "Startup Cost": 2666.25,
                  "Total Cost": 3175.15,
                  "Plan Rows": 1,
                  "Plan Width": 37,
                  "Actual Startup Time": 40.699,
                  "Actual Total Time": 63.346,
                  "Actual Rows": 184,
                  "Actual Loops": 1,
                  "Output": [
                    "mc.company_type_id",
                    "mc.company_id",
                    "lt.link",
                    "t.title"
                  ],
                  "Inner Unique": false,
                  "Join Filter": "(ml.movie_id = mc.movie_id)",
                  "Rows Removed by Join Filter": 0,
                  "Plans": [
                    {
                      "Node Type": "Nested Loop",
                      "Parent Relationship": "Outer",
                      "Parallel Aware": false,
                      "Join Type": "Inner",
                      "Startup Cost": 2665.82,
                      "Total Cost": 3174.57,
                      "Plan Rows": 1,
                      "Plan Width": 41,
                      "Actual Startup Time": 40.656,
                      "Actual Total Time": 62.856,
                      "Actual Rows": 49,
                      "Actual Loops": 1,
                      "Output": [
                        "mk.movie_id",
                        "ml.movie_id",
                        "lt.link",
                        "t.title",
                        "t.id"
                      ],
                      "Inner Unique": true,
                      "Join Filter": "(ml.movie_id = t.id)",
                      "Rows Removed by Join Filter": 0,
                      "Plans": [
                        {
                          "Node Type": "Hash Join",
                          "Parent Relationship": "Outer",
                          "Parallel Aware": false,
                          "Join Type": "Inner",
                          "Startup Cost": 2665.39,
                          "Total Cost": 3174.06,
                          "Plan Rows": 1,
                          "Plan Width": 20,
                          "Actual Startup Time": 40.315,
                          "Actual Total Time": 60.753,
                          "Actual Rows": 69,
                          "Actual Loops": 1,
                          "Output": [
                            "mk.movie_id",
                            "ml.movie_id",
                            "lt.link"
                          ],
                          "Inner Unique": true,
                          "Hash Cond": "(mk.keyword_id = k.id)",
                          "Plans": [
                            {
                              "Node Type": "Nested Loop",
                              "Parent Relationship": "Outer",
                              "Parallel Aware": false,
                              "Join Type": "Inner",
                              "Startup Cost": 39.25,
                              "Total Cost": 349.12,
                              "Plan Rows": 75732,
                              "Plan Width": 24,
                              "Actual Startup Time": 0.536,
                              "Actual Total Time": 21.925,
                              "Actual Rows": 17543,
                              "Actual Loops": 1,
                              "Output": [
                                "lt.link",
                                "ml.movie_id",
                                "mk.movie_id",
                                "mk.keyword_id"
                              ],
                              "Inner Unique": false,
                              "Plans": [
                                {
                                  "Node Type": "Nested Loop",
                                  "Parent Relationship": "Outer",
                                  "Parallel Aware": false,
                                  "Join Type": "Inner",
                                  "Startup Cost": 38.82,
                                  "Total Cost": 245.23,
                                  "Plan Rows": 16,
                                  "Plan Width": 16,
                                  "Actual Startup Time": 0.5,
                                  "Actual Total Time": 3.283,
                                  "Actual Rows": 2315,
                                  "Actual Loops": 1,
                                  "Output": [
                                    "lt.link",
                                    "ml.movie_id"
                                  ],
                                  "Inner Unique": false,
                                  "Plans": [
                                    {
                                      "Node Type": "Seq Scan",
                                      "Parent Relationship": "Outer",
                                      "Parallel Aware": false,
                                      "Relation Name": "link_type",
                                      "Schema": "public",
                                      "Alias": "lt",
                                      "Startup Cost": 0.0,
                                      "Total Cost": 1.23,
                                      "Plan Rows": 1,
                                      "Plan Width": 16,
                                      "Actual Startup Time": 0.024,
                                      "Actual Total Time": 0.03,
                                      "Actual Rows": 2,
                                      "Actual Loops": 1,
                                      "Output": [
                                        "lt.id",
                                        "lt.link"
                                      ],
                                      "Filter": "((lt.link)::text ~~ '%follow%'::text)",
                                      "Rows Removed by Filter": 16
                                    },
                                    {
                                      "Node Type": "Bitmap Heap Scan",
                                      "Parent Relationship": "Inner",
                                      "Parallel Aware": false,
                                      "Relation Name": "movie_link",
                                      "Schema": "public",
                                      "Alias": "ml",
                                      "Startup Cost": 38.82,
                                      "Total Cost": 225.26,
                                      "Plan Rows": 1875,
                                      "Plan Width": 8,
                                      "Actual Startup Time": 0.304,
                                      "Actual Total Time": 1.442,
                                      "Actual Rows": 1158,
                                      "Actual Loops": 2,
                                      "Output": [
                                        "ml.id",
                                        "ml.movie_id",
                                        "ml.linked_movie_id",
                                        "ml.link_type_id"
                                      ],
                                      "Recheck Cond": "(ml.link_type_id = lt.id)",
                                      "Rows Removed by Index Recheck": 0,
                                      "Exact Heap Blocks": 191,
                                      "Lossy Heap Blocks": 0,
                                      "Plans": [
                                        {
                                          "Node Type": "Bitmap Index Scan",
                                          "Parent Relationship": "Outer",
                                          "Parallel Aware": false,
                                          "Index Name": "link_type_id_movie_link",
                                          "Startup Cost": 0.0,
                                          "Total Cost": 38.35,
                                          "Plan Rows": 1875,
                                          "Plan Width": 0,
                                          "Actual Startup Time": 0.267,
                                          "Actual Total Time": 0.267,
                                          "Actual Rows": 1158,
                                          "Actual Loops": 2,
                                          "Index Cond": "(ml.link_type_id = lt.id)"
                                        }
                                      ]
                                    }
                                  ]
                                },
                                {
                                  "Node Type": "Index Scan",
                                  "Parent Relationship": "Inner",
                                  "Parallel Aware": false,
                                  "Scan Direction": "Forward",
                                  "Index Name": "movie_id_movie_keyword",
                                  "Relation Name": "movie_keyword",
                                  "Schema": "public",
                                  "Alias": "mk",
                                  "Startup Cost": 0.43,
                                  "Total Cost": 6.04,
                                  "Plan Rows": 45,
                                  "Plan Width": 8,
                                  "Actual Startup Time": 0.005,
                                  "Actual Total Time": 0.007,
                                  "Actual Rows": 8,
                                  "Actual Loops": 2315,
                                  "Output": [
                                    "mk.id",
                                    "mk.movie_id",
                                    "mk.keyword_id"
                                  ],
                                  "Index Cond": "(mk.movie_id = ml.movie_id)",
                                  "Rows Removed by Index Recheck": 0
                                }
                              ]
                            },
                            {
                              "Node Type": "Hash",
                              "Parent Relationship": "Inner",
                              "Parallel Aware": false,
                              "Startup Cost": 2626.12,
                              "Total Cost": 2626.12,
                              "Plan Rows": 1,
                              "Plan Width": 4,
                              "Actual Startup Time": 37.168,
                              "Actual Total Time": 37.169,
                              "Actual Rows": 1,
                              "Actual Loops": 1,
                              "Output": [
                                "k.id"
                              ],
                              "Hash Buckets": 1024,
                              "Original Hash Buckets": 1024,
                              "Hash Batches": 1,
                              "Original Hash Batches": 1,
                              "Peak Memory Usage": 9,
                              "Plans": [
                                {
                                  "Node Type": "Seq Scan",
                                  "Parent Relationship": "Outer",
                                  "Parallel Aware": false,
                                  "Relation Name": "keyword",
                                  "Schema": "public",
                                  "Alias": "k",
                                  "Startup Cost": 0.0,
                                  "Total Cost": 2626.12,
                                  "Plan Rows": 1,
                                  "Plan Width": 4,
                                  "Actual Startup Time": 3.601,
                                  "Actual Total Time": 37.16,
                                  "Actual Rows": 1,
                                  "Actual Loops": 1,
                                  "Output": [
                                    "k.id"
                                  ],
                                  "Filter": "(k.keyword = 'detective'::text)",
                                  "Rows Removed by Filter": 134169
                                }
                              ]
                            }
                          ]
                        },
                        {
                          "Node Type": "Index Scan",
                          "Parent Relationship": "Inner",
                          "Parallel Aware": false,
                          "Scan Direction": "Forward",
                          "Index Name": "title_pkey",
                          "Relation Name": "title",
                          "Schema": "public",
                          "Alias": "t",
                          "Startup Cost": 0.43,
                          "Total Cost": 0.49,
                          "Plan Rows": 1,
                          "Plan Width": 21,
                          "Actual Startup Time": 0.03,
                          "Actual Total Time": 0.03,
                          "Actual Rows": 1,
                          "Actual Loops": 69,
                          "Output": [
                            "t.id",
                            "t.title",
                            "t.imdb_index",
                            "t.kind_id",
                            "t.production_year",
                            "t.imdb_id",
                            "t.phonetic_code",
                            "t.episode_of_id",
                            "t.season_nr",
                            "t.episode_nr",
                            "t.series_years",
                            "t.md5sum"
                          ],
                          "Index Cond": "(t.id = mk.movie_id)",
                          "Rows Removed by Index Recheck": 0,
                          "Filter": "((t.production_year >= 1997) AND (t.production_year <= 2013))",
                          "Rows Removed by Filter": 0
                        }
                      ]
                    },
                    {
                      "Node Type": "Index Scan",
                      "Parent Relationship": "Inner",
                      "Parallel Aware": false,
                      "Scan Direction": "Forward",
                      "Index Name": "movie_id_movie_companies",
                      "Relation Name": "movie_companies",
                      "Schema": "public",
                      "Alias": "mc",
                      "Startup Cost": 0.43,
                      "Total Cost": 0.54,
                      "Plan Rows": 3,
                      "Plan Width": 12,
                      "Actual Startup Time": 0.007,
                      "Actual Total Time": 0.009,
                      "Actual Rows": 4,
                      "Actual Loops": 49,
                      "Output": [
                        "mc.id",
                        "mc.movie_id",
                        "mc.company_id",
                        "mc.company_type_id",
                        "mc.note"
                      ],
                      "Index Cond": "(mc.movie_id = mk.movie_id)",
                      "Rows Removed by Index Recheck": 0,
                      "Filter": "(mc.note IS NULL)",
                      "Rows Removed by Filter": 4
                    }
                  ]
                },
                {
                  "Node Type": "Index Scan",
                  "Parent Relationship": "Inner",
                  "Parallel Aware": false,
                  "Scan Direction": "Forward",
                  "Index Name": "company_name_pkey",
                  "Relation Name": "company_name",
                  "Schema": "public",
                  "Alias": "cn",
                  "Startup Cost": 0.42,
                  "Total Cost": 0.46,
                  "Plan Rows": 1,
                  "Plan Width": 23,
                  "Actual Startup Time": 0.004,
                  "Actual Total Time": 0.004,
                  "Actual Rows": 0,
                  "Actual Loops": 184,
                  "Output": [
                    "cn.id",
                    "cn.name",
                    "cn.country_code",
                    "cn.imdb_id",
                    "cn.name_pcode_nf",
                    "cn.name_pcode_sf",
                    "cn.md5sum"
                  ],
                  "Index Cond": "(cn.id = mc.company_id)",
                  "Rows Removed by Index Recheck": 0,
                  "Filter": "(((cn.country_code)::text <> '[fr]'::text) AND ((cn.name ~~ '%Film%'::text) OR (cn.name ~~ '%Warner%'::text)))",
                  "Rows Removed by Filter": 1
                }
              ]
            },
            {
              "Node Type": "Index Scan",
              "Parent Relationship": "Inner",
              "Parallel Aware": false,
              "Scan Direction": "Forward",
              "Index Name": "company_type_pkey",
              "Relation Name": "company_type",
              "Schema": "public",
              "Alias": "ct",
              "Startup Cost": 0.13,
              "Total Cost": 0.15,
              "Plan Rows": 1,
              "Plan Width": 4,
              "Actual Startup Time": 0.001,
              "Actual Total Time": 0.001,
              "Actual Rows": 1,
              "Actual Loops": 67,
              "Output": [
                "ct.id",
                "ct.kind"
              ],
              "Index Cond": "(ct.id = mc.company_type_id)",
              "Rows Removed by Index Recheck": 0,
              "Filter": "((ct.kind)::text = 'production companies'::text)",
              "Rows Removed by Filter": 0
            }
          ]
        }
      ]
    },
    "Planning Time": 80399.594,
    "Triggers": [],
    "Execution Time": 64.846
  }
]