{
  "Plan": {
    "Node Type": "Aggregate",
    "Strategy": "Plain",
    "Partial Mode": "Finalize",
    "Parallel Aware": false,
    "Startup Cost": 94410.57,
    "Total Cost": 94410.58,
    "Plan Rows": 1,
    "Plan Width": 8,
    "Actual Startup Time": 267.609,
    "Actual Total Time": 284.496,
    "Actual Rows": 1,
    "Actual Loops": 1,
    "Plans": [
      {
        "Node Type": "Gather",
        "Parent Relationship": "Outer",
        "Parallel Aware": false,
        "Startup Cost": 94410.46,
        "Total Cost": 94410.57,
        "Plan Rows": 1,
        "Plan Width": 8,
        "Actual Startup Time": 267.039,
        "Actual Total Time": 284.488,
        "Actual Rows": 2,
        "Actual Loops": 1,
        "Workers Planned": 1,
        "Workers Launched": 1,
        "Single Copy": false,
        "Plans": [
          {
            "Node Type": "Aggregate",
            "Strategy": "Plain",
            "Partial Mode": "Partial",
            "Parent Relationship": "Outer",
            "Parallel Aware": false,
            "Startup Cost": 93410.46,
            "Total Cost": 93410.47,
            "Plan Rows": 1,
            "Plan Width": 8,
            "Actual Startup Time": 261.107,
            "Actual Total Time": 261.111,
            "Actual Rows": 1,
            "Actual Loops": 2,
            "Plans": [
              {
                "Node Type": "Hash Join",
                "Parent Relationship": "Outer",
                "Parallel Aware": true,
                "Join Type": "Inner",
                "Startup Cost": 65961.79,
                "Total Cost": 93395.97,
                "Plan Rows": 5797,
                "Plan Width": 0,
                "Actual Startup Time": 176.594,
                "Actual Total Time": 260.984,
                "Actual Rows": 1610,
                "Actual Loops": 2,
                "Inner Unique": true,
                "Hash Cond": "(mk.movie_id = t.id)",
                "Plans": [
                  {
                    "Node Type": "Bitmap Heap Scan",
                    "Parent Relationship": "Outer",
                    "Parallel Aware": true,
                    "Relation Name": "movie_keyword",
                    "Alias": "mk",
                    "Startup Cost": 7108.39,
                    "Total Cost": 34025.34,
                    "Plan Rows": 197036,
                    "Plan Width": 4,
                    "Actual Startup Time": 24.175,
                    "Actual Total Time": 84.513,
                    "Actual Rows": 174488,
                    "Actual Loops": 2,
                    "Recheck Cond": "(keyword_id < 309)",
                    "Rows Removed by Index Recheck": 0,
                    "Exact Heap Blocks": 13145,
                    "Lossy Heap Blocks": 0,
                    "Plans": [
                      {
                        "Node Type": "Bitmap Index Scan",
                        "Parent Relationship": "Outer",
                        "Parallel Aware": false,
                        "Index Name": "keyword_id_movie_keyword",
                        "Startup Cost": 0.0,
                        "Total Cost": 7024.65,
                        "Plan Rows": 334962,
                        "Plan Width": 0,
                        "Actual Startup Time": 20.567,
                        "Actual Total Time": 20.568,
                        "Actual Rows": 348976,
                        "Actual Loops": 1,
                        "Index Cond": "(keyword_id < 309)"
                      }
                    ]
                  },
                  {
                    "Node Type": "Hash",
                    "Parent Relationship": "Inner",
                    "Parallel Aware": true,
                    "Startup Cost": 58306.47,
                    "Total Cost": 58306.47,
                    "Plan Rows": 43755,
                    "Plan Width": 4,
                    "Actual Startup Time": 149.895,
                    "Actual Total Time": 149.896,
                    "Actual Rows": 42054,
                    "Actual Loops": 2,
                    "Hash Buckets": 131072,
                    "Original Hash Buckets": 131072,
                    "Hash Batches": 1,
                    "Original Hash Batches": 1,
                    "Peak Memory Usage": 4352,
                    "Plans": [
                      {
                        "Node Type": "Seq Scan",
                        "Parent Relationship": "Outer",
                        "Parallel Aware": true,
                        "Relation Name": "title",
                        "Alias": "t",
                        "Startup Cost": 0.0,
                        "Total Cost": 58306.47,
                        "Plan Rows": 43755,
                        "Plan Width": 4,
                        "Actual Startup Time": 0.034,
                        "Actual Total Time": 138.504,
                        "Actual Rows": 42054,
                        "Actual Loops": 2,
                        "Filter": "((kind_id = 7) AND (production_year = 2008))",
                        "Rows Removed by Filter": 1222102
                      }
                    ]
                  }
                ]
              }
            ]
          }
        ]
      }
    ]
  },
  "Planning Time": 0.5,
  "Triggers": [],
  "Execution Time": 284.592
}