{
  "Plan": {
    "Node Type": "Aggregate",
    "Strategy": "Plain",
    "Partial Mode": "Finalize",
    "Parallel Aware": false,
    "Startup Cost": 58138.85,
    "Total Cost": 58138.86,
    "Plan Rows": 1,
    "Plan Width": 8,
    "Actual Startup Time": 189.539,
    "Actual Total Time": 198.847,
    "Actual Rows": 1,
    "Actual Loops": 1,
    "Plans": [
      {
        "Node Type": "Gather",
        "Parent Relationship": "Outer",
        "Parallel Aware": false,
        "Startup Cost": 58138.74,
        "Total Cost": 58138.85,
        "Plan Rows": 1,
        "Plan Width": 8,
        "Actual Startup Time": 189.067,
        "Actual Total Time": 198.839,
        "Actual Rows": 2,
        "Actual Loops": 1,
        "Workers Planned": 1,
        "Workers Launched": 1,
        "Single Copy": false,
        "Plans": [
          {
            "Node Type": "Aggregate",
            "Strategy": "Plain",
            "Partial Mode": "Partial",
            "Parent Relationship": "Outer",
            "Parallel Aware": false,
            "Startup Cost": 57138.74,
            "Total Cost": 57138.75,
            "Plan Rows": 1,
            "Plan Width": 8,
            "Actual Startup Time": 183.205,
            "Actual Total Time": 183.209,
            "Actual Rows": 1,
            "Actual Loops": 2,
            "Plans": [
              {
                "Node Type": "Hash Join",
                "Parent Relationship": "Outer",
                "Parallel Aware": true,
                "Join Type": "Inner",
                "Startup Cost": 38903.36,
                "Total Cost": 57087.15,
                "Plan Rows": 20638,
                "Plan Width": 0,
                "Actual Startup Time": 77.716,
                "Actual Total Time": 181.413,
                "Actual Rows": 44814,
                "Actual Loops": 2,
                "Inner Unique": true,
                "Hash Cond": "(mi_idx.movie_id = t.id)",
                "Plans": [
                  {
                    "Node Type": "Seq Scan",
                    "Parent Relationship": "Outer",
                    "Parallel Aware": true,
                    "Relation Name": "movie_info_idx",
                    "Alias": "mi_idx",
                    "Startup Cost": 0.0,
                    "Total Cost": 16052.85,
                    "Plan Rows": 811785,
                    "Plan Width": 4,
                    "Actual Startup Time": 0.018,
                    "Actual Total Time": 46.804,
                    "Actual Rows": 690018,
                    "Actual Loops": 2
                  },
                  {
                    "Node Type": "Hash",
                    "Parent Relationship": "Inner",
                    "Parallel Aware": true,
                    "Startup Cost": 38430.73,
                    "Total Cost": 38430.73,
                    "Plan Rows": 37810,
                    "Plan Width": 4,
                    "Actual Startup Time": 76.412,
                    "Actual Total Time": 76.414,
                    "Actual Rows": 34459,
                    "Actual Loops": 2,
                    "Hash Buckets": 131072,
                    "Original Hash Buckets": 65536,
                    "Hash Batches": 1,
                    "Original Hash Batches": 1,
                    "Peak Memory Usage": 4256,
                    "Plans": [
                      {
                        "Node Type": "Bitmap Heap Scan",
                        "Parent Relationship": "Outer",
                        "Parallel Aware": true,
                        "Relation Name": "title",
                        "Alias": "t",
                        "Startup Cost": 1632.61,
                        "Total Cost": 38430.73,
                        "Plan Rows": 37810,
                        "Plan Width": 4,
                        "Actual Startup Time": 21.882,
                        "Actual Total Time": 67.238,
                        "Actual Rows": 34459,
                        "Actual Loops": 2,
                        "Recheck Cond": "(kind_id = 2)",
                        "Rows Removed by Index Recheck": 0,
                        "Filter": "(production_year < 2009)",
                        "Rows Removed by Filter": 10967,
                        "Exact Heap Blocks": 19993,
                        "Lossy Heap Blocks": 0,
                        "Plans": [
                          {
                            "Node Type": "Bitmap Index Scan",
                            "Parent Relationship": "Outer",
                            "Parallel Aware": false,
                            "Index Name": "kind_id_title",
                            "Startup Cost": 0.0,
                            "Total Cost": 1616.54,
                            "Plan Rows": 90681,
                            "Plan Width": 0,
                            "Actual Startup Time": 19.107,
                            "Actual Total Time": 19.108,
                            "Actual Rows": 90852,
                            "Actual Loops": 1,
                            "Index Cond": "(kind_id = 2)"
                          }
                        ]
                      }
                    ]
                  }
                ]
              }
            ]
          }
        ]
      }
    ]
  },
  "Planning Time": 0.445,
  "Triggers": [],
  "Execution Time": 198.939
}