[
  {
    "Plan": {
      "Node Type": "Aggregate",
      "Strategy": "Plain",
      "Partial Mode": "Finalize",
      "Parallel Aware": false,
      "Startup Cost": 649036.14,
      "Total Cost": 649036.15,
      "Plan Rows": 1,
      "Plan Width": 8,
      "Actual Startup Time": 5760.574,
      "Actual Total Time": 5848.983,
      "Actual Rows": 1,
      "Actual Loops": 1,
      "Plans": [
        {
          "Node Type": "Gather",
          "Parent Relationship": "Outer",
          "Parallel Aware": false,
          "Startup Cost": 649035.52,
          "Total Cost": 649036.13,
          "Plan Rows": 6,
          "Plan Width": 8,
          "Actual Startup Time": 5704.411,
          "Actual Total Time": 5848.966,
          "Actual Rows": 7,
          "Actual Loops": 1,
          "Workers Planned": 6,
          "Workers Launched": 6,
          "Single Copy": false,
          "Plans": [
            {
              "Node Type": "Aggregate",
              "Strategy": "Plain",
              "Partial Mode": "Partial",
              "Parent Relationship": "Outer",
              "Parallel Aware": false,
              "Startup Cost": 648035.52,
              "Total Cost": 648035.53,
              "Plan Rows": 1,
              "Plan Width": 8,
              "Actual Startup Time": 5670.782,
              "Actual Total Time": 5672.362,
              "Actual Rows": 1,
              "Actual Loops": 7,
              "Plans": [
                {
                  "Node Type": "Hash Join",
                  "Parent Relationship": "Outer",
                  "Parallel Aware": true,
                  "Join Type": "Inner",
                  "Startup Cost": 271326.97,
                  "Total Cost": 627316.17,
                  "Plan Rows": 8287738,
                  "Plan Width": 0,
                  "Actual Startup Time": 1533.699,
                  "Actual Total Time": 4987.779,
                  "Actual Rows": 17334346,
                  "Actual Loops": 7,
                  "Inner Unique": false,
                  "Hash Cond": "(ci.movie_id = t.id)",
                  "Plans": [
                    {
                      "Node Type": "Seq Scan",
                      "Parent Relationship": "Outer",
                      "Parallel Aware": true,
                      "Relation Name": "cast_info",
                      "Alias": "ci",
                      "Startup Cost": 0.0,
                      "Total Cost": 328162.03,
                      "Plan Rows": 3000457,
                      "Plan Width": 4,
                      "Actual Startup Time": 181.708,
                      "Actual Total Time": 574.123,
                      "Actual Rows": 2573114,
                      "Actual Loops": 7,
                      "Filter": "(person_id > 1811017)",
                      "Rows Removed by Filter": 2604649
                    },
                    {
                      "Node Type": "Hash",
                      "Parent Relationship": "Inner",
                      "Parallel Aware": true,
                      "Startup Cost": 253868.1,
                      "Total Cost": 253868.1,
                      "Plan Rows": 1396709,
                      "Plan Width": 8,
                      "Actual Startup Time": 1341.608,
                      "Actual Total Time": 1343.186,
                      "Actual Rows": 853949,
                      "Actual Loops": 7,
                      "Hash Buckets": 8388608,
                      "Original Hash Buckets": 8388608,
                      "Hash Batches": 1,
                      "Original Hash Batches": 1,
                      "Peak Memory Usage": 299456,
                      "Plans": [
                        {
                          "Node Type": "Hash Join",
                          "Parent Relationship": "Outer",
                          "Parallel Aware": true,
                          "Join Type": "Inner",
                          "Startup Cost": 48234.38,
                          "Total Cost": 253868.1,
                          "Plan Rows": 1396709,
                          "Plan Width": 8,
                          "Actual Startup Time": 175.234,
                          "Actual Total Time": 990.612,
                          "Actual Rows": 853949,
                          "Actual Loops": 7,
                          "Inner Unique": true,
                          "Hash Cond": "(mi.movie_id = t.id)",
                          "Plans": [
                            {
                              "Node Type": "Seq Scan",
                              "Parent Relationship": "Outer",
                              "Parallel Aware": true,
                              "Relation Name": "movie_info",
                              "Alias": "mi",
                              "Startup Cost": 0.0,
                              "Total Cost": 198952.16,
                              "Plan Rows": 2545353,
                              "Plan Width": 4,
                              "Actual Startup Time": 0.035,
                              "Actual Total Time": 329.716,
                              "Actual Rows": 1820665,
                              "Actual Loops": 7,
                              "Filter": "(info_type_id > 2)",
                              "Rows Removed by Filter": 298724
                            },
                            {
                              "Node Type": "Hash",
                              "Parent Relationship": "Inner",
                              "Parallel Aware": true,
                              "Startup Cost": 43898.92,
                              "Total Cost": 43898.92,
                              "Plan Rows": 346837,
                              "Plan Width": 4,
                              "Actual Startup Time": 172.501,
                              "Actual Total Time": 172.503,
                              "Actual Rows": 197350,
                              "Actual Loops": 7,
                              "Hash Buckets": 2097152,
                              "Original Hash Buckets": 2097152,
                              "Hash Batches": 1,
                              "Original Hash Batches": 1,
                              "Peak Memory Usage": 70528,
                              "Plans": [
                                {
                                  "Node Type": "Seq Scan",
                                  "Parent Relationship": "Outer",
                                  "Parallel Aware": true,
                                  "Relation Name": "title",
                                  "Alias": "t",
                                  "Startup Cost": 0.0,
                                  "Total Cost": 43898.92,
                                  "Plan Rows": 346837,
                                  "Plan Width": 4,
                                  "Actual Startup Time": 0.05,
                                  "Actual Total Time": 78.667,
                                  "Actual Rows": 197350,
                                  "Actual Loops": 7,
                                  "Filter": "(production_year > 2000)",
                                  "Rows Removed by Filter": 163837
                                }
                              ]
                            }
                          ]
                        }
                      ]
                    }
                  ]
                }
              ]
            }
          ]
        }
      ]
    },
    "Planning Time": 1.377,
    "Triggers": [],
    "Execution Time": 5849.08
  }
]