[
  {
    "Plan": {
      "Node Type": "Aggregate",
      "Strategy": "Plain",
      "Partial Mode": "Simple",
      "Parallel Aware": false,
      "Startup Cost": 3363.35,
      "Total Cost": 3363.36,
      "Plan Rows": 1,
      "Plan Width": 8,
      "Actual Startup Time": 1237.437,
      "Actual Total Time": 1237.442,
      "Actual Rows": 1,
      "Actual Loops": 1,
      "Plans": [
        {
          "Node Type": "Nested Loop",
          "Parent Relationship": "Outer",
          "Parallel Aware": false,
          "Join Type": "Inner",
          "Startup Cost": 7.36,
          "Total Cost": 3358.91,
          "Plan Rows": 1776,
          "Plan Width": 0,
          "Actual Startup Time": 14.876,
          "Actual Total Time": 1234.823,
          "Actual Rows": 11047,
          "Actual Loops": 1,
          "Inner Unique": false,
          "Plans": [
            {
              "Node Type": "Nested Loop",
              "Parent Relationship": "Outer",
              "Parallel Aware": false,
              "Join Type": "Inner",
              "Startup Cost": 6.79,
              "Total Cost": 3018.6,
              "Plan Rows": 124,
              "Plan Width": 8,
              "Actual Startup Time": 14.369,
              "Actual Total Time": 433.7,
              "Actual Rows": 178,
              "Actual Loops": 1,
              "Inner Unique": true,
              "Plans": [
                {
                  "Node Type": "Bitmap Heap Scan",
                  "Parent Relationship": "Outer",
                  "Parallel Aware": false,
                  "Relation Name": "movie_keyword",
                  "Alias": "mk",
                  "Startup Cost": 6.36,
                  "Total Cost": 926.55,
                  "Plan Rows": 249,
                  "Plan Width": 4,
                  "Actual Startup Time": 13.309,
                  "Actual Total Time": 15.96,
                  "Actual Rows": 310,
                  "Actual Loops": 1,
                  "Recheck Cond": "(keyword_id = 1396)",
                  "Rows Removed by Index Recheck": 0,
                  "Exact Heap Blocks": 293,
                  "Lossy Heap Blocks": 0,
                  "Plans": [
                    {
                      "Node Type": "Bitmap Index Scan",
                      "Parent Relationship": "Outer",
                      "Parallel Aware": false,
                      "Index Name": "keyword_id_movie_keyword",
                      "Startup Cost": 0.0,
                      "Total Cost": 6.3,
                      "Plan Rows": 249,
                      "Plan Width": 0,
                      "Actual Startup Time": 13.226,
                      "Actual Total Time": 13.227,
                      "Actual Rows": 310,
                      "Actual Loops": 1,
                      "Index Cond": "(keyword_id = 1396)"
                    }
                  ]
                },
                {
                  "Node Type": "Index Scan",
                  "Parent Relationship": "Inner",
                  "Parallel Aware": false,
                  "Scan Direction": "Forward",
                  "Index Name": "title_pkey",
                  "Relation Name": "title",
                  "Alias": "t",
                  "Startup Cost": 0.43,
                  "Total Cost": 8.4,
                  "Plan Rows": 1,
                  "Plan Width": 4,
                  "Actual Startup Time": 1.341,
                  "Actual Total Time": 1.341,
                  "Actual Rows": 1,
                  "Actual Loops": 310,
                  "Index Cond": "(id = mk.movie_id)",
                  "Rows Removed by Index Recheck": 0,
                  "Filter": "(production_year < 2004)",
                  "Rows Removed by Filter": 0
                }
              ]
            },
            {
              "Node Type": "Index Only Scan",
              "Parent Relationship": "Inner",
              "Parallel Aware": false,
              "Scan Direction": "Forward",
              "Index Name": "movie_id_cast_info",
              "Relation Name": "cast_info",
              "Alias": "ci",
              "Startup Cost": 0.56,
              "Total Cost": 2.39,
              "Plan Rows": 35,
              "Plan Width": 4,
              "Actual Startup Time": 4.227,
              "Actual Total Time": 4.476,
              "Actual Rows": 62,
              "Actual Loops": 178,
              "Index Cond": "(movie_id = t.id)",
              "Rows Removed by Index Recheck": 0,
              "Heap Fetches": 11047
            }
          ]
        }
      ]
    },
    "Planning Time": 0.711,
    "Triggers": [],
    "Execution Time": 1237.514
  }
]