[
  {
    "Plan": {
      "Node Type": "Aggregate",
      "Strategy": "Plain",
      "Partial Mode": "Finalize",
      "Parallel Aware": false,
      "Startup Cost": 80119.56,
      "Total Cost": 80119.57,
      "Plan Rows": 1,
      "Plan Width": 8,
      "Actual Startup Time": 261.332,
      "Actual Total Time": 276.702,
      "Actual Rows": 1,
      "Actual Loops": 1,
      "Plans": [
        {
          "Node Type": "Gather",
          "Parent Relationship": "Outer",
          "Parallel Aware": false,
          "Startup Cost": 80119.24,
          "Total Cost": 80119.55,
          "Plan Rows": 3,
          "Plan Width": 8,
          "Actual Startup Time": 259.513,
          "Actual Total Time": 276.693,
          "Actual Rows": 4,
          "Actual Loops": 1,
          "Workers Planned": 3,
          "Workers Launched": 3,
          "Single Copy": false,
          "Plans": [
            {
              "Node Type": "Aggregate",
              "Strategy": "Plain",
              "Partial Mode": "Partial",
              "Parent Relationship": "Outer",
              "Parallel Aware": false,
              "Startup Cost": 79119.24,
              "Total Cost": 79119.25,
              "Plan Rows": 1,
              "Plan Width": 8,
              "Actual Startup Time": 252.867,
              "Actual Total Time": 252.871,
              "Actual Rows": 1,
              "Actual Loops": 4,
              "Plans": [
                {
                  "Node Type": "Hash Join",
                  "Parent Relationship": "Outer",
                  "Parallel Aware": true,
                  "Join Type": "Inner",
                  "Startup Cost": 46608.69,
                  "Total Cost": 78987.98,
                  "Plan Rows": 52504,
                  "Plan Width": 0,
                  "Actual Startup Time": 166.953,
                  "Actual Total Time": 251.494,
                  "Actual Rows": 29184,
                  "Actual Loops": 4,
                  "Inner Unique": true,
                  "Hash Cond": "(mc.movie_id = t.id)",
                  "Plans": [
                    {
                      "Node Type": "Seq Scan",
                      "Parent Relationship": "Outer",
                      "Parallel Aware": true,
                      "Relation Name": "movie_companies",
                      "Alias": "mc",
                      "Startup Cost": 0.0,
                      "Total Cost": 31414.82,
                      "Plan Rows": 367420,
                      "Plan Width": 4,
                      "Actual Startup Time": 34.368,
                      "Actual Total Time": 73.978,
                      "Actual Rows": 311972,
                      "Actual Loops": 4,
                      "Filter": "((company_id > 222) AND (company_type_id = 2))",
                      "Rows Removed by Filter": 340310
                    },
                    {
                      "Node Type": "Hash",
                      "Parent Relationship": "Inner",
                      "Parallel Aware": true,
                      "Startup Cost": 45479.59,
                      "Total Cost": 45479.59,
                      "Plan Rows": 90328,
                      "Plan Width": 4,
                      "Actual Startup Time": 128.982,
                      "Actual Total Time": 128.983,
                      "Actual Rows": 64048,
                      "Actual Loops": 4,
                      "Hash Buckets": 524288,
                      "Original Hash Buckets": 524288,
                      "Hash Batches": 1,
                      "Original Hash Batches": 1,
                      "Peak Memory Usage": 14176,
                      "Plans": [
                        {
                          "Node Type": "Seq Scan",
                          "Parent Relationship": "Outer",
                          "Parallel Aware": true,
                          "Relation Name": "title",
                          "Alias": "t",
                          "Startup Cost": 0.0,
                          "Total Cost": 45479.59,
                          "Plan Rows": 90328,
                          "Plan Width": 4,
                          "Actual Startup Time": 0.035,
                          "Actual Total Time": 102.108,
                          "Actual Rows": 64048,
                          "Actual Loops": 4,
                          "Filter": "((kind_id > 4) AND (production_year < 1986))",
                          "Rows Removed by Filter": 568030
                        }
                      ]
                    }
                  ]
                }
              ]
            }
          ]
        }
      ]
    },
    "Planning Time": 0.665,
    "Triggers": [],
    "Execution Time": 276.765
  }
]