[
  {
    "Plan": {
      "Node Type": "Aggregate",
      "Strategy": "Plain",
      "Partial Mode": "Finalize",
      "Parallel Aware": false,
      "Startup Cost": 214938.58,
      "Total Cost": 214938.59,
      "Plan Rows": 1,
      "Plan Width": 8,
      "Actual Startup Time": 145.982,
      "Actual Total Time": 160.19,
      "Actual Rows": 1,
      "Actual Loops": 1,
      "Plans": [
        {
          "Node Type": "Gather",
          "Parent Relationship": "Outer",
          "Parallel Aware": false,
          "Startup Cost": 214938.06,
          "Total Cost": 214938.57,
          "Plan Rows": 5,
          "Plan Width": 8,
          "Actual Startup Time": 145.231,
          "Actual Total Time": 160.181,
          "Actual Rows": 6,
          "Actual Loops": 1,
          "Workers Planned": 5,
          "Workers Launched": 5,
          "Single Copy": false,
          "Plans": [
            {
              "Node Type": "Aggregate",
              "Strategy": "Plain",
              "Partial Mode": "Partial",
              "Parent Relationship": "Outer",
              "Parallel Aware": false,
              "Startup Cost": 213938.06,
              "Total Cost": 213938.07,
              "Plan Rows": 1,
              "Plan Width": 8,
              "Actual Startup Time": 140.34,
              "Actual Total Time": 140.345,
              "Actual Rows": 1,
              "Actual Loops": 6,
              "Plans": [
                {
                  "Node Type": "Hash Join",
                  "Parent Relationship": "Outer",
                  "Parallel Aware": true,
                  "Join Type": "Inner",
                  "Startup Cost": 50818.69,
                  "Total Cost": 213932.94,
                  "Plan Rows": 2049,
                  "Plan Width": 0,
                  "Actual Startup Time": 106.126,
                  "Actual Total Time": 140.184,
                  "Actual Rows": 1534,
                  "Actual Loops": 6,
                  "Inner Unique": true,
                  "Hash Cond": "(mi.movie_id = t.id)",
                  "Plans": [
                    {
                      "Node Type": "Bitmap Heap Scan",
                      "Parent Relationship": "Outer",
                      "Parallel Aware": true,
                      "Relation Name": "movie_info",
                      "Alias": "mi",
                      "Startup Cost": 6701.03,
                      "Total Cost": 169620.68,
                      "Plan Rows": 74132,
                      "Plan Width": 4,
                      "Actual Startup Time": 25.974,
                      "Actual Total Time": 51.03,
                      "Actual Rows": 61370,
                      "Actual Loops": 6,
                      "Recheck Cond": "(info_type_id = 17)",
                      "Rows Removed by Index Recheck": 0,
                      "Exact Heap Blocks": 2416,
                      "Lossy Heap Blocks": 0,
                      "Plans": [
                        {
                          "Node Type": "Bitmap Index Scan",
                          "Parent Relationship": "Outer",
                          "Parallel Aware": false,
                          "Index Name": "info_type_id_movie_info",
                          "Startup Cost": 0.0,
                          "Total Cost": 6608.37,
                          "Plan Rows": 370658,
                          "Plan Width": 0,
                          "Actual Startup Time": 24.28,
                          "Actual Total Time": 24.281,
                          "Actual Rows": 368218,
                          "Actual Loops": 1,
                          "Index Cond": "(info_type_id = 17)"
                        }
                      ]
                    },
                    {
                      "Node Type": "Hash",
                      "Parent Relationship": "Inner",
                      "Parallel Aware": true,
                      "Startup Cost": 43899.32,
                      "Total Cost": 43899.32,
                      "Plan Rows": 17467,
                      "Plan Width": 4,
                      "Actual Startup Time": 77.722,
                      "Actual Total Time": 77.724,
                      "Actual Rows": 11296,
                      "Actual Loops": 6,
                      "Hash Buckets": 131072,
                      "Original Hash Buckets": 131072,
                      "Hash Batches": 1,
                      "Original Hash Batches": 1,
                      "Peak Memory Usage": 3744,
                      "Plans": [
                        {
                          "Node Type": "Seq Scan",
                          "Parent Relationship": "Outer",
                          "Parallel Aware": true,
                          "Relation Name": "title",
                          "Alias": "t",
                          "Startup Cost": 0.0,
                          "Total Cost": 43899.32,
                          "Plan Rows": 17467,
                          "Plan Width": 4,
                          "Actual Startup Time": 0.029,
                          "Actual Total Time": 72.241,
                          "Actual Rows": 11296,
                          "Actual Loops": 6,
                          "Filter": "(production_year = 2003)",
                          "Rows Removed by Filter": 410089
                        }
                      ]
                    }
                  ]
                }
              ]
            }
          ]
        }
      ]
    },
    "Planning Time": 0.511,
    "Triggers": [],
    "Execution Time": 160.265
  }
]