[
  {
    "Plan": {
      "Node Type": "Aggregate",
      "Strategy": "Plain",
      "Partial Mode": "Finalize",
      "Parallel Aware": false,
      "Startup Cost": 111924.83,
      "Total Cost": 111924.84,
      "Plan Rows": 1,
      "Plan Width": 8,
      "Actual Startup Time": 455.955,
      "Actual Total Time": 476.434,
      "Actual Rows": 1,
      "Actual Loops": 1,
      "Plans": [
        {
          "Node Type": "Gather",
          "Parent Relationship": "Outer",
          "Parallel Aware": false,
          "Startup Cost": 111924.51,
          "Total Cost": 111924.82,
          "Plan Rows": 3,
          "Plan Width": 8,
          "Actual Startup Time": 453.482,
          "Actual Total Time": 476.423,
          "Actual Rows": 4,
          "Actual Loops": 1,
          "Workers Planned": 3,
          "Workers Launched": 3,
          "Single Copy": false,
          "Plans": [
            {
              "Node Type": "Aggregate",
              "Strategy": "Plain",
              "Partial Mode": "Partial",
              "Parent Relationship": "Outer",
              "Parallel Aware": false,
              "Startup Cost": 110924.51,
              "Total Cost": 110924.52,
              "Plan Rows": 1,
              "Plan Width": 8,
              "Actual Startup Time": 444.447,
              "Actual Total Time": 444.641,
              "Actual Rows": 1,
              "Actual Loops": 4,
              "Plans": [
                {
                  "Node Type": "Hash Join",
                  "Parent Relationship": "Outer",
                  "Parallel Aware": true,
                  "Join Type": "Inner",
                  "Startup Cost": 64029.1,
                  "Total Cost": 110654.27,
                  "Plan Rows": 108096,
                  "Plan Width": 0,
                  "Actual Startup Time": 277.857,
                  "Actual Total Time": 442.19,
                  "Actual Rows": 58356,
                  "Actual Loops": 4,
                  "Inner Unique": false,
                  "Hash Cond": "(mk.movie_id = t.id)",
                  "Plans": [
                    {
                      "Node Type": "Seq Scan",
                      "Parent Relationship": "Outer",
                      "Parallel Aware": true,
                      "Relation Name": "movie_keyword",
                      "Alias": "mk",
                      "Startup Cost": 0.0,
                      "Total Cost": 42695.65,
                      "Plan Rows": 975808,
                      "Plan Width": 4,
                      "Actual Startup Time": 0.05,
                      "Actual Total Time": 105.201,
                      "Actual Rows": 753629,
                      "Actual Loops": 4,
                      "Filter": "(keyword_id < 10734)",
                      "Rows Removed by Filter": 377353
                    },
                    {
                      "Node Type": "Hash",
                      "Parent Relationship": "Inner",
                      "Parallel Aware": true,
                      "Startup Cost": 63153.87,
                      "Total Cost": 63153.87,
                      "Plan Rows": 70018,
                      "Plan Width": 8,
                      "Actual Startup Time": 274.312,
                      "Actual Total Time": 274.505,
                      "Actual Rows": 35476,
                      "Actual Loops": 4,
                      "Hash Buckets": 524288,
                      "Original Hash Buckets": 524288,
                      "Hash Batches": 1,
                      "Original Hash Batches": 1,
                      "Peak Memory Usage": 9728,
                      "Plans": [
                        {
                          "Node Type": "Hash Join",
                          "Parent Relationship": "Outer",
                          "Parallel Aware": true,
                          "Join Type": "Inner",
                          "Startup Cost": 17522.41,
                          "Total Cost": 63153.87,
                          "Plan Rows": 70018,
                          "Plan Width": 8,
                          "Actual Startup Time": 90.236,
                          "Actual Total Time": 261.628,
                          "Actual Rows": 35476,
                          "Actual Loops": 4,
                          "Inner Unique": false,
                          "Hash Cond": "(t.id = mi_idx.movie_id)",
                          "Plans": [
                            {
                              "Node Type": "Seq Scan",
                              "Parent Relationship": "Outer",
                              "Parallel Aware": true,
                              "Relation Name": "title",
                              "Alias": "t",
                              "Startup Cost": 0.0,
                              "Total Cost": 43898.92,
                              "Plan Rows": 384216,
                              "Plan Width": 4,
                              "Actual Startup Time": 0.011,
                              "Actual Total Time": 86.817,
                              "Actual Rows": 385816,
                              "Actual Loops": 4,
                              "Filter": "(kind_id = 7)",
                              "Rows Removed by Filter": 246262
                            },
                            {
                              "Node Type": "Hash",
                              "Parent Relationship": "Inner",
                              "Parallel Aware": true,
                              "Startup Cost": 15122.68,
                              "Total Cost": 15122.68,
                              "Plan Rows": 191978,
                              "Plan Width": 4,
                              "Actual Startup Time": 88.414,
                              "Actual Total Time": 88.415,
                              "Actual Rows": 114981,
                              "Actual Loops": 4,
                              "Hash Buckets": 524288,
                              "Original Hash Buckets": 524288,
                              "Hash Batches": 1,
                              "Original Hash Batches": 1,
                              "Peak Memory Usage": 22144,
                              "Plans": [
                                {
                                  "Node Type": "Seq Scan",
                                  "Parent Relationship": "Outer",
                                  "Parallel Aware": true,
                                  "Relation Name": "movie_info_idx",
                                  "Alias": "mi_idx",
                                  "Startup Cost": 0.0,
                                  "Total Cost": 15122.68,
                                  "Plan Rows": 191978,
                                  "Plan Width": 4,
                                  "Actual Startup Time": 0.077,
                                  "Actual Total Time": 43.923,
                                  "Actual Rows": 114981,
                                  "Actual Loops": 4,
                                  "Filter": "(info_type_id = 101)",
                                  "Rows Removed by Filter": 230028
                                }
                              ]
                            }
                          ]
                        }
                      ]
                    }
                  ]
                }
              ]
            }
          ]
        }
      ]
    },
    "Planning Time": 1.457,
    "Triggers": [],
    "Execution Time": 476.516
  }
]