{
  "Plan": {
    "Node Type": "Aggregate",
    "Strategy": "Plain",
    "Partial Mode": "Finalize",
    "Parallel Aware": false,
    "Startup Cost": 116451.48,
    "Total Cost": 116451.49,
    "Plan Rows": 1,
    "Plan Width": 8,
    "Actual Startup Time": 367.053,
    "Actual Total Time": 380.741,
    "Actual Rows": 1,
    "Actual Loops": 1,
    "Plans": [
      {
        "Node Type": "Gather",
        "Parent Relationship": "Outer",
        "Parallel Aware": false,
        "Startup Cost": 116451.37,
        "Total Cost": 116451.48,
        "Plan Rows": 1,
        "Plan Width": 8,
        "Actual Startup Time": 366.956,
        "Actual Total Time": 380.734,
        "Actual Rows": 2,
        "Actual Loops": 1,
        "Workers Planned": 1,
        "Workers Launched": 1,
        "Single Copy": false,
        "Plans": [
          {
            "Node Type": "Aggregate",
            "Strategy": "Plain",
            "Partial Mode": "Partial",
            "Parent Relationship": "Outer",
            "Parallel Aware": false,
            "Startup Cost": 115451.37,
            "Total Cost": 115451.38,
            "Plan Rows": 1,
            "Plan Width": 8,
            "Actual Startup Time": 361.515,
            "Actual Total Time": 361.517,
            "Actual Rows": 1,
            "Actual Loops": 2,
            "Plans": [
              {
                "Node Type": "Hash Join",
                "Parent Relationship": "Outer",
                "Parallel Aware": true,
                "Join Type": "Inner",
                "Startup Cost": 54696.21,
                "Total Cost": 115434.68,
                "Plan Rows": 6674,
                "Plan Width": 0,
                "Actual Startup Time": 132.249,
                "Actual Total Time": 361.232,
                "Actual Rows": 5735,
                "Actual Loops": 2,
                "Inner Unique": true,
                "Hash Cond": "(mk.movie_id = t.id)",
                "Plans": [
                  {
                    "Node Type": "Seq Scan",
                    "Parent Relationship": "Outer",
                    "Parallel Aware": true,
                    "Relation Name": "movie_keyword",
                    "Alias": "mk",
                    "Startup Cost": 0.0,
                    "Total Cost": 57718.19,
                    "Plan Rows": 1150581,
                    "Plan Width": 4,
                    "Actual Startup Time": 0.557,
                    "Actual Total Time": 168.14,
                    "Actual Rows": 976480,
                    "Actual Loops": 2,
                    "Filter": "(keyword_id > 6589)",
                    "Rows Removed by Filter": 1285486
                  },
                  {
                    "Node Type": "Hash",
                    "Parent Relationship": "Inner",
                    "Parallel Aware": true,
                    "Startup Cost": 54588.39,
                    "Total Cost": 54588.39,
                    "Plan Rows": 8626,
                    "Plan Width": 4,
                    "Actual Startup Time": 130.327,
                    "Actual Total Time": 130.328,
                    "Actual Rows": 7300,
                    "Actual Loops": 2,
                    "Hash Buckets": 16384,
                    "Original Hash Buckets": 16384,
                    "Hash Batches": 1,
                    "Original Hash Batches": 1,
                    "Peak Memory Usage": 736,
                    "Plans": [
                      {
                        "Node Type": "Seq Scan",
                        "Parent Relationship": "Outer",
                        "Parallel Aware": true,
                        "Relation Name": "title",
                        "Alias": "t",
                        "Startup Cost": 0.0,
                        "Total Cost": 54588.39,
                        "Plan Rows": 8626,
                        "Plan Width": 4,
                        "Actual Startup Time": 0.127,
                        "Actual Total Time": 127.824,
                        "Actual Rows": 7300,
                        "Actual Loops": 2,
                        "Filter": "(production_year = 1967)",
                        "Rows Removed by Filter": 1256856
                      }
                    ]
                  }
                ]
              }
            ]
          }
        ]
      }
    ]
  },
  "Planning Time": 0.376,
  "Triggers": [],
  "Execution Time": 380.804
}