[
  {
    "Plan": {
      "Node Type": "Aggregate",
      "Strategy": "Plain",
      "Partial Mode": "Finalize",
      "Parallel Aware": false,
      "Startup Cost": 304982.4,
      "Total Cost": 304982.41,
      "Plan Rows": 1,
      "Plan Width": 8,
      "Actual Startup Time": 1017.903,
      "Actual Total Time": 1107.002,
      "Actual Rows": 1,
      "Actual Loops": 1,
      "Plans": [
        {
          "Node Type": "Gather",
          "Parent Relationship": "Outer",
          "Parallel Aware": false,
          "Startup Cost": 304981.98,
          "Total Cost": 304982.39,
          "Plan Rows": 4,
          "Plan Width": 8,
          "Actual Startup Time": 1016.551,
          "Actual Total Time": 1106.989,
          "Actual Rows": 5,
          "Actual Loops": 1,
          "Workers Planned": 4,
          "Workers Launched": 4,
          "Single Copy": false,
          "Plans": [
            {
              "Node Type": "Aggregate",
              "Strategy": "Plain",
              "Partial Mode": "Partial",
              "Parent Relationship": "Outer",
              "Parallel Aware": false,
              "Startup Cost": 303981.98,
              "Total Cost": 303981.99,
              "Plan Rows": 1,
              "Plan Width": 8,
              "Actual Startup Time": 1006.395,
              "Actual Total Time": 1006.398,
              "Actual Rows": 1,
              "Actual Loops": 5,
              "Plans": [
                {
                  "Node Type": "Nested Loop",
                  "Parent Relationship": "Outer",
                  "Parallel Aware": false,
                  "Join Type": "Inner",
                  "Startup Cost": 33028.67,
                  "Total Cost": 300942.75,
                  "Plan Rows": 1215690,
                  "Plan Width": 0,
                  "Actual Startup Time": 173.053,
                  "Actual Total Time": 983.721,
                  "Actual Rows": 360085,
                  "Actual Loops": 5,
                  "Inner Unique": false,
                  "Plans": [
                    {
                      "Node Type": "Hash Join",
                      "Parent Relationship": "Outer",
                      "Parallel Aware": true,
                      "Join Type": "Inner",
                      "Startup Cost": 33028.11,
                      "Total Cost": 78829.86,
                      "Plan Rows": 100024,
                      "Plan Width": 8,
                      "Actual Startup Time": 172.943,
                      "Actual Total Time": 244.932,
                      "Actual Rows": 16599,
                      "Actual Loops": 5,
                      "Inner Unique": false,
                      "Hash Cond": "(t.id = mc.movie_id)",
                      "Plans": [
                        {
                          "Node Type": "Seq Scan",
                          "Parent Relationship": "Outer",
                          "Parallel Aware": true,
                          "Relation Name": "title",
                          "Alias": "t",
                          "Startup Cost": 0.0,
                          "Total Cost": 42318.73,
                          "Plan Rows": 632073,
                          "Plan Width": 4,
                          "Actual Startup Time": 0.015,
                          "Actual Total Time": 71.912,
                          "Actual Rows": 505662,
                          "Actual Loops": 5
                        },
                        {
                          "Node Type": "Hash",
                          "Parent Relationship": "Inner",
                          "Parallel Aware": true,
                          "Startup Cost": 31414.82,
                          "Total Cost": 31414.82,
                          "Plan Rows": 129063,
                          "Plan Width": 4,
                          "Actual Startup Time": 76.147,
                          "Actual Total Time": 76.148,
                          "Actual Rows": 16599,
                          "Actual Loops": 5,
                          "Hash Buckets": 524288,
                          "Original Hash Buckets": 524288,
                          "Hash Batches": 1,
                          "Original Hash Batches": 1,
                          "Peak Memory Usage": 7424,
                          "Plans": [
                            {
                              "Node Type": "Seq Scan",
                              "Parent Relationship": "Outer",
                              "Parallel Aware": true,
                              "Relation Name": "movie_companies",
                              "Alias": "mc",
                              "Startup Cost": 0.0,
                              "Total Cost": 31414.82,
                              "Plan Rows": 129063,
                              "Plan Width": 4,
                              "Actual Startup Time": 22.71,
                              "Actual Total Time": 69.625,
                              "Actual Rows": 16599,
                              "Actual Loops": 5,
                              "Filter": "((company_id > 27670) AND (company_type_id = 1))",
                              "Rows Removed by Filter": 505227
                            }
                          ]
                        }
                      ]
                    },
                    {
                      "Node Type": "Index Scan",
                      "Parent Relationship": "Inner",
                      "Parallel Aware": false,
                      "Scan Direction": "Forward",
                      "Index Name": "movie_id_cast_info",
                      "Relation Name": "cast_info",
                      "Alias": "ci",
                      "Startup Cost": 0.56,
                      "Total Cost": 1.91,
                      "Plan Rows": 31,
                      "Plan Width": 4,
                      "Actual Startup Time": 0.011,
                      "Actual Total Time": 0.042,
                      "Actual Rows": 22,
                      "Actual Loops": 82994,
                      "Index Cond": "(movie_id = t.id)",
                      "Rows Removed by Index Recheck": 0,
                      "Filter": "(person_id > 546424)",
                      "Rows Removed by Filter": 4
                    }
                  ]
                }
              ]
            }
          ]
        }
      ]
    },
    "Planning Time": 1.456,
    "Triggers": [],
    "Execution Time": 1107.119
  }
]