[
  {
    "Plan": {
      "Node Type": "Aggregate",
      "Strategy": "Plain",
      "Partial Mode": "Finalize",
      "Parallel Aware": false,
      "Startup Cost": 335999.44,
      "Total Cost": 335999.45,
      "Plan Rows": 1,
      "Plan Width": 8,
      "Actual Startup Time": 769.062,
      "Actual Total Time": 829.093,
      "Actual Rows": 1,
      "Actual Loops": 1,
      "Plans": [
        {
          "Node Type": "Gather",
          "Parent Relationship": "Outer",
          "Parallel Aware": false,
          "Startup Cost": 335998.82,
          "Total Cost": 335999.43,
          "Plan Rows": 6,
          "Plan Width": 8,
          "Actual Startup Time": 768.948,
          "Actual Total Time": 829.084,
          "Actual Rows": 7,
          "Actual Loops": 1,
          "Workers Planned": 6,
          "Workers Launched": 6,
          "Single Copy": false,
          "Plans": [
            {
              "Node Type": "Aggregate",
              "Strategy": "Plain",
              "Partial Mode": "Partial",
              "Parent Relationship": "Outer",
              "Parallel Aware": false,
              "Startup Cost": 334998.82,
              "Total Cost": 334998.83,
              "Plan Rows": 1,
              "Plan Width": 8,
              "Actual Startup Time": 761.389,
              "Actual Total Time": 761.391,
              "Actual Rows": 1,
              "Actual Loops": 7,
              "Plans": [
                {
                  "Node Type": "Seq Scan",
                  "Parent Relationship": "Outer",
                  "Parallel Aware": true,
                  "Relation Name": "cast_info",
                  "Alias": "ci",
                  "Startup Cost": 0.0,
                  "Total Cost": 328162.03,
                  "Plan Rows": 2734717,
                  "Plan Width": 0,
                  "Actual Startup Time": 232.217,
                  "Actual Total Time": 644.792,
                  "Actual Rows": 2340675,
                  "Actual Loops": 7,
                  "Filter": "(person_id > 1993758)",
                  "Rows Removed by Filter": 2837089
                }
              ]
            }
          ]
        }
      ]
    },
    "Planning Time": 0.13,
    "Triggers": [],
    "Execution Time": 829.15
  }
]