[
  {
    "Plan": {
      "Node Type": "Aggregate",
      "Strategy": "Plain",
      "Partial Mode": "Finalize",
      "Parallel Aware": false,
      "Startup Cost": 92836.9,
      "Total Cost": 92836.91,
      "Plan Rows": 1,
      "Plan Width": 8,
      "Actual Startup Time": 315.91,
      "Actual Total Time": 331.069,
      "Actual Rows": 1,
      "Actual Loops": 1,
      "Plans": [
        {
          "Node Type": "Gather",
          "Parent Relationship": "Outer",
          "Parallel Aware": false,
          "Startup Cost": 92836.58,
          "Total Cost": 92836.89,
          "Plan Rows": 3,
          "Plan Width": 8,
          "Actual Startup Time": 314.172,
          "Actual Total Time": 331.052,
          "Actual Rows": 4,
          "Actual Loops": 1,
          "Workers Planned": 3,
          "Workers Launched": 3,
          "Single Copy": false,
          "Plans": [
            {
              "Node Type": "Aggregate",
              "Strategy": "Plain",
              "Partial Mode": "Partial",
              "Parent Relationship": "Outer",
              "Parallel Aware": false,
              "Startup Cost": 91836.58,
              "Total Cost": 91836.59,
              "Plan Rows": 1,
              "Plan Width": 8,
              "Actual Startup Time": 306.044,
              "Actual Total Time": 306.047,
              "Actual Rows": 1,
              "Actual Loops": 4,
              "Plans": [
                {
                  "Node Type": "Hash Join",
                  "Parent Relationship": "Outer",
                  "Parallel Aware": true,
                  "Join Type": "Inner",
                  "Startup Cost": 47469.69,
                  "Total Cost": 91513.17,
                  "Plan Rows": 129363,
                  "Plan Width": 0,
                  "Actual Startup Time": 158.952,
                  "Actual Total Time": 304.62,
                  "Actual Rows": 31008,
                  "Actual Loops": 4,
                  "Inner Unique": true,
                  "Hash Cond": "(mk.movie_id = t.id)",
                  "Plans": [
                    {
                      "Node Type": "Seq Scan",
                      "Parent Relationship": "Outer",
                      "Parallel Aware": true,
                      "Relation Name": "movie_keyword",
                      "Alias": "mk",
                      "Startup Cost": 0.0,
                      "Total Cost": 42695.65,
                      "Plan Rows": 513460,
                      "Plan Width": 4,
                      "Actual Startup Time": 0.029,
                      "Actual Total Time": 95.205,
                      "Actual Rows": 401547,
                      "Actual Loops": 4,
                      "Filter": "(keyword_id < 2488)",
                      "Rows Removed by Filter": 729435
                    },
                    {
                      "Node Type": "Hash",
                      "Parent Relationship": "Inner",
                      "Parallel Aware": true,
                      "Startup Cost": 45479.1,
                      "Total Cost": 45479.1,
                      "Plan Rows": 159247,
                      "Plan Width": 4,
                      "Actual Startup Time": 154.065,
                      "Actual Total Time": 154.066,
                      "Actual Rows": 129062,
                      "Actual Loops": 4,
                      "Hash Buckets": 1048576,
                      "Original Hash Buckets": 1048576,
                      "Hash Batches": 1,
                      "Original Hash Batches": 1,
                      "Peak Memory Usage": 28448,
                      "Plans": [
                        {
                          "Node Type": "Seq Scan",
                          "Parent Relationship": "Outer",
                          "Parallel Aware": true,
                          "Relation Name": "title",
                          "Alias": "t",
                          "Startup Cost": 0.0,
                          "Total Cost": 45479.1,
                          "Plan Rows": 159247,
                          "Plan Width": 4,
                          "Actual Startup Time": 0.039,
                          "Actual Total Time": 100.849,
                          "Actual Rows": 129062,
                          "Actual Loops": 4,
                          "Filter": "((kind_id > 3) AND (production_year < 1999))",
                          "Rows Removed by Filter": 503016
                        }
                      ]
                    }
                  ]
                }
              ]
            }
          ]
        }
      ]
    },
    "Planning Time": 0.463,
    "Triggers": [],
    "Execution Time": 331.121
  }
]