[
  {
    "Plan": {
      "Node Type": "Aggregate",
      "Strategy": "Plain",
      "Partial Mode": "Finalize",
      "Parallel Aware": false,
      "Startup Cost": 206984.89,
      "Total Cost": 206984.9,
      "Plan Rows": 1,
      "Plan Width": 8,
      "Actual Startup Time": 464.76,
      "Actual Total Time": 505.023,
      "Actual Rows": 1,
      "Actual Loops": 1,
      "Plans": [
        {
          "Node Type": "Gather",
          "Parent Relationship": "Outer",
          "Parallel Aware": false,
          "Startup Cost": 206984.36,
          "Total Cost": 206984.87,
          "Plan Rows": 5,
          "Plan Width": 8,
          "Actual Startup Time": 464.585,
          "Actual Total Time": 505.014,
          "Actual Rows": 6,
          "Actual Loops": 1,
          "Workers Planned": 5,
          "Workers Launched": 5,
          "Single Copy": false,
          "Plans": [
            {
              "Node Type": "Aggregate",
              "Strategy": "Plain",
              "Partial Mode": "Partial",
              "Parent Relationship": "Outer",
              "Parallel Aware": false,
              "Startup Cost": 205984.36,
              "Total Cost": 205984.37,
              "Plan Rows": 1,
              "Plan Width": 8,
              "Actual Startup Time": 458.823,
              "Actual Total Time": 458.825,
              "Actual Rows": 1,
              "Actual Loops": 6,
              "Plans": [
                {
                  "Node Type": "Seq Scan",
                  "Parent Relationship": "Outer",
                  "Parallel Aware": true,
                  "Relation Name": "movie_info",
                  "Alias": "mi",
                  "Startup Cost": 0.0,
                  "Total Cost": 199108.24,
                  "Plan Rows": 2750448,
                  "Plan Width": 0,
                  "Actual Startup Time": 0.034,
                  "Actual Total Time": 362.043,
                  "Actual Rows": 2291035,
                  "Actual Loops": 6,
                  "Filter": "(info_type_id < 70)",
                  "Rows Removed by Filter": 181585
                }
              ]
            }
          ]
        }
      ]
    },
    "Planning Time": 0.121,
    "Triggers": [],
    "Execution Time": 505.067
  }
]