[
  {
    "Plan": {
      "Node Type": "Aggregate",
      "Strategy": "Plain",
      "Partial Mode": "Finalize",
      "Parallel Aware": false,
      "Startup Cost": 44431.43,
      "Total Cost": 44431.44,
      "Plan Rows": 1,
      "Plan Width": 8,
      "Actual Startup Time": 127.368,
      "Actual Total Time": 139.466,
      "Actual Rows": 1,
      "Actual Loops": 1,
      "Plans": [
        {
          "Node Type": "Gather",
          "Parent Relationship": "Outer",
          "Parallel Aware": false,
          "Startup Cost": 44431.11,
          "Total Cost": 44431.42,
          "Plan Rows": 3,
          "Plan Width": 8,
          "Actual Startup Time": 127.206,
          "Actual Total Time": 139.454,
          "Actual Rows": 4,
          "Actual Loops": 1,
          "Workers Planned": 3,
          "Workers Launched": 3,
          "Single Copy": false,
          "Plans": [
            {
              "Node Type": "Aggregate",
              "Strategy": "Plain",
              "Partial Mode": "Partial",
              "Parent Relationship": "Outer",
              "Parallel Aware": false,
              "Startup Cost": 43431.11,
              "Total Cost": 43431.12,
              "Plan Rows": 1,
              "Plan Width": 8,
              "Actual Startup Time": 123.126,
              "Actual Total Time": 123.128,
              "Actual Rows": 1,
              "Actual Loops": 4,
              "Plans": [
                {
                  "Node Type": "Seq Scan",
                  "Parent Relationship": "Outer",
                  "Parallel Aware": true,
                  "Relation Name": "movie_keyword",
                  "Alias": "mk",
                  "Startup Cost": 0.0,
                  "Total Cost": 42695.65,
                  "Plan Rows": 294184,
                  "Plan Width": 0,
                  "Actual Startup Time": 2.381,
                  "Actual Total Time": 110.945,
                  "Actual Rows": 224874,
                  "Actual Loops": 4,
                  "Filter": "(keyword_id > 20521)",
                  "Rows Removed by Filter": 906108
                }
              ]
            }
          ]
        }
      ]
    },
    "Planning Time": 0.189,
    "Triggers": [],
    "Execution Time": 139.523
  }
]