[
  {
    "Plan": {
      "Node Type": "Aggregate",
      "Strategy": "Plain",
      "Partial Mode": "Finalize",
      "Parallel Aware": false,
      "Startup Cost": 127582.5,
      "Total Cost": 127582.51,
      "Plan Rows": 1,
      "Plan Width": 8,
      "Actual Startup Time": 728.841,
      "Actual Total Time": 748.889,
      "Actual Rows": 1,
      "Actual Loops": 1,
      "Plans": [
        {
          "Node Type": "Gather",
          "Parent Relationship": "Outer",
          "Parallel Aware": false,
          "Startup Cost": 127582.18,
          "Total Cost": 127582.49,
          "Plan Rows": 3,
          "Plan Width": 8,
          "Actual Startup Time": 721.08,
          "Actual Total Time": 748.879,
          "Actual Rows": 4,
          "Actual Loops": 1,
          "Workers Planned": 3,
          "Workers Launched": 3,
          "Single Copy": false,
          "Plans": [
            {
              "Node Type": "Aggregate",
              "Strategy": "Plain",
              "Partial Mode": "Partial",
              "Parent Relationship": "Outer",
              "Parallel Aware": false,
              "Startup Cost": 126582.18,
              "Total Cost": 126582.19,
              "Plan Rows": 1,
              "Plan Width": 8,
              "Actual Startup Time": 712.377,
              "Actual Total Time": 712.745,
              "Actual Rows": 1,
              "Actual Loops": 4,
              "Plans": [
                {
                  "Node Type": "Hash Join",
                  "Parent Relationship": "Outer",
                  "Parallel Aware": true,
                  "Join Type": "Inner",
                  "Startup Cost": 82262.83,
                  "Total Cost": 126313.42,
                  "Plan Rows": 107505,
                  "Plan Width": 0,
                  "Actual Startup Time": 521.47,
                  "Actual Total Time": 692.001,
                  "Actual Rows": 535237,
                  "Actual Loops": 4,
                  "Inner Unique": false,
                  "Hash Cond": "(mk.movie_id = t.id)",
                  "Plans": [
                    {
                      "Node Type": "Seq Scan",
                      "Parent Relationship": "Outer",
                      "Parallel Aware": true,
                      "Relation Name": "movie_keyword",
                      "Alias": "mk",
                      "Startup Cost": 0.0,
                      "Total Cost": 42695.65,
                      "Plan Rows": 289648,
                      "Plan Width": 4,
                      "Actual Startup Time": 0.048,
                      "Actual Total Time": 88.541,
                      "Actual Rows": 226504,
                      "Actual Loops": 4,
                      "Filter": "(keyword_id < 865)",
                      "Rows Removed by Filter": 904479
                    },
                    {
                      "Node Type": "Hash",
                      "Parent Relationship": "Inner",
                      "Parallel Aware": true,
                      "Startup Cost": 79330.36,
                      "Total Cost": 79330.36,
                      "Plan Rows": 234597,
                      "Plan Width": 8,
                      "Actual Startup Time": 515.93,
                      "Actual Total Time": 516.297,
                      "Actual Rows": 234649,
                      "Actual Loops": 4,
                      "Hash Buckets": 1048576,
                      "Original Hash Buckets": 1048576,
                      "Hash Batches": 1,
                      "Original Hash Batches": 1,
                      "Peak Memory Usage": 44992,
                      "Plans": [
                        {
                          "Node Type": "Hash Join",
                          "Parent Relationship": "Outer",
                          "Parallel Aware": true,
                          "Join Type": "Inner",
                          "Startup Cost": 33094.51,
                          "Total Cost": 79330.36,
                          "Plan Rows": 234597,
                          "Plan Width": 8,
                          "Actual Startup Time": 163.384,
                          "Actual Total Time": 447.123,
                          "Actual Rows": 234649,
                          "Actual Loops": 4,
                          "Inner Unique": false,
                          "Hash Cond": "(t.id = mc.movie_id)",
                          "Plans": [
                            {
                              "Node Type": "Seq Scan",
                              "Parent Relationship": "Outer",
                              "Parallel Aware": true,
                              "Relation Name": "title",
                              "Alias": "t",
                              "Startup Cost": 0.0,
                              "Total Cost": 42318.73,
                              "Plan Rows": 632073,
                              "Plan Width": 4,
                              "Actual Startup Time": 0.013,
                              "Actual Total Time": 75.978,
                              "Actual Rows": 632078,
                              "Actual Loops": 4
                            },
                            {
                              "Node Type": "Hash",
                              "Parent Relationship": "Inner",
                              "Parallel Aware": true,
                              "Startup Cost": 29310.68,
                              "Total Cost": 29310.68,
                              "Plan Rows": 302706,
                              "Plan Width": 4,
                              "Actual Startup Time": 160.513,
                              "Actual Total Time": 160.514,
                              "Actual Rows": 234649,
                              "Actual Loops": 4,
                              "Hash Buckets": 1048576,
                              "Original Hash Buckets": 1048576,
                              "Hash Batches": 1,
                              "Original Hash Batches": 1,
                              "Peak Memory Usage": 44992,
                              "Plans": [
                                {
                                  "Node Type": "Seq Scan",
                                  "Parent Relationship": "Outer",
                                  "Parallel Aware": true,
                                  "Relation Name": "movie_companies",
                                  "Alias": "mc",
                                  "Startup Cost": 0.0,
                                  "Total Cost": 29310.68,
                                  "Plan Rows": 302706,
                                  "Plan Width": 4,
                                  "Actual Startup Time": 0.053,
                                  "Actual Total Time": 77.664,
                                  "Actual Rows": 234649,
                                  "Actual Loops": 4,
                                  "Filter": "(company_id < 3464)",
                                  "Rows Removed by Filter": 417633
                                }
                              ]
                            }
                          ]
                        }
                      ]
                    }
                  ]
                }
              ]
            }
          ]
        }
      ]
    },
    "Planning Time": 1.374,
    "Triggers": [],
    "Execution Time": 748.968
  }
]