[
  {
    "Plan": {
      "Node Type": "Aggregate",
      "Strategy": "Plain",
      "Partial Mode": "Finalize",
      "Parallel Aware": false,
      "Startup Cost": 31177.67,
      "Total Cost": 31177.68,
      "Plan Rows": 1,
      "Plan Width": 8,
      "Actual Startup Time": 96.864,
      "Actual Total Time": 105.012,
      "Actual Rows": 1,
      "Actual Loops": 1,
      "Plans": [
        {
          "Node Type": "Gather",
          "Parent Relationship": "Outer",
          "Parallel Aware": false,
          "Startup Cost": 31177.35,
          "Total Cost": 31177.66,
          "Plan Rows": 3,
          "Plan Width": 8,
          "Actual Startup Time": 96.759,
          "Actual Total Time": 105.003,
          "Actual Rows": 4,
          "Actual Loops": 1,
          "Workers Planned": 3,
          "Workers Launched": 3,
          "Single Copy": false,
          "Plans": [
            {
              "Node Type": "Aggregate",
              "Strategy": "Plain",
              "Partial Mode": "Partial",
              "Parent Relationship": "Outer",
              "Parallel Aware": false,
              "Startup Cost": 30177.35,
              "Total Cost": 30177.36,
              "Plan Rows": 1,
              "Plan Width": 8,
              "Actual Startup Time": 89.796,
              "Actual Total Time": 89.797,
              "Actual Rows": 1,
              "Actual Loops": 4,
              "Plans": [
                {
                  "Node Type": "Seq Scan",
                  "Parent Relationship": "Outer",
                  "Parallel Aware": true,
                  "Relation Name": "movie_companies",
                  "Alias": "mc",
                  "Startup Cost": 0.0,
                  "Total Cost": 29310.68,
                  "Plan Rows": 346668,
                  "Plan Width": 0,
                  "Actual Startup Time": 0.038,
                  "Actual Total Time": 74.557,
                  "Actual Rows": 268189,
                  "Actual Loops": 4,
                  "Filter": "(company_id < 6709)",
                  "Rows Removed by Filter": 384093
                }
              ]
            }
          ]
        }
      ]
    },
    "Planning Time": 0.197,
    "Triggers": [],
    "Execution Time": 105.069
  }
]