[
  {
    "Plan": {
      "Node Type": "Aggregate",
      "Strategy": "Plain",
      "Partial Mode": "Finalize",
      "Parallel Aware": false,
      "Startup Cost": 452083.23,
      "Total Cost": 452083.24,
      "Plan Rows": 1,
      "Plan Width": 8,
      "Actual Startup Time": 1393.504,
      "Actual Total Time": 1435.081,
      "Actual Rows": 1,
      "Actual Loops": 1,
      "Plans": [
        {
          "Node Type": "Gather",
          "Parent Relationship": "Outer",
          "Parallel Aware": false,
          "Startup Cost": 452082.6,
          "Total Cost": 452083.21,
          "Plan Rows": 6,
          "Plan Width": 8,
          "Actual Startup Time": 1382.48,
          "Actual Total Time": 1435.069,
          "Actual Rows": 7,
          "Actual Loops": 1,
          "Workers Planned": 6,
          "Workers Launched": 6,
          "Single Copy": false,
          "Plans": [
            {
              "Node Type": "Aggregate",
              "Strategy": "Plain",
              "Partial Mode": "Partial",
              "Parent Relationship": "Outer",
              "Parallel Aware": false,
              "Startup Cost": 451082.6,
              "Total Cost": 451082.61,
              "Plan Rows": 1,
              "Plan Width": 8,
              "Actual Startup Time": 1371.222,
              "Actual Total Time": 1371.763,
              "Actual Rows": 1,
              "Actual Loops": 7,
              "Plans": [
                {
                  "Node Type": "Hash Join",
                  "Parent Relationship": "Outer",
                  "Parallel Aware": true,
                  "Join Type": "Inner",
                  "Startup Cost": 97802.62,
                  "Total Cost": 448248.47,
                  "Plan Rows": 1133654,
                  "Plan Width": 0,
                  "Actual Startup Time": 737.018,
                  "Actual Total Time": 1266.554,
                  "Actual Rows": 2459157,
                  "Actual Loops": 7,
                  "Inner Unique": false,
                  "Hash Cond": "(ci.movie_id = t.id)",
                  "Plans": [
                    {
                      "Node Type": "Index Scan",
                      "Parent Relationship": "Outer",
                      "Parallel Aware": true,
                      "Scan Direction": "Forward",
                      "Index Name": "role_id_cast_info",
                      "Relation Name": "cast_info",
                      "Alias": "ci",
                      "Startup Cost": 0.56,
                      "Total Cost": 341155.22,
                      "Plan Rows": 1502466,
                      "Plan Width": 4,
                      "Actual Startup Time": 228.082,
                      "Actual Total Time": 383.632,
                      "Actual Rows": 727788,
                      "Actual Loops": 7,
                      "Index Cond": "(role_id < 2)",
                      "Rows Removed by Index Recheck": 0,
                      "Filter": "(person_id > 1032880)",
                      "Rows Removed by Filter": 1082310
                    },
                    {
                      "Node Type": "Hash",
                      "Parent Relationship": "Inner",
                      "Parallel Aware": true,
                      "Startup Cost": 90109.44,
                      "Total Cost": 90109.44,
                      "Plan Rows": 615409,
                      "Plan Width": 8,
                      "Actual Startup Time": 505.07,
                      "Actual Total Time": 505.609,
                      "Actual Rows": 361370,
                      "Actual Loops": 7,
                      "Hash Buckets": 4194304,
                      "Original Hash Buckets": 2097152,
                      "Hash Batches": 1,
                      "Original Hash Batches": 1,
                      "Peak Memory Usage": 148192,
                      "Plans": [
                        {
                          "Node Type": "Hash Join",
                          "Parent Relationship": "Outer",
                          "Parallel Aware": true,
                          "Join Type": "Inner",
                          "Startup Cost": 47231.36,
                          "Total Cost": 90109.44,
                          "Plan Rows": 615409,
                          "Plan Width": 8,
                          "Actual Startup Time": 166.576,
                          "Actual Total Time": 328.449,
                          "Actual Rows": 361370,
                          "Actual Loops": 7,
                          "Inner Unique": true,
                          "Hash Cond": "(mk.movie_id = t.id)",
                          "Plans": [
                            {
                              "Node Type": "Seq Scan",
                              "Parent Relationship": "Outer",
                              "Parallel Aware": true,
                              "Relation Name": "movie_keyword",
                              "Alias": "mk",
                              "Startup Cost": 0.0,
                              "Total Cost": 39047.32,
                              "Plan Rows": 1459332,
                              "Plan Width": 4,
                              "Actual Startup Time": 0.03,
                              "Actual Total Time": 59.757,
                              "Actual Rows": 646276,
                              "Actual Loops": 7
                            },
                            {
                              "Node Type": "Hash",
                              "Parent Relationship": "Inner",
                              "Parallel Aware": true,
                              "Startup Cost": 43899.32,
                              "Total Cost": 43899.32,
                              "Plan Rows": 266563,
                              "Plan Width": 4,
                              "Actual Startup Time": 164.384,
                              "Actual Total Time": 164.386,
                              "Actual Rows": 153538,
                              "Actual Loops": 7,
                              "Hash Buckets": 2097152,
                              "Original Hash Buckets": 2097152,
                              "Hash Batches": 1,
                              "Original Hash Batches": 1,
                              "Peak Memory Usage": 58528,
                              "Plans": [
                                {
                                  "Node Type": "Seq Scan",
                                  "Parent Relationship": "Outer",
                                  "Parallel Aware": true,
                                  "Relation Name": "title",
                                  "Alias": "t",
                                  "Startup Cost": 0.0,
                                  "Total Cost": 43899.32,
                                  "Plan Rows": 266563,
                                  "Plan Width": 4,
                                  "Actual Startup Time": 0.064,
                                  "Actual Total Time": 80.831,
                                  "Actual Rows": 153538,
                                  "Actual Loops": 7,
                                  "Filter": "(production_year < 2001)",
                                  "Rows Removed by Filter": 207650
                                }
                              ]
                            }
                          ]
                        }
                      ]
                    }
                  ]
                }
              ]
            }
          ]
        }
      ]
    },
    "Planning Time": 0.717,
    "Triggers": [],
    "Execution Time": 1435.148
  }
]