{
  "Plan": {
    "Node Type": "Aggregate",
    "Strategy": "Plain",
    "Partial Mode": "Finalize",
    "Parallel Aware": false,
    "Startup Cost": 108074.02,
    "Total Cost": 108074.03,
    "Plan Rows": 1,
    "Plan Width": 8,
    "Actual Startup Time": 617.204,
    "Actual Total Time": 633.744,
    "Actual Rows": 1,
    "Actual Loops": 1,
    "Plans": [
      {
        "Node Type": "Gather",
        "Parent Relationship": "Outer",
        "Parallel Aware": false,
        "Startup Cost": 108073.91,
        "Total Cost": 108074.02,
        "Plan Rows": 1,
        "Plan Width": 8,
        "Actual Startup Time": 615.361,
        "Actual Total Time": 633.736,
        "Actual Rows": 2,
        "Actual Loops": 1,
        "Workers Planned": 1,
        "Workers Launched": 1,
        "Single Copy": false,
        "Plans": [
          {
            "Node Type": "Aggregate",
            "Strategy": "Plain",
            "Partial Mode": "Partial",
            "Parent Relationship": "Outer",
            "Parallel Aware": false,
            "Startup Cost": 107073.91,
            "Total Cost": 107073.92,
            "Plan Rows": 1,
            "Plan Width": 8,
            "Actual Startup Time": 609.596,
            "Actual Total Time": 609.599,
            "Actual Rows": 1,
            "Actual Loops": 2,
            "Plans": [
              {
                "Node Type": "Hash Join",
                "Parent Relationship": "Outer",
                "Parallel Aware": true,
                "Join Type": "Inner",
                "Startup Cost": 42909.57,
                "Total Cost": 106324.09,
                "Plan Rows": 299929,
                "Plan Width": 0,
                "Actual Startup Time": 214.635,
                "Actual Total Time": 597.626,
                "Actual Rows": 282464,
                "Actual Loops": 2,
                "Inner Unique": false,
                "Hash Cond": "(t.id = mc.movie_id)",
                "Plans": [
                  {
                    "Node Type": "Seq Scan",
                    "Parent Relationship": "Outer",
                    "Parallel Aware": true,
                    "Relation Name": "title",
                    "Alias": "t",
                    "Startup Cost": 0.0,
                    "Total Cost": 54588.39,
                    "Plan Rows": 1129894,
                    "Plan Width": 4,
                    "Actual Startup Time": 0.013,
                    "Actual Total Time": 149.003,
                    "Actual Rows": 961424,
                    "Actual Loops": 2,
                    "Filter": "(production_year < 2010)",
                    "Rows Removed by Filter": 302732
                  },
                  {
                    "Node Type": "Hash",
                    "Parent Relationship": "Inner",
                    "Parallel Aware": true,
                    "Startup Cost": 37974.77,
                    "Total Cost": 37974.77,
                    "Plan Rows": 394784,
                    "Plan Width": 4,
                    "Actual Startup Time": 205.425,
                    "Actual Total Time": 205.426,
                    "Actual Rows": 333016,
                    "Actual Loops": 2,
                    "Hash Buckets": 1048576,
                    "Original Hash Buckets": 1048576,
                    "Hash Batches": 1,
                    "Original Hash Batches": 1,
                    "Peak Memory Usage": 34272,
                    "Plans": [
                      {
                        "Node Type": "Seq Scan",
                        "Parent Relationship": "Outer",
                        "Parallel Aware": true,
                        "Relation Name": "movie_companies",
                        "Alias": "mc",
                        "Startup Cost": 0.0,
                        "Total Cost": 37974.77,
                        "Plan Rows": 394784,
                        "Plan Width": 4,
                        "Actual Startup Time": 0.044,
                        "Actual Total Time": 120.416,
                        "Actual Rows": 333016,
                        "Actual Loops": 2,
                        "Filter": "(company_id < 1018)",
                        "Rows Removed by Filter": 971548
                      }
                    ]
                  }
                ]
              }
            ]
          }
        ]
      }
    ]
  },
  "Planning Time": 0.443,
  "Triggers": [],
  "Execution Time": 633.819
}