[
  {
    "Plan": {
      "Node Type": "Aggregate",
      "Strategy": "Plain",
      "Partial Mode": "Finalize",
      "Parallel Aware": false,
      "Startup Cost": 31021.25,
      "Total Cost": 31021.26,
      "Plan Rows": 1,
      "Plan Width": 8,
      "Actual Startup Time": 96.771,
      "Actual Total Time": 104.138,
      "Actual Rows": 1,
      "Actual Loops": 1,
      "Plans": [
        {
          "Node Type": "Gather",
          "Parent Relationship": "Outer",
          "Parallel Aware": false,
          "Startup Cost": 31020.93,
          "Total Cost": 31021.24,
          "Plan Rows": 3,
          "Plan Width": 8,
          "Actual Startup Time": 96.673,
          "Actual Total Time": 104.132,
          "Actual Rows": 4,
          "Actual Loops": 1,
          "Workers Planned": 3,
          "Workers Launched": 3,
          "Single Copy": false,
          "Plans": [
            {
              "Node Type": "Aggregate",
              "Strategy": "Plain",
              "Partial Mode": "Partial",
              "Parent Relationship": "Outer",
              "Parallel Aware": false,
              "Startup Cost": 30020.93,
              "Total Cost": 30020.94,
              "Plan Rows": 1,
              "Plan Width": 8,
              "Actual Startup Time": 91.397,
              "Actual Total Time": 91.398,
              "Actual Rows": 1,
              "Actual Loops": 4,
              "Plans": [
                {
                  "Node Type": "Seq Scan",
                  "Parent Relationship": "Outer",
                  "Parallel Aware": true,
                  "Relation Name": "movie_companies",
                  "Alias": "mc",
                  "Startup Cost": 0.0,
                  "Total Cost": 29310.68,
                  "Plan Rows": 284099,
                  "Plan Width": 0,
                  "Actual Startup Time": 21.253,
                  "Actual Total Time": 80.464,
                  "Actual Rows": 223519,
                  "Actual Loops": 4,
                  "Filter": "(company_id > 21765)",
                  "Rows Removed by Filter": 428763
                }
              ]
            }
          ]
        }
      ]
    },
    "Planning Time": 0.124,
    "Triggers": [],
    "Execution Time": 104.178
  }
]