[
  {
    "Plan": {
      "Node Type": "Aggregate",
      "Strategy": "Plain",
      "Partial Mode": "Finalize",
      "Parallel Aware": false,
      "Startup Cost": 127539.96,
      "Total Cost": 127539.97,
      "Plan Rows": 1,
      "Plan Width": 8,
      "Actual Startup Time": 740.45,
      "Actual Total Time": 768.729,
      "Actual Rows": 1,
      "Actual Loops": 1,
      "Plans": [
        {
          "Node Type": "Gather",
          "Parent Relationship": "Outer",
          "Parallel Aware": false,
          "Startup Cost": 127539.64,
          "Total Cost": 127539.95,
          "Plan Rows": 3,
          "Plan Width": 8,
          "Actual Startup Time": 728.291,
          "Actual Total Time": 768.717,
          "Actual Rows": 4,
          "Actual Loops": 1,
          "Workers Planned": 3,
          "Workers Launched": 3,
          "Single Copy": false,
          "Plans": [
            {
              "Node Type": "Aggregate",
              "Strategy": "Plain",
              "Partial Mode": "Partial",
              "Parent Relationship": "Outer",
              "Parallel Aware": false,
              "Startup Cost": 126539.64,
              "Total Cost": 126539.65,
              "Plan Rows": 1,
              "Plan Width": 8,
              "Actual Startup Time": 720.067,
              "Actual Total Time": 720.074,
              "Actual Rows": 1,
              "Actual Loops": 4,
              "Plans": [
                {
                  "Node Type": "Hash Join",
                  "Parent Relationship": "Outer",
                  "Parallel Aware": true,
                  "Join Type": "Inner",
                  "Startup Cost": 93899.07,
                  "Total Cost": 126390.77,
                  "Plan Rows": 59549,
                  "Plan Width": 0,
                  "Actual Startup Time": 600.29,
                  "Actual Total Time": 707.487,
                  "Actual Rows": 318666,
                  "Actual Loops": 4,
                  "Inner Unique": false,
                  "Hash Cond": "(mc.movie_id = t.id)",
                  "Plans": [
                    {
                      "Node Type": "Seq Scan",
                      "Parent Relationship": "Outer",
                      "Parallel Aware": true,
                      "Relation Name": "movie_companies",
                      "Alias": "mc",
                      "Startup Cost": 0.0,
                      "Total Cost": 31414.82,
                      "Plan Rows": 235944,
                      "Plan Width": 4,
                      "Actual Startup Time": 5.248,
                      "Actual Total Time": 63.532,
                      "Actual Rows": 128427,
                      "Actual Loops": 4,
                      "Filter": "((company_id > 7851) AND (company_type_id < 2))",
                      "Rows Removed by Filter": 523855
                    },
                    {
                      "Node Type": "Hash",
                      "Parent Relationship": "Inner",
                      "Parallel Aware": true,
                      "Startup Cost": 91325.92,
                      "Total Cost": 91325.92,
                      "Plan Rows": 205852,
                      "Plan Width": 8,
                      "Actual Startup Time": 590.429,
                      "Actual Total Time": 590.435,
                      "Actual Rows": 162014,
                      "Actual Loops": 4,
                      "Hash Buckets": 1048576,
                      "Original Hash Buckets": 1048576,
                      "Hash Batches": 1,
                      "Original Hash Batches": 1,
                      "Peak Memory Usage": 33600,
                      "Plans": [
                        {
                          "Node Type": "Hash Join",
                          "Parent Relationship": "Outer",
                          "Parallel Aware": true,
                          "Join Type": "Inner",
                          "Startup Cost": 63758.41,
                          "Total Cost": 91325.92,
                          "Plan Rows": 205852,
                          "Plan Width": 8,
                          "Actual Startup Time": 400.157,
                          "Actual Total Time": 524.613,
                          "Actual Rows": 162014,
                          "Actual Loops": 4,
                          "Inner Unique": true,
                          "Hash Cond": "(mk.movie_id = t.id)",
                          "Plans": [
                            {
                              "Node Type": "Bitmap Heap Scan",
                              "Parent Relationship": "Outer",
                              "Parallel Aware": true,
                              "Relation Name": "movie_keyword",
                              "Alias": "mk",
                              "Startup Cost": 13538.03,
                              "Total Cost": 40565.17,
                              "Plan Rows": 205852,
                              "Plan Width": 4,
                              "Actual Startup Time": 32.455,
                              "Actual Total Time": 91.189,
                              "Actual Rows": 162014,
                              "Actual Loops": 4,
                              "Recheck Cond": "(keyword_id < 500)",
                              "Rows Removed by Index Recheck": 0,
                              "Exact Heap Blocks": 7603,
                              "Lossy Heap Blocks": 0,
                              "Plans": [
                                {
                                  "Node Type": "Bitmap Index Scan",
                                  "Parent Relationship": "Outer",
                                  "Parallel Aware": false,
                                  "Index Name": "keyword_id_movie_keyword",
                                  "Startup Cost": 0.0,
                                  "Total Cost": 13378.49,
                                  "Plan Rows": 638141,
                                  "Plan Width": 0,
                                  "Actual Startup Time": 28.772,
                                  "Actual Total Time": 28.772,
                                  "Actual Rows": 648054,
                                  "Actual Loops": 1,
                                  "Index Cond": "(keyword_id < 500)"
                                }
                              ]
                            },
                            {
                              "Node Type": "Hash",
                              "Parent Relationship": "Inner",
                              "Parallel Aware": true,
                              "Startup Cost": 42319.06,
                              "Total Cost": 42319.06,
                              "Plan Rows": 632106,
                              "Plan Width": 4,
                              "Actual Startup Time": 359.681,
                              "Actual Total Time": 359.682,
                              "Actual Rows": 632078,
                              "Actual Loops": 4,
                              "Hash Buckets": 4194304,
                              "Original Hash Buckets": 4194304,
                              "Hash Batches": 1,
                              "Original Hash Batches": 1,
                              "Peak Memory Usage": 131744,
                              "Plans": [
                                {
                                  "Node Type": "Seq Scan",
                                  "Parent Relationship": "Outer",
                                  "Parallel Aware": true,
                                  "Relation Name": "title",
                                  "Alias": "t",
                                  "Startup Cost": 0.0,
                                  "Total Cost": 42319.06,
                                  "Plan Rows": 632106,
                                  "Plan Width": 4,
                                  "Actual Startup Time": 0.055,
                                  "Actual Total Time": 100.005,
                                  "Actual Rows": 632078,
                                  "Actual Loops": 4
                                }
                              ]
                            }
                          ]
                        }
                      ]
                    }
                  ]
                }
              ]
            }
          ]
        }
      ]
    },
    "Planning Time": 1.295,
    "Triggers": [],
    "Execution Time": 768.825
  }
]