[
  {
    "Plan": {
      "Node Type": "Aggregate",
      "Strategy": "Plain",
      "Partial Mode": "Finalize",
      "Parallel Aware": false,
      "Startup Cost": 125341.62,
      "Total Cost": 125341.63,
      "Plan Rows": 1,
      "Plan Width": 8,
      "Actual Startup Time": 565.865,
      "Actual Total Time": 585.921,
      "Actual Rows": 1,
      "Actual Loops": 1,
      "Plans": [
        {
          "Node Type": "Gather",
          "Parent Relationship": "Outer",
          "Parallel Aware": false,
          "Startup Cost": 125341.3,
          "Total Cost": 125341.61,
          "Plan Rows": 3,
          "Plan Width": 8,
          "Actual Startup Time": 560.497,
          "Actual Total Time": 585.912,
          "Actual Rows": 4,
          "Actual Loops": 1,
          "Workers Planned": 3,
          "Workers Launched": 3,
          "Single Copy": false,
          "Plans": [
            {
              "Node Type": "Aggregate",
              "Strategy": "Plain",
              "Partial Mode": "Partial",
              "Parent Relationship": "Outer",
              "Parallel Aware": false,
              "Startup Cost": 124341.3,
              "Total Cost": 124341.31,
              "Plan Rows": 1,
              "Plan Width": 8,
              "Actual Startup Time": 550.969,
              "Actual Total Time": 550.974,
              "Actual Rows": 1,
              "Actual Loops": 4,
              "Plans": [
                {
                  "Node Type": "Hash Join",
                  "Parent Relationship": "Outer",
                  "Parallel Aware": true,
                  "Join Type": "Inner",
                  "Startup Cost": 96248.4,
                  "Total Cost": 124192.36,
                  "Plan Rows": 59578,
                  "Plan Width": 0,
                  "Actual Startup Time": 435.571,
                  "Actual Total Time": 537.559,
                  "Actual Rows": 318666,
                  "Actual Loops": 4,
                  "Inner Unique": false,
                  "Hash Cond": "(mk.movie_id = t.id)",
                  "Plans": [
                    {
                      "Node Type": "Bitmap Heap Scan",
                      "Parent Relationship": "Outer",
                      "Parallel Aware": true,
                      "Relation Name": "movie_keyword",
                      "Alias": "mk",
                      "Startup Cost": 13520.0,
                      "Total Cost": 40544.02,
                      "Plan Rows": 205601,
                      "Plan Width": 4,
                      "Actual Startup Time": 37.316,
                      "Actual Total Time": 97.214,
                      "Actual Rows": 162014,
                      "Actual Loops": 4,
                      "Recheck Cond": "(keyword_id < 500)",
                      "Rows Removed by Index Recheck": 0,
                      "Exact Heap Blocks": 7911,
                      "Lossy Heap Blocks": 0,
                      "Plans": [
                        {
                          "Node Type": "Bitmap Index Scan",
                          "Parent Relationship": "Outer",
                          "Parallel Aware": false,
                          "Index Name": "keyword_id_movie_keyword",
                          "Startup Cost": 0.0,
                          "Total Cost": 13360.66,
                          "Plan Rows": 637364,
                          "Plan Width": 0,
                          "Actual Startup Time": 32.718,
                          "Actual Total Time": 32.718,
                          "Actual Rows": 648054,
                          "Actual Loops": 1,
                          "Index Cond": "(keyword_id < 500)"
                        }
                      ]
                    },
                    {
                      "Node Type": "Hash",
                      "Parent Relationship": "Inner",
                      "Parallel Aware": true,
                      "Startup Cost": 80438.92,
                      "Total Cost": 80438.92,
                      "Plan Rows": 183158,
                      "Plan Width": 8,
                      "Actual Startup Time": 377.291,
                      "Actual Total Time": 377.295,
                      "Actual Rows": 128427,
                      "Actual Loops": 4,
                      "Hash Buckets": 1048576,
                      "Original Hash Buckets": 1048576,
                      "Hash Batches": 1,
                      "Original Hash Batches": 1,
                      "Peak Memory Usage": 28352,
                      "Plans": [
                        {
                          "Node Type": "Hash Join",
                          "Parent Relationship": "Outer",
                          "Parallel Aware": true,
                          "Join Type": "Inner",
                          "Startup Cost": 34368.99,
                          "Total Cost": 80438.92,
                          "Plan Rows": 183158,
                          "Plan Width": 8,
                          "Actual Startup Time": 146.436,
                          "Actual Total Time": 337.197,
                          "Actual Rows": 128427,
                          "Actual Loops": 4,
                          "Inner Unique": false,
                          "Hash Cond": "(t.id = mc.movie_id)",
                          "Plans": [
                            {
                              "Node Type": "Seq Scan",
                              "Parent Relationship": "Outer",
                              "Parallel Aware": true,
                              "Relation Name": "title",
                              "Alias": "t",
                              "Startup Cost": 0.0,
                              "Total Cost": 42318.73,
                              "Plan Rows": 632073,
                              "Plan Width": 4,
                              "Actual Startup Time": 0.015,
                              "Actual Total Time": 75.135,
                              "Actual Rows": 632078,
                              "Actual Loops": 4
                            },
                            {
                              "Node Type": "Hash",
                              "Parent Relationship": "Inner",
                              "Parallel Aware": true,
                              "Startup Cost": 31414.82,
                              "Total Cost": 31414.82,
                              "Plan Rows": 236334,
                              "Plan Width": 4,
                              "Actual Startup Time": 121.126,
                              "Actual Total Time": 121.128,
                              "Actual Rows": 128427,
                              "Actual Loops": 4,
                              "Hash Buckets": 1048576,
                              "Original Hash Buckets": 1048576,
                              "Hash Batches": 1,
                              "Original Hash Batches": 1,
                              "Peak Memory Usage": 28352,
                              "Plans": [
                                {
                                  "Node Type": "Seq Scan",
                                  "Parent Relationship": "Outer",
                                  "Parallel Aware": true,
                                  "Relation Name": "movie_companies",
                                  "Alias": "mc",
                                  "Startup Cost": 0.0,
                                  "Total Cost": 31414.82,
                                  "Plan Rows": 236334,
                                  "Plan Width": 4,
                                  "Actual Startup Time": 12.077,
                                  "Actual Total Time": 78.996,
                                  "Actual Rows": 128427,
                                  "Actual Loops": 4,
                                  "Filter": "((company_id > 7851) AND (company_type_id < 2))",
                                  "Rows Removed by Filter": 523855
                                }
                              ]
                            }
                          ]
                        }
                      ]
                    }
                  ]
                }
              ]
            }
          ]
        }
      ]
    },
    "Planning Time": 1.438,
    "Triggers": [],
    "Execution Time": 586.042
  }
]