[
  {
    "Plan": {
      "Node Type": "Aggregate",
      "Strategy": "Plain",
      "Partial Mode": "Simple",
      "Parallel Aware": false,
      "Startup Cost": 987.13,
      "Total Cost": 987.14,
      "Plan Rows": 1,
      "Plan Width": 8,
      "Actual Startup Time": 14.148,
      "Actual Total Time": 14.149,
      "Actual Rows": 1,
      "Actual Loops": 1,
      "Plans": [
        {
          "Node Type": "Index Scan",
          "Parent Relationship": "Outer",
          "Parallel Aware": false,
          "Scan Direction": "Forward",
          "Index Name": "person_id_cast_info",
          "Relation Name": "cast_info",
          "Alias": "ci",
          "Startup Cost": 0.56,
          "Total Cost": 987.07,
          "Plan Rows": 24,
          "Plan Width": 0,
          "Actual Startup Time": 14.13,
          "Actual Total Time": 14.138,
          "Actual Rows": 1,
          "Actual Loops": 1,
          "Index Cond": "(person_id = 520046)",
          "Rows Removed by Index Recheck": 0,
          "Filter": "(role_id = 8)",
          "Rows Removed by Filter": 773
        }
      ]
    },
    "Planning Time": 0.234,
    "Triggers": [],
    "Execution Time": 14.206
  }
]