[
  {
    "Plan": {
      "Node Type": "Aggregate",
      "Strategy": "Plain",
      "Partial Mode": "Finalize",
      "Parallel Aware": false,
      "Startup Cost": 173407.33,
      "Total Cost": 173407.34,
      "Plan Rows": 1,
      "Plan Width": 8,
      "Actual Startup Time": 314.702,
      "Actual Total Time": 329.406,
      "Actual Rows": 1,
      "Actual Loops": 1,
      "Plans": [
        {
          "Node Type": "Gather",
          "Parent Relationship": "Outer",
          "Parallel Aware": false,
          "Startup Cost": 173406.91,
          "Total Cost": 173407.32,
          "Plan Rows": 4,
          "Plan Width": 8,
          "Actual Startup Time": 306.087,
          "Actual Total Time": 329.398,
          "Actual Rows": 5,
          "Actual Loops": 1,
          "Workers Planned": 4,
          "Workers Launched": 4,
          "Single Copy": false,
          "Plans": [
            {
              "Node Type": "Aggregate",
              "Strategy": "Plain",
              "Partial Mode": "Partial",
              "Parent Relationship": "Outer",
              "Parallel Aware": false,
              "Startup Cost": 172406.91,
              "Total Cost": 172406.92,
              "Plan Rows": 1,
              "Plan Width": 8,
              "Actual Startup Time": 290.094,
              "Actual Total Time": 290.117,
              "Actual Rows": 1,
              "Actual Loops": 5,
              "Plans": [
                {
                  "Node Type": "Hash Join",
                  "Parent Relationship": "Outer",
                  "Parallel Aware": true,
                  "Join Type": "Inner",
                  "Startup Cost": 50880.26,
                  "Total Cost": 172377.61,
                  "Plan Rows": 11723,
                  "Plan Width": 0,
                  "Actual Startup Time": 272.04,
                  "Actual Total Time": 289.722,
                  "Actual Rows": 6031,
                  "Actual Loops": 5,
                  "Inner Unique": true,
                  "Hash Cond": "(mi.movie_id = t.id)",
                  "Plans": [
                    {
                      "Node Type": "Bitmap Heap Scan",
                      "Parent Relationship": "Outer",
                      "Parallel Aware": true,
                      "Relation Name": "movie_info",
                      "Alias": "mi",
                      "Startup Cost": 1153.1,
                      "Total Cost": 122608.74,
                      "Plan Rows": 15892,
                      "Plan Width": 4,
                      "Actual Startup Time": 4.521,
                      "Actual Total Time": 14.363,
                      "Actual Rows": 12226,
                      "Actual Loops": 5,
                      "Recheck Cond": "(info_type_id = 103)",
                      "Rows Removed by Index Recheck": 0,
                      "Exact Heap Blocks": 1162,
                      "Lossy Heap Blocks": 0,
                      "Plans": [
                        {
                          "Node Type": "Bitmap Index Scan",
                          "Parent Relationship": "Outer",
                          "Parallel Aware": false,
                          "Index Name": "info_type_id_movie_info",
                          "Startup Cost": 0.0,
                          "Total Cost": 1137.21,
                          "Plan Rows": 63570,
                          "Plan Width": 0,
                          "Actual Startup Time": 3.493,
                          "Actual Total Time": 3.494,
                          "Actual Rows": 61128,
                          "Actual Loops": 1,
                          "Index Cond": "(info_type_id = 103)"
                        }
                      ]
                    },
                    {
                      "Node Type": "Hash",
                      "Parent Relationship": "Inner",
                      "Parallel Aware": true,
                      "Startup Cost": 43898.92,
                      "Total Cost": 43898.92,
                      "Plan Rows": 466259,
                      "Plan Width": 4,
                      "Actual Startup Time": 257.629,
                      "Actual Total Time": 257.63,
                      "Actual Rows": 373097,
                      "Actual Loops": 5,
                      "Hash Buckets": 2097152,
                      "Original Hash Buckets": 2097152,
                      "Hash Batches": 1,
                      "Original Hash Batches": 1,
                      "Peak Memory Usage": 89408,
                      "Plans": [
                        {
                          "Node Type": "Seq Scan",
                          "Parent Relationship": "Outer",
                          "Parallel Aware": true,
                          "Relation Name": "title",
                          "Alias": "t",
                          "Startup Cost": 0.0,
                          "Total Cost": 43898.92,
                          "Plan Rows": 466259,
                          "Plan Width": 4,
                          "Actual Startup Time": 0.042,
                          "Actual Total Time": 102.036,
                          "Actual Rows": 373097,
                          "Actual Loops": 5,
                          "Filter": "(kind_id > 1)",
                          "Rows Removed by Filter": 132565
                        }
                      ]
                    }
                  ]
                }
              ]
            }
          ]
        }
      ]
    },
    "Planning Time": 0.61,
    "Triggers": [],
    "Execution Time": 329.494
  }
]