[
  {
    "Plan": {
      "Node Type": "Aggregate",
      "Strategy": "Plain",
      "Partial Mode": "Finalize",
      "Parallel Aware": false,
      "Startup Cost": 103038.02,
      "Total Cost": 103038.03,
      "Plan Rows": 1,
      "Plan Width": 8,
      "Actual Startup Time": 404.111,
      "Actual Total Time": 444.115,
      "Actual Rows": 1,
      "Actual Loops": 1,
      "Plans": [
        {
          "Node Type": "Gather",
          "Parent Relationship": "Outer",
          "Parallel Aware": false,
          "Startup Cost": 103037.71,
          "Total Cost": 103038.02,
          "Plan Rows": 3,
          "Plan Width": 8,
          "Actual Startup Time": 403.559,
          "Actual Total Time": 444.107,
          "Actual Rows": 4,
          "Actual Loops": 1,
          "Workers Planned": 3,
          "Workers Launched": 3,
          "Single Copy": false,
          "Plans": [
            {
              "Node Type": "Aggregate",
              "Strategy": "Plain",
              "Partial Mode": "Partial",
              "Parent Relationship": "Outer",
              "Parallel Aware": false,
              "Startup Cost": 102037.71,
              "Total Cost": 102037.72,
              "Plan Rows": 1,
              "Plan Width": 8,
              "Actual Startup Time": 394.107,
              "Actual Total Time": 394.11,
              "Actual Rows": 1,
              "Actual Loops": 4,
              "Plans": [
                {
                  "Node Type": "Nested Loop",
                  "Parent Relationship": "Outer",
                  "Parallel Aware": false,
                  "Join Type": "Inner",
                  "Startup Cost": 44114.51,
                  "Total Cost": 101867.59,
                  "Plan Rows": 68047,
                  "Plan Width": 0,
                  "Actual Startup Time": 152.927,
                  "Actual Total Time": 388.052,
                  "Actual Rows": 81558,
                  "Actual Loops": 4,
                  "Inner Unique": false,
                  "Join Filter": "(t.id = mi.movie_id)",
                  "Rows Removed by Join Filter": 0,
                  "Plans": [
                    {
                      "Node Type": "Hash Join",
                      "Parent Relationship": "Outer",
                      "Parallel Aware": true,
                      "Join Type": "Inner",
                      "Startup Cost": 44114.08,
                      "Total Cost": 74546.52,
                      "Plan Rows": 11637,
                      "Plan Width": 8,
                      "Actual Startup Time": 152.843,
                      "Actual Total Time": 246.252,
                      "Actual Rows": 9082,
                      "Actual Loops": 4,
                      "Inner Unique": true,
                      "Hash Cond": "(mc.movie_id = t.id)",
                      "Plans": [
                        {
                          "Node Type": "Seq Scan",
                          "Parent Relationship": "Outer",
                          "Parallel Aware": true,
                          "Relation Name": "movie_companies",
                          "Alias": "mc",
                          "Startup Cost": 0.0,
                          "Total Cost": 29310.68,
                          "Plan Rows": 427336,
                          "Plan Width": 4,
                          "Actual Startup Time": 35.086,
                          "Actual Total Time": 81.626,
                          "Actual Rows": 333721,
                          "Actual Loops": 4,
                          "Filter": "(company_type_id = 2)",
                          "Rows Removed by Filter": 318562
                        },
                        {
                          "Node Type": "Hash",
                          "Parent Relationship": "Inner",
                          "Parallel Aware": true,
                          "Startup Cost": 43898.92,
                          "Total Cost": 43898.92,
                          "Plan Rows": 17213,
                          "Plan Width": 4,
                          "Actual Startup Time": 115.785,
                          "Actual Total Time": 115.786,
                          "Actual Rows": 16836,
                          "Actual Loops": 4,
                          "Hash Buckets": 131072,
                          "Original Hash Buckets": 131072,
                          "Hash Batches": 1,
                          "Original Hash Batches": 1,
                          "Peak Memory Usage": 3680,
                          "Plans": [
                            {
                              "Node Type": "Seq Scan",
                              "Parent Relationship": "Outer",
                              "Parallel Aware": true,
                              "Relation Name": "title",
                              "Alias": "t",
                              "Startup Cost": 0.0,
                              "Total Cost": 43898.92,
                              "Plan Rows": 17213,
                              "Plan Width": 4,
                              "Actual Startup Time": 0.063,
                              "Actual Total Time": 107.114,
                              "Actual Rows": 16836,
                              "Actual Loops": 4,
                              "Filter": "(production_year > 2012)",
                              "Rows Removed by Filter": 615242
                            }
                          ]
                        }
                      ]
                    },
                    {
                      "Node Type": "Index Only Scan",
                      "Parent Relationship": "Inner",
                      "Parallel Aware": false,
                      "Scan Direction": "Forward",
                      "Index Name": "movie_id_movie_info",
                      "Relation Name": "movie_info",
                      "Alias": "mi",
                      "Startup Cost": 0.43,
                      "Total Cost": 1.82,
                      "Plan Rows": 42,
                      "Plan Width": 4,
                      "Actual Startup Time": 0.006,
                      "Actual Total Time": 0.014,
                      "Actual Rows": 9,
                      "Actual Loops": 36330,
                      "Index Cond": "(movie_id = mc.movie_id)",
                      "Rows Removed by Index Recheck": 0,
                      "Heap Fetches": 326230
                    }
                  ]
                }
              ]
            }
          ]
        }
      ]
    },
    "Planning Time": 1.471,
    "Triggers": [],
    "Execution Time": 444.217
  }
]