{
  "Plan": {
    "Node Type": "Aggregate",
    "Strategy": "Plain",
    "Partial Mode": "Finalize",
    "Parallel Aware": false,
    "Startup Cost": 56954.99,
    "Total Cost": 56955.0,
    "Plan Rows": 1,
    "Plan Width": 8,
    "Actual Startup Time": 50.992,
    "Actual Total Time": 57.71,
    "Actual Rows": 1,
    "Actual Loops": 1,
    "Plans": [
      {
        "Node Type": "Gather",
        "Parent Relationship": "Outer",
        "Parallel Aware": false,
        "Startup Cost": 56954.88,
        "Total Cost": 56954.99,
        "Plan Rows": 1,
        "Plan Width": 8,
        "Actual Startup Time": 50.891,
        "Actual Total Time": 57.704,
        "Actual Rows": 2,
        "Actual Loops": 1,
        "Workers Planned": 1,
        "Workers Launched": 1,
        "Single Copy": false,
        "Plans": [
          {
            "Node Type": "Aggregate",
            "Strategy": "Plain",
            "Partial Mode": "Partial",
            "Parent Relationship": "Outer",
            "Parallel Aware": false,
            "Startup Cost": 55954.88,
            "Total Cost": 55954.89,
            "Plan Rows": 1,
            "Plan Width": 8,
            "Actual Startup Time": 44.837,
            "Actual Total Time": 44.838,
            "Actual Rows": 1,
            "Actual Loops": 2,
            "Plans": [
              {
                "Node Type": "Nested Loop",
                "Parent Relationship": "Outer",
                "Parallel Aware": false,
                "Join Type": "Inner",
                "Startup Cost": 224.4,
                "Total Cost": 55941.29,
                "Plan Rows": 5436,
                "Plan Width": 0,
                "Actual Startup Time": 4.237,
                "Actual Total Time": 44.633,
                "Actual Rows": 1315,
                "Actual Loops": 2,
                "Inner Unique": true,
                "Plans": [
                  {
                    "Node Type": "Bitmap Heap Scan",
                    "Parent Relationship": "Outer",
                    "Parallel Aware": true,
                    "Relation Name": "movie_companies",
                    "Alias": "mc",
                    "Startup Cost": 223.97,
                    "Total Cost": 16704.99,
                    "Plan Rows": 6037,
                    "Plan Width": 4,
                    "Actual Startup Time": 4.089,
                    "Actual Total Time": 14.372,
                    "Actual Rows": 4733,
                    "Actual Loops": 2,
                    "Recheck Cond": "(company_id = 1451)",
                    "Rows Removed by Index Recheck": 0,
                    "Exact Heap Blocks": 4352,
                    "Lossy Heap Blocks": 0,
                    "Plans": [
                      {
                        "Node Type": "Bitmap Index Scan",
                        "Parent Relationship": "Outer",
                        "Parallel Aware": false,
                        "Index Name": "company_id_movie_companies",
                        "Startup Cost": 0.0,
                        "Total Cost": 221.4,
                        "Plan Rows": 10263,
                        "Plan Width": 0,
                        "Actual Startup Time": 5.278,
                        "Actual Total Time": 5.279,
                        "Actual Rows": 9466,
                        "Actual Loops": 1,
                        "Index Cond": "(company_id = 1451)"
                      }
                    ]
                  },
                  {
                    "Node Type": "Index Scan",
                    "Parent Relationship": "Inner",
                    "Parallel Aware": false,
                    "Scan Direction": "Forward",
                    "Index Name": "title_pkey",
                    "Relation Name": "title",
                    "Alias": "t",
                    "Startup Cost": 0.43,
                    "Total Cost": 6.5,
                    "Plan Rows": 1,
                    "Plan Width": 4,
                    "Actual Startup Time": 0.006,
                    "Actual Total Time": 0.006,
                    "Actual Rows": 0,
                    "Actual Loops": 9466,
                    "Index Cond": "(id = mc.movie_id)",
                    "Rows Removed by Index Recheck": 0,
                    "Filter": "(production_year > 1953)",
                    "Rows Removed by Filter": 1
                  }
                ]
              }
            ]
          }
        ]
      }
    ]
  },
  "Planning Time": 0.658,
  "Triggers": [],
  "Execution Time": 57.858
}