{
  "Plan": {
    "Node Type": "Aggregate",
    "Strategy": "Plain",
    "Partial Mode": "Finalize",
    "Parallel Aware": false,
    "Startup Cost": 104553.38,
    "Total Cost": 104553.39,
    "Plan Rows": 1,
    "Plan Width": 8,
    "Actual Startup Time": 419.963,
    "Actual Total Time": 435.963,
    "Actual Rows": 1,
    "Actual Loops": 1,
    "Plans": [
      {
        "Node Type": "Gather",
        "Parent Relationship": "Outer",
        "Parallel Aware": false,
        "Startup Cost": 104553.27,
        "Total Cost": 104553.38,
        "Plan Rows": 1,
        "Plan Width": 8,
        "Actual Startup Time": 418.317,
        "Actual Total Time": 435.955,
        "Actual Rows": 2,
        "Actual Loops": 1,
        "Workers Planned": 1,
        "Workers Launched": 1,
        "Single Copy": false,
        "Plans": [
          {
            "Node Type": "Aggregate",
            "Strategy": "Plain",
            "Partial Mode": "Partial",
            "Parent Relationship": "Outer",
            "Parallel Aware": false,
            "Startup Cost": 103553.27,
            "Total Cost": 103553.28,
            "Plan Rows": 1,
            "Plan Width": 8,
            "Actual Startup Time": 415.488,
            "Actual Total Time": 415.492,
            "Actual Rows": 1,
            "Actual Loops": 2,
            "Plans": [
              {
                "Node Type": "Hash Join",
                "Parent Relationship": "Outer",
                "Parallel Aware": true,
                "Join Type": "Inner",
                "Startup Cost": 60121.13,
                "Total Cost": 103195.41,
                "Plan Rows": 143144,
                "Plan Width": 0,
                "Actual Startup Time": 291.657,
                "Actual Total Time": 410.823,
                "Actual Rows": 120658,
                "Actual Loops": 2,
                "Inner Unique": true,
                "Hash Cond": "(mc.movie_id = t.id)",
                "Plans": [
                  {
                    "Node Type": "Seq Scan",
                    "Parent Relationship": "Outer",
                    "Parallel Aware": true,
                    "Relation Name": "movie_companies",
                    "Alias": "mc",
                    "Startup Cost": 0.0,
                    "Total Cost": 41811.73,
                    "Plan Rows": 480974,
                    "Plan Width": 4,
                    "Actual Startup Time": 49.368,
                    "Actual Total Time": 103.936,
                    "Actual Rows": 255842,
                    "Actual Loops": 2,
                    "Filter": "((company_id < 16339) AND (company_type_id = 2))",
                    "Rows Removed by Filter": 1048723
                  },
                  {
                    "Node Type": "Hash",
                    "Parent Relationship": "Inner",
                    "Parallel Aware": true,
                    "Startup Cost": 54588.39,
                    "Total Cost": 54588.39,
                    "Plan Rows": 442619,
                    "Plan Width": 4,
                    "Actual Startup Time": 236.527,
                    "Actual Total Time": 236.528,
                    "Actual Rows": 377951,
                    "Actual Loops": 2,
                    "Hash Buckets": 1048576,
                    "Original Hash Buckets": 1048576,
                    "Hash Batches": 1,
                    "Original Hash Batches": 1,
                    "Peak Memory Usage": 37792,
                    "Plans": [
                      {
                        "Node Type": "Seq Scan",
                        "Parent Relationship": "Outer",
                        "Parallel Aware": true,
                        "Relation Name": "title",
                        "Alias": "t",
                        "Startup Cost": 0.0,
                        "Total Cost": 54588.39,
                        "Plan Rows": 442619,
                        "Plan Width": 4,
                        "Actual Startup Time": 0.03,
                        "Actual Total Time": 151.295,
                        "Actual Rows": 377951,
                        "Actual Loops": 2,
                        "Filter": "(production_year < 1993)",
                        "Rows Removed by Filter": 886205
                      }
                    ]
                  }
                ]
              }
            ]
          }
        ]
      }
    ]
  },
  "Planning Time": 0.351,
  "Triggers": [],
  "Execution Time": 436.004
}