{
  "Plan": {
    "Node Type": "Aggregate",
    "Strategy": "Plain",
    "Partial Mode": "Finalize",
    "Parallel Aware": false,
    "Startup Cost": 257010.03,
    "Total Cost": 257010.04,
    "Plan Rows": 1,
    "Plan Width": 8,
    "Actual Startup Time": 706.474,
    "Actual Total Time": 726.067,
    "Actual Rows": 1,
    "Actual Loops": 1,
    "Plans": [
      {
        "Node Type": "Gather",
        "Parent Relationship": "Outer",
        "Parallel Aware": false,
        "Startup Cost": 257009.92,
        "Total Cost": 257010.03,
        "Plan Rows": 1,
        "Plan Width": 8,
        "Actual Startup Time": 701.521,
        "Actual Total Time": 726.058,
        "Actual Rows": 2,
        "Actual Loops": 1,
        "Workers Planned": 1,
        "Workers Launched": 1,
        "Single Copy": false,
        "Plans": [
          {
            "Node Type": "Aggregate",
            "Strategy": "Plain",
            "Partial Mode": "Partial",
            "Parent Relationship": "Outer",
            "Parallel Aware": false,
            "Startup Cost": 256009.92,
            "Total Cost": 256009.93,
            "Plan Rows": 1,
            "Plan Width": 8,
            "Actual Startup Time": 693.365,
            "Actual Total Time": 693.369,
            "Actual Rows": 1,
            "Actual Loops": 2,
            "Plans": [
              {
                "Node Type": "Hash Join",
                "Parent Relationship": "Outer",
                "Parallel Aware": true,
                "Join Type": "Inner",
                "Startup Cost": 84882.43,
                "Total Cost": 255017.21,
                "Plan Rows": 397085,
                "Plan Width": 0,
                "Actual Startup Time": 485.845,
                "Actual Total Time": 688.347,
                "Actual Rows": 116022,
                "Actual Loops": 2,
                "Inner Unique": true,
                "Hash Cond": "(mi.movie_id = t.id)",
                "Plans": [
                  {
                    "Node Type": "Bitmap Heap Scan",
                    "Parent Relationship": "Outer",
                    "Parallel Aware": true,
                    "Relation Name": "movie_info",
                    "Alias": "mi",
                    "Startup Cost": 16580.53,
                    "Total Cost": 185302.27,
                    "Plan Rows": 538299,
                    "Plan Width": 4,
                    "Actual Startup Time": 41.129,
                    "Actual Total Time": 118.825,
                    "Actual Rows": 436112,
                    "Actual Loops": 2,
                    "Recheck Cond": "(info_type_id > 97)",
                    "Rows Removed by Index Recheck": 0,
                    "Exact Heap Blocks": 16136,
                    "Lossy Heap Blocks": 0,
                    "Plans": [
                      {
                        "Node Type": "Bitmap Index Scan",
                        "Parent Relationship": "Outer",
                        "Parallel Aware": false,
                        "Index Name": "info_type_id_movie_info",
                        "Startup Cost": 0.0,
                        "Total Cost": 16351.75,
                        "Plan Rows": 915109,
                        "Plan Width": 0,
                        "Actual Startup Time": 36.185,
                        "Actual Total Time": 36.186,
                        "Actual Rows": 872224,
                        "Actual Loops": 1,
                        "Index Cond": "(info_type_id > 97)"
                      }
                    ]
                  },
                  {
                    "Node Type": "Hash",
                    "Parent Relationship": "Inner",
                    "Parallel Aware": true,
                    "Startup Cost": 54588.39,
                    "Total Cost": 54588.39,
                    "Plan Rows": 1097081,
                    "Plan Width": 4,
                    "Actual Startup Time": 428.137,
                    "Actual Total Time": 428.138,
                    "Actual Rows": 932744,
                    "Actual Loops": 2,
                    "Hash Buckets": 2097152,
                    "Original Hash Buckets": 2097152,
                    "Hash Batches": 1,
                    "Original Hash Batches": 1,
                    "Peak Memory Usage": 89408,
                    "Plans": [
                      {
                        "Node Type": "Seq Scan",
                        "Parent Relationship": "Outer",
                        "Parallel Aware": true,
                        "Relation Name": "title",
                        "Alias": "t",
                        "Startup Cost": 0.0,
                        "Total Cost": 54588.39,
                        "Plan Rows": 1097081,
                        "Plan Width": 4,
                        "Actual Startup Time": 0.028,
                        "Actual Total Time": 171.399,
                        "Actual Rows": 932744,
                        "Actual Loops": 2,
                        "Filter": "(kind_id > 1)",
                        "Rows Removed by Filter": 331412
                      }
                    ]
                  }
                ]
              }
            ]
          }
        ]
      }
    ]
  },
  "Planning Time": 0.657,
  "Triggers": [],
  "Execution Time": 726.162
}