{
  "Plan": {
    "Node Type": "Aggregate",
    "Strategy": "Plain",
    "Partial Mode": "Finalize",
    "Parallel Aware": false,
    "Startup Cost": 338501.26,
    "Total Cost": 338501.27,
    "Plan Rows": 1,
    "Plan Width": 8,
    "Actual Startup Time": 1074.912,
    "Actual Total Time": 1114.475,
    "Actual Rows": 1,
    "Actual Loops": 1,
    "Plans": [
      {
        "Node Type": "Gather",
        "Parent Relationship": "Outer",
        "Parallel Aware": false,
        "Startup Cost": 338501.14,
        "Total Cost": 338501.25,
        "Plan Rows": 1,
        "Plan Width": 8,
        "Actual Startup Time": 1074.672,
        "Actual Total Time": 1114.466,
        "Actual Rows": 2,
        "Actual Loops": 1,
        "Workers Planned": 1,
        "Workers Launched": 1,
        "Single Copy": false,
        "Plans": [
          {
            "Node Type": "Aggregate",
            "Strategy": "Plain",
            "Partial Mode": "Partial",
            "Parent Relationship": "Outer",
            "Parallel Aware": false,
            "Startup Cost": 337501.14,
            "Total Cost": 337501.15,
            "Plan Rows": 1,
            "Plan Width": 8,
            "Actual Startup Time": 1068.882,
            "Actual Total Time": 1068.886,
            "Actual Rows": 1,
            "Actual Loops": 2,
            "Plans": [
              {
                "Node Type": "Hash Join",
                "Parent Relationship": "Outer",
                "Parallel Aware": true,
                "Join Type": "Inner",
                "Startup Cost": 58468.07,
                "Total Cost": 337432.7,
                "Plan Rows": 27379,
                "Plan Width": 0,
                "Actual Startup Time": 157.259,
                "Actual Total Time": 1068.42,
                "Actual Rows": 9498,
                "Actual Loops": 2,
                "Inner Unique": true,
                "Hash Cond": "(mi.movie_id = t.id)",
                "Plans": [
                  {
                    "Node Type": "Seq Scan",
                    "Parent Relationship": "Outer",
                    "Parallel Aware": true,
                    "Relation Name": "movie_info",
                    "Alias": "mi",
                    "Startup Cost": 0.0,
                    "Total Cost": 270696.42,
                    "Plan Rows": 3149790,
                    "Plan Width": 4,
                    "Actual Startup Time": 0.01,
                    "Actual Total Time": 690.902,
                    "Actual Rows": 2705260,
                    "Actual Loops": 2,
                    "Filter": "(info_type_id < 6)",
                    "Rows Removed by Filter": 4712600
                  },
                  {
                    "Node Type": "Hash",
                    "Parent Relationship": "Inner",
                    "Parallel Aware": true,
                    "Startup Cost": 58306.47,
                    "Total Cost": 58306.47,
                    "Plan Rows": 12928,
                    "Plan Width": 4,
                    "Actual Startup Time": 155.788,
                    "Actual Total Time": 155.789,
                    "Actual Rows": 12301,
                    "Actual Loops": 2,
                    "Hash Buckets": 32768,
                    "Original Hash Buckets": 32768,
                    "Hash Batches": 1,
                    "Original Hash Batches": 1,
                    "Peak Memory Usage": 1248,
                    "Plans": [
                      {
                        "Node Type": "Seq Scan",
                        "Parent Relationship": "Outer",
                        "Parallel Aware": true,
                        "Relation Name": "title",
                        "Alias": "t",
                        "Startup Cost": 0.0,
                        "Total Cost": 58306.47,
                        "Plan Rows": 12928,
                        "Plan Width": 4,
                        "Actual Startup Time": 0.038,
                        "Actual Total Time": 150.972,
                        "Actual Rows": 12301,
                        "Actual Loops": 2,
                        "Filter": "((kind_id = 7) AND (production_year = 1995))",
                        "Rows Removed by Filter": 1251855
                      }
                    ]
                  }
                ]
              }
            ]
          }
        ]
      }
    ]
  },
  "Planning Time": 0.464,
  "Triggers": [],
  "Execution Time": 1114.551
}