[
  {
    "Plan": {
      "Node Type": "Aggregate",
      "Strategy": "Plain",
      "Partial Mode": "Finalize",
      "Parallel Aware": false,
      "Startup Cost": 340788.01,
      "Total Cost": 340788.02,
      "Plan Rows": 1,
      "Plan Width": 8,
      "Actual Startup Time": 832.969,
      "Actual Total Time": 885.792,
      "Actual Rows": 1,
      "Actual Loops": 1,
      "Plans": [
        {
          "Node Type": "Gather",
          "Parent Relationship": "Outer",
          "Parallel Aware": false,
          "Startup Cost": 340787.38,
          "Total Cost": 340787.99,
          "Plan Rows": 6,
          "Plan Width": 8,
          "Actual Startup Time": 832.733,
          "Actual Total Time": 885.784,
          "Actual Rows": 7,
          "Actual Loops": 1,
          "Workers Planned": 6,
          "Workers Launched": 6,
          "Single Copy": false,
          "Plans": [
            {
              "Node Type": "Aggregate",
              "Strategy": "Plain",
              "Partial Mode": "Partial",
              "Parent Relationship": "Outer",
              "Parallel Aware": false,
              "Startup Cost": 339787.38,
              "Total Cost": 339787.39,
              "Plan Rows": 1,
              "Plan Width": 8,
              "Actual Startup Time": 824.424,
              "Actual Total Time": 824.425,
              "Actual Rows": 1,
              "Actual Loops": 7,
              "Plans": [
                {
                  "Node Type": "Seq Scan",
                  "Parent Relationship": "Outer",
                  "Parallel Aware": true,
                  "Relation Name": "cast_info",
                  "Alias": "ci",
                  "Startup Cost": 0.0,
                  "Total Cost": 328162.03,
                  "Plan Rows": 4650142,
                  "Plan Width": 0,
                  "Actual Startup Time": 101.873,
                  "Actual Total Time": 651.987,
                  "Actual Rows": 3967827,
                  "Actual Loops": 7,
                  "Filter": "(person_id > 831198)",
                  "Rows Removed by Filter": 1209936
                }
              ]
            }
          ]
        }
      ]
    },
    "Planning Time": 0.171,
    "Triggers": [],
    "Execution Time": 885.852
  }
]