[
    {
        "Bao": {
            "Bao prediction": 480.421,
            "Bao recommended hint": "SET enable_mergejoin TO off; "
        }
    },
    {
        "Plan": {
            "Node Type": "Aggregate",
            "Strategy": "Plain",
            "Partial Mode": "Finalize",
            "Parallel Aware": false,
            "Startup Cost": 31641.48,
            "Total Cost": 31641.49,
            "Plan Rows": 1,
            "Plan Width": 8,
            "Actual Startup Time": 152.316,
            "Actual Total Time": 163.362,
            "Actual Rows": 1,
            "Actual Loops": 1,
            "Output": [
                "count(*)"
            ],
            "Plans": [
                {
                    "Node Type": "Gather",
                    "Parent Relationship": "Outer",
                    "Parallel Aware": false,
                    "Startup Cost": 31641.16,
                    "Total Cost": 31641.47,
                    "Plan Rows": 3,
                    "Plan Width": 8,
                    "Actual Startup Time": 152.169,
                    "Actual Total Time": 163.347,
                    "Actual Rows": 4,
                    "Actual Loops": 1,
                    "Output": [
                        "(PARTIAL count(*))"
                    ],
                    "Workers Planned": 3,
                    "Workers Launched": 3,
                    "Single Copy": false,
                    "Plans": [
                        {
                            "Node Type": "Aggregate",
                            "Strategy": "Plain",
                            "Partial Mode": "Partial",
                            "Parent Relationship": "Outer",
                            "Parallel Aware": false,
                            "Startup Cost": 30641.16,
                            "Total Cost": 30641.17,
                            "Plan Rows": 1,
                            "Plan Width": 8,
                            "Actual Startup Time": 143.177,
                            "Actual Total Time": 143.179,
                            "Actual Rows": 1,
                            "Actual Loops": 4,
                            "Output": [
                                "PARTIAL count(*)"
                            ],
                            "Workers": [
                                {
                                    "Worker Number": 0,
                                    "Actual Startup Time": 140.037,
                                    "Actual Total Time": 140.038,
                                    "Actual Rows": 1,
                                    "Actual Loops": 1
                                },
                                {
                                    "Worker Number": 1,
                                    "Actual Startup Time": 140.588,
                                    "Actual Total Time": 140.589,
                                    "Actual Rows": 1,
                                    "Actual Loops": 1
                                },
                                {
                                    "Worker Number": 2,
                                    "Actual Startup Time": 140.584,
                                    "Actual Total Time": 140.585,
                                    "Actual Rows": 1,
                                    "Actual Loops": 1
                                }
                            ],
                            "Plans": [
                                {
                                    "Node Type": "Seq Scan",
                                    "Parent Relationship": "Outer",
                                    "Parallel Aware": true,
                                    "Relation Name": "movie_companies",
                                    "Schema": "public",
                                    "Alias": "mc",
                                    "Startup Cost": 0.0,
                                    "Total Cost": 29310.68,
                                    "Plan Rows": 532192,
                                    "Plan Width": 0,
                                    "Actual Startup Time": 4.063,
                                    "Actual Total Time": 115.676,
                                    "Actual Rows": 412026,
                                    "Actual Loops": 4,
                                    "Output": [
                                        "id",
                                        "movie_id",
                                        "company_id",
                                        "company_type_id",
                                        "note"
                                    ],
                                    "Filter": "(mc.company_id > 3909)",
                                    "Rows Removed by Filter": 240256,
                                    "Workers": [
                                        {
                                            "Worker Number": 0,
                                            "Actual Startup Time": 0.908,
                                            "Actual Total Time": 113.165,
                                            "Actual Rows": 390432,
                                            "Actual Loops": 1
                                        },
                                        {
                                            "Worker Number": 1,
                                            "Actual Startup Time": 1.503,
                                            "Actual Total Time": 114.347,
                                            "Actual Rows": 383308,
                                            "Actual Loops": 1
                                        },
                                        {
                                            "Worker Number": 2,
                                            "Actual Startup Time": 1.499,
                                            "Actual Total Time": 114.188,
                                            "Actual Rows": 382852,
                                            "Actual Loops": 1
                                        }
                                    ]
                                }
                            ]
                        }
                    ]
                }
            ]
        },
        "Planning Time": 1677.444,
        "Triggers": [],
        "Execution Time": 163.495
    }
]