[
  {
    "Plan": {
      "Node Type": "Aggregate",
      "Strategy": "Plain",
      "Partial Mode": "Finalize",
      "Parallel Aware": false,
      "Startup Cost": 82488.0,
      "Total Cost": 82488.01,
      "Plan Rows": 1,
      "Plan Width": 8,
      "Actual Startup Time": 383.278,
      "Actual Total Time": 397.173,
      "Actual Rows": 1,
      "Actual Loops": 1,
      "Plans": [
        {
          "Node Type": "Gather",
          "Parent Relationship": "Outer",
          "Parallel Aware": false,
          "Startup Cost": 82487.69,
          "Total Cost": 82488.0,
          "Plan Rows": 3,
          "Plan Width": 8,
          "Actual Startup Time": 378.583,
          "Actual Total Time": 397.164,
          "Actual Rows": 4,
          "Actual Loops": 1,
          "Workers Planned": 3,
          "Workers Launched": 3,
          "Single Copy": false,
          "Plans": [
            {
              "Node Type": "Aggregate",
              "Strategy": "Plain",
              "Partial Mode": "Partial",
              "Parent Relationship": "Outer",
              "Parallel Aware": false,
              "Startup Cost": 81487.69,
              "Total Cost": 81487.7,
              "Plan Rows": 1,
              "Plan Width": 8,
              "Actual Startup Time": 371.353,
              "Actual Total Time": 371.356,
              "Actual Rows": 1,
              "Actual Loops": 4,
              "Plans": [
                {
                  "Node Type": "Hash Join",
                  "Parent Relationship": "Outer",
                  "Parallel Aware": true,
                  "Join Type": "Inner",
                  "Startup Cost": 49276.61,
                  "Total Cost": 81237.68,
                  "Plan Rows": 100002,
                  "Plan Width": 0,
                  "Actual Startup Time": 239.017,
                  "Actual Total Time": 368.75,
                  "Actual Rows": 56860,
                  "Actual Loops": 4,
                  "Inner Unique": true,
                  "Hash Cond": "(mc.movie_id = t.id)",
                  "Plans": [
                    {
                      "Node Type": "Seq Scan",
                      "Parent Relationship": "Outer",
                      "Parallel Aware": true,
                      "Relation Name": "movie_companies",
                      "Alias": "mc",
                      "Startup Cost": 0.0,
                      "Total Cost": 31414.82,
                      "Plan Rows": 208096,
                      "Plan Width": 4,
                      "Actual Startup Time": 0.011,
                      "Actual Total Time": 69.373,
                      "Actual Rows": 223864,
                      "Actual Loops": 4,
                      "Filter": "((company_id < 11393) AND (company_type_id = 1))",
                      "Rows Removed by Filter": 428418
                    },
                    {
                      "Node Type": "Hash",
                      "Parent Relationship": "Inner",
                      "Parallel Aware": true,
                      "Startup Cost": 45479.59,
                      "Total Cost": 45479.59,
                      "Plan Rows": 303762,
                      "Plan Width": 4,
                      "Actual Startup Time": 233.996,
                      "Actual Total Time": 233.997,
                      "Actual Rows": 323289,
                      "Actual Loops": 4,
                      "Hash Buckets": 2097152,
                      "Original Hash Buckets": 2097152,
                      "Hash Batches": 1,
                      "Original Hash Batches": 1,
                      "Peak Memory Usage": 67040,
                      "Plans": [
                        {
                          "Node Type": "Seq Scan",
                          "Parent Relationship": "Outer",
                          "Parallel Aware": true,
                          "Relation Name": "title",
                          "Alias": "t",
                          "Startup Cost": 0.0,
                          "Total Cost": 45479.59,
                          "Plan Rows": 303762,
                          "Plan Width": 4,
                          "Actual Startup Time": 0.024,
                          "Actual Total Time": 110.044,
                          "Actual Rows": 323289,
                          "Actual Loops": 4,
                          "Filter": "((production_year > 1977) AND (kind_id = 7))",
                          "Rows Removed by Filter": 308789
                        }
                      ]
                    }
                  ]
                }
              ]
            }
          ]
        }
      ]
    },
    "Planning Time": 0.268,
    "Triggers": [],
    "Execution Time": 397.207
  }
]