[
  {
    "Plan": {
      "Node Type": "Aggregate",
      "Strategy": "Plain",
      "Partial Mode": "Finalize",
      "Parallel Aware": false,
      "Startup Cost": 82473.02,
      "Total Cost": 82473.03,
      "Plan Rows": 1,
      "Plan Width": 8,
      "Actual Startup Time": 399.481,
      "Actual Total Time": 416.995,
      "Actual Rows": 1,
      "Actual Loops": 1,
      "Plans": [
        {
          "Node Type": "Gather",
          "Parent Relationship": "Outer",
          "Parallel Aware": false,
          "Startup Cost": 82472.7,
          "Total Cost": 82473.01,
          "Plan Rows": 3,
          "Plan Width": 8,
          "Actual Startup Time": 391.555,
          "Actual Total Time": 416.983,
          "Actual Rows": 4,
          "Actual Loops": 1,
          "Workers Planned": 3,
          "Workers Launched": 3,
          "Single Copy": false,
          "Plans": [
            {
              "Node Type": "Aggregate",
              "Strategy": "Plain",
              "Partial Mode": "Partial",
              "Parent Relationship": "Outer",
              "Parallel Aware": false,
              "Startup Cost": 81472.7,
              "Total Cost": 81472.71,
              "Plan Rows": 1,
              "Plan Width": 8,
              "Actual Startup Time": 378.339,
              "Actual Total Time": 378.343,
              "Actual Rows": 1,
              "Actual Loops": 4,
              "Plans": [
                {
                  "Node Type": "Hash Join",
                  "Parent Relationship": "Outer",
                  "Parallel Aware": true,
                  "Join Type": "Inner",
                  "Startup Cost": 49249.91,
                  "Total Cost": 81220.21,
                  "Plan Rows": 100995,
                  "Plan Width": 0,
                  "Actual Startup Time": 241.816,
                  "Actual Total Time": 375.718,
                  "Actual Rows": 56860,
                  "Actual Loops": 4,
                  "Inner Unique": true,
                  "Hash Cond": "(mc.movie_id = t.id)",
                  "Plans": [
                    {
                      "Node Type": "Seq Scan",
                      "Parent Relationship": "Outer",
                      "Parallel Aware": true,
                      "Relation Name": "movie_companies",
                      "Alias": "mc",
                      "Startup Cost": 0.0,
                      "Total Cost": 31414.82,
                      "Plan Rows": 211612,
                      "Plan Width": 4,
                      "Actual Startup Time": 0.02,
                      "Actual Total Time": 73.672,
                      "Actual Rows": 223864,
                      "Actual Loops": 4,
                      "Filter": "((company_id < 11393) AND (company_type_id = 1))",
                      "Rows Removed by Filter": 428418
                    },
                    {
                      "Node Type": "Hash",
                      "Parent Relationship": "Inner",
                      "Parallel Aware": true,
                      "Startup Cost": 45479.1,
                      "Total Cost": 45479.1,
                      "Plan Rows": 301665,
                      "Plan Width": 4,
                      "Actual Startup Time": 234.032,
                      "Actual Total Time": 234.033,
                      "Actual Rows": 323289,
                      "Actual Loops": 4,
                      "Hash Buckets": 2097152,
                      "Original Hash Buckets": 2097152,
                      "Hash Batches": 1,
                      "Original Hash Batches": 1,
                      "Peak Memory Usage": 67040,
                      "Plans": [
                        {
                          "Node Type": "Seq Scan",
                          "Parent Relationship": "Outer",
                          "Parallel Aware": true,
                          "Relation Name": "title",
                          "Alias": "t",
                          "Startup Cost": 0.0,
                          "Total Cost": 45479.1,
                          "Plan Rows": 301665,
                          "Plan Width": 4,
                          "Actual Startup Time": 0.035,
                          "Actual Total Time": 110.871,
                          "Actual Rows": 323289,
                          "Actual Loops": 4,
                          "Filter": "((production_year > 1977) AND (kind_id = 7))",
                          "Rows Removed by Filter": 308789
                        }
                      ]
                    }
                  ]
                }
              ]
            }
          ]
        }
      ]
    },
    "Planning Time": 0.661,
    "Triggers": [],
    "Execution Time": 417.068
  }
]