[
  {
    "Plan": {
      "Node Type": "Aggregate",
      "Strategy": "Plain",
      "Partial Mode": "Finalize",
      "Parallel Aware": false,
      "Startup Cost": 45398.57,
      "Total Cost": 45398.58,
      "Plan Rows": 1,
      "Plan Width": 8,
      "Actual Startup Time": 139.544,
      "Actual Total Time": 148.792,
      "Actual Rows": 1,
      "Actual Loops": 1,
      "Plans": [
        {
          "Node Type": "Gather",
          "Parent Relationship": "Outer",
          "Parallel Aware": false,
          "Startup Cost": 45398.25,
          "Total Cost": 45398.56,
          "Plan Rows": 3,
          "Plan Width": 8,
          "Actual Startup Time": 139.4,
          "Actual Total Time": 148.781,
          "Actual Rows": 4,
          "Actual Loops": 1,
          "Workers Planned": 3,
          "Workers Launched": 3,
          "Single Copy": false,
          "Plans": [
            {
              "Node Type": "Aggregate",
              "Strategy": "Plain",
              "Partial Mode": "Partial",
              "Parent Relationship": "Outer",
              "Parallel Aware": false,
              "Startup Cost": 44398.25,
              "Total Cost": 44398.26,
              "Plan Rows": 1,
              "Plan Width": 8,
              "Actual Startup Time": 135.669,
              "Actual Total Time": 135.671,
              "Actual Rows": 1,
              "Actual Loops": 4,
              "Plans": [
                {
                  "Node Type": "Seq Scan",
                  "Parent Relationship": "Outer",
                  "Parallel Aware": true,
                  "Relation Name": "movie_keyword",
                  "Alias": "mk",
                  "Startup Cost": 0.0,
                  "Total Cost": 42695.65,
                  "Plan Rows": 681038,
                  "Plan Width": 0,
                  "Actual Startup Time": 0.565,
                  "Actual Total Time": 110.953,
                  "Actual Rows": 524465,
                  "Actual Loops": 4,
                  "Filter": "(keyword_id > 5740)",
                  "Rows Removed by Filter": 606517
                }
              ]
            }
          ]
        }
      ]
    },
    "Planning Time": 0.151,
    "Triggers": [],
    "Execution Time": 148.836
  }
]