[
  {
    "Plan": {
      "Node Type": "Aggregate",
      "Strategy": "Plain",
      "Partial Mode": "Finalize",
      "Parallel Aware": false,
      "Startup Cost": 46014.36,
      "Total Cost": 46014.37,
      "Plan Rows": 1,
      "Plan Width": 8,
      "Actual Startup Time": 168.101,
      "Actual Total Time": 178.801,
      "Actual Rows": 1,
      "Actual Loops": 1,
      "Plans": [
        {
          "Node Type": "Gather",
          "Parent Relationship": "Outer",
          "Parallel Aware": false,
          "Startup Cost": 46014.04,
          "Total Cost": 46014.35,
          "Plan Rows": 3,
          "Plan Width": 8,
          "Actual Startup Time": 167.965,
          "Actual Total Time": 178.786,
          "Actual Rows": 4,
          "Actual Loops": 1,
          "Workers Planned": 3,
          "Workers Launched": 3,
          "Single Copy": false,
          "Plans": [
            {
              "Node Type": "Aggregate",
              "Strategy": "Plain",
              "Partial Mode": "Partial",
              "Parent Relationship": "Outer",
              "Parallel Aware": false,
              "Startup Cost": 45014.04,
              "Total Cost": 45014.05,
              "Plan Rows": 1,
              "Plan Width": 8,
              "Actual Startup Time": 159.371,
              "Actual Total Time": 159.373,
              "Actual Rows": 1,
              "Actual Loops": 4,
              "Plans": [
                {
                  "Node Type": "Seq Scan",
                  "Parent Relationship": "Outer",
                  "Parallel Aware": true,
                  "Relation Name": "movie_keyword",
                  "Alias": "mk",
                  "Startup Cost": 0.0,
                  "Total Cost": 42695.65,
                  "Plan Rows": 927356,
                  "Plan Width": 0,
                  "Actual Startup Time": 0.069,
                  "Actual Total Time": 124.47,
                  "Actual Rows": 721881,
                  "Actual Loops": 4,
                  "Filter": "(keyword_id < 9075)",
                  "Rows Removed by Filter": 409101
                }
              ]
            }
          ]
        }
      ]
    },
    "Planning Time": 0.237,
    "Triggers": [],
    "Execution Time": 178.859
  }
]