[
  {
    "Plan": {
      "Node Type": "Aggregate",
      "Strategy": "Plain",
      "Partial Mode": "Finalize",
      "Parallel Aware": false,
      "Startup Cost": 90430.38,
      "Total Cost": 90430.39,
      "Plan Rows": 1,
      "Plan Width": 8,
      "Actual Startup Time": 297.793,
      "Actual Total Time": 318.499,
      "Actual Rows": 1,
      "Actual Loops": 1,
      "Plans": [
        {
          "Node Type": "Gather",
          "Parent Relationship": "Outer",
          "Parallel Aware": false,
          "Startup Cost": 90430.06,
          "Total Cost": 90430.37,
          "Plan Rows": 3,
          "Plan Width": 8,
          "Actual Startup Time": 297.141,
          "Actual Total Time": 318.487,
          "Actual Rows": 4,
          "Actual Loops": 1,
          "Workers Planned": 3,
          "Workers Launched": 3,
          "Single Copy": false,
          "Plans": [
            {
              "Node Type": "Aggregate",
              "Strategy": "Plain",
              "Partial Mode": "Partial",
              "Parent Relationship": "Outer",
              "Parallel Aware": false,
              "Startup Cost": 89430.06,
              "Total Cost": 89430.07,
              "Plan Rows": 1,
              "Plan Width": 8,
              "Actual Startup Time": 287.581,
              "Actual Total Time": 287.588,
              "Actual Rows": 1,
              "Actual Loops": 4,
              "Plans": [
                {
                  "Node Type": "Nested Loop",
                  "Parent Relationship": "Outer",
                  "Parallel Aware": false,
                  "Join Type": "Inner",
                  "Startup Cost": 56512.8,
                  "Total Cost": 89421.62,
                  "Plan Rows": 3379,
                  "Plan Width": 0,
                  "Actual Startup Time": 166.307,
                  "Actual Total Time": 287.005,
                  "Actual Rows": 6914,
                  "Actual Loops": 4,
                  "Inner Unique": false,
                  "Join Filter": "(t.id = mi_idx.movie_id)",
                  "Rows Removed by Join Filter": 0,
                  "Plans": [
                    {
                      "Node Type": "Hash Join",
                      "Parent Relationship": "Outer",
                      "Parallel Aware": true,
                      "Join Type": "Inner",
                      "Startup Cost": 56512.38,
                      "Total Cost": 83776.48,
                      "Plan Rows": 9240,
                      "Plan Width": 8,
                      "Actual Startup Time": 165.498,
                      "Actual Total Time": 257.378,
                      "Actual Rows": 5535,
                      "Actual Loops": 4,
                      "Inner Unique": true,
                      "Hash Cond": "(mk.movie_id = t.id)",
                      "Plans": [
                        {
                          "Node Type": "Bitmap Heap Scan",
                          "Parent Relationship": "Outer",
                          "Parallel Aware": true,
                          "Relation Name": "movie_keyword",
                          "Alias": "mk",
                          "Startup Cost": 12220.09,
                          "Total Cost": 38996.49,
                          "Plan Rows": 185792,
                          "Plan Width": 4,
                          "Actual Startup Time": 39.171,
                          "Actual Total Time": 103.884,
                          "Actual Rows": 146458,
                          "Actual Loops": 4,
                          "Recheck Cond": "(keyword_id < 419)",
                          "Rows Removed by Index Recheck": 0,
                          "Exact Heap Blocks": 7984,
                          "Lossy Heap Blocks": 0,
                          "Plans": [
                            {
                              "Node Type": "Bitmap Index Scan",
                              "Parent Relationship": "Outer",
                              "Parallel Aware": false,
                              "Index Name": "keyword_id_movie_keyword",
                              "Startup Cost": 0.0,
                              "Total Cost": 12076.1,
                              "Plan Rows": 575956,
                              "Plan Width": 0,
                              "Actual Startup Time": 35.608,
                              "Actual Total Time": 35.608,
                              "Actual Rows": 585831,
                              "Actual Loops": 1,
                              "Index Cond": "(keyword_id < 419)"
                            }
                          ]
                        },
                        {
                          "Node Type": "Hash",
                          "Parent Relationship": "Inner",
                          "Parallel Aware": true,
                          "Startup Cost": 43899.32,
                          "Total Cost": 43899.32,
                          "Plan Rows": 31437,
                          "Plan Width": 4,
                          "Actual Startup Time": 125.109,
                          "Actual Total Time": 125.11,
                          "Actual Rows": 32174,
                          "Actual Loops": 4,
                          "Hash Buckets": 131072,
                          "Original Hash Buckets": 131072,
                          "Hash Batches": 1,
                          "Original Hash Batches": 1,
                          "Peak Memory Usage": 6112,
                          "Plans": [
                            {
                              "Node Type": "Seq Scan",
                              "Parent Relationship": "Outer",
                              "Parallel Aware": true,
                              "Relation Name": "title",
                              "Alias": "t",
                              "Startup Cost": 0.0,
                              "Total Cost": 43899.32,
                              "Plan Rows": 31437,
                              "Plan Width": 4,
                              "Actual Startup Time": 0.056,
                              "Actual Total Time": 110.931,
                              "Actual Rows": 32174,
                              "Actual Loops": 4,
                              "Filter": "(production_year = 2009)",
                              "Rows Removed by Filter": 599904
                            }
                          ]
                        }
                      ]
                    },
                    {
                      "Node Type": "Index Scan",
                      "Parent Relationship": "Inner",
                      "Parallel Aware": false,
                      "Scan Direction": "Forward",
                      "Index Name": "movie_id_movie_info_idx",
                      "Relation Name": "movie_info_idx",
                      "Alias": "mi_idx",
                      "Startup Cost": 0.43,
                      "Total Cost": 0.59,
                      "Plan Rows": 2,
                      "Plan Width": 4,
                      "Actual Startup Time": 0.005,
                      "Actual Total Time": 0.005,
                      "Actual Rows": 1,
                      "Actual Loops": 22140,
                      "Index Cond": "(movie_id = mk.movie_id)",
                      "Rows Removed by Index Recheck": 0,
                      "Filter": "(info_type_id > 99)",
                      "Rows Removed by Filter": 1
                    }
                  ]
                }
              ]
            }
          ]
        }
      ]
    },
    "Planning Time": 0.447,
    "Triggers": [],
    "Execution Time": 318.579
  }
]