{
  "Plan": {
    "Node Type": "Aggregate",
    "Strategy": "Plain",
    "Partial Mode": "Simple",
    "Parallel Aware": false,
    "Startup Cost": 74614.99,
    "Total Cost": 74615.0,
    "Plan Rows": 1,
    "Plan Width": 68,
    "Actual Startup Time": 135.793,
    "Actual Total Time": 155.798,
    "Actual Rows": 1,
    "Actual Loops": 1,
    "Plans": [
      {
        "Node Type": "Gather",
        "Parent Relationship": "Outer",
        "Parallel Aware": false,
        "Startup Cost": 30695.03,
        "Total Cost": 74614.99,
        "Plan Rows": 1,
        "Plan Width": 45,
        "Actual Startup Time": 135.785,
        "Actual Total Time": 155.79,
        "Actual Rows": 0,
        "Actual Loops": 1,
        "Workers Planned": 4,
        "Workers Launched": 4,
        "Single Copy": false,
        "Plans": [
          {
            "Node Type": "Hash Join",
            "Parent Relationship": "Outer",
            "Parallel Aware": false,
            "Join Type": "Inner",
            "Startup Cost": 29695.03,
            "Total Cost": 73614.89,
            "Plan Rows": 1,
            "Plan Width": 45,
            "Actual Startup Time": 124.569,
            "Actual Total Time": 124.581,
            "Actual Rows": 0,
            "Actual Loops": 5,
            "Inner Unique": false,
            "Hash Cond": "(t.id = mc.movie_id)",
            "Plans": [
              {
                "Node Type": "Seq Scan",
                "Parent Relationship": "Outer",
                "Parallel Aware": true,
                "Relation Name": "title",
                "Alias": "t",
                "Startup Cost": 0.0,
                "Total Cost": 43899.59,
                "Plan Rows": 5401,
                "Plan Width": 25,
                "Actual Startup Time": 72.495,
                "Actual Total Time": 111.346,
                "Actual Rows": 4902,
                "Actual Loops": 5,
                "Filter": "(production_year < 1910)",
                "Rows Removed by Filter": 500761
              },
              {
                "Node Type": "Hash",
                "Parent Relationship": "Inner",
                "Parallel Aware": false,
                "Startup Cost": 29694.38,
                "Total Cost": 29694.38,
                "Plan Rows": 52,
                "Plan Width": 32,
                "Actual Startup Time": 12.053,
                "Actual Total Time": 12.064,
                "Actual Rows": 23,
                "Actual Loops": 5,
                "Hash Buckets": 1024,
                "Original Hash Buckets": 1024,
                "Hash Batches": 1,
                "Original Hash Batches": 1,
                "Peak Memory Usage": 10,
                "Plans": [
                  {
                    "Node Type": "Hash Join",
                    "Parent Relationship": "Outer",
                    "Parallel Aware": false,
                    "Join Type": "Inner",
                    "Startup Cost": 6243.74,
                    "Total Cost": 29694.38,
                    "Plan Rows": 52,
                    "Plan Width": 32,
                    "Actual Startup Time": 0.776,
                    "Actual Total Time": 12.046,
                    "Actual Rows": 23,
                    "Actual Loops": 5,
                    "Inner Unique": true,
                    "Hash Cond": "(mc.company_type_id = ct.id)",
                    "Plans": [
                      {
                        "Node Type": "Nested Loop",
                        "Parent Relationship": "Outer",
                        "Parallel Aware": false,
                        "Join Type": "Inner",
                        "Startup Cost": 6242.68,
                        "Total Cost": 29692.19,
                        "Plan Rows": 209,
                        "Plan Width": 36,
                        "Actual Startup Time": 0.685,
                        "Actual Total Time": 11.942,
                        "Actual Rows": 23,
                        "Actual Loops": 5,
                        "Inner Unique": false,
                        "Plans": [
                          {
                            "Node Type": "Nested Loop",
                            "Parent Relationship": "Outer",
                            "Parallel Aware": false,
                            "Join Type": "Inner",
                            "Startup Cost": 6242.25,
                            "Total Cost": 21942.36,
                            "Plan Rows": 12213,
                            "Plan Width": 4,
                            "Actual Startup Time": 0.175,
                            "Actual Total Time": 0.298,
                            "Actual Rows": 250,
                            "Actual Loops": 5,
                            "Inner Unique": false,
                            "Plans": [
                              {
                                "Node Type": "Seq Scan",
                                "Parent Relationship": "Outer",
                                "Parallel Aware": false,
                                "Relation Name": "info_type",
                                "Alias": "it",
                                "Startup Cost": 0.0,
                                "Total Cost": 2.41,
                                "Plan Rows": 1,
                                "Plan Width": 4,
                                "Actual Startup Time": 0.028,
                                "Actual Total Time": 0.031,
                                "Actual Rows": 1,
                                "Actual Loops": 5,
                                "Filter": "((info)::text = 'top 250 rank'::text)",
                                "Rows Removed by Filter": 112
                              },
                              {
                                "Node Type": "Bitmap Heap Scan",
                                "Parent Relationship": "Inner",
                                "Parallel Aware": false,
                                "Relation Name": "movie_info_idx",
                                "Alias": "mi_idx",
                                "Startup Cost": 6242.25,
                                "Total Cost": 18489.86,
                                "Plan Rows": 345009,
                                "Plan Width": 8,
                                "Actual Startup Time": 0.138,
                                "Actual Total Time": 0.208,
                                "Actual Rows": 250,
                                "Actual Loops": 5,
                                "Recheck Cond": "(info_type_id = it.id)",
                                "Rows Removed by Index Recheck": 0,
                                "Exact Heap Blocks": 2,
                                "Lossy Heap Blocks": 0,
                                "Plans": [
                                  {
                                    "Node Type": "Bitmap Index Scan",
                                    "Parent Relationship": "Outer",
                                    "Parallel Aware": false,
                                    "Index Name": "info_type_id_movie_info_idx",
                                    "Startup Cost": 0.0,
                                    "Total Cost": 6155.99,
                                    "Plan Rows": 345009,
                                    "Plan Width": 0,
                                    "Actual Startup Time": 0.105,
                                    "Actual Total Time": 0.105,
                                    "Actual Rows": 250,
                                    "Actual Loops": 5,
                                    "Index Cond": "(info_type_id = it.id)"
                                  }
                                ]
                              }
                            ]
                          },
                          {
                            "Node Type": "Index Scan",
                            "Parent Relationship": "Inner",
                            "Parallel Aware": false,
                            "Scan Direction": "Forward",
                            "Index Name": "movie_id_movie_companies",
                            "Relation Name": "movie_companies",
                            "Alias": "mc",
                            "Startup Cost": 0.43,
                            "Total Cost": 0.62,
                            "Plan Rows": 1,
                            "Plan Width": 32,
                            "Actual Startup Time": 0.046,
                            "Actual Total Time": 0.046,
                            "Actual Rows": 0,
                            "Actual Loops": 1250,
                            "Index Cond": "(movie_id = mi_idx.movie_id)",
                            "Rows Removed by Index Recheck": 0,
                            "Filter": "((note !~~ '%(as Metro-Goldwyn-Mayer Pictures)%'::text) AND (note ~~ '%(co-production)%'::text))",
                            "Rows Removed by Filter": 33
                          }
                        ]
                      },
                      {
                        "Node Type": "Hash",
                        "Parent Relationship": "Inner",
                        "Parallel Aware": false,
                        "Startup Cost": 1.05,
                        "Total Cost": 1.05,
                        "Plan Rows": 1,
                        "Plan Width": 4,
                        "Actual Startup Time": 0.069,
                        "Actual Total Time": 0.07,
                        "Actual Rows": 1,
                        "Actual Loops": 5,
                        "Hash Buckets": 1024,
                        "Original Hash Buckets": 1024,
                        "Hash Batches": 1,
                        "Original Hash Batches": 1,
                        "Peak Memory Usage": 9,
                        "Plans": [
                          {
                            "Node Type": "Seq Scan",
                            "Parent Relationship": "Outer",
                            "Parallel Aware": false,
                            "Relation Name": "company_type",
                            "Alias": "ct",
                            "Startup Cost": 0.0,
                            "Total Cost": 1.05,
                            "Plan Rows": 1,
                            "Plan Width": 4,
                            "Actual Startup Time": 0.054,
                            "Actual Total Time": 0.055,
                            "Actual Rows": 1,
                            "Actual Loops": 5,
                            "Filter": "((kind)::text = 'production companies'::text)",
                            "Rows Removed by Filter": 3
                          }
                        ]
                      }
                    ]
                  }
                ]
              }
            ]
          }
        ]
      }
    ]
  },
  "Planning Time": 7.088,
  "Triggers": [],
  "Execution Time": 156.356
}