[
  {
    "Plan": {
      "Node Type": "Aggregate",
      "Strategy": "Plain",
      "Partial Mode": "Finalize",
      "Parallel Aware": false,
      "Startup Cost": 339952.98,
      "Total Cost": 339952.99,
      "Plan Rows": 1,
      "Plan Width": 8,
      "Actual Startup Time": 934.184,
      "Actual Total Time": 982.499,
      "Actual Rows": 1,
      "Actual Loops": 1,
      "Plans": [
        {
          "Node Type": "Gather",
          "Parent Relationship": "Outer",
          "Parallel Aware": false,
          "Startup Cost": 339952.36,
          "Total Cost": 339952.97,
          "Plan Rows": 6,
          "Plan Width": 8,
          "Actual Startup Time": 934.001,
          "Actual Total Time": 982.488,
          "Actual Rows": 7,
          "Actual Loops": 1,
          "Workers Planned": 6,
          "Workers Launched": 6,
          "Single Copy": false,
          "Plans": [
            {
              "Node Type": "Aggregate",
              "Strategy": "Plain",
              "Partial Mode": "Partial",
              "Parent Relationship": "Outer",
              "Parallel Aware": false,
              "Startup Cost": 338952.36,
              "Total Cost": 338952.37,
              "Plan Rows": 1,
              "Plan Width": 8,
              "Actual Startup Time": 927.987,
              "Actual Total Time": 927.989,
              "Actual Rows": 1,
              "Actual Loops": 7,
              "Plans": [
                {
                  "Node Type": "Seq Scan",
                  "Parent Relationship": "Outer",
                  "Parallel Aware": true,
                  "Relation Name": "cast_info",
                  "Alias": "ci",
                  "Startup Cost": 0.0,
                  "Total Cost": 328211.39,
                  "Plan Rows": 4296386,
                  "Plan Width": 0,
                  "Actual Startup Time": 0.037,
                  "Actual Total Time": 713.312,
                  "Actual Rows": 3701133,
                  "Actual Loops": 7,
                  "Filter": "(person_id < 2677586)",
                  "Rows Removed by Filter": 1476631
                }
              ]
            }
          ]
        }
      ]
    },
    "Planning Time": 0.172,
    "Triggers": [],
    "Execution Time": 982.563
  }
]