[
    {
        "Bao": {
            "Bao prediction": "NaN",
            "Bao recommended hint": "(no hint)"
        }
    },
    {
        "Plan": {
            "Node Type": "Aggregate",
            "Strategy": "Plain",
            "Partial Mode": "Finalize",
            "Parallel Aware": false,
            "Startup Cost": 72174.16,
            "Total Cost": 72174.17,
            "Plan Rows": 1,
            "Plan Width": 8,
            "Actual Startup Time": 228.712,
            "Actual Total Time": 237.777,
            "Actual Rows": 1,
            "Actual Loops": 1,
            "Output": [
                "count(*)"
            ],
            "Plans": [
                {
                    "Node Type": "Gather",
                    "Parent Relationship": "Outer",
                    "Parallel Aware": false,
                    "Startup Cost": 72173.74,
                    "Total Cost": 72174.15,
                    "Plan Rows": 4,
                    "Plan Width": 8,
                    "Actual Startup Time": 227.142,
                    "Actual Total Time": 237.769,
                    "Actual Rows": 5,
                    "Actual Loops": 1,
                    "Output": [
                        "(PARTIAL count(*))"
                    ],
                    "Workers Planned": 4,
                    "Workers Launched": 4,
                    "Single Copy": false,
                    "Plans": [
                        {
                            "Node Type": "Aggregate",
                            "Strategy": "Plain",
                            "Partial Mode": "Partial",
                            "Parent Relationship": "Outer",
                            "Parallel Aware": false,
                            "Startup Cost": 71173.74,
                            "Total Cost": 71173.75,
                            "Plan Rows": 1,
                            "Plan Width": 8,
                            "Actual Startup Time": 217.667,
                            "Actual Total Time": 217.671,
                            "Actual Rows": 1,
                            "Actual Loops": 5,
                            "Output": [
                                "PARTIAL count(*)"
                            ],
                            "Workers": [
                                {
                                    "Worker Number": 0,
                                    "Actual Startup Time": 215.075,
                                    "Actual Total Time": 215.078,
                                    "Actual Rows": 1,
                                    "Actual Loops": 1
                                },
                                {
                                    "Worker Number": 1,
                                    "Actual Startup Time": 215.292,
                                    "Actual Total Time": 215.296,
                                    "Actual Rows": 1,
                                    "Actual Loops": 1
                                },
                                {
                                    "Worker Number": 2,
                                    "Actual Startup Time": 215.336,
                                    "Actual Total Time": 215.339,
                                    "Actual Rows": 1,
                                    "Actual Loops": 1
                                },
                                {
                                    "Worker Number": 3,
                                    "Actual Startup Time": 215.766,
                                    "Actual Total Time": 215.77,
                                    "Actual Rows": 1,
                                    "Actual Loops": 1
                                }
                            ],
                            "Plans": [
                                {
                                    "Node Type": "Hash Join",
                                    "Parent Relationship": "Outer",
                                    "Parallel Aware": true,
                                    "Join Type": "Inner",
                                    "Startup Cost": 25377.46,
                                    "Total Cost": 71035.29,
                                    "Plan Rows": 55377,
                                    "Plan Width": 0,
                                    "Actual Startup Time": 142.682,
                                    "Actual Total Time": 215.075,
                                    "Actual Rows": 45269,
                                    "Actual Loops": 5,
                                    "Inner Unique": false,
                                    "Hash Cond": "(t.id = mc.movie_id)",
                                    "Workers": [
                                        {
                                            "Worker Number": 0,
                                            "Actual Startup Time": 139.428,
                                            "Actual Total Time": 212.4,
                                            "Actual Rows": 34956,
                                            "Actual Loops": 1
                                        },
                                        {
                                            "Worker Number": 1,
                                            "Actual Startup Time": 139.553,
                                            "Actual Total Time": 212.601,
                                            "Actual Rows": 36078,
                                            "Actual Loops": 1
                                        },
                                        {
                                            "Worker Number": 2,
                                            "Actual Startup Time": 138.121,
                                            "Actual Total Time": 213.009,
                                            "Actual Rows": 50847,
                                            "Actual Loops": 1
                                        },
                                        {
                                            "Worker Number": 3,
                                            "Actual Startup Time": 148.35,
                                            "Actual Total Time": 213.057,
                                            "Actual Rows": 36143,
                                            "Actual Loops": 1
                                        }
                                    ],
                                    "Plans": [
                                        {
                                            "Node Type": "Seq Scan",
                                            "Parent Relationship": "Outer",
                                            "Parallel Aware": true,
                                            "Relation Name": "title",
                                            "Schema": "public",
                                            "Alias": "t",
                                            "Startup Cost": 0.0,
                                            "Total Cost": 42318.81,
                                            "Plan Rows": 632080,
                                            "Plan Width": 4,
                                            "Actual Startup Time": 0.011,
                                            "Actual Total Time": 71.109,
                                            "Actual Rows": 505662,
                                            "Actual Loops": 5,
                                            "Output": [
                                                "t.id",
                                                "t.title",
                                                "t.imdb_index",
                                                "t.kind_id",
                                                "t.production_year",
                                                "t.imdb_id",
                                                "t.phonetic_code",
                                                "t.episode_of_id",
                                                "t.season_nr",
                                                "t.episode_nr",
                                                "t.series_years",
                                                "t.md5sum"
                                            ],
                                            "Workers": [
                                                {
                                                    "Worker Number": 0,
                                                    "Actual Startup Time": 0.014,
                                                    "Actual Total Time": 74.743,
                                                    "Actual Rows": 393865,
                                                    "Actual Loops": 1
                                                },
                                                {
                                                    "Worker Number": 1,
                                                    "Actual Startup Time": 0.017,
                                                    "Actual Total Time": 75.049,
                                                    "Actual Rows": 404494,
                                                    "Actual Loops": 1
                                                },
                                                {
                                                    "Worker Number": 2,
                                                    "Actual Startup Time": 0.006,
                                                    "Actual Total Time": 68.784,
                                                    "Actual Rows": 549594,
                                                    "Actual Loops": 1
                                                },
                                                {
                                                    "Worker Number": 3,
                                                    "Actual Startup Time": 0.013,
                                                    "Actual Total Time": 75.102,
                                                    "Actual Rows": 404524,
                                                    "Actual Loops": 1
                                                }
                                            ]
                                        },
                                        {
                                            "Node Type": "Hash",
                                            "Parent Relationship": "Inner",
                                            "Parallel Aware": true,
                                            "Startup Cost": 24484.28,
                                            "Total Cost": 24484.28,
                                            "Plan Rows": 71454,
                                            "Plan Width": 4,
                                            "Actual Startup Time": 43.754,
                                            "Actual Total Time": 43.756,
                                            "Actual Rows": 45269,
                                            "Actual Loops": 5,
                                            "Output": [
                                                "mc.movie_id"
                                            ],
                                            "Hash Buckets": 262144,
                                            "Original Hash Buckets": 262144,
                                            "Hash Batches": 1,
                                            "Original Hash Batches": 1,
                                            "Peak Memory Usage": 10944,
                                            "Workers": [
                                                {
                                                    "Worker Number": 0,
                                                    "Actual Startup Time": 41.492,
                                                    "Actual Total Time": 41.493,
                                                    "Actual Rows": 34083,
                                                    "Actual Loops": 1
                                                },
                                                {
                                                    "Worker Number": 1,
                                                    "Actual Startup Time": 41.964,
                                                    "Actual Total Time": 41.965,
                                                    "Actual Rows": 33256,
                                                    "Actual Loops": 1
                                                },
                                                {
                                                    "Worker Number": 2,
                                                    "Actual Startup Time": 42.007,
                                                    "Actual Total Time": 42.008,
                                                    "Actual Rows": 32413,
                                                    "Actual Loops": 1
                                                },
                                                {
                                                    "Worker Number": 3,
                                                    "Actual Startup Time": 42.44,
                                                    "Actual Total Time": 42.442,
                                                    "Actual Rows": 31056,
                                                    "Actual Loops": 1
                                                }
                                            ],
                                            "Plans": [
                                                {
                                                    "Node Type": "Bitmap Heap Scan",
                                                    "Parent Relationship": "Outer",
                                                    "Parallel Aware": true,
                                                    "Relation Name": "movie_companies",
                                                    "Schema": "public",
                                                    "Alias": "mc",
                                                    "Startup Cost": 4801.11,
                                                    "Total Cost": 24484.28,
                                                    "Plan Rows": 71454,
                                                    "Plan Width": 4,
                                                    "Actual Startup Time": 4.559,
                                                    "Actual Total Time": 27.404,
                                                    "Actual Rows": 45269,
                                                    "Actual Loops": 5,
                                                    "Output": [
                                                        "mc.movie_id"
                                                    ],
                                                    "Recheck Cond": "(mc.company_id > 106338)",
                                                    "Rows Removed by Index Recheck": 0,
                                                    "Exact Heap Blocks": 1895,
                                                    "Lossy Heap Blocks": 0,
                                                    "Workers": [
                                                        {
                                                            "Worker Number": 0,
                                                            "Actual Startup Time": 2.34,
                                                            "Actual Total Time": 26.01,
                                                            "Actual Rows": 34083,
                                                            "Actual Loops": 1
                                                        },
                                                        {
                                                            "Worker Number": 1,
                                                            "Actual Startup Time": 2.713,
                                                            "Actual Total Time": 26.657,
                                                            "Actual Rows": 33256,
                                                            "Actual Loops": 1
                                                        },
                                                        {
                                                            "Worker Number": 2,
                                                            "Actual Startup Time": 2.932,
                                                            "Actual Total Time": 26.006,
                                                            "Actual Rows": 32413,
                                                            "Actual Loops": 1
                                                        },
                                                        {
                                                            "Worker Number": 3,
                                                            "Actual Startup Time": 3.222,
                                                            "Actual Total Time": 27.085,
                                                            "Actual Rows": 31056,
                                                            "Actual Loops": 1
                                                        }
                                                    ],
                                                    "Plans": [
                                                        {
                                                            "Node Type": "Bitmap Index Scan",
                                                            "Parent Relationship": "Outer",
                                                            "Parallel Aware": false,
                                                            "Index Name": "company_id_movie_companies",
                                                            "Startup Cost": 0.0,
                                                            "Total Cost": 4745.73,
                                                            "Plan Rows": 221507,
                                                            "Plan Width": 0,
                                                            "Actual Startup Time": 10.969,
                                                            "Actual Total Time": 10.969,
                                                            "Actual Rows": 226343,
                                                            "Actual Loops": 1,
                                                            "Index Cond": "(mc.company_id > 106338)"
                                                        }
                                                    ]
                                                }
                                            ]
                                        }
                                    ]
                                }
                            ]
                        }
                    ]
                }
            ]
        },
        "Planning Time": 186.754,
        "Triggers": [],
        "Execution Time": 237.84
    }
]