[
  {
    "Plan": {
      "Node Type": "Aggregate",
      "Strategy": "Plain",
      "Partial Mode": "Finalize",
      "Parallel Aware": false,
      "Startup Cost": 345087.95,
      "Total Cost": 345087.96,
      "Plan Rows": 1,
      "Plan Width": 8,
      "Actual Startup Time": 692.279,
      "Actual Total Time": 736.727,
      "Actual Rows": 1,
      "Actual Loops": 1,
      "Plans": [
        {
          "Node Type": "Gather",
          "Parent Relationship": "Outer",
          "Parallel Aware": false,
          "Startup Cost": 345087.33,
          "Total Cost": 345087.93,
          "Plan Rows": 6,
          "Plan Width": 8,
          "Actual Startup Time": 692.06,
          "Actual Total Time": 736.705,
          "Actual Rows": 7,
          "Actual Loops": 1,
          "Workers Planned": 6,
          "Workers Launched": 6,
          "Single Copy": false,
          "Plans": [
            {
              "Node Type": "Aggregate",
              "Strategy": "Plain",
              "Partial Mode": "Partial",
              "Parent Relationship": "Outer",
              "Parallel Aware": false,
              "Startup Cost": 344087.33,
              "Total Cost": 344087.34,
              "Plan Rows": 1,
              "Plan Width": 8,
              "Actual Startup Time": 684.251,
              "Actual Total Time": 684.252,
              "Actual Rows": 1,
              "Actual Loops": 7,
              "Plans": [
                {
                  "Node Type": "Seq Scan",
                  "Parent Relationship": "Outer",
                  "Parallel Aware": true,
                  "Relation Name": "cast_info",
                  "Alias": "ci",
                  "Startup Cost": 0.0,
                  "Total Cost": 343316.27,
                  "Plan Rows": 308422,
                  "Plan Width": 0,
                  "Actual Startup Time": 490.031,
                  "Actual Total Time": 653.96,
                  "Actual Rows": 590503,
                  "Actual Loops": 7,
                  "Filter": "((person_id > 3300644) AND (role_id > 2))",
                  "Rows Removed by Filter": 4587261
                }
              ]
            }
          ]
        }
      ]
    },
    "Planning Time": 0.233,
    "Triggers": [],
    "Execution Time": 736.84
  }
]