[
  {
    "Plan": {
      "Node Type": "Aggregate",
      "Strategy": "Plain",
      "Partial Mode": "Finalize",
      "Parallel Aware": false,
      "Startup Cost": 347304.17,
      "Total Cost": 347304.18,
      "Plan Rows": 1,
      "Plan Width": 8,
      "Actual Startup Time": 653.527,
      "Actual Total Time": 713.317,
      "Actual Rows": 1,
      "Actual Loops": 1,
      "Plans": [
        {
          "Node Type": "Gather",
          "Parent Relationship": "Outer",
          "Parallel Aware": false,
          "Startup Cost": 347303.55,
          "Total Cost": 347304.16,
          "Plan Rows": 6,
          "Plan Width": 8,
          "Actual Startup Time": 653.395,
          "Actual Total Time": 713.305,
          "Actual Rows": 7,
          "Actual Loops": 1,
          "Workers Planned": 6,
          "Workers Launched": 6,
          "Single Copy": false,
          "Plans": [
            {
              "Node Type": "Aggregate",
              "Strategy": "Plain",
              "Partial Mode": "Partial",
              "Parent Relationship": "Outer",
              "Parallel Aware": false,
              "Startup Cost": 346303.55,
              "Total Cost": 346303.56,
              "Plan Rows": 1,
              "Plan Width": 8,
              "Actual Startup Time": 643.828,
              "Actual Total Time": 643.829,
              "Actual Rows": 1,
              "Actual Loops": 7,
              "Plans": [
                {
                  "Node Type": "Seq Scan",
                  "Parent Relationship": "Outer",
                  "Parallel Aware": true,
                  "Relation Name": "cast_info",
                  "Alias": "ci",
                  "Startup Cost": 0.0,
                  "Total Cost": 343257.03,
                  "Plan Rows": 1218608,
                  "Plan Width": 0,
                  "Actual Startup Time": 230.795,
                  "Actual Total Time": 623.47,
                  "Actual Rows": 446021,
                  "Actual Loops": 7,
                  "Filter": "((person_id < 1095635) AND (role_id > 1))",
                  "Rows Removed by Filter": 4731742
                }
              ]
            }
          ]
        }
      ]
    },
    "Planning Time": 0.222,
    "Triggers": [],
    "Execution Time": 713.388
  }
]