[
  {
    "Plan": {
      "Node Type": "Aggregate",
      "Strategy": "Plain",
      "Partial Mode": "Finalize",
      "Parallel Aware": false,
      "Startup Cost": 69022.41,
      "Total Cost": 69022.42,
      "Plan Rows": 1,
      "Plan Width": 8,
      "Actual Startup Time": 108.616,
      "Actual Total Time": 123.04,
      "Actual Rows": 1,
      "Actual Loops": 1,
      "Plans": [
        {
          "Node Type": "Gather",
          "Parent Relationship": "Outer",
          "Parallel Aware": false,
          "Startup Cost": 69021.99,
          "Total Cost": 69022.4,
          "Plan Rows": 4,
          "Plan Width": 8,
          "Actual Startup Time": 108.479,
          "Actual Total Time": 123.032,
          "Actual Rows": 5,
          "Actual Loops": 1,
          "Workers Planned": 4,
          "Workers Launched": 4,
          "Single Copy": false,
          "Plans": [
            {
              "Node Type": "Aggregate",
              "Strategy": "Plain",
              "Partial Mode": "Partial",
              "Parent Relationship": "Outer",
              "Parallel Aware": false,
              "Startup Cost": 68021.99,
              "Total Cost": 68022.0,
              "Plan Rows": 1,
              "Plan Width": 8,
              "Actual Startup Time": 99.088,
              "Actual Total Time": 99.089,
              "Actual Rows": 1,
              "Actual Loops": 5,
              "Plans": [
                {
                  "Node Type": "Nested Loop",
                  "Parent Relationship": "Outer",
                  "Parallel Aware": false,
                  "Join Type": "Inner",
                  "Startup Cost": 0.43,
                  "Total Cost": 68019.9,
                  "Plan Rows": 838,
                  "Plan Width": 0,
                  "Actual Startup Time": 3.574,
                  "Actual Total Time": 98.965,
                  "Actual Rows": 1435,
                  "Actual Loops": 5,
                  "Inner Unique": false,
                  "Plans": [
                    {
                      "Node Type": "Seq Scan",
                      "Parent Relationship": "Outer",
                      "Parallel Aware": true,
                      "Relation Name": "title",
                      "Alias": "t",
                      "Startup Cost": 0.0,
                      "Total Cost": 45479.1,
                      "Plan Rows": 1892,
                      "Plan Width": 4,
                      "Actual Startup Time": 1.297,
                      "Actual Total Time": 81.081,
                      "Actual Rows": 1555,
                      "Actual Loops": 5,
                      "Filter": "((kind_id < 7) AND (production_year = 1985))",
                      "Rows Removed by Filter": 504107
                    },
                    {
                      "Node Type": "Index Scan",
                      "Parent Relationship": "Inner",
                      "Parallel Aware": false,
                      "Scan Direction": "Forward",
                      "Index Name": "movie_id_movie_companies",
                      "Relation Name": "movie_companies",
                      "Alias": "mc",
                      "Startup Cost": 0.43,
                      "Total Cost": 11.89,
                      "Plan Rows": 2,
                      "Plan Width": 4,
                      "Actual Startup Time": 0.01,
                      "Actual Total Time": 0.011,
                      "Actual Rows": 1,
                      "Actual Loops": 7777,
                      "Index Cond": "(movie_id = t.id)",
                      "Rows Removed by Index Recheck": 0,
                      "Filter": "((company_id > 160) AND (company_type_id < 2))",
                      "Rows Removed by Filter": 1
                    }
                  ]
                }
              ]
            }
          ]
        }
      ]
    },
    "Planning Time": 0.676,
    "Triggers": [],
    "Execution Time": 123.111
  }
]