[
    {
        "Bao": {
            "Bao prediction": "NaN",
            "Bao recommended hint": "(no hint)"
        }
    },
    {
        "Plan": {
            "Node Type": "Aggregate",
            "Strategy": "Plain",
            "Partial Mode": "Finalize",
            "Parallel Aware": false,
            "Startup Cost": 77986.08,
            "Total Cost": 77986.09,
            "Plan Rows": 1,
            "Plan Width": 8,
            "Actual Startup Time": 139.828,
            "Actual Total Time": 147.151,
            "Actual Rows": 1,
            "Actual Loops": 1,
            "Output": [
                "count(*)"
            ],
            "Plans": [
                {
                    "Node Type": "Gather",
                    "Parent Relationship": "Outer",
                    "Parallel Aware": false,
                    "Startup Cost": 77985.66,
                    "Total Cost": 77986.07,
                    "Plan Rows": 4,
                    "Plan Width": 8,
                    "Actual Startup Time": 139.758,
                    "Actual Total Time": 147.145,
                    "Actual Rows": 5,
                    "Actual Loops": 1,
                    "Output": [
                        "(PARTIAL count(*))"
                    ],
                    "Workers Planned": 4,
                    "Workers Launched": 4,
                    "Single Copy": false,
                    "Plans": [
                        {
                            "Node Type": "Aggregate",
                            "Strategy": "Plain",
                            "Partial Mode": "Partial",
                            "Parent Relationship": "Outer",
                            "Parallel Aware": false,
                            "Startup Cost": 76985.66,
                            "Total Cost": 76985.67,
                            "Plan Rows": 1,
                            "Plan Width": 8,
                            "Actual Startup Time": 130.327,
                            "Actual Total Time": 130.33,
                            "Actual Rows": 1,
                            "Actual Loops": 5,
                            "Output": [
                                "PARTIAL count(*)"
                            ],
                            "Workers": [
                                {
                                    "Worker Number": 0,
                                    "Actual Startup Time": 127.445,
                                    "Actual Total Time": 127.447,
                                    "Actual Rows": 1,
                                    "Actual Loops": 1
                                },
                                {
                                    "Worker Number": 1,
                                    "Actual Startup Time": 128.113,
                                    "Actual Total Time": 128.115,
                                    "Actual Rows": 1,
                                    "Actual Loops": 1
                                },
                                {
                                    "Worker Number": 2,
                                    "Actual Startup Time": 128.158,
                                    "Actual Total Time": 128.161,
                                    "Actual Rows": 1,
                                    "Actual Loops": 1
                                },
                                {
                                    "Worker Number": 3,
                                    "Actual Startup Time": 128.504,
                                    "Actual Total Time": 128.507,
                                    "Actual Rows": 1,
                                    "Actual Loops": 1
                                }
                            ],
                            "Plans": [
                                {
                                    "Node Type": "Hash Join",
                                    "Parent Relationship": "Outer",
                                    "Parallel Aware": true,
                                    "Join Type": "Inner",
                                    "Startup Cost": 45518.57,
                                    "Total Cost": 76982.21,
                                    "Plan Rows": 1383,
                                    "Plan Width": 0,
                                    "Actual Startup Time": 77.357,
                                    "Actual Total Time": 130.28,
                                    "Actual Rows": 665,
                                    "Actual Loops": 5,
                                    "Inner Unique": true,
                                    "Hash Cond": "(ci.movie_id = t.id)",
                                    "Workers": [
                                        {
                                            "Worker Number": 0,
                                            "Actual Startup Time": 74.169,
                                            "Actual Total Time": 127.39,
                                            "Actual Rows": 799,
                                            "Actual Loops": 1
                                        },
                                        {
                                            "Worker Number": 1,
                                            "Actual Startup Time": 75.959,
                                            "Actual Total Time": 128.068,
                                            "Actual Rows": 636,
                                            "Actual Loops": 1
                                        },
                                        {
                                            "Worker Number": 2,
                                            "Actual Startup Time": 75.028,
                                            "Actual Total Time": 128.11,
                                            "Actual Rows": 672,
                                            "Actual Loops": 1
                                        },
                                        {
                                            "Worker Number": 3,
                                            "Actual Startup Time": 75.778,
                                            "Actual Total Time": 128.46,
                                            "Actual Rows": 553,
                                            "Actual Loops": 1
                                        }
                                    ],
                                    "Plans": [
                                        {
                                            "Node Type": "Index Scan",
                                            "Parent Relationship": "Outer",
                                            "Parallel Aware": true,
                                            "Scan Direction": "Forward",
                                            "Index Name": "role_id_cast_info",
                                            "Relation Name": "cast_info",
                                            "Schema": "public",
                                            "Alias": "ci",
                                            "Startup Cost": 0.56,
                                            "Total Cost": 30725.09,
                                            "Plan Rows": 281563,
                                            "Plan Width": 4,
                                            "Actual Startup Time": 0.047,
                                            "Actual Total Time": 32.014,
                                            "Actual Rows": 218712,
                                            "Actual Loops": 5,
                                            "Output": [
                                                "ci.id",
                                                "ci.person_id",
                                                "ci.movie_id",
                                                "ci.person_role_id",
                                                "ci.note",
                                                "ci.nr_order",
                                                "ci.role_id"
                                            ],
                                            "Index Cond": "(ci.role_id = 9)",
                                            "Rows Removed by Index Recheck": 0,
                                            "Workers": [
                                                {
                                                    "Worker Number": 0,
                                                    "Actual Startup Time": 0.044,
                                                    "Actual Total Time": 32.131,
                                                    "Actual Rows": 210990,
                                                    "Actual Loops": 1
                                                },
                                                {
                                                    "Worker Number": 1,
                                                    "Actual Startup Time": 0.052,
                                                    "Actual Total Time": 32.271,
                                                    "Actual Rows": 214500,
                                                    "Actual Loops": 1
                                                },
                                                {
                                                    "Worker Number": 2,
                                                    "Actual Startup Time": 0.063,
                                                    "Actual Total Time": 32.17,
                                                    "Actual Rows": 213330,
                                                    "Actual Loops": 1
                                                },
                                                {
                                                    "Worker Number": 3,
                                                    "Actual Startup Time": 0.045,
                                                    "Actual Total Time": 32.249,
                                                    "Actual Rows": 214890,
                                                    "Actual Loops": 1
                                                }
                                            ]
                                        },
                                        {
                                            "Node Type": "Hash",
                                            "Parent Relationship": "Inner",
                                            "Parallel Aware": true,
                                            "Startup Cost": 45479.21,
                                            "Total Cost": 45479.21,
                                            "Plan Rows": 3104,
                                            "Plan Width": 4,
                                            "Actual Startup Time": 76.156,
                                            "Actual Total Time": 76.157,
                                            "Actual Rows": 2399,
                                            "Actual Loops": 5,
                                            "Output": [
                                                "t.id"
                                            ],
                                            "Hash Buckets": 16384,
                                            "Original Hash Buckets": 16384,
                                            "Hash Batches": 1,
                                            "Original Hash Batches": 1,
                                            "Peak Memory Usage": 672,
                                            "Workers": [
                                                {
                                                    "Worker Number": 0,
                                                    "Actual Startup Time": 73.249,
                                                    "Actual Total Time": 73.25,
                                                    "Actual Rows": 1563,
                                                    "Actual Loops": 1
                                                },
                                                {
                                                    "Worker Number": 1,
                                                    "Actual Startup Time": 73.961,
                                                    "Actual Total Time": 73.962,
                                                    "Actual Rows": 1865,
                                                    "Actual Loops": 1
                                                },
                                                {
                                                    "Worker Number": 2,
                                                    "Actual Startup Time": 74.031,
                                                    "Actual Total Time": 74.032,
                                                    "Actual Rows": 1798,
                                                    "Actual Loops": 1
                                                },
                                                {
                                                    "Worker Number": 3,
                                                    "Actual Startup Time": 74.364,
                                                    "Actual Total Time": 74.365,
                                                    "Actual Rows": 1880,
                                                    "Actual Loops": 1
                                                }
                                            ],
                                            "Plans": [
                                                {
                                                    "Node Type": "Seq Scan",
                                                    "Parent Relationship": "Outer",
                                                    "Parallel Aware": true,
                                                    "Relation Name": "title",
                                                    "Schema": "public",
                                                    "Alias": "t",
                                                    "Startup Cost": 0.0,
                                                    "Total Cost": 45479.21,
                                                    "Plan Rows": 3104,
                                                    "Plan Width": 4,
                                                    "Actual Startup Time": 0.143,
                                                    "Actual Total Time": 74.893,
                                                    "Actual Rows": 2399,
                                                    "Actual Loops": 5,
                                                    "Output": [
                                                        "t.id"
                                                    ],
                                                    "Filter": "((t.kind_id = 7) AND (t.production_year = 1987))",
                                                    "Rows Removed by Filter": 503263,
                                                    "Workers": [
                                                        {
                                                            "Worker Number": 0,
                                                            "Actual Startup Time": 0.148,
                                                            "Actual Total Time": 72.007,
                                                            "Actual Rows": 1563,
                                                            "Actual Loops": 1
                                                        },
                                                        {
                                                            "Worker Number": 1,
                                                            "Actual Startup Time": 0.15,
                                                            "Actual Total Time": 72.703,
                                                            "Actual Rows": 1865,
                                                            "Actual Loops": 1
                                                        },
                                                        {
                                                            "Worker Number": 2,
                                                            "Actual Startup Time": 0.063,
                                                            "Actual Total Time": 72.796,
                                                            "Actual Rows": 1798,
                                                            "Actual Loops": 1
                                                        },
                                                        {
                                                            "Worker Number": 3,
                                                            "Actual Startup Time": 0.194,
                                                            "Actual Total Time": 73.078,
                                                            "Actual Rows": 1880,
                                                            "Actual Loops": 1
                                                        }
                                                    ]
                                                }
                                            ]
                                        }
                                    ]
                                }
                            ]
                        }
                    ]
                }
            ]
        },
        "Planning Time": 202.29,
        "Triggers": [],
        "Execution Time": 147.206
    }
]