[
  {
    "Plan": {
      "Node Type": "Aggregate",
      "Strategy": "Plain",
      "Partial Mode": "Simple",
      "Parallel Aware": false,
      "Startup Cost": 3078.39,
      "Total Cost": 3078.4,
      "Plan Rows": 1,
      "Plan Width": 8,
      "Actual Startup Time": 6.501,
      "Actual Total Time": 6.503,
      "Actual Rows": 1,
      "Actual Loops": 1,
      "Plans": [
        {
          "Node Type": "Nested Loop",
          "Parent Relationship": "Outer",
          "Parallel Aware": false,
          "Join Type": "Inner",
          "Startup Cost": 7.19,
          "Total Cost": 3078.37,
          "Plan Rows": 9,
          "Plan Width": 0,
          "Actual Startup Time": 1.445,
          "Actual Total Time": 6.49,
          "Actual Rows": 81,
          "Actual Loops": 1,
          "Inner Unique": false,
          "Plans": [
            {
              "Node Type": "Nested Loop",
              "Parent Relationship": "Outer",
              "Parallel Aware": false,
              "Join Type": "Inner",
              "Startup Cost": 6.75,
              "Total Cost": 2958.5,
              "Plan Rows": 29,
              "Plan Width": 8,
              "Actual Startup Time": 1.429,
              "Actual Total Time": 4.389,
              "Actual Rows": 72,
              "Actual Loops": 1,
              "Inner Unique": true,
              "Plans": [
                {
                  "Node Type": "Bitmap Heap Scan",
                  "Parent Relationship": "Outer",
                  "Parallel Aware": false,
                  "Relation Name": "movie_keyword",
                  "Alias": "mk",
                  "Startup Cost": 6.32,
                  "Total Cost": 908.7,
                  "Plan Rows": 244,
                  "Plan Width": 4,
                  "Actual Startup Time": 0.15,
                  "Actual Total Time": 0.956,
                  "Actual Rows": 940,
                  "Actual Loops": 1,
                  "Recheck Cond": "(keyword_id = 406)",
                  "Rows Removed by Index Recheck": 0,
                  "Exact Heap Blocks": 524,
                  "Lossy Heap Blocks": 0,
                  "Plans": [
                    {
                      "Node Type": "Bitmap Index Scan",
                      "Parent Relationship": "Outer",
                      "Parallel Aware": false,
                      "Index Name": "keyword_id_movie_keyword",
                      "Startup Cost": 0.0,
                      "Total Cost": 6.26,
                      "Plan Rows": 244,
                      "Plan Width": 0,
                      "Actual Startup Time": 0.085,
                      "Actual Total Time": 0.085,
                      "Actual Rows": 940,
                      "Actual Loops": 1,
                      "Index Cond": "(keyword_id = 406)"
                    }
                  ]
                },
                {
                  "Node Type": "Index Scan",
                  "Parent Relationship": "Inner",
                  "Parallel Aware": false,
                  "Scan Direction": "Forward",
                  "Index Name": "title_pkey",
                  "Relation Name": "title",
                  "Alias": "t",
                  "Startup Cost": 0.43,
                  "Total Cost": 8.4,
                  "Plan Rows": 1,
                  "Plan Width": 4,
                  "Actual Startup Time": 0.003,
                  "Actual Total Time": 0.003,
                  "Actual Rows": 0,
                  "Actual Loops": 940,
                  "Index Cond": "(id = mk.movie_id)",
                  "Rows Removed by Index Recheck": 0,
                  "Filter": "(production_year < 1965)",
                  "Rows Removed by Filter": 1
                }
              ]
            },
            {
              "Node Type": "Index Scan",
              "Parent Relationship": "Inner",
              "Parallel Aware": false,
              "Scan Direction": "Forward",
              "Index Name": "movie_id_movie_info",
              "Relation Name": "movie_info",
              "Alias": "mi",
              "Startup Cost": 0.43,
              "Total Cost": 4.11,
              "Plan Rows": 2,
              "Plan Width": 4,
              "Actual Startup Time": 0.01,
              "Actual Total Time": 0.029,
              "Actual Rows": 1,
              "Actual Loops": 72,
              "Index Cond": "(movie_id = t.id)",
              "Rows Removed by Index Recheck": 0,
              "Filter": "(info_type_id < 2)",
              "Rows Removed by Filter": 44
            }
          ]
        }
      ]
    },
    "Planning Time": 0.53,
    "Triggers": [],
    "Execution Time": 6.537
  }
]