[
  {
    "Plan": {
      "Node Type": "Aggregate",
      "Strategy": "Plain",
      "Partial Mode": "Finalize",
      "Parallel Aware": false,
      "Startup Cost": 91178.11,
      "Total Cost": 91178.12,
      "Plan Rows": 1,
      "Plan Width": 8,
      "Actual Startup Time": 361.938,
      "Actual Total Time": 376.454,
      "Actual Rows": 1,
      "Actual Loops": 1,
      "Plans": [
        {
          "Node Type": "Gather",
          "Parent Relationship": "Outer",
          "Parallel Aware": false,
          "Startup Cost": 91177.69,
          "Total Cost": 91178.1,
          "Plan Rows": 4,
          "Plan Width": 8,
          "Actual Startup Time": 352.021,
          "Actual Total Time": 376.442,
          "Actual Rows": 5,
          "Actual Loops": 1,
          "Workers Planned": 4,
          "Workers Launched": 4,
          "Single Copy": false,
          "Plans": [
            {
              "Node Type": "Aggregate",
              "Strategy": "Plain",
              "Partial Mode": "Partial",
              "Parent Relationship": "Outer",
              "Parallel Aware": false,
              "Startup Cost": 90177.69,
              "Total Cost": 90177.7,
              "Plan Rows": 1,
              "Plan Width": 8,
              "Actual Startup Time": 342.058,
              "Actual Total Time": 342.41,
              "Actual Rows": 1,
              "Actual Loops": 5,
              "Plans": [
                {
                  "Node Type": "Hash Join",
                  "Parent Relationship": "Outer",
                  "Parallel Aware": true,
                  "Join Type": "Inner",
                  "Startup Cost": 45146.47,
                  "Total Cost": 90098.19,
                  "Plan Rows": 31800,
                  "Plan Width": 0,
                  "Actual Startup Time": 209.941,
                  "Actual Total Time": 340.292,
                  "Actual Rows": 44048,
                  "Actual Loops": 5,
                  "Inner Unique": false,
                  "Hash Cond": "(t.id = mc.movie_id)",
                  "Plans": [
                    {
                      "Node Type": "Seq Scan",
                      "Parent Relationship": "Outer",
                      "Parallel Aware": true,
                      "Relation Name": "title",
                      "Alias": "t",
                      "Startup Cost": 0.0,
                      "Total Cost": 42318.73,
                      "Plan Rows": 632073,
                      "Plan Width": 4,
                      "Actual Startup Time": 0.023,
                      "Actual Total Time": 65.154,
                      "Actual Rows": 505662,
                      "Actual Loops": 5
                    },
                    {
                      "Node Type": "Hash",
                      "Parent Relationship": "Inner",
                      "Parallel Aware": true,
                      "Startup Cost": 43832.88,
                      "Total Cost": 43832.88,
                      "Plan Rows": 105087,
                      "Plan Width": 8,
                      "Actual Startup Time": 206.849,
                      "Actual Total Time": 207.198,
                      "Actual Rows": 44048,
                      "Actual Loops": 5,
                      "Hash Buckets": 524288,
                      "Original Hash Buckets": 524288,
                      "Hash Batches": 1,
                      "Original Hash Batches": 1,
                      "Peak Memory Usage": 12768,
                      "Plans": [
                        {
                          "Node Type": "Hash Join",
                          "Parent Relationship": "Outer",
                          "Parallel Aware": true,
                          "Join Type": "Inner",
                          "Startup Cost": 34490.22,
                          "Total Cost": 43832.88,
                          "Plan Rows": 105087,
                          "Plan Width": 8,
                          "Actual Startup Time": 169.35,
                          "Actual Total Time": 194.766,
                          "Actual Rows": 44048,
                          "Actual Loops": 5,
                          "Inner Unique": false,
                          "Hash Cond": "(ci.movie_id = mc.movie_id)",
                          "Plans": [
                            {
                              "Node Type": "Index Scan",
                              "Parent Relationship": "Outer",
                              "Parallel Aware": true,
                              "Scan Direction": "Forward",
                              "Index Name": "role_id_cast_info",
                              "Relation Name": "cast_info",
                              "Alias": "ci",
                              "Startup Cost": 0.56,
                              "Total Cost": 8600.37,
                              "Plan Rows": 80772,
                              "Plan Width": 4,
                              "Actual Startup Time": 0.145,
                              "Actual Total Time": 10.503,
                              "Actual Rows": 21964,
                              "Actual Loops": 5,
                              "Index Cond": "(role_id > 10)",
                              "Rows Removed by Index Recheck": 0,
                              "Filter": "(person_id < 3087643)",
                              "Rows Removed by Filter": 41260
                            },
                            {
                              "Node Type": "Hash",
                              "Parent Relationship": "Inner",
                              "Parallel Aware": true,
                              "Startup Cost": 29310.68,
                              "Total Cost": 29310.68,
                              "Plan Rows": 414318,
                              "Plan Width": 4,
                              "Actual Startup Time": 164.637,
                              "Actual Total Time": 164.638,
                              "Actual Rows": 254849,
                              "Actual Loops": 5,
                              "Hash Buckets": 2097152,
                              "Original Hash Buckets": 2097152,
                              "Hash Batches": 1,
                              "Original Hash Batches": 1,
                              "Peak Memory Usage": 66336,
                              "Plans": [
                                {
                                  "Node Type": "Seq Scan",
                                  "Parent Relationship": "Outer",
                                  "Parallel Aware": true,
                                  "Relation Name": "movie_companies",
                                  "Alias": "mc",
                                  "Startup Cost": 0.0,
                                  "Total Cost": 29310.68,
                                  "Plan Rows": 414318,
                                  "Plan Width": 4,
                                  "Actual Startup Time": 0.057,
                                  "Actual Total Time": 68.257,
                                  "Actual Rows": 254849,
                                  "Actual Loops": 5,
                                  "Filter": "(company_type_id < 2)",
                                  "Rows Removed by Filter": 266977
                                }
                              ]
                            }
                          ]
                        }
                      ]
                    }
                  ]
                }
              ]
            }
          ]
        }
      ]
    },
    "Planning Time": 1.452,
    "Triggers": [],
    "Execution Time": 376.558
  }
]