{
  "Plan": {
    "Node Type": "Aggregate",
    "Strategy": "Plain",
    "Partial Mode": "Finalize",
    "Parallel Aware": false,
    "Startup Cost": 142752.12,
    "Total Cost": 142752.13,
    "Plan Rows": 1,
    "Plan Width": 8,
    "Actual Startup Time": 679.62,
    "Actual Total Time": 698.702,
    "Actual Rows": 1,
    "Actual Loops": 1,
    "Plans": [
      {
        "Node Type": "Gather",
        "Parent Relationship": "Outer",
        "Parallel Aware": false,
        "Startup Cost": 142752.01,
        "Total Cost": 142752.12,
        "Plan Rows": 1,
        "Plan Width": 8,
        "Actual Startup Time": 678.884,
        "Actual Total Time": 698.695,
        "Actual Rows": 2,
        "Actual Loops": 1,
        "Workers Planned": 1,
        "Workers Launched": 1,
        "Single Copy": false,
        "Plans": [
          {
            "Node Type": "Aggregate",
            "Strategy": "Plain",
            "Partial Mode": "Partial",
            "Parent Relationship": "Outer",
            "Parallel Aware": false,
            "Startup Cost": 141752.01,
            "Total Cost": 141752.02,
            "Plan Rows": 1,
            "Plan Width": 8,
            "Actual Startup Time": 672.908,
            "Actual Total Time": 672.913,
            "Actual Rows": 1,
            "Actual Loops": 2,
            "Plans": [
              {
                "Node Type": "Hash Join",
                "Parent Relationship": "Outer",
                "Parallel Aware": true,
                "Join Type": "Inner",
                "Startup Cost": 74397.78,
                "Total Cost": 141566.47,
                "Plan Rows": 74218,
                "Plan Width": 0,
                "Actual Startup Time": 298.686,
                "Actual Total Time": 658.714,
                "Actual Rows": 344643,
                "Actual Loops": 2,
                "Inner Unique": false,
                "Hash Cond": "(mk.movie_id = t.id)",
                "Plans": [
                  {
                    "Node Type": "Seq Scan",
                    "Parent Relationship": "Outer",
                    "Parallel Aware": true,
                    "Relation Name": "movie_keyword",
                    "Alias": "mk",
                    "Startup Cost": 0.0,
                    "Total Cost": 57718.19,
                    "Plan Rows": 2403714,
                    "Plan Width": 4,
                    "Actual Startup Time": 0.018,
                    "Actual Total Time": 211.599,
                    "Actual Rows": 2048418,
                    "Actual Loops": 2,
                    "Filter": "(keyword_id < 40958)",
                    "Rows Removed by Filter": 213547
                  },
                  {
                    "Node Type": "Hash",
                    "Parent Relationship": "Inner",
                    "Parallel Aware": true,
                    "Startup Cost": 73823.78,
                    "Total Cost": 73823.78,
                    "Plan Rows": 45920,
                    "Plan Width": 8,
                    "Actual Startup Time": 290.197,
                    "Actual Total Time": 290.201,
                    "Actual Rows": 30402,
                    "Actual Loops": 2,
                    "Hash Buckets": 131072,
                    "Original Hash Buckets": 131072,
                    "Hash Batches": 1,
                    "Original Hash Batches": 1,
                    "Peak Memory Usage": 3456,
                    "Plans": [
                      {
                        "Node Type": "Hash Join",
                        "Parent Relationship": "Outer",
                        "Parallel Aware": true,
                        "Join Type": "Inner",
                        "Startup Cost": 55639.99,
                        "Total Cost": 73823.78,
                        "Plan Rows": 45920,
                        "Plan Width": 8,
                        "Actual Startup Time": 166.907,
                        "Actual Total Time": 284.109,
                        "Actual Rows": 30402,
                        "Actual Loops": 2,
                        "Inner Unique": true,
                        "Hash Cond": "(mi_idx.movie_id = t.id)",
                        "Plans": [
                          {
                            "Node Type": "Seq Scan",
                            "Parent Relationship": "Outer",
                            "Parallel Aware": true,
                            "Relation Name": "movie_info_idx",
                            "Alias": "mi_idx",
                            "Startup Cost": 0.0,
                            "Total Cost": 16052.85,
                            "Plan Rows": 811785,
                            "Plan Width": 4,
                            "Actual Startup Time": 0.018,
                            "Actual Total Time": 52.184,
                            "Actual Rows": 690018,
                            "Actual Loops": 2
                          },
                          {
                            "Node Type": "Hash",
                            "Parent Relationship": "Inner",
                            "Parallel Aware": true,
                            "Startup Cost": 54588.39,
                            "Total Cost": 54588.39,
                            "Plan Rows": 84128,
                            "Plan Width": 4,
                            "Actual Startup Time": 160.562,
                            "Actual Total Time": 160.563,
                            "Actual Rows": 72770,
                            "Actual Loops": 2,
                            "Hash Buckets": 262144,
                            "Original Hash Buckets": 262144,
                            "Hash Batches": 1,
                            "Original Hash Batches": 1,
                            "Peak Memory Usage": 7776,
                            "Plans": [
                              {
                                "Node Type": "Seq Scan",
                                "Parent Relationship": "Outer",
                                "Parallel Aware": true,
                                "Relation Name": "title",
                                "Alias": "t",
                                "Startup Cost": 0.0,
                                "Total Cost": 54588.39,
                                "Plan Rows": 84128,
                                "Plan Width": 4,
                                "Actual Startup Time": 6.771,
                                "Actual Total Time": 144.322,
                                "Actual Rows": 72770,
                                "Actual Loops": 2,
                                "Filter": "(production_year < 1942)",
                                "Rows Removed by Filter": 1191386
                              }
                            ]
                          }
                        ]
                      }
                    ]
                  }
                ]
              }
            ]
          }
        ]
      }
    ]
  },
  "Planning Time": 0.916,
  "Triggers": [],
  "Execution Time": 698.781
}