[
  {
    "Plan": {
      "Node Type": "Aggregate",
      "Strategy": "Plain",
      "Partial Mode": "Finalize",
      "Parallel Aware": false,
      "Startup Cost": 435154.6,
      "Total Cost": 435154.61,
      "Plan Rows": 1,
      "Plan Width": 8,
      "Actual Startup Time": 1548.621,
      "Actual Total Time": 1589.854,
      "Actual Rows": 1,
      "Actual Loops": 1,
      "Plans": [
        {
          "Node Type": "Gather",
          "Parent Relationship": "Outer",
          "Parallel Aware": false,
          "Startup Cost": 435154.28,
          "Total Cost": 435154.59,
          "Plan Rows": 3,
          "Plan Width": 8,
          "Actual Startup Time": 1540.837,
          "Actual Total Time": 1589.846,
          "Actual Rows": 4,
          "Actual Loops": 1,
          "Workers Planned": 3,
          "Workers Launched": 3,
          "Single Copy": false,
          "Plans": [
            {
              "Node Type": "Aggregate",
              "Strategy": "Plain",
              "Partial Mode": "Partial",
              "Parent Relationship": "Outer",
              "Parallel Aware": false,
              "Startup Cost": 434154.28,
              "Total Cost": 434154.29,
              "Plan Rows": 1,
              "Plan Width": 8,
              "Actual Startup Time": 1530.424,
              "Actual Total Time": 1530.429,
              "Actual Rows": 1,
              "Actual Loops": 4,
              "Plans": [
                {
                  "Node Type": "Hash Join",
                  "Parent Relationship": "Outer",
                  "Parallel Aware": true,
                  "Join Type": "Inner",
                  "Startup Cost": 385587.99,
                  "Total Cost": 431726.39,
                  "Plan Rows": 971155,
                  "Plan Width": 0,
                  "Actual Startup Time": 957.114,
                  "Actual Total Time": 1396.163,
                  "Actual Rows": 3483068,
                  "Actual Loops": 4,
                  "Inner Unique": false,
                  "Hash Cond": "(mk.movie_id = t.id)",
                  "Plans": [
                    {
                      "Node Type": "Seq Scan",
                      "Parent Relationship": "Outer",
                      "Parallel Aware": true,
                      "Relation Name": "movie_keyword",
                      "Alias": "mk",
                      "Startup Cost": 0.0,
                      "Total Cost": 39047.32,
                      "Plan Rows": 1459332,
                      "Plan Width": 4,
                      "Actual Startup Time": 0.025,
                      "Actual Total Time": 89.17,
                      "Actual Rows": 1130982,
                      "Actual Loops": 4
                    },
                    {
                      "Node Type": "Hash",
                      "Parent Relationship": "Inner",
                      "Parallel Aware": true,
                      "Startup Cost": 382082.72,
                      "Total Cost": 382082.72,
                      "Plan Rows": 280421,
                      "Plan Width": 8,
                      "Actual Startup Time": 950.756,
                      "Actual Total Time": 950.76,
                      "Actual Rows": 237833,
                      "Actual Loops": 4,
                      "Hash Buckets": 2097152,
                      "Original Hash Buckets": 2097152,
                      "Hash Batches": 1,
                      "Original Hash Batches": 1,
                      "Peak Memory Usage": 53632,
                      "Plans": [
                        {
                          "Node Type": "Hash Join",
                          "Parent Relationship": "Outer",
                          "Parallel Aware": true,
                          "Join Type": "Inner",
                          "Startup Cost": 47364.19,
                          "Total Cost": 382082.72,
                          "Plan Rows": 280421,
                          "Plan Width": 8,
                          "Actual Startup Time": 145.594,
                          "Actual Total Time": 861.546,
                          "Actual Rows": 237833,
                          "Actual Loops": 4,
                          "Inner Unique": true,
                          "Hash Cond": "(ci.movie_id = t.id)",
                          "Plans": [
                            {
                              "Node Type": "Index Scan",
                              "Parent Relationship": "Outer",
                              "Parallel Aware": true,
                              "Scan Direction": "Forward",
                              "Index Name": "role_id_cast_info",
                              "Relation Name": "cast_info",
                              "Alias": "ci",
                              "Startup Cost": 0.56,
                              "Total Cost": 331632.96,
                              "Plan Rows": 1175672,
                              "Plan Width": 4,
                              "Actual Startup Time": 0.141,
                              "Actual Total Time": 470.469,
                              "Actual Rows": 956966,
                              "Actual Loops": 4,
                              "Index Cond": "(role_id > 3)",
                              "Rows Removed by Index Recheck": 0,
                              "Filter": "(person_id < 2088794)",
                              "Rows Removed by Filter": 2071446
                            },
                            {
                              "Node Type": "Hash",
                              "Parent Relationship": "Inner",
                              "Parallel Aware": true,
                              "Startup Cost": 45479.1,
                              "Total Cost": 45479.1,
                              "Plan Rows": 150762,
                              "Plan Width": 4,
                              "Actual Startup Time": 143.529,
                              "Actual Total Time": 143.53,
                              "Actual Rows": 126852,
                              "Actual Loops": 4,
                              "Hash Buckets": 1048576,
                              "Original Hash Buckets": 1048576,
                              "Hash Batches": 1,
                              "Original Hash Batches": 1,
                              "Peak Memory Usage": 28096,
                              "Plans": [
                                {
                                  "Node Type": "Seq Scan",
                                  "Parent Relationship": "Outer",
                                  "Parallel Aware": true,
                                  "Relation Name": "title",
                                  "Alias": "t",
                                  "Startup Cost": 0.0,
                                  "Total Cost": 45479.1,
                                  "Plan Rows": 150762,
                                  "Plan Width": 4,
                                  "Actual Startup Time": 0.038,
                                  "Actual Total Time": 98.002,
                                  "Actual Rows": 126852,
                                  "Actual Loops": 4,
                                  "Filter": "((kind_id < 7) AND (production_year > 1997))",
                                  "Rows Removed by Filter": 505226
                                }
                              ]
                            }
                          ]
                        }
                      ]
                    }
                  ]
                }
              ]
            }
          ]
        }
      ]
    },
    "Planning Time": 0.793,
    "Triggers": [],
    "Execution Time": 1589.92
  }
]