[
  {
    "Plan": {
      "Node Type": "Aggregate",
      "Strategy": "Plain",
      "Partial Mode": "Finalize",
      "Parallel Aware": false,
      "Startup Cost": 343389.74,
      "Total Cost": 343389.75,
      "Plan Rows": 1,
      "Plan Width": 8,
      "Actual Startup Time": 884.865,
      "Actual Total Time": 943.576,
      "Actual Rows": 1,
      "Actual Loops": 1,
      "Plans": [
        {
          "Node Type": "Gather",
          "Parent Relationship": "Outer",
          "Parallel Aware": false,
          "Startup Cost": 343389.12,
          "Total Cost": 343389.73,
          "Plan Rows": 6,
          "Plan Width": 8,
          "Actual Startup Time": 884.723,
          "Actual Total Time": 943.567,
          "Actual Rows": 7,
          "Actual Loops": 1,
          "Workers Planned": 6,
          "Workers Launched": 6,
          "Single Copy": false,
          "Plans": [
            {
              "Node Type": "Aggregate",
              "Strategy": "Plain",
              "Partial Mode": "Partial",
              "Parent Relationship": "Outer",
              "Parallel Aware": false,
              "Startup Cost": 342389.12,
              "Total Cost": 342389.13,
              "Plan Rows": 1,
              "Plan Width": 8,
              "Actual Startup Time": 874.471,
              "Actual Total Time": 874.472,
              "Actual Rows": 1,
              "Actual Loops": 7,
              "Plans": [
                {
                  "Node Type": "Seq Scan",
                  "Parent Relationship": "Outer",
                  "Parallel Aware": true,
                  "Relation Name": "cast_info",
                  "Alias": "ci",
                  "Startup Cost": 0.0,
                  "Total Cost": 328162.03,
                  "Plan Rows": 5690836,
                  "Plan Width": 0,
                  "Actual Startup Time": 36.835,
                  "Actual Total Time": 660.874,
                  "Actual Rows": 4879822,
                  "Actual Loops": 7,
                  "Filter": "(person_id > 204460)",
                  "Rows Removed by Filter": 297941
                }
              ]
            }
          ]
        }
      ]
    },
    "Planning Time": 0.179,
    "Triggers": [],
    "Execution Time": 943.647
  }
]