[
  {
    "Plan": {
      "Node Type": "Aggregate",
      "Strategy": "Plain",
      "Partial Mode": "Finalize",
      "Parallel Aware": false,
      "Startup Cost": 44409.15,
      "Total Cost": 44409.16,
      "Plan Rows": 1,
      "Plan Width": 8,
      "Actual Startup Time": 153.991,
      "Actual Total Time": 162.345,
      "Actual Rows": 1,
      "Actual Loops": 1,
      "Plans": [
        {
          "Node Type": "Gather",
          "Parent Relationship": "Outer",
          "Parallel Aware": false,
          "Startup Cost": 44408.83,
          "Total Cost": 44409.14,
          "Plan Rows": 3,
          "Plan Width": 8,
          "Actual Startup Time": 153.88,
          "Actual Total Time": 162.335,
          "Actual Rows": 4,
          "Actual Loops": 1,
          "Workers Planned": 3,
          "Workers Launched": 3,
          "Single Copy": false,
          "Plans": [
            {
              "Node Type": "Aggregate",
              "Strategy": "Plain",
              "Partial Mode": "Partial",
              "Parent Relationship": "Outer",
              "Parallel Aware": false,
              "Startup Cost": 43408.83,
              "Total Cost": 43408.84,
              "Plan Rows": 1,
              "Plan Width": 8,
              "Actual Startup Time": 144.907,
              "Actual Total Time": 144.908,
              "Actual Rows": 1,
              "Actual Loops": 4,
              "Plans": [
                {
                  "Node Type": "Seq Scan",
                  "Parent Relationship": "Outer",
                  "Parallel Aware": true,
                  "Relation Name": "movie_keyword",
                  "Alias": "mk",
                  "Startup Cost": 0.0,
                  "Total Cost": 42695.65,
                  "Plan Rows": 285270,
                  "Plan Width": 0,
                  "Actual Startup Time": 4.594,
                  "Actual Total Time": 130.289,
                  "Actual Rows": 219996,
                  "Actual Loops": 4,
                  "Filter": "(keyword_id > 20959)",
                  "Rows Removed by Filter": 910986
                }
              ]
            }
          ]
        }
      ]
    },
    "Planning Time": 0.196,
    "Triggers": [],
    "Execution Time": 162.4
  }
]