{
  "Plan": {
    "Node Type": "Aggregate",
    "Strategy": "Plain",
    "Partial Mode": "Finalize",
    "Parallel Aware": false,
    "Startup Cost": 762807.74,
    "Total Cost": 762807.75,
    "Plan Rows": 1,
    "Plan Width": 8,
    "Actual Startup Time": 8234.007,
    "Actual Total Time": 8308.545,
    "Actual Rows": 1,
    "Actual Loops": 1,
    "Plans": [
      {
        "Node Type": "Gather",
        "Parent Relationship": "Outer",
        "Parallel Aware": false,
        "Startup Cost": 762807.62,
        "Total Cost": 762807.73,
        "Plan Rows": 1,
        "Plan Width": 8,
        "Actual Startup Time": 8225.467,
        "Actual Total Time": 8308.533,
        "Actual Rows": 2,
        "Actual Loops": 1,
        "Workers Planned": 1,
        "Workers Launched": 1,
        "Single Copy": false,
        "Plans": [
          {
            "Node Type": "Aggregate",
            "Strategy": "Plain",
            "Partial Mode": "Partial",
            "Parent Relationship": "Outer",
            "Parallel Aware": false,
            "Startup Cost": 761807.62,
            "Total Cost": 761807.63,
            "Plan Rows": 1,
            "Plan Width": 8,
            "Actual Startup Time": 8220.745,
            "Actual Total Time": 8222.792,
            "Actual Rows": 1,
            "Actual Loops": 2,
            "Plans": [
              {
                "Node Type": "Hash Join",
                "Parent Relationship": "Outer",
                "Parallel Aware": true,
                "Join Type": "Inner",
                "Startup Cost": 125878.07,
                "Total Cost": 753778.13,
                "Plan Rows": 3211798,
                "Plan Width": 0,
                "Actual Startup Time": 991.793,
                "Actual Total Time": 7024.034,
                "Actual Rows": 30838994,
                "Actual Loops": 2,
                "Inner Unique": false,
                "Hash Cond": "(ci.movie_id = t.id)",
                "Plans": [
                  {
                    "Node Type": "Seq Scan",
                    "Parent Relationship": "Outer",
                    "Parallel Aware": true,
                    "Relation Name": "cast_info",
                    "Alias": "ci",
                    "Startup Cost": 0.0,
                    "Total Cost": 572345.93,
                    "Plan Rows": 9776316,
                    "Plan Width": 4,
                    "Actual Startup Time": 0.017,
                    "Actual Total Time": 1808.587,
                    "Actual Rows": 9514538,
                    "Actual Loops": 2,
                    "Filter": "((person_id < 2116306) AND (role_id < 8))",
                    "Rows Removed by Filter": 8607634
                  },
                  {
                    "Node Type": "Hash",
                    "Parent Relationship": "Inner",
                    "Parallel Aware": true,
                    "Startup Cost": 119770.6,
                    "Total Cost": 119770.6,
                    "Plan Rows": 488598,
                    "Plan Width": 8,
                    "Actual Startup Time": 982.505,
                    "Actual Total Time": 984.551,
                    "Actual Rows": 1243088,
                    "Actual Loops": 2,
                    "Hash Buckets": 4194304,
                    "Original Hash Buckets": 1048576,
                    "Hash Batches": 1,
                    "Original Hash Batches": 1,
                    "Peak Memory Usage": 154624,
                    "Plans": [
                      {
                        "Node Type": "Hash Join",
                        "Parent Relationship": "Outer",
                        "Parallel Aware": true,
                        "Join Type": "Inner",
                        "Startup Cost": 61719.76,
                        "Total Cost": 119770.6,
                        "Plan Rows": 488598,
                        "Plan Width": 8,
                        "Actual Startup Time": 240.284,
                        "Actual Total Time": 707.027,
                        "Actual Rows": 1243088,
                        "Actual Loops": 2,
                        "Inner Unique": true,
                        "Hash Cond": "(mk.movie_id = t.id)",
                        "Plans": [
                          {
                            "Node Type": "Seq Scan",
                            "Parent Relationship": "Outer",
                            "Parallel Aware": true,
                            "Relation Name": "movie_keyword",
                            "Alias": "mk",
                            "Startup Cost": 0.0,
                            "Total Cost": 51065.35,
                            "Plan Rows": 2661135,
                            "Plan Width": 4,
                            "Actual Startup Time": 0.013,
                            "Actual Total Time": 163.923,
                            "Actual Rows": 2261965,
                            "Actual Loops": 2
                          },
                          {
                            "Node Type": "Hash",
                            "Parent Relationship": "Inner",
                            "Parallel Aware": true,
                            "Startup Cost": 58306.47,
                            "Total Cost": 58306.47,
                            "Plan Rows": 273063,
                            "Plan Width": 4,
                            "Actual Startup Time": 237.38,
                            "Actual Total Time": 237.381,
                            "Actual Rows": 278746,
                            "Actual Loops": 2,
                            "Hash Buckets": 1048576,
                            "Original Hash Buckets": 524288,
                            "Hash Batches": 1,
                            "Original Hash Batches": 1,
                            "Peak Memory Usage": 34112,
                            "Plans": [
                              {
                                "Node Type": "Seq Scan",
                                "Parent Relationship": "Outer",
                                "Parallel Aware": true,
                                "Relation Name": "title",
                                "Alias": "t",
                                "Startup Cost": 0.0,
                                "Total Cost": 58306.47,
                                "Plan Rows": 273063,
                                "Plan Width": 4,
                                "Actual Startup Time": 0.045,
                                "Actual Total Time": 160.227,
                                "Actual Rows": 278746,
                                "Actual Loops": 2,
                                "Filter": "((kind_id < 7) AND (production_year < 2003))",
                                "Rows Removed by Filter": 985410
                              }
                            ]
                          }
                        ]
                      }
                    ]
                  }
                ]
              }
            ]
          }
        ]
      }
    ]
  },
  "Planning Time": 1.128,
  "Triggers": [],
  "Execution Time": 8308.657
}