[
  {
    "Plan": {
      "Node Type": "Aggregate",
      "Strategy": "Plain",
      "Partial Mode": "Finalize",
      "Parallel Aware": false,
      "Startup Cost": 193579.85,
      "Total Cost": 193579.86,
      "Plan Rows": 1,
      "Plan Width": 8,
      "Actual Startup Time": 74.029,
      "Actual Total Time": 83.074,
      "Actual Rows": 1,
      "Actual Loops": 1,
      "Plans": [
        {
          "Node Type": "Gather",
          "Parent Relationship": "Outer",
          "Parallel Aware": false,
          "Startup Cost": 193579.43,
          "Total Cost": 193579.84,
          "Plan Rows": 4,
          "Plan Width": 8,
          "Actual Startup Time": 73.78,
          "Actual Total Time": 83.066,
          "Actual Rows": 5,
          "Actual Loops": 1,
          "Workers Planned": 4,
          "Workers Launched": 4,
          "Single Copy": false,
          "Plans": [
            {
              "Node Type": "Aggregate",
              "Strategy": "Plain",
              "Partial Mode": "Partial",
              "Parent Relationship": "Outer",
              "Parallel Aware": false,
              "Startup Cost": 192579.43,
              "Total Cost": 192579.44,
              "Plan Rows": 1,
              "Plan Width": 8,
              "Actual Startup Time": 63.685,
              "Actual Total Time": 63.687,
              "Actual Rows": 1,
              "Actual Loops": 5,
              "Plans": [
                {
                  "Node Type": "Nested Loop",
                  "Parent Relationship": "Outer",
                  "Parallel Aware": false,
                  "Join Type": "Inner",
                  "Startup Cost": 1825.19,
                  "Total Cost": 192576.96,
                  "Plan Rows": 988,
                  "Plan Width": 0,
                  "Actual Startup Time": 13.932,
                  "Actual Total Time": 63.556,
                  "Actual Rows": 708,
                  "Actual Loops": 5,
                  "Inner Unique": false,
                  "Plans": [
                    {
                      "Node Type": "Bitmap Heap Scan",
                      "Parent Relationship": "Outer",
                      "Parallel Aware": true,
                      "Relation Name": "title",
                      "Alias": "t",
                      "Startup Cost": 1824.76,
                      "Total Cost": 38206.11,
                      "Plan Rows": 1627,
                      "Plan Width": 4,
                      "Actual Startup Time": 13.494,
                      "Actual Total Time": 34.197,
                      "Actual Rows": 648,
                      "Actual Loops": 5,
                      "Recheck Cond": "(kind_id = 3)",
                      "Rows Removed by Index Recheck": 0,
                      "Filter": "(production_year = 2012)",
                      "Rows Removed by Filter": 19459,
                      "Exact Heap Blocks": 6984,
                      "Lossy Heap Blocks": 0,
                      "Plans": [
                        {
                          "Node Type": "Bitmap Index Scan",
                          "Parent Relationship": "Outer",
                          "Parallel Aware": false,
                          "Index Name": "kind_id_title",
                          "Startup Cost": 0.0,
                          "Total Cost": 1823.13,
                          "Plan Rows": 102227,
                          "Plan Width": 0,
                          "Actual Startup Time": 17.776,
                          "Actual Total Time": 17.777,
                          "Actual Rows": 100537,
                          "Actual Loops": 1,
                          "Index Cond": "(kind_id = 3)"
                        }
                      ]
                    },
                    {
                      "Node Type": "Index Scan",
                      "Parent Relationship": "Inner",
                      "Parallel Aware": false,
                      "Scan Direction": "Forward",
                      "Index Name": "movie_id_movie_info",
                      "Relation Name": "movie_info",
                      "Alias": "mi",
                      "Startup Cost": 0.43,
                      "Total Cost": 94.84,
                      "Plan Rows": 4,
                      "Plan Width": 4,
                      "Actual Startup Time": 0.044,
                      "Actual Total Time": 0.044,
                      "Actual Rows": 1,
                      "Actual Loops": 3242,
                      "Index Cond": "(movie_id = t.id)",
                      "Rows Removed by Index Recheck": 0,
                      "Filter": "(info_type_id = 3)",
                      "Rows Removed by Filter": 6
                    }
                  ]
                }
              ]
            }
          ]
        }
      ]
    },
    "Planning Time": 0.648,
    "Triggers": [],
    "Execution Time": 83.165
  }
]