[
  {
    "Plan": {
      "Node Type": "Aggregate",
      "Strategy": "Plain",
      "Partial Mode": "Finalize",
      "Parallel Aware": false,
      "Startup Cost": 319157.06,
      "Total Cost": 319157.07,
      "Plan Rows": 1,
      "Plan Width": 8,
      "Actual Startup Time": 146.548,
      "Actual Total Time": 159.835,
      "Actual Rows": 1,
      "Actual Loops": 1,
      "Plans": [
        {
          "Node Type": "Gather",
          "Parent Relationship": "Outer",
          "Parallel Aware": false,
          "Startup Cost": 319156.53,
          "Total Cost": 319157.04,
          "Plan Rows": 5,
          "Plan Width": 8,
          "Actual Startup Time": 146.176,
          "Actual Total Time": 159.828,
          "Actual Rows": 6,
          "Actual Loops": 1,
          "Workers Planned": 5,
          "Workers Launched": 5,
          "Single Copy": false,
          "Plans": [
            {
              "Node Type": "Aggregate",
              "Strategy": "Plain",
              "Partial Mode": "Partial",
              "Parent Relationship": "Outer",
              "Parallel Aware": false,
              "Startup Cost": 318156.53,
              "Total Cost": 318156.54,
              "Plan Rows": 1,
              "Plan Width": 8,
              "Actual Startup Time": 135.714,
              "Actual Total Time": 135.718,
              "Actual Rows": 1,
              "Actual Loops": 6,
              "Plans": [
                {
                  "Node Type": "Hash Join",
                  "Parent Relationship": "Outer",
                  "Parallel Aware": true,
                  "Join Type": "Inner",
                  "Startup Cost": 52466.15,
                  "Total Cost": 318155.29,
                  "Plan Rows": 498,
                  "Plan Width": 0,
                  "Actual Startup Time": 106.807,
                  "Actual Total Time": 135.64,
                  "Actual Rows": 704,
                  "Actual Loops": 6,
                  "Inner Unique": true,
                  "Hash Cond": "(ci.movie_id = t.id)",
                  "Plans": [
                    {
                      "Node Type": "Bitmap Heap Scan",
                      "Parent Relationship": "Outer",
                      "Parallel Aware": true,
                      "Relation Name": "cast_info",
                      "Alias": "ci",
                      "Startup Cost": 8489.53,
                      "Total Cost": 274045.87,
                      "Plan Rows": 50593,
                      "Plan Width": 4,
                      "Actual Startup Time": 22.215,
                      "Actual Total Time": 42.062,
                      "Actual Rows": 62541,
                      "Actual Loops": 6,
                      "Recheck Cond": "(person_id > 3992224)",
                      "Rows Removed by Index Recheck": 0,
                      "Filter": "(role_id > 1)",
                      "Rows Removed by Filter": 0,
                      "Exact Heap Blocks": 985,
                      "Lossy Heap Blocks": 0,
                      "Plans": [
                        {
                          "Node Type": "Bitmap Index Scan",
                          "Parent Relationship": "Outer",
                          "Parallel Aware": false,
                          "Index Name": "person_id_cast_info",
                          "Startup Cost": 0.0,
                          "Total Cost": 8426.29,
                          "Plan Rows": 385830,
                          "Plan Width": 0,
                          "Actual Startup Time": 21.028,
                          "Actual Total Time": 21.029,
                          "Actual Rows": 375244,
                          "Actual Loops": 1,
                          "Index Cond": "(person_id > 3992224)"
                        }
                      ]
                    },
                    {
                      "Node Type": "Hash",
                      "Parent Relationship": "Inner",
                      "Parallel Aware": true,
                      "Startup Cost": 43898.92,
                      "Total Cost": 43898.92,
                      "Plan Rows": 6216,
                      "Plan Width": 4,
                      "Actual Startup Time": 83.292,
                      "Actual Total Time": 83.294,
                      "Actual Rows": 3966,
                      "Actual Loops": 6,
                      "Hash Buckets": 32768,
                      "Original Hash Buckets": 32768,
                      "Hash Batches": 1,
                      "Original Hash Batches": 1,
                      "Peak Memory Usage": 1344,
                      "Plans": [
                        {
                          "Node Type": "Seq Scan",
                          "Parent Relationship": "Outer",
                          "Parallel Aware": true,
                          "Relation Name": "title",
                          "Alias": "t",
                          "Startup Cost": 0.0,
                          "Total Cost": 43898.92,
                          "Plan Rows": 6216,
                          "Plan Width": 4,
                          "Actual Startup Time": 0.109,
                          "Actual Total Time": 80.683,
                          "Actual Rows": 3966,
                          "Actual Loops": 6,
                          "Filter": "(production_year = 1991)",
                          "Rows Removed by Filter": 417419
                        }
                      ]
                    }
                  ]
                }
              ]
            }
          ]
        }
      ]
    },
    "Planning Time": 0.766,
    "Triggers": [],
    "Execution Time": 159.93
  }
]