[
  {
    "Plan": {
      "Node Type": "Aggregate",
      "Strategy": "Plain",
      "Partial Mode": "Finalize",
      "Parallel Aware": false,
      "Startup Cost": 766328.17,
      "Total Cost": 766328.18,
      "Plan Rows": 1,
      "Plan Width": 64,
      "Actual Startup Time": 2583.509,
      "Actual Total Time": 2757.919,
      "Actual Rows": 1,
      "Actual Loops": 1,
      "Plans": [
        {
          "Node Type": "Gather",
          "Parent Relationship": "Outer",
          "Parallel Aware": false,
          "Startup Cost": 766327.85,
          "Total Cost": 766328.16,
          "Plan Rows": 3,
          "Plan Width": 64,
          "Actual Startup Time": 2583.268,
          "Actual Total Time": 2757.903,
          "Actual Rows": 4,
          "Actual Loops": 1,
          "Workers Planned": 3,
          "Workers Launched": 3,
          "Single Copy": false,
          "Plans": [
            {
              "Node Type": "Aggregate",
              "Strategy": "Plain",
              "Partial Mode": "Partial",
              "Parent Relationship": "Outer",
              "Parallel Aware": false,
              "Startup Cost": 765327.85,
              "Total Cost": 765327.86,
              "Plan Rows": 1,
              "Plan Width": 64,
              "Actual Startup Time": 2572.188,
              "Actual Total Time": 2572.221,
              "Actual Rows": 1,
              "Actual Loops": 4,
              "Plans": [
                {
                  "Node Type": "Hash Join",
                  "Parent Relationship": "Outer",
                  "Parallel Aware": true,
                  "Join Type": "Inner",
                  "Startup Cost": 749933.93,
                  "Total Cost": 765327.84,
                  "Plan Rows": 2,
                  "Plan Width": 32,
                  "Actual Startup Time": 2568.6,
                  "Actual Total Time": 2572.21,
                  "Actual Rows": 10,
                  "Actual Loops": 4,
                  "Inner Unique": false,
                  "Hash Cond": "(an.person_id = n.id)",
                  "Plans": [
                    {
                      "Node Type": "Seq Scan",
                      "Parent Relationship": "Outer",
                      "Parallel Aware": true,
                      "Relation Name": "aka_name",
                      "Alias": "an",
                      "Startup Cost": 0.0,
                      "Total Cost": 14303.56,
                      "Plan Rows": 290756,
                      "Plan Width": 4,
                      "Actual Startup Time": 0.027,
                      "Actual Total Time": 31.094,
                      "Actual Rows": 225336,
                      "Actual Loops": 4
                    },
                    {
                      "Node Type": "Hash",
                      "Parent Relationship": "Inner",
                      "Parallel Aware": true,
                      "Startup Cost": 749933.92,
                      "Total Cost": 749933.92,
                      "Plan Rows": 1,
                      "Plan Width": 40,
                      "Actual Startup Time": 2526.24,
                      "Actual Total Time": 2526.269,
                      "Actual Rows": 10,
                      "Actual Loops": 4,
                      "Hash Buckets": 1024,
                      "Original Hash Buckets": 1024,
                      "Hash Batches": 1,
                      "Original Hash Batches": 1,
                      "Peak Memory Usage": 104,
                      "Plans": [
                        {
                          "Node Type": "Hash Join",
                          "Parent Relationship": "Outer",
                          "Parallel Aware": true,
                          "Join Type": "Inner",
                          "Startup Cost": 745022.98,
                          "Total Cost": 749933.92,
                          "Plan Rows": 1,
                          "Plan Width": 40,
                          "Actual Startup Time": 2520.942,
                          "Actual Total Time": 2526.184,
                          "Actual Rows": 10,
                          "Actual Loops": 4,
                          "Inner Unique": false,
                          "Hash Cond": "(cn.id = mc.company_id)",
                          "Plans": [
                            {
                              "Node Type": "Seq Scan",
                              "Parent Relationship": "Outer",
                              "Parallel Aware": true,
                              "Relation Name": "company_name",
                              "Alias": "cn",
                              "Startup Cost": 0.0,
                              "Total Cost": 4722.92,
                              "Plan Rows": 50137,
                              "Plan Width": 4,
                              "Actual Startup Time": 0.012,
                              "Actual Total Time": 8.161,
                              "Actual Rows": 21211,
                              "Actual Loops": 4,
                              "Filter": "((country_code)::text = '[us]'::text)",
                              "Rows Removed by Filter": 37538
                            },
                            {
                              "Node Type": "Hash",
                              "Parent Relationship": "Inner",
                              "Parallel Aware": true,
                              "Startup Cost": 745022.95,
                              "Total Cost": 745022.95,
                              "Plan Rows": 2,
                              "Plan Width": 44,
                              "Actual Startup Time": 2516.747,
                              "Actual Total Time": 2516.773,
                              "Actual Rows": 15,
                              "Actual Loops": 4,
                              "Hash Buckets": 1024,
                              "Original Hash Buckets": 1024,
                              "Hash Batches": 1,
                              "Original Hash Batches": 1,
                              "Peak Memory Usage": 136,
                              "Plans": [
                                {
                                  "Node Type": "Hash Join",
                                  "Parent Relationship": "Outer",
                                  "Parallel Aware": true,
                                  "Join Type": "Inner",
                                  "Startup Cost": 714660.19,
                                  "Total Cost": 745022.95,
                                  "Plan Rows": 2,
                                  "Plan Width": 44,
                                  "Actual Startup Time": 2442.905,
                                  "Actual Total Time": 2516.705,
                                  "Actual Rows": 15,
                                  "Actual Loops": 4,
                                  "Inner Unique": false,
                                  "Hash Cond": "(mc.movie_id = t.id)",
                                  "Plans": [
                                    {
                                      "Node Type": "Seq Scan",
                                      "Parent Relationship": "Outer",
                                      "Parallel Aware": true,
                                      "Relation Name": "movie_companies",
                                      "Alias": "mc",
                                      "Startup Cost": 0.0,
                                      "Total Cost": 27206.55,
                                      "Plan Rows": 841655,
                                      "Plan Width": 8,
                                      "Actual Startup Time": 0.013,
                                      "Actual Total Time": 61.013,
                                      "Actual Rows": 652282,
                                      "Actual Loops": 4
                                    },
                                    {
                                      "Node Type": "Hash",
                                      "Parent Relationship": "Inner",
                                      "Parallel Aware": true,
                                      "Startup Cost": 714660.18,
                                      "Total Cost": 714660.18,
                                      "Plan Rows": 1,
                                      "Plan Width": 52,
                                      "Actual Startup Time": 2415.463,
                                      "Actual Total Time": 2415.484,
                                      "Actual Rows": 3,
                                      "Actual Loops": 4,
                                      "Hash Buckets": 1024,
                                      "Original Hash Buckets": 1024,
                                      "Hash Batches": 1,
                                      "Original Hash Batches": 1,
                                      "Peak Memory Usage": 104,
                                      "Plans": [
                                        {
                                          "Node Type": "Hash Join",
                                          "Parent Relationship": "Outer",
                                          "Parallel Aware": true,
                                          "Join Type": "Inner",
                                          "Startup Cost": 669913.0,
                                          "Total Cost": 714660.18,
                                          "Plan Rows": 1,
                                          "Plan Width": 52,
                                          "Actual Startup Time": 2332.699,
                                          "Actual Total Time": 2415.417,
                                          "Actual Rows": 3,
                                          "Actual Loops": 4,
                                          "Inner Unique": false,
                                          "Hash Cond": "(t.id = mi.movie_id)",
                                          "Plans": [
                                            {
                                              "Node Type": "Seq Scan",
                                              "Parent Relationship": "Outer",
                                              "Parallel Aware": true,
                                              "Relation Name": "title",
                                              "Alias": "t",
                                              "Startup Cost": 0.0,
                                              "Total Cost": 43898.62,
                                              "Plan Rows": 226281,
                                              "Plan Width": 21,
                                              "Actual Startup Time": 0.025,
                                              "Actual Total Time": 99.994,
                                              "Actual Rows": 226123,
                                              "Actual Loops": 4,
                                              "Filter": "(production_year > 2006)",
                                              "Rows Removed by Filter": 405955
                                            },
                                            {
                                              "Node Type": "Hash",
                                              "Parent Relationship": "Inner",
                                              "Parallel Aware": true,
                                              "Startup Cost": 669912.99,
                                              "Total Cost": 669912.99,
                                              "Plan Rows": 1,
                                              "Plan Width": 31,
                                              "Actual Startup Time": 2301.7,
                                              "Actual Total Time": 2301.717,
                                              "Actual Rows": 5,
                                              "Actual Loops": 4,
                                              "Hash Buckets": 1024,
                                              "Original Hash Buckets": 1024,
                                              "Hash Batches": 1,
                                              "Original Hash Batches": 1,
                                              "Peak Memory Usage": 136,
                                              "Plans": [
                                                {
                                                  "Node Type": "Hash Join",
                                                  "Parent Relationship": "Outer",
                                                  "Parallel Aware": true,
                                                  "Join Type": "Inner",
                                                  "Startup Cost": 622641.72,
                                                  "Total Cost": 669912.99,
                                                  "Plan Rows": 1,
                                                  "Plan Width": 31,
                                                  "Actual Startup Time": 2189.625,
                                                  "Actual Total Time": 2301.655,
                                                  "Actual Rows": 5,
                                                  "Actual Loops": 4,
                                                  "Inner Unique": false,
                                                  "Hash Cond": "(chn.id = ci.person_role_id)",
                                                  "Plans": [
                                                    {
                                                      "Node Type": "Seq Scan",
                                                      "Parent Relationship": "Outer",
                                                      "Parallel Aware": true,
                                                      "Relation Name": "char_name",
                                                      "Alias": "chn",
                                                      "Startup Cost": 0.0,
                                                      "Total Cost": 44325.46,
                                                      "Plan Rows": 785546,
                                                      "Plan Width": 4,
                                                      "Actual Startup Time": 0.01,
                                                      "Actual Total Time": 100.881,
                                                      "Actual Rows": 785085,
                                                      "Actual Loops": 4
                                                    },
                                                    {
                                                      "Node Type": "Hash",
                                                      "Parent Relationship": "Inner",
                                                      "Parallel Aware": true,
                                                      "Startup Cost": 622641.71,
                                                      "Total Cost": 622641.71,
                                                      "Plan Rows": 1,
                                                      "Plan Width": 35,
                                                      "Actual Startup Time": 2153.74,
                                                      "Actual Total Time": 2153.755,
                                                      "Actual Rows": 5,
                                                      "Actual Loops": 4,
                                                      "Hash Buckets": 1024,
                                                      "Original Hash Buckets": 1024,
                                                      "Hash Batches": 1,
                                                      "Original Hash Batches": 1,
                                                      "Peak Memory Usage": 136,
                                                      "Plans": [
                                                        {
                                                          "Node Type": "Hash Join",
                                                          "Parent Relationship": "Outer",
                                                          "Parallel Aware": true,
                                                          "Join Type": "Inner",
                                                          "Startup Cost": 415746.9,
                                                          "Total Cost": 622641.71,
                                                          "Plan Rows": 1,
                                                          "Plan Width": 35,
                                                          "Actual Startup Time": 1695.508,
                                                          "Actual Total Time": 2153.685,
                                                          "Actual Rows": 5,
                                                          "Actual Loops": 4,
                                                          "Inner Unique": false,
                                                          "Hash Cond": "(mi.movie_id = ci.movie_id)",
                                                          "Plans": [
                                                            {
                                                              "Node Type": "Hash Join",
                                                              "Parent Relationship": "Outer",
                                                              "Parallel Aware": false,
                                                              "Join Type": "Inner",
                                                              "Startup Cost": 2.43,
                                                              "Total Cost": 206892.59,
                                                              "Plan Rows": 1236,
                                                              "Plan Width": 4,
                                                              "Actual Startup Time": 171.241,
                                                              "Actual Total Time": 657.453,
                                                              "Actual Rows": 112760,
                                                              "Actual Loops": 4,
                                                              "Inner Unique": true,
                                                              "Hash Cond": "(mi.info_type_id = it.id)",
                                                              "Plans": [
                                                                {
                                                                  "Node Type": "Seq Scan",
                                                                  "Parent Relationship": "Outer",
                                                                  "Parallel Aware": true,
                                                                  "Relation Name": "movie_info",
                                                                  "Alias": "mi",
                                                                  "Startup Cost": 0.0,
                                                                  "Total Cost": 206509.76,
                                                                  "Plan Rows": 139676,
                                                                  "Plan Width": 8,
                                                                  "Actual Startup Time": 76.449,
                                                                  "Actual Total Time": 641.107,
                                                                  "Actual Rows": 112776,
                                                                  "Actual Loops": 4,
                                                                  "Filter": "((info IS NOT NULL) AND ((info ~~ 'Japan:%200%'::text) OR (info ~~ 'USA:%200%'::text)))",
                                                                  "Rows Removed by Filter": 3596154
                                                                },
                                                                {
                                                                  "Node Type": "Hash",
                                                                  "Parent Relationship": "Inner",
                                                                  "Parallel Aware": false,
                                                                  "Startup Cost": 2.41,
                                                                  "Total Cost": 2.41,
                                                                  "Plan Rows": 1,
                                                                  "Plan Width": 4,
                                                                  "Actual Startup Time": 0.052,
                                                                  "Actual Total Time": 0.053,
                                                                  "Actual Rows": 1,
                                                                  "Actual Loops": 4,
                                                                  "Hash Buckets": 1024,
                                                                  "Original Hash Buckets": 1024,
                                                                  "Hash Batches": 1,
                                                                  "Original Hash Batches": 1,
                                                                  "Peak Memory Usage": 9,
                                                                  "Plans": [
                                                                    {
                                                                      "Node Type": "Seq Scan",
                                                                      "Parent Relationship": "Outer",
                                                                      "Parallel Aware": false,
                                                                      "Relation Name": "info_type",
                                                                      "Alias": "it",
                                                                      "Startup Cost": 0.0,
                                                                      "Total Cost": 2.41,
                                                                      "Plan Rows": 1,
                                                                      "Plan Width": 4,
                                                                      "Actual Startup Time": 0.039,
                                                                      "Actual Total Time": 0.045,
                                                                      "Actual Rows": 1,
                                                                      "Actual Loops": 4,
                                                                      "Filter": "((info)::text = 'release dates'::text)",
                                                                      "Rows Removed by Filter": 112
                                                                    }
                                                                  ]
                                                                }
                                                              ]
                                                            },
                                                            {
                                                              "Node Type": "Hash",
                                                              "Parent Relationship": "Inner",
                                                              "Parallel Aware": true,
                                                              "Startup Cost": 415743.36,
                                                              "Total Cost": 415743.36,
                                                              "Plan Rows": 89,
                                                              "Plan Width": 31,
                                                              "Actual Startup Time": 1488.518,
                                                              "Actual Total Time": 1488.525,
                                                              "Actual Rows": 11,
                                                              "Actual Loops": 4,
                                                              "Hash Buckets": 1024,
                                                              "Original Hash Buckets": 1024,
                                                              "Hash Batches": 1,
                                                              "Original Hash Batches": 1,
                                                              "Peak Memory Usage": 136,
                                                              "Plans": [
                                                                {
                                                                  "Node Type": "Hash Join",
                                                                  "Parent Relationship": "Outer",
                                                                  "Parallel Aware": false,
                                                                  "Join Type": "Inner",
                                                                  "Startup Cost": 71271.35,
                                                                  "Total Cost": 415743.36,
                                                                  "Plan Rows": 89,
                                                                  "Plan Width": 31,
                                                                  "Actual Startup Time": 799.285,
                                                                  "Actual Total Time": 1488.408,
                                                                  "Actual Rows": 11,
                                                                  "Actual Loops": 4,
                                                                  "Inner Unique": true,
                                                                  "Hash Cond": "(ci.role_id = rt.id)",
                                                                  "Plans": [
                                                                    {
                                                                      "Node Type": "Hash Join",
                                                                      "Parent Relationship": "Outer",
                                                                      "Parallel Aware": true,
                                                                      "Join Type": "Inner",
                                                                      "Startup Cost": 71270.19,
                                                                      "Total Cost": 415738.42,
                                                                      "Plan Rows": 1064,
                                                                      "Plan Width": 35,
                                                                      "Actual Startup Time": 799.14,
                                                                      "Actual Total Time": 1488.254,
                                                                      "Actual Rows": 12,
                                                                      "Actual Loops": 4,
                                                                      "Inner Unique": true,
                                                                      "Hash Cond": "(ci.person_id = n.id)",
                                                                      "Plans": [
                                                                        {
                                                                          "Node Type": "Seq Scan",
                                                                          "Parent Relationship": "Outer",
                                                                          "Parallel Aware": true,
                                                                          "Relation Name": "cast_info",
                                                                          "Alias": "ci",
                                                                          "Startup Cost": 0.0,
                                                                          "Total Cost": 343259.37,
                                                                          "Plan Rows": 460518,
                                                                          "Plan Width": 16,
                                                                          "Actual Startup Time": 0.024,
                                                                          "Actual Total Time": 1226.169,
                                                                          "Actual Rows": 688729,
                                                                          "Actual Loops": 4,
                                                                          "Filter": "(note = ANY ('{(uncredited),(voice),(producer),\"(as Atalya) (credit only)\"}'::text[]))",
                                                                          "Rows Removed by Filter": 8372357
                                                                        },
                                                                        {
                                                                          "Node Type": "Hash",
                                                                          "Parent Relationship": "Inner",
                                                                          "Parallel Aware": true,
                                                                          "Startup Cost": 71240.1,
                                                                          "Total Cost": 71240.1,
                                                                          "Plan Rows": 2407,
                                                                          "Plan Width": 19,
                                                                          "Actual Startup Time": 208.134,
                                                                          "Actual Total Time": 208.134,
                                                                          "Actual Rows": 25,
                                                                          "Actual Loops": 4,
                                                                          "Hash Buckets": 16384,
                                                                          "Original Hash Buckets": 16384,
                                                                          "Hash Batches": 1,
                                                                          "Original Hash Batches": 1,
                                                                          "Peak Memory Usage": 256,
                                                                          "Plans": [
                                                                            {
                                                                              "Node Type": "Seq Scan",
                                                                              "Parent Relationship": "Outer",
                                                                              "Parallel Aware": true,
                                                                              "Relation Name": "name",
                                                                              "Alias": "n",
                                                                              "Startup Cost": 0.0,
                                                                              "Total Cost": 71240.1,
                                                                              "Plan Rows": 2407,
                                                                              "Plan Width": 19,
                                                                              "Actual Startup Time": 128.978,
                                                                              "Actual Total Time": 208.055,
                                                                              "Actual Rows": 25,
                                                                              "Actual Loops": 4,
                                                                              "Filter": "((name ~~ '%Slater,%'::text) AND ((gender)::text = 'f'::text))",
                                                                              "Rows Removed by Filter": 1041848
                                                                            }
                                                                          ]
                                                                        }
                                                                      ]
                                                                    },
                                                                    {
                                                                      "Node Type": "Hash",
                                                                      "Parent Relationship": "Inner",
                                                                      "Parallel Aware": false,
                                                                      "Startup Cost": 1.15,
                                                                      "Total Cost": 1.15,
                                                                      "Plan Rows": 1,
                                                                      "Plan Width": 4,
                                                                      "Actual Startup Time": 0.104,
                                                                      "Actual Total Time": 0.106,
                                                                      "Actual Rows": 1,
                                                                      "Actual Loops": 4,
                                                                      "Hash Buckets": 1024,
                                                                      "Original Hash Buckets": 1024,
                                                                      "Hash Batches": 1,
                                                                      "Original Hash Batches": 1,
                                                                      "Peak Memory Usage": 9,
                                                                      "Plans": [
                                                                        {
                                                                          "Node Type": "Seq Scan",
                                                                          "Parent Relationship": "Outer",
                                                                          "Parallel Aware": false,
                                                                          "Relation Name": "role_type",
                                                                          "Alias": "rt",
                                                                          "Startup Cost": 0.0,
                                                                          "Total Cost": 1.15,
                                                                          "Plan Rows": 1,
                                                                          "Plan Width": 4,
                                                                          "Actual Startup Time": 0.064,
                                                                          "Actual Total Time": 0.069,
                                                                          "Actual Rows": 1,
                                                                          "Actual Loops": 4,
                                                                          "Filter": "((role)::text = 'actress'::text)",
                                                                          "Rows Removed by Filter": 11
                                                                        }
                                                                      ]
                                                                    }
                                                                  ]
                                                                }
                                                              ]
                                                            }
                                                          ]
                                                        }
                                                      ]
                                                    }
                                                  ]
                                                }
                                              ]
                                            }
                                          ]
                                        }
                                      ]
                                    }
                                  ]
                                }
                              ]
                            }
                          ]
                        }
                      ]
                    }
                  ]
                }
              ]
            }
          ]
        }
      ]
    },
    "Planning Time": 38.108,
    "Triggers": [],
    "Execution Time": 2758.288
  }
]