[
  {
    "Plan": {
      "Node Type": "Aggregate",
      "Strategy": "Plain",
      "Partial Mode": "Finalize",
      "Parallel Aware": false,
      "Startup Cost": 399852.64,
      "Total Cost": 399852.65,
      "Plan Rows": 1,
      "Plan Width": 8,
      "Actual Startup Time": 1074.462,
      "Actual Total Time": 1124.533,
      "Actual Rows": 1,
      "Actual Loops": 1,
      "Plans": [
        {
          "Node Type": "Gather",
          "Parent Relationship": "Outer",
          "Parallel Aware": false,
          "Startup Cost": 399852.02,
          "Total Cost": 399852.63,
          "Plan Rows": 6,
          "Plan Width": 8,
          "Actual Startup Time": 1063.275,
          "Actual Total Time": 1124.511,
          "Actual Rows": 7,
          "Actual Loops": 1,
          "Workers Planned": 6,
          "Workers Launched": 6,
          "Single Copy": false,
          "Plans": [
            {
              "Node Type": "Aggregate",
              "Strategy": "Plain",
              "Partial Mode": "Partial",
              "Parent Relationship": "Outer",
              "Parallel Aware": false,
              "Startup Cost": 398852.02,
              "Total Cost": 398852.03,
              "Plan Rows": 1,
              "Plan Width": 8,
              "Actual Startup Time": 1049.508,
              "Actual Total Time": 1049.513,
              "Actual Rows": 1,
              "Actual Loops": 7,
              "Plans": [
                {
                  "Node Type": "Hash Join",
                  "Parent Relationship": "Outer",
                  "Parallel Aware": true,
                  "Join Type": "Inner",
                  "Startup Cost": 49081.46,
                  "Total Cost": 396370.52,
                  "Plan Rows": 992600,
                  "Plan Width": 0,
                  "Actual Startup Time": 440.235,
                  "Actual Total Time": 1024.56,
                  "Actual Rows": 572491,
                  "Actual Loops": 7,
                  "Inner Unique": true,
                  "Hash Cond": "(ci.movie_id = t.id)",
                  "Plans": [
                    {
                      "Node Type": "Seq Scan",
                      "Parent Relationship": "Outer",
                      "Parallel Aware": true,
                      "Relation Name": "cast_info",
                      "Alias": "ci",
                      "Startup Cost": 0.0,
                      "Total Cost": 343316.27,
                      "Plan Rows": 1513438,
                      "Plan Width": 4,
                      "Actual Startup Time": 255.491,
                      "Actual Total Time": 572.66,
                      "Actual Rows": 754772,
                      "Actual Loops": 7,
                      "Filter": "((person_id > 2334314) AND (role_id < 4))",
                      "Rows Removed by Filter": 4422992
                    },
                    {
                      "Node Type": "Hash",
                      "Parent Relationship": "Inner",
                      "Parallel Aware": true,
                      "Startup Cost": 43899.32,
                      "Total Cost": 43899.32,
                      "Plan Rows": 414571,
                      "Plan Width": 4,
                      "Actual Startup Time": 180.051,
                      "Actual Total Time": 180.052,
                      "Actual Rows": 234788,
                      "Actual Loops": 7,
                      "Hash Buckets": 2097152,
                      "Original Hash Buckets": 2097152,
                      "Hash Batches": 1,
                      "Original Hash Batches": 1,
                      "Peak Memory Usage": 80768,
                      "Plans": [
                        {
                          "Node Type": "Seq Scan",
                          "Parent Relationship": "Outer",
                          "Parallel Aware": true,
                          "Relation Name": "title",
                          "Alias": "t",
                          "Startup Cost": 0.0,
                          "Total Cost": 43899.32,
                          "Plan Rows": 414571,
                          "Plan Width": 4,
                          "Actual Startup Time": 0.041,
                          "Actual Total Time": 76.218,
                          "Actual Rows": 234788,
                          "Actual Loops": 7,
                          "Filter": "(production_year > 1994)",
                          "Rows Removed by Filter": 126400
                        }
                      ]
                    }
                  ]
                }
              ]
            }
          ]
        }
      ]
    },
    "Planning Time": 0.425,
    "Triggers": [],
    "Execution Time": 1124.637
  }
]