[
  {
    "Plan": {
      "Node Type": "Aggregate",
      "Strategy": "Plain",
      "Partial Mode": "Finalize",
      "Parallel Aware": false,
      "Startup Cost": 46484.1,
      "Total Cost": 46484.11,
      "Plan Rows": 1,
      "Plan Width": 8,
      "Actual Startup Time": 94.502,
      "Actual Total Time": 106.984,
      "Actual Rows": 1,
      "Actual Loops": 1,
      "Plans": [
        {
          "Node Type": "Gather",
          "Parent Relationship": "Outer",
          "Parallel Aware": false,
          "Startup Cost": 46483.68,
          "Total Cost": 46484.09,
          "Plan Rows": 4,
          "Plan Width": 8,
          "Actual Startup Time": 94.31,
          "Actual Total Time": 106.97,
          "Actual Rows": 5,
          "Actual Loops": 1,
          "Workers Planned": 4,
          "Workers Launched": 4,
          "Single Copy": false,
          "Plans": [
            {
              "Node Type": "Aggregate",
              "Strategy": "Plain",
              "Partial Mode": "Partial",
              "Parent Relationship": "Outer",
              "Parallel Aware": false,
              "Startup Cost": 45483.68,
              "Total Cost": 45483.69,
              "Plan Rows": 1,
              "Plan Width": 8,
              "Actual Startup Time": 88.508,
              "Actual Total Time": 88.509,
              "Actual Rows": 1,
              "Actual Loops": 5,
              "Plans": [
                {
                  "Node Type": "Seq Scan",
                  "Parent Relationship": "Outer",
                  "Parallel Aware": true,
                  "Relation Name": "title",
                  "Alias": "t",
                  "Startup Cost": 0.0,
                  "Total Cost": 45479.59,
                  "Plan Rows": 1636,
                  "Plan Width": 0,
                  "Actual Startup Time": 0.353,
                  "Actual Total Time": 88.32,
                  "Actual Rows": 1466,
                  "Actual Loops": 5,
                  "Filter": "((kind_id < 7) AND (production_year = 1984))",
                  "Rows Removed by Filter": 504197
                }
              ]
            }
          ]
        }
      ]
    },
    "Planning Time": 0.189,
    "Triggers": [],
    "Execution Time": 107.044
  }
]