{
  "Plan": {
    "Node Type": "Aggregate",
    "Strategy": "Plain",
    "Partial Mode": "Finalize",
    "Parallel Aware": false,
    "Startup Cost": 157477.06,
    "Total Cost": 157477.07,
    "Plan Rows": 1,
    "Plan Width": 8,
    "Actual Startup Time": 1042.635,
    "Actual Total Time": 1062.153,
    "Actual Rows": 1,
    "Actual Loops": 1,
    "Plans": [
      {
        "Node Type": "Gather",
        "Parent Relationship": "Outer",
        "Parallel Aware": false,
        "Startup Cost": 157476.94,
        "Total Cost": 157477.05,
        "Plan Rows": 1,
        "Plan Width": 8,
        "Actual Startup Time": 1041.438,
        "Actual Total Time": 1062.144,
        "Actual Rows": 2,
        "Actual Loops": 1,
        "Workers Planned": 1,
        "Workers Launched": 1,
        "Single Copy": false,
        "Plans": [
          {
            "Node Type": "Aggregate",
            "Strategy": "Plain",
            "Partial Mode": "Partial",
            "Parent Relationship": "Outer",
            "Parallel Aware": false,
            "Startup Cost": 156476.94,
            "Total Cost": 156476.95,
            "Plan Rows": 1,
            "Plan Width": 8,
            "Actual Startup Time": 1035.41,
            "Actual Total Time": 1035.414,
            "Actual Rows": 1,
            "Actual Loops": 2,
            "Plans": [
              {
                "Node Type": "Nested Loop",
                "Parent Relationship": "Outer",
                "Parallel Aware": false,
                "Join Type": "Inner",
                "Startup Cost": 75930.01,
                "Total Cost": 156304.46,
                "Plan Rows": 68995,
                "Plan Width": 0,
                "Actual Startup Time": 240.691,
                "Actual Total Time": 989.499,
                "Actual Rows": 1084518,
                "Actual Loops": 2,
                "Inner Unique": false,
                "Join Filter": "(t.id = mc.movie_id)",
                "Rows Removed by Join Filter": 0,
                "Plans": [
                  {
                    "Node Type": "Hash Join",
                    "Parent Relationship": "Outer",
                    "Parallel Aware": true,
                    "Join Type": "Inner",
                    "Startup Cost": 75929.58,
                    "Total Cost": 106481.83,
                    "Plan Rows": 66857,
                    "Plan Width": 8,
                    "Actual Startup Time": 240.608,
                    "Actual Total Time": 406.159,
                    "Actual Rows": 179531,
                    "Actual Loops": 2,
                    "Inner Unique": true,
                    "Hash Cond": "(mk.movie_id = t.id)",
                    "Plans": [
                      {
                        "Node Type": "Bitmap Heap Scan",
                        "Parent Relationship": "Outer",
                        "Parallel Aware": true,
                        "Relation Name": "movie_keyword",
                        "Alias": "mk",
                        "Startup Cost": 14540.46,
                        "Total Cost": 44034.34,
                        "Plan Rows": 403190,
                        "Plan Width": 4,
                        "Actual Startup Time": 35.231,
                        "Actual Total Time": 109.379,
                        "Actual Rows": 344580,
                        "Actual Loops": 2,
                        "Recheck Cond": "(keyword_id < 571)",
                        "Rows Removed by Index Recheck": 0,
                        "Exact Heap Blocks": 12940,
                        "Lossy Heap Blocks": 0,
                        "Plans": [
                          {
                            "Node Type": "Bitmap Index Scan",
                            "Parent Relationship": "Outer",
                            "Parallel Aware": false,
                            "Index Name": "keyword_id_movie_keyword",
                            "Startup Cost": 0.0,
                            "Total Cost": 14369.11,
                            "Plan Rows": 685423,
                            "Plan Width": 0,
                            "Actual Startup Time": 31.538,
                            "Actual Total Time": 31.539,
                            "Actual Rows": 689160,
                            "Actual Loops": 1,
                            "Index Cond": "(keyword_id < 571)"
                          }
                        ]
                      },
                      {
                        "Node Type": "Hash",
                        "Parent Relationship": "Inner",
                        "Parallel Aware": true,
                        "Startup Cost": 58306.47,
                        "Total Cost": 58306.47,
                        "Plan Rows": 246612,
                        "Plan Width": 4,
                        "Actual Startup Time": 199.682,
                        "Actual Total Time": 199.683,
                        "Actual Rows": 258984,
                        "Actual Loops": 2,
                        "Hash Buckets": 524288,
                        "Original Hash Buckets": 524288,
                        "Hash Batches": 1,
                        "Original Hash Batches": 1,
                        "Peak Memory Usage": 24384,
                        "Plans": [
                          {
                            "Node Type": "Seq Scan",
                            "Parent Relationship": "Outer",
                            "Parallel Aware": true,
                            "Relation Name": "title",
                            "Alias": "t",
                            "Startup Cost": 0.0,
                            "Total Cost": 58306.47,
                            "Plan Rows": 246612,
                            "Plan Width": 4,
                            "Actual Startup Time": 0.067,
                            "Actual Total Time": 145.343,
                            "Actual Rows": 258984,
                            "Actual Loops": 2,
                            "Filter": "((kind_id < 7) AND (production_year < 2001))",
                            "Rows Removed by Filter": 1005172
                          }
                        ]
                      }
                    ]
                  },
                  {
                    "Node Type": "Index Only Scan",
                    "Parent Relationship": "Inner",
                    "Parallel Aware": false,
                    "Scan Direction": "Forward",
                    "Index Name": "movie_id_movie_companies",
                    "Relation Name": "movie_companies",
                    "Alias": "mc",
                    "Startup Cost": 0.43,
                    "Total Cost": 0.68,
                    "Plan Rows": 5,
                    "Plan Width": 4,
                    "Actual Startup Time": 0.002,
                    "Actual Total Time": 0.003,
                    "Actual Rows": 6,
                    "Actual Loops": 359062,
                    "Index Cond": "(movie_id = mk.movie_id)",
                    "Rows Removed by Index Recheck": 0,
                    "Heap Fetches": 2169037
                  }
                ]
              }
            ]
          }
        ]
      }
    ]
  },
  "Planning Time": 1.093,
  "Triggers": [],
  "Execution Time": 1062.259
}