[
  {
    "Plan": {
      "Node Type": "Aggregate",
      "Strategy": "Plain",
      "Partial Mode": "Finalize",
      "Parallel Aware": false,
      "Startup Cost": 129620.82,
      "Total Cost": 129620.83,
      "Plan Rows": 1,
      "Plan Width": 8,
      "Actual Startup Time": 194.461,
      "Actual Total Time": 206.014,
      "Actual Rows": 1,
      "Actual Loops": 1,
      "Plans": [
        {
          "Node Type": "Gather",
          "Parent Relationship": "Outer",
          "Parallel Aware": false,
          "Startup Cost": 129620.29,
          "Total Cost": 129620.8,
          "Plan Rows": 5,
          "Plan Width": 8,
          "Actual Startup Time": 194.342,
          "Actual Total Time": 206.004,
          "Actual Rows": 6,
          "Actual Loops": 1,
          "Workers Planned": 5,
          "Workers Launched": 5,
          "Single Copy": false,
          "Plans": [
            {
              "Node Type": "Aggregate",
              "Strategy": "Plain",
              "Partial Mode": "Partial",
              "Parent Relationship": "Outer",
              "Parallel Aware": false,
              "Startup Cost": 128620.29,
              "Total Cost": 128620.3,
              "Plan Rows": 1,
              "Plan Width": 8,
              "Actual Startup Time": 186.995,
              "Actual Total Time": 186.996,
              "Actual Rows": 1,
              "Actual Loops": 6,
              "Plans": [
                {
                  "Node Type": "Index Scan",
                  "Parent Relationship": "Outer",
                  "Parallel Aware": true,
                  "Scan Direction": "Forward",
                  "Index Name": "role_id_cast_info",
                  "Relation Name": "cast_info",
                  "Alias": "ci",
                  "Startup Cost": 0.56,
                  "Total Cost": 127762.24,
                  "Plan Rows": 343224,
                  "Plan Width": 0,
                  "Actual Startup Time": 0.171,
                  "Actual Total Time": 160.245,
                  "Actual Rows": 611940,
                  "Actual Loops": 6,
                  "Index Cond": "(role_id > 9)",
                  "Rows Removed by Index Recheck": 0,
                  "Filter": "(person_id > 2349310)",
                  "Rows Removed by Filter": 161250
                }
              ]
            }
          ]
        }
      ]
    },
    "Planning Time": 0.245,
    "Triggers": [],
    "Execution Time": 206.08
  }
]