{
  "Plan": {
    "Node Type": "Aggregate",
    "Strategy": "Plain",
    "Partial Mode": "Finalize",
    "Parallel Aware": false,
    "Startup Cost": 101141.02,
    "Total Cost": 101141.03,
    "Plan Rows": 1,
    "Plan Width": 8,
    "Actual Startup Time": 694.6,
    "Actual Total Time": 715.3,
    "Actual Rows": 1,
    "Actual Loops": 1,
    "Plans": [
      {
        "Node Type": "Gather",
        "Parent Relationship": "Outer",
        "Parallel Aware": false,
        "Startup Cost": 101140.91,
        "Total Cost": 101141.02,
        "Plan Rows": 1,
        "Plan Width": 8,
        "Actual Startup Time": 688.781,
        "Actual Total Time": 715.29,
        "Actual Rows": 2,
        "Actual Loops": 1,
        "Workers Planned": 1,
        "Workers Launched": 1,
        "Single Copy": false,
        "Plans": [
          {
            "Node Type": "Aggregate",
            "Strategy": "Plain",
            "Partial Mode": "Partial",
            "Parent Relationship": "Outer",
            "Parallel Aware": false,
            "Startup Cost": 100140.91,
            "Total Cost": 100140.92,
            "Plan Rows": 1,
            "Plan Width": 8,
            "Actual Startup Time": 676.534,
            "Actual Total Time": 676.538,
            "Actual Rows": 1,
            "Actual Loops": 2,
            "Plans": [
              {
                "Node Type": "Hash Join",
                "Parent Relationship": "Outer",
                "Parallel Aware": true,
                "Join Type": "Inner",
                "Startup Cost": 73644.14,
                "Total Cost": 99851.15,
                "Plan Rows": 115902,
                "Plan Width": 0,
                "Actual Startup Time": 593.655,
                "Actual Total Time": 672.157,
                "Actual Rows": 97998,
                "Actual Loops": 2,
                "Inner Unique": true,
                "Hash Cond": "(mk.movie_id = t.id)",
                "Plans": [
                  {
                    "Node Type": "Bitmap Heap Scan",
                    "Parent Relationship": "Outer",
                    "Parallel Aware": true,
                    "Relation Name": "movie_keyword",
                    "Alias": "mk",
                    "Startup Cost": 4183.44,
                    "Total Cost": 30086.21,
                    "Plan Rows": 115902,
                    "Plan Width": 4,
                    "Actual Startup Time": 13.384,
                    "Actual Total Time": 61.157,
                    "Actual Rows": 97998,
                    "Actual Loops": 2,
                    "Recheck Cond": "(keyword_id > 69641)",
                    "Rows Removed by Index Recheck": 0,
                    "Exact Heap Blocks": 11604,
                    "Lossy Heap Blocks": 0,
                    "Plans": [
                      {
                        "Node Type": "Bitmap Index Scan",
                        "Parent Relationship": "Outer",
                        "Parallel Aware": false,
                        "Index Name": "keyword_id_movie_keyword",
                        "Startup Cost": 0.0,
                        "Total Cost": 4134.18,
                        "Plan Rows": 197033,
                        "Plan Width": 0,
                        "Actual Startup Time": 10.354,
                        "Actual Total Time": 10.354,
                        "Actual Rows": 195995,
                        "Actual Loops": 1,
                        "Index Cond": "(keyword_id > 69641)"
                      }
                    ]
                  },
                  {
                    "Node Type": "Hash",
                    "Parent Relationship": "Inner",
                    "Parallel Aware": true,
                    "Startup Cost": 50870.31,
                    "Total Cost": 50870.31,
                    "Plan Rows": 1487231,
                    "Plan Width": 4,
                    "Actual Startup Time": 557.575,
                    "Actual Total Time": 557.576,
                    "Actual Rows": 1264156,
                    "Actual Loops": 2,
                    "Hash Buckets": 4194304,
                    "Original Hash Buckets": 4194304,
                    "Hash Batches": 1,
                    "Original Hash Batches": 1,
                    "Peak Memory Usage": 131712,
                    "Plans": [
                      {
                        "Node Type": "Seq Scan",
                        "Parent Relationship": "Outer",
                        "Parallel Aware": true,
                        "Relation Name": "title",
                        "Alias": "t",
                        "Startup Cost": 0.0,
                        "Total Cost": 50870.31,
                        "Plan Rows": 1487231,
                        "Plan Width": 4,
                        "Actual Startup Time": 0.03,
                        "Actual Total Time": 157.643,
                        "Actual Rows": 1264156,
                        "Actual Loops": 2
                      }
                    ]
                  }
                ]
              }
            ]
          }
        ]
      }
    ]
  },
  "Planning Time": 0.45,
  "Triggers": [],
  "Execution Time": 715.391
}