[
  {
    "Plan": {
      "Node Type": "Aggregate",
      "Strategy": "Plain",
      "Partial Mode": "Finalize",
      "Parallel Aware": false,
      "Startup Cost": 206999.89,
      "Total Cost": 206999.9,
      "Plan Rows": 1,
      "Plan Width": 8,
      "Actual Startup Time": 523.077,
      "Actual Total Time": 559.185,
      "Actual Rows": 1,
      "Actual Loops": 1,
      "Plans": [
        {
          "Node Type": "Gather",
          "Parent Relationship": "Outer",
          "Parallel Aware": false,
          "Startup Cost": 206999.37,
          "Total Cost": 206999.88,
          "Plan Rows": 5,
          "Plan Width": 8,
          "Actual Startup Time": 522.914,
          "Actual Total Time": 559.175,
          "Actual Rows": 6,
          "Actual Loops": 1,
          "Workers Planned": 5,
          "Workers Launched": 5,
          "Single Copy": false,
          "Plans": [
            {
              "Node Type": "Aggregate",
              "Strategy": "Plain",
              "Partial Mode": "Partial",
              "Parent Relationship": "Outer",
              "Parallel Aware": false,
              "Startup Cost": 205999.37,
              "Total Cost": 205999.38,
              "Plan Rows": 1,
              "Plan Width": 8,
              "Actual Startup Time": 515.794,
              "Actual Total Time": 515.795,
              "Actual Rows": 1,
              "Actual Loops": 6,
              "Plans": [
                {
                  "Node Type": "Seq Scan",
                  "Parent Relationship": "Outer",
                  "Parallel Aware": true,
                  "Relation Name": "movie_info",
                  "Alias": "mi",
                  "Startup Cost": 0.0,
                  "Total Cost": 199108.24,
                  "Plan Rows": 2756450,
                  "Plan Width": 0,
                  "Actual Startup Time": 0.052,
                  "Actual Total Time": 396.121,
                  "Actual Rows": 2296043,
                  "Actual Loops": 6,
                  "Filter": "(info_type_id < 77)",
                  "Rows Removed by Filter": 176577
                }
              ]
            }
          ]
        }
      ]
    },
    "Planning Time": 0.118,
    "Triggers": [],
    "Execution Time": 559.229
  }
]