[
    {
        "Bao": {
            "Bao prediction": "NaN",
            "Bao recommended hint": "(no hint)"
        }
    },
    {
        "Plan": {
            "Node Type": "Aggregate",
            "Strategy": "Plain",
            "Partial Mode": "Finalize",
            "Parallel Aware": false,
            "Startup Cost": 40491.82,
            "Total Cost": 40491.83,
            "Plan Rows": 1,
            "Plan Width": 8,
            "Actual Startup Time": 33.402,
            "Actual Total Time": 37.467,
            "Actual Rows": 1,
            "Actual Loops": 1,
            "Output": [
                "count(*)"
            ],
            "Plans": [
                {
                    "Node Type": "Gather",
                    "Parent Relationship": "Outer",
                    "Parallel Aware": false,
                    "Startup Cost": 40491.6,
                    "Total Cost": 40491.81,
                    "Plan Rows": 2,
                    "Plan Width": 8,
                    "Actual Startup Time": 33.229,
                    "Actual Total Time": 37.46,
                    "Actual Rows": 3,
                    "Actual Loops": 1,
                    "Output": [
                        "(PARTIAL count(*))"
                    ],
                    "Workers Planned": 2,
                    "Workers Launched": 2,
                    "Single Copy": false,
                    "Plans": [
                        {
                            "Node Type": "Aggregate",
                            "Strategy": "Plain",
                            "Partial Mode": "Partial",
                            "Parent Relationship": "Outer",
                            "Parallel Aware": false,
                            "Startup Cost": 39491.6,
                            "Total Cost": 39491.61,
                            "Plan Rows": 1,
                            "Plan Width": 8,
                            "Actual Startup Time": 25.5,
                            "Actual Total Time": 25.502,
                            "Actual Rows": 1,
                            "Actual Loops": 3,
                            "Output": [
                                "PARTIAL count(*)"
                            ],
                            "Workers": [
                                {
                                    "Worker Number": 0,
                                    "Actual Startup Time": 21.577,
                                    "Actual Total Time": 21.579,
                                    "Actual Rows": 1,
                                    "Actual Loops": 1
                                },
                                {
                                    "Worker Number": 1,
                                    "Actual Startup Time": 22.125,
                                    "Actual Total Time": 22.127,
                                    "Actual Rows": 1,
                                    "Actual Loops": 1
                                }
                            ],
                            "Plans": [
                                {
                                    "Node Type": "Nested Loop",
                                    "Parent Relationship": "Outer",
                                    "Parallel Aware": false,
                                    "Join Type": "Inner",
                                    "Startup Cost": 170.8,
                                    "Total Cost": 39491.49,
                                    "Plan Rows": 44,
                                    "Plan Width": 0,
                                    "Actual Startup Time": 3.723,
                                    "Actual Total Time": 25.482,
                                    "Actual Rows": 81,
                                    "Actual Loops": 3,
                                    "Inner Unique": true,
                                    "Workers": [
                                        {
                                            "Worker Number": 0,
                                            "Actual Startup Time": 4.68,
                                            "Actual Total Time": 21.565,
                                            "Actual Rows": 13,
                                            "Actual Loops": 1
                                        },
                                        {
                                            "Worker Number": 1,
                                            "Actual Startup Time": 2.49,
                                            "Actual Total Time": 22.111,
                                            "Actual Rows": 12,
                                            "Actual Loops": 1
                                        }
                                    ],
                                    "Plans": [
                                        {
                                            "Node Type": "Bitmap Heap Scan",
                                            "Parent Relationship": "Outer",
                                            "Parallel Aware": true,
                                            "Relation Name": "movie_keyword",
                                            "Schema": "public",
                                            "Alias": "mk",
                                            "Startup Cost": 170.37,
                                            "Total Cost": 16768.0,
                                            "Plan Rows": 3330,
                                            "Plan Width": 4,
                                            "Actual Startup Time": 0.964,
                                            "Actual Total Time": 8.714,
                                            "Actual Rows": 2556,
                                            "Actual Loops": 3,
                                            "Output": [
                                                "mk.id",
                                                "mk.movie_id",
                                                "mk.keyword_id"
                                            ],
                                            "Recheck Cond": "(mk.keyword_id = 231)",
                                            "Rows Removed by Index Recheck": 0,
                                            "Exact Heap Blocks": 5583,
                                            "Lossy Heap Blocks": 0,
                                            "Workers": [
                                                {
                                                    "Worker Number": 0,
                                                    "Actual Startup Time": 0.158,
                                                    "Actual Total Time": 7.197,
                                                    "Actual Rows": 433,
                                                    "Actual Loops": 1
                                                },
                                                {
                                                    "Worker Number": 1,
                                                    "Actual Startup Time": 0.183,
                                                    "Actual Total Time": 7.372,
                                                    "Actual Rows": 431,
                                                    "Actual Loops": 1
                                                }
                                            ],
                                            "Plans": [
                                                {
                                                    "Node Type": "Bitmap Index Scan",
                                                    "Parent Relationship": "Outer",
                                                    "Parallel Aware": false,
                                                    "Index Name": "keyword_id_movie_keyword",
                                                    "Startup Cost": 0.0,
                                                    "Total Cost": 168.37,
                                                    "Plan Rows": 7992,
                                                    "Plan Width": 0,
                                                    "Actual Startup Time": 1.482,
                                                    "Actual Total Time": 1.483,
                                                    "Actual Rows": 7668,
                                                    "Actual Loops": 1,
                                                    "Index Cond": "(mk.keyword_id = 231)"
                                                }
                                            ]
                                        },
                                        {
                                            "Node Type": "Index Scan",
                                            "Parent Relationship": "Inner",
                                            "Parallel Aware": false,
                                            "Scan Direction": "Forward",
                                            "Index Name": "title_pkey",
                                            "Relation Name": "title",
                                            "Schema": "public",
                                            "Alias": "t",
                                            "Startup Cost": 0.43,
                                            "Total Cost": 6.82,
                                            "Plan Rows": 1,
                                            "Plan Width": 4,
                                            "Actual Startup Time": 0.006,
                                            "Actual Total Time": 0.006,
                                            "Actual Rows": 0,
                                            "Actual Loops": 7668,
                                            "Output": [
                                                "t.id",
                                                "t.title",
                                                "t.imdb_index",
                                                "t.kind_id",
                                                "t.production_year",
                                                "t.imdb_id",
                                                "t.phonetic_code",
                                                "t.episode_of_id",
                                                "t.season_nr",
                                                "t.episode_nr",
                                                "t.series_years",
                                                "t.md5sum"
                                            ],
                                            "Index Cond": "(t.id = mk.movie_id)",
                                            "Rows Removed by Index Recheck": 0,
                                            "Filter": "((t.kind_id < 7) AND (t.production_year = 2004))",
                                            "Rows Removed by Filter": 1,
                                            "Workers": [
                                                {
                                                    "Worker Number": 0,
                                                    "Actual Startup Time": 0.032,
                                                    "Actual Total Time": 0.032,
                                                    "Actual Rows": 0,
                                                    "Actual Loops": 433
                                                },
                                                {
                                                    "Worker Number": 1,
                                                    "Actual Startup Time": 0.033,
                                                    "Actual Total Time": 0.033,
                                                    "Actual Rows": 0,
                                                    "Actual Loops": 431
                                                }
                                            ]
                                        }
                                    ]
                                }
                            ]
                        }
                    ]
                }
            ]
        },
        "Planning Time": 180.533,
        "Triggers": [],
        "Execution Time": 37.576
    }
]