[
  {
    "Plan": {
      "Node Type": "Aggregate",
      "Strategy": "Plain",
      "Partial Mode": "Finalize",
      "Parallel Aware": false,
      "Startup Cost": 418993.7,
      "Total Cost": 418993.71,
      "Plan Rows": 1,
      "Plan Width": 8,
      "Actual Startup Time": 1690.294,
      "Actual Total Time": 1747.71,
      "Actual Rows": 1,
      "Actual Loops": 1,
      "Plans": [
        {
          "Node Type": "Gather",
          "Parent Relationship": "Outer",
          "Parallel Aware": false,
          "Startup Cost": 418993.07,
          "Total Cost": 418993.68,
          "Plan Rows": 6,
          "Plan Width": 8,
          "Actual Startup Time": 1679.29,
          "Actual Total Time": 1747.694,
          "Actual Rows": 7,
          "Actual Loops": 1,
          "Workers Planned": 6,
          "Workers Launched": 6,
          "Single Copy": false,
          "Plans": [
            {
              "Node Type": "Aggregate",
              "Strategy": "Plain",
              "Partial Mode": "Partial",
              "Parent Relationship": "Outer",
              "Parallel Aware": false,
              "Startup Cost": 417993.07,
              "Total Cost": 417993.08,
              "Plan Rows": 1,
              "Plan Width": 8,
              "Actual Startup Time": 1667.111,
              "Actual Total Time": 1667.257,
              "Actual Rows": 1,
              "Actual Loops": 7,
              "Plans": [
                {
                  "Node Type": "Hash Join",
                  "Parent Relationship": "Outer",
                  "Parallel Aware": true,
                  "Join Type": "Inner",
                  "Startup Cost": 79033.65,
                  "Total Cost": 416766.32,
                  "Plan Rows": 490702,
                  "Plan Width": 0,
                  "Actual Startup Time": 316.634,
                  "Actual Total Time": 1573.296,
                  "Actual Rows": 1922864,
                  "Actual Loops": 7,
                  "Inner Unique": false,
                  "Hash Cond": "(ci.movie_id = t.id)",
                  "Plans": [
                    {
                      "Node Type": "Seq Scan",
                      "Parent Relationship": "Outer",
                      "Parallel Aware": true,
                      "Relation Name": "cast_info",
                      "Alias": "ci",
                      "Startup Cost": 0.0,
                      "Total Cost": 328211.39,
                      "Plan Rows": 2116898,
                      "Plan Width": 4,
                      "Actual Startup Time": 0.08,
                      "Actual Total Time": 685.077,
                      "Actual Rows": 1810098,
                      "Actual Loops": 7,
                      "Filter": "(role_id < 2)",
                      "Rows Removed by Filter": 3367665
                    },
                    {
                      "Node Type": "Hash",
                      "Parent Relationship": "Inner",
                      "Parallel Aware": true,
                      "Startup Cost": 76670.36,
                      "Total Cost": 76670.36,
                      "Plan Rows": 189063,
                      "Plan Width": 8,
                      "Actual Startup Time": 312.649,
                      "Actual Total Time": 312.792,
                      "Actual Rows": 122540,
                      "Actual Loops": 7,
                      "Hash Buckets": 1048576,
                      "Original Hash Buckets": 1048576,
                      "Hash Batches": 1,
                      "Original Hash Batches": 1,
                      "Peak Memory Usage": 41888,
                      "Plans": [
                        {
                          "Node Type": "Hash Join",
                          "Parent Relationship": "Outer",
                          "Parallel Aware": true,
                          "Join Type": "Inner",
                          "Startup Cost": 47254.47,
                          "Total Cost": 76670.36,
                          "Plan Rows": 189063,
                          "Plan Width": 8,
                          "Actual Startup Time": 149.467,
                          "Actual Total Time": 259.133,
                          "Actual Rows": 122540,
                          "Actual Loops": 7,
                          "Inner Unique": true,
                          "Hash Cond": "(mc.movie_id = t.id)",
                          "Plans": [
                            {
                              "Node Type": "Seq Scan",
                              "Parent Relationship": "Outer",
                              "Parallel Aware": true,
                              "Relation Name": "movie_companies",
                              "Alias": "mc",
                              "Startup Cost": 0.0,
                              "Total Cost": 27206.55,
                              "Plan Rows": 841655,
                              "Plan Width": 4,
                              "Actual Startup Time": 0.011,
                              "Actual Total Time": 45.082,
                              "Actual Rows": 372733,
                              "Actual Loops": 7
                            },
                            {
                              "Node Type": "Hash",
                              "Parent Relationship": "Inner",
                              "Parallel Aware": true,
                              "Startup Cost": 45479.59,
                              "Total Cost": 45479.59,
                              "Plan Rows": 141991,
                              "Plan Width": 4,
                              "Actual Startup Time": 127.533,
                              "Actual Total Time": 127.535,
                              "Actual Rows": 64330,
                              "Actual Loops": 7,
                              "Hash Buckets": 1048576,
                              "Original Hash Buckets": 1048576,
                              "Hash Batches": 1,
                              "Original Hash Batches": 1,
                              "Peak Memory Usage": 25920,
                              "Plans": [
                                {
                                  "Node Type": "Seq Scan",
                                  "Parent Relationship": "Outer",
                                  "Parallel Aware": true,
                                  "Relation Name": "title",
                                  "Alias": "t",
                                  "Startup Cost": 0.0,
                                  "Total Cost": 45479.59,
                                  "Plan Rows": 141991,
                                  "Plan Width": 4,
                                  "Actual Startup Time": 48.084,
                                  "Actual Total Time": 88.745,
                                  "Actual Rows": 64330,
                                  "Actual Loops": 7,
                                  "Filter": "((production_year > 1964) AND (kind_id = 1))",
                                  "Rows Removed by Filter": 296857
                                }
                              ]
                            }
                          ]
                        }
                      ]
                    }
                  ]
                }
              ]
            }
          ]
        }
      ]
    },
    "Planning Time": 1.343,
    "Triggers": [],
    "Execution Time": 1747.812
  }
]