{
  "Plan": {
    "Node Type": "Aggregate",
    "Strategy": "Plain",
    "Partial Mode": "Finalize",
    "Parallel Aware": false,
    "Startup Cost": 273515.12,
    "Total Cost": 273515.13,
    "Plan Rows": 1,
    "Plan Width": 8,
    "Actual Startup Time": 452.986,
    "Actual Total Time": 473.706,
    "Actual Rows": 1,
    "Actual Loops": 1,
    "Plans": [
      {
        "Node Type": "Gather",
        "Parent Relationship": "Outer",
        "Parallel Aware": false,
        "Startup Cost": 273515.01,
        "Total Cost": 273515.12,
        "Plan Rows": 1,
        "Plan Width": 8,
        "Actual Startup Time": 452.833,
        "Actual Total Time": 473.7,
        "Actual Rows": 2,
        "Actual Loops": 1,
        "Workers Planned": 1,
        "Workers Launched": 1,
        "Single Copy": false,
        "Plans": [
          {
            "Node Type": "Aggregate",
            "Strategy": "Plain",
            "Partial Mode": "Partial",
            "Parent Relationship": "Outer",
            "Parallel Aware": false,
            "Startup Cost": 272515.01,
            "Total Cost": 272515.02,
            "Plan Rows": 1,
            "Plan Width": 8,
            "Actual Startup Time": 446.502,
            "Actual Total Time": 446.505,
            "Actual Rows": 1,
            "Actual Loops": 2,
            "Plans": [
              {
                "Node Type": "Nested Loop",
                "Parent Relationship": "Outer",
                "Parallel Aware": false,
                "Join Type": "Inner",
                "Startup Cost": 66677.76,
                "Total Cost": 272432.64,
                "Plan Rows": 32948,
                "Plan Width": 0,
                "Actual Startup Time": 178.94,
                "Actual Total Time": 424.431,
                "Actual Rows": 540343,
                "Actual Loops": 2,
                "Inner Unique": false,
                "Join Filter": "(t.id = mk.movie_id)",
                "Rows Removed by Join Filter": 0,
                "Plans": [
                  {
                    "Node Type": "Hash Join",
                    "Parent Relationship": "Outer",
                    "Parallel Aware": true,
                    "Join Type": "Inner",
                    "Startup Cost": 66677.32,
                    "Total Cost": 234142.02,
                    "Plan Rows": 18414,
                    "Plan Width": 8,
                    "Actual Startup Time": 178.608,
                    "Actual Total Time": 261.294,
                    "Actual Rows": 11538,
                    "Actual Loops": 2,
                    "Inner Unique": true,
                    "Hash Cond": "(mi.movie_id = t.id)",
                    "Plans": [
                      {
                        "Node Type": "Bitmap Heap Scan",
                        "Parent Relationship": "Outer",
                        "Parallel Aware": true,
                        "Relation Name": "movie_info",
                        "Alias": "mi",
                        "Startup Cost": 11142.68,
                        "Total Cost": 177657.74,
                        "Plan Rows": 361765,
                        "Plan Width": 4,
                        "Actual Startup Time": 24.317,
                        "Actual Total Time": 75.5,
                        "Actual Rows": 299228,
                        "Actual Loops": 2,
                        "Recheck Cond": "(info_type_id = 15)",
                        "Rows Removed by Index Recheck": 0,
                        "Exact Heap Blocks": 11241,
                        "Lossy Heap Blocks": 0,
                        "Plans": [
                          {
                            "Node Type": "Bitmap Index Scan",
                            "Parent Relationship": "Outer",
                            "Parallel Aware": false,
                            "Index Name": "info_type_id_movie_info",
                            "Startup Cost": 0.0,
                            "Total Cost": 10988.93,
                            "Plan Rows": 615000,
                            "Plan Width": 0,
                            "Actual Startup Time": 21.161,
                            "Actual Total Time": 21.162,
                            "Actual Rows": 598457,
                            "Actual Loops": 1,
                            "Index Cond": "(info_type_id = 15)"
                          }
                        ]
                      },
                      {
                        "Node Type": "Hash",
                        "Parent Relationship": "Inner",
                        "Parallel Aware": true,
                        "Startup Cost": 54588.39,
                        "Total Cost": 54588.39,
                        "Plan Rows": 75700,
                        "Plan Width": 4,
                        "Actual Startup Time": 151.517,
                        "Actual Total Time": 151.518,
                        "Actual Rows": 64348,
                        "Actual Loops": 2,
                        "Hash Buckets": 131072,
                        "Original Hash Buckets": 131072,
                        "Hash Batches": 1,
                        "Original Hash Batches": 1,
                        "Peak Memory Usage": 6112,
                        "Plans": [
                          {
                            "Node Type": "Seq Scan",
                            "Parent Relationship": "Outer",
                            "Parallel Aware": true,
                            "Relation Name": "title",
                            "Alias": "t",
                            "Startup Cost": 0.0,
                            "Total Cost": 54588.39,
                            "Plan Rows": 75700,
                            "Plan Width": 4,
                            "Actual Startup Time": 0.035,
                            "Actual Total Time": 135.591,
                            "Actual Rows": 64348,
                            "Actual Loops": 2,
                            "Filter": "(production_year = 2009)",
                            "Rows Removed by Filter": 1199808
                          }
                        ]
                      }
                    ]
                  },
                  {
                    "Node Type": "Index Only Scan",
                    "Parent Relationship": "Inner",
                    "Parallel Aware": false,
                    "Scan Direction": "Forward",
                    "Index Name": "movie_id_movie_keyword",
                    "Relation Name": "movie_keyword",
                    "Alias": "mk",
                    "Startup Cost": 0.43,
                    "Total Cost": 1.52,
                    "Plan Rows": 45,
                    "Plan Width": 4,
                    "Actual Startup Time": 0.003,
                    "Actual Total Time": 0.01,
                    "Actual Rows": 47,
                    "Actual Loops": 23077,
                    "Index Cond": "(movie_id = mi.movie_id)",
                    "Rows Removed by Index Recheck": 0,
                    "Heap Fetches": 1080686
                  }
                ]
              }
            ]
          }
        ]
      }
    ]
  },
  "Planning Time": 0.909,
  "Triggers": [],
  "Execution Time": 473.812
}