[
  {
    "Plan": {
      "Node Type": "Aggregate",
      "Strategy": "Plain",
      "Partial Mode": "Finalize",
      "Parallel Aware": false,
      "Startup Cost": 9714.88,
      "Total Cost": 9714.89,
      "Plan Rows": 1,
      "Plan Width": 8,
      "Actual Startup Time": 22.923,
      "Actual Total Time": 25.68,
      "Actual Rows": 1,
      "Actual Loops": 1,
      "Plans": [
        {
          "Node Type": "Gather",
          "Parent Relationship": "Outer",
          "Parallel Aware": false,
          "Startup Cost": 9714.56,
          "Total Cost": 9714.87,
          "Plan Rows": 3,
          "Plan Width": 8,
          "Actual Startup Time": 22.877,
          "Actual Total Time": 25.667,
          "Actual Rows": 4,
          "Actual Loops": 1,
          "Workers Planned": 3,
          "Workers Launched": 3,
          "Single Copy": false,
          "Plans": [
            {
              "Node Type": "Aggregate",
              "Strategy": "Plain",
              "Partial Mode": "Partial",
              "Parent Relationship": "Outer",
              "Parallel Aware": false,
              "Startup Cost": 8714.56,
              "Total Cost": 8714.57,
              "Plan Rows": 1,
              "Plan Width": 8,
              "Actual Startup Time": 19.568,
              "Actual Total Time": 19.569,
              "Actual Rows": 1,
              "Actual Loops": 4,
              "Plans": [
                {
                  "Node Type": "Index Scan",
                  "Parent Relationship": "Outer",
                  "Parallel Aware": true,
                  "Scan Direction": "Forward",
                  "Index Name": "role_id_cast_info",
                  "Relation Name": "cast_info",
                  "Alias": "ci",
                  "Startup Cost": 0.56,
                  "Total Cost": 8709.54,
                  "Plan Rows": 2007,
                  "Plan Width": 0,
                  "Actual Startup Time": 4.583,
                  "Actual Total Time": 19.498,
                  "Actual Rows": 703,
                  "Actual Loops": 4,
                  "Index Cond": "(role_id > 10)",
                  "Rows Removed by Index Recheck": 0,
                  "Filter": "(person_id < 80978)",
                  "Rows Removed by Filter": 78326
                }
              ]
            }
          ]
        }
      ]
    },
    "Planning Time": 0.147,
    "Triggers": [],
    "Execution Time": 25.721
  }
]