{
  "Plan": {
    "Node Type": "Aggregate",
    "Strategy": "Plain",
    "Partial Mode": "Finalize",
    "Parallel Aware": false,
    "Startup Cost": 59437.22,
    "Total Cost": 59437.23,
    "Plan Rows": 1,
    "Plan Width": 8,
    "Actual Startup Time": 135.574,
    "Actual Total Time": 145.681,
    "Actual Rows": 1,
    "Actual Loops": 1,
    "Plans": [
      {
        "Node Type": "Gather",
        "Parent Relationship": "Outer",
        "Parallel Aware": false,
        "Startup Cost": 59437.11,
        "Total Cost": 59437.22,
        "Plan Rows": 1,
        "Plan Width": 8,
        "Actual Startup Time": 135.466,
        "Actual Total Time": 145.675,
        "Actual Rows": 2,
        "Actual Loops": 1,
        "Workers Planned": 1,
        "Workers Launched": 1,
        "Single Copy": false,
        "Plans": [
          {
            "Node Type": "Aggregate",
            "Strategy": "Plain",
            "Partial Mode": "Partial",
            "Parent Relationship": "Outer",
            "Parallel Aware": false,
            "Startup Cost": 58437.11,
            "Total Cost": 58437.12,
            "Plan Rows": 1,
            "Plan Width": 8,
            "Actual Startup Time": 129.485,
            "Actual Total Time": 129.487,
            "Actual Rows": 1,
            "Actual Loops": 2,
            "Plans": [
              {
                "Node Type": "Nested Loop",
                "Parent Relationship": "Outer",
                "Parallel Aware": false,
                "Join Type": "Inner",
                "Startup Cost": 0.86,
                "Total Cost": 58437.09,
                "Plan Rows": 7,
                "Plan Width": 0,
                "Actual Startup Time": 82.262,
                "Actual Total Time": 129.442,
                "Actual Rows": 370,
                "Actual Loops": 2,
                "Inner Unique": false,
                "Join Filter": "(t.id = mc.movie_id)",
                "Rows Removed by Join Filter": 0,
                "Plans": [
                  {
                    "Node Type": "Nested Loop",
                    "Parent Relationship": "Outer",
                    "Parallel Aware": false,
                    "Join Type": "Inner",
                    "Startup Cost": 0.43,
                    "Total Cost": 58424.65,
                    "Plan Rows": 21,
                    "Plan Width": 8,
                    "Actual Startup Time": 81.585,
                    "Actual Total Time": 127.119,
                    "Actual Rows": 396,
                    "Actual Loops": 2,
                    "Inner Unique": false,
                    "Plans": [
                      {
                        "Node Type": "Seq Scan",
                        "Parent Relationship": "Outer",
                        "Parallel Aware": true,
                        "Relation Name": "title",
                        "Alias": "t",
                        "Startup Cost": 0.0,
                        "Total Cost": 58306.47,
                        "Plan Rows": 12,
                        "Plan Width": 4,
                        "Actual Startup Time": 81.335,
                        "Actual Total Time": 123.012,
                        "Actual Rows": 518,
                        "Actual Loops": 2,
                        "Filter": "((kind_id < 7) AND (production_year < 1897))",
                        "Rows Removed by Filter": 1263638
                      },
                      {
                        "Node Type": "Index Only Scan",
                        "Parent Relationship": "Inner",
                        "Parallel Aware": false,
                        "Scan Direction": "Forward",
                        "Index Name": "movie_id_movie_keyword",
                        "Relation Name": "movie_keyword",
                        "Alias": "mk",
                        "Startup Cost": 0.43,
                        "Total Cost": 9.4,
                        "Plan Rows": 45,
                        "Plan Width": 4,
                        "Actual Startup Time": 0.007,
                        "Actual Total Time": 0.007,
                        "Actual Rows": 1,
                        "Actual Loops": 1036,
                        "Index Cond": "(movie_id = t.id)",
                        "Rows Removed by Index Recheck": 0,
                        "Heap Fetches": 791
                      }
                    ]
                  },
                  {
                    "Node Type": "Index Scan",
                    "Parent Relationship": "Inner",
                    "Parallel Aware": false,
                    "Scan Direction": "Forward",
                    "Index Name": "movie_id_movie_companies",
                    "Relation Name": "movie_companies",
                    "Alias": "mc",
                    "Startup Cost": 0.43,
                    "Total Cost": 0.57,
                    "Plan Rows": 2,
                    "Plan Width": 4,
                    "Actual Startup Time": 0.005,
                    "Actual Total Time": 0.006,
                    "Actual Rows": 1,
                    "Actual Loops": 791,
                    "Index Cond": "(movie_id = mk.movie_id)",
                    "Rows Removed by Index Recheck": 0,
                    "Filter": "((company_id < 18431) AND (company_type_id < 2))",
                    "Rows Removed by Filter": 1
                  }
                ]
              }
            ]
          }
        ]
      }
    ]
  },
  "Planning Time": 1.184,
  "Triggers": [],
  "Execution Time": 145.798
}