[
    {
        "Bao": {
            "Bao prediction": "NaN",
            "Bao recommended hint": "(no hint)"
        }
    },
    {
        "Plan": {
            "Node Type": "Aggregate",
            "Strategy": "Plain",
            "Partial Mode": "Finalize",
            "Parallel Aware": false,
            "Startup Cost": 37831.82,
            "Total Cost": 37831.83,
            "Plan Rows": 1,
            "Plan Width": 8,
            "Actual Startup Time": 125.556,
            "Actual Total Time": 129.814,
            "Actual Rows": 1,
            "Actual Loops": 1,
            "Output": [
                "count(*)"
            ],
            "Plans": [
                {
                    "Node Type": "Gather",
                    "Parent Relationship": "Outer",
                    "Parallel Aware": false,
                    "Startup Cost": 37831.51,
                    "Total Cost": 37831.82,
                    "Plan Rows": 3,
                    "Plan Width": 8,
                    "Actual Startup Time": 125.352,
                    "Actual Total Time": 129.806,
                    "Actual Rows": 4,
                    "Actual Loops": 1,
                    "Output": [
                        "(PARTIAL count(*))"
                    ],
                    "Workers Planned": 3,
                    "Workers Launched": 3,
                    "Single Copy": false,
                    "Plans": [
                        {
                            "Node Type": "Aggregate",
                            "Strategy": "Plain",
                            "Partial Mode": "Partial",
                            "Parent Relationship": "Outer",
                            "Parallel Aware": false,
                            "Startup Cost": 36831.51,
                            "Total Cost": 36831.52,
                            "Plan Rows": 1,
                            "Plan Width": 8,
                            "Actual Startup Time": 116.742,
                            "Actual Total Time": 116.743,
                            "Actual Rows": 1,
                            "Actual Loops": 4,
                            "Output": [
                                "PARTIAL count(*)"
                            ],
                            "Workers": [
                                {
                                    "Worker Number": 0,
                                    "Actual Startup Time": 113.818,
                                    "Actual Total Time": 113.819,
                                    "Actual Rows": 1,
                                    "Actual Loops": 1
                                },
                                {
                                    "Worker Number": 1,
                                    "Actual Startup Time": 114.051,
                                    "Actual Total Time": 114.052,
                                    "Actual Rows": 1,
                                    "Actual Loops": 1
                                },
                                {
                                    "Worker Number": 2,
                                    "Actual Startup Time": 114.276,
                                    "Actual Total Time": 114.278,
                                    "Actual Rows": 1,
                                    "Actual Loops": 1
                                }
                            ],
                            "Plans": [
                                {
                                    "Node Type": "Bitmap Heap Scan",
                                    "Parent Relationship": "Outer",
                                    "Parallel Aware": true,
                                    "Relation Name": "movie_keyword",
                                    "Schema": "public",
                                    "Alias": "mk",
                                    "Startup Cost": 10078.57,
                                    "Total Cost": 36448.35,
                                    "Plan Rows": 153263,
                                    "Plan Width": 0,
                                    "Actual Startup Time": 40.766,
                                    "Actual Total Time": 109.828,
                                    "Actual Rows": 118136,
                                    "Actual Loops": 4,
                                    "Recheck Cond": "(mk.keyword_id < 359)",
                                    "Rows Removed by Index Recheck": 0,
                                    "Exact Heap Blocks": 10650,
                                    "Lossy Heap Blocks": 0,
                                    "Workers": [
                                        {
                                            "Worker Number": 0,
                                            "Actual Startup Time": 37.859,
                                            "Actual Total Time": 107.476,
                                            "Actual Rows": 88439,
                                            "Actual Loops": 1
                                        },
                                        {
                                            "Worker Number": 1,
                                            "Actual Startup Time": 38.115,
                                            "Actual Total Time": 107.74,
                                            "Actual Rows": 88670,
                                            "Actual Loops": 1
                                        },
                                        {
                                            "Worker Number": 2,
                                            "Actual Startup Time": 38.603,
                                            "Actual Total Time": 108.024,
                                            "Actual Rows": 85866,
                                            "Actual Loops": 1
                                        }
                                    ],
                                    "Plans": [
                                        {
                                            "Node Type": "Bitmap Index Scan",
                                            "Parent Relationship": "Outer",
                                            "Parallel Aware": false,
                                            "Index Name": "keyword_id_movie_keyword",
                                            "Startup Cost": 0.0,
                                            "Total Cost": 9959.79,
                                            "Plan Rows": 475114,
                                            "Plan Width": 0,
                                            "Actual Startup Time": 44.939,
                                            "Actual Total Time": 44.939,
                                            "Actual Rows": 472545,
                                            "Actual Loops": 1,
                                            "Index Cond": "(mk.keyword_id < 359)"
                                        }
                                    ]
                                }
                            ]
                        }
                    ]
                }
            ]
        },
        "Planning Time": 224.712,
        "Triggers": [],
        "Execution Time": 129.901
    }
]