[
    {
        "Bao": {
            "Bao prediction": 1256.051,
            "Bao recommended hint": "(no hint)"
        }
    },
    {
        "Plan": {
            "Node Type": "Aggregate",
            "Strategy": "Plain",
            "Partial Mode": "Finalize",
            "Parallel Aware": false,
            "Startup Cost": 126542.91,
            "Total Cost": 126542.92,
            "Plan Rows": 1,
            "Plan Width": 8,
            "Actual Startup Time": 859.726,
            "Actual Total Time": 872.966,
            "Actual Rows": 1,
            "Actual Loops": 1,
            "Output": [
                "count(*)"
            ],
            "Plans": [
                {
                    "Node Type": "Gather",
                    "Parent Relationship": "Outer",
                    "Parallel Aware": false,
                    "Startup Cost": 126542.59,
                    "Total Cost": 126542.9,
                    "Plan Rows": 3,
                    "Plan Width": 8,
                    "Actual Startup Time": 851.877,
                    "Actual Total Time": 872.957,
                    "Actual Rows": 4,
                    "Actual Loops": 1,
                    "Output": [
                        "(PARTIAL count(*))"
                    ],
                    "Workers Planned": 3,
                    "Workers Launched": 3,
                    "Single Copy": false,
                    "Plans": [
                        {
                            "Node Type": "Aggregate",
                            "Strategy": "Plain",
                            "Partial Mode": "Partial",
                            "Parent Relationship": "Outer",
                            "Parallel Aware": false,
                            "Startup Cost": 125542.59,
                            "Total Cost": 125542.6,
                            "Plan Rows": 1,
                            "Plan Width": 8,
                            "Actual Startup Time": 840.483,
                            "Actual Total Time": 840.583,
                            "Actual Rows": 1,
                            "Actual Loops": 4,
                            "Output": [
                                "PARTIAL count(*)"
                            ],
                            "Workers": [
                                {
                                    "Worker Number": 0,
                                    "Actual Startup Time": 837.351,
                                    "Actual Total Time": 837.357,
                                    "Actual Rows": 1,
                                    "Actual Loops": 1
                                },
                                {
                                    "Worker Number": 1,
                                    "Actual Startup Time": 836.774,
                                    "Actual Total Time": 836.778,
                                    "Actual Rows": 1,
                                    "Actual Loops": 1
                                },
                                {
                                    "Worker Number": 2,
                                    "Actual Startup Time": 836.78,
                                    "Actual Total Time": 836.785,
                                    "Actual Rows": 1,
                                    "Actual Loops": 1
                                }
                            ],
                            "Plans": [
                                {
                                    "Node Type": "Hash Join",
                                    "Parent Relationship": "Outer",
                                    "Parallel Aware": true,
                                    "Join Type": "Inner",
                                    "Startup Cost": 80333.91,
                                    "Total Cost": 125241.82,
                                    "Plan Rows": 120310,
                                    "Plan Width": 0,
                                    "Actual Startup Time": 438.559,
                                    "Actual Total Time": 763.123,
                                    "Actual Rows": 1388094,
                                    "Actual Loops": 4,
                                    "Inner Unique": false,
                                    "Hash Cond": "(mk.movie_id = t.id)",
                                    "Workers": [
                                        {
                                            "Worker Number": 0,
                                            "Actual Startup Time": 434.938,
                                            "Actual Total Time": 759.72,
                                            "Actual Rows": 1208887,
                                            "Actual Loops": 1
                                        },
                                        {
                                            "Worker Number": 1,
                                            "Actual Startup Time": 435.018,
                                            "Actual Total Time": 758.066,
                                            "Actual Rows": 1227947,
                                            "Actual Loops": 1
                                        },
                                        {
                                            "Worker Number": 2,
                                            "Actual Startup Time": 435.019,
                                            "Actual Total Time": 757.557,
                                            "Actual Rows": 1233881,
                                            "Actual Loops": 1
                                        }
                                    ],
                                    "Plans": [
                                        {
                                            "Node Type": "Seq Scan",
                                            "Parent Relationship": "Outer",
                                            "Parallel Aware": true,
                                            "Relation Name": "movie_keyword",
                                            "Schema": "public",
                                            "Alias": "mk",
                                            "Startup Cost": 0.0,
                                            "Total Cost": 39047.32,
                                            "Plan Rows": 1459332,
                                            "Plan Width": 4,
                                            "Actual Startup Time": 0.013,
                                            "Actual Total Time": 111.129,
                                            "Actual Rows": 1130982,
                                            "Actual Loops": 4,
                                            "Output": [
                                                "mk.id",
                                                "mk.movie_id",
                                                "mk.keyword_id"
                                            ],
                                            "Workers": [
                                                {
                                                    "Worker Number": 0,
                                                    "Actual Startup Time": 0.015,
                                                    "Actual Total Time": 112.733,
                                                    "Actual Rows": 975815,
                                                    "Actual Loops": 1
                                                },
                                                {
                                                    "Worker Number": 1,
                                                    "Actual Startup Time": 0.012,
                                                    "Actual Total Time": 111.172,
                                                    "Actual Rows": 994005,
                                                    "Actual Loops": 1
                                                },
                                                {
                                                    "Worker Number": 2,
                                                    "Actual Startup Time": 0.013,
                                                    "Actual Total Time": 110.943,
                                                    "Actual Rows": 994190,
                                                    "Actual Loops": 1
                                                }
                                            ]
                                        },
                                        {
                                            "Node Type": "Hash",
                                            "Parent Relationship": "Inner",
                                            "Parallel Aware": true,
                                            "Startup Cost": 79493.43,
                                            "Total Cost": 79493.43,
                                            "Plan Rows": 67238,
                                            "Plan Width": 8,
                                            "Actual Startup Time": 392.289,
                                            "Actual Total Time": 392.387,
                                            "Actual Rows": 136499,
                                            "Actual Loops": 4,
                                            "Output": [
                                                "t.id",
                                                "mc.movie_id"
                                            ],
                                            "Hash Buckets": 1048576,
                                            "Original Hash Buckets": 262144,
                                            "Hash Batches": 1,
                                            "Original Hash Batches": 1,
                                            "Peak Memory Usage": 35776,
                                            "Workers": [
                                                {
                                                    "Worker Number": 0,
                                                    "Actual Startup Time": 390.301,
                                                    "Actual Total Time": 390.305,
                                                    "Actual Rows": 113765,
                                                    "Actual Loops": 1
                                                },
                                                {
                                                    "Worker Number": 1,
                                                    "Actual Startup Time": 390.41,
                                                    "Actual Total Time": 390.413,
                                                    "Actual Rows": 125356,
                                                    "Actual Loops": 1
                                                },
                                                {
                                                    "Worker Number": 2,
                                                    "Actual Startup Time": 390.409,
                                                    "Actual Total Time": 390.412,
                                                    "Actual Rows": 125400,
                                                    "Actual Loops": 1
                                                }
                                            ],
                                            "Plans": [
                                                {
                                                    "Node Type": "Hash Join",
                                                    "Parent Relationship": "Outer",
                                                    "Parallel Aware": true,
                                                    "Join Type": "Inner",
                                                    "Startup Cost": 47321.78,
                                                    "Total Cost": 79493.43,
                                                    "Plan Rows": 67238,
                                                    "Plan Width": 8,
                                                    "Actual Startup Time": 243.99,
                                                    "Actual Total Time": 334.896,
                                                    "Actual Rows": 136499,
                                                    "Actual Loops": 4,
                                                    "Output": [
                                                        "t.id",
                                                        "mc.movie_id"
                                                    ],
                                                    "Inner Unique": true,
                                                    "Hash Cond": "(mc.movie_id = t.id)",
                                                    "Workers": [
                                                        {
                                                            "Worker Number": 0,
                                                            "Actual Startup Time": 242.022,
                                                            "Actual Total Time": 332.484,
                                                            "Actual Rows": 113765,
                                                            "Actual Loops": 1
                                                        },
                                                        {
                                                            "Worker Number": 1,
                                                            "Actual Startup Time": 242.118,
                                                            "Actual Total Time": 333.478,
                                                            "Actual Rows": 125356,
                                                            "Actual Loops": 1
                                                        },
                                                        {
                                                            "Worker Number": 2,
                                                            "Actual Startup Time": 242.102,
                                                            "Actual Total Time": 333.333,
                                                            "Actual Rows": 125400,
                                                            "Actual Loops": 1
                                                        }
                                                    ],
                                                    "Plans": [
                                                        {
                                                            "Node Type": "Seq Scan",
                                                            "Parent Relationship": "Outer",
                                                            "Parallel Aware": true,
                                                            "Relation Name": "movie_companies",
                                                            "Schema": "public",
                                                            "Alias": "mc",
                                                            "Startup Cost": 0.0,
                                                            "Total Cost": 31414.82,
                                                            "Plan Rows": 288318,
                                                            "Plan Width": 4,
                                                            "Actual Startup Time": 34.58,
                                                            "Actual Total Time": 83.324,
                                                            "Actual Rows": 271242,
                                                            "Actual Loops": 4,
                                                            "Output": [
                                                                "mc.id",
                                                                "mc.movie_id",
                                                                "mc.company_id",
                                                                "mc.company_type_id",
                                                                "mc.note"
                                                            ],
                                                            "Filter": "((mc.company_id > 2394) AND (mc.company_type_id = 2))",
                                                            "Rows Removed by Filter": 381040,
                                                            "Workers": [
                                                                {
                                                                    "Worker Number": 0,
                                                                    "Actual Startup Time": 34.585,
                                                                    "Actual Total Time": 83.051,
                                                                    "Actual Rows": 227121,
                                                                    "Actual Loops": 1
                                                                },
                                                                {
                                                                    "Worker Number": 1,
                                                                    "Actual Startup Time": 34.587,
                                                                    "Actual Total Time": 85.772,
                                                                    "Actual Rows": 246675,
                                                                    "Actual Loops": 1
                                                                },
                                                                {
                                                                    "Worker Number": 2,
                                                                    "Actual Startup Time": 34.58,
                                                                    "Actual Total Time": 85.817,
                                                                    "Actual Rows": 249775,
                                                                    "Actual Loops": 1
                                                                }
                                                            ]
                                                        },
                                                        {
                                                            "Node Type": "Hash",
                                                            "Parent Relationship": "Inner",
                                                            "Parallel Aware": true,
                                                            "Startup Cost": 45479.21,
                                                            "Total Cost": 45479.21,
                                                            "Plan Rows": 147406,
                                                            "Plan Width": 4,
                                                            "Actual Startup Time": 170.359,
                                                            "Actual Total Time": 170.36,
                                                            "Actual Rows": 148682,
                                                            "Actual Loops": 4,
                                                            "Output": [
                                                                "t.id"
                                                            ],
                                                            "Hash Buckets": 1048576,
                                                            "Original Hash Buckets": 1048576,
                                                            "Hash Batches": 1,
                                                            "Original Hash Batches": 1,
                                                            "Peak Memory Usage": 31520,
                                                            "Workers": [
                                                                {
                                                                    "Worker Number": 0,
                                                                    "Actual Startup Time": 171.918,
                                                                    "Actual Total Time": 171.919,
                                                                    "Actual Rows": 120665,
                                                                    "Actual Loops": 1
                                                                },
                                                                {
                                                                    "Worker Number": 1,
                                                                    "Actual Startup Time": 172.036,
                                                                    "Actual Total Time": 172.037,
                                                                    "Actual Rows": 132178,
                                                                    "Actual Loops": 1
                                                                },
                                                                {
                                                                    "Worker Number": 2,
                                                                    "Actual Startup Time": 172.012,
                                                                    "Actual Total Time": 172.013,
                                                                    "Actual Rows": 134310,
                                                                    "Actual Loops": 1
                                                                }
                                                            ],
                                                            "Plans": [
                                                                {
                                                                    "Node Type": "Seq Scan",
                                                                    "Parent Relationship": "Outer",
                                                                    "Parallel Aware": true,
                                                                    "Relation Name": "title",
                                                                    "Schema": "public",
                                                                    "Alias": "t",
                                                                    "Startup Cost": 0.0,
                                                                    "Total Cost": 45479.21,
                                                                    "Plan Rows": 147406,
                                                                    "Plan Width": 4,
                                                                    "Actual Startup Time": 63.657,
                                                                    "Actual Total Time": 114.982,
                                                                    "Actual Rows": 148682,
                                                                    "Actual Loops": 4,
                                                                    "Output": [
                                                                        "t.id"
                                                                    ],
                                                                    "Filter": "((t.production_year < 2012) AND (t.kind_id = 1))",
                                                                    "Rows Removed by Filter": 483396,
                                                                    "Workers": [
                                                                        {
                                                                            "Worker Number": 0,
                                                                            "Actual Startup Time": 63.739,
                                                                            "Actual Total Time": 114.826,
                                                                            "Actual Rows": 120665,
                                                                            "Actual Loops": 1
                                                                        },
                                                                        {
                                                                            "Worker Number": 1,
                                                                            "Actual Startup Time": 63.631,
                                                                            "Actual Total Time": 116.667,
                                                                            "Actual Rows": 132178,
                                                                            "Actual Loops": 1
                                                                        },
                                                                        {
                                                                            "Worker Number": 2,
                                                                            "Actual Startup Time": 63.592,
                                                                            "Actual Total Time": 117.063,
                                                                            "Actual Rows": 134310,
                                                                            "Actual Loops": 1
                                                                        }
                                                                    ]
                                                                }
                                                            ]
                                                        }
                                                    ]
                                                }
                                            ]
                                        }
                                    ]
                                }
                            ]
                        }
                    ]
                }
            ]
        },
        "Planning Time": 1666.417,
        "Triggers": [],
        "Execution Time": 873.086
    }
]