{
  "Plan": {
    "Node Type": "Aggregate",
    "Strategy": "Plain",
    "Partial Mode": "Finalize",
    "Parallel Aware": false,
    "Startup Cost": 680437.33,
    "Total Cost": 680437.34,
    "Plan Rows": 1,
    "Plan Width": 8,
    "Actual Startup Time": 3610.698,
    "Actual Total Time": 3674.97,
    "Actual Rows": 1,
    "Actual Loops": 1,
    "Plans": [
      {
        "Node Type": "Gather",
        "Parent Relationship": "Outer",
        "Parallel Aware": false,
        "Startup Cost": 680437.21,
        "Total Cost": 680437.32,
        "Plan Rows": 1,
        "Plan Width": 8,
        "Actual Startup Time": 3610.526,
        "Actual Total Time": 3674.947,
        "Actual Rows": 2,
        "Actual Loops": 1,
        "Workers Planned": 1,
        "Workers Launched": 1,
        "Single Copy": false,
        "Plans": [
          {
            "Node Type": "Aggregate",
            "Strategy": "Plain",
            "Partial Mode": "Partial",
            "Parent Relationship": "Outer",
            "Parallel Aware": false,
            "Startup Cost": 679437.21,
            "Total Cost": 679437.22,
            "Plan Rows": 1,
            "Plan Width": 8,
            "Actual Startup Time": 3604.427,
            "Actual Total Time": 3604.433,
            "Actual Rows": 1,
            "Actual Loops": 2,
            "Plans": [
              {
                "Node Type": "Hash Join",
                "Parent Relationship": "Outer",
                "Parallel Aware": true,
                "Join Type": "Inner",
                "Startup Cost": 96560.0,
                "Total Cost": 679336.76,
                "Plan Rows": 40180,
                "Plan Width": 0,
                "Actual Startup Time": 430.786,
                "Actual Total Time": 3596.288,
                "Actual Rows": 153924,
                "Actual Loops": 2,
                "Inner Unique": false,
                "Hash Cond": "(ci.movie_id = t.id)",
                "Plans": [
                  {
                    "Node Type": "Seq Scan",
                    "Parent Relationship": "Outer",
                    "Parallel Aware": true,
                    "Relation Name": "cast_info",
                    "Alias": "ci",
                    "Startup Cost": 0.0,
                    "Total Cost": 519069.44,
                    "Plan Rows": 16925585,
                    "Plan Width": 4,
                    "Actual Startup Time": 0.017,
                    "Actual Total Time": 2034.989,
                    "Actual Rows": 14404054,
                    "Actual Loops": 2,
                    "Filter": "(role_id < 8)",
                    "Rows Removed by Filter": 3718118
                  },
                  {
                    "Node Type": "Hash",
                    "Parent Relationship": "Inner",
                    "Parallel Aware": true,
                    "Startup Cost": 96515.86,
                    "Total Cost": 96515.86,
                    "Plan Rows": 3531,
                    "Plan Width": 8,
                    "Actual Startup Time": 429.518,
                    "Actual Total Time": 429.522,
                    "Actual Rows": 6498,
                    "Actual Loops": 2,
                    "Hash Buckets": 16384,
                    "Original Hash Buckets": 8192,
                    "Hash Batches": 1,
                    "Original Hash Batches": 1,
                    "Peak Memory Usage": 736,
                    "Plans": [
                      {
                        "Node Type": "Hash Join",
                        "Parent Relationship": "Outer",
                        "Parallel Aware": true,
                        "Join Type": "Inner",
                        "Startup Cost": 58349.23,
                        "Total Cost": 96515.86,
                        "Plan Rows": 3531,
                        "Plan Width": 8,
                        "Actual Startup Time": 160.842,
                        "Actual Total Time": 412.051,
                        "Actual Rows": 6498,
                        "Actual Loops": 2,
                        "Inner Unique": true,
                        "Hash Cond": "(mc.movie_id = t.id)",
                        "Plans": [
                          {
                            "Node Type": "Seq Scan",
                            "Parent Relationship": "Outer",
                            "Parallel Aware": true,
                            "Relation Name": "movie_companies",
                            "Alias": "mc",
                            "Startup Cost": 0.0,
                            "Total Cost": 34137.82,
                            "Plan Rows": 1534782,
                            "Plan Width": 4,
                            "Actual Startup Time": 0.015,
                            "Actual Total Time": 122.813,
                            "Actual Rows": 1304564,
                            "Actual Loops": 2
                          },
                          {
                            "Node Type": "Hash",
                            "Parent Relationship": "Inner",
                            "Parallel Aware": true,
                            "Startup Cost": 58306.47,
                            "Total Cost": 58306.47,
                            "Plan Rows": 3421,
                            "Plan Width": 4,
                            "Actual Startup Time": 160.698,
                            "Actual Total Time": 160.699,
                            "Actual Rows": 3438,
                            "Actual Loops": 2,
                            "Hash Buckets": 8192,
                            "Original Hash Buckets": 8192,
                            "Hash Batches": 1,
                            "Original Hash Batches": 1,
                            "Peak Memory Usage": 352,
                            "Plans": [
                              {
                                "Node Type": "Seq Scan",
                                "Parent Relationship": "Outer",
                                "Parallel Aware": true,
                                "Relation Name": "title",
                                "Alias": "t",
                                "Startup Cost": 0.0,
                                "Total Cost": 58306.47,
                                "Plan Rows": 3421,
                                "Plan Width": 4,
                                "Actual Startup Time": 0.607,
                                "Actual Total Time": 159.041,
                                "Actual Rows": 3438,
                                "Actual Loops": 2,
                                "Filter": "((kind_id < 7) AND (production_year = 1982))",
                                "Rows Removed by Filter": 1260718
                              }
                            ]
                          }
                        ]
                      }
                    ]
                  }
                ]
              }
            ]
          }
        ]
      }
    ]
  },
  "Planning Time": 1.133,
  "Triggers": [],
  "Execution Time": 3675.077
}