[
  {
    "Plan": {
      "Node Type": "Aggregate",
      "Strategy": "Plain",
      "Partial Mode": "Finalize",
      "Parallel Aware": false,
      "Startup Cost": 130143.38,
      "Total Cost": 130143.39,
      "Plan Rows": 1,
      "Plan Width": 8,
      "Actual Startup Time": 917.521,
      "Actual Total Time": 942.675,
      "Actual Rows": 1,
      "Actual Loops": 1,
      "Plans": [
        {
          "Node Type": "Gather",
          "Parent Relationship": "Outer",
          "Parallel Aware": false,
          "Startup Cost": 130143.06,
          "Total Cost": 130143.37,
          "Plan Rows": 3,
          "Plan Width": 8,
          "Actual Startup Time": 899.577,
          "Actual Total Time": 942.667,
          "Actual Rows": 4,
          "Actual Loops": 1,
          "Workers Planned": 3,
          "Workers Launched": 3,
          "Single Copy": false,
          "Plans": [
            {
              "Node Type": "Aggregate",
              "Strategy": "Plain",
              "Partial Mode": "Partial",
              "Parent Relationship": "Outer",
              "Parallel Aware": false,
              "Startup Cost": 129143.06,
              "Total Cost": 129143.07,
              "Plan Rows": 1,
              "Plan Width": 8,
              "Actual Startup Time": 891.344,
              "Actual Total Time": 891.351,
              "Actual Rows": 1,
              "Actual Loops": 4,
              "Plans": [
                {
                  "Node Type": "Hash Join",
                  "Parent Relationship": "Outer",
                  "Parallel Aware": true,
                  "Join Type": "Inner",
                  "Startup Cost": 83988.45,
                  "Total Cost": 128900.89,
                  "Plan Rows": 96870,
                  "Plan Width": 0,
                  "Actual Startup Time": 665.007,
                  "Actual Total Time": 868.531,
                  "Actual Rows": 460170,
                  "Actual Loops": 4,
                  "Inner Unique": false,
                  "Hash Cond": "(mk.movie_id = t.id)",
                  "Plans": [
                    {
                      "Node Type": "Seq Scan",
                      "Parent Relationship": "Outer",
                      "Parallel Aware": true,
                      "Relation Name": "movie_keyword",
                      "Alias": "mk",
                      "Startup Cost": 0.0,
                      "Total Cost": 42695.65,
                      "Plan Rows": 507814,
                      "Plan Width": 4,
                      "Actual Startup Time": 0.717,
                      "Actual Total Time": 110.507,
                      "Actual Rows": 391775,
                      "Actual Loops": 4,
                      "Filter": "(keyword_id > 10003)",
                      "Rows Removed by Filter": 739207
                    },
                    {
                      "Node Type": "Hash",
                      "Parent Relationship": "Inner",
                      "Parallel Aware": true,
                      "Startup Cost": 82043.62,
                      "Total Cost": 82043.62,
                      "Plan Rows": 155587,
                      "Plan Width": 8,
                      "Actual Startup Time": 661.161,
                      "Actual Total Time": 661.166,
                      "Actual Rows": 198564,
                      "Actual Loops": 4,
                      "Hash Buckets": 1048576,
                      "Original Hash Buckets": 524288,
                      "Hash Batches": 1,
                      "Original Hash Batches": 1,
                      "Peak Memory Usage": 43424,
                      "Plans": [
                        {
                          "Node Type": "Hash Join",
                          "Parent Relationship": "Outer",
                          "Parallel Aware": true,
                          "Join Type": "Inner",
                          "Startup Cost": 50220.38,
                          "Total Cost": 82043.62,
                          "Plan Rows": 155587,
                          "Plan Width": 8,
                          "Actual Startup Time": 431.125,
                          "Actual Total Time": 570.54,
                          "Actual Rows": 198564,
                          "Actual Loops": 4,
                          "Inner Unique": true,
                          "Hash Cond": "(mc.movie_id = t.id)",
                          "Plans": [
                            {
                              "Node Type": "Seq Scan",
                              "Parent Relationship": "Outer",
                              "Parallel Aware": true,
                              "Relation Name": "movie_companies",
                              "Alias": "mc",
                              "Startup Cost": 0.0,
                              "Total Cost": 31414.82,
                              "Plan Rows": 155587,
                              "Plan Width": 4,
                              "Actual Startup Time": 33.79,
                              "Actual Total Time": 79.144,
                              "Actual Rows": 198564,
                              "Actual Loops": 4,
                              "Filter": "((company_id > 19207) AND (company_type_id = 2))",
                              "Rows Removed by Filter": 453719
                            },
                            {
                              "Node Type": "Hash",
                              "Parent Relationship": "Inner",
                              "Parallel Aware": true,
                              "Startup Cost": 42319.06,
                              "Total Cost": 42319.06,
                              "Plan Rows": 632106,
                              "Plan Width": 4,
                              "Actual Startup Time": 388.835,
                              "Actual Total Time": 388.836,
                              "Actual Rows": 632078,
                              "Actual Loops": 4,
                              "Hash Buckets": 4194304,
                              "Original Hash Buckets": 4194304,
                              "Hash Batches": 1,
                              "Original Hash Batches": 1,
                              "Peak Memory Usage": 131744,
                              "Plans": [
                                {
                                  "Node Type": "Seq Scan",
                                  "Parent Relationship": "Outer",
                                  "Parallel Aware": true,
                                  "Relation Name": "title",
                                  "Alias": "t",
                                  "Startup Cost": 0.0,
                                  "Total Cost": 42319.06,
                                  "Plan Rows": 632106,
                                  "Plan Width": 4,
                                  "Actual Startup Time": 0.053,
                                  "Actual Total Time": 112.466,
                                  "Actual Rows": 632078,
                                  "Actual Loops": 4
                                }
                              ]
                            }
                          ]
                        }
                      ]
                    }
                  ]
                }
              ]
            }
          ]
        }
      ]
    },
    "Planning Time": 1.112,
    "Triggers": [],
    "Execution Time": 942.739
  }
]