[
    {
        "Bao": {
            "Bao prediction": "NaN",
            "Bao recommended hint": "(no hint)"
        }
    },
    {
        "Plan": {
            "Node Type": "Aggregate",
            "Strategy": "Plain",
            "Partial Mode": "Finalize",
            "Parallel Aware": false,
            "Startup Cost": 275724.71,
            "Total Cost": 275724.72,
            "Plan Rows": 1,
            "Plan Width": 8,
            "Actual Startup Time": 41.853,
            "Actual Total Time": 44.807,
            "Actual Rows": 1,
            "Actual Loops": 1,
            "Output": [
                "count(*)"
            ],
            "Plans": [
                {
                    "Node Type": "Gather",
                    "Parent Relationship": "Outer",
                    "Parallel Aware": false,
                    "Startup Cost": 275724.18,
                    "Total Cost": 275724.69,
                    "Plan Rows": 5,
                    "Plan Width": 8,
                    "Actual Startup Time": 41.614,
                    "Actual Total Time": 44.8,
                    "Actual Rows": 6,
                    "Actual Loops": 1,
                    "Output": [
                        "(PARTIAL count(*))"
                    ],
                    "Workers Planned": 5,
                    "Workers Launched": 5,
                    "Single Copy": false,
                    "Plans": [
                        {
                            "Node Type": "Aggregate",
                            "Strategy": "Plain",
                            "Partial Mode": "Partial",
                            "Parent Relationship": "Outer",
                            "Parallel Aware": false,
                            "Startup Cost": 274724.18,
                            "Total Cost": 274724.19,
                            "Plan Rows": 1,
                            "Plan Width": 8,
                            "Actual Startup Time": 31.777,
                            "Actual Total Time": 31.778,
                            "Actual Rows": 1,
                            "Actual Loops": 6,
                            "Output": [
                                "PARTIAL count(*)"
                            ],
                            "Workers": [
                                {
                                    "Worker Number": 0,
                                    "Actual Startup Time": 29.343,
                                    "Actual Total Time": 29.344,
                                    "Actual Rows": 1,
                                    "Actual Loops": 1
                                },
                                {
                                    "Worker Number": 1,
                                    "Actual Startup Time": 29.445,
                                    "Actual Total Time": 29.447,
                                    "Actual Rows": 1,
                                    "Actual Loops": 1
                                },
                                {
                                    "Worker Number": 2,
                                    "Actual Startup Time": 29.733,
                                    "Actual Total Time": 29.735,
                                    "Actual Rows": 1,
                                    "Actual Loops": 1
                                },
                                {
                                    "Worker Number": 3,
                                    "Actual Startup Time": 30.252,
                                    "Actual Total Time": 30.253,
                                    "Actual Rows": 1,
                                    "Actual Loops": 1
                                },
                                {
                                    "Worker Number": 4,
                                    "Actual Startup Time": 30.608,
                                    "Actual Total Time": 30.609,
                                    "Actual Rows": 1,
                                    "Actual Loops": 1
                                }
                            ],
                            "Plans": [
                                {
                                    "Node Type": "Bitmap Heap Scan",
                                    "Parent Relationship": "Outer",
                                    "Parallel Aware": true,
                                    "Relation Name": "cast_info",
                                    "Schema": "public",
                                    "Alias": "ci",
                                    "Startup Cost": 7668.29,
                                    "Total Cost": 274550.52,
                                    "Plan Rows": 69464,
                                    "Plan Width": 0,
                                    "Actual Startup Time": 6.07,
                                    "Actual Total Time": 26.532,
                                    "Actual Rows": 58501,
                                    "Actual Loops": 6,
                                    "Recheck Cond": "(ci.person_id < 40712)",
                                    "Rows Removed by Index Recheck": 0,
                                    "Exact Heap Blocks": 1906,
                                    "Lossy Heap Blocks": 0,
                                    "Workers": [
                                        {
                                            "Worker Number": 0,
                                            "Actual Startup Time": 3.631,
                                            "Actual Total Time": 24.358,
                                            "Actual Rows": 42761,
                                            "Actual Loops": 1
                                        },
                                        {
                                            "Worker Number": 1,
                                            "Actual Startup Time": 3.732,
                                            "Actual Total Time": 24.397,
                                            "Actual Rows": 36116,
                                            "Actual Loops": 1
                                        },
                                        {
                                            "Worker Number": 2,
                                            "Actual Startup Time": 4.071,
                                            "Actual Total Time": 24.876,
                                            "Actual Rows": 31526,
                                            "Actual Loops": 1
                                        },
                                        {
                                            "Worker Number": 3,
                                            "Actual Startup Time": 4.75,
                                            "Actual Total Time": 25.454,
                                            "Actual Rows": 31415,
                                            "Actual Loops": 1
                                        },
                                        {
                                            "Worker Number": 4,
                                            "Actual Startup Time": 4.925,
                                            "Actual Total Time": 25.618,
                                            "Actual Rows": 36322,
                                            "Actual Loops": 1
                                        }
                                    ],
                                    "Plans": [
                                        {
                                            "Node Type": "Bitmap Index Scan",
                                            "Parent Relationship": "Outer",
                                            "Parallel Aware": false,
                                            "Index Name": "person_id_cast_info",
                                            "Startup Cost": 0.0,
                                            "Total Cost": 7581.46,
                                            "Plan Rows": 347320,
                                            "Plan Width": 0,
                                            "Actual Startup Time": 14.736,
                                            "Actual Total Time": 14.737,
                                            "Actual Rows": 351004,
                                            "Actual Loops": 1,
                                            "Index Cond": "(ci.person_id < 40712)"
                                        }
                                    ]
                                }
                            ]
                        }
                    ]
                }
            ]
        },
        "Planning Time": 186.149,
        "Triggers": [],
        "Execution Time": 44.862
    }
]