[
  {
    "Plan": {
      "Node Type": "Aggregate",
      "Strategy": "Plain",
      "Partial Mode": "Finalize",
      "Parallel Aware": false,
      "Startup Cost": 155071.73,
      "Total Cost": 155071.74,
      "Plan Rows": 1,
      "Plan Width": 8,
      "Actual Startup Time": 157.437,
      "Actual Total Time": 187.776,
      "Actual Rows": 1,
      "Actual Loops": 1,
      "Plans": [
        {
          "Node Type": "Gather",
          "Parent Relationship": "Outer",
          "Parallel Aware": false,
          "Startup Cost": 155071.31,
          "Total Cost": 155071.72,
          "Plan Rows": 4,
          "Plan Width": 8,
          "Actual Startup Time": 157.22,
          "Actual Total Time": 187.767,
          "Actual Rows": 5,
          "Actual Loops": 1,
          "Workers Planned": 4,
          "Workers Launched": 4,
          "Single Copy": false,
          "Plans": [
            {
              "Node Type": "Aggregate",
              "Strategy": "Plain",
              "Partial Mode": "Partial",
              "Parent Relationship": "Outer",
              "Parallel Aware": false,
              "Startup Cost": 154071.31,
              "Total Cost": 154071.32,
              "Plan Rows": 1,
              "Plan Width": 8,
              "Actual Startup Time": 150.21,
              "Actual Total Time": 150.211,
              "Actual Rows": 1,
              "Actual Loops": 5,
              "Plans": [
                {
                  "Node Type": "Nested Loop",
                  "Parent Relationship": "Outer",
                  "Parallel Aware": false,
                  "Join Type": "Inner",
                  "Startup Cost": 0.56,
                  "Total Cost": 154059.4,
                  "Plan Rows": 4764,
                  "Plan Width": 0,
                  "Actual Startup Time": 2.004,
                  "Actual Total Time": 149.521,
                  "Actual Rows": 5463,
                  "Actual Loops": 5,
                  "Inner Unique": false,
                  "Plans": [
                    {
                      "Node Type": "Seq Scan",
                      "Parent Relationship": "Outer",
                      "Parallel Aware": true,
                      "Relation Name": "title",
                      "Alias": "t",
                      "Startup Cost": 0.0,
                      "Total Cost": 43899.32,
                      "Plan Rows": 948,
                      "Plan Width": 4,
                      "Actual Startup Time": 0.853,
                      "Actual Total Time": 85.648,
                      "Actual Rows": 769,
                      "Actual Loops": 5,
                      "Filter": "(production_year = 1949)",
                      "Rows Removed by Filter": 504893
                    },
                    {
                      "Node Type": "Index Scan",
                      "Parent Relationship": "Inner",
                      "Parallel Aware": false,
                      "Scan Direction": "Forward",
                      "Index Name": "movie_id_cast_info",
                      "Relation Name": "cast_info",
                      "Alias": "ci",
                      "Startup Cost": 0.56,
                      "Total Cost": 116.08,
                      "Plan Rows": 12,
                      "Plan Width": 4,
                      "Actual Startup Time": 0.019,
                      "Actual Total Time": 0.081,
                      "Actual Rows": 7,
                      "Actual Loops": 3847,
                      "Index Cond": "(movie_id = t.id)",
                      "Rows Removed by Index Recheck": 0,
                      "Filter": "(role_id = 1)",
                      "Rows Removed by Filter": 7
                    }
                  ]
                }
              ]
            }
          ]
        }
      ]
    },
    "Planning Time": 0.62,
    "Triggers": [],
    "Execution Time": 187.867
  }
]