[
  {
    "Plan": {
      "Node Type": "Aggregate",
      "Strategy": "Plain",
      "Partial Mode": "Finalize",
      "Parallel Aware": false,
      "Startup Cost": 46490.69,
      "Total Cost": 46490.7,
      "Plan Rows": 1,
      "Plan Width": 8,
      "Actual Startup Time": 73.891,
      "Actual Total Time": 78.975,
      "Actual Rows": 1,
      "Actual Loops": 1,
      "Plans": [
        {
          "Node Type": "Gather",
          "Parent Relationship": "Outer",
          "Parallel Aware": false,
          "Startup Cost": 46490.27,
          "Total Cost": 46490.68,
          "Plan Rows": 4,
          "Plan Width": 8,
          "Actual Startup Time": 73.784,
          "Actual Total Time": 78.97,
          "Actual Rows": 5,
          "Actual Loops": 1,
          "Workers Planned": 4,
          "Workers Launched": 4,
          "Single Copy": false,
          "Plans": [
            {
              "Node Type": "Aggregate",
              "Strategy": "Plain",
              "Partial Mode": "Partial",
              "Parent Relationship": "Outer",
              "Parallel Aware": false,
              "Startup Cost": 45490.27,
              "Total Cost": 45490.28,
              "Plan Rows": 1,
              "Plan Width": 8,
              "Actual Startup Time": 68.459,
              "Actual Total Time": 68.46,
              "Actual Rows": 1,
              "Actual Loops": 5,
              "Plans": [
                {
                  "Node Type": "Seq Scan",
                  "Parent Relationship": "Outer",
                  "Parallel Aware": true,
                  "Relation Name": "title",
                  "Alias": "t",
                  "Startup Cost": 0.0,
                  "Total Cost": 45479.21,
                  "Plan Rows": 4426,
                  "Plan Width": 0,
                  "Actual Startup Time": 0.068,
                  "Actual Total Time": 68.056,
                  "Actual Rows": 3945,
                  "Actual Loops": 5,
                  "Filter": "((kind_id > 1) AND (production_year = 1992))",
                  "Rows Removed by Filter": 501717
                }
              ]
            }
          ]
        }
      ]
    },
    "Planning Time": 0.067,
    "Triggers": [],
    "Execution Time": 78.996
  }
]