[
    {
        "Bao": {
            "Bao prediction": "NaN",
            "Bao recommended hint": "(no hint)"
        }
    },
    {
        "Plan": {
            "Node Type": "Aggregate",
            "Strategy": "Plain",
            "Partial Mode": "Finalize",
            "Parallel Aware": false,
            "Startup Cost": 404984.74,
            "Total Cost": 404984.75,
            "Plan Rows": 1,
            "Plan Width": 8,
            "Actual Startup Time": 1837.343,
            "Actual Total Time": 1868.47,
            "Actual Rows": 1,
            "Actual Loops": 1,
            "Output": [
                "count(*)"
            ],
            "Plans": [
                {
                    "Node Type": "Gather",
                    "Parent Relationship": "Outer",
                    "Parallel Aware": false,
                    "Startup Cost": 404984.11,
                    "Total Cost": 404984.72,
                    "Plan Rows": 6,
                    "Plan Width": 8,
                    "Actual Startup Time": 1827.751,
                    "Actual Total Time": 1868.458,
                    "Actual Rows": 7,
                    "Actual Loops": 1,
                    "Output": [
                        "(PARTIAL count(*))"
                    ],
                    "Workers Planned": 6,
                    "Workers Launched": 6,
                    "Single Copy": false,
                    "Plans": [
                        {
                            "Node Type": "Aggregate",
                            "Strategy": "Plain",
                            "Partial Mode": "Partial",
                            "Parent Relationship": "Outer",
                            "Parallel Aware": false,
                            "Startup Cost": 403984.11,
                            "Total Cost": 403984.12,
                            "Plan Rows": 1,
                            "Plan Width": 8,
                            "Actual Startup Time": 1817.838,
                            "Actual Total Time": 1817.841,
                            "Actual Rows": 1,
                            "Actual Loops": 7,
                            "Output": [
                                "PARTIAL count(*)"
                            ],
                            "Workers": [
                                {
                                    "Worker Number": 0,
                                    "Actual Startup Time": 1815.441,
                                    "Actual Total Time": 1815.443,
                                    "Actual Rows": 1,
                                    "Actual Loops": 1
                                },
                                {
                                    "Worker Number": 1,
                                    "Actual Startup Time": 1815.595,
                                    "Actual Total Time": 1815.598,
                                    "Actual Rows": 1,
                                    "Actual Loops": 1
                                },
                                {
                                    "Worker Number": 2,
                                    "Actual Startup Time": 1815.93,
                                    "Actual Total Time": 1815.932,
                                    "Actual Rows": 1,
                                    "Actual Loops": 1
                                },
                                {
                                    "Worker Number": 3,
                                    "Actual Startup Time": 1816.281,
                                    "Actual Total Time": 1816.283,
                                    "Actual Rows": 1,
                                    "Actual Loops": 1
                                },
                                {
                                    "Worker Number": 4,
                                    "Actual Startup Time": 1816.6,
                                    "Actual Total Time": 1816.603,
                                    "Actual Rows": 1,
                                    "Actual Loops": 1
                                },
                                {
                                    "Worker Number": 5,
                                    "Actual Startup Time": 1817.665,
                                    "Actual Total Time": 1817.668,
                                    "Actual Rows": 1,
                                    "Actual Loops": 1
                                }
                            ],
                            "Plans": [
                                {
                                    "Node Type": "Hash Join",
                                    "Parent Relationship": "Outer",
                                    "Parallel Aware": true,
                                    "Join Type": "Inner",
                                    "Startup Cost": 47060.67,
                                    "Total Cost": 400230.06,
                                    "Plan Rows": 1501620,
                                    "Plan Width": 0,
                                    "Actual Startup Time": 342.566,
                                    "Actual Total Time": 1742.094,
                                    "Actual Rows": 1463831,
                                    "Actual Loops": 7,
                                    "Inner Unique": true,
                                    "Hash Cond": "(ci.movie_id = t.id)",
                                    "Workers": [
                                        {
                                            "Worker Number": 0,
                                            "Actual Startup Time": 340.264,
                                            "Actual Total Time": 1734.432,
                                            "Actual Rows": 1248395,
                                            "Actual Loops": 1
                                        },
                                        {
                                            "Worker Number": 1,
                                            "Actual Startup Time": 340.492,
                                            "Actual Total Time": 1734.476,
                                            "Actual Rows": 1208529,
                                            "Actual Loops": 1
                                        },
                                        {
                                            "Worker Number": 2,
                                            "Actual Startup Time": 340.84,
                                            "Actual Total Time": 1734.83,
                                            "Actual Rows": 1115894,
                                            "Actual Loops": 1
                                        },
                                        {
                                            "Worker Number": 3,
                                            "Actual Startup Time": 341.06,
                                            "Actual Total Time": 1743.131,
                                            "Actual Rows": 1636681,
                                            "Actual Loops": 1
                                        },
                                        {
                                            "Worker Number": 4,
                                            "Actual Startup Time": 341.369,
                                            "Actual Total Time": 1742.84,
                                            "Actual Rows": 1655391,
                                            "Actual Loops": 1
                                        },
                                        {
                                            "Worker Number": 5,
                                            "Actual Startup Time": 341.774,
                                            "Actual Total Time": 1746.704,
                                            "Actual Rows": 1578316,
                                            "Actual Loops": 1
                                        }
                                    ],
                                    "Plans": [
                                        {
                                            "Node Type": "Seq Scan",
                                            "Parent Relationship": "Outer",
                                            "Parallel Aware": true,
                                            "Relation Name": "cast_info",
                                            "Schema": "public",
                                            "Alias": "ci",
                                            "Startup Cost": 0.0,
                                            "Total Cost": 343318.94,
                                            "Plan Rows": 3752550,
                                            "Plan Width": 4,
                                            "Actual Startup Time": 206.262,
                                            "Actual Total Time": 699.509,
                                            "Actual Rows": 3142353,
                                            "Actual Loops": 7,
                                            "Output": [
                                                "ci.id",
                                                "ci.person_id",
                                                "ci.movie_id",
                                                "ci.person_role_id",
                                                "ci.note",
                                                "ci.nr_order",
                                                "ci.role_id"
                                            ],
                                            "Filter": "((ci.person_id < 3749763) AND (ci.role_id > 1))",
                                            "Rows Removed by Filter": 2035411,
                                            "Workers": [
                                                {
                                                    "Worker Number": 0,
                                                    "Actual Startup Time": 206.235,
                                                    "Actual Total Time": 731.441,
                                                    "Actual Rows": 2672714,
                                                    "Actual Loops": 1
                                                },
                                                {
                                                    "Worker Number": 1,
                                                    "Actual Startup Time": 206.229,
                                                    "Actual Total Time": 732.978,
                                                    "Actual Rows": 2600160,
                                                    "Actual Loops": 1
                                                },
                                                {
                                                    "Worker Number": 2,
                                                    "Actual Startup Time": 206.227,
                                                    "Actual Total Time": 721.237,
                                                    "Actual Rows": 2373597,
                                                    "Actual Loops": 1
                                                },
                                                {
                                                    "Worker Number": 3,
                                                    "Actual Startup Time": 206.235,
                                                    "Actual Total Time": 690.286,
                                                    "Actual Rows": 3515079,
                                                    "Actual Loops": 1
                                                },
                                                {
                                                    "Worker Number": 4,
                                                    "Actual Startup Time": 206.253,
                                                    "Actual Total Time": 694.288,
                                                    "Actual Rows": 3575520,
                                                    "Actual Loops": 1
                                                },
                                                {
                                                    "Worker Number": 5,
                                                    "Actual Startup Time": 206.265,
                                                    "Actual Total Time": 669.872,
                                                    "Actual Rows": 3376775,
                                                    "Actual Loops": 1
                                                }
                                            ]
                                        },
                                        {
                                            "Node Type": "Hash",
                                            "Parent Relationship": "Inner",
                                            "Parallel Aware": true,
                                            "Startup Cost": 43899.01,
                                            "Total Cost": 43899.01,
                                            "Plan Rows": 252933,
                                            "Plan Width": 4,
                                            "Actual Startup Time": 133.923,
                                            "Actual Total Time": 133.924,
                                            "Actual Rows": 144703,
                                            "Actual Loops": 7,
                                            "Output": [
                                                "t.id"
                                            ],
                                            "Hash Buckets": 1048576,
                                            "Original Hash Buckets": 1048576,
                                            "Hash Batches": 1,
                                            "Original Hash Batches": 1,
                                            "Peak Memory Usage": 47968,
                                            "Workers": [
                                                {
                                                    "Worker Number": 0,
                                                    "Actual Startup Time": 133.098,
                                                    "Actual Total Time": 133.099,
                                                    "Actual Rows": 110685,
                                                    "Actual Loops": 1
                                                },
                                                {
                                                    "Worker Number": 1,
                                                    "Actual Startup Time": 133.223,
                                                    "Actual Total Time": 133.223,
                                                    "Actual Rows": 108950,
                                                    "Actual Loops": 1
                                                },
                                                {
                                                    "Worker Number": 2,
                                                    "Actual Startup Time": 133.543,
                                                    "Actual Total Time": 133.544,
                                                    "Actual Rows": 104117,
                                                    "Actual Loops": 1
                                                },
                                                {
                                                    "Worker Number": 3,
                                                    "Actual Startup Time": 133.896,
                                                    "Actual Total Time": 133.896,
                                                    "Actual Rows": 153749,
                                                    "Actual Loops": 1
                                                },
                                                {
                                                    "Worker Number": 4,
                                                    "Actual Startup Time": 134.206,
                                                    "Actual Total Time": 134.207,
                                                    "Actual Rows": 153838,
                                                    "Actual Loops": 1
                                                },
                                                {
                                                    "Worker Number": 5,
                                                    "Actual Startup Time": 134.601,
                                                    "Actual Total Time": 134.602,
                                                    "Actual Rows": 142424,
                                                    "Actual Loops": 1
                                                }
                                            ],
                                            "Plans": [
                                                {
                                                    "Node Type": "Seq Scan",
                                                    "Parent Relationship": "Outer",
                                                    "Parallel Aware": true,
                                                    "Relation Name": "title",
                                                    "Schema": "public",
                                                    "Alias": "t",
                                                    "Startup Cost": 0.0,
                                                    "Total Cost": 43899.01,
                                                    "Plan Rows": 252933,
                                                    "Plan Width": 4,
                                                    "Actual Startup Time": 0.046,
                                                    "Actual Total Time": 74.212,
                                                    "Actual Rows": 144703,
                                                    "Actual Loops": 7,
                                                    "Output": [
                                                        "t.id"
                                                    ],
                                                    "Filter": "(t.production_year > 2005)",
                                                    "Rows Removed by Filter": 216485,
                                                    "Workers": [
                                                        {
                                                            "Worker Number": 0,
                                                            "Actual Startup Time": 0.055,
                                                            "Actual Total Time": 77.195,
                                                            "Actual Rows": 110685,
                                                            "Actual Loops": 1
                                                        },
                                                        {
                                                            "Worker Number": 1,
                                                            "Actual Startup Time": 0.059,
                                                            "Actual Total Time": 77.103,
                                                            "Actual Rows": 108950,
                                                            "Actual Loops": 1
                                                        },
                                                        {
                                                            "Worker Number": 2,
                                                            "Actual Startup Time": 0.028,
                                                            "Actual Total Time": 75.142,
                                                            "Actual Rows": 104117,
                                                            "Actual Loops": 1
                                                        },
                                                        {
                                                            "Worker Number": 3,
                                                            "Actual Startup Time": 0.061,
                                                            "Actual Total Time": 74.884,
                                                            "Actual Rows": 153749,
                                                            "Actual Loops": 1
                                                        },
                                                        {
                                                            "Worker Number": 4,
                                                            "Actual Startup Time": 0.056,
                                                            "Actual Total Time": 75.965,
                                                            "Actual Rows": 153838,
                                                            "Actual Loops": 1
                                                        },
                                                        {
                                                            "Worker Number": 5,
                                                            "Actual Startup Time": 0.05,
                                                            "Actual Total Time": 74.175,
                                                            "Actual Rows": 142424,
                                                            "Actual Loops": 1
                                                        }
                                                    ]
                                                }
                                            ]
                                        }
                                    ]
                                }
                            ]
                        }
                    ]
                }
            ]
        },
        "Planning Time": 182.253,
        "Triggers": [],
        "Execution Time": 1868.532
    }
]