{
  "Plan": {
    "Node Type": "Aggregate",
    "Strategy": "Plain",
    "Partial Mode": "Finalize",
    "Parallel Aware": false,
    "Startup Cost": 110138.52,
    "Total Cost": 110138.53,
    "Plan Rows": 1,
    "Plan Width": 8,
    "Actual Startup Time": 197.208,
    "Actual Total Time": 212.838,
    "Actual Rows": 1,
    "Actual Loops": 1,
    "Plans": [
      {
        "Node Type": "Gather",
        "Parent Relationship": "Outer",
        "Parallel Aware": false,
        "Startup Cost": 110138.41,
        "Total Cost": 110138.52,
        "Plan Rows": 1,
        "Plan Width": 8,
        "Actual Startup Time": 197.084,
        "Actual Total Time": 212.831,
        "Actual Rows": 2,
        "Actual Loops": 1,
        "Workers Planned": 1,
        "Workers Launched": 1,
        "Single Copy": false,
        "Plans": [
          {
            "Node Type": "Aggregate",
            "Strategy": "Plain",
            "Partial Mode": "Partial",
            "Parent Relationship": "Outer",
            "Parallel Aware": false,
            "Startup Cost": 109138.41,
            "Total Cost": 109138.42,
            "Plan Rows": 1,
            "Plan Width": 8,
            "Actual Startup Time": 191.219,
            "Actual Total Time": 191.22,
            "Actual Rows": 1,
            "Actual Loops": 2,
            "Plans": [
              {
                "Node Type": "Nested Loop",
                "Parent Relationship": "Outer",
                "Parallel Aware": false,
                "Join Type": "Inner",
                "Startup Cost": 0.43,
                "Total Cost": 109110.58,
                "Plan Rows": 11131,
                "Plan Width": 0,
                "Actual Startup Time": 1.314,
                "Actual Total Time": 189.979,
                "Actual Rows": 25185,
                "Actual Loops": 2,
                "Inner Unique": false,
                "Plans": [
                  {
                    "Node Type": "Seq Scan",
                    "Parent Relationship": "Outer",
                    "Parallel Aware": true,
                    "Relation Name": "title",
                    "Alias": "t",
                    "Startup Cost": 0.0,
                    "Total Cost": 58306.47,
                    "Plan Rows": 6221,
                    "Plan Width": 4,
                    "Actual Startup Time": 0.218,
                    "Actual Total Time": 141.722,
                    "Actual Rows": 5098,
                    "Actual Loops": 2,
                    "Filter": "((kind_id < 7) AND (production_year = 1992))",
                    "Rows Removed by Filter": 1259058
                  },
                  {
                    "Node Type": "Index Only Scan",
                    "Parent Relationship": "Inner",
                    "Parallel Aware": false,
                    "Scan Direction": "Forward",
                    "Index Name": "movie_id_movie_keyword",
                    "Relation Name": "movie_keyword",
                    "Alias": "mk",
                    "Startup Cost": 0.43,
                    "Total Cost": 7.72,
                    "Plan Rows": 45,
                    "Plan Width": 4,
                    "Actual Startup Time": 0.008,
                    "Actual Total Time": 0.009,
                    "Actual Rows": 5,
                    "Actual Loops": 10197,
                    "Index Cond": "(movie_id = t.id)",
                    "Rows Removed by Index Recheck": 0,
                    "Heap Fetches": 50370
                  }
                ]
              }
            ]
          }
        ]
      }
    ]
  },
  "Planning Time": 0.518,
  "Triggers": [],
  "Execution Time": 212.914
}