[
  {
    "Plan": {
      "Node Type": "Aggregate",
      "Strategy": "Plain",
      "Partial Mode": "Finalize",
      "Parallel Aware": false,
      "Startup Cost": 43689.97,
      "Total Cost": 43689.98,
      "Plan Rows": 1,
      "Plan Width": 8,
      "Actual Startup Time": 67.421,
      "Actual Total Time": 73.461,
      "Actual Rows": 1,
      "Actual Loops": 1,
      "Plans": [
        {
          "Node Type": "Gather",
          "Parent Relationship": "Outer",
          "Parallel Aware": false,
          "Startup Cost": 43689.55,
          "Total Cost": 43689.96,
          "Plan Rows": 4,
          "Plan Width": 8,
          "Actual Startup Time": 67.088,
          "Actual Total Time": 73.454,
          "Actual Rows": 5,
          "Actual Loops": 1,
          "Workers Planned": 4,
          "Workers Launched": 4,
          "Single Copy": false,
          "Plans": [
            {
              "Node Type": "Aggregate",
              "Strategy": "Plain",
              "Partial Mode": "Partial",
              "Parent Relationship": "Outer",
              "Parallel Aware": false,
              "Startup Cost": 42689.55,
              "Total Cost": 42689.56,
              "Plan Rows": 1,
              "Plan Width": 8,
              "Actual Startup Time": 56.897,
              "Actual Total Time": 56.899,
              "Actual Rows": 1,
              "Actual Loops": 5,
              "Plans": [
                {
                  "Node Type": "Nested Loop",
                  "Parent Relationship": "Outer",
                  "Parallel Aware": false,
                  "Join Type": "Inner",
                  "Startup Cost": 1824.52,
                  "Total Cost": 42688.6,
                  "Plan Rows": 377,
                  "Plan Width": 0,
                  "Actual Startup Time": 15.08,
                  "Actual Total Time": 56.615,
                  "Actual Rows": 3622,
                  "Actual Loops": 5,
                  "Inner Unique": false,
                  "Join Filter": "(t.id = mk.movie_id)",
                  "Rows Removed by Join Filter": 0,
                  "Plans": [
                    {
                      "Node Type": "Nested Loop",
                      "Parent Relationship": "Outer",
                      "Parallel Aware": false,
                      "Join Type": "Inner",
                      "Startup Cost": 1824.09,
                      "Total Cost": 42147.93,
                      "Plan Rows": 288,
                      "Plan Width": 8,
                      "Actual Startup Time": 14.758,
                      "Actual Total Time": 47.783,
                      "Actual Rows": 816,
                      "Actual Loops": 5,
                      "Inner Unique": false,
                      "Plans": [
                        {
                          "Node Type": "Bitmap Heap Scan",
                          "Parent Relationship": "Outer",
                          "Parallel Aware": true,
                          "Relation Name": "title",
                          "Alias": "t",
                          "Startup Cost": 1823.66,
                          "Total Cost": 38205.01,
                          "Plan Rows": 528,
                          "Plan Width": 4,
                          "Actual Startup Time": 14.052,
                          "Actual Total Time": 39.546,
                          "Actual Rows": 599,
                          "Actual Loops": 5,
                          "Recheck Cond": "(kind_id = 3)",
                          "Rows Removed by Index Recheck": 0,
                          "Filter": "(production_year = 2001)",
                          "Rows Removed by Filter": 19508,
                          "Exact Heap Blocks": 6870,
                          "Lossy Heap Blocks": 0,
                          "Plans": [
                            {
                              "Node Type": "Bitmap Index Scan",
                              "Parent Relationship": "Outer",
                              "Parallel Aware": false,
                              "Index Name": "kind_id_title",
                              "Startup Cost": 0.0,
                              "Total Cost": 1823.13,
                              "Plan Rows": 102227,
                              "Plan Width": 0,
                              "Actual Startup Time": 18.088,
                              "Actual Total Time": 18.089,
                              "Actual Rows": 100537,
                              "Actual Loops": 1,
                              "Index Cond": "(kind_id = 3)"
                            }
                          ]
                        },
                        {
                          "Node Type": "Index Only Scan",
                          "Parent Relationship": "Inner",
                          "Parallel Aware": false,
                          "Scan Direction": "Forward",
                          "Index Name": "movie_id_movie_info_idx",
                          "Relation Name": "movie_info_idx",
                          "Alias": "mi_idx",
                          "Startup Cost": 0.43,
                          "Total Cost": 7.44,
                          "Plan Rows": 3,
                          "Plan Width": 4,
                          "Actual Startup Time": 0.012,
                          "Actual Total Time": 0.013,
                          "Actual Rows": 1,
                          "Actual Loops": 2995,
                          "Index Cond": "(movie_id = t.id)",
                          "Rows Removed by Index Recheck": 0,
                          "Heap Fetches": 4080
                        }
                      ]
                    },
                    {
                      "Node Type": "Index Scan",
                      "Parent Relationship": "Inner",
                      "Parallel Aware": false,
                      "Scan Direction": "Forward",
                      "Index Name": "movie_id_movie_keyword",
                      "Relation Name": "movie_keyword",
                      "Alias": "mk",
                      "Startup Cost": 0.43,
                      "Total Cost": 1.46,
                      "Plan Rows": 33,
                      "Plan Width": 4,
                      "Actual Startup Time": 0.009,
                      "Actual Total Time": 0.01,
                      "Actual Rows": 4,
                      "Actual Loops": 4080,
                      "Index Cond": "(movie_id = mi_idx.movie_id)",
                      "Rows Removed by Index Recheck": 0,
                      "Filter": "(keyword_id > 1556)",
                      "Rows Removed by Filter": 2
                    }
                  ]
                }
              ]
            }
          ]
        }
      ]
    },
    "Planning Time": 1.355,
    "Triggers": [],
    "Execution Time": 73.561
  }
]