[
  {
    "Plan": {
      "Node Type": "Aggregate",
      "Strategy": "Plain",
      "Partial Mode": "Simple",
      "Parallel Aware": false,
      "Startup Cost": 3235.42,
      "Total Cost": 3235.43,
      "Plan Rows": 1,
      "Plan Width": 8,
      "Actual Startup Time": 120.294,
      "Actual Total Time": 120.297,
      "Actual Rows": 1,
      "Actual Loops": 1,
      "Plans": [
        {
          "Node Type": "Nested Loop",
          "Parent Relationship": "Outer",
          "Parallel Aware": false,
          "Join Type": "Inner",
          "Startup Cost": 7.23,
          "Total Cost": 3235.06,
          "Plan Rows": 142,
          "Plan Width": 0,
          "Actual Startup Time": 1.543,
          "Actual Total Time": 118.98,
          "Actual Rows": 13224,
          "Actual Loops": 1,
          "Inner Unique": false,
          "Plans": [
            {
              "Node Type": "Nested Loop",
              "Parent Relationship": "Outer",
              "Parallel Aware": false,
              "Join Type": "Inner",
              "Startup Cost": 6.79,
              "Total Cost": 3018.6,
              "Plan Rows": 97,
              "Plan Width": 8,
              "Actual Startup Time": 1.523,
              "Actual Total Time": 22.945,
              "Actual Rows": 2739,
              "Actual Loops": 1,
              "Inner Unique": true,
              "Plans": [
                {
                  "Node Type": "Bitmap Heap Scan",
                  "Parent Relationship": "Outer",
                  "Parallel Aware": false,
                  "Relation Name": "movie_keyword",
                  "Alias": "mk",
                  "Startup Cost": 6.36,
                  "Total Cost": 926.55,
                  "Plan Rows": 249,
                  "Plan Width": 4,
                  "Actual Startup Time": 1.485,
                  "Actual Total Time": 7.004,
                  "Actual Rows": 2867,
                  "Actual Loops": 1,
                  "Recheck Cond": "(keyword_id = 731)",
                  "Rows Removed by Index Recheck": 0,
                  "Exact Heap Blocks": 2596,
                  "Lossy Heap Blocks": 0,
                  "Plans": [
                    {
                      "Node Type": "Bitmap Index Scan",
                      "Parent Relationship": "Outer",
                      "Parallel Aware": false,
                      "Index Name": "keyword_id_movie_keyword",
                      "Startup Cost": 0.0,
                      "Total Cost": 6.3,
                      "Plan Rows": 249,
                      "Plan Width": 0,
                      "Actual Startup Time": 0.889,
                      "Actual Total Time": 0.89,
                      "Actual Rows": 2867,
                      "Actual Loops": 1,
                      "Index Cond": "(keyword_id = 731)"
                    }
                  ]
                },
                {
                  "Node Type": "Index Scan",
                  "Parent Relationship": "Inner",
                  "Parallel Aware": false,
                  "Scan Direction": "Forward",
                  "Index Name": "title_pkey",
                  "Relation Name": "title",
                  "Alias": "t",
                  "Startup Cost": 0.43,
                  "Total Cost": 8.4,
                  "Plan Rows": 1,
                  "Plan Width": 4,
                  "Actual Startup Time": 0.005,
                  "Actual Total Time": 0.005,
                  "Actual Rows": 1,
                  "Actual Loops": 2867,
                  "Index Cond": "(id = mk.movie_id)",
                  "Rows Removed by Index Recheck": 0,
                  "Filter": "(kind_id < 7)",
                  "Rows Removed by Filter": 0
                }
              ]
            },
            {
              "Node Type": "Index Scan",
              "Parent Relationship": "Inner",
              "Parallel Aware": false,
              "Scan Direction": "Forward",
              "Index Name": "movie_id_movie_info",
              "Relation Name": "movie_info",
              "Alias": "mi",
              "Startup Cost": 0.43,
              "Total Cost": 2.13,
              "Plan Rows": 10,
              "Plan Width": 4,
              "Actual Startup Time": 0.01,
              "Actual Total Time": 0.034,
              "Actual Rows": 5,
              "Actual Loops": 2739,
              "Index Cond": "(movie_id = t.id)",
              "Rows Removed by Index Recheck": 0,
              "Filter": "(info_type_id < 4)",
              "Rows Removed by Filter": 54
            }
          ]
        }
      ]
    },
    "Planning Time": 1.097,
    "Triggers": [],
    "Execution Time": 120.362
  }
]