[
  {
    "Plan": {
      "Node Type": "Aggregate",
      "Strategy": "Plain",
      "Partial Mode": "Simple",
      "Parallel Aware": false,
      "Startup Cost": 3224.91,
      "Total Cost": 3224.92,
      "Plan Rows": 1,
      "Plan Width": 8,
      "Actual Startup Time": 124.117,
      "Actual Total Time": 124.121,
      "Actual Rows": 1,
      "Actual Loops": 1,
      "Plans": [
        {
          "Node Type": "Nested Loop",
          "Parent Relationship": "Outer",
          "Parallel Aware": false,
          "Join Type": "Inner",
          "Startup Cost": 7.22,
          "Total Cost": 3224.56,
          "Plan Rows": 138,
          "Plan Width": 0,
          "Actual Startup Time": 7.193,
          "Actual Total Time": 122.844,
          "Actual Rows": 13224,
          "Actual Loops": 1,
          "Inner Unique": false,
          "Plans": [
            {
              "Node Type": "Nested Loop",
              "Parent Relationship": "Outer",
              "Parallel Aware": false,
              "Join Type": "Inner",
              "Startup Cost": 6.78,
              "Total Cost": 3006.58,
              "Plan Rows": 97,
              "Plan Width": 8,
              "Actual Startup Time": 7.166,
              "Actual Total Time": 28.347,
              "Actual Rows": 2739,
              "Actual Loops": 1,
              "Inner Unique": true,
              "Plans": [
                {
                  "Node Type": "Bitmap Heap Scan",
                  "Parent Relationship": "Outer",
                  "Parallel Aware": false,
                  "Relation Name": "movie_keyword",
                  "Alias": "mk",
                  "Startup Cost": 6.35,
                  "Total Cost": 922.98,
                  "Plan Rows": 248,
                  "Plan Width": 4,
                  "Actual Startup Time": 7.099,
                  "Actual Total Time": 12.405,
                  "Actual Rows": 2867,
                  "Actual Loops": 1,
                  "Recheck Cond": "(keyword_id = 731)",
                  "Rows Removed by Index Recheck": 0,
                  "Exact Heap Blocks": 2596,
                  "Lossy Heap Blocks": 0,
                  "Plans": [
                    {
                      "Node Type": "Bitmap Index Scan",
                      "Parent Relationship": "Outer",
                      "Parallel Aware": false,
                      "Index Name": "keyword_id_movie_keyword",
                      "Startup Cost": 0.0,
                      "Total Cost": 6.29,
                      "Plan Rows": 248,
                      "Plan Width": 0,
                      "Actual Startup Time": 5.978,
                      "Actual Total Time": 5.979,
                      "Actual Rows": 2867,
                      "Actual Loops": 1,
                      "Index Cond": "(keyword_id = 731)"
                    }
                  ]
                },
                {
                  "Node Type": "Index Scan",
                  "Parent Relationship": "Inner",
                  "Parallel Aware": false,
                  "Scan Direction": "Forward",
                  "Index Name": "title_pkey",
                  "Relation Name": "title",
                  "Alias": "t",
                  "Startup Cost": 0.43,
                  "Total Cost": 8.4,
                  "Plan Rows": 1,
                  "Plan Width": 4,
                  "Actual Startup Time": 0.005,
                  "Actual Total Time": 0.005,
                  "Actual Rows": 1,
                  "Actual Loops": 2867,
                  "Index Cond": "(id = mk.movie_id)",
                  "Rows Removed by Index Recheck": 0,
                  "Filter": "(kind_id < 7)",
                  "Rows Removed by Filter": 0
                }
              ]
            },
            {
              "Node Type": "Index Scan",
              "Parent Relationship": "Inner",
              "Parallel Aware": false,
              "Scan Direction": "Forward",
              "Index Name": "movie_id_movie_info",
              "Relation Name": "movie_info",
              "Alias": "mi",
              "Startup Cost": 0.43,
              "Total Cost": 2.15,
              "Plan Rows": 10,
              "Plan Width": 4,
              "Actual Startup Time": 0.01,
              "Actual Total Time": 0.034,
              "Actual Rows": 5,
              "Actual Loops": 2739,
              "Index Cond": "(movie_id = t.id)",
              "Rows Removed by Index Recheck": 0,
              "Filter": "(info_type_id < 4)",
              "Rows Removed by Filter": 54
            }
          ]
        }
      ]
    },
    "Planning Time": 1.379,
    "Triggers": [],
    "Execution Time": 124.213
  }
]