{
  "Plan": {
    "Node Type": "Aggregate",
    "Strategy": "Plain",
    "Partial Mode": "Finalize",
    "Parallel Aware": false,
    "Startup Cost": 92061.37,
    "Total Cost": 92061.38,
    "Plan Rows": 1,
    "Plan Width": 8,
    "Actual Startup Time": 282.072,
    "Actual Total Time": 318.232,
    "Actual Rows": 1,
    "Actual Loops": 1,
    "Plans": [
      {
        "Node Type": "Gather",
        "Parent Relationship": "Outer",
        "Parallel Aware": false,
        "Startup Cost": 92061.25,
        "Total Cost": 92061.36,
        "Plan Rows": 1,
        "Plan Width": 8,
        "Actual Startup Time": 281.697,
        "Actual Total Time": 318.224,
        "Actual Rows": 2,
        "Actual Loops": 1,
        "Workers Planned": 1,
        "Workers Launched": 1,
        "Single Copy": false,
        "Plans": [
          {
            "Node Type": "Aggregate",
            "Strategy": "Plain",
            "Partial Mode": "Partial",
            "Parent Relationship": "Outer",
            "Parallel Aware": false,
            "Startup Cost": 91061.25,
            "Total Cost": 91061.26,
            "Plan Rows": 1,
            "Plan Width": 8,
            "Actual Startup Time": 275.493,
            "Actual Total Time": 275.497,
            "Actual Rows": 1,
            "Actual Loops": 2,
            "Plans": [
              {
                "Node Type": "Nested Loop",
                "Parent Relationship": "Outer",
                "Parallel Aware": false,
                "Join Type": "Inner",
                "Startup Cost": 58445.72,
                "Total Cost": 91035.02,
                "Plan Rows": 10494,
                "Plan Width": 0,
                "Actual Startup Time": 126.891,
                "Actual Total Time": 271.359,
                "Actual Rows": 78508,
                "Actual Loops": 2,
                "Inner Unique": false,
                "Join Filter": "(t.id = ci.movie_id)",
                "Rows Removed by Join Filter": 0,
                "Plans": [
                  {
                    "Node Type": "Hash Join",
                    "Parent Relationship": "Outer",
                    "Parallel Aware": true,
                    "Join Type": "Inner",
                    "Startup Cost": 58445.15,
                    "Total Cost": 84853.85,
                    "Plan Rows": 732,
                    "Plan Width": 8,
                    "Actual Startup Time": 126.803,
                    "Actual Total Time": 165.229,
                    "Actual Rows": 1101,
                    "Actual Loops": 2,
                    "Inner Unique": true,
                    "Hash Cond": "(mk.movie_id = t.id)",
                    "Plans": [
                      {
                        "Node Type": "Bitmap Heap Scan",
                        "Parent Relationship": "Outer",
                        "Parallel Aware": true,
                        "Relation Name": "movie_keyword",
                        "Alias": "mk",
                        "Startup Cost": 4663.12,
                        "Total Cost": 30732.58,
                        "Plan Rows": 129236,
                        "Plan Width": 4,
                        "Actual Startup Time": 16.987,
                        "Actual Total Time": 57.812,
                        "Actual Rows": 113464,
                        "Actual Loops": 2,
                        "Recheck Cond": "(keyword_id < 186)",
                        "Rows Removed by Index Recheck": 0,
                        "Exact Heap Blocks": 16915,
                        "Lossy Heap Blocks": 0,
                        "Plans": [
                          {
                            "Node Type": "Bitmap Index Scan",
                            "Parent Relationship": "Outer",
                            "Parallel Aware": false,
                            "Index Name": "keyword_id_movie_keyword",
                            "Startup Cost": 0.0,
                            "Total Cost": 4608.2,
                            "Plan Rows": 219702,
                            "Plan Width": 0,
                            "Actual Startup Time": 13.467,
                            "Actual Total Time": 13.468,
                            "Actual Rows": 226927,
                            "Actual Loops": 1,
                            "Index Cond": "(keyword_id < 186)"
                          }
                        ]
                      },
                      {
                        "Node Type": "Hash",
                        "Parent Relationship": "Inner",
                        "Parallel Aware": true,
                        "Startup Cost": 53676.69,
                        "Total Cost": 53676.69,
                        "Plan Rows": 8427,
                        "Plan Width": 4,
                        "Actual Startup Time": 94.887,
                        "Actual Total Time": 94.889,
                        "Actual Rows": 3789,
                        "Actual Loops": 2,
                        "Hash Buckets": 16384,
                        "Original Hash Buckets": 16384,
                        "Hash Batches": 1,
                        "Original Hash Batches": 1,
                        "Peak Memory Usage": 448,
                        "Plans": [
                          {
                            "Node Type": "Bitmap Heap Scan",
                            "Parent Relationship": "Outer",
                            "Parallel Aware": true,
                            "Relation Name": "title",
                            "Alias": "t",
                            "Startup Cost": 11826.43,
                            "Total Cost": 53676.69,
                            "Plan Rows": 8427,
                            "Plan Width": 4,
                            "Actual Startup Time": 38.48,
                            "Actual Total Time": 93.657,
                            "Actual Rows": 3789,
                            "Actual Loops": 2,
                            "Recheck Cond": "(kind_id < 2)",
                            "Rows Removed by Index Recheck": 0,
                            "Filter": "(production_year = 1999)",
                            "Rows Removed by Filter": 327624,
                            "Exact Heap Blocks": 9484,
                            "Lossy Heap Blocks": 0,
                            "Plans": [
                              {
                                "Node Type": "Bitmap Index Scan",
                                "Parent Relationship": "Outer",
                                "Parallel Aware": false,
                                "Index Name": "kind_id_title",
                                "Startup Cost": 0.0,
                                "Total Cost": 11822.85,
                                "Plan Rows": 663256,
                                "Plan Width": 0,
                                "Actual Startup Time": 40.837,
                                "Actual Total Time": 40.837,
                                "Actual Rows": 662825,
                                "Actual Loops": 1,
                                "Index Cond": "(kind_id < 2)"
                              }
                            ]
                          }
                        ]
                      }
                    ]
                  },
                  {
                    "Node Type": "Index Only Scan",
                    "Parent Relationship": "Inner",
                    "Parallel Aware": false,
                    "Scan Direction": "Forward",
                    "Index Name": "movie_id_cast_info",
                    "Relation Name": "cast_info",
                    "Alias": "ci",
                    "Startup Cost": 0.56,
                    "Total Cost": 7.98,
                    "Plan Rows": 37,
                    "Plan Width": 4,
                    "Actual Startup Time": 0.009,
                    "Actual Total Time": 0.089,
                    "Actual Rows": 71,
                    "Actual Loops": 2202,
                    "Index Cond": "(movie_id = mk.movie_id)",
                    "Rows Removed by Index Recheck": 0,
                    "Heap Fetches": 157017
                  }
                ]
              }
            ]
          }
        ]
      }
    ]
  },
  "Planning Time": 1.003,
  "Triggers": [],
  "Execution Time": 318.356
}