[
    {
        "Bao": {
            "Bao prediction": "NaN",
            "Bao recommended hint": "(no hint)"
        }
    },
    {
        "Plan": {
            "Node Type": "Aggregate",
            "Strategy": "Plain",
            "Partial Mode": "Finalize",
            "Parallel Aware": false,
            "Startup Cost": 342380.35,
            "Total Cost": 342380.36,
            "Plan Rows": 1,
            "Plan Width": 8,
            "Actual Startup Time": 966.768,
            "Actual Total Time": 1010.883,
            "Actual Rows": 1,
            "Actual Loops": 1,
            "Output": [
                "count(*)"
            ],
            "Plans": [
                {
                    "Node Type": "Gather",
                    "Parent Relationship": "Outer",
                    "Parallel Aware": false,
                    "Startup Cost": 342379.72,
                    "Total Cost": 342380.33,
                    "Plan Rows": 6,
                    "Plan Width": 8,
                    "Actual Startup Time": 966.684,
                    "Actual Total Time": 1010.873,
                    "Actual Rows": 7,
                    "Actual Loops": 1,
                    "Output": [
                        "(PARTIAL count(*))"
                    ],
                    "Workers Planned": 6,
                    "Workers Launched": 6,
                    "Single Copy": false,
                    "Plans": [
                        {
                            "Node Type": "Aggregate",
                            "Strategy": "Plain",
                            "Partial Mode": "Partial",
                            "Parent Relationship": "Outer",
                            "Parallel Aware": false,
                            "Startup Cost": 341379.72,
                            "Total Cost": 341379.73,
                            "Plan Rows": 1,
                            "Plan Width": 8,
                            "Actual Startup Time": 956.041,
                            "Actual Total Time": 956.042,
                            "Actual Rows": 1,
                            "Actual Loops": 7,
                            "Output": [
                                "PARTIAL count(*)"
                            ],
                            "Workers": [
                                {
                                    "Worker Number": 0,
                                    "Actual Startup Time": 953.433,
                                    "Actual Total Time": 953.434,
                                    "Actual Rows": 1,
                                    "Actual Loops": 1
                                },
                                {
                                    "Worker Number": 1,
                                    "Actual Startup Time": 954.102,
                                    "Actual Total Time": 954.103,
                                    "Actual Rows": 1,
                                    "Actual Loops": 1
                                },
                                {
                                    "Worker Number": 2,
                                    "Actual Startup Time": 954.08,
                                    "Actual Total Time": 954.081,
                                    "Actual Rows": 1,
                                    "Actual Loops": 1
                                },
                                {
                                    "Worker Number": 3,
                                    "Actual Startup Time": 954.306,
                                    "Actual Total Time": 954.307,
                                    "Actual Rows": 1,
                                    "Actual Loops": 1
                                },
                                {
                                    "Worker Number": 4,
                                    "Actual Startup Time": 954.999,
                                    "Actual Total Time": 954.999,
                                    "Actual Rows": 1,
                                    "Actual Loops": 1
                                },
                                {
                                    "Worker Number": 5,
                                    "Actual Startup Time": 955.332,
                                    "Actual Total Time": 955.332,
                                    "Actual Rows": 1,
                                    "Actual Loops": 1
                                }
                            ],
                            "Plans": [
                                {
                                    "Node Type": "Seq Scan",
                                    "Parent Relationship": "Outer",
                                    "Parallel Aware": true,
                                    "Relation Name": "cast_info",
                                    "Schema": "public",
                                    "Alias": "ci",
                                    "Startup Cost": 0.0,
                                    "Total Cost": 328213.62,
                                    "Plan Rows": 5266443,
                                    "Plan Width": 0,
                                    "Actual Startup Time": 69.142,
                                    "Actual Total Time": 706.258,
                                    "Actual Rows": 4500069,
                                    "Actual Loops": 7,
                                    "Output": [
                                        "id",
                                        "person_id",
                                        "movie_id",
                                        "person_role_id",
                                        "note",
                                        "nr_order",
                                        "role_id"
                                    ],
                                    "Filter": "(ci.person_id > 460338)",
                                    "Rows Removed by Filter": 677694,
                                    "Workers": [
                                        {
                                            "Worker Number": 0,
                                            "Actual Startup Time": 66.556,
                                            "Actual Total Time": 709.721,
                                            "Actual Rows": 3705995,
                                            "Actual Loops": 1
                                        },
                                        {
                                            "Worker Number": 1,
                                            "Actual Startup Time": 67.18,
                                            "Actual Total Time": 708.891,
                                            "Actual Rows": 3710400,
                                            "Actual Loops": 1
                                        },
                                        {
                                            "Worker Number": 2,
                                            "Actual Startup Time": 67.186,
                                            "Actual Total Time": 708.541,
                                            "Actual Rows": 3734534,
                                            "Actual Loops": 1
                                        },
                                        {
                                            "Worker Number": 3,
                                            "Actual Startup Time": 67.418,
                                            "Actual Total Time": 714.868,
                                            "Actual Rows": 5923301,
                                            "Actual Loops": 1
                                        },
                                        {
                                            "Worker Number": 4,
                                            "Actual Startup Time": 68.098,
                                            "Actual Total Time": 708.823,
                                            "Actual Rows": 3738359,
                                            "Actual Loops": 1
                                        },
                                        {
                                            "Worker Number": 5,
                                            "Actual Startup Time": 68.44,
                                            "Actual Total Time": 706.895,
                                            "Actual Rows": 6064929,
                                            "Actual Loops": 1
                                        }
                                    ]
                                }
                            ]
                        }
                    ]
                }
            ]
        },
        "Planning Time": 311.615,
        "Triggers": [],
        "Execution Time": 1010.991
    }
]