[
  {
    "Plan": {
      "Node Type": "Aggregate",
      "Strategy": "Plain",
      "Partial Mode": "Finalize",
      "Parallel Aware": false,
      "Startup Cost": 125996.15,
      "Total Cost": 125996.16,
      "Plan Rows": 1,
      "Plan Width": 8,
      "Actual Startup Time": 491.168,
      "Actual Total Time": 512.241,
      "Actual Rows": 1,
      "Actual Loops": 1,
      "Plans": [
        {
          "Node Type": "Gather",
          "Parent Relationship": "Outer",
          "Parallel Aware": false,
          "Startup Cost": 125995.83,
          "Total Cost": 125996.14,
          "Plan Rows": 3,
          "Plan Width": 8,
          "Actual Startup Time": 487.686,
          "Actual Total Time": 512.232,
          "Actual Rows": 4,
          "Actual Loops": 1,
          "Workers Planned": 3,
          "Workers Launched": 3,
          "Single Copy": false,
          "Plans": [
            {
              "Node Type": "Aggregate",
              "Strategy": "Plain",
              "Partial Mode": "Partial",
              "Parent Relationship": "Outer",
              "Parallel Aware": false,
              "Startup Cost": 124995.83,
              "Total Cost": 124995.84,
              "Plan Rows": 1,
              "Plan Width": 8,
              "Actual Startup Time": 475.773,
              "Actual Total Time": 475.887,
              "Actual Rows": 1,
              "Actual Loops": 4,
              "Plans": [
                {
                  "Node Type": "Hash Join",
                  "Parent Relationship": "Outer",
                  "Parallel Aware": true,
                  "Join Type": "Inner",
                  "Startup Cost": 79937.3,
                  "Total Cost": 124760.62,
                  "Plan Rows": 94084,
                  "Plan Width": 0,
                  "Actual Startup Time": 293.875,
                  "Actual Total Time": 462.116,
                  "Actual Rows": 310129,
                  "Actual Loops": 4,
                  "Inner Unique": false,
                  "Hash Cond": "(mk.movie_id = t.id)",
                  "Plans": [
                    {
                      "Node Type": "Seq Scan",
                      "Parent Relationship": "Outer",
                      "Parallel Aware": true,
                      "Relation Name": "movie_keyword",
                      "Alias": "mk",
                      "Startup Cost": 0.0,
                      "Total Cost": 39047.32,
                      "Plan Rows": 1459332,
                      "Plan Width": 4,
                      "Actual Startup Time": 0.028,
                      "Actual Total Time": 92.617,
                      "Actual Rows": 1130982,
                      "Actual Loops": 4
                    },
                    {
                      "Node Type": "Hash",
                      "Parent Relationship": "Inner",
                      "Parallel Aware": true,
                      "Startup Cost": 79280.04,
                      "Total Cost": 79280.04,
                      "Plan Rows": 52581,
                      "Plan Width": 8,
                      "Actual Startup Time": 256.411,
                      "Actual Total Time": 256.524,
                      "Actual Rows": 16376,
                      "Actual Loops": 4,
                      "Hash Buckets": 262144,
                      "Original Hash Buckets": 262144,
                      "Hash Batches": 1,
                      "Original Hash Batches": 1,
                      "Peak Memory Usage": 4672,
                      "Plans": [
                        {
                          "Node Type": "Hash Join",
                          "Parent Relationship": "Outer",
                          "Parallel Aware": true,
                          "Join Type": "Inner",
                          "Startup Cost": 47249.11,
                          "Total Cost": 79280.04,
                          "Plan Rows": 52581,
                          "Plan Width": 8,
                          "Actual Startup Time": 216.9,
                          "Actual Total Time": 251.425,
                          "Actual Rows": 16376,
                          "Actual Loops": 4,
                          "Inner Unique": true,
                          "Hash Cond": "(mc.movie_id = t.id)",
                          "Plans": [
                            {
                              "Node Type": "Seq Scan",
                              "Parent Relationship": "Outer",
                              "Parallel Aware": true,
                              "Relation Name": "movie_companies",
                              "Alias": "mc",
                              "Startup Cost": 0.0,
                              "Total Cost": 31414.82,
                              "Plan Rows": 234708,
                              "Plan Width": 4,
                              "Actual Startup Time": 32.71,
                              "Actual Total Time": 66.441,
                              "Actual Rows": 114316,
                              "Actual Loops": 4,
                              "Filter": "((company_id < 12673) AND (company_type_id > 1))",
                              "Rows Removed by Filter": 537966
                            },
                            {
                              "Node Type": "Hash",
                              "Parent Relationship": "Inner",
                              "Parallel Aware": true,
                              "Startup Cost": 45479.1,
                              "Total Cost": 45479.1,
                              "Plan Rows": 141601,
                              "Plan Width": 4,
                              "Actual Startup Time": 151.69,
                              "Actual Total Time": 151.691,
                              "Actual Rows": 111640,
                              "Actual Loops": 4,
                              "Hash Buckets": 1048576,
                              "Original Hash Buckets": 1048576,
                              "Hash Batches": 1,
                              "Original Hash Batches": 1,
                              "Peak Memory Usage": 25728,
                              "Plans": [
                                {
                                  "Node Type": "Seq Scan",
                                  "Parent Relationship": "Outer",
                                  "Parallel Aware": true,
                                  "Relation Name": "title",
                                  "Alias": "t",
                                  "Startup Cost": 0.0,
                                  "Total Cost": 45479.1,
                                  "Plan Rows": 141601,
                                  "Plan Width": 4,
                                  "Actual Startup Time": 49.167,
                                  "Actual Total Time": 107.458,
                                  "Actual Rows": 111640,
                                  "Actual Loops": 4,
                                  "Filter": "((production_year > 1965) AND (kind_id = 1))",
                                  "Rows Removed by Filter": 520438
                                }
                              ]
                            }
                          ]
                        }
                      ]
                    }
                  ]
                }
              ]
            }
          ]
        }
      ]
    },
    "Planning Time": 1.404,
    "Triggers": [],
    "Execution Time": 512.321
  }
]