[
    {
        "Bao": {
            "Bao prediction": "NaN",
            "Bao recommended hint": "(no hint)"
        }
    },
    {
        "Plan": {
            "Node Type": "Aggregate",
            "Strategy": "Plain",
            "Partial Mode": "Finalize",
            "Parallel Aware": false,
            "Startup Cost": 39640.61,
            "Total Cost": 39640.62,
            "Plan Rows": 1,
            "Plan Width": 8,
            "Actual Startup Time": 118.869,
            "Actual Total Time": 126.4,
            "Actual Rows": 1,
            "Actual Loops": 1,
            "Output": [
                "count(*)"
            ],
            "Plans": [
                {
                    "Node Type": "Gather",
                    "Parent Relationship": "Outer",
                    "Parallel Aware": false,
                    "Startup Cost": 39640.29,
                    "Total Cost": 39640.6,
                    "Plan Rows": 3,
                    "Plan Width": 8,
                    "Actual Startup Time": 118.438,
                    "Actual Total Time": 126.393,
                    "Actual Rows": 4,
                    "Actual Loops": 1,
                    "Output": [
                        "(PARTIAL count(*))"
                    ],
                    "Workers Planned": 3,
                    "Workers Launched": 3,
                    "Single Copy": false,
                    "Plans": [
                        {
                            "Node Type": "Aggregate",
                            "Strategy": "Plain",
                            "Partial Mode": "Partial",
                            "Parent Relationship": "Outer",
                            "Parallel Aware": false,
                            "Startup Cost": 38640.29,
                            "Total Cost": 38640.3,
                            "Plan Rows": 1,
                            "Plan Width": 8,
                            "Actual Startup Time": 109.868,
                            "Actual Total Time": 109.869,
                            "Actual Rows": 1,
                            "Actual Loops": 4,
                            "Output": [
                                "PARTIAL count(*)"
                            ],
                            "Workers": [
                                {
                                    "Worker Number": 0,
                                    "Actual Startup Time": 106.937,
                                    "Actual Total Time": 106.938,
                                    "Actual Rows": 1,
                                    "Actual Loops": 1
                                },
                                {
                                    "Worker Number": 1,
                                    "Actual Startup Time": 107.09,
                                    "Actual Total Time": 107.091,
                                    "Actual Rows": 1,
                                    "Actual Loops": 1
                                },
                                {
                                    "Worker Number": 2,
                                    "Actual Startup Time": 107.271,
                                    "Actual Total Time": 107.272,
                                    "Actual Rows": 1,
                                    "Actual Loops": 1
                                }
                            ],
                            "Plans": [
                                {
                                    "Node Type": "Bitmap Heap Scan",
                                    "Parent Relationship": "Outer",
                                    "Parallel Aware": true,
                                    "Relation Name": "movie_keyword",
                                    "Schema": "public",
                                    "Alias": "mk",
                                    "Startup Cost": 11551.88,
                                    "Total Cost": 38201.22,
                                    "Plan Rows": 175627,
                                    "Plan Width": 0,
                                    "Actual Startup Time": 28.534,
                                    "Actual Total Time": 102.103,
                                    "Actual Rows": 134950,
                                    "Actual Loops": 4,
                                    "Recheck Cond": "(mk.keyword_id > 34043)",
                                    "Rows Removed by Index Recheck": 0,
                                    "Exact Heap Blocks": 10490,
                                    "Lossy Heap Blocks": 0,
                                    "Workers": [
                                        {
                                            "Worker Number": 0,
                                            "Actual Startup Time": 25.651,
                                            "Actual Total Time": 99.898,
                                            "Actual Rows": 109584,
                                            "Actual Loops": 1
                                        },
                                        {
                                            "Worker Number": 1,
                                            "Actual Startup Time": 25.977,
                                            "Actual Total Time": 100.091,
                                            "Actual Rows": 107759,
                                            "Actual Loops": 1
                                        },
                                        {
                                            "Worker Number": 2,
                                            "Actual Startup Time": 25.95,
                                            "Actual Total Time": 100.209,
                                            "Actual Rows": 79146,
                                            "Actual Loops": 1
                                        }
                                    ],
                                    "Plans": [
                                        {
                                            "Node Type": "Bitmap Index Scan",
                                            "Parent Relationship": "Outer",
                                            "Parallel Aware": false,
                                            "Index Name": "keyword_id_movie_keyword",
                                            "Startup Cost": 0.0,
                                            "Total Cost": 11415.77,
                                            "Plan Rows": 544445,
                                            "Plan Width": 0,
                                            "Actual Startup Time": 33.204,
                                            "Actual Total Time": 33.205,
                                            "Actual Rows": 539799,
                                            "Actual Loops": 1,
                                            "Index Cond": "(mk.keyword_id > 34043)"
                                        }
                                    ]
                                }
                            ]
                        }
                    ]
                }
            ]
        },
        "Planning Time": 179.783,
        "Triggers": [],
        "Execution Time": 126.457
    }
]