[
  {
    "Plan": {
      "Node Type": "Aggregate",
      "Strategy": "Plain",
      "Partial Mode": "Finalize",
      "Parallel Aware": false,
      "Startup Cost": 93114.73,
      "Total Cost": 93114.74,
      "Plan Rows": 1,
      "Plan Width": 8,
      "Actual Startup Time": 318.08,
      "Actual Total Time": 324.855,
      "Actual Rows": 1,
      "Actual Loops": 1,
      "Plans": [
        {
          "Node Type": "Gather",
          "Parent Relationship": "Outer",
          "Parallel Aware": false,
          "Startup Cost": 93114.41,
          "Total Cost": 93114.72,
          "Plan Rows": 3,
          "Plan Width": 8,
          "Actual Startup Time": 316.134,
          "Actual Total Time": 324.847,
          "Actual Rows": 4,
          "Actual Loops": 1,
          "Workers Planned": 3,
          "Workers Launched": 3,
          "Single Copy": false,
          "Plans": [
            {
              "Node Type": "Aggregate",
              "Strategy": "Plain",
              "Partial Mode": "Partial",
              "Parent Relationship": "Outer",
              "Parallel Aware": false,
              "Startup Cost": 92114.41,
              "Total Cost": 92114.42,
              "Plan Rows": 1,
              "Plan Width": 8,
              "Actual Startup Time": 311.968,
              "Actual Total Time": 311.971,
              "Actual Rows": 1,
              "Actual Loops": 4,
              "Plans": [
                {
                  "Node Type": "Hash Join",
                  "Parent Relationship": "Outer",
                  "Parallel Aware": true,
                  "Join Type": "Inner",
                  "Startup Cost": 46871.36,
                  "Total Cost": 91748.36,
                  "Plan Rows": 146419,
                  "Plan Width": 0,
                  "Actual Startup Time": 126.698,
                  "Actual Total Time": 296.966,
                  "Actual Rows": 345326,
                  "Actual Loops": 4,
                  "Inner Unique": true,
                  "Hash Cond": "(mk.movie_id = t.id)",
                  "Plans": [
                    {
                      "Node Type": "Seq Scan",
                      "Parent Relationship": "Outer",
                      "Parallel Aware": true,
                      "Relation Name": "movie_keyword",
                      "Alias": "mk",
                      "Startup Cost": 0.0,
                      "Total Cost": 42695.65,
                      "Plan Rows": 830992,
                      "Plan Width": 4,
                      "Actual Startup Time": 0.012,
                      "Actual Total Time": 94.104,
                      "Actual Rows": 647750,
                      "Actual Loops": 4,
                      "Filter": "(keyword_id < 6896)",
                      "Rows Removed by Filter": 483232
                    },
                    {
                      "Node Type": "Hash",
                      "Parent Relationship": "Inner",
                      "Parallel Aware": true,
                      "Startup Cost": 45479.21,
                      "Total Cost": 45479.21,
                      "Plan Rows": 111372,
                      "Plan Width": 4,
                      "Actual Startup Time": 123.822,
                      "Actual Total Time": 123.823,
                      "Actual Rows": 134215,
                      "Actual Loops": 4,
                      "Hash Buckets": 1048576,
                      "Original Hash Buckets": 524288,
                      "Hash Batches": 1,
                      "Original Hash Batches": 1,
                      "Peak Memory Usage": 33312,
                      "Plans": [
                        {
                          "Node Type": "Seq Scan",
                          "Parent Relationship": "Outer",
                          "Parallel Aware": true,
                          "Relation Name": "title",
                          "Alias": "t",
                          "Startup Cost": 0.0,
                          "Total Cost": 45479.21,
                          "Plan Rows": 111372,
                          "Plan Width": 4,
                          "Actual Startup Time": 0.023,
                          "Actual Total Time": 78.883,
                          "Actual Rows": 134215,
                          "Actual Loops": 4,
                          "Filter": "((kind_id < 7) AND (production_year < 2002))",
                          "Rows Removed by Filter": 497863
                        }
                      ]
                    }
                  ]
                }
              ]
            }
          ]
        }
      ]
    },
    "Planning Time": 0.48,
    "Triggers": [],
    "Execution Time": 324.908
  }
]