{
  "Plan": {
    "Node Type": "Aggregate",
    "Strategy": "Plain",
    "Partial Mode": "Finalize",
    "Parallel Aware": false,
    "Startup Cost": 527802.53,
    "Total Cost": 527802.54,
    "Plan Rows": 1,
    "Plan Width": 8,
    "Actual Startup Time": 590.171,
    "Actual Total Time": 647.858,
    "Actual Rows": 1,
    "Actual Loops": 1,
    "Plans": [
      {
        "Node Type": "Gather",
        "Parent Relationship": "Outer",
        "Parallel Aware": false,
        "Startup Cost": 527802.41,
        "Total Cost": 527802.52,
        "Plan Rows": 1,
        "Plan Width": 8,
        "Actual Startup Time": 589.93,
        "Actual Total Time": 647.85,
        "Actual Rows": 2,
        "Actual Loops": 1,
        "Workers Planned": 1,
        "Workers Launched": 1,
        "Single Copy": false,
        "Plans": [
          {
            "Node Type": "Aggregate",
            "Strategy": "Plain",
            "Partial Mode": "Partial",
            "Parent Relationship": "Outer",
            "Parallel Aware": false,
            "Startup Cost": 526802.41,
            "Total Cost": 526802.42,
            "Plan Rows": 1,
            "Plan Width": 8,
            "Actual Startup Time": 586.436,
            "Actual Total Time": 586.438,
            "Actual Rows": 1,
            "Actual Loops": 2,
            "Plans": [
              {
                "Node Type": "Nested Loop",
                "Parent Relationship": "Outer",
                "Parallel Aware": false,
                "Join Type": "Inner",
                "Startup Cost": 11825.62,
                "Total Cost": 526518.62,
                "Plan Rows": 113519,
                "Plan Width": 0,
                "Actual Startup Time": 35.288,
                "Actual Total Time": 551.369,
                "Actual Rows": 847714,
                "Actual Loops": 2,
                "Inner Unique": false,
                "Join Filter": "(t.id = mi.movie_id)",
                "Rows Removed by Join Filter": 0,
                "Plans": [
                  {
                    "Node Type": "Nested Loop",
                    "Parent Relationship": "Outer",
                    "Parallel Aware": false,
                    "Join Type": "Inner",
                    "Startup Cost": 11825.18,
                    "Total Cost": 482139.75,
                    "Plan Rows": 25645,
                    "Plan Width": 8,
                    "Actual Startup Time": 35.158,
                    "Actual Total Time": 226.933,
                    "Actual Rows": 24524,
                    "Actual Loops": 2,
                    "Inner Unique": false,
                    "Plans": [
                      {
                        "Node Type": "Bitmap Heap Scan",
                        "Parent Relationship": "Outer",
                        "Parallel Aware": true,
                        "Relation Name": "title",
                        "Alias": "t",
                        "Startup Cost": 11824.62,
                        "Total Cost": 53674.88,
                        "Plan Rows": 4162,
                        "Plan Width": 4,
                        "Actual Startup Time": 34.998,
                        "Actual Total Time": 78.055,
                        "Actual Rows": 2595,
                        "Actual Loops": 2,
                        "Recheck Cond": "(kind_id = 1)",
                        "Rows Removed by Index Recheck": 0,
                        "Filter": "(production_year = 1992)",
                        "Rows Removed by Filter": 328818,
                        "Exact Heap Blocks": 7932,
                        "Lossy Heap Blocks": 0,
                        "Plans": [
                          {
                            "Node Type": "Bitmap Index Scan",
                            "Parent Relationship": "Outer",
                            "Parallel Aware": false,
                            "Index Name": "kind_id_title",
                            "Startup Cost": 0.0,
                            "Total Cost": 11822.85,
                            "Plan Rows": 663256,
                            "Plan Width": 0,
                            "Actual Startup Time": 35.69,
                            "Actual Total Time": 35.691,
                            "Actual Rows": 662825,
                            "Actual Loops": 1,
                            "Index Cond": "(kind_id = 1)"
                          }
                        ]
                      },
                      {
                        "Node Type": "Index Scan",
                        "Parent Relationship": "Inner",
                        "Parallel Aware": false,
                        "Scan Direction": "Forward",
                        "Index Name": "movie_id_cast_info",
                        "Relation Name": "cast_info",
                        "Alias": "ci",
                        "Startup Cost": 0.56,
                        "Total Cost": 102.79,
                        "Plan Rows": 16,
                        "Plan Width": 4,
                        "Actual Startup Time": 0.01,
                        "Actual Total Time": 0.056,
                        "Actual Rows": 9,
                        "Actual Loops": 5190,
                        "Index Cond": "(movie_id = t.id)",
                        "Rows Removed by Index Recheck": 0,
                        "Filter": "((person_id < 1972692) AND (role_id < 8))",
                        "Rows Removed by Filter": 9
                      }
                    ]
                  },
                  {
                    "Node Type": "Index Scan",
                    "Parent Relationship": "Inner",
                    "Parallel Aware": false,
                    "Scan Direction": "Forward",
                    "Index Name": "movie_id_movie_info",
                    "Relation Name": "movie_info",
                    "Alias": "mi",
                    "Startup Cost": 0.43,
                    "Total Cost": 1.33,
                    "Plan Rows": 32,
                    "Plan Width": 4,
                    "Actual Startup Time": 0.002,
                    "Actual Total Time": 0.01,
                    "Actual Rows": 35,
                    "Actual Loops": 49049,
                    "Index Cond": "(movie_id = ci.movie_id)",
                    "Rows Removed by Index Recheck": 0,
                    "Filter": "(info_type_id > 3)",
                    "Rows Removed by Filter": 4
                  }
                ]
              }
            ]
          }
        ]
      }
    ]
  },
  "Planning Time": 0.666,
  "Triggers": [],
  "Execution Time": 647.961
}