{
  "Plan": {
    "Node Type": "Aggregate",
    "Strategy": "Plain",
    "Partial Mode": "Simple",
    "Parallel Aware": false,
    "Startup Cost": 92672.59,
    "Total Cost": 92672.6,
    "Plan Rows": 1,
    "Plan Width": 8,
    "Actual Startup Time": 752.882,
    "Actual Total Time": 752.885,
    "Actual Rows": 1,
    "Actual Loops": 1,
    "Plans": [
      {
        "Node Type": "Hash Join",
        "Parent Relationship": "Outer",
        "Parallel Aware": false,
        "Join Type": "Inner",
        "Startup Cost": 91612.48,
        "Total Cost": 92671.65,
        "Plan Rows": 378,
        "Plan Width": 0,
        "Actual Startup Time": 752.737,
        "Actual Total Time": 752.872,
        "Actual Rows": 130,
        "Actual Loops": 1,
        "Inner Unique": true,
        "Hash Cond": "(ci.movie_id = t.id)",
        "Plans": [
          {
            "Node Type": "Index Scan",
            "Parent Relationship": "Outer",
            "Parallel Aware": false,
            "Scan Direction": "Forward",
            "Index Name": "person_id_cast_info",
            "Relation Name": "cast_info",
            "Alias": "ci",
            "Startup Cost": 0.56,
            "Total Cost": 1058.43,
            "Plan Rows": 497,
            "Plan Width": 4,
            "Actual Startup Time": 0.143,
            "Actual Total Time": 0.167,
            "Actual Rows": 130,
            "Actual Loops": 1,
            "Index Cond": "(person_id = 2033433)",
            "Rows Removed by Index Recheck": 0
          },
          {
            "Node Type": "Hash",
            "Parent Relationship": "Inner",
            "Parallel Aware": false,
            "Startup Cost": 67601.66,
            "Total Cost": 67601.66,
            "Plan Rows": 1920820,
            "Plan Width": 4,
            "Actual Startup Time": 746.595,
            "Actual Total Time": 746.596,
            "Actual Rows": 1922849,
            "Actual Loops": 1,
            "Hash Buckets": 2097152,
            "Original Hash Buckets": 2097152,
            "Hash Batches": 1,
            "Original Hash Batches": 1,
            "Peak Memory Usage": 83985,
            "Plans": [
              {
                "Node Type": "Seq Scan",
                "Parent Relationship": "Outer",
                "Parallel Aware": false,
                "Relation Name": "title",
                "Alias": "t",
                "Startup Cost": 0.0,
                "Total Cost": 67601.66,
                "Plan Rows": 1920820,
                "Plan Width": 4,
                "Actual Startup Time": 0.033,
                "Actual Total Time": 335.018,
                "Actual Rows": 1922849,
                "Actual Loops": 1,
                "Filter": "(production_year < 2010)",
                "Rows Removed by Filter": 605463
              }
            ]
          }
        ]
      }
    ]
  },
  "Planning Time": 0.676,
  "Triggers": [],
  "Execution Time": 753.709
}