[
  {
    "Plan": {
      "Node Type": "Aggregate",
      "Strategy": "Plain",
      "Partial Mode": "Finalize",
      "Parallel Aware": false,
      "Startup Cost": 29247.48,
      "Total Cost": 29247.49,
      "Plan Rows": 1,
      "Plan Width": 8,
      "Actual Startup Time": 55.645,
      "Actual Total Time": 62.114,
      "Actual Rows": 1,
      "Actual Loops": 1,
      "Plans": [
        {
          "Node Type": "Gather",
          "Parent Relationship": "Outer",
          "Parallel Aware": false,
          "Startup Cost": 29247.16,
          "Total Cost": 29247.47,
          "Plan Rows": 3,
          "Plan Width": 8,
          "Actual Startup Time": 55.417,
          "Actual Total Time": 62.107,
          "Actual Rows": 4,
          "Actual Loops": 1,
          "Workers Planned": 3,
          "Workers Launched": 3,
          "Single Copy": false,
          "Plans": [
            {
              "Node Type": "Aggregate",
              "Strategy": "Plain",
              "Partial Mode": "Partial",
              "Parent Relationship": "Outer",
              "Parallel Aware": false,
              "Startup Cost": 28247.16,
              "Total Cost": 28247.17,
              "Plan Rows": 1,
              "Plan Width": 8,
              "Actual Startup Time": 49.325,
              "Actual Total Time": 49.326,
              "Actual Rows": 1,
              "Actual Loops": 4,
              "Plans": [
                {
                  "Node Type": "Bitmap Heap Scan",
                  "Parent Relationship": "Outer",
                  "Parallel Aware": true,
                  "Relation Name": "movie_keyword",
                  "Alias": "mk",
                  "Startup Cost": 3088.72,
                  "Total Cost": 28129.75,
                  "Plan Rows": 46963,
                  "Plan Width": 0,
                  "Actual Startup Time": 6.318,
                  "Actual Total Time": 46.871,
                  "Actual Rows": 36438,
                  "Actual Loops": 4,
                  "Recheck Cond": "(keyword_id > 74287)",
                  "Rows Removed by Index Recheck": 0,
                  "Exact Heap Blocks": 11197,
                  "Lossy Heap Blocks": 0,
                  "Plans": [
                    {
                      "Node Type": "Bitmap Index Scan",
                      "Parent Relationship": "Outer",
                      "Parallel Aware": false,
                      "Index Name": "keyword_id_movie_keyword",
                      "Startup Cost": 0.0,
                      "Total Cost": 3052.32,
                      "Plan Rows": 145585,
                      "Plan Width": 0,
                      "Actual Startup Time": 9.294,
                      "Actual Total Time": 9.294,
                      "Actual Rows": 145754,
                      "Actual Loops": 1,
                      "Index Cond": "(keyword_id > 74287)"
                    }
                  ]
                }
              ]
            }
          ]
        }
      ]
    },
    "Planning Time": 0.079,
    "Triggers": [],
    "Execution Time": 62.148
  }
]