[
  {
    "Plan": {
      "Node Type": "Aggregate",
      "Strategy": "Plain",
      "Partial Mode": "Finalize",
      "Parallel Aware": false,
      "Startup Cost": 46764.71,
      "Total Cost": 46764.72,
      "Plan Rows": 1,
      "Plan Width": 8,
      "Actual Startup Time": 121.6,
      "Actual Total Time": 138.261,
      "Actual Rows": 1,
      "Actual Loops": 1,
      "Plans": [
        {
          "Node Type": "Gather",
          "Parent Relationship": "Outer",
          "Parallel Aware": false,
          "Startup Cost": 46764.29,
          "Total Cost": 46764.7,
          "Plan Rows": 4,
          "Plan Width": 8,
          "Actual Startup Time": 121.448,
          "Actual Total Time": 138.249,
          "Actual Rows": 5,
          "Actual Loops": 1,
          "Workers Planned": 4,
          "Workers Launched": 4,
          "Single Copy": false,
          "Plans": [
            {
              "Node Type": "Aggregate",
              "Strategy": "Plain",
              "Partial Mode": "Partial",
              "Parent Relationship": "Outer",
              "Parallel Aware": false,
              "Startup Cost": 45764.29,
              "Total Cost": 45764.3,
              "Plan Rows": 1,
              "Plan Width": 8,
              "Actual Startup Time": 112.444,
              "Actual Total Time": 112.446,
              "Actual Rows": 1,
              "Actual Loops": 5,
              "Plans": [
                {
                  "Node Type": "Seq Scan",
                  "Parent Relationship": "Outer",
                  "Parallel Aware": true,
                  "Relation Name": "title",
                  "Alias": "t",
                  "Startup Cost": 0.0,
                  "Total Cost": 45479.59,
                  "Plan Rows": 113881,
                  "Plan Width": 0,
                  "Actual Startup Time": 0.061,
                  "Actual Total Time": 107.331,
                  "Actual Rows": 66002,
                  "Actual Loops": 5,
                  "Filter": "((kind_id > 2) AND (production_year < 1989))",
                  "Rows Removed by Filter": 439660
                }
              ]
            }
          ]
        }
      ]
    },
    "Planning Time": 0.168,
    "Triggers": [],
    "Execution Time": 138.318
  }
]