[
  {
    "Plan": {
      "Node Type": "Aggregate",
      "Strategy": "Plain",
      "Partial Mode": "Finalize",
      "Parallel Aware": false,
      "Startup Cost": 46312.46,
      "Total Cost": 46312.47,
      "Plan Rows": 1,
      "Plan Width": 8,
      "Actual Startup Time": 188.987,
      "Actual Total Time": 201.54,
      "Actual Rows": 1,
      "Actual Loops": 1,
      "Plans": [
        {
          "Node Type": "Gather",
          "Parent Relationship": "Outer",
          "Parallel Aware": false,
          "Startup Cost": 46312.14,
          "Total Cost": 46312.45,
          "Plan Rows": 3,
          "Plan Width": 8,
          "Actual Startup Time": 188.83,
          "Actual Total Time": 201.53,
          "Actual Rows": 4,
          "Actual Loops": 1,
          "Workers Planned": 3,
          "Workers Launched": 3,
          "Single Copy": false,
          "Plans": [
            {
              "Node Type": "Aggregate",
              "Strategy": "Plain",
              "Partial Mode": "Partial",
              "Parent Relationship": "Outer",
              "Parallel Aware": false,
              "Startup Cost": 45312.14,
              "Total Cost": 45312.15,
              "Plan Rows": 1,
              "Plan Width": 8,
              "Actual Startup Time": 184.876,
              "Actual Total Time": 184.878,
              "Actual Rows": 1,
              "Actual Loops": 4,
              "Plans": [
                {
                  "Node Type": "Seq Scan",
                  "Parent Relationship": "Outer",
                  "Parallel Aware": true,
                  "Relation Name": "movie_keyword",
                  "Alias": "mk",
                  "Startup Cost": 0.0,
                  "Total Cost": 42695.65,
                  "Plan Rows": 1046596,
                  "Plan Width": 0,
                  "Actual Startup Time": 0.075,
                  "Actual Total Time": 141.016,
                  "Actual Rows": 811088,
                  "Actual Loops": 4,
                  "Filter": "(keyword_id > 1651)",
                  "Rows Removed by Filter": 319895
                }
              ]
            }
          ]
        }
      ]
    },
    "Planning Time": 0.071,
    "Triggers": [],
    "Execution Time": 201.563
  }
]