{
    "Plan": {
        "Node Type": "Aggregate",
        "Strategy": "Plain",
        "Partial Mode": "Finalize",
        "Parallel Aware": false,
        "Startup Cost": 90130.23,
        "Total Cost": 90130.24,
        "Plan Rows": 1,
        "Plan Width": 8,
        "Actual Startup Time": 303.974,
        "Actual Total Time": 329.466,
        "Actual Rows": 1,
        "Actual Loops": 1,
        "Output": [
            "count(*)"
        ],
        "Plans": [
            {
                "Node Type": "Gather",
                "Parent Relationship": "Outer",
                "Parallel Aware": false,
                "Startup Cost": 90129.91,
                "Total Cost": 90130.22,
                "Plan Rows": 3,
                "Plan Width": 8,
                "Actual Startup Time": 303.197,
                "Actual Total Time": 329.457,
                "Actual Rows": 4,
                "Actual Loops": 1,
                "Output": [
                    "(PARTIAL count(*))"
                ],
                "Workers Planned": 3,
                "Workers Launched": 3,
                "Single Copy": false,
                "Plans": [
                    {
                        "Node Type": "Aggregate",
                        "Strategy": "Plain",
                        "Partial Mode": "Partial",
                        "Parent Relationship": "Outer",
                        "Parallel Aware": false,
                        "Startup Cost": 89129.91,
                        "Total Cost": 89129.92,
                        "Plan Rows": 1,
                        "Plan Width": 8,
                        "Actual Startup Time": 296.562,
                        "Actual Total Time": 296.565,
                        "Actual Rows": 1,
                        "Actual Loops": 4,
                        "Output": [
                            "PARTIAL count(*)"
                        ],
                        "Workers": [
                            {
                                "Worker Number": 0,
                                "Actual Startup Time": 293.959,
                                "Actual Total Time": 293.962,
                                "Actual Rows": 1,
                                "Actual Loops": 1
                            },
                            {
                                "Worker Number": 1,
                                "Actual Startup Time": 294.973,
                                "Actual Total Time": 294.976,
                                "Actual Rows": 1,
                                "Actual Loops": 1
                            },
                            {
                                "Worker Number": 2,
                                "Actual Startup Time": 294.799,
                                "Actual Total Time": 294.802,
                                "Actual Rows": 1,
                                "Actual Loops": 1
                            }
                        ],
                        "Plans": [
                            {
                                "Node Type": "Hash Join",
                                "Parent Relationship": "Outer",
                                "Parallel Aware": true,
                                "Join Type": "Inner",
                                "Startup Cost": 44264.29,
                                "Total Cost": 89038.39,
                                "Plan Rows": 36607,
                                "Plan Width": 0,
                                "Actual Startup Time": 110.391,
                                "Actual Total Time": 295.215,
                                "Actual Rows": 24262,
                                "Actual Loops": 4,
                                "Inner Unique": true,
                                "Hash Cond": "(mk.movie_id = t.id)",
                                "Workers": [
                                    {
                                        "Worker Number": 0,
                                        "Actual Startup Time": 107.804,
                                        "Actual Total Time": 292.632,
                                        "Actual Rows": 26215,
                                        "Actual Loops": 1
                                    },
                                    {
                                        "Worker Number": 1,
                                        "Actual Startup Time": 108.865,
                                        "Actual Total Time": 293.732,
                                        "Actual Rows": 24152,
                                        "Actual Loops": 1
                                    },
                                    {
                                        "Worker Number": 2,
                                        "Actual Startup Time": 108.643,
                                        "Actual Total Time": 293.533,
                                        "Actual Rows": 24294,
                                        "Actual Loops": 1
                                    }
                                ],
                                "Plans": [
                                    {
                                        "Node Type": "Seq Scan",
                                        "Parent Relationship": "Outer",
                                        "Parallel Aware": true,
                                        "Relation Name": "movie_keyword",
                                        "Schema": "public",
                                        "Alias": "mk",
                                        "Startup Cost": 0.0,
                                        "Total Cost": 42695.65,
                                        "Plan Rows": 791788,
                                        "Plan Width": 4,
                                        "Actual Startup Time": 0.194,
                                        "Actual Total Time": 128.477,
                                        "Actual Rows": 614989,
                                        "Actual Loops": 4,
                                        "Output": [
                                            "mk.id",
                                            "mk.movie_id",
                                            "mk.keyword_id"
                                        ],
                                        "Filter": "(mk.keyword_id > 3662)",
                                        "Rows Removed by Filter": 515994,
                                        "Workers": [
                                            {
                                                "Worker Number": 0,
                                                "Actual Startup Time": 0.193,
                                                "Actual Total Time": 131.278,
                                                "Actual Rows": 650240,
                                                "Actual Loops": 1
                                            },
                                            {
                                                "Worker Number": 1,
                                                "Actual Startup Time": 0.177,
                                                "Actual Total Time": 130.103,
                                                "Actual Rows": 609713,
                                                "Actual Loops": 1
                                            },
                                            {
                                                "Worker Number": 2,
                                                "Actual Startup Time": 0.178,
                                                "Actual Total Time": 131.212,
                                                "Actual Rows": 650969,
                                                "Actual Loops": 1
                                            }
                                        ]
                                    },
                                    {
                                        "Node Type": "Hash",
                                        "Parent Relationship": "Inner",
                                        "Parallel Aware": true,
                                        "Startup Cost": 43899.01,
                                        "Total Cost": 43899.01,
                                        "Plan Rows": 29223,
                                        "Plan Width": 4,
                                        "Actual Startup Time": 108.549,
                                        "Actual Total Time": 108.55,
                                        "Actual Rows": 29891,
                                        "Actual Loops": 4,
                                        "Output": [
                                            "t.id"
                                        ],
                                        "Hash Buckets": 131072,
                                        "Original Hash Buckets": 131072,
                                        "Hash Batches": 1,
                                        "Original Hash Batches": 1,
                                        "Peak Memory Usage": 5760,
                                        "Workers": [
                                            {
                                                "Worker Number": 0,
                                                "Actual Startup Time": 107.071,
                                                "Actual Total Time": 107.072,
                                                "Actual Rows": 29792,
                                                "Actual Loops": 1
                                            },
                                            {
                                                "Worker Number": 1,
                                                "Actual Startup Time": 108.154,
                                                "Actual Total Time": 108.155,
                                                "Actual Rows": 26828,
                                                "Actual Loops": 1
                                            },
                                            {
                                                "Worker Number": 2,
                                                "Actual Startup Time": 107.888,
                                                "Actual Total Time": 107.889,
                                                "Actual Rows": 29675,
                                                "Actual Loops": 1
                                            }
                                        ],
                                        "Plans": [
                                            {
                                                "Node Type": "Seq Scan",
                                                "Parent Relationship": "Outer",
                                                "Parallel Aware": true,
                                                "Relation Name": "title",
                                                "Schema": "public",
                                                "Alias": "t",
                                                "Startup Cost": 0.0,
                                                "Total Cost": 43899.01,
                                                "Plan Rows": 29223,
                                                "Plan Width": 4,
                                                "Actual Startup Time": 0.053,
                                                "Actual Total Time": 96.983,
                                                "Actual Rows": 29891,
                                                "Actual Loops": 4,
                                                "Output": [
                                                    "t.id"
                                                ],
                                                "Filter": "(t.production_year = 2007)",
                                                "Rows Removed by Filter": 602187,
                                                "Workers": [
                                                    {
                                                        "Worker Number": 0,
                                                        "Actual Startup Time": 0.056,
                                                        "Actual Total Time": 96.16,
                                                        "Actual Rows": 29792,
                                                        "Actual Loops": 1
                                                    },
                                                    {
                                                        "Worker Number": 1,
                                                        "Actual Startup Time": 0.051,
                                                        "Actual Total Time": 96.023,
                                                        "Actual Rows": 26828,
                                                        "Actual Loops": 1
                                                    },
                                                    {
                                                        "Worker Number": 2,
                                                        "Actual Startup Time": 0.058,
                                                        "Actual Total Time": 96.726,
                                                        "Actual Rows": 29675,
                                                        "Actual Loops": 1
                                                    }
                                                ]
                                            }
                                        ]
                                    }
                                ]
                            }
                        ]
                    }
                ]
            }
        ]
    },
    "Planning Time": 0.687,
    "Triggers": [],
    "Execution Time": 329.54
}