{
  "Plan": {
    "Node Type": "Aggregate",
    "Strategy": "Plain",
    "Partial Mode": "Finalize",
    "Parallel Aware": false,
    "Startup Cost": 109809.75,
    "Total Cost": 109809.76,
    "Plan Rows": 1,
    "Plan Width": 8,
    "Actual Startup Time": 715.557,
    "Actual Total Time": 728.201,
    "Actual Rows": 1,
    "Actual Loops": 1,
    "Plans": [
      {
        "Node Type": "Gather",
        "Parent Relationship": "Outer",
        "Parallel Aware": false,
        "Startup Cost": 109809.64,
        "Total Cost": 109809.75,
        "Plan Rows": 1,
        "Plan Width": 8,
        "Actual Startup Time": 714.13,
        "Actual Total Time": 728.194,
        "Actual Rows": 2,
        "Actual Loops": 1,
        "Workers Planned": 1,
        "Workers Launched": 1,
        "Single Copy": false,
        "Plans": [
          {
            "Node Type": "Aggregate",
            "Strategy": "Plain",
            "Partial Mode": "Partial",
            "Parent Relationship": "Outer",
            "Parallel Aware": false,
            "Startup Cost": 108809.64,
            "Total Cost": 108809.65,
            "Plan Rows": 1,
            "Plan Width": 8,
            "Actual Startup Time": 708.417,
            "Actual Total Time": 708.42,
            "Actual Rows": 1,
            "Actual Loops": 2,
            "Plans": [
              {
                "Node Type": "Hash Join",
                "Parent Relationship": "Outer",
                "Parallel Aware": true,
                "Join Type": "Inner",
                "Startup Cost": 45901.55,
                "Total Cost": 107991.68,
                "Plan Rows": 327186,
                "Plan Width": 0,
                "Actual Startup Time": 227.143,
                "Actual Total Time": 691.266,
                "Actual Rows": 426084,
                "Actual Loops": 2,
                "Inner Unique": false,
                "Hash Cond": "(t.id = mc.movie_id)",
                "Plans": [
                  {
                    "Node Type": "Seq Scan",
                    "Parent Relationship": "Outer",
                    "Parallel Aware": true,
                    "Relation Name": "title",
                    "Alias": "t",
                    "Startup Cost": 0.0,
                    "Total Cost": 50870.31,
                    "Plan Rows": 1487231,
                    "Plan Width": 4,
                    "Actual Startup Time": 0.008,
                    "Actual Total Time": 112.363,
                    "Actual Rows": 1264156,
                    "Actual Loops": 2
                  },
                  {
                    "Node Type": "Hash",
                    "Parent Relationship": "Inner",
                    "Parallel Aware": true,
                    "Startup Cost": 41811.73,
                    "Total Cost": 41811.73,
                    "Plan Rows": 327186,
                    "Plan Width": 4,
                    "Actual Startup Time": 218.035,
                    "Actual Total Time": 218.036,
                    "Actual Rows": 426084,
                    "Actual Loops": 2,
                    "Hash Buckets": 1048576,
                    "Original Hash Buckets": 1048576,
                    "Hash Batches": 1,
                    "Original Hash Batches": 1,
                    "Peak Memory Usage": 41568,
                    "Plans": [
                      {
                        "Node Type": "Seq Scan",
                        "Parent Relationship": "Outer",
                        "Parallel Aware": true,
                        "Relation Name": "movie_companies",
                        "Alias": "mc",
                        "Startup Cost": 0.0,
                        "Total Cost": 41811.73,
                        "Plan Rows": 327186,
                        "Plan Width": 4,
                        "Actual Startup Time": 62.524,
                        "Actual Total Time": 130.817,
                        "Actual Rows": 426084,
                        "Actual Loops": 2,
                        "Filter": "((company_id > 14056) AND (company_type_id = 2))",
                        "Rows Removed by Filter": 878481
                      }
                    ]
                  }
                ]
              }
            ]
          }
        ]
      }
    ]
  },
  "Planning Time": 0.705,
  "Triggers": [],
  "Execution Time": 728.272
}