{
  "Plan": {
    "Node Type": "Aggregate",
    "Strategy": "Plain",
    "Partial Mode": "Finalize",
    "Parallel Aware": false,
    "Startup Cost": 539760.16,
    "Total Cost": 539760.17,
    "Plan Rows": 1,
    "Plan Width": 8,
    "Actual Startup Time": 2413.813,
    "Actual Total Time": 2462.865,
    "Actual Rows": 1,
    "Actual Loops": 1,
    "Plans": [
      {
        "Node Type": "Gather",
        "Parent Relationship": "Outer",
        "Parallel Aware": false,
        "Startup Cost": 539760.04,
        "Total Cost": 539760.15,
        "Plan Rows": 1,
        "Plan Width": 8,
        "Actual Startup Time": 2412.811,
        "Actual Total Time": 2462.857,
        "Actual Rows": 2,
        "Actual Loops": 1,
        "Workers Planned": 1,
        "Workers Launched": 1,
        "Single Copy": false,
        "Plans": [
          {
            "Node Type": "Aggregate",
            "Strategy": "Plain",
            "Partial Mode": "Partial",
            "Parent Relationship": "Outer",
            "Parallel Aware": false,
            "Startup Cost": 538760.04,
            "Total Cost": 538760.05,
            "Plan Rows": 1,
            "Plan Width": 8,
            "Actual Startup Time": 2405.744,
            "Actual Total Time": 2405.751,
            "Actual Rows": 1,
            "Actual Loops": 2,
            "Plans": [
              {
                "Node Type": "Hash Join",
                "Parent Relationship": "Outer",
                "Parallel Aware": true,
                "Join Type": "Inner",
                "Startup Cost": 250077.47,
                "Total Cost": 536637.79,
                "Plan Rows": 848903,
                "Plan Width": 0,
                "Actual Startup Time": 979.442,
                "Actual Total Time": 2386.312,
                "Actual Rows": 467898,
                "Actual Loops": 2,
                "Inner Unique": false,
                "Hash Cond": "(mi.movie_id = t.id)",
                "Plans": [
                  {
                    "Node Type": "Seq Scan",
                    "Parent Relationship": "Outer",
                    "Parallel Aware": true,
                    "Relation Name": "movie_info",
                    "Alias": "mi",
                    "Startup Cost": 0.0,
                    "Total Cost": 248955.74,
                    "Plan Rows": 8696274,
                    "Plan Width": 4,
                    "Actual Startup Time": 0.016,
                    "Actual Total Time": 651.333,
                    "Actual Rows": 7417860,
                    "Actual Loops": 2
                  },
                  {
                    "Node Type": "Hash",
                    "Parent Relationship": "Inner",
                    "Parallel Aware": true,
                    "Startup Cost": 248262.74,
                    "Total Cost": 248262.74,
                    "Plan Rows": 145179,
                    "Plan Width": 8,
                    "Actual Startup Time": 974.509,
                    "Actual Total Time": 974.514,
                    "Actual Rows": 63952,
                    "Actual Loops": 2,
                    "Hash Buckets": 262144,
                    "Original Hash Buckets": 262144,
                    "Hash Batches": 1,
                    "Original Hash Batches": 1,
                    "Peak Memory Usage": 7072,
                    "Plans": [
                      {
                        "Node Type": "Hash Join",
                        "Parent Relationship": "Outer",
                        "Parallel Aware": true,
                        "Join Type": "Inner",
                        "Startup Cost": 60474.77,
                        "Total Cost": 248262.74,
                        "Plan Rows": 145179,
                        "Plan Width": 8,
                        "Actual Startup Time": 185.477,
                        "Actual Total Time": 953.178,
                        "Actual Rows": 63952,
                        "Actual Loops": 2,
                        "Inner Unique": true,
                        "Hash Cond": "(ci.movie_id = t.id)",
                        "Plans": [
                          {
                            "Node Type": "Index Scan",
                            "Parent Relationship": "Outer",
                            "Parallel Aware": true,
                            "Scan Direction": "Forward",
                            "Index Name": "role_id_cast_info",
                            "Relation Name": "cast_info",
                            "Alias": "ci",
                            "Startup Cost": 0.56,
                            "Total Cost": 184520.29,
                            "Plan Rows": 1245044,
                            "Plan Width": 4,
                            "Actual Startup Time": 0.059,
                            "Actual Total Time": 457.582,
                            "Actual Rows": 2260743,
                            "Actual Loops": 2,
                            "Index Cond": "(role_id > 8)",
                            "Rows Removed by Index Recheck": 0,
                            "Filter": "(person_id > 2340682)",
                            "Rows Removed by Filter": 605604
                          },
                          {
                            "Node Type": "Hash",
                            "Parent Relationship": "Inner",
                            "Parallel Aware": true,
                            "Startup Cost": 58306.47,
                            "Total Cost": 58306.47,
                            "Plan Rows": 173419,
                            "Plan Width": 4,
                            "Actual Startup Time": 179.701,
                            "Actual Total Time": 179.703,
                            "Actual Rows": 96692,
                            "Actual Loops": 2,
                            "Hash Buckets": 524288,
                            "Original Hash Buckets": 524288,
                            "Hash Batches": 1,
                            "Original Hash Batches": 1,
                            "Peak Memory Usage": 11712,
                            "Plans": [
                              {
                                "Node Type": "Seq Scan",
                                "Parent Relationship": "Outer",
                                "Parallel Aware": true,
                                "Relation Name": "title",
                                "Alias": "t",
                                "Startup Cost": 0.0,
                                "Total Cost": 58306.47,
                                "Plan Rows": 173419,
                                "Plan Width": 4,
                                "Actual Startup Time": 0.043,
                                "Actual Total Time": 146.271,
                                "Actual Rows": 96692,
                                "Actual Loops": 2,
                                "Filter": "((production_year < 1979) AND (kind_id = 7))",
                                "Rows Removed by Filter": 1167464
                              }
                            ]
                          }
                        ]
                      }
                    ]
                  }
                ]
              }
            ]
          }
        ]
      }
    ]
  },
  "Planning Time": 1.023,
  "Triggers": [],
  "Execution Time": 2462.967
}