[
  {
    "Plan": {
      "Node Type": "Aggregate",
      "Strategy": "Plain",
      "Partial Mode": "Finalize",
      "Parallel Aware": false,
      "Startup Cost": 45215.19,
      "Total Cost": 45215.2,
      "Plan Rows": 1,
      "Plan Width": 8,
      "Actual Startup Time": 152.513,
      "Actual Total Time": 161.861,
      "Actual Rows": 1,
      "Actual Loops": 1,
      "Plans": [
        {
          "Node Type": "Gather",
          "Parent Relationship": "Outer",
          "Parallel Aware": false,
          "Startup Cost": 45214.87,
          "Total Cost": 45215.18,
          "Plan Rows": 3,
          "Plan Width": 8,
          "Actual Startup Time": 152.408,
          "Actual Total Time": 161.851,
          "Actual Rows": 4,
          "Actual Loops": 1,
          "Workers Planned": 3,
          "Workers Launched": 3,
          "Single Copy": false,
          "Plans": [
            {
              "Node Type": "Aggregate",
              "Strategy": "Plain",
              "Partial Mode": "Partial",
              "Parent Relationship": "Outer",
              "Parallel Aware": false,
              "Startup Cost": 44214.87,
              "Total Cost": 44214.88,
              "Plan Rows": 1,
              "Plan Width": 8,
              "Actual Startup Time": 146.073,
              "Actual Total Time": 146.074,
              "Actual Rows": 1,
              "Actual Loops": 4,
              "Plans": [
                {
                  "Node Type": "Seq Scan",
                  "Parent Relationship": "Outer",
                  "Parallel Aware": true,
                  "Relation Name": "movie_keyword",
                  "Alias": "mk",
                  "Startup Cost": 0.0,
                  "Total Cost": 42695.65,
                  "Plan Rows": 607688,
                  "Plan Width": 0,
                  "Actual Startup Time": 1.057,
                  "Actual Total Time": 121.37,
                  "Actual Rows": 472023,
                  "Actual Loops": 4,
                  "Filter": "(keyword_id > 7242)",
                  "Rows Removed by Filter": 658959
                }
              ]
            }
          ]
        }
      ]
    },
    "Planning Time": 0.192,
    "Triggers": [],
    "Execution Time": 161.921
  }
]