[
  {
    "Plan": {
      "Node Type": "Aggregate",
      "Strategy": "Plain",
      "Partial Mode": "Finalize",
      "Parallel Aware": false,
      "Startup Cost": 45803.88,
      "Total Cost": 45803.89,
      "Plan Rows": 1,
      "Plan Width": 8,
      "Actual Startup Time": 156.168,
      "Actual Total Time": 165.859,
      "Actual Rows": 1,
      "Actual Loops": 1,
      "Plans": [
        {
          "Node Type": "Gather",
          "Parent Relationship": "Outer",
          "Parallel Aware": false,
          "Startup Cost": 45803.56,
          "Total Cost": 45803.87,
          "Plan Rows": 3,
          "Plan Width": 8,
          "Actual Startup Time": 156.044,
          "Actual Total Time": 165.852,
          "Actual Rows": 4,
          "Actual Loops": 1,
          "Workers Planned": 3,
          "Workers Launched": 3,
          "Single Copy": false,
          "Plans": [
            {
              "Node Type": "Aggregate",
              "Strategy": "Plain",
              "Partial Mode": "Partial",
              "Parent Relationship": "Outer",
              "Parallel Aware": false,
              "Startup Cost": 44803.56,
              "Total Cost": 44803.57,
              "Plan Rows": 1,
              "Plan Width": 8,
              "Actual Startup Time": 149.229,
              "Actual Total Time": 149.248,
              "Actual Rows": 1,
              "Actual Loops": 4,
              "Plans": [
                {
                  "Node Type": "Seq Scan",
                  "Parent Relationship": "Outer",
                  "Parallel Aware": true,
                  "Relation Name": "movie_keyword",
                  "Alias": "mk",
                  "Startup Cost": 0.0,
                  "Total Cost": 42695.65,
                  "Plan Rows": 843164,
                  "Plan Width": 0,
                  "Actual Startup Time": 0.062,
                  "Actual Total Time": 118.885,
                  "Actual Rows": 652052,
                  "Actual Loops": 4,
                  "Filter": "(keyword_id < 7078)",
                  "Rows Removed by Filter": 478930
                }
              ]
            }
          ]
        }
      ]
    },
    "Planning Time": 0.153,
    "Triggers": [],
    "Execution Time": 165.907
  }
]