[
  {
    "Plan": {
      "Node Type": "Aggregate",
      "Strategy": "Plain",
      "Partial Mode": "Finalize",
      "Parallel Aware": false,
      "Startup Cost": 292686.28,
      "Total Cost": 292686.29,
      "Plan Rows": 1,
      "Plan Width": 8,
      "Actual Startup Time": 983.596,
      "Actual Total Time": 1029.677,
      "Actual Rows": 1,
      "Actual Loops": 1,
      "Plans": [
        {
          "Node Type": "Gather",
          "Parent Relationship": "Outer",
          "Parallel Aware": false,
          "Startup Cost": 292685.76,
          "Total Cost": 292686.27,
          "Plan Rows": 5,
          "Plan Width": 8,
          "Actual Startup Time": 979.708,
          "Actual Total Time": 1029.668,
          "Actual Rows": 6,
          "Actual Loops": 1,
          "Workers Planned": 5,
          "Workers Launched": 5,
          "Single Copy": false,
          "Plans": [
            {
              "Node Type": "Aggregate",
              "Strategy": "Plain",
              "Partial Mode": "Partial",
              "Parent Relationship": "Outer",
              "Parallel Aware": false,
              "Startup Cost": 291685.76,
              "Total Cost": 291685.77,
              "Plan Rows": 1,
              "Plan Width": 8,
              "Actual Startup Time": 968.611,
              "Actual Total Time": 968.616,
              "Actual Rows": 1,
              "Actual Loops": 6,
              "Plans": [
                {
                  "Node Type": "Hash Join",
                  "Parent Relationship": "Outer",
                  "Parallel Aware": true,
                  "Join Type": "Inner",
                  "Startup Cost": 82825.43,
                  "Total Cost": 290288.62,
                  "Plan Rows": 558855,
                  "Plan Width": 0,
                  "Actual Startup Time": 312.765,
                  "Actual Total Time": 940.623,
                  "Actual Rows": 633863,
                  "Actual Loops": 6,
                  "Inner Unique": false,
                  "Hash Cond": "(mi.movie_id = t.id)",
                  "Plans": [
                    {
                      "Node Type": "Seq Scan",
                      "Parent Relationship": "Outer",
                      "Parallel Aware": true,
                      "Relation Name": "movie_info",
                      "Alias": "mi",
                      "Startup Cost": 0.0,
                      "Total Cost": 198952.16,
                      "Plan Rows": 1897040,
                      "Plan Width": 4,
                      "Actual Startup Time": 0.019,
                      "Actual Total Time": 334.196,
                      "Actual Rows": 1594192,
                      "Actual Loops": 6,
                      "Filter": "(info_type_id < 16)",
                      "Rows Removed by Filter": 878428
                    },
                    {
                      "Node Type": "Hash",
                      "Parent Relationship": "Inner",
                      "Parallel Aware": true,
                      "Startup Cost": 80497.88,
                      "Total Cost": 80497.88,
                      "Plan Rows": 186204,
                      "Plan Width": 8,
                      "Actual Startup Time": 308.192,
                      "Actual Total Time": 308.196,
                      "Actual Rows": 78156,
                      "Actual Loops": 6,
                      "Hash Buckets": 1048576,
                      "Original Hash Buckets": 1048576,
                      "Hash Batches": 1,
                      "Original Hash Batches": 1,
                      "Peak Memory Usage": 26592,
                      "Plans": [
                        {
                          "Node Type": "Hash Join",
                          "Parent Relationship": "Outer",
                          "Parallel Aware": true,
                          "Join Type": "Inner",
                          "Startup Cost": 34418.12,
                          "Total Cost": 80497.88,
                          "Plan Rows": 186204,
                          "Plan Width": 8,
                          "Actual Startup Time": 107.396,
                          "Actual Total Time": 272.94,
                          "Actual Rows": 78156,
                          "Actual Loops": 6,
                          "Inner Unique": false,
                          "Hash Cond": "(t.id = mc.movie_id)",
                          "Plans": [
                            {
                              "Node Type": "Seq Scan",
                              "Parent Relationship": "Outer",
                              "Parallel Aware": true,
                              "Relation Name": "title",
                              "Alias": "t",
                              "Startup Cost": 0.0,
                              "Total Cost": 42318.73,
                              "Plan Rows": 632073,
                              "Plan Width": 4,
                              "Actual Startup Time": 0.012,
                              "Actual Total Time": 61.388,
                              "Actual Rows": 421385,
                              "Actual Loops": 6
                            },
                            {
                              "Node Type": "Hash",
                              "Parent Relationship": "Inner",
                              "Parallel Aware": true,
                              "Startup Cost": 31414.82,
                              "Total Cost": 31414.82,
                              "Plan Rows": 240264,
                              "Plan Width": 4,
                              "Actual Startup Time": 105.496,
                              "Actual Total Time": 105.497,
                              "Actual Rows": 78156,
                              "Actual Loops": 6,
                              "Hash Buckets": 1048576,
                              "Original Hash Buckets": 1048576,
                              "Hash Batches": 1,
                              "Original Hash Batches": 1,
                              "Peak Memory Usage": 26624,
                              "Plans": [
                                {
                                  "Node Type": "Seq Scan",
                                  "Parent Relationship": "Outer",
                                  "Parallel Aware": true,
                                  "Relation Name": "movie_companies",
                                  "Alias": "mc",
                                  "Startup Cost": 0.0,
                                  "Total Cost": 31414.82,
                                  "Plan Rows": 240264,
                                  "Plan Width": 4,
                                  "Actual Startup Time": 42.782,
                                  "Actual Total Time": 68.666,
                                  "Actual Rows": 78156,
                                  "Actual Loops": 6,
                                  "Filter": "((company_id < 13230) AND (company_type_id = 2))",
                                  "Rows Removed by Filter": 356698
                                }
                              ]
                            }
                          ]
                        }
                      ]
                    }
                  ]
                }
              ]
            }
          ]
        }
      ]
    },
    "Planning Time": 1.585,
    "Triggers": [],
    "Execution Time": 1029.778
  }
]