[
  {
    "Plan": {
      "Node Type": "Aggregate",
      "Strategy": "Plain",
      "Partial Mode": "Finalize",
      "Parallel Aware": false,
      "Startup Cost": 259900.33,
      "Total Cost": 259900.34,
      "Plan Rows": 1,
      "Plan Width": 8,
      "Actual Startup Time": 683.383,
      "Actual Total Time": 758.669,
      "Actual Rows": 1,
      "Actual Loops": 1,
      "Plans": [
        {
          "Node Type": "Gather",
          "Parent Relationship": "Outer",
          "Parallel Aware": false,
          "Startup Cost": 259899.91,
          "Total Cost": 259900.32,
          "Plan Rows": 4,
          "Plan Width": 8,
          "Actual Startup Time": 683.311,
          "Actual Total Time": 758.661,
          "Actual Rows": 5,
          "Actual Loops": 1,
          "Workers Planned": 4,
          "Workers Launched": 4,
          "Single Copy": false,
          "Plans": [
            {
              "Node Type": "Aggregate",
              "Strategy": "Plain",
              "Partial Mode": "Partial",
              "Parent Relationship": "Outer",
              "Parallel Aware": false,
              "Startup Cost": 258899.91,
              "Total Cost": 258899.92,
              "Plan Rows": 1,
              "Plan Width": 8,
              "Actual Startup Time": 678.15,
              "Actual Total Time": 678.152,
              "Actual Rows": 1,
              "Actual Loops": 5,
              "Plans": [
                {
                  "Node Type": "Nested Loop",
                  "Parent Relationship": "Outer",
                  "Parallel Aware": false,
                  "Join Type": "Inner",
                  "Startup Cost": 1.0,
                  "Total Cost": 258150.49,
                  "Plan Rows": 299767,
                  "Plan Width": 0,
                  "Actual Startup Time": 0.353,
                  "Actual Total Time": 641.678,
                  "Actual Rows": 640075,
                  "Actual Loops": 5,
                  "Inner Unique": false,
                  "Join Filter": "(t.id = ci.movie_id)",
                  "Rows Removed by Join Filter": 0,
                  "Plans": [
                    {
                      "Node Type": "Nested Loop",
                      "Parent Relationship": "Outer",
                      "Parallel Aware": false,
                      "Join Type": "Inner",
                      "Startup Cost": 0.43,
                      "Total Cost": 222227.76,
                      "Plan Rows": 20908,
                      "Plan Width": 8,
                      "Actual Startup Time": 0.187,
                      "Actual Total Time": 134.044,
                      "Actual Rows": 20343,
                      "Actual Loops": 5,
                      "Inner Unique": false,
                      "Plans": [
                        {
                          "Node Type": "Seq Scan",
                          "Parent Relationship": "Outer",
                          "Parallel Aware": true,
                          "Relation Name": "title",
                          "Alias": "t",
                          "Startup Cost": 0.0,
                          "Total Cost": 43899.32,
                          "Plan Rows": 3561,
                          "Plan Width": 4,
                          "Actual Startup Time": 0.048,
                          "Actual Total Time": 62.79,
                          "Actual Rows": 2954,
                          "Actual Loops": 5,
                          "Filter": "(production_year = 1982)",
                          "Rows Removed by Filter": 502708
                        },
                        {
                          "Node Type": "Index Only Scan",
                          "Parent Relationship": "Inner",
                          "Parallel Aware": false,
                          "Scan Direction": "Forward",
                          "Index Name": "movie_id_movie_info",
                          "Relation Name": "movie_info",
                          "Alias": "mi",
                          "Startup Cost": 0.43,
                          "Total Cost": 49.67,
                          "Plan Rows": 41,
                          "Plan Width": 4,
                          "Actual Startup Time": 0.01,
                          "Actual Total Time": 0.023,
                          "Actual Rows": 7,
                          "Actual Loops": 14770,
                          "Index Cond": "(movie_id = t.id)",
                          "Rows Removed by Index Recheck": 0,
                          "Heap Fetches": 101717
                        }
                      ]
                    },
                    {
                      "Node Type": "Index Only Scan",
                      "Parent Relationship": "Inner",
                      "Parallel Aware": false,
                      "Scan Direction": "Forward",
                      "Index Name": "movie_id_cast_info",
                      "Relation Name": "cast_info",
                      "Alias": "ci",
                      "Startup Cost": 0.56,
                      "Total Cost": 1.28,
                      "Plan Rows": 35,
                      "Plan Width": 4,
                      "Actual Startup Time": 0.005,
                      "Actual Total Time": 0.021,
                      "Actual Rows": 31,
                      "Actual Loops": 101717,
                      "Index Cond": "(movie_id = mi.movie_id)",
                      "Rows Removed by Index Recheck": 0,
                      "Heap Fetches": 3200377
                    }
                  ]
                }
              ]
            }
          ]
        }
      ]
    },
    "Planning Time": 0.82,
    "Triggers": [],
    "Execution Time": 758.756
  }
]