{
  "Plan": {
    "Node Type": "Aggregate",
    "Strategy": "Plain",
    "Partial Mode": "Simple",
    "Parallel Aware": false,
    "Startup Cost": 23106.52,
    "Total Cost": 23106.53,
    "Plan Rows": 1,
    "Plan Width": 8,
    "Actual Startup Time": 89.297,
    "Actual Total Time": 93.797,
    "Actual Rows": 1,
    "Actual Loops": 1,
    "Plans": [
      {
        "Node Type": "Gather",
        "Parent Relationship": "Outer",
        "Parallel Aware": false,
        "Startup Cost": 4007.23,
        "Total Cost": 23106.52,
        "Plan Rows": 1,
        "Plan Width": 0,
        "Actual Startup Time": 54.108,
        "Actual Total Time": 93.788,
        "Actual Rows": 7,
        "Actual Loops": 1,
        "Workers Planned": 1,
        "Workers Launched": 1,
        "Single Copy": false,
        "Plans": [
          {
            "Node Type": "Hash Join",
            "Parent Relationship": "Outer",
            "Parallel Aware": false,
            "Join Type": "Inner",
            "Startup Cost": 3007.23,
            "Total Cost": 22106.42,
            "Plan Rows": 1,
            "Plan Width": 0,
            "Actual Startup Time": 49.288,
            "Actual Total Time": 83.33,
            "Actual Rows": 4,
            "Actual Loops": 2,
            "Inner Unique": false,
            "Hash Cond": "(mi_idx.movie_id = t.id)",
            "Plans": [
              {
                "Node Type": "Seq Scan",
                "Parent Relationship": "Outer",
                "Parallel Aware": true,
                "Relation Name": "movie_info_idx",
                "Alias": "mi_idx",
                "Startup Cost": 0.0,
                "Total Cost": 18082.32,
                "Plan Rows": 271164,
                "Plan Width": 4,
                "Actual Startup Time": 0.046,
                "Actual Total Time": 60.44,
                "Actual Rows": 230092,
                "Actual Loops": 2,
                "Filter": "(info_type_id > 100)",
                "Rows Removed by Filter": 459925
              },
              {
                "Node Type": "Hash",
                "Parent Relationship": "Inner",
                "Parallel Aware": false,
                "Startup Cost": 3007.2,
                "Total Cost": 3007.2,
                "Plan Rows": 2,
                "Plan Width": 8,
                "Actual Startup Time": 8.451,
                "Actual Total Time": 8.454,
                "Actual Rows": 7,
                "Actual Loops": 2,
                "Hash Buckets": 1024,
                "Original Hash Buckets": 1024,
                "Hash Batches": 1,
                "Original Hash Batches": 1,
                "Peak Memory Usage": 9,
                "Plans": [
                  {
                    "Node Type": "Nested Loop",
                    "Parent Relationship": "Outer",
                    "Parallel Aware": false,
                    "Join Type": "Inner",
                    "Startup Cost": 6.78,
                    "Total Cost": 3007.2,
                    "Plan Rows": 2,
                    "Plan Width": 8,
                    "Actual Startup Time": 2.784,
                    "Actual Total Time": 8.434,
                    "Actual Rows": 7,
                    "Actual Loops": 2,
                    "Inner Unique": true,
                    "Plans": [
                      {
                        "Node Type": "Bitmap Heap Scan",
                        "Parent Relationship": "Outer",
                        "Parallel Aware": false,
                        "Relation Name": "movie_keyword",
                        "Alias": "mk",
                        "Startup Cost": 6.35,
                        "Total Cost": 922.98,
                        "Plan Rows": 248,
                        "Plan Width": 4,
                        "Actual Startup Time": 0.603,
                        "Actual Total Time": 2.869,
                        "Actual Rows": 179,
                        "Actual Loops": 2,
                        "Recheck Cond": "(keyword_id = 13766)",
                        "Rows Removed by Index Recheck": 0,
                        "Exact Heap Blocks": 177,
                        "Lossy Heap Blocks": 0,
                        "Plans": [
                          {
                            "Node Type": "Bitmap Index Scan",
                            "Parent Relationship": "Outer",
                            "Parallel Aware": false,
                            "Index Name": "keyword_id_movie_keyword",
                            "Startup Cost": 0.0,
                            "Total Cost": 6.29,
                            "Plan Rows": 248,
                            "Plan Width": 0,
                            "Actual Startup Time": 0.524,
                            "Actual Total Time": 0.524,
                            "Actual Rows": 179,
                            "Actual Loops": 2,
                            "Index Cond": "(keyword_id = 13766)"
                          }
                        ]
                      },
                      {
                        "Node Type": "Index Scan",
                        "Parent Relationship": "Inner",
                        "Parallel Aware": false,
                        "Scan Direction": "Forward",
                        "Index Name": "title_pkey",
                        "Relation Name": "title",
                        "Alias": "t",
                        "Startup Cost": 0.43,
                        "Total Cost": 8.4,
                        "Plan Rows": 1,
                        "Plan Width": 4,
                        "Actual Startup Time": 0.03,
                        "Actual Total Time": 0.03,
                        "Actual Rows": 0,
                        "Actual Loops": 358,
                        "Index Cond": "(id = mk.movie_id)",
                        "Rows Removed by Index Recheck": 0,
                        "Filter": "((kind_id < 7) AND (production_year = 1998))",
                        "Rows Removed by Filter": 1
                      }
                    ]
                  }
                ]
              }
            ]
          }
        ]
      }
    ]
  },
  "Planning Time": 1.132,
  "Triggers": [],
  "Execution Time": 93.893
}