[
  {
    "Plan": {
      "Node Type": "Aggregate",
      "Strategy": "Plain",
      "Partial Mode": "Finalize",
      "Parallel Aware": false,
      "Startup Cost": 353913.18,
      "Total Cost": 353913.2,
      "Plan Rows": 1,
      "Plan Width": 8,
      "Actual Startup Time": 904.915,
      "Actual Total Time": 951.529,
      "Actual Rows": 1,
      "Actual Loops": 1,
      "Plans": [
        {
          "Node Type": "Gather",
          "Parent Relationship": "Outer",
          "Parallel Aware": false,
          "Startup Cost": 353912.56,
          "Total Cost": 353913.17,
          "Plan Rows": 6,
          "Plan Width": 8,
          "Actual Startup Time": 904.742,
          "Actual Total Time": 951.51,
          "Actual Rows": 7,
          "Actual Loops": 1,
          "Workers Planned": 6,
          "Workers Launched": 6,
          "Single Copy": false,
          "Plans": [
            {
              "Node Type": "Aggregate",
              "Strategy": "Plain",
              "Partial Mode": "Partial",
              "Parent Relationship": "Outer",
              "Parallel Aware": false,
              "Startup Cost": 352912.56,
              "Total Cost": 352912.57,
              "Plan Rows": 1,
              "Plan Width": 8,
              "Actual Startup Time": 896.179,
              "Actual Total Time": 896.181,
              "Actual Rows": 1,
              "Actual Loops": 7,
              "Plans": [
                {
                  "Node Type": "Seq Scan",
                  "Parent Relationship": "Outer",
                  "Parallel Aware": true,
                  "Relation Name": "cast_info",
                  "Alias": "ci",
                  "Startup Cost": 0.0,
                  "Total Cost": 343316.27,
                  "Plan Rows": 3838516,
                  "Plan Width": 0,
                  "Actual Startup Time": 133.394,
                  "Actual Total Time": 734.594,
                  "Actual Rows": 3162877,
                  "Actual Loops": 7,
                  "Filter": "((person_id > 973580) AND (role_id < 10))",
                  "Rows Removed by Filter": 2014886
                }
              ]
            }
          ]
        }
      ]
    },
    "Planning Time": 0.23,
    "Triggers": [],
    "Execution Time": 951.605
  }
]