[
    {
        "Bao": {
            "Bao prediction": 738.84,
            "Bao recommended hint": "(no hint)"
        }
    },
    {
        "Plan": {
            "Node Type": "Aggregate",
            "Strategy": "Plain",
            "Partial Mode": "Finalize",
            "Parallel Aware": false,
            "Startup Cost": 393253.46,
            "Total Cost": 393253.47,
            "Plan Rows": 1,
            "Plan Width": 8,
            "Actual Startup Time": 899.676,
            "Actual Total Time": 931.423,
            "Actual Rows": 1,
            "Actual Loops": 1,
            "Output": [
                "count(*)"
            ],
            "Plans": [
                {
                    "Node Type": "Gather",
                    "Parent Relationship": "Outer",
                    "Parallel Aware": false,
                    "Startup Cost": 393252.83,
                    "Total Cost": 393253.44,
                    "Plan Rows": 6,
                    "Plan Width": 8,
                    "Actual Startup Time": 896.063,
                    "Actual Total Time": 931.412,
                    "Actual Rows": 7,
                    "Actual Loops": 1,
                    "Output": [
                        "(PARTIAL count(*))"
                    ],
                    "Workers Planned": 6,
                    "Workers Launched": 6,
                    "Single Copy": false,
                    "Plans": [
                        {
                            "Node Type": "Aggregate",
                            "Strategy": "Plain",
                            "Partial Mode": "Partial",
                            "Parent Relationship": "Outer",
                            "Parallel Aware": false,
                            "Startup Cost": 392252.83,
                            "Total Cost": 392252.84,
                            "Plan Rows": 1,
                            "Plan Width": 8,
                            "Actual Startup Time": 886.379,
                            "Actual Total Time": 886.382,
                            "Actual Rows": 1,
                            "Actual Loops": 7,
                            "Output": [
                                "PARTIAL count(*)"
                            ],
                            "Workers": [
                                {
                                    "Worker Number": 0,
                                    "Actual Startup Time": 884.055,
                                    "Actual Total Time": 884.057,
                                    "Actual Rows": 1,
                                    "Actual Loops": 1
                                },
                                {
                                    "Worker Number": 1,
                                    "Actual Startup Time": 884.699,
                                    "Actual Total Time": 884.701,
                                    "Actual Rows": 1,
                                    "Actual Loops": 1
                                },
                                {
                                    "Worker Number": 2,
                                    "Actual Startup Time": 884.894,
                                    "Actual Total Time": 884.896,
                                    "Actual Rows": 1,
                                    "Actual Loops": 1
                                },
                                {
                                    "Worker Number": 3,
                                    "Actual Startup Time": 885.001,
                                    "Actual Total Time": 885.004,
                                    "Actual Rows": 1,
                                    "Actual Loops": 1
                                },
                                {
                                    "Worker Number": 4,
                                    "Actual Startup Time": 885.395,
                                    "Actual Total Time": 885.397,
                                    "Actual Rows": 1,
                                    "Actual Loops": 1
                                },
                                {
                                    "Worker Number": 5,
                                    "Actual Startup Time": 885.408,
                                    "Actual Total Time": 885.411,
                                    "Actual Rows": 1,
                                    "Actual Loops": 1
                                }
                            ],
                            "Plans": [
                                {
                                    "Node Type": "Hash Join",
                                    "Parent Relationship": "Outer",
                                    "Parallel Aware": true,
                                    "Join Type": "Inner",
                                    "Startup Cost": 47072.78,
                                    "Total Cost": 391952.94,
                                    "Plan Rows": 119956,
                                    "Plan Width": 0,
                                    "Actual Startup Time": 500.922,
                                    "Actual Total Time": 876.378,
                                    "Actual Rows": 183541,
                                    "Actual Loops": 7,
                                    "Inner Unique": true,
                                    "Hash Cond": "(ci.movie_id = t.id)",
                                    "Workers": [
                                        {
                                            "Worker Number": 0,
                                            "Actual Startup Time": 498.647,
                                            "Actual Total Time": 873.575,
                                            "Actual Rows": 139164,
                                            "Actual Loops": 1
                                        },
                                        {
                                            "Worker Number": 1,
                                            "Actual Startup Time": 499.304,
                                            "Actual Total Time": 875.041,
                                            "Actual Rows": 209640,
                                            "Actual Loops": 1
                                        },
                                        {
                                            "Worker Number": 2,
                                            "Actual Startup Time": 499.483,
                                            "Actual Total Time": 875.352,
                                            "Actual Rows": 207534,
                                            "Actual Loops": 1
                                        },
                                        {
                                            "Worker Number": 3,
                                            "Actual Startup Time": 499.628,
                                            "Actual Total Time": 874.339,
                                            "Actual Rows": 141442,
                                            "Actual Loops": 1
                                        },
                                        {
                                            "Worker Number": 4,
                                            "Actual Startup Time": 499.619,
                                            "Actual Total Time": 875.8,
                                            "Actual Rows": 208505,
                                            "Actual Loops": 1
                                        },
                                        {
                                            "Worker Number": 5,
                                            "Actual Startup Time": 500.006,
                                            "Actual Total Time": 874.849,
                                            "Actual Rows": 140618,
                                            "Actual Loops": 1
                                        }
                                    ],
                                    "Plans": [
                                        {
                                            "Node Type": "Seq Scan",
                                            "Parent Relationship": "Outer",
                                            "Parallel Aware": true,
                                            "Relation Name": "cast_info",
                                            "Schema": "public",
                                            "Alias": "ci",
                                            "Startup Cost": 0.0,
                                            "Total Cost": 343318.94,
                                            "Plan Rows": 594751,
                                            "Plan Width": 4,
                                            "Actual Startup Time": 389.556,
                                            "Actual Total Time": 595.247,
                                            "Actual Rows": 781250,
                                            "Actual Loops": 7,
                                            "Output": [
                                                "ci.id",
                                                "ci.person_id",
                                                "ci.movie_id",
                                                "ci.person_role_id",
                                                "ci.note",
                                                "ci.nr_order",
                                                "ci.role_id"
                                            ],
                                            "Filter": "((ci.person_id > 3108381) AND (ci.role_id > 1))",
                                            "Rows Removed by Filter": 4396513,
                                            "Workers": [
                                                {
                                                    "Worker Number": 0,
                                                    "Actual Startup Time": 389.557,
                                                    "Actual Total Time": 600.334,
                                                    "Actual Rows": 596094,
                                                    "Actual Loops": 1
                                                },
                                                {
                                                    "Worker Number": 1,
                                                    "Actual Startup Time": 389.549,
                                                    "Actual Total Time": 596.219,
                                                    "Actual Rows": 892854,
                                                    "Actual Loops": 1
                                                },
                                                {
                                                    "Worker Number": 2,
                                                    "Actual Startup Time": 389.557,
                                                    "Actual Total Time": 594.853,
                                                    "Actual Rows": 884236,
                                                    "Actual Loops": 1
                                                },
                                                {
                                                    "Worker Number": 3,
                                                    "Actual Startup Time": 389.57,
                                                    "Actual Total Time": 603.051,
                                                    "Actual Rows": 596541,
                                                    "Actual Loops": 1
                                                },
                                                {
                                                    "Worker Number": 4,
                                                    "Actual Startup Time": 389.551,
                                                    "Actual Total Time": 595.275,
                                                    "Actual Rows": 889350,
                                                    "Actual Loops": 1
                                                },
                                                {
                                                    "Worker Number": 5,
                                                    "Actual Startup Time": 389.581,
                                                    "Actual Total Time": 599.319,
                                                    "Actual Rows": 597222,
                                                    "Actual Loops": 1
                                                }
                                            ]
                                        },
                                        {
                                            "Node Type": "Hash",
                                            "Parent Relationship": "Inner",
                                            "Parallel Aware": true,
                                            "Startup Cost": 45479.21,
                                            "Total Cost": 45479.21,
                                            "Plan Rows": 127486,
                                            "Plan Width": 4,
                                            "Actual Startup Time": 108.906,
                                            "Actual Total Time": 108.907,
                                            "Actual Rows": 74876,
                                            "Actual Loops": 7,
                                            "Output": [
                                                "t.id"
                                            ],
                                            "Hash Buckets": 524288,
                                            "Original Hash Buckets": 524288,
                                            "Hash Batches": 1,
                                            "Original Hash Batches": 1,
                                            "Peak Memory Usage": 24736,
                                            "Workers": [
                                                {
                                                    "Worker Number": 0,
                                                    "Actual Startup Time": 108.352,
                                                    "Actual Total Time": 108.353,
                                                    "Actual Rows": 57516,
                                                    "Actual Loops": 1
                                                },
                                                {
                                                    "Worker Number": 1,
                                                    "Actual Startup Time": 109.068,
                                                    "Actual Total Time": 109.069,
                                                    "Actual Rows": 84299,
                                                    "Actual Loops": 1
                                                },
                                                {
                                                    "Worker Number": 2,
                                                    "Actual Startup Time": 109.235,
                                                    "Actual Total Time": 109.236,
                                                    "Actual Rows": 82980,
                                                    "Actual Loops": 1
                                                },
                                                {
                                                    "Worker Number": 3,
                                                    "Actual Startup Time": 109.258,
                                                    "Actual Total Time": 109.26,
                                                    "Actual Rows": 59716,
                                                    "Actual Loops": 1
                                                },
                                                {
                                                    "Worker Number": 4,
                                                    "Actual Startup Time": 109.247,
                                                    "Actual Total Time": 109.248,
                                                    "Actual Rows": 84864,
                                                    "Actual Loops": 1
                                                },
                                                {
                                                    "Worker Number": 5,
                                                    "Actual Startup Time": 109.694,
                                                    "Actual Total Time": 109.695,
                                                    "Actual Rows": 56673,
                                                    "Actual Loops": 1
                                                }
                                            ],
                                            "Plans": [
                                                {
                                                    "Node Type": "Seq Scan",
                                                    "Parent Relationship": "Outer",
                                                    "Parallel Aware": true,
                                                    "Relation Name": "title",
                                                    "Schema": "public",
                                                    "Alias": "t",
                                                    "Startup Cost": 0.0,
                                                    "Total Cost": 45479.21,
                                                    "Plan Rows": 127486,
                                                    "Plan Width": 4,
                                                    "Actual Startup Time": 50.278,
                                                    "Actual Total Time": 80.303,
                                                    "Actual Rows": 74876,
                                                    "Actual Loops": 7,
                                                    "Output": [
                                                        "t.id"
                                                    ],
                                                    "Filter": "((t.production_year < 2010) AND (t.kind_id = 1))",
                                                    "Rows Removed by Filter": 286312,
                                                    "Workers": [
                                                        {
                                                            "Worker Number": 0,
                                                            "Actual Startup Time": 50.646,
                                                            "Actual Total Time": 81.602,
                                                            "Actual Rows": 57516,
                                                            "Actual Loops": 1
                                                        },
                                                        {
                                                            "Worker Number": 1,
                                                            "Actual Startup Time": 50.072,
                                                            "Actual Total Time": 80.496,
                                                            "Actual Rows": 84299,
                                                            "Actual Loops": 1
                                                        },
                                                        {
                                                            "Worker Number": 2,
                                                            "Actual Startup Time": 50.085,
                                                            "Actual Total Time": 80.037,
                                                            "Actual Rows": 82980,
                                                            "Actual Loops": 1
                                                        },
                                                        {
                                                            "Worker Number": 3,
                                                            "Actual Startup Time": 50.331,
                                                            "Actual Total Time": 81.962,
                                                            "Actual Rows": 59716,
                                                            "Actual Loops": 1
                                                        },
                                                        {
                                                            "Worker Number": 4,
                                                            "Actual Startup Time": 50.056,
                                                            "Actual Total Time": 80.625,
                                                            "Actual Rows": 84864,
                                                            "Actual Loops": 1
                                                        },
                                                        {
                                                            "Worker Number": 5,
                                                            "Actual Startup Time": 50.631,
                                                            "Actual Total Time": 81.343,
                                                            "Actual Rows": 56673,
                                                            "Actual Loops": 1
                                                        }
                                                    ]
                                                }
                                            ]
                                        }
                                    ]
                                }
                            ]
                        }
                    ]
                }
            ]
        },
        "Planning Time": 2360.425,
        "Triggers": [],
        "Execution Time": 931.536
    }
]