[
  {
    "Plan": {
      "Node Type": "Aggregate",
      "Strategy": "Plain",
      "Partial Mode": "Finalize",
      "Parallel Aware": false,
      "Startup Cost": 73097.02,
      "Total Cost": 73097.03,
      "Plan Rows": 1,
      "Plan Width": 8,
      "Actual Startup Time": 132.153,
      "Actual Total Time": 147.203,
      "Actual Rows": 1,
      "Actual Loops": 1,
      "Plans": [
        {
          "Node Type": "Gather",
          "Parent Relationship": "Outer",
          "Parallel Aware": false,
          "Startup Cost": 73096.71,
          "Total Cost": 73097.02,
          "Plan Rows": 3,
          "Plan Width": 8,
          "Actual Startup Time": 131.807,
          "Actual Total Time": 147.196,
          "Actual Rows": 4,
          "Actual Loops": 1,
          "Workers Planned": 3,
          "Workers Launched": 3,
          "Single Copy": false,
          "Plans": [
            {
              "Node Type": "Aggregate",
              "Strategy": "Plain",
              "Partial Mode": "Partial",
              "Parent Relationship": "Outer",
              "Parallel Aware": false,
              "Startup Cost": 72096.71,
              "Total Cost": 72096.72,
              "Plan Rows": 1,
              "Plan Width": 8,
              "Actual Startup Time": 122.361,
              "Actual Total Time": 122.365,
              "Actual Rows": 1,
              "Actual Loops": 4,
              "Plans": [
                {
                  "Node Type": "Hash Join",
                  "Parent Relationship": "Outer",
                  "Parallel Aware": true,
                  "Join Type": "Inner",
                  "Startup Cost": 46507.07,
                  "Total Cost": 72095.98,
                  "Plan Rows": 290,
                  "Plan Width": 0,
                  "Actual Startup Time": 104.403,
                  "Actual Total Time": 122.318,
                  "Actual Rows": 428,
                  "Actual Loops": 4,
                  "Inner Unique": true,
                  "Hash Cond": "(mk.movie_id = t.id)",
                  "Plans": [
                    {
                      "Node Type": "Bitmap Heap Scan",
                      "Parent Relationship": "Outer",
                      "Parallel Aware": true,
                      "Relation Name": "movie_keyword",
                      "Alias": "mk",
                      "Startup Cost": 850.86,
                      "Total Cost": 26405.85,
                      "Plan Rows": 12921,
                      "Plan Width": 4,
                      "Actual Startup Time": 5.249,
                      "Actual Total Time": 21.193,
                      "Actual Rows": 10118,
                      "Actual Loops": 4,
                      "Recheck Cond": "(keyword_id > 104380)",
                      "Rows Removed by Index Recheck": 0,
                      "Exact Heap Blocks": 4737,
                      "Lossy Heap Blocks": 0,
                      "Plans": [
                        {
                          "Node Type": "Bitmap Index Scan",
                          "Parent Relationship": "Outer",
                          "Parallel Aware": false,
                          "Index Name": "keyword_id_movie_keyword",
                          "Startup Cost": 0.0,
                          "Total Cost": 840.84,
                          "Plan Rows": 40055,
                          "Plan Width": 0,
                          "Actual Startup Time": 3.65,
                          "Actual Total Time": 3.651,
                          "Actual Rows": 40471,
                          "Actual Loops": 1,
                          "Index Cond": "(keyword_id > 104380)"
                        }
                      ]
                    },
                    {
                      "Node Type": "Hash",
                      "Parent Relationship": "Inner",
                      "Parallel Aware": true,
                      "Startup Cost": 45479.1,
                      "Total Cost": 45479.1,
                      "Plan Rows": 14169,
                      "Plan Width": 4,
                      "Actual Startup Time": 97.717,
                      "Actual Total Time": 97.718,
                      "Actual Rows": 12269,
                      "Actual Loops": 4,
                      "Hash Buckets": 65536,
                      "Original Hash Buckets": 65536,
                      "Hash Batches": 1,
                      "Original Hash Batches": 1,
                      "Peak Memory Usage": 2464,
                      "Plans": [
                        {
                          "Node Type": "Seq Scan",
                          "Parent Relationship": "Outer",
                          "Parallel Aware": true,
                          "Relation Name": "title",
                          "Alias": "t",
                          "Startup Cost": 0.0,
                          "Total Cost": 45479.1,
                          "Plan Rows": 14169,
                          "Plan Width": 4,
                          "Actual Startup Time": 0.156,
                          "Actual Total Time": 93.38,
                          "Actual Rows": 12269,
                          "Actual Loops": 4,
                          "Filter": "((kind_id < 7) AND (production_year = 2010))",
                          "Rows Removed by Filter": 619809
                        }
                      ]
                    }
                  ]
                }
              ]
            }
          ]
        }
      ]
    },
    "Planning Time": 0.72,
    "Triggers": [],
    "Execution Time": 147.298
  }
]