[
  {
    "Plan": {
      "Node Type": "Aggregate",
      "Strategy": "Plain",
      "Partial Mode": "Finalize",
      "Parallel Aware": false,
      "Startup Cost": 44409.91,
      "Total Cost": 44409.92,
      "Plan Rows": 1,
      "Plan Width": 8,
      "Actual Startup Time": 132.354,
      "Actual Total Time": 142.192,
      "Actual Rows": 1,
      "Actual Loops": 1,
      "Plans": [
        {
          "Node Type": "Gather",
          "Parent Relationship": "Outer",
          "Parallel Aware": false,
          "Startup Cost": 44409.6,
          "Total Cost": 44409.91,
          "Plan Rows": 3,
          "Plan Width": 8,
          "Actual Startup Time": 132.208,
          "Actual Total Time": 142.183,
          "Actual Rows": 4,
          "Actual Loops": 1,
          "Workers Planned": 3,
          "Workers Launched": 3,
          "Single Copy": false,
          "Plans": [
            {
              "Node Type": "Aggregate",
              "Strategy": "Plain",
              "Partial Mode": "Partial",
              "Parent Relationship": "Outer",
              "Parallel Aware": false,
              "Startup Cost": 43409.6,
              "Total Cost": 43409.61,
              "Plan Rows": 1,
              "Plan Width": 8,
              "Actual Startup Time": 124.874,
              "Actual Total Time": 124.875,
              "Actual Rows": 1,
              "Actual Loops": 4,
              "Plans": [
                {
                  "Node Type": "Seq Scan",
                  "Parent Relationship": "Outer",
                  "Parallel Aware": true,
                  "Relation Name": "movie_keyword",
                  "Alias": "mk",
                  "Startup Cost": 0.0,
                  "Total Cost": 42695.65,
                  "Plan Rows": 285577,
                  "Plan Width": 0,
                  "Actual Startup Time": 4.771,
                  "Actual Total Time": 111.68,
                  "Actual Rows": 220587,
                  "Actual Loops": 4,
                  "Filter": "(keyword_id > 20891)",
                  "Rows Removed by Filter": 910395
                }
              ]
            }
          ]
        }
      ]
    },
    "Planning Time": 0.19,
    "Triggers": [],
    "Execution Time": 142.249
  }
]