[
  {
    "Plan": {
      "Node Type": "Aggregate",
      "Strategy": "Plain",
      "Partial Mode": "Finalize",
      "Parallel Aware": false,
      "Startup Cost": 350129.96,
      "Total Cost": 350129.97,
      "Plan Rows": 1,
      "Plan Width": 8,
      "Actual Startup Time": 779.347,
      "Actual Total Time": 839.92,
      "Actual Rows": 1,
      "Actual Loops": 1,
      "Plans": [
        {
          "Node Type": "Gather",
          "Parent Relationship": "Outer",
          "Parallel Aware": false,
          "Startup Cost": 350129.34,
          "Total Cost": 350129.95,
          "Plan Rows": 6,
          "Plan Width": 8,
          "Actual Startup Time": 779.226,
          "Actual Total Time": 839.91,
          "Actual Rows": 7,
          "Actual Loops": 1,
          "Workers Planned": 6,
          "Workers Launched": 6,
          "Single Copy": false,
          "Plans": [
            {
              "Node Type": "Aggregate",
              "Strategy": "Plain",
              "Partial Mode": "Partial",
              "Parent Relationship": "Outer",
              "Parallel Aware": false,
              "Startup Cost": 349129.34,
              "Total Cost": 349129.35,
              "Plan Rows": 1,
              "Plan Width": 8,
              "Actual Startup Time": 769.428,
              "Actual Total Time": 769.429,
              "Actual Rows": 1,
              "Actual Loops": 7,
              "Plans": [
                {
                  "Node Type": "Seq Scan",
                  "Parent Relationship": "Outer",
                  "Parallel Aware": true,
                  "Relation Name": "cast_info",
                  "Alias": "ci",
                  "Startup Cost": 0.0,
                  "Total Cost": 343257.03,
                  "Plan Rows": 2348923,
                  "Plan Width": 0,
                  "Actual Startup Time": 209.637,
                  "Actual Total Time": 657.726,
                  "Actual Rows": 2780925,
                  "Actual Loops": 7,
                  "Filter": "((person_id > 1452064) AND (role_id > 1))",
                  "Rows Removed by Filter": 2396839
                }
              ]
            }
          ]
        }
      ]
    },
    "Planning Time": 0.231,
    "Triggers": [],
    "Execution Time": 839.994
  }
]