[
    {
        "Bao": {
            "Bao prediction": "NaN",
            "Bao recommended hint": "(no hint)"
        }
    },
    {
        "Plan": {
            "Node Type": "Aggregate",
            "Strategy": "Plain",
            "Partial Mode": "Finalize",
            "Parallel Aware": false,
            "Startup Cost": 30322.42,
            "Total Cost": 30322.43,
            "Plan Rows": 1,
            "Plan Width": 8,
            "Actual Startup Time": 112.24,
            "Actual Total Time": 123.223,
            "Actual Rows": 1,
            "Actual Loops": 1,
            "Output": [
                "count(*)"
            ],
            "Plans": [
                {
                    "Node Type": "Gather",
                    "Parent Relationship": "Outer",
                    "Parallel Aware": false,
                    "Startup Cost": 30322.11,
                    "Total Cost": 30322.42,
                    "Plan Rows": 3,
                    "Plan Width": 8,
                    "Actual Startup Time": 111.683,
                    "Actual Total Time": 123.212,
                    "Actual Rows": 4,
                    "Actual Loops": 1,
                    "Output": [
                        "(PARTIAL count(*))"
                    ],
                    "Workers Planned": 3,
                    "Workers Launched": 3,
                    "Single Copy": false,
                    "Plans": [
                        {
                            "Node Type": "Aggregate",
                            "Strategy": "Plain",
                            "Partial Mode": "Partial",
                            "Parent Relationship": "Outer",
                            "Parallel Aware": false,
                            "Startup Cost": 29322.11,
                            "Total Cost": 29322.12,
                            "Plan Rows": 1,
                            "Plan Width": 8,
                            "Actual Startup Time": 101.492,
                            "Actual Total Time": 101.494,
                            "Actual Rows": 1,
                            "Actual Loops": 4,
                            "Output": [
                                "PARTIAL count(*)"
                            ],
                            "Workers": [
                                {
                                    "Worker Number": 0,
                                    "Actual Startup Time": 97.918,
                                    "Actual Total Time": 97.921,
                                    "Actual Rows": 1,
                                    "Actual Loops": 1
                                },
                                {
                                    "Worker Number": 1,
                                    "Actual Startup Time": 97.554,
                                    "Actual Total Time": 97.556,
                                    "Actual Rows": 1,
                                    "Actual Loops": 1
                                },
                                {
                                    "Worker Number": 2,
                                    "Actual Startup Time": 99.358,
                                    "Actual Total Time": 99.361,
                                    "Actual Rows": 1,
                                    "Actual Loops": 1
                                }
                            ],
                            "Plans": [
                                {
                                    "Node Type": "Bitmap Heap Scan",
                                    "Parent Relationship": "Outer",
                                    "Parallel Aware": true,
                                    "Relation Name": "movie_keyword",
                                    "Schema": "public",
                                    "Alias": "mk",
                                    "Startup Cost": 3964.19,
                                    "Total Cost": 29171.45,
                                    "Plan Rows": 60261,
                                    "Plan Width": 0,
                                    "Actual Startup Time": 23.889,
                                    "Actual Total Time": 97.439,
                                    "Actual Rows": 47523,
                                    "Actual Loops": 4,
                                    "Recheck Cond": "(mk.keyword_id > 70925)",
                                    "Rows Removed by Index Recheck": 0,
                                    "Exact Heap Blocks": 9195,
                                    "Lossy Heap Blocks": 0,
                                    "Workers": [
                                        {
                                            "Worker Number": 0,
                                            "Actual Startup Time": 20.705,
                                            "Actual Total Time": 94.352,
                                            "Actual Rows": 36165,
                                            "Actual Loops": 1
                                        },
                                        {
                                            "Worker Number": 1,
                                            "Actual Startup Time": 19.968,
                                            "Actual Total Time": 94.444,
                                            "Actual Rows": 30802,
                                            "Actual Loops": 1
                                        },
                                        {
                                            "Worker Number": 2,
                                            "Actual Startup Time": 21.856,
                                            "Actual Total Time": 95.756,
                                            "Actual Rows": 35767,
                                            "Actual Loops": 1
                                        }
                                    ],
                                    "Plans": [
                                        {
                                            "Node Type": "Bitmap Index Scan",
                                            "Parent Relationship": "Outer",
                                            "Parallel Aware": false,
                                            "Index Name": "keyword_id_movie_keyword",
                                            "Startup Cost": 0.0,
                                            "Total Cost": 3917.49,
                                            "Plan Rows": 186808,
                                            "Plan Width": 0,
                                            "Actual Startup Time": 28.283,
                                            "Actual Total Time": 28.285,
                                            "Actual Rows": 190091,
                                            "Actual Loops": 1,
                                            "Index Cond": "(mk.keyword_id > 70925)"
                                        }
                                    ]
                                }
                            ]
                        }
                    ]
                }
            ]
        },
        "Planning Time": 277.641,
        "Triggers": [],
        "Execution Time": 123.331
    }
]