[
  {
    "Plan": {
      "Node Type": "Aggregate",
      "Strategy": "Plain",
      "Partial Mode": "Finalize",
      "Parallel Aware": false,
      "Startup Cost": 324195.3,
      "Total Cost": 324195.31,
      "Plan Rows": 1,
      "Plan Width": 8,
      "Actual Startup Time": 700.18,
      "Actual Total Time": 756.156,
      "Actual Rows": 1,
      "Actual Loops": 1,
      "Plans": [
        {
          "Node Type": "Gather",
          "Parent Relationship": "Outer",
          "Parallel Aware": false,
          "Startup Cost": 324194.98,
          "Total Cost": 324195.29,
          "Plan Rows": 3,
          "Plan Width": 8,
          "Actual Startup Time": 695.886,
          "Actual Total Time": 756.145,
          "Actual Rows": 4,
          "Actual Loops": 1,
          "Workers Planned": 3,
          "Workers Launched": 3,
          "Single Copy": false,
          "Plans": [
            {
              "Node Type": "Aggregate",
              "Strategy": "Plain",
              "Partial Mode": "Partial",
              "Parent Relationship": "Outer",
              "Parallel Aware": false,
              "Startup Cost": 323194.98,
              "Total Cost": 323194.99,
              "Plan Rows": 1,
              "Plan Width": 8,
              "Actual Startup Time": 686.58,
              "Actual Total Time": 686.585,
              "Actual Rows": 1,
              "Actual Loops": 4,
              "Plans": [
                {
                  "Node Type": "Nested Loop",
                  "Parent Relationship": "Outer",
                  "Parallel Aware": false,
                  "Join Type": "Inner",
                  "Startup Cost": 62323.77,
                  "Total Cost": 321036.04,
                  "Plan Rows": 863577,
                  "Plan Width": 0,
                  "Actual Startup Time": 216.247,
                  "Actual Total Time": 664.562,
                  "Actual Rows": 468034,
                  "Actual Loops": 4,
                  "Inner Unique": false,
                  "Plans": [
                    {
                      "Node Type": "Hash Join",
                      "Parent Relationship": "Outer",
                      "Parallel Aware": true,
                      "Join Type": "Inner",
                      "Startup Cost": 62323.21,
                      "Total Cost": 90161.37,
                      "Plan Rows": 60268,
                      "Plan Width": 8,
                      "Actual Startup Time": 216.084,
                      "Actual Total Time": 300.351,
                      "Actual Rows": 12126,
                      "Actual Loops": 4,
                      "Inner Unique": true,
                      "Hash Cond": "(mk.movie_id = t.id)",
                      "Plans": [
                        {
                          "Node Type": "Bitmap Heap Scan",
                          "Parent Relationship": "Outer",
                          "Parallel Aware": true,
                          "Relation Name": "movie_keyword",
                          "Alias": "mk",
                          "Startup Cost": 14715.93,
                          "Total Cost": 41966.76,
                          "Plan Rows": 223746,
                          "Plan Width": 4,
                          "Actual Startup Time": 46.179,
                          "Actual Total Time": 99.155,
                          "Actual Rows": 169834,
                          "Actual Loops": 4,
                          "Recheck Cond": "(keyword_id > 27569)",
                          "Rows Removed by Index Recheck": 0,
                          "Exact Heap Blocks": 7760,
                          "Lossy Heap Blocks": 0,
                          "Plans": [
                            {
                              "Node Type": "Bitmap Index Scan",
                              "Parent Relationship": "Outer",
                              "Parallel Aware": false,
                              "Index Name": "keyword_id_movie_keyword",
                              "Startup Cost": 0.0,
                              "Total Cost": 14542.53,
                              "Plan Rows": 693613,
                              "Plan Width": 0,
                              "Actual Startup Time": 42.632,
                              "Actual Total Time": 42.633,
                              "Actual Rows": 679336,
                              "Actual Loops": 1,
                              "Index Cond": "(keyword_id > 27569)"
                            }
                          ]
                        },
                        {
                          "Node Type": "Hash",
                          "Parent Relationship": "Inner",
                          "Parallel Aware": true,
                          "Startup Cost": 45479.1,
                          "Total Cost": 45479.1,
                          "Plan Rows": 170254,
                          "Plan Width": 4,
                          "Actual Startup Time": 164.848,
                          "Actual Total Time": 164.849,
                          "Actual Rows": 184920,
                          "Actual Loops": 4,
                          "Hash Buckets": 1048576,
                          "Original Hash Buckets": 1048576,
                          "Hash Batches": 1,
                          "Original Hash Batches": 1,
                          "Peak Memory Usage": 37216,
                          "Plans": [
                            {
                              "Node Type": "Seq Scan",
                              "Parent Relationship": "Outer",
                              "Parallel Aware": true,
                              "Relation Name": "title",
                              "Alias": "t",
                              "Startup Cost": 0.0,
                              "Total Cost": 45479.1,
                              "Plan Rows": 170254,
                              "Plan Width": 4,
                              "Actual Startup Time": 0.045,
                              "Actual Total Time": 98.884,
                              "Actual Rows": 184920,
                              "Actual Loops": 4,
                              "Filter": "((production_year > 2004) AND (kind_id = 7))",
                              "Rows Removed by Filter": 447158
                            }
                          ]
                        }
                      ]
                    },
                    {
                      "Node Type": "Index Only Scan",
                      "Parent Relationship": "Inner",
                      "Parallel Aware": false,
                      "Scan Direction": "Forward",
                      "Index Name": "movie_id_cast_info",
                      "Relation Name": "cast_info",
                      "Alias": "ci",
                      "Startup Cost": 0.56,
                      "Total Cost": 3.46,
                      "Plan Rows": 37,
                      "Plan Width": 4,
                      "Actual Startup Time": 0.004,
                      "Actual Total Time": 0.027,
                      "Actual Rows": 39,
                      "Actual Loops": 48504,
                      "Index Cond": "(movie_id = t.id)",
                      "Rows Removed by Index Recheck": 0,
                      "Heap Fetches": 1872137
                    }
                  ]
                }
              ]
            }
          ]
        }
      ]
    },
    "Planning Time": 1.324,
    "Triggers": [],
    "Execution Time": 756.283
  }
]