[
  {
    "Plan": {
      "Node Type": "Aggregate",
      "Strategy": "Plain",
      "Partial Mode": "Simple",
      "Parallel Aware": false,
      "Startup Cost": 11238.88,
      "Total Cost": 11238.89,
      "Plan Rows": 1,
      "Plan Width": 128,
      "Actual Startup Time": 7610.947,
      "Actual Total Time": 7610.971,
      "Actual Rows": 1,
      "Actual Loops": 1,
      "Plans": [
        {
          "Node Type": "Nested Loop",
          "Parent Relationship": "Outer",
          "Parallel Aware": false,
          "Join Type": "Inner",
          "Startup Cost": 13.76,
          "Total Cost": 11238.87,
          "Plan Rows": 1,
          "Plan Width": 81,
          "Actual Startup Time": 44.67,
          "Actual Total Time": 7608.551,
          "Actual Rows": 3406,
          "Actual Loops": 1,
          "Inner Unique": true,
          "Plans": [
            {
              "Node Type": "Nested Loop",
              "Parent Relationship": "Outer",
              "Parallel Aware": false,
              "Join Type": "Inner",
              "Startup Cost": 13.63,
              "Total Cost": 11238.7,
              "Plan Rows": 1,
              "Plan Width": 85,
              "Actual Startup Time": 44.647,
              "Actual Total Time": 7598.839,
              "Actual Rows": 5707,
              "Actual Loops": 1,
              "Inner Unique": true,
              "Plans": [
                {
                  "Node Type": "Nested Loop",
                  "Parent Relationship": "Outer",
                  "Parallel Aware": false,
                  "Join Type": "Inner",
                  "Startup Cost": 13.2,
                  "Total Cost": 11238.03,
                  "Plan Rows": 1,
                  "Plan Width": 74,
                  "Actual Startup Time": 27.481,
                  "Actual Total Time": 7456.864,
                  "Actual Rows": 9174,
                  "Actual Loops": 1,
                  "Inner Unique": true,
                  "Join Filter": "(mi.info_type_id = it1.id)",
                  "Rows Removed by Join Filter": 1633,
                  "Plans": [
                    {
                      "Node Type": "Nested Loop",
                      "Parent Relationship": "Outer",
                      "Parallel Aware": false,
                      "Join Type": "Inner",
                      "Startup Cost": 13.2,
                      "Total Cost": 11235.61,
                      "Plan Rows": 1,
                      "Plan Width": 78,
                      "Actual Startup Time": 27.409,
                      "Actual Total Time": 7394.006,
                      "Actual Rows": 10807,
                      "Actual Loops": 1,
                      "Inner Unique": true,
                      "Plans": [
                        {
                          "Node Type": "Nested Loop",
                          "Parent Relationship": "Outer",
                          "Parallel Aware": false,
                          "Join Type": "Inner",
                          "Startup Cost": 13.07,
                          "Total Cost": 11235.45,
                          "Plan Rows": 1,
                          "Plan Width": 82,
                          "Actual Startup Time": 27.376,
                          "Actual Total Time": 7375.846,
                          "Actual Rows": 10807,
                          "Actual Loops": 1,
                          "Inner Unique": false,
                          "Join Filter": "(t.id = mi.movie_id)",
                          "Rows Removed by Join Filter": 0,
                          "Plans": [
                            {
                              "Node Type": "Nested Loop",
                              "Parent Relationship": "Outer",
                              "Parallel Aware": false,
                              "Join Type": "Inner",
                              "Startup Cost": 12.63,
                              "Total Cost": 11234.01,
                              "Plan Rows": 1,
                              "Plan Width": 55,
                              "Actual Startup Time": 14.783,
                              "Actual Total Time": 6309.876,
                              "Actual Rows": 16866,
                              "Actual Loops": 1,
                              "Inner Unique": false,
                              "Join Filter": "(t.id = ci.movie_id)",
                              "Rows Removed by Join Filter": 0,
                              "Plans": [
                                {
                                  "Node Type": "Nested Loop",
                                  "Parent Relationship": "Outer",
                                  "Parallel Aware": false,
                                  "Join Type": "Inner",
                                  "Startup Cost": 12.07,
                                  "Total Cost": 11232.21,
                                  "Plan Rows": 1,
                                  "Plan Width": 47,
                                  "Actual Startup Time": 8.636,
                                  "Actual Total Time": 1373.626,
                                  "Actual Rows": 26898,
                                  "Actual Loops": 1,
                                  "Inner Unique": true,
                                  "Join Filter": "(mi_idx.movie_id = t.id)",
                                  "Rows Removed by Join Filter": 0,
                                  "Plans": [
                                    {
                                      "Node Type": "Nested Loop",
                                      "Parent Relationship": "Outer",
                                      "Parallel Aware": false,
                                      "Join Type": "Inner",
                                      "Startup Cost": 11.64,
                                      "Total Cost": 11231.21,
                                      "Plan Rows": 2,
                                      "Plan Width": 26,
                                      "Actual Startup Time": 8.493,
                                      "Actual Total Time": 1045.122,
                                      "Actual Rows": 35346,
                                      "Actual Loops": 1,
                                      "Inner Unique": false,
                                      "Plans": [
                                        {
                                          "Node Type": "Nested Loop",
                                          "Parent Relationship": "Outer",
                                          "Parallel Aware": false,
                                          "Join Type": "Inner",
                                          "Startup Cost": 11.22,
                                          "Total Cost": 11228.34,
                                          "Plan Rows": 6,
                                          "Plan Width": 14,
                                          "Actual Startup Time": 7.704,
                                          "Actual Total Time": 864.386,
                                          "Actual Rows": 63701,
                                          "Actual Loops": 1,
                                          "Inner Unique": false,
                                          "Join Filter": "(mi_idx.info_type_id = it2.id)",
                                          "Rows Removed by Join Filter": 127988,
                                          "Plans": [
                                            {
                                              "Node Type": "Seq Scan",
                                              "Parent Relationship": "Outer",
                                              "Parallel Aware": false,
                                              "Relation Name": "info_type",
                                              "Alias": "it2",
                                              "Startup Cost": 0.0,
                                              "Total Cost": 2.41,
                                              "Plan Rows": 1,
                                              "Plan Width": 4,
                                              "Actual Startup Time": 0.06,
                                              "Actual Total Time": 0.079,
                                              "Actual Rows": 1,
                                              "Actual Loops": 1,
                                              "Filter": "((info)::text = 'votes'::text)",
                                              "Rows Removed by Filter": 112
                                            },
                                            {
                                              "Node Type": "Nested Loop",
                                              "Parent Relationship": "Inner",
                                              "Parallel Aware": false,
                                              "Join Type": "Inner",
                                              "Startup Cost": 11.22,
                                              "Total Cost": 11217.34,
                                              "Plan Rows": 687,
                                              "Plan Width": 18,
                                              "Actual Startup Time": 7.635,
                                              "Actual Total Time": 845.39,
                                              "Actual Rows": 191689,
                                              "Actual Loops": 1,
                                              "Inner Unique": false,
                                              "Plans": [
                                                {
                                                  "Node Type": "Nested Loop",
                                                  "Parent Relationship": "Outer",
                                                  "Parallel Aware": false,
                                                  "Join Type": "Inner",
                                                  "Startup Cost": 10.79,
                                                  "Total Cost": 11094.02,
                                                  "Plan Rows": 236,
                                                  "Plan Width": 4,
                                                  "Actual Startup Time": 7.508,
                                                  "Actual Total Time": 395.56,
                                                  "Actual Rows": 76714,
                                                  "Actual Loops": 1,
                                                  "Inner Unique": false,
                                                  "Plans": [
                                                    {
                                                      "Node Type": "Seq Scan",
                                                      "Parent Relationship": "Outer",
                                                      "Parallel Aware": false,
                                                      "Relation Name": "keyword",
                                                      "Alias": "k",
                                                      "Startup Cost": 0.0,
                                                      "Total Cost": 3464.69,
                                                      "Plan Rows": 7,
                                                      "Plan Width": 4,
                                                      "Actual Startup Time": 1.392,
                                                      "Actual Total Time": 32.314,
                                                      "Actual Rows": 7,
                                                      "Actual Loops": 1,
                                                      "Filter": "(keyword = ANY ('{murder,violence,blood,gore,death,female-nudity,hospital}'::text[]))",
                                                      "Rows Removed by Filter": 134163
                                                    },
                                                    {
                                                      "Node Type": "Bitmap Heap Scan",
                                                      "Parent Relationship": "Inner",
                                                      "Parallel Aware": false,
                                                      "Relation Name": "movie_keyword",
                                                      "Alias": "mk",
                                                      "Startup Cost": 10.79,
                                                      "Total Cost": 1086.86,
                                                      "Plan Rows": 304,
                                                      "Plan Width": 8,
                                                      "Actual Startup Time": 3.528,
                                                      "Actual Total Time": 49.941,
                                                      "Actual Rows": 10959,
                                                      "Actual Loops": 7,
                                                      "Recheck Cond": "(keyword_id = k.id)",
                                                      "Rows Removed by Index Recheck": 0,
                                                      "Exact Heap Blocks": 53234,
                                                      "Lossy Heap Blocks": 0,
                                                      "Plans": [
                                                        {
                                                          "Node Type": "Bitmap Index Scan",
                                                          "Parent Relationship": "Outer",
                                                          "Parallel Aware": false,
                                                          "Index Name": "keyword_id_movie_keyword",
                                                          "Startup Cost": 0.0,
                                                          "Total Cost": 10.71,
                                                          "Plan Rows": 304,
                                                          "Plan Width": 0,
                                                          "Actual Startup Time": 2.495,
                                                          "Actual Total Time": 2.495,
                                                          "Actual Rows": 10959,
                                                          "Actual Loops": 7,
                                                          "Index Cond": "(keyword_id = k.id)"
                                                        }
                                                      ]
                                                    }
                                                  ]
                                                },
                                                {
                                                  "Node Type": "Index Scan",
                                                  "Parent Relationship": "Inner",
                                                  "Parallel Aware": false,
                                                  "Scan Direction": "Forward",
                                                  "Index Name": "movie_id_movie_info_idx",
                                                  "Relation Name": "movie_info_idx",
                                                  "Alias": "mi_idx",
                                                  "Startup Cost": 0.43,
                                                  "Total Cost": 0.49,
                                                  "Plan Rows": 3,
                                                  "Plan Width": 14,
                                                  "Actual Startup Time": 0.005,
                                                  "Actual Total Time": 0.005,
                                                  "Actual Rows": 2,
                                                  "Actual Loops": 76714,
                                                  "Index Cond": "(movie_id = mk.movie_id)",
                                                  "Rows Removed by Index Recheck": 0
                                                }
                                              ]
                                            }
                                          ]
                                        },
                                        {
                                          "Node Type": "Index Scan",
                                          "Parent Relationship": "Inner",
                                          "Parallel Aware": false,
                                          "Scan Direction": "Forward",
                                          "Index Name": "movie_id_complete_cast",
                                          "Relation Name": "complete_cast",
                                          "Alias": "cc",
                                          "Startup Cost": 0.42,
                                          "Total Cost": 0.46,
                                          "Plan Rows": 2,
                                          "Plan Width": 12,
                                          "Actual Startup Time": 0.002,
                                          "Actual Total Time": 0.002,
                                          "Actual Rows": 1,
                                          "Actual Loops": 63701,
                                          "Index Cond": "(movie_id = mi_idx.movie_id)",
                                          "Rows Removed by Index Recheck": 0
                                        }
                                      ]
                                    },
                                    {
                                      "Node Type": "Index Scan",
                                      "Parent Relationship": "Inner",
                                      "Parallel Aware": false,
                                      "Scan Direction": "Forward",
                                      "Index Name": "title_pkey",
                                      "Relation Name": "title",
                                      "Alias": "t",
                                      "Startup Cost": 0.43,
                                      "Total Cost": 0.49,
                                      "Plan Rows": 1,
                                      "Plan Width": 21,
                                      "Actual Startup Time": 0.009,
                                      "Actual Total Time": 0.009,
                                      "Actual Rows": 1,
                                      "Actual Loops": 35346,
                                      "Index Cond": "(id = mk.movie_id)",
                                      "Rows Removed by Index Recheck": 0,
                                      "Filter": "(production_year < 1999)",
                                      "Rows Removed by Filter": 0
                                    }
                                  ]
                                },
                                {
                                  "Node Type": "Index Scan",
                                  "Parent Relationship": "Inner",
                                  "Parallel Aware": false,
                                  "Scan Direction": "Forward",
                                  "Index Name": "movie_id_cast_info",
                                  "Relation Name": "cast_info",
                                  "Alias": "ci",
                                  "Startup Cost": 0.56,
                                  "Total Cost": 1.78,
                                  "Plan Rows": 1,
                                  "Plan Width": 8,
                                  "Actual Startup Time": 0.155,
                                  "Actual Total Time": 0.183,
                                  "Actual Rows": 1,
                                  "Actual Loops": 26898,
                                  "Index Cond": "(movie_id = mk.movie_id)",
                                  "Rows Removed by Index Recheck": 0,
                                  "Filter": "(note = ANY ('{(writer),\"(head writer)\",\"(written by)\",(story),\"(story editor)\"}'::text[]))",
                                  "Rows Removed by Filter": 57
                                }
                              ]
                            },
                            {
                              "Node Type": "Index Scan",
                              "Parent Relationship": "Inner",
                              "Parallel Aware": false,
                              "Scan Direction": "Forward",
                              "Index Name": "movie_id_movie_info",
                              "Relation Name": "movie_info",
                              "Alias": "mi",
                              "Startup Cost": 0.43,
                              "Total Cost": 1.43,
                              "Plan Rows": 1,
                              "Plan Width": 51,
                              "Actual Startup Time": 0.061,
                              "Actual Total Time": 0.063,
                              "Actual Rows": 1,
                              "Actual Loops": 16866,
                              "Index Cond": "(movie_id = mk.movie_id)",
                              "Rows Removed by Index Recheck": 0,
                              "Filter": "(info = ANY ('{Horror,Thriller}'::text[]))",
                              "Rows Removed by Filter": 101
                            }
                          ]
                        },
                        {
                          "Node Type": "Index Scan",
                          "Parent Relationship": "Inner",
                          "Parallel Aware": false,
                          "Scan Direction": "Forward",
                          "Index Name": "comp_cast_type_pkey",
                          "Relation Name": "comp_cast_type",
                          "Alias": "cct1",
                          "Startup Cost": 0.13,
                          "Total Cost": 0.15,
                          "Plan Rows": 1,
                          "Plan Width": 4,
                          "Actual Startup Time": 0.001,
                          "Actual Total Time": 0.001,
                          "Actual Rows": 1,
                          "Actual Loops": 10807,
                          "Index Cond": "(id = cc.subject_id)",
                          "Rows Removed by Index Recheck": 0,
                          "Filter": "((kind)::text = ANY ('{cast,crew}'::text[]))",
                          "Rows Removed by Filter": 0
                        }
                      ]
                    },
                    {
                      "Node Type": "Seq Scan",
                      "Parent Relationship": "Inner",
                      "Parallel Aware": false,
                      "Relation Name": "info_type",
                      "Alias": "it1",
                      "Startup Cost": 0.0,
                      "Total Cost": 2.41,
                      "Plan Rows": 1,
                      "Plan Width": 4,
                      "Actual Startup Time": 0.003,
                      "Actual Total Time": 0.004,
                      "Actual Rows": 1,
                      "Actual Loops": 10807,
                      "Filter": "((info)::text = 'genres'::text)",
                      "Rows Removed by Filter": 19
                    }
                  ]
                },
                {
                  "Node Type": "Index Scan",
                  "Parent Relationship": "Inner",
                  "Parallel Aware": false,
                  "Scan Direction": "Forward",
                  "Index Name": "name_pkey",
                  "Relation Name": "name",
                  "Alias": "n",
                  "Startup Cost": 0.43,
                  "Total Cost": 0.67,
                  "Plan Rows": 1,
                  "Plan Width": 19,
                  "Actual Startup Time": 0.015,
                  "Actual Total Time": 0.015,
                  "Actual Rows": 1,
                  "Actual Loops": 9174,
                  "Index Cond": "(id = ci.person_id)",
                  "Rows Removed by Index Recheck": 0,
                  "Filter": "((gender)::text = 'm'::text)",
                  "Rows Removed by Filter": 0
                }
              ]
            },
            {
              "Node Type": "Index Scan",
              "Parent Relationship": "Inner",
              "Parallel Aware": false,
              "Scan Direction": "Forward",
              "Index Name": "comp_cast_type_pkey",
              "Relation Name": "comp_cast_type",
              "Alias": "cct2",
              "Startup Cost": 0.13,
              "Total Cost": 0.15,
              "Plan Rows": 1,
              "Plan Width": 4,
              "Actual Startup Time": 0.001,
              "Actual Total Time": 0.001,
              "Actual Rows": 1,
              "Actual Loops": 5707,
              "Index Cond": "(id = cc.status_id)",
              "Rows Removed by Index Recheck": 0,
              "Filter": "((kind)::text = 'complete+verified'::text)",
              "Rows Removed by Filter": 0
            }
          ]
        }
      ]
    },
    "Planning Time": 161.154,
    "Triggers": [],
    "Execution Time": 7612.035
  }
]