[
  {
    "Plan": {
      "Node Type": "Aggregate",
      "Strategy": "Plain",
      "Partial Mode": "Finalize",
      "Parallel Aware": false,
      "Startup Cost": 325125.11,
      "Total Cost": 325125.12,
      "Plan Rows": 1,
      "Plan Width": 8,
      "Actual Startup Time": 6582.091,
      "Actual Total Time": 6645.463,
      "Actual Rows": 1,
      "Actual Loops": 1,
      "Plans": [
        {
          "Node Type": "Gather",
          "Parent Relationship": "Outer",
          "Parallel Aware": false,
          "Startup Cost": 325124.79,
          "Total Cost": 325125.1,
          "Plan Rows": 3,
          "Plan Width": 8,
          "Actual Startup Time": 6541.818,
          "Actual Total Time": 6645.453,
          "Actual Rows": 4,
          "Actual Loops": 1,
          "Workers Planned": 3,
          "Workers Launched": 3,
          "Single Copy": false,
          "Plans": [
            {
              "Node Type": "Aggregate",
              "Strategy": "Plain",
              "Partial Mode": "Partial",
              "Parent Relationship": "Outer",
              "Parallel Aware": false,
              "Startup Cost": 324124.79,
              "Total Cost": 324124.8,
              "Plan Rows": 1,
              "Plan Width": 8,
              "Actual Startup Time": 6507.599,
              "Actual Total Time": 6507.606,
              "Actual Rows": 1,
              "Actual Loops": 4,
              "Plans": [
                {
                  "Node Type": "Hash Join",
                  "Parent Relationship": "Outer",
                  "Parallel Aware": true,
                  "Join Type": "Inner",
                  "Startup Cost": 266022.62,
                  "Total Cost": 316579.03,
                  "Plan Rows": 3018302,
                  "Plan Width": 0,
                  "Actual Startup Time": 2043.094,
                  "Actual Total Time": 4923.587,
                  "Actual Rows": 37638146,
                  "Actual Loops": 4,
                  "Inner Unique": false,
                  "Hash Cond": "(mk.movie_id = t.id)",
                  "Plans": [
                    {
                      "Node Type": "Seq Scan",
                      "Parent Relationship": "Outer",
                      "Parallel Aware": true,
                      "Relation Name": "movie_keyword",
                      "Alias": "mk",
                      "Startup Cost": 0.0,
                      "Total Cost": 39047.32,
                      "Plan Rows": 1459332,
                      "Plan Width": 4,
                      "Actual Startup Time": 0.028,
                      "Actual Total Time": 93.394,
                      "Actual Rows": 1130982,
                      "Actual Loops": 4
                    },
                    {
                      "Node Type": "Hash",
                      "Parent Relationship": "Inner",
                      "Parallel Aware": true,
                      "Startup Cost": 252948.93,
                      "Total Cost": 252948.93,
                      "Plan Rows": 1045895,
                      "Plan Width": 8,
                      "Actual Startup Time": 2024.471,
                      "Actual Total Time": 2024.476,
                      "Actual Rows": 1337760,
                      "Actual Loops": 4,
                      "Hash Buckets": 8388608,
                      "Original Hash Buckets": 8388608,
                      "Hash Batches": 1,
                      "Original Hash Batches": 1,
                      "Peak Memory Usage": 274912,
                      "Plans": [
                        {
                          "Node Type": "Hash Join",
                          "Parent Relationship": "Outer",
                          "Parallel Aware": true,
                          "Join Type": "Inner",
                          "Startup Cost": 50606.32,
                          "Total Cost": 252948.93,
                          "Plan Rows": 1045895,
                          "Plan Width": 8,
                          "Actual Startup Time": 397.363,
                          "Actual Total Time": 1494.203,
                          "Actual Rows": 1337760,
                          "Actual Loops": 4,
                          "Inner Unique": true,
                          "Hash Cond": "(mi.movie_id = t.id)",
                          "Plans": [
                            {
                              "Node Type": "Seq Scan",
                              "Parent Relationship": "Outer",
                              "Parallel Aware": true,
                              "Relation Name": "movie_info",
                              "Alias": "mi",
                              "Startup Cost": 0.0,
                              "Total Cost": 199108.24,
                              "Plan Rows": 1232139,
                              "Plan Width": 4,
                              "Actual Startup Time": 29.787,
                              "Actual Total Time": 537.979,
                              "Actual Rows": 1555874,
                              "Actual Loops": 4,
                              "Filter": "(info_type_id > 8)",
                              "Rows Removed by Filter": 2153056
                            },
                            {
                              "Node Type": "Hash",
                              "Parent Relationship": "Inner",
                              "Parallel Aware": true,
                              "Startup Cost": 43899.32,
                              "Total Cost": 43899.32,
                              "Plan Rows": 536560,
                              "Plan Width": 4,
                              "Actual Startup Time": 360.457,
                              "Actual Total Time": 360.458,
                              "Actual Rows": 533243,
                              "Actual Loops": 4,
                              "Hash Buckets": 4194304,
                              "Original Hash Buckets": 4194304,
                              "Hash Batches": 1,
                              "Original Hash Batches": 1,
                              "Peak Memory Usage": 116320,
                              "Plans": [
                                {
                                  "Node Type": "Seq Scan",
                                  "Parent Relationship": "Outer",
                                  "Parallel Aware": true,
                                  "Relation Name": "title",
                                  "Alias": "t",
                                  "Startup Cost": 0.0,
                                  "Total Cost": 43899.32,
                                  "Plan Rows": 536560,
                                  "Plan Width": 4,
                                  "Actual Startup Time": 0.062,
                                  "Actual Total Time": 127.132,
                                  "Actual Rows": 533243,
                                  "Actual Loops": 4,
                                  "Filter": "(production_year > 1966)",
                                  "Rows Removed by Filter": 98835
                                }
                              ]
                            }
                          ]
                        }
                      ]
                    }
                  ]
                }
              ]
            }
          ]
        }
      ]
    },
    "Planning Time": 1.393,
    "Triggers": [],
    "Execution Time": 6645.552
  }
]