[
  {
    "Plan": {
      "Node Type": "Aggregate",
      "Strategy": "Plain",
      "Partial Mode": "Finalize",
      "Parallel Aware": false,
      "Startup Cost": 347732.7,
      "Total Cost": 347732.71,
      "Plan Rows": 1,
      "Plan Width": 8,
      "Actual Startup Time": 634.545,
      "Actual Total Time": 681.394,
      "Actual Rows": 1,
      "Actual Loops": 1,
      "Plans": [
        {
          "Node Type": "Gather",
          "Parent Relationship": "Outer",
          "Parallel Aware": false,
          "Startup Cost": 347732.07,
          "Total Cost": 347732.68,
          "Plan Rows": 6,
          "Plan Width": 8,
          "Actual Startup Time": 634.342,
          "Actual Total Time": 681.363,
          "Actual Rows": 7,
          "Actual Loops": 1,
          "Workers Planned": 6,
          "Workers Launched": 6,
          "Single Copy": false,
          "Plans": [
            {
              "Node Type": "Aggregate",
              "Strategy": "Plain",
              "Partial Mode": "Partial",
              "Parent Relationship": "Outer",
              "Parallel Aware": false,
              "Startup Cost": 346732.07,
              "Total Cost": 346732.08,
              "Plan Rows": 1,
              "Plan Width": 8,
              "Actual Startup Time": 627.055,
              "Actual Total Time": 627.056,
              "Actual Rows": 1,
              "Actual Loops": 7,
              "Plans": [
                {
                  "Node Type": "Seq Scan",
                  "Parent Relationship": "Outer",
                  "Parallel Aware": true,
                  "Relation Name": "cast_info",
                  "Alias": "ci",
                  "Startup Cost": 0.0,
                  "Total Cost": 343316.27,
                  "Plan Rows": 1366320,
                  "Plan Width": 0,
                  "Actual Startup Time": 322.148,
                  "Actual Total Time": 595.067,
                  "Actual Rows": 714071,
                  "Actual Loops": 7,
                  "Filter": "((person_id > 2693298) AND (role_id < 8))",
                  "Rows Removed by Filter": 4463692
                }
              ]
            }
          ]
        }
      ]
    },
    "Planning Time": 0.192,
    "Triggers": [],
    "Execution Time": 681.457
  }
]