[
  {
    "Plan": {
      "Node Type": "Aggregate",
      "Strategy": "Plain",
      "Partial Mode": "Finalize",
      "Parallel Aware": false,
      "Startup Cost": 23925.32,
      "Total Cost": 23925.33,
      "Plan Rows": 1,
      "Plan Width": 8,
      "Actual Startup Time": 59.69,
      "Actual Total Time": 67.074,
      "Actual Rows": 1,
      "Actual Loops": 1,
      "Plans": [
        {
          "Node Type": "Gather",
          "Parent Relationship": "Outer",
          "Parallel Aware": false,
          "Startup Cost": 23925.1,
          "Total Cost": 23925.31,
          "Plan Rows": 2,
          "Plan Width": 8,
          "Actual Startup Time": 59.54,
          "Actual Total Time": 67.068,
          "Actual Rows": 3,
          "Actual Loops": 1,
          "Workers Planned": 2,
          "Workers Launched": 2,
          "Single Copy": false,
          "Plans": [
            {
              "Node Type": "Aggregate",
              "Strategy": "Plain",
              "Partial Mode": "Partial",
              "Parent Relationship": "Outer",
              "Parallel Aware": false,
              "Startup Cost": 22925.1,
              "Total Cost": 22925.11,
              "Plan Rows": 1,
              "Plan Width": 8,
              "Actual Startup Time": 51.107,
              "Actual Total Time": 51.109,
              "Actual Rows": 1,
              "Actual Loops": 3,
              "Plans": [
                {
                  "Node Type": "Nested Loop",
                  "Parent Relationship": "Outer",
                  "Parallel Aware": false,
                  "Join Type": "Inner",
                  "Startup Cost": 86.28,
                  "Total Cost": 22925.09,
                  "Plan Rows": 6,
                  "Plan Width": 0,
                  "Actual Startup Time": 5.883,
                  "Actual Total Time": 51.077,
                  "Actual Rows": 113,
                  "Actual Loops": 3,
                  "Inner Unique": false,
                  "Plans": [
                    {
                      "Node Type": "Nested Loop",
                      "Parent Relationship": "Outer",
                      "Parallel Aware": false,
                      "Join Type": "Inner",
                      "Startup Cost": 85.85,
                      "Total Cost": 21157.26,
                      "Plan Rows": 1233,
                      "Plan Width": 8,
                      "Actual Startup Time": 1.886,
                      "Actual Total Time": 18.629,
                      "Actual Rows": 1137,
                      "Actual Loops": 3,
                      "Inner Unique": true,
                      "Plans": [
                        {
                          "Node Type": "Bitmap Heap Scan",
                          "Parent Relationship": "Outer",
                          "Parallel Aware": true,
                          "Relation Name": "movie_companies",
                          "Alias": "mc",
                          "Startup Cost": 85.42,
                          "Total Cost": 9370.2,
                          "Plan Rows": 1558,
                          "Plan Width": 4,
                          "Actual Startup Time": 1.597,
                          "Actual Total Time": 6.523,
                          "Actual Rows": 1200,
                          "Actual Loops": 3,
                          "Recheck Cond": "(company_id = 521)",
                          "Rows Removed by Index Recheck": 0,
                          "Exact Heap Blocks": 1132,
                          "Lossy Heap Blocks": 0,
                          "Plans": [
                            {
                              "Node Type": "Bitmap Index Scan",
                              "Parent Relationship": "Outer",
                              "Parallel Aware": false,
                              "Index Name": "company_id_movie_companies",
                              "Startup Cost": 0.0,
                              "Total Cost": 84.48,
                              "Plan Rows": 3740,
                              "Plan Width": 0,
                              "Actual Startup Time": 3.441,
                              "Actual Total Time": 3.441,
                              "Actual Rows": 3601,
                              "Actual Loops": 1,
                              "Index Cond": "(company_id = 521)"
                            }
                          ]
                        },
                        {
                          "Node Type": "Index Scan",
                          "Parent Relationship": "Inner",
                          "Parallel Aware": false,
                          "Scan Direction": "Forward",
                          "Index Name": "title_pkey",
                          "Relation Name": "title",
                          "Alias": "t",
                          "Startup Cost": 0.43,
                          "Total Cost": 7.57,
                          "Plan Rows": 1,
                          "Plan Width": 4,
                          "Actual Startup Time": 0.009,
                          "Actual Total Time": 0.009,
                          "Actual Rows": 1,
                          "Actual Loops": 3601,
                          "Index Cond": "(id = mc.movie_id)",
                          "Rows Removed by Index Recheck": 0,
                          "Filter": "(production_year > 1976)",
                          "Rows Removed by Filter": 0
                        }
                      ]
                    },
                    {
                      "Node Type": "Index Scan",
                      "Parent Relationship": "Inner",
                      "Parallel Aware": false,
                      "Scan Direction": "Forward",
                      "Index Name": "movie_id_movie_keyword",
                      "Relation Name": "movie_keyword",
                      "Alias": "mk",
                      "Startup Cost": 0.43,
                      "Total Cost": 1.42,
                      "Plan Rows": 1,
                      "Plan Width": 4,
                      "Actual Startup Time": 0.028,
                      "Actual Total Time": 0.028,
                      "Actual Rows": 0,
                      "Actual Loops": 3411,
                      "Index Cond": "(movie_id = t.id)",
                      "Rows Removed by Index Recheck": 0,
                      "Filter": "(keyword_id = 398)",
                      "Rows Removed by Filter": 95
                    }
                  ]
                }
              ]
            }
          ]
        }
      ]
    },
    "Planning Time": 1.436,
    "Triggers": [],
    "Execution Time": 67.171
  }
]