[
  {
    "Plan": {
      "Node Type": "Aggregate",
      "Strategy": "Plain",
      "Partial Mode": "Finalize",
      "Parallel Aware": false,
      "Startup Cost": 32977.02,
      "Total Cost": 32977.03,
      "Plan Rows": 1,
      "Plan Width": 8,
      "Actual Startup Time": 103.14,
      "Actual Total Time": 112.854,
      "Actual Rows": 1,
      "Actual Loops": 1,
      "Plans": [
        {
          "Node Type": "Gather",
          "Parent Relationship": "Outer",
          "Parallel Aware": false,
          "Startup Cost": 32976.7,
          "Total Cost": 32977.01,
          "Plan Rows": 3,
          "Plan Width": 8,
          "Actual Startup Time": 102.902,
          "Actual Total Time": 112.843,
          "Actual Rows": 4,
          "Actual Loops": 1,
          "Workers Planned": 3,
          "Workers Launched": 3,
          "Single Copy": false,
          "Plans": [
            {
              "Node Type": "Aggregate",
              "Strategy": "Plain",
              "Partial Mode": "Partial",
              "Parent Relationship": "Outer",
              "Parallel Aware": false,
              "Startup Cost": 31976.7,
              "Total Cost": 31976.71,
              "Plan Rows": 1,
              "Plan Width": 8,
              "Actual Startup Time": 93.538,
              "Actual Total Time": 93.539,
              "Actual Rows": 1,
              "Actual Loops": 4,
              "Plans": [
                {
                  "Node Type": "Seq Scan",
                  "Parent Relationship": "Outer",
                  "Parallel Aware": true,
                  "Relation Name": "movie_companies",
                  "Alias": "mc",
                  "Startup Cost": 0.0,
                  "Total Cost": 31414.82,
                  "Plan Rows": 224752,
                  "Plan Width": 0,
                  "Actual Startup Time": 16.11,
                  "Actual Total Time": 86.334,
                  "Actual Rows": 118960,
                  "Actual Loops": 4,
                  "Filter": "((company_id > 10584) AND (company_type_id = 1))",
                  "Rows Removed by Filter": 533322
                }
              ]
            }
          ]
        }
      ]
    },
    "Planning Time": 0.275,
    "Triggers": [],
    "Execution Time": 112.918
  }
]