[
  {
    "Plan": {
      "Node Type": "Aggregate",
      "Strategy": "Plain",
      "Partial Mode": "Finalize",
      "Parallel Aware": false,
      "Startup Cost": 431886.17,
      "Total Cost": 431886.18,
      "Plan Rows": 1,
      "Plan Width": 8,
      "Actual Startup Time": 1830.042,
      "Actual Total Time": 1889.5,
      "Actual Rows": 1,
      "Actual Loops": 1,
      "Plans": [
        {
          "Node Type": "Gather",
          "Parent Relationship": "Outer",
          "Parallel Aware": false,
          "Startup Cost": 431885.55,
          "Total Cost": 431886.16,
          "Plan Rows": 6,
          "Plan Width": 8,
          "Actual Startup Time": 1821.565,
          "Actual Total Time": 1889.491,
          "Actual Rows": 7,
          "Actual Loops": 1,
          "Workers Planned": 6,
          "Workers Launched": 6,
          "Single Copy": false,
          "Plans": [
            {
              "Node Type": "Aggregate",
              "Strategy": "Plain",
              "Partial Mode": "Partial",
              "Parent Relationship": "Outer",
              "Parallel Aware": false,
              "Startup Cost": 430885.55,
              "Total Cost": 430885.56,
              "Plan Rows": 1,
              "Plan Width": 8,
              "Actual Startup Time": 1811.49,
              "Actual Total Time": 1811.555,
              "Actual Rows": 1,
              "Actual Loops": 7,
              "Plans": [
                {
                  "Node Type": "Hash Join",
                  "Parent Relationship": "Outer",
                  "Parallel Aware": true,
                  "Join Type": "Inner",
                  "Startup Cost": 80566.11,
                  "Total Cost": 428756.53,
                  "Plan Rows": 851608,
                  "Plan Width": 0,
                  "Actual Startup Time": 386.293,
                  "Actual Total Time": 1758.651,
                  "Actual Rows": 1027259,
                  "Actual Loops": 7,
                  "Inner Unique": false,
                  "Hash Cond": "(ci.movie_id = t.id)",
                  "Plans": [
                    {
                      "Node Type": "Seq Scan",
                      "Parent Relationship": "Outer",
                      "Parallel Aware": true,
                      "Relation Name": "cast_info",
                      "Alias": "ci",
                      "Startup Cost": 0.0,
                      "Total Cost": 328211.39,
                      "Plan Rows": 4595175,
                      "Plan Width": 4,
                      "Actual Startup Time": 94.691,
                      "Actual Total Time": 666.192,
                      "Actual Rows": 3929884,
                      "Actual Loops": 7,
                      "Filter": "(person_id > 860245)",
                      "Rows Removed by Filter": 1247880
                    },
                    {
                      "Node Type": "Hash",
                      "Parent Relationship": "Inner",
                      "Parallel Aware": true,
                      "Startup Cost": 78676.66,
                      "Total Cost": 78676.66,
                      "Plan Rows": 151156,
                      "Plan Width": 8,
                      "Actual Startup Time": 289.16,
                      "Actual Total Time": 289.223,
                      "Actual Rows": 65849,
                      "Actual Loops": 7,
                      "Hash Buckets": 524288,
                      "Original Hash Buckets": 524288,
                      "Hash Batches": 1,
                      "Original Hash Batches": 1,
                      "Peak Memory Usage": 22272,
                      "Plans": [
                        {
                          "Node Type": "Hash Join",
                          "Parent Relationship": "Outer",
                          "Parallel Aware": true,
                          "Join Type": "Inner",
                          "Startup Cost": 48223.34,
                          "Total Cost": 78676.66,
                          "Plan Rows": 151156,
                          "Plan Width": 8,
                          "Actual Startup Time": 155.959,
                          "Actual Total Time": 263.264,
                          "Actual Rows": 65849,
                          "Actual Loops": 7,
                          "Inner Unique": true,
                          "Hash Cond": "(mc.movie_id = t.id)",
                          "Plans": [
                            {
                              "Node Type": "Seq Scan",
                              "Parent Relationship": "Outer",
                              "Parallel Aware": true,
                              "Relation Name": "movie_companies",
                              "Alias": "mc",
                              "Startup Cost": 0.0,
                              "Total Cost": 29310.68,
                              "Plan Rows": 435293,
                              "Plan Width": 4,
                              "Actual Startup Time": 0.017,
                              "Actual Total Time": 50.564,
                              "Actual Rows": 193778,
                              "Actual Loops": 7,
                              "Filter": "(company_id < 11652)",
                              "Rows Removed by Filter": 178954
                            },
                            {
                              "Node Type": "Hash",
                              "Parent Relationship": "Inner",
                              "Parallel Aware": true,
                              "Startup Cost": 45479.59,
                              "Total Cost": 45479.59,
                              "Plan Rows": 219500,
                              "Plan Width": 4,
                              "Actual Startup Time": 153.715,
                              "Actual Total Time": 153.717,
                              "Actual Rows": 113598,
                              "Actual Loops": 7,
                              "Hash Buckets": 1048576,
                              "Original Hash Buckets": 1048576,
                              "Hash Batches": 1,
                              "Original Hash Batches": 1,
                              "Peak Memory Usage": 39392,
                              "Plans": [
                                {
                                  "Node Type": "Seq Scan",
                                  "Parent Relationship": "Outer",
                                  "Parallel Aware": true,
                                  "Relation Name": "title",
                                  "Alias": "t",
                                  "Startup Cost": 0.0,
                                  "Total Cost": 45479.59,
                                  "Plan Rows": 219500,
                                  "Plan Width": 4,
                                  "Actual Startup Time": 0.058,
                                  "Actual Total Time": 88.059,
                                  "Actual Rows": 113598,
                                  "Actual Loops": 7,
                                  "Filter": "((kind_id > 1) AND (production_year < 2003))",
                                  "Rows Removed by Filter": 247590
                                }
                              ]
                            }
                          ]
                        }
                      ]
                    }
                  ]
                }
              ]
            }
          ]
        }
      ]
    },
    "Planning Time": 1.391,
    "Triggers": [],
    "Execution Time": 1889.596
  }
]