[
  {
    "Plan": {
      "Node Type": "Aggregate",
      "Strategy": "Plain",
      "Partial Mode": "Finalize",
      "Parallel Aware": false,
      "Startup Cost": 120595.79,
      "Total Cost": 120595.8,
      "Plan Rows": 1,
      "Plan Width": 8,
      "Actual Startup Time": 346.357,
      "Actual Total Time": 366.818,
      "Actual Rows": 1,
      "Actual Loops": 1,
      "Plans": [
        {
          "Node Type": "Gather",
          "Parent Relationship": "Outer",
          "Parallel Aware": false,
          "Startup Cost": 120595.48,
          "Total Cost": 120595.79,
          "Plan Rows": 3,
          "Plan Width": 8,
          "Actual Startup Time": 345.565,
          "Actual Total Time": 366.809,
          "Actual Rows": 4,
          "Actual Loops": 1,
          "Workers Planned": 3,
          "Workers Launched": 3,
          "Single Copy": false,
          "Plans": [
            {
              "Node Type": "Aggregate",
              "Strategy": "Plain",
              "Partial Mode": "Partial",
              "Parent Relationship": "Outer",
              "Parallel Aware": false,
              "Startup Cost": 119595.48,
              "Total Cost": 119595.49,
              "Plan Rows": 1,
              "Plan Width": 8,
              "Actual Startup Time": 336.489,
              "Actual Total Time": 336.493,
              "Actual Rows": 1,
              "Actual Loops": 4,
              "Plans": [
                {
                  "Node Type": "Nested Loop",
                  "Parent Relationship": "Outer",
                  "Parallel Aware": false,
                  "Join Type": "Inner",
                  "Startup Cost": 46293.67,
                  "Total Cost": 119543.93,
                  "Plan Rows": 20619,
                  "Plan Width": 0,
                  "Actual Startup Time": 123.355,
                  "Actual Total Time": 327.636,
                  "Actual Rows": 196021,
                  "Actual Loops": 4,
                  "Inner Unique": false,
                  "Join Filter": "(t.id = mk.movie_id)",
                  "Rows Removed by Join Filter": 0,
                  "Plans": [
                    {
                      "Node Type": "Hash Join",
                      "Parent Relationship": "Outer",
                      "Parallel Aware": true,
                      "Join Type": "Inner",
                      "Startup Cost": 46293.24,
                      "Total Cost": 78257.59,
                      "Plan Rows": 21572,
                      "Plan Width": 8,
                      "Actual Startup Time": 123.176,
                      "Actual Total Time": 199.255,
                      "Actual Rows": 16889,
                      "Actual Loops": 4,
                      "Inner Unique": true,
                      "Hash Cond": "(mc.movie_id = t.id)",
                      "Plans": [
                        {
                          "Node Type": "Seq Scan",
                          "Parent Relationship": "Outer",
                          "Parallel Aware": true,
                          "Relation Name": "movie_companies",
                          "Alias": "mc",
                          "Startup Cost": 0.0,
                          "Total Cost": 31414.82,
                          "Plan Rows": 209346,
                          "Plan Width": 4,
                          "Actual Startup Time": 9.295,
                          "Actual Total Time": 62.392,
                          "Actual Rows": 102261,
                          "Actual Loops": 4,
                          "Filter": "((company_id > 11240) AND (company_type_id = 1))",
                          "Rows Removed by Filter": 550021
                        },
                        {
                          "Node Type": "Hash",
                          "Parent Relationship": "Inner",
                          "Parallel Aware": true,
                          "Startup Cost": 45479.1,
                          "Total Cost": 45479.1,
                          "Plan Rows": 65131,
                          "Plan Width": 4,
                          "Actual Startup Time": 111.562,
                          "Actual Total Time": 111.564,
                          "Actual Rows": 56962,
                          "Actual Loops": 4,
                          "Hash Buckets": 262144,
                          "Original Hash Buckets": 262144,
                          "Hash Batches": 1,
                          "Original Hash Batches": 1,
                          "Peak Memory Usage": 11040,
                          "Plans": [
                            {
                              "Node Type": "Seq Scan",
                              "Parent Relationship": "Outer",
                              "Parallel Aware": true,
                              "Relation Name": "title",
                              "Alias": "t",
                              "Startup Cost": 0.0,
                              "Total Cost": 45479.1,
                              "Plan Rows": 65131,
                              "Plan Width": 4,
                              "Actual Startup Time": 0.066,
                              "Actual Total Time": 94.839,
                              "Actual Rows": 56962,
                              "Actual Loops": 4,
                              "Filter": "((kind_id < 7) AND (production_year > 2008))",
                              "Rows Removed by Filter": 575116
                            }
                          ]
                        }
                      ]
                    },
                    {
                      "Node Type": "Index Scan",
                      "Parent Relationship": "Inner",
                      "Parallel Aware": false,
                      "Scan Direction": "Forward",
                      "Index Name": "movie_id_movie_keyword",
                      "Relation Name": "movie_keyword",
                      "Alias": "mk",
                      "Startup Cost": 0.43,
                      "Total Cost": 1.61,
                      "Plan Rows": 24,
                      "Plan Width": 4,
                      "Actual Startup Time": 0.003,
                      "Actual Total Time": 0.006,
                      "Actual Rows": 12,
                      "Actual Loops": 67557,
                      "Index Cond": "(movie_id = mc.movie_id)",
                      "Rows Removed by Index Recheck": 0,
                      "Filter": "(keyword_id < 5703)",
                      "Rows Removed by Filter": 13
                    }
                  ]
                }
              ]
            }
          ]
        }
      ]
    },
    "Planning Time": 1.523,
    "Triggers": [],
    "Execution Time": 366.911
  }
]