[
  {
    "Plan": {
      "Node Type": "Aggregate",
      "Strategy": "Plain",
      "Partial Mode": "Finalize",
      "Parallel Aware": false,
      "Startup Cost": 231593.85,
      "Total Cost": 231593.86,
      "Plan Rows": 1,
      "Plan Width": 8,
      "Actual Startup Time": 287.744,
      "Actual Total Time": 311.67,
      "Actual Rows": 1,
      "Actual Loops": 1,
      "Plans": [
        {
          "Node Type": "Gather",
          "Parent Relationship": "Outer",
          "Parallel Aware": false,
          "Startup Cost": 231593.23,
          "Total Cost": 231593.84,
          "Plan Rows": 6,
          "Plan Width": 8,
          "Actual Startup Time": 287.579,
          "Actual Total Time": 311.651,
          "Actual Rows": 7,
          "Actual Loops": 1,
          "Workers Planned": 6,
          "Workers Launched": 6,
          "Single Copy": false,
          "Plans": [
            {
              "Node Type": "Aggregate",
              "Strategy": "Plain",
              "Partial Mode": "Partial",
              "Parent Relationship": "Outer",
              "Parallel Aware": false,
              "Startup Cost": 230593.23,
              "Total Cost": 230593.24,
              "Plan Rows": 1,
              "Plan Width": 8,
              "Actual Startup Time": 279.552,
              "Actual Total Time": 279.554,
              "Actual Rows": 1,
              "Actual Loops": 7,
              "Plans": [
                {
                  "Node Type": "Index Scan",
                  "Parent Relationship": "Outer",
                  "Parallel Aware": true,
                  "Scan Direction": "Forward",
                  "Index Name": "role_id_cast_info",
                  "Relation Name": "cast_info",
                  "Alias": "ci",
                  "Startup Cost": 0.56,
                  "Total Cost": 228010.93,
                  "Plan Rows": 1032920,
                  "Plan Width": 0,
                  "Actual Startup Time": 0.138,
                  "Actual Total Time": 260.37,
                  "Actual Rows": 393403,
                  "Actual Loops": 7,
                  "Index Cond": "(role_id > 5)",
                  "Rows Removed by Index Recheck": 0,
                  "Filter": "(person_id < 2740119)",
                  "Rows Removed by Filter": 818927
                }
              ]
            }
          ]
        }
      ]
    },
    "Planning Time": 0.125,
    "Triggers": [],
    "Execution Time": 311.713
  }
]