[
  {
    "Plan": {
      "Node Type": "Aggregate",
      "Strategy": "Plain",
      "Partial Mode": "Finalize",
      "Parallel Aware": false,
      "Startup Cost": 355283.79,
      "Total Cost": 355283.8,
      "Plan Rows": 1,
      "Plan Width": 8,
      "Actual Startup Time": 1273.47,
      "Actual Total Time": 1313.674,
      "Actual Rows": 1,
      "Actual Loops": 1,
      "Plans": [
        {
          "Node Type": "Gather",
          "Parent Relationship": "Outer",
          "Parallel Aware": false,
          "Startup Cost": 355283.58,
          "Total Cost": 355283.79,
          "Plan Rows": 2,
          "Plan Width": 8,
          "Actual Startup Time": 1258.957,
          "Actual Total Time": 1313.662,
          "Actual Rows": 3,
          "Actual Loops": 1,
          "Workers Planned": 2,
          "Workers Launched": 2,
          "Single Copy": false,
          "Plans": [
            {
              "Node Type": "Aggregate",
              "Strategy": "Plain",
              "Partial Mode": "Partial",
              "Parent Relationship": "Outer",
              "Parallel Aware": false,
              "Startup Cost": 354283.58,
              "Total Cost": 354283.59,
              "Plan Rows": 1,
              "Plan Width": 8,
              "Actual Startup Time": 1251.368,
              "Actual Total Time": 1255.744,
              "Actual Rows": 1,
              "Actual Loops": 3,
              "Plans": [
                {
                  "Node Type": "Hash Join",
                  "Parent Relationship": "Outer",
                  "Parallel Aware": true,
                  "Join Type": "Inner",
                  "Startup Cost": 337748.11,
                  "Total Cost": 353936.57,
                  "Plan Rows": 138804,
                  "Plan Width": 0,
                  "Actual Startup Time": 1030.547,
                  "Actual Total Time": 1220.682,
                  "Actual Rows": 667104,
                  "Actual Loops": 3,
                  "Inner Unique": false,
                  "Hash Cond": "(mi_idx.movie_id = t.id)",
                  "Plans": [
                    {
                      "Node Type": "Seq Scan",
                      "Parent Relationship": "Outer",
                      "Parallel Aware": true,
                      "Relation Name": "movie_info_idx",
                      "Alias": "mi_idx",
                      "Startup Cost": 0.0,
                      "Total Cost": 13685.15,
                      "Plan Rows": 575015,
                      "Plan Width": 4,
                      "Actual Startup Time": 0.035,
                      "Actual Total Time": 43.543,
                      "Actual Rows": 460012,
                      "Actual Loops": 3
                    },
                    {
                      "Node Type": "Hash",
                      "Parent Relationship": "Inner",
                      "Parallel Aware": true,
                      "Startup Cost": 335840.88,
                      "Total Cost": 335840.88,
                      "Plan Rows": 152578,
                      "Plan Width": 8,
                      "Actual Startup Time": 1024.06,
                      "Actual Total Time": 1028.434,
                      "Actual Rows": 445247,
                      "Actual Loops": 3,
                      "Hash Buckets": 2097152,
                      "Original Hash Buckets": 1048576,
                      "Hash Batches": 1,
                      "Original Hash Batches": 1,
                      "Peak Memory Usage": 76864,
                      "Plans": [
                        {
                          "Node Type": "Hash Join",
                          "Parent Relationship": "Outer",
                          "Parallel Aware": true,
                          "Join Type": "Inner",
                          "Startup Cost": 286947.13,
                          "Total Cost": 335840.88,
                          "Plan Rows": 152578,
                          "Plan Width": 8,
                          "Actual Startup Time": 363.32,
                          "Actual Total Time": 868.434,
                          "Actual Rows": 445247,
                          "Actual Loops": 3,
                          "Inner Unique": false,
                          "Hash Cond": "(t.id = ci.movie_id)",
                          "Plans": [
                            {
                              "Node Type": "Seq Scan",
                              "Parent Relationship": "Outer",
                              "Parallel Aware": true,
                              "Relation Name": "title",
                              "Alias": "t",
                              "Startup Cost": 0.0,
                              "Total Cost": 42318.73,
                              "Plan Rows": 632073,
                              "Plan Width": 4,
                              "Actual Startup Time": 0.014,
                              "Actual Total Time": 118.601,
                              "Actual Rows": 842771,
                              "Actual Loops": 3
                            },
                            {
                              "Node Type": "Hash",
                              "Parent Relationship": "Inner",
                              "Parallel Aware": true,
                              "Startup Cost": 285675.65,
                              "Total Cost": 285675.65,
                              "Plan Rows": 101718,
                              "Plan Width": 4,
                              "Actual Startup Time": 359.45,
                              "Actual Total Time": 359.452,
                              "Actual Rows": 445247,
                              "Actual Loops": 3,
                              "Hash Buckets": 2097152,
                              "Original Hash Buckets": 1048576,
                              "Hash Batches": 1,
                              "Original Hash Batches": 1,
                              "Peak Memory Usage": 76864,
                              "Plans": [
                                {
                                  "Node Type": "Bitmap Heap Scan",
                                  "Parent Relationship": "Outer",
                                  "Parallel Aware": true,
                                  "Relation Name": "cast_info",
                                  "Alias": "ci",
                                  "Startup Cost": 29615.78,
                                  "Total Cost": 285675.65,
                                  "Plan Rows": 101718,
                                  "Plan Width": 4,
                                  "Actual Startup Time": 58.527,
                                  "Actual Total Time": 175.512,
                                  "Actual Rows": 445247,
                                  "Actual Loops": 3,
                                  "Recheck Cond": "(person_id > 3803058)",
                                  "Rows Removed by Index Recheck": 0,
                                  "Filter": "(role_id > 2)",
                                  "Rows Removed by Filter": 0,
                                  "Exact Heap Blocks": 8905,
                                  "Lossy Heap Blocks": 0,
                                  "Plans": [
                                    {
                                      "Node Type": "Bitmap Index Scan",
                                      "Parent Relationship": "Outer",
                                      "Parallel Aware": false,
                                      "Index Name": "person_id_cast_info",
                                      "Startup Cost": 0.0,
                                      "Total Cost": 29463.2,
                                      "Plan Rows": 1349151,
                                      "Plan Width": 0,
                                      "Actual Startup Time": 55.448,
                                      "Actual Total Time": 55.449,
                                      "Actual Rows": 1335741,
                                      "Actual Loops": 1,
                                      "Index Cond": "(person_id > 3803058)"
                                    }
                                  ]
                                }
                              ]
                            }
                          ]
                        }
                      ]
                    }
                  ]
                }
              ]
            }
          ]
        }
      ]
    },
    "Planning Time": 1.3,
    "Triggers": [],
    "Execution Time": 1313.779
  }
]