[
  {
    "Plan": {
      "Node Type": "Aggregate",
      "Strategy": "Plain",
      "Partial Mode": "Finalize",
      "Parallel Aware": false,
      "Startup Cost": 206803.19,
      "Total Cost": 206803.2,
      "Plan Rows": 1,
      "Plan Width": 8,
      "Actual Startup Time": 451.305,
      "Actual Total Time": 486.132,
      "Actual Rows": 1,
      "Actual Loops": 1,
      "Plans": [
        {
          "Node Type": "Gather",
          "Parent Relationship": "Outer",
          "Parallel Aware": false,
          "Startup Cost": 206802.67,
          "Total Cost": 206803.18,
          "Plan Rows": 5,
          "Plan Width": 8,
          "Actual Startup Time": 451.168,
          "Actual Total Time": 486.121,
          "Actual Rows": 6,
          "Actual Loops": 1,
          "Workers Planned": 5,
          "Workers Launched": 5,
          "Single Copy": false,
          "Plans": [
            {
              "Node Type": "Aggregate",
              "Strategy": "Plain",
              "Partial Mode": "Partial",
              "Parent Relationship": "Outer",
              "Parallel Aware": false,
              "Startup Cost": 205802.67,
              "Total Cost": 205802.68,
              "Plan Rows": 1,
              "Plan Width": 8,
              "Actual Startup Time": 441.37,
              "Actual Total Time": 441.371,
              "Actual Rows": 1,
              "Actual Loops": 6,
              "Plans": [
                {
                  "Node Type": "Seq Scan",
                  "Parent Relationship": "Outer",
                  "Parallel Aware": true,
                  "Relation Name": "movie_info",
                  "Alias": "mi",
                  "Startup Cost": 0.0,
                  "Total Cost": 198952.16,
                  "Plan Rows": 2740202,
                  "Plan Width": 0,
                  "Actual Startup Time": 0.061,
                  "Actual Total Time": 347.087,
                  "Actual Rows": 2301584,
                  "Actual Loops": 6,
                  "Filter": "(info_type_id < 85)",
                  "Rows Removed by Filter": 171036
                }
              ]
            }
          ]
        }
      ]
    },
    "Planning Time": 0.172,
    "Triggers": [],
    "Execution Time": 486.196
  }
]