[
    {
        "Bao": {
            "Bao prediction": "NaN",
            "Bao recommended hint": "(no hint)"
        }
    },
    {
        "Plan": {
            "Node Type": "Aggregate",
            "Strategy": "Plain",
            "Partial Mode": "Finalize",
            "Parallel Aware": false,
            "Startup Cost": 247488.31,
            "Total Cost": 247488.32,
            "Plan Rows": 1,
            "Plan Width": 8,
            "Actual Startup Time": 452.99,
            "Actual Total Time": 476.454,
            "Actual Rows": 1,
            "Actual Loops": 1,
            "Output": [
                "count(*)"
            ],
            "Plans": [
                {
                    "Node Type": "Gather",
                    "Parent Relationship": "Outer",
                    "Parallel Aware": false,
                    "Startup Cost": 247487.79,
                    "Total Cost": 247488.3,
                    "Plan Rows": 5,
                    "Plan Width": 8,
                    "Actual Startup Time": 450.91,
                    "Actual Total Time": 476.442,
                    "Actual Rows": 6,
                    "Actual Loops": 1,
                    "Output": [
                        "(PARTIAL count(*))"
                    ],
                    "Workers Planned": 5,
                    "Workers Launched": 5,
                    "Single Copy": false,
                    "Plans": [
                        {
                            "Node Type": "Aggregate",
                            "Strategy": "Plain",
                            "Partial Mode": "Partial",
                            "Parent Relationship": "Outer",
                            "Parallel Aware": false,
                            "Startup Cost": 246487.79,
                            "Total Cost": 246487.8,
                            "Plan Rows": 1,
                            "Plan Width": 8,
                            "Actual Startup Time": 440.758,
                            "Actual Total Time": 440.761,
                            "Actual Rows": 1,
                            "Actual Loops": 6,
                            "Output": [
                                "PARTIAL count(*)"
                            ],
                            "Workers": [
                                {
                                    "Worker Number": 0,
                                    "Actual Startup Time": 438.417,
                                    "Actual Total Time": 438.42,
                                    "Actual Rows": 1,
                                    "Actual Loops": 1
                                },
                                {
                                    "Worker Number": 1,
                                    "Actual Startup Time": 438.468,
                                    "Actual Total Time": 438.471,
                                    "Actual Rows": 1,
                                    "Actual Loops": 1
                                },
                                {
                                    "Worker Number": 2,
                                    "Actual Startup Time": 438.921,
                                    "Actual Total Time": 438.924,
                                    "Actual Rows": 1,
                                    "Actual Loops": 1
                                },
                                {
                                    "Worker Number": 3,
                                    "Actual Startup Time": 439.141,
                                    "Actual Total Time": 439.144,
                                    "Actual Rows": 1,
                                    "Actual Loops": 1
                                },
                                {
                                    "Worker Number": 4,
                                    "Actual Startup Time": 439.566,
                                    "Actual Total Time": 439.569,
                                    "Actual Rows": 1,
                                    "Actual Loops": 1
                                }
                            ],
                            "Plans": [
                                {
                                    "Node Type": "Hash Join",
                                    "Parent Relationship": "Outer",
                                    "Parallel Aware": true,
                                    "Join Type": "Inner",
                                    "Startup Cost": 46318.73,
                                    "Total Cost": 246369.4,
                                    "Plan Rows": 47357,
                                    "Plan Width": 0,
                                    "Actual Startup Time": 118.601,
                                    "Actual Total Time": 436.711,
                                    "Actual Rows": 84786,
                                    "Actual Loops": 6,
                                    "Inner Unique": true,
                                    "Hash Cond": "(mi.movie_id = t.id)",
                                    "Workers": [
                                        {
                                            "Worker Number": 0,
                                            "Actual Startup Time": 116.317,
                                            "Actual Total Time": 434.465,
                                            "Actual Rows": 82737,
                                            "Actual Loops": 1
                                        },
                                        {
                                            "Worker Number": 1,
                                            "Actual Startup Time": 116.349,
                                            "Actual Total Time": 434.535,
                                            "Actual Rows": 82186,
                                            "Actual Loops": 1
                                        },
                                        {
                                            "Worker Number": 2,
                                            "Actual Startup Time": 116.793,
                                            "Actual Total Time": 435.024,
                                            "Actual Rows": 77776,
                                            "Actual Loops": 1
                                        },
                                        {
                                            "Worker Number": 3,
                                            "Actual Startup Time": 116.806,
                                            "Actual Total Time": 435.237,
                                            "Actual Rows": 77595,
                                            "Actual Loops": 1
                                        },
                                        {
                                            "Worker Number": 4,
                                            "Actual Startup Time": 117.44,
                                            "Actual Total Time": 435.635,
                                            "Actual Rows": 82556,
                                            "Actual Loops": 1
                                        }
                                    ],
                                    "Plans": [
                                        {
                                            "Node Type": "Seq Scan",
                                            "Parent Relationship": "Outer",
                                            "Parallel Aware": true,
                                            "Relation Name": "movie_info",
                                            "Schema": "public",
                                            "Alias": "mi",
                                            "Startup Cost": 0.0,
                                            "Total Cost": 198880.74,
                                            "Plan Rows": 445687,
                                            "Plan Width": 4,
                                            "Actual Startup Time": 14.553,
                                            "Actual Total Time": 287.16,
                                            "Actual Rows": 372308,
                                            "Actual Loops": 6,
                                            "Output": [
                                                "mi.id",
                                                "mi.movie_id",
                                                "mi.info_type_id",
                                                "mi.info",
                                                "mi.note"
                                            ],
                                            "Filter": "(mi.info_type_id > 16)",
                                            "Rows Removed by Filter": 2100312,
                                            "Workers": [
                                                {
                                                    "Worker Number": 0,
                                                    "Actual Startup Time": 14.543,
                                                    "Actual Total Time": 289.282,
                                                    "Actual Rows": 359557,
                                                    "Actual Loops": 1
                                                },
                                                {
                                                    "Worker Number": 1,
                                                    "Actual Startup Time": 14.55,
                                                    "Actual Total Time": 289.67,
                                                    "Actual Rows": 362006,
                                                    "Actual Loops": 1
                                                },
                                                {
                                                    "Worker Number": 2,
                                                    "Actual Startup Time": 14.566,
                                                    "Actual Total Time": 289.754,
                                                    "Actual Rows": 339132,
                                                    "Actual Loops": 1
                                                },
                                                {
                                                    "Worker Number": 3,
                                                    "Actual Startup Time": 14.56,
                                                    "Actual Total Time": 289.665,
                                                    "Actual Rows": 335085,
                                                    "Actual Loops": 1
                                                },
                                                {
                                                    "Worker Number": 4,
                                                    "Actual Startup Time": 14.546,
                                                    "Actual Total Time": 289.569,
                                                    "Actual Rows": 360682,
                                                    "Actual Loops": 1
                                                }
                                            ]
                                        },
                                        {
                                            "Node Type": "Hash",
                                            "Parent Relationship": "Inner",
                                            "Parallel Aware": true,
                                            "Startup Cost": 45479.21,
                                            "Total Cost": 45479.21,
                                            "Plan Rows": 67162,
                                            "Plan Width": 4,
                                            "Actual Startup Time": 89.922,
                                            "Actual Total Time": 89.923,
                                            "Actual Rows": 36047,
                                            "Actual Loops": 6,
                                            "Output": [
                                                "t.id"
                                            ],
                                            "Hash Buckets": 524288,
                                            "Original Hash Buckets": 524288,
                                            "Hash Batches": 1,
                                            "Original Hash Batches": 1,
                                            "Peak Memory Usage": 12672,
                                            "Workers": [
                                                {
                                                    "Worker Number": 0,
                                                    "Actual Startup Time": 89.595,
                                                    "Actual Total Time": 89.596,
                                                    "Actual Rows": 35550,
                                                    "Actual Loops": 1
                                                },
                                                {
                                                    "Worker Number": 1,
                                                    "Actual Startup Time": 89.626,
                                                    "Actual Total Time": 89.627,
                                                    "Actual Rows": 35430,
                                                    "Actual Loops": 1
                                                },
                                                {
                                                    "Worker Number": 2,
                                                    "Actual Startup Time": 90.061,
                                                    "Actual Total Time": 90.062,
                                                    "Actual Rows": 32061,
                                                    "Actual Loops": 1
                                                },
                                                {
                                                    "Worker Number": 3,
                                                    "Actual Startup Time": 90.072,
                                                    "Actual Total Time": 90.072,
                                                    "Actual Rows": 32964,
                                                    "Actual Loops": 1
                                                },
                                                {
                                                    "Worker Number": 4,
                                                    "Actual Startup Time": 90.713,
                                                    "Actual Total Time": 90.713,
                                                    "Actual Rows": 35548,
                                                    "Actual Loops": 1
                                                }
                                            ],
                                            "Plans": [
                                                {
                                                    "Node Type": "Seq Scan",
                                                    "Parent Relationship": "Outer",
                                                    "Parallel Aware": true,
                                                    "Relation Name": "title",
                                                    "Schema": "public",
                                                    "Alias": "t",
                                                    "Startup Cost": 0.0,
                                                    "Total Cost": 45479.21,
                                                    "Plan Rows": 67162,
                                                    "Plan Width": 4,
                                                    "Actual Startup Time": 41.405,
                                                    "Actual Total Time": 76.823,
                                                    "Actual Rows": 36047,
                                                    "Actual Loops": 6,
                                                    "Output": [
                                                        "t.id"
                                                    ],
                                                    "Filter": "((t.kind_id < 2) AND (t.production_year > 2005))",
                                                    "Rows Removed by Filter": 385338,
                                                    "Workers": [
                                                        {
                                                            "Worker Number": 0,
                                                            "Actual Startup Time": 48.48,
                                                            "Actual Total Time": 77.129,
                                                            "Actual Rows": 35550,
                                                            "Actual Loops": 1
                                                        },
                                                        {
                                                            "Worker Number": 1,
                                                            "Actual Startup Time": 48.597,
                                                            "Actual Total Time": 77.219,
                                                            "Actual Rows": 35430,
                                                            "Actual Loops": 1
                                                        },
                                                        {
                                                            "Worker Number": 2,
                                                            "Actual Startup Time": 48.435,
                                                            "Actual Total Time": 77.056,
                                                            "Actual Rows": 32061,
                                                            "Actual Loops": 1
                                                        },
                                                        {
                                                            "Worker Number": 3,
                                                            "Actual Startup Time": 48.446,
                                                            "Actual Total Time": 77.812,
                                                            "Actual Rows": 32964,
                                                            "Actual Loops": 1
                                                        },
                                                        {
                                                            "Worker Number": 4,
                                                            "Actual Startup Time": 48.293,
                                                            "Actual Total Time": 76.841,
                                                            "Actual Rows": 35548,
                                                            "Actual Loops": 1
                                                        }
                                                    ]
                                                }
                                            ]
                                        }
                                    ]
                                }
                            ]
                        }
                    ]
                }
            ]
        },
        "Planning Time": 221.586,
        "Triggers": [],
        "Execution Time": 476.571
    }
]