[
  {
    "Plan": {
      "Node Type": "Aggregate",
      "Strategy": "Plain",
      "Partial Mode": "Finalize",
      "Parallel Aware": false,
      "Startup Cost": 112347.45,
      "Total Cost": 112347.46,
      "Plan Rows": 1,
      "Plan Width": 8,
      "Actual Startup Time": 177.875,
      "Actual Total Time": 188.407,
      "Actual Rows": 1,
      "Actual Loops": 1,
      "Plans": [
        {
          "Node Type": "Gather",
          "Parent Relationship": "Outer",
          "Parallel Aware": false,
          "Startup Cost": 112346.93,
          "Total Cost": 112347.44,
          "Plan Rows": 5,
          "Plan Width": 8,
          "Actual Startup Time": 177.797,
          "Actual Total Time": 188.4,
          "Actual Rows": 6,
          "Actual Loops": 1,
          "Workers Planned": 5,
          "Workers Launched": 5,
          "Single Copy": false,
          "Plans": [
            {
              "Node Type": "Aggregate",
              "Strategy": "Plain",
              "Partial Mode": "Partial",
              "Parent Relationship": "Outer",
              "Parallel Aware": false,
              "Startup Cost": 111346.93,
              "Total Cost": 111346.94,
              "Plan Rows": 1,
              "Plan Width": 8,
              "Actual Startup Time": 167.631,
              "Actual Total Time": 167.632,
              "Actual Rows": 1,
              "Actual Loops": 6,
              "Plans": [
                {
                  "Node Type": "Index Scan",
                  "Parent Relationship": "Outer",
                  "Parallel Aware": true,
                  "Scan Direction": "Forward",
                  "Index Name": "role_id_cast_info",
                  "Relation Name": "cast_info",
                  "Alias": "ci",
                  "Startup Cost": 0.56,
                  "Total Cost": 110428.26,
                  "Plan Rows": 367470,
                  "Plan Width": 0,
                  "Actual Startup Time": 0.164,
                  "Actual Total Time": 146.367,
                  "Actual Rows": 428557,
                  "Actual Loops": 6,
                  "Index Cond": "(role_id = 3)",
                  "Rows Removed by Index Recheck": 0,
                  "Filter": "(person_id > 1990179)",
                  "Rows Removed by Filter": 239449
                }
              ]
            }
          ]
        }
      ]
    },
    "Planning Time": 0.204,
    "Triggers": [],
    "Execution Time": 188.467
  }
]