[
  {
    "Plan": {
      "Node Type": "Aggregate",
      "Strategy": "Plain",
      "Partial Mode": "Finalize",
      "Parallel Aware": false,
      "Startup Cost": 352358.87,
      "Total Cost": 352358.88,
      "Plan Rows": 1,
      "Plan Width": 8,
      "Actual Startup Time": 771.558,
      "Actual Total Time": 816.04,
      "Actual Rows": 1,
      "Actual Loops": 1,
      "Plans": [
        {
          "Node Type": "Gather",
          "Parent Relationship": "Outer",
          "Parallel Aware": false,
          "Startup Cost": 352358.24,
          "Total Cost": 352358.85,
          "Plan Rows": 6,
          "Plan Width": 8,
          "Actual Startup Time": 771.36,
          "Actual Total Time": 816.029,
          "Actual Rows": 7,
          "Actual Loops": 1,
          "Workers Planned": 6,
          "Workers Launched": 6,
          "Single Copy": false,
          "Plans": [
            {
              "Node Type": "Aggregate",
              "Strategy": "Plain",
              "Partial Mode": "Partial",
              "Parent Relationship": "Outer",
              "Parallel Aware": false,
              "Startup Cost": 351358.24,
              "Total Cost": 351358.25,
              "Plan Rows": 1,
              "Plan Width": 8,
              "Actual Startup Time": 763.604,
              "Actual Total Time": 763.605,
              "Actual Rows": 1,
              "Actual Loops": 7,
              "Plans": [
                {
                  "Node Type": "Seq Scan",
                  "Parent Relationship": "Outer",
                  "Parallel Aware": true,
                  "Relation Name": "cast_info",
                  "Alias": "ci",
                  "Startup Cost": 0.0,
                  "Total Cost": 343316.27,
                  "Plan Rows": 3216789,
                  "Plan Width": 0,
                  "Actual Startup Time": 218.405,
                  "Actual Total Time": 652.296,
                  "Actual Rows": 2443635,
                  "Actual Loops": 7,
                  "Filter": "((person_id < 3009471) AND (role_id > 1))",
                  "Rows Removed by Filter": 2734128
                }
              ]
            }
          ]
        }
      ]
    },
    "Planning Time": 0.23,
    "Triggers": [],
    "Execution Time": 816.153
  }
]