{
  "Plan": {
    "Node Type": "Aggregate",
    "Strategy": "Plain",
    "Partial Mode": "Finalize",
    "Parallel Aware": false,
    "Startup Cost": 450277.88,
    "Total Cost": 450277.89,
    "Plan Rows": 1,
    "Plan Width": 8,
    "Actual Startup Time": 6160.816,
    "Actual Total Time": 6221.028,
    "Actual Rows": 1,
    "Actual Loops": 1,
    "Plans": [
      {
        "Node Type": "Gather",
        "Parent Relationship": "Outer",
        "Parallel Aware": false,
        "Startup Cost": 450277.77,
        "Total Cost": 450277.88,
        "Plan Rows": 1,
        "Plan Width": 8,
        "Actual Startup Time": 6152.578,
        "Actual Total Time": 6221.017,
        "Actual Rows": 2,
        "Actual Loops": 1,
        "Workers Planned": 1,
        "Workers Launched": 1,
        "Single Copy": false,
        "Plans": [
          {
            "Node Type": "Aggregate",
            "Strategy": "Plain",
            "Partial Mode": "Partial",
            "Parent Relationship": "Outer",
            "Parallel Aware": false,
            "Startup Cost": 449277.77,
            "Total Cost": 449277.78,
            "Plan Rows": 1,
            "Plan Width": 8,
            "Actual Startup Time": 6144.632,
            "Actual Total Time": 6144.972,
            "Actual Rows": 1,
            "Actual Loops": 2,
            "Plans": [
              {
                "Node Type": "Hash Join",
                "Parent Relationship": "Outer",
                "Parallel Aware": true,
                "Join Type": "Inner",
                "Startup Cost": 135615.71,
                "Total Cost": 439705.49,
                "Plan Rows": 3828913,
                "Plan Width": 0,
                "Actual Startup Time": 1111.434,
                "Actual Total Time": 5054.273,
                "Actual Rows": 24773248,
                "Actual Loops": 2,
                "Inner Unique": false,
                "Hash Cond": "(mi.movie_id = t.id)",
                "Plans": [
                  {
                    "Node Type": "Seq Scan",
                    "Parent Relationship": "Outer",
                    "Parallel Aware": true,
                    "Relation Name": "movie_info",
                    "Alias": "mi",
                    "Startup Cost": 0.0,
                    "Total Cost": 248955.74,
                    "Plan Rows": 8696274,
                    "Plan Width": 4,
                    "Actual Startup Time": 0.025,
                    "Actual Total Time": 698.039,
                    "Actual Rows": 7417860,
                    "Actual Loops": 2
                  },
                  {
                    "Node Type": "Hash",
                    "Parent Relationship": "Inner",
                    "Parallel Aware": true,
                    "Startup Cost": 127430.49,
                    "Total Cost": 127430.49,
                    "Plan Rows": 654818,
                    "Plan Width": 8,
                    "Actual Startup Time": 1096.268,
                    "Actual Total Time": 1096.606,
                    "Actual Rows": 560488,
                    "Actual Loops": 2,
                    "Hash Buckets": 2097152,
                    "Original Hash Buckets": 2097152,
                    "Hash Batches": 1,
                    "Original Hash Batches": 1,
                    "Peak Memory Usage": 60256,
                    "Plans": [
                      {
                        "Node Type": "Hash Join",
                        "Parent Relationship": "Outer",
                        "Parallel Aware": true,
                        "Join Type": "Inner",
                        "Startup Cost": 93072.36,
                        "Total Cost": 127430.49,
                        "Plan Rows": 654818,
                        "Plan Width": 8,
                        "Actual Startup Time": 665.392,
                        "Actual Total Time": 953.311,
                        "Actual Rows": 560488,
                        "Actual Loops": 2,
                        "Inner Unique": true,
                        "Hash Cond": "(mk.movie_id = t.id)",
                        "Plans": [
                          {
                            "Node Type": "Bitmap Heap Scan",
                            "Parent Relationship": "Outer",
                            "Parallel Aware": true,
                            "Relation Name": "movie_keyword",
                            "Alias": "mk",
                            "Startup Cost": 23611.66,
                            "Total Cost": 56250.89,
                            "Plan Rows": 654818,
                            "Plan Width": 4,
                            "Actual Startup Time": 60.012,
                            "Actual Total Time": 174.438,
                            "Actual Rows": 560488,
                            "Actual Loops": 2,
                            "Recheck Cond": "(keyword_id < 1198)",
                            "Rows Removed by Index Recheck": 0,
                            "Exact Heap Blocks": 14898,
                            "Lossy Heap Blocks": 0,
                            "Plans": [
                              {
                                "Node Type": "Bitmap Index Scan",
                                "Parent Relationship": "Outer",
                                "Parallel Aware": false,
                                "Index Name": "keyword_id_movie_keyword",
                                "Startup Cost": 0.0,
                                "Total Cost": 23333.36,
                                "Plan Rows": 1113191,
                                "Plan Width": 0,
                                "Actual Startup Time": 56.216,
                                "Actual Total Time": 56.216,
                                "Actual Rows": 1120975,
                                "Actual Loops": 1,
                                "Index Cond": "(keyword_id < 1198)"
                              }
                            ]
                          },
                          {
                            "Node Type": "Hash",
                            "Parent Relationship": "Inner",
                            "Parallel Aware": true,
                            "Startup Cost": 50870.31,
                            "Total Cost": 50870.31,
                            "Plan Rows": 1487231,
                            "Plan Width": 4,
                            "Actual Startup Time": 591.928,
                            "Actual Total Time": 591.928,
                            "Actual Rows": 1264156,
                            "Actual Loops": 2,
                            "Hash Buckets": 4194304,
                            "Original Hash Buckets": 4194304,
                            "Hash Batches": 1,
                            "Original Hash Batches": 1,
                            "Peak Memory Usage": 131712,
                            "Plans": [
                              {
                                "Node Type": "Seq Scan",
                                "Parent Relationship": "Outer",
                                "Parallel Aware": true,
                                "Relation Name": "title",
                                "Alias": "t",
                                "Startup Cost": 0.0,
                                "Total Cost": 50870.31,
                                "Plan Rows": 1487231,
                                "Plan Width": 4,
                                "Actual Startup Time": 0.038,
                                "Actual Total Time": 185.342,
                                "Actual Rows": 1264156,
                                "Actual Loops": 2
                              }
                            ]
                          }
                        ]
                      }
                    ]
                  }
                ]
              }
            ]
          }
        ]
      }
    ]
  },
  "Planning Time": 0.864,
  "Triggers": [],
  "Execution Time": 6221.135
}