[
  {
    "Plan": {
      "Node Type": "Aggregate",
      "Strategy": "Plain",
      "Partial Mode": "Finalize",
      "Parallel Aware": false,
      "Startup Cost": 351728.42,
      "Total Cost": 351728.43,
      "Plan Rows": 1,
      "Plan Width": 8,
      "Actual Startup Time": 810.327,
      "Actual Total Time": 871.624,
      "Actual Rows": 1,
      "Actual Loops": 1,
      "Plans": [
        {
          "Node Type": "Gather",
          "Parent Relationship": "Outer",
          "Parallel Aware": false,
          "Startup Cost": 351728.1,
          "Total Cost": 351728.41,
          "Plan Rows": 3,
          "Plan Width": 8,
          "Actual Startup Time": 803.165,
          "Actual Total Time": 871.608,
          "Actual Rows": 4,
          "Actual Loops": 1,
          "Workers Planned": 3,
          "Workers Launched": 3,
          "Single Copy": false,
          "Plans": [
            {
              "Node Type": "Aggregate",
              "Strategy": "Plain",
              "Partial Mode": "Partial",
              "Parent Relationship": "Outer",
              "Parallel Aware": false,
              "Startup Cost": 350728.1,
              "Total Cost": 350728.11,
              "Plan Rows": 1,
              "Plan Width": 8,
              "Actual Startup Time": 794.434,
              "Actual Total Time": 794.44,
              "Actual Rows": 1,
              "Actual Loops": 4,
              "Plans": [
                {
                  "Node Type": "Nested Loop",
                  "Parent Relationship": "Outer",
                  "Parallel Aware": false,
                  "Join Type": "Inner",
                  "Startup Cost": 62274.8,
                  "Total Cost": 347568.59,
                  "Plan Rows": 1263804,
                  "Plan Width": 0,
                  "Actual Startup Time": 254.387,
                  "Actual Total Time": 770.503,
                  "Actual Rows": 460786,
                  "Actual Loops": 4,
                  "Inner Unique": false,
                  "Plans": [
                    {
                      "Node Type": "Hash Join",
                      "Parent Relationship": "Outer",
                      "Parallel Aware": true,
                      "Join Type": "Inner",
                      "Startup Cost": 62274.24,
                      "Total Cost": 89803.41,
                      "Plan Rows": 88146,
                      "Plan Width": 8,
                      "Actual Startup Time": 254.194,
                      "Actual Total Time": 351.024,
                      "Actual Rows": 14650,
                      "Actual Loops": 4,
                      "Inner Unique": true,
                      "Hash Cond": "(mk.movie_id = t.id)",
                      "Plans": [
                        {
                          "Node Type": "Bitmap Heap Scan",
                          "Parent Relationship": "Outer",
                          "Parallel Aware": true,
                          "Relation Name": "movie_keyword",
                          "Alias": "mk",
                          "Startup Cost": 13369.13,
                          "Total Cost": 40364.59,
                          "Plan Rows": 203317,
                          "Plan Width": 4,
                          "Actual Startup Time": 42.559,
                          "Actual Total Time": 99.325,
                          "Actual Rows": 157770,
                          "Actual Loops": 4,
                          "Recheck Cond": "(keyword_id > 29076)",
                          "Rows Removed by Index Recheck": 0,
                          "Exact Heap Blocks": 6840,
                          "Lossy Heap Blocks": 0,
                          "Plans": [
                            {
                              "Node Type": "Bitmap Index Scan",
                              "Parent Relationship": "Outer",
                              "Parallel Aware": false,
                              "Index Name": "keyword_id_movie_keyword",
                              "Startup Cost": 0.0,
                              "Total Cost": 13211.56,
                              "Plan Rows": 630283,
                              "Plan Width": 0,
                              "Actual Startup Time": 39.132,
                              "Actual Total Time": 39.132,
                              "Actual Rows": 631081,
                              "Actual Loops": 1,
                              "Index Cond": "(keyword_id > 29076)"
                            }
                          ]
                        },
                        {
                          "Node Type": "Hash",
                          "Parent Relationship": "Inner",
                          "Parallel Aware": true,
                          "Startup Cost": 45479.59,
                          "Total Cost": 45479.59,
                          "Plan Rows": 274042,
                          "Plan Width": 4,
                          "Actual Startup Time": 205.629,
                          "Actual Total Time": 205.629,
                          "Actual Rows": 261056,
                          "Actual Loops": 4,
                          "Hash Buckets": 2097152,
                          "Original Hash Buckets": 2097152,
                          "Hash Batches": 1,
                          "Original Hash Batches": 1,
                          "Peak Memory Usage": 57312,
                          "Plans": [
                            {
                              "Node Type": "Seq Scan",
                              "Parent Relationship": "Outer",
                              "Parallel Aware": true,
                              "Relation Name": "title",
                              "Alias": "t",
                              "Startup Cost": 0.0,
                              "Total Cost": 45479.59,
                              "Plan Rows": 274042,
                              "Plan Width": 4,
                              "Actual Startup Time": 0.034,
                              "Actual Total Time": 103.758,
                              "Actual Rows": 261056,
                              "Actual Loops": 4,
                              "Filter": "((production_year < 2009) AND (kind_id = 7))",
                              "Rows Removed by Filter": 371022
                            }
                          ]
                        }
                      ]
                    },
                    {
                      "Node Type": "Index Only Scan",
                      "Parent Relationship": "Inner",
                      "Parallel Aware": false,
                      "Scan Direction": "Forward",
                      "Index Name": "movie_id_cast_info",
                      "Relation Name": "cast_info",
                      "Alias": "ci",
                      "Startup Cost": 0.56,
                      "Total Cost": 2.57,
                      "Plan Rows": 35,
                      "Plan Width": 4,
                      "Actual Startup Time": 0.004,
                      "Actual Total Time": 0.026,
                      "Actual Rows": 31,
                      "Actual Loops": 58600,
                      "Index Cond": "(movie_id = t.id)",
                      "Rows Removed by Index Recheck": 0,
                      "Heap Fetches": 1843143
                    }
                  ]
                }
              ]
            }
          ]
        }
      ]
    },
    "Planning Time": 0.879,
    "Triggers": [],
    "Execution Time": 871.726
  }
]