[
  {
    "Plan": {
      "Node Type": "Aggregate",
      "Strategy": "Plain",
      "Partial Mode": "Finalize",
      "Parallel Aware": false,
      "Startup Cost": 398033.21,
      "Total Cost": 398033.22,
      "Plan Rows": 1,
      "Plan Width": 8,
      "Actual Startup Time": 1075.178,
      "Actual Total Time": 1107.371,
      "Actual Rows": 1,
      "Actual Loops": 1,
      "Plans": [
        {
          "Node Type": "Gather",
          "Parent Relationship": "Outer",
          "Parallel Aware": false,
          "Startup Cost": 398032.58,
          "Total Cost": 398033.19,
          "Plan Rows": 6,
          "Plan Width": 8,
          "Actual Startup Time": 1062.971,
          "Actual Total Time": 1107.361,
          "Actual Rows": 7,
          "Actual Loops": 1,
          "Workers Planned": 6,
          "Workers Launched": 6,
          "Single Copy": false,
          "Plans": [
            {
              "Node Type": "Aggregate",
              "Strategy": "Plain",
              "Partial Mode": "Partial",
              "Parent Relationship": "Outer",
              "Parallel Aware": false,
              "Startup Cost": 397032.58,
              "Total Cost": 397032.59,
              "Plan Rows": 1,
              "Plan Width": 8,
              "Actual Startup Time": 1050.471,
              "Actual Total Time": 1050.475,
              "Actual Rows": 1,
              "Actual Loops": 7,
              "Plans": [
                {
                  "Node Type": "Hash Join",
                  "Parent Relationship": "Outer",
                  "Parallel Aware": true,
                  "Join Type": "Inner",
                  "Startup Cost": 48858.54,
                  "Total Cost": 394406.66,
                  "Plan Rows": 1050368,
                  "Plan Width": 0,
                  "Actual Startup Time": 381.015,
                  "Actual Total Time": 1019.796,
                  "Actual Rows": 613035,
                  "Actual Loops": 7,
                  "Inner Unique": true,
                  "Hash Cond": "(ci.movie_id = t.id)",
                  "Plans": [
                    {
                      "Node Type": "Index Scan",
                      "Parent Relationship": "Outer",
                      "Parallel Aware": true,
                      "Scan Direction": "Forward",
                      "Index Name": "role_id_cast_info",
                      "Relation Name": "cast_info",
                      "Alias": "ci",
                      "Startup Cost": 0.56,
                      "Total Cost": 341155.22,
                      "Plan Rows": 1673699,
                      "Plan Width": 4,
                      "Actual Startup Time": 169.695,
                      "Actual Total Time": 397.753,
                      "Actual Rows": 1013041,
                      "Actual Loops": 7,
                      "Index Cond": "(role_id = 1)",
                      "Rows Removed by Index Recheck": 0,
                      "Filter": "(person_id > 750697)",
                      "Rows Removed by Filter": 797058
                    },
                    {
                      "Node Type": "Hash",
                      "Parent Relationship": "Inner",
                      "Parallel Aware": true,
                      "Startup Cost": 43899.32,
                      "Total Cost": 43899.32,
                      "Plan Rows": 396692,
                      "Plan Width": 4,
                      "Actual Startup Time": 207.453,
                      "Actual Total Time": 207.455,
                      "Actual Rows": 224367,
                      "Actual Loops": 7,
                      "Hash Buckets": 2097152,
                      "Original Hash Buckets": 2097152,
                      "Hash Batches": 1,
                      "Original Hash Batches": 1,
                      "Peak Memory Usage": 77888,
                      "Plans": [
                        {
                          "Node Type": "Seq Scan",
                          "Parent Relationship": "Outer",
                          "Parallel Aware": true,
                          "Relation Name": "title",
                          "Alias": "t",
                          "Startup Cost": 0.0,
                          "Total Cost": 43899.32,
                          "Plan Rows": 396692,
                          "Plan Width": 4,
                          "Actual Startup Time": 0.048,
                          "Actual Total Time": 87.866,
                          "Actual Rows": 224367,
                          "Actual Loops": 7,
                          "Filter": "(production_year > 1996)",
                          "Rows Removed by Filter": 136821
                        }
                      ]
                    }
                  ]
                }
              ]
            }
          ]
        }
      ]
    },
    "Planning Time": 0.343,
    "Triggers": [],
    "Execution Time": 1107.431
  }
]