[
  {
    "Plan": {
      "Node Type": "Aggregate",
      "Strategy": "Plain",
      "Partial Mode": "Finalize",
      "Parallel Aware": false,
      "Startup Cost": 200431.32,
      "Total Cost": 200431.33,
      "Plan Rows": 1,
      "Plan Width": 8,
      "Actual Startup Time": 295.796,
      "Actual Total Time": 310.417,
      "Actual Rows": 1,
      "Actual Loops": 1,
      "Plans": [
        {
          "Node Type": "Gather",
          "Parent Relationship": "Outer",
          "Parallel Aware": false,
          "Startup Cost": 200430.69,
          "Total Cost": 200431.3,
          "Plan Rows": 6,
          "Plan Width": 8,
          "Actual Startup Time": 295.685,
          "Actual Total Time": 310.407,
          "Actual Rows": 7,
          "Actual Loops": 1,
          "Workers Planned": 6,
          "Workers Launched": 6,
          "Single Copy": false,
          "Plans": [
            {
              "Node Type": "Aggregate",
              "Strategy": "Plain",
              "Partial Mode": "Partial",
              "Parent Relationship": "Outer",
              "Parallel Aware": false,
              "Startup Cost": 199430.69,
              "Total Cost": 199430.7,
              "Plan Rows": 1,
              "Plan Width": 8,
              "Actual Startup Time": 284.847,
              "Actual Total Time": 284.848,
              "Actual Rows": 1,
              "Actual Loops": 7,
              "Plans": [
                {
                  "Node Type": "Index Scan",
                  "Parent Relationship": "Outer",
                  "Parallel Aware": true,
                  "Scan Direction": "Forward",
                  "Index Name": "role_id_cast_info",
                  "Relation Name": "cast_info",
                  "Alias": "ci",
                  "Startup Cost": 0.56,
                  "Total Cost": 197877.72,
                  "Plan Rows": 621188,
                  "Plan Width": 0,
                  "Actual Startup Time": 24.849,
                  "Actual Total Time": 242.909,
                  "Actual Rows": 1020473,
                  "Actual Loops": 7,
                  "Index Cond": "(role_id = 2)",
                  "Rows Removed by Index Recheck": 0,
                  "Filter": "(person_id > 1777482)",
                  "Rows Removed by Filter": 44095
                }
              ]
            }
          ]
        }
      ]
    },
    "Planning Time": 0.278,
    "Triggers": [],
    "Execution Time": 310.478
  }
]