[
  {
    "Plan": {
      "Node Type": "Aggregate",
      "Strategy": "Plain",
      "Partial Mode": "Finalize",
      "Parallel Aware": false,
      "Startup Cost": 66528.74,
      "Total Cost": 66528.75,
      "Plan Rows": 1,
      "Plan Width": 8,
      "Actual Startup Time": 83.958,
      "Actual Total Time": 95.117,
      "Actual Rows": 1,
      "Actual Loops": 1,
      "Plans": [
        {
          "Node Type": "Gather",
          "Parent Relationship": "Outer",
          "Parallel Aware": false,
          "Startup Cost": 66528.32,
          "Total Cost": 66528.73,
          "Plan Rows": 4,
          "Plan Width": 8,
          "Actual Startup Time": 83.884,
          "Actual Total Time": 95.111,
          "Actual Rows": 5,
          "Actual Loops": 1,
          "Workers Planned": 4,
          "Workers Launched": 4,
          "Single Copy": false,
          "Plans": [
            {
              "Node Type": "Aggregate",
              "Strategy": "Plain",
              "Partial Mode": "Partial",
              "Parent Relationship": "Outer",
              "Parallel Aware": false,
              "Startup Cost": 65528.32,
              "Total Cost": 65528.33,
              "Plan Rows": 1,
              "Plan Width": 8,
              "Actual Startup Time": 79.511,
              "Actual Total Time": 79.512,
              "Actual Rows": 1,
              "Actual Loops": 5,
              "Plans": [
                {
                  "Node Type": "Nested Loop",
                  "Parent Relationship": "Outer",
                  "Parallel Aware": false,
                  "Join Type": "Inner",
                  "Startup Cost": 0.43,
                  "Total Cost": 65527.93,
                  "Plan Rows": 158,
                  "Plan Width": 0,
                  "Actual Startup Time": 41.888,
                  "Actual Total Time": 79.454,
                  "Actual Rows": 654,
                  "Actual Loops": 5,
                  "Inner Unique": false,
                  "Plans": [
                    {
                      "Node Type": "Seq Scan",
                      "Parent Relationship": "Outer",
                      "Parallel Aware": true,
                      "Relation Name": "title",
                      "Alias": "t",
                      "Startup Cost": 0.0,
                      "Total Cost": 45479.21,
                      "Plan Rows": 134,
                      "Plan Width": 4,
                      "Actual Startup Time": 41.792,
                      "Actual Total Time": 62.4,
                      "Actual Rows": 501,
                      "Actual Loops": 5,
                      "Filter": "((kind_id = 1) AND (production_year = 1931))",
                      "Rows Removed by Filter": 505161
                    },
                    {
                      "Node Type": "Index Scan",
                      "Parent Relationship": "Inner",
                      "Parallel Aware": false,
                      "Scan Direction": "Forward",
                      "Index Name": "movie_id_movie_info",
                      "Relation Name": "movie_info",
                      "Alias": "mi",
                      "Startup Cost": 0.43,
                      "Total Cost": 149.54,
                      "Plan Rows": 8,
                      "Plan Width": 4,
                      "Actual Startup Time": 0.023,
                      "Actual Total Time": 0.034,
                      "Actual Rows": 1,
                      "Actual Loops": 2506,
                      "Index Cond": "(movie_id = t.id)",
                      "Rows Removed by Index Recheck": 0,
                      "Filter": "(info_type_id = 16)",
                      "Rows Removed by Filter": 11
                    }
                  ]
                }
              ]
            }
          ]
        }
      ]
    },
    "Planning Time": 0.22,
    "Triggers": [],
    "Execution Time": 95.156
  }
]