[
  {
    "Plan": {
      "Node Type": "Aggregate",
      "Strategy": "Plain",
      "Partial Mode": "Finalize",
      "Parallel Aware": false,
      "Startup Cost": 346729.31,
      "Total Cost": 346729.32,
      "Plan Rows": 1,
      "Plan Width": 8,
      "Actual Startup Time": 593.21,
      "Actual Total Time": 649.179,
      "Actual Rows": 1,
      "Actual Loops": 1,
      "Plans": [
        {
          "Node Type": "Gather",
          "Parent Relationship": "Outer",
          "Parallel Aware": false,
          "Startup Cost": 346728.69,
          "Total Cost": 346729.3,
          "Plan Rows": 6,
          "Plan Width": 8,
          "Actual Startup Time": 593.082,
          "Actual Total Time": 649.168,
          "Actual Rows": 7,
          "Actual Loops": 1,
          "Workers Planned": 6,
          "Workers Launched": 6,
          "Single Copy": false,
          "Plans": [
            {
              "Node Type": "Aggregate",
              "Strategy": "Plain",
              "Partial Mode": "Partial",
              "Parent Relationship": "Outer",
              "Parallel Aware": false,
              "Startup Cost": 345728.69,
              "Total Cost": 345728.7,
              "Plan Rows": 1,
              "Plan Width": 8,
              "Actual Startup Time": 582.628,
              "Actual Total Time": 582.629,
              "Actual Rows": 1,
              "Actual Loops": 7,
              "Plans": [
                {
                  "Node Type": "Seq Scan",
                  "Parent Relationship": "Outer",
                  "Parallel Aware": true,
                  "Relation Name": "cast_info",
                  "Alias": "ci",
                  "Startup Cost": 0.0,
                  "Total Cost": 343257.03,
                  "Plan Rows": 988664,
                  "Plan Width": 0,
                  "Actual Startup Time": 317.342,
                  "Actual Total Time": 579.837,
                  "Actual Rows": 70638,
                  "Actual Loops": 7,
                  "Filter": "((person_id > 2636247) AND (role_id < 3))",
                  "Rows Removed by Filter": 5107125
                }
              ]
            }
          ]
        }
      ]
    },
    "Planning Time": 0.193,
    "Triggers": [],
    "Execution Time": 649.245
  }
]