[
  {
    "Plan": {
      "Node Type": "Aggregate",
      "Strategy": "Plain",
      "Partial Mode": "Finalize",
      "Parallel Aware": false,
      "Startup Cost": 390285.42,
      "Total Cost": 390285.43,
      "Plan Rows": 1,
      "Plan Width": 8,
      "Actual Startup Time": 2088.378,
      "Actual Total Time": 2157.613,
      "Actual Rows": 1,
      "Actual Loops": 1,
      "Plans": [
        {
          "Node Type": "Gather",
          "Parent Relationship": "Outer",
          "Parallel Aware": false,
          "Startup Cost": 390284.79,
          "Total Cost": 390285.4,
          "Plan Rows": 6,
          "Plan Width": 8,
          "Actual Startup Time": 2077.894,
          "Actual Total Time": 2157.599,
          "Actual Rows": 7,
          "Actual Loops": 1,
          "Workers Planned": 6,
          "Workers Launched": 6,
          "Single Copy": false,
          "Plans": [
            {
              "Node Type": "Aggregate",
              "Strategy": "Plain",
              "Partial Mode": "Partial",
              "Parent Relationship": "Outer",
              "Parallel Aware": false,
              "Startup Cost": 389284.79,
              "Total Cost": 389284.8,
              "Plan Rows": 1,
              "Plan Width": 8,
              "Actual Startup Time": 2062.059,
              "Actual Total Time": 2062.062,
              "Actual Rows": 1,
              "Actual Loops": 7,
              "Plans": [
                {
                  "Node Type": "Hash Join",
                  "Parent Relationship": "Outer",
                  "Parallel Aware": true,
                  "Join Type": "Inner",
                  "Startup Cost": 50024.46,
                  "Total Cost": 385356.4,
                  "Plan Rows": 1571358,
                  "Plan Width": 0,
                  "Actual Startup Time": 630.678,
                  "Actual Total Time": 1983.587,
                  "Actual Rows": 1341098,
                  "Actual Loops": 7,
                  "Inner Unique": true,
                  "Hash Cond": "(ci.movie_id = t.id)",
                  "Plans": [
                    {
                      "Node Type": "Seq Scan",
                      "Parent Relationship": "Outer",
                      "Parallel Aware": true,
                      "Relation Name": "cast_info",
                      "Alias": "ci",
                      "Startup Cost": 0.0,
                      "Total Cost": 328162.03,
                      "Plan Rows": 2731391,
                      "Plan Width": 4,
                      "Actual Startup Time": 409.269,
                      "Actual Total Time": 835.811,
                      "Actual Rows": 2303098,
                      "Actual Loops": 7,
                      "Filter": "(role_id > 2)",
                      "Rows Removed by Filter": 2874666
                    },
                    {
                      "Node Type": "Hash",
                      "Parent Relationship": "Inner",
                      "Parallel Aware": true,
                      "Startup Cost": 45479.1,
                      "Total Cost": 45479.1,
                      "Plan Rows": 363629,
                      "Plan Width": 4,
                      "Actual Startup Time": 216.171,
                      "Actual Total Time": 216.171,
                      "Actual Rows": 211206,
                      "Actual Loops": 7,
                      "Hash Buckets": 2097152,
                      "Original Hash Buckets": 2097152,
                      "Hash Batches": 1,
                      "Original Hash Batches": 1,
                      "Peak Memory Usage": 74304,
                      "Plans": [
                        {
                          "Node Type": "Seq Scan",
                          "Parent Relationship": "Outer",
                          "Parallel Aware": true,
                          "Relation Name": "title",
                          "Alias": "t",
                          "Startup Cost": 0.0,
                          "Total Cost": 45479.1,
                          "Plan Rows": 363629,
                          "Plan Width": 4,
                          "Actual Startup Time": 0.043,
                          "Actual Total Time": 97.023,
                          "Actual Rows": 211206,
                          "Actual Loops": 7,
                          "Filter": "((production_year > 1915) AND (kind_id = 7))",
                          "Rows Removed by Filter": 149982
                        }
                      ]
                    }
                  ]
                }
              ]
            }
          ]
        }
      ]
    },
    "Planning Time": 0.659,
    "Triggers": [],
    "Execution Time": 2157.698
  }
]