{
  "Plan": {
    "Node Type": "Aggregate",
    "Strategy": "Plain",
    "Partial Mode": "Finalize",
    "Parallel Aware": false,
    "Startup Cost": 82320.06,
    "Total Cost": 82320.07,
    "Plan Rows": 1,
    "Plan Width": 8,
    "Actual Startup Time": 175.283,
    "Actual Total Time": 190.33,
    "Actual Rows": 1,
    "Actual Loops": 1,
    "Plans": [
      {
        "Node Type": "Gather",
        "Parent Relationship": "Outer",
        "Parallel Aware": false,
        "Startup Cost": 82319.95,
        "Total Cost": 82320.06,
        "Plan Rows": 1,
        "Plan Width": 8,
        "Actual Startup Time": 175.004,
        "Actual Total Time": 190.324,
        "Actual Rows": 2,
        "Actual Loops": 1,
        "Workers Planned": 1,
        "Workers Launched": 1,
        "Single Copy": false,
        "Plans": [
          {
            "Node Type": "Aggregate",
            "Strategy": "Plain",
            "Partial Mode": "Partial",
            "Parent Relationship": "Outer",
            "Parallel Aware": false,
            "Startup Cost": 81319.95,
            "Total Cost": 81319.96,
            "Plan Rows": 1,
            "Plan Width": 8,
            "Actual Startup Time": 172.107,
            "Actual Total Time": 172.11,
            "Actual Rows": 1,
            "Actual Loops": 2,
            "Plans": [
              {
                "Node Type": "Hash Join",
                "Parent Relationship": "Outer",
                "Parallel Aware": true,
                "Join Type": "Inner",
                "Startup Cost": 56341.7,
                "Total Cost": 81317.6,
                "Plan Rows": 939,
                "Plan Width": 0,
                "Actual Startup Time": 147.879,
                "Actual Total Time": 172.083,
                "Actual Rows": 184,
                "Actual Loops": 2,
                "Inner Unique": true,
                "Hash Cond": "(mk.movie_id = t.id)",
                "Plans": [
                  {
                    "Node Type": "Bitmap Heap Scan",
                    "Parent Relationship": "Outer",
                    "Parallel Aware": true,
                    "Relation Name": "movie_keyword",
                    "Alias": "mk",
                    "Startup Cost": 1247.05,
                    "Total Cost": 26132.37,
                    "Plan Rows": 34506,
                    "Plan Width": 4,
                    "Actual Startup Time": 6.713,
                    "Actual Total Time": 25.671,
                    "Actual Rows": 29224,
                    "Actual Loops": 2,
                    "Recheck Cond": "(keyword_id = 16264)",
                    "Rows Removed by Index Recheck": 0,
                    "Exact Heap Blocks": 8484,
                    "Lossy Heap Blocks": 0,
                    "Plans": [
                      {
                        "Node Type": "Bitmap Index Scan",
                        "Parent Relationship": "Outer",
                        "Parallel Aware": false,
                        "Index Name": "keyword_id_movie_keyword",
                        "Startup Cost": 0.0,
                        "Total Cost": 1232.38,
                        "Plan Rows": 58660,
                        "Plan Width": 0,
                        "Actual Startup Time": 5.069,
                        "Actual Total Time": 5.069,
                        "Actual Rows": 58448,
                        "Actual Loops": 1,
                        "Index Cond": "(keyword_id = 16264)"
                      }
                    ]
                  },
                  {
                    "Node Type": "Hash",
                    "Parent Relationship": "Inner",
                    "Parallel Aware": true,
                    "Startup Cost": 54588.39,
                    "Total Cost": 54588.39,
                    "Plan Rows": 40501,
                    "Plan Width": 4,
                    "Actual Startup Time": 139.007,
                    "Actual Total Time": 139.008,
                    "Actual Rows": 33671,
                    "Actual Loops": 2,
                    "Hash Buckets": 131072,
                    "Original Hash Buckets": 131072,
                    "Hash Batches": 1,
                    "Original Hash Batches": 1,
                    "Peak Memory Usage": 3680,
                    "Plans": [
                      {
                        "Node Type": "Seq Scan",
                        "Parent Relationship": "Outer",
                        "Parallel Aware": true,
                        "Relation Name": "title",
                        "Alias": "t",
                        "Startup Cost": 0.0,
                        "Total Cost": 54588.39,
                        "Plan Rows": 40501,
                        "Plan Width": 4,
                        "Actual Startup Time": 0.043,
                        "Actual Total Time": 128.99,
                        "Actual Rows": 33671,
                        "Actual Loops": 2,
                        "Filter": "(production_year > 2012)",
                        "Rows Removed by Filter": 1230485
                      }
                    ]
                  }
                ]
              }
            ]
          }
        ]
      }
    ]
  },
  "Planning Time": 0.288,
  "Triggers": [],
  "Execution Time": 190.394
}