[
  {
    "Plan": {
      "Node Type": "Aggregate",
      "Strategy": "Plain",
      "Partial Mode": "Finalize",
      "Parallel Aware": false,
      "Startup Cost": 346553.23,
      "Total Cost": 346553.24,
      "Plan Rows": 1,
      "Plan Width": 8,
      "Actual Startup Time": 771.168,
      "Actual Total Time": 816.098,
      "Actual Rows": 1,
      "Actual Loops": 1,
      "Plans": [
        {
          "Node Type": "Gather",
          "Parent Relationship": "Outer",
          "Parallel Aware": false,
          "Startup Cost": 346552.61,
          "Total Cost": 346553.22,
          "Plan Rows": 6,
          "Plan Width": 8,
          "Actual Startup Time": 771.078,
          "Actual Total Time": 816.088,
          "Actual Rows": 7,
          "Actual Loops": 1,
          "Workers Planned": 6,
          "Workers Launched": 6,
          "Single Copy": false,
          "Plans": [
            {
              "Node Type": "Aggregate",
              "Strategy": "Plain",
              "Partial Mode": "Partial",
              "Parent Relationship": "Outer",
              "Parallel Aware": false,
              "Startup Cost": 345552.61,
              "Total Cost": 345552.62,
              "Plan Rows": 1,
              "Plan Width": 8,
              "Actual Startup Time": 762.783,
              "Actual Total Time": 762.784,
              "Actual Rows": 1,
              "Actual Loops": 7,
              "Plans": [
                {
                  "Node Type": "Seq Scan",
                  "Parent Relationship": "Outer",
                  "Parallel Aware": true,
                  "Relation Name": "cast_info",
                  "Alias": "ci",
                  "Startup Cost": 0.0,
                  "Total Cost": 343316.27,
                  "Plan Rows": 894534,
                  "Plan Width": 0,
                  "Actual Startup Time": 402.57,
                  "Actual Total Time": 697.1,
                  "Actual Rows": 1174497,
                  "Actual Loops": 7,
                  "Filter": "((person_id > 2860291) AND (role_id > 1))",
                  "Rows Removed by Filter": 4003266
                }
              ]
            }
          ]
        }
      ]
    },
    "Planning Time": 0.128,
    "Triggers": [],
    "Execution Time": 816.154
  }
]