{
  "Plan": {
    "Node Type": "Aggregate",
    "Strategy": "Plain",
    "Partial Mode": "Finalize",
    "Parallel Aware": false,
    "Startup Cost": 94733.19,
    "Total Cost": 94733.2,
    "Plan Rows": 1,
    "Plan Width": 8,
    "Actual Startup Time": 417.537,
    "Actual Total Time": 430.253,
    "Actual Rows": 1,
    "Actual Loops": 1,
    "Plans": [
      {
        "Node Type": "Gather",
        "Parent Relationship": "Outer",
        "Parallel Aware": false,
        "Startup Cost": 94733.08,
        "Total Cost": 94733.19,
        "Plan Rows": 1,
        "Plan Width": 8,
        "Actual Startup Time": 416.205,
        "Actual Total Time": 430.246,
        "Actual Rows": 2,
        "Actual Loops": 1,
        "Workers Planned": 1,
        "Workers Launched": 1,
        "Single Copy": false,
        "Plans": [
          {
            "Node Type": "Aggregate",
            "Strategy": "Plain",
            "Partial Mode": "Partial",
            "Parent Relationship": "Outer",
            "Parallel Aware": false,
            "Startup Cost": 93733.08,
            "Total Cost": 93733.09,
            "Plan Rows": 1,
            "Plan Width": 8,
            "Actual Startup Time": 410.091,
            "Actual Total Time": 410.095,
            "Actual Rows": 1,
            "Actual Loops": 2,
            "Plans": [
              {
                "Node Type": "Hash Join",
                "Parent Relationship": "Outer",
                "Parallel Aware": true,
                "Join Type": "Inner",
                "Startup Cost": 35032.13,
                "Total Cost": 93593.62,
                "Plan Rows": 55784,
                "Plan Width": 0,
                "Actual Startup Time": 144.295,
                "Actual Total Time": 401.253,
                "Actual Rows": 194071,
                "Actual Loops": 2,
                "Inner Unique": false,
                "Hash Cond": "(t.id = mc.movie_id)",
                "Plans": [
                  {
                    "Node Type": "Seq Scan",
                    "Parent Relationship": "Outer",
                    "Parallel Aware": true,
                    "Relation Name": "title",
                    "Alias": "t",
                    "Startup Cost": 0.0,
                    "Total Cost": 54588.39,
                    "Plan Rows": 583193,
                    "Plan Width": 4,
                    "Actual Startup Time": 0.012,
                    "Actual Total Time": 132.588,
                    "Actual Rows": 492524,
                    "Actual Loops": 2,
                    "Filter": "(kind_id < 7)",
                    "Rows Removed by Filter": 771632
                  },
                  {
                    "Node Type": "Hash",
                    "Parent Relationship": "Inner",
                    "Parallel Aware": true,
                    "Startup Cost": 33253.92,
                    "Total Cost": 33253.92,
                    "Plan Rows": 142257,
                    "Plan Width": 4,
                    "Actual Startup Time": 138.049,
                    "Actual Total Time": 138.051,
                    "Actual Rows": 241298,
                    "Actual Loops": 2,
                    "Hash Buckets": 524288,
                    "Original Hash Buckets": 262144,
                    "Hash Batches": 1,
                    "Original Hash Batches": 1,
                    "Peak Memory Usage": 25056,
                    "Plans": [
                      {
                        "Node Type": "Bitmap Heap Scan",
                        "Parent Relationship": "Outer",
                        "Parallel Aware": true,
                        "Relation Name": "movie_companies",
                        "Alias": "mc",
                        "Startup Cost": 10261.2,
                        "Total Cost": 33253.92,
                        "Plan Rows": 142257,
                        "Plan Width": 4,
                        "Actual Startup Time": 35.004,
                        "Actual Total Time": 87.747,
                        "Actual Rows": 241298,
                        "Actual Loops": 2,
                        "Recheck Cond": "(company_id > 75082)",
                        "Rows Removed by Index Recheck": 0,
                        "Filter": "(company_type_id = 2)",
                        "Rows Removed by Filter": 0,
                        "Exact Heap Blocks": 4497,
                        "Lossy Heap Blocks": 0,
                        "Plans": [
                          {
                            "Node Type": "Bitmap Index Scan",
                            "Parent Relationship": "Outer",
                            "Parallel Aware": false,
                            "Index Name": "company_id_movie_companies",
                            "Startup Cost": 0.0,
                            "Total Cost": 10200.74,
                            "Plan Rows": 476308,
                            "Plan Width": 0,
                            "Actual Startup Time": 36.236,
                            "Actual Total Time": 36.236,
                            "Actual Rows": 482595,
                            "Actual Loops": 1,
                            "Index Cond": "(company_id > 75082)"
                          }
                        ]
                      }
                    ]
                  }
                ]
              }
            ]
          }
        ]
      }
    ]
  },
  "Planning Time": 0.673,
  "Triggers": [],
  "Execution Time": 430.344
}