[
  {
    "Plan": {
      "Node Type": "Aggregate",
      "Strategy": "Plain",
      "Partial Mode": "Finalize",
      "Parallel Aware": false,
      "Startup Cost": 130931.03,
      "Total Cost": 130931.04,
      "Plan Rows": 1,
      "Plan Width": 8,
      "Actual Startup Time": 1489.4,
      "Actual Total Time": 1511.722,
      "Actual Rows": 1,
      "Actual Loops": 1,
      "Plans": [
        {
          "Node Type": "Gather",
          "Parent Relationship": "Outer",
          "Parallel Aware": false,
          "Startup Cost": 130930.71,
          "Total Cost": 130931.02,
          "Plan Rows": 3,
          "Plan Width": 8,
          "Actual Startup Time": 1479.067,
          "Actual Total Time": 1511.71,
          "Actual Rows": 4,
          "Actual Loops": 1,
          "Workers Planned": 3,
          "Workers Launched": 3,
          "Single Copy": false,
          "Plans": [
            {
              "Node Type": "Aggregate",
              "Strategy": "Plain",
              "Partial Mode": "Partial",
              "Parent Relationship": "Outer",
              "Parallel Aware": false,
              "Startup Cost": 129930.71,
              "Total Cost": 129930.72,
              "Plan Rows": 1,
              "Plan Width": 8,
              "Actual Startup Time": 1464.924,
              "Actual Total Time": 1466.209,
              "Actual Rows": 1,
              "Actual Loops": 4,
              "Plans": [
                {
                  "Node Type": "Hash Join",
                  "Parent Relationship": "Outer",
                  "Parallel Aware": true,
                  "Join Type": "Inner",
                  "Startup Cost": 82617.91,
                  "Total Cost": 129193.32,
                  "Plan Rows": 294956,
                  "Plan Width": 0,
                  "Actual Startup Time": 910.028,
                  "Actual Total Time": 1337.37,
                  "Actual Rows": 2672684,
                  "Actual Loops": 4,
                  "Inner Unique": false,
                  "Hash Cond": "(mk.movie_id = t.id)",
                  "Plans": [
                    {
                      "Node Type": "Seq Scan",
                      "Parent Relationship": "Outer",
                      "Parallel Aware": true,
                      "Relation Name": "movie_keyword",
                      "Alias": "mk",
                      "Startup Cost": 0.0,
                      "Total Cost": 42695.65,
                      "Plan Rows": 780878,
                      "Plan Width": 4,
                      "Actual Startup Time": 0.242,
                      "Actual Total Time": 128.238,
                      "Actual Rows": 603075,
                      "Actual Loops": 4,
                      "Filter": "(keyword_id > 3836)",
                      "Rows Removed by Filter": 527908
                    },
                    {
                      "Node Type": "Hash",
                      "Parent Relationship": "Inner",
                      "Parallel Aware": true,
                      "Startup Cost": 78766.92,
                      "Total Cost": 78766.92,
                      "Plan Rows": 308079,
                      "Plan Width": 8,
                      "Actual Startup Time": 902.868,
                      "Actual Total Time": 904.15,
                      "Actual Rows": 307410,
                      "Actual Loops": 4,
                      "Hash Buckets": 2097152,
                      "Original Hash Buckets": 1048576,
                      "Hash Batches": 1,
                      "Original Hash Batches": 1,
                      "Peak Memory Usage": 72736,
                      "Plans": [
                        {
                          "Node Type": "Hash Join",
                          "Parent Relationship": "Outer",
                          "Parallel Aware": true,
                          "Join Type": "Inner",
                          "Startup Cost": 47831.02,
                          "Total Cost": 78766.92,
                          "Plan Rows": 308079,
                          "Plan Width": 8,
                          "Actual Startup Time": 357.277,
                          "Actual Total Time": 628.545,
                          "Actual Rows": 307410,
                          "Actual Loops": 4,
                          "Inner Unique": true,
                          "Hash Cond": "(mc.movie_id = t.id)",
                          "Plans": [
                            {
                              "Node Type": "Seq Scan",
                              "Parent Relationship": "Outer",
                              "Parallel Aware": true,
                              "Relation Name": "movie_companies",
                              "Alias": "mc",
                              "Startup Cost": 0.0,
                              "Total Cost": 29310.68,
                              "Plan Rows": 619130,
                              "Plan Width": 4,
                              "Actual Startup Time": 0.025,
                              "Actual Total Time": 96.814,
                              "Actual Rows": 481324,
                              "Actual Loops": 4,
                              "Filter": "(company_id < 48054)",
                              "Rows Removed by Filter": 170958
                            },
                            {
                              "Node Type": "Hash",
                              "Parent Relationship": "Inner",
                              "Parallel Aware": true,
                              "Startup Cost": 43899.32,
                              "Total Cost": 43899.32,
                              "Plan Rows": 314536,
                              "Plan Width": 4,
                              "Actual Startup Time": 349.02,
                              "Actual Total Time": 349.022,
                              "Actual Rows": 315925,
                              "Actual Loops": 4,
                              "Hash Buckets": 2097152,
                              "Original Hash Buckets": 2097152,
                              "Hash Batches": 1,
                              "Original Hash Batches": 1,
                              "Peak Memory Usage": 65888,
                              "Plans": [
                                {
                                  "Node Type": "Seq Scan",
                                  "Parent Relationship": "Outer",
                                  "Parallel Aware": true,
                                  "Relation Name": "title",
                                  "Alias": "t",
                                  "Startup Cost": 0.0,
                                  "Total Cost": 43899.32,
                                  "Plan Rows": 314536,
                                  "Plan Width": 4,
                                  "Actual Startup Time": 0.056,
                                  "Actual Total Time": 131.521,
                                  "Actual Rows": 315925,
                                  "Actual Loops": 4,
                                  "Filter": "(production_year < 2004)",
                                  "Rows Removed by Filter": 316153
                                }
                              ]
                            }
                          ]
                        }
                      ]
                    }
                  ]
                }
              ]
            }
          ]
        }
      ]
    },
    "Planning Time": 1.513,
    "Triggers": [],
    "Execution Time": 1511.808
  }
]