{
  "Plan": {
    "Node Type": "Aggregate",
    "Strategy": "Plain",
    "Partial Mode": "Finalize",
    "Parallel Aware": false,
    "Startup Cost": 341036.08,
    "Total Cost": 341036.09,
    "Plan Rows": 1,
    "Plan Width": 8,
    "Actual Startup Time": 1606.797,
    "Actual Total Time": 1657.933,
    "Actual Rows": 1,
    "Actual Loops": 1,
    "Plans": [
      {
        "Node Type": "Gather",
        "Parent Relationship": "Outer",
        "Parallel Aware": false,
        "Startup Cost": 341035.97,
        "Total Cost": 341036.08,
        "Plan Rows": 1,
        "Plan Width": 8,
        "Actual Startup Time": 1604.946,
        "Actual Total Time": 1657.922,
        "Actual Rows": 2,
        "Actual Loops": 1,
        "Workers Planned": 1,
        "Workers Launched": 1,
        "Single Copy": false,
        "Plans": [
          {
            "Node Type": "Aggregate",
            "Strategy": "Plain",
            "Partial Mode": "Partial",
            "Parent Relationship": "Outer",
            "Parallel Aware": false,
            "Startup Cost": 340035.97,
            "Total Cost": 340035.98,
            "Plan Rows": 1,
            "Plan Width": 8,
            "Actual Startup Time": 1599.274,
            "Actual Total Time": 1599.279,
            "Actual Rows": 1,
            "Actual Loops": 2,
            "Plans": [
              {
                "Node Type": "Hash Join",
                "Parent Relationship": "Outer",
                "Parallel Aware": true,
                "Join Type": "Inner",
                "Startup Cost": 57694.66,
                "Total Cost": 338101.24,
                "Plan Rows": 773892,
                "Plan Width": 0,
                "Actual Startup Time": 254.86,
                "Actual Total Time": 1539.224,
                "Actual Rows": 1172932,
                "Actual Loops": 2,
                "Inner Unique": true,
                "Hash Cond": "(mi.movie_id = t.id)",
                "Plans": [
                  {
                    "Node Type": "Seq Scan",
                    "Parent Relationship": "Outer",
                    "Parallel Aware": true,
                    "Relation Name": "movie_info",
                    "Alias": "mi",
                    "Startup Cost": 0.0,
                    "Total Cost": 270696.42,
                    "Plan Rows": 3699105,
                    "Plan Width": 4,
                    "Actual Startup Time": 42.248,
                    "Actual Total Time": 801.284,
                    "Actual Rows": 3111747,
                    "Actual Loops": 2,
                    "Filter": "(info_type_id > 8)",
                    "Rows Removed by Filter": 4306113
                  },
                  {
                    "Node Type": "Hash",
                    "Parent Relationship": "Inner",
                    "Parallel Aware": true,
                    "Startup Cost": 53805.35,
                    "Total Cost": 53805.35,
                    "Plan Rows": 311145,
                    "Plan Width": 4,
                    "Actual Startup Time": 169.256,
                    "Actual Total Time": 169.258,
                    "Actual Rows": 201865,
                    "Actual Loops": 2,
                    "Hash Buckets": 1048576,
                    "Original Hash Buckets": 1048576,
                    "Hash Batches": 1,
                    "Original Hash Batches": 1,
                    "Peak Memory Usage": 24032,
                    "Plans": [
                      {
                        "Node Type": "Bitmap Heap Scan",
                        "Parent Relationship": "Outer",
                        "Parallel Aware": true,
                        "Relation Name": "title",
                        "Alias": "t",
                        "Startup Cost": 11955.09,
                        "Total Cost": 53805.35,
                        "Plan Rows": 311145,
                        "Plan Width": 4,
                        "Actual Startup Time": 31.274,
                        "Actual Total Time": 109.771,
                        "Actual Rows": 201865,
                        "Actual Loops": 2,
                        "Recheck Cond": "(kind_id = 1)",
                        "Rows Removed by Index Recheck": 0,
                        "Filter": "(production_year > 1975)",
                        "Rows Removed by Filter": 129548,
                        "Exact Heap Blocks": 9098,
                        "Lossy Heap Blocks": 0,
                        "Plans": [
                          {
                            "Node Type": "Bitmap Index Scan",
                            "Parent Relationship": "Outer",
                            "Parallel Aware": false,
                            "Index Name": "kind_id_title",
                            "Startup Cost": 0.0,
                            "Total Cost": 11822.85,
                            "Plan Rows": 663256,
                            "Plan Width": 0,
                            "Actual Startup Time": 29.402,
                            "Actual Total Time": 29.402,
                            "Actual Rows": 662825,
                            "Actual Loops": 1,
                            "Index Cond": "(kind_id = 1)"
                          }
                        ]
                      }
                    ]
                  }
                ]
              }
            ]
          }
        ]
      }
    ]
  },
  "Planning Time": 0.478,
  "Triggers": [],
  "Execution Time": 1658.034
}