[
  {
    "Plan": {
      "Node Type": "Aggregate",
      "Strategy": "Plain",
      "Partial Mode": "Finalize",
      "Parallel Aware": false,
      "Startup Cost": 63013.32,
      "Total Cost": 63013.33,
      "Plan Rows": 1,
      "Plan Width": 8,
      "Actual Startup Time": 129.063,
      "Actual Total Time": 145.504,
      "Actual Rows": 1,
      "Actual Loops": 1,
      "Plans": [
        {
          "Node Type": "Gather",
          "Parent Relationship": "Outer",
          "Parallel Aware": false,
          "Startup Cost": 63012.9,
          "Total Cost": 63013.31,
          "Plan Rows": 4,
          "Plan Width": 8,
          "Actual Startup Time": 128.755,
          "Actual Total Time": 145.495,
          "Actual Rows": 5,
          "Actual Loops": 1,
          "Workers Planned": 4,
          "Workers Launched": 4,
          "Single Copy": false,
          "Plans": [
            {
              "Node Type": "Aggregate",
              "Strategy": "Plain",
              "Partial Mode": "Partial",
              "Parent Relationship": "Outer",
              "Parallel Aware": false,
              "Startup Cost": 62012.9,
              "Total Cost": 62012.91,
              "Plan Rows": 1,
              "Plan Width": 8,
              "Actual Startup Time": 122.448,
              "Actual Total Time": 122.45,
              "Actual Rows": 1,
              "Actual Loops": 5,
              "Plans": [
                {
                  "Node Type": "Nested Loop",
                  "Parent Relationship": "Outer",
                  "Parallel Aware": false,
                  "Join Type": "Inner",
                  "Startup Cost": 0.86,
                  "Total Cost": 62006.27,
                  "Plan Rows": 2652,
                  "Plan Width": 0,
                  "Actual Startup Time": 59.194,
                  "Actual Total Time": 122.211,
                  "Actual Rows": 3622,
                  "Actual Loops": 5,
                  "Inner Unique": false,
                  "Join Filter": "(t.id = mk.movie_id)",
                  "Rows Removed by Join Filter": 0,
                  "Plans": [
                    {
                      "Node Type": "Nested Loop",
                      "Parent Relationship": "Outer",
                      "Parallel Aware": false,
                      "Join Type": "Inner",
                      "Startup Cost": 0.43,
                      "Total Cost": 59124.04,
                      "Plan Rows": 1482,
                      "Plan Width": 8,
                      "Actual Startup Time": 58.946,
                      "Actual Total Time": 111.816,
                      "Actual Rows": 2300,
                      "Actual Loops": 5,
                      "Inner Unique": false,
                      "Plans": [
                        {
                          "Node Type": "Seq Scan",
                          "Parent Relationship": "Outer",
                          "Parallel Aware": true,
                          "Relation Name": "title",
                          "Alias": "t",
                          "Startup Cost": 0.0,
                          "Total Cost": 45479.59,
                          "Plan Rows": 2716,
                          "Plan Width": 4,
                          "Actual Startup Time": 58.574,
                          "Actual Total Time": 84.661,
                          "Actual Rows": 8564,
                          "Actual Loops": 5,
                          "Filter": "((production_year < 1913) AND (kind_id = 1))",
                          "Rows Removed by Filter": 497099
                        },
                        {
                          "Node Type": "Index Only Scan",
                          "Parent Relationship": "Inner",
                          "Parallel Aware": false,
                          "Scan Direction": "Forward",
                          "Index Name": "movie_id_movie_info_idx",
                          "Relation Name": "movie_info_idx",
                          "Alias": "mi_idx",
                          "Startup Cost": 0.43,
                          "Total Cost": 4.99,
                          "Plan Rows": 3,
                          "Plan Width": 4,
                          "Actual Startup Time": 0.003,
                          "Actual Total Time": 0.003,
                          "Actual Rows": 0,
                          "Actual Loops": 42819,
                          "Index Cond": "(movie_id = t.id)",
                          "Rows Removed by Index Recheck": 0,
                          "Heap Fetches": 11502
                        }
                      ]
                    },
                    {
                      "Node Type": "Index Only Scan",
                      "Parent Relationship": "Inner",
                      "Parallel Aware": false,
                      "Scan Direction": "Forward",
                      "Index Name": "movie_id_movie_keyword",
                      "Relation Name": "movie_keyword",
                      "Alias": "mk",
                      "Startup Cost": 0.43,
                      "Total Cost": 1.37,
                      "Plan Rows": 46,
                      "Plan Width": 4,
                      "Actual Startup Time": 0.004,
                      "Actual Total Time": 0.004,
                      "Actual Rows": 2,
                      "Actual Loops": 11502,
                      "Index Cond": "(movie_id = mi_idx.movie_id)",
                      "Rows Removed by Index Recheck": 0,
                      "Heap Fetches": 18111
                    }
                  ]
                }
              ]
            }
          ]
        }
      ]
    },
    "Planning Time": 0.925,
    "Triggers": [],
    "Execution Time": 145.564
  }
]