[
  {
    "Plan": {
      "Node Type": "Aggregate",
      "Strategy": "Plain",
      "Partial Mode": "Finalize",
      "Parallel Aware": false,
      "Startup Cost": 78680.63,
      "Total Cost": 78680.64,
      "Plan Rows": 1,
      "Plan Width": 8,
      "Actual Startup Time": 262.301,
      "Actual Total Time": 277.73,
      "Actual Rows": 1,
      "Actual Loops": 1,
      "Plans": [
        {
          "Node Type": "Gather",
          "Parent Relationship": "Outer",
          "Parallel Aware": false,
          "Startup Cost": 78680.31,
          "Total Cost": 78680.62,
          "Plan Rows": 3,
          "Plan Width": 8,
          "Actual Startup Time": 258.329,
          "Actual Total Time": 277.717,
          "Actual Rows": 4,
          "Actual Loops": 1,
          "Workers Planned": 3,
          "Workers Launched": 3,
          "Single Copy": false,
          "Plans": [
            {
              "Node Type": "Aggregate",
              "Strategy": "Plain",
              "Partial Mode": "Partial",
              "Parent Relationship": "Outer",
              "Parallel Aware": false,
              "Startup Cost": 77680.31,
              "Total Cost": 77680.32,
              "Plan Rows": 1,
              "Plan Width": 8,
              "Actual Startup Time": 251.96,
              "Actual Total Time": 251.965,
              "Actual Rows": 1,
              "Actual Loops": 4,
              "Plans": [
                {
                  "Node Type": "Hash Join",
                  "Parent Relationship": "Outer",
                  "Parallel Aware": true,
                  "Join Type": "Inner",
                  "Startup Cost": 45676.55,
                  "Total Cost": 77576.4,
                  "Plan Rows": 41562,
                  "Plan Width": 0,
                  "Actual Startup Time": 190.223,
                  "Actual Total Time": 250.587,
                  "Actual Rows": 30633,
                  "Actual Loops": 4,
                  "Inner Unique": true,
                  "Hash Cond": "(mc.movie_id = t.id)",
                  "Plans": [
                    {
                      "Node Type": "Seq Scan",
                      "Parent Relationship": "Outer",
                      "Parallel Aware": true,
                      "Relation Name": "movie_companies",
                      "Alias": "mc",
                      "Startup Cost": 0.0,
                      "Total Cost": 31414.82,
                      "Plan Rows": 184777,
                      "Plan Width": 4,
                      "Actual Startup Time": 33.403,
                      "Actual Total Time": 65.017,
                      "Actual Rows": 91017,
                      "Actual Loops": 4,
                      "Filter": "((company_id < 8124) AND (company_type_id > 1))",
                      "Rows Removed by Filter": 561265
                    },
                    {
                      "Node Type": "Hash",
                      "Parent Relationship": "Inner",
                      "Parallel Aware": true,
                      "Startup Cost": 43899.32,
                      "Total Cost": 43899.32,
                      "Plan Rows": 142178,
                      "Plan Width": 4,
                      "Actual Startup Time": 153.431,
                      "Actual Total Time": 153.432,
                      "Actual Rows": 146255,
                      "Actual Loops": 4,
                      "Hash Buckets": 1048576,
                      "Original Hash Buckets": 1048576,
                      "Hash Batches": 1,
                      "Original Hash Batches": 1,
                      "Peak Memory Usage": 31136,
                      "Plans": [
                        {
                          "Node Type": "Seq Scan",
                          "Parent Relationship": "Outer",
                          "Parallel Aware": true,
                          "Relation Name": "title",
                          "Alias": "t",
                          "Startup Cost": 0.0,
                          "Total Cost": 43899.32,
                          "Plan Rows": 142178,
                          "Plan Width": 4,
                          "Actual Startup Time": 0.027,
                          "Actual Total Time": 98.973,
                          "Actual Rows": 146255,
                          "Actual Loops": 4,
                          "Filter": "(production_year < 1985)",
                          "Rows Removed by Filter": 485823
                        }
                      ]
                    }
                  ]
                }
              ]
            }
          ]
        }
      ]
    },
    "Planning Time": 0.293,
    "Triggers": [],
    "Execution Time": 277.767
  }
]