[
  {
    "Plan": {
      "Node Type": "Aggregate",
      "Strategy": "Plain",
      "Partial Mode": "Finalize",
      "Parallel Aware": false,
      "Startup Cost": 127609.06,
      "Total Cost": 127609.07,
      "Plan Rows": 1,
      "Plan Width": 8,
      "Actual Startup Time": 672.836,
      "Actual Total Time": 693.822,
      "Actual Rows": 1,
      "Actual Loops": 1,
      "Plans": [
        {
          "Node Type": "Gather",
          "Parent Relationship": "Outer",
          "Parallel Aware": false,
          "Startup Cost": 127608.75,
          "Total Cost": 127609.06,
          "Plan Rows": 3,
          "Plan Width": 8,
          "Actual Startup Time": 667.152,
          "Actual Total Time": 693.811,
          "Actual Rows": 4,
          "Actual Loops": 1,
          "Workers Planned": 3,
          "Workers Launched": 3,
          "Single Copy": false,
          "Plans": [
            {
              "Node Type": "Aggregate",
              "Strategy": "Plain",
              "Partial Mode": "Partial",
              "Parent Relationship": "Outer",
              "Parallel Aware": false,
              "Startup Cost": 126608.75,
              "Total Cost": 126608.76,
              "Plan Rows": 1,
              "Plan Width": 8,
              "Actual Startup Time": 657.938,
              "Actual Total Time": 658.063,
              "Actual Rows": 1,
              "Actual Loops": 4,
              "Plans": [
                {
                  "Node Type": "Hash Join",
                  "Parent Relationship": "Outer",
                  "Parallel Aware": true,
                  "Join Type": "Inner",
                  "Startup Cost": 80571.73,
                  "Total Cost": 125850.15,
                  "Plan Rows": 303440,
                  "Plan Width": 0,
                  "Actual Startup Time": 427.539,
                  "Actual Total Time": 646.231,
                  "Actual Rows": 269424,
                  "Actual Loops": 4,
                  "Inner Unique": false,
                  "Hash Cond": "(mk.movie_id = t.id)",
                  "Plans": [
                    {
                      "Node Type": "Seq Scan",
                      "Parent Relationship": "Outer",
                      "Parallel Aware": true,
                      "Relation Name": "movie_keyword",
                      "Alias": "mk",
                      "Startup Cost": 0.0,
                      "Total Cost": 39047.32,
                      "Plan Rows": 1459332,
                      "Plan Width": 4,
                      "Actual Startup Time": 0.035,
                      "Actual Total Time": 95.924,
                      "Actual Rows": 1130982,
                      "Actual Loops": 4
                    },
                    {
                      "Node Type": "Hash",
                      "Parent Relationship": "Inner",
                      "Parallel Aware": true,
                      "Startup Cost": 78928.89,
                      "Total Cost": 78928.89,
                      "Plan Rows": 131427,
                      "Plan Width": 8,
                      "Actual Startup Time": 422.127,
                      "Actual Total Time": 422.25,
                      "Actual Rows": 104791,
                      "Actual Loops": 4,
                      "Hash Buckets": 1048576,
                      "Original Hash Buckets": 1048576,
                      "Hash Batches": 1,
                      "Original Hash Batches": 1,
                      "Peak Memory Usage": 24640,
                      "Plans": [
                        {
                          "Node Type": "Hash Join",
                          "Parent Relationship": "Outer",
                          "Parallel Aware": true,
                          "Join Type": "Inner",
                          "Startup Cost": 32515.86,
                          "Total Cost": 78928.89,
                          "Plan Rows": 131427,
                          "Plan Width": 8,
                          "Actual Startup Time": 156.879,
                          "Actual Total Time": 382.809,
                          "Actual Rows": 104791,
                          "Actual Loops": 4,
                          "Inner Unique": false,
                          "Hash Cond": "(t.id = mc.movie_id)",
                          "Plans": [
                            {
                              "Node Type": "Seq Scan",
                              "Parent Relationship": "Outer",
                              "Parallel Aware": true,
                              "Relation Name": "title",
                              "Alias": "t",
                              "Startup Cost": 0.0,
                              "Total Cost": 43898.92,
                              "Plan Rows": 418032,
                              "Plan Width": 4,
                              "Actual Startup Time": 0.02,
                              "Actual Total Time": 95.423,
                              "Actual Rows": 418524,
                              "Actual Loops": 4,
                              "Filter": "(kind_id > 3)",
                              "Rows Removed by Filter": 213554
                            },
                            {
                              "Node Type": "Hash",
                              "Parent Relationship": "Inner",
                              "Parallel Aware": true,
                              "Startup Cost": 29310.68,
                              "Total Cost": 29310.68,
                              "Plan Rows": 256414,
                              "Plan Width": 4,
                              "Actual Startup Time": 154.039,
                              "Actual Total Time": 154.04,
                              "Actual Rows": 195970,
                              "Actual Loops": 4,
                              "Hash Buckets": 1048576,
                              "Original Hash Buckets": 1048576,
                              "Hash Batches": 1,
                              "Original Hash Batches": 1,
                              "Peak Memory Usage": 38912,
                              "Plans": [
                                {
                                  "Node Type": "Seq Scan",
                                  "Parent Relationship": "Outer",
                                  "Parallel Aware": true,
                                  "Relation Name": "movie_companies",
                                  "Alias": "mc",
                                  "Startup Cost": 0.0,
                                  "Total Cost": 29310.68,
                                  "Plan Rows": 256414,
                                  "Plan Width": 4,
                                  "Actual Startup Time": 0.056,
                                  "Actual Total Time": 78.697,
                                  "Actual Rows": 195970,
                                  "Actual Loops": 4,
                                  "Filter": "(company_id < 1705)",
                                  "Rows Removed by Filter": 456312
                                }
                              ]
                            }
                          ]
                        }
                      ]
                    }
                  ]
                }
              ]
            }
          ]
        }
      ]
    },
    "Planning Time": 1.469,
    "Triggers": [],
    "Execution Time": 693.905
  }
]