{
  "Plan": {
    "Node Type": "Aggregate",
    "Strategy": "Plain",
    "Partial Mode": "Finalize",
    "Parallel Aware": false,
    "Startup Cost": 329886.84,
    "Total Cost": 329886.85,
    "Plan Rows": 1,
    "Plan Width": 8,
    "Actual Startup Time": 2193.689,
    "Actual Total Time": 2236.931,
    "Actual Rows": 1,
    "Actual Loops": 1,
    "Plans": [
      {
        "Node Type": "Gather",
        "Parent Relationship": "Outer",
        "Parallel Aware": false,
        "Startup Cost": 329886.73,
        "Total Cost": 329886.84,
        "Plan Rows": 1,
        "Plan Width": 8,
        "Actual Startup Time": 2192.565,
        "Actual Total Time": 2236.923,
        "Actual Rows": 2,
        "Actual Loops": 1,
        "Workers Planned": 1,
        "Workers Launched": 1,
        "Single Copy": false,
        "Plans": [
          {
            "Node Type": "Aggregate",
            "Strategy": "Plain",
            "Partial Mode": "Partial",
            "Parent Relationship": "Outer",
            "Parallel Aware": false,
            "Startup Cost": 328886.73,
            "Total Cost": 328886.74,
            "Plan Rows": 1,
            "Plan Width": 8,
            "Actual Startup Time": 2186.479,
            "Actual Total Time": 2186.484,
            "Actual Rows": 1,
            "Actual Loops": 2,
            "Plans": [
              {
                "Node Type": "Hash Join",
                "Parent Relationship": "Outer",
                "Parallel Aware": true,
                "Join Type": "Inner",
                "Startup Cost": 55282.74,
                "Total Cost": 327066.22,
                "Plan Rows": 728201,
                "Plan Width": 0,
                "Actual Startup Time": 171.763,
                "Actual Total Time": 2086.322,
                "Actual Rows": 2061366,
                "Actual Loops": 2,
                "Inner Unique": true,
                "Hash Cond": "(mi.movie_id = t.id)",
                "Plans": [
                  {
                    "Node Type": "Seq Scan",
                    "Parent Relationship": "Outer",
                    "Parallel Aware": true,
                    "Relation Name": "movie_info",
                    "Alias": "mi",
                    "Startup Cost": 0.0,
                    "Total Cost": 248955.74,
                    "Plan Rows": 8696274,
                    "Plan Width": 4,
                    "Actual Startup Time": 0.01,
                    "Actual Total Time": 704.676,
                    "Actual Rows": 7417860,
                    "Actual Loops": 2
                  },
                  {
                    "Node Type": "Hash",
                    "Parent Relationship": "Inner",
                    "Parallel Aware": true,
                    "Startup Cost": 53726.04,
                    "Total Cost": 53726.04,
                    "Plan Rows": 124536,
                    "Plan Width": 4,
                    "Actual Startup Time": 144.704,
                    "Actual Total Time": 144.706,
                    "Actual Rows": 170813,
                    "Actual Loops": 2,
                    "Hash Buckets": 524288,
                    "Original Hash Buckets": 262144,
                    "Hash Batches": 1,
                    "Original Hash Batches": 1,
                    "Peak Memory Usage": 19552,
                    "Plans": [
                      {
                        "Node Type": "Bitmap Heap Scan",
                        "Parent Relationship": "Outer",
                        "Parallel Aware": true,
                        "Relation Name": "title",
                        "Alias": "t",
                        "Startup Cost": 11875.78,
                        "Total Cost": 53726.04,
                        "Plan Rows": 124536,
                        "Plan Width": 4,
                        "Actual Startup Time": 37.011,
                        "Actual Total Time": 103.691,
                        "Actual Rows": 170813,
                        "Actual Loops": 2,
                        "Recheck Cond": "(kind_id = 1)",
                        "Rows Removed by Index Recheck": 0,
                        "Filter": "(production_year < 1995)",
                        "Rows Removed by Filter": 160600,
                        "Exact Heap Blocks": 8275,
                        "Lossy Heap Blocks": 0,
                        "Plans": [
                          {
                            "Node Type": "Bitmap Index Scan",
                            "Parent Relationship": "Outer",
                            "Parallel Aware": false,
                            "Index Name": "kind_id_title",
                            "Startup Cost": 0.0,
                            "Total Cost": 11822.85,
                            "Plan Rows": 663256,
                            "Plan Width": 0,
                            "Actual Startup Time": 37.488,
                            "Actual Total Time": 37.489,
                            "Actual Rows": 662825,
                            "Actual Loops": 1,
                            "Index Cond": "(kind_id = 1)"
                          }
                        ]
                      }
                    ]
                  }
                ]
              }
            ]
          }
        ]
      }
    ]
  },
  "Planning Time": 0.624,
  "Triggers": [],
  "Execution Time": 2237.029
}