{
  "Plan": {
    "Node Type": "Aggregate",
    "Strategy": "Plain",
    "Partial Mode": "Finalize",
    "Parallel Aware": false,
    "Startup Cost": 1552576.32,
    "Total Cost": 1552576.33,
    "Plan Rows": 1,
    "Plan Width": 8,
    "Actual Startup Time": 29107.335,
    "Actual Total Time": 29168.302,
    "Actual Rows": 1,
    "Actual Loops": 1,
    "Plans": [
      {
        "Node Type": "Gather",
        "Parent Relationship": "Outer",
        "Parallel Aware": false,
        "Startup Cost": 1552576.21,
        "Total Cost": 1552576.32,
        "Plan Rows": 1,
        "Plan Width": 8,
        "Actual Startup Time": 29106.189,
        "Actual Total Time": 29168.292,
        "Actual Rows": 2,
        "Actual Loops": 1,
        "Workers Planned": 1,
        "Workers Launched": 1,
        "Single Copy": false,
        "Plans": [
          {
            "Node Type": "Aggregate",
            "Strategy": "Plain",
            "Partial Mode": "Partial",
            "Parent Relationship": "Outer",
            "Parallel Aware": false,
            "Startup Cost": 1551576.21,
            "Total Cost": 1551576.22,
            "Plan Rows": 1,
            "Plan Width": 8,
            "Actual Startup Time": 29100.567,
            "Actual Total Time": 29100.569,
            "Actual Rows": 1,
            "Actual Loops": 2,
            "Plans": [
              {
                "Node Type": "Merge Join",
                "Parent Relationship": "Outer",
                "Parallel Aware": false,
                "Join Type": "Inner",
                "Startup Cost": 21.13,
                "Total Cost": 1527059.6,
                "Plan Rows": 9806643,
                "Plan Width": 0,
                "Actual Startup Time": 40.799,
                "Actual Total Time": 25890.416,
                "Actual Rows": 78700666,
                "Actual Loops": 2,
                "Inner Unique": false,
                "Merge Cond": "(t.id = mi.movie_id)",
                "Plans": [
                  {
                    "Node Type": "Merge Join",
                    "Parent Relationship": "Outer",
                    "Parallel Aware": false,
                    "Join Type": "Inner",
                    "Startup Cost": 14.35,
                    "Total Cost": 308979.87,
                    "Plan Rows": 1677126,
                    "Plan Width": 8,
                    "Actual Startup Time": 23.925,
                    "Actual Total Time": 2000.193,
                    "Actual Rows": 1451132,
                    "Actual Loops": 2,
                    "Inner Unique": true,
                    "Merge Cond": "(mk.movie_id = t.id)",
                    "Plans": [
                      {
                        "Node Type": "Index Scan",
                        "Parent Relationship": "Outer",
                        "Parallel Aware": true,
                        "Scan Direction": "Forward",
                        "Index Name": "movie_id_movie_keyword",
                        "Relation Name": "movie_keyword",
                        "Alias": "mk",
                        "Startup Cost": 0.43,
                        "Total Cost": 165212.95,
                        "Plan Rows": 1724919,
                        "Plan Width": 4,
                        "Actual Startup Time": 1.342,
                        "Actual Total Time": 396.604,
                        "Actual Rows": 1458870,
                        "Actual Loops": 2,
                        "Filter": "(keyword_id > 2487)",
                        "Rows Removed by Filter": 803094
                      },
                      {
                        "Node Type": "Index Scan",
                        "Parent Relationship": "Inner",
                        "Parallel Aware": false,
                        "Scan Direction": "Forward",
                        "Index Name": "title_pkey",
                        "Relation Name": "title",
                        "Alias": "t",
                        "Startup Cost": 0.43,
                        "Total Cost": 116660.7,
                        "Plan Rows": 2458241,
                        "Plan Width": 4,
                        "Actual Startup Time": 0.096,
                        "Actual Total Time": 1314.501,
                        "Actual Rows": 2455035,
                        "Actual Loops": 2,
                        "Filter": "(production_year > 0)",
                        "Rows Removed by Filter": 70785
                      }
                    ]
                  },
                  {
                    "Node Type": "Index Only Scan",
                    "Parent Relationship": "Inner",
                    "Parallel Aware": false,
                    "Scan Direction": "Forward",
                    "Index Name": "movie_id_movie_info",
                    "Relation Name": "movie_info",
                    "Alias": "mi",
                    "Startup Cost": 0.43,
                    "Total Cost": 1079097.33,
                    "Plan Rows": 14783665,
                    "Plan Width": 4,
                    "Actual Startup Time": 0.069,
                    "Actual Total Time": 16853.557,
                    "Actual Rows": 90546069,
                    "Actual Loops": 2,
                    "Heap Fetches": 181092138
                  }
                ]
              }
            ]
          }
        ]
      }
    ]
  },
  "Planning Time": 0.953,
  "Triggers": [],
  "Execution Time": 29168.434
}