[
  {
    "Plan": {
      "Node Type": "Aggregate",
      "Strategy": "Plain",
      "Partial Mode": "Finalize",
      "Parallel Aware": false,
      "Startup Cost": 81753.39,
      "Total Cost": 81753.4,
      "Plan Rows": 1,
      "Plan Width": 8,
      "Actual Startup Time": 329.878,
      "Actual Total Time": 345.217,
      "Actual Rows": 1,
      "Actual Loops": 1,
      "Plans": [
        {
          "Node Type": "Gather",
          "Parent Relationship": "Outer",
          "Parallel Aware": false,
          "Startup Cost": 81752.97,
          "Total Cost": 81753.38,
          "Plan Rows": 4,
          "Plan Width": 8,
          "Actual Startup Time": 326.171,
          "Actual Total Time": 345.207,
          "Actual Rows": 5,
          "Actual Loops": 1,
          "Workers Planned": 4,
          "Workers Launched": 4,
          "Single Copy": false,
          "Plans": [
            {
              "Node Type": "Aggregate",
              "Strategy": "Plain",
              "Partial Mode": "Partial",
              "Parent Relationship": "Outer",
              "Parallel Aware": false,
              "Startup Cost": 80752.97,
              "Total Cost": 80752.98,
              "Plan Rows": 1,
              "Plan Width": 8,
              "Actual Startup Time": 313.236,
              "Actual Total Time": 313.24,
              "Actual Rows": 1,
              "Actual Loops": 5,
              "Plans": [
                {
                  "Node Type": "Hash Join",
                  "Parent Relationship": "Outer",
                  "Parallel Aware": true,
                  "Join Type": "Inner",
                  "Startup Cost": 34262.83,
                  "Total Cost": 80311.53,
                  "Plan Rows": 176576,
                  "Plan Width": 0,
                  "Actual Startup Time": 125.573,
                  "Actual Total Time": 308.663,
                  "Actual Rows": 89642,
                  "Actual Loops": 5,
                  "Inner Unique": false,
                  "Hash Cond": "(t.id = mc.movie_id)",
                  "Plans": [
                    {
                      "Node Type": "Seq Scan",
                      "Parent Relationship": "Outer",
                      "Parallel Aware": true,
                      "Relation Name": "title",
                      "Alias": "t",
                      "Startup Cost": 0.0,
                      "Total Cost": 42318.73,
                      "Plan Rows": 632073,
                      "Plan Width": 4,
                      "Actual Startup Time": 0.018,
                      "Actual Total Time": 67.812,
                      "Actual Rows": 505662,
                      "Actual Loops": 5
                    },
                    {
                      "Node Type": "Hash",
                      "Parent Relationship": "Inner",
                      "Parallel Aware": true,
                      "Startup Cost": 31414.82,
                      "Total Cost": 31414.82,
                      "Plan Rows": 227841,
                      "Plan Width": 4,
                      "Actual Startup Time": 120.584,
                      "Actual Total Time": 120.584,
                      "Actual Rows": 89642,
                      "Actual Loops": 5,
                      "Hash Buckets": 1048576,
                      "Original Hash Buckets": 1048576,
                      "Hash Batches": 1,
                      "Original Hash Batches": 1,
                      "Peak Memory Usage": 25824,
                      "Plans": [
                        {
                          "Node Type": "Seq Scan",
                          "Parent Relationship": "Outer",
                          "Parallel Aware": true,
                          "Relation Name": "movie_companies",
                          "Alias": "mc",
                          "Startup Cost": 0.0,
                          "Total Cost": 31414.82,
                          "Plan Rows": 227841,
                          "Plan Width": 4,
                          "Actual Startup Time": 51.776,
                          "Actual Total Time": 82.434,
                          "Actual Rows": 89642,
                          "Actual Loops": 5,
                          "Filter": "((company_id < 12016) AND (company_type_id = 2))",
                          "Rows Removed by Filter": 432184
                        }
                      ]
                    }
                  ]
                }
              ]
            }
          ]
        }
      ]
    },
    "Planning Time": 0.695,
    "Triggers": [],
    "Execution Time": 345.302
  }
]