[
  {
    "Plan": {
      "Node Type": "Aggregate",
      "Strategy": "Plain",
      "Partial Mode": "Finalize",
      "Parallel Aware": false,
      "Startup Cost": 31755.26,
      "Total Cost": 31755.27,
      "Plan Rows": 1,
      "Plan Width": 8,
      "Actual Startup Time": 115.203,
      "Actual Total Time": 123.202,
      "Actual Rows": 1,
      "Actual Loops": 1,
      "Plans": [
        {
          "Node Type": "Gather",
          "Parent Relationship": "Outer",
          "Parallel Aware": false,
          "Startup Cost": 31754.94,
          "Total Cost": 31755.25,
          "Plan Rows": 3,
          "Plan Width": 8,
          "Actual Startup Time": 115.082,
          "Actual Total Time": 123.193,
          "Actual Rows": 4,
          "Actual Loops": 1,
          "Workers Planned": 3,
          "Workers Launched": 3,
          "Single Copy": false,
          "Plans": [
            {
              "Node Type": "Aggregate",
              "Strategy": "Plain",
              "Partial Mode": "Partial",
              "Parent Relationship": "Outer",
              "Parallel Aware": false,
              "Startup Cost": 30754.94,
              "Total Cost": 30754.95,
              "Plan Rows": 1,
              "Plan Width": 8,
              "Actual Startup Time": 108.323,
              "Actual Total Time": 108.324,
              "Actual Rows": 1,
              "Actual Loops": 4,
              "Plans": [
                {
                  "Node Type": "Seq Scan",
                  "Parent Relationship": "Outer",
                  "Parallel Aware": true,
                  "Relation Name": "movie_companies",
                  "Alias": "mc",
                  "Startup Cost": 0.0,
                  "Total Cost": 29310.68,
                  "Plan Rows": 577704,
                  "Plan Width": 0,
                  "Actual Startup Time": 1.178,
                  "Actual Total Time": 87.039,
                  "Actual Rows": 449828,
                  "Actual Loops": 4,
                  "Filter": "(company_id > 1869)",
                  "Rows Removed by Filter": 202455
                }
              ]
            }
          ]
        }
      ]
    },
    "Planning Time": 0.157,
    "Triggers": [],
    "Execution Time": 123.248
  }
]