{
  "Plan": {
    "Node Type": "Aggregate",
    "Strategy": "Plain",
    "Partial Mode": "Finalize",
    "Parallel Aware": false,
    "Startup Cost": 188617.77,
    "Total Cost": 188617.78,
    "Plan Rows": 1,
    "Plan Width": 8,
    "Actual Startup Time": 570.401,
    "Actual Total Time": 591.342,
    "Actual Rows": 1,
    "Actual Loops": 1,
    "Plans": [
      {
        "Node Type": "Gather",
        "Parent Relationship": "Outer",
        "Parallel Aware": false,
        "Startup Cost": 188617.66,
        "Total Cost": 188617.77,
        "Plan Rows": 1,
        "Plan Width": 8,
        "Actual Startup Time": 570.228,
        "Actual Total Time": 591.334,
        "Actual Rows": 2,
        "Actual Loops": 1,
        "Workers Planned": 1,
        "Workers Launched": 1,
        "Single Copy": false,
        "Plans": [
          {
            "Node Type": "Aggregate",
            "Strategy": "Plain",
            "Partial Mode": "Partial",
            "Parent Relationship": "Outer",
            "Parallel Aware": false,
            "Startup Cost": 187617.66,
            "Total Cost": 187617.67,
            "Plan Rows": 1,
            "Plan Width": 8,
            "Actual Startup Time": 564.199,
            "Actual Total Time": 564.202,
            "Actual Rows": 1,
            "Actual Loops": 2,
            "Plans": [
              {
                "Node Type": "Hash Join",
                "Parent Relationship": "Outer",
                "Parallel Aware": true,
                "Join Type": "Inner",
                "Startup Cost": 54693.68,
                "Total Cost": 187602.41,
                "Plan Rows": 6101,
                "Plan Width": 0,
                "Actual Startup Time": 139.729,
                "Actual Total Time": 563.909,
                "Actual Rows": 3990,
                "Actual Loops": 2,
                "Inner Unique": true,
                "Hash Cond": "(ci.movie_id = t.id)",
                "Plans": [
                  {
                    "Node Type": "Index Scan",
                    "Parent Relationship": "Outer",
                    "Parallel Aware": true,
                    "Scan Direction": "Forward",
                    "Index Name": "role_id_cast_info",
                    "Relation Name": "cast_info",
                    "Alias": "ci",
                    "Startup Cost": 0.56,
                    "Total Cost": 130066.5,
                    "Plan Rows": 1082969,
                    "Plan Width": 4,
                    "Actual Startup Time": 0.078,
                    "Actual Total Time": 302.108,
                    "Actual Rows": 1286064,
                    "Actual Loops": 2,
                    "Index Cond": "(role_id = 3)",
                    "Rows Removed by Index Recheck": 0,
                    "Filter": "(person_id > 1986630)",
                    "Rows Removed by Filter": 717954
                  },
                  {
                    "Node Type": "Hash",
                    "Parent Relationship": "Inner",
                    "Parallel Aware": true,
                    "Startup Cost": 54588.39,
                    "Total Cost": 54588.39,
                    "Plan Rows": 8378,
                    "Plan Width": 4,
                    "Actual Startup Time": 137.636,
                    "Actual Total Time": 137.637,
                    "Actual Rows": 7228,
                    "Actual Loops": 2,
                    "Hash Buckets": 16384,
                    "Original Hash Buckets": 16384,
                    "Hash Batches": 1,
                    "Original Hash Batches": 1,
                    "Peak Memory Usage": 736,
                    "Plans": [
                      {
                        "Node Type": "Seq Scan",
                        "Parent Relationship": "Outer",
                        "Parallel Aware": true,
                        "Relation Name": "title",
                        "Alias": "t",
                        "Startup Cost": 0.0,
                        "Total Cost": 54588.39,
                        "Plan Rows": 8378,
                        "Plan Width": 4,
                        "Actual Startup Time": 0.088,
                        "Actual Total Time": 134.993,
                        "Actual Rows": 7228,
                        "Actual Loops": 2,
                        "Filter": "(production_year = 1981)",
                        "Rows Removed by Filter": 1256928
                      }
                    ]
                  }
                ]
              }
            ]
          }
        ]
      }
    ]
  },
  "Planning Time": 0.605,
  "Triggers": [],
  "Execution Time": 591.416
}