[
  {
    "Plan": {
      "Node Type": "Aggregate",
      "Strategy": "Plain",
      "Partial Mode": "Finalize",
      "Parallel Aware": false,
      "Startup Cost": 112510.07,
      "Total Cost": 112510.08,
      "Plan Rows": 1,
      "Plan Width": 8,
      "Actual Startup Time": 184.147,
      "Actual Total Time": 202.34,
      "Actual Rows": 1,
      "Actual Loops": 1,
      "Plans": [
        {
          "Node Type": "Gather",
          "Parent Relationship": "Outer",
          "Parallel Aware": false,
          "Startup Cost": 112509.55,
          "Total Cost": 112510.06,
          "Plan Rows": 5,
          "Plan Width": 8,
          "Actual Startup Time": 183.599,
          "Actual Total Time": 202.332,
          "Actual Rows": 6,
          "Actual Loops": 1,
          "Workers Planned": 5,
          "Workers Launched": 5,
          "Single Copy": false,
          "Plans": [
            {
              "Node Type": "Aggregate",
              "Strategy": "Plain",
              "Partial Mode": "Partial",
              "Parent Relationship": "Outer",
              "Parallel Aware": false,
              "Startup Cost": 111509.55,
              "Total Cost": 111509.56,
              "Plan Rows": 1,
              "Plan Width": 8,
              "Actual Startup Time": 176.628,
              "Actual Total Time": 176.632,
              "Actual Rows": 1,
              "Actual Loops": 6,
              "Plans": [
                {
                  "Node Type": "Hash Join",
                  "Parent Relationship": "Outer",
                  "Parallel Aware": true,
                  "Join Type": "Inner",
                  "Startup Cost": 38072.83,
                  "Total Cost": 111508.37,
                  "Plan Rows": 474,
                  "Plan Width": 0,
                  "Actual Startup Time": 46.021,
                  "Actual Total Time": 176.585,
                  "Actual Rows": 193,
                  "Actual Loops": 6,
                  "Inner Unique": true,
                  "Hash Cond": "(ci.movie_id = t.id)",
                  "Plans": [
                    {
                      "Node Type": "Index Scan",
                      "Parent Relationship": "Outer",
                      "Parallel Aware": true,
                      "Scan Direction": "Forward",
                      "Index Name": "role_id_cast_info",
                      "Relation Name": "cast_info",
                      "Alias": "ci",
                      "Startup Cost": 0.56,
                      "Total Cost": 72913.16,
                      "Plan Rows": 199219,
                      "Plan Width": 4,
                      "Actual Startup Time": 0.29,
                      "Actual Total Time": 111.804,
                      "Actual Rows": 159699,
                      "Actual Loops": 6,
                      "Index Cond": "(role_id = 4)",
                      "Rows Removed by Index Recheck": 0,
                      "Filter": "(person_id < 1344284)",
                      "Rows Removed by Filter": 295124
                    },
                    {
                      "Node Type": "Hash",
                      "Parent Relationship": "Inner",
                      "Parallel Aware": true,
                      "Startup Cost": 38053.46,
                      "Total Cost": 38053.46,
                      "Plan Rows": 1504,
                      "Plan Width": 4,
                      "Actual Startup Time": 44.765,
                      "Actual Total Time": 44.767,
                      "Actual Rows": 923,
                      "Actual Loops": 6,
                      "Hash Buckets": 8192,
                      "Original Hash Buckets": 8192,
                      "Hash Batches": 1,
                      "Original Hash Batches": 1,
                      "Peak Memory Usage": 384,
                      "Plans": [
                        {
                          "Node Type": "Bitmap Heap Scan",
                          "Parent Relationship": "Outer",
                          "Parallel Aware": true,
                          "Relation Name": "title",
                          "Alias": "t",
                          "Startup Cost": 1698.95,
                          "Total Cost": 38053.46,
                          "Plan Rows": 1504,
                          "Plan Width": 4,
                          "Actual Startup Time": 5.967,
                          "Actual Total Time": 44.143,
                          "Actual Rows": 923,
                          "Actual Loops": 6,
                          "Recheck Cond": "(kind_id = 2)",
                          "Rows Removed by Index Recheck": 0,
                          "Filter": "(production_year = 2012)",
                          "Rows Removed by Filter": 14219,
                          "Exact Heap Blocks": 11174,
                          "Lossy Heap Blocks": 0,
                          "Plans": [
                            {
                              "Node Type": "Bitmap Index Scan",
                              "Parent Relationship": "Outer",
                              "Parallel Aware": false,
                              "Index Name": "kind_id_title",
                              "Startup Cost": 0.0,
                              "Total Cost": 1697.45,
                              "Plan Rows": 95069,
                              "Plan Width": 0,
                              "Actual Startup Time": 7.503,
                              "Actual Total Time": 7.505,
                              "Actual Rows": 90852,
                              "Actual Loops": 1,
                              "Index Cond": "(kind_id = 2)"
                            }
                          ]
                        }
                      ]
                    }
                  ]
                }
              ]
            }
          ]
        }
      ]
    },
    "Planning Time": 0.244,
    "Triggers": [],
    "Execution Time": 202.406
  }
]