[
  {
    "Plan": {
      "Node Type": "Aggregate",
      "Strategy": "Plain",
      "Partial Mode": "Finalize",
      "Parallel Aware": false,
      "Startup Cost": 81918.54,
      "Total Cost": 81918.55,
      "Plan Rows": 1,
      "Plan Width": 8,
      "Actual Startup Time": 313.81,
      "Actual Total Time": 328.506,
      "Actual Rows": 1,
      "Actual Loops": 1,
      "Plans": [
        {
          "Node Type": "Gather",
          "Parent Relationship": "Outer",
          "Parallel Aware": false,
          "Startup Cost": 81918.12,
          "Total Cost": 81918.53,
          "Plan Rows": 4,
          "Plan Width": 8,
          "Actual Startup Time": 310.973,
          "Actual Total Time": 328.493,
          "Actual Rows": 5,
          "Actual Loops": 1,
          "Workers Planned": 4,
          "Workers Launched": 4,
          "Single Copy": false,
          "Plans": [
            {
              "Node Type": "Aggregate",
              "Strategy": "Plain",
              "Partial Mode": "Partial",
              "Parent Relationship": "Outer",
              "Parallel Aware": false,
              "Startup Cost": 80918.12,
              "Total Cost": 80918.13,
              "Plan Rows": 1,
              "Plan Width": 8,
              "Actual Startup Time": 300.649,
              "Actual Total Time": 300.653,
              "Actual Rows": 1,
              "Actual Loops": 5,
              "Plans": [
                {
                  "Node Type": "Hash Join",
                  "Parent Relationship": "Outer",
                  "Parallel Aware": true,
                  "Join Type": "Inner",
                  "Startup Cost": 34384.71,
                  "Total Cost": 80457.78,
                  "Plan Rows": 184133,
                  "Plan Width": 0,
                  "Actual Startup Time": 142.423,
                  "Actual Total Time": 296.01,
                  "Actual Rows": 103236,
                  "Actual Loops": 5,
                  "Inner Unique": false,
                  "Hash Cond": "(t.id = mc.movie_id)",
                  "Plans": [
                    {
                      "Node Type": "Seq Scan",
                      "Parent Relationship": "Outer",
                      "Parallel Aware": true,
                      "Relation Name": "title",
                      "Alias": "t",
                      "Startup Cost": 0.0,
                      "Total Cost": 42318.73,
                      "Plan Rows": 632073,
                      "Plan Width": 4,
                      "Actual Startup Time": 0.014,
                      "Actual Total Time": 65.904,
                      "Actual Rows": 505662,
                      "Actual Loops": 5
                    },
                    {
                      "Node Type": "Hash",
                      "Parent Relationship": "Inner",
                      "Parallel Aware": true,
                      "Startup Cost": 31414.82,
                      "Total Cost": 31414.82,
                      "Plan Rows": 237591,
                      "Plan Width": 4,
                      "Actual Startup Time": 112.388,
                      "Actual Total Time": 112.389,
                      "Actual Rows": 103236,
                      "Actual Loops": 5,
                      "Hash Buckets": 1048576,
                      "Original Hash Buckets": 1048576,
                      "Hash Batches": 1,
                      "Original Hash Batches": 1,
                      "Peak Memory Usage": 28480,
                      "Plans": [
                        {
                          "Node Type": "Seq Scan",
                          "Parent Relationship": "Outer",
                          "Parallel Aware": true,
                          "Relation Name": "movie_companies",
                          "Alias": "mc",
                          "Startup Cost": 0.0,
                          "Total Cost": 31414.82,
                          "Plan Rows": 237591,
                          "Plan Width": 4,
                          "Actual Startup Time": 12.332,
                          "Actual Total Time": 74.036,
                          "Actual Rows": 103236,
                          "Actual Loops": 5,
                          "Filter": "((company_id > 7848) AND (company_type_id < 2))",
                          "Rows Removed by Filter": 418590
                        }
                      ]
                    }
                  ]
                }
              ]
            }
          ]
        }
      ]
    },
    "Planning Time": 0.626,
    "Triggers": [],
    "Execution Time": 328.581
  }
]