[
  {
    "Plan": {
      "Node Type": "Aggregate",
      "Strategy": "Plain",
      "Partial Mode": "Finalize",
      "Parallel Aware": false,
      "Startup Cost": 206762.54,
      "Total Cost": 206762.55,
      "Plan Rows": 1,
      "Plan Width": 8,
      "Actual Startup Time": 475.998,
      "Actual Total Time": 512.829,
      "Actual Rows": 1,
      "Actual Loops": 1,
      "Plans": [
        {
          "Node Type": "Gather",
          "Parent Relationship": "Outer",
          "Parallel Aware": false,
          "Startup Cost": 206762.01,
          "Total Cost": 206762.52,
          "Plan Rows": 5,
          "Plan Width": 8,
          "Actual Startup Time": 475.873,
          "Actual Total Time": 512.818,
          "Actual Rows": 6,
          "Actual Loops": 1,
          "Workers Planned": 5,
          "Workers Launched": 5,
          "Single Copy": false,
          "Plans": [
            {
              "Node Type": "Aggregate",
              "Strategy": "Plain",
              "Partial Mode": "Partial",
              "Parent Relationship": "Outer",
              "Parallel Aware": false,
              "Startup Cost": 205762.01,
              "Total Cost": 205762.02,
              "Plan Rows": 1,
              "Plan Width": 8,
              "Actual Startup Time": 467.426,
              "Actual Total Time": 467.428,
              "Actual Rows": 1,
              "Actual Loops": 6,
              "Plans": [
                {
                  "Node Type": "Seq Scan",
                  "Parent Relationship": "Outer",
                  "Parallel Aware": true,
                  "Relation Name": "movie_info",
                  "Alias": "mi",
                  "Startup Cost": 0.0,
                  "Total Cost": 198952.16,
                  "Plan Rows": 2723940,
                  "Plan Width": 0,
                  "Actual Startup Time": 0.054,
                  "Actual Total Time": 363.867,
                  "Actual Rows": 2286723,
                  "Actual Loops": 6,
                  "Filter": "(info_type_id < 64)",
                  "Rows Removed by Filter": 185897
                }
              ]
            }
          ]
        }
      ]
    },
    "Planning Time": 0.184,
    "Triggers": [],
    "Execution Time": 512.893
  }
]