[
  {
    "Plan": {
      "Node Type": "Aggregate",
      "Strategy": "Plain",
      "Partial Mode": "Finalize",
      "Parallel Aware": false,
      "Startup Cost": 351215.46,
      "Total Cost": 351215.47,
      "Plan Rows": 1,
      "Plan Width": 8,
      "Actual Startup Time": 407.132,
      "Actual Total Time": 470.007,
      "Actual Rows": 1,
      "Actual Loops": 1,
      "Plans": [
        {
          "Node Type": "Gather",
          "Parent Relationship": "Outer",
          "Parallel Aware": false,
          "Startup Cost": 351215.04,
          "Total Cost": 351215.45,
          "Plan Rows": 4,
          "Plan Width": 8,
          "Actual Startup Time": 406.862,
          "Actual Total Time": 469.996,
          "Actual Rows": 5,
          "Actual Loops": 1,
          "Workers Planned": 4,
          "Workers Launched": 4,
          "Single Copy": false,
          "Plans": [
            {
              "Node Type": "Aggregate",
              "Strategy": "Plain",
              "Partial Mode": "Partial",
              "Parent Relationship": "Outer",
              "Parallel Aware": false,
              "Startup Cost": 350215.04,
              "Total Cost": 350215.05,
              "Plan Rows": 1,
              "Plan Width": 8,
              "Actual Startup Time": 396.774,
              "Actual Total Time": 396.775,
              "Actual Rows": 1,
              "Actual Loops": 5,
              "Plans": [
                {
                  "Node Type": "Nested Loop",
                  "Parent Relationship": "Outer",
                  "Parallel Aware": false,
                  "Join Type": "Inner",
                  "Startup Cost": 0.56,
                  "Total Cost": 350054.53,
                  "Plan Rows": 64206,
                  "Plan Width": 0,
                  "Actual Startup Time": 0.764,
                  "Actual Total Time": 392.889,
                  "Actual Rows": 46154,
                  "Actual Loops": 5,
                  "Inner Unique": false,
                  "Plans": [
                    {
                      "Node Type": "Seq Scan",
                      "Parent Relationship": "Outer",
                      "Parallel Aware": true,
                      "Relation Name": "title",
                      "Alias": "t",
                      "Startup Cost": 0.0,
                      "Total Cost": 45479.1,
                      "Plan Rows": 10360,
                      "Plan Width": 4,
                      "Actual Startup Time": 0.365,
                      "Actual Total Time": 71.742,
                      "Actual Rows": 5956,
                      "Actual Loops": 5,
                      "Filter": "((kind_id < 4) AND (production_year = 2008))",
                      "Rows Removed by Filter": 499707
                    },
                    {
                      "Node Type": "Index Scan",
                      "Parent Relationship": "Inner",
                      "Parallel Aware": false,
                      "Scan Direction": "Forward",
                      "Index Name": "movie_id_cast_info",
                      "Relation Name": "cast_info",
                      "Alias": "ci",
                      "Startup Cost": 0.56,
                      "Total Cost": 29.24,
                      "Plan Rows": 16,
                      "Plan Width": 4,
                      "Actual Startup Time": 0.012,
                      "Actual Total Time": 0.053,
                      "Actual Rows": 8,
                      "Actual Loops": 29779,
                      "Index Cond": "(movie_id = t.id)",
                      "Rows Removed by Index Recheck": 0,
                      "Filter": "((person_id < 1984927) AND (role_id < 8))",
                      "Rows Removed by Filter": 10
                    }
                  ]
                }
              ]
            }
          ]
        }
      ]
    },
    "Planning Time": 0.661,
    "Triggers": [],
    "Execution Time": 470.102
  }
]