[
    {
        "Bao": {
            "Bao prediction": "NaN",
            "Bao recommended hint": "(no hint)"
        }
    },
    {
        "Plan": {
            "Node Type": "Aggregate",
            "Strategy": "Plain",
            "Partial Mode": "Finalize",
            "Parallel Aware": false,
            "Startup Cost": 33027.29,
            "Total Cost": 33027.3,
            "Plan Rows": 1,
            "Plan Width": 8,
            "Actual Startup Time": 92.551,
            "Actual Total Time": 98.111,
            "Actual Rows": 1,
            "Actual Loops": 1,
            "Output": [
                "count(*)"
            ],
            "Plans": [
                {
                    "Node Type": "Gather",
                    "Parent Relationship": "Outer",
                    "Parallel Aware": false,
                    "Startup Cost": 33026.97,
                    "Total Cost": 33027.28,
                    "Plan Rows": 3,
                    "Plan Width": 8,
                    "Actual Startup Time": 92.472,
                    "Actual Total Time": 98.105,
                    "Actual Rows": 4,
                    "Actual Loops": 1,
                    "Output": [
                        "(PARTIAL count(*))"
                    ],
                    "Workers Planned": 3,
                    "Workers Launched": 3,
                    "Single Copy": false,
                    "Plans": [
                        {
                            "Node Type": "Aggregate",
                            "Strategy": "Plain",
                            "Partial Mode": "Partial",
                            "Parent Relationship": "Outer",
                            "Parallel Aware": false,
                            "Startup Cost": 32026.97,
                            "Total Cost": 32026.98,
                            "Plan Rows": 1,
                            "Plan Width": 8,
                            "Actual Startup Time": 84.576,
                            "Actual Total Time": 84.577,
                            "Actual Rows": 1,
                            "Actual Loops": 4,
                            "Output": [
                                "PARTIAL count(*)"
                            ],
                            "Workers": [
                                {
                                    "Worker Number": 0,
                                    "Actual Startup Time": 81.845,
                                    "Actual Total Time": 81.846,
                                    "Actual Rows": 1,
                                    "Actual Loops": 1
                                },
                                {
                                    "Worker Number": 1,
                                    "Actual Startup Time": 82.073,
                                    "Actual Total Time": 82.074,
                                    "Actual Rows": 1,
                                    "Actual Loops": 1
                                },
                                {
                                    "Worker Number": 2,
                                    "Actual Startup Time": 82.296,
                                    "Actual Total Time": 82.297,
                                    "Actual Rows": 1,
                                    "Actual Loops": 1
                                }
                            ],
                            "Plans": [
                                {
                                    "Node Type": "Seq Scan",
                                    "Parent Relationship": "Outer",
                                    "Parallel Aware": true,
                                    "Relation Name": "movie_companies",
                                    "Schema": "public",
                                    "Alias": "mc",
                                    "Startup Cost": 0.0,
                                    "Total Cost": 31414.82,
                                    "Plan Rows": 244861,
                                    "Plan Width": 0,
                                    "Actual Startup Time": 43.867,
                                    "Actual Total Time": 78.612,
                                    "Actual Rows": 118646,
                                    "Actual Loops": 4,
                                    "Output": [
                                        "id",
                                        "movie_id",
                                        "company_id",
                                        "company_type_id",
                                        "note"
                                    ],
                                    "Filter": "((mc.company_id < 13640) AND (mc.company_type_id = 2))",
                                    "Rows Removed by Filter": 533636,
                                    "Workers": [
                                        {
                                            "Worker Number": 0,
                                            "Actual Startup Time": 41.137,
                                            "Actual Total Time": 76.055,
                                            "Actual Rows": 85932,
                                            "Actual Loops": 1
                                        },
                                        {
                                            "Worker Number": 1,
                                            "Actual Startup Time": 41.369,
                                            "Actual Total Time": 76.404,
                                            "Actual Rows": 136954,
                                            "Actual Loops": 1
                                        },
                                        {
                                            "Worker Number": 2,
                                            "Actual Startup Time": 41.585,
                                            "Actual Total Time": 76.467,
                                            "Actual Rows": 86129,
                                            "Actual Loops": 1
                                        }
                                    ]
                                }
                            ]
                        }
                    ]
                }
            ]
        },
        "Planning Time": 177.703,
        "Triggers": [],
        "Execution Time": 98.205
    }
]