[
  {
    "Plan": {
      "Node Type": "Aggregate",
      "Strategy": "Plain",
      "Partial Mode": "Finalize",
      "Parallel Aware": false,
      "Startup Cost": 45402.22,
      "Total Cost": 45402.23,
      "Plan Rows": 1,
      "Plan Width": 8,
      "Actual Startup Time": 143.916,
      "Actual Total Time": 154.493,
      "Actual Rows": 1,
      "Actual Loops": 1,
      "Plans": [
        {
          "Node Type": "Gather",
          "Parent Relationship": "Outer",
          "Parallel Aware": false,
          "Startup Cost": 45401.9,
          "Total Cost": 45402.21,
          "Plan Rows": 3,
          "Plan Width": 8,
          "Actual Startup Time": 143.749,
          "Actual Total Time": 154.482,
          "Actual Rows": 4,
          "Actual Loops": 1,
          "Workers Planned": 3,
          "Workers Launched": 3,
          "Single Copy": false,
          "Plans": [
            {
              "Node Type": "Aggregate",
              "Strategy": "Plain",
              "Partial Mode": "Partial",
              "Parent Relationship": "Outer",
              "Parallel Aware": false,
              "Startup Cost": 44401.9,
              "Total Cost": 44401.91,
              "Plan Rows": 1,
              "Plan Width": 8,
              "Actual Startup Time": 138.83,
              "Actual Total Time": 138.832,
              "Actual Rows": 1,
              "Actual Loops": 4,
              "Plans": [
                {
                  "Node Type": "Seq Scan",
                  "Parent Relationship": "Outer",
                  "Parallel Aware": true,
                  "Relation Name": "movie_keyword",
                  "Alias": "mk",
                  "Startup Cost": 0.0,
                  "Total Cost": 42695.65,
                  "Plan Rows": 682499,
                  "Plan Width": 0,
                  "Actual Startup Time": 0.044,
                  "Actual Total Time": 113.622,
                  "Actual Rows": 531088,
                  "Actual Loops": 4,
                  "Filter": "(keyword_id < 3913)",
                  "Rows Removed by Filter": 599894
                }
              ]
            }
          ]
        }
      ]
    },
    "Planning Time": 0.128,
    "Triggers": [],
    "Execution Time": 154.533
  }
]