[
  {
    "Plan": {
      "Node Type": "Aggregate",
      "Strategy": "Plain",
      "Partial Mode": "Finalize",
      "Parallel Aware": false,
      "Startup Cost": 354658.27,
      "Total Cost": 354658.28,
      "Plan Rows": 1,
      "Plan Width": 8,
      "Actual Startup Time": 972.05,
      "Actual Total Time": 1029.465,
      "Actual Rows": 1,
      "Actual Loops": 1,
      "Plans": [
        {
          "Node Type": "Gather",
          "Parent Relationship": "Outer",
          "Parallel Aware": false,
          "Startup Cost": 354657.64,
          "Total Cost": 354658.25,
          "Plan Rows": 6,
          "Plan Width": 8,
          "Actual Startup Time": 971.83,
          "Actual Total Time": 1029.445,
          "Actual Rows": 7,
          "Actual Loops": 1,
          "Workers Planned": 6,
          "Workers Launched": 6,
          "Single Copy": false,
          "Plans": [
            {
              "Node Type": "Aggregate",
              "Strategy": "Plain",
              "Partial Mode": "Partial",
              "Parent Relationship": "Outer",
              "Parallel Aware": false,
              "Startup Cost": 353657.64,
              "Total Cost": 353657.65,
              "Plan Rows": 1,
              "Plan Width": 8,
              "Actual Startup Time": 963.644,
              "Actual Total Time": 963.646,
              "Actual Rows": 1,
              "Actual Loops": 7,
              "Plans": [
                {
                  "Node Type": "Seq Scan",
                  "Parent Relationship": "Outer",
                  "Parallel Aware": true,
                  "Relation Name": "cast_info",
                  "Alias": "ci",
                  "Startup Cost": 0.0,
                  "Total Cost": 343316.27,
                  "Plan Rows": 4136548,
                  "Plan Width": 0,
                  "Actual Startup Time": 112.259,
                  "Actual Total Time": 779.013,
                  "Actual Rows": 3433696,
                  "Actual Loops": 7,
                  "Filter": "((person_id > 771092) AND (role_id < 10))",
                  "Rows Removed by Filter": 1744068
                }
              ]
            }
          ]
        }
      ]
    },
    "Planning Time": 0.153,
    "Triggers": [],
    "Execution Time": 1029.543
  }
]