[
  {
    "Plan": {
      "Node Type": "Aggregate",
      "Strategy": "Plain",
      "Partial Mode": "Simple",
      "Parallel Aware": false,
      "Startup Cost": 278738.57,
      "Total Cost": 278738.58,
      "Plan Rows": 1,
      "Plan Width": 32,
      "Actual Startup Time": 112.271,
      "Actual Total Time": 124.186,
      "Actual Rows": 1,
      "Actual Loops": 1,
      "Plans": [
        {
          "Node Type": "Gather",
          "Parent Relationship": "Outer",
          "Parallel Aware": false,
          "Startup Cost": 79270.92,
          "Total Cost": 278738.56,
          "Plan Rows": 5,
          "Plan Width": 17,
          "Actual Startup Time": 112.266,
          "Actual Total Time": 124.18,
          "Actual Rows": 0,
          "Actual Loops": 1,
          "Workers Planned": 5,
          "Workers Launched": 5,
          "Single Copy": false,
          "Plans": [
            {
              "Node Type": "Hash Join",
              "Parent Relationship": "Outer",
              "Parallel Aware": false,
              "Join Type": "Inner",
              "Startup Cost": 78270.92,
              "Total Cost": 277738.06,
              "Plan Rows": 1,
              "Plan Width": 17,
              "Actual Startup Time": 101.481,
              "Actual Total Time": 101.488,
              "Actual Rows": 0,
              "Actual Loops": 6,
              "Inner Unique": true,
              "Hash Cond": "(mi.info_type_id = it.id)",
              "Plans": [
                {
                  "Node Type": "Hash Join",
                  "Parent Relationship": "Outer",
                  "Parallel Aware": true,
                  "Join Type": "Inner",
                  "Startup Cost": 78267.38,
                  "Total Cost": 277734.51,
                  "Plan Rows": 1,
                  "Plan Width": 21,
                  "Actual Startup Time": 100.519,
                  "Actual Total Time": 100.524,
                  "Actual Rows": 0,
                  "Actual Loops": 6,
                  "Inner Unique": false,
                  "Hash Cond": "(mi.movie_id = t.id)",
                  "Plans": [
                    {
                      "Node Type": "Seq Scan",
                      "Parent Relationship": "Outer",
                      "Parallel Aware": true,
                      "Relation Name": "movie_info",
                      "Alias": "mi",
                      "Startup Cost": 0.0,
                      "Total Cost": 199090.3,
                      "Plan Rows": 100486,
                      "Plan Width": 8,
                      "Actual Startup Time": 0.0,
                      "Actual Total Time": 0.0,
                      "Actual Rows": 0,
                      "Actual Loops": 0,
                      "Filter": "(info = ANY ('{USA,Denish}'::text[]))",
                      "Rows Removed by Filter": 0
                    },
                    {
                      "Node Type": "Hash",
                      "Parent Relationship": "Inner",
                      "Parallel Aware": true,
                      "Startup Cost": 78267.36,
                      "Total Cost": 78267.36,
                      "Plan Rows": 1,
                      "Plan Width": 25,
                      "Actual Startup Time": 100.313,
                      "Actual Total Time": 100.317,
                      "Actual Rows": 0,
                      "Actual Loops": 6,
                      "Hash Buckets": 1024,
                      "Original Hash Buckets": 1024,
                      "Hash Batches": 1,
                      "Original Hash Batches": 1,
                      "Peak Memory Usage": 0,
                      "Plans": [
                        {
                          "Node Type": "Hash Join",
                          "Parent Relationship": "Outer",
                          "Parallel Aware": true,
                          "Join Type": "Inner",
                          "Startup Cost": 33520.18,
                          "Total Cost": 78267.36,
                          "Plan Rows": 1,
                          "Plan Width": 25,
                          "Actual Startup Time": 100.092,
                          "Actual Total Time": 100.096,
                          "Actual Rows": 0,
                          "Actual Loops": 6,
                          "Inner Unique": false,
                          "Hash Cond": "(t.id = mc.movie_id)",
                          "Plans": [
                            {
                              "Node Type": "Seq Scan",
                              "Parent Relationship": "Outer",
                              "Parallel Aware": true,
                              "Relation Name": "title",
                              "Alias": "t",
                              "Startup Cost": 0.0,
                              "Total Cost": 43898.62,
                              "Plan Rows": 226281,
                              "Plan Width": 21,
                              "Actual Startup Time": 0.0,
                              "Actual Total Time": 0.0,
                              "Actual Rows": 0,
                              "Actual Loops": 0,
                              "Filter": "(production_year > 2006)",
                              "Rows Removed by Filter": 0
                            },
                            {
                              "Node Type": "Hash",
                              "Parent Relationship": "Inner",
                              "Parallel Aware": true,
                              "Startup Cost": 33520.12,
                              "Total Cost": 33520.12,
                              "Plan Rows": 5,
                              "Plan Width": 4,
                              "Actual Startup Time": 100.072,
                              "Actual Total Time": 100.074,
                              "Actual Rows": 0,
                              "Actual Loops": 6,
                              "Hash Buckets": 1024,
                              "Original Hash Buckets": 1024,
                              "Hash Batches": 1,
                              "Original Hash Batches": 1,
                              "Peak Memory Usage": 0,
                              "Plans": [
                                {
                                  "Node Type": "Hash Join",
                                  "Parent Relationship": "Outer",
                                  "Parallel Aware": false,
                                  "Join Type": "Inner",
                                  "Startup Cost": 1.06,
                                  "Total Cost": 33520.12,
                                  "Plan Rows": 5,
                                  "Plan Width": 4,
                                  "Actual Startup Time": 99.997,
                                  "Actual Total Time": 99.999,
                                  "Actual Rows": 0,
                                  "Actual Loops": 6,
                                  "Inner Unique": true,
                                  "Hash Cond": "(mc.company_type_id = ct.id)",
                                  "Plans": [
                                    {
                                      "Node Type": "Seq Scan",
                                      "Parent Relationship": "Outer",
                                      "Parallel Aware": true,
                                      "Relation Name": "movie_companies",
                                      "Alias": "mc",
                                      "Startup Cost": 0.0,
                                      "Total Cost": 33518.95,
                                      "Plan Rows": 19,
                                      "Plan Width": 8,
                                      "Actual Startup Time": 10.685,
                                      "Actual Total Time": 99.803,
                                      "Actual Rows": 236,
                                      "Actual Loops": 6,
                                      "Filter": "((note ~~ '%(VHS)%'::text) AND (note ~~ '%(USA)%'::text) AND (note ~~ '%(1994)%'::text))",
                                      "Rows Removed by Filter": 434618
                                    },
                                    {
                                      "Node Type": "Hash",
                                      "Parent Relationship": "Inner",
                                      "Parallel Aware": false,
                                      "Startup Cost": 1.05,
                                      "Total Cost": 1.05,
                                      "Plan Rows": 1,
                                      "Plan Width": 4,
                                      "Actual Startup Time": 0.066,
                                      "Actual Total Time": 0.067,
                                      "Actual Rows": 1,
                                      "Actual Loops": 6,
                                      "Hash Buckets": 1024,
                                      "Original Hash Buckets": 1024,
                                      "Hash Batches": 1,
                                      "Original Hash Batches": 1,
                                      "Peak Memory Usage": 9,
                                      "Plans": [
                                        {
                                          "Node Type": "Seq Scan",
                                          "Parent Relationship": "Outer",
                                          "Parallel Aware": false,
                                          "Relation Name": "company_type",
                                          "Alias": "ct",
                                          "Startup Cost": 0.0,
                                          "Total Cost": 1.05,
                                          "Plan Rows": 1,
                                          "Plan Width": 4,
                                          "Actual Startup Time": 0.054,
                                          "Actual Total Time": 0.057,
                                          "Actual Rows": 1,
                                          "Actual Loops": 6,
                                          "Filter": "((kind)::text = 'production companies'::text)",
                                          "Rows Removed by Filter": 3
                                        }
                                      ]
                                    }
                                  ]
                                }
                              ]
                            }
                          ]
                        }
                      ]
                    }
                  ]
                },
                {
                  "Node Type": "Hash",
                  "Parent Relationship": "Inner",
                  "Parallel Aware": false,
                  "Startup Cost": 2.13,
                  "Total Cost": 2.13,
                  "Plan Rows": 113,
                  "Plan Width": 4,
                  "Actual Startup Time": 0.186,
                  "Actual Total Time": 0.187,
                  "Actual Rows": 113,
                  "Actual Loops": 6,
                  "Hash Buckets": 1024,
                  "Original Hash Buckets": 1024,
                  "Hash Batches": 1,
                  "Original Hash Batches": 1,
                  "Peak Memory Usage": 12,
                  "Plans": [
                    {
                      "Node Type": "Seq Scan",
                      "Parent Relationship": "Outer",
                      "Parallel Aware": false,
                      "Relation Name": "info_type",
                      "Alias": "it",
                      "Startup Cost": 0.0,
                      "Total Cost": 2.13,
                      "Plan Rows": 113,
                      "Plan Width": 4,
                      "Actual Startup Time": 0.088,
                      "Actual Total Time": 0.119,
                      "Actual Rows": 113,
                      "Actual Loops": 6
                    }
                  ]
                }
              ]
            }
          ]
        }
      ]
    },
    "Planning Time": 5.827,
    "Triggers": [],
    "Execution Time": 124.614
  }
]