{
  "Plan": {
    "Node Type": "Aggregate",
    "Strategy": "Plain",
    "Partial Mode": "Finalize",
    "Parallel Aware": false,
    "Startup Cost": 164775.12,
    "Total Cost": 164775.13,
    "Plan Rows": 1,
    "Plan Width": 8,
    "Actual Startup Time": 843.996,
    "Actual Total Time": 869.535,
    "Actual Rows": 1,
    "Actual Loops": 1,
    "Plans": [
      {
        "Node Type": "Gather",
        "Parent Relationship": "Outer",
        "Parallel Aware": false,
        "Startup Cost": 164775.01,
        "Total Cost": 164775.12,
        "Plan Rows": 1,
        "Plan Width": 8,
        "Actual Startup Time": 842.237,
        "Actual Total Time": 869.527,
        "Actual Rows": 2,
        "Actual Loops": 1,
        "Workers Planned": 1,
        "Workers Launched": 1,
        "Single Copy": false,
        "Plans": [
          {
            "Node Type": "Aggregate",
            "Strategy": "Plain",
            "Partial Mode": "Partial",
            "Parent Relationship": "Outer",
            "Parallel Aware": false,
            "Startup Cost": 163775.01,
            "Total Cost": 163775.02,
            "Plan Rows": 1,
            "Plan Width": 8,
            "Actual Startup Time": 835.737,
            "Actual Total Time": 835.745,
            "Actual Rows": 1,
            "Actual Loops": 2,
            "Plans": [
              {
                "Node Type": "Hash Join",
                "Parent Relationship": "Outer",
                "Parallel Aware": true,
                "Join Type": "Inner",
                "Startup Cost": 95639.97,
                "Total Cost": 163546.47,
                "Plan Rows": 91414,
                "Plan Width": 0,
                "Actual Startup Time": 400.127,
                "Actual Total Time": 829.201,
                "Actual Rows": 129636,
                "Actual Loops": 2,
                "Inner Unique": false,
                "Hash Cond": "(mk.movie_id = t.id)",
                "Plans": [
                  {
                    "Node Type": "Seq Scan",
                    "Parent Relationship": "Outer",
                    "Parallel Aware": true,
                    "Relation Name": "movie_keyword",
                    "Alias": "mk",
                    "Startup Cost": 0.0,
                    "Total Cost": 57718.19,
                    "Plan Rows": 2573491,
                    "Plan Width": 4,
                    "Actual Startup Time": 0.023,
                    "Actual Total Time": 244.764,
                    "Actual Rows": 2180084,
                    "Actual Loops": 2,
                    "Filter": "(keyword_id > 117)",
                    "Rows Removed by Filter": 81880
                  },
                  {
                    "Node Type": "Hash",
                    "Parent Relationship": "Inner",
                    "Parallel Aware": true,
                    "Startup Cost": 94979.62,
                    "Total Cost": 94979.62,
                    "Plan Rows": 52828,
                    "Plan Width": 8,
                    "Actual Startup Time": 398.15,
                    "Actual Total Time": 398.156,
                    "Actual Rows": 83481,
                    "Actual Loops": 2,
                    "Hash Buckets": 262144,
                    "Original Hash Buckets": 131072,
                    "Hash Batches": 1,
                    "Original Hash Batches": 1,
                    "Peak Memory Usage": 9632,
                    "Plans": [
                      {
                        "Node Type": "Hash Join",
                        "Parent Relationship": "Outer",
                        "Parallel Aware": true,
                        "Join Type": "Inner",
                        "Startup Cost": 72021.43,
                        "Total Cost": 94979.62,
                        "Plan Rows": 52828,
                        "Plan Width": 8,
                        "Actual Startup Time": 249.495,
                        "Actual Total Time": 373.895,
                        "Actual Rows": 83481,
                        "Actual Loops": 2,
                        "Inner Unique": true,
                        "Hash Cond": "(mc.movie_id = t.id)",
                        "Plans": [
                          {
                            "Node Type": "Bitmap Heap Scan",
                            "Parent Relationship": "Outer",
                            "Parallel Aware": true,
                            "Relation Name": "movie_companies",
                            "Alias": "mc",
                            "Startup Cost": 10151.24,
                            "Total Cost": 32386.02,
                            "Plan Rows": 275583,
                            "Plan Width": 4,
                            "Actual Startup Time": 19.722,
                            "Actual Total Time": 76.628,
                            "Actual Rows": 232490,
                            "Actual Loops": 2,
                            "Recheck Cond": "(company_id < 400)",
                            "Rows Removed by Index Recheck": 0,
                            "Exact Heap Blocks": 12263,
                            "Lossy Heap Blocks": 0,
                            "Plans": [
                              {
                                "Node Type": "Bitmap Index Scan",
                                "Parent Relationship": "Outer",
                                "Parallel Aware": false,
                                "Index Name": "company_id_movie_companies",
                                "Startup Cost": 0.0,
                                "Total Cost": 10034.11,
                                "Plan Rows": 468491,
                                "Plan Width": 0,
                                "Actual Startup Time": 16.857,
                                "Actual Total Time": 16.857,
                                "Actual Rows": 464981,
                                "Actual Loops": 1,
                                "Index Cond": "(company_id < 400)"
                              }
                            ]
                          },
                          {
                            "Node Type": "Hash",
                            "Parent Relationship": "Inner",
                            "Parallel Aware": true,
                            "Startup Cost": 58306.47,
                            "Total Cost": 58306.47,
                            "Plan Rows": 285098,
                            "Plan Width": 4,
                            "Actual Startup Time": 225.398,
                            "Actual Total Time": 225.399,
                            "Actual Rows": 176104,
                            "Actual Loops": 2,
                            "Hash Buckets": 524288,
                            "Original Hash Buckets": 524288,
                            "Hash Batches": 1,
                            "Original Hash Batches": 1,
                            "Peak Memory Usage": 17888,
                            "Plans": [
                              {
                                "Node Type": "Seq Scan",
                                "Parent Relationship": "Outer",
                                "Parallel Aware": true,
                                "Relation Name": "title",
                                "Alias": "t",
                                "Startup Cost": 0.0,
                                "Total Cost": 58306.47,
                                "Plan Rows": 285098,
                                "Plan Width": 4,
                                "Actual Startup Time": 0.03,
                                "Actual Total Time": 174.002,
                                "Actual Rows": 176104,
                                "Actual Loops": 2,
                                "Filter": "((kind_id > 1) AND (production_year < 1989))",
                                "Rows Removed by Filter": 1088052
                              }
                            ]
                          }
                        ]
                      }
                    ]
                  }
                ]
              }
            ]
          }
        ]
      }
    ]
  },
  "Planning Time": 1.062,
  "Triggers": [],
  "Execution Time": 869.645
}