{
  "Plan": {
    "Node Type": "Aggregate",
    "Strategy": "Plain",
    "Partial Mode": "Finalize",
    "Parallel Aware": false,
    "Startup Cost": 233291.33,
    "Total Cost": 233291.34,
    "Plan Rows": 1,
    "Plan Width": 8,
    "Actual Startup Time": 279.99,
    "Actual Total Time": 292.206,
    "Actual Rows": 1,
    "Actual Loops": 1,
    "Plans": [
      {
        "Node Type": "Gather",
        "Parent Relationship": "Outer",
        "Parallel Aware": false,
        "Startup Cost": 233291.22,
        "Total Cost": 233291.33,
        "Plan Rows": 1,
        "Plan Width": 8,
        "Actual Startup Time": 279.163,
        "Actual Total Time": 292.199,
        "Actual Rows": 2,
        "Actual Loops": 1,
        "Workers Planned": 1,
        "Workers Launched": 1,
        "Single Copy": false,
        "Plans": [
          {
            "Node Type": "Aggregate",
            "Strategy": "Plain",
            "Partial Mode": "Partial",
            "Parent Relationship": "Outer",
            "Parallel Aware": false,
            "Startup Cost": 232291.22,
            "Total Cost": 232291.23,
            "Plan Rows": 1,
            "Plan Width": 8,
            "Actual Startup Time": 273.095,
            "Actual Total Time": 273.098,
            "Actual Rows": 1,
            "Actual Loops": 2,
            "Plans": [
              {
                "Node Type": "Hash Join",
                "Parent Relationship": "Outer",
                "Parallel Aware": true,
                "Join Type": "Inner",
                "Startup Cost": 65999.6,
                "Total Cost": 232184.05,
                "Plan Rows": 42867,
                "Plan Width": 0,
                "Actual Startup Time": 209.552,
                "Actual Total Time": 272.586,
                "Actual Rows": 11094,
                "Actual Loops": 2,
                "Inner Unique": true,
                "Hash Cond": "(mi.movie_id = t.id)",
                "Plans": [
                  {
                    "Node Type": "Bitmap Heap Scan",
                    "Parent Relationship": "Outer",
                    "Parallel Aware": true,
                    "Relation Name": "movie_info",
                    "Alias": "mi",
                    "Startup Cost": 8535.51,
                    "Total Cost": 173992.52,
                    "Plan Rows": 277121,
                    "Plan Width": 4,
                    "Actual Startup Time": 14.563,
                    "Actual Total Time": 35.029,
                    "Actual Rows": 237222,
                    "Actual Loops": 2,
                    "Recheck Cond": "(info_type_id = 6)",
                    "Rows Removed by Index Recheck": 0,
                    "Exact Heap Blocks": 1696,
                    "Lossy Heap Blocks": 0,
                    "Plans": [
                      {
                        "Node Type": "Bitmap Index Scan",
                        "Parent Relationship": "Outer",
                        "Parallel Aware": false,
                        "Index Name": "info_type_id_movie_info",
                        "Startup Cost": 0.0,
                        "Total Cost": 8417.73,
                        "Plan Rows": 471106,
                        "Plan Width": 0,
                        "Actual Startup Time": 14.111,
                        "Actual Total Time": 14.111,
                        "Actual Rows": 474443,
                        "Actual Loops": 1,
                        "Index Cond": "(info_type_id = 6)"
                      }
                    ]
                  },
                  {
                    "Node Type": "Hash",
                    "Parent Relationship": "Inner",
                    "Parallel Aware": true,
                    "Startup Cost": 54588.39,
                    "Total Cost": 54588.39,
                    "Plan Rows": 230056,
                    "Plan Width": 4,
                    "Actual Startup Time": 189.623,
                    "Actual Total Time": 189.623,
                    "Actual Rows": 195833,
                    "Actual Loops": 2,
                    "Hash Buckets": 524288,
                    "Original Hash Buckets": 524288,
                    "Hash Batches": 1,
                    "Original Hash Batches": 1,
                    "Peak Memory Usage": 19456,
                    "Plans": [
                      {
                        "Node Type": "Seq Scan",
                        "Parent Relationship": "Outer",
                        "Parallel Aware": true,
                        "Relation Name": "title",
                        "Alias": "t",
                        "Startup Cost": 0.0,
                        "Total Cost": 54588.39,
                        "Plan Rows": 230056,
                        "Plan Width": 4,
                        "Actual Startup Time": 0.024,
                        "Actual Total Time": 141.282,
                        "Actual Rows": 195833,
                        "Actual Loops": 2,
                        "Filter": "(production_year > 2010)",
                        "Rows Removed by Filter": 1068323
                      }
                    ]
                  }
                ]
              }
            ]
          }
        ]
      }
    ]
  },
  "Planning Time": 0.608,
  "Triggers": [],
  "Execution Time": 292.298
}