{
  "Plan": {
    "Node Type": "Aggregate",
    "Strategy": "Plain",
    "Partial Mode": "Finalize",
    "Parallel Aware": false,
    "Startup Cost": 248260.58,
    "Total Cost": 248260.59,
    "Plan Rows": 1,
    "Plan Width": 8,
    "Actual Startup Time": 1107.973,
    "Actual Total Time": 1130.666,
    "Actual Rows": 1,
    "Actual Loops": 1,
    "Plans": [
      {
        "Node Type": "Gather",
        "Parent Relationship": "Outer",
        "Parallel Aware": false,
        "Startup Cost": 248260.47,
        "Total Cost": 248260.58,
        "Plan Rows": 1,
        "Plan Width": 8,
        "Actual Startup Time": 1103.766,
        "Actual Total Time": 1130.659,
        "Actual Rows": 2,
        "Actual Loops": 1,
        "Workers Planned": 1,
        "Workers Launched": 1,
        "Single Copy": false,
        "Plans": [
          {
            "Node Type": "Aggregate",
            "Strategy": "Plain",
            "Partial Mode": "Partial",
            "Parent Relationship": "Outer",
            "Parallel Aware": false,
            "Startup Cost": 247260.47,
            "Total Cost": 247260.48,
            "Plan Rows": 1,
            "Plan Width": 8,
            "Actual Startup Time": 1097.26,
            "Actual Total Time": 1097.265,
            "Actual Rows": 1,
            "Actual Loops": 2,
            "Plans": [
              {
                "Node Type": "Merge Join",
                "Parent Relationship": "Outer",
                "Parallel Aware": false,
                "Join Type": "Inner",
                "Startup Cost": 193723.6,
                "Total Cost": 246942.35,
                "Plan Rows": 127248,
                "Plan Width": 0,
                "Actual Startup Time": 904.973,
                "Actual Total Time": 1094.154,
                "Actual Rows": 75484,
                "Actual Loops": 2,
                "Inner Unique": false,
                "Merge Cond": "(mi_idx.movie_id = t.id)",
                "Plans": [
                  {
                    "Node Type": "Index Only Scan",
                    "Parent Relationship": "Outer",
                    "Parallel Aware": true,
                    "Scan Direction": "Forward",
                    "Index Name": "movie_id_movie_info_idx",
                    "Relation Name": "movie_info_idx",
                    "Alias": "mi_idx",
                    "Startup Cost": 0.43,
                    "Total Cost": 47937.73,
                    "Plan Rows": 811785,
                    "Plan Width": 4,
                    "Actual Startup Time": 0.144,
                    "Actual Total Time": 140.502,
                    "Actual Rows": 689248,
                    "Actual Loops": 2,
                    "Heap Fetches": 1378495
                  },
                  {
                    "Node Type": "Sort",
                    "Parent Relationship": "Inner",
                    "Parallel Aware": false,
                    "Startup Cost": 193723.13,
                    "Total Cost": 194713.91,
                    "Plan Rows": 396312,
                    "Plan Width": 8,
                    "Actual Startup Time": 904.807,
                    "Actual Total Time": 910.12,
                    "Actual Rows": 145770,
                    "Actual Loops": 2,
                    "Sort Key": [
                      "t.id"
                    ],
                    "Sort Method": "quicksort",
                    "Sort Space Used": 7547,
                    "Sort Space Type": "Memory",
                    "Workers": [
                      {
                        "Worker Number": 0,
                        "Sort Method": "quicksort",
                        "Sort Space Used": 7547,
                        "Sort Space Type": "Memory"
                      }
                    ],
                    "Plans": [
                      {
                        "Node Type": "Hash Join",
                        "Parent Relationship": "Outer",
                        "Parallel Aware": false,
                        "Join Type": "Inner",
                        "Startup Cost": 111916.12,
                        "Total Cost": 156873.49,
                        "Plan Rows": 396312,
                        "Plan Width": 8,
                        "Actual Startup Time": 529.076,
                        "Actual Total Time": 884.857,
                        "Actual Rows": 95448,
                        "Actual Loops": 2,
                        "Inner Unique": true,
                        "Hash Cond": "(mk.movie_id = t.id)",
                        "Plans": [
                          {
                            "Node Type": "Bitmap Heap Scan",
                            "Parent Relationship": "Outer",
                            "Parallel Aware": false,
                            "Relation Name": "movie_keyword",
                            "Alias": "mk",
                            "Startup Cost": 28754.29,
                            "Total Cost": 70153.21,
                            "Plan Rows": 1355594,
                            "Plan Width": 4,
                            "Actual Startup Time": 102.404,
                            "Actual Total Time": 274.543,
                            "Actual Rows": 1369460,
                            "Actual Loops": 2,
                            "Recheck Cond": "(keyword_id < 1806)",
                            "Rows Removed by Index Recheck": 0,
                            "Exact Heap Blocks": 24313,
                            "Lossy Heap Blocks": 0,
                            "Plans": [
                              {
                                "Node Type": "Bitmap Index Scan",
                                "Parent Relationship": "Outer",
                                "Parallel Aware": false,
                                "Index Name": "keyword_id_movie_keyword",
                                "Startup Cost": 0.0,
                                "Total Cost": 28415.39,
                                "Plan Rows": 1355594,
                                "Plan Width": 0,
                                "Actual Startup Time": 99.401,
                                "Actual Total Time": 99.401,
                                "Actual Rows": 1369460,
                                "Actual Loops": 2,
                                "Index Cond": "(keyword_id < 1806)"
                              }
                            ]
                          },
                          {
                            "Node Type": "Hash",
                            "Parent Relationship": "Inner",
                            "Parallel Aware": false,
                            "Startup Cost": 73922.39,
                            "Total Cost": 73922.39,
                            "Plan Rows": 739155,
                            "Plan Width": 4,
                            "Actual Startup Time": 423.543,
                            "Actual Total Time": 423.545,
                            "Actual Rows": 800171,
                            "Actual Loops": 2,
                            "Hash Buckets": 1048576,
                            "Original Hash Buckets": 1048576,
                            "Hash Batches": 1,
                            "Original Hash Batches": 1,
                            "Peak Memory Usage": 36324,
                            "Plans": [
                              {
                                "Node Type": "Seq Scan",
                                "Parent Relationship": "Outer",
                                "Parallel Aware": false,
                                "Relation Name": "title",
                                "Alias": "t",
                                "Startup Cost": 0.0,
                                "Total Cost": 73922.39,
                                "Plan Rows": 739155,
                                "Plan Width": 4,
                                "Actual Startup Time": 0.029,
                                "Actual Total Time": 266.393,
                                "Actual Rows": 800171,
                                "Actual Loops": 2,
                                "Filter": "((kind_id > 4) AND (production_year > 2003))",
                                "Rows Removed by Filter": 1728141
                              }
                            ]
                          }
                        ]
                      }
                    ]
                  }
                ]
              }
            ]
          }
        ]
      }
    ]
  },
  "Planning Time": 1.093,
  "Triggers": [],
  "Execution Time": 1135.373
}