[
  {
    "Plan": {
      "Node Type": "Aggregate",
      "Strategy": "Plain",
      "Partial Mode": "Finalize",
      "Parallel Aware": false,
      "Startup Cost": 74825.52,
      "Total Cost": 74825.53,
      "Plan Rows": 1,
      "Plan Width": 8,
      "Actual Startup Time": 138.323,
      "Actual Total Time": 150.273,
      "Actual Rows": 1,
      "Actual Loops": 1,
      "Plans": [
        {
          "Node Type": "Gather",
          "Parent Relationship": "Outer",
          "Parallel Aware": false,
          "Startup Cost": 74825.2,
          "Total Cost": 74825.51,
          "Plan Rows": 3,
          "Plan Width": 8,
          "Actual Startup Time": 137.998,
          "Actual Total Time": 150.259,
          "Actual Rows": 4,
          "Actual Loops": 1,
          "Workers Planned": 3,
          "Workers Launched": 3,
          "Single Copy": false,
          "Plans": [
            {
              "Node Type": "Aggregate",
              "Strategy": "Plain",
              "Partial Mode": "Partial",
              "Parent Relationship": "Outer",
              "Parallel Aware": false,
              "Startup Cost": 73825.2,
              "Total Cost": 73825.21,
              "Plan Rows": 1,
              "Plan Width": 8,
              "Actual Startup Time": 132.42,
              "Actual Total Time": 132.423,
              "Actual Rows": 1,
              "Actual Loops": 4,
              "Plans": [
                {
                  "Node Type": "Hash Join",
                  "Parent Relationship": "Outer",
                  "Parallel Aware": true,
                  "Join Type": "Inner",
                  "Startup Cost": 48658.8,
                  "Total Cost": 73823.94,
                  "Plan Rows": 507,
                  "Plan Width": 0,
                  "Actual Startup Time": 99.731,
                  "Actual Total Time": 132.323,
                  "Actual Rows": 1070,
                  "Actual Loops": 4,
                  "Inner Unique": true,
                  "Hash Cond": "(mk.movie_id = t.id)",
                  "Plans": [
                    {
                      "Node Type": "Bitmap Heap Scan",
                      "Parent Relationship": "Outer",
                      "Parallel Aware": true,
                      "Relation Name": "movie_keyword",
                      "Alias": "mk",
                      "Startup Cost": 3094.03,
                      "Total Cost": 28135.74,
                      "Plan Rows": 47017,
                      "Plan Width": 4,
                      "Actual Startup Time": 12.215,
                      "Actual Total Time": 40.212,
                      "Actual Rows": 36517,
                      "Actual Loops": 4,
                      "Recheck Cond": "(keyword_id > 74260)",
                      "Rows Removed by Index Recheck": 0,
                      "Exact Heap Blocks": 7847,
                      "Lossy Heap Blocks": 0,
                      "Plans": [
                        {
                          "Node Type": "Bitmap Index Scan",
                          "Parent Relationship": "Outer",
                          "Parallel Aware": false,
                          "Index Name": "keyword_id_movie_keyword",
                          "Startup Cost": 0.0,
                          "Total Cost": 3057.59,
                          "Plan Rows": 145754,
                          "Plan Width": 0,
                          "Actual Startup Time": 9.399,
                          "Actual Total Time": 9.399,
                          "Actual Rows": 146069,
                          "Actual Loops": 1,
                          "Index Cond": "(keyword_id > 74260)"
                        }
                      ]
                    },
                    {
                      "Node Type": "Hash",
                      "Parent Relationship": "Inner",
                      "Parallel Aware": true,
                      "Startup Cost": 45479.59,
                      "Total Cost": 45479.59,
                      "Plan Rows": 6815,
                      "Plan Width": 4,
                      "Actual Startup Time": 86.52,
                      "Actual Total Time": 86.521,
                      "Actual Rows": 5982,
                      "Actual Loops": 4,
                      "Hash Buckets": 32768,
                      "Original Hash Buckets": 32768,
                      "Hash Batches": 1,
                      "Original Hash Batches": 1,
                      "Peak Memory Usage": 1248,
                      "Plans": [
                        {
                          "Node Type": "Seq Scan",
                          "Parent Relationship": "Outer",
                          "Parallel Aware": true,
                          "Relation Name": "title",
                          "Alias": "t",
                          "Startup Cost": 0.0,
                          "Total Cost": 45479.59,
                          "Plan Rows": 6815,
                          "Plan Width": 4,
                          "Actual Startup Time": 0.069,
                          "Actual Total Time": 84.251,
                          "Actual Rows": 5982,
                          "Actual Loops": 4,
                          "Filter": "((kind_id < 7) AND (production_year = 2003))",
                          "Rows Removed by Filter": 626096
                        }
                      ]
                    }
                  ]
                }
              ]
            }
          ]
        }
      ]
    },
    "Planning Time": 0.235,
    "Triggers": [],
    "Execution Time": 150.321
  }
]