[
    {
        "Bao": {
            "Bao prediction": "NaN",
            "Bao recommended hint": "(no hint)"
        }
    },
    {
        "Plan": {
            "Node Type": "Aggregate",
            "Strategy": "Plain",
            "Partial Mode": "Finalize",
            "Parallel Aware": false,
            "Startup Cost": 33216.47,
            "Total Cost": 33216.48,
            "Plan Rows": 1,
            "Plan Width": 8,
            "Actual Startup Time": 116.269,
            "Actual Total Time": 122.81,
            "Actual Rows": 1,
            "Actual Loops": 1,
            "Output": [
                "count(*)"
            ],
            "Plans": [
                {
                    "Node Type": "Gather",
                    "Parent Relationship": "Outer",
                    "Parallel Aware": false,
                    "Startup Cost": 33216.15,
                    "Total Cost": 33216.46,
                    "Plan Rows": 3,
                    "Plan Width": 8,
                    "Actual Startup Time": 116.192,
                    "Actual Total Time": 122.8,
                    "Actual Rows": 4,
                    "Actual Loops": 1,
                    "Output": [
                        "(PARTIAL count(*))"
                    ],
                    "Workers Planned": 3,
                    "Workers Launched": 3,
                    "Single Copy": false,
                    "Plans": [
                        {
                            "Node Type": "Aggregate",
                            "Strategy": "Plain",
                            "Partial Mode": "Partial",
                            "Parent Relationship": "Outer",
                            "Parallel Aware": false,
                            "Startup Cost": 32216.15,
                            "Total Cost": 32216.16,
                            "Plan Rows": 1,
                            "Plan Width": 8,
                            "Actual Startup Time": 107.156,
                            "Actual Total Time": 107.157,
                            "Actual Rows": 1,
                            "Actual Loops": 4,
                            "Output": [
                                "PARTIAL count(*)"
                            ],
                            "Workers": [
                                {
                                    "Worker Number": 0,
                                    "Actual Startup Time": 104.094,
                                    "Actual Total Time": 104.095,
                                    "Actual Rows": 1,
                                    "Actual Loops": 1
                                },
                                {
                                    "Worker Number": 1,
                                    "Actual Startup Time": 104.087,
                                    "Actual Total Time": 104.088,
                                    "Actual Rows": 1,
                                    "Actual Loops": 1
                                },
                                {
                                    "Worker Number": 2,
                                    "Actual Startup Time": 104.723,
                                    "Actual Total Time": 104.725,
                                    "Actual Rows": 1,
                                    "Actual Loops": 1
                                }
                            ],
                            "Plans": [
                                {
                                    "Node Type": "Seq Scan",
                                    "Parent Relationship": "Outer",
                                    "Parallel Aware": true,
                                    "Relation Name": "movie_companies",
                                    "Schema": "public",
                                    "Alias": "mc",
                                    "Startup Cost": 0.0,
                                    "Total Cost": 31414.82,
                                    "Plan Rows": 320532,
                                    "Plan Width": 0,
                                    "Actual Startup Time": 0.059,
                                    "Actual Total Time": 87.944,
                                    "Actual Rows": 318562,
                                    "Actual Loops": 4,
                                    "Output": [
                                        "id",
                                        "movie_id",
                                        "company_id",
                                        "company_type_id",
                                        "note"
                                    ],
                                    "Filter": "((mc.company_id < 70915) AND (mc.company_type_id < 2))",
                                    "Rows Removed by Filter": 333721,
                                    "Workers": [
                                        {
                                            "Worker Number": 0,
                                            "Actual Startup Time": 0.07,
                                            "Actual Total Time": 86.825,
                                            "Actual Rows": 291083,
                                            "Actual Loops": 1
                                        },
                                        {
                                            "Worker Number": 1,
                                            "Actual Startup Time": 0.081,
                                            "Actual Total Time": 86.663,
                                            "Actual Rows": 297060,
                                            "Actual Loops": 1
                                        },
                                        {
                                            "Worker Number": 2,
                                            "Actual Startup Time": 0.059,
                                            "Actual Total Time": 87.556,
                                            "Actual Rows": 309437,
                                            "Actual Loops": 1
                                        }
                                    ]
                                }
                            ]
                        }
                    ]
                }
            ]
        },
        "Planning Time": 296.846,
        "Triggers": [],
        "Execution Time": 122.895
    }
]