[
  {
    "Plan": {
      "Node Type": "Aggregate",
      "Strategy": "Plain",
      "Partial Mode": "Finalize",
      "Parallel Aware": false,
      "Startup Cost": 313740.54,
      "Total Cost": 313740.55,
      "Plan Rows": 1,
      "Plan Width": 8,
      "Actual Startup Time": 201.392,
      "Actual Total Time": 213.269,
      "Actual Rows": 1,
      "Actual Loops": 1,
      "Plans": [
        {
          "Node Type": "Gather",
          "Parent Relationship": "Outer",
          "Parallel Aware": false,
          "Startup Cost": 313739.91,
          "Total Cost": 313740.52,
          "Plan Rows": 6,
          "Plan Width": 8,
          "Actual Startup Time": 200.679,
          "Actual Total Time": 213.263,
          "Actual Rows": 7,
          "Actual Loops": 1,
          "Workers Planned": 6,
          "Workers Launched": 6,
          "Single Copy": false,
          "Plans": [
            {
              "Node Type": "Aggregate",
              "Strategy": "Plain",
              "Partial Mode": "Partial",
              "Parent Relationship": "Outer",
              "Parallel Aware": false,
              "Startup Cost": 312739.91,
              "Total Cost": 312739.92,
              "Plan Rows": 1,
              "Plan Width": 8,
              "Actual Startup Time": 192.311,
              "Actual Total Time": 192.312,
              "Actual Rows": 1,
              "Actual Loops": 7,
              "Plans": [
                {
                  "Node Type": "Bitmap Heap Scan",
                  "Parent Relationship": "Outer",
                  "Parallel Aware": true,
                  "Relation Name": "cast_info",
                  "Alias": "ci",
                  "Startup Cost": 53506.14,
                  "Total Cost": 312290.44,
                  "Plan Rows": 179789,
                  "Plan Width": 0,
                  "Actual Startup Time": 148.822,
                  "Actual Total Time": 187.267,
                  "Actual Rows": 101818,
                  "Actual Loops": 7,
                  "Recheck Cond": "(person_id < 243925)",
                  "Rows Removed by Index Recheck": 0,
                  "Filter": "(role_id > 2)",
                  "Rows Removed by Filter": 258145,
                  "Exact Heap Blocks": 7086,
                  "Lossy Heap Blocks": 0,
                  "Plans": [
                    {
                      "Node Type": "Bitmap Index Scan",
                      "Parent Relationship": "Outer",
                      "Parallel Aware": false,
                      "Index Name": "person_id_cast_info",
                      "Startup Cost": 0.0,
                      "Total Cost": 53236.46,
                      "Plan Rows": 2438919,
                      "Plan Width": 0,
                      "Actual Startup Time": 89.796,
                      "Actual Total Time": 89.797,
                      "Actual Rows": 2519743,
                      "Actual Loops": 1,
                      "Index Cond": "(person_id < 243925)"
                    }
                  ]
                }
              ]
            }
          ]
        }
      ]
    },
    "Planning Time": 0.234,
    "Triggers": [],
    "Execution Time": 213.346
  }
]