[
  {
    "Plan": {
      "Node Type": "Aggregate",
      "Strategy": "Plain",
      "Partial Mode": "Finalize",
      "Parallel Aware": false,
      "Startup Cost": 314859.42,
      "Total Cost": 314859.43,
      "Plan Rows": 1,
      "Plan Width": 8,
      "Actual Startup Time": 214.246,
      "Actual Total Time": 223.028,
      "Actual Rows": 1,
      "Actual Loops": 1,
      "Plans": [
        {
          "Node Type": "Gather",
          "Parent Relationship": "Outer",
          "Parallel Aware": false,
          "Startup Cost": 314858.8,
          "Total Cost": 314859.41,
          "Plan Rows": 6,
          "Plan Width": 8,
          "Actual Startup Time": 213.784,
          "Actual Total Time": 223.022,
          "Actual Rows": 7,
          "Actual Loops": 1,
          "Workers Planned": 6,
          "Workers Launched": 6,
          "Single Copy": false,
          "Plans": [
            {
              "Node Type": "Aggregate",
              "Strategy": "Plain",
              "Partial Mode": "Partial",
              "Parent Relationship": "Outer",
              "Parallel Aware": false,
              "Startup Cost": 313858.8,
              "Total Cost": 313858.81,
              "Plan Rows": 1,
              "Plan Width": 8,
              "Actual Startup Time": 204.545,
              "Actual Total Time": 204.547,
              "Actual Rows": 1,
              "Actual Loops": 7,
              "Plans": [
                {
                  "Node Type": "Bitmap Heap Scan",
                  "Parent Relationship": "Outer",
                  "Parallel Aware": true,
                  "Relation Name": "cast_info",
                  "Alias": "ci",
                  "Startup Cost": 54497.22,
                  "Total Cost": 313390.85,
                  "Plan Rows": 187178,
                  "Plan Width": 0,
                  "Actual Startup Time": 166.58,
                  "Actual Total Time": 200.203,
                  "Actual Rows": 101818,
                  "Actual Loops": 7,
                  "Recheck Cond": "(person_id < 243925)",
                  "Rows Removed by Index Recheck": 0,
                  "Filter": "(role_id > 2)",
                  "Rows Removed by Filter": 258145,
                  "Exact Heap Blocks": 6603,
                  "Lossy Heap Blocks": 0,
                  "Plans": [
                    {
                      "Node Type": "Bitmap Index Scan",
                      "Parent Relationship": "Outer",
                      "Parallel Aware": false,
                      "Index Name": "person_id_cast_info",
                      "Startup Cost": 0.0,
                      "Total Cost": 54216.46,
                      "Plan Rows": 2482652,
                      "Plan Width": 0,
                      "Actual Startup Time": 111.304,
                      "Actual Total Time": 111.304,
                      "Actual Rows": 2519743,
                      "Actual Loops": 1,
                      "Index Cond": "(person_id < 243925)"
                    }
                  ]
                }
              ]
            }
          ]
        }
      ]
    },
    "Planning Time": 0.185,
    "Triggers": [],
    "Execution Time": 223.093
  }
]