{
  "Plan": {
    "Node Type": "Aggregate",
    "Strategy": "Plain",
    "Partial Mode": "Finalize",
    "Parallel Aware": false,
    "Startup Cost": 451024.14,
    "Total Cost": 451024.15,
    "Plan Rows": 1,
    "Plan Width": 8,
    "Actual Startup Time": 5477.087,
    "Actual Total Time": 5533.841,
    "Actual Rows": 1,
    "Actual Loops": 1,
    "Plans": [
      {
        "Node Type": "Gather",
        "Parent Relationship": "Outer",
        "Parallel Aware": false,
        "Startup Cost": 451024.02,
        "Total Cost": 451024.13,
        "Plan Rows": 1,
        "Plan Width": 8,
        "Actual Startup Time": 5470.059,
        "Actual Total Time": 5533.833,
        "Actual Rows": 2,
        "Actual Loops": 1,
        "Workers Planned": 1,
        "Workers Launched": 1,
        "Single Copy": false,
        "Plans": [
          {
            "Node Type": "Aggregate",
            "Strategy": "Plain",
            "Partial Mode": "Partial",
            "Parent Relationship": "Outer",
            "Parallel Aware": false,
            "Startup Cost": 450024.02,
            "Total Cost": 450024.03,
            "Plan Rows": 1,
            "Plan Width": 8,
            "Actual Startup Time": 5463.664,
            "Actual Total Time": 5463.67,
            "Actual Rows": 1,
            "Actual Loops": 2,
            "Plans": [
              {
                "Node Type": "Hash Join",
                "Parent Relationship": "Outer",
                "Parallel Aware": true,
                "Join Type": "Inner",
                "Startup Cost": 132284.56,
                "Total Cost": 443356.62,
                "Plan Rows": 2666961,
                "Plan Width": 0,
                "Actual Startup Time": 921.619,
                "Actual Total Time": 4363.0,
                "Actual Rows": 25606054,
                "Actual Loops": 2,
                "Inner Unique": false,
                "Hash Cond": "(mi.movie_id = t.id)",
                "Plans": [
                  {
                    "Node Type": "Seq Scan",
                    "Parent Relationship": "Outer",
                    "Parallel Aware": true,
                    "Relation Name": "movie_info",
                    "Alias": "mi",
                    "Startup Cost": 0.0,
                    "Total Cost": 270696.42,
                    "Plan Rows": 6583369,
                    "Plan Width": 4,
                    "Actual Startup Time": 0.019,
                    "Actual Total Time": 760.846,
                    "Actual Rows": 5605372,
                    "Actual Loops": 2,
                    "Filter": "(info_type_id > 3)",
                    "Rows Removed by Filter": 1812488
                  },
                  {
                    "Node Type": "Hash",
                    "Parent Relationship": "Inner",
                    "Parallel Aware": true,
                    "Startup Cost": 124753.48,
                    "Total Cost": 124753.48,
                    "Plan Rows": 602486,
                    "Plan Width": 8,
                    "Actual Startup Time": 911.723,
                    "Actual Total Time": 911.728,
                    "Actual Rows": 509754,
                    "Actual Loops": 2,
                    "Hash Buckets": 1048576,
                    "Original Hash Buckets": 1048576,
                    "Hash Batches": 1,
                    "Original Hash Batches": 1,
                    "Peak Memory Usage": 48096,
                    "Plans": [
                      {
                        "Node Type": "Hash Join",
                        "Parent Relationship": "Outer",
                        "Parallel Aware": true,
                        "Join Type": "Inner",
                        "Startup Cost": 91186.88,
                        "Total Cost": 124753.48,
                        "Plan Rows": 602486,
                        "Plan Width": 8,
                        "Actual Startup Time": 595.229,
                        "Actual Total Time": 812.387,
                        "Actual Rows": 509754,
                        "Actual Loops": 2,
                        "Inner Unique": true,
                        "Hash Cond": "(mk.movie_id = t.id)",
                        "Plans": [
                          {
                            "Node Type": "Bitmap Heap Scan",
                            "Parent Relationship": "Outer",
                            "Parallel Aware": true,
                            "Relation Name": "movie_keyword",
                            "Alias": "mk",
                            "Startup Cost": 21726.18,
                            "Total Cost": 53711.26,
                            "Plan Rows": 602486,
                            "Plan Width": 4,
                            "Actual Startup Time": 74.312,
                            "Actual Total Time": 165.677,
                            "Actual Rows": 509754,
                            "Actual Loops": 2,
                            "Recheck Cond": "(keyword_id > 17668)",
                            "Rows Removed by Index Recheck": 0,
                            "Exact Heap Blocks": 12222,
                            "Lossy Heap Blocks": 0,
                            "Plans": [
                              {
                                "Node Type": "Bitmap Index Scan",
                                "Parent Relationship": "Outer",
                                "Parallel Aware": false,
                                "Index Name": "keyword_id_movie_keyword",
                                "Startup Cost": 0.0,
                                "Total Cost": 21470.13,
                                "Plan Rows": 1024226,
                                "Plan Width": 0,
                                "Actual Startup Time": 70.729,
                                "Actual Total Time": 70.73,
                                "Actual Rows": 1019507,
                                "Actual Loops": 1,
                                "Index Cond": "(keyword_id > 17668)"
                              }
                            ]
                          },
                          {
                            "Node Type": "Hash",
                            "Parent Relationship": "Inner",
                            "Parallel Aware": true,
                            "Startup Cost": 50870.31,
                            "Total Cost": 50870.31,
                            "Plan Rows": 1487231,
                            "Plan Width": 4,
                            "Actual Startup Time": 505.361,
                            "Actual Total Time": 505.362,
                            "Actual Rows": 1264156,
                            "Actual Loops": 2,
                            "Hash Buckets": 4194304,
                            "Original Hash Buckets": 4194304,
                            "Hash Batches": 1,
                            "Original Hash Batches": 1,
                            "Peak Memory Usage": 131712,
                            "Plans": [
                              {
                                "Node Type": "Seq Scan",
                                "Parent Relationship": "Outer",
                                "Parallel Aware": true,
                                "Relation Name": "title",
                                "Alias": "t",
                                "Startup Cost": 0.0,
                                "Total Cost": 50870.31,
                                "Plan Rows": 1487231,
                                "Plan Width": 4,
                                "Actual Startup Time": 0.034,
                                "Actual Total Time": 152.779,
                                "Actual Rows": 1264156,
                                "Actual Loops": 2
                              }
                            ]
                          }
                        ]
                      }
                    ]
                  }
                ]
              }
            ]
          }
        ]
      }
    ]
  },
  "Planning Time": 0.942,
  "Triggers": [],
  "Execution Time": 5533.948
}