[
  {
    "Plan": {
      "Node Type": "Aggregate",
      "Strategy": "Plain",
      "Partial Mode": "Finalize",
      "Parallel Aware": false,
      "Startup Cost": 46380.11,
      "Total Cost": 46380.12,
      "Plan Rows": 1,
      "Plan Width": 8,
      "Actual Startup Time": 182.452,
      "Actual Total Time": 189.975,
      "Actual Rows": 1,
      "Actual Loops": 1,
      "Plans": [
        {
          "Node Type": "Gather",
          "Parent Relationship": "Outer",
          "Parallel Aware": false,
          "Startup Cost": 46379.79,
          "Total Cost": 46380.1,
          "Plan Rows": 3,
          "Plan Width": 8,
          "Actual Startup Time": 182.305,
          "Actual Total Time": 189.965,
          "Actual Rows": 4,
          "Actual Loops": 1,
          "Workers Planned": 3,
          "Workers Launched": 3,
          "Single Copy": false,
          "Plans": [
            {
              "Node Type": "Aggregate",
              "Strategy": "Plain",
              "Partial Mode": "Partial",
              "Parent Relationship": "Outer",
              "Parallel Aware": false,
              "Startup Cost": 45379.79,
              "Total Cost": 45379.8,
              "Plan Rows": 1,
              "Plan Width": 8,
              "Actual Startup Time": 177.172,
              "Actual Total Time": 177.174,
              "Actual Rows": 1,
              "Actual Loops": 4,
              "Plans": [
                {
                  "Node Type": "Seq Scan",
                  "Parent Relationship": "Outer",
                  "Parallel Aware": true,
                  "Relation Name": "movie_keyword",
                  "Alias": "mk",
                  "Startup Cost": 0.0,
                  "Total Cost": 42695.65,
                  "Plan Rows": 1073655,
                  "Plan Width": 0,
                  "Actual Startup Time": 0.041,
                  "Actual Total Time": 133.469,
                  "Actual Rows": 831173,
                  "Actual Loops": 4,
                  "Filter": "(keyword_id < 15351)",
                  "Rows Removed by Filter": 299809
                }
              ]
            }
          ]
        }
      ]
    },
    "Planning Time": 0.162,
    "Triggers": [],
    "Execution Time": 190.03
  }
]