[
  {
    "Plan": {
      "Node Type": "Aggregate",
      "Strategy": "Plain",
      "Partial Mode": "Finalize",
      "Parallel Aware": false,
      "Startup Cost": 31708.88,
      "Total Cost": 31708.89,
      "Plan Rows": 1,
      "Plan Width": 8,
      "Actual Startup Time": 113.036,
      "Actual Total Time": 120.726,
      "Actual Rows": 1,
      "Actual Loops": 1,
      "Plans": [
        {
          "Node Type": "Gather",
          "Parent Relationship": "Outer",
          "Parallel Aware": false,
          "Startup Cost": 31708.56,
          "Total Cost": 31708.87,
          "Plan Rows": 3,
          "Plan Width": 8,
          "Actual Startup Time": 112.938,
          "Actual Total Time": 120.717,
          "Actual Rows": 4,
          "Actual Loops": 1,
          "Workers Planned": 3,
          "Workers Launched": 3,
          "Single Copy": false,
          "Plans": [
            {
              "Node Type": "Aggregate",
              "Strategy": "Plain",
              "Partial Mode": "Partial",
              "Parent Relationship": "Outer",
              "Parallel Aware": false,
              "Startup Cost": 30708.56,
              "Total Cost": 30708.57,
              "Plan Rows": 1,
              "Plan Width": 8,
              "Actual Startup Time": 104.307,
              "Actual Total Time": 104.308,
              "Actual Rows": 1,
              "Actual Loops": 4,
              "Plans": [
                {
                  "Node Type": "Seq Scan",
                  "Parent Relationship": "Outer",
                  "Parallel Aware": true,
                  "Relation Name": "movie_companies",
                  "Alias": "mc",
                  "Startup Cost": 0.0,
                  "Total Cost": 29310.68,
                  "Plan Rows": 559153,
                  "Plan Width": 0,
                  "Actual Startup Time": 0.047,
                  "Actual Total Time": 82.058,
                  "Actual Rows": 429774,
                  "Actual Loops": 4,
                  "Filter": "(company_id < 22151)",
                  "Rows Removed by Filter": 222508
                }
              ]
            }
          ]
        }
      ]
    },
    "Planning Time": 0.165,
    "Triggers": [],
    "Execution Time": 120.786
  }
]