[
  {
    "Plan": {
      "Node Type": "Aggregate",
      "Strategy": "Plain",
      "Partial Mode": "Finalize",
      "Parallel Aware": false,
      "Startup Cost": 45583.21,
      "Total Cost": 45583.22,
      "Plan Rows": 1,
      "Plan Width": 8,
      "Actual Startup Time": 160.712,
      "Actual Total Time": 170.549,
      "Actual Rows": 1,
      "Actual Loops": 1,
      "Plans": [
        {
          "Node Type": "Gather",
          "Parent Relationship": "Outer",
          "Parallel Aware": false,
          "Startup Cost": 45582.9,
          "Total Cost": 45583.21,
          "Plan Rows": 3,
          "Plan Width": 8,
          "Actual Startup Time": 160.56,
          "Actual Total Time": 170.538,
          "Actual Rows": 4,
          "Actual Loops": 1,
          "Workers Planned": 3,
          "Workers Launched": 3,
          "Single Copy": false,
          "Plans": [
            {
              "Node Type": "Aggregate",
              "Strategy": "Plain",
              "Partial Mode": "Partial",
              "Parent Relationship": "Outer",
              "Parallel Aware": false,
              "Startup Cost": 44582.9,
              "Total Cost": 44582.91,
              "Plan Rows": 1,
              "Plan Width": 8,
              "Actual Startup Time": 155.397,
              "Actual Total Time": 155.398,
              "Actual Rows": 1,
              "Actual Loops": 4,
              "Plans": [
                {
                  "Node Type": "Seq Scan",
                  "Parent Relationship": "Outer",
                  "Parallel Aware": true,
                  "Relation Name": "movie_keyword",
                  "Alias": "mk",
                  "Startup Cost": 0.0,
                  "Total Cost": 42695.65,
                  "Plan Rows": 754897,
                  "Plan Width": 0,
                  "Actual Startup Time": 0.037,
                  "Actual Total Time": 125.292,
                  "Actual Rows": 588008,
                  "Actual Loops": 4,
                  "Filter": "(keyword_id < 5274)",
                  "Rows Removed by Filter": 542974
                }
              ]
            }
          ]
        }
      ]
    },
    "Planning Time": 0.102,
    "Triggers": [],
    "Execution Time": 170.581
  }
]