{
  "Plan": {
    "Node Type": "Hash Join",
    "Parallel Aware": false,
    "Join Type": "Inner",
    "Startup Cost": 659538.07,
    "Total Cost": 716056.81,
    "Plan Rows": 3767846,
    "Plan Width": 4,
    "Actual Startup Time": 16026.614,
    "Actual Total Time": 16598.609,
    "Actual Rows": 7112680,
    "Actual Loops": 1,
    "Inner Unique": false,
    "Hash Cond": "(ct.id = mc.company_type_id)",
    "Plans": [
      {
        "Node Type": "Seq Scan",
        "Parent Relationship": "Outer",
        "Parallel Aware": false,
        "Relation Name": "company_type",
        "Alias": "ct",
        "Startup Cost": 0.0,
        "Total Cost": 1.04,
        "Plan Rows": 4,
        "Plan Width": 4,
        "Actual Startup Time": 0.007,
        "Actual Total Time": 0.018,
        "Actual Rows": 4,
        "Actual Loops": 1
      },
      {
        "Node Type": "Hash",
        "Parent Relationship": "Inner",
        "Parallel Aware": false,
        "Startup Cost": 612439.99,
        "Total Cost": 612439.99,
        "Plan Rows": 3767846,
        "Plan Width": 8,
        "Actual Startup Time": 16005.61,
        "Actual Total Time": 16011.475,
        "Actual Rows": 7112680,
        "Actual Loops": 1,
        "Hash Buckets": 8388608,
        "Original Hash Buckets": 4194304,
        "Hash Batches": 1,
        "Original Hash Batches": 1,
        "Peak Memory Usage": 343376,
        "Plans": [
          {
            "Node Type": "Gather",
            "Parent Relationship": "Outer",
            "Parallel Aware": false,
            "Startup Cost": 33712.81,
            "Total Cost": 612439.99,
            "Plan Rows": 3767846,
            "Plan Width": 8,
            "Actual Startup Time": 245.656,
            "Actual Total Time": 14051.733,
            "Actual Rows": 7112680,
            "Actual Loops": 1,
            "Workers Planned": 4,
            "Workers Launched": 0,
            "Single Copy": false,
            "Plans": [
              {
                "Node Type": "Hash Join",
                "Parent Relationship": "Outer",
                "Parallel Aware": true,
                "Join Type": "Inner",
                "Startup Cost": 32712.81,
                "Total Cost": 234655.39,
                "Plan Rows": 941962,
                "Plan Width": 8,
                "Actual Startup Time": 245.141,
                "Actual Total Time": 13608.551,
                "Actual Rows": 7112680,
                "Actual Loops": 1,
                "Inner Unique": true,
                "Hash Cond": "(mc.company_id = cn.id)",
                "Plans": [
                  {
                    "Node Type": "Hash Join",
                    "Parent Relationship": "Outer",
                    "Parallel Aware": false,
                    "Join Type": "Inner",
                    "Startup Cost": 26607.55,
                    "Total Cost": 226077.44,
                    "Plan Rows": 941962,
                    "Plan Width": 8,
                    "Actual Startup Time": 174.094,
                    "Actual Total Time": 12518.88,
                    "Actual Rows": 7112680,
                    "Actual Loops": 1,
                    "Inner Unique": true,
                    "Hash Cond": "(t.kind_id = kt.id)",
                    "Plans": [
                      {
                        "Node Type": "Nested Loop",
                        "Parent Relationship": "Outer",
                        "Parallel Aware": false,
                        "Join Type": "Inner",
                        "Startup Cost": 26606.39,
                        "Total Cost": 222106.58,
                        "Plan Rows": 941962,
                        "Plan Width": 12,
                        "Actual Startup Time": 174.054,
                        "Actual Total Time": 11598.712,
                        "Actual Rows": 7112680,
                        "Actual Loops": 1,
                        "Inner Unique": false,
                        "Join Filter": "(mc.movie_id = ci.movie_id)",
                        "Rows Removed by Join Filter": 0,
                        "Plans": [
                          {
                            "Node Type": "Hash Join",
                            "Parent Relationship": "Outer",
                            "Parallel Aware": true,
                            "Join Type": "Inner",
                            "Startup Cost": 26605.83,
                            "Total Cost": 72297.63,
                            "Plan Rows": 65690,
                            "Plan Width": 20,
                            "Actual Startup Time": 174.008,
                            "Actual Total Time": 1564.024,
                            "Actual Rows": 259406,
                            "Actual Loops": 1,
                            "Inner Unique": false,
                            "Hash Cond": "(t.id = mc.movie_id)",
                            "Plans": [
                              {
                                "Node Type": "Seq Scan",
                                "Parent Relationship": "Outer",
                                "Parallel Aware": true,
                                "Relation Name": "title",
                                "Alias": "t",
                                "Startup Cost": 0.0,
                                "Total Cost": 42319.27,
                                "Plan Rows": 632127,
                                "Plan Width": 8,
                                "Actual Startup Time": 0.012,
                                "Actual Total Time": 297.862,
                                "Actual Rows": 2528312,
                                "Actual Loops": 1
                              },
                              {
                                "Node Type": "Hash",
                                "Parent Relationship": "Inner",
                                "Parallel Aware": true,
                                "Startup Cost": 25546.31,
                                "Total Cost": 25546.31,
                                "Plan Rows": 84761,
                                "Plan Width": 12,
                                "Actual Startup Time": 169.649,
                                "Actual Total Time": 169.654,
                                "Actual Rows": 259406,
                                "Actual Loops": 1,
                                "Hash Buckets": 524288,
                                "Original Hash Buckets": 524288,
                                "Hash Batches": 1,
                                "Original Hash Batches": 1,
                                "Peak Memory Usage": 16288,
                                "Plans": [
                                  {
                                    "Node Type": "Bitmap Heap Scan",
                                    "Parent Relationship": "Outer",
                                    "Parallel Aware": true,
                                    "Relation Name": "movie_companies",
                                    "Alias": "mc",
                                    "Startup Cost": 5696.8,
                                    "Total Cost": 25546.31,
                                    "Plan Rows": 84761,
                                    "Plan Width": 12,
                                    "Actual Startup Time": 15.212,
                                    "Actual Total Time": 87.891,
                                    "Actual Rows": 259406,
                                    "Actual Loops": 1,
                                    "Recheck Cond": "(company_id < 133)",
                                    "Rows Removed by Index Recheck": 0,
                                    "Exact Heap Blocks": 17059,
                                    "Lossy Heap Blocks": 0,
                                    "Plans": [
                                      {
                                        "Node Type": "Bitmap Index Scan",
                                        "Parent Relationship": "Outer",
                                        "Parallel Aware": false,
                                        "Index Name": "company_id_movie_companies",
                                        "Startup Cost": 0.0,
                                        "Total Cost": 5631.11,
                                        "Plan Rows": 262758,
                                        "Plan Width": 0,
                                        "Actual Startup Time": 12.752,
                                        "Actual Total Time": 12.753,
                                        "Actual Rows": 259406,
                                        "Actual Loops": 1,
                                        "Index Cond": "(company_id < 133)"
                                      }
                                    ]
                                  }
                                ]
                              }
                            ]
                          },
                          {
                            "Node Type": "Index Only Scan",
                            "Parent Relationship": "Inner",
                            "Parallel Aware": false,
                            "Scan Direction": "Forward",
                            "Index Name": "movie_id_cast_info",
                            "Relation Name": "cast_info",
                            "Alias": "ci",
                            "Startup Cost": 0.56,
                            "Total Cost": 1.82,
                            "Plan Rows": 37,
                            "Plan Width": 4,
                            "Actual Startup Time": 0.006,
                            "Actual Total Time": 0.036,
                            "Actual Rows": 27,
                            "Actual Loops": 259406,
                            "Index Cond": "(movie_id = t.id)",
                            "Rows Removed by Index Recheck": 0,
                            "Heap Fetches": 7112680
                          }
                        ]
                      },
                      {
                        "Node Type": "Hash",
                        "Parent Relationship": "Inner",
                        "Parallel Aware": false,
                        "Startup Cost": 1.07,
                        "Total Cost": 1.07,
                        "Plan Rows": 7,
                        "Plan Width": 4,
                        "Actual Startup Time": 0.013,
                        "Actual Total Time": 0.014,
                        "Actual Rows": 7,
                        "Actual Loops": 1,
                        "Hash Buckets": 1024,
                        "Original Hash Buckets": 1024,
                        "Hash Batches": 1,
                        "Original Hash Batches": 1,
                        "Peak Memory Usage": 9,
                        "Plans": [
                          {
                            "Node Type": "Seq Scan",
                            "Parent Relationship": "Outer",
                            "Parallel Aware": false,
                            "Relation Name": "kind_type",
                            "Alias": "kt",
                            "Startup Cost": 0.0,
                            "Total Cost": 1.07,
                            "Plan Rows": 7,
                            "Plan Width": 4,
                            "Actual Startup Time": 0.009,
                            "Actual Total Time": 0.01,
                            "Actual Rows": 7,
                            "Actual Loops": 1
                          }
                        ]
                      }
                    ]
                  },
                  {
                    "Node Type": "Hash",
                    "Parent Relationship": "Inner",
                    "Parallel Aware": true,
                    "Startup Cost": 4377.34,
                    "Total Cost": 4377.34,
                    "Plan Rows": 138234,
                    "Plan Width": 4,
                    "Actual Startup Time": 68.601,
                    "Actual Total Time": 68.602,
                    "Actual Rows": 234997,
                    "Actual Loops": 1,
                    "Hash Buckets": 262144,
                    "Original Hash Buckets": 262144,
                    "Hash Batches": 1,
                    "Original Hash Batches": 1,
                    "Peak Memory Usage": 11264,
                    "Plans": [
                      {
                        "Node Type": "Seq Scan",
                        "Parent Relationship": "Outer",
                        "Parallel Aware": true,
                        "Relation Name": "company_name",
                        "Alias": "cn",
                        "Startup Cost": 0.0,
                        "Total Cost": 4377.34,
                        "Plan Rows": 138234,
                        "Plan Width": 4,
                        "Actual Startup Time": 0.012,
                        "Actual Total Time": 29.011,
                        "Actual Rows": 234997,
                        "Actual Loops": 1
                      }
                    ]
                  }
                ]
              }
            ]
          }
        ]
      }
    ]
  },
  "Planning Time": 0.843,
  "Triggers": [],
  "Execution Time": 16838.748
}