[
  {
    "Plan": {
      "Node Type": "Aggregate",
      "Strategy": "Plain",
      "Partial Mode": "Finalize",
      "Parallel Aware": false,
      "Startup Cost": 141129.71,
      "Total Cost": 141129.72,
      "Plan Rows": 1,
      "Plan Width": 8,
      "Actual Startup Time": 715.523,
      "Actual Total Time": 766.986,
      "Actual Rows": 1,
      "Actual Loops": 1,
      "Plans": [
        {
          "Node Type": "Gather",
          "Parent Relationship": "Outer",
          "Parallel Aware": false,
          "Startup Cost": 141129.39,
          "Total Cost": 141129.7,
          "Plan Rows": 3,
          "Plan Width": 8,
          "Actual Startup Time": 707.592,
          "Actual Total Time": 766.977,
          "Actual Rows": 4,
          "Actual Loops": 1,
          "Workers Planned": 3,
          "Workers Launched": 3,
          "Single Copy": false,
          "Plans": [
            {
              "Node Type": "Aggregate",
              "Strategy": "Plain",
              "Partial Mode": "Partial",
              "Parent Relationship": "Outer",
              "Parallel Aware": false,
              "Startup Cost": 140129.39,
              "Total Cost": 140129.4,
              "Plan Rows": 1,
              "Plan Width": 8,
              "Actual Startup Time": 694.101,
              "Actual Total Time": 694.105,
              "Actual Rows": 1,
              "Actual Loops": 4,
              "Plans": [
                {
                  "Node Type": "Nested Loop",
                  "Parent Relationship": "Outer",
                  "Parallel Aware": false,
                  "Join Type": "Inner",
                  "Startup Cost": 51485.48,
                  "Total Cost": 139750.73,
                  "Plan Rows": 151465,
                  "Plan Width": 0,
                  "Actual Startup Time": 283.802,
                  "Actual Total Time": 671.909,
                  "Actual Rows": 453426,
                  "Actual Loops": 4,
                  "Inner Unique": false,
                  "Plans": [
                    {
                      "Node Type": "Hash Join",
                      "Parent Relationship": "Outer",
                      "Parallel Aware": true,
                      "Join Type": "Inner",
                      "Startup Cost": 51485.05,
                      "Total Cost": 76730.13,
                      "Plan Rows": 27436,
                      "Plan Width": 8,
                      "Actual Startup Time": 283.701,
                      "Actual Total Time": 337.9,
                      "Actual Rows": 14256,
                      "Actual Loops": 4,
                      "Inner Unique": true,
                      "Hash Cond": "(mk.movie_id = t.id)",
                      "Plans": [
                        {
                          "Node Type": "Bitmap Heap Scan",
                          "Parent Relationship": "Outer",
                          "Parallel Aware": true,
                          "Relation Name": "movie_keyword",
                          "Alias": "mk",
                          "Startup Cost": 3441.0,
                          "Total Cost": 28548.78,
                          "Plan Rows": 52303,
                          "Plan Width": 4,
                          "Actual Startup Time": 20.067,
                          "Actual Total Time": 50.498,
                          "Actual Rows": 40952,
                          "Actual Loops": 4,
                          "Recheck Cond": "(keyword_id < 121)",
                          "Rows Removed by Index Recheck": 0,
                          "Exact Heap Blocks": 8845,
                          "Lossy Heap Blocks": 0,
                          "Plans": [
                            {
                              "Node Type": "Bitmap Index Scan",
                              "Parent Relationship": "Outer",
                              "Parallel Aware": false,
                              "Index Name": "keyword_id_movie_keyword",
                              "Startup Cost": 0.0,
                              "Total Cost": 3400.47,
                              "Plan Rows": 162138,
                              "Plan Width": 0,
                              "Actual Startup Time": 14.561,
                              "Actual Total Time": 14.562,
                              "Actual Rows": 163809,
                              "Actual Loops": 1,
                              "Index Cond": "(keyword_id < 121)"
                            }
                          ]
                        },
                        {
                          "Node Type": "Hash",
                          "Parent Relationship": "Inner",
                          "Parallel Aware": true,
                          "Startup Cost": 43899.32,
                          "Total Cost": 43899.32,
                          "Plan Rows": 331578,
                          "Plan Width": 4,
                          "Actual Startup Time": 255.753,
                          "Actual Total Time": 255.754,
                          "Actual Rows": 330716,
                          "Actual Loops": 4,
                          "Hash Buckets": 2097152,
                          "Original Hash Buckets": 2097152,
                          "Hash Batches": 1,
                          "Original Hash Batches": 1,
                          "Peak Memory Usage": 68224,
                          "Plans": [
                            {
                              "Node Type": "Seq Scan",
                              "Parent Relationship": "Outer",
                              "Parallel Aware": true,
                              "Relation Name": "title",
                              "Alias": "t",
                              "Startup Cost": 0.0,
                              "Total Cost": 43899.32,
                              "Plan Rows": 331578,
                              "Plan Width": 4,
                              "Actual Startup Time": 0.047,
                              "Actual Total Time": 116.304,
                              "Actual Rows": 330716,
                              "Actual Loops": 4,
                              "Filter": "(production_year > 2001)",
                              "Rows Removed by Filter": 301362
                            }
                          ]
                        }
                      ]
                    },
                    {
                      "Node Type": "Index Scan",
                      "Parent Relationship": "Inner",
                      "Parallel Aware": false,
                      "Scan Direction": "Forward",
                      "Index Name": "movie_id_movie_info",
                      "Relation Name": "movie_info",
                      "Alias": "mi",
                      "Startup Cost": 0.43,
                      "Total Cost": 1.91,
                      "Plan Rows": 39,
                      "Plan Width": 4,
                      "Actual Startup Time": 0.005,
                      "Actual Total Time": 0.021,
                      "Actual Rows": 32,
                      "Actual Loops": 57026,
                      "Index Cond": "(movie_id = t.id)",
                      "Rows Removed by Index Recheck": 0,
                      "Filter": "(info_type_id < 98)",
                      "Rows Removed by Filter": 9
                    }
                  ]
                }
              ]
            }
          ]
        }
      ]
    },
    "Planning Time": 1.539,
    "Triggers": [],
    "Execution Time": 767.11
  }
]