{
    "Plan": {
        "Node Type": "Aggregate",
        "Strategy": "Plain",
        "Partial Mode": "Finalize",
        "Parallel Aware": false,
        "Startup Cost": 441552.11,
        "Total Cost": 441552.12,
        "Plan Rows": 1,
        "Plan Width": 8,
        "Actual Startup Time": 4277.673,
        "Actual Total Time": 4333.464,
        "Actual Rows": 1,
        "Actual Loops": 1,
        "Output": [
            "count(*)"
        ],
        "Plans": [
            {
                "Node Type": "Gather",
                "Parent Relationship": "Outer",
                "Parallel Aware": false,
                "Startup Cost": 441551.48,
                "Total Cost": 441552.09,
                "Plan Rows": 6,
                "Plan Width": 8,
                "Actual Startup Time": 4251.552,
                "Actual Total Time": 4333.451,
                "Actual Rows": 7,
                "Actual Loops": 1,
                "Output": [
                    "(PARTIAL count(*))"
                ],
                "Workers Planned": 6,
                "Workers Launched": 6,
                "Single Copy": false,
                "Plans": [
                    {
                        "Node Type": "Aggregate",
                        "Strategy": "Plain",
                        "Partial Mode": "Partial",
                        "Parent Relationship": "Outer",
                        "Parallel Aware": false,
                        "Startup Cost": 440551.48,
                        "Total Cost": 440551.49,
                        "Plan Rows": 1,
                        "Plan Width": 8,
                        "Actual Startup Time": 4241.538,
                        "Actual Total Time": 4242.241,
                        "Actual Rows": 1,
                        "Actual Loops": 7,
                        "Output": [
                            "PARTIAL count(*)"
                        ],
                        "Workers": [
                            {
                                "Worker Number": 0,
                                "Actual Startup Time": 4240.165,
                                "Actual Total Time": 4240.17,
                                "Actual Rows": 1,
                                "Actual Loops": 1
                            },
                            {
                                "Worker Number": 1,
                                "Actual Startup Time": 4243.934,
                                "Actual Total Time": 4243.938,
                                "Actual Rows": 1,
                                "Actual Loops": 1
                            },
                            {
                                "Worker Number": 2,
                                "Actual Startup Time": 4238.622,
                                "Actual Total Time": 4238.627,
                                "Actual Rows": 1,
                                "Actual Loops": 1
                            },
                            {
                                "Worker Number": 3,
                                "Actual Startup Time": 4239.092,
                                "Actual Total Time": 4239.097,
                                "Actual Rows": 1,
                                "Actual Loops": 1
                            },
                            {
                                "Worker Number": 4,
                                "Actual Startup Time": 4239.222,
                                "Actual Total Time": 4239.227,
                                "Actual Rows": 1,
                                "Actual Loops": 1
                            },
                            {
                                "Worker Number": 5,
                                "Actual Startup Time": 4239.234,
                                "Actual Total Time": 4239.239,
                                "Actual Rows": 1,
                                "Actual Loops": 1
                            }
                        ],
                        "Plans": [
                            {
                                "Node Type": "Hash Join",
                                "Parent Relationship": "Outer",
                                "Parallel Aware": true,
                                "Join Type": "Inner",
                                "Startup Cost": 93235.1,
                                "Total Cost": 435508.48,
                                "Plan Rows": 2017202,
                                "Plan Width": 0,
                                "Actual Startup Time": 513.68,
                                "Actual Total Time": 3550.305,
                                "Actual Rows": 15425938,
                                "Actual Loops": 7,
                                "Inner Unique": false,
                                "Hash Cond": "(ci.movie_id = t.id)",
                                "Workers": [
                                    {
                                        "Worker Number": 0,
                                        "Actual Startup Time": 513.019,
                                        "Actual Total Time": 3533.053,
                                        "Actual Rows": 15280428,
                                        "Actual Loops": 1
                                    },
                                    {
                                        "Worker Number": 1,
                                        "Actual Startup Time": 511.679,
                                        "Actual Total Time": 3517.349,
                                        "Actual Rows": 13574187,
                                        "Actual Loops": 1
                                    },
                                    {
                                        "Worker Number": 2,
                                        "Actual Startup Time": 511.523,
                                        "Actual Total Time": 3509.89,
                                        "Actual Rows": 13555427,
                                        "Actual Loops": 1
                                    },
                                    {
                                        "Worker Number": 3,
                                        "Actual Startup Time": 511.962,
                                        "Actual Total Time": 3553.964,
                                        "Actual Rows": 17190948,
                                        "Actual Loops": 1
                                    },
                                    {
                                        "Worker Number": 4,
                                        "Actual Startup Time": 512.124,
                                        "Actual Total Time": 3585.091,
                                        "Actual Rows": 15873369,
                                        "Actual Loops": 1
                                    },
                                    {
                                        "Worker Number": 5,
                                        "Actual Startup Time": 512.113,
                                        "Actual Total Time": 3582.817,
                                        "Actual Rows": 15931558,
                                        "Actual Loops": 1
                                    }
                                ],
                                "Plans": [
                                    {
                                        "Node Type": "Seq Scan",
                                        "Parent Relationship": "Outer",
                                        "Parallel Aware": true,
                                        "Relation Name": "cast_info",
                                        "Schema": "public",
                                        "Alias": "ci",
                                        "Startup Cost": 0.0,
                                        "Total Cost": 313108.29,
                                        "Plan Rows": 6042129,
                                        "Plan Width": 4,
                                        "Actual Startup Time": 0.025,
                                        "Actual Total Time": 564.48,
                                        "Actual Rows": 5177763,
                                        "Actual Loops": 7,
                                        "Output": [
                                            "ci.id",
                                            "ci.person_id",
                                            "ci.movie_id",
                                            "ci.person_role_id",
                                            "ci.note",
                                            "ci.nr_order",
                                            "ci.role_id"
                                        ],
                                        "Workers": [
                                            {
                                                "Worker Number": 0,
                                                "Actual Startup Time": 0.022,
                                                "Actual Total Time": 584.27,
                                                "Actual Rows": 5216501,
                                                "Actual Loops": 1
                                            },
                                            {
                                                "Worker Number": 1,
                                                "Actual Startup Time": 0.029,
                                                "Actual Total Time": 582.433,
                                                "Actual Rows": 4564091,
                                                "Actual Loops": 1
                                            },
                                            {
                                                "Worker Number": 2,
                                                "Actual Startup Time": 0.044,
                                                "Actual Total Time": 584.315,
                                                "Actual Rows": 4563744,
                                                "Actual Loops": 1
                                            },
                                            {
                                                "Worker Number": 3,
                                                "Actual Startup Time": 0.021,
                                                "Actual Total Time": 582.109,
                                                "Actual Rows": 5772730,
                                                "Actual Loops": 1
                                            },
                                            {
                                                "Worker Number": 4,
                                                "Actual Startup Time": 0.024,
                                                "Actual Total Time": 578.338,
                                                "Actual Rows": 5270786,
                                                "Actual Loops": 1
                                            },
                                            {
                                                "Worker Number": 5,
                                                "Actual Startup Time": 0.025,
                                                "Actual Total Time": 577.6,
                                                "Actual Rows": 5281777,
                                                "Actual Loops": 1
                                            }
                                        ]
                                    },
                                    {
                                        "Node Type": "Hash",
                                        "Parent Relationship": "Inner",
                                        "Parallel Aware": true,
                                        "Startup Cost": 89831.49,
                                        "Total Cost": 89831.49,
                                        "Plan Rows": 272289,
                                        "Plan Width": 8,
                                        "Actual Startup Time": 510.4,
                                        "Actual Total Time": 511.1,
                                        "Actual Rows": 355168,
                                        "Actual Loops": 7,
                                        "Output": [
                                            "t.id",
                                            "mk.movie_id"
                                        ],
                                        "Hash Buckets": 4194304,
                                        "Original Hash Buckets": 1048576,
                                        "Hash Batches": 1,
                                        "Original Hash Batches": 1,
                                        "Peak Memory Usage": 154752,
                                        "Workers": [
                                            {
                                                "Worker Number": 0,
                                                "Actual Startup Time": 512.515,
                                                "Actual Total Time": 512.518,
                                                "Actual Rows": 290791,
                                                "Actual Loops": 1
                                            },
                                            {
                                                "Worker Number": 1,
                                                "Actual Startup Time": 511.005,
                                                "Actual Total Time": 511.008,
                                                "Actual Rows": 284926,
                                                "Actual Loops": 1
                                            },
                                            {
                                                "Worker Number": 2,
                                                "Actual Startup Time": 510.84,
                                                "Actual Total Time": 510.844,
                                                "Actual Rows": 288665,
                                                "Actual Loops": 1
                                            },
                                            {
                                                "Worker Number": 3,
                                                "Actual Startup Time": 511.275,
                                                "Actual Total Time": 511.279,
                                                "Actual Rows": 409969,
                                                "Actual Loops": 1
                                            },
                                            {
                                                "Worker Number": 4,
                                                "Actual Startup Time": 511.415,
                                                "Actual Total Time": 511.419,
                                                "Actual Rows": 388570,
                                                "Actual Loops": 1
                                            },
                                            {
                                                "Worker Number": 5,
                                                "Actual Startup Time": 511.396,
                                                "Actual Total Time": 511.399,
                                                "Actual Rows": 387883,
                                                "Actual Loops": 1
                                            }
                                        ],
                                        "Plans": [
                                            {
                                                "Node Type": "Hash Join",
                                                "Parent Relationship": "Outer",
                                                "Parallel Aware": true,
                                                "Join Type": "Inner",
                                                "Startup Cost": 46953.41,
                                                "Total Cost": 89831.49,
                                                "Plan Rows": 272289,
                                                "Plan Width": 8,
                                                "Actual Startup Time": 133.24,
                                                "Actual Total Time": 318.799,
                                                "Actual Rows": 355168,
                                                "Actual Loops": 7,
                                                "Output": [
                                                    "t.id",
                                                    "mk.movie_id"
                                                ],
                                                "Inner Unique": true,
                                                "Hash Cond": "(mk.movie_id = t.id)",
                                                "Workers": [
                                                    {
                                                        "Worker Number": 0,
                                                        "Actual Startup Time": 133.311,
                                                        "Actual Total Time": 319.254,
                                                        "Actual Rows": 290791,
                                                        "Actual Loops": 1
                                                    },
                                                    {
                                                        "Worker Number": 1,
                                                        "Actual Startup Time": 133.21,
                                                        "Actual Total Time": 318.284,
                                                        "Actual Rows": 284926,
                                                        "Actual Loops": 1
                                                    },
                                                    {
                                                        "Worker Number": 2,
                                                        "Actual Startup Time": 133.199,
                                                        "Actual Total Time": 318.193,
                                                        "Actual Rows": 288665,
                                                        "Actual Loops": 1
                                                    },
                                                    {
                                                        "Worker Number": 3,
                                                        "Actual Startup Time": 133.148,
                                                        "Actual Total Time": 318.525,
                                                        "Actual Rows": 409969,
                                                        "Actual Loops": 1
                                                    },
                                                    {
                                                        "Worker Number": 4,
                                                        "Actual Startup Time": 133.268,
                                                        "Actual Total Time": 319.129,
                                                        "Actual Rows": 388570,
                                                        "Actual Loops": 1
                                                    },
                                                    {
                                                        "Worker Number": 5,
                                                        "Actual Startup Time": 133.188,
                                                        "Actual Total Time": 319.548,
                                                        "Actual Rows": 387883,
                                                        "Actual Loops": 1
                                                    }
                                                ],
                                                "Plans": [
                                                    {
                                                        "Node Type": "Seq Scan",
                                                        "Parent Relationship": "Outer",
                                                        "Parallel Aware": true,
                                                        "Relation Name": "movie_keyword",
                                                        "Schema": "public",
                                                        "Alias": "mk",
                                                        "Startup Cost": 0.0,
                                                        "Total Cost": 39047.32,
                                                        "Plan Rows": 1459332,
                                                        "Plan Width": 4,
                                                        "Actual Startup Time": 0.017,
                                                        "Actual Total Time": 75.446,
                                                        "Actual Rows": 646276,
                                                        "Actual Loops": 7,
                                                        "Output": [
                                                            "mk.id",
                                                            "mk.movie_id",
                                                            "mk.keyword_id"
                                                        ],
                                                        "Workers": [
                                                            {
                                                                "Worker Number": 0,
                                                                "Actual Startup Time": 0.021,
                                                                "Actual Total Time": 77.207,
                                                                "Actual Rows": 523365,
                                                                "Actual Loops": 1
                                                            },
                                                            {
                                                                "Worker Number": 1,
                                                                "Actual Startup Time": 0.017,
                                                                "Actual Total Time": 77.071,
                                                                "Actual Rows": 520530,
                                                                "Actual Loops": 1
                                                            },
                                                            {
                                                                "Worker Number": 2,
                                                                "Actual Startup Time": 0.022,
                                                                "Actual Total Time": 76.759,
                                                                "Actual Rows": 520960,
                                                                "Actual Loops": 1
                                                            },
                                                            {
                                                                "Worker Number": 3,
                                                                "Actual Startup Time": 0.013,
                                                                "Actual Total Time": 77.843,
                                                                "Actual Rows": 753875,
                                                                "Actual Loops": 1
                                                            },
                                                            {
                                                                "Worker Number": 4,
                                                                "Actual Startup Time": 0.022,
                                                                "Actual Total Time": 78.308,
                                                                "Actual Rows": 702630,
                                                                "Actual Loops": 1
                                                            },
                                                            {
                                                                "Worker Number": 5,
                                                                "Actual Startup Time": 0.018,
                                                                "Actual Total Time": 78.269,
                                                                "Actual Rows": 704850,
                                                                "Actual Loops": 1
                                                            }
                                                        ]
                                                    },
                                                    {
                                                        "Node Type": "Hash",
                                                        "Parent Relationship": "Inner",
                                                        "Parallel Aware": true,
                                                        "Startup Cost": 45479.21,
                                                        "Total Cost": 45479.21,
                                                        "Plan Rows": 117936,
                                                        "Plan Width": 4,
                                                        "Actual Startup Time": 132.388,
                                                        "Actual Total Time": 132.39,
                                                        "Actual Rows": 79642,
                                                        "Actual Loops": 7,
                                                        "Output": [
                                                            "t.id"
                                                        ],
                                                        "Hash Buckets": 1048576,
                                                        "Original Hash Buckets": 524288,
                                                        "Hash Batches": 1,
                                                        "Original Hash Batches": 1,
                                                        "Peak Memory Usage": 34240,
                                                        "Workers": [
                                                            {
                                                                "Worker Number": 0,
                                                                "Actual Startup Time": 133.16,
                                                                "Actual Total Time": 133.161,
                                                                "Actual Rows": 65966,
                                                                "Actual Loops": 1
                                                            },
                                                            {
                                                                "Worker Number": 1,
                                                                "Actual Startup Time": 133.089,
                                                                "Actual Total Time": 133.09,
                                                                "Actual Rows": 65873,
                                                                "Actual Loops": 1
                                                            },
                                                            {
                                                                "Worker Number": 2,
                                                                "Actual Startup Time": 133.067,
                                                                "Actual Total Time": 133.068,
                                                                "Actual Rows": 65507,
                                                                "Actual Loops": 1
                                                            },
                                                            {
                                                                "Worker Number": 3,
                                                                "Actual Startup Time": 133.039,
                                                                "Actual Total Time": 133.04,
                                                                "Actual Rows": 89542,
                                                                "Actual Loops": 1
                                                            },
                                                            {
                                                                "Worker Number": 4,
                                                                "Actual Startup Time": 133.035,
                                                                "Actual Total Time": 133.036,
                                                                "Actual Rows": 82650,
                                                                "Actual Loops": 1
                                                            },
                                                            {
                                                                "Worker Number": 5,
                                                                "Actual Startup Time": 133.074,
                                                                "Actual Total Time": 133.075,
                                                                "Actual Rows": 82643,
                                                                "Actual Loops": 1
                                                            }
                                                        ],
                                                        "Plans": [
                                                            {
                                                                "Node Type": "Seq Scan",
                                                                "Parent Relationship": "Outer",
                                                                "Parallel Aware": true,
                                                                "Relation Name": "title",
                                                                "Schema": "public",
                                                                "Alias": "t",
                                                                "Startup Cost": 0.0,
                                                                "Total Cost": 45479.21,
                                                                "Plan Rows": 117936,
                                                                "Plan Width": 4,
                                                                "Actual Startup Time": 0.099,
                                                                "Actual Total Time": 80.731,
                                                                "Actual Rows": 79642,
                                                                "Actual Loops": 7,
                                                                "Output": [
                                                                    "t.id"
                                                                ],
                                                                "Filter": "((t.kind_id < 7) AND (t.production_year < 2003))",
                                                                "Rows Removed by Filter": 281546,
                                                                "Workers": [
                                                                    {
                                                                        "Worker Number": 0,
                                                                        "Actual Startup Time": 0.09,
                                                                        "Actual Total Time": 81.659,
                                                                        "Actual Rows": 65966,
                                                                        "Actual Loops": 1
                                                                    },
                                                                    {
                                                                        "Worker Number": 1,
                                                                        "Actual Startup Time": 0.104,
                                                                        "Actual Total Time": 81.905,
                                                                        "Actual Rows": 65873,
                                                                        "Actual Loops": 1
                                                                    },
                                                                    {
                                                                        "Worker Number": 2,
                                                                        "Actual Startup Time": 0.171,
                                                                        "Actual Total Time": 81.695,
                                                                        "Actual Rows": 65507,
                                                                        "Actual Loops": 1
                                                                    },
                                                                    {
                                                                        "Worker Number": 3,
                                                                        "Actual Startup Time": 0.104,
                                                                        "Actual Total Time": 79.764,
                                                                        "Actual Rows": 89542,
                                                                        "Actual Loops": 1
                                                                    },
                                                                    {
                                                                        "Worker Number": 4,
                                                                        "Actual Startup Time": 0.105,
                                                                        "Actual Total Time": 81.142,
                                                                        "Actual Rows": 82650,
                                                                        "Actual Loops": 1
                                                                    },
                                                                    {
                                                                        "Worker Number": 5,
                                                                        "Actual Startup Time": 0.095,
                                                                        "Actual Total Time": 80.985,
                                                                        "Actual Rows": 82643,
                                                                        "Actual Loops": 1
                                                                    }
                                                                ]
                                                            }
                                                        ]
                                                    }
                                                ]
                                            }
                                        ]
                                    }
                                ]
                            }
                        ]
                    }
                ]
            }
        ]
    },
    "Planning Time": 1.451,
    "Triggers": [],
    "Execution Time": 4333.563
}