[
  {
    "Plan": {
      "Node Type": "Aggregate",
      "Strategy": "Plain",
      "Partial Mode": "Finalize",
      "Parallel Aware": false,
      "Startup Cost": 33021.66,
      "Total Cost": 33021.67,
      "Plan Rows": 1,
      "Plan Width": 8,
      "Actual Startup Time": 106.535,
      "Actual Total Time": 114.451,
      "Actual Rows": 1,
      "Actual Loops": 1,
      "Plans": [
        {
          "Node Type": "Gather",
          "Parent Relationship": "Outer",
          "Parallel Aware": false,
          "Startup Cost": 33021.34,
          "Total Cost": 33021.65,
          "Plan Rows": 3,
          "Plan Width": 8,
          "Actual Startup Time": 106.415,
          "Actual Total Time": 114.441,
          "Actual Rows": 4,
          "Actual Loops": 1,
          "Workers Planned": 3,
          "Workers Launched": 3,
          "Single Copy": false,
          "Plans": [
            {
              "Node Type": "Aggregate",
              "Strategy": "Plain",
              "Partial Mode": "Partial",
              "Parent Relationship": "Outer",
              "Parallel Aware": false,
              "Startup Cost": 32021.34,
              "Total Cost": 32021.35,
              "Plan Rows": 1,
              "Plan Width": 8,
              "Actual Startup Time": 97.583,
              "Actual Total Time": 97.584,
              "Actual Rows": 1,
              "Actual Loops": 4,
              "Plans": [
                {
                  "Node Type": "Seq Scan",
                  "Parent Relationship": "Outer",
                  "Parallel Aware": true,
                  "Relation Name": "movie_companies",
                  "Alias": "mc",
                  "Startup Cost": 0.0,
                  "Total Cost": 31414.82,
                  "Plan Rows": 242609,
                  "Plan Width": 0,
                  "Actual Startup Time": 11.722,
                  "Actual Total Time": 89.965,
                  "Actual Rows": 132886,
                  "Actual Loops": 4,
                  "Filter": "((company_id > 6930) AND (company_type_id = 1))",
                  "Rows Removed by Filter": 519396
                }
              ]
            }
          ]
        }
      ]
    },
    "Planning Time": 0.194,
    "Triggers": [],
    "Execution Time": 114.512
  }
]