[
  {
    "Plan": {
      "Node Type": "Aggregate",
      "Strategy": "Plain",
      "Partial Mode": "Finalize",
      "Parallel Aware": false,
      "Startup Cost": 350781.14,
      "Total Cost": 350781.15,
      "Plan Rows": 1,
      "Plan Width": 8,
      "Actual Startup Time": 1010.202,
      "Actual Total Time": 1062.97,
      "Actual Rows": 1,
      "Actual Loops": 1,
      "Plans": [
        {
          "Node Type": "Gather",
          "Parent Relationship": "Outer",
          "Parallel Aware": false,
          "Startup Cost": 350780.51,
          "Total Cost": 350781.12,
          "Plan Rows": 6,
          "Plan Width": 8,
          "Actual Startup Time": 1010.029,
          "Actual Total Time": 1062.953,
          "Actual Rows": 7,
          "Actual Loops": 1,
          "Workers Planned": 6,
          "Workers Launched": 6,
          "Single Copy": false,
          "Plans": [
            {
              "Node Type": "Aggregate",
              "Strategy": "Plain",
              "Partial Mode": "Partial",
              "Parent Relationship": "Outer",
              "Parallel Aware": false,
              "Startup Cost": 349780.51,
              "Total Cost": 349780.52,
              "Plan Rows": 1,
              "Plan Width": 8,
              "Actual Startup Time": 1000.726,
              "Actual Total Time": 1000.728,
              "Actual Rows": 1,
              "Actual Loops": 7,
              "Plans": [
                {
                  "Node Type": "Seq Scan",
                  "Parent Relationship": "Outer",
                  "Parallel Aware": true,
                  "Relation Name": "cast_info",
                  "Alias": "ci",
                  "Startup Cost": 0.0,
                  "Total Cost": 343316.27,
                  "Plan Rows": 2585697,
                  "Plan Width": 0,
                  "Actual Startup Time": 140.907,
                  "Actual Total Time": 869.59,
                  "Actual Rows": 1996800,
                  "Actual Loops": 7,
                  "Filter": "((person_id > 835966) AND (role_id < 3))",
                  "Rows Removed by Filter": 3180963
                }
              ]
            }
          ]
        }
      ]
    },
    "Planning Time": 0.232,
    "Triggers": [],
    "Execution Time": 1063.045
  }
]