[
    {
        "Bao": {
            "Bao prediction": 493.311,
            "Bao recommended hint": "SET enable_mergejoin TO off; SET enable_indexscan TO off; "
        }
    },
    {
        "Plan": {
            "Node Type": "Aggregate",
            "Strategy": "Plain",
            "Partial Mode": "Simple",
            "Parallel Aware": false,
            "Startup Cost": 55518.18,
            "Total Cost": 55518.19,
            "Plan Rows": 1,
            "Plan Width": 64,
            "Actual Startup Time": 532.554,
            "Actual Total Time": 532.564,
            "Actual Rows": 1,
            "Actual Loops": 1,
            "Output": [
                "min(n.name)",
                "min(t.title)"
            ],
            "Plans": [
                {
                    "Node Type": "Nested Loop",
                    "Parent Relationship": "Outer",
                    "Parallel Aware": false,
                    "Join Type": "Inner",
                    "Startup Cost": 2412.6,
                    "Total Cost": 55518.17,
                    "Plan Rows": 1,
                    "Plan Width": 32,
                    "Actual Startup Time": 160.739,
                    "Actual Total Time": 532.537,
                    "Actual Rows": 21,
                    "Actual Loops": 1,
                    "Output": [
                        "n.name",
                        "t.title"
                    ],
                    "Inner Unique": true,
                    "Plans": [
                        {
                            "Node Type": "Nested Loop",
                            "Parent Relationship": "Outer",
                            "Parallel Aware": false,
                            "Join Type": "Inner",
                            "Startup Cost": 2412.16,
                            "Total Cost": 55513.72,
                            "Plan Rows": 1,
                            "Plan Width": 23,
                            "Actual Startup Time": 160.693,
                            "Actual Total Time": 531.837,
                            "Actual Rows": 46,
                            "Actual Loops": 1,
                            "Output": [
                                "ci.movie_id",
                                "ml.linked_movie_id",
                                "n.name"
                            ],
                            "Inner Unique": true,
                            "Join Filter": "(ml.link_type_id = lt.id)",
                            "Rows Removed by Join Filter": 130,
                            "Plans": [
                                {
                                    "Node Type": "Nested Loop",
                                    "Parent Relationship": "Outer",
                                    "Parallel Aware": false,
                                    "Join Type": "Inner",
                                    "Startup Cost": 2412.16,
                                    "Total Cost": 55512.48,
                                    "Plan Rows": 1,
                                    "Plan Width": 27,
                                    "Actual Startup Time": 160.678,
                                    "Actual Total Time": 530.913,
                                    "Actual Rows": 176,
                                    "Actual Loops": 1,
                                    "Output": [
                                        "ci.movie_id",
                                        "ml.linked_movie_id",
                                        "ml.link_type_id",
                                        "n.name"
                                    ],
                                    "Inner Unique": false,
                                    "Plans": [
                                        {
                                            "Node Type": "Nested Loop",
                                            "Parent Relationship": "Outer",
                                            "Parallel Aware": false,
                                            "Join Type": "Inner",
                                            "Startup Cost": 2411.86,
                                            "Total Cost": 55508.13,
                                            "Plan Rows": 1,
                                            "Plan Width": 19,
                                            "Actual Startup Time": 160.61,
                                            "Actual Total Time": 527.537,
                                            "Actual Rows": 353,
                                            "Actual Loops": 1,
                                            "Output": [
                                                "ci.movie_id",
                                                "n.name"
                                            ],
                                            "Inner Unique": false,
                                            "Join Filter": "(n.id = ci.person_id)",
                                            "Rows Removed by Join Filter": 0,
                                            "Plans": [
                                                {
                                                    "Node Type": "Nested Loop",
                                                    "Parent Relationship": "Outer",
                                                    "Parallel Aware": false,
                                                    "Join Type": "Inner",
                                                    "Startup Cost": 2406.71,
                                                    "Total Cost": 55486.74,
                                                    "Plan Rows": 1,
                                                    "Plan Width": 27,
                                                    "Actual Startup Time": 160.499,
                                                    "Actual Total Time": 526.947,
                                                    "Actual Rows": 3,
                                                    "Actual Loops": 1,
                                                    "Output": [
                                                        "an.person_id",
                                                        "n.name",
                                                        "n.id",
                                                        "pi.person_id"
                                                    ],
                                                    "Inner Unique": false,
                                                    "Plans": [
                                                        {
                                                            "Node Type": "Nested Loop",
                                                            "Parent Relationship": "Outer",
                                                            "Parallel Aware": false,
                                                            "Join Type": "Inner",
                                                            "Startup Cost": 2406.14,
                                                            "Total Cost": 55482.11,
                                                            "Plan Rows": 1,
                                                            "Plan Width": 23,
                                                            "Actual Startup Time": 160.434,
                                                            "Actual Total Time": 526.825,
                                                            "Actual Rows": 3,
                                                            "Actual Loops": 1,
                                                            "Output": [
                                                                "pi.person_id",
                                                                "n.name",
                                                                "n.id"
                                                            ],
                                                            "Inner Unique": true,
                                                            "Plans": [
                                                                {
                                                                    "Node Type": "Nested Loop",
                                                                    "Parent Relationship": "Outer",
                                                                    "Parallel Aware": false,
                                                                    "Join Type": "Inner",
                                                                    "Startup Cost": 2401.7,
                                                                    "Total Cost": 55473.66,
                                                                    "Plan Rows": 1,
                                                                    "Plan Width": 4,
                                                                    "Actual Startup Time": 47.955,
                                                                    "Actual Total Time": 524.145,
                                                                    "Actual Rows": 64,
                                                                    "Actual Loops": 1,
                                                                    "Output": [
                                                                        "pi.person_id"
                                                                    ],
                                                                    "Inner Unique": false,
                                                                    "Plans": [
                                                                        {
                                                                            "Node Type": "Seq Scan",
                                                                            "Parent Relationship": "Outer",
                                                                            "Parallel Aware": false,
                                                                            "Relation Name": "info_type",
                                                                            "Schema": "public",
                                                                            "Alias": "it",
                                                                            "Startup Cost": 0.0,
                                                                            "Total Cost": 2.41,
                                                                            "Plan Rows": 1,
                                                                            "Plan Width": 4,
                                                                            "Actual Startup Time": 0.054,
                                                                            "Actual Total Time": 0.065,
                                                                            "Actual Rows": 1,
                                                                            "Actual Loops": 1,
                                                                            "Output": [
                                                                                "it.id",
                                                                                "it.info"
                                                                            ],
                                                                            "Filter": "((it.info)::text = 'mini biography'::text)",
                                                                            "Rows Removed by Filter": 112
                                                                        },
                                                                        {
                                                                            "Node Type": "Bitmap Heap Scan",
                                                                            "Parent Relationship": "Inner",
                                                                            "Parallel Aware": false,
                                                                            "Relation Name": "person_info",
                                                                            "Schema": "public",
                                                                            "Alias": "pi",
                                                                            "Startup Cost": 2401.7,
                                                                            "Total Cost": 55471.23,
                                                                            "Plan Rows": 1,
                                                                            "Plan Width": 8,
                                                                            "Actual Startup Time": 47.887,
                                                                            "Actual Total Time": 524.029,
                                                                            "Actual Rows": 64,
                                                                            "Actual Loops": 1,
                                                                            "Output": [
                                                                                "pi.id",
                                                                                "pi.person_id",
                                                                                "pi.info_type_id",
                                                                                "pi.info",
                                                                                "pi.note"
                                                                            ],
                                                                            "Recheck Cond": "(pi.info_type_id = it.id)",
                                                                            "Rows Removed by Index Recheck": 0,
                                                                            "Filter": "(pi.note = 'Volker Boehm'::text)",
                                                                            "Rows Removed by Filter": 84120,
                                                                            "Exact Heap Blocks": 40387,
                                                                            "Lossy Heap Blocks": 0,
                                                                            "Plans": [
                                                                                {
                                                                                    "Node Type": "Bitmap Index Scan",
                                                                                    "Parent Relationship": "Outer",
                                                                                    "Parallel Aware": false,
                                                                                    "Index Name": "info_type_id_person_info",
                                                                                    "Startup Cost": 0.0,
                                                                                    "Total Cost": 2401.7,
                                                                                    "Plan Rows": 134569,
                                                                                    "Plan Width": 0,
                                                                                    "Actual Startup Time": 31.454,
                                                                                    "Actual Total Time": 31.455,
                                                                                    "Actual Rows": 84184,
                                                                                    "Actual Loops": 1,
                                                                                    "Index Cond": "(pi.info_type_id = it.id)"
                                                                                }
                                                                            ]
                                                                        }
                                                                    ]
                                                                },
                                                                {
                                                                    "Node Type": "Bitmap Heap Scan",
                                                                    "Parent Relationship": "Inner",
                                                                    "Parallel Aware": false,
                                                                    "Relation Name": "name",
                                                                    "Schema": "public",
                                                                    "Alias": "n",
                                                                    "Startup Cost": 4.44,
                                                                    "Total Cost": 8.46,
                                                                    "Plan Rows": 1,
                                                                    "Plan Width": 19,
                                                                    "Actual Startup Time": 0.038,
                                                                    "Actual Total Time": 0.038,
                                                                    "Actual Rows": 0,
                                                                    "Actual Loops": 64,
                                                                    "Output": [
                                                                        "n.id",
                                                                        "n.name",
                                                                        "n.imdb_index",
                                                                        "n.imdb_id",
                                                                        "n.gender",
                                                                        "n.name_pcode_cf",
                                                                        "n.name_pcode_nf",
                                                                        "n.surname_pcode",
                                                                        "n.md5sum"
                                                                    ],
                                                                    "Recheck Cond": "(n.id = pi.person_id)",
                                                                    "Rows Removed by Index Recheck": 0,
                                                                    "Filter": "(((n.name_pcode_cf)::text ~~ 'D%'::text) AND ((n.gender)::text = 'm'::text))",
                                                                    "Rows Removed by Filter": 1,
                                                                    "Exact Heap Blocks": 64,
                                                                    "Lossy Heap Blocks": 0,
                                                                    "Plans": [
                                                                        {
                                                                            "Node Type": "Bitmap Index Scan",
                                                                            "Parent Relationship": "Outer",
                                                                            "Parallel Aware": false,
                                                                            "Index Name": "name_pkey",
                                                                            "Startup Cost": 0.0,
                                                                            "Total Cost": 4.44,
                                                                            "Plan Rows": 1,
                                                                            "Plan Width": 0,
                                                                            "Actual Startup Time": 0.024,
                                                                            "Actual Total Time": 0.024,
                                                                            "Actual Rows": 1,
                                                                            "Actual Loops": 64,
                                                                            "Index Cond": "(n.id = pi.person_id)"
                                                                        }
                                                                    ]
                                                                }
                                                            ]
                                                        },
                                                        {
                                                            "Node Type": "Bitmap Heap Scan",
                                                            "Parent Relationship": "Inner",
                                                            "Parallel Aware": false,
                                                            "Relation Name": "aka_name",
                                                            "Schema": "public",
                                                            "Alias": "an",
                                                            "Startup Cost": 0.58,
                                                            "Total Cost": 4.61,
                                                            "Plan Rows": 2,
                                                            "Plan Width": 4,
                                                            "Actual Startup Time": 0.03,
                                                            "Actual Total Time": 0.035,
                                                            "Actual Rows": 1,
                                                            "Actual Loops": 3,
                                                            "Output": [
                                                                "an.id",
                                                                "an.person_id",
                                                                "an.name",
                                                                "an.imdb_index",
                                                                "an.name_pcode_cf",
                                                                "an.name_pcode_nf",
                                                                "an.surname_pcode",
                                                                "an.md5sum"
                                                            ],
                                                            "Recheck Cond": "(an.person_id = n.id)",
                                                            "Rows Removed by Index Recheck": 0,
                                                            "Filter": "(an.name ~~ '%a%'::text)",
                                                            "Rows Removed by Filter": 0,
                                                            "Exact Heap Blocks": 3,
                                                            "Lossy Heap Blocks": 0,
                                                            "Plans": [
                                                                {
                                                                    "Node Type": "Bitmap Index Scan",
                                                                    "Parent Relationship": "Outer",
                                                                    "Parallel Aware": false,
                                                                    "Index Name": "person_id_aka_name",
                                                                    "Startup Cost": 0.0,
                                                                    "Total Cost": 0.58,
                                                                    "Plan Rows": 2,
                                                                    "Plan Width": 0,
                                                                    "Actual Startup Time": 0.02,
                                                                    "Actual Total Time": 0.02,
                                                                    "Actual Rows": 1,
                                                                    "Actual Loops": 3,
                                                                    "Index Cond": "(an.person_id = n.id)"
                                                                }
                                                            ]
                                                        }
                                                    ]
                                                },
                                                {
                                                    "Node Type": "Bitmap Heap Scan",
                                                    "Parent Relationship": "Inner",
                                                    "Parallel Aware": false,
                                                    "Relation Name": "cast_info",
                                                    "Schema": "public",
                                                    "Alias": "ci",
                                                    "Startup Cost": 5.15,
                                                    "Total Cost": 15.27,
                                                    "Plan Rows": 490,
                                                    "Plan Width": 8,
                                                    "Actual Startup Time": 0.076,
                                                    "Actual Total Time": 0.157,
                                                    "Actual Rows": 118,
                                                    "Actual Loops": 3,
                                                    "Output": [
                                                        "ci.id",
                                                        "ci.person_id",
                                                        "ci.movie_id",
                                                        "ci.person_role_id",
                                                        "ci.note",
                                                        "ci.nr_order",
                                                        "ci.role_id"
                                                    ],
                                                    "Recheck Cond": "(ci.person_id = an.person_id)",
                                                    "Rows Removed by Index Recheck": 0,
                                                    "Exact Heap Blocks": 21,
                                                    "Lossy Heap Blocks": 0,
                                                    "Plans": [
                                                        {
                                                            "Node Type": "Bitmap Index Scan",
                                                            "Parent Relationship": "Outer",
                                                            "Parallel Aware": false,
                                                            "Index Name": "person_id_cast_info",
                                                            "Startup Cost": 0.0,
                                                            "Total Cost": 5.02,
                                                            "Plan Rows": 490,
                                                            "Plan Width": 0,
                                                            "Actual Startup Time": 0.064,
                                                            "Actual Total Time": 0.064,
                                                            "Actual Rows": 118,
                                                            "Actual Loops": 3,
                                                            "Index Cond": "(ci.person_id = an.person_id)"
                                                        }
                                                    ]
                                                }
                                            ]
                                        },
                                        {
                                            "Node Type": "Bitmap Heap Scan",
                                            "Parent Relationship": "Inner",
                                            "Parallel Aware": false,
                                            "Relation Name": "movie_link",
                                            "Schema": "public",
                                            "Alias": "ml",
                                            "Startup Cost": 0.3,
                                            "Total Cost": 4.33,
                                            "Plan Rows": 2,
                                            "Plan Width": 8,
                                            "Actual Startup Time": 0.006,
                                            "Actual Total Time": 0.007,
                                            "Actual Rows": 0,
                                            "Actual Loops": 353,
                                            "Output": [
                                                "ml.id",
                                                "ml.movie_id",
                                                "ml.linked_movie_id",
                                                "ml.link_type_id"
                                            ],
                                            "Recheck Cond": "(ml.linked_movie_id = ci.movie_id)",
                                            "Rows Removed by Index Recheck": 0,
                                            "Exact Heap Blocks": 159,
                                            "Lossy Heap Blocks": 0,
                                            "Plans": [
                                                {
                                                    "Node Type": "Bitmap Index Scan",
                                                    "Parent Relationship": "Outer",
                                                    "Parallel Aware": false,
                                                    "Index Name": "linked_movie_id_movie_link",
                                                    "Startup Cost": 0.0,
                                                    "Total Cost": 0.3,
                                                    "Plan Rows": 2,
                                                    "Plan Width": 0,
                                                    "Actual Startup Time": 0.005,
                                                    "Actual Total Time": 0.005,
                                                    "Actual Rows": 0,
                                                    "Actual Loops": 353,
                                                    "Index Cond": "(ml.linked_movie_id = ci.movie_id)"
                                                }
                                            ]
                                        }
                                    ]
                                },
                                {
                                    "Node Type": "Seq Scan",
                                    "Parent Relationship": "Inner",
                                    "Parallel Aware": false,
                                    "Relation Name": "link_type",
                                    "Schema": "public",
                                    "Alias": "lt",
                                    "Startup Cost": 0.0,
                                    "Total Cost": 1.23,
                                    "Plan Rows": 1,
                                    "Plan Width": 4,
                                    "Actual Startup Time": 0.002,
                                    "Actual Total Time": 0.003,
                                    "Actual Rows": 1,
                                    "Actual Loops": 176,
                                    "Output": [
                                        "lt.id",
                                        "lt.link"
                                    ],
                                    "Filter": "((lt.link)::text = 'features'::text)",
                                    "Rows Removed by Filter": 15
                                }
                            ]
                        },
                        {
                            "Node Type": "Bitmap Heap Scan",
                            "Parent Relationship": "Inner",
                            "Parallel Aware": false,
                            "Relation Name": "title",
                            "Schema": "public",
                            "Alias": "t",
                            "Startup Cost": 0.44,
                            "Total Cost": 4.46,
                            "Plan Rows": 1,
                            "Plan Width": 21,
                            "Actual Startup Time": 0.012,
                            "Actual Total Time": 0.012,
                            "Actual Rows": 0,
                            "Actual Loops": 46,
                            "Output": [
                                "t.id",
                                "t.title",
                                "t.imdb_index",
                                "t.kind_id",
                                "t.production_year",
                                "t.imdb_id",
                                "t.phonetic_code",
                                "t.episode_of_id",
                                "t.season_nr",
                                "t.episode_nr",
                                "t.series_years",
                                "t.md5sum"
                            ],
                            "Recheck Cond": "(t.id = ci.movie_id)",
                            "Rows Removed by Index Recheck": 0,
                            "Filter": "((t.production_year >= 1983) AND (t.production_year <= 2010))",
                            "Rows Removed by Filter": 1,
                            "Exact Heap Blocks": 46,
                            "Lossy Heap Blocks": 0,
                            "Plans": [
                                {
                                    "Node Type": "Bitmap Index Scan",
                                    "Parent Relationship": "Outer",
                                    "Parallel Aware": false,
                                    "Index Name": "title_pkey",
                                    "Startup Cost": 0.0,
                                    "Total Cost": 0.44,
                                    "Plan Rows": 1,
                                    "Plan Width": 0,
                                    "Actual Startup Time": 0.008,
                                    "Actual Total Time": 0.008,
                                    "Actual Rows": 1,
                                    "Actual Loops": 46,
                                    "Index Cond": "(t.id = ci.movie_id)"
                                }
                            ]
                        }
                    ]
                }
            ]
        },
        "Planning Time": 2329.44,
        "Triggers": [],
        "Execution Time": 533.84
    }
]