[
  {
    "Plan": {
      "Node Type": "Aggregate",
      "Strategy": "Plain",
      "Partial Mode": "Finalize",
      "Parallel Aware": false,
      "Startup Cost": 45207.32,
      "Total Cost": 45207.33,
      "Plan Rows": 1,
      "Plan Width": 8,
      "Actual Startup Time": 133.654,
      "Actual Total Time": 143.632,
      "Actual Rows": 1,
      "Actual Loops": 1,
      "Plans": [
        {
          "Node Type": "Gather",
          "Parent Relationship": "Outer",
          "Parallel Aware": false,
          "Startup Cost": 45207.0,
          "Total Cost": 45207.31,
          "Plan Rows": 3,
          "Plan Width": 8,
          "Actual Startup Time": 133.538,
          "Actual Total Time": 143.623,
          "Actual Rows": 4,
          "Actual Loops": 1,
          "Workers Planned": 3,
          "Workers Launched": 3,
          "Single Copy": false,
          "Plans": [
            {
              "Node Type": "Aggregate",
              "Strategy": "Plain",
              "Partial Mode": "Partial",
              "Parent Relationship": "Outer",
              "Parallel Aware": false,
              "Startup Cost": 44207.0,
              "Total Cost": 44207.01,
              "Plan Rows": 1,
              "Plan Width": 8,
              "Actual Startup Time": 128.3,
              "Actual Total Time": 128.302,
              "Actual Rows": 1,
              "Actual Loops": 4,
              "Plans": [
                {
                  "Node Type": "Seq Scan",
                  "Parent Relationship": "Outer",
                  "Parallel Aware": true,
                  "Relation Name": "movie_keyword",
                  "Alias": "mk",
                  "Startup Cost": 0.0,
                  "Total Cost": 42695.65,
                  "Plan Rows": 604538,
                  "Plan Width": 0,
                  "Actual Startup Time": 0.041,
                  "Actual Total Time": 106.899,
                  "Actual Rows": 469752,
                  "Actual Loops": 4,
                  "Filter": "(keyword_id < 3205)",
                  "Rows Removed by Filter": 661230
                }
              ]
            }
          ]
        }
      ]
    },
    "Planning Time": 0.115,
    "Triggers": [],
    "Execution Time": 143.669
  }
]