[
  {
    "Plan": {
      "Node Type": "Aggregate",
      "Strategy": "Plain",
      "Partial Mode": "Finalize",
      "Parallel Aware": false,
      "Startup Cost": 16583.85,
      "Total Cost": 16583.86,
      "Plan Rows": 1,
      "Plan Width": 8,
      "Actual Startup Time": 76.549,
      "Actual Total Time": 95.17,
      "Actual Rows": 1,
      "Actual Loops": 1,
      "Plans": [
        {
          "Node Type": "Gather",
          "Parent Relationship": "Outer",
          "Parallel Aware": false,
          "Startup Cost": 16583.63,
          "Total Cost": 16583.84,
          "Plan Rows": 2,
          "Plan Width": 8,
          "Actual Startup Time": 76.267,
          "Actual Total Time": 95.161,
          "Actual Rows": 3,
          "Actual Loops": 1,
          "Workers Planned": 2,
          "Workers Launched": 2,
          "Single Copy": false,
          "Plans": [
            {
              "Node Type": "Aggregate",
              "Strategy": "Plain",
              "Partial Mode": "Partial",
              "Parent Relationship": "Outer",
              "Parallel Aware": false,
              "Startup Cost": 15583.63,
              "Total Cost": 15583.64,
              "Plan Rows": 1,
              "Plan Width": 8,
              "Actual Startup Time": 72.615,
              "Actual Total Time": 72.616,
              "Actual Rows": 1,
              "Actual Loops": 3,
              "Plans": [
                {
                  "Node Type": "Nested Loop",
                  "Parent Relationship": "Outer",
                  "Parallel Aware": false,
                  "Join Type": "Inner",
                  "Startup Cost": 80.61,
                  "Total Cost": 15582.38,
                  "Plan Rows": 500,
                  "Plan Width": 0,
                  "Actual Startup Time": 5.71,
                  "Actual Total Time": 71.889,
                  "Actual Rows": 11537,
                  "Actual Loops": 3,
                  "Inner Unique": false,
                  "Plans": [
                    {
                      "Node Type": "Nested Loop",
                      "Parent Relationship": "Outer",
                      "Parallel Aware": false,
                      "Join Type": "Inner",
                      "Startup Cost": 80.04,
                      "Total Cost": 14873.34,
                      "Plan Rows": 190,
                      "Plan Width": 8,
                      "Actual Startup Time": 5.156,
                      "Actual Total Time": 8.487,
                      "Actual Rows": 272,
                      "Actual Loops": 3,
                      "Inner Unique": true,
                      "Plans": [
                        {
                          "Node Type": "Bitmap Heap Scan",
                          "Parent Relationship": "Outer",
                          "Parallel Aware": true,
                          "Relation Name": "movie_companies",
                          "Alias": "mc",
                          "Startup Cost": 79.61,
                          "Total Cost": 9061.86,
                          "Plan Rows": 726,
                          "Plan Width": 4,
                          "Actual Startup Time": 0.431,
                          "Actual Total Time": 1.727,
                          "Actual Rows": 1014,
                          "Actual Loops": 3,
                          "Recheck Cond": "(company_id = 531)",
                          "Rows Removed by Index Recheck": 0,
                          "Filter": "(company_type_id = 1)",
                          "Rows Removed by Filter": 4,
                          "Exact Heap Blocks": 554,
                          "Lossy Heap Blocks": 0,
                          "Plans": [
                            {
                              "Node Type": "Bitmap Index Scan",
                              "Parent Relationship": "Outer",
                              "Parallel Aware": false,
                              "Index Name": "company_id_movie_companies",
                              "Startup Cost": 0.0,
                              "Total Cost": 79.18,
                              "Plan Rows": 3566,
                              "Plan Width": 0,
                              "Actual Startup Time": 0.956,
                              "Actual Total Time": 0.956,
                              "Actual Rows": 3053,
                              "Actual Loops": 1,
                              "Index Cond": "(company_id = 531)"
                            }
                          ]
                        },
                        {
                          "Node Type": "Index Scan",
                          "Parent Relationship": "Inner",
                          "Parallel Aware": false,
                          "Scan Direction": "Forward",
                          "Index Name": "title_pkey",
                          "Relation Name": "title",
                          "Alias": "t",
                          "Startup Cost": 0.43,
                          "Total Cost": 8.0,
                          "Plan Rows": 1,
                          "Plan Width": 4,
                          "Actual Startup Time": 0.006,
                          "Actual Total Time": 0.006,
                          "Actual Rows": 0,
                          "Actual Loops": 3042,
                          "Index Cond": "(id = mc.movie_id)",
                          "Rows Removed by Index Recheck": 0,
                          "Filter": "(kind_id < 2)",
                          "Rows Removed by Filter": 1
                        }
                      ]
                    },
                    {
                      "Node Type": "Index Scan",
                      "Parent Relationship": "Inner",
                      "Parallel Aware": false,
                      "Scan Direction": "Forward",
                      "Index Name": "movie_id_cast_info",
                      "Relation Name": "cast_info",
                      "Alias": "ci",
                      "Startup Cost": 0.56,
                      "Total Cost": 3.67,
                      "Plan Rows": 6,
                      "Plan Width": 4,
                      "Actual Startup Time": 0.122,
                      "Actual Total Time": 0.229,
                      "Actual Rows": 42,
                      "Actual Loops": 816,
                      "Index Cond": "(movie_id = t.id)",
                      "Rows Removed by Index Recheck": 0,
                      "Filter": "((person_id > 2698608) AND (role_id > 1))",
                      "Rows Removed by Filter": 81
                    }
                  ]
                }
              ]
            }
          ]
        }
      ]
    },
    "Planning Time": 0.703,
    "Triggers": [],
    "Execution Time": 95.238
  }
]