[
  {
    "Plan": {
      "Node Type": "Aggregate",
      "Strategy": "Plain",
      "Partial Mode": "Finalize",
      "Parallel Aware": false,
      "Startup Cost": 498807.52,
      "Total Cost": 498807.53,
      "Plan Rows": 1,
      "Plan Width": 96,
      "Actual Startup Time": 2492.761,
      "Actual Total Time": 2600.655,
      "Actual Rows": 1,
      "Actual Loops": 1,
      "Plans": [
        {
          "Node Type": "Gather",
          "Parent Relationship": "Outer",
          "Parallel Aware": false,
          "Startup Cost": 498807.08,
          "Total Cost": 498807.49,
          "Plan Rows": 4,
          "Plan Width": 96,
          "Actual Startup Time": 2486.281,
          "Actual Total Time": 2600.637,
          "Actual Rows": 5,
          "Actual Loops": 1,
          "Workers Planned": 4,
          "Workers Launched": 4,
          "Single Copy": false,
          "Plans": [
            {
              "Node Type": "Aggregate",
              "Strategy": "Plain",
              "Partial Mode": "Partial",
              "Parent Relationship": "Outer",
              "Parallel Aware": false,
              "Startup Cost": 497807.08,
              "Total Cost": 497807.09,
              "Plan Rows": 1,
              "Plan Width": 96,
              "Actual Startup Time": 2475.24,
              "Actual Total Time": 2475.289,
              "Actual Rows": 1,
              "Actual Loops": 5,
              "Plans": [
                {
                  "Node Type": "Hash Join",
                  "Parent Relationship": "Outer",
                  "Parallel Aware": true,
                  "Join Type": "Inner",
                  "Startup Cost": 427857.68,
                  "Total Cost": 497797.62,
                  "Plan Rows": 1261,
                  "Plan Width": 48,
                  "Actual Startup Time": 2120.627,
                  "Actual Total Time": 2455.918,
                  "Actual Rows": 140143,
                  "Actual Loops": 5,
                  "Inner Unique": false,
                  "Hash Cond": "(n.id = ci.person_id)",
                  "Plans": [
                    {
                      "Node Type": "Seq Scan",
                      "Parent Relationship": "Outer",
                      "Parallel Aware": true,
                      "Relation Name": "name",
                      "Alias": "n",
                      "Startup Cost": 0.0,
                      "Total Cost": 66031.07,
                      "Plan Rows": 1041807,
                      "Plan Width": 19,
                      "Actual Startup Time": 0.028,
                      "Actual Total Time": 116.105,
                      "Actual Rows": 833498,
                      "Actual Loops": 5
                    },
                    {
                      "Node Type": "Hash",
                      "Parent Relationship": "Inner",
                      "Parallel Aware": true,
                      "Startup Cost": 427847.16,
                      "Total Cost": 427847.16,
                      "Plan Rows": 841,
                      "Plan Width": 37,
                      "Actual Startup Time": 2119.066,
                      "Actual Total Time": 2119.114,
                      "Actual Rows": 140143,
                      "Actual Loops": 5,
                      "Hash Buckets": 1048576,
                      "Original Hash Buckets": 8192,
                      "Hash Batches": 1,
                      "Original Hash Batches": 1,
                      "Peak Memory Usage": 60224,
                      "Plans": [
                        {
                          "Node Type": "Hash Join",
                          "Parent Relationship": "Outer",
                          "Parallel Aware": true,
                          "Join Type": "Inner",
                          "Startup Cost": 92134.61,
                          "Total Cost": 427847.16,
                          "Plan Rows": 841,
                          "Plan Width": 37,
                          "Actual Startup Time": 432.286,
                          "Actual Total Time": 2011.164,
                          "Actual Rows": 140143,
                          "Actual Loops": 5,
                          "Inner Unique": false,
                          "Hash Cond": "(ci.movie_id = t.id)",
                          "Plans": [
                            {
                              "Node Type": "Seq Scan",
                              "Parent Relationship": "Outer",
                              "Parallel Aware": true,
                              "Relation Name": "cast_info",
                              "Alias": "ci",
                              "Startup Cost": 0.0,
                              "Total Cost": 313068.58,
                              "Plan Rows": 6038158,
                              "Plan Width": 8,
                              "Actual Startup Time": 0.011,
                              "Actual Total Time": 785.18,
                              "Actual Rows": 7248869,
                              "Actual Loops": 5
                            },
                            {
                              "Node Type": "Hash",
                              "Parent Relationship": "Inner",
                              "Parallel Aware": true,
                              "Startup Cost": 92134.15,
                              "Total Cost": 92134.15,
                              "Plan Rows": 37,
                              "Plan Width": 41,
                              "Actual Startup Time": 432.194,
                              "Actual Total Time": 432.239,
                              "Actual Rows": 2330,
                              "Actual Loops": 5,
                              "Hash Buckets": 16384,
                              "Original Hash Buckets": 1024,
                              "Hash Batches": 1,
                              "Original Hash Batches": 1,
                              "Peak Memory Usage": 1112,
                              "Plans": [
                                {
                                  "Node Type": "Hash Join",
                                  "Parent Relationship": "Outer",
                                  "Parallel Aware": true,
                                  "Join Type": "Inner",
                                  "Startup Cost": 46511.78,
                                  "Total Cost": 92134.15,
                                  "Plan Rows": 37,
                                  "Plan Width": 41,
                                  "Actual Startup Time": 273.269,
                                  "Actual Total Time": 411.485,
                                  "Actual Rows": 2330,
                                  "Actual Loops": 5,
                                  "Inner Unique": false,
                                  "Hash Cond": "(t.id = mk.movie_id)",
                                  "Plans": [
                                    {
                                      "Node Type": "Seq Scan",
                                      "Parent Relationship": "Outer",
                                      "Parallel Aware": true,
                                      "Relation Name": "title",
                                      "Alias": "t",
                                      "Startup Cost": 0.0,
                                      "Total Cost": 43898.62,
                                      "Plan Rows": 344727,
                                      "Plan Width": 21,
                                      "Actual Startup Time": 0.032,
                                      "Actual Total Time": 101.097,
                                      "Actual Rows": 276291,
                                      "Actual Loops": 5,
                                      "Filter": "(production_year > 2000)",
                                      "Rows Removed by Filter": 229372
                                    },
                                    {
                                      "Node Type": "Hash",
                                      "Parent Relationship": "Inner",
                                      "Parallel Aware": true,
                                      "Startup Cost": 46510.69,
                                      "Total Cost": 46510.69,
                                      "Plan Rows": 87,
                                      "Plan Width": 20,
                                      "Actual Startup Time": 272.426,
                                      "Actual Total Time": 272.43,
                                      "Actual Rows": 5414,
                                      "Actual Loops": 5,
                                      "Hash Buckets": 32768,
                                      "Original Hash Buckets": 1024,
                                      "Hash Batches": 1,
                                      "Original Hash Batches": 1,
                                      "Peak Memory Usage": 1880,
                                      "Plans": [
                                        {
                                          "Node Type": "Hash Join",
                                          "Parent Relationship": "Outer",
                                          "Parallel Aware": false,
                                          "Join Type": "Inner",
                                          "Startup Cost": 3632.5,
                                          "Total Cost": 46510.69,
                                          "Plan Rows": 87,
                                          "Plan Width": 20,
                                          "Actual Startup Time": 41.87,
                                          "Actual Total Time": 215.811,
                                          "Actual Rows": 5414,
                                          "Actual Loops": 5,
                                          "Inner Unique": true,
                                          "Hash Cond": "(mk.keyword_id = k.id)",
                                          "Plans": [
                                            {
                                              "Node Type": "Seq Scan",
                                              "Parent Relationship": "Outer",
                                              "Parallel Aware": true,
                                              "Relation Name": "movie_keyword",
                                              "Alias": "mk",
                                              "Startup Cost": 0.0,
                                              "Total Cost": 39047.32,
                                              "Plan Rows": 1459332,
                                              "Plan Width": 8,
                                              "Actual Startup Time": 0.063,
                                              "Actual Total Time": 104.584,
                                              "Actual Rows": 904786,
                                              "Actual Loops": 5
                                            },
                                            {
                                              "Node Type": "Hash",
                                              "Parent Relationship": "Inner",
                                              "Parallel Aware": false,
                                              "Startup Cost": 3632.4,
                                              "Total Cost": 3632.4,
                                              "Plan Rows": 8,
                                              "Plan Width": 20,
                                              "Actual Startup Time": 41.636,
                                              "Actual Total Time": 41.637,
                                              "Actual Rows": 6,
                                              "Actual Loops": 5,
                                              "Hash Buckets": 1024,
                                              "Original Hash Buckets": 1024,
                                              "Hash Batches": 1,
                                              "Original Hash Batches": 1,
                                              "Peak Memory Usage": 9,
                                              "Plans": [
                                                {
                                                  "Node Type": "Seq Scan",
                                                  "Parent Relationship": "Outer",
                                                  "Parallel Aware": false,
                                                  "Relation Name": "keyword",
                                                  "Alias": "k",
                                                  "Startup Cost": 0.0,
                                                  "Total Cost": 3632.4,
                                                  "Plan Rows": 8,
                                                  "Plan Width": 20,
                                                  "Actual Startup Time": 1.466,
                                                  "Actual Total Time": 41.609,
                                                  "Actual Rows": 6,
                                                  "Actual Loops": 5,
                                                  "Filter": "(keyword = ANY ('{superhero,marvel-comics,blood,sequel,fight,superhero,laser,sequel}'::text[]))",
                                                  "Rows Removed by Filter": 134164
                                                }
                                              ]
                                            }
                                          ]
                                        }
                                      ]
                                    }
                                  ]
                                }
                              ]
                            }
                          ]
                        }
                      ]
                    }
                  ]
                }
              ]
            }
          ]
        }
      ]
    },
    "Planning Time": 8.763,
    "Triggers": [],
    "Execution Time": 2601.149
  }
]