[
  {
    "Plan": {
      "Node Type": "Aggregate",
      "Strategy": "Plain",
      "Partial Mode": "Finalize",
      "Parallel Aware": false,
      "Startup Cost": 32842.99,
      "Total Cost": 32843.0,
      "Plan Rows": 1,
      "Plan Width": 8,
      "Actual Startup Time": 86.393,
      "Actual Total Time": 92.599,
      "Actual Rows": 1,
      "Actual Loops": 1,
      "Plans": [
        {
          "Node Type": "Gather",
          "Parent Relationship": "Outer",
          "Parallel Aware": false,
          "Startup Cost": 32842.67,
          "Total Cost": 32842.98,
          "Plan Rows": 3,
          "Plan Width": 8,
          "Actual Startup Time": 86.265,
          "Actual Total Time": 92.59,
          "Actual Rows": 4,
          "Actual Loops": 1,
          "Workers Planned": 3,
          "Workers Launched": 3,
          "Single Copy": false,
          "Plans": [
            {
              "Node Type": "Aggregate",
              "Strategy": "Plain",
              "Partial Mode": "Partial",
              "Parent Relationship": "Outer",
              "Parallel Aware": false,
              "Startup Cost": 31842.67,
              "Total Cost": 31842.68,
              "Plan Rows": 1,
              "Plan Width": 8,
              "Actual Startup Time": 78.763,
              "Actual Total Time": 78.764,
              "Actual Rows": 1,
              "Actual Loops": 4,
              "Plans": [
                {
                  "Node Type": "Seq Scan",
                  "Parent Relationship": "Outer",
                  "Parallel Aware": true,
                  "Relation Name": "movie_companies",
                  "Alias": "mc",
                  "Startup Cost": 0.0,
                  "Total Cost": 31414.82,
                  "Plan Rows": 171140,
                  "Plan Width": 0,
                  "Actual Startup Time": 21.798,
                  "Actual Total Time": 75.576,
                  "Actual Rows": 59802,
                  "Actual Loops": 4,
                  "Filter": "((company_id > 14294) AND (company_type_id = 1))",
                  "Rows Removed by Filter": 592480
                }
              ]
            }
          ]
        }
      ]
    },
    "Planning Time": 0.217,
    "Triggers": [],
    "Execution Time": 92.657
  }
]