[
  {
    "Plan": {
      "Node Type": "Aggregate",
      "Strategy": "Plain",
      "Partial Mode": "Finalize",
      "Parallel Aware": false,
      "Startup Cost": 32917.72,
      "Total Cost": 32917.73,
      "Plan Rows": 1,
      "Plan Width": 8,
      "Actual Startup Time": 91.096,
      "Actual Total Time": 96.445,
      "Actual Rows": 1,
      "Actual Loops": 1,
      "Plans": [
        {
          "Node Type": "Gather",
          "Parent Relationship": "Outer",
          "Parallel Aware": false,
          "Startup Cost": 32917.41,
          "Total Cost": 32917.72,
          "Plan Rows": 3,
          "Plan Width": 8,
          "Actual Startup Time": 90.97,
          "Actual Total Time": 96.438,
          "Actual Rows": 4,
          "Actual Loops": 1,
          "Workers Planned": 3,
          "Workers Launched": 3,
          "Single Copy": false,
          "Plans": [
            {
              "Node Type": "Aggregate",
              "Strategy": "Plain",
              "Partial Mode": "Partial",
              "Parent Relationship": "Outer",
              "Parallel Aware": false,
              "Startup Cost": 31917.41,
              "Total Cost": 31917.42,
              "Plan Rows": 1,
              "Plan Width": 8,
              "Actual Startup Time": 86.012,
              "Actual Total Time": 86.013,
              "Actual Rows": 1,
              "Actual Loops": 4,
              "Plans": [
                {
                  "Node Type": "Seq Scan",
                  "Parent Relationship": "Outer",
                  "Parallel Aware": true,
                  "Relation Name": "movie_companies",
                  "Alias": "mc",
                  "Startup Cost": 0.0,
                  "Total Cost": 31414.82,
                  "Plan Rows": 201035,
                  "Plan Width": 0,
                  "Actual Startup Time": 38.982,
                  "Actual Total Time": 76.015,
                  "Actual Rows": 221109,
                  "Actual Loops": 4,
                  "Filter": "((company_id > 12187) AND (company_type_id = 2))",
                  "Rows Removed by Filter": 431173
                }
              ]
            }
          ]
        }
      ]
    },
    "Planning Time": 0.093,
    "Triggers": [],
    "Execution Time": 96.472
  }
]