[
  {
    "Plan": {
      "Node Type": "Aggregate",
      "Strategy": "Plain",
      "Partial Mode": "Finalize",
      "Parallel Aware": false,
      "Startup Cost": 212443.48,
      "Total Cost": 212443.49,
      "Plan Rows": 1,
      "Plan Width": 8,
      "Actual Startup Time": 384.639,
      "Actual Total Time": 409.935,
      "Actual Rows": 1,
      "Actual Loops": 1,
      "Plans": [
        {
          "Node Type": "Gather",
          "Parent Relationship": "Outer",
          "Parallel Aware": false,
          "Startup Cost": 212442.96,
          "Total Cost": 212443.47,
          "Plan Rows": 5,
          "Plan Width": 8,
          "Actual Startup Time": 384.478,
          "Actual Total Time": 409.927,
          "Actual Rows": 6,
          "Actual Loops": 1,
          "Workers Planned": 5,
          "Workers Launched": 5,
          "Single Copy": false,
          "Plans": [
            {
              "Node Type": "Aggregate",
              "Strategy": "Plain",
              "Partial Mode": "Partial",
              "Parent Relationship": "Outer",
              "Parallel Aware": false,
              "Startup Cost": 211442.96,
              "Total Cost": 211442.97,
              "Plan Rows": 1,
              "Plan Width": 8,
              "Actual Startup Time": 373.552,
              "Actual Total Time": 373.555,
              "Actual Rows": 1,
              "Actual Loops": 6,
              "Plans": [
                {
                  "Node Type": "Nested Loop",
                  "Parent Relationship": "Outer",
                  "Parallel Aware": false,
                  "Join Type": "Inner",
                  "Startup Cost": 45523.32,
                  "Total Cost": 211438.59,
                  "Plan Rows": 1746,
                  "Plan Width": 0,
                  "Actual Startup Time": 82.402,
                  "Actual Total Time": 373.377,
                  "Actual Rows": 2212,
                  "Actual Loops": 6,
                  "Inner Unique": false,
                  "Join Filter": "(t.id = mi.movie_id)",
                  "Rows Removed by Join Filter": 0,
                  "Plans": [
                    {
                      "Node Type": "Hash Join",
                      "Parent Relationship": "Outer",
                      "Parallel Aware": true,
                      "Join Type": "Inner",
                      "Startup Cost": 45522.89,
                      "Total Cost": 202325.73,
                      "Plan Rows": 6282,
                      "Plan Width": 8,
                      "Actual Startup Time": 80.575,
                      "Actual Total Time": 334.527,
                      "Actual Rows": 5492,
                      "Actual Loops": 6,
                      "Inner Unique": true,
                      "Hash Cond": "(ci.movie_id = t.id)",
                      "Plans": [
                        {
                          "Node Type": "Index Scan",
                          "Parent Relationship": "Outer",
                          "Parallel Aware": true,
                          "Scan Direction": "Forward",
                          "Index Name": "role_id_cast_info",
                          "Relation Name": "cast_info",
                          "Alias": "ci",
                          "Startup Cost": 0.56,
                          "Total Cost": 153789.42,
                          "Plan Rows": 1148186,
                          "Plan Width": 4,
                          "Actual Startup Time": 0.315,
                          "Actual Total Time": 155.459,
                          "Actual Rows": 955449,
                          "Actual Loops": 6,
                          "Index Cond": "(role_id > 8)",
                          "Rows Removed by Index Recheck": 0
                        },
                        {
                          "Node Type": "Hash",
                          "Parent Relationship": "Inner",
                          "Parallel Aware": true,
                          "Startup Cost": 45479.1,
                          "Total Cost": 45479.1,
                          "Plan Rows": 3458,
                          "Plan Width": 4,
                          "Actual Startup Time": 78.695,
                          "Actual Total Time": 78.696,
                          "Actual Rows": 2272,
                          "Actual Loops": 6,
                          "Hash Buckets": 16384,
                          "Original Hash Buckets": 16384,
                          "Hash Batches": 1,
                          "Original Hash Batches": 1,
                          "Peak Memory Usage": 768,
                          "Plans": [
                            {
                              "Node Type": "Seq Scan",
                              "Parent Relationship": "Outer",
                              "Parallel Aware": true,
                              "Relation Name": "title",
                              "Alias": "t",
                              "Startup Cost": 0.0,
                              "Total Cost": 45479.1,
                              "Plan Rows": 3458,
                              "Plan Width": 4,
                              "Actual Startup Time": 0.089,
                              "Actual Total Time": 77.063,
                              "Actual Rows": 2272,
                              "Actual Loops": 6,
                              "Filter": "((kind_id = 7) AND (production_year = 1990))",
                              "Rows Removed by Filter": 419113
                            }
                          ]
                        }
                      ]
                    },
                    {
                      "Node Type": "Index Scan",
                      "Parent Relationship": "Inner",
                      "Parallel Aware": false,
                      "Scan Direction": "Forward",
                      "Index Name": "movie_id_movie_info",
                      "Relation Name": "movie_info",
                      "Alias": "mi",
                      "Startup Cost": 0.43,
                      "Total Cost": 1.43,
                      "Plan Rows": 2,
                      "Plan Width": 4,
                      "Actual Startup Time": 0.005,
                      "Actual Total Time": 0.007,
                      "Actual Rows": 0,
                      "Actual Loops": 32953,
                      "Index Cond": "(movie_id = ci.movie_id)",
                      "Rows Removed by Index Recheck": 0,
                      "Filter": "(info_type_id = 18)",
                      "Rows Removed by Filter": 6
                    }
                  ]
                }
              ]
            }
          ]
        }
      ]
    },
    "Planning Time": 1.439,
    "Triggers": [],
    "Execution Time": 410.031
  }
]