[
  {
    "Plan": {
      "Node Type": "Aggregate",
      "Strategy": "Plain",
      "Partial Mode": "Finalize",
      "Parallel Aware": false,
      "Startup Cost": 96745.46,
      "Total Cost": 96745.47,
      "Plan Rows": 1,
      "Plan Width": 8,
      "Actual Startup Time": 522.156,
      "Actual Total Time": 540.425,
      "Actual Rows": 1,
      "Actual Loops": 1,
      "Plans": [
        {
          "Node Type": "Gather",
          "Parent Relationship": "Outer",
          "Parallel Aware": false,
          "Startup Cost": 96745.15,
          "Total Cost": 96745.46,
          "Plan Rows": 3,
          "Plan Width": 8,
          "Actual Startup Time": 517.811,
          "Actual Total Time": 540.41,
          "Actual Rows": 4,
          "Actual Loops": 1,
          "Workers Planned": 3,
          "Workers Launched": 3,
          "Single Copy": false,
          "Plans": [
            {
              "Node Type": "Aggregate",
              "Strategy": "Plain",
              "Partial Mode": "Partial",
              "Parent Relationship": "Outer",
              "Parallel Aware": false,
              "Startup Cost": 95745.15,
              "Total Cost": 95745.16,
              "Plan Rows": 1,
              "Plan Width": 8,
              "Actual Startup Time": 505.982,
              "Actual Total Time": 506.638,
              "Actual Rows": 1,
              "Actual Loops": 4,
              "Plans": [
                {
                  "Node Type": "Hash Join",
                  "Parent Relationship": "Outer",
                  "Parallel Aware": true,
                  "Join Type": "Inner",
                  "Startup Cost": 64858.55,
                  "Total Cost": 95548.71,
                  "Plan Rows": 78576,
                  "Plan Width": 0,
                  "Actual Startup Time": 327.318,
                  "Actual Total Time": 488.97,
                  "Actual Rows": 388648,
                  "Actual Loops": 4,
                  "Inner Unique": false,
                  "Hash Cond": "(mc.movie_id = t.id)",
                  "Plans": [
                    {
                      "Node Type": "Seq Scan",
                      "Parent Relationship": "Outer",
                      "Parallel Aware": true,
                      "Relation Name": "movie_companies",
                      "Alias": "mc",
                      "Startup Cost": 0.0,
                      "Total Cost": 27206.55,
                      "Plan Rows": 841655,
                      "Plan Width": 4,
                      "Actual Startup Time": 0.036,
                      "Actual Total Time": 62.411,
                      "Actual Rows": 652282,
                      "Actual Loops": 4
                    },
                    {
                      "Node Type": "Hash",
                      "Parent Relationship": "Inner",
                      "Parallel Aware": true,
                      "Startup Cost": 63629.19,
                      "Total Cost": 63629.19,
                      "Plan Rows": 98349,
                      "Plan Width": 8,
                      "Actual Startup Time": 294.996,
                      "Actual Total Time": 295.65,
                      "Actual Rows": 105004,
                      "Actual Loops": 4,
                      "Hash Buckets": 524288,
                      "Original Hash Buckets": 262144,
                      "Hash Batches": 1,
                      "Original Hash Batches": 1,
                      "Peak Memory Usage": 22624,
                      "Plans": [
                        {
                          "Node Type": "Hash Join",
                          "Parent Relationship": "Outer",
                          "Parallel Aware": true,
                          "Join Type": "Inner",
                          "Startup Cost": 47494.35,
                          "Total Cost": 63629.19,
                          "Plan Rows": 98349,
                          "Plan Width": 8,
                          "Actual Startup Time": 202.719,
                          "Actual Total Time": 263.778,
                          "Actual Rows": 105004,
                          "Actual Loops": 4,
                          "Inner Unique": true,
                          "Hash Cond": "(mi_idx.movie_id = t.id)",
                          "Plans": [
                            {
                              "Node Type": "Seq Scan",
                              "Parent Relationship": "Outer",
                              "Parallel Aware": true,
                              "Relation Name": "movie_info_idx",
                              "Alias": "mi_idx",
                              "Startup Cost": 0.0,
                              "Total Cost": 15122.68,
                              "Plan Rows": 385585,
                              "Plan Width": 4,
                              "Actual Startup Time": 0.026,
                              "Actual Total Time": 37.904,
                              "Actual Rows": 230028,
                              "Actual Loops": 4,
                              "Filter": "(info_type_id > 99)",
                              "Rows Removed by Filter": 114981
                            },
                            {
                              "Node Type": "Hash",
                              "Parent Relationship": "Inner",
                              "Parallel Aware": true,
                              "Startup Cost": 45479.1,
                              "Total Cost": 45479.1,
                              "Plan Rows": 161220,
                              "Plan Width": 4,
                              "Actual Startup Time": 169.667,
                              "Actual Total Time": 169.668,
                              "Actual Rows": 164078,
                              "Actual Loops": 4,
                              "Hash Buckets": 1048576,
                              "Original Hash Buckets": 1048576,
                              "Hash Batches": 1,
                              "Original Hash Batches": 1,
                              "Peak Memory Usage": 33952,
                              "Plans": [
                                {
                                  "Node Type": "Seq Scan",
                                  "Parent Relationship": "Outer",
                                  "Parallel Aware": true,
                                  "Relation Name": "title",
                                  "Alias": "t",
                                  "Startup Cost": 0.0,
                                  "Total Cost": 45479.1,
                                  "Plan Rows": 161220,
                                  "Plan Width": 4,
                                  "Actual Startup Time": 49.607,
                                  "Actual Total Time": 110.13,
                                  "Actual Rows": 164078,
                                  "Actual Loops": 4,
                                  "Filter": "((kind_id < 2) AND (production_year > 0))",
                                  "Rows Removed by Filter": 468000
                                }
                              ]
                            }
                          ]
                        }
                      ]
                    }
                  ]
                }
              ]
            }
          ]
        }
      ]
    },
    "Planning Time": 1.424,
    "Triggers": [],
    "Execution Time": 540.515
  }
]