[
  {
    "Plan": {
      "Node Type": "Aggregate",
      "Strategy": "Plain",
      "Partial Mode": "Finalize",
      "Parallel Aware": false,
      "Startup Cost": 90970.55,
      "Total Cost": 90970.56,
      "Plan Rows": 1,
      "Plan Width": 8,
      "Actual Startup Time": 322.476,
      "Actual Total Time": 338.252,
      "Actual Rows": 1,
      "Actual Loops": 1,
      "Plans": [
        {
          "Node Type": "Gather",
          "Parent Relationship": "Outer",
          "Parallel Aware": false,
          "Startup Cost": 90970.23,
          "Total Cost": 90970.54,
          "Plan Rows": 3,
          "Plan Width": 8,
          "Actual Startup Time": 318.209,
          "Actual Total Time": 338.23,
          "Actual Rows": 4,
          "Actual Loops": 1,
          "Workers Planned": 3,
          "Workers Launched": 3,
          "Single Copy": false,
          "Plans": [
            {
              "Node Type": "Aggregate",
              "Strategy": "Plain",
              "Partial Mode": "Partial",
              "Parent Relationship": "Outer",
              "Parallel Aware": false,
              "Startup Cost": 89970.23,
              "Total Cost": 89970.24,
              "Plan Rows": 1,
              "Plan Width": 8,
              "Actual Startup Time": 309.49,
              "Actual Total Time": 309.494,
              "Actual Rows": 1,
              "Actual Loops": 4,
              "Plans": [
                {
                  "Node Type": "Hash Join",
                  "Parent Relationship": "Outer",
                  "Parallel Aware": true,
                  "Join Type": "Inner",
                  "Startup Cost": 46331.27,
                  "Total Cost": 89756.36,
                  "Plan Rows": 85548,
                  "Plan Width": 0,
                  "Actual Startup Time": 182.951,
                  "Actual Total Time": 305.436,
                  "Actual Rows": 94755,
                  "Actual Loops": 4,
                  "Inner Unique": true,
                  "Hash Cond": "(mk.movie_id = t.id)",
                  "Plans": [
                    {
                      "Node Type": "Seq Scan",
                      "Parent Relationship": "Outer",
                      "Parallel Aware": true,
                      "Relation Name": "movie_keyword",
                      "Alias": "mk",
                      "Startup Cost": 0.0,
                      "Total Cost": 42695.65,
                      "Plan Rows": 277884,
                      "Plan Width": 4,
                      "Actual Startup Time": 1.613,
                      "Actual Total Time": 86.867,
                      "Actual Rows": 213710,
                      "Actual Loops": 4,
                      "Filter": "(keyword_id > 21492)",
                      "Rows Removed by Filter": 917273
                    },
                    {
                      "Node Type": "Hash",
                      "Parent Relationship": "Inner",
                      "Parallel Aware": true,
                      "Startup Cost": 43898.92,
                      "Total Cost": 43898.92,
                      "Plan Rows": 194588,
                      "Plan Width": 4,
                      "Actual Startup Time": 175.995,
                      "Actual Total Time": 175.996,
                      "Actual Rows": 195669,
                      "Actual Loops": 4,
                      "Hash Buckets": 1048576,
                      "Original Hash Buckets": 1048576,
                      "Hash Batches": 1,
                      "Original Hash Batches": 1,
                      "Peak Memory Usage": 38848,
                      "Plans": [
                        {
                          "Node Type": "Seq Scan",
                          "Parent Relationship": "Outer",
                          "Parallel Aware": true,
                          "Relation Name": "title",
                          "Alias": "t",
                          "Startup Cost": 0.0,
                          "Total Cost": 43898.92,
                          "Plan Rows": 194588,
                          "Plan Width": 4,
                          "Actual Startup Time": 0.035,
                          "Actual Total Time": 102.135,
                          "Actual Rows": 195669,
                          "Actual Loops": 4,
                          "Filter": "(production_year < 1994)",
                          "Rows Removed by Filter": 436409
                        }
                      ]
                    }
                  ]
                }
              ]
            }
          ]
        }
      ]
    },
    "Planning Time": 0.596,
    "Triggers": [],
    "Execution Time": 338.321
  }
]