{
  "Plan": {
    "Node Type": "Aggregate",
    "Strategy": "Plain",
    "Partial Mode": "Finalize",
    "Parallel Aware": false,
    "Startup Cost": 412419.03,
    "Total Cost": 412419.04,
    "Plan Rows": 1,
    "Plan Width": 8,
    "Actual Startup Time": 4620.303,
    "Actual Total Time": 4640.243,
    "Actual Rows": 1,
    "Actual Loops": 1,
    "Plans": [
      {
        "Node Type": "Gather",
        "Parent Relationship": "Outer",
        "Parallel Aware": false,
        "Startup Cost": 412418.92,
        "Total Cost": 412419.03,
        "Plan Rows": 1,
        "Plan Width": 8,
        "Actual Startup Time": 4604.362,
        "Actual Total Time": 4640.236,
        "Actual Rows": 2,
        "Actual Loops": 1,
        "Workers Planned": 1,
        "Workers Launched": 1,
        "Single Copy": false,
        "Plans": [
          {
            "Node Type": "Aggregate",
            "Strategy": "Plain",
            "Partial Mode": "Partial",
            "Parent Relationship": "Outer",
            "Parallel Aware": false,
            "Startup Cost": 411418.92,
            "Total Cost": 411418.93,
            "Plan Rows": 1,
            "Plan Width": 8,
            "Actual Startup Time": 4597.921,
            "Actual Total Time": 4597.926,
            "Actual Rows": 1,
            "Actual Loops": 2,
            "Plans": [
              {
                "Node Type": "Merge Join",
                "Parent Relationship": "Outer",
                "Parallel Aware": false,
                "Join Type": "Inner",
                "Startup Cost": 263747.11,
                "Total Cost": 409667.76,
                "Plan Rows": 700463,
                "Plan Width": 0,
                "Actual Startup Time": 1860.128,
                "Actual Total Time": 4000.267,
                "Actual Rows": 14967606,
                "Actual Loops": 2,
                "Inner Unique": false,
                "Merge Cond": "(mc.movie_id = t.id)",
                "Plans": [
                  {
                    "Node Type": "Index Only Scan",
                    "Parent Relationship": "Outer",
                    "Parallel Aware": true,
                    "Scan Direction": "Forward",
                    "Index Name": "movie_id_movie_companies",
                    "Relation Name": "movie_companies",
                    "Alias": "mc",
                    "Startup Cost": 0.43,
                    "Total Cost": 129315.97,
                    "Plan Rows": 1534782,
                    "Plan Width": 4,
                    "Actual Startup Time": 0.098,
                    "Actual Total Time": 328.2,
                    "Actual Rows": 1304564,
                    "Actual Loops": 2,
                    "Heap Fetches": 2609129
                  },
                  {
                    "Node Type": "Sort",
                    "Parent Relationship": "Inner",
                    "Parallel Aware": false,
                    "Startup Cost": 263746.57,
                    "Total Cost": 266631.3,
                    "Plan Rows": 1153894,
                    "Plan Width": 8,
                    "Actual Startup Time": 1722.491,
                    "Actual Total Time": 2273.875,
                    "Actual Rows": 16466913,
                    "Actual Loops": 2,
                    "Sort Key": [
                      "mk.movie_id"
                    ],
                    "Sort Method": "quicksort",
                    "Sort Space Used": 233224,
                    "Sort Space Type": "Memory",
                    "Workers": [
                      {
                        "Worker Number": 0,
                        "Sort Method": "quicksort",
                        "Sort Space Used": 233224,
                        "Sort Space Type": "Memory"
                      }
                    ],
                    "Plans": [
                      {
                        "Node Type": "Hash Join",
                        "Parent Relationship": "Outer",
                        "Parallel Aware": false,
                        "Join Type": "Inner",
                        "Startup Cost": 65991.88,
                        "Total Cost": 147560.52,
                        "Plan Rows": 1153894,
                        "Plan Width": 8,
                        "Actual Startup Time": 404.303,
                        "Actual Total Time": 1191.424,
                        "Actual Rows": 2878275,
                        "Actual Loops": 2,
                        "Inner Unique": true,
                        "Hash Cond": "(mk.movie_id = t.id)",
                        "Plans": [
                          {
                            "Node Type": "Seq Scan",
                            "Parent Relationship": "Outer",
                            "Parallel Aware": false,
                            "Relation Name": "movie_keyword",
                            "Alias": "mk",
                            "Startup Cost": 0.0,
                            "Total Cost": 69693.3,
                            "Plan Rows": 4523930,
                            "Plan Width": 4,
                            "Actual Startup Time": 0.037,
                            "Actual Total Time": 286.776,
                            "Actual Rows": 4523930,
                            "Actual Loops": 2
                          },
                          {
                            "Node Type": "Hash",
                            "Parent Relationship": "Inner",
                            "Parallel Aware": false,
                            "Startup Cost": 57930.91,
                            "Total Cost": 57930.91,
                            "Plan Rows": 644878,
                            "Plan Width": 4,
                            "Actual Startup Time": 271.465,
                            "Actual Total Time": 271.467,
                            "Actual Rows": 656311,
                            "Actual Loops": 2,
                            "Hash Buckets": 1048576,
                            "Original Hash Buckets": 1048576,
                            "Hash Batches": 1,
                            "Original Hash Batches": 1,
                            "Peak Memory Usage": 31266,
                            "Plans": [
                              {
                                "Node Type": "Bitmap Heap Scan",
                                "Parent Relationship": "Outer",
                                "Parallel Aware": false,
                                "Relation Name": "title",
                                "Alias": "t",
                                "Startup Cost": 11984.07,
                                "Total Cost": 57930.91,
                                "Plan Rows": 644878,
                                "Plan Width": 4,
                                "Actual Startup Time": 34.344,
                                "Actual Total Time": 142.063,
                                "Actual Rows": 656311,
                                "Actual Loops": 2,
                                "Recheck Cond": "(kind_id = 1)",
                                "Rows Removed by Index Recheck": 0,
                                "Filter": "(production_year > 0)",
                                "Rows Removed by Filter": 6514,
                                "Exact Heap Blocks": 12863,
                                "Lossy Heap Blocks": 0,
                                "Plans": [
                                  {
                                    "Node Type": "Bitmap Index Scan",
                                    "Parent Relationship": "Outer",
                                    "Parallel Aware": false,
                                    "Index Name": "kind_id_title",
                                    "Startup Cost": 0.0,
                                    "Total Cost": 11822.85,
                                    "Plan Rows": 663256,
                                    "Plan Width": 0,
                                    "Actual Startup Time": 32.777,
                                    "Actual Total Time": 32.777,
                                    "Actual Rows": 662825,
                                    "Actual Loops": 2,
                                    "Index Cond": "(kind_id = 1)"
                                  }
                                ]
                              }
                            ]
                          }
                        ]
                      }
                    ]
                  }
                ]
              }
            ]
          }
        ]
      }
    ]
  },
  "Planning Time": 0.829,
  "Triggers": [],
  "Execution Time": 4662.77
}