{
  "Plan": {
    "Node Type": "Aggregate",
    "Strategy": "Plain",
    "Partial Mode": "Finalize",
    "Parallel Aware": false,
    "Startup Cost": 90256.45,
    "Total Cost": 90256.46,
    "Plan Rows": 1,
    "Plan Width": 8,
    "Actual Startup Time": 381.84,
    "Actual Total Time": 394.86,
    "Actual Rows": 1,
    "Actual Loops": 1,
    "Plans": [
      {
        "Node Type": "Gather",
        "Parent Relationship": "Outer",
        "Parallel Aware": false,
        "Startup Cost": 90256.34,
        "Total Cost": 90256.45,
        "Plan Rows": 1,
        "Plan Width": 8,
        "Actual Startup Time": 379.484,
        "Actual Total Time": 394.852,
        "Actual Rows": 2,
        "Actual Loops": 1,
        "Workers Planned": 1,
        "Workers Launched": 1,
        "Single Copy": false,
        "Plans": [
          {
            "Node Type": "Aggregate",
            "Strategy": "Plain",
            "Partial Mode": "Partial",
            "Parent Relationship": "Outer",
            "Parallel Aware": false,
            "Startup Cost": 89256.34,
            "Total Cost": 89256.35,
            "Plan Rows": 1,
            "Plan Width": 8,
            "Actual Startup Time": 371.358,
            "Actual Total Time": 371.361,
            "Actual Rows": 1,
            "Actual Loops": 2,
            "Plans": [
              {
                "Node Type": "Hash Join",
                "Parent Relationship": "Outer",
                "Parallel Aware": true,
                "Join Type": "Inner",
                "Startup Cost": 64074.58,
                "Total Cost": 89208.79,
                "Plan Rows": 19018,
                "Plan Width": 0,
                "Actual Startup Time": 329.385,
                "Actual Total Time": 370.52,
                "Actual Rows": 15437,
                "Actual Loops": 2,
                "Inner Unique": true,
                "Hash Cond": "(mk.movie_id = t.id)",
                "Plans": [
                  {
                    "Node Type": "Bitmap Heap Scan",
                    "Parent Relationship": "Outer",
                    "Parallel Aware": true,
                    "Relation Name": "movie_keyword",
                    "Alias": "mk",
                    "Startup Cost": 1624.95,
                    "Total Cost": 26641.11,
                    "Plan Rows": 44973,
                    "Plan Width": 4,
                    "Actual Startup Time": 8.878,
                    "Actual Total Time": 34.575,
                    "Actual Rows": 36248,
                    "Actual Loops": 2,
                    "Recheck Cond": "(keyword_id = 335)",
                    "Rows Removed by Index Recheck": 0,
                    "Exact Heap Blocks": 10389,
                    "Lossy Heap Blocks": 0,
                    "Plans": [
                      {
                        "Node Type": "Bitmap Index Scan",
                        "Parent Relationship": "Outer",
                        "Parallel Aware": false,
                        "Index Name": "keyword_id_movie_keyword",
                        "Startup Cost": 0.0,
                        "Total Cost": 1605.84,
                        "Plan Rows": 76454,
                        "Plan Width": 0,
                        "Actual Startup Time": 6.609,
                        "Actual Total Time": 6.61,
                        "Actual Rows": 72496,
                        "Actual Loops": 1,
                        "Index Cond": "(keyword_id = 335)"
                      }
                    ]
                  },
                  {
                    "Node Type": "Hash",
                    "Parent Relationship": "Inner",
                    "Parallel Aware": true,
                    "Startup Cost": 54588.39,
                    "Total Cost": 54588.39,
                    "Plan Rows": 628899,
                    "Plan Width": 4,
                    "Actual Startup Time": 305.725,
                    "Actual Total Time": 305.726,
                    "Actual Rows": 537382,
                    "Actual Loops": 2,
                    "Hash Buckets": 2097152,
                    "Original Hash Buckets": 2097152,
                    "Hash Batches": 1,
                    "Original Hash Batches": 1,
                    "Peak Memory Usage": 58464,
                    "Plans": [
                      {
                        "Node Type": "Seq Scan",
                        "Parent Relationship": "Outer",
                        "Parallel Aware": true,
                        "Relation Name": "title",
                        "Alias": "t",
                        "Startup Cost": 0.0,
                        "Total Cost": 54588.39,
                        "Plan Rows": 628899,
                        "Plan Width": 4,
                        "Actual Startup Time": 0.023,
                        "Actual Total Time": 156.364,
                        "Actual Rows": 537382,
                        "Actual Loops": 2,
                        "Filter": "(production_year < 2001)",
                        "Rows Removed by Filter": 726774
                      }
                    ]
                  }
                ]
              }
            ]
          }
        ]
      }
    ]
  },
  "Planning Time": 0.525,
  "Triggers": [],
  "Execution Time": 394.951
}