[
  {
    "Plan": {
      "Node Type": "Aggregate",
      "Strategy": "Plain",
      "Partial Mode": "Finalize",
      "Parallel Aware": false,
      "Startup Cost": 99152.75,
      "Total Cost": 99152.76,
      "Plan Rows": 1,
      "Plan Width": 8,
      "Actual Startup Time": 625.409,
      "Actual Total Time": 664.251,
      "Actual Rows": 1,
      "Actual Loops": 1,
      "Plans": [
        {
          "Node Type": "Gather",
          "Parent Relationship": "Outer",
          "Parallel Aware": false,
          "Startup Cost": 99152.33,
          "Total Cost": 99152.74,
          "Plan Rows": 4,
          "Plan Width": 8,
          "Actual Startup Time": 624.068,
          "Actual Total Time": 664.243,
          "Actual Rows": 5,
          "Actual Loops": 1,
          "Workers Planned": 4,
          "Workers Launched": 4,
          "Single Copy": false,
          "Plans": [
            {
              "Node Type": "Aggregate",
              "Strategy": "Plain",
              "Partial Mode": "Partial",
              "Parent Relationship": "Outer",
              "Parallel Aware": false,
              "Startup Cost": 98152.33,
              "Total Cost": 98152.34,
              "Plan Rows": 1,
              "Plan Width": 8,
              "Actual Startup Time": 614.975,
              "Actual Total Time": 614.979,
              "Actual Rows": 1,
              "Actual Loops": 5,
              "Plans": [
                {
                  "Node Type": "Nested Loop",
                  "Parent Relationship": "Outer",
                  "Parallel Aware": false,
                  "Join Type": "Inner",
                  "Startup Cost": 22279.81,
                  "Total Cost": 97979.95,
                  "Plan Rows": 68951,
                  "Plan Width": 0,
                  "Actual Startup Time": 150.647,
                  "Actual Total Time": 596.552,
                  "Actual Rows": 330230,
                  "Actual Loops": 5,
                  "Inner Unique": false,
                  "Plans": [
                    {
                      "Node Type": "Hash Join",
                      "Parent Relationship": "Outer",
                      "Parallel Aware": true,
                      "Join Type": "Inner",
                      "Startup Cost": 22279.38,
                      "Total Cost": 67808.72,
                      "Plan Rows": 15576,
                      "Plan Width": 8,
                      "Actual Startup Time": 150.562,
                      "Actual Total Time": 217.304,
                      "Actual Rows": 23622,
                      "Actual Loops": 5,
                      "Inner Unique": false,
                      "Hash Cond": "(t.id = mc.movie_id)",
                      "Plans": [
                        {
                          "Node Type": "Seq Scan",
                          "Parent Relationship": "Outer",
                          "Parallel Aware": true,
                          "Relation Name": "title",
                          "Alias": "t",
                          "Startup Cost": 0.0,
                          "Total Cost": 42318.73,
                          "Plan Rows": 632073,
                          "Plan Width": 4,
                          "Actual Startup Time": 0.013,
                          "Actual Total Time": 72.352,
                          "Actual Rows": 505662,
                          "Actual Loops": 5
                        },
                        {
                          "Node Type": "Hash",
                          "Parent Relationship": "Inner",
                          "Parallel Aware": true,
                          "Startup Cost": 22028.14,
                          "Total Cost": 22028.14,
                          "Plan Rows": 20099,
                          "Plan Width": 4,
                          "Actual Startup Time": 44.027,
                          "Actual Total Time": 44.028,
                          "Actual Rows": 23622,
                          "Actual Loops": 5,
                          "Hash Buckets": 131072,
                          "Original Hash Buckets": 65536,
                          "Hash Batches": 1,
                          "Original Hash Batches": 1,
                          "Peak Memory Usage": 6240,
                          "Plans": [
                            {
                              "Node Type": "Bitmap Heap Scan",
                              "Parent Relationship": "Outer",
                              "Parallel Aware": true,
                              "Relation Name": "movie_companies",
                              "Alias": "mc",
                              "Startup Cost": 2644.36,
                              "Total Cost": 22028.14,
                              "Plan Rows": 20099,
                              "Plan Width": 4,
                              "Actual Startup Time": 9.591,
                              "Actual Total Time": 30.183,
                              "Actual Rows": 23622,
                              "Actual Loops": 5,
                              "Recheck Cond": "(company_id > 147375)",
                              "Rows Removed by Index Recheck": 0,
                              "Filter": "(company_type_id > 1)",
                              "Rows Removed by Filter": 0,
                              "Exact Heap Blocks": 1483,
                              "Lossy Heap Blocks": 0,
                              "Plans": [
                                {
                                  "Node Type": "Bitmap Index Scan",
                                  "Parent Relationship": "Outer",
                                  "Parallel Aware": false,
                                  "Index Name": "company_id_movie_companies",
                                  "Startup Cost": 0.0,
                                  "Total Cost": 2628.78,
                                  "Plan Rows": 122714,
                                  "Plan Width": 0,
                                  "Actual Startup Time": 13.921,
                                  "Actual Total Time": 13.921,
                                  "Actual Rows": 118109,
                                  "Actual Loops": 1,
                                  "Index Cond": "(company_id > 147375)"
                                }
                              ]
                            }
                          ]
                        }
                      ]
                    },
                    {
                      "Node Type": "Index Scan",
                      "Parent Relationship": "Inner",
                      "Parallel Aware": false,
                      "Scan Direction": "Forward",
                      "Index Name": "movie_id_movie_info",
                      "Relation Name": "movie_info",
                      "Alias": "mi",
                      "Startup Cost": 0.43,
                      "Total Cost": 1.62,
                      "Plan Rows": 32,
                      "Plan Width": 4,
                      "Actual Startup Time": 0.005,
                      "Actual Total Time": 0.015,
                      "Actual Rows": 14,
                      "Actual Loops": 118109,
                      "Index Cond": "(movie_id = t.id)",
                      "Rows Removed by Index Recheck": 0,
                      "Filter": "(info_type_id > 3)",
                      "Rows Removed by Filter": 4
                    }
                  ]
                }
              ]
            }
          ]
        }
      ]
    },
    "Planning Time": 1.459,
    "Triggers": [],
    "Execution Time": 664.366
  }
]