[
  {
    "Plan": {
      "Node Type": "Aggregate",
      "Strategy": "Plain",
      "Partial Mode": "Finalize",
      "Parallel Aware": false,
      "Startup Cost": 31612.07,
      "Total Cost": 31612.08,
      "Plan Rows": 1,
      "Plan Width": 8,
      "Actual Startup Time": 116.01,
      "Actual Total Time": 124.267,
      "Actual Rows": 1,
      "Actual Loops": 1,
      "Plans": [
        {
          "Node Type": "Gather",
          "Parent Relationship": "Outer",
          "Parallel Aware": false,
          "Startup Cost": 31611.75,
          "Total Cost": 31612.06,
          "Plan Rows": 3,
          "Plan Width": 8,
          "Actual Startup Time": 115.909,
          "Actual Total Time": 124.259,
          "Actual Rows": 4,
          "Actual Loops": 1,
          "Workers Planned": 3,
          "Workers Launched": 3,
          "Single Copy": false,
          "Plans": [
            {
              "Node Type": "Aggregate",
              "Strategy": "Plain",
              "Partial Mode": "Partial",
              "Parent Relationship": "Outer",
              "Parallel Aware": false,
              "Startup Cost": 30611.75,
              "Total Cost": 30611.76,
              "Plan Rows": 1,
              "Plan Width": 8,
              "Actual Startup Time": 107.427,
              "Actual Total Time": 107.429,
              "Actual Rows": 1,
              "Actual Loops": 4,
              "Plans": [
                {
                  "Node Type": "Seq Scan",
                  "Parent Relationship": "Outer",
                  "Parallel Aware": true,
                  "Relation Name": "movie_companies",
                  "Alias": "mc",
                  "Startup Cost": 0.0,
                  "Total Cost": 29310.68,
                  "Plan Rows": 520429,
                  "Plan Width": 0,
                  "Actual Startup Time": 0.047,
                  "Actual Total Time": 84.606,
                  "Actual Rows": 400425,
                  "Actual Loops": 4,
                  "Filter": "(company_id < 16432)",
                  "Rows Removed by Filter": 251857
                }
              ]
            }
          ]
        }
      ]
    },
    "Planning Time": 0.167,
    "Triggers": [],
    "Execution Time": 124.319
  }
]