[
  {
    "Plan": {
      "Node Type": "Aggregate",
      "Strategy": "Plain",
      "Partial Mode": "Finalize",
      "Parallel Aware": false,
      "Startup Cost": 114902.79,
      "Total Cost": 114902.8,
      "Plan Rows": 1,
      "Plan Width": 8,
      "Actual Startup Time": 461.565,
      "Actual Total Time": 515.15,
      "Actual Rows": 1,
      "Actual Loops": 1,
      "Plans": [
        {
          "Node Type": "Gather",
          "Parent Relationship": "Outer",
          "Parallel Aware": false,
          "Startup Cost": 114902.47,
          "Total Cost": 114902.78,
          "Plan Rows": 3,
          "Plan Width": 8,
          "Actual Startup Time": 461.166,
          "Actual Total Time": 515.139,
          "Actual Rows": 4,
          "Actual Loops": 1,
          "Workers Planned": 3,
          "Workers Launched": 3,
          "Single Copy": false,
          "Plans": [
            {
              "Node Type": "Aggregate",
              "Strategy": "Plain",
              "Partial Mode": "Partial",
              "Parent Relationship": "Outer",
              "Parallel Aware": false,
              "Startup Cost": 113902.47,
              "Total Cost": 113902.48,
              "Plan Rows": 1,
              "Plan Width": 8,
              "Actual Startup Time": 451.789,
              "Actual Total Time": 451.792,
              "Actual Rows": 1,
              "Actual Loops": 4,
              "Plans": [
                {
                  "Node Type": "Nested Loop",
                  "Parent Relationship": "Outer",
                  "Parallel Aware": false,
                  "Join Type": "Inner",
                  "Startup Cost": 45638.39,
                  "Total Cost": 113296.79,
                  "Plan Rows": 242272,
                  "Plan Width": 0,
                  "Actual Startup Time": 101.66,
                  "Actual Total Time": 443.817,
                  "Actual Rows": 150472,
                  "Actual Loops": 4,
                  "Inner Unique": false,
                  "Join Filter": "(t.id = ci.movie_id)",
                  "Rows Removed by Join Filter": 0,
                  "Plans": [
                    {
                      "Node Type": "Hash Join",
                      "Parent Relationship": "Outer",
                      "Parallel Aware": true,
                      "Join Type": "Inner",
                      "Startup Cost": 45637.82,
                      "Total Cost": 75053.71,
                      "Plan Rows": 16908,
                      "Plan Width": 8,
                      "Actual Startup Time": 101.575,
                      "Actual Total Time": 221.376,
                      "Actual Rows": 5635,
                      "Actual Loops": 4,
                      "Inner Unique": true,
                      "Hash Cond": "(mc.movie_id = t.id)",
                      "Plans": [
                        {
                          "Node Type": "Seq Scan",
                          "Parent Relationship": "Outer",
                          "Parallel Aware": true,
                          "Relation Name": "movie_companies",
                          "Alias": "mc",
                          "Startup Cost": 0.0,
                          "Total Cost": 27206.55,
                          "Plan Rows": 841655,
                          "Plan Width": 4,
                          "Actual Startup Time": 0.017,
                          "Actual Total Time": 52.444,
                          "Actual Rows": 652282,
                          "Actual Loops": 4
                        },
                        {
                          "Node Type": "Hash",
                          "Parent Relationship": "Inner",
                          "Parallel Aware": true,
                          "Startup Cost": 45479.1,
                          "Total Cost": 45479.1,
                          "Plan Rows": 12698,
                          "Plan Width": 4,
                          "Actual Startup Time": 100.033,
                          "Actual Total Time": 100.034,
                          "Actual Rows": 11330,
                          "Actual Loops": 4,
                          "Hash Buckets": 65536,
                          "Original Hash Buckets": 65536,
                          "Hash Batches": 1,
                          "Original Hash Batches": 1,
                          "Peak Memory Usage": 2368,
                          "Plans": [
                            {
                              "Node Type": "Seq Scan",
                              "Parent Relationship": "Outer",
                              "Parallel Aware": true,
                              "Relation Name": "title",
                              "Alias": "t",
                              "Startup Cost": 0.0,
                              "Total Cost": 45479.1,
                              "Plan Rows": 12698,
                              "Plan Width": 4,
                              "Actual Startup Time": 0.066,
                              "Actual Total Time": 94.774,
                              "Actual Rows": 11330,
                              "Actual Loops": 4,
                              "Filter": "((kind_id > 1) AND (production_year > 2012))",
                              "Rows Removed by Filter": 620748
                            }
                          ]
                        }
                      ]
                    },
                    {
                      "Node Type": "Index Only Scan",
                      "Parent Relationship": "Inner",
                      "Parallel Aware": false,
                      "Scan Direction": "Forward",
                      "Index Name": "movie_id_cast_info",
                      "Relation Name": "cast_info",
                      "Alias": "ci",
                      "Startup Cost": 0.56,
                      "Total Cost": 1.8,
                      "Plan Rows": 37,
                      "Plan Width": 4,
                      "Actual Startup Time": 0.007,
                      "Actual Total Time": 0.037,
                      "Actual Rows": 27,
                      "Actual Loops": 22540,
                      "Index Cond": "(movie_id = mc.movie_id)",
                      "Rows Removed by Index Recheck": 0,
                      "Heap Fetches": 601890
                    }
                  ]
                }
              ]
            }
          ]
        }
      ]
    },
    "Planning Time": 1.332,
    "Triggers": [],
    "Execution Time": 515.251
  }
]