[
  {
    "Plan": {
      "Node Type": "Aggregate",
      "Strategy": "Plain",
      "Partial Mode": "Finalize",
      "Parallel Aware": false,
      "Startup Cost": 44522.16,
      "Total Cost": 44522.17,
      "Plan Rows": 1,
      "Plan Width": 8,
      "Actual Startup Time": 126.932,
      "Actual Total Time": 133.442,
      "Actual Rows": 1,
      "Actual Loops": 1,
      "Plans": [
        {
          "Node Type": "Gather",
          "Parent Relationship": "Outer",
          "Parallel Aware": false,
          "Startup Cost": 44521.84,
          "Total Cost": 44522.15,
          "Plan Rows": 3,
          "Plan Width": 8,
          "Actual Startup Time": 126.803,
          "Actual Total Time": 133.433,
          "Actual Rows": 4,
          "Actual Loops": 1,
          "Workers Planned": 3,
          "Workers Launched": 3,
          "Single Copy": false,
          "Plans": [
            {
              "Node Type": "Aggregate",
              "Strategy": "Plain",
              "Partial Mode": "Partial",
              "Parent Relationship": "Outer",
              "Parallel Aware": false,
              "Startup Cost": 43521.84,
              "Total Cost": 43521.85,
              "Plan Rows": 1,
              "Plan Width": 8,
              "Actual Startup Time": 119.696,
              "Actual Total Time": 119.697,
              "Actual Rows": 1,
              "Actual Loops": 4,
              "Plans": [
                {
                  "Node Type": "Seq Scan",
                  "Parent Relationship": "Outer",
                  "Parallel Aware": true,
                  "Relation Name": "movie_keyword",
                  "Alias": "mk",
                  "Startup Cost": 0.0,
                  "Total Cost": 42695.65,
                  "Plan Rows": 330474,
                  "Plan Width": 0,
                  "Actual Startup Time": 1.418,
                  "Actual Total Time": 106.191,
                  "Actual Rows": 255588,
                  "Actual Loops": 4,
                  "Filter": "(keyword_id > 17563)",
                  "Rows Removed by Filter": 875395
                }
              ]
            }
          ]
        }
      ]
    },
    "Planning Time": 0.187,
    "Triggers": [],
    "Execution Time": 133.504
  }
]