[
    {
        "Bao": {
            "Bao prediction": 483.254,
            "Bao recommended hint": "(no hint)"
        }
    },
    {
        "Plan": {
            "Node Type": "Aggregate",
            "Strategy": "Plain",
            "Partial Mode": "Finalize",
            "Parallel Aware": false,
            "Startup Cost": 31738.28,
            "Total Cost": 31738.29,
            "Plan Rows": 1,
            "Plan Width": 8,
            "Actual Startup Time": 108.147,
            "Actual Total Time": 113.774,
            "Actual Rows": 1,
            "Actual Loops": 1,
            "Output": [
                "count(*)"
            ],
            "Plans": [
                {
                    "Node Type": "Gather",
                    "Parent Relationship": "Outer",
                    "Parallel Aware": false,
                    "Startup Cost": 31737.96,
                    "Total Cost": 31738.27,
                    "Plan Rows": 3,
                    "Plan Width": 8,
                    "Actual Startup Time": 108.028,
                    "Actual Total Time": 113.766,
                    "Actual Rows": 4,
                    "Actual Loops": 1,
                    "Output": [
                        "(PARTIAL count(*))"
                    ],
                    "Workers Planned": 3,
                    "Workers Launched": 3,
                    "Single Copy": false,
                    "Plans": [
                        {
                            "Node Type": "Aggregate",
                            "Strategy": "Plain",
                            "Partial Mode": "Partial",
                            "Parent Relationship": "Outer",
                            "Parallel Aware": false,
                            "Startup Cost": 30737.96,
                            "Total Cost": 30737.97,
                            "Plan Rows": 1,
                            "Plan Width": 8,
                            "Actual Startup Time": 100.223,
                            "Actual Total Time": 100.224,
                            "Actual Rows": 1,
                            "Actual Loops": 4,
                            "Output": [
                                "PARTIAL count(*)"
                            ],
                            "Workers": [
                                {
                                    "Worker Number": 0,
                                    "Actual Startup Time": 97.705,
                                    "Actual Total Time": 97.706,
                                    "Actual Rows": 1,
                                    "Actual Loops": 1
                                },
                                {
                                    "Worker Number": 1,
                                    "Actual Startup Time": 97.755,
                                    "Actual Total Time": 97.755,
                                    "Actual Rows": 1,
                                    "Actual Loops": 1
                                },
                                {
                                    "Worker Number": 2,
                                    "Actual Startup Time": 97.993,
                                    "Actual Total Time": 97.994,
                                    "Actual Rows": 1,
                                    "Actual Loops": 1
                                }
                            ],
                            "Plans": [
                                {
                                    "Node Type": "Seq Scan",
                                    "Parent Relationship": "Outer",
                                    "Parallel Aware": true,
                                    "Relation Name": "movie_companies",
                                    "Schema": "public",
                                    "Alias": "mc",
                                    "Startup Cost": 0.0,
                                    "Total Cost": 29310.68,
                                    "Plan Rows": 570912,
                                    "Plan Width": 0,
                                    "Actual Startup Time": 3.052,
                                    "Actual Total Time": 80.551,
                                    "Actual Rows": 443055,
                                    "Actual Loops": 4,
                                    "Output": [
                                        "id",
                                        "movie_id",
                                        "company_id",
                                        "company_type_id",
                                        "note"
                                    ],
                                    "Filter": "(mc.company_id > 2165)",
                                    "Rows Removed by Filter": 209227,
                                    "Workers": [
                                        {
                                            "Worker Number": 0,
                                            "Actual Startup Time": 0.497,
                                            "Actual Total Time": 78.775,
                                            "Actual Rows": 417171,
                                            "Actual Loops": 1
                                        },
                                        {
                                            "Worker Number": 1,
                                            "Actual Startup Time": 0.594,
                                            "Actual Total Time": 78.666,
                                            "Actual Rows": 418099,
                                            "Actual Loops": 1
                                        },
                                        {
                                            "Worker Number": 2,
                                            "Actual Startup Time": 0.817,
                                            "Actual Total Time": 78.659,
                                            "Actual Rows": 413615,
                                            "Actual Loops": 1
                                        }
                                    ]
                                }
                            ]
                        }
                    ]
                }
            ]
        },
        "Planning Time": 606.299,
        "Triggers": [],
        "Execution Time": 114.84
    }
]