[
  {
    "Plan": {
      "Node Type": "Aggregate",
      "Strategy": "Plain",
      "Partial Mode": "Finalize",
      "Parallel Aware": false,
      "Startup Cost": 45951.69,
      "Total Cost": 45951.7,
      "Plan Rows": 1,
      "Plan Width": 8,
      "Actual Startup Time": 136.822,
      "Actual Total Time": 143.84,
      "Actual Rows": 1,
      "Actual Loops": 1,
      "Plans": [
        {
          "Node Type": "Gather",
          "Parent Relationship": "Outer",
          "Parallel Aware": false,
          "Startup Cost": 45951.37,
          "Total Cost": 45951.68,
          "Plan Rows": 3,
          "Plan Width": 8,
          "Actual Startup Time": 136.72,
          "Actual Total Time": 143.832,
          "Actual Rows": 4,
          "Actual Loops": 1,
          "Workers Planned": 3,
          "Workers Launched": 3,
          "Single Copy": false,
          "Plans": [
            {
              "Node Type": "Aggregate",
              "Strategy": "Plain",
              "Partial Mode": "Partial",
              "Parent Relationship": "Outer",
              "Parallel Aware": false,
              "Startup Cost": 44951.37,
              "Total Cost": 44951.38,
              "Plan Rows": 1,
              "Plan Width": 8,
              "Actual Startup Time": 132.1,
              "Actual Total Time": 132.102,
              "Actual Rows": 1,
              "Actual Loops": 4,
              "Plans": [
                {
                  "Node Type": "Seq Scan",
                  "Parent Relationship": "Outer",
                  "Parallel Aware": true,
                  "Relation Name": "movie_keyword",
                  "Alias": "mk",
                  "Startup Cost": 0.0,
                  "Total Cost": 42695.65,
                  "Plan Rows": 902286,
                  "Plan Width": 0,
                  "Actual Startup Time": 0.039,
                  "Actual Total Time": 102.958,
                  "Actual Rows": 702281,
                  "Actual Loops": 4,
                  "Filter": "(keyword_id < 8307)",
                  "Rows Removed by Filter": 428702
                }
              ]
            }
          ]
        }
      ]
    },
    "Planning Time": 0.083,
    "Triggers": [],
    "Execution Time": 143.868
  }
]