[
  {
    "Plan": {
      "Node Type": "Aggregate",
      "Strategy": "Plain",
      "Partial Mode": "Finalize",
      "Parallel Aware": false,
      "Startup Cost": 46783.93,
      "Total Cost": 46783.94,
      "Plan Rows": 1,
      "Plan Width": 8,
      "Actual Startup Time": 181.133,
      "Actual Total Time": 190.536,
      "Actual Rows": 1,
      "Actual Loops": 1,
      "Plans": [
        {
          "Node Type": "Gather",
          "Parent Relationship": "Outer",
          "Parallel Aware": false,
          "Startup Cost": 46783.61,
          "Total Cost": 46783.92,
          "Plan Rows": 3,
          "Plan Width": 8,
          "Actual Startup Time": 180.998,
          "Actual Total Time": 190.528,
          "Actual Rows": 4,
          "Actual Loops": 1,
          "Workers Planned": 3,
          "Workers Launched": 3,
          "Single Copy": false,
          "Plans": [
            {
              "Node Type": "Aggregate",
              "Strategy": "Plain",
              "Partial Mode": "Partial",
              "Parent Relationship": "Outer",
              "Parallel Aware": false,
              "Startup Cost": 45783.61,
              "Total Cost": 45783.62,
              "Plan Rows": 1,
              "Plan Width": 8,
              "Actual Startup Time": 173.929,
              "Actual Total Time": 173.93,
              "Actual Rows": 1,
              "Actual Loops": 4,
              "Plans": [
                {
                  "Node Type": "Seq Scan",
                  "Parent Relationship": "Outer",
                  "Parallel Aware": true,
                  "Relation Name": "movie_keyword",
                  "Alias": "mk",
                  "Startup Cost": 0.0,
                  "Total Cost": 42695.65,
                  "Plan Rows": 1235184,
                  "Plan Width": 0,
                  "Actual Startup Time": 0.051,
                  "Actual Total Time": 129.066,
                  "Actual Rows": 959929,
                  "Actual Loops": 4,
                  "Filter": "(keyword_id < 27529)",
                  "Rows Removed by Filter": 171053
                }
              ]
            }
          ]
        }
      ]
    },
    "Planning Time": 0.178,
    "Triggers": [],
    "Execution Time": 190.599
  }
]