{
  "Plan": {
    "Node Type": "Aggregate",
    "Strategy": "Plain",
    "Partial Mode": "Finalize",
    "Parallel Aware": false,
    "Startup Cost": 336897.13,
    "Total Cost": 336897.14,
    "Plan Rows": 1,
    "Plan Width": 8,
    "Actual Startup Time": 2544.834,
    "Actual Total Time": 2588.723,
    "Actual Rows": 1,
    "Actual Loops": 1,
    "Plans": [
      {
        "Node Type": "Gather",
        "Parent Relationship": "Outer",
        "Parallel Aware": false,
        "Startup Cost": 336897.02,
        "Total Cost": 336897.13,
        "Plan Rows": 1,
        "Plan Width": 8,
        "Actual Startup Time": 2542.998,
        "Actual Total Time": 2588.714,
        "Actual Rows": 2,
        "Actual Loops": 1,
        "Workers Planned": 1,
        "Workers Launched": 1,
        "Single Copy": false,
        "Plans": [
          {
            "Node Type": "Aggregate",
            "Strategy": "Plain",
            "Partial Mode": "Partial",
            "Parent Relationship": "Outer",
            "Parallel Aware": false,
            "Startup Cost": 335897.02,
            "Total Cost": 335897.03,
            "Plan Rows": 1,
            "Plan Width": 8,
            "Actual Startup Time": 2536.985,
            "Actual Total Time": 2536.989,
            "Actual Rows": 1,
            "Actual Loops": 2,
            "Plans": [
              {
                "Node Type": "Hash Join",
                "Parent Relationship": "Outer",
                "Parallel Aware": true,
                "Join Type": "Inner",
                "Startup Cost": 58572.41,
                "Total Cost": 330355.9,
                "Plan Rows": 2216450,
                "Plan Width": 0,
                "Actual Startup Time": 223.92,
                "Actual Total Time": 2373.733,
                "Actual Rows": 4128310,
                "Actual Loops": 2,
                "Inner Unique": true,
                "Hash Cond": "(mi.movie_id = t.id)",
                "Plans": [
                  {
                    "Node Type": "Seq Scan",
                    "Parent Relationship": "Outer",
                    "Parallel Aware": true,
                    "Relation Name": "movie_info",
                    "Alias": "mi",
                    "Startup Cost": 0.0,
                    "Total Cost": 248955.74,
                    "Plan Rows": 8696274,
                    "Plan Width": 4,
                    "Actual Startup Time": 0.01,
                    "Actual Total Time": 621.748,
                    "Actual Rows": 7417860,
                    "Actual Loops": 2
                  },
                  {
                    "Node Type": "Hash",
                    "Parent Relationship": "Inner",
                    "Parallel Aware": true,
                    "Startup Cost": 53834.21,
                    "Total Cost": 53834.21,
                    "Plan Rows": 379056,
                    "Plan Width": 4,
                    "Actual Startup Time": 184.615,
                    "Actual Total Time": 184.616,
                    "Actual Rows": 326983,
                    "Actual Loops": 2,
                    "Hash Buckets": 1048576,
                    "Original Hash Buckets": 1048576,
                    "Hash Batches": 1,
                    "Original Hash Batches": 1,
                    "Peak Memory Usage": 33792,
                    "Plans": [
                      {
                        "Node Type": "Bitmap Heap Scan",
                        "Parent Relationship": "Outer",
                        "Parallel Aware": true,
                        "Relation Name": "title",
                        "Alias": "t",
                        "Startup Cost": 11983.95,
                        "Total Cost": 53834.21,
                        "Plan Rows": 379056,
                        "Plan Width": 4,
                        "Actual Startup Time": 31.08,
                        "Actual Total Time": 101.465,
                        "Actual Rows": 326983,
                        "Actual Loops": 2,
                        "Recheck Cond": "(kind_id < 2)",
                        "Rows Removed by Index Recheck": 0,
                        "Filter": "(production_year > 1897)",
                        "Rows Removed by Filter": 4430,
                        "Exact Heap Blocks": 7591,
                        "Lossy Heap Blocks": 0,
                        "Plans": [
                          {
                            "Node Type": "Bitmap Index Scan",
                            "Parent Relationship": "Outer",
                            "Parallel Aware": false,
                            "Index Name": "kind_id_title",
                            "Startup Cost": 0.0,
                            "Total Cost": 11822.85,
                            "Plan Rows": 663256,
                            "Plan Width": 0,
                            "Actual Startup Time": 29.223,
                            "Actual Total Time": 29.223,
                            "Actual Rows": 662825,
                            "Actual Loops": 1,
                            "Index Cond": "(kind_id < 2)"
                          }
                        ]
                      }
                    ]
                  }
                ]
              }
            ]
          }
        ]
      }
    ]
  },
  "Planning Time": 0.728,
  "Triggers": [],
  "Execution Time": 2588.826
}