[
    {
        "Bao": {
            "Bao prediction": "NaN",
            "Bao recommended hint": "(no hint)"
        }
    },
    {
        "Plan": {
            "Node Type": "Aggregate",
            "Strategy": "Plain",
            "Partial Mode": "Finalize",
            "Parallel Aware": false,
            "Startup Cost": 283289.36,
            "Total Cost": 283289.37,
            "Plan Rows": 1,
            "Plan Width": 8,
            "Actual Startup Time": 108.732,
            "Actual Total Time": 113.41,
            "Actual Rows": 1,
            "Actual Loops": 1,
            "Output": [
                "count(*)"
            ],
            "Plans": [
                {
                    "Node Type": "Gather",
                    "Parent Relationship": "Outer",
                    "Parallel Aware": false,
                    "Startup Cost": 283288.74,
                    "Total Cost": 283289.35,
                    "Plan Rows": 6,
                    "Plan Width": 8,
                    "Actual Startup Time": 108.42,
                    "Actual Total Time": 113.403,
                    "Actual Rows": 7,
                    "Actual Loops": 1,
                    "Output": [
                        "(PARTIAL count(*))"
                    ],
                    "Workers Planned": 6,
                    "Workers Launched": 6,
                    "Single Copy": false,
                    "Plans": [
                        {
                            "Node Type": "Aggregate",
                            "Strategy": "Plain",
                            "Partial Mode": "Partial",
                            "Parent Relationship": "Outer",
                            "Parallel Aware": false,
                            "Startup Cost": 282288.74,
                            "Total Cost": 282288.75,
                            "Plan Rows": 1,
                            "Plan Width": 8,
                            "Actual Startup Time": 98.404,
                            "Actual Total Time": 98.405,
                            "Actual Rows": 1,
                            "Actual Loops": 7,
                            "Output": [
                                "PARTIAL count(*)"
                            ],
                            "Workers": [
                                {
                                    "Worker Number": 0,
                                    "Actual Startup Time": 96.117,
                                    "Actual Total Time": 96.118,
                                    "Actual Rows": 1,
                                    "Actual Loops": 1
                                },
                                {
                                    "Worker Number": 1,
                                    "Actual Startup Time": 96.177,
                                    "Actual Total Time": 96.178,
                                    "Actual Rows": 1,
                                    "Actual Loops": 1
                                },
                                {
                                    "Worker Number": 2,
                                    "Actual Startup Time": 96.762,
                                    "Actual Total Time": 96.763,
                                    "Actual Rows": 1,
                                    "Actual Loops": 1
                                },
                                {
                                    "Worker Number": 3,
                                    "Actual Startup Time": 96.936,
                                    "Actual Total Time": 96.937,
                                    "Actual Rows": 1,
                                    "Actual Loops": 1
                                },
                                {
                                    "Worker Number": 4,
                                    "Actual Startup Time": 97.192,
                                    "Actual Total Time": 97.193,
                                    "Actual Rows": 1,
                                    "Actual Loops": 1
                                },
                                {
                                    "Worker Number": 5,
                                    "Actual Startup Time": 97.655,
                                    "Actual Total Time": 97.656,
                                    "Actual Rows": 1,
                                    "Actual Loops": 1
                                }
                            ],
                            "Plans": [
                                {
                                    "Node Type": "Bitmap Heap Scan",
                                    "Parent Relationship": "Outer",
                                    "Parallel Aware": true,
                                    "Relation Name": "cast_info",
                                    "Schema": "public",
                                    "Alias": "ci",
                                    "Startup Cost": 26590.72,
                                    "Total Cost": 281786.9,
                                    "Plan Rows": 200734,
                                    "Plan Width": 0,
                                    "Actual Startup Time": 35.375,
                                    "Actual Total Time": 85.939,
                                    "Actual Rows": 176081,
                                    "Actual Loops": 7,
                                    "Recheck Cond": "(ci.person_id < 124497)",
                                    "Rows Removed by Index Recheck": 0,
                                    "Exact Heap Blocks": 3841,
                                    "Lossy Heap Blocks": 0,
                                    "Workers": [
                                        {
                                            "Worker Number": 0,
                                            "Actual Startup Time": 32.842,
                                            "Actual Total Time": 83.873,
                                            "Actual Rows": 130204,
                                            "Actual Loops": 1
                                        },
                                        {
                                            "Worker Number": 1,
                                            "Actual Startup Time": 32.961,
                                            "Actual Total Time": 83.723,
                                            "Actual Rows": 127115,
                                            "Actual Loops": 1
                                        },
                                        {
                                            "Worker Number": 2,
                                            "Actual Startup Time": 34.131,
                                            "Actual Total Time": 84.824,
                                            "Actual Rows": 129824,
                                            "Actual Loops": 1
                                        },
                                        {
                                            "Worker Number": 3,
                                            "Actual Startup Time": 34.516,
                                            "Actual Total Time": 85.168,
                                            "Actual Rows": 147260,
                                            "Actual Loops": 1
                                        },
                                        {
                                            "Worker Number": 4,
                                            "Actual Startup Time": 33.973,
                                            "Actual Total Time": 84.984,
                                            "Actual Rows": 147460,
                                            "Actual Loops": 1
                                        },
                                        {
                                            "Worker Number": 5,
                                            "Actual Startup Time": 34.822,
                                            "Actual Total Time": 85.781,
                                            "Actual Rows": 156998,
                                            "Actual Loops": 1
                                        }
                                    ],
                                    "Plans": [
                                        {
                                            "Node Type": "Bitmap Index Scan",
                                            "Parent Relationship": "Outer",
                                            "Parallel Aware": false,
                                            "Index Name": "person_id_cast_info",
                                            "Startup Cost": 0.0,
                                            "Total Cost": 26289.62,
                                            "Plan Rows": 1204407,
                                            "Plan Width": 0,
                                            "Actual Startup Time": 42.642,
                                            "Actual Total Time": 42.643,
                                            "Actual Rows": 1232570,
                                            "Actual Loops": 1,
                                            "Index Cond": "(ci.person_id < 124497)"
                                        }
                                    ]
                                }
                            ]
                        }
                    ]
                }
            ]
        },
        "Planning Time": 190.42,
        "Triggers": [],
        "Execution Time": 113.508
    }
]