[
  {
    "Plan": {
      "Node Type": "Aggregate",
      "Strategy": "Plain",
      "Partial Mode": "Simple",
      "Parallel Aware": false,
      "Startup Cost": 16421.49,
      "Total Cost": 16421.5,
      "Plan Rows": 1,
      "Plan Width": 8,
      "Actual Startup Time": 23.847,
      "Actual Total Time": 23.848,
      "Actual Rows": 1,
      "Actual Loops": 1,
      "Plans": [
        {
          "Node Type": "Bitmap Heap Scan",
          "Parent Relationship": "Outer",
          "Parallel Aware": false,
          "Relation Name": "movie_companies",
          "Alias": "mc",
          "Startup Cost": 210.69,
          "Total Cost": 16409.5,
          "Plan Rows": 4795,
          "Plan Width": 0,
          "Actual Startup Time": 10.375,
          "Actual Total Time": 22.785,
          "Actual Rows": 7005,
          "Actual Loops": 1,
          "Recheck Cond": "(company_id = 11141)",
          "Rows Removed by Index Recheck": 0,
          "Filter": "(company_type_id < 2)",
          "Rows Removed by Filter": 2225,
          "Exact Heap Blocks": 4061,
          "Lossy Heap Blocks": 0,
          "Plans": [
            {
              "Node Type": "Bitmap Index Scan",
              "Parent Relationship": "Outer",
              "Parallel Aware": false,
              "Index Name": "company_id_movie_companies",
              "Startup Cost": 0.0,
              "Total Cost": 209.49,
              "Plan Rows": 9741,
              "Plan Width": 0,
              "Actual Startup Time": 8.502,
              "Actual Total Time": 8.503,
              "Actual Rows": 9230,
              "Actual Loops": 1,
              "Index Cond": "(company_id = 11141)"
            }
          ]
        }
      ]
    },
    "Planning Time": 0.187,
    "Triggers": [],
    "Execution Time": 23.91
  }
]