{
  "Plan": {
    "Node Type": "Aggregate",
    "Strategy": "Plain",
    "Partial Mode": "Finalize",
    "Parallel Aware": false,
    "Startup Cost": 796118.15,
    "Total Cost": 796118.16,
    "Plan Rows": 1,
    "Plan Width": 8,
    "Actual Startup Time": 12477.022,
    "Actual Total Time": 12542.038,
    "Actual Rows": 1,
    "Actual Loops": 1,
    "Plans": [
      {
        "Node Type": "Gather",
        "Parent Relationship": "Outer",
        "Parallel Aware": false,
        "Startup Cost": 796118.04,
        "Total Cost": 796118.15,
        "Plan Rows": 1,
        "Plan Width": 8,
        "Actual Startup Time": 12470.282,
        "Actual Total Time": 12542.029,
        "Actual Rows": 2,
        "Actual Loops": 1,
        "Workers Planned": 1,
        "Workers Launched": 1,
        "Single Copy": false,
        "Plans": [
          {
            "Node Type": "Aggregate",
            "Strategy": "Plain",
            "Partial Mode": "Partial",
            "Parent Relationship": "Outer",
            "Parallel Aware": false,
            "Startup Cost": 795118.04,
            "Total Cost": 795118.05,
            "Plan Rows": 1,
            "Plan Width": 8,
            "Actual Startup Time": 12461.604,
            "Actual Total Time": 12461.61,
            "Actual Rows": 1,
            "Actual Loops": 2,
            "Plans": [
              {
                "Node Type": "Hash Join",
                "Parent Relationship": "Outer",
                "Parallel Aware": true,
                "Join Type": "Inner",
                "Startup Cost": 133080.95,
                "Total Cost": 773218.67,
                "Plan Rows": 8759750,
                "Plan Width": 0,
                "Actual Startup Time": 1063.287,
                "Actual Total Time": 10366.543,
                "Actual Rows": 52962048,
                "Actual Loops": 2,
                "Inner Unique": false,
                "Hash Cond": "(ci.movie_id = t.id)",
                "Plans": [
                  {
                    "Node Type": "Seq Scan",
                    "Parent Relationship": "Outer",
                    "Parallel Aware": true,
                    "Relation Name": "cast_info",
                    "Alias": "ci",
                    "Startup Cost": 0.0,
                    "Total Cost": 519069.44,
                    "Plan Rows": 18544096,
                    "Plan Width": 4,
                    "Actual Startup Time": 0.033,
                    "Actual Total Time": 1747.869,
                    "Actual Rows": 15871302,
                    "Actual Loops": 2,
                    "Filter": "(person_id < 3240053)",
                    "Rows Removed by Filter": 2250870
                  },
                  {
                    "Node Type": "Hash",
                    "Parent Relationship": "Inner",
                    "Parallel Aware": true,
                    "Startup Cost": 124299.34,
                    "Total Cost": 124299.34,
                    "Plan Rows": 702529,
                    "Plan Width": 8,
                    "Actual Startup Time": 1048.553,
                    "Actual Total Time": 1048.558,
                    "Actual Rows": 1286902,
                    "Actual Loops": 2,
                    "Hash Buckets": 4194304,
                    "Original Hash Buckets": 2097152,
                    "Hash Batches": 1,
                    "Original Hash Batches": 1,
                    "Peak Memory Usage": 149856,
                    "Plans": [
                      {
                        "Node Type": "Hash Join",
                        "Parent Relationship": "Outer",
                        "Parallel Aware": true,
                        "Join Type": "Inner",
                        "Startup Cost": 61878.3,
                        "Total Cost": 124299.34,
                        "Plan Rows": 702529,
                        "Plan Width": 8,
                        "Actual Startup Time": 295.598,
                        "Actual Total Time": 757.965,
                        "Actual Rows": 1286902,
                        "Actual Loops": 2,
                        "Inner Unique": true,
                        "Hash Cond": "(mk.movie_id = t.id)",
                        "Plans": [
                          {
                            "Node Type": "Seq Scan",
                            "Parent Relationship": "Outer",
                            "Parallel Aware": true,
                            "Relation Name": "movie_keyword",
                            "Alias": "mk",
                            "Startup Cost": 0.0,
                            "Total Cost": 57718.19,
                            "Plan Rows": 1791557,
                            "Plan Width": 4,
                            "Actual Startup Time": 0.206,
                            "Actual Total Time": 212.793,
                            "Actual Rows": 1514658,
                            "Actual Loops": 2,
                            "Filter": "(keyword_id > 2143)",
                            "Rows Removed by Filter": 747306
                          },
                          {
                            "Node Type": "Hash",
                            "Parent Relationship": "Inner",
                            "Parallel Aware": true,
                            "Startup Cost": 54588.39,
                            "Total Cost": 54588.39,
                            "Plan Rows": 583193,
                            "Plan Width": 4,
                            "Actual Startup Time": 291.164,
                            "Actual Total Time": 291.165,
                            "Actual Rows": 492524,
                            "Actual Loops": 2,
                            "Hash Buckets": 1048576,
                            "Original Hash Buckets": 1048576,
                            "Hash Batches": 1,
                            "Original Hash Batches": 1,
                            "Peak Memory Usage": 46752,
                            "Plans": [
                              {
                                "Node Type": "Seq Scan",
                                "Parent Relationship": "Outer",
                                "Parallel Aware": true,
                                "Relation Name": "title",
                                "Alias": "t",
                                "Startup Cost": 0.0,
                                "Total Cost": 54588.39,
                                "Plan Rows": 583193,
                                "Plan Width": 4,
                                "Actual Startup Time": 0.055,
                                "Actual Total Time": 154.139,
                                "Actual Rows": 492524,
                                "Actual Loops": 2,
                                "Filter": "(kind_id < 7)",
                                "Rows Removed by Filter": 771632
                              }
                            ]
                          }
                        ]
                      }
                    ]
                  }
                ]
              }
            ]
          }
        ]
      }
    ]
  },
  "Planning Time": 0.952,
  "Triggers": [],
  "Execution Time": 12542.141
}