{
  "Plan": {
    "Node Type": "Aggregate",
    "Strategy": "Plain",
    "Partial Mode": "Simple",
    "Parallel Aware": false,
    "Startup Cost": 51821.04,
    "Total Cost": 51821.05,
    "Plan Rows": 1,
    "Plan Width": 96,
    "Actual Startup Time": 327.136,
    "Actual Total Time": 327.143,
    "Actual Rows": 1,
    "Actual Loops": 1,
    "Plans": [
      {
        "Node Type": "Nested Loop",
        "Parent Relationship": "Outer",
        "Parallel Aware": false,
        "Join Type": "Inner",
        "Startup Cost": 2806.8,
        "Total Cost": 51820.97,
        "Plan Rows": 10,
        "Plan Width": 46,
        "Actual Startup Time": 327.129,
        "Actual Total Time": 327.136,
        "Actual Rows": 0,
        "Actual Loops": 1,
        "Inner Unique": true,
        "Plans": [
          {
            "Node Type": "Nested Loop",
            "Parent Relationship": "Outer",
            "Parallel Aware": false,
            "Join Type": "Inner",
            "Startup Cost": 2806.37,
            "Total Cost": 51776.25,
            "Plan Rows": 10,
            "Plan Width": 33,
            "Actual Startup Time": 327.128,
            "Actual Total Time": 327.134,
            "Actual Rows": 0,
            "Actual Loops": 1,
            "Inner Unique": false,
            "Join Filter": "(mk.keyword_id = k.id)",
            "Rows Removed by Join Filter": 288192,
            "Plans": [
              {
                "Node Type": "Seq Scan",
                "Parent Relationship": "Outer",
                "Parallel Aware": false,
                "Relation Name": "keyword",
                "Alias": "k",
                "Startup Cost": 0.0,
                "Total Cost": 2626.12,
                "Plan Rows": 1,
                "Plan Width": 4,
                "Actual Startup Time": 28.408,
                "Actual Total Time": 28.751,
                "Actual Rows": 1,
                "Actual Loops": 1,
                "Filter": "(keyword = '10,000-mile-club'::text)",
                "Rows Removed by Filter": 134169
              },
              {
                "Node Type": "Merge Join",
                "Parent Relationship": "Inner",
                "Parallel Aware": false,
                "Join Type": "Inner",
                "Startup Cost": 2806.37,
                "Total Cost": 31758.14,
                "Plan Rows": 1391359,
                "Plan Width": 37,
                "Actual Startup Time": 17.181,
                "Actual Total Time": 286.592,
                "Actual Rows": 288192,
                "Actual Loops": 1,
                "Inner Unique": false,
                "Merge Cond": "(ml.movie_id = t1.id)",
                "Plans": [
                  {
                    "Node Type": "Sort",
                    "Parent Relationship": "Outer",
                    "Parallel Aware": false,
                    "Startup Cost": 2792.31,
                    "Total Cost": 2867.3,
                    "Plan Rows": 29997,
                    "Plan Width": 20,
                    "Actual Startup Time": 17.123,
                    "Actual Total Time": 19.337,
                    "Actual Rows": 29997,
                    "Actual Loops": 1,
                    "Sort Key": [
                      "ml.movie_id"
                    ],
                    "Sort Method": "quicksort",
                    "Sort Space Used": 3056,
                    "Sort Space Type": "Memory",
                    "Plans": [
                      {
                        "Node Type": "Hash Join",
                        "Parent Relationship": "Outer",
                        "Parallel Aware": false,
                        "Join Type": "Inner",
                        "Startup Cost": 1.41,
                        "Total Cost": 561.65,
                        "Plan Rows": 29997,
                        "Plan Width": 20,
                        "Actual Startup Time": 0.087,
                        "Actual Total Time": 9.495,
                        "Actual Rows": 29997,
                        "Actual Loops": 1,
                        "Inner Unique": true,
                        "Hash Cond": "(ml.link_type_id = lt.id)",
                        "Plans": [
                          {
                            "Node Type": "Seq Scan",
                            "Parent Relationship": "Outer",
                            "Parallel Aware": false,
                            "Relation Name": "movie_link",
                            "Alias": "ml",
                            "Startup Cost": 0.0,
                            "Total Cost": 462.97,
                            "Plan Rows": 29997,
                            "Plan Width": 12,
                            "Actual Startup Time": 0.018,
                            "Actual Total Time": 4.384,
                            "Actual Rows": 29997,
                            "Actual Loops": 1
                          },
                          {
                            "Node Type": "Hash",
                            "Parent Relationship": "Inner",
                            "Parallel Aware": false,
                            "Startup Cost": 1.18,
                            "Total Cost": 1.18,
                            "Plan Rows": 18,
                            "Plan Width": 16,
                            "Actual Startup Time": 0.022,
                            "Actual Total Time": 0.023,
                            "Actual Rows": 18,
                            "Actual Loops": 1,
                            "Hash Buckets": 1024,
                            "Original Hash Buckets": 1024,
                            "Hash Batches": 1,
                            "Original Hash Batches": 1,
                            "Peak Memory Usage": 9,
                            "Plans": [
                              {
                                "Node Type": "Seq Scan",
                                "Parent Relationship": "Outer",
                                "Parallel Aware": false,
                                "Relation Name": "link_type",
                                "Alias": "lt",
                                "Startup Cost": 0.0,
                                "Total Cost": 1.18,
                                "Plan Rows": 18,
                                "Plan Width": 16,
                                "Actual Startup Time": 0.007,
                                "Actual Total Time": 0.01,
                                "Actual Rows": 18,
                                "Actual Loops": 1
                              }
                            ]
                          }
                        ]
                      }
                    ]
                  },
                  {
                    "Node Type": "Materialize",
                    "Parent Relationship": "Inner",
                    "Parallel Aware": false,
                    "Startup Cost": 14.06,
                    "Total Cost": 361561.83,
                    "Plan Rows": 4523930,
                    "Plan Width": 29,
                    "Actual Startup Time": 0.054,
                    "Actual Total Time": 229.798,
                    "Actual Rows": 360976,
                    "Actual Loops": 1,
                    "Plans": [
                      {
                        "Node Type": "Merge Join",
                        "Parent Relationship": "Outer",
                        "Parallel Aware": false,
                        "Join Type": "Inner",
                        "Startup Cost": 14.06,
                        "Total Cost": 350252.01,
                        "Plan Rows": 4523930,
                        "Plan Width": 29,
                        "Actual Startup Time": 0.05,
                        "Actual Total Time": 189.457,
                        "Actual Rows": 97855,
                        "Actual Loops": 1,
                        "Inner Unique": false,
                        "Merge Cond": "(t1.id = mk.movie_id)",
                        "Plans": [
                          {
                            "Node Type": "Index Scan",
                            "Parent Relationship": "Outer",
                            "Parallel Aware": false,
                            "Scan Direction": "Forward",
                            "Index Name": "title_pkey",
                            "Relation Name": "title",
                            "Alias": "t1",
                            "Startup Cost": 0.43,
                            "Total Cost": 110359.06,
                            "Plan Rows": 2528509,
                            "Plan Width": 21,
                            "Actual Startup Time": 0.016,
                            "Actual Total Time": 142.429,
                            "Actual Rows": 186242,
                            "Actual Loops": 1
                          },
                          {
                            "Node Type": "Index Scan",
                            "Parent Relationship": "Inner",
                            "Parallel Aware": false,
                            "Scan Direction": "Forward",
                            "Index Name": "movie_id_movie_keyword",
                            "Relation Name": "movie_keyword",
                            "Alias": "mk",
                            "Startup Cost": 0.43,
                            "Total Cost": 177148.48,
                            "Plan Rows": 4523930,
                            "Plan Width": 8,
                            "Actual Startup Time": 0.01,
                            "Actual Total Time": 21.619,
                            "Actual Rows": 97855,
                            "Actual Loops": 1
                          }
                        ]
                      }
                    ]
                  }
                ]
              }
            ]
          },
          {
            "Node Type": "Index Scan",
            "Parent Relationship": "Inner",
            "Parallel Aware": false,
            "Scan Direction": "Forward",
            "Index Name": "title_pkey",
            "Relation Name": "title",
            "Alias": "t2",
            "Startup Cost": 0.43,
            "Total Cost": 4.47,
            "Plan Rows": 1,
            "Plan Width": 21,
            "Actual Startup Time": 0.0,
            "Actual Total Time": 0.0,
            "Actual Rows": 0,
            "Actual Loops": 0,
            "Index Cond": "(id = ml.linked_movie_id)",
            "Rows Removed by Index Recheck": 0
          }
        ]
      }
    ]
  },
  "Planning Time": 9.586,
  "Triggers": [],
  "Execution Time": 331.398
}