{
  "Plan": {
    "Node Type": "Aggregate",
    "Strategy": "Plain",
    "Partial Mode": "Finalize",
    "Parallel Aware": false,
    "Startup Cost": 122466.4,
    "Total Cost": 122466.41,
    "Plan Rows": 1,
    "Plan Width": 8,
    "Actual Startup Time": 877.583,
    "Actual Total Time": 897.277,
    "Actual Rows": 1,
    "Actual Loops": 1,
    "Plans": [
      {
        "Node Type": "Gather",
        "Parent Relationship": "Outer",
        "Parallel Aware": false,
        "Startup Cost": 122466.29,
        "Total Cost": 122466.4,
        "Plan Rows": 1,
        "Plan Width": 8,
        "Actual Startup Time": 873.53,
        "Actual Total Time": 897.268,
        "Actual Rows": 2,
        "Actual Loops": 1,
        "Workers Planned": 1,
        "Workers Launched": 1,
        "Single Copy": false,
        "Plans": [
          {
            "Node Type": "Aggregate",
            "Strategy": "Plain",
            "Partial Mode": "Partial",
            "Parent Relationship": "Outer",
            "Parallel Aware": false,
            "Startup Cost": 121466.29,
            "Total Cost": 121466.3,
            "Plan Rows": 1,
            "Plan Width": 8,
            "Actual Startup Time": 860.148,
            "Actual Total Time": 860.153,
            "Actual Rows": 1,
            "Actual Loops": 2,
            "Plans": [
              {
                "Node Type": "Hash Join",
                "Parent Relationship": "Outer",
                "Parallel Aware": true,
                "Join Type": "Inner",
                "Startup Cost": 87966.8,
                "Total Cost": 120183.24,
                "Plan Rows": 513219,
                "Plan Width": 0,
                "Actual Startup Time": 636.987,
                "Actual Total Time": 840.898,
                "Actual Rows": 433914,
                "Actual Loops": 2,
                "Inner Unique": true,
                "Hash Cond": "(mk.movie_id = t.id)",
                "Plans": [
                  {
                    "Node Type": "Bitmap Heap Scan",
                    "Parent Relationship": "Outer",
                    "Parallel Aware": true,
                    "Relation Name": "movie_keyword",
                    "Alias": "mk",
                    "Startup Cost": 18506.1,
                    "Total Cost": 49375.34,
                    "Plan Rows": 513219,
                    "Plan Width": 4,
                    "Actual Startup Time": 50.661,
                    "Actual Total Time": 146.392,
                    "Actual Rows": 433914,
                    "Actual Loops": 2,
                    "Recheck Cond": "(keyword_id > 21214)",
                    "Rows Removed by Index Recheck": 0,
                    "Exact Heap Blocks": 12680,
                    "Lossy Heap Blocks": 0,
                    "Plans": [
                      {
                        "Node Type": "Bitmap Index Scan",
                        "Parent Relationship": "Outer",
                        "Parallel Aware": false,
                        "Index Name": "keyword_id_movie_keyword",
                        "Startup Cost": 0.0,
                        "Total Cost": 18287.98,
                        "Plan Rows": 872473,
                        "Plan Width": 0,
                        "Actual Startup Time": 47.067,
                        "Actual Total Time": 47.068,
                        "Actual Rows": 867827,
                        "Actual Loops": 1,
                        "Index Cond": "(keyword_id > 21214)"
                      }
                    ]
                  },
                  {
                    "Node Type": "Hash",
                    "Parent Relationship": "Inner",
                    "Parallel Aware": true,
                    "Startup Cost": 50870.31,
                    "Total Cost": 50870.31,
                    "Plan Rows": 1487231,
                    "Plan Width": 4,
                    "Actual Startup Time": 563.9,
                    "Actual Total Time": 563.902,
                    "Actual Rows": 1264156,
                    "Actual Loops": 2,
                    "Hash Buckets": 4194304,
                    "Original Hash Buckets": 4194304,
                    "Hash Batches": 1,
                    "Original Hash Batches": 1,
                    "Peak Memory Usage": 131712,
                    "Plans": [
                      {
                        "Node Type": "Seq Scan",
                        "Parent Relationship": "Outer",
                        "Parallel Aware": true,
                        "Relation Name": "title",
                        "Alias": "t",
                        "Startup Cost": 0.0,
                        "Total Cost": 50870.31,
                        "Plan Rows": 1487231,
                        "Plan Width": 4,
                        "Actual Startup Time": 0.028,
                        "Actual Total Time": 159.456,
                        "Actual Rows": 1264156,
                        "Actual Loops": 2
                      }
                    ]
                  }
                ]
              }
            ]
          }
        ]
      }
    ]
  },
  "Planning Time": 0.707,
  "Triggers": [],
  "Execution Time": 897.371
}