{
  "Plan": {
    "Node Type": "Aggregate",
    "Strategy": "Plain",
    "Partial Mode": "Finalize",
    "Parallel Aware": false,
    "Startup Cost": 480750.98,
    "Total Cost": 480750.99,
    "Plan Rows": 1,
    "Plan Width": 8,
    "Actual Startup Time": 3383.857,
    "Actual Total Time": 3443.027,
    "Actual Rows": 1,
    "Actual Loops": 1,
    "Plans": [
      {
        "Node Type": "Gather",
        "Parent Relationship": "Outer",
        "Parallel Aware": false,
        "Startup Cost": 480750.87,
        "Total Cost": 480750.98,
        "Plan Rows": 1,
        "Plan Width": 8,
        "Actual Startup Time": 3382.173,
        "Actual Total Time": 3443.019,
        "Actual Rows": 2,
        "Actual Loops": 1,
        "Workers Planned": 1,
        "Workers Launched": 1,
        "Single Copy": false,
        "Plans": [
          {
            "Node Type": "Aggregate",
            "Strategy": "Plain",
            "Partial Mode": "Partial",
            "Parent Relationship": "Outer",
            "Parallel Aware": false,
            "Startup Cost": 479750.87,
            "Total Cost": 479750.88,
            "Plan Rows": 1,
            "Plan Width": 8,
            "Actual Startup Time": 3375.976,
            "Actual Total Time": 3375.981,
            "Actual Rows": 1,
            "Actual Loops": 2,
            "Plans": [
              {
                "Node Type": "Hash Join",
                "Parent Relationship": "Outer",
                "Parallel Aware": true,
                "Join Type": "Inner",
                "Startup Cost": 173982.05,
                "Total Cost": 472532.72,
                "Plan Rows": 2887262,
                "Plan Width": 0,
                "Actual Startup Time": 1140.33,
                "Actual Total Time": 3161.592,
                "Actual Rows": 5400656,
                "Actual Loops": 2,
                "Inner Unique": false,
                "Hash Cond": "(mi.movie_id = t.id)",
                "Plans": [
                  {
                    "Node Type": "Seq Scan",
                    "Parent Relationship": "Outer",
                    "Parallel Aware": true,
                    "Relation Name": "movie_info",
                    "Alias": "mi",
                    "Startup Cost": 0.0,
                    "Total Cost": 248955.74,
                    "Plan Rows": 8696274,
                    "Plan Width": 4,
                    "Actual Startup Time": 0.023,
                    "Actual Total Time": 627.185,
                    "Actual Rows": 7417860,
                    "Actual Loops": 2
                  },
                  {
                    "Node Type": "Hash",
                    "Parent Relationship": "Inner",
                    "Parallel Aware": true,
                    "Startup Cost": 167809.83,
                    "Total Cost": 167809.83,
                    "Plan Rows": 493778,
                    "Plan Width": 8,
                    "Actual Startup Time": 1130.073,
                    "Actual Total Time": 1130.075,
                    "Actual Rows": 379385,
                    "Actual Loops": 2,
                    "Hash Buckets": 1048576,
                    "Original Hash Buckets": 1048576,
                    "Hash Batches": 1,
                    "Original Hash Batches": 1,
                    "Peak Memory Usage": 37920,
                    "Plans": [
                      {
                        "Node Type": "Merge Join",
                        "Parent Relationship": "Outer",
                        "Parallel Aware": false,
                        "Join Type": "Inner",
                        "Startup Cost": 2.96,
                        "Total Cost": 167809.83,
                        "Plan Rows": 493778,
                        "Plan Width": 8,
                        "Actual Startup Time": 0.616,
                        "Actual Total Time": 1042.188,
                        "Actual Rows": 379385,
                        "Actual Loops": 2,
                        "Inner Unique": false,
                        "Merge Cond": "(t.id = mi_idx.movie_id)",
                        "Plans": [
                          {
                            "Node Type": "Index Scan",
                            "Parent Relationship": "Outer",
                            "Parallel Aware": true,
                            "Scan Direction": "Forward",
                            "Index Name": "title_pkey",
                            "Relation Name": "title",
                            "Alias": "t",
                            "Startup Cost": 0.43,
                            "Total Cost": 103647.43,
                            "Plan Rows": 904625,
                            "Plan Width": 4,
                            "Actual Startup Time": 0.323,
                            "Actual Total Time": 659.826,
                            "Actual Rows": 765606,
                            "Actual Loops": 2,
                            "Filter": "(production_year > 1997)",
                            "Rows Removed by Filter": 497346
                          },
                          {
                            "Node Type": "Index Only Scan",
                            "Parent Relationship": "Inner",
                            "Parallel Aware": false,
                            "Scan Direction": "Forward",
                            "Index Name": "movie_id_movie_info_idx",
                            "Relation Name": "movie_info_idx",
                            "Alias": "mi_idx",
                            "Startup Cost": 0.43,
                            "Total Cost": 53620.22,
                            "Plan Rows": 1380035,
                            "Plan Width": 4,
                            "Actual Startup Time": 0.142,
                            "Actual Total Time": 257.097,
                            "Actual Rows": 1380035,
                            "Actual Loops": 2,
                            "Heap Fetches": 2760070
                          }
                        ]
                      }
                    ]
                  }
                ]
              }
            ]
          }
        ]
      }
    ]
  },
  "Planning Time": 0.856,
  "Triggers": [],
  "Execution Time": 3443.135
}