{
  "Plan": {
    "Node Type": "Aggregate",
    "Strategy": "Plain",
    "Partial Mode": "Finalize",
    "Parallel Aware": false,
    "Startup Cost": 517745.85,
    "Total Cost": 517745.86,
    "Plan Rows": 1,
    "Plan Width": 8,
    "Actual Startup Time": 5990.398,
    "Actual Total Time": 6063.578,
    "Actual Rows": 1,
    "Actual Loops": 1,
    "Plans": [
      {
        "Node Type": "Gather",
        "Parent Relationship": "Outer",
        "Parallel Aware": false,
        "Startup Cost": 517745.74,
        "Total Cost": 517745.85,
        "Plan Rows": 1,
        "Plan Width": 8,
        "Actual Startup Time": 5972.182,
        "Actual Total Time": 6063.568,
        "Actual Rows": 2,
        "Actual Loops": 1,
        "Workers Planned": 1,
        "Workers Launched": 1,
        "Single Copy": false,
        "Plans": [
          {
            "Node Type": "Aggregate",
            "Strategy": "Plain",
            "Partial Mode": "Partial",
            "Parent Relationship": "Outer",
            "Parallel Aware": false,
            "Startup Cost": 516745.74,
            "Total Cost": 516745.75,
            "Plan Rows": 1,
            "Plan Width": 8,
            "Actual Startup Time": 5955.422,
            "Actual Total Time": 5958.456,
            "Actual Rows": 1,
            "Actual Loops": 2,
            "Plans": [
              {
                "Node Type": "Hash Join",
                "Parent Relationship": "Outer",
                "Parallel Aware": true,
                "Join Type": "Inner",
                "Startup Cost": 403958.5,
                "Total Cost": 504260.26,
                "Plan Rows": 4994193,
                "Plan Width": 0,
                "Actual Startup Time": 3405.654,
                "Actual Total Time": 5147.735,
                "Actual Rows": 20159270,
                "Actual Loops": 2,
                "Inner Unique": false,
                "Hash Cond": "(mk.movie_id = t.id)",
                "Plans": [
                  {
                    "Node Type": "Seq Scan",
                    "Parent Relationship": "Outer",
                    "Parallel Aware": true,
                    "Relation Name": "movie_keyword",
                    "Alias": "mk",
                    "Startup Cost": 0.0,
                    "Total Cost": 57718.19,
                    "Plan Rows": 1760796,
                    "Plan Width": 4,
                    "Actual Startup Time": 0.197,
                    "Actual Total Time": 191.443,
                    "Actual Rows": 1486750,
                    "Actual Loops": 2,
                    "Filter": "(keyword_id > 2276)",
                    "Rows Removed by Filter": 775214
                  },
                  {
                    "Node Type": "Hash",
                    "Parent Relationship": "Inner",
                    "Parallel Aware": true,
                    "Startup Cost": 351230.1,
                    "Total Cost": 351230.1,
                    "Plan Rows": 4218272,
                    "Plan Width": 8,
                    "Actual Startup Time": 3371.702,
                    "Actual Total Time": 3374.735,
                    "Actual Rows": 3643432,
                    "Actual Loops": 2,
                    "Hash Buckets": 8388608,
                    "Original Hash Buckets": 8388608,
                    "Hash Batches": 1,
                    "Original Hash Batches": 1,
                    "Peak Memory Usage": 350656,
                    "Plans": [
                      {
                        "Node Type": "Hash Join",
                        "Parent Relationship": "Outer",
                        "Parallel Aware": true,
                        "Join Type": "Inner",
                        "Startup Cost": 69460.7,
                        "Total Cost": 351230.1,
                        "Plan Rows": 4218272,
                        "Plan Width": 8,
                        "Actual Startup Time": 499.588,
                        "Actual Total Time": 2395.1,
                        "Actual Rows": 3643432,
                        "Actual Loops": 2,
                        "Inner Unique": true,
                        "Hash Cond": "(mi.movie_id = t.id)",
                        "Plans": [
                          {
                            "Node Type": "Seq Scan",
                            "Parent Relationship": "Outer",
                            "Parallel Aware": true,
                            "Relation Name": "movie_info",
                            "Alias": "mi",
                            "Startup Cost": 0.0,
                            "Total Cost": 270696.42,
                            "Plan Rows": 4218272,
                            "Plan Width": 4,
                            "Actual Startup Time": 0.011,
                            "Actual Total Time": 707.488,
                            "Actual Rows": 3643432,
                            "Actual Loops": 2,
                            "Filter": "(info_type_id < 8)",
                            "Rows Removed by Filter": 3774428
                          },
                          {
                            "Node Type": "Hash",
                            "Parent Relationship": "Inner",
                            "Parallel Aware": true,
                            "Startup Cost": 50870.31,
                            "Total Cost": 50870.31,
                            "Plan Rows": 1487231,
                            "Plan Width": 4,
                            "Actual Startup Time": 487.964,
                            "Actual Total Time": 487.965,
                            "Actual Rows": 1264156,
                            "Actual Loops": 2,
                            "Hash Buckets": 4194304,
                            "Original Hash Buckets": 4194304,
                            "Hash Batches": 1,
                            "Original Hash Batches": 1,
                            "Peak Memory Usage": 131712,
                            "Plans": [
                              {
                                "Node Type": "Seq Scan",
                                "Parent Relationship": "Outer",
                                "Parallel Aware": true,
                                "Relation Name": "title",
                                "Alias": "t",
                                "Startup Cost": 0.0,
                                "Total Cost": 50870.31,
                                "Plan Rows": 1487231,
                                "Plan Width": 4,
                                "Actual Startup Time": 0.04,
                                "Actual Total Time": 149.03,
                                "Actual Rows": 1264156,
                                "Actual Loops": 2
                              }
                            ]
                          }
                        ]
                      }
                    ]
                  }
                ]
              }
            ]
          }
        ]
      }
    ]
  },
  "Planning Time": 1.013,
  "Triggers": [],
  "Execution Time": 6063.661
}