{
  "Plan": {
    "Node Type": "Aggregate",
    "Strategy": "Plain",
    "Partial Mode": "Finalize",
    "Parallel Aware": false,
    "Startup Cost": 404382.25,
    "Total Cost": 404382.26,
    "Plan Rows": 1,
    "Plan Width": 8,
    "Actual Startup Time": 560.827,
    "Actual Total Time": 577.507,
    "Actual Rows": 1,
    "Actual Loops": 1,
    "Plans": [
      {
        "Node Type": "Gather",
        "Parent Relationship": "Outer",
        "Parallel Aware": false,
        "Startup Cost": 404382.13,
        "Total Cost": 404382.24,
        "Plan Rows": 1,
        "Plan Width": 8,
        "Actual Startup Time": 560.346,
        "Actual Total Time": 577.5,
        "Actual Rows": 2,
        "Actual Loops": 1,
        "Workers Planned": 1,
        "Workers Launched": 1,
        "Single Copy": false,
        "Plans": [
          {
            "Node Type": "Aggregate",
            "Strategy": "Plain",
            "Partial Mode": "Partial",
            "Parent Relationship": "Outer",
            "Parallel Aware": false,
            "Startup Cost": 403382.13,
            "Total Cost": 403382.14,
            "Plan Rows": 1,
            "Plan Width": 8,
            "Actual Startup Time": 557.478,
            "Actual Total Time": 557.482,
            "Actual Rows": 1,
            "Actual Loops": 2,
            "Plans": [
              {
                "Node Type": "Hash Join",
                "Parent Relationship": "Outer",
                "Parallel Aware": true,
                "Join Type": "Inner",
                "Startup Cost": 123139.34,
                "Total Cost": 403356.45,
                "Plan Rows": 10275,
                "Plan Width": 0,
                "Actual Startup Time": 269.959,
                "Actual Total Time": 556.573,
                "Actual Rows": 15780,
                "Actual Loops": 2,
                "Inner Unique": true,
                "Hash Cond": "(ci.movie_id = t.id)",
                "Plans": [
                  {
                    "Node Type": "Bitmap Heap Scan",
                    "Parent Relationship": "Outer",
                    "Parallel Aware": true,
                    "Relation Name": "cast_info",
                    "Alias": "ci",
                    "Startup Cost": 64512.44,
                    "Total Cost": 343164.76,
                    "Plan Rows": 596106,
                    "Plan Width": 4,
                    "Actual Startup Time": 138.318,
                    "Actual Total Time": 326.984,
                    "Actual Rows": 1078031,
                    "Actual Loops": 2,
                    "Recheck Cond": "(person_id < 291101)",
                    "Rows Removed by Index Recheck": 0,
                    "Filter": "(role_id = 1)",
                    "Rows Removed by Filter": 418894,
                    "Exact Heap Blocks": 16934,
                    "Lossy Heap Blocks": 0,
                    "Plans": [
                      {
                        "Node Type": "Bitmap Index Scan",
                        "Parent Relationship": "Outer",
                        "Parallel Aware": false,
                        "Index Name": "person_id_cast_info",
                        "Startup Cost": 0.0,
                        "Total Cost": 64259.09,
                        "Plan Rows": 2942737,
                        "Plan Width": 0,
                        "Actual Startup Time": 133.246,
                        "Actual Total Time": 133.247,
                        "Actual Rows": 2993849,
                        "Actual Loops": 1,
                        "Index Cond": "(person_id < 291101)"
                      }
                    ]
                  },
                  {
                    "Node Type": "Hash",
                    "Parent Relationship": "Inner",
                    "Parallel Aware": true,
                    "Startup Cost": 58306.47,
                    "Total Cost": 58306.47,
                    "Plan Rows": 25635,
                    "Plan Width": 4,
                    "Actual Startup Time": 130.774,
                    "Actual Total Time": 130.775,
                    "Actual Rows": 17918,
                    "Actual Loops": 2,
                    "Hash Buckets": 65536,
                    "Original Hash Buckets": 65536,
                    "Hash Batches": 1,
                    "Original Hash Batches": 1,
                    "Peak Memory Usage": 1952,
                    "Plans": [
                      {
                        "Node Type": "Seq Scan",
                        "Parent Relationship": "Outer",
                        "Parallel Aware": true,
                        "Relation Name": "title",
                        "Alias": "t",
                        "Startup Cost": 0.0,
                        "Total Cost": 58306.47,
                        "Plan Rows": 25635,
                        "Plan Width": 4,
                        "Actual Startup Time": 0.062,
                        "Actual Total Time": 125.772,
                        "Actual Rows": 17918,
                        "Actual Loops": 2,
                        "Filter": "((kind_id < 4) AND (production_year = 2009))",
                        "Rows Removed by Filter": 1246238
                      }
                    ]
                  }
                ]
              }
            ]
          }
        ]
      }
    ]
  },
  "Planning Time": 0.254,
  "Triggers": [],
  "Execution Time": 577.564
}