[
  {
    "Plan": {
      "Node Type": "Aggregate",
      "Strategy": "Plain",
      "Partial Mode": "Finalize",
      "Parallel Aware": false,
      "Startup Cost": 77545.43,
      "Total Cost": 77545.44,
      "Plan Rows": 1,
      "Plan Width": 8,
      "Actual Startup Time": 274.787,
      "Actual Total Time": 289.898,
      "Actual Rows": 1,
      "Actual Loops": 1,
      "Plans": [
        {
          "Node Type": "Gather",
          "Parent Relationship": "Outer",
          "Parallel Aware": false,
          "Startup Cost": 77545.11,
          "Total Cost": 77545.42,
          "Plan Rows": 3,
          "Plan Width": 8,
          "Actual Startup Time": 272.889,
          "Actual Total Time": 289.89,
          "Actual Rows": 4,
          "Actual Loops": 1,
          "Workers Planned": 3,
          "Workers Launched": 3,
          "Single Copy": false,
          "Plans": [
            {
              "Node Type": "Aggregate",
              "Strategy": "Plain",
              "Partial Mode": "Partial",
              "Parent Relationship": "Outer",
              "Parallel Aware": false,
              "Startup Cost": 76545.11,
              "Total Cost": 76545.12,
              "Plan Rows": 1,
              "Plan Width": 8,
              "Actual Startup Time": 264.165,
              "Actual Total Time": 264.168,
              "Actual Rows": 1,
              "Actual Loops": 4,
              "Plans": [
                {
                  "Node Type": "Hash Join",
                  "Parent Relationship": "Outer",
                  "Parallel Aware": true,
                  "Join Type": "Inner",
                  "Startup Cost": 46037.21,
                  "Total Cost": 76469.65,
                  "Plan Rows": 30186,
                  "Plan Width": 0,
                  "Actual Startup Time": 167.573,
                  "Actual Total Time": 260.828,
                  "Actual Rows": 68456,
                  "Actual Loops": 4,
                  "Inner Unique": true,
                  "Hash Cond": "(mc.movie_id = t.id)",
                  "Plans": [
                    {
                      "Node Type": "Seq Scan",
                      "Parent Relationship": "Outer",
                      "Parallel Aware": true,
                      "Relation Name": "movie_companies",
                      "Alias": "mc",
                      "Startup Cost": 0.0,
                      "Total Cost": 29310.68,
                      "Plan Rows": 427336,
                      "Plan Width": 4,
                      "Actual Startup Time": 30.891,
                      "Actual Total Time": 69.386,
                      "Actual Rows": 333721,
                      "Actual Loops": 4,
                      "Filter": "(company_type_id > 1)",
                      "Rows Removed by Filter": 318562
                    },
                    {
                      "Node Type": "Hash",
                      "Parent Relationship": "Inner",
                      "Parallel Aware": true,
                      "Startup Cost": 45479.1,
                      "Total Cost": 45479.1,
                      "Plan Rows": 44649,
                      "Plan Width": 4,
                      "Actual Startup Time": 134.257,
                      "Actual Total Time": 134.258,
                      "Actual Rows": 72056,
                      "Actual Loops": 4,
                      "Hash Buckets": 524288,
                      "Original Hash Buckets": 262144,
                      "Hash Batches": 1,
                      "Original Hash Batches": 1,
                      "Peak Memory Usage": 17472,
                      "Plans": [
                        {
                          "Node Type": "Seq Scan",
                          "Parent Relationship": "Outer",
                          "Parallel Aware": true,
                          "Relation Name": "title",
                          "Alias": "t",
                          "Startup Cost": 0.0,
                          "Total Cost": 45479.1,
                          "Plan Rows": 44649,
                          "Plan Width": 4,
                          "Actual Startup Time": 0.208,
                          "Actual Total Time": 103.402,
                          "Actual Rows": 72056,
                          "Actual Loops": 4,
                          "Filter": "((kind_id < 7) AND (production_year < 1977))",
                          "Rows Removed by Filter": 560022
                        }
                      ]
                    }
                  ]
                }
              ]
            }
          ]
        }
      ]
    },
    "Planning Time": 0.692,
    "Triggers": [],
    "Execution Time": 289.974
  }
]