[
  {
    "Plan": {
      "Node Type": "Aggregate",
      "Strategy": "Plain",
      "Partial Mode": "Finalize",
      "Parallel Aware": false,
      "Startup Cost": 16124.06,
      "Total Cost": 16124.07,
      "Plan Rows": 1,
      "Plan Width": 8,
      "Actual Startup Time": 7.355,
      "Actual Total Time": 9.018,
      "Actual Rows": 1,
      "Actual Loops": 1,
      "Plans": [
        {
          "Node Type": "Gather",
          "Parent Relationship": "Outer",
          "Parallel Aware": false,
          "Startup Cost": 16123.85,
          "Total Cost": 16124.06,
          "Plan Rows": 2,
          "Plan Width": 8,
          "Actual Startup Time": 7.246,
          "Actual Total Time": 9.012,
          "Actual Rows": 3,
          "Actual Loops": 1,
          "Workers Planned": 2,
          "Workers Launched": 2,
          "Single Copy": false,
          "Plans": [
            {
              "Node Type": "Aggregate",
              "Strategy": "Plain",
              "Partial Mode": "Partial",
              "Parent Relationship": "Outer",
              "Parallel Aware": false,
              "Startup Cost": 15123.85,
              "Total Cost": 15123.86,
              "Plan Rows": 1,
              "Plan Width": 8,
              "Actual Startup Time": 3.86,
              "Actual Total Time": 3.862,
              "Actual Rows": 1,
              "Actual Loops": 3,
              "Plans": [
                {
                  "Node Type": "Nested Loop",
                  "Parent Relationship": "Outer",
                  "Parallel Aware": false,
                  "Join Type": "Inner",
                  "Startup Cost": 80.06,
                  "Total Cost": 15121.95,
                  "Plan Rows": 759,
                  "Plan Width": 0,
                  "Actual Startup Time": 1.034,
                  "Actual Total Time": 3.841,
                  "Actual Rows": 157,
                  "Actual Loops": 3,
                  "Inner Unique": true,
                  "Plans": [
                    {
                      "Node Type": "Bitmap Heap Scan",
                      "Parent Relationship": "Outer",
                      "Parallel Aware": true,
                      "Relation Name": "movie_companies",
                      "Alias": "mc",
                      "Startup Cost": 79.63,
                      "Total Cost": 9061.88,
                      "Plan Rows": 759,
                      "Plan Width": 4,
                      "Actual Startup Time": 0.932,
                      "Actual Total Time": 1.565,
                      "Actual Rows": 157,
                      "Actual Loops": 3,
                      "Recheck Cond": "(company_id = 115)",
                      "Rows Removed by Index Recheck": 0,
                      "Filter": "(company_type_id = 2)",
                      "Rows Removed by Filter": 683,
                      "Exact Heap Blocks": 874,
                      "Lossy Heap Blocks": 0,
                      "Plans": [
                        {
                          "Node Type": "Bitmap Index Scan",
                          "Parent Relationship": "Outer",
                          "Parallel Aware": false,
                          "Index Name": "company_id_movie_companies",
                          "Startup Cost": 0.0,
                          "Total Cost": 79.18,
                          "Plan Rows": 3566,
                          "Plan Width": 0,
                          "Actual Startup Time": 0.878,
                          "Actual Total Time": 0.879,
                          "Actual Rows": 2519,
                          "Actual Loops": 1,
                          "Index Cond": "(company_id = 115)"
                        }
                      ]
                    },
                    {
                      "Node Type": "Index Only Scan",
                      "Parent Relationship": "Inner",
                      "Parallel Aware": false,
                      "Scan Direction": "Forward",
                      "Index Name": "title_pkey",
                      "Relation Name": "title",
                      "Alias": "t",
                      "Startup Cost": 0.43,
                      "Total Cost": 7.98,
                      "Plan Rows": 1,
                      "Plan Width": 4,
                      "Actual Startup Time": 0.014,
                      "Actual Total Time": 0.014,
                      "Actual Rows": 1,
                      "Actual Loops": 470,
                      "Index Cond": "(id = mc.movie_id)",
                      "Rows Removed by Index Recheck": 0,
                      "Heap Fetches": 470
                    }
                  ]
                }
              ]
            }
          ]
        }
      ]
    },
    "Planning Time": 0.647,
    "Triggers": [],
    "Execution Time": 9.07
  }
]