[
  {
    "Plan": {
      "Node Type": "Aggregate",
      "Strategy": "Plain",
      "Partial Mode": "Finalize",
      "Parallel Aware": false,
      "Startup Cost": 412647.61,
      "Total Cost": 412647.62,
      "Plan Rows": 1,
      "Plan Width": 8,
      "Actual Startup Time": 1326.861,
      "Actual Total Time": 1400.26,
      "Actual Rows": 1,
      "Actual Loops": 1,
      "Plans": [
        {
          "Node Type": "Gather",
          "Parent Relationship": "Outer",
          "Parallel Aware": false,
          "Startup Cost": 412646.99,
          "Total Cost": 412647.6,
          "Plan Rows": 6,
          "Plan Width": 8,
          "Actual Startup Time": 1314.98,
          "Actual Total Time": 1400.245,
          "Actual Rows": 7,
          "Actual Loops": 1,
          "Workers Planned": 6,
          "Workers Launched": 6,
          "Single Copy": false,
          "Plans": [
            {
              "Node Type": "Aggregate",
              "Strategy": "Plain",
              "Partial Mode": "Partial",
              "Parent Relationship": "Outer",
              "Parallel Aware": false,
              "Startup Cost": 411646.99,
              "Total Cost": 411647.0,
              "Plan Rows": 1,
              "Plan Width": 8,
              "Actual Startup Time": 1306.493,
              "Actual Total Time": 1306.637,
              "Actual Rows": 1,
              "Actual Loops": 7,
              "Plans": [
                {
                  "Node Type": "Hash Join",
                  "Parent Relationship": "Outer",
                  "Parallel Aware": true,
                  "Join Type": "Inner",
                  "Startup Cost": 70110.49,
                  "Total Cost": 410138.8,
                  "Plan Rows": 603276,
                  "Plan Width": 0,
                  "Actual Startup Time": 545.456,
                  "Actual Total Time": 1269.506,
                  "Actual Rows": 831024,
                  "Actual Loops": 7,
                  "Inner Unique": false,
                  "Hash Cond": "(ci.movie_id = t.id)",
                  "Plans": [
                    {
                      "Node Type": "Seq Scan",
                      "Parent Relationship": "Outer",
                      "Parallel Aware": true,
                      "Relation Name": "cast_info",
                      "Alias": "ci",
                      "Startup Cost": 0.0,
                      "Total Cost": 328211.39,
                      "Plan Rows": 2480874,
                      "Plan Width": 4,
                      "Actual Startup Time": 239.751,
                      "Actual Total Time": 576.937,
                      "Actual Rows": 2088789,
                      "Actual Loops": 7,
                      "Filter": "(person_id > 2194664)",
                      "Rows Removed by Filter": 3088975
                    },
                    {
                      "Node Type": "Hash",
                      "Parent Relationship": "Inner",
                      "Parallel Aware": true,
                      "Startup Cost": 66908.22,
                      "Total Cost": 66908.22,
                      "Plan Rows": 256182,
                      "Plan Width": 8,
                      "Actual Startup Time": 303.16,
                      "Actual Total Time": 303.302,
                      "Actual Rows": 60659,
                      "Actual Loops": 7,
                      "Hash Buckets": 1048576,
                      "Original Hash Buckets": 1048576,
                      "Hash Batches": 1,
                      "Original Hash Batches": 1,
                      "Peak Memory Usage": 24896,
                      "Plans": [
                        {
                          "Node Type": "Hash Join",
                          "Parent Relationship": "Outer",
                          "Parallel Aware": true,
                          "Join Type": "Inner",
                          "Startup Cost": 50783.79,
                          "Total Cost": 66908.22,
                          "Plan Rows": 256182,
                          "Plan Width": 8,
                          "Actual Startup Time": 214.434,
                          "Actual Total Time": 278.187,
                          "Actual Rows": 60659,
                          "Actual Loops": 7,
                          "Inner Unique": true,
                          "Hash Cond": "(mi_idx.movie_id = t.id)",
                          "Plans": [
                            {
                              "Node Type": "Seq Scan",
                              "Parent Relationship": "Outer",
                              "Parallel Aware": true,
                              "Relation Name": "movie_info_idx",
                              "Alias": "mi_idx",
                              "Startup Cost": 0.0,
                              "Total Cost": 15122.68,
                              "Plan Rows": 381618,
                              "Plan Width": 4,
                              "Actual Startup Time": 0.02,
                              "Actual Total Time": 24.465,
                              "Actual Rows": 131407,
                              "Actual Loops": 7,
                              "Filter": "(info_type_id < 101)",
                              "Rows Removed by Filter": 65741
                            },
                            {
                              "Node Type": "Hash",
                              "Parent Relationship": "Inner",
                              "Parallel Aware": true,
                              "Startup Cost": 45479.59,
                              "Total Cost": 45479.59,
                              "Plan Rows": 424336,
                              "Plan Width": 4,
                              "Actual Startup Time": 211.909,
                              "Actual Total Time": 211.911,
                              "Actual Rows": 244179,
                              "Actual Loops": 7,
                              "Hash Buckets": 2097152,
                              "Original Hash Buckets": 2097152,
                              "Hash Batches": 1,
                              "Original Hash Batches": 1,
                              "Peak Memory Usage": 83360,
                              "Plans": [
                                {
                                  "Node Type": "Seq Scan",
                                  "Parent Relationship": "Outer",
                                  "Parallel Aware": true,
                                  "Relation Name": "title",
                                  "Alias": "t",
                                  "Startup Cost": 0.0,
                                  "Total Cost": 45479.59,
                                  "Plan Rows": 424336,
                                  "Plan Width": 4,
                                  "Actual Startup Time": 0.042,
                                  "Actual Total Time": 87.562,
                                  "Actual Rows": 244179,
                                  "Actual Loops": 7,
                                  "Filter": "((kind_id > 2) AND (production_year > 1911))",
                                  "Rows Removed by Filter": 117009
                                }
                              ]
                            }
                          ]
                        }
                      ]
                    }
                  ]
                }
              ]
            }
          ]
        }
      ]
    },
    "Planning Time": 0.628,
    "Triggers": [],
    "Execution Time": 1400.339
  }
]