[
  {
    "Plan": {
      "Node Type": "Aggregate",
      "Strategy": "Plain",
      "Partial Mode": "Finalize",
      "Parallel Aware": false,
      "Startup Cost": 412454.94,
      "Total Cost": 412454.95,
      "Plan Rows": 1,
      "Plan Width": 8,
      "Actual Startup Time": 1287.467,
      "Actual Total Time": 1345.4,
      "Actual Rows": 1,
      "Actual Loops": 1,
      "Plans": [
        {
          "Node Type": "Gather",
          "Parent Relationship": "Outer",
          "Parallel Aware": false,
          "Startup Cost": 412454.31,
          "Total Cost": 412454.92,
          "Plan Rows": 6,
          "Plan Width": 8,
          "Actual Startup Time": 1278.226,
          "Actual Total Time": 1345.388,
          "Actual Rows": 7,
          "Actual Loops": 1,
          "Workers Planned": 6,
          "Workers Launched": 6,
          "Single Copy": false,
          "Plans": [
            {
              "Node Type": "Aggregate",
              "Strategy": "Plain",
              "Partial Mode": "Partial",
              "Parent Relationship": "Outer",
              "Parallel Aware": false,
              "Startup Cost": 411454.31,
              "Total Cost": 411454.32,
              "Plan Rows": 1,
              "Plan Width": 8,
              "Actual Startup Time": 1266.98,
              "Actual Total Time": 1267.092,
              "Actual Rows": 1,
              "Actual Loops": 7,
              "Plans": [
                {
                  "Node Type": "Hash Join",
                  "Parent Relationship": "Outer",
                  "Parallel Aware": true,
                  "Join Type": "Inner",
                  "Startup Cost": 70148.65,
                  "Total Cost": 409960.05,
                  "Plan Rows": 597706,
                  "Plan Width": 0,
                  "Actual Startup Time": 508.815,
                  "Actual Total Time": 1230.921,
                  "Actual Rows": 831024,
                  "Actual Loops": 7,
                  "Inner Unique": false,
                  "Hash Cond": "(ci.movie_id = t.id)",
                  "Plans": [
                    {
                      "Node Type": "Seq Scan",
                      "Parent Relationship": "Outer",
                      "Parallel Aware": true,
                      "Relation Name": "cast_info",
                      "Alias": "ci",
                      "Startup Cost": 0.0,
                      "Total Cost": 328162.03,
                      "Plan Rows": 2442380,
                      "Plan Width": 4,
                      "Actual Startup Time": 218.302,
                      "Actual Total Time": 556.657,
                      "Actual Rows": 2088789,
                      "Actual Loops": 7,
                      "Filter": "(person_id > 2194664)",
                      "Rows Removed by Filter": 3088975
                    },
                    {
                      "Node Type": "Hash",
                      "Parent Relationship": "Inner",
                      "Parallel Aware": true,
                      "Startup Cost": 66926.09,
                      "Total Cost": 66926.09,
                      "Plan Rows": 257805,
                      "Plan Width": 8,
                      "Actual Startup Time": 287.031,
                      "Actual Total Time": 287.141,
                      "Actual Rows": 60659,
                      "Actual Loops": 7,
                      "Hash Buckets": 1048576,
                      "Original Hash Buckets": 1048576,
                      "Hash Batches": 1,
                      "Original Hash Batches": 1,
                      "Peak Memory Usage": 24896,
                      "Plans": [
                        {
                          "Node Type": "Hash Join",
                          "Parent Relationship": "Outer",
                          "Parallel Aware": true,
                          "Join Type": "Inner",
                          "Startup Cost": 50798.19,
                          "Total Cost": 66926.09,
                          "Plan Rows": 257805,
                          "Plan Width": 8,
                          "Actual Startup Time": 200.091,
                          "Actual Total Time": 261.234,
                          "Actual Rows": 60659,
                          "Actual Loops": 7,
                          "Inner Unique": true,
                          "Hash Cond": "(mi_idx.movie_id = t.id)",
                          "Plans": [
                            {
                              "Node Type": "Seq Scan",
                              "Parent Relationship": "Outer",
                              "Parallel Aware": true,
                              "Relation Name": "movie_info_idx",
                              "Alias": "mi_idx",
                              "Startup Cost": 0.0,
                              "Total Cost": 15122.68,
                              "Plan Rows": 382940,
                              "Plan Width": 4,
                              "Actual Startup Time": 0.036,
                              "Actual Total Time": 23.016,
                              "Actual Rows": 131407,
                              "Actual Loops": 7,
                              "Filter": "(info_type_id < 101)",
                              "Rows Removed by Filter": 65741
                            },
                            {
                              "Node Type": "Hash",
                              "Parent Relationship": "Inner",
                              "Parallel Aware": true,
                              "Startup Cost": 45479.1,
                              "Total Cost": 45479.1,
                              "Plan Rows": 425527,
                              "Plan Width": 4,
                              "Actual Startup Time": 197.185,
                              "Actual Total Time": 197.186,
                              "Actual Rows": 244179,
                              "Actual Loops": 7,
                              "Hash Buckets": 2097152,
                              "Original Hash Buckets": 2097152,
                              "Hash Batches": 1,
                              "Original Hash Batches": 1,
                              "Peak Memory Usage": 83360,
                              "Plans": [
                                {
                                  "Node Type": "Seq Scan",
                                  "Parent Relationship": "Outer",
                                  "Parallel Aware": true,
                                  "Relation Name": "title",
                                  "Alias": "t",
                                  "Startup Cost": 0.0,
                                  "Total Cost": 45479.1,
                                  "Plan Rows": 425527,
                                  "Plan Width": 4,
                                  "Actual Startup Time": 0.045,
                                  "Actual Total Time": 79.865,
                                  "Actual Rows": 244179,
                                  "Actual Loops": 7,
                                  "Filter": "((kind_id > 2) AND (production_year > 1911))",
                                  "Rows Removed by Filter": 117009
                                }
                              ]
                            }
                          ]
                        }
                      ]
                    }
                  ]
                }
              ]
            }
          ]
        }
      ]
    },
    "Planning Time": 1.466,
    "Triggers": [],
    "Execution Time": 1345.5
  }
]