[
  {
    "Plan": {
      "Node Type": "Aggregate",
      "Strategy": "Plain",
      "Partial Mode": "Finalize",
      "Parallel Aware": false,
      "Startup Cost": 498519.4,
      "Total Cost": 498519.41,
      "Plan Rows": 1,
      "Plan Width": 8,
      "Actual Startup Time": 4864.793,
      "Actual Total Time": 4925.895,
      "Actual Rows": 1,
      "Actual Loops": 1,
      "Plans": [
        {
          "Node Type": "Gather",
          "Parent Relationship": "Outer",
          "Parallel Aware": false,
          "Startup Cost": 498518.78,
          "Total Cost": 498519.39,
          "Plan Rows": 6,
          "Plan Width": 8,
          "Actual Startup Time": 4822.214,
          "Actual Total Time": 4925.882,
          "Actual Rows": 7,
          "Actual Loops": 1,
          "Workers Planned": 6,
          "Workers Launched": 6,
          "Single Copy": false,
          "Plans": [
            {
              "Node Type": "Aggregate",
              "Strategy": "Plain",
              "Partial Mode": "Partial",
              "Parent Relationship": "Outer",
              "Parallel Aware": false,
              "Startup Cost": 497518.78,
              "Total Cost": 497518.79,
              "Plan Rows": 1,
              "Plan Width": 8,
              "Actual Startup Time": 4800.47,
              "Actual Total Time": 4801.465,
              "Actual Rows": 1,
              "Actual Loops": 7,
              "Plans": [
                {
                  "Node Type": "Hash Join",
                  "Parent Relationship": "Outer",
                  "Parallel Aware": true,
                  "Join Type": "Inner",
                  "Startup Cost": 113178.8,
                  "Total Cost": 479982.16,
                  "Plan Rows": 7014648,
                  "Plan Width": 0,
                  "Actual Startup Time": 797.517,
                  "Actual Total Time": 3958.768,
                  "Actual Rows": 19569293,
                  "Actual Loops": 7,
                  "Inner Unique": false,
                  "Hash Cond": "(ci.movie_id = t.id)",
                  "Plans": [
                    {
                      "Node Type": "Seq Scan",
                      "Parent Relationship": "Outer",
                      "Parallel Aware": true,
                      "Relation Name": "cast_info",
                      "Alias": "ci",
                      "Startup Cost": 0.0,
                      "Total Cost": 328162.03,
                      "Plan Rows": 4270246,
                      "Plan Width": 4,
                      "Actual Startup Time": 112.394,
                      "Actual Total Time": 612.088,
                      "Actual Rows": 3657004,
                      "Actual Loops": 7,
                      "Filter": "(person_id > 1044471)",
                      "Rows Removed by Filter": 1520760
                    },
                    {
                      "Node Type": "Hash",
                      "Parent Relationship": "Inner",
                      "Parallel Aware": true,
                      "Startup Cost": 96432.11,
                      "Total Cost": 96432.11,
                      "Plan Rows": 1339735,
                      "Plan Width": 8,
                      "Actual Startup Time": 678.021,
                      "Actual Total Time": 679.014,
                      "Actual Rows": 595171,
                      "Actual Loops": 7,
                      "Hash Buckets": 4194304,
                      "Original Hash Buckets": 4194304,
                      "Hash Batches": 1,
                      "Original Hash Batches": 1,
                      "Peak Memory Usage": 195872,
                      "Plans": [
                        {
                          "Node Type": "Hash Join",
                          "Parent Relationship": "Outer",
                          "Parallel Aware": true,
                          "Join Type": "Inner",
                          "Startup Cost": 50219.64,
                          "Total Cost": 96432.11,
                          "Plan Rows": 1339735,
                          "Plan Width": 8,
                          "Actual Startup Time": 261.585,
                          "Actual Total Time": 483.73,
                          "Actual Rows": 595171,
                          "Actual Loops": 7,
                          "Inner Unique": true,
                          "Hash Cond": "(mk.movie_id = t.id)",
                          "Plans": [
                            {
                              "Node Type": "Seq Scan",
                              "Parent Relationship": "Outer",
                              "Parallel Aware": true,
                              "Relation Name": "movie_keyword",
                              "Alias": "mk",
                              "Startup Cost": 0.0,
                              "Total Cost": 42695.65,
                              "Plan Rows": 1339735,
                              "Plan Width": 4,
                              "Actual Startup Time": 0.037,
                              "Actual Total Time": 90.946,
                              "Actual Rows": 595171,
                              "Actual Loops": 7,
                              "Filter": "(keyword_id < 46740)",
                              "Rows Removed by Filter": 51105
                            },
                            {
                              "Node Type": "Hash",
                              "Parent Relationship": "Inner",
                              "Parallel Aware": true,
                              "Startup Cost": 42318.73,
                              "Total Cost": 42318.73,
                              "Plan Rows": 632073,
                              "Plan Width": 4,
                              "Actual Startup Time": 257.919,
                              "Actual Total Time": 257.92,
                              "Actual Rows": 361187,
                              "Actual Loops": 7,
                              "Hash Buckets": 4194304,
                              "Original Hash Buckets": 4194304,
                              "Hash Batches": 1,
                              "Original Hash Batches": 1,
                              "Peak Memory Usage": 131776,
                              "Plans": [
                                {
                                  "Node Type": "Seq Scan",
                                  "Parent Relationship": "Outer",
                                  "Parallel Aware": true,
                                  "Relation Name": "title",
                                  "Alias": "t",
                                  "Startup Cost": 0.0,
                                  "Total Cost": 42318.73,
                                  "Plan Rows": 632073,
                                  "Plan Width": 4,
                                  "Actual Startup Time": 0.044,
                                  "Actual Total Time": 76.288,
                                  "Actual Rows": 361187,
                                  "Actual Loops": 7
                                }
                              ]
                            }
                          ]
                        }
                      ]
                    }
                  ]
                }
              ]
            }
          ]
        }
      ]
    },
    "Planning Time": 1.285,
    "Triggers": [],
    "Execution Time": 4925.988
  }
]