{
  "Plan": {
    "Node Type": "Aggregate",
    "Strategy": "Plain",
    "Partial Mode": "Finalize",
    "Parallel Aware": false,
    "Startup Cost": 412870.38,
    "Total Cost": 412870.39,
    "Plan Rows": 1,
    "Plan Width": 8,
    "Actual Startup Time": 5895.05,
    "Actual Total Time": 5951.059,
    "Actual Rows": 1,
    "Actual Loops": 1,
    "Plans": [
      {
        "Node Type": "Gather",
        "Parent Relationship": "Outer",
        "Parallel Aware": false,
        "Startup Cost": 412870.27,
        "Total Cost": 412870.38,
        "Plan Rows": 1,
        "Plan Width": 8,
        "Actual Startup Time": 5889.273,
        "Actual Total Time": 5951.049,
        "Actual Rows": 2,
        "Actual Loops": 1,
        "Workers Planned": 1,
        "Workers Launched": 1,
        "Single Copy": false,
        "Plans": [
          {
            "Node Type": "Aggregate",
            "Strategy": "Plain",
            "Partial Mode": "Partial",
            "Parent Relationship": "Outer",
            "Parallel Aware": false,
            "Startup Cost": 411870.27,
            "Total Cost": 411870.28,
            "Plan Rows": 1,
            "Plan Width": 8,
            "Actual Startup Time": 5883.713,
            "Actual Total Time": 5884.055,
            "Actual Rows": 1,
            "Actual Loops": 2,
            "Plans": [
              {
                "Node Type": "Hash Join",
                "Parent Relationship": "Outer",
                "Parallel Aware": true,
                "Join Type": "Inner",
                "Startup Cost": 107782.27,
                "Total Cost": 405153.41,
                "Plan Rows": 2686744,
                "Plan Width": 0,
                "Actual Startup Time": 972.03,
                "Actual Total Time": 4900.608,
                "Actual Rows": 22752655,
                "Actual Loops": 2,
                "Inner Unique": false,
                "Hash Cond": "(mi.movie_id = t.id)",
                "Plans": [
                  {
                    "Node Type": "Seq Scan",
                    "Parent Relationship": "Outer",
                    "Parallel Aware": true,
                    "Relation Name": "movie_info",
                    "Alias": "mi",
                    "Startup Cost": 0.0,
                    "Total Cost": 248955.74,
                    "Plan Rows": 8696274,
                    "Plan Width": 4,
                    "Actual Startup Time": 0.018,
                    "Actual Total Time": 704.845,
                    "Actual Rows": 7417860,
                    "Actual Loops": 2
                  },
                  {
                    "Node Type": "Hash",
                    "Parent Relationship": "Inner",
                    "Parallel Aware": true,
                    "Startup Cost": 102038.71,
                    "Total Cost": 102038.71,
                    "Plan Rows": 459485,
                    "Plan Width": 8,
                    "Actual Startup Time": 961.11,
                    "Actual Total Time": 961.45,
                    "Actual Rows": 610748,
                    "Actual Loops": 2,
                    "Hash Buckets": 2097152,
                    "Original Hash Buckets": 1048576,
                    "Hash Batches": 1,
                    "Original Hash Batches": 1,
                    "Peak Memory Usage": 72384,
                    "Plans": [
                      {
                        "Node Type": "Hash Join",
                        "Parent Relationship": "Outer",
                        "Parallel Aware": true,
                        "Join Type": "Inner",
                        "Startup Cost": 63872.08,
                        "Total Cost": 102038.71,
                        "Plan Rows": 459485,
                        "Plan Width": 8,
                        "Actual Startup Time": 290.103,
                        "Actual Total Time": 773.929,
                        "Actual Rows": 610748,
                        "Actual Loops": 2,
                        "Inner Unique": true,
                        "Hash Cond": "(mc.movie_id = t.id)",
                        "Plans": [
                          {
                            "Node Type": "Seq Scan",
                            "Parent Relationship": "Outer",
                            "Parallel Aware": true,
                            "Relation Name": "movie_companies",
                            "Alias": "mc",
                            "Startup Cost": 0.0,
                            "Total Cost": 34137.82,
                            "Plan Rows": 1534782,
                            "Plan Width": 4,
                            "Actual Startup Time": 0.014,
                            "Actual Total Time": 132.401,
                            "Actual Rows": 1304564,
                            "Actual Loops": 2
                          },
                          {
                            "Node Type": "Hash",
                            "Parent Relationship": "Inner",
                            "Parallel Aware": true,
                            "Startup Cost": 58306.47,
                            "Total Cost": 58306.47,
                            "Plan Rows": 445249,
                            "Plan Width": 4,
                            "Actual Startup Time": 282.271,
                            "Actual Total Time": 282.272,
                            "Actual Rows": 328600,
                            "Actual Loops": 2,
                            "Hash Buckets": 1048576,
                            "Original Hash Buckets": 1048576,
                            "Hash Batches": 1,
                            "Original Hash Batches": 1,
                            "Peak Memory Usage": 33920,
                            "Plans": [
                              {
                                "Node Type": "Seq Scan",
                                "Parent Relationship": "Outer",
                                "Parallel Aware": true,
                                "Relation Name": "title",
                                "Alias": "t",
                                "Startup Cost": 0.0,
                                "Total Cost": 58306.47,
                                "Plan Rows": 445249,
                                "Plan Width": 4,
                                "Actual Startup Time": 0.065,
                                "Actual Total Time": 180.325,
                                "Actual Rows": 328600,
                                "Actual Loops": 2,
                                "Filter": "((kind_id < 7) AND (production_year > 1981))",
                                "Rows Removed by Filter": 935556
                              }
                            ]
                          }
                        ]
                      }
                    ]
                  }
                ]
              }
            ]
          }
        ]
      }
    ]
  },
  "Planning Time": 0.987,
  "Triggers": [],
  "Execution Time": 5951.143
}