[
  {
    "Plan": {
      "Node Type": "Aggregate",
      "Strategy": "Plain",
      "Partial Mode": "Finalize",
      "Parallel Aware": false,
      "Startup Cost": 110646.79,
      "Total Cost": 110646.8,
      "Plan Rows": 1,
      "Plan Width": 8,
      "Actual Startup Time": 562.363,
      "Actual Total Time": 584.313,
      "Actual Rows": 1,
      "Actual Loops": 1,
      "Plans": [
        {
          "Node Type": "Gather",
          "Parent Relationship": "Outer",
          "Parallel Aware": false,
          "Startup Cost": 110646.47,
          "Total Cost": 110646.78,
          "Plan Rows": 3,
          "Plan Width": 8,
          "Actual Startup Time": 558.184,
          "Actual Total Time": 584.285,
          "Actual Rows": 4,
          "Actual Loops": 1,
          "Workers Planned": 3,
          "Workers Launched": 3,
          "Single Copy": false,
          "Plans": [
            {
              "Node Type": "Aggregate",
              "Strategy": "Plain",
              "Partial Mode": "Partial",
              "Parent Relationship": "Outer",
              "Parallel Aware": false,
              "Startup Cost": 109646.47,
              "Total Cost": 109646.48,
              "Plan Rows": 1,
              "Plan Width": 8,
              "Actual Startup Time": 554.236,
              "Actual Total Time": 554.574,
              "Actual Rows": 1,
              "Actual Loops": 4,
              "Plans": [
                {
                  "Node Type": "Hash Join",
                  "Parent Relationship": "Outer",
                  "Parallel Aware": true,
                  "Join Type": "Inner",
                  "Startup Cost": 62274.32,
                  "Total Cost": 109482.85,
                  "Plan Rows": 65448,
                  "Plan Width": 0,
                  "Actual Startup Time": 263.067,
                  "Actual Total Time": 516.3,
                  "Actual Rows": 864473,
                  "Actual Loops": 4,
                  "Inner Unique": false,
                  "Hash Cond": "(mk.movie_id = t.id)",
                  "Plans": [
                    {
                      "Node Type": "Seq Scan",
                      "Parent Relationship": "Outer",
                      "Parallel Aware": true,
                      "Relation Name": "movie_keyword",
                      "Alias": "mk",
                      "Startup Cost": 0.0,
                      "Total Cost": 42695.65,
                      "Plan Rows": 1130713,
                      "Plan Width": 4,
                      "Actual Startup Time": 0.072,
                      "Actual Total Time": 113.196,
                      "Actual Rows": 875787,
                      "Actual Loops": 4,
                      "Filter": "(keyword_id > 992)",
                      "Rows Removed by Filter": 255196
                    },
                    {
                      "Node Type": "Hash",
                      "Parent Relationship": "Inner",
                      "Parallel Aware": true,
                      "Startup Cost": 61512.07,
                      "Total Cost": 61512.07,
                      "Plan Rows": 60980,
                      "Plan Width": 8,
                      "Actual Startup Time": 261.502,
                      "Actual Total Time": 261.839,
                      "Actual Rows": 96418,
                      "Actual Loops": 4,
                      "Hash Buckets": 524288,
                      "Original Hash Buckets": 262144,
                      "Hash Batches": 1,
                      "Original Hash Batches": 1,
                      "Peak Memory Usage": 21312,
                      "Plans": [
                        {
                          "Node Type": "Hash Join",
                          "Parent Relationship": "Outer",
                          "Parallel Aware": true,
                          "Join Type": "Inner",
                          "Startup Cost": 46317.51,
                          "Total Cost": 61512.07,
                          "Plan Rows": 60980,
                          "Plan Width": 8,
                          "Actual Startup Time": 138.253,
                          "Actual Total Time": 229.278,
                          "Actual Rows": 96418,
                          "Actual Loops": 4,
                          "Inner Unique": true,
                          "Hash Cond": "(mi_idx.movie_id = t.id)",
                          "Plans": [
                            {
                              "Node Type": "Seq Scan",
                              "Parent Relationship": "Outer",
                              "Parallel Aware": true,
                              "Relation Name": "movie_info_idx",
                              "Alias": "mi_idx",
                              "Startup Cost": 0.0,
                              "Total Cost": 13685.15,
                              "Plan Rows": 575015,
                              "Plan Width": 4,
                              "Actual Startup Time": 0.012,
                              "Actual Total Time": 32.879,
                              "Actual Rows": 345009,
                              "Actual Loops": 4
                            },
                            {
                              "Node Type": "Hash",
                              "Parent Relationship": "Inner",
                              "Parallel Aware": true,
                              "Startup Cost": 45479.59,
                              "Total Cost": 45479.59,
                              "Plan Rows": 67034,
                              "Plan Width": 4,
                              "Actual Startup Time": 136.538,
                              "Actual Total Time": 136.539,
                              "Actual Rows": 103597,
                              "Actual Loops": 4,
                              "Hash Buckets": 524288,
                              "Original Hash Buckets": 524288,
                              "Hash Batches": 1,
                              "Original Hash Batches": 1,
                              "Peak Memory Usage": 20352,
                              "Plans": [
                                {
                                  "Node Type": "Seq Scan",
                                  "Parent Relationship": "Outer",
                                  "Parallel Aware": true,
                                  "Relation Name": "title",
                                  "Alias": "t",
                                  "Startup Cost": 0.0,
                                  "Total Cost": 45479.59,
                                  "Plan Rows": 67034,
                                  "Plan Width": 4,
                                  "Actual Startup Time": 0.063,
                                  "Actual Total Time": 97.59,
                                  "Actual Rows": 103597,
                                  "Actual Loops": 4,
                                  "Filter": "((kind_id < 4) AND (production_year < 1995))",
                                  "Rows Removed by Filter": 528481
                                }
                              ]
                            }
                          ]
                        }
                      ]
                    }
                  ]
                }
              ]
            }
          ]
        }
      ]
    },
    "Planning Time": 0.626,
    "Triggers": [],
    "Execution Time": 584.367
  }
]