{
  "Plan": {
    "Node Type": "Aggregate",
    "Strategy": "Plain",
    "Partial Mode": "Finalize",
    "Parallel Aware": false,
    "Startup Cost": 460874.96,
    "Total Cost": 460874.97,
    "Plan Rows": 1,
    "Plan Width": 8,
    "Actual Startup Time": 3303.526,
    "Actual Total Time": 3343.89,
    "Actual Rows": 1,
    "Actual Loops": 1,
    "Plans": [
      {
        "Node Type": "Gather",
        "Parent Relationship": "Outer",
        "Parallel Aware": false,
        "Startup Cost": 460874.84,
        "Total Cost": 460874.95,
        "Plan Rows": 1,
        "Plan Width": 8,
        "Actual Startup Time": 3303.518,
        "Actual Total Time": 3343.883,
        "Actual Rows": 2,
        "Actual Loops": 1,
        "Workers Planned": 1,
        "Workers Launched": 1,
        "Single Copy": false,
        "Plans": [
          {
            "Node Type": "Aggregate",
            "Strategy": "Plain",
            "Partial Mode": "Partial",
            "Parent Relationship": "Outer",
            "Parallel Aware": false,
            "Startup Cost": 459874.84,
            "Total Cost": 459874.85,
            "Plan Rows": 1,
            "Plan Width": 8,
            "Actual Startup Time": 3297.236,
            "Actual Total Time": 3297.238,
            "Actual Rows": 1,
            "Actual Loops": 2,
            "Plans": [
              {
                "Node Type": "Merge Join",
                "Parent Relationship": "Outer",
                "Parallel Aware": false,
                "Join Type": "Inner",
                "Startup Cost": 21.29,
                "Total Cost": 457503.55,
                "Plan Rows": 948519,
                "Plan Width": 0,
                "Actual Startup Time": 9.428,
                "Actual Total Time": 3240.146,
                "Actual Rows": 1207594,
                "Actual Loops": 2,
                "Inner Unique": false,
                "Merge Cond": "(t.id = mc.movie_id)",
                "Plans": [
                  {
                    "Node Type": "Merge Join",
                    "Parent Relationship": "Outer",
                    "Parallel Aware": false,
                    "Join Type": "Inner",
                    "Startup Cost": 14.62,
                    "Total Cost": 299443.56,
                    "Plan Rows": 919132,
                    "Plan Width": 8,
                    "Actual Startup Time": 8.544,
                    "Actual Total Time": 1987.798,
                    "Actual Rows": 408048,
                    "Actual Loops": 2,
                    "Inner Unique": true,
                    "Merge Cond": "(mk.movie_id = t.id)",
                    "Plans": [
                      {
                        "Node Type": "Index Only Scan",
                        "Parent Relationship": "Outer",
                        "Parallel Aware": true,
                        "Scan Direction": "Forward",
                        "Index Name": "movie_id_movie_keyword",
                        "Relation Name": "movie_keyword",
                        "Alias": "mk",
                        "Startup Cost": 0.43,
                        "Total Cost": 158560.11,
                        "Plan Rows": 2661135,
                        "Plan Width": 4,
                        "Actual Startup Time": 0.116,
                        "Actual Total Time": 459.196,
                        "Actual Rows": 2261961,
                        "Actual Loops": 2,
                        "Heap Fetches": 4523922
                      },
                      {
                        "Node Type": "Index Scan",
                        "Parent Relationship": "Inner",
                        "Parallel Aware": false,
                        "Scan Direction": "Forward",
                        "Index Name": "title_pkey",
                        "Relation Name": "title",
                        "Alias": "t",
                        "Startup Cost": 0.43,
                        "Total Cost": 122981.43,
                        "Plan Rows": 873250,
                        "Plan Width": 4,
                        "Actual Startup Time": 0.105,
                        "Actual Total Time": 1335.959,
                        "Actual Rows": 795030,
                        "Actual Loops": 2,
                        "Filter": "((kind_id > 1) AND (production_year < 2003))",
                        "Rows Removed by Filter": 1730691
                      }
                    ]
                  },
                  {
                    "Node Type": "Index Only Scan",
                    "Parent Relationship": "Inner",
                    "Parallel Aware": false,
                    "Scan Direction": "Forward",
                    "Index Name": "movie_id_movie_companies",
                    "Relation Name": "movie_companies",
                    "Alias": "mc",
                    "Startup Cost": 0.43,
                    "Total Cost": 140059.44,
                    "Plan Rows": 2609129,
                    "Plan Width": 4,
                    "Actual Startup Time": 0.082,
                    "Actual Total Time": 965.135,
                    "Actual Rows": 3689310,
                    "Actual Loops": 2,
                    "Heap Fetches": 7378620
                  }
                ]
              }
            ]
          }
        ]
      }
    ]
  },
  "Planning Time": 1.136,
  "Triggers": [],
  "Execution Time": 3343.988
}