[
  {
    "Plan": {
      "Node Type": "Aggregate",
      "Strategy": "Plain",
      "Partial Mode": "Finalize",
      "Parallel Aware": false,
      "Startup Cost": 32883.7,
      "Total Cost": 32883.71,
      "Plan Rows": 1,
      "Plan Width": 8,
      "Actual Startup Time": 94.996,
      "Actual Total Time": 103.783,
      "Actual Rows": 1,
      "Actual Loops": 1,
      "Plans": [
        {
          "Node Type": "Gather",
          "Parent Relationship": "Outer",
          "Parallel Aware": false,
          "Startup Cost": 32883.38,
          "Total Cost": 32883.69,
          "Plan Rows": 3,
          "Plan Width": 8,
          "Actual Startup Time": 94.864,
          "Actual Total Time": 103.774,
          "Actual Rows": 4,
          "Actual Loops": 1,
          "Workers Planned": 3,
          "Workers Launched": 3,
          "Single Copy": false,
          "Plans": [
            {
              "Node Type": "Aggregate",
              "Strategy": "Plain",
              "Partial Mode": "Partial",
              "Parent Relationship": "Outer",
              "Parallel Aware": false,
              "Startup Cost": 31883.38,
              "Total Cost": 31883.39,
              "Plan Rows": 1,
              "Plan Width": 8,
              "Actual Startup Time": 88.312,
              "Actual Total Time": 88.313,
              "Actual Rows": 1,
              "Actual Loops": 4,
              "Plans": [
                {
                  "Node Type": "Seq Scan",
                  "Parent Relationship": "Outer",
                  "Parallel Aware": true,
                  "Relation Name": "movie_companies",
                  "Alias": "mc",
                  "Startup Cost": 0.0,
                  "Total Cost": 31414.82,
                  "Plan Rows": 187424,
                  "Plan Width": 0,
                  "Actual Startup Time": 49.333,
                  "Actual Total Time": 83.767,
                  "Actual Rows": 93015,
                  "Actual Loops": 4,
                  "Filter": "((company_id < 8693) AND (company_type_id = 2))",
                  "Rows Removed by Filter": 559267
                }
              ]
            }
          ]
        }
      ]
    },
    "Planning Time": 0.229,
    "Triggers": [],
    "Execution Time": 103.843
  }
]