[
    {
        "Bao": {
            "Bao prediction": "NaN",
            "Bao recommended hint": "(no hint)"
        }
    },
    {
        "Plan": {
            "Node Type": "Aggregate",
            "Strategy": "Plain",
            "Partial Mode": "Finalize",
            "Parallel Aware": false,
            "Startup Cost": 388467.78,
            "Total Cost": 388467.79,
            "Plan Rows": 1,
            "Plan Width": 8,
            "Actual Startup Time": 1702.735,
            "Actual Total Time": 1737.389,
            "Actual Rows": 1,
            "Actual Loops": 1,
            "Output": [
                "count(*)"
            ],
            "Plans": [
                {
                    "Node Type": "Gather",
                    "Parent Relationship": "Outer",
                    "Parallel Aware": false,
                    "Startup Cost": 388467.26,
                    "Total Cost": 388467.77,
                    "Plan Rows": 5,
                    "Plan Width": 8,
                    "Actual Startup Time": 1664.437,
                    "Actual Total Time": 1737.381,
                    "Actual Rows": 6,
                    "Actual Loops": 1,
                    "Output": [
                        "(PARTIAL count(*))"
                    ],
                    "Workers Planned": 5,
                    "Workers Launched": 5,
                    "Single Copy": false,
                    "Plans": [
                        {
                            "Node Type": "Aggregate",
                            "Strategy": "Plain",
                            "Partial Mode": "Partial",
                            "Parent Relationship": "Outer",
                            "Parallel Aware": false,
                            "Startup Cost": 387467.26,
                            "Total Cost": 387467.27,
                            "Plan Rows": 1,
                            "Plan Width": 8,
                            "Actual Startup Time": 1653.637,
                            "Actual Total Time": 1653.643,
                            "Actual Rows": 1,
                            "Actual Loops": 6,
                            "Output": [
                                "PARTIAL count(*)"
                            ],
                            "Workers": [
                                {
                                    "Worker Number": 0,
                                    "Actual Startup Time": 1650.969,
                                    "Actual Total Time": 1650.975,
                                    "Actual Rows": 1,
                                    "Actual Loops": 1
                                },
                                {
                                    "Worker Number": 1,
                                    "Actual Startup Time": 1651.607,
                                    "Actual Total Time": 1651.613,
                                    "Actual Rows": 1,
                                    "Actual Loops": 1
                                },
                                {
                                    "Worker Number": 2,
                                    "Actual Startup Time": 1651.45,
                                    "Actual Total Time": 1651.456,
                                    "Actual Rows": 1,
                                    "Actual Loops": 1
                                },
                                {
                                    "Worker Number": 3,
                                    "Actual Startup Time": 1651.48,
                                    "Actual Total Time": 1651.485,
                                    "Actual Rows": 1,
                                    "Actual Loops": 1
                                },
                                {
                                    "Worker Number": 4,
                                    "Actual Startup Time": 1652.315,
                                    "Actual Total Time": 1652.321,
                                    "Actual Rows": 1,
                                    "Actual Loops": 1
                                }
                            ],
                            "Plans": [
                                {
                                    "Node Type": "Hash Join",
                                    "Parent Relationship": "Outer",
                                    "Parallel Aware": true,
                                    "Join Type": "Inner",
                                    "Startup Cost": 178081.12,
                                    "Total Cost": 383680.24,
                                    "Plan Rows": 1514810,
                                    "Plan Width": 0,
                                    "Actual Startup Time": 540.087,
                                    "Actual Total Time": 1529.064,
                                    "Actual Rows": 2216769,
                                    "Actual Loops": 6,
                                    "Inner Unique": false,
                                    "Hash Cond": "(mi.movie_id = t.id)",
                                    "Workers": [
                                        {
                                            "Worker Number": 0,
                                            "Actual Startup Time": 537.15,
                                            "Actual Total Time": 1524.674,
                                            "Actual Rows": 1842346,
                                            "Actual Loops": 1
                                        },
                                        {
                                            "Worker Number": 1,
                                            "Actual Startup Time": 538.673,
                                            "Actual Total Time": 1525.581,
                                            "Actual Rows": 1855486,
                                            "Actual Loops": 1
                                        },
                                        {
                                            "Worker Number": 2,
                                            "Actual Startup Time": 538.231,
                                            "Actual Total Time": 1532.179,
                                            "Actual Rows": 2833265,
                                            "Actual Loops": 1
                                        },
                                        {
                                            "Worker Number": 3,
                                            "Actual Startup Time": 537.771,
                                            "Actual Total Time": 1524.045,
                                            "Actual Rows": 1855141,
                                            "Actual Loops": 1
                                        },
                                        {
                                            "Worker Number": 4,
                                            "Actual Startup Time": 538.777,
                                            "Actual Total Time": 1526.137,
                                            "Actual Rows": 1839113,
                                            "Actual Loops": 1
                                        }
                                    ],
                                    "Plans": [
                                        {
                                            "Node Type": "Seq Scan",
                                            "Parent Relationship": "Outer",
                                            "Parallel Aware": true,
                                            "Relation Name": "movie_info",
                                            "Schema": "public",
                                            "Alias": "mi",
                                            "Startup Cost": 0.0,
                                            "Total Cost": 191503.19,
                                            "Plan Rows": 2951019,
                                            "Plan Width": 4,
                                            "Actual Startup Time": 0.027,
                                            "Actual Total Time": 326.162,
                                            "Actual Rows": 2472620,
                                            "Actual Loops": 6,
                                            "Output": [
                                                "mi.id",
                                                "mi.movie_id",
                                                "mi.info_type_id",
                                                "mi.info",
                                                "mi.note"
                                            ],
                                            "Workers": [
                                                {
                                                    "Worker Number": 0,
                                                    "Actual Startup Time": 0.031,
                                                    "Actual Total Time": 346.207,
                                                    "Actual Rows": 2078397,
                                                    "Actual Loops": 1
                                                },
                                                {
                                                    "Worker Number": 1,
                                                    "Actual Startup Time": 0.031,
                                                    "Actual Total Time": 338.815,
                                                    "Actual Rows": 2115484,
                                                    "Actual Loops": 1
                                                },
                                                {
                                                    "Worker Number": 2,
                                                    "Actual Startup Time": 0.024,
                                                    "Actual Total Time": 315.491,
                                                    "Actual Rows": 3094197,
                                                    "Actual Loops": 1
                                                },
                                                {
                                                    "Worker Number": 3,
                                                    "Actual Startup Time": 0.036,
                                                    "Actual Total Time": 337.482,
                                                    "Actual Rows": 2086493,
                                                    "Actual Loops": 1
                                                },
                                                {
                                                    "Worker Number": 4,
                                                    "Actual Startup Time": 0.032,
                                                    "Actual Total Time": 347.069,
                                                    "Actual Rows": 2032728,
                                                    "Actual Loops": 1
                                                }
                                            ]
                                        },
                                        {
                                            "Node Type": "Hash",
                                            "Parent Relationship": "Inner",
                                            "Parallel Aware": true,
                                            "Startup Cost": 174836.54,
                                            "Total Cost": 174836.54,
                                            "Plan Rows": 259566,
                                            "Plan Width": 8,
                                            "Actual Startup Time": 536.484,
                                            "Actual Total Time": 536.489,
                                            "Actual Rows": 74039,
                                            "Actual Loops": 6,
                                            "Output": [
                                                "t.id",
                                                "ci.movie_id"
                                            ],
                                            "Hash Buckets": 2097152,
                                            "Original Hash Buckets": 2097152,
                                            "Hash Batches": 1,
                                            "Original Hash Batches": 1,
                                            "Peak Memory Usage": 33824,
                                            "Workers": [
                                                {
                                                    "Worker Number": 0,
                                                    "Actual Startup Time": 536.542,
                                                    "Actual Total Time": 536.545,
                                                    "Actual Rows": 61915,
                                                    "Actual Loops": 1
                                                },
                                                {
                                                    "Worker Number": 1,
                                                    "Actual Startup Time": 537.328,
                                                    "Actual Total Time": 537.333,
                                                    "Actual Rows": 65113,
                                                    "Actual Loops": 1
                                                },
                                                {
                                                    "Worker Number": 2,
                                                    "Actual Startup Time": 537.163,
                                                    "Actual Total Time": 537.168,
                                                    "Actual Rows": 89143,
                                                    "Actual Loops": 1
                                                },
                                                {
                                                    "Worker Number": 3,
                                                    "Actual Startup Time": 537.173,
                                                    "Actual Total Time": 537.176,
                                                    "Actual Rows": 64618,
                                                    "Actual Loops": 1
                                                },
                                                {
                                                    "Worker Number": 4,
                                                    "Actual Startup Time": 537.958,
                                                    "Actual Total Time": 537.962,
                                                    "Actual Rows": 66028,
                                                    "Actual Loops": 1
                                                }
                                            ],
                                            "Plans": [
                                                {
                                                    "Node Type": "Hash Join",
                                                    "Parent Relationship": "Outer",
                                                    "Parallel Aware": true,
                                                    "Join Type": "Inner",
                                                    "Startup Cost": 50220.37,
                                                    "Total Cost": 174836.54,
                                                    "Plan Rows": 259566,
                                                    "Plan Width": 8,
                                                    "Actual Startup Time": 286.649,
                                                    "Actual Total Time": 498.107,
                                                    "Actual Rows": 74039,
                                                    "Actual Loops": 6,
                                                    "Output": [
                                                        "t.id",
                                                        "ci.movie_id"
                                                    ],
                                                    "Inner Unique": true,
                                                    "Hash Cond": "(ci.movie_id = t.id)",
                                                    "Workers": [
                                                        {
                                                            "Worker Number": 0,
                                                            "Actual Startup Time": 286.493,
                                                            "Actual Total Time": 500.778,
                                                            "Actual Rows": 61915,
                                                            "Actual Loops": 1
                                                        },
                                                        {
                                                            "Worker Number": 1,
                                                            "Actual Startup Time": 286.759,
                                                            "Actual Total Time": 498.129,
                                                            "Actual Rows": 65113,
                                                            "Actual Loops": 1
                                                        },
                                                        {
                                                            "Worker Number": 2,
                                                            "Actual Startup Time": 286.586,
                                                            "Actual Total Time": 497.347,
                                                            "Actual Rows": 89143,
                                                            "Actual Loops": 1
                                                        },
                                                        {
                                                            "Worker Number": 3,
                                                            "Actual Startup Time": 286.707,
                                                            "Actual Total Time": 498.029,
                                                            "Actual Rows": 64618,
                                                            "Actual Loops": 1
                                                        },
                                                        {
                                                            "Worker Number": 4,
                                                            "Actual Startup Time": 286.658,
                                                            "Actual Total Time": 497.169,
                                                            "Actual Rows": 66028,
                                                            "Actual Loops": 1
                                                        }
                                                    ],
                                                    "Plans": [
                                                        {
                                                            "Node Type": "Index Scan",
                                                            "Parent Relationship": "Outer",
                                                            "Parallel Aware": true,
                                                            "Scan Direction": "Forward",
                                                            "Index Name": "role_id_cast_info",
                                                            "Relation Name": "cast_info",
                                                            "Schema": "public",
                                                            "Alias": "ci",
                                                            "Startup Cost": 0.56,
                                                            "Total Cost": 123935.38,
                                                            "Plan Rows": 259566,
                                                            "Plan Width": 4,
                                                            "Actual Startup Time": 0.119,
                                                            "Actual Total Time": 160.847,
                                                            "Actual Rows": 74039,
                                                            "Actual Loops": 6,
                                                            "Output": [
                                                                "ci.id",
                                                                "ci.person_id",
                                                                "ci.movie_id",
                                                                "ci.person_role_id",
                                                                "ci.note",
                                                                "ci.nr_order",
                                                                "ci.role_id"
                                                            ],
                                                            "Index Cond": "(ci.role_id > 9)",
                                                            "Rows Removed by Index Recheck": 0,
                                                            "Filter": "(ci.person_id < 1016151)",
                                                            "Rows Removed by Filter": 699150,
                                                            "Workers": [
                                                                {
                                                                    "Worker Number": 0,
                                                                    "Actual Startup Time": 0.117,
                                                                    "Actual Total Time": 164.772,
                                                                    "Actual Rows": 61915,
                                                                    "Actual Loops": 1
                                                                },
                                                                {
                                                                    "Worker Number": 1,
                                                                    "Actual Startup Time": 0.226,
                                                                    "Actual Total Time": 162.693,
                                                                    "Actual Rows": 65113,
                                                                    "Actual Loops": 1
                                                                },
                                                                {
                                                                    "Worker Number": 2,
                                                                    "Actual Startup Time": 0.064,
                                                                    "Actual Total Time": 158.767,
                                                                    "Actual Rows": 89143,
                                                                    "Actual Loops": 1
                                                                },
                                                                {
                                                                    "Worker Number": 3,
                                                                    "Actual Startup Time": 0.168,
                                                                    "Actual Total Time": 162.756,
                                                                    "Actual Rows": 64618,
                                                                    "Actual Loops": 1
                                                                },
                                                                {
                                                                    "Worker Number": 4,
                                                                    "Actual Startup Time": 0.111,
                                                                    "Actual Total Time": 160.853,
                                                                    "Actual Rows": 66028,
                                                                    "Actual Loops": 1
                                                                }
                                                            ]
                                                        },
                                                        {
                                                            "Node Type": "Hash",
                                                            "Parent Relationship": "Inner",
                                                            "Parallel Aware": true,
                                                            "Startup Cost": 42318.81,
                                                            "Total Cost": 42318.81,
                                                            "Plan Rows": 632080,
                                                            "Plan Width": 4,
                                                            "Actual Startup Time": 282.538,
                                                            "Actual Total Time": 282.54,
                                                            "Actual Rows": 421385,
                                                            "Actual Loops": 6,
                                                            "Output": [
                                                                "t.id"
                                                            ],
                                                            "Hash Buckets": 4194304,
                                                            "Original Hash Buckets": 4194304,
                                                            "Hash Batches": 1,
                                                            "Original Hash Batches": 1,
                                                            "Peak Memory Usage": 131744,
                                                            "Workers": [
                                                                {
                                                                    "Worker Number": 0,
                                                                    "Actual Startup Time": 286.29,
                                                                    "Actual Total Time": 286.292,
                                                                    "Actual Rows": 356246,
                                                                    "Actual Loops": 1
                                                                },
                                                                {
                                                                    "Worker Number": 1,
                                                                    "Actual Startup Time": 286.302,
                                                                    "Actual Total Time": 286.303,
                                                                    "Actual Rows": 357975,
                                                                    "Actual Loops": 1
                                                                },
                                                                {
                                                                    "Worker Number": 2,
                                                                    "Actual Startup Time": 286.299,
                                                                    "Actual Total Time": 286.301,
                                                                    "Actual Rows": 477423,
                                                                    "Actual Loops": 1
                                                                },
                                                                {
                                                                    "Worker Number": 3,
                                                                    "Actual Startup Time": 286.264,
                                                                    "Actual Total Time": 286.265,
                                                                    "Actual Rows": 356166,
                                                                    "Actual Loops": 1
                                                                },
                                                                {
                                                                    "Worker Number": 4,
                                                                    "Actual Startup Time": 286.284,
                                                                    "Actual Total Time": 286.286,
                                                                    "Actual Rows": 357325,
                                                                    "Actual Loops": 1
                                                                }
                                                            ],
                                                            "Plans": [
                                                                {
                                                                    "Node Type": "Seq Scan",
                                                                    "Parent Relationship": "Outer",
                                                                    "Parallel Aware": true,
                                                                    "Relation Name": "title",
                                                                    "Schema": "public",
                                                                    "Alias": "t",
                                                                    "Startup Cost": 0.0,
                                                                    "Total Cost": 42318.81,
                                                                    "Plan Rows": 632080,
                                                                    "Plan Width": 4,
                                                                    "Actual Startup Time": 0.054,
                                                                    "Actual Total Time": 82.965,
                                                                    "Actual Rows": 421385,
                                                                    "Actual Loops": 6,
                                                                    "Output": [
                                                                        "t.id"
                                                                    ],
                                                                    "Workers": [
                                                                        {
                                                                            "Worker Number": 0,
                                                                            "Actual Startup Time": 0.058,
                                                                            "Actual Total Time": 87.964,
                                                                            "Actual Rows": 356246,
                                                                            "Actual Loops": 1
                                                                        },
                                                                        {
                                                                            "Worker Number": 1,
                                                                            "Actual Startup Time": 0.061,
                                                                            "Actual Total Time": 88.044,
                                                                            "Actual Rows": 357975,
                                                                            "Actual Loops": 1
                                                                        },
                                                                        {
                                                                            "Worker Number": 2,
                                                                            "Actual Startup Time": 0.067,
                                                                            "Actual Total Time": 80.197,
                                                                            "Actual Rows": 477423,
                                                                            "Actual Loops": 1
                                                                        },
                                                                        {
                                                                            "Worker Number": 3,
                                                                            "Actual Startup Time": 0.065,
                                                                            "Actual Total Time": 87.903,
                                                                            "Actual Rows": 356166,
                                                                            "Actual Loops": 1
                                                                        },
                                                                        {
                                                                            "Worker Number": 4,
                                                                            "Actual Startup Time": 0.06,
                                                                            "Actual Total Time": 87.631,
                                                                            "Actual Rows": 357325,
                                                                            "Actual Loops": 1
                                                                        }
                                                                    ]
                                                                }
                                                            ]
                                                        }
                                                    ]
                                                }
                                            ]
                                        }
                                    ]
                                }
                            ]
                        }
                    ]
                }
            ]
        },
        "Planning Time": 190.67,
        "Triggers": [],
        "Execution Time": 1737.458
    }
]