{
  "Plan": {
    "Node Type": "Aggregate",
    "Strategy": "Plain",
    "Partial Mode": "Finalize",
    "Parallel Aware": false,
    "Startup Cost": 224940.66,
    "Total Cost": 224940.67,
    "Plan Rows": 1,
    "Plan Width": 8,
    "Actual Startup Time": 1341.559,
    "Actual Total Time": 1372.617,
    "Actual Rows": 1,
    "Actual Loops": 1,
    "Plans": [
      {
        "Node Type": "Gather",
        "Parent Relationship": "Outer",
        "Parallel Aware": false,
        "Startup Cost": 224940.54,
        "Total Cost": 224940.65,
        "Plan Rows": 1,
        "Plan Width": 8,
        "Actual Startup Time": 1341.335,
        "Actual Total Time": 1372.608,
        "Actual Rows": 2,
        "Actual Loops": 1,
        "Workers Planned": 1,
        "Workers Launched": 1,
        "Single Copy": false,
        "Plans": [
          {
            "Node Type": "Aggregate",
            "Strategy": "Plain",
            "Partial Mode": "Partial",
            "Parent Relationship": "Outer",
            "Parallel Aware": false,
            "Startup Cost": 223940.54,
            "Total Cost": 223940.55,
            "Plan Rows": 1,
            "Plan Width": 8,
            "Actual Startup Time": 1335.388,
            "Actual Total Time": 1335.39,
            "Actual Rows": 1,
            "Actual Loops": 2,
            "Plans": [
              {
                "Node Type": "Nested Loop",
                "Parent Relationship": "Outer",
                "Parallel Aware": false,
                "Join Type": "Inner",
                "Startup Cost": 3.35,
                "Total Cost": 223723.56,
                "Plan Rows": 86793,
                "Plan Width": 0,
                "Actual Startup Time": 1.453,
                "Actual Total Time": 1320.25,
                "Actual Rows": 269498,
                "Actual Loops": 2,
                "Inner Unique": false,
                "Plans": [
                  {
                    "Node Type": "Merge Join",
                    "Parent Relationship": "Outer",
                    "Parallel Aware": false,
                    "Join Type": "Inner",
                    "Startup Cost": 2.92,
                    "Total Cost": 163758.51,
                    "Plan Rows": 84104,
                    "Plan Width": 8,
                    "Actual Startup Time": 1.31,
                    "Actual Total Time": 1041.728,
                    "Actual Rows": 87392,
                    "Actual Loops": 2,
                    "Inner Unique": false,
                    "Merge Cond": "(t.id = mi_idx.movie_id)",
                    "Plans": [
                      {
                        "Node Type": "Index Scan",
                        "Parent Relationship": "Outer",
                        "Parallel Aware": true,
                        "Scan Direction": "Forward",
                        "Index Name": "title_pkey",
                        "Relation Name": "title",
                        "Alias": "t",
                        "Startup Cost": 0.43,
                        "Total Cost": 103647.43,
                        "Plan Rows": 457854,
                        "Plan Width": 4,
                        "Actual Startup Time": 0.29,
                        "Actual Total Time": 720.995,
                        "Actual Rows": 391007,
                        "Actual Loops": 2,
                        "Filter": "(production_year < 1994)",
                        "Rows Removed by Filter": 871962
                      },
                      {
                        "Node Type": "Index Scan",
                        "Parent Relationship": "Inner",
                        "Parallel Aware": false,
                        "Scan Direction": "Forward",
                        "Index Name": "movie_id_movie_info_idx",
                        "Relation Name": "movie_info_idx",
                        "Alias": "mi_idx",
                        "Startup Cost": 0.43,
                        "Total Cost": 57070.31,
                        "Plan Rows": 464428,
                        "Plan Width": 4,
                        "Actual Startup Time": 0.125,
                        "Actual Total Time": 253.693,
                        "Actual Rows": 459925,
                        "Actual Loops": 2,
                        "Filter": "(info_type_id = 100)",
                        "Rows Removed by Filter": 920110
                      }
                    ]
                  },
                  {
                    "Node Type": "Index Only Scan",
                    "Parent Relationship": "Inner",
                    "Parallel Aware": false,
                    "Scan Direction": "Forward",
                    "Index Name": "movie_id_movie_companies",
                    "Relation Name": "movie_companies",
                    "Alias": "mc",
                    "Startup Cost": 0.43,
                    "Total Cost": 0.66,
                    "Plan Rows": 5,
                    "Plan Width": 4,
                    "Actual Startup Time": 0.002,
                    "Actual Total Time": 0.003,
                    "Actual Rows": 3,
                    "Actual Loops": 174785,
                    "Index Cond": "(movie_id = t.id)",
                    "Rows Removed by Index Recheck": 0,
                    "Heap Fetches": 538997
                  }
                ]
              }
            ]
          }
        ]
      }
    ]
  },
  "Planning Time": 0.964,
  "Triggers": [],
  "Execution Time": 1372.708
}