[
  {
    "Plan": {
      "Node Type": "Aggregate",
      "Strategy": "Plain",
      "Partial Mode": "Finalize",
      "Parallel Aware": false,
      "Startup Cost": 46486.62,
      "Total Cost": 46486.63,
      "Plan Rows": 1,
      "Plan Width": 8,
      "Actual Startup Time": 87.617,
      "Actual Total Time": 98.645,
      "Actual Rows": 1,
      "Actual Loops": 1,
      "Plans": [
        {
          "Node Type": "Gather",
          "Parent Relationship": "Outer",
          "Parallel Aware": false,
          "Startup Cost": 46486.2,
          "Total Cost": 46486.61,
          "Plan Rows": 4,
          "Plan Width": 8,
          "Actual Startup Time": 87.402,
          "Actual Total Time": 98.628,
          "Actual Rows": 5,
          "Actual Loops": 1,
          "Workers Planned": 4,
          "Workers Launched": 4,
          "Single Copy": false,
          "Plans": [
            {
              "Node Type": "Aggregate",
              "Strategy": "Plain",
              "Partial Mode": "Partial",
              "Parent Relationship": "Outer",
              "Parallel Aware": false,
              "Startup Cost": 45486.2,
              "Total Cost": 45486.21,
              "Plan Rows": 1,
              "Plan Width": 8,
              "Actual Startup Time": 81.775,
              "Actual Total Time": 81.777,
              "Actual Rows": 1,
              "Actual Loops": 5,
              "Plans": [
                {
                  "Node Type": "Seq Scan",
                  "Parent Relationship": "Outer",
                  "Parallel Aware": true,
                  "Relation Name": "title",
                  "Alias": "t",
                  "Startup Cost": 0.0,
                  "Total Cost": 45479.59,
                  "Plan Rows": 2647,
                  "Plan Width": 0,
                  "Actual Startup Time": 0.164,
                  "Actual Total Time": 81.554,
                  "Actual Rows": 1862,
                  "Actual Loops": 5,
                  "Filter": "((kind_id > 1) AND (production_year = 1965))",
                  "Rows Removed by Filter": 503800
                }
              ]
            }
          ]
        }
      ]
    },
    "Planning Time": 0.186,
    "Triggers": [],
    "Execution Time": 98.711
  }
]