[
  {
    "Plan": {
      "Node Type": "Aggregate",
      "Strategy": "Plain",
      "Partial Mode": "Finalize",
      "Parallel Aware": false,
      "Startup Cost": 117239.0,
      "Total Cost": 117239.01,
      "Plan Rows": 1,
      "Plan Width": 8,
      "Actual Startup Time": 394.506,
      "Actual Total Time": 416.061,
      "Actual Rows": 1,
      "Actual Loops": 1,
      "Plans": [
        {
          "Node Type": "Gather",
          "Parent Relationship": "Outer",
          "Parallel Aware": false,
          "Startup Cost": 117238.68,
          "Total Cost": 117238.99,
          "Plan Rows": 3,
          "Plan Width": 8,
          "Actual Startup Time": 393.393,
          "Actual Total Time": 416.052,
          "Actual Rows": 4,
          "Actual Loops": 1,
          "Workers Planned": 3,
          "Workers Launched": 3,
          "Single Copy": false,
          "Plans": [
            {
              "Node Type": "Aggregate",
              "Strategy": "Plain",
              "Partial Mode": "Partial",
              "Parent Relationship": "Outer",
              "Parallel Aware": false,
              "Startup Cost": 116238.68,
              "Total Cost": 116238.69,
              "Plan Rows": 1,
              "Plan Width": 8,
              "Actual Startup Time": 384.102,
              "Actual Total Time": 384.108,
              "Actual Rows": 1,
              "Actual Loops": 4,
              "Plans": [
                {
                  "Node Type": "Hash Join",
                  "Parent Relationship": "Outer",
                  "Parallel Aware": true,
                  "Join Type": "Inner",
                  "Startup Cost": 71376.69,
                  "Total Cost": 116067.59,
                  "Plan Rows": 68436,
                  "Plan Width": 0,
                  "Actual Startup Time": 219.04,
                  "Actual Total Time": 382.266,
                  "Actual Rows": 42580,
                  "Actual Loops": 4,
                  "Inner Unique": false,
                  "Hash Cond": "(mk.movie_id = t.id)",
                  "Plans": [
                    {
                      "Node Type": "Seq Scan",
                      "Parent Relationship": "Outer",
                      "Parallel Aware": true,
                      "Relation Name": "movie_keyword",
                      "Alias": "mk",
                      "Startup Cost": 0.0,
                      "Total Cost": 39047.32,
                      "Plan Rows": 1459332,
                      "Plan Width": 4,
                      "Actual Startup Time": 0.024,
                      "Actual Total Time": 83.611,
                      "Actual Rows": 1130982,
                      "Actual Loops": 4
                    },
                    {
                      "Node Type": "Hash",
                      "Parent Relationship": "Inner",
                      "Parallel Aware": true,
                      "Startup Cost": 71006.17,
                      "Total Cost": 71006.17,
                      "Plan Rows": 29641,
                      "Plan Width": 8,
                      "Actual Startup Time": 217.256,
                      "Actual Total Time": 217.259,
                      "Actual Rows": 13598,
                      "Actual Loops": 4,
                      "Hash Buckets": 131072,
                      "Original Hash Buckets": 131072,
                      "Hash Batches": 1,
                      "Original Hash Batches": 1,
                      "Peak Memory Usage": 3232,
                      "Plans": [
                        {
                          "Node Type": "Hash Join",
                          "Parent Relationship": "Outer",
                          "Parallel Aware": true,
                          "Join Type": "Inner",
                          "Startup Cost": 25431.46,
                          "Total Cost": 71006.17,
                          "Plan Rows": 29641,
                          "Plan Width": 8,
                          "Actual Startup Time": 72.54,
                          "Actual Total Time": 212.4,
                          "Actual Rows": 13598,
                          "Actual Loops": 4,
                          "Inner Unique": false,
                          "Hash Cond": "(t.id = mc.movie_id)",
                          "Plans": [
                            {
                              "Node Type": "Seq Scan",
                              "Parent Relationship": "Outer",
                              "Parallel Aware": true,
                              "Relation Name": "title",
                              "Alias": "t",
                              "Startup Cost": 0.0,
                              "Total Cost": 42318.73,
                              "Plan Rows": 632073,
                              "Plan Width": 4,
                              "Actual Startup Time": 0.009,
                              "Actual Total Time": 71.385,
                              "Actual Rows": 632078,
                              "Actual Loops": 4
                            },
                            {
                              "Node Type": "Hash",
                              "Parent Relationship": "Inner",
                              "Parallel Aware": true,
                              "Startup Cost": 24953.37,
                              "Total Cost": 24953.37,
                              "Plan Rows": 38247,
                              "Plan Width": 4,
                              "Actual Startup Time": 71.92,
                              "Actual Total Time": 71.922,
                              "Actual Rows": 13598,
                              "Actual Loops": 4,
                              "Hash Buckets": 131072,
                              "Original Hash Buckets": 131072,
                              "Hash Batches": 1,
                              "Original Hash Batches": 1,
                              "Peak Memory Usage": 3200,
                              "Plans": [
                                {
                                  "Node Type": "Bitmap Heap Scan",
                                  "Parent Relationship": "Outer",
                                  "Parallel Aware": true,
                                  "Relation Name": "movie_companies",
                                  "Alias": "mc",
                                  "Startup Cost": 5033.45,
                                  "Total Cost": 24953.37,
                                  "Plan Rows": 38247,
                                  "Plan Width": 4,
                                  "Actual Startup Time": 56.055,
                                  "Actual Total Time": 67.881,
                                  "Actual Rows": 13598,
                                  "Actual Loops": 4,
                                  "Recheck Cond": "(company_id < 93)",
                                  "Rows Removed by Index Recheck": 0,
                                  "Filter": "(company_type_id > 1)",
                                  "Rows Removed by Filter": 44569,
                                  "Exact Heap Blocks": 10755,
                                  "Lossy Heap Blocks": 0,
                                  "Plans": [
                                    {
                                      "Node Type": "Bitmap Index Scan",
                                      "Parent Relationship": "Outer",
                                      "Parallel Aware": false,
                                      "Index Name": "company_id_movie_companies",
                                      "Startup Cost": 0.0,
                                      "Total Cost": 5003.81,
                                      "Plan Rows": 233517,
                                      "Plan Width": 0,
                                      "Actual Startup Time": 23.909,
                                      "Actual Total Time": 23.91,
                                      "Actual Rows": 232665,
                                      "Actual Loops": 1,
                                      "Index Cond": "(company_id < 93)"
                                    }
                                  ]
                                }
                              ]
                            }
                          ]
                        }
                      ]
                    }
                  ]
                }
              ]
            }
          ]
        }
      ]
    },
    "Planning Time": 1.403,
    "Triggers": [],
    "Execution Time": 416.161
  }
]