{
    "Plan": {
        "Node Type": "Aggregate",
        "Strategy": "Plain",
        "Partial Mode": "Simple",
        "Parallel Aware": false,
        "Startup Cost": 72614.46,
        "Total Cost": 72614.47,
        "Plan Rows": 1,
        "Plan Width": 64,
        "Actual Startup Time": 2568.972,
        "Actual Total Time": 2569.36,
        "Actual Rows": 1,
        "Actual Loops": 1,
        "Output": [
            "min(n.name)",
            "min(t.title)"
        ],
        "Plans": [
            {
                "Node Type": "Nested Loop",
                "Parent Relationship": "Outer",
                "Parallel Aware": false,
                "Join Type": "Inner",
                "Startup Cost": 1004.44,
                "Total Cost": 72614.45,
                "Plan Rows": 1,
                "Plan Width": 32,
                "Actual Startup Time": 330.445,
                "Actual Total Time": 2569.209,
                "Actual Rows": 184,
                "Actual Loops": 1,
                "Output": [
                    "n.name",
                    "t.title"
                ],
                "Inner Unique": true,
                "Plans": [
                    {
                        "Node Type": "Nested Loop",
                        "Parent Relationship": "Outer",
                        "Parallel Aware": false,
                        "Join Type": "Inner",
                        "Startup Cost": 1004.3,
                        "Total Cost": 72614.27,
                        "Plan Rows": 1,
                        "Plan Width": 36,
                        "Actual Startup Time": 330.409,
                        "Actual Total Time": 2568.426,
                        "Actual Rows": 184,
                        "Actual Loops": 1,
                        "Output": [
                            "mi.info_type_id",
                            "n.name",
                            "t.title"
                        ],
                        "Inner Unique": false,
                        "Join Filter": "(t.id = mi.movie_id)",
                        "Rows Removed by Join Filter": 0,
                        "Plans": [
                            {
                                "Node Type": "Nested Loop",
                                "Parent Relationship": "Outer",
                                "Parallel Aware": false,
                                "Join Type": "Inner",
                                "Startup Cost": 1003.86,
                                "Total Cost": 72611.92,
                                "Plan Rows": 1,
                                "Plan Width": 44,
                                "Actual Startup Time": 330.35,
                                "Actual Total Time": 2557.294,
                                "Actual Rows": 77,
                                "Actual Loops": 1,
                                "Output": [
                                    "ci.movie_id",
                                    "mc.movie_id",
                                    "n.name",
                                    "t.title",
                                    "t.id"
                                ],
                                "Inner Unique": true,
                                "Plans": [
                                    {
                                        "Node Type": "Nested Loop",
                                        "Parent Relationship": "Outer",
                                        "Parallel Aware": false,
                                        "Join Type": "Inner",
                                        "Startup Cost": 1003.44,
                                        "Total Cost": 72611.43,
                                        "Plan Rows": 1,
                                        "Plan Width": 48,
                                        "Actual Startup Time": 330.274,
                                        "Actual Total Time": 2556.31,
                                        "Actual Rows": 79,
                                        "Actual Loops": 1,
                                        "Output": [
                                            "ci.movie_id",
                                            "mc.movie_id",
                                            "mc.company_id",
                                            "n.name",
                                            "t.title",
                                            "t.id"
                                        ],
                                        "Inner Unique": false,
                                        "Join Filter": "(t.id = mc.movie_id)",
                                        "Rows Removed by Join Filter": 0,
                                        "Plans": [
                                            {
                                                "Node Type": "Nested Loop",
                                                "Parent Relationship": "Outer",
                                                "Parallel Aware": false,
                                                "Join Type": "Inner",
                                                "Startup Cost": 1003.01,
                                                "Total Cost": 72610.74,
                                                "Plan Rows": 1,
                                                "Plan Width": 40,
                                                "Actual Startup Time": 302.075,
                                                "Actual Total Time": 2553.691,
                                                "Actual Rows": 102,
                                                "Actual Loops": 1,
                                                "Output": [
                                                    "ci.movie_id",
                                                    "n.name",
                                                    "t.title",
                                                    "t.id"
                                                ],
                                                "Inner Unique": true,
                                                "Plans": [
                                                    {
                                                        "Node Type": "Gather",
                                                        "Parent Relationship": "Outer",
                                                        "Parallel Aware": false,
                                                        "Startup Cost": 1002.58,
                                                        "Total Cost": 72610.06,
                                                        "Plan Rows": 1,
                                                        "Plan Width": 44,
                                                        "Actual Startup Time": 282.651,
                                                        "Actual Total Time": 2287.103,
                                                        "Actual Rows": 115,
                                                        "Actual Loops": 1,
                                                        "Output": [
                                                            "ci.movie_id",
                                                            "ci.person_role_id",
                                                            "n.name",
                                                            "t.title",
                                                            "t.id"
                                                        ],
                                                        "Workers Planned": 4,
                                                        "Workers Launched": 4,
                                                        "Single Copy": false,
                                                        "Plans": [
                                                            {
                                                                "Node Type": "Nested Loop",
                                                                "Parent Relationship": "Outer",
                                                                "Parallel Aware": false,
                                                                "Join Type": "Inner",
                                                                "Startup Cost": 2.58,
                                                                "Total Cost": 71609.96,
                                                                "Plan Rows": 1,
                                                                "Plan Width": 44,
                                                                "Actual Startup Time": 524.71,
                                                                "Actual Total Time": 2447.295,
                                                                "Actual Rows": 23,
                                                                "Actual Loops": 5,
                                                                "Output": [
                                                                    "ci.movie_id",
                                                                    "ci.person_role_id",
                                                                    "n.name",
                                                                    "t.title",
                                                                    "t.id"
                                                                ],
                                                                "Inner Unique": true,
                                                                "Workers": [
                                                                    {
                                                                        "Worker Number": 0,
                                                                        "Actual Startup Time": 981.533,
                                                                        "Actual Total Time": 2487.291,
                                                                        "Actual Rows": 10,
                                                                        "Actual Loops": 1
                                                                    },
                                                                    {
                                                                        "Worker Number": 1,
                                                                        "Actual Startup Time": 396.926,
                                                                        "Actual Total Time": 2487.479,
                                                                        "Actual Rows": 31,
                                                                        "Actual Loops": 1
                                                                    },
                                                                    {
                                                                        "Worker Number": 2,
                                                                        "Actual Startup Time": 692.701,
                                                                        "Actual Total Time": 2487.881,
                                                                        "Actual Rows": 12,
                                                                        "Actual Loops": 1
                                                                    },
                                                                    {
                                                                        "Worker Number": 3,
                                                                        "Actual Startup Time": 270.391,
                                                                        "Actual Total Time": 2487.907,
                                                                        "Actual Rows": 13,
                                                                        "Actual Loops": 1
                                                                    }
                                                                ],
                                                                "Plans": [
                                                                    {
                                                                        "Node Type": "Hash Join",
                                                                        "Parent Relationship": "Outer",
                                                                        "Parallel Aware": false,
                                                                        "Join Type": "Inner",
                                                                        "Startup Cost": 2.15,
                                                                        "Total Cost": 71609.29,
                                                                        "Plan Rows": 1,
                                                                        "Plan Width": 23,
                                                                        "Actual Startup Time": 299.172,
                                                                        "Actual Total Time": 2444.179,
                                                                        "Actual Rows": 85,
                                                                        "Actual Loops": 5,
                                                                        "Output": [
                                                                            "ci.movie_id",
                                                                            "ci.person_role_id",
                                                                            "n.name"
                                                                        ],
                                                                        "Inner Unique": true,
                                                                        "Hash Cond": "(ci.role_id = rt.id)",
                                                                        "Workers": [
                                                                            {
                                                                                "Worker Number": 0,
                                                                                "Actual Startup Time": 282.934,
                                                                                "Actual Total Time": 2485.521,
                                                                                "Actual Rows": 50,
                                                                                "Actual Loops": 1
                                                                            },
                                                                            {
                                                                                "Worker Number": 1,
                                                                                "Actual Startup Time": 396.8,
                                                                                "Actual Total Time": 2483.022,
                                                                                "Actual Rows": 98,
                                                                                "Actual Loops": 1
                                                                            },
                                                                            {
                                                                                "Worker Number": 2,
                                                                                "Actual Startup Time": 268.071,
                                                                                "Actual Total Time": 2485.209,
                                                                                "Actual Rows": 41,
                                                                                "Actual Loops": 1
                                                                            },
                                                                            {
                                                                                "Worker Number": 3,
                                                                                "Actual Startup Time": 267.425,
                                                                                "Actual Total Time": 2483.251,
                                                                                "Actual Rows": 118,
                                                                                "Actual Loops": 1
                                                                            }
                                                                        ],
                                                                        "Plans": [
                                                                            {
                                                                                "Node Type": "Nested Loop",
                                                                                "Parent Relationship": "Outer",
                                                                                "Parallel Aware": false,
                                                                                "Join Type": "Inner",
                                                                                "Startup Cost": 0.99,
                                                                                "Total Cost": 71608.09,
                                                                                "Plan Rows": 12,
                                                                                "Plan Width": 27,
                                                                                "Actual Startup Time": 298.711,
                                                                                "Actual Total Time": 2443.577,
                                                                                "Actual Rows": 85,
                                                                                "Actual Loops": 5,
                                                                                "Output": [
                                                                                    "ci.movie_id",
                                                                                    "ci.role_id",
                                                                                    "ci.person_role_id",
                                                                                    "n.name"
                                                                                ],
                                                                                "Inner Unique": false,
                                                                                "Join Filter": "(n.id = ci.person_id)",
                                                                                "Rows Removed by Join Filter": 0,
                                                                                "Workers": [
                                                                                    {
                                                                                        "Worker Number": 0,
                                                                                        "Actual Startup Time": 282.442,
                                                                                        "Actual Total Time": 2484.934,
                                                                                        "Actual Rows": 50,
                                                                                        "Actual Loops": 1
                                                                                    },
                                                                                    {
                                                                                        "Worker Number": 1,
                                                                                        "Actual Startup Time": 396.222,
                                                                                        "Actual Total Time": 2482.256,
                                                                                        "Actual Rows": 98,
                                                                                        "Actual Loops": 1
                                                                                    },
                                                                                    {
                                                                                        "Worker Number": 2,
                                                                                        "Actual Startup Time": 267.538,
                                                                                        "Actual Total Time": 2484.58,
                                                                                        "Actual Rows": 41,
                                                                                        "Actual Loops": 1
                                                                                    },
                                                                                    {
                                                                                        "Worker Number": 3,
                                                                                        "Actual Startup Time": 266.854,
                                                                                        "Actual Total Time": 2482.518,
                                                                                        "Actual Rows": 118,
                                                                                        "Actual Loops": 1
                                                                                    }
                                                                                ],
                                                                                "Plans": [
                                                                                    {
                                                                                        "Node Type": "Nested Loop",
                                                                                        "Parent Relationship": "Outer",
                                                                                        "Parallel Aware": false,
                                                                                        "Join Type": "Inner",
                                                                                        "Startup Cost": 0.42,
                                                                                        "Total Cost": 71538.65,
                                                                                        "Plan Rows": 5,
                                                                                        "Plan Width": 23,
                                                                                        "Actual Startup Time": 97.074,
                                                                                        "Actual Total Time": 398.603,
                                                                                        "Actual Rows": 312,
                                                                                        "Actual Loops": 5,
                                                                                        "Output": [
                                                                                            "an.person_id",
                                                                                            "n.name",
                                                                                            "n.id"
                                                                                        ],
                                                                                        "Inner Unique": false,
                                                                                        "Workers": [
                                                                                            {
                                                                                                "Worker Number": 0,
                                                                                                "Actual Startup Time": 94.082,
                                                                                                "Actual Total Time": 406.833,
                                                                                                "Actual Rows": 251,
                                                                                                "Actual Loops": 1
                                                                                            },
                                                                                            {
                                                                                                "Worker Number": 1,
                                                                                                "Actual Startup Time": 94.386,
                                                                                                "Actual Total Time": 401.275,
                                                                                                "Actual Rows": 291,
                                                                                                "Actual Loops": 1
                                                                                            },
                                                                                            {
                                                                                                "Worker Number": 2,
                                                                                                "Actual Startup Time": 95.455,
                                                                                                "Actual Total Time": 401.226,
                                                                                                "Actual Rows": 282,
                                                                                                "Actual Loops": 1
                                                                                            },
                                                                                            {
                                                                                                "Worker Number": 3,
                                                                                                "Actual Startup Time": 95.127,
                                                                                                "Actual Total Time": 413.78,
                                                                                                "Actual Rows": 396,
                                                                                                "Actual Loops": 1
                                                                                            }
                                                                                        ],
                                                                                        "Plans": [
                                                                                            {
                                                                                                "Node Type": "Seq Scan",
                                                                                                "Parent Relationship": "Outer",
                                                                                                "Parallel Aware": true,
                                                                                                "Relation Name": "name",
                                                                                                "Schema": "public",
                                                                                                "Alias": "n",
                                                                                                "Startup Cost": 0.0,
                                                                                                "Total Cost": 71241.31,
                                                                                                "Plan Rows": 24,
                                                                                                "Plan Width": 19,
                                                                                                "Actual Startup Time": 96.522,
                                                                                                "Actual Total Time": 378.819,
                                                                                                "Actual Rows": 1354,
                                                                                                "Actual Loops": 5,
                                                                                                "Output": [
                                                                                                    "n.id",
                                                                                                    "n.name",
                                                                                                    "n.imdb_index",
                                                                                                    "n.imdb_id",
                                                                                                    "n.gender",
                                                                                                    "n.name_pcode_cf",
                                                                                                    "n.name_pcode_nf",
                                                                                                    "n.surname_pcode",
                                                                                                    "n.md5sum"
                                                                                                ],
                                                                                                "Filter": "((n.name ~~ '%Ang%'::text) AND ((n.gender)::text = 'f'::text))",
                                                                                                "Rows Removed by Filter": 832145,
                                                                                                "Workers": [
                                                                                                    {
                                                                                                        "Worker Number": 0,
                                                                                                        "Actual Startup Time": 93.782,
                                                                                                        "Actual Total Time": 385.389,
                                                                                                        "Actual Rows": 1327,
                                                                                                        "Actual Loops": 1
                                                                                                    },
                                                                                                    {
                                                                                                        "Worker Number": 1,
                                                                                                        "Actual Startup Time": 94.137,
                                                                                                        "Actual Total Time": 378.922,
                                                                                                        "Actual Rows": 1350,
                                                                                                        "Actual Loops": 1
                                                                                                    },
                                                                                                    {
                                                                                                        "Worker Number": 2,
                                                                                                        "Actual Startup Time": 94.322,
                                                                                                        "Actual Total Time": 381.172,
                                                                                                        "Actual Rows": 1245,
                                                                                                        "Actual Loops": 1
                                                                                                    },
                                                                                                    {
                                                                                                        "Worker Number": 3,
                                                                                                        "Actual Startup Time": 94.377,
                                                                                                        "Actual Total Time": 390.121,
                                                                                                        "Actual Rows": 1614,
                                                                                                        "Actual Loops": 1
                                                                                                    }
                                                                                                ]
                                                                                            },
                                                                                            {
                                                                                                "Node Type": "Index Only Scan",
                                                                                                "Parent Relationship": "Inner",
                                                                                                "Parallel Aware": false,
                                                                                                "Scan Direction": "Forward",
                                                                                                "Index Name": "person_id_aka_name",
                                                                                                "Relation Name": "aka_name",
                                                                                                "Schema": "public",
                                                                                                "Alias": "an",
                                                                                                "Startup Cost": 0.42,
                                                                                                "Total Cost": 12.37,
                                                                                                "Plan Rows": 2,
                                                                                                "Plan Width": 4,
                                                                                                "Actual Startup Time": 0.012,
                                                                                                "Actual Total Time": 0.013,
                                                                                                "Actual Rows": 0,
                                                                                                "Actual Loops": 6768,
                                                                                                "Output": [
                                                                                                    "an.person_id"
                                                                                                ],
                                                                                                "Index Cond": "(an.person_id = n.id)",
                                                                                                "Rows Removed by Index Recheck": 0,
                                                                                                "Heap Fetches": 1558,
                                                                                                "Workers": [
                                                                                                    {
                                                                                                        "Worker Number": 0,
                                                                                                        "Actual Startup Time": 0.013,
                                                                                                        "Actual Total Time": 0.014,
                                                                                                        "Actual Rows": 0,
                                                                                                        "Actual Loops": 1327
                                                                                                    },
                                                                                                    {
                                                                                                        "Worker Number": 1,
                                                                                                        "Actual Startup Time": 0.013,
                                                                                                        "Actual Total Time": 0.014,
                                                                                                        "Actual Rows": 0,
                                                                                                        "Actual Loops": 1350
                                                                                                    },
                                                                                                    {
                                                                                                        "Worker Number": 2,
                                                                                                        "Actual Startup Time": 0.013,
                                                                                                        "Actual Total Time": 0.014,
                                                                                                        "Actual Rows": 0,
                                                                                                        "Actual Loops": 1245
                                                                                                    },
                                                                                                    {
                                                                                                        "Worker Number": 3,
                                                                                                        "Actual Startup Time": 0.012,
                                                                                                        "Actual Total Time": 0.013,
                                                                                                        "Actual Rows": 0,
                                                                                                        "Actual Loops": 1614
                                                                                                    }
                                                                                                ]
                                                                                            }
                                                                                        ]
                                                                                    },
                                                                                    {
                                                                                        "Node Type": "Index Scan",
                                                                                        "Parent Relationship": "Inner",
                                                                                        "Parallel Aware": false,
                                                                                        "Scan Direction": "Forward",
                                                                                        "Index Name": "person_id_cast_info",
                                                                                        "Relation Name": "cast_info",
                                                                                        "Schema": "public",
                                                                                        "Alias": "ci",
                                                                                        "Startup Cost": 0.56,
                                                                                        "Total Cost": 13.74,
                                                                                        "Plan Rows": 12,
                                                                                        "Plan Width": 16,
                                                                                        "Actual Startup Time": 6.555,
                                                                                        "Actual Total Time": 6.56,
                                                                                        "Actual Rows": 0,
                                                                                        "Actual Loops": 1558,
                                                                                        "Output": [
                                                                                            "ci.id",
                                                                                            "ci.person_id",
                                                                                            "ci.movie_id",
                                                                                            "ci.person_role_id",
                                                                                            "ci.note",
                                                                                            "ci.nr_order",
                                                                                            "ci.role_id"
                                                                                        ],
                                                                                        "Index Cond": "(ci.person_id = an.person_id)",
                                                                                        "Rows Removed by Index Recheck": 0,
                                                                                        "Filter": "(ci.note = ANY ('{(voice),\"(voice: Japanese version)\",\"(voice) (uncredited)\",\"(voice: English version)\"}'::text[]))",
                                                                                        "Rows Removed by Filter": 44,
                                                                                        "Workers": [
                                                                                            {
                                                                                                "Worker Number": 0,
                                                                                                "Actual Startup Time": 8.271,
                                                                                                "Actual Total Time": 8.276,
                                                                                                "Actual Rows": 0,
                                                                                                "Actual Loops": 251
                                                                                            },
                                                                                            {
                                                                                                "Worker Number": 1,
                                                                                                "Actual Startup Time": 7.136,
                                                                                                "Actual Total Time": 7.148,
                                                                                                "Actual Rows": 0,
                                                                                                "Actual Loops": 291
                                                                                            },
                                                                                            {
                                                                                                "Worker Number": 2,
                                                                                                "Actual Startup Time": 7.382,
                                                                                                "Actual Total Time": 7.385,
                                                                                                "Actual Rows": 0,
                                                                                                "Actual Loops": 282
                                                                                            },
                                                                                            {
                                                                                                "Worker Number": 3,
                                                                                                "Actual Startup Time": 5.219,
                                                                                                "Actual Total Time": 5.222,
                                                                                                "Actual Rows": 0,
                                                                                                "Actual Loops": 396
                                                                                            }
                                                                                        ]
                                                                                    }
                                                                                ]
                                                                            },
                                                                            {
                                                                                "Node Type": "Hash",
                                                                                "Parent Relationship": "Inner",
                                                                                "Parallel Aware": false,
                                                                                "Startup Cost": 1.15,
                                                                                "Total Cost": 1.15,
                                                                                "Plan Rows": 1,
                                                                                "Plan Width": 4,
                                                                                "Actual Startup Time": 0.108,
                                                                                "Actual Total Time": 0.11,
                                                                                "Actual Rows": 1,
                                                                                "Actual Loops": 5,
                                                                                "Output": [
                                                                                    "rt.id"
                                                                                ],
                                                                                "Hash Buckets": 1024,
                                                                                "Original Hash Buckets": 1024,
                                                                                "Hash Batches": 1,
                                                                                "Original Hash Batches": 1,
                                                                                "Peak Memory Usage": 9,
                                                                                "Workers": [
                                                                                    {
                                                                                        "Worker Number": 0,
                                                                                        "Actual Startup Time": 0.108,
                                                                                        "Actual Total Time": 0.109,
                                                                                        "Actual Rows": 1,
                                                                                        "Actual Loops": 1
                                                                                    },
                                                                                    {
                                                                                        "Worker Number": 1,
                                                                                        "Actual Startup Time": 0.148,
                                                                                        "Actual Total Time": 0.15,
                                                                                        "Actual Rows": 1,
                                                                                        "Actual Loops": 1
                                                                                    },
                                                                                    {
                                                                                        "Worker Number": 2,
                                                                                        "Actual Startup Time": 0.113,
                                                                                        "Actual Total Time": 0.115,
                                                                                        "Actual Rows": 1,
                                                                                        "Actual Loops": 1
                                                                                    },
                                                                                    {
                                                                                        "Worker Number": 3,
                                                                                        "Actual Startup Time": 0.118,
                                                                                        "Actual Total Time": 0.12,
                                                                                        "Actual Rows": 1,
                                                                                        "Actual Loops": 1
                                                                                    }
                                                                                ],
                                                                                "Plans": [
                                                                                    {
                                                                                        "Node Type": "Seq Scan",
                                                                                        "Parent Relationship": "Outer",
                                                                                        "Parallel Aware": false,
                                                                                        "Relation Name": "role_type",
                                                                                        "Schema": "public",
                                                                                        "Alias": "rt",
                                                                                        "Startup Cost": 0.0,
                                                                                        "Total Cost": 1.15,
                                                                                        "Plan Rows": 1,
                                                                                        "Plan Width": 4,
                                                                                        "Actual Startup Time": 0.064,
                                                                                        "Actual Total Time": 0.07,
                                                                                        "Actual Rows": 1,
                                                                                        "Actual Loops": 5,
                                                                                        "Output": [
                                                                                            "rt.id"
                                                                                        ],
                                                                                        "Filter": "((rt.role)::text = 'actress'::text)",
                                                                                        "Rows Removed by Filter": 11,
                                                                                        "Workers": [
                                                                                            {
                                                                                                "Worker Number": 0,
                                                                                                "Actual Startup Time": 0.065,
                                                                                                "Actual Total Time": 0.071,
                                                                                                "Actual Rows": 1,
                                                                                                "Actual Loops": 1
                                                                                            },
                                                                                            {
                                                                                                "Worker Number": 1,
                                                                                                "Actual Startup Time": 0.099,
                                                                                                "Actual Total Time": 0.105,
                                                                                                "Actual Rows": 1,
                                                                                                "Actual Loops": 1
                                                                                            },
                                                                                            {
                                                                                                "Worker Number": 2,
                                                                                                "Actual Startup Time": 0.065,
                                                                                                "Actual Total Time": 0.072,
                                                                                                "Actual Rows": 1,
                                                                                                "Actual Loops": 1
                                                                                            },
                                                                                            {
                                                                                                "Worker Number": 3,
                                                                                                "Actual Startup Time": 0.069,
                                                                                                "Actual Total Time": 0.074,
                                                                                                "Actual Rows": 1,
                                                                                                "Actual Loops": 1
                                                                                            }
                                                                                        ]
                                                                                    }
                                                                                ]
                                                                            }
                                                                        ]
                                                                    },
                                                                    {
                                                                        "Node Type": "Index Scan",
                                                                        "Parent Relationship": "Inner",
                                                                        "Parallel Aware": false,
                                                                        "Scan Direction": "Forward",
                                                                        "Index Name": "title_pkey",
                                                                        "Relation Name": "title",
                                                                        "Schema": "public",
                                                                        "Alias": "t",
                                                                        "Startup Cost": 0.43,
                                                                        "Total Cost": 0.67,
                                                                        "Plan Rows": 1,
                                                                        "Plan Width": 21,
                                                                        "Actual Startup Time": 0.035,
                                                                        "Actual Total Time": 0.035,
                                                                        "Actual Rows": 0,
                                                                        "Actual Loops": 425,
                                                                        "Output": [
                                                                            "t.id",
                                                                            "t.title",
                                                                            "t.imdb_index",
                                                                            "t.kind_id",
                                                                            "t.production_year",
                                                                            "t.imdb_id",
                                                                            "t.phonetic_code",
                                                                            "t.episode_of_id",
                                                                            "t.season_nr",
                                                                            "t.episode_nr",
                                                                            "t.series_years",
                                                                            "t.md5sum"
                                                                        ],
                                                                        "Index Cond": "(t.id = ci.movie_id)",
                                                                        "Rows Removed by Index Recheck": 0,
                                                                        "Filter": "((t.production_year >= 2005) AND (t.production_year <= 2009))",
                                                                        "Rows Removed by Filter": 1,
                                                                        "Workers": [
                                                                            {
                                                                                "Worker Number": 0,
                                                                                "Actual Startup Time": 0.033,
                                                                                "Actual Total Time": 0.033,
                                                                                "Actual Rows": 0,
                                                                                "Actual Loops": 50
                                                                            },
                                                                            {
                                                                                "Worker Number": 1,
                                                                                "Actual Startup Time": 0.043,
                                                                                "Actual Total Time": 0.043,
                                                                                "Actual Rows": 0,
                                                                                "Actual Loops": 98
                                                                            },
                                                                            {
                                                                                "Worker Number": 2,
                                                                                "Actual Startup Time": 0.063,
                                                                                "Actual Total Time": 0.063,
                                                                                "Actual Rows": 0,
                                                                                "Actual Loops": 41
                                                                            },
                                                                            {
                                                                                "Worker Number": 3,
                                                                                "Actual Startup Time": 0.038,
                                                                                "Actual Total Time": 0.038,
                                                                                "Actual Rows": 0,
                                                                                "Actual Loops": 118
                                                                            }
                                                                        ]
                                                                    }
                                                                ]
                                                            }
                                                        ]
                                                    },
                                                    {
                                                        "Node Type": "Index Only Scan",
                                                        "Parent Relationship": "Inner",
                                                        "Parallel Aware": false,
                                                        "Scan Direction": "Forward",
                                                        "Index Name": "char_name_pkey",
                                                        "Relation Name": "char_name",
                                                        "Schema": "public",
                                                        "Alias": "chn",
                                                        "Startup Cost": 0.43,
                                                        "Total Cost": 0.67,
                                                        "Plan Rows": 1,
                                                        "Plan Width": 4,
                                                        "Actual Startup Time": 2.316,
                                                        "Actual Total Time": 2.316,
                                                        "Actual Rows": 1,
                                                        "Actual Loops": 115,
                                                        "Output": [
                                                            "chn.id"
                                                        ],
                                                        "Index Cond": "(chn.id = ci.person_role_id)",
                                                        "Rows Removed by Index Recheck": 0,
                                                        "Heap Fetches": 102
                                                    }
                                                ]
                                            },
                                            {
                                                "Node Type": "Index Scan",
                                                "Parent Relationship": "Inner",
                                                "Parallel Aware": false,
                                                "Scan Direction": "Forward",
                                                "Index Name": "movie_id_movie_companies",
                                                "Relation Name": "movie_companies",
                                                "Schema": "public",
                                                "Alias": "mc",
                                                "Startup Cost": 0.43,
                                                "Total Cost": 0.68,
                                                "Plan Rows": 1,
                                                "Plan Width": 8,
                                                "Actual Startup Time": 0.018,
                                                "Actual Total Time": 0.023,
                                                "Actual Rows": 1,
                                                "Actual Loops": 102,
                                                "Output": [
                                                    "mc.id",
                                                    "mc.movie_id",
                                                    "mc.company_id",
                                                    "mc.company_type_id",
                                                    "mc.note"
                                                ],
                                                "Index Cond": "(mc.movie_id = ci.movie_id)",
                                                "Rows Removed by Index Recheck": 0,
                                                "Filter": "((mc.note IS NOT NULL) AND ((mc.note ~~ '%(USA)%'::text) OR (mc.note ~~ '%(worldwide)%'::text)))",
                                                "Rows Removed by Filter": 6
                                            }
                                        ]
                                    },
                                    {
                                        "Node Type": "Index Scan",
                                        "Parent Relationship": "Inner",
                                        "Parallel Aware": false,
                                        "Scan Direction": "Forward",
                                        "Index Name": "company_name_pkey",
                                        "Relation Name": "company_name",
                                        "Schema": "public",
                                        "Alias": "cn",
                                        "Startup Cost": 0.42,
                                        "Total Cost": 0.49,
                                        "Plan Rows": 1,
                                        "Plan Width": 4,
                                        "Actual Startup Time": 0.011,
                                        "Actual Total Time": 0.011,
                                        "Actual Rows": 1,
                                        "Actual Loops": 79,
                                        "Output": [
                                            "cn.id",
                                            "cn.name",
                                            "cn.country_code",
                                            "cn.imdb_id",
                                            "cn.name_pcode_nf",
                                            "cn.name_pcode_sf",
                                            "cn.md5sum"
                                        ],
                                        "Index Cond": "(cn.id = mc.company_id)",
                                        "Rows Removed by Index Recheck": 0,
                                        "Filter": "((cn.country_code)::text = '[us]'::text)",
                                        "Rows Removed by Filter": 0
                                    }
                                ]
                            },
                            {
                                "Node Type": "Index Scan",
                                "Parent Relationship": "Inner",
                                "Parallel Aware": false,
                                "Scan Direction": "Forward",
                                "Index Name": "movie_id_movie_info",
                                "Relation Name": "movie_info",
                                "Schema": "public",
                                "Alias": "mi",
                                "Startup Cost": 0.43,
                                "Total Cost": 2.34,
                                "Plan Rows": 1,
                                "Plan Width": 8,
                                "Actual Startup Time": 0.032,
                                "Actual Total Time": 0.142,
                                "Actual Rows": 2,
                                "Actual Loops": 77,
                                "Output": [
                                    "mi.id",
                                    "mi.movie_id",
                                    "mi.info_type_id",
                                    "mi.info",
                                    "mi.note"
                                ],
                                "Index Cond": "(mi.movie_id = ci.movie_id)",
                                "Rows Removed by Index Recheck": 0,
                                "Filter": "((mi.info IS NOT NULL) AND ((mi.info ~~ 'Japan:%200%'::text) OR (mi.info ~~ 'USA:%200%'::text)))",
                                "Rows Removed by Filter": 166
                            }
                        ]
                    },
                    {
                        "Node Type": "Index Scan",
                        "Parent Relationship": "Inner",
                        "Parallel Aware": false,
                        "Scan Direction": "Forward",
                        "Index Name": "info_type_pkey",
                        "Relation Name": "info_type",
                        "Schema": "public",
                        "Alias": "it",
                        "Startup Cost": 0.14,
                        "Total Cost": 0.16,
                        "Plan Rows": 1,
                        "Plan Width": 4,
                        "Actual Startup Time": 0.003,
                        "Actual Total Time": 0.003,
                        "Actual Rows": 1,
                        "Actual Loops": 184,
                        "Output": [
                            "it.id",
                            "it.info"
                        ],
                        "Index Cond": "(it.id = mi.info_type_id)",
                        "Rows Removed by Index Recheck": 0,
                        "Filter": "((it.info)::text = 'release dates'::text)",
                        "Rows Removed by Filter": 0
                    }
                ]
            }
        ]
    },
    "Planning Time": 40.351,
    "Triggers": [],
    "Execution Time": 2569.632
}