[
    {
        "Bao": {
            "Bao prediction": 522.099,
            "Bao recommended hint": "(no hint)"
        }
    },
    {
        "Plan": {
            "Node Type": "Aggregate",
            "Strategy": "Plain",
            "Partial Mode": "Finalize",
            "Parallel Aware": false,
            "Startup Cost": 343617.29,
            "Total Cost": 343617.3,
            "Plan Rows": 1,
            "Plan Width": 8,
            "Actual Startup Time": 1071.782,
            "Actual Total Time": 1103.295,
            "Actual Rows": 1,
            "Actual Loops": 1,
            "Output": [
                "count(*)"
            ],
            "Plans": [
                {
                    "Node Type": "Gather",
                    "Parent Relationship": "Outer",
                    "Parallel Aware": false,
                    "Startup Cost": 343616.67,
                    "Total Cost": 343617.28,
                    "Plan Rows": 6,
                    "Plan Width": 8,
                    "Actual Startup Time": 1071.683,
                    "Actual Total Time": 1103.285,
                    "Actual Rows": 7,
                    "Actual Loops": 1,
                    "Output": [
                        "(PARTIAL count(*))"
                    ],
                    "Workers Planned": 6,
                    "Workers Launched": 6,
                    "Single Copy": false,
                    "Plans": [
                        {
                            "Node Type": "Aggregate",
                            "Strategy": "Plain",
                            "Partial Mode": "Partial",
                            "Parent Relationship": "Outer",
                            "Parallel Aware": false,
                            "Startup Cost": 342616.67,
                            "Total Cost": 342616.68,
                            "Plan Rows": 1,
                            "Plan Width": 8,
                            "Actual Startup Time": 1062.498,
                            "Actual Total Time": 1062.5,
                            "Actual Rows": 1,
                            "Actual Loops": 7,
                            "Output": [
                                "PARTIAL count(*)"
                            ],
                            "Workers": [
                                {
                                    "Worker Number": 0,
                                    "Actual Startup Time": 1060.204,
                                    "Actual Total Time": 1060.206,
                                    "Actual Rows": 1,
                                    "Actual Loops": 1
                                },
                                {
                                    "Worker Number": 1,
                                    "Actual Startup Time": 1060.739,
                                    "Actual Total Time": 1060.74,
                                    "Actual Rows": 1,
                                    "Actual Loops": 1
                                },
                                {
                                    "Worker Number": 2,
                                    "Actual Startup Time": 1061.228,
                                    "Actual Total Time": 1061.229,
                                    "Actual Rows": 1,
                                    "Actual Loops": 1
                                },
                                {
                                    "Worker Number": 3,
                                    "Actual Startup Time": 1061.533,
                                    "Actual Total Time": 1061.534,
                                    "Actual Rows": 1,
                                    "Actual Loops": 1
                                },
                                {
                                    "Worker Number": 4,
                                    "Actual Startup Time": 1061.446,
                                    "Actual Total Time": 1061.447,
                                    "Actual Rows": 1,
                                    "Actual Loops": 1
                                },
                                {
                                    "Worker Number": 5,
                                    "Actual Startup Time": 1061.434,
                                    "Actual Total Time": 1061.436,
                                    "Actual Rows": 1,
                                    "Actual Loops": 1
                                }
                            ],
                            "Plans": [
                                {
                                    "Node Type": "Seq Scan",
                                    "Parent Relationship": "Outer",
                                    "Parallel Aware": true,
                                    "Relation Name": "cast_info",
                                    "Schema": "public",
                                    "Alias": "ci",
                                    "Startup Cost": 0.0,
                                    "Total Cost": 328213.62,
                                    "Plan Rows": 5761220,
                                    "Plan Width": 0,
                                    "Actual Startup Time": 0.061,
                                    "Actual Total Time": 759.717,
                                    "Actual Rows": 4923986,
                                    "Actual Loops": 7,
                                    "Output": [
                                        "id",
                                        "person_id",
                                        "movie_id",
                                        "person_role_id",
                                        "note",
                                        "nr_order",
                                        "role_id"
                                    ],
                                    "Filter": "(ci.person_id < 3710793)",
                                    "Rows Removed by Filter": 253778,
                                    "Workers": [
                                        {
                                            "Worker Number": 0,
                                            "Actual Startup Time": 0.07,
                                            "Actual Total Time": 771.568,
                                            "Actual Rows": 4351311,
                                            "Actual Loops": 1
                                        },
                                        {
                                            "Worker Number": 1,
                                            "Actual Startup Time": 0.058,
                                            "Actual Total Time": 765.325,
                                            "Actual Rows": 4454779,
                                            "Actual Loops": 1
                                        },
                                        {
                                            "Worker Number": 2,
                                            "Actual Startup Time": 0.055,
                                            "Actual Total Time": 765.951,
                                            "Actual Rows": 4445124,
                                            "Actual Loops": 1
                                        },
                                        {
                                            "Worker Number": 3,
                                            "Actual Startup Time": 0.097,
                                            "Actual Total Time": 766.159,
                                            "Actual Rows": 4389272,
                                            "Actual Loops": 1
                                        },
                                        {
                                            "Worker Number": 4,
                                            "Actual Startup Time": 0.06,
                                            "Actual Total Time": 757.465,
                                            "Actual Rows": 7003269,
                                            "Actual Loops": 1
                                        },
                                        {
                                            "Worker Number": 5,
                                            "Actual Startup Time": 0.06,
                                            "Actual Total Time": 765.487,
                                            "Actual Rows": 4462414,
                                            "Actual Loops": 1
                                        }
                                    ]
                                }
                            ]
                        }
                    ]
                }
            ]
        },
        "Planning Time": 304.112,
        "Triggers": [],
        "Execution Time": 1103.382
    }
]