[
  {
    "Plan": {
      "Node Type": "Aggregate",
      "Strategy": "Plain",
      "Partial Mode": "Finalize",
      "Parallel Aware": false,
      "Startup Cost": 46725.84,
      "Total Cost": 46725.85,
      "Plan Rows": 1,
      "Plan Width": 8,
      "Actual Startup Time": 169.18,
      "Actual Total Time": 179.65,
      "Actual Rows": 1,
      "Actual Loops": 1,
      "Plans": [
        {
          "Node Type": "Gather",
          "Parent Relationship": "Outer",
          "Parallel Aware": false,
          "Startup Cost": 46725.52,
          "Total Cost": 46725.83,
          "Plan Rows": 3,
          "Plan Width": 8,
          "Actual Startup Time": 169.061,
          "Actual Total Time": 179.642,
          "Actual Rows": 4,
          "Actual Loops": 1,
          "Workers Planned": 3,
          "Workers Launched": 3,
          "Single Copy": false,
          "Plans": [
            {
              "Node Type": "Aggregate",
              "Strategy": "Plain",
              "Partial Mode": "Partial",
              "Parent Relationship": "Outer",
              "Parallel Aware": false,
              "Startup Cost": 45725.52,
              "Total Cost": 45725.53,
              "Plan Rows": 1,
              "Plan Width": 8,
              "Actual Startup Time": 164.566,
              "Actual Total Time": 164.568,
              "Actual Rows": 1,
              "Actual Loops": 4,
              "Plans": [
                {
                  "Node Type": "Seq Scan",
                  "Parent Relationship": "Outer",
                  "Parallel Aware": true,
                  "Relation Name": "movie_keyword",
                  "Alias": "mk",
                  "Startup Cost": 0.0,
                  "Total Cost": 42695.65,
                  "Plan Rows": 1211946,
                  "Plan Width": 0,
                  "Actual Startup Time": 0.034,
                  "Actual Total Time": 121.112,
                  "Actual Rows": 940376,
                  "Actual Loops": 4,
                  "Filter": "(keyword_id < 24602)",
                  "Rows Removed by Filter": 190606
                }
              ]
            }
          ]
        }
      ]
    },
    "Planning Time": 0.184,
    "Triggers": [],
    "Execution Time": 179.711
  }
]