[
  {
    "Plan": {
      "Node Type": "Aggregate",
      "Strategy": "Plain",
      "Partial Mode": "Finalize",
      "Parallel Aware": false,
      "Startup Cost": 47300.83,
      "Total Cost": 47300.84,
      "Plan Rows": 1,
      "Plan Width": 8,
      "Actual Startup Time": 96.528,
      "Actual Total Time": 102.856,
      "Actual Rows": 1,
      "Actual Loops": 1,
      "Plans": [
        {
          "Node Type": "Gather",
          "Parent Relationship": "Outer",
          "Parallel Aware": false,
          "Startup Cost": 47300.41,
          "Total Cost": 47300.82,
          "Plan Rows": 4,
          "Plan Width": 8,
          "Actual Startup Time": 96.397,
          "Actual Total Time": 102.85,
          "Actual Rows": 5,
          "Actual Loops": 1,
          "Workers Planned": 4,
          "Workers Launched": 4,
          "Single Copy": false,
          "Plans": [
            {
              "Node Type": "Aggregate",
              "Strategy": "Plain",
              "Partial Mode": "Partial",
              "Parent Relationship": "Outer",
              "Parallel Aware": false,
              "Startup Cost": 46300.41,
              "Total Cost": 46300.42,
              "Plan Rows": 1,
              "Plan Width": 8,
              "Actual Startup Time": 91.177,
              "Actual Total Time": 91.178,
              "Actual Rows": 1,
              "Actual Loops": 5,
              "Plans": [
                {
                  "Node Type": "Seq Scan",
                  "Parent Relationship": "Outer",
                  "Parallel Aware": true,
                  "Relation Name": "title",
                  "Alias": "t",
                  "Startup Cost": 0.0,
                  "Total Cost": 45479.21,
                  "Plan Rows": 328479,
                  "Plan Width": 0,
                  "Actual Startup Time": 0.027,
                  "Actual Total Time": 77.686,
                  "Actual Rows": 281160,
                  "Actual Loops": 5,
                  "Filter": "((production_year > 1963) AND (kind_id = 7))",
                  "Rows Removed by Filter": 224502
                }
              ]
            }
          ]
        }
      ]
    },
    "Planning Time": 0.065,
    "Triggers": [],
    "Execution Time": 102.88
  }
]