[
  {
    "Plan": {
      "Node Type": "Aggregate",
      "Strategy": "Plain",
      "Partial Mode": "Finalize",
      "Parallel Aware": false,
      "Startup Cost": 44964.59,
      "Total Cost": 44964.6,
      "Plan Rows": 1,
      "Plan Width": 8,
      "Actual Startup Time": 145.014,
      "Actual Total Time": 153.929,
      "Actual Rows": 1,
      "Actual Loops": 1,
      "Plans": [
        {
          "Node Type": "Gather",
          "Parent Relationship": "Outer",
          "Parallel Aware": false,
          "Startup Cost": 44964.27,
          "Total Cost": 44964.58,
          "Plan Rows": 3,
          "Plan Width": 8,
          "Actual Startup Time": 144.89,
          "Actual Total Time": 153.92,
          "Actual Rows": 4,
          "Actual Loops": 1,
          "Workers Planned": 3,
          "Workers Launched": 3,
          "Single Copy": false,
          "Plans": [
            {
              "Node Type": "Aggregate",
              "Strategy": "Plain",
              "Partial Mode": "Partial",
              "Parent Relationship": "Outer",
              "Parallel Aware": false,
              "Startup Cost": 43964.27,
              "Total Cost": 43964.28,
              "Plan Rows": 1,
              "Plan Width": 8,
              "Actual Startup Time": 138.003,
              "Actual Total Time": 138.004,
              "Actual Rows": 1,
              "Actual Loops": 4,
              "Plans": [
                {
                  "Node Type": "Seq Scan",
                  "Parent Relationship": "Outer",
                  "Parallel Aware": true,
                  "Relation Name": "movie_keyword",
                  "Alias": "mk",
                  "Startup Cost": 0.0,
                  "Total Cost": 42695.65,
                  "Plan Rows": 507446,
                  "Plan Width": 0,
                  "Actual Startup Time": 1.683,
                  "Actual Total Time": 117.471,
                  "Actual Rows": 395106,
                  "Actual Loops": 4,
                  "Filter": "(keyword_id > 9849)",
                  "Rows Removed by Filter": 735877
                }
              ]
            }
          ]
        }
      ]
    },
    "Planning Time": 0.186,
    "Triggers": [],
    "Execution Time": 153.986
  }
]