[
  {
    "Plan": {
      "Node Type": "Aggregate",
      "Strategy": "Plain",
      "Partial Mode": "Simple",
      "Parallel Aware": false,
      "Startup Cost": 20749.08,
      "Total Cost": 20749.09,
      "Plan Rows": 1,
      "Plan Width": 8,
      "Actual Startup Time": 18.212,
      "Actual Total Time": 18.213,
      "Actual Rows": 1,
      "Actual Loops": 1,
      "Plans": [
        {
          "Node Type": "Bitmap Heap Scan",
          "Parent Relationship": "Outer",
          "Parallel Aware": false,
          "Relation Name": "movie_companies",
          "Alias": "mc",
          "Startup Cost": 1158.21,
          "Total Cost": 20615.6,
          "Plan Rows": 53391,
          "Plan Width": 0,
          "Actual Startup Time": 2.55,
          "Actual Total Time": 15.056,
          "Actual Rows": 52692,
          "Actual Loops": 1,
          "Recheck Cond": "(company_id > 189360)",
          "Rows Removed by Index Recheck": 0,
          "Exact Heap Blocks": 1947,
          "Lossy Heap Blocks": 0,
          "Plans": [
            {
              "Node Type": "Bitmap Index Scan",
              "Parent Relationship": "Outer",
              "Parallel Aware": false,
              "Index Name": "company_id_movie_companies",
              "Startup Cost": 0.0,
              "Total Cost": 1144.86,
              "Plan Rows": 53391,
              "Plan Width": 0,
              "Actual Startup Time": 2.29,
              "Actual Total Time": 2.291,
              "Actual Rows": 52692,
              "Actual Loops": 1,
              "Index Cond": "(company_id > 189360)"
            }
          ]
        }
      ]
    },
    "Planning Time": 0.093,
    "Triggers": [],
    "Execution Time": 18.256
  }
]