[
    {
        "Bao": {
            "Bao prediction": 505.525,
            "Bao recommended hint": "(no hint)"
        }
    },
    {
        "Plan": {
            "Node Type": "Aggregate",
            "Strategy": "Plain",
            "Partial Mode": "Finalize",
            "Parallel Aware": false,
            "Startup Cost": 352915.16,
            "Total Cost": 352915.17,
            "Plan Rows": 1,
            "Plan Width": 8,
            "Actual Startup Time": 779.143,
            "Actual Total Time": 818.514,
            "Actual Rows": 1,
            "Actual Loops": 1,
            "Output": [
                "count(*)"
            ],
            "Plans": [
                {
                    "Node Type": "Gather",
                    "Parent Relationship": "Outer",
                    "Parallel Aware": false,
                    "Startup Cost": 352914.53,
                    "Total Cost": 352915.14,
                    "Plan Rows": 6,
                    "Plan Width": 8,
                    "Actual Startup Time": 779.059,
                    "Actual Total Time": 818.505,
                    "Actual Rows": 7,
                    "Actual Loops": 1,
                    "Output": [
                        "(PARTIAL count(*))"
                    ],
                    "Workers Planned": 6,
                    "Workers Launched": 6,
                    "Single Copy": false,
                    "Plans": [
                        {
                            "Node Type": "Aggregate",
                            "Strategy": "Plain",
                            "Partial Mode": "Partial",
                            "Parent Relationship": "Outer",
                            "Parallel Aware": false,
                            "Startup Cost": 351914.53,
                            "Total Cost": 351914.54,
                            "Plan Rows": 1,
                            "Plan Width": 8,
                            "Actual Startup Time": 769.616,
                            "Actual Total Time": 769.616,
                            "Actual Rows": 1,
                            "Actual Loops": 7,
                            "Output": [
                                "PARTIAL count(*)"
                            ],
                            "Workers": [
                                {
                                    "Worker Number": 0,
                                    "Actual Startup Time": 767.637,
                                    "Actual Total Time": 767.638,
                                    "Actual Rows": 1,
                                    "Actual Loops": 1
                                },
                                {
                                    "Worker Number": 1,
                                    "Actual Startup Time": 767.846,
                                    "Actual Total Time": 767.847,
                                    "Actual Rows": 1,
                                    "Actual Loops": 1
                                },
                                {
                                    "Worker Number": 2,
                                    "Actual Startup Time": 768.102,
                                    "Actual Total Time": 768.103,
                                    "Actual Rows": 1,
                                    "Actual Loops": 1
                                },
                                {
                                    "Worker Number": 3,
                                    "Actual Startup Time": 768.284,
                                    "Actual Total Time": 768.285,
                                    "Actual Rows": 1,
                                    "Actual Loops": 1
                                },
                                {
                                    "Worker Number": 4,
                                    "Actual Startup Time": 768.654,
                                    "Actual Total Time": 768.654,
                                    "Actual Rows": 1,
                                    "Actual Loops": 1
                                },
                                {
                                    "Worker Number": 5,
                                    "Actual Startup Time": 768.53,
                                    "Actual Total Time": 768.531,
                                    "Actual Rows": 1,
                                    "Actual Loops": 1
                                }
                            ],
                            "Plans": [
                                {
                                    "Node Type": "Seq Scan",
                                    "Parent Relationship": "Outer",
                                    "Parallel Aware": true,
                                    "Relation Name": "cast_info",
                                    "Schema": "public",
                                    "Alias": "ci",
                                    "Startup Cost": 0.0,
                                    "Total Cost": 343318.94,
                                    "Plan Rows": 3438238,
                                    "Plan Width": 0,
                                    "Actual Startup Time": 207.265,
                                    "Actual Total Time": 638.165,
                                    "Actual Rows": 3190332,
                                    "Actual Loops": 7,
                                    "Output": [
                                        "id",
                                        "person_id",
                                        "movie_id",
                                        "person_role_id",
                                        "note",
                                        "nr_order",
                                        "role_id"
                                    ],
                                    "Filter": "((ci.person_id > 431822) AND (ci.role_id > 1))",
                                    "Rows Removed by Filter": 1987432,
                                    "Workers": [
                                        {
                                            "Worker Number": 0,
                                            "Actual Startup Time": 205.298,
                                            "Actual Total Time": 639.29,
                                            "Actual Rows": 3145481,
                                            "Actual Loops": 1
                                        },
                                        {
                                            "Worker Number": 1,
                                            "Actual Startup Time": 205.489,
                                            "Actual Total Time": 637.795,
                                            "Actual Rows": 2980212,
                                            "Actual Loops": 1
                                        },
                                        {
                                            "Worker Number": 2,
                                            "Actual Startup Time": 205.757,
                                            "Actual Total Time": 639.566,
                                            "Actual Rows": 3151363,
                                            "Actual Loops": 1
                                        },
                                        {
                                            "Worker Number": 3,
                                            "Actual Startup Time": 205.926,
                                            "Actual Total Time": 638.302,
                                            "Actual Rows": 3004159,
                                            "Actual Loops": 1
                                        },
                                        {
                                            "Worker Number": 4,
                                            "Actual Startup Time": 206.29,
                                            "Actual Total Time": 638.427,
                                            "Actual Rows": 2992972,
                                            "Actual Loops": 1
                                        },
                                        {
                                            "Worker Number": 5,
                                            "Actual Startup Time": 206.197,
                                            "Actual Total Time": 640.433,
                                            "Actual Rows": 3140660,
                                            "Actual Loops": 1
                                        }
                                    ]
                                }
                            ]
                        }
                    ]
                }
            ]
        },
        "Planning Time": 408.442,
        "Triggers": [],
        "Execution Time": 818.602
    }
]