[
  {
    "Plan": {
      "Node Type": "Aggregate",
      "Strategy": "Plain",
      "Partial Mode": "Finalize",
      "Parallel Aware": false,
      "Startup Cost": 338450.27,
      "Total Cost": 338450.28,
      "Plan Rows": 1,
      "Plan Width": 8,
      "Actual Startup Time": 755.995,
      "Actual Total Time": 816.97,
      "Actual Rows": 1,
      "Actual Loops": 1,
      "Plans": [
        {
          "Node Type": "Gather",
          "Parent Relationship": "Outer",
          "Parallel Aware": false,
          "Startup Cost": 338449.65,
          "Total Cost": 338450.26,
          "Plan Rows": 6,
          "Plan Width": 8,
          "Actual Startup Time": 755.901,
          "Actual Total Time": 816.958,
          "Actual Rows": 7,
          "Actual Loops": 1,
          "Workers Planned": 6,
          "Workers Launched": 6,
          "Single Copy": false,
          "Plans": [
            {
              "Node Type": "Aggregate",
              "Strategy": "Plain",
              "Partial Mode": "Partial",
              "Parent Relationship": "Outer",
              "Parallel Aware": false,
              "Startup Cost": 337449.65,
              "Total Cost": 337449.66,
              "Plan Rows": 1,
              "Plan Width": 8,
              "Actual Startup Time": 746.863,
              "Actual Total Time": 746.864,
              "Actual Rows": 1,
              "Actual Loops": 7,
              "Plans": [
                {
                  "Node Type": "Seq Scan",
                  "Parent Relationship": "Outer",
                  "Parallel Aware": true,
                  "Relation Name": "cast_info",
                  "Alias": "ci",
                  "Startup Cost": 0.0,
                  "Total Cost": 328162.03,
                  "Plan Rows": 3715049,
                  "Plan Width": 0,
                  "Actual Startup Time": 156.448,
                  "Actual Total Time": 612.468,
                  "Actual Rows": 3185816,
                  "Actual Loops": 7,
                  "Filter": "(person_id > 1374419)",
                  "Rows Removed by Filter": 1991948
                }
              ]
            }
          ]
        }
      ]
    },
    "Planning Time": 0.205,
    "Triggers": [],
    "Execution Time": 817.045
  }
]