[
  {
    "Plan": {
      "Node Type": "Aggregate",
      "Strategy": "Plain",
      "Partial Mode": "Finalize",
      "Parallel Aware": false,
      "Startup Cost": 334981.03,
      "Total Cost": 334981.04,
      "Plan Rows": 1,
      "Plan Width": 8,
      "Actual Startup Time": 612.188,
      "Actual Total Time": 668.178,
      "Actual Rows": 1,
      "Actual Loops": 1,
      "Plans": [
        {
          "Node Type": "Gather",
          "Parent Relationship": "Outer",
          "Parallel Aware": false,
          "Startup Cost": 334980.4,
          "Total Cost": 334981.01,
          "Plan Rows": 6,
          "Plan Width": 8,
          "Actual Startup Time": 612.081,
          "Actual Total Time": 668.168,
          "Actual Rows": 7,
          "Actual Loops": 1,
          "Workers Planned": 6,
          "Workers Launched": 6,
          "Single Copy": false,
          "Plans": [
            {
              "Node Type": "Aggregate",
              "Strategy": "Plain",
              "Partial Mode": "Partial",
              "Parent Relationship": "Outer",
              "Parallel Aware": false,
              "Startup Cost": 333980.4,
              "Total Cost": 333980.41,
              "Plan Rows": 1,
              "Plan Width": 8,
              "Actual Startup Time": 604.478,
              "Actual Total Time": 604.478,
              "Actual Rows": 1,
              "Actual Loops": 7,
              "Plans": [
                {
                  "Node Type": "Seq Scan",
                  "Parent Relationship": "Outer",
                  "Parallel Aware": true,
                  "Relation Name": "cast_info",
                  "Alias": "ci",
                  "Startup Cost": 0.0,
                  "Total Cost": 328162.03,
                  "Plan Rows": 2327351,
                  "Plan Width": 0,
                  "Actual Startup Time": 0.049,
                  "Actual Total Time": 522.54,
                  "Actual Rows": 1996117,
                  "Actual Loops": 7,
                  "Filter": "(person_id < 1376776)",
                  "Rows Removed by Filter": 3181646
                }
              ]
            }
          ]
        }
      ]
    },
    "Planning Time": 0.164,
    "Triggers": [],
    "Execution Time": 668.241
  }
]