[
  {
    "Plan": {
      "Node Type": "Aggregate",
      "Strategy": "Plain",
      "Partial Mode": "Finalize",
      "Parallel Aware": false,
      "Startup Cost": 259196.89,
      "Total Cost": 259196.9,
      "Plan Rows": 1,
      "Plan Width": 8,
      "Actual Startup Time": 323.292,
      "Actual Total Time": 343.233,
      "Actual Rows": 1,
      "Actual Loops": 1,
      "Plans": [
        {
          "Node Type": "Gather",
          "Parent Relationship": "Outer",
          "Parallel Aware": false,
          "Startup Cost": 259196.37,
          "Total Cost": 259196.88,
          "Plan Rows": 5,
          "Plan Width": 8,
          "Actual Startup Time": 315.749,
          "Actual Total Time": 343.223,
          "Actual Rows": 6,
          "Actual Loops": 1,
          "Workers Planned": 5,
          "Workers Launched": 5,
          "Single Copy": false,
          "Plans": [
            {
              "Node Type": "Aggregate",
              "Strategy": "Plain",
              "Partial Mode": "Partial",
              "Parent Relationship": "Outer",
              "Parallel Aware": false,
              "Startup Cost": 258196.37,
              "Total Cost": 258196.38,
              "Plan Rows": 1,
              "Plan Width": 8,
              "Actual Startup Time": 306.151,
              "Actual Total Time": 306.155,
              "Actual Rows": 1,
              "Actual Loops": 6,
              "Plans": [
                {
                  "Node Type": "Nested Loop",
                  "Parent Relationship": "Outer",
                  "Parallel Aware": false,
                  "Join Type": "Inner",
                  "Startup Cost": 54393.89,
                  "Total Cost": 258103.5,
                  "Plan Rows": 37147,
                  "Plan Width": 0,
                  "Actual Startup Time": 168.469,
                  "Actual Total Time": 299.285,
                  "Actual Rows": 128778,
                  "Actual Loops": 6,
                  "Inner Unique": false,
                  "Plans": [
                    {
                      "Node Type": "Hash Join",
                      "Parent Relationship": "Outer",
                      "Parallel Aware": true,
                      "Join Type": "Inner",
                      "Startup Cost": 54393.46,
                      "Total Cost": 217507.7,
                      "Plan Rows": 20761,
                      "Plan Width": 8,
                      "Actual Startup Time": 167.865,
                      "Actual Total Time": 204.787,
                      "Actual Rows": 10559,
                      "Actual Loops": 6,
                      "Inner Unique": true,
                      "Hash Cond": "(mi.movie_id = t.id)",
                      "Plans": [
                        {
                          "Node Type": "Bitmap Heap Scan",
                          "Parent Relationship": "Outer",
                          "Parallel Aware": true,
                          "Relation Name": "movie_info",
                          "Alias": "mi",
                          "Startup Cost": 6701.03,
                          "Total Cost": 169620.68,
                          "Plan Rows": 74132,
                          "Plan Width": 4,
                          "Actual Startup Time": 25.531,
                          "Actual Total Time": 46.079,
                          "Actual Rows": 61370,
                          "Actual Loops": 6,
                          "Recheck Cond": "(info_type_id = 17)",
                          "Rows Removed by Index Recheck": 0,
                          "Exact Heap Blocks": 2817,
                          "Lossy Heap Blocks": 0,
                          "Plans": [
                            {
                              "Node Type": "Bitmap Index Scan",
                              "Parent Relationship": "Outer",
                              "Parallel Aware": false,
                              "Index Name": "info_type_id_movie_info",
                              "Startup Cost": 0.0,
                              "Total Cost": 6608.37,
                              "Plan Rows": 370658,
                              "Plan Width": 0,
                              "Actual Startup Time": 23.861,
                              "Actual Total Time": 23.861,
                              "Actual Rows": 368218,
                              "Actual Loops": 1,
                              "Index Cond": "(info_type_id = 17)"
                            }
                          ]
                        },
                        {
                          "Node Type": "Hash",
                          "Parent Relationship": "Inner",
                          "Parallel Aware": true,
                          "Startup Cost": 45479.59,
                          "Total Cost": 45479.59,
                          "Plan Rows": 177027,
                          "Plan Width": 4,
                          "Actual Startup Time": 138.778,
                          "Actual Total Time": 138.779,
                          "Actual Rows": 100762,
                          "Actual Loops": 6,
                          "Hash Buckets": 1048576,
                          "Original Hash Buckets": 1048576,
                          "Hash Batches": 1,
                          "Original Hash Batches": 1,
                          "Peak Memory Usage": 31936,
                          "Plans": [
                            {
                              "Node Type": "Seq Scan",
                              "Parent Relationship": "Outer",
                              "Parallel Aware": true,
                              "Relation Name": "title",
                              "Alias": "t",
                              "Startup Cost": 0.0,
                              "Total Cost": 45479.59,
                              "Plan Rows": 177027,
                              "Plan Width": 4,
                              "Actual Startup Time": 0.05,
                              "Actual Total Time": 88.128,
                              "Actual Rows": 100762,
                              "Actual Loops": 6,
                              "Filter": "((kind_id > 1) AND (production_year < 1999))",
                              "Rows Removed by Filter": 320624
                            }
                          ]
                        }
                      ]
                    },
                    {
                      "Node Type": "Index Only Scan",
                      "Parent Relationship": "Inner",
                      "Parallel Aware": false,
                      "Scan Direction": "Forward",
                      "Index Name": "movie_id_movie_keyword",
                      "Relation Name": "movie_keyword",
                      "Alias": "mk",
                      "Startup Cost": 0.43,
                      "Total Cost": 1.5,
                      "Plan Rows": 46,
                      "Plan Width": 4,
                      "Actual Startup Time": 0.004,
                      "Actual Total Time": 0.008,
                      "Actual Rows": 12,
                      "Actual Loops": 63353,
                      "Index Cond": "(movie_id = t.id)",
                      "Rows Removed by Index Recheck": 0,
                      "Heap Fetches": 772666
                    }
                  ]
                }
              ]
            }
          ]
        }
      ]
    },
    "Planning Time": 1.371,
    "Triggers": [],
    "Execution Time": 343.333
  }
]