[
  {
    "Plan": {
      "Node Type": "Aggregate",
      "Strategy": "Plain",
      "Partial Mode": "Finalize",
      "Parallel Aware": false,
      "Startup Cost": 32809.87,
      "Total Cost": 32809.88,
      "Plan Rows": 1,
      "Plan Width": 8,
      "Actual Startup Time": 78.274,
      "Actual Total Time": 83.912,
      "Actual Rows": 1,
      "Actual Loops": 1,
      "Plans": [
        {
          "Node Type": "Gather",
          "Parent Relationship": "Outer",
          "Parallel Aware": false,
          "Startup Cost": 32809.56,
          "Total Cost": 32809.87,
          "Plan Rows": 3,
          "Plan Width": 8,
          "Actual Startup Time": 78.217,
          "Actual Total Time": 83.908,
          "Actual Rows": 4,
          "Actual Loops": 1,
          "Workers Planned": 3,
          "Workers Launched": 3,
          "Single Copy": false,
          "Plans": [
            {
              "Node Type": "Aggregate",
              "Strategy": "Plain",
              "Partial Mode": "Partial",
              "Parent Relationship": "Outer",
              "Parallel Aware": false,
              "Startup Cost": 31809.56,
              "Total Cost": 31809.57,
              "Plan Rows": 1,
              "Plan Width": 8,
              "Actual Startup Time": 75.008,
              "Actual Total Time": 75.009,
              "Actual Rows": 1,
              "Actual Loops": 4,
              "Plans": [
                {
                  "Node Type": "Seq Scan",
                  "Parent Relationship": "Outer",
                  "Parallel Aware": true,
                  "Relation Name": "movie_companies",
                  "Alias": "mc",
                  "Startup Cost": 0.0,
                  "Total Cost": 31414.82,
                  "Plan Rows": 157895,
                  "Plan Width": 0,
                  "Actual Startup Time": 35.466,
                  "Actual Total Time": 66.913,
                  "Actual Rows": 200979,
                  "Actual Loops": 4,
                  "Filter": "((company_id > 17959) AND (company_type_id > 1))",
                  "Rows Removed by Filter": 451303
                }
              ]
            }
          ]
        }
      ]
    },
    "Planning Time": 0.084,
    "Triggers": [],
    "Execution Time": 83.938
  }
]