{
    "Plan": {
        "Node Type": "Aggregate",
        "Strategy": "Plain",
        "Partial Mode": "Finalize",
        "Parallel Aware": false,
        "Startup Cost": 154548.88,
        "Total Cost": 154548.89,
        "Plan Rows": 1,
        "Plan Width": 8,
        "Actual Startup Time": 549.285,
        "Actual Total Time": 570.19,
        "Actual Rows": 1,
        "Actual Loops": 1,
        "Output": [
            "count(*)"
        ],
        "Plans": [
            {
                "Node Type": "Gather",
                "Parent Relationship": "Outer",
                "Parallel Aware": false,
                "Startup Cost": 154548.36,
                "Total Cost": 154548.87,
                "Plan Rows": 5,
                "Plan Width": 8,
                "Actual Startup Time": 542.589,
                "Actual Total Time": 570.18,
                "Actual Rows": 6,
                "Actual Loops": 1,
                "Output": [
                    "(PARTIAL count(*))"
                ],
                "Workers Planned": 5,
                "Workers Launched": 5,
                "Single Copy": false,
                "Plans": [
                    {
                        "Node Type": "Aggregate",
                        "Strategy": "Plain",
                        "Partial Mode": "Partial",
                        "Parent Relationship": "Outer",
                        "Parallel Aware": false,
                        "Startup Cost": 153548.36,
                        "Total Cost": 153548.37,
                        "Plan Rows": 1,
                        "Plan Width": 8,
                        "Actual Startup Time": 531.586,
                        "Actual Total Time": 531.784,
                        "Actual Rows": 1,
                        "Actual Loops": 6,
                        "Output": [
                            "PARTIAL count(*)"
                        ],
                        "Workers": [
                            {
                                "Worker Number": 0,
                                "Actual Startup Time": 528.886,
                                "Actual Total Time": 528.89,
                                "Actual Rows": 1,
                                "Actual Loops": 1
                            },
                            {
                                "Worker Number": 1,
                                "Actual Startup Time": 528.855,
                                "Actual Total Time": 528.861,
                                "Actual Rows": 1,
                                "Actual Loops": 1
                            },
                            {
                                "Worker Number": 2,
                                "Actual Startup Time": 529.608,
                                "Actual Total Time": 529.613,
                                "Actual Rows": 1,
                                "Actual Loops": 1
                            },
                            {
                                "Worker Number": 3,
                                "Actual Startup Time": 530.75,
                                "Actual Total Time": 530.755,
                                "Actual Rows": 1,
                                "Actual Loops": 1
                            },
                            {
                                "Worker Number": 4,
                                "Actual Startup Time": 529.864,
                                "Actual Total Time": 529.871,
                                "Actual Rows": 1,
                                "Actual Loops": 1
                            }
                        ],
                        "Plans": [
                            {
                                "Node Type": "Hash Join",
                                "Parent Relationship": "Outer",
                                "Parallel Aware": true,
                                "Join Type": "Inner",
                                "Startup Cost": 79360.49,
                                "Total Cost": 153392.66,
                                "Plan Rows": 62280,
                                "Plan Width": 0,
                                "Actual Startup Time": 310.382,
                                "Actual Total Time": 525.73,
                                "Actual Rows": 142534,
                                "Actual Loops": 6,
                                "Inner Unique": false,
                                "Hash Cond": "(ci.movie_id = t.id)",
                                "Workers": [
                                    {
                                        "Worker Number": 0,
                                        "Actual Startup Time": 307.767,
                                        "Actual Total Time": 522.846,
                                        "Actual Rows": 142492,
                                        "Actual Loops": 1
                                    },
                                    {
                                        "Worker Number": 1,
                                        "Actual Startup Time": 307.992,
                                        "Actual Total Time": 523.34,
                                        "Actual Rows": 127527,
                                        "Actual Loops": 1
                                    },
                                    {
                                        "Worker Number": 2,
                                        "Actual Startup Time": 308.62,
                                        "Actual Total Time": 523.477,
                                        "Actual Rows": 144778,
                                        "Actual Loops": 1
                                    },
                                    {
                                        "Worker Number": 3,
                                        "Actual Startup Time": 308.651,
                                        "Actual Total Time": 524.691,
                                        "Actual Rows": 142821,
                                        "Actual Loops": 1
                                    },
                                    {
                                        "Worker Number": 4,
                                        "Actual Startup Time": 308.898,
                                        "Actual Total Time": 524.179,
                                        "Actual Rows": 131929,
                                        "Actual Loops": 1
                                    }
                                ],
                                "Plans": [
                                    {
                                        "Node Type": "Index Scan",
                                        "Parent Relationship": "Outer",
                                        "Parallel Aware": true,
                                        "Scan Direction": "Forward",
                                        "Index Name": "role_id_cast_info",
                                        "Relation Name": "cast_info",
                                        "Schema": "public",
                                        "Alias": "ci",
                                        "Startup Cost": 0.56,
                                        "Total Cost": 72121.93,
                                        "Plan Rows": 455976,
                                        "Plan Width": 4,
                                        "Actual Startup Time": 0.161,
                                        "Actual Total Time": 100.793,
                                        "Actual Rows": 411948,
                                        "Actual Loops": 6,
                                        "Output": [
                                            "ci.id",
                                            "ci.person_id",
                                            "ci.movie_id",
                                            "ci.person_role_id",
                                            "ci.note",
                                            "ci.nr_order",
                                            "ci.role_id"
                                        ],
                                        "Index Cond": "(ci.role_id = 4)",
                                        "Rows Removed by Index Recheck": 0,
                                        "Filter": "(ci.person_id < 3175130)",
                                        "Rows Removed by Filter": 42876,
                                        "Workers": [
                                            {
                                                "Worker Number": 0,
                                                "Actual Startup Time": 0.149,
                                                "Actual Total Time": 103.849,
                                                "Actual Rows": 414213,
                                                "Actual Loops": 1
                                            },
                                            {
                                                "Worker Number": 1,
                                                "Actual Startup Time": 0.273,
                                                "Actual Total Time": 101.4,
                                                "Actual Rows": 374612,
                                                "Actual Loops": 1
                                            },
                                            {
                                                "Worker Number": 2,
                                                "Actual Startup Time": 0.228,
                                                "Actual Total Time": 103.888,
                                                "Actual Rows": 410969,
                                                "Actual Loops": 1
                                            },
                                            {
                                                "Worker Number": 3,
                                                "Actual Startup Time": 0.097,
                                                "Actual Total Time": 104.275,
                                                "Actual Rows": 414322,
                                                "Actual Loops": 1
                                            },
                                            {
                                                "Worker Number": 4,
                                                "Actual Startup Time": 0.19,
                                                "Actual Total Time": 100.646,
                                                "Actual Rows": 369059,
                                                "Actual Loops": 1
                                            }
                                        ]
                                    },
                                    {
                                        "Node Type": "Hash",
                                        "Parent Relationship": "Inner",
                                        "Parallel Aware": true,
                                        "Startup Cost": 77967.45,
                                        "Total Cost": 77967.45,
                                        "Plan Rows": 111398,
                                        "Plan Width": 8,
                                        "Actual Startup Time": 307.73,
                                        "Actual Total Time": 307.926,
                                        "Actual Rows": 115465,
                                        "Actual Loops": 6,
                                        "Output": [
                                            "t.id",
                                            "mc.movie_id"
                                        ],
                                        "Hash Buckets": 1048576,
                                        "Original Hash Buckets": 524288,
                                        "Hash Batches": 1,
                                        "Original Hash Batches": 1,
                                        "Peak Memory Usage": 39520,
                                        "Workers": [
                                            {
                                                "Worker Number": 0,
                                                "Actual Startup Time": 307.169,
                                                "Actual Total Time": 307.172,
                                                "Actual Rows": 117755,
                                                "Actual Loops": 1
                                            },
                                            {
                                                "Worker Number": 1,
                                                "Actual Startup Time": 307.151,
                                                "Actual Total Time": 307.155,
                                                "Actual Rows": 106354,
                                                "Actual Loops": 1
                                            },
                                            {
                                                "Worker Number": 2,
                                                "Actual Startup Time": 307.982,
                                                "Actual Total Time": 307.986,
                                                "Actual Rows": 118709,
                                                "Actual Loops": 1
                                            },
                                            {
                                                "Worker Number": 3,
                                                "Actual Startup Time": 308.184,
                                                "Actual Total Time": 308.188,
                                                "Actual Rows": 119793,
                                                "Actual Loops": 1
                                            },
                                            {
                                                "Worker Number": 4,
                                                "Actual Startup Time": 308.203,
                                                "Actual Total Time": 308.207,
                                                "Actual Rows": 107369,
                                                "Actual Loops": 1
                                            }
                                        ],
                                        "Plans": [
                                            {
                                                "Node Type": "Hash Join",
                                                "Parent Relationship": "Outer",
                                                "Parallel Aware": true,
                                                "Join Type": "Inner",
                                                "Startup Cost": 47530.37,
                                                "Total Cost": 77967.45,
                                                "Plan Rows": 111398,
                                                "Plan Width": 8,
                                                "Actual Startup Time": 164.367,
                                                "Actual Total Time": 257.173,
                                                "Actual Rows": 115465,
                                                "Actual Loops": 6,
                                                "Output": [
                                                    "t.id",
                                                    "mc.movie_id"
                                                ],
                                                "Inner Unique": true,
                                                "Hash Cond": "(mc.movie_id = t.id)",
                                                "Workers": [
                                                    {
                                                        "Worker Number": 0,
                                                        "Actual Startup Time": 164.04,
                                                        "Actual Total Time": 256.484,
                                                        "Actual Rows": 117755,
                                                        "Actual Loops": 1
                                                    },
                                                    {
                                                        "Worker Number": 1,
                                                        "Actual Startup Time": 163.975,
                                                        "Actual Total Time": 256.314,
                                                        "Actual Rows": 106354,
                                                        "Actual Loops": 1
                                                    },
                                                    {
                                                        "Worker Number": 2,
                                                        "Actual Startup Time": 164.586,
                                                        "Actual Total Time": 257.287,
                                                        "Actual Rows": 118709,
                                                        "Actual Loops": 1
                                                    },
                                                    {
                                                        "Worker Number": 3,
                                                        "Actual Startup Time": 164.459,
                                                        "Actual Total Time": 257.289,
                                                        "Actual Rows": 119793,
                                                        "Actual Loops": 1
                                                    },
                                                    {
                                                        "Worker Number": 4,
                                                        "Actual Startup Time": 164.45,
                                                        "Actual Total Time": 256.816,
                                                        "Actual Rows": 107369,
                                                        "Actual Loops": 1
                                                    }
                                                ],
                                                "Plans": [
                                                    {
                                                        "Node Type": "Seq Scan",
                                                        "Parent Relationship": "Outer",
                                                        "Parallel Aware": true,
                                                        "Relation Name": "movie_companies",
                                                        "Schema": "public",
                                                        "Alias": "mc",
                                                        "Startup Cost": 0.0,
                                                        "Total Cost": 29310.68,
                                                        "Plan Rows": 429104,
                                                        "Plan Width": 4,
                                                        "Actual Startup Time": 22.239,
                                                        "Actual Total Time": 49.376,
                                                        "Actual Rows": 222480,
                                                        "Actual Loops": 6,
                                                        "Output": [
                                                            "mc.id",
                                                            "mc.movie_id",
                                                            "mc.company_id",
                                                            "mc.company_type_id",
                                                            "mc.note"
                                                        ],
                                                        "Filter": "(mc.company_type_id = 2)",
                                                        "Rows Removed by Filter": 212374,
                                                        "Workers": [
                                                            {
                                                                "Worker Number": 0,
                                                                "Actual Startup Time": 22.25,
                                                                "Actual Total Time": 50.495,
                                                                "Actual Rows": 228114,
                                                                "Actual Loops": 1
                                                            },
                                                            {
                                                                "Worker Number": 1,
                                                                "Actual Startup Time": 22.248,
                                                                "Actual Total Time": 49.158,
                                                                "Actual Rows": 203080,
                                                                "Actual Loops": 1
                                                            },
                                                            {
                                                                "Worker Number": 2,
                                                                "Actual Startup Time": 22.238,
                                                                "Actual Total Time": 50.086,
                                                                "Actual Rows": 227384,
                                                                "Actual Loops": 1
                                                            },
                                                            {
                                                                "Worker Number": 3,
                                                                "Actual Startup Time": 22.253,
                                                                "Actual Total Time": 50.317,
                                                                "Actual Rows": 230023,
                                                                "Actual Loops": 1
                                                            },
                                                            {
                                                                "Worker Number": 4,
                                                                "Actual Startup Time": 22.218,
                                                                "Actual Total Time": 49.09,
                                                                "Actual Rows": 202668,
                                                                "Actual Loops": 1
                                                            }
                                                        ]
                                                    },
                                                    {
                                                        "Node Type": "Hash",
                                                        "Parent Relationship": "Inner",
                                                        "Parallel Aware": true,
                                                        "Startup Cost": 45479.21,
                                                        "Total Cost": 45479.21,
                                                        "Plan Rows": 164093,
                                                        "Plan Width": 4,
                                                        "Actual Startup Time": 139.873,
                                                        "Actual Total Time": 139.874,
                                                        "Actual Rows": 118530,
                                                        "Actual Loops": 6,
                                                        "Output": [
                                                            "t.id"
                                                        ],
                                                        "Hash Buckets": 1048576,
                                                        "Original Hash Buckets": 1048576,
                                                        "Hash Batches": 1,
                                                        "Original Hash Batches": 1,
                                                        "Peak Memory Usage": 36128,
                                                        "Workers": [
                                                            {
                                                                "Worker Number": 0,
                                                                "Actual Startup Time": 141.674,
                                                                "Actual Total Time": 141.676,
                                                                "Actual Rows": 120570,
                                                                "Actual Loops": 1
                                                            },
                                                            {
                                                                "Worker Number": 1,
                                                                "Actual Startup Time": 141.661,
                                                                "Actual Total Time": 141.662,
                                                                "Actual Rows": 103963,
                                                                "Actual Loops": 1
                                                            },
                                                            {
                                                                "Worker Number": 2,
                                                                "Actual Startup Time": 142.26,
                                                                "Actual Total Time": 142.261,
                                                                "Actual Rows": 114375,
                                                                "Actual Loops": 1
                                                            },
                                                            {
                                                                "Worker Number": 3,
                                                                "Actual Startup Time": 142.072,
                                                                "Actual Total Time": 142.073,
                                                                "Actual Rows": 119547,
                                                                "Actual Loops": 1
                                                            },
                                                            {
                                                                "Worker Number": 4,
                                                                "Actual Startup Time": 142.07,
                                                                "Actual Total Time": 142.072,
                                                                "Actual Rows": 104438,
                                                                "Actual Loops": 1
                                                            }
                                                        ],
                                                        "Plans": [
                                                            {
                                                                "Node Type": "Seq Scan",
                                                                "Parent Relationship": "Outer",
                                                                "Parallel Aware": true,
                                                                "Relation Name": "title",
                                                                "Schema": "public",
                                                                "Alias": "t",
                                                                "Startup Cost": 0.0,
                                                                "Total Cost": 45479.21,
                                                                "Plan Rows": 164093,
                                                                "Plan Width": 4,
                                                                "Actual Startup Time": 0.088,
                                                                "Actual Total Time": 82.255,
                                                                "Actual Rows": 118530,
                                                                "Actual Loops": 6,
                                                                "Output": [
                                                                    "t.id"
                                                                ],
                                                                "Filter": "((t.kind_id < 7) AND (t.production_year < 2008))",
                                                                "Rows Removed by Filter": 302856,
                                                                "Workers": [
                                                                    {
                                                                        "Worker Number": 0,
                                                                        "Actual Startup Time": 0.096,
                                                                        "Actual Total Time": 83.021,
                                                                        "Actual Rows": 120570,
                                                                        "Actual Loops": 1
                                                                    },
                                                                    {
                                                                        "Worker Number": 1,
                                                                        "Actual Startup Time": 0.082,
                                                                        "Actual Total Time": 81.666,
                                                                        "Actual Rows": 103963,
                                                                        "Actual Loops": 1
                                                                    },
                                                                    {
                                                                        "Worker Number": 2,
                                                                        "Actual Startup Time": 0.105,
                                                                        "Actual Total Time": 83.201,
                                                                        "Actual Rows": 114375,
                                                                        "Actual Loops": 1
                                                                    },
                                                                    {
                                                                        "Worker Number": 3,
                                                                        "Actual Startup Time": 0.108,
                                                                        "Actual Total Time": 82.784,
                                                                        "Actual Rows": 119547,
                                                                        "Actual Loops": 1
                                                                    },
                                                                    {
                                                                        "Worker Number": 4,
                                                                        "Actual Startup Time": 0.118,
                                                                        "Actual Total Time": 82.031,
                                                                        "Actual Rows": 104438,
                                                                        "Actual Loops": 1
                                                                    }
                                                                ]
                                                            }
                                                        ]
                                                    }
                                                ]
                                            }
                                        ]
                                    }
                                ]
                            }
                        ]
                    }
                ]
            }
        ]
    },
    "Planning Time": 1.751,
    "Triggers": [],
    "Execution Time": 570.289
}