[
  {
    "Plan": {
      "Node Type": "Aggregate",
      "Strategy": "Plain",
      "Partial Mode": "Finalize",
      "Parallel Aware": false,
      "Startup Cost": 91121.66,
      "Total Cost": 91121.67,
      "Plan Rows": 1,
      "Plan Width": 8,
      "Actual Startup Time": 277.513,
      "Actual Total Time": 292.956,
      "Actual Rows": 1,
      "Actual Loops": 1,
      "Plans": [
        {
          "Node Type": "Gather",
          "Parent Relationship": "Outer",
          "Parallel Aware": false,
          "Startup Cost": 91121.34,
          "Total Cost": 91121.65,
          "Plan Rows": 3,
          "Plan Width": 8,
          "Actual Startup Time": 277.003,
          "Actual Total Time": 292.949,
          "Actual Rows": 4,
          "Actual Loops": 1,
          "Workers Planned": 3,
          "Workers Launched": 3,
          "Single Copy": false,
          "Plans": [
            {
              "Node Type": "Aggregate",
              "Strategy": "Plain",
              "Partial Mode": "Partial",
              "Parent Relationship": "Outer",
              "Parallel Aware": false,
              "Startup Cost": 90121.34,
              "Total Cost": 90121.35,
              "Plan Rows": 1,
              "Plan Width": 8,
              "Actual Startup Time": 269.941,
              "Actual Total Time": 269.944,
              "Actual Rows": 1,
              "Actual Loops": 4,
              "Plans": [
                {
                  "Node Type": "Hash Join",
                  "Parent Relationship": "Outer",
                  "Parallel Aware": true,
                  "Join Type": "Inner",
                  "Startup Cost": 44400.22,
                  "Total Cost": 89949.08,
                  "Plan Rows": 68905,
                  "Plan Width": 0,
                  "Actual Startup Time": 102.003,
                  "Actual Total Time": 265.708,
                  "Actual Rows": 105085,
                  "Actual Loops": 4,
                  "Inner Unique": true,
                  "Hash Cond": "(mk.movie_id = t.id)",
                  "Plans": [
                    {
                      "Node Type": "Seq Scan",
                      "Parent Relationship": "Outer",
                      "Parallel Aware": true,
                      "Relation Name": "movie_keyword",
                      "Alias": "mk",
                      "Startup Cost": 0.0,
                      "Total Cost": 42695.65,
                      "Plan Rows": 1086934,
                      "Plan Width": 4,
                      "Actual Startup Time": 0.026,
                      "Actual Total Time": 99.793,
                      "Actual Rows": 839778,
                      "Actual Loops": 4,
                      "Filter": "(keyword_id < 16082)",
                      "Rows Removed by Filter": 291205
                    },
                    {
                      "Node Type": "Hash",
                      "Parent Relationship": "Inner",
                      "Parallel Aware": true,
                      "Startup Cost": 43899.32,
                      "Total Cost": 43899.32,
                      "Plan Rows": 40072,
                      "Plan Width": 4,
                      "Actual Startup Time": 99.066,
                      "Actual Total Time": 99.067,
                      "Actual Rows": 43652,
                      "Actual Loops": 4,
                      "Hash Buckets": 262144,
                      "Original Hash Buckets": 262144,
                      "Hash Batches": 1,
                      "Original Hash Batches": 1,
                      "Peak Memory Usage": 8928,
                      "Plans": [
                        {
                          "Node Type": "Seq Scan",
                          "Parent Relationship": "Outer",
                          "Parallel Aware": true,
                          "Relation Name": "title",
                          "Alias": "t",
                          "Startup Cost": 0.0,
                          "Total Cost": 43899.32,
                          "Plan Rows": 40072,
                          "Plan Width": 4,
                          "Actual Startup Time": 0.179,
                          "Actual Total Time": 86.499,
                          "Actual Rows": 43652,
                          "Actual Loops": 4,
                          "Filter": "(production_year < 1952)",
                          "Rows Removed by Filter": 588426
                        }
                      ]
                    }
                  ]
                }
              ]
            }
          ]
        }
      ]
    },
    "Planning Time": 0.604,
    "Triggers": [],
    "Execution Time": 293.023
  }
]