[
  {
    "Plan": {
      "Node Type": "Aggregate",
      "Strategy": "Plain",
      "Partial Mode": "Finalize",
      "Parallel Aware": false,
      "Startup Cost": 151297.02,
      "Total Cost": 151297.03,
      "Plan Rows": 1,
      "Plan Width": 8,
      "Actual Startup Time": 2700.046,
      "Actual Total Time": 2788.974,
      "Actual Rows": 1,
      "Actual Loops": 1,
      "Plans": [
        {
          "Node Type": "Gather",
          "Parent Relationship": "Outer",
          "Parallel Aware": false,
          "Startup Cost": 151296.71,
          "Total Cost": 151297.02,
          "Plan Rows": 3,
          "Plan Width": 8,
          "Actual Startup Time": 2698.841,
          "Actual Total Time": 2788.964,
          "Actual Rows": 4,
          "Actual Loops": 1,
          "Workers Planned": 3,
          "Workers Launched": 3,
          "Single Copy": false,
          "Plans": [
            {
              "Node Type": "Aggregate",
              "Strategy": "Plain",
              "Partial Mode": "Partial",
              "Parent Relationship": "Outer",
              "Parallel Aware": false,
              "Startup Cost": 150296.71,
              "Total Cost": 150296.72,
              "Plan Rows": 1,
              "Plan Width": 8,
              "Actual Startup Time": 2689.064,
              "Actual Total Time": 2689.144,
              "Actual Rows": 1,
              "Actual Loops": 4,
              "Plans": [
                {
                  "Node Type": "Nested Loop",
                  "Parent Relationship": "Outer",
                  "Parallel Aware": false,
                  "Join Type": "Inner",
                  "Startup Cost": 45992.79,
                  "Total Cost": 149756.96,
                  "Plan Rows": 215900,
                  "Plan Width": 0,
                  "Actual Startup Time": 222.512,
                  "Actual Total Time": 2565.954,
                  "Actual Rows": 2105142,
                  "Actual Loops": 4,
                  "Inner Unique": false,
                  "Join Filter": "(t.id = ci.movie_id)",
                  "Rows Removed by Join Filter": 0,
                  "Plans": [
                    {
                      "Node Type": "Hash Join",
                      "Parent Relationship": "Outer",
                      "Parallel Aware": true,
                      "Join Type": "Inner",
                      "Startup Cost": 45992.22,
                      "Total Cost": 89386.63,
                      "Plan Rows": 17271,
                      "Plan Width": 8,
                      "Actual Startup Time": 222.335,
                      "Actual Total Time": 365.702,
                      "Actual Rows": 62961,
                      "Actual Loops": 4,
                      "Inner Unique": true,
                      "Hash Cond": "(mk.movie_id = t.id)",
                      "Plans": [
                        {
                          "Node Type": "Seq Scan",
                          "Parent Relationship": "Outer",
                          "Parallel Aware": true,
                          "Relation Name": "movie_keyword",
                          "Alias": "mk",
                          "Startup Cost": 0.0,
                          "Total Cost": 42695.65,
                          "Plan Rows": 266191,
                          "Plan Width": 4,
                          "Actual Startup Time": 2.901,
                          "Actual Total Time": 123.798,
                          "Actual Rows": 206072,
                          "Actual Loops": 4,
                          "Filter": "(keyword_id > 22283)",
                          "Rows Removed by Filter": 924911
                        },
                        {
                          "Node Type": "Hash",
                          "Parent Relationship": "Inner",
                          "Parallel Aware": true,
                          "Startup Cost": 45479.59,
                          "Total Cost": 45479.59,
                          "Plan Rows": 41011,
                          "Plan Width": 4,
                          "Actual Startup Time": 183.128,
                          "Actual Total Time": 183.129,
                          "Actual Rows": 76442,
                          "Actual Loops": 4,
                          "Hash Buckets": 524288,
                          "Original Hash Buckets": 262144,
                          "Hash Batches": 1,
                          "Original Hash Batches": 1,
                          "Peak Memory Usage": 18144,
                          "Plans": [
                            {
                              "Node Type": "Seq Scan",
                              "Parent Relationship": "Outer",
                              "Parallel Aware": true,
                              "Relation Name": "title",
                              "Alias": "t",
                              "Startup Cost": 0.0,
                              "Total Cost": 45479.59,
                              "Plan Rows": 41011,
                              "Plan Width": 4,
                              "Actual Startup Time": 73.232,
                              "Actual Total Time": 134.599,
                              "Actual Rows": 76442,
                              "Actual Loops": 4,
                              "Filter": "((production_year < 1988) AND (kind_id = 1))",
                              "Rows Removed by Filter": 555636
                            }
                          ]
                        }
                      ]
                    },
                    {
                      "Node Type": "Index Scan",
                      "Parent Relationship": "Inner",
                      "Parallel Aware": false,
                      "Scan Direction": "Forward",
                      "Index Name": "movie_id_cast_info",
                      "Relation Name": "cast_info",
                      "Alias": "ci",
                      "Startup Cost": 0.56,
                      "Total Cost": 3.12,
                      "Plan Rows": 30,
                      "Plan Width": 4,
                      "Actual Startup Time": 0.004,
                      "Actual Total Time": 0.031,
                      "Actual Rows": 33,
                      "Actual Loops": 251845,
                      "Index Cond": "(movie_id = mk.movie_id)",
                      "Rows Removed by Index Recheck": 0,
                      "Filter": "(role_id < 10)",
                      "Rows Removed by Filter": 4
                    }
                  ]
                }
              ]
            }
          ]
        }
      ]
    },
    "Planning Time": 1.138,
    "Triggers": [],
    "Execution Time": 2789.116
  }
]