{
  "Plan": {
    "Node Type": "Aggregate",
    "Strategy": "Plain",
    "Partial Mode": "Simple",
    "Parallel Aware": false,
    "Startup Cost": 2370735.93,
    "Total Cost": 2370735.94,
    "Plan Rows": 1,
    "Plan Width": 96,
    "Actual Startup Time": 44944.627,
    "Actual Total Time": 45343.766,
    "Actual Rows": 1,
    "Actual Loops": 1,
    "Plans": [
      {
        "Node Type": "Nested Loop",
        "Parent Relationship": "Outer",
        "Parallel Aware": false,
        "Join Type": "Inner",
        "Startup Cost": 2257820.79,
        "Total Cost": 2370735.92,
        "Plan Rows": 1,
        "Plan Width": 39,
        "Actual Startup Time": 43930.032,
        "Actual Total Time": 45343.616,
        "Actual Rows": 245,
        "Actual Loops": 1,
        "Inner Unique": true,
        "Plans": [
          {
            "Node Type": "Nested Loop",
            "Parent Relationship": "Outer",
            "Parallel Aware": false,
            "Join Type": "Inner",
            "Startup Cost": 2257820.36,
            "Total Cost": 2370735.46,
            "Plan Rows": 1,
            "Plan Width": 27,
            "Actual Startup Time": 43929.852,
            "Actual Total Time": 45322.385,
            "Actual Rows": 6495,
            "Actual Loops": 1,
            "Inner Unique": true,
            "Plans": [
              {
                "Node Type": "Nested Loop",
                "Parent Relationship": "Outer",
                "Parallel Aware": false,
                "Join Type": "Inner",
                "Startup Cost": 2257820.23,
                "Total Cost": 2370735.29,
                "Plan Rows": 1,
                "Plan Width": 31,
                "Actual Startup Time": 43929.84,
                "Actual Total Time": 45315.755,
                "Actual Rows": 6806,
                "Actual Loops": 1,
                "Inner Unique": true,
                "Join Filter": "(mk.movie_id = t.id)",
                "Rows Removed by Join Filter": 0,
                "Plans": [
                  {
                    "Node Type": "Hash Join",
                    "Parent Relationship": "Outer",
                    "Parallel Aware": false,
                    "Join Type": "Inner",
                    "Startup Cost": 2257819.8,
                    "Total Cost": 2370734.82,
                    "Plan Rows": 1,
                    "Plan Width": 26,
                    "Actual Startup Time": 43929.326,
                    "Actual Total Time": 45286.83,
                    "Actual Rows": 10367,
                    "Actual Loops": 1,
                    "Inner Unique": false,
                    "Hash Cond": "(n.id = ci.person_id)",
                    "Plans": [
                      {
                        "Node Type": "Seq Scan",
                        "Parent Relationship": "Outer",
                        "Parallel Aware": false,
                        "Relation Name": "name",
                        "Alias": "n",
                        "Startup Cost": 0.0,
                        "Total Cost": 97287.19,
                        "Plan Rows": 4167419,
                        "Plan Width": 4,
                        "Actual Startup Time": 0.032,
                        "Actual Total Time": 586.318,
                        "Actual Rows": 4167491,
                        "Actual Loops": 1
                      },
                      {
                        "Node Type": "Hash",
                        "Parent Relationship": "Inner",
                        "Parallel Aware": false,
                        "Startup Cost": 2257819.79,
                        "Total Cost": 2257819.79,
                        "Plan Rows": 1,
                        "Plan Width": 30,
                        "Actual Startup Time": 43929.07,
                        "Actual Total Time": 44328.202,
                        "Actual Rows": 10367,
                        "Actual Loops": 1,
                        "Hash Buckets": 16384,
                        "Original Hash Buckets": 1024,
                        "Hash Batches": 1,
                        "Original Hash Batches": 1,
                        "Peak Memory Usage": 713,
                        "Plans": [
                          {
                            "Node Type": "Nested Loop",
                            "Parent Relationship": "Outer",
                            "Parallel Aware": false,
                            "Join Type": "Inner",
                            "Startup Cost": 1736177.88,
                            "Total Cost": 2257819.79,
                            "Plan Rows": 1,
                            "Plan Width": 30,
                            "Actual Startup Time": 33321.003,
                            "Actual Total Time": 44326.029,
                            "Actual Rows": 10367,
                            "Actual Loops": 1,
                            "Inner Unique": false,
                            "Join Filter": "(mk.keyword_id = k.id)",
                            "Rows Removed by Join Filter": 23542573,
                            "Plans": [
                              {
                                "Node Type": "Seq Scan",
                                "Parent Relationship": "Outer",
                                "Parallel Aware": false,
                                "Relation Name": "keyword",
                                "Alias": "k",
                                "Startup Cost": 0.0,
                                "Total Cost": 2961.55,
                                "Plan Rows": 4,
                                "Plan Width": 4,
                                "Actual Startup Time": 0.082,
                                "Actual Total Time": 17.768,
                                "Actual Rows": 4,
                                "Actual Loops": 1,
                                "Filter": "(keyword = ANY ('{superhero,marvel-comics,based-on-comic,fight}'::text[]))",
                                "Rows Removed by Filter": 134166
                              },
                              {
                                "Node Type": "Materialize",
                                "Parent Relationship": "Inner",
                                "Parallel Aware": false,
                                "Startup Cost": 1736177.88,
                                "Total Cost": 2254820.58,
                                "Plan Rows": 655,
                                "Plan Width": 34,
                                "Actual Startup Time": 8214.931,
                                "Actual Total Time": 10630.299,
                                "Actual Rows": 5888235,
                                "Actual Loops": 4,
                                "Plans": [
                                  {
                                    "Node Type": "Hash Join",
                                    "Parent Relationship": "Outer",
                                    "Parallel Aware": false,
                                    "Join Type": "Inner",
                                    "Startup Cost": 1736177.88,
                                    "Total Cost": 2254817.3,
                                    "Plan Rows": 655,
                                    "Plan Width": 34,
                                    "Actual Startup Time": 32859.691,
                                    "Actual Total Time": 39890.574,
                                    "Actual Rows": 5888235,
                                    "Actual Loops": 1,
                                    "Inner Unique": true,
                                    "Hash Cond": "(cc.status_id = cct2.id)",
                                    "Plans": [
                                      {
                                        "Node Type": "Nested Loop",
                                        "Parent Relationship": "Outer",
                                        "Parallel Aware": false,
                                        "Join Type": "Inner",
                                        "Startup Cost": 1736176.82,
                                        "Total Cost": 2254802.08,
                                        "Plan Rows": 2619,
                                        "Plan Width": 38,
                                        "Actual Startup Time": 32859.642,
                                        "Actual Total Time": 39084.921,
                                        "Actual Rows": 5888235,
                                        "Actual Loops": 1,
                                        "Inner Unique": false,
                                        "Join Filter": "(cc.subject_id = cct1.id)",
                                        "Rows Removed by Join Filter": 4070056,
                                        "Plans": [
                                          {
                                            "Node Type": "Seq Scan",
                                            "Parent Relationship": "Outer",
                                            "Parallel Aware": false,
                                            "Relation Name": "comp_cast_type",
                                            "Alias": "cct1",
                                            "Startup Cost": 0.0,
                                            "Total Cost": 1.05,
                                            "Plan Rows": 1,
                                            "Plan Width": 4,
                                            "Actual Startup Time": 0.003,
                                            "Actual Total Time": 0.005,
                                            "Actual Rows": 1,
                                            "Actual Loops": 1,
                                            "Filter": "((kind)::text = 'cast'::text)",
                                            "Rows Removed by Filter": 3
                                          },
                                          {
                                            "Node Type": "Nested Loop",
                                            "Parent Relationship": "Inner",
                                            "Parallel Aware": false,
                                            "Join Type": "Inner",
                                            "Startup Cost": 1736176.82,
                                            "Total Cost": 2254670.18,
                                            "Plan Rows": 10468,
                                            "Plan Width": 42,
                                            "Actual Startup Time": 32859.634,
                                            "Actual Total Time": 38322.361,
                                            "Actual Rows": 9958291,
                                            "Actual Loops": 1,
                                            "Inner Unique": false,
                                            "Join Filter": "(mi_idx.info_type_id = it2.id)",
                                            "Rows Removed by Join Filter": 15279130,
                                            "Plans": [
                                              {
                                                "Node Type": "Seq Scan",
                                                "Parent Relationship": "Outer",
                                                "Parallel Aware": false,
                                                "Relation Name": "info_type",
                                                "Alias": "it2",
                                                "Startup Cost": 0.0,
                                                "Total Cost": 2.41,
                                                "Plan Rows": 1,
                                                "Plan Width": 4,
                                                "Actual Startup Time": 0.015,
                                                "Actual Total Time": 0.022,
                                                "Actual Rows": 1,
                                                "Actual Loops": 1,
                                                "Filter": "((info)::text = 'rating'::text)",
                                                "Rows Removed by Filter": 112
                                              },
                                              {
                                                "Node Type": "Hash Join",
                                                "Parent Relationship": "Inner",
                                                "Parallel Aware": false,
                                                "Join Type": "Inner",
                                                "Startup Cost": 1736176.82,
                                                "Total Cost": 2239880.54,
                                                "Plan Rows": 1182978,
                                                "Plan Width": 46,
                                                "Actual Startup Time": 32859.013,
                                                "Actual Total Time": 36651.65,
                                                "Actual Rows": 25237421,
                                                "Actual Loops": 1,
                                                "Inner Unique": false,
                                                "Hash Cond": "(cc.movie_id = mk.movie_id)",
                                                "Plans": [
                                                  {
                                                    "Node Type": "Seq Scan",
                                                    "Parent Relationship": "Outer",
                                                    "Parallel Aware": false,
                                                    "Relation Name": "complete_cast",
                                                    "Alias": "cc",
                                                    "Startup Cost": 0.0,
                                                    "Total Cost": 2081.86,
                                                    "Plan Rows": 135086,
                                                    "Plan Width": 12,
                                                    "Actual Startup Time": 0.015,
                                                    "Actual Total Time": 16.7,
                                                    "Actual Rows": 135086,
                                                    "Actual Loops": 1
                                                  },
                                                  {
                                                    "Node Type": "Hash",
                                                    "Parent Relationship": "Inner",
                                                    "Parallel Aware": false,
                                                    "Startup Cost": 1629544.96,
                                                    "Total Cost": 1629544.96,
                                                    "Plan Rows": 8530549,
                                                    "Plan Width": 34,
                                                    "Actual Startup Time": 32712.721,
                                                    "Actual Total Time": 33111.838,
                                                    "Actual Rows": 30492177,
                                                    "Actual Loops": 1,
                                                    "Hash Buckets": 33554432,
                                                    "Original Hash Buckets": 16777216,
                                                    "Hash Batches": 1,
                                                    "Original Hash Batches": 1,
                                                    "Peak Memory Usage": 2141011,
                                                    "Plans": [
                                                      {
                                                        "Node Type": "Gather",
                                                        "Parent Relationship": "Outer",
                                                        "Parallel Aware": false,
                                                        "Startup Cost": 405048.04,
                                                        "Total Cost": 1629544.96,
                                                        "Plan Rows": 8530549,
                                                        "Plan Width": 34,
                                                        "Actual Startup Time": 10528.473,
                                                        "Actual Total Time": 25227.108,
                                                        "Actual Rows": 30492177,
                                                        "Actual Loops": 1,
                                                        "Workers Planned": 3,
                                                        "Workers Launched": 3,
                                                        "Single Copy": false,
                                                        "Plans": [
                                                          {
                                                            "Node Type": "Hash Join",
                                                            "Parent Relationship": "Outer",
                                                            "Parallel Aware": true,
                                                            "Join Type": "Inner",
                                                            "Startup Cost": 404048.04,
                                                            "Total Cost": 775490.06,
                                                            "Plan Rows": 2751790,
                                                            "Plan Width": 34,
                                                            "Actual Startup Time": 10520.377,
                                                            "Actual Total Time": 23245.751,
                                                            "Actual Rows": 7623044,
                                                            "Actual Loops": 4,
                                                            "Inner Unique": false,
                                                            "Hash Cond": "(mk.movie_id = mi_idx.movie_id)",
                                                            "Plans": [
                                                              {
                                                                "Node Type": "Hash Join",
                                                                "Parent Relationship": "Outer",
                                                                "Parallel Aware": true,
                                                                "Join Type": "Inner",
                                                                "Startup Cost": 388668.36,
                                                                "Total Cost": 532848.96,
                                                                "Plan Rows": 54323985,
                                                                "Plan Width": 20,
                                                                "Actual Startup Time": 10445.549,
                                                                "Actual Total Time": 18526.206,
                                                                "Actual Rows": 53941369,
                                                                "Actual Loops": 4,
                                                                "Inner Unique": false,
                                                                "Hash Cond": "(mk.movie_id = ci.movie_id)",
                                                                "Plans": [
                                                                  {
                                                                    "Node Type": "Seq Scan",
                                                                    "Parent Relationship": "Outer",
                                                                    "Parallel Aware": true,
                                                                    "Relation Name": "movie_keyword",
                                                                    "Alias": "mk",
                                                                    "Startup Cost": 0.0,
                                                                    "Total Cost": 39047.32,
                                                                    "Plan Rows": 1459332,
                                                                    "Plan Width": 8,
                                                                    "Actual Startup Time": 0.034,
                                                                    "Actual Total Time": 188.075,
                                                                    "Actual Rows": 1130982,
                                                                    "Actual Loops": 4
                                                                  },
                                                                  {
                                                                    "Node Type": "Hash",
                                                                    "Parent Relationship": "Inner",
                                                                    "Parallel Aware": true,
                                                                    "Startup Cost": 313123.16,
                                                                    "Total Cost": 313123.16,
                                                                    "Plan Rows": 6043616,
                                                                    "Plan Width": 12,
                                                                    "Actual Startup Time": 10209.924,
                                                                    "Actual Total Time": 10209.925,
                                                                    "Actual Rows": 9061086,
                                                                    "Actual Loops": 4,
                                                                    "Hash Buckets": 67108864,
                                                                    "Original Hash Buckets": 67108864,
                                                                    "Hash Batches": 1,
                                                                    "Original Hash Batches": 1,
                                                                    "Peak Memory Usage": 2079808,
                                                                    "Plans": [
                                                                      {
                                                                        "Node Type": "Seq Scan",
                                                                        "Parent Relationship": "Outer",
                                                                        "Parallel Aware": true,
                                                                        "Relation Name": "cast_info",
                                                                        "Alias": "ci",
                                                                        "Startup Cost": 0.0,
                                                                        "Total Cost": 313123.16,
                                                                        "Plan Rows": 6043616,
                                                                        "Plan Width": 12,
                                                                        "Actual Startup Time": 0.134,
                                                                        "Actual Total Time": 2214.395,
                                                                        "Actual Rows": 9061086,
                                                                        "Actual Loops": 4
                                                                      }
                                                                    ]
                                                                  }
                                                                ]
                                                              },
                                                              {
                                                                "Node Type": "Hash",
                                                                "Parent Relationship": "Inner",
                                                                "Parallel Aware": true,
                                                                "Startup Cost": 15122.68,
                                                                "Total Cost": 15122.68,
                                                                "Plan Rows": 20560,
                                                                "Plan Width": 14,
                                                                "Actual Startup Time": 69.842,
                                                                "Actual Total Time": 69.843,
                                                                "Actual Rows": 13157,
                                                                "Actual Loops": 4,
                                                                "Hash Buckets": 65536,
                                                                "Original Hash Buckets": 65536,
                                                                "Hash Batches": 1,
                                                                "Original Hash Batches": 1,
                                                                "Peak Memory Usage": 3072,
                                                                "Plans": [
                                                                  {
                                                                    "Node Type": "Seq Scan",
                                                                    "Parent Relationship": "Outer",
                                                                    "Parallel Aware": true,
                                                                    "Relation Name": "movie_info_idx",
                                                                    "Alias": "mi_idx",
                                                                    "Startup Cost": 0.0,
                                                                    "Total Cost": 15122.68,
                                                                    "Plan Rows": 20560,
                                                                    "Plan Width": 14,
                                                                    "Actual Startup Time": 0.134,
                                                                    "Actual Total Time": 62.358,
                                                                    "Actual Rows": 13157,
                                                                    "Actual Loops": 4,
                                                                    "Filter": "(info > '8.0'::text)",
                                                                    "Rows Removed by Filter": 331852
                                                                  }
                                                                ]
                                                              }
                                                            ]
                                                          }
                                                        ]
                                                      }
                                                    ]
                                                  }
                                                ]
                                              }
                                            ]
                                          }
                                        ]
                                      },
                                      {
                                        "Node Type": "Hash",
                                        "Parent Relationship": "Inner",
                                        "Parallel Aware": false,
                                        "Startup Cost": 1.05,
                                        "Total Cost": 1.05,
                                        "Plan Rows": 1,
                                        "Plan Width": 4,
                                        "Actual Startup Time": 0.018,
                                        "Actual Total Time": 0.02,
                                        "Actual Rows": 2,
                                        "Actual Loops": 1,
                                        "Hash Buckets": 1024,
                                        "Original Hash Buckets": 1024,
                                        "Hash Batches": 1,
                                        "Original Hash Batches": 1,
                                        "Peak Memory Usage": 9,
                                        "Plans": [
                                          {
                                            "Node Type": "Seq Scan",
                                            "Parent Relationship": "Outer",
                                            "Parallel Aware": false,
                                            "Relation Name": "comp_cast_type",
                                            "Alias": "cct2",
                                            "Startup Cost": 0.0,
                                            "Total Cost": 1.05,
                                            "Plan Rows": 1,
                                            "Plan Width": 4,
                                            "Actual Startup Time": 0.009,
                                            "Actual Total Time": 0.011,
                                            "Actual Rows": 2,
                                            "Actual Loops": 1,
                                            "Filter": "((kind)::text ~~ '%complete%'::text)",
                                            "Rows Removed by Filter": 2
                                          }
                                        ]
                                      }
                                    ]
                                  }
                                ]
                              }
                            ]
                          }
                        ]
                      }
                    ]
                  },
                  {
                    "Node Type": "Index Scan",
                    "Parent Relationship": "Inner",
                    "Parallel Aware": false,
                    "Scan Direction": "Forward",
                    "Index Name": "title_pkey",
                    "Relation Name": "title",
                    "Alias": "t",
                    "Startup Cost": 0.43,
                    "Total Cost": 0.45,
                    "Plan Rows": 1,
                    "Plan Width": 25,
                    "Actual Startup Time": 0.002,
                    "Actual Total Time": 0.002,
                    "Actual Rows": 1,
                    "Actual Loops": 10367,
                    "Index Cond": "(id = ci.movie_id)",
                    "Rows Removed by Index Recheck": 0,
                    "Filter": "(production_year < 2006)",
                    "Rows Removed by Filter": 0
                  }
                ]
              },
              {
                "Node Type": "Index Scan",
                "Parent Relationship": "Inner",
                "Parallel Aware": false,
                "Scan Direction": "Forward",
                "Index Name": "kind_type_pkey",
                "Relation Name": "kind_type",
                "Alias": "kt",
                "Startup Cost": 0.13,
                "Total Cost": 0.15,
                "Plan Rows": 1,
                "Plan Width": 4,
                "Actual Startup Time": 0.001,
                "Actual Total Time": 0.001,
                "Actual Rows": 1,
                "Actual Loops": 6806,
                "Index Cond": "(id = t.kind_id)",
                "Rows Removed by Index Recheck": 0,
                "Filter": "((kind)::text = 'movie'::text)",
                "Rows Removed by Filter": 0
              }
            ]
          },
          {
            "Node Type": "Index Scan",
            "Parent Relationship": "Inner",
            "Parallel Aware": false,
            "Scan Direction": "Forward",
            "Index Name": "char_name_pkey",
            "Relation Name": "char_name",
            "Alias": "chn",
            "Startup Cost": 0.43,
            "Total Cost": 0.46,
            "Plan Rows": 1,
            "Plan Width": 20,
            "Actual Startup Time": 0.003,
            "Actual Total Time": 0.003,
            "Actual Rows": 0,
            "Actual Loops": 6495,
            "Index Cond": "(id = ci.person_role_id)",
            "Rows Removed by Index Recheck": 0,
            "Filter": "((name IS NOT NULL) AND ((name ~~ '%man%'::text) OR (name ~~ '%Man%'::text)))",
            "Rows Removed by Filter": 0
          }
        ]
      }
    ]
  },
  "Planning Time": 32.709,
  "Triggers": [],
  "Execution Time": 45720.003
}