[
  {
    "Plan": {
      "Node Type": "Aggregate",
      "Strategy": "Plain",
      "Partial Mode": "Finalize",
      "Parallel Aware": false,
      "Startup Cost": 341894.03,
      "Total Cost": 341894.04,
      "Plan Rows": 1,
      "Plan Width": 8,
      "Actual Startup Time": 863.936,
      "Actual Total Time": 921.862,
      "Actual Rows": 1,
      "Actual Loops": 1,
      "Plans": [
        {
          "Node Type": "Gather",
          "Parent Relationship": "Outer",
          "Parallel Aware": false,
          "Startup Cost": 341893.41,
          "Total Cost": 341894.02,
          "Plan Rows": 6,
          "Plan Width": 8,
          "Actual Startup Time": 863.752,
          "Actual Total Time": 921.846,
          "Actual Rows": 7,
          "Actual Loops": 1,
          "Workers Planned": 6,
          "Workers Launched": 6,
          "Single Copy": false,
          "Plans": [
            {
              "Node Type": "Aggregate",
              "Strategy": "Plain",
              "Partial Mode": "Partial",
              "Parent Relationship": "Outer",
              "Parallel Aware": false,
              "Startup Cost": 340893.41,
              "Total Cost": 340893.42,
              "Plan Rows": 1,
              "Plan Width": 8,
              "Actual Startup Time": 856.408,
              "Actual Total Time": 856.41,
              "Actual Rows": 1,
              "Actual Loops": 7,
              "Plans": [
                {
                  "Node Type": "Seq Scan",
                  "Parent Relationship": "Outer",
                  "Parallel Aware": true,
                  "Relation Name": "cast_info",
                  "Alias": "ci",
                  "Startup Cost": 0.0,
                  "Total Cost": 328211.39,
                  "Plan Rows": 5072807,
                  "Plan Width": 0,
                  "Actual Startup Time": 69.472,
                  "Actual Total Time": 662.746,
                  "Actual Rows": 4317225,
                  "Actual Loops": 7,
                  "Filter": "(person_id > 581971)",
                  "Rows Removed by Filter": 860539
                }
              ]
            }
          ]
        }
      ]
    },
    "Planning Time": 0.06,
    "Triggers": [],
    "Execution Time": 921.899
  }
]