{
  "Plan": {
    "Node Type": "Aggregate",
    "Strategy": "Plain",
    "Partial Mode": "Finalize",
    "Parallel Aware": false,
    "Startup Cost": 331166.56,
    "Total Cost": 331166.57,
    "Plan Rows": 1,
    "Plan Width": 8,
    "Actual Startup Time": 1343.785,
    "Actual Total Time": 1384.53,
    "Actual Rows": 1,
    "Actual Loops": 1,
    "Plans": [
      {
        "Node Type": "Gather",
        "Parent Relationship": "Outer",
        "Parallel Aware": false,
        "Startup Cost": 331166.45,
        "Total Cost": 331166.56,
        "Plan Rows": 1,
        "Plan Width": 8,
        "Actual Startup Time": 1343.646,
        "Actual Total Time": 1384.522,
        "Actual Rows": 2,
        "Actual Loops": 1,
        "Workers Planned": 1,
        "Workers Launched": 1,
        "Single Copy": false,
        "Plans": [
          {
            "Node Type": "Aggregate",
            "Strategy": "Plain",
            "Partial Mode": "Partial",
            "Parent Relationship": "Outer",
            "Parallel Aware": false,
            "Startup Cost": 330166.45,
            "Total Cost": 330166.46,
            "Plan Rows": 1,
            "Plan Width": 8,
            "Actual Startup Time": 1340.811,
            "Actual Total Time": 1340.815,
            "Actual Rows": 1,
            "Actual Loops": 2,
            "Plans": [
              {
                "Node Type": "Hash Join",
                "Parent Relationship": "Outer",
                "Parallel Aware": true,
                "Join Type": "Inner",
                "Startup Cost": 58341.73,
                "Total Cost": 330125.22,
                "Plan Rows": 16493,
                "Plan Width": 0,
                "Actual Startup Time": 137.892,
                "Actual Total Time": 1338.905,
                "Actual Rows": 33905,
                "Actual Loops": 2,
                "Inner Unique": true,
                "Hash Cond": "(mi.movie_id = t.id)",
                "Plans": [
                  {
                    "Node Type": "Seq Scan",
                    "Parent Relationship": "Outer",
                    "Parallel Aware": true,
                    "Relation Name": "movie_info",
                    "Alias": "mi",
                    "Startup Cost": 0.0,
                    "Total Cost": 248955.74,
                    "Plan Rows": 8696274,
                    "Plan Width": 4,
                    "Actual Startup Time": 0.01,
                    "Actual Total Time": 640.776,
                    "Actual Rows": 7417860,
                    "Actual Loops": 2
                  },
                  {
                    "Node Type": "Hash",
                    "Parent Relationship": "Inner",
                    "Parallel Aware": true,
                    "Startup Cost": 58306.47,
                    "Total Cost": 58306.47,
                    "Plan Rows": 2821,
                    "Plan Width": 4,
                    "Actual Startup Time": 136.324,
                    "Actual Total Time": 136.326,
                    "Actual Rows": 3188,
                    "Actual Loops": 2,
                    "Hash Buckets": 8192,
                    "Original Hash Buckets": 8192,
                    "Hash Batches": 1,
                    "Original Hash Batches": 1,
                    "Peak Memory Usage": 352,
                    "Plans": [
                      {
                        "Node Type": "Seq Scan",
                        "Parent Relationship": "Outer",
                        "Parallel Aware": true,
                        "Relation Name": "title",
                        "Alias": "t",
                        "Startup Cost": 0.0,
                        "Total Cost": 58306.47,
                        "Plan Rows": 2821,
                        "Plan Width": 4,
                        "Actual Startup Time": 0.929,
                        "Actual Total Time": 135.032,
                        "Actual Rows": 3188,
                        "Actual Loops": 2,
                        "Filter": "((kind_id < 4) AND (production_year = 1979))",
                        "Rows Removed by Filter": 1260968
                      }
                    ]
                  }
                ]
              }
            ]
          }
        ]
      }
    ]
  },
  "Planning Time": 0.27,
  "Triggers": [],
  "Execution Time": 1384.586
}