{
  "Plan": {
    "Node Type": "Aggregate",
    "Strategy": "Plain",
    "Partial Mode": "Finalize",
    "Parallel Aware": false,
    "Startup Cost": 715349.89,
    "Total Cost": 715349.9,
    "Plan Rows": 1,
    "Plan Width": 8,
    "Actual Startup Time": 4428.687,
    "Actual Total Time": 4489.761,
    "Actual Rows": 1,
    "Actual Loops": 1,
    "Plans": [
      {
        "Node Type": "Gather",
        "Parent Relationship": "Outer",
        "Parallel Aware": false,
        "Startup Cost": 715349.78,
        "Total Cost": 715349.89,
        "Plan Rows": 1,
        "Plan Width": 8,
        "Actual Startup Time": 4425.417,
        "Actual Total Time": 4489.752,
        "Actual Rows": 2,
        "Actual Loops": 1,
        "Workers Planned": 1,
        "Workers Launched": 1,
        "Single Copy": false,
        "Plans": [
          {
            "Node Type": "Aggregate",
            "Strategy": "Plain",
            "Partial Mode": "Partial",
            "Parent Relationship": "Outer",
            "Parallel Aware": false,
            "Startup Cost": 714349.78,
            "Total Cost": 714349.79,
            "Plan Rows": 1,
            "Plan Width": 8,
            "Actual Startup Time": 4412.686,
            "Actual Total Time": 4412.692,
            "Actual Rows": 1,
            "Actual Loops": 2,
            "Plans": [
              {
                "Node Type": "Hash Join",
                "Parent Relationship": "Outer",
                "Parallel Aware": true,
                "Join Type": "Inner",
                "Startup Cost": 609306.45,
                "Total Cost": 707339.3,
                "Plan Rows": 2804191,
                "Plan Width": 0,
                "Actual Startup Time": 4011.849,
                "Actual Total Time": 4385.535,
                "Actual Rows": 649500,
                "Actual Loops": 2,
                "Inner Unique": false,
                "Hash Cond": "(mk.movie_id = t.id)",
                "Plans": [
                  {
                    "Node Type": "Seq Scan",
                    "Parent Relationship": "Outer",
                    "Parallel Aware": true,
                    "Relation Name": "movie_keyword",
                    "Alias": "mk",
                    "Startup Cost": 0.0,
                    "Total Cost": 57718.19,
                    "Plan Rows": 1905554,
                    "Plan Width": 4,
                    "Actual Startup Time": 0.117,
                    "Actual Total Time": 187.156,
                    "Actual Rows": 1613929,
                    "Actual Loops": 2,
                    "Filter": "(keyword_id > 1681)",
                    "Rows Removed by Filter": 648036
                  },
                  {
                    "Node Type": "Hash",
                    "Parent Relationship": "Inner",
                    "Parallel Aware": true,
                    "Startup Cost": 581949.05,
                    "Total Cost": 581949.05,
                    "Plan Rows": 2188592,
                    "Plan Width": 8,
                    "Actual Startup Time": 3989.329,
                    "Actual Total Time": 3989.333,
                    "Actual Rows": 850388,
                    "Actual Loops": 2,
                    "Hash Buckets": 4194304,
                    "Original Hash Buckets": 4194304,
                    "Hash Batches": 1,
                    "Original Hash Batches": 1,
                    "Peak Memory Usage": 99328,
                    "Plans": [
                      {
                        "Node Type": "Hash Join",
                        "Parent Relationship": "Outer",
                        "Parallel Aware": true,
                        "Join Type": "Inner",
                        "Startup Cost": 60215.69,
                        "Total Cost": 581949.05,
                        "Plan Rows": 2188592,
                        "Plan Width": 8,
                        "Actual Startup Time": 152.201,
                        "Actual Total Time": 3705.692,
                        "Actual Rows": 850388,
                        "Actual Loops": 2,
                        "Inner Unique": true,
                        "Hash Cond": "(ci.movie_id = t.id)",
                        "Plans": [
                          {
                            "Node Type": "Seq Scan",
                            "Parent Relationship": "Outer",
                            "Parallel Aware": true,
                            "Relation Name": "cast_info",
                            "Alias": "ci",
                            "Startup Cost": 0.0,
                            "Total Cost": 465792.95,
                            "Plan Rows": 21310595,
                            "Plan Width": 4,
                            "Actual Startup Time": 0.012,
                            "Actual Total Time": 1303.548,
                            "Actual Rows": 18122172,
                            "Actual Loops": 2
                          },
                          {
                            "Node Type": "Hash",
                            "Parent Relationship": "Inner",
                            "Parallel Aware": true,
                            "Startup Cost": 58306.47,
                            "Total Cost": 58306.47,
                            "Plan Rows": 152738,
                            "Plan Width": 4,
                            "Actual Startup Time": 151.241,
                            "Actual Total Time": 151.242,
                            "Actual Rows": 80843,
                            "Actual Loops": 2,
                            "Hash Buckets": 262144,
                            "Original Hash Buckets": 262144,
                            "Hash Batches": 1,
                            "Original Hash Batches": 1,
                            "Peak Memory Usage": 8416,
                            "Plans": [
                              {
                                "Node Type": "Seq Scan",
                                "Parent Relationship": "Outer",
                                "Parallel Aware": true,
                                "Relation Name": "title",
                                "Alias": "t",
                                "Startup Cost": 0.0,
                                "Total Cost": 58306.47,
                                "Plan Rows": 152738,
                                "Plan Width": 4,
                                "Actual Startup Time": 0.046,
                                "Actual Total Time": 131.662,
                                "Actual Rows": 80843,
                                "Actual Loops": 2,
                                "Filter": "((production_year < 1975) AND (kind_id = 7))",
                                "Rows Removed by Filter": 1183313
                              }
                            ]
                          }
                        ]
                      }
                    ]
                  }
                ]
              }
            ]
          }
        ]
      }
    ]
  },
  "Planning Time": 0.978,
  "Triggers": [],
  "Execution Time": 4489.855
}