{
  "Plan": {
    "Node Type": "Aggregate",
    "Strategy": "Plain",
    "Partial Mode": "Finalize",
    "Parallel Aware": false,
    "Startup Cost": 585158.41,
    "Total Cost": 585158.42,
    "Plan Rows": 1,
    "Plan Width": 8,
    "Actual Startup Time": 4166.848,
    "Actual Total Time": 4232.662,
    "Actual Rows": 1,
    "Actual Loops": 1,
    "Plans": [
      {
        "Node Type": "Gather",
        "Parent Relationship": "Outer",
        "Parallel Aware": false,
        "Startup Cost": 585158.3,
        "Total Cost": 585158.41,
        "Plan Rows": 1,
        "Plan Width": 8,
        "Actual Startup Time": 4166.116,
        "Actual Total Time": 4232.651,
        "Actual Rows": 2,
        "Actual Loops": 1,
        "Workers Planned": 1,
        "Workers Launched": 1,
        "Single Copy": false,
        "Plans": [
          {
            "Node Type": "Aggregate",
            "Strategy": "Plain",
            "Partial Mode": "Partial",
            "Parent Relationship": "Outer",
            "Parallel Aware": false,
            "Startup Cost": 584158.3,
            "Total Cost": 584158.31,
            "Plan Rows": 1,
            "Plan Width": 8,
            "Actual Startup Time": 4160.613,
            "Actual Total Time": 4160.616,
            "Actual Rows": 1,
            "Actual Loops": 2,
            "Plans": [
              {
                "Node Type": "Hash Join",
                "Parent Relationship": "Outer",
                "Parallel Aware": true,
                "Join Type": "Inner",
                "Startup Cost": 59371.83,
                "Total Cost": 581105.18,
                "Plan Rows": 1221247,
                "Plan Width": 0,
                "Actual Startup Time": 170.853,
                "Actual Total Time": 4102.368,
                "Actual Rows": 1424766,
                "Actual Loops": 2,
                "Inner Unique": true,
                "Hash Cond": "(ci.movie_id = t.id)",
                "Plans": [
                  {
                    "Node Type": "Seq Scan",
                    "Parent Relationship": "Outer",
                    "Parallel Aware": true,
                    "Relation Name": "cast_info",
                    "Alias": "ci",
                    "Startup Cost": 0.0,
                    "Total Cost": 465792.95,
                    "Plan Rows": 21310595,
                    "Plan Width": 4,
                    "Actual Startup Time": 0.012,
                    "Actual Total Time": 1352.431,
                    "Actual Rows": 18122172,
                    "Actual Loops": 2
                  },
                  {
                    "Node Type": "Hash",
                    "Parent Relationship": "Inner",
                    "Parallel Aware": true,
                    "Startup Cost": 58306.47,
                    "Total Cost": 58306.47,
                    "Plan Rows": 85229,
                    "Plan Width": 4,
                    "Actual Startup Time": 167.243,
                    "Actual Total Time": 167.244,
                    "Actual Rows": 125938,
                    "Actual Loops": 2,
                    "Hash Buckets": 262144,
                    "Original Hash Buckets": 262144,
                    "Hash Batches": 1,
                    "Original Hash Batches": 1,
                    "Peak Memory Usage": 11936,
                    "Plans": [
                      {
                        "Node Type": "Seq Scan",
                        "Parent Relationship": "Outer",
                        "Parallel Aware": true,
                        "Relation Name": "title",
                        "Alias": "t",
                        "Startup Cost": 0.0,
                        "Total Cost": 58306.47,
                        "Plan Rows": 85229,
                        "Plan Width": 4,
                        "Actual Startup Time": 0.155,
                        "Actual Total Time": 141.235,
                        "Actual Rows": 125938,
                        "Actual Loops": 2,
                        "Filter": "((kind_id < 7) AND (production_year < 1971))",
                        "Rows Removed by Filter": 1138218
                      }
                    ]
                  }
                ]
              }
            ]
          }
        ]
      }
    ]
  },
  "Planning Time": 0.628,
  "Triggers": [],
  "Execution Time": 4232.745
}