[
  {
    "Plan": {
      "Node Type": "Aggregate",
      "Strategy": "Plain",
      "Partial Mode": "Finalize",
      "Parallel Aware": false,
      "Startup Cost": 256260.8,
      "Total Cost": 256260.81,
      "Plan Rows": 1,
      "Plan Width": 8,
      "Actual Startup Time": 937.023,
      "Actual Total Time": 977.357,
      "Actual Rows": 1,
      "Actual Loops": 1,
      "Plans": [
        {
          "Node Type": "Gather",
          "Parent Relationship": "Outer",
          "Parallel Aware": false,
          "Startup Cost": 256260.28,
          "Total Cost": 256260.79,
          "Plan Rows": 5,
          "Plan Width": 8,
          "Actual Startup Time": 924.235,
          "Actual Total Time": 977.279,
          "Actual Rows": 6,
          "Actual Loops": 1,
          "Workers Planned": 5,
          "Workers Launched": 5,
          "Single Copy": false,
          "Plans": [
            {
              "Node Type": "Aggregate",
              "Strategy": "Plain",
              "Partial Mode": "Partial",
              "Parent Relationship": "Outer",
              "Parallel Aware": false,
              "Startup Cost": 255260.28,
              "Total Cost": 255260.29,
              "Plan Rows": 1,
              "Plan Width": 8,
              "Actual Startup Time": 914.725,
              "Actual Total Time": 914.729,
              "Actual Rows": 1,
              "Actual Loops": 6,
              "Plans": [
                {
                  "Node Type": "Hash Join",
                  "Parent Relationship": "Outer",
                  "Parallel Aware": true,
                  "Join Type": "Inner",
                  "Startup Cost": 48864.86,
                  "Total Cost": 253148.5,
                  "Plan Rows": 844710,
                  "Plan Width": 0,
                  "Actual Startup Time": 195.0,
                  "Actual Total Time": 897.296,
                  "Actual Rows": 358537,
                  "Actual Loops": 6,
                  "Inner Unique": true,
                  "Hash Cond": "(mi.movie_id = t.id)",
                  "Plans": [
                    {
                      "Node Type": "Seq Scan",
                      "Parent Relationship": "Outer",
                      "Parallel Aware": true,
                      "Relation Name": "movie_info",
                      "Alias": "mi",
                      "Startup Cost": 0.0,
                      "Total Cost": 199108.24,
                      "Plan Rows": 1971577,
                      "Plan Width": 4,
                      "Actual Startup Time": 17.354,
                      "Actual Total Time": 373.2,
                      "Actual Rows": 1651959,
                      "Actual Loops": 6,
                      "Filter": "(info_type_id > 4)",
                      "Rows Removed by Filter": 820661
                    },
                    {
                      "Node Type": "Hash",
                      "Parent Relationship": "Inner",
                      "Parallel Aware": true,
                      "Startup Cost": 45479.59,
                      "Total Cost": 45479.59,
                      "Plan Rows": 270822,
                      "Plan Width": 4,
                      "Actual Startup Time": 173.877,
                      "Actual Total Time": 173.878,
                      "Actual Rows": 195299,
                      "Actual Loops": 6,
                      "Hash Buckets": 2097152,
                      "Original Hash Buckets": 2097152,
                      "Hash Batches": 1,
                      "Original Hash Batches": 1,
                      "Peak Memory Usage": 62304,
                      "Plans": [
                        {
                          "Node Type": "Seq Scan",
                          "Parent Relationship": "Outer",
                          "Parallel Aware": true,
                          "Relation Name": "title",
                          "Alias": "t",
                          "Startup Cost": 0.0,
                          "Total Cost": 45479.59,
                          "Plan Rows": 270822,
                          "Plan Width": 4,
                          "Actual Startup Time": 0.042,
                          "Actual Total Time": 89.385,
                          "Actual Rows": 195299,
                          "Actual Loops": 6,
                          "Filter": "((kind_id > 4) AND (production_year > 1990))",
                          "Rows Removed by Filter": 226086
                        }
                      ]
                    }
                  ]
                }
              ]
            }
          ]
        }
      ]
    },
    "Planning Time": 0.346,
    "Triggers": [],
    "Execution Time": 977.42
  }
]