[
    {
        "Bao": {
            "Bao prediction": 1085.395,
            "Bao recommended hint": "SET enable_mergejoin TO off; SET enable_indexscan TO off; "
        }
    },
    {
        "Plan": {
            "Node Type": "Aggregate",
            "Strategy": "Plain",
            "Partial Mode": "Simple",
            "Parallel Aware": false,
            "Startup Cost": 16329.34,
            "Total Cost": 16329.35,
            "Plan Rows": 1,
            "Plan Width": 96,
            "Actual Startup Time": 3184.936,
            "Actual Total Time": 3184.945,
            "Actual Rows": 1,
            "Actual Loops": 1,
            "Output": [
                "min(chn.name)",
                "min(mi_idx.info)",
                "min(t.title)"
            ],
            "Plans": [
                {
                    "Node Type": "Nested Loop",
                    "Parent Relationship": "Outer",
                    "Parallel Aware": false,
                    "Join Type": "Inner",
                    "Startup Cost": 13.96,
                    "Total Cost": 16329.33,
                    "Plan Rows": 1,
                    "Plan Width": 38,
                    "Actual Startup Time": 37.338,
                    "Actual Total Time": 3180.831,
                    "Actual Rows": 9549,
                    "Actual Loops": 1,
                    "Output": [
                        "chn.name",
                        "mi_idx.info",
                        "t.title"
                    ],
                    "Inner Unique": true,
                    "Plans": [
                        {
                            "Node Type": "Nested Loop",
                            "Parent Relationship": "Outer",
                            "Parallel Aware": false,
                            "Join Type": "Inner",
                            "Startup Cost": 13.53,
                            "Total Cost": 16324.88,
                            "Plan Rows": 1,
                            "Plan Width": 42,
                            "Actual Startup Time": 37.286,
                            "Actual Total Time": 3066.593,
                            "Actual Rows": 9549,
                            "Actual Loops": 1,
                            "Output": [
                                "ci.person_id",
                                "chn.name",
                                "mi_idx.info",
                                "t.title"
                            ],
                            "Inner Unique": true,
                            "Plans": [
                                {
                                    "Node Type": "Nested Loop",
                                    "Parent Relationship": "Outer",
                                    "Parallel Aware": false,
                                    "Join Type": "Inner",
                                    "Startup Cost": 13.09,
                                    "Total Cost": 16320.43,
                                    "Plan Rows": 1,
                                    "Plan Width": 30,
                                    "Actual Startup Time": 33.501,
                                    "Actual Total Time": 1669.941,
                                    "Actual Rows": 338658,
                                    "Actual Loops": 1,
                                    "Output": [
                                        "ci.person_role_id",
                                        "ci.person_id",
                                        "mi_idx.info",
                                        "t.title"
                                    ],
                                    "Inner Unique": false,
                                    "Join Filter": "(t.id = ci.movie_id)",
                                    "Rows Removed by Join Filter": 0,
                                    "Plans": [
                                        {
                                            "Node Type": "Nested Loop",
                                            "Parent Relationship": "Outer",
                                            "Parallel Aware": false,
                                            "Join Type": "Inner",
                                            "Startup Cost": 12.14,
                                            "Total Cost": 16314.6,
                                            "Plan Rows": 1,
                                            "Plan Width": 38,
                                            "Actual Startup Time": 33.42,
                                            "Actual Total Time": 739.311,
                                            "Actual Rows": 2378,
                                            "Actual Loops": 1,
                                            "Output": [
                                                "cc.movie_id",
                                                "mi_idx.info",
                                                "mi_idx.movie_id",
                                                "mk.movie_id",
                                                "t.title",
                                                "t.id"
                                            ],
                                            "Inner Unique": true,
                                            "Join Filter": "(cc.status_id = cct2.id)",
                                            "Rows Removed by Join Filter": 880,
                                            "Plans": [
                                                {
                                                    "Node Type": "Nested Loop",
                                                    "Parent Relationship": "Outer",
                                                    "Parallel Aware": false,
                                                    "Join Type": "Inner",
                                                    "Startup Cost": 12.14,
                                                    "Total Cost": 16313.54,
                                                    "Plan Rows": 1,
                                                    "Plan Width": 42,
                                                    "Actual Startup Time": 33.41,
                                                    "Actual Total Time": 732.722,
                                                    "Actual Rows": 2378,
                                                    "Actual Loops": 1,
                                                    "Output": [
                                                        "cc.movie_id",
                                                        "cc.status_id",
                                                        "mi_idx.info",
                                                        "mi_idx.movie_id",
                                                        "mk.movie_id",
                                                        "t.title",
                                                        "t.id"
                                                    ],
                                                    "Inner Unique": true,
                                                    "Join Filter": "(cc.subject_id = cct1.id)",
                                                    "Rows Removed by Join Filter": 372,
                                                    "Plans": [
                                                        {
                                                            "Node Type": "Nested Loop",
                                                            "Parent Relationship": "Outer",
                                                            "Parallel Aware": false,
                                                            "Join Type": "Inner",
                                                            "Startup Cost": 12.14,
                                                            "Total Cost": 16312.48,
                                                            "Plan Rows": 1,
                                                            "Plan Width": 46,
                                                            "Actual Startup Time": 33.399,
                                                            "Actual Total Time": 724.6,
                                                            "Actual Rows": 2750,
                                                            "Actual Loops": 1,
                                                            "Output": [
                                                                "cc.movie_id",
                                                                "cc.subject_id",
                                                                "cc.status_id",
                                                                "mi_idx.info",
                                                                "mi_idx.movie_id",
                                                                "mk.movie_id",
                                                                "t.title",
                                                                "t.id"
                                                            ],
                                                            "Inner Unique": false,
                                                            "Plans": [
                                                                {
                                                                    "Node Type": "Nested Loop",
                                                                    "Parent Relationship": "Outer",
                                                                    "Parallel Aware": false,
                                                                    "Join Type": "Inner",
                                                                    "Startup Cost": 11.7,
                                                                    "Total Cost": 16307.99,
                                                                    "Plan Rows": 1,
                                                                    "Plan Width": 34,
                                                                    "Actual Startup Time": 33.197,
                                                                    "Actual Total Time": 678.527,
                                                                    "Actual Rows": 8804,
                                                                    "Actual Loops": 1,
                                                                    "Output": [
                                                                        "mi_idx.info",
                                                                        "mi_idx.movie_id",
                                                                        "mk.movie_id",
                                                                        "t.title",
                                                                        "t.id"
                                                                    ],
                                                                    "Inner Unique": false,
                                                                    "Join Filter": "(t.kind_id = kt.id)",
                                                                    "Rows Removed by Join Filter": 4012,
                                                                    "Plans": [
                                                                        {
                                                                            "Node Type": "Seq Scan",
                                                                            "Parent Relationship": "Outer",
                                                                            "Parallel Aware": false,
                                                                            "Relation Name": "kind_type",
                                                                            "Schema": "public",
                                                                            "Alias": "kt",
                                                                            "Startup Cost": 0.0,
                                                                            "Total Cost": 1.09,
                                                                            "Plan Rows": 1,
                                                                            "Plan Width": 4,
                                                                            "Actual Startup Time": 0.025,
                                                                            "Actual Total Time": 0.027,
                                                                            "Actual Rows": 1,
                                                                            "Actual Loops": 1,
                                                                            "Output": [
                                                                                "kt.id",
                                                                                "kt.kind"
                                                                            ],
                                                                            "Filter": "((kt.kind)::text = 'movie'::text)",
                                                                            "Rows Removed by Filter": 6
                                                                        },
                                                                        {
                                                                            "Node Type": "Nested Loop",
                                                                            "Parent Relationship": "Inner",
                                                                            "Parallel Aware": false,
                                                                            "Join Type": "Inner",
                                                                            "Startup Cost": 11.7,
                                                                            "Total Cost": 16306.84,
                                                                            "Plan Rows": 5,
                                                                            "Plan Width": 38,
                                                                            "Actual Startup Time": 2.432,
                                                                            "Actual Total Time": 675.984,
                                                                            "Actual Rows": 12816,
                                                                            "Actual Loops": 1,
                                                                            "Output": [
                                                                                "mi_idx.info",
                                                                                "mi_idx.movie_id",
                                                                                "mk.movie_id",
                                                                                "t.title",
                                                                                "t.kind_id",
                                                                                "t.id"
                                                                            ],
                                                                            "Inner Unique": true,
                                                                            "Plans": [
                                                                                {
                                                                                    "Node Type": "Nested Loop",
                                                                                    "Parent Relationship": "Outer",
                                                                                    "Parallel Aware": false,
                                                                                    "Join Type": "Inner",
                                                                                    "Startup Cost": 11.25,
                                                                                    "Total Cost": 16266.7,
                                                                                    "Plan Rows": 9,
                                                                                    "Plan Width": 13,
                                                                                    "Actual Startup Time": 2.345,
                                                                                    "Actual Total Time": 426.507,
                                                                                    "Actual Rows": 34313,
                                                                                    "Actual Loops": 1,
                                                                                    "Output": [
                                                                                        "mi_idx.info",
                                                                                        "mi_idx.movie_id",
                                                                                        "mk.movie_id"
                                                                                    ],
                                                                                    "Inner Unique": false,
                                                                                    "Join Filter": "(mi_idx.info_type_id = it2.id)",
                                                                                    "Rows Removed by Join Filter": 68978,
                                                                                    "Plans": [
                                                                                        {
                                                                                            "Node Type": "Seq Scan",
                                                                                            "Parent Relationship": "Outer",
                                                                                            "Parallel Aware": false,
                                                                                            "Relation Name": "info_type",
                                                                                            "Schema": "public",
                                                                                            "Alias": "it2",
                                                                                            "Startup Cost": 0.0,
                                                                                            "Total Cost": 2.41,
                                                                                            "Plan Rows": 1,
                                                                                            "Plan Width": 4,
                                                                                            "Actual Startup Time": 0.035,
                                                                                            "Actual Total Time": 0.038,
                                                                                            "Actual Rows": 1,
                                                                                            "Actual Loops": 1,
                                                                                            "Output": [
                                                                                                "it2.id",
                                                                                                "it2.info"
                                                                                            ],
                                                                                            "Filter": "((it2.info)::text = 'rating'::text)",
                                                                                            "Rows Removed by Filter": 112
                                                                                        },
                                                                                        {
                                                                                            "Node Type": "Nested Loop",
                                                                                            "Parent Relationship": "Inner",
                                                                                            "Parallel Aware": false,
                                                                                            "Join Type": "Inner",
                                                                                            "Startup Cost": 11.25,
                                                                                            "Total Cost": 16251.28,
                                                                                            "Plan Rows": 1040,
                                                                                            "Plan Width": 17,
                                                                                            "Actual Startup Time": 2.301,
                                                                                            "Actual Total Time": 415.777,
                                                                                            "Actual Rows": 103291,
                                                                                            "Actual Loops": 1,
                                                                                            "Output": [
                                                                                                "mk.movie_id",
                                                                                                "mi_idx.info",
                                                                                                "mi_idx.movie_id",
                                                                                                "mi_idx.info_type_id"
                                                                                            ],
                                                                                            "Inner Unique": false,
                                                                                            "Plans": [
                                                                                                {
                                                                                                    "Node Type": "Nested Loop",
                                                                                                    "Parent Relationship": "Outer",
                                                                                                    "Parallel Aware": false,
                                                                                                    "Join Type": "Inner",
                                                                                                    "Startup Cost": 10.8,
                                                                                                    "Total Cost": 14726.77,
                                                                                                    "Plan Rows": 337,
                                                                                                    "Plan Width": 4,
                                                                                                    "Actual Startup Time": 2.111,
                                                                                                    "Actual Total Time": 120.797,
                                                                                                    "Actual Rows": 42387,
                                                                                                    "Actual Loops": 1,
                                                                                                    "Output": [
                                                                                                        "mk.movie_id"
                                                                                                    ],
                                                                                                    "Inner Unique": false,
                                                                                                    "Plans": [
                                                                                                        {
                                                                                                            "Node Type": "Seq Scan",
                                                                                                            "Parent Relationship": "Outer",
                                                                                                            "Parallel Aware": false,
                                                                                                            "Relation Name": "keyword",
                                                                                                            "Schema": "public",
                                                                                                            "Alias": "k",
                                                                                                            "Startup Cost": 0.0,
                                                                                                            "Total Cost": 3967.82,
                                                                                                            "Plan Rows": 10,
                                                                                                            "Plan Width": 4,
                                                                                                            "Actual Startup Time": 0.401,
                                                                                                            "Actual Total Time": 25.523,
                                                                                                            "Actual Rows": 7,
                                                                                                            "Actual Loops": 1,
                                                                                                            "Output": [
                                                                                                                "k.id",
                                                                                                                "k.keyword",
                                                                                                                "k.phonetic_code"
                                                                                                            ],
                                                                                                            "Filter": "(k.keyword = ANY ('{murder-in-title,based-on-comic,superhero,marvel-comics,blood,violence,death,sequel,sequel,death}'::text[]))",
                                                                                                            "Rows Removed by Filter": 134163
                                                                                                        },
                                                                                                        {
                                                                                                            "Node Type": "Bitmap Heap Scan",
                                                                                                            "Parent Relationship": "Inner",
                                                                                                            "Parallel Aware": false,
                                                                                                            "Relation Name": "movie_keyword",
                                                                                                            "Schema": "public",
                                                                                                            "Alias": "mk",
                                                                                                            "Startup Cost": 10.8,
                                                                                                            "Total Cost": 1072.84,
                                                                                                            "Plan Rows": 305,
                                                                                                            "Plan Width": 8,
                                                                                                            "Actual Startup Time": 1.418,
                                                                                                            "Actual Total Time": 12.533,
                                                                                                            "Actual Rows": 6055,
                                                                                                            "Actual Loops": 7,
                                                                                                            "Output": [
                                                                                                                "mk.id",
                                                                                                                "mk.movie_id",
                                                                                                                "mk.keyword_id"
                                                                                                            ],
                                                                                                            "Recheck Cond": "(mk.keyword_id = k.id)",
                                                                                                            "Rows Removed by Index Recheck": 0,
                                                                                                            "Exact Heap Blocks": 30751,
                                                                                                            "Lossy Heap Blocks": 0,
                                                                                                            "Plans": [
                                                                                                                {
                                                                                                                    "Node Type": "Bitmap Index Scan",
                                                                                                                    "Parent Relationship": "Outer",
                                                                                                                    "Parallel Aware": false,
                                                                                                                    "Index Name": "keyword_id_movie_keyword",
                                                                                                                    "Startup Cost": 0.0,
                                                                                                                    "Total Cost": 10.72,
                                                                                                                    "Plan Rows": 305,
                                                                                                                    "Plan Width": 0,
                                                                                                                    "Actual Startup Time": 0.881,
                                                                                                                    "Actual Total Time": 0.881,
                                                                                                                    "Actual Rows": 6055,
                                                                                                                    "Actual Loops": 7,
                                                                                                                    "Index Cond": "(mk.keyword_id = k.id)"
                                                                                                                }
                                                                                                            ]
                                                                                                        }
                                                                                                    ]
                                                                                                },
                                                                                                {
                                                                                                    "Node Type": "Bitmap Heap Scan",
                                                                                                    "Parent Relationship": "Inner",
                                                                                                    "Parallel Aware": false,
                                                                                                    "Relation Name": "movie_info_idx",
                                                                                                    "Schema": "public",
                                                                                                    "Alias": "mi_idx",
                                                                                                    "Startup Cost": 0.46,
                                                                                                    "Total Cost": 4.49,
                                                                                                    "Plan Rows": 3,
                                                                                                    "Plan Width": 13,
                                                                                                    "Actual Startup Time": 0.005,
                                                                                                    "Actual Total Time": 0.005,
                                                                                                    "Actual Rows": 2,
                                                                                                    "Actual Loops": 42387,
                                                                                                    "Output": [
                                                                                                        "mi_idx.id",
                                                                                                        "mi_idx.movie_id",
                                                                                                        "mi_idx.info_type_id",
                                                                                                        "mi_idx.info",
                                                                                                        "mi_idx.note"
                                                                                                    ],
                                                                                                    "Recheck Cond": "(mi_idx.movie_id = mk.movie_id)",
                                                                                                    "Rows Removed by Index Recheck": 0,
                                                                                                    "Exact Heap Blocks": 34954,
                                                                                                    "Lossy Heap Blocks": 0,
                                                                                                    "Plans": [
                                                                                                        {
                                                                                                            "Node Type": "Bitmap Index Scan",
                                                                                                            "Parent Relationship": "Outer",
                                                                                                            "Parallel Aware": false,
                                                                                                            "Index Name": "movie_id_movie_info_idx",
                                                                                                            "Startup Cost": 0.0,
                                                                                                            "Total Cost": 0.46,
                                                                                                            "Plan Rows": 3,
                                                                                                            "Plan Width": 0,
                                                                                                            "Actual Startup Time": 0.003,
                                                                                                            "Actual Total Time": 0.003,
                                                                                                            "Actual Rows": 2,
                                                                                                            "Actual Loops": 42387,
                                                                                                            "Index Cond": "(mi_idx.movie_id = mk.movie_id)"
                                                                                                        }
                                                                                                    ]
                                                                                                }
                                                                                            ]
                                                                                        }
                                                                                    ]
                                                                                },
                                                                                {
                                                                                    "Node Type": "Bitmap Heap Scan",
                                                                                    "Parent Relationship": "Inner",
                                                                                    "Parallel Aware": false,
                                                                                    "Relation Name": "title",
                                                                                    "Schema": "public",
                                                                                    "Alias": "t",
                                                                                    "Startup Cost": 0.45,
                                                                                    "Total Cost": 4.46,
                                                                                    "Plan Rows": 1,
                                                                                    "Plan Width": 25,
                                                                                    "Actual Startup Time": 0.005,
                                                                                    "Actual Total Time": 0.005,
                                                                                    "Actual Rows": 0,
                                                                                    "Actual Loops": 34313,
                                                                                    "Output": [
                                                                                        "t.id",
                                                                                        "t.title",
                                                                                        "t.imdb_index",
                                                                                        "t.kind_id",
                                                                                        "t.production_year",
                                                                                        "t.imdb_id",
                                                                                        "t.phonetic_code",
                                                                                        "t.episode_of_id",
                                                                                        "t.season_nr",
                                                                                        "t.episode_nr",
                                                                                        "t.series_years",
                                                                                        "t.md5sum"
                                                                                    ],
                                                                                    "Recheck Cond": "(t.id = mk.movie_id)",
                                                                                    "Rows Removed by Index Recheck": 0,
                                                                                    "Filter": "(t.production_year > 2001)",
                                                                                    "Rows Removed by Filter": 1,
                                                                                    "Exact Heap Blocks": 34313,
                                                                                    "Lossy Heap Blocks": 0,
                                                                                    "Plans": [
                                                                                        {
                                                                                            "Node Type": "Bitmap Index Scan",
                                                                                            "Parent Relationship": "Outer",
                                                                                            "Parallel Aware": false,
                                                                                            "Index Name": "title_pkey",
                                                                                            "Startup Cost": 0.0,
                                                                                            "Total Cost": 0.45,
                                                                                            "Plan Rows": 1,
                                                                                            "Plan Width": 0,
                                                                                            "Actual Startup Time": 0.003,
                                                                                            "Actual Total Time": 0.003,
                                                                                            "Actual Rows": 1,
                                                                                            "Actual Loops": 34313,
                                                                                            "Index Cond": "(t.id = mk.movie_id)"
                                                                                        }
                                                                                    ]
                                                                                }
                                                                            ]
                                                                        }
                                                                    ]
                                                                },
                                                                {
                                                                    "Node Type": "Bitmap Heap Scan",
                                                                    "Parent Relationship": "Inner",
                                                                    "Parallel Aware": false,
                                                                    "Relation Name": "complete_cast",
                                                                    "Schema": "public",
                                                                    "Alias": "cc",
                                                                    "Startup Cost": 0.44,
                                                                    "Total Cost": 4.46,
                                                                    "Plan Rows": 2,
                                                                    "Plan Width": 12,
                                                                    "Actual Startup Time": 0.003,
                                                                    "Actual Total Time": 0.003,
                                                                    "Actual Rows": 0,
                                                                    "Actual Loops": 8804,
                                                                    "Output": [
                                                                        "cc.id",
                                                                        "cc.movie_id",
                                                                        "cc.subject_id",
                                                                        "cc.status_id"
                                                                    ],
                                                                    "Recheck Cond": "(cc.movie_id = t.id)",
                                                                    "Rows Removed by Index Recheck": 0,
                                                                    "Exact Heap Blocks": 2750,
                                                                    "Lossy Heap Blocks": 0,
                                                                    "Plans": [
                                                                        {
                                                                            "Node Type": "Bitmap Index Scan",
                                                                            "Parent Relationship": "Outer",
                                                                            "Parallel Aware": false,
                                                                            "Index Name": "movie_id_complete_cast",
                                                                            "Startup Cost": 0.0,
                                                                            "Total Cost": 0.44,
                                                                            "Plan Rows": 2,
                                                                            "Plan Width": 0,
                                                                            "Actual Startup Time": 0.002,
                                                                            "Actual Total Time": 0.002,
                                                                            "Actual Rows": 0,
                                                                            "Actual Loops": 8804,
                                                                            "Index Cond": "(cc.movie_id = t.id)"
                                                                        }
                                                                    ]
                                                                }
                                                            ]
                                                        },
                                                        {
                                                            "Node Type": "Seq Scan",
                                                            "Parent Relationship": "Inner",
                                                            "Parallel Aware": false,
                                                            "Relation Name": "comp_cast_type",
                                                            "Schema": "public",
                                                            "Alias": "cct1",
                                                            "Startup Cost": 0.0,
                                                            "Total Cost": 1.05,
                                                            "Plan Rows": 1,
                                                            "Plan Width": 4,
                                                            "Actual Startup Time": 0.001,
                                                            "Actual Total Time": 0.001,
                                                            "Actual Rows": 1,
                                                            "Actual Loops": 2750,
                                                            "Output": [
                                                                "cct1.id",
                                                                "cct1.kind"
                                                            ],
                                                            "Filter": "((cct1.kind)::text = 'cast'::text)",
                                                            "Rows Removed by Filter": 0
                                                        }
                                                    ]
                                                },
                                                {
                                                    "Node Type": "Seq Scan",
                                                    "Parent Relationship": "Inner",
                                                    "Parallel Aware": false,
                                                    "Relation Name": "comp_cast_type",
                                                    "Schema": "public",
                                                    "Alias": "cct2",
                                                    "Startup Cost": 0.0,
                                                    "Total Cost": 1.05,
                                                    "Plan Rows": 1,
                                                    "Plan Width": 4,
                                                    "Actual Startup Time": 0.001,
                                                    "Actual Total Time": 0.001,
                                                    "Actual Rows": 1,
                                                    "Actual Loops": 2378,
                                                    "Output": [
                                                        "cct2.id",
                                                        "cct2.kind"
                                                    ],
                                                    "Filter": "((cct2.kind)::text ~~ '%complete%'::text)",
                                                    "Rows Removed by Filter": 2
                                                }
                                            ]
                                        },
                                        {
                                            "Node Type": "Bitmap Heap Scan",
                                            "Parent Relationship": "Inner",
                                            "Parallel Aware": false,
                                            "Relation Name": "cast_info",
                                            "Schema": "public",
                                            "Alias": "ci",
                                            "Startup Cost": 0.95,
                                            "Total Cost": 5.39,
                                            "Plan Rows": 35,
                                            "Plan Width": 12,
                                            "Actual Startup Time": 0.027,
                                            "Actual Total Time": 0.359,
                                            "Actual Rows": 142,
                                            "Actual Loops": 2378,
                                            "Output": [
                                                "ci.id",
                                                "ci.person_id",
                                                "ci.movie_id",
                                                "ci.person_role_id",
                                                "ci.note",
                                                "ci.nr_order",
                                                "ci.role_id"
                                            ],
                                            "Recheck Cond": "(ci.movie_id = mk.movie_id)",
                                            "Rows Removed by Index Recheck": 0,
                                            "Exact Heap Blocks": 329027,
                                            "Lossy Heap Blocks": 0,
                                            "Plans": [
                                                {
                                                    "Node Type": "Bitmap Index Scan",
                                                    "Parent Relationship": "Outer",
                                                    "Parallel Aware": false,
                                                    "Index Name": "movie_id_cast_info",
                                                    "Startup Cost": 0.0,
                                                    "Total Cost": 0.94,
                                                    "Plan Rows": 35,
                                                    "Plan Width": 0,
                                                    "Actual Startup Time": 0.014,
                                                    "Actual Total Time": 0.014,
                                                    "Actual Rows": 142,
                                                    "Actual Loops": 2378,
                                                    "Index Cond": "(ci.movie_id = mk.movie_id)"
                                                }
                                            ]
                                        }
                                    ]
                                },
                                {
                                    "Node Type": "Bitmap Heap Scan",
                                    "Parent Relationship": "Inner",
                                    "Parallel Aware": false,
                                    "Relation Name": "char_name",
                                    "Schema": "public",
                                    "Alias": "chn",
                                    "Startup Cost": 0.44,
                                    "Total Cost": 4.46,
                                    "Plan Rows": 1,
                                    "Plan Width": 20,
                                    "Actual Startup Time": 0.003,
                                    "Actual Total Time": 0.003,
                                    "Actual Rows": 0,
                                    "Actual Loops": 338658,
                                    "Output": [
                                        "chn.id",
                                        "chn.name",
                                        "chn.imdb_index",
                                        "chn.imdb_id",
                                        "chn.name_pcode_nf",
                                        "chn.surname_pcode",
                                        "chn.md5sum"
                                    ],
                                    "Recheck Cond": "(chn.id = ci.person_role_id)",
                                    "Rows Removed by Index Recheck": 0,
                                    "Filter": "((chn.name IS NOT NULL) AND ((chn.name ~~ '%man%'::text) OR (chn.name ~~ '%Man%'::text)))",
                                    "Rows Removed by Filter": 0,
                                    "Exact Heap Blocks": 130573,
                                    "Lossy Heap Blocks": 0,
                                    "Plans": [
                                        {
                                            "Node Type": "Bitmap Index Scan",
                                            "Parent Relationship": "Outer",
                                            "Parallel Aware": false,
                                            "Index Name": "char_name_pkey",
                                            "Startup Cost": 0.0,
                                            "Total Cost": 0.44,
                                            "Plan Rows": 1,
                                            "Plan Width": 0,
                                            "Actual Startup Time": 0.001,
                                            "Actual Total Time": 0.001,
                                            "Actual Rows": 0,
                                            "Actual Loops": 338658,
                                            "Index Cond": "(chn.id = ci.person_role_id)"
                                        }
                                    ]
                                }
                            ]
                        },
                        {
                            "Node Type": "Bitmap Heap Scan",
                            "Parent Relationship": "Inner",
                            "Parallel Aware": false,
                            "Relation Name": "name",
                            "Schema": "public",
                            "Alias": "n",
                            "Startup Cost": 0.44,
                            "Total Cost": 4.45,
                            "Plan Rows": 1,
                            "Plan Width": 4,
                            "Actual Startup Time": 0.01,
                            "Actual Total Time": 0.01,
                            "Actual Rows": 1,
                            "Actual Loops": 9549,
                            "Output": [
                                "n.id",
                                "n.name",
                                "n.imdb_index",
                                "n.imdb_id",
                                "n.gender",
                                "n.name_pcode_cf",
                                "n.name_pcode_nf",
                                "n.surname_pcode",
                                "n.md5sum"
                            ],
                            "Recheck Cond": "(n.id = ci.person_id)",
                            "Rows Removed by Index Recheck": 0,
                            "Exact Heap Blocks": 9549,
                            "Lossy Heap Blocks": 0,
                            "Plans": [
                                {
                                    "Node Type": "Bitmap Index Scan",
                                    "Parent Relationship": "Outer",
                                    "Parallel Aware": false,
                                    "Index Name": "name_pkey",
                                    "Startup Cost": 0.0,
                                    "Total Cost": 0.44,
                                    "Plan Rows": 1,
                                    "Plan Width": 0,
                                    "Actual Startup Time": 0.006,
                                    "Actual Total Time": 0.006,
                                    "Actual Rows": 1,
                                    "Actual Loops": 9549,
                                    "Index Cond": "(n.id = ci.person_id)"
                                }
                            ]
                        }
                    ]
                }
            ]
        },
        "Planning Time": 561.447,
        "Triggers": [],
        "Execution Time": 3186.232
    }
]