[
  {
    "Plan": {
      "Node Type": "Aggregate",
      "Strategy": "Plain",
      "Partial Mode": "Finalize",
      "Parallel Aware": false,
      "Startup Cost": 41599.39,
      "Total Cost": 41599.4,
      "Plan Rows": 1,
      "Plan Width": 8,
      "Actual Startup Time": 152.119,
      "Actual Total Time": 160.984,
      "Actual Rows": 1,
      "Actual Loops": 1,
      "Plans": [
        {
          "Node Type": "Gather",
          "Parent Relationship": "Outer",
          "Parallel Aware": false,
          "Startup Cost": 41599.08,
          "Total Cost": 41599.39,
          "Plan Rows": 3,
          "Plan Width": 8,
          "Actual Startup Time": 151.868,
          "Actual Total Time": 160.971,
          "Actual Rows": 4,
          "Actual Loops": 1,
          "Workers Planned": 3,
          "Workers Launched": 3,
          "Single Copy": false,
          "Plans": [
            {
              "Node Type": "Aggregate",
              "Strategy": "Plain",
              "Partial Mode": "Partial",
              "Parent Relationship": "Outer",
              "Parallel Aware": false,
              "Startup Cost": 40599.08,
              "Total Cost": 40599.09,
              "Plan Rows": 1,
              "Plan Width": 8,
              "Actual Startup Time": 147.268,
              "Actual Total Time": 147.27,
              "Actual Rows": 1,
              "Actual Loops": 4,
              "Plans": [
                {
                  "Node Type": "Bitmap Heap Scan",
                  "Parent Relationship": "Outer",
                  "Parallel Aware": true,
                  "Relation Name": "movie_keyword",
                  "Alias": "mk",
                  "Startup Cost": 13146.75,
                  "Total Cost": 40099.36,
                  "Plan Rows": 199888,
                  "Plan Width": 0,
                  "Actual Startup Time": 58.186,
                  "Actual Total Time": 137.595,
                  "Actual Rows": 154379,
                  "Actual Loops": 4,
                  "Recheck Cond": "(keyword_id > 29536)",
                  "Rows Removed by Index Recheck": 0,
                  "Exact Heap Blocks": 7414,
                  "Lossy Heap Blocks": 0,
                  "Plans": [
                    {
                      "Node Type": "Bitmap Index Scan",
                      "Parent Relationship": "Outer",
                      "Parallel Aware": false,
                      "Index Name": "keyword_id_movie_keyword",
                      "Startup Cost": 0.0,
                      "Total Cost": 12991.84,
                      "Plan Rows": 619654,
                      "Plan Width": 0,
                      "Actual Startup Time": 56.682,
                      "Actual Total Time": 56.682,
                      "Actual Rows": 617515,
                      "Actual Loops": 1,
                      "Index Cond": "(keyword_id > 29536)"
                    }
                  ]
                }
              ]
            }
          ]
        }
      ]
    },
    "Planning Time": 0.109,
    "Triggers": [],
    "Execution Time": 161.032
  }
]