[
  {
    "Plan": {
      "Node Type": "Aggregate",
      "Strategy": "Plain",
      "Partial Mode": "Finalize",
      "Parallel Aware": false,
      "Startup Cost": 46318.39,
      "Total Cost": 46318.4,
      "Plan Rows": 1,
      "Plan Width": 8,
      "Actual Startup Time": 160.374,
      "Actual Total Time": 169.869,
      "Actual Rows": 1,
      "Actual Loops": 1,
      "Plans": [
        {
          "Node Type": "Gather",
          "Parent Relationship": "Outer",
          "Parallel Aware": false,
          "Startup Cost": 46318.07,
          "Total Cost": 46318.38,
          "Plan Rows": 3,
          "Plan Width": 8,
          "Actual Startup Time": 160.235,
          "Actual Total Time": 169.86,
          "Actual Rows": 4,
          "Actual Loops": 1,
          "Workers Planned": 3,
          "Workers Launched": 3,
          "Single Copy": false,
          "Plans": [
            {
              "Node Type": "Aggregate",
              "Strategy": "Plain",
              "Partial Mode": "Partial",
              "Parent Relationship": "Outer",
              "Parallel Aware": false,
              "Startup Cost": 45318.07,
              "Total Cost": 45318.08,
              "Plan Rows": 1,
              "Plan Width": 8,
              "Actual Startup Time": 153.584,
              "Actual Total Time": 153.585,
              "Actual Rows": 1,
              "Actual Loops": 4,
              "Plans": [
                {
                  "Node Type": "Seq Scan",
                  "Parent Relationship": "Outer",
                  "Parallel Aware": true,
                  "Relation Name": "movie_keyword",
                  "Alias": "mk",
                  "Startup Cost": 0.0,
                  "Total Cost": 42695.65,
                  "Plan Rows": 1048967,
                  "Plan Width": 0,
                  "Actual Startup Time": 0.049,
                  "Actual Total Time": 118.14,
                  "Actual Rows": 811713,
                  "Actual Loops": 4,
                  "Filter": "(keyword_id < 13888)",
                  "Rows Removed by Filter": 319270
                }
              ]
            }
          ]
        }
      ]
    },
    "Planning Time": 0.163,
    "Triggers": [],
    "Execution Time": 169.919
  }
]