{
  "Plan": {
    "Node Type": "Aggregate",
    "Strategy": "Plain",
    "Partial Mode": "Finalize",
    "Parallel Aware": false,
    "Startup Cost": 2318399.0,
    "Total Cost": 2318399.01,
    "Plan Rows": 1,
    "Plan Width": 8,
    "Actual Startup Time": 12195.501,
    "Actual Total Time": 12206.764,
    "Actual Rows": 1,
    "Actual Loops": 1,
    "Plans": [
      {
        "Node Type": "Gather",
        "Parent Relationship": "Outer",
        "Parallel Aware": false,
        "Startup Cost": 2318398.88,
        "Total Cost": 2318398.99,
        "Plan Rows": 1,
        "Plan Width": 8,
        "Actual Startup Time": 12195.482,
        "Actual Total Time": 12206.751,
        "Actual Rows": 2,
        "Actual Loops": 1,
        "Workers Planned": 1,
        "Workers Launched": 1,
        "Single Copy": false,
        "Plans": [
          {
            "Node Type": "Aggregate",
            "Strategy": "Plain",
            "Partial Mode": "Partial",
            "Parent Relationship": "Outer",
            "Parallel Aware": false,
            "Startup Cost": 2317398.88,
            "Total Cost": 2317398.89,
            "Plan Rows": 1,
            "Plan Width": 8,
            "Actual Startup Time": 12081.569,
            "Actual Total Time": 12081.58,
            "Actual Rows": 1,
            "Actual Loops": 2,
            "Plans": [
              {
                "Node Type": "Merge Join",
                "Parent Relationship": "Outer",
                "Parallel Aware": false,
                "Join Type": "Inner",
                "Startup Cost": 2112995.84,
                "Total Cost": 2293888.57,
                "Plan Rows": 9404124,
                "Plan Width": 0,
                "Actual Startup Time": 9144.308,
                "Actual Total Time": 11675.646,
                "Actual Rows": 9785947,
                "Actual Loops": 2,
                "Inner Unique": false,
                "Merge Cond": "(t.id = mi.movie_id)",
                "Plans": [
                  {
                    "Node Type": "Sort",
                    "Parent Relationship": "Outer",
                    "Parallel Aware": false,
                    "Startup Cost": 1538973.75,
                    "Total Cost": 1558904.6,
                    "Plan Rows": 7972343,
                    "Plan Width": 8,
                    "Actual Startup Time": 8104.55,
                    "Actual Total Time": 8743.699,
                    "Actual Rows": 7116484,
                    "Actual Loops": 2,
                    "Sort Key": [
                      "t.id"
                    ],
                    "Sort Method": "quicksort",
                    "Sort Space Used": 548475,
                    "Sort Space Type": "Memory",
                    "Workers": [
                      {
                        "Worker Number": 0,
                        "Sort Method": "quicksort",
                        "Sort Space Used": 511912,
                        "Sort Space Type": "Memory"
                      }
                    ],
                    "Plans": [
                      {
                        "Node Type": "Hash Join",
                        "Parent Relationship": "Outer",
                        "Parallel Aware": true,
                        "Join Type": "Inner",
                        "Startup Cost": 68746.43,
                        "Total Cost": 625081.25,
                        "Plan Rows": 7972343,
                        "Plan Width": 8,
                        "Actual Startup Time": 732.779,
                        "Actual Total Time": 6306.727,
                        "Actual Rows": 7116484,
                        "Actual Loops": 2,
                        "Inner Unique": true,
                        "Hash Cond": "(ci.movie_id = t.id)",
                        "Plans": [
                          {
                            "Node Type": "Seq Scan",
                            "Parent Relationship": "Outer",
                            "Parallel Aware": true,
                            "Relation Name": "cast_info",
                            "Alias": "ci",
                            "Startup Cost": 0.0,
                            "Total Cost": 519069.44,
                            "Plan Rows": 14196311,
                            "Plan Width": 4,
                            "Actual Startup Time": 308.774,
                            "Actual Total Time": 1688.755,
                            "Actual Rows": 12088164,
                            "Actual Loops": 2,
                            "Filter": "(person_id > 1188916)",
                            "Rows Removed by Filter": 6034008
                          },
                          {
                            "Node Type": "Hash",
                            "Parent Relationship": "Inner",
                            "Parallel Aware": true,
                            "Startup Cost": 58306.47,
                            "Total Cost": 58306.47,
                            "Plan Rows": 835197,
                            "Plan Width": 4,
                            "Actual Startup Time": 410.186,
                            "Actual Total Time": 410.187,
                            "Actual Rows": 739218,
                            "Actual Loops": 2,
                            "Hash Buckets": 2097152,
                            "Original Hash Buckets": 2097152,
                            "Hash Batches": 1,
                            "Original Hash Batches": 1,
                            "Peak Memory Usage": 74240,
                            "Plans": [
                              {
                                "Node Type": "Seq Scan",
                                "Parent Relationship": "Outer",
                                "Parallel Aware": true,
                                "Relation Name": "title",
                                "Alias": "t",
                                "Startup Cost": 0.0,
                                "Total Cost": 58306.47,
                                "Plan Rows": 835197,
                                "Plan Width": 4,
                                "Actual Startup Time": 0.028,
                                "Actual Total Time": 196.263,
                                "Actual Rows": 739218,
                                "Actual Loops": 2,
                                "Filter": "((production_year > 1932) AND (kind_id = 7))",
                                "Rows Removed by Filter": 524938
                              }
                            ]
                          }
                        ]
                      }
                    ]
                  },
                  {
                    "Node Type": "Sort",
                    "Parent Relationship": "Inner",
                    "Parallel Aware": false,
                    "Startup Cost": 574021.29,
                    "Total Cost": 581477.19,
                    "Plan Rows": 2982358,
                    "Plan Width": 4,
                    "Actual Startup Time": 1039.727,
                    "Actual Total Time": 1435.308,
                    "Actual Rows": 11521926,
                    "Actual Loops": 2,
                    "Sort Key": [
                      "mi.movie_id"
                    ],
                    "Sort Method": "quicksort",
                    "Sort Space Used": 240651,
                    "Sort Space Type": "Memory",
                    "Workers": [
                      {
                        "Worker Number": 0,
                        "Sort Method": "quicksort",
                        "Sort Space Used": 240651,
                        "Sort Space Type": "Memory"
                      }
                    ],
                    "Plans": [
                      {
                        "Node Type": "Bitmap Heap Scan",
                        "Parent Relationship": "Outer",
                        "Parallel Aware": false,
                        "Relation Name": "movie_info",
                        "Alias": "mi",
                        "Startup Cost": 54025.71,
                        "Total Cost": 253298.18,
                        "Plan Rows": 2982358,
                        "Plan Width": 4,
                        "Actual Startup Time": 93.068,
                        "Actual Total Time": 423.259,
                        "Actual Rows": 3036719,
                        "Actual Loops": 2,
                        "Recheck Cond": "(info_type_id = 16)",
                        "Rows Removed by Index Recheck": 0,
                        "Exact Heap Blocks": 25448,
                        "Lossy Heap Blocks": 0,
                        "Plans": [
                          {
                            "Node Type": "Bitmap Index Scan",
                            "Parent Relationship": "Outer",
                            "Parallel Aware": false,
                            "Index Name": "info_type_id_movie_info",
                            "Startup Cost": 0.0,
                            "Total Cost": 53280.12,
                            "Plan Rows": 2982358,
                            "Plan Width": 0,
                            "Actual Startup Time": 89.25,
                            "Actual Total Time": 89.25,
                            "Actual Rows": 3036719,
                            "Actual Loops": 2,
                            "Index Cond": "(info_type_id = 16)"
                          }
                        ]
                      }
                    ]
                  }
                ]
              }
            ]
          }
        ]
      }
    ]
  },
  "Planning Time": 1.091,
  "Triggers": [],
  "Execution Time": 12238.452
}