[
  {
    "Plan": {
      "Node Type": "Aggregate",
      "Strategy": "Plain",
      "Partial Mode": "Finalize",
      "Parallel Aware": false,
      "Startup Cost": 16382.14,
      "Total Cost": 16382.15,
      "Plan Rows": 1,
      "Plan Width": 8,
      "Actual Startup Time": 11.532,
      "Actual Total Time": 13.175,
      "Actual Rows": 1,
      "Actual Loops": 1,
      "Plans": [
        {
          "Node Type": "Gather",
          "Parent Relationship": "Outer",
          "Parallel Aware": false,
          "Startup Cost": 16382.03,
          "Total Cost": 16382.14,
          "Plan Rows": 1,
          "Plan Width": 8,
          "Actual Startup Time": 10.443,
          "Actual Total Time": 13.169,
          "Actual Rows": 2,
          "Actual Loops": 1,
          "Workers Planned": 1,
          "Workers Launched": 1,
          "Single Copy": false,
          "Plans": [
            {
              "Node Type": "Aggregate",
              "Strategy": "Plain",
              "Partial Mode": "Partial",
              "Parent Relationship": "Outer",
              "Parallel Aware": false,
              "Startup Cost": 15382.03,
              "Total Cost": 15382.04,
              "Plan Rows": 1,
              "Plan Width": 8,
              "Actual Startup Time": 5.134,
              "Actual Total Time": 5.136,
              "Actual Rows": 1,
              "Actual Loops": 2,
              "Plans": [
                {
                  "Node Type": "Nested Loop",
                  "Parent Relationship": "Outer",
                  "Parallel Aware": false,
                  "Join Type": "Inner",
                  "Startup Cost": 63.17,
                  "Total Cost": 15382.03,
                  "Plan Rows": 2,
                  "Plan Width": 0,
                  "Actual Startup Time": 4.195,
                  "Actual Total Time": 5.131,
                  "Actual Rows": 0,
                  "Actual Loops": 2,
                  "Inner Unique": true,
                  "Join Filter": "(mc.movie_id = t.id)",
                  "Rows Removed by Join Filter": 0,
                  "Plans": [
                    {
                      "Node Type": "Nested Loop",
                      "Parent Relationship": "Outer",
                      "Parallel Aware": false,
                      "Join Type": "Inner",
                      "Startup Cost": 62.74,
                      "Total Cost": 15316.99,
                      "Plan Rows": 9,
                      "Plan Width": 8,
                      "Actual Startup Time": 4.187,
                      "Actual Total Time": 5.122,
                      "Actual Rows": 0,
                      "Actual Loops": 2,
                      "Inner Unique": false,
                      "Plans": [
                        {
                          "Node Type": "Bitmap Heap Scan",
                          "Parent Relationship": "Outer",
                          "Parallel Aware": true,
                          "Relation Name": "movie_companies",
                          "Alias": "mc",
                          "Startup Cost": 62.31,
                          "Total Cost": 7741.29,
                          "Plan Rows": 825,
                          "Plan Width": 4,
                          "Actual Startup Time": 3.96,
                          "Actual Total Time": 4.374,
                          "Actual Rows": 264,
                          "Actual Loops": 2,
                          "Recheck Cond": "(company_id = 2042)",
                          "Rows Removed by Index Recheck": 0,
                          "Filter": "(company_type_id < 2)",
                          "Rows Removed by Filter": 874,
                          "Exact Heap Blocks": 245,
                          "Lossy Heap Blocks": 0,
                          "Plans": [
                            {
                              "Node Type": "Bitmap Index Scan",
                              "Parent Relationship": "Outer",
                              "Parallel Aware": false,
                              "Index Name": "company_id_movie_companies",
                              "Startup Cost": 0.0,
                              "Total Cost": 61.95,
                              "Plan Rows": 2870,
                              "Plan Width": 0,
                              "Actual Startup Time": 7.812,
                              "Actual Total Time": 7.813,
                              "Actual Rows": 2274,
                              "Actual Loops": 1,
                              "Index Cond": "(company_id = 2042)"
                            }
                          ]
                        },
                        {
                          "Node Type": "Index Scan",
                          "Parent Relationship": "Inner",
                          "Parallel Aware": false,
                          "Scan Direction": "Forward",
                          "Index Name": "movie_id_movie_keyword",
                          "Relation Name": "movie_keyword",
                          "Alias": "mk",
                          "Startup Cost": 0.43,
                          "Total Cost": 9.17,
                          "Plan Rows": 1,
                          "Plan Width": 4,
                          "Actual Startup Time": 0.003,
                          "Actual Total Time": 0.003,
                          "Actual Rows": 0,
                          "Actual Loops": 527,
                          "Index Cond": "(movie_id = mc.movie_id)",
                          "Rows Removed by Index Recheck": 0,
                          "Filter": "(keyword_id = 7078)",
                          "Rows Removed by Filter": 4
                        }
                      ]
                    },
                    {
                      "Node Type": "Index Only Scan",
                      "Parent Relationship": "Inner",
                      "Parallel Aware": false,
                      "Scan Direction": "Forward",
                      "Index Name": "title_pkey",
                      "Relation Name": "title",
                      "Alias": "t",
                      "Startup Cost": 0.43,
                      "Total Cost": 7.21,
                      "Plan Rows": 1,
                      "Plan Width": 4,
                      "Actual Startup Time": 0.013,
                      "Actual Total Time": 0.013,
                      "Actual Rows": 1,
                      "Actual Loops": 1,
                      "Index Cond": "(id = mk.movie_id)",
                      "Rows Removed by Index Recheck": 0,
                      "Heap Fetches": 1
                    }
                  ]
                }
              ]
            }
          ]
        }
      ]
    },
    "Planning Time": 0.534,
    "Triggers": [],
    "Execution Time": 13.224
  }
]