[
  {
    "Plan": {
      "Node Type": "Aggregate",
      "Strategy": "Plain",
      "Partial Mode": "Finalize",
      "Parallel Aware": false,
      "Startup Cost": 15645.59,
      "Total Cost": 15645.6,
      "Plan Rows": 1,
      "Plan Width": 8,
      "Actual Startup Time": 12.156,
      "Actual Total Time": 13.795,
      "Actual Rows": 1,
      "Actual Loops": 1,
      "Plans": [
        {
          "Node Type": "Gather",
          "Parent Relationship": "Outer",
          "Parallel Aware": false,
          "Startup Cost": 15645.48,
          "Total Cost": 15645.59,
          "Plan Rows": 1,
          "Plan Width": 8,
          "Actual Startup Time": 9.201,
          "Actual Total Time": 13.782,
          "Actual Rows": 2,
          "Actual Loops": 1,
          "Workers Planned": 1,
          "Workers Launched": 1,
          "Single Copy": false,
          "Plans": [
            {
              "Node Type": "Aggregate",
              "Strategy": "Plain",
              "Partial Mode": "Partial",
              "Parent Relationship": "Outer",
              "Parallel Aware": false,
              "Startup Cost": 14645.48,
              "Total Cost": 14645.49,
              "Plan Rows": 1,
              "Plan Width": 8,
              "Actual Startup Time": 4.342,
              "Actual Total Time": 4.346,
              "Actual Rows": 1,
              "Actual Loops": 2,
              "Plans": [
                {
                  "Node Type": "Nested Loop",
                  "Parent Relationship": "Outer",
                  "Parallel Aware": false,
                  "Join Type": "Inner",
                  "Startup Cost": 61.84,
                  "Total Cost": 14645.48,
                  "Plan Rows": 2,
                  "Plan Width": 0,
                  "Actual Startup Time": 2.199,
                  "Actual Total Time": 4.337,
                  "Actual Rows": 0,
                  "Actual Loops": 2,
                  "Inner Unique": true,
                  "Join Filter": "(mc.movie_id = t.id)",
                  "Rows Removed by Join Filter": 0,
                  "Plans": [
                    {
                      "Node Type": "Nested Loop",
                      "Parent Relationship": "Outer",
                      "Parallel Aware": false,
                      "Join Type": "Inner",
                      "Startup Cost": 61.41,
                      "Total Cost": 14562.95,
                      "Plan Rows": 12,
                      "Plan Width": 8,
                      "Actual Startup Time": 2.185,
                      "Actual Total Time": 4.322,
                      "Actual Rows": 0,
                      "Actual Loops": 2,
                      "Inner Unique": false,
                      "Plans": [
                        {
                          "Node Type": "Bitmap Heap Scan",
                          "Parent Relationship": "Outer",
                          "Parallel Aware": true,
                          "Relation Name": "movie_companies",
                          "Alias": "mc",
                          "Startup Cost": 60.98,
                          "Total Cost": 7386.77,
                          "Plan Rows": 781,
                          "Plan Width": 4,
                          "Actual Startup Time": 1.511,
                          "Actual Total Time": 2.369,
                          "Actual Rows": 264,
                          "Actual Loops": 2,
                          "Recheck Cond": "(company_id = 2042)",
                          "Rows Removed by Index Recheck": 0,
                          "Filter": "(company_type_id < 2)",
                          "Rows Removed by Filter": 874,
                          "Exact Heap Blocks": 245,
                          "Lossy Heap Blocks": 0,
                          "Plans": [
                            {
                              "Node Type": "Bitmap Index Scan",
                              "Parent Relationship": "Outer",
                              "Parallel Aware": false,
                              "Index Name": "company_id_movie_companies",
                              "Startup Cost": 0.0,
                              "Total Cost": 60.65,
                              "Plan Rows": 2696,
                              "Plan Width": 0,
                              "Actual Startup Time": 2.798,
                              "Actual Total Time": 2.799,
                              "Actual Rows": 2274,
                              "Actual Loops": 1,
                              "Index Cond": "(company_id = 2042)"
                            }
                          ]
                        },
                        {
                          "Node Type": "Index Scan",
                          "Parent Relationship": "Inner",
                          "Parallel Aware": false,
                          "Scan Direction": "Forward",
                          "Index Name": "movie_id_movie_keyword",
                          "Relation Name": "movie_keyword",
                          "Alias": "mk",
                          "Startup Cost": 0.43,
                          "Total Cost": 9.18,
                          "Plan Rows": 1,
                          "Plan Width": 4,
                          "Actual Startup Time": 0.007,
                          "Actual Total Time": 0.007,
                          "Actual Rows": 0,
                          "Actual Loops": 527,
                          "Index Cond": "(movie_id = mc.movie_id)",
                          "Rows Removed by Index Recheck": 0,
                          "Filter": "(keyword_id = 7078)",
                          "Rows Removed by Filter": 4
                        }
                      ]
                    },
                    {
                      "Node Type": "Index Only Scan",
                      "Parent Relationship": "Inner",
                      "Parallel Aware": false,
                      "Scan Direction": "Forward",
                      "Index Name": "title_pkey",
                      "Relation Name": "title",
                      "Alias": "t",
                      "Startup Cost": 0.43,
                      "Total Cost": 6.86,
                      "Plan Rows": 1,
                      "Plan Width": 4,
                      "Actual Startup Time": 0.021,
                      "Actual Total Time": 0.022,
                      "Actual Rows": 1,
                      "Actual Loops": 1,
                      "Index Cond": "(id = mk.movie_id)",
                      "Rows Removed by Index Recheck": 0,
                      "Heap Fetches": 1
                    }
                  ]
                }
              ]
            }
          ]
        }
      ]
    },
    "Planning Time": 1.513,
    "Triggers": [],
    "Execution Time": 13.9
  }
]