[
  {
    "Plan": {
      "Node Type": "Aggregate",
      "Strategy": "Plain",
      "Partial Mode": "Finalize",
      "Parallel Aware": false,
      "Startup Cost": 25211.92,
      "Total Cost": 25211.93,
      "Plan Rows": 1,
      "Plan Width": 8,
      "Actual Startup Time": 36.378,
      "Actual Total Time": 40.252,
      "Actual Rows": 1,
      "Actual Loops": 1,
      "Plans": [
        {
          "Node Type": "Gather",
          "Parent Relationship": "Outer",
          "Parallel Aware": false,
          "Startup Cost": 25211.6,
          "Total Cost": 25211.91,
          "Plan Rows": 3,
          "Plan Width": 8,
          "Actual Startup Time": 36.201,
          "Actual Total Time": 40.245,
          "Actual Rows": 4,
          "Actual Loops": 1,
          "Workers Planned": 3,
          "Workers Launched": 3,
          "Single Copy": false,
          "Plans": [
            {
              "Node Type": "Aggregate",
              "Strategy": "Plain",
              "Partial Mode": "Partial",
              "Parent Relationship": "Outer",
              "Parallel Aware": false,
              "Startup Cost": 24211.6,
              "Total Cost": 24211.61,
              "Plan Rows": 1,
              "Plan Width": 8,
              "Actual Startup Time": 29.283,
              "Actual Total Time": 29.284,
              "Actual Rows": 1,
              "Actual Loops": 4,
              "Plans": [
                {
                  "Node Type": "Bitmap Heap Scan",
                  "Parent Relationship": "Outer",
                  "Parallel Aware": true,
                  "Relation Name": "movie_companies",
                  "Alias": "mc",
                  "Startup Cost": 4432.55,
                  "Total Cost": 24046.76,
                  "Plan Rows": 65936,
                  "Plan Width": 0,
                  "Actual Startup Time": 4.241,
                  "Actual Total Time": 26.217,
                  "Actual Rows": 50198,
                  "Actual Loops": 4,
                  "Recheck Cond": "(company_id > 113188)",
                  "Rows Removed by Index Recheck": 0,
                  "Exact Heap Blocks": 2256,
                  "Lossy Heap Blocks": 0,
                  "Plans": [
                    {
                      "Node Type": "Bitmap Index Scan",
                      "Parent Relationship": "Outer",
                      "Parallel Aware": false,
                      "Index Name": "company_id_movie_companies",
                      "Startup Cost": 0.0,
                      "Total Cost": 4381.45,
                      "Plan Rows": 204403,
                      "Plan Width": 0,
                      "Actual Startup Time": 9.951,
                      "Actual Total Time": 9.951,
                      "Actual Rows": 200792,
                      "Actual Loops": 1,
                      "Index Cond": "(company_id > 113188)"
                    }
                  ]
                }
              ]
            }
          ]
        }
      ]
    },
    "Planning Time": 0.199,
    "Triggers": [],
    "Execution Time": 40.338
  }
]