[
  {
    "Plan": {
      "Node Type": "Aggregate",
      "Strategy": "Plain",
      "Partial Mode": "Finalize",
      "Parallel Aware": false,
      "Startup Cost": 159159.42,
      "Total Cost": 159159.43,
      "Plan Rows": 1,
      "Plan Width": 8,
      "Actual Startup Time": 465.777,
      "Actual Total Time": 516.965,
      "Actual Rows": 1,
      "Actual Loops": 1,
      "Plans": [
        {
          "Node Type": "Gather",
          "Parent Relationship": "Outer",
          "Parallel Aware": false,
          "Startup Cost": 159159.0,
          "Total Cost": 159159.41,
          "Plan Rows": 4,
          "Plan Width": 8,
          "Actual Startup Time": 464.59,
          "Actual Total Time": 516.957,
          "Actual Rows": 5,
          "Actual Loops": 1,
          "Workers Planned": 4,
          "Workers Launched": 4,
          "Single Copy": false,
          "Plans": [
            {
              "Node Type": "Aggregate",
              "Strategy": "Plain",
              "Partial Mode": "Partial",
              "Parent Relationship": "Outer",
              "Parallel Aware": false,
              "Startup Cost": 158159.0,
              "Total Cost": 158159.01,
              "Plan Rows": 1,
              "Plan Width": 8,
              "Actual Startup Time": 454.454,
              "Actual Total Time": 454.458,
              "Actual Rows": 1,
              "Actual Loops": 5,
              "Plans": [
                {
                  "Node Type": "Nested Loop",
                  "Parent Relationship": "Outer",
                  "Parallel Aware": false,
                  "Join Type": "Inner",
                  "Startup Cost": 30066.79,
                  "Total Cost": 158119.36,
                  "Plan Rows": 15856,
                  "Plan Width": 0,
                  "Actual Startup Time": 87.94,
                  "Actual Total Time": 453.144,
                  "Actual Rows": 12682,
                  "Actual Loops": 5,
                  "Inner Unique": false,
                  "Plans": [
                    {
                      "Node Type": "Hash Join",
                      "Parent Relationship": "Outer",
                      "Parallel Aware": true,
                      "Join Type": "Inner",
                      "Startup Cost": 30066.35,
                      "Total Cost": 75707.84,
                      "Plan Rows": 50342,
                      "Plan Width": 8,
                      "Actual Startup Time": 87.784,
                      "Actual Total Time": 218.004,
                      "Actual Rows": 18582,
                      "Actual Loops": 5,
                      "Inner Unique": false,
                      "Hash Cond": "(t.id = mc.movie_id)",
                      "Plans": [
                        {
                          "Node Type": "Seq Scan",
                          "Parent Relationship": "Outer",
                          "Parallel Aware": true,
                          "Relation Name": "title",
                          "Alias": "t",
                          "Startup Cost": 0.0,
                          "Total Cost": 42318.73,
                          "Plan Rows": 632073,
                          "Plan Width": 4,
                          "Actual Startup Time": 0.01,
                          "Actual Total Time": 59.742,
                          "Actual Rows": 505662,
                          "Actual Loops": 5
                        },
                        {
                          "Node Type": "Hash",
                          "Parent Relationship": "Inner",
                          "Parallel Aware": true,
                          "Startup Cost": 29254.38,
                          "Total Cost": 29254.38,
                          "Plan Rows": 64958,
                          "Plan Width": 4,
                          "Actual Startup Time": 85.851,
                          "Actual Total Time": 85.853,
                          "Actual Rows": 18582,
                          "Actual Loops": 5,
                          "Hash Buckets": 262144,
                          "Original Hash Buckets": 262144,
                          "Hash Batches": 1,
                          "Original Hash Batches": 1,
                          "Peak Memory Usage": 5760,
                          "Plans": [
                            {
                              "Node Type": "Bitmap Heap Scan",
                              "Parent Relationship": "Outer",
                              "Parallel Aware": true,
                              "Relation Name": "movie_companies",
                              "Alias": "mc",
                              "Startup Cost": 8545.32,
                              "Total Cost": 29254.38,
                              "Plan Rows": 64958,
                              "Plan Width": 4,
                              "Actual Startup Time": 67.476,
                              "Actual Total Time": 80.12,
                              "Actual Rows": 18582,
                              "Actual Loops": 5,
                              "Recheck Cond": "(company_id < 240)",
                              "Rows Removed by Index Recheck": 0,
                              "Filter": "(company_type_id = 2)",
                              "Rows Removed by Filter": 60026,
                              "Exact Heap Blocks": 8515,
                              "Lossy Heap Blocks": 0,
                              "Plans": [
                                {
                                  "Node Type": "Bitmap Index Scan",
                                  "Parent Relationship": "Outer",
                                  "Parallel Aware": false,
                                  "Index Name": "company_id_movie_companies",
                                  "Startup Cost": 0.0,
                                  "Total Cost": 8494.98,
                                  "Plan Rows": 396606,
                                  "Plan Width": 0,
                                  "Actual Startup Time": 31.193,
                                  "Actual Total Time": 31.193,
                                  "Actual Rows": 393040,
                                  "Actual Loops": 1,
                                  "Index Cond": "(company_id < 240)"
                                }
                              ]
                            }
                          ]
                        }
                      ]
                    },
                    {
                      "Node Type": "Index Scan",
                      "Parent Relationship": "Inner",
                      "Parallel Aware": false,
                      "Scan Direction": "Forward",
                      "Index Name": "movie_id_movie_info",
                      "Relation Name": "movie_info",
                      "Alias": "mi",
                      "Startup Cost": 0.43,
                      "Total Cost": 1.62,
                      "Plan Rows": 2,
                      "Plan Width": 4,
                      "Actual Startup Time": 0.007,
                      "Actual Total Time": 0.012,
                      "Actual Rows": 1,
                      "Actual Loops": 92911,
                      "Index Cond": "(movie_id = t.id)",
                      "Rows Removed by Index Recheck": 0,
                      "Filter": "(info_type_id < 2)",
                      "Rows Removed by Filter": 10
                    }
                  ]
                }
              ]
            }
          ]
        }
      ]
    },
    "Planning Time": 1.557,
    "Triggers": [],
    "Execution Time": 517.204
  }
]