[
  {
    "Plan": {
      "Node Type": "Aggregate",
      "Strategy": "Plain",
      "Partial Mode": "Finalize",
      "Parallel Aware": false,
      "Startup Cost": 333521.95,
      "Total Cost": 333521.96,
      "Plan Rows": 1,
      "Plan Width": 8,
      "Actual Startup Time": 590.556,
      "Actual Total Time": 651.855,
      "Actual Rows": 1,
      "Actual Loops": 1,
      "Plans": [
        {
          "Node Type": "Gather",
          "Parent Relationship": "Outer",
          "Parallel Aware": false,
          "Startup Cost": 333521.32,
          "Total Cost": 333521.93,
          "Plan Rows": 6,
          "Plan Width": 8,
          "Actual Startup Time": 590.319,
          "Actual Total Time": 651.844,
          "Actual Rows": 7,
          "Actual Loops": 1,
          "Workers Planned": 6,
          "Workers Launched": 6,
          "Single Copy": false,
          "Plans": [
            {
              "Node Type": "Aggregate",
              "Strategy": "Plain",
              "Partial Mode": "Partial",
              "Parent Relationship": "Outer",
              "Parallel Aware": false,
              "Startup Cost": 332521.32,
              "Total Cost": 332521.33,
              "Plan Rows": 1,
              "Plan Width": 8,
              "Actual Startup Time": 581.124,
              "Actual Total Time": 581.125,
              "Actual Rows": 1,
              "Actual Loops": 7,
              "Plans": [
                {
                  "Node Type": "Seq Scan",
                  "Parent Relationship": "Outer",
                  "Parallel Aware": true,
                  "Relation Name": "cast_info",
                  "Alias": "ci",
                  "Startup Cost": 0.0,
                  "Total Cost": 328162.03,
                  "Plan Rows": 1743719,
                  "Plan Width": 0,
                  "Actual Startup Time": 0.065,
                  "Actual Total Time": 518.09,
                  "Actual Rows": 1500418,
                  "Actual Loops": 7,
                  "Filter": "(person_id < 1031732)",
                  "Rows Removed by Filter": 3677345
                }
              ]
            }
          ]
        }
      ]
    },
    "Planning Time": 0.203,
    "Triggers": [],
    "Execution Time": 651.93
  }
]