[
  {
    "Plan": {
      "Node Type": "Aggregate",
      "Strategy": "Plain",
      "Partial Mode": "Simple",
      "Parallel Aware": false,
      "Startup Cost": 6173.37,
      "Total Cost": 6173.38,
      "Plan Rows": 1,
      "Plan Width": 8,
      "Actual Startup Time": 1.009,
      "Actual Total Time": 1.01,
      "Actual Rows": 1,
      "Actual Loops": 1,
      "Plans": [
        {
          "Node Type": "Nested Loop",
          "Parent Relationship": "Outer",
          "Parallel Aware": false,
          "Join Type": "Inner",
          "Startup Cost": 1.43,
          "Total Cost": 6167.81,
          "Plan Rows": 2224,
          "Plan Width": 0,
          "Actual Startup Time": 0.035,
          "Actual Total Time": 0.998,
          "Actual Rows": 191,
          "Actual Loops": 1,
          "Inner Unique": false,
          "Plans": [
            {
              "Node Type": "Nested Loop",
              "Parent Relationship": "Outer",
              "Parallel Aware": false,
              "Join Type": "Inner",
              "Startup Cost": 0.99,
              "Total Cost": 5231.87,
              "Plan Rows": 504,
              "Plan Width": 8,
              "Actual Startup Time": 0.025,
              "Actual Total Time": 0.311,
              "Actual Rows": 61,
              "Actual Loops": 1,
              "Inner Unique": true,
              "Plans": [
                {
                  "Node Type": "Index Scan",
                  "Parent Relationship": "Outer",
                  "Parallel Aware": false,
                  "Scan Direction": "Forward",
                  "Index Name": "person_id_cast_info",
                  "Relation Name": "cast_info",
                  "Alias": "ci",
                  "Startup Cost": 0.56,
                  "Total Cost": 1038.33,
                  "Plan Rows": 504,
                  "Plan Width": 4,
                  "Actual Startup Time": 0.015,
                  "Actual Total Time": 0.028,
                  "Actual Rows": 61,
                  "Actual Loops": 1,
                  "Index Cond": "(person_id = 2680659)",
                  "Rows Removed by Index Recheck": 0
                },
                {
                  "Node Type": "Index Only Scan",
                  "Parent Relationship": "Inner",
                  "Parallel Aware": false,
                  "Scan Direction": "Forward",
                  "Index Name": "title_pkey",
                  "Relation Name": "title",
                  "Alias": "t",
                  "Startup Cost": 0.43,
                  "Total Cost": 8.32,
                  "Plan Rows": 1,
                  "Plan Width": 4,
                  "Actual Startup Time": 0.004,
                  "Actual Total Time": 0.004,
                  "Actual Rows": 1,
                  "Actual Loops": 61,
                  "Index Cond": "(id = ci.movie_id)",
                  "Rows Removed by Index Recheck": 0,
                  "Heap Fetches": 61
                }
              ]
            },
            {
              "Node Type": "Index Scan",
              "Parent Relationship": "Inner",
              "Parallel Aware": false,
              "Scan Direction": "Forward",
              "Index Name": "movie_id_movie_info",
              "Relation Name": "movie_info",
              "Alias": "mi",
              "Startup Cost": 0.43,
              "Total Cost": 1.56,
              "Plan Rows": 30,
              "Plan Width": 4,
              "Actual Startup Time": 0.005,
              "Actual Total Time": 0.011,
              "Actual Rows": 3,
              "Actual Loops": 61,
              "Index Cond": "(movie_id = t.id)",
              "Rows Removed by Index Recheck": 0,
              "Filter": "(info_type_id > 3)",
              "Rows Removed by Filter": 2
            }
          ]
        }
      ]
    },
    "Planning Time": 0.46,
    "Triggers": [],
    "Execution Time": 1.035
  }
]