[
  {
    "Plan": {
      "Node Type": "Aggregate",
      "Strategy": "Plain",
      "Partial Mode": "Finalize",
      "Parallel Aware": false,
      "Startup Cost": 274574.72,
      "Total Cost": 274574.73,
      "Plan Rows": 1,
      "Plan Width": 8,
      "Actual Startup Time": 55.385,
      "Actual Total Time": 58.975,
      "Actual Rows": 1,
      "Actual Loops": 1,
      "Plans": [
        {
          "Node Type": "Gather",
          "Parent Relationship": "Outer",
          "Parallel Aware": false,
          "Startup Cost": 274574.19,
          "Total Cost": 274574.7,
          "Plan Rows": 5,
          "Plan Width": 8,
          "Actual Startup Time": 55.218,
          "Actual Total Time": 58.969,
          "Actual Rows": 6,
          "Actual Loops": 1,
          "Workers Planned": 5,
          "Workers Launched": 5,
          "Single Copy": false,
          "Plans": [
            {
              "Node Type": "Aggregate",
              "Strategy": "Plain",
              "Partial Mode": "Partial",
              "Parent Relationship": "Outer",
              "Parallel Aware": false,
              "Startup Cost": 273574.19,
              "Total Cost": 273574.2,
              "Plan Rows": 1,
              "Plan Width": 8,
              "Actual Startup Time": 47.561,
              "Actual Total Time": 47.562,
              "Actual Rows": 1,
              "Actual Loops": 6,
              "Plans": [
                {
                  "Node Type": "Bitmap Heap Scan",
                  "Parent Relationship": "Outer",
                  "Parallel Aware": true,
                  "Relation Name": "cast_info",
                  "Alias": "ci",
                  "Startup Cost": 8795.33,
                  "Total Cost": 273375.05,
                  "Plan Rows": 79658,
                  "Plan Width": 0,
                  "Actual Startup Time": 17.795,
                  "Actual Total Time": 41.644,
                  "Actual Rows": 70087,
                  "Actual Loops": 6,
                  "Recheck Cond": "(person_id < 47653)",
                  "Rows Removed by Index Recheck": 0,
                  "Exact Heap Blocks": 2186,
                  "Lossy Heap Blocks": 0,
                  "Plans": [
                    {
                      "Node Type": "Bitmap Index Scan",
                      "Parent Relationship": "Outer",
                      "Parallel Aware": false,
                      "Index Name": "person_id_cast_info",
                      "Startup Cost": 0.0,
                      "Total Cost": 8695.76,
                      "Plan Rows": 398292,
                      "Plan Width": 0,
                      "Actual Startup Time": 23.997,
                      "Actual Total Time": 23.997,
                      "Actual Rows": 420524,
                      "Actual Loops": 1,
                      "Index Cond": "(person_id < 47653)"
                    }
                  ]
                }
              ]
            }
          ]
        }
      ]
    },
    "Planning Time": 0.201,
    "Triggers": [],
    "Execution Time": 59.05
  }
]