[
  {
    "Plan": {
      "Node Type": "Aggregate",
      "Strategy": "Plain",
      "Partial Mode": "Finalize",
      "Parallel Aware": false,
      "Startup Cost": 44832.82,
      "Total Cost": 44832.83,
      "Plan Rows": 1,
      "Plan Width": 8,
      "Actual Startup Time": 139.921,
      "Actual Total Time": 150.816,
      "Actual Rows": 1,
      "Actual Loops": 1,
      "Plans": [
        {
          "Node Type": "Gather",
          "Parent Relationship": "Outer",
          "Parallel Aware": false,
          "Startup Cost": 44832.5,
          "Total Cost": 44832.81,
          "Plan Rows": 3,
          "Plan Width": 8,
          "Actual Startup Time": 139.796,
          "Actual Total Time": 150.808,
          "Actual Rows": 4,
          "Actual Loops": 1,
          "Workers Planned": 3,
          "Workers Launched": 3,
          "Single Copy": false,
          "Plans": [
            {
              "Node Type": "Aggregate",
              "Strategy": "Plain",
              "Partial Mode": "Partial",
              "Parent Relationship": "Outer",
              "Parallel Aware": false,
              "Startup Cost": 43832.5,
              "Total Cost": 43832.51,
              "Plan Rows": 1,
              "Plan Width": 8,
              "Actual Startup Time": 132.454,
              "Actual Total Time": 132.455,
              "Actual Rows": 1,
              "Actual Loops": 4,
              "Plans": [
                {
                  "Node Type": "Seq Scan",
                  "Parent Relationship": "Outer",
                  "Parallel Aware": true,
                  "Relation Name": "movie_keyword",
                  "Alias": "mk",
                  "Startup Cost": 0.0,
                  "Total Cost": 42695.65,
                  "Plan Rows": 454738,
                  "Plan Width": 0,
                  "Actual Startup Time": 0.547,
                  "Actual Total Time": 114.063,
                  "Actual Rows": 351548,
                  "Actual Loops": 4,
                  "Filter": "(keyword_id > 11902)",
                  "Rows Removed by Filter": 779435
                }
              ]
            }
          ]
        }
      ]
    },
    "Planning Time": 0.053,
    "Triggers": [],
    "Execution Time": 150.84
  }
]