[
  {
    "Plan": {
      "Node Type": "Aggregate",
      "Strategy": "Plain",
      "Partial Mode": "Finalize",
      "Parallel Aware": false,
      "Startup Cost": 44826.45,
      "Total Cost": 44826.46,
      "Plan Rows": 1,
      "Plan Width": 8,
      "Actual Startup Time": 130.699,
      "Actual Total Time": 138.2,
      "Actual Rows": 1,
      "Actual Loops": 1,
      "Plans": [
        {
          "Node Type": "Gather",
          "Parent Relationship": "Outer",
          "Parallel Aware": false,
          "Startup Cost": 44826.13,
          "Total Cost": 44826.44,
          "Plan Rows": 3,
          "Plan Width": 8,
          "Actual Startup Time": 130.598,
          "Actual Total Time": 138.193,
          "Actual Rows": 4,
          "Actual Loops": 1,
          "Workers Planned": 3,
          "Workers Launched": 3,
          "Single Copy": false,
          "Plans": [
            {
              "Node Type": "Aggregate",
              "Strategy": "Plain",
              "Partial Mode": "Partial",
              "Parent Relationship": "Outer",
              "Parallel Aware": false,
              "Startup Cost": 43826.13,
              "Total Cost": 43826.14,
              "Plan Rows": 1,
              "Plan Width": 8,
              "Actual Startup Time": 122.514,
              "Actual Total Time": 122.515,
              "Actual Rows": 1,
              "Actual Loops": 4,
              "Plans": [
                {
                  "Node Type": "Seq Scan",
                  "Parent Relationship": "Outer",
                  "Parallel Aware": true,
                  "Relation Name": "movie_keyword",
                  "Alias": "mk",
                  "Startup Cost": 0.0,
                  "Total Cost": 42695.65,
                  "Plan Rows": 452191,
                  "Plan Width": 0,
                  "Actual Startup Time": 1.957,
                  "Actual Total Time": 104.041,
                  "Actual Rows": 351548,
                  "Actual Loops": 4,
                  "Filter": "(keyword_id > 11902)",
                  "Rows Removed by Filter": 779435
                }
              ]
            }
          ]
        }
      ]
    },
    "Planning Time": 0.178,
    "Triggers": [],
    "Execution Time": 138.254
  }
]