[
  {
    "Plan": {
      "Node Type": "Aggregate",
      "Strategy": "Plain",
      "Partial Mode": "Finalize",
      "Parallel Aware": false,
      "Startup Cost": 78649.58,
      "Total Cost": 78649.59,
      "Plan Rows": 1,
      "Plan Width": 8,
      "Actual Startup Time": 238.415,
      "Actual Total Time": 256.695,
      "Actual Rows": 1,
      "Actual Loops": 1,
      "Plans": [
        {
          "Node Type": "Gather",
          "Parent Relationship": "Outer",
          "Parallel Aware": false,
          "Startup Cost": 78649.16,
          "Total Cost": 78649.57,
          "Plan Rows": 4,
          "Plan Width": 8,
          "Actual Startup Time": 236.579,
          "Actual Total Time": 256.684,
          "Actual Rows": 5,
          "Actual Loops": 1,
          "Workers Planned": 4,
          "Workers Launched": 4,
          "Single Copy": false,
          "Plans": [
            {
              "Node Type": "Aggregate",
              "Strategy": "Plain",
              "Partial Mode": "Partial",
              "Parent Relationship": "Outer",
              "Parallel Aware": false,
              "Startup Cost": 77649.16,
              "Total Cost": 77649.17,
              "Plan Rows": 1,
              "Plan Width": 8,
              "Actual Startup Time": 227.388,
              "Actual Total Time": 227.446,
              "Actual Rows": 1,
              "Actual Loops": 5,
              "Plans": [
                {
                  "Node Type": "Hash Join",
                  "Parent Relationship": "Outer",
                  "Parallel Aware": true,
                  "Join Type": "Inner",
                  "Startup Cost": 32411.53,
                  "Total Cost": 77590.31,
                  "Plan Rows": 23541,
                  "Plan Width": 0,
                  "Actual Startup Time": 101.575,
                  "Actual Total Time": 225.454,
                  "Actual Rows": 39303,
                  "Actual Loops": 5,
                  "Inner Unique": false,
                  "Hash Cond": "(t.id = mc.movie_id)",
                  "Plans": [
                    {
                      "Node Type": "Seq Scan",
                      "Parent Relationship": "Outer",
                      "Parallel Aware": true,
                      "Relation Name": "title",
                      "Alias": "t",
                      "Startup Cost": 0.0,
                      "Total Cost": 43898.92,
                      "Plan Rows": 240785,
                      "Plan Width": 4,
                      "Actual Startup Time": 0.014,
                      "Actual Total Time": 74.258,
                      "Actual Rows": 194238,
                      "Actual Loops": 5,
                      "Filter": "(production_year < 1999)",
                      "Rows Removed by Filter": 311425
                    },
                    {
                      "Node Type": "Hash",
                      "Parent Relationship": "Inner",
                      "Parallel Aware": true,
                      "Startup Cost": 31414.82,
                      "Total Cost": 31414.82,
                      "Plan Rows": 79737,
                      "Plan Width": 4,
                      "Actual Startup Time": 99.368,
                      "Actual Total Time": 99.369,
                      "Actual Rows": 72874,
                      "Actual Loops": 5,
                      "Hash Buckets": 524288,
                      "Original Hash Buckets": 262144,
                      "Hash Batches": 1,
                      "Original Hash Batches": 1,
                      "Peak Memory Usage": 20512,
                      "Plans": [
                        {
                          "Node Type": "Seq Scan",
                          "Parent Relationship": "Outer",
                          "Parallel Aware": true,
                          "Relation Name": "movie_companies",
                          "Alias": "mc",
                          "Startup Cost": 0.0,
                          "Total Cost": 31414.82,
                          "Plan Rows": 79737,
                          "Plan Width": 4,
                          "Actual Startup Time": 0.053,
                          "Actual Total Time": 63.395,
                          "Actual Rows": 72874,
                          "Actual Loops": 5,
                          "Filter": "((company_id < 450) AND (company_type_id < 2))",
                          "Rows Removed by Filter": 448952
                        }
                      ]
                    }
                  ]
                }
              ]
            }
          ]
        }
      ]
    },
    "Planning Time": 0.643,
    "Triggers": [],
    "Execution Time": 256.765
  }
]