{
  "Plan": {
    "Node Type": "Aggregate",
    "Strategy": "Plain",
    "Partial Mode": "Finalize",
    "Parallel Aware": false,
    "Startup Cost": 133511.76,
    "Total Cost": 133511.77,
    "Plan Rows": 1,
    "Plan Width": 8,
    "Actual Startup Time": 716.561,
    "Actual Total Time": 730.781,
    "Actual Rows": 1,
    "Actual Loops": 1,
    "Plans": [
      {
        "Node Type": "Gather",
        "Parent Relationship": "Outer",
        "Parallel Aware": false,
        "Startup Cost": 133511.65,
        "Total Cost": 133511.76,
        "Plan Rows": 1,
        "Plan Width": 8,
        "Actual Startup Time": 713.39,
        "Actual Total Time": 730.775,
        "Actual Rows": 2,
        "Actual Loops": 1,
        "Workers Planned": 1,
        "Workers Launched": 1,
        "Single Copy": false,
        "Plans": [
          {
            "Node Type": "Aggregate",
            "Strategy": "Plain",
            "Partial Mode": "Partial",
            "Parent Relationship": "Outer",
            "Parallel Aware": false,
            "Startup Cost": 132511.65,
            "Total Cost": 132511.66,
            "Plan Rows": 1,
            "Plan Width": 8,
            "Actual Startup Time": 707.058,
            "Actual Total Time": 707.065,
            "Actual Rows": 1,
            "Actual Loops": 2,
            "Plans": [
              {
                "Node Type": "Hash Join",
                "Parent Relationship": "Outer",
                "Parallel Aware": true,
                "Join Type": "Inner",
                "Startup Cost": 98388.61,
                "Total Cost": 132347.55,
                "Plan Rows": 65641,
                "Plan Width": 0,
                "Actual Startup Time": 503.538,
                "Actual Total Time": 680.285,
                "Actual Rows": 698061,
                "Actual Loops": 2,
                "Inner Unique": false,
                "Hash Cond": "(mk.movie_id = t.id)",
                "Plans": [
                  {
                    "Node Type": "Bitmap Heap Scan",
                    "Parent Relationship": "Outer",
                    "Parallel Aware": true,
                    "Relation Name": "movie_keyword",
                    "Alias": "mk",
                    "Startup Cost": 20237.69,
                    "Total Cost": 51706.17,
                    "Plan Rows": 561158,
                    "Plan Width": 4,
                    "Actual Startup Time": 56.826,
                    "Actual Total Time": 160.292,
                    "Actual Rows": 477556,
                    "Actual Loops": 2,
                    "Recheck Cond": "(keyword_id < 895)",
                    "Rows Removed by Index Recheck": 0,
                    "Exact Heap Blocks": 11700,
                    "Lossy Heap Blocks": 0,
                    "Plans": [
                      {
                        "Node Type": "Bitmap Index Scan",
                        "Parent Relationship": "Outer",
                        "Parallel Aware": false,
                        "Index Name": "keyword_id_movie_keyword",
                        "Startup Cost": 0.0,
                        "Total Cost": 19999.2,
                        "Plan Rows": 953969,
                        "Plan Width": 0,
                        "Actual Startup Time": 53.212,
                        "Actual Total Time": 53.213,
                        "Actual Rows": 955113,
                        "Actual Loops": 1,
                        "Index Cond": "(keyword_id < 895)"
                      }
                    ]
                  },
                  {
                    "Node Type": "Hash",
                    "Parent Relationship": "Inner",
                    "Parallel Aware": true,
                    "Startup Cost": 75976.31,
                    "Total Cost": 75976.31,
                    "Plan Rows": 173968,
                    "Plan Width": 8,
                    "Actual Startup Time": 399.52,
                    "Actual Total Time": 399.524,
                    "Actual Rows": 288654,
                    "Actual Loops": 2,
                    "Hash Buckets": 1048576,
                    "Original Hash Buckets": 524288,
                    "Hash Batches": 1,
                    "Original Hash Batches": 1,
                    "Peak Memory Usage": 34912,
                    "Plans": [
                      {
                        "Node Type": "Hash Join",
                        "Parent Relationship": "Outer",
                        "Parallel Aware": true,
                        "Join Type": "Inner",
                        "Startup Cost": 57792.53,
                        "Total Cost": 75976.31,
                        "Plan Rows": 173968,
                        "Plan Width": 8,
                        "Actual Startup Time": 226.365,
                        "Actual Total Time": 337.679,
                        "Actual Rows": 288654,
                        "Actual Loops": 2,
                        "Inner Unique": true,
                        "Hash Cond": "(mi_idx.movie_id = t.id)",
                        "Plans": [
                          {
                            "Node Type": "Seq Scan",
                            "Parent Relationship": "Outer",
                            "Parallel Aware": true,
                            "Relation Name": "movie_info_idx",
                            "Alias": "mi_idx",
                            "Startup Cost": 0.0,
                            "Total Cost": 16052.85,
                            "Plan Rows": 811785,
                            "Plan Width": 4,
                            "Actual Startup Time": 0.019,
                            "Actual Total Time": 52.282,
                            "Actual Rows": 690018,
                            "Actual Loops": 2
                          },
                          {
                            "Node Type": "Hash",
                            "Parent Relationship": "Inner",
                            "Parallel Aware": true,
                            "Startup Cost": 53808.56,
                            "Total Cost": 53808.56,
                            "Plan Rows": 318717,
                            "Plan Width": 4,
                            "Actual Startup Time": 169.633,
                            "Actual Total Time": 169.635,
                            "Actual Rows": 278660,
                            "Actual Loops": 2,
                            "Hash Buckets": 1048576,
                            "Original Hash Buckets": 1048576,
                            "Hash Batches": 1,
                            "Original Hash Batches": 1,
                            "Peak Memory Usage": 30016,
                            "Plans": [
                              {
                                "Node Type": "Bitmap Heap Scan",
                                "Parent Relationship": "Outer",
                                "Parallel Aware": true,
                                "Relation Name": "title",
                                "Alias": "t",
                                "Startup Cost": 11958.3,
                                "Total Cost": 53808.56,
                                "Plan Rows": 318717,
                                "Plan Width": 4,
                                "Actual Startup Time": 29.719,
                                "Actual Total Time": 98.255,
                                "Actual Rows": 278660,
                                "Actual Loops": 2,
                                "Recheck Cond": "(kind_id = 1)",
                                "Rows Removed by Index Recheck": 0,
                                "Filter": "(production_year < 2011)",
                                "Rows Removed by Filter": 52753,
                                "Exact Heap Blocks": 7825,
                                "Lossy Heap Blocks": 0,
                                "Plans": [
                                  {
                                    "Node Type": "Bitmap Index Scan",
                                    "Parent Relationship": "Outer",
                                    "Parallel Aware": false,
                                    "Index Name": "kind_id_title",
                                    "Startup Cost": 0.0,
                                    "Total Cost": 11822.85,
                                    "Plan Rows": 663256,
                                    "Plan Width": 0,
                                    "Actual Startup Time": 27.848,
                                    "Actual Total Time": 27.848,
                                    "Actual Rows": 662825,
                                    "Actual Loops": 1,
                                    "Index Cond": "(kind_id = 1)"
                                  }
                                ]
                              }
                            ]
                          }
                        ]
                      }
                    ]
                  }
                ]
              }
            ]
          }
        ]
      }
    ]
  },
  "Planning Time": 1.038,
  "Triggers": [],
  "Execution Time": 730.892
}