[
    {
        "Bao": {
            "Bao prediction": "NaN",
            "Bao recommended hint": "(no hint)"
        }
    },
    {
        "Plan": {
            "Node Type": "Aggregate",
            "Strategy": "Plain",
            "Partial Mode": "Finalize",
            "Parallel Aware": false,
            "Startup Cost": 346034.66,
            "Total Cost": 346034.67,
            "Plan Rows": 1,
            "Plan Width": 8,
            "Actual Startup Time": 632.475,
            "Actual Total Time": 660.944,
            "Actual Rows": 1,
            "Actual Loops": 1,
            "Output": [
                "count(*)"
            ],
            "Plans": [
                {
                    "Node Type": "Gather",
                    "Parent Relationship": "Outer",
                    "Parallel Aware": false,
                    "Startup Cost": 346034.03,
                    "Total Cost": 346034.64,
                    "Plan Rows": 6,
                    "Plan Width": 8,
                    "Actual Startup Time": 632.367,
                    "Actual Total Time": 660.936,
                    "Actual Rows": 7,
                    "Actual Loops": 1,
                    "Output": [
                        "(PARTIAL count(*))"
                    ],
                    "Workers Planned": 6,
                    "Workers Launched": 6,
                    "Single Copy": false,
                    "Plans": [
                        {
                            "Node Type": "Aggregate",
                            "Strategy": "Plain",
                            "Partial Mode": "Partial",
                            "Parent Relationship": "Outer",
                            "Parallel Aware": false,
                            "Startup Cost": 345034.03,
                            "Total Cost": 345034.04,
                            "Plan Rows": 1,
                            "Plan Width": 8,
                            "Actual Startup Time": 622.516,
                            "Actual Total Time": 622.517,
                            "Actual Rows": 1,
                            "Actual Loops": 7,
                            "Output": [
                                "PARTIAL count(*)"
                            ],
                            "Workers": [
                                {
                                    "Worker Number": 0,
                                    "Actual Startup Time": 620.254,
                                    "Actual Total Time": 620.255,
                                    "Actual Rows": 1,
                                    "Actual Loops": 1
                                },
                                {
                                    "Worker Number": 1,
                                    "Actual Startup Time": 620.458,
                                    "Actual Total Time": 620.459,
                                    "Actual Rows": 1,
                                    "Actual Loops": 1
                                },
                                {
                                    "Worker Number": 2,
                                    "Actual Startup Time": 620.305,
                                    "Actual Total Time": 620.306,
                                    "Actual Rows": 1,
                                    "Actual Loops": 1
                                },
                                {
                                    "Worker Number": 3,
                                    "Actual Startup Time": 621.465,
                                    "Actual Total Time": 621.466,
                                    "Actual Rows": 1,
                                    "Actual Loops": 1
                                },
                                {
                                    "Worker Number": 4,
                                    "Actual Startup Time": 621.565,
                                    "Actual Total Time": 621.567,
                                    "Actual Rows": 1,
                                    "Actual Loops": 1
                                },
                                {
                                    "Worker Number": 5,
                                    "Actual Startup Time": 621.568,
                                    "Actual Total Time": 621.569,
                                    "Actual Rows": 1,
                                    "Actual Loops": 1
                                }
                            ],
                            "Plans": [
                                {
                                    "Node Type": "Seq Scan",
                                    "Parent Relationship": "Outer",
                                    "Parallel Aware": true,
                                    "Relation Name": "cast_info",
                                    "Schema": "public",
                                    "Alias": "ci",
                                    "Startup Cost": 0.0,
                                    "Total Cost": 343318.94,
                                    "Plan Rows": 686037,
                                    "Plan Width": 0,
                                    "Actual Startup Time": 334.895,
                                    "Actual Total Time": 603.681,
                                    "Actual Rows": 376075,
                                    "Actual Loops": 7,
                                    "Output": [
                                        "id",
                                        "person_id",
                                        "movie_id",
                                        "person_role_id",
                                        "note",
                                        "nr_order",
                                        "role_id"
                                    ],
                                    "Filter": "((ci.person_id < 922477) AND (ci.role_id > 2))",
                                    "Rows Removed by Filter": 4801688,
                                    "Workers": [
                                        {
                                            "Worker Number": 0,
                                            "Actual Startup Time": 332.635,
                                            "Actual Total Time": 601.088,
                                            "Actual Rows": 280061,
                                            "Actual Loops": 1
                                        },
                                        {
                                            "Worker Number": 1,
                                            "Actual Startup Time": 332.845,
                                            "Actual Total Time": 601.861,
                                            "Actual Rows": 271609,
                                            "Actual Loops": 1
                                        },
                                        {
                                            "Worker Number": 2,
                                            "Actual Startup Time": 332.681,
                                            "Actual Total Time": 602.006,
                                            "Actual Rows": 253341,
                                            "Actual Loops": 1
                                        },
                                        {
                                            "Worker Number": 3,
                                            "Actual Startup Time": 333.832,
                                            "Actual Total Time": 603.348,
                                            "Actual Rows": 429801,
                                            "Actual Loops": 1
                                        },
                                        {
                                            "Worker Number": 4,
                                            "Actual Startup Time": 333.942,
                                            "Actual Total Time": 603.481,
                                            "Actual Rows": 429539,
                                            "Actual Loops": 1
                                        },
                                        {
                                            "Worker Number": 5,
                                            "Actual Startup Time": 333.953,
                                            "Actual Total Time": 603.59,
                                            "Actual Rows": 426584,
                                            "Actual Loops": 1
                                        }
                                    ]
                                }
                            ]
                        }
                    ]
                }
            ]
        },
        "Planning Time": 182.571,
        "Triggers": [],
        "Execution Time": 660.996
    }
]