{
  "Plan": {
    "Node Type": "Aggregate",
    "Strategy": "Plain",
    "Partial Mode": "Finalize",
    "Parallel Aware": false,
    "Startup Cost": 25504.28,
    "Total Cost": 25504.29,
    "Plan Rows": 1,
    "Plan Width": 8,
    "Actual Startup Time": 15.453,
    "Actual Total Time": 17.881,
    "Actual Rows": 1,
    "Actual Loops": 1,
    "Plans": [
      {
        "Node Type": "Gather",
        "Parent Relationship": "Outer",
        "Parallel Aware": false,
        "Startup Cost": 25504.17,
        "Total Cost": 25504.28,
        "Plan Rows": 1,
        "Plan Width": 8,
        "Actual Startup Time": 15.251,
        "Actual Total Time": 17.877,
        "Actual Rows": 2,
        "Actual Loops": 1,
        "Workers Planned": 1,
        "Workers Launched": 1,
        "Single Copy": false,
        "Plans": [
          {
            "Node Type": "Aggregate",
            "Strategy": "Plain",
            "Partial Mode": "Partial",
            "Parent Relationship": "Outer",
            "Parallel Aware": false,
            "Startup Cost": 24504.17,
            "Total Cost": 24504.18,
            "Plan Rows": 1,
            "Plan Width": 8,
            "Actual Startup Time": 10.654,
            "Actual Total Time": 10.656,
            "Actual Rows": 1,
            "Actual Loops": 2,
            "Plans": [
              {
                "Node Type": "Nested Loop",
                "Parent Relationship": "Outer",
                "Parallel Aware": false,
                "Join Type": "Inner",
                "Startup Cost": 79.82,
                "Total Cost": 24504.12,
                "Plan Rows": 20,
                "Plan Width": 0,
                "Actual Startup Time": 3.631,
                "Actual Total Time": 10.649,
                "Actual Rows": 8,
                "Actual Loops": 2,
                "Inner Unique": true,
                "Plans": [
                  {
                    "Node Type": "Bitmap Heap Scan",
                    "Parent Relationship": "Outer",
                    "Parallel Aware": true,
                    "Relation Name": "movie_companies",
                    "Alias": "mc",
                    "Startup Cost": 79.39,
                    "Total Cost": 8911.08,
                    "Plan Rows": 2046,
                    "Plan Width": 4,
                    "Actual Startup Time": 0.444,
                    "Actual Total Time": 1.345,
                    "Actual Rows": 1998,
                    "Actual Loops": 2,
                    "Recheck Cond": "(company_id = 150)",
                    "Rows Removed by Index Recheck": 0,
                    "Exact Heap Blocks": 323,
                    "Lossy Heap Blocks": 0,
                    "Plans": [
                      {
                        "Node Type": "Bitmap Index Scan",
                        "Parent Relationship": "Outer",
                        "Parallel Aware": false,
                        "Index Name": "company_id_movie_companies",
                        "Startup Cost": 0.0,
                        "Total Cost": 78.52,
                        "Plan Rows": 3479,
                        "Plan Width": 0,
                        "Actual Startup Time": 0.653,
                        "Actual Total Time": 0.653,
                        "Actual Rows": 3996,
                        "Actual Loops": 1,
                        "Index Cond": "(company_id = 150)"
                      }
                    ]
                  },
                  {
                    "Node Type": "Index Scan",
                    "Parent Relationship": "Inner",
                    "Parallel Aware": false,
                    "Scan Direction": "Forward",
                    "Index Name": "title_pkey",
                    "Relation Name": "title",
                    "Alias": "t",
                    "Startup Cost": 0.43,
                    "Total Cost": 7.62,
                    "Plan Rows": 1,
                    "Plan Width": 4,
                    "Actual Startup Time": 0.004,
                    "Actual Total Time": 0.004,
                    "Actual Rows": 0,
                    "Actual Loops": 3996,
                    "Index Cond": "(id = mc.movie_id)",
                    "Rows Removed by Index Recheck": 0,
                    "Filter": "((kind_id < 7) AND (production_year = 2002))",
                    "Rows Removed by Filter": 1
                  }
                ]
              }
            ]
          }
        ]
      }
    ]
  },
  "Planning Time": 0.209,
  "Triggers": [],
  "Execution Time": 17.922
}