[
  {
    "Plan": {
      "Node Type": "Aggregate",
      "Strategy": "Plain",
      "Partial Mode": "Finalize",
      "Parallel Aware": false,
      "Startup Cost": 112383.34,
      "Total Cost": 112383.35,
      "Plan Rows": 1,
      "Plan Width": 8,
      "Actual Startup Time": 737.346,
      "Actual Total Time": 786.814,
      "Actual Rows": 1,
      "Actual Loops": 1,
      "Plans": [
        {
          "Node Type": "Gather",
          "Parent Relationship": "Outer",
          "Parallel Aware": false,
          "Startup Cost": 112383.02,
          "Total Cost": 112383.33,
          "Plan Rows": 3,
          "Plan Width": 8,
          "Actual Startup Time": 729.577,
          "Actual Total Time": 786.802,
          "Actual Rows": 4,
          "Actual Loops": 1,
          "Workers Planned": 3,
          "Workers Launched": 3,
          "Single Copy": false,
          "Plans": [
            {
              "Node Type": "Aggregate",
              "Strategy": "Plain",
              "Partial Mode": "Partial",
              "Parent Relationship": "Outer",
              "Parallel Aware": false,
              "Startup Cost": 111383.02,
              "Total Cost": 111383.03,
              "Plan Rows": 1,
              "Plan Width": 8,
              "Actual Startup Time": 715.808,
              "Actual Total Time": 715.812,
              "Actual Rows": 1,
              "Actual Loops": 4,
              "Plans": [
                {
                  "Node Type": "Nested Loop",
                  "Parent Relationship": "Outer",
                  "Parallel Aware": false,
                  "Join Type": "Inner",
                  "Startup Cost": 51411.49,
                  "Total Cost": 111118.35,
                  "Plan Rows": 105866,
                  "Plan Width": 0,
                  "Actual Startup Time": 373.805,
                  "Actual Total Time": 696.74,
                  "Actual Rows": 309496,
                  "Actual Loops": 4,
                  "Inner Unique": false,
                  "Plans": [
                    {
                      "Node Type": "Hash Join",
                      "Parent Relationship": "Outer",
                      "Parallel Aware": true,
                      "Join Type": "Inner",
                      "Startup Cost": 51411.05,
                      "Total Cost": 76138.89,
                      "Plan Rows": 18105,
                      "Plan Width": 8,
                      "Actual Startup Time": 373.707,
                      "Actual Total Time": 411.466,
                      "Actual Rows": 12505,
                      "Actual Loops": 4,
                      "Inner Unique": true,
                      "Hash Cond": "(mk.movie_id = t.id)",
                      "Plans": [
                        {
                          "Node Type": "Bitmap Heap Scan",
                          "Parent Relationship": "Outer",
                          "Parallel Aware": true,
                          "Relation Name": "movie_keyword",
                          "Alias": "mk",
                          "Startup Cost": 1191.41,
                          "Total Cost": 25871.72,
                          "Plan Rows": 18105,
                          "Plan Width": 4,
                          "Actual Startup Time": 10.175,
                          "Actual Total Time": 31.093,
                          "Actual Rows": 12505,
                          "Actual Loops": 4,
                          "Recheck Cond": "(keyword_id < 51)",
                          "Rows Removed by Index Recheck": 0,
                          "Exact Heap Blocks": 4764,
                          "Lossy Heap Blocks": 0,
                          "Plans": [
                            {
                              "Node Type": "Bitmap Index Scan",
                              "Parent Relationship": "Outer",
                              "Parallel Aware": false,
                              "Index Name": "keyword_id_movie_keyword",
                              "Startup Cost": 0.0,
                              "Total Cost": 1177.38,
                              "Plan Rows": 56126,
                              "Plan Width": 0,
                              "Actual Startup Time": 6.425,
                              "Actual Total Time": 6.426,
                              "Actual Rows": 50021,
                              "Actual Loops": 1,
                              "Index Cond": "(keyword_id < 51)"
                            }
                          ]
                        },
                        {
                          "Node Type": "Hash",
                          "Parent Relationship": "Inner",
                          "Parallel Aware": true,
                          "Startup Cost": 42318.73,
                          "Total Cost": 42318.73,
                          "Plan Rows": 632073,
                          "Plan Width": 4,
                          "Actual Startup Time": 354.025,
                          "Actual Total Time": 354.026,
                          "Actual Rows": 632078,
                          "Actual Loops": 4,
                          "Hash Buckets": 4194304,
                          "Original Hash Buckets": 4194304,
                          "Hash Batches": 1,
                          "Original Hash Batches": 1,
                          "Peak Memory Usage": 131744,
                          "Plans": [
                            {
                              "Node Type": "Seq Scan",
                              "Parent Relationship": "Outer",
                              "Parallel Aware": true,
                              "Relation Name": "title",
                              "Alias": "t",
                              "Startup Cost": 0.0,
                              "Total Cost": 42318.73,
                              "Plan Rows": 632073,
                              "Plan Width": 4,
                              "Actual Startup Time": 0.043,
                              "Actual Total Time": 107.691,
                              "Actual Rows": 632078,
                              "Actual Loops": 4
                            }
                          ]
                        }
                      ]
                    },
                    {
                      "Node Type": "Index Only Scan",
                      "Parent Relationship": "Inner",
                      "Parallel Aware": false,
                      "Scan Direction": "Forward",
                      "Index Name": "movie_id_movie_info",
                      "Relation Name": "movie_info",
                      "Alias": "mi",
                      "Startup Cost": 0.43,
                      "Total Cost": 1.51,
                      "Plan Rows": 42,
                      "Plan Width": 4,
                      "Actual Startup Time": 0.006,
                      "Actual Total Time": 0.02,
                      "Actual Rows": 25,
                      "Actual Loops": 50021,
                      "Index Cond": "(movie_id = t.id)",
                      "Rows Removed by Index Recheck": 0,
                      "Heap Fetches": 1237982
                    }
                  ]
                }
              ]
            }
          ]
        }
      ]
    },
    "Planning Time": 0.903,
    "Triggers": [],
    "Execution Time": 786.907
  }
]