[
  {
    "Plan": {
      "Node Type": "Aggregate",
      "Strategy": "Plain",
      "Partial Mode": "Finalize",
      "Parallel Aware": false,
      "Startup Cost": 343296.61,
      "Total Cost": 343296.62,
      "Plan Rows": 1,
      "Plan Width": 8,
      "Actual Startup Time": 835.241,
      "Actual Total Time": 893.97,
      "Actual Rows": 1,
      "Actual Loops": 1,
      "Plans": [
        {
          "Node Type": "Gather",
          "Parent Relationship": "Outer",
          "Parallel Aware": false,
          "Startup Cost": 343295.98,
          "Total Cost": 343296.59,
          "Plan Rows": 6,
          "Plan Width": 8,
          "Actual Startup Time": 834.908,
          "Actual Total Time": 893.96,
          "Actual Rows": 7,
          "Actual Loops": 1,
          "Workers Planned": 6,
          "Workers Launched": 6,
          "Single Copy": false,
          "Plans": [
            {
              "Node Type": "Aggregate",
              "Strategy": "Plain",
              "Partial Mode": "Partial",
              "Parent Relationship": "Outer",
              "Parallel Aware": false,
              "Startup Cost": 342295.98,
              "Total Cost": 342295.99,
              "Plan Rows": 1,
              "Plan Width": 8,
              "Actual Startup Time": 826.428,
              "Actual Total Time": 826.429,
              "Actual Rows": 1,
              "Actual Loops": 7,
              "Plans": [
                {
                  "Node Type": "Seq Scan",
                  "Parent Relationship": "Outer",
                  "Parallel Aware": true,
                  "Relation Name": "cast_info",
                  "Alias": "ci",
                  "Startup Cost": 0.0,
                  "Total Cost": 328162.03,
                  "Plan Rows": 5653583,
                  "Plan Width": 0,
                  "Actual Startup Time": 0.044,
                  "Actual Total Time": 626.739,
                  "Actual Rows": 4861789,
                  "Actual Loops": 7,
                  "Filter": "(person_id < 3629547)",
                  "Rows Removed by Filter": 315974
                }
              ]
            }
          ]
        }
      ]
    },
    "Planning Time": 0.166,
    "Triggers": [],
    "Execution Time": 894.033
  }
]