[
  {
    "Plan": {
      "Node Type": "Aggregate",
      "Strategy": "Plain",
      "Partial Mode": "Finalize",
      "Parallel Aware": false,
      "Startup Cost": 62072.92,
      "Total Cost": 62072.93,
      "Plan Rows": 1,
      "Plan Width": 8,
      "Actual Startup Time": 139.286,
      "Actual Total Time": 153.351,
      "Actual Rows": 1,
      "Actual Loops": 1,
      "Plans": [
        {
          "Node Type": "Gather",
          "Parent Relationship": "Outer",
          "Parallel Aware": false,
          "Startup Cost": 62072.61,
          "Total Cost": 62072.92,
          "Plan Rows": 3,
          "Plan Width": 8,
          "Actual Startup Time": 139.069,
          "Actual Total Time": 153.343,
          "Actual Rows": 4,
          "Actual Loops": 1,
          "Workers Planned": 3,
          "Workers Launched": 3,
          "Single Copy": false,
          "Plans": [
            {
              "Node Type": "Aggregate",
              "Strategy": "Plain",
              "Partial Mode": "Partial",
              "Parent Relationship": "Outer",
              "Parallel Aware": false,
              "Startup Cost": 61072.61,
              "Total Cost": 61072.62,
              "Plan Rows": 1,
              "Plan Width": 8,
              "Actual Startup Time": 129.897,
              "Actual Total Time": 129.9,
              "Actual Rows": 1,
              "Actual Loops": 4,
              "Plans": [
                {
                  "Node Type": "Nested Loop",
                  "Parent Relationship": "Outer",
                  "Parallel Aware": false,
                  "Join Type": "Inner",
                  "Startup Cost": 731.94,
                  "Total Cost": 61068.04,
                  "Plan Rows": 1826,
                  "Plan Width": 0,
                  "Actual Startup Time": 1.357,
                  "Actual Total Time": 129.12,
                  "Actual Rows": 6988,
                  "Actual Loops": 4,
                  "Inner Unique": false,
                  "Plans": [
                    {
                      "Node Type": "Nested Loop",
                      "Parent Relationship": "Outer",
                      "Parallel Aware": false,
                      "Join Type": "Inner",
                      "Startup Cost": 731.51,
                      "Total Cost": 52028.92,
                      "Plan Rows": 5590,
                      "Plan Width": 8,
                      "Actual Startup Time": 0.833,
                      "Actual Total Time": 31.605,
                      "Actual Rows": 8354,
                      "Actual Loops": 4,
                      "Inner Unique": true,
                      "Plans": [
                        {
                          "Node Type": "Bitmap Heap Scan",
                          "Parent Relationship": "Outer",
                          "Parallel Aware": true,
                          "Relation Name": "movie_companies",
                          "Alias": "mc",
                          "Startup Cost": 731.08,
                          "Total Cost": 20111.03,
                          "Plan Rows": 5590,
                          "Plan Width": 4,
                          "Actual Startup Time": 0.614,
                          "Actual Total Time": 4.21,
                          "Actual Rows": 8354,
                          "Actual Loops": 4,
                          "Recheck Cond": "(company_id > 204873)",
                          "Rows Removed by Index Recheck": 0,
                          "Filter": "(company_type_id > 1)",
                          "Rows Removed by Filter": 0,
                          "Exact Heap Blocks": 545,
                          "Lossy Heap Blocks": 0,
                          "Plans": [
                            {
                              "Node Type": "Bitmap Index Scan",
                              "Parent Relationship": "Outer",
                              "Parallel Aware": false,
                              "Index Name": "company_id_movie_companies",
                              "Startup Cost": 0.0,
                              "Total Cost": 726.75,
                              "Plan Rows": 33909,
                              "Plan Width": 0,
                              "Actual Startup Time": 1.82,
                              "Actual Total Time": 1.82,
                              "Actual Rows": 33415,
                              "Actual Loops": 1,
                              "Index Cond": "(company_id > 204873)"
                            }
                          ]
                        },
                        {
                          "Node Type": "Index Only Scan",
                          "Parent Relationship": "Inner",
                          "Parallel Aware": false,
                          "Scan Direction": "Forward",
                          "Index Name": "title_pkey",
                          "Relation Name": "title",
                          "Alias": "t",
                          "Startup Cost": 0.43,
                          "Total Cost": 5.71,
                          "Plan Rows": 1,
                          "Plan Width": 4,
                          "Actual Startup Time": 0.003,
                          "Actual Total Time": 0.003,
                          "Actual Rows": 1,
                          "Actual Loops": 33415,
                          "Index Cond": "(id = mc.movie_id)",
                          "Rows Removed by Index Recheck": 0,
                          "Heap Fetches": 33415
                        }
                      ]
                    },
                    {
                      "Node Type": "Index Scan",
                      "Parent Relationship": "Inner",
                      "Parallel Aware": false,
                      "Scan Direction": "Forward",
                      "Index Name": "movie_id_movie_info",
                      "Relation Name": "movie_info",
                      "Alias": "mi",
                      "Startup Cost": 0.43,
                      "Total Cost": 1.6,
                      "Plan Rows": 2,
                      "Plan Width": 4,
                      "Actual Startup Time": 0.005,
                      "Actual Total Time": 0.011,
                      "Actual Rows": 1,
                      "Actual Loops": 33415,
                      "Index Cond": "(movie_id = t.id)",
                      "Rows Removed by Index Recheck": 0,
                      "Filter": "(info_type_id = 1)",
                      "Rows Removed by Filter": 18
                    }
                  ]
                }
              ]
            }
          ]
        }
      ]
    },
    "Planning Time": 0.539,
    "Triggers": [],
    "Execution Time": 153.402
  }
]