{
    "Plan": {
        "Node Type": "Aggregate",
        "Strategy": "Plain",
        "Partial Mode": "Finalize",
        "Parallel Aware": false,
        "Startup Cost": 80011.86,
        "Total Cost": 80011.87,
        "Plan Rows": 1,
        "Plan Width": 8,
        "Actual Startup Time": 240.85,
        "Actual Total Time": 253.518,
        "Actual Rows": 1,
        "Actual Loops": 1,
        "Output": [
            "count(*)"
        ],
        "Plans": [
            {
                "Node Type": "Gather",
                "Parent Relationship": "Outer",
                "Parallel Aware": false,
                "Startup Cost": 80011.54,
                "Total Cost": 80011.85,
                "Plan Rows": 3,
                "Plan Width": 8,
                "Actual Startup Time": 239.364,
                "Actual Total Time": 253.51,
                "Actual Rows": 4,
                "Actual Loops": 1,
                "Output": [
                    "(PARTIAL count(*))"
                ],
                "Workers Planned": 3,
                "Workers Launched": 3,
                "Single Copy": false,
                "Plans": [
                    {
                        "Node Type": "Aggregate",
                        "Strategy": "Plain",
                        "Partial Mode": "Partial",
                        "Parent Relationship": "Outer",
                        "Parallel Aware": false,
                        "Startup Cost": 79011.54,
                        "Total Cost": 79011.55,
                        "Plan Rows": 1,
                        "Plan Width": 8,
                        "Actual Startup Time": 231.18,
                        "Actual Total Time": 231.184,
                        "Actual Rows": 1,
                        "Actual Loops": 4,
                        "Output": [
                            "PARTIAL count(*)"
                        ],
                        "Workers": [
                            {
                                "Worker Number": 0,
                                "Actual Startup Time": 228.642,
                                "Actual Total Time": 228.645,
                                "Actual Rows": 1,
                                "Actual Loops": 1
                            },
                            {
                                "Worker Number": 1,
                                "Actual Startup Time": 228.62,
                                "Actual Total Time": 228.624,
                                "Actual Rows": 1,
                                "Actual Loops": 1
                            },
                            {
                                "Worker Number": 2,
                                "Actual Startup Time": 228.776,
                                "Actual Total Time": 228.779,
                                "Actual Rows": 1,
                                "Actual Loops": 1
                            }
                        ],
                        "Plans": [
                            {
                                "Node Type": "Hash Join",
                                "Parent Relationship": "Outer",
                                "Parallel Aware": true,
                                "Join Type": "Inner",
                                "Startup Cost": 46963.1,
                                "Total Cost": 78915.4,
                                "Plan Rows": 38456,
                                "Plan Width": 0,
                                "Actual Startup Time": 202.393,
                                "Actual Total Time": 230.497,
                                "Actual Rows": 16132,
                                "Actual Loops": 4,
                                "Inner Unique": true,
                                "Hash Cond": "(mc.movie_id = t.id)",
                                "Workers": [
                                    {
                                        "Worker Number": 0,
                                        "Actual Startup Time": 199.641,
                                        "Actual Total Time": 227.975,
                                        "Actual Rows": 15404,
                                        "Actual Loops": 1
                                    },
                                    {
                                        "Worker Number": 1,
                                        "Actual Startup Time": 199.906,
                                        "Actual Total Time": 227.936,
                                        "Actual Rows": 15661,
                                        "Actual Loops": 1
                                    },
                                    {
                                        "Worker Number": 2,
                                        "Actual Startup Time": 200.05,
                                        "Actual Total Time": 228.092,
                                        "Actual Rows": 15867,
                                        "Actual Loops": 1
                                    }
                                ],
                                "Plans": [
                                    {
                                        "Node Type": "Seq Scan",
                                        "Parent Relationship": "Outer",
                                        "Parallel Aware": true,
                                        "Relation Name": "movie_companies",
                                        "Schema": "public",
                                        "Alias": "mc",
                                        "Startup Cost": 0.0,
                                        "Total Cost": 31414.82,
                                        "Plan Rows": 204758,
                                        "Plan Width": 4,
                                        "Actual Startup Time": 29.566,
                                        "Actual Total Time": 58.908,
                                        "Actual Rows": 100559,
                                        "Actual Loops": 4,
                                        "Output": [
                                            "mc.id",
                                            "mc.movie_id",
                                            "mc.company_id",
                                            "mc.company_type_id",
                                            "mc.note"
                                        ],
                                        "Filter": "((mc.company_id < 11146) AND (mc.company_type_id > 1))",
                                        "Rows Removed by Filter": 551723,
                                        "Workers": [
                                            {
                                                "Worker Number": 0,
                                                "Actual Startup Time": 29.563,
                                                "Actual Total Time": 59.653,
                                                "Actual Rows": 98562,
                                                "Actual Loops": 1
                                            },
                                            {
                                                "Worker Number": 1,
                                                "Actual Startup Time": 29.567,
                                                "Actual Total Time": 59.484,
                                                "Actual Rows": 98737,
                                                "Actual Loops": 1
                                            },
                                            {
                                                "Worker Number": 2,
                                                "Actual Startup Time": 29.567,
                                                "Actual Total Time": 59.544,
                                                "Actual Rows": 99943,
                                                "Actual Loops": 1
                                            }
                                        ]
                                    },
                                    {
                                        "Node Type": "Hash",
                                        "Parent Relationship": "Inner",
                                        "Parallel Aware": true,
                                        "Startup Cost": 45479.21,
                                        "Total Cost": 45479.21,
                                        "Plan Rows": 118711,
                                        "Plan Width": 4,
                                        "Actual Startup Time": 140.065,
                                        "Actual Total Time": 140.066,
                                        "Actual Rows": 124006,
                                        "Actual Loops": 4,
                                        "Output": [
                                            "t.id"
                                        ],
                                        "Hash Buckets": 524288,
                                        "Original Hash Buckets": 524288,
                                        "Hash Batches": 1,
                                        "Original Hash Batches": 1,
                                        "Peak Memory Usage": 23552,
                                        "Workers": [
                                            {
                                                "Worker Number": 0,
                                                "Actual Startup Time": 140.031,
                                                "Actual Total Time": 140.032,
                                                "Actual Rows": 120634,
                                                "Actual Loops": 1
                                            },
                                            {
                                                "Worker Number": 1,
                                                "Actual Startup Time": 140.256,
                                                "Actual Total Time": 140.257,
                                                "Actual Rows": 121210,
                                                "Actual Loops": 1
                                            },
                                            {
                                                "Worker Number": 2,
                                                "Actual Startup Time": 140.399,
                                                "Actual Total Time": 140.4,
                                                "Actual Rows": 121863,
                                                "Actual Loops": 1
                                            }
                                        ],
                                        "Plans": [
                                            {
                                                "Node Type": "Seq Scan",
                                                "Parent Relationship": "Outer",
                                                "Parallel Aware": true,
                                                "Relation Name": "title",
                                                "Schema": "public",
                                                "Alias": "t",
                                                "Startup Cost": 0.0,
                                                "Total Cost": 45479.21,
                                                "Plan Rows": 118711,
                                                "Plan Width": 4,
                                                "Actual Startup Time": 61.005,
                                                "Actual Total Time": 102.851,
                                                "Actual Rows": 124006,
                                                "Actual Loops": 4,
                                                "Output": [
                                                    "t.id"
                                                ],
                                                "Filter": "((t.production_year < 2009) AND (t.kind_id = 1))",
                                                "Rows Removed by Filter": 508072,
                                                "Workers": [
                                                    {
                                                        "Worker Number": 0,
                                                        "Actual Startup Time": 61.038,
                                                        "Actual Total Time": 104.079,
                                                        "Actual Rows": 120634,
                                                        "Actual Loops": 1
                                                    },
                                                    {
                                                        "Worker Number": 1,
                                                        "Actual Startup Time": 60.938,
                                                        "Actual Total Time": 104.49,
                                                        "Actual Rows": 121210,
                                                        "Actual Loops": 1
                                                    },
                                                    {
                                                        "Worker Number": 2,
                                                        "Actual Startup Time": 60.859,
                                                        "Actual Total Time": 104.296,
                                                        "Actual Rows": 121863,
                                                        "Actual Loops": 1
                                                    }
                                                ]
                                            }
                                        ]
                                    }
                                ]
                            }
                        ]
                    }
                ]
            }
        ]
    },
    "Planning Time": 0.759,
    "Triggers": [],
    "Execution Time": 253.591
}