[
  {
    "Plan": {
      "Node Type": "Aggregate",
      "Strategy": "Plain",
      "Partial Mode": "Finalize",
      "Parallel Aware": false,
      "Startup Cost": 343663.97,
      "Total Cost": 343663.98,
      "Plan Rows": 1,
      "Plan Width": 8,
      "Actual Startup Time": 916.529,
      "Actual Total Time": 979.572,
      "Actual Rows": 1,
      "Actual Loops": 1,
      "Plans": [
        {
          "Node Type": "Gather",
          "Parent Relationship": "Outer",
          "Parallel Aware": false,
          "Startup Cost": 343663.35,
          "Total Cost": 343663.96,
          "Plan Rows": 6,
          "Plan Width": 8,
          "Actual Startup Time": 916.406,
          "Actual Total Time": 979.563,
          "Actual Rows": 7,
          "Actual Loops": 1,
          "Workers Planned": 6,
          "Workers Launched": 6,
          "Single Copy": false,
          "Plans": [
            {
              "Node Type": "Aggregate",
              "Strategy": "Plain",
              "Partial Mode": "Partial",
              "Parent Relationship": "Outer",
              "Parallel Aware": false,
              "Startup Cost": 342663.35,
              "Total Cost": 342663.36,
              "Plan Rows": 1,
              "Plan Width": 8,
              "Actual Startup Time": 907.028,
              "Actual Total Time": 907.029,
              "Actual Rows": 1,
              "Actual Loops": 7,
              "Plans": [
                {
                  "Node Type": "Seq Scan",
                  "Parent Relationship": "Outer",
                  "Parallel Aware": true,
                  "Relation Name": "cast_info",
                  "Alias": "ci",
                  "Startup Cost": 0.0,
                  "Total Cost": 328162.03,
                  "Plan Rows": 5800529,
                  "Plan Width": 0,
                  "Actual Startup Time": 0.053,
                  "Actual Total Time": 685.005,
                  "Actual Rows": 4976741,
                  "Actual Loops": 7,
                  "Filter": "(person_id < 3787239)",
                  "Rows Removed by Filter": 201022
                }
              ]
            }
          ]
        }
      ]
    },
    "Planning Time": 0.132,
    "Triggers": [],
    "Execution Time": 979.627
  }
]