[
  {
    "Plan": {
      "Node Type": "Aggregate",
      "Strategy": "Plain",
      "Partial Mode": "Simple",
      "Parallel Aware": false,
      "Startup Cost": 7195.26,
      "Total Cost": 7195.27,
      "Plan Rows": 1,
      "Plan Width": 8,
      "Actual Startup Time": 3.23,
      "Actual Total Time": 3.231,
      "Actual Rows": 1,
      "Actual Loops": 1,
      "Plans": [
        {
          "Node Type": "Index Scan",
          "Parent Relationship": "Outer",
          "Parallel Aware": false,
          "Scan Direction": "Forward",
          "Index Name": "company_id_movie_companies",
          "Relation Name": "movie_companies",
          "Alias": "mc",
          "Startup Cost": 0.43,
          "Total Cost": 7191.62,
          "Plan Rows": 1456,
          "Plan Width": 0,
          "Actual Startup Time": 0.101,
          "Actual Total Time": 2.892,
          "Actual Rows": 2500,
          "Actual Loops": 1,
          "Index Cond": "(company_id = 292)",
          "Rows Removed by Index Recheck": 0,
          "Filter": "(company_type_id < 2)",
          "Rows Removed by Filter": 295
        }
      ]
    },
    "Planning Time": 0.173,
    "Triggers": [],
    "Execution Time": 3.276
  }
]