[
  {
    "Plan": {
      "Node Type": "Aggregate",
      "Strategy": "Plain",
      "Partial Mode": "Finalize",
      "Parallel Aware": false,
      "Startup Cost": 32697.61,
      "Total Cost": 32697.62,
      "Plan Rows": 1,
      "Plan Width": 8,
      "Actual Startup Time": 93.336,
      "Actual Total Time": 98.541,
      "Actual Rows": 1,
      "Actual Loops": 1,
      "Plans": [
        {
          "Node Type": "Gather",
          "Parent Relationship": "Outer",
          "Parallel Aware": false,
          "Startup Cost": 32697.29,
          "Total Cost": 32697.6,
          "Plan Rows": 3,
          "Plan Width": 8,
          "Actual Startup Time": 93.216,
          "Actual Total Time": 98.535,
          "Actual Rows": 4,
          "Actual Loops": 1,
          "Workers Planned": 3,
          "Workers Launched": 3,
          "Single Copy": false,
          "Plans": [
            {
              "Node Type": "Aggregate",
              "Strategy": "Plain",
              "Partial Mode": "Partial",
              "Parent Relationship": "Outer",
              "Parallel Aware": false,
              "Startup Cost": 31697.29,
              "Total Cost": 31697.3,
              "Plan Rows": 1,
              "Plan Width": 8,
              "Actual Startup Time": 84.848,
              "Actual Total Time": 84.849,
              "Actual Rows": 1,
              "Actual Loops": 4,
              "Plans": [
                {
                  "Node Type": "Seq Scan",
                  "Parent Relationship": "Outer",
                  "Parallel Aware": true,
                  "Relation Name": "movie_companies",
                  "Alias": "mc",
                  "Startup Cost": 0.0,
                  "Total Cost": 31414.82,
                  "Plan Rows": 112989,
                  "Plan Width": 0,
                  "Actual Startup Time": 46.493,
                  "Actual Total Time": 78.277,
                  "Actual Rows": 167304,
                  "Actual Loops": 4,
                  "Filter": "((company_id > 44685) AND (company_type_id > 1))",
                  "Rows Removed by Filter": 484978
                }
              ]
            }
          ]
        }
      ]
    },
    "Planning Time": 0.192,
    "Triggers": [],
    "Execution Time": 98.592
  }
]