[
  {
    "Plan": {
      "Node Type": "Aggregate",
      "Strategy": "Plain",
      "Partial Mode": "Finalize",
      "Parallel Aware": false,
      "Startup Cost": 32781.44,
      "Total Cost": 32781.45,
      "Plan Rows": 1,
      "Plan Width": 8,
      "Actual Startup Time": 78.332,
      "Actual Total Time": 86.437,
      "Actual Rows": 1,
      "Actual Loops": 1,
      "Plans": [
        {
          "Node Type": "Gather",
          "Parent Relationship": "Outer",
          "Parallel Aware": false,
          "Startup Cost": 32781.12,
          "Total Cost": 32781.43,
          "Plan Rows": 3,
          "Plan Width": 8,
          "Actual Startup Time": 78.154,
          "Actual Total Time": 86.423,
          "Actual Rows": 4,
          "Actual Loops": 1,
          "Workers Planned": 3,
          "Workers Launched": 3,
          "Single Copy": false,
          "Plans": [
            {
              "Node Type": "Aggregate",
              "Strategy": "Plain",
              "Partial Mode": "Partial",
              "Parent Relationship": "Outer",
              "Parallel Aware": false,
              "Startup Cost": 31781.12,
              "Total Cost": 31781.13,
              "Plan Rows": 1,
              "Plan Width": 8,
              "Actual Startup Time": 74.015,
              "Actual Total Time": 74.016,
              "Actual Rows": 1,
              "Actual Loops": 4,
              "Plans": [
                {
                  "Node Type": "Seq Scan",
                  "Parent Relationship": "Outer",
                  "Parallel Aware": true,
                  "Relation Name": "movie_companies",
                  "Alias": "mc",
                  "Startup Cost": 0.0,
                  "Total Cost": 31414.82,
                  "Plan Rows": 146522,
                  "Plan Width": 0,
                  "Actual Startup Time": 17.268,
                  "Actual Total Time": 72.249,
                  "Actual Rows": 32962,
                  "Actual Loops": 4,
                  "Filter": "((company_id > 20148) AND (company_type_id < 2))",
                  "Rows Removed by Filter": 619320
                }
              ]
            }
          ]
        }
      ]
    },
    "Planning Time": 0.225,
    "Triggers": [],
    "Execution Time": 86.505
  }
]