[
  {
    "Plan": {
      "Node Type": "Aggregate",
      "Strategy": "Plain",
      "Partial Mode": "Finalize",
      "Parallel Aware": false,
      "Startup Cost": 32775.86,
      "Total Cost": 32775.87,
      "Plan Rows": 1,
      "Plan Width": 8,
      "Actual Startup Time": 82.608,
      "Actual Total Time": 88.594,
      "Actual Rows": 1,
      "Actual Loops": 1,
      "Plans": [
        {
          "Node Type": "Gather",
          "Parent Relationship": "Outer",
          "Parallel Aware": false,
          "Startup Cost": 32775.55,
          "Total Cost": 32775.86,
          "Plan Rows": 3,
          "Plan Width": 8,
          "Actual Startup Time": 82.477,
          "Actual Total Time": 88.586,
          "Actual Rows": 4,
          "Actual Loops": 1,
          "Workers Planned": 3,
          "Workers Launched": 3,
          "Single Copy": false,
          "Plans": [
            {
              "Node Type": "Aggregate",
              "Strategy": "Plain",
              "Partial Mode": "Partial",
              "Parent Relationship": "Outer",
              "Parallel Aware": false,
              "Startup Cost": 31775.55,
              "Total Cost": 31775.56,
              "Plan Rows": 1,
              "Plan Width": 8,
              "Actual Startup Time": 74.879,
              "Actual Total Time": 74.88,
              "Actual Rows": 1,
              "Actual Loops": 4,
              "Plans": [
                {
                  "Node Type": "Seq Scan",
                  "Parent Relationship": "Outer",
                  "Parallel Aware": true,
                  "Relation Name": "movie_companies",
                  "Alias": "mc",
                  "Startup Cost": 0.0,
                  "Total Cost": 31414.82,
                  "Plan Rows": 144291,
                  "Plan Width": 0,
                  "Actual Startup Time": 24.971,
                  "Actual Total Time": 73.091,
                  "Actual Rows": 32962,
                  "Actual Loops": 4,
                  "Filter": "((company_id > 20148) AND (company_type_id < 2))",
                  "Rows Removed by Filter": 619320
                }
              ]
            }
          ]
        }
      ]
    },
    "Planning Time": 0.214,
    "Triggers": [],
    "Execution Time": 88.651
  }
]