{
  "Plan": {
    "Node Type": "Aggregate",
    "Strategy": "Plain",
    "Partial Mode": "Finalize",
    "Parallel Aware": false,
    "Startup Cost": 107262.55,
    "Total Cost": 107262.56,
    "Plan Rows": 1,
    "Plan Width": 8,
    "Actual Startup Time": 376.51,
    "Actual Total Time": 396.789,
    "Actual Rows": 1,
    "Actual Loops": 1,
    "Plans": [
      {
        "Node Type": "Gather",
        "Parent Relationship": "Outer",
        "Parallel Aware": false,
        "Startup Cost": 107262.44,
        "Total Cost": 107262.55,
        "Plan Rows": 1,
        "Plan Width": 8,
        "Actual Startup Time": 376.019,
        "Actual Total Time": 396.781,
        "Actual Rows": 2,
        "Actual Loops": 1,
        "Workers Planned": 1,
        "Workers Launched": 1,
        "Single Copy": false,
        "Plans": [
          {
            "Node Type": "Aggregate",
            "Strategy": "Plain",
            "Partial Mode": "Partial",
            "Parent Relationship": "Outer",
            "Parallel Aware": false,
            "Startup Cost": 106262.44,
            "Total Cost": 106262.45,
            "Plan Rows": 1,
            "Plan Width": 8,
            "Actual Startup Time": 369.605,
            "Actual Total Time": 369.61,
            "Actual Rows": 1,
            "Actual Loops": 2,
            "Plans": [
              {
                "Node Type": "Nested Loop",
                "Parent Relationship": "Outer",
                "Parallel Aware": false,
                "Join Type": "Inner",
                "Startup Cost": 71179.97,
                "Total Cost": 106247.14,
                "Plan Rows": 6119,
                "Plan Width": 0,
                "Actual Startup Time": 194.5,
                "Actual Total Time": 365.855,
                "Actual Rows": 84216,
                "Actual Loops": 2,
                "Inner Unique": false,
                "Join Filter": "(t.id = mc.movie_id)",
                "Rows Removed by Join Filter": 0,
                "Plans": [
                  {
                    "Node Type": "Hash Join",
                    "Parent Relationship": "Outer",
                    "Parallel Aware": true,
                    "Join Type": "Inner",
                    "Startup Cost": 71179.54,
                    "Total Cost": 101846.93,
                    "Plan Rows": 5929,
                    "Plan Width": 8,
                    "Actual Startup Time": 194.39,
                    "Actual Total Time": 309.182,
                    "Actual Rows": 8384,
                    "Actual Loops": 2,
                    "Inner Unique": true,
                    "Hash Cond": "(mk.movie_id = t.id)",
                    "Plans": [
                      {
                        "Node Type": "Bitmap Heap Scan",
                        "Parent Relationship": "Outer",
                        "Parallel Aware": true,
                        "Relation Name": "movie_keyword",
                        "Alias": "mk",
                        "Startup Cost": 14812.76,
                        "Total Cost": 44401.8,
                        "Plan Rows": 410803,
                        "Plan Width": 4,
                        "Actual Startup Time": 47.581,
                        "Actual Total Time": 126.908,
                        "Actual Rows": 354026,
                        "Actual Loops": 2,
                        "Recheck Cond": "(keyword_id < 599)",
                        "Rows Removed by Index Recheck": 0,
                        "Exact Heap Blocks": 14933,
                        "Lossy Heap Blocks": 0,
                        "Plans": [
                          {
                            "Node Type": "Bitmap Index Scan",
                            "Parent Relationship": "Outer",
                            "Parallel Aware": false,
                            "Index Name": "keyword_id_movie_keyword",
                            "Startup Cost": 0.0,
                            "Total Cost": 14638.17,
                            "Plan Rows": 698365,
                            "Plan Width": 0,
                            "Actual Startup Time": 43.952,
                            "Actual Total Time": 43.953,
                            "Actual Rows": 708052,
                            "Actual Loops": 1,
                            "Index Cond": "(keyword_id < 599)"
                          }
                        ]
                      },
                      {
                        "Node Type": "Hash",
                        "Parent Relationship": "Inner",
                        "Parallel Aware": true,
                        "Startup Cost": 56098.47,
                        "Total Cost": 56098.47,
                        "Plan Rows": 21465,
                        "Plan Width": 4,
                        "Actual Startup Time": 145.49,
                        "Actual Total Time": 145.491,
                        "Actual Rows": 13070,
                        "Actual Loops": 2,
                        "Hash Buckets": 65536,
                        "Original Hash Buckets": 65536,
                        "Hash Batches": 1,
                        "Original Hash Batches": 1,
                        "Peak Memory Usage": 1568,
                        "Plans": [
                          {
                            "Node Type": "Bitmap Heap Scan",
                            "Parent Relationship": "Outer",
                            "Parallel Aware": true,
                            "Relation Name": "title",
                            "Alias": "t",
                            "Startup Cost": 13448.08,
                            "Total Cost": 56098.47,
                            "Plan Rows": 21465,
                            "Plan Width": 4,
                            "Actual Startup Time": 49.463,
                            "Actual Total Time": 141.629,
                            "Actual Rows": 13070,
                            "Actual Loops": 2,
                            "Recheck Cond": "(kind_id < 3)",
                            "Rows Removed by Index Recheck": 0,
                            "Filter": "(production_year = 2008)",
                            "Rows Removed by Filter": 363769,
                            "Exact Heap Blocks": 26604,
                            "Lossy Heap Blocks": 0,
                            "Plans": [
                              {
                                "Node Type": "Bitmap Index Scan",
                                "Parent Relationship": "Outer",
                                "Parallel Aware": false,
                                "Index Name": "kind_id_title",
                                "Startup Cost": 0.0,
                                "Total Cost": 13438.96,
                                "Plan Rows": 753937,
                                "Plan Width": 0,
                                "Actual Startup Time": 47.326,
                                "Actual Total Time": 47.326,
                                "Actual Rows": 753677,
                                "Actual Loops": 1,
                                "Index Cond": "(kind_id < 3)"
                              }
                            ]
                          }
                        ]
                      }
                    ]
                  },
                  {
                    "Node Type": "Index Only Scan",
                    "Parent Relationship": "Inner",
                    "Parallel Aware": false,
                    "Scan Direction": "Forward",
                    "Index Name": "movie_id_movie_companies",
                    "Relation Name": "movie_companies",
                    "Alias": "mc",
                    "Startup Cost": 0.43,
                    "Total Cost": 0.68,
                    "Plan Rows": 5,
                    "Plan Width": 4,
                    "Actual Startup Time": 0.004,
                    "Actual Total Time": 0.006,
                    "Actual Rows": 10,
                    "Actual Loops": 16769,
                    "Index Cond": "(movie_id = mk.movie_id)",
                    "Rows Removed by Index Recheck": 0,
                    "Heap Fetches": 168433
                  }
                ]
              }
            ]
          }
        ]
      }
    ]
  },
  "Planning Time": 1.066,
  "Triggers": [],
  "Execution Time": 396.909
}