{
  "Plan": {
    "Node Type": "Aggregate",
    "Strategy": "Plain",
    "Partial Mode": "Finalize",
    "Parallel Aware": false,
    "Startup Cost": 130649.16,
    "Total Cost": 130649.17,
    "Plan Rows": 1,
    "Plan Width": 8,
    "Actual Startup Time": 734.211,
    "Actual Total Time": 766.544,
    "Actual Rows": 1,
    "Actual Loops": 1,
    "Plans": [
      {
        "Node Type": "Gather",
        "Parent Relationship": "Outer",
        "Parallel Aware": false,
        "Startup Cost": 130649.05,
        "Total Cost": 130649.16,
        "Plan Rows": 1,
        "Plan Width": 8,
        "Actual Startup Time": 733.873,
        "Actual Total Time": 766.535,
        "Actual Rows": 2,
        "Actual Loops": 1,
        "Workers Planned": 1,
        "Workers Launched": 1,
        "Single Copy": false,
        "Plans": [
          {
            "Node Type": "Aggregate",
            "Strategy": "Plain",
            "Partial Mode": "Partial",
            "Parent Relationship": "Outer",
            "Parallel Aware": false,
            "Startup Cost": 129649.05,
            "Total Cost": 129649.06,
            "Plan Rows": 1,
            "Plan Width": 8,
            "Actual Startup Time": 727.617,
            "Actual Total Time": 727.622,
            "Actual Rows": 1,
            "Actual Loops": 2,
            "Plans": [
              {
                "Node Type": "Nested Loop",
                "Parent Relationship": "Outer",
                "Parallel Aware": false,
                "Join Type": "Inner",
                "Startup Cost": 53917.62,
                "Total Cost": 129478.13,
                "Plan Rows": 68368,
                "Plan Width": 0,
                "Actual Startup Time": 132.486,
                "Actual Total Time": 708.771,
                "Actual Rows": 433364,
                "Actual Loops": 2,
                "Inner Unique": false,
                "Join Filter": "(t.id = mi.movie_id)",
                "Rows Removed by Join Filter": 0,
                "Plans": [
                  {
                    "Node Type": "Hash Join",
                    "Parent Relationship": "Outer",
                    "Parallel Aware": true,
                    "Join Type": "Inner",
                    "Startup Cost": 53917.18,
                    "Total Cost": 92083.82,
                    "Plan Rows": 19487,
                    "Plan Width": 8,
                    "Actual Startup Time": 132.414,
                    "Actual Total Time": 317.941,
                    "Actual Rows": 23038,
                    "Actual Loops": 2,
                    "Inner Unique": true,
                    "Hash Cond": "(mc.movie_id = t.id)",
                    "Plans": [
                      {
                        "Node Type": "Seq Scan",
                        "Parent Relationship": "Outer",
                        "Parallel Aware": true,
                        "Relation Name": "movie_companies",
                        "Alias": "mc",
                        "Startup Cost": 0.0,
                        "Total Cost": 34137.82,
                        "Plan Rows": 1534782,
                        "Plan Width": 4,
                        "Actual Startup Time": 0.016,
                        "Actual Total Time": 98.573,
                        "Actual Rows": 1304564,
                        "Actual Loops": 2
                      },
                      {
                        "Node Type": "Hash",
                        "Parent Relationship": "Inner",
                        "Parallel Aware": true,
                        "Startup Cost": 53681.13,
                        "Total Cost": 53681.13,
                        "Plan Rows": 18884,
                        "Plan Width": 4,
                        "Actual Startup Time": 96.518,
                        "Actual Total Time": 96.519,
                        "Actual Rows": 11054,
                        "Actual Loops": 2,
                        "Hash Buckets": 32768,
                        "Original Hash Buckets": 32768,
                        "Hash Batches": 1,
                        "Original Hash Batches": 1,
                        "Peak Memory Usage": 1152,
                        "Plans": [
                          {
                            "Node Type": "Bitmap Heap Scan",
                            "Parent Relationship": "Outer",
                            "Parallel Aware": true,
                            "Relation Name": "title",
                            "Alias": "t",
                            "Startup Cost": 11830.88,
                            "Total Cost": 53681.13,
                            "Plan Rows": 18884,
                            "Plan Width": 4,
                            "Actual Startup Time": 37.173,
                            "Actual Total Time": 93.418,
                            "Actual Rows": 11054,
                            "Actual Loops": 2,
                            "Recheck Cond": "(kind_id = 1)",
                            "Rows Removed by Index Recheck": 0,
                            "Filter": "(production_year = 2008)",
                            "Rows Removed by Filter": 320359,
                            "Exact Heap Blocks": 9537,
                            "Lossy Heap Blocks": 0,
                            "Plans": [
                              {
                                "Node Type": "Bitmap Index Scan",
                                "Parent Relationship": "Outer",
                                "Parallel Aware": false,
                                "Index Name": "kind_id_title",
                                "Startup Cost": 0.0,
                                "Total Cost": 11822.85,
                                "Plan Rows": 663256,
                                "Plan Width": 0,
                                "Actual Startup Time": 40.076,
                                "Actual Total Time": 40.077,
                                "Actual Rows": 662825,
                                "Actual Loops": 1,
                                "Index Cond": "(kind_id = 1)"
                              }
                            ]
                          }
                        ]
                      }
                    ]
                  },
                  {
                    "Node Type": "Index Scan",
                    "Parent Relationship": "Inner",
                    "Parallel Aware": false,
                    "Scan Direction": "Forward",
                    "Index Name": "movie_id_movie_info",
                    "Relation Name": "movie_info",
                    "Alias": "mi",
                    "Startup Cost": 0.43,
                    "Total Cost": 1.61,
                    "Plan Rows": 25,
                    "Plan Width": 4,
                    "Actual Startup Time": 0.004,
                    "Actual Total Time": 0.015,
                    "Actual Rows": 19,
                    "Actual Loops": 46075,
                    "Index Cond": "(movie_id = mc.movie_id)",
                    "Rows Removed by Index Recheck": 0,
                    "Filter": "(info_type_id < 15)",
                    "Rows Removed by Filter": 33
                  }
                ]
              }
            ]
          }
        ]
      }
    ]
  },
  "Planning Time": 1.081,
  "Triggers": [],
  "Execution Time": 766.679
}