[
    {
        "Bao": {
            "Bao prediction": "NaN",
            "Bao recommended hint": "(no hint)"
        }
    },
    {
        "Plan": {
            "Node Type": "Aggregate",
            "Strategy": "Plain",
            "Partial Mode": "Finalize",
            "Parallel Aware": false,
            "Startup Cost": 78395.74,
            "Total Cost": 78395.75,
            "Plan Rows": 1,
            "Plan Width": 8,
            "Actual Startup Time": 253.268,
            "Actual Total Time": 262.809,
            "Actual Rows": 1,
            "Actual Loops": 1,
            "Output": [
                "count(*)"
            ],
            "Plans": [
                {
                    "Node Type": "Gather",
                    "Parent Relationship": "Outer",
                    "Parallel Aware": false,
                    "Startup Cost": 78395.32,
                    "Total Cost": 78395.73,
                    "Plan Rows": 4,
                    "Plan Width": 8,
                    "Actual Startup Time": 250.233,
                    "Actual Total Time": 262.801,
                    "Actual Rows": 5,
                    "Actual Loops": 1,
                    "Output": [
                        "(PARTIAL count(*))"
                    ],
                    "Workers Planned": 4,
                    "Workers Launched": 4,
                    "Single Copy": false,
                    "Plans": [
                        {
                            "Node Type": "Aggregate",
                            "Strategy": "Plain",
                            "Partial Mode": "Partial",
                            "Parent Relationship": "Outer",
                            "Parallel Aware": false,
                            "Startup Cost": 77395.32,
                            "Total Cost": 77395.33,
                            "Plan Rows": 1,
                            "Plan Width": 8,
                            "Actual Startup Time": 240.522,
                            "Actual Total Time": 240.525,
                            "Actual Rows": 1,
                            "Actual Loops": 5,
                            "Output": [
                                "PARTIAL count(*)"
                            ],
                            "Workers": [
                                {
                                    "Worker Number": 0,
                                    "Actual Startup Time": 237.645,
                                    "Actual Total Time": 237.648,
                                    "Actual Rows": 1,
                                    "Actual Loops": 1
                                },
                                {
                                    "Worker Number": 1,
                                    "Actual Startup Time": 237.772,
                                    "Actual Total Time": 237.775,
                                    "Actual Rows": 1,
                                    "Actual Loops": 1
                                },
                                {
                                    "Worker Number": 2,
                                    "Actual Startup Time": 238.685,
                                    "Actual Total Time": 238.688,
                                    "Actual Rows": 1,
                                    "Actual Loops": 1
                                },
                                {
                                    "Worker Number": 3,
                                    "Actual Startup Time": 238.658,
                                    "Actual Total Time": 238.661,
                                    "Actual Rows": 1,
                                    "Actual Loops": 1
                                }
                            ],
                            "Plans": [
                                {
                                    "Node Type": "Hash Join",
                                    "Parent Relationship": "Outer",
                                    "Parallel Aware": true,
                                    "Join Type": "Inner",
                                    "Startup Cost": 29598.85,
                                    "Total Cost": 77252.3,
                                    "Plan Rows": 57210,
                                    "Plan Width": 0,
                                    "Actual Startup Time": 99.921,
                                    "Actual Total Time": 237.9,
                                    "Actual Rows": 54470,
                                    "Actual Loops": 5,
                                    "Inner Unique": false,
                                    "Hash Cond": "(t.id = mc.movie_id)",
                                    "Workers": [
                                        {
                                            "Worker Number": 0,
                                            "Actual Startup Time": 97.153,
                                            "Actual Total Time": 235.063,
                                            "Actual Rows": 50463,
                                            "Actual Loops": 1
                                        },
                                        {
                                            "Worker Number": 1,
                                            "Actual Startup Time": 97.171,
                                            "Actual Total Time": 235.207,
                                            "Actual Rows": 49760,
                                            "Actual Loops": 1
                                        },
                                        {
                                            "Worker Number": 2,
                                            "Actual Startup Time": 97.849,
                                            "Actual Total Time": 236.014,
                                            "Actual Rows": 52805,
                                            "Actual Loops": 1
                                        },
                                        {
                                            "Worker Number": 3,
                                            "Actual Startup Time": 98.057,
                                            "Actual Total Time": 235.957,
                                            "Actual Rows": 53569,
                                            "Actual Loops": 1
                                        }
                                    ],
                                    "Plans": [
                                        {
                                            "Node Type": "Seq Scan",
                                            "Parent Relationship": "Outer",
                                            "Parallel Aware": true,
                                            "Relation Name": "title",
                                            "Schema": "public",
                                            "Alias": "t",
                                            "Startup Cost": 0.0,
                                            "Total Cost": 45479.21,
                                            "Plan Rows": 397938,
                                            "Plan Width": 4,
                                            "Actual Startup Time": 0.011,
                                            "Actual Total Time": 72.184,
                                            "Actual Rows": 343432,
                                            "Actual Loops": 5,
                                            "Output": [
                                                "t.id",
                                                "t.title",
                                                "t.imdb_index",
                                                "t.kind_id",
                                                "t.production_year",
                                                "t.imdb_id",
                                                "t.phonetic_code",
                                                "t.episode_of_id",
                                                "t.season_nr",
                                                "t.episode_nr",
                                                "t.series_years",
                                                "t.md5sum"
                                            ],
                                            "Filter": "((t.kind_id > 1) AND (t.production_year > 1963))",
                                            "Rows Removed by Filter": 162231,
                                            "Workers": [
                                                {
                                                    "Worker Number": 0,
                                                    "Actual Startup Time": 0.012,
                                                    "Actual Total Time": 73.627,
                                                    "Actual Rows": 317596,
                                                    "Actual Loops": 1
                                                },
                                                {
                                                    "Worker Number": 1,
                                                    "Actual Startup Time": 0.01,
                                                    "Actual Total Time": 72.953,
                                                    "Actual Rows": 315317,
                                                    "Actual Loops": 1
                                                },
                                                {
                                                    "Worker Number": 2,
                                                    "Actual Startup Time": 0.009,
                                                    "Actual Total Time": 73.505,
                                                    "Actual Rows": 332853,
                                                    "Actual Loops": 1
                                                },
                                                {
                                                    "Worker Number": 3,
                                                    "Actual Startup Time": 0.013,
                                                    "Actual Total Time": 73.967,
                                                    "Actual Rows": 337716,
                                                    "Actual Loops": 1
                                                }
                                            ]
                                        },
                                        {
                                            "Node Type": "Hash",
                                            "Parent Relationship": "Inner",
                                            "Parallel Aware": true,
                                            "Startup Cost": 28133.16,
                                            "Total Cost": 28133.16,
                                            "Plan Rows": 117255,
                                            "Plan Width": 4,
                                            "Actual Startup Time": 98.036,
                                            "Actual Total Time": 98.038,
                                            "Actual Rows": 71613,
                                            "Actual Loops": 5,
                                            "Output": [
                                                "mc.movie_id"
                                            ],
                                            "Hash Buckets": 524288,
                                            "Original Hash Buckets": 524288,
                                            "Hash Batches": 1,
                                            "Original Hash Batches": 1,
                                            "Peak Memory Usage": 18176,
                                            "Workers": [
                                                {
                                                    "Worker Number": 0,
                                                    "Actual Startup Time": 96.592,
                                                    "Actual Total Time": 96.594,
                                                    "Actual Rows": 54557,
                                                    "Actual Loops": 1
                                                },
                                                {
                                                    "Worker Number": 1,
                                                    "Actual Startup Time": 96.635,
                                                    "Actual Total Time": 96.637,
                                                    "Actual Rows": 59572,
                                                    "Actual Loops": 1
                                                },
                                                {
                                                    "Worker Number": 2,
                                                    "Actual Startup Time": 97.396,
                                                    "Actual Total Time": 97.398,
                                                    "Actual Rows": 54218,
                                                    "Actual Loops": 1
                                                },
                                                {
                                                    "Worker Number": 3,
                                                    "Actual Startup Time": 97.637,
                                                    "Actual Total Time": 97.639,
                                                    "Actual Rows": 54465,
                                                    "Actual Loops": 1
                                                }
                                            ],
                                            "Plans": [
                                                {
                                                    "Node Type": "Bitmap Heap Scan",
                                                    "Parent Relationship": "Outer",
                                                    "Parallel Aware": true,
                                                    "Relation Name": "movie_companies",
                                                    "Schema": "public",
                                                    "Alias": "mc",
                                                    "Startup Cost": 7877.48,
                                                    "Total Cost": 28133.16,
                                                    "Plan Rows": 117255,
                                                    "Plan Width": 4,
                                                    "Actual Startup Time": 20.994,
                                                    "Actual Total Time": 67.233,
                                                    "Actual Rows": 71613,
                                                    "Actual Loops": 5,
                                                    "Output": [
                                                        "mc.movie_id"
                                                    ],
                                                    "Recheck Cond": "(mc.company_id < 181)",
                                                    "Rows Removed by Index Recheck": 0,
                                                    "Exact Heap Blocks": 6199,
                                                    "Lossy Heap Blocks": 0,
                                                    "Workers": [
                                                        {
                                                            "Worker Number": 0,
                                                            "Actual Startup Time": 19.652,
                                                            "Actual Total Time": 67.403,
                                                            "Actual Rows": 54557,
                                                            "Actual Loops": 1
                                                        },
                                                        {
                                                            "Worker Number": 1,
                                                            "Actual Startup Time": 19.858,
                                                            "Actual Total Time": 67.278,
                                                            "Actual Rows": 59572,
                                                            "Actual Loops": 1
                                                        },
                                                        {
                                                            "Worker Number": 2,
                                                            "Actual Startup Time": 20.276,
                                                            "Actual Total Time": 69.445,
                                                            "Actual Rows": 54218,
                                                            "Actual Loops": 1
                                                        },
                                                        {
                                                            "Worker Number": 3,
                                                            "Actual Startup Time": 20.504,
                                                            "Actual Total Time": 70.07,
                                                            "Actual Rows": 54465,
                                                            "Actual Loops": 1
                                                        }
                                                    ],
                                                    "Plans": [
                                                        {
                                                            "Node Type": "Bitmap Index Scan",
                                                            "Parent Relationship": "Outer",
                                                            "Parallel Aware": false,
                                                            "Index Name": "company_id_movie_companies",
                                                            "Startup Cost": 0.0,
                                                            "Total Cost": 7786.6,
                                                            "Plan Rows": 363490,
                                                            "Plan Width": 0,
                                                            "Actual Startup Time": 22.044,
                                                            "Actual Total Time": 22.044,
                                                            "Actual Rows": 358065,
                                                            "Actual Loops": 1,
                                                            "Index Cond": "(mc.company_id < 181)"
                                                        }
                                                    ]
                                                }
                                            ]
                                        }
                                    ]
                                }
                            ]
                        }
                    ]
                }
            ]
        },
        "Planning Time": 210.52,
        "Triggers": [],
        "Execution Time": 262.88
    }
]