[
  {
    "Plan": {
      "Node Type": "Aggregate",
      "Strategy": "Plain",
      "Partial Mode": "Finalize",
      "Parallel Aware": false,
      "Startup Cost": 46488.85,
      "Total Cost": 46488.86,
      "Plan Rows": 1,
      "Plan Width": 8,
      "Actual Startup Time": 88.265,
      "Actual Total Time": 100.973,
      "Actual Rows": 1,
      "Actual Loops": 1,
      "Plans": [
        {
          "Node Type": "Gather",
          "Parent Relationship": "Outer",
          "Parallel Aware": false,
          "Startup Cost": 46488.43,
          "Total Cost": 46488.84,
          "Plan Rows": 4,
          "Plan Width": 8,
          "Actual Startup Time": 88.066,
          "Actual Total Time": 100.956,
          "Actual Rows": 5,
          "Actual Loops": 1,
          "Workers Planned": 4,
          "Workers Launched": 4,
          "Single Copy": false,
          "Plans": [
            {
              "Node Type": "Aggregate",
              "Strategy": "Plain",
              "Partial Mode": "Partial",
              "Parent Relationship": "Outer",
              "Parallel Aware": false,
              "Startup Cost": 45488.43,
              "Total Cost": 45488.44,
              "Plan Rows": 1,
              "Plan Width": 8,
              "Actual Startup Time": 83.88,
              "Actual Total Time": 83.882,
              "Actual Rows": 1,
              "Actual Loops": 5,
              "Plans": [
                {
                  "Node Type": "Seq Scan",
                  "Parent Relationship": "Outer",
                  "Parallel Aware": true,
                  "Relation Name": "title",
                  "Alias": "t",
                  "Startup Cost": 0.0,
                  "Total Cost": 45479.59,
                  "Plan Rows": 3538,
                  "Plan Width": 0,
                  "Actual Startup Time": 0.034,
                  "Actual Total Time": 83.556,
                  "Actual Rows": 2990,
                  "Actual Loops": 5,
                  "Filter": "((kind_id > 4) AND (production_year = 1992))",
                  "Rows Removed by Filter": 502672
                }
              ]
            }
          ]
        }
      ]
    },
    "Planning Time": 0.213,
    "Triggers": [],
    "Execution Time": 101.034
  }
]