[
  {
    "Plan": {
      "Node Type": "Aggregate",
      "Strategy": "Plain",
      "Partial Mode": "Finalize",
      "Parallel Aware": false,
      "Startup Cost": 80894.71,
      "Total Cost": 80894.72,
      "Plan Rows": 1,
      "Plan Width": 8,
      "Actual Startup Time": 276.863,
      "Actual Total Time": 294.541,
      "Actual Rows": 1,
      "Actual Loops": 1,
      "Plans": [
        {
          "Node Type": "Gather",
          "Parent Relationship": "Outer",
          "Parallel Aware": false,
          "Startup Cost": 80894.29,
          "Total Cost": 80894.7,
          "Plan Rows": 4,
          "Plan Width": 8,
          "Actual Startup Time": 275.298,
          "Actual Total Time": 294.529,
          "Actual Rows": 5,
          "Actual Loops": 1,
          "Workers Planned": 4,
          "Workers Launched": 4,
          "Single Copy": false,
          "Plans": [
            {
              "Node Type": "Aggregate",
              "Strategy": "Plain",
              "Partial Mode": "Partial",
              "Parent Relationship": "Outer",
              "Parallel Aware": false,
              "Startup Cost": 79894.29,
              "Total Cost": 79894.3,
              "Plan Rows": 1,
              "Plan Width": 8,
              "Actual Startup Time": 265.27,
              "Actual Total Time": 265.273,
              "Actual Rows": 1,
              "Actual Loops": 5,
              "Plans": [
                {
                  "Node Type": "Hash Join",
                  "Parent Relationship": "Outer",
                  "Parallel Aware": true,
                  "Join Type": "Inner",
                  "Startup Cost": 33629.12,
                  "Total Cost": 79551.08,
                  "Plan Rows": 137286,
                  "Plan Width": 0,
                  "Actual Startup Time": 192.058,
                  "Actual Total Time": 262.634,
                  "Actual Rows": 52142,
                  "Actual Loops": 5,
                  "Inner Unique": false,
                  "Hash Cond": "(t.id = mc.movie_id)",
                  "Plans": [
                    {
                      "Node Type": "Seq Scan",
                      "Parent Relationship": "Outer",
                      "Parallel Aware": true,
                      "Relation Name": "title",
                      "Alias": "t",
                      "Startup Cost": 0.0,
                      "Total Cost": 42318.73,
                      "Plan Rows": 632073,
                      "Plan Width": 4,
                      "Actual Startup Time": 0.014,
                      "Actual Total Time": 67.457,
                      "Actual Rows": 505662,
                      "Actual Loops": 5
                    },
                    {
                      "Node Type": "Hash",
                      "Parent Relationship": "Inner",
                      "Parallel Aware": true,
                      "Startup Cost": 31414.82,
                      "Total Cost": 31414.82,
                      "Plan Rows": 177144,
                      "Plan Width": 4,
                      "Actual Startup Time": 100.501,
                      "Actual Total Time": 100.502,
                      "Actual Rows": 52142,
                      "Actual Loops": 5,
                      "Hash Buckets": 1048576,
                      "Original Hash Buckets": 1048576,
                      "Hash Batches": 1,
                      "Original Hash Batches": 1,
                      "Peak Memory Usage": 18496,
                      "Plans": [
                        {
                          "Node Type": "Seq Scan",
                          "Parent Relationship": "Outer",
                          "Parallel Aware": true,
                          "Relation Name": "movie_companies",
                          "Alias": "mc",
                          "Startup Cost": 0.0,
                          "Total Cost": 31414.82,
                          "Plan Rows": 177144,
                          "Plan Width": 4,
                          "Actual Startup Time": 21.583,
                          "Actual Total Time": 73.273,
                          "Actual Rows": 52142,
                          "Actual Loops": 5,
                          "Filter": "((company_id > 13734) AND (company_type_id < 2))",
                          "Rows Removed by Filter": 469684
                        }
                      ]
                    }
                  ]
                }
              ]
            }
          ]
        }
      ]
    },
    "Planning Time": 0.726,
    "Triggers": [],
    "Execution Time": 294.62
  }
]