{
  "Plan": {
    "Node Type": "Aggregate",
    "Strategy": "Plain",
    "Partial Mode": "Finalize",
    "Parallel Aware": false,
    "Startup Cost": 371595.18,
    "Total Cost": 371595.19,
    "Plan Rows": 1,
    "Plan Width": 8,
    "Actual Startup Time": 2759.899,
    "Actual Total Time": 2809.681,
    "Actual Rows": 1,
    "Actual Loops": 1,
    "Plans": [
      {
        "Node Type": "Gather",
        "Parent Relationship": "Outer",
        "Parallel Aware": false,
        "Startup Cost": 371595.07,
        "Total Cost": 371595.18,
        "Plan Rows": 1,
        "Plan Width": 8,
        "Actual Startup Time": 2755.206,
        "Actual Total Time": 2809.674,
        "Actual Rows": 2,
        "Actual Loops": 1,
        "Workers Planned": 1,
        "Workers Launched": 1,
        "Single Copy": false,
        "Plans": [
          {
            "Node Type": "Aggregate",
            "Strategy": "Plain",
            "Partial Mode": "Partial",
            "Parent Relationship": "Outer",
            "Parallel Aware": false,
            "Startup Cost": 370595.07,
            "Total Cost": 370595.08,
            "Plan Rows": 1,
            "Plan Width": 8,
            "Actual Startup Time": 2742.518,
            "Actual Total Time": 2742.521,
            "Actual Rows": 1,
            "Actual Loops": 2,
            "Plans": [
              {
                "Node Type": "Hash Join",
                "Parent Relationship": "Outer",
                "Parallel Aware": true,
                "Join Type": "Inner",
                "Startup Cost": 72107.41,
                "Total Cost": 357450.12,
                "Plan Rows": 5257979,
                "Plan Width": 0,
                "Actual Startup Time": 538.564,
                "Actual Total Time": 2569.273,
                "Actual Rows": 4390660,
                "Actual Loops": 2,
                "Inner Unique": true,
                "Hash Cond": "(mi.movie_id = t.id)",
                "Plans": [
                  {
                    "Node Type": "Seq Scan",
                    "Parent Relationship": "Outer",
                    "Parallel Aware": true,
                    "Relation Name": "movie_info",
                    "Alias": "mi",
                    "Startup Cost": 0.0,
                    "Total Cost": 270696.42,
                    "Plan Rows": 5579529,
                    "Plan Width": 4,
                    "Actual Startup Time": 0.011,
                    "Actual Total Time": 719.739,
                    "Actual Rows": 4782576,
                    "Actual Loops": 2,
                    "Filter": "(info_type_id < 16)",
                    "Rows Removed by Filter": 2635284
                  },
                  {
                    "Node Type": "Hash",
                    "Parent Relationship": "Inner",
                    "Parallel Aware": true,
                    "Startup Cost": 54588.39,
                    "Total Cost": 54588.39,
                    "Plan Rows": 1401522,
                    "Plan Width": 4,
                    "Actual Startup Time": 516.013,
                    "Actual Total Time": 516.014,
                    "Actual Rows": 1189176,
                    "Actual Loops": 2,
                    "Hash Buckets": 4194304,
                    "Original Hash Buckets": 4194304,
                    "Hash Batches": 1,
                    "Original Hash Batches": 1,
                    "Peak Memory Usage": 125824,
                    "Plans": [
                      {
                        "Node Type": "Seq Scan",
                        "Parent Relationship": "Outer",
                        "Parallel Aware": true,
                        "Relation Name": "title",
                        "Alias": "t",
                        "Startup Cost": 0.0,
                        "Total Cost": 54588.39,
                        "Plan Rows": 1401522,
                        "Plan Width": 4,
                        "Actual Startup Time": 0.032,
                        "Actual Total Time": 183.483,
                        "Actual Rows": 1189176,
                        "Actual Loops": 2,
                        "Filter": "(production_year > 1917)",
                        "Rows Removed by Filter": 74980
                      }
                    ]
                  }
                ]
              }
            ]
          }
        ]
      }
    ]
  },
  "Planning Time": 0.439,
  "Triggers": [],
  "Execution Time": 2809.757
}