{
    "Plan": {
        "Node Type": "Aggregate",
        "Strategy": "Plain",
        "Partial Mode": "Simple",
        "Parallel Aware": false,
        "Startup Cost": 50000998991.25,
        "Total Cost": 50000998991.26,
        "Plan Rows": 1,
        "Plan Width": 96,
        "Actual Startup Time": 4726.62,
        "Actual Total Time": 4788.91,
        "Actual Rows": 1,
        "Actual Loops": 1,
        "Output": [
            "min(cn.name)",
            "min((lt.link)::text)",
            "min(t.title)"
        ],
        "Plans": [
            {
                "Node Type": "Hash Join",
                "Parent Relationship": "Outer",
                "Parallel Aware": false,
                "Join Type": "Inner",
                "Startup Cost": 50000998978.9,
                "Total Cost": 50000998991.24,
                "Plan Rows": 1,
                "Plan Width": 48,
                "Actual Startup Time": 4726.335,
                "Actual Total Time": 4788.773,
                "Actual Rows": 1194,
                "Actual Loops": 1,
                "Output": [
                    "cn.name",
                    "lt.link",
                    "t.title"
                ],
                "Inner Unique": false,
                "Hash Cond": "(ml.movie_id = t.id)",
                "Plans": [
                    {
                        "Node Type": "Hash Join",
                        "Parent Relationship": "Outer",
                        "Parallel Aware": false,
                        "Join Type": "Inner",
                        "Startup Cost": 20000239317.36,
                        "Total Cost": 20000239329.69,
                        "Plan Rows": 1,
                        "Plan Width": 20,
                        "Actual Startup Time": 1448.543,
                        "Actual Total Time": 1448.578,
                        "Actual Rows": 199,
                        "Actual Loops": 1,
                        "Output": [
                            "mk.movie_id",
                            "ml.movie_id",
                            "lt.link"
                        ],
                        "Inner Unique": false,
                        "Hash Cond": "(lt.id = ml.link_type_id)",
                        "Plans": [
                            {
                                "Node Type": "Index Scan",
                                "Parent Relationship": "Outer",
                                "Parallel Aware": false,
                                "Scan Direction": "Forward",
                                "Index Name": "link_type_pkey",
                                "Relation Name": "link_type",
                                "Schema": "public",
                                "Alias": "lt",
                                "Startup Cost": 10000000000.14,
                                "Total Cost": 10000000012.45,
                                "Plan Rows": 1,
                                "Plan Width": 16,
                                "Actual Startup Time": 0.131,
                                "Actual Total Time": 0.139,
                                "Actual Rows": 2,
                                "Actual Loops": 1,
                                "Output": [
                                    "lt.id",
                                    "lt.link"
                                ],
                                "Filter": "((lt.link)::text ~~ '%follow%'::text)",
                                "Rows Removed by Filter": 16
                            },
                            {
                                "Node Type": "Hash",
                                "Parent Relationship": "Inner",
                                "Parallel Aware": false,
                                "Startup Cost": 10000239317.09,
                                "Total Cost": 10000239317.09,
                                "Plan Rows": 10,
                                "Plan Width": 12,
                                "Actual Startup Time": 1448.401,
                                "Actual Total Time": 1448.407,
                                "Actual Rows": 251,
                                "Actual Loops": 1,
                                "Output": [
                                    "mk.movie_id",
                                    "ml.link_type_id",
                                    "ml.movie_id"
                                ],
                                "Hash Buckets": 1024,
                                "Original Hash Buckets": 1024,
                                "Hash Batches": 1,
                                "Original Hash Batches": 1,
                                "Peak Memory Usage": 19,
                                "Plans": [
                                    {
                                        "Node Type": "Nested Loop",
                                        "Parent Relationship": "Outer",
                                        "Parallel Aware": false,
                                        "Join Type": "Inner",
                                        "Startup Cost": 10000233727.33,
                                        "Total Cost": 10000239317.09,
                                        "Plan Rows": 10,
                                        "Plan Width": 12,
                                        "Actual Startup Time": 1411.621,
                                        "Actual Total Time": 1448.361,
                                        "Actual Rows": 251,
                                        "Actual Loops": 1,
                                        "Output": [
                                            "mk.movie_id",
                                            "ml.link_type_id",
                                            "ml.movie_id"
                                        ],
                                        "Inner Unique": false,
                                        "Plans": [
                                            {
                                                "Node Type": "Hash Join",
                                                "Parent Relationship": "Outer",
                                                "Parallel Aware": false,
                                                "Join Type": "Inner",
                                                "Startup Cost": 233727.0,
                                                "Total Cost": 239166.17,
                                                "Plan Rows": 34,
                                                "Plan Width": 4,
                                                "Actual Startup Time": 1377.499,
                                                "Actual Total Time": 1416.933,
                                                "Actual Rows": 10544,
                                                "Actual Loops": 1,
                                                "Output": [
                                                    "mk.movie_id"
                                                ],
                                                "Inner Unique": false,
                                                "Hash Cond": "(k.id = mk.keyword_id)",
                                                "Plans": [
                                                    {
                                                        "Node Type": "Index Scan",
                                                        "Parent Relationship": "Outer",
                                                        "Parallel Aware": false,
                                                        "Scan Direction": "Forward",
                                                        "Index Name": "keyword_pkey",
                                                        "Relation Name": "keyword",
                                                        "Schema": "public",
                                                        "Alias": "k",
                                                        "Startup Cost": 0.42,
                                                        "Total Cost": 5342.92,
                                                        "Plan Rows": 1,
                                                        "Plan Width": 4,
                                                        "Actual Startup Time": 0.437,
                                                        "Actual Total Time": 36.414,
                                                        "Actual Rows": 1,
                                                        "Actual Loops": 1,
                                                        "Output": [
                                                            "k.id",
                                                            "k.keyword",
                                                            "k.phonetic_code"
                                                        ],
                                                        "Filter": "(k.keyword = 'sequel'::text)",
                                                        "Rows Removed by Filter": 134169
                                                    },
                                                    {
                                                        "Node Type": "Hash",
                                                        "Parent Relationship": "Inner",
                                                        "Parallel Aware": false,
                                                        "Startup Cost": 177177.46,
                                                        "Total Cost": 177177.46,
                                                        "Plan Rows": 4523930,
                                                        "Plan Width": 8,
                                                        "Actual Startup Time": 1363.173,
                                                        "Actual Total Time": 1363.175,
                                                        "Actual Rows": 4523930,
                                                        "Actual Loops": 1,
                                                        "Output": [
                                                            "mk.movie_id",
                                                            "mk.keyword_id"
                                                        ],
                                                        "Hash Buckets": 8388608,
                                                        "Original Hash Buckets": 8388608,
                                                        "Hash Batches": 1,
                                                        "Original Hash Batches": 1,
                                                        "Peak Memory Usage": 242253,
                                                        "Plans": [
                                                            {
                                                                "Node Type": "Index Scan",
                                                                "Parent Relationship": "Outer",
                                                                "Parallel Aware": false,
                                                                "Scan Direction": "Forward",
                                                                "Index Name": "movie_id_movie_keyword",
                                                                "Relation Name": "movie_keyword",
                                                                "Schema": "public",
                                                                "Alias": "mk",
                                                                "Startup Cost": 0.43,
                                                                "Total Cost": 177177.46,
                                                                "Plan Rows": 4523930,
                                                                "Plan Width": 8,
                                                                "Actual Startup Time": 0.03,
                                                                "Actual Total Time": 725.737,
                                                                "Actual Rows": 4523930,
                                                                "Actual Loops": 1,
                                                                "Output": [
                                                                    "mk.movie_id",
                                                                    "mk.keyword_id"
                                                                ]
                                                            }
                                                        ]
                                                    }
                                                ]
                                            },
                                            {
                                                "Node Type": "Bitmap Heap Scan",
                                                "Parent Relationship": "Inner",
                                                "Parallel Aware": false,
                                                "Relation Name": "movie_link",
                                                "Schema": "public",
                                                "Alias": "ml",
                                                "Startup Cost": 0.33,
                                                "Total Cost": 4.39,
                                                "Plan Rows": 5,
                                                "Plan Width": 8,
                                                "Actual Startup Time": 0.002,
                                                "Actual Total Time": 0.002,
                                                "Actual Rows": 0,
                                                "Actual Loops": 10544,
                                                "Output": [
                                                    "ml.id",
                                                    "ml.movie_id",
                                                    "ml.linked_movie_id",
                                                    "ml.link_type_id"
                                                ],
                                                "Recheck Cond": "(ml.movie_id = mk.movie_id)",
                                                "Rows Removed by Index Recheck": 0,
                                                "Exact Heap Blocks": 35,
                                                "Lossy Heap Blocks": 0,
                                                "Plans": [
                                                    {
                                                        "Node Type": "Bitmap Index Scan",
                                                        "Parent Relationship": "Outer",
                                                        "Parallel Aware": false,
                                                        "Index Name": "movie_id_movie_link",
                                                        "Startup Cost": 0.0,
                                                        "Total Cost": 0.33,
                                                        "Plan Rows": 5,
                                                        "Plan Width": 0,
                                                        "Actual Startup Time": 0.001,
                                                        "Actual Total Time": 0.001,
                                                        "Actual Rows": 0,
                                                        "Actual Loops": 10544,
                                                        "Index Cond": "(ml.movie_id = mk.movie_id)"
                                                    }
                                                ]
                                            }
                                        ]
                                    }
                                ]
                            }
                        ]
                    },
                    {
                        "Node Type": "Hash",
                        "Parent Relationship": "Inner",
                        "Parallel Aware": false,
                        "Startup Cost": 30000758591.89,
                        "Total Cost": 30000758591.89,
                        "Plan Rows": 85572,
                        "Plan Width": 48,
                        "Actual Startup Time": 3277.602,
                        "Actual Total Time": 3339.882,
                        "Actual Rows": 81084,
                        "Actual Loops": 1,
                        "Output": [
                            "cn.name",
                            "mc.movie_id",
                            "mi.movie_id",
                            "t.title",
                            "t.id"
                        ],
                        "Hash Buckets": 131072,
                        "Original Hash Buckets": 131072,
                        "Hash Batches": 1,
                        "Original Hash Batches": 1,
                        "Peak Memory Usage": 7778,
                        "Plans": [
                            {
                                "Node Type": "Gather Merge",
                                "Parent Relationship": "Outer",
                                "Parallel Aware": false,
                                "Startup Cost": 30000461738.31,
                                "Total Cost": 30000758591.89,
                                "Plan Rows": 85572,
                                "Plan Width": 48,
                                "Actual Startup Time": 3025.756,
                                "Actual Total Time": 3313.377,
                                "Actual Rows": 81084,
                                "Actual Loops": 1,
                                "Output": [
                                    "cn.name",
                                    "mc.movie_id",
                                    "mi.movie_id",
                                    "t.title",
                                    "t.id"
                                ],
                                "Workers Planned": 5,
                                "Workers Launched": 5,
                                "Plans": [
                                    {
                                        "Node Type": "Nested Loop",
                                        "Parent Relationship": "Outer",
                                        "Parallel Aware": false,
                                        "Join Type": "Inner",
                                        "Startup Cost": 30000460738.23,
                                        "Total Cost": 30000747286.82,
                                        "Plan Rows": 17114,
                                        "Plan Width": 48,
                                        "Actual Startup Time": 2830.358,
                                        "Actual Total Time": 2989.339,
                                        "Actual Rows": 13514,
                                        "Actual Loops": 6,
                                        "Output": [
                                            "cn.name",
                                            "mc.movie_id",
                                            "mi.movie_id",
                                            "t.title",
                                            "t.id"
                                        ],
                                        "Inner Unique": true,
                                        "Workers": [
                                            {
                                                "Worker Number": 0,
                                                "Actual Startup Time": 2845.412,
                                                "Actual Total Time": 2992.886,
                                                "Actual Rows": 9382,
                                                "Actual Loops": 1
                                            },
                                            {
                                                "Worker Number": 1,
                                                "Actual Startup Time": 2916.569,
                                                "Actual Total Time": 3071.055,
                                                "Actual Rows": 12253,
                                                "Actual Loops": 1
                                            },
                                            {
                                                "Worker Number": 2,
                                                "Actual Startup Time": 3007.752,
                                                "Actual Total Time": 3138.286,
                                                "Actual Rows": 9568,
                                                "Actual Loops": 1
                                            },
                                            {
                                                "Worker Number": 3,
                                                "Actual Startup Time": 2845.0,
                                                "Actual Total Time": 3001.92,
                                                "Actual Rows": 12439,
                                                "Actual Loops": 1
                                            },
                                            {
                                                "Worker Number": 4,
                                                "Actual Startup Time": 2905.563,
                                                "Actual Total Time": 3065.159,
                                                "Actual Rows": 12952,
                                                "Actual Loops": 1
                                            }
                                        ],
                                        "Plans": [
                                            {
                                                "Node Type": "Merge Join",
                                                "Parent Relationship": "Outer",
                                                "Parallel Aware": false,
                                                "Join Type": "Inner",
                                                "Startup Cost": 20000460738.09,
                                                "Total Cost": 20000462830.44,
                                                "Plan Rows": 68457,
                                                "Plan Width": 52,
                                                "Actual Startup Time": 2830.299,
                                                "Actual Total Time": 2899.592,
                                                "Actual Rows": 14406,
                                                "Actual Loops": 6,
                                                "Output": [
                                                    "cn.name",
                                                    "mc.movie_id",
                                                    "mc.company_type_id",
                                                    "mi.movie_id",
                                                    "t.title",
                                                    "t.id"
                                                ],
                                                "Inner Unique": false,
                                                "Merge Cond": "(mi.movie_id = t.id)",
                                                "Workers": [
                                                    {
                                                        "Worker Number": 0,
                                                        "Actual Startup Time": 2845.348,
                                                        "Actual Total Time": 2912.641,
                                                        "Actual Rows": 9999,
                                                        "Actual Loops": 1
                                                    },
                                                    {
                                                        "Worker Number": 1,
                                                        "Actual Startup Time": 2916.525,
                                                        "Actual Total Time": 2985.367,
                                                        "Actual Rows": 13107,
                                                        "Actual Loops": 1
                                                    },
                                                    {
                                                        "Worker Number": 2,
                                                        "Actual Startup Time": 3007.688,
                                                        "Actual Total Time": 3066.848,
                                                        "Actual Rows": 10177,
                                                        "Actual Loops": 1
                                                    },
                                                    {
                                                        "Worker Number": 3,
                                                        "Actual Startup Time": 2844.92,
                                                        "Actual Total Time": 2911.797,
                                                        "Actual Rows": 13289,
                                                        "Actual Loops": 1
                                                    },
                                                    {
                                                        "Worker Number": 4,
                                                        "Actual Startup Time": 2905.491,
                                                        "Actual Total Time": 2973.796,
                                                        "Actual Rows": 13866,
                                                        "Actual Loops": 1
                                                    }
                                                ],
                                                "Plans": [
                                                    {
                                                        "Node Type": "Sort",
                                                        "Parent Relationship": "Outer",
                                                        "Parallel Aware": false,
                                                        "Startup Cost": 248995.08,
                                                        "Total Cost": 249668.42,
                                                        "Plan Rows": 269337,
                                                        "Plan Width": 4,
                                                        "Actual Startup Time": 836.701,
                                                        "Actual Total Time": 853.584,
                                                        "Actual Rows": 235789,
                                                        "Actual Loops": 6,
                                                        "Output": [
                                                            "mi.movie_id"
                                                        ],
                                                        "Sort Key": [
                                                            "mi.movie_id"
                                                        ],
                                                        "Sort Method": "quicksort",
                                                        "Sort Space Used": 33790,
                                                        "Sort Space Type": "Memory",
                                                        "Workers": [
                                                            {
                                                                "Worker Number": 0,
                                                                "Actual Startup Time": 825.293,
                                                                "Actual Total Time": 840.017,
                                                                "Actual Rows": 164805,
                                                                "Actual Loops": 1
                                                            },
                                                            {
                                                                "Worker Number": 1,
                                                                "Actual Startup Time": 836.04,
                                                                "Actual Total Time": 852.771,
                                                                "Actual Rows": 209444,
                                                                "Actual Loops": 1
                                                            },
                                                            {
                                                                "Worker Number": 2,
                                                                "Actual Startup Time": 825.322,
                                                                "Actual Total Time": 837.686,
                                                                "Actual Rows": 163850,
                                                                "Actual Loops": 1
                                                            },
                                                            {
                                                                "Worker Number": 3,
                                                                "Actual Startup Time": 836.028,
                                                                "Actual Total Time": 851.672,
                                                                "Actual Rows": 207542,
                                                                "Actual Loops": 1
                                                            },
                                                            {
                                                                "Worker Number": 4,
                                                                "Actual Startup Time": 836.809,
                                                                "Actual Total Time": 853.489,
                                                                "Actual Rows": 210410,
                                                                "Actual Loops": 1
                                                            }
                                                        ],
                                                        "Plans": [
                                                            {
                                                                "Node Type": "Seq Scan",
                                                                "Parent Relationship": "Outer",
                                                                "Parallel Aware": true,
                                                                "Relation Name": "movie_info",
                                                                "Schema": "public",
                                                                "Alias": "mi",
                                                                "Startup Cost": 0.0,
                                                                "Total Cost": 224702.15,
                                                                "Plan Rows": 269337,
                                                                "Plan Width": 4,
                                                                "Actual Startup Time": 0.084,
                                                                "Actual Total Time": 767.807,
                                                                "Actual Rows": 235799,
                                                                "Actual Loops": 6,
                                                                "Output": [
                                                                    "mi.movie_id"
                                                                ],
                                                                "Filter": "(mi.info = ANY ('{Denish,English,Bulgaria,USA,Danish,Norwegian,Norway,Sweden,Germany}'::text[]))",
                                                                "Rows Removed by Filter": 2236821,
                                                                "Workers": [
                                                                    {
                                                                        "Worker Number": 0,
                                                                        "Actual Startup Time": 0.118,
                                                                        "Actual Total Time": 763.888,
                                                                        "Actual Rows": 164813,
                                                                        "Actual Loops": 1
                                                                    },
                                                                    {
                                                                        "Worker Number": 1,
                                                                        "Actual Startup Time": 0.088,
                                                                        "Actual Total Time": 765.745,
                                                                        "Actual Rows": 209449,
                                                                        "Actual Loops": 1
                                                                    },
                                                                    {
                                                                        "Worker Number": 2,
                                                                        "Actual Startup Time": 0.118,
                                                                        "Actual Total Time": 763.66,
                                                                        "Actual Rows": 163855,
                                                                        "Actual Loops": 1
                                                                    },
                                                                    {
                                                                        "Worker Number": 3,
                                                                        "Actual Startup Time": 0.082,
                                                                        "Actual Total Time": 766.22,
                                                                        "Actual Rows": 207557,
                                                                        "Actual Loops": 1
                                                                    },
                                                                    {
                                                                        "Worker Number": 4,
                                                                        "Actual Startup Time": 0.088,
                                                                        "Actual Total Time": 766.197,
                                                                        "Actual Rows": 210419,
                                                                        "Actual Loops": 1
                                                                    }
                                                                ]
                                                            }
                                                        ]
                                                    },
                                                    {
                                                        "Node Type": "Sort",
                                                        "Parent Relationship": "Inner",
                                                        "Parallel Aware": false,
                                                        "Startup Cost": 20000211742.96,
                                                        "Total Cost": 20000212050.53,
                                                        "Plan Rows": 123028,
                                                        "Plan Width": 48,
                                                        "Actual Startup Time": 1993.565,
                                                        "Actual Total Time": 2007.174,
                                                        "Actual Rows": 82188,
                                                        "Actual Loops": 6,
                                                        "Output": [
                                                            "cn.name",
                                                            "mc.movie_id",
                                                            "mc.company_type_id",
                                                            "t.title",
                                                            "t.id"
                                                        ],
                                                        "Sort Key": [
                                                            "mc.movie_id"
                                                        ],
                                                        "Sort Method": "quicksort",
                                                        "Sort Space Used": 11921,
                                                        "Sort Space Type": "Memory",
                                                        "Workers": [
                                                            {
                                                                "Worker Number": 0,
                                                                "Actual Startup Time": 2020.008,
                                                                "Actual Total Time": 2035.022,
                                                                "Actual Rows": 81546,
                                                                "Actual Loops": 1
                                                            },
                                                            {
                                                                "Worker Number": 1,
                                                                "Actual Startup Time": 2080.458,
                                                                "Actual Total Time": 2093.909,
                                                                "Actual Rows": 81867,
                                                                "Actual Loops": 1
                                                            },
                                                            {
                                                                "Worker Number": 2,
                                                                "Actual Startup Time": 2182.332,
                                                                "Actual Total Time": 2196.382,
                                                                "Actual Rows": 81386,
                                                                "Actual Loops": 1
                                                            },
                                                            {
                                                                "Worker Number": 3,
                                                                "Actual Startup Time": 2008.862,
                                                                "Actual Total Time": 2022.703,
                                                                "Actual Rows": 82007,
                                                                "Actual Loops": 1
                                                            },
                                                            {
                                                                "Worker Number": 4,
                                                                "Actual Startup Time": 2068.657,
                                                                "Actual Total Time": 2082.053,
                                                                "Actual Rows": 81921,
                                                                "Actual Loops": 1
                                                            }
                                                        ],
                                                        "Plans": [
                                                            {
                                                                "Node Type": "Hash Join",
                                                                "Parent Relationship": "Outer",
                                                                "Parallel Aware": false,
                                                                "Join Type": "Inner",
                                                                "Startup Cost": 20000108389.81,
                                                                "Total Cost": 20000201341.78,
                                                                "Plan Rows": 123028,
                                                                "Plan Width": 48,
                                                                "Actual Startup Time": 1065.588,
                                                                "Actual Total Time": 1953.355,
                                                                "Actual Rows": 80728,
                                                                "Actual Loops": 6,
                                                                "Output": [
                                                                    "cn.name",
                                                                    "mc.movie_id",
                                                                    "mc.company_type_id",
                                                                    "t.title",
                                                                    "t.id"
                                                                ],
                                                                "Inner Unique": false,
                                                                "Hash Cond": "(mc.company_id = cn.id)",
                                                                "Workers": [
                                                                    {
                                                                        "Worker Number": 0,
                                                                        "Actual Startup Time": 1075.794,
                                                                        "Actual Total Time": 1980.481,
                                                                        "Actual Rows": 80728,
                                                                        "Actual Loops": 1
                                                                    },
                                                                    {
                                                                        "Worker Number": 1,
                                                                        "Actual Startup Time": 1151.701,
                                                                        "Actual Total Time": 2041.499,
                                                                        "Actual Rows": 80728,
                                                                        "Actual Loops": 1
                                                                    },
                                                                    {
                                                                        "Worker Number": 2,
                                                                        "Actual Startup Time": 1216.313,
                                                                        "Actual Total Time": 2137.027,
                                                                        "Actual Rows": 80728,
                                                                        "Actual Loops": 1
                                                                    },
                                                                    {
                                                                        "Worker Number": 3,
                                                                        "Actual Startup Time": 1064.661,
                                                                        "Actual Total Time": 1970.797,
                                                                        "Actual Rows": 80728,
                                                                        "Actual Loops": 1
                                                                    },
                                                                    {
                                                                        "Worker Number": 4,
                                                                        "Actual Startup Time": 1132.462,
                                                                        "Actual Total Time": 2021.177,
                                                                        "Actual Rows": 80728,
                                                                        "Actual Loops": 1
                                                                    }
                                                                ],
                                                                "Plans": [
                                                                    {
                                                                        "Node Type": "Hash Join",
                                                                        "Parent Relationship": "Outer",
                                                                        "Parallel Aware": false,
                                                                        "Join Type": "Inner",
                                                                        "Startup Cost": 20000100648.21,
                                                                        "Total Cost": 20000190232.84,
                                                                        "Plan Rows": 569883,
                                                                        "Plan Width": 33,
                                                                        "Actual Startup Time": 986.328,
                                                                        "Actual Total Time": 1782.267,
                                                                        "Actual Rows": 481013,
                                                                        "Actual Loops": 6,
                                                                        "Output": [
                                                                            "mc.movie_id",
                                                                            "mc.company_type_id",
                                                                            "mc.company_id",
                                                                            "t.title",
                                                                            "t.id"
                                                                        ],
                                                                        "Inner Unique": false,
                                                                        "Hash Cond": "(t.id = mc.movie_id)",
                                                                        "Workers": [
                                                                            {
                                                                                "Worker Number": 0,
                                                                                "Actual Startup Time": 988.984,
                                                                                "Actual Total Time": 1798.237,
                                                                                "Actual Rows": 481013,
                                                                                "Actual Loops": 1
                                                                            },
                                                                            {
                                                                                "Worker Number": 1,
                                                                                "Actual Startup Time": 1068.559,
                                                                                "Actual Total Time": 1863.934,
                                                                                "Actual Rows": 481013,
                                                                                "Actual Loops": 1
                                                                            },
                                                                            {
                                                                                "Worker Number": 2,
                                                                                "Actual Startup Time": 1129.497,
                                                                                "Actual Total Time": 1953.933,
                                                                                "Actual Rows": 481013,
                                                                                "Actual Loops": 1
                                                                            },
                                                                            {
                                                                                "Worker Number": 3,
                                                                                "Actual Startup Time": 978.704,
                                                                                "Actual Total Time": 1800.072,
                                                                                "Actual Rows": 481013,
                                                                                "Actual Loops": 1
                                                                            },
                                                                            {
                                                                                "Worker Number": 4,
                                                                                "Actual Startup Time": 1049.718,
                                                                                "Actual Total Time": 1844.681,
                                                                                "Actual Rows": 481013,
                                                                                "Actual Loops": 1
                                                                            }
                                                                        ],
                                                                        "Plans": [
                                                                            {
                                                                                "Node Type": "Seq Scan",
                                                                                "Parent Relationship": "Outer",
                                                                                "Parallel Aware": false,
                                                                                "Relation Name": "title",
                                                                                "Schema": "public",
                                                                                "Alias": "t",
                                                                                "Startup Cost": 10000000000.0,
                                                                                "Total Cost": 10000073922.83,
                                                                                "Plan Rows": 1138625,
                                                                                "Plan Width": 21,
                                                                                "Actual Startup Time": 0.046,
                                                                                "Actual Total Time": 307.016,
                                                                                "Actual Rows": 1140172,
                                                                                "Actual Loops": 6,
                                                                                "Output": [
                                                                                    "t.id",
                                                                                    "t.title",
                                                                                    "t.imdb_index",
                                                                                    "t.kind_id",
                                                                                    "t.production_year",
                                                                                    "t.imdb_id",
                                                                                    "t.phonetic_code",
                                                                                    "t.episode_of_id",
                                                                                    "t.season_nr",
                                                                                    "t.episode_nr",
                                                                                    "t.series_years",
                                                                                    "t.md5sum"
                                                                                ],
                                                                                "Filter": "((t.production_year >= 1994) AND (t.production_year <= 2009))",
                                                                                "Rows Removed by Filter": 1388140,
                                                                                "Workers": [
                                                                                    {
                                                                                        "Worker Number": 0,
                                                                                        "Actual Startup Time": 0.063,
                                                                                        "Actual Total Time": 302.923,
                                                                                        "Actual Rows": 1140172,
                                                                                        "Actual Loops": 1
                                                                                    },
                                                                                    {
                                                                                        "Worker Number": 1,
                                                                                        "Actual Startup Time": 0.038,
                                                                                        "Actual Total Time": 297.561,
                                                                                        "Actual Rows": 1140172,
                                                                                        "Actual Loops": 1
                                                                                    },
                                                                                    {
                                                                                        "Worker Number": 2,
                                                                                        "Actual Startup Time": 0.06,
                                                                                        "Actual Total Time": 319.116,
                                                                                        "Actual Rows": 1140172,
                                                                                        "Actual Loops": 1
                                                                                    },
                                                                                    {
                                                                                        "Worker Number": 3,
                                                                                        "Actual Startup Time": 0.052,
                                                                                        "Actual Total Time": 323.936,
                                                                                        "Actual Rows": 1140172,
                                                                                        "Actual Loops": 1
                                                                                    },
                                                                                    {
                                                                                        "Worker Number": 4,
                                                                                        "Actual Startup Time": 0.045,
                                                                                        "Actual Total Time": 306.746,
                                                                                        "Actual Rows": 1140172,
                                                                                        "Actual Loops": 1
                                                                                    }
                                                                                ]
                                                                            },
                                                                            {
                                                                                "Node Type": "Hash",
                                                                                "Parent Relationship": "Inner",
                                                                                "Parallel Aware": false,
                                                                                "Startup Cost": 10000084830.36,
                                                                                "Total Cost": 10000084830.36,
                                                                                "Plan Rows": 1265428,
                                                                                "Plan Width": 12,
                                                                                "Actual Startup Time": 972.846,
                                                                                "Actual Total Time": 972.848,
                                                                                "Actual Rows": 1271989,
                                                                                "Actual Loops": 6,
                                                                                "Output": [
                                                                                    "mc.movie_id",
                                                                                    "mc.company_type_id",
                                                                                    "mc.company_id"
                                                                                ],
                                                                                "Hash Buckets": 2097152,
                                                                                "Original Hash Buckets": 2097152,
                                                                                "Hash Batches": 1,
                                                                                "Original Hash Batches": 1,
                                                                                "Peak Memory Usage": 71040,
                                                                                "Workers": [
                                                                                    {
                                                                                        "Worker Number": 0,
                                                                                        "Actual Startup Time": 973.244,
                                                                                        "Actual Total Time": 973.246,
                                                                                        "Actual Rows": 1271989,
                                                                                        "Actual Loops": 1
                                                                                    },
                                                                                    {
                                                                                        "Worker Number": 1,
                                                                                        "Actual Startup Time": 1053.282,
                                                                                        "Actual Total Time": 1053.283,
                                                                                        "Actual Rows": 1271989,
                                                                                        "Actual Loops": 1
                                                                                    },
                                                                                    {
                                                                                        "Worker Number": 2,
                                                                                        "Actual Startup Time": 1114.021,
                                                                                        "Actual Total Time": 1114.023,
                                                                                        "Actual Rows": 1271989,
                                                                                        "Actual Loops": 1
                                                                                    },
                                                                                    {
                                                                                        "Worker Number": 3,
                                                                                        "Actual Startup Time": 962.811,
                                                                                        "Actual Total Time": 962.813,
                                                                                        "Actual Rows": 1271989,
                                                                                        "Actual Loops": 1
                                                                                    },
                                                                                    {
                                                                                        "Worker Number": 4,
                                                                                        "Actual Startup Time": 1033.907,
                                                                                        "Actual Total Time": 1033.908,
                                                                                        "Actual Rows": 1271989,
                                                                                        "Actual Loops": 1
                                                                                    }
                                                                                ],
                                                                                "Plans": [
                                                                                    {
                                                                                        "Node Type": "Index Scan",
                                                                                        "Parent Relationship": "Outer",
                                                                                        "Parallel Aware": false,
                                                                                        "Scan Direction": "Forward",
                                                                                        "Index Name": "company_type_id_movie_companies",
                                                                                        "Relation Name": "movie_companies",
                                                                                        "Schema": "public",
                                                                                        "Alias": "mc",
                                                                                        "Startup Cost": 10000000000.43,
                                                                                        "Total Cost": 10000084830.36,
                                                                                        "Plan Rows": 1265428,
                                                                                        "Plan Width": 12,
                                                                                        "Actual Startup Time": 0.1,
                                                                                        "Actual Total Time": 585.833,
                                                                                        "Actual Rows": 1271989,
                                                                                        "Actual Loops": 6,
                                                                                        "Output": [
                                                                                            "mc.movie_id",
                                                                                            "mc.company_type_id",
                                                                                            "mc.company_id"
                                                                                        ],
                                                                                        "Filter": "(mc.note IS NULL)",
                                                                                        "Rows Removed by Filter": 1337140,
                                                                                        "Workers": [
                                                                                            {
                                                                                                "Worker Number": 0,
                                                                                                "Actual Startup Time": 0.1,
                                                                                                "Actual Total Time": 586.599,
                                                                                                "Actual Rows": 1271989,
                                                                                                "Actual Loops": 1
                                                                                            },
                                                                                            {
                                                                                                "Worker Number": 1,
                                                                                                "Actual Startup Time": 0.093,
                                                                                                "Actual Total Time": 632.946,
                                                                                                "Actual Rows": 1271989,
                                                                                                "Actual Loops": 1
                                                                                            },
                                                                                            {
                                                                                                "Worker Number": 2,
                                                                                                "Actual Startup Time": 0.126,
                                                                                                "Actual Total Time": 659.055,
                                                                                                "Actual Rows": 1271989,
                                                                                                "Actual Loops": 1
                                                                                            },
                                                                                            {
                                                                                                "Worker Number": 3,
                                                                                                "Actual Startup Time": 0.131,
                                                                                                "Actual Total Time": 574.248,
                                                                                                "Actual Rows": 1271989,
                                                                                                "Actual Loops": 1
                                                                                            },
                                                                                            {
                                                                                                "Worker Number": 4,
                                                                                                "Actual Startup Time": 0.092,
                                                                                                "Actual Total Time": 621.998,
                                                                                                "Actual Rows": 1271989,
                                                                                                "Actual Loops": 1
                                                                                            }
                                                                                        ]
                                                                                    }
                                                                                ]
                                                                            }
                                                                        ]
                                                                    },
                                                                    {
                                                                        "Node Type": "Hash",
                                                                        "Parent Relationship": "Inner",
                                                                        "Parallel Aware": false,
                                                                        "Startup Cost": 7107.45,
                                                                        "Total Cost": 7107.45,
                                                                        "Plan Rows": 50732,
                                                                        "Plan Width": 23,
                                                                        "Actual Startup Time": 78.632,
                                                                        "Actual Total Time": 78.633,
                                                                        "Actual Rows": 48302,
                                                                        "Actual Loops": 6,
                                                                        "Output": [
                                                                            "cn.name",
                                                                            "cn.id"
                                                                        ],
                                                                        "Hash Buckets": 65536,
                                                                        "Original Hash Buckets": 65536,
                                                                        "Hash Batches": 1,
                                                                        "Original Hash Batches": 1,
                                                                        "Peak Memory Usage": 3137,
                                                                        "Workers": [
                                                                            {
                                                                                "Worker Number": 0,
                                                                                "Actual Startup Time": 86.078,
                                                                                "Actual Total Time": 86.079,
                                                                                "Actual Rows": 48302,
                                                                                "Actual Loops": 1
                                                                            },
                                                                            {
                                                                                "Worker Number": 1,
                                                                                "Actual Startup Time": 82.458,
                                                                                "Actual Total Time": 82.459,
                                                                                "Actual Rows": 48302,
                                                                                "Actual Loops": 1
                                                                            },
                                                                            {
                                                                                "Worker Number": 2,
                                                                                "Actual Startup Time": 86.079,
                                                                                "Actual Total Time": 86.08,
                                                                                "Actual Rows": 48302,
                                                                                "Actual Loops": 1
                                                                            },
                                                                            {
                                                                                "Worker Number": 3,
                                                                                "Actual Startup Time": 85.21,
                                                                                "Actual Total Time": 85.211,
                                                                                "Actual Rows": 48302,
                                                                                "Actual Loops": 1
                                                                            },
                                                                            {
                                                                                "Worker Number": 4,
                                                                                "Actual Startup Time": 82.034,
                                                                                "Actual Total Time": 82.035,
                                                                                "Actual Rows": 48302,
                                                                                "Actual Loops": 1
                                                                            }
                                                                        ],
                                                                        "Plans": [
                                                                            {
                                                                                "Node Type": "Seq Scan",
                                                                                "Parent Relationship": "Outer",
                                                                                "Parallel Aware": false,
                                                                                "Relation Name": "company_name",
                                                                                "Schema": "public",
                                                                                "Alias": "cn",
                                                                                "Startup Cost": 0.0,
                                                                                "Total Cost": 7107.45,
                                                                                "Plan Rows": 50732,
                                                                                "Plan Width": 23,
                                                                                "Actual Startup Time": 0.064,
                                                                                "Actual Total Time": 63.537,
                                                                                "Actual Rows": 48302,
                                                                                "Actual Loops": 6,
                                                                                "Output": [
                                                                                    "cn.name",
                                                                                    "cn.id"
                                                                                ],
                                                                                "Filter": "(((cn.country_code)::text <> '[pl]'::text) AND ((cn.name ~~ '%Film%'::text) OR (cn.name ~~ '%Warner%'::text)))",
                                                                                "Rows Removed by Filter": 186695,
                                                                                "Workers": [
                                                                                    {
                                                                                        "Worker Number": 0,
                                                                                        "Actual Startup Time": 0.094,
                                                                                        "Actual Total Time": 69.436,
                                                                                        "Actual Rows": 48302,
                                                                                        "Actual Loops": 1
                                                                                    },
                                                                                    {
                                                                                        "Worker Number": 1,
                                                                                        "Actual Startup Time": 0.057,
                                                                                        "Actual Total Time": 65.941,
                                                                                        "Actual Rows": 48302,
                                                                                        "Actual Loops": 1
                                                                                    },
                                                                                    {
                                                                                        "Worker Number": 2,
                                                                                        "Actual Startup Time": 0.097,
                                                                                        "Actual Total Time": 69.154,
                                                                                        "Actual Rows": 48302,
                                                                                        "Actual Loops": 1
                                                                                    },
                                                                                    {
                                                                                        "Worker Number": 3,
                                                                                        "Actual Startup Time": 0.067,
                                                                                        "Actual Total Time": 68.782,
                                                                                        "Actual Rows": 48302,
                                                                                        "Actual Loops": 1
                                                                                    },
                                                                                    {
                                                                                        "Worker Number": 4,
                                                                                        "Actual Startup Time": 0.052,
                                                                                        "Actual Total Time": 65.699,
                                                                                        "Actual Rows": 48302,
                                                                                        "Actual Loops": 1
                                                                                    }
                                                                                ]
                                                                            }
                                                                        ]
                                                                    }
                                                                ]
                                                            }
                                                        ]
                                                    }
                                                ]
                                            },
                                            {
                                                "Node Type": "Bitmap Heap Scan",
                                                "Parent Relationship": "Inner",
                                                "Parallel Aware": false,
                                                "Relation Name": "company_type",
                                                "Schema": "public",
                                                "Alias": "ct",
                                                "Startup Cost": 0.14,
                                                "Total Cost": 4.15,
                                                "Plan Rows": 1,
                                                "Plan Width": 4,
                                                "Actual Startup Time": 0.003,
                                                "Actual Total Time": 0.003,
                                                "Actual Rows": 1,
                                                "Actual Loops": 86434,
                                                "Output": [
                                                    "ct.id",
                                                    "ct.kind"
                                                ],
                                                "Recheck Cond": "(ct.id = mc.company_type_id)",
                                                "Rows Removed by Index Recheck": 0,
                                                "Filter": "((ct.kind)::text = 'production companies'::text)",
                                                "Rows Removed by Filter": 0,
                                                "Exact Heap Blocks": 25996,
                                                "Lossy Heap Blocks": 0,
                                                "Workers": [
                                                    {
                                                        "Worker Number": 0,
                                                        "Actual Startup Time": 0.004,
                                                        "Actual Total Time": 0.004,
                                                        "Actual Rows": 1,
                                                        "Actual Loops": 9999
                                                    },
                                                    {
                                                        "Worker Number": 1,
                                                        "Actual Startup Time": 0.003,
                                                        "Actual Total Time": 0.003,
                                                        "Actual Rows": 1,
                                                        "Actual Loops": 13107
                                                    },
                                                    {
                                                        "Worker Number": 2,
                                                        "Actual Startup Time": 0.004,
                                                        "Actual Total Time": 0.004,
                                                        "Actual Rows": 1,
                                                        "Actual Loops": 10177
                                                    },
                                                    {
                                                        "Worker Number": 3,
                                                        "Actual Startup Time": 0.004,
                                                        "Actual Total Time": 0.004,
                                                        "Actual Rows": 1,
                                                        "Actual Loops": 13289
                                                    },
                                                    {
                                                        "Worker Number": 4,
                                                        "Actual Startup Time": 0.004,
                                                        "Actual Total Time": 0.004,
                                                        "Actual Rows": 1,
                                                        "Actual Loops": 13866
                                                    }
                                                ],
                                                "Plans": [
                                                    {
                                                        "Node Type": "Bitmap Index Scan",
                                                        "Parent Relationship": "Outer",
                                                        "Parallel Aware": false,
                                                        "Index Name": "company_type_pkey",
                                                        "Startup Cost": 0.0,
                                                        "Total Cost": 0.14,
                                                        "Plan Rows": 1,
                                                        "Plan Width": 0,
                                                        "Actual Startup Time": 0.002,
                                                        "Actual Total Time": 0.002,
                                                        "Actual Rows": 1,
                                                        "Actual Loops": 86434,
                                                        "Index Cond": "(ct.id = mc.company_type_id)",
                                                        "Workers": [
                                                            {
                                                                "Worker Number": 0,
                                                                "Actual Startup Time": 0.002,
                                                                "Actual Total Time": 0.002,
                                                                "Actual Rows": 1,
                                                                "Actual Loops": 9999
                                                            },
                                                            {
                                                                "Worker Number": 1,
                                                                "Actual Startup Time": 0.002,
                                                                "Actual Total Time": 0.002,
                                                                "Actual Rows": 1,
                                                                "Actual Loops": 13107
                                                            },
                                                            {
                                                                "Worker Number": 2,
                                                                "Actual Startup Time": 0.002,
                                                                "Actual Total Time": 0.002,
                                                                "Actual Rows": 1,
                                                                "Actual Loops": 10177
                                                            },
                                                            {
                                                                "Worker Number": 3,
                                                                "Actual Startup Time": 0.002,
                                                                "Actual Total Time": 0.002,
                                                                "Actual Rows": 1,
                                                                "Actual Loops": 13289
                                                            },
                                                            {
                                                                "Worker Number": 4,
                                                                "Actual Startup Time": 0.002,
                                                                "Actual Total Time": 0.002,
                                                                "Actual Rows": 1,
                                                                "Actual Loops": 13866
                                                            }
                                                        ]
                                                    }
                                                ]
                                            }
                                        ]
                                    }
                                ]
                            }
                        ]
                    }
                ]
            }
        ]
    },
    "Planning Time": 15.336,
    "Triggers": [],
    "Execution Time": 4792.885
}