[
  {
    "Plan": {
      "Node Type": "Aggregate",
      "Strategy": "Plain",
      "Partial Mode": "Finalize",
      "Parallel Aware": false,
      "Startup Cost": 33215.65,
      "Total Cost": 33215.66,
      "Plan Rows": 1,
      "Plan Width": 8,
      "Actual Startup Time": 83.904,
      "Actual Total Time": 91.616,
      "Actual Rows": 1,
      "Actual Loops": 1,
      "Plans": [
        {
          "Node Type": "Gather",
          "Parent Relationship": "Outer",
          "Parallel Aware": false,
          "Startup Cost": 33215.33,
          "Total Cost": 33215.64,
          "Plan Rows": 3,
          "Plan Width": 8,
          "Actual Startup Time": 83.811,
          "Actual Total Time": 91.608,
          "Actual Rows": 4,
          "Actual Loops": 1,
          "Workers Planned": 3,
          "Workers Launched": 3,
          "Single Copy": false,
          "Plans": [
            {
              "Node Type": "Aggregate",
              "Strategy": "Plain",
              "Partial Mode": "Partial",
              "Parent Relationship": "Outer",
              "Parallel Aware": false,
              "Startup Cost": 32215.33,
              "Total Cost": 32215.34,
              "Plan Rows": 1,
              "Plan Width": 8,
              "Actual Startup Time": 80.541,
              "Actual Total Time": 80.542,
              "Actual Rows": 1,
              "Actual Loops": 4,
              "Plans": [
                {
                  "Node Type": "Seq Scan",
                  "Parent Relationship": "Outer",
                  "Parallel Aware": true,
                  "Relation Name": "movie_companies",
                  "Alias": "mc",
                  "Startup Cost": 0.0,
                  "Total Cost": 31414.82,
                  "Plan Rows": 320206,
                  "Plan Width": 0,
                  "Actual Startup Time": 33.064,
                  "Actual Total Time": 68.801,
                  "Actual Rows": 287036,
                  "Actual Loops": 4,
                  "Filter": "((company_id > 969) AND (company_type_id = 2))",
                  "Rows Removed by Filter": 365246
                }
              ]
            }
          ]
        }
      ]
    },
    "Planning Time": 0.098,
    "Triggers": [],
    "Execution Time": 91.646
  }
]