[
  {
    "Plan": {
      "Node Type": "Aggregate",
      "Strategy": "Plain",
      "Partial Mode": "Finalize",
      "Parallel Aware": false,
      "Startup Cost": 33210.85,
      "Total Cost": 33210.86,
      "Plan Rows": 1,
      "Plan Width": 8,
      "Actual Startup Time": 102.859,
      "Actual Total Time": 110.548,
      "Actual Rows": 1,
      "Actual Loops": 1,
      "Plans": [
        {
          "Node Type": "Gather",
          "Parent Relationship": "Outer",
          "Parallel Aware": false,
          "Startup Cost": 33210.53,
          "Total Cost": 33210.84,
          "Plan Rows": 3,
          "Plan Width": 8,
          "Actual Startup Time": 102.745,
          "Actual Total Time": 110.54,
          "Actual Rows": 4,
          "Actual Loops": 1,
          "Workers Planned": 3,
          "Workers Launched": 3,
          "Single Copy": false,
          "Plans": [
            {
              "Node Type": "Aggregate",
              "Strategy": "Plain",
              "Partial Mode": "Partial",
              "Parent Relationship": "Outer",
              "Parallel Aware": false,
              "Startup Cost": 32210.53,
              "Total Cost": 32210.54,
              "Plan Rows": 1,
              "Plan Width": 8,
              "Actual Startup Time": 95.669,
              "Actual Total Time": 95.67,
              "Actual Rows": 1,
              "Actual Loops": 4,
              "Plans": [
                {
                  "Node Type": "Seq Scan",
                  "Parent Relationship": "Outer",
                  "Parallel Aware": true,
                  "Relation Name": "movie_companies",
                  "Alias": "mc",
                  "Startup Cost": 0.0,
                  "Total Cost": 31414.82,
                  "Plan Rows": 318285,
                  "Plan Width": 0,
                  "Actual Startup Time": 49.276,
                  "Actual Total Time": 84.524,
                  "Actual Rows": 287036,
                  "Actual Loops": 4,
                  "Filter": "((company_id > 969) AND (company_type_id = 2))",
                  "Rows Removed by Filter": 365246
                }
              ]
            }
          ]
        }
      ]
    },
    "Planning Time": 0.226,
    "Triggers": [],
    "Execution Time": 110.607
  }
]