{
  "Plan": {
    "Node Type": "Aggregate",
    "Strategy": "Plain",
    "Partial Mode": "Finalize",
    "Parallel Aware": false,
    "Startup Cost": 304853.48,
    "Total Cost": 304853.49,
    "Plan Rows": 1,
    "Plan Width": 8,
    "Actual Startup Time": 1167.071,
    "Actual Total Time": 1194.505,
    "Actual Rows": 1,
    "Actual Loops": 1,
    "Plans": [
      {
        "Node Type": "Gather",
        "Parent Relationship": "Outer",
        "Parallel Aware": false,
        "Startup Cost": 304853.37,
        "Total Cost": 304853.48,
        "Plan Rows": 1,
        "Plan Width": 8,
        "Actual Startup Time": 1165.282,
        "Actual Total Time": 1194.498,
        "Actual Rows": 2,
        "Actual Loops": 1,
        "Workers Planned": 1,
        "Workers Launched": 1,
        "Single Copy": false,
        "Plans": [
          {
            "Node Type": "Aggregate",
            "Strategy": "Plain",
            "Partial Mode": "Partial",
            "Parent Relationship": "Outer",
            "Parallel Aware": false,
            "Startup Cost": 303853.37,
            "Total Cost": 303853.38,
            "Plan Rows": 1,
            "Plan Width": 8,
            "Actual Startup Time": 1159.204,
            "Actual Total Time": 1159.208,
            "Actual Rows": 1,
            "Actual Loops": 2,
            "Plans": [
              {
                "Node Type": "Hash Join",
                "Parent Relationship": "Outer",
                "Parallel Aware": true,
                "Join Type": "Inner",
                "Startup Cost": 61720.32,
                "Total Cost": 303042.1,
                "Plan Rows": 324508,
                "Plan Width": 0,
                "Actual Startup Time": 425.06,
                "Actual Total Time": 1139.943,
                "Actual Rows": 443274,
                "Actual Loops": 2,
                "Inner Unique": true,
                "Hash Cond": "(ci.movie_id = t.id)",
                "Plans": [
                  {
                    "Node Type": "Index Scan",
                    "Parent Relationship": "Outer",
                    "Parallel Aware": true,
                    "Scan Direction": "Forward",
                    "Index Name": "role_id_cast_info",
                    "Relation Name": "cast_info",
                    "Alias": "ci",
                    "Startup Cost": 0.56,
                    "Total Cost": 236682.84,
                    "Plan Rows": 1767428,
                    "Plan Width": 4,
                    "Actual Startup Time": 201.069,
                    "Actual Total Time": 523.475,
                    "Actual Rows": 2022098,
                    "Actual Loops": 2,
                    "Index Cond": "(role_id = 2)",
                    "Rows Removed by Index Recheck": 0,
                    "Filter": "(person_id > 2177286)",
                    "Rows Removed by Filter": 1703889
                  },
                  {
                    "Node Type": "Hash",
                    "Parent Relationship": "Inner",
                    "Parallel Aware": true,
                    "Startup Cost": 58306.47,
                    "Total Cost": 58306.47,
                    "Plan Rows": 273063,
                    "Plan Width": 4,
                    "Actual Startup Time": 218.174,
                    "Actual Total Time": 218.175,
                    "Actual Rows": 278746,
                    "Actual Loops": 2,
                    "Hash Buckets": 1048576,
                    "Original Hash Buckets": 524288,
                    "Hash Batches": 1,
                    "Original Hash Batches": 1,
                    "Peak Memory Usage": 34144,
                    "Plans": [
                      {
                        "Node Type": "Seq Scan",
                        "Parent Relationship": "Outer",
                        "Parallel Aware": true,
                        "Relation Name": "title",
                        "Alias": "t",
                        "Startup Cost": 0.0,
                        "Total Cost": 58306.47,
                        "Plan Rows": 273063,
                        "Plan Width": 4,
                        "Actual Startup Time": 0.043,
                        "Actual Total Time": 149.1,
                        "Actual Rows": 278746,
                        "Actual Loops": 2,
                        "Filter": "((kind_id < 7) AND (production_year < 2003))",
                        "Rows Removed by Filter": 985410
                      }
                    ]
                  }
                ]
              }
            ]
          }
        ]
      }
    ]
  },
  "Planning Time": 0.806,
  "Triggers": [],
  "Execution Time": 1194.584
}