[
  {
    "Plan": {
      "Node Type": "Aggregate",
      "Strategy": "Plain",
      "Partial Mode": "Finalize",
      "Parallel Aware": false,
      "Startup Cost": 335324.48,
      "Total Cost": 335324.49,
      "Plan Rows": 1,
      "Plan Width": 8,
      "Actual Startup Time": 736.523,
      "Actual Total Time": 796.199,
      "Actual Rows": 1,
      "Actual Loops": 1,
      "Plans": [
        {
          "Node Type": "Gather",
          "Parent Relationship": "Outer",
          "Parallel Aware": false,
          "Startup Cost": 335323.85,
          "Total Cost": 335324.46,
          "Plan Rows": 6,
          "Plan Width": 8,
          "Actual Startup Time": 736.361,
          "Actual Total Time": 796.187,
          "Actual Rows": 7,
          "Actual Loops": 1,
          "Workers Planned": 6,
          "Workers Launched": 6,
          "Single Copy": false,
          "Plans": [
            {
              "Node Type": "Aggregate",
              "Strategy": "Plain",
              "Partial Mode": "Partial",
              "Parent Relationship": "Outer",
              "Parallel Aware": false,
              "Startup Cost": 334323.85,
              "Total Cost": 334323.86,
              "Plan Rows": 1,
              "Plan Width": 8,
              "Actual Startup Time": 726.223,
              "Actual Total Time": 726.224,
              "Actual Rows": 1,
              "Actual Loops": 7,
              "Plans": [
                {
                  "Node Type": "Seq Scan",
                  "Parent Relationship": "Outer",
                  "Parallel Aware": true,
                  "Relation Name": "cast_info",
                  "Alias": "ci",
                  "Startup Cost": 0.0,
                  "Total Cost": 328162.03,
                  "Plan Rows": 2464730,
                  "Plan Width": 0,
                  "Actual Startup Time": 256.762,
                  "Actual Total Time": 627.812,
                  "Actual Rows": 2110415,
                  "Actual Loops": 7,
                  "Filter": "(person_id > 2176375)",
                  "Rows Removed by Filter": 3067349
                }
              ]
            }
          ]
        }
      ]
    },
    "Planning Time": 0.133,
    "Triggers": [],
    "Execution Time": 796.256
  }
]