[
  {
    "Plan": {
      "Node Type": "Aggregate",
      "Strategy": "Plain",
      "Partial Mode": "Finalize",
      "Parallel Aware": false,
      "Startup Cost": 33074.95,
      "Total Cost": 33074.96,
      "Plan Rows": 1,
      "Plan Width": 8,
      "Actual Startup Time": 90.354,
      "Actual Total Time": 97.751,
      "Actual Rows": 1,
      "Actual Loops": 1,
      "Plans": [
        {
          "Node Type": "Gather",
          "Parent Relationship": "Outer",
          "Parallel Aware": false,
          "Startup Cost": 33074.63,
          "Total Cost": 33074.94,
          "Plan Rows": 3,
          "Plan Width": 8,
          "Actual Startup Time": 90.279,
          "Actual Total Time": 97.744,
          "Actual Rows": 4,
          "Actual Loops": 1,
          "Workers Planned": 3,
          "Workers Launched": 3,
          "Single Copy": false,
          "Plans": [
            {
              "Node Type": "Aggregate",
              "Strategy": "Plain",
              "Partial Mode": "Partial",
              "Parent Relationship": "Outer",
              "Parallel Aware": false,
              "Startup Cost": 32074.63,
              "Total Cost": 32074.64,
              "Plan Rows": 1,
              "Plan Width": 8,
              "Actual Startup Time": 83.505,
              "Actual Total Time": 83.506,
              "Actual Rows": 1,
              "Actual Loops": 4,
              "Plans": [
                {
                  "Node Type": "Seq Scan",
                  "Parent Relationship": "Outer",
                  "Parallel Aware": true,
                  "Relation Name": "movie_companies",
                  "Alias": "mc",
                  "Startup Cost": 0.0,
                  "Total Cost": 31414.82,
                  "Plan Rows": 263926,
                  "Plan Width": 0,
                  "Actual Startup Time": 3.227,
                  "Actual Total Time": 76.378,
                  "Actual Rows": 151652,
                  "Actual Loops": 4,
                  "Filter": "((company_id > 3638) AND (company_type_id < 2))",
                  "Rows Removed by Filter": 500630
                }
              ]
            }
          ]
        }
      ]
    },
    "Planning Time": 0.177,
    "Triggers": [],
    "Execution Time": 97.8
  }
]