{
  "Plan": {
    "Node Type": "Aggregate",
    "Strategy": "Plain",
    "Partial Mode": "Finalize",
    "Parallel Aware": false,
    "Startup Cost": 283242.33,
    "Total Cost": 283242.34,
    "Plan Rows": 1,
    "Plan Width": 8,
    "Actual Startup Time": 4175.117,
    "Actual Total Time": 4277.373,
    "Actual Rows": 1,
    "Actual Loops": 1,
    "Plans": [
      {
        "Node Type": "Gather",
        "Parent Relationship": "Outer",
        "Parallel Aware": false,
        "Startup Cost": 283242.22,
        "Total Cost": 283242.33,
        "Plan Rows": 1,
        "Plan Width": 8,
        "Actual Startup Time": 4172.799,
        "Actual Total Time": 4277.366,
        "Actual Rows": 2,
        "Actual Loops": 1,
        "Workers Planned": 1,
        "Workers Launched": 1,
        "Single Copy": false,
        "Plans": [
          {
            "Node Type": "Aggregate",
            "Strategy": "Plain",
            "Partial Mode": "Partial",
            "Parent Relationship": "Outer",
            "Parallel Aware": false,
            "Startup Cost": 282242.22,
            "Total Cost": 282242.23,
            "Plan Rows": 1,
            "Plan Width": 8,
            "Actual Startup Time": 4166.432,
            "Actual Total Time": 4166.436,
            "Actual Rows": 1,
            "Actual Loops": 2,
            "Plans": [
              {
                "Node Type": "Nested Loop",
                "Parent Relationship": "Outer",
                "Parallel Aware": false,
                "Join Type": "Inner",
                "Startup Cost": 67436.71,
                "Total Cost": 280823.58,
                "Plan Rows": 567456,
                "Plan Width": 0,
                "Actual Startup Time": 274.805,
                "Actual Total Time": 4030.145,
                "Actual Rows": 3041942,
                "Actual Loops": 2,
                "Inner Unique": false,
                "Plans": [
                  {
                    "Node Type": "Hash Join",
                    "Parent Relationship": "Outer",
                    "Parallel Aware": true,
                    "Join Type": "Inner",
                    "Startup Cost": 67436.14,
                    "Total Cost": 94219.92,
                    "Plan Rows": 60402,
                    "Plan Width": 8,
                    "Actual Startup Time": 274.726,
                    "Actual Total Time": 401.921,
                    "Actual Rows": 116037,
                    "Actual Loops": 2,
                    "Inner Unique": true,
                    "Hash Cond": "(mk.movie_id = t.id)",
                    "Plans": [
                      {
                        "Node Type": "Bitmap Heap Scan",
                        "Parent Relationship": "Outer",
                        "Parallel Aware": true,
                        "Relation Name": "movie_keyword",
                        "Alias": "mk",
                        "Startup Cost": 5557.84,
                        "Total Cost": 31937.27,
                        "Plan Rows": 154035,
                        "Plan Width": 4,
                        "Actual Startup Time": 17.055,
                        "Actual Total Time": 71.569,
                        "Actual Rows": 136223,
                        "Actual Loops": 2,
                        "Recheck Cond": "(keyword_id < 231)",
                        "Rows Removed by Index Recheck": 0,
                        "Exact Heap Blocks": 12958,
                        "Lossy Heap Blocks": 0,
                        "Plans": [
                          {
                            "Node Type": "Bitmap Index Scan",
                            "Parent Relationship": "Outer",
                            "Parallel Aware": false,
                            "Index Name": "keyword_id_movie_keyword",
                            "Startup Cost": 0.0,
                            "Total Cost": 5492.38,
                            "Plan Rows": 261859,
                            "Plan Width": 0,
                            "Actual Startup Time": 13.398,
                            "Actual Total Time": 13.399,
                            "Actual Rows": 272446,
                            "Actual Loops": 1,
                            "Index Cond": "(keyword_id < 231)"
                          }
                        ]
                      },
                      {
                        "Node Type": "Hash",
                        "Parent Relationship": "Inner",
                        "Parallel Aware": true,
                        "Startup Cost": 54588.39,
                        "Total Cost": 54588.39,
                        "Plan Rows": 583193,
                        "Plan Width": 4,
                        "Actual Startup Time": 251.615,
                        "Actual Total Time": 251.616,
                        "Actual Rows": 492524,
                        "Actual Loops": 2,
                        "Hash Buckets": 1048576,
                        "Original Hash Buckets": 1048576,
                        "Hash Batches": 1,
                        "Original Hash Batches": 1,
                        "Peak Memory Usage": 46752,
                        "Plans": [
                          {
                            "Node Type": "Seq Scan",
                            "Parent Relationship": "Outer",
                            "Parallel Aware": true,
                            "Relation Name": "title",
                            "Alias": "t",
                            "Startup Cost": 0.0,
                            "Total Cost": 54588.39,
                            "Plan Rows": 583193,
                            "Plan Width": 4,
                            "Actual Startup Time": 0.032,
                            "Actual Total Time": 144.292,
                            "Actual Rows": 492524,
                            "Actual Loops": 2,
                            "Filter": "(kind_id < 7)",
                            "Rows Removed by Filter": 771632
                          }
                        ]
                      }
                    ]
                  },
                  {
                    "Node Type": "Index Scan",
                    "Parent Relationship": "Inner",
                    "Parallel Aware": false,
                    "Scan Direction": "Forward",
                    "Index Name": "movie_id_cast_info",
                    "Relation Name": "cast_info",
                    "Alias": "ci",
                    "Startup Cost": 0.56,
                    "Total Cost": 2.85,
                    "Plan Rows": 24,
                    "Plan Width": 4,
                    "Actual Startup Time": 0.013,
                    "Actual Total Time": 0.029,
                    "Actual Rows": 26,
                    "Actual Loops": 232074,
                    "Index Cond": "(movie_id = t.id)",
                    "Rows Removed by Index Recheck": 0,
                    "Filter": "(role_id > 1)",
                    "Rows Removed by Filter": 16
                  }
                ]
              }
            ]
          }
        ]
      }
    ]
  },
  "Planning Time": 0.49,
  "Triggers": [],
  "Execution Time": 4277.459
}