{
  "Plan": {
    "Node Type": "Aggregate",
    "Strategy": "Plain",
    "Partial Mode": "Finalize",
    "Parallel Aware": false,
    "Startup Cost": 760388.17,
    "Total Cost": 760388.18,
    "Plan Rows": 1,
    "Plan Width": 8,
    "Actual Startup Time": 3806.192,
    "Actual Total Time": 3881.194,
    "Actual Rows": 1,
    "Actual Loops": 1,
    "Plans": [
      {
        "Node Type": "Gather",
        "Parent Relationship": "Outer",
        "Parallel Aware": false,
        "Startup Cost": 760388.06,
        "Total Cost": 760388.17,
        "Plan Rows": 1,
        "Plan Width": 8,
        "Actual Startup Time": 3803.874,
        "Actual Total Time": 3881.184,
        "Actual Rows": 2,
        "Actual Loops": 1,
        "Workers Planned": 1,
        "Workers Launched": 1,
        "Single Copy": false,
        "Plans": [
          {
            "Node Type": "Aggregate",
            "Strategy": "Plain",
            "Partial Mode": "Partial",
            "Parent Relationship": "Outer",
            "Parallel Aware": false,
            "Startup Cost": 759388.06,
            "Total Cost": 759388.07,
            "Plan Rows": 1,
            "Plan Width": 8,
            "Actual Startup Time": 3798.006,
            "Actual Total Time": 3798.317,
            "Actual Rows": 1,
            "Actual Loops": 2,
            "Plans": [
              {
                "Node Type": "Hash Join",
                "Parent Relationship": "Outer",
                "Parallel Aware": true,
                "Join Type": "Inner",
                "Startup Cost": 128364.92,
                "Total Cost": 743333.08,
                "Plan Rows": 6421991,
                "Plan Width": 0,
                "Actual Startup Time": 605.15,
                "Actual Total Time": 3710.587,
                "Actual Rows": 2084604,
                "Actual Loops": 2,
                "Inner Unique": false,
                "Hash Cond": "(ci.movie_id = t.id)",
                "Plans": [
                  {
                    "Node Type": "Seq Scan",
                    "Parent Relationship": "Outer",
                    "Parallel Aware": true,
                    "Relation Name": "cast_info",
                    "Alias": "ci",
                    "Startup Cost": 0.0,
                    "Total Cost": 519069.44,
                    "Plan Rows": 15499281,
                    "Plan Width": 4,
                    "Actual Startup Time": 0.016,
                    "Actual Total Time": 1525.318,
                    "Actual Rows": 13233192,
                    "Actual Loops": 2,
                    "Filter": "(person_id < 2732676)",
                    "Rows Removed by Filter": 4888980
                  },
                  {
                    "Node Type": "Hash",
                    "Parent Relationship": "Inner",
                    "Parallel Aware": true,
                    "Startup Cost": 120662.16,
                    "Total Cost": 120662.16,
                    "Plan Rows": 616221,
                    "Plan Width": 8,
                    "Actual Startup Time": 595.765,
                    "Actual Total Time": 596.075,
                    "Actual Rows": 116165,
                    "Actual Loops": 2,
                    "Hash Buckets": 1048576,
                    "Original Hash Buckets": 1048576,
                    "Hash Batches": 1,
                    "Original Hash Batches": 1,
                    "Peak Memory Usage": 17312,
                    "Plans": [
                      {
                        "Node Type": "Hash Join",
                        "Parent Relationship": "Outer",
                        "Parallel Aware": true,
                        "Join Type": "Inner",
                        "Startup Cost": 62611.32,
                        "Total Cost": 120662.16,
                        "Plan Rows": 616221,
                        "Plan Width": 8,
                        "Actual Startup Time": 224.187,
                        "Actual Total Time": 570.693,
                        "Actual Rows": 116165,
                        "Actual Loops": 2,
                        "Inner Unique": true,
                        "Hash Cond": "(mk.movie_id = t.id)",
                        "Plans": [
                          {
                            "Node Type": "Seq Scan",
                            "Parent Relationship": "Outer",
                            "Parallel Aware": true,
                            "Relation Name": "movie_keyword",
                            "Alias": "mk",
                            "Startup Cost": 0.0,
                            "Total Cost": 51065.35,
                            "Plan Rows": 2661135,
                            "Plan Width": 4,
                            "Actual Startup Time": 0.016,
                            "Actual Total Time": 150.021,
                            "Actual Rows": 2261965,
                            "Actual Loops": 2
                          },
                          {
                            "Node Type": "Hash",
                            "Parent Relationship": "Inner",
                            "Parallel Aware": true,
                            "Startup Cost": 58306.47,
                            "Total Cost": 58306.47,
                            "Plan Rows": 344388,
                            "Plan Width": 4,
                            "Actual Startup Time": 218.814,
                            "Actual Total Time": 218.815,
                            "Actual Rows": 243184,
                            "Actual Loops": 2,
                            "Hash Buckets": 1048576,
                            "Original Hash Buckets": 1048576,
                            "Hash Batches": 1,
                            "Original Hash Batches": 1,
                            "Peak Memory Usage": 27264,
                            "Plans": [
                              {
                                "Node Type": "Seq Scan",
                                "Parent Relationship": "Outer",
                                "Parallel Aware": true,
                                "Relation Name": "title",
                                "Alias": "t",
                                "Startup Cost": 0.0,
                                "Total Cost": 58306.47,
                                "Plan Rows": 344388,
                                "Plan Width": 4,
                                "Actual Startup Time": 0.034,
                                "Actual Total Time": 149.004,
                                "Actual Rows": 243184,
                                "Actual Loops": 2,
                                "Filter": "((production_year < 1999) AND (kind_id = 7))",
                                "Rows Removed by Filter": 1020972
                              }
                            ]
                          }
                        ]
                      }
                    ]
                  }
                ]
              }
            ]
          }
        ]
      }
    ]
  },
  "Planning Time": 0.943,
  "Triggers": [],
  "Execution Time": 3881.294
}