[
  {
    "Plan": {
      "Node Type": "Aggregate",
      "Strategy": "Plain",
      "Partial Mode": "Finalize",
      "Parallel Aware": false,
      "Startup Cost": 79646.6,
      "Total Cost": 79646.61,
      "Plan Rows": 1,
      "Plan Width": 8,
      "Actual Startup Time": 204.718,
      "Actual Total Time": 229.028,
      "Actual Rows": 1,
      "Actual Loops": 1,
      "Plans": [
        {
          "Node Type": "Gather",
          "Parent Relationship": "Outer",
          "Parallel Aware": false,
          "Startup Cost": 79646.28,
          "Total Cost": 79646.59,
          "Plan Rows": 3,
          "Plan Width": 8,
          "Actual Startup Time": 202.828,
          "Actual Total Time": 229.017,
          "Actual Rows": 4,
          "Actual Loops": 1,
          "Workers Planned": 3,
          "Workers Launched": 3,
          "Single Copy": false,
          "Plans": [
            {
              "Node Type": "Aggregate",
              "Strategy": "Plain",
              "Partial Mode": "Partial",
              "Parent Relationship": "Outer",
              "Parallel Aware": false,
              "Startup Cost": 78646.28,
              "Total Cost": 78646.29,
              "Plan Rows": 1,
              "Plan Width": 8,
              "Actual Startup Time": 193.645,
              "Actual Total Time": 193.649,
              "Actual Rows": 1,
              "Actual Loops": 4,
              "Plans": [
                {
                  "Node Type": "Nested Loop",
                  "Parent Relationship": "Outer",
                  "Parallel Aware": false,
                  "Join Type": "Inner",
                  "Startup Cost": 47049.35,
                  "Total Cost": 78629.04,
                  "Plan Rows": 6894,
                  "Plan Width": 0,
                  "Actual Startup Time": 126.682,
                  "Actual Total Time": 192.268,
                  "Actual Rows": 20418,
                  "Actual Loops": 4,
                  "Inner Unique": false,
                  "Plans": [
                    {
                      "Node Type": "Hash Join",
                      "Parent Relationship": "Outer",
                      "Parallel Aware": true,
                      "Join Type": "Inner",
                      "Startup Cost": 47048.91,
                      "Total Cost": 72931.94,
                      "Plan Rows": 1179,
                      "Plan Width": 8,
                      "Actual Startup Time": 126.562,
                      "Actual Total Time": 144.786,
                      "Actual Rows": 1364,
                      "Actual Loops": 4,
                      "Inner Unique": true,
                      "Hash Cond": "(mk.movie_id = t.id)",
                      "Plans": [
                        {
                          "Node Type": "Bitmap Heap Scan",
                          "Parent Relationship": "Outer",
                          "Parallel Aware": true,
                          "Relation Name": "movie_keyword",
                          "Alias": "mk",
                          "Startup Cost": 737.23,
                          "Total Cost": 26590.89,
                          "Plan Rows": 11188,
                          "Plan Width": 4,
                          "Actual Startup Time": 7.491,
                          "Actual Total Time": 21.936,
                          "Actual Rows": 8678,
                          "Actual Loops": 4,
                          "Recheck Cond": "(keyword_id = 2488)",
                          "Rows Removed by Index Recheck": 0,
                          "Exact Heap Blocks": 6930,
                          "Lossy Heap Blocks": 0,
                          "Plans": [
                            {
                              "Node Type": "Bitmap Index Scan",
                              "Parent Relationship": "Outer",
                              "Parallel Aware": false,
                              "Index Name": "keyword_id_movie_keyword",
                              "Startup Cost": 0.0,
                              "Total Cost": 728.55,
                              "Plan Rows": 34683,
                              "Plan Width": 0,
                              "Actual Startup Time": 5.218,
                              "Actual Total Time": 5.219,
                              "Actual Rows": 34710,
                              "Actual Loops": 1,
                              "Index Cond": "(keyword_id = 2488)"
                            }
                          ]
                        },
                        {
                          "Node Type": "Hash",
                          "Parent Relationship": "Inner",
                          "Parallel Aware": true,
                          "Startup Cost": 45479.1,
                          "Total Cost": 45479.1,
                          "Plan Rows": 66607,
                          "Plan Width": 4,
                          "Actual Startup Time": 115.426,
                          "Actual Total Time": 115.427,
                          "Actual Rows": 56746,
                          "Actual Loops": 4,
                          "Hash Buckets": 524288,
                          "Original Hash Buckets": 524288,
                          "Hash Batches": 1,
                          "Original Hash Batches": 1,
                          "Peak Memory Usage": 13024,
                          "Plans": [
                            {
                              "Node Type": "Seq Scan",
                              "Parent Relationship": "Outer",
                              "Parallel Aware": true,
                              "Relation Name": "title",
                              "Alias": "t",
                              "Startup Cost": 0.0,
                              "Total Cost": 45479.1,
                              "Plan Rows": 66607,
                              "Plan Width": 4,
                              "Actual Startup Time": 0.077,
                              "Actual Total Time": 94.3,
                              "Actual Rows": 56746,
                              "Actual Loops": 4,
                              "Filter": "((kind_id < 4) AND (production_year > 2007))",
                              "Rows Removed by Filter": 575332
                            }
                          ]
                        }
                      ]
                    },
                    {
                      "Node Type": "Index Only Scan",
                      "Parent Relationship": "Inner",
                      "Parallel Aware": false,
                      "Scan Direction": "Forward",
                      "Index Name": "movie_id_movie_info",
                      "Relation Name": "movie_info",
                      "Alias": "mi",
                      "Startup Cost": 0.43,
                      "Total Cost": 4.41,
                      "Plan Rows": 42,
                      "Plan Width": 4,
                      "Actual Startup Time": 0.01,
                      "Actual Total Time": 0.033,
                      "Actual Rows": 15,
                      "Actual Loops": 5456,
                      "Index Cond": "(movie_id = t.id)",
                      "Rows Removed by Index Recheck": 0,
                      "Heap Fetches": 81674
                    }
                  ]
                }
              ]
            }
          ]
        }
      ]
    },
    "Planning Time": 1.432,
    "Triggers": [],
    "Execution Time": 229.139
  }
]