{
  "Plan": {
    "Node Type": "Aggregate",
    "Strategy": "Plain",
    "Partial Mode": "Finalize",
    "Parallel Aware": false,
    "Startup Cost": 561657.66,
    "Total Cost": 561657.67,
    "Plan Rows": 1,
    "Plan Width": 8,
    "Actual Startup Time": 2435.977,
    "Actual Total Time": 2460.1,
    "Actual Rows": 1,
    "Actual Loops": 1,
    "Plans": [
      {
        "Node Type": "Gather",
        "Parent Relationship": "Outer",
        "Parallel Aware": false,
        "Startup Cost": 561657.55,
        "Total Cost": 561657.66,
        "Plan Rows": 1,
        "Plan Width": 8,
        "Actual Startup Time": 2432.797,
        "Actual Total Time": 2460.09,
        "Actual Rows": 2,
        "Actual Loops": 1,
        "Workers Planned": 1,
        "Workers Launched": 1,
        "Single Copy": false,
        "Plans": [
          {
            "Node Type": "Aggregate",
            "Strategy": "Plain",
            "Partial Mode": "Partial",
            "Parent Relationship": "Outer",
            "Parallel Aware": false,
            "Startup Cost": 560657.55,
            "Total Cost": 560657.56,
            "Plan Rows": 1,
            "Plan Width": 8,
            "Actual Startup Time": 2425.099,
            "Actual Total Time": 2425.104,
            "Actual Rows": 1,
            "Actual Loops": 2,
            "Plans": [
              {
                "Node Type": "Hash Join",
                "Parent Relationship": "Outer",
                "Parallel Aware": true,
                "Join Type": "Inner",
                "Startup Cost": 228924.07,
                "Total Cost": 556363.85,
                "Plan Rows": 1717479,
                "Plan Width": 0,
                "Actual Startup Time": 697.642,
                "Actual Total Time": 2353.992,
                "Actual Rows": 1685738,
                "Actual Loops": 2,
                "Inner Unique": true,
                "Hash Cond": "(ci.movie_id = t.id)",
                "Plans": [
                  {
                    "Node Type": "Bitmap Heap Scan",
                    "Parent Relationship": "Outer",
                    "Parallel Aware": true,
                    "Relation Name": "cast_info",
                    "Alias": "ci",
                    "Startup Cost": 162138.7,
                    "Total Cost": 479693.63,
                    "Plan Rows": 3765655,
                    "Plan Width": 4,
                    "Actual Startup Time": 319.849,
                    "Actual Total Time": 876.373,
                    "Actual Rows": 3613042,
                    "Actual Loops": 2,
                    "Recheck Cond": "(person_id < 732036)",
                    "Rows Removed by Index Recheck": 0,
                    "Filter": "(role_id < 10)",
                    "Rows Removed by Filter": 162976,
                    "Exact Heap Blocks": 44516,
                    "Lossy Heap Blocks": 0,
                    "Plans": [
                      {
                        "Node Type": "Bitmap Index Scan",
                        "Parent Relationship": "Outer",
                        "Parallel Aware": false,
                        "Index Name": "person_id_cast_info",
                        "Startup Cost": 0.0,
                        "Total Cost": 160538.3,
                        "Plan Rows": 7351698,
                        "Plan Width": 0,
                        "Actual Startup Time": 305.997,
                        "Actual Total Time": 305.998,
                        "Actual Rows": 7552035,
                        "Actual Loops": 1,
                        "Index Cond": "(person_id < 732036)"
                      }
                    ]
                  },
                  {
                    "Node Type": "Hash",
                    "Parent Relationship": "Inner",
                    "Parallel Aware": true,
                    "Startup Cost": 58306.47,
                    "Total Cost": 58306.47,
                    "Plan Rows": 678312,
                    "Plan Width": 4,
                    "Actual Startup Time": 363.299,
                    "Actual Total Time": 363.3,
                    "Actual Rows": 622265,
                    "Actual Loops": 2,
                    "Hash Buckets": 2097152,
                    "Original Hash Buckets": 2097152,
                    "Hash Batches": 1,
                    "Original Hash Batches": 1,
                    "Peak Memory Usage": 65088,
                    "Plans": [
                      {
                        "Node Type": "Seq Scan",
                        "Parent Relationship": "Outer",
                        "Parallel Aware": true,
                        "Relation Name": "title",
                        "Alias": "t",
                        "Startup Cost": 0.0,
                        "Total Cost": 58306.47,
                        "Plan Rows": 678312,
                        "Plan Width": 4,
                        "Actual Startup Time": 0.03,
                        "Actual Total Time": 165.817,
                        "Actual Rows": 622265,
                        "Actual Loops": 2,
                        "Filter": "((production_year > 1983) AND (kind_id = 7))",
                        "Rows Removed by Filter": 641891
                      }
                    ]
                  }
                ]
              }
            ]
          }
        ]
      }
    ]
  },
  "Planning Time": 0.765,
  "Triggers": [],
  "Execution Time": 2460.204
}