{
  "Plan": {
    "Node Type": "Aggregate",
    "Strategy": "Plain",
    "Partial Mode": "Finalize",
    "Parallel Aware": false,
    "Startup Cost": 76118.01,
    "Total Cost": 76118.02,
    "Plan Rows": 1,
    "Plan Width": 8,
    "Actual Startup Time": 177.042,
    "Actual Total Time": 190.904,
    "Actual Rows": 1,
    "Actual Loops": 1,
    "Plans": [
      {
        "Node Type": "Gather",
        "Parent Relationship": "Outer",
        "Parallel Aware": false,
        "Startup Cost": 76117.9,
        "Total Cost": 76118.01,
        "Plan Rows": 1,
        "Plan Width": 8,
        "Actual Startup Time": 176.931,
        "Actual Total Time": 190.895,
        "Actual Rows": 2,
        "Actual Loops": 1,
        "Workers Planned": 1,
        "Workers Launched": 1,
        "Single Copy": false,
        "Plans": [
          {
            "Node Type": "Aggregate",
            "Strategy": "Plain",
            "Partial Mode": "Partial",
            "Parent Relationship": "Outer",
            "Parallel Aware": false,
            "Startup Cost": 75117.9,
            "Total Cost": 75117.91,
            "Plan Rows": 1,
            "Plan Width": 8,
            "Actual Startup Time": 170.797,
            "Actual Total Time": 170.799,
            "Actual Rows": 1,
            "Actual Loops": 2,
            "Plans": [
              {
                "Node Type": "Nested Loop",
                "Parent Relationship": "Outer",
                "Parallel Aware": false,
                "Join Type": "Inner",
                "Startup Cost": 0.43,
                "Total Cost": 75115.58,
                "Plan Rows": 928,
                "Plan Width": 0,
                "Actual Startup Time": 3.609,
                "Actual Total Time": 170.581,
                "Actual Rows": 2539,
                "Actual Loops": 2,
                "Inner Unique": false,
                "Plans": [
                  {
                    "Node Type": "Seq Scan",
                    "Parent Relationship": "Outer",
                    "Parallel Aware": true,
                    "Relation Name": "title",
                    "Alias": "t",
                    "Startup Cost": 0.0,
                    "Total Cost": 58306.47,
                    "Plan Rows": 2535,
                    "Plan Width": 4,
                    "Actual Startup Time": 1.19,
                    "Actual Total Time": 149.994,
                    "Actual Rows": 3260,
                    "Actual Loops": 2,
                    "Filter": "((kind_id < 4) AND (production_year = 1980))",
                    "Rows Removed by Filter": 1260896
                  },
                  {
                    "Node Type": "Index Scan",
                    "Parent Relationship": "Inner",
                    "Parallel Aware": false,
                    "Scan Direction": "Forward",
                    "Index Name": "movie_id_movie_info_idx",
                    "Relation Name": "movie_info_idx",
                    "Alias": "mi_idx",
                    "Startup Cost": 0.43,
                    "Total Cost": 6.61,
                    "Plan Rows": 2,
                    "Plan Width": 4,
                    "Actual Startup Time": 0.006,
                    "Actual Total Time": 0.006,
                    "Actual Rows": 1,
                    "Actual Loops": 6521,
                    "Index Cond": "(movie_id = t.id)",
                    "Rows Removed by Index Recheck": 0,
                    "Filter": "(info_type_id > 99)",
                    "Rows Removed by Filter": 0
                  }
                ]
              }
            ]
          }
        ]
      }
    ]
  },
  "Planning Time": 0.481,
  "Triggers": [],
  "Execution Time": 190.993
}