[
  {
    "Plan": {
      "Node Type": "Aggregate",
      "Strategy": "Plain",
      "Partial Mode": "Finalize",
      "Parallel Aware": false,
      "Startup Cost": 88000.18,
      "Total Cost": 88000.19,
      "Plan Rows": 1,
      "Plan Width": 8,
      "Actual Startup Time": 479.253,
      "Actual Total Time": 497.714,
      "Actual Rows": 1,
      "Actual Loops": 1,
      "Plans": [
        {
          "Node Type": "Gather",
          "Parent Relationship": "Outer",
          "Parallel Aware": false,
          "Startup Cost": 87999.86,
          "Total Cost": 88000.17,
          "Plan Rows": 3,
          "Plan Width": 8,
          "Actual Startup Time": 467.379,
          "Actual Total Time": 497.704,
          "Actual Rows": 4,
          "Actual Loops": 1,
          "Workers Planned": 3,
          "Workers Launched": 3,
          "Single Copy": false,
          "Plans": [
            {
              "Node Type": "Aggregate",
              "Strategy": "Plain",
              "Partial Mode": "Partial",
              "Parent Relationship": "Outer",
              "Parallel Aware": false,
              "Startup Cost": 86999.86,
              "Total Cost": 86999.87,
              "Plan Rows": 1,
              "Plan Width": 8,
              "Actual Startup Time": 458.844,
              "Actual Total Time": 458.848,
              "Actual Rows": 1,
              "Actual Loops": 4,
              "Plans": [
                {
                  "Node Type": "Hash Join",
                  "Parent Relationship": "Outer",
                  "Parallel Aware": true,
                  "Join Type": "Inner",
                  "Startup Cost": 59703.74,
                  "Total Cost": 86754.8,
                  "Plan Rows": 98025,
                  "Plan Width": 0,
                  "Actual Startup Time": 329.386,
                  "Actual Total Time": 452.754,
                  "Actual Rows": 92675,
                  "Actual Loops": 4,
                  "Inner Unique": true,
                  "Hash Cond": "(mk.movie_id = t.id)",
                  "Plans": [
                    {
                      "Node Type": "Bitmap Heap Scan",
                      "Parent Relationship": "Outer",
                      "Parallel Aware": true,
                      "Relation Name": "movie_keyword",
                      "Alias": "mk",
                      "Startup Cost": 11293.67,
                      "Total Cost": 37894.0,
                      "Plan Rows": 171706,
                      "Plan Width": 4,
                      "Actual Startup Time": 58.322,
                      "Actual Total Time": 130.689,
                      "Actual Rows": 133072,
                      "Actual Loops": 4,
                      "Recheck Cond": "(keyword_id > 34345)",
                      "Rows Removed by Index Recheck": 0,
                      "Exact Heap Blocks": 6787,
                      "Lossy Heap Blocks": 0,
                      "Plans": [
                        {
                          "Node Type": "Bitmap Index Scan",
                          "Parent Relationship": "Outer",
                          "Parallel Aware": false,
                          "Index Name": "keyword_id_movie_keyword",
                          "Startup Cost": 0.0,
                          "Total Cost": 11160.6,
                          "Plan Rows": 532289,
                          "Plan Width": 0,
                          "Actual Startup Time": 52.709,
                          "Actual Total Time": 52.71,
                          "Actual Rows": 532288,
                          "Actual Loops": 1,
                          "Index Cond": "(keyword_id > 34345)"
                        }
                      ]
                    },
                    {
                      "Node Type": "Hash",
                      "Parent Relationship": "Inner",
                      "Parallel Aware": true,
                      "Startup Cost": 43899.32,
                      "Total Cost": 43899.32,
                      "Plan Rows": 360860,
                      "Plan Width": 4,
                      "Actual Startup Time": 266.021,
                      "Actual Total Time": 266.021,
                      "Actual Rows": 360824,
                      "Actual Loops": 4,
                      "Hash Buckets": 2097152,
                      "Original Hash Buckets": 2097152,
                      "Hash Batches": 1,
                      "Original Hash Batches": 1,
                      "Peak Memory Usage": 72864,
                      "Plans": [
                        {
                          "Node Type": "Seq Scan",
                          "Parent Relationship": "Outer",
                          "Parallel Aware": true,
                          "Relation Name": "title",
                          "Alias": "t",
                          "Startup Cost": 0.0,
                          "Total Cost": 43899.32,
                          "Plan Rows": 360860,
                          "Plan Width": 4,
                          "Actual Startup Time": 0.029,
                          "Actual Total Time": 120.682,
                          "Actual Rows": 360824,
                          "Actual Loops": 4,
                          "Filter": "(production_year < 2006)",
                          "Rows Removed by Filter": 271254
                        }
                      ]
                    }
                  ]
                }
              ]
            }
          ]
        }
      ]
    },
    "Planning Time": 0.342,
    "Triggers": [],
    "Execution Time": 497.785
  }
]