[
  {
    "Plan": {
      "Node Type": "Aggregate",
      "Strategy": "Plain",
      "Partial Mode": "Finalize",
      "Parallel Aware": false,
      "Startup Cost": 371345.8,
      "Total Cost": 371345.81,
      "Plan Rows": 1,
      "Plan Width": 8,
      "Actual Startup Time": 537.446,
      "Actual Total Time": 614.246,
      "Actual Rows": 1,
      "Actual Loops": 1,
      "Plans": [
        {
          "Node Type": "Gather",
          "Parent Relationship": "Outer",
          "Parallel Aware": false,
          "Startup Cost": 371345.38,
          "Total Cost": 371345.79,
          "Plan Rows": 4,
          "Plan Width": 8,
          "Actual Startup Time": 537.197,
          "Actual Total Time": 614.236,
          "Actual Rows": 5,
          "Actual Loops": 1,
          "Workers Planned": 4,
          "Workers Launched": 4,
          "Single Copy": false,
          "Plans": [
            {
              "Node Type": "Aggregate",
              "Strategy": "Plain",
              "Partial Mode": "Partial",
              "Parent Relationship": "Outer",
              "Parallel Aware": false,
              "Startup Cost": 370345.38,
              "Total Cost": 370345.39,
              "Plan Rows": 1,
              "Plan Width": 8,
              "Actual Startup Time": 530.879,
              "Actual Total Time": 530.88,
              "Actual Rows": 1,
              "Actual Loops": 5,
              "Plans": [
                {
                  "Node Type": "Nested Loop",
                  "Parent Relationship": "Outer",
                  "Parallel Aware": false,
                  "Join Type": "Inner",
                  "Startup Cost": 0.56,
                  "Total Cost": 370158.52,
                  "Plan Rows": 74745,
                  "Plan Width": 0,
                  "Actual Startup Time": 0.434,
                  "Actual Total Time": 526.091,
                  "Actual Rows": 64399,
                  "Actual Loops": 5,
                  "Inner Unique": false,
                  "Plans": [
                    {
                      "Node Type": "Seq Scan",
                      "Parent Relationship": "Outer",
                      "Parallel Aware": true,
                      "Relation Name": "title",
                      "Alias": "t",
                      "Startup Cost": 0.0,
                      "Total Cost": 45479.59,
                      "Plan Rows": 15612,
                      "Plan Width": 4,
                      "Actual Startup Time": 0.108,
                      "Actual Total Time": 69.49,
                      "Actual Rows": 10781,
                      "Actual Loops": 5,
                      "Filter": "((kind_id < 7) AND (production_year = 2012))",
                      "Rows Removed by Filter": 494881
                    },
                    {
                      "Node Type": "Index Scan",
                      "Parent Relationship": "Inner",
                      "Parallel Aware": false,
                      "Scan Direction": "Forward",
                      "Index Name": "movie_id_cast_info",
                      "Relation Name": "cast_info",
                      "Alias": "ci",
                      "Startup Cost": 0.56,
                      "Total Cost": 20.68,
                      "Plan Rows": 12,
                      "Plan Width": 4,
                      "Actual Startup Time": 0.031,
                      "Actual Total Time": 0.041,
                      "Actual Rows": 6,
                      "Actual Loops": 53905,
                      "Index Cond": "(movie_id = t.id)",
                      "Rows Removed by Index Recheck": 0,
                      "Filter": "(role_id > 3)",
                      "Rows Removed by Filter": 9
                    }
                  ]
                }
              ]
            }
          ]
        }
      ]
    },
    "Planning Time": 0.217,
    "Triggers": [],
    "Execution Time": 614.3
  }
]