[
  {
    "Plan": {
      "Node Type": "Aggregate",
      "Strategy": "Plain",
      "Partial Mode": "Finalize",
      "Parallel Aware": false,
      "Startup Cost": 346632.18,
      "Total Cost": 346632.19,
      "Plan Rows": 1,
      "Plan Width": 8,
      "Actual Startup Time": 706.767,
      "Actual Total Time": 756.093,
      "Actual Rows": 1,
      "Actual Loops": 1,
      "Plans": [
        {
          "Node Type": "Gather",
          "Parent Relationship": "Outer",
          "Parallel Aware": false,
          "Startup Cost": 346631.55,
          "Total Cost": 346632.16,
          "Plan Rows": 6,
          "Plan Width": 8,
          "Actual Startup Time": 706.603,
          "Actual Total Time": 756.08,
          "Actual Rows": 7,
          "Actual Loops": 1,
          "Workers Planned": 6,
          "Workers Launched": 6,
          "Single Copy": false,
          "Plans": [
            {
              "Node Type": "Aggregate",
              "Strategy": "Plain",
              "Partial Mode": "Partial",
              "Parent Relationship": "Outer",
              "Parallel Aware": false,
              "Startup Cost": 345631.55,
              "Total Cost": 345631.57,
              "Plan Rows": 1,
              "Plan Width": 8,
              "Actual Startup Time": 698.04,
              "Actual Total Time": 698.041,
              "Actual Rows": 1,
              "Actual Loops": 7,
              "Plans": [
                {
                  "Node Type": "Seq Scan",
                  "Parent Relationship": "Outer",
                  "Parallel Aware": true,
                  "Relation Name": "cast_info",
                  "Alias": "ci",
                  "Startup Cost": 0.0,
                  "Total Cost": 343316.27,
                  "Plan Rows": 926114,
                  "Plan Width": 0,
                  "Actual Startup Time": 425.141,
                  "Actual Total Time": 679.101,
                  "Actual Rows": 320653,
                  "Actual Loops": 7,
                  "Filter": "((person_id > 2951038) AND (role_id < 6))",
                  "Rows Removed by Filter": 4857110
                }
              ]
            }
          ]
        }
      ]
    },
    "Planning Time": 0.188,
    "Triggers": [],
    "Execution Time": 756.166
  }
]