[
  {
    "Plan": {
      "Node Type": "Aggregate",
      "Strategy": "Plain",
      "Partial Mode": "Finalize",
      "Parallel Aware": false,
      "Startup Cost": 46973.45,
      "Total Cost": 46973.46,
      "Plan Rows": 1,
      "Plan Width": 8,
      "Actual Startup Time": 150.531,
      "Actual Total Time": 157.155,
      "Actual Rows": 1,
      "Actual Loops": 1,
      "Plans": [
        {
          "Node Type": "Gather",
          "Parent Relationship": "Outer",
          "Parallel Aware": false,
          "Startup Cost": 46973.13,
          "Total Cost": 46973.44,
          "Plan Rows": 3,
          "Plan Width": 8,
          "Actual Startup Time": 150.39,
          "Actual Total Time": 157.147,
          "Actual Rows": 4,
          "Actual Loops": 1,
          "Workers Planned": 3,
          "Workers Launched": 3,
          "Single Copy": false,
          "Plans": [
            {
              "Node Type": "Aggregate",
              "Strategy": "Plain",
              "Partial Mode": "Partial",
              "Parent Relationship": "Outer",
              "Parallel Aware": false,
              "Startup Cost": 45973.13,
              "Total Cost": 45973.14,
              "Plan Rows": 1,
              "Plan Width": 8,
              "Actual Startup Time": 145.677,
              "Actual Total Time": 145.678,
              "Actual Rows": 1,
              "Actual Loops": 4,
              "Plans": [
                {
                  "Node Type": "Seq Scan",
                  "Parent Relationship": "Outer",
                  "Parallel Aware": true,
                  "Relation Name": "movie_keyword",
                  "Alias": "mk",
                  "Startup Cost": 0.0,
                  "Total Cost": 42695.65,
                  "Plan Rows": 1310991,
                  "Plan Width": 0,
                  "Actual Startup Time": 0.031,
                  "Actual Total Time": 105.443,
                  "Actual Rows": 1017148,
                  "Actual Loops": 4,
                  "Filter": "(keyword_id < 38928)",
                  "Rows Removed by Filter": 113834
                }
              ]
            }
          ]
        }
      ]
    },
    "Planning Time": 0.079,
    "Triggers": [],
    "Execution Time": 157.191
  }
]