[
  {
    "Plan": {
      "Node Type": "Aggregate",
      "Strategy": "Plain",
      "Partial Mode": "Finalize",
      "Parallel Aware": false,
      "Startup Cost": 77508.37,
      "Total Cost": 77508.38,
      "Plan Rows": 1,
      "Plan Width": 8,
      "Actual Startup Time": 251.376,
      "Actual Total Time": 264.323,
      "Actual Rows": 1,
      "Actual Loops": 1,
      "Plans": [
        {
          "Node Type": "Gather",
          "Parent Relationship": "Outer",
          "Parallel Aware": false,
          "Startup Cost": 77508.05,
          "Total Cost": 77508.36,
          "Plan Rows": 3,
          "Plan Width": 8,
          "Actual Startup Time": 247.928,
          "Actual Total Time": 264.313,
          "Actual Rows": 4,
          "Actual Loops": 1,
          "Workers Planned": 3,
          "Workers Launched": 3,
          "Single Copy": false,
          "Plans": [
            {
              "Node Type": "Aggregate",
              "Strategy": "Plain",
              "Partial Mode": "Partial",
              "Parent Relationship": "Outer",
              "Parallel Aware": false,
              "Startup Cost": 76508.05,
              "Total Cost": 76508.06,
              "Plan Rows": 1,
              "Plan Width": 8,
              "Actual Startup Time": 239.308,
              "Actual Total Time": 239.312,
              "Actual Rows": 1,
              "Actual Loops": 4,
              "Plans": [
                {
                  "Node Type": "Hash Join",
                  "Parent Relationship": "Outer",
                  "Parallel Aware": true,
                  "Join Type": "Inner",
                  "Startup Cost": 50933.25,
                  "Total Cost": 76454.68,
                  "Plan Rows": 21347,
                  "Plan Width": 0,
                  "Actual Startup Time": 187.899,
                  "Actual Total Time": 237.791,
                  "Actual Rows": 26125,
                  "Actual Loops": 4,
                  "Inner Unique": true,
                  "Hash Cond": "(mk.movie_id = t.id)",
                  "Plans": [
                    {
                      "Node Type": "Bitmap Heap Scan",
                      "Parent Relationship": "Outer",
                      "Parallel Aware": true,
                      "Relation Name": "movie_keyword",
                      "Alias": "mk",
                      "Startup Cost": 4643.97,
                      "Total Cost": 29980.14,
                      "Plan Rows": 70574,
                      "Plan Width": 4,
                      "Actual Startup Time": 15.569,
                      "Actual Total Time": 49.237,
                      "Actual Rows": 56067,
                      "Actual Loops": 4,
                      "Recheck Cond": "(keyword_id > 64144)",
                      "Rows Removed by Index Recheck": 0,
                      "Exact Heap Blocks": 7574,
                      "Lossy Heap Blocks": 0,
                      "Plans": [
                        {
                          "Node Type": "Bitmap Index Scan",
                          "Parent Relationship": "Outer",
                          "Parallel Aware": false,
                          "Index Name": "keyword_id_movie_keyword",
                          "Startup Cost": 0.0,
                          "Total Cost": 4589.27,
                          "Plan Rows": 218779,
                          "Plan Width": 0,
                          "Actual Startup Time": 12.444,
                          "Actual Total Time": 12.445,
                          "Actual Rows": 224269,
                          "Actual Loops": 1,
                          "Index Cond": "(keyword_id > 64144)"
                        }
                      ]
                    },
                    {
                      "Node Type": "Hash",
                      "Parent Relationship": "Inner",
                      "Parallel Aware": true,
                      "Startup Cost": 43899.32,
                      "Total Cost": 43899.32,
                      "Plan Rows": 191197,
                      "Plan Width": 4,
                      "Actual Startup Time": 167.288,
                      "Actual Total Time": 167.289,
                      "Actual Rows": 195669,
                      "Actual Loops": 4,
                      "Hash Buckets": 1048576,
                      "Original Hash Buckets": 1048576,
                      "Hash Batches": 1,
                      "Original Hash Batches": 1,
                      "Peak Memory Usage": 38880,
                      "Plans": [
                        {
                          "Node Type": "Seq Scan",
                          "Parent Relationship": "Outer",
                          "Parallel Aware": true,
                          "Relation Name": "title",
                          "Alias": "t",
                          "Startup Cost": 0.0,
                          "Total Cost": 43899.32,
                          "Plan Rows": 191197,
                          "Plan Width": 4,
                          "Actual Startup Time": 0.051,
                          "Actual Total Time": 100.517,
                          "Actual Rows": 195669,
                          "Actual Loops": 4,
                          "Filter": "(production_year < 1994)",
                          "Rows Removed by Filter": 436409
                        }
                      ]
                    }
                  ]
                }
              ]
            }
          ]
        }
      ]
    },
    "Planning Time": 0.569,
    "Triggers": [],
    "Execution Time": 264.408
  }
]