[
  {
    "Plan": {
      "Node Type": "Aggregate",
      "Strategy": "Plain",
      "Partial Mode": "Finalize",
      "Parallel Aware": false,
      "Startup Cost": 89785.59,
      "Total Cost": 89785.6,
      "Plan Rows": 1,
      "Plan Width": 8,
      "Actual Startup Time": 397.439,
      "Actual Total Time": 416.335,
      "Actual Rows": 1,
      "Actual Loops": 1,
      "Plans": [
        {
          "Node Type": "Gather",
          "Parent Relationship": "Outer",
          "Parallel Aware": false,
          "Startup Cost": 89785.27,
          "Total Cost": 89785.58,
          "Plan Rows": 3,
          "Plan Width": 8,
          "Actual Startup Time": 389.225,
          "Actual Total Time": 416.325,
          "Actual Rows": 4,
          "Actual Loops": 1,
          "Workers Planned": 3,
          "Workers Launched": 3,
          "Single Copy": false,
          "Plans": [
            {
              "Node Type": "Aggregate",
              "Strategy": "Plain",
              "Partial Mode": "Partial",
              "Parent Relationship": "Outer",
              "Parallel Aware": false,
              "Startup Cost": 88785.27,
              "Total Cost": 88785.28,
              "Plan Rows": 1,
              "Plan Width": 8,
              "Actual Startup Time": 376.952,
              "Actual Total Time": 376.957,
              "Actual Rows": 1,
              "Actual Loops": 4,
              "Plans": [
                {
                  "Node Type": "Hash Join",
                  "Parent Relationship": "Outer",
                  "Parallel Aware": true,
                  "Join Type": "Inner",
                  "Startup Cost": 60851.19,
                  "Total Cost": 88605.7,
                  "Plan Rows": 71828,
                  "Plan Width": 0,
                  "Actual Startup Time": 250.868,
                  "Actual Total Time": 372.61,
                  "Actual Rows": 77344,
                  "Actual Loops": 4,
                  "Inner Unique": true,
                  "Hash Cond": "(mk.movie_id = t.id)",
                  "Plans": [
                    {
                      "Node Type": "Bitmap Heap Scan",
                      "Parent Relationship": "Outer",
                      "Parallel Aware": true,
                      "Relation Name": "movie_keyword",
                      "Alias": "mk",
                      "Startup Cost": 14351.07,
                      "Total Cost": 41532.76,
                      "Plan Rows": 218216,
                      "Plan Width": 4,
                      "Actual Startup Time": 45.71,
                      "Actual Total Time": 115.263,
                      "Actual Rows": 169936,
                      "Actual Loops": 4,
                      "Recheck Cond": "(keyword_id < 557)",
                      "Rows Removed by Index Recheck": 0,
                      "Exact Heap Blocks": 7040,
                      "Lossy Heap Blocks": 0,
                      "Plans": [
                        {
                          "Node Type": "Bitmap Index Scan",
                          "Parent Relationship": "Outer",
                          "Parallel Aware": false,
                          "Index Name": "keyword_id_movie_keyword",
                          "Startup Cost": 0.0,
                          "Total Cost": 14181.95,
                          "Plan Rows": 676469,
                          "Plan Width": 0,
                          "Actual Startup Time": 42.05,
                          "Actual Total Time": 42.051,
                          "Actual Rows": 679742,
                          "Actual Loops": 1,
                          "Index Cond": "(keyword_id < 557)"
                        }
                      ]
                    },
                    {
                      "Node Type": "Hash",
                      "Parent Relationship": "Inner",
                      "Parallel Aware": true,
                      "Startup Cost": 43899.32,
                      "Total Cost": 43899.32,
                      "Plan Rows": 208064,
                      "Plan Width": 4,
                      "Actual Startup Time": 199.384,
                      "Actual Total Time": 199.385,
                      "Actual Rows": 212285,
                      "Actual Loops": 4,
                      "Hash Buckets": 1048576,
                      "Original Hash Buckets": 1048576,
                      "Hash Batches": 1,
                      "Original Hash Batches": 1,
                      "Peak Memory Usage": 41472,
                      "Plans": [
                        {
                          "Node Type": "Seq Scan",
                          "Parent Relationship": "Outer",
                          "Parallel Aware": true,
                          "Relation Name": "title",
                          "Alias": "t",
                          "Startup Cost": 0.0,
                          "Total Cost": 43899.32,
                          "Plan Rows": 208064,
                          "Plan Width": 4,
                          "Actual Startup Time": 0.058,
                          "Actual Total Time": 114.36,
                          "Actual Rows": 212285,
                          "Actual Loops": 4,
                          "Filter": "(production_year < 1996)",
                          "Rows Removed by Filter": 419793
                        }
                      ]
                    }
                  ]
                }
              ]
            }
          ]
        }
      ]
    },
    "Planning Time": 0.548,
    "Triggers": [],
    "Execution Time": 416.433
  }
]