[
  {
    "Plan": {
      "Node Type": "Aggregate",
      "Strategy": "Plain",
      "Partial Mode": "Finalize",
      "Parallel Aware": false,
      "Startup Cost": 89736.26,
      "Total Cost": 89736.27,
      "Plan Rows": 1,
      "Plan Width": 8,
      "Actual Startup Time": 375.449,
      "Actual Total Time": 389.539,
      "Actual Rows": 1,
      "Actual Loops": 1,
      "Plans": [
        {
          "Node Type": "Gather",
          "Parent Relationship": "Outer",
          "Parallel Aware": false,
          "Startup Cost": 89735.95,
          "Total Cost": 89736.26,
          "Plan Rows": 3,
          "Plan Width": 8,
          "Actual Startup Time": 372.371,
          "Actual Total Time": 389.523,
          "Actual Rows": 4,
          "Actual Loops": 1,
          "Workers Planned": 3,
          "Workers Launched": 3,
          "Single Copy": false,
          "Plans": [
            {
              "Node Type": "Aggregate",
              "Strategy": "Plain",
              "Partial Mode": "Partial",
              "Parent Relationship": "Outer",
              "Parallel Aware": false,
              "Startup Cost": 88735.95,
              "Total Cost": 88735.96,
              "Plan Rows": 1,
              "Plan Width": 8,
              "Actual Startup Time": 362.819,
              "Actual Total Time": 362.826,
              "Actual Rows": 1,
              "Actual Loops": 4,
              "Plans": [
                {
                  "Node Type": "Hash Join",
                  "Parent Relationship": "Outer",
                  "Parallel Aware": true,
                  "Join Type": "Inner",
                  "Startup Cost": 60816.07,
                  "Total Cost": 88554.87,
                  "Plan Rows": 72431,
                  "Plan Width": 0,
                  "Actual Startup Time": 234.047,
                  "Actual Total Time": 358.323,
                  "Actual Rows": 77344,
                  "Actual Loops": 4,
                  "Inner Unique": true,
                  "Hash Cond": "(mk.movie_id = t.id)",
                  "Plans": [
                    {
                      "Node Type": "Bitmap Heap Scan",
                      "Parent Relationship": "Outer",
                      "Parallel Aware": true,
                      "Relation Name": "movie_keyword",
                      "Alias": "mk",
                      "Startup Cost": 14282.1,
                      "Total Cost": 41450.81,
                      "Plan Rows": 217177,
                      "Plan Width": 4,
                      "Actual Startup Time": 44.737,
                      "Actual Total Time": 114.501,
                      "Actual Rows": 169936,
                      "Actual Loops": 4,
                      "Recheck Cond": "(keyword_id < 557)",
                      "Rows Removed by Index Recheck": 0,
                      "Exact Heap Blocks": 7055,
                      "Lossy Heap Blocks": 0,
                      "Plans": [
                        {
                          "Node Type": "Bitmap Index Scan",
                          "Parent Relationship": "Outer",
                          "Parallel Aware": false,
                          "Index Name": "keyword_id_movie_keyword",
                          "Startup Cost": 0.0,
                          "Total Cost": 14113.79,
                          "Plan Rows": 673248,
                          "Plan Width": 0,
                          "Actual Startup Time": 40.947,
                          "Actual Total Time": 40.948,
                          "Actual Rows": 679742,
                          "Actual Loops": 1,
                          "Index Cond": "(keyword_id < 557)"
                        }
                      ]
                    },
                    {
                      "Node Type": "Hash",
                      "Parent Relationship": "Inner",
                      "Parallel Aware": true,
                      "Startup Cost": 43898.92,
                      "Total Cost": 43898.92,
                      "Plan Rows": 210804,
                      "Plan Width": 4,
                      "Actual Startup Time": 184.032,
                      "Actual Total Time": 184.033,
                      "Actual Rows": 212285,
                      "Actual Loops": 4,
                      "Hash Buckets": 1048576,
                      "Original Hash Buckets": 1048576,
                      "Hash Batches": 1,
                      "Original Hash Batches": 1,
                      "Peak Memory Usage": 41472,
                      "Plans": [
                        {
                          "Node Type": "Seq Scan",
                          "Parent Relationship": "Outer",
                          "Parallel Aware": true,
                          "Relation Name": "title",
                          "Alias": "t",
                          "Startup Cost": 0.0,
                          "Total Cost": 43898.92,
                          "Plan Rows": 210804,
                          "Plan Width": 4,
                          "Actual Startup Time": 0.047,
                          "Actual Total Time": 103.186,
                          "Actual Rows": 212285,
                          "Actual Loops": 4,
                          "Filter": "(production_year < 1996)",
                          "Rows Removed by Filter": 419793
                        }
                      ]
                    }
                  ]
                }
              ]
            }
          ]
        }
      ]
    },
    "Planning Time": 0.601,
    "Triggers": [],
    "Execution Time": 389.633
  }
]