[
    {
        "Bao": {
            "Bao prediction": "NaN",
            "Bao recommended hint": "(no hint)"
        }
    },
    {
        "Plan": {
            "Node Type": "Aggregate",
            "Strategy": "Plain",
            "Partial Mode": "Simple",
            "Parallel Aware": false,
            "Startup Cost": 2981.97,
            "Total Cost": 2981.98,
            "Plan Rows": 1,
            "Plan Width": 8,
            "Actual Startup Time": 35.907,
            "Actual Total Time": 35.91,
            "Actual Rows": 1,
            "Actual Loops": 1,
            "Output": [
                "count(*)"
            ],
            "Plans": [
                {
                    "Node Type": "Nested Loop",
                    "Parent Relationship": "Outer",
                    "Parallel Aware": false,
                    "Join Type": "Inner",
                    "Startup Cost": 7.18,
                    "Total Cost": 2981.95,
                    "Plan Rows": 7,
                    "Plan Width": 0,
                    "Actual Startup Time": 0.86,
                    "Actual Total Time": 35.762,
                    "Actual Rows": 1072,
                    "Actual Loops": 1,
                    "Inner Unique": false,
                    "Plans": [
                        {
                            "Node Type": "Nested Loop",
                            "Parent Relationship": "Outer",
                            "Parallel Aware": false,
                            "Join Type": "Inner",
                            "Startup Cost": 6.75,
                            "Total Cost": 2958.5,
                            "Plan Rows": 36,
                            "Plan Width": 8,
                            "Actual Startup Time": 0.849,
                            "Actual Total Time": 20.942,
                            "Actual Rows": 1264,
                            "Actual Loops": 1,
                            "Output": [
                                "t.id",
                                "mk.movie_id"
                            ],
                            "Inner Unique": true,
                            "Plans": [
                                {
                                    "Node Type": "Bitmap Heap Scan",
                                    "Parent Relationship": "Outer",
                                    "Parallel Aware": false,
                                    "Relation Name": "movie_keyword",
                                    "Schema": "public",
                                    "Alias": "mk",
                                    "Startup Cost": 6.32,
                                    "Total Cost": 908.7,
                                    "Plan Rows": 244,
                                    "Plan Width": 4,
                                    "Actual Startup Time": 0.824,
                                    "Actual Total Time": 5.451,
                                    "Actual Rows": 3346,
                                    "Actual Loops": 1,
                                    "Output": [
                                        "mk.id",
                                        "mk.movie_id",
                                        "mk.keyword_id"
                                    ],
                                    "Recheck Cond": "(mk.keyword_id = 85)",
                                    "Rows Removed by Index Recheck": 0,
                                    "Exact Heap Blocks": 3055,
                                    "Lossy Heap Blocks": 0,
                                    "Plans": [
                                        {
                                            "Node Type": "Bitmap Index Scan",
                                            "Parent Relationship": "Outer",
                                            "Parallel Aware": false,
                                            "Index Name": "keyword_id_movie_keyword",
                                            "Startup Cost": 0.0,
                                            "Total Cost": 6.26,
                                            "Plan Rows": 244,
                                            "Plan Width": 0,
                                            "Actual Startup Time": 0.439,
                                            "Actual Total Time": 0.44,
                                            "Actual Rows": 3346,
                                            "Actual Loops": 1,
                                            "Index Cond": "(mk.keyword_id = 85)"
                                        }
                                    ]
                                },
                                {
                                    "Node Type": "Index Scan",
                                    "Parent Relationship": "Inner",
                                    "Parallel Aware": false,
                                    "Scan Direction": "Forward",
                                    "Index Name": "title_pkey",
                                    "Relation Name": "title",
                                    "Schema": "public",
                                    "Alias": "t",
                                    "Startup Cost": 0.43,
                                    "Total Cost": 8.4,
                                    "Plan Rows": 1,
                                    "Plan Width": 4,
                                    "Actual Startup Time": 0.004,
                                    "Actual Total Time": 0.004,
                                    "Actual Rows": 0,
                                    "Actual Loops": 3346,
                                    "Output": [
                                        "t.id",
                                        "t.title",
                                        "t.imdb_index",
                                        "t.kind_id",
                                        "t.production_year",
                                        "t.imdb_id",
                                        "t.phonetic_code",
                                        "t.episode_of_id",
                                        "t.season_nr",
                                        "t.episode_nr",
                                        "t.series_years",
                                        "t.md5sum"
                                    ],
                                    "Index Cond": "(t.id = mk.movie_id)",
                                    "Rows Removed by Index Recheck": 0,
                                    "Filter": "(t.production_year < 1970)",
                                    "Rows Removed by Filter": 1
                                }
                            ]
                        },
                        {
                            "Node Type": "Index Scan",
                            "Parent Relationship": "Inner",
                            "Parallel Aware": false,
                            "Scan Direction": "Forward",
                            "Index Name": "movie_id_movie_info_idx",
                            "Relation Name": "movie_info_idx",
                            "Schema": "public",
                            "Alias": "mi_idx",
                            "Startup Cost": 0.43,
                            "Total Cost": 0.64,
                            "Plan Rows": 1,
                            "Plan Width": 4,
                            "Actual Startup Time": 0.011,
                            "Actual Total Time": 0.011,
                            "Actual Rows": 1,
                            "Actual Loops": 1264,
                            "Output": [
                                "mi_idx.id",
                                "mi_idx.movie_id",
                                "mi_idx.info_type_id",
                                "mi_idx.info",
                                "mi_idx.note"
                            ],
                            "Index Cond": "(mi_idx.movie_id = t.id)",
                            "Rows Removed by Index Recheck": 0,
                            "Filter": "(mi_idx.info_type_id = 100)",
                            "Rows Removed by Filter": 2
                        }
                    ]
                }
            ]
        },
        "Planning Time": 196.436,
        "Triggers": [],
        "Execution Time": 35.969
    }
]