[
  {
    "Plan": {
      "Node Type": "Aggregate",
      "Strategy": "Plain",
      "Partial Mode": "Finalize",
      "Parallel Aware": false,
      "Startup Cost": 340494.41,
      "Total Cost": 340494.42,
      "Plan Rows": 1,
      "Plan Width": 8,
      "Actual Startup Time": 799.559,
      "Actual Total Time": 859.052,
      "Actual Rows": 1,
      "Actual Loops": 1,
      "Plans": [
        {
          "Node Type": "Gather",
          "Parent Relationship": "Outer",
          "Parallel Aware": false,
          "Startup Cost": 340493.79,
          "Total Cost": 340494.4,
          "Plan Rows": 6,
          "Plan Width": 8,
          "Actual Startup Time": 799.421,
          "Actual Total Time": 859.043,
          "Actual Rows": 7,
          "Actual Loops": 1,
          "Workers Planned": 6,
          "Workers Launched": 6,
          "Single Copy": false,
          "Plans": [
            {
              "Node Type": "Aggregate",
              "Strategy": "Plain",
              "Partial Mode": "Partial",
              "Parent Relationship": "Outer",
              "Parallel Aware": false,
              "Startup Cost": 339493.79,
              "Total Cost": 339493.8,
              "Plan Rows": 1,
              "Plan Width": 8,
              "Actual Startup Time": 789.159,
              "Actual Total Time": 789.16,
              "Actual Rows": 1,
              "Actual Loops": 7,
              "Plans": [
                {
                  "Node Type": "Seq Scan",
                  "Parent Relationship": "Outer",
                  "Parallel Aware": true,
                  "Relation Name": "cast_info",
                  "Alias": "ci",
                  "Startup Cost": 0.0,
                  "Total Cost": 328162.03,
                  "Plan Rows": 4532705,
                  "Plan Width": 0,
                  "Actual Startup Time": 107.439,
                  "Actual Total Time": 623.372,
                  "Actual Rows": 3866646,
                  "Actual Loops": 7,
                  "Filter": "(person_id > 902708)",
                  "Rows Removed by Filter": 1311117
                }
              ]
            }
          ]
        }
      ]
    },
    "Planning Time": 0.171,
    "Triggers": [],
    "Execution Time": 859.122
  }
]