[
  {
    "Plan": {
      "Node Type": "Aggregate",
      "Strategy": "Plain",
      "Partial Mode": "Finalize",
      "Parallel Aware": false,
      "Startup Cost": 340993.13,
      "Total Cost": 340993.14,
      "Plan Rows": 1,
      "Plan Width": 8,
      "Actual Startup Time": 500.909,
      "Actual Total Time": 524.31,
      "Actual Rows": 1,
      "Actual Loops": 1,
      "Plans": [
        {
          "Node Type": "Gather",
          "Parent Relationship": "Outer",
          "Parallel Aware": false,
          "Startup Cost": 340992.51,
          "Total Cost": 340993.12,
          "Plan Rows": 6,
          "Plan Width": 8,
          "Actual Startup Time": 500.825,
          "Actual Total Time": 524.301,
          "Actual Rows": 7,
          "Actual Loops": 1,
          "Workers Planned": 6,
          "Workers Launched": 6,
          "Single Copy": false,
          "Plans": [
            {
              "Node Type": "Aggregate",
              "Strategy": "Plain",
              "Partial Mode": "Partial",
              "Parent Relationship": "Outer",
              "Parallel Aware": false,
              "Startup Cost": 339992.51,
              "Total Cost": 339992.52,
              "Plan Rows": 1,
              "Plan Width": 8,
              "Actual Startup Time": 491.322,
              "Actual Total Time": 491.323,
              "Actual Rows": 1,
              "Actual Loops": 7,
              "Plans": [
                {
                  "Node Type": "Index Scan",
                  "Parent Relationship": "Outer",
                  "Parallel Aware": true,
                  "Scan Direction": "Forward",
                  "Index Name": "role_id_cast_info",
                  "Relation Name": "cast_info",
                  "Alias": "ci",
                  "Startup Cost": 0.56,
                  "Total Cost": 335235.55,
                  "Plan Rows": 1902784,
                  "Plan Width": 0,
                  "Actual Startup Time": 0.148,
                  "Actual Total Time": 405.487,
                  "Actual Rows": 1810098,
                  "Actual Loops": 7,
                  "Index Cond": "(role_id < 2)",
                  "Rows Removed by Index Recheck": 0,
                  "Filter": "(person_id < 3508734)",
                  "Rows Removed by Filter": 0
                }
              ]
            }
          ]
        }
      ]
    },
    "Planning Time": 0.216,
    "Triggers": [],
    "Execution Time": 524.362
  }
]