{
  "Plan": {
    "Node Type": "Merge Join",
    "Parallel Aware": false,
    "Join Type": "Inner",
    "Startup Cost": 59477.94,
    "Total Cost": 72000.83,
    "Plan Rows": 4158,
    "Plan Width": 4,
    "Actual Startup Time": 239.989,
    "Actual Total Time": 264.659,
    "Actual Rows": 4712,
    "Actual Loops": 1,
    "Inner Unique": false,
    "Merge Cond": "(cn.id = mc.company_id)",
    "Plans": [
      {
        "Node Type": "Index Only Scan",
        "Parent Relationship": "Outer",
        "Parallel Aware": false,
        "Scan Direction": "Forward",
        "Index Name": "company_name_pkey",
        "Relation Name": "company_name",
        "Alias": "cn",
        "Startup Cost": 0.42,
        "Total Cost": 11881.93,
        "Plan Rows": 234997,
        "Plan Width": 4,
        "Actual Startup Time": 0.063,
        "Actual Total Time": 0.183,
        "Actual Rows": 6,
        "Actual Loops": 1,
        "Heap Fetches": 6
      },
      {
        "Node Type": "Sort",
        "Parent Relationship": "Inner",
        "Parallel Aware": false,
        "Startup Cost": 59476.88,
        "Total Cost": 59487.28,
        "Plan Rows": 4158,
        "Plan Width": 4,
        "Actual Startup Time": 239.917,
        "Actual Total Time": 263.838,
        "Actual Rows": 4712,
        "Actual Loops": 1,
        "Sort Key": [
          "mc.company_id"
        ],
        "Sort Method": "quicksort",
        "Sort Space Used": 413,
        "Sort Space Type": "Memory",
        "Plans": [
          {
            "Node Type": "Gather",
            "Parent Relationship": "Outer",
            "Parallel Aware": false,
            "Startup Cost": 10950.38,
            "Total Cost": 59226.95,
            "Plan Rows": 4158,
            "Plan Width": 4,
            "Actual Startup Time": 32.122,
            "Actual Total Time": 261.571,
            "Actual Rows": 4712,
            "Actual Loops": 1,
            "Workers Planned": 4,
            "Workers Launched": 4,
            "Single Copy": false,
            "Plans": [
              {
                "Node Type": "Hash Join",
                "Parent Relationship": "Outer",
                "Parallel Aware": false,
                "Join Type": "Inner",
                "Startup Cost": 9950.38,
                "Total Cost": 57811.15,
                "Plan Rows": 1040,
                "Plan Width": 4,
                "Actual Startup Time": 28.508,
                "Actual Total Time": 227.273,
                "Actual Rows": 942,
                "Actual Loops": 5,
                "Inner Unique": false,
                "Hash Cond": "(t.id = mc.movie_id)",
                "Plans": [
                  {
                    "Node Type": "Seq Scan",
                    "Parent Relationship": "Outer",
                    "Parallel Aware": true,
                    "Relation Name": "title",
                    "Alias": "t",
                    "Startup Cost": 0.0,
                    "Total Cost": 42319.27,
                    "Plan Rows": 632127,
                    "Plan Width": 4,
                    "Actual Startup Time": 0.069,
                    "Actual Total Time": 127.584,
                    "Actual Rows": 505662,
                    "Actual Loops": 5
                  },
                  {
                    "Node Type": "Hash",
                    "Parent Relationship": "Inner",
                    "Parallel Aware": false,
                    "Startup Cost": 9898.4,
                    "Total Cost": 9898.4,
                    "Plan Rows": 4158,
                    "Plan Width": 8,
                    "Actual Startup Time": 27.423,
                    "Actual Total Time": 27.427,
                    "Actual Rows": 4712,
                    "Actual Loops": 5,
                    "Hash Buckets": 8192,
                    "Original Hash Buckets": 8192,
                    "Hash Batches": 1,
                    "Original Hash Batches": 1,
                    "Peak Memory Usage": 249,
                    "Plans": [
                      {
                        "Node Type": "Hash Join",
                        "Parent Relationship": "Outer",
                        "Parallel Aware": false,
                        "Join Type": "Inner",
                        "Startup Cost": 9834.98,
                        "Total Cost": 9898.4,
                        "Plan Rows": 4158,
                        "Plan Width": 8,
                        "Actual Startup Time": 25.909,
                        "Actual Total Time": 26.503,
                        "Actual Rows": 4712,
                        "Actual Loops": 5,
                        "Inner Unique": false,
                        "Hash Cond": "(ct.id = mc.company_type_id)",
                        "Plans": [
                          {
                            "Node Type": "Seq Scan",
                            "Parent Relationship": "Outer",
                            "Parallel Aware": false,
                            "Relation Name": "company_type",
                            "Alias": "ct",
                            "Startup Cost": 0.0,
                            "Total Cost": 1.04,
                            "Plan Rows": 4,
                            "Plan Width": 4,
                            "Actual Startup Time": 0.072,
                            "Actual Total Time": 0.074,
                            "Actual Rows": 4,
                            "Actual Loops": 5
                          },
                          {
                            "Node Type": "Hash",
                            "Parent Relationship": "Inner",
                            "Parallel Aware": false,
                            "Startup Cost": 9783.01,
                            "Total Cost": 9783.01,
                            "Plan Rows": 4158,
                            "Plan Width": 12,
                            "Actual Startup Time": 25.682,
                            "Actual Total Time": 25.684,
                            "Actual Rows": 4712,
                            "Actual Loops": 5,
                            "Hash Buckets": 8192,
                            "Original Hash Buckets": 8192,
                            "Hash Batches": 1,
                            "Original Hash Batches": 1,
                            "Peak Memory Usage": 267,
                            "Plans": [
                              {
                                "Node Type": "Index Scan",
                                "Parent Relationship": "Outer",
                                "Parallel Aware": false,
                                "Scan Direction": "Forward",
                                "Index Name": "company_id_movie_companies",
                                "Relation Name": "movie_companies",
                                "Alias": "mc",
                                "Startup Cost": 0.43,
                                "Total Cost": 9783.01,
                                "Plan Rows": 4158,
                                "Plan Width": 12,
                                "Actual Startup Time": 0.143,
                                "Actual Total Time": 22.698,
                                "Actual Rows": 4712,
                                "Actual Loops": 5,
                                "Index Cond": "(company_id < 6)",
                                "Rows Removed by Index Recheck": 0
                              }
                            ]
                          }
                        ]
                      }
                    ]
                  }
                ]
              }
            ]
          }
        ]
      }
    ]
  },
  "Planning Time": 5.097,
  "Triggers": [],
  "Execution Time": 265.48
}