[
  {
    "Plan": {
      "Node Type": "Aggregate",
      "Strategy": "Plain",
      "Partial Mode": "Finalize",
      "Parallel Aware": false,
      "Startup Cost": 62169.91,
      "Total Cost": 62169.92,
      "Plan Rows": 1,
      "Plan Width": 8,
      "Actual Startup Time": 250.938,
      "Actual Total Time": 263.883,
      "Actual Rows": 1,
      "Actual Loops": 1,
      "Plans": [
        {
          "Node Type": "Gather",
          "Parent Relationship": "Outer",
          "Parallel Aware": false,
          "Startup Cost": 62169.69,
          "Total Cost": 62169.9,
          "Plan Rows": 2,
          "Plan Width": 8,
          "Actual Startup Time": 249.738,
          "Actual Total Time": 263.873,
          "Actual Rows": 3,
          "Actual Loops": 1,
          "Workers Planned": 2,
          "Workers Launched": 2,
          "Single Copy": false,
          "Plans": [
            {
              "Node Type": "Aggregate",
              "Strategy": "Plain",
              "Partial Mode": "Partial",
              "Parent Relationship": "Outer",
              "Parallel Aware": false,
              "Startup Cost": 61169.69,
              "Total Cost": 61169.7,
              "Plan Rows": 1,
              "Plan Width": 8,
              "Actual Startup Time": 242.19,
              "Actual Total Time": 242.196,
              "Actual Rows": 1,
              "Actual Loops": 3,
              "Plans": [
                {
                  "Node Type": "Hash Join",
                  "Parent Relationship": "Outer",
                  "Parallel Aware": true,
                  "Join Type": "Inner",
                  "Startup Cost": 45898.77,
                  "Total Cost": 61093.33,
                  "Plan Rows": 30544,
                  "Plan Width": 0,
                  "Actual Startup Time": 182.815,
                  "Actual Total Time": 239.174,
                  "Actual Rows": 73337,
                  "Actual Loops": 3,
                  "Inner Unique": true,
                  "Hash Cond": "(mi_idx.movie_id = t.id)",
                  "Plans": [
                    {
                      "Node Type": "Seq Scan",
                      "Parent Relationship": "Outer",
                      "Parallel Aware": true,
                      "Relation Name": "movie_info_idx",
                      "Alias": "mi_idx",
                      "Startup Cost": 0.0,
                      "Total Cost": 13685.15,
                      "Plan Rows": 575015,
                      "Plan Width": 4,
                      "Actual Startup Time": 0.022,
                      "Actual Total Time": 34.361,
                      "Actual Rows": 460012,
                      "Actual Loops": 3
                    },
                    {
                      "Node Type": "Hash",
                      "Parent Relationship": "Inner",
                      "Parallel Aware": true,
                      "Startup Cost": 45479.1,
                      "Total Cost": 45479.1,
                      "Plan Rows": 33574,
                      "Plan Width": 4,
                      "Actual Startup Time": 146.986,
                      "Actual Total Time": 146.989,
                      "Actual Rows": 91401,
                      "Actual Loops": 3,
                      "Hash Buckets": 524288,
                      "Original Hash Buckets": 262144,
                      "Hash Batches": 1,
                      "Original Hash Batches": 1,
                      "Peak Memory Usage": 16896,
                      "Plans": [
                        {
                          "Node Type": "Seq Scan",
                          "Parent Relationship": "Outer",
                          "Parallel Aware": true,
                          "Relation Name": "title",
                          "Alias": "t",
                          "Startup Cost": 0.0,
                          "Total Cost": 45479.1,
                          "Plan Rows": 33574,
                          "Plan Width": 4,
                          "Actual Startup Time": 67.63,
                          "Actual Total Time": 114.29,
                          "Actual Rows": 91401,
                          "Actual Loops": 3,
                          "Filter": "((production_year < 1981) AND (kind_id = 1))",
                          "Rows Removed by Filter": 751370
                        }
                      ]
                    }
                  ]
                }
              ]
            }
          ]
        }
      ]
    },
    "Planning Time": 0.591,
    "Triggers": [],
    "Execution Time": 263.963
  }
]