[
  {
    "Plan": {
      "Node Type": "Aggregate",
      "Strategy": "Plain",
      "Partial Mode": "Finalize",
      "Parallel Aware": false,
      "Startup Cost": 29953.59,
      "Total Cost": 29953.6,
      "Plan Rows": 1,
      "Plan Width": 8,
      "Actual Startup Time": 95.661,
      "Actual Total Time": 102.294,
      "Actual Rows": 1,
      "Actual Loops": 1,
      "Plans": [
        {
          "Node Type": "Gather",
          "Parent Relationship": "Outer",
          "Parallel Aware": false,
          "Startup Cost": 29953.28,
          "Total Cost": 29953.59,
          "Plan Rows": 3,
          "Plan Width": 8,
          "Actual Startup Time": 95.271,
          "Actual Total Time": 102.285,
          "Actual Rows": 4,
          "Actual Loops": 1,
          "Workers Planned": 3,
          "Workers Launched": 3,
          "Single Copy": false,
          "Plans": [
            {
              "Node Type": "Aggregate",
              "Strategy": "Plain",
              "Partial Mode": "Partial",
              "Parent Relationship": "Outer",
              "Parallel Aware": false,
              "Startup Cost": 28953.28,
              "Total Cost": 28953.29,
              "Plan Rows": 1,
              "Plan Width": 8,
              "Actual Startup Time": 87.682,
              "Actual Total Time": 87.684,
              "Actual Rows": 1,
              "Actual Loops": 4,
              "Plans": [
                {
                  "Node Type": "Bitmap Heap Scan",
                  "Parent Relationship": "Outer",
                  "Parallel Aware": true,
                  "Relation Name": "movie_companies",
                  "Alias": "mc",
                  "Startup Cost": 8172.92,
                  "Total Cost": 28797.99,
                  "Plan Rows": 62115,
                  "Plan Width": 0,
                  "Actual Startup Time": 70.648,
                  "Actual Total Time": 86.347,
                  "Actual Rows": 21758,
                  "Actual Loops": 4,
                  "Recheck Cond": "(company_id < 225)",
                  "Rows Removed by Index Recheck": 0,
                  "Filter": "(company_type_id = 2)",
                  "Rows Removed by Filter": 72397,
                  "Exact Heap Blocks": 10110,
                  "Lossy Heap Blocks": 0,
                  "Plans": [
                    {
                      "Node Type": "Bitmap Index Scan",
                      "Parent Relationship": "Outer",
                      "Parallel Aware": false,
                      "Index Name": "company_id_movie_companies",
                      "Startup Cost": 0.0,
                      "Total Cost": 8124.78,
                      "Plan Rows": 379247,
                      "Plan Width": 0,
                      "Actual Startup Time": 37.662,
                      "Actual Total Time": 37.663,
                      "Actual Rows": 376622,
                      "Actual Loops": 1,
                      "Index Cond": "(company_id < 225)"
                    }
                  ]
                }
              ]
            }
          ]
        }
      ]
    },
    "Planning Time": 0.221,
    "Triggers": [],
    "Execution Time": 102.369
  }
]