[
    {
        "Bao": {
            "Bao prediction": "NaN",
            "Bao recommended hint": "(no hint)"
        }
    },
    {
        "Plan": {
            "Node Type": "Aggregate",
            "Strategy": "Plain",
            "Partial Mode": "Finalize",
            "Parallel Aware": false,
            "Startup Cost": 57362.46,
            "Total Cost": 57362.47,
            "Plan Rows": 1,
            "Plan Width": 8,
            "Actual Startup Time": 102.138,
            "Actual Total Time": 110.378,
            "Actual Rows": 1,
            "Actual Loops": 1,
            "Output": [
                "count(*)"
            ],
            "Plans": [
                {
                    "Node Type": "Gather",
                    "Parent Relationship": "Outer",
                    "Parallel Aware": false,
                    "Startup Cost": 57362.25,
                    "Total Cost": 57362.46,
                    "Plan Rows": 2,
                    "Plan Width": 8,
                    "Actual Startup Time": 101.921,
                    "Actual Total Time": 110.371,
                    "Actual Rows": 3,
                    "Actual Loops": 1,
                    "Output": [
                        "(PARTIAL count(*))"
                    ],
                    "Workers Planned": 2,
                    "Workers Launched": 2,
                    "Single Copy": false,
                    "Plans": [
                        {
                            "Node Type": "Aggregate",
                            "Strategy": "Plain",
                            "Partial Mode": "Partial",
                            "Parent Relationship": "Outer",
                            "Parallel Aware": false,
                            "Startup Cost": 56362.25,
                            "Total Cost": 56362.26,
                            "Plan Rows": 1,
                            "Plan Width": 8,
                            "Actual Startup Time": 93.871,
                            "Actual Total Time": 93.877,
                            "Actual Rows": 1,
                            "Actual Loops": 3,
                            "Output": [
                                "PARTIAL count(*)"
                            ],
                            "Workers": [
                                {
                                    "Worker Number": 0,
                                    "Actual Startup Time": 89.854,
                                    "Actual Total Time": 89.856,
                                    "Actual Rows": 1,
                                    "Actual Loops": 1
                                },
                                {
                                    "Worker Number": 1,
                                    "Actual Startup Time": 90.153,
                                    "Actual Total Time": 90.156,
                                    "Actual Rows": 1,
                                    "Actual Loops": 1
                                }
                            ],
                            "Plans": [
                                {
                                    "Node Type": "Nested Loop",
                                    "Parent Relationship": "Outer",
                                    "Parallel Aware": false,
                                    "Join Type": "Inner",
                                    "Startup Cost": 38660.14,
                                    "Total Cost": 56357.9,
                                    "Plan Rows": 1737,
                                    "Plan Width": 0,
                                    "Actual Startup Time": 55.054,
                                    "Actual Total Time": 93.788,
                                    "Actual Rows": 1001,
                                    "Actual Loops": 3,
                                    "Inner Unique": false,
                                    "Join Filter": "(t.id = mc.movie_id)",
                                    "Rows Removed by Join Filter": 0,
                                    "Workers": [
                                        {
                                            "Worker Number": 0,
                                            "Actual Startup Time": 51.011,
                                            "Actual Total Time": 89.764,
                                            "Actual Rows": 927,
                                            "Actual Loops": 1
                                        },
                                        {
                                            "Worker Number": 1,
                                            "Actual Startup Time": 51.394,
                                            "Actual Total Time": 90.058,
                                            "Actual Rows": 883,
                                            "Actual Loops": 1
                                        }
                                    ],
                                    "Plans": [
                                        {
                                            "Node Type": "Hash Join",
                                            "Parent Relationship": "Outer",
                                            "Parallel Aware": true,
                                            "Join Type": "Inner",
                                            "Startup Cost": 38659.71,
                                            "Total Cost": 54284.02,
                                            "Plan Rows": 2508,
                                            "Plan Width": 8,
                                            "Actual Startup Time": 54.969,
                                            "Actual Total Time": 84.902,
                                            "Actual Rows": 845,
                                            "Actual Loops": 3,
                                            "Output": [
                                                "t.id",
                                                "mi_idx.movie_id"
                                            ],
                                            "Inner Unique": true,
                                            "Hash Cond": "(mi_idx.movie_id = t.id)",
                                            "Workers": [
                                                {
                                                    "Worker Number": 0,
                                                    "Actual Startup Time": 50.937,
                                                    "Actual Total Time": 79.0,
                                                    "Actual Rows": 740,
                                                    "Actual Loops": 1
                                                },
                                                {
                                                    "Worker Number": 1,
                                                    "Actual Startup Time": 51.235,
                                                    "Actual Total Time": 79.737,
                                                    "Actual Rows": 722,
                                                    "Actual Loops": 1
                                                }
                                            ],
                                            "Plans": [
                                                {
                                                    "Node Type": "Seq Scan",
                                                    "Parent Relationship": "Outer",
                                                    "Parallel Aware": true,
                                                    "Relation Name": "movie_info_idx",
                                                    "Schema": "public",
                                                    "Alias": "mi_idx",
                                                    "Startup Cost": 0.0,
                                                    "Total Cost": 15122.68,
                                                    "Plan Rows": 191097,
                                                    "Plan Width": 4,
                                                    "Actual Startup Time": 0.019,
                                                    "Actual Total Time": 36.995,
                                                    "Actual Rows": 153308,
                                                    "Actual Loops": 3,
                                                    "Output": [
                                                        "mi_idx.id",
                                                        "mi_idx.movie_id",
                                                        "mi_idx.info_type_id",
                                                        "mi_idx.info",
                                                        "mi_idx.note"
                                                    ],
                                                    "Filter": "(mi_idx.info_type_id = 101)",
                                                    "Rows Removed by Filter": 306703,
                                                    "Workers": [
                                                        {
                                                            "Worker Number": 0,
                                                            "Actual Startup Time": 0.023,
                                                            "Actual Total Time": 35.274,
                                                            "Actual Rows": 135738,
                                                            "Actual Loops": 1
                                                        },
                                                        {
                                                            "Worker Number": 1,
                                                            "Actual Startup Time": 0.023,
                                                            "Actual Total Time": 36.093,
                                                            "Actual Rows": 139365,
                                                            "Actual Loops": 1
                                                        }
                                                    ]
                                                },
                                                {
                                                    "Node Type": "Hash",
                                                    "Parent Relationship": "Inner",
                                                    "Parallel Aware": true,
                                                    "Startup Cost": 38555.99,
                                                    "Total Cost": 38555.99,
                                                    "Plan Rows": 8297,
                                                    "Plan Width": 4,
                                                    "Actual Startup Time": 35.254,
                                                    "Actual Total Time": 35.256,
                                                    "Actual Rows": 1964,
                                                    "Actual Loops": 3,
                                                    "Output": [
                                                        "t.id"
                                                    ],
                                                    "Hash Buckets": 65536,
                                                    "Original Hash Buckets": 65536,
                                                    "Hash Batches": 1,
                                                    "Original Hash Batches": 1,
                                                    "Peak Memory Usage": 800,
                                                    "Workers": [
                                                        {
                                                            "Worker Number": 0,
                                                            "Actual Startup Time": 31.252,
                                                            "Actual Total Time": 31.252,
                                                            "Actual Rows": 636,
                                                            "Actual Loops": 1
                                                        },
                                                        {
                                                            "Worker Number": 1,
                                                            "Actual Startup Time": 31.615,
                                                            "Actual Total Time": 31.617,
                                                            "Actual Rows": 875,
                                                            "Actual Loops": 1
                                                        }
                                                    ],
                                                    "Plans": [
                                                        {
                                                            "Node Type": "Bitmap Heap Scan",
                                                            "Parent Relationship": "Outer",
                                                            "Parallel Aware": true,
                                                            "Relation Name": "title",
                                                            "Schema": "public",
                                                            "Alias": "t",
                                                            "Startup Cost": 2114.9,
                                                            "Total Cost": 38555.99,
                                                            "Plan Rows": 8297,
                                                            "Plan Width": 4,
                                                            "Actual Startup Time": 4.098,
                                                            "Actual Total Time": 34.261,
                                                            "Actual Rows": 1964,
                                                            "Actual Loops": 3,
                                                            "Output": [
                                                                "t.id"
                                                            ],
                                                            "Recheck Cond": "(t.kind_id = 4)",
                                                            "Rows Removed by Index Recheck": 0,
                                                            "Filter": "(t.production_year < 1991)",
                                                            "Rows Removed by Filter": 37447,
                                                            "Exact Heap Blocks": 9558,
                                                            "Lossy Heap Blocks": 0,
                                                            "Workers": [
                                                                {
                                                                    "Worker Number": 0,
                                                                    "Actual Startup Time": 0.441,
                                                                    "Actual Total Time": 30.347,
                                                                    "Actual Rows": 636,
                                                                    "Actual Loops": 1
                                                                },
                                                                {
                                                                    "Worker Number": 1,
                                                                    "Actual Startup Time": 0.426,
                                                                    "Actual Total Time": 30.723,
                                                                    "Actual Rows": 875,
                                                                    "Actual Loops": 1
                                                                }
                                                            ],
                                                            "Plans": [
                                                                {
                                                                    "Node Type": "Bitmap Index Scan",
                                                                    "Parent Relationship": "Outer",
                                                                    "Parallel Aware": false,
                                                                    "Index Name": "kind_id_title",
                                                                    "Startup Cost": 0.0,
                                                                    "Total Cost": 2106.61,
                                                                    "Plan Rows": 118157,
                                                                    "Plan Width": 0,
                                                                    "Actual Startup Time": 9.049,
                                                                    "Actual Total Time": 9.05,
                                                                    "Actual Rows": 118234,
                                                                    "Actual Loops": 1,
                                                                    "Index Cond": "(t.kind_id = 4)"
                                                                }
                                                            ]
                                                        }
                                                    ]
                                                }
                                            ]
                                        },
                                        {
                                            "Node Type": "Index Scan",
                                            "Parent Relationship": "Inner",
                                            "Parallel Aware": false,
                                            "Scan Direction": "Forward",
                                            "Index Name": "movie_id_movie_companies",
                                            "Relation Name": "movie_companies",
                                            "Schema": "public",
                                            "Alias": "mc",
                                            "Startup Cost": 0.43,
                                            "Total Cost": 0.78,
                                            "Plan Rows": 4,
                                            "Plan Width": 4,
                                            "Actual Startup Time": 0.009,
                                            "Actual Total Time": 0.01,
                                            "Actual Rows": 1,
                                            "Actual Loops": 2535,
                                            "Output": [
                                                "mc.id",
                                                "mc.movie_id",
                                                "mc.company_id",
                                                "mc.company_type_id",
                                                "mc.note"
                                            ],
                                            "Index Cond": "(mc.movie_id = mi_idx.movie_id)",
                                            "Rows Removed by Index Recheck": 0,
                                            "Filter": "(mc.company_id < 24325)",
                                            "Rows Removed by Filter": 1,
                                            "Workers": [
                                                {
                                                    "Worker Number": 0,
                                                    "Actual Startup Time": 0.012,
                                                    "Actual Total Time": 0.014,
                                                    "Actual Rows": 1,
                                                    "Actual Loops": 740
                                                },
                                                {
                                                    "Worker Number": 1,
                                                    "Actual Startup Time": 0.012,
                                                    "Actual Total Time": 0.014,
                                                    "Actual Rows": 1,
                                                    "Actual Loops": 722
                                                }
                                            ]
                                        }
                                    ]
                                }
                            ]
                        }
                    ]
                }
            ]
        },
        "Planning Time": 188.156,
        "Triggers": [],
        "Execution Time": 110.453
    }
]