[
    {
        "Bao": {
            "Bao prediction": "NaN",
            "Bao recommended hint": "(no hint)"
        }
    },
    {
        "Plan": {
            "Node Type": "Aggregate",
            "Strategy": "Plain",
            "Partial Mode": "Finalize",
            "Parallel Aware": false,
            "Startup Cost": 280786.66,
            "Total Cost": 280786.67,
            "Plan Rows": 1,
            "Plan Width": 8,
            "Actual Startup Time": 116.024,
            "Actual Total Time": 120.334,
            "Actual Rows": 1,
            "Actual Loops": 1,
            "Output": [
                "count(*)"
            ],
            "Plans": [
                {
                    "Node Type": "Gather",
                    "Parent Relationship": "Outer",
                    "Parallel Aware": false,
                    "Startup Cost": 280786.03,
                    "Total Cost": 280786.64,
                    "Plan Rows": 6,
                    "Plan Width": 8,
                    "Actual Startup Time": 115.677,
                    "Actual Total Time": 120.328,
                    "Actual Rows": 7,
                    "Actual Loops": 1,
                    "Output": [
                        "(PARTIAL count(*))"
                    ],
                    "Workers Planned": 6,
                    "Workers Launched": 6,
                    "Single Copy": false,
                    "Plans": [
                        {
                            "Node Type": "Aggregate",
                            "Strategy": "Plain",
                            "Partial Mode": "Partial",
                            "Parent Relationship": "Outer",
                            "Parallel Aware": false,
                            "Startup Cost": 279786.03,
                            "Total Cost": 279786.04,
                            "Plan Rows": 1,
                            "Plan Width": 8,
                            "Actual Startup Time": 105.271,
                            "Actual Total Time": 105.272,
                            "Actual Rows": 1,
                            "Actual Loops": 7,
                            "Output": [
                                "PARTIAL count(*)"
                            ],
                            "Workers": [
                                {
                                    "Worker Number": 0,
                                    "Actual Startup Time": 102.877,
                                    "Actual Total Time": 102.878,
                                    "Actual Rows": 1,
                                    "Actual Loops": 1
                                },
                                {
                                    "Worker Number": 1,
                                    "Actual Startup Time": 103.122,
                                    "Actual Total Time": 103.123,
                                    "Actual Rows": 1,
                                    "Actual Loops": 1
                                },
                                {
                                    "Worker Number": 2,
                                    "Actual Startup Time": 103.669,
                                    "Actual Total Time": 103.67,
                                    "Actual Rows": 1,
                                    "Actual Loops": 1
                                },
                                {
                                    "Worker Number": 3,
                                    "Actual Startup Time": 103.714,
                                    "Actual Total Time": 103.716,
                                    "Actual Rows": 1,
                                    "Actual Loops": 1
                                },
                                {
                                    "Worker Number": 4,
                                    "Actual Startup Time": 103.923,
                                    "Actual Total Time": 103.925,
                                    "Actual Rows": 1,
                                    "Actual Loops": 1
                                },
                                {
                                    "Worker Number": 5,
                                    "Actual Startup Time": 104.537,
                                    "Actual Total Time": 104.538,
                                    "Actual Rows": 1,
                                    "Actual Loops": 1
                                }
                            ],
                            "Plans": [
                                {
                                    "Node Type": "Bitmap Heap Scan",
                                    "Parent Relationship": "Outer",
                                    "Parallel Aware": true,
                                    "Relation Name": "cast_info",
                                    "Schema": "public",
                                    "Alias": "ci",
                                    "Startup Cost": 24101.3,
                                    "Total Cost": 279530.84,
                                    "Plan Rows": 102077,
                                    "Plan Width": 0,
                                    "Actual Startup Time": 43.72,
                                    "Actual Total Time": 96.426,
                                    "Actual Rows": 116674,
                                    "Actual Loops": 7,
                                    "Recheck Cond": "(ci.person_id < 114565)",
                                    "Rows Removed by Index Recheck": 0,
                                    "Filter": "(ci.role_id < 3)",
                                    "Rows Removed by Filter": 43728,
                                    "Exact Heap Blocks": 3228,
                                    "Lossy Heap Blocks": 0,
                                    "Workers": [
                                        {
                                            "Worker Number": 0,
                                            "Actual Startup Time": 41.208,
                                            "Actual Total Time": 94.101,
                                            "Actual Rows": 83256,
                                            "Actual Loops": 1
                                        },
                                        {
                                            "Worker Number": 1,
                                            "Actual Startup Time": 41.501,
                                            "Actual Total Time": 94.444,
                                            "Actual Rows": 88807,
                                            "Actual Loops": 1
                                        },
                                        {
                                            "Worker Number": 2,
                                            "Actual Startup Time": 42.599,
                                            "Actual Total Time": 95.033,
                                            "Actual Rows": 103162,
                                            "Actual Loops": 1
                                        },
                                        {
                                            "Worker Number": 3,
                                            "Actual Startup Time": 42.141,
                                            "Actual Total Time": 94.916,
                                            "Actual Rows": 90554,
                                            "Actual Loops": 1
                                        },
                                        {
                                            "Worker Number": 4,
                                            "Actual Startup Time": 42.227,
                                            "Actual Total Time": 95.229,
                                            "Actual Rows": 88949,
                                            "Actual Loops": 1
                                        },
                                        {
                                            "Worker Number": 5,
                                            "Actual Startup Time": 43.258,
                                            "Actual Total Time": 95.957,
                                            "Actual Rows": 102715,
                                            "Actual Loops": 1
                                        }
                                    ],
                                    "Plans": [
                                        {
                                            "Node Type": "Bitmap Index Scan",
                                            "Parent Relationship": "Outer",
                                            "Parallel Aware": false,
                                            "Index Name": "person_id_cast_info",
                                            "Startup Cost": 0.0,
                                            "Total Cost": 23948.18,
                                            "Plan Rows": 1097016,
                                            "Plan Width": 0,
                                            "Actual Startup Time": 51.474,
                                            "Actual Total Time": 51.475,
                                            "Actual Rows": 1122815,
                                            "Actual Loops": 1,
                                            "Index Cond": "(ci.person_id < 114565)"
                                        }
                                    ]
                                }
                            ]
                        }
                    ]
                }
            ]
        },
        "Planning Time": 207.376,
        "Triggers": [],
        "Execution Time": 120.416
    }
]