[
  {
    "Plan": {
      "Node Type": "Aggregate",
      "Strategy": "Plain",
      "Partial Mode": "Finalize",
      "Parallel Aware": false,
      "Startup Cost": 355289.58,
      "Total Cost": 355289.59,
      "Plan Rows": 1,
      "Plan Width": 8,
      "Actual Startup Time": 1339.55,
      "Actual Total Time": 1453.246,
      "Actual Rows": 1,
      "Actual Loops": 1,
      "Plans": [
        {
          "Node Type": "Gather",
          "Parent Relationship": "Outer",
          "Parallel Aware": false,
          "Startup Cost": 355288.96,
          "Total Cost": 355289.57,
          "Plan Rows": 6,
          "Plan Width": 8,
          "Actual Startup Time": 1339.267,
          "Actual Total Time": 1453.228,
          "Actual Rows": 7,
          "Actual Loops": 1,
          "Workers Planned": 6,
          "Workers Launched": 6,
          "Single Copy": false,
          "Plans": [
            {
              "Node Type": "Aggregate",
              "Strategy": "Plain",
              "Partial Mode": "Partial",
              "Parent Relationship": "Outer",
              "Parallel Aware": false,
              "Startup Cost": 354288.96,
              "Total Cost": 354288.97,
              "Plan Rows": 1,
              "Plan Width": 8,
              "Actual Startup Time": 1329.951,
              "Actual Total Time": 1329.953,
              "Actual Rows": 1,
              "Actual Loops": 7,
              "Plans": [
                {
                  "Node Type": "Seq Scan",
                  "Parent Relationship": "Outer",
                  "Parallel Aware": true,
                  "Relation Name": "cast_info",
                  "Alias": "ci",
                  "Startup Cost": 0.0,
                  "Total Cost": 343257.03,
                  "Plan Rows": 4412771,
                  "Plan Width": 0,
                  "Actual Startup Time": 55.664,
                  "Actual Total Time": 1099.542,
                  "Actual Rows": 3739574,
                  "Actual Loops": 7,
                  "Filter": "((person_id > 285345) AND (role_id < 8))",
                  "Rows Removed by Filter": 1438190
                }
              ]
            }
          ]
        }
      ]
    },
    "Planning Time": 0.232,
    "Triggers": [],
    "Execution Time": 1453.413
  }
]