[
  {
    "Plan": {
      "Node Type": "Aggregate",
      "Strategy": "Plain",
      "Partial Mode": "Finalize",
      "Parallel Aware": false,
      "Startup Cost": 88850.27,
      "Total Cost": 88850.28,
      "Plan Rows": 1,
      "Plan Width": 8,
      "Actual Startup Time": 252.813,
      "Actual Total Time": 271.165,
      "Actual Rows": 1,
      "Actual Loops": 1,
      "Plans": [
        {
          "Node Type": "Gather",
          "Parent Relationship": "Outer",
          "Parallel Aware": false,
          "Startup Cost": 88849.95,
          "Total Cost": 88850.26,
          "Plan Rows": 3,
          "Plan Width": 8,
          "Actual Startup Time": 251.894,
          "Actual Total Time": 271.157,
          "Actual Rows": 4,
          "Actual Loops": 1,
          "Workers Planned": 3,
          "Workers Launched": 3,
          "Single Copy": false,
          "Plans": [
            {
              "Node Type": "Aggregate",
              "Strategy": "Plain",
              "Partial Mode": "Partial",
              "Parent Relationship": "Outer",
              "Parallel Aware": false,
              "Startup Cost": 87849.95,
              "Total Cost": 87849.96,
              "Plan Rows": 1,
              "Plan Width": 8,
              "Actual Startup Time": 242.736,
              "Actual Total Time": 242.74,
              "Actual Rows": 1,
              "Actual Loops": 4,
              "Plans": [
                {
                  "Node Type": "Hash Join",
                  "Parent Relationship": "Outer",
                  "Parallel Aware": true,
                  "Join Type": "Inner",
                  "Startup Cost": 60108.63,
                  "Total Cost": 87817.32,
                  "Plan Rows": 13053,
                  "Plan Width": 0,
                  "Actual Startup Time": 148.301,
                  "Actual Total Time": 242.132,
                  "Actual Rows": 7586,
                  "Actual Loops": 4,
                  "Inner Unique": true,
                  "Hash Cond": "(mk.movie_id = t.id)",
                  "Plans": [
                    {
                      "Node Type": "Bitmap Heap Scan",
                      "Parent Relationship": "Outer",
                      "Parallel Aware": true,
                      "Relation Name": "movie_keyword",
                      "Alias": "mk",
                      "Startup Cost": 14150.28,
                      "Total Cost": 41294.11,
                      "Plan Rows": 215186,
                      "Plan Width": 4,
                      "Actual Startup Time": 41.166,
                      "Actual Total Time": 107.972,
                      "Actual Rows": 168730,
                      "Actual Loops": 4,
                      "Recheck Cond": "(keyword_id < 545)",
                      "Rows Removed by Index Recheck": 0,
                      "Exact Heap Blocks": 9038,
                      "Lossy Heap Blocks": 0,
                      "Plans": [
                        {
                          "Node Type": "Bitmap Index Scan",
                          "Parent Relationship": "Outer",
                          "Parallel Aware": false,
                          "Index Name": "keyword_id_movie_keyword",
                          "Startup Cost": 0.0,
                          "Total Cost": 13983.51,
                          "Plan Rows": 667077,
                          "Plan Width": 0,
                          "Actual Startup Time": 37.448,
                          "Actual Total Time": 37.449,
                          "Actual Rows": 674918,
                          "Actual Loops": 1,
                          "Index Cond": "(keyword_id < 545)"
                        }
                      ]
                    },
                    {
                      "Node Type": "Hash",
                      "Parent Relationship": "Inner",
                      "Parallel Aware": true,
                      "Startup Cost": 45479.1,
                      "Total Cost": 45479.1,
                      "Plan Rows": 38340,
                      "Plan Width": 4,
                      "Actual Startup Time": 104.55,
                      "Actual Total Time": 104.551,
                      "Actual Rows": 33690,
                      "Actual Loops": 4,
                      "Hash Buckets": 262144,
                      "Original Hash Buckets": 262144,
                      "Hash Batches": 1,
                      "Original Hash Batches": 1,
                      "Peak Memory Usage": 7360,
                      "Plans": [
                        {
                          "Node Type": "Seq Scan",
                          "Parent Relationship": "Outer",
                          "Parallel Aware": true,
                          "Relation Name": "title",
                          "Alias": "t",
                          "Startup Cost": 0.0,
                          "Total Cost": 45479.1,
                          "Plan Rows": 38340,
                          "Plan Width": 4,
                          "Actual Startup Time": 0.055,
                          "Actual Total Time": 93.367,
                          "Actual Rows": 33690,
                          "Actual Loops": 4,
                          "Filter": "((kind_id < 7) AND (production_year > 2010))",
                          "Rows Removed by Filter": 598388
                        }
                      ]
                    }
                  ]
                }
              ]
            }
          ]
        }
      ]
    },
    "Planning Time": 0.625,
    "Triggers": [],
    "Execution Time": 271.259
  }
]