[
  {
    "Plan": {
      "Node Type": "Aggregate",
      "Strategy": "Plain",
      "Partial Mode": "Finalize",
      "Parallel Aware": false,
      "Startup Cost": 68207.95,
      "Total Cost": 68207.96,
      "Plan Rows": 1,
      "Plan Width": 8,
      "Actual Startup Time": 193.172,
      "Actual Total Time": 207.872,
      "Actual Rows": 1,
      "Actual Loops": 1,
      "Plans": [
        {
          "Node Type": "Gather",
          "Parent Relationship": "Outer",
          "Parallel Aware": false,
          "Startup Cost": 68207.53,
          "Total Cost": 68207.94,
          "Plan Rows": 4,
          "Plan Width": 8,
          "Actual Startup Time": 192.213,
          "Actual Total Time": 207.861,
          "Actual Rows": 5,
          "Actual Loops": 1,
          "Workers Planned": 4,
          "Workers Launched": 4,
          "Single Copy": false,
          "Plans": [
            {
              "Node Type": "Aggregate",
              "Strategy": "Plain",
              "Partial Mode": "Partial",
              "Parent Relationship": "Outer",
              "Parallel Aware": false,
              "Startup Cost": 67207.53,
              "Total Cost": 67207.54,
              "Plan Rows": 1,
              "Plan Width": 8,
              "Actual Startup Time": 182.391,
              "Actual Total Time": 182.395,
              "Actual Rows": 1,
              "Actual Loops": 5,
              "Plans": [
                {
                  "Node Type": "Hash Join",
                  "Parent Relationship": "Outer",
                  "Parallel Aware": true,
                  "Join Type": "Inner",
                  "Startup Cost": 21655.28,
                  "Total Cost": 67175.59,
                  "Plan Rows": 12777,
                  "Plan Width": 0,
                  "Actual Startup Time": 136.159,
                  "Actual Total Time": 181.408,
                  "Actual Rows": 19049,
                  "Actual Loops": 5,
                  "Inner Unique": false,
                  "Hash Cond": "(t.id = mc.movie_id)",
                  "Plans": [
                    {
                      "Node Type": "Seq Scan",
                      "Parent Relationship": "Outer",
                      "Parallel Aware": true,
                      "Relation Name": "title",
                      "Alias": "t",
                      "Startup Cost": 0.0,
                      "Total Cost": 42318.73,
                      "Plan Rows": 632073,
                      "Plan Width": 4,
                      "Actual Startup Time": 0.02,
                      "Actual Total Time": 70.284,
                      "Actual Rows": 505662,
                      "Actual Loops": 5
                    },
                    {
                      "Node Type": "Hash",
                      "Parent Relationship": "Inner",
                      "Parallel Aware": true,
                      "Startup Cost": 21449.21,
                      "Total Cost": 21449.21,
                      "Plan Rows": 16486,
                      "Plan Width": 4,
                      "Actual Startup Time": 38.723,
                      "Actual Total Time": 38.724,
                      "Actual Rows": 19049,
                      "Actual Loops": 5,
                      "Hash Buckets": 131072,
                      "Original Hash Buckets": 65536,
                      "Hash Batches": 1,
                      "Original Hash Batches": 1,
                      "Peak Memory Usage": 5376,
                      "Plans": [
                        {
                          "Node Type": "Bitmap Heap Scan",
                          "Parent Relationship": "Outer",
                          "Parallel Aware": true,
                          "Relation Name": "movie_companies",
                          "Alias": "mc",
                          "Startup Cost": 2172.15,
                          "Total Cost": 21449.21,
                          "Plan Rows": 16486,
                          "Plan Width": 4,
                          "Actual Startup Time": 7.054,
                          "Actual Total Time": 25.91,
                          "Actual Rows": 19049,
                          "Actual Loops": 5,
                          "Recheck Cond": "(company_id > 160437)",
                          "Rows Removed by Index Recheck": 0,
                          "Filter": "(company_type_id > 1)",
                          "Rows Removed by Filter": 0,
                          "Exact Heap Blocks": 1177,
                          "Lossy Heap Blocks": 0,
                          "Plans": [
                            {
                              "Node Type": "Bitmap Index Scan",
                              "Parent Relationship": "Outer",
                              "Parallel Aware": false,
                              "Index Name": "company_id_movie_companies",
                              "Startup Cost": 0.0,
                              "Total Cost": 2159.37,
                              "Plan Rows": 100659,
                              "Plan Width": 0,
                              "Actual Startup Time": 11.703,
                              "Actual Total Time": 11.703,
                              "Actual Rows": 95244,
                              "Actual Loops": 1,
                              "Index Cond": "(company_id > 160437)"
                            }
                          ]
                        }
                      ]
                    }
                  ]
                }
              ]
            }
          ]
        }
      ]
    },
    "Planning Time": 0.613,
    "Triggers": [],
    "Execution Time": 207.971
  }
]