[
  {
    "Plan": {
      "Node Type": "Aggregate",
      "Strategy": "Plain",
      "Partial Mode": "Finalize",
      "Parallel Aware": false,
      "Startup Cost": 33336.97,
      "Total Cost": 33336.98,
      "Plan Rows": 1,
      "Plan Width": 8,
      "Actual Startup Time": 108.99,
      "Actual Total Time": 116.763,
      "Actual Rows": 1,
      "Actual Loops": 1,
      "Plans": [
        {
          "Node Type": "Gather",
          "Parent Relationship": "Outer",
          "Parallel Aware": false,
          "Startup Cost": 33336.65,
          "Total Cost": 33336.96,
          "Plan Rows": 3,
          "Plan Width": 8,
          "Actual Startup Time": 108.753,
          "Actual Total Time": 116.754,
          "Actual Rows": 4,
          "Actual Loops": 1,
          "Workers Planned": 3,
          "Workers Launched": 3,
          "Single Copy": false,
          "Plans": [
            {
              "Node Type": "Aggregate",
              "Strategy": "Plain",
              "Partial Mode": "Partial",
              "Parent Relationship": "Outer",
              "Parallel Aware": false,
              "Startup Cost": 32336.65,
              "Total Cost": 32336.66,
              "Plan Rows": 1,
              "Plan Width": 8,
              "Actual Startup Time": 102.519,
              "Actual Total Time": 102.52,
              "Actual Rows": 1,
              "Actual Loops": 4,
              "Plans": [
                {
                  "Node Type": "Seq Scan",
                  "Parent Relationship": "Outer",
                  "Parallel Aware": true,
                  "Relation Name": "movie_companies",
                  "Alias": "mc",
                  "Startup Cost": 0.0,
                  "Total Cost": 31414.82,
                  "Plan Rows": 368734,
                  "Plan Width": 0,
                  "Actual Startup Time": 48.889,
                  "Actual Total Time": 88.932,
                  "Actual Rows": 314237,
                  "Actual Loops": 4,
                  "Filter": "((company_id > 169) AND (company_type_id = 2))",
                  "Rows Removed by Filter": 338046
                }
              ]
            }
          ]
        }
      ]
    },
    "Planning Time": 0.215,
    "Triggers": [],
    "Execution Time": 116.817
  }
]