[
  {
    "Plan": {
      "Node Type": "Aggregate",
      "Strategy": "Plain",
      "Partial Mode": "Finalize",
      "Parallel Aware": false,
      "Startup Cost": 256438.34,
      "Total Cost": 256438.35,
      "Plan Rows": 1,
      "Plan Width": 8,
      "Actual Startup Time": 715.56,
      "Actual Total Time": 760.444,
      "Actual Rows": 1,
      "Actual Loops": 1,
      "Plans": [
        {
          "Node Type": "Gather",
          "Parent Relationship": "Outer",
          "Parallel Aware": false,
          "Startup Cost": 256438.02,
          "Total Cost": 256438.33,
          "Plan Rows": 3,
          "Plan Width": 8,
          "Actual Startup Time": 707.748,
          "Actual Total Time": 760.431,
          "Actual Rows": 4,
          "Actual Loops": 1,
          "Workers Planned": 3,
          "Workers Launched": 3,
          "Single Copy": false,
          "Plans": [
            {
              "Node Type": "Aggregate",
              "Strategy": "Plain",
              "Partial Mode": "Partial",
              "Parent Relationship": "Outer",
              "Parallel Aware": false,
              "Startup Cost": 255438.02,
              "Total Cost": 255438.03,
              "Plan Rows": 1,
              "Plan Width": 8,
              "Actual Startup Time": 696.322,
              "Actual Total Time": 696.327,
              "Actual Rows": 1,
              "Actual Loops": 4,
              "Plans": [
                {
                  "Node Type": "Nested Loop",
                  "Parent Relationship": "Outer",
                  "Parallel Aware": false,
                  "Join Type": "Inner",
                  "Startup Cost": 48100.43,
                  "Total Cost": 254343.79,
                  "Plan Rows": 437694,
                  "Plan Width": 0,
                  "Actual Startup Time": 267.213,
                  "Actual Total Time": 671.873,
                  "Actual Rows": 437992,
                  "Actual Loops": 4,
                  "Inner Unique": false,
                  "Plans": [
                    {
                      "Node Type": "Hash Join",
                      "Parent Relationship": "Outer",
                      "Parallel Aware": true,
                      "Join Type": "Inner",
                      "Startup Cost": 48100.0,
                      "Total Cost": 79887.98,
                      "Plan Rows": 75577,
                      "Plan Width": 8,
                      "Actual Startup Time": 267.101,
                      "Actual Total Time": 344.61,
                      "Actual Rows": 17161,
                      "Actual Loops": 4,
                      "Inner Unique": true,
                      "Hash Cond": "(mc.movie_id = t.id)",
                      "Plans": [
                        {
                          "Node Type": "Seq Scan",
                          "Parent Relationship": "Outer",
                          "Parallel Aware": true,
                          "Relation Name": "movie_companies",
                          "Alias": "mc",
                          "Startup Cost": 0.0,
                          "Total Cost": 31414.82,
                          "Plan Rows": 142158,
                          "Plan Width": 4,
                          "Actual Startup Time": 11.348,
                          "Actual Total Time": 67.601,
                          "Actual Rows": 29136,
                          "Actual Loops": 4,
                          "Filter": "((company_id > 21900) AND (company_type_id < 2))",
                          "Rows Removed by Filter": 623146
                        },
                        {
                          "Node Type": "Hash",
                          "Parent Relationship": "Inner",
                          "Parallel Aware": true,
                          "Startup Cost": 43899.32,
                          "Total Cost": 43899.32,
                          "Plan Rows": 336054,
                          "Plan Width": 4,
                          "Actual Startup Time": 248.127,
                          "Actual Total Time": 248.129,
                          "Actual Rows": 337073,
                          "Actual Loops": 4,
                          "Hash Buckets": 2097152,
                          "Original Hash Buckets": 2097152,
                          "Hash Batches": 1,
                          "Original Hash Batches": 1,
                          "Peak Memory Usage": 69216,
                          "Plans": [
                            {
                              "Node Type": "Seq Scan",
                              "Parent Relationship": "Outer",
                              "Parallel Aware": true,
                              "Relation Name": "title",
                              "Alias": "t",
                              "Startup Cost": 0.0,
                              "Total Cost": 43899.32,
                              "Plan Rows": 336054,
                              "Plan Width": 4,
                              "Actual Startup Time": 0.035,
                              "Actual Total Time": 112.962,
                              "Actual Rows": 337073,
                              "Actual Loops": 4,
                              "Filter": "(production_year < 2005)",
                              "Rows Removed by Filter": 295005
                            }
                          ]
                        }
                      ]
                    },
                    {
                      "Node Type": "Index Scan",
                      "Parent Relationship": "Inner",
                      "Parallel Aware": false,
                      "Scan Direction": "Forward",
                      "Index Name": "movie_id_movie_info",
                      "Relation Name": "movie_info",
                      "Alias": "mi",
                      "Startup Cost": 0.43,
                      "Total Cost": 1.9,
                      "Plan Rows": 41,
                      "Plan Width": 4,
                      "Actual Startup Time": 0.005,
                      "Actual Total Time": 0.017,
                      "Actual Rows": 26,
                      "Actual Loops": 68645,
                      "Index Cond": "(movie_id = t.id)",
                      "Rows Removed by Index Recheck": 0,
                      "Filter": "(info_type_id < 107)",
                      "Rows Removed by Filter": 1
                    }
                  ]
                }
              ]
            }
          ]
        }
      ]
    },
    "Planning Time": 1.39,
    "Triggers": [],
    "Execution Time": 760.546
  }
]