[
  {
    "Plan": {
      "Node Type": "Aggregate",
      "Strategy": "Plain",
      "Partial Mode": "Finalize",
      "Parallel Aware": false,
      "Startup Cost": 287903.31,
      "Total Cost": 287903.32,
      "Plan Rows": 1,
      "Plan Width": 8,
      "Actual Startup Time": 733.65,
      "Actual Total Time": 776.778,
      "Actual Rows": 1,
      "Actual Loops": 1,
      "Plans": [
        {
          "Node Type": "Gather",
          "Parent Relationship": "Outer",
          "Parallel Aware": false,
          "Startup Cost": 287902.79,
          "Total Cost": 287903.3,
          "Plan Rows": 5,
          "Plan Width": 8,
          "Actual Startup Time": 723.295,
          "Actual Total Time": 776.767,
          "Actual Rows": 6,
          "Actual Loops": 1,
          "Workers Planned": 5,
          "Workers Launched": 5,
          "Single Copy": false,
          "Plans": [
            {
              "Node Type": "Aggregate",
              "Strategy": "Plain",
              "Partial Mode": "Partial",
              "Parent Relationship": "Outer",
              "Parallel Aware": false,
              "Startup Cost": 286902.79,
              "Total Cost": 286902.8,
              "Plan Rows": 1,
              "Plan Width": 8,
              "Actual Startup Time": 713.05,
              "Actual Total Time": 713.23,
              "Actual Rows": 1,
              "Actual Loops": 6,
              "Plans": [
                {
                  "Node Type": "Hash Join",
                  "Parent Relationship": "Outer",
                  "Parallel Aware": true,
                  "Join Type": "Inner",
                  "Startup Cost": 84474.29,
                  "Total Cost": 286361.57,
                  "Plan Rows": 216488,
                  "Plan Width": 0,
                  "Actual Startup Time": 411.069,
                  "Actual Total Time": 710.247,
                  "Actual Rows": 64442,
                  "Actual Loops": 6,
                  "Inner Unique": false,
                  "Hash Cond": "(mi.movie_id = t.id)",
                  "Plans": [
                    {
                      "Node Type": "Seq Scan",
                      "Parent Relationship": "Outer",
                      "Parallel Aware": true,
                      "Relation Name": "movie_info",
                      "Alias": "mi",
                      "Startup Cost": 0.0,
                      "Total Cost": 198952.16,
                      "Plan Rows": 596472,
                      "Plan Width": 4,
                      "Actual Startup Time": 72.883,
                      "Actual Total Time": 306.354,
                      "Actual Rows": 506120,
                      "Actual Loops": 6,
                      "Filter": "(info_type_id = 16)",
                      "Rows Removed by Filter": 1966500
                    },
                    {
                      "Node Type": "Hash",
                      "Parent Relationship": "Inner",
                      "Parallel Aware": true,
                      "Startup Cost": 80774.14,
                      "Total Cost": 80774.14,
                      "Plan Rows": 296012,
                      "Plan Width": 8,
                      "Actual Startup Time": 334.39,
                      "Actual Total Time": 334.567,
                      "Actual Rows": 39080,
                      "Actual Loops": 6,
                      "Hash Buckets": 1048576,
                      "Original Hash Buckets": 1048576,
                      "Hash Batches": 1,
                      "Original Hash Batches": 1,
                      "Peak Memory Usage": 17472,
                      "Plans": [
                        {
                          "Node Type": "Hash Join",
                          "Parent Relationship": "Outer",
                          "Parallel Aware": true,
                          "Join Type": "Inner",
                          "Startup Cost": 50148.74,
                          "Total Cost": 80774.14,
                          "Plan Rows": 296012,
                          "Plan Width": 8,
                          "Actual Startup Time": 198.014,
                          "Actual Total Time": 316.613,
                          "Actual Rows": 39080,
                          "Actual Loops": 6,
                          "Inner Unique": true,
                          "Hash Cond": "(mc.movie_id = t.id)",
                          "Plans": [
                            {
                              "Node Type": "Seq Scan",
                              "Parent Relationship": "Outer",
                              "Parallel Aware": true,
                              "Relation Name": "movie_companies",
                              "Alias": "mc",
                              "Startup Cost": 0.0,
                              "Total Cost": 29310.68,
                              "Plan Rows": 500846,
                              "Plan Width": 4,
                              "Actual Startup Time": 2.781,
                              "Actual Total Time": 53.936,
                              "Actual Rows": 259038,
                              "Actual Loops": 6,
                              "Filter": "(company_id > 6219)",
                              "Rows Removed by Filter": 175816
                            },
                            {
                              "Node Type": "Hash",
                              "Parent Relationship": "Inner",
                              "Parallel Aware": true,
                              "Startup Cost": 45479.1,
                              "Total Cost": 45479.1,
                              "Plan Rows": 373571,
                              "Plan Width": 4,
                              "Actual Startup Time": 192.157,
                              "Actual Total Time": 192.158,
                              "Actual Rows": 246407,
                              "Actual Loops": 6,
                              "Hash Buckets": 2097152,
                              "Original Hash Buckets": 2097152,
                              "Hash Batches": 1,
                              "Original Hash Batches": 1,
                              "Peak Memory Usage": 74336,
                              "Plans": [
                                {
                                  "Node Type": "Seq Scan",
                                  "Parent Relationship": "Outer",
                                  "Parallel Aware": true,
                                  "Relation Name": "title",
                                  "Alias": "t",
                                  "Startup Cost": 0.0,
                                  "Total Cost": 45479.1,
                                  "Plan Rows": 373571,
                                  "Plan Width": 4,
                                  "Actual Startup Time": 0.049,
                                  "Actual Total Time": 88.923,
                                  "Actual Rows": 246407,
                                  "Actual Loops": 6,
                                  "Filter": "((production_year > 0) AND (kind_id = 7))",
                                  "Rows Removed by Filter": 174979
                                }
                              ]
                            }
                          ]
                        }
                      ]
                    }
                  ]
                }
              ]
            }
          ]
        }
      ]
    },
    "Planning Time": 1.491,
    "Triggers": [],
    "Execution Time": 776.877
  }
]