[
  {
    "Plan": {
      "Node Type": "Aggregate",
      "Strategy": "Plain",
      "Partial Mode": "Finalize",
      "Parallel Aware": false,
      "Startup Cost": 341372.78,
      "Total Cost": 341372.79,
      "Plan Rows": 1,
      "Plan Width": 8,
      "Actual Startup Time": 847.843,
      "Actual Total Time": 904.53,
      "Actual Rows": 1,
      "Actual Loops": 1,
      "Plans": [
        {
          "Node Type": "Gather",
          "Parent Relationship": "Outer",
          "Parallel Aware": false,
          "Startup Cost": 341372.15,
          "Total Cost": 341372.76,
          "Plan Rows": 6,
          "Plan Width": 8,
          "Actual Startup Time": 847.661,
          "Actual Total Time": 904.52,
          "Actual Rows": 7,
          "Actual Loops": 1,
          "Workers Planned": 6,
          "Workers Launched": 6,
          "Single Copy": false,
          "Plans": [
            {
              "Node Type": "Aggregate",
              "Strategy": "Plain",
              "Partial Mode": "Partial",
              "Parent Relationship": "Outer",
              "Parallel Aware": false,
              "Startup Cost": 340372.15,
              "Total Cost": 340372.16,
              "Plan Rows": 1,
              "Plan Width": 8,
              "Actual Startup Time": 839.457,
              "Actual Total Time": 839.459,
              "Actual Rows": 1,
              "Actual Loops": 7,
              "Plans": [
                {
                  "Node Type": "Seq Scan",
                  "Parent Relationship": "Outer",
                  "Parallel Aware": true,
                  "Relation Name": "cast_info",
                  "Alias": "ci",
                  "Startup Cost": 0.0,
                  "Total Cost": 328211.39,
                  "Plan Rows": 4864305,
                  "Plan Width": 0,
                  "Actual Startup Time": 84.202,
                  "Actual Total Time": 644.264,
                  "Actual Rows": 4148618,
                  "Actual Loops": 7,
                  "Filter": "(person_id > 695562)",
                  "Rows Removed by Filter": 1029146
                }
              ]
            }
          ]
        }
      ]
    },
    "Planning Time": 0.117,
    "Triggers": [],
    "Execution Time": 904.582
  }
]