[
  {
    "Plan": {
      "Node Type": "Aggregate",
      "Strategy": "Plain",
      "Partial Mode": "Finalize",
      "Parallel Aware": false,
      "Startup Cost": 55281.67,
      "Total Cost": 55281.68,
      "Plan Rows": 1,
      "Plan Width": 8,
      "Actual Startup Time": 105.305,
      "Actual Total Time": 119.266,
      "Actual Rows": 1,
      "Actual Loops": 1,
      "Plans": [
        {
          "Node Type": "Gather",
          "Parent Relationship": "Outer",
          "Parallel Aware": false,
          "Startup Cost": 55281.25,
          "Total Cost": 55281.66,
          "Plan Rows": 4,
          "Plan Width": 8,
          "Actual Startup Time": 105.153,
          "Actual Total Time": 119.255,
          "Actual Rows": 5,
          "Actual Loops": 1,
          "Workers Planned": 4,
          "Workers Launched": 4,
          "Single Copy": false,
          "Plans": [
            {
              "Node Type": "Aggregate",
              "Strategy": "Plain",
              "Partial Mode": "Partial",
              "Parent Relationship": "Outer",
              "Parallel Aware": false,
              "Startup Cost": 54281.25,
              "Total Cost": 54281.26,
              "Plan Rows": 1,
              "Plan Width": 8,
              "Actual Startup Time": 97.199,
              "Actual Total Time": 97.201,
              "Actual Rows": 1,
              "Actual Loops": 5,
              "Plans": [
                {
                  "Node Type": "Nested Loop",
                  "Parent Relationship": "Outer",
                  "Parallel Aware": false,
                  "Join Type": "Inner",
                  "Startup Cost": 0.43,
                  "Total Cost": 54276.92,
                  "Plan Rows": 1732,
                  "Plan Width": 0,
                  "Actual Startup Time": 52.319,
                  "Actual Total Time": 96.915,
                  "Actual Rows": 4152,
                  "Actual Loops": 5,
                  "Inner Unique": false,
                  "Plans": [
                    {
                      "Node Type": "Seq Scan",
                      "Parent Relationship": "Outer",
                      "Parallel Aware": true,
                      "Relation Name": "title",
                      "Alias": "t",
                      "Startup Cost": 0.0,
                      "Total Cost": 45479.59,
                      "Plan Rows": 968,
                      "Plan Width": 4,
                      "Actual Startup Time": 52.154,
                      "Actual Total Time": 83.146,
                      "Actual Rows": 911,
                      "Actual Loops": 5,
                      "Filter": "((kind_id = 1) AND (production_year = 1968))",
                      "Rows Removed by Filter": 504751
                    },
                    {
                      "Node Type": "Index Only Scan",
                      "Parent Relationship": "Inner",
                      "Parallel Aware": false,
                      "Scan Direction": "Forward",
                      "Index Name": "movie_id_movie_keyword",
                      "Relation Name": "movie_keyword",
                      "Alias": "mk",
                      "Startup Cost": 0.43,
                      "Total Cost": 8.63,
                      "Plan Rows": 46,
                      "Plan Width": 4,
                      "Actual Startup Time": 0.013,
                      "Actual Total Time": 0.014,
                      "Actual Rows": 5,
                      "Actual Loops": 4557,
                      "Index Cond": "(movie_id = t.id)",
                      "Rows Removed by Index Recheck": 0,
                      "Heap Fetches": 20758
                    }
                  ]
                }
              ]
            }
          ]
        }
      ]
    },
    "Planning Time": 0.256,
    "Triggers": [],
    "Execution Time": 119.316
  }
]