[
  {
    "Plan": {
      "Node Type": "Aggregate",
      "Strategy": "Plain",
      "Partial Mode": "Simple",
      "Parallel Aware": false,
      "Startup Cost": 22274.49,
      "Total Cost": 22274.5,
      "Plan Rows": 1,
      "Plan Width": 8,
      "Actual Startup Time": 39.628,
      "Actual Total Time": 39.629,
      "Actual Rows": 1,
      "Actual Loops": 1,
      "Plans": [
        {
          "Node Type": "Bitmap Heap Scan",
          "Parent Relationship": "Outer",
          "Parallel Aware": false,
          "Relation Name": "movie_companies",
          "Alias": "mc",
          "Startup Cost": 1986.62,
          "Total Cost": 22157.62,
          "Plan Rows": 46745,
          "Plan Width": 0,
          "Actual Startup Time": 10.783,
          "Actual Total Time": 33.982,
          "Actual Rows": 87552,
          "Actual Loops": 1,
          "Recheck Cond": "(company_id > 165251)",
          "Rows Removed by Index Recheck": 0,
          "Filter": "(company_type_id > 1)",
          "Rows Removed by Filter": 0,
          "Exact Heap Blocks": 2895,
          "Lossy Heap Blocks": 0,
          "Plans": [
            {
              "Node Type": "Bitmap Index Scan",
              "Parent Relationship": "Outer",
              "Parallel Aware": false,
              "Index Name": "company_id_movie_companies",
              "Startup Cost": 0.0,
              "Total Cost": 1974.93,
              "Plan Rows": 92067,
              "Plan Width": 0,
              "Actual Startup Time": 10.034,
              "Actual Total Time": 10.035,
              "Actual Rows": 87552,
              "Actual Loops": 1,
              "Index Cond": "(company_id > 165251)"
            }
          ]
        }
      ]
    },
    "Planning Time": 0.209,
    "Triggers": [],
    "Execution Time": 39.688
  }
]