[
  {
    "Plan": {
      "Node Type": "Aggregate",
      "Strategy": "Plain",
      "Partial Mode": "Finalize",
      "Parallel Aware": false,
      "Startup Cost": 124255.99,
      "Total Cost": 124256.0,
      "Plan Rows": 1,
      "Plan Width": 8,
      "Actual Startup Time": 631.051,
      "Actual Total Time": 652.056,
      "Actual Rows": 1,
      "Actual Loops": 1,
      "Plans": [
        {
          "Node Type": "Gather",
          "Parent Relationship": "Outer",
          "Parallel Aware": false,
          "Startup Cost": 124255.67,
          "Total Cost": 124255.98,
          "Plan Rows": 3,
          "Plan Width": 8,
          "Actual Startup Time": 626.605,
          "Actual Total Time": 652.048,
          "Actual Rows": 4,
          "Actual Loops": 1,
          "Workers Planned": 3,
          "Workers Launched": 3,
          "Single Copy": false,
          "Plans": [
            {
              "Node Type": "Aggregate",
              "Strategy": "Plain",
              "Partial Mode": "Partial",
              "Parent Relationship": "Outer",
              "Parallel Aware": false,
              "Startup Cost": 123255.67,
              "Total Cost": 123255.68,
              "Plan Rows": 1,
              "Plan Width": 8,
              "Actual Startup Time": 617.151,
              "Actual Total Time": 617.156,
              "Actual Rows": 1,
              "Actual Loops": 4,
              "Plans": [
                {
                  "Node Type": "Hash Join",
                  "Parent Relationship": "Outer",
                  "Parallel Aware": true,
                  "Join Type": "Inner",
                  "Startup Cost": 92302.68,
                  "Total Cost": 122997.96,
                  "Plan Rows": 103084,
                  "Plan Width": 0,
                  "Actual Startup Time": 320.517,
                  "Actual Total Time": 556.064,
                  "Actual Rows": 1607892,
                  "Actual Loops": 4,
                  "Inner Unique": false,
                  "Hash Cond": "(mc.movie_id = t.id)",
                  "Plans": [
                    {
                      "Node Type": "Seq Scan",
                      "Parent Relationship": "Outer",
                      "Parallel Aware": true,
                      "Relation Name": "movie_companies",
                      "Alias": "mc",
                      "Startup Cost": 0.0,
                      "Total Cost": 27206.55,
                      "Plan Rows": 841655,
                      "Plan Width": 4,
                      "Actual Startup Time": 0.035,
                      "Actual Total Time": 55.4,
                      "Actual Rows": 652282,
                      "Actual Loops": 4
                    },
                    {
                      "Node Type": "Hash",
                      "Parent Relationship": "Inner",
                      "Parallel Aware": true,
                      "Startup Cost": 91054.05,
                      "Total Cost": 91054.05,
                      "Plan Rows": 99890,
                      "Plan Width": 8,
                      "Actual Startup Time": 315.299,
                      "Actual Total Time": 315.302,
                      "Actual Rows": 122026,
                      "Actual Loops": 4,
                      "Hash Buckets": 524288,
                      "Original Hash Buckets": 524288,
                      "Hash Batches": 1,
                      "Original Hash Batches": 1,
                      "Peak Memory Usage": 23264,
                      "Plans": [
                        {
                          "Node Type": "Hash Join",
                          "Parent Relationship": "Outer",
                          "Parallel Aware": true,
                          "Join Type": "Inner",
                          "Startup Cost": 46948.35,
                          "Total Cost": 91054.05,
                          "Plan Rows": 99890,
                          "Plan Width": 8,
                          "Actual Startup Time": 139.749,
                          "Actual Total Time": 289.799,
                          "Actual Rows": 122026,
                          "Actual Loops": 4,
                          "Inner Unique": true,
                          "Hash Cond": "(mk.movie_id = t.id)",
                          "Plans": [
                            {
                              "Node Type": "Seq Scan",
                              "Parent Relationship": "Outer",
                              "Parallel Aware": true,
                              "Relation Name": "movie_keyword",
                              "Alias": "mk",
                              "Startup Cost": 0.0,
                              "Total Cost": 42695.65,
                              "Plan Rows": 537162,
                              "Plan Width": 4,
                              "Actual Startup Time": 0.535,
                              "Actual Total Time": 99.212,
                              "Actual Rows": 416907,
                              "Actual Loops": 4,
                              "Filter": "(keyword_id > 8717)",
                              "Rows Removed by Filter": 714076
                            },
                            {
                              "Node Type": "Hash",
                              "Parent Relationship": "Inner",
                              "Parallel Aware": true,
                              "Startup Cost": 45479.1,
                              "Total Cost": 45479.1,
                              "Plan Rows": 117540,
                              "Plan Width": 4,
                              "Actual Startup Time": 137.36,
                              "Actual Total Time": 137.361,
                              "Actual Rows": 90219,
                              "Actual Loops": 4,
                              "Hash Buckets": 524288,
                              "Original Hash Buckets": 524288,
                              "Hash Batches": 1,
                              "Original Hash Batches": 1,
                              "Peak Memory Usage": 18272,
                              "Plans": [
                                {
                                  "Node Type": "Seq Scan",
                                  "Parent Relationship": "Outer",
                                  "Parallel Aware": true,
                                  "Relation Name": "title",
                                  "Alias": "t",
                                  "Startup Cost": 0.0,
                                  "Total Cost": 45479.1,
                                  "Plan Rows": 117540,
                                  "Plan Width": 4,
                                  "Actual Startup Time": 0.046,
                                  "Actual Total Time": 102.335,
                                  "Actual Rows": 90219,
                                  "Actual Loops": 4,
                                  "Filter": "((kind_id < 3) AND (production_year > 1996))",
                                  "Rows Removed by Filter": 541859
                                }
                              ]
                            }
                          ]
                        }
                      ]
                    }
                  ]
                }
              ]
            }
          ]
        }
      ]
    },
    "Planning Time": 1.468,
    "Triggers": [],
    "Execution Time": 652.139
  }
]