[
    {
        "Bao": {
            "Bao prediction": "NaN",
            "Bao recommended hint": "(no hint)"
        }
    },
    {
        "Plan": {
            "Node Type": "Aggregate",
            "Strategy": "Plain",
            "Partial Mode": "Finalize",
            "Parallel Aware": false,
            "Startup Cost": 338213.87,
            "Total Cost": 338213.88,
            "Plan Rows": 1,
            "Plan Width": 8,
            "Actual Startup Time": 382.046,
            "Actual Total Time": 403.779,
            "Actual Rows": 1,
            "Actual Loops": 1,
            "Output": [
                "count(*)"
            ],
            "Plans": [
                {
                    "Node Type": "Gather",
                    "Parent Relationship": "Outer",
                    "Parallel Aware": false,
                    "Startup Cost": 338213.34,
                    "Total Cost": 338213.85,
                    "Plan Rows": 5,
                    "Plan Width": 8,
                    "Actual Startup Time": 372.612,
                    "Actual Total Time": 403.768,
                    "Actual Rows": 6,
                    "Actual Loops": 1,
                    "Output": [
                        "(PARTIAL count(*))"
                    ],
                    "Workers Planned": 5,
                    "Workers Launched": 5,
                    "Single Copy": false,
                    "Plans": [
                        {
                            "Node Type": "Aggregate",
                            "Strategy": "Plain",
                            "Partial Mode": "Partial",
                            "Parent Relationship": "Outer",
                            "Parallel Aware": false,
                            "Startup Cost": 337213.34,
                            "Total Cost": 337213.35,
                            "Plan Rows": 1,
                            "Plan Width": 8,
                            "Actual Startup Time": 357.325,
                            "Actual Total Time": 357.33,
                            "Actual Rows": 1,
                            "Actual Loops": 6,
                            "Output": [
                                "PARTIAL count(*)"
                            ],
                            "Workers": [
                                {
                                    "Worker Number": 0,
                                    "Actual Startup Time": 354.223,
                                    "Actual Total Time": 354.236,
                                    "Actual Rows": 1,
                                    "Actual Loops": 1
                                },
                                {
                                    "Worker Number": 1,
                                    "Actual Startup Time": 354.226,
                                    "Actual Total Time": 354.229,
                                    "Actual Rows": 1,
                                    "Actual Loops": 1
                                },
                                {
                                    "Worker Number": 2,
                                    "Actual Startup Time": 354.917,
                                    "Actual Total Time": 354.92,
                                    "Actual Rows": 1,
                                    "Actual Loops": 1
                                },
                                {
                                    "Worker Number": 3,
                                    "Actual Startup Time": 354.305,
                                    "Actual Total Time": 354.308,
                                    "Actual Rows": 1,
                                    "Actual Loops": 1
                                },
                                {
                                    "Worker Number": 4,
                                    "Actual Startup Time": 354.503,
                                    "Actual Total Time": 354.506,
                                    "Actual Rows": 1,
                                    "Actual Loops": 1
                                }
                            ],
                            "Plans": [
                                {
                                    "Node Type": "Nested Loop",
                                    "Parent Relationship": "Outer",
                                    "Parallel Aware": false,
                                    "Join Type": "Inner",
                                    "Startup Cost": 43222.45,
                                    "Total Cost": 337173.34,
                                    "Plan Rows": 16000,
                                    "Plan Width": 0,
                                    "Actual Startup Time": 184.167,
                                    "Actual Total Time": 354.512,
                                    "Actual Rows": 32874,
                                    "Actual Loops": 6,
                                    "Inner Unique": true,
                                    "Workers": [
                                        {
                                            "Worker Number": 0,
                                            "Actual Startup Time": 181.221,
                                            "Actual Total Time": 351.173,
                                            "Actual Rows": 25495,
                                            "Actual Loops": 1
                                        },
                                        {
                                            "Worker Number": 1,
                                            "Actual Startup Time": 181.193,
                                            "Actual Total Time": 351.112,
                                            "Actual Rows": 25702,
                                            "Actual Loops": 1
                                        },
                                        {
                                            "Worker Number": 2,
                                            "Actual Startup Time": 181.4,
                                            "Actual Total Time": 352.313,
                                            "Actual Rows": 35105,
                                            "Actual Loops": 1
                                        },
                                        {
                                            "Worker Number": 3,
                                            "Actual Startup Time": 181.392,
                                            "Actual Total Time": 351.757,
                                            "Actual Rows": 35628,
                                            "Actual Loops": 1
                                        },
                                        {
                                            "Worker Number": 4,
                                            "Actual Startup Time": 181.207,
                                            "Actual Total Time": 351.788,
                                            "Actual Rows": 37326,
                                            "Actual Loops": 1
                                        }
                                    ],
                                    "Plans": [
                                        {
                                            "Node Type": "Hash Join",
                                            "Parent Relationship": "Outer",
                                            "Parallel Aware": true,
                                            "Join Type": "Inner",
                                            "Startup Cost": 43222.02,
                                            "Total Cost": 310663.83,
                                            "Plan Rows": 42867,
                                            "Plan Width": 8,
                                            "Actual Startup Time": 184.055,
                                            "Actual Total Time": 223.1,
                                            "Actual Rows": 32874,
                                            "Actual Loops": 6,
                                            "Output": [
                                                "mc.movie_id",
                                                "ci.movie_id"
                                            ],
                                            "Inner Unique": false,
                                            "Hash Cond": "(ci.movie_id = mc.movie_id)",
                                            "Workers": [
                                                {
                                                    "Worker Number": 0,
                                                    "Actual Startup Time": 181.132,
                                                    "Actual Total Time": 217.785,
                                                    "Actual Rows": 25495,
                                                    "Actual Loops": 1
                                                },
                                                {
                                                    "Worker Number": 1,
                                                    "Actual Startup Time": 181.097,
                                                    "Actual Total Time": 216.117,
                                                    "Actual Rows": 25702,
                                                    "Actual Loops": 1
                                                },
                                                {
                                                    "Worker Number": 2,
                                                    "Actual Startup Time": 181.209,
                                                    "Actual Total Time": 219.652,
                                                    "Actual Rows": 35105,
                                                    "Actual Loops": 1
                                                },
                                                {
                                                    "Worker Number": 3,
                                                    "Actual Startup Time": 181.197,
                                                    "Actual Total Time": 218.865,
                                                    "Actual Rows": 35628,
                                                    "Actual Loops": 1
                                                },
                                                {
                                                    "Worker Number": 4,
                                                    "Actual Startup Time": 181.134,
                                                    "Actual Total Time": 220.792,
                                                    "Actual Rows": 37326,
                                                    "Actual Loops": 1
                                                }
                                            ],
                                            "Plans": [
                                                {
                                                    "Node Type": "Bitmap Heap Scan",
                                                    "Parent Relationship": "Outer",
                                                    "Parallel Aware": true,
                                                    "Relation Name": "cast_info",
                                                    "Schema": "public",
                                                    "Alias": "ci",
                                                    "Startup Cost": 7560.46,
                                                    "Total Cost": 274671.95,
                                                    "Plan Rows": 38409,
                                                    "Plan Width": 4,
                                                    "Actual Startup Time": 18.315,
                                                    "Actual Total Time": 31.276,
                                                    "Actual Rows": 43011,
                                                    "Actual Loops": 6,
                                                    "Output": [
                                                        "ci.id",
                                                        "ci.person_id",
                                                        "ci.movie_id",
                                                        "ci.person_role_id",
                                                        "ci.note",
                                                        "ci.nr_order",
                                                        "ci.role_id"
                                                    ],
                                                    "Recheck Cond": "(ci.person_id < 40321)",
                                                    "Rows Removed by Index Recheck": 0,
                                                    "Filter": "(ci.role_id < 3)",
                                                    "Rows Removed by Filter": 14698,
                                                    "Exact Heap Blocks": 765,
                                                    "Lossy Heap Blocks": 0,
                                                    "Workers": [
                                                        {
                                                            "Worker Number": 0,
                                                            "Actual Startup Time": 18.329,
                                                            "Actual Total Time": 31.192,
                                                            "Actual Rows": 32601,
                                                            "Actual Loops": 1
                                                        },
                                                        {
                                                            "Worker Number": 1,
                                                            "Actual Startup Time": 18.299,
                                                            "Actual Total Time": 30.475,
                                                            "Actual Rows": 30284,
                                                            "Actual Loops": 1
                                                        },
                                                        {
                                                            "Worker Number": 2,
                                                            "Actual Startup Time": 18.409,
                                                            "Actual Total Time": 30.921,
                                                            "Actual Rows": 45936,
                                                            "Actual Loops": 1
                                                        },
                                                        {
                                                            "Worker Number": 3,
                                                            "Actual Startup Time": 18.402,
                                                            "Actual Total Time": 30.842,
                                                            "Actual Rows": 45662,
                                                            "Actual Loops": 1
                                                        },
                                                        {
                                                            "Worker Number": 4,
                                                            "Actual Startup Time": 18.161,
                                                            "Actual Total Time": 30.906,
                                                            "Actual Rows": 51743,
                                                            "Actual Loops": 1
                                                        }
                                                    ],
                                                    "Plans": [
                                                        {
                                                            "Node Type": "Bitmap Index Scan",
                                                            "Parent Relationship": "Outer",
                                                            "Parallel Aware": false,
                                                            "Index Name": "person_id_cast_info",
                                                            "Startup Cost": 0.0,
                                                            "Total Cost": 7512.45,
                                                            "Plan Rows": 343985,
                                                            "Plan Width": 0,
                                                            "Actual Startup Time": 17.619,
                                                            "Actual Total Time": 17.619,
                                                            "Actual Rows": 346258,
                                                            "Actual Loops": 1,
                                                            "Index Cond": "(ci.person_id < 40321)",
                                                            "Workers": [
                                                                {
                                                                    "Worker Number": 4,
                                                                    "Actual Startup Time": 17.619,
                                                                    "Actual Total Time": 17.619,
                                                                    "Actual Rows": 346258,
                                                                    "Actual Loops": 1
                                                                }
                                                            ]
                                                        }
                                                    ]
                                                },
                                                {
                                                    "Node Type": "Hash",
                                                    "Parent Relationship": "Inner",
                                                    "Parallel Aware": true,
                                                    "Startup Cost": 31414.82,
                                                    "Total Cost": 31414.82,
                                                    "Plan Rows": 339739,
                                                    "Plan Width": 4,
                                                    "Actual Startup Time": 160.175,
                                                    "Actual Total Time": 160.176,
                                                    "Actual Rows": 198978,
                                                    "Actual Loops": 6,
                                                    "Output": [
                                                        "mc.movie_id"
                                                    ],
                                                    "Hash Buckets": 2097152,
                                                    "Original Hash Buckets": 2097152,
                                                    "Hash Batches": 1,
                                                    "Original Hash Batches": 1,
                                                    "Peak Memory Usage": 63200,
                                                    "Workers": [
                                                        {
                                                            "Worker Number": 0,
                                                            "Actual Startup Time": 162.178,
                                                            "Actual Total Time": 162.179,
                                                            "Actual Rows": 163437,
                                                            "Actual Loops": 1
                                                        },
                                                        {
                                                            "Worker Number": 1,
                                                            "Actual Startup Time": 162.167,
                                                            "Actual Total Time": 162.168,
                                                            "Actual Rows": 164966,
                                                            "Actual Loops": 1
                                                        },
                                                        {
                                                            "Worker Number": 2,
                                                            "Actual Startup Time": 162.331,
                                                            "Actual Total Time": 162.332,
                                                            "Actual Rows": 223938,
                                                            "Actual Loops": 1
                                                        },
                                                        {
                                                            "Worker Number": 3,
                                                            "Actual Startup Time": 162.322,
                                                            "Actual Total Time": 162.323,
                                                            "Actual Rows": 225073,
                                                            "Actual Loops": 1
                                                        },
                                                        {
                                                            "Worker Number": 4,
                                                            "Actual Startup Time": 162.588,
                                                            "Actual Total Time": 162.589,
                                                            "Actual Rows": 233957,
                                                            "Actual Loops": 1
                                                        }
                                                    ],
                                                    "Plans": [
                                                        {
                                                            "Node Type": "Seq Scan",
                                                            "Parent Relationship": "Outer",
                                                            "Parallel Aware": true,
                                                            "Relation Name": "movie_companies",
                                                            "Schema": "public",
                                                            "Alias": "mc",
                                                            "Startup Cost": 0.0,
                                                            "Total Cost": 31414.82,
                                                            "Plan Rows": 339739,
                                                            "Plan Width": 4,
                                                            "Actual Startup Time": 44.688,
                                                            "Actual Total Time": 79.776,
                                                            "Actual Rows": 198978,
                                                            "Actual Loops": 6,
                                                            "Output": [
                                                                "mc.movie_id"
                                                            ],
                                                            "Filter": "((mc.company_id > 521) AND (mc.company_type_id = 2))",
                                                            "Rows Removed by Filter": 235877,
                                                            "Workers": [
                                                                {
                                                                    "Worker Number": 0,
                                                                    "Actual Startup Time": 44.634,
                                                                    "Actual Total Time": 81.687,
                                                                    "Actual Rows": 163437,
                                                                    "Actual Loops": 1
                                                                },
                                                                {
                                                                    "Worker Number": 1,
                                                                    "Actual Startup Time": 44.603,
                                                                    "Actual Total Time": 81.871,
                                                                    "Actual Rows": 164966,
                                                                    "Actual Loops": 1
                                                                },
                                                                {
                                                                    "Worker Number": 2,
                                                                    "Actual Startup Time": 44.73,
                                                                    "Actual Total Time": 78.468,
                                                                    "Actual Rows": 223938,
                                                                    "Actual Loops": 1
                                                                },
                                                                {
                                                                    "Worker Number": 3,
                                                                    "Actual Startup Time": 44.732,
                                                                    "Actual Total Time": 78.69,
                                                                    "Actual Rows": 225073,
                                                                    "Actual Loops": 1
                                                                },
                                                                {
                                                                    "Worker Number": 4,
                                                                    "Actual Startup Time": 44.574,
                                                                    "Actual Total Time": 78.984,
                                                                    "Actual Rows": 233957,
                                                                    "Actual Loops": 1
                                                                }
                                                            ]
                                                        }
                                                    ]
                                                }
                                            ]
                                        },
                                        {
                                            "Node Type": "Index Only Scan",
                                            "Parent Relationship": "Inner",
                                            "Parallel Aware": false,
                                            "Scan Direction": "Forward",
                                            "Index Name": "title_pkey",
                                            "Relation Name": "title",
                                            "Schema": "public",
                                            "Alias": "t",
                                            "Startup Cost": 0.43,
                                            "Total Cost": 0.62,
                                            "Plan Rows": 1,
                                            "Plan Width": 4,
                                            "Actual Startup Time": 0.004,
                                            "Actual Total Time": 0.004,
                                            "Actual Rows": 1,
                                            "Actual Loops": 197241,
                                            "Output": [
                                                "t.id"
                                            ],
                                            "Index Cond": "(t.id = mc.movie_id)",
                                            "Rows Removed by Index Recheck": 0,
                                            "Heap Fetches": 197241,
                                            "Workers": [
                                                {
                                                    "Worker Number": 0,
                                                    "Actual Startup Time": 0.005,
                                                    "Actual Total Time": 0.005,
                                                    "Actual Rows": 1,
                                                    "Actual Loops": 25495
                                                },
                                                {
                                                    "Worker Number": 1,
                                                    "Actual Startup Time": 0.005,
                                                    "Actual Total Time": 0.005,
                                                    "Actual Rows": 1,
                                                    "Actual Loops": 25702
                                                },
                                                {
                                                    "Worker Number": 2,
                                                    "Actual Startup Time": 0.004,
                                                    "Actual Total Time": 0.004,
                                                    "Actual Rows": 1,
                                                    "Actual Loops": 35105
                                                },
                                                {
                                                    "Worker Number": 3,
                                                    "Actual Startup Time": 0.003,
                                                    "Actual Total Time": 0.003,
                                                    "Actual Rows": 1,
                                                    "Actual Loops": 35628
                                                },
                                                {
                                                    "Worker Number": 4,
                                                    "Actual Startup Time": 0.003,
                                                    "Actual Total Time": 0.003,
                                                    "Actual Rows": 1,
                                                    "Actual Loops": 37326
                                                }
                                            ]
                                        }
                                    ]
                                }
                            ]
                        }
                    ]
                }
            ]
        },
        "Planning Time": 294.568,
        "Triggers": [],
        "Execution Time": 403.926
    }
]