[
  {
    "Plan": {
      "Node Type": "Aggregate",
      "Strategy": "Plain",
      "Partial Mode": "Finalize",
      "Parallel Aware": false,
      "Startup Cost": 109624.54,
      "Total Cost": 109624.55,
      "Plan Rows": 1,
      "Plan Width": 8,
      "Actual Startup Time": 877.695,
      "Actual Total Time": 896.727,
      "Actual Rows": 1,
      "Actual Loops": 1,
      "Plans": [
        {
          "Node Type": "Gather",
          "Parent Relationship": "Outer",
          "Parallel Aware": false,
          "Startup Cost": 109624.32,
          "Total Cost": 109624.53,
          "Plan Rows": 2,
          "Plan Width": 8,
          "Actual Startup Time": 869.39,
          "Actual Total Time": 896.717,
          "Actual Rows": 3,
          "Actual Loops": 1,
          "Workers Planned": 2,
          "Workers Launched": 2,
          "Single Copy": false,
          "Plans": [
            {
              "Node Type": "Aggregate",
              "Strategy": "Plain",
              "Partial Mode": "Partial",
              "Parent Relationship": "Outer",
              "Parallel Aware": false,
              "Startup Cost": 108624.32,
              "Total Cost": 108624.33,
              "Plan Rows": 1,
              "Plan Width": 8,
              "Actual Startup Time": 862.53,
              "Actual Total Time": 862.539,
              "Actual Rows": 1,
              "Actual Loops": 3,
              "Plans": [
                {
                  "Node Type": "Hash Join",
                  "Parent Relationship": "Outer",
                  "Parallel Aware": true,
                  "Join Type": "Inner",
                  "Startup Cost": 92172.73,
                  "Total Cost": 108357.92,
                  "Plan Rows": 106559,
                  "Plan Width": 0,
                  "Actual Startup Time": 617.235,
                  "Actual Total Time": 814.586,
                  "Actual Rows": 885648,
                  "Actual Loops": 3,
                  "Inner Unique": false,
                  "Hash Cond": "(mi_idx.movie_id = t.id)",
                  "Plans": [
                    {
                      "Node Type": "Seq Scan",
                      "Parent Relationship": "Outer",
                      "Parallel Aware": true,
                      "Relation Name": "movie_info_idx",
                      "Alias": "mi_idx",
                      "Startup Cost": 0.0,
                      "Total Cost": 13685.15,
                      "Plan Rows": 575015,
                      "Plan Width": 4,
                      "Actual Startup Time": 0.018,
                      "Actual Total Time": 47.31,
                      "Actual Rows": 460012,
                      "Actual Loops": 3
                    },
                    {
                      "Node Type": "Hash",
                      "Parent Relationship": "Inner",
                      "Parallel Aware": true,
                      "Startup Cost": 90283.39,
                      "Total Cost": 90283.39,
                      "Plan Rows": 151147,
                      "Plan Width": 8,
                      "Actual Startup Time": 613.0,
                      "Actual Total Time": 613.006,
                      "Actual Rows": 337821,
                      "Actual Loops": 3,
                      "Hash Buckets": 1048576,
                      "Original Hash Buckets": 524288,
                      "Hash Batches": 1,
                      "Original Hash Batches": 1,
                      "Peak Memory Usage": 52000,
                      "Plans": [
                        {
                          "Node Type": "Hash Join",
                          "Parent Relationship": "Outer",
                          "Parallel Aware": true,
                          "Join Type": "Inner",
                          "Startup Cost": 46259.45,
                          "Total Cost": 90283.39,
                          "Plan Rows": 151147,
                          "Plan Width": 8,
                          "Actual Startup Time": 230.124,
                          "Actual Total Time": 507.927,
                          "Actual Rows": 337821,
                          "Actual Loops": 3,
                          "Inner Unique": true,
                          "Hash Cond": "(mk.movie_id = t.id)",
                          "Plans": [
                            {
                              "Node Type": "Seq Scan",
                              "Parent Relationship": "Outer",
                              "Parallel Aware": true,
                              "Relation Name": "movie_keyword",
                              "Alias": "mk",
                              "Startup Cost": 0.0,
                              "Total Cost": 42695.65,
                              "Plan Rows": 506017,
                              "Plan Width": 4,
                              "Actual Startup Time": 0.882,
                              "Actual Total Time": 163.938,
                              "Actual Rows": 520499,
                              "Actual Loops": 3,
                              "Filter": "(keyword_id > 10066)",
                              "Rows Removed by Filter": 987478
                            },
                            {
                              "Node Type": "Hash",
                              "Parent Relationship": "Inner",
                              "Parallel Aware": true,
                              "Startup Cost": 43899.32,
                              "Total Cost": 43899.32,
                              "Plan Rows": 188810,
                              "Plan Width": 4,
                              "Actual Startup Time": 226.977,
                              "Actual Total Time": 226.979,
                              "Actual Rows": 251226,
                              "Actual Loops": 3,
                              "Hash Buckets": 1048576,
                              "Original Hash Buckets": 1048576,
                              "Hash Batches": 1,
                              "Original Hash Batches": 1,
                              "Peak Memory Usage": 37696,
                              "Plans": [
                                {
                                  "Node Type": "Seq Scan",
                                  "Parent Relationship": "Outer",
                                  "Parallel Aware": true,
                                  "Relation Name": "title",
                                  "Alias": "t",
                                  "Startup Cost": 0.0,
                                  "Total Cost": 43899.32,
                                  "Plan Rows": 188810,
                                  "Plan Width": 4,
                                  "Actual Startup Time": 0.038,
                                  "Actual Total Time": 132.786,
                                  "Actual Rows": 251226,
                                  "Actual Loops": 3,
                                  "Filter": "(kind_id < 3)",
                                  "Rows Removed by Filter": 591545
                                }
                              ]
                            }
                          ]
                        }
                      ]
                    }
                  ]
                }
              ]
            }
          ]
        }
      ]
    },
    "Planning Time": 0.403,
    "Triggers": [],
    "Execution Time": 896.766
  }
]