[
  {
    "Plan": {
      "Node Type": "Aggregate",
      "Strategy": "Plain",
      "Partial Mode": "Simple",
      "Parallel Aware": false,
      "Startup Cost": 52750.45,
      "Total Cost": 52750.46,
      "Plan Rows": 1,
      "Plan Width": 8,
      "Actual Startup Time": 8.523,
      "Actual Total Time": 8.525,
      "Actual Rows": 1,
      "Actual Loops": 1,
      "Plans": [
        {
          "Node Type": "Bitmap Heap Scan",
          "Parent Relationship": "Outer",
          "Parallel Aware": false,
          "Relation Name": "movie_info",
          "Alias": "mi",
          "Startup Cost": 333.74,
          "Total Cost": 52704.86,
          "Plan Rows": 18233,
          "Plan Width": 0,
          "Actual Startup Time": 1.621,
          "Actual Total Time": 6.289,
          "Actual Rows": 13698,
          "Actual Loops": 1,
          "Recheck Cond": "(info_type_id = 97)",
          "Rows Removed by Index Recheck": 0,
          "Exact Heap Blocks": 172,
          "Lossy Heap Blocks": 0,
          "Plans": [
            {
              "Node Type": "Bitmap Index Scan",
              "Parent Relationship": "Outer",
              "Parallel Aware": false,
              "Index Name": "info_type_id_movie_info",
              "Startup Cost": 0.0,
              "Total Cost": 329.18,
              "Plan Rows": 18233,
              "Plan Width": 0,
              "Actual Startup Time": 1.553,
              "Actual Total Time": 1.554,
              "Actual Rows": 13698,
              "Actual Loops": 1,
              "Index Cond": "(info_type_id = 97)"
            }
          ]
        }
      ]
    },
    "Planning Time": 0.168,
    "Triggers": [],
    "Execution Time": 8.592
  }
]