[
  {
    "Plan": {
      "Node Type": "Aggregate",
      "Strategy": "Plain",
      "Partial Mode": "Finalize",
      "Parallel Aware": false,
      "Startup Cost": 32822.82,
      "Total Cost": 32822.83,
      "Plan Rows": 1,
      "Plan Width": 8,
      "Actual Startup Time": 102.639,
      "Actual Total Time": 110.042,
      "Actual Rows": 1,
      "Actual Loops": 1,
      "Plans": [
        {
          "Node Type": "Gather",
          "Parent Relationship": "Outer",
          "Parallel Aware": false,
          "Startup Cost": 32822.51,
          "Total Cost": 32822.82,
          "Plan Rows": 3,
          "Plan Width": 8,
          "Actual Startup Time": 102.537,
          "Actual Total Time": 110.033,
          "Actual Rows": 4,
          "Actual Loops": 1,
          "Workers Planned": 3,
          "Workers Launched": 3,
          "Single Copy": false,
          "Plans": [
            {
              "Node Type": "Aggregate",
              "Strategy": "Plain",
              "Partial Mode": "Partial",
              "Parent Relationship": "Outer",
              "Parallel Aware": false,
              "Startup Cost": 31822.51,
              "Total Cost": 31822.52,
              "Plan Rows": 1,
              "Plan Width": 8,
              "Actual Startup Time": 94.041,
              "Actual Total Time": 94.042,
              "Actual Rows": 1,
              "Actual Loops": 4,
              "Plans": [
                {
                  "Node Type": "Seq Scan",
                  "Parent Relationship": "Outer",
                  "Parallel Aware": true,
                  "Relation Name": "movie_companies",
                  "Alias": "mc",
                  "Startup Cost": 0.0,
                  "Total Cost": 31414.82,
                  "Plan Rows": 163075,
                  "Plan Width": 0,
                  "Actual Startup Time": 49.595,
                  "Actual Total Time": 85.431,
                  "Actual Rows": 205145,
                  "Actual Loops": 4,
                  "Filter": "((company_id > 16433) AND (company_type_id = 2))",
                  "Rows Removed by Filter": 447138
                }
              ]
            }
          ]
        }
      ]
    },
    "Planning Time": 0.22,
    "Triggers": [],
    "Execution Time": 110.103
  }
]