{
    "Plan": {
        "Node Type": "Aggregate",
        "Strategy": "Plain",
        "Partial Mode": "Simple",
        "Parallel Aware": false,
        "Startup Cost": 57990.21,
        "Total Cost": 57990.22,
        "Plan Rows": 1,
        "Plan Width": 64,
        "Actual Startup Time": 2531.262,
        "Actual Total Time": 2531.269,
        "Actual Rows": 1,
        "Actual Loops": 1,
        "Plans": [
            {
                "Node Type": "Nested Loop",
                "Parent Relationship": "Outer",
                "Parallel Aware": false,
                "Join Type": "Inner",
                "Startup Cost": 2495.21,
                "Total Cost": 57990.18,
                "Plan Rows": 6,
                "Plan Width": 112,
                "Actual Startup Time": 23.032,
                "Actual Total Time": 2367.733,
                "Actual Rows": 68185,
                "Actual Loops": 1,
                "Inner Unique": true,
                "Plans": [
                    {
                        "Node Type": "Hash Join",
                        "Parent Relationship": "Outer",
                        "Parallel Aware": false,
                        "Join Type": "Inner",
                        "Startup Cost": 2494.78,
                        "Total Cost": 57986.07,
                        "Plan Rows": 9,
                        "Plan Width": 120,
                        "Actual Startup Time": 23.018,
                        "Actual Total Time": 2183.51,
                        "Actual Rows": 109842,
                        "Actual Loops": 1,
                        "Inner Unique": true,
                        "Hash Cond": "(ml.link_type_id = lt.id)",
                        "Plans": [
                            {
                                "Node Type": "Nested Loop",
                                "Parent Relationship": "Outer",
                                "Parallel Aware": false,
                                "Join Type": "Inner",
                                "Startup Cost": 2493.46,
                                "Total Cost": 57984.62,
                                "Plan Rows": 41,
                                "Plan Width": 124,
                                "Actual Startup Time": 22.969,
                                "Actual Total Time": 2164.342,
                                "Actual Rows": 127027,
                                "Actual Loops": 1,
                                "Inner Unique": false,
                                "Plans": [
                                    {
                                        "Node Type": "Nested Loop",
                                        "Parent Relationship": "Outer",
                                        "Parallel Aware": false,
                                        "Join Type": "Inner",
                                        "Startup Cost": 2493.17,
                                        "Total Cost": 57527.34,
                                        "Plan Rows": 1335,
                                        "Plan Width": 116,
                                        "Actual Startup Time": 22.933,
                                        "Actual Total Time": 848.377,
                                        "Actual Rows": 1618304,
                                        "Actual Loops": 1,
                                        "Inner Unique": false,
                                        "Plans": [
                                            {
                                                "Node Type": "Nested Loop",
                                                "Parent Relationship": "Outer",
                                                "Parallel Aware": false,
                                                "Join Type": "Inner",
                                                "Startup Cost": 2492.61,
                                                "Total Cost": 57284.2,
                                                "Plan Rows": 14,
                                                "Plan Width": 124,
                                                "Actual Startup Time": 22.895,
                                                "Actual Total Time": 442.298,
                                                "Actual Rows": 12595,
                                                "Actual Loops": 1,
                                                "Inner Unique": true,
                                                "Plans": [
                                                    {
                                                        "Node Type": "Nested Loop",
                                                        "Parent Relationship": "Outer",
                                                        "Parallel Aware": false,
                                                        "Join Type": "Inner",
                                                        "Startup Cost": 2492.18,
                                                        "Total Cost": 56133.0,
                                                        "Plan Rows": 1349,
                                                        "Plan Width": 105,
                                                        "Actual Startup Time": 22.827,
                                                        "Actual Total Time": 290.368,
                                                        "Actual Rows": 72979,
                                                        "Actual Loops": 1,
                                                        "Inner Unique": false,
                                                        "Plans": [
                                                            {
                                                                "Node Type": "Nested Loop",
                                                                "Parent Relationship": "Outer",
                                                                "Parallel Aware": false,
                                                                "Join Type": "Inner",
                                                                "Startup Cost": 2491.75,
                                                                "Total Cost": 55268.26,
                                                                "Plan Rows": 763,
                                                                "Plan Width": 101,
                                                                "Actual Startup Time": 22.792,
                                                                "Actual Total Time": 130.387,
                                                                "Actual Rows": 84183,
                                                                "Actual Loops": 1,
                                                                "Inner Unique": false,
                                                                "Plans": [
                                                                    {
                                                                        "Node Type": "Seq Scan",
                                                                        "Parent Relationship": "Outer",
                                                                        "Parallel Aware": false,
                                                                        "Relation Name": "info_type",
                                                                        "Alias": "it",
                                                                        "Startup Cost": 0.0,
                                                                        "Total Cost": 2.41,
                                                                        "Plan Rows": 1,
                                                                        "Plan Width": 4,
                                                                        "Actual Startup Time": 0.018,
                                                                        "Actual Total Time": 0.027,
                                                                        "Actual Rows": 1,
                                                                        "Actual Loops": 1,
                                                                        "Filter": "((info)::text = 'mini biography'::text)",
                                                                        "Rows Removed by Filter": 112
                                                                    },
                                                                    {
                                                                        "Node Type": "Bitmap Heap Scan",
                                                                        "Parent Relationship": "Inner",
                                                                        "Parallel Aware": false,
                                                                        "Relation Name": "person_info",
                                                                        "Alias": "pi",
                                                                        "Startup Cost": 2491.75,
                                                                        "Total Cost": 55226.65,
                                                                        "Plan Rows": 3920,
                                                                        "Plan Width": 105,
                                                                        "Actual Startup Time": 22.765,
                                                                        "Actual Total Time": 124.172,
                                                                        "Actual Rows": 84183,
                                                                        "Actual Loops": 1,
                                                                        "Recheck Cond": "(info_type_id = it.id)",
                                                                        "Rows Removed by Index Recheck": 0,
                                                                        "Filter": "(note IS NOT NULL)",
                                                                        "Rows Removed by Filter": 1,
                                                                        "Exact Heap Blocks": 40387,
                                                                        "Lossy Heap Blocks": 0,
                                                                        "Plans": [
                                                                            {
                                                                                "Node Type": "Bitmap Index Scan",
                                                                                "Parent Relationship": "Outer",
                                                                                "Parallel Aware": false,
                                                                                "Index Name": "info_type_id_person_info",
                                                                                "Startup Cost": 0.0,
                                                                                "Total Cost": 2490.77,
                                                                                "Plan Rows": 134712,
                                                                                "Plan Width": 0,
                                                                                "Actual Startup Time": 13.689,
                                                                                "Actual Total Time": 13.689,
                                                                                "Actual Rows": 84184,
                                                                                "Actual Loops": 1,
                                                                                "Index Cond": "(info_type_id = it.id)"
                                                                            }
                                                                        ]
                                                                    }
                                                                ]
                                                            },
                                                            {
                                                                "Node Type": "Index Scan",
                                                                "Parent Relationship": "Inner",
                                                                "Parallel Aware": false,
                                                                "Scan Direction": "Forward",
                                                                "Index Name": "person_id_aka_name",
                                                                "Relation Name": "aka_name",
                                                                "Alias": "an",
                                                                "Startup Cost": 0.42,
                                                                "Total Cost": 1.11,
                                                                "Plan Rows": 2,
                                                                "Plan Width": 4,
                                                                "Actual Startup Time": 0.001,
                                                                "Actual Total Time": 0.002,
                                                                "Actual Rows": 1,
                                                                "Actual Loops": 84183,
                                                                "Index Cond": "(person_id = pi.person_id)",
                                                                "Rows Removed by Index Recheck": 0,
                                                                "Filter": "((name IS NOT NULL) AND ((name ~~ '%a%'::text) OR (name ~~ 'A%'::text)))",
                                                                "Rows Removed by Filter": 0
                                                            }
                                                        ]
                                                    },
                                                    {
                                                        "Node Type": "Index Scan",
                                                        "Parent Relationship": "Inner",
                                                        "Parallel Aware": false,
                                                        "Scan Direction": "Forward",
                                                        "Index Name": "name_pkey",
                                                        "Relation Name": "name",
                                                        "Alias": "n",
                                                        "Startup Cost": 0.43,
                                                        "Total Cost": 0.85,
                                                        "Plan Rows": 1,
                                                        "Plan Width": 19,
                                                        "Actual Startup Time": 0.002,
                                                        "Actual Total Time": 0.002,
                                                        "Actual Rows": 0,
                                                        "Actual Loops": 72979,
                                                        "Index Cond": "(id = an.person_id)",
                                                        "Rows Removed by Index Recheck": 0,
                                                        "Filter": "(((name_pcode_cf)::text >= 'A'::text) AND ((name_pcode_cf)::text <= 'F'::text) AND (((gender)::text = 'm'::text) OR (((gender)::text = 'f'::text) AND (name ~~ 'A%'::text))))",
                                                        "Rows Removed by Filter": 1
                                                    }
                                                ]
                                            },
                                            {
                                                "Node Type": "Index Scan",
                                                "Parent Relationship": "Inner",
                                                "Parallel Aware": false,
                                                "Scan Direction": "Forward",
                                                "Index Name": "person_id_cast_info",
                                                "Relation Name": "cast_info",
                                                "Alias": "ci",
                                                "Startup Cost": 0.56,
                                                "Total Cost": 12.34,
                                                "Plan Rows": 503,
                                                "Plan Width": 8,
                                                "Actual Startup Time": 0.004,
                                                "Actual Total Time": 0.02,
                                                "Actual Rows": 128,
                                                "Actual Loops": 12595,
                                                "Index Cond": "(person_id = n.id)",
                                                "Rows Removed by Index Recheck": 0
                                            }
                                        ]
                                    },
                                    {
                                        "Node Type": "Index Scan",
                                        "Parent Relationship": "Inner",
                                        "Parallel Aware": false,
                                        "Scan Direction": "Forward",
                                        "Index Name": "linked_movie_id_movie_link",
                                        "Relation Name": "movie_link",
                                        "Alias": "ml",
                                        "Startup Cost": 0.29,
                                        "Total Cost": 0.32,
                                        "Plan Rows": 2,
                                        "Plan Width": 8,
                                        "Actual Startup Time": 0.001,
                                        "Actual Total Time": 0.001,
                                        "Actual Rows": 0,
                                        "Actual Loops": 1618304,
                                        "Index Cond": "(linked_movie_id = ci.movie_id)",
                                        "Rows Removed by Index Recheck": 0
                                    }
                                ]
                            },
                            {
                                "Node Type": "Hash",
                                "Parent Relationship": "Inner",
                                "Parallel Aware": false,
                                "Startup Cost": 1.27,
                                "Total Cost": 1.27,
                                "Plan Rows": 4,
                                "Plan Width": 4,
                                "Actual Startup Time": 0.038,
                                "Actual Total Time": 0.039,
                                "Actual Rows": 4,
                                "Actual Loops": 1,
                                "Hash Buckets": 1024,
                                "Original Hash Buckets": 1024,
                                "Hash Batches": 1,
                                "Original Hash Batches": 1,
                                "Peak Memory Usage": 9,
                                "Plans": [
                                    {
                                        "Node Type": "Seq Scan",
                                        "Parent Relationship": "Outer",
                                        "Parallel Aware": false,
                                        "Relation Name": "link_type",
                                        "Alias": "lt",
                                        "Startup Cost": 0.0,
                                        "Total Cost": 1.27,
                                        "Plan Rows": 4,
                                        "Plan Width": 4,
                                        "Actual Startup Time": 0.024,
                                        "Actual Total Time": 0.031,
                                        "Actual Rows": 4,
                                        "Actual Loops": 1,
                                        "Filter": "((link)::text = ANY ('{references,\"referenced in\",features,\"featured in\"}'::text[]))",
                                        "Rows Removed by Filter": 14
                                    }
                                ]
                            }
                        ]
                    },
                    {
                        "Node Type": "Index Scan",
                        "Parent Relationship": "Inner",
                        "Parallel Aware": false,
                        "Scan Direction": "Forward",
                        "Index Name": "title_pkey",
                        "Relation Name": "title",
                        "Alias": "t",
                        "Startup Cost": 0.43,
                        "Total Cost": 0.46,
                        "Plan Rows": 1,
                        "Plan Width": 4,
                        "Actual Startup Time": 0.001,
                        "Actual Total Time": 0.001,
                        "Actual Rows": 1,
                        "Actual Loops": 109842,
                        "Index Cond": "(id = ci.movie_id)",
                        "Rows Removed by Index Recheck": 0,
                        "Filter": "((production_year >= 1980) AND (production_year <= 2010))",
                        "Rows Removed by Filter": 0
                    }
                ]
            }
        ]
    },
    "Planning Time": 12.92,
    "Triggers": [],
    "Execution Time": 2531.431
}