{
  "Plan": {
    "Node Type": "Aggregate",
    "Strategy": "Plain",
    "Partial Mode": "Finalize",
    "Parallel Aware": false,
    "Startup Cost": 475969.4,
    "Total Cost": 475969.41,
    "Plan Rows": 1,
    "Plan Width": 8,
    "Actual Startup Time": 4995.493,
    "Actual Total Time": 5036.676,
    "Actual Rows": 1,
    "Actual Loops": 1,
    "Plans": [
      {
        "Node Type": "Gather",
        "Parent Relationship": "Outer",
        "Parallel Aware": false,
        "Startup Cost": 475969.29,
        "Total Cost": 475969.4,
        "Plan Rows": 1,
        "Plan Width": 8,
        "Actual Startup Time": 4985.105,
        "Actual Total Time": 5036.666,
        "Actual Rows": 2,
        "Actual Loops": 1,
        "Workers Planned": 1,
        "Workers Launched": 1,
        "Single Copy": false,
        "Plans": [
          {
            "Node Type": "Aggregate",
            "Strategy": "Plain",
            "Partial Mode": "Partial",
            "Parent Relationship": "Outer",
            "Parallel Aware": false,
            "Startup Cost": 474969.29,
            "Total Cost": 474969.3,
            "Plan Rows": 1,
            "Plan Width": 8,
            "Actual Startup Time": 4972.83,
            "Actual Total Time": 4973.143,
            "Actual Rows": 1,
            "Actual Loops": 2,
            "Plans": [
              {
                "Node Type": "Hash Join",
                "Parent Relationship": "Outer",
                "Parallel Aware": true,
                "Join Type": "Inner",
                "Startup Cost": 311049.28,
                "Total Cost": 469063.85,
                "Plan Rows": 2362175,
                "Plan Width": 0,
                "Actual Startup Time": 1579.497,
                "Actual Total Time": 4139.907,
                "Actual Rows": 19025214,
                "Actual Loops": 2,
                "Inner Unique": false,
                "Hash Cond": "(ci.movie_id = t.id)",
                "Plans": [
                  {
                    "Node Type": "Index Scan",
                    "Parent Relationship": "Outer",
                    "Parallel Aware": true,
                    "Scan Direction": "Forward",
                    "Index Name": "role_id_cast_info",
                    "Relation Name": "cast_info",
                    "Alias": "ci",
                    "Startup Cost": 0.56,
                    "Total Cost": 134450.3,
                    "Plan Rows": 2578582,
                    "Plan Width": 4,
                    "Actual Startup Time": 0.143,
                    "Actual Total Time": 355.675,
                    "Actual Rows": 2161509,
                    "Actual Loops": 2,
                    "Index Cond": "(role_id = 10)",
                    "Rows Removed by Index Recheck": 0
                  },
                  {
                    "Node Type": "Hash",
                    "Parent Relationship": "Inner",
                    "Parallel Aware": true,
                    "Startup Cost": 294018.52,
                    "Total Cost": 294018.52,
                    "Plan Rows": 1362416,
                    "Plan Width": 8,
                    "Actual Startup Time": 1556.934,
                    "Actual Total Time": 1557.245,
                    "Actual Rows": 1116925,
                    "Actual Loops": 2,
                    "Hash Buckets": 4194304,
                    "Original Hash Buckets": 4194304,
                    "Hash Batches": 1,
                    "Original Hash Batches": 1,
                    "Peak Memory Usage": 120192,
                    "Plans": [
                      {
                        "Node Type": "Hash Join",
                        "Parent Relationship": "Outer",
                        "Parallel Aware": true,
                        "Join Type": "Inner",
                        "Startup Cost": 111418.96,
                        "Total Cost": 294018.52,
                        "Plan Rows": 1362416,
                        "Plan Width": 8,
                        "Actual Startup Time": 653.336,
                        "Actual Total Time": 1239.279,
                        "Actual Rows": 1116925,
                        "Actual Loops": 2,
                        "Inner Unique": true,
                        "Hash Cond": "(mi.movie_id = t.id)",
                        "Plans": [
                          {
                            "Node Type": "Bitmap Heap Scan",
                            "Parent Relationship": "Outer",
                            "Parallel Aware": true,
                            "Relation Name": "movie_info",
                            "Alias": "mi",
                            "Startup Cost": 41958.26,
                            "Total Cost": 220981.46,
                            "Plan Rows": 1362416,
                            "Plan Width": 4,
                            "Actual Startup Time": 76.591,
                            "Actual Total Time": 274.802,
                            "Actual Rows": 1116925,
                            "Actual Loops": 2,
                            "Recheck Cond": "(info_type_id > 16)",
                            "Rows Removed by Index Recheck": 0,
                            "Exact Heap Blocks": 31241,
                            "Lossy Heap Blocks": 0,
                            "Plans": [
                              {
                                "Node Type": "Bitmap Index Scan",
                                "Parent Relationship": "Outer",
                                "Parallel Aware": false,
                                "Index Name": "info_type_id_movie_info",
                                "Startup Cost": 0.0,
                                "Total Cost": 41379.24,
                                "Plan Rows": 2316107,
                                "Plan Width": 0,
                                "Actual Startup Time": 68.356,
                                "Actual Total Time": 68.357,
                                "Actual Rows": 2233850,
                                "Actual Loops": 1,
                                "Index Cond": "(info_type_id > 16)"
                              }
                            ]
                          },
                          {
                            "Node Type": "Hash",
                            "Parent Relationship": "Inner",
                            "Parallel Aware": true,
                            "Startup Cost": 50870.31,
                            "Total Cost": 50870.31,
                            "Plan Rows": 1487231,
                            "Plan Width": 4,
                            "Actual Startup Time": 564.025,
                            "Actual Total Time": 564.026,
                            "Actual Rows": 1264156,
                            "Actual Loops": 2,
                            "Hash Buckets": 4194304,
                            "Original Hash Buckets": 4194304,
                            "Hash Batches": 1,
                            "Original Hash Batches": 1,
                            "Peak Memory Usage": 131712,
                            "Plans": [
                              {
                                "Node Type": "Seq Scan",
                                "Parent Relationship": "Outer",
                                "Parallel Aware": true,
                                "Relation Name": "title",
                                "Alias": "t",
                                "Startup Cost": 0.0,
                                "Total Cost": 50870.31,
                                "Plan Rows": 1487231,
                                "Plan Width": 4,
                                "Actual Startup Time": 0.03,
                                "Actual Total Time": 177.624,
                                "Actual Rows": 1264156,
                                "Actual Loops": 2
                              }
                            ]
                          }
                        ]
                      }
                    ]
                  }
                ]
              }
            ]
          }
        ]
      }
    ]
  },
  "Planning Time": 0.983,
  "Triggers": [],
  "Execution Time": 5036.778
}