{
  "Plan": {
    "Node Type": "Aggregate",
    "Strategy": "Plain",
    "Partial Mode": "Finalize",
    "Parallel Aware": false,
    "Startup Cost": 88459.61,
    "Total Cost": 88459.62,
    "Plan Rows": 1,
    "Plan Width": 8,
    "Actual Startup Time": 171.123,
    "Actual Total Time": 185.473,
    "Actual Rows": 1,
    "Actual Loops": 1,
    "Plans": [
      {
        "Node Type": "Gather",
        "Parent Relationship": "Outer",
        "Parallel Aware": false,
        "Startup Cost": 88459.5,
        "Total Cost": 88459.61,
        "Plan Rows": 1,
        "Plan Width": 8,
        "Actual Startup Time": 171.017,
        "Actual Total Time": 185.466,
        "Actual Rows": 2,
        "Actual Loops": 1,
        "Workers Planned": 1,
        "Workers Launched": 1,
        "Single Copy": false,
        "Plans": [
          {
            "Node Type": "Aggregate",
            "Strategy": "Plain",
            "Partial Mode": "Partial",
            "Parent Relationship": "Outer",
            "Parallel Aware": false,
            "Startup Cost": 87459.5,
            "Total Cost": 87459.51,
            "Plan Rows": 1,
            "Plan Width": 8,
            "Actual Startup Time": 165.114,
            "Actual Total Time": 165.116,
            "Actual Rows": 1,
            "Actual Loops": 2,
            "Plans": [
              {
                "Node Type": "Nested Loop",
                "Parent Relationship": "Outer",
                "Parallel Aware": false,
                "Join Type": "Inner",
                "Startup Cost": 0.43,
                "Total Cost": 87448.12,
                "Plan Rows": 4552,
                "Plan Width": 0,
                "Actual Startup Time": 3.16,
                "Actual Total Time": 164.593,
                "Actual Rows": 9938,
                "Actual Loops": 2,
                "Inner Unique": false,
                "Plans": [
                  {
                    "Node Type": "Seq Scan",
                    "Parent Relationship": "Outer",
                    "Parallel Aware": true,
                    "Relation Name": "title",
                    "Alias": "t",
                    "Startup Cost": 0.0,
                    "Total Cost": 58306.47,
                    "Plan Rows": 3305,
                    "Plan Width": 4,
                    "Actual Startup Time": 1.481,
                    "Actual Total Time": 140.246,
                    "Actual Rows": 3116,
                    "Actual Loops": 2,
                    "Filter": "((kind_id < 7) AND (production_year = 1970))",
                    "Rows Removed by Filter": 1261040
                  },
                  {
                    "Node Type": "Index Scan",
                    "Parent Relationship": "Inner",
                    "Parallel Aware": false,
                    "Scan Direction": "Forward",
                    "Index Name": "movie_id_movie_keyword",
                    "Relation Name": "movie_keyword",
                    "Alias": "mk",
                    "Startup Cost": 0.43,
                    "Total Cost": 8.47,
                    "Plan Rows": 35,
                    "Plan Width": 4,
                    "Actual Startup Time": 0.007,
                    "Actual Total Time": 0.007,
                    "Actual Rows": 3,
                    "Actual Loops": 6232,
                    "Index Cond": "(movie_id = t.id)",
                    "Rows Removed by Index Recheck": 0,
                    "Filter": "(keyword_id < 17016)",
                    "Rows Removed by Filter": 1
                  }
                ]
              }
            ]
          }
        ]
      }
    ]
  },
  "Planning Time": 0.52,
  "Triggers": [],
  "Execution Time": 185.557
}