[
    {
        "Bao": {
            "Bao prediction": "NaN",
            "Bao recommended hint": "(no hint)"
        }
    },
    {
        "Plan": {
            "Node Type": "Aggregate",
            "Strategy": "Plain",
            "Partial Mode": "Finalize",
            "Parallel Aware": false,
            "Startup Cost": 324868.63,
            "Total Cost": 324868.64,
            "Plan Rows": 1,
            "Plan Width": 8,
            "Actual Startup Time": 291.339,
            "Actual Total Time": 297.42,
            "Actual Rows": 1,
            "Actual Loops": 1,
            "Output": [
                "count(*)"
            ],
            "Plans": [
                {
                    "Node Type": "Gather",
                    "Parent Relationship": "Outer",
                    "Parallel Aware": false,
                    "Startup Cost": 324868.0,
                    "Total Cost": 324868.61,
                    "Plan Rows": 6,
                    "Plan Width": 8,
                    "Actual Startup Time": 290.322,
                    "Actual Total Time": 297.41,
                    "Actual Rows": 7,
                    "Actual Loops": 1,
                    "Output": [
                        "(PARTIAL count(*))"
                    ],
                    "Workers Planned": 6,
                    "Workers Launched": 6,
                    "Single Copy": false,
                    "Plans": [
                        {
                            "Node Type": "Aggregate",
                            "Strategy": "Plain",
                            "Partial Mode": "Partial",
                            "Parent Relationship": "Outer",
                            "Parallel Aware": false,
                            "Startup Cost": 323868.0,
                            "Total Cost": 323868.01,
                            "Plan Rows": 1,
                            "Plan Width": 8,
                            "Actual Startup Time": 279.265,
                            "Actual Total Time": 279.266,
                            "Actual Rows": 1,
                            "Actual Loops": 7,
                            "Output": [
                                "PARTIAL count(*)"
                            ],
                            "Workers": [
                                {
                                    "Worker Number": 0,
                                    "Actual Startup Time": 277.049,
                                    "Actual Total Time": 277.051,
                                    "Actual Rows": 1,
                                    "Actual Loops": 1
                                },
                                {
                                    "Worker Number": 1,
                                    "Actual Startup Time": 277.284,
                                    "Actual Total Time": 277.285,
                                    "Actual Rows": 1,
                                    "Actual Loops": 1
                                },
                                {
                                    "Worker Number": 2,
                                    "Actual Startup Time": 277.626,
                                    "Actual Total Time": 277.628,
                                    "Actual Rows": 1,
                                    "Actual Loops": 1
                                },
                                {
                                    "Worker Number": 3,
                                    "Actual Startup Time": 277.714,
                                    "Actual Total Time": 277.715,
                                    "Actual Rows": 1,
                                    "Actual Loops": 1
                                },
                                {
                                    "Worker Number": 4,
                                    "Actual Startup Time": 277.513,
                                    "Actual Total Time": 277.514,
                                    "Actual Rows": 1,
                                    "Actual Loops": 1
                                },
                                {
                                    "Worker Number": 5,
                                    "Actual Startup Time": 278.216,
                                    "Actual Total Time": 278.218,
                                    "Actual Rows": 1,
                                    "Actual Loops": 1
                                }
                            ],
                            "Plans": [
                                {
                                    "Node Type": "Bitmap Heap Scan",
                                    "Parent Relationship": "Outer",
                                    "Parallel Aware": true,
                                    "Relation Name": "cast_info",
                                    "Schema": "public",
                                    "Alias": "ci",
                                    "Startup Cost": 63070.44,
                                    "Total Cost": 322915.57,
                                    "Plan Rows": 380972,
                                    "Plan Width": 0,
                                    "Actual Startup Time": 140.356,
                                    "Actual Total Time": 257.729,
                                    "Actual Rows": 372906,
                                    "Actual Loops": 7,
                                    "Recheck Cond": "(ci.person_id < 283112)",
                                    "Rows Removed by Index Recheck": 0,
                                    "Filter": "(ci.role_id < 8)",
                                    "Rows Removed by Filter": 42932,
                                    "Exact Heap Blocks": 6618,
                                    "Lossy Heap Blocks": 0,
                                    "Workers": [
                                        {
                                            "Worker Number": 0,
                                            "Actual Startup Time": 138.37,
                                            "Actual Total Time": 255.749,
                                            "Actual Rows": 276985,
                                            "Actual Loops": 1
                                        },
                                        {
                                            "Worker Number": 1,
                                            "Actual Startup Time": 138.34,
                                            "Actual Total Time": 255.858,
                                            "Actual Rows": 278739,
                                            "Actual Loops": 1
                                        },
                                        {
                                            "Worker Number": 2,
                                            "Actual Startup Time": 138.748,
                                            "Actual Total Time": 256.388,
                                            "Actual Rows": 409742,
                                            "Actual Loops": 1
                                        },
                                        {
                                            "Worker Number": 3,
                                            "Actual Startup Time": 138.96,
                                            "Actual Total Time": 256.544,
                                            "Actual Rows": 406944,
                                            "Actual Loops": 1
                                        },
                                        {
                                            "Worker Number": 4,
                                            "Actual Startup Time": 138.584,
                                            "Actual Total Time": 257.109,
                                            "Actual Rows": 377914,
                                            "Actual Loops": 1
                                        },
                                        {
                                            "Worker Number": 5,
                                            "Actual Startup Time": 139.392,
                                            "Actual Total Time": 256.603,
                                            "Actual Rows": 281349,
                                            "Actual Loops": 1
                                        }
                                    ],
                                    "Plans": [
                                        {
                                            "Node Type": "Bitmap Index Scan",
                                            "Parent Relationship": "Outer",
                                            "Parallel Aware": false,
                                            "Index Name": "person_id_cast_info",
                                            "Startup Cost": 0.0,
                                            "Total Cost": 62498.98,
                                            "Plan Rows": 2863255,
                                            "Plan Width": 0,
                                            "Actual Startup Time": 145.269,
                                            "Actual Total Time": 145.27,
                                            "Actual Rows": 2910864,
                                            "Actual Loops": 1,
                                            "Index Cond": "(ci.person_id < 283112)"
                                        }
                                    ]
                                }
                            ]
                        }
                    ]
                }
            ]
        },
        "Planning Time": 213.518,
        "Triggers": [],
        "Execution Time": 297.533
    }
]