[
  {
    "Plan": {
      "Node Type": "Aggregate",
      "Strategy": "Plain",
      "Partial Mode": "Finalize",
      "Parallel Aware": false,
      "Startup Cost": 60538.73,
      "Total Cost": 60538.74,
      "Plan Rows": 1,
      "Plan Width": 8,
      "Actual Startup Time": 101.123,
      "Actual Total Time": 114.587,
      "Actual Rows": 1,
      "Actual Loops": 1,
      "Plans": [
        {
          "Node Type": "Gather",
          "Parent Relationship": "Outer",
          "Parallel Aware": false,
          "Startup Cost": 60538.31,
          "Total Cost": 60538.72,
          "Plan Rows": 4,
          "Plan Width": 8,
          "Actual Startup Time": 101.014,
          "Actual Total Time": 114.58,
          "Actual Rows": 5,
          "Actual Loops": 1,
          "Workers Planned": 4,
          "Workers Launched": 4,
          "Single Copy": false,
          "Plans": [
            {
              "Node Type": "Aggregate",
              "Strategy": "Plain",
              "Partial Mode": "Partial",
              "Parent Relationship": "Outer",
              "Parallel Aware": false,
              "Startup Cost": 59538.31,
              "Total Cost": 59538.32,
              "Plan Rows": 1,
              "Plan Width": 8,
              "Actual Startup Time": 92.258,
              "Actual Total Time": 92.26,
              "Actual Rows": 1,
              "Actual Loops": 5,
              "Plans": [
                {
                  "Node Type": "Nested Loop",
                  "Parent Relationship": "Outer",
                  "Parallel Aware": false,
                  "Join Type": "Inner",
                  "Startup Cost": 0.43,
                  "Total Cost": 59535.54,
                  "Plan Rows": 1109,
                  "Plan Width": 0,
                  "Actual Startup Time": 57.56,
                  "Actual Total Time": 92.082,
                  "Actual Rows": 1623,
                  "Actual Loops": 5,
                  "Inner Unique": false,
                  "Plans": [
                    {
                      "Node Type": "Seq Scan",
                      "Parent Relationship": "Outer",
                      "Parallel Aware": true,
                      "Relation Name": "title",
                      "Alias": "t",
                      "Startup Cost": 0.0,
                      "Total Cost": 43898.92,
                      "Plan Rows": 1074,
                      "Plan Width": 4,
                      "Actual Startup Time": 53.409,
                      "Actual Total Time": 80.989,
                      "Actual Rows": 903,
                      "Actual Loops": 5,
                      "Filter": "(production_year = 1917)",
                      "Rows Removed by Filter": 504760
                    },
                    {
                      "Node Type": "Index Only Scan",
                      "Parent Relationship": "Inner",
                      "Parallel Aware": false,
                      "Scan Direction": "Forward",
                      "Index Name": "movie_id_movie_companies",
                      "Relation Name": "movie_companies",
                      "Alias": "mc",
                      "Startup Cost": 0.43,
                      "Total Cost": 14.51,
                      "Plan Rows": 5,
                      "Plan Width": 4,
                      "Actual Startup Time": 0.009,
                      "Actual Total Time": 0.012,
                      "Actual Rows": 2,
                      "Actual Loops": 4514,
                      "Index Cond": "(movie_id = t.id)",
                      "Rows Removed by Index Recheck": 0,
                      "Heap Fetches": 8117
                    }
                  ]
                }
              ]
            }
          ]
        }
      ]
    },
    "Planning Time": 0.6,
    "Triggers": [],
    "Execution Time": 114.658
  }
]