{
  "Plan": {
    "Node Type": "Aggregate",
    "Strategy": "Plain",
    "Partial Mode": "Finalize",
    "Parallel Aware": false,
    "Startup Cost": 123858.8,
    "Total Cost": 123858.81,
    "Plan Rows": 1,
    "Plan Width": 8,
    "Actual Startup Time": 597.147,
    "Actual Total Time": 617.196,
    "Actual Rows": 1,
    "Actual Loops": 1,
    "Plans": [
      {
        "Node Type": "Gather",
        "Parent Relationship": "Outer",
        "Parallel Aware": false,
        "Startup Cost": 123858.68,
        "Total Cost": 123858.79,
        "Plan Rows": 1,
        "Plan Width": 8,
        "Actual Startup Time": 595.95,
        "Actual Total Time": 617.189,
        "Actual Rows": 2,
        "Actual Loops": 1,
        "Workers Planned": 1,
        "Workers Launched": 1,
        "Single Copy": false,
        "Plans": [
          {
            "Node Type": "Aggregate",
            "Strategy": "Plain",
            "Partial Mode": "Partial",
            "Parent Relationship": "Outer",
            "Parallel Aware": false,
            "Startup Cost": 122858.68,
            "Total Cost": 122858.69,
            "Plan Rows": 1,
            "Plan Width": 8,
            "Actual Startup Time": 590.215,
            "Actual Total Time": 590.219,
            "Actual Rows": 1,
            "Actual Loops": 2,
            "Plans": [
              {
                "Node Type": "Hash Join",
                "Parent Relationship": "Outer",
                "Parallel Aware": true,
                "Join Type": "Inner",
                "Startup Cost": 61976.02,
                "Total Cost": 122357.93,
                "Plan Rows": 200301,
                "Plan Width": 0,
                "Actual Startup Time": 233.253,
                "Actual Total Time": 577.335,
                "Actual Rows": 263156,
                "Actual Loops": 2,
                "Inner Unique": true,
                "Hash Cond": "(mk.movie_id = t.id)",
                "Plans": [
                  {
                    "Node Type": "Seq Scan",
                    "Parent Relationship": "Outer",
                    "Parallel Aware": true,
                    "Relation Name": "movie_keyword",
                    "Alias": "mk",
                    "Startup Cost": 0.0,
                    "Total Cost": 57718.19,
                    "Plan Rows": 1014751,
                    "Plan Width": 4,
                    "Actual Startup Time": 0.017,
                    "Actual Total Time": 210.723,
                    "Actual Rows": 866363,
                    "Actual Loops": 2,
                    "Filter": "(keyword_id < 2830)",
                    "Rows Removed by Filter": 1395602
                  },
                  {
                    "Node Type": "Hash",
                    "Parent Relationship": "Inner",
                    "Parallel Aware": true,
                    "Startup Cost": 58306.47,
                    "Total Cost": 58306.47,
                    "Plan Rows": 293564,
                    "Plan Width": 4,
                    "Actual Startup Time": 227.305,
                    "Actual Total Time": 227.307,
                    "Actual Rows": 210142,
                    "Actual Loops": 2,
                    "Hash Buckets": 524288,
                    "Original Hash Buckets": 524288,
                    "Hash Batches": 1,
                    "Original Hash Batches": 1,
                    "Peak Memory Usage": 20576,
                    "Plans": [
                      {
                        "Node Type": "Seq Scan",
                        "Parent Relationship": "Outer",
                        "Parallel Aware": true,
                        "Relation Name": "title",
                        "Alias": "t",
                        "Startup Cost": 0.0,
                        "Total Cost": 58306.47,
                        "Plan Rows": 293564,
                        "Plan Width": 4,
                        "Actual Startup Time": 0.034,
                        "Actual Total Time": 171.444,
                        "Actual Rows": 210142,
                        "Actual Loops": 2,
                        "Filter": "((kind_id < 7) AND (production_year > 2002))",
                        "Rows Removed by Filter": 1054014
                      }
                    ]
                  }
                ]
              }
            ]
          }
        ]
      }
    ]
  },
  "Planning Time": 0.618,
  "Triggers": [],
  "Execution Time": 617.265
}