[
  {
    "Plan": {
      "Node Type": "Aggregate",
      "Strategy": "Plain",
      "Partial Mode": "Finalize",
      "Parallel Aware": false,
      "Startup Cost": 94409.65,
      "Total Cost": 94409.66,
      "Plan Rows": 1,
      "Plan Width": 8,
      "Actual Startup Time": 480.6,
      "Actual Total Time": 498.306,
      "Actual Rows": 1,
      "Actual Loops": 1,
      "Plans": [
        {
          "Node Type": "Gather",
          "Parent Relationship": "Outer",
          "Parallel Aware": false,
          "Startup Cost": 94409.33,
          "Total Cost": 94409.64,
          "Plan Rows": 3,
          "Plan Width": 8,
          "Actual Startup Time": 475.869,
          "Actual Total Time": 498.299,
          "Actual Rows": 4,
          "Actual Loops": 1,
          "Workers Planned": 3,
          "Workers Launched": 3,
          "Single Copy": false,
          "Plans": [
            {
              "Node Type": "Aggregate",
              "Strategy": "Plain",
              "Partial Mode": "Partial",
              "Parent Relationship": "Outer",
              "Parallel Aware": false,
              "Startup Cost": 93409.33,
              "Total Cost": 93409.34,
              "Plan Rows": 1,
              "Plan Width": 8,
              "Actual Startup Time": 467.73,
              "Actual Total Time": 467.733,
              "Actual Rows": 1,
              "Actual Loops": 4,
              "Plans": [
                {
                  "Node Type": "Hash Join",
                  "Parent Relationship": "Outer",
                  "Parallel Aware": true,
                  "Join Type": "Inner",
                  "Startup Cost": 46928.39,
                  "Total Cost": 92846.58,
                  "Plan Rows": 225101,
                  "Plan Width": 0,
                  "Actual Startup Time": 183.649,
                  "Actual Total Time": 442.489,
                  "Actual Rows": 518282,
                  "Actual Loops": 4,
                  "Inner Unique": true,
                  "Hash Cond": "(mk.movie_id = t.id)",
                  "Plans": [
                    {
                      "Node Type": "Seq Scan",
                      "Parent Relationship": "Outer",
                      "Parallel Aware": true,
                      "Relation Name": "movie_keyword",
                      "Alias": "mk",
                      "Startup Cost": 0.0,
                      "Total Cost": 42695.65,
                      "Plan Rows": 1227633,
                      "Plan Width": 4,
                      "Actual Startup Time": 0.06,
                      "Actual Total Time": 128.522,
                      "Actual Rows": 951286,
                      "Actual Loops": 4,
                      "Filter": "(keyword_id > 634)",
                      "Rows Removed by Filter": 179697
                    },
                    {
                      "Node Type": "Hash",
                      "Parent Relationship": "Inner",
                      "Parallel Aware": true,
                      "Startup Cost": 45479.59,
                      "Total Cost": 45479.59,
                      "Plan Rows": 115904,
                      "Plan Width": 4,
                      "Actual Startup Time": 181.323,
                      "Actual Total Time": 181.324,
                      "Actual Rows": 139373,
                      "Actual Loops": 4,
                      "Hash Buckets": 1048576,
                      "Original Hash Buckets": 524288,
                      "Hash Batches": 1,
                      "Original Hash Batches": 1,
                      "Peak Memory Usage": 34144,
                      "Plans": [
                        {
                          "Node Type": "Seq Scan",
                          "Parent Relationship": "Outer",
                          "Parallel Aware": true,
                          "Relation Name": "title",
                          "Alias": "t",
                          "Startup Cost": 0.0,
                          "Total Cost": 45479.59,
                          "Plan Rows": 115904,
                          "Plan Width": 4,
                          "Actual Startup Time": 0.053,
                          "Actual Total Time": 113.959,
                          "Actual Rows": 139373,
                          "Actual Loops": 4,
                          "Filter": "((kind_id < 7) AND (production_year < 2003))",
                          "Rows Removed by Filter": 492705
                        }
                      ]
                    }
                  ]
                }
              ]
            }
          ]
        }
      ]
    },
    "Planning Time": 0.261,
    "Triggers": [],
    "Execution Time": 498.345
  }
]