{
    "Plan": {
        "Node Type": "Aggregate",
        "Strategy": "Plain",
        "Partial Mode": "Simple",
        "Parallel Aware": false,
        "Startup Cost": 90000181106.45,
        "Total Cost": 90000181106.46,
        "Plan Rows": 1,
        "Plan Width": 64,
        "Actual Startup Time": 1196.313,
        "Actual Total Time": 1196.342,
        "Actual Rows": 1,
        "Actual Loops": 1,
        "Output": [
            "min(mi.info)",
            "min(t.title)"
        ],
        "Plans": [
            {
                "Node Type": "Nested Loop",
                "Parent Relationship": "Outer",
                "Parallel Aware": false,
                "Join Type": "Inner",
                "Startup Cost": 90000000006.4,
                "Total Cost": 90000181106.35,
                "Plan Rows": 20,
                "Plan Width": 60,
                "Actual Startup Time": 708.693,
                "Actual Total Time": 1196.303,
                "Actual Rows": 37,
                "Actual Loops": 1,
                "Output": [
                    "mi.info",
                    "t.title"
                ],
                "Inner Unique": true,
                "Plans": [
                    {
                        "Node Type": "Nested Loop",
                        "Parent Relationship": "Outer",
                        "Parallel Aware": false,
                        "Join Type": "Inner",
                        "Startup Cost": 80000000006.26,
                        "Total Cost": 80000181035.35,
                        "Plan Rows": 20,
                        "Plan Width": 64,
                        "Actual Startup Time": 708.664,
                        "Actual Total Time": 1196.078,
                        "Actual Rows": 37,
                        "Actual Loops": 1,
                        "Output": [
                            "mc.company_type_id",
                            "mi.info",
                            "t.title"
                        ],
                        "Inner Unique": false,
                        "Join Filter": "(t.id = at.movie_id)",
                        "Rows Removed by Join Filter": 0,
                        "Plans": [
                            {
                                "Node Type": "Nested Loop",
                                "Parent Relationship": "Outer",
                                "Parallel Aware": false,
                                "Join Type": "Inner",
                                "Startup Cost": 70000000005.81,
                                "Total Cost": 70000180999.18,
                                "Plan Rows": 8,
                                "Plan Width": 80,
                                "Actual Startup Time": 3.98,
                                "Actual Total Time": 1194.725,
                                "Actual Rows": 151,
                                "Actual Loops": 1,
                                "Output": [
                                    "mc.movie_id",
                                    "mc.company_type_id",
                                    "mi.info",
                                    "mi.movie_id",
                                    "mk.movie_id",
                                    "t.title",
                                    "t.id"
                                ],
                                "Inner Unique": true,
                                "Plans": [
                                    {
                                        "Node Type": "Nested Loop",
                                        "Parent Relationship": "Outer",
                                        "Parallel Aware": false,
                                        "Join Type": "Inner",
                                        "Startup Cost": 60000000005.38,
                                        "Total Cost": 60000180963.65,
                                        "Plan Rows": 8,
                                        "Plan Width": 84,
                                        "Actual Startup Time": 3.908,
                                        "Actual Total Time": 1192.713,
                                        "Actual Rows": 151,
                                        "Actual Loops": 1,
                                        "Output": [
                                            "mc.movie_id",
                                            "mc.company_type_id",
                                            "mi.info",
                                            "mi.movie_id",
                                            "mk.movie_id",
                                            "mk.keyword_id",
                                            "t.title",
                                            "t.id"
                                        ],
                                        "Inner Unique": false,
                                        "Plans": [
                                            {
                                                "Node Type": "Nested Loop",
                                                "Parent Relationship": "Outer",
                                                "Parallel Aware": false,
                                                "Join Type": "Inner",
                                                "Startup Cost": 50000000004.54,
                                                "Total Cost": 50000180957.78,
                                                "Plan Rows": 1,
                                                "Plan Width": 76,
                                                "Actual Startup Time": 3.861,
                                                "Actual Total Time": 1190.318,
                                                "Actual Rows": 75,
                                                "Actual Loops": 1,
                                                "Output": [
                                                    "mc.movie_id",
                                                    "mc.company_type_id",
                                                    "mi.info",
                                                    "mi.movie_id",
                                                    "t.title",
                                                    "t.id"
                                                ],
                                                "Inner Unique": true,
                                                "Plans": [
                                                    {
                                                        "Node Type": "Nested Loop",
                                                        "Parent Relationship": "Outer",
                                                        "Parallel Aware": false,
                                                        "Join Type": "Inner",
                                                        "Startup Cost": 40000000004.36,
                                                        "Total Cost": 40000180949.57,
                                                        "Plan Rows": 1,
                                                        "Plan Width": 80,
                                                        "Actual Startup Time": 3.841,
                                                        "Actual Total Time": 1189.754,
                                                        "Actual Rows": 75,
                                                        "Actual Loops": 1,
                                                        "Output": [
                                                            "mc.movie_id",
                                                            "mc.company_type_id",
                                                            "mi.info",
                                                            "mi.movie_id",
                                                            "mi.info_type_id",
                                                            "t.title",
                                                            "t.id"
                                                        ],
                                                        "Inner Unique": false,
                                                        "Plans": [
                                                            {
                                                                "Node Type": "Nested Loop",
                                                                "Parent Relationship": "Outer",
                                                                "Parallel Aware": false,
                                                                "Join Type": "Inner",
                                                                "Startup Cost": 30000000003.5,
                                                                "Total Cost": 30000180944.01,
                                                                "Plan Rows": 1,
                                                                "Plan Width": 29,
                                                                "Actual Startup Time": 3.746,
                                                                "Actual Total Time": 1166.364,
                                                                "Actual Rows": 277,
                                                                "Actual Loops": 1,
                                                                "Output": [
                                                                    "mc.movie_id",
                                                                    "mc.company_type_id",
                                                                    "t.title",
                                                                    "t.id"
                                                                ],
                                                                "Inner Unique": true,
                                                                "Plans": [
                                                                    {
                                                                        "Node Type": "Nested Loop",
                                                                        "Parent Relationship": "Outer",
                                                                        "Parallel Aware": false,
                                                                        "Join Type": "Inner",
                                                                        "Startup Cost": 20000000001.06,
                                                                        "Total Cost": 20000180937.55,
                                                                        "Plan Rows": 1,
                                                                        "Plan Width": 8,
                                                                        "Actual Startup Time": 3.668,
                                                                        "Actual Total Time": 1158.907,
                                                                        "Actual Rows": 278,
                                                                        "Actual Loops": 1,
                                                                        "Output": [
                                                                            "mc.movie_id",
                                                                            "mc.company_type_id"
                                                                        ],
                                                                        "Inner Unique": true,
                                                                        "Plans": [
                                                                            {
                                                                                "Node Type": "Index Scan",
                                                                                "Parent Relationship": "Outer",
                                                                                "Parallel Aware": false,
                                                                                "Scan Direction": "Forward",
                                                                                "Index Name": "company_type_id_movie_companies",
                                                                                "Relation Name": "movie_companies",
                                                                                "Schema": "public",
                                                                                "Alias": "mc",
                                                                                "Startup Cost": 10000000000.43,
                                                                                "Total Cost": 10000097876.01,
                                                                                "Plan Rows": 17890,
                                                                                "Plan Width": 12,
                                                                                "Actual Startup Time": 0.077,
                                                                                "Actual Total Time": 724.912,
                                                                                "Actual Rows": 61664,
                                                                                "Actual Loops": 1,
                                                                                "Output": [
                                                                                    "mc.id",
                                                                                    "mc.movie_id",
                                                                                    "mc.company_id",
                                                                                    "mc.company_type_id",
                                                                                    "mc.note"
                                                                                ],
                                                                                "Filter": "((mc.note ~~ '%(200%)%'::text) AND (mc.note ~~ '%(worldwide)%'::text))",
                                                                                "Rows Removed by Filter": 2547465
                                                                            },
                                                                            {
                                                                                "Node Type": "Bitmap Heap Scan",
                                                                                "Parent Relationship": "Inner",
                                                                                "Parallel Aware": false,
                                                                                "Relation Name": "company_name",
                                                                                "Schema": "public",
                                                                                "Alias": "cn",
                                                                                "Startup Cost": 0.63,
                                                                                "Total Cost": 4.64,
                                                                                "Plan Rows": 1,
                                                                                "Plan Width": 4,
                                                                                "Actual Startup Time": 0.005,
                                                                                "Actual Total Time": 0.005,
                                                                                "Actual Rows": 0,
                                                                                "Actual Loops": 61664,
                                                                                "Output": [
                                                                                    "cn.id",
                                                                                    "cn.name",
                                                                                    "cn.country_code",
                                                                                    "cn.imdb_id",
                                                                                    "cn.name_pcode_nf",
                                                                                    "cn.name_pcode_sf",
                                                                                    "cn.md5sum"
                                                                                ],
                                                                                "Recheck Cond": "(cn.id = mc.company_id)",
                                                                                "Rows Removed by Index Recheck": 0,
                                                                                "Filter": "(((cn.country_code)::text = '[us]'::text) AND (cn.name = 'YouTube'::text))",
                                                                                "Rows Removed by Filter": 1,
                                                                                "Exact Heap Blocks": 61664,
                                                                                "Lossy Heap Blocks": 0,
                                                                                "Plans": [
                                                                                    {
                                                                                        "Node Type": "Bitmap Index Scan",
                                                                                        "Parent Relationship": "Outer",
                                                                                        "Parallel Aware": false,
                                                                                        "Index Name": "company_name_pkey",
                                                                                        "Startup Cost": 0.0,
                                                                                        "Total Cost": 0.62,
                                                                                        "Plan Rows": 1,
                                                                                        "Plan Width": 0,
                                                                                        "Actual Startup Time": 0.003,
                                                                                        "Actual Total Time": 0.003,
                                                                                        "Actual Rows": 1,
                                                                                        "Actual Loops": 61664,
                                                                                        "Index Cond": "(cn.id = mc.company_id)"
                                                                                    }
                                                                                ]
                                                                            }
                                                                        ]
                                                                    },
                                                                    {
                                                                        "Node Type": "Bitmap Heap Scan",
                                                                        "Parent Relationship": "Inner",
                                                                        "Parallel Aware": false,
                                                                        "Relation Name": "title",
                                                                        "Schema": "public",
                                                                        "Alias": "t",
                                                                        "Startup Cost": 2.44,
                                                                        "Total Cost": 6.46,
                                                                        "Plan Rows": 1,
                                                                        "Plan Width": 21,
                                                                        "Actual Startup Time": 0.024,
                                                                        "Actual Total Time": 0.024,
                                                                        "Actual Rows": 1,
                                                                        "Actual Loops": 278,
                                                                        "Output": [
                                                                            "t.id",
                                                                            "t.title",
                                                                            "t.imdb_index",
                                                                            "t.kind_id",
                                                                            "t.production_year",
                                                                            "t.imdb_id",
                                                                            "t.phonetic_code",
                                                                            "t.episode_of_id",
                                                                            "t.season_nr",
                                                                            "t.episode_nr",
                                                                            "t.series_years",
                                                                            "t.md5sum"
                                                                        ],
                                                                        "Recheck Cond": "(t.id = mc.movie_id)",
                                                                        "Rows Removed by Index Recheck": 0,
                                                                        "Filter": "((t.production_year >= 1994) AND (t.production_year <= 2012))",
                                                                        "Rows Removed by Filter": 0,
                                                                        "Exact Heap Blocks": 278,
                                                                        "Lossy Heap Blocks": 0,
                                                                        "Plans": [
                                                                            {
                                                                                "Node Type": "Bitmap Index Scan",
                                                                                "Parent Relationship": "Outer",
                                                                                "Parallel Aware": false,
                                                                                "Index Name": "title_pkey",
                                                                                "Startup Cost": 0.0,
                                                                                "Total Cost": 2.44,
                                                                                "Plan Rows": 1,
                                                                                "Plan Width": 0,
                                                                                "Actual Startup Time": 0.013,
                                                                                "Actual Total Time": 0.013,
                                                                                "Actual Rows": 1,
                                                                                "Actual Loops": 278,
                                                                                "Index Cond": "(t.id = mc.movie_id)"
                                                                            }
                                                                        ]
                                                                    }
                                                                ]
                                                            },
                                                            {
                                                                "Node Type": "Bitmap Heap Scan",
                                                                "Parent Relationship": "Inner",
                                                                "Parallel Aware": false,
                                                                "Relation Name": "movie_info",
                                                                "Schema": "public",
                                                                "Alias": "mi",
                                                                "Startup Cost": 0.86,
                                                                "Total Cost": 5.55,
                                                                "Plan Rows": 1,
                                                                "Plan Width": 51,
                                                                "Actual Startup Time": 0.071,
                                                                "Actual Total Time": 0.081,
                                                                "Actual Rows": 0,
                                                                "Actual Loops": 277,
                                                                "Output": [
                                                                    "mi.id",
                                                                    "mi.movie_id",
                                                                    "mi.info_type_id",
                                                                    "mi.info",
                                                                    "mi.note"
                                                                ],
                                                                "Recheck Cond": "(mi.movie_id = t.id)",
                                                                "Rows Removed by Index Recheck": 0,
                                                                "Filter": "((mi.note ~~ '%internet%'::text) AND (mi.info ~~ 'USA:% 200%'::text))",
                                                                "Rows Removed by Filter": 8,
                                                                "Exact Heap Blocks": 1700,
                                                                "Lossy Heap Blocks": 0,
                                                                "Plans": [
                                                                    {
                                                                        "Node Type": "Bitmap Index Scan",
                                                                        "Parent Relationship": "Outer",
                                                                        "Parallel Aware": false,
                                                                        "Index Name": "movie_id_movie_info",
                                                                        "Startup Cost": 0.0,
                                                                        "Total Cost": 0.86,
                                                                        "Plan Rows": 39,
                                                                        "Plan Width": 0,
                                                                        "Actual Startup Time": 0.023,
                                                                        "Actual Total Time": 0.023,
                                                                        "Actual Rows": 8,
                                                                        "Actual Loops": 277,
                                                                        "Index Cond": "(mi.movie_id = t.id)"
                                                                    }
                                                                ]
                                                            }
                                                        ]
                                                    },
                                                    {
                                                        "Node Type": "Bitmap Heap Scan",
                                                        "Parent Relationship": "Inner",
                                                        "Parallel Aware": false,
                                                        "Relation Name": "info_type",
                                                        "Schema": "public",
                                                        "Alias": "it1",
                                                        "Startup Cost": 0.18,
                                                        "Total Cost": 4.19,
                                                        "Plan Rows": 1,
                                                        "Plan Width": 4,
                                                        "Actual Startup Time": 0.004,
                                                        "Actual Total Time": 0.004,
                                                        "Actual Rows": 1,
                                                        "Actual Loops": 75,
                                                        "Output": [
                                                            "it1.id",
                                                            "it1.info"
                                                        ],
                                                        "Recheck Cond": "(it1.id = mi.info_type_id)",
                                                        "Rows Removed by Index Recheck": 0,
                                                        "Filter": "((it1.info)::text = 'release dates'::text)",
                                                        "Rows Removed by Filter": 0,
                                                        "Exact Heap Blocks": 75,
                                                        "Lossy Heap Blocks": 0,
                                                        "Plans": [
                                                            {
                                                                "Node Type": "Bitmap Index Scan",
                                                                "Parent Relationship": "Outer",
                                                                "Parallel Aware": false,
                                                                "Index Name": "info_type_pkey",
                                                                "Startup Cost": 0.0,
                                                                "Total Cost": 0.18,
                                                                "Plan Rows": 1,
                                                                "Plan Width": 0,
                                                                "Actual Startup Time": 0.002,
                                                                "Actual Total Time": 0.002,
                                                                "Actual Rows": 1,
                                                                "Actual Loops": 75,
                                                                "Index Cond": "(it1.id = mi.info_type_id)"
                                                            }
                                                        ]
                                                    }
                                                ]
                                            },
                                            {
                                                "Node Type": "Bitmap Heap Scan",
                                                "Parent Relationship": "Inner",
                                                "Parallel Aware": false,
                                                "Relation Name": "movie_keyword",
                                                "Schema": "public",
                                                "Alias": "mk",
                                                "Startup Cost": 0.84,
                                                "Total Cost": 5.42,
                                                "Plan Rows": 46,
                                                "Plan Width": 8,
                                                "Actual Startup Time": 0.028,
                                                "Actual Total Time": 0.029,
                                                "Actual Rows": 2,
                                                "Actual Loops": 75,
                                                "Output": [
                                                    "mk.id",
                                                    "mk.movie_id",
                                                    "mk.keyword_id"
                                                ],
                                                "Recheck Cond": "(mk.movie_id = t.id)",
                                                "Rows Removed by Index Recheck": 0,
                                                "Exact Heap Blocks": 29,
                                                "Lossy Heap Blocks": 0,
                                                "Plans": [
                                                    {
                                                        "Node Type": "Bitmap Index Scan",
                                                        "Parent Relationship": "Outer",
                                                        "Parallel Aware": false,
                                                        "Index Name": "movie_id_movie_keyword",
                                                        "Startup Cost": 0.0,
                                                        "Total Cost": 0.83,
                                                        "Plan Rows": 46,
                                                        "Plan Width": 0,
                                                        "Actual Startup Time": 0.022,
                                                        "Actual Total Time": 0.022,
                                                        "Actual Rows": 2,
                                                        "Actual Loops": 75,
                                                        "Index Cond": "(mk.movie_id = t.id)"
                                                    }
                                                ]
                                            }
                                        ]
                                    },
                                    {
                                        "Node Type": "Bitmap Heap Scan",
                                        "Parent Relationship": "Inner",
                                        "Parallel Aware": false,
                                        "Relation Name": "keyword",
                                        "Schema": "public",
                                        "Alias": "k",
                                        "Startup Cost": 0.43,
                                        "Total Cost": 4.44,
                                        "Plan Rows": 1,
                                        "Plan Width": 4,
                                        "Actual Startup Time": 0.01,
                                        "Actual Total Time": 0.01,
                                        "Actual Rows": 1,
                                        "Actual Loops": 151,
                                        "Output": [
                                            "k.id",
                                            "k.keyword",
                                            "k.phonetic_code"
                                        ],
                                        "Recheck Cond": "(k.id = mk.keyword_id)",
                                        "Rows Removed by Index Recheck": 0,
                                        "Exact Heap Blocks": 151,
                                        "Lossy Heap Blocks": 0,
                                        "Plans": [
                                            {
                                                "Node Type": "Bitmap Index Scan",
                                                "Parent Relationship": "Outer",
                                                "Parallel Aware": false,
                                                "Index Name": "keyword_pkey",
                                                "Startup Cost": 0.0,
                                                "Total Cost": 0.43,
                                                "Plan Rows": 1,
                                                "Plan Width": 0,
                                                "Actual Startup Time": 0.006,
                                                "Actual Total Time": 0.006,
                                                "Actual Rows": 1,
                                                "Actual Loops": 151,
                                                "Index Cond": "(k.id = mk.keyword_id)"
                                            }
                                        ]
                                    }
                                ]
                            },
                            {
                                "Node Type": "Bitmap Heap Scan",
                                "Parent Relationship": "Inner",
                                "Parallel Aware": false,
                                "Relation Name": "aka_title",
                                "Schema": "public",
                                "Alias": "at",
                                "Startup Cost": 0.45,
                                "Total Cost": 4.48,
                                "Plan Rows": 3,
                                "Plan Width": 4,
                                "Actual Startup Time": 0.006,
                                "Actual Total Time": 0.006,
                                "Actual Rows": 0,
                                "Actual Loops": 151,
                                "Output": [
                                    "at.id",
                                    "at.movie_id",
                                    "at.title",
                                    "at.imdb_index",
                                    "at.kind_id",
                                    "at.production_year",
                                    "at.phonetic_code",
                                    "at.episode_of_id",
                                    "at.season_nr",
                                    "at.episode_nr",
                                    "at.note",
                                    "at.md5sum"
                                ],
                                "Recheck Cond": "(at.movie_id = mk.movie_id)",
                                "Rows Removed by Index Recheck": 0,
                                "Exact Heap Blocks": 37,
                                "Lossy Heap Blocks": 0,
                                "Plans": [
                                    {
                                        "Node Type": "Bitmap Index Scan",
                                        "Parent Relationship": "Outer",
                                        "Parallel Aware": false,
                                        "Index Name": "movie_id_aka_title",
                                        "Startup Cost": 0.0,
                                        "Total Cost": 0.45,
                                        "Plan Rows": 3,
                                        "Plan Width": 0,
                                        "Actual Startup Time": 0.005,
                                        "Actual Total Time": 0.005,
                                        "Actual Rows": 0,
                                        "Actual Loops": 151,
                                        "Index Cond": "(at.movie_id = mk.movie_id)"
                                    }
                                ]
                            }
                        ]
                    },
                    {
                        "Node Type": "Bitmap Heap Scan",
                        "Parent Relationship": "Inner",
                        "Parallel Aware": false,
                        "Relation Name": "company_type",
                        "Schema": "public",
                        "Alias": "ct",
                        "Startup Cost": 0.14,
                        "Total Cost": 4.15,
                        "Plan Rows": 1,
                        "Plan Width": 4,
                        "Actual Startup Time": 0.003,
                        "Actual Total Time": 0.003,
                        "Actual Rows": 1,
                        "Actual Loops": 37,
                        "Output": [
                            "ct.id",
                            "ct.kind"
                        ],
                        "Recheck Cond": "(ct.id = mc.company_type_id)",
                        "Rows Removed by Index Recheck": 0,
                        "Exact Heap Blocks": 37,
                        "Lossy Heap Blocks": 0,
                        "Plans": [
                            {
                                "Node Type": "Bitmap Index Scan",
                                "Parent Relationship": "Outer",
                                "Parallel Aware": false,
                                "Index Name": "company_type_pkey",
                                "Startup Cost": 0.0,
                                "Total Cost": 0.14,
                                "Plan Rows": 1,
                                "Plan Width": 0,
                                "Actual Startup Time": 0.002,
                                "Actual Total Time": 0.002,
                                "Actual Rows": 1,
                                "Actual Loops": 37,
                                "Index Cond": "(ct.id = mc.company_type_id)"
                            }
                        ]
                    }
                ]
            }
        ]
    },
    "Planning Time": 19.537,
    "Triggers": [],
    "Execution Time": 1196.933
}