{
  "Plan": {
    "Node Type": "Aggregate",
    "Strategy": "Plain",
    "Partial Mode": "Finalize",
    "Parallel Aware": false,
    "Startup Cost": 107530.82,
    "Total Cost": 107530.83,
    "Plan Rows": 1,
    "Plan Width": 8,
    "Actual Startup Time": 694.225,
    "Actual Total Time": 713.982,
    "Actual Rows": 1,
    "Actual Loops": 1,
    "Plans": [
      {
        "Node Type": "Gather",
        "Parent Relationship": "Outer",
        "Parallel Aware": false,
        "Startup Cost": 107530.71,
        "Total Cost": 107530.82,
        "Plan Rows": 1,
        "Plan Width": 8,
        "Actual Startup Time": 689.486,
        "Actual Total Time": 713.975,
        "Actual Rows": 2,
        "Actual Loops": 1,
        "Workers Planned": 1,
        "Workers Launched": 1,
        "Single Copy": false,
        "Plans": [
          {
            "Node Type": "Aggregate",
            "Strategy": "Plain",
            "Partial Mode": "Partial",
            "Parent Relationship": "Outer",
            "Parallel Aware": false,
            "Startup Cost": 106530.71,
            "Total Cost": 106530.72,
            "Plan Rows": 1,
            "Plan Width": 8,
            "Actual Startup Time": 675.984,
            "Actual Total Time": 675.989,
            "Actual Rows": 1,
            "Actual Loops": 2,
            "Plans": [
              {
                "Node Type": "Hash Join",
                "Parent Relationship": "Outer",
                "Parallel Aware": true,
                "Join Type": "Inner",
                "Startup Cost": 81506.44,
                "Total Cost": 106526.08,
                "Plan Rows": 1852,
                "Plan Width": 0,
                "Actual Startup Time": 643.805,
                "Actual Total Time": 675.697,
                "Actual Rows": 4573,
                "Actual Loops": 2,
                "Inner Unique": false,
                "Hash Cond": "(mk.movie_id = t.id)",
                "Plans": [
                  {
                    "Node Type": "Bitmap Heap Scan",
                    "Parent Relationship": "Outer",
                    "Parallel Aware": true,
                    "Relation Name": "movie_keyword",
                    "Alias": "mk",
                    "Startup Cost": 1234.2,
                    "Total Cost": 26114.92,
                    "Plan Rows": 34138,
                    "Plan Width": 4,
                    "Actual Startup Time": 6.315,
                    "Actual Total Time": 30.137,
                    "Actual Rows": 27413,
                    "Actual Loops": 2,
                    "Recheck Cond": "(keyword_id < 55)",
                    "Rows Removed by Index Recheck": 0,
                    "Exact Heap Blocks": 11723,
                    "Lossy Heap Blocks": 0,
                    "Plans": [
                      {
                        "Node Type": "Bitmap Index Scan",
                        "Parent Relationship": "Outer",
                        "Parallel Aware": false,
                        "Index Name": "keyword_id_movie_keyword",
                        "Startup Cost": 0.0,
                        "Total Cost": 1219.69,
                        "Plan Rows": 58034,
                        "Plan Width": 0,
                        "Actual Startup Time": 4.0,
                        "Actual Total Time": 4.0,
                        "Actual Rows": 54826,
                        "Actual Loops": 1,
                        "Index Cond": "(keyword_id < 55)"
                      }
                    ]
                  },
                  {
                    "Node Type": "Hash",
                    "Parent Relationship": "Inner",
                    "Parallel Aware": true,
                    "Startup Cost": 79263.41,
                    "Total Cost": 79263.41,
                    "Plan Rows": 80707,
                    "Plan Width": 8,
                    "Actual Startup Time": 633.926,
                    "Actual Total Time": 633.929,
                    "Actual Rows": 120822,
                    "Actual Loops": 2,
                    "Hash Buckets": 262144,
                    "Original Hash Buckets": 262144,
                    "Hash Batches": 1,
                    "Original Hash Batches": 1,
                    "Peak Memory Usage": 11520,
                    "Plans": [
                      {
                        "Node Type": "Hash Join",
                        "Parent Relationship": "Outer",
                        "Parallel Aware": true,
                        "Join Type": "Inner",
                        "Startup Cost": 69461.26,
                        "Total Cost": 79263.41,
                        "Plan Rows": 80707,
                        "Plan Width": 8,
                        "Actual Startup Time": 518.012,
                        "Actual Total Time": 607.45,
                        "Actual Rows": 120822,
                        "Actual Loops": 2,
                        "Inner Unique": true,
                        "Hash Cond": "(ci.movie_id = t.id)",
                        "Plans": [
                          {
                            "Node Type": "Index Scan",
                            "Parent Relationship": "Outer",
                            "Parallel Aware": true,
                            "Scan Direction": "Forward",
                            "Index Name": "role_id_cast_info",
                            "Relation Name": "cast_info",
                            "Alias": "ci",
                            "Startup Cost": 0.56,
                            "Total Cost": 9590.86,
                            "Plan Rows": 80707,
                            "Plan Width": 4,
                            "Actual Startup Time": 0.067,
                            "Actual Total Time": 25.517,
                            "Actual Rows": 120822,
                            "Actual Loops": 2,
                            "Index Cond": "(role_id > 10)",
                            "Rows Removed by Index Recheck": 0,
                            "Filter": "(person_id > 1967178)",
                            "Rows Removed by Filter": 37238
                          },
                          {
                            "Node Type": "Hash",
                            "Parent Relationship": "Inner",
                            "Parallel Aware": true,
                            "Startup Cost": 50870.31,
                            "Total Cost": 50870.31,
                            "Plan Rows": 1487231,
                            "Plan Width": 4,
                            "Actual Startup Time": 499.297,
                            "Actual Total Time": 499.298,
                            "Actual Rows": 1264156,
                            "Actual Loops": 2,
                            "Hash Buckets": 4194304,
                            "Original Hash Buckets": 4194304,
                            "Hash Batches": 1,
                            "Original Hash Batches": 1,
                            "Peak Memory Usage": 131712,
                            "Plans": [
                              {
                                "Node Type": "Seq Scan",
                                "Parent Relationship": "Outer",
                                "Parallel Aware": true,
                                "Relation Name": "title",
                                "Alias": "t",
                                "Startup Cost": 0.0,
                                "Total Cost": 50870.31,
                                "Plan Rows": 1487231,
                                "Plan Width": 4,
                                "Actual Startup Time": 0.024,
                                "Actual Total Time": 144.094,
                                "Actual Rows": 1264156,
                                "Actual Loops": 2
                              }
                            ]
                          }
                        ]
                      }
                    ]
                  }
                ]
              }
            ]
          }
        ]
      }
    ]
  },
  "Planning Time": 1.116,
  "Triggers": [],
  "Execution Time": 714.089
}