[
  {
    "Plan": {
      "Node Type": "Aggregate",
      "Strategy": "Plain",
      "Partial Mode": "Finalize",
      "Parallel Aware": false,
      "Startup Cost": 466872.81,
      "Total Cost": 466872.82,
      "Plan Rows": 1,
      "Plan Width": 8,
      "Actual Startup Time": 2981.911,
      "Actual Total Time": 3046.318,
      "Actual Rows": 1,
      "Actual Loops": 1,
      "Plans": [
        {
          "Node Type": "Gather",
          "Parent Relationship": "Outer",
          "Parallel Aware": false,
          "Startup Cost": 466872.18,
          "Total Cost": 466872.79,
          "Plan Rows": 6,
          "Plan Width": 8,
          "Actual Startup Time": 2940.872,
          "Actual Total Time": 3046.304,
          "Actual Rows": 7,
          "Actual Loops": 1,
          "Workers Planned": 6,
          "Workers Launched": 6,
          "Single Copy": false,
          "Plans": [
            {
              "Node Type": "Aggregate",
              "Strategy": "Plain",
              "Partial Mode": "Partial",
              "Parent Relationship": "Outer",
              "Parallel Aware": false,
              "Startup Cost": 465872.18,
              "Total Cost": 465872.19,
              "Plan Rows": 1,
              "Plan Width": 8,
              "Actual Startup Time": 2919.375,
              "Actual Total Time": 2920.296,
              "Actual Rows": 1,
              "Actual Loops": 7,
              "Plans": [
                {
                  "Node Type": "Hash Join",
                  "Parent Relationship": "Outer",
                  "Parallel Aware": true,
                  "Join Type": "Inner",
                  "Startup Cost": 106614.68,
                  "Total Cost": 457331.81,
                  "Plan Rows": 3416148,
                  "Plan Width": 0,
                  "Actual Startup Time": 509.668,
                  "Actual Total Time": 2506.529,
                  "Actual Rows": 10241390,
                  "Actual Loops": 7,
                  "Inner Unique": false,
                  "Hash Cond": "(ci.movie_id = t.id)",
                  "Plans": [
                    {
                      "Node Type": "Seq Scan",
                      "Parent Relationship": "Outer",
                      "Parallel Aware": true,
                      "Relation Name": "cast_info",
                      "Alias": "ci",
                      "Startup Cost": 0.0,
                      "Total Cost": 328162.03,
                      "Plan Rows": 3076075,
                      "Plan Width": 4,
                      "Actual Startup Time": 0.022,
                      "Actual Total Time": 537.664,
                      "Actual Rows": 2639123,
                      "Actual Loops": 7,
                      "Filter": "(person_id < 1837973)",
                      "Rows Removed by Filter": 2538641
                    },
                    {
                      "Node Type": "Hash",
                      "Parent Relationship": "Inner",
                      "Parallel Aware": true,
                      "Startup Cost": 95292.88,
                      "Total Cost": 95292.88,
                      "Plan Rows": 905744,
                      "Plan Width": 8,
                      "Actual Startup Time": 502.858,
                      "Actual Total Time": 503.777,
                      "Actual Rows": 399648,
                      "Actual Loops": 7,
                      "Hash Buckets": 4194304,
                      "Original Hash Buckets": 4194304,
                      "Hash Batches": 1,
                      "Original Hash Batches": 1,
                      "Peak Memory Usage": 142336,
                      "Plans": [
                        {
                          "Node Type": "Hash Join",
                          "Parent Relationship": "Outer",
                          "Parallel Aware": true,
                          "Join Type": "Inner",
                          "Startup Cost": 50219.64,
                          "Total Cost": 95292.88,
                          "Plan Rows": 905744,
                          "Plan Width": 8,
                          "Actual Startup Time": 234.788,
                          "Actual Total Time": 389.821,
                          "Actual Rows": 399648,
                          "Actual Loops": 7,
                          "Inner Unique": true,
                          "Hash Cond": "(mk.movie_id = t.id)",
                          "Plans": [
                            {
                              "Node Type": "Seq Scan",
                              "Parent Relationship": "Outer",
                              "Parallel Aware": true,
                              "Relation Name": "movie_keyword",
                              "Alias": "mk",
                              "Startup Cost": 0.0,
                              "Total Cost": 42695.65,
                              "Plan Rows": 905744,
                              "Plan Width": 4,
                              "Actual Startup Time": 0.253,
                              "Actual Total Time": 74.272,
                              "Actual Rows": 399648,
                              "Actual Loops": 7,
                              "Filter": "(keyword_id > 2799)",
                              "Rows Removed by Filter": 246628
                            },
                            {
                              "Node Type": "Hash",
                              "Parent Relationship": "Inner",
                              "Parallel Aware": true,
                              "Startup Cost": 42318.73,
                              "Total Cost": 42318.73,
                              "Plan Rows": 632073,
                              "Plan Width": 4,
                              "Actual Startup Time": 230.934,
                              "Actual Total Time": 230.935,
                              "Actual Rows": 361187,
                              "Actual Loops": 7,
                              "Hash Buckets": 4194304,
                              "Original Hash Buckets": 4194304,
                              "Hash Batches": 1,
                              "Original Hash Batches": 1,
                              "Peak Memory Usage": 131808,
                              "Plans": [
                                {
                                  "Node Type": "Seq Scan",
                                  "Parent Relationship": "Outer",
                                  "Parallel Aware": true,
                                  "Relation Name": "title",
                                  "Alias": "t",
                                  "Startup Cost": 0.0,
                                  "Total Cost": 42318.73,
                                  "Plan Rows": 632073,
                                  "Plan Width": 4,
                                  "Actual Startup Time": 0.048,
                                  "Actual Total Time": 67.625,
                                  "Actual Rows": 361187,
                                  "Actual Loops": 7
                                }
                              ]
                            }
                          ]
                        }
                      ]
                    }
                  ]
                }
              ]
            }
          ]
        }
      ]
    },
    "Planning Time": 1.212,
    "Triggers": [],
    "Execution Time": 3046.405
  }
]