[
  {
    "Plan": {
      "Node Type": "Aggregate",
      "Strategy": "Plain",
      "Partial Mode": "Finalize",
      "Parallel Aware": false,
      "Startup Cost": 254892.22,
      "Total Cost": 254892.23,
      "Plan Rows": 1,
      "Plan Width": 8,
      "Actual Startup Time": 341.065,
      "Actual Total Time": 369.327,
      "Actual Rows": 1,
      "Actual Loops": 1,
      "Plans": [
        {
          "Node Type": "Gather",
          "Parent Relationship": "Outer",
          "Parallel Aware": false,
          "Startup Cost": 254891.59,
          "Total Cost": 254892.2,
          "Plan Rows": 6,
          "Plan Width": 8,
          "Actual Startup Time": 340.91,
          "Actual Total Time": 369.309,
          "Actual Rows": 7,
          "Actual Loops": 1,
          "Workers Planned": 6,
          "Workers Launched": 6,
          "Single Copy": false,
          "Plans": [
            {
              "Node Type": "Aggregate",
              "Strategy": "Plain",
              "Partial Mode": "Partial",
              "Parent Relationship": "Outer",
              "Parallel Aware": false,
              "Startup Cost": 253891.59,
              "Total Cost": 253891.6,
              "Plan Rows": 1,
              "Plan Width": 8,
              "Actual Startup Time": 329.965,
              "Actual Total Time": 329.967,
              "Actual Rows": 1,
              "Actual Loops": 7,
              "Plans": [
                {
                  "Node Type": "Index Scan",
                  "Parent Relationship": "Outer",
                  "Parallel Aware": true,
                  "Scan Direction": "Forward",
                  "Index Name": "role_id_cast_info",
                  "Relation Name": "cast_info",
                  "Alias": "ci",
                  "Startup Cost": 0.56,
                  "Total Cost": 253362.23,
                  "Plan Rows": 211746,
                  "Plan Width": 0,
                  "Actual Startup Time": 0.186,
                  "Actual Total Time": 323.932,
                  "Actual Rows": 95410,
                  "Actual Loops": 7,
                  "Index Cond": "(role_id > 4)",
                  "Rows Removed by Index Recheck": 0,
                  "Filter": "(person_id < 489517)",
                  "Rows Removed by Filter": 1245262
                }
              ]
            }
          ]
        }
      ]
    },
    "Planning Time": 0.234,
    "Triggers": [],
    "Execution Time": 369.405
  }
]