[
  {
    "Plan": {
      "Node Type": "Aggregate",
      "Strategy": "Plain",
      "Partial Mode": "Finalize",
      "Parallel Aware": false,
      "Startup Cost": 126518.91,
      "Total Cost": 126518.92,
      "Plan Rows": 1,
      "Plan Width": 8,
      "Actual Startup Time": 1089.739,
      "Actual Total Time": 1107.011,
      "Actual Rows": 1,
      "Actual Loops": 1,
      "Plans": [
        {
          "Node Type": "Gather",
          "Parent Relationship": "Outer",
          "Parallel Aware": false,
          "Startup Cost": 126518.6,
          "Total Cost": 126518.91,
          "Plan Rows": 3,
          "Plan Width": 8,
          "Actual Startup Time": 1082.026,
          "Actual Total Time": 1106.991,
          "Actual Rows": 4,
          "Actual Loops": 1,
          "Workers Planned": 3,
          "Workers Launched": 3,
          "Single Copy": false,
          "Plans": [
            {
              "Node Type": "Aggregate",
              "Strategy": "Plain",
              "Partial Mode": "Partial",
              "Parent Relationship": "Outer",
              "Parallel Aware": false,
              "Startup Cost": 125518.6,
              "Total Cost": 125518.61,
              "Plan Rows": 1,
              "Plan Width": 8,
              "Actual Startup Time": 1073.101,
              "Actual Total Time": 1073.199,
              "Actual Rows": 1,
              "Actual Loops": 4,
              "Plans": [
                {
                  "Node Type": "Hash Join",
                  "Parent Relationship": "Outer",
                  "Parallel Aware": true,
                  "Join Type": "Inner",
                  "Startup Cost": 77949.65,
                  "Total Cost": 125077.81,
                  "Plan Rows": 176313,
                  "Plan Width": 0,
                  "Actual Startup Time": 513.473,
                  "Actual Total Time": 936.617,
                  "Actual Rows": 3197728,
                  "Actual Loops": 4,
                  "Inner Unique": false,
                  "Hash Cond": "(mk.movie_id = t.id)",
                  "Plans": [
                    {
                      "Node Type": "Seq Scan",
                      "Parent Relationship": "Outer",
                      "Parallel Aware": true,
                      "Relation Name": "movie_keyword",
                      "Alias": "mk",
                      "Startup Cost": 0.0,
                      "Total Cost": 42695.65,
                      "Plan Rows": 1030336,
                      "Plan Width": 4,
                      "Actual Startup Time": 0.158,
                      "Actual Total Time": 114.538,
                      "Actual Rows": 793656,
                      "Actual Loops": 4,
                      "Filter": "(keyword_id > 1753)",
                      "Rows Removed by Filter": 337327
                    },
                    {
                      "Node Type": "Hash",
                      "Parent Relationship": "Inner",
                      "Parallel Aware": true,
                      "Startup Cost": 76205.11,
                      "Total Cost": 76205.11,
                      "Plan Rows": 139563,
                      "Plan Width": 8,
                      "Actual Startup Time": 509.484,
                      "Actual Total Time": 509.58,
                      "Actual Rows": 263284,
                      "Actual Loops": 4,
                      "Hash Buckets": 2097152,
                      "Original Hash Buckets": 524288,
                      "Hash Batches": 1,
                      "Original Hash Batches": 1,
                      "Peak Memory Usage": 69920,
                      "Plans": [
                        {
                          "Node Type": "Hash Join",
                          "Parent Relationship": "Outer",
                          "Parallel Aware": true,
                          "Join Type": "Inner",
                          "Startup Cost": 46789.22,
                          "Total Cost": 76205.11,
                          "Plan Rows": 139563,
                          "Plan Width": 8,
                          "Actual Startup Time": 155.921,
                          "Actual Total Time": 378.955,
                          "Actual Rows": 263284,
                          "Actual Loops": 4,
                          "Inner Unique": true,
                          "Hash Cond": "(mc.movie_id = t.id)",
                          "Plans": [
                            {
                              "Node Type": "Seq Scan",
                              "Parent Relationship": "Outer",
                              "Parallel Aware": true,
                              "Relation Name": "movie_companies",
                              "Alias": "mc",
                              "Startup Cost": 0.0,
                              "Total Cost": 27206.55,
                              "Plan Rows": 841655,
                              "Plan Width": 4,
                              "Actual Startup Time": 0.021,
                              "Actual Total Time": 65.932,
                              "Actual Rows": 652282,
                              "Actual Loops": 4
                            },
                            {
                              "Node Type": "Hash",
                              "Parent Relationship": "Inner",
                              "Parallel Aware": true,
                              "Startup Cost": 45479.1,
                              "Total Cost": 45479.1,
                              "Plan Rows": 104810,
                              "Plan Width": 4,
                              "Actual Startup Time": 153.88,
                              "Actual Total Time": 153.881,
                              "Actual Rows": 129492,
                              "Actual Loops": 4,
                              "Hash Buckets": 524288,
                              "Original Hash Buckets": 524288,
                              "Hash Batches": 1,
                              "Original Hash Batches": 1,
                              "Peak Memory Usage": 24448,
                              "Plans": [
                                {
                                  "Node Type": "Seq Scan",
                                  "Parent Relationship": "Outer",
                                  "Parallel Aware": true,
                                  "Relation Name": "title",
                                  "Alias": "t",
                                  "Startup Cost": 0.0,
                                  "Total Cost": 45479.1,
                                  "Plan Rows": 104810,
                                  "Plan Width": 4,
                                  "Actual Startup Time": 0.065,
                                  "Actual Total Time": 107.682,
                                  "Actual Rows": 129492,
                                  "Actual Loops": 4,
                                  "Filter": "((kind_id < 7) AND (production_year < 2001))",
                                  "Rows Removed by Filter": 502586
                                }
                              ]
                            }
                          ]
                        }
                      ]
                    }
                  ]
                }
              ]
            }
          ]
        }
      ]
    },
    "Planning Time": 1.42,
    "Triggers": [],
    "Execution Time": 1107.095
  }
]