[
    {
        "Bao": {
            "Bao prediction": 1204.469,
            "Bao recommended hint": "SET enable_mergejoin TO off; "
        }
    },
    {
        "Plan": {
            "Node Type": "Aggregate",
            "Strategy": "Plain",
            "Partial Mode": "Finalize",
            "Parallel Aware": false,
            "Startup Cost": 434307.02,
            "Total Cost": 434307.03,
            "Plan Rows": 1,
            "Plan Width": 8,
            "Actual Startup Time": 2302.969,
            "Actual Total Time": 2331.11,
            "Actual Rows": 1,
            "Actual Loops": 1,
            "Output": [
                "count(*)"
            ],
            "Plans": [
                {
                    "Node Type": "Gather",
                    "Parent Relationship": "Outer",
                    "Parallel Aware": false,
                    "Startup Cost": 434306.39,
                    "Total Cost": 434307.0,
                    "Plan Rows": 6,
                    "Plan Width": 8,
                    "Actual Startup Time": 2292.088,
                    "Actual Total Time": 2331.099,
                    "Actual Rows": 7,
                    "Actual Loops": 1,
                    "Output": [
                        "(PARTIAL count(*))"
                    ],
                    "Workers Planned": 6,
                    "Workers Launched": 6,
                    "Single Copy": false,
                    "Plans": [
                        {
                            "Node Type": "Aggregate",
                            "Strategy": "Plain",
                            "Partial Mode": "Partial",
                            "Parent Relationship": "Outer",
                            "Parallel Aware": false,
                            "Startup Cost": 433306.39,
                            "Total Cost": 433306.4,
                            "Plan Rows": 1,
                            "Plan Width": 8,
                            "Actual Startup Time": 2282.012,
                            "Actual Total Time": 2282.076,
                            "Actual Rows": 1,
                            "Actual Loops": 7,
                            "Output": [
                                "PARTIAL count(*)"
                            ],
                            "Workers": [
                                {
                                    "Worker Number": 0,
                                    "Actual Startup Time": 2280.01,
                                    "Actual Total Time": 2280.014,
                                    "Actual Rows": 1,
                                    "Actual Loops": 1
                                },
                                {
                                    "Worker Number": 1,
                                    "Actual Startup Time": 2280.585,
                                    "Actual Total Time": 2280.589,
                                    "Actual Rows": 1,
                                    "Actual Loops": 1
                                },
                                {
                                    "Worker Number": 2,
                                    "Actual Startup Time": 2280.017,
                                    "Actual Total Time": 2280.021,
                                    "Actual Rows": 1,
                                    "Actual Loops": 1
                                },
                                {
                                    "Worker Number": 3,
                                    "Actual Startup Time": 2280.861,
                                    "Actual Total Time": 2280.865,
                                    "Actual Rows": 1,
                                    "Actual Loops": 1
                                },
                                {
                                    "Worker Number": 4,
                                    "Actual Startup Time": 2280.749,
                                    "Actual Total Time": 2280.754,
                                    "Actual Rows": 1,
                                    "Actual Loops": 1
                                },
                                {
                                    "Worker Number": 5,
                                    "Actual Startup Time": 2280.78,
                                    "Actual Total Time": 2280.784,
                                    "Actual Rows": 1,
                                    "Actual Loops": 1
                                }
                            ],
                            "Plans": [
                                {
                                    "Node Type": "Hash Join",
                                    "Parent Relationship": "Outer",
                                    "Parallel Aware": true,
                                    "Join Type": "Inner",
                                    "Startup Cost": 91887.89,
                                    "Total Cost": 430838.52,
                                    "Plan Rows": 987149,
                                    "Plan Width": 0,
                                    "Actual Startup Time": 337.233,
                                    "Actual Total Time": 2113.273,
                                    "Actual Rows": 2813604,
                                    "Actual Loops": 7,
                                    "Inner Unique": false,
                                    "Hash Cond": "(ci.movie_id = t.id)",
                                    "Workers": [
                                        {
                                            "Worker Number": 0,
                                            "Actual Startup Time": 335.3,
                                            "Actual Total Time": 2113.972,
                                            "Actual Rows": 2816914,
                                            "Actual Loops": 1
                                        },
                                        {
                                            "Worker Number": 1,
                                            "Actual Startup Time": 335.423,
                                            "Actual Total Time": 2114.284,
                                            "Actual Rows": 2777958,
                                            "Actual Loops": 1
                                        },
                                        {
                                            "Worker Number": 2,
                                            "Actual Startup Time": 335.29,
                                            "Actual Total Time": 2113.952,
                                            "Actual Rows": 2701824,
                                            "Actual Loops": 1
                                        },
                                        {
                                            "Worker Number": 3,
                                            "Actual Startup Time": 336.16,
                                            "Actual Total Time": 2114.59,
                                            "Actual Rows": 2723450,
                                            "Actual Loops": 1
                                        },
                                        {
                                            "Worker Number": 4,
                                            "Actual Startup Time": 336.105,
                                            "Actual Total Time": 2116.201,
                                            "Actual Rows": 2920356,
                                            "Actual Loops": 1
                                        },
                                        {
                                            "Worker Number": 5,
                                            "Actual Startup Time": 336.028,
                                            "Actual Total Time": 2118.414,
                                            "Actual Rows": 2873452,
                                            "Actual Loops": 1
                                        }
                                    ],
                                    "Plans": [
                                        {
                                            "Node Type": "Seq Scan",
                                            "Parent Relationship": "Outer",
                                            "Parallel Aware": true,
                                            "Relation Name": "cast_info",
                                            "Schema": "public",
                                            "Alias": "ci",
                                            "Startup Cost": 0.0,
                                            "Total Cost": 313108.29,
                                            "Plan Rows": 6042129,
                                            "Plan Width": 4,
                                            "Actual Startup Time": 0.028,
                                            "Actual Total Time": 623.439,
                                            "Actual Rows": 5177763,
                                            "Actual Loops": 7,
                                            "Output": [
                                                "ci.id",
                                                "ci.person_id",
                                                "ci.movie_id",
                                                "ci.person_role_id",
                                                "ci.note",
                                                "ci.nr_order",
                                                "ci.role_id"
                                            ],
                                            "Workers": [
                                                {
                                                    "Worker Number": 0,
                                                    "Actual Startup Time": 0.027,
                                                    "Actual Total Time": 626.349,
                                                    "Actual Rows": 5168860,
                                                    "Actual Loops": 1
                                                },
                                                {
                                                    "Worker Number": 1,
                                                    "Actual Startup Time": 0.038,
                                                    "Actual Total Time": 628.145,
                                                    "Actual Rows": 5110366,
                                                    "Actual Loops": 1
                                                },
                                                {
                                                    "Worker Number": 2,
                                                    "Actual Startup Time": 0.031,
                                                    "Actual Total Time": 625.536,
                                                    "Actual Rows": 4913407,
                                                    "Actual Loops": 1
                                                },
                                                {
                                                    "Worker Number": 3,
                                                    "Actual Startup Time": 0.032,
                                                    "Actual Total Time": 642.408,
                                                    "Actual Rows": 4888759,
                                                    "Actual Loops": 1
                                                },
                                                {
                                                    "Worker Number": 4,
                                                    "Actual Startup Time": 0.028,
                                                    "Actual Total Time": 646.063,
                                                    "Actual Rows": 5387460,
                                                    "Actual Loops": 1
                                                },
                                                {
                                                    "Worker Number": 5,
                                                    "Actual Startup Time": 0.031,
                                                    "Actual Total Time": 648.61,
                                                    "Actual Rows": 5384810,
                                                    "Actual Loops": 1
                                                }
                                            ]
                                        },
                                        {
                                            "Node Type": "Hash",
                                            "Parent Relationship": "Inner",
                                            "Parallel Aware": true,
                                            "Startup Cost": 90222.27,
                                            "Total Cost": 90222.27,
                                            "Plan Rows": 133249,
                                            "Plan Width": 8,
                                            "Actual Startup Time": 334.731,
                                            "Actual Total Time": 334.793,
                                            "Actual Rows": 78597,
                                            "Actual Loops": 7,
                                            "Output": [
                                                "t.id",
                                                "mk.movie_id"
                                            ],
                                            "Hash Buckets": 1048576,
                                            "Original Hash Buckets": 524288,
                                            "Hash Batches": 1,
                                            "Original Hash Batches": 1,
                                            "Peak Memory Usage": 33920,
                                            "Workers": [
                                                {
                                                    "Worker Number": 0,
                                                    "Actual Startup Time": 334.484,
                                                    "Actual Total Time": 334.486,
                                                    "Actual Rows": 77437,
                                                    "Actual Loops": 1
                                                },
                                                {
                                                    "Worker Number": 1,
                                                    "Actual Startup Time": 334.568,
                                                    "Actual Total Time": 334.571,
                                                    "Actual Rows": 75715,
                                                    "Actual Loops": 1
                                                },
                                                {
                                                    "Worker Number": 2,
                                                    "Actual Startup Time": 334.495,
                                                    "Actual Total Time": 334.498,
                                                    "Actual Rows": 77264,
                                                    "Actual Loops": 1
                                                },
                                                {
                                                    "Worker Number": 3,
                                                    "Actual Startup Time": 335.299,
                                                    "Actual Total Time": 335.302,
                                                    "Actual Rows": 77263,
                                                    "Actual Loops": 1
                                                },
                                                {
                                                    "Worker Number": 4,
                                                    "Actual Startup Time": 335.091,
                                                    "Actual Total Time": 335.095,
                                                    "Actual Rows": 75662,
                                                    "Actual Loops": 1
                                                },
                                                {
                                                    "Worker Number": 5,
                                                    "Actual Startup Time": 335.25,
                                                    "Actual Total Time": 335.253,
                                                    "Actual Rows": 78282,
                                                    "Actual Loops": 1
                                                }
                                            ],
                                            "Plans": [
                                                {
                                                    "Node Type": "Hash Join",
                                                    "Parent Relationship": "Outer",
                                                    "Parallel Aware": true,
                                                    "Join Type": "Inner",
                                                    "Startup Cost": 46438.28,
                                                    "Total Cost": 90222.27,
                                                    "Plan Rows": 133249,
                                                    "Plan Width": 8,
                                                    "Actual Startup Time": 161.961,
                                                    "Actual Total Time": 287.0,
                                                    "Actual Rows": 78597,
                                                    "Actual Loops": 7,
                                                    "Output": [
                                                        "t.id",
                                                        "mk.movie_id"
                                                    ],
                                                    "Inner Unique": true,
                                                    "Hash Cond": "(mk.movie_id = t.id)",
                                                    "Workers": [
                                                        {
                                                            "Worker Number": 0,
                                                            "Actual Startup Time": 161.978,
                                                            "Actual Total Time": 288.826,
                                                            "Actual Rows": 77437,
                                                            "Actual Loops": 1
                                                        },
                                                        {
                                                            "Worker Number": 1,
                                                            "Actual Startup Time": 161.886,
                                                            "Actual Total Time": 286.305,
                                                            "Actual Rows": 75715,
                                                            "Actual Loops": 1
                                                        },
                                                        {
                                                            "Worker Number": 2,
                                                            "Actual Startup Time": 161.979,
                                                            "Actual Total Time": 287.591,
                                                            "Actual Rows": 77264,
                                                            "Actual Loops": 1
                                                        },
                                                        {
                                                            "Worker Number": 3,
                                                            "Actual Startup Time": 161.957,
                                                            "Actual Total Time": 285.72,
                                                            "Actual Rows": 77263,
                                                            "Actual Loops": 1
                                                        },
                                                        {
                                                            "Worker Number": 4,
                                                            "Actual Startup Time": 161.877,
                                                            "Actual Total Time": 286.293,
                                                            "Actual Rows": 75662,
                                                            "Actual Loops": 1
                                                        },
                                                        {
                                                            "Worker Number": 5,
                                                            "Actual Startup Time": 161.969,
                                                            "Actual Total Time": 288.36,
                                                            "Actual Rows": 78282,
                                                            "Actual Loops": 1
                                                        }
                                                    ],
                                                    "Plans": [
                                                        {
                                                            "Node Type": "Seq Scan",
                                                            "Parent Relationship": "Outer",
                                                            "Parallel Aware": true,
                                                            "Relation Name": "movie_keyword",
                                                            "Schema": "public",
                                                            "Alias": "mk",
                                                            "Startup Cost": 0.0,
                                                            "Total Cost": 42695.65,
                                                            "Plan Rows": 414605,
                                                            "Plan Width": 4,
                                                            "Actual Startup Time": 0.809,
                                                            "Actual Total Time": 83.697,
                                                            "Actual Rows": 180131,
                                                            "Actual Loops": 7,
                                                            "Output": [
                                                                "mk.id",
                                                                "mk.movie_id",
                                                                "mk.keyword_id"
                                                            ],
                                                            "Filter": "(mk.keyword_id > 14219)",
                                                            "Rows Removed by Filter": 466145,
                                                            "Workers": [
                                                                {
                                                                    "Worker Number": 0,
                                                                    "Actual Startup Time": 0.824,
                                                                    "Actual Total Time": 85.764,
                                                                    "Actual Rows": 180499,
                                                                    "Actual Loops": 1
                                                                },
                                                                {
                                                                    "Worker Number": 1,
                                                                    "Actual Startup Time": 0.833,
                                                                    "Actual Total Time": 84.644,
                                                                    "Actual Rows": 173579,
                                                                    "Actual Loops": 1
                                                                },
                                                                {
                                                                    "Worker Number": 2,
                                                                    "Actual Startup Time": 0.848,
                                                                    "Actual Total Time": 85.107,
                                                                    "Actual Rows": 178887,
                                                                    "Actual Loops": 1
                                                                },
                                                                {
                                                                    "Worker Number": 3,
                                                                    "Actual Startup Time": 0.835,
                                                                    "Actual Total Time": 83.642,
                                                                    "Actual Rows": 173651,
                                                                    "Actual Loops": 1
                                                                },
                                                                {
                                                                    "Worker Number": 4,
                                                                    "Actual Startup Time": 0.719,
                                                                    "Actual Total Time": 83.78,
                                                                    "Actual Rows": 173821,
                                                                    "Actual Loops": 1
                                                                },
                                                                {
                                                                    "Worker Number": 5,
                                                                    "Actual Startup Time": 0.798,
                                                                    "Actual Total Time": 85.235,
                                                                    "Actual Rows": 177408,
                                                                    "Actual Loops": 1
                                                                }
                                                            ]
                                                        },
                                                        {
                                                            "Node Type": "Hash",
                                                            "Parent Relationship": "Inner",
                                                            "Parallel Aware": true,
                                                            "Startup Cost": 43899.01,
                                                            "Total Cost": 43899.01,
                                                            "Plan Rows": 203142,
                                                            "Plan Width": 4,
                                                            "Actual Startup Time": 159.167,
                                                            "Actual Total Time": 159.168,
                                                            "Actual Rows": 116101,
                                                            "Actual Loops": 7,
                                                            "Output": [
                                                                "t.id"
                                                            ],
                                                            "Hash Buckets": 1048576,
                                                            "Original Hash Buckets": 1048576,
                                                            "Hash Batches": 1,
                                                            "Original Hash Batches": 1,
                                                            "Peak Memory Usage": 40128,
                                                            "Workers": [
                                                                {
                                                                    "Worker Number": 0,
                                                                    "Actual Startup Time": 160.938,
                                                                    "Actual Total Time": 160.939,
                                                                    "Actual Rows": 108090,
                                                                    "Actual Loops": 1
                                                                },
                                                                {
                                                                    "Worker Number": 1,
                                                                    "Actual Startup Time": 160.911,
                                                                    "Actual Total Time": 160.912,
                                                                    "Actual Rows": 108128,
                                                                    "Actual Loops": 1
                                                                },
                                                                {
                                                                    "Worker Number": 2,
                                                                    "Actual Startup Time": 161.051,
                                                                    "Actual Total Time": 161.053,
                                                                    "Actual Rows": 108277,
                                                                    "Actual Loops": 1
                                                                },
                                                                {
                                                                    "Worker Number": 3,
                                                                    "Actual Startup Time": 160.999,
                                                                    "Actual Total Time": 160.999,
                                                                    "Actual Rows": 106588,
                                                                    "Actual Loops": 1
                                                                },
                                                                {
                                                                    "Worker Number": 4,
                                                                    "Actual Startup Time": 160.884,
                                                                    "Actual Total Time": 160.886,
                                                                    "Actual Rows": 108077,
                                                                    "Actual Loops": 1
                                                                },
                                                                {
                                                                    "Worker Number": 5,
                                                                    "Actual Startup Time": 161.007,
                                                                    "Actual Total Time": 161.009,
                                                                    "Actual Rows": 108382,
                                                                    "Actual Loops": 1
                                                                }
                                                            ],
                                                            "Plans": [
                                                                {
                                                                    "Node Type": "Seq Scan",
                                                                    "Parent Relationship": "Outer",
                                                                    "Parallel Aware": true,
                                                                    "Relation Name": "title",
                                                                    "Schema": "public",
                                                                    "Alias": "t",
                                                                    "Startup Cost": 0.0,
                                                                    "Total Cost": 43899.01,
                                                                    "Plan Rows": 203142,
                                                                    "Plan Width": 4,
                                                                    "Actual Startup Time": 0.054,
                                                                    "Actual Total Time": 92.203,
                                                                    "Actual Rows": 116101,
                                                                    "Actual Loops": 7,
                                                                    "Output": [
                                                                        "t.id"
                                                                    ],
                                                                    "Filter": "(t.production_year < 1995)",
                                                                    "Rows Removed by Filter": 245087,
                                                                    "Workers": [
                                                                        {
                                                                            "Worker Number": 0,
                                                                            "Actual Startup Time": 0.081,
                                                                            "Actual Total Time": 93.497,
                                                                            "Actual Rows": 108090,
                                                                            "Actual Loops": 1
                                                                        },
                                                                        {
                                                                            "Worker Number": 1,
                                                                            "Actual Startup Time": 0.071,
                                                                            "Actual Total Time": 93.375,
                                                                            "Actual Rows": 108128,
                                                                            "Actual Loops": 1
                                                                        },
                                                                        {
                                                                            "Worker Number": 2,
                                                                            "Actual Startup Time": 0.046,
                                                                            "Actual Total Time": 93.177,
                                                                            "Actual Rows": 108277,
                                                                            "Actual Loops": 1
                                                                        },
                                                                        {
                                                                            "Worker Number": 3,
                                                                            "Actual Startup Time": 0.048,
                                                                            "Actual Total Time": 94.136,
                                                                            "Actual Rows": 106588,
                                                                            "Actual Loops": 1
                                                                        },
                                                                        {
                                                                            "Worker Number": 4,
                                                                            "Actual Startup Time": 0.066,
                                                                            "Actual Total Time": 94.35,
                                                                            "Actual Rows": 108077,
                                                                            "Actual Loops": 1
                                                                        },
                                                                        {
                                                                            "Worker Number": 5,
                                                                            "Actual Startup Time": 0.048,
                                                                            "Actual Total Time": 94.585,
                                                                            "Actual Rows": 108382,
                                                                            "Actual Loops": 1
                                                                        }
                                                                    ]
                                                                }
                                                            ]
                                                        }
                                                    ]
                                                }
                                            ]
                                        }
                                    ]
                                }
                            ]
                        }
                    ]
                }
            ]
        },
        "Planning Time": 1568.758,
        "Triggers": [],
        "Execution Time": 2331.229
    }
]