{
  "Plan": {
    "Node Type": "Aggregate",
    "Strategy": "Plain",
    "Partial Mode": "Finalize",
    "Parallel Aware": false,
    "Startup Cost": 320532.31,
    "Total Cost": 320532.32,
    "Plan Rows": 1,
    "Plan Width": 8,
    "Actual Startup Time": 3749.964,
    "Actual Total Time": 3801.624,
    "Actual Rows": 1,
    "Actual Loops": 1,
    "Plans": [
      {
        "Node Type": "Gather",
        "Parent Relationship": "Outer",
        "Parallel Aware": false,
        "Startup Cost": 320532.2,
        "Total Cost": 320532.31,
        "Plan Rows": 1,
        "Plan Width": 8,
        "Actual Startup Time": 3738.792,
        "Actual Total Time": 3801.615,
        "Actual Rows": 2,
        "Actual Loops": 1,
        "Workers Planned": 1,
        "Workers Launched": 1,
        "Single Copy": false,
        "Plans": [
          {
            "Node Type": "Aggregate",
            "Strategy": "Plain",
            "Partial Mode": "Partial",
            "Parent Relationship": "Outer",
            "Parallel Aware": false,
            "Startup Cost": 319532.2,
            "Total Cost": 319532.21,
            "Plan Rows": 1,
            "Plan Width": 8,
            "Actual Startup Time": 3726.468,
            "Actual Total Time": 3729.36,
            "Actual Rows": 1,
            "Actual Loops": 2,
            "Plans": [
              {
                "Node Type": "Hash Join",
                "Parent Relationship": "Outer",
                "Parallel Aware": true,
                "Join Type": "Inner",
                "Startup Cost": 227708.25,
                "Total Cost": 312375.94,
                "Plan Rows": 2862502,
                "Plan Width": 0,
                "Actual Startup Time": 2631.197,
                "Actual Total Time": 3490.906,
                "Actual Rows": 5819408,
                "Actual Loops": 2,
                "Inner Unique": false,
                "Hash Cond": "(mk.movie_id = t.id)",
                "Plans": [
                  {
                    "Node Type": "Seq Scan",
                    "Parent Relationship": "Outer",
                    "Parallel Aware": true,
                    "Relation Name": "movie_keyword",
                    "Alias": "mk",
                    "Startup Cost": 0.0,
                    "Total Cost": 57718.19,
                    "Plan Rows": 2022250,
                    "Plan Width": 4,
                    "Actual Startup Time": 0.104,
                    "Actual Total Time": 202.796,
                    "Actual Rows": 1710812,
                    "Actual Loops": 2,
                    "Filter": "(keyword_id > 1132)",
                    "Rows Removed by Filter": 551152
                  },
                  {
                    "Node Type": "Hash",
                    "Parent Relationship": "Inner",
                    "Parallel Aware": true,
                    "Startup Cost": 201393.49,
                    "Total Cost": 201393.49,
                    "Plan Rows": 2105181,
                    "Plan Width": 8,
                    "Actual Startup Time": 2608.448,
                    "Actual Total Time": 2611.338,
                    "Actual Rows": 1909085,
                    "Actual Loops": 2,
                    "Hash Buckets": 4194304,
                    "Original Hash Buckets": 4194304,
                    "Hash Batches": 1,
                    "Original Hash Batches": 1,
                    "Peak Memory Usage": 182176,
                    "Plans": [
                      {
                        "Node Type": "Hash Join",
                        "Parent Relationship": "Outer",
                        "Parallel Aware": true,
                        "Join Type": "Inner",
                        "Startup Cost": 71029.99,
                        "Total Cost": 201393.49,
                        "Plan Rows": 2105181,
                        "Plan Width": 8,
                        "Actual Startup Time": 563.991,
                        "Actual Total Time": 1960.446,
                        "Actual Rows": 1909085,
                        "Actual Loops": 2,
                        "Inner Unique": true,
                        "Hash Cond": "(ci.movie_id = t.id)",
                        "Plans": [
                          {
                            "Node Type": "Index Scan",
                            "Parent Relationship": "Outer",
                            "Parallel Aware": true,
                            "Scan Direction": "Forward",
                            "Index Name": "role_id_cast_info",
                            "Relation Name": "cast_info",
                            "Alias": "ci",
                            "Startup Cost": 0.56,
                            "Total Cost": 124115.52,
                            "Plan Rows": 2380394,
                            "Plan Width": 4,
                            "Actual Startup Time": 0.167,
                            "Actual Total Time": 345.278,
                            "Actual Rows": 2004018,
                            "Actual Loops": 2,
                            "Index Cond": "(role_id = 3)",
                            "Rows Removed by Index Recheck": 0
                          },
                          {
                            "Node Type": "Hash",
                            "Parent Relationship": "Inner",
                            "Parallel Aware": true,
                            "Startup Cost": 54588.39,
                            "Total Cost": 54588.39,
                            "Plan Rows": 1315283,
                            "Plan Width": 4,
                            "Actual Startup Time": 551.393,
                            "Actual Total Time": 551.395,
                            "Actual Rows": 1112668,
                            "Actual Loops": 2,
                            "Hash Buckets": 4194304,
                            "Original Hash Buckets": 4194304,
                            "Hash Batches": 1,
                            "Original Hash Batches": 1,
                            "Peak Memory Usage": 119872,
                            "Plans": [
                              {
                                "Node Type": "Seq Scan",
                                "Parent Relationship": "Outer",
                                "Parallel Aware": true,
                                "Relation Name": "title",
                                "Alias": "t",
                                "Startup Cost": 0.0,
                                "Total Cost": 54588.39,
                                "Plan Rows": 1315283,
                                "Plan Width": 4,
                                "Actual Startup Time": 0.037,
                                "Actual Total Time": 187.631,
                                "Actual Rows": 1112668,
                                "Actual Loops": 2,
                                "Filter": "(production_year > 1958)",
                                "Rows Removed by Filter": 151488
                              }
                            ]
                          }
                        ]
                      }
                    ]
                  }
                ]
              }
            ]
          }
        ]
      }
    ]
  },
  "Planning Time": 0.69,
  "Triggers": [],
  "Execution Time": 3801.715
}