{
    "Plan": {
        "Node Type": "Aggregate",
        "Strategy": "Plain",
        "Partial Mode": "Finalize",
        "Parallel Aware": false,
        "Startup Cost": 626768.92,
        "Total Cost": 626768.93,
        "Plan Rows": 1,
        "Plan Width": 8,
        "Actual Startup Time": 10022.207,
        "Actual Total Time": 10094.129,
        "Actual Rows": 1,
        "Actual Loops": 1,
        "Output": [
            "count(*)"
        ],
        "Plans": [
            {
                "Node Type": "Gather",
                "Parent Relationship": "Outer",
                "Parallel Aware": false,
                "Startup Cost": 626768.29,
                "Total Cost": 626768.9,
                "Plan Rows": 6,
                "Plan Width": 8,
                "Actual Startup Time": 9996.204,
                "Actual Total Time": 10094.116,
                "Actual Rows": 7,
                "Actual Loops": 1,
                "Output": [
                    "(PARTIAL count(*))"
                ],
                "Workers Planned": 6,
                "Workers Launched": 6,
                "Single Copy": false,
                "Plans": [
                    {
                        "Node Type": "Aggregate",
                        "Strategy": "Plain",
                        "Partial Mode": "Partial",
                        "Parent Relationship": "Outer",
                        "Parallel Aware": false,
                        "Startup Cost": 625768.29,
                        "Total Cost": 625768.3,
                        "Plan Rows": 1,
                        "Plan Width": 8,
                        "Actual Startup Time": 9942.421,
                        "Actual Total Time": 9942.919,
                        "Actual Rows": 1,
                        "Actual Loops": 7,
                        "Output": [
                            "PARTIAL count(*)"
                        ],
                        "Workers": [
                            {
                                "Worker Number": 0,
                                "Actual Startup Time": 9932.438,
                                "Actual Total Time": 9932.443,
                                "Actual Rows": 1,
                                "Actual Loops": 1
                            },
                            {
                                "Worker Number": 1,
                                "Actual Startup Time": 9932.48,
                                "Actual Total Time": 9932.485,
                                "Actual Rows": 1,
                                "Actual Loops": 1
                            },
                            {
                                "Worker Number": 2,
                                "Actual Startup Time": 9932.234,
                                "Actual Total Time": 9932.239,
                                "Actual Rows": 1,
                                "Actual Loops": 1
                            },
                            {
                                "Worker Number": 3,
                                "Actual Startup Time": 9932.746,
                                "Actual Total Time": 9932.75,
                                "Actual Rows": 1,
                                "Actual Loops": 1
                            },
                            {
                                "Worker Number": 4,
                                "Actual Startup Time": 9938.954,
                                "Actual Total Time": 9938.958,
                                "Actual Rows": 1,
                                "Actual Loops": 1
                            },
                            {
                                "Worker Number": 5,
                                "Actual Startup Time": 9932.908,
                                "Actual Total Time": 9932.912,
                                "Actual Rows": 1,
                                "Actual Loops": 1
                            }
                        ],
                        "Plans": [
                            {
                                "Node Type": "Hash Join",
                                "Parent Relationship": "Outer",
                                "Parallel Aware": true,
                                "Join Type": "Inner",
                                "Startup Cost": 258141.88,
                                "Total Cost": 608068.21,
                                "Plan Rows": 7080031,
                                "Plan Width": 0,
                                "Actual Startup Time": 1392.253,
                                "Actual Total Time": 8323.369,
                                "Actual Rows": 40096920,
                                "Actual Loops": 7,
                                "Inner Unique": false,
                                "Hash Cond": "(ci.movie_id = t.id)",
                                "Workers": [
                                    {
                                        "Worker Number": 0,
                                        "Actual Startup Time": 1383.296,
                                        "Actual Total Time": 8291.478,
                                        "Actual Rows": 38652747,
                                        "Actual Loops": 1
                                    },
                                    {
                                        "Worker Number": 1,
                                        "Actual Startup Time": 1383.145,
                                        "Actual Total Time": 8259.842,
                                        "Actual Rows": 37586003,
                                        "Actual Loops": 1
                                    },
                                    {
                                        "Worker Number": 2,
                                        "Actual Startup Time": 1383.037,
                                        "Actual Total Time": 8357.43,
                                        "Actual Rows": 41482495,
                                        "Actual Loops": 1
                                    },
                                    {
                                        "Worker Number": 3,
                                        "Actual Startup Time": 1383.416,
                                        "Actual Total Time": 8352.879,
                                        "Actual Rows": 40963215,
                                        "Actual Loops": 1
                                    },
                                    {
                                        "Worker Number": 4,
                                        "Actual Startup Time": 1383.431,
                                        "Actual Total Time": 8362.922,
                                        "Actual Rows": 41037152,
                                        "Actual Loops": 1
                                    },
                                    {
                                        "Worker Number": 5,
                                        "Actual Startup Time": 1383.557,
                                        "Actual Total Time": 8296.267,
                                        "Actual Rows": 38825332,
                                        "Actual Loops": 1
                                    }
                                ],
                                "Plans": [
                                    {
                                        "Node Type": "Seq Scan",
                                        "Parent Relationship": "Outer",
                                        "Parallel Aware": true,
                                        "Relation Name": "cast_info",
                                        "Schema": "public",
                                        "Alias": "ci",
                                        "Startup Cost": 0.0,
                                        "Total Cost": 313108.29,
                                        "Plan Rows": 6042129,
                                        "Plan Width": 4,
                                        "Actual Startup Time": 0.034,
                                        "Actual Total Time": 574.313,
                                        "Actual Rows": 5177763,
                                        "Actual Loops": 7,
                                        "Output": [
                                            "ci.id",
                                            "ci.person_id",
                                            "ci.movie_id",
                                            "ci.person_role_id",
                                            "ci.note",
                                            "ci.nr_order",
                                            "ci.role_id"
                                        ],
                                        "Workers": [
                                            {
                                                "Worker Number": 0,
                                                "Actual Startup Time": 0.04,
                                                "Actual Total Time": 584.778,
                                                "Actual Rows": 4960431,
                                                "Actual Loops": 1
                                            },
                                            {
                                                "Worker Number": 1,
                                                "Actual Startup Time": 0.039,
                                                "Actual Total Time": 617.442,
                                                "Actual Rows": 4833781,
                                                "Actual Loops": 1
                                            },
                                            {
                                                "Worker Number": 2,
                                                "Actual Startup Time": 0.035,
                                                "Actual Total Time": 582.538,
                                                "Actual Rows": 5332514,
                                                "Actual Loops": 1
                                            },
                                            {
                                                "Worker Number": 3,
                                                "Actual Startup Time": 0.041,
                                                "Actual Total Time": 620.515,
                                                "Actual Rows": 5291890,
                                                "Actual Loops": 1
                                            },
                                            {
                                                "Worker Number": 4,
                                                "Actual Startup Time": 0.033,
                                                "Actual Total Time": 590.673,
                                                "Actual Rows": 5324704,
                                                "Actual Loops": 1
                                            },
                                            {
                                                "Worker Number": 5,
                                                "Actual Startup Time": 0.038,
                                                "Actual Total Time": 594.656,
                                                "Actual Rows": 5000287,
                                                "Actual Loops": 1
                                            }
                                        ]
                                    },
                                    {
                                        "Node Type": "Hash",
                                        "Parent Relationship": "Inner",
                                        "Parallel Aware": true,
                                        "Startup Cost": 250735.3,
                                        "Total Cost": 250735.3,
                                        "Plan Rows": 592526,
                                        "Plan Width": 8,
                                        "Actual Startup Time": 1380.978,
                                        "Actual Total Time": 1381.475,
                                        "Actual Rows": 874720,
                                        "Actual Loops": 7,
                                        "Output": [
                                            "t.id",
                                            "mi.movie_id"
                                        ],
                                        "Hash Buckets": 8388608,
                                        "Original Hash Buckets": 4194304,
                                        "Hash Batches": 1,
                                        "Original Hash Batches": 1,
                                        "Peak Memory Usage": 338016,
                                        "Workers": [
                                            {
                                                "Worker Number": 0,
                                                "Actual Startup Time": 1382.555,
                                                "Actual Total Time": 1382.558,
                                                "Actual Rows": 690586,
                                                "Actual Loops": 1
                                            },
                                            {
                                                "Worker Number": 1,
                                                "Actual Startup Time": 1382.267,
                                                "Actual Total Time": 1382.27,
                                                "Actual Rows": 664237,
                                                "Actual Loops": 1
                                            },
                                            {
                                                "Worker Number": 2,
                                                "Actual Startup Time": 1382.268,
                                                "Actual Total Time": 1382.271,
                                                "Actual Rows": 956486,
                                                "Actual Loops": 1
                                            },
                                            {
                                                "Worker Number": 3,
                                                "Actual Startup Time": 1382.847,
                                                "Actual Total Time": 1382.85,
                                                "Actual Rows": 887703,
                                                "Actual Loops": 1
                                            },
                                            {
                                                "Worker Number": 4,
                                                "Actual Startup Time": 1382.673,
                                                "Actual Total Time": 1382.675,
                                                "Actual Rows": 967063,
                                                "Actual Loops": 1
                                            },
                                            {
                                                "Worker Number": 5,
                                                "Actual Startup Time": 1382.687,
                                                "Actual Total Time": 1382.69,
                                                "Actual Rows": 889185,
                                                "Actual Loops": 1
                                            }
                                        ],
                                        "Plans": [
                                            {
                                                "Node Type": "Hash Join",
                                                "Parent Relationship": "Outer",
                                                "Parallel Aware": true,
                                                "Join Type": "Inner",
                                                "Startup Cost": 45996.98,
                                                "Total Cost": 250735.3,
                                                "Plan Rows": 592526,
                                                "Plan Width": 8,
                                                "Actual Startup Time": 183.785,
                                                "Actual Total Time": 915.53,
                                                "Actual Rows": 874720,
                                                "Actual Loops": 7,
                                                "Output": [
                                                    "t.id",
                                                    "mi.movie_id"
                                                ],
                                                "Inner Unique": true,
                                                "Hash Cond": "(mi.movie_id = t.id)",
                                                "Workers": [
                                                    {
                                                        "Worker Number": 0,
                                                        "Actual Startup Time": 183.844,
                                                        "Actual Total Time": 919.697,
                                                        "Actual Rows": 690586,
                                                        "Actual Loops": 1
                                                    },
                                                    {
                                                        "Worker Number": 1,
                                                        "Actual Startup Time": 183.73,
                                                        "Actual Total Time": 924.805,
                                                        "Actual Rows": 664237,
                                                        "Actual Loops": 1
                                                    },
                                                    {
                                                        "Worker Number": 2,
                                                        "Actual Startup Time": 183.754,
                                                        "Actual Total Time": 913.201,
                                                        "Actual Rows": 956486,
                                                        "Actual Loops": 1
                                                    },
                                                    {
                                                        "Worker Number": 3,
                                                        "Actual Startup Time": 183.843,
                                                        "Actual Total Time": 920.239,
                                                        "Actual Rows": 887703,
                                                        "Actual Loops": 1
                                                    },
                                                    {
                                                        "Worker Number": 4,
                                                        "Actual Startup Time": 183.73,
                                                        "Actual Total Time": 913.786,
                                                        "Actual Rows": 967063,
                                                        "Actual Loops": 1
                                                    },
                                                    {
                                                        "Worker Number": 5,
                                                        "Actual Startup Time": 183.719,
                                                        "Actual Total Time": 916.397,
                                                        "Actual Rows": 889185,
                                                        "Actual Loops": 1
                                                    }
                                                ],
                                                "Plans": [
                                                    {
                                                        "Node Type": "Seq Scan",
                                                        "Parent Relationship": "Outer",
                                                        "Parallel Aware": true,
                                                        "Relation Name": "movie_info",
                                                        "Schema": "public",
                                                        "Alias": "mi",
                                                        "Startup Cost": 0.0,
                                                        "Total Cost": 198880.74,
                                                        "Plan Rows": 2231456,
                                                        "Plan Width": 4,
                                                        "Actual Startup Time": 0.039,
                                                        "Actual Total Time": 347.385,
                                                        "Actual Rows": 1601535,
                                                        "Actual Loops": 7,
                                                        "Output": [
                                                            "mi.id",
                                                            "mi.movie_id",
                                                            "mi.info_type_id",
                                                            "mi.info",
                                                            "mi.note"
                                                        ],
                                                        "Filter": "(mi.info_type_id > 3)",
                                                        "Rows Removed by Filter": 517854,
                                                        "Workers": [
                                                            {
                                                                "Worker Number": 0,
                                                                "Actual Startup Time": 0.048,
                                                                "Actual Total Time": 366.75,
                                                                "Actual Rows": 1256851,
                                                                "Actual Loops": 1
                                                            },
                                                            {
                                                                "Worker Number": 1,
                                                                "Actual Startup Time": 0.057,
                                                                "Actual Total Time": 370.229,
                                                                "Actual Rows": 1194217,
                                                                "Actual Loops": 1
                                                            },
                                                            {
                                                                "Worker Number": 2,
                                                                "Actual Startup Time": 0.036,
                                                                "Actual Total Time": 346.07,
                                                                "Actual Rows": 1729945,
                                                                "Actual Loops": 1
                                                            },
                                                            {
                                                                "Worker Number": 3,
                                                                "Actual Startup Time": 0.054,
                                                                "Actual Total Time": 353.686,
                                                                "Actual Rows": 1588488,
                                                                "Actual Loops": 1
                                                            },
                                                            {
                                                                "Worker Number": 4,
                                                                "Actual Startup Time": 0.036,
                                                                "Actual Total Time": 345.171,
                                                                "Actual Rows": 1757763,
                                                                "Actual Loops": 1
                                                            },
                                                            {
                                                                "Worker Number": 5,
                                                                "Actual Startup Time": 0.031,
                                                                "Actual Total Time": 354.634,
                                                                "Actual Rows": 1646150,
                                                                "Actual Loops": 1
                                                            }
                                                        ]
                                                    },
                                                    {
                                                        "Node Type": "Hash",
                                                        "Parent Relationship": "Inner",
                                                        "Parallel Aware": true,
                                                        "Startup Cost": 43899.01,
                                                        "Total Cost": 43899.01,
                                                        "Plan Rows": 167838,
                                                        "Plan Width": 4,
                                                        "Actual Startup Time": 163.273,
                                                        "Actual Total Time": 163.274,
                                                        "Actual Rows": 94689,
                                                        "Actual Loops": 7,
                                                        "Output": [
                                                            "t.id"
                                                        ],
                                                        "Hash Buckets": 1048576,
                                                        "Original Hash Buckets": 1048576,
                                                        "Hash Batches": 1,
                                                        "Original Hash Batches": 1,
                                                        "Peak Memory Usage": 34240,
                                                        "Workers": [
                                                            {
                                                                "Worker Number": 0,
                                                                "Actual Startup Time": 164.993,
                                                                "Actual Total Time": 164.995,
                                                                "Actual Rows": 73638,
                                                                "Actual Loops": 1
                                                            },
                                                            {
                                                                "Worker Number": 1,
                                                                "Actual Startup Time": 164.947,
                                                                "Actual Total Time": 164.948,
                                                                "Actual Rows": 68535,
                                                                "Actual Loops": 1
                                                            },
                                                            {
                                                                "Worker Number": 2,
                                                                "Actual Startup Time": 164.928,
                                                                "Actual Total Time": 164.929,
                                                                "Actual Rows": 100514,
                                                                "Actual Loops": 1
                                                            },
                                                            {
                                                                "Worker Number": 3,
                                                                "Actual Startup Time": 164.988,
                                                                "Actual Total Time": 164.989,
                                                                "Actual Rows": 78061,
                                                                "Actual Loops": 1
                                                            },
                                                            {
                                                                "Worker Number": 4,
                                                                "Actual Startup Time": 164.893,
                                                                "Actual Total Time": 164.894,
                                                                "Actual Rows": 108195,
                                                                "Actual Loops": 1
                                                            },
                                                            {
                                                                "Worker Number": 5,
                                                                "Actual Startup Time": 164.923,
                                                                "Actual Total Time": 164.924,
                                                                "Actual Rows": 104848,
                                                                "Actual Loops": 1
                                                            }
                                                        ],
                                                        "Plans": [
                                                            {
                                                                "Node Type": "Seq Scan",
                                                                "Parent Relationship": "Outer",
                                                                "Parallel Aware": true,
                                                                "Relation Name": "title",
                                                                "Schema": "public",
                                                                "Alias": "t",
                                                                "Startup Cost": 0.0,
                                                                "Total Cost": 43899.01,
                                                                "Plan Rows": 167838,
                                                                "Plan Width": 4,
                                                                "Actual Startup Time": 39.699,
                                                                "Actual Total Time": 76.969,
                                                                "Actual Rows": 94689,
                                                                "Actual Loops": 7,
                                                                "Output": [
                                                                    "t.id"
                                                                ],
                                                                "Filter": "(t.kind_id = 1)",
                                                                "Rows Removed by Filter": 266498,
                                                                "Workers": [
                                                                    {
                                                                        "Worker Number": 0,
                                                                        "Actual Startup Time": 45.516,
                                                                        "Actual Total Time": 78.326,
                                                                        "Actual Rows": 73638,
                                                                        "Actual Loops": 1
                                                                    },
                                                                    {
                                                                        "Worker Number": 1,
                                                                        "Actual Startup Time": 45.717,
                                                                        "Actual Total Time": 77.412,
                                                                        "Actual Rows": 68535,
                                                                        "Actual Loops": 1
                                                                    },
                                                                    {
                                                                        "Worker Number": 2,
                                                                        "Actual Startup Time": 45.415,
                                                                        "Actual Total Time": 77.341,
                                                                        "Actual Rows": 100514,
                                                                        "Actual Loops": 1
                                                                    },
                                                                    {
                                                                        "Worker Number": 3,
                                                                        "Actual Startup Time": 45.439,
                                                                        "Actual Total Time": 76.978,
                                                                        "Actual Rows": 78061,
                                                                        "Actual Loops": 1
                                                                    },
                                                                    {
                                                                        "Worker Number": 4,
                                                                        "Actual Startup Time": 45.473,
                                                                        "Actual Total Time": 77.631,
                                                                        "Actual Rows": 108195,
                                                                        "Actual Loops": 1
                                                                    },
                                                                    {
                                                                        "Worker Number": 5,
                                                                        "Actual Startup Time": 45.6,
                                                                        "Actual Total Time": 77.233,
                                                                        "Actual Rows": 104848,
                                                                        "Actual Loops": 1
                                                                    }
                                                                ]
                                                            }
                                                        ]
                                                    }
                                                ]
                                            }
                                        ]
                                    }
                                ]
                            }
                        ]
                    }
                ]
            }
        ]
    },
    "Planning Time": 1.648,
    "Triggers": [],
    "Execution Time": 10094.227
}