{
  "Plan": {
    "Node Type": "Aggregate",
    "Strategy": "Plain",
    "Partial Mode": "Finalize",
    "Parallel Aware": false,
    "Startup Cost": 89065.81,
    "Total Cost": 89065.82,
    "Plan Rows": 1,
    "Plan Width": 8,
    "Actual Startup Time": 330.597,
    "Actual Total Time": 346.668,
    "Actual Rows": 1,
    "Actual Loops": 1,
    "Plans": [
      {
        "Node Type": "Gather",
        "Parent Relationship": "Outer",
        "Parallel Aware": false,
        "Startup Cost": 89065.7,
        "Total Cost": 89065.81,
        "Plan Rows": 1,
        "Plan Width": 8,
        "Actual Startup Time": 328.493,
        "Actual Total Time": 346.659,
        "Actual Rows": 2,
        "Actual Loops": 1,
        "Workers Planned": 1,
        "Workers Launched": 1,
        "Single Copy": false,
        "Plans": [
          {
            "Node Type": "Aggregate",
            "Strategy": "Plain",
            "Partial Mode": "Partial",
            "Parent Relationship": "Outer",
            "Parallel Aware": false,
            "Startup Cost": 88065.7,
            "Total Cost": 88065.71,
            "Plan Rows": 1,
            "Plan Width": 8,
            "Actual Startup Time": 322.552,
            "Actual Total Time": 322.555,
            "Actual Rows": 1,
            "Actual Loops": 2,
            "Plans": [
              {
                "Node Type": "Hash Join",
                "Parent Relationship": "Outer",
                "Parallel Aware": true,
                "Join Type": "Inner",
                "Startup Cost": 62024.93,
                "Total Cost": 88047.32,
                "Plan Rows": 7352,
                "Plan Width": 0,
                "Actual Startup Time": 288.111,
                "Actual Total Time": 322.273,
                "Actual Rows": 3618,
                "Actual Loops": 2,
                "Inner Unique": true,
                "Hash Cond": "(mk.movie_id = t.id)",
                "Plans": [
                  {
                    "Node Type": "Bitmap Heap Scan",
                    "Parent Relationship": "Outer",
                    "Parallel Aware": true,
                    "Relation Name": "movie_keyword",
                    "Alias": "mk",
                    "Startup Cost": 737.23,
                    "Total Cost": 26706.06,
                    "Plan Rows": 20402,
                    "Plan Width": 4,
                    "Actual Startup Time": 5.909,
                    "Actual Total Time": 31.074,
                    "Actual Rows": 17355,
                    "Actual Loops": 2,
                    "Recheck Cond": "(keyword_id = 2488)",
                    "Rows Removed by Index Recheck": 0,
                    "Exact Heap Blocks": 9647,
                    "Lossy Heap Blocks": 0,
                    "Plans": [
                      {
                        "Node Type": "Bitmap Index Scan",
                        "Parent Relationship": "Outer",
                        "Parallel Aware": false,
                        "Index Name": "keyword_id_movie_keyword",
                        "Startup Cost": 0.0,
                        "Total Cost": 728.55,
                        "Plan Rows": 34683,
                        "Plan Width": 0,
                        "Actual Startup Time": 3.759,
                        "Actual Total Time": 3.759,
                        "Actual Rows": 34710,
                        "Actual Loops": 1,
                        "Index Cond": "(keyword_id = 2488)"
                      }
                    ]
                  },
                  {
                    "Node Type": "Hash",
                    "Parent Relationship": "Inner",
                    "Parallel Aware": true,
                    "Startup Cost": 54588.39,
                    "Total Cost": 54588.39,
                    "Plan Rows": 535945,
                    "Plan Width": 4,
                    "Actual Startup Time": 272.783,
                    "Actual Total Time": 272.784,
                    "Actual Rows": 452246,
                    "Actual Loops": 2,
                    "Hash Buckets": 1048576,
                    "Original Hash Buckets": 1048576,
                    "Hash Batches": 1,
                    "Original Hash Batches": 1,
                    "Peak Memory Usage": 43616,
                    "Plans": [
                      {
                        "Node Type": "Seq Scan",
                        "Parent Relationship": "Outer",
                        "Parallel Aware": true,
                        "Relation Name": "title",
                        "Alias": "t",
                        "Startup Cost": 0.0,
                        "Total Cost": 54588.39,
                        "Plan Rows": 535945,
                        "Plan Width": 4,
                        "Actual Startup Time": 0.038,
                        "Actual Total Time": 159.395,
                        "Actual Rows": 452246,
                        "Actual Loops": 2,
                        "Filter": "(production_year > 2006)",
                        "Rows Removed by Filter": 811910
                      }
                    ]
                  }
                ]
              }
            ]
          }
        ]
      }
    ]
  },
  "Planning Time": 0.455,
  "Triggers": [],
  "Execution Time": 346.76
}