[
  {
    "Plan": {
      "Node Type": "Aggregate",
      "Strategy": "Plain",
      "Partial Mode": "Finalize",
      "Parallel Aware": false,
      "Startup Cost": 348345.4,
      "Total Cost": 348345.41,
      "Plan Rows": 1,
      "Plan Width": 8,
      "Actual Startup Time": 658.575,
      "Actual Total Time": 709.748,
      "Actual Rows": 1,
      "Actual Loops": 1,
      "Plans": [
        {
          "Node Type": "Gather",
          "Parent Relationship": "Outer",
          "Parallel Aware": false,
          "Startup Cost": 348344.78,
          "Total Cost": 348345.39,
          "Plan Rows": 6,
          "Plan Width": 8,
          "Actual Startup Time": 658.374,
          "Actual Total Time": 709.735,
          "Actual Rows": 7,
          "Actual Loops": 1,
          "Workers Planned": 6,
          "Workers Launched": 6,
          "Single Copy": false,
          "Plans": [
            {
              "Node Type": "Aggregate",
              "Strategy": "Plain",
              "Partial Mode": "Partial",
              "Parent Relationship": "Outer",
              "Parallel Aware": false,
              "Startup Cost": 347344.78,
              "Total Cost": 347344.79,
              "Plan Rows": 1,
              "Plan Width": 8,
              "Actual Startup Time": 647.728,
              "Actual Total Time": 647.729,
              "Actual Rows": 1,
              "Actual Loops": 7,
              "Plans": [
                {
                  "Node Type": "Seq Scan",
                  "Parent Relationship": "Outer",
                  "Parallel Aware": true,
                  "Relation Name": "cast_info",
                  "Alias": "ci",
                  "Startup Cost": 0.0,
                  "Total Cost": 343316.27,
                  "Plan Rows": 1611402,
                  "Plan Width": 0,
                  "Actual Startup Time": 340.966,
                  "Actual Total Time": 611.556,
                  "Actual Rows": 782978,
                  "Actual Loops": 7,
                  "Filter": "((person_id < 2254274) AND (role_id > 2))",
                  "Rows Removed by Filter": 4394786
                }
              ]
            }
          ]
        }
      ]
    },
    "Planning Time": 0.203,
    "Triggers": [],
    "Execution Time": 709.817
  }
]