[
  {
    "Plan": {
      "Node Type": "Aggregate",
      "Strategy": "Plain",
      "Partial Mode": "Finalize",
      "Parallel Aware": false,
      "Startup Cost": 81753.5,
      "Total Cost": 81753.51,
      "Plan Rows": 1,
      "Plan Width": 8,
      "Actual Startup Time": 252.63,
      "Actual Total Time": 282.777,
      "Actual Rows": 1,
      "Actual Loops": 1,
      "Plans": [
        {
          "Node Type": "Gather",
          "Parent Relationship": "Outer",
          "Parallel Aware": false,
          "Startup Cost": 81753.18,
          "Total Cost": 81753.49,
          "Plan Rows": 3,
          "Plan Width": 8,
          "Actual Startup Time": 252.372,
          "Actual Total Time": 282.769,
          "Actual Rows": 4,
          "Actual Loops": 1,
          "Workers Planned": 3,
          "Workers Launched": 3,
          "Single Copy": false,
          "Plans": [
            {
              "Node Type": "Aggregate",
              "Strategy": "Plain",
              "Partial Mode": "Partial",
              "Parent Relationship": "Outer",
              "Parallel Aware": false,
              "Startup Cost": 80753.18,
              "Total Cost": 80753.19,
              "Plan Rows": 1,
              "Plan Width": 8,
              "Actual Startup Time": 243.116,
              "Actual Total Time": 243.12,
              "Actual Rows": 1,
              "Actual Loops": 4,
              "Plans": [
                {
                  "Node Type": "Nested Loop",
                  "Parent Relationship": "Outer",
                  "Parallel Aware": false,
                  "Join Type": "Inner",
                  "Startup Cost": 45555.96,
                  "Total Cost": 80740.65,
                  "Plan Rows": 5014,
                  "Plan Width": 0,
                  "Actual Startup Time": 102.137,
                  "Actual Total Time": 241.934,
                  "Actual Rows": 18185,
                  "Actual Loops": 4,
                  "Inner Unique": false,
                  "Join Filter": "(t.id = mi.movie_id)",
                  "Rows Removed by Join Filter": 0,
                  "Plans": [
                    {
                      "Node Type": "Hash Join",
                      "Parent Relationship": "Outer",
                      "Parallel Aware": true,
                      "Join Type": "Inner",
                      "Startup Cost": 45555.52,
                      "Total Cost": 75345.97,
                      "Plan Rows": 1768,
                      "Plan Width": 8,
                      "Actual Startup Time": 102.058,
                      "Actual Total Time": 177.869,
                      "Actual Rows": 1722,
                      "Actual Loops": 4,
                      "Inner Unique": true,
                      "Hash Cond": "(mc.movie_id = t.id)",
                      "Plans": [
                        {
                          "Node Type": "Seq Scan",
                          "Parent Relationship": "Outer",
                          "Parallel Aware": true,
                          "Relation Name": "movie_companies",
                          "Alias": "mc",
                          "Startup Cost": 0.0,
                          "Total Cost": 29310.68,
                          "Plan Rows": 182766,
                          "Plan Width": 4,
                          "Actual Startup Time": 0.02,
                          "Actual Total Time": 60.426,
                          "Actual Rows": 140420,
                          "Actual Loops": 4,
                          "Filter": "(company_id < 596)",
                          "Rows Removed by Filter": 511863
                        },
                        {
                          "Node Type": "Hash",
                          "Parent Relationship": "Inner",
                          "Parallel Aware": true,
                          "Startup Cost": 45479.1,
                          "Total Cost": 45479.1,
                          "Plan Rows": 6114,
                          "Plan Width": 4,
                          "Actual Startup Time": 100.696,
                          "Actual Total Time": 100.697,
                          "Actual Rows": 5158,
                          "Actual Loops": 4,
                          "Hash Buckets": 32768,
                          "Original Hash Buckets": 32768,
                          "Hash Batches": 1,
                          "Original Hash Batches": 1,
                          "Peak Memory Usage": 1120,
                          "Plans": [
                            {
                              "Node Type": "Seq Scan",
                              "Parent Relationship": "Outer",
                              "Parallel Aware": true,
                              "Relation Name": "title",
                              "Alias": "t",
                              "Startup Cost": 0.0,
                              "Total Cost": 45479.1,
                              "Plan Rows": 6114,
                              "Plan Width": 4,
                              "Actual Startup Time": 0.254,
                              "Actual Total Time": 98.205,
                              "Actual Rows": 5158,
                              "Actual Loops": 4,
                              "Filter": "((kind_id < 7) AND (production_year = 2002))",
                              "Rows Removed by Filter": 626920
                            }
                          ]
                        }
                      ]
                    },
                    {
                      "Node Type": "Index Scan",
                      "Parent Relationship": "Inner",
                      "Parallel Aware": false,
                      "Scan Direction": "Forward",
                      "Index Name": "movie_id_movie_info",
                      "Relation Name": "movie_info",
                      "Alias": "mi",
                      "Startup Cost": 0.43,
                      "Total Cost": 2.8,
                      "Plan Rows": 20,
                      "Plan Width": 4,
                      "Actual Startup Time": 0.011,
                      "Actual Total Time": 0.036,
                      "Actual Rows": 11,
                      "Actual Loops": 6888,
                      "Index Cond": "(movie_id = mc.movie_id)",
                      "Rows Removed by Index Recheck": 0,
                      "Filter": "(info_type_id < 8)",
                      "Rows Removed by Filter": 35
                    }
                  ]
                }
              ]
            }
          ]
        }
      ]
    },
    "Planning Time": 1.503,
    "Triggers": [],
    "Execution Time": 282.871
  }
]