[
  {
    "Plan": {
      "Node Type": "Aggregate",
      "Strategy": "Plain",
      "Partial Mode": "Finalize",
      "Parallel Aware": false,
      "Startup Cost": 31408.71,
      "Total Cost": 31408.72,
      "Plan Rows": 1,
      "Plan Width": 8,
      "Actual Startup Time": 135.462,
      "Actual Total Time": 145.889,
      "Actual Rows": 1,
      "Actual Loops": 1,
      "Plans": [
        {
          "Node Type": "Gather",
          "Parent Relationship": "Outer",
          "Parallel Aware": false,
          "Startup Cost": 31408.39,
          "Total Cost": 31408.7,
          "Plan Rows": 3,
          "Plan Width": 8,
          "Actual Startup Time": 135.207,
          "Actual Total Time": 145.879,
          "Actual Rows": 4,
          "Actual Loops": 1,
          "Workers Planned": 3,
          "Workers Launched": 3,
          "Single Copy": false,
          "Plans": [
            {
              "Node Type": "Aggregate",
              "Strategy": "Plain",
              "Partial Mode": "Partial",
              "Parent Relationship": "Outer",
              "Parallel Aware": false,
              "Startup Cost": 30408.39,
              "Total Cost": 30408.4,
              "Plan Rows": 1,
              "Plan Width": 8,
              "Actual Startup Time": 115.597,
              "Actual Total Time": 115.599,
              "Actual Rows": 1,
              "Actual Loops": 4,
              "Plans": [
                {
                  "Node Type": "Seq Scan",
                  "Parent Relationship": "Outer",
                  "Parallel Aware": true,
                  "Relation Name": "movie_companies",
                  "Alias": "mc",
                  "Startup Cost": 0.0,
                  "Total Cost": 29310.68,
                  "Plan Rows": 439085,
                  "Plan Width": 0,
                  "Actual Startup Time": 21.253,
                  "Actual Total Time": 97.44,
                  "Actual Rows": 337235,
                  "Actual Loops": 4,
                  "Filter": "(company_id > 11180)",
                  "Rows Removed by Filter": 315047
                }
              ]
            }
          ]
        }
      ]
    },
    "Planning Time": 0.236,
    "Triggers": [],
    "Execution Time": 145.953
  }
]