[
  {
    "Plan": {
      "Node Type": "Aggregate",
      "Strategy": "Plain",
      "Partial Mode": "Finalize",
      "Parallel Aware": false,
      "Startup Cost": 30702.21,
      "Total Cost": 30702.22,
      "Plan Rows": 1,
      "Plan Width": 8,
      "Actual Startup Time": 102.663,
      "Actual Total Time": 107.289,
      "Actual Rows": 1,
      "Actual Loops": 1,
      "Plans": [
        {
          "Node Type": "Gather",
          "Parent Relationship": "Outer",
          "Parallel Aware": false,
          "Startup Cost": 30701.89,
          "Total Cost": 30702.2,
          "Plan Rows": 3,
          "Plan Width": 8,
          "Actual Startup Time": 102.434,
          "Actual Total Time": 107.28,
          "Actual Rows": 4,
          "Actual Loops": 1,
          "Workers Planned": 3,
          "Workers Launched": 3,
          "Single Copy": false,
          "Plans": [
            {
              "Node Type": "Aggregate",
              "Strategy": "Plain",
              "Partial Mode": "Partial",
              "Parent Relationship": "Outer",
              "Parallel Aware": false,
              "Startup Cost": 29701.89,
              "Total Cost": 29701.9,
              "Plan Rows": 1,
              "Plan Width": 8,
              "Actual Startup Time": 98.359,
              "Actual Total Time": 98.361,
              "Actual Rows": 1,
              "Actual Loops": 4,
              "Plans": [
                {
                  "Node Type": "Bitmap Heap Scan",
                  "Parent Relationship": "Outer",
                  "Parallel Aware": true,
                  "Relation Name": "movie_companies",
                  "Alias": "mc",
                  "Startup Cost": 8779.05,
                  "Total Cost": 29541.19,
                  "Plan Rows": 64283,
                  "Plan Width": 0,
                  "Actual Startup Time": 38.146,
                  "Actual Total Time": 92.768,
                  "Actual Rows": 77250,
                  "Actual Loops": 4,
                  "Recheck Cond": "(company_id < 258)",
                  "Rows Removed by Index Recheck": 0,
                  "Filter": "(company_type_id = 1)",
                  "Rows Removed by Filter": 23664,
                  "Exact Heap Blocks": 7971,
                  "Lossy Heap Blocks": 0,
                  "Plans": [
                    {
                      "Node Type": "Bitmap Index Scan",
                      "Parent Relationship": "Outer",
                      "Parallel Aware": false,
                      "Index Name": "company_id_movie_companies",
                      "Startup Cost": 0.0,
                      "Total Cost": 8729.24,
                      "Plan Rows": 407574,
                      "Plan Width": 0,
                      "Actual Startup Time": 37.76,
                      "Actual Total Time": 37.761,
                      "Actual Rows": 403659,
                      "Actual Loops": 1,
                      "Index Cond": "(company_id < 258)"
                    }
                  ]
                }
              ]
            }
          ]
        }
      ]
    },
    "Planning Time": 0.202,
    "Triggers": [],
    "Execution Time": 107.359
  }
]