[
  {
    "Plan": {
      "Node Type": "Aggregate",
      "Strategy": "Plain",
      "Partial Mode": "Finalize",
      "Parallel Aware": false,
      "Startup Cost": 246473.68,
      "Total Cost": 246473.69,
      "Plan Rows": 1,
      "Plan Width": 8,
      "Actual Startup Time": 755.867,
      "Actual Total Time": 801.26,
      "Actual Rows": 1,
      "Actual Loops": 1,
      "Plans": [
        {
          "Node Type": "Gather",
          "Parent Relationship": "Outer",
          "Parallel Aware": false,
          "Startup Cost": 246473.16,
          "Total Cost": 246473.67,
          "Plan Rows": 5,
          "Plan Width": 8,
          "Actual Startup Time": 754.453,
          "Actual Total Time": 801.25,
          "Actual Rows": 6,
          "Actual Loops": 1,
          "Workers Planned": 5,
          "Workers Launched": 5,
          "Single Copy": false,
          "Plans": [
            {
              "Node Type": "Aggregate",
              "Strategy": "Plain",
              "Partial Mode": "Partial",
              "Parent Relationship": "Outer",
              "Parallel Aware": false,
              "Startup Cost": 245473.16,
              "Total Cost": 245473.17,
              "Plan Rows": 1,
              "Plan Width": 8,
              "Actual Startup Time": 744.273,
              "Actual Total Time": 744.315,
              "Actual Rows": 1,
              "Actual Loops": 6,
              "Plans": [
                {
                  "Node Type": "Hash Join",
                  "Parent Relationship": "Outer",
                  "Parallel Aware": true,
                  "Join Type": "Inner",
                  "Startup Cost": 45826.44,
                  "Total Cost": 245148.2,
                  "Plan Rows": 129984,
                  "Plan Width": 0,
                  "Actual Startup Time": 96.285,
                  "Actual Total Time": 725.201,
                  "Actual Rows": 425178,
                  "Actual Loops": 6,
                  "Inner Unique": true,
                  "Hash Cond": "(mi.movie_id = t.id)",
                  "Plans": [
                    {
                      "Node Type": "Seq Scan",
                      "Parent Relationship": "Outer",
                      "Parallel Aware": true,
                      "Relation Name": "movie_info",
                      "Alias": "mi",
                      "Startup Cost": 0.0,
                      "Total Cost": 191560.33,
                      "Plan Rows": 2956733,
                      "Plan Width": 4,
                      "Actual Startup Time": 0.027,
                      "Actual Total Time": 295.561,
                      "Actual Rows": 2472620,
                      "Actual Loops": 6
                    },
                    {
                      "Node Type": "Hash",
                      "Parent Relationship": "Inner",
                      "Parallel Aware": true,
                      "Startup Cost": 45479.1,
                      "Total Cost": 45479.1,
                      "Plan Rows": 27787,
                      "Plan Width": 4,
                      "Actual Startup Time": 93.909,
                      "Actual Total Time": 93.91,
                      "Actual Rows": 36230,
                      "Actual Loops": 6,
                      "Hash Buckets": 262144,
                      "Original Hash Buckets": 131072,
                      "Hash Batches": 1,
                      "Original Hash Batches": 1,
                      "Peak Memory Usage": 11648,
                      "Plans": [
                        {
                          "Node Type": "Seq Scan",
                          "Parent Relationship": "Outer",
                          "Parallel Aware": true,
                          "Relation Name": "title",
                          "Alias": "t",
                          "Startup Cost": 0.0,
                          "Total Cost": 45479.1,
                          "Plan Rows": 27787,
                          "Plan Width": 4,
                          "Actual Startup Time": 0.23,
                          "Actual Total Time": 78.253,
                          "Actual Rows": 36230,
                          "Actual Loops": 6,
                          "Filter": "((kind_id < 7) AND (production_year < 1965))",
                          "Rows Removed by Filter": 385156
                        }
                      ]
                    }
                  ]
                }
              ]
            }
          ]
        }
      ]
    },
    "Planning Time": 0.59,
    "Triggers": [],
    "Execution Time": 801.339
  }
]