[
  {
    "Plan": {
      "Node Type": "Aggregate",
      "Strategy": "Plain",
      "Partial Mode": "Finalize",
      "Parallel Aware": false,
      "Startup Cost": 393887.86,
      "Total Cost": 393887.87,
      "Plan Rows": 1,
      "Plan Width": 8,
      "Actual Startup Time": 1129.516,
      "Actual Total Time": 1180.865,
      "Actual Rows": 1,
      "Actual Loops": 1,
      "Plans": [
        {
          "Node Type": "Gather",
          "Parent Relationship": "Outer",
          "Parallel Aware": false,
          "Startup Cost": 393887.23,
          "Total Cost": 393887.84,
          "Plan Rows": 6,
          "Plan Width": 8,
          "Actual Startup Time": 1124.205,
          "Actual Total Time": 1180.838,
          "Actual Rows": 7,
          "Actual Loops": 1,
          "Workers Planned": 6,
          "Workers Launched": 6,
          "Single Copy": false,
          "Plans": [
            {
              "Node Type": "Aggregate",
              "Strategy": "Plain",
              "Partial Mode": "Partial",
              "Parent Relationship": "Outer",
              "Parallel Aware": false,
              "Startup Cost": 392887.23,
              "Total Cost": 392887.24,
              "Plan Rows": 1,
              "Plan Width": 8,
              "Actual Startup Time": 1115.511,
              "Actual Total Time": 1115.515,
              "Actual Rows": 1,
              "Actual Loops": 7,
              "Plans": [
                {
                  "Node Type": "Hash Join",
                  "Parent Relationship": "Outer",
                  "Parallel Aware": true,
                  "Join Type": "Inner",
                  "Startup Cost": 45169.28,
                  "Total Cost": 392302.9,
                  "Plan Rows": 233733,
                  "Plan Width": 0,
                  "Actual Startup Time": 103.339,
                  "Actual Total Time": 1100.802,
                  "Actual Rows": 283768,
                  "Actual Loops": 7,
                  "Inner Unique": true,
                  "Hash Cond": "(ci.movie_id = t.id)",
                  "Plans": [
                    {
                      "Node Type": "Seq Scan",
                      "Parent Relationship": "Outer",
                      "Parallel Aware": true,
                      "Relation Name": "cast_info",
                      "Alias": "ci",
                      "Startup Cost": 0.0,
                      "Total Cost": 343316.27,
                      "Plan Rows": 1454222,
                      "Plan Width": 4,
                      "Actual Startup Time": 0.037,
                      "Actual Total Time": 697.075,
                      "Actual Rows": 1627647,
                      "Actual Loops": 7,
                      "Filter": "((person_id < 1562281) AND (role_id < 3))",
                      "Rows Removed by Filter": 3550117
                    },
                    {
                      "Node Type": "Hash",
                      "Parent Relationship": "Inner",
                      "Parallel Aware": true,
                      "Startup Cost": 43899.32,
                      "Total Cost": 43899.32,
                      "Plan Rows": 101597,
                      "Plan Width": 4,
                      "Actual Startup Time": 101.62,
                      "Actual Total Time": 101.621,
                      "Actual Rows": 60540,
                      "Actual Loops": 7,
                      "Hash Buckets": 524288,
                      "Original Hash Buckets": 524288,
                      "Hash Batches": 1,
                      "Original Hash Batches": 1,
                      "Peak Memory Usage": 20832,
                      "Plans": [
                        {
                          "Node Type": "Seq Scan",
                          "Parent Relationship": "Outer",
                          "Parallel Aware": true,
                          "Relation Name": "title",
                          "Alias": "t",
                          "Startup Cost": 0.0,
                          "Total Cost": 43899.32,
                          "Plan Rows": 101597,
                          "Plan Width": 4,
                          "Actual Startup Time": 0.046,
                          "Actual Total Time": 74.382,
                          "Actual Rows": 60540,
                          "Actual Loops": 7,
                          "Filter": "(production_year < 1974)",
                          "Rows Removed by Filter": 300648
                        }
                      ]
                    }
                  ]
                }
              ]
            }
          ]
        }
      ]
    },
    "Planning Time": 0.548,
    "Triggers": [],
    "Execution Time": 1180.911
  }
]