{
  "Plan": {
    "Node Type": "Aggregate",
    "Strategy": "Plain",
    "Partial Mode": "Finalize",
    "Parallel Aware": false,
    "Startup Cost": 667816.88,
    "Total Cost": 667816.89,
    "Plan Rows": 1,
    "Plan Width": 8,
    "Actual Startup Time": 5281.671,
    "Actual Total Time": 5337.032,
    "Actual Rows": 1,
    "Actual Loops": 1,
    "Plans": [
      {
        "Node Type": "Gather",
        "Parent Relationship": "Outer",
        "Parallel Aware": false,
        "Startup Cost": 667816.77,
        "Total Cost": 667816.88,
        "Plan Rows": 1,
        "Plan Width": 8,
        "Actual Startup Time": 5280.077,
        "Actual Total Time": 5337.022,
        "Actual Rows": 2,
        "Actual Loops": 1,
        "Workers Planned": 1,
        "Workers Launched": 1,
        "Single Copy": false,
        "Plans": [
          {
            "Node Type": "Aggregate",
            "Strategy": "Plain",
            "Partial Mode": "Partial",
            "Parent Relationship": "Outer",
            "Parallel Aware": false,
            "Startup Cost": 666816.77,
            "Total Cost": 666816.78,
            "Plan Rows": 1,
            "Plan Width": 8,
            "Actual Startup Time": 5274.031,
            "Actual Total Time": 5274.317,
            "Actual Rows": 1,
            "Actual Loops": 2,
            "Plans": [
              {
                "Node Type": "Hash Join",
                "Parent Relationship": "Outer",
                "Parallel Aware": true,
                "Join Type": "Inner",
                "Startup Cost": 95836.28,
                "Total Cost": 659279.27,
                "Plan Rows": 3014999,
                "Plan Width": 0,
                "Actual Startup Time": 543.125,
                "Actual Total Time": 5055.395,
                "Actual Rows": 5180706,
                "Actual Loops": 2,
                "Inner Unique": false,
                "Hash Cond": "(ci.movie_id = t.id)",
                "Plans": [
                  {
                    "Node Type": "Seq Scan",
                    "Parent Relationship": "Outer",
                    "Parallel Aware": true,
                    "Relation Name": "cast_info",
                    "Alias": "ci",
                    "Startup Cost": 0.0,
                    "Total Cost": 465792.95,
                    "Plan Rows": 21310595,
                    "Plan Width": 4,
                    "Actual Startup Time": 0.016,
                    "Actual Total Time": 1326.022,
                    "Actual Rows": 18122172,
                    "Actual Loops": 2
                  },
                  {
                    "Node Type": "Hash",
                    "Parent Relationship": "Inner",
                    "Parallel Aware": true,
                    "Startup Cost": 93206.13,
                    "Total Cost": 93206.13,
                    "Plan Rows": 210412,
                    "Plan Width": 8,
                    "Actual Startup Time": 537.25,
                    "Actual Total Time": 537.533,
                    "Actual Rows": 175748,
                    "Actual Loops": 2,
                    "Hash Buckets": 524288,
                    "Original Hash Buckets": 524288,
                    "Hash Batches": 1,
                    "Original Hash Batches": 1,
                    "Peak Memory Usage": 17856,
                    "Plans": [
                      {
                        "Node Type": "Hash Join",
                        "Parent Relationship": "Outer",
                        "Parallel Aware": true,
                        "Join Type": "Inner",
                        "Startup Cost": 31802.9,
                        "Total Cost": 93206.13,
                        "Plan Rows": 210412,
                        "Plan Width": 8,
                        "Actual Startup Time": 127.493,
                        "Actual Total Time": 491.188,
                        "Actual Rows": 175748,
                        "Actual Loops": 2,
                        "Inner Unique": false,
                        "Hash Cond": "(t.id = mc.movie_id)",
                        "Plans": [
                          {
                            "Node Type": "Seq Scan",
                            "Parent Relationship": "Outer",
                            "Parallel Aware": true,
                            "Relation Name": "title",
                            "Alias": "t",
                            "Startup Cost": 0.0,
                            "Total Cost": 50870.31,
                            "Plan Rows": 1487231,
                            "Plan Width": 4,
                            "Actual Startup Time": 0.01,
                            "Actual Total Time": 114.654,
                            "Actual Rows": 1264156,
                            "Actual Loops": 2
                          },
                          {
                            "Node Type": "Hash",
                            "Parent Relationship": "Inner",
                            "Parallel Aware": true,
                            "Startup Cost": 29172.75,
                            "Total Cost": 29172.75,
                            "Plan Rows": 210412,
                            "Plan Width": 4,
                            "Actual Startup Time": 123.873,
                            "Actual Total Time": 123.874,
                            "Actual Rows": 175748,
                            "Actual Loops": 2,
                            "Hash Buckets": 524288,
                            "Original Hash Buckets": 524288,
                            "Hash Batches": 1,
                            "Original Hash Batches": 1,
                            "Peak Memory Usage": 17888,
                            "Plans": [
                              {
                                "Node Type": "Bitmap Heap Scan",
                                "Parent Relationship": "Outer",
                                "Parallel Aware": true,
                                "Relation Name": "movie_companies",
                                "Alias": "mc",
                                "Startup Cost": 7752.61,
                                "Total Cost": 29172.75,
                                "Plan Rows": 210412,
                                "Plan Width": 4,
                                "Actual Startup Time": 26.775,
                                "Actual Total Time": 81.504,
                                "Actual Rows": 175748,
                                "Actual Loops": 2,
                                "Recheck Cond": "(company_id < 169)",
                                "Rows Removed by Index Recheck": 0,
                                "Exact Heap Blocks": 11144,
                                "Lossy Heap Blocks": 0,
                                "Plans": [
                                  {
                                    "Node Type": "Bitmap Index Scan",
                                    "Parent Relationship": "Outer",
                                    "Parallel Aware": false,
                                    "Index Name": "company_id_movie_companies",
                                    "Startup Cost": 0.0,
                                    "Total Cost": 7663.18,
                                    "Plan Rows": 357700,
                                    "Plan Width": 0,
                                    "Actual Startup Time": 23.677,
                                    "Actual Total Time": 23.677,
                                    "Actual Rows": 351495,
                                    "Actual Loops": 1,
                                    "Index Cond": "(company_id < 169)"
                                  }
                                ]
                              }
                            ]
                          }
                        ]
                      }
                    ]
                  }
                ]
              }
            ]
          }
        ]
      }
    ]
  },
  "Planning Time": 1.104,
  "Triggers": [],
  "Execution Time": 5337.187
}