{
  "Plan": {
    "Node Type": "Aggregate",
    "Strategy": "Plain",
    "Partial Mode": "Finalize",
    "Parallel Aware": false,
    "Startup Cost": 432675.71,
    "Total Cost": 432675.72,
    "Plan Rows": 1,
    "Plan Width": 8,
    "Actual Startup Time": 4774.07,
    "Actual Total Time": 4818.864,
    "Actual Rows": 1,
    "Actual Loops": 1,
    "Plans": [
      {
        "Node Type": "Gather",
        "Parent Relationship": "Outer",
        "Parallel Aware": false,
        "Startup Cost": 432675.6,
        "Total Cost": 432675.71,
        "Plan Rows": 1,
        "Plan Width": 8,
        "Actual Startup Time": 4767.657,
        "Actual Total Time": 4818.856,
        "Actual Rows": 2,
        "Actual Loops": 1,
        "Workers Planned": 1,
        "Workers Launched": 1,
        "Single Copy": false,
        "Plans": [
          {
            "Node Type": "Aggregate",
            "Strategy": "Plain",
            "Partial Mode": "Partial",
            "Parent Relationship": "Outer",
            "Parallel Aware": false,
            "Startup Cost": 431675.6,
            "Total Cost": 431675.61,
            "Plan Rows": 1,
            "Plan Width": 8,
            "Actual Startup Time": 4758.64,
            "Actual Total Time": 4758.646,
            "Actual Rows": 1,
            "Actual Loops": 2,
            "Plans": [
              {
                "Node Type": "Hash Join",
                "Parent Relationship": "Outer",
                "Parallel Aware": true,
                "Join Type": "Inner",
                "Startup Cost": 353958.17,
                "Total Cost": 429150.74,
                "Plan Rows": 1009944,
                "Plan Width": 0,
                "Actual Startup Time": 2368.892,
                "Actual Total Time": 4005.474,
                "Actual Rows": 18286474,
                "Actual Loops": 2,
                "Inner Unique": false,
                "Hash Cond": "(mk.movie_id = t.id)",
                "Plans": [
                  {
                    "Node Type": "Seq Scan",
                    "Parent Relationship": "Outer",
                    "Parallel Aware": true,
                    "Relation Name": "movie_keyword",
                    "Alias": "mk",
                    "Startup Cost": 0.0,
                    "Total Cost": 57718.19,
                    "Plan Rows": 2306705,
                    "Plan Width": 4,
                    "Actual Startup Time": 0.017,
                    "Actual Total Time": 195.768,
                    "Actual Rows": 1966658,
                    "Actual Loops": 2,
                    "Filter": "(keyword_id < 31112)",
                    "Rows Removed by Filter": 295307
                  },
                  {
                    "Node Type": "Hash",
                    "Parent Relationship": "Inner",
                    "Parallel Aware": true,
                    "Startup Cost": 345818.75,
                    "Total Cost": 345818.75,
                    "Plan Rows": 651154,
                    "Plan Width": 8,
                    "Actual Startup Time": 2354.189,
                    "Actual Total Time": 2354.193,
                    "Actual Rows": 1715717,
                    "Actual Loops": 2,
                    "Hash Buckets": 4194304,
                    "Original Hash Buckets": 2097152,
                    "Hash Batches": 1,
                    "Original Hash Batches": 1,
                    "Peak Memory Usage": 183424,
                    "Plans": [
                      {
                        "Node Type": "Hash Join",
                        "Parent Relationship": "Outer",
                        "Parallel Aware": true,
                        "Join Type": "Inner",
                        "Startup Cost": 60476.04,
                        "Total Cost": 345818.75,
                        "Plan Rows": 651154,
                        "Plan Width": 8,
                        "Actual Startup Time": 193.903,
                        "Actual Total Time": 1850.307,
                        "Actual Rows": 1715717,
                        "Actual Loops": 2,
                        "Inner Unique": true,
                        "Hash Cond": "(mi.movie_id = t.id)",
                        "Plans": [
                          {
                            "Node Type": "Seq Scan",
                            "Parent Relationship": "Outer",
                            "Parallel Aware": true,
                            "Relation Name": "movie_info",
                            "Alias": "mi",
                            "Startup Cost": 0.0,
                            "Total Cost": 270696.42,
                            "Plan Rows": 5579529,
                            "Plan Width": 4,
                            "Actual Startup Time": 0.01,
                            "Actual Total Time": 718.559,
                            "Actual Rows": 4782576,
                            "Actual Loops": 2,
                            "Filter": "(info_type_id < 16)",
                            "Rows Removed by Filter": 2635284
                          },
                          {
                            "Node Type": "Hash",
                            "Parent Relationship": "Inner",
                            "Parallel Aware": true,
                            "Startup Cost": 58306.47,
                            "Total Cost": 58306.47,
                            "Plan Rows": 173566,
                            "Plan Width": 4,
                            "Actual Startup Time": 190.006,
                            "Actual Total Time": 190.006,
                            "Actual Rows": 205845,
                            "Actual Loops": 2,
                            "Hash Buckets": 524288,
                            "Original Hash Buckets": 524288,
                            "Hash Batches": 1,
                            "Original Hash Batches": 1,
                            "Peak Memory Usage": 20224,
                            "Plans": [
                              {
                                "Node Type": "Seq Scan",
                                "Parent Relationship": "Outer",
                                "Parallel Aware": true,
                                "Relation Name": "title",
                                "Alias": "t",
                                "Startup Cost": 0.0,
                                "Total Cost": 58306.47,
                                "Plan Rows": 173566,
                                "Plan Width": 4,
                                "Actual Startup Time": 0.033,
                                "Actual Total Time": 141.224,
                                "Actual Rows": 205845,
                                "Actual Loops": 2,
                                "Filter": "((kind_id < 7) AND (production_year < 1993))",
                                "Rows Removed by Filter": 1058311
                              }
                            ]
                          }
                        ]
                      }
                    ]
                  }
                ]
              }
            ]
          }
        ]
      }
    ]
  },
  "Planning Time": 1.02,
  "Triggers": [],
  "Execution Time": 4818.955
}