[
  {
    "Plan": {
      "Node Type": "Aggregate",
      "Strategy": "Plain",
      "Partial Mode": "Finalize",
      "Parallel Aware": false,
      "Startup Cost": 46905.15,
      "Total Cost": 46905.16,
      "Plan Rows": 1,
      "Plan Width": 8,
      "Actual Startup Time": 114.397,
      "Actual Total Time": 127.642,
      "Actual Rows": 1,
      "Actual Loops": 1,
      "Plans": [
        {
          "Node Type": "Gather",
          "Parent Relationship": "Outer",
          "Parallel Aware": false,
          "Startup Cost": 46904.73,
          "Total Cost": 46905.14,
          "Plan Rows": 4,
          "Plan Width": 8,
          "Actual Startup Time": 114.258,
          "Actual Total Time": 127.635,
          "Actual Rows": 5,
          "Actual Loops": 1,
          "Workers Planned": 4,
          "Workers Launched": 4,
          "Single Copy": false,
          "Plans": [
            {
              "Node Type": "Aggregate",
              "Strategy": "Plain",
              "Partial Mode": "Partial",
              "Parent Relationship": "Outer",
              "Parallel Aware": false,
              "Startup Cost": 45904.73,
              "Total Cost": 45904.74,
              "Plan Rows": 1,
              "Plan Width": 8,
              "Actual Startup Time": 107.062,
              "Actual Total Time": 107.064,
              "Actual Rows": 1,
              "Actual Loops": 5,
              "Plans": [
                {
                  "Node Type": "Seq Scan",
                  "Parent Relationship": "Outer",
                  "Parallel Aware": true,
                  "Relation Name": "title",
                  "Alias": "t",
                  "Startup Cost": 0.0,
                  "Total Cost": 45479.1,
                  "Plan Rows": 170254,
                  "Plan Width": 0,
                  "Actual Startup Time": 0.032,
                  "Actual Total Time": 97.452,
                  "Actual Rows": 147936,
                  "Actual Loops": 5,
                  "Filter": "((kind_id > 6) AND (production_year > 2004))",
                  "Rows Removed by Filter": 357727
                }
              ]
            }
          ]
        }
      ]
    },
    "Planning Time": 0.153,
    "Triggers": [],
    "Execution Time": 127.694
  }
]