{
  "Plan": {
    "Node Type": "Aggregate",
    "Strategy": "Plain",
    "Partial Mode": "Finalize",
    "Parallel Aware": false,
    "Startup Cost": 325649.71,
    "Total Cost": 325649.72,
    "Plan Rows": 1,
    "Plan Width": 8,
    "Actual Startup Time": 1865.88,
    "Actual Total Time": 1888.303,
    "Actual Rows": 1,
    "Actual Loops": 1,
    "Plans": [
      {
        "Node Type": "Gather",
        "Parent Relationship": "Outer",
        "Parallel Aware": false,
        "Startup Cost": 325649.6,
        "Total Cost": 325649.71,
        "Plan Rows": 1,
        "Plan Width": 8,
        "Actual Startup Time": 1865.673,
        "Actual Total Time": 1888.295,
        "Actual Rows": 2,
        "Actual Loops": 1,
        "Workers Planned": 1,
        "Workers Launched": 1,
        "Single Copy": false,
        "Plans": [
          {
            "Node Type": "Aggregate",
            "Strategy": "Plain",
            "Partial Mode": "Partial",
            "Parent Relationship": "Outer",
            "Parallel Aware": false,
            "Startup Cost": 324649.6,
            "Total Cost": 324649.61,
            "Plan Rows": 1,
            "Plan Width": 8,
            "Actual Startup Time": 1859.631,
            "Actual Total Time": 1859.633,
            "Actual Rows": 1,
            "Actual Loops": 2,
            "Plans": [
              {
                "Node Type": "Merge Join",
                "Parent Relationship": "Outer",
                "Parallel Aware": false,
                "Join Type": "Inner",
                "Startup Cost": 6.84,
                "Total Cost": 323846.94,
                "Plan Rows": 321064,
                "Plan Width": 0,
                "Actual Startup Time": 3.321,
                "Actual Total Time": 1846.509,
                "Actual Rows": 273388,
                "Actual Loops": 2,
                "Inner Unique": false,
                "Merge Cond": "(t.id = mc.movie_id)",
                "Plans": [
                  {
                    "Node Type": "Merge Join",
                    "Parent Relationship": "Outer",
                    "Parallel Aware": false,
                    "Join Type": "Inner",
                    "Startup Cost": 2.99,
                    "Total Cost": 169340.97,
                    "Plan Rows": 598827,
                    "Plan Width": 8,
                    "Actual Startup Time": 2.035,
                    "Actual Total Time": 1043.6,
                    "Actual Rows": 375060,
                    "Actual Loops": 2,
                    "Inner Unique": false,
                    "Merge Cond": "(t.id = mi_idx.movie_id)",
                    "Plans": [
                      {
                        "Node Type": "Index Scan",
                        "Parent Relationship": "Outer",
                        "Parallel Aware": true,
                        "Scan Direction": "Forward",
                        "Index Name": "title_pkey",
                        "Relation Name": "title",
                        "Alias": "t",
                        "Startup Cost": 0.43,
                        "Total Cost": 103647.43,
                        "Plan Rows": 1097081,
                        "Plan Width": 4,
                        "Actual Startup Time": 0.076,
                        "Actual Total Time": 657.359,
                        "Actual Rows": 932056,
                        "Actual Loops": 2,
                        "Filter": "(kind_id > 1)",
                        "Rows Removed by Filter": 330880
                      },
                      {
                        "Node Type": "Index Only Scan",
                        "Parent Relationship": "Inner",
                        "Parallel Aware": false,
                        "Scan Direction": "Forward",
                        "Index Name": "movie_id_movie_info_idx",
                        "Relation Name": "movie_info_idx",
                        "Alias": "mi_idx",
                        "Startup Cost": 0.43,
                        "Total Cost": 53620.22,
                        "Plan Rows": 1380035,
                        "Plan Width": 4,
                        "Actual Startup Time": 0.155,
                        "Actual Total Time": 251.28,
                        "Actual Rows": 1380024,
                        "Actual Loops": 2,
                        "Heap Fetches": 2760047
                      }
                    ]
                  },
                  {
                    "Node Type": "Index Scan",
                    "Parent Relationship": "Inner",
                    "Parallel Aware": false,
                    "Scan Direction": "Forward",
                    "Index Name": "movie_id_movie_companies",
                    "Relation Name": "movie_companies",
                    "Alias": "mc",
                    "Startup Cost": 0.43,
                    "Total Cost": 146582.27,
                    "Plan Rows": 1355554,
                    "Plan Width": 4,
                    "Actual Startup Time": 0.122,
                    "Actual Total Time": 690.429,
                    "Actual Rows": 1546984,
                    "Actual Loops": 2,
                    "Filter": "(company_id > 11147)",
                    "Rows Removed by Filter": 1659617
                  }
                ]
              }
            ]
          }
        ]
      }
    ]
  },
  "Planning Time": 0.992,
  "Triggers": [],
  "Execution Time": 1888.39
}