[
  {
    "Plan": {
      "Node Type": "Aggregate",
      "Strategy": "Plain",
      "Partial Mode": "Finalize",
      "Parallel Aware": false,
      "Startup Cost": 81550.24,
      "Total Cost": 81550.25,
      "Plan Rows": 1,
      "Plan Width": 8,
      "Actual Startup Time": 299.244,
      "Actual Total Time": 313.647,
      "Actual Rows": 1,
      "Actual Loops": 1,
      "Plans": [
        {
          "Node Type": "Gather",
          "Parent Relationship": "Outer",
          "Parallel Aware": false,
          "Startup Cost": 81549.82,
          "Total Cost": 81550.23,
          "Plan Rows": 4,
          "Plan Width": 8,
          "Actual Startup Time": 298.034,
          "Actual Total Time": 313.629,
          "Actual Rows": 5,
          "Actual Loops": 1,
          "Workers Planned": 4,
          "Workers Launched": 4,
          "Single Copy": false,
          "Plans": [
            {
              "Node Type": "Aggregate",
              "Strategy": "Plain",
              "Partial Mode": "Partial",
              "Parent Relationship": "Outer",
              "Parallel Aware": false,
              "Startup Cost": 80549.82,
              "Total Cost": 80549.83,
              "Plan Rows": 1,
              "Plan Width": 8,
              "Actual Startup Time": 287.975,
              "Actual Total Time": 287.978,
              "Actual Rows": 1,
              "Actual Loops": 5,
              "Plans": [
                {
                  "Node Type": "Nested Loop",
                  "Parent Relationship": "Outer",
                  "Parallel Aware": false,
                  "Join Type": "Inner",
                  "Startup Cost": 24642.29,
                  "Total Cost": 80541.15,
                  "Plan Rows": 3468,
                  "Plan Width": 0,
                  "Actual Startup Time": 122.156,
                  "Actual Total Time": 286.522,
                  "Actual Rows": 18579,
                  "Actual Loops": 5,
                  "Inner Unique": false,
                  "Plans": [
                    {
                      "Node Type": "Hash Join",
                      "Parent Relationship": "Outer",
                      "Parallel Aware": true,
                      "Join Type": "Inner",
                      "Startup Cost": 24641.87,
                      "Total Cost": 69842.29,
                      "Plan Rows": 19288,
                      "Plan Width": 8,
                      "Actual Startup Time": 120.559,
                      "Actual Total Time": 184.678,
                      "Actual Rows": 38198,
                      "Actual Loops": 5,
                      "Inner Unique": false,
                      "Hash Cond": "(t.id = mc.movie_id)",
                      "Plans": [
                        {
                          "Node Type": "Seq Scan",
                          "Parent Relationship": "Outer",
                          "Parallel Aware": true,
                          "Relation Name": "title",
                          "Alias": "t",
                          "Startup Cost": 0.0,
                          "Total Cost": 43898.92,
                          "Plan Rows": 247857,
                          "Plan Width": 4,
                          "Actual Startup Time": 0.03,
                          "Actual Total Time": 76.099,
                          "Actual Rows": 197010,
                          "Actual Loops": 5,
                          "Filter": "(kind_id < 7)",
                          "Rows Removed by Filter": 308653
                        },
                        {
                          "Node Type": "Hash",
                          "Parent Relationship": "Inner",
                          "Parallel Aware": true,
                          "Startup Cost": 23848.54,
                          "Total Cost": 23848.54,
                          "Plan Rows": 63466,
                          "Plan Width": 4,
                          "Actual Startup Time": 61.686,
                          "Actual Total Time": 61.688,
                          "Actual Rows": 38198,
                          "Actual Loops": 5,
                          "Hash Buckets": 262144,
                          "Original Hash Buckets": 262144,
                          "Hash Batches": 1,
                          "Original Hash Batches": 1,
                          "Peak Memory Usage": 9664,
                          "Plans": [
                            {
                              "Node Type": "Bitmap Heap Scan",
                              "Parent Relationship": "Outer",
                              "Parallel Aware": true,
                              "Relation Name": "movie_companies",
                              "Alias": "mc",
                              "Startup Cost": 4265.21,
                              "Total Cost": 23848.54,
                              "Plan Rows": 63466,
                              "Plan Width": 4,
                              "Actual Startup Time": 19.315,
                              "Actual Total Time": 43.595,
                              "Actual Rows": 38198,
                              "Actual Loops": 5,
                              "Recheck Cond": "(company_id > 116342)",
                              "Rows Removed by Index Recheck": 0,
                              "Exact Heap Blocks": 1774,
                              "Lossy Heap Blocks": 0,
                              "Plans": [
                                {
                                  "Node Type": "Bitmap Index Scan",
                                  "Parent Relationship": "Outer",
                                  "Parallel Aware": false,
                                  "Index Name": "company_id_movie_companies",
                                  "Startup Cost": 0.0,
                                  "Total Cost": 4216.03,
                                  "Plan Rows": 196746,
                                  "Plan Width": 0,
                                  "Actual Startup Time": 21.482,
                                  "Actual Total Time": 21.483,
                                  "Actual Rows": 190992,
                                  "Actual Loops": 1,
                                  "Index Cond": "(company_id > 116342)"
                                }
                              ]
                            }
                          ]
                        }
                      ]
                    },
                    {
                      "Node Type": "Index Scan",
                      "Parent Relationship": "Inner",
                      "Parallel Aware": false,
                      "Scan Direction": "Forward",
                      "Index Name": "movie_id_movie_info_idx",
                      "Relation Name": "movie_info_idx",
                      "Alias": "mi_idx",
                      "Startup Cost": 0.43,
                      "Total Cost": 0.54,
                      "Plan Rows": 1,
                      "Plan Width": 4,
                      "Actual Startup Time": 0.002,
                      "Actual Total Time": 0.002,
                      "Actual Rows": 0,
                      "Actual Loops": 190992,
                      "Index Cond": "(movie_id = t.id)",
                      "Rows Removed by Index Recheck": 0,
                      "Filter": "(info_type_id = 99)",
                      "Rows Removed by Filter": 1
                    }
                  ]
                }
              ]
            }
          ]
        }
      ]
    },
    "Planning Time": 1.444,
    "Triggers": [],
    "Execution Time": 313.763
  }
]