{
  "Plan": {
    "Node Type": "Aggregate",
    "Strategy": "Plain",
    "Partial Mode": "Finalize",
    "Parallel Aware": false,
    "Startup Cost": 136023.11,
    "Total Cost": 136023.12,
    "Plan Rows": 1,
    "Plan Width": 8,
    "Actual Startup Time": 927.359,
    "Actual Total Time": 945.381,
    "Actual Rows": 1,
    "Actual Loops": 1,
    "Plans": [
      {
        "Node Type": "Gather",
        "Parent Relationship": "Outer",
        "Parallel Aware": false,
        "Startup Cost": 136023.0,
        "Total Cost": 136023.11,
        "Plan Rows": 1,
        "Plan Width": 8,
        "Actual Startup Time": 923.059,
        "Actual Total Time": 945.374,
        "Actual Rows": 2,
        "Actual Loops": 1,
        "Workers Planned": 1,
        "Workers Launched": 1,
        "Single Copy": false,
        "Plans": [
          {
            "Node Type": "Aggregate",
            "Strategy": "Plain",
            "Partial Mode": "Partial",
            "Parent Relationship": "Outer",
            "Parallel Aware": false,
            "Startup Cost": 135023.0,
            "Total Cost": 135023.01,
            "Plan Rows": 1,
            "Plan Width": 8,
            "Actual Startup Time": 910.53,
            "Actual Total Time": 910.533,
            "Actual Rows": 1,
            "Actual Loops": 2,
            "Plans": [
              {
                "Node Type": "Hash Join",
                "Parent Relationship": "Outer",
                "Parallel Aware": true,
                "Join Type": "Inner",
                "Startup Cost": 70566.56,
                "Total Cost": 131990.03,
                "Plan Rows": 1213188,
                "Plan Width": 0,
                "Actual Startup Time": 513.395,
                "Actual Total Time": 873.987,
                "Actual Rows": 963737,
                "Actual Loops": 2,
                "Inner Unique": true,
                "Hash Cond": "(mk.movie_id = t.id)",
                "Plans": [
                  {
                    "Node Type": "Seq Scan",
                    "Parent Relationship": "Outer",
                    "Parallel Aware": true,
                    "Relation Name": "movie_keyword",
                    "Alias": "mk",
                    "Startup Cost": 0.0,
                    "Total Cost": 57718.19,
                    "Plan Rows": 1411528,
                    "Plan Width": 4,
                    "Actual Startup Time": 0.351,
                    "Actual Total Time": 182.18,
                    "Actual Rows": 1196895,
                    "Actual Loops": 2,
                    "Filter": "(keyword_id > 3921)",
                    "Rows Removed by Filter": 1065070
                  },
                  {
                    "Node Type": "Hash",
                    "Parent Relationship": "Inner",
                    "Parallel Aware": true,
                    "Startup Cost": 54588.39,
                    "Total Cost": 54588.39,
                    "Plan Rows": 1278254,
                    "Plan Width": 4,
                    "Actual Startup Time": 490.759,
                    "Actual Total Time": 490.76,
                    "Actual Rows": 1079874,
                    "Actual Loops": 2,
                    "Hash Buckets": 4194304,
                    "Original Hash Buckets": 4194304,
                    "Hash Batches": 1,
                    "Original Hash Batches": 1,
                    "Peak Memory Usage": 117280,
                    "Plans": [
                      {
                        "Node Type": "Seq Scan",
                        "Parent Relationship": "Outer",
                        "Parallel Aware": true,
                        "Relation Name": "title",
                        "Alias": "t",
                        "Startup Cost": 0.0,
                        "Total Cost": 54588.39,
                        "Plan Rows": 1278254,
                        "Plan Width": 4,
                        "Actual Startup Time": 0.031,
                        "Actual Total Time": 181.157,
                        "Actual Rows": 1079874,
                        "Actual Loops": 2,
                        "Filter": "(production_year > 1964)",
                        "Rows Removed by Filter": 184282
                      }
                    ]
                  }
                ]
              }
            ]
          }
        ]
      }
    ]
  },
  "Planning Time": 0.641,
  "Triggers": [],
  "Execution Time": 945.468
}