[
  {
    "Plan": {
      "Node Type": "Aggregate",
      "Strategy": "Plain",
      "Partial Mode": "Finalize",
      "Parallel Aware": false,
      "Startup Cost": 77749.76,
      "Total Cost": 77749.77,
      "Plan Rows": 1,
      "Plan Width": 8,
      "Actual Startup Time": 131.458,
      "Actual Total Time": 150.746,
      "Actual Rows": 1,
      "Actual Loops": 1,
      "Plans": [
        {
          "Node Type": "Gather",
          "Parent Relationship": "Outer",
          "Parallel Aware": false,
          "Startup Cost": 77749.34,
          "Total Cost": 77749.75,
          "Plan Rows": 4,
          "Plan Width": 8,
          "Actual Startup Time": 131.013,
          "Actual Total Time": 150.735,
          "Actual Rows": 5,
          "Actual Loops": 1,
          "Workers Planned": 4,
          "Workers Launched": 4,
          "Single Copy": false,
          "Plans": [
            {
              "Node Type": "Aggregate",
              "Strategy": "Plain",
              "Partial Mode": "Partial",
              "Parent Relationship": "Outer",
              "Parallel Aware": false,
              "Startup Cost": 76749.34,
              "Total Cost": 76749.35,
              "Plan Rows": 1,
              "Plan Width": 8,
              "Actual Startup Time": 124.12,
              "Actual Total Time": 124.123,
              "Actual Rows": 1,
              "Actual Loops": 5,
              "Plans": [
                {
                  "Node Type": "Nested Loop",
                  "Parent Relationship": "Outer",
                  "Parallel Aware": false,
                  "Join Type": "Inner",
                  "Startup Cost": 0.86,
                  "Total Cost": 76742.25,
                  "Plan Rows": 2838,
                  "Plan Width": 0,
                  "Actual Startup Time": 2.746,
                  "Actual Total Time": 123.868,
                  "Actual Rows": 3612,
                  "Actual Loops": 5,
                  "Inner Unique": false,
                  "Join Filter": "(t.id = mc.movie_id)",
                  "Rows Removed by Join Filter": 0,
                  "Plans": [
                    {
                      "Node Type": "Nested Loop",
                      "Parent Relationship": "Outer",
                      "Parallel Aware": false,
                      "Join Type": "Inner",
                      "Startup Cost": 0.43,
                      "Total Cost": 74271.31,
                      "Plan Rows": 3969,
                      "Plan Width": 8,
                      "Actual Startup Time": 1.708,
                      "Actual Total Time": 115.016,
                      "Actual Rows": 1710,
                      "Actual Loops": 5,
                      "Inner Unique": false,
                      "Plans": [
                        {
                          "Node Type": "Seq Scan",
                          "Parent Relationship": "Outer",
                          "Parallel Aware": true,
                          "Relation Name": "title",
                          "Alias": "t",
                          "Startup Cost": 0.0,
                          "Total Cost": 45479.59,
                          "Plan Rows": 3772,
                          "Plan Width": 4,
                          "Actual Startup Time": 0.114,
                          "Actual Total Time": 97.076,
                          "Actual Rows": 2979,
                          "Actual Loops": 5,
                          "Filter": "((kind_id > 3) AND (production_year = 1990))",
                          "Rows Removed by Filter": 502684
                        },
                        {
                          "Node Type": "Index Scan",
                          "Parent Relationship": "Inner",
                          "Parallel Aware": false,
                          "Scan Direction": "Forward",
                          "Index Name": "movie_id_movie_keyword",
                          "Relation Name": "movie_keyword",
                          "Alias": "mk",
                          "Startup Cost": 0.43,
                          "Total Cost": 7.36,
                          "Plan Rows": 27,
                          "Plan Width": 4,
                          "Actual Startup Time": 0.005,
                          "Actual Total Time": 0.005,
                          "Actual Rows": 1,
                          "Actual Loops": 14894,
                          "Index Cond": "(movie_id = t.id)",
                          "Rows Removed by Index Recheck": 0,
                          "Filter": "(keyword_id < 7478)",
                          "Rows Removed by Filter": 1
                        }
                      ]
                    },
                    {
                      "Node Type": "Index Scan",
                      "Parent Relationship": "Inner",
                      "Parallel Aware": false,
                      "Scan Direction": "Forward",
                      "Index Name": "movie_id_movie_companies",
                      "Relation Name": "movie_companies",
                      "Alias": "mc",
                      "Startup Cost": 0.43,
                      "Total Cost": 0.57,
                      "Plan Rows": 4,
                      "Plan Width": 4,
                      "Actual Startup Time": 0.004,
                      "Actual Total Time": 0.005,
                      "Actual Rows": 2,
                      "Actual Loops": 8548,
                      "Index Cond": "(movie_id = mk.movie_id)",
                      "Rows Removed by Index Recheck": 0,
                      "Filter": "(company_id < 31575)",
                      "Rows Removed by Filter": 0
                    }
                  ]
                }
              ]
            }
          ]
        }
      ]
    },
    "Planning Time": 1.571,
    "Triggers": [],
    "Execution Time": 150.835
  }
]