[
  {
    "Plan": {
      "Node Type": "Aggregate",
      "Strategy": "Plain",
      "Partial Mode": "Finalize",
      "Parallel Aware": false,
      "Startup Cost": 75706.42,
      "Total Cost": 75706.43,
      "Plan Rows": 1,
      "Plan Width": 8,
      "Actual Startup Time": 131.333,
      "Actual Total Time": 153.616,
      "Actual Rows": 1,
      "Actual Loops": 1,
      "Plans": [
        {
          "Node Type": "Gather",
          "Parent Relationship": "Outer",
          "Parallel Aware": false,
          "Startup Cost": 75706.0,
          "Total Cost": 75706.41,
          "Plan Rows": 4,
          "Plan Width": 8,
          "Actual Startup Time": 131.162,
          "Actual Total Time": 153.607,
          "Actual Rows": 5,
          "Actual Loops": 1,
          "Workers Planned": 4,
          "Workers Launched": 4,
          "Single Copy": false,
          "Plans": [
            {
              "Node Type": "Aggregate",
              "Strategy": "Plain",
              "Partial Mode": "Partial",
              "Parent Relationship": "Outer",
              "Parallel Aware": false,
              "Startup Cost": 74706.0,
              "Total Cost": 74706.01,
              "Plan Rows": 1,
              "Plan Width": 8,
              "Actual Startup Time": 125.726,
              "Actual Total Time": 125.728,
              "Actual Rows": 1,
              "Actual Loops": 5,
              "Plans": [
                {
                  "Node Type": "Nested Loop",
                  "Parent Relationship": "Outer",
                  "Parallel Aware": false,
                  "Join Type": "Inner",
                  "Startup Cost": 0.86,
                  "Total Cost": 74685.35,
                  "Plan Rows": 8258,
                  "Plan Width": 0,
                  "Actual Startup Time": 0.44,
                  "Actual Total Time": 124.859,
                  "Actual Rows": 12473,
                  "Actual Loops": 5,
                  "Inner Unique": false,
                  "Join Filter": "(t.id = mi.movie_id)",
                  "Rows Removed by Join Filter": 0,
                  "Plans": [
                    {
                      "Node Type": "Nested Loop",
                      "Parent Relationship": "Outer",
                      "Parallel Aware": false,
                      "Join Type": "Inner",
                      "Startup Cost": 0.43,
                      "Total Cost": 71119.78,
                      "Plan Rows": 1406,
                      "Plan Width": 8,
                      "Actual Startup Time": 0.301,
                      "Actual Total Time": 88.76,
                      "Actual Rows": 1117,
                      "Actual Loops": 5,
                      "Inner Unique": false,
                      "Plans": [
                        {
                          "Node Type": "Seq Scan",
                          "Parent Relationship": "Outer",
                          "Parallel Aware": true,
                          "Relation Name": "title",
                          "Alias": "t",
                          "Startup Cost": 0.0,
                          "Total Cost": 43899.32,
                          "Plan Rows": 3582,
                          "Plan Width": 4,
                          "Actual Startup Time": 0.105,
                          "Actual Total Time": 67.682,
                          "Actual Rows": 2613,
                          "Actual Loops": 5,
                          "Filter": "(production_year = 1965)",
                          "Rows Removed by Filter": 503050
                        },
                        {
                          "Node Type": "Index Scan",
                          "Parent Relationship": "Inner",
                          "Parallel Aware": false,
                          "Scan Direction": "Forward",
                          "Index Name": "movie_id_movie_companies",
                          "Relation Name": "movie_companies",
                          "Alias": "mc",
                          "Startup Cost": 0.43,
                          "Total Cost": 7.58,
                          "Plan Rows": 2,
                          "Plan Width": 4,
                          "Actual Startup Time": 0.007,
                          "Actual Total Time": 0.008,
                          "Actual Rows": 0,
                          "Actual Loops": 13063,
                          "Index Cond": "(movie_id = t.id)",
                          "Rows Removed by Index Recheck": 0,
                          "Filter": "((company_id < 52592) AND (company_type_id > 1))",
                          "Rows Removed by Filter": 1
                        }
                      ]
                    },
                    {
                      "Node Type": "Index Only Scan",
                      "Parent Relationship": "Inner",
                      "Parallel Aware": false,
                      "Scan Direction": "Forward",
                      "Index Name": "movie_id_movie_info",
                      "Relation Name": "movie_info",
                      "Alias": "mi",
                      "Startup Cost": 0.43,
                      "Total Cost": 2.02,
                      "Plan Rows": 41,
                      "Plan Width": 4,
                      "Actual Startup Time": 0.011,
                      "Actual Total Time": 0.031,
                      "Actual Rows": 11,
                      "Actual Loops": 5583,
                      "Index Cond": "(movie_id = mc.movie_id)",
                      "Rows Removed by Index Recheck": 0,
                      "Heap Fetches": 62365
                    }
                  ]
                }
              ]
            }
          ]
        }
      ]
    },
    "Planning Time": 0.577,
    "Triggers": [],
    "Execution Time": 153.685
  }
]