[
    {
        "Bao": {
            "Bao prediction": "NaN",
            "Bao recommended hint": "(no hint)"
        }
    },
    {
        "Plan": {
            "Node Type": "Aggregate",
            "Strategy": "Plain",
            "Partial Mode": "Finalize",
            "Parallel Aware": false,
            "Startup Cost": 42522.99,
            "Total Cost": 42523.0,
            "Plan Rows": 1,
            "Plan Width": 8,
            "Actual Startup Time": 121.345,
            "Actual Total Time": 127.06,
            "Actual Rows": 1,
            "Actual Loops": 1,
            "Output": [
                "count(*)"
            ],
            "Plans": [
                {
                    "Node Type": "Gather",
                    "Parent Relationship": "Outer",
                    "Parallel Aware": false,
                    "Startup Cost": 42522.67,
                    "Total Cost": 42522.98,
                    "Plan Rows": 3,
                    "Plan Width": 8,
                    "Actual Startup Time": 121.103,
                    "Actual Total Time": 127.052,
                    "Actual Rows": 4,
                    "Actual Loops": 1,
                    "Output": [
                        "(PARTIAL count(*))"
                    ],
                    "Workers Planned": 3,
                    "Workers Launched": 3,
                    "Single Copy": false,
                    "Plans": [
                        {
                            "Node Type": "Aggregate",
                            "Strategy": "Plain",
                            "Partial Mode": "Partial",
                            "Parent Relationship": "Outer",
                            "Parallel Aware": false,
                            "Startup Cost": 41522.67,
                            "Total Cost": 41522.68,
                            "Plan Rows": 1,
                            "Plan Width": 8,
                            "Actual Startup Time": 112.74,
                            "Actual Total Time": 112.741,
                            "Actual Rows": 1,
                            "Actual Loops": 4,
                            "Output": [
                                "PARTIAL count(*)"
                            ],
                            "Workers": [
                                {
                                    "Worker Number": 0,
                                    "Actual Startup Time": 109.823,
                                    "Actual Total Time": 109.825,
                                    "Actual Rows": 1,
                                    "Actual Loops": 1
                                },
                                {
                                    "Worker Number": 1,
                                    "Actual Startup Time": 109.994,
                                    "Actual Total Time": 109.995,
                                    "Actual Rows": 1,
                                    "Actual Loops": 1
                                },
                                {
                                    "Worker Number": 2,
                                    "Actual Startup Time": 110.274,
                                    "Actual Total Time": 110.276,
                                    "Actual Rows": 1,
                                    "Actual Loops": 1
                                }
                            ],
                            "Plans": [
                                {
                                    "Node Type": "Bitmap Heap Scan",
                                    "Parent Relationship": "Outer",
                                    "Parallel Aware": true,
                                    "Relation Name": "movie_keyword",
                                    "Schema": "public",
                                    "Alias": "mk",
                                    "Startup Cost": 13898.3,
                                    "Total Cost": 40994.27,
                                    "Plan Rows": 211358,
                                    "Plan Width": 0,
                                    "Actual Startup Time": 34.051,
                                    "Actual Total Time": 103.583,
                                    "Actual Rows": 161178,
                                    "Actual Loops": 4,
                                    "Recheck Cond": "(mk.keyword_id > 29028)",
                                    "Rows Removed by Index Recheck": 0,
                                    "Exact Heap Blocks": 10494,
                                    "Lossy Heap Blocks": 0,
                                    "Workers": [
                                        {
                                            "Worker Number": 0,
                                            "Actual Startup Time": 31.304,
                                            "Actual Total Time": 101.689,
                                            "Actual Rows": 129059,
                                            "Actual Loops": 1
                                        },
                                        {
                                            "Worker Number": 1,
                                            "Actual Startup Time": 31.375,
                                            "Actual Total Time": 101.53,
                                            "Actual Rows": 93929,
                                            "Actual Loops": 1
                                        },
                                        {
                                            "Worker Number": 2,
                                            "Actual Startup Time": 31.67,
                                            "Actual Total Time": 101.945,
                                            "Actual Rows": 131883,
                                            "Actual Loops": 1
                                        }
                                    ],
                                    "Plans": [
                                        {
                                            "Node Type": "Bitmap Index Scan",
                                            "Parent Relationship": "Outer",
                                            "Parallel Aware": false,
                                            "Index Name": "keyword_id_movie_keyword",
                                            "Startup Cost": 0.0,
                                            "Total Cost": 13734.5,
                                            "Plan Rows": 655209,
                                            "Plan Width": 0,
                                            "Actual Startup Time": 38.452,
                                            "Actual Total Time": 38.453,
                                            "Actual Rows": 644711,
                                            "Actual Loops": 1,
                                            "Index Cond": "(mk.keyword_id > 29028)"
                                        }
                                    ]
                                }
                            ]
                        }
                    ]
                }
            ]
        },
        "Planning Time": 174.728,
        "Triggers": [],
        "Execution Time": 127.112
    }
]