[
  {
    "Plan": {
      "Node Type": "Aggregate",
      "Strategy": "Plain",
      "Partial Mode": "Finalize",
      "Parallel Aware": false,
      "Startup Cost": 46874.97,
      "Total Cost": 46874.98,
      "Plan Rows": 1,
      "Plan Width": 8,
      "Actual Startup Time": 84.942,
      "Actual Total Time": 95.392,
      "Actual Rows": 1,
      "Actual Loops": 1,
      "Plans": [
        {
          "Node Type": "Gather",
          "Parent Relationship": "Outer",
          "Parallel Aware": false,
          "Startup Cost": 46874.55,
          "Total Cost": 46874.96,
          "Plan Rows": 4,
          "Plan Width": 8,
          "Actual Startup Time": 84.705,
          "Actual Total Time": 95.384,
          "Actual Rows": 5,
          "Actual Loops": 1,
          "Workers Planned": 4,
          "Workers Launched": 4,
          "Single Copy": false,
          "Plans": [
            {
              "Node Type": "Aggregate",
              "Strategy": "Plain",
              "Partial Mode": "Partial",
              "Parent Relationship": "Outer",
              "Parallel Aware": false,
              "Startup Cost": 45874.55,
              "Total Cost": 45874.56,
              "Plan Rows": 1,
              "Plan Width": 8,
              "Actual Startup Time": 80.582,
              "Actual Total Time": 80.583,
              "Actual Rows": 1,
              "Actual Loops": 5,
              "Plans": [
                {
                  "Node Type": "Seq Scan",
                  "Parent Relationship": "Outer",
                  "Parallel Aware": true,
                  "Relation Name": "title",
                  "Alias": "t",
                  "Startup Cost": 0.0,
                  "Total Cost": 45479.59,
                  "Plan Rows": 157984,
                  "Plan Width": 0,
                  "Actual Startup Time": 35.9,
                  "Actual Total Time": 75.459,
                  "Actual Rows": 124252,
                  "Actual Loops": 5,
                  "Filter": "((production_year > 1911) AND (kind_id = 1))",
                  "Rows Removed by Filter": 381410
                }
              ]
            }
          ]
        }
      ]
    },
    "Planning Time": 0.244,
    "Triggers": [],
    "Execution Time": 95.451
  }
]