[
  {
    "Plan": {
      "Node Type": "Aggregate",
      "Strategy": "Plain",
      "Partial Mode": "Finalize",
      "Parallel Aware": false,
      "Startup Cost": 46877.17,
      "Total Cost": 46877.18,
      "Plan Rows": 1,
      "Plan Width": 8,
      "Actual Startup Time": 102.793,
      "Actual Total Time": 115.959,
      "Actual Rows": 1,
      "Actual Loops": 1,
      "Plans": [
        {
          "Node Type": "Gather",
          "Parent Relationship": "Outer",
          "Parallel Aware": false,
          "Startup Cost": 46876.75,
          "Total Cost": 46877.16,
          "Plan Rows": 4,
          "Plan Width": 8,
          "Actual Startup Time": 102.672,
          "Actual Total Time": 115.952,
          "Actual Rows": 5,
          "Actual Loops": 1,
          "Workers Planned": 4,
          "Workers Launched": 4,
          "Single Copy": false,
          "Plans": [
            {
              "Node Type": "Aggregate",
              "Strategy": "Plain",
              "Partial Mode": "Partial",
              "Parent Relationship": "Outer",
              "Parallel Aware": false,
              "Startup Cost": 45876.75,
              "Total Cost": 45876.76,
              "Plan Rows": 1,
              "Plan Width": 8,
              "Actual Startup Time": 94.594,
              "Actual Total Time": 94.595,
              "Actual Rows": 1,
              "Actual Loops": 5,
              "Plans": [
                {
                  "Node Type": "Seq Scan",
                  "Parent Relationship": "Outer",
                  "Parallel Aware": true,
                  "Relation Name": "title",
                  "Alias": "t",
                  "Startup Cost": 0.0,
                  "Total Cost": 45479.1,
                  "Plan Rows": 159062,
                  "Plan Width": 0,
                  "Actual Startup Time": 45.211,
                  "Actual Total Time": 89.677,
                  "Actual Rows": 124252,
                  "Actual Loops": 5,
                  "Filter": "((production_year > 1911) AND (kind_id = 1))",
                  "Rows Removed by Filter": 381410
                }
              ]
            }
          ]
        }
      ]
    },
    "Planning Time": 0.162,
    "Triggers": [],
    "Execution Time": 116.012
  }
]