[
  {
    "Plan": {
      "Node Type": "Aggregate",
      "Strategy": "Plain",
      "Partial Mode": "Finalize",
      "Parallel Aware": false,
      "Startup Cost": 33049.67,
      "Total Cost": 33049.68,
      "Plan Rows": 1,
      "Plan Width": 8,
      "Actual Startup Time": 77.595,
      "Actual Total Time": 82.764,
      "Actual Rows": 1,
      "Actual Loops": 1,
      "Plans": [
        {
          "Node Type": "Gather",
          "Parent Relationship": "Outer",
          "Parallel Aware": false,
          "Startup Cost": 33049.36,
          "Total Cost": 33049.67,
          "Plan Rows": 3,
          "Plan Width": 8,
          "Actual Startup Time": 77.517,
          "Actual Total Time": 82.759,
          "Actual Rows": 4,
          "Actual Loops": 1,
          "Workers Planned": 3,
          "Workers Launched": 3,
          "Single Copy": false,
          "Plans": [
            {
              "Node Type": "Aggregate",
              "Strategy": "Plain",
              "Partial Mode": "Partial",
              "Parent Relationship": "Outer",
              "Parallel Aware": false,
              "Startup Cost": 32049.36,
              "Total Cost": 32049.37,
              "Plan Rows": 1,
              "Plan Width": 8,
              "Actual Startup Time": 73.192,
              "Actual Total Time": 73.192,
              "Actual Rows": 1,
              "Actual Loops": 4,
              "Plans": [
                {
                  "Node Type": "Seq Scan",
                  "Parent Relationship": "Outer",
                  "Parallel Aware": true,
                  "Relation Name": "movie_companies",
                  "Alias": "mc",
                  "Startup Cost": 0.0,
                  "Total Cost": 31414.82,
                  "Plan Rows": 253815,
                  "Plan Width": 0,
                  "Actual Startup Time": 3.861,
                  "Actual Total Time": 66.576,
                  "Actual Rows": 142789,
                  "Actual Loops": 4,
                  "Filter": "((company_id > 4876) AND (company_type_id < 2))",
                  "Rows Removed by Filter": 509493
                }
              ]
            }
          ]
        }
      ]
    },
    "Planning Time": 0.131,
    "Triggers": [],
    "Execution Time": 82.795
  }
]