[
  {
    "Plan": {
      "Node Type": "Aggregate",
      "Strategy": "Plain",
      "Partial Mode": "Finalize",
      "Parallel Aware": false,
      "Startup Cost": 130156.13,
      "Total Cost": 130156.14,
      "Plan Rows": 1,
      "Plan Width": 8,
      "Actual Startup Time": 1016.959,
      "Actual Total Time": 1059.779,
      "Actual Rows": 1,
      "Actual Loops": 1,
      "Plans": [
        {
          "Node Type": "Gather",
          "Parent Relationship": "Outer",
          "Parallel Aware": false,
          "Startup Cost": 130155.81,
          "Total Cost": 130156.12,
          "Plan Rows": 3,
          "Plan Width": 8,
          "Actual Startup Time": 1007.704,
          "Actual Total Time": 1059.754,
          "Actual Rows": 4,
          "Actual Loops": 1,
          "Workers Planned": 3,
          "Workers Launched": 3,
          "Single Copy": false,
          "Plans": [
            {
              "Node Type": "Aggregate",
              "Strategy": "Plain",
              "Partial Mode": "Partial",
              "Parent Relationship": "Outer",
              "Parallel Aware": false,
              "Startup Cost": 129155.81,
              "Total Cost": 129155.82,
              "Plan Rows": 1,
              "Plan Width": 8,
              "Actual Startup Time": 997.983,
              "Actual Total Time": 997.988,
              "Actual Rows": 1,
              "Actual Loops": 4,
              "Plans": [
                {
                  "Node Type": "Nested Loop",
                  "Parent Relationship": "Outer",
                  "Parallel Aware": false,
                  "Join Type": "Inner",
                  "Startup Cost": 50504.44,
                  "Total Cost": 128894.55,
                  "Plan Rows": 104507,
                  "Plan Width": 0,
                  "Actual Startup Time": 280.391,
                  "Actual Total Time": 945.966,
                  "Actual Rows": 852532,
                  "Actual Loops": 4,
                  "Inner Unique": false,
                  "Plans": [
                    {
                      "Node Type": "Hash Join",
                      "Parent Relationship": "Outer",
                      "Parallel Aware": true,
                      "Join Type": "Inner",
                      "Startup Cost": 50504.01,
                      "Total Cost": 75853.45,
                      "Plan Rows": 20305,
                      "Plan Width": 8,
                      "Actual Startup Time": 280.278,
                      "Actual Total Time": 335.141,
                      "Actual Rows": 23916,
                      "Actual Loops": 4,
                      "Inner Unique": true,
                      "Hash Cond": "(mk.movie_id = t.id)",
                      "Plans": [
                        {
                          "Node Type": "Bitmap Heap Scan",
                          "Parent Relationship": "Outer",
                          "Parallel Aware": true,
                          "Relation Name": "movie_keyword",
                          "Alias": "mk",
                          "Startup Cost": 3894.77,
                          "Total Cost": 29088.81,
                          "Plan Rows": 59203,
                          "Plan Width": 4,
                          "Actual Startup Time": 18.417,
                          "Actual Total Time": 52.355,
                          "Actual Rows": 47161,
                          "Actual Loops": 4,
                          "Recheck Cond": "(keyword_id > 71201)",
                          "Rows Removed by Index Recheck": 0,
                          "Exact Heap Blocks": 8038,
                          "Lossy Heap Blocks": 0,
                          "Plans": [
                            {
                              "Node Type": "Bitmap Index Scan",
                              "Parent Relationship": "Outer",
                              "Parallel Aware": false,
                              "Index Name": "keyword_id_movie_keyword",
                              "Startup Cost": 0.0,
                              "Total Cost": 3848.89,
                              "Plan Rows": 183528,
                              "Plan Width": 0,
                              "Actual Startup Time": 14.847,
                              "Actual Total Time": 14.852,
                              "Actual Rows": 188643,
                              "Actual Loops": 1,
                              "Index Cond": "(keyword_id > 71201)"
                            }
                          ]
                        },
                        {
                          "Node Type": "Hash",
                          "Parent Relationship": "Inner",
                          "Parallel Aware": true,
                          "Startup Cost": 43899.32,
                          "Total Cost": 43899.32,
                          "Plan Rows": 216793,
                          "Plan Width": 4,
                          "Actual Startup Time": 257.872,
                          "Actual Total Time": 257.873,
                          "Actual Rows": 221412,
                          "Actual Loops": 4,
                          "Hash Buckets": 1048576,
                          "Original Hash Buckets": 1048576,
                          "Hash Batches": 1,
                          "Original Hash Batches": 1,
                          "Peak Memory Usage": 42912,
                          "Plans": [
                            {
                              "Node Type": "Seq Scan",
                              "Parent Relationship": "Outer",
                              "Parallel Aware": true,
                              "Relation Name": "title",
                              "Alias": "t",
                              "Startup Cost": 0.0,
                              "Total Cost": 43899.32,
                              "Plan Rows": 216793,
                              "Plan Width": 4,
                              "Actual Startup Time": 0.052,
                              "Actual Total Time": 122.456,
                              "Actual Rows": 221412,
                              "Actual Loops": 4,
                              "Filter": "(production_year < 1997)",
                              "Rows Removed by Filter": 410666
                            }
                          ]
                        }
                      ]
                    },
                    {
                      "Node Type": "Index Scan",
                      "Parent Relationship": "Inner",
                      "Parallel Aware": false,
                      "Scan Direction": "Forward",
                      "Index Name": "movie_id_movie_info",
                      "Relation Name": "movie_info",
                      "Alias": "mi",
                      "Startup Cost": 0.43,
                      "Total Cost": 2.25,
                      "Plan Rows": 36,
                      "Plan Width": 4,
                      "Actual Startup Time": 0.005,
                      "Actual Total Time": 0.022,
                      "Actual Rows": 36,
                      "Actual Loops": 95665,
                      "Index Cond": "(movie_id = t.id)",
                      "Rows Removed by Index Recheck": 0,
                      "Filter": "(info_type_id < 18)",
                      "Rows Removed by Filter": 14
                    }
                  ]
                }
              ]
            }
          ]
        }
      ]
    },
    "Planning Time": 0.555,
    "Triggers": [],
    "Execution Time": 1059.851
  }
]