[
  {
    "Plan": {
      "Node Type": "Aggregate",
      "Strategy": "Plain",
      "Partial Mode": "Finalize",
      "Parallel Aware": false,
      "Startup Cost": 308626.77,
      "Total Cost": 308626.78,
      "Plan Rows": 1,
      "Plan Width": 8,
      "Actual Startup Time": 1074.892,
      "Actual Total Time": 1126.407,
      "Actual Rows": 1,
      "Actual Loops": 1,
      "Plans": [
        {
          "Node Type": "Gather",
          "Parent Relationship": "Outer",
          "Parallel Aware": false,
          "Startup Cost": 308626.25,
          "Total Cost": 308626.76,
          "Plan Rows": 5,
          "Plan Width": 8,
          "Actual Startup Time": 1062.489,
          "Actual Total Time": 1126.394,
          "Actual Rows": 6,
          "Actual Loops": 1,
          "Workers Planned": 5,
          "Workers Launched": 5,
          "Single Copy": false,
          "Plans": [
            {
              "Node Type": "Aggregate",
              "Strategy": "Plain",
              "Partial Mode": "Partial",
              "Parent Relationship": "Outer",
              "Parallel Aware": false,
              "Startup Cost": 307626.25,
              "Total Cost": 307626.26,
              "Plan Rows": 1,
              "Plan Width": 8,
              "Actual Startup Time": 1053.151,
              "Actual Total Time": 1053.411,
              "Actual Rows": 1,
              "Actual Loops": 6,
              "Plans": [
                {
                  "Node Type": "Hash Join",
                  "Parent Relationship": "Outer",
                  "Parallel Aware": true,
                  "Join Type": "Inner",
                  "Startup Cost": 97770.33,
                  "Total Cost": 304554.13,
                  "Plan Rows": 1228849,
                  "Plan Width": 0,
                  "Actual Startup Time": 374.939,
                  "Actual Total Time": 1032.672,
                  "Actual Rows": 437309,
                  "Actual Loops": 6,
                  "Inner Unique": false,
                  "Hash Cond": "(mi.movie_id = t.id)",
                  "Plans": [
                    {
                      "Node Type": "Seq Scan",
                      "Parent Relationship": "Outer",
                      "Parallel Aware": true,
                      "Relation Name": "movie_info",
                      "Alias": "mi",
                      "Startup Cost": 0.0,
                      "Total Cost": 191685.19,
                      "Plan Rows": 2969219,
                      "Plan Width": 4,
                      "Actual Startup Time": 0.028,
                      "Actual Total Time": 323.681,
                      "Actual Rows": 2472620,
                      "Actual Loops": 6
                    },
                    {
                      "Node Type": "Hash",
                      "Parent Relationship": "Inner",
                      "Parallel Aware": true,
                      "Startup Cost": 93550.89,
                      "Total Cost": 93550.89,
                      "Plan Rows": 337555,
                      "Plan Width": 8,
                      "Actual Startup Time": 369.835,
                      "Actual Total Time": 370.093,
                      "Actual Rows": 43257,
                      "Actual Loops": 6,
                      "Hash Buckets": 1048576,
                      "Original Hash Buckets": 1048576,
                      "Hash Batches": 1,
                      "Original Hash Batches": 1,
                      "Peak Memory Usage": 18432,
                      "Plans": [
                        {
                          "Node Type": "Hash Join",
                          "Parent Relationship": "Outer",
                          "Parallel Aware": true,
                          "Join Type": "Inner",
                          "Startup Cost": 48639.84,
                          "Total Cost": 93550.89,
                          "Plan Rows": 337555,
                          "Plan Width": 8,
                          "Actual Startup Time": 215.868,
                          "Actual Total Time": 348.635,
                          "Actual Rows": 43257,
                          "Actual Loops": 6,
                          "Inner Unique": true,
                          "Hash Cond": "(mk.movie_id = t.id)",
                          "Plans": [
                            {
                              "Node Type": "Seq Scan",
                              "Parent Relationship": "Outer",
                              "Parallel Aware": true,
                              "Relation Name": "movie_keyword",
                              "Alias": "mk",
                              "Startup Cost": 0.0,
                              "Total Cost": 42695.65,
                              "Plan Rows": 843963,
                              "Plan Width": 4,
                              "Actual Startup Time": 0.184,
                              "Actual Total Time": 82.166,
                              "Actual Rows": 435750,
                              "Actual Loops": 6,
                              "Filter": "(keyword_id > 3284)",
                              "Rows Removed by Filter": 318239
                            },
                            {
                              "Node Type": "Hash",
                              "Parent Relationship": "Inner",
                              "Parallel Aware": true,
                              "Startup Cost": 45479.59,
                              "Total Cost": 45479.59,
                              "Plan Rows": 252820,
                              "Plan Width": 4,
                              "Actual Startup Time": 213.794,
                              "Actual Total Time": 213.795,
                              "Actual Rows": 183182,
                              "Actual Loops": 6,
                              "Hash Buckets": 2097152,
                              "Original Hash Buckets": 1048576,
                              "Hash Batches": 1,
                              "Original Hash Batches": 1,
                              "Peak Memory Usage": 67680,
                              "Plans": [
                                {
                                  "Node Type": "Seq Scan",
                                  "Parent Relationship": "Outer",
                                  "Parallel Aware": true,
                                  "Relation Name": "title",
                                  "Alias": "t",
                                  "Startup Cost": 0.0,
                                  "Total Cost": 45479.59,
                                  "Plan Rows": 252820,
                                  "Plan Width": 4,
                                  "Actual Startup Time": 0.056,
                                  "Actual Total Time": 93.217,
                                  "Actual Rows": 183182,
                                  "Actual Loops": 6,
                                  "Filter": "((production_year > 1994) AND (kind_id = 7))",
                                  "Rows Removed by Filter": 238203
                                }
                              ]
                            }
                          ]
                        }
                      ]
                    }
                  ]
                }
              ]
            }
          ]
        }
      ]
    },
    "Planning Time": 1.226,
    "Triggers": [],
    "Execution Time": 1126.49
  }
]