[
  {
    "Plan": {
      "Node Type": "Aggregate",
      "Strategy": "Plain",
      "Partial Mode": "Finalize",
      "Parallel Aware": false,
      "Startup Cost": 308313.34,
      "Total Cost": 308313.35,
      "Plan Rows": 1,
      "Plan Width": 8,
      "Actual Startup Time": 944.027,
      "Actual Total Time": 991.454,
      "Actual Rows": 1,
      "Actual Loops": 1,
      "Plans": [
        {
          "Node Type": "Gather",
          "Parent Relationship": "Outer",
          "Parallel Aware": false,
          "Startup Cost": 308312.82,
          "Total Cost": 308313.33,
          "Plan Rows": 5,
          "Plan Width": 8,
          "Actual Startup Time": 935.949,
          "Actual Total Time": 991.441,
          "Actual Rows": 6,
          "Actual Loops": 1,
          "Workers Planned": 5,
          "Workers Launched": 5,
          "Single Copy": false,
          "Plans": [
            {
              "Node Type": "Aggregate",
              "Strategy": "Plain",
              "Partial Mode": "Partial",
              "Parent Relationship": "Outer",
              "Parallel Aware": false,
              "Startup Cost": 307312.82,
              "Total Cost": 307312.83,
              "Plan Rows": 1,
              "Plan Width": 8,
              "Actual Startup Time": 925.239,
              "Actual Total Time": 925.539,
              "Actual Rows": 1,
              "Actual Loops": 6,
              "Plans": [
                {
                  "Node Type": "Hash Join",
                  "Parent Relationship": "Outer",
                  "Parallel Aware": true,
                  "Join Type": "Inner",
                  "Startup Cost": 97711.95,
                  "Total Cost": 304277.09,
                  "Plan Rows": 1214290,
                  "Plan Width": 0,
                  "Actual Startup Time": 337.701,
                  "Actual Total Time": 908.135,
                  "Actual Rows": 437309,
                  "Actual Loops": 6,
                  "Inner Unique": false,
                  "Hash Cond": "(mi.movie_id = t.id)",
                  "Plans": [
                    {
                      "Node Type": "Seq Scan",
                      "Parent Relationship": "Outer",
                      "Parallel Aware": true,
                      "Relation Name": "movie_info",
                      "Alias": "mi",
                      "Startup Cost": 0.0,
                      "Total Cost": 191560.33,
                      "Plan Rows": 2956733,
                      "Plan Width": 4,
                      "Actual Startup Time": 0.024,
                      "Actual Total Time": 281.228,
                      "Actual Rows": 2472620,
                      "Actual Loops": 6
                    },
                    {
                      "Node Type": "Hash",
                      "Parent Relationship": "Inner",
                      "Parallel Aware": true,
                      "Startup Cost": 93525.11,
                      "Total Cost": 93525.11,
                      "Plan Rows": 334947,
                      "Plan Width": 8,
                      "Actual Startup Time": 332.138,
                      "Actual Total Time": 332.436,
                      "Actual Rows": 43257,
                      "Actual Loops": 6,
                      "Hash Buckets": 1048576,
                      "Original Hash Buckets": 1048576,
                      "Hash Batches": 1,
                      "Original Hash Batches": 1,
                      "Peak Memory Usage": 18432,
                      "Plans": [
                        {
                          "Node Type": "Hash Join",
                          "Parent Relationship": "Outer",
                          "Parallel Aware": true,
                          "Join Type": "Inner",
                          "Startup Cost": 48612.35,
                          "Total Cost": 93525.11,
                          "Plan Rows": 334947,
                          "Plan Width": 8,
                          "Actual Startup Time": 192.435,
                          "Actual Total Time": 313.53,
                          "Actual Rows": 43257,
                          "Actual Loops": 6,
                          "Inner Unique": true,
                          "Hash Cond": "(mk.movie_id = t.id)",
                          "Plans": [
                            {
                              "Node Type": "Seq Scan",
                              "Parent Relationship": "Outer",
                              "Parallel Aware": true,
                              "Relation Name": "movie_keyword",
                              "Alias": "mk",
                              "Startup Cost": 0.0,
                              "Total Cost": 42695.65,
                              "Plan Rows": 844612,
                              "Plan Width": 4,
                              "Actual Startup Time": 0.17,
                              "Actual Total Time": 75.262,
                              "Actual Rows": 435750,
                              "Actual Loops": 6,
                              "Filter": "(keyword_id > 3284)",
                              "Rows Removed by Filter": 318239
                            },
                            {
                              "Node Type": "Hash",
                              "Parent Relationship": "Inner",
                              "Parallel Aware": true,
                              "Startup Cost": 45479.1,
                              "Total Cost": 45479.1,
                              "Plan Rows": 250660,
                              "Plan Width": 4,
                              "Actual Startup Time": 190.352,
                              "Actual Total Time": 190.353,
                              "Actual Rows": 183182,
                              "Actual Loops": 6,
                              "Hash Buckets": 2097152,
                              "Original Hash Buckets": 1048576,
                              "Hash Batches": 1,
                              "Original Hash Batches": 1,
                              "Peak Memory Usage": 67648,
                              "Plans": [
                                {
                                  "Node Type": "Seq Scan",
                                  "Parent Relationship": "Outer",
                                  "Parallel Aware": true,
                                  "Relation Name": "title",
                                  "Alias": "t",
                                  "Startup Cost": 0.0,
                                  "Total Cost": 45479.1,
                                  "Plan Rows": 250660,
                                  "Plan Width": 4,
                                  "Actual Startup Time": 0.056,
                                  "Actual Total Time": 84.174,
                                  "Actual Rows": 183182,
                                  "Actual Loops": 6,
                                  "Filter": "((production_year > 1994) AND (kind_id = 7))",
                                  "Rows Removed by Filter": 238203
                                }
                              ]
                            }
                          ]
                        }
                      ]
                    }
                  ]
                }
              ]
            }
          ]
        }
      ]
    },
    "Planning Time": 1.338,
    "Triggers": [],
    "Execution Time": 991.541
  }
]