[
  {
    "Plan": {
      "Node Type": "Aggregate",
      "Strategy": "Plain",
      "Partial Mode": "Finalize",
      "Parallel Aware": false,
      "Startup Cost": 311861.5,
      "Total Cost": 311861.51,
      "Plan Rows": 1,
      "Plan Width": 8,
      "Actual Startup Time": 2907.022,
      "Actual Total Time": 2956.395,
      "Actual Rows": 1,
      "Actual Loops": 1,
      "Plans": [
        {
          "Node Type": "Gather",
          "Parent Relationship": "Outer",
          "Parallel Aware": false,
          "Startup Cost": 311860.97,
          "Total Cost": 311861.48,
          "Plan Rows": 5,
          "Plan Width": 8,
          "Actual Startup Time": 2894.016,
          "Actual Total Time": 2956.387,
          "Actual Rows": 6,
          "Actual Loops": 1,
          "Workers Planned": 5,
          "Workers Launched": 5,
          "Single Copy": false,
          "Plans": [
            {
              "Node Type": "Aggregate",
              "Strategy": "Plain",
              "Partial Mode": "Partial",
              "Parent Relationship": "Outer",
              "Parallel Aware": false,
              "Startup Cost": 310860.97,
              "Total Cost": 310860.98,
              "Plan Rows": 1,
              "Plan Width": 8,
              "Actual Startup Time": 2871.088,
              "Actual Total Time": 2871.094,
              "Actual Rows": 1,
              "Actual Loops": 6,
              "Plans": [
                {
                  "Node Type": "Hash Join",
                  "Parent Relationship": "Outer",
                  "Parallel Aware": true,
                  "Join Type": "Inner",
                  "Startup Cost": 91225.99,
                  "Total Cost": 303444.16,
                  "Plan Rows": 2966725,
                  "Plan Width": 0,
                  "Actual Startup Time": 659.396,
                  "Actual Total Time": 2417.994,
                  "Actual Rows": 11216448,
                  "Actual Loops": 6,
                  "Inner Unique": false,
                  "Hash Cond": "(mi.movie_id = t.id)",
                  "Plans": [
                    {
                      "Node Type": "Seq Scan",
                      "Parent Relationship": "Outer",
                      "Parallel Aware": true,
                      "Relation Name": "movie_info",
                      "Alias": "mi",
                      "Startup Cost": 0.0,
                      "Total Cost": 191560.33,
                      "Plan Rows": 2956733,
                      "Plan Width": 4,
                      "Actual Startup Time": 0.015,
                      "Actual Total Time": 296.389,
                      "Actual Rows": 2472620,
                      "Actual Loops": 6
                    },
                    {
                      "Node Type": "Hash",
                      "Parent Relationship": "Inner",
                      "Parallel Aware": true,
                      "Startup Cost": 80996.81,
                      "Total Cost": 80996.81,
                      "Plan Rows": 818335,
                      "Plan Width": 8,
                      "Actual Startup Time": 650.62,
                      "Actual Total Time": 650.623,
                      "Actual Rows": 430759,
                      "Actual Loops": 6,
                      "Hash Buckets": 4194304,
                      "Original Hash Buckets": 4194304,
                      "Hash Batches": 1,
                      "Original Hash Batches": 1,
                      "Peak Memory Usage": 133984,
                      "Plans": [
                        {
                          "Node Type": "Hash Join",
                          "Parent Relationship": "Outer",
                          "Parallel Aware": true,
                          "Join Type": "Inner",
                          "Startup Cost": 51580.92,
                          "Total Cost": 80996.81,
                          "Plan Rows": 818335,
                          "Plan Width": 8,
                          "Actual Startup Time": 271.823,
                          "Actual Total Time": 487.453,
                          "Actual Rows": 430759,
                          "Actual Loops": 6,
                          "Inner Unique": true,
                          "Hash Cond": "(mc.movie_id = t.id)",
                          "Plans": [
                            {
                              "Node Type": "Seq Scan",
                              "Parent Relationship": "Outer",
                              "Parallel Aware": true,
                              "Relation Name": "movie_companies",
                              "Alias": "mc",
                              "Startup Cost": 0.0,
                              "Total Cost": 27206.55,
                              "Plan Rows": 841655,
                              "Plan Width": 4,
                              "Actual Startup Time": 0.021,
                              "Actual Total Time": 46.657,
                              "Actual Rows": 434855,
                              "Actual Loops": 6
                            },
                            {
                              "Node Type": "Hash",
                              "Parent Relationship": "Inner",
                              "Parallel Aware": true,
                              "Startup Cost": 43898.92,
                              "Total Cost": 43898.92,
                              "Plan Rows": 614560,
                              "Plan Width": 4,
                              "Actual Startup Time": 267.945,
                              "Actual Total Time": 267.946,
                              "Actual Rows": 409370,
                              "Actual Loops": 6,
                              "Hash Buckets": 4194304,
                              "Original Hash Buckets": 4194304,
                              "Hash Batches": 1,
                              "Original Hash Batches": 1,
                              "Peak Memory Usage": 128960,
                              "Plans": [
                                {
                                  "Node Type": "Seq Scan",
                                  "Parent Relationship": "Outer",
                                  "Parallel Aware": true,
                                  "Relation Name": "title",
                                  "Alias": "t",
                                  "Startup Cost": 0.0,
                                  "Total Cost": 43898.92,
                                  "Plan Rows": 614560,
                                  "Plan Width": 4,
                                  "Actual Startup Time": 0.046,
                                  "Actual Total Time": 87.615,
                                  "Actual Rows": 409370,
                                  "Actual Loops": 6,
                                  "Filter": "(production_year > 0)",
                                  "Rows Removed by Filter": 12016
                                }
                              ]
                            }
                          ]
                        }
                      ]
                    }
                  ]
                }
              ]
            }
          ]
        }
      ]
    },
    "Planning Time": 1.346,
    "Triggers": [],
    "Execution Time": 2956.481
  }
]