[
  {
    "Plan": {
      "Node Type": "Aggregate",
      "Strategy": "Plain",
      "Partial Mode": "Finalize",
      "Parallel Aware": false,
      "Startup Cost": 331513.36,
      "Total Cost": 331513.37,
      "Plan Rows": 1,
      "Plan Width": 8,
      "Actual Startup Time": 969.66,
      "Actual Total Time": 1020.068,
      "Actual Rows": 1,
      "Actual Loops": 1,
      "Plans": [
        {
          "Node Type": "Gather",
          "Parent Relationship": "Outer",
          "Parallel Aware": false,
          "Startup Cost": 331513.04,
          "Total Cost": 331513.35,
          "Plan Rows": 3,
          "Plan Width": 8,
          "Actual Startup Time": 963.082,
          "Actual Total Time": 1020.059,
          "Actual Rows": 4,
          "Actual Loops": 1,
          "Workers Planned": 3,
          "Workers Launched": 3,
          "Single Copy": false,
          "Plans": [
            {
              "Node Type": "Aggregate",
              "Strategy": "Plain",
              "Partial Mode": "Partial",
              "Parent Relationship": "Outer",
              "Parallel Aware": false,
              "Startup Cost": 330513.04,
              "Total Cost": 330513.05,
              "Plan Rows": 1,
              "Plan Width": 8,
              "Actual Startup Time": 951.132,
              "Actual Total Time": 951.138,
              "Actual Rows": 1,
              "Actual Loops": 4,
              "Plans": [
                {
                  "Node Type": "Hash Join",
                  "Parent Relationship": "Outer",
                  "Parallel Aware": true,
                  "Join Type": "Inner",
                  "Startup Cost": 280494.15,
                  "Total Cost": 328977.8,
                  "Plan Rows": 614098,
                  "Plan Width": 0,
                  "Actual Startup Time": 744.452,
                  "Actual Total Time": 947.4,
                  "Actual Rows": 93249,
                  "Actual Loops": 4,
                  "Inner Unique": false,
                  "Hash Cond": "(mk.movie_id = t.id)",
                  "Plans": [
                    {
                      "Node Type": "Seq Scan",
                      "Parent Relationship": "Outer",
                      "Parallel Aware": true,
                      "Relation Name": "movie_keyword",
                      "Alias": "mk",
                      "Startup Cost": 0.0,
                      "Total Cost": 42695.65,
                      "Plan Rows": 1270531,
                      "Plan Width": 4,
                      "Actual Startup Time": 0.024,
                      "Actual Total Time": 115.788,
                      "Actual Rows": 984593,
                      "Actual Loops": 4,
                      "Filter": "(keyword_id < 31338)",
                      "Rows Removed by Filter": 146390
                    },
                    {
                      "Node Type": "Hash",
                      "Parent Relationship": "Inner",
                      "Parallel Aware": true,
                      "Startup Cost": 277948.14,
                      "Total Cost": 277948.14,
                      "Plan Rows": 203681,
                      "Plan Width": 8,
                      "Actual Startup Time": 737.348,
                      "Actual Total Time": 737.352,
                      "Actual Rows": 99604,
                      "Actual Loops": 4,
                      "Hash Buckets": 2097152,
                      "Original Hash Buckets": 2097152,
                      "Hash Batches": 1,
                      "Original Hash Batches": 1,
                      "Peak Memory Usage": 32064,
                      "Plans": [
                        {
                          "Node Type": "Hash Join",
                          "Parent Relationship": "Outer",
                          "Parallel Aware": true,
                          "Join Type": "Inner",
                          "Startup Cost": 46846.95,
                          "Total Cost": 277948.14,
                          "Plan Rows": 203681,
                          "Plan Width": 8,
                          "Actual Startup Time": 134.205,
                          "Actual Total Time": 690.864,
                          "Actual Rows": 99604,
                          "Actual Loops": 4,
                          "Inner Unique": true,
                          "Hash Cond": "(ci.movie_id = t.id)",
                          "Plans": [
                            {
                              "Node Type": "Index Scan",
                              "Parent Relationship": "Outer",
                              "Parallel Aware": true,
                              "Scan Direction": "Forward",
                              "Index Name": "role_id_cast_info",
                              "Relation Name": "cast_info",
                              "Alias": "ci",
                              "Startup Cost": 0.56,
                              "Total Cost": 228010.93,
                              "Plan Rows": 1177458,
                              "Plan Width": 4,
                              "Actual Startup Time": 0.25,
                              "Actual Total Time": 366.116,
                              "Actual Rows": 980883,
                              "Actual Loops": 4,
                              "Index Cond": "(role_id > 5)",
                              "Rows Removed by Index Recheck": 0,
                              "Filter": "(person_id < 3045419)",
                              "Rows Removed by Filter": 1140696
                            },
                            {
                              "Node Type": "Hash",
                              "Parent Relationship": "Inner",
                              "Parallel Aware": true,
                              "Startup Cost": 45479.59,
                              "Total Cost": 45479.59,
                              "Plan Rows": 109344,
                              "Plan Width": 4,
                              "Actual Startup Time": 132.462,
                              "Actual Total Time": 132.463,
                              "Actual Rows": 82373,
                              "Actual Loops": 4,
                              "Hash Buckets": 524288,
                              "Original Hash Buckets": 524288,
                              "Hash Batches": 1,
                              "Original Hash Batches": 1,
                              "Peak Memory Usage": 17056,
                              "Plans": [
                                {
                                  "Node Type": "Seq Scan",
                                  "Parent Relationship": "Outer",
                                  "Parallel Aware": true,
                                  "Relation Name": "title",
                                  "Alias": "t",
                                  "Startup Cost": 0.0,
                                  "Total Cost": 45479.59,
                                  "Plan Rows": 109344,
                                  "Plan Width": 4,
                                  "Actual Startup Time": 0.057,
                                  "Actual Total Time": 98.853,
                                  "Actual Rows": 82373,
                                  "Actual Loops": 4,
                                  "Filter": "((production_year < 1992) AND (kind_id = 7))",
                                  "Rows Removed by Filter": 549705
                                }
                              ]
                            }
                          ]
                        }
                      ]
                    }
                  ]
                }
              ]
            }
          ]
        }
      ]
    },
    "Planning Time": 1.515,
    "Triggers": [],
    "Execution Time": 1020.173
  }
]