[
  {
    "Plan": {
      "Node Type": "Aggregate",
      "Strategy": "Plain",
      "Partial Mode": "Finalize",
      "Parallel Aware": false,
      "Startup Cost": 182098.84,
      "Total Cost": 182098.85,
      "Plan Rows": 1,
      "Plan Width": 8,
      "Actual Startup Time": 354.615,
      "Actual Total Time": 385.438,
      "Actual Rows": 1,
      "Actual Loops": 1,
      "Plans": [
        {
          "Node Type": "Gather",
          "Parent Relationship": "Outer",
          "Parallel Aware": false,
          "Startup Cost": 182098.31,
          "Total Cost": 182098.82,
          "Plan Rows": 5,
          "Plan Width": 8,
          "Actual Startup Time": 352.516,
          "Actual Total Time": 385.42,
          "Actual Rows": 6,
          "Actual Loops": 1,
          "Workers Planned": 5,
          "Workers Launched": 5,
          "Single Copy": false,
          "Plans": [
            {
              "Node Type": "Aggregate",
              "Strategy": "Plain",
              "Partial Mode": "Partial",
              "Parent Relationship": "Outer",
              "Parallel Aware": false,
              "Startup Cost": 181098.31,
              "Total Cost": 181098.32,
              "Plan Rows": 1,
              "Plan Width": 8,
              "Actual Startup Time": 346.106,
              "Actual Total Time": 346.184,
              "Actual Rows": 1,
              "Actual Loops": 6,
              "Plans": [
                {
                  "Node Type": "Hash Join",
                  "Parent Relationship": "Outer",
                  "Parallel Aware": true,
                  "Join Type": "Inner",
                  "Startup Cost": 61240.39,
                  "Total Cost": 181063.86,
                  "Plan Rows": 13783,
                  "Plan Width": 0,
                  "Actual Startup Time": 166.775,
                  "Actual Total Time": 345.833,
                  "Actual Rows": 4997,
                  "Actual Loops": 6,
                  "Inner Unique": false,
                  "Hash Cond": "(ci.movie_id = t.id)",
                  "Plans": [
                    {
                      "Node Type": "Index Scan",
                      "Parent Relationship": "Outer",
                      "Parallel Aware": true,
                      "Scan Direction": "Forward",
                      "Index Name": "role_id_cast_info",
                      "Relation Name": "cast_info",
                      "Alias": "ci",
                      "Startup Cost": 0.56,
                      "Total Cost": 118067.1,
                      "Plan Rows": 453198,
                      "Plan Width": 4,
                      "Actual Startup Time": 0.251,
                      "Actual Total Time": 154.022,
                      "Actual Rows": 123764,
                      "Actual Loops": 6,
                      "Index Cond": "(role_id = 10)",
                      "Rows Removed by Index Recheck": 0,
                      "Filter": "(person_id < 1915622)",
                      "Rows Removed by Filter": 596739
                    },
                    {
                      "Node Type": "Hash",
                      "Parent Relationship": "Inner",
                      "Parallel Aware": true,
                      "Startup Cost": 60839.33,
                      "Total Cost": 60839.33,
                      "Plan Rows": 32040,
                      "Plan Width": 8,
                      "Actual Startup Time": 165.681,
                      "Actual Total Time": 165.756,
                      "Actual Rows": 14746,
                      "Actual Loops": 6,
                      "Hash Buckets": 131072,
                      "Original Hash Buckets": 131072,
                      "Hash Batches": 1,
                      "Original Hash Batches": 1,
                      "Peak Memory Usage": 4576,
                      "Plans": [
                        {
                          "Node Type": "Hash Join",
                          "Parent Relationship": "Outer",
                          "Parallel Aware": true,
                          "Join Type": "Inner",
                          "Startup Cost": 45209.38,
                          "Total Cost": 60839.33,
                          "Plan Rows": 32040,
                          "Plan Width": 8,
                          "Actual Startup Time": 112.342,
                          "Actual Total Time": 160.626,
                          "Actual Rows": 14746,
                          "Actual Loops": 6,
                          "Inner Unique": true,
                          "Hash Cond": "(mi_idx.movie_id = t.id)",
                          "Plans": [
                            {
                              "Node Type": "Seq Scan",
                              "Parent Relationship": "Outer",
                              "Parallel Aware": true,
                              "Relation Name": "movie_info_idx",
                              "Alias": "mi_idx",
                              "Startup Cost": 0.0,
                              "Total Cost": 15122.68,
                              "Plan Rows": 193243,
                              "Plan Width": 4,
                              "Actual Startup Time": 0.033,
                              "Actual Total Time": 25.68,
                              "Actual Rows": 76654,
                              "Actual Loops": 6,
                              "Filter": "(info_type_id = 101)",
                              "Rows Removed by Filter": 153352
                            },
                            {
                              "Node Type": "Hash",
                              "Parent Relationship": "Inner",
                              "Parallel Aware": true,
                              "Startup Cost": 43899.32,
                              "Total Cost": 43899.32,
                              "Plan Rows": 104805,
                              "Plan Width": 4,
                              "Actual Startup Time": 110.707,
                              "Actual Total Time": 110.709,
                              "Actual Rows": 72919,
                              "Actual Loops": 6,
                              "Hash Buckets": 524288,
                              "Original Hash Buckets": 524288,
                              "Hash Batches": 1,
                              "Original Hash Batches": 1,
                              "Peak Memory Usage": 21376,
                              "Plans": [
                                {
                                  "Node Type": "Seq Scan",
                                  "Parent Relationship": "Outer",
                                  "Parallel Aware": true,
                                  "Relation Name": "title",
                                  "Alias": "t",
                                  "Startup Cost": 0.0,
                                  "Total Cost": 43899.32,
                                  "Plan Rows": 104805,
                                  "Plan Width": 4,
                                  "Actual Startup Time": 0.029,
                                  "Actual Total Time": 77.607,
                                  "Actual Rows": 72919,
                                  "Actual Loops": 6,
                                  "Filter": "(production_year < 1975)",
                                  "Rows Removed by Filter": 348466
                                }
                              ]
                            }
                          ]
                        }
                      ]
                    }
                  ]
                }
              ]
            }
          ]
        }
      ]
    },
    "Planning Time": 0.51,
    "Triggers": [],
    "Execution Time": 385.5
  }
]