[
    {
        "Bao": {
            "Bao prediction": 1901.577,
            "Bao recommended hint": "SET enable_mergejoin TO off; SET enable_indexscan TO off; "
        }
    },
    {
        "Plan": {
            "Node Type": "Aggregate",
            "Strategy": "Plain",
            "Partial Mode": "Finalize",
            "Parallel Aware": false,
            "Startup Cost": 556990.98,
            "Total Cost": 556990.99,
            "Plan Rows": 1,
            "Plan Width": 128,
            "Actual Startup Time": 3919.61,
            "Actual Total Time": 4047.0,
            "Actual Rows": 1,
            "Actual Loops": 1,
            "Output": [
                "min(an.name)",
                "min(chn.name)",
                "min(n.name)",
                "min(t.title)"
            ],
            "Plans": [
                {
                    "Node Type": "Gather",
                    "Parent Relationship": "Outer",
                    "Parallel Aware": false,
                    "Startup Cost": 556990.64,
                    "Total Cost": 556990.95,
                    "Plan Rows": 3,
                    "Plan Width": 128,
                    "Actual Startup Time": 3905.337,
                    "Actual Total Time": 4046.983,
                    "Actual Rows": 4,
                    "Actual Loops": 1,
                    "Output": [
                        "(PARTIAL min(an.name))",
                        "(PARTIAL min(chn.name))",
                        "(PARTIAL min(n.name))",
                        "(PARTIAL min(t.title))"
                    ],
                    "Workers Planned": 3,
                    "Workers Launched": 3,
                    "Single Copy": false,
                    "Plans": [
                        {
                            "Node Type": "Aggregate",
                            "Strategy": "Plain",
                            "Partial Mode": "Partial",
                            "Parent Relationship": "Outer",
                            "Parallel Aware": false,
                            "Startup Cost": 555990.64,
                            "Total Cost": 555990.65,
                            "Plan Rows": 1,
                            "Plan Width": 128,
                            "Actual Startup Time": 3890.227,
                            "Actual Total Time": 3890.246,
                            "Actual Rows": 1,
                            "Actual Loops": 4,
                            "Output": [
                                "PARTIAL min(an.name)",
                                "PARTIAL min(chn.name)",
                                "PARTIAL min(n.name)",
                                "PARTIAL min(t.title)"
                            ],
                            "Workers": [
                                {
                                    "Worker Number": 0,
                                    "Actual Startup Time": 3885.708,
                                    "Actual Total Time": 3885.722,
                                    "Actual Rows": 1,
                                    "Actual Loops": 1
                                },
                                {
                                    "Worker Number": 1,
                                    "Actual Startup Time": 3885.726,
                                    "Actual Total Time": 3885.746,
                                    "Actual Rows": 1,
                                    "Actual Loops": 1
                                },
                                {
                                    "Worker Number": 2,
                                    "Actual Startup Time": 3886.218,
                                    "Actual Total Time": 3886.235,
                                    "Actual Rows": 1,
                                    "Actual Loops": 1
                                }
                            ],
                            "Plans": [
                                {
                                    "Node Type": "Hash Join",
                                    "Parent Relationship": "Outer",
                                    "Parallel Aware": true,
                                    "Join Type": "Inner",
                                    "Startup Cost": 540170.12,
                                    "Total Cost": 555576.06,
                                    "Plan Rows": 41458,
                                    "Plan Width": 64,
                                    "Actual Startup Time": 3749.052,
                                    "Actual Total Time": 3862.457,
                                    "Actual Rows": 224408,
                                    "Actual Loops": 4,
                                    "Output": [
                                        "an.name",
                                        "chn.name",
                                        "n.name",
                                        "t.title"
                                    ],
                                    "Inner Unique": false,
                                    "Hash Cond": "(an.person_id = n.id)",
                                    "Workers": [
                                        {
                                            "Worker Number": 0,
                                            "Actual Startup Time": 3746.123,
                                            "Actual Total Time": 3862.022,
                                            "Actual Rows": 194641,
                                            "Actual Loops": 1
                                        },
                                        {
                                            "Worker Number": 1,
                                            "Actual Startup Time": 3744.668,
                                            "Actual Total Time": 3858.138,
                                            "Actual Rows": 206301,
                                            "Actual Loops": 1
                                        },
                                        {
                                            "Worker Number": 2,
                                            "Actual Startup Time": 3746.073,
                                            "Actual Total Time": 3857.324,
                                            "Actual Rows": 232189,
                                            "Actual Loops": 1
                                        }
                                    ],
                                    "Plans": [
                                        {
                                            "Node Type": "Seq Scan",
                                            "Parent Relationship": "Outer",
                                            "Parallel Aware": true,
                                            "Relation Name": "aka_name",
                                            "Schema": "public",
                                            "Alias": "an",
                                            "Startup Cost": 0.0,
                                            "Total Cost": 14303.56,
                                            "Plan Rows": 290756,
                                            "Plan Width": 20,
                                            "Actual Startup Time": 0.017,
                                            "Actual Total Time": 26.898,
                                            "Actual Rows": 225336,
                                            "Actual Loops": 4,
                                            "Output": [
                                                "an.id",
                                                "an.person_id",
                                                "an.name",
                                                "an.imdb_index",
                                                "an.name_pcode_cf",
                                                "an.name_pcode_nf",
                                                "an.surname_pcode",
                                                "an.md5sum"
                                            ],
                                            "Workers": [
                                                {
                                                    "Worker Number": 0,
                                                    "Actual Startup Time": 0.014,
                                                    "Actual Total Time": 29.557,
                                                    "Actual Rows": 260696,
                                                    "Actual Loops": 1
                                                },
                                                {
                                                    "Worker Number": 1,
                                                    "Actual Startup Time": 0.02,
                                                    "Actual Total Time": 26.488,
                                                    "Actual Rows": 193165,
                                                    "Actual Loops": 1
                                                },
                                                {
                                                    "Worker Number": 2,
                                                    "Actual Startup Time": 0.017,
                                                    "Actual Total Time": 26.943,
                                                    "Actual Rows": 229999,
                                                    "Actual Loops": 1
                                                }
                                            ]
                                        },
                                        {
                                            "Node Type": "Hash",
                                            "Parent Relationship": "Inner",
                                            "Parallel Aware": true,
                                            "Startup Cost": 539954.15,
                                            "Total Cost": 539954.15,
                                            "Plan Rows": 17278,
                                            "Plan Width": 56,
                                            "Actual Startup Time": 3746.671,
                                            "Actual Total Time": 3746.689,
                                            "Actual Rows": 154109,
                                            "Actual Loops": 4,
                                            "Output": [
                                                "chn.name",
                                                "ci.person_id",
                                                "n.name",
                                                "n.id",
                                                "t.title"
                                            ],
                                            "Hash Buckets": 1048576,
                                            "Original Hash Buckets": 65536,
                                            "Hash Batches": 1,
                                            "Original Hash Batches": 1,
                                            "Peak Memory Usage": 72736,
                                            "Workers": [
                                                {
                                                    "Worker Number": 0,
                                                    "Actual Startup Time": 3744.119,
                                                    "Actual Total Time": 3744.132,
                                                    "Actual Rows": 160545,
                                                    "Actual Loops": 1
                                                },
                                                {
                                                    "Worker Number": 1,
                                                    "Actual Startup Time": 3743.991,
                                                    "Actual Total Time": 3744.008,
                                                    "Actual Rows": 142426,
                                                    "Actual Loops": 1
                                                },
                                                {
                                                    "Worker Number": 2,
                                                    "Actual Startup Time": 3744.602,
                                                    "Actual Total Time": 3744.618,
                                                    "Actual Rows": 154297,
                                                    "Actual Loops": 1
                                                }
                                            ],
                                            "Plans": [
                                                {
                                                    "Node Type": "Hash Join",
                                                    "Parent Relationship": "Outer",
                                                    "Parallel Aware": true,
                                                    "Join Type": "Inner",
                                                    "Startup Cost": 509387.4,
                                                    "Total Cost": 539954.15,
                                                    "Plan Rows": 17278,
                                                    "Plan Width": 56,
                                                    "Actual Startup Time": 3373.346,
                                                    "Actual Total Time": 3630.255,
                                                    "Actual Rows": 154109,
                                                    "Actual Loops": 4,
                                                    "Output": [
                                                        "chn.name",
                                                        "ci.person_id",
                                                        "n.name",
                                                        "n.id",
                                                        "t.title"
                                                    ],
                                                    "Inner Unique": true,
                                                    "Hash Cond": "(mc.company_id = cn.id)",
                                                    "Workers": [
                                                        {
                                                            "Worker Number": 0,
                                                            "Actual Startup Time": 3370.707,
                                                            "Actual Total Time": 3627.345,
                                                            "Actual Rows": 160545,
                                                            "Actual Loops": 1
                                                        },
                                                        {
                                                            "Worker Number": 1,
                                                            "Actual Startup Time": 3370.862,
                                                            "Actual Total Time": 3628.084,
                                                            "Actual Rows": 142426,
                                                            "Actual Loops": 1
                                                        },
                                                        {
                                                            "Worker Number": 2,
                                                            "Actual Startup Time": 3371.215,
                                                            "Actual Total Time": 3628.334,
                                                            "Actual Rows": 154297,
                                                            "Actual Loops": 1
                                                        }
                                                    ],
                                                    "Plans": [
                                                        {
                                                            "Node Type": "Hash Join",
                                                            "Parent Relationship": "Outer",
                                                            "Parallel Aware": true,
                                                            "Join Type": "Inner",
                                                            "Startup Cost": 504036.38,
                                                            "Total Cost": 534478.35,
                                                            "Plan Rows": 47533,
                                                            "Plan Width": 60,
                                                            "Actual Startup Time": 3342.169,
                                                            "Actual Total Time": 3557.762,
                                                            "Actual Rows": 342252,
                                                            "Actual Loops": 4,
                                                            "Output": [
                                                                "chn.name",
                                                                "ci.person_id",
                                                                "mc.company_id",
                                                                "n.name",
                                                                "n.id",
                                                                "t.title"
                                                            ],
                                                            "Inner Unique": false,
                                                            "Hash Cond": "(mc.movie_id = ci.movie_id)",
                                                            "Workers": [
                                                                {
                                                                    "Worker Number": 0,
                                                                    "Actual Startup Time": 3342.157,
                                                                    "Actual Total Time": 3557.263,
                                                                    "Actual Rows": 356586,
                                                                    "Actual Loops": 1
                                                                },
                                                                {
                                                                    "Worker Number": 1,
                                                                    "Actual Startup Time": 3342.337,
                                                                    "Actual Total Time": 3559.708,
                                                                    "Actual Rows": 319707,
                                                                    "Actual Loops": 1
                                                                },
                                                                {
                                                                    "Worker Number": 2,
                                                                    "Actual Startup Time": 3342.149,
                                                                    "Actual Total Time": 3556.786,
                                                                    "Actual Rows": 340368,
                                                                    "Actual Loops": 1
                                                                }
                                                            ],
                                                            "Plans": [
                                                                {
                                                                    "Node Type": "Seq Scan",
                                                                    "Parent Relationship": "Outer",
                                                                    "Parallel Aware": true,
                                                                    "Relation Name": "movie_companies",
                                                                    "Schema": "public",
                                                                    "Alias": "mc",
                                                                    "Startup Cost": 0.0,
                                                                    "Total Cost": 27206.55,
                                                                    "Plan Rows": 841655,
                                                                    "Plan Width": 8,
                                                                    "Actual Startup Time": 0.025,
                                                                    "Actual Total Time": 57.691,
                                                                    "Actual Rows": 652282,
                                                                    "Actual Loops": 4,
                                                                    "Output": [
                                                                        "mc.id",
                                                                        "mc.movie_id",
                                                                        "mc.company_id",
                                                                        "mc.company_type_id",
                                                                        "mc.note"
                                                                    ],
                                                                    "Workers": [
                                                                        {
                                                                            "Worker Number": 0,
                                                                            "Actual Startup Time": 0.029,
                                                                            "Actual Total Time": 57.565,
                                                                            "Actual Rows": 679186,
                                                                            "Actual Loops": 1
                                                                        },
                                                                        {
                                                                            "Worker Number": 1,
                                                                            "Actual Startup Time": 0.029,
                                                                            "Actual Total Time": 57.706,
                                                                            "Actual Rows": 608380,
                                                                            "Actual Loops": 1
                                                                        },
                                                                        {
                                                                            "Worker Number": 2,
                                                                            "Actual Startup Time": 0.023,
                                                                            "Actual Total Time": 58.303,
                                                                            "Actual Rows": 649786,
                                                                            "Actual Loops": 1
                                                                        }
                                                                    ]
                                                                },
                                                                {
                                                                    "Node Type": "Hash",
                                                                    "Parent Relationship": "Inner",
                                                                    "Parallel Aware": true,
                                                                    "Startup Cost": 503914.29,
                                                                    "Total Cost": 503914.29,
                                                                    "Plan Rows": 9767,
                                                                    "Plan Width": 64,
                                                                    "Actual Startup Time": 3341.671,
                                                                    "Actual Total Time": 3341.684,
                                                                    "Actual Rows": 90368,
                                                                    "Actual Loops": 4,
                                                                    "Output": [
                                                                        "chn.name",
                                                                        "ci.movie_id",
                                                                        "ci.person_id",
                                                                        "n.name",
                                                                        "n.id",
                                                                        "t.title",
                                                                        "t.id"
                                                                    ],
                                                                    "Hash Buckets": 524288,
                                                                    "Original Hash Buckets": 65536,
                                                                    "Hash Batches": 1,
                                                                    "Original Hash Batches": 1,
                                                                    "Peak Memory Usage": 44384,
                                                                    "Workers": [
                                                                        {
                                                                            "Worker Number": 0,
                                                                            "Actual Startup Time": 3342.057,
                                                                            "Actual Total Time": 3342.066,
                                                                            "Actual Rows": 96532,
                                                                            "Actual Loops": 1
                                                                        },
                                                                        {
                                                                            "Worker Number": 1,
                                                                            "Actual Startup Time": 3340.741,
                                                                            "Actual Total Time": 3340.753,
                                                                            "Actual Rows": 86773,
                                                                            "Actual Loops": 1
                                                                        },
                                                                        {
                                                                            "Worker Number": 2,
                                                                            "Actual Startup Time": 3341.958,
                                                                            "Actual Total Time": 3341.969,
                                                                            "Actual Rows": 87513,
                                                                            "Actual Loops": 1
                                                                        }
                                                                    ],
                                                                    "Plans": [
                                                                        {
                                                                            "Node Type": "Nested Loop",
                                                                            "Parent Relationship": "Outer",
                                                                            "Parallel Aware": false,
                                                                            "Join Type": "Inner",
                                                                            "Startup Cost": 71666.74,
                                                                            "Total Cost": 503914.29,
                                                                            "Plan Rows": 9767,
                                                                            "Plan Width": 64,
                                                                            "Actual Startup Time": 838.955,
                                                                            "Actual Total Time": 3207.2,
                                                                            "Actual Rows": 90368,
                                                                            "Actual Loops": 4,
                                                                            "Output": [
                                                                                "chn.name",
                                                                                "ci.movie_id",
                                                                                "ci.person_id",
                                                                                "n.name",
                                                                                "n.id",
                                                                                "t.title",
                                                                                "t.id"
                                                                            ],
                                                                            "Inner Unique": true,
                                                                            "Workers": [
                                                                                {
                                                                                    "Worker Number": 0,
                                                                                    "Actual Startup Time": 838.899,
                                                                                    "Actual Total Time": 3207.654,
                                                                                    "Actual Rows": 96532,
                                                                                    "Actual Loops": 1
                                                                                },
                                                                                {
                                                                                    "Worker Number": 1,
                                                                                    "Actual Startup Time": 839.112,
                                                                                    "Actual Total Time": 3200.853,
                                                                                    "Actual Rows": 86773,
                                                                                    "Actual Loops": 1
                                                                                },
                                                                                {
                                                                                    "Worker Number": 2,
                                                                                    "Actual Startup Time": 838.91,
                                                                                    "Actual Total Time": 3210.207,
                                                                                    "Actual Rows": 87513,
                                                                                    "Actual Loops": 1
                                                                                }
                                                                            ],
                                                                            "Plans": [
                                                                                {
                                                                                    "Node Type": "Nested Loop",
                                                                                    "Parent Relationship": "Outer",
                                                                                    "Parallel Aware": false,
                                                                                    "Join Type": "Inner",
                                                                                    "Startup Cost": 71666.29,
                                                                                    "Total Cost": 460332.41,
                                                                                    "Plan Rows": 9767,
                                                                                    "Plan Width": 43,
                                                                                    "Actual Startup Time": 838.84,
                                                                                    "Actual Total Time": 2478.36,
                                                                                    "Actual Rows": 90368,
                                                                                    "Actual Loops": 4,
                                                                                    "Output": [
                                                                                        "chn.name",
                                                                                        "ci.movie_id",
                                                                                        "ci.person_id",
                                                                                        "n.name",
                                                                                        "n.id"
                                                                                    ],
                                                                                    "Inner Unique": true,
                                                                                    "Workers": [
                                                                                        {
                                                                                            "Worker Number": 0,
                                                                                            "Actual Startup Time": 838.771,
                                                                                            "Actual Total Time": 2478.427,
                                                                                            "Actual Rows": 96532,
                                                                                            "Actual Loops": 1
                                                                                        },
                                                                                        {
                                                                                            "Worker Number": 1,
                                                                                            "Actual Startup Time": 838.973,
                                                                                            "Actual Total Time": 2474.346,
                                                                                            "Actual Rows": 86773,
                                                                                            "Actual Loops": 1
                                                                                        },
                                                                                        {
                                                                                            "Worker Number": 2,
                                                                                            "Actual Startup Time": 838.772,
                                                                                            "Actual Total Time": 2479.825,
                                                                                            "Actual Rows": 87513,
                                                                                            "Actual Loops": 1
                                                                                        }
                                                                                    ],
                                                                                    "Plans": [
                                                                                        {
                                                                                            "Node Type": "Hash Join",
                                                                                            "Parent Relationship": "Outer",
                                                                                            "Parallel Aware": false,
                                                                                            "Join Type": "Inner",
                                                                                            "Startup Cost": 71665.84,
                                                                                            "Total Cost": 416721.69,
                                                                                            "Plan Rows": 9767,
                                                                                            "Plan Width": 31,
                                                                                            "Actual Startup Time": 838.693,
                                                                                            "Actual Total Time": 1744.596,
                                                                                            "Actual Rows": 97579,
                                                                                            "Actual Loops": 4,
                                                                                            "Output": [
                                                                                                "ci.movie_id",
                                                                                                "ci.person_id",
                                                                                                "ci.person_role_id",
                                                                                                "n.name",
                                                                                                "n.id"
                                                                                            ],
                                                                                            "Inner Unique": true,
                                                                                            "Hash Cond": "(ci.role_id = rt.id)",
                                                                                            "Workers": [
                                                                                                {
                                                                                                    "Worker Number": 0,
                                                                                                    "Actual Startup Time": 838.639,
                                                                                                    "Actual Total Time": 1745.787,
                                                                                                    "Actual Rows": 103951,
                                                                                                    "Actual Loops": 1
                                                                                                },
                                                                                                {
                                                                                                    "Worker Number": 1,
                                                                                                    "Actual Startup Time": 838.801,
                                                                                                    "Actual Total Time": 1744.352,
                                                                                                    "Actual Rows": 93792,
                                                                                                    "Actual Loops": 1
                                                                                                },
                                                                                                {
                                                                                                    "Worker Number": 2,
                                                                                                    "Actual Startup Time": 838.61,
                                                                                                    "Actual Total Time": 1744.386,
                                                                                                    "Actual Rows": 94312,
                                                                                                    "Actual Loops": 1
                                                                                                }
                                                                                            ],
                                                                                            "Plans": [
                                                                                                {
                                                                                                    "Node Type": "Hash Join",
                                                                                                    "Parent Relationship": "Outer",
                                                                                                    "Parallel Aware": true,
                                                                                                    "Join Type": "Inner",
                                                                                                    "Startup Cost": 71664.68,
                                                                                                    "Total Cost": 416304.21,
                                                                                                    "Plan Rows": 117203,
                                                                                                    "Plan Width": 35,
                                                                                                    "Actual Startup Time": 838.602,
                                                                                                    "Actual Total Time": 1710.672,
                                                                                                    "Actual Rows": 132835,
                                                                                                    "Actual Loops": 4,
                                                                                                    "Output": [
                                                                                                        "ci.movie_id",
                                                                                                        "ci.role_id",
                                                                                                        "ci.person_id",
                                                                                                        "ci.person_role_id",
                                                                                                        "n.name",
                                                                                                        "n.id"
                                                                                                    ],
                                                                                                    "Inner Unique": true,
                                                                                                    "Hash Cond": "(ci.person_id = n.id)",
                                                                                                    "Workers": [
                                                                                                        {
                                                                                                            "Worker Number": 0,
                                                                                                            "Actual Startup Time": 838.528,
                                                                                                            "Actual Total Time": 1711.596,
                                                                                                            "Actual Rows": 139561,
                                                                                                            "Actual Loops": 1
                                                                                                        },
                                                                                                        {
                                                                                                            "Worker Number": 1,
                                                                                                            "Actual Startup Time": 838.708,
                                                                                                            "Actual Total Time": 1711.758,
                                                                                                            "Actual Rows": 127396,
                                                                                                            "Actual Loops": 1
                                                                                                        },
                                                                                                        {
                                                                                                            "Worker Number": 2,
                                                                                                            "Actual Startup Time": 838.504,
                                                                                                            "Actual Total Time": 1710.126,
                                                                                                            "Actual Rows": 129814,
                                                                                                            "Actual Loops": 1
                                                                                                        }
                                                                                                    ],
                                                                                                    "Plans": [
                                                                                                        {
                                                                                                            "Node Type": "Seq Scan",
                                                                                                            "Parent Relationship": "Outer",
                                                                                                            "Parallel Aware": true,
                                                                                                            "Relation Name": "cast_info",
                                                                                                            "Schema": "public",
                                                                                                            "Alias": "ci",
                                                                                                            "Startup Cost": 0.0,
                                                                                                            "Total Cost": 343316.27,
                                                                                                            "Plan Rows": 504100,
                                                                                                            "Plan Width": 16,
                                                                                                            "Actual Startup Time": 0.029,
                                                                                                            "Actual Total Time": 1209.806,
                                                                                                            "Actual Rows": 778755,
                                                                                                            "Actual Loops": 4,
                                                                                                            "Output": [
                                                                                                                "ci.id",
                                                                                                                "ci.person_id",
                                                                                                                "ci.movie_id",
                                                                                                                "ci.person_role_id",
                                                                                                                "ci.note",
                                                                                                                "ci.nr_order",
                                                                                                                "ci.role_id"
                                                                                                            ],
                                                                                                            "Filter": "(ci.note = ANY ('{(uncredited),(writer),(voice),\"(executive producer)\"}'::text[]))",
                                                                                                            "Rows Removed by Filter": 8282331,
                                                                                                            "Workers": [
                                                                                                                {
                                                                                                                    "Worker Number": 0,
                                                                                                                    "Actual Startup Time": 0.023,
                                                                                                                    "Actual Total Time": 1213.719,
                                                                                                                    "Actual Rows": 793971,
                                                                                                                    "Actual Loops": 1
                                                                                                                },
                                                                                                                {
                                                                                                                    "Worker Number": 1,
                                                                                                                    "Actual Startup Time": 0.034,
                                                                                                                    "Actual Total Time": 1208.253,
                                                                                                                    "Actual Rows": 749778,
                                                                                                                    "Actual Loops": 1
                                                                                                                },
                                                                                                                {
                                                                                                                    "Worker Number": 2,
                                                                                                                    "Actual Startup Time": 0.018,
                                                                                                                    "Actual Total Time": 1209.085,
                                                                                                                    "Actual Rows": 782310,
                                                                                                                    "Actual Loops": 1
                                                                                                                }
                                                                                                            ]
                                                                                                        },
                                                                                                        {
                                                                                                            "Node Type": "Hash",
                                                                                                            "Parent Relationship": "Inner",
                                                                                                            "Parallel Aware": true,
                                                                                                            "Startup Cost": 68636.68,
                                                                                                            "Total Cost": 68636.68,
                                                                                                            "Plan Rows": 242240,
                                                                                                            "Plan Width": 19,
                                                                                                            "Actual Startup Time": 337.66,
                                                                                                            "Actual Total Time": 337.661,
                                                                                                            "Actual Rows": 240389,
                                                                                                            "Actual Loops": 4,
                                                                                                            "Output": [
                                                                                                                "n.name",
                                                                                                                "n.id"
                                                                                                            ],
                                                                                                            "Hash Buckets": 1048576,
                                                                                                            "Original Hash Buckets": 1048576,
                                                                                                            "Hash Batches": 1,
                                                                                                            "Original Hash Batches": 1,
                                                                                                            "Peak Memory Usage": 60608,
                                                                                                            "Workers": [
                                                                                                                {
                                                                                                                    "Worker Number": 0,
                                                                                                                    "Actual Startup Time": 339.834,
                                                                                                                    "Actual Total Time": 339.835,
                                                                                                                    "Actual Rows": 244772,
                                                                                                                    "Actual Loops": 1
                                                                                                                },
                                                                                                                {
                                                                                                                    "Worker Number": 1,
                                                                                                                    "Actual Startup Time": 331.039,
                                                                                                                    "Actual Total Time": 331.04,
                                                                                                                    "Actual Rows": 228600,
                                                                                                                    "Actual Loops": 1
                                                                                                                },
                                                                                                                {
                                                                                                                    "Worker Number": 2,
                                                                                                                    "Actual Startup Time": 339.78,
                                                                                                                    "Actual Total Time": 339.781,
                                                                                                                    "Actual Rows": 243539,
                                                                                                                    "Actual Loops": 1
                                                                                                                }
                                                                                                            ],
                                                                                                            "Plans": [
                                                                                                                {
                                                                                                                    "Node Type": "Seq Scan",
                                                                                                                    "Parent Relationship": "Outer",
                                                                                                                    "Parallel Aware": true,
                                                                                                                    "Relation Name": "name",
                                                                                                                    "Schema": "public",
                                                                                                                    "Alias": "n",
                                                                                                                    "Startup Cost": 0.0,
                                                                                                                    "Total Cost": 68636.68,
                                                                                                                    "Plan Rows": 242240,
                                                                                                                    "Plan Width": 19,
                                                                                                                    "Actual Startup Time": 86.055,
                                                                                                                    "Actual Total Time": 213.512,
                                                                                                                    "Actual Rows": 240389,
                                                                                                                    "Actual Loops": 4,
                                                                                                                    "Output": [
                                                                                                                        "n.name",
                                                                                                                        "n.id"
                                                                                                                    ],
                                                                                                                    "Filter": "((n.gender)::text = 'f'::text)",
                                                                                                                    "Rows Removed by Filter": 801484,
                                                                                                                    "Workers": [
                                                                                                                        {
                                                                                                                            "Worker Number": 0,
                                                                                                                            "Actual Startup Time": 86.019,
                                                                                                                            "Actual Total Time": 214.068,
                                                                                                                            "Actual Rows": 244772,
                                                                                                                            "Actual Loops": 1
                                                                                                                        },
                                                                                                                        {
                                                                                                                            "Worker Number": 1,
                                                                                                                            "Actual Startup Time": 86.085,
                                                                                                                            "Actual Total Time": 211.975,
                                                                                                                            "Actual Rows": 228600,
                                                                                                                            "Actual Loops": 1
                                                                                                                        },
                                                                                                                        {
                                                                                                                            "Worker Number": 2,
                                                                                                                            "Actual Startup Time": 86.012,
                                                                                                                            "Actual Total Time": 214.249,
                                                                                                                            "Actual Rows": 243539,
                                                                                                                            "Actual Loops": 1
                                                                                                                        }
                                                                                                                    ]
                                                                                                                }
                                                                                                            ]
                                                                                                        }
                                                                                                    ]
                                                                                                },
                                                                                                {
                                                                                                    "Node Type": "Hash",
                                                                                                    "Parent Relationship": "Inner",
                                                                                                    "Parallel Aware": false,
                                                                                                    "Startup Cost": 1.15,
                                                                                                    "Total Cost": 1.15,
                                                                                                    "Plan Rows": 1,
                                                                                                    "Plan Width": 4,
                                                                                                    "Actual Startup Time": 0.054,
                                                                                                    "Actual Total Time": 0.055,
                                                                                                    "Actual Rows": 1,
                                                                                                    "Actual Loops": 4,
                                                                                                    "Output": [
                                                                                                        "rt.id"
                                                                                                    ],
                                                                                                    "Hash Buckets": 1024,
                                                                                                    "Original Hash Buckets": 1024,
                                                                                                    "Hash Batches": 1,
                                                                                                    "Original Hash Batches": 1,
                                                                                                    "Peak Memory Usage": 9,
                                                                                                    "Workers": [
                                                                                                        {
                                                                                                            "Worker Number": 0,
                                                                                                            "Actual Startup Time": 0.079,
                                                                                                            "Actual Total Time": 0.08,
                                                                                                            "Actual Rows": 1,
                                                                                                            "Actual Loops": 1
                                                                                                        },
                                                                                                        {
                                                                                                            "Worker Number": 1,
                                                                                                            "Actual Startup Time": 0.059,
                                                                                                            "Actual Total Time": 0.06,
                                                                                                            "Actual Rows": 1,
                                                                                                            "Actual Loops": 1
                                                                                                        },
                                                                                                        {
                                                                                                            "Worker Number": 2,
                                                                                                            "Actual Startup Time": 0.053,
                                                                                                            "Actual Total Time": 0.054,
                                                                                                            "Actual Rows": 1,
                                                                                                            "Actual Loops": 1
                                                                                                        }
                                                                                                    ],
                                                                                                    "Plans": [
                                                                                                        {
                                                                                                            "Node Type": "Seq Scan",
                                                                                                            "Parent Relationship": "Outer",
                                                                                                            "Parallel Aware": false,
                                                                                                            "Relation Name": "role_type",
                                                                                                            "Schema": "public",
                                                                                                            "Alias": "rt",
                                                                                                            "Startup Cost": 0.0,
                                                                                                            "Total Cost": 1.15,
                                                                                                            "Plan Rows": 1,
                                                                                                            "Plan Width": 4,
                                                                                                            "Actual Startup Time": 0.044,
                                                                                                            "Actual Total Time": 0.046,
                                                                                                            "Actual Rows": 1,
                                                                                                            "Actual Loops": 4,
                                                                                                            "Output": [
                                                                                                                "rt.id"
                                                                                                            ],
                                                                                                            "Filter": "((rt.role)::text = 'actress'::text)",
                                                                                                            "Rows Removed by Filter": 11,
                                                                                                            "Workers": [
                                                                                                                {
                                                                                                                    "Worker Number": 0,
                                                                                                                    "Actual Startup Time": 0.065,
                                                                                                                    "Actual Total Time": 0.068,
                                                                                                                    "Actual Rows": 1,
                                                                                                                    "Actual Loops": 1
                                                                                                                },
                                                                                                                {
                                                                                                                    "Worker Number": 1,
                                                                                                                    "Actual Startup Time": 0.051,
                                                                                                                    "Actual Total Time": 0.053,
                                                                                                                    "Actual Rows": 1,
                                                                                                                    "Actual Loops": 1
                                                                                                                },
                                                                                                                {
                                                                                                                    "Worker Number": 2,
                                                                                                                    "Actual Startup Time": 0.043,
                                                                                                                    "Actual Total Time": 0.046,
                                                                                                                    "Actual Rows": 1,
                                                                                                                    "Actual Loops": 1
                                                                                                                }
                                                                                                            ]
                                                                                                        }
                                                                                                    ]
                                                                                                }
                                                                                            ]
                                                                                        },
                                                                                        {
                                                                                            "Node Type": "Bitmap Heap Scan",
                                                                                            "Parent Relationship": "Inner",
                                                                                            "Parallel Aware": false,
                                                                                            "Relation Name": "char_name",
                                                                                            "Schema": "public",
                                                                                            "Alias": "chn",
                                                                                            "Startup Cost": 0.45,
                                                                                            "Total Cost": 4.47,
                                                                                            "Plan Rows": 1,
                                                                                            "Plan Width": 20,
                                                                                            "Actual Startup Time": 0.005,
                                                                                            "Actual Total Time": 0.005,
                                                                                            "Actual Rows": 1,
                                                                                            "Actual Loops": 390315,
                                                                                            "Output": [
                                                                                                "chn.id",
                                                                                                "chn.name",
                                                                                                "chn.imdb_index",
                                                                                                "chn.imdb_id",
                                                                                                "chn.name_pcode_nf",
                                                                                                "chn.surname_pcode",
                                                                                                "chn.md5sum"
                                                                                            ],
                                                                                            "Recheck Cond": "(chn.id = ci.person_role_id)",
                                                                                            "Rows Removed by Index Recheck": 0,
                                                                                            "Exact Heap Blocks": 90652,
                                                                                            "Lossy Heap Blocks": 0,
                                                                                            "Workers": [
                                                                                                {
                                                                                                    "Worker Number": 0,
                                                                                                    "Actual Startup Time": 0.005,
                                                                                                    "Actual Total Time": 0.005,
                                                                                                    "Actual Rows": 1,
                                                                                                    "Actual Loops": 103951
                                                                                                },
                                                                                                {
                                                                                                    "Worker Number": 1,
                                                                                                    "Actual Startup Time": 0.005,
                                                                                                    "Actual Total Time": 0.005,
                                                                                                    "Actual Rows": 1,
                                                                                                    "Actual Loops": 93792
                                                                                                },
                                                                                                {
                                                                                                    "Worker Number": 2,
                                                                                                    "Actual Startup Time": 0.005,
                                                                                                    "Actual Total Time": 0.005,
                                                                                                    "Actual Rows": 1,
                                                                                                    "Actual Loops": 94312
                                                                                                }
                                                                                            ],
                                                                                            "Plans": [
                                                                                                {
                                                                                                    "Node Type": "Bitmap Index Scan",
                                                                                                    "Parent Relationship": "Outer",
                                                                                                    "Parallel Aware": false,
                                                                                                    "Index Name": "char_name_pkey",
                                                                                                    "Startup Cost": 0.0,
                                                                                                    "Total Cost": 0.45,
                                                                                                    "Plan Rows": 1,
                                                                                                    "Plan Width": 0,
                                                                                                    "Actual Startup Time": 0.003,
                                                                                                    "Actual Total Time": 0.003,
                                                                                                    "Actual Rows": 1,
                                                                                                    "Actual Loops": 390315,
                                                                                                    "Index Cond": "(chn.id = ci.person_role_id)",
                                                                                                    "Workers": [
                                                                                                        {
                                                                                                            "Worker Number": 0,
                                                                                                            "Actual Startup Time": 0.003,
                                                                                                            "Actual Total Time": 0.003,
                                                                                                            "Actual Rows": 1,
                                                                                                            "Actual Loops": 103951
                                                                                                        },
                                                                                                        {
                                                                                                            "Worker Number": 1,
                                                                                                            "Actual Startup Time": 0.003,
                                                                                                            "Actual Total Time": 0.003,
                                                                                                            "Actual Rows": 1,
                                                                                                            "Actual Loops": 93792
                                                                                                        },
                                                                                                        {
                                                                                                            "Worker Number": 2,
                                                                                                            "Actual Startup Time": 0.003,
                                                                                                            "Actual Total Time": 0.003,
                                                                                                            "Actual Rows": 1,
                                                                                                            "Actual Loops": 94312
                                                                                                        }
                                                                                                    ]
                                                                                                }
                                                                                            ]
                                                                                        }
                                                                                    ]
                                                                                },
                                                                                {
                                                                                    "Node Type": "Bitmap Heap Scan",
                                                                                    "Parent Relationship": "Inner",
                                                                                    "Parallel Aware": false,
                                                                                    "Relation Name": "title",
                                                                                    "Schema": "public",
                                                                                    "Alias": "t",
                                                                                    "Startup Cost": 0.45,
                                                                                    "Total Cost": 4.46,
                                                                                    "Plan Rows": 1,
                                                                                    "Plan Width": 21,
                                                                                    "Actual Startup Time": 0.006,
                                                                                    "Actual Total Time": 0.006,
                                                                                    "Actual Rows": 1,
                                                                                    "Actual Loops": 361470,
                                                                                    "Output": [
                                                                                        "t.id",
                                                                                        "t.title",
                                                                                        "t.imdb_index",
                                                                                        "t.kind_id",
                                                                                        "t.production_year",
                                                                                        "t.imdb_id",
                                                                                        "t.phonetic_code",
                                                                                        "t.episode_of_id",
                                                                                        "t.season_nr",
                                                                                        "t.episode_nr",
                                                                                        "t.series_years",
                                                                                        "t.md5sum"
                                                                                    ],
                                                                                    "Recheck Cond": "(t.id = ci.movie_id)",
                                                                                    "Rows Removed by Index Recheck": 0,
                                                                                    "Exact Heap Blocks": 90652,
                                                                                    "Lossy Heap Blocks": 0,
                                                                                    "Workers": [
                                                                                        {
                                                                                            "Worker Number": 0,
                                                                                            "Actual Startup Time": 0.005,
                                                                                            "Actual Total Time": 0.005,
                                                                                            "Actual Rows": 1,
                                                                                            "Actual Loops": 96532
                                                                                        },
                                                                                        {
                                                                                            "Worker Number": 1,
                                                                                            "Actual Startup Time": 0.006,
                                                                                            "Actual Total Time": 0.006,
                                                                                            "Actual Rows": 1,
                                                                                            "Actual Loops": 86773
                                                                                        },
                                                                                        {
                                                                                            "Worker Number": 2,
                                                                                            "Actual Startup Time": 0.006,
                                                                                            "Actual Total Time": 0.006,
                                                                                            "Actual Rows": 1,
                                                                                            "Actual Loops": 87513
                                                                                        }
                                                                                    ],
                                                                                    "Plans": [
                                                                                        {
                                                                                            "Node Type": "Bitmap Index Scan",
                                                                                            "Parent Relationship": "Outer",
                                                                                            "Parallel Aware": false,
                                                                                            "Index Name": "title_pkey",
                                                                                            "Startup Cost": 0.0,
                                                                                            "Total Cost": 0.45,
                                                                                            "Plan Rows": 1,
                                                                                            "Plan Width": 0,
                                                                                            "Actual Startup Time": 0.003,
                                                                                            "Actual Total Time": 0.003,
                                                                                            "Actual Rows": 1,
                                                                                            "Actual Loops": 361470,
                                                                                            "Index Cond": "(t.id = ci.movie_id)",
                                                                                            "Workers": [
                                                                                                {
                                                                                                    "Worker Number": 0,
                                                                                                    "Actual Startup Time": 0.003,
                                                                                                    "Actual Total Time": 0.003,
                                                                                                    "Actual Rows": 1,
                                                                                                    "Actual Loops": 96532
                                                                                                },
                                                                                                {
                                                                                                    "Worker Number": 1,
                                                                                                    "Actual Startup Time": 0.004,
                                                                                                    "Actual Total Time": 0.004,
                                                                                                    "Actual Rows": 1,
                                                                                                    "Actual Loops": 86773
                                                                                                },
                                                                                                {
                                                                                                    "Worker Number": 2,
                                                                                                    "Actual Startup Time": 0.003,
                                                                                                    "Actual Total Time": 0.003,
                                                                                                    "Actual Rows": 1,
                                                                                                    "Actual Loops": 87513
                                                                                                }
                                                                                            ]
                                                                                        }
                                                                                    ]
                                                                                }
                                                                            ]
                                                                        }
                                                                    ]
                                                                }
                                                            ]
                                                        },
                                                        {
                                                            "Node Type": "Hash",
                                                            "Parent Relationship": "Inner",
                                                            "Parallel Aware": true,
                                                            "Startup Cost": 4722.92,
                                                            "Total Cost": 4722.92,
                                                            "Plan Rows": 50248,
                                                            "Plan Width": 4,
                                                            "Actual Startup Time": 30.474,
                                                            "Actual Total Time": 30.474,
                                                            "Actual Rows": 21211,
                                                            "Actual Loops": 4,
                                                            "Output": [
                                                                "cn.id"
                                                            ],
                                                            "Hash Buckets": 131072,
                                                            "Original Hash Buckets": 131072,
                                                            "Hash Batches": 1,
                                                            "Original Hash Batches": 1,
                                                            "Peak Memory Usage": 4416,
                                                            "Workers": [
                                                                {
                                                                    "Worker Number": 0,
                                                                    "Actual Startup Time": 28.476,
                                                                    "Actual Total Time": 28.476,
                                                                    "Actual Rows": 20160,
                                                                    "Actual Loops": 1
                                                                },
                                                                {
                                                                    "Worker Number": 1,
                                                                    "Actual Startup Time": 28.466,
                                                                    "Actual Total Time": 28.467,
                                                                    "Actual Rows": 18555,
                                                                    "Actual Loops": 1
                                                                },
                                                                {
                                                                    "Worker Number": 2,
                                                                    "Actual Startup Time": 28.952,
                                                                    "Actual Total Time": 28.953,
                                                                    "Actual Rows": 20481,
                                                                    "Actual Loops": 1
                                                                }
                                                            ],
                                                            "Plans": [
                                                                {
                                                                    "Node Type": "Seq Scan",
                                                                    "Parent Relationship": "Outer",
                                                                    "Parallel Aware": true,
                                                                    "Relation Name": "company_name",
                                                                    "Schema": "public",
                                                                    "Alias": "cn",
                                                                    "Startup Cost": 0.0,
                                                                    "Total Cost": 4722.92,
                                                                    "Plan Rows": 50248,
                                                                    "Plan Width": 4,
                                                                    "Actual Startup Time": 0.066,
                                                                    "Actual Total Time": 20.382,
                                                                    "Actual Rows": 21211,
                                                                    "Actual Loops": 4,
                                                                    "Output": [
                                                                        "cn.id"
                                                                    ],
                                                                    "Filter": "((cn.country_code)::text = '[us]'::text)",
                                                                    "Rows Removed by Filter": 37538,
                                                                    "Workers": [
                                                                        {
                                                                            "Worker Number": 0,
                                                                            "Actual Startup Time": 0.062,
                                                                            "Actual Total Time": 19.068,
                                                                            "Actual Rows": 20160,
                                                                            "Actual Loops": 1
                                                                        },
                                                                        {
                                                                            "Worker Number": 1,
                                                                            "Actual Startup Time": 0.071,
                                                                            "Actual Total Time": 18.927,
                                                                            "Actual Rows": 18555,
                                                                            "Actual Loops": 1
                                                                        },
                                                                        {
                                                                            "Worker Number": 2,
                                                                            "Actual Startup Time": 0.086,
                                                                            "Actual Total Time": 19.298,
                                                                            "Actual Rows": 20481,
                                                                            "Actual Loops": 1
                                                                        }
                                                                    ]
                                                                }
                                                            ]
                                                        }
                                                    ]
                                                }
                                            ]
                                        }
                                    ]
                                }
                            ]
                        }
                    ]
                }
            ]
        },
        "Planning Time": 2162.971,
        "Triggers": [],
        "Execution Time": 4048.118
    }
]