[
  {
    "Plan": {
      "Node Type": "Aggregate",
      "Strategy": "Plain",
      "Partial Mode": "Simple",
      "Parallel Aware": false,
      "Startup Cost": 987.87,
      "Total Cost": 987.88,
      "Plan Rows": 1,
      "Plan Width": 8,
      "Actual Startup Time": 0.899,
      "Actual Total Time": 0.901,
      "Actual Rows": 1,
      "Actual Loops": 1,
      "Plans": [
        {
          "Node Type": "Index Scan",
          "Parent Relationship": "Outer",
          "Parallel Aware": false,
          "Scan Direction": "Forward",
          "Index Name": "person_id_cast_info",
          "Relation Name": "cast_info",
          "Alias": "ci",
          "Startup Cost": 0.56,
          "Total Cost": 987.07,
          "Plan Rows": 323,
          "Plan Width": 0,
          "Actual Startup Time": 0.658,
          "Actual Total Time": 0.851,
          "Actual Rows": 246,
          "Actual Loops": 1,
          "Index Cond": "(person_id = 2260978)",
          "Rows Removed by Index Recheck": 0,
          "Filter": "(role_id < 4)",
          "Rows Removed by Filter": 81
        }
      ]
    },
    "Planning Time": 0.22,
    "Triggers": [],
    "Execution Time": 0.951
  }
]