[
  {
    "Plan": {
      "Node Type": "Aggregate",
      "Strategy": "Plain",
      "Partial Mode": "Finalize",
      "Parallel Aware": false,
      "Startup Cost": 33264.09,
      "Total Cost": 33264.1,
      "Plan Rows": 1,
      "Plan Width": 8,
      "Actual Startup Time": 88.339,
      "Actual Total Time": 96.296,
      "Actual Rows": 1,
      "Actual Loops": 1,
      "Plans": [
        {
          "Node Type": "Gather",
          "Parent Relationship": "Outer",
          "Parallel Aware": false,
          "Startup Cost": 33263.77,
          "Total Cost": 33264.08,
          "Plan Rows": 3,
          "Plan Width": 8,
          "Actual Startup Time": 88.183,
          "Actual Total Time": 96.286,
          "Actual Rows": 4,
          "Actual Loops": 1,
          "Workers Planned": 3,
          "Workers Launched": 3,
          "Single Copy": false,
          "Plans": [
            {
              "Node Type": "Aggregate",
              "Strategy": "Plain",
              "Partial Mode": "Partial",
              "Parent Relationship": "Outer",
              "Parallel Aware": false,
              "Startup Cost": 32263.77,
              "Total Cost": 32263.78,
              "Plan Rows": 1,
              "Plan Width": 8,
              "Actual Startup Time": 84.757,
              "Actual Total Time": 84.758,
              "Actual Rows": 1,
              "Actual Loops": 4,
              "Plans": [
                {
                  "Node Type": "Seq Scan",
                  "Parent Relationship": "Outer",
                  "Parallel Aware": true,
                  "Relation Name": "movie_companies",
                  "Alias": "mc",
                  "Startup Cost": 0.0,
                  "Total Cost": 31414.82,
                  "Plan Rows": 339581,
                  "Plan Width": 0,
                  "Actual Startup Time": 0.012,
                  "Actual Total Time": 71.137,
                  "Actual Rows": 318562,
                  "Actual Loops": 4,
                  "Filter": "((company_id < 76987) AND (company_type_id = 1))",
                  "Rows Removed by Filter": 333721
                }
              ]
            }
          ]
        }
      ]
    },
    "Planning Time": 0.272,
    "Triggers": [],
    "Execution Time": 96.352
  }
]