[
    {
        "Bao": {
            "Bao prediction": 445.072,
            "Bao recommended hint": "(no hint)"
        }
    },
    {
        "Plan": {
            "Node Type": "Aggregate",
            "Strategy": "Plain",
            "Partial Mode": "Finalize",
            "Parallel Aware": false,
            "Startup Cost": 30878.98,
            "Total Cost": 30878.99,
            "Plan Rows": 1,
            "Plan Width": 8,
            "Actual Startup Time": 104.281,
            "Actual Total Time": 109.125,
            "Actual Rows": 1,
            "Actual Loops": 1,
            "Output": [
                "count(*)"
            ],
            "Plans": [
                {
                    "Node Type": "Gather",
                    "Parent Relationship": "Outer",
                    "Parallel Aware": false,
                    "Startup Cost": 30878.66,
                    "Total Cost": 30878.97,
                    "Plan Rows": 3,
                    "Plan Width": 8,
                    "Actual Startup Time": 104.16,
                    "Actual Total Time": 109.117,
                    "Actual Rows": 4,
                    "Actual Loops": 1,
                    "Output": [
                        "(PARTIAL count(*))"
                    ],
                    "Workers Planned": 3,
                    "Workers Launched": 3,
                    "Single Copy": false,
                    "Plans": [
                        {
                            "Node Type": "Aggregate",
                            "Strategy": "Plain",
                            "Partial Mode": "Partial",
                            "Parent Relationship": "Outer",
                            "Parallel Aware": false,
                            "Startup Cost": 29878.66,
                            "Total Cost": 29878.67,
                            "Plan Rows": 1,
                            "Plan Width": 8,
                            "Actual Startup Time": 96.575,
                            "Actual Total Time": 96.576,
                            "Actual Rows": 1,
                            "Actual Loops": 4,
                            "Output": [
                                "PARTIAL count(*)"
                            ],
                            "Workers": [
                                {
                                    "Worker Number": 0,
                                    "Actual Startup Time": 94.064,
                                    "Actual Total Time": 94.065,
                                    "Actual Rows": 1,
                                    "Actual Loops": 1
                                },
                                {
                                    "Worker Number": 1,
                                    "Actual Startup Time": 94.241,
                                    "Actual Total Time": 94.242,
                                    "Actual Rows": 1,
                                    "Actual Loops": 1
                                },
                                {
                                    "Worker Number": 2,
                                    "Actual Startup Time": 94.408,
                                    "Actual Total Time": 94.409,
                                    "Actual Rows": 1,
                                    "Actual Loops": 1
                                }
                            ],
                            "Plans": [
                                {
                                    "Node Type": "Seq Scan",
                                    "Parent Relationship": "Outer",
                                    "Parallel Aware": true,
                                    "Relation Name": "movie_companies",
                                    "Schema": "public",
                                    "Alias": "mc",
                                    "Startup Cost": 0.0,
                                    "Total Cost": 29310.68,
                                    "Plan Rows": 227193,
                                    "Plan Width": 0,
                                    "Actual Startup Time": 33.906,
                                    "Actual Total Time": 86.509,
                                    "Actual Rows": 175800,
                                    "Actual Loops": 4,
                                    "Output": [
                                        "id",
                                        "movie_id",
                                        "company_id",
                                        "company_type_id",
                                        "note"
                                    ],
                                    "Filter": "(mc.company_id > 44900)",
                                    "Rows Removed by Filter": 476483,
                                    "Workers": [
                                        {
                                            "Worker Number": 0,
                                            "Actual Startup Time": 31.396,
                                            "Actual Total Time": 84.059,
                                            "Actual Rows": 144866,
                                            "Actual Loops": 1
                                        },
                                        {
                                            "Worker Number": 1,
                                            "Actual Startup Time": 31.574,
                                            "Actual Total Time": 84.226,
                                            "Actual Rows": 145286,
                                            "Actual Loops": 1
                                        },
                                        {
                                            "Worker Number": 2,
                                            "Actual Startup Time": 31.735,
                                            "Actual Total Time": 84.413,
                                            "Actual Rows": 144791,
                                            "Actual Loops": 1
                                        }
                                    ]
                                }
                            ]
                        }
                    ]
                }
            ]
        },
        "Planning Time": 529.608,
        "Triggers": [],
        "Execution Time": 109.209
    }
]