[
  {
    "Plan": {
      "Node Type": "Aggregate",
      "Strategy": "Plain",
      "Partial Mode": "Finalize",
      "Parallel Aware": false,
      "Startup Cost": 360915.24,
      "Total Cost": 360915.25,
      "Plan Rows": 1,
      "Plan Width": 8,
      "Actual Startup Time": 548.918,
      "Actual Total Time": 572.1,
      "Actual Rows": 1,
      "Actual Loops": 1,
      "Plans": [
        {
          "Node Type": "Gather",
          "Parent Relationship": "Outer",
          "Parallel Aware": false,
          "Startup Cost": 360914.62,
          "Total Cost": 360915.23,
          "Plan Rows": 6,
          "Plan Width": 8,
          "Actual Startup Time": 537.9,
          "Actual Total Time": 572.087,
          "Actual Rows": 7,
          "Actual Loops": 1,
          "Workers Planned": 6,
          "Workers Launched": 6,
          "Single Copy": false,
          "Plans": [
            {
              "Node Type": "Aggregate",
              "Strategy": "Plain",
              "Partial Mode": "Partial",
              "Parent Relationship": "Outer",
              "Parallel Aware": false,
              "Startup Cost": 359914.62,
              "Total Cost": 359914.63,
              "Plan Rows": 1,
              "Plan Width": 8,
              "Actual Startup Time": 522.804,
              "Actual Total Time": 522.808,
              "Actual Rows": 1,
              "Actual Loops": 7,
              "Plans": [
                {
                  "Node Type": "Hash Join",
                  "Parent Relationship": "Outer",
                  "Parallel Aware": true,
                  "Join Type": "Inner",
                  "Startup Cost": 100868.86,
                  "Total Cost": 359471.31,
                  "Plan Rows": 177321,
                  "Plan Width": 0,
                  "Actual Startup Time": 280.441,
                  "Actual Total Time": 512.59,
                  "Actual Rows": 148703,
                  "Actual Loops": 7,
                  "Inner Unique": true,
                  "Hash Cond": "(ci.movie_id = t.id)",
                  "Plans": [
                    {
                      "Node Type": "Bitmap Heap Scan",
                      "Parent Relationship": "Outer",
                      "Parallel Aware": true,
                      "Relation Name": "cast_info",
                      "Alias": "ci",
                      "Startup Cost": 51806.93,
                      "Total Cost": 309382.74,
                      "Plan Rows": 391105,
                      "Plan Width": 4,
                      "Actual Startup Time": 75.473,
                      "Actual Total Time": 161.354,
                      "Actual Rows": 345450,
                      "Actual Loops": 7,
                      "Recheck Cond": "(person_id < 234978)",
                      "Rows Removed by Index Recheck": 0,
                      "Exact Heap Blocks": 5845,
                      "Lossy Heap Blocks": 0,
                      "Plans": [
                        {
                          "Node Type": "Bitmap Index Scan",
                          "Parent Relationship": "Outer",
                          "Parallel Aware": false,
                          "Index Name": "person_id_cast_info",
                          "Startup Cost": 0.0,
                          "Total Cost": 51220.28,
                          "Plan Rows": 2346628,
                          "Plan Width": 0,
                          "Actual Startup Time": 71.498,
                          "Actual Total Time": 71.499,
                          "Actual Rows": 2418153,
                          "Actual Loops": 1,
                          "Index Cond": "(person_id < 234978)"
                        }
                      ]
                    },
                    {
                      "Node Type": "Hash",
                      "Parent Relationship": "Inner",
                      "Parallel Aware": true,
                      "Startup Cost": 45479.59,
                      "Total Cost": 45479.59,
                      "Plan Rows": 286587,
                      "Plan Width": 4,
                      "Actual Startup Time": 200.005,
                      "Actual Total Time": 200.006,
                      "Actual Rows": 156512,
                      "Actual Loops": 7,
                      "Hash Buckets": 2097152,
                      "Original Hash Buckets": 2097152,
                      "Hash Batches": 1,
                      "Original Hash Batches": 1,
                      "Peak Memory Usage": 59328,
                      "Plans": [
                        {
                          "Node Type": "Seq Scan",
                          "Parent Relationship": "Outer",
                          "Parallel Aware": true,
                          "Relation Name": "title",
                          "Alias": "t",
                          "Startup Cost": 0.0,
                          "Total Cost": 45479.59,
                          "Plan Rows": 286587,
                          "Plan Width": 4,
                          "Actual Startup Time": 0.049,
                          "Actual Total Time": 98.147,
                          "Actual Rows": 156512,
                          "Actual Loops": 7,
                          "Filter": "((kind_id > 1) AND (production_year < 2007))",
                          "Rows Removed by Filter": 204676
                        }
                      ]
                    }
                  ]
                }
              ]
            }
          ]
        }
      ]
    },
    "Planning Time": 0.639,
    "Triggers": [],
    "Execution Time": 572.197
  }
]