{
  "Plan": {
    "Node Type": "Aggregate",
    "Strategy": "Plain",
    "Partial Mode": "Finalize",
    "Parallel Aware": false,
    "Startup Cost": 85872.34,
    "Total Cost": 85872.35,
    "Plan Rows": 1,
    "Plan Width": 8,
    "Actual Startup Time": 138.597,
    "Actual Total Time": 158.996,
    "Actual Rows": 1,
    "Actual Loops": 1,
    "Plans": [
      {
        "Node Type": "Gather",
        "Parent Relationship": "Outer",
        "Parallel Aware": false,
        "Startup Cost": 85872.23,
        "Total Cost": 85872.34,
        "Plan Rows": 1,
        "Plan Width": 8,
        "Actual Startup Time": 138.452,
        "Actual Total Time": 158.988,
        "Actual Rows": 2,
        "Actual Loops": 1,
        "Workers Planned": 1,
        "Workers Launched": 1,
        "Single Copy": false,
        "Plans": [
          {
            "Node Type": "Aggregate",
            "Strategy": "Plain",
            "Partial Mode": "Partial",
            "Parent Relationship": "Outer",
            "Parallel Aware": false,
            "Startup Cost": 84872.23,
            "Total Cost": 84872.24,
            "Plan Rows": 1,
            "Plan Width": 8,
            "Actual Startup Time": 132.521,
            "Actual Total Time": 132.523,
            "Actual Rows": 1,
            "Actual Loops": 2,
            "Plans": [
              {
                "Node Type": "Nested Loop",
                "Parent Relationship": "Outer",
                "Parallel Aware": false,
                "Join Type": "Inner",
                "Startup Cost": 310.48,
                "Total Cost": 84751.08,
                "Plan Rows": 48460,
                "Plan Width": 0,
                "Actual Startup Time": 4.093,
                "Actual Total Time": 127.619,
                "Actual Rows": 81796,
                "Actual Loops": 2,
                "Inner Unique": false,
                "Plans": [
                  {
                    "Node Type": "Nested Loop",
                    "Parent Relationship": "Outer",
                    "Parallel Aware": false,
                    "Join Type": "Inner",
                    "Startup Cost": 310.05,
                    "Total Cost": 68738.39,
                    "Plan Rows": 8288,
                    "Plan Width": 8,
                    "Actual Startup Time": 3.966,
                    "Actual Total Time": 37.49,
                    "Actual Rows": 6474,
                    "Actual Loops": 2,
                    "Inner Unique": true,
                    "Plans": [
                      {
                        "Node Type": "Bitmap Heap Scan",
                        "Parent Relationship": "Outer",
                        "Parallel Aware": true,
                        "Relation Name": "movie_companies",
                        "Alias": "mc",
                        "Startup Cost": 309.62,
                        "Total Cost": 18700.47,
                        "Plan Rows": 8288,
                        "Plan Width": 4,
                        "Actual Startup Time": 3.801,
                        "Actual Total Time": 10.181,
                        "Actual Rows": 6474,
                        "Actual Loops": 2,
                        "Recheck Cond": "(company_id = 11137)",
                        "Rows Removed by Index Recheck": 0,
                        "Exact Heap Blocks": 2571,
                        "Lossy Heap Blocks": 0,
                        "Plans": [
                          {
                            "Node Type": "Bitmap Index Scan",
                            "Parent Relationship": "Outer",
                            "Parallel Aware": false,
                            "Index Name": "company_id_movie_companies",
                            "Startup Cost": 0.0,
                            "Total Cost": 306.1,
                            "Plan Rows": 14089,
                            "Plan Width": 0,
                            "Actual Startup Time": 5.528,
                            "Actual Total Time": 5.528,
                            "Actual Rows": 12948,
                            "Actual Loops": 1,
                            "Index Cond": "(company_id = 11137)"
                          }
                        ]
                      },
                      {
                        "Node Type": "Index Only Scan",
                        "Parent Relationship": "Inner",
                        "Parallel Aware": false,
                        "Scan Direction": "Forward",
                        "Index Name": "title_pkey",
                        "Relation Name": "title",
                        "Alias": "t",
                        "Startup Cost": 0.43,
                        "Total Cost": 6.04,
                        "Plan Rows": 1,
                        "Plan Width": 4,
                        "Actual Startup Time": 0.004,
                        "Actual Total Time": 0.004,
                        "Actual Rows": 1,
                        "Actual Loops": 12948,
                        "Index Cond": "(id = mc.movie_id)",
                        "Rows Removed by Index Recheck": 0,
                        "Heap Fetches": 12948
                      }
                    ]
                  },
                  {
                    "Node Type": "Index Only Scan",
                    "Parent Relationship": "Inner",
                    "Parallel Aware": false,
                    "Scan Direction": "Forward",
                    "Index Name": "movie_id_movie_info",
                    "Relation Name": "movie_info",
                    "Alias": "mi",
                    "Startup Cost": 0.43,
                    "Total Cost": 1.51,
                    "Plan Rows": 42,
                    "Plan Width": 4,
                    "Actual Startup Time": 0.005,
                    "Actual Total Time": 0.013,
                    "Actual Rows": 13,
                    "Actual Loops": 12948,
                    "Index Cond": "(movie_id = t.id)",
                    "Rows Removed by Index Recheck": 0,
                    "Heap Fetches": 163591
                  }
                ]
              }
            ]
          }
        ]
      }
    ]
  },
  "Planning Time": 0.903,
  "Triggers": [],
  "Execution Time": 159.095
}