[
  {
    "Plan": {
      "Node Type": "Aggregate",
      "Strategy": "Plain",
      "Partial Mode": "Finalize",
      "Parallel Aware": false,
      "Startup Cost": 32754.18,
      "Total Cost": 32754.19,
      "Plan Rows": 1,
      "Plan Width": 8,
      "Actual Startup Time": 87.551,
      "Actual Total Time": 93.223,
      "Actual Rows": 1,
      "Actual Loops": 1,
      "Plans": [
        {
          "Node Type": "Gather",
          "Parent Relationship": "Outer",
          "Parallel Aware": false,
          "Startup Cost": 32753.86,
          "Total Cost": 32754.17,
          "Plan Rows": 3,
          "Plan Width": 8,
          "Actual Startup Time": 87.431,
          "Actual Total Time": 93.215,
          "Actual Rows": 4,
          "Actual Loops": 1,
          "Workers Planned": 3,
          "Workers Launched": 3,
          "Single Copy": false,
          "Plans": [
            {
              "Node Type": "Aggregate",
              "Strategy": "Plain",
              "Partial Mode": "Partial",
              "Parent Relationship": "Outer",
              "Parallel Aware": false,
              "Startup Cost": 31753.86,
              "Total Cost": 31753.87,
              "Plan Rows": 1,
              "Plan Width": 8,
              "Actual Startup Time": 82.304,
              "Actual Total Time": 82.305,
              "Actual Rows": 1,
              "Actual Loops": 4,
              "Plans": [
                {
                  "Node Type": "Seq Scan",
                  "Parent Relationship": "Outer",
                  "Parallel Aware": true,
                  "Relation Name": "movie_companies",
                  "Alias": "mc",
                  "Startup Cost": 0.0,
                  "Total Cost": 31414.82,
                  "Plan Rows": 135616,
                  "Plan Width": 0,
                  "Actual Startup Time": 38.667,
                  "Actual Total Time": 73.803,
                  "Actual Rows": 183767,
                  "Actual Loops": 4,
                  "Filter": "((company_id > 29052) AND (company_type_id = 2))",
                  "Rows Removed by Filter": 468515
                }
              ]
            }
          ]
        }
      ]
    },
    "Planning Time": 0.229,
    "Triggers": [],
    "Execution Time": 93.28
  }
]