[
  {
    "Plan": {
      "Node Type": "Aggregate",
      "Strategy": "Plain",
      "Partial Mode": "Finalize",
      "Parallel Aware": false,
      "Startup Cost": 45254.24,
      "Total Cost": 45254.25,
      "Plan Rows": 1,
      "Plan Width": 8,
      "Actual Startup Time": 138.64,
      "Actual Total Time": 146.489,
      "Actual Rows": 1,
      "Actual Loops": 1,
      "Plans": [
        {
          "Node Type": "Gather",
          "Parent Relationship": "Outer",
          "Parallel Aware": false,
          "Startup Cost": 45253.92,
          "Total Cost": 45254.23,
          "Plan Rows": 3,
          "Plan Width": 8,
          "Actual Startup Time": 138.535,
          "Actual Total Time": 146.482,
          "Actual Rows": 4,
          "Actual Loops": 1,
          "Workers Planned": 3,
          "Workers Launched": 3,
          "Single Copy": false,
          "Plans": [
            {
              "Node Type": "Aggregate",
              "Strategy": "Plain",
              "Partial Mode": "Partial",
              "Parent Relationship": "Outer",
              "Parallel Aware": false,
              "Startup Cost": 44253.92,
              "Total Cost": 44253.93,
              "Plan Rows": 1,
              "Plan Width": 8,
              "Actual Startup Time": 131.128,
              "Actual Total Time": 131.128,
              "Actual Rows": 1,
              "Actual Loops": 4,
              "Plans": [
                {
                  "Node Type": "Seq Scan",
                  "Parent Relationship": "Outer",
                  "Parallel Aware": true,
                  "Relation Name": "movie_keyword",
                  "Alias": "mk",
                  "Startup Cost": 0.0,
                  "Total Cost": 42695.65,
                  "Plan Rows": 623306,
                  "Plan Width": 0,
                  "Actual Startup Time": 0.062,
                  "Actual Total Time": 107.787,
                  "Actual Rows": 484206,
                  "Actual Loops": 4,
                  "Filter": "(keyword_id < 3332)",
                  "Rows Removed by Filter": 646776
                }
              ]
            }
          ]
        }
      ]
    },
    "Planning Time": 0.204,
    "Triggers": [],
    "Execution Time": 146.541
  }
]