[
    {
        "Bao": {
            "Bao prediction": "NaN",
            "Bao recommended hint": "(no hint)"
        }
    },
    {
        "Plan": {
            "Node Type": "Aggregate",
            "Strategy": "Plain",
            "Partial Mode": "Finalize",
            "Parallel Aware": false,
            "Startup Cost": 73843.3,
            "Total Cost": 73843.31,
            "Plan Rows": 1,
            "Plan Width": 8,
            "Actual Startup Time": 111.431,
            "Actual Total Time": 123.483,
            "Actual Rows": 1,
            "Actual Loops": 1,
            "Output": [
                "count(*)"
            ],
            "Plans": [
                {
                    "Node Type": "Gather",
                    "Parent Relationship": "Outer",
                    "Parallel Aware": false,
                    "Startup Cost": 73842.88,
                    "Total Cost": 73843.29,
                    "Plan Rows": 4,
                    "Plan Width": 8,
                    "Actual Startup Time": 111.316,
                    "Actual Total Time": 123.476,
                    "Actual Rows": 5,
                    "Actual Loops": 1,
                    "Output": [
                        "(PARTIAL count(*))"
                    ],
                    "Workers Planned": 4,
                    "Workers Launched": 4,
                    "Single Copy": false,
                    "Plans": [
                        {
                            "Node Type": "Aggregate",
                            "Strategy": "Plain",
                            "Partial Mode": "Partial",
                            "Parent Relationship": "Outer",
                            "Parallel Aware": false,
                            "Startup Cost": 72842.88,
                            "Total Cost": 72842.89,
                            "Plan Rows": 1,
                            "Plan Width": 8,
                            "Actual Startup Time": 101.615,
                            "Actual Total Time": 101.617,
                            "Actual Rows": 1,
                            "Actual Loops": 5,
                            "Output": [
                                "PARTIAL count(*)"
                            ],
                            "Workers": [
                                {
                                    "Worker Number": 0,
                                    "Actual Startup Time": 98.977,
                                    "Actual Total Time": 98.979,
                                    "Actual Rows": 1,
                                    "Actual Loops": 1
                                },
                                {
                                    "Worker Number": 1,
                                    "Actual Startup Time": 98.889,
                                    "Actual Total Time": 98.89,
                                    "Actual Rows": 1,
                                    "Actual Loops": 1
                                },
                                {
                                    "Worker Number": 2,
                                    "Actual Startup Time": 99.466,
                                    "Actual Total Time": 99.467,
                                    "Actual Rows": 1,
                                    "Actual Loops": 1
                                },
                                {
                                    "Worker Number": 3,
                                    "Actual Startup Time": 99.922,
                                    "Actual Total Time": 99.923,
                                    "Actual Rows": 1,
                                    "Actual Loops": 1
                                }
                            ],
                            "Plans": [
                                {
                                    "Node Type": "Nested Loop",
                                    "Parent Relationship": "Outer",
                                    "Parallel Aware": false,
                                    "Join Type": "Inner",
                                    "Startup Cost": 0.43,
                                    "Total Cost": 72838.57,
                                    "Plan Rows": 1727,
                                    "Plan Width": 0,
                                    "Actual Startup Time": 0.887,
                                    "Actual Total Time": 101.414,
                                    "Actual Rows": 1836,
                                    "Actual Loops": 5,
                                    "Inner Unique": false,
                                    "Workers": [
                                        {
                                            "Worker Number": 0,
                                            "Actual Startup Time": 0.394,
                                            "Actual Total Time": 98.766,
                                            "Actual Rows": 1144,
                                            "Actual Loops": 1
                                        },
                                        {
                                            "Worker Number": 1,
                                            "Actual Startup Time": 2.013,
                                            "Actual Total Time": 98.714,
                                            "Actual Rows": 1537,
                                            "Actual Loops": 1
                                        },
                                        {
                                            "Worker Number": 2,
                                            "Actual Startup Time": 1.606,
                                            "Actual Total Time": 99.272,
                                            "Actual Rows": 1675,
                                            "Actual Loops": 1
                                        },
                                        {
                                            "Worker Number": 3,
                                            "Actual Startup Time": 0.38,
                                            "Actual Total Time": 99.723,
                                            "Actual Rows": 1156,
                                            "Actual Loops": 1
                                        }
                                    ],
                                    "Plans": [
                                        {
                                            "Node Type": "Seq Scan",
                                            "Parent Relationship": "Outer",
                                            "Parallel Aware": true,
                                            "Relation Name": "title",
                                            "Schema": "public",
                                            "Alias": "t",
                                            "Startup Cost": 0.0,
                                            "Total Cost": 43899.01,
                                            "Plan Rows": 4361,
                                            "Plan Width": 4,
                                            "Actual Startup Time": 0.102,
                                            "Actual Total Time": 70.14,
                                            "Actual Rows": 3888,
                                            "Actual Loops": 5,
                                            "Output": [
                                                "t.id",
                                                "t.title",
                                                "t.imdb_index",
                                                "t.kind_id",
                                                "t.production_year",
                                                "t.imdb_id",
                                                "t.phonetic_code",
                                                "t.episode_of_id",
                                                "t.season_nr",
                                                "t.episode_nr",
                                                "t.series_years",
                                                "t.md5sum"
                                            ],
                                            "Filter": "(t.production_year = 1986)",
                                            "Rows Removed by Filter": 501774,
                                            "Workers": [
                                                {
                                                    "Worker Number": 0,
                                                    "Actual Startup Time": 0.147,
                                                    "Actual Total Time": 65.264,
                                                    "Actual Rows": 2320,
                                                    "Actual Loops": 1
                                                },
                                                {
                                                    "Worker Number": 1,
                                                    "Actual Startup Time": 0.118,
                                                    "Actual Total Time": 64.949,
                                                    "Actual Rows": 3125,
                                                    "Actual Loops": 1
                                                },
                                                {
                                                    "Worker Number": 2,
                                                    "Actual Startup Time": 0.112,
                                                    "Actual Total Time": 65.722,
                                                    "Actual Rows": 3430,
                                                    "Actual Loops": 1
                                                },
                                                {
                                                    "Worker Number": 3,
                                                    "Actual Startup Time": 0.116,
                                                    "Actual Total Time": 66.216,
                                                    "Actual Rows": 2385,
                                                    "Actual Loops": 1
                                                }
                                            ]
                                        },
                                        {
                                            "Node Type": "Index Scan",
                                            "Parent Relationship": "Inner",
                                            "Parallel Aware": false,
                                            "Scan Direction": "Forward",
                                            "Index Name": "movie_id_movie_companies",
                                            "Relation Name": "movie_companies",
                                            "Schema": "public",
                                            "Alias": "mc",
                                            "Startup Cost": 0.43,
                                            "Total Cost": 6.62,
                                            "Plan Rows": 2,
                                            "Plan Width": 4,
                                            "Actual Startup Time": 0.007,
                                            "Actual Total Time": 0.008,
                                            "Actual Rows": 0,
                                            "Actual Loops": 19440,
                                            "Output": [
                                                "mc.id",
                                                "mc.movie_id",
                                                "mc.company_id",
                                                "mc.company_type_id",
                                                "mc.note"
                                            ],
                                            "Index Cond": "(mc.movie_id = t.id)",
                                            "Rows Removed by Index Recheck": 0,
                                            "Filter": "((mc.company_id > 846) AND (mc.company_type_id = 2))",
                                            "Rows Removed by Filter": 1,
                                            "Workers": [
                                                {
                                                    "Worker Number": 0,
                                                    "Actual Startup Time": 0.013,
                                                    "Actual Total Time": 0.014,
                                                    "Actual Rows": 0,
                                                    "Actual Loops": 2320
                                                },
                                                {
                                                    "Worker Number": 1,
                                                    "Actual Startup Time": 0.01,
                                                    "Actual Total Time": 0.01,
                                                    "Actual Rows": 0,
                                                    "Actual Loops": 3125
                                                },
                                                {
                                                    "Worker Number": 2,
                                                    "Actual Startup Time": 0.009,
                                                    "Actual Total Time": 0.009,
                                                    "Actual Rows": 0,
                                                    "Actual Loops": 3430
                                                },
                                                {
                                                    "Worker Number": 3,
                                                    "Actual Startup Time": 0.013,
                                                    "Actual Total Time": 0.013,
                                                    "Actual Rows": 0,
                                                    "Actual Loops": 2385
                                                }
                                            ]
                                        }
                                    ]
                                }
                            ]
                        }
                    ]
                }
            ]
        },
        "Planning Time": 192.059,
        "Triggers": [],
        "Execution Time": 123.588
    }
]