[
  {
    "Plan": {
      "Node Type": "Aggregate",
      "Strategy": "Plain",
      "Partial Mode": "Finalize",
      "Parallel Aware": false,
      "Startup Cost": 201421.97,
      "Total Cost": 201421.98,
      "Plan Rows": 1,
      "Plan Width": 8,
      "Actual Startup Time": 299.272,
      "Actual Total Time": 326.78,
      "Actual Rows": 1,
      "Actual Loops": 1,
      "Plans": [
        {
          "Node Type": "Gather",
          "Parent Relationship": "Outer",
          "Parallel Aware": false,
          "Startup Cost": 201421.45,
          "Total Cost": 201421.96,
          "Plan Rows": 5,
          "Plan Width": 8,
          "Actual Startup Time": 298.596,
          "Actual Total Time": 326.767,
          "Actual Rows": 6,
          "Actual Loops": 1,
          "Workers Planned": 5,
          "Workers Launched": 5,
          "Single Copy": false,
          "Plans": [
            {
              "Node Type": "Aggregate",
              "Strategy": "Plain",
              "Partial Mode": "Partial",
              "Parent Relationship": "Outer",
              "Parallel Aware": false,
              "Startup Cost": 200421.45,
              "Total Cost": 200421.46,
              "Plan Rows": 1,
              "Plan Width": 8,
              "Actual Startup Time": 291.74,
              "Actual Total Time": 291.746,
              "Actual Rows": 1,
              "Actual Loops": 6,
              "Plans": [
                {
                  "Node Type": "Hash Join",
                  "Parent Relationship": "Outer",
                  "Parallel Aware": true,
                  "Join Type": "Inner",
                  "Startup Cost": 44277.84,
                  "Total Cost": 200409.6,
                  "Plan Rows": 4738,
                  "Plan Width": 0,
                  "Actual Startup Time": 85.859,
                  "Actual Total Time": 291.624,
                  "Actual Rows": 1649,
                  "Actual Loops": 6,
                  "Inner Unique": true,
                  "Hash Cond": "(ci.movie_id = t.id)",
                  "Plans": [
                    {
                      "Node Type": "Index Scan",
                      "Parent Relationship": "Outer",
                      "Parallel Aware": true,
                      "Scan Direction": "Forward",
                      "Index Name": "role_id_cast_info",
                      "Relation Name": "cast_info",
                      "Alias": "ci",
                      "Startup Cost": 0.56,
                      "Total Cost": 155872.35,
                      "Plan Rows": 99043,
                      "Plan Width": 4,
                      "Actual Startup Time": 0.19,
                      "Actual Total Time": 196.371,
                      "Actual Rows": 30500,
                      "Actual Loops": 6,
                      "Index Cond": "(role_id > 8)",
                      "Rows Removed by Index Recheck": 0,
                      "Filter": "(person_id < 313647)",
                      "Rows Removed by Filter": 924950
                    },
                    {
                      "Node Type": "Hash",
                      "Parent Relationship": "Inner",
                      "Parallel Aware": true,
                      "Startup Cost": 43899.32,
                      "Total Cost": 43899.32,
                      "Plan Rows": 30236,
                      "Plan Width": 4,
                      "Actual Startup Time": 84.996,
                      "Actual Total Time": 84.998,
                      "Actual Rows": 19928,
                      "Actual Loops": 6,
                      "Hash Buckets": 131072,
                      "Original Hash Buckets": 131072,
                      "Hash Batches": 1,
                      "Original Hash Batches": 1,
                      "Peak Memory Usage": 5792,
                      "Plans": [
                        {
                          "Node Type": "Seq Scan",
                          "Parent Relationship": "Outer",
                          "Parallel Aware": true,
                          "Relation Name": "title",
                          "Alias": "t",
                          "Startup Cost": 0.0,
                          "Total Cost": 43899.32,
                          "Plan Rows": 30236,
                          "Plan Width": 4,
                          "Actual Startup Time": 0.041,
                          "Actual Total Time": 76.291,
                          "Actual Rows": 19928,
                          "Actual Loops": 6,
                          "Filter": "(production_year = 2007)",
                          "Rows Removed by Filter": 401458
                        }
                      ]
                    }
                  ]
                }
              ]
            }
          ]
        }
      ]
    },
    "Planning Time": 0.289,
    "Triggers": [],
    "Execution Time": 326.834
  }
]