[
  {
    "Plan": {
      "Node Type": "Aggregate",
      "Strategy": "Plain",
      "Partial Mode": "Simple",
      "Parallel Aware": false,
      "Startup Cost": 42049.3,
      "Total Cost": 42049.31,
      "Plan Rows": 1,
      "Plan Width": 8,
      "Actual Startup Time": 13.41,
      "Actual Total Time": 13.412,
      "Actual Rows": 1,
      "Actual Loops": 1,
      "Plans": [
        {
          "Node Type": "Bitmap Heap Scan",
          "Parent Relationship": "Outer",
          "Parallel Aware": false,
          "Relation Name": "movie_info",
          "Alias": "mi",
          "Startup Cost": 251.37,
          "Total Cost": 42014.81,
          "Plan Rows": 13798,
          "Plan Width": 0,
          "Actual Startup Time": 3.289,
          "Actual Total Time": 10.682,
          "Actual Rows": 18205,
          "Actual Loops": 1,
          "Recheck Cond": "(info_type_id = 11)",
          "Rows Removed by Index Recheck": 0,
          "Exact Heap Blocks": 723,
          "Lossy Heap Blocks": 0,
          "Plans": [
            {
              "Node Type": "Bitmap Index Scan",
              "Parent Relationship": "Outer",
              "Parallel Aware": false,
              "Index Name": "info_type_id_movie_info",
              "Startup Cost": 0.0,
              "Total Cost": 247.92,
              "Plan Rows": 13798,
              "Plan Width": 0,
              "Actual Startup Time": 2.974,
              "Actual Total Time": 2.974,
              "Actual Rows": 18205,
              "Actual Loops": 1,
              "Index Cond": "(info_type_id = 11)"
            }
          ]
        }
      ]
    },
    "Planning Time": 0.167,
    "Triggers": [],
    "Execution Time": 13.48
  }
]