[
  {
    "Plan": {
      "Node Type": "Aggregate",
      "Strategy": "Plain",
      "Partial Mode": "Finalize",
      "Parallel Aware": false,
      "Startup Cost": 46274.98,
      "Total Cost": 46274.99,
      "Plan Rows": 1,
      "Plan Width": 8,
      "Actual Startup Time": 147.711,
      "Actual Total Time": 157.265,
      "Actual Rows": 1,
      "Actual Loops": 1,
      "Plans": [
        {
          "Node Type": "Gather",
          "Parent Relationship": "Outer",
          "Parallel Aware": false,
          "Startup Cost": 46274.66,
          "Total Cost": 46274.97,
          "Plan Rows": 3,
          "Plan Width": 8,
          "Actual Startup Time": 147.589,
          "Actual Total Time": 157.257,
          "Actual Rows": 4,
          "Actual Loops": 1,
          "Workers Planned": 3,
          "Workers Launched": 3,
          "Single Copy": false,
          "Plans": [
            {
              "Node Type": "Aggregate",
              "Strategy": "Plain",
              "Partial Mode": "Partial",
              "Parent Relationship": "Outer",
              "Parallel Aware": false,
              "Startup Cost": 45274.66,
              "Total Cost": 45274.67,
              "Plan Rows": 1,
              "Plan Width": 8,
              "Actual Startup Time": 144.18,
              "Actual Total Time": 144.181,
              "Actual Rows": 1,
              "Actual Loops": 4,
              "Plans": [
                {
                  "Node Type": "Seq Scan",
                  "Parent Relationship": "Outer",
                  "Parallel Aware": true,
                  "Relation Name": "movie_keyword",
                  "Alias": "mk",
                  "Startup Cost": 0.0,
                  "Total Cost": 42695.65,
                  "Plan Rows": 1031604,
                  "Plan Width": 0,
                  "Actual Startup Time": 0.029,
                  "Actual Total Time": 110.408,
                  "Actual Rows": 799973,
                  "Actual Loops": 4,
                  "Filter": "(keyword_id < 13061)",
                  "Rows Removed by Filter": 331009
                }
              ]
            }
          ]
        }
      ]
    },
    "Planning Time": 0.101,
    "Triggers": [],
    "Execution Time": 157.304
  }
]