[
  {
    "Plan": {
      "Node Type": "Aggregate",
      "Strategy": "Plain",
      "Partial Mode": "Finalize",
      "Parallel Aware": false,
      "Startup Cost": 127536.94,
      "Total Cost": 127536.95,
      "Plan Rows": 1,
      "Plan Width": 8,
      "Actual Startup Time": 860.303,
      "Actual Total Time": 884.907,
      "Actual Rows": 1,
      "Actual Loops": 1,
      "Plans": [
        {
          "Node Type": "Gather",
          "Parent Relationship": "Outer",
          "Parallel Aware": false,
          "Startup Cost": 127536.62,
          "Total Cost": 127536.93,
          "Plan Rows": 3,
          "Plan Width": 8,
          "Actual Startup Time": 855.213,
          "Actual Total Time": 884.897,
          "Actual Rows": 4,
          "Actual Loops": 1,
          "Workers Planned": 3,
          "Workers Launched": 3,
          "Single Copy": false,
          "Plans": [
            {
              "Node Type": "Aggregate",
              "Strategy": "Plain",
              "Partial Mode": "Partial",
              "Parent Relationship": "Outer",
              "Parallel Aware": false,
              "Startup Cost": 126536.62,
              "Total Cost": 126536.63,
              "Plan Rows": 1,
              "Plan Width": 8,
              "Actual Startup Time": 846.263,
              "Actual Total Time": 846.77,
              "Actual Rows": 1,
              "Actual Loops": 4,
              "Plans": [
                {
                  "Node Type": "Hash Join",
                  "Parent Relationship": "Outer",
                  "Parallel Aware": true,
                  "Join Type": "Inner",
                  "Startup Cost": 80654.12,
                  "Total Cost": 125855.28,
                  "Plan Rows": 272536,
                  "Plan Width": 0,
                  "Actual Startup Time": 498.663,
                  "Actual Total Time": 793.603,
                  "Actual Rows": 1351931,
                  "Actual Loops": 4,
                  "Inner Unique": false,
                  "Hash Cond": "(mk.movie_id = t.id)",
                  "Plans": [
                    {
                      "Node Type": "Seq Scan",
                      "Parent Relationship": "Outer",
                      "Parallel Aware": true,
                      "Relation Name": "movie_keyword",
                      "Alias": "mk",
                      "Startup Cost": 0.0,
                      "Total Cost": 39047.32,
                      "Plan Rows": 1459332,
                      "Plan Width": 4,
                      "Actual Startup Time": 0.025,
                      "Actual Total Time": 88.273,
                      "Actual Rows": 1130982,
                      "Actual Loops": 4
                    },
                    {
                      "Node Type": "Hash",
                      "Parent Relationship": "Inner",
                      "Parallel Aware": true,
                      "Startup Cost": 79178.6,
                      "Total Cost": 79178.6,
                      "Plan Rows": 118042,
                      "Plan Width": 8,
                      "Actual Startup Time": 494.813,
                      "Actual Total Time": 495.318,
                      "Actual Rows": 199059,
                      "Actual Loops": 4,
                      "Hash Buckets": 1048576,
                      "Original Hash Buckets": 524288,
                      "Hash Batches": 1,
                      "Original Hash Batches": 1,
                      "Peak Memory Usage": 43488,
                      "Plans": [
                        {
                          "Node Type": "Hash Join",
                          "Parent Relationship": "Outer",
                          "Parallel Aware": true,
                          "Join Type": "Inner",
                          "Startup Cost": 33318.72,
                          "Total Cost": 79178.6,
                          "Plan Rows": 118042,
                          "Plan Width": 8,
                          "Actual Startup Time": 158.665,
                          "Actual Total Time": 421.629,
                          "Actual Rows": 199059,
                          "Actual Loops": 4,
                          "Inner Unique": false,
                          "Hash Cond": "(t.id = mc.movie_id)",
                          "Plans": [
                            {
                              "Node Type": "Seq Scan",
                              "Parent Relationship": "Outer",
                              "Parallel Aware": true,
                              "Relation Name": "title",
                              "Alias": "t",
                              "Startup Cost": 0.0,
                              "Total Cost": 42318.73,
                              "Plan Rows": 632073,
                              "Plan Width": 4,
                              "Actual Startup Time": 0.01,
                              "Actual Total Time": 75.912,
                              "Actual Rows": 632078,
                              "Actual Loops": 4
                            },
                            {
                              "Node Type": "Hash",
                              "Parent Relationship": "Inner",
                              "Parallel Aware": true,
                              "Startup Cost": 31414.82,
                              "Total Cost": 31414.82,
                              "Plan Rows": 152312,
                              "Plan Width": 4,
                              "Actual Startup Time": 156.793,
                              "Actual Total Time": 156.794,
                              "Actual Rows": 199059,
                              "Actual Loops": 4,
                              "Hash Buckets": 1048576,
                              "Original Hash Buckets": 524288,
                              "Hash Batches": 1,
                              "Original Hash Batches": 1,
                              "Peak Memory Usage": 43488,
                              "Plans": [
                                {
                                  "Node Type": "Seq Scan",
                                  "Parent Relationship": "Outer",
                                  "Parallel Aware": true,
                                  "Relation Name": "movie_companies",
                                  "Alias": "mc",
                                  "Startup Cost": 0.0,
                                  "Total Cost": 31414.82,
                                  "Plan Rows": 152312,
                                  "Plan Width": 4,
                                  "Actual Startup Time": 49.521,
                                  "Actual Total Time": 88.302,
                                  "Actual Rows": 199059,
                                  "Actual Loops": 4,
                                  "Filter": "((company_id > 18949) AND (company_type_id > 1))",
                                  "Rows Removed by Filter": 453223
                                }
                              ]
                            }
                          ]
                        }
                      ]
                    }
                  ]
                }
              ]
            }
          ]
        }
      ]
    },
    "Planning Time": 1.416,
    "Triggers": [],
    "Execution Time": 884.985
  }
]