[
  {
    "Plan": {
      "Node Type": "Aggregate",
      "Strategy": "Plain",
      "Partial Mode": "Finalize",
      "Parallel Aware": false,
      "Startup Cost": 333171.51,
      "Total Cost": 333171.52,
      "Plan Rows": 1,
      "Plan Width": 8,
      "Actual Startup Time": 645.812,
      "Actual Total Time": 693.372,
      "Actual Rows": 1,
      "Actual Loops": 1,
      "Plans": [
        {
          "Node Type": "Gather",
          "Parent Relationship": "Outer",
          "Parallel Aware": false,
          "Startup Cost": 333170.89,
          "Total Cost": 333171.5,
          "Plan Rows": 6,
          "Plan Width": 8,
          "Actual Startup Time": 645.68,
          "Actual Total Time": 693.361,
          "Actual Rows": 7,
          "Actual Loops": 1,
          "Workers Planned": 6,
          "Workers Launched": 6,
          "Single Copy": false,
          "Plans": [
            {
              "Node Type": "Aggregate",
              "Strategy": "Plain",
              "Partial Mode": "Partial",
              "Parent Relationship": "Outer",
              "Parallel Aware": false,
              "Startup Cost": 332170.89,
              "Total Cost": 332170.9,
              "Plan Rows": 1,
              "Plan Width": 8,
              "Actual Startup Time": 638.529,
              "Actual Total Time": 638.53,
              "Actual Rows": 1,
              "Actual Loops": 7,
              "Plans": [
                {
                  "Node Type": "Seq Scan",
                  "Parent Relationship": "Outer",
                  "Parallel Aware": true,
                  "Relation Name": "cast_info",
                  "Alias": "ci",
                  "Startup Cost": 0.0,
                  "Total Cost": 328211.39,
                  "Plan Rows": 1583799,
                  "Plan Width": 0,
                  "Actual Startup Time": 312.289,
                  "Actual Total Time": 571.681,
                  "Actual Rows": 1344302,
                  "Actual Loops": 7,
                  "Filter": "(person_id > 2763364)",
                  "Rows Removed by Filter": 3833462
                }
              ]
            }
          ]
        }
      ]
    },
    "Planning Time": 0.254,
    "Triggers": [],
    "Execution Time": 693.445
  }
]