[
  {
    "Plan": {
      "Node Type": "Aggregate",
      "Strategy": "Plain",
      "Partial Mode": "Finalize",
      "Parallel Aware": false,
      "Startup Cost": 117530.96,
      "Total Cost": 117530.97,
      "Plan Rows": 1,
      "Plan Width": 8,
      "Actual Startup Time": 374.109,
      "Actual Total Time": 392.479,
      "Actual Rows": 1,
      "Actual Loops": 1,
      "Plans": [
        {
          "Node Type": "Gather",
          "Parent Relationship": "Outer",
          "Parallel Aware": false,
          "Startup Cost": 117530.54,
          "Total Cost": 117530.95,
          "Plan Rows": 4,
          "Plan Width": 8,
          "Actual Startup Time": 368.52,
          "Actual Total Time": 392.469,
          "Actual Rows": 5,
          "Actual Loops": 1,
          "Workers Planned": 4,
          "Workers Launched": 4,
          "Single Copy": false,
          "Plans": [
            {
              "Node Type": "Aggregate",
              "Strategy": "Plain",
              "Partial Mode": "Partial",
              "Parent Relationship": "Outer",
              "Parallel Aware": false,
              "Startup Cost": 116530.54,
              "Total Cost": 116530.55,
              "Plan Rows": 1,
              "Plan Width": 8,
              "Actual Startup Time": 358.427,
              "Actual Total Time": 358.509,
              "Actual Rows": 1,
              "Actual Loops": 5,
              "Plans": [
                {
                  "Node Type": "Hash Join",
                  "Parent Relationship": "Outer",
                  "Parallel Aware": true,
                  "Join Type": "Inner",
                  "Startup Cost": 71308.87,
                  "Total Cost": 116461.51,
                  "Plan Rows": 27610,
                  "Plan Width": 0,
                  "Actual Startup Time": 222.122,
                  "Actual Total Time": 356.375,
                  "Actual Rows": 44645,
                  "Actual Loops": 5,
                  "Inner Unique": false,
                  "Hash Cond": "(t.id = mc.movie_id)",
                  "Plans": [
                    {
                      "Node Type": "Seq Scan",
                      "Parent Relationship": "Outer",
                      "Parallel Aware": true,
                      "Relation Name": "title",
                      "Alias": "t",
                      "Startup Cost": 0.0,
                      "Total Cost": 42318.73,
                      "Plan Rows": 632073,
                      "Plan Width": 4,
                      "Actual Startup Time": 0.015,
                      "Actual Total Time": 61.316,
                      "Actual Rows": 505662,
                      "Actual Loops": 5
                    },
                    {
                      "Node Type": "Hash",
                      "Parent Relationship": "Inner",
                      "Parallel Aware": true,
                      "Startup Cost": 68990.64,
                      "Total Cost": 68990.64,
                      "Plan Rows": 185458,
                      "Plan Width": 8,
                      "Actual Startup Time": 218.049,
                      "Actual Total Time": 218.13,
                      "Actual Rows": 44645,
                      "Actual Loops": 5,
                      "Hash Buckets": 1048576,
                      "Original Hash Buckets": 1048576,
                      "Hash Batches": 1,
                      "Original Hash Batches": 1,
                      "Peak Memory Usage": 17056,
                      "Plans": [
                        {
                          "Node Type": "Hash Join",
                          "Parent Relationship": "Outer",
                          "Parallel Aware": true,
                          "Join Type": "Inner",
                          "Startup Cost": 41993.25,
                          "Total Cost": 68990.64,
                          "Plan Rows": 185458,
                          "Plan Width": 8,
                          "Actual Startup Time": 135.379,
                          "Actual Total Time": 199.778,
                          "Actual Rows": 44645,
                          "Actual Loops": 5,
                          "Inner Unique": false,
                          "Hash Cond": "(mk.movie_id = mc.movie_id)",
                          "Plans": [
                            {
                              "Node Type": "Bitmap Heap Scan",
                              "Parent Relationship": "Outer",
                              "Parallel Aware": true,
                              "Relation Name": "movie_keyword",
                              "Alias": "mk",
                              "Startup Cost": 7310.84,
                              "Total Cost": 33154.23,
                              "Plan Rows": 111151,
                              "Plan Width": 4,
                              "Actual Startup Time": 25.289,
                              "Actual Total Time": 67.628,
                              "Actual Rows": 72657,
                              "Actual Loops": 5,
                              "Recheck Cond": "(keyword_id < 334)",
                              "Rows Removed by Index Recheck": 0,
                              "Exact Heap Blocks": 6135,
                              "Lossy Heap Blocks": 0,
                              "Plans": [
                                {
                                  "Node Type": "Bitmap Index Scan",
                                  "Parent Relationship": "Outer",
                                  "Parallel Aware": false,
                                  "Index Name": "keyword_id_movie_keyword",
                                  "Startup Cost": 0.0,
                                  "Total Cost": 7224.7,
                                  "Plan Rows": 344569,
                                  "Plan Width": 0,
                                  "Actual Startup Time": 21.574,
                                  "Actual Total Time": 21.575,
                                  "Actual Rows": 363285,
                                  "Actual Loops": 1,
                                  "Index Cond": "(keyword_id < 334)"
                                }
                              ]
                            },
                            {
                              "Node Type": "Hash",
                              "Parent Relationship": "Inner",
                              "Parallel Aware": true,
                              "Startup Cost": 31414.82,
                              "Total Cost": 31414.82,
                              "Plan Rows": 261407,
                              "Plan Width": 4,
                              "Actual Startup Time": 107.999,
                              "Actual Total Time": 108.0,
                              "Actual Rows": 101477,
                              "Actual Loops": 5,
                              "Hash Buckets": 1048576,
                              "Original Hash Buckets": 1048576,
                              "Hash Batches": 1,
                              "Original Hash Batches": 1,
                              "Peak Memory Usage": 28096,
                              "Plans": [
                                {
                                  "Node Type": "Seq Scan",
                                  "Parent Relationship": "Outer",
                                  "Parallel Aware": true,
                                  "Relation Name": "movie_companies",
                                  "Alias": "mc",
                                  "Startup Cost": 0.0,
                                  "Total Cost": 31414.82,
                                  "Plan Rows": 261407,
                                  "Plan Width": 4,
                                  "Actual Startup Time": 44.358,
                                  "Actual Total Time": 71.858,
                                  "Actual Rows": 101477,
                                  "Actual Loops": 5,
                                  "Filter": "((company_id < 15820) AND (company_type_id = 2))",
                                  "Rows Removed by Filter": 420348
                                }
                              ]
                            }
                          ]
                        }
                      ]
                    }
                  ]
                }
              ]
            }
          ]
        }
      ]
    },
    "Planning Time": 1.425,
    "Triggers": [],
    "Execution Time": 392.585
  }
]