[
  {
    "Plan": {
      "Node Type": "Aggregate",
      "Strategy": "Plain",
      "Partial Mode": "Finalize",
      "Parallel Aware": false,
      "Startup Cost": 94376.92,
      "Total Cost": 94376.93,
      "Plan Rows": 1,
      "Plan Width": 8,
      "Actual Startup Time": 555.449,
      "Actual Total Time": 572.248,
      "Actual Rows": 1,
      "Actual Loops": 1,
      "Plans": [
        {
          "Node Type": "Gather",
          "Parent Relationship": "Outer",
          "Parallel Aware": false,
          "Startup Cost": 94376.6,
          "Total Cost": 94376.91,
          "Plan Rows": 3,
          "Plan Width": 8,
          "Actual Startup Time": 547.188,
          "Actual Total Time": 572.236,
          "Actual Rows": 4,
          "Actual Loops": 1,
          "Workers Planned": 3,
          "Workers Launched": 3,
          "Single Copy": false,
          "Plans": [
            {
              "Node Type": "Aggregate",
              "Strategy": "Plain",
              "Partial Mode": "Partial",
              "Parent Relationship": "Outer",
              "Parallel Aware": false,
              "Startup Cost": 93376.6,
              "Total Cost": 93376.61,
              "Plan Rows": 1,
              "Plan Width": 8,
              "Actual Startup Time": 528.703,
              "Actual Total Time": 528.706,
              "Actual Rows": 1,
              "Actual Loops": 4,
              "Plans": [
                {
                  "Node Type": "Hash Join",
                  "Parent Relationship": "Outer",
                  "Parallel Aware": true,
                  "Join Type": "Inner",
                  "Startup Cost": 64969.13,
                  "Total Cost": 92815.83,
                  "Plan Rows": 224310,
                  "Plan Width": 0,
                  "Actual Startup Time": 402.747,
                  "Actual Total Time": 520.094,
                  "Actual Rows": 171184,
                  "Actual Loops": 4,
                  "Inner Unique": true,
                  "Hash Cond": "(mk.movie_id = t.id)",
                  "Plans": [
                    {
                      "Node Type": "Bitmap Heap Scan",
                      "Parent Relationship": "Outer",
                      "Parallel Aware": true,
                      "Relation Name": "movie_keyword",
                      "Alias": "mk",
                      "Startup Cost": 14749.49,
                      "Total Cost": 42007.37,
                      "Plan Rows": 224310,
                      "Plan Width": 4,
                      "Actual Startup Time": 45.248,
                      "Actual Total Time": 107.423,
                      "Actual Rows": 171184,
                      "Actual Loops": 4,
                      "Recheck Cond": "(keyword_id > 27499)",
                      "Rows Removed by Index Recheck": 0,
                      "Exact Heap Blocks": 6963,
                      "Lossy Heap Blocks": 0,
                      "Plans": [
                        {
                          "Node Type": "Bitmap Index Scan",
                          "Parent Relationship": "Outer",
                          "Parallel Aware": false,
                          "Index Name": "keyword_id_movie_keyword",
                          "Startup Cost": 0.0,
                          "Total Cost": 14575.65,
                          "Plan Rows": 695362,
                          "Plan Width": 0,
                          "Actual Startup Time": 41.76,
                          "Actual Total Time": 41.761,
                          "Actual Rows": 684734,
                          "Actual Loops": 1,
                          "Index Cond": "(keyword_id > 27499)"
                        }
                      ]
                    },
                    {
                      "Node Type": "Hash",
                      "Parent Relationship": "Inner",
                      "Parallel Aware": true,
                      "Startup Cost": 42318.73,
                      "Total Cost": 42318.73,
                      "Plan Rows": 632073,
                      "Plan Width": 4,
                      "Actual Startup Time": 346.026,
                      "Actual Total Time": 346.027,
                      "Actual Rows": 632078,
                      "Actual Loops": 4,
                      "Hash Buckets": 4194304,
                      "Original Hash Buckets": 4194304,
                      "Hash Batches": 1,
                      "Original Hash Batches": 1,
                      "Peak Memory Usage": 131776,
                      "Plans": [
                        {
                          "Node Type": "Seq Scan",
                          "Parent Relationship": "Outer",
                          "Parallel Aware": true,
                          "Relation Name": "title",
                          "Alias": "t",
                          "Startup Cost": 0.0,
                          "Total Cost": 42318.73,
                          "Plan Rows": 632073,
                          "Plan Width": 4,
                          "Actual Startup Time": 0.04,
                          "Actual Total Time": 105.033,
                          "Actual Rows": 632078,
                          "Actual Loops": 4
                        }
                      ]
                    }
                  ]
                }
              ]
            }
          ]
        }
      ]
    },
    "Planning Time": 0.599,
    "Triggers": [],
    "Execution Time": 572.371
  }
]