[
    {
        "Bao": {
            "Bao prediction": "NaN",
            "Bao recommended hint": "(no hint)"
        }
    },
    {
        "Plan": {
            "Node Type": "Aggregate",
            "Strategy": "Plain",
            "Partial Mode": "Finalize",
            "Parallel Aware": false,
            "Startup Cost": 737050.47,
            "Total Cost": 737050.48,
            "Plan Rows": 1,
            "Plan Width": 8,
            "Actual Startup Time": 11550.749,
            "Actual Total Time": 11668.26,
            "Actual Rows": 1,
            "Actual Loops": 1,
            "Output": [
                "count(*)"
            ],
            "Plans": [
                {
                    "Node Type": "Gather",
                    "Parent Relationship": "Outer",
                    "Parallel Aware": false,
                    "Startup Cost": 737049.84,
                    "Total Cost": 737050.45,
                    "Plan Rows": 6,
                    "Plan Width": 8,
                    "Actual Startup Time": 11450.117,
                    "Actual Total Time": 11668.245,
                    "Actual Rows": 7,
                    "Actual Loops": 1,
                    "Output": [
                        "(PARTIAL count(*))"
                    ],
                    "Workers Planned": 6,
                    "Workers Launched": 6,
                    "Single Copy": false,
                    "Plans": [
                        {
                            "Node Type": "Aggregate",
                            "Strategy": "Plain",
                            "Partial Mode": "Partial",
                            "Parent Relationship": "Outer",
                            "Parallel Aware": false,
                            "Startup Cost": 736049.84,
                            "Total Cost": 736049.85,
                            "Plan Rows": 1,
                            "Plan Width": 8,
                            "Actual Startup Time": 11408.508,
                            "Actual Total Time": 11409.802,
                            "Actual Rows": 1,
                            "Actual Loops": 7,
                            "Output": [
                                "PARTIAL count(*)"
                            ],
                            "Workers": [
                                {
                                    "Worker Number": 0,
                                    "Actual Startup Time": 11399.634,
                                    "Actual Total Time": 11399.639,
                                    "Actual Rows": 1,
                                    "Actual Loops": 1
                                },
                                {
                                    "Worker Number": 1,
                                    "Actual Startup Time": 11399.753,
                                    "Actual Total Time": 11399.758,
                                    "Actual Rows": 1,
                                    "Actual Loops": 1
                                },
                                {
                                    "Worker Number": 2,
                                    "Actual Startup Time": 11410.678,
                                    "Actual Total Time": 11410.683,
                                    "Actual Rows": 1,
                                    "Actual Loops": 1
                                },
                                {
                                    "Worker Number": 3,
                                    "Actual Startup Time": 11400.026,
                                    "Actual Total Time": 11400.031,
                                    "Actual Rows": 1,
                                    "Actual Loops": 1
                                },
                                {
                                    "Worker Number": 4,
                                    "Actual Startup Time": 11399.767,
                                    "Actual Total Time": 11399.772,
                                    "Actual Rows": 1,
                                    "Actual Loops": 1
                                },
                                {
                                    "Worker Number": 5,
                                    "Actual Startup Time": 11400.185,
                                    "Actual Total Time": 11400.189,
                                    "Actual Rows": 1,
                                    "Actual Loops": 1
                                }
                            ],
                            "Plans": [
                                {
                                    "Node Type": "Hash Join",
                                    "Parent Relationship": "Outer",
                                    "Parallel Aware": true,
                                    "Join Type": "Inner",
                                    "Startup Cost": 286357.17,
                                    "Total Cost": 681535.36,
                                    "Plan Rows": 21805795,
                                    "Plan Width": 0,
                                    "Actual Startup Time": 2342.213,
                                    "Actual Total Time": 9744.448,
                                    "Actual Rows": 39974603,
                                    "Actual Loops": 7,
                                    "Inner Unique": false,
                                    "Hash Cond": "(ci.movie_id = t.id)",
                                    "Workers": [
                                        {
                                            "Worker Number": 0,
                                            "Actual Startup Time": 2334.953,
                                            "Actual Total Time": 9701.683,
                                            "Actual Rows": 38792277,
                                            "Actual Loops": 1
                                        },
                                        {
                                            "Worker Number": 1,
                                            "Actual Startup Time": 2335.091,
                                            "Actual Total Time": 9723.036,
                                            "Actual Rows": 40305433,
                                            "Actual Loops": 1
                                        },
                                        {
                                            "Worker Number": 2,
                                            "Actual Startup Time": 2334.981,
                                            "Actual Total Time": 9732.88,
                                            "Actual Rows": 38295345,
                                            "Actual Loops": 1
                                        },
                                        {
                                            "Worker Number": 3,
                                            "Actual Startup Time": 2335.204,
                                            "Actual Total Time": 9772.838,
                                            "Actual Rows": 42527944,
                                            "Actual Loops": 1
                                        },
                                        {
                                            "Worker Number": 4,
                                            "Actual Startup Time": 2335.135,
                                            "Actual Total Time": 9752.652,
                                            "Actual Rows": 40530096,
                                            "Actual Loops": 1
                                        },
                                        {
                                            "Worker Number": 5,
                                            "Actual Startup Time": 2335.299,
                                            "Actual Total Time": 9741.802,
                                            "Actual Rows": 39447491,
                                            "Actual Loops": 1
                                        }
                                    ],
                                    "Plans": [
                                        {
                                            "Node Type": "Seq Scan",
                                            "Parent Relationship": "Outer",
                                            "Parallel Aware": true,
                                            "Relation Name": "cast_info",
                                            "Schema": "public",
                                            "Alias": "ci",
                                            "Startup Cost": 0.0,
                                            "Total Cost": 328213.62,
                                            "Plan Rows": 3736477,
                                            "Plan Width": 4,
                                            "Actual Startup Time": 141.643,
                                            "Actual Total Time": 563.878,
                                            "Actual Rows": 3204278,
                                            "Actual Loops": 7,
                                            "Output": [
                                                "ci.id",
                                                "ci.person_id",
                                                "ci.movie_id",
                                                "ci.person_role_id",
                                                "ci.note",
                                                "ci.nr_order",
                                                "ci.role_id"
                                            ],
                                            "Filter": "(ci.person_id > 1360112)",
                                            "Rows Removed by Filter": 1973485,
                                            "Workers": [
                                                {
                                                    "Worker Number": 0,
                                                    "Actual Startup Time": 141.661,
                                                    "Actual Total Time": 571.44,
                                                    "Actual Rows": 3085261,
                                                    "Actual Loops": 1
                                                },
                                                {
                                                    "Worker Number": 1,
                                                    "Actual Startup Time": 141.647,
                                                    "Actual Total Time": 581.722,
                                                    "Actual Rows": 3183007,
                                                    "Actual Loops": 1
                                                },
                                                {
                                                    "Worker Number": 2,
                                                    "Actual Startup Time": 141.585,
                                                    "Actual Total Time": 573.834,
                                                    "Actual Rows": 3076497,
                                                    "Actual Loops": 1
                                                },
                                                {
                                                    "Worker Number": 3,
                                                    "Actual Startup Time": 141.659,
                                                    "Actual Total Time": 577.321,
                                                    "Actual Rows": 3426313,
                                                    "Actual Loops": 1
                                                },
                                                {
                                                    "Worker Number": 4,
                                                    "Actual Startup Time": 141.648,
                                                    "Actual Total Time": 567.056,
                                                    "Actual Rows": 3275731,
                                                    "Actual Loops": 1
                                                },
                                                {
                                                    "Worker Number": 5,
                                                    "Actual Startup Time": 141.667,
                                                    "Actual Total Time": 588.886,
                                                    "Actual Rows": 3171557,
                                                    "Actual Loops": 1
                                                }
                                            ]
                                        },
                                        {
                                            "Node Type": "Hash",
                                            "Parent Relationship": "Inner",
                                            "Parallel Aware": true,
                                            "Startup Cost": 249469.43,
                                            "Total Cost": 249469.43,
                                            "Plan Rows": 2951019,
                                            "Plan Width": 8,
                                            "Actual Startup Time": 2184.565,
                                            "Actual Total Time": 2185.857,
                                            "Actual Rows": 2119389,
                                            "Actual Loops": 7,
                                            "Output": [
                                                "t.id",
                                                "mi.movie_id"
                                            ],
                                            "Hash Buckets": 16777216,
                                            "Original Hash Buckets": 16777216,
                                            "Hash Batches": 1,
                                            "Original Hash Batches": 1,
                                            "Peak Memory Usage": 711552,
                                            "Workers": [
                                                {
                                                    "Worker Number": 0,
                                                    "Actual Startup Time": 2192.542,
                                                    "Actual Total Time": 2192.545,
                                                    "Actual Rows": 1745894,
                                                    "Actual Loops": 1
                                                },
                                                {
                                                    "Worker Number": 1,
                                                    "Actual Startup Time": 2192.659,
                                                    "Actual Total Time": 2192.662,
                                                    "Actual Rows": 2182540,
                                                    "Actual Loops": 1
                                                },
                                                {
                                                    "Worker Number": 2,
                                                    "Actual Startup Time": 2192.431,
                                                    "Actual Total Time": 2192.435,
                                                    "Actual Rows": 1731415,
                                                    "Actual Loops": 1
                                                },
                                                {
                                                    "Worker Number": 3,
                                                    "Actual Startup Time": 2192.781,
                                                    "Actual Total Time": 2192.784,
                                                    "Actual Rows": 2307926,
                                                    "Actual Loops": 1
                                                },
                                                {
                                                    "Worker Number": 4,
                                                    "Actual Startup Time": 2192.687,
                                                    "Actual Total Time": 2192.692,
                                                    "Actual Rows": 2273908,
                                                    "Actual Loops": 1
                                                },
                                                {
                                                    "Worker Number": 5,
                                                    "Actual Startup Time": 2192.773,
                                                    "Actual Total Time": 2192.776,
                                                    "Actual Rows": 2174417,
                                                    "Actual Loops": 1
                                                }
                                            ],
                                            "Plans": [
                                                {
                                                    "Node Type": "Hash Join",
                                                    "Parent Relationship": "Outer",
                                                    "Parallel Aware": true,
                                                    "Join Type": "Inner",
                                                    "Startup Cost": 50219.81,
                                                    "Total Cost": 249469.43,
                                                    "Plan Rows": 2951019,
                                                    "Plan Width": 8,
                                                    "Actual Startup Time": 241.034,
                                                    "Actual Total Time": 1333.767,
                                                    "Actual Rows": 2119389,
                                                    "Actual Loops": 7,
                                                    "Output": [
                                                        "t.id",
                                                        "mi.movie_id"
                                                    ],
                                                    "Inner Unique": true,
                                                    "Hash Cond": "(mi.movie_id = t.id)",
                                                    "Workers": [
                                                        {
                                                            "Worker Number": 0,
                                                            "Actual Startup Time": 240.964,
                                                            "Actual Total Time": 1335.781,
                                                            "Actual Rows": 1745894,
                                                            "Actual Loops": 1
                                                        },
                                                        {
                                                            "Worker Number": 1,
                                                            "Actual Startup Time": 241.081,
                                                            "Actual Total Time": 1338.058,
                                                            "Actual Rows": 2182540,
                                                            "Actual Loops": 1
                                                        },
                                                        {
                                                            "Worker Number": 2,
                                                            "Actual Startup Time": 241.071,
                                                            "Actual Total Time": 1339.444,
                                                            "Actual Rows": 1731415,
                                                            "Actual Loops": 1
                                                        },
                                                        {
                                                            "Worker Number": 3,
                                                            "Actual Startup Time": 240.884,
                                                            "Actual Total Time": 1338.089,
                                                            "Actual Rows": 2307926,
                                                            "Actual Loops": 1
                                                        },
                                                        {
                                                            "Worker Number": 4,
                                                            "Actual Startup Time": 241.011,
                                                            "Actual Total Time": 1332.479,
                                                            "Actual Rows": 2273908,
                                                            "Actual Loops": 1
                                                        },
                                                        {
                                                            "Worker Number": 5,
                                                            "Actual Startup Time": 241.037,
                                                            "Actual Total Time": 1335.787,
                                                            "Actual Rows": 2174417,
                                                            "Actual Loops": 1
                                                        }
                                                    ],
                                                    "Plans": [
                                                        {
                                                            "Node Type": "Seq Scan",
                                                            "Parent Relationship": "Outer",
                                                            "Parallel Aware": true,
                                                            "Relation Name": "movie_info",
                                                            "Schema": "public",
                                                            "Alias": "mi",
                                                            "Startup Cost": 0.0,
                                                            "Total Cost": 191503.19,
                                                            "Plan Rows": 2951019,
                                                            "Plan Width": 4,
                                                            "Actual Startup Time": 0.022,
                                                            "Actual Total Time": 274.714,
                                                            "Actual Rows": 2119389,
                                                            "Actual Loops": 7,
                                                            "Output": [
                                                                "mi.id",
                                                                "mi.movie_id",
                                                                "mi.info_type_id",
                                                                "mi.info",
                                                                "mi.note"
                                                            ],
                                                            "Workers": [
                                                                {
                                                                    "Worker Number": 0,
                                                                    "Actual Startup Time": 0.027,
                                                                    "Actual Total Time": 297.989,
                                                                    "Actual Rows": 1745894,
                                                                    "Actual Loops": 1
                                                                },
                                                                {
                                                                    "Worker Number": 1,
                                                                    "Actual Startup Time": 0.027,
                                                                    "Actual Total Time": 282.733,
                                                                    "Actual Rows": 2182540,
                                                                    "Actual Loops": 1
                                                                },
                                                                {
                                                                    "Worker Number": 2,
                                                                    "Actual Startup Time": 0.025,
                                                                    "Actual Total Time": 298.195,
                                                                    "Actual Rows": 1731415,
                                                                    "Actual Loops": 1
                                                                },
                                                                {
                                                                    "Worker Number": 3,
                                                                    "Actual Startup Time": 0.023,
                                                                    "Actual Total Time": 278.93,
                                                                    "Actual Rows": 2307926,
                                                                    "Actual Loops": 1
                                                                },
                                                                {
                                                                    "Worker Number": 4,
                                                                    "Actual Startup Time": 0.026,
                                                                    "Actual Total Time": 274.173,
                                                                    "Actual Rows": 2273908,
                                                                    "Actual Loops": 1
                                                                },
                                                                {
                                                                    "Worker Number": 5,
                                                                    "Actual Startup Time": 0.022,
                                                                    "Actual Total Time": 281.003,
                                                                    "Actual Rows": 2174417,
                                                                    "Actual Loops": 1
                                                                }
                                                            ]
                                                        },
                                                        {
                                                            "Node Type": "Hash",
                                                            "Parent Relationship": "Inner",
                                                            "Parallel Aware": true,
                                                            "Startup Cost": 42318.81,
                                                            "Total Cost": 42318.81,
                                                            "Plan Rows": 632080,
                                                            "Plan Width": 4,
                                                            "Actual Startup Time": 237.652,
                                                            "Actual Total Time": 237.654,
                                                            "Actual Rows": 361187,
                                                            "Actual Loops": 7,
                                                            "Output": [
                                                                "t.id"
                                                            ],
                                                            "Hash Buckets": 4194304,
                                                            "Original Hash Buckets": 4194304,
                                                            "Hash Batches": 1,
                                                            "Original Hash Batches": 1,
                                                            "Peak Memory Usage": 131744,
                                                            "Workers": [
                                                                {
                                                                    "Worker Number": 0,
                                                                    "Actual Startup Time": 240.807,
                                                                    "Actual Total Time": 240.808,
                                                                    "Actual Rows": 283494,
                                                                    "Actual Loops": 1
                                                                },
                                                                {
                                                                    "Worker Number": 1,
                                                                    "Actual Startup Time": 240.837,
                                                                    "Actual Total Time": 240.838,
                                                                    "Actual Rows": 364783,
                                                                    "Actual Loops": 1
                                                                },
                                                                {
                                                                    "Worker Number": 2,
                                                                    "Actual Startup Time": 240.947,
                                                                    "Actual Total Time": 240.948,
                                                                    "Actual Rows": 279459,
                                                                    "Actual Loops": 1
                                                                },
                                                                {
                                                                    "Worker Number": 3,
                                                                    "Actual Startup Time": 240.819,
                                                                    "Actual Total Time": 240.821,
                                                                    "Actual Rows": 372810,
                                                                    "Actual Loops": 1
                                                                },
                                                                {
                                                                    "Worker Number": 4,
                                                                    "Actual Startup Time": 240.771,
                                                                    "Actual Total Time": 240.773,
                                                                    "Actual Rows": 363533,
                                                                    "Actual Loops": 1
                                                                },
                                                                {
                                                                    "Worker Number": 5,
                                                                    "Actual Startup Time": 240.945,
                                                                    "Actual Total Time": 240.946,
                                                                    "Actual Rows": 366990,
                                                                    "Actual Loops": 1
                                                                }
                                                            ],
                                                            "Plans": [
                                                                {
                                                                    "Node Type": "Seq Scan",
                                                                    "Parent Relationship": "Outer",
                                                                    "Parallel Aware": true,
                                                                    "Relation Name": "title",
                                                                    "Schema": "public",
                                                                    "Alias": "t",
                                                                    "Startup Cost": 0.0,
                                                                    "Total Cost": 42318.81,
                                                                    "Plan Rows": 632080,
                                                                    "Plan Width": 4,
                                                                    "Actual Startup Time": 0.056,
                                                                    "Actual Total Time": 67.658,
                                                                    "Actual Rows": 361187,
                                                                    "Actual Loops": 7,
                                                                    "Output": [
                                                                        "t.id"
                                                                    ],
                                                                    "Workers": [
                                                                        {
                                                                            "Worker Number": 0,
                                                                            "Actual Startup Time": 0.074,
                                                                            "Actual Total Time": 73.621,
                                                                            "Actual Rows": 283494,
                                                                            "Actual Loops": 1
                                                                        },
                                                                        {
                                                                            "Worker Number": 1,
                                                                            "Actual Startup Time": 0.09,
                                                                            "Actual Total Time": 67.995,
                                                                            "Actual Rows": 364783,
                                                                            "Actual Loops": 1
                                                                        },
                                                                        {
                                                                            "Worker Number": 2,
                                                                            "Actual Startup Time": 0.05,
                                                                            "Actual Total Time": 73.373,
                                                                            "Actual Rows": 279459,
                                                                            "Actual Loops": 1
                                                                        },
                                                                        {
                                                                            "Worker Number": 3,
                                                                            "Actual Startup Time": 0.054,
                                                                            "Actual Total Time": 67.232,
                                                                            "Actual Rows": 372810,
                                                                            "Actual Loops": 1
                                                                        },
                                                                        {
                                                                            "Worker Number": 4,
                                                                            "Actual Startup Time": 0.059,
                                                                            "Actual Total Time": 69.3,
                                                                            "Actual Rows": 363533,
                                                                            "Actual Loops": 1
                                                                        },
                                                                        {
                                                                            "Worker Number": 5,
                                                                            "Actual Startup Time": 0.048,
                                                                            "Actual Total Time": 67.4,
                                                                            "Actual Rows": 366990,
                                                                            "Actual Loops": 1
                                                                        }
                                                                    ]
                                                                }
                                                            ]
                                                        }
                                                    ]
                                                }
                                            ]
                                        }
                                    ]
                                }
                            ]
                        }
                    ]
                }
            ]
        },
        "Planning Time": 181.427,
        "Triggers": [],
        "Execution Time": 11668.343
    }
]