[
  {
    "Plan": {
      "Node Type": "Aggregate",
      "Strategy": "Plain",
      "Partial Mode": "Finalize",
      "Parallel Aware": false,
      "Startup Cost": 118143.35,
      "Total Cost": 118143.36,
      "Plan Rows": 1,
      "Plan Width": 8,
      "Actual Startup Time": 996.404,
      "Actual Total Time": 1019.849,
      "Actual Rows": 1,
      "Actual Loops": 1,
      "Plans": [
        {
          "Node Type": "Gather",
          "Parent Relationship": "Outer",
          "Parallel Aware": false,
          "Startup Cost": 118143.14,
          "Total Cost": 118143.35,
          "Plan Rows": 2,
          "Plan Width": 8,
          "Actual Startup Time": 986.228,
          "Actual Total Time": 1019.838,
          "Actual Rows": 3,
          "Actual Loops": 1,
          "Workers Planned": 2,
          "Workers Launched": 2,
          "Single Copy": false,
          "Plans": [
            {
              "Node Type": "Aggregate",
              "Strategy": "Plain",
              "Partial Mode": "Partial",
              "Parent Relationship": "Outer",
              "Parallel Aware": false,
              "Startup Cost": 117143.14,
              "Total Cost": 117143.15,
              "Plan Rows": 1,
              "Plan Width": 8,
              "Actual Startup Time": 978.758,
              "Actual Total Time": 978.766,
              "Actual Rows": 1,
              "Actual Loops": 3,
              "Plans": [
                {
                  "Node Type": "Hash Join",
                  "Parent Relationship": "Outer",
                  "Parallel Aware": true,
                  "Join Type": "Inner",
                  "Startup Cost": 99727.99,
                  "Total Cost": 116456.03,
                  "Plan Rows": 274842,
                  "Plan Width": 0,
                  "Actual Startup Time": 766.248,
                  "Actual Total Time": 940.756,
                  "Actual Rows": 876142,
                  "Actual Loops": 3,
                  "Inner Unique": false,
                  "Hash Cond": "(mi_idx.movie_id = t.id)",
                  "Plans": [
                    {
                      "Node Type": "Seq Scan",
                      "Parent Relationship": "Outer",
                      "Parallel Aware": true,
                      "Relation Name": "movie_info_idx",
                      "Alias": "mi_idx",
                      "Startup Cost": 0.0,
                      "Total Cost": 13685.15,
                      "Plan Rows": 575015,
                      "Plan Width": 4,
                      "Actual Startup Time": 0.015,
                      "Actual Total Time": 39.477,
                      "Actual Rows": 460012,
                      "Actual Loops": 3
                    },
                    {
                      "Node Type": "Hash",
                      "Parent Relationship": "Inner",
                      "Parallel Aware": true,
                      "Startup Cost": 94854.93,
                      "Total Cost": 94854.93,
                      "Plan Rows": 389845,
                      "Plan Width": 8,
                      "Actual Startup Time": 760.51,
                      "Actual Total Time": 760.515,
                      "Actual Rows": 388675,
                      "Actual Loops": 3,
                      "Hash Buckets": 2097152,
                      "Original Hash Buckets": 2097152,
                      "Hash Batches": 1,
                      "Original Hash Batches": 1,
                      "Peak Memory Usage": 62080,
                      "Plans": [
                        {
                          "Node Type": "Hash Join",
                          "Parent Relationship": "Outer",
                          "Parallel Aware": true,
                          "Join Type": "Inner",
                          "Startup Cost": 51024.45,
                          "Total Cost": 94854.93,
                          "Plan Rows": 389845,
                          "Plan Width": 8,
                          "Actual Startup Time": 417.173,
                          "Actual Total Time": 653.458,
                          "Actual Rows": 388675,
                          "Actual Loops": 3,
                          "Inner Unique": true,
                          "Hash Cond": "(mk.movie_id = t.id)",
                          "Plans": [
                            {
                              "Node Type": "Seq Scan",
                              "Parent Relationship": "Outer",
                              "Parallel Aware": true,
                              "Relation Name": "movie_keyword",
                              "Alias": "mk",
                              "Startup Cost": 0.0,
                              "Total Cost": 42695.65,
                              "Plan Rows": 432315,
                              "Plan Width": 4,
                              "Actual Startup Time": 0.026,
                              "Actual Total Time": 127.184,
                              "Actual Rows": 449769,
                              "Actual Loops": 3,
                              "Filter": "(keyword_id < 1754)",
                              "Rows Removed by Filter": 1058207
                            },
                            {
                              "Node Type": "Hash",
                              "Parent Relationship": "Inner",
                              "Parallel Aware": true,
                              "Startup Cost": 43899.32,
                              "Total Cost": 43899.32,
                              "Plan Rows": 570010,
                              "Plan Width": 4,
                              "Actual Startup Time": 408.095,
                              "Actual Total Time": 408.097,
                              "Actual Rows": 756143,
                              "Actual Loops": 3,
                              "Hash Buckets": 4194304,
                              "Original Hash Buckets": 4194304,
                              "Hash Batches": 1,
                              "Original Hash Batches": 1,
                              "Peak Memory Usage": 121568,
                              "Plans": [
                                {
                                  "Node Type": "Seq Scan",
                                  "Parent Relationship": "Outer",
                                  "Parallel Aware": true,
                                  "Relation Name": "title",
                                  "Alias": "t",
                                  "Startup Cost": 0.0,
                                  "Total Cost": 43899.32,
                                  "Plan Rows": 570010,
                                  "Plan Width": 4,
                                  "Actual Startup Time": 0.05,
                                  "Actual Total Time": 135.34,
                                  "Actual Rows": 756143,
                                  "Actual Loops": 3,
                                  "Filter": "(production_year > 1953)",
                                  "Rows Removed by Filter": 86628
                                }
                              ]
                            }
                          ]
                        }
                      ]
                    }
                  ]
                }
              ]
            }
          ]
        }
      ]
    },
    "Planning Time": 1.044,
    "Triggers": [],
    "Execution Time": 1019.902
  }
]