[
  {
    "Plan": {
      "Node Type": "Aggregate",
      "Strategy": "Plain",
      "Partial Mode": "Finalize",
      "Parallel Aware": false,
      "Startup Cost": 129905.01,
      "Total Cost": 129905.02,
      "Plan Rows": 1,
      "Plan Width": 8,
      "Actual Startup Time": 543.351,
      "Actual Total Time": 564.535,
      "Actual Rows": 1,
      "Actual Loops": 1,
      "Plans": [
        {
          "Node Type": "Gather",
          "Parent Relationship": "Outer",
          "Parallel Aware": false,
          "Startup Cost": 129904.69,
          "Total Cost": 129905.0,
          "Plan Rows": 3,
          "Plan Width": 8,
          "Actual Startup Time": 540.922,
          "Actual Total Time": 564.526,
          "Actual Rows": 4,
          "Actual Loops": 1,
          "Workers Planned": 3,
          "Workers Launched": 3,
          "Single Copy": false,
          "Plans": [
            {
              "Node Type": "Aggregate",
              "Strategy": "Plain",
              "Partial Mode": "Partial",
              "Parent Relationship": "Outer",
              "Parallel Aware": false,
              "Startup Cost": 128904.69,
              "Total Cost": 128904.7,
              "Plan Rows": 1,
              "Plan Width": 8,
              "Actual Startup Time": 532.107,
              "Actual Total Time": 532.228,
              "Actual Rows": 1,
              "Actual Loops": 4,
              "Plans": [
                {
                  "Node Type": "Hash Join",
                  "Parent Relationship": "Outer",
                  "Parallel Aware": true,
                  "Join Type": "Inner",
                  "Startup Cost": 82810.55,
                  "Total Cost": 128117.53,
                  "Plan Rows": 314866,
                  "Plan Width": 0,
                  "Actual Startup Time": 345.992,
                  "Actual Total Time": 524.275,
                  "Actual Rows": 193432,
                  "Actual Loops": 4,
                  "Inner Unique": false,
                  "Hash Cond": "(mk.movie_id = t.id)",
                  "Plans": [
                    {
                      "Node Type": "Seq Scan",
                      "Parent Relationship": "Outer",
                      "Parallel Aware": true,
                      "Relation Name": "movie_keyword",
                      "Alias": "mk",
                      "Startup Cost": 0.0,
                      "Total Cost": 39047.32,
                      "Plan Rows": 1459332,
                      "Plan Width": 4,
                      "Actual Startup Time": 0.064,
                      "Actual Total Time": 88.812,
                      "Actual Rows": 1130982,
                      "Actual Loops": 4
                    },
                    {
                      "Node Type": "Hash",
                      "Parent Relationship": "Inner",
                      "Parallel Aware": true,
                      "Startup Cost": 81105.85,
                      "Total Cost": 81105.85,
                      "Plan Rows": 136376,
                      "Plan Width": 8,
                      "Actual Startup Time": 328.549,
                      "Actual Total Time": 328.669,
                      "Actual Rows": 27048,
                      "Actual Loops": 4,
                      "Hash Buckets": 1048576,
                      "Original Hash Buckets": 1048576,
                      "Hash Batches": 1,
                      "Original Hash Batches": 1,
                      "Peak Memory Usage": 12480,
                      "Plans": [
                        {
                          "Node Type": "Hash Join",
                          "Parent Relationship": "Outer",
                          "Parallel Aware": true,
                          "Join Type": "Inner",
                          "Startup Cost": 34549.07,
                          "Total Cost": 81105.85,
                          "Plan Rows": 136376,
                          "Plan Width": 8,
                          "Actual Startup Time": 175.431,
                          "Actual Total Time": 311.91,
                          "Actual Rows": 27048,
                          "Actual Loops": 4,
                          "Inner Unique": false,
                          "Hash Cond": "(t.id = mc.movie_id)",
                          "Plans": [
                            {
                              "Node Type": "Seq Scan",
                              "Parent Relationship": "Outer",
                              "Parallel Aware": true,
                              "Relation Name": "title",
                              "Alias": "t",
                              "Startup Cost": 0.0,
                              "Total Cost": 43898.92,
                              "Plan Rows": 443589,
                              "Plan Width": 4,
                              "Actual Startup Time": 0.011,
                              "Actual Total Time": 85.848,
                              "Actual Rows": 443659,
                              "Actual Loops": 4,
                              "Filter": "(kind_id > 2)",
                              "Rows Removed by Filter": 188419
                            },
                            {
                              "Node Type": "Hash",
                              "Parent Relationship": "Inner",
                              "Parallel Aware": true,
                              "Startup Cost": 31414.82,
                              "Total Cost": 31414.82,
                              "Plan Rows": 250740,
                              "Plan Width": 4,
                              "Actual Startup Time": 128.166,
                              "Actual Total Time": 128.168,
                              "Actual Rows": 139990,
                              "Actual Loops": 4,
                              "Hash Buckets": 1048576,
                              "Original Hash Buckets": 1048576,
                              "Hash Batches": 1,
                              "Original Hash Batches": 1,
                              "Peak Memory Usage": 30176,
                              "Plans": [
                                {
                                  "Node Type": "Seq Scan",
                                  "Parent Relationship": "Outer",
                                  "Parallel Aware": true,
                                  "Relation Name": "movie_companies",
                                  "Alias": "mc",
                                  "Startup Cost": 0.0,
                                  "Total Cost": 31414.82,
                                  "Plan Rows": 250740,
                                  "Plan Width": 4,
                                  "Actual Startup Time": 7.59,
                                  "Actual Total Time": 78.954,
                                  "Actual Rows": 139990,
                                  "Actual Loops": 4,
                                  "Filter": "((company_id > 5633) AND (company_type_id < 2))",
                                  "Rows Removed by Filter": 512292
                                }
                              ]
                            }
                          ]
                        }
                      ]
                    }
                  ]
                }
              ]
            }
          ]
        }
      ]
    },
    "Planning Time": 1.432,
    "Triggers": [],
    "Execution Time": 564.622
  }
]