[
  {
    "Plan": {
      "Node Type": "Aggregate",
      "Strategy": "Plain",
      "Partial Mode": "Finalize",
      "Parallel Aware": false,
      "Startup Cost": 61817.33,
      "Total Cost": 61817.34,
      "Plan Rows": 1,
      "Plan Width": 8,
      "Actual Startup Time": 211.892,
      "Actual Total Time": 225.27,
      "Actual Rows": 1,
      "Actual Loops": 1,
      "Plans": [
        {
          "Node Type": "Gather",
          "Parent Relationship": "Outer",
          "Parallel Aware": false,
          "Startup Cost": 61817.12,
          "Total Cost": 61817.33,
          "Plan Rows": 2,
          "Plan Width": 8,
          "Actual Startup Time": 211.525,
          "Actual Total Time": 225.262,
          "Actual Rows": 3,
          "Actual Loops": 1,
          "Workers Planned": 2,
          "Workers Launched": 2,
          "Single Copy": false,
          "Plans": [
            {
              "Node Type": "Aggregate",
              "Strategy": "Plain",
              "Partial Mode": "Partial",
              "Parent Relationship": "Outer",
              "Parallel Aware": false,
              "Startup Cost": 60817.12,
              "Total Cost": 60817.13,
              "Plan Rows": 1,
              "Plan Width": 8,
              "Actual Startup Time": 203.9,
              "Actual Total Time": 203.902,
              "Actual Rows": 1,
              "Actual Loops": 3,
              "Plans": [
                {
                  "Node Type": "Hash Join",
                  "Parent Relationship": "Outer",
                  "Parallel Aware": true,
                  "Join Type": "Inner",
                  "Startup Cost": 45600.47,
                  "Total Cost": 60795.03,
                  "Plan Rows": 8833,
                  "Plan Width": 0,
                  "Actual Startup Time": 156.787,
                  "Actual Total Time": 203.582,
                  "Actual Rows": 6672,
                  "Actual Loops": 3,
                  "Inner Unique": true,
                  "Hash Cond": "(mi_idx.movie_id = t.id)",
                  "Plans": [
                    {
                      "Node Type": "Seq Scan",
                      "Parent Relationship": "Outer",
                      "Parallel Aware": true,
                      "Relation Name": "movie_info_idx",
                      "Alias": "mi_idx",
                      "Startup Cost": 0.0,
                      "Total Cost": 13685.15,
                      "Plan Rows": 575015,
                      "Plan Width": 4,
                      "Actual Startup Time": 0.022,
                      "Actual Total Time": 36.041,
                      "Actual Rows": 460012,
                      "Actual Loops": 3
                    },
                    {
                      "Node Type": "Hash",
                      "Parent Relationship": "Inner",
                      "Parallel Aware": true,
                      "Startup Cost": 45479.1,
                      "Total Cost": 45479.1,
                      "Plan Rows": 9710,
                      "Plan Width": 4,
                      "Actual Startup Time": 122.414,
                      "Actual Total Time": 122.415,
                      "Actual Rows": 33730,
                      "Actual Loops": 3,
                      "Hash Buckets": 131072,
                      "Original Hash Buckets": 65536,
                      "Hash Batches": 1,
                      "Original Hash Batches": 1,
                      "Peak Memory Usage": 5536,
                      "Plans": [
                        {
                          "Node Type": "Seq Scan",
                          "Parent Relationship": "Outer",
                          "Parallel Aware": true,
                          "Relation Name": "title",
                          "Alias": "t",
                          "Startup Cost": 0.0,
                          "Total Cost": 45479.1,
                          "Plan Rows": 9710,
                          "Plan Width": 4,
                          "Actual Startup Time": 69.542,
                          "Actual Total Time": 111.768,
                          "Actual Rows": 33730,
                          "Actual Loops": 3,
                          "Filter": "((kind_id < 7) AND (production_year < 1925))",
                          "Rows Removed by Filter": 809040
                        }
                      ]
                    }
                  ]
                }
              ]
            }
          ]
        }
      ]
    },
    "Planning Time": 0.599,
    "Triggers": [],
    "Execution Time": 225.339
  }
]