[
  {
    "Plan": {
      "Node Type": "Aggregate",
      "Strategy": "Plain",
      "Partial Mode": "Finalize",
      "Parallel Aware": false,
      "Startup Cost": 46511.26,
      "Total Cost": 46511.27,
      "Plan Rows": 1,
      "Plan Width": 8,
      "Actual Startup Time": 93.508,
      "Actual Total Time": 106.621,
      "Actual Rows": 1,
      "Actual Loops": 1,
      "Plans": [
        {
          "Node Type": "Gather",
          "Parent Relationship": "Outer",
          "Parallel Aware": false,
          "Startup Cost": 46510.84,
          "Total Cost": 46511.25,
          "Plan Rows": 4,
          "Plan Width": 8,
          "Actual Startup Time": 93.231,
          "Actual Total Time": 106.612,
          "Actual Rows": 5,
          "Actual Loops": 1,
          "Workers Planned": 4,
          "Workers Launched": 4,
          "Single Copy": false,
          "Plans": [
            {
              "Node Type": "Aggregate",
              "Strategy": "Plain",
              "Partial Mode": "Partial",
              "Parent Relationship": "Outer",
              "Parallel Aware": false,
              "Startup Cost": 45510.84,
              "Total Cost": 45510.85,
              "Plan Rows": 1,
              "Plan Width": 8,
              "Actual Startup Time": 85.403,
              "Actual Total Time": 85.404,
              "Actual Rows": 1,
              "Actual Loops": 5,
              "Plans": [
                {
                  "Node Type": "Seq Scan",
                  "Parent Relationship": "Outer",
                  "Parallel Aware": true,
                  "Relation Name": "title",
                  "Alias": "t",
                  "Startup Cost": 0.0,
                  "Total Cost": 45479.1,
                  "Plan Rows": 12698,
                  "Plan Width": 0,
                  "Actual Startup Time": 0.066,
                  "Actual Total Time": 84.487,
                  "Actual Rows": 9064,
                  "Actual Loops": 5,
                  "Filter": "((kind_id > 1) AND (production_year > 2012))",
                  "Rows Removed by Filter": 496598
                }
              ]
            }
          ]
        }
      ]
    },
    "Planning Time": 0.181,
    "Triggers": [],
    "Execution Time": 106.68
  }
]