[
  {
    "Plan": {
      "Node Type": "Aggregate",
      "Strategy": "Plain",
      "Partial Mode": "Finalize",
      "Parallel Aware": false,
      "Startup Cost": 330001.74,
      "Total Cost": 330001.75,
      "Plan Rows": 1,
      "Plan Width": 8,
      "Actual Startup Time": 410.616,
      "Actual Total Time": 474.577,
      "Actual Rows": 1,
      "Actual Loops": 1,
      "Plans": [
        {
          "Node Type": "Gather",
          "Parent Relationship": "Outer",
          "Parallel Aware": false,
          "Startup Cost": 330001.32,
          "Total Cost": 330001.73,
          "Plan Rows": 4,
          "Plan Width": 8,
          "Actual Startup Time": 410.232,
          "Actual Total Time": 474.566,
          "Actual Rows": 5,
          "Actual Loops": 1,
          "Workers Planned": 4,
          "Workers Launched": 4,
          "Single Copy": false,
          "Plans": [
            {
              "Node Type": "Aggregate",
              "Strategy": "Plain",
              "Partial Mode": "Partial",
              "Parent Relationship": "Outer",
              "Parallel Aware": false,
              "Startup Cost": 329001.32,
              "Total Cost": 329001.33,
              "Plan Rows": 1,
              "Plan Width": 8,
              "Actual Startup Time": 400.423,
              "Actual Total Time": 400.425,
              "Actual Rows": 1,
              "Actual Loops": 5,
              "Plans": [
                {
                  "Node Type": "Nested Loop",
                  "Parent Relationship": "Outer",
                  "Parallel Aware": false,
                  "Join Type": "Inner",
                  "Startup Cost": 0.56,
                  "Total Cost": 328792.52,
                  "Plan Rows": 83520,
                  "Plan Width": 0,
                  "Actual Startup Time": 0.798,
                  "Actual Total Time": 392.071,
                  "Actual Rows": 91590,
                  "Actual Loops": 5,
                  "Inner Unique": false,
                  "Plans": [
                    {
                      "Node Type": "Seq Scan",
                      "Parent Relationship": "Outer",
                      "Parallel Aware": true,
                      "Relation Name": "title",
                      "Alias": "t",
                      "Startup Cost": 0.0,
                      "Total Cost": 45479.1,
                      "Plan Rows": 5829,
                      "Plan Width": 4,
                      "Actual Startup Time": 0.52,
                      "Actual Total Time": 81.18,
                      "Actual Rows": 5157,
                      "Actual Loops": 5,
                      "Filter": "((kind_id < 4) AND (production_year > 2012))",
                      "Rows Removed by Filter": 500505
                    },
                    {
                      "Node Type": "Index Only Scan",
                      "Parent Relationship": "Inner",
                      "Parallel Aware": false,
                      "Scan Direction": "Forward",
                      "Index Name": "movie_id_cast_info",
                      "Relation Name": "cast_info",
                      "Alias": "ci",
                      "Startup Cost": 0.56,
                      "Total Cost": 48.23,
                      "Plan Rows": 37,
                      "Plan Width": 4,
                      "Actual Startup Time": 0.012,
                      "Actual Total Time": 0.058,
                      "Actual Rows": 18,
                      "Actual Loops": 25785,
                      "Index Cond": "(movie_id = t.id)",
                      "Rows Removed by Index Recheck": 0,
                      "Heap Fetches": 457951
                    }
                  ]
                }
              ]
            }
          ]
        }
      ]
    },
    "Planning Time": 0.598,
    "Triggers": [],
    "Execution Time": 474.663
  }
]