{
  "Plan": {
    "Node Type": "Aggregate",
    "Strategy": "Plain",
    "Partial Mode": "Finalize",
    "Parallel Aware": false,
    "Startup Cost": 348181.42,
    "Total Cost": 348181.43,
    "Plan Rows": 1,
    "Plan Width": 8,
    "Actual Startup Time": 611.35,
    "Actual Total Time": 630.661,
    "Actual Rows": 1,
    "Actual Loops": 1,
    "Plans": [
      {
        "Node Type": "Gather",
        "Parent Relationship": "Outer",
        "Parallel Aware": false,
        "Startup Cost": 348181.3,
        "Total Cost": 348181.41,
        "Plan Rows": 1,
        "Plan Width": 8,
        "Actual Startup Time": 610.72,
        "Actual Total Time": 630.654,
        "Actual Rows": 2,
        "Actual Loops": 1,
        "Workers Planned": 1,
        "Workers Launched": 1,
        "Single Copy": false,
        "Plans": [
          {
            "Node Type": "Aggregate",
            "Strategy": "Plain",
            "Partial Mode": "Partial",
            "Parent Relationship": "Outer",
            "Parallel Aware": false,
            "Startup Cost": 347181.3,
            "Total Cost": 347181.31,
            "Plan Rows": 1,
            "Plan Width": 8,
            "Actual Startup Time": 604.734,
            "Actual Total Time": 604.738,
            "Actual Rows": 1,
            "Actual Loops": 2,
            "Plans": [
              {
                "Node Type": "Nested Loop",
                "Parent Relationship": "Outer",
                "Parallel Aware": false,
                "Join Type": "Inner",
                "Startup Cost": 61115.56,
                "Total Cost": 346600.31,
                "Plan Rows": 232396,
                "Plan Width": 0,
                "Actual Startup Time": 175.806,
                "Actual Total Time": 602.06,
                "Actual Rows": 51290,
                "Actual Loops": 2,
                "Inner Unique": false,
                "Join Filter": "(t.id = mc.movie_id)",
                "Rows Removed by Join Filter": 0,
                "Plans": [
                  {
                    "Node Type": "Hash Join",
                    "Parent Relationship": "Outer",
                    "Parallel Aware": true,
                    "Join Type": "Inner",
                    "Startup Cost": 61115.13,
                    "Total Cost": 205924.83,
                    "Plan Rows": 225196,
                    "Plan Width": 8,
                    "Actual Startup Time": 175.727,
                    "Actual Total Time": 541.059,
                    "Actual Rows": 25000,
                    "Actual Loops": 2,
                    "Inner Unique": true,
                    "Hash Cond": "(ci.movie_id = t.id)",
                    "Plans": [
                      {
                        "Node Type": "Index Scan",
                        "Parent Relationship": "Outer",
                        "Parallel Aware": true,
                        "Scan Direction": "Forward",
                        "Index Name": "role_id_cast_info",
                        "Relation Name": "cast_info",
                        "Alias": "ci",
                        "Startup Cost": 0.56,
                        "Total Cost": 140896.75,
                        "Plan Rows": 1490856,
                        "Plan Width": 4,
                        "Actual Startup Time": 0.043,
                        "Actual Total Time": 274.292,
                        "Actual Rows": 405299,
                        "Actual Loops": 2,
                        "Index Cond": "(role_id = 10)",
                        "Rows Removed by Index Recheck": 0,
                        "Filter": "(person_id < 2118870)",
                        "Rows Removed by Filter": 1756210
                      },
                      {
                        "Node Type": "Hash",
                        "Parent Relationship": "Inner",
                        "Parallel Aware": true,
                        "Startup Cost": 58306.47,
                        "Total Cost": 58306.47,
                        "Plan Rows": 224648,
                        "Plan Width": 4,
                        "Actual Startup Time": 169.972,
                        "Actual Total Time": 169.973,
                        "Actual Rows": 123066,
                        "Actual Loops": 2,
                        "Hash Buckets": 524288,
                        "Original Hash Buckets": 524288,
                        "Hash Batches": 1,
                        "Original Hash Batches": 1,
                        "Peak Memory Usage": 13760,
                        "Plans": [
                          {
                            "Node Type": "Seq Scan",
                            "Parent Relationship": "Outer",
                            "Parallel Aware": true,
                            "Relation Name": "title",
                            "Alias": "t",
                            "Startup Cost": 0.0,
                            "Total Cost": 58306.47,
                            "Plan Rows": 224648,
                            "Plan Width": 4,
                            "Actual Startup Time": 0.026,
                            "Actual Total Time": 138.075,
                            "Actual Rows": 123066,
                            "Actual Loops": 2,
                            "Filter": "((kind_id > 3) AND (production_year < 1985))",
                            "Rows Removed by Filter": 1141090
                          }
                        ]
                      }
                    ]
                  },
                  {
                    "Node Type": "Index Only Scan",
                    "Parent Relationship": "Inner",
                    "Parallel Aware": false,
                    "Scan Direction": "Forward",
                    "Index Name": "movie_id_movie_companies",
                    "Relation Name": "movie_companies",
                    "Alias": "mc",
                    "Startup Cost": 0.43,
                    "Total Cost": 0.56,
                    "Plan Rows": 5,
                    "Plan Width": 4,
                    "Actual Startup Time": 0.002,
                    "Actual Total Time": 0.002,
                    "Actual Rows": 2,
                    "Actual Loops": 50000,
                    "Index Cond": "(movie_id = ci.movie_id)",
                    "Rows Removed by Index Recheck": 0,
                    "Heap Fetches": 102581
                  }
                ]
              }
            ]
          }
        ]
      }
    ]
  },
  "Planning Time": 1.125,
  "Triggers": [],
  "Execution Time": 630.75
}