[
  {
    "Plan": {
      "Node Type": "Aggregate",
      "Strategy": "Plain",
      "Partial Mode": "Finalize",
      "Parallel Aware": false,
      "Startup Cost": 348699.61,
      "Total Cost": 348699.62,
      "Plan Rows": 1,
      "Plan Width": 8,
      "Actual Startup Time": 598.218,
      "Actual Total Time": 657.471,
      "Actual Rows": 1,
      "Actual Loops": 1,
      "Plans": [
        {
          "Node Type": "Gather",
          "Parent Relationship": "Outer",
          "Parallel Aware": false,
          "Startup Cost": 348698.99,
          "Total Cost": 348699.6,
          "Plan Rows": 6,
          "Plan Width": 8,
          "Actual Startup Time": 598.098,
          "Actual Total Time": 657.46,
          "Actual Rows": 7,
          "Actual Loops": 1,
          "Workers Planned": 6,
          "Workers Launched": 6,
          "Single Copy": false,
          "Plans": [
            {
              "Node Type": "Aggregate",
              "Strategy": "Plain",
              "Partial Mode": "Partial",
              "Parent Relationship": "Outer",
              "Parallel Aware": false,
              "Startup Cost": 347698.99,
              "Total Cost": 347699.0,
              "Plan Rows": 1,
              "Plan Width": 8,
              "Actual Startup Time": 587.991,
              "Actual Total Time": 587.992,
              "Actual Rows": 1,
              "Actual Loops": 7,
              "Plans": [
                {
                  "Node Type": "Seq Scan",
                  "Parent Relationship": "Outer",
                  "Parallel Aware": true,
                  "Relation Name": "cast_info",
                  "Alias": "ci",
                  "Startup Cost": 0.0,
                  "Total Cost": 343257.03,
                  "Plan Rows": 1776784,
                  "Plan Width": 0,
                  "Actual Startup Time": 211.281,
                  "Actual Total Time": 562.172,
                  "Actual Rows": 648052,
                  "Actual Loops": 7,
                  "Filter": "((person_id < 1610019) AND (role_id > 1))",
                  "Rows Removed by Filter": 4529711
                }
              ]
            }
          ]
        }
      ]
    },
    "Planning Time": 0.199,
    "Triggers": [],
    "Execution Time": 657.537
  }
]