[
  {
    "Plan": {
      "Node Type": "Aggregate",
      "Strategy": "Plain",
      "Partial Mode": "Finalize",
      "Parallel Aware": false,
      "Startup Cost": 345897.32,
      "Total Cost": 345897.33,
      "Plan Rows": 1,
      "Plan Width": 8,
      "Actual Startup Time": 682.647,
      "Actual Total Time": 742.212,
      "Actual Rows": 1,
      "Actual Loops": 1,
      "Plans": [
        {
          "Node Type": "Gather",
          "Parent Relationship": "Outer",
          "Parallel Aware": false,
          "Startup Cost": 345896.69,
          "Total Cost": 345897.3,
          "Plan Rows": 6,
          "Plan Width": 8,
          "Actual Startup Time": 682.469,
          "Actual Total Time": 742.2,
          "Actual Rows": 7,
          "Actual Loops": 1,
          "Workers Planned": 6,
          "Workers Launched": 6,
          "Single Copy": false,
          "Plans": [
            {
              "Node Type": "Aggregate",
              "Strategy": "Plain",
              "Partial Mode": "Partial",
              "Parent Relationship": "Outer",
              "Parallel Aware": false,
              "Startup Cost": 344896.69,
              "Total Cost": 344896.7,
              "Plan Rows": 1,
              "Plan Width": 8,
              "Actual Startup Time": 672.259,
              "Actual Total Time": 672.26,
              "Actual Rows": 1,
              "Actual Loops": 7,
              "Plans": [
                {
                  "Node Type": "Seq Scan",
                  "Parent Relationship": "Outer",
                  "Parallel Aware": true,
                  "Relation Name": "cast_info",
                  "Alias": "ci",
                  "Startup Cost": 0.0,
                  "Total Cost": 343257.03,
                  "Plan Rows": 655866,
                  "Plan Width": 0,
                  "Actual Startup Time": 367.346,
                  "Actual Total Time": 654.167,
                  "Actual Rows": 351251,
                  "Actual Loops": 7,
                  "Filter": "((person_id < 869281) AND (role_id > 2))",
                  "Rows Removed by Filter": 4826513
                }
              ]
            }
          ]
        }
      ]
    },
    "Planning Time": 0.224,
    "Triggers": [],
    "Execution Time": 742.284
  }
]