[
  {
    "Plan": {
      "Node Type": "Aggregate",
      "Strategy": "Plain",
      "Partial Mode": "Finalize",
      "Parallel Aware": false,
      "Startup Cost": 402014.18,
      "Total Cost": 402014.19,
      "Plan Rows": 1,
      "Plan Width": 8,
      "Actual Startup Time": 2346.701,
      "Actual Total Time": 2369.529,
      "Actual Rows": 1,
      "Actual Loops": 1,
      "Plans": [
        {
          "Node Type": "Gather",
          "Parent Relationship": "Outer",
          "Parallel Aware": false,
          "Startup Cost": 402013.56,
          "Total Cost": 402014.17,
          "Plan Rows": 6,
          "Plan Width": 8,
          "Actual Startup Time": 2340.511,
          "Actual Total Time": 2369.52,
          "Actual Rows": 7,
          "Actual Loops": 1,
          "Workers Planned": 6,
          "Workers Launched": 6,
          "Single Copy": false,
          "Plans": [
            {
              "Node Type": "Aggregate",
              "Strategy": "Plain",
              "Partial Mode": "Partial",
              "Parent Relationship": "Outer",
              "Parallel Aware": false,
              "Startup Cost": 401013.56,
              "Total Cost": 401013.57,
              "Plan Rows": 1,
              "Plan Width": 8,
              "Actual Startup Time": 2332.929,
              "Actual Total Time": 2332.931,
              "Actual Rows": 1,
              "Actual Loops": 7,
              "Plans": [
                {
                  "Node Type": "Hash Join",
                  "Parent Relationship": "Outer",
                  "Parallel Aware": true,
                  "Join Type": "Inner",
                  "Startup Cost": 49096.28,
                  "Total Cost": 391883.54,
                  "Plan Rows": 3652009,
                  "Plan Width": 0,
                  "Actual Startup Time": 190.259,
                  "Actual Total Time": 2187.022,
                  "Actual Rows": 3021424,
                  "Actual Loops": 7,
                  "Inner Unique": true,
                  "Hash Cond": "(ci.movie_id = t.id)",
                  "Plans": [
                    {
                      "Node Type": "Seq Scan",
                      "Parent Relationship": "Outer",
                      "Parallel Aware": true,
                      "Relation Name": "cast_info",
                      "Alias": "ci",
                      "Startup Cost": 0.0,
                      "Total Cost": 328213.62,
                      "Plan Rows": 5551854,
                      "Plan Width": 4,
                      "Actual Startup Time": 27.445,
                      "Actual Total Time": 584.042,
                      "Actual Rows": 4750171,
                      "Actual Loops": 7,
                      "Filter": "(person_id > 290958)",
                      "Rows Removed by Filter": 427592
                    },
                    {
                      "Node Type": "Hash",
                      "Parent Relationship": "Inner",
                      "Parallel Aware": true,
                      "Startup Cost": 43899.01,
                      "Total Cost": 43899.01,
                      "Plan Rows": 415782,
                      "Plan Width": 4,
                      "Actual Startup Time": 160.198,
                      "Actual Total Time": 160.198,
                      "Actual Rows": 239157,
                      "Actual Loops": 7,
                      "Hash Buckets": 2097152,
                      "Original Hash Buckets": 2097152,
                      "Hash Batches": 1,
                      "Original Hash Batches": 1,
                      "Peak Memory Usage": 81952,
                      "Plans": [
                        {
                          "Node Type": "Seq Scan",
                          "Parent Relationship": "Outer",
                          "Parallel Aware": true,
                          "Relation Name": "title",
                          "Alias": "t",
                          "Startup Cost": 0.0,
                          "Total Cost": 43899.01,
                          "Plan Rows": 415782,
                          "Plan Width": 4,
                          "Actual Startup Time": 0.028,
                          "Actual Total Time": 67.105,
                          "Actual Rows": 239157,
                          "Actual Loops": 7,
                          "Filter": "(kind_id > 3)",
                          "Rows Removed by Filter": 122031
                        }
                      ]
                    }
                  ]
                }
              ]
            }
          ]
        }
      ]
    },
    "Planning Time": 0.216,
    "Triggers": [],
    "Execution Time": 2369.564
  }
]