{
  "Plan": {
    "Node Type": "Aggregate",
    "Strategy": "Plain",
    "Partial Mode": "Finalize",
    "Parallel Aware": false,
    "Startup Cost": 145541.62,
    "Total Cost": 145541.63,
    "Plan Rows": 1,
    "Plan Width": 8,
    "Actual Startup Time": 654.073,
    "Actual Total Time": 689.112,
    "Actual Rows": 1,
    "Actual Loops": 1,
    "Plans": [
      {
        "Node Type": "Gather",
        "Parent Relationship": "Outer",
        "Parallel Aware": false,
        "Startup Cost": 145541.51,
        "Total Cost": 145541.62,
        "Plan Rows": 1,
        "Plan Width": 8,
        "Actual Startup Time": 653.644,
        "Actual Total Time": 689.104,
        "Actual Rows": 2,
        "Actual Loops": 1,
        "Workers Planned": 1,
        "Workers Launched": 1,
        "Single Copy": false,
        "Plans": [
          {
            "Node Type": "Aggregate",
            "Strategy": "Plain",
            "Partial Mode": "Partial",
            "Parent Relationship": "Outer",
            "Parallel Aware": false,
            "Startup Cost": 144541.51,
            "Total Cost": 144541.52,
            "Plan Rows": 1,
            "Plan Width": 8,
            "Actual Startup Time": 647.595,
            "Actual Total Time": 647.599,
            "Actual Rows": 1,
            "Actual Loops": 2,
            "Plans": [
              {
                "Node Type": "Nested Loop",
                "Parent Relationship": "Outer",
                "Parallel Aware": false,
                "Join Type": "Inner",
                "Startup Cost": 21727.94,
                "Total Cost": 144443.22,
                "Plan Rows": 39317,
                "Plan Width": 0,
                "Actual Startup Time": 49.772,
                "Actual Total Time": 642.79,
                "Actual Rows": 63470,
                "Actual Loops": 2,
                "Inner Unique": false,
                "Plans": [
                  {
                    "Node Type": "Hash Join",
                    "Parent Relationship": "Outer",
                    "Parallel Aware": true,
                    "Join Type": "Inner",
                    "Startup Cost": 21727.5,
                    "Total Cost": 83035.33,
                    "Plan Rows": 33331,
                    "Plan Width": 8,
                    "Actual Startup Time": 49.709,
                    "Actual Total Time": 340.536,
                    "Actual Rows": 38400,
                    "Actual Loops": 2,
                    "Inner Unique": false,
                    "Hash Cond": "(t.id = mc.movie_id)",
                    "Plans": [
                      {
                        "Node Type": "Seq Scan",
                        "Parent Relationship": "Outer",
                        "Parallel Aware": true,
                        "Relation Name": "title",
                        "Alias": "t",
                        "Startup Cost": 0.0,
                        "Total Cost": 54588.39,
                        "Plan Rows": 1043739,
                        "Plan Width": 4,
                        "Actual Startup Time": 0.012,
                        "Actual Total Time": 156.856,
                        "Actual Rows": 887318,
                        "Actual Loops": 2,
                        "Filter": "(kind_id > 2)",
                        "Rows Removed by Filter": 376838
                      },
                      {
                        "Node Type": "Hash",
                        "Parent Relationship": "Inner",
                        "Parallel Aware": true,
                        "Startup Cost": 21133.83,
                        "Total Cost": 21133.83,
                        "Plan Rows": 47494,
                        "Plan Width": 4,
                        "Actual Startup Time": 47.439,
                        "Actual Total Time": 47.44,
                        "Actual Rows": 42036,
                        "Actual Loops": 2,
                        "Hash Buckets": 131072,
                        "Original Hash Buckets": 131072,
                        "Hash Batches": 1,
                        "Original Hash Batches": 1,
                        "Peak Memory Usage": 4320,
                        "Plans": [
                          {
                            "Node Type": "Bitmap Heap Scan",
                            "Parent Relationship": "Outer",
                            "Parallel Aware": true,
                            "Relation Name": "movie_companies",
                            "Alias": "mc",
                            "Startup Cost": 1750.16,
                            "Total Cost": 21133.83,
                            "Plan Rows": 47494,
                            "Plan Width": 4,
                            "Actual Startup Time": 11.883,
                            "Actual Total Time": 35.238,
                            "Actual Rows": 42036,
                            "Actual Loops": 2,
                            "Recheck Cond": "(company_id < 19)",
                            "Rows Removed by Index Recheck": 0,
                            "Exact Heap Blocks": 6977,
                            "Lossy Heap Blocks": 0,
                            "Plans": [
                              {
                                "Node Type": "Bitmap Index Scan",
                                "Parent Relationship": "Outer",
                                "Parallel Aware": false,
                                "Index Name": "company_id_movie_companies",
                                "Startup Cost": 0.0,
                                "Total Cost": 1729.97,
                                "Plan Rows": 80739,
                                "Plan Width": 0,
                                "Actual Startup Time": 12.005,
                                "Actual Total Time": 12.006,
                                "Actual Rows": 84071,
                                "Actual Loops": 1,
                                "Index Cond": "(company_id < 19)"
                              }
                            ]
                          }
                        ]
                      }
                    ]
                  },
                  {
                    "Node Type": "Index Scan",
                    "Parent Relationship": "Inner",
                    "Parallel Aware": false,
                    "Scan Direction": "Forward",
                    "Index Name": "movie_id_movie_info",
                    "Relation Name": "movie_info",
                    "Alias": "mi",
                    "Startup Cost": 0.43,
                    "Total Cost": 1.76,
                    "Plan Rows": 8,
                    "Plan Width": 4,
                    "Actual Startup Time": 0.005,
                    "Actual Total Time": 0.007,
                    "Actual Rows": 2,
                    "Actual Loops": 76801,
                    "Index Cond": "(movie_id = t.id)",
                    "Rows Removed by Index Recheck": 0,
                    "Filter": "(info_type_id = 16)",
                    "Rows Removed by Filter": 8
                  }
                ]
              }
            ]
          }
        ]
      }
    ]
  },
  "Planning Time": 1.076,
  "Triggers": [],
  "Execution Time": 689.229
}