[
    {
        "Bao": {
            "Bao prediction": "NaN",
            "Bao recommended hint": "(no hint)"
        }
    },
    {
        "Plan": {
            "Node Type": "Aggregate",
            "Strategy": "Plain",
            "Partial Mode": "Finalize",
            "Parallel Aware": false,
            "Startup Cost": 37768.31,
            "Total Cost": 37768.32,
            "Plan Rows": 1,
            "Plan Width": 8,
            "Actual Startup Time": 121.943,
            "Actual Total Time": 126.522,
            "Actual Rows": 1,
            "Actual Loops": 1,
            "Output": [
                "count(*)"
            ],
            "Plans": [
                {
                    "Node Type": "Gather",
                    "Parent Relationship": "Outer",
                    "Parallel Aware": false,
                    "Startup Cost": 37767.99,
                    "Total Cost": 37768.3,
                    "Plan Rows": 3,
                    "Plan Width": 8,
                    "Actual Startup Time": 121.757,
                    "Actual Total Time": 126.513,
                    "Actual Rows": 4,
                    "Actual Loops": 1,
                    "Output": [
                        "(PARTIAL count(*))"
                    ],
                    "Workers Planned": 3,
                    "Workers Launched": 3,
                    "Single Copy": false,
                    "Plans": [
                        {
                            "Node Type": "Aggregate",
                            "Strategy": "Plain",
                            "Partial Mode": "Partial",
                            "Parent Relationship": "Outer",
                            "Parallel Aware": false,
                            "Startup Cost": 36767.99,
                            "Total Cost": 36768.0,
                            "Plan Rows": 1,
                            "Plan Width": 8,
                            "Actual Startup Time": 113.013,
                            "Actual Total Time": 113.015,
                            "Actual Rows": 1,
                            "Actual Loops": 4,
                            "Output": [
                                "PARTIAL count(*)"
                            ],
                            "Workers": [
                                {
                                    "Worker Number": 0,
                                    "Actual Startup Time": 110.062,
                                    "Actual Total Time": 110.064,
                                    "Actual Rows": 1,
                                    "Actual Loops": 1
                                },
                                {
                                    "Worker Number": 1,
                                    "Actual Startup Time": 110.387,
                                    "Actual Total Time": 110.389,
                                    "Actual Rows": 1,
                                    "Actual Loops": 1
                                },
                                {
                                    "Worker Number": 2,
                                    "Actual Startup Time": 110.467,
                                    "Actual Total Time": 110.469,
                                    "Actual Rows": 1,
                                    "Actual Loops": 1
                                }
                            ],
                            "Plans": [
                                {
                                    "Node Type": "Bitmap Heap Scan",
                                    "Parent Relationship": "Outer",
                                    "Parallel Aware": true,
                                    "Relation Name": "movie_keyword",
                                    "Schema": "public",
                                    "Alias": "mk",
                                    "Startup Cost": 10027.17,
                                    "Total Cost": 36386.86,
                                    "Plan Rows": 152455,
                                    "Plan Width": 0,
                                    "Actual Startup Time": 41.137,
                                    "Actual Total Time": 106.56,
                                    "Actual Rows": 116210,
                                    "Actual Loops": 4,
                                    "Recheck Cond": "(mk.keyword_id > 38293)",
                                    "Rows Removed by Index Recheck": 0,
                                    "Exact Heap Blocks": 9440,
                                    "Lossy Heap Blocks": 0,
                                    "Workers": [
                                        {
                                            "Worker Number": 0,
                                            "Actual Startup Time": 38.246,
                                            "Actual Total Time": 104.165,
                                            "Actual Rows": 89204,
                                            "Actual Loops": 1
                                        },
                                        {
                                            "Worker Number": 1,
                                            "Actual Startup Time": 38.72,
                                            "Actual Total Time": 104.319,
                                            "Actual Rows": 92366,
                                            "Actual Loops": 1
                                        },
                                        {
                                            "Worker Number": 2,
                                            "Actual Startup Time": 38.682,
                                            "Actual Total Time": 104.413,
                                            "Actual Rows": 91399,
                                            "Actual Loops": 1
                                        }
                                    ],
                                    "Plans": [
                                        {
                                            "Node Type": "Bitmap Index Scan",
                                            "Parent Relationship": "Outer",
                                            "Parallel Aware": false,
                                            "Index Name": "keyword_id_movie_keyword",
                                            "Startup Cost": 0.0,
                                            "Total Cost": 9909.02,
                                            "Plan Rows": 472611,
                                            "Plan Width": 0,
                                            "Actual Startup Time": 45.616,
                                            "Actual Total Time": 45.616,
                                            "Actual Rows": 464842,
                                            "Actual Loops": 1,
                                            "Index Cond": "(mk.keyword_id > 38293)"
                                        }
                                    ]
                                }
                            ]
                        }
                    ]
                }
            ]
        },
        "Planning Time": 190.52,
        "Triggers": [],
        "Execution Time": 126.63
    }
]