[
  {
    "Plan": {
      "Node Type": "Aggregate",
      "Strategy": "Plain",
      "Partial Mode": "Finalize",
      "Parallel Aware": false,
      "Startup Cost": 71185.59,
      "Total Cost": 71185.6,
      "Plan Rows": 1,
      "Plan Width": 8,
      "Actual Startup Time": 250.637,
      "Actual Total Time": 266.701,
      "Actual Rows": 1,
      "Actual Loops": 1,
      "Plans": [
        {
          "Node Type": "Gather",
          "Parent Relationship": "Outer",
          "Parallel Aware": false,
          "Startup Cost": 71185.17,
          "Total Cost": 71185.58,
          "Plan Rows": 4,
          "Plan Width": 8,
          "Actual Startup Time": 248.515,
          "Actual Total Time": 266.687,
          "Actual Rows": 5,
          "Actual Loops": 1,
          "Workers Planned": 4,
          "Workers Launched": 4,
          "Single Copy": false,
          "Plans": [
            {
              "Node Type": "Aggregate",
              "Strategy": "Plain",
              "Partial Mode": "Partial",
              "Parent Relationship": "Outer",
              "Parallel Aware": false,
              "Startup Cost": 70185.17,
              "Total Cost": 70185.18,
              "Plan Rows": 1,
              "Plan Width": 8,
              "Actual Startup Time": 240.774,
              "Actual Total Time": 240.777,
              "Actual Rows": 1,
              "Actual Loops": 5,
              "Plans": [
                {
                  "Node Type": "Hash Join",
                  "Parent Relationship": "Outer",
                  "Parallel Aware": true,
                  "Join Type": "Inner",
                  "Startup Cost": 24562.66,
                  "Total Cost": 70122.55,
                  "Plan Rows": 25047,
                  "Plan Width": 0,
                  "Actual Startup Time": 86.983,
                  "Actual Total Time": 238.875,
                  "Actual Rows": 32255,
                  "Actual Loops": 5,
                  "Inner Unique": false,
                  "Hash Cond": "(t.id = mc.movie_id)",
                  "Plans": [
                    {
                      "Node Type": "Seq Scan",
                      "Parent Relationship": "Outer",
                      "Parallel Aware": true,
                      "Relation Name": "title",
                      "Alias": "t",
                      "Startup Cost": 0.0,
                      "Total Cost": 42318.73,
                      "Plan Rows": 632073,
                      "Plan Width": 4,
                      "Actual Startup Time": 0.013,
                      "Actual Total Time": 69.903,
                      "Actual Rows": 505662,
                      "Actual Loops": 5
                    },
                    {
                      "Node Type": "Hash",
                      "Parent Relationship": "Inner",
                      "Parallel Aware": true,
                      "Startup Cost": 24158.69,
                      "Total Cost": 24158.69,
                      "Plan Rows": 32318,
                      "Plan Width": 4,
                      "Actual Startup Time": 85.687,
                      "Actual Total Time": 85.688,
                      "Actual Rows": 32255,
                      "Actual Loops": 5,
                      "Hash Buckets": 262144,
                      "Original Hash Buckets": 131072,
                      "Hash Batches": 1,
                      "Original Hash Batches": 1,
                      "Peak Memory Usage": 9536,
                      "Plans": [
                        {
                          "Node Type": "Bitmap Heap Scan",
                          "Parent Relationship": "Outer",
                          "Parallel Aware": true,
                          "Relation Name": "movie_companies",
                          "Alias": "mc",
                          "Startup Cost": 4383.9,
                          "Total Cost": 24158.69,
                          "Plan Rows": 32318,
                          "Plan Width": 4,
                          "Actual Startup Time": 25.084,
                          "Actual Total Time": 63.946,
                          "Actual Rows": 32255,
                          "Actual Loops": 5,
                          "Recheck Cond": "(company_id < 67)",
                          "Rows Removed by Index Recheck": 0,
                          "Filter": "(company_type_id < 2)",
                          "Rows Removed by Filter": 8403,
                          "Exact Heap Blocks": 7450,
                          "Lossy Heap Blocks": 0,
                          "Plans": [
                            {
                              "Node Type": "Bitmap Index Scan",
                              "Parent Relationship": "Outer",
                              "Parallel Aware": false,
                              "Index Name": "company_id_movie_companies",
                              "Startup Cost": 0.0,
                              "Total Cost": 4358.85,
                              "Plan Rows": 203523,
                              "Plan Width": 0,
                              "Actual Startup Time": 23.626,
                              "Actual Total Time": 23.627,
                              "Actual Rows": 203291,
                              "Actual Loops": 1,
                              "Index Cond": "(company_id < 67)"
                            }
                          ]
                        }
                      ]
                    }
                  ]
                }
              ]
            }
          ]
        }
      ]
    },
    "Planning Time": 0.667,
    "Triggers": [],
    "Execution Time": 266.805
  }
]