{
  "Plan": {
    "Node Type": "Aggregate",
    "Strategy": "Plain",
    "Partial Mode": "Finalize",
    "Parallel Aware": false,
    "Startup Cost": 1225479.81,
    "Total Cost": 1225479.82,
    "Plan Rows": 1,
    "Plan Width": 8,
    "Actual Startup Time": 10142.358,
    "Actual Total Time": 10214.954,
    "Actual Rows": 1,
    "Actual Loops": 1,
    "Plans": [
      {
        "Node Type": "Gather",
        "Parent Relationship": "Outer",
        "Parallel Aware": false,
        "Startup Cost": 1225479.7,
        "Total Cost": 1225479.81,
        "Plan Rows": 1,
        "Plan Width": 8,
        "Actual Startup Time": 10133.16,
        "Actual Total Time": 10214.944,
        "Actual Rows": 2,
        "Actual Loops": 1,
        "Workers Planned": 1,
        "Workers Launched": 1,
        "Single Copy": false,
        "Plans": [
          {
            "Node Type": "Aggregate",
            "Strategy": "Plain",
            "Partial Mode": "Partial",
            "Parent Relationship": "Outer",
            "Parallel Aware": false,
            "Startup Cost": 1224479.7,
            "Total Cost": 1224479.71,
            "Plan Rows": 1,
            "Plan Width": 8,
            "Actual Startup Time": 10127.018,
            "Actual Total Time": 10127.024,
            "Actual Rows": 1,
            "Actual Loops": 2,
            "Plans": [
              {
                "Node Type": "Merge Join",
                "Parent Relationship": "Outer",
                "Parallel Aware": false,
                "Join Type": "Inner",
                "Startup Cost": 1027269.71,
                "Total Cost": 1219907.24,
                "Plan Rows": 1828982,
                "Plan Width": 0,
                "Actual Startup Time": 7918.693,
                "Actual Total Time": 9794.68,
                "Actual Rows": 8624656,
                "Actual Loops": 2,
                "Inner Unique": false,
                "Merge Cond": "(mk.movie_id = t.id)",
                "Plans": [
                  {
                    "Node Type": "Index Only Scan",
                    "Parent Relationship": "Outer",
                    "Parallel Aware": true,
                    "Scan Direction": "Forward",
                    "Index Name": "movie_id_movie_keyword",
                    "Relation Name": "movie_keyword",
                    "Alias": "mk",
                    "Startup Cost": 0.43,
                    "Total Cost": 158560.11,
                    "Plan Rows": 2661135,
                    "Plan Width": 4,
                    "Actual Startup Time": 0.098,
                    "Actual Total Time": 390.924,
                    "Actual Rows": 2261965,
                    "Actual Loops": 2,
                    "Heap Fetches": 4523930
                  },
                  {
                    "Node Type": "Sort",
                    "Parent Relationship": "Inner",
                    "Parallel Aware": false,
                    "Startup Cost": 1027268.3,
                    "Total Cost": 1031612.5,
                    "Plan Rows": 1737680,
                    "Plan Width": 8,
                    "Actual Startup Time": 7792.9,
                    "Actual Total Time": 8428.748,
                    "Actual Rows": 10239836,
                    "Actual Loops": 2,
                    "Sort Key": [
                      "ci.movie_id"
                    ],
                    "Sort Method": "quicksort",
                    "Sort Space Used": 139125,
                    "Sort Space Type": "Memory",
                    "Workers": [
                      {
                        "Worker Number": 0,
                        "Sort Method": "quicksort",
                        "Sort Space Used": 139125,
                        "Sort Space Type": "Memory"
                      }
                    ],
                    "Plans": [
                      {
                        "Node Type": "Hash Join",
                        "Parent Relationship": "Outer",
                        "Parallel Aware": false,
                        "Join Type": "Inner",
                        "Startup Cost": 59561.33,
                        "Total Cost": 847168.79,
                        "Plan Rows": 1737680,
                        "Plan Width": 8,
                        "Actual Startup Time": 439.143,
                        "Actual Total Time": 7302.396,
                        "Actual Rows": 1919410,
                        "Actual Loops": 2,
                        "Inner Unique": true,
                        "Hash Cond": "(ci.movie_id = t.id)",
                        "Plans": [
                          {
                            "Node Type": "Seq Scan",
                            "Parent Relationship": "Outer",
                            "Parallel Aware": false,
                            "Relation Name": "cast_info",
                            "Alias": "ci",
                            "Startup Cost": 0.0,
                            "Total Cost": 705537.15,
                            "Plan Rows": 31264830,
                            "Plan Width": 4,
                            "Actual Startup Time": 273.882,
                            "Actual Total Time": 3307.915,
                            "Actual Rows": 31108699,
                            "Actual Loops": 2,
                            "Filter": "(person_id > 496245)",
                            "Rows Removed by Filter": 5135645
                          },
                          {
                            "Node Type": "Hash",
                            "Parent Relationship": "Inner",
                            "Parallel Aware": false,
                            "Startup Cost": 57804.82,
                            "Total Cost": 57804.82,
                            "Plan Rows": 140521,
                            "Plan Width": 4,
                            "Actual Startup Time": 163.978,
                            "Actual Total Time": 163.979,
                            "Actual Rows": 132182,
                            "Actual Loops": 2,
                            "Hash Buckets": 262144,
                            "Original Hash Buckets": 262144,
                            "Hash Batches": 1,
                            "Original Hash Batches": 1,
                            "Peak Memory Usage": 6696,
                            "Plans": [
                              {
                                "Node Type": "Bitmap Heap Scan",
                                "Parent Relationship": "Outer",
                                "Parallel Aware": false,
                                "Relation Name": "title",
                                "Alias": "t",
                                "Startup Cost": 11857.98,
                                "Total Cost": 57804.82,
                                "Plan Rows": 140521,
                                "Plan Width": 4,
                                "Actual Startup Time": 26.783,
                                "Actual Total Time": 131.833,
                                "Actual Rows": 132182,
                                "Actual Loops": 2,
                                "Recheck Cond": "(kind_id = 1)",
                                "Rows Removed by Index Recheck": 0,
                                "Filter": "(production_year > 2009)",
                                "Rows Removed by Filter": 530643,
                                "Exact Heap Blocks": 12863,
                                "Lossy Heap Blocks": 0,
                                "Plans": [
                                  {
                                    "Node Type": "Bitmap Index Scan",
                                    "Parent Relationship": "Outer",
                                    "Parallel Aware": false,
                                    "Index Name": "kind_id_title",
                                    "Startup Cost": 0.0,
                                    "Total Cost": 11822.85,
                                    "Plan Rows": 663256,
                                    "Plan Width": 0,
                                    "Actual Startup Time": 24.863,
                                    "Actual Total Time": 24.863,
                                    "Actual Rows": 662825,
                                    "Actual Loops": 2,
                                    "Index Cond": "(kind_id = 1)"
                                  }
                                ]
                              }
                            ]
                          }
                        ]
                      }
                    ]
                  }
                ]
              }
            ]
          }
        ]
      }
    ]
  },
  "Planning Time": 1.084,
  "Triggers": [],
  "Execution Time": 10234.007
}