[
  {
    "Plan": {
      "Node Type": "Aggregate",
      "Strategy": "Plain",
      "Partial Mode": "Finalize",
      "Parallel Aware": false,
      "Startup Cost": 46643.7,
      "Total Cost": 46643.71,
      "Plan Rows": 1,
      "Plan Width": 8,
      "Actual Startup Time": 172.22,
      "Actual Total Time": 184.546,
      "Actual Rows": 1,
      "Actual Loops": 1,
      "Plans": [
        {
          "Node Type": "Gather",
          "Parent Relationship": "Outer",
          "Parallel Aware": false,
          "Startup Cost": 46643.38,
          "Total Cost": 46643.69,
          "Plan Rows": 3,
          "Plan Width": 8,
          "Actual Startup Time": 172.111,
          "Actual Total Time": 184.538,
          "Actual Rows": 4,
          "Actual Loops": 1,
          "Workers Planned": 3,
          "Workers Launched": 3,
          "Single Copy": false,
          "Plans": [
            {
              "Node Type": "Aggregate",
              "Strategy": "Plain",
              "Partial Mode": "Partial",
              "Parent Relationship": "Outer",
              "Parallel Aware": false,
              "Startup Cost": 45643.38,
              "Total Cost": 45643.39,
              "Plan Rows": 1,
              "Plan Width": 8,
              "Actual Startup Time": 164.886,
              "Actual Total Time": 164.887,
              "Actual Rows": 1,
              "Actual Loops": 4,
              "Plans": [
                {
                  "Node Type": "Seq Scan",
                  "Parent Relationship": "Outer",
                  "Parallel Aware": true,
                  "Relation Name": "movie_keyword",
                  "Alias": "mk",
                  "Startup Cost": 0.0,
                  "Total Cost": 42695.65,
                  "Plan Rows": 1179092,
                  "Plan Width": 0,
                  "Actual Startup Time": 0.08,
                  "Actual Total Time": 123.027,
                  "Actual Rows": 913728,
                  "Actual Loops": 4,
                  "Filter": "(keyword_id > 825)",
                  "Rows Removed by Filter": 217254
                }
              ]
            }
          ]
        }
      ]
    },
    "Planning Time": 0.085,
    "Triggers": [],
    "Execution Time": 184.582
  }
]