[
  {
    "Plan": {
      "Node Type": "Aggregate",
      "Strategy": "Plain",
      "Partial Mode": "Finalize",
      "Parallel Aware": false,
      "Startup Cost": 223022.56,
      "Total Cost": 223022.57,
      "Plan Rows": 1,
      "Plan Width": 8,
      "Actual Startup Time": 3613.158,
      "Actual Total Time": 3676.805,
      "Actual Rows": 1,
      "Actual Loops": 1,
      "Plans": [
        {
          "Node Type": "Gather",
          "Parent Relationship": "Outer",
          "Parallel Aware": false,
          "Startup Cost": 223022.24,
          "Total Cost": 223022.55,
          "Plan Rows": 3,
          "Plan Width": 8,
          "Actual Startup Time": 3571.176,
          "Actual Total Time": 3676.794,
          "Actual Rows": 4,
          "Actual Loops": 1,
          "Workers Planned": 3,
          "Workers Launched": 3,
          "Single Copy": false,
          "Plans": [
            {
              "Node Type": "Aggregate",
              "Strategy": "Plain",
              "Partial Mode": "Partial",
              "Parent Relationship": "Outer",
              "Parallel Aware": false,
              "Startup Cost": 222022.24,
              "Total Cost": 222022.25,
              "Plan Rows": 1,
              "Plan Width": 8,
              "Actual Startup Time": 3540.543,
              "Actual Total Time": 3540.55,
              "Actual Rows": 1,
              "Actual Loops": 4,
              "Plans": [
                {
                  "Node Type": "Hash Join",
                  "Parent Relationship": "Outer",
                  "Parallel Aware": true,
                  "Join Type": "Inner",
                  "Startup Cost": 167299.12,
                  "Total Cost": 216353.73,
                  "Plan Rows": 2267403,
                  "Plan Width": 0,
                  "Actual Startup Time": 2519.9,
                  "Actual Total Time": 3304.113,
                  "Actual Rows": 3947598,
                  "Actual Loops": 4,
                  "Inner Unique": false,
                  "Hash Cond": "(mk.movie_id = t.id)",
                  "Plans": [
                    {
                      "Node Type": "Seq Scan",
                      "Parent Relationship": "Outer",
                      "Parallel Aware": true,
                      "Relation Name": "movie_keyword",
                      "Alias": "mk",
                      "Startup Cost": 0.0,
                      "Total Cost": 39047.32,
                      "Plan Rows": 1459332,
                      "Plan Width": 4,
                      "Actual Startup Time": 0.062,
                      "Actual Total Time": 128.767,
                      "Actual Rows": 1130982,
                      "Actual Loops": 4
                    },
                    {
                      "Node Type": "Hash",
                      "Parent Relationship": "Inner",
                      "Parallel Aware": true,
                      "Startup Cost": 157477.93,
                      "Total Cost": 157477.93,
                      "Plan Rows": 785695,
                      "Plan Width": 8,
                      "Actual Startup Time": 2504.48,
                      "Actual Total Time": 2504.486,
                      "Actual Rows": 1002009,
                      "Actual Loops": 4,
                      "Hash Buckets": 4194304,
                      "Original Hash Buckets": 4194304,
                      "Hash Batches": 1,
                      "Original Hash Batches": 1,
                      "Peak Memory Usage": 189600,
                      "Plans": [
                        {
                          "Node Type": "Hash Join",
                          "Parent Relationship": "Outer",
                          "Parallel Aware": true,
                          "Join Type": "Inner",
                          "Startup Cost": 50220.95,
                          "Total Cost": 157477.93,
                          "Plan Rows": 785695,
                          "Plan Width": 8,
                          "Actual Startup Time": 585.499,
                          "Actual Total Time": 1819.035,
                          "Actual Rows": 1002009,
                          "Actual Loops": 4,
                          "Inner Unique": true,
                          "Hash Cond": "(ci.movie_id = t.id)",
                          "Plans": [
                            {
                              "Node Type": "Index Scan",
                              "Parent Relationship": "Outer",
                              "Parallel Aware": true,
                              "Scan Direction": "Forward",
                              "Index Name": "role_id_cast_info",
                              "Relation Name": "cast_info",
                              "Alias": "ci",
                              "Startup Cost": 0.56,
                              "Total Cost": 105195.1,
                              "Plan Rows": 785695,
                              "Plan Width": 4,
                              "Actual Startup Time": 0.144,
                              "Actual Total Time": 320.642,
                              "Actual Rows": 1002009,
                              "Actual Loops": 4,
                              "Index Cond": "(role_id = 3)",
                              "Rows Removed by Index Recheck": 0
                            },
                            {
                              "Node Type": "Hash",
                              "Parent Relationship": "Inner",
                              "Parallel Aware": true,
                              "Startup Cost": 42319.06,
                              "Total Cost": 42319.06,
                              "Plan Rows": 632106,
                              "Plan Width": 4,
                              "Actual Startup Time": 574.289,
                              "Actual Total Time": 574.291,
                              "Actual Rows": 632078,
                              "Actual Loops": 4,
                              "Hash Buckets": 4194304,
                              "Original Hash Buckets": 4194304,
                              "Hash Batches": 1,
                              "Original Hash Batches": 1,
                              "Peak Memory Usage": 131776,
                              "Plans": [
                                {
                                  "Node Type": "Seq Scan",
                                  "Parent Relationship": "Outer",
                                  "Parallel Aware": true,
                                  "Relation Name": "title",
                                  "Alias": "t",
                                  "Startup Cost": 0.0,
                                  "Total Cost": 42319.06,
                                  "Plan Rows": 632106,
                                  "Plan Width": 4,
                                  "Actual Startup Time": 0.093,
                                  "Actual Total Time": 161.568,
                                  "Actual Rows": 632078,
                                  "Actual Loops": 4
                                }
                              ]
                            }
                          ]
                        }
                      ]
                    }
                  ]
                }
              ]
            }
          ]
        }
      ]
    },
    "Planning Time": 1.181,
    "Triggers": [],
    "Execution Time": 3676.897
  }
]