[
    {
        "Bao": {
            "Bao prediction": 881.256,
            "Bao recommended hint": "(no hint)"
        }
    },
    {
        "Plan": {
            "Node Type": "Aggregate",
            "Strategy": "Plain",
            "Partial Mode": "Finalize",
            "Parallel Aware": false,
            "Startup Cost": 72790.39,
            "Total Cost": 72790.4,
            "Plan Rows": 1,
            "Plan Width": 8,
            "Actual Startup Time": 292.605,
            "Actual Total Time": 302.017,
            "Actual Rows": 1,
            "Actual Loops": 1,
            "Output": [
                "count(*)"
            ],
            "Plans": [
                {
                    "Node Type": "Gather",
                    "Parent Relationship": "Outer",
                    "Parallel Aware": false,
                    "Startup Cost": 72789.97,
                    "Total Cost": 72790.38,
                    "Plan Rows": 4,
                    "Plan Width": 8,
                    "Actual Startup Time": 290.549,
                    "Actual Total Time": 301.993,
                    "Actual Rows": 5,
                    "Actual Loops": 1,
                    "Output": [
                        "(PARTIAL count(*))"
                    ],
                    "Workers Planned": 4,
                    "Workers Launched": 4,
                    "Single Copy": false,
                    "Plans": [
                        {
                            "Node Type": "Aggregate",
                            "Strategy": "Plain",
                            "Partial Mode": "Partial",
                            "Parent Relationship": "Outer",
                            "Parallel Aware": false,
                            "Startup Cost": 71789.97,
                            "Total Cost": 71789.98,
                            "Plan Rows": 1,
                            "Plan Width": 8,
                            "Actual Startup Time": 281.212,
                            "Actual Total Time": 281.216,
                            "Actual Rows": 1,
                            "Actual Loops": 5,
                            "Output": [
                                "PARTIAL count(*)"
                            ],
                            "Workers": [
                                {
                                    "Worker Number": 0,
                                    "Actual Startup Time": 278.972,
                                    "Actual Total Time": 278.976,
                                    "Actual Rows": 1,
                                    "Actual Loops": 1
                                },
                                {
                                    "Worker Number": 1,
                                    "Actual Startup Time": 278.776,
                                    "Actual Total Time": 278.78,
                                    "Actual Rows": 1,
                                    "Actual Loops": 1
                                },
                                {
                                    "Worker Number": 2,
                                    "Actual Startup Time": 279.18,
                                    "Actual Total Time": 279.183,
                                    "Actual Rows": 1,
                                    "Actual Loops": 1
                                },
                                {
                                    "Worker Number": 3,
                                    "Actual Startup Time": 279.476,
                                    "Actual Total Time": 279.479,
                                    "Actual Rows": 1,
                                    "Actual Loops": 1
                                }
                            ],
                            "Plans": [
                                {
                                    "Node Type": "Hash Join",
                                    "Parent Relationship": "Outer",
                                    "Parallel Aware": true,
                                    "Join Type": "Inner",
                                    "Startup Cost": 25965.45,
                                    "Total Cost": 71639.19,
                                    "Plan Rows": 60309,
                                    "Plan Width": 0,
                                    "Actual Startup Time": 189.615,
                                    "Actual Total Time": 277.698,
                                    "Actual Rows": 48785,
                                    "Actual Loops": 5,
                                    "Inner Unique": false,
                                    "Hash Cond": "(t.id = mc.movie_id)",
                                    "Workers": [
                                        {
                                            "Worker Number": 0,
                                            "Actual Startup Time": 188.305,
                                            "Actual Total Time": 275.5,
                                            "Actual Rows": 47188,
                                            "Actual Loops": 1
                                        },
                                        {
                                            "Worker Number": 1,
                                            "Actual Startup Time": 188.27,
                                            "Actual Total Time": 275.306,
                                            "Actual Rows": 47014,
                                            "Actual Loops": 1
                                        },
                                        {
                                            "Worker Number": 2,
                                            "Actual Startup Time": 188.333,
                                            "Actual Total Time": 275.834,
                                            "Actual Rows": 45502,
                                            "Actual Loops": 1
                                        },
                                        {
                                            "Worker Number": 3,
                                            "Actual Startup Time": 187.513,
                                            "Actual Total Time": 276.105,
                                            "Actual Rows": 45473,
                                            "Actual Loops": 1
                                        }
                                    ],
                                    "Plans": [
                                        {
                                            "Node Type": "Seq Scan",
                                            "Parent Relationship": "Outer",
                                            "Parallel Aware": true,
                                            "Relation Name": "title",
                                            "Schema": "public",
                                            "Alias": "t",
                                            "Startup Cost": 0.0,
                                            "Total Cost": 42318.81,
                                            "Plan Rows": 632080,
                                            "Plan Width": 4,
                                            "Actual Startup Time": 0.011,
                                            "Actual Total Time": 80.389,
                                            "Actual Rows": 505662,
                                            "Actual Loops": 5,
                                            "Output": [
                                                "t.id",
                                                "t.title",
                                                "t.imdb_index",
                                                "t.kind_id",
                                                "t.production_year",
                                                "t.imdb_id",
                                                "t.phonetic_code",
                                                "t.episode_of_id",
                                                "t.season_nr",
                                                "t.episode_nr",
                                                "t.series_years",
                                                "t.md5sum"
                                            ],
                                            "Workers": [
                                                {
                                                    "Worker Number": 0,
                                                    "Actual Startup Time": 0.011,
                                                    "Actual Total Time": 84.136,
                                                    "Actual Rows": 489476,
                                                    "Actual Loops": 1
                                                },
                                                {
                                                    "Worker Number": 1,
                                                    "Actual Startup Time": 0.013,
                                                    "Actual Total Time": 83.964,
                                                    "Actual Rows": 487138,
                                                    "Actual Loops": 1
                                                },
                                                {
                                                    "Worker Number": 2,
                                                    "Actual Startup Time": 0.008,
                                                    "Actual Total Time": 81.161,
                                                    "Actual Rows": 466683,
                                                    "Actual Loops": 1
                                                },
                                                {
                                                    "Worker Number": 3,
                                                    "Actual Startup Time": 0.015,
                                                    "Actual Total Time": 81.343,
                                                    "Actual Rows": 463844,
                                                    "Actual Loops": 1
                                                }
                                            ]
                                        },
                                        {
                                            "Node Type": "Hash",
                                            "Parent Relationship": "Inner",
                                            "Parallel Aware": true,
                                            "Startup Cost": 24992.72,
                                            "Total Cost": 24992.72,
                                            "Plan Rows": 77818,
                                            "Plan Width": 4,
                                            "Actual Startup Time": 75.571,
                                            "Actual Total Time": 75.573,
                                            "Actual Rows": 48785,
                                            "Actual Loops": 5,
                                            "Output": [
                                                "mc.movie_id"
                                            ],
                                            "Hash Buckets": 262144,
                                            "Original Hash Buckets": 262144,
                                            "Hash Batches": 1,
                                            "Original Hash Batches": 1,
                                            "Peak Memory Usage": 11680,
                                            "Workers": [
                                                {
                                                    "Worker Number": 0,
                                                    "Actual Startup Time": 74.64,
                                                    "Actual Total Time": 74.642,
                                                    "Actual Rows": 42231,
                                                    "Actual Loops": 1
                                                },
                                                {
                                                    "Worker Number": 1,
                                                    "Actual Startup Time": 74.643,
                                                    "Actual Total Time": 74.644,
                                                    "Actual Rows": 38611,
                                                    "Actual Loops": 1
                                                },
                                                {
                                                    "Worker Number": 2,
                                                    "Actual Startup Time": 75.109,
                                                    "Actual Total Time": 75.111,
                                                    "Actual Rows": 38166,
                                                    "Actual Loops": 1
                                                },
                                                {
                                                    "Worker Number": 3,
                                                    "Actual Startup Time": 75.332,
                                                    "Actual Total Time": 75.333,
                                                    "Actual Rows": 41824,
                                                    "Actual Loops": 1
                                                }
                                            ],
                                            "Plans": [
                                                {
                                                    "Node Type": "Bitmap Heap Scan",
                                                    "Parent Relationship": "Outer",
                                                    "Parallel Aware": true,
                                                    "Relation Name": "movie_companies",
                                                    "Schema": "public",
                                                    "Alias": "mc",
                                                    "Startup Cost": 5230.0,
                                                    "Total Cost": 24992.72,
                                                    "Plan Rows": 77818,
                                                    "Plan Width": 4,
                                                    "Actual Startup Time": 23.866,
                                                    "Actual Total Time": 51.853,
                                                    "Actual Rows": 48785,
                                                    "Actual Loops": 5,
                                                    "Output": [
                                                        "mc.movie_id"
                                                    ],
                                                    "Recheck Cond": "(mc.company_id > 102214)",
                                                    "Rows Removed by Index Recheck": 0,
                                                    "Exact Heap Blocks": 1557,
                                                    "Lossy Heap Blocks": 0,
                                                    "Workers": [
                                                        {
                                                            "Worker Number": 0,
                                                            "Actual Startup Time": 22.902,
                                                            "Actual Total Time": 52.458,
                                                            "Actual Rows": 42231,
                                                            "Actual Loops": 1
                                                        },
                                                        {
                                                            "Worker Number": 1,
                                                            "Actual Startup Time": 23.037,
                                                            "Actual Total Time": 51.9,
                                                            "Actual Rows": 38611,
                                                            "Actual Loops": 1
                                                        },
                                                        {
                                                            "Worker Number": 2,
                                                            "Actual Startup Time": 23.466,
                                                            "Actual Total Time": 51.772,
                                                            "Actual Rows": 38166,
                                                            "Actual Loops": 1
                                                        },
                                                        {
                                                            "Worker Number": 3,
                                                            "Actual Startup Time": 23.644,
                                                            "Actual Total Time": 52.377,
                                                            "Actual Rows": 41824,
                                                            "Actual Loops": 1
                                                        }
                                                    ],
                                                    "Plans": [
                                                        {
                                                            "Node Type": "Bitmap Index Scan",
                                                            "Parent Relationship": "Outer",
                                                            "Parallel Aware": false,
                                                            "Index Name": "company_id_movie_companies",
                                                            "Startup Cost": 0.0,
                                                            "Total Cost": 5169.69,
                                                            "Plan Rows": 241235,
                                                            "Plan Width": 0,
                                                            "Actual Startup Time": 25.207,
                                                            "Actual Total Time": 25.208,
                                                            "Actual Rows": 243924,
                                                            "Actual Loops": 1,
                                                            "Index Cond": "(mc.company_id > 102214)"
                                                        }
                                                    ]
                                                }
                                            ]
                                        }
                                    ]
                                }
                            ]
                        }
                    ]
                }
            ]
        },
        "Planning Time": 1532.338,
        "Triggers": [],
        "Execution Time": 302.163
    }
]