{
  "Plan": {
    "Node Type": "Aggregate",
    "Strategy": "Plain",
    "Partial Mode": "Simple",
    "Parallel Aware": false,
    "Startup Cost": 495815.94,
    "Total Cost": 495815.95,
    "Plan Rows": 1,
    "Plan Width": 96,
    "Actual Startup Time": 2645.163,
    "Actual Total Time": 2694.245,
    "Actual Rows": 1,
    "Actual Loops": 1,
    "Plans": [
      {
        "Node Type": "Gather",
        "Parent Relationship": "Outer",
        "Parallel Aware": false,
        "Startup Cost": 224214.6,
        "Total Cost": 495815.93,
        "Plan Rows": 1,
        "Plan Width": 48,
        "Actual Startup Time": 2497.034,
        "Actual Total Time": 2694.223,
        "Actual Rows": 38,
        "Actual Loops": 1,
        "Workers Planned": 1,
        "Workers Launched": 1,
        "Single Copy": false,
        "Plans": [
          {
            "Node Type": "Hash Join",
            "Parent Relationship": "Outer",
            "Parallel Aware": true,
            "Join Type": "Inner",
            "Startup Cost": 223214.6,
            "Total Cost": 494815.83,
            "Plan Rows": 1,
            "Plan Width": 48,
            "Actual Startup Time": 2561.146,
            "Actual Total Time": 2632.534,
            "Actual Rows": 19,
            "Actual Loops": 2,
            "Inner Unique": false,
            "Hash Cond": "(mi.movie_id = ml.movie_id)",
            "Plans": [
              {
                "Node Type": "Seq Scan",
                "Parent Relationship": "Outer",
                "Parallel Aware": true,
                "Relation Name": "movie_info",
                "Alias": "mi",
                "Startup Cost": 0.0,
                "Total Cost": 271320.25,
                "Plan Rows": 74926,
                "Plan Width": 4,
                "Actual Startup Time": 0.672,
                "Actual Total Time": 838.215,
                "Actual Rows": 58280,
                "Actual Loops": 2,
                "Filter": "(info = ANY ('{Germany,German}'::text[]))",
                "Rows Removed by Filter": 7359580
              },
              {
                "Node Type": "Hash",
                "Parent Relationship": "Inner",
                "Parallel Aware": true,
                "Startup Cost": 223214.58,
                "Total Cost": 223214.58,
                "Plan Rows": 1,
                "Plan Width": 64,
                "Actual Startup Time": 1788.74,
                "Actual Total Time": 1788.755,
                "Actual Rows": 46,
                "Actual Loops": 2,
                "Hash Buckets": 1024,
                "Original Hash Buckets": 1024,
                "Hash Batches": 1,
                "Original Hash Batches": 1,
                "Peak Memory Usage": 40,
                "Plans": [
                  {
                    "Node Type": "Hash Join",
                    "Parent Relationship": "Outer",
                    "Parallel Aware": false,
                    "Join Type": "Inner",
                    "Startup Cost": 158838.04,
                    "Total Cost": 223214.58,
                    "Plan Rows": 1,
                    "Plan Width": 64,
                    "Actual Startup Time": 1452.756,
                    "Actual Total Time": 1715.027,
                    "Actual Rows": 46,
                    "Actual Loops": 2,
                    "Inner Unique": true,
                    "Hash Cond": "(mk.keyword_id = k.id)",
                    "Plans": [
                      {
                        "Node Type": "Hash Join",
                        "Parent Relationship": "Outer",
                        "Parallel Aware": false,
                        "Join Type": "Inner",
                        "Startup Cost": 156211.9,
                        "Total Cost": 220588.39,
                        "Plan Rows": 21,
                        "Plan Width": 68,
                        "Actual Startup Time": 1424.838,
                        "Actual Total Time": 1691.176,
                        "Actual Rows": 934,
                        "Actual Loops": 2,
                        "Inner Unique": false,
                        "Hash Cond": "(mk.movie_id = ml.movie_id)",
                        "Plans": [
                          {
                            "Node Type": "Seq Scan",
                            "Parent Relationship": "Outer",
                            "Parallel Aware": true,
                            "Relation Name": "movie_keyword",
                            "Alias": "mk",
                            "Startup Cost": 0.0,
                            "Total Cost": 51065.35,
                            "Plan Rows": 2661135,
                            "Plan Width": 8,
                            "Actual Startup Time": 0.013,
                            "Actual Total Time": 134.511,
                            "Actual Rows": 2261965,
                            "Actual Loops": 2
                          },
                          {
                            "Node Type": "Hash",
                            "Parent Relationship": "Inner",
                            "Parallel Aware": false,
                            "Startup Cost": 156211.65,
                            "Total Cost": 156211.65,
                            "Plan Rows": 20,
                            "Plan Width": 60,
                            "Actual Startup Time": 1424.727,
                            "Actual Total Time": 1424.738,
                            "Actual Rows": 483,
                            "Actual Loops": 2,
                            "Hash Buckets": 1024,
                            "Original Hash Buckets": 1024,
                            "Hash Batches": 1,
                            "Original Hash Batches": 1,
                            "Peak Memory Usage": 52,
                            "Plans": [
                              {
                                "Node Type": "Hash Join",
                                "Parent Relationship": "Outer",
                                "Parallel Aware": false,
                                "Join Type": "Inner",
                                "Startup Cost": 155622.75,
                                "Total Cost": 156211.65,
                                "Plan Rows": 20,
                                "Plan Width": 60,
                                "Actual Startup Time": 1417.868,
                                "Actual Total Time": 1424.532,
                                "Actual Rows": 483,
                                "Actual Loops": 2,
                                "Inner Unique": true,
                                "Hash Cond": "(mc.company_type_id = ct.id)",
                                "Plans": [
                                  {
                                    "Node Type": "Hash Join",
                                    "Parent Relationship": "Outer",
                                    "Parallel Aware": false,
                                    "Join Type": "Inner",
                                    "Startup Cost": 155621.69,
                                    "Total Cost": 156210.15,
                                    "Plan Rows": 82,
                                    "Plan Width": 64,
                                    "Actual Startup Time": 1417.815,
                                    "Actual Total Time": 1424.396,
                                    "Actual Rows": 483,
                                    "Actual Loops": 2,
                                    "Inner Unique": true,
                                    "Hash Cond": "(mc.company_id = cn.id)",
                                    "Plans": [
                                      {
                                        "Node Type": "Hash Join",
                                        "Parent Relationship": "Outer",
                                        "Parallel Aware": false,
                                        "Join Type": "Inner",
                                        "Startup Cost": 147824.4,
                                        "Total Cost": 148411.95,
                                        "Plan Rows": 348,
                                        "Plan Width": 49,
                                        "Actual Startup Time": 1343.773,
                                        "Actual Total Time": 1350.139,
                                        "Actual Rows": 1989,
                                        "Actual Loops": 2,
                                        "Inner Unique": false,
                                        "Hash Cond": "(ml.movie_id = mc.movie_id)",
                                        "Plans": [
                                          {
                                            "Node Type": "Hash Join",
                                            "Parent Relationship": "Outer",
                                            "Parallel Aware": false,
                                            "Join Type": "Inner",
                                            "Startup Cost": 87069.82,
                                            "Total Cost": 87634.44,
                                            "Plan Rows": 693,
                                            "Plan Width": 37,
                                            "Actual Startup Time": 724.851,
                                            "Actual Total Time": 730.735,
                                            "Actual Rows": 1007,
                                            "Actual Loops": 2,
                                            "Inner Unique": true,
                                            "Hash Cond": "(ml.movie_id = t.id)",
                                            "Plans": [
                                              {
                                                "Node Type": "Hash Join",
                                                "Parent Relationship": "Outer",
                                                "Parallel Aware": false,
                                                "Join Type": "Inner",
                                                "Startup Cost": 1.24,
                                                "Total Cost": 561.48,
                                                "Plan Rows": 1666,
                                                "Plan Width": 16,
                                                "Actual Startup Time": 0.085,
                                                "Actual Total Time": 5.437,
                                                "Actual Rows": 2315,
                                                "Actual Loops": 2,
                                                "Inner Unique": true,
                                                "Hash Cond": "(ml.link_type_id = lt.id)",
                                                "Plans": [
                                                  {
                                                    "Node Type": "Seq Scan",
                                                    "Parent Relationship": "Outer",
                                                    "Parallel Aware": false,
                                                    "Relation Name": "movie_link",
                                                    "Alias": "ml",
                                                    "Startup Cost": 0.0,
                                                    "Total Cost": 462.97,
                                                    "Plan Rows": 29997,
                                                    "Plan Width": 8,
                                                    "Actual Startup Time": 0.033,
                                                    "Actual Total Time": 2.715,
                                                    "Actual Rows": 29997,
                                                    "Actual Loops": 2
                                                  },
                                                  {
                                                    "Node Type": "Hash",
                                                    "Parent Relationship": "Inner",
                                                    "Parallel Aware": false,
                                                    "Startup Cost": 1.23,
                                                    "Total Cost": 1.23,
                                                    "Plan Rows": 1,
                                                    "Plan Width": 16,
                                                    "Actual Startup Time": 0.022,
                                                    "Actual Total Time": 0.023,
                                                    "Actual Rows": 2,
                                                    "Actual Loops": 2,
                                                    "Hash Buckets": 1024,
                                                    "Original Hash Buckets": 1024,
                                                    "Hash Batches": 1,
                                                    "Original Hash Batches": 1,
                                                    "Peak Memory Usage": 9,
                                                    "Plans": [
                                                      {
                                                        "Node Type": "Seq Scan",
                                                        "Parent Relationship": "Outer",
                                                        "Parallel Aware": false,
                                                        "Relation Name": "link_type",
                                                        "Alias": "lt",
                                                        "Startup Cost": 0.0,
                                                        "Total Cost": 1.23,
                                                        "Plan Rows": 1,
                                                        "Plan Width": 16,
                                                        "Actual Startup Time": 0.015,
                                                        "Actual Total Time": 0.018,
                                                        "Actual Rows": 2,
                                                        "Actual Loops": 2,
                                                        "Filter": "((link)::text ~~ '%follow%'::text)",
                                                        "Rows Removed by Filter": 16
                                                      }
                                                    ]
                                                  }
                                                ]
                                              },
                                              {
                                                "Node Type": "Hash",
                                                "Parent Relationship": "Inner",
                                                "Parallel Aware": false,
                                                "Startup Cost": 73925.64,
                                                "Total Cost": 73925.64,
                                                "Plan Rows": 1051436,
                                                "Plan Width": 21,
                                                "Actual Startup Time": 717.273,
                                                "Actual Total Time": 717.274,
                                                "Actual Rows": 1042800,
                                                "Actual Loops": 2,
                                                "Hash Buckets": 2097152,
                                                "Original Hash Buckets": 2097152,
                                                "Hash Batches": 1,
                                                "Original Hash Batches": 1,
                                                "Peak Memory Usage": 72044,
                                                "Plans": [
                                                  {
                                                    "Node Type": "Seq Scan",
                                                    "Parent Relationship": "Outer",
                                                    "Parallel Aware": false,
                                                    "Relation Name": "title",
                                                    "Alias": "t",
                                                    "Startup Cost": 0.0,
                                                    "Total Cost": 73925.64,
                                                    "Plan Rows": 1051436,
                                                    "Plan Width": 21,
                                                    "Actual Startup Time": 0.022,
                                                    "Actual Total Time": 361.624,
                                                    "Actual Rows": 1042800,
                                                    "Actual Loops": 2,
                                                    "Filter": "((production_year >= 2000) AND (production_year <= 2010))",
                                                    "Rows Removed by Filter": 1485512
                                                  }
                                                ]
                                              }
                                            ]
                                          },
                                          {
                                            "Node Type": "Hash",
                                            "Parent Relationship": "Inner",
                                            "Parallel Aware": false,
                                            "Startup Cost": 44881.29,
                                            "Total Cost": 44881.29,
                                            "Plan Rows": 1269863,
                                            "Plan Width": 12,
                                            "Actual Startup Time": 611.056,
                                            "Actual Total Time": 611.057,
                                            "Actual Rows": 1271989,
                                            "Actual Loops": 2,
                                            "Hash Buckets": 2097152,
                                            "Original Hash Buckets": 2097152,
                                            "Hash Batches": 1,
                                            "Original Hash Batches": 1,
                                            "Peak Memory Usage": 71040,
                                            "Plans": [
                                              {
                                                "Node Type": "Seq Scan",
                                                "Parent Relationship": "Outer",
                                                "Parallel Aware": false,
                                                "Relation Name": "movie_companies",
                                                "Alias": "mc",
                                                "Startup Cost": 0.0,
                                                "Total Cost": 44881.29,
                                                "Plan Rows": 1269863,
                                                "Plan Width": 12,
                                                "Actual Startup Time": 0.046,
                                                "Actual Total Time": 294.049,
                                                "Actual Rows": 1271989,
                                                "Actual Loops": 2,
                                                "Filter": "(note IS NULL)",
                                                "Rows Removed by Filter": 1337140
                                              }
                                            ]
                                          }
                                        ]
                                      },
                                      {
                                        "Node Type": "Hash",
                                        "Parent Relationship": "Inner",
                                        "Parallel Aware": false,
                                        "Startup Cost": 7107.45,
                                        "Total Cost": 7107.45,
                                        "Plan Rows": 55187,
                                        "Plan Width": 23,
                                        "Actual Startup Time": 73.716,
                                        "Actual Total Time": 73.717,
                                        "Actual Rows": 48302,
                                        "Actual Loops": 2,
                                        "Hash Buckets": 65536,
                                        "Original Hash Buckets": 65536,
                                        "Hash Batches": 1,
                                        "Original Hash Batches": 1,
                                        "Peak Memory Usage": 3137,
                                        "Plans": [
                                          {
                                            "Node Type": "Seq Scan",
                                            "Parent Relationship": "Outer",
                                            "Parallel Aware": false,
                                            "Relation Name": "company_name",
                                            "Alias": "cn",
                                            "Startup Cost": 0.0,
                                            "Total Cost": 7107.45,
                                            "Plan Rows": 55187,
                                            "Plan Width": 23,
                                            "Actual Startup Time": 0.026,
                                            "Actual Total Time": 61.256,
                                            "Actual Rows": 48302,
                                            "Actual Loops": 2,
                                            "Filter": "(((country_code)::text <> '[pl]'::text) AND ((name ~~ '%Film%'::text) OR (name ~~ '%Warner%'::text)))",
                                            "Rows Removed by Filter": 186695
                                          }
                                        ]
                                      }
                                    ]
                                  },
                                  {
                                    "Node Type": "Hash",
                                    "Parent Relationship": "Inner",
                                    "Parallel Aware": false,
                                    "Startup Cost": 1.05,
                                    "Total Cost": 1.05,
                                    "Plan Rows": 1,
                                    "Plan Width": 4,
                                    "Actual Startup Time": 0.031,
                                    "Actual Total Time": 0.032,
                                    "Actual Rows": 1,
                                    "Actual Loops": 2,
                                    "Hash Buckets": 1024,
                                    "Original Hash Buckets": 1024,
                                    "Hash Batches": 1,
                                    "Original Hash Batches": 1,
                                    "Peak Memory Usage": 9,
                                    "Plans": [
                                      {
                                        "Node Type": "Seq Scan",
                                        "Parent Relationship": "Outer",
                                        "Parallel Aware": false,
                                        "Relation Name": "company_type",
                                        "Alias": "ct",
                                        "Startup Cost": 0.0,
                                        "Total Cost": 1.05,
                                        "Plan Rows": 1,
                                        "Plan Width": 4,
                                        "Actual Startup Time": 0.023,
                                        "Actual Total Time": 0.024,
                                        "Actual Rows": 1,
                                        "Actual Loops": 2,
                                        "Filter": "((kind)::text = 'production companies'::text)",
                                        "Rows Removed by Filter": 3
                                      }
                                    ]
                                  }
                                ]
                              }
                            ]
                          }
                        ]
                      },
                      {
                        "Node Type": "Hash",
                        "Parent Relationship": "Inner",
                        "Parallel Aware": false,
                        "Startup Cost": 2626.12,
                        "Total Cost": 2626.12,
                        "Plan Rows": 1,
                        "Plan Width": 4,
                        "Actual Startup Time": 23.773,
                        "Actual Total Time": 23.774,
                        "Actual Rows": 1,
                        "Actual Loops": 2,
                        "Hash Buckets": 1024,
                        "Original Hash Buckets": 1024,
                        "Hash Batches": 1,
                        "Original Hash Batches": 1,
                        "Peak Memory Usage": 9,
                        "Plans": [
                          {
                            "Node Type": "Seq Scan",
                            "Parent Relationship": "Outer",
                            "Parallel Aware": false,
                            "Relation Name": "keyword",
                            "Alias": "k",
                            "Startup Cost": 0.0,
                            "Total Cost": 2626.12,
                            "Plan Rows": 1,
                            "Plan Width": 4,
                            "Actual Startup Time": 1.946,
                            "Actual Total Time": 23.758,
                            "Actual Rows": 1,
                            "Actual Loops": 2,
                            "Filter": "(keyword = 'sequel'::text)",
                            "Rows Removed by Filter": 134169
                          }
                        ]
                      }
                    ]
                  }
                ]
              }
            ]
          }
        ]
      }
    ]
  },
  "Planning Time": 2.1,
  "Triggers": [],
  "Execution Time": 2695.798
}