[
  {
    "Plan": {
      "Node Type": "Aggregate",
      "Strategy": "Plain",
      "Partial Mode": "Finalize",
      "Parallel Aware": false,
      "Startup Cost": 312924.5,
      "Total Cost": 312924.51,
      "Plan Rows": 1,
      "Plan Width": 8,
      "Actual Startup Time": 2454.925,
      "Actual Total Time": 2500.487,
      "Actual Rows": 1,
      "Actual Loops": 1,
      "Plans": [
        {
          "Node Type": "Gather",
          "Parent Relationship": "Outer",
          "Parallel Aware": false,
          "Startup Cost": 312924.18,
          "Total Cost": 312924.49,
          "Plan Rows": 3,
          "Plan Width": 8,
          "Actual Startup Time": 2442.968,
          "Actual Total Time": 2500.476,
          "Actual Rows": 4,
          "Actual Loops": 1,
          "Workers Planned": 3,
          "Workers Launched": 3,
          "Single Copy": false,
          "Plans": [
            {
              "Node Type": "Aggregate",
              "Strategy": "Plain",
              "Partial Mode": "Partial",
              "Parent Relationship": "Outer",
              "Parallel Aware": false,
              "Startup Cost": 311924.18,
              "Total Cost": 311924.19,
              "Plan Rows": 1,
              "Plan Width": 8,
              "Actual Startup Time": 2424.612,
              "Actual Total Time": 2425.45,
              "Actual Rows": 1,
              "Actual Loops": 4,
              "Plans": [
                {
                  "Node Type": "Hash Join",
                  "Parent Relationship": "Outer",
                  "Parallel Aware": true,
                  "Join Type": "Inner",
                  "Startup Cost": 256912.22,
                  "Total Cost": 308002.01,
                  "Plan Rows": 1568868,
                  "Plan Width": 0,
                  "Actual Startup Time": 1398.165,
                  "Actual Total Time": 2135.228,
                  "Actual Rows": 7328360,
                  "Actual Loops": 4,
                  "Inner Unique": false,
                  "Hash Cond": "(mk.movie_id = t.id)",
                  "Plans": [
                    {
                      "Node Type": "Seq Scan",
                      "Parent Relationship": "Outer",
                      "Parallel Aware": true,
                      "Relation Name": "movie_keyword",
                      "Alias": "mk",
                      "Startup Cost": 0.0,
                      "Total Cost": 42695.65,
                      "Plan Rows": 1401709,
                      "Plan Width": 4,
                      "Actual Startup Time": 0.035,
                      "Actual Total Time": 112.744,
                      "Actual Rows": 1088201,
                      "Actual Loops": 4,
                      "Filter": "(keyword_id < 72106)",
                      "Rows Removed by Filter": 42782
                    },
                    {
                      "Node Type": "Hash",
                      "Parent Relationship": "Inner",
                      "Parallel Aware": true,
                      "Startup Cost": 249837.72,
                      "Total Cost": 249837.72,
                      "Plan Rows": 565960,
                      "Plan Width": 8,
                      "Actual Startup Time": 1386.674,
                      "Actual Total Time": 1387.51,
                      "Actual Rows": 817908,
                      "Actual Loops": 4,
                      "Hash Buckets": 4194304,
                      "Original Hash Buckets": 4194304,
                      "Hash Batches": 1,
                      "Original Hash Batches": 1,
                      "Peak Memory Usage": 160800,
                      "Plans": [
                        {
                          "Node Type": "Hash Join",
                          "Parent Relationship": "Outer",
                          "Parallel Aware": true,
                          "Join Type": "Inner",
                          "Startup Cost": 48074.37,
                          "Total Cost": 249837.72,
                          "Plan Rows": 565960,
                          "Plan Width": 8,
                          "Actual Startup Time": 235.028,
                          "Actual Total Time": 1097.888,
                          "Actual Rows": 817908,
                          "Actual Loops": 4,
                          "Inner Unique": true,
                          "Hash Cond": "(mi.movie_id = t.id)",
                          "Plans": [
                            {
                              "Node Type": "Seq Scan",
                              "Parent Relationship": "Outer",
                              "Parallel Aware": true,
                              "Relation Name": "movie_info",
                              "Alias": "mi",
                              "Startup Cost": 0.0,
                              "Total Cost": 198952.16,
                              "Plan Rows": 1070929,
                              "Plan Width": 4,
                              "Actual Startup Time": 0.026,
                              "Actual Total Time": 420.109,
                              "Actual Rows": 1352630,
                              "Actual Loops": 4,
                              "Filter": "(info_type_id < 6)",
                              "Rows Removed by Filter": 2356300
                            },
                            {
                              "Node Type": "Hash",
                              "Parent Relationship": "Inner",
                              "Parallel Aware": true,
                              "Startup Cost": 43898.92,
                              "Total Cost": 43898.92,
                              "Plan Rows": 334036,
                              "Plan Width": 4,
                              "Actual Startup Time": 231.864,
                              "Actual Total Time": 231.868,
                              "Actual Rows": 337073,
                              "Actual Loops": 4,
                              "Hash Buckets": 2097152,
                              "Original Hash Buckets": 2097152,
                              "Hash Batches": 1,
                              "Original Hash Batches": 1,
                              "Peak Memory Usage": 69184,
                              "Plans": [
                                {
                                  "Node Type": "Seq Scan",
                                  "Parent Relationship": "Outer",
                                  "Parallel Aware": true,
                                  "Relation Name": "title",
                                  "Alias": "t",
                                  "Startup Cost": 0.0,
                                  "Total Cost": 43898.92,
                                  "Plan Rows": 334036,
                                  "Plan Width": 4,
                                  "Actual Startup Time": 0.035,
                                  "Actual Total Time": 104.576,
                                  "Actual Rows": 337073,
                                  "Actual Loops": 4,
                                  "Filter": "(production_year < 2005)",
                                  "Rows Removed by Filter": 295005
                                }
                              ]
                            }
                          ]
                        }
                      ]
                    }
                  ]
                }
              ]
            }
          ]
        }
      ]
    },
    "Planning Time": 1.376,
    "Triggers": [],
    "Execution Time": 2500.569
  }
]