[
  {
    "Plan": {
      "Node Type": "Aggregate",
      "Strategy": "Plain",
      "Partial Mode": "Finalize",
      "Parallel Aware": false,
      "Startup Cost": 79652.69,
      "Total Cost": 79652.7,
      "Plan Rows": 1,
      "Plan Width": 8,
      "Actual Startup Time": 326.632,
      "Actual Total Time": 342.2,
      "Actual Rows": 1,
      "Actual Loops": 1,
      "Plans": [
        {
          "Node Type": "Gather",
          "Parent Relationship": "Outer",
          "Parallel Aware": false,
          "Startup Cost": 79652.38,
          "Total Cost": 79652.69,
          "Plan Rows": 3,
          "Plan Width": 8,
          "Actual Startup Time": 323.428,
          "Actual Total Time": 342.192,
          "Actual Rows": 4,
          "Actual Loops": 1,
          "Workers Planned": 3,
          "Workers Launched": 3,
          "Single Copy": false,
          "Plans": [
            {
              "Node Type": "Aggregate",
              "Strategy": "Plain",
              "Partial Mode": "Partial",
              "Parent Relationship": "Outer",
              "Parallel Aware": false,
              "Startup Cost": 78652.38,
              "Total Cost": 78652.39,
              "Plan Rows": 1,
              "Plan Width": 8,
              "Actual Startup Time": 314.9,
              "Actual Total Time": 314.903,
              "Actual Rows": 1,
              "Actual Loops": 4,
              "Plans": [
                {
                  "Node Type": "Hash Join",
                  "Parent Relationship": "Outer",
                  "Parallel Aware": true,
                  "Join Type": "Inner",
                  "Startup Cost": 46533.97,
                  "Total Cost": 78482.77,
                  "Plan Rows": 67844,
                  "Plan Width": 0,
                  "Actual Startup Time": 216.801,
                  "Actual Total Time": 311.279,
                  "Actual Rows": 93524,
                  "Actual Loops": 4,
                  "Inner Unique": true,
                  "Hash Cond": "(mc.movie_id = t.id)",
                  "Plans": [
                    {
                      "Node Type": "Seq Scan",
                      "Parent Relationship": "Outer",
                      "Parallel Aware": true,
                      "Relation Name": "movie_companies",
                      "Alias": "mc",
                      "Startup Cost": 0.0,
                      "Total Cost": 31414.82,
                      "Plan Rows": 203422,
                      "Plan Width": 4,
                      "Actual Startup Time": 30.433,
                      "Actual Total Time": 65.046,
                      "Actual Rows": 222972,
                      "Actual Loops": 4,
                      "Filter": "((company_id > 11713) AND (company_type_id = 2))",
                      "Rows Removed by Filter": 429310
                    },
                    {
                      "Node Type": "Hash",
                      "Parent Relationship": "Inner",
                      "Parallel Aware": true,
                      "Startup Cost": 43898.92,
                      "Total Cost": 43898.92,
                      "Plan Rows": 210804,
                      "Plan Width": 4,
                      "Actual Startup Time": 181.019,
                      "Actual Total Time": 181.02,
                      "Actual Rows": 212285,
                      "Actual Loops": 4,
                      "Hash Buckets": 1048576,
                      "Original Hash Buckets": 1048576,
                      "Hash Batches": 1,
                      "Original Hash Batches": 1,
                      "Peak Memory Usage": 41440,
                      "Plans": [
                        {
                          "Node Type": "Seq Scan",
                          "Parent Relationship": "Outer",
                          "Parallel Aware": true,
                          "Relation Name": "title",
                          "Alias": "t",
                          "Startup Cost": 0.0,
                          "Total Cost": 43898.92,
                          "Plan Rows": 210804,
                          "Plan Width": 4,
                          "Actual Startup Time": 0.039,
                          "Actual Total Time": 102.663,
                          "Actual Rows": 212285,
                          "Actual Loops": 4,
                          "Filter": "(production_year < 1996)",
                          "Rows Removed by Filter": 419793
                        }
                      ]
                    }
                  ]
                }
              ]
            }
          ]
        }
      ]
    },
    "Planning Time": 0.634,
    "Triggers": [],
    "Execution Time": 342.267
  }
]