[
  {
    "Plan": {
      "Node Type": "Aggregate",
      "Strategy": "Plain",
      "Partial Mode": "Finalize",
      "Parallel Aware": false,
      "Startup Cost": 127853.02,
      "Total Cost": 127853.03,
      "Plan Rows": 1,
      "Plan Width": 8,
      "Actual Startup Time": 858.144,
      "Actual Total Time": 885.008,
      "Actual Rows": 1,
      "Actual Loops": 1,
      "Plans": [
        {
          "Node Type": "Gather",
          "Parent Relationship": "Outer",
          "Parallel Aware": false,
          "Startup Cost": 127852.7,
          "Total Cost": 127853.01,
          "Plan Rows": 3,
          "Plan Width": 8,
          "Actual Startup Time": 840.404,
          "Actual Total Time": 884.995,
          "Actual Rows": 4,
          "Actual Loops": 1,
          "Workers Planned": 3,
          "Workers Launched": 3,
          "Single Copy": false,
          "Plans": [
            {
              "Node Type": "Aggregate",
              "Strategy": "Plain",
              "Partial Mode": "Partial",
              "Parent Relationship": "Outer",
              "Parallel Aware": false,
              "Startup Cost": 126852.7,
              "Total Cost": 126852.71,
              "Plan Rows": 1,
              "Plan Width": 8,
              "Actual Startup Time": 830.778,
              "Actual Total Time": 830.938,
              "Actual Rows": 1,
              "Actual Loops": 4,
              "Plans": [
                {
                  "Node Type": "Hash Join",
                  "Parent Relationship": "Outer",
                  "Parallel Aware": true,
                  "Join Type": "Inner",
                  "Startup Cost": 93632.46,
                  "Total Cost": 126382.57,
                  "Plan Rows": 188051,
                  "Plan Width": 0,
                  "Actual Startup Time": 571.851,
                  "Actual Total Time": 796.267,
                  "Actual Rows": 901134,
                  "Actual Loops": 4,
                  "Inner Unique": false,
                  "Hash Cond": "(mc.movie_id = t.id)",
                  "Plans": [
                    {
                      "Node Type": "Seq Scan",
                      "Parent Relationship": "Outer",
                      "Parallel Aware": true,
                      "Relation Name": "movie_companies",
                      "Alias": "mc",
                      "Startup Cost": 0.0,
                      "Total Cost": 29310.68,
                      "Plan Rows": 755415,
                      "Plan Width": 4,
                      "Actual Startup Time": 0.023,
                      "Actual Total Time": 71.443,
                      "Actual Rows": 585727,
                      "Actual Loops": 4,
                      "Filter": "(company_id < 98430)",
                      "Rows Removed by Filter": 66555
                    },
                    {
                      "Node Type": "Hash",
                      "Parent Relationship": "Inner",
                      "Parallel Aware": true,
                      "Startup Cost": 91094.61,
                      "Total Cost": 91094.61,
                      "Plan Rows": 203028,
                      "Plan Width": 8,
                      "Actual Startup Time": 566.104,
                      "Actual Total Time": 566.263,
                      "Actual Rows": 160432,
                      "Actual Loops": 4,
                      "Hash Buckets": 1048576,
                      "Original Hash Buckets": 1048576,
                      "Hash Batches": 1,
                      "Original Hash Batches": 1,
                      "Peak Memory Usage": 33376,
                      "Plans": [
                        {
                          "Node Type": "Hash Join",
                          "Parent Relationship": "Outer",
                          "Parallel Aware": true,
                          "Join Type": "Inner",
                          "Startup Cost": 63569.82,
                          "Total Cost": 91094.61,
                          "Plan Rows": 203028,
                          "Plan Width": 8,
                          "Actual Startup Time": 383.946,
                          "Actual Total Time": 507.234,
                          "Actual Rows": 160432,
                          "Actual Loops": 4,
                          "Inner Unique": true,
                          "Hash Cond": "(mk.movie_id = t.id)",
                          "Plans": [
                            {
                              "Node Type": "Bitmap Heap Scan",
                              "Parent Relationship": "Outer",
                              "Parallel Aware": true,
                              "Relation Name": "movie_keyword",
                              "Alias": "mk",
                              "Startup Cost": 13350.17,
                              "Total Cost": 40342.02,
                              "Plan Rows": 203028,
                              "Plan Width": 4,
                              "Actual Startup Time": 36.025,
                              "Actual Total Time": 95.601,
                              "Actual Rows": 160432,
                              "Actual Loops": 4,
                              "Recheck Cond": "(keyword_id < 498)",
                              "Rows Removed by Index Recheck": 0,
                              "Exact Heap Blocks": 6824,
                              "Lossy Heap Blocks": 0,
                              "Plans": [
                                {
                                  "Node Type": "Bitmap Index Scan",
                                  "Parent Relationship": "Outer",
                                  "Parallel Aware": false,
                                  "Index Name": "keyword_id_movie_keyword",
                                  "Startup Cost": 0.0,
                                  "Total Cost": 13192.83,
                                  "Plan Rows": 629386,
                                  "Plan Width": 0,
                                  "Actual Startup Time": 32.395,
                                  "Actual Total Time": 32.396,
                                  "Actual Rows": 641726,
                                  "Actual Loops": 1,
                                  "Index Cond": "(keyword_id < 498)"
                                }
                              ]
                            },
                            {
                              "Node Type": "Hash",
                              "Parent Relationship": "Inner",
                              "Parallel Aware": true,
                              "Startup Cost": 42318.73,
                              "Total Cost": 42318.73,
                              "Plan Rows": 632073,
                              "Plan Width": 4,
                              "Actual Startup Time": 339.848,
                              "Actual Total Time": 339.849,
                              "Actual Rows": 632078,
                              "Actual Loops": 4,
                              "Hash Buckets": 4194304,
                              "Original Hash Buckets": 4194304,
                              "Hash Batches": 1,
                              "Original Hash Batches": 1,
                              "Peak Memory Usage": 131712,
                              "Plans": [
                                {
                                  "Node Type": "Seq Scan",
                                  "Parent Relationship": "Outer",
                                  "Parallel Aware": true,
                                  "Relation Name": "title",
                                  "Alias": "t",
                                  "Startup Cost": 0.0,
                                  "Total Cost": 42318.73,
                                  "Plan Rows": 632073,
                                  "Plan Width": 4,
                                  "Actual Startup Time": 0.04,
                                  "Actual Total Time": 96.654,
                                  "Actual Rows": 632078,
                                  "Actual Loops": 4
                                }
                              ]
                            }
                          ]
                        }
                      ]
                    }
                  ]
                }
              ]
            }
          ]
        }
      ]
    },
    "Planning Time": 1.397,
    "Triggers": [],
    "Execution Time": 885.111
  }
]