[
  {
    "Plan": {
      "Node Type": "Aggregate",
      "Strategy": "Plain",
      "Partial Mode": "Finalize",
      "Parallel Aware": false,
      "Startup Cost": 123144.76,
      "Total Cost": 123144.77,
      "Plan Rows": 1,
      "Plan Width": 8,
      "Actual Startup Time": 634.726,
      "Actual Total Time": 664.024,
      "Actual Rows": 1,
      "Actual Loops": 1,
      "Plans": [
        {
          "Node Type": "Gather",
          "Parent Relationship": "Outer",
          "Parallel Aware": false,
          "Startup Cost": 123144.45,
          "Total Cost": 123144.76,
          "Plan Rows": 3,
          "Plan Width": 8,
          "Actual Startup Time": 631.27,
          "Actual Total Time": 664.012,
          "Actual Rows": 4,
          "Actual Loops": 1,
          "Workers Planned": 3,
          "Workers Launched": 3,
          "Single Copy": false,
          "Plans": [
            {
              "Node Type": "Aggregate",
              "Strategy": "Plain",
              "Partial Mode": "Partial",
              "Parent Relationship": "Outer",
              "Parallel Aware": false,
              "Startup Cost": 122144.45,
              "Total Cost": 122144.46,
              "Plan Rows": 1,
              "Plan Width": 8,
              "Actual Startup Time": 623.801,
              "Actual Total Time": 623.974,
              "Actual Rows": 1,
              "Actual Loops": 4,
              "Plans": [
                {
                  "Node Type": "Hash Join",
                  "Parent Relationship": "Outer",
                  "Parallel Aware": true,
                  "Join Type": "Inner",
                  "Startup Cost": 89719.55,
                  "Total Cost": 122001.33,
                  "Plan Rows": 57248,
                  "Plan Width": 0,
                  "Actual Startup Time": 385.027,
                  "Actual Total Time": 598.116,
                  "Actual Rows": 449132,
                  "Actual Loops": 4,
                  "Inner Unique": false,
                  "Hash Cond": "(mc.movie_id = t.id)",
                  "Plans": [
                    {
                      "Node Type": "Seq Scan",
                      "Parent Relationship": "Outer",
                      "Parallel Aware": true,
                      "Relation Name": "movie_companies",
                      "Alias": "mc",
                      "Startup Cost": 0.0,
                      "Total Cost": 29310.68,
                      "Plan Rows": 743047,
                      "Plan Width": 4,
                      "Actual Startup Time": 0.019,
                      "Actual Total Time": 93.517,
                      "Actual Rows": 576597,
                      "Actual Loops": 4,
                      "Filter": "(company_id < 93781)",
                      "Rows Removed by Filter": 75686
                    },
                    {
                      "Node Type": "Hash",
                      "Parent Relationship": "Inner",
                      "Parallel Aware": true,
                      "Startup Cost": 88934.05,
                      "Total Cost": 88934.05,
                      "Plan Rows": 62840,
                      "Plan Width": 8,
                      "Actual Startup Time": 383.379,
                      "Actual Total Time": 383.55,
                      "Actual Rows": 77096,
                      "Actual Loops": 4,
                      "Hash Buckets": 524288,
                      "Original Hash Buckets": 262144,
                      "Hash Batches": 1,
                      "Original Hash Batches": 1,
                      "Peak Memory Usage": 18272,
                      "Plans": [
                        {
                          "Node Type": "Hash Join",
                          "Parent Relationship": "Outer",
                          "Parallel Aware": true,
                          "Join Type": "Inner",
                          "Startup Cost": 44815.0,
                          "Total Cost": 88934.05,
                          "Plan Rows": 62840,
                          "Plan Width": 8,
                          "Actual Startup Time": 146.04,
                          "Actual Total Time": 348.205,
                          "Actual Rows": 77096,
                          "Actual Loops": 4,
                          "Inner Unique": true,
                          "Hash Cond": "(mk.movie_id = t.id)",
                          "Plans": [
                            {
                              "Node Type": "Seq Scan",
                              "Parent Relationship": "Outer",
                              "Parallel Aware": true,
                              "Relation Name": "movie_keyword",
                              "Alias": "mk",
                              "Startup Cost": 0.0,
                              "Total Cost": 42695.65,
                              "Plan Rows": 542247,
                              "Plan Width": 4,
                              "Actual Startup Time": 0.043,
                              "Actual Total Time": 131.741,
                              "Actual Rows": 421073,
                              "Actual Loops": 4,
                              "Filter": "(keyword_id < 2616)",
                              "Rows Removed by Filter": 709909
                            },
                            {
                              "Node Type": "Hash",
                              "Parent Relationship": "Inner",
                              "Parallel Aware": true,
                              "Startup Cost": 43899.32,
                              "Total Cost": 43899.32,
                              "Plan Rows": 73254,
                              "Plan Width": 4,
                              "Actual Startup Time": 144.409,
                              "Actual Total Time": 144.411,
                              "Actual Rows": 77384,
                              "Actual Loops": 4,
                              "Hash Buckets": 524288,
                              "Original Hash Buckets": 524288,
                              "Hash Batches": 1,
                              "Original Hash Batches": 1,
                              "Peak Memory Usage": 16256,
                              "Plans": [
                                {
                                  "Node Type": "Seq Scan",
                                  "Parent Relationship": "Outer",
                                  "Parallel Aware": true,
                                  "Relation Name": "title",
                                  "Alias": "t",
                                  "Startup Cost": 0.0,
                                  "Total Cost": 43899.32,
                                  "Plan Rows": 73254,
                                  "Plan Width": 4,
                                  "Actual Startup Time": 0.045,
                                  "Actual Total Time": 112.313,
                                  "Actual Rows": 77384,
                                  "Actual Loops": 4,
                                  "Filter": "(production_year < 1966)",
                                  "Rows Removed by Filter": 554694
                                }
                              ]
                            }
                          ]
                        }
                      ]
                    }
                  ]
                }
              ]
            }
          ]
        }
      ]
    },
    "Planning Time": 0.562,
    "Triggers": [],
    "Execution Time": 664.078
  }
]