[
  {
    "Plan": {
      "Node Type": "Aggregate",
      "Strategy": "Plain",
      "Partial Mode": "Finalize",
      "Parallel Aware": false,
      "Startup Cost": 135373.74,
      "Total Cost": 135373.75,
      "Plan Rows": 1,
      "Plan Width": 8,
      "Actual Startup Time": 1859.568,
      "Actual Total Time": 1898.599,
      "Actual Rows": 1,
      "Actual Loops": 1,
      "Plans": [
        {
          "Node Type": "Gather",
          "Parent Relationship": "Outer",
          "Parallel Aware": false,
          "Startup Cost": 135373.42,
          "Total Cost": 135373.73,
          "Plan Rows": 3,
          "Plan Width": 8,
          "Actual Startup Time": 1835.645,
          "Actual Total Time": 1898.574,
          "Actual Rows": 4,
          "Actual Loops": 1,
          "Workers Planned": 3,
          "Workers Launched": 3,
          "Single Copy": false,
          "Plans": [
            {
              "Node Type": "Aggregate",
              "Strategy": "Plain",
              "Partial Mode": "Partial",
              "Parent Relationship": "Outer",
              "Parallel Aware": false,
              "Startup Cost": 134373.42,
              "Total Cost": 134373.43,
              "Plan Rows": 1,
              "Plan Width": 8,
              "Actual Startup Time": 1817.664,
              "Actual Total Time": 1818.48,
              "Actual Rows": 1,
              "Actual Loops": 4,
              "Plans": [
                {
                  "Node Type": "Hash Join",
                  "Parent Relationship": "Outer",
                  "Parallel Aware": true,
                  "Join Type": "Inner",
                  "Startup Cost": 86826.12,
                  "Total Cost": 133368.29,
                  "Plan Rows": 402052,
                  "Plan Width": 0,
                  "Actual Startup Time": 1130.739,
                  "Actual Total Time": 1673.739,
                  "Actual Rows": 2195983,
                  "Actual Loops": 4,
                  "Inner Unique": false,
                  "Hash Cond": "(mk.movie_id = t.id)",
                  "Plans": [
                    {
                      "Node Type": "Seq Scan",
                      "Parent Relationship": "Outer",
                      "Parallel Aware": true,
                      "Relation Name": "movie_keyword",
                      "Alias": "mk",
                      "Startup Cost": 0.0,
                      "Total Cost": 42695.65,
                      "Plan Rows": 679887,
                      "Plan Width": 4,
                      "Actual Startup Time": 0.507,
                      "Actual Total Time": 179.432,
                      "Actual Rows": 523096,
                      "Actual Loops": 4,
                      "Filter": "(keyword_id > 5761)",
                      "Rows Removed by Filter": 607886
                    },
                    {
                      "Node Type": "Hash",
                      "Parent Relationship": "Inner",
                      "Parallel Aware": true,
                      "Startup Cost": 80797.15,
                      "Total Cost": 80797.15,
                      "Plan Rows": 482318,
                      "Plan Width": 8,
                      "Actual Startup Time": 1121.134,
                      "Actual Total Time": 1121.946,
                      "Actual Rows": 371916,
                      "Actual Loops": 4,
                      "Hash Buckets": 2097152,
                      "Original Hash Buckets": 2097152,
                      "Hash Batches": 1,
                      "Original Hash Batches": 1,
                      "Peak Memory Usage": 74656,
                      "Plans": [
                        {
                          "Node Type": "Hash Join",
                          "Parent Relationship": "Outer",
                          "Parallel Aware": true,
                          "Join Type": "Inner",
                          "Startup Cost": 50220.38,
                          "Total Cost": 80797.15,
                          "Plan Rows": 482318,
                          "Plan Width": 8,
                          "Actual Startup Time": 617.874,
                          "Actual Total Time": 913.733,
                          "Actual Rows": 371916,
                          "Actual Loops": 4,
                          "Inner Unique": true,
                          "Hash Cond": "(mc.movie_id = t.id)",
                          "Plans": [
                            {
                              "Node Type": "Seq Scan",
                              "Parent Relationship": "Outer",
                              "Parallel Aware": true,
                              "Relation Name": "movie_companies",
                              "Alias": "mc",
                              "Startup Cost": 0.0,
                              "Total Cost": 29310.68,
                              "Plan Rows": 482318,
                              "Plan Width": 4,
                              "Actual Startup Time": 7.398,
                              "Actual Total Time": 109.895,
                              "Actual Rows": 371916,
                              "Actual Loops": 4,
                              "Filter": "(company_id > 7870)",
                              "Rows Removed by Filter": 280366
                            },
                            {
                              "Node Type": "Hash",
                              "Parent Relationship": "Inner",
                              "Parallel Aware": true,
                              "Startup Cost": 42319.06,
                              "Total Cost": 42319.06,
                              "Plan Rows": 632106,
                              "Plan Width": 4,
                              "Actual Startup Time": 597.027,
                              "Actual Total Time": 597.029,
                              "Actual Rows": 632078,
                              "Actual Loops": 4,
                              "Hash Buckets": 4194304,
                              "Original Hash Buckets": 4194304,
                              "Hash Batches": 1,
                              "Original Hash Batches": 1,
                              "Peak Memory Usage": 131712,
                              "Plans": [
                                {
                                  "Node Type": "Seq Scan",
                                  "Parent Relationship": "Outer",
                                  "Parallel Aware": true,
                                  "Relation Name": "title",
                                  "Alias": "t",
                                  "Startup Cost": 0.0,
                                  "Total Cost": 42319.06,
                                  "Plan Rows": 632106,
                                  "Plan Width": 4,
                                  "Actual Startup Time": 0.067,
                                  "Actual Total Time": 167.241,
                                  "Actual Rows": 632078,
                                  "Actual Loops": 4
                                }
                              ]
                            }
                          ]
                        }
                      ]
                    }
                  ]
                }
              ]
            }
          ]
        }
      ]
    },
    "Planning Time": 1.265,
    "Triggers": [],
    "Execution Time": 1898.699
  }
]