{
  "Plan": {
    "Node Type": "Aggregate",
    "Strategy": "Plain",
    "Partial Mode": "Finalize",
    "Parallel Aware": false,
    "Startup Cost": 116949.51,
    "Total Cost": 116949.52,
    "Plan Rows": 1,
    "Plan Width": 8,
    "Actual Startup Time": 761.719,
    "Actual Total Time": 782.295,
    "Actual Rows": 1,
    "Actual Loops": 1,
    "Plans": [
      {
        "Node Type": "Gather",
        "Parent Relationship": "Outer",
        "Parallel Aware": false,
        "Startup Cost": 116949.4,
        "Total Cost": 116949.51,
        "Plan Rows": 1,
        "Plan Width": 8,
        "Actual Startup Time": 757.542,
        "Actual Total Time": 782.287,
        "Actual Rows": 2,
        "Actual Loops": 1,
        "Workers Planned": 1,
        "Workers Launched": 1,
        "Single Copy": false,
        "Plans": [
          {
            "Node Type": "Aggregate",
            "Strategy": "Plain",
            "Partial Mode": "Partial",
            "Parent Relationship": "Outer",
            "Parallel Aware": false,
            "Startup Cost": 115949.4,
            "Total Cost": 115949.41,
            "Plan Rows": 1,
            "Plan Width": 8,
            "Actual Startup Time": 743.887,
            "Actual Total Time": 743.894,
            "Actual Rows": 1,
            "Actual Loops": 2,
            "Plans": [
              {
                "Node Type": "Hash Join",
                "Parent Relationship": "Outer",
                "Parallel Aware": true,
                "Join Type": "Inner",
                "Startup Cost": 96782.03,
                "Total Cost": 115928.91,
                "Plan Rows": 8196,
                "Plan Width": 0,
                "Actual Startup Time": 662.758,
                "Actual Total Time": 743.348,
                "Actual Rows": 11105,
                "Actual Loops": 2,
                "Inner Unique": false,
                "Hash Cond": "(mi_idx.movie_id = t.id)",
                "Plans": [
                  {
                    "Node Type": "Seq Scan",
                    "Parent Relationship": "Outer",
                    "Parallel Aware": true,
                    "Relation Name": "movie_info_idx",
                    "Alias": "mi_idx",
                    "Startup Cost": 0.0,
                    "Total Cost": 18082.32,
                    "Plan Rows": 271028,
                    "Plan Width": 4,
                    "Actual Startup Time": 0.026,
                    "Actual Total Time": 51.577,
                    "Actual Rows": 229962,
                    "Actual Loops": 2,
                    "Filter": "(info_type_id = 101)",
                    "Rows Removed by Filter": 460055
                  },
                  {
                    "Node Type": "Hash",
                    "Parent Relationship": "Inner",
                    "Parallel Aware": true,
                    "Startup Cost": 96219.87,
                    "Total Cost": 96219.87,
                    "Plan Rows": 44973,
                    "Plan Width": 8,
                    "Actual Startup Time": 660.046,
                    "Actual Total Time": 660.051,
                    "Actual Rows": 36248,
                    "Actual Loops": 2,
                    "Hash Buckets": 131072,
                    "Original Hash Buckets": 131072,
                    "Hash Batches": 1,
                    "Original Hash Batches": 1,
                    "Peak Memory Usage": 3872,
                    "Plans": [
                      {
                        "Node Type": "Hash Join",
                        "Parent Relationship": "Outer",
                        "Parallel Aware": true,
                        "Join Type": "Inner",
                        "Startup Cost": 71085.65,
                        "Total Cost": 96219.87,
                        "Plan Rows": 44973,
                        "Plan Width": 8,
                        "Actual Startup Time": 597.961,
                        "Actual Total Time": 649.467,
                        "Actual Rows": 36248,
                        "Actual Loops": 2,
                        "Inner Unique": true,
                        "Hash Cond": "(mk.movie_id = t.id)",
                        "Plans": [
                          {
                            "Node Type": "Bitmap Heap Scan",
                            "Parent Relationship": "Outer",
                            "Parallel Aware": true,
                            "Relation Name": "movie_keyword",
                            "Alias": "mk",
                            "Startup Cost": 1624.95,
                            "Total Cost": 26641.11,
                            "Plan Rows": 44973,
                            "Plan Width": 4,
                            "Actual Startup Time": 6.914,
                            "Actual Total Time": 36.996,
                            "Actual Rows": 36248,
                            "Actual Loops": 2,
                            "Recheck Cond": "(keyword_id = 335)",
                            "Rows Removed by Index Recheck": 0,
                            "Exact Heap Blocks": 9301,
                            "Lossy Heap Blocks": 0,
                            "Plans": [
                              {
                                "Node Type": "Bitmap Index Scan",
                                "Parent Relationship": "Outer",
                                "Parallel Aware": false,
                                "Index Name": "keyword_id_movie_keyword",
                                "Startup Cost": 0.0,
                                "Total Cost": 1605.84,
                                "Plan Rows": 76454,
                                "Plan Width": 0,
                                "Actual Startup Time": 4.519,
                                "Actual Total Time": 4.52,
                                "Actual Rows": 72496,
                                "Actual Loops": 1,
                                "Index Cond": "(keyword_id = 335)"
                              }
                            ]
                          },
                          {
                            "Node Type": "Hash",
                            "Parent Relationship": "Inner",
                            "Parallel Aware": true,
                            "Startup Cost": 50870.31,
                            "Total Cost": 50870.31,
                            "Plan Rows": 1487231,
                            "Plan Width": 4,
                            "Actual Startup Time": 570.455,
                            "Actual Total Time": 570.456,
                            "Actual Rows": 1264156,
                            "Actual Loops": 2,
                            "Hash Buckets": 4194304,
                            "Original Hash Buckets": 4194304,
                            "Hash Batches": 1,
                            "Original Hash Batches": 1,
                            "Peak Memory Usage": 131712,
                            "Plans": [
                              {
                                "Node Type": "Seq Scan",
                                "Parent Relationship": "Outer",
                                "Parallel Aware": true,
                                "Relation Name": "title",
                                "Alias": "t",
                                "Startup Cost": 0.0,
                                "Total Cost": 50870.31,
                                "Plan Rows": 1487231,
                                "Plan Width": 4,
                                "Actual Startup Time": 0.032,
                                "Actual Total Time": 160.742,
                                "Actual Rows": 1264156,
                                "Actual Loops": 2
                              }
                            ]
                          }
                        ]
                      }
                    ]
                  }
                ]
              }
            ]
          }
        ]
      }
    ]
  },
  "Planning Time": 0.896,
  "Triggers": [],
  "Execution Time": 782.398
}