[
  {
    "Plan": {
      "Node Type": "Aggregate",
      "Strategy": "Plain",
      "Partial Mode": "Finalize",
      "Parallel Aware": false,
      "Startup Cost": 45088.3,
      "Total Cost": 45088.31,
      "Plan Rows": 1,
      "Plan Width": 8,
      "Actual Startup Time": 63.797,
      "Actual Total Time": 73.036,
      "Actual Rows": 1,
      "Actual Loops": 1,
      "Plans": [
        {
          "Node Type": "Gather",
          "Parent Relationship": "Outer",
          "Parallel Aware": false,
          "Startup Cost": 45087.99,
          "Total Cost": 45088.3,
          "Plan Rows": 3,
          "Plan Width": 8,
          "Actual Startup Time": 63.581,
          "Actual Total Time": 73.027,
          "Actual Rows": 4,
          "Actual Loops": 1,
          "Workers Planned": 3,
          "Workers Launched": 3,
          "Single Copy": false,
          "Plans": [
            {
              "Node Type": "Aggregate",
              "Strategy": "Plain",
              "Partial Mode": "Partial",
              "Parent Relationship": "Outer",
              "Parallel Aware": false,
              "Startup Cost": 44087.99,
              "Total Cost": 44088.0,
              "Plan Rows": 1,
              "Plan Width": 8,
              "Actual Startup Time": 54.383,
              "Actual Total Time": 54.385,
              "Actual Rows": 1,
              "Actual Loops": 4,
              "Plans": [
                {
                  "Node Type": "Nested Loop",
                  "Parent Relationship": "Outer",
                  "Parallel Aware": false,
                  "Join Type": "Inner",
                  "Startup Cost": 250.85,
                  "Total Cost": 44078.62,
                  "Plan Rows": 3745,
                  "Plan Width": 0,
                  "Actual Startup Time": 6.725,
                  "Actual Total Time": 53.903,
                  "Actual Rows": 2577,
                  "Actual Loops": 4,
                  "Inner Unique": true,
                  "Plans": [
                    {
                      "Node Type": "Bitmap Heap Scan",
                      "Parent Relationship": "Outer",
                      "Parallel Aware": true,
                      "Relation Name": "movie_keyword",
                      "Alias": "mk",
                      "Startup Cost": 250.42,
                      "Total Cost": 20393.97,
                      "Plan Rows": 3745,
                      "Plan Width": 4,
                      "Actual Startup Time": 6.536,
                      "Actual Total Time": 21.604,
                      "Actual Rows": 2577,
                      "Actual Loops": 4,
                      "Recheck Cond": "(keyword_id = 870)",
                      "Rows Removed by Index Recheck": 0,
                      "Exact Heap Blocks": 5043,
                      "Lossy Heap Blocks": 0,
                      "Plans": [
                        {
                          "Node Type": "Bitmap Index Scan",
                          "Parent Relationship": "Outer",
                          "Parallel Aware": false,
                          "Index Name": "keyword_id_movie_keyword",
                          "Startup Cost": 0.0,
                          "Total Cost": 247.51,
                          "Plan Rows": 11611,
                          "Plan Width": 0,
                          "Actual Startup Time": 9.971,
                          "Actual Total Time": 9.971,
                          "Actual Rows": 10307,
                          "Actual Loops": 1,
                          "Index Cond": "(keyword_id = 870)"
                        }
                      ]
                    },
                    {
                      "Node Type": "Index Only Scan",
                      "Parent Relationship": "Inner",
                      "Parallel Aware": false,
                      "Scan Direction": "Forward",
                      "Index Name": "title_pkey",
                      "Relation Name": "title",
                      "Alias": "t",
                      "Startup Cost": 0.43,
                      "Total Cost": 6.32,
                      "Plan Rows": 1,
                      "Plan Width": 4,
                      "Actual Startup Time": 0.012,
                      "Actual Total Time": 0.012,
                      "Actual Rows": 1,
                      "Actual Loops": 10307,
                      "Index Cond": "(id = mk.movie_id)",
                      "Rows Removed by Index Recheck": 0,
                      "Heap Fetches": 10307
                    }
                  ]
                }
              ]
            }
          ]
        }
      ]
    },
    "Planning Time": 0.717,
    "Triggers": [],
    "Execution Time": 73.134
  }
]