[
  {
    "Plan": {
      "Node Type": "Aggregate",
      "Strategy": "Plain",
      "Partial Mode": "Finalize",
      "Parallel Aware": false,
      "Startup Cost": 71425.25,
      "Total Cost": 71425.26,
      "Plan Rows": 1,
      "Plan Width": 8,
      "Actual Startup Time": 179.182,
      "Actual Total Time": 192.29,
      "Actual Rows": 1,
      "Actual Loops": 1,
      "Plans": [
        {
          "Node Type": "Gather",
          "Parent Relationship": "Outer",
          "Parallel Aware": false,
          "Startup Cost": 71424.83,
          "Total Cost": 71425.24,
          "Plan Rows": 4,
          "Plan Width": 8,
          "Actual Startup Time": 178.313,
          "Actual Total Time": 192.28,
          "Actual Rows": 5,
          "Actual Loops": 1,
          "Workers Planned": 4,
          "Workers Launched": 4,
          "Single Copy": false,
          "Plans": [
            {
              "Node Type": "Aggregate",
              "Strategy": "Plain",
              "Partial Mode": "Partial",
              "Parent Relationship": "Outer",
              "Parallel Aware": false,
              "Startup Cost": 70424.83,
              "Total Cost": 70424.84,
              "Plan Rows": 1,
              "Plan Width": 8,
              "Actual Startup Time": 168.678,
              "Actual Total Time": 168.682,
              "Actual Rows": 1,
              "Actual Loops": 5,
              "Plans": [
                {
                  "Node Type": "Hash Join",
                  "Parent Relationship": "Outer",
                  "Parallel Aware": true,
                  "Join Type": "Inner",
                  "Startup Cost": 24515.9,
                  "Total Cost": 70386.0,
                  "Plan Rows": 15532,
                  "Plan Width": 0,
                  "Actual Startup Time": 64.377,
                  "Actual Total Time": 168.23,
                  "Actual Rows": 5620,
                  "Actual Loops": 5,
                  "Inner Unique": false,
                  "Hash Cond": "(t.id = mc.movie_id)",
                  "Plans": [
                    {
                      "Node Type": "Seq Scan",
                      "Parent Relationship": "Outer",
                      "Parallel Aware": true,
                      "Relation Name": "title",
                      "Alias": "t",
                      "Startup Cost": 0.0,
                      "Total Cost": 43898.92,
                      "Plan Rows": 384216,
                      "Plan Width": 4,
                      "Actual Startup Time": 0.012,
                      "Actual Total Time": 72.182,
                      "Actual Rows": 308653,
                      "Actual Loops": 5,
                      "Filter": "(kind_id = 7)",
                      "Rows Removed by Filter": 197010
                    },
                    {
                      "Node Type": "Hash",
                      "Parent Relationship": "Inner",
                      "Parallel Aware": true,
                      "Startup Cost": 24103.78,
                      "Total Cost": 24103.78,
                      "Plan Rows": 32970,
                      "Plan Width": 4,
                      "Actual Startup Time": 62.95,
                      "Actual Total Time": 62.952,
                      "Actual Rows": 8073,
                      "Actual Loops": 5,
                      "Hash Buckets": 131072,
                      "Original Hash Buckets": 131072,
                      "Hash Batches": 1,
                      "Original Hash Batches": 1,
                      "Peak Memory Usage": 2656,
                      "Plans": [
                        {
                          "Node Type": "Bitmap Heap Scan",
                          "Parent Relationship": "Outer",
                          "Parallel Aware": true,
                          "Relation Name": "movie_companies",
                          "Alias": "mc",
                          "Startup Cost": 4339.74,
                          "Total Cost": 24103.78,
                          "Plan Rows": 32970,
                          "Plan Width": 4,
                          "Actual Startup Time": 51.178,
                          "Actual Total Time": 60.079,
                          "Actual Rows": 8073,
                          "Actual Loops": 5,
                          "Recheck Cond": "(company_id < 60)",
                          "Rows Removed by Index Recheck": 0,
                          "Filter": "(company_type_id = 2)",
                          "Rows Removed by Filter": 31752,
                          "Exact Heap Blocks": 8604,
                          "Lossy Heap Blocks": 0,
                          "Plans": [
                            {
                              "Node Type": "Bitmap Index Scan",
                              "Parent Relationship": "Outer",
                              "Parallel Aware": false,
                              "Index Name": "company_id_movie_companies",
                              "Startup Cost": 0.0,
                              "Total Cost": 4314.19,
                              "Plan Rows": 201301,
                              "Plan Width": 0,
                              "Actual Startup Time": 23.381,
                              "Actual Total Time": 23.382,
                              "Actual Rows": 199127,
                              "Actual Loops": 1,
                              "Index Cond": "(company_id < 60)"
                            }
                          ]
                        }
                      ]
                    }
                  ]
                }
              ]
            }
          ]
        }
      ]
    },
    "Planning Time": 0.654,
    "Triggers": [],
    "Execution Time": 192.435
  }
]