[
  {
    "Plan": {
      "Node Type": "Aggregate",
      "Strategy": "Plain",
      "Partial Mode": "Finalize",
      "Parallel Aware": false,
      "Startup Cost": 80948.79,
      "Total Cost": 80948.8,
      "Plan Rows": 1,
      "Plan Width": 8,
      "Actual Startup Time": 170.608,
      "Actual Total Time": 187.044,
      "Actual Rows": 1,
      "Actual Loops": 1,
      "Plans": [
        {
          "Node Type": "Gather",
          "Parent Relationship": "Outer",
          "Parallel Aware": false,
          "Startup Cost": 80948.48,
          "Total Cost": 80948.79,
          "Plan Rows": 3,
          "Plan Width": 8,
          "Actual Startup Time": 169.773,
          "Actual Total Time": 187.036,
          "Actual Rows": 4,
          "Actual Loops": 1,
          "Workers Planned": 3,
          "Workers Launched": 3,
          "Single Copy": false,
          "Plans": [
            {
              "Node Type": "Aggregate",
              "Strategy": "Plain",
              "Partial Mode": "Partial",
              "Parent Relationship": "Outer",
              "Parallel Aware": false,
              "Startup Cost": 79948.48,
              "Total Cost": 79948.49,
              "Plan Rows": 1,
              "Plan Width": 8,
              "Actual Startup Time": 159.916,
              "Actual Total Time": 159.92,
              "Actual Rows": 1,
              "Actual Loops": 4,
              "Plans": [
                {
                  "Node Type": "Nested Loop",
                  "Parent Relationship": "Outer",
                  "Parallel Aware": false,
                  "Join Type": "Inner",
                  "Startup Cost": 48592.73,
                  "Total Cost": 79930.39,
                  "Plan Rows": 7234,
                  "Plan Width": 0,
                  "Actual Startup Time": 123.01,
                  "Actual Total Time": 159.531,
                  "Actual Rows": 6550,
                  "Actual Loops": 4,
                  "Inner Unique": false,
                  "Join Filter": "(t.id = mi.movie_id)",
                  "Rows Removed by Join Filter": 0,
                  "Plans": [
                    {
                      "Node Type": "Hash Join",
                      "Parent Relationship": "Outer",
                      "Parallel Aware": true,
                      "Join Type": "Inner",
                      "Startup Cost": 48592.29,
                      "Total Cost": 68022.16,
                      "Plan Rows": 1437,
                      "Plan Width": 8,
                      "Actual Startup Time": 122.933,
                      "Actual Total Time": 147.885,
                      "Actual Rows": 538,
                      "Actual Loops": 4,
                      "Inner Unique": true,
                      "Hash Cond": "(mc.movie_id = t.id)",
                      "Plans": [
                        {
                          "Node Type": "Bitmap Heap Scan",
                          "Parent Relationship": "Outer",
                          "Parallel Aware": true,
                          "Relation Name": "movie_companies",
                          "Alias": "mc",
                          "Startup Cost": 2844.82,
                          "Total Cost": 22163.64,
                          "Plan Rows": 42305,
                          "Plan Width": 4,
                          "Actual Startup Time": 8.249,
                          "Actual Total Time": 25.111,
                          "Actual Rows": 33702,
                          "Actual Loops": 4,
                          "Recheck Cond": "(company_id < 27)",
                          "Rows Removed by Index Recheck": 0,
                          "Exact Heap Blocks": 4665,
                          "Lossy Heap Blocks": 0,
                          "Plans": [
                            {
                              "Node Type": "Bitmap Index Scan",
                              "Parent Relationship": "Outer",
                              "Parallel Aware": false,
                              "Index Name": "company_id_movie_companies",
                              "Startup Cost": 0.0,
                              "Total Cost": 2812.03,
                              "Plan Rows": 131147,
                              "Plan Width": 0,
                              "Actual Startup Time": 6.689,
                              "Actual Total Time": 6.689,
                              "Actual Rows": 134807,
                              "Actual Loops": 1,
                              "Index Cond": "(company_id < 27)"
                            }
                          ]
                        },
                        {
                          "Node Type": "Hash",
                          "Parent Relationship": "Inner",
                          "Parallel Aware": true,
                          "Startup Cost": 45479.1,
                          "Total Cost": 45479.1,
                          "Plan Rows": 21470,
                          "Plan Width": 4,
                          "Actual Startup Time": 112.687,
                          "Actual Total Time": 112.688,
                          "Actual Rows": 24180,
                          "Actual Loops": 4,
                          "Hash Buckets": 131072,
                          "Original Hash Buckets": 131072,
                          "Hash Batches": 1,
                          "Original Hash Batches": 1,
                          "Peak Memory Usage": 4864,
                          "Plans": [
                            {
                              "Node Type": "Seq Scan",
                              "Parent Relationship": "Outer",
                              "Parallel Aware": true,
                              "Relation Name": "title",
                              "Alias": "t",
                              "Startup Cost": 0.0,
                              "Total Cost": 45479.1,
                              "Plan Rows": 21470,
                              "Plan Width": 4,
                              "Actual Startup Time": 0.047,
                              "Actual Total Time": 101.917,
                              "Actual Rows": 24180,
                              "Actual Loops": 4,
                              "Filter": "((kind_id > 2) AND (production_year = 2008))",
                              "Rows Removed by Filter": 607898
                            }
                          ]
                        }
                      ]
                    },
                    {
                      "Node Type": "Index Scan",
                      "Parent Relationship": "Inner",
                      "Parallel Aware": false,
                      "Scan Direction": "Forward",
                      "Index Name": "movie_id_movie_info",
                      "Relation Name": "movie_info",
                      "Alias": "mi",
                      "Startup Cost": 0.43,
                      "Total Cost": 7.84,
                      "Plan Rows": 36,
                      "Plan Width": 4,
                      "Actual Startup Time": 0.007,
                      "Actual Total Time": 0.02,
                      "Actual Rows": 12,
                      "Actual Loops": 2150,
                      "Index Cond": "(movie_id = mc.movie_id)",
                      "Rows Removed by Index Recheck": 0,
                      "Filter": "(info_type_id > 2)",
                      "Rows Removed by Filter": 1
                    }
                  ]
                }
              ]
            }
          ]
        }
      ]
    },
    "Planning Time": 1.584,
    "Triggers": [],
    "Execution Time": 187.157
  }
]