[
  {
    "Plan": {
      "Node Type": "Aggregate",
      "Strategy": "Plain",
      "Partial Mode": "Finalize",
      "Parallel Aware": false,
      "Startup Cost": 44774.23,
      "Total Cost": 44774.24,
      "Plan Rows": 1,
      "Plan Width": 8,
      "Actual Startup Time": 128.458,
      "Actual Total Time": 135.425,
      "Actual Rows": 1,
      "Actual Loops": 1,
      "Plans": [
        {
          "Node Type": "Gather",
          "Parent Relationship": "Outer",
          "Parallel Aware": false,
          "Startup Cost": 44773.91,
          "Total Cost": 44774.22,
          "Plan Rows": 3,
          "Plan Width": 8,
          "Actual Startup Time": 128.339,
          "Actual Total Time": 135.416,
          "Actual Rows": 4,
          "Actual Loops": 1,
          "Workers Planned": 3,
          "Workers Launched": 3,
          "Single Copy": false,
          "Plans": [
            {
              "Node Type": "Aggregate",
              "Strategy": "Plain",
              "Partial Mode": "Partial",
              "Parent Relationship": "Outer",
              "Parallel Aware": false,
              "Startup Cost": 43773.91,
              "Total Cost": 43773.92,
              "Plan Rows": 1,
              "Plan Width": 8,
              "Actual Startup Time": 123.301,
              "Actual Total Time": 123.303,
              "Actual Rows": 1,
              "Actual Loops": 4,
              "Plans": [
                {
                  "Node Type": "Seq Scan",
                  "Parent Relationship": "Outer",
                  "Parallel Aware": true,
                  "Relation Name": "movie_keyword",
                  "Alias": "mk",
                  "Startup Cost": 0.0,
                  "Total Cost": 42695.65,
                  "Plan Rows": 431303,
                  "Plan Width": 0,
                  "Actual Startup Time": 0.942,
                  "Actual Total Time": 106.131,
                  "Actual Rows": 334375,
                  "Actual Loops": 4,
                  "Filter": "(keyword_id > 12840)",
                  "Rows Removed by Filter": 796608
                }
              ]
            }
          ]
        }
      ]
    },
    "Planning Time": 0.09,
    "Triggers": [],
    "Execution Time": 135.454
  }
]