[
  {
    "Plan": {
      "Node Type": "Aggregate",
      "Strategy": "Plain",
      "Partial Mode": "Finalize",
      "Parallel Aware": false,
      "Startup Cost": 122609.14,
      "Total Cost": 122609.15,
      "Plan Rows": 1,
      "Plan Width": 8,
      "Actual Startup Time": 182.266,
      "Actual Total Time": 193.557,
      "Actual Rows": 1,
      "Actual Loops": 1,
      "Plans": [
        {
          "Node Type": "Gather",
          "Parent Relationship": "Outer",
          "Parallel Aware": false,
          "Startup Cost": 122608.62,
          "Total Cost": 122609.13,
          "Plan Rows": 5,
          "Plan Width": 8,
          "Actual Startup Time": 182.119,
          "Actual Total Time": 193.547,
          "Actual Rows": 6,
          "Actual Loops": 1,
          "Workers Planned": 5,
          "Workers Launched": 5,
          "Single Copy": false,
          "Plans": [
            {
              "Node Type": "Aggregate",
              "Strategy": "Plain",
              "Partial Mode": "Partial",
              "Parent Relationship": "Outer",
              "Parallel Aware": false,
              "Startup Cost": 121608.62,
              "Total Cost": 121608.63,
              "Plan Rows": 1,
              "Plan Width": 8,
              "Actual Startup Time": 172.465,
              "Actual Total Time": 172.467,
              "Actual Rows": 1,
              "Actual Loops": 6,
              "Plans": [
                {
                  "Node Type": "Index Scan",
                  "Parent Relationship": "Outer",
                  "Parallel Aware": true,
                  "Scan Direction": "Forward",
                  "Index Name": "role_id_cast_info",
                  "Relation Name": "cast_info",
                  "Alias": "ci",
                  "Startup Cost": 0.56,
                  "Total Cost": 119623.46,
                  "Plan Rows": 794065,
                  "Plan Width": 0,
                  "Actual Startup Time": 0.226,
                  "Actual Total Time": 156.654,
                  "Actual Rows": 317201,
                  "Actual Loops": 6,
                  "Index Cond": "(role_id = 10)",
                  "Rows Removed by Index Recheck": 0,
                  "Filter": "(person_id < 3459933)",
                  "Rows Removed by Filter": 403302
                }
              ]
            }
          ]
        }
      ]
    },
    "Planning Time": 0.213,
    "Triggers": [],
    "Execution Time": 193.617
  }
]