{
  "Plan": {
    "Node Type": "Aggregate",
    "Strategy": "Plain",
    "Partial Mode": "Finalize",
    "Parallel Aware": false,
    "Startup Cost": 98232.48,
    "Total Cost": 98232.49,
    "Plan Rows": 1,
    "Plan Width": 8,
    "Actual Startup Time": 592.897,
    "Actual Total Time": 607.981,
    "Actual Rows": 1,
    "Actual Loops": 1,
    "Plans": [
      {
        "Node Type": "Gather",
        "Parent Relationship": "Outer",
        "Parallel Aware": false,
        "Startup Cost": 98232.37,
        "Total Cost": 98232.48,
        "Plan Rows": 1,
        "Plan Width": 8,
        "Actual Startup Time": 591.536,
        "Actual Total Time": 607.972,
        "Actual Rows": 2,
        "Actual Loops": 1,
        "Workers Planned": 1,
        "Workers Launched": 1,
        "Single Copy": false,
        "Plans": [
          {
            "Node Type": "Aggregate",
            "Strategy": "Plain",
            "Partial Mode": "Partial",
            "Parent Relationship": "Outer",
            "Parallel Aware": false,
            "Startup Cost": 97232.37,
            "Total Cost": 97232.38,
            "Plan Rows": 1,
            "Plan Width": 8,
            "Actual Startup Time": 586.209,
            "Actual Total Time": 586.214,
            "Actual Rows": 1,
            "Actual Loops": 2,
            "Plans": [
              {
                "Node Type": "Hash Join",
                "Parent Relationship": "Outer",
                "Parallel Aware": true,
                "Join Type": "Inner",
                "Startup Cost": 33839.56,
                "Total Cost": 96960.22,
                "Plan Rows": 108861,
                "Plan Width": 0,
                "Actual Startup Time": 158.63,
                "Actual Total Time": 578.788,
                "Actual Rows": 132980,
                "Actual Loops": 2,
                "Inner Unique": false,
                "Hash Cond": "(t.id = mc.movie_id)",
                "Plans": [
                  {
                    "Node Type": "Seq Scan",
                    "Parent Relationship": "Outer",
                    "Parallel Aware": true,
                    "Relation Name": "title",
                    "Alias": "t",
                    "Startup Cost": 0.0,
                    "Total Cost": 54588.39,
                    "Plan Rows": 1262705,
                    "Plan Width": 4,
                    "Actual Startup Time": 0.013,
                    "Actual Total Time": 192.276,
                    "Actual Rows": 1066486,
                    "Actual Loops": 2,
                    "Filter": "(production_year > 1966)",
                    "Rows Removed by Filter": 197670
                  },
                  {
                    "Node Type": "Hash",
                    "Parent Relationship": "Inner",
                    "Parallel Aware": true,
                    "Startup Cost": 32236.83,
                    "Total Cost": 32236.83,
                    "Plan Rows": 128218,
                    "Plan Width": 4,
                    "Actual Startup Time": 156.496,
                    "Actual Total Time": 156.498,
                    "Actual Rows": 167071,
                    "Actual Loops": 2,
                    "Hash Buckets": 524288,
                    "Original Hash Buckets": 262144,
                    "Hash Batches": 1,
                    "Original Hash Batches": 1,
                    "Peak Memory Usage": 19232,
                    "Plans": [
                      {
                        "Node Type": "Bitmap Heap Scan",
                        "Parent Relationship": "Outer",
                        "Parallel Aware": true,
                        "Relation Name": "movie_companies",
                        "Alias": "mc",
                        "Startup Cost": 9539.86,
                        "Total Cost": 32236.83,
                        "Plan Rows": 128218,
                        "Plan Width": 4,
                        "Actual Startup Time": 32.207,
                        "Actual Total Time": 105.159,
                        "Actual Rows": 167071,
                        "Actual Loops": 2,
                        "Recheck Cond": "(company_id < 329)",
                        "Rows Removed by Index Recheck": 0,
                        "Filter": "(company_type_id < 2)",
                        "Rows Removed by Filter": 52586,
                        "Exact Heap Blocks": 12925,
                        "Lossy Heap Blocks": 0,
                        "Plans": [
                          {
                            "Node Type": "Bitmap Index Scan",
                            "Parent Relationship": "Outer",
                            "Parallel Aware": false,
                            "Index Name": "company_id_movie_companies",
                            "Startup Cost": 0.0,
                            "Total Cost": 9485.36,
                            "Plan Rows": 442791,
                            "Plan Width": 0,
                            "Actual Startup Time": 32.788,
                            "Actual Total Time": 32.788,
                            "Actual Rows": 439315,
                            "Actual Loops": 1,
                            "Index Cond": "(company_id < 329)"
                          }
                        ]
                      }
                    ]
                  }
                ]
              }
            ]
          }
        ]
      }
    ]
  },
  "Planning Time": 0.318,
  "Triggers": [],
  "Execution Time": 608.049
}