{
  "Plan": {
    "Node Type": "Aggregate",
    "Strategy": "Plain",
    "Partial Mode": "Finalize",
    "Parallel Aware": false,
    "Startup Cost": 124885.41,
    "Total Cost": 124885.42,
    "Plan Rows": 1,
    "Plan Width": 8,
    "Actual Startup Time": 501.146,
    "Actual Total Time": 515.554,
    "Actual Rows": 1,
    "Actual Loops": 1,
    "Plans": [
      {
        "Node Type": "Gather",
        "Parent Relationship": "Outer",
        "Parallel Aware": false,
        "Startup Cost": 124885.29,
        "Total Cost": 124885.4,
        "Plan Rows": 1,
        "Plan Width": 8,
        "Actual Startup Time": 500.414,
        "Actual Total Time": 515.547,
        "Actual Rows": 2,
        "Actual Loops": 1,
        "Workers Planned": 1,
        "Workers Launched": 1,
        "Single Copy": false,
        "Plans": [
          {
            "Node Type": "Aggregate",
            "Strategy": "Plain",
            "Partial Mode": "Partial",
            "Parent Relationship": "Outer",
            "Parallel Aware": false,
            "Startup Cost": 123885.29,
            "Total Cost": 123885.3,
            "Plan Rows": 1,
            "Plan Width": 8,
            "Actual Startup Time": 494.953,
            "Actual Total Time": 494.956,
            "Actual Rows": 1,
            "Actual Loops": 2,
            "Plans": [
              {
                "Node Type": "Hash Join",
                "Parent Relationship": "Outer",
                "Parallel Aware": true,
                "Join Type": "Inner",
                "Startup Cost": 61275.96,
                "Total Cost": 123239.47,
                "Plan Rows": 258329,
                "Plan Width": 0,
                "Actual Startup Time": 192.84,
                "Actual Total Time": 492.978,
                "Actual Rows": 49834,
                "Actual Loops": 2,
                "Inner Unique": true,
                "Hash Cond": "(mk.movie_id = t.id)",
                "Plans": [
                  {
                    "Node Type": "Seq Scan",
                    "Parent Relationship": "Outer",
                    "Parallel Aware": true,
                    "Relation Name": "movie_keyword",
                    "Alias": "mk",
                    "Startup Cost": 0.0,
                    "Total Cost": 57718.19,
                    "Plan Rows": 1617262,
                    "Plan Width": 4,
                    "Actual Startup Time": 0.014,
                    "Actual Total Time": 180.485,
                    "Actual Rows": 1370468,
                    "Actual Loops": 2,
                    "Filter": "(keyword_id < 7776)",
                    "Rows Removed by Filter": 891498
                  },
                  {
                    "Node Type": "Hash",
                    "Parent Relationship": "Inner",
                    "Parallel Aware": true,
                    "Startup Cost": 58306.47,
                    "Total Cost": 58306.47,
                    "Plan Rows": 237559,
                    "Plan Width": 4,
                    "Actual Startup Time": 187.626,
                    "Actual Total Time": 187.627,
                    "Actual Rows": 217109,
                    "Actual Loops": 2,
                    "Hash Buckets": 524288,
                    "Original Hash Buckets": 524288,
                    "Hash Batches": 1,
                    "Original Hash Batches": 1,
                    "Peak Memory Usage": 21120,
                    "Plans": [
                      {
                        "Node Type": "Seq Scan",
                        "Parent Relationship": "Outer",
                        "Parallel Aware": true,
                        "Relation Name": "title",
                        "Alias": "t",
                        "Startup Cost": 0.0,
                        "Total Cost": 58306.47,
                        "Plan Rows": 237559,
                        "Plan Width": 4,
                        "Actual Startup Time": 0.032,
                        "Actual Total Time": 139.527,
                        "Actual Rows": 217109,
                        "Actual Loops": 2,
                        "Filter": "((production_year > 2008) AND (kind_id = 7))",
                        "Rows Removed by Filter": 1047047
                      }
                    ]
                  }
                ]
              }
            ]
          }
        ]
      }
    ]
  },
  "Planning Time": 0.535,
  "Triggers": [],
  "Execution Time": 515.612
}