[
  {
    "Plan": {
      "Node Type": "Aggregate",
      "Strategy": "Plain",
      "Partial Mode": "Finalize",
      "Parallel Aware": false,
      "Startup Cost": 58467.9,
      "Total Cost": 58467.91,
      "Plan Rows": 1,
      "Plan Width": 8,
      "Actual Startup Time": 45.341,
      "Actual Total Time": 50.416,
      "Actual Rows": 1,
      "Actual Loops": 1,
      "Plans": [
        {
          "Node Type": "Gather",
          "Parent Relationship": "Outer",
          "Parallel Aware": false,
          "Startup Cost": 58467.58,
          "Total Cost": 58467.89,
          "Plan Rows": 3,
          "Plan Width": 8,
          "Actual Startup Time": 45.076,
          "Actual Total Time": 50.41,
          "Actual Rows": 4,
          "Actual Loops": 1,
          "Workers Planned": 3,
          "Workers Launched": 3,
          "Single Copy": false,
          "Plans": [
            {
              "Node Type": "Aggregate",
              "Strategy": "Plain",
              "Partial Mode": "Partial",
              "Parent Relationship": "Outer",
              "Parallel Aware": false,
              "Startup Cost": 57467.58,
              "Total Cost": 57467.59,
              "Plan Rows": 1,
              "Plan Width": 8,
              "Actual Startup Time": 41.593,
              "Actual Total Time": 41.594,
              "Actual Rows": 1,
              "Actual Loops": 4,
              "Plans": [
                {
                  "Node Type": "Nested Loop",
                  "Parent Relationship": "Outer",
                  "Parallel Aware": false,
                  "Join Type": "Inner",
                  "Startup Cost": 972.41,
                  "Total Cost": 57461.56,
                  "Plan Rows": 2408,
                  "Plan Width": 0,
                  "Actual Startup Time": 1.095,
                  "Actual Total Time": 41.49,
                  "Actual Rows": 848,
                  "Actual Loops": 4,
                  "Inner Unique": true,
                  "Plans": [
                    {
                      "Node Type": "Bitmap Heap Scan",
                      "Parent Relationship": "Outer",
                      "Parallel Aware": true,
                      "Relation Name": "movie_companies",
                      "Alias": "mc",
                      "Startup Cost": 971.98,
                      "Total Cost": 19979.91,
                      "Plan Rows": 7425,
                      "Plan Width": 4,
                      "Actual Startup Time": 0.862,
                      "Actual Total Time": 5.379,
                      "Actual Rows": 11170,
                      "Actual Loops": 4,
                      "Recheck Cond": "(company_id > 195666)",
                      "Rows Removed by Index Recheck": 0,
                      "Filter": "(company_type_id = 2)",
                      "Rows Removed by Filter": 0,
                      "Exact Heap Blocks": 551,
                      "Lossy Heap Blocks": 0,
                      "Plans": [
                        {
                          "Node Type": "Bitmap Index Scan",
                          "Parent Relationship": "Outer",
                          "Parallel Aware": false,
                          "Index Name": "company_id_movie_companies",
                          "Startup Cost": 0.0,
                          "Total Cost": 966.22,
                          "Plan Rows": 45039,
                          "Plan Width": 0,
                          "Actual Startup Time": 2.938,
                          "Actual Total Time": 2.938,
                          "Actual Rows": 44680,
                          "Actual Loops": 1,
                          "Index Cond": "(company_id > 195666)"
                        }
                      ]
                    },
                    {
                      "Node Type": "Index Scan",
                      "Parent Relationship": "Inner",
                      "Parallel Aware": false,
                      "Scan Direction": "Forward",
                      "Index Name": "title_pkey",
                      "Relation Name": "title",
                      "Alias": "t",
                      "Startup Cost": 0.43,
                      "Total Cost": 5.05,
                      "Plan Rows": 1,
                      "Plan Width": 4,
                      "Actual Startup Time": 0.003,
                      "Actual Total Time": 0.003,
                      "Actual Rows": 0,
                      "Actual Loops": 44680,
                      "Index Cond": "(id = mc.movie_id)",
                      "Rows Removed by Index Recheck": 0,
                      "Filter": "((kind_id > 1) AND (production_year > 2004))",
                      "Rows Removed by Filter": 1
                    }
                  ]
                }
              ]
            }
          ]
        }
      ]
    },
    "Planning Time": 0.31,
    "Triggers": [],
    "Execution Time": 50.463
  }
]