[
  {
    "Plan": {
      "Node Type": "Aggregate",
      "Strategy": "Plain",
      "Partial Mode": "Finalize",
      "Parallel Aware": false,
      "Startup Cost": 193237.53,
      "Total Cost": 193237.54,
      "Plan Rows": 1,
      "Plan Width": 8,
      "Actual Startup Time": 1154.485,
      "Actual Total Time": 1230.774,
      "Actual Rows": 1,
      "Actual Loops": 1,
      "Plans": [
        {
          "Node Type": "Gather",
          "Parent Relationship": "Outer",
          "Parallel Aware": false,
          "Startup Cost": 193237.21,
          "Total Cost": 193237.52,
          "Plan Rows": 3,
          "Plan Width": 8,
          "Actual Startup Time": 1153.822,
          "Actual Total Time": 1230.763,
          "Actual Rows": 4,
          "Actual Loops": 1,
          "Workers Planned": 3,
          "Workers Launched": 3,
          "Single Copy": false,
          "Plans": [
            {
              "Node Type": "Aggregate",
              "Strategy": "Plain",
              "Partial Mode": "Partial",
              "Parent Relationship": "Outer",
              "Parallel Aware": false,
              "Startup Cost": 192237.21,
              "Total Cost": 192237.22,
              "Plan Rows": 1,
              "Plan Width": 8,
              "Actual Startup Time": 1144.408,
              "Actual Total Time": 1144.416,
              "Actual Rows": 1,
              "Actual Loops": 4,
              "Plans": [
                {
                  "Node Type": "Nested Loop",
                  "Parent Relationship": "Outer",
                  "Parallel Aware": false,
                  "Join Type": "Inner",
                  "Startup Cost": 46398.1,
                  "Total Cost": 191015.55,
                  "Plan Rows": 488662,
                  "Plan Width": 0,
                  "Actual Startup Time": 141.656,
                  "Actual Total Time": 1096.97,
                  "Actual Rows": 1032528,
                  "Actual Loops": 4,
                  "Inner Unique": false,
                  "Join Filter": "(t.id = ci.movie_id)",
                  "Rows Removed by Join Filter": 0,
                  "Plans": [
                    {
                      "Node Type": "Hash Join",
                      "Parent Relationship": "Outer",
                      "Parallel Aware": true,
                      "Join Type": "Inner",
                      "Startup Cost": 46397.54,
                      "Total Cost": 76478.32,
                      "Plan Rows": 34103,
                      "Plan Width": 8,
                      "Actual Startup Time": 141.55,
                      "Actual Total Time": 221.829,
                      "Actual Rows": 13320,
                      "Actual Loops": 4,
                      "Inner Unique": true,
                      "Hash Cond": "(mc.movie_id = t.id)",
                      "Plans": [
                        {
                          "Node Type": "Seq Scan",
                          "Parent Relationship": "Outer",
                          "Parallel Aware": true,
                          "Relation Name": "movie_companies",
                          "Alias": "mc",
                          "Startup Cost": 0.0,
                          "Total Cost": 29310.68,
                          "Plan Rows": 293372,
                          "Plan Width": 4,
                          "Actual Startup Time": 0.017,
                          "Actual Total Time": 59.394,
                          "Actual Rows": 226820,
                          "Actual Loops": 4,
                          "Filter": "(company_id < 2986)",
                          "Rows Removed by Filter": 425462
                        },
                        {
                          "Node Type": "Hash",
                          "Parent Relationship": "Inner",
                          "Parallel Aware": true,
                          "Startup Cost": 45479.1,
                          "Total Cost": 45479.1,
                          "Plan Rows": 73475,
                          "Plan Width": 4,
                          "Actual Startup Time": 113.283,
                          "Actual Total Time": 113.288,
                          "Actual Rows": 57935,
                          "Actual Loops": 4,
                          "Hash Buckets": 524288,
                          "Original Hash Buckets": 524288,
                          "Hash Batches": 1,
                          "Original Hash Batches": 1,
                          "Peak Memory Usage": 13184,
                          "Plans": [
                            {
                              "Node Type": "Seq Scan",
                              "Parent Relationship": "Outer",
                              "Parallel Aware": true,
                              "Relation Name": "title",
                              "Alias": "t",
                              "Startup Cost": 0.0,
                              "Total Cost": 45479.1,
                              "Plan Rows": 73475,
                              "Plan Width": 4,
                              "Actual Startup Time": 45.369,
                              "Actual Total Time": 95.268,
                              "Actual Rows": 57935,
                              "Actual Loops": 4,
                              "Filter": "((production_year > 2004) AND (kind_id = 1))",
                              "Rows Removed by Filter": 574143
                            }
                          ]
                        }
                      ]
                    },
                    {
                      "Node Type": "Index Only Scan",
                      "Parent Relationship": "Inner",
                      "Parallel Aware": false,
                      "Scan Direction": "Forward",
                      "Index Name": "movie_id_cast_info",
                      "Relation Name": "cast_info",
                      "Alias": "ci",
                      "Startup Cost": 0.56,
                      "Total Cost": 2.9,
                      "Plan Rows": 37,
                      "Plan Width": 4,
                      "Actual Startup Time": 0.007,
                      "Actual Total Time": 0.059,
                      "Actual Rows": 78,
                      "Actual Loops": 53278,
                      "Index Cond": "(movie_id = mc.movie_id)",
                      "Rows Removed by Index Recheck": 0,
                      "Heap Fetches": 4130113
                    }
                  ]
                }
              ]
            }
          ]
        }
      ]
    },
    "Planning Time": 1.395,
    "Triggers": [],
    "Execution Time": 1230.938
  }
]