[
  {
    "Plan": {
      "Node Type": "Aggregate",
      "Strategy": "Plain",
      "Partial Mode": "Finalize",
      "Parallel Aware": false,
      "Startup Cost": 32157.24,
      "Total Cost": 32157.25,
      "Plan Rows": 1,
      "Plan Width": 8,
      "Actual Startup Time": 131.711,
      "Actual Total Time": 139.463,
      "Actual Rows": 1,
      "Actual Loops": 1,
      "Plans": [
        {
          "Node Type": "Gather",
          "Parent Relationship": "Outer",
          "Parallel Aware": false,
          "Startup Cost": 32156.92,
          "Total Cost": 32157.23,
          "Plan Rows": 3,
          "Plan Width": 8,
          "Actual Startup Time": 131.527,
          "Actual Total Time": 139.452,
          "Actual Rows": 4,
          "Actual Loops": 1,
          "Workers Planned": 3,
          "Workers Launched": 3,
          "Single Copy": false,
          "Plans": [
            {
              "Node Type": "Aggregate",
              "Strategy": "Plain",
              "Partial Mode": "Partial",
              "Parent Relationship": "Outer",
              "Parallel Aware": false,
              "Startup Cost": 31156.92,
              "Total Cost": 31156.93,
              "Plan Rows": 1,
              "Plan Width": 8,
              "Actual Startup Time": 122.885,
              "Actual Total Time": 122.887,
              "Actual Rows": 1,
              "Actual Loops": 4,
              "Plans": [
                {
                  "Node Type": "Seq Scan",
                  "Parent Relationship": "Outer",
                  "Parallel Aware": true,
                  "Relation Name": "movie_companies",
                  "Alias": "mc",
                  "Startup Cost": 0.0,
                  "Total Cost": 29310.68,
                  "Plan Rows": 738497,
                  "Plan Width": 0,
                  "Actual Startup Time": 0.057,
                  "Actual Total Time": 92.466,
                  "Actual Rows": 572484,
                  "Actual Loops": 4,
                  "Filter": "(company_id < 91574)",
                  "Rows Removed by Filter": 79798
                }
              ]
            }
          ]
        }
      ]
    },
    "Planning Time": 0.621,
    "Triggers": [],
    "Execution Time": 139.522
  }
]