[
  {
    "Plan": {
      "Node Type": "Aggregate",
      "Strategy": "Plain",
      "Partial Mode": "Finalize",
      "Parallel Aware": false,
      "Startup Cost": 32791.93,
      "Total Cost": 32791.94,
      "Plan Rows": 1,
      "Plan Width": 8,
      "Actual Startup Time": 90.26,
      "Actual Total Time": 96.84,
      "Actual Rows": 1,
      "Actual Loops": 1,
      "Plans": [
        {
          "Node Type": "Gather",
          "Parent Relationship": "Outer",
          "Parallel Aware": false,
          "Startup Cost": 32791.61,
          "Total Cost": 32791.92,
          "Plan Rows": 3,
          "Plan Width": 8,
          "Actual Startup Time": 90.084,
          "Actual Total Time": 96.828,
          "Actual Rows": 4,
          "Actual Loops": 1,
          "Workers Planned": 3,
          "Workers Launched": 3,
          "Single Copy": false,
          "Plans": [
            {
              "Node Type": "Aggregate",
              "Strategy": "Plain",
              "Partial Mode": "Partial",
              "Parent Relationship": "Outer",
              "Parallel Aware": false,
              "Startup Cost": 31791.61,
              "Total Cost": 31791.62,
              "Plan Rows": 1,
              "Plan Width": 8,
              "Actual Startup Time": 81.751,
              "Actual Total Time": 81.753,
              "Actual Rows": 1,
              "Actual Loops": 4,
              "Plans": [
                {
                  "Node Type": "Seq Scan",
                  "Parent Relationship": "Outer",
                  "Parallel Aware": true,
                  "Relation Name": "movie_companies",
                  "Alias": "mc",
                  "Startup Cost": 0.0,
                  "Total Cost": 31414.82,
                  "Plan Rows": 150717,
                  "Plan Width": 0,
                  "Actual Startup Time": 24.054,
                  "Actual Total Time": 79.514,
                  "Actual Rows": 37226,
                  "Actual Loops": 4,
                  "Filter": "((company_id > 18699) AND (company_type_id < 2))",
                  "Rows Removed by Filter": 615057
                }
              ]
            }
          ]
        }
      ]
    },
    "Planning Time": 0.168,
    "Triggers": [],
    "Execution Time": 96.885
  }
]