{
    "Plan": {
        "Node Type": "Aggregate",
        "Strategy": "Plain",
        "Partial Mode": "Finalize",
        "Parallel Aware": false,
        "Startup Cost": 347855.71,
        "Total Cost": 347855.72,
        "Plan Rows": 1,
        "Plan Width": 8,
        "Actual Startup Time": 2709.512,
        "Actual Total Time": 2815.401,
        "Actual Rows": 1,
        "Actual Loops": 1,
        "Output": [
            "count(*)"
        ],
        "Plans": [
            {
                "Node Type": "Gather",
                "Parent Relationship": "Outer",
                "Parallel Aware": false,
                "Startup Cost": 347855.19,
                "Total Cost": 347855.7,
                "Plan Rows": 5,
                "Plan Width": 8,
                "Actual Startup Time": 2703.193,
                "Actual Total Time": 2815.39,
                "Actual Rows": 6,
                "Actual Loops": 1,
                "Output": [
                    "(PARTIAL count(*))"
                ],
                "Workers Planned": 5,
                "Workers Launched": 5,
                "Single Copy": false,
                "Plans": [
                    {
                        "Node Type": "Aggregate",
                        "Strategy": "Plain",
                        "Partial Mode": "Partial",
                        "Parent Relationship": "Outer",
                        "Parallel Aware": false,
                        "Startup Cost": 346855.19,
                        "Total Cost": 346855.2,
                        "Plan Rows": 1,
                        "Plan Width": 8,
                        "Actual Startup Time": 2691.802,
                        "Actual Total Time": 2691.806,
                        "Actual Rows": 1,
                        "Actual Loops": 6,
                        "Output": [
                            "PARTIAL count(*)"
                        ],
                        "Workers": [
                            {
                                "Worker Number": 0,
                                "Actual Startup Time": 2689.501,
                                "Actual Total Time": 2689.505,
                                "Actual Rows": 1,
                                "Actual Loops": 1
                            },
                            {
                                "Worker Number": 1,
                                "Actual Startup Time": 2690.088,
                                "Actual Total Time": 2690.093,
                                "Actual Rows": 1,
                                "Actual Loops": 1
                            },
                            {
                                "Worker Number": 2,
                                "Actual Startup Time": 2689.593,
                                "Actual Total Time": 2689.597,
                                "Actual Rows": 1,
                                "Actual Loops": 1
                            },
                            {
                                "Worker Number": 3,
                                "Actual Startup Time": 2689.701,
                                "Actual Total Time": 2689.704,
                                "Actual Rows": 1,
                                "Actual Loops": 1
                            },
                            {
                                "Worker Number": 4,
                                "Actual Startup Time": 2689.647,
                                "Actual Total Time": 2689.651,
                                "Actual Rows": 1,
                                "Actual Loops": 1
                            }
                        ],
                        "Plans": [
                            {
                                "Node Type": "Nested Loop",
                                "Parent Relationship": "Outer",
                                "Parallel Aware": false,
                                "Join Type": "Inner",
                                "Startup Cost": 47705.56,
                                "Total Cost": 345910.51,
                                "Plan Rows": 377870,
                                "Plan Width": 0,
                                "Actual Startup Time": 332.657,
                                "Actual Total Time": 2555.168,
                                "Actual Rows": 3308535,
                                "Actual Loops": 6,
                                "Inner Unique": false,
                                "Workers": [
                                    {
                                        "Worker Number": 0,
                                        "Actual Startup Time": 330.031,
                                        "Actual Total Time": 2550.342,
                                        "Actual Rows": 3356783,
                                        "Actual Loops": 1
                                    },
                                    {
                                        "Worker Number": 1,
                                        "Actual Startup Time": 331.004,
                                        "Actual Total Time": 2545.122,
                                        "Actual Rows": 3381171,
                                        "Actual Loops": 1
                                    },
                                    {
                                        "Worker Number": 2,
                                        "Actual Startup Time": 330.572,
                                        "Actual Total Time": 2563.304,
                                        "Actual Rows": 3047677,
                                        "Actual Loops": 1
                                    },
                                    {
                                        "Worker Number": 3,
                                        "Actual Startup Time": 330.612,
                                        "Actual Total Time": 2552.088,
                                        "Actual Rows": 3319279,
                                        "Actual Loops": 1
                                    },
                                    {
                                        "Worker Number": 4,
                                        "Actual Startup Time": 330.594,
                                        "Actual Total Time": 2566.795,
                                        "Actual Rows": 3068667,
                                        "Actual Loops": 1
                                    }
                                ],
                                "Plans": [
                                    {
                                        "Node Type": "Hash Join",
                                        "Parent Relationship": "Outer",
                                        "Parallel Aware": true,
                                        "Join Type": "Inner",
                                        "Startup Cost": 47705.0,
                                        "Total Cost": 246831.29,
                                        "Plan Rows": 26353,
                                        "Plan Width": 8,
                                        "Actual Startup Time": 332.556,
                                        "Actual Total Time": 440.33,
                                        "Actual Rows": 45792,
                                        "Actual Loops": 6,
                                        "Output": [
                                            "t.id",
                                            "mi.movie_id"
                                        ],
                                        "Inner Unique": true,
                                        "Hash Cond": "(mi.movie_id = t.id)",
                                        "Workers": [
                                            {
                                                "Worker Number": 0,
                                                "Actual Startup Time": 329.894,
                                                "Actual Total Time": 436.526,
                                                "Actual Rows": 44462,
                                                "Actual Loops": 1
                                            },
                                            {
                                                "Worker Number": 1,
                                                "Actual Startup Time": 330.921,
                                                "Actual Total Time": 436.505,
                                                "Actual Rows": 45857,
                                                "Actual Loops": 1
                                            },
                                            {
                                                "Worker Number": 2,
                                                "Actual Startup Time": 330.428,
                                                "Actual Total Time": 438.916,
                                                "Actual Rows": 42227,
                                                "Actual Loops": 1
                                            },
                                            {
                                                "Worker Number": 3,
                                                "Actual Startup Time": 330.518,
                                                "Actual Total Time": 438.843,
                                                "Actual Rows": 46821,
                                                "Actual Loops": 1
                                            },
                                            {
                                                "Worker Number": 4,
                                                "Actual Startup Time": 330.481,
                                                "Actual Total Time": 436.292,
                                                "Actual Rows": 42864,
                                                "Actual Loops": 1
                                            }
                                        ],
                                        "Plans": [
                                            {
                                                "Node Type": "Seq Scan",
                                                "Parent Relationship": "Outer",
                                                "Parallel Aware": true,
                                                "Relation Name": "movie_info",
                                                "Schema": "public",
                                                "Alias": "mi",
                                                "Startup Cost": 0.0,
                                                "Total Cost": 198880.74,
                                                "Plan Rows": 93547,
                                                "Plan Width": 4,
                                                "Actual Startup Time": 202.386,
                                                "Actual Total Time": 278.462,
                                                "Actual Rows": 81092,
                                                "Actual Loops": 6,
                                                "Output": [
                                                    "mi.id",
                                                    "mi.movie_id",
                                                    "mi.info_type_id",
                                                    "mi.info",
                                                    "mi.note"
                                                ],
                                                "Filter": "(mi.info_type_id = 5)",
                                                "Rows Removed by Filter": 2391528,
                                                "Workers": [
                                                    {
                                                        "Worker Number": 0,
                                                        "Actual Startup Time": 202.399,
                                                        "Actual Total Time": 278.899,
                                                        "Actual Rows": 76676,
                                                        "Actual Loops": 1
                                                    },
                                                    {
                                                        "Worker Number": 1,
                                                        "Actual Startup Time": 202.391,
                                                        "Actual Total Time": 278.1,
                                                        "Actual Rows": 77521,
                                                        "Actual Loops": 1
                                                    },
                                                    {
                                                        "Worker Number": 2,
                                                        "Actual Startup Time": 202.371,
                                                        "Actual Total Time": 279.044,
                                                        "Actual Rows": 74191,
                                                        "Actual Loops": 1
                                                    },
                                                    {
                                                        "Worker Number": 3,
                                                        "Actual Startup Time": 202.396,
                                                        "Actual Total Time": 279.629,
                                                        "Actual Rows": 81342,
                                                        "Actual Loops": 1
                                                    },
                                                    {
                                                        "Worker Number": 4,
                                                        "Actual Startup Time": 202.382,
                                                        "Actual Total Time": 277.036,
                                                        "Actual Rows": 75197,
                                                        "Actual Loops": 1
                                                    }
                                                ]
                                            },
                                            {
                                                "Node Type": "Hash",
                                                "Parent Relationship": "Inner",
                                                "Parallel Aware": true,
                                                "Startup Cost": 45479.21,
                                                "Total Cost": 45479.21,
                                                "Plan Rows": 178063,
                                                "Plan Width": 4,
                                                "Actual Startup Time": 126.43,
                                                "Actual Total Time": 126.431,
                                                "Actual Rows": 102026,
                                                "Actual Loops": 6,
                                                "Output": [
                                                    "t.id"
                                                ],
                                                "Hash Buckets": 1048576,
                                                "Original Hash Buckets": 1048576,
                                                "Hash Batches": 1,
                                                "Original Hash Batches": 1,
                                                "Peak Memory Usage": 32224,
                                                "Workers": [
                                                    {
                                                        "Worker Number": 0,
                                                        "Actual Startup Time": 127.059,
                                                        "Actual Total Time": 127.06,
                                                        "Actual Rows": 99737,
                                                        "Actual Loops": 1
                                                    },
                                                    {
                                                        "Worker Number": 1,
                                                        "Actual Startup Time": 128.115,
                                                        "Actual Total Time": 128.117,
                                                        "Actual Rows": 100194,
                                                        "Actual Loops": 1
                                                    },
                                                    {
                                                        "Worker Number": 2,
                                                        "Actual Startup Time": 127.629,
                                                        "Actual Total Time": 127.63,
                                                        "Actual Rows": 90561,
                                                        "Actual Loops": 1
                                                    },
                                                    {
                                                        "Worker Number": 3,
                                                        "Actual Startup Time": 127.702,
                                                        "Actual Total Time": 127.703,
                                                        "Actual Rows": 101145,
                                                        "Actual Loops": 1
                                                    },
                                                    {
                                                        "Worker Number": 4,
                                                        "Actual Startup Time": 127.659,
                                                        "Actual Total Time": 127.66,
                                                        "Actual Rows": 91918,
                                                        "Actual Loops": 1
                                                    }
                                                ],
                                                "Plans": [
                                                    {
                                                        "Node Type": "Seq Scan",
                                                        "Parent Relationship": "Outer",
                                                        "Parallel Aware": true,
                                                        "Relation Name": "title",
                                                        "Schema": "public",
                                                        "Alias": "t",
                                                        "Startup Cost": 0.0,
                                                        "Total Cost": 45479.21,
                                                        "Plan Rows": 178063,
                                                        "Plan Width": 4,
                                                        "Actual Startup Time": 0.074,
                                                        "Actual Total Time": 80.424,
                                                        "Actual Rows": 102026,
                                                        "Actual Loops": 6,
                                                        "Output": [
                                                            "t.id"
                                                        ],
                                                        "Filter": "((t.kind_id < 7) AND (t.production_year > 1987))",
                                                        "Rows Removed by Filter": 319360,
                                                        "Workers": [
                                                            {
                                                                "Worker Number": 0,
                                                                "Actual Startup Time": 0.122,
                                                                "Actual Total Time": 81.349,
                                                                "Actual Rows": 99737,
                                                                "Actual Loops": 1
                                                            },
                                                            {
                                                                "Worker Number": 1,
                                                                "Actual Startup Time": 0.056,
                                                                "Actual Total Time": 81.325,
                                                                "Actual Rows": 100194,
                                                                "Actual Loops": 1
                                                            },
                                                            {
                                                                "Worker Number": 2,
                                                                "Actual Startup Time": 0.072,
                                                                "Actual Total Time": 79.627,
                                                                "Actual Rows": 90561,
                                                                "Actual Loops": 1
                                                            },
                                                            {
                                                                "Worker Number": 3,
                                                                "Actual Startup Time": 0.065,
                                                                "Actual Total Time": 81.64,
                                                                "Actual Rows": 101145,
                                                                "Actual Loops": 1
                                                            },
                                                            {
                                                                "Worker Number": 4,
                                                                "Actual Startup Time": 0.106,
                                                                "Actual Total Time": 79.592,
                                                                "Actual Rows": 91918,
                                                                "Actual Loops": 1
                                                            }
                                                        ]
                                                    }
                                                ]
                                            }
                                        ]
                                    },
                                    {
                                        "Node Type": "Index Only Scan",
                                        "Parent Relationship": "Inner",
                                        "Parallel Aware": false,
                                        "Scan Direction": "Forward",
                                        "Index Name": "movie_id_cast_info",
                                        "Relation Name": "cast_info",
                                        "Schema": "public",
                                        "Alias": "ci",
                                        "Startup Cost": 0.56,
                                        "Total Cost": 3.38,
                                        "Plan Rows": 38,
                                        "Plan Width": 4,
                                        "Actual Startup Time": 0.005,
                                        "Actual Total Time": 0.041,
                                        "Actual Rows": 72,
                                        "Actual Loops": 274753,
                                        "Output": [
                                            "ci.movie_id"
                                        ],
                                        "Index Cond": "(ci.movie_id = t.id)",
                                        "Rows Removed by Index Recheck": 0,
                                        "Heap Fetches": 19851208,
                                        "Workers": [
                                            {
                                                "Worker Number": 0,
                                                "Actual Startup Time": 0.005,
                                                "Actual Total Time": 0.042,
                                                "Actual Rows": 75,
                                                "Actual Loops": 44462
                                            },
                                            {
                                                "Worker Number": 1,
                                                "Actual Startup Time": 0.005,
                                                "Actual Total Time": 0.041,
                                                "Actual Rows": 74,
                                                "Actual Loops": 45857
                                            },
                                            {
                                                "Worker Number": 2,
                                                "Actual Startup Time": 0.005,
                                                "Actual Total Time": 0.045,
                                                "Actual Rows": 72,
                                                "Actual Loops": 42227
                                            },
                                            {
                                                "Worker Number": 3,
                                                "Actual Startup Time": 0.005,
                                                "Actual Total Time": 0.04,
                                                "Actual Rows": 71,
                                                "Actual Loops": 46821
                                            },
                                            {
                                                "Worker Number": 4,
                                                "Actual Startup Time": 0.005,
                                                "Actual Total Time": 0.044,
                                                "Actual Rows": 72,
                                                "Actual Loops": 42864
                                            }
                                        ]
                                    }
                                ]
                            }
                        ]
                    }
                ]
            }
        ]
    },
    "Planning Time": 1.519,
    "Triggers": [],
    "Execution Time": 2815.512
}