[
  {
    "Plan": {
      "Node Type": "Aggregate",
      "Strategy": "Plain",
      "Partial Mode": "Finalize",
      "Parallel Aware": false,
      "Startup Cost": 62574.61,
      "Total Cost": 62574.62,
      "Plan Rows": 1,
      "Plan Width": 8,
      "Actual Startup Time": 206.621,
      "Actual Total Time": 222.757,
      "Actual Rows": 1,
      "Actual Loops": 1,
      "Plans": [
        {
          "Node Type": "Gather",
          "Parent Relationship": "Outer",
          "Parallel Aware": false,
          "Startup Cost": 62574.39,
          "Total Cost": 62574.6,
          "Plan Rows": 2,
          "Plan Width": 8,
          "Actual Startup Time": 205.32,
          "Actual Total Time": 222.749,
          "Actual Rows": 3,
          "Actual Loops": 1,
          "Workers Planned": 2,
          "Workers Launched": 2,
          "Single Copy": false,
          "Plans": [
            {
              "Node Type": "Aggregate",
              "Strategy": "Plain",
              "Partial Mode": "Partial",
              "Parent Relationship": "Outer",
              "Parallel Aware": false,
              "Startup Cost": 61574.39,
              "Total Cost": 61574.4,
              "Plan Rows": 1,
              "Plan Width": 8,
              "Actual Startup Time": 202.69,
              "Actual Total Time": 202.693,
              "Actual Rows": 1,
              "Actual Loops": 3,
              "Plans": [
                {
                  "Node Type": "Hash Join",
                  "Parent Relationship": "Outer",
                  "Parallel Aware": true,
                  "Join Type": "Inner",
                  "Startup Cost": 45917.66,
                  "Total Cost": 61547.61,
                  "Plan Rows": 10714,
                  "Plan Width": 0,
                  "Actual Startup Time": 158.585,
                  "Actual Total Time": 201.594,
                  "Actual Rows": 25703,
                  "Actual Loops": 3,
                  "Inner Unique": true,
                  "Hash Cond": "(mi_idx.movie_id = t.id)",
                  "Plans": [
                    {
                      "Node Type": "Seq Scan",
                      "Parent Relationship": "Outer",
                      "Parallel Aware": true,
                      "Relation Name": "movie_info_idx",
                      "Alias": "mi_idx",
                      "Startup Cost": 0.0,
                      "Total Cost": 15122.68,
                      "Plan Rows": 193243,
                      "Plan Width": 4,
                      "Actual Startup Time": 0.013,
                      "Actual Total Time": 40.692,
                      "Actual Rows": 153308,
                      "Actual Loops": 3,
                      "Filter": "(info_type_id = 101)",
                      "Rows Removed by Filter": 306703
                    },
                    {
                      "Node Type": "Hash",
                      "Parent Relationship": "Inner",
                      "Parallel Aware": true,
                      "Startup Cost": 45479.59,
                      "Total Cost": 45479.59,
                      "Plan Rows": 35046,
                      "Plan Width": 4,
                      "Actual Startup Time": 132.539,
                      "Actual Total Time": 132.54,
                      "Actual Rows": 94226,
                      "Actual Loops": 3,
                      "Hash Buckets": 524288,
                      "Original Hash Buckets": 262144,
                      "Hash Batches": 1,
                      "Original Hash Batches": 1,
                      "Peak Memory Usage": 17280,
                      "Plans": [
                        {
                          "Node Type": "Seq Scan",
                          "Parent Relationship": "Outer",
                          "Parallel Aware": true,
                          "Relation Name": "title",
                          "Alias": "t",
                          "Startup Cost": 0.0,
                          "Total Cost": 45479.59,
                          "Plan Rows": 35046,
                          "Plan Width": 4,
                          "Actual Startup Time": 55.842,
                          "Actual Total Time": 103.555,
                          "Actual Rows": 94226,
                          "Actual Loops": 3,
                          "Filter": "((production_year < 1983) AND (kind_id = 1))",
                          "Rows Removed by Filter": 748544
                        }
                      ]
                    }
                  ]
                }
              ]
            }
          ]
        }
      ]
    },
    "Planning Time": 0.232,
    "Triggers": [],
    "Execution Time": 222.795
  }
]