[
  {
    "Plan": {
      "Node Type": "Aggregate",
      "Strategy": "Plain",
      "Partial Mode": "Finalize",
      "Parallel Aware": false,
      "Startup Cost": 62576.45,
      "Total Cost": 62576.46,
      "Plan Rows": 1,
      "Plan Width": 8,
      "Actual Startup Time": 248.703,
      "Actual Total Time": 260.532,
      "Actual Rows": 1,
      "Actual Loops": 1,
      "Plans": [
        {
          "Node Type": "Gather",
          "Parent Relationship": "Outer",
          "Parallel Aware": false,
          "Startup Cost": 62576.23,
          "Total Cost": 62576.44,
          "Plan Rows": 2,
          "Plan Width": 8,
          "Actual Startup Time": 246.888,
          "Actual Total Time": 260.524,
          "Actual Rows": 3,
          "Actual Loops": 1,
          "Workers Planned": 2,
          "Workers Launched": 2,
          "Single Copy": false,
          "Plans": [
            {
              "Node Type": "Aggregate",
              "Strategy": "Plain",
              "Partial Mode": "Partial",
              "Parent Relationship": "Outer",
              "Parallel Aware": false,
              "Startup Cost": 61576.23,
              "Total Cost": 61576.24,
              "Plan Rows": 1,
              "Plan Width": 8,
              "Actual Startup Time": 239.337,
              "Actual Total Time": 239.34,
              "Actual Rows": 1,
              "Actual Loops": 3,
              "Plans": [
                {
                  "Node Type": "Hash Join",
                  "Parent Relationship": "Outer",
                  "Parallel Aware": true,
                  "Join Type": "Inner",
                  "Startup Cost": 45922.66,
                  "Total Cost": 61549.29,
                  "Plan Rows": 10778,
                  "Plan Width": 0,
                  "Actual Startup Time": 191.53,
                  "Actual Total Time": 238.11,
                  "Actual Rows": 25703,
                  "Actual Loops": 3,
                  "Inner Unique": true,
                  "Hash Cond": "(mi_idx.movie_id = t.id)",
                  "Plans": [
                    {
                      "Node Type": "Seq Scan",
                      "Parent Relationship": "Outer",
                      "Parallel Aware": true,
                      "Relation Name": "movie_info_idx",
                      "Alias": "mi_idx",
                      "Startup Cost": 0.0,
                      "Total Cost": 15122.68,
                      "Plan Rows": 191978,
                      "Plan Width": 4,
                      "Actual Startup Time": 0.027,
                      "Actual Total Time": 41.39,
                      "Actual Rows": 153308,
                      "Actual Loops": 3,
                      "Filter": "(info_type_id = 101)",
                      "Rows Removed by Filter": 306703
                    },
                    {
                      "Node Type": "Hash",
                      "Parent Relationship": "Inner",
                      "Parallel Aware": true,
                      "Startup Cost": 45479.1,
                      "Total Cost": 45479.1,
                      "Plan Rows": 35485,
                      "Plan Width": 4,
                      "Actual Startup Time": 159.803,
                      "Actual Total Time": 159.804,
                      "Actual Rows": 94226,
                      "Actual Loops": 3,
                      "Hash Buckets": 524288,
                      "Original Hash Buckets": 262144,
                      "Hash Batches": 1,
                      "Original Hash Batches": 1,
                      "Peak Memory Usage": 17248,
                      "Plans": [
                        {
                          "Node Type": "Seq Scan",
                          "Parent Relationship": "Outer",
                          "Parallel Aware": true,
                          "Relation Name": "title",
                          "Alias": "t",
                          "Startup Cost": 0.0,
                          "Total Cost": 45479.1,
                          "Plan Rows": 35485,
                          "Plan Width": 4,
                          "Actual Startup Time": 70.97,
                          "Actual Total Time": 123.082,
                          "Actual Rows": 94226,
                          "Actual Loops": 3,
                          "Filter": "((production_year < 1983) AND (kind_id = 1))",
                          "Rows Removed by Filter": 748544
                        }
                      ]
                    }
                  ]
                }
              ]
            }
          ]
        }
      ]
    },
    "Planning Time": 0.561,
    "Triggers": [],
    "Execution Time": 260.623
  }
]