[
  {
    "Plan": {
      "Node Type": "Aggregate",
      "Strategy": "Plain",
      "Partial Mode": "Finalize",
      "Parallel Aware": false,
      "Startup Cost": 46481.42,
      "Total Cost": 46481.43,
      "Plan Rows": 1,
      "Plan Width": 8,
      "Actual Startup Time": 71.913,
      "Actual Total Time": 79.643,
      "Actual Rows": 1,
      "Actual Loops": 1,
      "Plans": [
        {
          "Node Type": "Gather",
          "Parent Relationship": "Outer",
          "Parallel Aware": false,
          "Startup Cost": 46481.0,
          "Total Cost": 46481.41,
          "Plan Rows": 4,
          "Plan Width": 8,
          "Actual Startup Time": 71.825,
          "Actual Total Time": 79.637,
          "Actual Rows": 5,
          "Actual Loops": 1,
          "Workers Planned": 4,
          "Workers Launched": 4,
          "Single Copy": false,
          "Plans": [
            {
              "Node Type": "Aggregate",
              "Strategy": "Plain",
              "Partial Mode": "Partial",
              "Parent Relationship": "Outer",
              "Parallel Aware": false,
              "Startup Cost": 45481.0,
              "Total Cost": 45481.01,
              "Plan Rows": 1,
              "Plan Width": 8,
              "Actual Startup Time": 68.232,
              "Actual Total Time": 68.233,
              "Actual Rows": 1,
              "Actual Loops": 5,
              "Plans": [
                {
                  "Node Type": "Seq Scan",
                  "Parent Relationship": "Outer",
                  "Parallel Aware": true,
                  "Relation Name": "title",
                  "Alias": "t",
                  "Startup Cost": 0.0,
                  "Total Cost": 45479.21,
                  "Plan Rows": 716,
                  "Plan Width": 0,
                  "Actual Startup Time": 41.576,
                  "Actual Total Time": 68.153,
                  "Actual Rows": 672,
                  "Actual Loops": 5,
                  "Filter": "((kind_id = 1) AND (production_year = 1963))",
                  "Rows Removed by Filter": 504990
                }
              ]
            }
          ]
        }
      ]
    },
    "Planning Time": 0.073,
    "Triggers": [],
    "Execution Time": 79.669
  }
]