[
  {
    "Plan": {
      "Node Type": "Aggregate",
      "Strategy": "Plain",
      "Partial Mode": "Finalize",
      "Parallel Aware": false,
      "Startup Cost": 47714.43,
      "Total Cost": 47714.44,
      "Plan Rows": 1,
      "Plan Width": 8,
      "Actual Startup Time": 288.024,
      "Actual Total Time": 333.145,
      "Actual Rows": 1,
      "Actual Loops": 1,
      "Plans": [
        {
          "Node Type": "Gather",
          "Parent Relationship": "Outer",
          "Parallel Aware": false,
          "Startup Cost": 47714.22,
          "Total Cost": 47714.43,
          "Plan Rows": 2,
          "Plan Width": 8,
          "Actual Startup Time": 288.016,
          "Actual Total Time": 333.137,
          "Actual Rows": 3,
          "Actual Loops": 1,
          "Workers Planned": 2,
          "Workers Launched": 2,
          "Single Copy": false,
          "Plans": [
            {
              "Node Type": "Aggregate",
              "Strategy": "Plain",
              "Partial Mode": "Partial",
              "Parent Relationship": "Outer",
              "Parallel Aware": false,
              "Startup Cost": 46714.22,
              "Total Cost": 46714.23,
              "Plan Rows": 1,
              "Plan Width": 8,
              "Actual Startup Time": 279.346,
              "Actual Total Time": 279.348,
              "Actual Rows": 1,
              "Actual Loops": 3,
              "Plans": [
                {
                  "Node Type": "Nested Loop",
                  "Parent Relationship": "Outer",
                  "Parallel Aware": false,
                  "Join Type": "Inner",
                  "Startup Cost": 126.9,
                  "Total Cost": 46673.84,
                  "Plan Rows": 16152,
                  "Plan Width": 0,
                  "Actual Startup Time": 1.675,
                  "Actual Total Time": 269.755,
                  "Actual Rows": 167606,
                  "Actual Loops": 3,
                  "Inner Unique": false,
                  "Plans": [
                    {
                      "Node Type": "Nested Loop",
                      "Parent Relationship": "Outer",
                      "Parallel Aware": false,
                      "Join Type": "Inner",
                      "Startup Cost": 126.33,
                      "Total Cost": 43149.86,
                      "Plan Rows": 1127,
                      "Plan Width": 8,
                      "Actual Startup Time": 1.439,
                      "Actual Total Time": 17.401,
                      "Actual Rows": 2207,
                      "Actual Loops": 3,
                      "Inner Unique": true,
                      "Plans": [
                        {
                          "Node Type": "Bitmap Heap Scan",
                          "Parent Relationship": "Outer",
                          "Parallel Aware": true,
                          "Relation Name": "movie_info",
                          "Alias": "mi",
                          "Startup Cost": 125.9,
                          "Total Cost": 23046.72,
                          "Plan Rows": 2875,
                          "Plan Width": 4,
                          "Actual Startup Time": 1.28,
                          "Actual Total Time": 3.616,
                          "Actual Rows": 2207,
                          "Actual Loops": 3,
                          "Recheck Cond": "(info_type_id = 88)",
                          "Rows Removed by Index Recheck": 0,
                          "Exact Heap Blocks": 737,
                          "Lossy Heap Blocks": 0,
                          "Plans": [
                            {
                              "Node Type": "Bitmap Index Scan",
                              "Parent Relationship": "Outer",
                              "Parallel Aware": false,
                              "Index Name": "info_type_id_movie_info",
                              "Startup Cost": 0.0,
                              "Total Cost": 124.18,
                              "Plan Rows": 6899,
                              "Plan Width": 0,
                              "Actual Startup Time": 2.944,
                              "Actual Total Time": 2.944,
                              "Actual Rows": 6621,
                              "Actual Loops": 1,
                              "Index Cond": "(info_type_id = 88)"
                            }
                          ]
                        },
                        {
                          "Node Type": "Index Scan",
                          "Parent Relationship": "Inner",
                          "Parallel Aware": false,
                          "Scan Direction": "Forward",
                          "Index Name": "title_pkey",
                          "Relation Name": "title",
                          "Alias": "t",
                          "Startup Cost": 0.43,
                          "Total Cost": 6.99,
                          "Plan Rows": 1,
                          "Plan Width": 4,
                          "Actual Startup Time": 0.006,
                          "Actual Total Time": 0.006,
                          "Actual Rows": 1,
                          "Actual Loops": 6621,
                          "Index Cond": "(id = mi.movie_id)",
                          "Rows Removed by Index Recheck": 0,
                          "Filter": "(kind_id < 7)",
                          "Rows Removed by Filter": 0
                        }
                      ]
                    },
                    {
                      "Node Type": "Index Only Scan",
                      "Parent Relationship": "Inner",
                      "Parallel Aware": false,
                      "Scan Direction": "Forward",
                      "Index Name": "movie_id_cast_info",
                      "Relation Name": "cast_info",
                      "Alias": "ci",
                      "Startup Cost": 0.56,
                      "Total Cost": 2.76,
                      "Plan Rows": 37,
                      "Plan Width": 4,
                      "Actual Startup Time": 0.009,
                      "Actual Total Time": 0.108,
                      "Actual Rows": 76,
                      "Actual Loops": 6621,
                      "Index Cond": "(movie_id = t.id)",
                      "Rows Removed by Index Recheck": 0,
                      "Heap Fetches": 502819
                    }
                  ]
                }
              ]
            }
          ]
        }
      ]
    },
    "Planning Time": 1.414,
    "Triggers": [],
    "Execution Time": 333.273
  }
]