[
    {
        "Bao": {
            "Bao prediction": "NaN",
            "Bao recommended hint": "(no hint)"
        }
    },
    {
        "Plan": {
            "Node Type": "Aggregate",
            "Strategy": "Plain",
            "Partial Mode": "Finalize",
            "Parallel Aware": false,
            "Startup Cost": 54915.95,
            "Total Cost": 54915.96,
            "Plan Rows": 1,
            "Plan Width": 8,
            "Actual Startup Time": 148.632,
            "Actual Total Time": 163.249,
            "Actual Rows": 1,
            "Actual Loops": 1,
            "Output": [
                "count(*)"
            ],
            "Plans": [
                {
                    "Node Type": "Gather",
                    "Parent Relationship": "Outer",
                    "Parallel Aware": false,
                    "Startup Cost": 54915.53,
                    "Total Cost": 54915.94,
                    "Plan Rows": 4,
                    "Plan Width": 8,
                    "Actual Startup Time": 148.358,
                    "Actual Total Time": 163.239,
                    "Actual Rows": 5,
                    "Actual Loops": 1,
                    "Output": [
                        "(PARTIAL count(*))"
                    ],
                    "Workers Planned": 4,
                    "Workers Launched": 4,
                    "Single Copy": false,
                    "Plans": [
                        {
                            "Node Type": "Aggregate",
                            "Strategy": "Plain",
                            "Partial Mode": "Partial",
                            "Parent Relationship": "Outer",
                            "Parallel Aware": false,
                            "Startup Cost": 53915.53,
                            "Total Cost": 53915.54,
                            "Plan Rows": 1,
                            "Plan Width": 8,
                            "Actual Startup Time": 137.696,
                            "Actual Total Time": 137.698,
                            "Actual Rows": 1,
                            "Actual Loops": 5,
                            "Output": [
                                "PARTIAL count(*)"
                            ],
                            "Workers": [
                                {
                                    "Worker Number": 0,
                                    "Actual Startup Time": 134.929,
                                    "Actual Total Time": 134.93,
                                    "Actual Rows": 1,
                                    "Actual Loops": 1
                                },
                                {
                                    "Worker Number": 1,
                                    "Actual Startup Time": 134.898,
                                    "Actual Total Time": 134.899,
                                    "Actual Rows": 1,
                                    "Actual Loops": 1
                                },
                                {
                                    "Worker Number": 2,
                                    "Actual Startup Time": 134.896,
                                    "Actual Total Time": 134.897,
                                    "Actual Rows": 1,
                                    "Actual Loops": 1
                                },
                                {
                                    "Worker Number": 3,
                                    "Actual Startup Time": 135.923,
                                    "Actual Total Time": 135.924,
                                    "Actual Rows": 1,
                                    "Actual Loops": 1
                                }
                            ],
                            "Plans": [
                                {
                                    "Node Type": "Nested Loop",
                                    "Parent Relationship": "Outer",
                                    "Parallel Aware": false,
                                    "Join Type": "Inner",
                                    "Startup Cost": 0.99,
                                    "Total Cost": 53896.92,
                                    "Plan Rows": 7445,
                                    "Plan Width": 0,
                                    "Actual Startup Time": 52.413,
                                    "Actual Total Time": 135.368,
                                    "Actual Rows": 35103,
                                    "Actual Loops": 5,
                                    "Inner Unique": false,
                                    "Join Filter": "(t.id = ci.movie_id)",
                                    "Rows Removed by Join Filter": 0,
                                    "Workers": [
                                        {
                                            "Worker Number": 0,
                                            "Actual Startup Time": 59.647,
                                            "Actual Total Time": 132.485,
                                            "Actual Rows": 26660,
                                            "Actual Loops": 1
                                        },
                                        {
                                            "Worker Number": 1,
                                            "Actual Startup Time": 59.647,
                                            "Actual Total Time": 132.983,
                                            "Actual Rows": 32510,
                                            "Actual Loops": 1
                                        },
                                        {
                                            "Worker Number": 2,
                                            "Actual Startup Time": 59.646,
                                            "Actual Total Time": 132.748,
                                            "Actual Rows": 37257,
                                            "Actual Loops": 1
                                        },
                                        {
                                            "Worker Number": 3,
                                            "Actual Startup Time": 10.608,
                                            "Actual Total Time": 134.006,
                                            "Actual Rows": 32486,
                                            "Actual Loops": 1
                                        }
                                    ],
                                    "Plans": [
                                        {
                                            "Node Type": "Nested Loop",
                                            "Parent Relationship": "Outer",
                                            "Parallel Aware": false,
                                            "Join Type": "Inner",
                                            "Startup Cost": 0.43,
                                            "Total Cost": 52707.46,
                                            "Plan Rows": 519,
                                            "Plan Width": 8,
                                            "Actual Startup Time": 51.167,
                                            "Actual Total Time": 89.258,
                                            "Actual Rows": 1057,
                                            "Actual Loops": 5,
                                            "Output": [
                                                "t.id",
                                                "mc.movie_id"
                                            ],
                                            "Inner Unique": false,
                                            "Workers": [
                                                {
                                                    "Worker Number": 0,
                                                    "Actual Startup Time": 59.513,
                                                    "Actual Total Time": 83.063,
                                                    "Actual Rows": 726,
                                                    "Actual Loops": 1
                                                },
                                                {
                                                    "Worker Number": 1,
                                                    "Actual Startup Time": 59.56,
                                                    "Actual Total Time": 86.928,
                                                    "Actual Rows": 1042,
                                                    "Actual Loops": 1
                                                },
                                                {
                                                    "Worker Number": 2,
                                                    "Actual Startup Time": 59.534,
                                                    "Actual Total Time": 86.053,
                                                    "Actual Rows": 1075,
                                                    "Actual Loops": 1
                                                },
                                                {
                                                    "Worker Number": 3,
                                                    "Actual Startup Time": 10.359,
                                                    "Actual Total Time": 86.567,
                                                    "Actual Rows": 1016,
                                                    "Actual Loops": 1
                                                }
                                            ],
                                            "Plans": [
                                                {
                                                    "Node Type": "Seq Scan",
                                                    "Parent Relationship": "Outer",
                                                    "Parallel Aware": true,
                                                    "Relation Name": "title",
                                                    "Schema": "public",
                                                    "Alias": "t",
                                                    "Startup Cost": 0.0,
                                                    "Total Cost": 43899.01,
                                                    "Plan Rows": 503,
                                                    "Plan Width": 4,
                                                    "Actual Startup Time": 44.542,
                                                    "Actual Total Time": 82.668,
                                                    "Actual Rows": 366,
                                                    "Actual Loops": 5,
                                                    "Output": [
                                                        "t.id",
                                                        "t.title",
                                                        "t.imdb_index",
                                                        "t.kind_id",
                                                        "t.production_year",
                                                        "t.imdb_id",
                                                        "t.phonetic_code",
                                                        "t.episode_of_id",
                                                        "t.season_nr",
                                                        "t.episode_nr",
                                                        "t.series_years",
                                                        "t.md5sum"
                                                    ],
                                                    "Filter": "(t.production_year = 1944)",
                                                    "Rows Removed by Filter": 505296,
                                                    "Workers": [
                                                        {
                                                            "Worker Number": 0,
                                                            "Actual Startup Time": 55.6,
                                                            "Actual Total Time": 76.342,
                                                            "Actual Rows": 233,
                                                            "Actual Loops": 1
                                                        },
                                                        {
                                                            "Worker Number": 1,
                                                            "Actual Startup Time": 36.068,
                                                            "Actual Total Time": 79.398,
                                                            "Actual Rows": 368,
                                                            "Actual Loops": 1
                                                        },
                                                        {
                                                            "Worker Number": 2,
                                                            "Actual Startup Time": 54.082,
                                                            "Actual Total Time": 78.806,
                                                            "Actual Rows": 344,
                                                            "Actual Loops": 1
                                                        },
                                                        {
                                                            "Worker Number": 3,
                                                            "Actual Startup Time": 10.126,
                                                            "Actual Total Time": 78.912,
                                                            "Actual Rows": 376,
                                                            "Actual Loops": 1
                                                        }
                                                    ]
                                                },
                                                {
                                                    "Node Type": "Index Only Scan",
                                                    "Parent Relationship": "Inner",
                                                    "Parallel Aware": false,
                                                    "Scan Direction": "Forward",
                                                    "Index Name": "movie_id_movie_companies",
                                                    "Relation Name": "movie_companies",
                                                    "Schema": "public",
                                                    "Alias": "mc",
                                                    "Startup Cost": 0.43,
                                                    "Total Cost": 17.46,
                                                    "Plan Rows": 5,
                                                    "Plan Width": 4,
                                                    "Actual Startup Time": 0.014,
                                                    "Actual Total Time": 0.017,
                                                    "Actual Rows": 3,
                                                    "Actual Loops": 1831,
                                                    "Output": [
                                                        "mc.movie_id"
                                                    ],
                                                    "Index Cond": "(mc.movie_id = t.id)",
                                                    "Rows Removed by Index Recheck": 0,
                                                    "Heap Fetches": 5285,
                                                    "Workers": [
                                                        {
                                                            "Worker Number": 0,
                                                            "Actual Startup Time": 0.022,
                                                            "Actual Total Time": 0.027,
                                                            "Actual Rows": 3,
                                                            "Actual Loops": 233
                                                        },
                                                        {
                                                            "Worker Number": 1,
                                                            "Actual Startup Time": 0.016,
                                                            "Actual Total Time": 0.02,
                                                            "Actual Rows": 3,
                                                            "Actual Loops": 368
                                                        },
                                                        {
                                                            "Worker Number": 2,
                                                            "Actual Startup Time": 0.016,
                                                            "Actual Total Time": 0.02,
                                                            "Actual Rows": 3,
                                                            "Actual Loops": 344
                                                        },
                                                        {
                                                            "Worker Number": 3,
                                                            "Actual Startup Time": 0.016,
                                                            "Actual Total Time": 0.02,
                                                            "Actual Rows": 3,
                                                            "Actual Loops": 376
                                                        }
                                                    ]
                                                }
                                            ]
                                        },
                                        {
                                            "Node Type": "Index Only Scan",
                                            "Parent Relationship": "Inner",
                                            "Parallel Aware": false,
                                            "Scan Direction": "Forward",
                                            "Index Name": "movie_id_cast_info",
                                            "Relation Name": "cast_info",
                                            "Schema": "public",
                                            "Alias": "ci",
                                            "Startup Cost": 0.56,
                                            "Total Cost": 1.82,
                                            "Plan Rows": 38,
                                            "Plan Width": 4,
                                            "Actual Startup Time": 0.008,
                                            "Actual Total Time": 0.04,
                                            "Actual Rows": 33,
                                            "Actual Loops": 5285,
                                            "Output": [
                                                "ci.movie_id"
                                            ],
                                            "Index Cond": "(ci.movie_id = mc.movie_id)",
                                            "Rows Removed by Index Recheck": 0,
                                            "Heap Fetches": 175517,
                                            "Workers": [
                                                {
                                                    "Worker Number": 0,
                                                    "Actual Startup Time": 0.012,
                                                    "Actual Total Time": 0.062,
                                                    "Actual Rows": 37,
                                                    "Actual Loops": 726
                                                },
                                                {
                                                    "Worker Number": 1,
                                                    "Actual Startup Time": 0.009,
                                                    "Actual Total Time": 0.041,
                                                    "Actual Rows": 31,
                                                    "Actual Loops": 1042
                                                },
                                                {
                                                    "Worker Number": 2,
                                                    "Actual Startup Time": 0.008,
                                                    "Actual Total Time": 0.04,
                                                    "Actual Rows": 35,
                                                    "Actual Loops": 1075
                                                },
                                                {
                                                    "Worker Number": 3,
                                                    "Actual Startup Time": 0.009,
                                                    "Actual Total Time": 0.043,
                                                    "Actual Rows": 32,
                                                    "Actual Loops": 1016
                                                }
                                            ]
                                        }
                                    ]
                                }
                            ]
                        }
                    ]
                }
            ]
        },
        "Planning Time": 307.303,
        "Triggers": [],
        "Execution Time": 163.354
    }
]