[
  {
    "Plan": {
      "Node Type": "Aggregate",
      "Strategy": "Plain",
      "Partial Mode": "Finalize",
      "Parallel Aware": false,
      "Startup Cost": 45507.89,
      "Total Cost": 45507.9,
      "Plan Rows": 1,
      "Plan Width": 8,
      "Actual Startup Time": 144.295,
      "Actual Total Time": 153.894,
      "Actual Rows": 1,
      "Actual Loops": 1,
      "Plans": [
        {
          "Node Type": "Gather",
          "Parent Relationship": "Outer",
          "Parallel Aware": false,
          "Startup Cost": 45507.57,
          "Total Cost": 45507.88,
          "Plan Rows": 3,
          "Plan Width": 8,
          "Actual Startup Time": 144.166,
          "Actual Total Time": 153.886,
          "Actual Rows": 4,
          "Actual Loops": 1,
          "Workers Planned": 3,
          "Workers Launched": 3,
          "Single Copy": false,
          "Plans": [
            {
              "Node Type": "Aggregate",
              "Strategy": "Plain",
              "Partial Mode": "Partial",
              "Parent Relationship": "Outer",
              "Parallel Aware": false,
              "Startup Cost": 44507.57,
              "Total Cost": 44507.58,
              "Plan Rows": 1,
              "Plan Width": 8,
              "Actual Startup Time": 136.977,
              "Actual Total Time": 136.978,
              "Actual Rows": 1,
              "Actual Loops": 4,
              "Plans": [
                {
                  "Node Type": "Seq Scan",
                  "Parent Relationship": "Outer",
                  "Parallel Aware": true,
                  "Relation Name": "movie_keyword",
                  "Alias": "mk",
                  "Startup Cost": 0.0,
                  "Total Cost": 42695.65,
                  "Plan Rows": 724766,
                  "Plan Width": 0,
                  "Actual Startup Time": 0.058,
                  "Actual Total Time": 111.572,
                  "Actual Rows": 564023,
                  "Actual Loops": 4,
                  "Filter": "(keyword_id < 4668)",
                  "Rows Removed by Filter": 566960
                }
              ]
            }
          ]
        }
      ]
    },
    "Planning Time": 0.176,
    "Triggers": [],
    "Execution Time": 153.946
  }
]