[
  {
    "Plan": {
      "Node Type": "Aggregate",
      "Strategy": "Plain",
      "Partial Mode": "Finalize",
      "Parallel Aware": false,
      "Startup Cost": 252544.95,
      "Total Cost": 252544.96,
      "Plan Rows": 1,
      "Plan Width": 8,
      "Actual Startup Time": 989.619,
      "Actual Total Time": 1038.783,
      "Actual Rows": 1,
      "Actual Loops": 1,
      "Plans": [
        {
          "Node Type": "Gather",
          "Parent Relationship": "Outer",
          "Parallel Aware": false,
          "Startup Cost": 252544.43,
          "Total Cost": 252544.94,
          "Plan Rows": 5,
          "Plan Width": 8,
          "Actual Startup Time": 981.777,
          "Actual Total Time": 1038.768,
          "Actual Rows": 6,
          "Actual Loops": 1,
          "Workers Planned": 5,
          "Workers Launched": 5,
          "Single Copy": false,
          "Plans": [
            {
              "Node Type": "Aggregate",
              "Strategy": "Plain",
              "Partial Mode": "Partial",
              "Parent Relationship": "Outer",
              "Parallel Aware": false,
              "Startup Cost": 251544.43,
              "Total Cost": 251544.44,
              "Plan Rows": 1,
              "Plan Width": 8,
              "Actual Startup Time": 973.246,
              "Actual Total Time": 973.251,
              "Actual Rows": 1,
              "Actual Loops": 6,
              "Plans": [
                {
                  "Node Type": "Hash Join",
                  "Parent Relationship": "Outer",
                  "Parallel Aware": true,
                  "Join Type": "Inner",
                  "Startup Cost": 46385.75,
                  "Total Cost": 250149.25,
                  "Plan Rows": 558071,
                  "Plan Width": 0,
                  "Actual Startup Time": 175.629,
                  "Actual Total Time": 937.957,
                  "Actual Rows": 631237,
                  "Actual Loops": 6,
                  "Inner Unique": true,
                  "Hash Cond": "(mi.movie_id = t.id)",
                  "Plans": [
                    {
                      "Node Type": "Seq Scan",
                      "Parent Relationship": "Outer",
                      "Parallel Aware": true,
                      "Relation Name": "movie_info",
                      "Alias": "mi",
                      "Startup Cost": 0.0,
                      "Total Cost": 199108.24,
                      "Plan Rows": 1773429,
                      "Plan Width": 4,
                      "Actual Startup Time": 19.205,
                      "Actual Total Time": 409.183,
                      "Actual Rows": 1491793,
                      "Actual Loops": 6,
                      "Filter": "(info_type_id > 6)",
                      "Rows Removed by Filter": 980827
                    },
                    {
                      "Node Type": "Hash",
                      "Parent Relationship": "Inner",
                      "Parallel Aware": true,
                      "Startup Cost": 43899.32,
                      "Total Cost": 43899.32,
                      "Plan Rows": 198914,
                      "Plan Width": 4,
                      "Actual Startup Time": 153.616,
                      "Actual Total Time": 153.618,
                      "Actual Rows": 135451,
                      "Actual Loops": 6,
                      "Hash Buckets": 1048576,
                      "Original Hash Buckets": 1048576,
                      "Hash Batches": 1,
                      "Original Hash Batches": 1,
                      "Peak Memory Usage": 40096,
                      "Plans": [
                        {
                          "Node Type": "Seq Scan",
                          "Parent Relationship": "Outer",
                          "Parallel Aware": true,
                          "Relation Name": "title",
                          "Alias": "t",
                          "Startup Cost": 0.0,
                          "Total Cost": 43899.32,
                          "Plan Rows": 198914,
                          "Plan Width": 4,
                          "Actual Startup Time": 0.044,
                          "Actual Total Time": 92.028,
                          "Actual Rows": 135451,
                          "Actual Loops": 6,
                          "Filter": "(production_year < 1995)",
                          "Rows Removed by Filter": 285935
                        }
                      ]
                    }
                  ]
                }
              ]
            }
          ]
        }
      ]
    },
    "Planning Time": 0.35,
    "Triggers": [],
    "Execution Time": 1038.853
  }
]