{
  "Plan": {
    "Node Type": "Aggregate",
    "Strategy": "Plain",
    "Partial Mode": "Finalize",
    "Parallel Aware": false,
    "Startup Cost": 212610.18,
    "Total Cost": 212610.19,
    "Plan Rows": 1,
    "Plan Width": 8,
    "Actual Startup Time": 578.371,
    "Actual Total Time": 600.346,
    "Actual Rows": 1,
    "Actual Loops": 1,
    "Plans": [
      {
        "Node Type": "Gather",
        "Parent Relationship": "Outer",
        "Parallel Aware": false,
        "Startup Cost": 212610.07,
        "Total Cost": 212610.18,
        "Plan Rows": 1,
        "Plan Width": 8,
        "Actual Startup Time": 578.089,
        "Actual Total Time": 600.339,
        "Actual Rows": 2,
        "Actual Loops": 1,
        "Workers Planned": 1,
        "Workers Launched": 1,
        "Single Copy": false,
        "Plans": [
          {
            "Node Type": "Aggregate",
            "Strategy": "Plain",
            "Partial Mode": "Partial",
            "Parent Relationship": "Outer",
            "Parallel Aware": false,
            "Startup Cost": 211610.07,
            "Total Cost": 211610.08,
            "Plan Rows": 1,
            "Plan Width": 8,
            "Actual Startup Time": 571.986,
            "Actual Total Time": 571.992,
            "Actual Rows": 1,
            "Actual Loops": 2,
            "Plans": [
              {
                "Node Type": "Hash Join",
                "Parent Relationship": "Outer",
                "Parallel Aware": true,
                "Join Type": "Inner",
                "Startup Cost": 80481.32,
                "Total Cost": 211604.8,
                "Plan Rows": 2105,
                "Plan Width": 0,
                "Actual Startup Time": 290.81,
                "Actual Total Time": 571.596,
                "Actual Rows": 7728,
                "Actual Loops": 2,
                "Inner Unique": false,
                "Hash Cond": "(ci.movie_id = t.id)",
                "Plans": [
                  {
                    "Node Type": "Index Scan",
                    "Parent Relationship": "Outer",
                    "Parallel Aware": true,
                    "Scan Direction": "Forward",
                    "Index Name": "role_id_cast_info",
                    "Relation Name": "cast_info",
                    "Alias": "ci",
                    "Startup Cost": 0.56,
                    "Total Cost": 130066.5,
                    "Plan Rows": 278712,
                    "Plan Width": 4,
                    "Actual Startup Time": 0.06,
                    "Actual Total Time": 259.602,
                    "Actual Rows": 165868,
                    "Actual Loops": 2,
                    "Index Cond": "(role_id = 3)",
                    "Rows Removed by Index Recheck": 0,
                    "Filter": "(person_id < 419731)",
                    "Rows Removed by Filter": 1838151
                  },
                  {
                    "Node Type": "Hash",
                    "Parent Relationship": "Inner",
                    "Parallel Aware": true,
                    "Startup Cost": 80340.35,
                    "Total Cost": 80340.35,
                    "Plan Rows": 11232,
                    "Plan Width": 8,
                    "Actual Startup Time": 289.535,
                    "Actual Total Time": 289.54,
                    "Actual Rows": 17758,
                    "Actual Loops": 2,
                    "Hash Buckets": 65536,
                    "Original Hash Buckets": 32768,
                    "Hash Batches": 1,
                    "Original Hash Batches": 1,
                    "Peak Memory Usage": 2176,
                    "Plans": [
                      {
                        "Node Type": "Hash Join",
                        "Parent Relationship": "Outer",
                        "Parallel Aware": true,
                        "Join Type": "Inner",
                        "Startup Cost": 20108.78,
                        "Total Cost": 80340.35,
                        "Plan Rows": 11232,
                        "Plan Width": 8,
                        "Actual Startup Time": 27.216,
                        "Actual Total Time": 271.49,
                        "Actual Rows": 17758,
                        "Actual Loops": 2,
                        "Inner Unique": false,
                        "Hash Cond": "(t.id = mc.movie_id)",
                        "Plans": [
                          {
                            "Node Type": "Seq Scan",
                            "Parent Relationship": "Outer",
                            "Parallel Aware": true,
                            "Relation Name": "title",
                            "Alias": "t",
                            "Startup Cost": 0.0,
                            "Total Cost": 50870.31,
                            "Plan Rows": 1487231,
                            "Plan Width": 4,
                            "Actual Startup Time": 0.011,
                            "Actual Total Time": 115.012,
                            "Actual Rows": 1264156,
                            "Actual Loops": 2
                          },
                          {
                            "Node Type": "Hash",
                            "Parent Relationship": "Inner",
                            "Parallel Aware": true,
                            "Startup Cost": 19968.38,
                            "Total Cost": 19968.38,
                            "Plan Rows": 11232,
                            "Plan Width": 4,
                            "Actual Startup Time": 27.022,
                            "Actual Total Time": 27.024,
                            "Actual Rows": 17758,
                            "Actual Loops": 2,
                            "Hash Buckets": 65536,
                            "Original Hash Buckets": 32768,
                            "Hash Batches": 1,
                            "Original Hash Batches": 1,
                            "Peak Memory Usage": 2208,
                            "Plans": [
                              {
                                "Node Type": "Bitmap Heap Scan",
                                "Parent Relationship": "Outer",
                                "Parallel Aware": true,
                                "Relation Name": "movie_companies",
                                "Alias": "mc",
                                "Startup Cost": 836.12,
                                "Total Cost": 19968.38,
                                "Plan Rows": 11232,
                                "Plan Width": 4,
                                "Actual Startup Time": 3.517,
                                "Actual Total Time": 19.455,
                                "Actual Rows": 17758,
                                "Actual Loops": 2,
                                "Recheck Cond": "(company_id = 160)",
                                "Rows Removed by Index Recheck": 0,
                                "Filter": "(company_type_id = 1)",
                                "Rows Removed by Filter": 310,
                                "Exact Heap Blocks": 3801,
                                "Lossy Heap Blocks": 0,
                                "Plans": [
                                  {
                                    "Node Type": "Bitmap Index Scan",
                                    "Parent Relationship": "Outer",
                                    "Parallel Aware": false,
                                    "Index Name": "company_id_movie_companies",
                                    "Startup Cost": 0.0,
                                    "Total Cost": 831.35,
                                    "Plan Rows": 38789,
                                    "Plan Width": 0,
                                    "Actual Startup Time": 5.201,
                                    "Actual Total Time": 5.201,
                                    "Actual Rows": 36136,
                                    "Actual Loops": 1,
                                    "Index Cond": "(company_id = 160)"
                                  }
                                ]
                              }
                            ]
                          }
                        ]
                      }
                    ]
                  }
                ]
              }
            ]
          }
        ]
      }
    ]
  },
  "Planning Time": 0.729,
  "Triggers": [],
  "Execution Time": 600.438
}