{
    "Plan": {
        "Node Type": "Aggregate",
        "Strategy": "Plain",
        "Partial Mode": "Simple",
        "Parallel Aware": false,
        "Startup Cost": 10000193001.44,
        "Total Cost": 10000193001.45,
        "Plan Rows": 1,
        "Plan Width": 8,
        "Actual Startup Time": 2221.356,
        "Actual Total Time": 2221.359,
        "Actual Rows": 1,
        "Actual Loops": 1,
        "Output": [
            "count(*)"
        ],
        "Plans": [
            {
                "Node Type": "Hash Join",
                "Parent Relationship": "Outer",
                "Parallel Aware": false,
                "Join Type": "Inner",
                "Startup Cost": 10000076071.6,
                "Total Cost": 10000192978.49,
                "Plan Rows": 9178,
                "Plan Width": 0,
                "Actual Startup Time": 691.749,
                "Actual Total Time": 2220.402,
                "Actual Rows": 10970,
                "Actual Loops": 1,
                "Inner Unique": false,
                "Hash Cond": "(t.id = mc.movie_id)",
                "Plans": [
                    {
                        "Node Type": "Index Scan",
                        "Parent Relationship": "Outer",
                        "Parallel Aware": false,
                        "Scan Direction": "Forward",
                        "Index Name": "title_pkey",
                        "Relation Name": "title",
                        "Schema": "public",
                        "Alias": "t",
                        "Startup Cost": 10000000000.43,
                        "Total Cost": 10000116662.9,
                        "Plan Rows": 17445,
                        "Plan Width": 4,
                        "Actual Startup Time": 0.777,
                        "Actual Total Time": 1515.364,
                        "Actual Rows": 19440,
                        "Actual Loops": 1,
                        "Output": [
                            "t.id",
                            "t.title",
                            "t.imdb_index",
                            "t.kind_id",
                            "t.production_year",
                            "t.imdb_id",
                            "t.phonetic_code",
                            "t.episode_of_id",
                            "t.season_nr",
                            "t.episode_nr",
                            "t.series_years",
                            "t.md5sum"
                        ],
                        "Filter": "(t.production_year = 1986)",
                        "Rows Removed by Filter": 2508872
                    },
                    {
                        "Node Type": "Hash",
                        "Parent Relationship": "Inner",
                        "Parallel Aware": false,
                        "Startup Cost": 59443.41,
                        "Total Cost": 59443.41,
                        "Plan Rows": 1330221,
                        "Plan Width": 4,
                        "Actual Startup Time": 672.39,
                        "Actual Total Time": 672.392,
                        "Actual Rows": 1334883,
                        "Actual Loops": 1,
                        "Output": [
                            "mc.movie_id"
                        ],
                        "Hash Buckets": 2097152,
                        "Original Hash Buckets": 2097152,
                        "Hash Batches": 1,
                        "Original Hash Batches": 1,
                        "Peak Memory Usage": 63314,
                        "Plans": [
                            {
                                "Node Type": "Bitmap Heap Scan",
                                "Parent Relationship": "Outer",
                                "Parallel Aware": false,
                                "Relation Name": "movie_companies",
                                "Schema": "public",
                                "Alias": "mc",
                                "Startup Cost": 24025.64,
                                "Total Cost": 59443.41,
                                "Plan Rows": 1330221,
                                "Plan Width": 4,
                                "Actual Startup Time": 74.469,
                                "Actual Total Time": 314.254,
                                "Actual Rows": 1334883,
                                "Actual Loops": 1,
                                "Output": [
                                    "mc.movie_id"
                                ],
                                "Recheck Cond": "(mc.company_type_id = 2)",
                                "Rows Removed by Index Recheck": 0,
                                "Exact Heap Blocks": 7614,
                                "Lossy Heap Blocks": 0,
                                "Plans": [
                                    {
                                        "Node Type": "Bitmap Index Scan",
                                        "Parent Relationship": "Outer",
                                        "Parallel Aware": false,
                                        "Index Name": "company_type_id_movie_companies",
                                        "Startup Cost": 0.0,
                                        "Total Cost": 23693.09,
                                        "Plan Rows": 1330221,
                                        "Plan Width": 0,
                                        "Actual Startup Time": 73.042,
                                        "Actual Total Time": 73.042,
                                        "Actual Rows": 1334883,
                                        "Actual Loops": 1,
                                        "Index Cond": "(mc.company_type_id = 2)"
                                    }
                                ]
                            }
                        ]
                    }
                ]
            }
        ]
    },
    "Planning Time": 2.82,
    "Triggers": [],
    "Execution Time": 2223.34
}