[
  {
    "Plan": {
      "Node Type": "Aggregate",
      "Strategy": "Plain",
      "Partial Mode": "Simple",
      "Parallel Aware": false,
      "Startup Cost": 988.02,
      "Total Cost": 988.03,
      "Plan Rows": 1,
      "Plan Width": 8,
      "Actual Startup Time": 7.009,
      "Actual Total Time": 7.01,
      "Actual Rows": 1,
      "Actual Loops": 1,
      "Plans": [
        {
          "Node Type": "Index Scan",
          "Parent Relationship": "Outer",
          "Parallel Aware": false,
          "Scan Direction": "Forward",
          "Index Name": "person_id_cast_info",
          "Relation Name": "cast_info",
          "Alias": "ci",
          "Startup Cost": 0.56,
          "Total Cost": 987.07,
          "Plan Rows": 382,
          "Plan Width": 0,
          "Actual Startup Time": 6.981,
          "Actual Total Time": 7.001,
          "Actual Rows": 90,
          "Actual Loops": 1,
          "Index Cond": "(person_id = 2232499)",
          "Rows Removed by Index Recheck": 0,
          "Filter": "(role_id < 7)",
          "Rows Removed by Filter": 0
        }
      ]
    },
    "Planning Time": 0.086,
    "Triggers": [],
    "Execution Time": 7.029
  }
]