[
  {
    "Plan": {
      "Node Type": "Aggregate",
      "Strategy": "Plain",
      "Partial Mode": "Finalize",
      "Parallel Aware": false,
      "Startup Cost": 9658.08,
      "Total Cost": 9658.09,
      "Plan Rows": 1,
      "Plan Width": 8,
      "Actual Startup Time": 38.313,
      "Actual Total Time": 41.324,
      "Actual Rows": 1,
      "Actual Loops": 1,
      "Plans": [
        {
          "Node Type": "Gather",
          "Parent Relationship": "Outer",
          "Parallel Aware": false,
          "Startup Cost": 9657.76,
          "Total Cost": 9658.07,
          "Plan Rows": 3,
          "Plan Width": 8,
          "Actual Startup Time": 38.211,
          "Actual Total Time": 41.315,
          "Actual Rows": 4,
          "Actual Loops": 1,
          "Workers Planned": 3,
          "Workers Launched": 3,
          "Single Copy": false,
          "Plans": [
            {
              "Node Type": "Aggregate",
              "Strategy": "Plain",
              "Partial Mode": "Partial",
              "Parent Relationship": "Outer",
              "Parallel Aware": false,
              "Startup Cost": 8657.76,
              "Total Cost": 8657.77,
              "Plan Rows": 1,
              "Plan Width": 8,
              "Actual Startup Time": 29.85,
              "Actual Total Time": 29.851,
              "Actual Rows": 1,
              "Actual Loops": 4,
              "Plans": [
                {
                  "Node Type": "Index Scan",
                  "Parent Relationship": "Outer",
                  "Parallel Aware": true,
                  "Scan Direction": "Forward",
                  "Index Name": "role_id_cast_info",
                  "Relation Name": "cast_info",
                  "Alias": "ci",
                  "Startup Cost": 0.56,
                  "Total Cost": 8600.37,
                  "Plan Rows": 22955,
                  "Plan Width": 0,
                  "Actual Startup Time": 0.13,
                  "Actual Total Time": 28.659,
                  "Actual Rows": 8870,
                  "Actual Loops": 4,
                  "Index Cond": "(role_id > 10)",
                  "Rows Removed by Index Recheck": 0,
                  "Filter": "(person_id < 863589)",
                  "Rows Removed by Filter": 70159
                }
              ]
            }
          ]
        }
      ]
    },
    "Planning Time": 0.232,
    "Triggers": [],
    "Execution Time": 41.392
  }
]