{
  "Plan": {
    "Node Type": "Aggregate",
    "Strategy": "Plain",
    "Partial Mode": "Finalize",
    "Parallel Aware": false,
    "Startup Cost": 758352.02,
    "Total Cost": 758352.03,
    "Plan Rows": 1,
    "Plan Width": 8,
    "Actual Startup Time": 9734.783,
    "Actual Total Time": 9789.917,
    "Actual Rows": 1,
    "Actual Loops": 1,
    "Plans": [
      {
        "Node Type": "Gather",
        "Parent Relationship": "Outer",
        "Parallel Aware": false,
        "Startup Cost": 758351.9,
        "Total Cost": 758352.01,
        "Plan Rows": 1,
        "Plan Width": 8,
        "Actual Startup Time": 9724.163,
        "Actual Total Time": 9789.906,
        "Actual Rows": 2,
        "Actual Loops": 1,
        "Workers Planned": 1,
        "Workers Launched": 1,
        "Single Copy": false,
        "Plans": [
          {
            "Node Type": "Aggregate",
            "Strategy": "Plain",
            "Partial Mode": "Partial",
            "Parent Relationship": "Outer",
            "Parallel Aware": false,
            "Startup Cost": 757351.9,
            "Total Cost": 757351.91,
            "Plan Rows": 1,
            "Plan Width": 8,
            "Actual Startup Time": 9716.602,
            "Actual Total Time": 9716.616,
            "Actual Rows": 1,
            "Actual Loops": 2,
            "Plans": [
              {
                "Node Type": "Hash Join",
                "Parent Relationship": "Outer",
                "Parallel Aware": true,
                "Join Type": "Inner",
                "Startup Cost": 423513.85,
                "Total Cost": 741762.23,
                "Plan Rows": 6235871,
                "Plan Width": 0,
                "Actual Startup Time": 2446.392,
                "Actual Total Time": 8125.657,
                "Actual Rows": 32634156,
                "Actual Loops": 2,
                "Inner Unique": false,
                "Hash Cond": "(mi.movie_id = t.id)",
                "Plans": [
                  {
                    "Node Type": "Seq Scan",
                    "Parent Relationship": "Outer",
                    "Parallel Aware": true,
                    "Relation Name": "movie_info",
                    "Alias": "mi",
                    "Startup Cost": 0.0,
                    "Total Cost": 248955.74,
                    "Plan Rows": 8696274,
                    "Plan Width": 4,
                    "Actual Startup Time": 0.02,
                    "Actual Total Time": 692.974,
                    "Actual Rows": 7417860,
                    "Actual Loops": 2
                  },
                  {
                    "Node Type": "Hash",
                    "Parent Relationship": "Inner",
                    "Parallel Aware": true,
                    "Startup Cost": 410183.17,
                    "Total Cost": 410183.17,
                    "Plan Rows": 1066455,
                    "Plan Width": 8,
                    "Actual Startup Time": 2431.664,
                    "Actual Total Time": 2431.668,
                    "Actual Rows": 1320471,
                    "Actual Loops": 2,
                    "Hash Buckets": 4194304,
                    "Original Hash Buckets": 2097152,
                    "Hash Batches": 1,
                    "Original Hash Batches": 1,
                    "Peak Memory Usage": 152480,
                    "Plans": [
                      {
                        "Node Type": "Hash Join",
                        "Parent Relationship": "Outer",
                        "Parallel Aware": true,
                        "Join Type": "Inner",
                        "Startup Cost": 130297.69,
                        "Total Cost": 410183.17,
                        "Plan Rows": 1066455,
                        "Plan Width": 8,
                        "Actual Startup Time": 834.425,
                        "Actual Total Time": 1880.966,
                        "Actual Rows": 1320471,
                        "Actual Loops": 2,
                        "Inner Unique": true,
                        "Hash Cond": "(ci.movie_id = t.id)",
                        "Plans": [
                          {
                            "Node Type": "Bitmap Heap Scan",
                            "Parent Relationship": "Outer",
                            "Parallel Aware": true,
                            "Relation Name": "cast_info",
                            "Alias": "ci",
                            "Startup Cost": 60836.99,
                            "Total Cost": 337923.02,
                            "Plan Rows": 1066455,
                            "Plan Width": 4,
                            "Actual Startup Time": 130.488,
                            "Actual Total Time": 442.911,
                            "Actual Rows": 1320471,
                            "Actual Loops": 2,
                            "Recheck Cond": "(person_id > 3552046)",
                            "Rows Removed by Index Recheck": 0,
                            "Filter": "(role_id > 1)",
                            "Rows Removed by Filter": 0,
                            "Exact Heap Blocks": 19196,
                            "Lossy Heap Blocks": 0,
                            "Plans": [
                              {
                                "Node Type": "Bitmap Index Scan",
                                "Parent Relationship": "Outer",
                                "Parallel Aware": false,
                                "Index Name": "person_id_cast_info",
                                "Startup Cost": 0.0,
                                "Total Cost": 60383.75,
                                "Plan Rows": 2765224,
                                "Plan Width": 0,
                                "Actual Startup Time": 120.592,
                                "Actual Total Time": 120.593,
                                "Actual Rows": 2640942,
                                "Actual Loops": 1,
                                "Index Cond": "(person_id > 3552046)"
                              }
                            ]
                          },
                          {
                            "Node Type": "Hash",
                            "Parent Relationship": "Inner",
                            "Parallel Aware": true,
                            "Startup Cost": 50870.31,
                            "Total Cost": 50870.31,
                            "Plan Rows": 1487231,
                            "Plan Width": 4,
                            "Actual Startup Time": 687.517,
                            "Actual Total Time": 687.518,
                            "Actual Rows": 1264156,
                            "Actual Loops": 2,
                            "Hash Buckets": 4194304,
                            "Original Hash Buckets": 4194304,
                            "Hash Batches": 1,
                            "Original Hash Batches": 1,
                            "Peak Memory Usage": 131680,
                            "Plans": [
                              {
                                "Node Type": "Seq Scan",
                                "Parent Relationship": "Outer",
                                "Parallel Aware": true,
                                "Relation Name": "title",
                                "Alias": "t",
                                "Startup Cost": 0.0,
                                "Total Cost": 50870.31,
                                "Plan Rows": 1487231,
                                "Plan Width": 4,
                                "Actual Startup Time": 0.028,
                                "Actual Total Time": 213.694,
                                "Actual Rows": 1264156,
                                "Actual Loops": 2
                              }
                            ]
                          }
                        ]
                      }
                    ]
                  }
                ]
              }
            ]
          }
        ]
      }
    ]
  },
  "Planning Time": 0.995,
  "Triggers": [],
  "Execution Time": 9790.02
}