[
  {
    "Plan": {
      "Node Type": "Aggregate",
      "Strategy": "Plain",
      "Partial Mode": "Finalize",
      "Parallel Aware": false,
      "Startup Cost": 44902.32,
      "Total Cost": 44902.33,
      "Plan Rows": 1,
      "Plan Width": 8,
      "Actual Startup Time": 83.674,
      "Actual Total Time": 94.903,
      "Actual Rows": 1,
      "Actual Loops": 1,
      "Plans": [
        {
          "Node Type": "Gather",
          "Parent Relationship": "Outer",
          "Parallel Aware": false,
          "Startup Cost": 44901.9,
          "Total Cost": 44902.31,
          "Plan Rows": 4,
          "Plan Width": 8,
          "Actual Startup Time": 83.489,
          "Actual Total Time": 94.892,
          "Actual Rows": 5,
          "Actual Loops": 1,
          "Workers Planned": 4,
          "Workers Launched": 4,
          "Single Copy": false,
          "Plans": [
            {
              "Node Type": "Aggregate",
              "Strategy": "Plain",
              "Partial Mode": "Partial",
              "Parent Relationship": "Outer",
              "Parallel Aware": false,
              "Startup Cost": 43901.9,
              "Total Cost": 43901.91,
              "Plan Rows": 1,
              "Plan Width": 8,
              "Actual Startup Time": 78.072,
              "Actual Total Time": 78.074,
              "Actual Rows": 1,
              "Actual Loops": 5,
              "Plans": [
                {
                  "Node Type": "Seq Scan",
                  "Parent Relationship": "Outer",
                  "Parallel Aware": true,
                  "Relation Name": "title",
                  "Alias": "t",
                  "Startup Cost": 0.0,
                  "Total Cost": 43899.32,
                  "Plan Rows": 1032,
                  "Plan Width": 0,
                  "Actual Startup Time": 0.28,
                  "Actual Total Time": 77.95,
                  "Actual Rows": 953,
                  "Actual Loops": 5,
                  "Filter": "(production_year = 1950)",
                  "Rows Removed by Filter": 504710
                }
              ]
            }
          ]
        }
      ]
    },
    "Planning Time": 0.068,
    "Triggers": [],
    "Execution Time": 94.933
  }
]