{
  "Plan": {
    "Node Type": "Aggregate",
    "Strategy": "Plain",
    "Partial Mode": "Finalize",
    "Parallel Aware": false,
    "Startup Cost": 777872.43,
    "Total Cost": 777872.44,
    "Plan Rows": 1,
    "Plan Width": 8,
    "Actual Startup Time": 7811.655,
    "Actual Total Time": 7869.081,
    "Actual Rows": 1,
    "Actual Loops": 1,
    "Plans": [
      {
        "Node Type": "Gather",
        "Parent Relationship": "Outer",
        "Parallel Aware": false,
        "Startup Cost": 777872.31,
        "Total Cost": 777872.42,
        "Plan Rows": 1,
        "Plan Width": 8,
        "Actual Startup Time": 7806.82,
        "Actual Total Time": 7869.071,
        "Actual Rows": 2,
        "Actual Loops": 1,
        "Workers Planned": 1,
        "Workers Launched": 1,
        "Single Copy": false,
        "Plans": [
          {
            "Node Type": "Aggregate",
            "Strategy": "Plain",
            "Partial Mode": "Partial",
            "Parent Relationship": "Outer",
            "Parallel Aware": false,
            "Startup Cost": 776872.31,
            "Total Cost": 776872.32,
            "Plan Rows": 1,
            "Plan Width": 8,
            "Actual Startup Time": 7799.935,
            "Actual Total Time": 7801.564,
            "Actual Rows": 1,
            "Actual Loops": 2,
            "Plans": [
              {
                "Node Type": "Hash Join",
                "Parent Relationship": "Outer",
                "Parallel Aware": true,
                "Join Type": "Inner",
                "Startup Cost": 132056.0,
                "Total Cost": 758292.16,
                "Plan Rows": 7432062,
                "Plan Width": 0,
                "Actual Startup Time": 1079.494,
                "Actual Total Time": 6876.151,
                "Actual Rows": 21835425,
                "Actual Loops": 2,
                "Inner Unique": false,
                "Hash Cond": "(ci.movie_id = t.id)",
                "Plans": [
                  {
                    "Node Type": "Seq Scan",
                    "Parent Relationship": "Outer",
                    "Parallel Aware": true,
                    "Relation Name": "cast_info",
                    "Alias": "ci",
                    "Startup Cost": 0.0,
                    "Total Cost": 519069.44,
                    "Plan Rows": 16919659,
                    "Plan Width": 4,
                    "Actual Startup Time": 177.697,
                    "Actual Total Time": 1628.666,
                    "Actual Rows": 14291825,
                    "Actual Loops": 2,
                    "Filter": "(person_id > 743257)",
                    "Rows Removed by Filter": 3830347
                  },
                  {
                    "Node Type": "Hash",
                    "Parent Relationship": "Inner",
                    "Parallel Aware": true,
                    "Startup Cost": 123890.06,
                    "Total Cost": 123890.06,
                    "Plan Rows": 653275,
                    "Plan Width": 8,
                    "Actual Startup Time": 887.25,
                    "Actual Total Time": 888.877,
                    "Actual Rows": 755756,
                    "Actual Loops": 2,
                    "Hash Buckets": 2097152,
                    "Original Hash Buckets": 2097152,
                    "Hash Batches": 1,
                    "Original Hash Batches": 1,
                    "Peak Memory Usage": 75552,
                    "Plans": [
                      {
                        "Node Type": "Hash Join",
                        "Parent Relationship": "Outer",
                        "Parallel Aware": true,
                        "Join Type": "Inner",
                        "Startup Cost": 61670.29,
                        "Total Cost": 123890.06,
                        "Plan Rows": 653275,
                        "Plan Width": 8,
                        "Actual Startup Time": 309.229,
                        "Actual Total Time": 739.173,
                        "Actual Rows": 755756,
                        "Actual Loops": 2,
                        "Inner Unique": true,
                        "Hash Cond": "(mk.movie_id = t.id)",
                        "Plans": [
                          {
                            "Node Type": "Seq Scan",
                            "Parent Relationship": "Outer",
                            "Parallel Aware": true,
                            "Relation Name": "movie_keyword",
                            "Alias": "mk",
                            "Startup Cost": 0.0,
                            "Total Cost": 57718.19,
                            "Plan Rows": 1714883,
                            "Plan Width": 4,
                            "Actual Startup Time": 0.017,
                            "Actual Total Time": 201.741,
                            "Actual Rows": 1454768,
                            "Actual Loops": 2,
                            "Filter": "(keyword_id < 9385)",
                            "Rows Removed by Filter": 807196
                          },
                          {
                            "Node Type": "Hash",
                            "Parent Relationship": "Inner",
                            "Parallel Aware": true,
                            "Startup Cost": 54588.39,
                            "Total Cost": 54588.39,
                            "Plan Rows": 566552,
                            "Plan Width": 4,
                            "Actual Startup Time": 304.918,
                            "Actual Total Time": 304.919,
                            "Actual Rows": 485594,
                            "Actual Loops": 2,
                            "Hash Buckets": 1048576,
                            "Original Hash Buckets": 1048576,
                            "Hash Batches": 1,
                            "Original Hash Batches": 1,
                            "Peak Memory Usage": 46240,
                            "Plans": [
                              {
                                "Node Type": "Seq Scan",
                                "Parent Relationship": "Outer",
                                "Parallel Aware": true,
                                "Relation Name": "title",
                                "Alias": "t",
                                "Startup Cost": 0.0,
                                "Total Cost": 54588.39,
                                "Plan Rows": 566552,
                                "Plan Width": 4,
                                "Actual Startup Time": 0.034,
                                "Actual Total Time": 160.488,
                                "Actual Rows": 485594,
                                "Actual Loops": 2,
                                "Filter": "(production_year < 1999)",
                                "Rows Removed by Filter": 778562
                              }
                            ]
                          }
                        ]
                      }
                    ]
                  }
                ]
              }
            ]
          }
        ]
      }
    ]
  },
  "Planning Time": 0.973,
  "Triggers": [],
  "Execution Time": 7869.17
}