[
  {
    "Plan": {
      "Node Type": "Aggregate",
      "Strategy": "Plain",
      "Partial Mode": "Finalize",
      "Parallel Aware": false,
      "Startup Cost": 397624.37,
      "Total Cost": 397624.38,
      "Plan Rows": 1,
      "Plan Width": 8,
      "Actual Startup Time": 893.379,
      "Actual Total Time": 959.385,
      "Actual Rows": 1,
      "Actual Loops": 1,
      "Plans": [
        {
          "Node Type": "Gather",
          "Parent Relationship": "Outer",
          "Parallel Aware": false,
          "Startup Cost": 397623.74,
          "Total Cost": 397624.35,
          "Plan Rows": 6,
          "Plan Width": 8,
          "Actual Startup Time": 890.226,
          "Actual Total Time": 959.374,
          "Actual Rows": 7,
          "Actual Loops": 1,
          "Workers Planned": 6,
          "Workers Launched": 6,
          "Single Copy": false,
          "Plans": [
            {
              "Node Type": "Aggregate",
              "Strategy": "Plain",
              "Partial Mode": "Partial",
              "Parent Relationship": "Outer",
              "Parallel Aware": false,
              "Startup Cost": 396623.74,
              "Total Cost": 396623.75,
              "Plan Rows": 1,
              "Plan Width": 8,
              "Actual Startup Time": 878.894,
              "Actual Total Time": 878.897,
              "Actual Rows": 1,
              "Actual Loops": 7,
              "Plans": [
                {
                  "Node Type": "Hash Join",
                  "Parent Relationship": "Outer",
                  "Parallel Aware": true,
                  "Join Type": "Inner",
                  "Startup Cost": 47224.09,
                  "Total Cost": 395556.24,
                  "Plan Rows": 427002,
                  "Plan Width": 0,
                  "Actual Startup Time": 327.397,
                  "Actual Total Time": 873.201,
                  "Actual Rows": 129274,
                  "Actual Loops": 7,
                  "Inner Unique": true,
                  "Hash Cond": "(ci.movie_id = t.id)",
                  "Plans": [
                    {
                      "Node Type": "Seq Scan",
                      "Parent Relationship": "Outer",
                      "Parallel Aware": true,
                      "Relation Name": "cast_info",
                      "Alias": "ci",
                      "Startup Cost": 0.0,
                      "Total Cost": 343257.03,
                      "Plan Rows": 1933375,
                      "Plan Width": 4,
                      "Actual Startup Time": 209.987,
                      "Actual Total Time": 600.837,
                      "Actual Rows": 724268,
                      "Actual Loops": 7,
                      "Filter": "((person_id < 1756907) AND (role_id > 1))",
                      "Rows Removed by Filter": 4453495
                    },
                    {
                      "Node Type": "Hash",
                      "Parent Relationship": "Inner",
                      "Parallel Aware": true,
                      "Startup Cost": 45479.1,
                      "Total Cost": 45479.1,
                      "Plan Rows": 139599,
                      "Plan Width": 4,
                      "Actual Startup Time": 113.806,
                      "Actual Total Time": 113.807,
                      "Actual Rows": 64891,
                      "Actual Loops": 7,
                      "Hash Buckets": 1048576,
                      "Original Hash Buckets": 1048576,
                      "Hash Batches": 1,
                      "Original Hash Batches": 1,
                      "Peak Memory Usage": 26080,
                      "Plans": [
                        {
                          "Node Type": "Seq Scan",
                          "Parent Relationship": "Outer",
                          "Parallel Aware": true,
                          "Relation Name": "title",
                          "Alias": "t",
                          "Startup Cost": 0.0,
                          "Total Cost": 45479.1,
                          "Plan Rows": 139599,
                          "Plan Width": 4,
                          "Actual Startup Time": 0.037,
                          "Actual Total Time": 77.654,
                          "Actual Rows": 64891,
                          "Actual Loops": 7,
                          "Filter": "((production_year < 1998) AND (kind_id = 7))",
                          "Rows Removed by Filter": 296297
                        }
                      ]
                    }
                  ]
                }
              ]
            }
          ]
        }
      ]
    },
    "Planning Time": 0.631,
    "Triggers": [],
    "Execution Time": 959.471
  }
]