[
  {
    "Plan": {
      "Node Type": "Aggregate",
      "Strategy": "Plain",
      "Partial Mode": "Finalize",
      "Parallel Aware": false,
      "Startup Cost": 351078.95,
      "Total Cost": 351078.96,
      "Plan Rows": 1,
      "Plan Width": 8,
      "Actual Startup Time": 892.671,
      "Actual Total Time": 941.105,
      "Actual Rows": 1,
      "Actual Loops": 1,
      "Plans": [
        {
          "Node Type": "Gather",
          "Parent Relationship": "Outer",
          "Parallel Aware": false,
          "Startup Cost": 351078.32,
          "Total Cost": 351078.93,
          "Plan Rows": 6,
          "Plan Width": 8,
          "Actual Startup Time": 892.482,
          "Actual Total Time": 941.091,
          "Actual Rows": 7,
          "Actual Loops": 1,
          "Workers Planned": 6,
          "Workers Launched": 6,
          "Single Copy": false,
          "Plans": [
            {
              "Node Type": "Aggregate",
              "Strategy": "Plain",
              "Partial Mode": "Partial",
              "Parent Relationship": "Outer",
              "Parallel Aware": false,
              "Startup Cost": 350078.32,
              "Total Cost": 350078.33,
              "Plan Rows": 1,
              "Plan Width": 8,
              "Actual Startup Time": 881.897,
              "Actual Total Time": 881.898,
              "Actual Rows": 1,
              "Actual Loops": 7,
              "Plans": [
                {
                  "Node Type": "Seq Scan",
                  "Parent Relationship": "Outer",
                  "Parallel Aware": true,
                  "Relation Name": "cast_info",
                  "Alias": "ci",
                  "Startup Cost": 0.0,
                  "Total Cost": 343316.27,
                  "Plan Rows": 2704821,
                  "Plan Width": 0,
                  "Actual Startup Time": 0.064,
                  "Actual Total Time": 738.118,
                  "Actual Rows": 2572973,
                  "Actual Loops": 7,
                  "Filter": "((person_id < 1874941) AND (role_id < 10))",
                  "Rows Removed by Filter": 2604790
                }
              ]
            }
          ]
        }
      ]
    },
    "Planning Time": 0.209,
    "Triggers": [],
    "Execution Time": 941.173
  }
]