[
  {
    "Plan": {
      "Node Type": "Aggregate",
      "Strategy": "Plain",
      "Partial Mode": "Finalize",
      "Parallel Aware": false,
      "Startup Cost": 351063.47,
      "Total Cost": 351063.48,
      "Plan Rows": 1,
      "Plan Width": 8,
      "Actual Startup Time": 831.784,
      "Actual Total Time": 892.961,
      "Actual Rows": 1,
      "Actual Loops": 1,
      "Plans": [
        {
          "Node Type": "Gather",
          "Parent Relationship": "Outer",
          "Parallel Aware": false,
          "Startup Cost": 351062.85,
          "Total Cost": 351063.46,
          "Plan Rows": 6,
          "Plan Width": 8,
          "Actual Startup Time": 831.644,
          "Actual Total Time": 892.95,
          "Actual Rows": 7,
          "Actual Loops": 1,
          "Workers Planned": 6,
          "Workers Launched": 6,
          "Single Copy": false,
          "Plans": [
            {
              "Node Type": "Aggregate",
              "Strategy": "Plain",
              "Partial Mode": "Partial",
              "Parent Relationship": "Outer",
              "Parallel Aware": false,
              "Startup Cost": 350062.85,
              "Total Cost": 350062.86,
              "Plan Rows": 1,
              "Plan Width": 8,
              "Actual Startup Time": 821.739,
              "Actual Total Time": 821.74,
              "Actual Rows": 1,
              "Actual Loops": 7,
              "Plans": [
                {
                  "Node Type": "Seq Scan",
                  "Parent Relationship": "Outer",
                  "Parallel Aware": true,
                  "Relation Name": "cast_info",
                  "Alias": "ci",
                  "Startup Cost": 0.0,
                  "Total Cost": 343257.03,
                  "Plan Rows": 2722328,
                  "Plan Width": 0,
                  "Actual Startup Time": 0.058,
                  "Actual Total Time": 702.97,
                  "Actual Rows": 2572973,
                  "Actual Loops": 7,
                  "Filter": "((person_id < 1874941) AND (role_id < 10))",
                  "Rows Removed by Filter": 2604790
                }
              ]
            }
          ]
        }
      ]
    },
    "Planning Time": 0.223,
    "Triggers": [],
    "Execution Time": 893.033
  }
]