[
    {
        "Bao": {
            "Bao prediction": "NaN",
            "Bao recommended hint": "(no hint)"
        }
    },
    {
        "Plan": {
            "Node Type": "Aggregate",
            "Strategy": "Plain",
            "Partial Mode": "Finalize",
            "Parallel Aware": false,
            "Startup Cost": 351687.1,
            "Total Cost": 351687.11,
            "Plan Rows": 1,
            "Plan Width": 8,
            "Actual Startup Time": 816.726,
            "Actual Total Time": 860.218,
            "Actual Rows": 1,
            "Actual Loops": 1,
            "Output": [
                "count(*)"
            ],
            "Plans": [
                {
                    "Node Type": "Gather",
                    "Parent Relationship": "Outer",
                    "Parallel Aware": false,
                    "Startup Cost": 351686.47,
                    "Total Cost": 351687.08,
                    "Plan Rows": 6,
                    "Plan Width": 8,
                    "Actual Startup Time": 816.588,
                    "Actual Total Time": 860.21,
                    "Actual Rows": 7,
                    "Actual Loops": 1,
                    "Output": [
                        "(PARTIAL count(*))"
                    ],
                    "Workers Planned": 6,
                    "Workers Launched": 6,
                    "Single Copy": false,
                    "Plans": [
                        {
                            "Node Type": "Aggregate",
                            "Strategy": "Plain",
                            "Partial Mode": "Partial",
                            "Parent Relationship": "Outer",
                            "Parallel Aware": false,
                            "Startup Cost": 350686.47,
                            "Total Cost": 350686.48,
                            "Plan Rows": 1,
                            "Plan Width": 8,
                            "Actual Startup Time": 806.895,
                            "Actual Total Time": 806.896,
                            "Actual Rows": 1,
                            "Actual Loops": 7,
                            "Output": [
                                "PARTIAL count(*)"
                            ],
                            "Workers": [
                                {
                                    "Worker Number": 0,
                                    "Actual Startup Time": 804.617,
                                    "Actual Total Time": 804.618,
                                    "Actual Rows": 1,
                                    "Actual Loops": 1
                                },
                                {
                                    "Worker Number": 1,
                                    "Actual Startup Time": 805.118,
                                    "Actual Total Time": 805.119,
                                    "Actual Rows": 1,
                                    "Actual Loops": 1
                                },
                                {
                                    "Worker Number": 2,
                                    "Actual Startup Time": 805.161,
                                    "Actual Total Time": 805.163,
                                    "Actual Rows": 1,
                                    "Actual Loops": 1
                                },
                                {
                                    "Worker Number": 3,
                                    "Actual Startup Time": 805.178,
                                    "Actual Total Time": 805.179,
                                    "Actual Rows": 1,
                                    "Actual Loops": 1
                                },
                                {
                                    "Worker Number": 4,
                                    "Actual Startup Time": 805.854,
                                    "Actual Total Time": 805.856,
                                    "Actual Rows": 1,
                                    "Actual Loops": 1
                                },
                                {
                                    "Worker Number": 5,
                                    "Actual Startup Time": 806.071,
                                    "Actual Total Time": 806.071,
                                    "Actual Rows": 1,
                                    "Actual Loops": 1
                                }
                            ],
                            "Plans": [
                                {
                                    "Node Type": "Seq Scan",
                                    "Parent Relationship": "Outer",
                                    "Parallel Aware": true,
                                    "Relation Name": "cast_info",
                                    "Schema": "public",
                                    "Alias": "ci",
                                    "Startup Cost": 0.0,
                                    "Total Cost": 343318.94,
                                    "Plan Rows": 2947014,
                                    "Plan Width": 0,
                                    "Actual Startup Time": 211.103,
                                    "Actual Total Time": 669.068,
                                    "Actual Rows": 3006028,
                                    "Actual Loops": 7,
                                    "Output": [
                                        "id",
                                        "person_id",
                                        "movie_id",
                                        "person_role_id",
                                        "note",
                                        "nr_order",
                                        "role_id"
                                    ],
                                    "Filter": "((ci.person_id > 891135) AND (ci.role_id > 1))",
                                    "Rows Removed by Filter": 2171735,
                                    "Workers": [
                                        {
                                            "Worker Number": 0,
                                            "Actual Startup Time": 208.818,
                                            "Actual Total Time": 666.649,
                                            "Actual Rows": 2087134,
                                            "Actual Loops": 1
                                        },
                                        {
                                            "Worker Number": 1,
                                            "Actual Startup Time": 209.335,
                                            "Actual Total Time": 669.283,
                                            "Actual Rows": 3222574,
                                            "Actual Loops": 1
                                        },
                                        {
                                            "Worker Number": 2,
                                            "Actual Startup Time": 209.385,
                                            "Actual Total Time": 666.628,
                                            "Actual Rows": 2095598,
                                            "Actual Loops": 1
                                        },
                                        {
                                            "Worker Number": 3,
                                            "Actual Startup Time": 209.411,
                                            "Actual Total Time": 669.872,
                                            "Actual Rows": 3207783,
                                            "Actual Loops": 1
                                        },
                                        {
                                            "Worker Number": 4,
                                            "Actual Startup Time": 210.045,
                                            "Actual Total Time": 673.679,
                                            "Actual Rows": 3236713,
                                            "Actual Loops": 1
                                        },
                                        {
                                            "Worker Number": 5,
                                            "Actual Startup Time": 210.274,
                                            "Actual Total Time": 674.041,
                                            "Actual Rows": 3234454,
                                            "Actual Loops": 1
                                        }
                                    ]
                                }
                            ]
                        }
                    ]
                }
            ]
        },
        "Planning Time": 179.902,
        "Triggers": [],
        "Execution Time": 860.274
    }
]