{
  "Plan": {
    "Node Type": "Aggregate",
    "Strategy": "Plain",
    "Partial Mode": "Finalize",
    "Parallel Aware": false,
    "Startup Cost": 131499.37,
    "Total Cost": 131499.38,
    "Plan Rows": 1,
    "Plan Width": 8,
    "Actual Startup Time": 867.441,
    "Actual Total Time": 891.502,
    "Actual Rows": 1,
    "Actual Loops": 1,
    "Plans": [
      {
        "Node Type": "Gather",
        "Parent Relationship": "Outer",
        "Parallel Aware": false,
        "Startup Cost": 131499.25,
        "Total Cost": 131499.36,
        "Plan Rows": 1,
        "Plan Width": 8,
        "Actual Startup Time": 861.005,
        "Actual Total Time": 891.494,
        "Actual Rows": 2,
        "Actual Loops": 1,
        "Workers Planned": 1,
        "Workers Launched": 1,
        "Single Copy": false,
        "Plans": [
          {
            "Node Type": "Aggregate",
            "Strategy": "Plain",
            "Partial Mode": "Partial",
            "Parent Relationship": "Outer",
            "Parallel Aware": false,
            "Startup Cost": 130499.25,
            "Total Cost": 130499.26,
            "Plan Rows": 1,
            "Plan Width": 8,
            "Actual Startup Time": 854.618,
            "Actual Total Time": 854.624,
            "Actual Rows": 1,
            "Actual Loops": 2,
            "Plans": [
              {
                "Node Type": "Hash Join",
                "Parent Relationship": "Outer",
                "Parallel Aware": true,
                "Join Type": "Inner",
                "Startup Cost": 111009.53,
                "Total Cost": 130378.6,
                "Plan Rows": 48262,
                "Plan Width": 0,
                "Actual Startup Time": 745.512,
                "Actual Total Time": 848.414,
                "Actual Rows": 157972,
                "Actual Loops": 2,
                "Inner Unique": false,
                "Hash Cond": "(mi_idx.movie_id = t.id)",
                "Plans": [
                  {
                    "Node Type": "Seq Scan",
                    "Parent Relationship": "Outer",
                    "Parallel Aware": true,
                    "Relation Name": "movie_info_idx",
                    "Alias": "mi_idx",
                    "Startup Cost": 0.0,
                    "Total Cost": 18082.32,
                    "Plan Rows": 267429,
                    "Plan Width": 4,
                    "Actual Startup Time": 0.033,
                    "Actual Total Time": 49.931,
                    "Actual Rows": 229962,
                    "Actual Loops": 2,
                    "Filter": "(info_type_id = 99)",
                    "Rows Removed by Filter": 460055
                  },
                  {
                    "Node Type": "Hash",
                    "Parent Relationship": "Inner",
                    "Parallel Aware": true,
                    "Startup Cost": 107654.63,
                    "Total Cost": 107654.63,
                    "Plan Rows": 268392,
                    "Plan Width": 8,
                    "Actual Startup Time": 739.606,
                    "Actual Total Time": 739.611,
                    "Actual Rows": 236272,
                    "Actual Loops": 2,
                    "Hash Buckets": 524288,
                    "Original Hash Buckets": 524288,
                    "Hash Batches": 1,
                    "Original Hash Batches": 1,
                    "Peak Memory Usage": 22624,
                    "Plans": [
                      {
                        "Node Type": "Hash Join",
                        "Parent Relationship": "Outer",
                        "Parallel Aware": true,
                        "Join Type": "Inner",
                        "Startup Cost": 79141.2,
                        "Total Cost": 107654.63,
                        "Plan Rows": 268392,
                        "Plan Width": 8,
                        "Actual Startup Time": 547.48,
                        "Actual Total Time": 691.912,
                        "Actual Rows": 236272,
                        "Actual Loops": 2,
                        "Inner Unique": true,
                        "Hash Cond": "(mk.movie_id = t.id)",
                        "Plans": [
                          {
                            "Node Type": "Bitmap Heap Scan",
                            "Parent Relationship": "Outer",
                            "Parallel Aware": true,
                            "Relation Name": "movie_keyword",
                            "Alias": "mk",
                            "Startup Cost": 9680.5,
                            "Total Cost": 37489.41,
                            "Plan Rows": 268392,
                            "Plan Width": 4,
                            "Actual Startup Time": 25.49,
                            "Actual Total Time": 90.186,
                            "Actual Rows": 236272,
                            "Actual Loops": 2,
                            "Recheck Cond": "(keyword_id < 359)",
                            "Rows Removed by Index Recheck": 0,
                            "Exact Heap Blocks": 13310,
                            "Lossy Heap Blocks": 0,
                            "Plans": [
                              {
                                "Node Type": "Bitmap Index Scan",
                                "Parent Relationship": "Outer",
                                "Parallel Aware": false,
                                "Index Name": "keyword_id_movie_keyword",
                                "Startup Cost": 0.0,
                                "Total Cost": 9566.44,
                                "Plan Rows": 456267,
                                "Plan Width": 0,
                                "Actual Startup Time": 21.905,
                                "Actual Total Time": 21.906,
                                "Actual Rows": 472545,
                                "Actual Loops": 1,
                                "Index Cond": "(keyword_id < 359)"
                              }
                            ]
                          },
                          {
                            "Node Type": "Hash",
                            "Parent Relationship": "Inner",
                            "Parallel Aware": true,
                            "Startup Cost": 50870.31,
                            "Total Cost": 50870.31,
                            "Plan Rows": 1487231,
                            "Plan Width": 4,
                            "Actual Startup Time": 503.983,
                            "Actual Total Time": 503.984,
                            "Actual Rows": 1264156,
                            "Actual Loops": 2,
                            "Hash Buckets": 4194304,
                            "Original Hash Buckets": 4194304,
                            "Hash Batches": 1,
                            "Original Hash Batches": 1,
                            "Peak Memory Usage": 131712,
                            "Plans": [
                              {
                                "Node Type": "Seq Scan",
                                "Parent Relationship": "Outer",
                                "Parallel Aware": true,
                                "Relation Name": "title",
                                "Alias": "t",
                                "Startup Cost": 0.0,
                                "Total Cost": 50870.31,
                                "Plan Rows": 1487231,
                                "Plan Width": 4,
                                "Actual Startup Time": 0.039,
                                "Actual Total Time": 151.093,
                                "Actual Rows": 1264156,
                                "Actual Loops": 2
                              }
                            ]
                          }
                        ]
                      }
                    ]
                  }
                ]
              }
            ]
          }
        ]
      }
    ]
  },
  "Planning Time": 0.977,
  "Triggers": [],
  "Execution Time": 891.604
}