[
  {
    "Plan": {
      "Node Type": "Aggregate",
      "Strategy": "Plain",
      "Partial Mode": "Finalize",
      "Parallel Aware": false,
      "Startup Cost": 393644.59,
      "Total Cost": 393644.6,
      "Plan Rows": 1,
      "Plan Width": 8,
      "Actual Startup Time": 1108.428,
      "Actual Total Time": 1189.609,
      "Actual Rows": 1,
      "Actual Loops": 1,
      "Plans": [
        {
          "Node Type": "Gather",
          "Parent Relationship": "Outer",
          "Parallel Aware": false,
          "Startup Cost": 393643.96,
          "Total Cost": 393644.57,
          "Plan Rows": 6,
          "Plan Width": 8,
          "Actual Startup Time": 1102.033,
          "Actual Total Time": 1189.598,
          "Actual Rows": 7,
          "Actual Loops": 1,
          "Workers Planned": 6,
          "Workers Launched": 6,
          "Single Copy": false,
          "Plans": [
            {
              "Node Type": "Aggregate",
              "Strategy": "Plain",
              "Partial Mode": "Partial",
              "Parent Relationship": "Outer",
              "Parallel Aware": false,
              "Startup Cost": 392643.96,
              "Total Cost": 392643.97,
              "Plan Rows": 1,
              "Plan Width": 8,
              "Actual Startup Time": 1089.832,
              "Actual Total Time": 1089.835,
              "Actual Rows": 1,
              "Actual Loops": 7,
              "Plans": [
                {
                  "Node Type": "Hash Join",
                  "Parent Relationship": "Outer",
                  "Parallel Aware": true,
                  "Join Type": "Inner",
                  "Startup Cost": 46212.57,
                  "Total Cost": 391964.76,
                  "Plan Rows": 271679,
                  "Plan Width": 0,
                  "Actual Startup Time": 552.289,
                  "Actual Total Time": 1080.32,
                  "Actual Rows": 142614,
                  "Actual Loops": 7,
                  "Inner Unique": true,
                  "Hash Cond": "(ci.movie_id = t.id)",
                  "Plans": [
                    {
                      "Node Type": "Seq Scan",
                      "Parent Relationship": "Outer",
                      "Parallel Aware": true,
                      "Relation Name": "cast_info",
                      "Alias": "ci",
                      "Startup Cost": 0.0,
                      "Total Cost": 343316.27,
                      "Plan Rows": 927970,
                      "Plan Width": 4,
                      "Actual Startup Time": 392.809,
                      "Actual Total Time": 742.24,
                      "Actual Rows": 503285,
                      "Actual Loops": 7,
                      "Filter": "((person_id < 1253428) AND (role_id > 2))",
                      "Rows Removed by Filter": 4674478
                    },
                    {
                      "Node Type": "Hash",
                      "Parent Relationship": "Inner",
                      "Parallel Aware": true,
                      "Startup Cost": 43899.32,
                      "Total Cost": 43899.32,
                      "Plan Rows": 185060,
                      "Plan Width": 4,
                      "Actual Startup Time": 155.643,
                      "Actual Total Time": 155.644,
                      "Actual Rows": 107986,
                      "Actual Loops": 7,
                      "Hash Buckets": 1048576,
                      "Original Hash Buckets": 1048576,
                      "Hash Batches": 1,
                      "Original Hash Batches": 1,
                      "Peak Memory Usage": 37920,
                      "Plans": [
                        {
                          "Node Type": "Seq Scan",
                          "Parent Relationship": "Outer",
                          "Parallel Aware": true,
                          "Relation Name": "title",
                          "Alias": "t",
                          "Startup Cost": 0.0,
                          "Total Cost": 43899.32,
                          "Plan Rows": 185060,
                          "Plan Width": 4,
                          "Actual Startup Time": 0.062,
                          "Actual Total Time": 92.932,
                          "Actual Rows": 107986,
                          "Actual Loops": 7,
                          "Filter": "(production_year < 1993)",
                          "Rows Removed by Filter": 253201
                        }
                      ]
                    }
                  ]
                }
              ]
            }
          ]
        }
      ]
    },
    "Planning Time": 0.609,
    "Triggers": [],
    "Execution Time": 1189.7
  }
]