[
  {
    "Plan": {
      "Node Type": "Aggregate",
      "Strategy": "Plain",
      "Partial Mode": "Finalize",
      "Parallel Aware": false,
      "Startup Cost": 393735.55,
      "Total Cost": 393735.56,
      "Plan Rows": 1,
      "Plan Width": 8,
      "Actual Startup Time": 903.837,
      "Actual Total Time": 961.905,
      "Actual Rows": 1,
      "Actual Loops": 1,
      "Plans": [
        {
          "Node Type": "Gather",
          "Parent Relationship": "Outer",
          "Parallel Aware": false,
          "Startup Cost": 393734.92,
          "Total Cost": 393735.53,
          "Plan Rows": 6,
          "Plan Width": 8,
          "Actual Startup Time": 897.484,
          "Actual Total Time": 961.895,
          "Actual Rows": 7,
          "Actual Loops": 1,
          "Workers Planned": 6,
          "Workers Launched": 6,
          "Single Copy": false,
          "Plans": [
            {
              "Node Type": "Aggregate",
              "Strategy": "Plain",
              "Partial Mode": "Partial",
              "Parent Relationship": "Outer",
              "Parallel Aware": false,
              "Startup Cost": 392734.92,
              "Total Cost": 392734.93,
              "Plan Rows": 1,
              "Plan Width": 8,
              "Actual Startup Time": 886.602,
              "Actual Total Time": 886.605,
              "Actual Rows": 1,
              "Actual Loops": 7,
              "Plans": [
                {
                  "Node Type": "Hash Join",
                  "Parent Relationship": "Outer",
                  "Parallel Aware": true,
                  "Join Type": "Inner",
                  "Startup Cost": 46250.33,
                  "Total Cost": 392022.13,
                  "Plan Rows": 285116,
                  "Plan Width": 0,
                  "Actual Startup Time": 460.58,
                  "Actual Total Time": 879.767,
                  "Actual Rows": 142614,
                  "Actual Loops": 7,
                  "Inner Unique": true,
                  "Hash Cond": "(ci.movie_id = t.id)",
                  "Plans": [
                    {
                      "Node Type": "Seq Scan",
                      "Parent Relationship": "Outer",
                      "Parallel Aware": true,
                      "Relation Name": "cast_info",
                      "Alias": "ci",
                      "Startup Cost": 0.0,
                      "Total Cost": 343257.03,
                      "Plan Rows": 958009,
                      "Plan Width": 4,
                      "Actual Startup Time": 324.767,
                      "Actual Total Time": 591.196,
                      "Actual Rows": 503285,
                      "Actual Loops": 7,
                      "Filter": "((person_id < 1253428) AND (role_id > 2))",
                      "Rows Removed by Filter": 4674478
                    },
                    {
                      "Node Type": "Hash",
                      "Parent Relationship": "Inner",
                      "Parallel Aware": true,
                      "Startup Cost": 43898.92,
                      "Total Cost": 43898.92,
                      "Plan Rows": 188113,
                      "Plan Width": 4,
                      "Actual Startup Time": 132.317,
                      "Actual Total Time": 132.318,
                      "Actual Rows": 107986,
                      "Actual Loops": 7,
                      "Hash Buckets": 1048576,
                      "Original Hash Buckets": 1048576,
                      "Hash Batches": 1,
                      "Original Hash Batches": 1,
                      "Peak Memory Usage": 37856,
                      "Plans": [
                        {
                          "Node Type": "Seq Scan",
                          "Parent Relationship": "Outer",
                          "Parallel Aware": true,
                          "Relation Name": "title",
                          "Alias": "t",
                          "Startup Cost": 0.0,
                          "Total Cost": 43898.92,
                          "Plan Rows": 188113,
                          "Plan Width": 4,
                          "Actual Startup Time": 0.04,
                          "Actual Total Time": 77.748,
                          "Actual Rows": 107986,
                          "Actual Loops": 7,
                          "Filter": "(production_year < 1993)",
                          "Rows Removed by Filter": 253201
                        }
                      ]
                    }
                  ]
                }
              ]
            }
          ]
        }
      ]
    },
    "Planning Time": 0.643,
    "Triggers": [],
    "Execution Time": 961.993
  }
]