[
  {
    "Plan": {
      "Node Type": "Aggregate",
      "Strategy": "Plain",
      "Partial Mode": "Finalize",
      "Parallel Aware": false,
      "Startup Cost": 26750.98,
      "Total Cost": 26750.99,
      "Plan Rows": 1,
      "Plan Width": 8,
      "Actual Startup Time": 72.552,
      "Actual Total Time": 78.009,
      "Actual Rows": 1,
      "Actual Loops": 1,
      "Plans": [
        {
          "Node Type": "Gather",
          "Parent Relationship": "Outer",
          "Parallel Aware": false,
          "Startup Cost": 26750.66,
          "Total Cost": 26750.97,
          "Plan Rows": 3,
          "Plan Width": 8,
          "Actual Startup Time": 72.353,
          "Actual Total Time": 77.986,
          "Actual Rows": 4,
          "Actual Loops": 1,
          "Workers Planned": 3,
          "Workers Launched": 3,
          "Single Copy": false,
          "Plans": [
            {
              "Node Type": "Aggregate",
              "Strategy": "Plain",
              "Partial Mode": "Partial",
              "Parent Relationship": "Outer",
              "Parallel Aware": false,
              "Startup Cost": 25750.66,
              "Total Cost": 25750.67,
              "Plan Rows": 1,
              "Plan Width": 8,
              "Actual Startup Time": 63.655,
              "Actual Total Time": 63.657,
              "Actual Rows": 1,
              "Actual Loops": 4,
              "Plans": [
                {
                  "Node Type": "Bitmap Heap Scan",
                  "Parent Relationship": "Outer",
                  "Parallel Aware": true,
                  "Relation Name": "movie_companies",
                  "Alias": "mc",
                  "Startup Cost": 5690.62,
                  "Total Cost": 25538.99,
                  "Plan Rows": 84670,
                  "Plan Width": 0,
                  "Actual Startup Time": 24.557,
                  "Actual Total Time": 57.551,
                  "Actual Rows": 64473,
                  "Actual Loops": 4,
                  "Recheck Cond": "(company_id > 99779)",
                  "Rows Removed by Index Recheck": 0,
                  "Exact Heap Blocks": 2070,
                  "Lossy Heap Blocks": 0,
                  "Plans": [
                    {
                      "Node Type": "Bitmap Index Scan",
                      "Parent Relationship": "Outer",
                      "Parallel Aware": false,
                      "Index Name": "company_id_movie_companies",
                      "Startup Cost": 0.0,
                      "Total Cost": 5625.0,
                      "Plan Rows": 262476,
                      "Plan Width": 0,
                      "Actual Startup Time": 31.048,
                      "Actual Total Time": 31.048,
                      "Actual Rows": 257893,
                      "Actual Loops": 1,
                      "Index Cond": "(company_id > 99779)"
                    }
                  ]
                }
              ]
            }
          ]
        }
      ]
    },
    "Planning Time": 0.1,
    "Triggers": [],
    "Execution Time": 78.069
  }
]