{
  "Plan": {
    "Node Type": "Aggregate",
    "Strategy": "Plain",
    "Partial Mode": "Finalize",
    "Parallel Aware": false,
    "Startup Cost": 336821.21,
    "Total Cost": 336821.22,
    "Plan Rows": 1,
    "Plan Width": 8,
    "Actual Startup Time": 1710.136,
    "Actual Total Time": 1759.752,
    "Actual Rows": 1,
    "Actual Loops": 1,
    "Plans": [
      {
        "Node Type": "Gather",
        "Parent Relationship": "Outer",
        "Parallel Aware": false,
        "Startup Cost": 336821.1,
        "Total Cost": 336821.21,
        "Plan Rows": 1,
        "Plan Width": 8,
        "Actual Startup Time": 1709.382,
        "Actual Total Time": 1759.744,
        "Actual Rows": 2,
        "Actual Loops": 1,
        "Workers Planned": 1,
        "Workers Launched": 1,
        "Single Copy": false,
        "Plans": [
          {
            "Node Type": "Aggregate",
            "Strategy": "Plain",
            "Partial Mode": "Partial",
            "Parent Relationship": "Outer",
            "Parallel Aware": false,
            "Startup Cost": 335821.1,
            "Total Cost": 335821.11,
            "Plan Rows": 1,
            "Plan Width": 8,
            "Actual Startup Time": 1703.569,
            "Actual Total Time": 1703.572,
            "Actual Rows": 1,
            "Actual Loops": 2,
            "Plans": [
              {
                "Node Type": "Hash Join",
                "Parent Relationship": "Outer",
                "Parallel Aware": true,
                "Join Type": "Inner",
                "Startup Cost": 60948.21,
                "Total Cost": 332731.69,
                "Plan Rows": 1235763,
                "Plan Width": 0,
                "Actual Startup Time": 181.791,
                "Actual Total Time": 1680.117,
                "Actual Rows": 556077,
                "Actual Loops": 2,
                "Inner Unique": true,
                "Hash Cond": "(mi.movie_id = t.id)",
                "Plans": [
                  {
                    "Node Type": "Seq Scan",
                    "Parent Relationship": "Outer",
                    "Parallel Aware": true,
                    "Relation Name": "movie_info",
                    "Alias": "mi",
                    "Startup Cost": 0.0,
                    "Total Cost": 248955.74,
                    "Plan Rows": 8696274,
                    "Plan Width": 4,
                    "Actual Startup Time": 0.01,
                    "Actual Total Time": 611.697,
                    "Actual Rows": 7417860,
                    "Actual Loops": 2
                  },
                  {
                    "Node Type": "Hash",
                    "Parent Relationship": "Inner",
                    "Parallel Aware": true,
                    "Startup Cost": 58306.47,
                    "Total Cost": 58306.47,
                    "Plan Rows": 211339,
                    "Plan Width": 4,
                    "Actual Startup Time": 174.57,
                    "Actual Total Time": 174.571,
                    "Actual Rows": 117220,
                    "Actual Loops": 2,
                    "Hash Buckets": 524288,
                    "Original Hash Buckets": 524288,
                    "Hash Batches": 1,
                    "Original Hash Batches": 1,
                    "Peak Memory Usage": 13280,
                    "Plans": [
                      {
                        "Node Type": "Seq Scan",
                        "Parent Relationship": "Outer",
                        "Parallel Aware": true,
                        "Relation Name": "title",
                        "Alias": "t",
                        "Startup Cost": 0.0,
                        "Total Cost": 58306.47,
                        "Plan Rows": 211339,
                        "Plan Width": 4,
                        "Actual Startup Time": 0.028,
                        "Actual Total Time": 142.364,
                        "Actual Rows": 117220,
                        "Actual Loops": 2,
                        "Filter": "((kind_id > 2) AND (production_year < 1981))",
                        "Rows Removed by Filter": 1146936
                      }
                    ]
                  }
                ]
              }
            ]
          }
        ]
      }
    ]
  },
  "Planning Time": 0.582,
  "Triggers": [],
  "Execution Time": 1759.831
}