[
  {
    "Plan": {
      "Node Type": "Aggregate",
      "Strategy": "Plain",
      "Partial Mode": "Finalize",
      "Parallel Aware": false,
      "Startup Cost": 31665.96,
      "Total Cost": 31665.97,
      "Plan Rows": 1,
      "Plan Width": 8,
      "Actual Startup Time": 122.225,
      "Actual Total Time": 130.599,
      "Actual Rows": 1,
      "Actual Loops": 1,
      "Plans": [
        {
          "Node Type": "Gather",
          "Parent Relationship": "Outer",
          "Parallel Aware": false,
          "Startup Cost": 31665.64,
          "Total Cost": 31665.95,
          "Plan Rows": 3,
          "Plan Width": 8,
          "Actual Startup Time": 121.96,
          "Actual Total Time": 130.591,
          "Actual Rows": 4,
          "Actual Loops": 1,
          "Workers Planned": 3,
          "Workers Launched": 3,
          "Single Copy": false,
          "Plans": [
            {
              "Node Type": "Aggregate",
              "Strategy": "Plain",
              "Partial Mode": "Partial",
              "Parent Relationship": "Outer",
              "Parallel Aware": false,
              "Startup Cost": 30665.64,
              "Total Cost": 30665.65,
              "Plan Rows": 1,
              "Plan Width": 8,
              "Actual Startup Time": 115.206,
              "Actual Total Time": 115.207,
              "Actual Rows": 1,
              "Actual Loops": 4,
              "Plans": [
                {
                  "Node Type": "Seq Scan",
                  "Parent Relationship": "Outer",
                  "Parallel Aware": true,
                  "Relation Name": "movie_companies",
                  "Alias": "mc",
                  "Startup Cost": 0.0,
                  "Total Cost": 29310.68,
                  "Plan Rows": 541985,
                  "Plan Width": 0,
                  "Actual Startup Time": 0.026,
                  "Actual Total Time": 90.264,
                  "Actual Rows": 422279,
                  "Actual Loops": 4,
                  "Filter": "(company_id < 20156)",
                  "Rows Removed by Filter": 230004
                }
              ]
            }
          ]
        }
      ]
    },
    "Planning Time": 0.088,
    "Triggers": [],
    "Execution Time": 130.625
  }
]