{
  "Plan": {
    "Node Type": "Aggregate",
    "Strategy": "Plain",
    "Partial Mode": "Finalize",
    "Parallel Aware": false,
    "Startup Cost": 119094.55,
    "Total Cost": 119094.56,
    "Plan Rows": 1,
    "Plan Width": 8,
    "Actual Startup Time": 857.541,
    "Actual Total Time": 879.267,
    "Actual Rows": 1,
    "Actual Loops": 1,
    "Plans": [
      {
        "Node Type": "Gather",
        "Parent Relationship": "Outer",
        "Parallel Aware": false,
        "Startup Cost": 119094.44,
        "Total Cost": 119094.55,
        "Plan Rows": 1,
        "Plan Width": 8,
        "Actual Startup Time": 853.943,
        "Actual Total Time": 879.259,
        "Actual Rows": 2,
        "Actual Loops": 1,
        "Workers Planned": 1,
        "Workers Launched": 1,
        "Single Copy": false,
        "Plans": [
          {
            "Node Type": "Aggregate",
            "Strategy": "Plain",
            "Partial Mode": "Partial",
            "Parent Relationship": "Outer",
            "Parallel Aware": false,
            "Startup Cost": 118094.44,
            "Total Cost": 118094.45,
            "Plan Rows": 1,
            "Plan Width": 8,
            "Actual Startup Time": 840.35,
            "Actual Total Time": 840.354,
            "Actual Rows": 1,
            "Actual Loops": 2,
            "Plans": [
              {
                "Node Type": "Hash Join",
                "Parent Relationship": "Outer",
                "Parallel Aware": true,
                "Join Type": "Inner",
                "Startup Cost": 85702.72,
                "Total Cost": 116968.52,
                "Plan Rows": 450367,
                "Plan Width": 0,
                "Actual Startup Time": 632.629,
                "Actual Total Time": 823.088,
                "Actual Rows": 377394,
                "Actual Loops": 2,
                "Inner Unique": true,
                "Hash Cond": "(mk.movie_id = t.id)",
                "Plans": [
                  {
                    "Node Type": "Bitmap Heap Scan",
                    "Parent Relationship": "Outer",
                    "Parallel Aware": true,
                    "Relation Name": "movie_keyword",
                    "Alias": "mk",
                    "Startup Cost": 16242.02,
                    "Total Cost": 46325.61,
                    "Plan Rows": 450367,
                    "Plan Width": 4,
                    "Actual Startup Time": 51.578,
                    "Actual Total Time": 141.964,
                    "Actual Rows": 377394,
                    "Actual Loops": 2,
                    "Recheck Cond": "(keyword_id > 24786)",
                    "Rows Removed by Index Recheck": 0,
                    "Exact Heap Blocks": 12569,
                    "Lossy Heap Blocks": 0,
                    "Plans": [
                      {
                        "Node Type": "Bitmap Index Scan",
                        "Parent Relationship": "Outer",
                        "Parallel Aware": false,
                        "Index Name": "keyword_id_movie_keyword",
                        "Startup Cost": 0.0,
                        "Total Cost": 16050.61,
                        "Plan Rows": 765624,
                        "Plan Width": 0,
                        "Actual Startup Time": 47.865,
                        "Actual Total Time": 47.866,
                        "Actual Rows": 754788,
                        "Actual Loops": 1,
                        "Index Cond": "(keyword_id > 24786)"
                      }
                    ]
                  },
                  {
                    "Node Type": "Hash",
                    "Parent Relationship": "Inner",
                    "Parallel Aware": true,
                    "Startup Cost": 50870.31,
                    "Total Cost": 50870.31,
                    "Plan Rows": 1487231,
                    "Plan Width": 4,
                    "Actual Startup Time": 558.909,
                    "Actual Total Time": 558.91,
                    "Actual Rows": 1264156,
                    "Actual Loops": 2,
                    "Hash Buckets": 4194304,
                    "Original Hash Buckets": 4194304,
                    "Hash Batches": 1,
                    "Original Hash Batches": 1,
                    "Peak Memory Usage": 131712,
                    "Plans": [
                      {
                        "Node Type": "Seq Scan",
                        "Parent Relationship": "Outer",
                        "Parallel Aware": true,
                        "Relation Name": "title",
                        "Alias": "t",
                        "Startup Cost": 0.0,
                        "Total Cost": 50870.31,
                        "Plan Rows": 1487231,
                        "Plan Width": 4,
                        "Actual Startup Time": 0.029,
                        "Actual Total Time": 157.507,
                        "Actual Rows": 1264156,
                        "Actual Loops": 2
                      }
                    ]
                  }
                ]
              }
            ]
          }
        ]
      }
    ]
  },
  "Planning Time": 0.607,
  "Triggers": [],
  "Execution Time": 879.348
}