[
  {
    "Bao": {
      "Bao prediction": 589.868,
      "Bao recommended hint": "SET enable_nestloop TO off; SET enable_hashjoin TO off; "
    }
  },
  {
    "Plan": {
      "Node Type": "Aggregate",
      "Strategy": "Plain",
      "Partial Mode": "Simple",
      "Parallel Aware": false,
      "Startup Cost": 1155430.25,
      "Total Cost": 1155430.26,
      "Plan Rows": 1,
      "Plan Width": 128,
      "Actual Startup Time": 6181.171,
      "Actual Total Time": 6181.431,
      "Actual Rows": 1,
      "Actual Loops": 1,
      "Plans": [
        {
          "Node Type": "Merge Join",
          "Parent Relationship": "Outer",
          "Parallel Aware": false,
          "Join Type": "Inner",
          "Startup Cost": 967415.3,
          "Total Cost": 1155430.24,
          "Plan Rows": 1,
          "Plan Width": 81,
          "Actual Startup Time": 4758.567,
          "Actual Total Time": 6177.838,
          "Actual Rows": 26153,
          "Actual Loops": 1,
          "Inner Unique": false,
          "Merge Cond": "(n.id = ci.person_id)",
          "Plans": [
            {
              "Node Type": "Index Scan",
              "Parent Relationship": "Outer",
              "Parallel Aware": false,
              "Scan Direction": "Forward",
              "Index Name": "name_pkey",
              "Relation Name": "name",
              "Alias": "n",
              "Startup Cost": 0.43,
              "Total Cost": 188589.67,
              "Plan Rows": 1747242,
              "Plan Width": 19,
              "Actual Startup Time": 0.012,
              "Actual Total Time": 1327.605,
              "Actual Rows": 1739579,
              "Actual Loops": 1,
              "Filter": "((gender)::text = 'm'::text)",
              "Rows Removed by Filter": 2427912
            },
            {
              "Node Type": "Sort",
              "Parent Relationship": "Inner",
              "Parallel Aware": false,
              "Startup Cost": 967414.87,
              "Total Cost": 967414.88,
              "Plan Rows": 1,
              "Plan Width": 70,
              "Actual Startup Time": 4758.176,
              "Actual Total Time": 4762.185,
              "Actual Rows": 26154,
              "Actual Loops": 1,
              "Sort Key": [
                "ci.person_id"
              ],
              "Sort Method": "quicksort",
              "Sort Space Used": 5063,
              "Sort Space Type": "Memory",
              "Plans": [
                {
                  "Node Type": "Merge Join",
                  "Parent Relationship": "Outer",
                  "Parallel Aware": false,
                  "Join Type": "Inner",
                  "Startup Cost": 850964.01,
                  "Total Cost": 967414.86,
                  "Plan Rows": 1,
                  "Plan Width": 70,
                  "Actual Startup Time": 3471.268,
                  "Actual Total Time": 4744.237,
                  "Actual Rows": 42900,
                  "Actual Loops": 1,
                  "Inner Unique": false,
                  "Merge Cond": "(t.id = mi_idx.movie_id)",
                  "Plans": [
                    {
                      "Node Type": "Merge Join",
                      "Parent Relationship": "Outer",
                      "Parallel Aware": false,
                      "Join Type": "Inner",
                      "Startup Cost": 218365.81,
                      "Total Cost": 334951.73,
                      "Plan Rows": 1674,
                      "Plan Width": 68,
                      "Actual Startup Time": 641.25,
                      "Actual Total Time": 1900.751,
                      "Actual Rows": 186569,
                      "Actual Loops": 1,
                      "Inner Unique": false,
                      "Merge Cond": "(t.id = mi.movie_id)",
                      "Plans": [
                        {
                          "Node Type": "Index Scan",
                          "Parent Relationship": "Outer",
                          "Parallel Aware": false,
                          "Scan Direction": "Forward",
                          "Index Name": "title_pkey",
                          "Relation Name": "title",
                          "Alias": "t",
                          "Startup Cost": 0.43,
                          "Total Cost": 110359.06,
                          "Plan Rows": 2528509,
                          "Plan Width": 21,
                          "Actual Startup Time": 0.006,
                          "Actual Total Time": 1052.765,
                          "Actual Rows": 2525677,
                          "Actual Loops": 1
                        },
                        {
                          "Node Type": "Sort",
                          "Parent Relationship": "Inner",
                          "Parallel Aware": false,
                          "Startup Cost": 218362.25,
                          "Total Cost": 218366.43,
                          "Plan Rows": 1674,
                          "Plan Width": 47,
                          "Actual Startup Time": 640.008,
                          "Actual Total Time": 654.422,
                          "Actual Rows": 186569,
                          "Actual Loops": 1,
                          "Sort Key": [
                            "mi.movie_id"
                          ],
                          "Sort Method": "quicksort",
                          "Sort Space Used": 14891,
                          "Sort Space Type": "Memory",
                          "Plans": [
                            {
                              "Node Type": "Gather",
                              "Parent Relationship": "Outer",
                              "Parallel Aware": false,
                              "Startup Cost": 217912.64,
                              "Total Cost": 218272.61,
                              "Plan Rows": 1674,
                              "Plan Width": 47,
                              "Actual Startup Time": 579.652,
                              "Actual Total Time": 603.93,
                              "Actual Rows": 186594,
                              "Actual Loops": 1,
                              "Workers Planned": 5,
                              "Workers Launched": 5,
                              "Single Copy": false,
                              "Plans": [
                                {
                                  "Node Type": "Merge Join",
                                  "Parent Relationship": "Outer",
                                  "Parallel Aware": false,
                                  "Join Type": "Inner",
                                  "Startup Cost": 216912.64,
                                  "Total Cost": 217105.21,
                                  "Plan Rows": 335,
                                  "Plan Width": 47,
                                  "Actual Startup Time": 569.297,
                                  "Actual Total Time": 575.476,
                                  "Actual Rows": 31099,
                                  "Actual Loops": 6,
                                  "Inner Unique": true,
                                  "Merge Cond": "(mi.info_type_id = it1.id)",
                                  "Plans": [
                                    {
                                      "Node Type": "Sort",
                                      "Parent Relationship": "Outer",
                                      "Parallel Aware": false,
                                      "Startup Cost": 216910.22,
                                      "Total Cost": 217004.83,
                                      "Plan Rows": 37842,
                                      "Plan Width": 51,
                                      "Actual Startup Time": 569.225,
                                      "Actual Total Time": 570.669,
                                      "Actual Rows": 31100,
                                      "Actual Loops": 6,
                                      "Sort Key": [
                                        "mi.info_type_id"
                                      ],
                                      "Sort Method": "quicksort",
                                      "Sort Space Used": 3629,
                                      "Sort Space Type": "Memory",
                                      "Workers": [
                                        {
                                          "Worker Number": 0,
                                          "Sort Method": "quicksort",
                                          "Sort Space Used": 2067,
                                          "Sort Space Type": "Memory"
                                        },
                                        {
                                          "Worker Number": 1,
                                          "Sort Method": "quicksort",
                                          "Sort Space Used": 2063,
                                          "Sort Space Type": "Memory"
                                        },
                                        {
                                          "Worker Number": 2,
                                          "Sort Method": "quicksort",
                                          "Sort Space Used": 3579,
                                          "Sort Space Type": "Memory"
                                        },
                                        {
                                          "Worker Number": 3,
                                          "Sort Method": "quicksort",
                                          "Sort Space Used": 2074,
                                          "Sort Space Type": "Memory"
                                        },
                                        {
                                          "Worker Number": 4,
                                          "Sort Method": "quicksort",
                                          "Sort Space Used": 3681,
                                          "Sort Space Type": "Memory"
                                        }
                                      ],
                                      "Plans": [
                                        {
                                          "Node Type": "Seq Scan",
                                          "Parent Relationship": "Outer",
                                          "Parallel Aware": true,
                                          "Relation Name": "movie_info",
                                          "Alias": "mi",
                                          "Startup Cost": 0.0,
                                          "Total Cost": 214032.77,
                                          "Plan Rows": 37842,
                                          "Plan Width": 51,
                                          "Actual Startup Time": 336.975,
                                          "Actual Total Time": 561.703,
                                          "Actual Rows": 31495,
                                          "Actual Loops": 6,
                                          "Filter": "(info = ANY ('{Horror,Action,Sci-Fi,Thriller,Crime,War}'::text[]))",
                                          "Rows Removed by Filter": 2441125
                                        }
                                      ]
                                    },
                                    {
                                      "Node Type": "Sort",
                                      "Parent Relationship": "Inner",
                                      "Parallel Aware": false,
                                      "Startup Cost": 2.42,
                                      "Total Cost": 2.43,
                                      "Plan Rows": 1,
                                      "Plan Width": 4,
                                      "Actual Startup Time": 0.065,
                                      "Actual Total Time": 0.066,
                                      "Actual Rows": 1,
                                      "Actual Loops": 6,
                                      "Sort Key": [
                                        "it1.id"
                                      ],
                                      "Sort Method": "quicksort",
                                      "Sort Space Used": 25,
                                      "Sort Space Type": "Memory",
                                      "Workers": [
                                        {
                                          "Worker Number": 0,
                                          "Sort Method": "quicksort",
                                          "Sort Space Used": 25,
                                          "Sort Space Type": "Memory"
                                        },
                                        {
                                          "Worker Number": 1,
                                          "Sort Method": "quicksort",
                                          "Sort Space Used": 25,
                                          "Sort Space Type": "Memory"
                                        },
                                        {
                                          "Worker Number": 2,
                                          "Sort Method": "quicksort",
                                          "Sort Space Used": 25,
                                          "Sort Space Type": "Memory"
                                        },
                                        {
                                          "Worker Number": 3,
                                          "Sort Method": "quicksort",
                                          "Sort Space Used": 25,
                                          "Sort Space Type": "Memory"
                                        },
                                        {
                                          "Worker Number": 4,
                                          "Sort Method": "quicksort",
                                          "Sort Space Used": 25,
                                          "Sort Space Type": "Memory"
                                        }
                                      ],
                                      "Plans": [
                                        {
                                          "Node Type": "Seq Scan",
                                          "Parent Relationship": "Outer",
                                          "Parallel Aware": false,
                                          "Relation Name": "info_type",
                                          "Alias": "it1",
                                          "Startup Cost": 0.0,
                                          "Total Cost": 2.41,
                                          "Plan Rows": 1,
                                          "Plan Width": 4,
                                          "Actual Startup Time": 0.047,
                                          "Actual Total Time": 0.054,
                                          "Actual Rows": 1,
                                          "Actual Loops": 6,
                                          "Filter": "((info)::text = 'genres'::text)",
                                          "Rows Removed by Filter": 112
                                        }
                                      ]
                                    }
                                  ]
                                }
                              ]
                            }
                          ]
                        }
                      ]
                    },
                    {
                      "Node Type": "Sort",
                      "Parent Relationship": "Inner",
                      "Parallel Aware": false,
                      "Startup Cost": 632598.2,
                      "Total Cost": 632598.22,
                      "Plan Rows": 8,
                      "Plan Width": 22,
                      "Actual Startup Time": 2816.303,
                      "Actual Total Time": 2825.543,
                      "Actual Rows": 56694,
                      "Actual Loops": 1,
                      "Sort Key": [
                        "ci.movie_id"
                      ],
                      "Sort Method": "quicksort",
                      "Sort Space Used": 4583,
                      "Sort Space Type": "Memory",
                      "Plans": [
                        {
                          "Node Type": "Gather",
                          "Parent Relationship": "Outer",
                          "Parallel Aware": false,
                          "Startup Cost": 632474.77,
                          "Total Cost": 632598.08,
                          "Plan Rows": 8,
                          "Plan Width": 22,
                          "Actual Startup Time": 2482.84,
                          "Actual Total Time": 2789.421,
                          "Actual Rows": 38991,
                          "Actual Loops": 1,
                          "Workers Planned": 6,
                          "Workers Launched": 6,
                          "Single Copy": false,
                          "Plans": [
                            {
                              "Node Type": "Merge Join",
                              "Parent Relationship": "Outer",
                              "Parallel Aware": false,
                              "Join Type": "Inner",
                              "Startup Cost": 631474.77,
                              "Total Cost": 631597.28,
                              "Plan Rows": 1,
                              "Plan Width": 22,
                              "Actual Startup Time": 2596.599,
                              "Actual Total Time": 2610.994,
                              "Actual Rows": 5570,
                              "Actual Loops": 7,
                              "Inner Unique": true,
                              "Merge Cond": "(mk.keyword_id = k.id)",
                              "Plans": [
                                {
                                  "Node Type": "Sort",
                                  "Parent Relationship": "Outer",
                                  "Parallel Aware": false,
                                  "Startup Cost": 628009.55,
                                  "Total Cost": 628071.0,
                                  "Plan Rows": 24579,
                                  "Plan Width": 26,
                                  "Actual Startup Time": 2572.969,
                                  "Actual Total Time": 2582.585,
                                  "Actual Rows": 57225,
                                  "Actual Loops": 7,
                                  "Sort Key": [
                                    "mk.keyword_id"
                                  ],
                                  "Sort Method": "quicksort",
                                  "Sort Space Used": 46637,
                                  "Sort Space Type": "Memory",
                                  "Workers": [
                                    {
                                      "Worker Number": 0,
                                      "Sort Method": "quicksort",
                                      "Sort Space Used": 33124,
                                      "Sort Space Type": "Memory"
                                    },
                                    {
                                      "Worker Number": 1,
                                      "Sort Method": "quicksort",
                                      "Sort Space Used": 32877,
                                      "Sort Space Type": "Memory"
                                    },
                                    {
                                      "Worker Number": 2,
                                      "Sort Method": "quicksort",
                                      "Sort Space Used": 33318,
                                      "Sort Space Type": "Memory"
                                    },
                                    {
                                      "Worker Number": 3,
                                      "Sort Method": "quicksort",
                                      "Sort Space Used": 35006,
                                      "Sort Space Type": "Memory"
                                    },
                                    {
                                      "Worker Number": 4,
                                      "Sort Method": "quicksort",
                                      "Sort Space Used": 33638,
                                      "Sort Space Type": "Memory"
                                    },
                                    {
                                      "Worker Number": 5,
                                      "Sort Method": "quicksort",
                                      "Sort Space Used": 47893,
                                      "Sort Space Type": "Memory"
                                    }
                                  ],
                                  "Plans": [
                                    {
                                      "Node Type": "Merge Join",
                                      "Parent Relationship": "Outer",
                                      "Parallel Aware": false,
                                      "Join Type": "Inner",
                                      "Startup Cost": 436489.91,
                                      "Total Cost": 626217.11,
                                      "Plan Rows": 24579,
                                      "Plan Width": 26,
                                      "Actual Startup Time": 1342.868,
                                      "Actual Total Time": 2466.97,
                                      "Actual Rows": 322692,
                                      "Actual Loops": 7,
                                      "Inner Unique": false,
                                      "Merge Cond": "(mi_idx.movie_id = mk.movie_id)",
                                      "Plans": [
                                        {
                                          "Node Type": "Merge Join",
                                          "Parent Relationship": "Outer",
                                          "Parallel Aware": false,
                                          "Join Type": "Inner",
                                          "Startup Cost": 436489.48,
                                          "Total Cost": 437547.79,
                                          "Plan Rows": 2450,
                                          "Plan Width": 18,
                                          "Actual Startup Time": 1342.773,
                                          "Actual Total Time": 1436.783,
                                          "Actual Rows": 47651,
                                          "Actual Loops": 7,
                                          "Inner Unique": false,
                                          "Merge Cond": "(ci.movie_id = mi_idx.movie_id)",
                                          "Plans": [
                                            {
                                              "Node Type": "Sort",
                                              "Parent Relationship": "Outer",
                                              "Parallel Aware": false,
                                              "Startup Cost": 367979.51,
                                              "Total Cost": 368465.97,
                                              "Plan Rows": 194584,
                                              "Plan Width": 8,
                                              "Actual Startup Time": 870.843,
                                              "Actual Total Time": 891.646,
                                              "Actual Rows": 177813,
                                              "Actual Loops": 7,
                                              "Sort Key": [
                                                "ci.movie_id"
                                              ],
                                              "Sort Method": "quicksort",
                                              "Sort Space Used": 17558,
                                              "Sort Space Type": "Memory",
                                              "Workers": [
                                                {
                                                  "Worker Number": 0,
                                                  "Sort Method": "quicksort",
                                                  "Sort Space Used": 13327,
                                                  "Sort Space Type": "Memory"
                                                },
                                                {
                                                  "Worker Number": 1,
                                                  "Sort Method": "quicksort",
                                                  "Sort Space Used": 13124,
                                                  "Sort Space Type": "Memory"
                                                },
                                                {
                                                  "Worker Number": 2,
                                                  "Sort Method": "quicksort",
                                                  "Sort Space Used": 13232,
                                                  "Sort Space Type": "Memory"
                                                },
                                                {
                                                  "Worker Number": 3,
                                                  "Sort Method": "quicksort",
                                                  "Sort Space Used": 13257,
                                                  "Sort Space Type": "Memory"
                                                },
                                                {
                                                  "Worker Number": 4,
                                                  "Sort Method": "quicksort",
                                                  "Sort Space Used": 13252,
                                                  "Sort Space Type": "Memory"
                                                },
                                                {
                                                  "Worker Number": 5,
                                                  "Sort Method": "quicksort",
                                                  "Sort Space Used": 17608,
                                                  "Sort Space Type": "Memory"
                                                }
                                              ],
                                              "Plans": [
                                                {
                                                  "Node Type": "Seq Scan",
                                                  "Parent Relationship": "Outer",
                                                  "Parallel Aware": true,
                                                  "Relation Name": "cast_info",
                                                  "Alias": "ci",
                                                  "Startup Cost": 0.0,
                                                  "Total Cost": 350885.27,
                                                  "Plan Rows": 194584,
                                                  "Plan Width": 8,
                                                  "Actual Startup Time": 83.054,
                                                  "Actual Total Time": 811.193,
                                                  "Actual Rows": 177817,
                                                  "Actual Loops": 7,
                                                  "Filter": "(note = ANY ('{(writer),\"(head writer)\",\"(written by)\",(story),\"(story editor)\"}'::text[]))",
                                                  "Rows Removed by Filter": 4999947
                                                }
                                              ]
                                            },
                                            {
                                              "Node Type": "Sort",
                                              "Parent Relationship": "Inner",
                                              "Parallel Aware": false,
                                              "Startup Cost": 68509.93,
                                              "Total Cost": 68540.46,
                                              "Plan Rows": 12213,
                                              "Plan Width": 10,
                                              "Actual Startup Time": 471.914,
                                              "Actual Total Time": 492.91,
                                              "Actual Rows": 467225,
                                              "Actual Loops": 7,
                                              "Sort Key": [
                                                "mi_idx.movie_id"
                                              ],
                                              "Sort Method": "quicksort",
                                              "Sort Space Used": 33847,
                                              "Sort Space Type": "Memory",
                                              "Workers": [
                                                {
                                                  "Worker Number": 0,
                                                  "Sort Method": "quicksort",
                                                  "Sort Space Used": 33847,
                                                  "Sort Space Type": "Memory"
                                                },
                                                {
                                                  "Worker Number": 1,
                                                  "Sort Method": "quicksort",
                                                  "Sort Space Used": 33847,
                                                  "Sort Space Type": "Memory"
                                                },
                                                {
                                                  "Worker Number": 2,
                                                  "Sort Method": "quicksort",
                                                  "Sort Space Used": 33847,
                                                  "Sort Space Type": "Memory"
                                                },
                                                {
                                                  "Worker Number": 3,
                                                  "Sort Method": "quicksort",
                                                  "Sort Space Used": 33847,
                                                  "Sort Space Type": "Memory"
                                                },
                                                {
                                                  "Worker Number": 4,
                                                  "Sort Method": "quicksort",
                                                  "Sort Space Used": 33847,
                                                  "Sort Space Type": "Memory"
                                                },
                                                {
                                                  "Worker Number": 5,
                                                  "Sort Method": "quicksort",
                                                  "Sort Space Used": 33847,
                                                  "Sort Space Type": "Memory"
                                                }
                                              ],
                                              "Plans": [
                                                {
                                                  "Node Type": "Merge Join",
                                                  "Parent Relationship": "Outer",
                                                  "Parallel Aware": false,
                                                  "Join Type": "Inner",
                                                  "Startup Cost": 2.86,
                                                  "Total Cost": 67680.9,
                                                  "Plan Rows": 12213,
                                                  "Plan Width": 10,
                                                  "Actual Startup Time": 161.427,
                                                  "Actual Total Time": 334.979,
                                                  "Actual Rows": 459925,
                                                  "Actual Loops": 7,
                                                  "Inner Unique": true,
                                                  "Merge Cond": "(mi_idx.info_type_id = it2.id)",
                                                  "Plans": [
                                                    {
                                                      "Node Type": "Index Scan",
                                                      "Parent Relationship": "Outer",
                                                      "Parallel Aware": false,
                                                      "Scan Direction": "Forward",
                                                      "Index Name": "info_type_id_movie_info_idx",
                                                      "Relation Name": "movie_info_idx",
                                                      "Alias": "mi_idx",
                                                      "Startup Cost": 0.43,
                                                      "Total Cost": 64106.25,
                                                      "Plan Rows": 1380035,
                                                      "Plan Width": 14,
                                                      "Actual Startup Time": 0.067,
                                                      "Actual Total Time": 215.165,
                                                      "Actual Rows": 919851,
                                                      "Actual Loops": 7
                                                    },
                                                    {
                                                      "Node Type": "Sort",
                                                      "Parent Relationship": "Inner",
                                                      "Parallel Aware": false,
                                                      "Startup Cost": 2.42,
                                                      "Total Cost": 2.43,
                                                      "Plan Rows": 1,
                                                      "Plan Width": 4,
                                                      "Actual Startup Time": 0.051,
                                                      "Actual Total Time": 0.052,
                                                      "Actual Rows": 1,
                                                      "Actual Loops": 7,
                                                      "Sort Key": [
                                                        "it2.id"
                                                      ],
                                                      "Sort Method": "quicksort",
                                                      "Sort Space Used": 25,
                                                      "Sort Space Type": "Memory",
                                                      "Workers": [
                                                        {
                                                          "Worker Number": 0,
                                                          "Sort Method": "quicksort",
                                                          "Sort Space Used": 25,
                                                          "Sort Space Type": "Memory"
                                                        },
                                                        {
                                                          "Worker Number": 1,
                                                          "Sort Method": "quicksort",
                                                          "Sort Space Used": 25,
                                                          "Sort Space Type": "Memory"
                                                        },
                                                        {
                                                          "Worker Number": 2,
                                                          "Sort Method": "quicksort",
                                                          "Sort Space Used": 25,
                                                          "Sort Space Type": "Memory"
                                                        },
                                                        {
                                                          "Worker Number": 3,
                                                          "Sort Method": "quicksort",
                                                          "Sort Space Used": 25,
                                                          "Sort Space Type": "Memory"
                                                        },
                                                        {
                                                          "Worker Number": 4,
                                                          "Sort Method": "quicksort",
                                                          "Sort Space Used": 25,
                                                          "Sort Space Type": "Memory"
                                                        },
                                                        {
                                                          "Worker Number": 5,
                                                          "Sort Method": "quicksort",
                                                          "Sort Space Used": 25,
                                                          "Sort Space Type": "Memory"
                                                        }
                                                      ],
                                                      "Plans": [
                                                        {
                                                          "Node Type": "Seq Scan",
                                                          "Parent Relationship": "Outer",
                                                          "Parallel Aware": false,
                                                          "Relation Name": "info_type",
                                                          "Alias": "it2",
                                                          "Startup Cost": 0.0,
                                                          "Total Cost": 2.41,
                                                          "Plan Rows": 1,
                                                          "Plan Width": 4,
                                                          "Actual Startup Time": 0.045,
                                                          "Actual Total Time": 0.047,
                                                          "Actual Rows": 1,
                                                          "Actual Loops": 7,
                                                          "Filter": "((info)::text = 'votes'::text)",
                                                          "Rows Removed by Filter": 112
                                                        }
                                                      ]
                                                    }
                                                  ]
                                                }
                                              ]
                                            }
                                          ]
                                        },
                                        {
                                          "Node Type": "Index Scan",
                                          "Parent Relationship": "Inner",
                                          "Parallel Aware": false,
                                          "Scan Direction": "Forward",
                                          "Index Name": "movie_id_movie_keyword",
                                          "Relation Name": "movie_keyword",
                                          "Alias": "mk",
                                          "Startup Cost": 0.43,
                                          "Total Cost": 177148.48,
                                          "Plan Rows": 4523930,
                                          "Plan Width": 8,
                                          "Actual Startup Time": 0.046,
                                          "Actual Total Time": 704.257,
                                          "Actual Rows": 4550482,
                                          "Actual Loops": 7
                                        }
                                      ]
                                    }
                                  ]
                                },
                                {
                                  "Node Type": "Sort",
                                  "Parent Relationship": "Inner",
                                  "Parallel Aware": false,
                                  "Startup Cost": 3464.79,
                                  "Total Cost": 3464.8,
                                  "Plan Rows": 7,
                                  "Plan Width": 4,
                                  "Actual Startup Time": 20.697,
                                  "Actual Total Time": 20.7,
                                  "Actual Rows": 7,
                                  "Actual Loops": 7,
                                  "Sort Key": [
                                    "k.id"
                                  ],
                                  "Sort Method": "quicksort",
                                  "Sort Space Used": 25,
                                  "Sort Space Type": "Memory",
                                  "Workers": [
                                    {
                                      "Worker Number": 0,
                                      "Sort Method": "quicksort",
                                      "Sort Space Used": 25,
                                      "Sort Space Type": "Memory"
                                    },
                                    {
                                      "Worker Number": 1,
                                      "Sort Method": "quicksort",
                                      "Sort Space Used": 25,
                                      "Sort Space Type": "Memory"
                                    },
                                    {
                                      "Worker Number": 2,
                                      "Sort Method": "quicksort",
                                      "Sort Space Used": 25,
                                      "Sort Space Type": "Memory"
                                    },
                                    {
                                      "Worker Number": 3,
                                      "Sort Method": "quicksort",
                                      "Sort Space Used": 25,
                                      "Sort Space Type": "Memory"
                                    },
                                    {
                                      "Worker Number": 4,
                                      "Sort Method": "quicksort",
                                      "Sort Space Used": 25,
                                      "Sort Space Type": "Memory"
                                    },
                                    {
                                      "Worker Number": 5,
                                      "Sort Method": "quicksort",
                                      "Sort Space Used": 25,
                                      "Sort Space Type": "Memory"
                                    }
                                  ],
                                  "Plans": [
                                    {
                                      "Node Type": "Seq Scan",
                                      "Parent Relationship": "Outer",
                                      "Parallel Aware": false,
                                      "Relation Name": "keyword",
                                      "Alias": "k",
                                      "Startup Cost": 0.0,
                                      "Total Cost": 3464.69,
                                      "Plan Rows": 7,
                                      "Plan Width": 4,
                                      "Actual Startup Time": 0.636,
                                      "Actual Total Time": 20.681,
                                      "Actual Rows": 7,
                                      "Actual Loops": 7,
                                      "Filter": "(keyword = ANY ('{murder,violence,blood,gore,death,female-nudity,hospital}'::text[]))",
                                      "Rows Removed by Filter": 134163
                                    }
                                  ]
                                }
                              ]
                            }
                          ]
                        }
                      ]
                    }
                  ]
                }
              ]
            }
          ]
        }
      ]
    },
    "Planning Time": 500.923,
    "Triggers": [],
    "Execution Time": 6188.247
  }
]