[
  {
    "Plan": {
      "Node Type": "Aggregate",
      "Strategy": "Plain",
      "Partial Mode": "Finalize",
      "Parallel Aware": false,
      "Startup Cost": 256658.42,
      "Total Cost": 256658.43,
      "Plan Rows": 1,
      "Plan Width": 8,
      "Actual Startup Time": 357.124,
      "Actual Total Time": 388.434,
      "Actual Rows": 1,
      "Actual Loops": 1,
      "Plans": [
        {
          "Node Type": "Gather",
          "Parent Relationship": "Outer",
          "Parallel Aware": false,
          "Startup Cost": 256657.8,
          "Total Cost": 256658.41,
          "Plan Rows": 6,
          "Plan Width": 8,
          "Actual Startup Time": 356.628,
          "Actual Total Time": 388.423,
          "Actual Rows": 7,
          "Actual Loops": 1,
          "Workers Planned": 6,
          "Workers Launched": 6,
          "Single Copy": false,
          "Plans": [
            {
              "Node Type": "Aggregate",
              "Strategy": "Plain",
              "Partial Mode": "Partial",
              "Parent Relationship": "Outer",
              "Parallel Aware": false,
              "Startup Cost": 255657.8,
              "Total Cost": 255657.81,
              "Plan Rows": 1,
              "Plan Width": 8,
              "Actual Startup Time": 348.826,
              "Actual Total Time": 348.828,
              "Actual Rows": 1,
              "Actual Loops": 7,
              "Plans": [
                {
                  "Node Type": "Index Scan",
                  "Parent Relationship": "Outer",
                  "Parallel Aware": true,
                  "Scan Direction": "Forward",
                  "Index Name": "role_id_cast_info",
                  "Relation Name": "cast_info",
                  "Alias": "ci",
                  "Startup Cost": 0.56,
                  "Total Cost": 253362.23,
                  "Plan Rows": 918228,
                  "Plan Width": 0,
                  "Actual Startup Time": 0.109,
                  "Actual Total Time": 327.761,
                  "Actual Rows": 367225,
                  "Actual Loops": 7,
                  "Index Cond": "(role_id > 4)",
                  "Rows Removed by Index Recheck": 0,
                  "Filter": "(person_id < 2173217)",
                  "Rows Removed by Filter": 973447
                }
              ]
            }
          ]
        }
      ]
    },
    "Planning Time": 0.206,
    "Triggers": [],
    "Execution Time": 388.503
  }
]