[
  {
    "Plan": {
      "Node Type": "Aggregate",
      "Strategy": "Plain",
      "Partial Mode": "Finalize",
      "Parallel Aware": false,
      "Startup Cost": 182315.33,
      "Total Cost": 182315.34,
      "Plan Rows": 1,
      "Plan Width": 8,
      "Actual Startup Time": 807.391,
      "Actual Total Time": 856.629,
      "Actual Rows": 1,
      "Actual Loops": 1,
      "Plans": [
        {
          "Node Type": "Gather",
          "Parent Relationship": "Outer",
          "Parallel Aware": false,
          "Startup Cost": 182315.01,
          "Total Cost": 182315.32,
          "Plan Rows": 3,
          "Plan Width": 8,
          "Actual Startup Time": 803.324,
          "Actual Total Time": 856.622,
          "Actual Rows": 4,
          "Actual Loops": 1,
          "Workers Planned": 3,
          "Workers Launched": 3,
          "Single Copy": false,
          "Plans": [
            {
              "Node Type": "Aggregate",
              "Strategy": "Plain",
              "Partial Mode": "Partial",
              "Parent Relationship": "Outer",
              "Parallel Aware": false,
              "Startup Cost": 181315.01,
              "Total Cost": 181315.02,
              "Plan Rows": 1,
              "Plan Width": 8,
              "Actual Startup Time": 793.278,
              "Actual Total Time": 793.282,
              "Actual Rows": 1,
              "Actual Loops": 4,
              "Plans": [
                {
                  "Node Type": "Nested Loop",
                  "Parent Relationship": "Outer",
                  "Parallel Aware": false,
                  "Join Type": "Inner",
                  "Startup Cost": 53828.19,
                  "Total Cost": 180709.48,
                  "Plan Rows": 242212,
                  "Plan Width": 0,
                  "Actual Startup Time": 231.42,
                  "Actual Total Time": 752.791,
                  "Actual Rows": 848638,
                  "Actual Loops": 4,
                  "Inner Unique": false,
                  "Plans": [
                    {
                      "Node Type": "Hash Join",
                      "Parent Relationship": "Outer",
                      "Parallel Aware": true,
                      "Join Type": "Inner",
                      "Startup Cost": 53827.76,
                      "Total Cost": 79830.22,
                      "Plan Rows": 41423,
                      "Plan Width": 8,
                      "Actual Startup Time": 231.311,
                      "Actual Total Time": 303.837,
                      "Actual Rows": 19983,
                      "Actual Loops": 4,
                      "Inner Unique": true,
                      "Hash Cond": "(mk.movie_id = t.id)",
                      "Plans": [
                        {
                          "Node Type": "Bitmap Heap Scan",
                          "Parent Relationship": "Outer",
                          "Parallel Aware": true,
                          "Relation Name": "movie_keyword",
                          "Alias": "mk",
                          "Startup Cost": 6732.07,
                          "Total Cost": 32465.79,
                          "Plan Rows": 102378,
                          "Plan Width": 4,
                          "Actual Startup Time": 24.776,
                          "Actual Total Time": 64.145,
                          "Actual Rows": 83536,
                          "Actual Loops": 4,
                          "Recheck Cond": "(keyword_id < 275)",
                          "Rows Removed by Index Recheck": 0,
                          "Exact Heap Blocks": 8398,
                          "Lossy Heap Blocks": 0,
                          "Plans": [
                            {
                              "Node Type": "Bitmap Index Scan",
                              "Parent Relationship": "Outer",
                              "Parallel Aware": false,
                              "Index Name": "keyword_id_movie_keyword",
                              "Startup Cost": 0.0,
                              "Total Cost": 6652.72,
                              "Plan Rows": 317372,
                              "Plan Width": 0,
                              "Actual Startup Time": 21.099,
                              "Actual Total Time": 21.1,
                              "Actual Rows": 334142,
                              "Actual Loops": 1,
                              "Index Cond": "(keyword_id < 275)"
                            }
                          ]
                        },
                        {
                          "Node Type": "Hash",
                          "Parent Relationship": "Inner",
                          "Parallel Aware": true,
                          "Startup Cost": 43898.92,
                          "Total Cost": 43898.92,
                          "Plan Rows": 255742,
                          "Plan Width": 4,
                          "Actual Startup Time": 201.749,
                          "Actual Total Time": 201.75,
                          "Actual Rows": 253230,
                          "Actual Loops": 4,
                          "Hash Buckets": 1048576,
                          "Original Hash Buckets": 1048576,
                          "Hash Batches": 1,
                          "Original Hash Batches": 1,
                          "Peak Memory Usage": 47904,
                          "Plans": [
                            {
                              "Node Type": "Seq Scan",
                              "Parent Relationship": "Outer",
                              "Parallel Aware": true,
                              "Relation Name": "title",
                              "Alias": "t",
                              "Startup Cost": 0.0,
                              "Total Cost": 43898.92,
                              "Plan Rows": 255742,
                              "Plan Width": 4,
                              "Actual Startup Time": 0.04,
                              "Actual Total Time": 108.349,
                              "Actual Rows": 253230,
                              "Actual Loops": 4,
                              "Filter": "(production_year > 2005)",
                              "Rows Removed by Filter": 378848
                            }
                          ]
                        }
                      ]
                    },
                    {
                      "Node Type": "Index Only Scan",
                      "Parent Relationship": "Inner",
                      "Parallel Aware": false,
                      "Scan Direction": "Forward",
                      "Index Name": "movie_id_movie_info",
                      "Relation Name": "movie_info",
                      "Alias": "mi",
                      "Startup Cost": 0.43,
                      "Total Cost": 2.02,
                      "Plan Rows": 42,
                      "Plan Width": 4,
                      "Actual Startup Time": 0.005,
                      "Actual Total Time": 0.019,
                      "Actual Rows": 42,
                      "Actual Loops": 79931,
                      "Index Cond": "(movie_id = t.id)",
                      "Rows Removed by Index Recheck": 0,
                      "Heap Fetches": 3394551
                    }
                  ]
                }
              ]
            }
          ]
        }
      ]
    },
    "Planning Time": 1.345,
    "Triggers": [],
    "Execution Time": 856.747
  }
]