[
  {
    "Plan": {
      "Node Type": "Aggregate",
      "Strategy": "Plain",
      "Partial Mode": "Finalize",
      "Parallel Aware": false,
      "Startup Cost": 91573.67,
      "Total Cost": 91573.68,
      "Plan Rows": 1,
      "Plan Width": 8,
      "Actual Startup Time": 316.281,
      "Actual Total Time": 331.141,
      "Actual Rows": 1,
      "Actual Loops": 1,
      "Plans": [
        {
          "Node Type": "Gather",
          "Parent Relationship": "Outer",
          "Parallel Aware": false,
          "Startup Cost": 91573.35,
          "Total Cost": 91573.66,
          "Plan Rows": 3,
          "Plan Width": 8,
          "Actual Startup Time": 311.299,
          "Actual Total Time": 331.132,
          "Actual Rows": 4,
          "Actual Loops": 1,
          "Workers Planned": 3,
          "Workers Launched": 3,
          "Single Copy": false,
          "Plans": [
            {
              "Node Type": "Aggregate",
              "Strategy": "Plain",
              "Partial Mode": "Partial",
              "Parent Relationship": "Outer",
              "Parallel Aware": false,
              "Startup Cost": 90573.35,
              "Total Cost": 90573.36,
              "Plan Rows": 1,
              "Plan Width": 8,
              "Actual Startup Time": 306.129,
              "Actual Total Time": 306.133,
              "Actual Rows": 1,
              "Actual Loops": 4,
              "Plans": [
                {
                  "Node Type": "Hash Join",
                  "Parent Relationship": "Outer",
                  "Parallel Aware": true,
                  "Join Type": "Inner",
                  "Startup Cost": 62619.54,
                  "Total Cost": 90382.91,
                  "Plan Rows": 76175,
                  "Plan Width": 0,
                  "Actual Startup Time": 202.959,
                  "Actual Total Time": 305.208,
                  "Actual Rows": 11140,
                  "Actual Loops": 4,
                  "Inner Unique": true,
                  "Hash Cond": "(mk.movie_id = t.id)",
                  "Plans": [
                    {
                      "Node Type": "Bitmap Heap Scan",
                      "Parent Relationship": "Outer",
                      "Parallel Aware": true,
                      "Relation Name": "movie_keyword",
                      "Alias": "mk",
                      "Startup Cost": 14389.15,
                      "Total Cost": 41578.17,
                      "Plan Rows": 218802,
                      "Plan Width": 4,
                      "Actual Startup Time": 41.744,
                      "Actual Total Time": 101.301,
                      "Actual Rows": 170413,
                      "Actual Loops": 4,
                      "Recheck Cond": "(keyword_id < 562)",
                      "Rows Removed by Index Recheck": 0,
                      "Exact Heap Blocks": 7175,
                      "Lossy Heap Blocks": 0,
                      "Plans": [
                        {
                          "Node Type": "Bitmap Index Scan",
                          "Parent Relationship": "Outer",
                          "Parallel Aware": false,
                          "Index Name": "keyword_id_movie_keyword",
                          "Startup Cost": 0.0,
                          "Total Cost": 14219.58,
                          "Plan Rows": 678286,
                          "Plan Width": 0,
                          "Actual Startup Time": 38.148,
                          "Actual Total Time": 38.149,
                          "Actual Rows": 681653,
                          "Actual Loops": 1,
                          "Index Cond": "(keyword_id < 562)"
                        }
                      ]
                    },
                    {
                      "Node Type": "Hash",
                      "Parent Relationship": "Inner",
                      "Parallel Aware": true,
                      "Startup Cost": 45479.59,
                      "Total Cost": 45479.59,
                      "Plan Rows": 220064,
                      "Plan Width": 4,
                      "Actual Startup Time": 158.434,
                      "Actual Total Time": 158.435,
                      "Actual Rows": 200378,
                      "Actual Loops": 4,
                      "Hash Buckets": 1048576,
                      "Original Hash Buckets": 1048576,
                      "Hash Batches": 1,
                      "Original Hash Batches": 1,
                      "Peak Memory Usage": 39616,
                      "Plans": [
                        {
                          "Node Type": "Seq Scan",
                          "Parent Relationship": "Outer",
                          "Parallel Aware": true,
                          "Relation Name": "title",
                          "Alias": "t",
                          "Startup Cost": 0.0,
                          "Total Cost": 45479.59,
                          "Plan Rows": 220064,
                          "Plan Width": 4,
                          "Actual Startup Time": 0.027,
                          "Actual Total Time": 95.738,
                          "Actual Rows": 200378,
                          "Actual Loops": 4,
                          "Filter": "((production_year < 2006) AND (kind_id = 7))",
                          "Rows Removed by Filter": 431700
                        }
                      ]
                    }
                  ]
                }
              ]
            }
          ]
        }
      ]
    },
    "Planning Time": 0.41,
    "Triggers": [],
    "Execution Time": 331.197
  }
]