[
    {
        "Bao": {
            "Bao prediction": "NaN",
            "Bao recommended hint": "(no hint)"
        }
    },
    {
        "Plan": {
            "Node Type": "Aggregate",
            "Strategy": "Plain",
            "Partial Mode": "Finalize",
            "Parallel Aware": false,
            "Startup Cost": 33050.66,
            "Total Cost": 33050.67,
            "Plan Rows": 1,
            "Plan Width": 8,
            "Actual Startup Time": 90.421,
            "Actual Total Time": 94.793,
            "Actual Rows": 1,
            "Actual Loops": 1,
            "Output": [
                "count(*)"
            ],
            "Plans": [
                {
                    "Node Type": "Gather",
                    "Parent Relationship": "Outer",
                    "Parallel Aware": false,
                    "Startup Cost": 33050.35,
                    "Total Cost": 33050.66,
                    "Plan Rows": 3,
                    "Plan Width": 8,
                    "Actual Startup Time": 90.324,
                    "Actual Total Time": 94.786,
                    "Actual Rows": 4,
                    "Actual Loops": 1,
                    "Output": [
                        "(PARTIAL count(*))"
                    ],
                    "Workers Planned": 3,
                    "Workers Launched": 3,
                    "Single Copy": false,
                    "Plans": [
                        {
                            "Node Type": "Aggregate",
                            "Strategy": "Plain",
                            "Partial Mode": "Partial",
                            "Parent Relationship": "Outer",
                            "Parallel Aware": false,
                            "Startup Cost": 32050.35,
                            "Total Cost": 32050.36,
                            "Plan Rows": 1,
                            "Plan Width": 8,
                            "Actual Startup Time": 82.359,
                            "Actual Total Time": 82.36,
                            "Actual Rows": 1,
                            "Actual Loops": 4,
                            "Output": [
                                "PARTIAL count(*)"
                            ],
                            "Workers": [
                                {
                                    "Worker Number": 0,
                                    "Actual Startup Time": 79.672,
                                    "Actual Total Time": 79.673,
                                    "Actual Rows": 1,
                                    "Actual Loops": 1
                                },
                                {
                                    "Worker Number": 1,
                                    "Actual Startup Time": 79.829,
                                    "Actual Total Time": 79.83,
                                    "Actual Rows": 1,
                                    "Actual Loops": 1
                                },
                                {
                                    "Worker Number": 2,
                                    "Actual Startup Time": 80.013,
                                    "Actual Total Time": 80.015,
                                    "Actual Rows": 1,
                                    "Actual Loops": 1
                                }
                            ],
                            "Plans": [
                                {
                                    "Node Type": "Seq Scan",
                                    "Parent Relationship": "Outer",
                                    "Parallel Aware": true,
                                    "Relation Name": "movie_companies",
                                    "Schema": "public",
                                    "Alias": "mc",
                                    "Startup Cost": 0.0,
                                    "Total Cost": 31414.82,
                                    "Plan Rows": 254211,
                                    "Plan Width": 0,
                                    "Actual Startup Time": 45.465,
                                    "Actual Total Time": 76.665,
                                    "Actual Rows": 123788,
                                    "Actual Loops": 4,
                                    "Output": [
                                        "id",
                                        "movie_id",
                                        "company_id",
                                        "company_type_id",
                                        "note"
                                    ],
                                    "Filter": "((mc.company_id < 14582) AND (mc.company_type_id = 2))",
                                    "Rows Removed by Filter": 528494,
                                    "Workers": [
                                        {
                                            "Worker Number": 0,
                                            "Actual Startup Time": 42.769,
                                            "Actual Total Time": 74.168,
                                            "Actual Rows": 130274,
                                            "Actual Loops": 1
                                        },
                                        {
                                            "Worker Number": 1,
                                            "Actual Startup Time": 42.935,
                                            "Actual Total Time": 74.366,
                                            "Actual Rows": 80475,
                                            "Actual Loops": 1
                                        },
                                        {
                                            "Worker Number": 2,
                                            "Actual Startup Time": 43.121,
                                            "Actual Total Time": 74.443,
                                            "Actual Rows": 131701,
                                            "Actual Loops": 1
                                        }
                                    ]
                                }
                            ]
                        }
                    ]
                }
            ]
        },
        "Planning Time": 182.253,
        "Triggers": [],
        "Execution Time": 94.854
    }
]