{
  "Plan": {
    "Node Type": "Aggregate",
    "Strategy": "Plain",
    "Partial Mode": "Simple",
    "Parallel Aware": false,
    "Startup Cost": 2501.06,
    "Total Cost": 2501.07,
    "Plan Rows": 1,
    "Plan Width": 8,
    "Actual Startup Time": 7.499,
    "Actual Total Time": 7.501,
    "Actual Rows": 1,
    "Actual Loops": 1,
    "Plans": [
      {
        "Node Type": "Nested Loop",
        "Parent Relationship": "Outer",
        "Parallel Aware": false,
        "Join Type": "Inner",
        "Startup Cost": 0.99,
        "Total Cost": 2501.05,
        "Plan Rows": 4,
        "Plan Width": 0,
        "Actual Startup Time": 0.187,
        "Actual Total Time": 7.496,
        "Actual Rows": 2,
        "Actual Loops": 1,
        "Inner Unique": true,
        "Plans": [
          {
            "Node Type": "Index Scan",
            "Parent Relationship": "Outer",
            "Parallel Aware": false,
            "Scan Direction": "Forward",
            "Index Name": "person_id_cast_info",
            "Relation Name": "cast_info",
            "Alias": "ci",
            "Startup Cost": 0.56,
            "Total Cost": 1059.67,
            "Plan Rows": 171,
            "Plan Width": 4,
            "Actual Startup Time": 0.104,
            "Actual Total Time": 0.816,
            "Actual Rows": 1635,
            "Actual Loops": 1,
            "Index Cond": "(person_id = 234797)",
            "Rows Removed by Index Recheck": 0,
            "Filter": "(role_id = 1)",
            "Rows Removed by Filter": 0
          },
          {
            "Node Type": "Index Scan",
            "Parent Relationship": "Inner",
            "Parallel Aware": false,
            "Scan Direction": "Forward",
            "Index Name": "title_pkey",
            "Relation Name": "title",
            "Alias": "t",
            "Startup Cost": 0.43,
            "Total Cost": 8.43,
            "Plan Rows": 1,
            "Plan Width": 4,
            "Actual Startup Time": 0.004,
            "Actual Total Time": 0.004,
            "Actual Rows": 0,
            "Actual Loops": 1635,
            "Index Cond": "(id = ci.movie_id)",
            "Rows Removed by Index Recheck": 0,
            "Filter": "((kind_id < 7) AND (production_year = 2011))",
            "Rows Removed by Filter": 1
          }
        ]
      }
    ]
  },
  "Planning Time": 0.242,
  "Triggers": [],
  "Execution Time": 7.537
}