[
  {
    "Plan": {
      "Node Type": "Aggregate",
      "Strategy": "Plain",
      "Partial Mode": "Finalize",
      "Parallel Aware": false,
      "Startup Cost": 46501.28,
      "Total Cost": 46501.29,
      "Plan Rows": 1,
      "Plan Width": 8,
      "Actual Startup Time": 89.003,
      "Actual Total Time": 101.479,
      "Actual Rows": 1,
      "Actual Loops": 1,
      "Plans": [
        {
          "Node Type": "Gather",
          "Parent Relationship": "Outer",
          "Parallel Aware": false,
          "Startup Cost": 46500.86,
          "Total Cost": 46501.27,
          "Plan Rows": 4,
          "Plan Width": 8,
          "Actual Startup Time": 88.791,
          "Actual Total Time": 101.468,
          "Actual Rows": 5,
          "Actual Loops": 1,
          "Workers Planned": 4,
          "Workers Launched": 4,
          "Single Copy": false,
          "Plans": [
            {
              "Node Type": "Aggregate",
              "Strategy": "Plain",
              "Partial Mode": "Partial",
              "Parent Relationship": "Outer",
              "Parallel Aware": false,
              "Startup Cost": 45500.86,
              "Total Cost": 45500.87,
              "Plan Rows": 1,
              "Plan Width": 8,
              "Actual Startup Time": 83.343,
              "Actual Total Time": 83.345,
              "Actual Rows": 1,
              "Actual Loops": 5,
              "Plans": [
                {
                  "Node Type": "Seq Scan",
                  "Parent Relationship": "Outer",
                  "Parallel Aware": true,
                  "Relation Name": "title",
                  "Alias": "t",
                  "Startup Cost": 0.0,
                  "Total Cost": 45479.59,
                  "Plan Rows": 8508,
                  "Plan Width": 0,
                  "Actual Startup Time": 0.039,
                  "Actual Total Time": 82.643,
                  "Actual Rows": 7039,
                  "Actual Loops": 5,
                  "Filter": "((kind_id > 3) AND (production_year = 1998))",
                  "Rows Removed by Filter": 498623
                }
              ]
            }
          ]
        }
      ]
    },
    "Planning Time": 0.105,
    "Triggers": [],
    "Execution Time": 101.515
  }
]