[
  {
    "Plan": {
      "Node Type": "Aggregate",
      "Strategy": "Plain",
      "Partial Mode": "Finalize",
      "Parallel Aware": false,
      "Startup Cost": 45997.73,
      "Total Cost": 45997.74,
      "Plan Rows": 1,
      "Plan Width": 8,
      "Actual Startup Time": 146.976,
      "Actual Total Time": 156.983,
      "Actual Rows": 1,
      "Actual Loops": 1,
      "Plans": [
        {
          "Node Type": "Gather",
          "Parent Relationship": "Outer",
          "Parallel Aware": false,
          "Startup Cost": 45997.42,
          "Total Cost": 45997.73,
          "Plan Rows": 3,
          "Plan Width": 8,
          "Actual Startup Time": 146.874,
          "Actual Total Time": 156.974,
          "Actual Rows": 4,
          "Actual Loops": 1,
          "Workers Planned": 3,
          "Workers Launched": 3,
          "Single Copy": false,
          "Plans": [
            {
              "Node Type": "Aggregate",
              "Strategy": "Plain",
              "Partial Mode": "Partial",
              "Parent Relationship": "Outer",
              "Parallel Aware": false,
              "Startup Cost": 44997.42,
              "Total Cost": 44997.43,
              "Plan Rows": 1,
              "Plan Width": 8,
              "Actual Startup Time": 140.265,
              "Actual Total Time": 140.266,
              "Actual Rows": 1,
              "Actual Loops": 4,
              "Plans": [
                {
                  "Node Type": "Seq Scan",
                  "Parent Relationship": "Outer",
                  "Parallel Aware": true,
                  "Relation Name": "movie_keyword",
                  "Alias": "mk",
                  "Startup Cost": 0.0,
                  "Total Cost": 42695.65,
                  "Plan Rows": 920705,
                  "Plan Width": 0,
                  "Actual Startup Time": 0.143,
                  "Actual Total Time": 109.688,
                  "Actual Rows": 711600,
                  "Actual Loops": 4,
                  "Filter": "(keyword_id > 2576)",
                  "Rows Removed by Filter": 419383
                }
              ]
            }
          ]
        }
      ]
    },
    "Planning Time": 0.074,
    "Triggers": [],
    "Execution Time": 157.006
  }
]