[
  {
    "Plan": {
      "Node Type": "Aggregate",
      "Strategy": "Plain",
      "Partial Mode": "Simple",
      "Parallel Aware": false,
      "Startup Cost": 596986.88,
      "Total Cost": 596986.89,
      "Plan Rows": 1,
      "Plan Width": 96,
      "Actual Startup Time": 4394.034,
      "Actual Total Time": 4394.473,
      "Actual Rows": 1,
      "Actual Loops": 1,
      "Plans": [
        {
          "Node Type": "Merge Join",
          "Parent Relationship": "Outer",
          "Parallel Aware": false,
          "Join Type": "Inner",
          "Startup Cost": 584201.1,
          "Total Cost": 596986.87,
          "Plan Rows": 1,
          "Plan Width": 42,
          "Actual Startup Time": 4325.05,
          "Actual Total Time": 4393.936,
          "Actual Rows": 2851,
          "Actual Loops": 1,
          "Inner Unique": false,
          "Merge Cond": "(cn.id = mc.company_id)",
          "Plans": [
            {
              "Node Type": "Index Scan",
              "Parent Relationship": "Outer",
              "Parallel Aware": false,
              "Scan Direction": "Forward",
              "Index Name": "company_name_pkey",
              "Relation Name": "company_name",
              "Alias": "cn",
              "Startup Cost": 0.42,
              "Total Cost": 12474.79,
              "Plan Rows": 126217,
              "Plan Width": 23,
              "Actual Startup Time": 0.085,
              "Actual Total Time": 64.359,
              "Actual Rows": 38547,
              "Actual Loops": 1,
              "Filter": "((country_code)::text <> '[us]'::text)",
              "Rows Removed by Filter": 31676
            },
            {
              "Node Type": "Sort",
              "Parent Relationship": "Inner",
              "Parallel Aware": false,
              "Startup Cost": 584200.68,
              "Total Cost": 584200.68,
              "Plan Rows": 1,
              "Plan Width": 27,
              "Actual Startup Time": 4324.65,
              "Actual Total Time": 4325.626,
              "Actual Rows": 3223,
              "Actual Loops": 1,
              "Sort Key": [
                "mc.company_id"
              ],
              "Sort Method": "quicksort",
              "Sort Space Used": 335,
              "Sort Space Type": "Memory",
              "Plans": [
                {
                  "Node Type": "Merge Join",
                  "Parent Relationship": "Outer",
                  "Parallel Aware": false,
                  "Join Type": "Inner",
                  "Startup Cost": 584200.63,
                  "Total Cost": 584200.67,
                  "Plan Rows": 1,
                  "Plan Width": 27,
                  "Actual Startup Time": 4322.492,
                  "Actual Total Time": 4323.746,
                  "Actual Rows": 3223,
                  "Actual Loops": 1,
                  "Inner Unique": true,
                  "Merge Cond": "(mc.company_type_id = ct.id)",
                  "Plans": [
                    {
                      "Node Type": "Sort",
                      "Parent Relationship": "Outer",
                      "Parallel Aware": false,
                      "Startup Cost": 584199.55,
                      "Total Cost": 584199.56,
                      "Plan Rows": 1,
                      "Plan Width": 31,
                      "Actual Startup Time": 4322.44,
                      "Actual Total Time": 4323.057,
                      "Actual Rows": 3223,
                      "Actual Loops": 1,
                      "Sort Key": [
                        "mc.company_type_id"
                      ],
                      "Sort Method": "quicksort",
                      "Sort Space Used": 355,
                      "Sort Space Type": "Memory",
                      "Plans": [
                        {
                          "Node Type": "Merge Join",
                          "Parent Relationship": "Outer",
                          "Parallel Aware": false,
                          "Join Type": "Inner",
                          "Startup Cost": 584111.81,
                          "Total Cost": 584199.54,
                          "Plan Rows": 1,
                          "Plan Width": 31,
                          "Actual Startup Time": 4232.307,
                          "Actual Total Time": 4321.792,
                          "Actual Rows": 3223,
                          "Actual Loops": 1,
                          "Inner Unique": false,
                          "Merge Cond": "(mi.movie_id = t.id)",
                          "Plans": [
                            {
                              "Node Type": "Merge Join",
                              "Parent Relationship": "Outer",
                              "Parallel Aware": false,
                              "Join Type": "Inner",
                              "Startup Cost": 449462.53,
                              "Total Cost": 449493.2,
                              "Plan Rows": 1,
                              "Plan Width": 18,
                              "Actual Startup Time": 3046.985,
                              "Actual Total Time": 3133.992,
                              "Actual Rows": 16083,
                              "Actual Loops": 1,
                              "Inner Unique": false,
                              "Merge Cond": "(mi.movie_id = mk.movie_id)",
                              "Plans": [
                                {
                                  "Node Type": "Sort",
                                  "Parent Relationship": "Outer",
                                  "Parallel Aware": false,
                                  "Startup Cost": 221058.72,
                                  "Total Cost": 221074.05,
                                  "Plan Rows": 6132,
                                  "Plan Width": 4,
                                  "Actual Startup Time": 1182.046,
                                  "Actual Total Time": 1214.356,
                                  "Actual Rows": 588713,
                                  "Actual Loops": 1,
                                  "Sort Key": [
                                    "mi.movie_id"
                                  ],
                                  "Sort Method": "quicksort",
                                  "Sort Space Used": 52175,
                                  "Sort Space Type": "Memory",
                                  "Plans": [
                                    {
                                      "Node Type": "Gather",
                                      "Parent Relationship": "Outer",
                                      "Parallel Aware": false,
                                      "Startup Cost": 219354.52,
                                      "Total Cost": 220672.96,
                                      "Plan Rows": 6132,
                                      "Plan Width": 4,
                                      "Actual Startup Time": 907.733,
                                      "Actual Total Time": 1007.883,
                                      "Actual Rows": 588764,
                                      "Actual Loops": 1,
                                      "Workers Planned": 5,
                                      "Workers Launched": 5,
                                      "Single Copy": false,
                                      "Plans": [
                                        {
                                          "Node Type": "Merge Join",
                                          "Parent Relationship": "Outer",
                                          "Parallel Aware": false,
                                          "Join Type": "Inner",
                                          "Startup Cost": 218354.52,
                                          "Total Cost": 219059.76,
                                          "Plan Rows": 1226,
                                          "Plan Width": 4,
                                          "Actual Startup Time": 896.523,
                                          "Actual Total Time": 930.445,
                                          "Actual Rows": 98127,
                                          "Actual Loops": 6,
                                          "Inner Unique": true,
                                          "Merge Cond": "(mi.info_type_id = it1.id)",
                                          "Plans": [
                                            {
                                              "Node Type": "Sort",
                                              "Parent Relationship": "Outer",
                                              "Parallel Aware": false,
                                              "Startup Cost": 218352.1,
                                              "Total Cost": 218698.58,
                                              "Plan Rows": 138593,
                                              "Plan Width": 8,
                                              "Actual Startup Time": 894.859,
                                              "Actual Total Time": 904.082,
                                              "Actual Rows": 109039,
                                              "Actual Loops": 6,
                                              "Sort Key": [
                                                "mi.info_type_id"
                                              ],
                                              "Sort Method": "quicksort",
                                              "Sort Space Used": 8321,
                                              "Sort Space Type": "Memory",
                                              "Workers": [
                                                {
                                                  "Worker Number": 0,
                                                  "Sort Method": "quicksort",
                                                  "Sort Space Used": 8332,
                                                  "Sort Space Type": "Memory"
                                                },
                                                {
                                                  "Worker Number": 1,
                                                  "Sort Method": "quicksort",
                                                  "Sort Space Used": 8320,
                                                  "Sort Space Type": "Memory"
                                                },
                                                {
                                                  "Worker Number": 2,
                                                  "Sort Method": "quicksort",
                                                  "Sort Space Used": 8250,
                                                  "Sort Space Type": "Memory"
                                                },
                                                {
                                                  "Worker Number": 3,
                                                  "Sort Method": "quicksort",
                                                  "Sort Space Used": 8226,
                                                  "Sort Space Type": "Memory"
                                                },
                                                {
                                                  "Worker Number": 4,
                                                  "Sort Method": "quicksort",
                                                  "Sort Space Used": 8361,
                                                  "Sort Space Type": "Memory"
                                                }
                                              ],
                                              "Plans": [
                                                {
                                                  "Node Type": "Seq Scan",
                                                  "Parent Relationship": "Outer",
                                                  "Parallel Aware": true,
                                                  "Relation Name": "movie_info",
                                                  "Alias": "mi",
                                                  "Startup Cost": 0.0,
                                                  "Total Cost": 206515.92,
                                                  "Plan Rows": 138593,
                                                  "Plan Width": 8,
                                                  "Actual Startup Time": 0.495,
                                                  "Actual Total Time": 865.294,
                                                  "Actual Rows": 111556,
                                                  "Actual Loops": 6,
                                                  "Filter": "(info = ANY ('{Germany,German,USA,American}'::text[]))",
                                                  "Rows Removed by Filter": 2361064
                                                }
                                              ]
                                            },
                                            {
                                              "Node Type": "Sort",
                                              "Parent Relationship": "Inner",
                                              "Parallel Aware": false,
                                              "Startup Cost": 2.42,
                                              "Total Cost": 2.43,
                                              "Plan Rows": 1,
                                              "Plan Width": 4,
                                              "Actual Startup Time": 0.129,
                                              "Actual Total Time": 0.132,
                                              "Actual Rows": 1,
                                              "Actual Loops": 6,
                                              "Sort Key": [
                                                "it1.id"
                                              ],
                                              "Sort Method": "quicksort",
                                              "Sort Space Used": 25,
                                              "Sort Space Type": "Memory",
                                              "Workers": [
                                                {
                                                  "Worker Number": 0,
                                                  "Sort Method": "quicksort",
                                                  "Sort Space Used": 25,
                                                  "Sort Space Type": "Memory"
                                                },
                                                {
                                                  "Worker Number": 1,
                                                  "Sort Method": "quicksort",
                                                  "Sort Space Used": 25,
                                                  "Sort Space Type": "Memory"
                                                },
                                                {
                                                  "Worker Number": 2,
                                                  "Sort Method": "quicksort",
                                                  "Sort Space Used": 25,
                                                  "Sort Space Type": "Memory"
                                                },
                                                {
                                                  "Worker Number": 3,
                                                  "Sort Method": "quicksort",
                                                  "Sort Space Used": 25,
                                                  "Sort Space Type": "Memory"
                                                },
                                                {
                                                  "Worker Number": 4,
                                                  "Sort Method": "quicksort",
                                                  "Sort Space Used": 25,
                                                  "Sort Space Type": "Memory"
                                                }
                                              ],
                                              "Plans": [
                                                {
                                                  "Node Type": "Seq Scan",
                                                  "Parent Relationship": "Outer",
                                                  "Parallel Aware": false,
                                                  "Relation Name": "info_type",
                                                  "Alias": "it1",
                                                  "Startup Cost": 0.0,
                                                  "Total Cost": 2.41,
                                                  "Plan Rows": 1,
                                                  "Plan Width": 4,
                                                  "Actual Startup Time": 0.097,
                                                  "Actual Total Time": 0.105,
                                                  "Actual Rows": 1,
                                                  "Actual Loops": 6,
                                                  "Filter": "((info)::text = 'countries'::text)",
                                                  "Rows Removed by Filter": 112
                                                }
                                              ]
                                            }
                                          ]
                                        }
                                      ]
                                    }
                                  ]
                                },
                                {
                                  "Node Type": "Sort",
                                  "Parent Relationship": "Inner",
                                  "Parallel Aware": false,
                                  "Startup Cost": 228403.8,
                                  "Total Cost": 228403.81,
                                  "Plan Rows": 3,
                                  "Plan Width": 14,
                                  "Actual Startup Time": 1864.852,
                                  "Actual Total Time": 1868.605,
                                  "Actual Rows": 25395,
                                  "Actual Loops": 1,
                                  "Sort Key": [
                                    "mi_idx.movie_id"
                                  ],
                                  "Sort Method": "quicksort",
                                  "Sort Space Used": 1931,
                                  "Sort Space Type": "Memory",
                                  "Plans": [
                                    {
                                      "Node Type": "Gather",
                                      "Parent Relationship": "Outer",
                                      "Parallel Aware": false,
                                      "Startup Cost": 228244.53,
                                      "Total Cost": 228403.78,
                                      "Plan Rows": 3,
                                      "Plan Width": 14,
                                      "Actual Startup Time": 1801.77,
                                      "Actual Total Time": 1855.693,
                                      "Actual Rows": 24800,
                                      "Actual Loops": 1,
                                      "Workers Planned": 3,
                                      "Workers Launched": 3,
                                      "Single Copy": false,
                                      "Plans": [
                                        {
                                          "Node Type": "Merge Join",
                                          "Parent Relationship": "Outer",
                                          "Parallel Aware": false,
                                          "Join Type": "Inner",
                                          "Startup Cost": 227244.53,
                                          "Total Cost": 227403.48,
                                          "Plan Rows": 1,
                                          "Plan Width": 14,
                                          "Actual Startup Time": 1765.697,
                                          "Actual Total Time": 1803.485,
                                          "Actual Rows": 6200,
                                          "Actual Loops": 4,
                                          "Inner Unique": true,
                                          "Merge Cond": "(mk.keyword_id = k.id)",
                                          "Plans": [
                                            {
                                              "Node Type": "Sort",
                                              "Parent Relationship": "Outer",
                                              "Parallel Aware": false,
                                              "Startup Cost": 224282.51,
                                              "Total Cost": 224362.18,
                                              "Plan Rows": 31870,
                                              "Plan Width": 18,
                                              "Actual Startup Time": 1728.564,
                                              "Actual Total Time": 1755.004,
                                              "Actual Rows": 120264,
                                              "Actual Loops": 4,
                                              "Sort Key": [
                                                "mk.keyword_id"
                                              ],
                                              "Sort Method": "quicksort",
                                              "Sort Space Used": 58633,
                                              "Sort Space Type": "Memory",
                                              "Workers": [
                                                {
                                                  "Worker Number": 0,
                                                  "Sort Method": "quicksort",
                                                  "Sort Space Used": 50547,
                                                  "Sort Space Type": "Memory"
                                                },
                                                {
                                                  "Worker Number": 1,
                                                  "Sort Method": "quicksort",
                                                  "Sort Space Used": 50663,
                                                  "Sort Space Type": "Memory"
                                                },
                                                {
                                                  "Worker Number": 2,
                                                  "Sort Method": "quicksort",
                                                  "Sort Space Used": 49860,
                                                  "Sort Space Type": "Memory"
                                                }
                                              ],
                                              "Plans": [
                                                {
                                                  "Node Type": "Merge Join",
                                                  "Parent Relationship": "Outer",
                                                  "Parallel Aware": false,
                                                  "Join Type": "Inner",
                                                  "Startup Cost": 71301.39,
                                                  "Total Cost": 221898.65,
                                                  "Plan Rows": 31870,
                                                  "Plan Width": 18,
                                                  "Actual Startup Time": 701.357,
                                                  "Actual Total Time": 1455.899,
                                                  "Actual Rows": 594104,
                                                  "Actual Loops": 4,
                                                  "Inner Unique": false,
                                                  "Merge Cond": "(mk.movie_id = mi_idx.movie_id)",
                                                  "Plans": [
                                                    {
                                                      "Node Type": "Index Scan",
                                                      "Parent Relationship": "Outer",
                                                      "Parallel Aware": true,
                                                      "Scan Direction": "Forward",
                                                      "Index Name": "movie_id_movie_keyword",
                                                      "Relation Name": "movie_keyword",
                                                      "Alias": "mk",
                                                      "Startup Cost": 0.43,
                                                      "Total Cost": 146510.84,
                                                      "Plan Rows": 1459332,
                                                      "Plan Width": 8,
                                                      "Actual Startup Time": 0.13,
                                                      "Actual Total Time": 441.769,
                                                      "Actual Rows": 1130981,
                                                      "Actual Loops": 4
                                                    },
                                                    {
                                                      "Node Type": "Sort",
                                                      "Parent Relationship": "Inner",
                                                      "Parallel Aware": false,
                                                      "Startup Cost": 71300.94,
                                                      "Total Cost": 71326.84,
                                                      "Plan Rows": 10359,
                                                      "Plan Width": 10,
                                                      "Actual Startup Time": 701.168,
                                                      "Actual Total Time": 758.586,
                                                      "Actual Rows": 875552,
                                                      "Actual Loops": 4,
                                                      "Sort Key": [
                                                        "mi_idx.movie_id"
                                                      ],
                                                      "Sort Method": "quicksort",
                                                      "Sort Space Used": 27481,
                                                      "Sort Space Type": "Memory",
                                                      "Workers": [
                                                        {
                                                          "Worker Number": 0,
                                                          "Sort Method": "quicksort",
                                                          "Sort Space Used": 27481,
                                                          "Sort Space Type": "Memory"
                                                        },
                                                        {
                                                          "Worker Number": 1,
                                                          "Sort Method": "quicksort",
                                                          "Sort Space Used": 27481,
                                                          "Sort Space Type": "Memory"
                                                        },
                                                        {
                                                          "Worker Number": 2,
                                                          "Sort Method": "quicksort",
                                                          "Sort Space Used": 27481,
                                                          "Sort Space Type": "Memory"
                                                        }
                                                      ],
                                                      "Plans": [
                                                        {
                                                          "Node Type": "Merge Join",
                                                          "Parent Relationship": "Outer",
                                                          "Parallel Aware": false,
                                                          "Join Type": "Inner",
                                                          "Startup Cost": 2.86,
                                                          "Total Cost": 70610.07,
                                                          "Plan Rows": 10359,
                                                          "Plan Width": 10,
                                                          "Actual Startup Time": 395.32,
                                                          "Actual Total Time": 586.322,
                                                          "Actual Rows": 324117,
                                                          "Actual Loops": 4,
                                                          "Inner Unique": true,
                                                          "Merge Cond": "(mi_idx.info_type_id = it2.id)",
                                                          "Plans": [
                                                            {
                                                              "Node Type": "Index Scan",
                                                              "Parent Relationship": "Outer",
                                                              "Parallel Aware": false,
                                                              "Scan Direction": "Forward",
                                                              "Index Name": "info_type_id_movie_info_idx",
                                                              "Relation Name": "movie_info_idx",
                                                              "Alias": "mi_idx",
                                                              "Startup Cost": 0.43,
                                                              "Total Cost": 67577.66,
                                                              "Plan Rows": 1170555,
                                                              "Plan Width": 14,
                                                              "Actual Startup Time": 0.155,
                                                              "Actual Total Time": 474.235,
                                                              "Actual Rows": 1172735,
                                                              "Actual Loops": 4,
                                                              "Filter": "(info < '7.0'::text)",
                                                              "Rows Removed by Filter": 207041
                                                            },
                                                            {
                                                              "Node Type": "Sort",
                                                              "Parent Relationship": "Inner",
                                                              "Parallel Aware": false,
                                                              "Startup Cost": 2.42,
                                                              "Total Cost": 2.43,
                                                              "Plan Rows": 1,
                                                              "Plan Width": 4,
                                                              "Actual Startup Time": 0.086,
                                                              "Actual Total Time": 0.088,
                                                              "Actual Rows": 1,
                                                              "Actual Loops": 4,
                                                              "Sort Key": [
                                                                "it2.id"
                                                              ],
                                                              "Sort Method": "quicksort",
                                                              "Sort Space Used": 25,
                                                              "Sort Space Type": "Memory",
                                                              "Workers": [
                                                                {
                                                                  "Worker Number": 0,
                                                                  "Sort Method": "quicksort",
                                                                  "Sort Space Used": 25,
                                                                  "Sort Space Type": "Memory"
                                                                },
                                                                {
                                                                  "Worker Number": 1,
                                                                  "Sort Method": "quicksort",
                                                                  "Sort Space Used": 25,
                                                                  "Sort Space Type": "Memory"
                                                                },
                                                                {
                                                                  "Worker Number": 2,
                                                                  "Sort Method": "quicksort",
                                                                  "Sort Space Used": 25,
                                                                  "Sort Space Type": "Memory"
                                                                }
                                                              ],
                                                              "Plans": [
                                                                {
                                                                  "Node Type": "Seq Scan",
                                                                  "Parent Relationship": "Outer",
                                                                  "Parallel Aware": false,
                                                                  "Relation Name": "info_type",
                                                                  "Alias": "it2",
                                                                  "Startup Cost": 0.0,
                                                                  "Total Cost": 2.41,
                                                                  "Plan Rows": 1,
                                                                  "Plan Width": 4,
                                                                  "Actual Startup Time": 0.055,
                                                                  "Actual Total Time": 0.058,
                                                                  "Actual Rows": 1,
                                                                  "Actual Loops": 4,
                                                                  "Filter": "((info)::text = 'rating'::text)",
                                                                  "Rows Removed by Filter": 112
                                                                }
                                                              ]
                                                            }
                                                          ]
                                                        }
                                                      ]
                                                    }
                                                  ]
                                                }
                                              ]
                                            },
                                            {
                                              "Node Type": "Sort",
                                              "Parent Relationship": "Inner",
                                              "Parallel Aware": false,
                                              "Startup Cost": 2961.59,
                                              "Total Cost": 2961.6,
                                              "Plan Rows": 4,
                                              "Plan Width": 4,
                                              "Actual Startup Time": 28.944,
                                              "Actual Total Time": 28.947,
                                              "Actual Rows": 3,
                                              "Actual Loops": 4,
                                              "Sort Key": [
                                                "k.id"
                                              ],
                                              "Sort Method": "quicksort",
                                              "Sort Space Used": 25,
                                              "Sort Space Type": "Memory",
                                              "Workers": [
                                                {
                                                  "Worker Number": 0,
                                                  "Sort Method": "quicksort",
                                                  "Sort Space Used": 25,
                                                  "Sort Space Type": "Memory"
                                                },
                                                {
                                                  "Worker Number": 1,
                                                  "Sort Method": "quicksort",
                                                  "Sort Space Used": 25,
                                                  "Sort Space Type": "Memory"
                                                },
                                                {
                                                  "Worker Number": 2,
                                                  "Sort Method": "quicksort",
                                                  "Sort Space Used": 25,
                                                  "Sort Space Type": "Memory"
                                                }
                                              ],
                                              "Plans": [
                                                {
                                                  "Node Type": "Seq Scan",
                                                  "Parent Relationship": "Outer",
                                                  "Parallel Aware": false,
                                                  "Relation Name": "keyword",
                                                  "Alias": "k",
                                                  "Startup Cost": 0.0,
                                                  "Total Cost": 2961.55,
                                                  "Plan Rows": 4,
                                                  "Plan Width": 4,
                                                  "Actual Startup Time": 1.432,
                                                  "Actual Total Time": 28.922,
                                                  "Actual Rows": 3,
                                                  "Actual Loops": 4,
                                                  "Filter": "(keyword = ANY ('{murder,murder-in-title,blood,violence}'::text[]))",
                                                  "Rows Removed by Filter": 134167
                                                }
                                              ]
                                            }
                                          ]
                                        }
                                      ]
                                    }
                                  ]
                                }
                              ]
                            },
                            {
                              "Node Type": "Sort",
                              "Parent Relationship": "Inner",
                              "Parallel Aware": false,
                              "Startup Cost": 134649.28,
                              "Total Cost": 134677.83,
                              "Plan Rows": 11419,
                              "Plan Width": 33,
                              "Actual Startup Time": 1182.042,
                              "Actual Total Time": 1184.189,
                              "Actual Rows": 21260,
                              "Actual Loops": 1,
                              "Sort Key": [
                                "t.id"
                              ],
                              "Sort Method": "quicksort",
                              "Sort Space Used": 2407,
                              "Sort Space Type": "Memory",
                              "Plans": [
                                {
                                  "Node Type": "Gather",
                                  "Parent Relationship": "Outer",
                                  "Parallel Aware": false,
                                  "Startup Cost": 132659.27,
                                  "Total Cost": 133879.69,
                                  "Plan Rows": 11419,
                                  "Plan Width": 33,
                                  "Actual Startup Time": 1166.793,
                                  "Actual Total Time": 1174.875,
                                  "Actual Rows": 19509,
                                  "Actual Loops": 1,
                                  "Workers Planned": 4,
                                  "Workers Launched": 4,
                                  "Single Copy": false,
                                  "Plans": [
                                    {
                                      "Node Type": "Merge Join",
                                      "Parent Relationship": "Outer",
                                      "Parallel Aware": false,
                                      "Join Type": "Inner",
                                      "Startup Cost": 131659.27,
                                      "Total Cost": 131737.79,
                                      "Plan Rows": 2855,
                                      "Plan Width": 33,
                                      "Actual Startup Time": 1154.009,
                                      "Actual Total Time": 1155.486,
                                      "Actual Rows": 3902,
                                      "Actual Loops": 5,
                                      "Inner Unique": true,
                                      "Merge Cond": "(t.kind_id = kt.id)",
                                      "Plans": [
                                        {
                                          "Node Type": "Sort",
                                          "Parent Relationship": "Outer",
                                          "Parallel Aware": false,
                                          "Startup Cost": 131658.17,
                                          "Total Cost": 131683.15,
                                          "Plan Rows": 9992,
                                          "Plan Width": 37,
                                          "Actual Startup Time": 1153.931,
                                          "Actual Total Time": 1154.334,
                                          "Actual Rows": 5836,
                                          "Actual Loops": 5,
                                          "Sort Key": [
                                            "t.kind_id"
                                          ],
                                          "Sort Method": "quicksort",
                                          "Sort Space Used": 728,
                                          "Sort Space Type": "Memory",
                                          "Workers": [
                                            {
                                              "Worker Number": 0,
                                              "Sort Method": "quicksort",
                                              "Sort Space Used": 706,
                                              "Sort Space Type": "Memory"
                                            },
                                            {
                                              "Worker Number": 1,
                                              "Sort Method": "quicksort",
                                              "Sort Space Used": 703,
                                              "Sort Space Type": "Memory"
                                            },
                                            {
                                              "Worker Number": 2,
                                              "Sort Method": "quicksort",
                                              "Sort Space Used": 720,
                                              "Sort Space Type": "Memory"
                                            },
                                            {
                                              "Worker Number": 3,
                                              "Sort Method": "quicksort",
                                              "Sort Space Used": 695,
                                              "Sort Space Type": "Memory"
                                            }
                                          ],
                                          "Plans": [
                                            {
                                              "Node Type": "Merge Join",
                                              "Parent Relationship": "Outer",
                                              "Parallel Aware": false,
                                              "Join Type": "Inner",
                                              "Startup Cost": 129305.02,
                                              "Total Cost": 130994.38,
                                              "Plan Rows": 9992,
                                              "Plan Width": 37,
                                              "Actual Startup Time": 1075.229,
                                              "Actual Total Time": 1151.259,
                                              "Actual Rows": 5836,
                                              "Actual Loops": 5,
                                              "Inner Unique": false,
                                              "Merge Cond": "(t.id = mc.movie_id)",
                                              "Plans": [
                                                {
                                                  "Node Type": "Sort",
                                                  "Parent Relationship": "Outer",
                                                  "Parallel Aware": false,
                                                  "Startup Cost": 58127.1,
                                                  "Total Cost": 58537.72,
                                                  "Plan Rows": 164247,
                                                  "Plan Width": 25,
                                                  "Actual Startup Time": 264.253,
                                                  "Actual Total Time": 281.067,
                                                  "Actual Rows": 132364,
                                                  "Actual Loops": 5,
                                                  "Sort Key": [
                                                    "t.id"
                                                  ],
                                                  "Sort Method": "quicksort",
                                                  "Sort Space Used": 17167,
                                                  "Sort Space Type": "Memory",
                                                  "Workers": [
                                                    {
                                                      "Worker Number": 0,
                                                      "Sort Method": "quicksort",
                                                      "Sort Space Used": 12957,
                                                      "Sort Space Type": "Memory"
                                                    },
                                                    {
                                                      "Worker Number": 1,
                                                      "Sort Method": "quicksort",
                                                      "Sort Space Used": 12600,
                                                      "Sort Space Type": "Memory"
                                                    },
                                                    {
                                                      "Worker Number": 2,
                                                      "Sort Method": "quicksort",
                                                      "Sort Space Used": 12974,
                                                      "Sort Space Type": "Memory"
                                                    },
                                                    {
                                                      "Worker Number": 3,
                                                      "Sort Method": "quicksort",
                                                      "Sort Space Used": 16186,
                                                      "Sort Space Type": "Memory"
                                                    }
                                                  ],
                                                  "Plans": [
                                                    {
                                                      "Node Type": "Seq Scan",
                                                      "Parent Relationship": "Outer",
                                                      "Parallel Aware": true,
                                                      "Relation Name": "title",
                                                      "Alias": "t",
                                                      "Startup Cost": 0.0,
                                                      "Total Cost": 43898.79,
                                                      "Plan Rows": 164247,
                                                      "Plan Width": 25,
                                                      "Actual Startup Time": 0.073,
                                                      "Actual Total Time": 187.905,
                                                      "Actual Rows": 132413,
                                                      "Actual Loops": 5,
                                                      "Filter": "(production_year > 2008)",
                                                      "Rows Removed by Filter": 373249
                                                    }
                                                  ]
                                                },
                                                {
                                                  "Node Type": "Sort",
                                                  "Parent Relationship": "Inner",
                                                  "Parallel Aware": false,
                                                  "Startup Cost": 71177.9,
                                                  "Total Cost": 71562.42,
                                                  "Plan Rows": 153806,
                                                  "Plan Width": 12,
                                                  "Actual Startup Time": 810.895,
                                                  "Actual Total Time": 828.139,
                                                  "Actual Rows": 303271,
                                                  "Actual Loops": 5,
                                                  "Sort Key": [
                                                    "mc.movie_id"
                                                  ],
                                                  "Sort Method": "quicksort",
                                                  "Sort Space Used": 26504,
                                                  "Sort Space Type": "Memory",
                                                  "Workers": [
                                                    {
                                                      "Worker Number": 0,
                                                      "Sort Method": "quicksort",
                                                      "Sort Space Used": 26504,
                                                      "Sort Space Type": "Memory"
                                                    },
                                                    {
                                                      "Worker Number": 1,
                                                      "Sort Method": "quicksort",
                                                      "Sort Space Used": 26504,
                                                      "Sort Space Type": "Memory"
                                                    },
                                                    {
                                                      "Worker Number": 2,
                                                      "Sort Method": "quicksort",
                                                      "Sort Space Used": 26504,
                                                      "Sort Space Type": "Memory"
                                                    },
                                                    {
                                                      "Worker Number": 3,
                                                      "Sort Method": "quicksort",
                                                      "Sort Space Used": 26504,
                                                      "Sort Space Type": "Memory"
                                                    }
                                                  ],
                                                  "Plans": [
                                                    {
                                                      "Node Type": "Seq Scan",
                                                      "Parent Relationship": "Outer",
                                                      "Parallel Aware": false,
                                                      "Relation Name": "movie_companies",
                                                      "Alias": "mc",
                                                      "Startup Cost": 0.0,
                                                      "Total Cost": 57926.93,
                                                      "Plan Rows": 153806,
                                                      "Plan Width": 12,
                                                      "Actual Startup Time": 0.069,
                                                      "Actual Total Time": 693.817,
                                                      "Actual Rows": 303271,
                                                      "Actual Loops": 5,
                                                      "Filter": "((note !~~ '%(USA)%'::text) AND (note ~~ '%(200%)%'::text))",
                                                      "Rows Removed by Filter": 2305858
                                                    }
                                                  ]
                                                }
                                              ]
                                            }
                                          ]
                                        },
                                        {
                                          "Node Type": "Sort",
                                          "Parent Relationship": "Inner",
                                          "Parallel Aware": false,
                                          "Startup Cost": 1.1,
                                          "Total Cost": 1.1,
                                          "Plan Rows": 2,
                                          "Plan Width": 4,
                                          "Actual Startup Time": 0.073,
                                          "Actual Total Time": 0.074,
                                          "Actual Rows": 2,
                                          "Actual Loops": 5,
                                          "Sort Key": [
                                            "kt.id"
                                          ],
                                          "Sort Method": "quicksort",
                                          "Sort Space Used": 25,
                                          "Sort Space Type": "Memory",
                                          "Workers": [
                                            {
                                              "Worker Number": 0,
                                              "Sort Method": "quicksort",
                                              "Sort Space Used": 25,
                                              "Sort Space Type": "Memory"
                                            },
                                            {
                                              "Worker Number": 1,
                                              "Sort Method": "quicksort",
                                              "Sort Space Used": 25,
                                              "Sort Space Type": "Memory"
                                            },
                                            {
                                              "Worker Number": 2,
                                              "Sort Method": "quicksort",
                                              "Sort Space Used": 25,
                                              "Sort Space Type": "Memory"
                                            },
                                            {
                                              "Worker Number": 3,
                                              "Sort Method": "quicksort",
                                              "Sort Space Used": 25,
                                              "Sort Space Type": "Memory"
                                            }
                                          ],
                                          "Plans": [
                                            {
                                              "Node Type": "Seq Scan",
                                              "Parent Relationship": "Outer",
                                              "Parallel Aware": false,
                                              "Relation Name": "kind_type",
                                              "Alias": "kt",
                                              "Startup Cost": 0.0,
                                              "Total Cost": 1.09,
                                              "Plan Rows": 2,
                                              "Plan Width": 4,
                                              "Actual Startup Time": 0.059,
                                              "Actual Total Time": 0.062,
                                              "Actual Rows": 2,
                                              "Actual Loops": 5,
                                              "Filter": "((kind)::text = ANY ('{movie,episode}'::text[]))",
                                              "Rows Removed by Filter": 5
                                            }
                                          ]
                                        }
                                      ]
                                    }
                                  ]
                                }
                              ]
                            }
                          ]
                        }
                      ]
                    },
                    {
                      "Node Type": "Sort",
                      "Parent Relationship": "Inner",
                      "Parallel Aware": false,
                      "Startup Cost": 1.08,
                      "Total Cost": 1.09,
                      "Plan Rows": 4,
                      "Plan Width": 4,
                      "Actual Startup Time": 0.045,
                      "Actual Total Time": 0.046,
                      "Actual Rows": 1,
                      "Actual Loops": 1,
                      "Sort Key": [
                        "ct.id"
                      ],
                      "Sort Method": "quicksort",
                      "Sort Space Used": 25,
                      "Sort Space Type": "Memory",
                      "Plans": [
                        {
                          "Node Type": "Seq Scan",
                          "Parent Relationship": "Outer",
                          "Parallel Aware": false,
                          "Relation Name": "company_type",
                          "Alias": "ct",
                          "Startup Cost": 0.0,
                          "Total Cost": 1.04,
                          "Plan Rows": 4,
                          "Plan Width": 4,
                          "Actual Startup Time": 0.03,
                          "Actual Total Time": 0.032,
                          "Actual Rows": 4,
                          "Actual Loops": 1
                        }
                      ]
                    }
                  ]
                }
              ]
            }
          ]
        }
      ]
    },
    "Planning Time": 51.623,
    "Triggers": [],
    "Execution Time": 4407.702
  }
]