{
  "Plan": {
    "Node Type": "Aggregate",
    "Strategy": "Plain",
    "Partial Mode": "Finalize",
    "Parallel Aware": false,
    "Startup Cost": 108483.46,
    "Total Cost": 108483.47,
    "Plan Rows": 1,
    "Plan Width": 8,
    "Actual Startup Time": 595.181,
    "Actual Total Time": 612.783,
    "Actual Rows": 1,
    "Actual Loops": 1,
    "Plans": [
      {
        "Node Type": "Gather",
        "Parent Relationship": "Outer",
        "Parallel Aware": false,
        "Startup Cost": 108483.35,
        "Total Cost": 108483.46,
        "Plan Rows": 1,
        "Plan Width": 8,
        "Actual Startup Time": 592.397,
        "Actual Total Time": 612.773,
        "Actual Rows": 2,
        "Actual Loops": 1,
        "Workers Planned": 1,
        "Workers Launched": 1,
        "Single Copy": false,
        "Plans": [
          {
            "Node Type": "Aggregate",
            "Strategy": "Plain",
            "Partial Mode": "Partial",
            "Parent Relationship": "Outer",
            "Parallel Aware": false,
            "Startup Cost": 107483.35,
            "Total Cost": 107483.36,
            "Plan Rows": 1,
            "Plan Width": 8,
            "Actual Startup Time": 586.226,
            "Actual Total Time": 586.23,
            "Actual Rows": 1,
            "Actual Loops": 2,
            "Plans": [
              {
                "Node Type": "Hash Join",
                "Parent Relationship": "Outer",
                "Parallel Aware": true,
                "Join Type": "Inner",
                "Startup Cost": 45602.67,
                "Total Cost": 106993.61,
                "Plan Rows": 195894,
                "Plan Width": 0,
                "Actual Startup Time": 236.598,
                "Actual Total Time": 578.3,
                "Actual Rows": 156708,
                "Actual Loops": 2,
                "Inner Unique": false,
                "Hash Cond": "(t.id = mc.movie_id)",
                "Plans": [
                  {
                    "Node Type": "Seq Scan",
                    "Parent Relationship": "Outer",
                    "Parallel Aware": true,
                    "Relation Name": "title",
                    "Alias": "t",
                    "Startup Cost": 0.0,
                    "Total Cost": 54588.39,
                    "Plan Rows": 904038,
                    "Plan Width": 4,
                    "Actual Startup Time": 0.019,
                    "Actual Total Time": 158.245,
                    "Actual Rows": 771632,
                    "Actual Loops": 2,
                    "Filter": "(kind_id = 7)",
                    "Rows Removed by Filter": 492524
                  },
                  {
                    "Node Type": "Hash",
                    "Parent Relationship": "Inner",
                    "Parallel Aware": true,
                    "Startup Cost": 41574.35,
                    "Total Cost": 41574.35,
                    "Plan Rows": 322265,
                    "Plan Width": 4,
                    "Actual Startup Time": 227.081,
                    "Actual Total Time": 227.082,
                    "Actual Rows": 379038,
                    "Actual Loops": 2,
                    "Hash Buckets": 1048576,
                    "Original Hash Buckets": 1048576,
                    "Hash Batches": 1,
                    "Original Hash Batches": 1,
                    "Peak Memory Usage": 37888,
                    "Plans": [
                      {
                        "Node Type": "Index Scan",
                        "Parent Relationship": "Outer",
                        "Parallel Aware": true,
                        "Scan Direction": "Forward",
                        "Index Name": "company_type_id_movie_companies",
                        "Relation Name": "movie_companies",
                        "Alias": "mc",
                        "Startup Cost": 0.43,
                        "Total Cost": 41574.35,
                        "Plan Rows": 322265,
                        "Plan Width": 4,
                        "Actual Startup Time": 0.113,
                        "Actual Total Time": 135.764,
                        "Actual Rows": 379038,
                        "Actual Loops": 2,
                        "Index Cond": "(company_type_id < 2)",
                        "Rows Removed by Index Recheck": 0,
                        "Filter": "(company_id < 7851)",
                        "Rows Removed by Filter": 258086
                      }
                    ]
                  }
                ]
              }
            ]
          }
        ]
      }
    ]
  },
  "Planning Time": 0.729,
  "Triggers": [],
  "Execution Time": 612.863
}