[
  {
    "Plan": {
      "Node Type": "Aggregate",
      "Strategy": "Plain",
      "Partial Mode": "Finalize",
      "Parallel Aware": false,
      "Startup Cost": 10219.28,
      "Total Cost": 10219.29,
      "Plan Rows": 1,
      "Plan Width": 8,
      "Actual Startup Time": 27.88,
      "Actual Total Time": 32.059,
      "Actual Rows": 1,
      "Actual Loops": 1,
      "Plans": [
        {
          "Node Type": "Gather",
          "Parent Relationship": "Outer",
          "Parallel Aware": false,
          "Startup Cost": 10218.96,
          "Total Cost": 10219.27,
          "Plan Rows": 3,
          "Plan Width": 8,
          "Actual Startup Time": 27.78,
          "Actual Total Time": 32.052,
          "Actual Rows": 4,
          "Actual Loops": 1,
          "Workers Planned": 3,
          "Workers Launched": 3,
          "Single Copy": false,
          "Plans": [
            {
              "Node Type": "Aggregate",
              "Strategy": "Plain",
              "Partial Mode": "Partial",
              "Parent Relationship": "Outer",
              "Parallel Aware": false,
              "Startup Cost": 9218.96,
              "Total Cost": 9218.97,
              "Plan Rows": 1,
              "Plan Width": 8,
              "Actual Startup Time": 23.61,
              "Actual Total Time": 23.611,
              "Actual Rows": 1,
              "Actual Loops": 4,
              "Plans": [
                {
                  "Node Type": "Index Scan",
                  "Parent Relationship": "Outer",
                  "Parallel Aware": true,
                  "Scan Direction": "Forward",
                  "Index Name": "role_id_cast_info",
                  "Relation Name": "cast_info",
                  "Alias": "ci",
                  "Startup Cost": 0.56,
                  "Total Cost": 9091.72,
                  "Plan Rows": 50895,
                  "Plan Width": 0,
                  "Actual Startup Time": 0.067,
                  "Actual Total Time": 22.297,
                  "Actual Rows": 18106,
                  "Actual Loops": 4,
                  "Index Cond": "(role_id > 10)",
                  "Rows Removed by Index Recheck": 0,
                  "Filter": "(person_id < 1821435)",
                  "Rows Removed by Filter": 60923
                }
              ]
            }
          ]
        }
      ]
    },
    "Planning Time": 0.212,
    "Triggers": [],
    "Execution Time": 32.117
  }
]