[
  {
    "Plan": {
      "Node Type": "Aggregate",
      "Strategy": "Plain",
      "Partial Mode": "Finalize",
      "Parallel Aware": false,
      "Startup Cost": 9722.29,
      "Total Cost": 9722.3,
      "Plan Rows": 1,
      "Plan Width": 8,
      "Actual Startup Time": 39.259,
      "Actual Total Time": 41.933,
      "Actual Rows": 1,
      "Actual Loops": 1,
      "Plans": [
        {
          "Node Type": "Gather",
          "Parent Relationship": "Outer",
          "Parallel Aware": false,
          "Startup Cost": 9721.97,
          "Total Cost": 9722.28,
          "Plan Rows": 3,
          "Plan Width": 8,
          "Actual Startup Time": 39.199,
          "Actual Total Time": 41.926,
          "Actual Rows": 4,
          "Actual Loops": 1,
          "Workers Planned": 3,
          "Workers Launched": 3,
          "Single Copy": false,
          "Plans": [
            {
              "Node Type": "Aggregate",
              "Strategy": "Plain",
              "Partial Mode": "Partial",
              "Parent Relationship": "Outer",
              "Parallel Aware": false,
              "Startup Cost": 8721.97,
              "Total Cost": 8721.98,
              "Plan Rows": 1,
              "Plan Width": 8,
              "Actual Startup Time": 32.452,
              "Actual Total Time": 32.453,
              "Actual Rows": 1,
              "Actual Loops": 4,
              "Plans": [
                {
                  "Node Type": "Index Scan",
                  "Parent Relationship": "Outer",
                  "Parallel Aware": true,
                  "Scan Direction": "Forward",
                  "Index Name": "role_id_cast_info",
                  "Relation Name": "cast_info",
                  "Alias": "ci",
                  "Startup Cost": 0.56,
                  "Total Cost": 8600.37,
                  "Plan Rows": 48641,
                  "Plan Width": 0,
                  "Actual Startup Time": 0.153,
                  "Actual Total Time": 30.485,
                  "Actual Rows": 18106,
                  "Actual Loops": 4,
                  "Index Cond": "(role_id > 10)",
                  "Rows Removed by Index Recheck": 0,
                  "Filter": "(person_id < 1821435)",
                  "Rows Removed by Filter": 60923
                }
              ]
            }
          ]
        }
      ]
    },
    "Planning Time": 0.224,
    "Triggers": [],
    "Execution Time": 42.044
  }
]