[
  {
    "Plan": {
      "Node Type": "Aggregate",
      "Strategy": "Plain",
      "Partial Mode": "Finalize",
      "Parallel Aware": false,
      "Startup Cost": 341918.41,
      "Total Cost": 341918.42,
      "Plan Rows": 1,
      "Plan Width": 8,
      "Actual Startup Time": 857.62,
      "Actual Total Time": 915.128,
      "Actual Rows": 1,
      "Actual Loops": 1,
      "Plans": [
        {
          "Node Type": "Gather",
          "Parent Relationship": "Outer",
          "Parallel Aware": false,
          "Startup Cost": 341917.78,
          "Total Cost": 341918.39,
          "Plan Rows": 6,
          "Plan Width": 8,
          "Actual Startup Time": 857.52,
          "Actual Total Time": 915.118,
          "Actual Rows": 7,
          "Actual Loops": 1,
          "Workers Planned": 6,
          "Workers Launched": 6,
          "Single Copy": false,
          "Plans": [
            {
              "Node Type": "Aggregate",
              "Strategy": "Plain",
              "Partial Mode": "Partial",
              "Parent Relationship": "Outer",
              "Parallel Aware": false,
              "Startup Cost": 340917.78,
              "Total Cost": 340917.79,
              "Plan Rows": 1,
              "Plan Width": 8,
              "Actual Startup Time": 848.281,
              "Actual Total Time": 848.282,
              "Actual Rows": 1,
              "Actual Loops": 7,
              "Plans": [
                {
                  "Node Type": "Seq Scan",
                  "Parent Relationship": "Outer",
                  "Parallel Aware": true,
                  "Relation Name": "cast_info",
                  "Alias": "ci",
                  "Startup Cost": 0.0,
                  "Total Cost": 328162.03,
                  "Plan Rows": 5102303,
                  "Plan Width": 0,
                  "Actual Startup Time": 76.892,
                  "Actual Total Time": 656.501,
                  "Actual Rows": 4355696,
                  "Actual Loops": 7,
                  "Filter": "(person_id > 558005)",
                  "Rows Removed by Filter": 822067
                }
              ]
            }
          ]
        }
      ]
    },
    "Planning Time": 0.152,
    "Triggers": [],
    "Execution Time": 915.19
  }
]