{
  "Plan": {
    "Node Type": "Aggregate",
    "Strategy": "Plain",
    "Partial Mode": "Finalize",
    "Parallel Aware": false,
    "Startup Cost": 668281.02,
    "Total Cost": 668281.03,
    "Plan Rows": 1,
    "Plan Width": 8,
    "Actual Startup Time": 3414.627,
    "Actual Total Time": 3486.445,
    "Actual Rows": 1,
    "Actual Loops": 1,
    "Plans": [
      {
        "Node Type": "Gather",
        "Parent Relationship": "Outer",
        "Parallel Aware": false,
        "Startup Cost": 668280.9,
        "Total Cost": 668281.01,
        "Plan Rows": 1,
        "Plan Width": 8,
        "Actual Startup Time": 3409.331,
        "Actual Total Time": 3486.433,
        "Actual Rows": 2,
        "Actual Loops": 1,
        "Workers Planned": 1,
        "Workers Launched": 1,
        "Single Copy": false,
        "Plans": [
          {
            "Node Type": "Aggregate",
            "Strategy": "Plain",
            "Partial Mode": "Partial",
            "Parent Relationship": "Outer",
            "Parallel Aware": false,
            "Startup Cost": 667280.9,
            "Total Cost": 667280.91,
            "Plan Rows": 1,
            "Plan Width": 8,
            "Actual Startup Time": 3404.878,
            "Actual Total Time": 3404.888,
            "Actual Rows": 1,
            "Actual Loops": 2,
            "Plans": [
              {
                "Node Type": "Hash Join",
                "Parent Relationship": "Outer",
                "Parallel Aware": true,
                "Join Type": "Inner",
                "Startup Cost": 110401.67,
                "Total Cost": 663915.08,
                "Plan Rows": 1346329,
                "Plan Width": 0,
                "Actual Startup Time": 736.52,
                "Actual Total Time": 3314.589,
                "Actual Rows": 2179012,
                "Actual Loops": 2,
                "Inner Unique": false,
                "Hash Cond": "(ci.movie_id = t.id)",
                "Plans": [
                  {
                    "Node Type": "Seq Scan",
                    "Parent Relationship": "Outer",
                    "Parallel Aware": true,
                    "Relation Name": "cast_info",
                    "Alias": "ci",
                    "Startup Cost": 0.0,
                    "Total Cost": 519069.44,
                    "Plan Rows": 7073170,
                    "Plan Width": 4,
                    "Actual Startup Time": 0.019,
                    "Actual Total Time": 1376.176,
                    "Actual Rows": 6001301,
                    "Actual Loops": 2,
                    "Filter": "(person_id < 1181555)",
                    "Rows Removed by Filter": 12120871
                  },
                  {
                    "Node Type": "Hash",
                    "Parent Relationship": "Inner",
                    "Parallel Aware": true,
                    "Startup Cost": 106863.12,
                    "Total Cost": 106863.12,
                    "Plan Rows": 283084,
                    "Plan Width": 8,
                    "Actual Startup Time": 731.356,
                    "Actual Total Time": 731.363,
                    "Actual Rows": 267731,
                    "Actual Loops": 2,
                    "Hash Buckets": 1048576,
                    "Original Hash Buckets": 524288,
                    "Hash Batches": 1,
                    "Original Hash Batches": 1,
                    "Peak Memory Usage": 33280,
                    "Plans": [
                      {
                        "Node Type": "Hash Join",
                        "Parent Relationship": "Outer",
                        "Parallel Aware": true,
                        "Join Type": "Inner",
                        "Startup Cost": 67362.99,
                        "Total Cost": 106863.12,
                        "Plan Rows": 283084,
                        "Plan Width": 8,
                        "Actual Startup Time": 373.42,
                        "Actual Total Time": 639.495,
                        "Actual Rows": 267731,
                        "Actual Loops": 2,
                        "Inner Unique": true,
                        "Hash Cond": "(mc.movie_id = t.id)",
                        "Plans": [
                          {
                            "Node Type": "Seq Scan",
                            "Parent Relationship": "Outer",
                            "Parallel Aware": true,
                            "Relation Name": "movie_companies",
                            "Alias": "mc",
                            "Startup Cost": 0.0,
                            "Total Cost": 37974.77,
                            "Plan Rows": 581089,
                            "Plan Width": 4,
                            "Actual Startup Time": 0.015,
                            "Actual Total Time": 113.534,
                            "Actual Rows": 492528,
                            "Actual Loops": 2,
                            "Filter": "(company_id < 4501)",
                            "Rows Removed by Filter": 812036
                          },
                          {
                            "Node Type": "Hash",
                            "Parent Relationship": "Inner",
                            "Parallel Aware": true,
                            "Startup Cost": 58306.47,
                            "Total Cost": 58306.47,
                            "Plan Rows": 724522,
                            "Plan Width": 4,
                            "Actual Startup Time": 362.588,
                            "Actual Total Time": 362.59,
                            "Actual Rows": 598687,
                            "Actual Loops": 2,
                            "Hash Buckets": 2097152,
                            "Original Hash Buckets": 2097152,
                            "Hash Batches": 1,
                            "Original Hash Batches": 1,
                            "Peak Memory Usage": 63264,
                            "Plans": [
                              {
                                "Node Type": "Seq Scan",
                                "Parent Relationship": "Outer",
                                "Parallel Aware": true,
                                "Relation Name": "title",
                                "Alias": "t",
                                "Startup Cost": 0.0,
                                "Total Cost": 58306.47,
                                "Plan Rows": 724522,
                                "Plan Width": 4,
                                "Actual Startup Time": 0.036,
                                "Actual Total Time": 173.856,
                                "Actual Rows": 598687,
                                "Actual Loops": 2,
                                "Filter": "((kind_id > 1) AND (production_year < 2008))",
                                "Rows Removed by Filter": 665469
                              }
                            ]
                          }
                        ]
                      }
                    ]
                  }
                ]
              }
            ]
          }
        ]
      }
    ]
  },
  "Planning Time": 1.074,
  "Triggers": [],
  "Execution Time": 3486.541
}