[
  {
    "Plan": {
      "Node Type": "Aggregate",
      "Strategy": "Plain",
      "Partial Mode": "Finalize",
      "Parallel Aware": false,
      "Startup Cost": 346334.51,
      "Total Cost": 346334.52,
      "Plan Rows": 1,
      "Plan Width": 8,
      "Actual Startup Time": 702.105,
      "Actual Total Time": 761.236,
      "Actual Rows": 1,
      "Actual Loops": 1,
      "Plans": [
        {
          "Node Type": "Gather",
          "Parent Relationship": "Outer",
          "Parallel Aware": false,
          "Startup Cost": 346333.89,
          "Total Cost": 346334.5,
          "Plan Rows": 6,
          "Plan Width": 8,
          "Actual Startup Time": 701.979,
          "Actual Total Time": 761.225,
          "Actual Rows": 7,
          "Actual Loops": 1,
          "Workers Planned": 6,
          "Workers Launched": 6,
          "Single Copy": false,
          "Plans": [
            {
              "Node Type": "Aggregate",
              "Strategy": "Plain",
              "Partial Mode": "Partial",
              "Parent Relationship": "Outer",
              "Parallel Aware": false,
              "Startup Cost": 345333.89,
              "Total Cost": 345333.9,
              "Plan Rows": 1,
              "Plan Width": 8,
              "Actual Startup Time": 692.21,
              "Actual Total Time": 692.211,
              "Actual Rows": 1,
              "Actual Loops": 7,
              "Plans": [
                {
                  "Node Type": "Seq Scan",
                  "Parent Relationship": "Outer",
                  "Parallel Aware": true,
                  "Relation Name": "cast_info",
                  "Alias": "ci",
                  "Startup Cost": 0.0,
                  "Total Cost": 343257.03,
                  "Plan Rows": 830744,
                  "Plan Width": 0,
                  "Actual Startup Time": 0.052,
                  "Actual Total Time": 650.507,
                  "Actual Rows": 839097,
                  "Actual Loops": 7,
                  "Filter": "((person_id < 632172) AND (role_id < 7))",
                  "Rows Removed by Filter": 4338666
                }
              ]
            }
          ]
        }
      ]
    },
    "Planning Time": 0.116,
    "Triggers": [],
    "Execution Time": 761.284
  }
]