{
  "Plan": {
    "Node Type": "Aggregate",
    "Strategy": "Plain",
    "Partial Mode": "Simple",
    "Parallel Aware": false,
    "Startup Cost": 69393.0,
    "Total Cost": 69393.01,
    "Plan Rows": 1,
    "Plan Width": 64,
    "Actual Startup Time": 376.882,
    "Actual Total Time": 376.889,
    "Actual Rows": 1,
    "Actual Loops": 1,
    "Plans": [
      {
        "Node Type": "Nested Loop",
        "Parent Relationship": "Outer",
        "Parallel Aware": false,
        "Join Type": "Inner",
        "Startup Cost": 7515.22,
        "Total Cost": 69392.99,
        "Plan Rows": 1,
        "Plan Width": 23,
        "Actual Startup Time": 117.97,
        "Actual Total Time": 376.87,
        "Actual Rows": 1,
        "Actual Loops": 1,
        "Inner Unique": true,
        "Plans": [
          {
            "Node Type": "Nested Loop",
            "Parent Relationship": "Outer",
            "Parallel Aware": false,
            "Join Type": "Inner",
            "Startup Cost": 7515.08,
            "Total Cost": 69392.81,
            "Plan Rows": 1,
            "Plan Width": 27,
            "Actual Startup Time": 117.965,
            "Actual Total Time": 376.863,
            "Actual Rows": 1,
            "Actual Loops": 1,
            "Inner Unique": true,
            "Plans": [
              {
                "Node Type": "Nested Loop",
                "Parent Relationship": "Outer",
                "Parallel Aware": false,
                "Join Type": "Inner",
                "Startup Cost": 7514.94,
                "Total Cost": 69392.63,
                "Plan Rows": 1,
                "Plan Width": 31,
                "Actual Startup Time": 117.956,
                "Actual Total Time": 376.851,
                "Actual Rows": 2,
                "Actual Loops": 1,
                "Inner Unique": false,
                "Join Filter": "(t.id = mi_idx.movie_id)",
                "Rows Removed by Join Filter": 0,
                "Plans": [
                  {
                    "Node Type": "Nested Loop",
                    "Parent Relationship": "Outer",
                    "Parallel Aware": false,
                    "Join Type": "Inner",
                    "Startup Cost": 7514.51,
                    "Total Cost": 69392.12,
                    "Plan Rows": 1,
                    "Plan Width": 33,
                    "Actual Startup Time": 117.936,
                    "Actual Total Time": 376.827,
                    "Actual Rows": 2,
                    "Actual Loops": 1,
                    "Inner Unique": false,
                    "Join Filter": "(t.id = mi.movie_id)",
                    "Rows Removed by Join Filter": 0,
                    "Plans": [
                      {
                        "Node Type": "Nested Loop",
                        "Parent Relationship": "Outer",
                        "Parallel Aware": false,
                        "Join Type": "Inner",
                        "Startup Cost": 7514.08,
                        "Total Cost": 69390.26,
                        "Plan Rows": 1,
                        "Plan Width": 25,
                        "Actual Startup Time": 98.064,
                        "Actual Total Time": 376.733,
                        "Actual Rows": 3,
                        "Actual Loops": 1,
                        "Inner Unique": true,
                        "Plans": [
                          {
                            "Node Type": "Nested Loop",
                            "Parent Relationship": "Outer",
                            "Parallel Aware": false,
                            "Join Type": "Inner",
                            "Startup Cost": 7513.66,
                            "Total Cost": 67902.68,
                            "Plan Rows": 3371,
                            "Plan Width": 29,
                            "Actual Startup Time": 79.459,
                            "Actual Total Time": 373.151,
                            "Actual Rows": 1264,
                            "Actual Loops": 1,
                            "Inner Unique": false,
                            "Plans": [
                              {
                                "Node Type": "Nested Loop",
                                "Parent Relationship": "Outer",
                                "Parallel Aware": false,
                                "Join Type": "Inner",
                                "Startup Cost": 7513.22,
                                "Total Cost": 53015.03,
                                "Plan Rows": 1884,
                                "Plan Width": 21,
                                "Actual Startup Time": 78.676,
                                "Actual Total Time": 369.722,
                                "Actual Rows": 1102,
                                "Actual Loops": 1,
                                "Inner Unique": false,
                                "Plans": [
                                  {
                                    "Node Type": "Seq Scan",
                                    "Parent Relationship": "Outer",
                                    "Parallel Aware": false,
                                    "Relation Name": "kind_type",
                                    "Alias": "kt",
                                    "Startup Cost": 0.0,
                                    "Total Cost": 1.09,
                                    "Plan Rows": 1,
                                    "Plan Width": 4,
                                    "Actual Startup Time": 0.014,
                                    "Actual Total Time": 0.017,
                                    "Actual Rows": 1,
                                    "Actual Loops": 1,
                                    "Filter": "((kind)::text = 'episode'::text)",
                                    "Rows Removed by Filter": 6
                                  },
                                  {
                                    "Node Type": "Bitmap Heap Scan",
                                    "Parent Relationship": "Inner",
                                    "Parallel Aware": false,
                                    "Relation Name": "title",
                                    "Alias": "t",
                                    "Startup Cost": 7513.22,
                                    "Total Cost": 52991.96,
                                    "Plan Rows": 2198,
                                    "Plan Width": 25,
                                    "Actual Startup Time": 78.653,
                                    "Actual Total Time": 369.569,
                                    "Actual Rows": 1102,
                                    "Actual Loops": 1,
                                    "Recheck Cond": "(kind_id = kt.id)",
                                    "Rows Removed by Index Recheck": 0,
                                    "Filter": "((production_year > 2000) AND ((title ~~ '%murder%'::text) OR (title ~~ '%Murder%'::text) OR (title ~~ '%Mord%'::text)))",
                                    "Rows Removed by Filter": 1542162,
                                    "Exact Heap Blocks": 24710,
                                    "Lossy Heap Blocks": 0,
                                    "Plans": [
                                      {
                                        "Node Type": "Bitmap Index Scan",
                                        "Parent Relationship": "Outer",
                                        "Parallel Aware": false,
                                        "Index Name": "kind_id_title",
                                        "Startup Cost": 0.0,
                                        "Total Cost": 7512.68,
                                        "Plan Rows": 421366,
                                        "Plan Width": 0,
                                        "Actual Startup Time": 75.484,
                                        "Actual Total Time": 75.484,
                                        "Actual Rows": 1543264,
                                        "Actual Loops": 1,
                                        "Index Cond": "(kind_id = kt.id)"
                                      }
                                    ]
                                  }
                                ]
                              },
                              {
                                "Node Type": "Index Scan",
                                "Parent Relationship": "Inner",
                                "Parallel Aware": false,
                                "Scan Direction": "Forward",
                                "Index Name": "movie_id_movie_keyword",
                                "Relation Name": "movie_keyword",
                                "Alias": "mk",
                                "Startup Cost": 0.43,
                                "Total Cost": 7.44,
                                "Plan Rows": 46,
                                "Plan Width": 8,
                                "Actual Startup Time": 0.003,
                                "Actual Total Time": 0.003,
                                "Actual Rows": 1,
                                "Actual Loops": 1102,
                                "Index Cond": "(movie_id = t.id)",
                                "Rows Removed by Index Recheck": 0
                              }
                            ]
                          },
                          {
                            "Node Type": "Index Scan",
                            "Parent Relationship": "Inner",
                            "Parallel Aware": false,
                            "Scan Direction": "Forward",
                            "Index Name": "keyword_pkey",
                            "Relation Name": "keyword",
                            "Alias": "k",
                            "Startup Cost": 0.42,
                            "Total Cost": 0.44,
                            "Plan Rows": 1,
                            "Plan Width": 4,
                            "Actual Startup Time": 0.003,
                            "Actual Total Time": 0.003,
                            "Actual Rows": 0,
                            "Actual Loops": 1264,
                            "Index Cond": "(id = mk.keyword_id)",
                            "Rows Removed by Index Recheck": 0,
                            "Filter": "(keyword = ANY ('{sequel,first-person-narrative}'::text[]))",
                            "Rows Removed by Filter": 1
                          }
                        ]
                      },
                      {
                        "Node Type": "Index Scan",
                        "Parent Relationship": "Inner",
                        "Parallel Aware": false,
                        "Scan Direction": "Forward",
                        "Index Name": "movie_id_movie_info",
                        "Relation Name": "movie_info",
                        "Alias": "mi",
                        "Startup Cost": 0.43,
                        "Total Cost": 1.8,
                        "Plan Rows": 5,
                        "Plan Width": 8,
                        "Actual Startup Time": 0.028,
                        "Actual Total Time": 0.029,
                        "Actual Rows": 1,
                        "Actual Loops": 3,
                        "Index Cond": "(movie_id = mk.movie_id)",
                        "Rows Removed by Index Recheck": 0,
                        "Filter": "(info = ANY ('{German,USA,Danish,Bulgaria,Denish,English,Denmark,American,Germany,USA}'::text[]))",
                        "Rows Removed by Filter": 9
                      }
                    ]
                  },
                  {
                    "Node Type": "Index Scan",
                    "Parent Relationship": "Inner",
                    "Parallel Aware": false,
                    "Scan Direction": "Forward",
                    "Index Name": "movie_id_movie_info_idx",
                    "Relation Name": "movie_info_idx",
                    "Alias": "mi_idx",
                    "Startup Cost": 0.43,
                    "Total Cost": 0.5,
                    "Plan Rows": 1,
                    "Plan Width": 14,
                    "Actual Startup Time": 0.009,
                    "Actual Total Time": 0.01,
                    "Actual Rows": 1,
                    "Actual Loops": 2,
                    "Index Cond": "(movie_id = mk.movie_id)",
                    "Rows Removed by Index Recheck": 0,
                    "Filter": "(info > '6'::text)",
                    "Rows Removed by Filter": 2
                  }
                ]
              },
              {
                "Node Type": "Index Scan",
                "Parent Relationship": "Inner",
                "Parallel Aware": false,
                "Scan Direction": "Forward",
                "Index Name": "info_type_pkey",
                "Relation Name": "info_type",
                "Alias": "it1",
                "Startup Cost": 0.14,
                "Total Cost": 0.16,
                "Plan Rows": 1,
                "Plan Width": 4,
                "Actual Startup Time": 0.004,
                "Actual Total Time": 0.004,
                "Actual Rows": 0,
                "Actual Loops": 2,
                "Index Cond": "(id = mi.info_type_id)",
                "Rows Removed by Index Recheck": 0,
                "Filter": "((info)::text = 'countries'::text)",
                "Rows Removed by Filter": 0
              }
            ]
          },
          {
            "Node Type": "Index Scan",
            "Parent Relationship": "Inner",
            "Parallel Aware": false,
            "Scan Direction": "Forward",
            "Index Name": "info_type_pkey",
            "Relation Name": "info_type",
            "Alias": "it2",
            "Startup Cost": 0.14,
            "Total Cost": 0.16,
            "Plan Rows": 1,
            "Plan Width": 4,
            "Actual Startup Time": 0.003,
            "Actual Total Time": 0.003,
            "Actual Rows": 1,
            "Actual Loops": 1,
            "Index Cond": "(id = mi_idx.info_type_id)",
            "Rows Removed by Index Recheck": 0,
            "Filter": "((info)::text = 'rating'::text)",
            "Rows Removed by Filter": 0
          }
        ]
      }
    ]
  },
  "Planning Time": 1.804,
  "Triggers": [],
  "Execution Time": 377.018
}