[
  {
    "Plan": {
      "Node Type": "Aggregate",
      "Strategy": "Plain",
      "Partial Mode": "Simple",
      "Parallel Aware": false,
      "Startup Cost": 38326.5,
      "Total Cost": 38326.51,
      "Plan Rows": 1,
      "Plan Width": 64,
      "Actual Startup Time": 917.915,
      "Actual Total Time": 1019.437,
      "Actual Rows": 1,
      "Actual Loops": 1,
      "Plans": [
        {
          "Node Type": "Nested Loop",
          "Parent Relationship": "Outer",
          "Parallel Aware": false,
          "Join Type": "Inner",
          "Startup Cost": 5775.12,
          "Total Cost": 38326.5,
          "Plan Rows": 1,
          "Plan Width": 33,
          "Actual Startup Time": 917.605,
          "Actual Total Time": 1019.396,
          "Actual Rows": 36,
          "Actual Loops": 1,
          "Inner Unique": false,
          "Join Filter": "(n1.id = an1.person_id)",
          "Rows Removed by Join Filter": 0,
          "Plans": [
            {
              "Node Type": "Gather",
              "Parent Relationship": "Outer",
              "Parallel Aware": false,
              "Startup Cost": 5774.69,
              "Total Cost": 38325.71,
              "Plan Rows": 1,
              "Plan Width": 25,
              "Actual Startup Time": 917.507,
              "Actual Total Time": 1019.063,
              "Actual Rows": 17,
              "Actual Loops": 1,
              "Workers Planned": 3,
              "Workers Launched": 3,
              "Single Copy": false,
              "Plans": [
                {
                  "Node Type": "Nested Loop",
                  "Parent Relationship": "Outer",
                  "Parallel Aware": false,
                  "Join Type": "Inner",
                  "Startup Cost": 4774.69,
                  "Total Cost": 37325.61,
                  "Plan Rows": 1,
                  "Plan Width": 25,
                  "Actual Startup Time": 568.83,
                  "Actual Total Time": 908.435,
                  "Actual Rows": 4,
                  "Actual Loops": 4,
                  "Inner Unique": true,
                  "Plans": [
                    {
                      "Node Type": "Hash Join",
                      "Parent Relationship": "Outer",
                      "Parallel Aware": false,
                      "Join Type": "Inner",
                      "Startup Cost": 4774.26,
                      "Total Cost": 37321.84,
                      "Plan Rows": 2,
                      "Plan Width": 21,
                      "Actual Startup Time": 59.152,
                      "Actual Total Time": 904.413,
                      "Actual Rows": 214,
                      "Actual Loops": 4,
                      "Inner Unique": true,
                      "Hash Cond": "(ci.role_id = rt.id)",
                      "Plans": [
                        {
                          "Node Type": "Nested Loop",
                          "Parent Relationship": "Outer",
                          "Parallel Aware": false,
                          "Join Type": "Inner",
                          "Startup Cost": 4773.1,
                          "Total Cost": 37320.58,
                          "Plan Rows": 27,
                          "Plan Width": 25,
                          "Actual Startup Time": 51.404,
                          "Actual Total Time": 903.746,
                          "Actual Rows": 862,
                          "Actual Loops": 4,
                          "Inner Unique": false,
                          "Plans": [
                            {
                              "Node Type": "Nested Loop",
                              "Parent Relationship": "Outer",
                              "Parallel Aware": false,
                              "Join Type": "Inner",
                              "Startup Cost": 4772.54,
                              "Total Cost": 37050.79,
                              "Plan Rows": 145,
                              "Plan Width": 25,
                              "Actual Startup Time": 24.027,
                              "Actual Total Time": 209.31,
                              "Actual Rows": 12082,
                              "Actual Loops": 4,
                              "Inner Unique": true,
                              "Plans": [
                                {
                                  "Node Type": "Hash Join",
                                  "Parent Relationship": "Outer",
                                  "Parallel Aware": true,
                                  "Join Type": "Inner",
                                  "Startup Cost": 4772.11,
                                  "Total Cost": 36200.24,
                                  "Plan Rows": 145,
                                  "Plan Width": 4,
                                  "Actual Startup Time": 23.938,
                                  "Actual Total Time": 132.671,
                                  "Actual Rows": 12082,
                                  "Actual Loops": 4,
                                  "Inner Unique": true,
                                  "Hash Cond": "(mc.company_id = cn.id)",
                                  "Plans": [
                                    {
                                      "Node Type": "Seq Scan",
                                      "Parent Relationship": "Outer",
                                      "Parallel Aware": true,
                                      "Relation Name": "movie_companies",
                                      "Alias": "mc",
                                      "Startup Cost": 0.0,
                                      "Total Cost": 31414.82,
                                      "Plan Rows": 5074,
                                      "Plan Width": 8,
                                      "Actual Startup Time": 0.087,
                                      "Actual Total Time": 102.833,
                                      "Actual Rows": 12224,
                                      "Actual Loops": 4,
                                      "Filter": "((note ~~ '%(Japan)%'::text) AND (note !~~ '%(USA)%'::text))",
                                      "Rows Removed by Filter": 640058
                                    },
                                    {
                                      "Node Type": "Hash",
                                      "Parent Relationship": "Inner",
                                      "Parallel Aware": true,
                                      "Startup Cost": 4722.92,
                                      "Total Cost": 4722.92,
                                      "Plan Rows": 3935,
                                      "Plan Width": 4,
                                      "Actual Startup Time": 23.286,
                                      "Actual Total Time": 23.287,
                                      "Actual Rows": 1688,
                                      "Actual Loops": 4,
                                      "Hash Buckets": 8192,
                                      "Original Hash Buckets": 8192,
                                      "Hash Batches": 1,
                                      "Original Hash Batches": 1,
                                      "Peak Memory Usage": 416,
                                      "Plans": [
                                        {
                                          "Node Type": "Seq Scan",
                                          "Parent Relationship": "Outer",
                                          "Parallel Aware": true,
                                          "Relation Name": "company_name",
                                          "Alias": "cn",
                                          "Startup Cost": 0.0,
                                          "Total Cost": 4722.92,
                                          "Plan Rows": 3935,
                                          "Plan Width": 4,
                                          "Actual Startup Time": 0.051,
                                          "Actual Total Time": 22.114,
                                          "Actual Rows": 1688,
                                          "Actual Loops": 4,
                                          "Filter": "((country_code)::text = '[jp]'::text)",
                                          "Rows Removed by Filter": 57061
                                        }
                                      ]
                                    }
                                  ]
                                },
                                {
                                  "Node Type": "Index Scan",
                                  "Parent Relationship": "Inner",
                                  "Parallel Aware": false,
                                  "Scan Direction": "Forward",
                                  "Index Name": "title_pkey",
                                  "Relation Name": "title",
                                  "Alias": "t",
                                  "Startup Cost": 0.43,
                                  "Total Cost": 5.87,
                                  "Plan Rows": 1,
                                  "Plan Width": 21,
                                  "Actual Startup Time": 0.006,
                                  "Actual Total Time": 0.006,
                                  "Actual Rows": 1,
                                  "Actual Loops": 48328,
                                  "Index Cond": "(id = mc.movie_id)",
                                  "Rows Removed by Index Recheck": 0
                                }
                              ]
                            },
                            {
                              "Node Type": "Index Scan",
                              "Parent Relationship": "Inner",
                              "Parallel Aware": false,
                              "Scan Direction": "Forward",
                              "Index Name": "movie_id_cast_info",
                              "Relation Name": "cast_info",
                              "Alias": "ci",
                              "Startup Cost": 0.56,
                              "Total Cost": 1.85,
                              "Plan Rows": 1,
                              "Plan Width": 12,
                              "Actual Startup Time": 0.056,
                              "Actual Total Time": 0.057,
                              "Actual Rows": 0,
                              "Actual Loops": 48328,
                              "Index Cond": "(movie_id = t.id)",
                              "Rows Removed by Index Recheck": 0,
                              "Filter": "(note = '(archive footage)'::text)",
                              "Rows Removed by Filter": 32
                            }
                          ]
                        },
                        {
                          "Node Type": "Hash",
                          "Parent Relationship": "Inner",
                          "Parallel Aware": false,
                          "Startup Cost": 1.15,
                          "Total Cost": 1.15,
                          "Plan Rows": 1,
                          "Plan Width": 4,
                          "Actual Startup Time": 0.084,
                          "Actual Total Time": 0.085,
                          "Actual Rows": 1,
                          "Actual Loops": 4,
                          "Hash Buckets": 1024,
                          "Original Hash Buckets": 1024,
                          "Hash Batches": 1,
                          "Original Hash Batches": 1,
                          "Peak Memory Usage": 9,
                          "Plans": [
                            {
                              "Node Type": "Seq Scan",
                              "Parent Relationship": "Outer",
                              "Parallel Aware": false,
                              "Relation Name": "role_type",
                              "Alias": "rt",
                              "Startup Cost": 0.0,
                              "Total Cost": 1.15,
                              "Plan Rows": 1,
                              "Plan Width": 4,
                              "Actual Startup Time": 0.063,
                              "Actual Total Time": 0.067,
                              "Actual Rows": 1,
                              "Actual Loops": 4,
                              "Filter": "((role)::text = 'actress'::text)",
                              "Rows Removed by Filter": 11
                            }
                          ]
                        }
                      ]
                    },
                    {
                      "Node Type": "Index Scan",
                      "Parent Relationship": "Inner",
                      "Parallel Aware": false,
                      "Scan Direction": "Forward",
                      "Index Name": "name_pkey",
                      "Relation Name": "name",
                      "Alias": "n1",
                      "Startup Cost": 0.43,
                      "Total Cost": 1.89,
                      "Plan Rows": 1,
                      "Plan Width": 4,
                      "Actual Startup Time": 0.018,
                      "Actual Total Time": 0.018,
                      "Actual Rows": 0,
                      "Actual Loops": 854,
                      "Index Cond": "(id = ci.person_id)",
                      "Rows Removed by Index Recheck": 0,
                      "Filter": "((name ~~ '%Yo%'::text) AND (name !~~ '%Yu%'::text))",
                      "Rows Removed by Filter": 1
                    }
                  ]
                }
              ]
            },
            {
              "Node Type": "Index Scan",
              "Parent Relationship": "Inner",
              "Parallel Aware": false,
              "Scan Direction": "Forward",
              "Index Name": "person_id_aka_name",
              "Relation Name": "aka_name",
              "Alias": "an1",
              "Startup Cost": 0.42,
              "Total Cost": 0.76,
              "Plan Rows": 2,
              "Plan Width": 20,
              "Actual Startup Time": 0.017,
              "Actual Total Time": 0.018,
              "Actual Rows": 2,
              "Actual Loops": 17,
              "Index Cond": "(person_id = ci.person_id)",
              "Rows Removed by Index Recheck": 0
            }
          ]
        }
      ]
    },
    "Planning Time": 8.104,
    "Triggers": [],
    "Execution Time": 1020.066
  }
]