[
  {
    "Plan": {
      "Node Type": "Aggregate",
      "Strategy": "Plain",
      "Partial Mode": "Finalize",
      "Parallel Aware": false,
      "Startup Cost": 239316.59,
      "Total Cost": 239316.6,
      "Plan Rows": 1,
      "Plan Width": 8,
      "Actual Startup Time": 248.268,
      "Actual Total Time": 286.716,
      "Actual Rows": 1,
      "Actual Loops": 1,
      "Plans": [
        {
          "Node Type": "Gather",
          "Parent Relationship": "Outer",
          "Parallel Aware": false,
          "Startup Cost": 239316.17,
          "Total Cost": 239316.58,
          "Plan Rows": 4,
          "Plan Width": 8,
          "Actual Startup Time": 248.095,
          "Actual Total Time": 286.708,
          "Actual Rows": 5,
          "Actual Loops": 1,
          "Workers Planned": 4,
          "Workers Launched": 4,
          "Single Copy": false,
          "Plans": [
            {
              "Node Type": "Aggregate",
              "Strategy": "Plain",
              "Partial Mode": "Partial",
              "Parent Relationship": "Outer",
              "Parallel Aware": false,
              "Startup Cost": 238316.17,
              "Total Cost": 238316.18,
              "Plan Rows": 1,
              "Plan Width": 8,
              "Actual Startup Time": 239.513,
              "Actual Total Time": 239.515,
              "Actual Rows": 1,
              "Actual Loops": 5,
              "Plans": [
                {
                  "Node Type": "Nested Loop",
                  "Parent Relationship": "Outer",
                  "Parallel Aware": false,
                  "Join Type": "Inner",
                  "Startup Cost": 0.43,
                  "Total Cost": 238216.13,
                  "Plan Rows": 40016,
                  "Plan Width": 0,
                  "Actual Startup Time": 0.777,
                  "Actual Total Time": 234.251,
                  "Actual Rows": 58307,
                  "Actual Loops": 5,
                  "Inner Unique": false,
                  "Plans": [
                    {
                      "Node Type": "Seq Scan",
                      "Parent Relationship": "Outer",
                      "Parallel Aware": true,
                      "Relation Name": "title",
                      "Alias": "t",
                      "Startup Cost": 0.0,
                      "Total Cost": 45479.59,
                      "Plan Rows": 6815,
                      "Plan Width": 4,
                      "Actual Startup Time": 0.562,
                      "Actual Total Time": 83.095,
                      "Actual Rows": 4785,
                      "Actual Loops": 5,
                      "Filter": "((kind_id < 7) AND (production_year = 2003))",
                      "Rows Removed by Filter": 500877
                    },
                    {
                      "Node Type": "Index Only Scan",
                      "Parent Relationship": "Inner",
                      "Parallel Aware": false,
                      "Scan Direction": "Forward",
                      "Index Name": "movie_id_movie_info",
                      "Relation Name": "movie_info",
                      "Alias": "mi",
                      "Startup Cost": 0.43,
                      "Total Cost": 27.87,
                      "Plan Rows": 41,
                      "Plan Width": 4,
                      "Actual Startup Time": 0.011,
                      "Actual Total Time": 0.03,
                      "Actual Rows": 12,
                      "Actual Loops": 23926,
                      "Index Cond": "(movie_id = t.id)",
                      "Rows Removed by Index Recheck": 0,
                      "Heap Fetches": 291536
                    }
                  ]
                }
              ]
            }
          ]
        }
      ]
    },
    "Planning Time": 0.323,
    "Triggers": [],
    "Execution Time": 286.772
  }
]