[
    {
        "Bao": {
            "Bao prediction": "NaN",
            "Bao recommended hint": "(no hint)"
        }
    },
    {
        "Plan": {
            "Node Type": "Aggregate",
            "Strategy": "Plain",
            "Partial Mode": "Finalize",
            "Parallel Aware": false,
            "Startup Cost": 614873.9,
            "Total Cost": 614873.91,
            "Plan Rows": 1,
            "Plan Width": 8,
            "Actual Startup Time": 5116.793,
            "Actual Total Time": 5157.771,
            "Actual Rows": 1,
            "Actual Loops": 1,
            "Output": [
                "count(*)"
            ],
            "Plans": [
                {
                    "Node Type": "Gather",
                    "Parent Relationship": "Outer",
                    "Parallel Aware": false,
                    "Startup Cost": 614873.27,
                    "Total Cost": 614873.88,
                    "Plan Rows": 6,
                    "Plan Width": 8,
                    "Actual Startup Time": 5077.821,
                    "Actual Total Time": 5157.759,
                    "Actual Rows": 7,
                    "Actual Loops": 1,
                    "Output": [
                        "(PARTIAL count(*))"
                    ],
                    "Workers Planned": 6,
                    "Workers Launched": 6,
                    "Single Copy": false,
                    "Plans": [
                        {
                            "Node Type": "Aggregate",
                            "Strategy": "Plain",
                            "Partial Mode": "Partial",
                            "Parent Relationship": "Outer",
                            "Parallel Aware": false,
                            "Startup Cost": 613873.27,
                            "Total Cost": 613873.28,
                            "Plan Rows": 1,
                            "Plan Width": 8,
                            "Actual Startup Time": 5055.68,
                            "Actual Total Time": 5055.686,
                            "Actual Rows": 1,
                            "Actual Loops": 7,
                            "Output": [
                                "PARTIAL count(*)"
                            ],
                            "Workers": [
                                {
                                    "Worker Number": 0,
                                    "Actual Startup Time": 5051.882,
                                    "Actual Total Time": 5051.889,
                                    "Actual Rows": 1,
                                    "Actual Loops": 1
                                },
                                {
                                    "Worker Number": 1,
                                    "Actual Startup Time": 5052.11,
                                    "Actual Total Time": 5052.116,
                                    "Actual Rows": 1,
                                    "Actual Loops": 1
                                },
                                {
                                    "Worker Number": 2,
                                    "Actual Startup Time": 5052.074,
                                    "Actual Total Time": 5052.079,
                                    "Actual Rows": 1,
                                    "Actual Loops": 1
                                },
                                {
                                    "Worker Number": 3,
                                    "Actual Startup Time": 5052.046,
                                    "Actual Total Time": 5052.051,
                                    "Actual Rows": 1,
                                    "Actual Loops": 1
                                },
                                {
                                    "Worker Number": 4,
                                    "Actual Startup Time": 5052.228,
                                    "Actual Total Time": 5052.232,
                                    "Actual Rows": 1,
                                    "Actual Loops": 1
                                },
                                {
                                    "Worker Number": 5,
                                    "Actual Startup Time": 5052.087,
                                    "Actual Total Time": 5052.091,
                                    "Actual Rows": 1,
                                    "Actual Loops": 1
                                }
                            ],
                            "Plans": [
                                {
                                    "Node Type": "Hash Join",
                                    "Parent Relationship": "Outer",
                                    "Parallel Aware": true,
                                    "Join Type": "Inner",
                                    "Startup Cost": 255846.02,
                                    "Total Cost": 609384.15,
                                    "Plan Rows": 1795648,
                                    "Plan Width": 0,
                                    "Actual Startup Time": 1451.707,
                                    "Actual Total Time": 4357.053,
                                    "Actual Rows": 14963754,
                                    "Actual Loops": 7,
                                    "Inner Unique": false,
                                    "Hash Cond": "(ci.movie_id = t.id)",
                                    "Workers": [
                                        {
                                            "Worker Number": 0,
                                            "Actual Startup Time": 1449.117,
                                            "Actual Total Time": 4370.153,
                                            "Actual Rows": 14473324,
                                            "Actual Loops": 1
                                        },
                                        {
                                            "Worker Number": 1,
                                            "Actual Startup Time": 1449.169,
                                            "Actual Total Time": 4335.166,
                                            "Actual Rows": 11679720,
                                            "Actual Loops": 1
                                        },
                                        {
                                            "Worker Number": 2,
                                            "Actual Startup Time": 1449.267,
                                            "Actual Total Time": 4349.837,
                                            "Actual Rows": 14880147,
                                            "Actual Loops": 1
                                        },
                                        {
                                            "Worker Number": 3,
                                            "Actual Startup Time": 1449.261,
                                            "Actual Total Time": 4345.689,
                                            "Actual Rows": 15249126,
                                            "Actual Loops": 1
                                        },
                                        {
                                            "Worker Number": 4,
                                            "Actual Startup Time": 1449.261,
                                            "Actual Total Time": 4370.147,
                                            "Actual Rows": 15900454,
                                            "Actual Loops": 1
                                        },
                                        {
                                            "Worker Number": 5,
                                            "Actual Startup Time": 1449.23,
                                            "Actual Total Time": 4380.891,
                                            "Actual Rows": 17258586,
                                            "Actual Loops": 1
                                        }
                                    ],
                                    "Plans": [
                                        {
                                            "Node Type": "Seq Scan",
                                            "Parent Relationship": "Outer",
                                            "Parallel Aware": true,
                                            "Relation Name": "cast_info",
                                            "Schema": "public",
                                            "Alias": "ci",
                                            "Startup Cost": 0.0,
                                            "Total Cost": 343318.94,
                                            "Plan Rows": 1767437,
                                            "Plan Width": 4,
                                            "Actual Startup Time": 255.203,
                                            "Actual Total Time": 702.987,
                                            "Actual Rows": 2348309,
                                            "Actual Loops": 7,
                                            "Output": [
                                                "ci.id",
                                                "ci.person_id",
                                                "ci.movie_id",
                                                "ci.person_role_id",
                                                "ci.note",
                                                "ci.nr_order",
                                                "ci.role_id"
                                            ],
                                            "Filter": "((ci.person_id > 1987090) AND (ci.role_id > 1))",
                                            "Rows Removed by Filter": 2829455,
                                            "Workers": [
                                                {
                                                    "Worker Number": 0,
                                                    "Actual Startup Time": 255.219,
                                                    "Actual Total Time": 702.738,
                                                    "Actual Rows": 2213574,
                                                    "Actual Loops": 1
                                                },
                                                {
                                                    "Worker Number": 1,
                                                    "Actual Startup Time": 255.18,
                                                    "Actual Total Time": 719.241,
                                                    "Actual Rows": 1923626,
                                                    "Actual Loops": 1
                                                },
                                                {
                                                    "Worker Number": 2,
                                                    "Actual Startup Time": 255.239,
                                                    "Actual Total Time": 719.899,
                                                    "Actual Rows": 2244577,
                                                    "Actual Loops": 1
                                                },
                                                {
                                                    "Worker Number": 3,
                                                    "Actual Startup Time": 255.211,
                                                    "Actual Total Time": 717.741,
                                                    "Actual Rows": 2326208,
                                                    "Actual Loops": 1
                                                },
                                                {
                                                    "Worker Number": 4,
                                                    "Actual Startup Time": 255.195,
                                                    "Actual Total Time": 704.844,
                                                    "Actual Rows": 2553616,
                                                    "Actual Loops": 1
                                                },
                                                {
                                                    "Worker Number": 5,
                                                    "Actual Startup Time": 255.186,
                                                    "Actual Total Time": 692.538,
                                                    "Actual Rows": 2768733,
                                                    "Actual Loops": 1
                                                }
                                            ]
                                        },
                                        {
                                            "Node Type": "Hash",
                                            "Parent Relationship": "Inner",
                                            "Parallel Aware": true,
                                            "Startup Cost": 249424.32,
                                            "Total Cost": 249424.32,
                                            "Plan Rows": 513736,
                                            "Plan Width": 8,
                                            "Actual Startup Time": 1190.652,
                                            "Actual Total Time": 1190.657,
                                            "Actual Rows": 654857,
                                            "Actual Loops": 7,
                                            "Output": [
                                                "t.id",
                                                "mi.movie_id"
                                            ],
                                            "Hash Buckets": 8388608,
                                            "Original Hash Buckets": 4194304,
                                            "Hash Batches": 1,
                                            "Original Hash Batches": 1,
                                            "Peak Memory Usage": 277760,
                                            "Workers": [
                                                {
                                                    "Worker Number": 0,
                                                    "Actual Startup Time": 1193.12,
                                                    "Actual Total Time": 1193.124,
                                                    "Actual Rows": 551782,
                                                    "Actual Loops": 1
                                                },
                                                {
                                                    "Worker Number": 1,
                                                    "Actual Startup Time": 1193.2,
                                                    "Actual Total Time": 1193.204,
                                                    "Actual Rows": 553453,
                                                    "Actual Loops": 1
                                                },
                                                {
                                                    "Worker Number": 2,
                                                    "Actual Startup Time": 1193.155,
                                                    "Actual Total Time": 1193.159,
                                                    "Actual Rows": 575665,
                                                    "Actual Loops": 1
                                                },
                                                {
                                                    "Worker Number": 3,
                                                    "Actual Startup Time": 1193.199,
                                                    "Actual Total Time": 1193.202,
                                                    "Actual Rows": 833735,
                                                    "Actual Loops": 1
                                                },
                                                {
                                                    "Worker Number": 4,
                                                    "Actual Startup Time": 1193.24,
                                                    "Actual Total Time": 1193.243,
                                                    "Actual Rows": 578657,
                                                    "Actual Loops": 1
                                                },
                                                {
                                                    "Worker Number": 5,
                                                    "Actual Startup Time": 1193.261,
                                                    "Actual Total Time": 1193.264,
                                                    "Actual Rows": 837110,
                                                    "Actual Loops": 1
                                                }
                                            ],
                                            "Plans": [
                                                {
                                                    "Node Type": "Hash Join",
                                                    "Parent Relationship": "Outer",
                                                    "Parallel Aware": true,
                                                    "Join Type": "Inner",
                                                    "Startup Cost": 46602.73,
                                                    "Total Cost": 249424.32,
                                                    "Plan Rows": 513736,
                                                    "Plan Width": 8,
                                                    "Actual Startup Time": 161.304,
                                                    "Actual Total Time": 803.953,
                                                    "Actual Rows": 654857,
                                                    "Actual Loops": 7,
                                                    "Output": [
                                                        "t.id",
                                                        "mi.movie_id"
                                                    ],
                                                    "Inner Unique": true,
                                                    "Hash Cond": "(mi.movie_id = t.id)",
                                                    "Workers": [
                                                        {
                                                            "Worker Number": 0,
                                                            "Actual Startup Time": 161.274,
                                                            "Actual Total Time": 805.946,
                                                            "Actual Rows": 551782,
                                                            "Actual Loops": 1
                                                        },
                                                        {
                                                            "Worker Number": 1,
                                                            "Actual Startup Time": 161.246,
                                                            "Actual Total Time": 806.262,
                                                            "Actual Rows": 553453,
                                                            "Actual Loops": 1
                                                        },
                                                        {
                                                            "Worker Number": 2,
                                                            "Actual Startup Time": 161.236,
                                                            "Actual Total Time": 808.951,
                                                            "Actual Rows": 575665,
                                                            "Actual Loops": 1
                                                        },
                                                        {
                                                            "Worker Number": 3,
                                                            "Actual Startup Time": 161.229,
                                                            "Actual Total Time": 802.426,
                                                            "Actual Rows": 833735,
                                                            "Actual Loops": 1
                                                        },
                                                        {
                                                            "Worker Number": 4,
                                                            "Actual Startup Time": 161.498,
                                                            "Actual Total Time": 807.893,
                                                            "Actual Rows": 578657,
                                                            "Actual Loops": 1
                                                        },
                                                        {
                                                            "Worker Number": 5,
                                                            "Actual Startup Time": 161.305,
                                                            "Actual Total Time": 803.289,
                                                            "Actual Rows": 837110,
                                                            "Actual Loops": 1
                                                        }
                                                    ],
                                                    "Plans": [
                                                        {
                                                            "Node Type": "Seq Scan",
                                                            "Parent Relationship": "Outer",
                                                            "Parallel Aware": true,
                                                            "Relation Name": "movie_info",
                                                            "Schema": "public",
                                                            "Alias": "mi",
                                                            "Startup Cost": 0.0,
                                                            "Total Cost": 198880.74,
                                                            "Plan Rows": 1501273,
                                                            "Plan Width": 4,
                                                            "Actual Startup Time": 16.143,
                                                            "Actual Total Time": 340.543,
                                                            "Actual Rows": 1078408,
                                                            "Actual Loops": 7,
                                                            "Output": [
                                                                "mi.id",
                                                                "mi.movie_id",
                                                                "mi.info_type_id",
                                                                "mi.info",
                                                                "mi.note"
                                                            ],
                                                            "Filter": "(mi.info_type_id > 7)",
                                                            "Rows Removed by Filter": 1040981,
                                                            "Workers": [
                                                                {
                                                                    "Worker Number": 0,
                                                                    "Actual Startup Time": 16.13,
                                                                    "Actual Total Time": 348.075,
                                                                    "Actual Rows": 897815,
                                                                    "Actual Loops": 1
                                                                },
                                                                {
                                                                    "Worker Number": 1,
                                                                    "Actual Startup Time": 16.121,
                                                                    "Actual Total Time": 348.202,
                                                                    "Actual Rows": 896648,
                                                                    "Actual Loops": 1
                                                                },
                                                                {
                                                                    "Worker Number": 2,
                                                                    "Actual Startup Time": 16.148,
                                                                    "Actual Total Time": 354.332,
                                                                    "Actual Rows": 945765,
                                                                    "Actual Loops": 1
                                                                },
                                                                {
                                                                    "Worker Number": 3,
                                                                    "Actual Startup Time": 16.156,
                                                                    "Actual Total Time": 335.806,
                                                                    "Actual Rows": 1372812,
                                                                    "Actual Loops": 1
                                                                },
                                                                {
                                                                    "Worker Number": 4,
                                                                    "Actual Startup Time": 16.142,
                                                                    "Actual Total Time": 354.773,
                                                                    "Actual Rows": 947045,
                                                                    "Actual Loops": 1
                                                                },
                                                                {
                                                                    "Worker Number": 5,
                                                                    "Actual Startup Time": 16.168,
                                                                    "Actual Total Time": 336.121,
                                                                    "Actual Rows": 1379403,
                                                                    "Actual Loops": 1
                                                                }
                                                            ]
                                                        },
                                                        {
                                                            "Node Type": "Hash",
                                                            "Parent Relationship": "Inner",
                                                            "Parallel Aware": true,
                                                            "Startup Cost": 43899.01,
                                                            "Total Cost": 43899.01,
                                                            "Plan Rows": 216298,
                                                            "Plan Width": 4,
                                                            "Actual Startup Time": 143.9,
                                                            "Actual Total Time": 143.902,
                                                            "Actual Rows": 122031,
                                                            "Actual Loops": 7,
                                                            "Output": [
                                                                "t.id"
                                                            ],
                                                            "Hash Buckets": 1048576,
                                                            "Original Hash Buckets": 1048576,
                                                            "Hash Batches": 1,
                                                            "Original Hash Batches": 1,
                                                            "Peak Memory Usage": 41824,
                                                            "Workers": [
                                                                {
                                                                    "Worker Number": 0,
                                                                    "Actual Startup Time": 145.013,
                                                                    "Actual Total Time": 145.015,
                                                                    "Actual Rows": 96532,
                                                                    "Actual Loops": 1
                                                                },
                                                                {
                                                                    "Worker Number": 1,
                                                                    "Actual Startup Time": 145.015,
                                                                    "Actual Total Time": 145.017,
                                                                    "Actual Rows": 97344,
                                                                    "Actual Loops": 1
                                                                },
                                                                {
                                                                    "Worker Number": 2,
                                                                    "Actual Startup Time": 145.009,
                                                                    "Actual Total Time": 145.01,
                                                                    "Actual Rows": 105525,
                                                                    "Actual Loops": 1
                                                                },
                                                                {
                                                                    "Worker Number": 3,
                                                                    "Actual Startup Time": 144.97,
                                                                    "Actual Total Time": 144.972,
                                                                    "Actual Rows": 155433,
                                                                    "Actual Loops": 1
                                                                },
                                                                {
                                                                    "Worker Number": 4,
                                                                    "Actual Startup Time": 144.968,
                                                                    "Actual Total Time": 144.969,
                                                                    "Actual Rows": 104835,
                                                                    "Actual Loops": 1
                                                                },
                                                                {
                                                                    "Worker Number": 5,
                                                                    "Actual Startup Time": 144.942,
                                                                    "Actual Total Time": 144.943,
                                                                    "Actual Rows": 152181,
                                                                    "Actual Loops": 1
                                                                }
                                                            ],
                                                            "Plans": [
                                                                {
                                                                    "Node Type": "Seq Scan",
                                                                    "Parent Relationship": "Outer",
                                                                    "Parallel Aware": true,
                                                                    "Relation Name": "title",
                                                                    "Schema": "public",
                                                                    "Alias": "t",
                                                                    "Startup Cost": 0.0,
                                                                    "Total Cost": 43899.01,
                                                                    "Plan Rows": 216298,
                                                                    "Plan Width": 4,
                                                                    "Actual Startup Time": 0.048,
                                                                    "Actual Total Time": 84.851,
                                                                    "Actual Rows": 122031,
                                                                    "Actual Loops": 7,
                                                                    "Output": [
                                                                        "t.id"
                                                                    ],
                                                                    "Filter": "(t.kind_id < 4)",
                                                                    "Rows Removed by Filter": 239157,
                                                                    "Workers": [
                                                                        {
                                                                            "Worker Number": 0,
                                                                            "Actual Startup Time": 0.052,
                                                                            "Actual Total Time": 85.573,
                                                                            "Actual Rows": 96532,
                                                                            "Actual Loops": 1
                                                                        },
                                                                        {
                                                                            "Worker Number": 1,
                                                                            "Actual Startup Time": 0.049,
                                                                            "Actual Total Time": 85.585,
                                                                            "Actual Rows": 97344,
                                                                            "Actual Loops": 1
                                                                        },
                                                                        {
                                                                            "Worker Number": 2,
                                                                            "Actual Startup Time": 0.064,
                                                                            "Actual Total Time": 86.047,
                                                                            "Actual Rows": 105525,
                                                                            "Actual Loops": 1
                                                                        },
                                                                        {
                                                                            "Worker Number": 3,
                                                                            "Actual Startup Time": 0.053,
                                                                            "Actual Total Time": 84.35,
                                                                            "Actual Rows": 155433,
                                                                            "Actual Loops": 1
                                                                        },
                                                                        {
                                                                            "Worker Number": 4,
                                                                            "Actual Startup Time": 0.05,
                                                                            "Actual Total Time": 87.035,
                                                                            "Actual Rows": 104835,
                                                                            "Actual Loops": 1
                                                                        },
                                                                        {
                                                                            "Worker Number": 5,
                                                                            "Actual Startup Time": 0.05,
                                                                            "Actual Total Time": 83.915,
                                                                            "Actual Rows": 152181,
                                                                            "Actual Loops": 1
                                                                        }
                                                                    ]
                                                                }
                                                            ]
                                                        }
                                                    ]
                                                }
                                            ]
                                        }
                                    ]
                                }
                            ]
                        }
                    ]
                }
            ]
        },
        "Planning Time": 295.883,
        "Triggers": [],
        "Execution Time": 5157.842
    }
]