[
  {
    "Plan": {
      "Node Type": "Aggregate",
      "Strategy": "Plain",
      "Partial Mode": "Finalize",
      "Parallel Aware": false,
      "Startup Cost": 37001.68,
      "Total Cost": 37001.69,
      "Plan Rows": 1,
      "Plan Width": 8,
      "Actual Startup Time": 126.985,
      "Actual Total Time": 134.972,
      "Actual Rows": 1,
      "Actual Loops": 1,
      "Plans": [
        {
          "Node Type": "Gather",
          "Parent Relationship": "Outer",
          "Parallel Aware": false,
          "Startup Cost": 37001.36,
          "Total Cost": 37001.67,
          "Plan Rows": 3,
          "Plan Width": 8,
          "Actual Startup Time": 126.761,
          "Actual Total Time": 134.964,
          "Actual Rows": 4,
          "Actual Loops": 1,
          "Workers Planned": 3,
          "Workers Launched": 3,
          "Single Copy": false,
          "Plans": [
            {
              "Node Type": "Aggregate",
              "Strategy": "Plain",
              "Partial Mode": "Partial",
              "Parent Relationship": "Outer",
              "Parallel Aware": false,
              "Startup Cost": 36001.36,
              "Total Cost": 36001.37,
              "Plan Rows": 1,
              "Plan Width": 8,
              "Actual Startup Time": 119.116,
              "Actual Total Time": 119.117,
              "Actual Rows": 1,
              "Actual Loops": 4,
              "Plans": [
                {
                  "Node Type": "Bitmap Heap Scan",
                  "Parent Relationship": "Outer",
                  "Parallel Aware": true,
                  "Relation Name": "movie_keyword",
                  "Alias": "mk",
                  "Startup Cost": 9402.99,
                  "Total Cost": 35643.96,
                  "Plan Rows": 142958,
                  "Plan Width": 0,
                  "Actual Startup Time": 46.539,
                  "Actual Total Time": 112.709,
                  "Actual Rows": 108045,
                  "Actual Loops": 4,
                  "Recheck Cond": "(keyword_id > 40542)",
                  "Rows Removed by Index Recheck": 0,
                  "Exact Heap Blocks": 10577,
                  "Lossy Heap Blocks": 0,
                  "Plans": [
                    {
                      "Node Type": "Bitmap Index Scan",
                      "Parent Relationship": "Outer",
                      "Parallel Aware": false,
                      "Index Name": "keyword_id_movie_keyword",
                      "Startup Cost": 0.0,
                      "Total Cost": 9292.2,
                      "Plan Rows": 443169,
                      "Plan Width": 0,
                      "Actual Startup Time": 49.903,
                      "Actual Total Time": 49.903,
                      "Actual Rows": 432180,
                      "Actual Loops": 1,
                      "Index Cond": "(keyword_id > 40542)"
                    }
                  ]
                }
              ]
            }
          ]
        }
      ]
    },
    "Planning Time": 0.182,
    "Triggers": [],
    "Execution Time": 135.046
  }
]