{
  "Plan": {
    "Node Type": "Aggregate",
    "Strategy": "Plain",
    "Partial Mode": "Finalize",
    "Parallel Aware": false,
    "Startup Cost": 171468.95,
    "Total Cost": 171468.96,
    "Plan Rows": 1,
    "Plan Width": 8,
    "Actual Startup Time": 1674.537,
    "Actual Total Time": 1699.205,
    "Actual Rows": 1,
    "Actual Loops": 1,
    "Plans": [
      {
        "Node Type": "Gather",
        "Parent Relationship": "Outer",
        "Parallel Aware": false,
        "Startup Cost": 171468.83,
        "Total Cost": 171468.94,
        "Plan Rows": 1,
        "Plan Width": 8,
        "Actual Startup Time": 1670.857,
        "Actual Total Time": 1699.193,
        "Actual Rows": 2,
        "Actual Loops": 1,
        "Workers Planned": 1,
        "Workers Launched": 1,
        "Single Copy": false,
        "Plans": [
          {
            "Node Type": "Aggregate",
            "Strategy": "Plain",
            "Partial Mode": "Partial",
            "Parent Relationship": "Outer",
            "Parallel Aware": false,
            "Startup Cost": 170468.83,
            "Total Cost": 170468.84,
            "Plan Rows": 1,
            "Plan Width": 8,
            "Actual Startup Time": 1665.162,
            "Actual Total Time": 1665.609,
            "Actual Rows": 1,
            "Actual Loops": 2,
            "Plans": [
              {
                "Node Type": "Hash Join",
                "Parent Relationship": "Outer",
                "Parallel Aware": true,
                "Join Type": "Inner",
                "Startup Cost": 125563.61,
                "Total Cost": 169942.14,
                "Plan Rows": 210676,
                "Plan Width": 0,
                "Actual Startup Time": 835.365,
                "Actual Total Time": 1491.625,
                "Actual Rows": 2628151,
                "Actual Loops": 2,
                "Inner Unique": false,
                "Hash Cond": "(mc.movie_id = t.id)",
                "Plans": [
                  {
                    "Node Type": "Seq Scan",
                    "Parent Relationship": "Outer",
                    "Parallel Aware": true,
                    "Relation Name": "movie_companies",
                    "Alias": "mc",
                    "Startup Cost": 0.0,
                    "Total Cost": 37974.77,
                    "Plan Rows": 1377198,
                    "Plan Width": 4,
                    "Actual Startup Time": 0.073,
                    "Actual Total Time": 186.803,
                    "Actual Rows": 1171562,
                    "Actual Loops": 2,
                    "Filter": "(company_id > 137)",
                    "Rows Removed by Filter": 133002
                  },
                  {
                    "Node Type": "Hash",
                    "Parent Relationship": "Inner",
                    "Parallel Aware": true,
                    "Startup Cost": 122719.75,
                    "Total Cost": 122719.75,
                    "Plan Rows": 227509,
                    "Plan Width": 8,
                    "Actual Startup Time": 829.287,
                    "Actual Total Time": 829.732,
                    "Actual Rows": 299292,
                    "Actual Loops": 2,
                    "Hash Buckets": 1048576,
                    "Original Hash Buckets": 524288,
                    "Hash Batches": 1,
                    "Original Hash Batches": 1,
                    "Peak Memory Usage": 35744,
                    "Plans": [
                      {
                        "Node Type": "Hash Join",
                        "Parent Relationship": "Outer",
                        "Parallel Aware": true,
                        "Join Type": "Inner",
                        "Startup Cost": 61976.02,
                        "Total Cost": 122719.75,
                        "Plan Rows": 227509,
                        "Plan Width": 8,
                        "Actual Startup Time": 274.725,
                        "Actual Total Time": 732.135,
                        "Actual Rows": 299292,
                        "Actual Loops": 2,
                        "Inner Unique": true,
                        "Hash Cond": "(mk.movie_id = t.id)",
                        "Plans": [
                          {
                            "Node Type": "Seq Scan",
                            "Parent Relationship": "Outer",
                            "Parallel Aware": true,
                            "Relation Name": "movie_keyword",
                            "Alias": "mk",
                            "Startup Cost": 0.0,
                            "Total Cost": 57718.19,
                            "Plan Rows": 1152586,
                            "Plan Width": 4,
                            "Actual Startup Time": 0.018,
                            "Actual Total Time": 272.3,
                            "Actual Rows": 985230,
                            "Actual Loops": 2,
                            "Filter": "(keyword_id < 3448)",
                            "Rows Removed by Filter": 1276734
                          },
                          {
                            "Node Type": "Hash",
                            "Parent Relationship": "Inner",
                            "Parallel Aware": true,
                            "Startup Cost": 58306.47,
                            "Total Cost": 58306.47,
                            "Plan Rows": 293564,
                            "Plan Width": 4,
                            "Actual Startup Time": 270.938,
                            "Actual Total Time": 270.94,
                            "Actual Rows": 210142,
                            "Actual Loops": 2,
                            "Hash Buckets": 524288,
                            "Original Hash Buckets": 524288,
                            "Hash Batches": 1,
                            "Original Hash Batches": 1,
                            "Peak Memory Usage": 20576,
                            "Plans": [
                              {
                                "Node Type": "Seq Scan",
                                "Parent Relationship": "Outer",
                                "Parallel Aware": true,
                                "Relation Name": "title",
                                "Alias": "t",
                                "Startup Cost": 0.0,
                                "Total Cost": 58306.47,
                                "Plan Rows": 293564,
                                "Plan Width": 4,
                                "Actual Startup Time": 0.046,
                                "Actual Total Time": 201.287,
                                "Actual Rows": 210142,
                                "Actual Loops": 2,
                                "Filter": "((kind_id < 7) AND (production_year > 2002))",
                                "Rows Removed by Filter": 1054014
                              }
                            ]
                          }
                        ]
                      }
                    ]
                  }
                ]
              }
            ]
          }
        ]
      }
    ]
  },
  "Planning Time": 1.021,
  "Triggers": [],
  "Execution Time": 1699.291
}