{
  "Plan": {
    "Node Type": "Aggregate",
    "Strategy": "Plain",
    "Partial Mode": "Simple",
    "Parallel Aware": false,
    "Startup Cost": 1077293.1,
    "Total Cost": 1077293.11,
    "Plan Rows": 1,
    "Plan Width": 96,
    "Actual Startup Time": 4918.105,
    "Actual Total Time": 4918.225,
    "Actual Rows": 1,
    "Actual Loops": 1,
    "Plans": [
      {
        "Node Type": "Merge Join",
        "Parent Relationship": "Outer",
        "Parallel Aware": false,
        "Join Type": "Inner",
        "Startup Cost": 1064518.43,
        "Total Cost": 1077293.09,
        "Plan Rows": 1,
        "Plan Width": 42,
        "Actual Startup Time": 4792.876,
        "Actual Total Time": 4914.04,
        "Actual Rows": 46281,
        "Actual Loops": 1,
        "Inner Unique": false,
        "Merge Cond": "(cn.id = mc.company_id)",
        "Plans": [
          {
            "Node Type": "Index Scan",
            "Parent Relationship": "Outer",
            "Parallel Aware": false,
            "Scan Direction": "Forward",
            "Index Name": "company_name_pkey",
            "Relation Name": "company_name",
            "Alias": "cn",
            "Startup Cost": 0.42,
            "Total Cost": 12469.43,
            "Plan Rows": 125473,
            "Plan Width": 23,
            "Actual Startup Time": 0.037,
            "Actual Total Time": 102.935,
            "Actual Rows": 125938,
            "Actual Loops": 1,
            "Filter": "((country_code)::text <> '[us]'::text)",
            "Rows Removed by Filter": 108720
          },
          {
            "Node Type": "Sort",
            "Parent Relationship": "Inner",
            "Parallel Aware": false,
            "Startup Cost": 1064518.01,
            "Total Cost": 1064518.01,
            "Plan Rows": 1,
            "Plan Width": 27,
            "Actual Startup Time": 4792.825,
            "Actual Total Time": 4798.217,
            "Actual Rows": 64848,
            "Actual Loops": 1,
            "Sort Key": [
              "mc.company_id"
            ],
            "Sort Method": "quicksort",
            "Sort Space Used": 6355,
            "Sort Space Type": "Memory",
            "Plans": [
              {
                "Node Type": "Merge Join",
                "Parent Relationship": "Outer",
                "Parallel Aware": false,
                "Join Type": "Inner",
                "Startup Cost": 1064517.96,
                "Total Cost": 1064518.0,
                "Plan Rows": 1,
                "Plan Width": 27,
                "Actual Startup Time": 4770.805,
                "Actual Total Time": 4781.155,
                "Actual Rows": 64848,
                "Actual Loops": 1,
                "Inner Unique": true,
                "Merge Cond": "(mc.company_type_id = ct.id)",
                "Plans": [
                  {
                    "Node Type": "Sort",
                    "Parent Relationship": "Outer",
                    "Parallel Aware": false,
                    "Startup Cost": 1064516.88,
                    "Total Cost": 1064516.89,
                    "Plan Rows": 1,
                    "Plan Width": 31,
                    "Actual Startup Time": 4770.774,
                    "Actual Total Time": 4773.421,
                    "Actual Rows": 64848,
                    "Actual Loops": 1,
                    "Sort Key": [
                      "mc.company_type_id"
                    ],
                    "Sort Method": "quicksort",
                    "Sort Space Used": 6693,
                    "Sort Space Type": "Memory",
                    "Plans": [
                      {
                        "Node Type": "Merge Join",
                        "Parent Relationship": "Outer",
                        "Parallel Aware": false,
                        "Join Type": "Inner",
                        "Startup Cost": 917589.7,
                        "Total Cost": 1064516.87,
                        "Plan Rows": 1,
                        "Plan Width": 31,
                        "Actual Startup Time": 4094.805,
                        "Actual Total Time": 4760.868,
                        "Actual Rows": 64848,
                        "Actual Loops": 1,
                        "Inner Unique": false,
                        "Merge Cond": "(mc.movie_id = t.id)",
                        "Plans": [
                          {
                            "Node Type": "Index Scan",
                            "Parent Relationship": "Outer",
                            "Parallel Aware": false,
                            "Scan Direction": "Forward",
                            "Index Name": "movie_id_movie_companies",
                            "Relation Name": "movie_companies",
                            "Alias": "mc",
                            "Startup Cost": 0.43,
                            "Total Cost": 140404.76,
                            "Plan Rows": 2609129,
                            "Plan Width": 12,
                            "Actual Startup Time": 0.014,
                            "Actual Total Time": 501.167,
                            "Actual Rows": 2602579,
                            "Actual Loops": 1
                          },
                          {
                            "Node Type": "Sort",
                            "Parent Relationship": "Inner",
                            "Parallel Aware": false,
                            "Startup Cost": 917589.27,
                            "Total Cost": 917589.27,
                            "Plan Rows": 1,
                            "Plan Width": 39,
                            "Actual Startup Time": 4092.809,
                            "Actual Total Time": 4095.986,
                            "Actual Rows": 64938,
                            "Actual Loops": 1,
                            "Sort Key": [
                              "mk.movie_id"
                            ],
                            "Sort Method": "quicksort",
                            "Sort Space Used": 532,
                            "Sort Space Type": "Memory",
                            "Plans": [
                              {
                                "Node Type": "Merge Join",
                                "Parent Relationship": "Outer",
                                "Parallel Aware": false,
                                "Join Type": "Inner",
                                "Startup Cost": 917589.23,
                                "Total Cost": 917589.26,
                                "Plan Rows": 1,
                                "Plan Width": 39,
                                "Actual Startup Time": 4091.392,
                                "Actual Total Time": 4092.166,
                                "Actual Rows": 4115,
                                "Actual Loops": 1,
                                "Inner Unique": true,
                                "Merge Cond": "(mi.info_type_id = it1.id)",
                                "Plans": [
                                  {
                                    "Node Type": "Sort",
                                    "Parent Relationship": "Outer",
                                    "Parallel Aware": false,
                                    "Startup Cost": 917586.81,
                                    "Total Cost": 917586.81,
                                    "Plan Rows": 1,
                                    "Plan Width": 43,
                                    "Actual Startup Time": 4091.258,
                                    "Actual Total Time": 4091.557,
                                    "Actual Rows": 4549,
                                    "Actual Loops": 1,
                                    "Sort Key": [
                                      "mi.info_type_id"
                                    ],
                                    "Sort Method": "quicksort",
                                    "Sort Space Used": 598,
                                    "Sort Space Type": "Memory",
                                    "Plans": [
                                      {
                                        "Node Type": "Merge Join",
                                        "Parent Relationship": "Outer",
                                        "Parallel Aware": false,
                                        "Join Type": "Inner",
                                        "Startup Cost": 914182.96,
                                        "Total Cost": 917586.8,
                                        "Plan Rows": 1,
                                        "Plan Width": 43,
                                        "Actual Startup Time": 4029.429,
                                        "Actual Total Time": 4090.414,
                                        "Actual Rows": 4709,
                                        "Actual Loops": 1,
                                        "Inner Unique": false,
                                        "Merge Cond": "(t.id = mi.movie_id)",
                                        "Plans": [
                                          {
                                            "Node Type": "Sort",
                                            "Parent Relationship": "Outer",
                                            "Parallel Aware": false,
                                            "Startup Cost": 420369.39,
                                            "Total Cost": 420369.39,
                                            "Plan Rows": 1,
                                            "Plan Width": 35,
                                            "Actual Startup Time": 2025.359,
                                            "Actual Total Time": 2025.818,
                                            "Actual Rows": 5949,
                                            "Actual Loops": 1,
                                            "Sort Key": [
                                              "mk.movie_id"
                                            ],
                                            "Sort Method": "quicksort",
                                            "Sort Space Used": 675,
                                            "Sort Space Type": "Memory",
                                            "Plans": [
                                              {
                                                "Node Type": "Merge Join",
                                                "Parent Relationship": "Outer",
                                                "Parallel Aware": false,
                                                "Join Type": "Inner",
                                                "Startup Cost": 420369.33,
                                                "Total Cost": 420369.38,
                                                "Plan Rows": 1,
                                                "Plan Width": 35,
                                                "Actual Startup Time": 2023.167,
                                                "Actual Total Time": 2024.136,
                                                "Actual Rows": 5949,
                                                "Actual Loops": 1,
                                                "Inner Unique": true,
                                                "Merge Cond": "(mi_idx.info_type_id = it2.id)",
                                                "Plans": [
                                                  {
                                                    "Node Type": "Sort",
                                                    "Parent Relationship": "Outer",
                                                    "Parallel Aware": false,
                                                    "Startup Cost": 420366.9,
                                                    "Total Cost": 420366.92,
                                                    "Plan Rows": 8,
                                                    "Plan Width": 39,
                                                    "Actual Startup Time": 2021.772,
                                                    "Actual Total Time": 2022.574,
                                                    "Actual Rows": 17731,
                                                    "Actual Loops": 1,
                                                    "Sort Key": [
                                                      "mi_idx.info_type_id"
                                                    ],
                                                    "Sort Method": "quicksort",
                                                    "Sort Space Used": 2291,
                                                    "Sort Space Type": "Memory",
                                                    "Plans": [
                                                      {
                                                        "Node Type": "Merge Join",
                                                        "Parent Relationship": "Outer",
                                                        "Parallel Aware": false,
                                                        "Join Type": "Inner",
                                                        "Startup Cost": 359940.58,
                                                        "Total Cost": 420366.78,
                                                        "Plan Rows": 8,
                                                        "Plan Width": 39,
                                                        "Actual Startup Time": 1729.886,
                                                        "Actual Total Time": 2017.937,
                                                        "Actual Rows": 17788,
                                                        "Actual Loops": 1,
                                                        "Inner Unique": false,
                                                        "Merge Cond": "(mi_idx.movie_id = t.id)",
                                                        "Plans": [
                                                          {
                                                            "Node Type": "Index Scan",
                                                            "Parent Relationship": "Outer",
                                                            "Parallel Aware": false,
                                                            "Scan Direction": "Forward",
                                                            "Index Name": "movie_id_movie_info_idx",
                                                            "Relation Name": "movie_info_idx",
                                                            "Alias": "mi_idx",
                                                            "Startup Cost": 0.43,
                                                            "Total Cost": 57072.82,
                                                            "Plan Rows": 1341456,
                                                            "Plan Width": 14,
                                                            "Actual Startup Time": 0.018,
                                                            "Actual Total Time": 227.916,
                                                            "Actual Rows": 1337597,
                                                            "Actual Loops": 1,
                                                            "Filter": "(info < '8.5'::text)",
                                                            "Rows Removed by Filter": 42400
                                                          },
                                                          {
                                                            "Node Type": "Sort",
                                                            "Parent Relationship": "Inner",
                                                            "Parallel Aware": false,
                                                            "Startup Cost": 359940.16,
                                                            "Total Cost": 359940.2,
                                                            "Plan Rows": 16,
                                                            "Plan Width": 25,
                                                            "Actual Startup Time": 1728.907,
                                                            "Actual Total Time": 1730.174,
                                                            "Actual Rows": 19724,
                                                            "Actual Loops": 1,
                                                            "Sort Key": [
                                                              "mk.movie_id"
                                                            ],
                                                            "Sort Method": "quicksort",
                                                            "Sort Space Used": 793,
                                                            "Sort Space Type": "Memory",
                                                            "Plans": [
                                                              {
                                                                "Node Type": "Merge Join",
                                                                "Parent Relationship": "Outer",
                                                                "Parallel Aware": false,
                                                                "Join Type": "Inner",
                                                                "Startup Cost": 359939.39,
                                                                "Total Cost": 359939.84,
                                                                "Plan Rows": 16,
                                                                "Plan Width": 25,
                                                                "Actual Startup Time": 1726.231,
                                                                "Actual Total Time": 1727.601,
                                                                "Actual Rows": 8073,
                                                                "Actual Loops": 1,
                                                                "Inner Unique": true,
                                                                "Merge Cond": "(t.kind_id = kt.id)",
                                                                "Plans": [
                                                                  {
                                                                    "Node Type": "Sort",
                                                                    "Parent Relationship": "Outer",
                                                                    "Parallel Aware": false,
                                                                    "Startup Cost": 359938.29,
                                                                    "Total Cost": 359938.43,
                                                                    "Plan Rows": 55,
                                                                    "Plan Width": 29,
                                                                    "Actual Startup Time": 1726.197,
                                                                    "Actual Total Time": 1726.572,
                                                                    "Actual Rows": 9739,
                                                                    "Actual Loops": 1,
                                                                    "Sort Key": [
                                                                      "t.kind_id"
                                                                    ],
                                                                    "Sort Method": "quicksort",
                                                                    "Sort Space Used": 1168,
                                                                    "Sort Space Type": "Memory",
                                                                    "Plans": [
                                                                      {
                                                                        "Node Type": "Merge Join",
                                                                        "Parent Relationship": "Outer",
                                                                        "Parallel Aware": false,
                                                                        "Join Type": "Inner",
                                                                        "Startup Cost": 240842.22,
                                                                        "Total Cost": 359936.7,
                                                                        "Plan Rows": 55,
                                                                        "Plan Width": 29,
                                                                        "Actual Startup Time": 621.155,
                                                                        "Actual Total Time": 1723.846,
                                                                        "Actual Rows": 9739,
                                                                        "Actual Loops": 1,
                                                                        "Inner Unique": false,
                                                                        "Merge Cond": "(t.id = mk.movie_id)",
                                                                        "Plans": [
                                                                          {
                                                                            "Node Type": "Index Scan",
                                                                            "Parent Relationship": "Outer",
                                                                            "Parallel Aware": false,
                                                                            "Scan Direction": "Forward",
                                                                            "Index Name": "title_pkey",
                                                                            "Relation Name": "title",
                                                                            "Alias": "t",
                                                                            "Startup Cost": 0.43,
                                                                            "Total Cost": 116680.33,
                                                                            "Plan Rows": 1022218,
                                                                            "Plan Width": 25,
                                                                            "Actual Startup Time": 0.021,
                                                                            "Actual Total Time": 1047.26,
                                                                            "Actual Rows": 1012614,
                                                                            "Actual Loops": 1,
                                                                            "Filter": "(production_year > 2005)",
                                                                            "Rows Removed by Filter": 1513057
                                                                          },
                                                                          {
                                                                            "Node Type": "Sort",
                                                                            "Parent Relationship": "Inner",
                                                                            "Parallel Aware": false,
                                                                            "Startup Cost": 240828.26,
                                                                            "Total Cost": 240828.59,
                                                                            "Plan Rows": 135,
                                                                            "Plan Width": 4,
                                                                            "Actual Startup Time": 620.482,
                                                                            "Actual Total Time": 624.259,
                                                                            "Actual Rows": 37091,
                                                                            "Actual Loops": 1,
                                                                            "Sort Key": [
                                                                              "mk.movie_id"
                                                                            ],
                                                                            "Sort Method": "quicksort",
                                                                            "Sort Space Used": 3275,
                                                                            "Sort Space Type": "Memory",
                                                                            "Plans": [
                                                                              {
                                                                                "Node Type": "Merge Join",
                                                                                "Parent Relationship": "Outer",
                                                                                "Parallel Aware": false,
                                                                                "Join Type": "Inner",
                                                                                "Startup Cost": 3803.8,
                                                                                "Total Cost": 240823.48,
                                                                                "Plan Rows": 135,
                                                                                "Plan Width": 4,
                                                                                "Actual Startup Time": 165.947,
                                                                                "Actual Total Time": 614.605,
                                                                                "Actual Rows": 37091,
                                                                                "Actual Loops": 1,
                                                                                "Inner Unique": true,
                                                                                "Merge Cond": "(mk.keyword_id = k.id)",
                                                                                "Plans": [
                                                                                  {
                                                                                    "Node Type": "Index Scan",
                                                                                    "Parent Relationship": "Outer",
                                                                                    "Parallel Aware": false,
                                                                                    "Scan Direction": "Forward",
                                                                                    "Index Name": "keyword_id_movie_keyword",
                                                                                    "Relation Name": "movie_keyword",
                                                                                    "Alias": "mk",
                                                                                    "Startup Cost": 0.43,
                                                                                    "Total Cost": 226550.7,
                                                                                    "Plan Rows": 4523930,
                                                                                    "Plan Width": 8,
                                                                                    "Actual Startup Time": 0.02,
                                                                                    "Actual Total Time": 520.227,
                                                                                    "Actual Rows": 943582,
                                                                                    "Actual Loops": 1
                                                                                  },
                                                                                  {
                                                                                    "Node Type": "Sort",
                                                                                    "Parent Relationship": "Inner",
                                                                                    "Parallel Aware": false,
                                                                                    "Startup Cost": 2961.59,
                                                                                    "Total Cost": 2961.6,
                                                                                    "Plan Rows": 4,
                                                                                    "Plan Width": 4,
                                                                                    "Actual Startup Time": 33.85,
                                                                                    "Actual Total Time": 33.854,
                                                                                    "Actual Rows": 3,
                                                                                    "Actual Loops": 1,
                                                                                    "Sort Key": [
                                                                                      "k.id"
                                                                                    ],
                                                                                    "Sort Method": "quicksort",
                                                                                    "Sort Space Used": 25,
                                                                                    "Sort Space Type": "Memory",
                                                                                    "Plans": [
                                                                                      {
                                                                                        "Node Type": "Seq Scan",
                                                                                        "Parent Relationship": "Outer",
                                                                                        "Parallel Aware": false,
                                                                                        "Relation Name": "keyword",
                                                                                        "Alias": "k",
                                                                                        "Startup Cost": 0.0,
                                                                                        "Total Cost": 2961.55,
                                                                                        "Plan Rows": 4,
                                                                                        "Plan Width": 4,
                                                                                        "Actual Startup Time": 2.689,
                                                                                        "Actual Total Time": 33.835,
                                                                                        "Actual Rows": 3,
                                                                                        "Actual Loops": 1,
                                                                                        "Filter": "(keyword = ANY ('{murder,murder-in-title,blood,violence}'::text[]))",
                                                                                        "Rows Removed by Filter": 134167
                                                                                      }
                                                                                    ]
                                                                                  }
                                                                                ]
                                                                              }
                                                                            ]
                                                                          }
                                                                        ]
                                                                      }
                                                                    ]
                                                                  },
                                                                  {
                                                                    "Node Type": "Sort",
                                                                    "Parent Relationship": "Inner",
                                                                    "Parallel Aware": false,
                                                                    "Startup Cost": 1.1,
                                                                    "Total Cost": 1.1,
                                                                    "Plan Rows": 2,
                                                                    "Plan Width": 4,
                                                                    "Actual Startup Time": 0.031,
                                                                    "Actual Total Time": 0.032,
                                                                    "Actual Rows": 2,
                                                                    "Actual Loops": 1,
                                                                    "Sort Key": [
                                                                      "kt.id"
                                                                    ],
                                                                    "Sort Method": "quicksort",
                                                                    "Sort Space Used": 25,
                                                                    "Sort Space Type": "Memory",
                                                                    "Plans": [
                                                                      {
                                                                        "Node Type": "Seq Scan",
                                                                        "Parent Relationship": "Outer",
                                                                        "Parallel Aware": false,
                                                                        "Relation Name": "kind_type",
                                                                        "Alias": "kt",
                                                                        "Startup Cost": 0.0,
                                                                        "Total Cost": 1.09,
                                                                        "Plan Rows": 2,
                                                                        "Plan Width": 4,
                                                                        "Actual Startup Time": 0.021,
                                                                        "Actual Total Time": 0.022,
                                                                        "Actual Rows": 2,
                                                                        "Actual Loops": 1,
                                                                        "Filter": "((kind)::text = ANY ('{movie,episode}'::text[]))",
                                                                        "Rows Removed by Filter": 5
                                                                      }
                                                                    ]
                                                                  }
                                                                ]
                                                              }
                                                            ]
                                                          }
                                                        ]
                                                      }
                                                    ]
                                                  },
                                                  {
                                                    "Node Type": "Sort",
                                                    "Parent Relationship": "Inner",
                                                    "Parallel Aware": false,
                                                    "Startup Cost": 2.42,
                                                    "Total Cost": 2.43,
                                                    "Plan Rows": 1,
                                                    "Plan Width": 4,
                                                    "Actual Startup Time": 0.03,
                                                    "Actual Total Time": 0.031,
                                                    "Actual Rows": 1,
                                                    "Actual Loops": 1,
                                                    "Sort Key": [
                                                      "it2.id"
                                                    ],
                                                    "Sort Method": "quicksort",
                                                    "Sort Space Used": 25,
                                                    "Sort Space Type": "Memory",
                                                    "Plans": [
                                                      {
                                                        "Node Type": "Seq Scan",
                                                        "Parent Relationship": "Outer",
                                                        "Parallel Aware": false,
                                                        "Relation Name": "info_type",
                                                        "Alias": "it2",
                                                        "Startup Cost": 0.0,
                                                        "Total Cost": 2.41,
                                                        "Plan Rows": 1,
                                                        "Plan Width": 4,
                                                        "Actual Startup Time": 0.021,
                                                        "Actual Total Time": 0.022,
                                                        "Actual Rows": 1,
                                                        "Actual Loops": 1,
                                                        "Filter": "((info)::text = 'rating'::text)",
                                                        "Rows Removed by Filter": 112
                                                      }
                                                    ]
                                                  }
                                                ]
                                              }
                                            ]
                                          },
                                          {
                                            "Node Type": "Sort",
                                            "Parent Relationship": "Inner",
                                            "Parallel Aware": false,
                                            "Startup Cost": 493813.57,
                                            "Total Cost": 495515.48,
                                            "Plan Rows": 680764,
                                            "Plan Width": 8,
                                            "Actual Startup Time": 2003.877,
                                            "Actual Total Time": 2029.125,
                                            "Actual Rows": 717740,
                                            "Actual Loops": 1,
                                            "Sort Key": [
                                              "mi.movie_id"
                                            ],
                                            "Sort Method": "quicksort",
                                            "Sort Space Used": 58149,
                                            "Sort Space Type": "Memory",
                                            "Plans": [
                                              {
                                                "Node Type": "Gather",
                                                "Parent Relationship": "Outer",
                                                "Parallel Aware": false,
                                                "Startup Cost": 1000.0,
                                                "Total Cost": 427858.45,
                                                "Plan Rows": 680764,
                                                "Plan Width": 8,
                                                "Actual Startup Time": 1.403,
                                                "Actual Total Time": 1880.914,
                                                "Actual Rows": 716210,
                                                "Actual Loops": 1,
                                                "Workers Planned": 1,
                                                "Workers Launched": 1,
                                                "Single Copy": false,
                                                "Plans": [
                                                  {
                                                    "Node Type": "Seq Scan",
                                                    "Parent Relationship": "Outer",
                                                    "Parallel Aware": true,
                                                    "Relation Name": "movie_info",
                                                    "Alias": "mi",
                                                    "Startup Cost": 0.0,
                                                    "Total Cost": 358782.05,
                                                    "Plan Rows": 400449,
                                                    "Plan Width": 8,
                                                    "Actual Startup Time": 0.743,
                                                    "Actual Total Time": 1813.939,
                                                    "Actual Rows": 358105,
                                                    "Actual Loops": 2,
                                                    "Filter": "(info = ANY ('{Sweden,Norway,Germany,Denmark,Swedish,Danish,Norwegian,German,USA,American}'::text[]))",
                                                    "Rows Removed by Filter": 7059755
                                                  }
                                                ]
                                              }
                                            ]
                                          }
                                        ]
                                      }
                                    ]
                                  },
                                  {
                                    "Node Type": "Sort",
                                    "Parent Relationship": "Inner",
                                    "Parallel Aware": false,
                                    "Startup Cost": 2.42,
                                    "Total Cost": 2.43,
                                    "Plan Rows": 1,
                                    "Plan Width": 4,
                                    "Actual Startup Time": 0.045,
                                    "Actual Total Time": 0.045,
                                    "Actual Rows": 1,
                                    "Actual Loops": 1,
                                    "Sort Key": [
                                      "it1.id"
                                    ],
                                    "Sort Method": "quicksort",
                                    "Sort Space Used": 25,
                                    "Sort Space Type": "Memory",
                                    "Plans": [
                                      {
                                        "Node Type": "Seq Scan",
                                        "Parent Relationship": "Outer",
                                        "Parallel Aware": false,
                                        "Relation Name": "info_type",
                                        "Alias": "it1",
                                        "Startup Cost": 0.0,
                                        "Total Cost": 2.41,
                                        "Plan Rows": 1,
                                        "Plan Width": 4,
                                        "Actual Startup Time": 0.03,
                                        "Actual Total Time": 0.035,
                                        "Actual Rows": 1,
                                        "Actual Loops": 1,
                                        "Filter": "((info)::text = 'countries'::text)",
                                        "Rows Removed by Filter": 112
                                      }
                                    ]
                                  }
                                ]
                              }
                            ]
                          }
                        ]
                      }
                    ]
                  },
                  {
                    "Node Type": "Sort",
                    "Parent Relationship": "Inner",
                    "Parallel Aware": false,
                    "Startup Cost": 1.08,
                    "Total Cost": 1.09,
                    "Plan Rows": 4,
                    "Plan Width": 4,
                    "Actual Startup Time": 0.027,
                    "Actual Total Time": 0.028,
                    "Actual Rows": 2,
                    "Actual Loops": 1,
                    "Sort Key": [
                      "ct.id"
                    ],
                    "Sort Method": "quicksort",
                    "Sort Space Used": 25,
                    "Sort Space Type": "Memory",
                    "Plans": [
                      {
                        "Node Type": "Seq Scan",
                        "Parent Relationship": "Outer",
                        "Parallel Aware": false,
                        "Relation Name": "company_type",
                        "Alias": "ct",
                        "Startup Cost": 0.0,
                        "Total Cost": 1.04,
                        "Plan Rows": 4,
                        "Plan Width": 4,
                        "Actual Startup Time": 0.015,
                        "Actual Total Time": 0.017,
                        "Actual Rows": 4,
                        "Actual Loops": 1
                      }
                    ]
                  }
                ]
              }
            ]
          }
        ]
      }
    ]
  },
  "Planning Time": 3.953,
  "Triggers": [],
  "Execution Time": 4918.489
}