[
  {
    "Plan": {
      "Node Type": "Aggregate",
      "Strategy": "Plain",
      "Partial Mode": "Finalize",
      "Parallel Aware": false,
      "Startup Cost": 171894.95,
      "Total Cost": 171894.96,
      "Plan Rows": 1,
      "Plan Width": 8,
      "Actual Startup Time": 583.499,
      "Actual Total Time": 617.115,
      "Actual Rows": 1,
      "Actual Loops": 1,
      "Plans": [
        {
          "Node Type": "Gather",
          "Parent Relationship": "Outer",
          "Parallel Aware": false,
          "Startup Cost": 171894.73,
          "Total Cost": 171894.94,
          "Plan Rows": 2,
          "Plan Width": 8,
          "Actual Startup Time": 581.41,
          "Actual Total Time": 617.104,
          "Actual Rows": 3,
          "Actual Loops": 1,
          "Workers Planned": 2,
          "Workers Launched": 2,
          "Single Copy": false,
          "Plans": [
            {
              "Node Type": "Aggregate",
              "Strategy": "Plain",
              "Partial Mode": "Partial",
              "Parent Relationship": "Outer",
              "Parallel Aware": false,
              "Startup Cost": 170894.73,
              "Total Cost": 170894.74,
              "Plan Rows": 1,
              "Plan Width": 8,
              "Actual Startup Time": 577.17,
              "Actual Total Time": 577.315,
              "Actual Rows": 1,
              "Actual Loops": 3,
              "Plans": [
                {
                  "Node Type": "Hash Join",
                  "Parent Relationship": "Outer",
                  "Parallel Aware": true,
                  "Join Type": "Inner",
                  "Startup Cost": 154904.72,
                  "Total Cost": 170812.2,
                  "Plan Rows": 33013,
                  "Plan Width": 0,
                  "Actual Startup Time": 486.533,
                  "Actual Total Time": 575.374,
                  "Actual Rows": 46053,
                  "Actual Loops": 3,
                  "Inner Unique": false,
                  "Hash Cond": "(mi_idx.movie_id = t.id)",
                  "Plans": [
                    {
                      "Node Type": "Seq Scan",
                      "Parent Relationship": "Outer",
                      "Parallel Aware": true,
                      "Relation Name": "movie_info_idx",
                      "Alias": "mi_idx",
                      "Startup Cost": 0.0,
                      "Total Cost": 13685.15,
                      "Plan Rows": 575015,
                      "Plan Width": 4,
                      "Actual Startup Time": 0.016,
                      "Actual Total Time": 38.123,
                      "Actual Rows": 460012,
                      "Actual Loops": 3
                    },
                    {
                      "Node Type": "Hash",
                      "Parent Relationship": "Inner",
                      "Parallel Aware": true,
                      "Startup Cost": 154541.81,
                      "Total Cost": 154541.81,
                      "Plan Rows": 29033,
                      "Plan Width": 8,
                      "Actual Startup Time": 485.057,
                      "Actual Total Time": 485.201,
                      "Actual Rows": 68101,
                      "Actual Loops": 3,
                      "Hash Buckets": 262144,
                      "Original Hash Buckets": 262144,
                      "Hash Batches": 1,
                      "Original Hash Batches": 1,
                      "Peak Memory Usage": 10080,
                      "Plans": [
                        {
                          "Node Type": "Hash Join",
                          "Parent Relationship": "Outer",
                          "Parallel Aware": true,
                          "Join Type": "Inner",
                          "Startup Cost": 46982.11,
                          "Total Cost": 154541.81,
                          "Plan Rows": 29033,
                          "Plan Width": 8,
                          "Actual Startup Time": 327.343,
                          "Actual Total Time": 465.294,
                          "Actual Rows": 68101,
                          "Actual Loops": 3,
                          "Inner Unique": true,
                          "Hash Cond": "(ci.movie_id = t.id)",
                          "Plans": [
                            {
                              "Node Type": "Index Scan",
                              "Parent Relationship": "Outer",
                              "Parallel Aware": true,
                              "Scan Direction": "Forward",
                              "Index Name": "role_id_cast_info",
                              "Relation Name": "cast_info",
                              "Alias": "ci",
                              "Startup Cost": 0.56,
                              "Total Cost": 107159.34,
                              "Plan Rows": 152733,
                              "Plan Width": 4,
                              "Actual Startup Time": 155.884,
                              "Actual Total Time": 221.046,
                              "Actual Rows": 209102,
                              "Actual Loops": 3,
                              "Index Cond": "(role_id = 3)",
                              "Rows Removed by Index Recheck": 0,
                              "Filter": "(person_id > 2968566)",
                              "Rows Removed by Filter": 1126910
                            },
                            {
                              "Node Type": "Hash",
                              "Parent Relationship": "Inner",
                              "Parallel Aware": true,
                              "Startup Cost": 45479.59,
                              "Total Cost": 45479.59,
                              "Plan Rows": 120157,
                              "Plan Width": 4,
                              "Actual Startup Time": 169.962,
                              "Actual Total Time": 169.964,
                              "Actual Rows": 173528,
                              "Actual Loops": 3,
                              "Hash Buckets": 524288,
                              "Original Hash Buckets": 524288,
                              "Hash Batches": 1,
                              "Original Hash Batches": 1,
                              "Peak Memory Usage": 24480,
                              "Plans": [
                                {
                                  "Node Type": "Seq Scan",
                                  "Parent Relationship": "Outer",
                                  "Parallel Aware": true,
                                  "Relation Name": "title",
                                  "Alias": "t",
                                  "Startup Cost": 0.0,
                                  "Total Cost": 45479.59,
                                  "Plan Rows": 120157,
                                  "Plan Width": 4,
                                  "Actual Startup Time": 0.017,
                                  "Actual Total Time": 123.041,
                                  "Actual Rows": 173528,
                                  "Actual Loops": 3,
                                  "Filter": "((kind_id > 4) AND (production_year > 2007))",
                                  "Rows Removed by Filter": 669243
                                }
                              ]
                            }
                          ]
                        }
                      ]
                    }
                  ]
                }
              ]
            }
          ]
        }
      ]
    },
    "Planning Time": 0.453,
    "Triggers": [],
    "Execution Time": 617.173
  }
]