[
  {
    "Plan": {
      "Node Type": "Aggregate",
      "Strategy": "Plain",
      "Partial Mode": "Finalize",
      "Parallel Aware": false,
      "Startup Cost": 46273.12,
      "Total Cost": 46273.13,
      "Plan Rows": 1,
      "Plan Width": 8,
      "Actual Startup Time": 158.763,
      "Actual Total Time": 168.235,
      "Actual Rows": 1,
      "Actual Loops": 1,
      "Plans": [
        {
          "Node Type": "Gather",
          "Parent Relationship": "Outer",
          "Parallel Aware": false,
          "Startup Cost": 46272.8,
          "Total Cost": 46273.11,
          "Plan Rows": 3,
          "Plan Width": 8,
          "Actual Startup Time": 158.661,
          "Actual Total Time": 168.228,
          "Actual Rows": 4,
          "Actual Loops": 1,
          "Workers Planned": 3,
          "Workers Launched": 3,
          "Single Copy": false,
          "Plans": [
            {
              "Node Type": "Aggregate",
              "Strategy": "Plain",
              "Partial Mode": "Partial",
              "Parent Relationship": "Outer",
              "Parallel Aware": false,
              "Startup Cost": 45272.8,
              "Total Cost": 45272.81,
              "Plan Rows": 1,
              "Plan Width": 8,
              "Actual Startup Time": 152.942,
              "Actual Total Time": 152.943,
              "Actual Rows": 1,
              "Actual Loops": 4,
              "Plans": [
                {
                  "Node Type": "Seq Scan",
                  "Parent Relationship": "Outer",
                  "Parallel Aware": true,
                  "Relation Name": "movie_keyword",
                  "Alias": "mk",
                  "Startup Cost": 0.0,
                  "Total Cost": 42695.65,
                  "Plan Rows": 1030860,
                  "Plan Width": 0,
                  "Actual Startup Time": 0.233,
                  "Actual Total Time": 119.273,
                  "Actual Rows": 794668,
                  "Actual Loops": 4,
                  "Filter": "(keyword_id > 1751)",
                  "Rows Removed by Filter": 336314
                }
              ]
            }
          ]
        }
      ]
    },
    "Planning Time": 0.19,
    "Triggers": [],
    "Execution Time": 168.294
  }
]