{
    "Plan": {
        "Node Type": "Aggregate",
        "Strategy": "Plain",
        "Partial Mode": "Simple",
        "Parallel Aware": false,
        "Startup Cost": 70002004522.04,
        "Total Cost": 70002004522.05,
        "Plan Rows": 1,
        "Plan Width": 96,
        "Actual Startup Time": 5704.307,
        "Actual Total Time": 5706.05,
        "Actual Rows": 1,
        "Actual Loops": 1,
        "Output": [
            "min(cn.name)",
            "min((lt.link)::text)",
            "min(t.title)"
        ],
        "Plans": [
            {
                "Node Type": "Hash Join",
                "Parent Relationship": "Outer",
                "Parallel Aware": false,
                "Join Type": "Inner",
                "Startup Cost": 70001662845.08,
                "Total Cost": 70002004522.04,
                "Plan Rows": 1,
                "Plan Width": 48,
                "Actual Startup Time": 5704.301,
                "Actual Total Time": 5706.043,
                "Actual Rows": 0,
                "Actual Loops": 1,
                "Output": [
                    "cn.name",
                    "lt.link",
                    "t.title"
                ],
                "Inner Unique": false,
                "Hash Cond": "(ml.movie_id = t.id)",
                "Plans": [
                    {
                        "Node Type": "Nested Loop",
                        "Parent Relationship": "Outer",
                        "Parallel Aware": false,
                        "Join Type": "Inner",
                        "Startup Cost": 40000000335.82,
                        "Total Cost": 40000342012.76,
                        "Plan Rows": 1,
                        "Plan Width": 20,
                        "Actual Startup Time": 38.014,
                        "Actual Total Time": 148.303,
                        "Actual Rows": 199,
                        "Actual Loops": 1,
                        "Output": [
                            "mk.movie_id",
                            "ml.movie_id",
                            "lt.link"
                        ],
                        "Inner Unique": true,
                        "Plans": [
                            {
                                "Node Type": "Merge Join",
                                "Parent Relationship": "Outer",
                                "Parallel Aware": false,
                                "Join Type": "Inner",
                                "Startup Cost": 30000000335.39,
                                "Total Cost": 30000005440.75,
                                "Plan Rows": 75750,
                                "Plan Width": 24,
                                "Actual Startup Time": 32.191,
                                "Actual Total Time": 57.602,
                                "Actual Rows": 17543,
                                "Actual Loops": 1,
                                "Output": [
                                    "lt.link",
                                    "ml.movie_id",
                                    "mk.movie_id",
                                    "mk.keyword_id"
                                ],
                                "Inner Unique": false,
                                "Merge Cond": "(mk.movie_id = ml.movie_id)",
                                "Plans": [
                                    {
                                        "Node Type": "Index Scan",
                                        "Parent Relationship": "Outer",
                                        "Parallel Aware": false,
                                        "Scan Direction": "Forward",
                                        "Index Name": "movie_id_movie_keyword",
                                        "Relation Name": "movie_keyword",
                                        "Schema": "public",
                                        "Alias": "mk",
                                        "Startup Cost": 10000000000.43,
                                        "Total Cost": 10000177177.46,
                                        "Plan Rows": 4523930,
                                        "Plan Width": 8,
                                        "Actual Startup Time": 0.022,
                                        "Actual Total Time": 11.978,
                                        "Actual Rows": 97855,
                                        "Actual Loops": 1,
                                        "Output": [
                                            "mk.id",
                                            "mk.movie_id",
                                            "mk.keyword_id"
                                        ]
                                    },
                                    {
                                        "Node Type": "Sort",
                                        "Parent Relationship": "Inner",
                                        "Parallel Aware": false,
                                        "Startup Cost": 20000000334.38,
                                        "Total Cost": 20000000338.55,
                                        "Plan Rows": 1666,
                                        "Plan Width": 16,
                                        "Actual Startup Time": 32.135,
                                        "Actual Total Time": 35.306,
                                        "Actual Rows": 18063,
                                        "Actual Loops": 1,
                                        "Output": [
                                            "lt.link",
                                            "ml.movie_id"
                                        ],
                                        "Sort Key": [
                                            "ml.movie_id"
                                        ],
                                        "Sort Method": "quicksort",
                                        "Sort Space Used": 205,
                                        "Sort Space Type": "Memory",
                                        "Plans": [
                                            {
                                                "Node Type": "Nested Loop",
                                                "Parent Relationship": "Outer",
                                                "Parallel Aware": false,
                                                "Join Type": "Inner",
                                                "Startup Cost": 20000000038.82,
                                                "Total Cost": 20000000245.23,
                                                "Plan Rows": 1666,
                                                "Plan Width": 16,
                                                "Actual Startup Time": 29.261,
                                                "Actual Total Time": 31.454,
                                                "Actual Rows": 2315,
                                                "Actual Loops": 1,
                                                "Output": [
                                                    "lt.link",
                                                    "ml.movie_id"
                                                ],
                                                "Inner Unique": false,
                                                "Plans": [
                                                    {
                                                        "Node Type": "Seq Scan",
                                                        "Parent Relationship": "Outer",
                                                        "Parallel Aware": false,
                                                        "Relation Name": "link_type",
                                                        "Schema": "public",
                                                        "Alias": "lt",
                                                        "Startup Cost": 10000000000.0,
                                                        "Total Cost": 10000000001.23,
                                                        "Plan Rows": 1,
                                                        "Plan Width": 16,
                                                        "Actual Startup Time": 0.014,
                                                        "Actual Total Time": 0.024,
                                                        "Actual Rows": 2,
                                                        "Actual Loops": 1,
                                                        "Output": [
                                                            "lt.id",
                                                            "lt.link"
                                                        ],
                                                        "Filter": "((lt.link)::text ~~ '%follow%'::text)",
                                                        "Rows Removed by Filter": 16
                                                    },
                                                    {
                                                        "Node Type": "Bitmap Heap Scan",
                                                        "Parent Relationship": "Inner",
                                                        "Parallel Aware": false,
                                                        "Relation Name": "movie_link",
                                                        "Schema": "public",
                                                        "Alias": "ml",
                                                        "Startup Cost": 38.82,
                                                        "Total Cost": 225.26,
                                                        "Plan Rows": 1875,
                                                        "Plan Width": 8,
                                                        "Actual Startup Time": 15.171,
                                                        "Actual Total Time": 15.545,
                                                        "Actual Rows": 1158,
                                                        "Actual Loops": 2,
                                                        "Output": [
                                                            "ml.id",
                                                            "ml.movie_id",
                                                            "ml.linked_movie_id",
                                                            "ml.link_type_id"
                                                        ],
                                                        "Recheck Cond": "(ml.link_type_id = lt.id)",
                                                        "Rows Removed by Index Recheck": 0,
                                                        "Exact Heap Blocks": 191,
                                                        "Lossy Heap Blocks": 0,
                                                        "Plans": [
                                                            {
                                                                "Node Type": "Bitmap Index Scan",
                                                                "Parent Relationship": "Outer",
                                                                "Parallel Aware": false,
                                                                "Index Name": "link_type_id_movie_link",
                                                                "Startup Cost": 0.0,
                                                                "Total Cost": 38.35,
                                                                "Plan Rows": 1875,
                                                                "Plan Width": 0,
                                                                "Actual Startup Time": 15.149,
                                                                "Actual Total Time": 15.149,
                                                                "Actual Rows": 1158,
                                                                "Actual Loops": 2,
                                                                "Index Cond": "(ml.link_type_id = lt.id)"
                                                            }
                                                        ]
                                                    }
                                                ]
                                            }
                                        ]
                                    }
                                ]
                            },
                            {
                                "Node Type": "Bitmap Heap Scan",
                                "Parent Relationship": "Inner",
                                "Parallel Aware": false,
                                "Relation Name": "keyword",
                                "Schema": "public",
                                "Alias": "k",
                                "Startup Cost": 0.43,
                                "Total Cost": 4.44,
                                "Plan Rows": 1,
                                "Plan Width": 4,
                                "Actual Startup Time": 0.003,
                                "Actual Total Time": 0.003,
                                "Actual Rows": 0,
                                "Actual Loops": 17543,
                                "Output": [
                                    "k.id",
                                    "k.keyword",
                                    "k.phonetic_code"
                                ],
                                "Recheck Cond": "(k.id = mk.keyword_id)",
                                "Rows Removed by Index Recheck": 0,
                                "Filter": "(k.keyword = 'sequel'::text)",
                                "Rows Removed by Filter": 1,
                                "Exact Heap Blocks": 17543,
                                "Lossy Heap Blocks": 0,
                                "Plans": [
                                    {
                                        "Node Type": "Bitmap Index Scan",
                                        "Parent Relationship": "Outer",
                                        "Parallel Aware": false,
                                        "Index Name": "keyword_pkey",
                                        "Startup Cost": 0.0,
                                        "Total Cost": 0.43,
                                        "Plan Rows": 1,
                                        "Plan Width": 0,
                                        "Actual Startup Time": 0.002,
                                        "Actual Total Time": 0.002,
                                        "Actual Rows": 1,
                                        "Actual Loops": 17543,
                                        "Index Cond": "(k.id = mk.keyword_id)"
                                    }
                                ]
                            }
                        ]
                    },
                    {
                        "Node Type": "Hash",
                        "Parent Relationship": "Inner",
                        "Parallel Aware": false,
                        "Startup Cost": 30001662439.4,
                        "Total Cost": 30001662439.4,
                        "Plan Rows": 5589,
                        "Plan Width": 48,
                        "Actual Startup Time": 5555.922,
                        "Actual Total Time": 5557.659,
                        "Actual Rows": 13114,
                        "Actual Loops": 1,
                        "Output": [
                            "cn.name",
                            "mc.movie_id",
                            "mi.movie_id",
                            "t.title",
                            "t.id"
                        ],
                        "Hash Buckets": 16384,
                        "Original Hash Buckets": 8192,
                        "Hash Batches": 1,
                        "Original Hash Batches": 1,
                        "Peak Memory Usage": 1309,
                        "Plans": [
                            {
                                "Node Type": "Nested Loop",
                                "Parent Relationship": "Outer",
                                "Parallel Aware": false,
                                "Join Type": "Inner",
                                "Startup Cost": 30001565060.84,
                                "Total Cost": 30001662439.4,
                                "Plan Rows": 5589,
                                "Plan Width": 48,
                                "Actual Startup Time": 5312.557,
                                "Actual Total Time": 5550.99,
                                "Actual Rows": 13114,
                                "Actual Loops": 1,
                                "Output": [
                                    "cn.name",
                                    "mc.movie_id",
                                    "mi.movie_id",
                                    "t.title",
                                    "t.id"
                                ],
                                "Inner Unique": true,
                                "Plans": [
                                    {
                                        "Node Type": "Merge Join",
                                        "Parent Relationship": "Outer",
                                        "Parallel Aware": false,
                                        "Join Type": "Inner",
                                        "Startup Cost": 20001565060.7,
                                        "Total Cost": 20001569548.64,
                                        "Plan Rows": 22355,
                                        "Plan Width": 52,
                                        "Actual Startup Time": 5312.513,
                                        "Actual Total Time": 5499.372,
                                        "Actual Rows": 13121,
                                        "Actual Loops": 1,
                                        "Output": [
                                            "cn.name",
                                            "mc.movie_id",
                                            "mc.company_type_id",
                                            "mi.movie_id",
                                            "t.title",
                                            "t.id"
                                        ],
                                        "Inner Unique": false,
                                        "Merge Cond": "(t.id = mc.movie_id)",
                                        "Plans": [
                                            {
                                                "Node Type": "Sort",
                                                "Parent Relationship": "Outer",
                                                "Parallel Aware": false,
                                                "Startup Cost": 150395.95,
                                                "Total Cost": 152349.24,
                                                "Plan Rows": 781313,
                                                "Plan Width": 21,
                                                "Actual Startup Time": 480.73,
                                                "Actual Total Time": 576.164,
                                                "Actual Rows": 781075,
                                                "Actual Loops": 1,
                                                "Output": [
                                                    "t.title",
                                                    "t.id"
                                                ],
                                                "Sort Key": [
                                                    "t.id"
                                                ],
                                                "Sort Method": "quicksort",
                                                "Sort Space Used": 78491,
                                                "Sort Space Type": "Memory",
                                                "Plans": [
                                                    {
                                                        "Node Type": "Seq Scan",
                                                        "Parent Relationship": "Outer",
                                                        "Parallel Aware": false,
                                                        "Relation Name": "title",
                                                        "Schema": "public",
                                                        "Alias": "t",
                                                        "Startup Cost": 0.0,
                                                        "Total Cost": 73922.83,
                                                        "Plan Rows": 781313,
                                                        "Plan Width": 21,
                                                        "Actual Startup Time": 0.029,
                                                        "Actual Total Time": 277.451,
                                                        "Actual Rows": 781271,
                                                        "Actual Loops": 1,
                                                        "Output": [
                                                            "t.title",
                                                            "t.id"
                                                        ],
                                                        "Filter": "((t.production_year >= 2006) AND (t.production_year <= 2011))",
                                                        "Rows Removed by Filter": 1747041
                                                    }
                                                ]
                                            },
                                            {
                                                "Node Type": "Sort",
                                                "Parent Relationship": "Inner",
                                                "Parallel Aware": false,
                                                "Startup Cost": 20001414664.75,
                                                "Total Cost": 20001414845.6,
                                                "Plan Rows": 72341,
                                                "Plan Width": 31,
                                                "Actual Startup Time": 4831.388,
                                                "Actual Total Time": 4842.225,
                                                "Actual Rows": 57713,
                                                "Actual Loops": 1,
                                                "Output": [
                                                    "cn.name",
                                                    "mc.movie_id",
                                                    "mc.company_type_id",
                                                    "mi.movie_id"
                                                ],
                                                "Sort Key": [
                                                    "mc.movie_id"
                                                ],
                                                "Sort Method": "quicksort",
                                                "Sort Space Used": 6445,
                                                "Sort Space Type": "Memory",
                                                "Plans": [
                                                    {
                                                        "Node Type": "Gather",
                                                        "Parent Relationship": "Outer",
                                                        "Parallel Aware": false,
                                                        "Startup Cost": 20001175833.99,
                                                        "Total Cost": 20001408825.91,
                                                        "Plan Rows": 72341,
                                                        "Plan Width": 31,
                                                        "Actual Startup Time": 4487.523,
                                                        "Actual Total Time": 4819.996,
                                                        "Actual Rows": 57713,
                                                        "Actual Loops": 1,
                                                        "Output": [
                                                            "cn.name",
                                                            "mc.movie_id",
                                                            "mc.company_type_id",
                                                            "mi.movie_id"
                                                        ],
                                                        "Workers Planned": 1,
                                                        "Workers Launched": 1,
                                                        "Single Copy": false,
                                                        "Plans": [
                                                            {
                                                                "Node Type": "Hash Join",
                                                                "Parent Relationship": "Outer",
                                                                "Parallel Aware": true,
                                                                "Join Type": "Inner",
                                                                "Startup Cost": 20001174833.99,
                                                                "Total Cost": 20001400591.81,
                                                                "Plan Rows": 42554,
                                                                "Plan Width": 31,
                                                                "Actual Startup Time": 4445.649,
                                                                "Actual Total Time": 4757.803,
                                                                "Actual Rows": 28856,
                                                                "Actual Loops": 2,
                                                                "Output": [
                                                                    "cn.name",
                                                                    "mc.movie_id",
                                                                    "mc.company_type_id",
                                                                    "mi.movie_id"
                                                                ],
                                                                "Inner Unique": false,
                                                                "Hash Cond": "(mc.movie_id = mi.movie_id)",
                                                                "Workers": [
                                                                    {
                                                                        "Worker Number": 0,
                                                                        "Actual Startup Time": 4404.161,
                                                                        "Actual Total Time": 4740.52,
                                                                        "Actual Rows": 31273,
                                                                        "Actual Loops": 1
                                                                    }
                                                                ],
                                                                "Plans": [
                                                                    {
                                                                        "Node Type": "Merge Join",
                                                                        "Parent Relationship": "Outer",
                                                                        "Parallel Aware": false,
                                                                        "Join Type": "Inner",
                                                                        "Startup Cost": 20000180926.97,
                                                                        "Total Cost": 20000188855.25,
                                                                        "Plan Rows": 160697,
                                                                        "Plan Width": 27,
                                                                        "Actual Startup Time": 599.135,
                                                                        "Actual Total Time": 877.402,
                                                                        "Actual Rows": 120438,
                                                                        "Actual Loops": 2,
                                                                        "Output": [
                                                                            "cn.name",
                                                                            "mc.movie_id",
                                                                            "mc.company_type_id"
                                                                        ],
                                                                        "Inner Unique": false,
                                                                        "Merge Cond": "(cn.id = mc.company_id)",
                                                                        "Workers": [
                                                                            {
                                                                                "Worker Number": 0,
                                                                                "Actual Startup Time": 562.98,
                                                                                "Actual Total Time": 861.3,
                                                                                "Actual Rows": 136590,
                                                                                "Actual Loops": 1
                                                                            }
                                                                        ],
                                                                        "Plans": [
                                                                            {
                                                                                "Node Type": "Sort",
                                                                                "Parent Relationship": "Outer",
                                                                                "Parallel Aware": false,
                                                                                "Startup Cost": 10000007632.1,
                                                                                "Total Cost": 10000007706.71,
                                                                                "Plan Rows": 29842,
                                                                                "Plan Width": 23,
                                                                                "Actual Startup Time": 37.302,
                                                                                "Actual Total Time": 41.221,
                                                                                "Actual Rows": 24151,
                                                                                "Actual Loops": 2,
                                                                                "Output": [
                                                                                    "cn.name",
                                                                                    "cn.id"
                                                                                ],
                                                                                "Sort Key": [
                                                                                    "cn.id"
                                                                                ],
                                                                                "Sort Method": "quicksort",
                                                                                "Sort Space Used": 2283,
                                                                                "Sort Space Type": "Memory",
                                                                                "Workers": [
                                                                                    {
                                                                                        "Worker Number": 0,
                                                                                        "Actual Startup Time": 37.048,
                                                                                        "Actual Total Time": 41.578,
                                                                                        "Actual Rows": 27334,
                                                                                        "Actual Loops": 1
                                                                                    }
                                                                                ],
                                                                                "Plans": [
                                                                                    {
                                                                                        "Node Type": "Seq Scan",
                                                                                        "Parent Relationship": "Outer",
                                                                                        "Parallel Aware": true,
                                                                                        "Relation Name": "company_name",
                                                                                        "Schema": "public",
                                                                                        "Alias": "cn",
                                                                                        "Startup Cost": 10000000000.0,
                                                                                        "Total Cost": 10000005414.09,
                                                                                        "Plan Rows": 29842,
                                                                                        "Plan Width": 23,
                                                                                        "Actual Startup Time": 0.033,
                                                                                        "Actual Total Time": 29.232,
                                                                                        "Actual Rows": 24151,
                                                                                        "Actual Loops": 2,
                                                                                        "Output": [
                                                                                            "cn.name",
                                                                                            "cn.id"
                                                                                        ],
                                                                                        "Filter": "(((cn.country_code)::text <> '[pl]'::text) AND ((cn.name ~~ '%Film%'::text) OR (cn.name ~~ '%Warner%'::text)))",
                                                                                        "Rows Removed by Filter": 93348,
                                                                                        "Workers": [
                                                                                            {
                                                                                                "Worker Number": 0,
                                                                                                "Actual Startup Time": 0.036,
                                                                                                "Actual Total Time": 28.611,
                                                                                                "Actual Rows": 27334,
                                                                                                "Actual Loops": 1
                                                                                            }
                                                                                        ]
                                                                                    }
                                                                                ]
                                                                            },
                                                                            {
                                                                                "Node Type": "Sort",
                                                                                "Parent Relationship": "Inner",
                                                                                "Parallel Aware": false,
                                                                                "Startup Cost": 10000173139.97,
                                                                                "Total Cost": 10000176303.54,
                                                                                "Plan Rows": 1265428,
                                                                                "Plan Width": 12,
                                                                                "Actual Startup Time": 557.795,
                                                                                "Actual Total Time": 717.734,
                                                                                "Actual Rows": 1271984,
                                                                                "Actual Loops": 2,
                                                                                "Output": [
                                                                                    "mc.movie_id",
                                                                                    "mc.company_type_id",
                                                                                    "mc.company_id"
                                                                                ],
                                                                                "Sort Key": [
                                                                                    "mc.company_id"
                                                                                ],
                                                                                "Sort Method": "quicksort",
                                                                                "Sort Space Used": 108777,
                                                                                "Sort Space Type": "Memory",
                                                                                "Workers": [
                                                                                    {
                                                                                        "Worker Number": 0,
                                                                                        "Actual Startup Time": 524.379,
                                                                                        "Actual Total Time": 692.044,
                                                                                        "Actual Rows": 1271982,
                                                                                        "Actual Loops": 1
                                                                                    }
                                                                                ],
                                                                                "Plans": [
                                                                                    {
                                                                                        "Node Type": "Seq Scan",
                                                                                        "Parent Relationship": "Outer",
                                                                                        "Parallel Aware": false,
                                                                                        "Relation Name": "movie_companies",
                                                                                        "Schema": "public",
                                                                                        "Alias": "mc",
                                                                                        "Startup Cost": 10000000000.0,
                                                                                        "Total Cost": 10000044881.29,
                                                                                        "Plan Rows": 1265428,
                                                                                        "Plan Width": 12,
                                                                                        "Actual Startup Time": 0.029,
                                                                                        "Actual Total Time": 277.223,
                                                                                        "Actual Rows": 1271989,
                                                                                        "Actual Loops": 2,
                                                                                        "Output": [
                                                                                            "mc.movie_id",
                                                                                            "mc.company_type_id",
                                                                                            "mc.company_id"
                                                                                        ],
                                                                                        "Filter": "(mc.note IS NULL)",
                                                                                        "Rows Removed by Filter": 1337140,
                                                                                        "Workers": [
                                                                                            {
                                                                                                "Worker Number": 0,
                                                                                                "Actual Startup Time": 0.036,
                                                                                                "Actual Total Time": 240.296,
                                                                                                "Actual Rows": 1271989,
                                                                                                "Actual Loops": 1
                                                                                            }
                                                                                        ]
                                                                                    }
                                                                                ]
                                                                            }
                                                                        ]
                                                                    },
                                                                    {
                                                                        "Node Type": "Hash",
                                                                        "Parent Relationship": "Inner",
                                                                        "Parallel Aware": true,
                                                                        "Startup Cost": 993586.58,
                                                                        "Total Cost": 993586.58,
                                                                        "Plan Rows": 25635,
                                                                        "Plan Width": 4,
                                                                        "Actual Startup Time": 3845.253,
                                                                        "Actual Total Time": 3845.254,
                                                                        "Actual Rows": 69682,
                                                                        "Actual Loops": 2,
                                                                        "Output": [
                                                                            "mi.movie_id"
                                                                        ],
                                                                        "Hash Buckets": 262144,
                                                                        "Original Hash Buckets": 131072,
                                                                        "Hash Batches": 1,
                                                                        "Original Hash Batches": 1,
                                                                        "Peak Memory Usage": 8544,
                                                                        "Workers": [
                                                                            {
                                                                                "Worker Number": 0,
                                                                                "Actual Startup Time": 3839.91,
                                                                                "Actual Total Time": 3839.911,
                                                                                "Actual Rows": 73493,
                                                                                "Actual Loops": 1
                                                                            }
                                                                        ],
                                                                        "Plans": [
                                                                            {
                                                                                "Node Type": "Index Scan",
                                                                                "Parent Relationship": "Outer",
                                                                                "Parallel Aware": true,
                                                                                "Scan Direction": "Forward",
                                                                                "Index Name": "movie_id_movie_info",
                                                                                "Relation Name": "movie_info",
                                                                                "Schema": "public",
                                                                                "Alias": "mi",
                                                                                "Startup Cost": 0.43,
                                                                                "Total Cost": 993586.58,
                                                                                "Plan Rows": 25635,
                                                                                "Plan Width": 4,
                                                                                "Actual Startup Time": 1.04,
                                                                                "Actual Total Time": 3811.246,
                                                                                "Actual Rows": 69682,
                                                                                "Actual Loops": 2,
                                                                                "Output": [
                                                                                    "mi.movie_id"
                                                                                ],
                                                                                "Filter": "(mi.info = ANY ('{Bulgaria,Denish,Germany,German,Norwegian,Swedish,Danish,American,America}'::text[]))",
                                                                                "Rows Removed by Filter": 7348178,
                                                                                "Workers": [
                                                                                    {
                                                                                        "Worker Number": 0,
                                                                                        "Actual Startup Time": 1.226,
                                                                                        "Actual Total Time": 3802.9,
                                                                                        "Actual Rows": 73493,
                                                                                        "Actual Loops": 1
                                                                                    }
                                                                                ]
                                                                            }
                                                                        ]
                                                                    }
                                                                ]
                                                            }
                                                        ]
                                                    }
                                                ]
                                            }
                                        ]
                                    },
                                    {
                                        "Node Type": "Bitmap Heap Scan",
                                        "Parent Relationship": "Inner",
                                        "Parallel Aware": false,
                                        "Relation Name": "company_type",
                                        "Schema": "public",
                                        "Alias": "ct",
                                        "Startup Cost": 0.14,
                                        "Total Cost": 4.15,
                                        "Plan Rows": 1,
                                        "Plan Width": 4,
                                        "Actual Startup Time": 0.002,
                                        "Actual Total Time": 0.002,
                                        "Actual Rows": 1,
                                        "Actual Loops": 13121,
                                        "Output": [
                                            "ct.id",
                                            "ct.kind"
                                        ],
                                        "Recheck Cond": "(ct.id = mc.company_type_id)",
                                        "Rows Removed by Index Recheck": 0,
                                        "Filter": "((ct.kind)::text = 'production companies'::text)",
                                        "Rows Removed by Filter": 0,
                                        "Exact Heap Blocks": 13121,
                                        "Lossy Heap Blocks": 0,
                                        "Plans": [
                                            {
                                                "Node Type": "Bitmap Index Scan",
                                                "Parent Relationship": "Outer",
                                                "Parallel Aware": false,
                                                "Index Name": "company_type_pkey",
                                                "Startup Cost": 0.0,
                                                "Total Cost": 0.14,
                                                "Plan Rows": 1,
                                                "Plan Width": 0,
                                                "Actual Startup Time": 0.001,
                                                "Actual Total Time": 0.001,
                                                "Actual Rows": 1,
                                                "Actual Loops": 13121,
                                                "Index Cond": "(ct.id = mc.company_type_id)"
                                            }
                                        ]
                                    }
                                ]
                            }
                        ]
                    }
                ]
            }
        ]
    },
    "Planning Time": 13.461,
    "Triggers": [],
    "Execution Time": 5706.317
}