[
    {
        "Bao": {
            "Bao prediction": "NaN",
            "Bao recommended hint": "(no hint)"
        }
    },
    {
        "Plan": {
            "Node Type": "Aggregate",
            "Strategy": "Plain",
            "Partial Mode": "Finalize",
            "Parallel Aware": false,
            "Startup Cost": 347313.43,
            "Total Cost": 347313.44,
            "Plan Rows": 1,
            "Plan Width": 8,
            "Actual Startup Time": 488.11,
            "Actual Total Time": 508.283,
            "Actual Rows": 1,
            "Actual Loops": 1,
            "Output": [
                "count(*)"
            ],
            "Plans": [
                {
                    "Node Type": "Gather",
                    "Parent Relationship": "Outer",
                    "Parallel Aware": false,
                    "Startup Cost": 347312.8,
                    "Total Cost": 347313.41,
                    "Plan Rows": 6,
                    "Plan Width": 8,
                    "Actual Startup Time": 487.821,
                    "Actual Total Time": 508.273,
                    "Actual Rows": 7,
                    "Actual Loops": 1,
                    "Output": [
                        "(PARTIAL count(*))"
                    ],
                    "Workers Planned": 6,
                    "Workers Launched": 6,
                    "Single Copy": false,
                    "Plans": [
                        {
                            "Node Type": "Aggregate",
                            "Strategy": "Plain",
                            "Partial Mode": "Partial",
                            "Parent Relationship": "Outer",
                            "Parallel Aware": false,
                            "Startup Cost": 346312.8,
                            "Total Cost": 346312.81,
                            "Plan Rows": 1,
                            "Plan Width": 8,
                            "Actual Startup Time": 477.461,
                            "Actual Total Time": 477.463,
                            "Actual Rows": 1,
                            "Actual Loops": 7,
                            "Output": [
                                "PARTIAL count(*)"
                            ],
                            "Workers": [
                                {
                                    "Worker Number": 0,
                                    "Actual Startup Time": 474.815,
                                    "Actual Total Time": 474.816,
                                    "Actual Rows": 1,
                                    "Actual Loops": 1
                                },
                                {
                                    "Worker Number": 1,
                                    "Actual Startup Time": 474.564,
                                    "Actual Total Time": 474.566,
                                    "Actual Rows": 1,
                                    "Actual Loops": 1
                                },
                                {
                                    "Worker Number": 2,
                                    "Actual Startup Time": 476.163,
                                    "Actual Total Time": 476.164,
                                    "Actual Rows": 1,
                                    "Actual Loops": 1
                                },
                                {
                                    "Worker Number": 3,
                                    "Actual Startup Time": 476.066,
                                    "Actual Total Time": 476.07,
                                    "Actual Rows": 1,
                                    "Actual Loops": 1
                                },
                                {
                                    "Worker Number": 4,
                                    "Actual Startup Time": 476.382,
                                    "Actual Total Time": 476.384,
                                    "Actual Rows": 1,
                                    "Actual Loops": 1
                                },
                                {
                                    "Worker Number": 5,
                                    "Actual Startup Time": 476.869,
                                    "Actual Total Time": 476.87,
                                    "Actual Rows": 1,
                                    "Actual Loops": 1
                                }
                            ],
                            "Plans": [
                                {
                                    "Node Type": "Index Scan",
                                    "Parent Relationship": "Outer",
                                    "Parallel Aware": true,
                                    "Scan Direction": "Forward",
                                    "Index Name": "role_id_cast_info",
                                    "Relation Name": "cast_info",
                                    "Schema": "public",
                                    "Alias": "ci",
                                    "Startup Cost": 0.56,
                                    "Total Cost": 342814.42,
                                    "Plan Rows": 1399352,
                                    "Plan Width": 0,
                                    "Actual Startup Time": 328.42,
                                    "Actual Total Time": 449.327,
                                    "Actual Rows": 526645,
                                    "Actual Loops": 7,
                                    "Output": [
                                        "id",
                                        "person_id",
                                        "movie_id",
                                        "person_role_id",
                                        "note",
                                        "nr_order",
                                        "role_id"
                                    ],
                                    "Index Cond": "(ci.role_id = 1)",
                                    "Rows Removed by Index Recheck": 0,
                                    "Filter": "(ci.person_id > 1225569)",
                                    "Rows Removed by Filter": 1283454,
                                    "Workers": [
                                        {
                                            "Worker Number": 0,
                                            "Actual Startup Time": 325.886,
                                            "Actual Total Time": 446.078,
                                            "Actual Rows": 412231,
                                            "Actual Loops": 1
                                        },
                                        {
                                            "Worker Number": 1,
                                            "Actual Startup Time": 325.513,
                                            "Actual Total Time": 448.007,
                                            "Actual Rows": 623088,
                                            "Actual Loops": 1
                                        },
                                        {
                                            "Worker Number": 2,
                                            "Actual Startup Time": 327.086,
                                            "Actual Total Time": 447.382,
                                            "Actual Rows": 417274,
                                            "Actual Loops": 1
                                        },
                                        {
                                            "Worker Number": 3,
                                            "Actual Startup Time": 327.026,
                                            "Actual Total Time": 448.353,
                                            "Actual Rows": 573300,
                                            "Actual Loops": 1
                                        },
                                        {
                                            "Worker Number": 4,
                                            "Actual Startup Time": 327.334,
                                            "Actual Total Time": 449.901,
                                            "Actual Rows": 622830,
                                            "Actual Loops": 1
                                        },
                                        {
                                            "Worker Number": 5,
                                            "Actual Startup Time": 327.764,
                                            "Actual Total Time": 448.14,
                                            "Actual Rows": 415739,
                                            "Actual Loops": 1
                                        }
                                    ]
                                }
                            ]
                        }
                    ]
                }
            ]
        },
        "Planning Time": 200.234,
        "Triggers": [],
        "Execution Time": 508.356
    }
]