[
  {
    "Plan": {
      "Node Type": "Aggregate",
      "Strategy": "Plain",
      "Partial Mode": "Finalize",
      "Parallel Aware": false,
      "Startup Cost": 298866.07,
      "Total Cost": 298866.08,
      "Plan Rows": 1,
      "Plan Width": 32,
      "Actual Startup Time": 139.394,
      "Actual Total Time": 153.481,
      "Actual Rows": 1,
      "Actual Loops": 1,
      "Plans": [
        {
          "Node Type": "Gather",
          "Parent Relationship": "Outer",
          "Parallel Aware": false,
          "Startup Cost": 298865.65,
          "Total Cost": 298866.06,
          "Plan Rows": 4,
          "Plan Width": 32,
          "Actual Startup Time": 139.186,
          "Actual Total Time": 153.463,
          "Actual Rows": 5,
          "Actual Loops": 1,
          "Workers Planned": 4,
          "Workers Launched": 4,
          "Single Copy": false,
          "Plans": [
            {
              "Node Type": "Aggregate",
              "Strategy": "Plain",
              "Partial Mode": "Partial",
              "Parent Relationship": "Outer",
              "Parallel Aware": false,
              "Startup Cost": 297865.65,
              "Total Cost": 297865.66,
              "Plan Rows": 1,
              "Plan Width": 32,
              "Actual Startup Time": 128.105,
              "Actual Total Time": 128.116,
              "Actual Rows": 1,
              "Actual Loops": 5,
              "Plans": [
                {
                  "Node Type": "Hash Join",
                  "Parent Relationship": "Outer",
                  "Parallel Aware": true,
                  "Join Type": "Inner",
                  "Startup Cost": 253175.89,
                  "Total Cost": 297865.05,
                  "Plan Rows": 240,
                  "Plan Width": 17,
                  "Actual Startup Time": 128.1,
                  "Actual Total Time": 128.109,
                  "Actual Rows": 0,
                  "Actual Loops": 5,
                  "Inner Unique": false,
                  "Hash Cond": "(t.id = mi.movie_id)",
                  "Plans": [
                    {
                      "Node Type": "Seq Scan",
                      "Parent Relationship": "Outer",
                      "Parallel Aware": true,
                      "Relation Name": "title",
                      "Alias": "t",
                      "Startup Cost": 0.0,
                      "Total Cost": 42318.49,
                      "Plan Rows": 632049,
                      "Plan Width": 21,
                      "Actual Startup Time": 0.0,
                      "Actual Total Time": 0.0,
                      "Actual Rows": 0,
                      "Actual Loops": 0
                    },
                    {
                      "Node Type": "Hash",
                      "Parent Relationship": "Inner",
                      "Parallel Aware": true,
                      "Startup Cost": 253173.49,
                      "Total Cost": 253173.49,
                      "Plan Rows": 192,
                      "Plan Width": 8,
                      "Actual Startup Time": 126.824,
                      "Actual Total Time": 126.832,
                      "Actual Rows": 0,
                      "Actual Loops": 5,
                      "Hash Buckets": 1024,
                      "Original Hash Buckets": 1024,
                      "Hash Batches": 1,
                      "Original Hash Batches": 1,
                      "Peak Memory Usage": 0,
                      "Plans": [
                        {
                          "Node Type": "Hash Join",
                          "Parent Relationship": "Outer",
                          "Parallel Aware": false,
                          "Join Type": "Inner",
                          "Startup Cost": 31429.01,
                          "Total Cost": 253173.49,
                          "Plan Rows": 192,
                          "Plan Width": 8,
                          "Actual Startup Time": 126.701,
                          "Actual Total Time": 126.708,
                          "Actual Rows": 0,
                          "Actual Loops": 5,
                          "Inner Unique": true,
                          "Hash Cond": "(mi.info_type_id = it.id)",
                          "Plans": [
                            {
                              "Node Type": "Hash Join",
                              "Parent Relationship": "Outer",
                              "Parallel Aware": true,
                              "Join Type": "Inner",
                              "Startup Cost": 31425.47,
                              "Total Cost": 253169.42,
                              "Plan Rows": 192,
                              "Plan Width": 12,
                              "Actual Startup Time": 126.495,
                              "Actual Total Time": 126.499,
                              "Actual Rows": 0,
                              "Actual Loops": 5,
                              "Inner Unique": false,
                              "Hash Cond": "(mi.movie_id = mc.movie_id)",
                              "Plans": [
                                {
                                  "Node Type": "Seq Scan",
                                  "Parent Relationship": "Outer",
                                  "Parallel Aware": true,
                                  "Relation Name": "movie_info",
                                  "Alias": "mi",
                                  "Startup Cost": 0.0,
                                  "Total Cost": 221348.68,
                                  "Plan Rows": 105240,
                                  "Plan Width": 8,
                                  "Actual Startup Time": 0.0,
                                  "Actual Total Time": 0.0,
                                  "Actual Rows": 0,
                                  "Actual Loops": 0,
                                  "Filter": "(info = ANY ('{Norwegian,Danish,Sweden,Swedish,America,USA,Denmark,American}'::text[]))",
                                  "Rows Removed by Filter": 0
                                },
                                {
                                  "Node Type": "Hash",
                                  "Parent Relationship": "Inner",
                                  "Parallel Aware": true,
                                  "Startup Cost": 31421.95,
                                  "Total Cost": 31421.95,
                                  "Plan Rows": 281,
                                  "Plan Width": 4,
                                  "Actual Startup Time": 126.46,
                                  "Actual Total Time": 126.463,
                                  "Actual Rows": 0,
                                  "Actual Loops": 5,
                                  "Hash Buckets": 1024,
                                  "Original Hash Buckets": 1024,
                                  "Hash Batches": 1,
                                  "Original Hash Batches": 1,
                                  "Peak Memory Usage": 0,
                                  "Plans": [
                                    {
                                      "Node Type": "Hash Join",
                                      "Parent Relationship": "Outer",
                                      "Parallel Aware": false,
                                      "Join Type": "Inner",
                                      "Startup Cost": 1.06,
                                      "Total Cost": 31421.95,
                                      "Plan Rows": 281,
                                      "Plan Width": 4,
                                      "Actual Startup Time": 126.428,
                                      "Actual Total Time": 126.43,
                                      "Actual Rows": 0,
                                      "Actual Loops": 5,
                                      "Inner Unique": true,
                                      "Hash Cond": "(mc.company_type_id = ct.id)",
                                      "Plans": [
                                        {
                                          "Node Type": "Seq Scan",
                                          "Parent Relationship": "Outer",
                                          "Parallel Aware": true,
                                          "Relation Name": "movie_companies",
                                          "Alias": "mc",
                                          "Startup Cost": 0.0,
                                          "Total Cost": 31414.82,
                                          "Plan Rows": 1123,
                                          "Plan Width": 8,
                                          "Actual Startup Time": 10.248,
                                          "Actual Total Time": 125.495,
                                          "Actual Rows": 4805,
                                          "Actual Loops": 5,
                                          "Filter": "((note ~~ '%(theatrical)%'::text) AND (note ~~ '%(France)%'::text))",
                                          "Rows Removed by Filter": 517021
                                        },
                                        {
                                          "Node Type": "Hash",
                                          "Parent Relationship": "Inner",
                                          "Parallel Aware": false,
                                          "Startup Cost": 1.05,
                                          "Total Cost": 1.05,
                                          "Plan Rows": 1,
                                          "Plan Width": 4,
                                          "Actual Startup Time": 0.073,
                                          "Actual Total Time": 0.074,
                                          "Actual Rows": 1,
                                          "Actual Loops": 5,
                                          "Hash Buckets": 1024,
                                          "Original Hash Buckets": 1024,
                                          "Hash Batches": 1,
                                          "Original Hash Batches": 1,
                                          "Peak Memory Usage": 9,
                                          "Plans": [
                                            {
                                              "Node Type": "Seq Scan",
                                              "Parent Relationship": "Outer",
                                              "Parallel Aware": false,
                                              "Relation Name": "company_type",
                                              "Alias": "ct",
                                              "Startup Cost": 0.0,
                                              "Total Cost": 1.05,
                                              "Plan Rows": 1,
                                              "Plan Width": 4,
                                              "Actual Startup Time": 0.06,
                                              "Actual Total Time": 0.062,
                                              "Actual Rows": 1,
                                              "Actual Loops": 5,
                                              "Filter": "((kind)::text = 'production companies'::text)",
                                              "Rows Removed by Filter": 3
                                            }
                                          ]
                                        }
                                      ]
                                    }
                                  ]
                                }
                              ]
                            },
                            {
                              "Node Type": "Hash",
                              "Parent Relationship": "Inner",
                              "Parallel Aware": false,
                              "Startup Cost": 2.13,
                              "Total Cost": 2.13,
                              "Plan Rows": 113,
                              "Plan Width": 4,
                              "Actual Startup Time": 0.166,
                              "Actual Total Time": 0.167,
                              "Actual Rows": 113,
                              "Actual Loops": 5,
                              "Hash Buckets": 1024,
                              "Original Hash Buckets": 1024,
                              "Hash Batches": 1,
                              "Original Hash Batches": 1,
                              "Peak Memory Usage": 12,
                              "Plans": [
                                {
                                  "Node Type": "Seq Scan",
                                  "Parent Relationship": "Outer",
                                  "Parallel Aware": false,
                                  "Relation Name": "info_type",
                                  "Alias": "it",
                                  "Startup Cost": 0.0,
                                  "Total Cost": 2.13,
                                  "Plan Rows": 113,
                                  "Plan Width": 4,
                                  "Actual Startup Time": 0.075,
                                  "Actual Total Time": 0.101,
                                  "Actual Rows": 113,
                                  "Actual Loops": 5
                                }
                              ]
                            }
                          ]
                        }
                      ]
                    }
                  ]
                }
              ]
            }
          ]
        }
      ]
    },
    "Planning Time": 4.979,
    "Triggers": [],
    "Execution Time": 153.905
  }
]