[
  {
    "Plan": {
      "Node Type": "Aggregate",
      "Strategy": "Plain",
      "Partial Mode": "Finalize",
      "Parallel Aware": false,
      "Startup Cost": 381093.48,
      "Total Cost": 381093.49,
      "Plan Rows": 1,
      "Plan Width": 8,
      "Actual Startup Time": 1887.225,
      "Actual Total Time": 1953.987,
      "Actual Rows": 1,
      "Actual Loops": 1,
      "Plans": [
        {
          "Node Type": "Gather",
          "Parent Relationship": "Outer",
          "Parallel Aware": false,
          "Startup Cost": 381092.85,
          "Total Cost": 381093.46,
          "Plan Rows": 6,
          "Plan Width": 8,
          "Actual Startup Time": 1883.815,
          "Actual Total Time": 1953.978,
          "Actual Rows": 7,
          "Actual Loops": 1,
          "Workers Planned": 6,
          "Workers Launched": 6,
          "Single Copy": false,
          "Plans": [
            {
              "Node Type": "Aggregate",
              "Strategy": "Plain",
              "Partial Mode": "Partial",
              "Parent Relationship": "Outer",
              "Parallel Aware": false,
              "Startup Cost": 380092.85,
              "Total Cost": 380092.86,
              "Plan Rows": 1,
              "Plan Width": 8,
              "Actual Startup Time": 1872.416,
              "Actual Total Time": 1872.419,
              "Actual Rows": 1,
              "Actual Loops": 7,
              "Plans": [
                {
                  "Node Type": "Hash Join",
                  "Parent Relationship": "Outer",
                  "Parallel Aware": true,
                  "Join Type": "Inner",
                  "Startup Cost": 47436.45,
                  "Total Cost": 376353.25,
                  "Plan Rows": 1495842,
                  "Plan Width": 0,
                  "Actual Startup Time": 121.822,
                  "Actual Total Time": 1808.354,
                  "Actual Rows": 1420746,
                  "Actual Loops": 7,
                  "Inner Unique": true,
                  "Hash Cond": "(ci.movie_id = t.id)",
                  "Plans": [
                    {
                      "Node Type": "Seq Scan",
                      "Parent Relationship": "Outer",
                      "Parallel Aware": true,
                      "Relation Name": "cast_info",
                      "Alias": "ci",
                      "Startup Cost": 0.0,
                      "Total Cost": 313067.02,
                      "Plan Rows": 6038002,
                      "Plan Width": 4,
                      "Actual Startup Time": 0.02,
                      "Actual Total Time": 530.156,
                      "Actual Rows": 5177763,
                      "Actual Loops": 7
                    },
                    {
                      "Node Type": "Hash",
                      "Parent Relationship": "Inner",
                      "Parallel Aware": true,
                      "Startup Cost": 45479.1,
                      "Total Cost": 45479.1,
                      "Plan Rows": 156588,
                      "Plan Width": 4,
                      "Actual Startup Time": 118.384,
                      "Actual Total Time": 118.385,
                      "Actual Rows": 90613,
                      "Actual Loops": 7,
                      "Hash Buckets": 1048576,
                      "Original Hash Buckets": 1048576,
                      "Hash Batches": 1,
                      "Original Hash Batches": 1,
                      "Peak Memory Usage": 33120,
                      "Plans": [
                        {
                          "Node Type": "Seq Scan",
                          "Parent Relationship": "Outer",
                          "Parallel Aware": true,
                          "Relation Name": "title",
                          "Alias": "t",
                          "Startup Cost": 0.0,
                          "Total Cost": 45479.1,
                          "Plan Rows": 156588,
                          "Plan Width": 4,
                          "Actual Startup Time": 43.623,
                          "Actual Total Time": 79.128,
                          "Actual Rows": 90613,
                          "Actual Loops": 7,
                          "Filter": "((production_year < 2013) AND (kind_id = 1))",
                          "Rows Removed by Filter": 270575
                        }
                      ]
                    }
                  ]
                }
              ]
            }
          ]
        }
      ]
    },
    "Planning Time": 0.634,
    "Triggers": [],
    "Execution Time": 1954.071
  }
]