[
  {
    "Plan": {
      "Node Type": "Aggregate",
      "Strategy": "Plain",
      "Partial Mode": "Finalize",
      "Parallel Aware": false,
      "Startup Cost": 769293.21,
      "Total Cost": 769293.22,
      "Plan Rows": 1,
      "Plan Width": 64,
      "Actual Startup Time": 2951.779,
      "Actual Total Time": 3150.756,
      "Actual Rows": 1,
      "Actual Loops": 1,
      "Plans": [
        {
          "Node Type": "Gather",
          "Parent Relationship": "Outer",
          "Parallel Aware": false,
          "Startup Cost": 769292.78,
          "Total Cost": 769293.19,
          "Plan Rows": 4,
          "Plan Width": 64,
          "Actual Startup Time": 2950.875,
          "Actual Total Time": 3150.74,
          "Actual Rows": 5,
          "Actual Loops": 1,
          "Workers Planned": 4,
          "Workers Launched": 4,
          "Single Copy": false,
          "Plans": [
            {
              "Node Type": "Aggregate",
              "Strategy": "Plain",
              "Partial Mode": "Partial",
              "Parent Relationship": "Outer",
              "Parallel Aware": false,
              "Startup Cost": 768292.78,
              "Total Cost": 768292.79,
              "Plan Rows": 1,
              "Plan Width": 64,
              "Actual Startup Time": 2938.615,
              "Actual Total Time": 2938.65,
              "Actual Rows": 1,
              "Actual Loops": 5,
              "Plans": [
                {
                  "Node Type": "Hash Join",
                  "Parent Relationship": "Outer",
                  "Parallel Aware": true,
                  "Join Type": "Inner",
                  "Startup Cost": 722422.73,
                  "Total Cost": 768292.78,
                  "Plan Rows": 1,
                  "Plan Width": 32,
                  "Actual Startup Time": 2886.508,
                  "Actual Total Time": 2938.56,
                  "Actual Rows": 598,
                  "Actual Loops": 5,
                  "Inner Unique": false,
                  "Hash Cond": "(t.id = mi.movie_id)",
                  "Plans": [
                    {
                      "Node Type": "Seq Scan",
                      "Parent Relationship": "Outer",
                      "Parallel Aware": true,
                      "Relation Name": "title",
                      "Alias": "t",
                      "Startup Cost": 0.0,
                      "Total Cost": 45478.74,
                      "Plan Rows": 104346,
                      "Plan Width": 21,
                      "Actual Startup Time": 0.032,
                      "Actual Total Time": 103.423,
                      "Actual Rows": 84309,
                      "Actual Loops": 5,
                      "Filter": "((production_year >= 2000) AND (production_year <= 2005))",
                      "Rows Removed by Filter": 421353
                    },
                    {
                      "Node Type": "Hash",
                      "Parent Relationship": "Inner",
                      "Parallel Aware": true,
                      "Startup Cost": 722422.72,
                      "Total Cost": 722422.72,
                      "Plan Rows": 1,
                      "Plan Width": 27,
                      "Actual Startup Time": 2823.44,
                      "Actual Total Time": 2823.474,
                      "Actual Rows": 1616,
                      "Actual Loops": 5,
                      "Hash Buckets": 8192,
                      "Original Hash Buckets": 1024,
                      "Hash Batches": 1,
                      "Original Hash Batches": 1,
                      "Peak Memory Usage": 728,
                      "Plans": [
                        {
                          "Node Type": "Hash Join",
                          "Parent Relationship": "Outer",
                          "Parallel Aware": true,
                          "Join Type": "Inner",
                          "Startup Cost": 717511.78,
                          "Total Cost": 722422.72,
                          "Plan Rows": 1,
                          "Plan Width": 27,
                          "Actual Startup Time": 2773.083,
                          "Actual Total Time": 2783.776,
                          "Actual Rows": 1616,
                          "Actual Loops": 5,
                          "Inner Unique": false,
                          "Hash Cond": "(cn.id = mc.company_id)",
                          "Plans": [
                            {
                              "Node Type": "Seq Scan",
                              "Parent Relationship": "Outer",
                              "Parallel Aware": true,
                              "Relation Name": "company_name",
                              "Alias": "cn",
                              "Startup Cost": 0.0,
                              "Total Cost": 4722.92,
                              "Plan Rows": 50137,
                              "Plan Width": 4,
                              "Actual Startup Time": 0.029,
                              "Actual Total Time": 9.746,
                              "Actual Rows": 16969,
                              "Actual Loops": 5,
                              "Filter": "((country_code)::text = '[us]'::text)",
                              "Rows Removed by Filter": 30031
                            },
                            {
                              "Node Type": "Hash",
                              "Parent Relationship": "Inner",
                              "Parallel Aware": true,
                              "Startup Cost": 717511.76,
                              "Total Cost": 717511.76,
                              "Plan Rows": 1,
                              "Plan Width": 31,
                              "Actual Startup Time": 2771.334,
                              "Actual Total Time": 2771.365,
                              "Actual Rows": 1616,
                              "Actual Loops": 5,
                              "Hash Buckets": 8192,
                              "Original Hash Buckets": 1024,
                              "Hash Batches": 1,
                              "Original Hash Batches": 1,
                              "Peak Memory Usage": 760,
                              "Plans": [
                                {
                                  "Node Type": "Hash Join",
                                  "Parent Relationship": "Outer",
                                  "Parallel Aware": true,
                                  "Join Type": "Inner",
                                  "Startup Cost": 685741.97,
                                  "Total Cost": 717511.76,
                                  "Plan Rows": 1,
                                  "Plan Width": 31,
                                  "Actual Startup Time": 2618.268,
                                  "Actual Total Time": 2726.487,
                                  "Actual Rows": 1616,
                                  "Actual Loops": 5,
                                  "Inner Unique": false,
                                  "Hash Cond": "(mc.movie_id = mi.movie_id)",
                                  "Plans": [
                                    {
                                      "Node Type": "Seq Scan",
                                      "Parent Relationship": "Outer",
                                      "Parallel Aware": true,
                                      "Relation Name": "movie_companies",
                                      "Alias": "mc",
                                      "Startup Cost": 0.0,
                                      "Total Cost": 31414.82,
                                      "Plan Rows": 94659,
                                      "Plan Width": 8,
                                      "Actual Startup Time": 0.059,
                                      "Actual Total Time": 119.077,
                                      "Actual Rows": 118199,
                                      "Actual Loops": 5,
                                      "Filter": "((note IS NOT NULL) AND ((note ~~ '%(USA)%'::text) OR (note ~~ '%(worldwide)%'::text)))",
                                      "Rows Removed by Filter": 403627
                                    },
                                    {
                                      "Node Type": "Hash",
                                      "Parent Relationship": "Inner",
                                      "Parallel Aware": true,
                                      "Startup Cost": 685741.95,
                                      "Total Cost": 685741.95,
                                      "Plan Rows": 1,
                                      "Plan Width": 23,
                                      "Actual Startup Time": 2589.928,
                                      "Actual Total Time": 2589.955,
                                      "Actual Rows": 2854,
                                      "Actual Loops": 5,
                                      "Hash Buckets": 16384,
                                      "Original Hash Buckets": 1024,
                                      "Hash Batches": 1,
                                      "Original Hash Batches": 1,
                                      "Peak Memory Usage": 1208,
                                      "Plans": [
                                        {
                                          "Node Type": "Hash Join",
                                          "Parent Relationship": "Outer",
                                          "Parallel Aware": true,
                                          "Join Type": "Inner",
                                          "Startup Cost": 638470.69,
                                          "Total Cost": 685741.95,
                                          "Plan Rows": 1,
                                          "Plan Width": 23,
                                          "Actual Startup Time": 1954.284,
                                          "Actual Total Time": 2093.925,
                                          "Actual Rows": 2854,
                                          "Actual Loops": 5,
                                          "Inner Unique": false,
                                          "Hash Cond": "(chn.id = ci.person_role_id)",
                                          "Plans": [
                                            {
                                              "Node Type": "Seq Scan",
                                              "Parent Relationship": "Outer",
                                              "Parallel Aware": true,
                                              "Relation Name": "char_name",
                                              "Alias": "chn",
                                              "Startup Cost": 0.0,
                                              "Total Cost": 44325.46,
                                              "Plan Rows": 785546,
                                              "Plan Width": 4,
                                              "Actual Startup Time": 0.029,
                                              "Actual Total Time": 80.82,
                                              "Actual Rows": 628068,
                                              "Actual Loops": 5
                                            },
                                            {
                                              "Node Type": "Hash",
                                              "Parent Relationship": "Inner",
                                              "Parallel Aware": true,
                                              "Startup Cost": 638470.68,
                                              "Total Cost": 638470.68,
                                              "Plan Rows": 1,
                                              "Plan Width": 27,
                                              "Actual Startup Time": 1951.589,
                                              "Actual Total Time": 1951.613,
                                              "Actual Rows": 2858,
                                              "Actual Loops": 5,
                                              "Hash Buckets": 16384,
                                              "Original Hash Buckets": 1024,
                                              "Hash Batches": 1,
                                              "Original Hash Batches": 1,
                                              "Peak Memory Usage": 1176,
                                              "Plans": [
                                                {
                                                  "Node Type": "Hash Join",
                                                  "Parent Relationship": "Outer",
                                                  "Parallel Aware": true,
                                                  "Join Type": "Inner",
                                                  "Startup Cost": 623076.77,
                                                  "Total Cost": 638470.68,
                                                  "Plan Rows": 1,
                                                  "Plan Width": 27,
                                                  "Actual Startup Time": 1925.699,
                                                  "Actual Total Time": 1926.631,
                                                  "Actual Rows": 2858,
                                                  "Actual Loops": 5,
                                                  "Inner Unique": false,
                                                  "Hash Cond": "(an.person_id = n.id)",
                                                  "Plans": [
                                                    {
                                                      "Node Type": "Seq Scan",
                                                      "Parent Relationship": "Outer",
                                                      "Parallel Aware": true,
                                                      "Relation Name": "aka_name",
                                                      "Alias": "an",
                                                      "Startup Cost": 0.0,
                                                      "Total Cost": 14303.56,
                                                      "Plan Rows": 290756,
                                                      "Plan Width": 4,
                                                      "Actual Startup Time": 0.021,
                                                      "Actual Total Time": 26.914,
                                                      "Actual Rows": 180269,
                                                      "Actual Loops": 5
                                                    },
                                                    {
                                                      "Node Type": "Hash",
                                                      "Parent Relationship": "Inner",
                                                      "Parallel Aware": true,
                                                      "Startup Cost": 623076.76,
                                                      "Total Cost": 623076.76,
                                                      "Plan Rows": 1,
                                                      "Plan Width": 35,
                                                      "Actual Startup Time": 1885.029,
                                                      "Actual Total Time": 1885.049,
                                                      "Actual Rows": 179,
                                                      "Actual Loops": 5,
                                                      "Hash Buckets": 1024,
                                                      "Original Hash Buckets": 1024,
                                                      "Hash Batches": 1,
                                                      "Original Hash Batches": 1,
                                                      "Peak Memory Usage": 168,
                                                      "Plans": [
                                                        {
                                                          "Node Type": "Hash Join",
                                                          "Parent Relationship": "Outer",
                                                          "Parallel Aware": true,
                                                          "Join Type": "Inner",
                                                          "Startup Cost": 416181.95,
                                                          "Total Cost": 623076.76,
                                                          "Plan Rows": 1,
                                                          "Plan Width": 35,
                                                          "Actual Startup Time": 1476.737,
                                                          "Actual Total Time": 1884.912,
                                                          "Actual Rows": 179,
                                                          "Actual Loops": 5,
                                                          "Inner Unique": false,
                                                          "Hash Cond": "(mi.movie_id = ci.movie_id)",
                                                          "Plans": [
                                                            {
                                                              "Node Type": "Hash Join",
                                                              "Parent Relationship": "Outer",
                                                              "Parallel Aware": false,
                                                              "Join Type": "Inner",
                                                              "Startup Cost": 2.43,
                                                              "Total Cost": 206892.59,
                                                              "Plan Rows": 1236,
                                                              "Plan Width": 4,
                                                              "Actual Startup Time": 144.932,
                                                              "Actual Total Time": 560.137,
                                                              "Actual Rows": 90208,
                                                              "Actual Loops": 5,
                                                              "Inner Unique": true,
                                                              "Hash Cond": "(mi.info_type_id = it.id)",
                                                              "Plans": [
                                                                {
                                                                  "Node Type": "Seq Scan",
                                                                  "Parent Relationship": "Outer",
                                                                  "Parallel Aware": true,
                                                                  "Relation Name": "movie_info",
                                                                  "Alias": "mi",
                                                                  "Startup Cost": 0.0,
                                                                  "Total Cost": 206509.76,
                                                                  "Plan Rows": 139676,
                                                                  "Plan Width": 8,
                                                                  "Actual Startup Time": 69.27,
                                                                  "Actual Total Time": 546.92,
                                                                  "Actual Rows": 90221,
                                                                  "Actual Loops": 5,
                                                                  "Filter": "((info IS NOT NULL) AND ((info ~~ 'Japan:%200%'::text) OR (info ~~ 'USA:%200%'::text)))",
                                                                  "Rows Removed by Filter": 2876923
                                                                },
                                                                {
                                                                  "Node Type": "Hash",
                                                                  "Parent Relationship": "Inner",
                                                                  "Parallel Aware": false,
                                                                  "Startup Cost": 2.41,
                                                                  "Total Cost": 2.41,
                                                                  "Plan Rows": 1,
                                                                  "Plan Width": 4,
                                                                  "Actual Startup Time": 0.053,
                                                                  "Actual Total Time": 0.055,
                                                                  "Actual Rows": 1,
                                                                  "Actual Loops": 5,
                                                                  "Hash Buckets": 1024,
                                                                  "Original Hash Buckets": 1024,
                                                                  "Hash Batches": 1,
                                                                  "Original Hash Batches": 1,
                                                                  "Peak Memory Usage": 9,
                                                                  "Plans": [
                                                                    {
                                                                      "Node Type": "Seq Scan",
                                                                      "Parent Relationship": "Outer",
                                                                      "Parallel Aware": false,
                                                                      "Relation Name": "info_type",
                                                                      "Alias": "it",
                                                                      "Startup Cost": 0.0,
                                                                      "Total Cost": 2.41,
                                                                      "Plan Rows": 1,
                                                                      "Plan Width": 4,
                                                                      "Actual Startup Time": 0.04,
                                                                      "Actual Total Time": 0.046,
                                                                      "Actual Rows": 1,
                                                                      "Actual Loops": 5,
                                                                      "Filter": "((info)::text = 'release dates'::text)",
                                                                      "Rows Removed by Filter": 112
                                                                    }
                                                                  ]
                                                                }
                                                              ]
                                                            },
                                                            {
                                                              "Node Type": "Hash",
                                                              "Parent Relationship": "Inner",
                                                              "Parallel Aware": true,
                                                              "Startup Cost": 416179.51,
                                                              "Total Cost": 416179.51,
                                                              "Plan Rows": 1,
                                                              "Plan Width": 31,
                                                              "Actual Startup Time": 1314.452,
                                                              "Actual Total Time": 1314.466,
                                                              "Actual Rows": 398,
                                                              "Actual Loops": 5,
                                                              "Hash Buckets": 1024,
                                                              "Original Hash Buckets": 1024,
                                                              "Hash Batches": 1,
                                                              "Original Hash Batches": 1,
                                                              "Peak Memory Usage": 232,
                                                              "Plans": [
                                                                {
                                                                  "Node Type": "Hash Join",
                                                                  "Parent Relationship": "Outer",
                                                                  "Parallel Aware": false,
                                                                  "Join Type": "Inner",
                                                                  "Startup Cost": 71241.56,
                                                                  "Total Cost": 416179.51,
                                                                  "Plan Rows": 1,
                                                                  "Plan Width": 31,
                                                                  "Actual Startup Time": 560.291,
                                                                  "Actual Total Time": 1314.211,
                                                                  "Actual Rows": 398,
                                                                  "Actual Loops": 5,
                                                                  "Inner Unique": true,
                                                                  "Hash Cond": "(ci.role_id = rt.id)",
                                                                  "Plans": [
                                                                    {
                                                                      "Node Type": "Hash Join",
                                                                      "Parent Relationship": "Outer",
                                                                      "Parallel Aware": true,
                                                                      "Join Type": "Inner",
                                                                      "Startup Cost": 71240.4,
                                                                      "Total Cost": 416178.3,
                                                                      "Plan Rows": 14,
                                                                      "Plan Width": 35,
                                                                      "Actual Startup Time": 560.139,
                                                                      "Actual Total Time": 1313.989,
                                                                      "Actual Rows": 399,
                                                                      "Actual Loops": 5,
                                                                      "Inner Unique": true,
                                                                      "Hash Cond": "(ci.person_id = n.id)",
                                                                      "Plans": [
                                                                        {
                                                                          "Node Type": "Seq Scan",
                                                                          "Parent Relationship": "Outer",
                                                                          "Parallel Aware": true,
                                                                          "Relation Name": "cast_info",
                                                                          "Alias": "ci",
                                                                          "Startup Cost": 0.0,
                                                                          "Total Cost": 343259.37,
                                                                          "Plan Rows": 639441,
                                                                          "Plan Width": 16,
                                                                          "Actual Startup Time": 0.036,
                                                                          "Actual Total Time": 1073.816,
                                                                          "Actual Rows": 762531,
                                                                          "Actual Loops": 5,
                                                                          "Filter": "(note = ANY ('{(producer),(writer),\"(executive producer)\",(voice)}'::text[]))",
                                                                          "Rows Removed by Filter": 6486338
                                                                        },
                                                                        {
                                                                          "Node Type": "Hash",
                                                                          "Parent Relationship": "Inner",
                                                                          "Parallel Aware": true,
                                                                          "Startup Cost": 71240.1,
                                                                          "Total Cost": 71240.1,
                                                                          "Plan Rows": 24,
                                                                          "Plan Width": 19,
                                                                          "Actual Startup Time": 188.556,
                                                                          "Actual Total Time": 188.558,
                                                                          "Actual Rows": 13,
                                                                          "Actual Loops": 5,
                                                                          "Hash Buckets": 1024,
                                                                          "Original Hash Buckets": 1024,
                                                                          "Hash Batches": 1,
                                                                          "Original Hash Batches": 1,
                                                                          "Peak Memory Usage": 168,
                                                                          "Plans": [
                                                                            {
                                                                              "Node Type": "Seq Scan",
                                                                              "Parent Relationship": "Outer",
                                                                              "Parallel Aware": true,
                                                                              "Relation Name": "name",
                                                                              "Alias": "n",
                                                                              "Startup Cost": 0.0,
                                                                              "Total Cost": 71240.1,
                                                                              "Plan Rows": 24,
                                                                              "Plan Width": 19,
                                                                              "Actual Startup Time": 94.487,
                                                                              "Actual Total Time": 188.424,
                                                                              "Actual Rows": 13,
                                                                              "Actual Loops": 5,
                                                                              "Filter": "((name ~~ '%Cartwright,%'::text) AND ((gender)::text = 'f'::text))",
                                                                              "Rows Removed by Filter": 833486
                                                                            }
                                                                          ]
                                                                        }
                                                                      ]
                                                                    },
                                                                    {
                                                                      "Node Type": "Hash",
                                                                      "Parent Relationship": "Inner",
                                                                      "Parallel Aware": false,
                                                                      "Startup Cost": 1.15,
                                                                      "Total Cost": 1.15,
                                                                      "Plan Rows": 1,
                                                                      "Plan Width": 4,
                                                                      "Actual Startup Time": 0.11,
                                                                      "Actual Total Time": 0.112,
                                                                      "Actual Rows": 1,
                                                                      "Actual Loops": 5,
                                                                      "Hash Buckets": 1024,
                                                                      "Original Hash Buckets": 1024,
                                                                      "Hash Batches": 1,
                                                                      "Original Hash Batches": 1,
                                                                      "Peak Memory Usage": 9,
                                                                      "Plans": [
                                                                        {
                                                                          "Node Type": "Seq Scan",
                                                                          "Parent Relationship": "Outer",
                                                                          "Parallel Aware": false,
                                                                          "Relation Name": "role_type",
                                                                          "Alias": "rt",
                                                                          "Startup Cost": 0.0,
                                                                          "Total Cost": 1.15,
                                                                          "Plan Rows": 1,
                                                                          "Plan Width": 4,
                                                                          "Actual Startup Time": 0.069,
                                                                          "Actual Total Time": 0.074,
                                                                          "Actual Rows": 1,
                                                                          "Actual Loops": 5,
                                                                          "Filter": "((role)::text = 'actress'::text)",
                                                                          "Rows Removed by Filter": 11
                                                                        }
                                                                      ]
                                                                    }
                                                                  ]
                                                                }
                                                              ]
                                                            }
                                                          ]
                                                        }
                                                      ]
                                                    }
                                                  ]
                                                }
                                              ]
                                            }
                                          ]
                                        }
                                      ]
                                    }
                                  ]
                                }
                              ]
                            }
                          ]
                        }
                      ]
                    }
                  ]
                }
              ]
            }
          ]
        }
      ]
    },
    "Planning Time": 36.308,
    "Triggers": [],
    "Execution Time": 3151.209
  }
]