[
  {
    "Plan": {
      "Node Type": "Aggregate",
      "Strategy": "Plain",
      "Partial Mode": "Finalize",
      "Parallel Aware": false,
      "Startup Cost": 90053.19,
      "Total Cost": 90053.2,
      "Plan Rows": 1,
      "Plan Width": 8,
      "Actual Startup Time": 421.032,
      "Actual Total Time": 436.36,
      "Actual Rows": 1,
      "Actual Loops": 1,
      "Plans": [
        {
          "Node Type": "Gather",
          "Parent Relationship": "Outer",
          "Parallel Aware": false,
          "Startup Cost": 90052.88,
          "Total Cost": 90053.19,
          "Plan Rows": 3,
          "Plan Width": 8,
          "Actual Startup Time": 416.448,
          "Actual Total Time": 436.345,
          "Actual Rows": 4,
          "Actual Loops": 1,
          "Workers Planned": 3,
          "Workers Launched": 3,
          "Single Copy": false,
          "Plans": [
            {
              "Node Type": "Aggregate",
              "Strategy": "Plain",
              "Partial Mode": "Partial",
              "Parent Relationship": "Outer",
              "Parallel Aware": false,
              "Startup Cost": 89052.88,
              "Total Cost": 89052.89,
              "Plan Rows": 1,
              "Plan Width": 8,
              "Actual Startup Time": 403.448,
              "Actual Total Time": 403.452,
              "Actual Rows": 1,
              "Actual Loops": 4,
              "Plans": [
                {
                  "Node Type": "Hash Join",
                  "Parent Relationship": "Outer",
                  "Parallel Aware": true,
                  "Join Type": "Inner",
                  "Startup Cost": 61589.81,
                  "Total Cost": 88817.96,
                  "Plan Rows": 93966,
                  "Plan Width": 0,
                  "Actual Startup Time": 302.293,
                  "Actual Total Time": 401.078,
                  "Actual Rows": 32204,
                  "Actual Loops": 4,
                  "Inner Unique": true,
                  "Hash Cond": "(mk.movie_id = t.id)",
                  "Plans": [
                    {
                      "Node Type": "Bitmap Heap Scan",
                      "Parent Relationship": "Outer",
                      "Parallel Aware": true,
                      "Relation Name": "movie_keyword",
                      "Alias": "mk",
                      "Startup Cost": 12062.97,
                      "Total Cost": 38809.66,
                      "Plan Rows": 183415,
                      "Plan Width": 4,
                      "Actual Startup Time": 38.396,
                      "Actual Total Time": 100.632,
                      "Actual Rows": 139206,
                      "Actual Loops": 4,
                      "Recheck Cond": "(keyword_id > 32988)",
                      "Rows Removed by Index Recheck": 0,
                      "Exact Heap Blocks": 5173,
                      "Lossy Heap Blocks": 0,
                      "Plans": [
                        {
                          "Node Type": "Bitmap Index Scan",
                          "Parent Relationship": "Outer",
                          "Parallel Aware": false,
                          "Index Name": "keyword_id_movie_keyword",
                          "Startup Cost": 0.0,
                          "Total Cost": 11920.83,
                          "Plan Rows": 568586,
                          "Plan Width": 0,
                          "Actual Startup Time": 34.801,
                          "Actual Total Time": 34.802,
                          "Actual Rows": 556825,
                          "Actual Loops": 1,
                          "Index Cond": "(keyword_id > 32988)"
                        }
                      ]
                    },
                    {
                      "Node Type": "Hash",
                      "Parent Relationship": "Inner",
                      "Parallel Aware": true,
                      "Startup Cost": 45479.1,
                      "Total Cost": 45479.1,
                      "Plan Rows": 323819,
                      "Plan Width": 4,
                      "Actual Startup Time": 256.189,
                      "Actual Total Time": 256.19,
                      "Actual Rows": 353437,
                      "Actual Loops": 4,
                      "Hash Buckets": 2097152,
                      "Original Hash Buckets": 2097152,
                      "Hash Batches": 1,
                      "Original Hash Batches": 1,
                      "Peak Memory Usage": 71776,
                      "Plans": [
                        {
                          "Node Type": "Seq Scan",
                          "Parent Relationship": "Outer",
                          "Parallel Aware": true,
                          "Relation Name": "title",
                          "Alias": "t",
                          "Startup Cost": 0.0,
                          "Total Cost": 45479.1,
                          "Plan Rows": 323819,
                          "Plan Width": 4,
                          "Actual Startup Time": 0.044,
                          "Actual Total Time": 116.988,
                          "Actual Rows": 353437,
                          "Actual Loops": 4,
                          "Filter": "((kind_id > 1) AND (production_year > 1990))",
                          "Rows Removed by Filter": 278641
                        }
                      ]
                    }
                  ]
                }
              ]
            }
          ]
        }
      ]
    },
    "Planning Time": 0.717,
    "Triggers": [],
    "Execution Time": 436.471
  }
]