[
  {
    "Plan": {
      "Node Type": "Aggregate",
      "Strategy": "Plain",
      "Partial Mode": "Finalize",
      "Parallel Aware": false,
      "Startup Cost": 30705.35,
      "Total Cost": 30705.36,
      "Plan Rows": 1,
      "Plan Width": 8,
      "Actual Startup Time": 79.269,
      "Actual Total Time": 86.22,
      "Actual Rows": 1,
      "Actual Loops": 1,
      "Plans": [
        {
          "Node Type": "Gather",
          "Parent Relationship": "Outer",
          "Parallel Aware": false,
          "Startup Cost": 30705.03,
          "Total Cost": 30705.34,
          "Plan Rows": 3,
          "Plan Width": 8,
          "Actual Startup Time": 79.197,
          "Actual Total Time": 86.215,
          "Actual Rows": 4,
          "Actual Loops": 1,
          "Workers Planned": 3,
          "Workers Launched": 3,
          "Single Copy": false,
          "Plans": [
            {
              "Node Type": "Aggregate",
              "Strategy": "Plain",
              "Partial Mode": "Partial",
              "Parent Relationship": "Outer",
              "Parallel Aware": false,
              "Startup Cost": 29705.03,
              "Total Cost": 29705.04,
              "Plan Rows": 1,
              "Plan Width": 8,
              "Actual Startup Time": 72.893,
              "Actual Total Time": 72.894,
              "Actual Rows": 1,
              "Actual Loops": 4,
              "Plans": [
                {
                  "Node Type": "Seq Scan",
                  "Parent Relationship": "Outer",
                  "Parallel Aware": true,
                  "Relation Name": "movie_companies",
                  "Alias": "mc",
                  "Startup Cost": 0.0,
                  "Total Cost": 29310.68,
                  "Plan Rows": 157740,
                  "Plan Width": 0,
                  "Actual Startup Time": 40.006,
                  "Actual Total Time": 67.77,
                  "Actual Rows": 121634,
                  "Actual Loops": 4,
                  "Filter": "(company_id > 74872)",
                  "Rows Removed by Filter": 530649
                }
              ]
            }
          ]
        }
      ]
    },
    "Planning Time": 0.061,
    "Triggers": [],
    "Execution Time": 86.244
  }
]