[
  {
    "Plan": {
      "Node Type": "Aggregate",
      "Strategy": "Plain",
      "Partial Mode": "Finalize",
      "Parallel Aware": false,
      "Startup Cost": 31624.27,
      "Total Cost": 31624.28,
      "Plan Rows": 1,
      "Plan Width": 8,
      "Actual Startup Time": 105.871,
      "Actual Total Time": 113.308,
      "Actual Rows": 1,
      "Actual Loops": 1,
      "Plans": [
        {
          "Node Type": "Gather",
          "Parent Relationship": "Outer",
          "Parallel Aware": false,
          "Startup Cost": 31623.95,
          "Total Cost": 31624.26,
          "Plan Rows": 3,
          "Plan Width": 8,
          "Actual Startup Time": 105.746,
          "Actual Total Time": 113.301,
          "Actual Rows": 4,
          "Actual Loops": 1,
          "Workers Planned": 3,
          "Workers Launched": 3,
          "Single Copy": false,
          "Plans": [
            {
              "Node Type": "Aggregate",
              "Strategy": "Plain",
              "Partial Mode": "Partial",
              "Parent Relationship": "Outer",
              "Parallel Aware": false,
              "Startup Cost": 30623.95,
              "Total Cost": 30623.96,
              "Plan Rows": 1,
              "Plan Width": 8,
              "Actual Startup Time": 100.642,
              "Actual Total Time": 100.644,
              "Actual Rows": 1,
              "Actual Loops": 4,
              "Plans": [
                {
                  "Node Type": "Seq Scan",
                  "Parent Relationship": "Outer",
                  "Parallel Aware": true,
                  "Relation Name": "movie_companies",
                  "Alias": "mc",
                  "Startup Cost": 0.0,
                  "Total Cost": 29310.68,
                  "Plan Rows": 525307,
                  "Plan Width": 0,
                  "Actual Startup Time": 2.36,
                  "Actual Total Time": 81.229,
                  "Actual Rows": 406687,
                  "Actual Loops": 4,
                  "Filter": "(company_id > 4436)",
                  "Rows Removed by Filter": 245596
                }
              ]
            }
          ]
        }
      ]
    },
    "Planning Time": 0.104,
    "Triggers": [],
    "Execution Time": 113.341
  }
]