[
  {
    "Plan": {
      "Node Type": "Aggregate",
      "Strategy": "Plain",
      "Partial Mode": "Finalize",
      "Parallel Aware": false,
      "Startup Cost": 345083.05,
      "Total Cost": 345083.06,
      "Plan Rows": 1,
      "Plan Width": 8,
      "Actual Startup Time": 386.263,
      "Actual Total Time": 414.967,
      "Actual Rows": 1,
      "Actual Loops": 1,
      "Plans": [
        {
          "Node Type": "Gather",
          "Parent Relationship": "Outer",
          "Parallel Aware": false,
          "Startup Cost": 345082.42,
          "Total Cost": 345083.03,
          "Plan Rows": 6,
          "Plan Width": 8,
          "Actual Startup Time": 386.13,
          "Actual Total Time": 414.958,
          "Actual Rows": 7,
          "Actual Loops": 1,
          "Workers Planned": 6,
          "Workers Launched": 6,
          "Single Copy": false,
          "Plans": [
            {
              "Node Type": "Aggregate",
              "Strategy": "Plain",
              "Partial Mode": "Partial",
              "Parent Relationship": "Outer",
              "Parallel Aware": false,
              "Startup Cost": 344082.42,
              "Total Cost": 344082.43,
              "Plan Rows": 1,
              "Plan Width": 8,
              "Actual Startup Time": 380.702,
              "Actual Total Time": 380.703,
              "Actual Rows": 1,
              "Actual Loops": 7,
              "Plans": [
                {
                  "Node Type": "Index Scan",
                  "Parent Relationship": "Outer",
                  "Parallel Aware": true,
                  "Scan Direction": "Forward",
                  "Index Name": "role_id_cast_info",
                  "Relation Name": "cast_info",
                  "Alias": "ci",
                  "Startup Cost": 0.56,
                  "Total Cost": 341155.22,
                  "Plan Rows": 1170882,
                  "Plan Width": 0,
                  "Actual Startup Time": 346.869,
                  "Actual Total Time": 374.442,
                  "Actual Rows": 123463,
                  "Actual Loops": 7,
                  "Index Cond": "(role_id = 1)",
                  "Rows Removed by Index Recheck": 0,
                  "Filter": "(person_id > 1621128)",
                  "Rows Removed by Filter": 1686635
                }
              ]
            }
          ]
        }
      ]
    },
    "Planning Time": 0.133,
    "Triggers": [],
    "Execution Time": 415.054
  }
]