{
    "Plan": {
        "Node Type": "Aggregate",
        "Strategy": "Plain",
        "Partial Mode": "Finalize",
        "Parallel Aware": false,
        "Startup Cost": 77885.53,
        "Total Cost": 77885.54,
        "Plan Rows": 1,
        "Plan Width": 8,
        "Actual Startup Time": 175.03,
        "Actual Total Time": 197.969,
        "Actual Rows": 1,
        "Actual Loops": 1,
        "Output": [
            "count(*)"
        ],
        "Plans": [
            {
                "Node Type": "Gather",
                "Parent Relationship": "Outer",
                "Parallel Aware": false,
                "Startup Cost": 77885.21,
                "Total Cost": 77885.52,
                "Plan Rows": 3,
                "Plan Width": 8,
                "Actual Startup Time": 174.906,
                "Actual Total Time": 197.958,
                "Actual Rows": 4,
                "Actual Loops": 1,
                "Output": [
                    "(PARTIAL count(*))"
                ],
                "Workers Planned": 3,
                "Workers Launched": 3,
                "Single Copy": false,
                "Plans": [
                    {
                        "Node Type": "Aggregate",
                        "Strategy": "Plain",
                        "Partial Mode": "Partial",
                        "Parent Relationship": "Outer",
                        "Parallel Aware": false,
                        "Startup Cost": 76885.21,
                        "Total Cost": 76885.22,
                        "Plan Rows": 1,
                        "Plan Width": 8,
                        "Actual Startup Time": 165.386,
                        "Actual Total Time": 165.388,
                        "Actual Rows": 1,
                        "Actual Loops": 4,
                        "Output": [
                            "PARTIAL count(*)"
                        ],
                        "Workers": [
                            {
                                "Worker Number": 0,
                                "Actual Startup Time": 162.158,
                                "Actual Total Time": 162.159,
                                "Actual Rows": 1,
                                "Actual Loops": 1
                            },
                            {
                                "Worker Number": 1,
                                "Actual Startup Time": 162.433,
                                "Actual Total Time": 162.435,
                                "Actual Rows": 1,
                                "Actual Loops": 1
                            },
                            {
                                "Worker Number": 2,
                                "Actual Startup Time": 162.887,
                                "Actual Total Time": 162.889,
                                "Actual Rows": 1,
                                "Actual Loops": 1
                            }
                        ],
                        "Plans": [
                            {
                                "Node Type": "Nested Loop",
                                "Parent Relationship": "Outer",
                                "Parallel Aware": false,
                                "Join Type": "Inner",
                                "Startup Cost": 0.99,
                                "Total Cost": 76883.55,
                                "Plan Rows": 666,
                                "Plan Width": 0,
                                "Actual Startup Time": 26.71,
                                "Actual Total Time": 165.292,
                                "Actual Rows": 719,
                                "Actual Loops": 4,
                                "Inner Unique": false,
                                "Workers": [
                                    {
                                        "Worker Number": 0,
                                        "Actual Startup Time": 36.885,
                                        "Actual Total Time": 162.046,
                                        "Actual Rows": 743,
                                        "Actual Loops": 1
                                    },
                                    {
                                        "Worker Number": 1,
                                        "Actual Startup Time": 37.844,
                                        "Actual Total Time": 162.34,
                                        "Actual Rows": 597,
                                        "Actual Loops": 1
                                    },
                                    {
                                        "Worker Number": 2,
                                        "Actual Startup Time": 6.406,
                                        "Actual Total Time": 162.821,
                                        "Actual Rows": 374,
                                        "Actual Loops": 1
                                    }
                                ],
                                "Plans": [
                                    {
                                        "Node Type": "Nested Loop",
                                        "Parent Relationship": "Outer",
                                        "Parallel Aware": false,
                                        "Join Type": "Inner",
                                        "Startup Cost": 0.43,
                                        "Total Cost": 74057.31,
                                        "Plan Rows": 140,
                                        "Plan Width": 8,
                                        "Actual Startup Time": 26.416,
                                        "Actual Total Time": 154.468,
                                        "Actual Rows": 50,
                                        "Actual Loops": 4,
                                        "Output": [
                                            "t.id",
                                            "mk.movie_id"
                                        ],
                                        "Inner Unique": true,
                                        "Workers": [
                                            {
                                                "Worker Number": 0,
                                                "Actual Startup Time": 36.646,
                                                "Actual Total Time": 147.121,
                                                "Actual Rows": 57,
                                                "Actual Loops": 1
                                            },
                                            {
                                                "Worker Number": 1,
                                                "Actual Startup Time": 37.137,
                                                "Actual Total Time": 151.594,
                                                "Actual Rows": 39,
                                                "Actual Loops": 1
                                            },
                                            {
                                                "Worker Number": 2,
                                                "Actual Startup Time": 6.2,
                                                "Actual Total Time": 151.96,
                                                "Actual Rows": 51,
                                                "Actual Loops": 1
                                            }
                                        ],
                                        "Plans": [
                                            {
                                                "Node Type": "Seq Scan",
                                                "Parent Relationship": "Outer",
                                                "Parallel Aware": true,
                                                "Relation Name": "movie_keyword",
                                                "Schema": "public",
                                                "Alias": "mk",
                                                "Startup Cost": 0.0,
                                                "Total Cost": 42695.65,
                                                "Plan Rows": 5448,
                                                "Plan Width": 4,
                                                "Actual Startup Time": 0.472,
                                                "Actual Total Time": 116.715,
                                                "Actual Rows": 5130,
                                                "Actual Loops": 4,
                                                "Output": [
                                                    "mk.id",
                                                    "mk.movie_id",
                                                    "mk.keyword_id"
                                                ],
                                                "Filter": "(mk.keyword_id = 382)",
                                                "Rows Removed by Filter": 1125852,
                                                "Workers": [
                                                    {
                                                        "Worker Number": 0,
                                                        "Actual Startup Time": 0.553,
                                                        "Actual Total Time": 107.057,
                                                        "Actual Rows": 4635,
                                                        "Actual Loops": 1
                                                    },
                                                    {
                                                        "Worker Number": 1,
                                                        "Actual Startup Time": 0.3,
                                                        "Actual Total Time": 109.85,
                                                        "Actual Rows": 5033,
                                                        "Actual Loops": 1
                                                    },
                                                    {
                                                        "Worker Number": 2,
                                                        "Actual Startup Time": 0.91,
                                                        "Actual Total Time": 110.963,
                                                        "Actual Rows": 4928,
                                                        "Actual Loops": 1
                                                    }
                                                ]
                                            },
                                            {
                                                "Node Type": "Index Scan",
                                                "Parent Relationship": "Inner",
                                                "Parallel Aware": false,
                                                "Scan Direction": "Forward",
                                                "Index Name": "title_pkey",
                                                "Relation Name": "title",
                                                "Schema": "public",
                                                "Alias": "t",
                                                "Startup Cost": 0.43,
                                                "Total Cost": 5.76,
                                                "Plan Rows": 1,
                                                "Plan Width": 4,
                                                "Actual Startup Time": 0.007,
                                                "Actual Total Time": 0.007,
                                                "Actual Rows": 0,
                                                "Actual Loops": 20522,
                                                "Output": [
                                                    "t.id",
                                                    "t.title",
                                                    "t.imdb_index",
                                                    "t.kind_id",
                                                    "t.production_year",
                                                    "t.imdb_id",
                                                    "t.phonetic_code",
                                                    "t.episode_of_id",
                                                    "t.season_nr",
                                                    "t.episode_nr",
                                                    "t.series_years",
                                                    "t.md5sum"
                                                ],
                                                "Index Cond": "(t.id = mk.movie_id)",
                                                "Rows Removed by Index Recheck": 0,
                                                "Filter": "((t.kind_id < 7) AND (t.production_year = 2012))",
                                                "Rows Removed by Filter": 1,
                                                "Workers": [
                                                    {
                                                        "Worker Number": 0,
                                                        "Actual Startup Time": 0.008,
                                                        "Actual Total Time": 0.008,
                                                        "Actual Rows": 0,
                                                        "Actual Loops": 4635
                                                    },
                                                    {
                                                        "Worker Number": 1,
                                                        "Actual Startup Time": 0.008,
                                                        "Actual Total Time": 0.008,
                                                        "Actual Rows": 0,
                                                        "Actual Loops": 5033
                                                    },
                                                    {
                                                        "Worker Number": 2,
                                                        "Actual Startup Time": 0.008,
                                                        "Actual Total Time": 0.008,
                                                        "Actual Rows": 0,
                                                        "Actual Loops": 4928
                                                    }
                                                ]
                                            }
                                        ]
                                    },
                                    {
                                        "Node Type": "Index Scan",
                                        "Parent Relationship": "Inner",
                                        "Parallel Aware": false,
                                        "Scan Direction": "Forward",
                                        "Index Name": "movie_id_cast_info",
                                        "Relation Name": "cast_info",
                                        "Schema": "public",
                                        "Alias": "ci",
                                        "Startup Cost": 0.56,
                                        "Total Cost": 20.06,
                                        "Plan Rows": 13,
                                        "Plan Width": 4,
                                        "Actual Startup Time": 0.143,
                                        "Actual Total Time": 0.213,
                                        "Actual Rows": 14,
                                        "Actual Loops": 201,
                                        "Output": [
                                            "ci.id",
                                            "ci.person_id",
                                            "ci.movie_id",
                                            "ci.person_role_id",
                                            "ci.note",
                                            "ci.nr_order",
                                            "ci.role_id"
                                        ],
                                        "Index Cond": "(ci.movie_id = t.id)",
                                        "Rows Removed by Index Recheck": 0,
                                        "Filter": "(ci.role_id > 3)",
                                        "Rows Removed by Filter": 23,
                                        "Workers": [
                                            {
                                                "Worker Number": 0,
                                                "Actual Startup Time": 0.172,
                                                "Actual Total Time": 0.259,
                                                "Actual Rows": 13,
                                                "Actual Loops": 57
                                            },
                                            {
                                                "Worker Number": 1,
                                                "Actual Startup Time": 0.173,
                                                "Actual Total Time": 0.273,
                                                "Actual Rows": 15,
                                                "Actual Loops": 39
                                            },
                                            {
                                                "Worker Number": 2,
                                                "Actual Startup Time": 0.161,
                                                "Actual Total Time": 0.211,
                                                "Actual Rows": 7,
                                                "Actual Loops": 51
                                            }
                                        ]
                                    }
                                ]
                            }
                        ]
                    }
                ]
            }
        ]
    },
    "Planning Time": 1.725,
    "Triggers": [],
    "Execution Time": 198.109
}