[
    {
        "Bao": {
            "Bao prediction": "NaN",
            "Bao recommended hint": "(no hint)"
        }
    },
    {
        "Plan": {
            "Node Type": "Aggregate",
            "Strategy": "Plain",
            "Partial Mode": "Finalize",
            "Parallel Aware": false,
            "Startup Cost": 351805.7,
            "Total Cost": 351805.71,
            "Plan Rows": 1,
            "Plan Width": 8,
            "Actual Startup Time": 761.179,
            "Actual Total Time": 786.745,
            "Actual Rows": 1,
            "Actual Loops": 1,
            "Output": [
                "count(*)"
            ],
            "Plans": [
                {
                    "Node Type": "Gather",
                    "Parent Relationship": "Outer",
                    "Parallel Aware": false,
                    "Startup Cost": 351805.07,
                    "Total Cost": 351805.68,
                    "Plan Rows": 6,
                    "Plan Width": 8,
                    "Actual Startup Time": 761.088,
                    "Actual Total Time": 786.735,
                    "Actual Rows": 7,
                    "Actual Loops": 1,
                    "Output": [
                        "(PARTIAL count(*))"
                    ],
                    "Workers Planned": 6,
                    "Workers Launched": 6,
                    "Single Copy": false,
                    "Plans": [
                        {
                            "Node Type": "Aggregate",
                            "Strategy": "Plain",
                            "Partial Mode": "Partial",
                            "Parent Relationship": "Outer",
                            "Parallel Aware": false,
                            "Startup Cost": 350805.07,
                            "Total Cost": 350805.08,
                            "Plan Rows": 1,
                            "Plan Width": 8,
                            "Actual Startup Time": 751.182,
                            "Actual Total Time": 751.183,
                            "Actual Rows": 1,
                            "Actual Loops": 7,
                            "Output": [
                                "PARTIAL count(*)"
                            ],
                            "Workers": [
                                {
                                    "Worker Number": 0,
                                    "Actual Startup Time": 749.095,
                                    "Actual Total Time": 749.096,
                                    "Actual Rows": 1,
                                    "Actual Loops": 1
                                },
                                {
                                    "Worker Number": 1,
                                    "Actual Startup Time": 749.308,
                                    "Actual Total Time": 749.309,
                                    "Actual Rows": 1,
                                    "Actual Loops": 1
                                },
                                {
                                    "Worker Number": 2,
                                    "Actual Startup Time": 749.315,
                                    "Actual Total Time": 749.317,
                                    "Actual Rows": 1,
                                    "Actual Loops": 1
                                },
                                {
                                    "Worker Number": 3,
                                    "Actual Startup Time": 749.991,
                                    "Actual Total Time": 749.992,
                                    "Actual Rows": 1,
                                    "Actual Loops": 1
                                },
                                {
                                    "Worker Number": 4,
                                    "Actual Startup Time": 749.655,
                                    "Actual Total Time": 749.656,
                                    "Actual Rows": 1,
                                    "Actual Loops": 1
                                },
                                {
                                    "Worker Number": 5,
                                    "Actual Startup Time": 750.422,
                                    "Actual Total Time": 750.423,
                                    "Actual Rows": 1,
                                    "Actual Loops": 1
                                }
                            ],
                            "Plans": [
                                {
                                    "Node Type": "Seq Scan",
                                    "Parent Relationship": "Outer",
                                    "Parallel Aware": true,
                                    "Relation Name": "cast_info",
                                    "Schema": "public",
                                    "Alias": "ci",
                                    "Startup Cost": 0.0,
                                    "Total Cost": 343318.94,
                                    "Plan Rows": 2994452,
                                    "Plan Width": 0,
                                    "Actual Startup Time": 120.178,
                                    "Actual Total Time": 645.761,
                                    "Actual Rows": 2372833,
                                    "Actual Loops": 7,
                                    "Output": [
                                        "id",
                                        "person_id",
                                        "movie_id",
                                        "person_role_id",
                                        "note",
                                        "nr_order",
                                        "role_id"
                                    ],
                                    "Filter": "((ci.person_id > 928952) AND (ci.role_id < 4))",
                                    "Rows Removed by Filter": 2804931,
                                    "Workers": [
                                        {
                                            "Worker Number": 0,
                                            "Actual Startup Time": 118.095,
                                            "Actual Total Time": 644.49,
                                            "Actual Rows": 2429798,
                                            "Actual Loops": 1
                                        },
                                        {
                                            "Worker Number": 1,
                                            "Actual Startup Time": 118.304,
                                            "Actual Total Time": 645.077,
                                            "Actual Rows": 2421272,
                                            "Actual Loops": 1
                                        },
                                        {
                                            "Worker Number": 2,
                                            "Actual Startup Time": 118.316,
                                            "Actual Total Time": 645.008,
                                            "Actual Rows": 2422375,
                                            "Actual Loops": 1
                                        },
                                        {
                                            "Worker Number": 3,
                                            "Actual Startup Time": 118.992,
                                            "Actual Total Time": 648.005,
                                            "Actual Rows": 2497588,
                                            "Actual Loops": 1
                                        },
                                        {
                                            "Worker Number": 4,
                                            "Actual Startup Time": 118.651,
                                            "Actual Total Time": 647.999,
                                            "Actual Rows": 2450416,
                                            "Actual Loops": 1
                                        },
                                        {
                                            "Worker Number": 5,
                                            "Actual Startup Time": 119.407,
                                            "Actual Total Time": 645.561,
                                            "Actual Rows": 1513916,
                                            "Actual Loops": 1
                                        }
                                    ]
                                }
                            ]
                        }
                    ]
                }
            ]
        },
        "Planning Time": 198.945,
        "Triggers": [],
        "Execution Time": 786.819
    }
]