[
  {
    "Plan": {
      "Node Type": "Aggregate",
      "Strategy": "Plain",
      "Partial Mode": "Finalize",
      "Parallel Aware": false,
      "Startup Cost": 26547.62,
      "Total Cost": 26547.63,
      "Plan Rows": 1,
      "Plan Width": 8,
      "Actual Startup Time": 34.193,
      "Actual Total Time": 39.312,
      "Actual Rows": 1,
      "Actual Loops": 1,
      "Plans": [
        {
          "Node Type": "Gather",
          "Parent Relationship": "Outer",
          "Parallel Aware": false,
          "Startup Cost": 26547.4,
          "Total Cost": 26547.61,
          "Plan Rows": 2,
          "Plan Width": 8,
          "Actual Startup Time": 33.892,
          "Actual Total Time": 39.304,
          "Actual Rows": 3,
          "Actual Loops": 1,
          "Workers Planned": 2,
          "Workers Launched": 2,
          "Single Copy": false,
          "Plans": [
            {
              "Node Type": "Aggregate",
              "Strategy": "Plain",
              "Partial Mode": "Partial",
              "Parent Relationship": "Outer",
              "Parallel Aware": false,
              "Startup Cost": 25547.4,
              "Total Cost": 25547.41,
              "Plan Rows": 1,
              "Plan Width": 8,
              "Actual Startup Time": 25.734,
              "Actual Total Time": 25.736,
              "Actual Rows": 1,
              "Actual Loops": 3,
              "Plans": [
                {
                  "Node Type": "Nested Loop",
                  "Parent Relationship": "Outer",
                  "Parallel Aware": false,
                  "Join Type": "Inner",
                  "Startup Cost": 99.92,
                  "Total Cost": 25544.82,
                  "Plan Rows": 1034,
                  "Plan Width": 0,
                  "Actual Startup Time": 2.256,
                  "Actual Total Time": 25.61,
                  "Actual Rows": 500,
                  "Actual Loops": 3,
                  "Inner Unique": true,
                  "Plans": [
                    {
                      "Node Type": "Bitmap Heap Scan",
                      "Parent Relationship": "Outer",
                      "Parallel Aware": true,
                      "Relation Name": "movie_keyword",
                      "Alias": "mk",
                      "Startup Cost": 99.49,
                      "Total Cost": 11574.9,
                      "Plan Rows": 1885,
                      "Plan Width": 4,
                      "Actual Startup Time": 1.809,
                      "Actual Total Time": 7.774,
                      "Actual Rows": 1353,
                      "Actual Loops": 3,
                      "Recheck Cond": "(keyword_id = 648)",
                      "Rows Removed by Index Recheck": 0,
                      "Exact Heap Blocks": 2327,
                      "Lossy Heap Blocks": 0,
                      "Plans": [
                        {
                          "Node Type": "Bitmap Index Scan",
                          "Parent Relationship": "Outer",
                          "Parallel Aware": false,
                          "Index Name": "keyword_id_movie_keyword",
                          "Startup Cost": 0.0,
                          "Total Cost": 98.36,
                          "Plan Rows": 4524,
                          "Plan Width": 0,
                          "Actual Startup Time": 3.701,
                          "Actual Total Time": 3.702,
                          "Actual Rows": 4059,
                          "Actual Loops": 1,
                          "Index Cond": "(keyword_id = 648)"
                        }
                      ]
                    },
                    {
                      "Node Type": "Index Scan",
                      "Parent Relationship": "Inner",
                      "Parallel Aware": false,
                      "Scan Direction": "Forward",
                      "Index Name": "title_pkey",
                      "Relation Name": "title",
                      "Alias": "t",
                      "Startup Cost": 0.43,
                      "Total Cost": 7.41,
                      "Plan Rows": 1,
                      "Plan Width": 4,
                      "Actual Startup Time": 0.012,
                      "Actual Total Time": 0.012,
                      "Actual Rows": 0,
                      "Actual Loops": 4059,
                      "Index Cond": "(id = mk.movie_id)",
                      "Rows Removed by Index Recheck": 0,
                      "Filter": "(production_year > 2000)",
                      "Rows Removed by Filter": 1
                    }
                  ]
                }
              ]
            }
          ]
        }
      ]
    },
    "Planning Time": 0.602,
    "Triggers": [],
    "Execution Time": 39.399
  }
]