{
  "Plan": {
    "Node Type": "Aggregate",
    "Strategy": "Plain",
    "Partial Mode": "Finalize",
    "Parallel Aware": false,
    "Startup Cost": 57273.93,
    "Total Cost": 57273.94,
    "Plan Rows": 1,
    "Plan Width": 8,
    "Actual Startup Time": 163.544,
    "Actual Total Time": 189.667,
    "Actual Rows": 1,
    "Actual Loops": 1,
    "Plans": [
      {
        "Node Type": "Gather",
        "Parent Relationship": "Outer",
        "Parallel Aware": false,
        "Startup Cost": 57273.82,
        "Total Cost": 57273.93,
        "Plan Rows": 1,
        "Plan Width": 8,
        "Actual Startup Time": 163.42,
        "Actual Total Time": 189.66,
        "Actual Rows": 2,
        "Actual Loops": 1,
        "Workers Planned": 1,
        "Workers Launched": 1,
        "Single Copy": false,
        "Plans": [
          {
            "Node Type": "Aggregate",
            "Strategy": "Plain",
            "Partial Mode": "Partial",
            "Parent Relationship": "Outer",
            "Parallel Aware": false,
            "Startup Cost": 56273.82,
            "Total Cost": 56273.83,
            "Plan Rows": 1,
            "Plan Width": 8,
            "Actual Startup Time": 158.369,
            "Actual Total Time": 158.371,
            "Actual Rows": 1,
            "Actual Loops": 2,
            "Plans": [
              {
                "Node Type": "Nested Loop",
                "Parent Relationship": "Outer",
                "Parallel Aware": false,
                "Join Type": "Inner",
                "Startup Cost": 164.9,
                "Total Cost": 56207.69,
                "Plan Rows": 26454,
                "Plan Width": 0,
                "Actual Startup Time": 3.635,
                "Actual Total Time": 150.816,
                "Actual Rows": 140944,
                "Actual Loops": 2,
                "Inner Unique": false,
                "Plans": [
                  {
                    "Node Type": "Nested Loop",
                    "Parent Relationship": "Outer",
                    "Parallel Aware": false,
                    "Join Type": "Inner",
                    "Startup Cost": 164.47,
                    "Total Cost": 47467.17,
                    "Plan Rows": 4524,
                    "Plan Width": 8,
                    "Actual Startup Time": 3.53,
                    "Actual Total Time": 33.968,
                    "Actual Rows": 3836,
                    "Actual Loops": 2,
                    "Inner Unique": true,
                    "Plans": [
                      {
                        "Node Type": "Bitmap Heap Scan",
                        "Parent Relationship": "Outer",
                        "Parallel Aware": true,
                        "Relation Name": "movie_keyword",
                        "Alias": "mk",
                        "Startup Cost": 164.04,
                        "Total Cost": 16410.49,
                        "Plan Rows": 4524,
                        "Plan Width": 4,
                        "Actual Startup Time": 3.396,
                        "Actual Total Time": 12.557,
                        "Actual Rows": 3836,
                        "Actual Loops": 2,
                        "Recheck Cond": "(keyword_id = 7078)",
                        "Rows Removed by Index Recheck": 0,
                        "Exact Heap Blocks": 3944,
                        "Lossy Heap Blocks": 0,
                        "Plans": [
                          {
                            "Node Type": "Bitmap Index Scan",
                            "Parent Relationship": "Outer",
                            "Parallel Aware": false,
                            "Index Name": "keyword_id_movie_keyword",
                            "Startup Cost": 0.0,
                            "Total Cost": 162.12,
                            "Plan Rows": 7691,
                            "Plan Width": 0,
                            "Actual Startup Time": 4.227,
                            "Actual Total Time": 4.228,
                            "Actual Rows": 7673,
                            "Actual Loops": 1,
                            "Index Cond": "(keyword_id = 7078)"
                          }
                        ]
                      },
                      {
                        "Node Type": "Index Only Scan",
                        "Parent Relationship": "Inner",
                        "Parallel Aware": false,
                        "Scan Direction": "Forward",
                        "Index Name": "title_pkey",
                        "Relation Name": "title",
                        "Alias": "t",
                        "Startup Cost": 0.43,
                        "Total Cost": 6.86,
                        "Plan Rows": 1,
                        "Plan Width": 4,
                        "Actual Startup Time": 0.005,
                        "Actual Total Time": 0.005,
                        "Actual Rows": 1,
                        "Actual Loops": 7673,
                        "Index Cond": "(id = mk.movie_id)",
                        "Rows Removed by Index Recheck": 0,
                        "Heap Fetches": 7673
                      }
                    ]
                  },
                  {
                    "Node Type": "Index Only Scan",
                    "Parent Relationship": "Inner",
                    "Parallel Aware": false,
                    "Scan Direction": "Forward",
                    "Index Name": "movie_id_movie_info",
                    "Relation Name": "movie_info",
                    "Alias": "mi",
                    "Startup Cost": 0.43,
                    "Total Cost": 1.51,
                    "Plan Rows": 42,
                    "Plan Width": 4,
                    "Actual Startup Time": 0.007,
                    "Actual Total Time": 0.027,
                    "Actual Rows": 37,
                    "Actual Loops": 7673,
                    "Index Cond": "(movie_id = t.id)",
                    "Rows Removed by Index Recheck": 0,
                    "Heap Fetches": 281889
                  }
                ]
              }
            ]
          }
        ]
      }
    ]
  },
  "Planning Time": 0.546,
  "Triggers": [],
  "Execution Time": 189.745
}