[
  {
    "Plan": {
      "Node Type": "Aggregate",
      "Strategy": "Plain",
      "Partial Mode": "Finalize",
      "Parallel Aware": false,
      "Startup Cost": 105477.88,
      "Total Cost": 105477.89,
      "Plan Rows": 1,
      "Plan Width": 8,
      "Actual Startup Time": 511.333,
      "Actual Total Time": 528.743,
      "Actual Rows": 1,
      "Actual Loops": 1,
      "Plans": [
        {
          "Node Type": "Gather",
          "Parent Relationship": "Outer",
          "Parallel Aware": false,
          "Startup Cost": 105477.67,
          "Total Cost": 105477.88,
          "Plan Rows": 2,
          "Plan Width": 8,
          "Actual Startup Time": 509.613,
          "Actual Total Time": 528.736,
          "Actual Rows": 3,
          "Actual Loops": 1,
          "Workers Planned": 2,
          "Workers Launched": 2,
          "Single Copy": false,
          "Plans": [
            {
              "Node Type": "Aggregate",
              "Strategy": "Plain",
              "Partial Mode": "Partial",
              "Parent Relationship": "Outer",
              "Parallel Aware": false,
              "Startup Cost": 104477.67,
              "Total Cost": 104477.68,
              "Plan Rows": 1,
              "Plan Width": 8,
              "Actual Startup Time": 501.102,
              "Actual Total Time": 501.108,
              "Actual Rows": 1,
              "Actual Loops": 3,
              "Plans": [
                {
                  "Node Type": "Hash Join",
                  "Parent Relationship": "Outer",
                  "Parallel Aware": true,
                  "Join Type": "Inner",
                  "Startup Cost": 88294.3,
                  "Total Cost": 104328.38,
                  "Plan Rows": 59716,
                  "Plan Width": 0,
                  "Actual Startup Time": 412.675,
                  "Actual Total Time": 490.079,
                  "Actual Rows": 280598,
                  "Actual Loops": 3,
                  "Inner Unique": false,
                  "Hash Cond": "(mi_idx.movie_id = t.id)",
                  "Plans": [
                    {
                      "Node Type": "Seq Scan",
                      "Parent Relationship": "Outer",
                      "Parallel Aware": true,
                      "Relation Name": "movie_info_idx",
                      "Alias": "mi_idx",
                      "Startup Cost": 0.0,
                      "Total Cost": 13685.15,
                      "Plan Rows": 575015,
                      "Plan Width": 4,
                      "Actual Startup Time": 0.031,
                      "Actual Total Time": 36.195,
                      "Actual Rows": 460012,
                      "Actual Loops": 3
                    },
                    {
                      "Node Type": "Hash",
                      "Parent Relationship": "Inner",
                      "Parallel Aware": true,
                      "Startup Cost": 87235.56,
                      "Total Cost": 87235.56,
                      "Plan Rows": 84699,
                      "Plan Width": 8,
                      "Actual Startup Time": 386.601,
                      "Actual Total Time": 386.605,
                      "Actual Rows": 128166,
                      "Actual Loops": 3,
                      "Hash Buckets": 524288,
                      "Original Hash Buckets": 524288,
                      "Hash Batches": 1,
                      "Original Hash Batches": 1,
                      "Peak Memory Usage": 19200,
                      "Plans": [
                        {
                          "Node Type": "Hash Join",
                          "Parent Relationship": "Outer",
                          "Parallel Aware": true,
                          "Join Type": "Inner",
                          "Startup Cost": 44357.48,
                          "Total Cost": 87235.56,
                          "Plan Rows": 84699,
                          "Plan Width": 8,
                          "Actual Startup Time": 131.679,
                          "Actual Total Time": 363.262,
                          "Actual Rows": 128166,
                          "Actual Loops": 3,
                          "Inner Unique": true,
                          "Hash Cond": "(mk.movie_id = t.id)",
                          "Plans": [
                            {
                              "Node Type": "Seq Scan",
                              "Parent Relationship": "Outer",
                              "Parallel Aware": true,
                              "Relation Name": "movie_keyword",
                              "Alias": "mk",
                              "Startup Cost": 0.0,
                              "Total Cost": 39047.32,
                              "Plan Rows": 1459332,
                              "Plan Width": 4,
                              "Actual Startup Time": 0.024,
                              "Actual Total Time": 109.879,
                              "Actual Rows": 1507977,
                              "Actual Loops": 3
                            },
                            {
                              "Node Type": "Hash",
                              "Parent Relationship": "Inner",
                              "Parallel Aware": true,
                              "Startup Cost": 43898.92,
                              "Total Cost": 43898.92,
                              "Plan Rows": 36685,
                              "Plan Width": 4,
                              "Actual Startup Time": 125.342,
                              "Actual Total Time": 125.343,
                              "Actual Rows": 49240,
                              "Actual Loops": 3,
                              "Hash Buckets": 262144,
                              "Original Hash Buckets": 262144,
                              "Hash Batches": 1,
                              "Original Hash Batches": 1,
                              "Peak Memory Usage": 7872,
                              "Plans": [
                                {
                                  "Node Type": "Seq Scan",
                                  "Parent Relationship": "Outer",
                                  "Parallel Aware": true,
                                  "Relation Name": "title",
                                  "Alias": "t",
                                  "Startup Cost": 0.0,
                                  "Total Cost": 43898.92,
                                  "Plan Rows": 36685,
                                  "Plan Width": 4,
                                  "Actual Startup Time": 8.989,
                                  "Actual Total Time": 109.023,
                                  "Actual Rows": 49240,
                                  "Actual Loops": 3,
                                  "Filter": "(production_year < 1943)",
                                  "Rows Removed by Filter": 793531
                                }
                              ]
                            }
                          ]
                        }
                      ]
                    }
                  ]
                }
              ]
            }
          ]
        }
      ]
    },
    "Planning Time": 1.27,
    "Triggers": [],
    "Execution Time": 528.819
  }
]