[
  {
    "Plan": {
      "Node Type": "Aggregate",
      "Strategy": "Plain",
      "Partial Mode": "Finalize",
      "Parallel Aware": false,
      "Startup Cost": 436756.69,
      "Total Cost": 436756.7,
      "Plan Rows": 1,
      "Plan Width": 8,
      "Actual Startup Time": 2465.479,
      "Actual Total Time": 2520.759,
      "Actual Rows": 1,
      "Actual Loops": 1,
      "Plans": [
        {
          "Node Type": "Gather",
          "Parent Relationship": "Outer",
          "Parallel Aware": false,
          "Startup Cost": 436756.06,
          "Total Cost": 436756.67,
          "Plan Rows": 6,
          "Plan Width": 8,
          "Actual Startup Time": 2452.612,
          "Actual Total Time": 2520.747,
          "Actual Rows": 7,
          "Actual Loops": 1,
          "Workers Planned": 6,
          "Workers Launched": 6,
          "Single Copy": false,
          "Plans": [
            {
              "Node Type": "Aggregate",
              "Strategy": "Plain",
              "Partial Mode": "Partial",
              "Parent Relationship": "Outer",
              "Parallel Aware": false,
              "Startup Cost": 435756.06,
              "Total Cost": 435756.07,
              "Plan Rows": 1,
              "Plan Width": 8,
              "Actual Startup Time": 2441.836,
              "Actual Total Time": 2442.32,
              "Actual Rows": 1,
              "Actual Loops": 7,
              "Plans": [
                {
                  "Node Type": "Hash Join",
                  "Parent Relationship": "Outer",
                  "Parallel Aware": true,
                  "Join Type": "Inner",
                  "Startup Cost": 83438.0,
                  "Total Cost": 428528.15,
                  "Plan Rows": 2891164,
                  "Plan Width": 0,
                  "Actual Startup Time": 393.181,
                  "Actual Total Time": 2292.752,
                  "Actual Rows": 3248910,
                  "Actual Loops": 7,
                  "Inner Unique": false,
                  "Hash Cond": "(ci.movie_id = t.id)",
                  "Plans": [
                    {
                      "Node Type": "Seq Scan",
                      "Parent Relationship": "Outer",
                      "Parallel Aware": true,
                      "Relation Name": "cast_info",
                      "Alias": "ci",
                      "Startup Cost": 0.0,
                      "Total Cost": 313106.51,
                      "Plan Rows": 6041951,
                      "Plan Width": 4,
                      "Actual Startup Time": 0.067,
                      "Actual Total Time": 553.779,
                      "Actual Rows": 5177763,
                      "Actual Loops": 7
                    },
                    {
                      "Node Type": "Hash",
                      "Parent Relationship": "Inner",
                      "Parallel Aware": true,
                      "Startup Cost": 78559.43,
                      "Total Cost": 78559.43,
                      "Plan Rows": 390286,
                      "Plan Width": 8,
                      "Actual Startup Time": 389.628,
                      "Actual Total Time": 390.11,
                      "Actual Rows": 111665,
                      "Actual Loops": 7,
                      "Hash Buckets": 2097152,
                      "Original Hash Buckets": 2097152,
                      "Hash Batches": 1,
                      "Original Hash Batches": 1,
                      "Peak Memory Usage": 47072,
                      "Plans": [
                        {
                          "Node Type": "Hash Join",
                          "Parent Relationship": "Outer",
                          "Parallel Aware": true,
                          "Join Type": "Inner",
                          "Startup Cost": 49143.54,
                          "Total Cost": 78559.43,
                          "Plan Rows": 390286,
                          "Plan Width": 8,
                          "Actual Startup Time": 186.747,
                          "Actual Total Time": 334.821,
                          "Actual Rows": 111665,
                          "Actual Loops": 7,
                          "Inner Unique": true,
                          "Hash Cond": "(mc.movie_id = t.id)",
                          "Plans": [
                            {
                              "Node Type": "Seq Scan",
                              "Parent Relationship": "Outer",
                              "Parallel Aware": true,
                              "Relation Name": "movie_companies",
                              "Alias": "mc",
                              "Startup Cost": 0.0,
                              "Total Cost": 27206.55,
                              "Plan Rows": 841655,
                              "Plan Width": 4,
                              "Actual Startup Time": 0.018,
                              "Actual Total Time": 42.665,
                              "Actual Rows": 372733,
                              "Actual Loops": 7
                            },
                            {
                              "Node Type": "Hash",
                              "Parent Relationship": "Inner",
                              "Parallel Aware": true,
                              "Startup Cost": 45479.59,
                              "Total Cost": 45479.59,
                              "Plan Rows": 293116,
                              "Plan Width": 4,
                              "Actual Startup Time": 184.688,
                              "Actual Total Time": 184.69,
                              "Actual Rows": 181047,
                              "Actual Loops": 7,
                              "Hash Buckets": 2097152,
                              "Original Hash Buckets": 2097152,
                              "Hash Batches": 1,
                              "Original Hash Batches": 1,
                              "Peak Memory Usage": 66112,
                              "Plans": [
                                {
                                  "Node Type": "Seq Scan",
                                  "Parent Relationship": "Outer",
                                  "Parallel Aware": true,
                                  "Relation Name": "title",
                                  "Alias": "t",
                                  "Startup Cost": 0.0,
                                  "Total Cost": 45479.59,
                                  "Plan Rows": 293116,
                                  "Plan Width": 4,
                                  "Actual Startup Time": 0.062,
                                  "Actual Total Time": 86.049,
                                  "Actual Rows": 181047,
                                  "Actual Loops": 7,
                                  "Filter": "((kind_id > 1) AND (production_year > 1996))",
                                  "Rows Removed by Filter": 180140
                                }
                              ]
                            }
                          ]
                        }
                      ]
                    }
                  ]
                }
              ]
            }
          ]
        }
      ]
    },
    "Planning Time": 0.651,
    "Triggers": [],
    "Execution Time": 2520.812
  }
]