[
  {
    "Plan": {
      "Node Type": "Aggregate",
      "Strategy": "Plain",
      "Partial Mode": "Finalize",
      "Parallel Aware": false,
      "Startup Cost": 33324.11,
      "Total Cost": 33324.12,
      "Plan Rows": 1,
      "Plan Width": 8,
      "Actual Startup Time": 104.844,
      "Actual Total Time": 111.453,
      "Actual Rows": 1,
      "Actual Loops": 1,
      "Plans": [
        {
          "Node Type": "Gather",
          "Parent Relationship": "Outer",
          "Parallel Aware": false,
          "Startup Cost": 33323.8,
          "Total Cost": 33324.11,
          "Plan Rows": 3,
          "Plan Width": 8,
          "Actual Startup Time": 104.741,
          "Actual Total Time": 111.445,
          "Actual Rows": 4,
          "Actual Loops": 1,
          "Workers Planned": 3,
          "Workers Launched": 3,
          "Single Copy": false,
          "Plans": [
            {
              "Node Type": "Aggregate",
              "Strategy": "Plain",
              "Partial Mode": "Partial",
              "Parent Relationship": "Outer",
              "Parallel Aware": false,
              "Startup Cost": 32323.8,
              "Total Cost": 32323.81,
              "Plan Rows": 1,
              "Plan Width": 8,
              "Actual Startup Time": 96.315,
              "Actual Total Time": 96.315,
              "Actual Rows": 1,
              "Actual Loops": 4,
              "Plans": [
                {
                  "Node Type": "Seq Scan",
                  "Parent Relationship": "Outer",
                  "Parallel Aware": true,
                  "Relation Name": "movie_companies",
                  "Alias": "mc",
                  "Startup Cost": 0.0,
                  "Total Cost": 31414.82,
                  "Plan Rows": 363591,
                  "Plan Width": 0,
                  "Actual Startup Time": 49.24,
                  "Actual Total Time": 86.236,
                  "Actual Rows": 234778,
                  "Actual Loops": 4,
                  "Filter": "((company_id < 82736) AND (company_type_id > 1))",
                  "Rows Removed by Filter": 417505
                }
              ]
            }
          ]
        }
      ]
    },
    "Planning Time": 0.187,
    "Triggers": [],
    "Execution Time": 111.505
  }
]