[
  {
    "Plan": {
      "Node Type": "Aggregate",
      "Strategy": "Plain",
      "Partial Mode": "Finalize",
      "Parallel Aware": false,
      "Startup Cost": 66318.42,
      "Total Cost": 66318.43,
      "Plan Rows": 1,
      "Plan Width": 8,
      "Actual Startup Time": 54.501,
      "Actual Total Time": 64.636,
      "Actual Rows": 1,
      "Actual Loops": 1,
      "Plans": [
        {
          "Node Type": "Gather",
          "Parent Relationship": "Outer",
          "Parallel Aware": false,
          "Startup Cost": 66318.1,
          "Total Cost": 66318.41,
          "Plan Rows": 3,
          "Plan Width": 8,
          "Actual Startup Time": 53.175,
          "Actual Total Time": 64.625,
          "Actual Rows": 4,
          "Actual Loops": 1,
          "Workers Planned": 3,
          "Workers Launched": 3,
          "Single Copy": false,
          "Plans": [
            {
              "Node Type": "Aggregate",
              "Strategy": "Plain",
              "Partial Mode": "Partial",
              "Parent Relationship": "Outer",
              "Parallel Aware": false,
              "Startup Cost": 65318.1,
              "Total Cost": 65318.11,
              "Plan Rows": 1,
              "Plan Width": 8,
              "Actual Startup Time": 46.799,
              "Actual Total Time": 46.801,
              "Actual Rows": 1,
              "Actual Loops": 4,
              "Plans": [
                {
                  "Node Type": "Nested Loop",
                  "Parent Relationship": "Outer",
                  "Parallel Aware": false,
                  "Join Type": "Inner",
                  "Startup Cost": 761.43,
                  "Total Cost": 65110.47,
                  "Plan Rows": 83052,
                  "Plan Width": 0,
                  "Actual Startup Time": 18.748,
                  "Actual Total Time": 46.263,
                  "Actual Rows": 3885,
                  "Actual Loops": 4,
                  "Inner Unique": false,
                  "Plans": [
                    {
                      "Node Type": "Nested Loop",
                      "Parent Relationship": "Outer",
                      "Parallel Aware": false,
                      "Join Type": "Inner",
                      "Startup Cost": 760.87,
                      "Total Cost": 52753.62,
                      "Plan Rows": 5793,
                      "Plan Width": 8,
                      "Actual Startup Time": 18.615,
                      "Actual Total Time": 21.935,
                      "Actual Rows": 155,
                      "Actual Loops": 4,
                      "Inner Unique": true,
                      "Plans": [
                        {
                          "Node Type": "Bitmap Heap Scan",
                          "Parent Relationship": "Outer",
                          "Parallel Aware": true,
                          "Relation Name": "movie_companies",
                          "Alias": "mc",
                          "Startup Cost": 760.44,
                          "Total Cost": 20011.98,
                          "Plan Rows": 5793,
                          "Plan Width": 4,
                          "Actual Startup Time": 18.494,
                          "Actual Total Time": 19.289,
                          "Actual Rows": 155,
                          "Actual Loops": 4,
                          "Recheck Cond": "(company_id = 160)",
                          "Rows Removed by Index Recheck": 0,
                          "Filter": "(company_type_id > 1)",
                          "Rows Removed by Filter": 8879,
                          "Exact Heap Blocks": 2509,
                          "Lossy Heap Blocks": 0,
                          "Plans": [
                            {
                              "Node Type": "Bitmap Index Scan",
                              "Parent Relationship": "Outer",
                              "Parallel Aware": false,
                              "Index Name": "company_id_movie_companies",
                              "Startup Cost": 0.0,
                              "Total Cost": 755.95,
                              "Plan Rows": 35136,
                              "Plan Width": 0,
                              "Actual Startup Time": 8.379,
                              "Actual Total Time": 8.38,
                              "Actual Rows": 36136,
                              "Actual Loops": 1,
                              "Index Cond": "(company_id = 160)"
                            }
                          ]
                        },
                        {
                          "Node Type": "Index Only Scan",
                          "Parent Relationship": "Inner",
                          "Parallel Aware": false,
                          "Scan Direction": "Forward",
                          "Index Name": "title_pkey",
                          "Relation Name": "title",
                          "Alias": "t",
                          "Startup Cost": 0.43,
                          "Total Cost": 5.65,
                          "Plan Rows": 1,
                          "Plan Width": 4,
                          "Actual Startup Time": 0.016,
                          "Actual Total Time": 0.016,
                          "Actual Rows": 1,
                          "Actual Loops": 619,
                          "Index Cond": "(id = mc.movie_id)",
                          "Rows Removed by Index Recheck": 0,
                          "Heap Fetches": 619
                        }
                      ]
                    },
                    {
                      "Node Type": "Index Only Scan",
                      "Parent Relationship": "Inner",
                      "Parallel Aware": false,
                      "Scan Direction": "Forward",
                      "Index Name": "movie_id_cast_info",
                      "Relation Name": "cast_info",
                      "Alias": "ci",
                      "Startup Cost": 0.56,
                      "Total Cost": 1.78,
                      "Plan Rows": 35,
                      "Plan Width": 4,
                      "Actual Startup Time": 0.02,
                      "Actual Total Time": 0.153,
                      "Actual Rows": 25,
                      "Actual Loops": 619,
                      "Index Cond": "(movie_id = t.id)",
                      "Rows Removed by Index Recheck": 0,
                      "Heap Fetches": 15541
                    }
                  ]
                }
              ]
            }
          ]
        }
      ]
    },
    "Planning Time": 1.613,
    "Triggers": [],
    "Execution Time": 64.739
  }
]