[
  {
    "Plan": {
      "Node Type": "Aggregate",
      "Strategy": "Plain",
      "Partial Mode": "Finalize",
      "Parallel Aware": false,
      "Startup Cost": 45985.04,
      "Total Cost": 45985.05,
      "Plan Rows": 1,
      "Plan Width": 8,
      "Actual Startup Time": 160.214,
      "Actual Total Time": 169.713,
      "Actual Rows": 1,
      "Actual Loops": 1,
      "Plans": [
        {
          "Node Type": "Gather",
          "Parent Relationship": "Outer",
          "Parallel Aware": false,
          "Startup Cost": 45984.72,
          "Total Cost": 45985.03,
          "Plan Rows": 3,
          "Plan Width": 8,
          "Actual Startup Time": 160.109,
          "Actual Total Time": 169.705,
          "Actual Rows": 4,
          "Actual Loops": 1,
          "Workers Planned": 3,
          "Workers Launched": 3,
          "Single Copy": false,
          "Plans": [
            {
              "Node Type": "Aggregate",
              "Strategy": "Plain",
              "Partial Mode": "Partial",
              "Parent Relationship": "Outer",
              "Parallel Aware": false,
              "Startup Cost": 44984.72,
              "Total Cost": 44984.73,
              "Plan Rows": 1,
              "Plan Width": 8,
              "Actual Startup Time": 151.584,
              "Actual Total Time": 151.585,
              "Actual Rows": 1,
              "Actual Loops": 4,
              "Plans": [
                {
                  "Node Type": "Seq Scan",
                  "Parent Relationship": "Outer",
                  "Parallel Aware": true,
                  "Relation Name": "movie_keyword",
                  "Alias": "mk",
                  "Startup Cost": 0.0,
                  "Total Cost": 42695.65,
                  "Plan Rows": 915626,
                  "Plan Width": 0,
                  "Actual Startup Time": 0.06,
                  "Actual Total Time": 119.935,
                  "Actual Rows": 708100,
                  "Actual Loops": 4,
                  "Filter": "(keyword_id < 8550)",
                  "Rows Removed by Filter": 422882
                }
              ]
            }
          ]
        }
      ]
    },
    "Planning Time": 0.164,
    "Triggers": [],
    "Execution Time": 169.766
  }
]