[
  {
    "Plan": {
      "Node Type": "Aggregate",
      "Strategy": "Plain",
      "Partial Mode": "Finalize",
      "Parallel Aware": false,
      "Startup Cost": 221681.19,
      "Total Cost": 221681.2,
      "Plan Rows": 1,
      "Plan Width": 8,
      "Actual Startup Time": 157.816,
      "Actual Total Time": 169.578,
      "Actual Rows": 1,
      "Actual Loops": 1,
      "Plans": [
        {
          "Node Type": "Gather",
          "Parent Relationship": "Outer",
          "Parallel Aware": false,
          "Startup Cost": 221680.67,
          "Total Cost": 221681.18,
          "Plan Rows": 5,
          "Plan Width": 8,
          "Actual Startup Time": 156.956,
          "Actual Total Time": 169.571,
          "Actual Rows": 6,
          "Actual Loops": 1,
          "Workers Planned": 5,
          "Workers Launched": 5,
          "Single Copy": false,
          "Plans": [
            {
              "Node Type": "Aggregate",
              "Strategy": "Plain",
              "Partial Mode": "Partial",
              "Parent Relationship": "Outer",
              "Parallel Aware": false,
              "Startup Cost": 220680.67,
              "Total Cost": 220680.68,
              "Plan Rows": 1,
              "Plan Width": 8,
              "Actual Startup Time": 148.423,
              "Actual Total Time": 148.427,
              "Actual Rows": 1,
              "Actual Loops": 6,
              "Plans": [
                {
                  "Node Type": "Hash Join",
                  "Parent Relationship": "Outer",
                  "Parallel Aware": true,
                  "Join Type": "Inner",
                  "Startup Cost": 56808.33,
                  "Total Cost": 220675.55,
                  "Plan Rows": 2048,
                  "Plan Width": 0,
                  "Actual Startup Time": 126.702,
                  "Actual Total Time": 148.2,
                  "Actual Rows": 3375,
                  "Actual Loops": 6,
                  "Inner Unique": true,
                  "Hash Cond": "(mi.movie_id = t.id)",
                  "Plans": [
                    {
                      "Node Type": "Bitmap Heap Scan",
                      "Parent Relationship": "Outer",
                      "Parallel Aware": true,
                      "Relation Name": "movie_info",
                      "Alias": "mi",
                      "Startup Cost": 11198.16,
                      "Total Cost": 174740.1,
                      "Plan Rows": 123915,
                      "Plan Width": 4,
                      "Actual Startup Time": 23.936,
                      "Actual Total Time": 47.563,
                      "Actual Rows": 110154,
                      "Actual Loops": 6,
                      "Recheck Cond": "(info_type_id = 18)",
                      "Rows Removed by Index Recheck": 0,
                      "Exact Heap Blocks": 1767,
                      "Lossy Heap Blocks": 0,
                      "Plans": [
                        {
                          "Node Type": "Bitmap Index Scan",
                          "Parent Relationship": "Outer",
                          "Parallel Aware": false,
                          "Index Name": "info_type_id_movie_info",
                          "Startup Cost": 0.0,
                          "Total Cost": 11043.26,
                          "Plan Rows": 619577,
                          "Plan Width": 0,
                          "Actual Startup Time": 22.988,
                          "Actual Total Time": 22.989,
                          "Actual Rows": 660923,
                          "Actual Loops": 1,
                          "Index Cond": "(info_type_id = 18)"
                        }
                      ]
                    },
                    {
                      "Node Type": "Hash",
                      "Parent Relationship": "Inner",
                      "Parallel Aware": true,
                      "Startup Cost": 45479.59,
                      "Total Cost": 45479.59,
                      "Plan Rows": 10447,
                      "Plan Width": 4,
                      "Actual Startup Time": 85.155,
                      "Actual Total Time": 85.156,
                      "Actual Rows": 6593,
                      "Actual Loops": 6,
                      "Hash Buckets": 65536,
                      "Original Hash Buckets": 65536,
                      "Hash Batches": 1,
                      "Original Hash Batches": 1,
                      "Peak Memory Usage": 2144,
                      "Plans": [
                        {
                          "Node Type": "Seq Scan",
                          "Parent Relationship": "Outer",
                          "Parallel Aware": true,
                          "Relation Name": "title",
                          "Alias": "t",
                          "Startup Cost": 0.0,
                          "Total Cost": 45479.59,
                          "Plan Rows": 10447,
                          "Plan Width": 4,
                          "Actual Startup Time": 42.66,
                          "Actual Total Time": 82.056,
                          "Actual Rows": 6593,
                          "Actual Loops": 6,
                          "Filter": "((kind_id < 2) AND (production_year = 2012))",
                          "Rows Removed by Filter": 414792
                        }
                      ]
                    }
                  ]
                }
              ]
            }
          ]
        }
      ]
    },
    "Planning Time": 0.29,
    "Triggers": [],
    "Execution Time": 169.623
  }
]