[
  {
    "Plan": {
      "Node Type": "Aggregate",
      "Strategy": "Plain",
      "Partial Mode": "Finalize",
      "Parallel Aware": false,
      "Startup Cost": 34433.47,
      "Total Cost": 34433.48,
      "Plan Rows": 1,
      "Plan Width": 8,
      "Actual Startup Time": 87.784,
      "Actual Total Time": 95.031,
      "Actual Rows": 1,
      "Actual Loops": 1,
      "Plans": [
        {
          "Node Type": "Gather",
          "Parent Relationship": "Outer",
          "Parallel Aware": false,
          "Startup Cost": 34433.16,
          "Total Cost": 34433.47,
          "Plan Rows": 3,
          "Plan Width": 8,
          "Actual Startup Time": 87.487,
          "Actual Total Time": 95.024,
          "Actual Rows": 4,
          "Actual Loops": 1,
          "Workers Planned": 3,
          "Workers Launched": 3,
          "Single Copy": false,
          "Plans": [
            {
              "Node Type": "Aggregate",
              "Strategy": "Plain",
              "Partial Mode": "Partial",
              "Parent Relationship": "Outer",
              "Parallel Aware": false,
              "Startup Cost": 33433.16,
              "Total Cost": 33433.17,
              "Plan Rows": 1,
              "Plan Width": 8,
              "Actual Startup Time": 82.204,
              "Actual Total Time": 82.206,
              "Actual Rows": 1,
              "Actual Loops": 4,
              "Plans": [
                {
                  "Node Type": "Bitmap Heap Scan",
                  "Parent Relationship": "Outer",
                  "Parallel Aware": true,
                  "Relation Name": "movie_keyword",
                  "Alias": "mk",
                  "Startup Cost": 7311.49,
                  "Total Cost": 33155.21,
                  "Plan Rows": 111178,
                  "Plan Width": 0,
                  "Actual Startup Time": 19.57,
                  "Actual Total Time": 77.146,
                  "Actual Rows": 86130,
                  "Actual Loops": 4,
                  "Recheck Cond": "(keyword_id > 48289)",
                  "Rows Removed by Index Recheck": 0,
                  "Exact Heap Blocks": 10441,
                  "Lossy Heap Blocks": 0,
                  "Plans": [
                    {
                      "Node Type": "Bitmap Index Scan",
                      "Parent Relationship": "Outer",
                      "Parallel Aware": false,
                      "Index Name": "keyword_id_movie_keyword",
                      "Startup Cost": 0.0,
                      "Total Cost": 7225.32,
                      "Plan Rows": 344652,
                      "Plan Width": 0,
                      "Actual Startup Time": 21.279,
                      "Actual Total Time": 21.279,
                      "Actual Rows": 344519,
                      "Actual Loops": 1,
                      "Index Cond": "(keyword_id > 48289)"
                    }
                  ]
                }
              ]
            }
          ]
        }
      ]
    },
    "Planning Time": 0.088,
    "Triggers": [],
    "Execution Time": 95.068
  }
]