[
  {
    "Plan": {
      "Node Type": "Aggregate",
      "Strategy": "Plain",
      "Partial Mode": "Finalize",
      "Parallel Aware": false,
      "Startup Cost": 34688.8,
      "Total Cost": 34688.81,
      "Plan Rows": 1,
      "Plan Width": 8,
      "Actual Startup Time": 110.378,
      "Actual Total Time": 118.086,
      "Actual Rows": 1,
      "Actual Loops": 1,
      "Plans": [
        {
          "Node Type": "Gather",
          "Parent Relationship": "Outer",
          "Parallel Aware": false,
          "Startup Cost": 34688.49,
          "Total Cost": 34688.8,
          "Plan Rows": 3,
          "Plan Width": 8,
          "Actual Startup Time": 110.167,
          "Actual Total Time": 118.078,
          "Actual Rows": 4,
          "Actual Loops": 1,
          "Workers Planned": 3,
          "Workers Launched": 3,
          "Single Copy": false,
          "Plans": [
            {
              "Node Type": "Aggregate",
              "Strategy": "Plain",
              "Partial Mode": "Partial",
              "Parent Relationship": "Outer",
              "Parallel Aware": false,
              "Startup Cost": 33688.49,
              "Total Cost": 33688.5,
              "Plan Rows": 1,
              "Plan Width": 8,
              "Actual Startup Time": 101.489,
              "Actual Total Time": 101.49,
              "Actual Rows": 1,
              "Actual Loops": 4,
              "Plans": [
                {
                  "Node Type": "Bitmap Heap Scan",
                  "Parent Relationship": "Outer",
                  "Parallel Aware": true,
                  "Relation Name": "movie_keyword",
                  "Alias": "mk",
                  "Startup Cost": 7519.41,
                  "Total Cost": 33402.64,
                  "Plan Rows": 114338,
                  "Plan Width": 0,
                  "Actual Startup Time": 35.675,
                  "Actual Total Time": 96.332,
                  "Actual Rows": 86130,
                  "Actual Loops": 4,
                  "Recheck Cond": "(keyword_id > 48289)",
                  "Rows Removed by Index Recheck": 0,
                  "Exact Heap Blocks": 11103,
                  "Lossy Heap Blocks": 0,
                  "Plans": [
                    {
                      "Node Type": "Bitmap Index Scan",
                      "Parent Relationship": "Outer",
                      "Parallel Aware": false,
                      "Index Name": "keyword_id_movie_keyword",
                      "Startup Cost": 0.0,
                      "Total Cost": 7430.8,
                      "Plan Rows": 354449,
                      "Plan Width": 0,
                      "Actual Startup Time": 40.169,
                      "Actual Total Time": 40.169,
                      "Actual Rows": 344519,
                      "Actual Loops": 1,
                      "Index Cond": "(keyword_id > 48289)"
                    }
                  ]
                }
              ]
            }
          ]
        }
      ]
    },
    "Planning Time": 0.18,
    "Triggers": [],
    "Execution Time": 118.164
  }
]