[
  {
    "Plan": {
      "Node Type": "Aggregate",
      "Strategy": "Plain",
      "Partial Mode": "Finalize",
      "Parallel Aware": false,
      "Startup Cost": 349429.02,
      "Total Cost": 349429.03,
      "Plan Rows": 1,
      "Plan Width": 8,
      "Actual Startup Time": 688.692,
      "Actual Total Time": 750.808,
      "Actual Rows": 1,
      "Actual Loops": 1,
      "Plans": [
        {
          "Node Type": "Gather",
          "Parent Relationship": "Outer",
          "Parallel Aware": false,
          "Startup Cost": 349428.4,
          "Total Cost": 349429.01,
          "Plan Rows": 6,
          "Plan Width": 8,
          "Actual Startup Time": 688.478,
          "Actual Total Time": 750.798,
          "Actual Rows": 7,
          "Actual Loops": 1,
          "Workers Planned": 6,
          "Workers Launched": 6,
          "Single Copy": false,
          "Plans": [
            {
              "Node Type": "Aggregate",
              "Strategy": "Plain",
              "Partial Mode": "Partial",
              "Parent Relationship": "Outer",
              "Parallel Aware": false,
              "Startup Cost": 348428.4,
              "Total Cost": 348428.41,
              "Plan Rows": 1,
              "Plan Width": 8,
              "Actual Startup Time": 680.05,
              "Actual Total Time": 680.052,
              "Actual Rows": 1,
              "Actual Loops": 7,
              "Plans": [
                {
                  "Node Type": "Seq Scan",
                  "Parent Relationship": "Outer",
                  "Parallel Aware": true,
                  "Relation Name": "cast_info",
                  "Alias": "ci",
                  "Startup Cost": 0.0,
                  "Total Cost": 343316.27,
                  "Plan Rows": 2044850,
                  "Plan Width": 0,
                  "Actual Startup Time": 342.014,
                  "Actual Total Time": 632.311,
                  "Actual Rows": 1098988,
                  "Actual Loops": 7,
                  "Filter": "((person_id < 2842416) AND (role_id > 2))",
                  "Rows Removed by Filter": 4078775
                }
              ]
            }
          ]
        }
      ]
    },
    "Planning Time": 0.082,
    "Triggers": [],
    "Execution Time": 750.848
  }
]