[
    {
        "Bao": {
            "Bao prediction": "NaN",
            "Bao recommended hint": "(no hint)"
        }
    },
    {
        "Plan": {
            "Node Type": "Aggregate",
            "Strategy": "Plain",
            "Partial Mode": "Finalize",
            "Parallel Aware": false,
            "Startup Cost": 248546.89,
            "Total Cost": 248546.9,
            "Plan Rows": 1,
            "Plan Width": 8,
            "Actual Startup Time": 588.888,
            "Actual Total Time": 615.177,
            "Actual Rows": 1,
            "Actual Loops": 1,
            "Output": [
                "count(*)"
            ],
            "Plans": [
                {
                    "Node Type": "Gather",
                    "Parent Relationship": "Outer",
                    "Parallel Aware": false,
                    "Startup Cost": 248546.36,
                    "Total Cost": 248546.87,
                    "Plan Rows": 5,
                    "Plan Width": 8,
                    "Actual Startup Time": 588.023,
                    "Actual Total Time": 615.168,
                    "Actual Rows": 6,
                    "Actual Loops": 1,
                    "Output": [
                        "(PARTIAL count(*))"
                    ],
                    "Workers Planned": 5,
                    "Workers Launched": 5,
                    "Single Copy": false,
                    "Plans": [
                        {
                            "Node Type": "Aggregate",
                            "Strategy": "Plain",
                            "Partial Mode": "Partial",
                            "Parent Relationship": "Outer",
                            "Parallel Aware": false,
                            "Startup Cost": 247546.36,
                            "Total Cost": 247546.37,
                            "Plan Rows": 1,
                            "Plan Width": 8,
                            "Actual Startup Time": 577.459,
                            "Actual Total Time": 577.462,
                            "Actual Rows": 1,
                            "Actual Loops": 6,
                            "Output": [
                                "PARTIAL count(*)"
                            ],
                            "Workers": [
                                {
                                    "Worker Number": 0,
                                    "Actual Startup Time": 574.953,
                                    "Actual Total Time": 574.957,
                                    "Actual Rows": 1,
                                    "Actual Loops": 1
                                },
                                {
                                    "Worker Number": 1,
                                    "Actual Startup Time": 575.152,
                                    "Actual Total Time": 575.154,
                                    "Actual Rows": 1,
                                    "Actual Loops": 1
                                },
                                {
                                    "Worker Number": 2,
                                    "Actual Startup Time": 575.291,
                                    "Actual Total Time": 575.294,
                                    "Actual Rows": 1,
                                    "Actual Loops": 1
                                },
                                {
                                    "Worker Number": 3,
                                    "Actual Startup Time": 575.574,
                                    "Actual Total Time": 575.578,
                                    "Actual Rows": 1,
                                    "Actual Loops": 1
                                },
                                {
                                    "Worker Number": 4,
                                    "Actual Startup Time": 576.152,
                                    "Actual Total Time": 576.156,
                                    "Actual Rows": 1,
                                    "Actual Loops": 1
                                }
                            ],
                            "Plans": [
                                {
                                    "Node Type": "Hash Join",
                                    "Parent Relationship": "Outer",
                                    "Parallel Aware": true,
                                    "Join Type": "Inner",
                                    "Startup Cost": 45982.23,
                                    "Total Cost": 247392.96,
                                    "Plan Rows": 61361,
                                    "Plan Width": 0,
                                    "Actual Startup Time": 92.22,
                                    "Actual Total Time": 576.366,
                                    "Actual Rows": 16716,
                                    "Actual Loops": 6,
                                    "Inner Unique": true,
                                    "Hash Cond": "(mi.movie_id = t.id)",
                                    "Workers": [
                                        {
                                            "Worker Number": 0,
                                            "Actual Startup Time": 89.683,
                                            "Actual Total Time": 573.817,
                                            "Actual Rows": 15469,
                                            "Actual Loops": 1
                                        },
                                        {
                                            "Worker Number": 1,
                                            "Actual Startup Time": 89.728,
                                            "Actual Total Time": 574.009,
                                            "Actual Rows": 15352,
                                            "Actual Loops": 1
                                        },
                                        {
                                            "Worker Number": 2,
                                            "Actual Startup Time": 90.041,
                                            "Actual Total Time": 574.264,
                                            "Actual Rows": 13895,
                                            "Actual Loops": 1
                                        },
                                        {
                                            "Worker Number": 3,
                                            "Actual Startup Time": 90.192,
                                            "Actual Total Time": 574.488,
                                            "Actual Rows": 14627,
                                            "Actual Loops": 1
                                        },
                                        {
                                            "Worker Number": 4,
                                            "Actual Startup Time": 91.243,
                                            "Actual Total Time": 575.141,
                                            "Actual Rows": 13668,
                                            "Actual Loops": 1
                                        }
                                    ],
                                    "Plans": [
                                        {
                                            "Node Type": "Seq Scan",
                                            "Parent Relationship": "Outer",
                                            "Parallel Aware": true,
                                            "Relation Name": "movie_info",
                                            "Schema": "public",
                                            "Alias": "mi",
                                            "Startup Cost": 0.0,
                                            "Total Cost": 198880.74,
                                            "Plan Rows": 963806,
                                            "Plan Width": 4,
                                            "Actual Startup Time": 0.033,
                                            "Actual Total Time": 383.365,
                                            "Actual Rows": 820661,
                                            "Actual Loops": 6,
                                            "Output": [
                                                "mi.id",
                                                "mi.movie_id",
                                                "mi.info_type_id",
                                                "mi.info",
                                                "mi.note"
                                            ],
                                            "Filter": "(mi.info_type_id < 5)",
                                            "Rows Removed by Filter": 1651959,
                                            "Workers": [
                                                {
                                                    "Worker Number": 0,
                                                    "Actual Startup Time": 0.038,
                                                    "Actual Total Time": 384.04,
                                                    "Actual Rows": 726518,
                                                    "Actual Loops": 1
                                                },
                                                {
                                                    "Worker Number": 1,
                                                    "Actual Startup Time": 0.036,
                                                    "Actual Total Time": 383.05,
                                                    "Actual Rows": 720117,
                                                    "Actual Loops": 1
                                                },
                                                {
                                                    "Worker Number": 2,
                                                    "Actual Startup Time": 0.041,
                                                    "Actual Total Time": 384.7,
                                                    "Actual Rows": 709553,
                                                    "Actual Loops": 1
                                                },
                                                {
                                                    "Worker Number": 3,
                                                    "Actual Startup Time": 0.035,
                                                    "Actual Total Time": 383.851,
                                                    "Actual Rows": 723853,
                                                    "Actual Loops": 1
                                                },
                                                {
                                                    "Worker Number": 4,
                                                    "Actual Startup Time": 0.036,
                                                    "Actual Total Time": 384.007,
                                                    "Actual Rows": 706069,
                                                    "Actual Loops": 1
                                                }
                                            ]
                                        },
                                        {
                                            "Node Type": "Hash",
                                            "Parent Relationship": "Inner",
                                            "Parallel Aware": true,
                                            "Startup Cost": 45479.21,
                                            "Total Cost": 45479.21,
                                            "Plan Rows": 40242,
                                            "Plan Width": 4,
                                            "Actual Startup Time": 89.713,
                                            "Actual Total Time": 89.714,
                                            "Actual Rows": 10027,
                                            "Actual Loops": 6,
                                            "Output": [
                                                "t.id"
                                            ],
                                            "Hash Buckets": 262144,
                                            "Original Hash Buckets": 262144,
                                            "Hash Batches": 1,
                                            "Original Hash Batches": 1,
                                            "Peak Memory Usage": 4448,
                                            "Workers": [
                                                {
                                                    "Worker Number": 0,
                                                    "Actual Startup Time": 87.87,
                                                    "Actual Total Time": 87.871,
                                                    "Actual Rows": 7249,
                                                    "Actual Loops": 1
                                                },
                                                {
                                                    "Worker Number": 1,
                                                    "Actual Startup Time": 88.187,
                                                    "Actual Total Time": 88.188,
                                                    "Actual Rows": 7850,
                                                    "Actual Loops": 1
                                                },
                                                {
                                                    "Worker Number": 2,
                                                    "Actual Startup Time": 88.239,
                                                    "Actual Total Time": 88.239,
                                                    "Actual Rows": 7282,
                                                    "Actual Loops": 1
                                                },
                                                {
                                                    "Worker Number": 3,
                                                    "Actual Startup Time": 88.522,
                                                    "Actual Total Time": 88.524,
                                                    "Actual Rows": 7203,
                                                    "Actual Loops": 1
                                                },
                                                {
                                                    "Worker Number": 4,
                                                    "Actual Startup Time": 89.159,
                                                    "Actual Total Time": 89.16,
                                                    "Actual Rows": 7298,
                                                    "Actual Loops": 1
                                                }
                                            ],
                                            "Plans": [
                                                {
                                                    "Node Type": "Seq Scan",
                                                    "Parent Relationship": "Outer",
                                                    "Parallel Aware": true,
                                                    "Relation Name": "title",
                                                    "Schema": "public",
                                                    "Alias": "t",
                                                    "Startup Cost": 0.0,
                                                    "Total Cost": 45479.21,
                                                    "Plan Rows": 40242,
                                                    "Plan Width": 4,
                                                    "Actual Startup Time": 0.077,
                                                    "Actual Total Time": 83.661,
                                                    "Actual Rows": 10027,
                                                    "Actual Loops": 6,
                                                    "Output": [
                                                        "t.id"
                                                    ],
                                                    "Filter": "((t.production_year < 1962) AND (t.kind_id = 7))",
                                                    "Rows Removed by Filter": 411359,
                                                    "Workers": [
                                                        {
                                                            "Worker Number": 0,
                                                            "Actual Startup Time": 0.109,
                                                            "Actual Total Time": 82.109,
                                                            "Actual Rows": 7249,
                                                            "Actual Loops": 1
                                                        },
                                                        {
                                                            "Worker Number": 1,
                                                            "Actual Startup Time": 0.049,
                                                            "Actual Total Time": 82.785,
                                                            "Actual Rows": 7850,
                                                            "Actual Loops": 1
                                                        },
                                                        {
                                                            "Worker Number": 2,
                                                            "Actual Startup Time": 0.071,
                                                            "Actual Total Time": 82.102,
                                                            "Actual Rows": 7282,
                                                            "Actual Loops": 1
                                                        },
                                                        {
                                                            "Worker Number": 3,
                                                            "Actual Startup Time": 0.118,
                                                            "Actual Total Time": 82.821,
                                                            "Actual Rows": 7203,
                                                            "Actual Loops": 1
                                                        },
                                                        {
                                                            "Worker Number": 4,
                                                            "Actual Startup Time": 0.102,
                                                            "Actual Total Time": 83.08,
                                                            "Actual Rows": 7298,
                                                            "Actual Loops": 1
                                                        }
                                                    ]
                                                }
                                            ]
                                        }
                                    ]
                                }
                            ]
                        }
                    ]
                }
            ]
        },
        "Planning Time": 190.052,
        "Triggers": [],
        "Execution Time": 615.238
    }
]