[
  {
    "Plan": {
      "Node Type": "Aggregate",
      "Strategy": "Plain",
      "Partial Mode": "Finalize",
      "Parallel Aware": false,
      "Startup Cost": 45888.62,
      "Total Cost": 45888.63,
      "Plan Rows": 1,
      "Plan Width": 8,
      "Actual Startup Time": 149.401,
      "Actual Total Time": 158.449,
      "Actual Rows": 1,
      "Actual Loops": 1,
      "Plans": [
        {
          "Node Type": "Gather",
          "Parent Relationship": "Outer",
          "Parallel Aware": false,
          "Startup Cost": 45888.3,
          "Total Cost": 45888.61,
          "Plan Rows": 3,
          "Plan Width": 8,
          "Actual Startup Time": 149.304,
          "Actual Total Time": 158.441,
          "Actual Rows": 4,
          "Actual Loops": 1,
          "Workers Planned": 3,
          "Workers Launched": 3,
          "Single Copy": false,
          "Plans": [
            {
              "Node Type": "Aggregate",
              "Strategy": "Plain",
              "Partial Mode": "Partial",
              "Parent Relationship": "Outer",
              "Parallel Aware": false,
              "Startup Cost": 44888.3,
              "Total Cost": 44888.31,
              "Plan Rows": 1,
              "Plan Width": 8,
              "Actual Startup Time": 143.978,
              "Actual Total Time": 143.979,
              "Actual Rows": 1,
              "Actual Loops": 4,
              "Plans": [
                {
                  "Node Type": "Seq Scan",
                  "Parent Relationship": "Outer",
                  "Parallel Aware": true,
                  "Relation Name": "movie_keyword",
                  "Alias": "mk",
                  "Startup Cost": 0.0,
                  "Total Cost": 42695.65,
                  "Plan Rows": 877059,
                  "Plan Width": 0,
                  "Actual Startup Time": 0.039,
                  "Actual Total Time": 113.974,
                  "Actual Rows": 677589,
                  "Actual Loops": 4,
                  "Filter": "(keyword_id < 7663)",
                  "Rows Removed by Filter": 453393
                }
              ]
            }
          ]
        }
      ]
    },
    "Planning Time": 0.184,
    "Triggers": [],
    "Execution Time": 158.504
  }
]