[
  {
    "Plan": {
      "Node Type": "Aggregate",
      "Strategy": "Plain",
      "Partial Mode": "Finalize",
      "Parallel Aware": false,
      "Startup Cost": 47302.29,
      "Total Cost": 47302.3,
      "Plan Rows": 1,
      "Plan Width": 8,
      "Actual Startup Time": 168.413,
      "Actual Total Time": 178.559,
      "Actual Rows": 1,
      "Actual Loops": 1,
      "Plans": [
        {
          "Node Type": "Gather",
          "Parent Relationship": "Outer",
          "Parallel Aware": false,
          "Startup Cost": 47301.97,
          "Total Cost": 47302.28,
          "Plan Rows": 3,
          "Plan Width": 8,
          "Actual Startup Time": 168.258,
          "Actual Total Time": 178.547,
          "Actual Rows": 4,
          "Actual Loops": 1,
          "Workers Planned": 3,
          "Workers Launched": 3,
          "Single Copy": false,
          "Plans": [
            {
              "Node Type": "Aggregate",
              "Strategy": "Plain",
              "Partial Mode": "Partial",
              "Parent Relationship": "Outer",
              "Parallel Aware": false,
              "Startup Cost": 46301.97,
              "Total Cost": 46301.98,
              "Plan Rows": 1,
              "Plan Width": 8,
              "Actual Startup Time": 164.211,
              "Actual Total Time": 164.212,
              "Actual Rows": 1,
              "Actual Loops": 4,
              "Plans": [
                {
                  "Node Type": "Seq Scan",
                  "Parent Relationship": "Outer",
                  "Parallel Aware": true,
                  "Relation Name": "movie_keyword",
                  "Alias": "mk",
                  "Startup Cost": 0.0,
                  "Total Cost": 42695.65,
                  "Plan Rows": 1442527,
                  "Plan Width": 0,
                  "Actual Startup Time": 0.032,
                  "Actual Total Time": 116.48,
                  "Actual Rows": 1118006,
                  "Actual Loops": 4,
                  "Filter": "(keyword_id < 98685)",
                  "Rows Removed by Filter": 12976
                }
              ]
            }
          ]
        }
      ]
    },
    "Planning Time": 0.269,
    "Triggers": [],
    "Execution Time": 178.621
  }
]