[
  {
    "Plan": {
      "Node Type": "Aggregate",
      "Strategy": "Plain",
      "Partial Mode": "Finalize",
      "Parallel Aware": false,
      "Startup Cost": 382614.07,
      "Total Cost": 382614.08,
      "Plan Rows": 1,
      "Plan Width": 8,
      "Actual Startup Time": 699.246,
      "Actual Total Time": 720.832,
      "Actual Rows": 1,
      "Actual Loops": 1,
      "Plans": [
        {
          "Node Type": "Gather",
          "Parent Relationship": "Outer",
          "Parallel Aware": false,
          "Startup Cost": 382613.44,
          "Total Cost": 382614.05,
          "Plan Rows": 6,
          "Plan Width": 8,
          "Actual Startup Time": 689.745,
          "Actual Total Time": 720.807,
          "Actual Rows": 7,
          "Actual Loops": 1,
          "Workers Planned": 6,
          "Workers Launched": 6,
          "Single Copy": false,
          "Plans": [
            {
              "Node Type": "Aggregate",
              "Strategy": "Plain",
              "Partial Mode": "Partial",
              "Parent Relationship": "Outer",
              "Parallel Aware": false,
              "Startup Cost": 381613.44,
              "Total Cost": 381613.45,
              "Plan Rows": 1,
              "Plan Width": 8,
              "Actual Startup Time": 669.228,
              "Actual Total Time": 669.234,
              "Actual Rows": 1,
              "Actual Loops": 7,
              "Plans": [
                {
                  "Node Type": "Hash Join",
                  "Parent Relationship": "Outer",
                  "Parallel Aware": true,
                  "Join Type": "Inner",
                  "Startup Cost": 120128.68,
                  "Total Cost": 381210.69,
                  "Plan Rows": 161103,
                  "Plan Width": 0,
                  "Actual Startup Time": 390.753,
                  "Actual Total Time": 654.816,
                  "Actual Rows": 297960,
                  "Actual Loops": 7,
                  "Inner Unique": true,
                  "Hash Cond": "(ci.movie_id = t.id)",
                  "Plans": [
                    {
                      "Node Type": "Bitmap Heap Scan",
                      "Parent Relationship": "Outer",
                      "Parallel Aware": true,
                      "Relation Name": "cast_info",
                      "Alias": "ci",
                      "Startup Cost": 69339.74,
                      "Total Cost": 329936.75,
                      "Plan Rows": 184760,
                      "Plan Width": 4,
                      "Actual Startup Time": 135.86,
                      "Actual Total Time": 242.748,
                      "Actual Rows": 336363,
                      "Actual Loops": 7,
                      "Recheck Cond": "(person_id < 315735)",
                      "Rows Removed by Index Recheck": 0,
                      "Filter": "(role_id = 1)",
                      "Rows Removed by Filter": 131091,
                      "Exact Heap Blocks": 6855,
                      "Lossy Heap Blocks": 0,
                      "Plans": [
                        {
                          "Node Type": "Bitmap Index Scan",
                          "Parent Relationship": "Outer",
                          "Parallel Aware": false,
                          "Index Name": "person_id_cast_info",
                          "Startup Cost": 0.0,
                          "Total Cost": 69062.6,
                          "Plan Rows": 3164004,
                          "Plan Width": 0,
                          "Actual Startup Time": 130.075,
                          "Actual Total Time": 130.076,
                          "Actual Rows": 3272181,
                          "Actual Loops": 1,
                          "Index Cond": "(person_id < 315735)"
                        }
                      ]
                    },
                    {
                      "Node Type": "Hash",
                      "Parent Relationship": "Inner",
                      "Parallel Aware": true,
                      "Startup Cost": 43899.32,
                      "Total Cost": 43899.32,
                      "Plan Rows": 551170,
                      "Plan Width": 4,
                      "Actual Startup Time": 248.677,
                      "Actual Total Time": 248.679,
                      "Actual Rows": 313232,
                      "Actual Loops": 7,
                      "Hash Buckets": 4194304,
                      "Original Hash Buckets": 4194304,
                      "Hash Batches": 1,
                      "Original Hash Batches": 1,
                      "Peak Memory Usage": 118624,
                      "Plans": [
                        {
                          "Node Type": "Seq Scan",
                          "Parent Relationship": "Outer",
                          "Parallel Aware": true,
                          "Relation Name": "title",
                          "Alias": "t",
                          "Startup Cost": 0.0,
                          "Total Cost": 43899.32,
                          "Plan Rows": 551170,
                          "Plan Width": 4,
                          "Actual Startup Time": 0.058,
                          "Actual Total Time": 85.444,
                          "Actual Rows": 313232,
                          "Actual Loops": 7,
                          "Filter": "(production_year > 1961)",
                          "Rows Removed by Filter": 47955
                        }
                      ]
                    }
                  ]
                }
              ]
            }
          ]
        }
      ]
    },
    "Planning Time": 0.354,
    "Triggers": [],
    "Execution Time": 720.893
  }
]