[
  {
    "Plan": {
      "Node Type": "Aggregate",
      "Strategy": "Plain",
      "Partial Mode": "Finalize",
      "Parallel Aware": false,
      "Startup Cost": 349530.13,
      "Total Cost": 349530.14,
      "Plan Rows": 1,
      "Plan Width": 8,
      "Actual Startup Time": 688.425,
      "Actual Total Time": 750.4,
      "Actual Rows": 1,
      "Actual Loops": 1,
      "Plans": [
        {
          "Node Type": "Gather",
          "Parent Relationship": "Outer",
          "Parallel Aware": false,
          "Startup Cost": 349529.51,
          "Total Cost": 349530.12,
          "Plan Rows": 6,
          "Plan Width": 8,
          "Actual Startup Time": 688.313,
          "Actual Total Time": 750.39,
          "Actual Rows": 7,
          "Actual Loops": 1,
          "Workers Planned": 6,
          "Workers Launched": 6,
          "Single Copy": false,
          "Plans": [
            {
              "Node Type": "Aggregate",
              "Strategy": "Plain",
              "Partial Mode": "Partial",
              "Parent Relationship": "Outer",
              "Parallel Aware": false,
              "Startup Cost": 348529.51,
              "Total Cost": 348529.52,
              "Plan Rows": 1,
              "Plan Width": 8,
              "Actual Startup Time": 678.119,
              "Actual Total Time": 678.12,
              "Actual Rows": 1,
              "Actual Loops": 7,
              "Plans": [
                {
                  "Node Type": "Seq Scan",
                  "Parent Relationship": "Outer",
                  "Parallel Aware": true,
                  "Relation Name": "cast_info",
                  "Alias": "ci",
                  "Startup Cost": 0.0,
                  "Total Cost": 343257.03,
                  "Plan Rows": 2108991,
                  "Plan Width": 0,
                  "Actual Startup Time": 229.878,
                  "Actual Total Time": 636.077,
                  "Actual Rows": 959749,
                  "Actual Loops": 7,
                  "Filter": "((person_id < 1940169) AND (role_id > 1))",
                  "Rows Removed by Filter": 4218015
                }
              ]
            }
          ]
        }
      ]
    },
    "Planning Time": 0.223,
    "Triggers": [],
    "Execution Time": 750.473
  }
]