[
  {
    "Plan": {
      "Node Type": "Aggregate",
      "Strategy": "Plain",
      "Partial Mode": "Finalize",
      "Parallel Aware": false,
      "Startup Cost": 29199.61,
      "Total Cost": 29199.62,
      "Plan Rows": 1,
      "Plan Width": 8,
      "Actual Startup Time": 85.963,
      "Actual Total Time": 89.631,
      "Actual Rows": 1,
      "Actual Loops": 1,
      "Plans": [
        {
          "Node Type": "Gather",
          "Parent Relationship": "Outer",
          "Parallel Aware": false,
          "Startup Cost": 29199.29,
          "Total Cost": 29199.6,
          "Plan Rows": 3,
          "Plan Width": 8,
          "Actual Startup Time": 85.833,
          "Actual Total Time": 89.623,
          "Actual Rows": 4,
          "Actual Loops": 1,
          "Workers Planned": 3,
          "Workers Launched": 3,
          "Single Copy": false,
          "Plans": [
            {
              "Node Type": "Aggregate",
              "Strategy": "Plain",
              "Partial Mode": "Partial",
              "Parent Relationship": "Outer",
              "Parallel Aware": false,
              "Startup Cost": 28199.29,
              "Total Cost": 28199.3,
              "Plan Rows": 1,
              "Plan Width": 8,
              "Actual Startup Time": 78.098,
              "Actual Total Time": 78.099,
              "Actual Rows": 1,
              "Actual Loops": 4,
              "Plans": [
                {
                  "Node Type": "Bitmap Heap Scan",
                  "Parent Relationship": "Outer",
                  "Parallel Aware": true,
                  "Relation Name": "movie_companies",
                  "Alias": "mc",
                  "Startup Cost": 7566.49,
                  "Total Cost": 28055.52,
                  "Plan Rows": 57510,
                  "Plan Width": 0,
                  "Actual Startup Time": 31.287,
                  "Actual Total Time": 71.074,
                  "Actual Rows": 88514,
                  "Actual Loops": 4,
                  "Recheck Cond": "(company_id > 87847)",
                  "Rows Removed by Index Recheck": 0,
                  "Filter": "(company_type_id = 2)",
                  "Rows Removed by Filter": 0,
                  "Exact Heap Blocks": 2200,
                  "Lossy Heap Blocks": 0,
                  "Plans": [
                    {
                      "Node Type": "Bitmap Index Scan",
                      "Parent Relationship": "Outer",
                      "Parallel Aware": false,
                      "Index Name": "company_id_movie_companies",
                      "Startup Cost": 0.0,
                      "Total Cost": 7521.92,
                      "Plan Rows": 351132,
                      "Plan Width": 0,
                      "Actual Startup Time": 36.944,
                      "Actual Total Time": 36.944,
                      "Actual Rows": 354055,
                      "Actual Loops": 1,
                      "Index Cond": "(company_id > 87847)"
                    }
                  ]
                }
              ]
            }
          ]
        }
      ]
    },
    "Planning Time": 0.219,
    "Triggers": [],
    "Execution Time": 89.706
  }
]