[
  {
    "Plan": {
      "Node Type": "Aggregate",
      "Strategy": "Plain",
      "Partial Mode": "Finalize",
      "Parallel Aware": false,
      "Startup Cost": 125596.24,
      "Total Cost": 125596.25,
      "Plan Rows": 1,
      "Plan Width": 8,
      "Actual Startup Time": 1276.725,
      "Actual Total Time": 1296.611,
      "Actual Rows": 1,
      "Actual Loops": 1,
      "Plans": [
        {
          "Node Type": "Gather",
          "Parent Relationship": "Outer",
          "Parallel Aware": false,
          "Startup Cost": 125595.92,
          "Total Cost": 125596.23,
          "Plan Rows": 3,
          "Plan Width": 8,
          "Actual Startup Time": 1271.201,
          "Actual Total Time": 1296.604,
          "Actual Rows": 4,
          "Actual Loops": 1,
          "Workers Planned": 3,
          "Workers Launched": 3,
          "Single Copy": false,
          "Plans": [
            {
              "Node Type": "Aggregate",
              "Strategy": "Plain",
              "Partial Mode": "Partial",
              "Parent Relationship": "Outer",
              "Parallel Aware": false,
              "Startup Cost": 124595.92,
              "Total Cost": 124595.93,
              "Plan Rows": 1,
              "Plan Width": 8,
              "Actual Startup Time": 1266.659,
              "Actual Total Time": 1267.024,
              "Actual Rows": 1,
              "Actual Loops": 4,
              "Plans": [
                {
                  "Node Type": "Hash Join",
                  "Parent Relationship": "Outer",
                  "Parallel Aware": true,
                  "Join Type": "Inner",
                  "Startup Cost": 79048.93,
                  "Total Cost": 124147.43,
                  "Plan Rows": 179396,
                  "Plan Width": 0,
                  "Actual Startup Time": 416.65,
                  "Actual Total Time": 1011.41,
                  "Actual Rows": 5832326,
                  "Actual Loops": 4,
                  "Inner Unique": false,
                  "Hash Cond": "(mk.movie_id = t.id)",
                  "Plans": [
                    {
                      "Node Type": "Seq Scan",
                      "Parent Relationship": "Outer",
                      "Parallel Aware": true,
                      "Relation Name": "movie_keyword",
                      "Alias": "mk",
                      "Startup Cost": 0.0,
                      "Total Cost": 39047.32,
                      "Plan Rows": 1459332,
                      "Plan Width": 4,
                      "Actual Startup Time": 0.048,
                      "Actual Total Time": 92.577,
                      "Actual Rows": 1130982,
                      "Actual Loops": 4
                    },
                    {
                      "Node Type": "Hash",
                      "Parent Relationship": "Inner",
                      "Parallel Aware": true,
                      "Startup Cost": 77795.63,
                      "Total Cost": 77795.63,
                      "Plan Rows": 100264,
                      "Plan Width": 8,
                      "Actual Startup Time": 375.363,
                      "Actual Total Time": 375.726,
                      "Actual Rows": 142795,
                      "Actual Loops": 4,
                      "Hash Buckets": 1048576,
                      "Original Hash Buckets": 524288,
                      "Hash Batches": 1,
                      "Original Hash Batches": 1,
                      "Peak Memory Usage": 34688,
                      "Plans": [
                        {
                          "Node Type": "Hash Join",
                          "Parent Relationship": "Outer",
                          "Parallel Aware": true,
                          "Join Type": "Inner",
                          "Startup Cost": 47404.72,
                          "Total Cost": 77795.63,
                          "Plan Rows": 100264,
                          "Plan Width": 8,
                          "Actual Startup Time": 205.743,
                          "Actual Total Time": 317.148,
                          "Actual Rows": 142795,
                          "Actual Loops": 4,
                          "Inner Unique": true,
                          "Hash Cond": "(mc.movie_id = t.id)",
                          "Plans": [
                            {
                              "Node Type": "Seq Scan",
                              "Parent Relationship": "Outer",
                              "Parallel Aware": true,
                              "Relation Name": "movie_companies",
                              "Alias": "mc",
                              "Startup Cost": 0.0,
                              "Total Cost": 29310.68,
                              "Plan Rows": 411513,
                              "Plan Width": 4,
                              "Actual Startup Time": 0.011,
                              "Actual Total Time": 73.335,
                              "Actual Rows": 318562,
                              "Actual Loops": 4,
                              "Filter": "(company_type_id < 2)",
                              "Rows Removed by Filter": 333721
                            },
                            {
                              "Node Type": "Hash",
                              "Parent Relationship": "Inner",
                              "Parallel Aware": true,
                              "Startup Cost": 45479.59,
                              "Total Cost": 45479.59,
                              "Plan Rows": 154011,
                              "Plan Width": 4,
                              "Actual Startup Time": 168.361,
                              "Actual Total Time": 168.362,
                              "Actual Rows": 138780,
                              "Actual Loops": 4,
                              "Hash Buckets": 1048576,
                              "Original Hash Buckets": 1048576,
                              "Hash Batches": 1,
                              "Original Hash Batches": 1,
                              "Peak Memory Usage": 29984,
                              "Plans": [
                                {
                                  "Node Type": "Seq Scan",
                                  "Parent Relationship": "Outer",
                                  "Parallel Aware": true,
                                  "Relation Name": "title",
                                  "Alias": "t",
                                  "Startup Cost": 0.0,
                                  "Total Cost": 45479.59,
                                  "Plan Rows": 154011,
                                  "Plan Width": 4,
                                  "Actual Startup Time": 48.448,
                                  "Actual Total Time": 110.574,
                                  "Actual Rows": 138780,
                                  "Actual Loops": 4,
                                  "Filter": "((production_year > 1924) AND (kind_id = 1))",
                                  "Rows Removed by Filter": 493298
                                }
                              ]
                            }
                          ]
                        }
                      ]
                    }
                  ]
                }
              ]
            }
          ]
        }
      ]
    },
    "Planning Time": 0.888,
    "Triggers": [],
    "Execution Time": 1296.674
  }
]