[
    {
        "Bao": {
            "Bao prediction": "NaN",
            "Bao recommended hint": "(no hint)"
        }
    },
    {
        "Plan": {
            "Node Type": "Aggregate",
            "Strategy": "Plain",
            "Partial Mode": "Finalize",
            "Parallel Aware": false,
            "Startup Cost": 245700.38,
            "Total Cost": 245700.39,
            "Plan Rows": 1,
            "Plan Width": 8,
            "Actual Startup Time": 401.546,
            "Actual Total Time": 447.64,
            "Actual Rows": 1,
            "Actual Loops": 1,
            "Output": [
                "count(*)"
            ],
            "Plans": [
                {
                    "Node Type": "Gather",
                    "Parent Relationship": "Outer",
                    "Parallel Aware": false,
                    "Startup Cost": 245699.96,
                    "Total Cost": 245700.37,
                    "Plan Rows": 4,
                    "Plan Width": 8,
                    "Actual Startup Time": 401.418,
                    "Actual Total Time": 447.628,
                    "Actual Rows": 5,
                    "Actual Loops": 1,
                    "Output": [
                        "(PARTIAL count(*))"
                    ],
                    "Workers Planned": 4,
                    "Workers Launched": 4,
                    "Single Copy": false,
                    "Plans": [
                        {
                            "Node Type": "Aggregate",
                            "Strategy": "Plain",
                            "Partial Mode": "Partial",
                            "Parent Relationship": "Outer",
                            "Parallel Aware": false,
                            "Startup Cost": 244699.96,
                            "Total Cost": 244699.97,
                            "Plan Rows": 1,
                            "Plan Width": 8,
                            "Actual Startup Time": 391.506,
                            "Actual Total Time": 391.508,
                            "Actual Rows": 1,
                            "Actual Loops": 5,
                            "Output": [
                                "PARTIAL count(*)"
                            ],
                            "Workers": [
                                {
                                    "Worker Number": 0,
                                    "Actual Startup Time": 388.533,
                                    "Actual Total Time": 388.536,
                                    "Actual Rows": 1,
                                    "Actual Loops": 1
                                },
                                {
                                    "Worker Number": 1,
                                    "Actual Startup Time": 389.107,
                                    "Actual Total Time": 389.109,
                                    "Actual Rows": 1,
                                    "Actual Loops": 1
                                },
                                {
                                    "Worker Number": 2,
                                    "Actual Startup Time": 389.43,
                                    "Actual Total Time": 389.431,
                                    "Actual Rows": 1,
                                    "Actual Loops": 1
                                },
                                {
                                    "Worker Number": 3,
                                    "Actual Startup Time": 389.677,
                                    "Actual Total Time": 389.678,
                                    "Actual Rows": 1,
                                    "Actual Loops": 1
                                }
                            ],
                            "Plans": [
                                {
                                    "Node Type": "Nested Loop",
                                    "Parent Relationship": "Outer",
                                    "Parallel Aware": false,
                                    "Join Type": "Inner",
                                    "Startup Cost": 1.0,
                                    "Total Cost": 244632.52,
                                    "Plan Rows": 26977,
                                    "Plan Width": 0,
                                    "Actual Startup Time": 48.868,
                                    "Actual Total Time": 387.666,
                                    "Actual Rows": 51323,
                                    "Actual Loops": 5,
                                    "Inner Unique": false,
                                    "Join Filter": "(t.id = ci.movie_id)",
                                    "Rows Removed by Join Filter": 0,
                                    "Workers": [
                                        {
                                            "Worker Number": 0,
                                            "Actual Startup Time": 46.431,
                                            "Actual Total Time": 384.731,
                                            "Actual Rows": 31491,
                                            "Actual Loops": 1
                                        },
                                        {
                                            "Worker Number": 1,
                                            "Actual Startup Time": 47.412,
                                            "Actual Total Time": 385.166,
                                            "Actual Rows": 31995,
                                            "Actual Loops": 1
                                        },
                                        {
                                            "Worker Number": 2,
                                            "Actual Startup Time": 45.568,
                                            "Actual Total Time": 385.907,
                                            "Actual Rows": 48289,
                                            "Actual Loops": 1
                                        },
                                        {
                                            "Worker Number": 3,
                                            "Actual Startup Time": 46.709,
                                            "Actual Total Time": 386.263,
                                            "Actual Rows": 47526,
                                            "Actual Loops": 1
                                        }
                                    ],
                                    "Plans": [
                                        {
                                            "Node Type": "Nested Loop",
                                            "Parent Relationship": "Outer",
                                            "Parallel Aware": false,
                                            "Join Type": "Inner",
                                            "Startup Cost": 0.43,
                                            "Total Cost": 233311.33,
                                            "Plan Rows": 5045,
                                            "Plan Width": 8,
                                            "Actual Startup Time": 48.725,
                                            "Actual Total Time": 172.22,
                                            "Actual Rows": 5950,
                                            "Actual Loops": 5,
                                            "Output": [
                                                "t.id",
                                                "mi.movie_id"
                                            ],
                                            "Inner Unique": false,
                                            "Workers": [
                                                {
                                                    "Worker Number": 0,
                                                    "Actual Startup Time": 46.236,
                                                    "Actual Total Time": 167.724,
                                                    "Actual Rows": 3757,
                                                    "Actual Loops": 1
                                                },
                                                {
                                                    "Worker Number": 1,
                                                    "Actual Startup Time": 47.265,
                                                    "Actual Total Time": 167.062,
                                                    "Actual Rows": 3633,
                                                    "Actual Loops": 1
                                                },
                                                {
                                                    "Worker Number": 2,
                                                    "Actual Startup Time": 45.419,
                                                    "Actual Total Time": 166.95,
                                                    "Actual Rows": 5420,
                                                    "Actual Loops": 1
                                                },
                                                {
                                                    "Worker Number": 3,
                                                    "Actual Startup Time": 46.517,
                                                    "Actual Total Time": 170.3,
                                                    "Actual Rows": 5707,
                                                    "Actual Loops": 1
                                                }
                                            ],
                                            "Plans": [
                                                {
                                                    "Node Type": "Seq Scan",
                                                    "Parent Relationship": "Outer",
                                                    "Parallel Aware": true,
                                                    "Relation Name": "title",
                                                    "Schema": "public",
                                                    "Alias": "t",
                                                    "Startup Cost": 0.0,
                                                    "Total Cost": 45479.21,
                                                    "Plan Rows": 6199,
                                                    "Plan Width": 4,
                                                    "Actual Startup Time": 48.616,
                                                    "Actual Total Time": 75.807,
                                                    "Actual Rows": 3091,
                                                    "Actual Loops": 5,
                                                    "Output": [
                                                        "t.id",
                                                        "t.title",
                                                        "t.imdb_index",
                                                        "t.kind_id",
                                                        "t.production_year",
                                                        "t.imdb_id",
                                                        "t.phonetic_code",
                                                        "t.episode_of_id",
                                                        "t.season_nr",
                                                        "t.episode_nr",
                                                        "t.series_years",
                                                        "t.md5sum"
                                                    ],
                                                    "Filter": "((t.kind_id = 1) AND (t.production_year = 2005))",
                                                    "Rows Removed by Filter": 502571,
                                                    "Workers": [
                                                        {
                                                            "Worker Number": 0,
                                                            "Actual Startup Time": 46.081,
                                                            "Actual Total Time": 71.661,
                                                            "Actual Rows": 1935,
                                                            "Actual Loops": 1
                                                        },
                                                        {
                                                            "Worker Number": 1,
                                                            "Actual Startup Time": 47.121,
                                                            "Actual Total Time": 70.765,
                                                            "Actual Rows": 1887,
                                                            "Actual Loops": 1
                                                        },
                                                        {
                                                            "Worker Number": 2,
                                                            "Actual Startup Time": 45.313,
                                                            "Actual Total Time": 70.481,
                                                            "Actual Rows": 2818,
                                                            "Actual Loops": 1
                                                        },
                                                        {
                                                            "Worker Number": 3,
                                                            "Actual Startup Time": 46.427,
                                                            "Actual Total Time": 72.272,
                                                            "Actual Rows": 2983,
                                                            "Actual Loops": 1
                                                        }
                                                    ]
                                                },
                                                {
                                                    "Node Type": "Index Scan",
                                                    "Parent Relationship": "Inner",
                                                    "Parallel Aware": false,
                                                    "Scan Direction": "Forward",
                                                    "Index Name": "movie_id_movie_info",
                                                    "Relation Name": "movie_info",
                                                    "Schema": "public",
                                                    "Alias": "mi",
                                                    "Startup Cost": 0.43,
                                                    "Total Cost": 30.25,
                                                    "Plan Rows": 5,
                                                    "Plan Width": 4,
                                                    "Actual Startup Time": 0.017,
                                                    "Actual Total Time": 0.03,
                                                    "Actual Rows": 2,
                                                    "Actual Loops": 15457,
                                                    "Output": [
                                                        "mi.id",
                                                        "mi.movie_id",
                                                        "mi.info_type_id",
                                                        "mi.info",
                                                        "mi.note"
                                                    ],
                                                    "Index Cond": "(mi.movie_id = t.id)",
                                                    "Rows Removed by Index Recheck": 0,
                                                    "Filter": "(mi.info_type_id < 3)",
                                                    "Rows Removed by Filter": 13,
                                                    "Workers": [
                                                        {
                                                            "Worker Number": 0,
                                                            "Actual Startup Time": 0.026,
                                                            "Actual Total Time": 0.048,
                                                            "Actual Rows": 2,
                                                            "Actual Loops": 1935
                                                        },
                                                        {
                                                            "Worker Number": 1,
                                                            "Actual Startup Time": 0.026,
                                                            "Actual Total Time": 0.05,
                                                            "Actual Rows": 2,
                                                            "Actual Loops": 1887
                                                        },
                                                        {
                                                            "Worker Number": 2,
                                                            "Actual Startup Time": 0.018,
                                                            "Actual Total Time": 0.033,
                                                            "Actual Rows": 2,
                                                            "Actual Loops": 2818
                                                        },
                                                        {
                                                            "Worker Number": 3,
                                                            "Actual Startup Time": 0.018,
                                                            "Actual Total Time": 0.032,
                                                            "Actual Rows": 2,
                                                            "Actual Loops": 2983
                                                        }
                                                    ]
                                                }
                                            ]
                                        },
                                        {
                                            "Node Type": "Index Scan",
                                            "Parent Relationship": "Inner",
                                            "Parallel Aware": false,
                                            "Scan Direction": "Forward",
                                            "Index Name": "movie_id_cast_info",
                                            "Relation Name": "cast_info",
                                            "Schema": "public",
                                            "Alias": "ci",
                                            "Startup Cost": 0.56,
                                            "Total Cost": 2.07,
                                            "Plan Rows": 14,
                                            "Plan Width": 4,
                                            "Actual Startup Time": 0.02,
                                            "Actual Total Time": 0.035,
                                            "Actual Rows": 9,
                                            "Actual Loops": 29751,
                                            "Output": [
                                                "ci.id",
                                                "ci.person_id",
                                                "ci.movie_id",
                                                "ci.person_role_id",
                                                "ci.note",
                                                "ci.nr_order",
                                                "ci.role_id"
                                            ],
                                            "Index Cond": "(ci.movie_id = mi.movie_id)",
                                            "Rows Removed by Index Recheck": 0,
                                            "Filter": "(ci.person_id > 2308057)",
                                            "Rows Removed by Filter": 12,
                                            "Workers": [
                                                {
                                                    "Worker Number": 0,
                                                    "Actual Startup Time": 0.032,
                                                    "Actual Total Time": 0.056,
                                                    "Actual Rows": 8,
                                                    "Actual Loops": 3757
                                                },
                                                {
                                                    "Worker Number": 1,
                                                    "Actual Startup Time": 0.033,
                                                    "Actual Total Time": 0.058,
                                                    "Actual Rows": 9,
                                                    "Actual Loops": 3633
                                                },
                                                {
                                                    "Worker Number": 2,
                                                    "Actual Startup Time": 0.022,
                                                    "Actual Total Time": 0.039,
                                                    "Actual Rows": 9,
                                                    "Actual Loops": 5420
                                                },
                                                {
                                                    "Worker Number": 3,
                                                    "Actual Startup Time": 0.021,
                                                    "Actual Total Time": 0.036,
                                                    "Actual Rows": 8,
                                                    "Actual Loops": 5707
                                                }
                                            ]
                                        }
                                    ]
                                }
                            ]
                        }
                    ]
                }
            ]
        },
        "Planning Time": 179.889,
        "Triggers": [],
        "Execution Time": 447.789
    }
]