[
  {
    "Plan": {
      "Node Type": "Aggregate",
      "Strategy": "Plain",
      "Partial Mode": "Finalize",
      "Parallel Aware": false,
      "Startup Cost": 103458.54,
      "Total Cost": 103458.55,
      "Plan Rows": 1,
      "Plan Width": 8,
      "Actual Startup Time": 752.591,
      "Actual Total Time": 768.753,
      "Actual Rows": 1,
      "Actual Loops": 1,
      "Plans": [
        {
          "Node Type": "Gather",
          "Parent Relationship": "Outer",
          "Parallel Aware": false,
          "Startup Cost": 103458.32,
          "Total Cost": 103458.53,
          "Plan Rows": 2,
          "Plan Width": 8,
          "Actual Startup Time": 744.204,
          "Actual Total Time": 768.743,
          "Actual Rows": 3,
          "Actual Loops": 1,
          "Workers Planned": 2,
          "Workers Launched": 2,
          "Single Copy": false,
          "Plans": [
            {
              "Node Type": "Aggregate",
              "Strategy": "Plain",
              "Partial Mode": "Partial",
              "Parent Relationship": "Outer",
              "Parallel Aware": false,
              "Startup Cost": 102458.32,
              "Total Cost": 102458.33,
              "Plan Rows": 1,
              "Plan Width": 8,
              "Actual Startup Time": 736.397,
              "Actual Total Time": 736.722,
              "Actual Rows": 1,
              "Actual Loops": 3,
              "Plans": [
                {
                  "Node Type": "Hash Join",
                  "Parent Relationship": "Outer",
                  "Parallel Aware": true,
                  "Join Type": "Inner",
                  "Startup Cost": 85385.55,
                  "Total Cost": 101920.7,
                  "Plan Rows": 215048,
                  "Plan Width": 0,
                  "Actual Startup Time": 624.209,
                  "Actual Total Time": 729.571,
                  "Actual Rows": 180916,
                  "Actual Loops": 3,
                  "Inner Unique": false,
                  "Hash Cond": "(mi_idx.movie_id = t.id)",
                  "Plans": [
                    {
                      "Node Type": "Seq Scan",
                      "Parent Relationship": "Outer",
                      "Parallel Aware": true,
                      "Relation Name": "movie_info_idx",
                      "Alias": "mi_idx",
                      "Startup Cost": 0.0,
                      "Total Cost": 13685.15,
                      "Plan Rows": 575015,
                      "Plan Width": 4,
                      "Actual Startup Time": 0.052,
                      "Actual Total Time": 35.31,
                      "Actual Rows": 460012,
                      "Actual Loops": 3
                    },
                    {
                      "Node Type": "Hash",
                      "Parent Relationship": "Inner",
                      "Parallel Aware": true,
                      "Startup Cost": 81572.86,
                      "Total Cost": 81572.86,
                      "Plan Rows": 305015,
                      "Plan Width": 8,
                      "Actual Startup Time": 617.632,
                      "Actual Total Time": 617.956,
                      "Actual Rows": 148356,
                      "Actual Loops": 3,
                      "Hash Buckets": 1048576,
                      "Original Hash Buckets": 1048576,
                      "Hash Batches": 1,
                      "Original Hash Batches": 1,
                      "Peak Memory Usage": 25664,
                      "Plans": [
                        {
                          "Node Type": "Hash Join",
                          "Parent Relationship": "Outer",
                          "Parallel Aware": true,
                          "Join Type": "Inner",
                          "Startup Cost": 51145.85,
                          "Total Cost": 81572.86,
                          "Plan Rows": 305015,
                          "Plan Width": 8,
                          "Actual Startup Time": 353.941,
                          "Actual Total Time": 569.459,
                          "Actual Rows": 148356,
                          "Actual Loops": 3,
                          "Inner Unique": true,
                          "Hash Cond": "(mc.movie_id = t.id)",
                          "Plans": [
                            {
                              "Node Type": "Seq Scan",
                              "Parent Relationship": "Outer",
                              "Parallel Aware": true,
                              "Relation Name": "movie_companies",
                              "Alias": "mc",
                              "Startup Cost": 0.0,
                              "Total Cost": 29310.68,
                              "Plan Rows": 425270,
                              "Plan Width": 4,
                              "Actual Startup Time": 10.875,
                              "Actual Total Time": 83.735,
                              "Actual Rows": 441449,
                              "Actual Loops": 3,
                              "Filter": "(company_id > 11240)",
                              "Rows Removed by Filter": 428260
                            },
                            {
                              "Node Type": "Hash",
                              "Parent Relationship": "Inner",
                              "Parallel Aware": true,
                              "Startup Cost": 45479.1,
                              "Total Cost": 45479.1,
                              "Plan Rows": 453340,
                              "Plan Width": 4,
                              "Actual Startup Time": 336.644,
                              "Actual Total Time": 336.645,
                              "Actual Rows": 599969,
                              "Actual Loops": 3,
                              "Hash Buckets": 2097152,
                              "Original Hash Buckets": 2097152,
                              "Hash Batches": 1,
                              "Original Hash Batches": 1,
                              "Peak Memory Usage": 86848,
                              "Plans": [
                                {
                                  "Node Type": "Seq Scan",
                                  "Parent Relationship": "Outer",
                                  "Parallel Aware": true,
                                  "Relation Name": "title",
                                  "Alias": "t",
                                  "Startup Cost": 0.0,
                                  "Total Cost": 45479.1,
                                  "Plan Rows": 453340,
                                  "Plan Width": 4,
                                  "Actual Startup Time": 0.045,
                                  "Actual Total Time": 135.081,
                                  "Actual Rows": 599969,
                                  "Actual Loops": 3,
                                  "Filter": "((kind_id > 1) AND (production_year > 0))",
                                  "Rows Removed by Filter": 242802
                                }
                              ]
                            }
                          ]
                        }
                      ]
                    }
                  ]
                }
              ]
            }
          ]
        }
      ]
    },
    "Planning Time": 1.457,
    "Triggers": [],
    "Execution Time": 768.839
  }
]