[
  {
    "Plan": {
      "Node Type": "Aggregate",
      "Strategy": "Plain",
      "Partial Mode": "Finalize",
      "Parallel Aware": false,
      "Startup Cost": 33445.92,
      "Total Cost": 33445.93,
      "Plan Rows": 1,
      "Plan Width": 8,
      "Actual Startup Time": 105.933,
      "Actual Total Time": 113.477,
      "Actual Rows": 1,
      "Actual Loops": 1,
      "Plans": [
        {
          "Node Type": "Gather",
          "Parent Relationship": "Outer",
          "Parallel Aware": false,
          "Startup Cost": 33445.61,
          "Total Cost": 33445.92,
          "Plan Rows": 3,
          "Plan Width": 8,
          "Actual Startup Time": 105.796,
          "Actual Total Time": 113.467,
          "Actual Rows": 4,
          "Actual Loops": 1,
          "Workers Planned": 3,
          "Workers Launched": 3,
          "Single Copy": false,
          "Plans": [
            {
              "Node Type": "Aggregate",
              "Strategy": "Plain",
              "Partial Mode": "Partial",
              "Parent Relationship": "Outer",
              "Parallel Aware": false,
              "Startup Cost": 32445.61,
              "Total Cost": 32445.62,
              "Plan Rows": 1,
              "Plan Width": 8,
              "Actual Startup Time": 101.169,
              "Actual Total Time": 101.17,
              "Actual Rows": 1,
              "Actual Loops": 4,
              "Plans": [
                {
                  "Node Type": "Seq Scan",
                  "Parent Relationship": "Outer",
                  "Parallel Aware": true,
                  "Relation Name": "movie_companies",
                  "Alias": "mc",
                  "Startup Cost": 0.0,
                  "Total Cost": 31414.82,
                  "Plan Rows": 412315,
                  "Plan Width": 0,
                  "Actual Startup Time": 43.619,
                  "Actual Total Time": 86.445,
                  "Actual Rows": 311954,
                  "Actual Loops": 4,
                  "Filter": "((company_id < 165504) AND (company_type_id = 2))",
                  "Rows Removed by Filter": 340328
                }
              ]
            }
          ]
        }
      ]
    },
    "Planning Time": 0.149,
    "Triggers": [],
    "Execution Time": 113.52
  }
]