[
  {
    "Plan": {
      "Node Type": "Aggregate",
      "Strategy": "Plain",
      "Partial Mode": "Finalize",
      "Parallel Aware": false,
      "Startup Cost": 354819.5,
      "Total Cost": 354819.51,
      "Plan Rows": 1,
      "Plan Width": 8,
      "Actual Startup Time": 941.344,
      "Actual Total Time": 1010.503,
      "Actual Rows": 1,
      "Actual Loops": 1,
      "Plans": [
        {
          "Node Type": "Gather",
          "Parent Relationship": "Outer",
          "Parallel Aware": false,
          "Startup Cost": 354818.88,
          "Total Cost": 354819.48,
          "Plan Rows": 6,
          "Plan Width": 8,
          "Actual Startup Time": 941.149,
          "Actual Total Time": 1010.489,
          "Actual Rows": 7,
          "Actual Loops": 1,
          "Workers Planned": 6,
          "Workers Launched": 6,
          "Single Copy": false,
          "Plans": [
            {
              "Node Type": "Aggregate",
              "Strategy": "Plain",
              "Partial Mode": "Partial",
              "Parent Relationship": "Outer",
              "Parallel Aware": false,
              "Startup Cost": 353818.88,
              "Total Cost": 353818.89,
              "Plan Rows": 1,
              "Plan Width": 8,
              "Actual Startup Time": 933.224,
              "Actual Total Time": 933.226,
              "Actual Rows": 1,
              "Actual Loops": 7,
              "Plans": [
                {
                  "Node Type": "Seq Scan",
                  "Parent Relationship": "Outer",
                  "Parallel Aware": true,
                  "Relation Name": "cast_info",
                  "Alias": "ci",
                  "Startup Cost": 0.0,
                  "Total Cost": 343316.27,
                  "Plan Rows": 4201042,
                  "Plan Width": 0,
                  "Actual Startup Time": 0.048,
                  "Actual Total Time": 743.789,
                  "Actual Rows": 3915721,
                  "Actual Loops": 7,
                  "Filter": "((person_id < 2942907) AND (role_id < 10))",
                  "Rows Removed by Filter": 1262042
                }
              ]
            }
          ]
        }
      ]
    },
    "Planning Time": 0.09,
    "Triggers": [],
    "Execution Time": 1010.548
  }
]