{
  "Plan": {
    "Node Type": "Aggregate",
    "Strategy": "Plain",
    "Partial Mode": "Simple",
    "Parallel Aware": false,
    "Startup Cost": 207136.97,
    "Total Cost": 207136.98,
    "Plan Rows": 1,
    "Plan Width": 64,
    "Actual Startup Time": 536.036,
    "Actual Total Time": 536.143,
    "Actual Rows": 1,
    "Actual Loops": 1,
    "Plans": [
      {
        "Node Type": "Gather",
        "Parent Relationship": "Outer",
        "Parallel Aware": false,
        "Startup Cost": 1002.4,
        "Total Cost": 207136.96,
        "Plan Rows": 1,
        "Plan Width": 33,
        "Actual Startup Time": 365.688,
        "Actual Total Time": 536.124,
        "Actual Rows": 47,
        "Actual Loops": 1,
        "Workers Planned": 1,
        "Workers Launched": 0,
        "Single Copy": false,
        "Plans": [
          {
            "Node Type": "Nested Loop",
            "Parent Relationship": "Outer",
            "Parallel Aware": false,
            "Join Type": "Inner",
            "Startup Cost": 2.4,
            "Total Cost": 206136.86,
            "Plan Rows": 1,
            "Plan Width": 33,
            "Actual Startup Time": 364.706,
            "Actual Total Time": 535.034,
            "Actual Rows": 47,
            "Actual Loops": 1,
            "Inner Unique": true,
            "Plans": [
              {
                "Node Type": "Nested Loop",
                "Parent Relationship": "Outer",
                "Parallel Aware": false,
                "Join Type": "Inner",
                "Startup Cost": 1.98,
                "Total Cost": 206130.14,
                "Plan Rows": 1,
                "Plan Width": 37,
                "Actual Startup Time": 364.691,
                "Actual Total Time": 534.956,
                "Actual Rows": 47,
                "Actual Loops": 1,
                "Inner Unique": false,
                "Plans": [
                  {
                    "Node Type": "Nested Loop",
                    "Parent Relationship": "Outer",
                    "Parallel Aware": false,
                    "Join Type": "Inner",
                    "Startup Cost": 1.55,
                    "Total Cost": 206123.66,
                    "Plan Rows": 1,
                    "Plan Width": 41,
                    "Actual Startup Time": 364.647,
                    "Actual Total Time": 534.816,
                    "Actual Rows": 17,
                    "Actual Loops": 1,
                    "Inner Unique": true,
                    "Plans": [
                      {
                        "Node Type": "Nested Loop",
                        "Parent Relationship": "Outer",
                        "Parallel Aware": false,
                        "Join Type": "Inner",
                        "Startup Cost": 1.42,
                        "Total Cost": 206123.48,
                        "Plan Rows": 1,
                        "Plan Width": 45,
                        "Actual Startup Time": 364.633,
                        "Actual Total Time": 534.788,
                        "Actual Rows": 17,
                        "Actual Loops": 1,
                        "Inner Unique": true,
                        "Plans": [
                          {
                            "Node Type": "Nested Loop",
                            "Parent Relationship": "Outer",
                            "Parallel Aware": false,
                            "Join Type": "Inner",
                            "Startup Cost": 0.99,
                            "Total Cost": 204713.55,
                            "Plan Rows": 250,
                            "Plan Width": 24,
                            "Actual Startup Time": 0.469,
                            "Actual Total Time": 533.836,
                            "Actual Rows": 360,
                            "Actual Loops": 1,
                            "Inner Unique": false,
                            "Plans": [
                              {
                                "Node Type": "Nested Loop",
                                "Parent Relationship": "Outer",
                                "Parallel Aware": false,
                                "Join Type": "Inner",
                                "Startup Cost": 0.42,
                                "Total Cost": 138583.8,
                                "Plan Rows": 5302,
                                "Plan Width": 24,
                                "Actual Startup Time": 0.436,
                                "Actual Total Time": 492.929,
                                "Actual Rows": 4031,
                                "Actual Loops": 1,
                                "Inner Unique": false,
                                "Plans": [
                                  {
                                    "Node Type": "Seq Scan",
                                    "Parent Relationship": "Outer",
                                    "Parallel Aware": true,
                                    "Relation Name": "name",
                                    "Alias": "n",
                                    "Startup Cost": 0.0,
                                    "Total Cost": 92382.65,
                                    "Plan Rows": 24511,
                                    "Plan Width": 4,
                                    "Actual Startup Time": 0.061,
                                    "Actual Total Time": 458.916,
                                    "Actual Rows": 20911,
                                    "Actual Loops": 1,
                                    "Filter": "((name ~~ '%Yo%'::text) AND (name !~~ '%Yu%'::text))",
                                    "Rows Removed by Filter": 4146580
                                  },
                                  {
                                    "Node Type": "Index Scan",
                                    "Parent Relationship": "Inner",
                                    "Parallel Aware": false,
                                    "Scan Direction": "Forward",
                                    "Index Name": "person_id_aka_name",
                                    "Relation Name": "aka_name",
                                    "Alias": "an",
                                    "Startup Cost": 0.42,
                                    "Total Cost": 1.86,
                                    "Plan Rows": 2,
                                    "Plan Width": 20,
                                    "Actual Startup Time": 0.001,
                                    "Actual Total Time": 0.001,
                                    "Actual Rows": 0,
                                    "Actual Loops": 20911,
                                    "Index Cond": "(person_id = n.id)",
                                    "Rows Removed by Index Recheck": 0
                                  }
                                ]
                              },
                              {
                                "Node Type": "Index Scan",
                                "Parent Relationship": "Inner",
                                "Parallel Aware": false,
                                "Scan Direction": "Forward",
                                "Index Name": "person_id_cast_info",
                                "Relation Name": "cast_info",
                                "Alias": "ci",
                                "Startup Cost": 0.56,
                                "Total Cost": 12.46,
                                "Plan Rows": 1,
                                "Plan Width": 12,
                                "Actual Startup Time": 0.01,
                                "Actual Total Time": 0.01,
                                "Actual Rows": 0,
                                "Actual Loops": 4031,
                                "Index Cond": "(person_id = an.person_id)",
                                "Rows Removed by Index Recheck": 0,
                                "Filter": "(note = '(assistant location manager)'::text)",
                                "Rows Removed by Filter": 28
                              }
                            ]
                          },
                          {
                            "Node Type": "Index Scan",
                            "Parent Relationship": "Inner",
                            "Parallel Aware": false,
                            "Scan Direction": "Forward",
                            "Index Name": "title_pkey",
                            "Relation Name": "title",
                            "Alias": "t",
                            "Startup Cost": 0.43,
                            "Total Cost": 5.64,
                            "Plan Rows": 1,
                            "Plan Width": 21,
                            "Actual Startup Time": 0.002,
                            "Actual Total Time": 0.002,
                            "Actual Rows": 0,
                            "Actual Loops": 360,
                            "Index Cond": "(id = ci.movie_id)",
                            "Rows Removed by Index Recheck": 0,
                            "Filter": "((title ~~ 'Day%'::text) AND (production_year >= 1997) AND (production_year <= 2006))",
                            "Rows Removed by Filter": 1
                          }
                        ]
                      },
                      {
                        "Node Type": "Index Scan",
                        "Parent Relationship": "Inner",
                        "Parallel Aware": false,
                        "Scan Direction": "Forward",
                        "Index Name": "role_type_pkey",
                        "Relation Name": "role_type",
                        "Alias": "rt",
                        "Startup Cost": 0.14,
                        "Total Cost": 0.16,
                        "Plan Rows": 1,
                        "Plan Width": 4,
                        "Actual Startup Time": 0.001,
                        "Actual Total Time": 0.001,
                        "Actual Rows": 1,
                        "Actual Loops": 17,
                        "Index Cond": "(id = ci.role_id)",
                        "Rows Removed by Index Recheck": 0,
                        "Filter": "((role)::text = 'miscellaneous crew'::text)",
                        "Rows Removed by Filter": 0
                      }
                    ]
                  },
                  {
                    "Node Type": "Index Scan",
                    "Parent Relationship": "Inner",
                    "Parallel Aware": false,
                    "Scan Direction": "Forward",
                    "Index Name": "movie_id_movie_companies",
                    "Relation Name": "movie_companies",
                    "Alias": "mc",
                    "Startup Cost": 0.43,
                    "Total Cost": 6.47,
                    "Plan Rows": 1,
                    "Plan Width": 8,
                    "Actual Startup Time": 0.005,
                    "Actual Total Time": 0.008,
                    "Actual Rows": 3,
                    "Actual Loops": 17,
                    "Index Cond": "(movie_id = ci.movie_id)",
                    "Rows Removed by Index Recheck": 0,
                    "Filter": "((note ~~ '%(Japan)%'::text) AND (note !~~ '%(USA)%'::text) AND ((note ~~ '%(2006)%'::text) OR (note ~~ '%(2007)%'::text)))",
                    "Rows Removed by Filter": 7
                  }
                ]
              },
              {
                "Node Type": "Index Scan",
                "Parent Relationship": "Inner",
                "Parallel Aware": false,
                "Scan Direction": "Forward",
                "Index Name": "company_name_pkey",
                "Relation Name": "company_name",
                "Alias": "cn",
                "Startup Cost": 0.42,
                "Total Cost": 6.73,
                "Plan Rows": 1,
                "Plan Width": 4,
                "Actual Startup Time": 0.001,
                "Actual Total Time": 0.001,
                "Actual Rows": 1,
                "Actual Loops": 47,
                "Index Cond": "(id = mc.company_id)",
                "Rows Removed by Index Recheck": 0,
                "Filter": "((country_code)::text = '[jp]'::text)",
                "Rows Removed by Filter": 0
              }
            ]
          }
        ]
      }
    ]
  },
  "Planning Time": 2.642,
  "Triggers": [],
  "Execution Time": 536.323
}