{
  "Plan": {
    "Node Type": "Aggregate",
    "Strategy": "Plain",
    "Partial Mode": "Finalize",
    "Parallel Aware": false,
    "Startup Cost": 114136.06,
    "Total Cost": 114136.07,
    "Plan Rows": 1,
    "Plan Width": 8,
    "Actual Startup Time": 776.17,
    "Actual Total Time": 791.953,
    "Actual Rows": 1,
    "Actual Loops": 1,
    "Plans": [
      {
        "Node Type": "Gather",
        "Parent Relationship": "Outer",
        "Parallel Aware": false,
        "Startup Cost": 114135.95,
        "Total Cost": 114136.06,
        "Plan Rows": 1,
        "Plan Width": 8,
        "Actual Startup Time": 772.285,
        "Actual Total Time": 791.943,
        "Actual Rows": 2,
        "Actual Loops": 1,
        "Workers Planned": 1,
        "Workers Launched": 1,
        "Single Copy": false,
        "Plans": [
          {
            "Node Type": "Aggregate",
            "Strategy": "Plain",
            "Partial Mode": "Partial",
            "Parent Relationship": "Outer",
            "Parallel Aware": false,
            "Startup Cost": 113135.95,
            "Total Cost": 113135.96,
            "Plan Rows": 1,
            "Plan Width": 8,
            "Actual Startup Time": 768.656,
            "Actual Total Time": 769.243,
            "Actual Rows": 1,
            "Actual Loops": 2,
            "Plans": [
              {
                "Node Type": "Hash Join",
                "Parent Relationship": "Outer",
                "Parallel Aware": true,
                "Join Type": "Inner",
                "Startup Cost": 48491.24,
                "Total Cost": 111800.04,
                "Plan Rows": 534361,
                "Plan Width": 0,
                "Actual Startup Time": 282.295,
                "Actual Total Time": 747.519,
                "Actual Rows": 549013,
                "Actual Loops": 2,
                "Inner Unique": false,
                "Hash Cond": "(t.id = mc.movie_id)",
                "Plans": [
                  {
                    "Node Type": "Seq Scan",
                    "Parent Relationship": "Outer",
                    "Parallel Aware": true,
                    "Relation Name": "title",
                    "Alias": "t",
                    "Startup Cost": 0.0,
                    "Total Cost": 50870.31,
                    "Plan Rows": 1487231,
                    "Plan Width": 4,
                    "Actual Startup Time": 0.009,
                    "Actual Total Time": 117.838,
                    "Actual Rows": 1264156,
                    "Actual Loops": 2
                  },
                  {
                    "Node Type": "Hash",
                    "Parent Relationship": "Inner",
                    "Parallel Aware": true,
                    "Startup Cost": 41811.73,
                    "Total Cost": 41811.73,
                    "Plan Rows": 534361,
                    "Plan Width": 4,
                    "Actual Startup Time": 274.676,
                    "Actual Total Time": 274.677,
                    "Actual Rows": 549013,
                    "Actual Loops": 2,
                    "Hash Buckets": 2097152,
                    "Original Hash Buckets": 1048576,
                    "Hash Batches": 1,
                    "Original Hash Batches": 1,
                    "Peak Memory Usage": 67552,
                    "Plans": [
                      {
                        "Node Type": "Seq Scan",
                        "Parent Relationship": "Outer",
                        "Parallel Aware": true,
                        "Relation Name": "movie_companies",
                        "Alias": "mc",
                        "Startup Cost": 0.0,
                        "Total Cost": 41811.73,
                        "Plan Rows": 534361,
                        "Plan Width": 4,
                        "Actual Startup Time": 62.991,
                        "Actual Total Time": 139.016,
                        "Actual Rows": 549013,
                        "Actual Loops": 2,
                        "Filter": "((company_id > 1886) AND (company_type_id > 1))",
                        "Rows Removed by Filter": 755552
                      }
                    ]
                  }
                ]
              }
            ]
          }
        ]
      }
    ]
  },
  "Planning Time": 0.43,
  "Triggers": [],
  "Execution Time": 792.001
}