{
  "Plan": {
    "Node Type": "Aggregate",
    "Strategy": "Plain",
    "Partial Mode": "Finalize",
    "Parallel Aware": false,
    "Startup Cost": 89037.53,
    "Total Cost": 89037.54,
    "Plan Rows": 1,
    "Plan Width": 8,
    "Actual Startup Time": 193.834,
    "Actual Total Time": 212.776,
    "Actual Rows": 1,
    "Actual Loops": 1,
    "Plans": [
      {
        "Node Type": "Gather",
        "Parent Relationship": "Outer",
        "Parallel Aware": false,
        "Startup Cost": 89037.42,
        "Total Cost": 89037.53,
        "Plan Rows": 1,
        "Plan Width": 8,
        "Actual Startup Time": 193.713,
        "Actual Total Time": 212.769,
        "Actual Rows": 2,
        "Actual Loops": 1,
        "Workers Planned": 1,
        "Workers Launched": 1,
        "Single Copy": false,
        "Plans": [
          {
            "Node Type": "Aggregate",
            "Strategy": "Plain",
            "Partial Mode": "Partial",
            "Parent Relationship": "Outer",
            "Parallel Aware": false,
            "Startup Cost": 88037.42,
            "Total Cost": 88037.43,
            "Plan Rows": 1,
            "Plan Width": 8,
            "Actual Startup Time": 187.837,
            "Actual Total Time": 187.839,
            "Actual Rows": 1,
            "Actual Loops": 2,
            "Plans": [
              {
                "Node Type": "Nested Loop",
                "Parent Relationship": "Outer",
                "Parallel Aware": false,
                "Join Type": "Inner",
                "Startup Cost": 0.43,
                "Total Cost": 88022.29,
                "Plan Rows": 6052,
                "Plan Width": 0,
                "Actual Startup Time": 4.027,
                "Actual Total Time": 187.196,
                "Actual Rows": 10569,
                "Actual Loops": 2,
                "Inner Unique": false,
                "Plans": [
                  {
                    "Node Type": "Seq Scan",
                    "Parent Relationship": "Outer",
                    "Parallel Aware": true,
                    "Relation Name": "title",
                    "Alias": "t",
                    "Startup Cost": 0.0,
                    "Total Cost": 58306.47,
                    "Plan Rows": 3382,
                    "Plan Width": 4,
                    "Actual Startup Time": 3.88,
                    "Actual Total Time": 159.551,
                    "Actual Rows": 2892,
                    "Actual Loops": 2,
                    "Filter": "((kind_id < 7) AND (production_year = 1967))",
                    "Rows Removed by Filter": 1261264
                  },
                  {
                    "Node Type": "Index Only Scan",
                    "Parent Relationship": "Inner",
                    "Parallel Aware": false,
                    "Scan Direction": "Forward",
                    "Index Name": "movie_id_movie_keyword",
                    "Relation Name": "movie_keyword",
                    "Alias": "mk",
                    "Startup Cost": 0.43,
                    "Total Cost": 8.34,
                    "Plan Rows": 45,
                    "Plan Width": 4,
                    "Actual Startup Time": 0.008,
                    "Actual Total Time": 0.009,
                    "Actual Rows": 4,
                    "Actual Loops": 5783,
                    "Index Cond": "(movie_id = t.id)",
                    "Rows Removed by Index Recheck": 0,
                    "Heap Fetches": 21138
                  }
                ]
              }
            ]
          }
        ]
      }
    ]
  },
  "Planning Time": 0.45,
  "Triggers": [],
  "Execution Time": 212.849
}