[
  {
    "Plan": {
      "Node Type": "Aggregate",
      "Strategy": "Plain",
      "Partial Mode": "Finalize",
      "Parallel Aware": false,
      "Startup Cost": 237719.99,
      "Total Cost": 237720.0,
      "Plan Rows": 1,
      "Plan Width": 8,
      "Actual Startup Time": 2582.005,
      "Actual Total Time": 2645.43,
      "Actual Rows": 1,
      "Actual Loops": 1,
      "Plans": [
        {
          "Node Type": "Gather",
          "Parent Relationship": "Outer",
          "Parallel Aware": false,
          "Startup Cost": 237719.67,
          "Total Cost": 237719.98,
          "Plan Rows": 3,
          "Plan Width": 8,
          "Actual Startup Time": 2558.593,
          "Actual Total Time": 2645.419,
          "Actual Rows": 4,
          "Actual Loops": 1,
          "Workers Planned": 3,
          "Workers Launched": 3,
          "Single Copy": false,
          "Plans": [
            {
              "Node Type": "Aggregate",
              "Strategy": "Plain",
              "Partial Mode": "Partial",
              "Parent Relationship": "Outer",
              "Parallel Aware": false,
              "Startup Cost": 236719.67,
              "Total Cost": 236719.68,
              "Plan Rows": 1,
              "Plan Width": 8,
              "Actual Startup Time": 2546.677,
              "Actual Total Time": 2548.052,
              "Actual Rows": 1,
              "Actual Loops": 4,
              "Plans": [
                {
                  "Node Type": "Hash Join",
                  "Parent Relationship": "Outer",
                  "Parallel Aware": true,
                  "Join Type": "Inner",
                  "Startup Cost": 187116.19,
                  "Total Cost": 234355.72,
                  "Plan Rows": 945578,
                  "Plan Width": 0,
                  "Actual Startup Time": 1651.735,
                  "Actual Total Time": 2291.035,
                  "Actual Rows": 6577912,
                  "Actual Loops": 4,
                  "Inner Unique": false,
                  "Hash Cond": "(mk.movie_id = t.id)",
                  "Plans": [
                    {
                      "Node Type": "Seq Scan",
                      "Parent Relationship": "Outer",
                      "Parallel Aware": true,
                      "Relation Name": "movie_keyword",
                      "Alias": "mk",
                      "Startup Cost": 0.0,
                      "Total Cost": 42695.65,
                      "Plan Rows": 707392,
                      "Plan Width": 4,
                      "Actual Startup Time": 0.256,
                      "Actual Total Time": 97.047,
                      "Actual Rows": 545368,
                      "Actual Loops": 4,
                      "Filter": "(keyword_id > 5206)",
                      "Rows Removed by Filter": 585614
                    },
                    {
                      "Node Type": "Hash",
                      "Parent Relationship": "Inner",
                      "Parallel Aware": true,
                      "Startup Cost": 178666.77,
                      "Total Cost": 178666.77,
                      "Plan Rows": 675954,
                      "Plan Width": 8,
                      "Actual Startup Time": 1643.411,
                      "Actual Total Time": 1644.785,
                      "Actual Rows": 1052855,
                      "Actual Loops": 4,
                      "Hash Buckets": 8388608,
                      "Original Hash Buckets": 4194304,
                      "Hash Batches": 1,
                      "Original Hash Batches": 1,
                      "Peak Memory Usage": 263136,
                      "Plans": [
                        {
                          "Node Type": "Hash Join",
                          "Parent Relationship": "Outer",
                          "Parallel Aware": true,
                          "Join Type": "Inner",
                          "Startup Cost": 50220.95,
                          "Total Cost": 178666.77,
                          "Plan Rows": 675954,
                          "Plan Width": 8,
                          "Actual Startup Time": 355.379,
                          "Actual Total Time": 1102.234,
                          "Actual Rows": 1052855,
                          "Actual Loops": 4,
                          "Inner Unique": true,
                          "Hash Cond": "(ci.movie_id = t.id)",
                          "Plans": [
                            {
                              "Node Type": "Index Scan",
                              "Parent Relationship": "Outer",
                              "Parallel Aware": true,
                              "Scan Direction": "Forward",
                              "Index Name": "role_id_cast_info",
                              "Relation Name": "cast_info",
                              "Alias": "ci",
                              "Startup Cost": 0.56,
                              "Total Cost": 126672.01,
                              "Plan Rows": 675954,
                              "Plan Width": 4,
                              "Actual Startup Time": 0.093,
                              "Actual Total Time": 252.236,
                              "Actual Rows": 1052855,
                              "Actual Loops": 4,
                              "Index Cond": "(role_id > 9)",
                              "Rows Removed by Index Recheck": 0,
                              "Filter": "(person_id > 976481)",
                              "Rows Removed by Filter": 106929
                            },
                            {
                              "Node Type": "Hash",
                              "Parent Relationship": "Inner",
                              "Parallel Aware": true,
                              "Startup Cost": 42319.06,
                              "Total Cost": 42319.06,
                              "Plan Rows": 632106,
                              "Plan Width": 4,
                              "Actual Startup Time": 346.992,
                              "Actual Total Time": 346.993,
                              "Actual Rows": 632078,
                              "Actual Loops": 4,
                              "Hash Buckets": 4194304,
                              "Original Hash Buckets": 4194304,
                              "Hash Batches": 1,
                              "Original Hash Batches": 1,
                              "Peak Memory Usage": 131744,
                              "Plans": [
                                {
                                  "Node Type": "Seq Scan",
                                  "Parent Relationship": "Outer",
                                  "Parallel Aware": true,
                                  "Relation Name": "title",
                                  "Alias": "t",
                                  "Startup Cost": 0.0,
                                  "Total Cost": 42319.06,
                                  "Plan Rows": 632106,
                                  "Plan Width": 4,
                                  "Actual Startup Time": 0.056,
                                  "Actual Total Time": 94.551,
                                  "Actual Rows": 632078,
                                  "Actual Loops": 4
                                }
                              ]
                            }
                          ]
                        }
                      ]
                    }
                  ]
                }
              ]
            }
          ]
        }
      ]
    },
    "Planning Time": 0.508,
    "Triggers": [],
    "Execution Time": 2645.482
  }
]