{
  "Plan": {
    "Node Type": "Aggregate",
    "Strategy": "Plain",
    "Partial Mode": "Finalize",
    "Parallel Aware": false,
    "Startup Cost": 257537.54,
    "Total Cost": 257537.55,
    "Plan Rows": 1,
    "Plan Width": 8,
    "Actual Startup Time": 712.161,
    "Actual Total Time": 732.646,
    "Actual Rows": 1,
    "Actual Loops": 1,
    "Plans": [
      {
        "Node Type": "Gather",
        "Parent Relationship": "Outer",
        "Parallel Aware": false,
        "Startup Cost": 257537.43,
        "Total Cost": 257537.54,
        "Plan Rows": 1,
        "Plan Width": 8,
        "Actual Startup Time": 707.735,
        "Actual Total Time": 732.637,
        "Actual Rows": 2,
        "Actual Loops": 1,
        "Workers Planned": 1,
        "Workers Launched": 1,
        "Single Copy": false,
        "Plans": [
          {
            "Node Type": "Aggregate",
            "Strategy": "Plain",
            "Partial Mode": "Partial",
            "Parent Relationship": "Outer",
            "Parallel Aware": false,
            "Startup Cost": 256537.43,
            "Total Cost": 256537.44,
            "Plan Rows": 1,
            "Plan Width": 8,
            "Actual Startup Time": 694.053,
            "Actual Total Time": 694.058,
            "Actual Rows": 1,
            "Actual Loops": 2,
            "Plans": [
              {
                "Node Type": "Hash Join",
                "Parent Relationship": "Outer",
                "Parallel Aware": true,
                "Join Type": "Inner",
                "Startup Cost": 246790.79,
                "Total Cost": 256530.45,
                "Plan Rows": 2792,
                "Plan Width": 0,
                "Actual Startup Time": 667.285,
                "Actual Total Time": 693.294,
                "Actual Rows": 17558,
                "Actual Loops": 2,
                "Inner Unique": false,
                "Hash Cond": "(ci.movie_id = t.id)",
                "Plans": [
                  {
                    "Node Type": "Index Scan",
                    "Parent Relationship": "Outer",
                    "Parallel Aware": true,
                    "Scan Direction": "Forward",
                    "Index Name": "role_id_cast_info",
                    "Relation Name": "cast_info",
                    "Alias": "ci",
                    "Startup Cost": 0.56,
                    "Total Cost": 9590.86,
                    "Plan Rows": 35452,
                    "Plan Width": 4,
                    "Actual Startup Time": 0.055,
                    "Actual Total Time": 20.868,
                    "Actual Rows": 15350,
                    "Actual Loops": 2,
                    "Index Cond": "(role_id > 10)",
                    "Rows Removed by Index Recheck": 0,
                    "Filter": "(person_id < 728569)",
                    "Rows Removed by Filter": 142709
                  },
                  {
                    "Node Type": "Hash",
                    "Parent Relationship": "Inner",
                    "Parallel Aware": true,
                    "Startup Cost": 245326.35,
                    "Total Cost": 245326.35,
                    "Plan Rows": 117110,
                    "Plan Width": 8,
                    "Actual Startup Time": 663.745,
                    "Actual Total Time": 663.749,
                    "Actual Rows": 90056,
                    "Actual Loops": 2,
                    "Hash Buckets": 262144,
                    "Original Hash Buckets": 262144,
                    "Hash Batches": 1,
                    "Original Hash Batches": 1,
                    "Peak Memory Usage": 9120,
                    "Plans": [
                      {
                        "Node Type": "Hash Join",
                        "Parent Relationship": "Outer",
                        "Parallel Aware": true,
                        "Join Type": "Inner",
                        "Startup Cost": 73068.06,
                        "Total Cost": 245326.35,
                        "Plan Rows": 117110,
                        "Plan Width": 8,
                        "Actual Startup Time": 597.229,
                        "Actual Total Time": 645.71,
                        "Actual Rows": 90056,
                        "Actual Loops": 2,
                        "Inner Unique": true,
                        "Hash Cond": "(mi.movie_id = t.id)",
                        "Plans": [
                          {
                            "Node Type": "Bitmap Heap Scan",
                            "Parent Relationship": "Outer",
                            "Parallel Aware": true,
                            "Relation Name": "movie_info",
                            "Alias": "mi",
                            "Startup Cost": 3607.36,
                            "Total Cost": 175558.24,
                            "Plan Rows": 117110,
                            "Plan Width": 4,
                            "Actual Startup Time": 14.065,
                            "Actual Total Time": 33.891,
                            "Actual Rows": 90056,
                            "Actual Loops": 2,
                            "Recheck Cond": "(info_type_id = 13)",
                            "Rows Removed by Index Recheck": 0,
                            "Exact Heap Blocks": 3111,
                            "Lossy Heap Blocks": 0,
                            "Plans": [
                              {
                                "Node Type": "Bitmap Index Scan",
                                "Parent Relationship": "Outer",
                                "Parallel Aware": false,
                                "Index Name": "info_type_id_movie_info",
                                "Startup Cost": 0.0,
                                "Total Cost": 3557.59,
                                "Plan Rows": 199087,
                                "Plan Width": 0,
                                "Actual Startup Time": 13.073,
                                "Actual Total Time": 13.073,
                                "Actual Rows": 180112,
                                "Actual Loops": 1,
                                "Index Cond": "(info_type_id = 13)"
                              }
                            ]
                          },
                          {
                            "Node Type": "Hash",
                            "Parent Relationship": "Inner",
                            "Parallel Aware": true,
                            "Startup Cost": 50870.31,
                            "Total Cost": 50870.31,
                            "Plan Rows": 1487231,
                            "Plan Width": 4,
                            "Actual Startup Time": 564.692,
                            "Actual Total Time": 564.693,
                            "Actual Rows": 1264156,
                            "Actual Loops": 2,
                            "Hash Buckets": 4194304,
                            "Original Hash Buckets": 4194304,
                            "Hash Batches": 1,
                            "Original Hash Batches": 1,
                            "Peak Memory Usage": 131712,
                            "Plans": [
                              {
                                "Node Type": "Seq Scan",
                                "Parent Relationship": "Outer",
                                "Parallel Aware": true,
                                "Relation Name": "title",
                                "Alias": "t",
                                "Startup Cost": 0.0,
                                "Total Cost": 50870.31,
                                "Plan Rows": 1487231,
                                "Plan Width": 4,
                                "Actual Startup Time": 0.048,
                                "Actual Total Time": 163.22,
                                "Actual Rows": 1264156,
                                "Actual Loops": 2
                              }
                            ]
                          }
                        ]
                      }
                    ]
                  }
                ]
              }
            ]
          }
        ]
      }
    ]
  },
  "Planning Time": 1.065,
  "Triggers": [],
  "Execution Time": 732.759
}