{
  "Plan": {
    "Node Type": "Aggregate",
    "Strategy": "Plain",
    "Partial Mode": "Finalize",
    "Parallel Aware": false,
    "Startup Cost": 213627.35,
    "Total Cost": 213627.36,
    "Plan Rows": 1,
    "Plan Width": 8,
    "Actual Startup Time": 651.696,
    "Actual Total Time": 657.13,
    "Actual Rows": 1,
    "Actual Loops": 1,
    "Plans": [
      {
        "Node Type": "Gather",
        "Parent Relationship": "Outer",
        "Parallel Aware": false,
        "Startup Cost": 213627.24,
        "Total Cost": 213627.35,
        "Plan Rows": 1,
        "Plan Width": 8,
        "Actual Startup Time": 651.687,
        "Actual Total Time": 657.124,
        "Actual Rows": 2,
        "Actual Loops": 1,
        "Workers Planned": 1,
        "Workers Launched": 1,
        "Single Copy": false,
        "Plans": [
          {
            "Node Type": "Aggregate",
            "Strategy": "Plain",
            "Partial Mode": "Partial",
            "Parent Relationship": "Outer",
            "Parallel Aware": false,
            "Startup Cost": 212627.24,
            "Total Cost": 212627.25,
            "Plan Rows": 1,
            "Plan Width": 8,
            "Actual Startup Time": 639.646,
            "Actual Total Time": 639.648,
            "Actual Rows": 1,
            "Actual Loops": 2,
            "Plans": [
              {
                "Node Type": "Merge Join",
                "Parent Relationship": "Outer",
                "Parallel Aware": false,
                "Join Type": "Inner",
                "Startup Cost": 205215.43,
                "Total Cost": 212302.54,
                "Plan Rows": 129879,
                "Plan Width": 0,
                "Actual Startup Time": 492.899,
                "Actual Total Time": 635.675,
                "Actual Rows": 93050,
                "Actual Loops": 2,
                "Inner Unique": true,
                "Merge Cond": "(mc.movie_id = t.id)",
                "Plans": [
                  {
                    "Node Type": "Sort",
                    "Parent Relationship": "Outer",
                    "Parallel Aware": false,
                    "Startup Cost": 84803.78,
                    "Total Cost": 86041.51,
                    "Plan Rows": 495091,
                    "Plan Width": 4,
                    "Actual Startup Time": 200.202,
                    "Actual Total Time": 217.447,
                    "Actual Rows": 417793,
                    "Actual Loops": 2,
                    "Sort Key": [
                      "mc.movie_id"
                    ],
                    "Sort Method": "quicksort",
                    "Sort Space Used": 35548,
                    "Sort Space Type": "Memory",
                    "Workers": [
                      {
                        "Worker Number": 0,
                        "Sort Method": "quicksort",
                        "Sort Space Used": 28197,
                        "Sort Space Type": "Memory"
                      }
                    ],
                    "Plans": [
                      {
                        "Node Type": "Seq Scan",
                        "Parent Relationship": "Outer",
                        "Parallel Aware": true,
                        "Relation Name": "movie_companies",
                        "Alias": "mc",
                        "Startup Cost": 0.0,
                        "Total Cost": 37974.77,
                        "Plan Rows": 495091,
                        "Plan Width": 4,
                        "Actual Startup Time": 0.033,
                        "Actual Total Time": 118.553,
                        "Actual Rows": 417793,
                        "Actual Loops": 2,
                        "Filter": "(company_id < 2151)",
                        "Rows Removed by Filter": 886772
                      }
                    ]
                  },
                  {
                    "Node Type": "Sort",
                    "Parent Relationship": "Inner",
                    "Parallel Aware": false,
                    "Startup Cost": 120411.59,
                    "Total Cost": 122069.73,
                    "Plan Rows": 663256,
                    "Plan Width": 4,
                    "Actual Startup Time": 271.477,
                    "Actual Total Time": 345.634,
                    "Actual Rows": 661607,
                    "Actual Loops": 2,
                    "Sort Key": [
                      "t.id"
                    ],
                    "Sort Method": "quicksort",
                    "Sort Space Used": 55646,
                    "Sort Space Type": "Memory",
                    "Workers": [
                      {
                        "Worker Number": 0,
                        "Sort Method": "quicksort",
                        "Sort Space Used": 55646,
                        "Sort Space Type": "Memory"
                      }
                    ],
                    "Plans": [
                      {
                        "Node Type": "Bitmap Heap Scan",
                        "Parent Relationship": "Outer",
                        "Parallel Aware": false,
                        "Relation Name": "title",
                        "Alias": "t",
                        "Startup Cost": 11988.66,
                        "Total Cost": 56277.36,
                        "Plan Rows": 663256,
                        "Plan Width": 4,
                        "Actual Startup Time": 21.058,
                        "Actual Total Time": 111.024,
                        "Actual Rows": 662825,
                        "Actual Loops": 2,
                        "Recheck Cond": "(kind_id = 1)",
                        "Rows Removed by Index Recheck": 0,
                        "Exact Heap Blocks": 12863,
                        "Lossy Heap Blocks": 0,
                        "Plans": [
                          {
                            "Node Type": "Bitmap Index Scan",
                            "Parent Relationship": "Outer",
                            "Parallel Aware": false,
                            "Index Name": "kind_id_title",
                            "Startup Cost": 0.0,
                            "Total Cost": 11822.85,
                            "Plan Rows": 663256,
                            "Plan Width": 0,
                            "Actual Startup Time": 19.582,
                            "Actual Total Time": 19.582,
                            "Actual Rows": 662825,
                            "Actual Loops": 2,
                            "Index Cond": "(kind_id = 1)"
                          }
                        ]
                      }
                    ]
                  }
                ]
              }
            ]
          }
        ]
      }
    ]
  },
  "Planning Time": 0.704,
  "Triggers": [],
  "Execution Time": 660.51
}