[
    {
        "Bao": {
            "Bao prediction": "NaN",
            "Bao recommended hint": "(no hint)"
        }
    },
    {
        "Plan": {
            "Node Type": "Aggregate",
            "Strategy": "Plain",
            "Partial Mode": "Finalize",
            "Parallel Aware": false,
            "Startup Cost": 349749.28,
            "Total Cost": 349749.29,
            "Plan Rows": 1,
            "Plan Width": 8,
            "Actual Startup Time": 894.366,
            "Actual Total Time": 931.435,
            "Actual Rows": 1,
            "Actual Loops": 1,
            "Output": [
                "count(*)"
            ],
            "Plans": [
                {
                    "Node Type": "Gather",
                    "Parent Relationship": "Outer",
                    "Parallel Aware": false,
                    "Startup Cost": 349748.66,
                    "Total Cost": 349749.27,
                    "Plan Rows": 6,
                    "Plan Width": 8,
                    "Actual Startup Time": 894.23,
                    "Actual Total Time": 931.424,
                    "Actual Rows": 7,
                    "Actual Loops": 1,
                    "Output": [
                        "(PARTIAL count(*))"
                    ],
                    "Workers Planned": 6,
                    "Workers Launched": 6,
                    "Single Copy": false,
                    "Plans": [
                        {
                            "Node Type": "Aggregate",
                            "Strategy": "Plain",
                            "Partial Mode": "Partial",
                            "Parent Relationship": "Outer",
                            "Parallel Aware": false,
                            "Startup Cost": 348748.66,
                            "Total Cost": 348748.67,
                            "Plan Rows": 1,
                            "Plan Width": 8,
                            "Actual Startup Time": 883.913,
                            "Actual Total Time": 883.914,
                            "Actual Rows": 1,
                            "Actual Loops": 7,
                            "Output": [
                                "PARTIAL count(*)"
                            ],
                            "Workers": [
                                {
                                    "Worker Number": 0,
                                    "Actual Startup Time": 882.516,
                                    "Actual Total Time": 882.517,
                                    "Actual Rows": 1,
                                    "Actual Loops": 1
                                },
                                {
                                    "Worker Number": 1,
                                    "Actual Startup Time": 879.816,
                                    "Actual Total Time": 879.817,
                                    "Actual Rows": 1,
                                    "Actual Loops": 1
                                },
                                {
                                    "Worker Number": 2,
                                    "Actual Startup Time": 883.082,
                                    "Actual Total Time": 883.083,
                                    "Actual Rows": 1,
                                    "Actual Loops": 1
                                },
                                {
                                    "Worker Number": 3,
                                    "Actual Startup Time": 883.127,
                                    "Actual Total Time": 883.128,
                                    "Actual Rows": 1,
                                    "Actual Loops": 1
                                },
                                {
                                    "Worker Number": 4,
                                    "Actual Startup Time": 883.739,
                                    "Actual Total Time": 883.741,
                                    "Actual Rows": 1,
                                    "Actual Loops": 1
                                },
                                {
                                    "Worker Number": 5,
                                    "Actual Startup Time": 881.33,
                                    "Actual Total Time": 881.331,
                                    "Actual Rows": 1,
                                    "Actual Loops": 1
                                }
                            ],
                            "Plans": [
                                {
                                    "Node Type": "Seq Scan",
                                    "Parent Relationship": "Outer",
                                    "Parallel Aware": true,
                                    "Relation Name": "cast_info",
                                    "Schema": "public",
                                    "Alias": "ci",
                                    "Startup Cost": 0.0,
                                    "Total Cost": 343318.94,
                                    "Plan Rows": 2171887,
                                    "Plan Width": 0,
                                    "Actual Startup Time": 0.067,
                                    "Actual Total Time": 753.63,
                                    "Actual Rows": 2243752,
                                    "Actual Loops": 7,
                                    "Output": [
                                        "id",
                                        "person_id",
                                        "movie_id",
                                        "person_role_id",
                                        "note",
                                        "nr_order",
                                        "role_id"
                                    ],
                                    "Filter": "((ci.person_id < 1942401) AND (ci.role_id < 4))",
                                    "Rows Removed by Filter": 2934011,
                                    "Workers": [
                                        {
                                            "Worker Number": 0,
                                            "Actual Startup Time": 0.097,
                                            "Actual Total Time": 752.71,
                                            "Actual Rows": 1916580,
                                            "Actual Loops": 1
                                        },
                                        {
                                            "Worker Number": 1,
                                            "Actual Startup Time": 0.084,
                                            "Actual Total Time": 753.914,
                                            "Actual Rows": 1625029,
                                            "Actual Loops": 1
                                        },
                                        {
                                            "Worker Number": 2,
                                            "Actual Startup Time": 0.064,
                                            "Actual Total Time": 752.777,
                                            "Actual Rows": 1929321,
                                            "Actual Loops": 1
                                        },
                                        {
                                            "Worker Number": 3,
                                            "Actual Startup Time": 0.074,
                                            "Actual Total Time": 756.955,
                                            "Actual Rows": 3002669,
                                            "Actual Loops": 1
                                        },
                                        {
                                            "Worker Number": 4,
                                            "Actual Startup Time": 0.059,
                                            "Actual Total Time": 753.271,
                                            "Actual Rows": 1921811,
                                            "Actual Loops": 1
                                        },
                                        {
                                            "Worker Number": 5,
                                            "Actual Startup Time": 0.072,
                                            "Actual Total Time": 753.637,
                                            "Actual Rows": 1627763,
                                            "Actual Loops": 1
                                        }
                                    ]
                                }
                            ]
                        }
                    ]
                }
            ]
        },
        "Planning Time": 199.121,
        "Triggers": [],
        "Execution Time": 931.527
    }
]