[
  {
    "Plan": {
      "Node Type": "Aggregate",
      "Strategy": "Plain",
      "Partial Mode": "Finalize",
      "Parallel Aware": false,
      "Startup Cost": 260842.25,
      "Total Cost": 260842.26,
      "Plan Rows": 1,
      "Plan Width": 8,
      "Actual Startup Time": 716.848,
      "Actual Total Time": 742.076,
      "Actual Rows": 1,
      "Actual Loops": 1,
      "Plans": [
        {
          "Node Type": "Gather",
          "Parent Relationship": "Outer",
          "Parallel Aware": false,
          "Startup Cost": 260841.94,
          "Total Cost": 260842.25,
          "Plan Rows": 3,
          "Plan Width": 8,
          "Actual Startup Time": 700.362,
          "Actual Total Time": 742.066,
          "Actual Rows": 4,
          "Actual Loops": 1,
          "Workers Planned": 3,
          "Workers Launched": 3,
          "Single Copy": false,
          "Plans": [
            {
              "Node Type": "Aggregate",
              "Strategy": "Plain",
              "Partial Mode": "Partial",
              "Parent Relationship": "Outer",
              "Parallel Aware": false,
              "Startup Cost": 259841.94,
              "Total Cost": 259841.95,
              "Plan Rows": 1,
              "Plan Width": 8,
              "Actual Startup Time": 690.626,
              "Actual Total Time": 690.633,
              "Actual Rows": 1,
              "Actual Loops": 4,
              "Plans": [
                {
                  "Node Type": "Hash Join",
                  "Parent Relationship": "Outer",
                  "Parallel Aware": true,
                  "Join Type": "Inner",
                  "Startup Cost": 232343.21,
                  "Total Cost": 259779.59,
                  "Plan Rows": 24938,
                  "Plan Width": 0,
                  "Actual Startup Time": 577.227,
                  "Actual Total Time": 683.618,
                  "Actual Rows": 125322,
                  "Actual Loops": 4,
                  "Inner Unique": false,
                  "Hash Cond": "(mk.movie_id = t.id)",
                  "Plans": [
                    {
                      "Node Type": "Bitmap Heap Scan",
                      "Parent Relationship": "Outer",
                      "Parallel Aware": true,
                      "Relation Name": "movie_keyword",
                      "Alias": "mk",
                      "Startup Cost": 11868.02,
                      "Total Cost": 38577.79,
                      "Plan Rows": 180462,
                      "Plan Width": 4,
                      "Actual Startup Time": 54.055,
                      "Actual Total Time": 118.37,
                      "Actual Rows": 137130,
                      "Actual Loops": 4,
                      "Recheck Cond": "(keyword_id > 33564)",
                      "Rows Removed by Index Recheck": 0,
                      "Exact Heap Blocks": 6235,
                      "Lossy Heap Blocks": 0,
                      "Plans": [
                        {
                          "Node Type": "Bitmap Index Scan",
                          "Parent Relationship": "Outer",
                          "Parallel Aware": false,
                          "Index Name": "keyword_id_movie_keyword",
                          "Startup Cost": 0.0,
                          "Total Cost": 11728.17,
                          "Plan Rows": 559431,
                          "Plan Width": 0,
                          "Actual Startup Time": 48.373,
                          "Actual Total Time": 48.374,
                          "Actual Rows": 548522,
                          "Actual Loops": 1,
                          "Index Cond": "(keyword_id > 33564)"
                        }
                      ]
                    },
                    {
                      "Node Type": "Hash",
                      "Parent Relationship": "Inner",
                      "Parallel Aware": true,
                      "Startup Cost": 219601.72,
                      "Total Cost": 219601.72,
                      "Plan Rows": 69877,
                      "Plan Width": 8,
                      "Actual Startup Time": 519.898,
                      "Actual Total Time": 519.903,
                      "Actual Rows": 82214,
                      "Actual Loops": 4,
                      "Hash Buckets": 524288,
                      "Original Hash Buckets": 524288,
                      "Hash Batches": 1,
                      "Original Hash Batches": 1,
                      "Peak Memory Usage": 17024,
                      "Plans": [
                        {
                          "Node Type": "Hash Join",
                          "Parent Relationship": "Outer",
                          "Parallel Aware": true,
                          "Join Type": "Inner",
                          "Startup Cost": 56551.83,
                          "Total Cost": 219601.72,
                          "Plan Rows": 69877,
                          "Plan Width": 8,
                          "Actual Startup Time": 396.33,
                          "Actual Total Time": 490.194,
                          "Actual Rows": 82214,
                          "Actual Loops": 4,
                          "Inner Unique": true,
                          "Hash Cond": "(mi.movie_id = t.id)",
                          "Plans": [
                            {
                              "Node Type": "Bitmap Heap Scan",
                              "Parent Relationship": "Outer",
                              "Parallel Aware": true,
                              "Relation Name": "movie_info",
                              "Alias": "mi",
                              "Startup Cost": 6332.18,
                              "Total Cost": 169198.65,
                              "Plan Rows": 69877,
                              "Plan Width": 4,
                              "Actual Startup Time": 17.142,
                              "Actual Total Time": 60.866,
                              "Actual Rows": 82214,
                              "Actual Loops": 4,
                              "Recheck Cond": "(info_type_id = 98)",
                              "Rows Removed by Index Recheck": 0,
                              "Exact Heap Blocks": 6121,
                              "Lossy Heap Blocks": 0,
                              "Plans": [
                                {
                                  "Node Type": "Bitmap Index Scan",
                                  "Parent Relationship": "Outer",
                                  "Parallel Aware": false,
                                  "Index Name": "info_type_id_movie_info",
                                  "Startup Cost": 0.0,
                                  "Total Cost": 6244.84,
                                  "Plan Rows": 349387,
                                  "Plan Width": 0,
                                  "Actual Startup Time": 13.283,
                                  "Actual Total Time": 13.283,
                                  "Actual Rows": 328857,
                                  "Actual Loops": 1,
                                  "Index Cond": "(info_type_id = 98)"
                                }
                              ]
                            },
                            {
                              "Node Type": "Hash",
                              "Parent Relationship": "Inner",
                              "Parallel Aware": true,
                              "Startup Cost": 42318.73,
                              "Total Cost": 42318.73,
                              "Plan Rows": 632073,
                              "Plan Width": 4,
                              "Actual Startup Time": 369.373,
                              "Actual Total Time": 369.374,
                              "Actual Rows": 632078,
                              "Actual Loops": 4,
                              "Hash Buckets": 4194304,
                              "Original Hash Buckets": 4194304,
                              "Hash Batches": 1,
                              "Original Hash Batches": 1,
                              "Peak Memory Usage": 131744,
                              "Plans": [
                                {
                                  "Node Type": "Seq Scan",
                                  "Parent Relationship": "Outer",
                                  "Parallel Aware": true,
                                  "Relation Name": "title",
                                  "Alias": "t",
                                  "Startup Cost": 0.0,
                                  "Total Cost": 42318.73,
                                  "Plan Rows": 632073,
                                  "Plan Width": 4,
                                  "Actual Startup Time": 0.052,
                                  "Actual Total Time": 103.475,
                                  "Actual Rows": 632078,
                                  "Actual Loops": 4
                                }
                              ]
                            }
                          ]
                        }
                      ]
                    }
                  ]
                }
              ]
            }
          ]
        }
      ]
    },
    "Planning Time": 1.39,
    "Triggers": [],
    "Execution Time": 742.25
  }
]