[
  {
    "Plan": {
      "Node Type": "Aggregate",
      "Strategy": "Plain",
      "Partial Mode": "Finalize",
      "Parallel Aware": false,
      "Startup Cost": 385729.61,
      "Total Cost": 385729.62,
      "Plan Rows": 1,
      "Plan Width": 8,
      "Actual Startup Time": 1321.491,
      "Actual Total Time": 1375.997,
      "Actual Rows": 1,
      "Actual Loops": 1,
      "Plans": [
        {
          "Node Type": "Gather",
          "Parent Relationship": "Outer",
          "Parallel Aware": false,
          "Startup Cost": 385728.98,
          "Total Cost": 385729.59,
          "Plan Rows": 6,
          "Plan Width": 8,
          "Actual Startup Time": 1320.053,
          "Actual Total Time": 1375.985,
          "Actual Rows": 7,
          "Actual Loops": 1,
          "Workers Planned": 6,
          "Workers Launched": 6,
          "Single Copy": false,
          "Plans": [
            {
              "Node Type": "Aggregate",
              "Strategy": "Plain",
              "Partial Mode": "Partial",
              "Parent Relationship": "Outer",
              "Parallel Aware": false,
              "Startup Cost": 384728.98,
              "Total Cost": 384728.99,
              "Plan Rows": 1,
              "Plan Width": 8,
              "Actual Startup Time": 1310.91,
              "Actual Total Time": 1310.913,
              "Actual Rows": 1,
              "Actual Loops": 7,
              "Plans": [
                {
                  "Node Type": "Hash Join",
                  "Parent Relationship": "Outer",
                  "Parallel Aware": true,
                  "Join Type": "Inner",
                  "Startup Cost": 44616.0,
                  "Total Cost": 383782.63,
                  "Plan Rows": 378542,
                  "Plan Width": 0,
                  "Actual Startup Time": 211.543,
                  "Actual Total Time": 1292.815,
                  "Actual Rows": 357315,
                  "Actual Loops": 7,
                  "Inner Unique": true,
                  "Hash Cond": "(ci.movie_id = t.id)",
                  "Plans": [
                    {
                      "Node Type": "Seq Scan",
                      "Parent Relationship": "Outer",
                      "Parallel Aware": true,
                      "Relation Name": "cast_info",
                      "Alias": "ci",
                      "Startup Cost": 0.0,
                      "Total Cost": 328211.39,
                      "Plan Rows": 4173415,
                      "Plan Width": 4,
                      "Actual Startup Time": 117.179,
                      "Actual Total Time": 619.405,
                      "Actual Rows": 3563674,
                      "Actual Loops": 7,
                      "Filter": "(person_id > 1109368)",
                      "Rows Removed by Filter": 1614089
                    },
                    {
                      "Node Type": "Hash",
                      "Parent Relationship": "Inner",
                      "Parallel Aware": true,
                      "Startup Cost": 43899.32,
                      "Total Cost": 43899.32,
                      "Plan Rows": 57334,
                      "Plan Width": 4,
                      "Actual Startup Time": 92.298,
                      "Actual Total Time": 92.299,
                      "Actual Rows": 33093,
                      "Actual Loops": 7,
                      "Hash Buckets": 262144,
                      "Original Hash Buckets": 262144,
                      "Hash Batches": 1,
                      "Original Hash Batches": 1,
                      "Peak Memory Usage": 11264,
                      "Plans": [
                        {
                          "Node Type": "Seq Scan",
                          "Parent Relationship": "Outer",
                          "Parallel Aware": true,
                          "Relation Name": "title",
                          "Alias": "t",
                          "Startup Cost": 0.0,
                          "Total Cost": 43899.32,
                          "Plan Rows": 57334,
                          "Plan Width": 4,
                          "Actual Startup Time": 0.044,
                          "Actual Total Time": 77.046,
                          "Actual Rows": 33093,
                          "Actual Loops": 7,
                          "Filter": "(production_year > 2011)",
                          "Rows Removed by Filter": 328095
                        }
                      ]
                    }
                  ]
                }
              ]
            }
          ]
        }
      ]
    },
    "Planning Time": 0.456,
    "Triggers": [],
    "Execution Time": 1376.076
  }
]