[
  {
    "Plan": {
      "Node Type": "Aggregate",
      "Strategy": "Plain",
      "Partial Mode": "Finalize",
      "Parallel Aware": false,
      "Startup Cost": 46744.65,
      "Total Cost": 46744.66,
      "Plan Rows": 1,
      "Plan Width": 8,
      "Actual Startup Time": 98.084,
      "Actual Total Time": 110.08,
      "Actual Rows": 1,
      "Actual Loops": 1,
      "Plans": [
        {
          "Node Type": "Gather",
          "Parent Relationship": "Outer",
          "Parallel Aware": false,
          "Startup Cost": 46744.23,
          "Total Cost": 46744.64,
          "Plan Rows": 4,
          "Plan Width": 8,
          "Actual Startup Time": 97.899,
          "Actual Total Time": 110.064,
          "Actual Rows": 5,
          "Actual Loops": 1,
          "Workers Planned": 4,
          "Workers Launched": 4,
          "Single Copy": false,
          "Plans": [
            {
              "Node Type": "Aggregate",
              "Strategy": "Plain",
              "Partial Mode": "Partial",
              "Parent Relationship": "Outer",
              "Parallel Aware": false,
              "Startup Cost": 45744.23,
              "Total Cost": 45744.24,
              "Plan Rows": 1,
              "Plan Width": 8,
              "Actual Startup Time": 91.848,
              "Actual Total Time": 91.851,
              "Actual Rows": 1,
              "Actual Loops": 5,
              "Plans": [
                {
                  "Node Type": "Seq Scan",
                  "Parent Relationship": "Outer",
                  "Parallel Aware": true,
                  "Relation Name": "title",
                  "Alias": "t",
                  "Startup Cost": 0.0,
                  "Total Cost": 45479.59,
                  "Plan Rows": 105856,
                  "Plan Width": 0,
                  "Actual Startup Time": 42.553,
                  "Actual Total Time": 88.889,
                  "Actual Rows": 61820,
                  "Actual Loops": 5,
                  "Filter": "((production_year > 1995) AND (kind_id = 1))",
                  "Rows Removed by Filter": 443843
                }
              ]
            }
          ]
        }
      ]
    },
    "Planning Time": 0.199,
    "Triggers": [],
    "Execution Time": 110.149
  }
]