[
  {
    "Plan": {
      "Node Type": "Aggregate",
      "Strategy": "Plain",
      "Partial Mode": "Finalize",
      "Parallel Aware": false,
      "Startup Cost": 46744.03,
      "Total Cost": 46744.04,
      "Plan Rows": 1,
      "Plan Width": 8,
      "Actual Startup Time": 103.332,
      "Actual Total Time": 114.406,
      "Actual Rows": 1,
      "Actual Loops": 1,
      "Plans": [
        {
          "Node Type": "Gather",
          "Parent Relationship": "Outer",
          "Parallel Aware": false,
          "Startup Cost": 46743.61,
          "Total Cost": 46744.02,
          "Plan Rows": 4,
          "Plan Width": 8,
          "Actual Startup Time": 103.187,
          "Actual Total Time": 114.398,
          "Actual Rows": 5,
          "Actual Loops": 1,
          "Workers Planned": 4,
          "Workers Launched": 4,
          "Single Copy": false,
          "Plans": [
            {
              "Node Type": "Aggregate",
              "Strategy": "Plain",
              "Partial Mode": "Partial",
              "Parent Relationship": "Outer",
              "Parallel Aware": false,
              "Startup Cost": 45743.61,
              "Total Cost": 45743.62,
              "Plan Rows": 1,
              "Plan Width": 8,
              "Actual Startup Time": 94.034,
              "Actual Total Time": 94.035,
              "Actual Rows": 1,
              "Actual Loops": 5,
              "Plans": [
                {
                  "Node Type": "Seq Scan",
                  "Parent Relationship": "Outer",
                  "Parallel Aware": true,
                  "Relation Name": "title",
                  "Alias": "t",
                  "Startup Cost": 0.0,
                  "Total Cost": 45479.1,
                  "Plan Rows": 105803,
                  "Plan Width": 0,
                  "Actual Startup Time": 47.08,
                  "Actual Total Time": 91.198,
                  "Actual Rows": 61820,
                  "Actual Loops": 5,
                  "Filter": "((production_year > 1995) AND (kind_id = 1))",
                  "Rows Removed by Filter": 443843
                }
              ]
            }
          ]
        }
      ]
    },
    "Planning Time": 0.21,
    "Triggers": [],
    "Execution Time": 114.468
  }
]