[
  {
    "Plan": {
      "Node Type": "Aggregate",
      "Strategy": "Plain",
      "Partial Mode": "Finalize",
      "Parallel Aware": false,
      "Startup Cost": 47563.71,
      "Total Cost": 47563.72,
      "Plan Rows": 1,
      "Plan Width": 8,
      "Actual Startup Time": 128.044,
      "Actual Total Time": 141.63,
      "Actual Rows": 1,
      "Actual Loops": 1,
      "Plans": [
        {
          "Node Type": "Gather",
          "Parent Relationship": "Outer",
          "Parallel Aware": false,
          "Startup Cost": 47563.29,
          "Total Cost": 47563.7,
          "Plan Rows": 4,
          "Plan Width": 8,
          "Actual Startup Time": 127.631,
          "Actual Total Time": 141.617,
          "Actual Rows": 5,
          "Actual Loops": 1,
          "Workers Planned": 4,
          "Workers Launched": 4,
          "Single Copy": false,
          "Plans": [
            {
              "Node Type": "Aggregate",
              "Strategy": "Plain",
              "Partial Mode": "Partial",
              "Parent Relationship": "Outer",
              "Parallel Aware": false,
              "Startup Cost": 46563.29,
              "Total Cost": 46563.3,
              "Plan Rows": 1,
              "Plan Width": 8,
              "Actual Startup Time": 118.787,
              "Actual Total Time": 118.788,
              "Actual Rows": 1,
              "Actual Loops": 5,
              "Plans": [
                {
                  "Node Type": "Seq Scan",
                  "Parent Relationship": "Outer",
                  "Parallel Aware": true,
                  "Relation Name": "title",
                  "Alias": "t",
                  "Startup Cost": 0.0,
                  "Total Cost": 45479.59,
                  "Plan Rows": 433482,
                  "Plan Width": 0,
                  "Actual Startup Time": 0.049,
                  "Actual Total Time": 98.854,
                  "Actual Rows": 359980,
                  "Actual Loops": 5,
                  "Filter": "((kind_id > 1) AND (production_year > 1930))",
                  "Rows Removed by Filter": 145682
                }
              ]
            }
          ]
        }
      ]
    },
    "Planning Time": 0.198,
    "Triggers": [],
    "Execution Time": 141.694
  }
]