{
    "Plan": {
        "Node Type": "Aggregate",
        "Strategy": "Plain",
        "Partial Mode": "Finalize",
        "Parallel Aware": false,
        "Startup Cost": 36042.43,
        "Total Cost": 36042.44,
        "Plan Rows": 1,
        "Plan Width": 8,
        "Actual Startup Time": 86.321,
        "Actual Total Time": 94.861,
        "Actual Rows": 1,
        "Actual Loops": 1,
        "Output": [
            "count(*)"
        ],
        "Plans": [
            {
                "Node Type": "Gather",
                "Parent Relationship": "Outer",
                "Parallel Aware": false,
                "Startup Cost": 36042.21,
                "Total Cost": 36042.42,
                "Plan Rows": 2,
                "Plan Width": 8,
                "Actual Startup Time": 86.187,
                "Actual Total Time": 94.853,
                "Actual Rows": 3,
                "Actual Loops": 1,
                "Output": [
                    "(PARTIAL count(*))"
                ],
                "Workers Planned": 2,
                "Workers Launched": 2,
                "Single Copy": false,
                "Plans": [
                    {
                        "Node Type": "Aggregate",
                        "Strategy": "Plain",
                        "Partial Mode": "Partial",
                        "Parent Relationship": "Outer",
                        "Parallel Aware": false,
                        "Startup Cost": 35042.21,
                        "Total Cost": 35042.22,
                        "Plan Rows": 1,
                        "Plan Width": 8,
                        "Actual Startup Time": 77.98,
                        "Actual Total Time": 77.982,
                        "Actual Rows": 1,
                        "Actual Loops": 3,
                        "Output": [
                            "PARTIAL count(*)"
                        ],
                        "Workers": [
                            {
                                "Worker Number": 0,
                                "Actual Startup Time": 74.152,
                                "Actual Total Time": 74.154,
                                "Actual Rows": 1,
                                "Actual Loops": 1
                            },
                            {
                                "Worker Number": 1,
                                "Actual Startup Time": 74.258,
                                "Actual Total Time": 74.261,
                                "Actual Rows": 1,
                                "Actual Loops": 1
                            }
                        ],
                        "Plans": [
                            {
                                "Node Type": "Nested Loop",
                                "Parent Relationship": "Outer",
                                "Parallel Aware": false,
                                "Join Type": "Inner",
                                "Startup Cost": 16929.26,
                                "Total Cost": 35041.48,
                                "Plan Rows": 295,
                                "Plan Width": 0,
                                "Actual Startup Time": 25.094,
                                "Actual Total Time": 77.945,
                                "Actual Rows": 203,
                                "Actual Loops": 3,
                                "Inner Unique": true,
                                "Join Filter": "(mc.movie_id = t.id)",
                                "Rows Removed by Join Filter": 0,
                                "Workers": [
                                    {
                                        "Worker Number": 0,
                                        "Actual Startup Time": 31.079,
                                        "Actual Total Time": 74.115,
                                        "Actual Rows": 184,
                                        "Actual Loops": 1
                                    },
                                    {
                                        "Worker Number": 1,
                                        "Actual Startup Time": 30.223,
                                        "Actual Total Time": 74.225,
                                        "Actual Rows": 158,
                                        "Actual Loops": 1
                                    }
                                ],
                                "Plans": [
                                    {
                                        "Node Type": "Hash Join",
                                        "Parent Relationship": "Outer",
                                        "Parallel Aware": false,
                                        "Join Type": "Inner",
                                        "Startup Cost": 16928.83,
                                        "Total Cost": 33738.89,
                                        "Plan Rows": 1528,
                                        "Plan Width": 8,
                                        "Actual Startup Time": 25.023,
                                        "Actual Total Time": 75.001,
                                        "Actual Rows": 203,
                                        "Actual Loops": 3,
                                        "Output": [
                                            "mc.movie_id",
                                            "mi_idx.movie_id"
                                        ],
                                        "Inner Unique": false,
                                        "Hash Cond": "(mi_idx.movie_id = mc.movie_id)",
                                        "Workers": [
                                            {
                                                "Worker Number": 0,
                                                "Actual Startup Time": 30.992,
                                                "Actual Total Time": 70.34,
                                                "Actual Rows": 184,
                                                "Actual Loops": 1
                                            },
                                            {
                                                "Worker Number": 1,
                                                "Actual Startup Time": 30.121,
                                                "Actual Total Time": 70.664,
                                                "Actual Rows": 158,
                                                "Actual Loops": 1
                                            }
                                        ],
                                        "Plans": [
                                            {
                                                "Node Type": "Seq Scan",
                                                "Parent Relationship": "Outer",
                                                "Parallel Aware": true,
                                                "Relation Name": "movie_info_idx",
                                                "Schema": "public",
                                                "Alias": "mi_idx",
                                                "Startup Cost": 0.0,
                                                "Total Cost": 15122.68,
                                                "Plan Rows": 191097,
                                                "Plan Width": 4,
                                                "Actual Startup Time": 0.028,
                                                "Actual Total Time": 39.287,
                                                "Actual Rows": 153308,
                                                "Actual Loops": 3,
                                                "Output": [
                                                    "mi_idx.id",
                                                    "mi_idx.movie_id",
                                                    "mi_idx.info_type_id",
                                                    "mi_idx.info",
                                                    "mi_idx.note"
                                                ],
                                                "Filter": "(mi_idx.info_type_id = 101)",
                                                "Rows Removed by Filter": 306703,
                                                "Workers": [
                                                    {
                                                        "Worker Number": 0,
                                                        "Actual Startup Time": 0.029,
                                                        "Actual Total Time": 30.642,
                                                        "Actual Rows": 123358,
                                                        "Actual Loops": 1
                                                    },
                                                    {
                                                        "Worker Number": 1,
                                                        "Actual Startup Time": 0.033,
                                                        "Actual Total Time": 31.828,
                                                        "Actual Rows": 116918,
                                                        "Actual Loops": 1
                                                    }
                                                ]
                                            },
                                            {
                                                "Node Type": "Hash",
                                                "Parent Relationship": "Inner",
                                                "Parallel Aware": false,
                                                "Startup Cost": 16880.05,
                                                "Total Cost": 16880.05,
                                                "Plan Rows": 3902,
                                                "Plan Width": 4,
                                                "Actual Startup Time": 23.769,
                                                "Actual Total Time": 23.77,
                                                "Actual Rows": 2708,
                                                "Actual Loops": 3,
                                                "Output": [
                                                    "mc.movie_id"
                                                ],
                                                "Hash Buckets": 4096,
                                                "Original Hash Buckets": 4096,
                                                "Hash Batches": 1,
                                                "Original Hash Batches": 1,
                                                "Peak Memory Usage": 128,
                                                "Workers": [
                                                    {
                                                        "Worker Number": 0,
                                                        "Actual Startup Time": 30.031,
                                                        "Actual Total Time": 30.031,
                                                        "Actual Rows": 2708,
                                                        "Actual Loops": 1
                                                    },
                                                    {
                                                        "Worker Number": 1,
                                                        "Actual Startup Time": 29.611,
                                                        "Actual Total Time": 29.612,
                                                        "Actual Rows": 2708,
                                                        "Actual Loops": 1
                                                    }
                                                ],
                                                "Plans": [
                                                    {
                                                        "Node Type": "Index Scan",
                                                        "Parent Relationship": "Outer",
                                                        "Parallel Aware": false,
                                                        "Scan Direction": "Forward",
                                                        "Index Name": "company_id_movie_companies",
                                                        "Relation Name": "movie_companies",
                                                        "Schema": "public",
                                                        "Alias": "mc",
                                                        "Startup Cost": 0.43,
                                                        "Total Cost": 16880.05,
                                                        "Plan Rows": 3902,
                                                        "Plan Width": 4,
                                                        "Actual Startup Time": 17.114,
                                                        "Actual Total Time": 22.798,
                                                        "Actual Rows": 2708,
                                                        "Actual Loops": 3,
                                                        "Output": [
                                                            "mc.movie_id"
                                                        ],
                                                        "Index Cond": "(mc.company_id = 302)",
                                                        "Rows Removed by Index Recheck": 0,
                                                        "Filter": "(mc.company_type_id = 2)",
                                                        "Rows Removed by Filter": 3978,
                                                        "Workers": [
                                                            {
                                                                "Worker Number": 0,
                                                                "Actual Startup Time": 22.585,
                                                                "Actual Total Time": 29.067,
                                                                "Actual Rows": 2708,
                                                                "Actual Loops": 1
                                                            },
                                                            {
                                                                "Worker Number": 1,
                                                                "Actual Startup Time": 22.135,
                                                                "Actual Total Time": 28.678,
                                                                "Actual Rows": 2708,
                                                                "Actual Loops": 1
                                                            }
                                                        ]
                                                    }
                                                ]
                                            }
                                        ]
                                    },
                                    {
                                        "Node Type": "Index Only Scan",
                                        "Parent Relationship": "Inner",
                                        "Parallel Aware": false,
                                        "Scan Direction": "Forward",
                                        "Index Name": "title_pkey",
                                        "Relation Name": "title",
                                        "Schema": "public",
                                        "Alias": "t",
                                        "Startup Cost": 0.43,
                                        "Total Cost": 0.84,
                                        "Plan Rows": 1,
                                        "Plan Width": 4,
                                        "Actual Startup Time": 0.014,
                                        "Actual Total Time": 0.014,
                                        "Actual Rows": 1,
                                        "Actual Loops": 608,
                                        "Output": [
                                            "t.id"
                                        ],
                                        "Index Cond": "(t.id = mi_idx.movie_id)",
                                        "Rows Removed by Index Recheck": 0,
                                        "Heap Fetches": 608,
                                        "Workers": [
                                            {
                                                "Worker Number": 0,
                                                "Actual Startup Time": 0.02,
                                                "Actual Total Time": 0.02,
                                                "Actual Rows": 1,
                                                "Actual Loops": 184
                                            },
                                            {
                                                "Worker Number": 1,
                                                "Actual Startup Time": 0.022,
                                                "Actual Total Time": 0.022,
                                                "Actual Rows": 1,
                                                "Actual Loops": 158
                                            }
                                        ]
                                    }
                                ]
                            }
                        ]
                    }
                ]
            }
        ]
    },
    "Planning Time": 1.63,
    "Triggers": [],
    "Execution Time": 94.955
}