{
  "Plan": {
    "Node Type": "Aggregate",
    "Strategy": "Plain",
    "Partial Mode": "Finalize",
    "Parallel Aware": false,
    "Startup Cost": 33166.22,
    "Total Cost": 33166.23,
    "Plan Rows": 1,
    "Plan Width": 8,
    "Actual Startup Time": 33.785,
    "Actual Total Time": 38.379,
    "Actual Rows": 1,
    "Actual Loops": 1,
    "Plans": [
      {
        "Node Type": "Gather",
        "Parent Relationship": "Outer",
        "Parallel Aware": false,
        "Startup Cost": 33166.11,
        "Total Cost": 33166.22,
        "Plan Rows": 1,
        "Plan Width": 8,
        "Actual Startup Time": 33.542,
        "Actual Total Time": 38.373,
        "Actual Rows": 2,
        "Actual Loops": 1,
        "Workers Planned": 1,
        "Workers Launched": 1,
        "Single Copy": false,
        "Plans": [
          {
            "Node Type": "Aggregate",
            "Strategy": "Plain",
            "Partial Mode": "Partial",
            "Parent Relationship": "Outer",
            "Parallel Aware": false,
            "Startup Cost": 32166.11,
            "Total Cost": 32166.12,
            "Plan Rows": 1,
            "Plan Width": 8,
            "Actual Startup Time": 27.16,
            "Actual Total Time": 27.161,
            "Actual Rows": 1,
            "Actual Loops": 2,
            "Plans": [
              {
                "Node Type": "Nested Loop",
                "Parent Relationship": "Outer",
                "Parallel Aware": false,
                "Join Type": "Inner",
                "Startup Cost": 101.09,
                "Total Cost": 32165.82,
                "Plan Rows": 117,
                "Plan Width": 0,
                "Actual Startup Time": 17.561,
                "Actual Total Time": 27.139,
                "Actual Rows": 92,
                "Actual Loops": 2,
                "Inner Unique": true,
                "Plans": [
                  {
                    "Node Type": "Bitmap Heap Scan",
                    "Parent Relationship": "Outer",
                    "Parallel Aware": true,
                    "Relation Name": "movie_keyword",
                    "Alias": "mk",
                    "Startup Cost": 100.66,
                    "Total Cost": 11857.91,
                    "Plan Rows": 2750,
                    "Plan Width": 4,
                    "Actual Startup Time": 2.304,
                    "Actual Total Time": 7.542,
                    "Actual Rows": 2028,
                    "Actual Loops": 2,
                    "Recheck Cond": "(keyword_id = 2862)",
                    "Rows Removed by Index Recheck": 0,
                    "Exact Heap Blocks": 1857,
                    "Lossy Heap Blocks": 0,
                    "Plans": [
                      {
                        "Node Type": "Bitmap Index Scan",
                        "Parent Relationship": "Outer",
                        "Parallel Aware": false,
                        "Index Name": "keyword_id_movie_keyword",
                        "Startup Cost": 0.0,
                        "Total Cost": 99.5,
                        "Plan Rows": 4675,
                        "Plan Width": 0,
                        "Actual Startup Time": 3.36,
                        "Actual Total Time": 3.36,
                        "Actual Rows": 4057,
                        "Actual Loops": 1,
                        "Index Cond": "(keyword_id = 2862)"
                      }
                    ]
                  },
                  {
                    "Node Type": "Index Scan",
                    "Parent Relationship": "Inner",
                    "Parallel Aware": false,
                    "Scan Direction": "Forward",
                    "Index Name": "title_pkey",
                    "Relation Name": "title",
                    "Alias": "t",
                    "Startup Cost": 0.43,
                    "Total Cost": 7.38,
                    "Plan Rows": 1,
                    "Plan Width": 4,
                    "Actual Startup Time": 0.009,
                    "Actual Total Time": 0.009,
                    "Actual Rows": 0,
                    "Actual Loops": 4057,
                    "Index Cond": "(id = mk.movie_id)",
                    "Rows Removed by Index Recheck": 0,
                    "Filter": "((production_year < 2012) AND (kind_id = 4))",
                    "Rows Removed by Filter": 1
                  }
                ]
              }
            ]
          }
        ]
      }
    ]
  },
  "Planning Time": 0.475,
  "Triggers": [],
  "Execution Time": 38.468
}