[
  {
    "Plan": {
      "Node Type": "Aggregate",
      "Strategy": "Plain",
      "Partial Mode": "Finalize",
      "Parallel Aware": false,
      "Startup Cost": 43055.35,
      "Total Cost": 43055.36,
      "Plan Rows": 1,
      "Plan Width": 8,
      "Actual Startup Time": 152.293,
      "Actual Total Time": 160.725,
      "Actual Rows": 1,
      "Actual Loops": 1,
      "Plans": [
        {
          "Node Type": "Gather",
          "Parent Relationship": "Outer",
          "Parallel Aware": false,
          "Startup Cost": 43055.04,
          "Total Cost": 43055.35,
          "Plan Rows": 3,
          "Plan Width": 8,
          "Actual Startup Time": 151.932,
          "Actual Total Time": 160.71,
          "Actual Rows": 4,
          "Actual Loops": 1,
          "Workers Planned": 3,
          "Workers Launched": 3,
          "Single Copy": false,
          "Plans": [
            {
              "Node Type": "Aggregate",
              "Strategy": "Plain",
              "Partial Mode": "Partial",
              "Parent Relationship": "Outer",
              "Parallel Aware": false,
              "Startup Cost": 42055.04,
              "Total Cost": 42055.05,
              "Plan Rows": 1,
              "Plan Width": 8,
              "Actual Startup Time": 146.22,
              "Actual Total Time": 146.222,
              "Actual Rows": 1,
              "Actual Loops": 4,
              "Plans": [
                {
                  "Node Type": "Bitmap Heap Scan",
                  "Parent Relationship": "Outer",
                  "Parallel Aware": true,
                  "Relation Name": "movie_keyword",
                  "Alias": "mk",
                  "Startup Cost": 14332.13,
                  "Total Cost": 41510.22,
                  "Plan Rows": 217927,
                  "Plan Width": 0,
                  "Actual Startup Time": 55.174,
                  "Actual Total Time": 136.829,
                  "Actual Rows": 169644,
                  "Actual Loops": 4,
                  "Recheck Cond": "(keyword_id < 555)",
                  "Rows Removed by Index Recheck": 0,
                  "Exact Heap Blocks": 9940,
                  "Lossy Heap Blocks": 0,
                  "Plans": [
                    {
                      "Node Type": "Bitmap Index Scan",
                      "Parent Relationship": "Outer",
                      "Parallel Aware": false,
                      "Index Name": "keyword_id_movie_keyword",
                      "Startup Cost": 0.0,
                      "Total Cost": 14163.24,
                      "Plan Rows": 675574,
                      "Plan Width": 0,
                      "Actual Startup Time": 56.428,
                      "Actual Total Time": 56.428,
                      "Actual Rows": 678575,
                      "Actual Loops": 1,
                      "Index Cond": "(keyword_id < 555)"
                    }
                  ]
                }
              ]
            }
          ]
        }
      ]
    },
    "Planning Time": 0.201,
    "Triggers": [],
    "Execution Time": 160.806
  }
]