[
    {
        "Bao": {
            "Bao prediction": 503.653,
            "Bao recommended hint": "(no hint)"
        }
    },
    {
        "Plan": {
            "Node Type": "Aggregate",
            "Strategy": "Plain",
            "Partial Mode": "Finalize",
            "Parallel Aware": false,
            "Startup Cost": 352411.59,
            "Total Cost": 352411.6,
            "Plan Rows": 1,
            "Plan Width": 8,
            "Actual Startup Time": 796.544,
            "Actual Total Time": 824.915,
            "Actual Rows": 1,
            "Actual Loops": 1,
            "Output": [
                "count(*)"
            ],
            "Plans": [
                {
                    "Node Type": "Gather",
                    "Parent Relationship": "Outer",
                    "Parallel Aware": false,
                    "Startup Cost": 352410.97,
                    "Total Cost": 352411.58,
                    "Plan Rows": 6,
                    "Plan Width": 8,
                    "Actual Startup Time": 796.45,
                    "Actual Total Time": 824.907,
                    "Actual Rows": 7,
                    "Actual Loops": 1,
                    "Output": [
                        "(PARTIAL count(*))"
                    ],
                    "Workers Planned": 6,
                    "Workers Launched": 6,
                    "Single Copy": false,
                    "Plans": [
                        {
                            "Node Type": "Aggregate",
                            "Strategy": "Plain",
                            "Partial Mode": "Partial",
                            "Parent Relationship": "Outer",
                            "Parallel Aware": false,
                            "Startup Cost": 351410.97,
                            "Total Cost": 351410.98,
                            "Plan Rows": 1,
                            "Plan Width": 8,
                            "Actual Startup Time": 787.073,
                            "Actual Total Time": 787.074,
                            "Actual Rows": 1,
                            "Actual Loops": 7,
                            "Output": [
                                "PARTIAL count(*)"
                            ],
                            "Workers": [
                                {
                                    "Worker Number": 0,
                                    "Actual Startup Time": 785.186,
                                    "Actual Total Time": 785.187,
                                    "Actual Rows": 1,
                                    "Actual Loops": 1
                                },
                                {
                                    "Worker Number": 1,
                                    "Actual Startup Time": 785.407,
                                    "Actual Total Time": 785.408,
                                    "Actual Rows": 1,
                                    "Actual Loops": 1
                                },
                                {
                                    "Worker Number": 2,
                                    "Actual Startup Time": 785.431,
                                    "Actual Total Time": 785.432,
                                    "Actual Rows": 1,
                                    "Actual Loops": 1
                                },
                                {
                                    "Worker Number": 3,
                                    "Actual Startup Time": 785.648,
                                    "Actual Total Time": 785.649,
                                    "Actual Rows": 1,
                                    "Actual Loops": 1
                                },
                                {
                                    "Worker Number": 4,
                                    "Actual Startup Time": 785.9,
                                    "Actual Total Time": 785.901,
                                    "Actual Rows": 1,
                                    "Actual Loops": 1
                                },
                                {
                                    "Worker Number": 5,
                                    "Actual Startup Time": 786.275,
                                    "Actual Total Time": 786.276,
                                    "Actual Rows": 1,
                                    "Actual Loops": 1
                                }
                            ],
                            "Plans": [
                                {
                                    "Node Type": "Seq Scan",
                                    "Parent Relationship": "Outer",
                                    "Parallel Aware": true,
                                    "Relation Name": "cast_info",
                                    "Schema": "public",
                                    "Alias": "ci",
                                    "Startup Cost": 0.0,
                                    "Total Cost": 343318.94,
                                    "Plan Rows": 3236810,
                                    "Plan Width": 0,
                                    "Actual Startup Time": 223.95,
                                    "Actual Total Time": 670.008,
                                    "Actual Rows": 2475307,
                                    "Actual Loops": 7,
                                    "Output": [
                                        "id",
                                        "person_id",
                                        "movie_id",
                                        "person_role_id",
                                        "note",
                                        "nr_order",
                                        "role_id"
                                    ],
                                    "Filter": "((ci.person_id < 3027005) AND (ci.role_id > 1))",
                                    "Rows Removed by Filter": 2702457,
                                    "Workers": [
                                        {
                                            "Worker Number": 0,
                                            "Actual Startup Time": 222.057,
                                            "Actual Total Time": 666.801,
                                            "Actual Rows": 1782801,
                                            "Actual Loops": 1
                                        },
                                        {
                                            "Worker Number": 1,
                                            "Actual Startup Time": 222.267,
                                            "Actual Total Time": 668.854,
                                            "Actual Rows": 2488762,
                                            "Actual Loops": 1
                                        },
                                        {
                                            "Worker Number": 2,
                                            "Actual Startup Time": 222.31,
                                            "Actual Total Time": 668.581,
                                            "Actual Rows": 2496781,
                                            "Actual Loops": 1
                                        },
                                        {
                                            "Worker Number": 3,
                                            "Actual Startup Time": 222.54,
                                            "Actual Total Time": 673.081,
                                            "Actual Rows": 2737041,
                                            "Actual Loops": 1
                                        },
                                        {
                                            "Worker Number": 4,
                                            "Actual Startup Time": 222.778,
                                            "Actual Total Time": 666.857,
                                            "Actual Rows": 1791705,
                                            "Actual Loops": 1
                                        },
                                        {
                                            "Worker Number": 5,
                                            "Actual Startup Time": 223.158,
                                            "Actual Total Time": 674.894,
                                            "Actual Rows": 2709229,
                                            "Actual Loops": 1
                                        }
                                    ]
                                }
                            ]
                        }
                    ]
                }
            ]
        },
        "Planning Time": 864.61,
        "Triggers": [],
        "Execution Time": 825.012
    }
]