[
  {
    "Plan": {
      "Node Type": "Aggregate",
      "Strategy": "Plain",
      "Partial Mode": "Finalize",
      "Parallel Aware": false,
      "Startup Cost": 395279.24,
      "Total Cost": 395279.25,
      "Plan Rows": 1,
      "Plan Width": 8,
      "Actual Startup Time": 3279.771,
      "Actual Total Time": 3329.756,
      "Actual Rows": 1,
      "Actual Loops": 1,
      "Plans": [
        {
          "Node Type": "Gather",
          "Parent Relationship": "Outer",
          "Parallel Aware": false,
          "Startup Cost": 395278.62,
          "Total Cost": 395279.23,
          "Plan Rows": 6,
          "Plan Width": 8,
          "Actual Startup Time": 3271.039,
          "Actual Total Time": 3329.745,
          "Actual Rows": 7,
          "Actual Loops": 1,
          "Workers Planned": 6,
          "Workers Launched": 6,
          "Single Copy": false,
          "Plans": [
            {
              "Node Type": "Aggregate",
              "Strategy": "Plain",
              "Partial Mode": "Partial",
              "Parent Relationship": "Outer",
              "Parallel Aware": false,
              "Startup Cost": 394278.62,
              "Total Cost": 394278.63,
              "Plan Rows": 1,
              "Plan Width": 8,
              "Actual Startup Time": 3254.662,
              "Actual Total Time": 3254.665,
              "Actual Rows": 1,
              "Actual Loops": 7,
              "Plans": [
                {
                  "Node Type": "Hash Join",
                  "Parent Relationship": "Outer",
                  "Parallel Aware": true,
                  "Join Type": "Inner",
                  "Startup Cost": 51253.35,
                  "Total Cost": 380220.0,
                  "Plan Rows": 5623446,
                  "Plan Width": 0,
                  "Actual Startup Time": 258.181,
                  "Actual Total Time": 3023.122,
                  "Actual Rows": 5043141,
                  "Actual Loops": 7,
                  "Inner Unique": true,
                  "Hash Cond": "(ci.movie_id = t.id)",
                  "Plans": [
                    {
                      "Node Type": "Seq Scan",
                      "Parent Relationship": "Outer",
                      "Parallel Aware": true,
                      "Relation Name": "cast_info",
                      "Alias": "ci",
                      "Startup Cost": 0.0,
                      "Total Cost": 313106.51,
                      "Plan Rows": 6041951,
                      "Plan Width": 4,
                      "Actual Startup Time": 0.033,
                      "Actual Total Time": 533.964,
                      "Actual Rows": 5177763,
                      "Actual Loops": 7
                    },
                    {
                      "Node Type": "Hash",
                      "Parent Relationship": "Inner",
                      "Parallel Aware": true,
                      "Startup Cost": 43899.32,
                      "Total Cost": 43899.32,
                      "Plan Rows": 588322,
                      "Plan Width": 4,
                      "Actual Startup Time": 252.752,
                      "Actual Total Time": 252.753,
                      "Actual Rows": 335211,
                      "Actual Loops": 7,
                      "Hash Buckets": 4194304,
                      "Original Hash Buckets": 4194304,
                      "Hash Batches": 1,
                      "Original Hash Batches": 1,
                      "Peak Memory Usage": 124704,
                      "Plans": [
                        {
                          "Node Type": "Seq Scan",
                          "Parent Relationship": "Outer",
                          "Parallel Aware": true,
                          "Relation Name": "title",
                          "Alias": "t",
                          "Startup Cost": 0.0,
                          "Total Cost": 43899.32,
                          "Plan Rows": 588322,
                          "Plan Width": 4,
                          "Actual Startup Time": 0.047,
                          "Actual Total Time": 86.748,
                          "Actual Rows": 335211,
                          "Actual Loops": 7,
                          "Filter": "(production_year > 1927)",
                          "Rows Removed by Filter": 25977
                        }
                      ]
                    }
                  ]
                }
              ]
            }
          ]
        }
      ]
    },
    "Planning Time": 0.443,
    "Triggers": [],
    "Execution Time": 3329.802
  }
]