[
    {
        "Bao": {
            "Bao prediction": "NaN",
            "Bao recommended hint": "(no hint)"
        }
    },
    {
        "Plan": {
            "Node Type": "Aggregate",
            "Strategy": "Plain",
            "Partial Mode": "Simple",
            "Parallel Aware": false,
            "Startup Cost": 21691.02,
            "Total Cost": 21691.03,
            "Plan Rows": 1,
            "Plan Width": 8,
            "Actual Startup Time": 16.317,
            "Actual Total Time": 16.319,
            "Actual Rows": 1,
            "Actual Loops": 1,
            "Output": [
                "count(*)"
            ],
            "Plans": [
                {
                    "Node Type": "Bitmap Heap Scan",
                    "Parent Relationship": "Outer",
                    "Parallel Aware": false,
                    "Relation Name": "movie_keyword",
                    "Schema": "public",
                    "Alias": "mk",
                    "Startup Cost": 282.31,
                    "Total Cost": 21658.15,
                    "Plan Rows": 13145,
                    "Plan Width": 0,
                    "Actual Startup Time": 3.394,
                    "Actual Total Time": 14.754,
                    "Actual Rows": 10366,
                    "Actual Loops": 1,
                    "Recheck Cond": "(mk.keyword_id > 124775)",
                    "Rows Removed by Index Recheck": 0,
                    "Exact Heap Blocks": 3260,
                    "Lossy Heap Blocks": 0,
                    "Plans": [
                        {
                            "Node Type": "Bitmap Index Scan",
                            "Parent Relationship": "Outer",
                            "Parallel Aware": false,
                            "Index Name": "keyword_id_movie_keyword",
                            "Startup Cost": 0.0,
                            "Total Cost": 279.02,
                            "Plan Rows": 13145,
                            "Plan Width": 0,
                            "Actual Startup Time": 2.002,
                            "Actual Total Time": 2.003,
                            "Actual Rows": 10366,
                            "Actual Loops": 1,
                            "Index Cond": "(mk.keyword_id > 124775)"
                        }
                    ]
                }
            ]
        },
        "Planning Time": 315.744,
        "Triggers": [],
        "Execution Time": 16.409
    }
]