{
  "Plan": {
    "Node Type": "Aggregate",
    "Strategy": "Plain",
    "Partial Mode": "Finalize",
    "Parallel Aware": false,
    "Startup Cost": 118194.88,
    "Total Cost": 118194.89,
    "Plan Rows": 1,
    "Plan Width": 8,
    "Actual Startup Time": 716.168,
    "Actual Total Time": 738.391,
    "Actual Rows": 1,
    "Actual Loops": 1,
    "Plans": [
      {
        "Node Type": "Gather",
        "Parent Relationship": "Outer",
        "Parallel Aware": false,
        "Startup Cost": 118194.77,
        "Total Cost": 118194.88,
        "Plan Rows": 1,
        "Plan Width": 8,
        "Actual Startup Time": 708.92,
        "Actual Total Time": 738.383,
        "Actual Rows": 2,
        "Actual Loops": 1,
        "Workers Planned": 1,
        "Workers Launched": 1,
        "Single Copy": false,
        "Plans": [
          {
            "Node Type": "Aggregate",
            "Strategy": "Plain",
            "Partial Mode": "Partial",
            "Parent Relationship": "Outer",
            "Parallel Aware": false,
            "Startup Cost": 117194.77,
            "Total Cost": 117194.78,
            "Plan Rows": 1,
            "Plan Width": 8,
            "Actual Startup Time": 695.239,
            "Actual Total Time": 695.246,
            "Actual Rows": 1,
            "Actual Loops": 2,
            "Plans": [
              {
                "Node Type": "Hash Join",
                "Parent Relationship": "Outer",
                "Parallel Aware": true,
                "Join Type": "Inner",
                "Startup Cost": 96926.21,
                "Total Cost": 117151.55,
                "Plan Rows": 17288,
                "Plan Width": 0,
                "Actual Startup Time": 594.384,
                "Actual Total Time": 693.067,
                "Actual Rows": 51757,
                "Actual Loops": 2,
                "Inner Unique": false,
                "Hash Cond": "(mi_idx.movie_id = t.id)",
                "Plans": [
                  {
                    "Node Type": "Seq Scan",
                    "Parent Relationship": "Outer",
                    "Parallel Aware": true,
                    "Relation Name": "movie_info_idx",
                    "Alias": "mi_idx",
                    "Startup Cost": 0.0,
                    "Total Cost": 18082.32,
                    "Plan Rows": 544356,
                    "Plan Width": 4,
                    "Actual Startup Time": 0.029,
                    "Actual Total Time": 56.225,
                    "Actual Rows": 460055,
                    "Actual Loops": 2,
                    "Filter": "(info_type_id > 99)",
                    "Rows Removed by Filter": 229962
                  },
                  {
                    "Node Type": "Hash",
                    "Parent Relationship": "Inner",
                    "Parallel Aware": true,
                    "Startup Cost": 96335.81,
                    "Total Cost": 96335.81,
                    "Plan Rows": 47232,
                    "Plan Width": 8,
                    "Actual Startup Time": 591.916,
                    "Actual Total Time": 591.922,
                    "Actual Rows": 40766,
                    "Actual Loops": 2,
                    "Hash Buckets": 131072,
                    "Original Hash Buckets": 131072,
                    "Hash Batches": 1,
                    "Original Hash Batches": 1,
                    "Peak Memory Usage": 4224,
                    "Plans": [
                      {
                        "Node Type": "Hash Join",
                        "Parent Relationship": "Outer",
                        "Parallel Aware": true,
                        "Join Type": "Inner",
                        "Startup Cost": 71167.42,
                        "Total Cost": 96335.81,
                        "Plan Rows": 47232,
                        "Plan Width": 8,
                        "Actual Startup Time": 529.979,
                        "Actual Total Time": 583.304,
                        "Actual Rows": 40766,
                        "Actual Loops": 2,
                        "Inner Unique": true,
                        "Hash Cond": "(mk.movie_id = t.id)",
                        "Plans": [
                          {
                            "Node Type": "Bitmap Heap Scan",
                            "Parent Relationship": "Outer",
                            "Parallel Aware": true,
                            "Relation Name": "movie_keyword",
                            "Alias": "mk",
                            "Startup Cost": 1706.72,
                            "Total Cost": 26751.12,
                            "Plan Rows": 47232,
                            "Plan Width": 4,
                            "Actual Startup Time": 7.872,
                            "Actual Total Time": 38.688,
                            "Actual Rows": 40766,
                            "Actual Loops": 2,
                            "Recheck Cond": "(keyword_id < 71)",
                            "Rows Removed by Index Recheck": 0,
                            "Exact Heap Blocks": 12922,
                            "Lossy Heap Blocks": 0,
                            "Plans": [
                              {
                                "Node Type": "Bitmap Index Scan",
                                "Parent Relationship": "Outer",
                                "Parallel Aware": false,
                                "Index Name": "keyword_id_movie_keyword",
                                "Startup Cost": 0.0,
                                "Total Cost": 1686.64,
                                "Plan Rows": 80295,
                                "Plan Width": 0,
                                "Actual Startup Time": 4.985,
                                "Actual Total Time": 4.985,
                                "Actual Rows": 81533,
                                "Actual Loops": 1,
                                "Index Cond": "(keyword_id < 71)"
                              }
                            ]
                          },
                          {
                            "Node Type": "Hash",
                            "Parent Relationship": "Inner",
                            "Parallel Aware": true,
                            "Startup Cost": 50870.31,
                            "Total Cost": 50870.31,
                            "Plan Rows": 1487231,
                            "Plan Width": 4,
                            "Actual Startup Time": 501.683,
                            "Actual Total Time": 501.684,
                            "Actual Rows": 1264156,
                            "Actual Loops": 2,
                            "Hash Buckets": 4194304,
                            "Original Hash Buckets": 4194304,
                            "Hash Batches": 1,
                            "Original Hash Batches": 1,
                            "Peak Memory Usage": 131680,
                            "Plans": [
                              {
                                "Node Type": "Seq Scan",
                                "Parent Relationship": "Outer",
                                "Parallel Aware": true,
                                "Relation Name": "title",
                                "Alias": "t",
                                "Startup Cost": 0.0,
                                "Total Cost": 50870.31,
                                "Plan Rows": 1487231,
                                "Plan Width": 4,
                                "Actual Startup Time": 0.031,
                                "Actual Total Time": 153.933,
                                "Actual Rows": 1264156,
                                "Actual Loops": 2
                              }
                            ]
                          }
                        ]
                      }
                    ]
                  }
                ]
              }
            ]
          }
        ]
      }
    ]
  },
  "Planning Time": 1.0,
  "Triggers": [],
  "Execution Time": 738.486
}