[
  {
    "Plan": {
      "Node Type": "Aggregate",
      "Strategy": "Plain",
      "Partial Mode": "Finalize",
      "Parallel Aware": false,
      "Startup Cost": 96733.01,
      "Total Cost": 96733.02,
      "Plan Rows": 1,
      "Plan Width": 8,
      "Actual Startup Time": 445.865,
      "Actual Total Time": 460.474,
      "Actual Rows": 1,
      "Actual Loops": 1,
      "Plans": [
        {
          "Node Type": "Gather",
          "Parent Relationship": "Outer",
          "Parallel Aware": false,
          "Startup Cost": 96732.69,
          "Total Cost": 96733.0,
          "Plan Rows": 3,
          "Plan Width": 8,
          "Actual Startup Time": 442.46,
          "Actual Total Time": 460.464,
          "Actual Rows": 4,
          "Actual Loops": 1,
          "Workers Planned": 3,
          "Workers Launched": 3,
          "Single Copy": false,
          "Plans": [
            {
              "Node Type": "Aggregate",
              "Strategy": "Plain",
              "Partial Mode": "Partial",
              "Parent Relationship": "Outer",
              "Parallel Aware": false,
              "Startup Cost": 95732.69,
              "Total Cost": 95732.7,
              "Plan Rows": 1,
              "Plan Width": 8,
              "Actual Startup Time": 434.139,
              "Actual Total Time": 434.142,
              "Actual Rows": 1,
              "Actual Loops": 4,
              "Plans": [
                {
                  "Node Type": "Hash Join",
                  "Parent Relationship": "Outer",
                  "Parallel Aware": true,
                  "Join Type": "Inner",
                  "Startup Cost": 49420.35,
                  "Total Cost": 94568.0,
                  "Plan Rows": 465877,
                  "Plan Width": 0,
                  "Actual Startup Time": 227.818,
                  "Actual Total Time": 427.389,
                  "Actual Rows": 157253,
                  "Actual Loops": 4,
                  "Inner Unique": true,
                  "Hash Cond": "(mk.movie_id = t.id)",
                  "Plans": [
                    {
                      "Node Type": "Seq Scan",
                      "Parent Relationship": "Outer",
                      "Parallel Aware": true,
                      "Relation Name": "movie_keyword",
                      "Alias": "mk",
                      "Startup Cost": 0.0,
                      "Total Cost": 42695.65,
                      "Plan Rows": 934095,
                      "Plan Width": 4,
                      "Actual Startup Time": 0.031,
                      "Actual Total Time": 109.189,
                      "Actual Rows": 726821,
                      "Actual Loops": 4,
                      "Filter": "(keyword_id < 9333)",
                      "Rows Removed by Filter": 404162
                    },
                    {
                      "Node Type": "Hash",
                      "Parent Relationship": "Inner",
                      "Parallel Aware": true,
                      "Startup Cost": 45479.59,
                      "Total Cost": 45479.59,
                      "Plan Rows": 315261,
                      "Plan Width": 4,
                      "Actual Startup Time": 222.81,
                      "Actual Total Time": 222.811,
                      "Actual Rows": 343127,
                      "Actual Loops": 4,
                      "Hash Buckets": 2097152,
                      "Original Hash Buckets": 2097152,
                      "Hash Batches": 1,
                      "Original Hash Batches": 1,
                      "Peak Memory Usage": 70112,
                      "Plans": [
                        {
                          "Node Type": "Seq Scan",
                          "Parent Relationship": "Outer",
                          "Parallel Aware": true,
                          "Relation Name": "title",
                          "Alias": "t",
                          "Startup Cost": 0.0,
                          "Total Cost": 45479.59,
                          "Plan Rows": 315261,
                          "Plan Width": 4,
                          "Actual Startup Time": 0.045,
                          "Actual Total Time": 102.464,
                          "Actual Rows": 343127,
                          "Actual Loops": 4,
                          "Filter": "((kind_id > 3) AND (production_year > 1983))",
                          "Rows Removed by Filter": 288951
                        }
                      ]
                    }
                  ]
                }
              ]
            }
          ]
        }
      ]
    },
    "Planning Time": 0.497,
    "Triggers": [],
    "Execution Time": 460.517
  }
]