{
  "Plan": {
    "Node Type": "Aggregate",
    "Strategy": "Plain",
    "Partial Mode": "Finalize",
    "Parallel Aware": false,
    "Startup Cost": 335375.01,
    "Total Cost": 335375.02,
    "Plan Rows": 1,
    "Plan Width": 8,
    "Actual Startup Time": 1209.358,
    "Actual Total Time": 1243.02,
    "Actual Rows": 1,
    "Actual Loops": 1,
    "Plans": [
      {
        "Node Type": "Gather",
        "Parent Relationship": "Outer",
        "Parallel Aware": false,
        "Startup Cost": 335374.9,
        "Total Cost": 335375.01,
        "Plan Rows": 1,
        "Plan Width": 8,
        "Actual Startup Time": 1208.388,
        "Actual Total Time": 1243.011,
        "Actual Rows": 2,
        "Actual Loops": 1,
        "Workers Planned": 1,
        "Workers Launched": 1,
        "Single Copy": false,
        "Plans": [
          {
            "Node Type": "Aggregate",
            "Strategy": "Plain",
            "Partial Mode": "Partial",
            "Parent Relationship": "Outer",
            "Parallel Aware": false,
            "Startup Cost": 334374.9,
            "Total Cost": 334374.91,
            "Plan Rows": 1,
            "Plan Width": 8,
            "Actual Startup Time": 1202.561,
            "Actual Total Time": 1202.724,
            "Actual Rows": 1,
            "Actual Loops": 2,
            "Plans": [
              {
                "Node Type": "Hash Join",
                "Parent Relationship": "Outer",
                "Parallel Aware": true,
                "Join Type": "Inner",
                "Startup Cost": 54905.44,
                "Total Cost": 333870.07,
                "Plan Rows": 201931,
                "Plan Width": 0,
                "Actual Startup Time": 164.041,
                "Actual Total Time": 1176.811,
                "Actual Rows": 630794,
                "Actual Loops": 2,
                "Inner Unique": true,
                "Hash Cond": "(mi.movie_id = t.id)",
                "Plans": [
                  {
                    "Node Type": "Seq Scan",
                    "Parent Relationship": "Outer",
                    "Parallel Aware": true,
                    "Relation Name": "movie_info",
                    "Alias": "mi",
                    "Startup Cost": 0.0,
                    "Total Cost": 270696.42,
                    "Plan Rows": 3149790,
                    "Plan Width": 4,
                    "Actual Startup Time": 0.011,
                    "Actual Total Time": 640.528,
                    "Actual Rows": 2705260,
                    "Actual Loops": 2,
                    "Filter": "(info_type_id < 6)",
                    "Rows Removed by Filter": 4712600
                  },
                  {
                    "Node Type": "Hash",
                    "Parent Relationship": "Inner",
                    "Parallel Aware": true,
                    "Startup Cost": 53713.63,
                    "Total Cost": 53713.63,
                    "Plan Rows": 95345,
                    "Plan Width": 4,
                    "Actual Startup Time": 136.623,
                    "Actual Total Time": 136.625,
                    "Actual Rows": 150542,
                    "Actual Loops": 2,
                    "Hash Buckets": 524288,
                    "Original Hash Buckets": 262144,
                    "Hash Batches": 1,
                    "Original Hash Batches": 1,
                    "Peak Memory Usage": 17952,
                    "Plans": [
                      {
                        "Node Type": "Bitmap Heap Scan",
                        "Parent Relationship": "Outer",
                        "Parallel Aware": true,
                        "Relation Name": "title",
                        "Alias": "t",
                        "Startup Cost": 11863.37,
                        "Total Cost": 53713.63,
                        "Plan Rows": 95345,
                        "Plan Width": 4,
                        "Actual Startup Time": 35.073,
                        "Actual Total Time": 99.803,
                        "Actual Rows": 150542,
                        "Actual Loops": 2,
                        "Recheck Cond": "(kind_id = 1)",
                        "Rows Removed by Index Recheck": 0,
                        "Filter": "(production_year < 1987)",
                        "Rows Removed by Filter": 180870,
                        "Exact Heap Blocks": 8345,
                        "Lossy Heap Blocks": 0,
                        "Plans": [
                          {
                            "Node Type": "Bitmap Index Scan",
                            "Parent Relationship": "Outer",
                            "Parallel Aware": false,
                            "Index Name": "kind_id_title",
                            "Startup Cost": 0.0,
                            "Total Cost": 11822.85,
                            "Plan Rows": 663256,
                            "Plan Width": 0,
                            "Actual Startup Time": 35.572,
                            "Actual Total Time": 35.573,
                            "Actual Rows": 662825,
                            "Actual Loops": 1,
                            "Index Cond": "(kind_id = 1)"
                          }
                        ]
                      }
                    ]
                  }
                ]
              }
            ]
          }
        ]
      }
    ]
  },
  "Planning Time": 0.662,
  "Triggers": [],
  "Execution Time": 1243.122
}