[
  {
    "Plan": {
      "Node Type": "Aggregate",
      "Strategy": "Plain",
      "Partial Mode": "Finalize",
      "Parallel Aware": false,
      "Startup Cost": 207943.75,
      "Total Cost": 207943.76,
      "Plan Rows": 1,
      "Plan Width": 8,
      "Actual Startup Time": 415.357,
      "Actual Total Time": 437.66,
      "Actual Rows": 1,
      "Actual Loops": 1,
      "Plans": [
        {
          "Node Type": "Gather",
          "Parent Relationship": "Outer",
          "Parallel Aware": false,
          "Startup Cost": 207943.44,
          "Total Cost": 207943.75,
          "Plan Rows": 3,
          "Plan Width": 8,
          "Actual Startup Time": 413.963,
          "Actual Total Time": 437.648,
          "Actual Rows": 4,
          "Actual Loops": 1,
          "Workers Planned": 3,
          "Workers Launched": 3,
          "Single Copy": false,
          "Plans": [
            {
              "Node Type": "Aggregate",
              "Strategy": "Plain",
              "Partial Mode": "Partial",
              "Parent Relationship": "Outer",
              "Parallel Aware": false,
              "Startup Cost": 206943.44,
              "Total Cost": 206943.45,
              "Plan Rows": 1,
              "Plan Width": 8,
              "Actual Startup Time": 405.094,
              "Actual Total Time": 405.099,
              "Actual Rows": 1,
              "Actual Loops": 4,
              "Plans": [
                {
                  "Node Type": "Nested Loop",
                  "Parent Relationship": "Outer",
                  "Parallel Aware": false,
                  "Join Type": "Inner",
                  "Startup Cost": 46497.06,
                  "Total Cost": 206138.92,
                  "Plan Rows": 321805,
                  "Plan Width": 0,
                  "Actual Startup Time": 173.766,
                  "Actual Total Time": 398.544,
                  "Actual Rows": 119574,
                  "Actual Loops": 4,
                  "Inner Unique": false,
                  "Join Filter": "(t.id = mi.movie_id)",
                  "Rows Removed by Join Filter": 0,
                  "Plans": [
                    {
                      "Node Type": "Hash Join",
                      "Parent Relationship": "Outer",
                      "Parallel Aware": true,
                      "Join Type": "Inner",
                      "Startup Cost": 46496.62,
                      "Total Cost": 76929.06,
                      "Plan Rows": 55035,
                      "Plan Width": 8,
                      "Actual Startup Time": 173.689,
                      "Actual Total Time": 280.035,
                      "Actual Rows": 21612,
                      "Actual Loops": 4,
                      "Inner Unique": true,
                      "Hash Cond": "(mc.movie_id = t.id)",
                      "Plans": [
                        {
                          "Node Type": "Seq Scan",
                          "Parent Relationship": "Outer",
                          "Parallel Aware": true,
                          "Relation Name": "movie_companies",
                          "Alias": "mc",
                          "Startup Cost": 0.0,
                          "Total Cost": 29310.68,
                          "Plan Rows": 427336,
                          "Plan Width": 4,
                          "Actual Startup Time": 31.895,
                          "Actual Total Time": 73.639,
                          "Actual Rows": 333721,
                          "Actual Loops": 4,
                          "Filter": "(company_type_id = 2)",
                          "Rows Removed by Filter": 318562
                        },
                        {
                          "Node Type": "Hash",
                          "Parent Relationship": "Inner",
                          "Parallel Aware": true,
                          "Startup Cost": 45479.1,
                          "Total Cost": 45479.1,
                          "Plan Rows": 81402,
                          "Plan Width": 4,
                          "Actual Startup Time": 138.471,
                          "Actual Total Time": 138.472,
                          "Actual Rows": 87384,
                          "Actual Loops": 4,
                          "Hash Buckets": 524288,
                          "Original Hash Buckets": 524288,
                          "Hash Batches": 1,
                          "Original Hash Batches": 1,
                          "Peak Memory Usage": 17824,
                          "Plans": [
                            {
                              "Node Type": "Seq Scan",
                              "Parent Relationship": "Outer",
                              "Parallel Aware": true,
                              "Relation Name": "title",
                              "Alias": "t",
                              "Startup Cost": 0.0,
                              "Total Cost": 45479.1,
                              "Plan Rows": 81402,
                              "Plan Width": 4,
                              "Actual Startup Time": 0.038,
                              "Actual Total Time": 105.236,
                              "Actual Rows": 87384,
                              "Actual Loops": 4,
                              "Filter": "((production_year > 2009) AND (kind_id = 7))",
                              "Rows Removed by Filter": 544694
                            }
                          ]
                        }
                      ]
                    },
                    {
                      "Node Type": "Index Only Scan",
                      "Parent Relationship": "Inner",
                      "Parallel Aware": false,
                      "Scan Direction": "Forward",
                      "Index Name": "movie_id_movie_info",
                      "Relation Name": "movie_info",
                      "Alias": "mi",
                      "Startup Cost": 0.43,
                      "Total Cost": 1.82,
                      "Plan Rows": 42,
                      "Plan Width": 4,
                      "Actual Startup Time": 0.003,
                      "Actual Total Time": 0.005,
                      "Actual Rows": 6,
                      "Actual Loops": 86447,
                      "Index Cond": "(movie_id = mc.movie_id)",
                      "Rows Removed by Index Recheck": 0,
                      "Heap Fetches": 478294
                    }
                  ]
                }
              ]
            }
          ]
        }
      ]
    },
    "Planning Time": 1.406,
    "Triggers": [],
    "Execution Time": 437.757
  }
]