[
  {
    "Plan": {
      "Node Type": "Aggregate",
      "Strategy": "Plain",
      "Partial Mode": "Finalize",
      "Parallel Aware": false,
      "Startup Cost": 339890.85,
      "Total Cost": 339890.86,
      "Plan Rows": 1,
      "Plan Width": 8,
      "Actual Startup Time": 834.86,
      "Actual Total Time": 880.441,
      "Actual Rows": 1,
      "Actual Loops": 1,
      "Plans": [
        {
          "Node Type": "Gather",
          "Parent Relationship": "Outer",
          "Parallel Aware": false,
          "Startup Cost": 339890.23,
          "Total Cost": 339890.84,
          "Plan Rows": 6,
          "Plan Width": 8,
          "Actual Startup Time": 834.669,
          "Actual Total Time": 880.428,
          "Actual Rows": 7,
          "Actual Loops": 1,
          "Workers Planned": 6,
          "Workers Launched": 6,
          "Single Copy": false,
          "Plans": [
            {
              "Node Type": "Aggregate",
              "Strategy": "Plain",
              "Partial Mode": "Partial",
              "Parent Relationship": "Outer",
              "Parallel Aware": false,
              "Startup Cost": 338890.23,
              "Total Cost": 338890.24,
              "Plan Rows": 1,
              "Plan Width": 8,
              "Actual Startup Time": 824.177,
              "Actual Total Time": 824.178,
              "Actual Rows": 1,
              "Actual Loops": 7,
              "Plans": [
                {
                  "Node Type": "Seq Scan",
                  "Parent Relationship": "Outer",
                  "Parallel Aware": true,
                  "Relation Name": "cast_info",
                  "Alias": "ci",
                  "Startup Cost": 0.0,
                  "Total Cost": 328211.39,
                  "Plan Rows": 4271534,
                  "Plan Width": 0,
                  "Actual Startup Time": 0.063,
                  "Actual Total Time": 636.732,
                  "Actual Rows": 3677669,
                  "Actual Loops": 7,
                  "Filter": "(person_id < 2659790)",
                  "Rows Removed by Filter": 1500095
                }
              ]
            }
          ]
        }
      ]
    },
    "Planning Time": 0.412,
    "Triggers": [],
    "Execution Time": 880.517
  }
]