[
    {
        "Bao": {
            "Bao prediction": 485.324,
            "Bao recommended hint": "(no hint)"
        }
    },
    {
        "Plan": {
            "Node Type": "Aggregate",
            "Strategy": "Plain",
            "Partial Mode": "Finalize",
            "Parallel Aware": false,
            "Startup Cost": 348849.13,
            "Total Cost": 348849.14,
            "Plan Rows": 1,
            "Plan Width": 8,
            "Actual Startup Time": 961.869,
            "Actual Total Time": 993.877,
            "Actual Rows": 1,
            "Actual Loops": 1,
            "Output": [
                "count(*)"
            ],
            "Plans": [
                {
                    "Node Type": "Gather",
                    "Parent Relationship": "Outer",
                    "Parallel Aware": false,
                    "Startup Cost": 348848.51,
                    "Total Cost": 348849.12,
                    "Plan Rows": 6,
                    "Plan Width": 8,
                    "Actual Startup Time": 961.771,
                    "Actual Total Time": 993.869,
                    "Actual Rows": 7,
                    "Actual Loops": 1,
                    "Output": [
                        "(PARTIAL count(*))"
                    ],
                    "Workers Planned": 6,
                    "Workers Launched": 6,
                    "Single Copy": false,
                    "Plans": [
                        {
                            "Node Type": "Aggregate",
                            "Strategy": "Plain",
                            "Partial Mode": "Partial",
                            "Parent Relationship": "Outer",
                            "Parallel Aware": false,
                            "Startup Cost": 347848.51,
                            "Total Cost": 347848.52,
                            "Plan Rows": 1,
                            "Plan Width": 8,
                            "Actual Startup Time": 952.564,
                            "Actual Total Time": 952.565,
                            "Actual Rows": 1,
                            "Actual Loops": 7,
                            "Output": [
                                "PARTIAL count(*)"
                            ],
                            "Workers": [
                                {
                                    "Worker Number": 0,
                                    "Actual Startup Time": 950.43,
                                    "Actual Total Time": 950.431,
                                    "Actual Rows": 1,
                                    "Actual Loops": 1
                                },
                                {
                                    "Worker Number": 1,
                                    "Actual Startup Time": 950.604,
                                    "Actual Total Time": 950.605,
                                    "Actual Rows": 1,
                                    "Actual Loops": 1
                                },
                                {
                                    "Worker Number": 2,
                                    "Actual Startup Time": 951.035,
                                    "Actual Total Time": 951.036,
                                    "Actual Rows": 1,
                                    "Actual Loops": 1
                                },
                                {
                                    "Worker Number": 3,
                                    "Actual Startup Time": 951.501,
                                    "Actual Total Time": 951.502,
                                    "Actual Rows": 1,
                                    "Actual Loops": 1
                                },
                                {
                                    "Worker Number": 4,
                                    "Actual Startup Time": 951.683,
                                    "Actual Total Time": 951.683,
                                    "Actual Rows": 1,
                                    "Actual Loops": 1
                                },
                                {
                                    "Worker Number": 5,
                                    "Actual Startup Time": 951.768,
                                    "Actual Total Time": 951.769,
                                    "Actual Rows": 1,
                                    "Actual Loops": 1
                                }
                            ],
                            "Plans": [
                                {
                                    "Node Type": "Seq Scan",
                                    "Parent Relationship": "Outer",
                                    "Parallel Aware": true,
                                    "Relation Name": "cast_info",
                                    "Schema": "public",
                                    "Alias": "ci",
                                    "Startup Cost": 0.0,
                                    "Total Cost": 343318.94,
                                    "Plan Rows": 1811827,
                                    "Plan Width": 0,
                                    "Actual Startup Time": 286.631,
                                    "Actual Total Time": 808.13,
                                    "Actual Rows": 2405219,
                                    "Actual Loops": 7,
                                    "Output": [
                                        "id",
                                        "person_id",
                                        "movie_id",
                                        "person_role_id",
                                        "note",
                                        "nr_order",
                                        "role_id"
                                    ],
                                    "Filter": "((ci.person_id > 1942240) AND (ci.role_id > 1))",
                                    "Rows Removed by Filter": 2772545,
                                    "Workers": [
                                        {
                                            "Worker Number": 0,
                                            "Actual Startup Time": 284.499,
                                            "Actual Total Time": 809.505,
                                            "Actual Rows": 2118088,
                                            "Actual Loops": 1
                                        },
                                        {
                                            "Worker Number": 1,
                                            "Actual Startup Time": 284.674,
                                            "Actual Total Time": 810.403,
                                            "Actual Rows": 2107749,
                                            "Actual Loops": 1
                                        },
                                        {
                                            "Worker Number": 2,
                                            "Actual Startup Time": 285.123,
                                            "Actual Total Time": 808.144,
                                            "Actual Rows": 2149862,
                                            "Actual Loops": 1
                                        },
                                        {
                                            "Worker Number": 3,
                                            "Actual Startup Time": 285.558,
                                            "Actual Total Time": 808.733,
                                            "Actual Rows": 2149073,
                                            "Actual Loops": 1
                                        },
                                        {
                                            "Worker Number": 4,
                                            "Actual Startup Time": 285.743,
                                            "Actual Total Time": 808.645,
                                            "Actual Rows": 2152497,
                                            "Actual Loops": 1
                                        },
                                        {
                                            "Worker Number": 5,
                                            "Actual Startup Time": 285.856,
                                            "Actual Total Time": 809.432,
                                            "Actual Rows": 2143467,
                                            "Actual Loops": 1
                                        }
                                    ]
                                }
                            ]
                        }
                    ]
                }
            ]
        },
        "Planning Time": 1631.166,
        "Triggers": [],
        "Execution Time": 993.986
    }
]