[
    {
        "Bao": {
            "Bao prediction": "NaN",
            "Bao recommended hint": "(no hint)"
        }
    },
    {
        "Plan": {
            "Node Type": "Aggregate",
            "Strategy": "Plain",
            "Partial Mode": "Finalize",
            "Parallel Aware": false,
            "Startup Cost": 249128.95,
            "Total Cost": 249128.96,
            "Plan Rows": 1,
            "Plan Width": 8,
            "Actual Startup Time": 631.335,
            "Actual Total Time": 654.957,
            "Actual Rows": 1,
            "Actual Loops": 1,
            "Output": [
                "count(*)"
            ],
            "Plans": [
                {
                    "Node Type": "Gather",
                    "Parent Relationship": "Outer",
                    "Parallel Aware": false,
                    "Startup Cost": 249128.43,
                    "Total Cost": 249128.94,
                    "Plan Rows": 5,
                    "Plan Width": 8,
                    "Actual Startup Time": 624.824,
                    "Actual Total Time": 654.947,
                    "Actual Rows": 6,
                    "Actual Loops": 1,
                    "Output": [
                        "(PARTIAL count(*))"
                    ],
                    "Workers Planned": 5,
                    "Workers Launched": 5,
                    "Single Copy": false,
                    "Plans": [
                        {
                            "Node Type": "Aggregate",
                            "Strategy": "Plain",
                            "Partial Mode": "Partial",
                            "Parent Relationship": "Outer",
                            "Parallel Aware": false,
                            "Startup Cost": 248128.43,
                            "Total Cost": 248128.44,
                            "Plan Rows": 1,
                            "Plan Width": 8,
                            "Actual Startup Time": 615.274,
                            "Actual Total Time": 615.278,
                            "Actual Rows": 1,
                            "Actual Loops": 6,
                            "Output": [
                                "PARTIAL count(*)"
                            ],
                            "Workers": [
                                {
                                    "Worker Number": 0,
                                    "Actual Startup Time": 612.704,
                                    "Actual Total Time": 612.707,
                                    "Actual Rows": 1,
                                    "Actual Loops": 1
                                },
                                {
                                    "Worker Number": 1,
                                    "Actual Startup Time": 613.041,
                                    "Actual Total Time": 613.044,
                                    "Actual Rows": 1,
                                    "Actual Loops": 1
                                },
                                {
                                    "Worker Number": 2,
                                    "Actual Startup Time": 613.173,
                                    "Actual Total Time": 613.175,
                                    "Actual Rows": 1,
                                    "Actual Loops": 1
                                },
                                {
                                    "Worker Number": 3,
                                    "Actual Startup Time": 613.595,
                                    "Actual Total Time": 613.597,
                                    "Actual Rows": 1,
                                    "Actual Loops": 1
                                },
                                {
                                    "Worker Number": 4,
                                    "Actual Startup Time": 614.751,
                                    "Actual Total Time": 614.754,
                                    "Actual Rows": 1,
                                    "Actual Loops": 1
                                }
                            ],
                            "Plans": [
                                {
                                    "Node Type": "Hash Join",
                                    "Parent Relationship": "Outer",
                                    "Parallel Aware": true,
                                    "Join Type": "Inner",
                                    "Startup Cost": 46720.31,
                                    "Total Cost": 247487.05,
                                    "Plan Rows": 256554,
                                    "Plan Width": 0,
                                    "Actual Startup Time": 171.663,
                                    "Actual Total Time": 604.876,
                                    "Actual Rows": 205278,
                                    "Actual Loops": 6,
                                    "Inner Unique": true,
                                    "Hash Cond": "(mi.movie_id = t.id)",
                                    "Workers": [
                                        {
                                            "Worker Number": 0,
                                            "Actual Startup Time": 169.201,
                                            "Actual Total Time": 601.129,
                                            "Actual Rows": 159547,
                                            "Actual Loops": 1
                                        },
                                        {
                                            "Worker Number": 1,
                                            "Actual Startup Time": 169.52,
                                            "Actual Total Time": 603.282,
                                            "Actual Rows": 217184,
                                            "Actual Loops": 1
                                        },
                                        {
                                            "Worker Number": 2,
                                            "Actual Startup Time": 169.66,
                                            "Actual Total Time": 603.33,
                                            "Actual Rows": 219442,
                                            "Actual Loops": 1
                                        },
                                        {
                                            "Worker Number": 3,
                                            "Actual Startup Time": 170.327,
                                            "Actual Total Time": 603.356,
                                            "Actual Rows": 231323,
                                            "Actual Loops": 1
                                        },
                                        {
                                            "Worker Number": 4,
                                            "Actual Startup Time": 170.415,
                                            "Actual Total Time": 603.573,
                                            "Actual Rows": 154059,
                                            "Actual Loops": 1
                                        }
                                    ],
                                    "Plans": [
                                        {
                                            "Node Type": "Seq Scan",
                                            "Parent Relationship": "Outer",
                                            "Parallel Aware": true,
                                            "Relation Name": "movie_info",
                                            "Schema": "public",
                                            "Alias": "mi",
                                            "Startup Cost": 0.0,
                                            "Total Cost": 198880.74,
                                            "Plan Rows": 718477,
                                            "Plan Width": 4,
                                            "Actual Startup Time": 27.975,
                                            "Actual Total Time": 305.567,
                                            "Actual Rows": 604163,
                                            "Actual Loops": 6,
                                            "Output": [
                                                "mi.id",
                                                "mi.movie_id",
                                                "mi.info_type_id",
                                                "mi.info",
                                                "mi.note"
                                            ],
                                            "Filter": "(mi.info_type_id < 4)",
                                            "Rows Removed by Filter": 1868457,
                                            "Workers": [
                                                {
                                                    "Worker Number": 0,
                                                    "Actual Startup Time": 28.0,
                                                    "Actual Total Time": 312.21,
                                                    "Actual Rows": 468381,
                                                    "Actual Loops": 1
                                                },
                                                {
                                                    "Worker Number": 1,
                                                    "Actual Startup Time": 27.992,
                                                    "Actual Total Time": 303.238,
                                                    "Actual Rows": 634761,
                                                    "Actual Loops": 1
                                                },
                                                {
                                                    "Worker Number": 2,
                                                    "Actual Startup Time": 27.867,
                                                    "Actual Total Time": 303.286,
                                                    "Actual Rows": 643289,
                                                    "Actual Loops": 1
                                                },
                                                {
                                                    "Worker Number": 3,
                                                    "Actual Startup Time": 28.007,
                                                    "Actual Total Time": 304.637,
                                                    "Actual Rows": 680697,
                                                    "Actual Loops": 1
                                                },
                                                {
                                                    "Worker Number": 4,
                                                    "Actual Startup Time": 27.987,
                                                    "Actual Total Time": 311.214,
                                                    "Actual Rows": 456807,
                                                    "Actual Loops": 1
                                                }
                                            ]
                                        },
                                        {
                                            "Node Type": "Hash",
                                            "Parent Relationship": "Inner",
                                            "Parallel Aware": true,
                                            "Startup Cost": 43899.01,
                                            "Total Cost": 43899.01,
                                            "Plan Rows": 225704,
                                            "Plan Width": 4,
                                            "Actual Startup Time": 141.054,
                                            "Actual Total Time": 141.055,
                                            "Actual Rows": 150748,
                                            "Actual Loops": 6,
                                            "Output": [
                                                "t.id"
                                            ],
                                            "Hash Buckets": 1048576,
                                            "Original Hash Buckets": 1048576,
                                            "Hash Batches": 1,
                                            "Original Hash Batches": 1,
                                            "Peak Memory Usage": 43680,
                                            "Workers": [
                                                {
                                                    "Worker Number": 0,
                                                    "Actual Startup Time": 140.38,
                                                    "Actual Total Time": 140.381,
                                                    "Actual Rows": 109949,
                                                    "Actual Loops": 1
                                                },
                                                {
                                                    "Worker Number": 1,
                                                    "Actual Startup Time": 140.723,
                                                    "Actual Total Time": 140.724,
                                                    "Actual Rows": 145752,
                                                    "Actual Loops": 1
                                                },
                                                {
                                                    "Worker Number": 2,
                                                    "Actual Startup Time": 140.887,
                                                    "Actual Total Time": 140.888,
                                                    "Actual Rows": 149366,
                                                    "Actual Loops": 1
                                                },
                                                {
                                                    "Worker Number": 3,
                                                    "Actual Startup Time": 141.301,
                                                    "Actual Total Time": 141.302,
                                                    "Actual Rows": 155750,
                                                    "Actual Loops": 1
                                                },
                                                {
                                                    "Worker Number": 4,
                                                    "Actual Startup Time": 141.634,
                                                    "Actual Total Time": 141.635,
                                                    "Actual Rows": 110874,
                                                    "Actual Loops": 1
                                                }
                                            ],
                                            "Plans": [
                                                {
                                                    "Node Type": "Seq Scan",
                                                    "Parent Relationship": "Outer",
                                                    "Parallel Aware": true,
                                                    "Relation Name": "title",
                                                    "Schema": "public",
                                                    "Alias": "t",
                                                    "Startup Cost": 0.0,
                                                    "Total Cost": 43899.01,
                                                    "Plan Rows": 225704,
                                                    "Plan Width": 4,
                                                    "Actual Startup Time": 0.043,
                                                    "Actual Total Time": 80.509,
                                                    "Actual Rows": 150748,
                                                    "Actual Loops": 6,
                                                    "Output": [
                                                        "t.id"
                                                    ],
                                                    "Filter": "(t.production_year > 2006)",
                                                    "Rows Removed by Filter": 270637,
                                                    "Workers": [
                                                        {
                                                            "Worker Number": 0,
                                                            "Actual Startup Time": 0.052,
                                                            "Actual Total Time": 83.89,
                                                            "Actual Rows": 109949,
                                                            "Actual Loops": 1
                                                        },
                                                        {
                                                            "Worker Number": 1,
                                                            "Actual Startup Time": 0.038,
                                                            "Actual Total Time": 80.827,
                                                            "Actual Rows": 145752,
                                                            "Actual Loops": 1
                                                        },
                                                        {
                                                            "Worker Number": 2,
                                                            "Actual Startup Time": 0.053,
                                                            "Actual Total Time": 81.126,
                                                            "Actual Rows": 149366,
                                                            "Actual Loops": 1
                                                        },
                                                        {
                                                            "Worker Number": 3,
                                                            "Actual Startup Time": 0.046,
                                                            "Actual Total Time": 81.774,
                                                            "Actual Rows": 155750,
                                                            "Actual Loops": 1
                                                        },
                                                        {
                                                            "Worker Number": 4,
                                                            "Actual Startup Time": 0.053,
                                                            "Actual Total Time": 84.582,
                                                            "Actual Rows": 110874,
                                                            "Actual Loops": 1
                                                        }
                                                    ]
                                                }
                                            ]
                                        }
                                    ]
                                }
                            ]
                        }
                    ]
                }
            ]
        },
        "Planning Time": 196.118,
        "Triggers": [],
        "Execution Time": 655.024
    }
]