[
  {
    "Plan": {
      "Node Type": "Aggregate",
      "Strategy": "Plain",
      "Partial Mode": "Finalize",
      "Parallel Aware": false,
      "Startup Cost": 45659.26,
      "Total Cost": 45659.27,
      "Plan Rows": 1,
      "Plan Width": 8,
      "Actual Startup Time": 155.588,
      "Actual Total Time": 164.086,
      "Actual Rows": 1,
      "Actual Loops": 1,
      "Plans": [
        {
          "Node Type": "Gather",
          "Parent Relationship": "Outer",
          "Parallel Aware": false,
          "Startup Cost": 45658.94,
          "Total Cost": 45659.25,
          "Plan Rows": 3,
          "Plan Width": 8,
          "Actual Startup Time": 155.484,
          "Actual Total Time": 164.079,
          "Actual Rows": 4,
          "Actual Loops": 1,
          "Workers Planned": 3,
          "Workers Launched": 3,
          "Single Copy": false,
          "Plans": [
            {
              "Node Type": "Aggregate",
              "Strategy": "Plain",
              "Partial Mode": "Partial",
              "Parent Relationship": "Outer",
              "Parallel Aware": false,
              "Startup Cost": 44658.94,
              "Total Cost": 44658.95,
              "Plan Rows": 1,
              "Plan Width": 8,
              "Actual Startup Time": 152.169,
              "Actual Total Time": 152.17,
              "Actual Rows": 1,
              "Actual Loops": 4,
              "Plans": [
                {
                  "Node Type": "Seq Scan",
                  "Parent Relationship": "Outer",
                  "Parallel Aware": true,
                  "Relation Name": "movie_keyword",
                  "Alias": "mk",
                  "Startup Cost": 0.0,
                  "Total Cost": 42695.65,
                  "Plan Rows": 785315,
                  "Plan Width": 0,
                  "Actual Startup Time": 0.024,
                  "Actual Total Time": 119.52,
                  "Actual Rows": 611556,
                  "Actual Loops": 4,
                  "Filter": "(keyword_id < 5830)",
                  "Rows Removed by Filter": 519427
                }
              ]
            }
          ]
        }
      ]
    },
    "Planning Time": 0.081,
    "Triggers": [],
    "Execution Time": 164.113
  }
]