[
  {
    "Plan": {
      "Node Type": "Aggregate",
      "Strategy": "Plain",
      "Partial Mode": "Finalize",
      "Parallel Aware": false,
      "Startup Cost": 45666.86,
      "Total Cost": 45666.87,
      "Plan Rows": 1,
      "Plan Width": 8,
      "Actual Startup Time": 155.275,
      "Actual Total Time": 164.834,
      "Actual Rows": 1,
      "Actual Loops": 1,
      "Plans": [
        {
          "Node Type": "Gather",
          "Parent Relationship": "Outer",
          "Parallel Aware": false,
          "Startup Cost": 45666.55,
          "Total Cost": 45666.86,
          "Plan Rows": 3,
          "Plan Width": 8,
          "Actual Startup Time": 155.135,
          "Actual Total Time": 164.825,
          "Actual Rows": 4,
          "Actual Loops": 1,
          "Workers Planned": 3,
          "Workers Launched": 3,
          "Single Copy": false,
          "Plans": [
            {
              "Node Type": "Aggregate",
              "Strategy": "Plain",
              "Partial Mode": "Partial",
              "Parent Relationship": "Outer",
              "Parallel Aware": false,
              "Startup Cost": 44666.55,
              "Total Cost": 44666.56,
              "Plan Rows": 1,
              "Plan Width": 8,
              "Actual Startup Time": 146.549,
              "Actual Total Time": 146.55,
              "Actual Rows": 1,
              "Actual Loops": 4,
              "Plans": [
                {
                  "Node Type": "Seq Scan",
                  "Parent Relationship": "Outer",
                  "Parallel Aware": true,
                  "Relation Name": "movie_keyword",
                  "Alias": "mk",
                  "Startup Cost": 0.0,
                  "Total Cost": 42695.65,
                  "Plan Rows": 788357,
                  "Plan Width": 0,
                  "Actual Startup Time": 0.064,
                  "Actual Total Time": 118.357,
                  "Actual Rows": 611556,
                  "Actual Loops": 4,
                  "Filter": "(keyword_id < 5830)",
                  "Rows Removed by Filter": 519427
                }
              ]
            }
          ]
        }
      ]
    },
    "Planning Time": 0.187,
    "Triggers": [],
    "Execution Time": 164.89
  }
]