{
  "Plan": {
    "Node Type": "Aggregate",
    "Strategy": "Plain",
    "Partial Mode": "Finalize",
    "Parallel Aware": false,
    "Startup Cost": 602389.91,
    "Total Cost": 602389.92,
    "Plan Rows": 1,
    "Plan Width": 8,
    "Actual Startup Time": 5403.613,
    "Actual Total Time": 5470.306,
    "Actual Rows": 1,
    "Actual Loops": 1,
    "Plans": [
      {
        "Node Type": "Gather",
        "Parent Relationship": "Outer",
        "Parallel Aware": false,
        "Startup Cost": 602389.8,
        "Total Cost": 602389.91,
        "Plan Rows": 1,
        "Plan Width": 8,
        "Actual Startup Time": 5402.101,
        "Actual Total Time": 5470.297,
        "Actual Rows": 2,
        "Actual Loops": 1,
        "Workers Planned": 1,
        "Workers Launched": 1,
        "Single Copy": false,
        "Plans": [
          {
            "Node Type": "Aggregate",
            "Strategy": "Plain",
            "Partial Mode": "Partial",
            "Parent Relationship": "Outer",
            "Parallel Aware": false,
            "Startup Cost": 601389.8,
            "Total Cost": 601389.81,
            "Plan Rows": 1,
            "Plan Width": 8,
            "Actual Startup Time": 5396.101,
            "Actual Total Time": 5396.105,
            "Actual Rows": 1,
            "Actual Loops": 2,
            "Plans": [
              {
                "Node Type": "Hash Join",
                "Parent Relationship": "Outer",
                "Parallel Aware": true,
                "Join Type": "Inner",
                "Startup Cost": 63829.24,
                "Total Cost": 585562.6,
                "Plan Rows": 6330882,
                "Plan Width": 0,
                "Actual Startup Time": 243.91,
                "Actual Total Time": 5179.786,
                "Actual Rows": 5370678,
                "Actual Loops": 2,
                "Inner Unique": true,
                "Hash Cond": "(ci.movie_id = t.id)",
                "Plans": [
                  {
                    "Node Type": "Seq Scan",
                    "Parent Relationship": "Outer",
                    "Parallel Aware": true,
                    "Relation Name": "cast_info",
                    "Alias": "ci",
                    "Startup Cost": 0.0,
                    "Total Cost": 465792.95,
                    "Plan Rows": 21310595,
                    "Plan Width": 4,
                    "Actual Startup Time": 0.017,
                    "Actual Total Time": 1339.639,
                    "Actual Rows": 18122172,
                    "Actual Loops": 2
                  },
                  {
                    "Node Type": "Hash",
                    "Parent Relationship": "Inner",
                    "Parallel Aware": true,
                    "Startup Cost": 58306.47,
                    "Total Cost": 58306.47,
                    "Plan Rows": 441822,
                    "Plan Width": 4,
                    "Actual Startup Time": 234.312,
                    "Actual Total Time": 234.313,
                    "Actual Rows": 325162,
                    "Actual Loops": 2,
                    "Hash Buckets": 1048576,
                    "Original Hash Buckets": 1048576,
                    "Hash Batches": 1,
                    "Original Hash Batches": 1,
                    "Peak Memory Usage": 33664,
                    "Plans": [
                      {
                        "Node Type": "Seq Scan",
                        "Parent Relationship": "Outer",
                        "Parallel Aware": true,
                        "Relation Name": "title",
                        "Alias": "t",
                        "Startup Cost": 0.0,
                        "Total Cost": 58306.47,
                        "Plan Rows": 441822,
                        "Plan Width": 4,
                        "Actual Startup Time": 0.047,
                        "Actual Total Time": 154.631,
                        "Actual Rows": 325162,
                        "Actual Loops": 2,
                        "Filter": "((kind_id < 7) AND (production_year > 1982))",
                        "Rows Removed by Filter": 938994
                      }
                    ]
                  }
                ]
              }
            ]
          }
        ]
      }
    ]
  },
  "Planning Time": 0.675,
  "Triggers": [],
  "Execution Time": 5470.394
}