[
  {
    "Plan": {
      "Node Type": "Aggregate",
      "Strategy": "Plain",
      "Partial Mode": "Finalize",
      "Parallel Aware": false,
      "Startup Cost": 80352.08,
      "Total Cost": 80352.09,
      "Plan Rows": 1,
      "Plan Width": 8,
      "Actual Startup Time": 109.795,
      "Actual Total Time": 116.312,
      "Actual Rows": 1,
      "Actual Loops": 1,
      "Plans": [
        {
          "Node Type": "Gather",
          "Parent Relationship": "Outer",
          "Parallel Aware": false,
          "Startup Cost": 80351.77,
          "Total Cost": 80352.08,
          "Plan Rows": 3,
          "Plan Width": 8,
          "Actual Startup Time": 109.218,
          "Actual Total Time": 116.306,
          "Actual Rows": 4,
          "Actual Loops": 1,
          "Workers Planned": 3,
          "Workers Launched": 3,
          "Single Copy": false,
          "Plans": [
            {
              "Node Type": "Aggregate",
              "Strategy": "Plain",
              "Partial Mode": "Partial",
              "Parent Relationship": "Outer",
              "Parallel Aware": false,
              "Startup Cost": 79351.77,
              "Total Cost": 79351.78,
              "Plan Rows": 1,
              "Plan Width": 8,
              "Actual Startup Time": 105.157,
              "Actual Total Time": 105.161,
              "Actual Rows": 1,
              "Actual Loops": 4,
              "Plans": [
                {
                  "Node Type": "Nested Loop",
                  "Parent Relationship": "Outer",
                  "Parallel Aware": false,
                  "Join Type": "Inner",
                  "Startup Cost": 46626.61,
                  "Total Cost": 79338.32,
                  "Plan Rows": 5379,
                  "Plan Width": 0,
                  "Actual Startup Time": 94.058,
                  "Actual Total Time": 105.099,
                  "Actual Rows": 967,
                  "Actual Loops": 4,
                  "Inner Unique": false,
                  "Plans": [
                    {
                      "Node Type": "Hash Join",
                      "Parent Relationship": "Outer",
                      "Parallel Aware": true,
                      "Join Type": "Inner",
                      "Startup Cost": 46626.05,
                      "Total Cost": 71843.54,
                      "Plan Rows": 375,
                      "Plan Width": 8,
                      "Actual Startup Time": 93.983,
                      "Actual Total Time": 103.722,
                      "Actual Rows": 10,
                      "Actual Loops": 4,
                      "Inner Unique": true,
                      "Hash Cond": "(mk.movie_id = t.id)",
                      "Plans": [
                        {
                          "Node Type": "Bitmap Heap Scan",
                          "Parent Relationship": "Outer",
                          "Parallel Aware": true,
                          "Relation Name": "movie_keyword",
                          "Alias": "mk",
                          "Startup Cost": 938.91,
                          "Total Cost": 26118.99,
                          "Plan Rows": 14255,
                          "Plan Width": 4,
                          "Actual Startup Time": 4.806,
                          "Actual Total Time": 18.741,
                          "Actual Rows": 10024,
                          "Actual Loops": 4,
                          "Recheck Cond": "(keyword_id > 104559)",
                          "Rows Removed by Index Recheck": 0,
                          "Exact Heap Blocks": 4142,
                          "Lossy Heap Blocks": 0,
                          "Plans": [
                            {
                              "Node Type": "Bitmap Index Scan",
                              "Parent Relationship": "Outer",
                              "Parallel Aware": false,
                              "Index Name": "keyword_id_movie_keyword",
                              "Startup Cost": 0.0,
                              "Total Cost": 927.87,
                              "Plan Rows": 44191,
                              "Plan Width": 0,
                              "Actual Startup Time": 3.291,
                              "Actual Total Time": 3.291,
                              "Actual Rows": 40094,
                              "Actual Loops": 1,
                              "Index Cond": "(keyword_id > 104559)"
                            }
                          ]
                        },
                        {
                          "Node Type": "Hash",
                          "Parent Relationship": "Inner",
                          "Parallel Aware": true,
                          "Startup Cost": 45479.21,
                          "Total Cost": 45479.21,
                          "Plan Rows": 16634,
                          "Plan Width": 4,
                          "Actual Startup Time": 82.412,
                          "Actual Total Time": 82.413,
                          "Actual Rows": 18743,
                          "Actual Loops": 4,
                          "Hash Buckets": 131072,
                          "Original Hash Buckets": 131072,
                          "Hash Batches": 1,
                          "Original Hash Batches": 1,
                          "Peak Memory Usage": 4032,
                          "Plans": [
                            {
                              "Node Type": "Seq Scan",
                              "Parent Relationship": "Outer",
                              "Parallel Aware": true,
                              "Relation Name": "title",
                              "Alias": "t",
                              "Startup Cost": 0.0,
                              "Total Cost": 45479.21,
                              "Plan Rows": 16634,
                              "Plan Width": 4,
                              "Actual Startup Time": 0.02,
                              "Actual Total Time": 75.793,
                              "Actual Rows": 18743,
                              "Actual Loops": 4,
                              "Filter": "((kind_id > 4) AND (production_year = 2006))",
                              "Rows Removed by Filter": 613335
                            }
                          ]
                        }
                      ]
                    },
                    {
                      "Node Type": "Index Only Scan",
                      "Parent Relationship": "Inner",
                      "Parallel Aware": false,
                      "Scan Direction": "Forward",
                      "Index Name": "movie_id_cast_info",
                      "Relation Name": "cast_info",
                      "Alias": "ci",
                      "Startup Cost": 0.56,
                      "Total Cost": 19.61,
                      "Plan Rows": 38,
                      "Plan Width": 4,
                      "Actual Startup Time": 0.016,
                      "Actual Total Time": 0.136,
                      "Actual Rows": 102,
                      "Actual Loops": 38,
                      "Index Cond": "(movie_id = t.id)",
                      "Rows Removed by Index Recheck": 0,
                      "Heap Fetches": 3868
                    }
                  ]
                }
              ]
            }
          ]
        }
      ]
    },
    "Planning Time": 0.341,
    "Triggers": [],
    "Execution Time": 116.346
  }
]