[
  {
    "Plan": {
      "Node Type": "Aggregate",
      "Strategy": "Plain",
      "Partial Mode": "Finalize",
      "Parallel Aware": false,
      "Startup Cost": 79933.04,
      "Total Cost": 79933.05,
      "Plan Rows": 1,
      "Plan Width": 8,
      "Actual Startup Time": 142.103,
      "Actual Total Time": 156.865,
      "Actual Rows": 1,
      "Actual Loops": 1,
      "Plans": [
        {
          "Node Type": "Gather",
          "Parent Relationship": "Outer",
          "Parallel Aware": false,
          "Startup Cost": 79932.72,
          "Total Cost": 79933.03,
          "Plan Rows": 3,
          "Plan Width": 8,
          "Actual Startup Time": 141.595,
          "Actual Total Time": 156.858,
          "Actual Rows": 4,
          "Actual Loops": 1,
          "Workers Planned": 3,
          "Workers Launched": 3,
          "Single Copy": false,
          "Plans": [
            {
              "Node Type": "Aggregate",
              "Strategy": "Plain",
              "Partial Mode": "Partial",
              "Parent Relationship": "Outer",
              "Parallel Aware": false,
              "Startup Cost": 78932.72,
              "Total Cost": 78932.73,
              "Plan Rows": 1,
              "Plan Width": 8,
              "Actual Startup Time": 131.879,
              "Actual Total Time": 131.883,
              "Actual Rows": 1,
              "Actual Loops": 4,
              "Plans": [
                {
                  "Node Type": "Nested Loop",
                  "Parent Relationship": "Outer",
                  "Parallel Aware": false,
                  "Join Type": "Inner",
                  "Startup Cost": 46537.58,
                  "Total Cost": 78920.3,
                  "Plan Rows": 4969,
                  "Plan Width": 0,
                  "Actual Startup Time": 120.225,
                  "Actual Total Time": 131.814,
                  "Actual Rows": 967,
                  "Actual Loops": 4,
                  "Inner Unique": false,
                  "Plans": [
                    {
                      "Node Type": "Hash Join",
                      "Parent Relationship": "Outer",
                      "Parallel Aware": true,
                      "Join Type": "Inner",
                      "Startup Cost": 46537.01,
                      "Total Cost": 72156.94,
                      "Plan Rows": 347,
                      "Plan Width": 8,
                      "Actual Startup Time": 120.113,
                      "Actual Total Time": 129.758,
                      "Actual Rows": 10,
                      "Actual Loops": 4,
                      "Inner Unique": true,
                      "Hash Cond": "(mk.movie_id = t.id)",
                      "Plans": [
                        {
                          "Node Type": "Bitmap Heap Scan",
                          "Parent Relationship": "Outer",
                          "Parallel Aware": true,
                          "Relation Name": "movie_keyword",
                          "Alias": "mk",
                          "Startup Cost": 843.67,
                          "Total Cost": 26430.03,
                          "Plan Rows": 12788,
                          "Plan Width": 4,
                          "Actual Startup Time": 5.021,
                          "Actual Total Time": 20.263,
                          "Actual Rows": 10024,
                          "Actual Loops": 4,
                          "Recheck Cond": "(keyword_id > 104559)",
                          "Rows Removed by Index Recheck": 0,
                          "Exact Heap Blocks": 4664,
                          "Lossy Heap Blocks": 0,
                          "Plans": [
                            {
                              "Node Type": "Bitmap Index Scan",
                              "Parent Relationship": "Outer",
                              "Parallel Aware": false,
                              "Index Name": "keyword_id_movie_keyword",
                              "Startup Cost": 0.0,
                              "Total Cost": 833.75,
                              "Plan Rows": 39643,
                              "Plan Width": 0,
                              "Actual Startup Time": 3.461,
                              "Actual Total Time": 3.462,
                              "Actual Rows": 40094,
                              "Actual Loops": 1,
                              "Index Cond": "(keyword_id > 104559)"
                            }
                          ]
                        },
                        {
                          "Node Type": "Hash",
                          "Parent Relationship": "Inner",
                          "Parallel Aware": true,
                          "Startup Cost": 45479.1,
                          "Total Cost": 45479.1,
                          "Plan Rows": 17140,
                          "Plan Width": 4,
                          "Actual Startup Time": 105.446,
                          "Actual Total Time": 105.447,
                          "Actual Rows": 18743,
                          "Actual Loops": 4,
                          "Hash Buckets": 131072,
                          "Original Hash Buckets": 131072,
                          "Hash Batches": 1,
                          "Original Hash Batches": 1,
                          "Peak Memory Usage": 4000,
                          "Plans": [
                            {
                              "Node Type": "Seq Scan",
                              "Parent Relationship": "Outer",
                              "Parallel Aware": true,
                              "Relation Name": "title",
                              "Alias": "t",
                              "Startup Cost": 0.0,
                              "Total Cost": 45479.1,
                              "Plan Rows": 17140,
                              "Plan Width": 4,
                              "Actual Startup Time": 0.043,
                              "Actual Total Time": 97.343,
                              "Actual Rows": 18743,
                              "Actual Loops": 4,
                              "Filter": "((kind_id > 4) AND (production_year = 2006))",
                              "Rows Removed by Filter": 613335
                            }
                          ]
                        }
                      ]
                    },
                    {
                      "Node Type": "Index Only Scan",
                      "Parent Relationship": "Inner",
                      "Parallel Aware": false,
                      "Scan Direction": "Forward",
                      "Index Name": "movie_id_cast_info",
                      "Relation Name": "cast_info",
                      "Alias": "ci",
                      "Startup Cost": 0.56,
                      "Total Cost": 19.12,
                      "Plan Rows": 37,
                      "Plan Width": 4,
                      "Actual Startup Time": 0.022,
                      "Actual Total Time": 0.207,
                      "Actual Rows": 102,
                      "Actual Loops": 38,
                      "Index Cond": "(movie_id = t.id)",
                      "Rows Removed by Index Recheck": 0,
                      "Heap Fetches": 3868
                    }
                  ]
                }
              ]
            }
          ]
        }
      ]
    },
    "Planning Time": 1.376,
    "Triggers": [],
    "Execution Time": 156.967
  }
]