[
  {
    "Plan": {
      "Node Type": "Aggregate",
      "Strategy": "Plain",
      "Partial Mode": "Finalize",
      "Parallel Aware": false,
      "Startup Cost": 47061.89,
      "Total Cost": 47061.9,
      "Plan Rows": 1,
      "Plan Width": 8,
      "Actual Startup Time": 202.885,
      "Actual Total Time": 215.492,
      "Actual Rows": 1,
      "Actual Loops": 1,
      "Plans": [
        {
          "Node Type": "Gather",
          "Parent Relationship": "Outer",
          "Parallel Aware": false,
          "Startup Cost": 47061.57,
          "Total Cost": 47061.88,
          "Plan Rows": 3,
          "Plan Width": 8,
          "Actual Startup Time": 202.757,
          "Actual Total Time": 215.483,
          "Actual Rows": 4,
          "Actual Loops": 1,
          "Workers Planned": 3,
          "Workers Launched": 3,
          "Single Copy": false,
          "Plans": [
            {
              "Node Type": "Aggregate",
              "Strategy": "Plain",
              "Partial Mode": "Partial",
              "Parent Relationship": "Outer",
              "Parallel Aware": false,
              "Startup Cost": 46061.57,
              "Total Cost": 46061.58,
              "Plan Rows": 1,
              "Plan Width": 8,
              "Actual Startup Time": 195.083,
              "Actual Total Time": 195.084,
              "Actual Rows": 1,
              "Actual Loops": 4,
              "Plans": [
                {
                  "Node Type": "Seq Scan",
                  "Parent Relationship": "Outer",
                  "Parallel Aware": true,
                  "Relation Name": "movie_keyword",
                  "Alias": "mk",
                  "Startup Cost": 0.0,
                  "Total Cost": 42695.65,
                  "Plan Rows": 1346367,
                  "Plan Width": 0,
                  "Actual Startup Time": 0.065,
                  "Actual Total Time": 141.605,
                  "Actual Rows": 1046008,
                  "Actual Loops": 4,
                  "Filter": "(keyword_id < 48750)",
                  "Rows Removed by Filter": 84974
                }
              ]
            }
          ]
        }
      ]
    },
    "Planning Time": 0.184,
    "Triggers": [],
    "Execution Time": 215.547
  }
]