[
    {
        "Bao": {
            "Bao prediction": 462.762,
            "Bao recommended hint": "(no hint)"
        }
    },
    {
        "Plan": {
            "Node Type": "Aggregate",
            "Strategy": "Plain",
            "Partial Mode": "Finalize",
            "Parallel Aware": false,
            "Startup Cost": 33286.7,
            "Total Cost": 33286.71,
            "Plan Rows": 1,
            "Plan Width": 8,
            "Actual Startup Time": 123.544,
            "Actual Total Time": 130.398,
            "Actual Rows": 1,
            "Actual Loops": 1,
            "Output": [
                "count(*)"
            ],
            "Plans": [
                {
                    "Node Type": "Gather",
                    "Parent Relationship": "Outer",
                    "Parallel Aware": false,
                    "Startup Cost": 33286.38,
                    "Total Cost": 33286.69,
                    "Plan Rows": 3,
                    "Plan Width": 8,
                    "Actual Startup Time": 123.39,
                    "Actual Total Time": 130.388,
                    "Actual Rows": 4,
                    "Actual Loops": 1,
                    "Output": [
                        "(PARTIAL count(*))"
                    ],
                    "Workers Planned": 3,
                    "Workers Launched": 3,
                    "Single Copy": false,
                    "Plans": [
                        {
                            "Node Type": "Aggregate",
                            "Strategy": "Plain",
                            "Partial Mode": "Partial",
                            "Parent Relationship": "Outer",
                            "Parallel Aware": false,
                            "Startup Cost": 32286.38,
                            "Total Cost": 32286.39,
                            "Plan Rows": 1,
                            "Plan Width": 8,
                            "Actual Startup Time": 115.655,
                            "Actual Total Time": 115.656,
                            "Actual Rows": 1,
                            "Actual Loops": 4,
                            "Output": [
                                "PARTIAL count(*)"
                            ],
                            "Workers": [
                                {
                                    "Worker Number": 0,
                                    "Actual Startup Time": 113.102,
                                    "Actual Total Time": 113.103,
                                    "Actual Rows": 1,
                                    "Actual Loops": 1
                                },
                                {
                                    "Worker Number": 1,
                                    "Actual Startup Time": 113.349,
                                    "Actual Total Time": 113.35,
                                    "Actual Rows": 1,
                                    "Actual Loops": 1
                                },
                                {
                                    "Worker Number": 2,
                                    "Actual Startup Time": 113.395,
                                    "Actual Total Time": 113.396,
                                    "Actual Rows": 1,
                                    "Actual Loops": 1
                                }
                            ],
                            "Plans": [
                                {
                                    "Node Type": "Seq Scan",
                                    "Parent Relationship": "Outer",
                                    "Parallel Aware": true,
                                    "Relation Name": "movie_companies",
                                    "Schema": "public",
                                    "Alias": "mc",
                                    "Startup Cost": 0.0,
                                    "Total Cost": 31414.82,
                                    "Plan Rows": 348624,
                                    "Plan Width": 0,
                                    "Actual Startup Time": 52.733,
                                    "Actual Total Time": 101.921,
                                    "Actual Rows": 211000,
                                    "Actual Loops": 4,
                                    "Output": [
                                        "id",
                                        "movie_id",
                                        "company_id",
                                        "company_type_id",
                                        "note"
                                    ],
                                    "Filter": "((mc.company_id < 74691) AND (mc.company_type_id = 2))",
                                    "Rows Removed by Filter": 441283,
                                    "Workers": [
                                        {
                                            "Worker Number": 0,
                                            "Actual Startup Time": 50.191,
                                            "Actual Total Time": 99.824,
                                            "Actual Rows": 201654,
                                            "Actual Loops": 1
                                        },
                                        {
                                            "Worker Number": 1,
                                            "Actual Startup Time": 50.407,
                                            "Actual Total Time": 100.001,
                                            "Actual Rows": 203176,
                                            "Actual Loops": 1
                                        },
                                        {
                                            "Worker Number": 2,
                                            "Actual Startup Time": 50.471,
                                            "Actual Total Time": 99.902,
                                            "Actual Rows": 204260,
                                            "Actual Loops": 1
                                        }
                                    ]
                                }
                            ]
                        }
                    ]
                }
            ]
        },
        "Planning Time": 2285.049,
        "Triggers": [],
        "Execution Time": 130.494
    }
]