[
  {
    "Plan": {
      "Node Type": "Aggregate",
      "Strategy": "Plain",
      "Partial Mode": "Finalize",
      "Parallel Aware": false,
      "Startup Cost": 44833.6,
      "Total Cost": 44833.61,
      "Plan Rows": 1,
      "Plan Width": 8,
      "Actual Startup Time": 142.322,
      "Actual Total Time": 153.289,
      "Actual Rows": 1,
      "Actual Loops": 1,
      "Plans": [
        {
          "Node Type": "Gather",
          "Parent Relationship": "Outer",
          "Parallel Aware": false,
          "Startup Cost": 44833.29,
          "Total Cost": 44833.6,
          "Plan Rows": 3,
          "Plan Width": 8,
          "Actual Startup Time": 142.144,
          "Actual Total Time": 153.279,
          "Actual Rows": 4,
          "Actual Loops": 1,
          "Workers Planned": 3,
          "Workers Launched": 3,
          "Single Copy": false,
          "Plans": [
            {
              "Node Type": "Aggregate",
              "Strategy": "Plain",
              "Partial Mode": "Partial",
              "Parent Relationship": "Outer",
              "Parallel Aware": false,
              "Startup Cost": 43833.29,
              "Total Cost": 43833.3,
              "Plan Rows": 1,
              "Plan Width": 8,
              "Actual Startup Time": 136.435,
              "Actual Total Time": 136.437,
              "Actual Rows": 1,
              "Actual Loops": 4,
              "Plans": [
                {
                  "Node Type": "Seq Scan",
                  "Parent Relationship": "Outer",
                  "Parallel Aware": true,
                  "Relation Name": "movie_keyword",
                  "Alias": "mk",
                  "Startup Cost": 0.0,
                  "Total Cost": 42695.65,
                  "Plan Rows": 455053,
                  "Plan Width": 0,
                  "Actual Startup Time": 0.042,
                  "Actual Total Time": 117.383,
                  "Actual Rows": 352894,
                  "Actual Loops": 4,
                  "Filter": "(keyword_id < 1935)",
                  "Rows Removed by Filter": 778088
                }
              ]
            }
          ]
        }
      ]
    },
    "Planning Time": 0.218,
    "Triggers": [],
    "Execution Time": 153.344
  }
]