[
  {
    "Plan": {
      "Node Type": "Aggregate",
      "Strategy": "Plain",
      "Partial Mode": "Finalize",
      "Parallel Aware": false,
      "Startup Cost": 385230.57,
      "Total Cost": 385230.58,
      "Plan Rows": 1,
      "Plan Width": 8,
      "Actual Startup Time": 2263.146,
      "Actual Total Time": 2329.735,
      "Actual Rows": 1,
      "Actual Loops": 1,
      "Plans": [
        {
          "Node Type": "Gather",
          "Parent Relationship": "Outer",
          "Parallel Aware": false,
          "Startup Cost": 385229.95,
          "Total Cost": 385230.56,
          "Plan Rows": 6,
          "Plan Width": 8,
          "Actual Startup Time": 2252.733,
          "Actual Total Time": 2329.723,
          "Actual Rows": 7,
          "Actual Loops": 1,
          "Workers Planned": 6,
          "Workers Launched": 6,
          "Single Copy": false,
          "Plans": [
            {
              "Node Type": "Aggregate",
              "Strategy": "Plain",
              "Partial Mode": "Partial",
              "Parent Relationship": "Outer",
              "Parallel Aware": false,
              "Startup Cost": 384229.95,
              "Total Cost": 384229.96,
              "Plan Rows": 1,
              "Plan Width": 8,
              "Actual Startup Time": 2237.281,
              "Actual Total Time": 2237.284,
              "Actual Rows": 1,
              "Actual Loops": 7,
              "Plans": [
                {
                  "Node Type": "Hash Join",
                  "Parent Relationship": "Outer",
                  "Parallel Aware": true,
                  "Join Type": "Inner",
                  "Startup Cost": 48857.87,
                  "Total Cost": 377774.67,
                  "Plan Rows": 2582110,
                  "Plan Width": 0,
                  "Actual Startup Time": 166.539,
                  "Actual Total Time": 2127.798,
                  "Actual Rows": 2475525,
                  "Actual Loops": 7,
                  "Inner Unique": true,
                  "Hash Cond": "(ci.movie_id = t.id)",
                  "Plans": [
                    {
                      "Node Type": "Seq Scan",
                      "Parent Relationship": "Outer",
                      "Parallel Aware": true,
                      "Relation Name": "cast_info",
                      "Alias": "ci",
                      "Startup Cost": 0.0,
                      "Total Cost": 313067.02,
                      "Plan Rows": 6038002,
                      "Plan Width": 4,
                      "Actual Startup Time": 0.024,
                      "Actual Total Time": 520.873,
                      "Actual Rows": 5177763,
                      "Actual Loops": 7
                    },
                    {
                      "Node Type": "Hash",
                      "Parent Relationship": "Inner",
                      "Parallel Aware": true,
                      "Startup Cost": 45479.1,
                      "Total Cost": 45479.1,
                      "Plan Rows": 270302,
                      "Plan Width": 4,
                      "Actual Startup Time": 161.379,
                      "Actual Total Time": 161.38,
                      "Actual Rows": 168129,
                      "Actual Loops": 7,
                      "Hash Buckets": 2097152,
                      "Original Hash Buckets": 2097152,
                      "Hash Batches": 1,
                      "Original Hash Batches": 1,
                      "Peak Memory Usage": 62560,
                      "Plans": [
                        {
                          "Node Type": "Seq Scan",
                          "Parent Relationship": "Outer",
                          "Parallel Aware": true,
                          "Relation Name": "title",
                          "Alias": "t",
                          "Startup Cost": 0.0,
                          "Total Cost": 45479.1,
                          "Plan Rows": 270302,
                          "Plan Width": 4,
                          "Actual Startup Time": 0.038,
                          "Actual Total Time": 77.715,
                          "Actual Rows": 168129,
                          "Actual Loops": 7,
                          "Filter": "((production_year > 1989) AND (kind_id = 7))",
                          "Rows Removed by Filter": 193058
                        }
                      ]
                    }
                  ]
                }
              ]
            }
          ]
        }
      ]
    },
    "Planning Time": 0.597,
    "Triggers": [],
    "Execution Time": 2329.82
  }
]