{
  "Plan": {
    "Node Type": "Aggregate",
    "Strategy": "Plain",
    "Partial Mode": "Finalize",
    "Parallel Aware": false,
    "Startup Cost": 399453.32,
    "Total Cost": 399453.33,
    "Plan Rows": 1,
    "Plan Width": 8,
    "Actual Startup Time": 951.087,
    "Actual Total Time": 972.747,
    "Actual Rows": 1,
    "Actual Loops": 1,
    "Plans": [
      {
        "Node Type": "Gather",
        "Parent Relationship": "Outer",
        "Parallel Aware": false,
        "Startup Cost": 399453.21,
        "Total Cost": 399453.32,
        "Plan Rows": 1,
        "Plan Width": 8,
        "Actual Startup Time": 945.314,
        "Actual Total Time": 972.736,
        "Actual Rows": 2,
        "Actual Loops": 1,
        "Workers Planned": 1,
        "Workers Launched": 1,
        "Single Copy": false,
        "Plans": [
          {
            "Node Type": "Aggregate",
            "Strategy": "Plain",
            "Partial Mode": "Partial",
            "Parent Relationship": "Outer",
            "Parallel Aware": false,
            "Startup Cost": 398453.21,
            "Total Cost": 398453.22,
            "Plan Rows": 1,
            "Plan Width": 8,
            "Actual Startup Time": 938.913,
            "Actual Total Time": 938.919,
            "Actual Rows": 1,
            "Actual Loops": 2,
            "Plans": [
              {
                "Node Type": "Hash Join",
                "Parent Relationship": "Outer",
                "Parallel Aware": true,
                "Join Type": "Inner",
                "Startup Cost": 357148.29,
                "Total Cost": 398032.19,
                "Plan Rows": 168409,
                "Plan Width": 0,
                "Actual Startup Time": 694.35,
                "Actual Total Time": 931.125,
                "Actual Rows": 188427,
                "Actual Loops": 2,
                "Inner Unique": false,
                "Hash Cond": "(mc.movie_id = t.id)",
                "Plans": [
                  {
                    "Node Type": "Seq Scan",
                    "Parent Relationship": "Outer",
                    "Parallel Aware": true,
                    "Relation Name": "movie_companies",
                    "Alias": "mc",
                    "Startup Cost": 0.0,
                    "Total Cost": 34137.82,
                    "Plan Rows": 1534782,
                    "Plan Width": 4,
                    "Actual Startup Time": 0.023,
                    "Actual Total Time": 99.275,
                    "Actual Rows": 1304564,
                    "Actual Loops": 2
                  },
                  {
                    "Node Type": "Hash",
                    "Parent Relationship": "Inner",
                    "Parallel Aware": true,
                    "Startup Cost": 355108.39,
                    "Total Cost": 355108.39,
                    "Plan Rows": 163192,
                    "Plan Width": 8,
                    "Actual Startup Time": 688.75,
                    "Actual Total Time": 688.754,
                    "Actual Rows": 68461,
                    "Actual Loops": 2,
                    "Hash Buckets": 524288,
                    "Original Hash Buckets": 524288,
                    "Hash Batches": 1,
                    "Original Hash Batches": 1,
                    "Peak Memory Usage": 9472,
                    "Plans": [
                      {
                        "Node Type": "Hash Join",
                        "Parent Relationship": "Outer",
                        "Parallel Aware": true,
                        "Join Type": "Inner",
                        "Startup Cost": 92651.18,
                        "Total Cost": 355108.39,
                        "Plan Rows": 163192,
                        "Plan Width": 8,
                        "Actual Startup Time": 623.226,
                        "Actual Total Time": 673.588,
                        "Actual Rows": 68461,
                        "Actual Loops": 2,
                        "Inner Unique": true,
                        "Hash Cond": "(ci.movie_id = t.id)",
                        "Plans": [
                          {
                            "Node Type": "Bitmap Heap Scan",
                            "Parent Relationship": "Outer",
                            "Parallel Aware": true,
                            "Relation Name": "cast_info",
                            "Alias": "ci",
                            "Startup Cost": 23190.48,
                            "Total Cost": 285219.31,
                            "Plan Rows": 163192,
                            "Plan Width": 4,
                            "Actual Startup Time": 94.256,
                            "Actual Total Time": 107.464,
                            "Actual Rows": 68461,
                            "Actual Loops": 2,
                            "Recheck Cond": "(person_id < 108693)",
                            "Rows Removed by Index Recheck": 0,
                            "Filter": "(role_id > 4)",
                            "Rows Removed by Filter": 463124,
                            "Exact Heap Blocks": 6873,
                            "Lossy Heap Blocks": 0,
                            "Plans": [
                              {
                                "Node Type": "Bitmap Index Scan",
                                "Parent Relationship": "Outer",
                                "Parallel Aware": false,
                                "Index Name": "person_id_cast_info",
                                "Startup Cost": 0.0,
                                "Total Cost": 23121.12,
                                "Plan Rows": 1058741,
                                "Plan Width": 0,
                                "Actual Startup Time": 41.712,
                                "Actual Total Time": 41.713,
                                "Actual Rows": 1063171,
                                "Actual Loops": 1,
                                "Index Cond": "(person_id < 108693)"
                              }
                            ]
                          },
                          {
                            "Node Type": "Hash",
                            "Parent Relationship": "Inner",
                            "Parallel Aware": true,
                            "Startup Cost": 50870.31,
                            "Total Cost": 50870.31,
                            "Plan Rows": 1487231,
                            "Plan Width": 4,
                            "Actual Startup Time": 510.036,
                            "Actual Total Time": 510.037,
                            "Actual Rows": 1264156,
                            "Actual Loops": 2,
                            "Hash Buckets": 4194304,
                            "Original Hash Buckets": 4194304,
                            "Hash Batches": 1,
                            "Original Hash Batches": 1,
                            "Peak Memory Usage": 131712,
                            "Plans": [
                              {
                                "Node Type": "Seq Scan",
                                "Parent Relationship": "Outer",
                                "Parallel Aware": true,
                                "Relation Name": "title",
                                "Alias": "t",
                                "Startup Cost": 0.0,
                                "Total Cost": 50870.31,
                                "Plan Rows": 1487231,
                                "Plan Width": 4,
                                "Actual Startup Time": 0.059,
                                "Actual Total Time": 157.818,
                                "Actual Rows": 1264156,
                                "Actual Loops": 2
                              }
                            ]
                          }
                        ]
                      }
                    ]
                  }
                ]
              }
            ]
          }
        ]
      }
    ]
  },
  "Planning Time": 1.113,
  "Triggers": [],
  "Execution Time": 972.85
}