[
  {
    "Plan": {
      "Node Type": "Aggregate",
      "Strategy": "Plain",
      "Partial Mode": "Finalize",
      "Parallel Aware": false,
      "Startup Cost": 128255.12,
      "Total Cost": 128255.13,
      "Plan Rows": 1,
      "Plan Width": 8,
      "Actual Startup Time": 803.298,
      "Actual Total Time": 823.086,
      "Actual Rows": 1,
      "Actual Loops": 1,
      "Plans": [
        {
          "Node Type": "Gather",
          "Parent Relationship": "Outer",
          "Parallel Aware": false,
          "Startup Cost": 128254.8,
          "Total Cost": 128255.11,
          "Plan Rows": 3,
          "Plan Width": 8,
          "Actual Startup Time": 798.942,
          "Actual Total Time": 823.074,
          "Actual Rows": 4,
          "Actual Loops": 1,
          "Workers Planned": 3,
          "Workers Launched": 3,
          "Single Copy": false,
          "Plans": [
            {
              "Node Type": "Aggregate",
              "Strategy": "Plain",
              "Partial Mode": "Partial",
              "Parent Relationship": "Outer",
              "Parallel Aware": false,
              "Startup Cost": 127254.8,
              "Total Cost": 127254.81,
              "Plan Rows": 1,
              "Plan Width": 8,
              "Actual Startup Time": 789.92,
              "Actual Total Time": 789.925,
              "Actual Rows": 1,
              "Actual Loops": 4,
              "Plans": [
                {
                  "Node Type": "Hash Join",
                  "Parent Relationship": "Outer",
                  "Parallel Aware": true,
                  "Join Type": "Inner",
                  "Startup Cost": 80621.58,
                  "Total Cost": 126198.09,
                  "Plan Rows": 422682,
                  "Plan Width": 0,
                  "Actual Startup Time": 458.46,
                  "Actual Total Time": 739.918,
                  "Actual Rows": 1295824,
                  "Actual Loops": 4,
                  "Inner Unique": false,
                  "Hash Cond": "(mk.movie_id = t.id)",
                  "Plans": [
                    {
                      "Node Type": "Seq Scan",
                      "Parent Relationship": "Outer",
                      "Parallel Aware": true,
                      "Relation Name": "movie_keyword",
                      "Alias": "mk",
                      "Startup Cost": 0.0,
                      "Total Cost": 39047.32,
                      "Plan Rows": 1459332,
                      "Plan Width": 4,
                      "Actual Startup Time": 0.027,
                      "Actual Total Time": 83.784,
                      "Actual Rows": 1130982,
                      "Actual Loops": 4
                    },
                    {
                      "Node Type": "Hash",
                      "Parent Relationship": "Inner",
                      "Parallel Aware": true,
                      "Startup Cost": 78333.15,
                      "Total Cost": 78333.15,
                      "Plan Rows": 183074,
                      "Plan Width": 8,
                      "Actual Startup Time": 453.343,
                      "Actual Total Time": 453.346,
                      "Actual Rows": 186665,
                      "Actual Loops": 4,
                      "Hash Buckets": 1048576,
                      "Original Hash Buckets": 1048576,
                      "Hash Batches": 1,
                      "Original Hash Batches": 1,
                      "Peak Memory Usage": 37440,
                      "Plans": [
                        {
                          "Node Type": "Hash Join",
                          "Parent Relationship": "Outer",
                          "Parallel Aware": true,
                          "Join Type": "Inner",
                          "Startup Cost": 32263.49,
                          "Total Cost": 78333.15,
                          "Plan Rows": 183074,
                          "Plan Width": 8,
                          "Actual Startup Time": 142.92,
                          "Actual Total Time": 390.705,
                          "Actual Rows": 186665,
                          "Actual Loops": 4,
                          "Inner Unique": false,
                          "Hash Cond": "(t.id = mc.movie_id)",
                          "Plans": [
                            {
                              "Node Type": "Seq Scan",
                              "Parent Relationship": "Outer",
                              "Parallel Aware": true,
                              "Relation Name": "title",
                              "Alias": "t",
                              "Startup Cost": 0.0,
                              "Total Cost": 42318.73,
                              "Plan Rows": 632073,
                              "Plan Width": 4,
                              "Actual Startup Time": 0.008,
                              "Actual Total Time": 71.696,
                              "Actual Rows": 632078,
                              "Actual Loops": 4
                            },
                            {
                              "Node Type": "Hash",
                              "Parent Relationship": "Inner",
                              "Parallel Aware": true,
                              "Startup Cost": 29310.68,
                              "Total Cost": 29310.68,
                              "Plan Rows": 236225,
                              "Plan Width": 4,
                              "Actual Startup Time": 140.17,
                              "Actual Total Time": 140.17,
                              "Actual Rows": 186665,
                              "Actual Loops": 4,
                              "Hash Buckets": 1048576,
                              "Original Hash Buckets": 1048576,
                              "Hash Batches": 1,
                              "Original Hash Batches": 1,
                              "Peak Memory Usage": 37472,
                              "Plans": [
                                {
                                  "Node Type": "Seq Scan",
                                  "Parent Relationship": "Outer",
                                  "Parallel Aware": true,
                                  "Relation Name": "movie_companies",
                                  "Alias": "mc",
                                  "Startup Cost": 0.0,
                                  "Total Cost": 29310.68,
                                  "Plan Rows": 236225,
                                  "Plan Width": 4,
                                  "Actual Startup Time": 28.717,
                                  "Actual Total Time": 81.383,
                                  "Actual Rows": 186665,
                                  "Actual Loops": 4,
                                  "Filter": "(company_id > 37597)",
                                  "Rows Removed by Filter": 465618
                                }
                              ]
                            }
                          ]
                        }
                      ]
                    }
                  ]
                }
              ]
            }
          ]
        }
      ]
    },
    "Planning Time": 1.398,
    "Triggers": [],
    "Execution Time": 823.171
  }
]