[
  {
    "Plan": {
      "Node Type": "Aggregate",
      "Strategy": "Plain",
      "Partial Mode": "Finalize",
      "Parallel Aware": false,
      "Startup Cost": 382860.47,
      "Total Cost": 382860.48,
      "Plan Rows": 1,
      "Plan Width": 8,
      "Actual Startup Time": 938.392,
      "Actual Total Time": 989.482,
      "Actual Rows": 1,
      "Actual Loops": 1,
      "Plans": [
        {
          "Node Type": "Gather",
          "Parent Relationship": "Outer",
          "Parallel Aware": false,
          "Startup Cost": 382859.84,
          "Total Cost": 382860.45,
          "Plan Rows": 6,
          "Plan Width": 8,
          "Actual Startup Time": 937.657,
          "Actual Total Time": 989.471,
          "Actual Rows": 7,
          "Actual Loops": 1,
          "Workers Planned": 6,
          "Workers Launched": 6,
          "Single Copy": false,
          "Plans": [
            {
              "Node Type": "Aggregate",
              "Strategy": "Plain",
              "Partial Mode": "Partial",
              "Parent Relationship": "Outer",
              "Parallel Aware": false,
              "Startup Cost": 381859.84,
              "Total Cost": 381859.85,
              "Plan Rows": 1,
              "Plan Width": 8,
              "Actual Startup Time": 929.745,
              "Actual Total Time": 929.748,
              "Actual Rows": 1,
              "Actual Loops": 7,
              "Plans": [
                {
                  "Node Type": "Hash Join",
                  "Parent Relationship": "Outer",
                  "Parallel Aware": true,
                  "Join Type": "Inner",
                  "Startup Cost": 46184.65,
                  "Total Cost": 381275.22,
                  "Plan Rows": 233848,
                  "Plan Width": 0,
                  "Actual Startup Time": 310.563,
                  "Actual Total Time": 927.206,
                  "Actual Rows": 49112,
                  "Actual Loops": 7,
                  "Inner Unique": true,
                  "Hash Cond": "(ci.movie_id = t.id)",
                  "Plans": [
                    {
                      "Node Type": "Seq Scan",
                      "Parent Relationship": "Outer",
                      "Parallel Aware": true,
                      "Relation Name": "cast_info",
                      "Alias": "ci",
                      "Startup Cost": 0.0,
                      "Total Cost": 328211.39,
                      "Plan Rows": 2620637,
                      "Plan Width": 4,
                      "Actual Startup Time": 219.347,
                      "Actual Total Time": 565.311,
                      "Actual Rows": 2203295,
                      "Actual Loops": 7,
                      "Filter": "(person_id > 2097877)",
                      "Rows Removed by Filter": 2974468
                    },
                    {
                      "Node Type": "Hash",
                      "Parent Relationship": "Inner",
                      "Parallel Aware": true,
                      "Startup Cost": 45479.59,
                      "Total Cost": 45479.59,
                      "Plan Rows": 56405,
                      "Plan Width": 4,
                      "Actual Startup Time": 88.944,
                      "Actual Total Time": 88.945,
                      "Actual Rows": 16222,
                      "Actual Loops": 7,
                      "Hash Buckets": 262144,
                      "Original Hash Buckets": 262144,
                      "Hash Batches": 1,
                      "Original Hash Batches": 1,
                      "Peak Memory Usage": 6592,
                      "Plans": [
                        {
                          "Node Type": "Seq Scan",
                          "Parent Relationship": "Outer",
                          "Parallel Aware": true,
                          "Relation Name": "title",
                          "Alias": "t",
                          "Startup Cost": 0.0,
                          "Total Cost": 45479.59,
                          "Plan Rows": 56405,
                          "Plan Width": 4,
                          "Actual Startup Time": 0.045,
                          "Actual Total Time": 79.68,
                          "Actual Rows": 16222,
                          "Actual Loops": 7,
                          "Filter": "((kind_id > 2) AND (production_year < 1968))",
                          "Rows Removed by Filter": 344965
                        }
                      ]
                    }
                  ]
                }
              ]
            }
          ]
        }
      ]
    },
    "Planning Time": 0.601,
    "Triggers": [],
    "Execution Time": 989.564
  }
]