{
    "Plan": {
        "Node Type": "Aggregate",
        "Strategy": "Plain",
        "Partial Mode": "Simple",
        "Parallel Aware": false,
        "Startup Cost": 80001733785.54,
        "Total Cost": 80001733785.55,
        "Plan Rows": 1,
        "Plan Width": 64,
        "Actual Startup Time": 4542.236,
        "Actual Total Time": 4542.252,
        "Actual Rows": 1,
        "Actual Loops": 1,
        "Output": [
            "min(n.name)",
            "min(t.title)"
        ],
        "Plans": [
            {
                "Node Type": "Nested Loop",
                "Parent Relationship": "Outer",
                "Parallel Aware": false,
                "Join Type": "Inner",
                "Startup Cost": 80001732312.77,
                "Total Cost": 80001733785.54,
                "Plan Rows": 1,
                "Plan Width": 32,
                "Actual Startup Time": 4491.219,
                "Actual Total Time": 4542.154,
                "Actual Rows": 282,
                "Actual Loops": 1,
                "Output": [
                    "n.name",
                    "t.title"
                ],
                "Inner Unique": true,
                "Plans": [
                    {
                        "Node Type": "Nested Loop",
                        "Parent Relationship": "Outer",
                        "Parallel Aware": false,
                        "Join Type": "Inner",
                        "Startup Cost": 70001732312.33,
                        "Total Cost": 70001733781.08,
                        "Plan Rows": 1,
                        "Plan Width": 36,
                        "Actual Startup Time": 4491.195,
                        "Actual Total Time": 4540.642,
                        "Actual Rows": 285,
                        "Actual Loops": 1,
                        "Output": [
                            "mc.company_id",
                            "n.name",
                            "t.title"
                        ],
                        "Inner Unique": true,
                        "Plans": [
                            {
                                "Node Type": "Merge Join",
                                "Parent Relationship": "Outer",
                                "Parallel Aware": false,
                                "Join Type": "Inner",
                                "Startup Cost": 60001732311.88,
                                "Total Cost": 60001733776.62,
                                "Plan Rows": 1,
                                "Plan Width": 40,
                                "Actual Startup Time": 4491.155,
                                "Actual Total Time": 4538.868,
                                "Actual Rows": 285,
                                "Actual Loops": 1,
                                "Output": [
                                    "ci.person_role_id",
                                    "mc.company_id",
                                    "n.name",
                                    "t.title"
                                ],
                                "Inner Unique": false,
                                "Merge Cond": "(t.id = mc.movie_id)",
                                "Plans": [
                                    {
                                        "Node Type": "Sort",
                                        "Parent Relationship": "Outer",
                                        "Parallel Aware": false,
                                        "Startup Cost": 60001647782.25,
                                        "Total Cost": 60001647782.26,
                                        "Plan Rows": 1,
                                        "Plan Width": 48,
                                        "Actual Startup Time": 4031.764,
                                        "Actual Total Time": 4031.817,
                                        "Actual Rows": 312,
                                        "Actual Loops": 1,
                                        "Output": [
                                            "ci.movie_id",
                                            "ci.person_role_id",
                                            "mi.movie_id",
                                            "n.name",
                                            "t.title",
                                            "t.id"
                                        ],
                                        "Sort Key": [
                                            "ci.movie_id"
                                        ],
                                        "Sort Method": "quicksort",
                                        "Sort Space Used": 60,
                                        "Sort Space Type": "Memory",
                                        "Plans": [
                                            {
                                                "Node Type": "Hash Join",
                                                "Parent Relationship": "Outer",
                                                "Parallel Aware": false,
                                                "Join Type": "Inner",
                                                "Startup Cost": 60001647779.82,
                                                "Total Cost": 60001647782.24,
                                                "Plan Rows": 1,
                                                "Plan Width": 48,
                                                "Actual Startup Time": 4031.645,
                                                "Actual Total Time": 4031.702,
                                                "Actual Rows": 312,
                                                "Actual Loops": 1,
                                                "Output": [
                                                    "ci.movie_id",
                                                    "ci.person_role_id",
                                                    "mi.movie_id",
                                                    "n.name",
                                                    "t.title",
                                                    "t.id"
                                                ],
                                                "Inner Unique": false,
                                                "Hash Cond": "(it.id = mi.info_type_id)",
                                                "Plans": [
                                                    {
                                                        "Node Type": "Seq Scan",
                                                        "Parent Relationship": "Outer",
                                                        "Parallel Aware": false,
                                                        "Relation Name": "info_type",
                                                        "Schema": "public",
                                                        "Alias": "it",
                                                        "Startup Cost": 10000000000.0,
                                                        "Total Cost": 10000000002.41,
                                                        "Plan Rows": 1,
                                                        "Plan Width": 4,
                                                        "Actual Startup Time": 0.02,
                                                        "Actual Total Time": 0.031,
                                                        "Actual Rows": 1,
                                                        "Actual Loops": 1,
                                                        "Output": [
                                                            "it.id",
                                                            "it.info"
                                                        ],
                                                        "Filter": "((it.info)::text = 'release dates'::text)",
                                                        "Rows Removed by Filter": 112
                                                    },
                                                    {
                                                        "Node Type": "Hash",
                                                        "Parent Relationship": "Inner",
                                                        "Parallel Aware": false,
                                                        "Startup Cost": 50001647779.79,
                                                        "Total Cost": 50001647779.79,
                                                        "Plan Rows": 2,
                                                        "Plan Width": 52,
                                                        "Actual Startup Time": 4031.613,
                                                        "Actual Total Time": 4031.624,
                                                        "Actual Rows": 312,
                                                        "Actual Loops": 1,
                                                        "Output": [
                                                            "ci.movie_id",
                                                            "ci.person_role_id",
                                                            "mi.movie_id",
                                                            "mi.info_type_id",
                                                            "n.name",
                                                            "t.title",
                                                            "t.id"
                                                        ],
                                                        "Hash Buckets": 1024,
                                                        "Original Hash Buckets": 1024,
                                                        "Hash Batches": 1,
                                                        "Original Hash Batches": 1,
                                                        "Peak Memory Usage": 37,
                                                        "Plans": [
                                                            {
                                                                "Node Type": "Merge Join",
                                                                "Parent Relationship": "Outer",
                                                                "Parallel Aware": false,
                                                                "Join Type": "Inner",
                                                                "Startup Cost": 50001522856.64,
                                                                "Total Cost": 50001647779.79,
                                                                "Plan Rows": 2,
                                                                "Plan Width": 52,
                                                                "Actual Startup Time": 2970.493,
                                                                "Actual Total Time": 4031.485,
                                                                "Actual Rows": 312,
                                                                "Actual Loops": 1,
                                                                "Output": [
                                                                    "ci.movie_id",
                                                                    "ci.person_role_id",
                                                                    "mi.movie_id",
                                                                    "mi.info_type_id",
                                                                    "n.name",
                                                                    "t.title",
                                                                    "t.id"
                                                                ],
                                                                "Inner Unique": false,
                                                                "Merge Cond": "(t.id = mi.movie_id)",
                                                                "Plans": [
                                                                    {
                                                                        "Node Type": "Index Scan",
                                                                        "Parent Relationship": "Outer",
                                                                        "Parallel Aware": false,
                                                                        "Scan Direction": "Forward",
                                                                        "Index Name": "title_pkey",
                                                                        "Relation Name": "title",
                                                                        "Schema": "public",
                                                                        "Alias": "t",
                                                                        "Startup Cost": 0.43,
                                                                        "Total Cost": 122983.71,
                                                                        "Plan Rows": 816476,
                                                                        "Plan Width": 21,
                                                                        "Actual Startup Time": 0.019,
                                                                        "Actual Total Time": 1059.839,
                                                                        "Actual Rows": 821149,
                                                                        "Actual Loops": 1,
                                                                        "Output": [
                                                                            "t.id",
                                                                            "t.title",
                                                                            "t.imdb_index",
                                                                            "t.kind_id",
                                                                            "t.production_year",
                                                                            "t.imdb_id",
                                                                            "t.phonetic_code",
                                                                            "t.episode_of_id",
                                                                            "t.season_nr",
                                                                            "t.episode_nr",
                                                                            "t.series_years",
                                                                            "t.md5sum"
                                                                        ],
                                                                        "Filter": "((t.production_year >= 1996) AND (t.production_year <= 2007))",
                                                                        "Rows Removed by Filter": 1701625
                                                                    },
                                                                    {
                                                                        "Node Type": "Sort",
                                                                        "Parent Relationship": "Inner",
                                                                        "Parallel Aware": false,
                                                                        "Startup Cost": 50001522852.99,
                                                                        "Total Cost": 50001522853.01,
                                                                        "Plan Rows": 7,
                                                                        "Plan Width": 31,
                                                                        "Actual Startup Time": 2933.095,
                                                                        "Actual Total Time": 2933.182,
                                                                        "Actual Rows": 356,
                                                                        "Actual Loops": 1,
                                                                        "Output": [
                                                                            "ci.movie_id",
                                                                            "ci.person_role_id",
                                                                            "mi.movie_id",
                                                                            "mi.info_type_id",
                                                                            "n.name"
                                                                        ],
                                                                        "Sort Key": [
                                                                            "ci.movie_id"
                                                                        ],
                                                                        "Sort Method": "quicksort",
                                                                        "Sort Space Used": 52,
                                                                        "Sort Space Type": "Memory",
                                                                        "Plans": [
                                                                            {
                                                                                "Node Type": "Nested Loop",
                                                                                "Parent Relationship": "Outer",
                                                                                "Parallel Aware": false,
                                                                                "Join Type": "Inner",
                                                                                "Startup Cost": 50000058754.21,
                                                                                "Total Cost": 50001522852.9,
                                                                                "Plan Rows": 7,
                                                                                "Plan Width": 31,
                                                                                "Actual Startup Time": 338.036,
                                                                                "Actual Total Time": 2932.905,
                                                                                "Actual Rows": 356,
                                                                                "Actual Loops": 1,
                                                                                "Output": [
                                                                                    "ci.movie_id",
                                                                                    "ci.person_role_id",
                                                                                    "mi.movie_id",
                                                                                    "mi.info_type_id",
                                                                                    "n.name"
                                                                                ],
                                                                                "Inner Unique": false,
                                                                                "Join Filter": "(n.id = an.person_id)",
                                                                                "Rows Removed by Join Filter": 0,
                                                                                "Plans": [
                                                                                    {
                                                                                        "Node Type": "Nested Loop",
                                                                                        "Parent Relationship": "Outer",
                                                                                        "Parallel Aware": false,
                                                                                        "Join Type": "Inner",
                                                                                        "Startup Cost": 40000058753.77,
                                                                                        "Total Cost": 40001522839.41,
                                                                                        "Plan Rows": 3,
                                                                                        "Plan Width": 39,
                                                                                        "Actual Startup Time": 337.971,
                                                                                        "Actual Total Time": 2930.705,
                                                                                        "Actual Rows": 157,
                                                                                        "Actual Loops": 1,
                                                                                        "Output": [
                                                                                            "ci.movie_id",
                                                                                            "ci.person_id",
                                                                                            "ci.person_role_id",
                                                                                            "mi.movie_id",
                                                                                            "mi.info_type_id",
                                                                                            "n.name",
                                                                                            "n.id"
                                                                                        ],
                                                                                        "Inner Unique": false,
                                                                                        "Plans": [
                                                                                            {
                                                                                                "Node Type": "Nested Loop",
                                                                                                "Parent Relationship": "Outer",
                                                                                                "Parallel Aware": false,
                                                                                                "Join Type": "Inner",
                                                                                                "Startup Cost": 30000058752.97,
                                                                                                "Total Cost": 30001522806.47,
                                                                                                "Plan Rows": 6,
                                                                                                "Plan Width": 31,
                                                                                                "Actual Startup Time": 337.942,
                                                                                                "Actual Total Time": 2922.997,
                                                                                                "Actual Rows": 238,
                                                                                                "Actual Loops": 1,
                                                                                                "Output": [
                                                                                                    "ci.movie_id",
                                                                                                    "ci.person_id",
                                                                                                    "ci.person_role_id",
                                                                                                    "n.name",
                                                                                                    "n.id"
                                                                                                ],
                                                                                                "Inner Unique": true,
                                                                                                "Plans": [
                                                                                                    {
                                                                                                        "Node Type": "Nested Loop",
                                                                                                        "Parent Relationship": "Outer",
                                                                                                        "Parallel Aware": false,
                                                                                                        "Join Type": "Inner",
                                                                                                        "Startup Cost": 20000058752.51,
                                                                                                        "Total Cost": 20000371921.32,
                                                                                                        "Plan Rows": 257198,
                                                                                                        "Plan Width": 12,
                                                                                                        "Actual Startup Time": 331.131,
                                                                                                        "Actual Total Time": 1339.0,
                                                                                                        "Actual Rows": 222716,
                                                                                                        "Actual Loops": 1,
                                                                                                        "Output": [
                                                                                                            "ci.movie_id",
                                                                                                            "ci.person_id",
                                                                                                            "ci.person_role_id"
                                                                                                        ],
                                                                                                        "Inner Unique": false,
                                                                                                        "Plans": [
                                                                                                            {
                                                                                                                "Node Type": "Seq Scan",
                                                                                                                "Parent Relationship": "Outer",
                                                                                                                "Parallel Aware": false,
                                                                                                                "Relation Name": "role_type",
                                                                                                                "Schema": "public",
                                                                                                                "Alias": "rt",
                                                                                                                "Startup Cost": 10000000000.0,
                                                                                                                "Total Cost": 10000000001.15,
                                                                                                                "Plan Rows": 1,
                                                                                                                "Plan Width": 4,
                                                                                                                "Actual Startup Time": 0.009,
                                                                                                                "Actual Total Time": 0.013,
                                                                                                                "Actual Rows": 1,
                                                                                                                "Actual Loops": 1,
                                                                                                                "Output": [
                                                                                                                    "rt.id",
                                                                                                                    "rt.role"
                                                                                                                ],
                                                                                                                "Filter": "((rt.role)::text = 'actress'::text)",
                                                                                                                "Rows Removed by Filter": 11
                                                                                                            },
                                                                                                            {
                                                                                                                "Node Type": "Bitmap Heap Scan",
                                                                                                                "Parent Relationship": "Inner",
                                                                                                                "Parallel Aware": false,
                                                                                                                "Relation Name": "cast_info",
                                                                                                                "Schema": "public",
                                                                                                                "Alias": "ci",
                                                                                                                "Startup Cost": 58752.51,
                                                                                                                "Total Cost": 369114.38,
                                                                                                                "Plan Rows": 280579,
                                                                                                                "Plan Width": 16,
                                                                                                                "Actual Startup Time": 331.114,
                                                                                                                "Actual Total Time": 1299.405,
                                                                                                                "Actual Rows": 222716,
                                                                                                                "Actual Loops": 1,
                                                                                                                "Output": [
                                                                                                                    "ci.id",
                                                                                                                    "ci.person_id",
                                                                                                                    "ci.movie_id",
                                                                                                                    "ci.person_role_id",
                                                                                                                    "ci.note",
                                                                                                                    "ci.nr_order",
                                                                                                                    "ci.role_id"
                                                                                                                ],
                                                                                                                "Recheck Cond": "(ci.role_id = rt.id)",
                                                                                                                "Rows Removed by Index Recheck": 0,
                                                                                                                "Filter": "(ci.note = ANY ('{\"(executive producer)\",(producer),(voice),\"(as Kimberly)\"}'::text[]))",
                                                                                                                "Rows Removed by Filter": 7229257,
                                                                                                                "Exact Heap Blocks": 49087,
                                                                                                                "Lossy Heap Blocks": 0,
                                                                                                                "Plans": [
                                                                                                                    {
                                                                                                                        "Node Type": "Bitmap Index Scan",
                                                                                                                        "Parent Relationship": "Outer",
                                                                                                                        "Parallel Aware": false,
                                                                                                                        "Index Name": "role_id_cast_info",
                                                                                                                        "Startup Cost": 0.0,
                                                                                                                        "Total Cost": 58682.37,
                                                                                                                        "Plan Rows": 3295707,
                                                                                                                        "Plan Width": 0,
                                                                                                                        "Actual Startup Time": 320.484,
                                                                                                                        "Actual Total Time": 320.484,
                                                                                                                        "Actual Rows": 7451973,
                                                                                                                        "Actual Loops": 1,
                                                                                                                        "Index Cond": "(ci.role_id = rt.id)"
                                                                                                                    }
                                                                                                                ]
                                                                                                            }
                                                                                                        ]
                                                                                                    },
                                                                                                    {
                                                                                                        "Node Type": "Bitmap Heap Scan",
                                                                                                        "Parent Relationship": "Inner",
                                                                                                        "Parallel Aware": false,
                                                                                                        "Relation Name": "name",
                                                                                                        "Schema": "public",
                                                                                                        "Alias": "n",
                                                                                                        "Startup Cost": 0.46,
                                                                                                        "Total Cost": 4.47,
                                                                                                        "Plan Rows": 1,
                                                                                                        "Plan Width": 19,
                                                                                                        "Actual Startup Time": 0.005,
                                                                                                        "Actual Total Time": 0.005,
                                                                                                        "Actual Rows": 0,
                                                                                                        "Actual Loops": 222716,
                                                                                                        "Output": [
                                                                                                            "n.id",
                                                                                                            "n.name",
                                                                                                            "n.imdb_index",
                                                                                                            "n.imdb_id",
                                                                                                            "n.gender",
                                                                                                            "n.name_pcode_cf",
                                                                                                            "n.name_pcode_nf",
                                                                                                            "n.surname_pcode",
                                                                                                            "n.md5sum"
                                                                                                        ],
                                                                                                        "Recheck Cond": "(n.id = ci.person_id)",
                                                                                                        "Rows Removed by Index Recheck": 0,
                                                                                                        "Filter": "((n.name ~~ '%Kimberly%'::text) AND ((n.gender)::text = 'f'::text))",
                                                                                                        "Rows Removed by Filter": 1,
                                                                                                        "Exact Heap Blocks": 222716,
                                                                                                        "Lossy Heap Blocks": 0,
                                                                                                        "Plans": [
                                                                                                            {
                                                                                                                "Node Type": "Bitmap Index Scan",
                                                                                                                "Parent Relationship": "Outer",
                                                                                                                "Parallel Aware": false,
                                                                                                                "Index Name": "name_pkey",
                                                                                                                "Startup Cost": 0.0,
                                                                                                                "Total Cost": 0.46,
                                                                                                                "Plan Rows": 1,
                                                                                                                "Plan Width": 0,
                                                                                                                "Actual Startup Time": 0.003,
                                                                                                                "Actual Total Time": 0.003,
                                                                                                                "Actual Rows": 1,
                                                                                                                "Actual Loops": 222716,
                                                                                                                "Index Cond": "(n.id = ci.person_id)"
                                                                                                            }
                                                                                                        ]
                                                                                                    }
                                                                                                ]
                                                                                            },
                                                                                            {
                                                                                                "Node Type": "Bitmap Heap Scan",
                                                                                                "Parent Relationship": "Inner",
                                                                                                "Parallel Aware": false,
                                                                                                "Relation Name": "movie_info",
                                                                                                "Schema": "public",
                                                                                                "Alias": "mi",
                                                                                                "Startup Cost": 0.8,
                                                                                                "Total Cost": 5.48,
                                                                                                "Plan Rows": 1,
                                                                                                "Plan Width": 8,
                                                                                                "Actual Startup Time": 0.021,
                                                                                                "Actual Total Time": 0.029,
                                                                                                "Actual Rows": 1,
                                                                                                "Actual Loops": 238,
                                                                                                "Output": [
                                                                                                    "mi.id",
                                                                                                    "mi.movie_id",
                                                                                                    "mi.info_type_id",
                                                                                                    "mi.info",
                                                                                                    "mi.note"
                                                                                                ],
                                                                                                "Recheck Cond": "(mi.movie_id = ci.movie_id)",
                                                                                                "Rows Removed by Index Recheck": 0,
                                                                                                "Filter": "((mi.info IS NOT NULL) AND ((mi.info ~~ 'Japan:%200%'::text) OR (mi.info ~~ 'USA:%200%'::text)))",
                                                                                                "Rows Removed by Filter": 24,
                                                                                                "Exact Heap Blocks": 1563,
                                                                                                "Lossy Heap Blocks": 0,
                                                                                                "Plans": [
                                                                                                    {
                                                                                                        "Node Type": "Bitmap Index Scan",
                                                                                                        "Parent Relationship": "Outer",
                                                                                                        "Parallel Aware": false,
                                                                                                        "Index Name": "movie_id_movie_info",
                                                                                                        "Startup Cost": 0.0,
                                                                                                        "Total Cost": 0.8,
                                                                                                        "Plan Rows": 39,
                                                                                                        "Plan Width": 0,
                                                                                                        "Actual Startup Time": 0.01,
                                                                                                        "Actual Total Time": 0.01,
                                                                                                        "Actual Rows": 25,
                                                                                                        "Actual Loops": 238,
                                                                                                        "Index Cond": "(mi.movie_id = ci.movie_id)"
                                                                                                    }
                                                                                                ]
                                                                                            }
                                                                                        ]
                                                                                    },
                                                                                    {
                                                                                        "Node Type": "Bitmap Heap Scan",
                                                                                        "Parent Relationship": "Inner",
                                                                                        "Parallel Aware": false,
                                                                                        "Relation Name": "aka_name",
                                                                                        "Schema": "public",
                                                                                        "Alias": "an",
                                                                                        "Startup Cost": 0.44,
                                                                                        "Total Cost": 4.47,
                                                                                        "Plan Rows": 2,
                                                                                        "Plan Width": 4,
                                                                                        "Actual Startup Time": 0.009,
                                                                                        "Actual Total Time": 0.01,
                                                                                        "Actual Rows": 2,
                                                                                        "Actual Loops": 157,
                                                                                        "Output": [
                                                                                            "an.id",
                                                                                            "an.person_id",
                                                                                            "an.name",
                                                                                            "an.imdb_index",
                                                                                            "an.name_pcode_cf",
                                                                                            "an.name_pcode_nf",
                                                                                            "an.surname_pcode",
                                                                                            "an.md5sum"
                                                                                        ],
                                                                                        "Recheck Cond": "(an.person_id = ci.person_id)",
                                                                                        "Rows Removed by Index Recheck": 0,
                                                                                        "Exact Heap Blocks": 236,
                                                                                        "Lossy Heap Blocks": 0,
                                                                                        "Plans": [
                                                                                            {
                                                                                                "Node Type": "Bitmap Index Scan",
                                                                                                "Parent Relationship": "Outer",
                                                                                                "Parallel Aware": false,
                                                                                                "Index Name": "person_id_aka_name",
                                                                                                "Startup Cost": 0.0,
                                                                                                "Total Cost": 0.44,
                                                                                                "Plan Rows": 2,
                                                                                                "Plan Width": 0,
                                                                                                "Actual Startup Time": 0.006,
                                                                                                "Actual Total Time": 0.006,
                                                                                                "Actual Rows": 2,
                                                                                                "Actual Loops": 157,
                                                                                                "Index Cond": "(an.person_id = ci.person_id)"
                                                                                            }
                                                                                        ]
                                                                                    }
                                                                                ]
                                                                            }
                                                                        ]
                                                                    }
                                                                ]
                                                            }
                                                        ]
                                                    }
                                                ]
                                            }
                                        ]
                                    },
                                    {
                                        "Node Type": "Sort",
                                        "Parent Relationship": "Inner",
                                        "Parallel Aware": false,
                                        "Startup Cost": 84529.48,
                                        "Total Cost": 85261.91,
                                        "Plan Rows": 292973,
                                        "Plan Width": 8,
                                        "Actual Startup Time": 458.667,
                                        "Actual Total Time": 478.451,
                                        "Actual Rows": 590789,
                                        "Actual Loops": 1,
                                        "Output": [
                                            "mc.movie_id",
                                            "mc.company_id"
                                        ],
                                        "Sort Key": [
                                            "mc.movie_id"
                                        ],
                                        "Sort Method": "quicksort",
                                        "Sort Space Used": 52279,
                                        "Sort Space Type": "Memory",
                                        "Plans": [
                                            {
                                                "Node Type": "Seq Scan",
                                                "Parent Relationship": "Outer",
                                                "Parallel Aware": false,
                                                "Relation Name": "movie_companies",
                                                "Schema": "public",
                                                "Alias": "mc",
                                                "Startup Cost": 0.0,
                                                "Total Cost": 57926.93,
                                                "Plan Rows": 292973,
                                                "Plan Width": 8,
                                                "Actual Startup Time": 0.019,
                                                "Actual Total Time": 358.875,
                                                "Actual Rows": 590994,
                                                "Actual Loops": 1,
                                                "Output": [
                                                    "mc.movie_id",
                                                    "mc.company_id"
                                                ],
                                                "Filter": "((mc.note IS NOT NULL) AND ((mc.note ~~ '%(USA)%'::text) OR (mc.note ~~ '%(worldwide)%'::text)))",
                                                "Rows Removed by Filter": 2018135
                                            }
                                        ]
                                    }
                                ]
                            },
                            {
                                "Node Type": "Bitmap Heap Scan",
                                "Parent Relationship": "Inner",
                                "Parallel Aware": false,
                                "Relation Name": "char_name",
                                "Schema": "public",
                                "Alias": "chn",
                                "Startup Cost": 0.45,
                                "Total Cost": 4.46,
                                "Plan Rows": 1,
                                "Plan Width": 4,
                                "Actual Startup Time": 0.004,
                                "Actual Total Time": 0.004,
                                "Actual Rows": 1,
                                "Actual Loops": 285,
                                "Output": [
                                    "chn.id",
                                    "chn.name",
                                    "chn.imdb_index",
                                    "chn.imdb_id",
                                    "chn.name_pcode_nf",
                                    "chn.surname_pcode",
                                    "chn.md5sum"
                                ],
                                "Recheck Cond": "(chn.id = ci.person_role_id)",
                                "Rows Removed by Index Recheck": 0,
                                "Exact Heap Blocks": 285,
                                "Lossy Heap Blocks": 0,
                                "Plans": [
                                    {
                                        "Node Type": "Bitmap Index Scan",
                                        "Parent Relationship": "Outer",
                                        "Parallel Aware": false,
                                        "Index Name": "char_name_pkey",
                                        "Startup Cost": 0.0,
                                        "Total Cost": 0.45,
                                        "Plan Rows": 1,
                                        "Plan Width": 0,
                                        "Actual Startup Time": 0.003,
                                        "Actual Total Time": 0.003,
                                        "Actual Rows": 1,
                                        "Actual Loops": 285,
                                        "Index Cond": "(chn.id = ci.person_role_id)"
                                    }
                                ]
                            }
                        ]
                    },
                    {
                        "Node Type": "Bitmap Heap Scan",
                        "Parent Relationship": "Inner",
                        "Parallel Aware": false,
                        "Relation Name": "company_name",
                        "Schema": "public",
                        "Alias": "cn",
                        "Startup Cost": 0.44,
                        "Total Cost": 4.45,
                        "Plan Rows": 1,
                        "Plan Width": 4,
                        "Actual Startup Time": 0.003,
                        "Actual Total Time": 0.003,
                        "Actual Rows": 1,
                        "Actual Loops": 285,
                        "Output": [
                            "cn.id",
                            "cn.name",
                            "cn.country_code",
                            "cn.imdb_id",
                            "cn.name_pcode_nf",
                            "cn.name_pcode_sf",
                            "cn.md5sum"
                        ],
                        "Recheck Cond": "(cn.id = mc.company_id)",
                        "Rows Removed by Index Recheck": 0,
                        "Filter": "((cn.country_code)::text = '[us]'::text)",
                        "Rows Removed by Filter": 0,
                        "Exact Heap Blocks": 285,
                        "Lossy Heap Blocks": 0,
                        "Plans": [
                            {
                                "Node Type": "Bitmap Index Scan",
                                "Parent Relationship": "Outer",
                                "Parallel Aware": false,
                                "Index Name": "company_name_pkey",
                                "Startup Cost": 0.0,
                                "Total Cost": 0.44,
                                "Plan Rows": 1,
                                "Plan Width": 0,
                                "Actual Startup Time": 0.002,
                                "Actual Total Time": 0.002,
                                "Actual Rows": 1,
                                "Actual Loops": 285,
                                "Index Cond": "(cn.id = mc.company_id)"
                            }
                        ]
                    }
                ]
            }
        ]
    },
    "Planning Time": 22.1,
    "Triggers": [],
    "Execution Time": 4542.477
}