[
  {
    "Plan": {
      "Node Type": "Aggregate",
      "Strategy": "Plain",
      "Partial Mode": "Finalize",
      "Parallel Aware": false,
      "Startup Cost": 100213.22,
      "Total Cost": 100213.23,
      "Plan Rows": 1,
      "Plan Width": 8,
      "Actual Startup Time": 861.418,
      "Actual Total Time": 879.872,
      "Actual Rows": 1,
      "Actual Loops": 1,
      "Plans": [
        {
          "Node Type": "Gather",
          "Parent Relationship": "Outer",
          "Parallel Aware": false,
          "Startup Cost": 100213.0,
          "Total Cost": 100213.21,
          "Plan Rows": 2,
          "Plan Width": 8,
          "Actual Startup Time": 852.961,
          "Actual Total Time": 879.862,
          "Actual Rows": 3,
          "Actual Loops": 1,
          "Workers Planned": 2,
          "Workers Launched": 2,
          "Single Copy": false,
          "Plans": [
            {
              "Node Type": "Aggregate",
              "Strategy": "Plain",
              "Partial Mode": "Partial",
              "Parent Relationship": "Outer",
              "Parallel Aware": false,
              "Startup Cost": 99213.0,
              "Total Cost": 99213.01,
              "Plan Rows": 1,
              "Plan Width": 8,
              "Actual Startup Time": 845.295,
              "Actual Total Time": 845.821,
              "Actual Rows": 1,
              "Actual Loops": 3,
              "Plans": [
                {
                  "Node Type": "Hash Join",
                  "Parent Relationship": "Outer",
                  "Parallel Aware": true,
                  "Join Type": "Inner",
                  "Startup Cost": 82511.35,
                  "Total Cost": 98782.9,
                  "Plan Rows": 172041,
                  "Plan Width": 0,
                  "Actual Startup Time": 679.117,
                  "Actual Total Time": 828.828,
                  "Actual Rows": 369616,
                  "Actual Loops": 3,
                  "Inner Unique": false,
                  "Hash Cond": "(mi_idx.movie_id = t.id)",
                  "Plans": [
                    {
                      "Node Type": "Seq Scan",
                      "Parent Relationship": "Outer",
                      "Parallel Aware": true,
                      "Relation Name": "movie_info_idx",
                      "Alias": "mi_idx",
                      "Startup Cost": 0.0,
                      "Total Cost": 13685.15,
                      "Plan Rows": 575015,
                      "Plan Width": 4,
                      "Actual Startup Time": 0.033,
                      "Actual Total Time": 41.375,
                      "Actual Rows": 460012,
                      "Actual Loops": 3
                    },
                    {
                      "Node Type": "Hash",
                      "Parent Relationship": "Inner",
                      "Parallel Aware": true,
                      "Startup Cost": 80147.44,
                      "Total Cost": 80147.44,
                      "Plan Rows": 189113,
                      "Plan Width": 8,
                      "Actual Startup Time": 672.488,
                      "Actual Total Time": 673.012,
                      "Actual Rows": 238983,
                      "Actual Loops": 3,
                      "Hash Buckets": 1048576,
                      "Original Hash Buckets": 1048576,
                      "Hash Batches": 1,
                      "Original Hash Batches": 1,
                      "Peak Memory Usage": 36288,
                      "Plans": [
                        {
                          "Node Type": "Hash Join",
                          "Parent Relationship": "Outer",
                          "Parallel Aware": true,
                          "Join Type": "Inner",
                          "Startup Cost": 33083.26,
                          "Total Cost": 80147.44,
                          "Plan Rows": 189113,
                          "Plan Width": 8,
                          "Actual Startup Time": 213.964,
                          "Actual Total Time": 593.335,
                          "Actual Rows": 238983,
                          "Actual Loops": 3,
                          "Inner Unique": false,
                          "Hash Cond": "(t.id = mc.movie_id)",
                          "Plans": [
                            {
                              "Node Type": "Seq Scan",
                              "Parent Relationship": "Outer",
                              "Parallel Aware": true,
                              "Relation Name": "title",
                              "Alias": "t",
                              "Startup Cost": 0.0,
                              "Total Cost": 43898.92,
                              "Plan Rows": 511045,
                              "Plan Width": 4,
                              "Actual Startup Time": 0.014,
                              "Actual Total Time": 134.618,
                              "Actual Rows": 677480,
                              "Actual Loops": 3,
                              "Filter": "(production_year > 1973)",
                              "Rows Removed by Filter": 165291
                            },
                            {
                              "Node Type": "Hash",
                              "Parent Relationship": "Inner",
                              "Parallel Aware": true,
                              "Startup Cost": 29310.68,
                              "Total Cost": 29310.68,
                              "Plan Rows": 301806,
                              "Plan Width": 4,
                              "Actual Startup Time": 210.063,
                              "Actual Total Time": 210.064,
                              "Actual Rows": 315953,
                              "Actual Loops": 3,
                              "Hash Buckets": 1048576,
                              "Original Hash Buckets": 1048576,
                              "Hash Batches": 1,
                              "Original Hash Batches": 1,
                              "Peak Memory Usage": 45344,
                              "Plans": [
                                {
                                  "Node Type": "Seq Scan",
                                  "Parent Relationship": "Outer",
                                  "Parallel Aware": true,
                                  "Relation Name": "movie_companies",
                                  "Alias": "mc",
                                  "Startup Cost": 0.0,
                                  "Total Cost": 29310.68,
                                  "Plan Rows": 301806,
                                  "Plan Width": 4,
                                  "Actual Startup Time": 23.668,
                                  "Actual Total Time": 110.95,
                                  "Actual Rows": 315953,
                                  "Actual Loops": 3,
                                  "Filter": "(company_id > 18685)",
                                  "Rows Removed by Filter": 553757
                                }
                              ]
                            }
                          ]
                        }
                      ]
                    }
                  ]
                }
              ]
            }
          ]
        }
      ]
    },
    "Planning Time": 1.464,
    "Triggers": [],
    "Execution Time": 879.957
  }
]