{
  "Plan": {
    "Node Type": "Aggregate",
    "Strategy": "Plain",
    "Partial Mode": "Finalize",
    "Parallel Aware": false,
    "Startup Cost": 895950.03,
    "Total Cost": 895950.04,
    "Plan Rows": 1,
    "Plan Width": 8,
    "Actual Startup Time": 12414.308,
    "Actual Total Time": 12523.054,
    "Actual Rows": 1,
    "Actual Loops": 1,
    "Plans": [
      {
        "Node Type": "Gather",
        "Parent Relationship": "Outer",
        "Parallel Aware": false,
        "Startup Cost": 895949.91,
        "Total Cost": 895950.02,
        "Plan Rows": 1,
        "Plan Width": 8,
        "Actual Startup Time": 12398.74,
        "Actual Total Time": 12523.046,
        "Actual Rows": 2,
        "Actual Loops": 1,
        "Workers Planned": 1,
        "Workers Launched": 1,
        "Single Copy": false,
        "Plans": [
          {
            "Node Type": "Aggregate",
            "Strategy": "Plain",
            "Partial Mode": "Partial",
            "Parent Relationship": "Outer",
            "Parallel Aware": false,
            "Startup Cost": 894949.91,
            "Total Cost": 894949.92,
            "Plan Rows": 1,
            "Plan Width": 8,
            "Actual Startup Time": 12368.511,
            "Actual Total Time": 12368.518,
            "Actual Rows": 1,
            "Actual Loops": 2,
            "Plans": [
              {
                "Node Type": "Hash Join",
                "Parent Relationship": "Outer",
                "Parallel Aware": true,
                "Join Type": "Inner",
                "Startup Cost": 719333.78,
                "Total Cost": 867524.0,
                "Plan Rows": 10970365,
                "Plan Width": 0,
                "Actual Startup Time": 8273.836,
                "Actual Total Time": 11074.986,
                "Actual Rows": 30661156,
                "Actual Loops": 2,
                "Inner Unique": false,
                "Hash Cond": "(mk.movie_id = t.id)",
                "Plans": [
                  {
                    "Node Type": "Seq Scan",
                    "Parent Relationship": "Outer",
                    "Parallel Aware": true,
                    "Relation Name": "movie_keyword",
                    "Alias": "mk",
                    "Startup Cost": 0.0,
                    "Total Cost": 57718.19,
                    "Plan Rows": 1886580,
                    "Plan Width": 4,
                    "Actual Startup Time": 0.018,
                    "Actual Total Time": 200.79,
                    "Actual Rows": 1600376,
                    "Actual Loops": 2,
                    "Filter": "(keyword_id < 13088)",
                    "Rows Removed by Filter": 661589
                  },
                  {
                    "Node Type": "Hash",
                    "Parent Relationship": "Inner",
                    "Parallel Aware": true,
                    "Startup Cost": 611231.63,
                    "Total Cost": 611231.63,
                    "Plan Rows": 8648172,
                    "Plan Width": 8,
                    "Actual Startup Time": 8217.925,
                    "Actual Total Time": 8217.93,
                    "Actual Rows": 7336422,
                    "Actual Loops": 2,
                    "Hash Buckets": 16777216,
                    "Original Hash Buckets": 16777216,
                    "Hash Batches": 1,
                    "Original Hash Batches": 1,
                    "Peak Memory Usage": 705120,
                    "Plans": [
                      {
                        "Node Type": "Hash Join",
                        "Parent Relationship": "Outer",
                        "Parallel Aware": true,
                        "Join Type": "Inner",
                        "Startup Cost": 69460.7,
                        "Total Cost": 611231.63,
                        "Plan Rows": 8648172,
                        "Plan Width": 8,
                        "Actual Startup Time": 1027.906,
                        "Actual Total Time": 5736.964,
                        "Actual Rows": 7336422,
                        "Actual Loops": 2,
                        "Inner Unique": true,
                        "Hash Cond": "(ci.movie_id = t.id)",
                        "Plans": [
                          {
                            "Node Type": "Seq Scan",
                            "Parent Relationship": "Outer",
                            "Parallel Aware": true,
                            "Relation Name": "cast_info",
                            "Alias": "ci",
                            "Startup Cost": 0.0,
                            "Total Cost": 519069.44,
                            "Plan Rows": 8648172,
                            "Plan Width": 4,
                            "Actual Startup Time": 504.723,
                            "Actual Total Time": 1463.784,
                            "Actual Rows": 7336422,
                            "Actual Loops": 2,
                            "Filter": "(person_id > 2188170)",
                            "Rows Removed by Filter": 10785750
                          },
                          {
                            "Node Type": "Hash",
                            "Parent Relationship": "Inner",
                            "Parallel Aware": true,
                            "Startup Cost": 50870.31,
                            "Total Cost": 50870.31,
                            "Plan Rows": 1487231,
                            "Plan Width": 4,
                            "Actual Startup Time": 511.92,
                            "Actual Total Time": 511.921,
                            "Actual Rows": 1264156,
                            "Actual Loops": 2,
                            "Hash Buckets": 4194304,
                            "Original Hash Buckets": 4194304,
                            "Hash Batches": 1,
                            "Original Hash Batches": 1,
                            "Peak Memory Usage": 131680,
                            "Plans": [
                              {
                                "Node Type": "Seq Scan",
                                "Parent Relationship": "Outer",
                                "Parallel Aware": true,
                                "Relation Name": "title",
                                "Alias": "t",
                                "Startup Cost": 0.0,
                                "Total Cost": 50870.31,
                                "Plan Rows": 1487231,
                                "Plan Width": 4,
                                "Actual Startup Time": 0.037,
                                "Actual Total Time": 150.474,
                                "Actual Rows": 1264156,
                                "Actual Loops": 2
                              }
                            ]
                          }
                        ]
                      }
                    ]
                  }
                ]
              }
            ]
          }
        ]
      }
    ]
  },
  "Planning Time": 1.012,
  "Triggers": [],
  "Execution Time": 12523.14
}