{
  "Plan": {
    "Node Type": "Aggregate",
    "Strategy": "Plain",
    "Partial Mode": "Finalize",
    "Parallel Aware": false,
    "Startup Cost": 478723.82,
    "Total Cost": 478723.83,
    "Plan Rows": 1,
    "Plan Width": 8,
    "Actual Startup Time": 2204.451,
    "Actual Total Time": 2243.265,
    "Actual Rows": 1,
    "Actual Loops": 1,
    "Plans": [
      {
        "Node Type": "Gather",
        "Parent Relationship": "Outer",
        "Parallel Aware": false,
        "Startup Cost": 478723.71,
        "Total Cost": 478723.82,
        "Plan Rows": 1,
        "Plan Width": 8,
        "Actual Startup Time": 2195.269,
        "Actual Total Time": 2243.259,
        "Actual Rows": 2,
        "Actual Loops": 1,
        "Workers Planned": 1,
        "Workers Launched": 1,
        "Single Copy": false,
        "Plans": [
          {
            "Node Type": "Aggregate",
            "Strategy": "Plain",
            "Partial Mode": "Partial",
            "Parent Relationship": "Outer",
            "Parallel Aware": false,
            "Startup Cost": 477723.71,
            "Total Cost": 477723.72,
            "Plan Rows": 1,
            "Plan Width": 8,
            "Actual Startup Time": 2189.649,
            "Actual Total Time": 2189.656,
            "Actual Rows": 1,
            "Actual Loops": 2,
            "Plans": [
              {
                "Node Type": "Hash Join",
                "Parent Relationship": "Outer",
                "Parallel Aware": true,
                "Join Type": "Inner",
                "Startup Cost": 428931.01,
                "Total Cost": 476491.68,
                "Plan Rows": 492814,
                "Plan Width": 0,
                "Actual Startup Time": 1807.679,
                "Actual Total Time": 2148.549,
                "Actual Rows": 948178,
                "Actual Loops": 2,
                "Inner Unique": false,
                "Hash Cond": "(mc.movie_id = t.id)",
                "Plans": [
                  {
                    "Node Type": "Seq Scan",
                    "Parent Relationship": "Outer",
                    "Parallel Aware": true,
                    "Relation Name": "movie_companies",
                    "Alias": "mc",
                    "Startup Cost": 0.0,
                    "Total Cost": 41811.73,
                    "Plan Rows": 760011,
                    "Plan Width": 4,
                    "Actual Startup Time": 49.296,
                    "Actual Total Time": 121.494,
                    "Actual Rows": 663781,
                    "Actual Loops": 2,
                    "Filter": "((company_id > 6) AND (company_type_id > 1))",
                    "Rows Removed by Filter": 640784
                  },
                  {
                    "Node Type": "Hash",
                    "Parent Relationship": "Inner",
                    "Parallel Aware": true,
                    "Startup Cost": 416876.45,
                    "Total Cost": 416876.45,
                    "Plan Rows": 964365,
                    "Plan Width": 8,
                    "Actual Startup Time": 1745.035,
                    "Actual Total Time": 1745.041,
                    "Actual Rows": 1099576,
                    "Actual Loops": 2,
                    "Hash Buckets": 4194304,
                    "Original Hash Buckets": 2097152,
                    "Hash Batches": 1,
                    "Original Hash Batches": 1,
                    "Peak Memory Usage": 135200,
                    "Plans": [
                      {
                        "Node Type": "Hash Join",
                        "Parent Relationship": "Outer",
                        "Parallel Aware": true,
                        "Join Type": "Inner",
                        "Startup Cost": 135243.46,
                        "Total Cost": 416876.45,
                        "Plan Rows": 964365,
                        "Plan Width": 8,
                        "Actual Startup Time": 646.761,
                        "Actual Total Time": 1385.353,
                        "Actual Rows": 1099576,
                        "Actual Loops": 2,
                        "Inner Unique": true,
                        "Hash Cond": "(ci.movie_id = t.id)",
                        "Plans": [
                          {
                            "Node Type": "Bitmap Heap Scan",
                            "Parent Relationship": "Outer",
                            "Parallel Aware": true,
                            "Relation Name": "cast_info",
                            "Alias": "ci",
                            "Startup Cost": 65782.76,
                            "Total Cost": 344884.29,
                            "Plan Rows": 964365,
                            "Plan Width": 4,
                            "Actual Startup Time": 103.095,
                            "Actual Total Time": 312.709,
                            "Actual Rows": 1099576,
                            "Actual Loops": 2,
                            "Recheck Cond": "(person_id < 296324)",
                            "Rows Removed by Index Recheck": 0,
                            "Filter": "(role_id < 3)",
                            "Rows Removed by Filter": 426858,
                            "Exact Heap Blocks": 17586,
                            "Lossy Heap Blocks": 0,
                            "Plans": [
                              {
                                "Node Type": "Bitmap Index Scan",
                                "Parent Relationship": "Outer",
                                "Parallel Aware": false,
                                "Index Name": "person_id_cast_info",
                                "Startup Cost": 0.0,
                                "Total Cost": 65372.91,
                                "Plan Rows": 2993646,
                                "Plan Width": 0,
                                "Actual Startup Time": 97.841,
                                "Actual Total Time": 97.841,
                                "Actual Rows": 3052868,
                                "Actual Loops": 1,
                                "Index Cond": "(person_id < 296324)"
                              }
                            ]
                          },
                          {
                            "Node Type": "Hash",
                            "Parent Relationship": "Inner",
                            "Parallel Aware": true,
                            "Startup Cost": 50870.31,
                            "Total Cost": 50870.31,
                            "Plan Rows": 1487231,
                            "Plan Width": 4,
                            "Actual Startup Time": 528.082,
                            "Actual Total Time": 528.083,
                            "Actual Rows": 1264156,
                            "Actual Loops": 2,
                            "Hash Buckets": 4194304,
                            "Original Hash Buckets": 4194304,
                            "Hash Batches": 1,
                            "Original Hash Batches": 1,
                            "Peak Memory Usage": 131712,
                            "Plans": [
                              {
                                "Node Type": "Seq Scan",
                                "Parent Relationship": "Outer",
                                "Parallel Aware": true,
                                "Relation Name": "title",
                                "Alias": "t",
                                "Startup Cost": 0.0,
                                "Total Cost": 50870.31,
                                "Plan Rows": 1487231,
                                "Plan Width": 4,
                                "Actual Startup Time": 0.028,
                                "Actual Total Time": 151.189,
                                "Actual Rows": 1264156,
                                "Actual Loops": 2
                              }
                            ]
                          }
                        ]
                      }
                    ]
                  }
                ]
              }
            ]
          }
        ]
      }
    ]
  },
  "Planning Time": 0.511,
  "Triggers": [],
  "Execution Time": 2243.332
}