[
  {
    "Plan": {
      "Node Type": "Aggregate",
      "Strategy": "Plain",
      "Partial Mode": "Finalize",
      "Parallel Aware": false,
      "Startup Cost": 124442.13,
      "Total Cost": 124442.14,
      "Plan Rows": 1,
      "Plan Width": 8,
      "Actual Startup Time": 477.77,
      "Actual Total Time": 500.916,
      "Actual Rows": 1,
      "Actual Loops": 1,
      "Plans": [
        {
          "Node Type": "Gather",
          "Parent Relationship": "Outer",
          "Parallel Aware": false,
          "Startup Cost": 124441.81,
          "Total Cost": 124442.12,
          "Plan Rows": 3,
          "Plan Width": 8,
          "Actual Startup Time": 476.13,
          "Actual Total Time": 500.907,
          "Actual Rows": 4,
          "Actual Loops": 1,
          "Workers Planned": 3,
          "Workers Launched": 3,
          "Single Copy": false,
          "Plans": [
            {
              "Node Type": "Aggregate",
              "Strategy": "Plain",
              "Partial Mode": "Partial",
              "Parent Relationship": "Outer",
              "Parallel Aware": false,
              "Startup Cost": 123441.81,
              "Total Cost": 123441.82,
              "Plan Rows": 1,
              "Plan Width": 8,
              "Actual Startup Time": 466.751,
              "Actual Total Time": 466.757,
              "Actual Rows": 1,
              "Actual Loops": 4,
              "Plans": [
                {
                  "Node Type": "Hash Join",
                  "Parent Relationship": "Outer",
                  "Parallel Aware": true,
                  "Join Type": "Inner",
                  "Startup Cost": 91722.86,
                  "Total Cost": 123295.88,
                  "Plan Rows": 58375,
                  "Plan Width": 0,
                  "Actual Startup Time": 334.666,
                  "Actual Total Time": 461.072,
                  "Actual Rows": 128179,
                  "Actual Loops": 4,
                  "Inner Unique": false,
                  "Hash Cond": "(mc.movie_id = t.id)",
                  "Plans": [
                    {
                      "Node Type": "Seq Scan",
                      "Parent Relationship": "Outer",
                      "Parallel Aware": true,
                      "Relation Name": "movie_companies",
                      "Alias": "mc",
                      "Startup Cost": 0.0,
                      "Total Cost": 29310.68,
                      "Plan Rows": 553074,
                      "Plan Width": 4,
                      "Actual Startup Time": 0.024,
                      "Actual Total Time": 73.967,
                      "Actual Rows": 425120,
                      "Actual Loops": 4,
                      "Filter": "(company_id < 20926)",
                      "Rows Removed by Filter": 227162
                    },
                    {
                      "Node Type": "Hash",
                      "Parent Relationship": "Inner",
                      "Parallel Aware": true,
                      "Startup Cost": 90646.82,
                      "Total Cost": 90646.82,
                      "Plan Rows": 86083,
                      "Plan Width": 8,
                      "Actual Startup Time": 331.143,
                      "Actual Total Time": 331.148,
                      "Actual Rows": 24444,
                      "Actual Loops": 4,
                      "Hash Buckets": 524288,
                      "Original Hash Buckets": 524288,
                      "Hash Batches": 1,
                      "Original Hash Batches": 1,
                      "Peak Memory Usage": 8000,
                      "Plans": [
                        {
                          "Node Type": "Hash Join",
                          "Parent Relationship": "Outer",
                          "Parallel Aware": true,
                          "Join Type": "Inner",
                          "Startup Cost": 44401.94,
                          "Total Cost": 90646.82,
                          "Plan Rows": 86083,
                          "Plan Width": 8,
                          "Actual Startup Time": 125.042,
                          "Actual Total Time": 325.188,
                          "Actual Rows": 24444,
                          "Actual Loops": 4,
                          "Inner Unique": true,
                          "Hash Cond": "(mk.movie_id = t.id)",
                          "Plans": [
                            {
                              "Node Type": "Seq Scan",
                              "Parent Relationship": "Outer",
                              "Parallel Aware": true,
                              "Relation Name": "movie_keyword",
                              "Alias": "mk",
                              "Startup Cost": 0.0,
                              "Total Cost": 42695.65,
                              "Plan Rows": 1352082,
                              "Plan Width": 4,
                              "Actual Startup Time": 0.029,
                              "Actual Total Time": 119.721,
                              "Actual Rows": 1049804,
                              "Actual Loops": 4,
                              "Filter": "(keyword_id < 50563)",
                              "Rows Removed by Filter": 81179
                            },
                            {
                              "Node Type": "Hash",
                              "Parent Relationship": "Inner",
                              "Parallel Aware": true,
                              "Startup Cost": 43898.92,
                              "Total Cost": 43898.92,
                              "Plan Rows": 40242,
                              "Plan Width": 4,
                              "Actual Startup Time": 123.761,
                              "Actual Total Time": 123.762,
                              "Actual Rows": 41077,
                              "Actual Loops": 4,
                              "Hash Buckets": 262144,
                              "Original Hash Buckets": 262144,
                              "Hash Batches": 1,
                              "Original Hash Batches": 1,
                              "Peak Memory Usage": 8544,
                              "Plans": [
                                {
                                  "Node Type": "Seq Scan",
                                  "Parent Relationship": "Outer",
                                  "Parallel Aware": true,
                                  "Relation Name": "title",
                                  "Alias": "t",
                                  "Startup Cost": 0.0,
                                  "Total Cost": 43898.92,
                                  "Plan Rows": 40242,
                                  "Plan Width": 4,
                                  "Actual Startup Time": 0.049,
                                  "Actual Total Time": 103.122,
                                  "Actual Rows": 41077,
                                  "Actual Loops": 4,
                                  "Filter": "(production_year = 2012)",
                                  "Rows Removed by Filter": 591001
                                }
                              ]
                            }
                          ]
                        }
                      ]
                    }
                  ]
                }
              ]
            }
          ]
        }
      ]
    },
    "Planning Time": 1.517,
    "Triggers": [],
    "Execution Time": 501.005
  }
]