[
  {
    "Plan": {
      "Node Type": "Aggregate",
      "Strategy": "Plain",
      "Partial Mode": "Finalize",
      "Parallel Aware": false,
      "Startup Cost": 331149.8,
      "Total Cost": 331149.81,
      "Plan Rows": 1,
      "Plan Width": 8,
      "Actual Startup Time": 608.775,
      "Actual Total Time": 666.41,
      "Actual Rows": 1,
      "Actual Loops": 1,
      "Plans": [
        {
          "Node Type": "Gather",
          "Parent Relationship": "Outer",
          "Parallel Aware": false,
          "Startup Cost": 331149.17,
          "Total Cost": 331149.78,
          "Plan Rows": 6,
          "Plan Width": 8,
          "Actual Startup Time": 608.63,
          "Actual Total Time": 666.398,
          "Actual Rows": 7,
          "Actual Loops": 1,
          "Workers Planned": 6,
          "Workers Launched": 6,
          "Single Copy": false,
          "Plans": [
            {
              "Node Type": "Aggregate",
              "Strategy": "Plain",
              "Partial Mode": "Partial",
              "Parent Relationship": "Outer",
              "Parallel Aware": false,
              "Startup Cost": 330149.17,
              "Total Cost": 330149.18,
              "Plan Rows": 1,
              "Plan Width": 8,
              "Actual Startup Time": 598.022,
              "Actual Total Time": 598.023,
              "Actual Rows": 1,
              "Actual Loops": 7,
              "Plans": [
                {
                  "Node Type": "Seq Scan",
                  "Parent Relationship": "Outer",
                  "Parallel Aware": true,
                  "Relation Name": "cast_info",
                  "Alias": "ci",
                  "Startup Cost": 0.0,
                  "Total Cost": 328162.03,
                  "Plan Rows": 794859,
                  "Plan Width": 0,
                  "Actual Startup Time": 411.485,
                  "Actual Total Time": 567.461,
                  "Actual Rows": 652246,
                  "Actual Loops": 7,
                  "Filter": "(person_id > 3229390)",
                  "Rows Removed by Filter": 4525518
                }
              ]
            }
          ]
        }
      ]
    },
    "Planning Time": 0.17,
    "Triggers": [],
    "Execution Time": 666.5
  }
]