[
  {
    "Plan": {
      "Node Type": "Aggregate",
      "Strategy": "Plain",
      "Partial Mode": "Finalize",
      "Parallel Aware": false,
      "Startup Cost": 92497.67,
      "Total Cost": 92497.68,
      "Plan Rows": 1,
      "Plan Width": 8,
      "Actual Startup Time": 407.485,
      "Actual Total Time": 427.987,
      "Actual Rows": 1,
      "Actual Loops": 1,
      "Plans": [
        {
          "Node Type": "Gather",
          "Parent Relationship": "Outer",
          "Parallel Aware": false,
          "Startup Cost": 92497.35,
          "Total Cost": 92497.66,
          "Plan Rows": 3,
          "Plan Width": 8,
          "Actual Startup Time": 405.947,
          "Actual Total Time": 427.975,
          "Actual Rows": 4,
          "Actual Loops": 1,
          "Workers Planned": 3,
          "Workers Launched": 3,
          "Single Copy": false,
          "Plans": [
            {
              "Node Type": "Aggregate",
              "Strategy": "Plain",
              "Partial Mode": "Partial",
              "Parent Relationship": "Outer",
              "Parallel Aware": false,
              "Startup Cost": 91497.35,
              "Total Cost": 91497.36,
              "Plan Rows": 1,
              "Plan Width": 8,
              "Actual Startup Time": 396.94,
              "Actual Total Time": 396.943,
              "Actual Rows": 1,
              "Actual Loops": 4,
              "Plans": [
                {
                  "Node Type": "Hash Join",
                  "Parent Relationship": "Outer",
                  "Parallel Aware": true,
                  "Join Type": "Inner",
                  "Startup Cost": 46494.34,
                  "Total Cost": 91245.89,
                  "Plan Rows": 100585,
                  "Plan Width": 0,
                  "Actual Startup Time": 160.474,
                  "Actual Total Time": 383.823,
                  "Actual Rows": 253404,
                  "Actual Loops": 4,
                  "Inner Unique": true,
                  "Hash Cond": "(mk.movie_id = t.id)",
                  "Plans": [
                    {
                      "Node Type": "Seq Scan",
                      "Parent Relationship": "Outer",
                      "Parallel Aware": true,
                      "Relation Name": "movie_keyword",
                      "Alias": "mk",
                      "Startup Cost": 0.0,
                      "Total Cost": 42695.65,
                      "Plan Rows": 783201,
                      "Plan Width": 4,
                      "Actual Startup Time": 0.041,
                      "Actual Total Time": 126.093,
                      "Actual Rows": 611694,
                      "Actual Loops": 4,
                      "Filter": "(keyword_id < 5831)",
                      "Rows Removed by Filter": 519288
                    },
                    {
                      "Node Type": "Hash",
                      "Parent Relationship": "Inner",
                      "Parallel Aware": true,
                      "Startup Cost": 45479.59,
                      "Total Cost": 45479.59,
                      "Plan Rows": 81180,
                      "Plan Width": 4,
                      "Actual Startup Time": 156.585,
                      "Actual Total Time": 156.586,
                      "Actual Rows": 111298,
                      "Actual Loops": 4,
                      "Hash Buckets": 524288,
                      "Original Hash Buckets": 524288,
                      "Hash Batches": 1,
                      "Original Hash Batches": 1,
                      "Peak Memory Usage": 21600,
                      "Plans": [
                        {
                          "Node Type": "Seq Scan",
                          "Parent Relationship": "Outer",
                          "Parallel Aware": true,
                          "Relation Name": "title",
                          "Alias": "t",
                          "Startup Cost": 0.0,
                          "Total Cost": 45479.59,
                          "Plan Rows": 81180,
                          "Plan Width": 4,
                          "Actual Startup Time": 0.062,
                          "Actual Total Time": 114.685,
                          "Actual Rows": 111298,
                          "Actual Loops": 4,
                          "Filter": "((kind_id < 7) AND (production_year < 1996))",
                          "Rows Removed by Filter": 520780
                        }
                      ]
                    }
                  ]
                }
              ]
            }
          ]
        }
      ]
    },
    "Planning Time": 0.626,
    "Triggers": [],
    "Execution Time": 428.061
  }
]