[
  {
    "Plan": {
      "Node Type": "Aggregate",
      "Strategy": "Plain",
      "Partial Mode": "Finalize",
      "Parallel Aware": false,
      "Startup Cost": 331763.91,
      "Total Cost": 331763.92,
      "Plan Rows": 1,
      "Plan Width": 8,
      "Actual Startup Time": 543.682,
      "Actual Total Time": 565.003,
      "Actual Rows": 1,
      "Actual Loops": 1,
      "Plans": [
        {
          "Node Type": "Gather",
          "Parent Relationship": "Outer",
          "Parallel Aware": false,
          "Startup Cost": 331763.28,
          "Total Cost": 331763.89,
          "Plan Rows": 6,
          "Plan Width": 8,
          "Actual Startup Time": 543.592,
          "Actual Total Time": 564.996,
          "Actual Rows": 7,
          "Actual Loops": 1,
          "Workers Planned": 6,
          "Workers Launched": 6,
          "Single Copy": false,
          "Plans": [
            {
              "Node Type": "Aggregate",
              "Strategy": "Plain",
              "Partial Mode": "Partial",
              "Parent Relationship": "Outer",
              "Parallel Aware": false,
              "Startup Cost": 330763.28,
              "Total Cost": 330763.29,
              "Plan Rows": 1,
              "Plan Width": 8,
              "Actual Startup Time": 535.538,
              "Actual Total Time": 535.539,
              "Actual Rows": 1,
              "Actual Loops": 7,
              "Plans": [
                {
                  "Node Type": "Seq Scan",
                  "Parent Relationship": "Outer",
                  "Parallel Aware": true,
                  "Relation Name": "cast_info",
                  "Alias": "ci",
                  "Startup Cost": 0.0,
                  "Total Cost": 328213.62,
                  "Plan Rows": 1019867,
                  "Plan Width": 0,
                  "Actual Startup Time": 324.545,
                  "Actual Total Time": 499.881,
                  "Actual Rows": 872022,
                  "Actual Loops": 7,
                  "Filter": "(person_id > 3039413)",
                  "Rows Removed by Filter": 4305741
                }
              ]
            }
          ]
        }
      ]
    },
    "Planning Time": 0.059,
    "Triggers": [],
    "Execution Time": 565.024
  }
]