[
  {
    "Plan": {
      "Node Type": "Aggregate",
      "Strategy": "Plain",
      "Partial Mode": "Finalize",
      "Parallel Aware": false,
      "Startup Cost": 331771.2,
      "Total Cost": 331771.21,
      "Plan Rows": 1,
      "Plan Width": 8,
      "Actual Startup Time": 555.535,
      "Actual Total Time": 615.678,
      "Actual Rows": 1,
      "Actual Loops": 1,
      "Plans": [
        {
          "Node Type": "Gather",
          "Parent Relationship": "Outer",
          "Parallel Aware": false,
          "Startup Cost": 331770.57,
          "Total Cost": 331771.18,
          "Plan Rows": 6,
          "Plan Width": 8,
          "Actual Startup Time": 555.4,
          "Actual Total Time": 615.669,
          "Actual Rows": 7,
          "Actual Loops": 1,
          "Workers Planned": 6,
          "Workers Launched": 6,
          "Single Copy": false,
          "Plans": [
            {
              "Node Type": "Aggregate",
              "Strategy": "Plain",
              "Partial Mode": "Partial",
              "Parent Relationship": "Outer",
              "Parallel Aware": false,
              "Startup Cost": 330770.57,
              "Total Cost": 330770.58,
              "Plan Rows": 1,
              "Plan Width": 8,
              "Actual Startup Time": 547.075,
              "Actual Total Time": 547.076,
              "Actual Rows": 1,
              "Actual Loops": 7,
              "Plans": [
                {
                  "Node Type": "Seq Scan",
                  "Parent Relationship": "Outer",
                  "Parallel Aware": true,
                  "Relation Name": "cast_info",
                  "Alias": "ci",
                  "Startup Cost": 0.0,
                  "Total Cost": 328162.03,
                  "Plan Rows": 1043418,
                  "Plan Width": 0,
                  "Actual Startup Time": 329.021,
                  "Actual Total Time": 512.497,
                  "Actual Rows": 872022,
                  "Actual Loops": 7,
                  "Filter": "(person_id > 3039413)",
                  "Rows Removed by Filter": 4305741
                }
              ]
            }
          ]
        }
      ]
    },
    "Planning Time": 0.203,
    "Triggers": [],
    "Execution Time": 615.75
  }
]