[
    {
        "Bao": {
            "Bao prediction": "NaN",
            "Bao recommended hint": "(no hint)"
        }
    },
    {
        "Plan": {
            "Node Type": "Aggregate",
            "Strategy": "Plain",
            "Partial Mode": "Finalize",
            "Parallel Aware": false,
            "Startup Cost": 33472.03,
            "Total Cost": 33472.04,
            "Plan Rows": 1,
            "Plan Width": 8,
            "Actual Startup Time": 102.768,
            "Actual Total Time": 108.634,
            "Actual Rows": 1,
            "Actual Loops": 1,
            "Output": [
                "count(*)"
            ],
            "Plans": [
                {
                    "Node Type": "Gather",
                    "Parent Relationship": "Outer",
                    "Parallel Aware": false,
                    "Startup Cost": 33471.72,
                    "Total Cost": 33472.03,
                    "Plan Rows": 3,
                    "Plan Width": 8,
                    "Actual Startup Time": 102.629,
                    "Actual Total Time": 108.625,
                    "Actual Rows": 4,
                    "Actual Loops": 1,
                    "Output": [
                        "(PARTIAL count(*))"
                    ],
                    "Workers Planned": 3,
                    "Workers Launched": 3,
                    "Single Copy": false,
                    "Plans": [
                        {
                            "Node Type": "Aggregate",
                            "Strategy": "Plain",
                            "Partial Mode": "Partial",
                            "Parent Relationship": "Outer",
                            "Parallel Aware": false,
                            "Startup Cost": 32471.72,
                            "Total Cost": 32471.73,
                            "Plan Rows": 1,
                            "Plan Width": 8,
                            "Actual Startup Time": 94.484,
                            "Actual Total Time": 94.485,
                            "Actual Rows": 1,
                            "Actual Loops": 4,
                            "Output": [
                                "PARTIAL count(*)"
                            ],
                            "Workers": [
                                {
                                    "Worker Number": 0,
                                    "Actual Startup Time": 91.48,
                                    "Actual Total Time": 91.481,
                                    "Actual Rows": 1,
                                    "Actual Loops": 1
                                },
                                {
                                    "Worker Number": 1,
                                    "Actual Startup Time": 91.879,
                                    "Actual Total Time": 91.88,
                                    "Actual Rows": 1,
                                    "Actual Loops": 1
                                },
                                {
                                    "Worker Number": 2,
                                    "Actual Startup Time": 92.257,
                                    "Actual Total Time": 92.258,
                                    "Actual Rows": 1,
                                    "Actual Loops": 1
                                }
                            ],
                            "Plans": [
                                {
                                    "Node Type": "Seq Scan",
                                    "Parent Relationship": "Outer",
                                    "Parallel Aware": true,
                                    "Relation Name": "movie_companies",
                                    "Schema": "public",
                                    "Alias": "mc",
                                    "Startup Cost": 0.0,
                                    "Total Cost": 31414.82,
                                    "Plan Rows": 422759,
                                    "Plan Width": 0,
                                    "Actual Startup Time": 42.121,
                                    "Actual Total Time": 80.302,
                                    "Actual Rows": 323705,
                                    "Actual Loops": 4,
                                    "Output": [
                                        "id",
                                        "movie_id",
                                        "company_id",
                                        "company_type_id",
                                        "note"
                                    ],
                                    "Filter": "((mc.company_id < 199390) AND (mc.company_type_id = 2))",
                                    "Rows Removed by Filter": 328577,
                                    "Workers": [
                                        {
                                            "Worker Number": 0,
                                            "Actual Startup Time": 39.098,
                                            "Actual Total Time": 77.715,
                                            "Actual Rows": 210058,
                                            "Actual Loops": 1
                                        },
                                        {
                                            "Worker Number": 1,
                                            "Actual Startup Time": 39.526,
                                            "Actual Total Time": 78.009,
                                            "Actual Rows": 343265,
                                            "Actual Loops": 1
                                        },
                                        {
                                            "Worker Number": 2,
                                            "Actual Startup Time": 39.887,
                                            "Actual Total Time": 78.342,
                                            "Actual Rows": 344250,
                                            "Actual Loops": 1
                                        }
                                    ]
                                }
                            ]
                        }
                    ]
                }
            ]
        },
        "Planning Time": 196.652,
        "Triggers": [],
        "Execution Time": 108.693
    }
]