[
  {
    "Plan": {
      "Node Type": "Aggregate",
      "Strategy": "Plain",
      "Partial Mode": "Finalize",
      "Parallel Aware": false,
      "Startup Cost": 349686.6,
      "Total Cost": 349686.61,
      "Plan Rows": 1,
      "Plan Width": 8,
      "Actual Startup Time": 817.418,
      "Actual Total Time": 867.5,
      "Actual Rows": 1,
      "Actual Loops": 1,
      "Plans": [
        {
          "Node Type": "Gather",
          "Parent Relationship": "Outer",
          "Parallel Aware": false,
          "Startup Cost": 349685.97,
          "Total Cost": 349686.58,
          "Plan Rows": 6,
          "Plan Width": 8,
          "Actual Startup Time": 817.216,
          "Actual Total Time": 867.484,
          "Actual Rows": 7,
          "Actual Loops": 1,
          "Workers Planned": 6,
          "Workers Launched": 6,
          "Single Copy": false,
          "Plans": [
            {
              "Node Type": "Aggregate",
              "Strategy": "Plain",
              "Partial Mode": "Partial",
              "Parent Relationship": "Outer",
              "Parallel Aware": false,
              "Startup Cost": 348685.97,
              "Total Cost": 348685.98,
              "Plan Rows": 1,
              "Plan Width": 8,
              "Actual Startup Time": 809.116,
              "Actual Total Time": 809.118,
              "Actual Rows": 1,
              "Actual Loops": 7,
              "Plans": [
                {
                  "Node Type": "Seq Scan",
                  "Parent Relationship": "Outer",
                  "Parallel Aware": true,
                  "Relation Name": "cast_info",
                  "Alias": "ci",
                  "Startup Cost": 0.0,
                  "Total Cost": 343316.27,
                  "Plan Rows": 2147880,
                  "Plan Width": 0,
                  "Actual Startup Time": 302.038,
                  "Actual Total Time": 721.277,
                  "Actual Rows": 1544270,
                  "Actual Loops": 7,
                  "Filter": "((person_id > 2205962) AND (role_id < 10))",
                  "Rows Removed by Filter": 3633494
                }
              ]
            }
          ]
        }
      ]
    },
    "Planning Time": 0.225,
    "Triggers": [],
    "Execution Time": 867.571
  }
]