[
  {
    "Plan": {
      "Node Type": "Aggregate",
      "Strategy": "Plain",
      "Partial Mode": "Finalize",
      "Parallel Aware": false,
      "Startup Cost": 44815.95,
      "Total Cost": 44815.96,
      "Plan Rows": 1,
      "Plan Width": 8,
      "Actual Startup Time": 131.112,
      "Actual Total Time": 139.645,
      "Actual Rows": 1,
      "Actual Loops": 1,
      "Plans": [
        {
          "Node Type": "Gather",
          "Parent Relationship": "Outer",
          "Parallel Aware": false,
          "Startup Cost": 44815.63,
          "Total Cost": 44815.94,
          "Plan Rows": 3,
          "Plan Width": 8,
          "Actual Startup Time": 130.972,
          "Actual Total Time": 139.637,
          "Actual Rows": 4,
          "Actual Loops": 1,
          "Workers Planned": 3,
          "Workers Launched": 3,
          "Single Copy": false,
          "Plans": [
            {
              "Node Type": "Aggregate",
              "Strategy": "Plain",
              "Partial Mode": "Partial",
              "Parent Relationship": "Outer",
              "Parallel Aware": false,
              "Startup Cost": 43815.63,
              "Total Cost": 43815.64,
              "Plan Rows": 1,
              "Plan Width": 8,
              "Actual Startup Time": 124.147,
              "Actual Total Time": 124.148,
              "Actual Rows": 1,
              "Actual Loops": 4,
              "Plans": [
                {
                  "Node Type": "Seq Scan",
                  "Parent Relationship": "Outer",
                  "Parallel Aware": true,
                  "Relation Name": "movie_keyword",
                  "Alias": "mk",
                  "Startup Cost": 0.0,
                  "Total Cost": 42695.65,
                  "Plan Rows": 447991,
                  "Plan Width": 0,
                  "Actual Startup Time": 0.048,
                  "Actual Total Time": 106.771,
                  "Actual Rows": 346233,
                  "Actual Loops": 4,
                  "Filter": "(keyword_id < 1867)",
                  "Rows Removed by Filter": 784750
                }
              ]
            }
          ]
        }
      ]
    },
    "Planning Time": 0.087,
    "Triggers": [],
    "Execution Time": 139.671
  }
]