[
  {
    "Plan": {
      "Node Type": "Aggregate",
      "Strategy": "Plain",
      "Partial Mode": "Finalize",
      "Parallel Aware": false,
      "Startup Cost": 45766.43,
      "Total Cost": 45766.44,
      "Plan Rows": 1,
      "Plan Width": 8,
      "Actual Startup Time": 112.358,
      "Actual Total Time": 124.398,
      "Actual Rows": 1,
      "Actual Loops": 1,
      "Plans": [
        {
          "Node Type": "Gather",
          "Parent Relationship": "Outer",
          "Parallel Aware": false,
          "Startup Cost": 45766.01,
          "Total Cost": 45766.42,
          "Plan Rows": 4,
          "Plan Width": 8,
          "Actual Startup Time": 112.192,
          "Actual Total Time": 124.388,
          "Actual Rows": 5,
          "Actual Loops": 1,
          "Workers Planned": 4,
          "Workers Launched": 4,
          "Single Copy": false,
          "Plans": [
            {
              "Node Type": "Aggregate",
              "Strategy": "Plain",
              "Partial Mode": "Partial",
              "Parent Relationship": "Outer",
              "Parallel Aware": false,
              "Startup Cost": 44766.01,
              "Total Cost": 44766.02,
              "Plan Rows": 1,
              "Plan Width": 8,
              "Actual Startup Time": 104.836,
              "Actual Total Time": 104.837,
              "Actual Rows": 1,
              "Actual Loops": 5,
              "Plans": [
                {
                  "Node Type": "Seq Scan",
                  "Parent Relationship": "Outer",
                  "Parallel Aware": true,
                  "Relation Name": "title",
                  "Alias": "t",
                  "Startup Cost": 0.0,
                  "Total Cost": 43898.92,
                  "Plan Rows": 346837,
                  "Plan Width": 0,
                  "Actual Startup Time": 0.035,
                  "Actual Total Time": 90.491,
                  "Actual Rows": 276291,
                  "Actual Loops": 5,
                  "Filter": "(production_year > 2000)",
                  "Rows Removed by Filter": 229372
                }
              ]
            }
          ]
        }
      ]
    },
    "Planning Time": 0.14,
    "Triggers": [],
    "Execution Time": 124.449
  }
]