[
    {
        "Bao": {
            "Bao prediction": "NaN",
            "Bao recommended hint": "(no hint)"
        }
    },
    {
        "Plan": {
            "Node Type": "Aggregate",
            "Strategy": "Plain",
            "Partial Mode": "Finalize",
            "Parallel Aware": false,
            "Startup Cost": 339897.0,
            "Total Cost": 339897.01,
            "Plan Rows": 1,
            "Plan Width": 8,
            "Actual Startup Time": 851.682,
            "Actual Total Time": 882.724,
            "Actual Rows": 1,
            "Actual Loops": 1,
            "Output": [
                "count(*)"
            ],
            "Plans": [
                {
                    "Node Type": "Gather",
                    "Parent Relationship": "Outer",
                    "Parallel Aware": false,
                    "Startup Cost": 339896.38,
                    "Total Cost": 339896.99,
                    "Plan Rows": 6,
                    "Plan Width": 8,
                    "Actual Startup Time": 851.541,
                    "Actual Total Time": 882.714,
                    "Actual Rows": 7,
                    "Actual Loops": 1,
                    "Output": [
                        "(PARTIAL count(*))"
                    ],
                    "Workers Planned": 6,
                    "Workers Launched": 6,
                    "Single Copy": false,
                    "Plans": [
                        {
                            "Node Type": "Aggregate",
                            "Strategy": "Plain",
                            "Partial Mode": "Partial",
                            "Parent Relationship": "Outer",
                            "Parallel Aware": false,
                            "Startup Cost": 338896.38,
                            "Total Cost": 338896.39,
                            "Plan Rows": 1,
                            "Plan Width": 8,
                            "Actual Startup Time": 841.491,
                            "Actual Total Time": 841.492,
                            "Actual Rows": 1,
                            "Actual Loops": 7,
                            "Output": [
                                "PARTIAL count(*)"
                            ],
                            "Workers": [
                                {
                                    "Worker Number": 0,
                                    "Actual Startup Time": 838.732,
                                    "Actual Total Time": 838.733,
                                    "Actual Rows": 1,
                                    "Actual Loops": 1
                                },
                                {
                                    "Worker Number": 1,
                                    "Actual Startup Time": 839.095,
                                    "Actual Total Time": 839.096,
                                    "Actual Rows": 1,
                                    "Actual Loops": 1
                                },
                                {
                                    "Worker Number": 2,
                                    "Actual Startup Time": 839.764,
                                    "Actual Total Time": 839.766,
                                    "Actual Rows": 1,
                                    "Actual Loops": 1
                                },
                                {
                                    "Worker Number": 3,
                                    "Actual Startup Time": 840.184,
                                    "Actual Total Time": 840.185,
                                    "Actual Rows": 1,
                                    "Actual Loops": 1
                                },
                                {
                                    "Worker Number": 4,
                                    "Actual Startup Time": 840.512,
                                    "Actual Total Time": 840.513,
                                    "Actual Rows": 1,
                                    "Actual Loops": 1
                                },
                                {
                                    "Worker Number": 5,
                                    "Actual Startup Time": 840.967,
                                    "Actual Total Time": 840.968,
                                    "Actual Rows": 1,
                                    "Actual Loops": 1
                                }
                            ],
                            "Plans": [
                                {
                                    "Node Type": "Seq Scan",
                                    "Parent Relationship": "Outer",
                                    "Parallel Aware": true,
                                    "Relation Name": "cast_info",
                                    "Schema": "public",
                                    "Alias": "ci",
                                    "Startup Cost": 0.0,
                                    "Total Cost": 328213.62,
                                    "Plan Rows": 4273105,
                                    "Plan Width": 0,
                                    "Actual Startup Time": 121.957,
                                    "Actual Total Time": 649.396,
                                    "Actual Rows": 3660367,
                                    "Actual Loops": 7,
                                    "Output": [
                                        "id",
                                        "person_id",
                                        "movie_id",
                                        "person_role_id",
                                        "note",
                                        "nr_order",
                                        "role_id"
                                    ],
                                    "Filter": "(ci.person_id > 1042698)",
                                    "Rows Removed by Filter": 1517397,
                                    "Workers": [
                                        {
                                            "Worker Number": 0,
                                            "Actual Startup Time": 119.204,
                                            "Actual Total Time": 653.687,
                                            "Actual Rows": 2772779,
                                            "Actual Loops": 1
                                        },
                                        {
                                            "Worker Number": 1,
                                            "Actual Startup Time": 119.569,
                                            "Actual Total Time": 653.611,
                                            "Actual Rows": 2809468,
                                            "Actual Loops": 1
                                        },
                                        {
                                            "Worker Number": 2,
                                            "Actual Startup Time": 120.248,
                                            "Actual Total Time": 652.791,
                                            "Actual Rows": 2836023,
                                            "Actual Loops": 1
                                        },
                                        {
                                            "Worker Number": 3,
                                            "Actual Startup Time": 120.643,
                                            "Actual Total Time": 653.654,
                                            "Actual Rows": 4596293,
                                            "Actual Loops": 1
                                        },
                                        {
                                            "Worker Number": 4,
                                            "Actual Startup Time": 120.957,
                                            "Actual Total Time": 653.252,
                                            "Actual Rows": 2837778,
                                            "Actual Loops": 1
                                        },
                                        {
                                            "Worker Number": 5,
                                            "Actual Startup Time": 121.427,
                                            "Actual Total Time": 658.02,
                                            "Actual Rows": 4485824,
                                            "Actual Loops": 1
                                        }
                                    ]
                                }
                            ]
                        }
                    ]
                }
            ]
        },
        "Planning Time": 217.153,
        "Triggers": [],
        "Execution Time": 882.776
    }
]