[
    {
        "Bao": {
            "Bao prediction": "NaN",
            "Bao recommended hint": "(no hint)"
        }
    },
    {
        "Plan": {
            "Node Type": "Aggregate",
            "Strategy": "Plain",
            "Partial Mode": "Finalize",
            "Parallel Aware": false,
            "Startup Cost": 40905.63,
            "Total Cost": 40905.64,
            "Plan Rows": 1,
            "Plan Width": 8,
            "Actual Startup Time": 122.004,
            "Actual Total Time": 126.928,
            "Actual Rows": 1,
            "Actual Loops": 1,
            "Output": [
                "count(*)"
            ],
            "Plans": [
                {
                    "Node Type": "Gather",
                    "Parent Relationship": "Outer",
                    "Parallel Aware": false,
                    "Startup Cost": 40905.31,
                    "Total Cost": 40905.62,
                    "Plan Rows": 3,
                    "Plan Width": 8,
                    "Actual Startup Time": 121.816,
                    "Actual Total Time": 126.92,
                    "Actual Rows": 4,
                    "Actual Loops": 1,
                    "Output": [
                        "(PARTIAL count(*))"
                    ],
                    "Workers Planned": 3,
                    "Workers Launched": 3,
                    "Single Copy": false,
                    "Plans": [
                        {
                            "Node Type": "Aggregate",
                            "Strategy": "Plain",
                            "Partial Mode": "Partial",
                            "Parent Relationship": "Outer",
                            "Parallel Aware": false,
                            "Startup Cost": 39905.31,
                            "Total Cost": 39905.32,
                            "Plan Rows": 1,
                            "Plan Width": 8,
                            "Actual Startup Time": 113.364,
                            "Actual Total Time": 113.366,
                            "Actual Rows": 1,
                            "Actual Loops": 4,
                            "Output": [
                                "PARTIAL count(*)"
                            ],
                            "Workers": [
                                {
                                    "Worker Number": 0,
                                    "Actual Startup Time": 110.467,
                                    "Actual Total Time": 110.469,
                                    "Actual Rows": 1,
                                    "Actual Loops": 1
                                },
                                {
                                    "Worker Number": 1,
                                    "Actual Startup Time": 110.628,
                                    "Actual Total Time": 110.629,
                                    "Actual Rows": 1,
                                    "Actual Loops": 1
                                },
                                {
                                    "Worker Number": 2,
                                    "Actual Startup Time": 110.879,
                                    "Actual Total Time": 110.881,
                                    "Actual Rows": 1,
                                    "Actual Loops": 1
                                }
                            ],
                            "Plans": [
                                {
                                    "Node Type": "Bitmap Heap Scan",
                                    "Parent Relationship": "Outer",
                                    "Parallel Aware": true,
                                    "Relation Name": "movie_keyword",
                                    "Schema": "public",
                                    "Alias": "mk",
                                    "Startup Cost": 12581.28,
                                    "Total Cost": 39426.97,
                                    "Plan Rows": 191336,
                                    "Plan Width": 0,
                                    "Actual Startup Time": 30.59,
                                    "Actual Total Time": 104.853,
                                    "Actual Rows": 146606,
                                    "Actual Loops": 4,
                                    "Recheck Cond": "(mk.keyword_id > 31285)",
                                    "Rows Removed by Index Recheck": 0,
                                    "Exact Heap Blocks": 9879,
                                    "Lossy Heap Blocks": 0,
                                    "Workers": [
                                        {
                                            "Worker Number": 0,
                                            "Actual Startup Time": 27.871,
                                            "Actual Total Time": 102.568,
                                            "Actual Rows": 111250,
                                            "Actual Loops": 1
                                        },
                                        {
                                            "Worker Number": 1,
                                            "Actual Startup Time": 27.946,
                                            "Actual Total Time": 102.736,
                                            "Actual Rows": 112447,
                                            "Actual Loops": 1
                                        },
                                        {
                                            "Worker Number": 2,
                                            "Actual Startup Time": 28.217,
                                            "Actual Total Time": 102.96,
                                            "Actual Rows": 113788,
                                            "Actual Loops": 1
                                        }
                                    ],
                                    "Plans": [
                                        {
                                            "Node Type": "Bitmap Index Scan",
                                            "Parent Relationship": "Outer",
                                            "Parallel Aware": false,
                                            "Index Name": "keyword_id_movie_keyword",
                                            "Startup Cost": 0.0,
                                            "Total Cost": 12432.99,
                                            "Plan Rows": 593141,
                                            "Plan Width": 0,
                                            "Actual Startup Time": 35.008,
                                            "Actual Total Time": 35.012,
                                            "Actual Rows": 586422,
                                            "Actual Loops": 1,
                                            "Index Cond": "(mk.keyword_id > 31285)"
                                        }
                                    ]
                                }
                            ]
                        }
                    ]
                }
            ]
        },
        "Planning Time": 184.685,
        "Triggers": [],
        "Execution Time": 127.043
    }
]