[
  {
    "Plan": {
      "Node Type": "Aggregate",
      "Strategy": "Plain",
      "Partial Mode": "Finalize",
      "Parallel Aware": false,
      "Startup Cost": 46544.18,
      "Total Cost": 46544.19,
      "Plan Rows": 1,
      "Plan Width": 8,
      "Actual Startup Time": 161.232,
      "Actual Total Time": 170.618,
      "Actual Rows": 1,
      "Actual Loops": 1,
      "Plans": [
        {
          "Node Type": "Gather",
          "Parent Relationship": "Outer",
          "Parallel Aware": false,
          "Startup Cost": 46543.86,
          "Total Cost": 46544.17,
          "Plan Rows": 3,
          "Plan Width": 8,
          "Actual Startup Time": 161.062,
          "Actual Total Time": 170.609,
          "Actual Rows": 4,
          "Actual Loops": 1,
          "Workers Planned": 3,
          "Workers Launched": 3,
          "Single Copy": false,
          "Plans": [
            {
              "Node Type": "Aggregate",
              "Strategy": "Plain",
              "Partial Mode": "Partial",
              "Parent Relationship": "Outer",
              "Parallel Aware": false,
              "Startup Cost": 45543.86,
              "Total Cost": 45543.87,
              "Plan Rows": 1,
              "Plan Width": 8,
              "Actual Startup Time": 157.229,
              "Actual Total Time": 157.23,
              "Actual Rows": 1,
              "Actual Loops": 4,
              "Plans": [
                {
                  "Node Type": "Seq Scan",
                  "Parent Relationship": "Outer",
                  "Parallel Aware": true,
                  "Relation Name": "movie_keyword",
                  "Alias": "mk",
                  "Startup Cost": 0.0,
                  "Total Cost": 42695.65,
                  "Plan Rows": 1139284,
                  "Plan Width": 0,
                  "Actual Startup Time": 0.029,
                  "Actual Total Time": 117.765,
                  "Actual Rows": 882871,
                  "Actual Loops": 4,
                  "Filter": "(keyword_id < 18649)",
                  "Rows Removed by Filter": 248112
                }
              ]
            }
          ]
        }
      ]
    },
    "Planning Time": 0.098,
    "Triggers": [],
    "Execution Time": 170.649
  }
]