[
  {
    "Plan": {
      "Node Type": "Aggregate",
      "Strategy": "Plain",
      "Partial Mode": "Finalize",
      "Parallel Aware": false,
      "Startup Cost": 52277.97,
      "Total Cost": 52277.98,
      "Plan Rows": 1,
      "Plan Width": 8,
      "Actual Startup Time": 72.802,
      "Actual Total Time": 79.138,
      "Actual Rows": 1,
      "Actual Loops": 1,
      "Plans": [
        {
          "Node Type": "Gather",
          "Parent Relationship": "Outer",
          "Parallel Aware": false,
          "Startup Cost": 52277.66,
          "Total Cost": 52277.97,
          "Plan Rows": 3,
          "Plan Width": 8,
          "Actual Startup Time": 72.442,
          "Actual Total Time": 79.128,
          "Actual Rows": 4,
          "Actual Loops": 1,
          "Workers Planned": 3,
          "Workers Launched": 3,
          "Single Copy": false,
          "Plans": [
            {
              "Node Type": "Aggregate",
              "Strategy": "Plain",
              "Partial Mode": "Partial",
              "Parent Relationship": "Outer",
              "Parallel Aware": false,
              "Startup Cost": 51277.66,
              "Total Cost": 51277.67,
              "Plan Rows": 1,
              "Plan Width": 8,
              "Actual Startup Time": 62.613,
              "Actual Total Time": 62.617,
              "Actual Rows": 1,
              "Actual Loops": 4,
              "Plans": [
                {
                  "Node Type": "Nested Loop",
                  "Parent Relationship": "Outer",
                  "Parallel Aware": false,
                  "Join Type": "Inner",
                  "Startup Cost": 21066.85,
                  "Total Cost": 51277.49,
                  "Plan Rows": 68,
                  "Plan Width": 0,
                  "Actual Startup Time": 34.569,
                  "Actual Total Time": 62.519,
                  "Actual Rows": 458,
                  "Actual Loops": 4,
                  "Inner Unique": true,
                  "Plans": [
                    {
                      "Node Type": "Hash Join",
                      "Parent Relationship": "Outer",
                      "Parallel Aware": true,
                      "Join Type": "Inner",
                      "Startup Cost": 21066.42,
                      "Total Cost": 46626.2,
                      "Plan Rows": 1282,
                      "Plan Width": 8,
                      "Actual Startup Time": 34.191,
                      "Actual Total Time": 55.403,
                      "Actual Rows": 531,
                      "Actual Loops": 4,
                      "Inner Unique": false,
                      "Hash Cond": "(mk.movie_id = mc.movie_id)",
                      "Plans": [
                        {
                          "Node Type": "Bitmap Heap Scan",
                          "Parent Relationship": "Outer",
                          "Parallel Aware": true,
                          "Relation Name": "movie_keyword",
                          "Alias": "mk",
                          "Startup Cost": 869.14,
                          "Total Cost": 26358.87,
                          "Plan Rows": 13183,
                          "Plan Width": 4,
                          "Actual Startup Time": 8.125,
                          "Actual Total Time": 26.187,
                          "Actual Rows": 10460,
                          "Actual Loops": 4,
                          "Recheck Cond": "(keyword_id = 117)",
                          "Rows Removed by Index Recheck": 0,
                          "Exact Heap Blocks": 5639,
                          "Lossy Heap Blocks": 0,
                          "Plans": [
                            {
                              "Node Type": "Bitmap Index Scan",
                              "Parent Relationship": "Outer",
                              "Parallel Aware": false,
                              "Index Name": "keyword_id_movie_keyword",
                              "Startup Cost": 0.0,
                              "Total Cost": 858.93,
                              "Plan Rows": 40866,
                              "Plan Width": 0,
                              "Actual Startup Time": 5.722,
                              "Actual Total Time": 5.723,
                              "Actual Rows": 41840,
                              "Actual Loops": 1,
                              "Index Cond": "(keyword_id = 117)"
                            }
                          ]
                        },
                        {
                          "Node Type": "Hash",
                          "Parent Relationship": "Inner",
                          "Parallel Aware": true,
                          "Startup Cost": 20006.85,
                          "Total Cost": 20006.85,
                          "Plan Rows": 15234,
                          "Plan Width": 4,
                          "Actual Startup Time": 24.531,
                          "Actual Total Time": 24.532,
                          "Actual Rows": 11813,
                          "Actual Loops": 4,
                          "Hash Buckets": 65536,
                          "Original Hash Buckets": 65536,
                          "Hash Batches": 1,
                          "Original Hash Batches": 1,
                          "Peak Memory Usage": 2400,
                          "Plans": [
                            {
                              "Node Type": "Bitmap Heap Scan",
                              "Parent Relationship": "Outer",
                              "Parallel Aware": true,
                              "Relation Name": "movie_companies",
                              "Alias": "mc",
                              "Startup Cost": 1026.42,
                              "Total Cost": 20006.85,
                              "Plan Rows": 15234,
                              "Plan Width": 4,
                              "Actual Startup Time": 2.983,
                              "Actual Total Time": 18.706,
                              "Actual Rows": 11813,
                              "Actual Loops": 4,
                              "Recheck Cond": "(company_id = 19)",
                              "Rows Removed by Index Recheck": 0,
                              "Exact Heap Blocks": 3093,
                              "Lossy Heap Blocks": 0,
                              "Plans": [
                                {
                                  "Node Type": "Bitmap Index Scan",
                                  "Parent Relationship": "Outer",
                                  "Parallel Aware": false,
                                  "Index Name": "company_id_movie_companies",
                                  "Startup Cost": 0.0,
                                  "Total Cost": 1014.62,
                                  "Plan Rows": 47225,
                                  "Plan Width": 0,
                                  "Actual Startup Time": 7.057,
                                  "Actual Total Time": 7.057,
                                  "Actual Rows": 47252,
                                  "Actual Loops": 1,
                                  "Index Cond": "(company_id = 19)"
                                }
                              ]
                            }
                          ]
                        }
                      ]
                    },
                    {
                      "Node Type": "Index Scan",
                      "Parent Relationship": "Inner",
                      "Parallel Aware": false,
                      "Scan Direction": "Forward",
                      "Index Name": "title_pkey",
                      "Relation Name": "title",
                      "Alias": "t",
                      "Startup Cost": 0.43,
                      "Total Cost": 3.63,
                      "Plan Rows": 1,
                      "Plan Width": 4,
                      "Actual Startup Time": 0.013,
                      "Actual Total Time": 0.013,
                      "Actual Rows": 1,
                      "Actual Loops": 2123,
                      "Index Cond": "(id = mc.movie_id)",
                      "Rows Removed by Index Recheck": 0,
                      "Filter": "(production_year < 1991)",
                      "Rows Removed by Filter": 0
                    }
                  ]
                }
              ]
            }
          ]
        }
      ]
    },
    "Planning Time": 1.542,
    "Triggers": [],
    "Execution Time": 79.265
  }
]