[
  {
    "Plan": {
      "Node Type": "Aggregate",
      "Strategy": "Plain",
      "Partial Mode": "Finalize",
      "Parallel Aware": false,
      "Startup Cost": 67574.88,
      "Total Cost": 67574.89,
      "Plan Rows": 1,
      "Plan Width": 8,
      "Actual Startup Time": 490.855,
      "Actual Total Time": 502.633,
      "Actual Rows": 1,
      "Actual Loops": 1,
      "Plans": [
        {
          "Node Type": "Gather",
          "Parent Relationship": "Outer",
          "Parallel Aware": false,
          "Startup Cost": 67574.67,
          "Total Cost": 67574.88,
          "Plan Rows": 2,
          "Plan Width": 8,
          "Actual Startup Time": 486.974,
          "Actual Total Time": 502.625,
          "Actual Rows": 3,
          "Actual Loops": 1,
          "Workers Planned": 2,
          "Workers Launched": 2,
          "Single Copy": false,
          "Plans": [
            {
              "Node Type": "Aggregate",
              "Strategy": "Plain",
              "Partial Mode": "Partial",
              "Parent Relationship": "Outer",
              "Parallel Aware": false,
              "Startup Cost": 66574.67,
              "Total Cost": 66574.68,
              "Plan Rows": 1,
              "Plan Width": 8,
              "Actual Startup Time": 475.727,
              "Actual Total Time": 475.73,
              "Actual Rows": 1,
              "Actual Loops": 3,
              "Plans": [
                {
                  "Node Type": "Hash Join",
                  "Parent Relationship": "Outer",
                  "Parallel Aware": true,
                  "Join Type": "Inner",
                  "Startup Cost": 50471.72,
                  "Total Cost": 65666.28,
                  "Plan Rows": 363354,
                  "Plan Width": 0,
                  "Actual Startup Time": 335.072,
                  "Actual Total Time": 467.145,
                  "Actual Rows": 211414,
                  "Actual Loops": 3,
                  "Inner Unique": true,
                  "Hash Cond": "(mi_idx.movie_id = t.id)",
                  "Plans": [
                    {
                      "Node Type": "Seq Scan",
                      "Parent Relationship": "Outer",
                      "Parallel Aware": true,
                      "Relation Name": "movie_info_idx",
                      "Alias": "mi_idx",
                      "Startup Cost": 0.0,
                      "Total Cost": 13685.15,
                      "Plan Rows": 575015,
                      "Plan Width": 4,
                      "Actual Startup Time": 0.024,
                      "Actual Total Time": 35.201,
                      "Actual Rows": 460012,
                      "Actual Loops": 3
                    },
                    {
                      "Node Type": "Hash",
                      "Parent Relationship": "Inner",
                      "Parallel Aware": true,
                      "Startup Cost": 45479.1,
                      "Total Cost": 45479.1,
                      "Plan Rows": 399410,
                      "Plan Width": 4,
                      "Actual Startup Time": 324.706,
                      "Actual Total Time": 324.707,
                      "Actual Rows": 564816,
                      "Actual Loops": 3,
                      "Hash Buckets": 2097152,
                      "Original Hash Buckets": 2097152,
                      "Hash Batches": 1,
                      "Original Hash Batches": 1,
                      "Peak Memory Usage": 82720,
                      "Plans": [
                        {
                          "Node Type": "Seq Scan",
                          "Parent Relationship": "Outer",
                          "Parallel Aware": true,
                          "Relation Name": "title",
                          "Alias": "t",
                          "Startup Cost": 0.0,
                          "Total Cost": 45479.1,
                          "Plan Rows": 399410,
                          "Plan Width": 4,
                          "Actual Startup Time": 0.04,
                          "Actual Total Time": 133.409,
                          "Actual Rows": 564816,
                          "Actual Loops": 3,
                          "Filter": "((kind_id > 2) AND (production_year > 1953))",
                          "Rows Removed by Filter": 277954
                        }
                      ]
                    }
                  ]
                }
              ]
            }
          ]
        }
      ]
    },
    "Planning Time": 0.463,
    "Triggers": [],
    "Execution Time": 502.691
  }
]