[
  {
    "Plan": {
      "Node Type": "Aggregate",
      "Strategy": "Plain",
      "Partial Mode": "Finalize",
      "Parallel Aware": false,
      "Startup Cost": 33222.47,
      "Total Cost": 33222.48,
      "Plan Rows": 1,
      "Plan Width": 8,
      "Actual Startup Time": 104.236,
      "Actual Total Time": 114.402,
      "Actual Rows": 1,
      "Actual Loops": 1,
      "Plans": [
        {
          "Node Type": "Gather",
          "Parent Relationship": "Outer",
          "Parallel Aware": false,
          "Startup Cost": 33222.15,
          "Total Cost": 33222.46,
          "Plan Rows": 3,
          "Plan Width": 8,
          "Actual Startup Time": 104.113,
          "Actual Total Time": 114.39,
          "Actual Rows": 4,
          "Actual Loops": 1,
          "Workers Planned": 3,
          "Workers Launched": 3,
          "Single Copy": false,
          "Plans": [
            {
              "Node Type": "Aggregate",
              "Strategy": "Plain",
              "Partial Mode": "Partial",
              "Parent Relationship": "Outer",
              "Parallel Aware": false,
              "Startup Cost": 32222.15,
              "Total Cost": 32222.16,
              "Plan Rows": 1,
              "Plan Width": 8,
              "Actual Startup Time": 99.788,
              "Actual Total Time": 99.789,
              "Actual Rows": 1,
              "Actual Loops": 4,
              "Plans": [
                {
                  "Node Type": "Seq Scan",
                  "Parent Relationship": "Outer",
                  "Parallel Aware": true,
                  "Relation Name": "movie_companies",
                  "Alias": "mc",
                  "Startup Cost": 0.0,
                  "Total Cost": 31414.82,
                  "Plan Rows": 322932,
                  "Plan Width": 0,
                  "Actual Startup Time": 41.885,
                  "Actual Total Time": 85.245,
                  "Actual Rows": 288256,
                  "Actual Loops": 4,
                  "Filter": "((company_id > 846) AND (company_type_id = 2))",
                  "Rows Removed by Filter": 364026
                }
              ]
            }
          ]
        }
      ]
    },
    "Planning Time": 0.235,
    "Triggers": [],
    "Execution Time": 114.448
  }
]