{
  "Plan": {
    "Node Type": "Aggregate",
    "Strategy": "Plain",
    "Partial Mode": "Simple",
    "Parallel Aware": false,
    "Startup Cost": 11475.76,
    "Total Cost": 11475.77,
    "Plan Rows": 1,
    "Plan Width": 128,
    "Actual Startup Time": 2451.581,
    "Actual Total Time": 2451.588,
    "Actual Rows": 1,
    "Actual Loops": 1,
    "Plans": [
      {
        "Node Type": "Nested Loop",
        "Parent Relationship": "Outer",
        "Parallel Aware": false,
        "Join Type": "Inner",
        "Startup Cost": 13.53,
        "Total Cost": 11475.75,
        "Plan Rows": 1,
        "Plan Width": 81,
        "Actual Startup Time": 6.203,
        "Actual Total Time": 2439.115,
        "Actual Rows": 33830,
        "Actual Loops": 1,
        "Inner Unique": true,
        "Plans": [
          {
            "Node Type": "Nested Loop",
            "Parent Relationship": "Outer",
            "Parallel Aware": false,
            "Join Type": "Inner",
            "Startup Cost": 13.1,
            "Total Cost": 11475.22,
            "Plan Rows": 1,
            "Plan Width": 70,
            "Actual Startup Time": 6.171,
            "Actual Total Time": 2248.473,
            "Actual Rows": 43517,
            "Actual Loops": 1,
            "Inner Unique": true,
            "Join Filter": "(mi.info_type_id = it1.id)",
            "Rows Removed by Join Filter": 18297,
            "Plans": [
              {
                "Node Type": "Nested Loop",
                "Parent Relationship": "Outer",
                "Parallel Aware": false,
                "Join Type": "Inner",
                "Startup Cost": 13.1,
                "Total Cost": 11472.8,
                "Plan Rows": 1,
                "Plan Width": 74,
                "Actual Startup Time": 6.143,
                "Actual Total Time": 1930.735,
                "Actual Rows": 61814,
                "Actual Loops": 1,
                "Inner Unique": false,
                "Plans": [
                  {
                    "Node Type": "Nested Loop",
                    "Parent Relationship": "Outer",
                    "Parallel Aware": false,
                    "Join Type": "Inner",
                    "Startup Cost": 12.66,
                    "Total Cost": 11471.19,
                    "Plan Rows": 1,
                    "Plan Width": 47,
                    "Actual Startup Time": 5.929,
                    "Actual Total Time": 611.302,
                    "Actual Rows": 27261,
                    "Actual Loops": 1,
                    "Inner Unique": false,
                    "Join Filter": "(mi_idx.info_type_id = it2.id)",
                    "Rows Removed by Join Filter": 56635,
                    "Plans": [
                      {
                        "Node Type": "Seq Scan",
                        "Parent Relationship": "Outer",
                        "Parallel Aware": false,
                        "Relation Name": "info_type",
                        "Alias": "it2",
                        "Startup Cost": 0.0,
                        "Total Cost": 2.41,
                        "Plan Rows": 1,
                        "Plan Width": 4,
                        "Actual Startup Time": 0.046,
                        "Actual Total Time": 0.048,
                        "Actual Rows": 1,
                        "Actual Loops": 1,
                        "Filter": "((info)::text = 'votes'::text)",
                        "Rows Removed by Filter": 112
                      },
                      {
                        "Node Type": "Nested Loop",
                        "Parent Relationship": "Inner",
                        "Parallel Aware": false,
                        "Join Type": "Inner",
                        "Startup Cost": 12.66,
                        "Total Cost": 11467.75,
                        "Plan Rows": 82,
                        "Plan Width": 51,
                        "Actual Startup Time": 5.731,
                        "Actual Total Time": 604.559,
                        "Actual Rows": 83896,
                        "Actual Loops": 1,
                        "Inner Unique": false,
                        "Plans": [
                          {
                            "Node Type": "Nested Loop",
                            "Parent Relationship": "Outer",
                            "Parallel Aware": false,
                            "Join Type": "Inner",
                            "Startup Cost": 12.1,
                            "Total Cost": 11361.55,
                            "Plan Rows": 61,
                            "Plan Width": 43,
                            "Actual Startup Time": 1.886,
                            "Actual Total Time": 117.761,
                            "Actual Rows": 7144,
                            "Actual Loops": 1,
                            "Inner Unique": true,
                            "Plans": [
                              {
                                "Node Type": "Nested Loop",
                                "Parent Relationship": "Outer",
                                "Parallel Aware": false,
                                "Join Type": "Inner",
                                "Startup Cost": 11.67,
                                "Total Cost": 11331.83,
                                "Plan Rows": 61,
                                "Plan Width": 22,
                                "Actual Startup Time": 1.864,
                                "Actual Total Time": 98.76,
                                "Actual Rows": 7144,
                                "Actual Loops": 1,
                                "Inner Unique": false,
                                "Join Filter": "(cc.status_id = cct2.id)",
                                "Rows Removed by Join Filter": 6720,
                                "Plans": [
                                  {
                                    "Node Type": "Seq Scan",
                                    "Parent Relationship": "Outer",
                                    "Parallel Aware": false,
                                    "Relation Name": "comp_cast_type",
                                    "Alias": "cct2",
                                    "Startup Cost": 0.0,
                                    "Total Cost": 1.05,
                                    "Plan Rows": 1,
                                    "Plan Width": 4,
                                    "Actual Startup Time": 0.014,
                                    "Actual Total Time": 0.014,
                                    "Actual Rows": 1,
                                    "Actual Loops": 1,
                                    "Filter": "((kind)::text = 'complete+verified'::text)",
                                    "Rows Removed by Filter": 3
                                  },
                                  {
                                    "Node Type": "Nested Loop",
                                    "Parent Relationship": "Inner",
                                    "Parallel Aware": false,
                                    "Join Type": "Inner",
                                    "Startup Cost": 11.67,
                                    "Total Cost": 11327.74,
                                    "Plan Rows": 243,
                                    "Plan Width": 26,
                                    "Actual Startup Time": 1.847,
                                    "Actual Total Time": 97.282,
                                    "Actual Rows": 13864,
                                    "Actual Loops": 1,
                                    "Inner Unique": false,
                                    "Plans": [
                                      {
                                        "Node Type": "Nested Loop",
                                        "Parent Relationship": "Outer",
                                        "Parallel Aware": false,
                                        "Join Type": "Inner",
                                        "Startup Cost": 11.24,
                                        "Total Cost": 11285.94,
                                        "Plan Rows": 80,
                                        "Plan Width": 12,
                                        "Actual Startup Time": 1.824,
                                        "Actual Total Time": 75.667,
                                        "Actual Rows": 4703,
                                        "Actual Loops": 1,
                                        "Inner Unique": false,
                                        "Join Filter": "(cc.subject_id = cct1.id)",
                                        "Rows Removed by Join Filter": 1980,
                                        "Plans": [
                                          {
                                            "Node Type": "Seq Scan",
                                            "Parent Relationship": "Outer",
                                            "Parallel Aware": false,
                                            "Relation Name": "comp_cast_type",
                                            "Alias": "cct1",
                                            "Startup Cost": 0.0,
                                            "Total Cost": 1.05,
                                            "Plan Rows": 1,
                                            "Plan Width": 4,
                                            "Actual Startup Time": 0.009,
                                            "Actual Total Time": 0.011,
                                            "Actual Rows": 1,
                                            "Actual Loops": 1,
                                            "Filter": "((kind)::text = 'cast'::text)",
                                            "Rows Removed by Filter": 3
                                          },
                                          {
                                            "Node Type": "Nested Loop",
                                            "Parent Relationship": "Inner",
                                            "Parallel Aware": false,
                                            "Join Type": "Inner",
                                            "Startup Cost": 11.24,
                                            "Total Cost": 11280.86,
                                            "Plan Rows": 322,
                                            "Plan Width": 16,
                                            "Actual Startup Time": 1.81,
                                            "Actual Total Time": 74.835,
                                            "Actual Rows": 6683,
                                            "Actual Loops": 1,
                                            "Inner Unique": false,
                                            "Plans": [
                                              {
                                                "Node Type": "Nested Loop",
                                                "Parent Relationship": "Outer",
                                                "Parallel Aware": false,
                                                "Join Type": "Inner",
                                                "Startup Cost": 10.82,
                                                "Total Cost": 11168.51,
                                                "Plan Rows": 236,
                                                "Plan Width": 4,
                                                "Actual Startup Time": 1.52,
                                                "Actual Total Time": 44.903,
                                                "Actual Rows": 17980,
                                                "Actual Loops": 1,
                                                "Inner Unique": false,
                                                "Plans": [
                                                  {
                                                    "Node Type": "Seq Scan",
                                                    "Parent Relationship": "Outer",
                                                    "Parallel Aware": false,
                                                    "Relation Name": "keyword",
                                                    "Alias": "k",
                                                    "Startup Cost": 0.0,
                                                    "Total Cost": 3464.69,
                                                    "Plan Rows": 7,
                                                    "Plan Width": 4,
                                                    "Actual Startup Time": 0.262,
                                                    "Actual Total Time": 18.133,
                                                    "Actual Rows": 5,
                                                    "Actual Loops": 1,
                                                    "Filter": "(keyword = ANY ('{tv-special,based-on-comic,hand-to-hand-combat,tv-special,violence,violence,dragging-a-dead-body}'::text[]))",
                                                    "Rows Removed by Filter": 134165
                                                  },
                                                  {
                                                    "Node Type": "Bitmap Heap Scan",
                                                    "Parent Relationship": "Inner",
                                                    "Parallel Aware": false,
                                                    "Relation Name": "movie_keyword",
                                                    "Alias": "mk",
                                                    "Startup Cost": 10.82,
                                                    "Total Cost": 1097.47,
                                                    "Plan Rows": 308,
                                                    "Plan Width": 8,
                                                    "Actual Startup Time": 0.779,
                                                    "Actual Total Time": 5.006,
                                                    "Actual Rows": 3596,
                                                    "Actual Loops": 5,
                                                    "Recheck Cond": "(keyword_id = k.id)",
                                                    "Rows Removed by Index Recheck": 0,
                                                    "Exact Heap Blocks": 12323,
                                                    "Lossy Heap Blocks": 0,
                                                    "Plans": [
                                                      {
                                                        "Node Type": "Bitmap Index Scan",
                                                        "Parent Relationship": "Outer",
                                                        "Parallel Aware": false,
                                                        "Index Name": "keyword_id_movie_keyword",
                                                        "Startup Cost": 0.0,
                                                        "Total Cost": 10.74,
                                                        "Plan Rows": 308,
                                                        "Plan Width": 0,
                                                        "Actual Startup Time": 0.432,
                                                        "Actual Total Time": 0.432,
                                                        "Actual Rows": 3596,
                                                        "Actual Loops": 5,
                                                        "Index Cond": "(keyword_id = k.id)"
                                                      }
                                                    ]
                                                  }
                                                ]
                                              },
                                              {
                                                "Node Type": "Index Scan",
                                                "Parent Relationship": "Inner",
                                                "Parallel Aware": false,
                                                "Scan Direction": "Forward",
                                                "Index Name": "movie_id_complete_cast",
                                                "Relation Name": "complete_cast",
                                                "Alias": "cc",
                                                "Startup Cost": 0.42,
                                                "Total Cost": 0.46,
                                                "Plan Rows": 2,
                                                "Plan Width": 12,
                                                "Actual Startup Time": 0.001,
                                                "Actual Total Time": 0.001,
                                                "Actual Rows": 0,
                                                "Actual Loops": 17980,
                                                "Index Cond": "(movie_id = mk.movie_id)",
                                                "Rows Removed by Index Recheck": 0
                                              }
                                            ]
                                          }
                                        ]
                                      },
                                      {
                                        "Node Type": "Index Scan",
                                        "Parent Relationship": "Inner",
                                        "Parallel Aware": false,
                                        "Scan Direction": "Forward",
                                        "Index Name": "movie_id_movie_info_idx",
                                        "Relation Name": "movie_info_idx",
                                        "Alias": "mi_idx",
                                        "Startup Cost": 0.43,
                                        "Total Cost": 0.49,
                                        "Plan Rows": 3,
                                        "Plan Width": 14,
                                        "Actual Startup Time": 0.003,
                                        "Actual Total Time": 0.004,
                                        "Actual Rows": 3,
                                        "Actual Loops": 4703,
                                        "Index Cond": "(movie_id = mk.movie_id)",
                                        "Rows Removed by Index Recheck": 0
                                      }
                                    ]
                                  }
                                ]
                              },
                              {
                                "Node Type": "Index Scan",
                                "Parent Relationship": "Inner",
                                "Parallel Aware": false,
                                "Scan Direction": "Forward",
                                "Index Name": "title_pkey",
                                "Relation Name": "title",
                                "Alias": "t",
                                "Startup Cost": 0.43,
                                "Total Cost": 0.49,
                                "Plan Rows": 1,
                                "Plan Width": 21,
                                "Actual Startup Time": 0.002,
                                "Actual Total Time": 0.002,
                                "Actual Rows": 1,
                                "Actual Loops": 7144,
                                "Index Cond": "(id = mk.movie_id)",
                                "Rows Removed by Index Recheck": 0
                              }
                            ]
                          },
                          {
                            "Node Type": "Index Scan",
                            "Parent Relationship": "Inner",
                            "Parallel Aware": false,
                            "Scan Direction": "Forward",
                            "Index Name": "movie_id_cast_info",
                            "Relation Name": "cast_info",
                            "Alias": "ci",
                            "Startup Cost": 0.56,
                            "Total Cost": 1.71,
                            "Plan Rows": 3,
                            "Plan Width": 8,
                            "Actual Startup Time": 0.012,
                            "Actual Total Time": 0.067,
                            "Actual Rows": 12,
                            "Actual Loops": 7144,
                            "Index Cond": "(movie_id = mk.movie_id)",
                            "Rows Removed by Index Recheck": 0,
                            "Filter": "(note = ANY ('{(voice),(uncredited),(writer),\"(executive producer)\",\"(written by)\"}'::text[]))",
                            "Rows Removed by Filter": 77
                          }
                        ]
                      }
                    ]
                  },
                  {
                    "Node Type": "Index Scan",
                    "Parent Relationship": "Inner",
                    "Parallel Aware": false,
                    "Scan Direction": "Forward",
                    "Index Name": "movie_id_movie_info",
                    "Relation Name": "movie_info",
                    "Alias": "mi",
                    "Startup Cost": 0.43,
                    "Total Cost": 1.6,
                    "Plan Rows": 1,
                    "Plan Width": 51,
                    "Actual Startup Time": 0.042,
                    "Actual Total Time": 0.048,
                    "Actual Rows": 2,
                    "Actual Loops": 27261,
                    "Index Cond": "(movie_id = mk.movie_id)",
                    "Rows Removed by Index Recheck": 0,
                    "Filter": "(info = ANY ('{Thriller,Drama,Sci-Fi,Action,Crime,Crime}'::text[]))",
                    "Rows Removed by Filter": 208
                  }
                ]
              },
              {
                "Node Type": "Seq Scan",
                "Parent Relationship": "Inner",
                "Parallel Aware": false,
                "Relation Name": "info_type",
                "Alias": "it1",
                "Startup Cost": 0.0,
                "Total Cost": 2.41,
                "Plan Rows": 1,
                "Plan Width": 4,
                "Actual Startup Time": 0.002,
                "Actual Total Time": 0.003,
                "Actual Rows": 1,
                "Actual Loops": 61814,
                "Filter": "((info)::text = 'genres'::text)",
                "Rows Removed by Filter": 35
              }
            ]
          },
          {
            "Node Type": "Index Scan",
            "Parent Relationship": "Inner",
            "Parallel Aware": false,
            "Scan Direction": "Forward",
            "Index Name": "name_pkey",
            "Relation Name": "name",
            "Alias": "n",
            "Startup Cost": 0.43,
            "Total Cost": 0.53,
            "Plan Rows": 1,
            "Plan Width": 19,
            "Actual Startup Time": 0.004,
            "Actual Total Time": 0.004,
            "Actual Rows": 1,
            "Actual Loops": 43517,
            "Index Cond": "(id = ci.person_id)",
            "Rows Removed by Index Recheck": 0,
            "Filter": "((gender)::text = 'm'::text)",
            "Rows Removed by Filter": 0
          }
        ]
      }
    ]
  },
  "Planning Time": 4.117,
  "Triggers": [],
  "Execution Time": 2451.82
}