{
  "Plan": {
    "Node Type": "Aggregate",
    "Strategy": "Plain",
    "Partial Mode": "Finalize",
    "Parallel Aware": false,
    "Startup Cost": 871576.87,
    "Total Cost": 871576.88,
    "Plan Rows": 1,
    "Plan Width": 8,
    "Actual Startup Time": 15842.881,
    "Actual Total Time": 15900.658,
    "Actual Rows": 1,
    "Actual Loops": 1,
    "Plans": [
      {
        "Node Type": "Gather",
        "Parent Relationship": "Outer",
        "Parallel Aware": false,
        "Startup Cost": 871576.76,
        "Total Cost": 871576.87,
        "Plan Rows": 1,
        "Plan Width": 8,
        "Actual Startup Time": 15834.245,
        "Actual Total Time": 15900.649,
        "Actual Rows": 2,
        "Actual Loops": 1,
        "Workers Planned": 1,
        "Workers Launched": 1,
        "Single Copy": false,
        "Plans": [
          {
            "Node Type": "Aggregate",
            "Strategy": "Plain",
            "Partial Mode": "Partial",
            "Parent Relationship": "Outer",
            "Parallel Aware": false,
            "Startup Cost": 870576.76,
            "Total Cost": 870576.77,
            "Plan Rows": 1,
            "Plan Width": 8,
            "Actual Startup Time": 15823.239,
            "Actual Total Time": 15823.25,
            "Actual Rows": 1,
            "Actual Loops": 2,
            "Plans": [
              {
                "Node Type": "Hash Join",
                "Parent Relationship": "Outer",
                "Parallel Aware": true,
                "Join Type": "Inner",
                "Startup Cost": 123883.75,
                "Total Cost": 839671.79,
                "Plan Rows": 12361990,
                "Plan Width": 0,
                "Actual Startup Time": 1650.891,
                "Actual Total Time": 14811.661,
                "Actual Rows": 23382784,
                "Actual Loops": 2,
                "Inner Unique": false,
                "Hash Cond": "(t.id = mc.movie_id)",
                "Plans": [
                  {
                    "Node Type": "Hash Join",
                    "Parent Relationship": "Outer",
                    "Parallel Aware": true,
                    "Join Type": "Inner",
                    "Startup Cost": 69460.7,
                    "Total Cost": 625206.54,
                    "Plan Rows": 13971936,
                    "Plan Width": 8,
                    "Actual Startup Time": 1144.096,
                    "Actual Total Time": 8152.462,
                    "Actual Rows": 11786828,
                    "Actual Loops": 2,
                    "Inner Unique": true,
                    "Hash Cond": "(ci.movie_id = t.id)",
                    "Plans": [
                      {
                        "Node Type": "Seq Scan",
                        "Parent Relationship": "Outer",
                        "Parallel Aware": true,
                        "Relation Name": "cast_info",
                        "Alias": "ci",
                        "Startup Cost": 0.0,
                        "Total Cost": 519069.44,
                        "Plan Rows": 13971936,
                        "Plan Width": 4,
                        "Actual Startup Time": 565.18,
                        "Actual Total Time": 1885.475,
                        "Actual Rows": 11786828,
                        "Actual Loops": 2,
                        "Filter": "(role_id > 1)",
                        "Rows Removed by Filter": 6335344
                      },
                      {
                        "Node Type": "Hash",
                        "Parent Relationship": "Inner",
                        "Parallel Aware": true,
                        "Startup Cost": 50870.31,
                        "Total Cost": 50870.31,
                        "Plan Rows": 1487231,
                        "Plan Width": 4,
                        "Actual Startup Time": 567.95,
                        "Actual Total Time": 567.95,
                        "Actual Rows": 1264156,
                        "Actual Loops": 2,
                        "Hash Buckets": 4194304,
                        "Original Hash Buckets": 4194304,
                        "Hash Batches": 1,
                        "Original Hash Batches": 1,
                        "Peak Memory Usage": 131712,
                        "Plans": [
                          {
                            "Node Type": "Seq Scan",
                            "Parent Relationship": "Outer",
                            "Parallel Aware": true,
                            "Relation Name": "title",
                            "Alias": "t",
                            "Startup Cost": 0.0,
                            "Total Cost": 50870.31,
                            "Plan Rows": 1487231,
                            "Plan Width": 4,
                            "Actual Startup Time": 0.023,
                            "Actual Total Time": 173.287,
                            "Actual Rows": 1264156,
                            "Actual Loops": 2
                          }
                        ]
                      }
                    ]
                  },
                  {
                    "Node Type": "Hash",
                    "Parent Relationship": "Inner",
                    "Parallel Aware": true,
                    "Startup Cost": 37974.77,
                    "Total Cost": 37974.77,
                    "Plan Rows": 1315862,
                    "Plan Width": 4,
                    "Actual Startup Time": 485.204,
                    "Actual Total Time": 485.204,
                    "Actual Rows": 1116384,
                    "Actual Loops": 2,
                    "Hash Buckets": 4194304,
                    "Original Hash Buckets": 4194304,
                    "Hash Batches": 1,
                    "Original Hash Batches": 1,
                    "Peak Memory Usage": 120160,
                    "Plans": [
                      {
                        "Node Type": "Seq Scan",
                        "Parent Relationship": "Outer",
                        "Parallel Aware": true,
                        "Relation Name": "movie_companies",
                        "Alias": "mc",
                        "Startup Cost": 0.0,
                        "Total Cost": 37974.77,
                        "Plan Rows": 1315862,
                        "Plan Width": 4,
                        "Actual Startup Time": 0.032,
                        "Actual Total Time": 179.57,
                        "Actual Rows": 1116384,
                        "Actual Loops": 2,
                        "Filter": "(company_id < 84850)",
                        "Rows Removed by Filter": 188180
                      }
                    ]
                  }
                ]
              }
            ]
          }
        ]
      }
    ]
  },
  "Planning Time": 0.799,
  "Triggers": [],
  "Execution Time": 15900.739
}