{
  "Plan": {
    "Node Type": "Aggregate",
    "Strategy": "Plain",
    "Partial Mode": "Finalize",
    "Parallel Aware": false,
    "Startup Cost": 629627.42,
    "Total Cost": 629627.43,
    "Plan Rows": 1,
    "Plan Width": 8,
    "Actual Startup Time": 3318.88,
    "Actual Total Time": 3373.719,
    "Actual Rows": 1,
    "Actual Loops": 1,
    "Plans": [
      {
        "Node Type": "Gather",
        "Parent Relationship": "Outer",
        "Parallel Aware": false,
        "Startup Cost": 629627.31,
        "Total Cost": 629627.42,
        "Plan Rows": 1,
        "Plan Width": 8,
        "Actual Startup Time": 3318.59,
        "Actual Total Time": 3373.709,
        "Actual Rows": 2,
        "Actual Loops": 1,
        "Workers Planned": 1,
        "Workers Launched": 1,
        "Single Copy": false,
        "Plans": [
          {
            "Node Type": "Aggregate",
            "Strategy": "Plain",
            "Partial Mode": "Partial",
            "Parent Relationship": "Outer",
            "Parallel Aware": false,
            "Startup Cost": 628627.31,
            "Total Cost": 628627.32,
            "Plan Rows": 1,
            "Plan Width": 8,
            "Actual Startup Time": 3312.996,
            "Actual Total Time": 3313.0,
            "Actual Rows": 1,
            "Actual Loops": 2,
            "Plans": [
              {
                "Node Type": "Hash Join",
                "Parent Relationship": "Outer",
                "Parallel Aware": true,
                "Join Type": "Inner",
                "Startup Cost": 54743.31,
                "Total Cost": 628195.7,
                "Plan Rows": 172643,
                "Plan Width": 0,
                "Actual Startup Time": 167.816,
                "Actual Total Time": 3304.802,
                "Actual Rows": 154399,
                "Actual Loops": 2,
                "Inner Unique": true,
                "Hash Cond": "(ci.movie_id = t.id)",
                "Plans": [
                  {
                    "Node Type": "Seq Scan",
                    "Parent Relationship": "Outer",
                    "Parallel Aware": true,
                    "Relation Name": "cast_info",
                    "Alias": "ci",
                    "Startup Cost": 0.0,
                    "Total Cost": 519069.44,
                    "Plan Rows": 20717280,
                    "Plan Width": 4,
                    "Actual Startup Time": 23.902,
                    "Actual Total Time": 1710.96,
                    "Actual Rows": 17617484,
                    "Actual Loops": 2,
                    "Filter": "(person_id > 103040)",
                    "Rows Removed by Filter": 504688
                  },
                  {
                    "Node Type": "Hash",
                    "Parent Relationship": "Inner",
                    "Parallel Aware": true,
                    "Startup Cost": 54588.39,
                    "Total Cost": 54588.39,
                    "Plan Rows": 12394,
                    "Plan Width": 4,
                    "Actual Startup Time": 142.466,
                    "Actual Total Time": 142.467,
                    "Actual Rows": 9720,
                    "Actual Loops": 2,
                    "Hash Buckets": 32768,
                    "Original Hash Buckets": 32768,
                    "Hash Batches": 1,
                    "Original Hash Batches": 1,
                    "Peak Memory Usage": 1024,
                    "Plans": [
                      {
                        "Node Type": "Seq Scan",
                        "Parent Relationship": "Outer",
                        "Parallel Aware": true,
                        "Relation Name": "title",
                        "Alias": "t",
                        "Startup Cost": 0.0,
                        "Total Cost": 54588.39,
                        "Plan Rows": 12394,
                        "Plan Width": 4,
                        "Actual Startup Time": 0.05,
                        "Actual Total Time": 138.226,
                        "Actual Rows": 9720,
                        "Actual Loops": 2,
                        "Filter": "(production_year = 1986)",
                        "Rows Removed by Filter": 1254436
                      }
                    ]
                  }
                ]
              }
            ]
          }
        ]
      }
    ]
  },
  "Planning Time": 0.447,
  "Triggers": [],
  "Execution Time": 3373.802
}