[
  {
    "Plan": {
      "Node Type": "Aggregate",
      "Strategy": "Plain",
      "Partial Mode": "Finalize",
      "Parallel Aware": false,
      "Startup Cost": 357186.0,
      "Total Cost": 357186.01,
      "Plan Rows": 1,
      "Plan Width": 8,
      "Actual Startup Time": 635.475,
      "Actual Total Time": 656.762,
      "Actual Rows": 1,
      "Actual Loops": 1,
      "Plans": [
        {
          "Node Type": "Gather",
          "Parent Relationship": "Outer",
          "Parallel Aware": false,
          "Startup Cost": 357185.37,
          "Total Cost": 357185.98,
          "Plan Rows": 6,
          "Plan Width": 8,
          "Actual Startup Time": 618.352,
          "Actual Total Time": 656.754,
          "Actual Rows": 7,
          "Actual Loops": 1,
          "Workers Planned": 6,
          "Workers Launched": 6,
          "Single Copy": false,
          "Plans": [
            {
              "Node Type": "Aggregate",
              "Strategy": "Plain",
              "Partial Mode": "Partial",
              "Parent Relationship": "Outer",
              "Parallel Aware": false,
              "Startup Cost": 356185.37,
              "Total Cost": 356185.38,
              "Plan Rows": 1,
              "Plan Width": 8,
              "Actual Startup Time": 592.888,
              "Actual Total Time": 592.892,
              "Actual Rows": 1,
              "Actual Loops": 7,
              "Plans": [
                {
                  "Node Type": "Hash Join",
                  "Parent Relationship": "Outer",
                  "Parallel Aware": true,
                  "Join Type": "Inner",
                  "Startup Cost": 97320.05,
                  "Total Cost": 355789.72,
                  "Plan Rows": 158262,
                  "Plan Width": 0,
                  "Actual Startup Time": 348.097,
                  "Actual Total Time": 577.855,
                  "Actual Rows": 296784,
                  "Actual Loops": 7,
                  "Inner Unique": true,
                  "Hash Cond": "(ci.movie_id = t.id)",
                  "Plans": [
                    {
                      "Node Type": "Bitmap Heap Scan",
                      "Parent Relationship": "Outer",
                      "Parallel Aware": true,
                      "Relation Name": "cast_info",
                      "Alias": "ci",
                      "Startup Cost": 47099.66,
                      "Total Cost": 305153.9,
                      "Plan Rows": 158262,
                      "Plan Width": 4,
                      "Actual Startup Time": 83.51,
                      "Actual Total Time": 168.743,
                      "Actual Rows": 296784,
                      "Actual Loops": 7,
                      "Recheck Cond": "(person_id > 3655155)",
                      "Rows Removed by Index Recheck": 0,
                      "Filter": "(role_id > 2)",
                      "Rows Removed by Filter": 0,
                      "Exact Heap Blocks": 5350,
                      "Lossy Heap Blocks": 0,
                      "Plans": [
                        {
                          "Node Type": "Bitmap Index Scan",
                          "Parent Relationship": "Outer",
                          "Parallel Aware": false,
                          "Index Name": "person_id_cast_info",
                          "Startup Cost": 0.0,
                          "Total Cost": 46862.27,
                          "Plan Rows": 2146894,
                          "Plan Width": 0,
                          "Actual Startup Time": 78.415,
                          "Actual Total Time": 78.415,
                          "Actual Rows": 2077485,
                          "Actual Loops": 1,
                          "Index Cond": "(person_id > 3655155)"
                        }
                      ]
                    },
                    {
                      "Node Type": "Hash",
                      "Parent Relationship": "Inner",
                      "Parallel Aware": true,
                      "Startup Cost": 42319.06,
                      "Total Cost": 42319.06,
                      "Plan Rows": 632106,
                      "Plan Width": 4,
                      "Actual Startup Time": 257.415,
                      "Actual Total Time": 257.416,
                      "Actual Rows": 361187,
                      "Actual Loops": 7,
                      "Hash Buckets": 4194304,
                      "Original Hash Buckets": 4194304,
                      "Hash Batches": 1,
                      "Original Hash Batches": 1,
                      "Peak Memory Usage": 131776,
                      "Plans": [
                        {
                          "Node Type": "Seq Scan",
                          "Parent Relationship": "Outer",
                          "Parallel Aware": true,
                          "Relation Name": "title",
                          "Alias": "t",
                          "Startup Cost": 0.0,
                          "Total Cost": 42319.06,
                          "Plan Rows": 632106,
                          "Plan Width": 4,
                          "Actual Startup Time": 0.047,
                          "Actual Total Time": 76.589,
                          "Actual Rows": 361187,
                          "Actual Loops": 7
                        }
                      ]
                    }
                  ]
                }
              ]
            }
          ]
        }
      ]
    },
    "Planning Time": 0.632,
    "Triggers": [],
    "Execution Time": 656.859
  }
]