[
  {
    "Plan": {
      "Node Type": "Aggregate",
      "Strategy": "Plain",
      "Partial Mode": "Finalize",
      "Parallel Aware": false,
      "Startup Cost": 32700.11,
      "Total Cost": 32700.12,
      "Plan Rows": 1,
      "Plan Width": 8,
      "Actual Startup Time": 86.738,
      "Actual Total Time": 94.644,
      "Actual Rows": 1,
      "Actual Loops": 1,
      "Plans": [
        {
          "Node Type": "Gather",
          "Parent Relationship": "Outer",
          "Parallel Aware": false,
          "Startup Cost": 32699.8,
          "Total Cost": 32700.11,
          "Plan Rows": 3,
          "Plan Width": 8,
          "Actual Startup Time": 86.59,
          "Actual Total Time": 94.636,
          "Actual Rows": 4,
          "Actual Loops": 1,
          "Workers Planned": 3,
          "Workers Launched": 3,
          "Single Copy": false,
          "Plans": [
            {
              "Node Type": "Aggregate",
              "Strategy": "Plain",
              "Partial Mode": "Partial",
              "Parent Relationship": "Outer",
              "Parallel Aware": false,
              "Startup Cost": 31699.8,
              "Total Cost": 31699.81,
              "Plan Rows": 1,
              "Plan Width": 8,
              "Actual Startup Time": 81.434,
              "Actual Total Time": 81.435,
              "Actual Rows": 1,
              "Actual Loops": 4,
              "Plans": [
                {
                  "Node Type": "Seq Scan",
                  "Parent Relationship": "Outer",
                  "Parallel Aware": true,
                  "Relation Name": "movie_companies",
                  "Alias": "mc",
                  "Startup Cost": 0.0,
                  "Total Cost": 31414.82,
                  "Plan Rows": 113991,
                  "Plan Width": 0,
                  "Actual Startup Time": 36.563,
                  "Actual Total Time": 73.537,
                  "Actual Rows": 163926,
                  "Actual Loops": 4,
                  "Filter": "((company_id > 47783) AND (company_type_id = 2))",
                  "Rows Removed by Filter": 488356
                }
              ]
            }
          ]
        }
      ]
    },
    "Planning Time": 0.115,
    "Triggers": [],
    "Execution Time": 94.676
  }
]