[
    {
        "Bao": {
            "Bao prediction": "NaN",
            "Bao recommended hint": "(no hint)"
        }
    },
    {
        "Plan": {
            "Node Type": "Aggregate",
            "Strategy": "Plain",
            "Partial Mode": "Finalize",
            "Parallel Aware": false,
            "Startup Cost": 287149.91,
            "Total Cost": 287149.92,
            "Plan Rows": 1,
            "Plan Width": 8,
            "Actual Startup Time": 684.938,
            "Actual Total Time": 696.413,
            "Actual Rows": 1,
            "Actual Loops": 1,
            "Output": [
                "count(*)"
            ],
            "Plans": [
                {
                    "Node Type": "Gather",
                    "Parent Relationship": "Outer",
                    "Parallel Aware": false,
                    "Startup Cost": 287149.59,
                    "Total Cost": 287149.9,
                    "Plan Rows": 3,
                    "Plan Width": 8,
                    "Actual Startup Time": 679.142,
                    "Actual Total Time": 696.405,
                    "Actual Rows": 4,
                    "Actual Loops": 1,
                    "Output": [
                        "(PARTIAL count(*))"
                    ],
                    "Workers Planned": 3,
                    "Workers Launched": 3,
                    "Single Copy": false,
                    "Plans": [
                        {
                            "Node Type": "Aggregate",
                            "Strategy": "Plain",
                            "Partial Mode": "Partial",
                            "Parent Relationship": "Outer",
                            "Parallel Aware": false,
                            "Startup Cost": 286149.59,
                            "Total Cost": 286149.6,
                            "Plan Rows": 1,
                            "Plan Width": 8,
                            "Actual Startup Time": 668.84,
                            "Actual Total Time": 668.845,
                            "Actual Rows": 1,
                            "Actual Loops": 4,
                            "Output": [
                                "PARTIAL count(*)"
                            ],
                            "Workers": [
                                {
                                    "Worker Number": 0,
                                    "Actual Startup Time": 663.31,
                                    "Actual Total Time": 663.315,
                                    "Actual Rows": 1,
                                    "Actual Loops": 1
                                },
                                {
                                    "Worker Number": 1,
                                    "Actual Startup Time": 666.389,
                                    "Actual Total Time": 666.394,
                                    "Actual Rows": 1,
                                    "Actual Loops": 1
                                },
                                {
                                    "Worker Number": 2,
                                    "Actual Startup Time": 666.829,
                                    "Actual Total Time": 666.834,
                                    "Actual Rows": 1,
                                    "Actual Loops": 1
                                }
                            ],
                            "Plans": [
                                {
                                    "Node Type": "Hash Join",
                                    "Parent Relationship": "Outer",
                                    "Parallel Aware": true,
                                    "Join Type": "Inner",
                                    "Startup Cost": 238636.42,
                                    "Total Cost": 285608.3,
                                    "Plan Rows": 216517,
                                    "Plan Width": 0,
                                    "Actual Startup Time": 455.814,
                                    "Actual Total Time": 657.68,
                                    "Actual Rows": 246710,
                                    "Actual Loops": 4,
                                    "Inner Unique": false,
                                    "Hash Cond": "(mk.movie_id = t.id)",
                                    "Workers": [
                                        {
                                            "Worker Number": 0,
                                            "Actual Startup Time": 450.401,
                                            "Actual Total Time": 652.499,
                                            "Actual Rows": 258781,
                                            "Actual Loops": 1
                                        },
                                        {
                                            "Worker Number": 1,
                                            "Actual Startup Time": 453.507,
                                            "Actual Total Time": 655.35,
                                            "Actual Rows": 269100,
                                            "Actual Loops": 1
                                        },
                                        {
                                            "Worker Number": 2,
                                            "Actual Startup Time": 454.006,
                                            "Actual Total Time": 655.139,
                                            "Actual Rows": 174931,
                                            "Actual Loops": 1
                                        }
                                    ],
                                    "Plans": [
                                        {
                                            "Node Type": "Seq Scan",
                                            "Parent Relationship": "Outer",
                                            "Parallel Aware": true,
                                            "Relation Name": "movie_keyword",
                                            "Schema": "public",
                                            "Alias": "mk",
                                            "Startup Cost": 0.0,
                                            "Total Cost": 42695.65,
                                            "Plan Rows": 1024851,
                                            "Plan Width": 4,
                                            "Actual Startup Time": 0.074,
                                            "Actual Total Time": 112.32,
                                            "Actual Rows": 792946,
                                            "Actual Loops": 4,
                                            "Output": [
                                                "mk.id",
                                                "mk.movie_id",
                                                "mk.keyword_id"
                                            ],
                                            "Filter": "(mk.keyword_id > 1759)",
                                            "Rows Removed by Filter": 338036,
                                            "Workers": [
                                                {
                                                    "Worker Number": 0,
                                                    "Actual Startup Time": 0.119,
                                                    "Actual Total Time": 112.975,
                                                    "Actual Rows": 837608,
                                                    "Actual Loops": 1
                                                },
                                                {
                                                    "Worker Number": 1,
                                                    "Actual Startup Time": 0.037,
                                                    "Actual Total Time": 113.346,
                                                    "Actual Rows": 865195,
                                                    "Actual Loops": 1
                                                },
                                                {
                                                    "Worker Number": 2,
                                                    "Actual Startup Time": 0.025,
                                                    "Actual Total Time": 115.15,
                                                    "Actual Rows": 554173,
                                                    "Actual Loops": 1
                                                }
                                            ]
                                        },
                                        {
                                            "Node Type": "Hash",
                                            "Parent Relationship": "Inner",
                                            "Parallel Aware": true,
                                            "Startup Cost": 237301.05,
                                            "Total Cost": 237301.05,
                                            "Plan Rows": 106830,
                                            "Plan Width": 8,
                                            "Actual Startup Time": 452.88,
                                            "Actual Total Time": 452.884,
                                            "Actual Rows": 113806,
                                            "Actual Loops": 4,
                                            "Output": [
                                                "t.id",
                                                "mi.movie_id"
                                            ],
                                            "Hash Buckets": 1048576,
                                            "Original Hash Buckets": 1048576,
                                            "Hash Batches": 1,
                                            "Original Hash Batches": 1,
                                            "Peak Memory Usage": 26080,
                                            "Workers": [
                                                {
                                                    "Worker Number": 0,
                                                    "Actual Startup Time": 449.824,
                                                    "Actual Total Time": 449.827,
                                                    "Actual Rows": 121336,
                                                    "Actual Loops": 1
                                                },
                                                {
                                                    "Worker Number": 1,
                                                    "Actual Startup Time": 452.85,
                                                    "Actual Total Time": 452.854,
                                                    "Actual Rows": 124494,
                                                    "Actual Loops": 1
                                                },
                                                {
                                                    "Worker Number": 2,
                                                    "Actual Startup Time": 453.255,
                                                    "Actual Total Time": 453.259,
                                                    "Actual Rows": 94923,
                                                    "Actual Loops": 1
                                                }
                                            ],
                                            "Plans": [
                                                {
                                                    "Node Type": "Hash Join",
                                                    "Parent Relationship": "Outer",
                                                    "Parallel Aware": true,
                                                    "Join Type": "Inner",
                                                    "Startup Cost": 71270.14,
                                                    "Total Cost": 237301.05,
                                                    "Plan Rows": 106830,
                                                    "Plan Width": 8,
                                                    "Actual Startup Time": 244.04,
                                                    "Actual Total Time": 407.012,
                                                    "Actual Rows": 113806,
                                                    "Actual Loops": 4,
                                                    "Output": [
                                                        "t.id",
                                                        "mi.movie_id"
                                                    ],
                                                    "Inner Unique": true,
                                                    "Hash Cond": "(mi.movie_id = t.id)",
                                                    "Workers": [
                                                        {
                                                            "Worker Number": 0,
                                                            "Actual Startup Time": 240.677,
                                                            "Actual Total Time": 403.803,
                                                            "Actual Rows": 121336,
                                                            "Actual Loops": 1
                                                        },
                                                        {
                                                            "Worker Number": 1,
                                                            "Actual Startup Time": 244.053,
                                                            "Actual Total Time": 405.16,
                                                            "Actual Rows": 124494,
                                                            "Actual Loops": 1
                                                        },
                                                        {
                                                            "Worker Number": 2,
                                                            "Actual Startup Time": 244.525,
                                                            "Actual Total Time": 408.336,
                                                            "Actual Rows": 94923,
                                                            "Actual Loops": 1
                                                        }
                                                    ],
                                                    "Plans": [
                                                        {
                                                            "Node Type": "Bitmap Heap Scan",
                                                            "Parent Relationship": "Outer",
                                                            "Parallel Aware": true,
                                                            "Relation Name": "movie_info",
                                                            "Schema": "public",
                                                            "Alias": "mi",
                                                            "Startup Cost": 24209.48,
                                                            "Total Cost": 189539.59,
                                                            "Plan Rows": 266969,
                                                            "Plan Width": 4,
                                                            "Actual Startup Time": 50.06,
                                                            "Actual Total Time": 89.707,
                                                            "Actual Rows": 331340,
                                                            "Actual Loops": 4,
                                                            "Output": [
                                                                "mi.id",
                                                                "mi.movie_id",
                                                                "mi.info_type_id",
                                                                "mi.info",
                                                                "mi.note"
                                                            ],
                                                            "Recheck Cond": "(mi.info_type_id = 8)",
                                                            "Rows Removed by Index Recheck": 0,
                                                            "Exact Heap Blocks": 1999,
                                                            "Lossy Heap Blocks": 0,
                                                            "Workers": [
                                                                {
                                                                    "Worker Number": 0,
                                                                    "Actual Startup Time": 49.934,
                                                                    "Actual Total Time": 87.042,
                                                                    "Actual Rows": 351783,
                                                                    "Actual Loops": 1
                                                                },
                                                                {
                                                                    "Worker Number": 1,
                                                                    "Actual Startup Time": 50.073,
                                                                    "Actual Total Time": 91.392,
                                                                    "Actual Rows": 362519,
                                                                    "Actual Loops": 1
                                                                },
                                                                {
                                                                    "Worker Number": 2,
                                                                    "Actual Startup Time": 50.076,
                                                                    "Actual Total Time": 95.082,
                                                                    "Actual Rows": 273682,
                                                                    "Actual Loops": 1
                                                                }
                                                            ],
                                                            "Plans": [
                                                                {
                                                                    "Node Type": "Bitmap Index Scan",
                                                                    "Parent Relationship": "Outer",
                                                                    "Parallel Aware": false,
                                                                    "Index Name": "info_type_id_movie_info",
                                                                    "Startup Cost": 0.0,
                                                                    "Total Cost": 23875.77,
                                                                    "Plan Rows": 1334844,
                                                                    "Plan Width": 0,
                                                                    "Actual Startup Time": 48.727,
                                                                    "Actual Total Time": 48.727,
                                                                    "Actual Rows": 1325361,
                                                                    "Actual Loops": 1,
                                                                    "Index Cond": "(mi.info_type_id = 8)",
                                                                    "Workers": [
                                                                        {
                                                                            "Worker Number": 0,
                                                                            "Actual Startup Time": 48.727,
                                                                            "Actual Total Time": 48.727,
                                                                            "Actual Rows": 1325361,
                                                                            "Actual Loops": 1
                                                                        }
                                                                    ]
                                                                }
                                                            ]
                                                        },
                                                        {
                                                            "Node Type": "Hash",
                                                            "Parent Relationship": "Inner",
                                                            "Parallel Aware": true,
                                                            "Startup Cost": 43899.01,
                                                            "Total Cost": 43899.01,
                                                            "Plan Rows": 252933,
                                                            "Plan Width": 4,
                                                            "Actual Startup Time": 192.065,
                                                            "Actual Total Time": 192.066,
                                                            "Actual Rows": 253230,
                                                            "Actual Loops": 4,
                                                            "Output": [
                                                                "t.id"
                                                            ],
                                                            "Hash Buckets": 1048576,
                                                            "Original Hash Buckets": 1048576,
                                                            "Hash Batches": 1,
                                                            "Original Hash Batches": 1,
                                                            "Peak Memory Usage": 47872,
                                                            "Workers": [
                                                                {
                                                                    "Worker Number": 0,
                                                                    "Actual Startup Time": 190.686,
                                                                    "Actual Total Time": 190.687,
                                                                    "Actual Rows": 246599,
                                                                    "Actual Loops": 1
                                                                },
                                                                {
                                                                    "Worker Number": 1,
                                                                    "Actual Startup Time": 193.713,
                                                                    "Actual Total Time": 193.714,
                                                                    "Actual Rows": 255183,
                                                                    "Actual Loops": 1
                                                                },
                                                                {
                                                                    "Worker Number": 2,
                                                                    "Actual Startup Time": 194.129,
                                                                    "Actual Total Time": 194.131,
                                                                    "Actual Rows": 179342,
                                                                    "Actual Loops": 1
                                                                }
                                                            ],
                                                            "Plans": [
                                                                {
                                                                    "Node Type": "Seq Scan",
                                                                    "Parent Relationship": "Outer",
                                                                    "Parallel Aware": true,
                                                                    "Relation Name": "title",
                                                                    "Schema": "public",
                                                                    "Alias": "t",
                                                                    "Startup Cost": 0.0,
                                                                    "Total Cost": 43899.01,
                                                                    "Plan Rows": 252933,
                                                                    "Plan Width": 4,
                                                                    "Actual Startup Time": 0.038,
                                                                    "Actual Total Time": 101.964,
                                                                    "Actual Rows": 253230,
                                                                    "Actual Loops": 4,
                                                                    "Output": [
                                                                        "t.id"
                                                                    ],
                                                                    "Filter": "(t.production_year > 2005)",
                                                                    "Rows Removed by Filter": 378848,
                                                                    "Workers": [
                                                                        {
                                                                            "Worker Number": 0,
                                                                            "Actual Startup Time": 0.049,
                                                                            "Actual Total Time": 104.095,
                                                                            "Actual Rows": 246599,
                                                                            "Actual Loops": 1
                                                                        },
                                                                        {
                                                                            "Worker Number": 1,
                                                                            "Actual Startup Time": 0.048,
                                                                            "Actual Total Time": 103.308,
                                                                            "Actual Rows": 255183,
                                                                            "Actual Loops": 1
                                                                        },
                                                                        {
                                                                            "Worker Number": 2,
                                                                            "Actual Startup Time": 0.045,
                                                                            "Actual Total Time": 108.225,
                                                                            "Actual Rows": 179342,
                                                                            "Actual Loops": 1
                                                                        }
                                                                    ]
                                                                }
                                                            ]
                                                        }
                                                    ]
                                                }
                                            ]
                                        }
                                    ]
                                }
                            ]
                        }
                    ]
                }
            ]
        },
        "Planning Time": 182.217,
        "Triggers": [],
        "Execution Time": 696.497
    }
]