{
  "Plan": {
    "Node Type": "Aggregate",
    "Strategy": "Plain",
    "Partial Mode": "Finalize",
    "Parallel Aware": false,
    "Startup Cost": 160704.16,
    "Total Cost": 160704.17,
    "Plan Rows": 1,
    "Plan Width": 8,
    "Actual Startup Time": 422.012,
    "Actual Total Time": 436.017,
    "Actual Rows": 1,
    "Actual Loops": 1,
    "Plans": [
      {
        "Node Type": "Gather",
        "Parent Relationship": "Outer",
        "Parallel Aware": false,
        "Startup Cost": 160704.04,
        "Total Cost": 160704.15,
        "Plan Rows": 1,
        "Plan Width": 8,
        "Actual Startup Time": 420.636,
        "Actual Total Time": 436.008,
        "Actual Rows": 2,
        "Actual Loops": 1,
        "Workers Planned": 1,
        "Workers Launched": 1,
        "Single Copy": false,
        "Plans": [
          {
            "Node Type": "Aggregate",
            "Strategy": "Plain",
            "Partial Mode": "Partial",
            "Parent Relationship": "Outer",
            "Parallel Aware": false,
            "Startup Cost": 159704.04,
            "Total Cost": 159704.05,
            "Plan Rows": 1,
            "Plan Width": 8,
            "Actual Startup Time": 414.501,
            "Actual Total Time": 414.505,
            "Actual Rows": 1,
            "Actual Loops": 2,
            "Plans": [
              {
                "Node Type": "Nested Loop",
                "Parent Relationship": "Outer",
                "Parallel Aware": false,
                "Join Type": "Inner",
                "Startup Cost": 75991.52,
                "Total Cost": 159582.41,
                "Plan Rows": 48653,
                "Plan Width": 0,
                "Actual Startup Time": 262.297,
                "Actual Total Time": 412.841,
                "Actual Rows": 30308,
                "Actual Loops": 2,
                "Inner Unique": false,
                "Plans": [
                  {
                    "Node Type": "Hash Join",
                    "Parent Relationship": "Outer",
                    "Parallel Aware": true,
                    "Join Type": "Inner",
                    "Startup Cost": 75991.1,
                    "Total Cost": 105954.54,
                    "Plan Rows": 89135,
                    "Plan Width": 8,
                    "Actual Startup Time": 262.122,
                    "Actual Total Time": 377.366,
                    "Actual Rows": 15768,
                    "Actual Loops": 2,
                    "Inner Unique": true,
                    "Hash Cond": "(mk.movie_id = t.id)",
                    "Plans": [
                      {
                        "Node Type": "Bitmap Heap Scan",
                        "Parent Relationship": "Outer",
                        "Parallel Aware": true,
                        "Relation Name": "movie_keyword",
                        "Alias": "mk",
                        "Startup Cost": 13135.57,
                        "Total Cost": 42142.82,
                        "Plan Rows": 364261,
                        "Plan Width": 4,
                        "Actual Startup Time": 36.195,
                        "Actual Total Time": 105.191,
                        "Actual Rows": 304848,
                        "Actual Loops": 2,
                        "Recheck Cond": "(keyword_id > 30273)",
                        "Rows Removed by Index Recheck": 0,
                        "Exact Heap Blocks": 13252,
                        "Lossy Heap Blocks": 0,
                        "Plans": [
                          {
                            "Node Type": "Bitmap Index Scan",
                            "Parent Relationship": "Outer",
                            "Parallel Aware": false,
                            "Index Name": "keyword_id_movie_keyword",
                            "Startup Cost": 0.0,
                            "Total Cost": 12980.76,
                            "Plan Rows": 619243,
                            "Plan Width": 0,
                            "Actual Startup Time": 32.682,
                            "Actual Total Time": 32.683,
                            "Actual Rows": 609696,
                            "Actual Loops": 1,
                            "Index Cond": "(keyword_id > 30273)"
                          }
                        ]
                      },
                      {
                        "Node Type": "Hash",
                        "Parent Relationship": "Inner",
                        "Parallel Aware": true,
                        "Startup Cost": 58306.47,
                        "Total Cost": 58306.47,
                        "Plan Rows": 363925,
                        "Plan Width": 4,
                        "Actual Startup Time": 216.621,
                        "Actual Total Time": 216.622,
                        "Actual Rows": 260570,
                        "Actual Loops": 2,
                        "Hash Buckets": 1048576,
                        "Original Hash Buckets": 1048576,
                        "Hash Batches": 1,
                        "Original Hash Batches": 1,
                        "Peak Memory Usage": 28608,
                        "Plans": [
                          {
                            "Node Type": "Seq Scan",
                            "Parent Relationship": "Outer",
                            "Parallel Aware": true,
                            "Relation Name": "title",
                            "Alias": "t",
                            "Startup Cost": 0.0,
                            "Total Cost": 58306.47,
                            "Plan Rows": 363925,
                            "Plan Width": 4,
                            "Actual Startup Time": 0.031,
                            "Actual Total Time": 146.01,
                            "Actual Rows": 260570,
                            "Actual Loops": 2,
                            "Filter": "((production_year < 2000) AND (kind_id = 7))",
                            "Rows Removed by Filter": 1003586
                          }
                        ]
                      }
                    ]
                  },
                  {
                    "Node Type": "Index Only Scan",
                    "Parent Relationship": "Inner",
                    "Parallel Aware": false,
                    "Scan Direction": "Forward",
                    "Index Name": "movie_id_movie_info_idx",
                    "Relation Name": "movie_info_idx",
                    "Alias": "mi_idx",
                    "Startup Cost": 0.43,
                    "Total Cost": 0.57,
                    "Plan Rows": 3,
                    "Plan Width": 4,
                    "Actual Startup Time": 0.002,
                    "Actual Total Time": 0.002,
                    "Actual Rows": 2,
                    "Actual Loops": 31535,
                    "Index Cond": "(movie_id = t.id)",
                    "Rows Removed by Index Recheck": 0,
                    "Heap Fetches": 60615
                  }
                ]
              }
            ]
          }
        ]
      }
    ]
  },
  "Planning Time": 1.069,
  "Triggers": [],
  "Execution Time": 436.127
}