[
  {
    "Plan": {
      "Node Type": "Aggregate",
      "Strategy": "Plain",
      "Partial Mode": "Finalize",
      "Parallel Aware": false,
      "Startup Cost": 126617.02,
      "Total Cost": 126617.03,
      "Plan Rows": 1,
      "Plan Width": 8,
      "Actual Startup Time": 499.89,
      "Actual Total Time": 521.309,
      "Actual Rows": 1,
      "Actual Loops": 1,
      "Plans": [
        {
          "Node Type": "Gather",
          "Parent Relationship": "Outer",
          "Parallel Aware": false,
          "Startup Cost": 126616.7,
          "Total Cost": 126617.01,
          "Plan Rows": 3,
          "Plan Width": 8,
          "Actual Startup Time": 496.708,
          "Actual Total Time": 521.299,
          "Actual Rows": 4,
          "Actual Loops": 1,
          "Workers Planned": 3,
          "Workers Launched": 3,
          "Single Copy": false,
          "Plans": [
            {
              "Node Type": "Aggregate",
              "Strategy": "Plain",
              "Partial Mode": "Partial",
              "Parent Relationship": "Outer",
              "Parallel Aware": false,
              "Startup Cost": 125616.7,
              "Total Cost": 125616.71,
              "Plan Rows": 1,
              "Plan Width": 8,
              "Actual Startup Time": 487.748,
              "Actual Total Time": 487.811,
              "Actual Rows": 1,
              "Actual Loops": 4,
              "Plans": [
                {
                  "Node Type": "Hash Join",
                  "Parent Relationship": "Outer",
                  "Parallel Aware": true,
                  "Join Type": "Inner",
                  "Startup Cost": 78148.5,
                  "Total Cost": 125163.05,
                  "Plan Rows": 181461,
                  "Plan Width": 0,
                  "Actual Startup Time": 310.358,
                  "Actual Total Time": 483.467,
                  "Actual Rows": 109838,
                  "Actual Loops": 4,
                  "Inner Unique": false,
                  "Hash Cond": "(mk.movie_id = t.id)",
                  "Plans": [
                    {
                      "Node Type": "Seq Scan",
                      "Parent Relationship": "Outer",
                      "Parallel Aware": true,
                      "Relation Name": "movie_keyword",
                      "Alias": "mk",
                      "Startup Cost": 0.0,
                      "Total Cost": 42695.65,
                      "Plan Rows": 995609,
                      "Plan Width": 4,
                      "Actual Startup Time": 0.032,
                      "Actual Total Time": 104.047,
                      "Actual Rows": 770273,
                      "Actual Loops": 4,
                      "Filter": "(keyword_id < 11577)",
                      "Rows Removed by Filter": 360710
                    },
                    {
                      "Node Type": "Hash",
                      "Parent Relationship": "Inner",
                      "Parallel Aware": true,
                      "Startup Cost": 76290.4,
                      "Total Cost": 76290.4,
                      "Plan Rows": 148648,
                      "Plan Width": 8,
                      "Actual Startup Time": 306.598,
                      "Actual Total Time": 306.66,
                      "Actual Rows": 80774,
                      "Actual Loops": 4,
                      "Hash Buckets": 524288,
                      "Original Hash Buckets": 524288,
                      "Hash Batches": 1,
                      "Original Hash Batches": 1,
                      "Peak Memory Usage": 16800,
                      "Plans": [
                        {
                          "Node Type": "Hash Join",
                          "Parent Relationship": "Outer",
                          "Parallel Aware": true,
                          "Join Type": "Inner",
                          "Startup Cost": 46874.51,
                          "Total Cost": 76290.4,
                          "Plan Rows": 148648,
                          "Plan Width": 8,
                          "Actual Startup Time": 130.531,
                          "Actual Total Time": 284.636,
                          "Actual Rows": 80774,
                          "Actual Loops": 4,
                          "Inner Unique": true,
                          "Hash Cond": "(mc.movie_id = t.id)",
                          "Plans": [
                            {
                              "Node Type": "Seq Scan",
                              "Parent Relationship": "Outer",
                              "Parallel Aware": true,
                              "Relation Name": "movie_companies",
                              "Alias": "mc",
                              "Startup Cost": 0.0,
                              "Total Cost": 27206.55,
                              "Plan Rows": 841655,
                              "Plan Width": 4,
                              "Actual Startup Time": 0.018,
                              "Actual Total Time": 57.589,
                              "Actual Rows": 652282,
                              "Actual Loops": 4
                            },
                            {
                              "Node Type": "Hash",
                              "Parent Relationship": "Inner",
                              "Parallel Aware": true,
                              "Startup Cost": 45479.1,
                              "Total Cost": 45479.1,
                              "Plan Rows": 111633,
                              "Plan Width": 4,
                              "Actual Startup Time": 128.482,
                              "Actual Total Time": 128.483,
                              "Actual Rows": 79000,
                              "Actual Loops": 4,
                              "Hash Buckets": 524288,
                              "Original Hash Buckets": 524288,
                              "Hash Batches": 1,
                              "Original Hash Batches": 1,
                              "Peak Memory Usage": 16512,
                              "Plans": [
                                {
                                  "Node Type": "Seq Scan",
                                  "Parent Relationship": "Outer",
                                  "Parallel Aware": true,
                                  "Relation Name": "title",
                                  "Alias": "t",
                                  "Startup Cost": 0.0,
                                  "Total Cost": 45479.1,
                                  "Plan Rows": 111633,
                                  "Plan Width": 4,
                                  "Actual Startup Time": 0.045,
                                  "Actual Total Time": 97.159,
                                  "Actual Rows": 79000,
                                  "Actual Loops": 4,
                                  "Filter": "((kind_id > 2) AND (production_year < 1988))",
                                  "Rows Removed by Filter": 553078
                                }
                              ]
                            }
                          ]
                        }
                      ]
                    }
                  ]
                }
              ]
            }
          ]
        }
      ]
    },
    "Planning Time": 1.388,
    "Triggers": [],
    "Execution Time": 521.388
  }
]