[
  {
    "Plan": {
      "Node Type": "Aggregate",
      "Strategy": "Plain",
      "Partial Mode": "Finalize",
      "Parallel Aware": false,
      "Startup Cost": 347855.67,
      "Total Cost": 347855.68,
      "Plan Rows": 1,
      "Plan Width": 8,
      "Actual Startup Time": 804.274,
      "Actual Total Time": 852.784,
      "Actual Rows": 1,
      "Actual Loops": 1,
      "Plans": [
        {
          "Node Type": "Gather",
          "Parent Relationship": "Outer",
          "Parallel Aware": false,
          "Startup Cost": 347855.05,
          "Total Cost": 347855.66,
          "Plan Rows": 6,
          "Plan Width": 8,
          "Actual Startup Time": 804.097,
          "Actual Total Time": 852.765,
          "Actual Rows": 7,
          "Actual Loops": 1,
          "Workers Planned": 6,
          "Workers Launched": 6,
          "Single Copy": false,
          "Plans": [
            {
              "Node Type": "Aggregate",
              "Strategy": "Plain",
              "Partial Mode": "Partial",
              "Parent Relationship": "Outer",
              "Parallel Aware": false,
              "Startup Cost": 346855.05,
              "Total Cost": 346855.06,
              "Plan Rows": 1,
              "Plan Width": 8,
              "Actual Startup Time": 796.959,
              "Actual Total Time": 796.961,
              "Actual Rows": 1,
              "Actual Loops": 7,
              "Plans": [
                {
                  "Node Type": "Seq Scan",
                  "Parent Relationship": "Outer",
                  "Parallel Aware": true,
                  "Relation Name": "cast_info",
                  "Alias": "ci",
                  "Startup Cost": 0.0,
                  "Total Cost": 343316.27,
                  "Plan Rows": 1415510,
                  "Plan Width": 0,
                  "Actual Startup Time": 0.048,
                  "Actual Total Time": 719.575,
                  "Actual Rows": 1340320,
                  "Actual Loops": 7,
                  "Filter": "((person_id < 964578) AND (role_id < 10))",
                  "Rows Removed by Filter": 3837443
                }
              ]
            }
          ]
        }
      ]
    },
    "Planning Time": 0.175,
    "Triggers": [],
    "Execution Time": 852.837
  }
]