{
  "Plan": {
    "Node Type": "Aggregate",
    "Strategy": "Plain",
    "Partial Mode": "Finalize",
    "Parallel Aware": false,
    "Startup Cost": 90144.78,
    "Total Cost": 90144.79,
    "Plan Rows": 1,
    "Plan Width": 8,
    "Actual Startup Time": 186.688,
    "Actual Total Time": 201.435,
    "Actual Rows": 1,
    "Actual Loops": 1,
    "Plans": [
      {
        "Node Type": "Gather",
        "Parent Relationship": "Outer",
        "Parallel Aware": false,
        "Startup Cost": 90144.67,
        "Total Cost": 90144.78,
        "Plan Rows": 1,
        "Plan Width": 8,
        "Actual Startup Time": 186.495,
        "Actual Total Time": 201.426,
        "Actual Rows": 2,
        "Actual Loops": 1,
        "Workers Planned": 1,
        "Workers Launched": 1,
        "Single Copy": false,
        "Plans": [
          {
            "Node Type": "Aggregate",
            "Strategy": "Plain",
            "Partial Mode": "Partial",
            "Parent Relationship": "Outer",
            "Parallel Aware": false,
            "Startup Cost": 89144.67,
            "Total Cost": 89144.68,
            "Plan Rows": 1,
            "Plan Width": 8,
            "Actual Startup Time": 180.29,
            "Actual Total Time": 180.295,
            "Actual Rows": 1,
            "Actual Loops": 2,
            "Plans": [
              {
                "Node Type": "Nested Loop",
                "Parent Relationship": "Outer",
                "Parallel Aware": false,
                "Join Type": "Inner",
                "Startup Cost": 20917.48,
                "Total Cost": 89123.84,
                "Plan Rows": 8329,
                "Plan Width": 0,
                "Actual Startup Time": 28.161,
                "Actual Total Time": 179.196,
                "Actual Rows": 22638,
                "Actual Loops": 2,
                "Inner Unique": false,
                "Plans": [
                  {
                    "Node Type": "Hash Join",
                    "Parent Relationship": "Outer",
                    "Parallel Aware": true,
                    "Join Type": "Inner",
                    "Startup Cost": 20917.05,
                    "Total Cost": 80058.98,
                    "Plan Rows": 1655,
                    "Plan Width": 8,
                    "Actual Startup Time": 28.078,
                    "Actual Total Time": 156.66,
                    "Actual Rows": 2797,
                    "Actual Loops": 2,
                    "Inner Unique": false,
                    "Hash Cond": "(t.id = mc.movie_id)",
                    "Plans": [
                      {
                        "Node Type": "Seq Scan",
                        "Parent Relationship": "Outer",
                        "Parallel Aware": true,
                        "Relation Name": "title",
                        "Alias": "t",
                        "Startup Cost": 0.0,
                        "Total Cost": 58306.47,
                        "Plan Rows": 132117,
                        "Plan Width": 4,
                        "Actual Startup Time": 0.016,
                        "Actual Total Time": 121.851,
                        "Actual Rows": 64778,
                        "Actual Loops": 2,
                        "Filter": "((production_year < 1971) AND (kind_id = 7))",
                        "Rows Removed by Filter": 1199378
                      },
                      {
                        "Node Type": "Hash",
                        "Parent Relationship": "Inner",
                        "Parallel Aware": true,
                        "Startup Cost": 20684.25,
                        "Total Cost": 20684.25,
                        "Plan Rows": 18624,
                        "Plan Width": 4,
                        "Actual Startup Time": 26.232,
                        "Actual Total Time": 26.234,
                        "Actual Rows": 3289,
                        "Actual Loops": 2,
                        "Hash Buckets": 32768,
                        "Original Hash Buckets": 32768,
                        "Hash Batches": 1,
                        "Original Hash Batches": 1,
                        "Peak Memory Usage": 544,
                        "Plans": [
                          {
                            "Node Type": "Bitmap Heap Scan",
                            "Parent Relationship": "Outer",
                            "Parallel Aware": true,
                            "Relation Name": "movie_companies",
                            "Alias": "mc",
                            "Startup Cost": 1344.03,
                            "Total Cost": 20684.25,
                            "Plan Rows": 18624,
                            "Plan Width": 4,
                            "Actual Startup Time": 23.042,
                            "Actual Total Time": 25.26,
                            "Actual Rows": 3289,
                            "Actual Loops": 2,
                            "Recheck Cond": "(company_id = 6)",
                            "Rows Removed by Index Recheck": 0,
                            "Filter": "(company_type_id = 2)",
                            "Rows Removed by Filter": 27748,
                            "Exact Heap Blocks": 4403,
                            "Lossy Heap Blocks": 0,
                            "Plans": [
                              {
                                "Node Type": "Bitmap Index Scan",
                                "Parent Relationship": "Outer",
                                "Parallel Aware": false,
                                "Index Name": "company_id_movie_companies",
                                "Startup Cost": 0.0,
                                "Total Cost": 1336.12,
                                "Plan Rows": 62358,
                                "Plan Width": 0,
                                "Actual Startup Time": 9.38,
                                "Actual Total Time": 9.381,
                                "Actual Rows": 62075,
                                "Actual Loops": 1,
                                "Index Cond": "(company_id = 6)"
                              }
                            ]
                          }
                        ]
                      }
                    ]
                  },
                  {
                    "Node Type": "Index Scan",
                    "Parent Relationship": "Inner",
                    "Parallel Aware": false,
                    "Scan Direction": "Forward",
                    "Index Name": "movie_id_movie_info",
                    "Relation Name": "movie_info",
                    "Alias": "mi",
                    "Startup Cost": 0.43,
                    "Total Cost": 5.12,
                    "Plan Rows": 36,
                    "Plan Width": 4,
                    "Actual Startup Time": 0.003,
                    "Actual Total Time": 0.007,
                    "Actual Rows": 8,
                    "Actual Loops": 5594,
                    "Index Cond": "(movie_id = t.id)",
                    "Rows Removed by Index Recheck": 0,
                    "Filter": "(info_type_id > 2)",
                    "Rows Removed by Filter": 2
                  }
                ]
              }
            ]
          }
        ]
      }
    ]
  },
  "Planning Time": 1.079,
  "Triggers": [],
  "Execution Time": 201.547
}