[
  {
    "Plan": {
      "Node Type": "Aggregate",
      "Strategy": "Plain",
      "Partial Mode": "Finalize",
      "Parallel Aware": false,
      "Startup Cost": 291180.05,
      "Total Cost": 291180.06,
      "Plan Rows": 1,
      "Plan Width": 8,
      "Actual Startup Time": 1409.197,
      "Actual Total Time": 1461.744,
      "Actual Rows": 1,
      "Actual Loops": 1,
      "Plans": [
        {
          "Node Type": "Gather",
          "Parent Relationship": "Outer",
          "Parallel Aware": false,
          "Startup Cost": 291179.53,
          "Total Cost": 291180.04,
          "Plan Rows": 5,
          "Plan Width": 8,
          "Actual Startup Time": 1398.701,
          "Actual Total Time": 1461.733,
          "Actual Rows": 6,
          "Actual Loops": 1,
          "Workers Planned": 5,
          "Workers Launched": 5,
          "Single Copy": false,
          "Plans": [
            {
              "Node Type": "Aggregate",
              "Strategy": "Plain",
              "Partial Mode": "Partial",
              "Parent Relationship": "Outer",
              "Parallel Aware": false,
              "Startup Cost": 290179.53,
              "Total Cost": 290179.54,
              "Plan Rows": 1,
              "Plan Width": 8,
              "Actual Startup Time": 1386.095,
              "Actual Total Time": 1386.1,
              "Actual Rows": 1,
              "Actual Loops": 6,
              "Plans": [
                {
                  "Node Type": "Hash Join",
                  "Parent Relationship": "Outer",
                  "Parallel Aware": true,
                  "Join Type": "Inner",
                  "Startup Cost": 81801.54,
                  "Total Cost": 289023.56,
                  "Plan Rows": 462387,
                  "Plan Width": 0,
                  "Actual Startup Time": 427.891,
                  "Actual Total Time": 1317.439,
                  "Actual Rows": 1365662,
                  "Actual Loops": 6,
                  "Inner Unique": false,
                  "Hash Cond": "(mi.movie_id = t.id)",
                  "Plans": [
                    {
                      "Node Type": "Seq Scan",
                      "Parent Relationship": "Outer",
                      "Parallel Aware": true,
                      "Relation Name": "movie_info",
                      "Alias": "mi",
                      "Startup Cost": 0.0,
                      "Total Cost": 198952.16,
                      "Plan Rows": 1897040,
                      "Plan Width": 4,
                      "Actual Startup Time": 0.021,
                      "Actual Total Time": 384.043,
                      "Actual Rows": 1594192,
                      "Actual Loops": 6,
                      "Filter": "(info_type_id < 16)",
                      "Rows Removed by Filter": 878428
                    },
                    {
                      "Node Type": "Hash",
                      "Parent Relationship": "Inner",
                      "Parallel Aware": true,
                      "Startup Cost": 79875.76,
                      "Total Cost": 79875.76,
                      "Plan Rows": 154062,
                      "Plan Width": 8,
                      "Actual Startup Time": 422.777,
                      "Actual Total Time": 422.781,
                      "Actual Rows": 147694,
                      "Actual Loops": 6,
                      "Hash Buckets": 1048576,
                      "Original Hash Buckets": 1048576,
                      "Hash Batches": 1,
                      "Original Hash Batches": 1,
                      "Peak Memory Usage": 42944,
                      "Plans": [
                        {
                          "Node Type": "Hash Join",
                          "Parent Relationship": "Outer",
                          "Parallel Aware": true,
                          "Join Type": "Inner",
                          "Startup Cost": 33899.69,
                          "Total Cost": 79875.76,
                          "Plan Rows": 154062,
                          "Plan Width": 8,
                          "Actual Startup Time": 138.328,
                          "Actual Total Time": 362.413,
                          "Actual Rows": 147694,
                          "Actual Loops": 6,
                          "Inner Unique": false,
                          "Hash Cond": "(t.id = mc.movie_id)",
                          "Plans": [
                            {
                              "Node Type": "Seq Scan",
                              "Parent Relationship": "Outer",
                              "Parallel Aware": true,
                              "Relation Name": "title",
                              "Alias": "t",
                              "Startup Cost": 0.0,
                              "Total Cost": 42318.73,
                              "Plan Rows": 632073,
                              "Plan Width": 4,
                              "Actual Startup Time": 0.011,
                              "Actual Total Time": 68.719,
                              "Actual Rows": 421385,
                              "Actual Loops": 6
                            },
                            {
                              "Node Type": "Hash",
                              "Parent Relationship": "Inner",
                              "Parallel Aware": true,
                              "Startup Cost": 31414.82,
                              "Total Cost": 31414.82,
                              "Plan Rows": 198790,
                              "Plan Width": 4,
                              "Actual Startup Time": 136.58,
                              "Actual Total Time": 136.581,
                              "Actual Rows": 147694,
                              "Actual Loops": 6,
                              "Hash Buckets": 1048576,
                              "Original Hash Buckets": 1048576,
                              "Hash Batches": 1,
                              "Original Hash Batches": 1,
                              "Peak Memory Usage": 42944,
                              "Plans": [
                                {
                                  "Node Type": "Seq Scan",
                                  "Parent Relationship": "Outer",
                                  "Parallel Aware": true,
                                  "Relation Name": "movie_companies",
                                  "Alias": "mc",
                                  "Startup Cost": 0.0,
                                  "Total Cost": 31414.82,
                                  "Plan Rows": 198790,
                                  "Plan Width": 4,
                                  "Actual Startup Time": 45.025,
                                  "Actual Total Time": 77.778,
                                  "Actual Rows": 147694,
                                  "Actual Loops": 6,
                                  "Filter": "((company_id > 12079) AND (company_type_id > 1))",
                                  "Rows Removed by Filter": 287160
                                }
                              ]
                            }
                          ]
                        }
                      ]
                    }
                  ]
                }
              ]
            }
          ]
        }
      ]
    },
    "Planning Time": 1.427,
    "Triggers": [],
    "Execution Time": 1461.848
  }
]