[
    {
        "Bao": {
            "Bao prediction": 450.156,
            "Bao recommended hint": "(no hint)"
        }
    },
    {
        "Plan": {
            "Node Type": "Aggregate",
            "Strategy": "Plain",
            "Partial Mode": "Finalize",
            "Parallel Aware": false,
            "Startup Cost": 219071.36,
            "Total Cost": 219071.37,
            "Plan Rows": 1,
            "Plan Width": 8,
            "Actual Startup Time": 176.819,
            "Actual Total Time": 185.758,
            "Actual Rows": 1,
            "Actual Loops": 1,
            "Output": [
                "count(*)"
            ],
            "Plans": [
                {
                    "Node Type": "Gather",
                    "Parent Relationship": "Outer",
                    "Parallel Aware": false,
                    "Startup Cost": 219070.84,
                    "Total Cost": 219071.35,
                    "Plan Rows": 5,
                    "Plan Width": 8,
                    "Actual Startup Time": 176.44,
                    "Actual Total Time": 185.747,
                    "Actual Rows": 6,
                    "Actual Loops": 1,
                    "Output": [
                        "(PARTIAL count(*))"
                    ],
                    "Workers Planned": 5,
                    "Workers Launched": 5,
                    "Single Copy": false,
                    "Plans": [
                        {
                            "Node Type": "Aggregate",
                            "Strategy": "Plain",
                            "Partial Mode": "Partial",
                            "Parent Relationship": "Outer",
                            "Parallel Aware": false,
                            "Startup Cost": 218070.84,
                            "Total Cost": 218070.85,
                            "Plan Rows": 1,
                            "Plan Width": 8,
                            "Actual Startup Time": 166.237,
                            "Actual Total Time": 166.241,
                            "Actual Rows": 1,
                            "Actual Loops": 6,
                            "Output": [
                                "PARTIAL count(*)"
                            ],
                            "Workers": [
                                {
                                    "Worker Number": 0,
                                    "Actual Startup Time": 164.38,
                                    "Actual Total Time": 164.383,
                                    "Actual Rows": 1,
                                    "Actual Loops": 1
                                },
                                {
                                    "Worker Number": 1,
                                    "Actual Startup Time": 161.579,
                                    "Actual Total Time": 161.583,
                                    "Actual Rows": 1,
                                    "Actual Loops": 1
                                },
                                {
                                    "Worker Number": 2,
                                    "Actual Startup Time": 165.109,
                                    "Actual Total Time": 165.112,
                                    "Actual Rows": 1,
                                    "Actual Loops": 1
                                },
                                {
                                    "Worker Number": 3,
                                    "Actual Startup Time": 165.245,
                                    "Actual Total Time": 165.248,
                                    "Actual Rows": 1,
                                    "Actual Loops": 1
                                },
                                {
                                    "Worker Number": 4,
                                    "Actual Startup Time": 165.489,
                                    "Actual Total Time": 165.492,
                                    "Actual Rows": 1,
                                    "Actual Loops": 1
                                }
                            ],
                            "Plans": [
                                {
                                    "Node Type": "Hash Join",
                                    "Parent Relationship": "Outer",
                                    "Parallel Aware": true,
                                    "Join Type": "Inner",
                                    "Startup Cost": 54568.55,
                                    "Total Cost": 218069.39,
                                    "Plan Rows": 578,
                                    "Plan Width": 0,
                                    "Actual Startup Time": 135.768,
                                    "Actual Total Time": 166.222,
                                    "Actual Rows": 66,
                                    "Actual Loops": 6,
                                    "Inner Unique": true,
                                    "Hash Cond": "(mi.movie_id = t.id)",
                                    "Workers": [
                                        {
                                            "Worker Number": 0,
                                            "Actual Startup Time": 133.46,
                                            "Actual Total Time": 164.364,
                                            "Actual Rows": 80,
                                            "Actual Loops": 1
                                        },
                                        {
                                            "Worker Number": 1,
                                            "Actual Startup Time": 130.619,
                                            "Actual Total Time": 161.566,
                                            "Actual Rows": 82,
                                            "Actual Loops": 1
                                        },
                                        {
                                            "Worker Number": 2,
                                            "Actual Startup Time": 137.253,
                                            "Actual Total Time": 165.094,
                                            "Actual Rows": 63,
                                            "Actual Loops": 1
                                        },
                                        {
                                            "Worker Number": 3,
                                            "Actual Startup Time": 134.251,
                                            "Actual Total Time": 165.228,
                                            "Actual Rows": 90,
                                            "Actual Loops": 1
                                        },
                                        {
                                            "Worker Number": 4,
                                            "Actual Startup Time": 134.511,
                                            "Actual Total Time": 165.475,
                                            "Actual Rows": 50,
                                            "Actual Loops": 1
                                        }
                                    ],
                                    "Plans": [
                                        {
                                            "Node Type": "Bitmap Heap Scan",
                                            "Parent Relationship": "Outer",
                                            "Parallel Aware": true,
                                            "Relation Name": "movie_info",
                                            "Schema": "public",
                                            "Alias": "mi",
                                            "Startup Cost": 9043.52,
                                            "Total Cost": 172282.67,
                                            "Plan Rows": 99692,
                                            "Plan Width": 4,
                                            "Actual Startup Time": 25.147,
                                            "Actual Total Time": 48.032,
                                            "Actual Rows": 87794,
                                            "Actual Loops": 6,
                                            "Output": [
                                                "mi.id",
                                                "mi.movie_id",
                                                "mi.info_type_id",
                                                "mi.info",
                                                "mi.note"
                                            ],
                                            "Recheck Cond": "(mi.info_type_id > 102)",
                                            "Rows Removed by Index Recheck": 0,
                                            "Exact Heap Blocks": 844,
                                            "Lossy Heap Blocks": 0,
                                            "Workers": [
                                                {
                                                    "Worker Number": 0,
                                                    "Actual Startup Time": 25.141,
                                                    "Actual Total Time": 48.222,
                                                    "Actual Rows": 95008,
                                                    "Actual Loops": 1
                                                },
                                                {
                                                    "Worker Number": 1,
                                                    "Actual Startup Time": 25.165,
                                                    "Actual Total Time": 48.681,
                                                    "Actual Rows": 85549,
                                                    "Actual Loops": 1
                                                },
                                                {
                                                    "Worker Number": 2,
                                                    "Actual Startup Time": 25.107,
                                                    "Actual Total Time": 48.164,
                                                    "Actual Rows": 95423,
                                                    "Actual Loops": 1
                                                },
                                                {
                                                    "Worker Number": 3,
                                                    "Actual Startup Time": 25.239,
                                                    "Actual Total Time": 48.339,
                                                    "Actual Rows": 95248,
                                                    "Actual Loops": 1
                                                },
                                                {
                                                    "Worker Number": 4,
                                                    "Actual Startup Time": 25.154,
                                                    "Actual Total Time": 48.169,
                                                    "Actual Rows": 95255,
                                                    "Actual Loops": 1
                                                }
                                            ],
                                            "Plans": [
                                                {
                                                    "Node Type": "Bitmap Index Scan",
                                                    "Parent Relationship": "Outer",
                                                    "Parallel Aware": false,
                                                    "Index Name": "info_type_id_movie_info",
                                                    "Startup Cost": 0.0,
                                                    "Total Cost": 8918.9,
                                                    "Plan Rows": 498462,
                                                    "Plan Width": 0,
                                                    "Actual Startup Time": 23.867,
                                                    "Actual Total Time": 23.868,
                                                    "Actual Rows": 526764,
                                                    "Actual Loops": 1,
                                                    "Index Cond": "(mi.info_type_id > 102)"
                                                }
                                            ]
                                        },
                                        {
                                            "Node Type": "Hash",
                                            "Parent Relationship": "Inner",
                                            "Parallel Aware": true,
                                            "Startup Cost": 45479.21,
                                            "Total Cost": 45479.21,
                                            "Plan Rows": 3666,
                                            "Plan Width": 4,
                                            "Actual Startup Time": 102.811,
                                            "Actual Total Time": 102.812,
                                            "Actual Rows": 2388,
                                            "Actual Loops": 6,
                                            "Output": [
                                                "t.id"
                                            ],
                                            "Hash Buckets": 16384,
                                            "Original Hash Buckets": 16384,
                                            "Hash Batches": 1,
                                            "Original Hash Batches": 1,
                                            "Peak Memory Usage": 832,
                                            "Workers": [
                                                {
                                                    "Worker Number": 0,
                                                    "Actual Startup Time": 101.636,
                                                    "Actual Total Time": 101.636,
                                                    "Actual Rows": 2666,
                                                    "Actual Loops": 1
                                                },
                                                {
                                                    "Worker Number": 1,
                                                    "Actual Startup Time": 98.773,
                                                    "Actual Total Time": 98.775,
                                                    "Actual Rows": 1069,
                                                    "Actual Loops": 1
                                                },
                                                {
                                                    "Worker Number": 2,
                                                    "Actual Startup Time": 102.346,
                                                    "Actual Total Time": 102.347,
                                                    "Actual Rows": 2592,
                                                    "Actual Loops": 1
                                                },
                                                {
                                                    "Worker Number": 3,
                                                    "Actual Startup Time": 102.528,
                                                    "Actual Total Time": 102.528,
                                                    "Actual Rows": 2722,
                                                    "Actual Loops": 1
                                                },
                                                {
                                                    "Worker Number": 4,
                                                    "Actual Startup Time": 102.687,
                                                    "Actual Total Time": 102.687,
                                                    "Actual Rows": 2740,
                                                    "Actual Loops": 1
                                                }
                                            ],
                                            "Plans": [
                                                {
                                                    "Node Type": "Seq Scan",
                                                    "Parent Relationship": "Outer",
                                                    "Parallel Aware": true,
                                                    "Relation Name": "title",
                                                    "Schema": "public",
                                                    "Alias": "t",
                                                    "Startup Cost": 0.0,
                                                    "Total Cost": 45479.21,
                                                    "Plan Rows": 3666,
                                                    "Plan Width": 4,
                                                    "Actual Startup Time": 0.065,
                                                    "Actual Total Time": 101.039,
                                                    "Actual Rows": 2388,
                                                    "Actual Loops": 6,
                                                    "Output": [
                                                        "t.id"
                                                    ],
                                                    "Filter": "((t.kind_id = 7) AND (t.production_year = 1991))",
                                                    "Rows Removed by Filter": 418998,
                                                    "Workers": [
                                                        {
                                                            "Worker Number": 0,
                                                            "Actual Startup Time": 0.058,
                                                            "Actual Total Time": 99.669,
                                                            "Actual Rows": 2666,
                                                            "Actual Loops": 1
                                                        },
                                                        {
                                                            "Worker Number": 1,
                                                            "Actual Startup Time": 0.048,
                                                            "Actual Total Time": 97.684,
                                                            "Actual Rows": 1069,
                                                            "Actual Loops": 1
                                                        },
                                                        {
                                                            "Worker Number": 2,
                                                            "Actual Startup Time": 0.065,
                                                            "Actual Total Time": 100.394,
                                                            "Actual Rows": 2592,
                                                            "Actual Loops": 1
                                                        },
                                                        {
                                                            "Worker Number": 3,
                                                            "Actual Startup Time": 0.096,
                                                            "Actual Total Time": 100.501,
                                                            "Actual Rows": 2722,
                                                            "Actual Loops": 1
                                                        },
                                                        {
                                                            "Worker Number": 4,
                                                            "Actual Startup Time": 0.051,
                                                            "Actual Total Time": 100.709,
                                                            "Actual Rows": 2740,
                                                            "Actual Loops": 1
                                                        }
                                                    ]
                                                }
                                            ]
                                        }
                                    ]
                                }
                            ]
                        }
                    ]
                }
            ]
        },
        "Planning Time": 740.352,
        "Triggers": [],
        "Execution Time": 185.89
    }
]