[
    {
        "Bao": {
            "Bao prediction": "NaN",
            "Bao recommended hint": "(no hint)"
        }
    },
    {
        "Plan": {
            "Node Type": "Aggregate",
            "Strategy": "Plain",
            "Partial Mode": "Finalize",
            "Parallel Aware": false,
            "Startup Cost": 351196.99,
            "Total Cost": 351197.0,
            "Plan Rows": 1,
            "Plan Width": 8,
            "Actual Startup Time": 707.275,
            "Actual Total Time": 729.005,
            "Actual Rows": 1,
            "Actual Loops": 1,
            "Output": [
                "count(*)"
            ],
            "Plans": [
                {
                    "Node Type": "Gather",
                    "Parent Relationship": "Outer",
                    "Parallel Aware": false,
                    "Startup Cost": 351196.36,
                    "Total Cost": 351196.97,
                    "Plan Rows": 6,
                    "Plan Width": 8,
                    "Actual Startup Time": 707.111,
                    "Actual Total Time": 728.982,
                    "Actual Rows": 7,
                    "Actual Loops": 1,
                    "Output": [
                        "(PARTIAL count(*))"
                    ],
                    "Workers Planned": 6,
                    "Workers Launched": 6,
                    "Single Copy": false,
                    "Plans": [
                        {
                            "Node Type": "Aggregate",
                            "Strategy": "Plain",
                            "Partial Mode": "Partial",
                            "Parent Relationship": "Outer",
                            "Parallel Aware": false,
                            "Startup Cost": 350196.36,
                            "Total Cost": 350196.37,
                            "Plan Rows": 1,
                            "Plan Width": 8,
                            "Actual Startup Time": 697.675,
                            "Actual Total Time": 697.676,
                            "Actual Rows": 1,
                            "Actual Loops": 7,
                            "Output": [
                                "PARTIAL count(*)"
                            ],
                            "Workers": [
                                {
                                    "Worker Number": 0,
                                    "Actual Startup Time": 695.484,
                                    "Actual Total Time": 695.486,
                                    "Actual Rows": 1,
                                    "Actual Loops": 1
                                },
                                {
                                    "Worker Number": 1,
                                    "Actual Startup Time": 695.575,
                                    "Actual Total Time": 695.576,
                                    "Actual Rows": 1,
                                    "Actual Loops": 1
                                },
                                {
                                    "Worker Number": 2,
                                    "Actual Startup Time": 696.157,
                                    "Actual Total Time": 696.158,
                                    "Actual Rows": 1,
                                    "Actual Loops": 1
                                },
                                {
                                    "Worker Number": 3,
                                    "Actual Startup Time": 696.065,
                                    "Actual Total Time": 696.066,
                                    "Actual Rows": 1,
                                    "Actual Loops": 1
                                },
                                {
                                    "Worker Number": 4,
                                    "Actual Startup Time": 696.628,
                                    "Actual Total Time": 696.629,
                                    "Actual Rows": 1,
                                    "Actual Loops": 1
                                },
                                {
                                    "Worker Number": 5,
                                    "Actual Startup Time": 697.012,
                                    "Actual Total Time": 697.013,
                                    "Actual Rows": 1,
                                    "Actual Loops": 1
                                }
                            ],
                            "Plans": [
                                {
                                    "Node Type": "Seq Scan",
                                    "Parent Relationship": "Outer",
                                    "Parallel Aware": true,
                                    "Relation Name": "cast_info",
                                    "Schema": "public",
                                    "Alias": "ci",
                                    "Startup Cost": 0.0,
                                    "Total Cost": 343318.94,
                                    "Plan Rows": 2750969,
                                    "Plan Width": 0,
                                    "Actual Startup Time": 87.369,
                                    "Actual Total Time": 609.971,
                                    "Actual Rows": 2165045,
                                    "Actual Loops": 7,
                                    "Output": [
                                        "id",
                                        "person_id",
                                        "movie_id",
                                        "person_role_id",
                                        "note",
                                        "nr_order",
                                        "role_id"
                                    ],
                                    "Filter": "((ci.person_id > 666078) AND (ci.role_id < 3))",
                                    "Rows Removed by Filter": 3012718,
                                    "Workers": [
                                        {
                                            "Worker Number": 0,
                                            "Actual Startup Time": 85.167,
                                            "Actual Total Time": 609.524,
                                            "Actual Rows": 2104269,
                                            "Actual Loops": 1
                                        },
                                        {
                                            "Worker Number": 1,
                                            "Actual Startup Time": 85.265,
                                            "Actual Total Time": 609.484,
                                            "Actual Rows": 2110061,
                                            "Actual Loops": 1
                                        },
                                        {
                                            "Worker Number": 2,
                                            "Actual Startup Time": 85.863,
                                            "Actual Total Time": 610.243,
                                            "Actual Rows": 2113108,
                                            "Actual Loops": 1
                                        },
                                        {
                                            "Worker Number": 3,
                                            "Actual Startup Time": 85.773,
                                            "Actual Total Time": 609.932,
                                            "Actual Rows": 2106535,
                                            "Actual Loops": 1
                                        },
                                        {
                                            "Worker Number": 4,
                                            "Actual Startup Time": 86.324,
                                            "Actual Total Time": 610.838,
                                            "Actual Rows": 2103000,
                                            "Actual Loops": 1
                                        },
                                        {
                                            "Worker Number": 5,
                                            "Actual Startup Time": 86.706,
                                            "Actual Total Time": 610.844,
                                            "Actual Rows": 2110918,
                                            "Actual Loops": 1
                                        }
                                    ]
                                }
                            ]
                        }
                    ]
                }
            ]
        },
        "Planning Time": 180.142,
        "Triggers": [],
        "Execution Time": 729.054
    }
]