[
  {
    "Plan": {
      "Node Type": "Aggregate",
      "Strategy": "Plain",
      "Partial Mode": "Simple",
      "Parallel Aware": false,
      "Startup Cost": 20855.85,
      "Total Cost": 20855.86,
      "Plan Rows": 1,
      "Plan Width": 8,
      "Actual Startup Time": 31.948,
      "Actual Total Time": 31.949,
      "Actual Rows": 1,
      "Actual Loops": 1,
      "Plans": [
        {
          "Node Type": "Bitmap Heap Scan",
          "Parent Relationship": "Outer",
          "Parallel Aware": false,
          "Relation Name": "movie_companies",
          "Alias": "mc",
          "Startup Cost": 1220.96,
          "Total Cost": 20715.03,
          "Plan Rows": 56326,
          "Plan Width": 0,
          "Actual Startup Time": 7.843,
          "Actual Total Time": 26.378,
          "Actual Rows": 53807,
          "Actual Loops": 1,
          "Recheck Cond": "(company_id > 188499)",
          "Rows Removed by Index Recheck": 0,
          "Exact Heap Blocks": 1975,
          "Lossy Heap Blocks": 0,
          "Plans": [
            {
              "Node Type": "Bitmap Index Scan",
              "Parent Relationship": "Outer",
              "Parallel Aware": false,
              "Index Name": "company_id_movie_companies",
              "Startup Cost": 0.0,
              "Total Cost": 1206.88,
              "Plan Rows": 56326,
              "Plan Width": 0,
              "Actual Startup Time": 6.971,
              "Actual Total Time": 6.971,
              "Actual Rows": 53807,
              "Actual Loops": 1,
              "Index Cond": "(company_id > 188499)"
            }
          ]
        }
      ]
    },
    "Planning Time": 0.177,
    "Triggers": [],
    "Execution Time": 32.055
  }
]