[
  {
    "Plan": {
      "Node Type": "Aggregate",
      "Strategy": "Plain",
      "Partial Mode": "Finalize",
      "Parallel Aware": false,
      "Startup Cost": 339419.67,
      "Total Cost": 339419.68,
      "Plan Rows": 1,
      "Plan Width": 8,
      "Actual Startup Time": 394.472,
      "Actual Total Time": 415.007,
      "Actual Rows": 1,
      "Actual Loops": 1,
      "Plans": [
        {
          "Node Type": "Gather",
          "Parent Relationship": "Outer",
          "Parallel Aware": false,
          "Startup Cost": 339419.05,
          "Total Cost": 339419.66,
          "Plan Rows": 6,
          "Plan Width": 8,
          "Actual Startup Time": 394.388,
          "Actual Total Time": 415.0,
          "Actual Rows": 7,
          "Actual Loops": 1,
          "Workers Planned": 6,
          "Workers Launched": 6,
          "Single Copy": false,
          "Plans": [
            {
              "Node Type": "Aggregate",
              "Strategy": "Plain",
              "Partial Mode": "Partial",
              "Parent Relationship": "Outer",
              "Parallel Aware": false,
              "Startup Cost": 338419.05,
              "Total Cost": 338419.06,
              "Plan Rows": 1,
              "Plan Width": 8,
              "Actual Startup Time": 385.499,
              "Actual Total Time": 385.5,
              "Actual Rows": 1,
              "Actual Loops": 7,
              "Plans": [
                {
                  "Node Type": "Index Scan",
                  "Parent Relationship": "Outer",
                  "Parallel Aware": true,
                  "Scan Direction": "Forward",
                  "Index Name": "role_id_cast_info",
                  "Relation Name": "cast_info",
                  "Alias": "ci",
                  "Startup Cost": 0.56,
                  "Total Cost": 335235.55,
                  "Plan Rows": 1273399,
                  "Plan Width": 0,
                  "Actual Startup Time": 294.462,
                  "Actual Total Time": 369.047,
                  "Actual Rows": 360041,
                  "Actual Loops": 7,
                  "Index Cond": "(role_id < 2)",
                  "Rows Removed by Index Recheck": 0,
                  "Filter": "(person_id > 1383492)",
                  "Rows Removed by Filter": 1450057
                }
              ]
            }
          ]
        }
      ]
    },
    "Planning Time": 0.23,
    "Triggers": [],
    "Execution Time": 415.078
  }
]