[
  {
    "Plan": {
      "Node Type": "Aggregate",
      "Strategy": "Plain",
      "Partial Mode": "Finalize",
      "Parallel Aware": false,
      "Startup Cost": 46792.13,
      "Total Cost": 46792.14,
      "Plan Rows": 1,
      "Plan Width": 8,
      "Actual Startup Time": 182.007,
      "Actual Total Time": 191.838,
      "Actual Rows": 1,
      "Actual Loops": 1,
      "Plans": [
        {
          "Node Type": "Gather",
          "Parent Relationship": "Outer",
          "Parallel Aware": false,
          "Startup Cost": 46791.81,
          "Total Cost": 46792.12,
          "Plan Rows": 3,
          "Plan Width": 8,
          "Actual Startup Time": 181.856,
          "Actual Total Time": 191.828,
          "Actual Rows": 4,
          "Actual Loops": 1,
          "Workers Planned": 3,
          "Workers Launched": 3,
          "Single Copy": false,
          "Plans": [
            {
              "Node Type": "Aggregate",
              "Strategy": "Plain",
              "Partial Mode": "Partial",
              "Parent Relationship": "Outer",
              "Parallel Aware": false,
              "Startup Cost": 45791.81,
              "Total Cost": 45791.82,
              "Plan Rows": 1,
              "Plan Width": 8,
              "Actual Startup Time": 175.594,
              "Actual Total Time": 175.595,
              "Actual Rows": 1,
              "Actual Loops": 4,
              "Plans": [
                {
                  "Node Type": "Seq Scan",
                  "Parent Relationship": "Outer",
                  "Parallel Aware": true,
                  "Relation Name": "movie_keyword",
                  "Alias": "mk",
                  "Startup Cost": 0.0,
                  "Total Cost": 42695.65,
                  "Plan Rows": 1238464,
                  "Plan Width": 0,
                  "Actual Startup Time": 0.05,
                  "Actual Total Time": 129.493,
                  "Actual Rows": 963117,
                  "Actual Loops": 4,
                  "Filter": "(keyword_id < 27936)",
                  "Rows Removed by Filter": 167866
                }
              ]
            }
          ]
        }
      ]
    },
    "Planning Time": 0.179,
    "Triggers": [],
    "Execution Time": 191.894
  }
]