[
  {
    "Plan": {
      "Node Type": "Aggregate",
      "Strategy": "Plain",
      "Partial Mode": "Finalize",
      "Parallel Aware": false,
      "Startup Cost": 439675.81,
      "Total Cost": 439675.82,
      "Plan Rows": 1,
      "Plan Width": 8,
      "Actual Startup Time": 2623.415,
      "Actual Total Time": 2696.485,
      "Actual Rows": 1,
      "Actual Loops": 1,
      "Plans": [
        {
          "Node Type": "Gather",
          "Parent Relationship": "Outer",
          "Parallel Aware": false,
          "Startup Cost": 439675.19,
          "Total Cost": 439675.8,
          "Plan Rows": 6,
          "Plan Width": 8,
          "Actual Startup Time": 2605.803,
          "Actual Total Time": 2696.433,
          "Actual Rows": 7,
          "Actual Loops": 1,
          "Workers Planned": 6,
          "Workers Launched": 6,
          "Single Copy": false,
          "Plans": [
            {
              "Node Type": "Aggregate",
              "Strategy": "Plain",
              "Partial Mode": "Partial",
              "Parent Relationship": "Outer",
              "Parallel Aware": false,
              "Startup Cost": 438675.19,
              "Total Cost": 438675.2,
              "Plan Rows": 1,
              "Plan Width": 8,
              "Actual Startup Time": 2596.095,
              "Actual Total Time": 2596.518,
              "Actual Rows": 1,
              "Actual Loops": 7,
              "Plans": [
                {
                  "Node Type": "Hash Join",
                  "Parent Relationship": "Outer",
                  "Parallel Aware": true,
                  "Join Type": "Inner",
                  "Startup Cost": 94682.68,
                  "Total Cost": 435082.38,
                  "Plan Rows": 1437123,
                  "Plan Width": 0,
                  "Actual Startup Time": 468.593,
                  "Actual Total Time": 2388.797,
                  "Actual Rows": 4347919,
                  "Actual Loops": 7,
                  "Inner Unique": false,
                  "Hash Cond": "(ci.movie_id = t.id)",
                  "Plans": [
                    {
                      "Node Type": "Seq Scan",
                      "Parent Relationship": "Outer",
                      "Parallel Aware": true,
                      "Relation Name": "cast_info",
                      "Alias": "ci",
                      "Startup Cost": 0.0,
                      "Total Cost": 313106.51,
                      "Plan Rows": 6041951,
                      "Plan Width": 4,
                      "Actual Startup Time": 0.056,
                      "Actual Total Time": 613.26,
                      "Actual Rows": 5177763,
                      "Actual Loops": 7
                    },
                    {
                      "Node Type": "Hash",
                      "Parent Relationship": "Inner",
                      "Parallel Aware": true,
                      "Startup Cost": 92257.67,
                      "Total Cost": 92257.67,
                      "Plan Rows": 194001,
                      "Plan Width": 8,
                      "Actual Startup Time": 466.247,
                      "Actual Total Time": 466.669,
                      "Actual Rows": 88893,
                      "Actual Loops": 7,
                      "Hash Buckets": 1048576,
                      "Original Hash Buckets": 1048576,
                      "Hash Batches": 1,
                      "Original Hash Batches": 1,
                      "Peak Memory Usage": 32608,
                      "Plans": [
                        {
                          "Node Type": "Hash Join",
                          "Parent Relationship": "Outer",
                          "Parallel Aware": true,
                          "Join Type": "Inner",
                          "Startup Cost": 64756.96,
                          "Total Cost": 92257.67,
                          "Plan Rows": 194001,
                          "Plan Width": 8,
                          "Actual Startup Time": 340.448,
                          "Actual Total Time": 432.292,
                          "Actual Rows": 88893,
                          "Actual Loops": 7,
                          "Inner Unique": true,
                          "Hash Cond": "(mk.movie_id = t.id)",
                          "Plans": [
                            {
                              "Node Type": "Bitmap Heap Scan",
                              "Parent Relationship": "Outer",
                              "Parallel Aware": true,
                              "Relation Name": "movie_keyword",
                              "Alias": "mk",
                              "Startup Cost": 13247.9,
                              "Total Cost": 40219.84,
                              "Plan Rows": 201435,
                              "Plan Width": 4,
                              "Actual Startup Time": 43.061,
                              "Actual Total Time": 94.73,
                              "Actual Rows": 89530,
                              "Actual Loops": 7,
                              "Recheck Cond": "(keyword_id > 29297)",
                              "Rows Removed by Index Recheck": 0,
                              "Exact Heap Blocks": 3450,
                              "Lossy Heap Blocks": 0,
                              "Plans": [
                                {
                                  "Node Type": "Bitmap Index Scan",
                                  "Parent Relationship": "Outer",
                                  "Parallel Aware": false,
                                  "Index Name": "keyword_id_movie_keyword",
                                  "Startup Cost": 0.0,
                                  "Total Cost": 13091.79,
                                  "Plan Rows": 624448,
                                  "Plan Width": 0,
                                  "Actual Startup Time": 39.473,
                                  "Actual Total Time": 39.474,
                                  "Actual Rows": 626709,
                                  "Actual Loops": 1,
                                  "Index Cond": "(keyword_id > 29297)"
                                }
                              ]
                            },
                            {
                              "Node Type": "Hash",
                              "Parent Relationship": "Inner",
                              "Parallel Aware": true,
                              "Startup Cost": 43899.32,
                              "Total Cost": 43899.32,
                              "Plan Rows": 608779,
                              "Plan Width": 4,
                              "Actual Startup Time": 292.415,
                              "Actual Total Time": 292.417,
                              "Actual Rows": 347875,
                              "Actual Loops": 7,
                              "Hash Buckets": 4194304,
                              "Original Hash Buckets": 4194304,
                              "Hash Batches": 1,
                              "Original Hash Batches": 1,
                              "Peak Memory Usage": 128160,
                              "Plans": [
                                {
                                  "Node Type": "Seq Scan",
                                  "Parent Relationship": "Outer",
                                  "Parallel Aware": true,
                                  "Relation Name": "title",
                                  "Alias": "t",
                                  "Startup Cost": 0.0,
                                  "Total Cost": 43899.32,
                                  "Plan Rows": 608779,
                                  "Plan Width": 4,
                                  "Actual Startup Time": 0.069,
                                  "Actual Total Time": 92.236,
                                  "Actual Rows": 347875,
                                  "Actual Loops": 7,
                                  "Filter": "(production_year > 1908)",
                                  "Rows Removed by Filter": 13312
                                }
                              ]
                            }
                          ]
                        }
                      ]
                    }
                  ]
                }
              ]
            }
          ]
        }
      ]
    },
    "Planning Time": 0.542,
    "Triggers": [],
    "Execution Time": 2696.559
  }
]