[
  {
    "Plan": {
      "Node Type": "Aggregate",
      "Strategy": "Plain",
      "Partial Mode": "Finalize",
      "Parallel Aware": false,
      "Startup Cost": 440385.85,
      "Total Cost": 440385.86,
      "Plan Rows": 1,
      "Plan Width": 8,
      "Actual Startup Time": 2473.501,
      "Actual Total Time": 2541.851,
      "Actual Rows": 1,
      "Actual Loops": 1,
      "Plans": [
        {
          "Node Type": "Gather",
          "Parent Relationship": "Outer",
          "Parallel Aware": false,
          "Startup Cost": 440385.22,
          "Total Cost": 440385.83,
          "Plan Rows": 6,
          "Plan Width": 8,
          "Actual Startup Time": 2453.554,
          "Actual Total Time": 2541.831,
          "Actual Rows": 7,
          "Actual Loops": 1,
          "Workers Planned": 6,
          "Workers Launched": 6,
          "Single Copy": false,
          "Plans": [
            {
              "Node Type": "Aggregate",
              "Strategy": "Plain",
              "Partial Mode": "Partial",
              "Parent Relationship": "Outer",
              "Parallel Aware": false,
              "Startup Cost": 439385.22,
              "Total Cost": 439385.23,
              "Plan Rows": 1,
              "Plan Width": 8,
              "Actual Startup Time": 2440.198,
              "Actual Total Time": 2440.205,
              "Actual Rows": 1,
              "Actual Loops": 7,
              "Plans": [
                {
                  "Node Type": "Hash Join",
                  "Parent Relationship": "Outer",
                  "Parallel Aware": true,
                  "Join Type": "Inner",
                  "Startup Cost": 95211.04,
                  "Total Cost": 435689.39,
                  "Plan Rows": 1478335,
                  "Plan Width": 0,
                  "Actual Startup Time": 458.001,
                  "Actual Total Time": 2242.789,
                  "Actual Rows": 4347919,
                  "Actual Loops": 7,
                  "Inner Unique": false,
                  "Hash Cond": "(ci.movie_id = t.id)",
                  "Plans": [
                    {
                      "Node Type": "Seq Scan",
                      "Parent Relationship": "Outer",
                      "Parallel Aware": true,
                      "Relation Name": "cast_info",
                      "Alias": "ci",
                      "Startup Cost": 0.0,
                      "Total Cost": 313067.02,
                      "Plan Rows": 6038002,
                      "Plan Width": 4,
                      "Actual Startup Time": 0.026,
                      "Actual Total Time": 559.586,
                      "Actual Rows": 5177763,
                      "Actual Loops": 7
                    },
                    {
                      "Node Type": "Hash",
                      "Parent Relationship": "Inner",
                      "Parallel Aware": true,
                      "Startup Cost": 92714.98,
                      "Total Cost": 92714.98,
                      "Plan Rows": 199685,
                      "Plan Width": 8,
                      "Actual Startup Time": 454.796,
                      "Actual Total Time": 454.801,
                      "Actual Rows": 88893,
                      "Actual Loops": 7,
                      "Hash Buckets": 1048576,
                      "Original Hash Buckets": 1048576,
                      "Hash Batches": 1,
                      "Original Hash Batches": 1,
                      "Peak Memory Usage": 32640,
                      "Plans": [
                        {
                          "Node Type": "Hash Join",
                          "Parent Relationship": "Outer",
                          "Parallel Aware": true,
                          "Join Type": "Inner",
                          "Startup Cost": 65131.0,
                          "Total Cost": 92714.98,
                          "Plan Rows": 199685,
                          "Plan Width": 8,
                          "Actual Startup Time": 327.625,
                          "Actual Total Time": 417.259,
                          "Actual Rows": 88893,
                          "Actual Loops": 7,
                          "Inner Unique": true,
                          "Hash Cond": "(mk.movie_id = t.id)",
                          "Plans": [
                            {
                              "Node Type": "Bitmap Heap Scan",
                              "Parent Relationship": "Outer",
                              "Parallel Aware": true,
                              "Relation Name": "movie_keyword",
                              "Alias": "mk",
                              "Startup Cost": 13608.18,
                              "Total Cost": 40648.94,
                              "Plan Rows": 206941,
                              "Plan Width": 4,
                              "Actual Startup Time": 42.686,
                              "Actual Total Time": 93.788,
                              "Actual Rows": 89530,
                              "Actual Loops": 7,
                              "Recheck Cond": "(keyword_id > 29297)",
                              "Rows Removed by Index Recheck": 0,
                              "Exact Heap Blocks": 3327,
                              "Lossy Heap Blocks": 0,
                              "Plans": [
                                {
                                  "Node Type": "Bitmap Index Scan",
                                  "Parent Relationship": "Outer",
                                  "Parallel Aware": false,
                                  "Index Name": "keyword_id_movie_keyword",
                                  "Startup Cost": 0.0,
                                  "Total Cost": 13447.8,
                                  "Plan Rows": 641516,
                                  "Plan Width": 0,
                                  "Actual Startup Time": 38.83,
                                  "Actual Total Time": 38.831,
                                  "Actual Rows": 626709,
                                  "Actual Loops": 1,
                                  "Index Cond": "(keyword_id > 29297)"
                                }
                              ]
                            },
                            {
                              "Node Type": "Hash",
                              "Parent Relationship": "Inner",
                              "Parallel Aware": true,
                              "Startup Cost": 43898.92,
                              "Total Cost": 43898.92,
                              "Plan Rows": 609912,
                              "Plan Width": 4,
                              "Actual Startup Time": 279.788,
                              "Actual Total Time": 279.789,
                              "Actual Rows": 347875,
                              "Actual Loops": 7,
                              "Hash Buckets": 4194304,
                              "Original Hash Buckets": 4194304,
                              "Hash Batches": 1,
                              "Original Hash Batches": 1,
                              "Peak Memory Usage": 128096,
                              "Plans": [
                                {
                                  "Node Type": "Seq Scan",
                                  "Parent Relationship": "Outer",
                                  "Parallel Aware": true,
                                  "Relation Name": "title",
                                  "Alias": "t",
                                  "Startup Cost": 0.0,
                                  "Total Cost": 43898.92,
                                  "Plan Rows": 609912,
                                  "Plan Width": 4,
                                  "Actual Startup Time": 0.053,
                                  "Actual Total Time": 86.548,
                                  "Actual Rows": 347875,
                                  "Actual Loops": 7,
                                  "Filter": "(production_year > 1908)",
                                  "Rows Removed by Filter": 13312
                                }
                              ]
                            }
                          ]
                        }
                      ]
                    }
                  ]
                }
              ]
            }
          ]
        }
      ]
    },
    "Planning Time": 1.353,
    "Triggers": [],
    "Execution Time": 2541.983
  }
]