[
  {
    "Plan": {
      "Node Type": "Aggregate",
      "Strategy": "Plain",
      "Partial Mode": "Finalize",
      "Parallel Aware": false,
      "Startup Cost": 340644.08,
      "Total Cost": 340644.09,
      "Plan Rows": 1,
      "Plan Width": 8,
      "Actual Startup Time": 829.156,
      "Actual Total Time": 888.581,
      "Actual Rows": 1,
      "Actual Loops": 1,
      "Plans": [
        {
          "Node Type": "Gather",
          "Parent Relationship": "Outer",
          "Parallel Aware": false,
          "Startup Cost": 340643.46,
          "Total Cost": 340644.07,
          "Plan Rows": 6,
          "Plan Width": 8,
          "Actual Startup Time": 829.024,
          "Actual Total Time": 888.563,
          "Actual Rows": 7,
          "Actual Loops": 1,
          "Workers Planned": 6,
          "Workers Launched": 6,
          "Single Copy": false,
          "Plans": [
            {
              "Node Type": "Aggregate",
              "Strategy": "Plain",
              "Partial Mode": "Partial",
              "Parent Relationship": "Outer",
              "Parallel Aware": false,
              "Startup Cost": 339643.46,
              "Total Cost": 339643.47,
              "Plan Rows": 1,
              "Plan Width": 8,
              "Actual Startup Time": 819.996,
              "Actual Total Time": 819.997,
              "Actual Rows": 1,
              "Actual Loops": 7,
              "Plans": [
                {
                  "Node Type": "Seq Scan",
                  "Parent Relationship": "Outer",
                  "Parallel Aware": true,
                  "Relation Name": "cast_info",
                  "Alias": "ci",
                  "Startup Cost": 0.0,
                  "Total Cost": 328162.03,
                  "Plan Rows": 4592572,
                  "Plan Width": 0,
                  "Actual Startup Time": 0.047,
                  "Actual Total Time": 638.692,
                  "Actual Rows": 3949303,
                  "Actual Loops": 7,
                  "Filter": "(person_id < 2828414)",
                  "Rows Removed by Filter": 1228460
                }
              ]
            }
          ]
        }
      ]
    },
    "Planning Time": 0.211,
    "Triggers": [],
    "Execution Time": 888.658
  }
]