[
  {
    "Plan": {
      "Node Type": "Aggregate",
      "Strategy": "Plain",
      "Partial Mode": "Finalize",
      "Parallel Aware": false,
      "Startup Cost": 47289.35,
      "Total Cost": 47289.36,
      "Plan Rows": 1,
      "Plan Width": 8,
      "Actual Startup Time": 119.206,
      "Actual Total Time": 131.286,
      "Actual Rows": 1,
      "Actual Loops": 1,
      "Plans": [
        {
          "Node Type": "Gather",
          "Parent Relationship": "Outer",
          "Parallel Aware": false,
          "Startup Cost": 47288.93,
          "Total Cost": 47289.34,
          "Plan Rows": 4,
          "Plan Width": 8,
          "Actual Startup Time": 119.067,
          "Actual Total Time": 131.278,
          "Actual Rows": 5,
          "Actual Loops": 1,
          "Workers Planned": 4,
          "Workers Launched": 4,
          "Single Copy": false,
          "Plans": [
            {
              "Node Type": "Aggregate",
              "Strategy": "Plain",
              "Partial Mode": "Partial",
              "Parent Relationship": "Outer",
              "Parallel Aware": false,
              "Startup Cost": 46288.93,
              "Total Cost": 46288.94,
              "Plan Rows": 1,
              "Plan Width": 8,
              "Actual Startup Time": 113.789,
              "Actual Total Time": 113.79,
              "Actual Rows": 1,
              "Actual Loops": 5,
              "Plans": [
                {
                  "Node Type": "Seq Scan",
                  "Parent Relationship": "Outer",
                  "Parallel Aware": true,
                  "Relation Name": "title",
                  "Alias": "t",
                  "Startup Cost": 0.0,
                  "Total Cost": 45479.59,
                  "Plan Rows": 323738,
                  "Plan Width": 0,
                  "Actual Startup Time": 0.031,
                  "Actual Total Time": 97.74,
                  "Actual Rows": 281548,
                  "Actual Loops": 5,
                  "Filter": "((kind_id > 2) AND (production_year > 1986))",
                  "Rows Removed by Filter": 224114
                }
              ]
            }
          ]
        }
      ]
    },
    "Planning Time": 0.091,
    "Triggers": [],
    "Execution Time": 131.318
  }
]