{
  "Plan": {
    "Node Type": "Aggregate",
    "Strategy": "Plain",
    "Partial Mode": "Finalize",
    "Parallel Aware": false,
    "Startup Cost": 158443.7,
    "Total Cost": 158443.71,
    "Plan Rows": 1,
    "Plan Width": 8,
    "Actual Startup Time": 546.538,
    "Actual Total Time": 598.159,
    "Actual Rows": 1,
    "Actual Loops": 1,
    "Plans": [
      {
        "Node Type": "Gather",
        "Parent Relationship": "Outer",
        "Parallel Aware": false,
        "Startup Cost": 158443.59,
        "Total Cost": 158443.7,
        "Plan Rows": 1,
        "Plan Width": 8,
        "Actual Startup Time": 545.534,
        "Actual Total Time": 598.15,
        "Actual Rows": 2,
        "Actual Loops": 1,
        "Workers Planned": 1,
        "Workers Launched": 1,
        "Single Copy": false,
        "Plans": [
          {
            "Node Type": "Aggregate",
            "Strategy": "Plain",
            "Partial Mode": "Partial",
            "Parent Relationship": "Outer",
            "Parallel Aware": false,
            "Startup Cost": 157443.59,
            "Total Cost": 157443.6,
            "Plan Rows": 1,
            "Plan Width": 8,
            "Actual Startup Time": 539.646,
            "Actual Total Time": 539.65,
            "Actual Rows": 1,
            "Actual Loops": 2,
            "Plans": [
              {
                "Node Type": "Nested Loop",
                "Parent Relationship": "Outer",
                "Parallel Aware": false,
                "Join Type": "Inner",
                "Startup Cost": 59851.38,
                "Total Cost": 157232.3,
                "Plan Rows": 84518,
                "Plan Width": 0,
                "Actual Startup Time": 164.782,
                "Actual Total Time": 531.22,
                "Actual Rows": 174928,
                "Actual Loops": 2,
                "Inner Unique": false,
                "Join Filter": "(t.id = mi.movie_id)",
                "Rows Removed by Join Filter": 0,
                "Plans": [
                  {
                    "Node Type": "Hash Join",
                    "Parent Relationship": "Outer",
                    "Parallel Aware": true,
                    "Join Type": "Inner",
                    "Startup Cost": 59850.94,
                    "Total Cost": 78645.06,
                    "Plan Rows": 22528,
                    "Plan Width": 8,
                    "Actual Startup Time": 164.692,
                    "Actual Total Time": 264.069,
                    "Actual Rows": 19334,
                    "Actual Loops": 2,
                    "Inner Unique": true,
                    "Hash Cond": "(mi_idx.movie_id = t.id)",
                    "Plans": [
                      {
                        "Node Type": "Seq Scan",
                        "Parent Relationship": "Outer",
                        "Parallel Aware": true,
                        "Relation Name": "movie_info_idx",
                        "Alias": "mi_idx",
                        "Startup Cost": 0.0,
                        "Total Cost": 18082.32,
                        "Plan Rows": 271164,
                        "Plan Width": 4,
                        "Actual Startup Time": 0.019,
                        "Actual Total Time": 50.46,
                        "Actual Rows": 230092,
                        "Actual Loops": 2,
                        "Filter": "(info_type_id > 100)",
                        "Rows Removed by Filter": 459925
                      },
                      {
                        "Node Type": "Hash",
                        "Parent Relationship": "Inner",
                        "Parallel Aware": true,
                        "Startup Cost": 58306.47,
                        "Total Cost": 58306.47,
                        "Plan Rows": 123558,
                        "Plan Width": 4,
                        "Actual Startup Time": 161.143,
                        "Actual Total Time": 161.143,
                        "Actual Rows": 91918,
                        "Actual Loops": 2,
                        "Hash Buckets": 262144,
                        "Original Hash Buckets": 262144,
                        "Hash Batches": 1,
                        "Original Hash Batches": 1,
                        "Peak Memory Usage": 9280,
                        "Plans": [
                          {
                            "Node Type": "Seq Scan",
                            "Parent Relationship": "Outer",
                            "Parallel Aware": true,
                            "Relation Name": "title",
                            "Alias": "t",
                            "Startup Cost": 0.0,
                            "Total Cost": 58306.47,
                            "Plan Rows": 123558,
                            "Plan Width": 4,
                            "Actual Startup Time": 0.133,
                            "Actual Total Time": 139.722,
                            "Actual Rows": 91918,
                            "Actual Loops": 2,
                            "Filter": "((kind_id < 7) AND (production_year > 2009))",
                            "Rows Removed by Filter": 1172238
                          }
                        ]
                      }
                    ]
                  },
                  {
                    "Node Type": "Index Scan",
                    "Parent Relationship": "Inner",
                    "Parallel Aware": false,
                    "Scan Direction": "Forward",
                    "Index Name": "movie_id_movie_info",
                    "Relation Name": "movie_info",
                    "Alias": "mi",
                    "Startup Cost": 0.43,
                    "Total Cost": 3.15,
                    "Plan Rows": 27,
                    "Plan Width": 4,
                    "Actual Startup Time": 0.005,
                    "Actual Total Time": 0.013,
                    "Actual Rows": 9,
                    "Actual Loops": 38667,
                    "Index Cond": "(movie_id = mi_idx.movie_id)",
                    "Rows Removed by Index Recheck": 0,
                    "Filter": "(info_type_id < 16)",
                    "Rows Removed by Filter": 7
                  }
                ]
              }
            ]
          }
        ]
      }
    ]
  },
  "Planning Time": 0.997,
  "Triggers": [],
  "Execution Time": 598.256
}