{
  "Plan": {
    "Node Type": "Aggregate",
    "Strategy": "Plain",
    "Partial Mode": "Finalize",
    "Parallel Aware": false,
    "Startup Cost": 280455.19,
    "Total Cost": 280455.2,
    "Plan Rows": 1,
    "Plan Width": 8,
    "Actual Startup Time": 1616.552,
    "Actual Total Time": 1644.739,
    "Actual Rows": 1,
    "Actual Loops": 1,
    "Plans": [
      {
        "Node Type": "Gather",
        "Parent Relationship": "Outer",
        "Parallel Aware": false,
        "Startup Cost": 280455.07,
        "Total Cost": 280455.18,
        "Plan Rows": 1,
        "Plan Width": 8,
        "Actual Startup Time": 1612.989,
        "Actual Total Time": 1644.733,
        "Actual Rows": 2,
        "Actual Loops": 1,
        "Workers Planned": 1,
        "Workers Launched": 1,
        "Single Copy": false,
        "Plans": [
          {
            "Node Type": "Aggregate",
            "Strategy": "Plain",
            "Partial Mode": "Partial",
            "Parent Relationship": "Outer",
            "Parallel Aware": false,
            "Startup Cost": 279455.07,
            "Total Cost": 279455.08,
            "Plan Rows": 1,
            "Plan Width": 8,
            "Actual Startup Time": 1600.388,
            "Actual Total Time": 1600.392,
            "Actual Rows": 1,
            "Actual Loops": 2,
            "Plans": [
              {
                "Node Type": "Nested Loop",
                "Parent Relationship": "Outer",
                "Parallel Aware": false,
                "Join Type": "Inner",
                "Startup Cost": 82778.85,
                "Total Cost": 278751.7,
                "Plan Rows": 281350,
                "Plan Width": 0,
                "Actual Startup Time": 565.094,
                "Actual Total Time": 1523.393,
                "Actual Rows": 1904120,
                "Actual Loops": 2,
                "Inner Unique": false,
                "Plans": [
                  {
                    "Node Type": "Hash Join",
                    "Parent Relationship": "Outer",
                    "Parallel Aware": true,
                    "Join Type": "Inner",
                    "Startup Cost": 82778.42,
                    "Total Cost": 111473.51,
                    "Plan Rows": 272633,
                    "Plan Width": 8,
                    "Actual Startup Time": 565.017,
                    "Actual Total Time": 696.359,
                    "Actual Rows": 231672,
                    "Actual Loops": 2,
                    "Inner Unique": true,
                    "Hash Cond": "(mk.movie_id = t.id)",
                    "Plans": [
                      {
                        "Node Type": "Bitmap Heap Scan",
                        "Parent Relationship": "Outer",
                        "Parallel Aware": true,
                        "Relation Name": "movie_keyword",
                        "Alias": "mk",
                        "Startup Cost": 10114.73,
                        "Total Cost": 38073.76,
                        "Plan Rows": 280402,
                        "Plan Width": 4,
                        "Actual Startup Time": 27.03,
                        "Actual Total Time": 89.882,
                        "Actual Rows": 232932,
                        "Actual Loops": 2,
                        "Recheck Cond": "(keyword_id > 38238)",
                        "Rows Removed by Index Recheck": 0,
                        "Exact Heap Blocks": 11950,
                        "Lossy Heap Blocks": 0,
                        "Plans": [
                          {
                            "Node Type": "Bitmap Index Scan",
                            "Parent Relationship": "Outer",
                            "Parallel Aware": false,
                            "Index Name": "keyword_id_movie_keyword",
                            "Startup Cost": 0.0,
                            "Total Cost": 9995.56,
                            "Plan Rows": 476684,
                            "Plan Width": 0,
                            "Actual Startup Time": 23.728,
                            "Actual Total Time": 23.728,
                            "Actual Rows": 465863,
                            "Actual Loops": 1,
                            "Index Cond": "(keyword_id > 38238)"
                          }
                        ]
                      },
                      {
                        "Node Type": "Hash",
                        "Parent Relationship": "Inner",
                        "Parallel Aware": true,
                        "Startup Cost": 54588.39,
                        "Total Cost": 54588.39,
                        "Plan Rows": 1446024,
                        "Plan Width": 4,
                        "Actual Startup Time": 516.359,
                        "Actual Total Time": 516.36,
                        "Actual Rows": 1228109,
                        "Actual Loops": 2,
                        "Hash Buckets": 4194304,
                        "Original Hash Buckets": 4194304,
                        "Hash Batches": 1,
                        "Original Hash Batches": 1,
                        "Peak Memory Usage": 128896,
                        "Plans": [
                          {
                            "Node Type": "Seq Scan",
                            "Parent Relationship": "Outer",
                            "Parallel Aware": true,
                            "Relation Name": "title",
                            "Alias": "t",
                            "Startup Cost": 0.0,
                            "Total Cost": 54588.39,
                            "Plan Rows": 1446024,
                            "Plan Width": 4,
                            "Actual Startup Time": 0.041,
                            "Actual Total Time": 178.572,
                            "Actual Rows": 1228109,
                            "Actual Loops": 2,
                            "Filter": "(production_year > 0)",
                            "Rows Removed by Filter": 36047
                          }
                        ]
                      }
                    ]
                  },
                  {
                    "Node Type": "Index Only Scan",
                    "Parent Relationship": "Inner",
                    "Parallel Aware": false,
                    "Scan Direction": "Forward",
                    "Index Name": "movie_id_movie_companies",
                    "Relation Name": "movie_companies",
                    "Alias": "mc",
                    "Startup Cost": 0.43,
                    "Total Cost": 0.56,
                    "Plan Rows": 5,
                    "Plan Width": 4,
                    "Actual Startup Time": 0.002,
                    "Actual Total Time": 0.003,
                    "Actual Rows": 8,
                    "Actual Loops": 463343,
                    "Index Cond": "(movie_id = t.id)",
                    "Rows Removed by Index Recheck": 0,
                    "Heap Fetches": 3808240
                  }
                ]
              }
            ]
          }
        ]
      }
    ]
  },
  "Planning Time": 0.868,
  "Triggers": [],
  "Execution Time": 1644.83
}