{
  "Plan": {
    "Node Type": "Aggregate",
    "Strategy": "Plain",
    "Partial Mode": "Finalize",
    "Parallel Aware": false,
    "Startup Cost": 631084.54,
    "Total Cost": 631084.55,
    "Plan Rows": 1,
    "Plan Width": 8,
    "Actual Startup Time": 3442.912,
    "Actual Total Time": 3460.498,
    "Actual Rows": 1,
    "Actual Loops": 1,
    "Plans": [
      {
        "Node Type": "Gather",
        "Parent Relationship": "Outer",
        "Parallel Aware": false,
        "Startup Cost": 631084.42,
        "Total Cost": 631084.53,
        "Plan Rows": 1,
        "Plan Width": 8,
        "Actual Startup Time": 3442.903,
        "Actual Total Time": 3460.492,
        "Actual Rows": 2,
        "Actual Loops": 1,
        "Workers Planned": 1,
        "Workers Launched": 1,
        "Single Copy": false,
        "Plans": [
          {
            "Node Type": "Aggregate",
            "Strategy": "Plain",
            "Partial Mode": "Partial",
            "Parent Relationship": "Outer",
            "Parallel Aware": false,
            "Startup Cost": 630084.42,
            "Total Cost": 630084.43,
            "Plan Rows": 1,
            "Plan Width": 8,
            "Actual Startup Time": 3427.717,
            "Actual Total Time": 3427.721,
            "Actual Rows": 1,
            "Actual Loops": 2,
            "Plans": [
              {
                "Node Type": "Merge Join",
                "Parent Relationship": "Outer",
                "Parallel Aware": false,
                "Join Type": "Inner",
                "Startup Cost": 609695.37,
                "Total Cost": 628525.4,
                "Plan Rows": 623611,
                "Plan Width": 0,
                "Actual Startup Time": 2272.233,
                "Actual Total Time": 3186.763,
                "Actual Rows": 6090310,
                "Actual Loops": 2,
                "Inner Unique": false,
                "Merge Cond": "(mi.movie_id = t.id)",
                "Plans": [
                  {
                    "Node Type": "Sort",
                    "Parent Relationship": "Outer",
                    "Parallel Aware": false,
                    "Startup Cost": 359796.23,
                    "Total Cost": 363202.27,
                    "Plan Rows": 1362416,
                    "Plan Width": 4,
                    "Actual Startup Time": 528.993,
                    "Actual Total Time": 594.027,
                    "Actual Rows": 1116801,
                    "Actual Loops": 2,
                    "Sort Key": [
                      "mi.movie_id"
                    ],
                    "Sort Method": "quicksort",
                    "Sort Space Used": 106629,
                    "Sort Space Type": "Memory",
                    "Workers": [
                      {
                        "Worker Number": 0,
                        "Sort Method": "quicksort",
                        "Sort Space Used": 71812,
                        "Sort Space Type": "Memory"
                      }
                    ],
                    "Plans": [
                      {
                        "Node Type": "Bitmap Heap Scan",
                        "Parent Relationship": "Outer",
                        "Parallel Aware": true,
                        "Relation Name": "movie_info",
                        "Alias": "mi",
                        "Startup Cost": 41958.26,
                        "Total Cost": 220981.46,
                        "Plan Rows": 1362416,
                        "Plan Width": 4,
                        "Actual Startup Time": 98.9,
                        "Actual Total Time": 286.086,
                        "Actual Rows": 1116925,
                        "Actual Loops": 2,
                        "Recheck Cond": "(info_type_id > 16)",
                        "Rows Removed by Index Recheck": 0,
                        "Exact Heap Blocks": 27579,
                        "Lossy Heap Blocks": 0,
                        "Plans": [
                          {
                            "Node Type": "Bitmap Index Scan",
                            "Parent Relationship": "Outer",
                            "Parallel Aware": false,
                            "Index Name": "info_type_id_movie_info",
                            "Startup Cost": 0.0,
                            "Total Cost": 41379.24,
                            "Plan Rows": 2316107,
                            "Plan Width": 0,
                            "Actual Startup Time": 96.197,
                            "Actual Total Time": 96.198,
                            "Actual Rows": 2233850,
                            "Actual Loops": 1,
                            "Index Cond": "(info_type_id > 16)"
                          }
                        ]
                      }
                    ]
                  },
                  {
                    "Node Type": "Sort",
                    "Parent Relationship": "Inner",
                    "Parallel Aware": false,
                    "Startup Cost": 249899.03,
                    "Total Cost": 252792.18,
                    "Plan Rows": 1157262,
                    "Plan Width": 8,
                    "Actual Startup Time": 1743.223,
                    "Actual Total Time": 1975.183,
                    "Actual Rows": 6931887,
                    "Actual Loops": 2,
                    "Sort Key": [
                      "t.id"
                    ],
                    "Sort Method": "quicksort",
                    "Sort Space Used": 117926,
                    "Sort Space Type": "Memory",
                    "Workers": [
                      {
                        "Worker Number": 0,
                        "Sort Method": "quicksort",
                        "Sort Space Used": 117926,
                        "Sort Space Type": "Memory"
                      }
                    ],
                    "Plans": [
                      {
                        "Node Type": "Hash Join",
                        "Parent Relationship": "Outer",
                        "Parallel Aware": false,
                        "Join Type": "Inner",
                        "Startup Cost": 81619.26,
                        "Total Cost": 133349.53,
                        "Plan Rows": 1157262,
                        "Plan Width": 8,
                        "Actual Startup Time": 529.763,
                        "Actual Total Time": 1406.023,
                        "Actual Rows": 1467163,
                        "Actual Loops": 2,
                        "Inner Unique": true,
                        "Hash Cond": "(mc.movie_id = t.id)",
                        "Plans": [
                          {
                            "Node Type": "Seq Scan",
                            "Parent Relationship": "Outer",
                            "Parallel Aware": false,
                            "Relation Name": "movie_companies",
                            "Alias": "mc",
                            "Startup Cost": 0.0,
                            "Total Cost": 44881.29,
                            "Plan Rows": 2609129,
                            "Plan Width": 4,
                            "Actual Startup Time": 0.032,
                            "Actual Total Time": 184.407,
                            "Actual Rows": 2609129,
                            "Actual Loops": 2
                          },
                          {
                            "Node Type": "Hash",
                            "Parent Relationship": "Inner",
                            "Parallel Aware": false,
                            "Startup Cost": 67601.66,
                            "Total Cost": 67601.66,
                            "Plan Rows": 1121408,
                            "Plan Width": 4,
                            "Actual Startup Time": 521.372,
                            "Actual Total Time": 521.373,
                            "Actual Rows": 1133355,
                            "Actual Loops": 2,
                            "Hash Buckets": 2097152,
                            "Original Hash Buckets": 2097152,
                            "Hash Batches": 1,
                            "Original Hash Batches": 1,
                            "Peak Memory Usage": 56229,
                            "Plans": [
                              {
                                "Node Type": "Seq Scan",
                                "Parent Relationship": "Outer",
                                "Parallel Aware": false,
                                "Relation Name": "title",
                                "Alias": "t",
                                "Startup Cost": 0.0,
                                "Total Cost": 67601.66,
                                "Plan Rows": 1121408,
                                "Plan Width": 4,
                                "Actual Startup Time": 0.025,
                                "Actual Total Time": 266.626,
                                "Actual Rows": 1133355,
                                "Actual Loops": 2,
                                "Filter": "(production_year < 2002)",
                                "Rows Removed by Filter": 1394957
                              }
                            ]
                          }
                        ]
                      }
                    ]
                  }
                ]
              }
            ]
          }
        ]
      }
    ]
  },
  "Planning Time": 1.021,
  "Triggers": [],
  "Execution Time": 3475.436
}