[
  {
    "Plan": {
      "Node Type": "Aggregate",
      "Strategy": "Plain",
      "Partial Mode": "Finalize",
      "Parallel Aware": false,
      "Startup Cost": 32316.56,
      "Total Cost": 32316.57,
      "Plan Rows": 1,
      "Plan Width": 8,
      "Actual Startup Time": 137.226,
      "Actual Total Time": 144.528,
      "Actual Rows": 1,
      "Actual Loops": 1,
      "Plans": [
        {
          "Node Type": "Gather",
          "Parent Relationship": "Outer",
          "Parallel Aware": false,
          "Startup Cost": 32316.24,
          "Total Cost": 32316.55,
          "Plan Rows": 3,
          "Plan Width": 8,
          "Actual Startup Time": 137.12,
          "Actual Total Time": 144.52,
          "Actual Rows": 4,
          "Actual Loops": 1,
          "Workers Planned": 3,
          "Workers Launched": 3,
          "Single Copy": false,
          "Plans": [
            {
              "Node Type": "Aggregate",
              "Strategy": "Plain",
              "Partial Mode": "Partial",
              "Parent Relationship": "Outer",
              "Parallel Aware": false,
              "Startup Cost": 31316.24,
              "Total Cost": 31316.25,
              "Plan Rows": 1,
              "Plan Width": 8,
              "Actual Startup Time": 118.714,
              "Actual Total Time": 118.715,
              "Actual Rows": 1,
              "Actual Loops": 4,
              "Plans": [
                {
                  "Node Type": "Seq Scan",
                  "Parent Relationship": "Outer",
                  "Parallel Aware": true,
                  "Relation Name": "movie_companies",
                  "Alias": "mc",
                  "Startup Cost": 0.0,
                  "Total Cost": 29310.68,
                  "Plan Rows": 802225,
                  "Plan Width": 0,
                  "Actual Startup Time": 0.055,
                  "Actual Total Time": 88.025,
                  "Actual Rows": 622896,
                  "Actual Loops": 4,
                  "Filter": "(company_id < 147700)",
                  "Rows Removed by Filter": 29386
                }
              ]
            }
          ]
        }
      ]
    },
    "Planning Time": 0.122,
    "Triggers": [],
    "Execution Time": 144.567
  }
]