[
  {
    "Plan": {
      "Node Type": "Aggregate",
      "Strategy": "Plain",
      "Partial Mode": "Finalize",
      "Parallel Aware": false,
      "Startup Cost": 36522.57,
      "Total Cost": 36522.58,
      "Plan Rows": 1,
      "Plan Width": 8,
      "Actual Startup Time": 121.396,
      "Actual Total Time": 129.56,
      "Actual Rows": 1,
      "Actual Loops": 1,
      "Plans": [
        {
          "Node Type": "Gather",
          "Parent Relationship": "Outer",
          "Parallel Aware": false,
          "Startup Cost": 36522.26,
          "Total Cost": 36522.57,
          "Plan Rows": 3,
          "Plan Width": 8,
          "Actual Startup Time": 121.082,
          "Actual Total Time": 129.55,
          "Actual Rows": 4,
          "Actual Loops": 1,
          "Workers Planned": 3,
          "Workers Launched": 3,
          "Single Copy": false,
          "Plans": [
            {
              "Node Type": "Aggregate",
              "Strategy": "Plain",
              "Partial Mode": "Partial",
              "Parent Relationship": "Outer",
              "Parallel Aware": false,
              "Startup Cost": 35522.26,
              "Total Cost": 35522.27,
              "Plan Rows": 1,
              "Plan Width": 8,
              "Actual Startup Time": 112.047,
              "Actual Total Time": 112.049,
              "Actual Rows": 1,
              "Actual Loops": 4,
              "Plans": [
                {
                  "Node Type": "Bitmap Heap Scan",
                  "Parent Relationship": "Outer",
                  "Parallel Aware": true,
                  "Relation Name": "movie_keyword",
                  "Alias": "mk",
                  "Startup Cost": 9012.72,
                  "Total Cost": 35179.67,
                  "Plan Rows": 137036,
                  "Plan Width": 0,
                  "Actual Startup Time": 39.938,
                  "Actual Total Time": 106.131,
                  "Actual Rows": 102761,
                  "Actual Loops": 4,
                  "Recheck Cond": "(keyword_id > 42060)",
                  "Rows Removed by Index Recheck": 0,
                  "Exact Heap Blocks": 10209,
                  "Lossy Heap Blocks": 0,
                  "Plans": [
                    {
                      "Node Type": "Bitmap Index Scan",
                      "Parent Relationship": "Outer",
                      "Parallel Aware": false,
                      "Index Name": "keyword_id_movie_keyword",
                      "Startup Cost": 0.0,
                      "Total Cost": 8906.52,
                      "Plan Rows": 424811,
                      "Plan Width": 0,
                      "Actual Startup Time": 44.44,
                      "Actual Total Time": 44.44,
                      "Actual Rows": 411045,
                      "Actual Loops": 1,
                      "Index Cond": "(keyword_id > 42060)"
                    }
                  ]
                }
              ]
            }
          ]
        }
      ]
    },
    "Planning Time": 0.16,
    "Triggers": [],
    "Execution Time": 129.631
  }
]