[
  {
    "Plan": {
      "Node Type": "Aggregate",
      "Strategy": "Plain",
      "Partial Mode": "Finalize",
      "Parallel Aware": false,
      "Startup Cost": 93951.19,
      "Total Cost": 93951.2,
      "Plan Rows": 1,
      "Plan Width": 8,
      "Actual Startup Time": 383.595,
      "Actual Total Time": 398.801,
      "Actual Rows": 1,
      "Actual Loops": 1,
      "Plans": [
        {
          "Node Type": "Gather",
          "Parent Relationship": "Outer",
          "Parallel Aware": false,
          "Startup Cost": 93950.87,
          "Total Cost": 93951.18,
          "Plan Rows": 3,
          "Plan Width": 8,
          "Actual Startup Time": 381.689,
          "Actual Total Time": 398.792,
          "Actual Rows": 4,
          "Actual Loops": 1,
          "Workers Planned": 3,
          "Workers Launched": 3,
          "Single Copy": false,
          "Plans": [
            {
              "Node Type": "Aggregate",
              "Strategy": "Plain",
              "Partial Mode": "Partial",
              "Parent Relationship": "Outer",
              "Parallel Aware": false,
              "Startup Cost": 92950.87,
              "Total Cost": 92950.88,
              "Plan Rows": 1,
              "Plan Width": 8,
              "Actual Startup Time": 374.902,
              "Actual Total Time": 374.905,
              "Actual Rows": 1,
              "Actual Loops": 4,
              "Plans": [
                {
                  "Node Type": "Hash Join",
                  "Parent Relationship": "Outer",
                  "Parallel Aware": true,
                  "Join Type": "Inner",
                  "Startup Cost": 47274.82,
                  "Total Cost": 92420.68,
                  "Plan Rows": 212078,
                  "Plan Width": 0,
                  "Actual Startup Time": 156.721,
                  "Actual Total Time": 356.454,
                  "Actual Rows": 459091,
                  "Actual Loops": 4,
                  "Inner Unique": true,
                  "Hash Cond": "(mk.movie_id = t.id)",
                  "Plans": [
                    {
                      "Node Type": "Seq Scan",
                      "Parent Relationship": "Outer",
                      "Parallel Aware": true,
                      "Relation Name": "movie_keyword",
                      "Alias": "mk",
                      "Startup Cost": 0.0,
                      "Total Cost": 42695.65,
                      "Plan Rows": 933409,
                      "Plan Width": 4,
                      "Actual Startup Time": 0.026,
                      "Actual Total Time": 101.731,
                      "Actual Rows": 726200,
                      "Actual Loops": 4,
                      "Filter": "(keyword_id < 9304)",
                      "Rows Removed by Filter": 404782
                    },
                    {
                      "Node Type": "Hash",
                      "Parent Relationship": "Inner",
                      "Parallel Aware": true,
                      "Startup Cost": 45479.59,
                      "Total Cost": 45479.59,
                      "Plan Rows": 143619,
                      "Plan Width": 4,
                      "Actual Startup Time": 153.746,
                      "Actual Total Time": 153.747,
                      "Actual Rows": 149290,
                      "Actual Loops": 4,
                      "Hash Buckets": 1048576,
                      "Original Hash Buckets": 1048576,
                      "Hash Batches": 1,
                      "Original Hash Batches": 1,
                      "Peak Memory Usage": 31616,
                      "Plans": [
                        {
                          "Node Type": "Seq Scan",
                          "Parent Relationship": "Outer",
                          "Parallel Aware": true,
                          "Relation Name": "title",
                          "Alias": "t",
                          "Startup Cost": 0.0,
                          "Total Cost": 45479.59,
                          "Plan Rows": 143619,
                          "Plan Width": 4,
                          "Actual Startup Time": 0.051,
                          "Actual Total Time": 100.673,
                          "Actual Rows": 149290,
                          "Actual Loops": 4,
                          "Filter": "((kind_id < 3) AND (production_year < 2010))",
                          "Rows Removed by Filter": 482788
                        }
                      ]
                    }
                  ]
                }
              ]
            }
          ]
        }
      ]
    },
    "Planning Time": 0.258,
    "Triggers": [],
    "Execution Time": 398.839
  }
]