[
  {
    "Plan": {
      "Node Type": "Aggregate",
      "Strategy": "Plain",
      "Partial Mode": "Finalize",
      "Parallel Aware": false,
      "Startup Cost": 93960.72,
      "Total Cost": 93960.73,
      "Plan Rows": 1,
      "Plan Width": 8,
      "Actual Startup Time": 397.159,
      "Actual Total Time": 412.495,
      "Actual Rows": 1,
      "Actual Loops": 1,
      "Plans": [
        {
          "Node Type": "Gather",
          "Parent Relationship": "Outer",
          "Parallel Aware": false,
          "Startup Cost": 93960.4,
          "Total Cost": 93960.71,
          "Plan Rows": 3,
          "Plan Width": 8,
          "Actual Startup Time": 395.078,
          "Actual Total Time": 412.486,
          "Actual Rows": 4,
          "Actual Loops": 1,
          "Workers Planned": 3,
          "Workers Launched": 3,
          "Single Copy": false,
          "Plans": [
            {
              "Node Type": "Aggregate",
              "Strategy": "Plain",
              "Partial Mode": "Partial",
              "Parent Relationship": "Outer",
              "Parallel Aware": false,
              "Startup Cost": 92960.4,
              "Total Cost": 92960.41,
              "Plan Rows": 1,
              "Plan Width": 8,
              "Actual Startup Time": 386.981,
              "Actual Total Time": 386.985,
              "Actual Rows": 1,
              "Actual Loops": 4,
              "Plans": [
                {
                  "Node Type": "Hash Join",
                  "Parent Relationship": "Outer",
                  "Parallel Aware": true,
                  "Join Type": "Inner",
                  "Startup Cost": 47269.06,
                  "Total Cost": 92428.75,
                  "Plan Rows": 212660,
                  "Plan Width": 0,
                  "Actual Startup Time": 156.16,
                  "Actual Total Time": 366.624,
                  "Actual Rows": 459091,
                  "Actual Loops": 4,
                  "Inner Unique": true,
                  "Hash Cond": "(mk.movie_id = t.id)",
                  "Plans": [
                    {
                      "Node Type": "Seq Scan",
                      "Parent Relationship": "Outer",
                      "Parallel Aware": true,
                      "Relation Name": "movie_keyword",
                      "Alias": "mk",
                      "Startup Cost": 0.0,
                      "Total Cost": 42695.65,
                      "Plan Rows": 938682,
                      "Plan Width": 4,
                      "Actual Startup Time": 0.025,
                      "Actual Total Time": 109.518,
                      "Actual Rows": 726200,
                      "Actual Loops": 4,
                      "Filter": "(keyword_id < 9304)",
                      "Rows Removed by Filter": 404782
                    },
                    {
                      "Node Type": "Hash",
                      "Parent Relationship": "Inner",
                      "Parallel Aware": true,
                      "Startup Cost": 45479.1,
                      "Total Cost": 45479.1,
                      "Plan Rows": 143197,
                      "Plan Width": 4,
                      "Actual Startup Time": 151.221,
                      "Actual Total Time": 151.224,
                      "Actual Rows": 149290,
                      "Actual Loops": 4,
                      "Hash Buckets": 1048576,
                      "Original Hash Buckets": 1048576,
                      "Hash Batches": 1,
                      "Original Hash Batches": 1,
                      "Peak Memory Usage": 31648,
                      "Plans": [
                        {
                          "Node Type": "Seq Scan",
                          "Parent Relationship": "Outer",
                          "Parallel Aware": true,
                          "Relation Name": "title",
                          "Alias": "t",
                          "Startup Cost": 0.0,
                          "Total Cost": 45479.1,
                          "Plan Rows": 143197,
                          "Plan Width": 4,
                          "Actual Startup Time": 0.036,
                          "Actual Total Time": 100.975,
                          "Actual Rows": 149290,
                          "Actual Loops": 4,
                          "Filter": "((kind_id < 3) AND (production_year < 2010))",
                          "Rows Removed by Filter": 482788
                        }
                      ]
                    }
                  ]
                }
              ]
            }
          ]
        }
      ]
    },
    "Planning Time": 0.629,
    "Triggers": [],
    "Execution Time": 412.562
  }
]