[
  {
    "Plan": {
      "Node Type": "Aggregate",
      "Strategy": "Plain",
      "Partial Mode": "Finalize",
      "Parallel Aware": false,
      "Startup Cost": 207088.11,
      "Total Cost": 207088.12,
      "Plan Rows": 1,
      "Plan Width": 8,
      "Actual Startup Time": 510.72,
      "Actual Total Time": 554.383,
      "Actual Rows": 1,
      "Actual Loops": 1,
      "Plans": [
        {
          "Node Type": "Gather",
          "Parent Relationship": "Outer",
          "Parallel Aware": false,
          "Startup Cost": 207087.58,
          "Total Cost": 207088.1,
          "Plan Rows": 5,
          "Plan Width": 8,
          "Actual Startup Time": 510.533,
          "Actual Total Time": 554.37,
          "Actual Rows": 6,
          "Actual Loops": 1,
          "Workers Planned": 5,
          "Workers Launched": 5,
          "Single Copy": false,
          "Plans": [
            {
              "Node Type": "Aggregate",
              "Strategy": "Plain",
              "Partial Mode": "Partial",
              "Parent Relationship": "Outer",
              "Parallel Aware": false,
              "Startup Cost": 206087.58,
              "Total Cost": 206087.6,
              "Plan Rows": 1,
              "Plan Width": 8,
              "Actual Startup Time": 503.789,
              "Actual Total Time": 503.79,
              "Actual Rows": 1,
              "Actual Loops": 6,
              "Plans": [
                {
                  "Node Type": "Seq Scan",
                  "Parent Relationship": "Outer",
                  "Parallel Aware": true,
                  "Relation Name": "movie_info",
                  "Alias": "mi",
                  "Startup Cost": 0.0,
                  "Total Cost": 199108.24,
                  "Plan Rows": 2791737,
                  "Plan Width": 0,
                  "Actual Startup Time": 0.043,
                  "Actual Total Time": 393.987,
                  "Actual Rows": 2327249,
                  "Actual Loops": 6,
                  "Filter": "(info_type_id < 98)",
                  "Rows Removed by Filter": 145371
                }
              ]
            }
          ]
        }
      ]
    },
    "Planning Time": 0.236,
    "Triggers": [],
    "Execution Time": 554.445
  }
]