[
  {
    "Plan": {
      "Node Type": "Aggregate",
      "Strategy": "Plain",
      "Partial Mode": "Finalize",
      "Parallel Aware": false,
      "Startup Cost": 31595.93,
      "Total Cost": 31595.94,
      "Plan Rows": 1,
      "Plan Width": 8,
      "Actual Startup Time": 103.206,
      "Actual Total Time": 111.529,
      "Actual Rows": 1,
      "Actual Loops": 1,
      "Plans": [
        {
          "Node Type": "Gather",
          "Parent Relationship": "Outer",
          "Parallel Aware": false,
          "Startup Cost": 31595.61,
          "Total Cost": 31595.92,
          "Plan Rows": 3,
          "Plan Width": 8,
          "Actual Startup Time": 103.078,
          "Actual Total Time": 111.522,
          "Actual Rows": 4,
          "Actual Loops": 1,
          "Workers Planned": 3,
          "Workers Launched": 3,
          "Single Copy": false,
          "Plans": [
            {
              "Node Type": "Aggregate",
              "Strategy": "Plain",
              "Partial Mode": "Partial",
              "Parent Relationship": "Outer",
              "Parallel Aware": false,
              "Startup Cost": 30595.61,
              "Total Cost": 30595.62,
              "Plan Rows": 1,
              "Plan Width": 8,
              "Actual Startup Time": 97.587,
              "Actual Total Time": 97.589,
              "Actual Rows": 1,
              "Actual Loops": 4,
              "Plans": [
                {
                  "Node Type": "Seq Scan",
                  "Parent Relationship": "Outer",
                  "Parallel Aware": true,
                  "Relation Name": "movie_companies",
                  "Alias": "mc",
                  "Startup Cost": 0.0,
                  "Total Cost": 29310.68,
                  "Plan Rows": 513973,
                  "Plan Width": 0,
                  "Actual Startup Time": 0.022,
                  "Actual Total Time": 77.397,
                  "Actual Rows": 399373,
                  "Actual Loops": 4,
                  "Filter": "(company_id < 16339)",
                  "Rows Removed by Filter": 252909
                }
              ]
            }
          ]
        }
      ]
    },
    "Planning Time": 0.131,
    "Triggers": [],
    "Execution Time": 111.567
  }
]