[
  {
    "Plan": {
      "Node Type": "Aggregate",
      "Strategy": "Plain",
      "Partial Mode": "Finalize",
      "Parallel Aware": false,
      "Startup Cost": 66807.87,
      "Total Cost": 66807.88,
      "Plan Rows": 1,
      "Plan Width": 32,
      "Actual Startup Time": 183.425,
      "Actual Total Time": 200.938,
      "Actual Rows": 1,
      "Actual Loops": 1,
      "Plans": [
        {
          "Node Type": "Gather",
          "Parent Relationship": "Outer",
          "Parallel Aware": false,
          "Startup Cost": 66807.55,
          "Total Cost": 66807.86,
          "Plan Rows": 3,
          "Plan Width": 32,
          "Actual Startup Time": 183.29,
          "Actual Total Time": 200.929,
          "Actual Rows": 4,
          "Actual Loops": 1,
          "Workers Planned": 3,
          "Workers Launched": 3,
          "Single Copy": false,
          "Plans": [
            {
              "Node Type": "Aggregate",
              "Strategy": "Plain",
              "Partial Mode": "Partial",
              "Parent Relationship": "Outer",
              "Parallel Aware": false,
              "Startup Cost": 65807.55,
              "Total Cost": 65807.56,
              "Plan Rows": 1,
              "Plan Width": 32,
              "Actual Startup Time": 174.6,
              "Actual Total Time": 174.606,
              "Actual Rows": 1,
              "Actual Loops": 4,
              "Plans": [
                {
                  "Node Type": "Hash Join",
                  "Parent Relationship": "Outer",
                  "Parallel Aware": false,
                  "Join Type": "Inner",
                  "Startup Cost": 5.47,
                  "Total Cost": 65775.23,
                  "Plan Rows": 12931,
                  "Plan Width": 17,
                  "Actual Startup Time": 120.826,
                  "Actual Total Time": 174.546,
                  "Actual Rows": 129,
                  "Actual Loops": 4,
                  "Inner Unique": true,
                  "Hash Cond": "(mi.info_type_id = it.id)",
                  "Plans": [
                    {
                      "Node Type": "Nested Loop",
                      "Parent Relationship": "Outer",
                      "Parallel Aware": false,
                      "Join Type": "Inner",
                      "Startup Cost": 1.93,
                      "Total Cost": 65736.47,
                      "Plan Rows": 12931,
                      "Plan Width": 21,
                      "Actual Startup Time": 120.686,
                      "Actual Total Time": 174.309,
                      "Actual Rows": 129,
                      "Actual Loops": 4,
                      "Inner Unique": false,
                      "Plans": [
                        {
                          "Node Type": "Nested Loop",
                          "Parent Relationship": "Outer",
                          "Parallel Aware": false,
                          "Join Type": "Inner",
                          "Startup Cost": 1.49,
                          "Total Cost": 52899.32,
                          "Plan Rows": 4566,
                          "Plan Width": 25,
                          "Actual Startup Time": 120.478,
                          "Actual Total Time": 164.711,
                          "Actual Rows": 76,
                          "Actual Loops": 4,
                          "Inner Unique": true,
                          "Plans": [
                            {
                              "Node Type": "Hash Join",
                              "Parent Relationship": "Outer",
                              "Parallel Aware": false,
                              "Join Type": "Inner",
                              "Startup Cost": 1.06,
                              "Total Cost": 31735.32,
                              "Plan Rows": 14772,
                              "Plan Width": 4,
                              "Actual Startup Time": 115.802,
                              "Actual Total Time": 159.831,
                              "Actual Rows": 200,
                              "Actual Loops": 4,
                              "Inner Unique": true,
                              "Hash Cond": "(mc.company_type_id = ct.id)",
                              "Plans": [
                                {
                                  "Node Type": "Seq Scan",
                                  "Parent Relationship": "Outer",
                                  "Parallel Aware": true,
                                  "Relation Name": "movie_companies",
                                  "Alias": "mc",
                                  "Startup Cost": 0.0,
                                  "Total Cost": 31414.82,
                                  "Plan Rows": 59087,
                                  "Plan Width": 8,
                                  "Actual Startup Time": 0.065,
                                  "Actual Total Time": 151.556,
                                  "Actual Rows": 73907,
                                  "Actual Loops": 4,
                                  "Filter": "((note !~~ '%(TV)%'::text) AND (note ~~ '%(USA)%'::text))",
                                  "Rows Removed by Filter": 578375
                                },
                                {
                                  "Node Type": "Hash",
                                  "Parent Relationship": "Inner",
                                  "Parallel Aware": false,
                                  "Startup Cost": 1.05,
                                  "Total Cost": 1.05,
                                  "Plan Rows": 1,
                                  "Plan Width": 4,
                                  "Actual Startup Time": 0.068,
                                  "Actual Total Time": 0.069,
                                  "Actual Rows": 1,
                                  "Actual Loops": 4,
                                  "Hash Buckets": 1024,
                                  "Original Hash Buckets": 1024,
                                  "Hash Batches": 1,
                                  "Original Hash Batches": 1,
                                  "Peak Memory Usage": 9,
                                  "Plans": [
                                    {
                                      "Node Type": "Seq Scan",
                                      "Parent Relationship": "Outer",
                                      "Parallel Aware": false,
                                      "Relation Name": "company_type",
                                      "Alias": "ct",
                                      "Startup Cost": 0.0,
                                      "Total Cost": 1.05,
                                      "Plan Rows": 1,
                                      "Plan Width": 4,
                                      "Actual Startup Time": 0.047,
                                      "Actual Total Time": 0.051,
                                      "Actual Rows": 1,
                                      "Actual Loops": 4,
                                      "Filter": "((kind)::text = 'production companies'::text)",
                                      "Rows Removed by Filter": 3
                                    }
                                  ]
                                }
                              ]
                            },
                            {
                              "Node Type": "Index Scan",
                              "Parent Relationship": "Inner",
                              "Parallel Aware": false,
                              "Scan Direction": "Forward",
                              "Index Name": "title_pkey",
                              "Relation Name": "title",
                              "Alias": "t",
                              "Startup Cost": 0.43,
                              "Total Cost": 1.43,
                              "Plan Rows": 1,
                              "Plan Width": 21,
                              "Actual Startup Time": 0.023,
                              "Actual Total Time": 0.023,
                              "Actual Rows": 0,
                              "Actual Loops": 798,
                              "Index Cond": "(id = mc.movie_id)",
                              "Rows Removed by Index Recheck": 0,
                              "Filter": "(production_year > 2007)",
                              "Rows Removed by Filter": 1
                            }
                          ]
                        },
                        {
                          "Node Type": "Index Scan",
                          "Parent Relationship": "Inner",
                          "Parallel Aware": false,
                          "Scan Direction": "Forward",
                          "Index Name": "movie_id_movie_info",
                          "Relation Name": "movie_info",
                          "Alias": "mi",
                          "Startup Cost": 0.43,
                          "Total Cost": 2.77,
                          "Plan Rows": 4,
                          "Plan Width": 8,
                          "Actual Startup Time": 0.045,
                          "Actual Total Time": 0.124,
                          "Actual Rows": 2,
                          "Actual Loops": 306,
                          "Index Cond": "(movie_id = t.id)",
                          "Rows Removed by Index Recheck": 0,
                          "Filter": "(info = ANY ('{English,Sweden,American,Swedish,Bulgaria,Norwegian,Norway,USA,German,Danish}'::text[]))",
                          "Rows Removed by Filter": 9
                        }
                      ]
                    },
                    {
                      "Node Type": "Hash",
                      "Parent Relationship": "Inner",
                      "Parallel Aware": false,
                      "Startup Cost": 2.13,
                      "Total Cost": 2.13,
                      "Plan Rows": 113,
                      "Plan Width": 4,
                      "Actual Startup Time": 0.096,
                      "Actual Total Time": 0.097,
                      "Actual Rows": 113,
                      "Actual Loops": 4,
                      "Hash Buckets": 1024,
                      "Original Hash Buckets": 1024,
                      "Hash Batches": 1,
                      "Original Hash Batches": 1,
                      "Peak Memory Usage": 12,
                      "Plans": [
                        {
                          "Node Type": "Seq Scan",
                          "Parent Relationship": "Outer",
                          "Parallel Aware": false,
                          "Relation Name": "info_type",
                          "Alias": "it",
                          "Startup Cost": 0.0,
                          "Total Cost": 2.13,
                          "Plan Rows": 113,
                          "Plan Width": 4,
                          "Actual Startup Time": 0.038,
                          "Actual Total Time": 0.055,
                          "Actual Rows": 113,
                          "Actual Loops": 4
                        }
                      ]
                    }
                  ]
                }
              ]
            }
          ]
        }
      ]
    },
    "Planning Time": 4.986,
    "Triggers": [],
    "Execution Time": 201.234
  }
]