[
  {
    "Plan": {
      "Node Type": "Aggregate",
      "Strategy": "Plain",
      "Partial Mode": "Finalize",
      "Parallel Aware": false,
      "Startup Cost": 340687.11,
      "Total Cost": 340687.12,
      "Plan Rows": 1,
      "Plan Width": 8,
      "Actual Startup Time": 871.595,
      "Actual Total Time": 914.803,
      "Actual Rows": 1,
      "Actual Loops": 1,
      "Plans": [
        {
          "Node Type": "Gather",
          "Parent Relationship": "Outer",
          "Parallel Aware": false,
          "Startup Cost": 340686.48,
          "Total Cost": 340687.09,
          "Plan Rows": 6,
          "Plan Width": 8,
          "Actual Startup Time": 871.421,
          "Actual Total Time": 914.792,
          "Actual Rows": 7,
          "Actual Loops": 1,
          "Workers Planned": 6,
          "Workers Launched": 6,
          "Single Copy": false,
          "Plans": [
            {
              "Node Type": "Aggregate",
              "Strategy": "Plain",
              "Partial Mode": "Partial",
              "Parent Relationship": "Outer",
              "Parallel Aware": false,
              "Startup Cost": 339686.48,
              "Total Cost": 339686.49,
              "Plan Rows": 1,
              "Plan Width": 8,
              "Actual Startup Time": 863.991,
              "Actual Total Time": 863.992,
              "Actual Rows": 1,
              "Actual Loops": 7,
              "Plans": [
                {
                  "Node Type": "Seq Scan",
                  "Parent Relationship": "Outer",
                  "Parallel Aware": true,
                  "Relation Name": "cast_info",
                  "Alias": "ci",
                  "Startup Cost": 0.0,
                  "Total Cost": 328211.39,
                  "Plan Rows": 4590036,
                  "Plan Width": 0,
                  "Actual Startup Time": 111.918,
                  "Actual Total Time": 665.811,
                  "Actual Rows": 3925418,
                  "Actual Loops": 7,
                  "Filter": "(person_id > 863366)",
                  "Rows Removed by Filter": 1252346
                }
              ]
            }
          ]
        }
      ]
    },
    "Planning Time": 0.108,
    "Triggers": [],
    "Execution Time": 914.847
  }
]