[
  {
    "Plan": {
      "Node Type": "Aggregate",
      "Strategy": "Plain",
      "Partial Mode": "Finalize",
      "Parallel Aware": false,
      "Startup Cost": 99774.59,
      "Total Cost": 99774.6,
      "Plan Rows": 1,
      "Plan Width": 8,
      "Actual Startup Time": 348.428,
      "Actual Total Time": 368.63,
      "Actual Rows": 1,
      "Actual Loops": 1,
      "Plans": [
        {
          "Node Type": "Gather",
          "Parent Relationship": "Outer",
          "Parallel Aware": false,
          "Startup Cost": 99774.27,
          "Total Cost": 99774.58,
          "Plan Rows": 3,
          "Plan Width": 8,
          "Actual Startup Time": 346.304,
          "Actual Total Time": 368.62,
          "Actual Rows": 4,
          "Actual Loops": 1,
          "Workers Planned": 3,
          "Workers Launched": 3,
          "Single Copy": false,
          "Plans": [
            {
              "Node Type": "Aggregate",
              "Strategy": "Plain",
              "Partial Mode": "Partial",
              "Parent Relationship": "Outer",
              "Parallel Aware": false,
              "Startup Cost": 98774.27,
              "Total Cost": 98774.28,
              "Plan Rows": 1,
              "Plan Width": 8,
              "Actual Startup Time": 342.091,
              "Actual Total Time": 342.297,
              "Actual Rows": 1,
              "Actual Loops": 4,
              "Plans": [
                {
                  "Node Type": "Hash Join",
                  "Parent Relationship": "Outer",
                  "Parallel Aware": true,
                  "Join Type": "Inner",
                  "Startup Cost": 72474.15,
                  "Total Cost": 98748.19,
                  "Plan Rows": 10433,
                  "Plan Width": 0,
                  "Actual Startup Time": 277.714,
                  "Actual Total Time": 341.897,
                  "Actual Rows": 5268,
                  "Actual Loops": 4,
                  "Inner Unique": false,
                  "Hash Cond": "(mk.movie_id = t.id)",
                  "Plans": [
                    {
                      "Node Type": "Bitmap Heap Scan",
                      "Parent Relationship": "Outer",
                      "Parallel Aware": true,
                      "Relation Name": "movie_keyword",
                      "Alias": "mk",
                      "Startup Cost": 7260.73,
                      "Total Cost": 33094.7,
                      "Plan Rows": 110397,
                      "Plan Width": 4,
                      "Actual Startup Time": 25.736,
                      "Actual Total Time": 73.293,
                      "Actual Rows": 85994,
                      "Actual Loops": 4,
                      "Recheck Cond": "(keyword_id < 286)",
                      "Rows Removed by Index Recheck": 0,
                      "Exact Heap Blocks": 8033,
                      "Lossy Heap Blocks": 0,
                      "Plans": [
                        {
                          "Node Type": "Bitmap Index Scan",
                          "Parent Relationship": "Outer",
                          "Parallel Aware": false,
                          "Index Name": "keyword_id_movie_keyword",
                          "Startup Cost": 0.0,
                          "Total Cost": 7175.17,
                          "Plan Rows": 342232,
                          "Plan Width": 0,
                          "Actual Startup Time": 22.128,
                          "Actual Total Time": 22.135,
                          "Actual Rows": 343974,
                          "Actual Loops": 1,
                          "Index Cond": "(keyword_id < 286)"
                        }
                      ]
                    },
                    {
                      "Node Type": "Hash",
                      "Parent Relationship": "Inner",
                      "Parallel Aware": true,
                      "Startup Cost": 64466.75,
                      "Total Cost": 64466.75,
                      "Plan Rows": 59734,
                      "Plan Width": 8,
                      "Actual Startup Time": 250.899,
                      "Actual Total Time": 251.1,
                      "Actual Rows": 33313,
                      "Actual Loops": 4,
                      "Hash Buckets": 262144,
                      "Original Hash Buckets": 262144,
                      "Hash Batches": 1,
                      "Original Hash Batches": 1,
                      "Peak Memory Usage": 7360,
                      "Plans": [
                        {
                          "Node Type": "Hash Join",
                          "Parent Relationship": "Outer",
                          "Parallel Aware": true,
                          "Join Type": "Inner",
                          "Startup Cost": 17494.62,
                          "Total Cost": 64466.75,
                          "Plan Rows": 59734,
                          "Plan Width": 8,
                          "Actual Startup Time": 71.215,
                          "Actual Total Time": 240.281,
                          "Actual Rows": 33313,
                          "Actual Loops": 4,
                          "Inner Unique": false,
                          "Hash Cond": "(t.id = mi_idx.movie_id)",
                          "Plans": [
                            {
                              "Node Type": "Seq Scan",
                              "Parent Relationship": "Outer",
                              "Parallel Aware": true,
                              "Relation Name": "title",
                              "Alias": "t",
                              "Startup Cost": 0.0,
                              "Total Cost": 45479.59,
                              "Plan Rows": 331640,
                              "Plan Width": 4,
                              "Actual Startup Time": 0.012,
                              "Actual Total Time": 90.861,
                              "Actual Rows": 349837,
                              "Actual Loops": 4,
                              "Filter": "((production_year > 1964) AND (kind_id = 7))",
                              "Rows Removed by Filter": 282241
                            },
                            {
                              "Node Type": "Hash",
                              "Parent Relationship": "Inner",
                              "Parallel Aware": true,
                              "Startup Cost": 15122.68,
                              "Total Cost": 15122.68,
                              "Plan Rows": 189755,
                              "Plan Width": 4,
                              "Actual Startup Time": 70.364,
                              "Actual Total Time": 70.366,
                              "Actual Rows": 114981,
                              "Actual Loops": 4,
                              "Hash Buckets": 524288,
                              "Original Hash Buckets": 524288,
                              "Hash Batches": 1,
                              "Original Hash Batches": 1,
                              "Peak Memory Usage": 22144,
                              "Plans": [
                                {
                                  "Node Type": "Seq Scan",
                                  "Parent Relationship": "Outer",
                                  "Parallel Aware": true,
                                  "Relation Name": "movie_info_idx",
                                  "Alias": "mi_idx",
                                  "Startup Cost": 0.0,
                                  "Total Cost": 15122.68,
                                  "Plan Rows": 189755,
                                  "Plan Width": 4,
                                  "Actual Startup Time": 0.028,
                                  "Actual Total Time": 36.983,
                                  "Actual Rows": 114981,
                                  "Actual Loops": 4,
                                  "Filter": "(info_type_id = 99)",
                                  "Rows Removed by Filter": 230028
                                }
                              ]
                            }
                          ]
                        }
                      ]
                    }
                  ]
                }
              ]
            }
          ]
        }
      ]
    },
    "Planning Time": 0.42,
    "Triggers": [],
    "Execution Time": 368.688
  }
]