[
  {
    "Plan": {
      "Node Type": "Aggregate",
      "Strategy": "Plain",
      "Partial Mode": "Finalize",
      "Parallel Aware": false,
      "Startup Cost": 31898.45,
      "Total Cost": 31898.46,
      "Plan Rows": 1,
      "Plan Width": 8,
      "Actual Startup Time": 101.863,
      "Actual Total Time": 109.359,
      "Actual Rows": 1,
      "Actual Loops": 1,
      "Plans": [
        {
          "Node Type": "Gather",
          "Parent Relationship": "Outer",
          "Parallel Aware": false,
          "Startup Cost": 31898.14,
          "Total Cost": 31898.45,
          "Plan Rows": 3,
          "Plan Width": 8,
          "Actual Startup Time": 101.778,
          "Actual Total Time": 109.348,
          "Actual Rows": 4,
          "Actual Loops": 1,
          "Workers Planned": 3,
          "Workers Launched": 3,
          "Single Copy": false,
          "Plans": [
            {
              "Node Type": "Aggregate",
              "Strategy": "Plain",
              "Partial Mode": "Partial",
              "Parent Relationship": "Outer",
              "Parallel Aware": false,
              "Startup Cost": 30898.14,
              "Total Cost": 30898.15,
              "Plan Rows": 1,
              "Plan Width": 8,
              "Actual Startup Time": 96.535,
              "Actual Total Time": 96.536,
              "Actual Rows": 1,
              "Actual Loops": 4,
              "Plans": [
                {
                  "Node Type": "Seq Scan",
                  "Parent Relationship": "Outer",
                  "Parallel Aware": true,
                  "Relation Name": "movie_companies",
                  "Alias": "mc",
                  "Startup Cost": 0.0,
                  "Total Cost": 29310.68,
                  "Plan Rows": 634982,
                  "Plan Width": 0,
                  "Actual Startup Time": 0.021,
                  "Actual Total Time": 74.733,
                  "Actual Rows": 493470,
                  "Actual Loops": 4,
                  "Filter": "(company_id < 58260)",
                  "Rows Removed by Filter": 158812
                }
              ]
            }
          ]
        }
      ]
    },
    "Planning Time": 0.185,
    "Triggers": [],
    "Execution Time": 109.41
  }
]