{
  "Plan": {
    "Node Type": "Aggregate",
    "Strategy": "Plain",
    "Partial Mode": "Finalize",
    "Parallel Aware": false,
    "Startup Cost": 108100.94,
    "Total Cost": 108100.95,
    "Plan Rows": 1,
    "Plan Width": 8,
    "Actual Startup Time": 636.381,
    "Actual Total Time": 652.174,
    "Actual Rows": 1,
    "Actual Loops": 1,
    "Plans": [
      {
        "Node Type": "Gather",
        "Parent Relationship": "Outer",
        "Parallel Aware": false,
        "Startup Cost": 108100.83,
        "Total Cost": 108100.94,
        "Plan Rows": 1,
        "Plan Width": 8,
        "Actual Startup Time": 632.139,
        "Actual Total Time": 652.163,
        "Actual Rows": 2,
        "Actual Loops": 1,
        "Workers Planned": 1,
        "Workers Launched": 1,
        "Single Copy": false,
        "Plans": [
          {
            "Node Type": "Aggregate",
            "Strategy": "Plain",
            "Partial Mode": "Partial",
            "Parent Relationship": "Outer",
            "Parallel Aware": false,
            "Startup Cost": 107100.83,
            "Total Cost": 107100.84,
            "Plan Rows": 1,
            "Plan Width": 8,
            "Actual Startup Time": 624.486,
            "Actual Total Time": 624.489,
            "Actual Rows": 1,
            "Actual Loops": 2,
            "Plans": [
              {
                "Node Type": "Hash Join",
                "Parent Relationship": "Outer",
                "Parallel Aware": true,
                "Join Type": "Inner",
                "Startup Cost": 65984.91,
                "Total Cost": 105942.93,
                "Plan Rows": 463160,
                "Plan Width": 0,
                "Actual Startup Time": 375.048,
                "Actual Total Time": 617.716,
                "Actual Rows": 166785,
                "Actual Loops": 2,
                "Inner Unique": true,
                "Hash Cond": "(mc.movie_id = t.id)",
                "Plans": [
                  {
                    "Node Type": "Seq Scan",
                    "Parent Relationship": "Outer",
                    "Parallel Aware": true,
                    "Relation Name": "movie_companies",
                    "Alias": "mc",
                    "Startup Cost": 0.0,
                    "Total Cost": 37974.77,
                    "Plan Rows": 755522,
                    "Plan Width": 4,
                    "Actual Startup Time": 0.014,
                    "Actual Total Time": 108.073,
                    "Actual Rows": 637123,
                    "Actual Loops": 2,
                    "Filter": "(company_type_id < 2)",
                    "Rows Removed by Filter": 667442
                  },
                  {
                    "Node Type": "Hash",
                    "Parent Relationship": "Inner",
                    "Parallel Aware": true,
                    "Startup Cost": 54588.39,
                    "Total Cost": 54588.39,
                    "Plan Rows": 911722,
                    "Plan Width": 4,
                    "Actual Startup Time": 359.735,
                    "Actual Total Time": 359.736,
                    "Actual Rows": 777932,
                    "Actual Loops": 2,
                    "Hash Buckets": 2097152,
                    "Original Hash Buckets": 2097152,
                    "Hash Batches": 1,
                    "Original Hash Batches": 1,
                    "Peak Memory Usage": 77280,
                    "Plans": [
                      {
                        "Node Type": "Seq Scan",
                        "Parent Relationship": "Outer",
                        "Parallel Aware": true,
                        "Relation Name": "title",
                        "Alias": "t",
                        "Startup Cost": 0.0,
                        "Total Cost": 54588.39,
                        "Plan Rows": 911722,
                        "Plan Width": 4,
                        "Actual Startup Time": 0.028,
                        "Actual Total Time": 160.992,
                        "Actual Rows": 777932,
                        "Actual Loops": 2,
                        "Filter": "(kind_id > 4)",
                        "Rows Removed by Filter": 486224
                      }
                    ]
                  }
                ]
              }
            ]
          }
        ]
      }
    ]
  },
  "Planning Time": 0.68,
  "Triggers": [],
  "Execution Time": 652.244
}