[
  {
    "Plan": {
      "Node Type": "Aggregate",
      "Strategy": "Plain",
      "Partial Mode": "Finalize",
      "Parallel Aware": false,
      "Startup Cost": 246289.54,
      "Total Cost": 246289.55,
      "Plan Rows": 1,
      "Plan Width": 8,
      "Actual Startup Time": 718.436,
      "Actual Total Time": 765.591,
      "Actual Rows": 1,
      "Actual Loops": 1,
      "Plans": [
        {
          "Node Type": "Gather",
          "Parent Relationship": "Outer",
          "Parallel Aware": false,
          "Startup Cost": 246289.02,
          "Total Cost": 246289.53,
          "Plan Rows": 5,
          "Plan Width": 8,
          "Actual Startup Time": 717.206,
          "Actual Total Time": 765.581,
          "Actual Rows": 6,
          "Actual Loops": 1,
          "Workers Planned": 5,
          "Workers Launched": 5,
          "Single Copy": false,
          "Plans": [
            {
              "Node Type": "Aggregate",
              "Strategy": "Plain",
              "Partial Mode": "Partial",
              "Parent Relationship": "Outer",
              "Parallel Aware": false,
              "Startup Cost": 245289.02,
              "Total Cost": 245289.03,
              "Plan Rows": 1,
              "Plan Width": 8,
              "Actual Startup Time": 711.956,
              "Actual Total Time": 712.009,
              "Actual Rows": 1,
              "Actual Loops": 6,
              "Plans": [
                {
                  "Node Type": "Hash Join",
                  "Parent Relationship": "Outer",
                  "Parallel Aware": true,
                  "Join Type": "Inner",
                  "Startup Cost": 45649.75,
                  "Total Cost": 245129.15,
                  "Plan Rows": 63945,
                  "Plan Width": 0,
                  "Actual Startup Time": 95.808,
                  "Actual Total Time": 696.428,
                  "Actual Rows": 366243,
                  "Actual Loops": 6,
                  "Inner Unique": true,
                  "Hash Cond": "(mi.movie_id = t.id)",
                  "Plans": [
                    {
                      "Node Type": "Seq Scan",
                      "Parent Relationship": "Outer",
                      "Parallel Aware": true,
                      "Relation Name": "movie_info",
                      "Alias": "mi",
                      "Startup Cost": 0.0,
                      "Total Cost": 191685.19,
                      "Plan Rows": 2969219,
                      "Plan Width": 4,
                      "Actual Startup Time": 0.025,
                      "Actual Total Time": 288.673,
                      "Actual Rows": 2472620,
                      "Actual Loops": 6
                    },
                    {
                      "Node Type": "Hash",
                      "Parent Relationship": "Inner",
                      "Parallel Aware": true,
                      "Startup Cost": 45479.59,
                      "Total Cost": 45479.59,
                      "Plan Rows": 13613,
                      "Plan Width": 4,
                      "Actual Startup Time": 85.429,
                      "Actual Total Time": 85.43,
                      "Actual Rows": 30530,
                      "Actual Loops": 6,
                      "Hash Buckets": 262144,
                      "Original Hash Buckets": 65536,
                      "Hash Batches": 1,
                      "Original Hash Batches": 1,
                      "Peak Memory Usage": 10816,
                      "Plans": [
                        {
                          "Node Type": "Seq Scan",
                          "Parent Relationship": "Outer",
                          "Parallel Aware": true,
                          "Relation Name": "title",
                          "Alias": "t",
                          "Startup Cost": 0.0,
                          "Total Cost": 45479.59,
                          "Plan Rows": 13613,
                          "Plan Width": 4,
                          "Actual Startup Time": 40.108,
                          "Actual Total Time": 69.201,
                          "Actual Rows": 30530,
                          "Actual Loops": 6,
                          "Filter": "((kind_id < 2) AND (production_year < 1958))",
                          "Rows Removed by Filter": 390856
                        }
                      ]
                    }
                  ]
                }
              ]
            }
          ]
        }
      ]
    },
    "Planning Time": 0.34,
    "Triggers": [],
    "Execution Time": 765.643
  }
]