[
    {
        "Bao": {
            "Bao prediction": 439.393,
            "Bao recommended hint": "(no hint)"
        }
    },
    {
        "Plan": {
            "Node Type": "Aggregate",
            "Strategy": "Plain",
            "Partial Mode": "Finalize",
            "Parallel Aware": false,
            "Startup Cost": 32701.88,
            "Total Cost": 32701.89,
            "Plan Rows": 1,
            "Plan Width": 8,
            "Actual Startup Time": 82.095,
            "Actual Total Time": 92.528,
            "Actual Rows": 1,
            "Actual Loops": 1,
            "Output": [
                "count(*)"
            ],
            "Plans": [
                {
                    "Node Type": "Gather",
                    "Parent Relationship": "Outer",
                    "Parallel Aware": false,
                    "Startup Cost": 32701.56,
                    "Total Cost": 32701.87,
                    "Plan Rows": 3,
                    "Plan Width": 8,
                    "Actual Startup Time": 82.019,
                    "Actual Total Time": 92.52,
                    "Actual Rows": 4,
                    "Actual Loops": 1,
                    "Output": [
                        "(PARTIAL count(*))"
                    ],
                    "Workers Planned": 3,
                    "Workers Launched": 3,
                    "Single Copy": false,
                    "Plans": [
                        {
                            "Node Type": "Aggregate",
                            "Strategy": "Plain",
                            "Partial Mode": "Partial",
                            "Parent Relationship": "Outer",
                            "Parallel Aware": false,
                            "Startup Cost": 31701.56,
                            "Total Cost": 31701.57,
                            "Plan Rows": 1,
                            "Plan Width": 8,
                            "Actual Startup Time": 74.355,
                            "Actual Total Time": 74.356,
                            "Actual Rows": 1,
                            "Actual Loops": 4,
                            "Output": [
                                "PARTIAL count(*)"
                            ],
                            "Workers": [
                                {
                                    "Worker Number": 0,
                                    "Actual Startup Time": 71.768,
                                    "Actual Total Time": 71.769,
                                    "Actual Rows": 1,
                                    "Actual Loops": 1
                                },
                                {
                                    "Worker Number": 1,
                                    "Actual Startup Time": 71.886,
                                    "Actual Total Time": 71.887,
                                    "Actual Rows": 1,
                                    "Actual Loops": 1
                                },
                                {
                                    "Worker Number": 2,
                                    "Actual Startup Time": 72.321,
                                    "Actual Total Time": 72.323,
                                    "Actual Rows": 1,
                                    "Actual Loops": 1
                                }
                            ],
                            "Plans": [
                                {
                                    "Node Type": "Seq Scan",
                                    "Parent Relationship": "Outer",
                                    "Parallel Aware": true,
                                    "Relation Name": "movie_companies",
                                    "Schema": "public",
                                    "Alias": "mc",
                                    "Startup Cost": 0.0,
                                    "Total Cost": 31414.82,
                                    "Plan Rows": 114698,
                                    "Plan Width": 0,
                                    "Actual Startup Time": 31.904,
                                    "Actual Total Time": 73.767,
                                    "Actual Rows": 10491,
                                    "Actual Loops": 4,
                                    "Output": [
                                        "id",
                                        "movie_id",
                                        "company_id",
                                        "company_type_id",
                                        "note"
                                    ],
                                    "Filter": "((mc.company_id > 41375) AND (mc.company_type_id < 2))",
                                    "Rows Removed by Filter": 641791,
                                    "Workers": [
                                        {
                                            "Worker Number": 0,
                                            "Actual Startup Time": 29.32,
                                            "Actual Total Time": 71.186,
                                            "Actual Rows": 9111,
                                            "Actual Loops": 1
                                        },
                                        {
                                            "Worker Number": 1,
                                            "Actual Startup Time": 29.434,
                                            "Actual Total Time": 71.345,
                                            "Actual Rows": 9546,
                                            "Actual Loops": 1
                                        },
                                        {
                                            "Worker Number": 2,
                                            "Actual Startup Time": 29.874,
                                            "Actual Total Time": 71.738,
                                            "Actual Rows": 9156,
                                            "Actual Loops": 1
                                        }
                                    ]
                                }
                            ]
                        }
                    ]
                }
            ]
        },
        "Planning Time": 527.596,
        "Triggers": [],
        "Execution Time": 92.611
    }
]