[
    {
        "Bao": {
            "Bao prediction": "NaN",
            "Bao recommended hint": "(no hint)"
        }
    },
    {
        "Plan": {
            "Node Type": "Aggregate",
            "Strategy": "Plain",
            "Partial Mode": "Finalize",
            "Parallel Aware": false,
            "Startup Cost": 75615.89,
            "Total Cost": 75615.9,
            "Plan Rows": 1,
            "Plan Width": 8,
            "Actual Startup Time": 247.257,
            "Actual Total Time": 254.93,
            "Actual Rows": 1,
            "Actual Loops": 1,
            "Output": [
                "count(*)"
            ],
            "Plans": [
                {
                    "Node Type": "Gather",
                    "Parent Relationship": "Outer",
                    "Parallel Aware": false,
                    "Startup Cost": 75615.47,
                    "Total Cost": 75615.88,
                    "Plan Rows": 4,
                    "Plan Width": 8,
                    "Actual Startup Time": 244.162,
                    "Actual Total Time": 254.919,
                    "Actual Rows": 5,
                    "Actual Loops": 1,
                    "Output": [
                        "(PARTIAL count(*))"
                    ],
                    "Workers Planned": 4,
                    "Workers Launched": 4,
                    "Single Copy": false,
                    "Plans": [
                        {
                            "Node Type": "Aggregate",
                            "Strategy": "Plain",
                            "Partial Mode": "Partial",
                            "Parent Relationship": "Outer",
                            "Parallel Aware": false,
                            "Startup Cost": 74615.47,
                            "Total Cost": 74615.48,
                            "Plan Rows": 1,
                            "Plan Width": 8,
                            "Actual Startup Time": 234.685,
                            "Actual Total Time": 234.689,
                            "Actual Rows": 1,
                            "Actual Loops": 5,
                            "Output": [
                                "PARTIAL count(*)"
                            ],
                            "Workers": [
                                {
                                    "Worker Number": 0,
                                    "Actual Startup Time": 231.765,
                                    "Actual Total Time": 231.769,
                                    "Actual Rows": 1,
                                    "Actual Loops": 1
                                },
                                {
                                    "Worker Number": 1,
                                    "Actual Startup Time": 232.332,
                                    "Actual Total Time": 232.336,
                                    "Actual Rows": 1,
                                    "Actual Loops": 1
                                },
                                {
                                    "Worker Number": 2,
                                    "Actual Startup Time": 232.619,
                                    "Actual Total Time": 232.623,
                                    "Actual Rows": 1,
                                    "Actual Loops": 1
                                },
                                {
                                    "Worker Number": 3,
                                    "Actual Startup Time": 232.895,
                                    "Actual Total Time": 232.897,
                                    "Actual Rows": 1,
                                    "Actual Loops": 1
                                }
                            ],
                            "Plans": [
                                {
                                    "Node Type": "Hash Join",
                                    "Parent Relationship": "Outer",
                                    "Parallel Aware": true,
                                    "Join Type": "Inner",
                                    "Startup Cost": 28661.01,
                                    "Total Cost": 74407.96,
                                    "Plan Rows": 83002,
                                    "Plan Width": 0,
                                    "Actual Startup Time": 86.595,
                                    "Actual Total Time": 231.397,
                                    "Actual Rows": 67196,
                                    "Actual Loops": 5,
                                    "Inner Unique": false,
                                    "Hash Cond": "(t.id = mc.movie_id)",
                                    "Workers": [
                                        {
                                            "Worker Number": 0,
                                            "Actual Startup Time": 82.569,
                                            "Actual Total Time": 228.379,
                                            "Actual Rows": 45809,
                                            "Actual Loops": 1
                                        },
                                        {
                                            "Worker Number": 1,
                                            "Actual Startup Time": 77.499,
                                            "Actual Total Time": 229.109,
                                            "Actual Rows": 71240,
                                            "Actual Loops": 1
                                        },
                                        {
                                            "Worker Number": 2,
                                            "Actual Startup Time": 75.478,
                                            "Actual Total Time": 229.465,
                                            "Actual Rows": 66870,
                                            "Actual Loops": 1
                                        },
                                        {
                                            "Worker Number": 3,
                                            "Actual Startup Time": 113.312,
                                            "Actual Total Time": 229.721,
                                            "Actual Rows": 70740,
                                            "Actual Loops": 1
                                        }
                                    ],
                                    "Plans": [
                                        {
                                            "Node Type": "Seq Scan",
                                            "Parent Relationship": "Outer",
                                            "Parallel Aware": true,
                                            "Relation Name": "title",
                                            "Schema": "public",
                                            "Alias": "t",
                                            "Startup Cost": 0.0,
                                            "Total Cost": 42318.81,
                                            "Plan Rows": 632080,
                                            "Plan Width": 4,
                                            "Actual Startup Time": 0.009,
                                            "Actual Total Time": 62.794,
                                            "Actual Rows": 505662,
                                            "Actual Loops": 5,
                                            "Output": [
                                                "t.id",
                                                "t.title",
                                                "t.imdb_index",
                                                "t.kind_id",
                                                "t.production_year",
                                                "t.imdb_id",
                                                "t.phonetic_code",
                                                "t.episode_of_id",
                                                "t.season_nr",
                                                "t.episode_nr",
                                                "t.series_years",
                                                "t.md5sum"
                                            ],
                                            "Workers": [
                                                {
                                                    "Worker Number": 0,
                                                    "Actual Startup Time": 0.014,
                                                    "Actual Total Time": 67.286,
                                                    "Actual Rows": 347845,
                                                    "Actual Loops": 1
                                                },
                                                {
                                                    "Worker Number": 1,
                                                    "Actual Startup Time": 0.007,
                                                    "Actual Total Time": 64.407,
                                                    "Actual Rows": 525524,
                                                    "Actual Loops": 1
                                                },
                                                {
                                                    "Worker Number": 2,
                                                    "Actual Startup Time": 0.011,
                                                    "Actual Total Time": 63.331,
                                                    "Actual Rows": 506130,
                                                    "Actual Loops": 1
                                                },
                                                {
                                                    "Worker Number": 3,
                                                    "Actual Startup Time": 0.008,
                                                    "Actual Total Time": 64.739,
                                                    "Actual Rows": 525070,
                                                    "Actual Loops": 1
                                                }
                                            ]
                                        },
                                        {
                                            "Node Type": "Hash",
                                            "Parent Relationship": "Inner",
                                            "Parallel Aware": true,
                                            "Startup Cost": 27322.26,
                                            "Total Cost": 27322.26,
                                            "Plan Rows": 107100,
                                            "Plan Width": 4,
                                            "Actual Startup Time": 70.052,
                                            "Actual Total Time": 70.053,
                                            "Actual Rows": 67196,
                                            "Actual Loops": 5,
                                            "Output": [
                                                "mc.movie_id"
                                            ],
                                            "Hash Buckets": 524288,
                                            "Original Hash Buckets": 524288,
                                            "Hash Batches": 1,
                                            "Original Hash Batches": 1,
                                            "Peak Memory Usage": 17344,
                                            "Workers": [
                                                {
                                                    "Worker Number": 0,
                                                    "Actual Startup Time": 68.334,
                                                    "Actual Total Time": 68.335,
                                                    "Actual Rows": 49135,
                                                    "Actual Loops": 1
                                                },
                                                {
                                                    "Worker Number": 1,
                                                    "Actual Startup Time": 68.928,
                                                    "Actual Total Time": 68.929,
                                                    "Actual Rows": 51647,
                                                    "Actual Loops": 1
                                                },
                                                {
                                                    "Worker Number": 2,
                                                    "Actual Startup Time": 68.954,
                                                    "Actual Total Time": 68.956,
                                                    "Actual Rows": 57366,
                                                    "Actual Loops": 1
                                                },
                                                {
                                                    "Worker Number": 3,
                                                    "Actual Startup Time": 69.491,
                                                    "Actual Total Time": 69.492,
                                                    "Actual Rows": 47783,
                                                    "Actual Loops": 1
                                                }
                                            ],
                                            "Plans": [
                                                {
                                                    "Node Type": "Bitmap Heap Scan",
                                                    "Parent Relationship": "Outer",
                                                    "Parallel Aware": true,
                                                    "Relation Name": "movie_companies",
                                                    "Schema": "public",
                                                    "Alias": "mc",
                                                    "Startup Cost": 7193.51,
                                                    "Total Cost": 27322.26,
                                                    "Plan Rows": 107100,
                                                    "Plan Width": 4,
                                                    "Actual Startup Time": 14.678,
                                                    "Actual Total Time": 43.304,
                                                    "Actual Rows": 67196,
                                                    "Actual Loops": 5,
                                                    "Output": [
                                                        "mc.movie_id"
                                                    ],
                                                    "Recheck Cond": "(mc.company_id > 89695)",
                                                    "Rows Removed by Index Recheck": 0,
                                                    "Exact Heap Blocks": 2019,
                                                    "Lossy Heap Blocks": 0,
                                                    "Workers": [
                                                        {
                                                            "Worker Number": 0,
                                                            "Actual Startup Time": 12.979,
                                                            "Actual Total Time": 42.86,
                                                            "Actual Rows": 49135,
                                                            "Actual Loops": 1
                                                        },
                                                        {
                                                            "Worker Number": 1,
                                                            "Actual Startup Time": 13.663,
                                                            "Actual Total Time": 42.706,
                                                            "Actual Rows": 51647,
                                                            "Actual Loops": 1
                                                        },
                                                        {
                                                            "Worker Number": 2,
                                                            "Actual Startup Time": 13.525,
                                                            "Actual Total Time": 43.866,
                                                            "Actual Rows": 57366,
                                                            "Actual Loops": 1
                                                        },
                                                        {
                                                            "Worker Number": 3,
                                                            "Actual Startup Time": 14.2,
                                                            "Actual Total Time": 42.66,
                                                            "Actual Rows": 47783,
                                                            "Actual Loops": 1
                                                        }
                                                    ],
                                                    "Plans": [
                                                        {
                                                            "Node Type": "Bitmap Index Scan",
                                                            "Parent Relationship": "Outer",
                                                            "Parallel Aware": false,
                                                            "Index Name": "company_id_movie_companies",
                                                            "Startup Cost": 0.0,
                                                            "Total Cost": 7110.51,
                                                            "Plan Rows": 332010,
                                                            "Plan Width": 0,
                                                            "Actual Startup Time": 18.321,
                                                            "Actual Total Time": 18.322,
                                                            "Actual Rows": 335979,
                                                            "Actual Loops": 1,
                                                            "Index Cond": "(mc.company_id > 89695)"
                                                        }
                                                    ]
                                                }
                                            ]
                                        }
                                    ]
                                }
                            ]
                        }
                    ]
                }
            ]
        },
        "Planning Time": 201.422,
        "Triggers": [],
        "Execution Time": 254.999
    }
]