[
    {
        "Bao": {
            "Bao prediction": "NaN",
            "Bao recommended hint": "(no hint)"
        }
    },
    {
        "Plan": {
            "Node Type": "Aggregate",
            "Strategy": "Plain",
            "Partial Mode": "Finalize",
            "Parallel Aware": false,
            "Startup Cost": 32647.87,
            "Total Cost": 32647.88,
            "Plan Rows": 1,
            "Plan Width": 8,
            "Actual Startup Time": 83.853,
            "Actual Total Time": 89.804,
            "Actual Rows": 1,
            "Actual Loops": 1,
            "Output": [
                "count(*)"
            ],
            "Plans": [
                {
                    "Node Type": "Gather",
                    "Parent Relationship": "Outer",
                    "Parallel Aware": false,
                    "Startup Cost": 32647.55,
                    "Total Cost": 32647.86,
                    "Plan Rows": 3,
                    "Plan Width": 8,
                    "Actual Startup Time": 83.787,
                    "Actual Total Time": 89.797,
                    "Actual Rows": 4,
                    "Actual Loops": 1,
                    "Output": [
                        "(PARTIAL count(*))"
                    ],
                    "Workers Planned": 3,
                    "Workers Launched": 3,
                    "Single Copy": false,
                    "Plans": [
                        {
                            "Node Type": "Aggregate",
                            "Strategy": "Plain",
                            "Partial Mode": "Partial",
                            "Parent Relationship": "Outer",
                            "Parallel Aware": false,
                            "Startup Cost": 31647.55,
                            "Total Cost": 31647.56,
                            "Plan Rows": 1,
                            "Plan Width": 8,
                            "Actual Startup Time": 75.522,
                            "Actual Total Time": 75.523,
                            "Actual Rows": 1,
                            "Actual Loops": 4,
                            "Output": [
                                "PARTIAL count(*)"
                            ],
                            "Workers": [
                                {
                                    "Worker Number": 0,
                                    "Actual Startup Time": 72.274,
                                    "Actual Total Time": 72.275,
                                    "Actual Rows": 1,
                                    "Actual Loops": 1
                                },
                                {
                                    "Worker Number": 1,
                                    "Actual Startup Time": 72.943,
                                    "Actual Total Time": 72.944,
                                    "Actual Rows": 1,
                                    "Actual Loops": 1
                                },
                                {
                                    "Worker Number": 2,
                                    "Actual Startup Time": 73.547,
                                    "Actual Total Time": 73.548,
                                    "Actual Rows": 1,
                                    "Actual Loops": 1
                                }
                            ],
                            "Plans": [
                                {
                                    "Node Type": "Seq Scan",
                                    "Parent Relationship": "Outer",
                                    "Parallel Aware": true,
                                    "Relation Name": "movie_companies",
                                    "Schema": "public",
                                    "Alias": "mc",
                                    "Startup Cost": 0.0,
                                    "Total Cost": 31414.82,
                                    "Plan Rows": 93094,
                                    "Plan Width": 0,
                                    "Actual Startup Time": 45.677,
                                    "Actual Total Time": 75.499,
                                    "Actual Rows": 292,
                                    "Actual Loops": 4,
                                    "Output": [
                                        "id",
                                        "movie_id",
                                        "company_id",
                                        "company_type_id",
                                        "note"
                                    ],
                                    "Filter": "((mc.company_id > 69766) AND (mc.company_type_id < 2))",
                                    "Rows Removed by Filter": 651990,
                                    "Workers": [
                                        {
                                            "Worker Number": 0,
                                            "Actual Startup Time": 42.43,
                                            "Actual Total Time": 72.252,
                                            "Actual Rows": 317,
                                            "Actual Loops": 1
                                        },
                                        {
                                            "Worker Number": 1,
                                            "Actual Startup Time": 43.102,
                                            "Actual Total Time": 72.922,
                                            "Actual Rows": 298,
                                            "Actual Loops": 1
                                        },
                                        {
                                            "Worker Number": 2,
                                            "Actual Startup Time": 43.707,
                                            "Actual Total Time": 73.527,
                                            "Actual Rows": 269,
                                            "Actual Loops": 1
                                        }
                                    ]
                                }
                            ]
                        }
                    ]
                }
            ]
        },
        "Planning Time": 322.189,
        "Triggers": [],
        "Execution Time": 89.872
    }
]