[
  {
    "Plan": {
      "Node Type": "Aggregate",
      "Strategy": "Plain",
      "Partial Mode": "Finalize",
      "Parallel Aware": false,
      "Startup Cost": 330588.7,
      "Total Cost": 330588.71,
      "Plan Rows": 1,
      "Plan Width": 8,
      "Actual Startup Time": 615.812,
      "Actual Total Time": 670.406,
      "Actual Rows": 1,
      "Actual Loops": 1,
      "Plans": [
        {
          "Node Type": "Gather",
          "Parent Relationship": "Outer",
          "Parallel Aware": false,
          "Startup Cost": 330588.07,
          "Total Cost": 330588.68,
          "Plan Rows": 6,
          "Plan Width": 8,
          "Actual Startup Time": 615.628,
          "Actual Total Time": 670.392,
          "Actual Rows": 7,
          "Actual Loops": 1,
          "Workers Planned": 6,
          "Workers Launched": 6,
          "Single Copy": false,
          "Plans": [
            {
              "Node Type": "Aggregate",
              "Strategy": "Plain",
              "Partial Mode": "Partial",
              "Parent Relationship": "Outer",
              "Parallel Aware": false,
              "Startup Cost": 329588.07,
              "Total Cost": 329588.08,
              "Plan Rows": 1,
              "Plan Width": 8,
              "Actual Startup Time": 608.108,
              "Actual Total Time": 608.109,
              "Actual Rows": 1,
              "Actual Loops": 7,
              "Plans": [
                {
                  "Node Type": "Seq Scan",
                  "Parent Relationship": "Outer",
                  "Parallel Aware": true,
                  "Relation Name": "cast_info",
                  "Alias": "ci",
                  "Startup Cost": 0.0,
                  "Total Cost": 328211.39,
                  "Plan Rows": 550672,
                  "Plan Width": 0,
                  "Actual Startup Time": 472.554,
                  "Actual Total Time": 584.583,
                  "Actual Rows": 461629,
                  "Actual Loops": 7,
                  "Filter": "(person_id > 3467346)",
                  "Rows Removed by Filter": 4716135
                }
              ]
            }
          ]
        }
      ]
    },
    "Planning Time": 0.09,
    "Triggers": [],
    "Execution Time": 670.45
  }
]