{
  "Plan": {
    "Node Type": "Aggregate",
    "Strategy": "Plain",
    "Partial Mode": "Finalize",
    "Parallel Aware": false,
    "Startup Cost": 83245.2,
    "Total Cost": 83245.21,
    "Plan Rows": 1,
    "Plan Width": 8,
    "Actual Startup Time": 394.967,
    "Actual Total Time": 405.971,
    "Actual Rows": 1,
    "Actual Loops": 1,
    "Plans": [
      {
        "Node Type": "Gather",
        "Parent Relationship": "Outer",
        "Parallel Aware": false,
        "Startup Cost": 83245.09,
        "Total Cost": 83245.2,
        "Plan Rows": 1,
        "Plan Width": 8,
        "Actual Startup Time": 393.336,
        "Actual Total Time": 405.962,
        "Actual Rows": 2,
        "Actual Loops": 1,
        "Workers Planned": 1,
        "Workers Launched": 1,
        "Single Copy": false,
        "Plans": [
          {
            "Node Type": "Aggregate",
            "Strategy": "Plain",
            "Partial Mode": "Partial",
            "Parent Relationship": "Outer",
            "Parallel Aware": false,
            "Startup Cost": 82245.09,
            "Total Cost": 82245.1,
            "Plan Rows": 1,
            "Plan Width": 8,
            "Actual Startup Time": 388.214,
            "Actual Total Time": 388.218,
            "Actual Rows": 1,
            "Actual Loops": 2,
            "Plans": [
              {
                "Node Type": "Hash Join",
                "Parent Relationship": "Outer",
                "Parallel Aware": true,
                "Join Type": "Inner",
                "Startup Cost": 63494.89,
                "Total Cost": 81678.68,
                "Plan Rows": 226562,
                "Plan Width": 0,
                "Actual Startup Time": 226.003,
                "Actual Total Time": 375.777,
                "Actual Rows": 312026,
                "Actual Loops": 2,
                "Inner Unique": true,
                "Hash Cond": "(mi_idx.movie_id = t.id)",
                "Plans": [
                  {
                    "Node Type": "Seq Scan",
                    "Parent Relationship": "Outer",
                    "Parallel Aware": true,
                    "Relation Name": "movie_info_idx",
                    "Alias": "mi_idx",
                    "Startup Cost": 0.0,
                    "Total Cost": 16052.85,
                    "Plan Rows": 811785,
                    "Plan Width": 4,
                    "Actual Startup Time": 0.017,
                    "Actual Total Time": 46.546,
                    "Actual Rows": 690018,
                    "Actual Loops": 2
                  },
                  {
                    "Node Type": "Hash",
                    "Parent Relationship": "Inner",
                    "Parallel Aware": true,
                    "Startup Cost": 58306.47,
                    "Total Cost": 58306.47,
                    "Plan Rows": 415074,
                    "Plan Width": 4,
                    "Actual Startup Time": 218.036,
                    "Actual Total Time": 218.037,
                    "Actual Rows": 301918,
                    "Actual Loops": 2,
                    "Hash Buckets": 1048576,
                    "Original Hash Buckets": 1048576,
                    "Hash Batches": 1,
                    "Original Hash Batches": 1,
                    "Peak Memory Usage": 31872,
                    "Plans": [
                      {
                        "Node Type": "Seq Scan",
                        "Parent Relationship": "Outer",
                        "Parallel Aware": true,
                        "Relation Name": "title",
                        "Alias": "t",
                        "Startup Cost": 0.0,
                        "Total Cost": 58306.47,
                        "Plan Rows": 415074,
                        "Plan Width": 4,
                        "Actual Startup Time": 0.031,
                        "Actual Total Time": 144.335,
                        "Actual Rows": 301918,
                        "Actual Loops": 2,
                        "Filter": "((kind_id < 7) AND (production_year > 1988))",
                        "Rows Removed by Filter": 962238
                      }
                    ]
                  }
                ]
              }
            ]
          }
        ]
      }
    ]
  },
  "Planning Time": 0.272,
  "Triggers": [],
  "Execution Time": 406.019
}