{
  "Plan": {
    "Node Type": "Aggregate",
    "Strategy": "Plain",
    "Partial Mode": "Simple",
    "Parallel Aware": false,
    "Startup Cost": 27605.79,
    "Total Cost": 27605.8,
    "Plan Rows": 1,
    "Plan Width": 96,
    "Actual Startup Time": 129.51,
    "Actual Total Time": 133.892,
    "Actual Rows": 1,
    "Actual Loops": 1,
    "Plans": [
      {
        "Node Type": "Nested Loop",
        "Parent Relationship": "Outer",
        "Parallel Aware": false,
        "Join Type": "Inner",
        "Startup Cost": 3808.0,
        "Total Cost": 27605.56,
        "Plan Rows": 31,
        "Plan Width": 60,
        "Actual Startup Time": 48.657,
        "Actual Total Time": 131.505,
        "Actual Rows": 14533,
        "Actual Loops": 1,
        "Inner Unique": false,
        "Join Filter": "(mc.company_type_id = ct.id)",
        "Rows Removed by Join Filter": 30704,
        "Plans": [
          {
            "Node Type": "Seq Scan",
            "Parent Relationship": "Outer",
            "Parallel Aware": false,
            "Relation Name": "company_type",
            "Alias": "ct",
            "Startup Cost": 0.0,
            "Total Cost": 1.05,
            "Plan Rows": 3,
            "Plan Width": 4,
            "Actual Startup Time": 0.015,
            "Actual Total Time": 0.021,
            "Actual Rows": 3,
            "Actual Loops": 1,
            "Filter": "((kind IS NOT NULL) AND ((kind)::text <> 'production companies'::text))",
            "Rows Removed by Filter": 1
          },
          {
            "Node Type": "Materialize",
            "Parent Relationship": "Inner",
            "Parallel Aware": false,
            "Startup Cost": 3808.0,
            "Total Cost": 27602.81,
            "Plan Rows": 40,
            "Plan Width": 64,
            "Actual Startup Time": 16.213,
            "Actual Total Time": 42.528,
            "Actual Rows": 15079,
            "Actual Loops": 3,
            "Plans": [
              {
                "Node Type": "Gather",
                "Parent Relationship": "Outer",
                "Parallel Aware": false,
                "Startup Cost": 3808.0,
                "Total Cost": 27602.61,
                "Plan Rows": 40,
                "Plan Width": 64,
                "Actual Startup Time": 48.627,
                "Actual Total Time": 120.229,
                "Actual Rows": 15079,
                "Actual Loops": 1,
                "Workers Planned": 4,
                "Workers Launched": 4,
                "Single Copy": false,
                "Plans": [
                  {
                    "Node Type": "Hash Join",
                    "Parent Relationship": "Outer",
                    "Parallel Aware": false,
                    "Join Type": "Inner",
                    "Startup Cost": 2808.0,
                    "Total Cost": 26598.61,
                    "Plan Rows": 10,
                    "Plan Width": 64,
                    "Actual Startup Time": 42.755,
                    "Actual Total Time": 112.32,
                    "Actual Rows": 3016,
                    "Actual Loops": 5,
                    "Inner Unique": true,
                    "Hash Cond": "(ml.link_type_id = lt.id)",
                    "Plans": [
                      {
                        "Node Type": "Nested Loop",
                        "Parent Relationship": "Outer",
                        "Parallel Aware": false,
                        "Join Type": "Inner",
                        "Startup Cost": 2806.59,
                        "Total Cost": 26597.17,
                        "Plan Rows": 10,
                        "Plan Width": 68,
                        "Actual Startup Time": 42.205,
                        "Actual Total Time": 111.273,
                        "Actual Rows": 3016,
                        "Actual Loops": 5,
                        "Inner Unique": true,
                        "Plans": [
                          {
                            "Node Type": "Nested Loop",
                            "Parent Relationship": "Outer",
                            "Parallel Aware": false,
                            "Join Type": "Inner",
                            "Startup Cost": 2806.17,
                            "Total Cost": 26592.2,
                            "Plan Rows": 11,
                            "Plan Width": 53,
                            "Actual Startup Time": 42.145,
                            "Actual Total Time": 106.548,
                            "Actual Rows": 3018,
                            "Actual Loops": 5,
                            "Inner Unique": false,
                            "Join Filter": "(ml.movie_id = mc.movie_id)",
                            "Rows Removed by Join Filter": 0,
                            "Plans": [
                              {
                                "Node Type": "Hash Join",
                                "Parent Relationship": "Outer",
                                "Parallel Aware": false,
                                "Join Type": "Inner",
                                "Startup Cost": 2805.74,
                                "Total Cost": 26589.88,
                                "Plan Rows": 4,
                                "Plan Width": 33,
                                "Actual Startup Time": 38.453,
                                "Actual Total Time": 104.568,
                                "Actual Rows": 275,
                                "Actual Loops": 5,
                                "Inner Unique": true,
                                "Hash Cond": "(mk.keyword_id = k.id)",
                                "Plans": [
                                  {
                                    "Node Type": "Merge Join",
                                    "Parent Relationship": "Outer",
                                    "Parallel Aware": false,
                                    "Join Type": "Inner",
                                    "Startup Cost": 11.87,
                                    "Total Cost": 23277.3,
                                    "Plan Rows": 197596,
                                    "Plan Width": 37,
                                    "Actual Startup Time": 3.299,
                                    "Actual Total Time": 74.744,
                                    "Actual Rows": 50625,
                                    "Actual Loops": 5,
                                    "Inner Unique": false,
                                    "Merge Cond": "(t.id = ml.movie_id)",
                                    "Plans": [
                                      {
                                        "Node Type": "Merge Join",
                                        "Parent Relationship": "Outer",
                                        "Parallel Aware": false,
                                        "Join Type": "Inner",
                                        "Startup Cost": 11.58,
                                        "Total Cost": 288654.89,
                                        "Plan Rows": 642472,
                                        "Plan Width": 29,
                                        "Actual Startup Time": 2.045,
                                        "Actual Total Time": 56.008,
                                        "Actual Rows": 11470,
                                        "Actual Loops": 5,
                                        "Inner Unique": false,
                                        "Merge Cond": "(t.id = mk.movie_id)",
                                        "Plans": [
                                          {
                                            "Node Type": "Index Scan",
                                            "Parent Relationship": "Outer",
                                            "Parallel Aware": true,
                                            "Scan Direction": "Forward",
                                            "Index Name": "title_pkey",
                                            "Relation Name": "title",
                                            "Alias": "t",
                                            "Startup Cost": 0.43,
                                            "Total Cost": 92975.56,
                                            "Plan Rows": 359090,
                                            "Plan Width": 21,
                                            "Actual Startup Time": 1.122,
                                            "Actual Total Time": 32.429,
                                            "Actual Rows": 18706,
                                            "Actual Loops": 5,
                                            "Filter": "(production_year < 2006)",
                                            "Rows Removed by Filter": 18625
                                          },
                                          {
                                            "Node Type": "Index Scan",
                                            "Parent Relationship": "Inner",
                                            "Parallel Aware": false,
                                            "Scan Direction": "Forward",
                                            "Index Name": "movie_id_movie_keyword",
                                            "Relation Name": "movie_keyword",
                                            "Alias": "mk",
                                            "Startup Cost": 0.43,
                                            "Total Cost": 177148.48,
                                            "Plan Rows": 4523930,
                                            "Plan Width": 8,
                                            "Actual Startup Time": 0.102,
                                            "Actual Total Time": 16.011,
                                            "Actual Rows": 98039,
                                            "Actual Loops": 5
                                          }
                                        ]
                                      },
                                      {
                                        "Node Type": "Index Scan",
                                        "Parent Relationship": "Inner",
                                        "Parallel Aware": false,
                                        "Scan Direction": "Forward",
                                        "Index Name": "movie_id_movie_link",
                                        "Relation Name": "movie_link",
                                        "Alias": "ml",
                                        "Startup Cost": 0.29,
                                        "Total Cost": 1111.51,
                                        "Plan Rows": 29997,
                                        "Plan Width": 8,
                                        "Actual Startup Time": 0.126,
                                        "Actual Total Time": 10.605,
                                        "Actual Rows": 77909,
                                        "Actual Loops": 5
                                      }
                                    ]
                                  },
                                  {
                                    "Node Type": "Hash",
                                    "Parent Relationship": "Inner",
                                    "Parallel Aware": false,
                                    "Startup Cost": 2793.84,
                                    "Total Cost": 2793.84,
                                    "Plan Rows": 3,
                                    "Plan Width": 4,
                                    "Actual Startup Time": 27.087,
                                    "Actual Total Time": 27.088,
                                    "Actual Rows": 3,
                                    "Actual Loops": 5,
                                    "Hash Buckets": 1024,
                                    "Original Hash Buckets": 1024,
                                    "Hash Batches": 1,
                                    "Original Hash Batches": 1,
                                    "Peak Memory Usage": 9,
                                    "Plans": [
                                      {
                                        "Node Type": "Seq Scan",
                                        "Parent Relationship": "Outer",
                                        "Parallel Aware": false,
                                        "Relation Name": "keyword",
                                        "Alias": "k",
                                        "Startup Cost": 0.0,
                                        "Total Cost": 2793.84,
                                        "Plan Rows": 3,
                                        "Plan Width": 4,
                                        "Actual Startup Time": 1.846,
                                        "Actual Total Time": 27.07,
                                        "Actual Rows": 3,
                                        "Actual Loops": 5,
                                        "Filter": "(keyword = ANY ('{sequel,revenge,based-on-novel}'::text[]))",
                                        "Rows Removed by Filter": 134167
                                      }
                                    ]
                                  }
                                ]
                              },
                              {
                                "Node Type": "Index Scan",
                                "Parent Relationship": "Inner",
                                "Parallel Aware": false,
                                "Scan Direction": "Forward",
                                "Index Name": "movie_id_movie_companies",
                                "Relation Name": "movie_companies",
                                "Alias": "mc",
                                "Startup Cost": 0.43,
                                "Total Cost": 0.54,
                                "Plan Rows": 3,
                                "Plan Width": 36,
                                "Actual Startup Time": 0.003,
                                "Actual Total Time": 0.006,
                                "Actual Rows": 11,
                                "Actual Loops": 1374,
                                "Index Cond": "(movie_id = mk.movie_id)",
                                "Rows Removed by Index Recheck": 0,
                                "Filter": "(note IS NOT NULL)",
                                "Rows Removed by Filter": 2
                              }
                            ]
                          },
                          {
                            "Node Type": "Index Scan",
                            "Parent Relationship": "Inner",
                            "Parallel Aware": false,
                            "Scan Direction": "Forward",
                            "Index Name": "company_name_pkey",
                            "Relation Name": "company_name",
                            "Alias": "cn",
                            "Startup Cost": 0.42,
                            "Total Cost": 0.45,
                            "Plan Rows": 1,
                            "Plan Width": 23,
                            "Actual Startup Time": 0.001,
                            "Actual Total Time": 0.001,
                            "Actual Rows": 1,
                            "Actual Loops": 15090,
                            "Index Cond": "(id = mc.company_id)",
                            "Rows Removed by Index Recheck": 0,
                            "Filter": "((country_code)::text <> '[pl]'::text)",
                            "Rows Removed by Filter": 0
                          }
                        ]
                      },
                      {
                        "Node Type": "Hash",
                        "Parent Relationship": "Inner",
                        "Parallel Aware": false,
                        "Startup Cost": 1.18,
                        "Total Cost": 1.18,
                        "Plan Rows": 18,
                        "Plan Width": 4,
                        "Actual Startup Time": 0.12,
                        "Actual Total Time": 0.121,
                        "Actual Rows": 18,
                        "Actual Loops": 5,
                        "Hash Buckets": 1024,
                        "Original Hash Buckets": 1024,
                        "Hash Batches": 1,
                        "Original Hash Batches": 1,
                        "Peak Memory Usage": 9,
                        "Plans": [
                          {
                            "Node Type": "Seq Scan",
                            "Parent Relationship": "Outer",
                            "Parallel Aware": false,
                            "Relation Name": "link_type",
                            "Alias": "lt",
                            "Startup Cost": 0.0,
                            "Total Cost": 1.18,
                            "Plan Rows": 18,
                            "Plan Width": 4,
                            "Actual Startup Time": 0.075,
                            "Actual Total Time": 0.082,
                            "Actual Rows": 18,
                            "Actual Loops": 5
                          }
                        ]
                      }
                    ]
                  }
                ]
              }
            ]
          }
        ]
      }
    ]
  },
  "Planning Time": 15.662,
  "Triggers": [],
  "Execution Time": 134.784
}