[
  {
    "Plan": {
      "Node Type": "Aggregate",
      "Strategy": "Plain",
      "Partial Mode": "Finalize",
      "Parallel Aware": false,
      "Startup Cost": 392356.49,
      "Total Cost": 392356.5,
      "Plan Rows": 1,
      "Plan Width": 8,
      "Actual Startup Time": 1898.323,
      "Actual Total Time": 1955.386,
      "Actual Rows": 1,
      "Actual Loops": 1,
      "Plans": [
        {
          "Node Type": "Gather",
          "Parent Relationship": "Outer",
          "Parallel Aware": false,
          "Startup Cost": 392355.86,
          "Total Cost": 392356.47,
          "Plan Rows": 6,
          "Plan Width": 8,
          "Actual Startup Time": 1894.254,
          "Actual Total Time": 1955.375,
          "Actual Rows": 7,
          "Actual Loops": 1,
          "Workers Planned": 6,
          "Workers Launched": 6,
          "Single Copy": false,
          "Plans": [
            {
              "Node Type": "Aggregate",
              "Strategy": "Plain",
              "Partial Mode": "Partial",
              "Parent Relationship": "Outer",
              "Parallel Aware": false,
              "Startup Cost": 391355.86,
              "Total Cost": 391355.87,
              "Plan Rows": 1,
              "Plan Width": 8,
              "Actual Startup Time": 1884.225,
              "Actual Total Time": 1884.228,
              "Actual Rows": 1,
              "Actual Loops": 7,
              "Plans": [
                {
                  "Node Type": "Hash Join",
                  "Parent Relationship": "Outer",
                  "Parallel Aware": true,
                  "Join Type": "Inner",
                  "Startup Cost": 46948.25,
                  "Total Cost": 388911.73,
                  "Plan Rows": 977651,
                  "Plan Width": 0,
                  "Actual Startup Time": 108.5,
                  "Actual Total Time": 1835.483,
                  "Actual Rows": 981569,
                  "Actual Loops": 7,
                  "Inner Unique": true,
                  "Hash Cond": "(ci.movie_id = t.id)",
                  "Plans": [
                    {
                      "Node Type": "Seq Scan",
                      "Parent Relationship": "Outer",
                      "Parallel Aware": true,
                      "Relation Name": "cast_info",
                      "Alias": "ci",
                      "Startup Cost": 0.0,
                      "Total Cost": 328162.03,
                      "Plan Rows": 5257691,
                      "Plan Width": 4,
                      "Actual Startup Time": 0.024,
                      "Actual Total Time": 779.056,
                      "Actual Rows": 4515030,
                      "Actual Loops": 7,
                      "Filter": "(role_id < 10)",
                      "Rows Removed by Filter": 662734
                    },
                    {
                      "Node Type": "Hash",
                      "Parent Relationship": "Inner",
                      "Parallel Aware": true,
                      "Startup Cost": 45479.1,
                      "Total Cost": 45479.1,
                      "Plan Rows": 117532,
                      "Plan Width": 4,
                      "Actual Startup Time": 105.963,
                      "Actual Total Time": 105.964,
                      "Actual Rows": 70861,
                      "Actual Loops": 7,
                      "Hash Buckets": 524288,
                      "Original Hash Buckets": 524288,
                      "Hash Batches": 1,
                      "Original Hash Batches": 1,
                      "Peak Memory Usage": 23584,
                      "Plans": [
                        {
                          "Node Type": "Seq Scan",
                          "Parent Relationship": "Outer",
                          "Parallel Aware": true,
                          "Relation Name": "title",
                          "Alias": "t",
                          "Startup Cost": 0.0,
                          "Total Cost": 45479.1,
                          "Plan Rows": 117532,
                          "Plan Width": 4,
                          "Actual Startup Time": 44.623,
                          "Actual Total Time": 75.974,
                          "Actual Rows": 70861,
                          "Actual Loops": 7,
                          "Filter": "((kind_id < 2) AND (production_year < 2009))",
                          "Rows Removed by Filter": 290327
                        }
                      ]
                    }
                  ]
                }
              ]
            }
          ]
        }
      ]
    },
    "Planning Time": 0.57,
    "Triggers": [],
    "Execution Time": 1955.467
  }
]