[
  {
    "Plan": {
      "Node Type": "Aggregate",
      "Strategy": "Plain",
      "Partial Mode": "Finalize",
      "Parallel Aware": false,
      "Startup Cost": 47080.21,
      "Total Cost": 47080.22,
      "Plan Rows": 1,
      "Plan Width": 8,
      "Actual Startup Time": 186.179,
      "Actual Total Time": 195.778,
      "Actual Rows": 1,
      "Actual Loops": 1,
      "Plans": [
        {
          "Node Type": "Gather",
          "Parent Relationship": "Outer",
          "Parallel Aware": false,
          "Startup Cost": 47079.89,
          "Total Cost": 47080.2,
          "Plan Rows": 3,
          "Plan Width": 8,
          "Actual Startup Time": 186.073,
          "Actual Total Time": 195.768,
          "Actual Rows": 4,
          "Actual Loops": 1,
          "Workers Planned": 3,
          "Workers Launched": 3,
          "Single Copy": false,
          "Plans": [
            {
              "Node Type": "Aggregate",
              "Strategy": "Plain",
              "Partial Mode": "Partial",
              "Parent Relationship": "Outer",
              "Parallel Aware": false,
              "Startup Cost": 46079.89,
              "Total Cost": 46079.9,
              "Plan Rows": 1,
              "Plan Width": 8,
              "Actual Startup Time": 179.198,
              "Actual Total Time": 179.199,
              "Actual Rows": 1,
              "Actual Loops": 4,
              "Plans": [
                {
                  "Node Type": "Seq Scan",
                  "Parent Relationship": "Outer",
                  "Parallel Aware": true,
                  "Relation Name": "movie_keyword",
                  "Alias": "mk",
                  "Startup Cost": 0.0,
                  "Total Cost": 42695.65,
                  "Plan Rows": 1353695,
                  "Plan Width": 0,
                  "Actual Startup Time": 0.056,
                  "Actual Total Time": 130.843,
                  "Actual Rows": 1051123,
                  "Actual Loops": 4,
                  "Filter": "(keyword_id < 51107)",
                  "Rows Removed by Filter": 79860
                }
              ]
            }
          ]
        }
      ]
    },
    "Planning Time": 0.185,
    "Triggers": [],
    "Execution Time": 195.834
  }
]