[
  {
    "Plan": {
      "Node Type": "Aggregate",
      "Strategy": "Plain",
      "Partial Mode": "Finalize",
      "Parallel Aware": false,
      "Startup Cost": 111447.27,
      "Total Cost": 111447.28,
      "Plan Rows": 1,
      "Plan Width": 8,
      "Actual Startup Time": 571.234,
      "Actual Total Time": 590.181,
      "Actual Rows": 1,
      "Actual Loops": 1,
      "Plans": [
        {
          "Node Type": "Gather",
          "Parent Relationship": "Outer",
          "Parallel Aware": false,
          "Startup Cost": 111446.95,
          "Total Cost": 111447.26,
          "Plan Rows": 3,
          "Plan Width": 8,
          "Actual Startup Time": 568.474,
          "Actual Total Time": 590.173,
          "Actual Rows": 4,
          "Actual Loops": 1,
          "Workers Planned": 3,
          "Workers Launched": 3,
          "Single Copy": false,
          "Plans": [
            {
              "Node Type": "Aggregate",
              "Strategy": "Plain",
              "Partial Mode": "Partial",
              "Parent Relationship": "Outer",
              "Parallel Aware": false,
              "Startup Cost": 110446.95,
              "Total Cost": 110446.96,
              "Plan Rows": 1,
              "Plan Width": 8,
              "Actual Startup Time": 559.053,
              "Actual Total Time": 559.058,
              "Actual Rows": 1,
              "Actual Loops": 4,
              "Plans": [
                {
                  "Node Type": "Hash Join",
                  "Parent Relationship": "Outer",
                  "Parallel Aware": true,
                  "Join Type": "Inner",
                  "Startup Cost": 64131.19,
                  "Total Cost": 110093.12,
                  "Plan Rows": 141534,
                  "Plan Width": 0,
                  "Actual Startup Time": 342.624,
                  "Actual Total Time": 540.936,
                  "Actual Rows": 459672,
                  "Actual Loops": 4,
                  "Inner Unique": false,
                  "Hash Cond": "(mk.movie_id = t.id)",
                  "Plans": [
                    {
                      "Node Type": "Seq Scan",
                      "Parent Relationship": "Outer",
                      "Parallel Aware": true,
                      "Relation Name": "movie_keyword",
                      "Alias": "mk",
                      "Startup Cost": 0.0,
                      "Total Cost": 42695.65,
                      "Plan Rows": 776649,
                      "Plan Width": 4,
                      "Actual Startup Time": 0.028,
                      "Actual Total Time": 102.07,
                      "Actual Rows": 603010,
                      "Actual Loops": 4,
                      "Filter": "(keyword_id < 5661)",
                      "Rows Removed by Filter": 527972
                    },
                    {
                      "Node Type": "Hash",
                      "Parent Relationship": "Inner",
                      "Parallel Aware": true,
                      "Startup Cost": 62691.35,
                      "Total Cost": 62691.35,
                      "Plan Rows": 115187,
                      "Plan Width": 8,
                      "Actual Startup Time": 339.147,
                      "Actual Total Time": 339.151,
                      "Actual Rows": 114981,
                      "Actual Loops": 4,
                      "Hash Buckets": 524288,
                      "Original Hash Buckets": 524288,
                      "Hash Batches": 1,
                      "Original Hash Batches": 1,
                      "Peak Memory Usage": 22144,
                      "Plans": [
                        {
                          "Node Type": "Hash Join",
                          "Parent Relationship": "Outer",
                          "Parallel Aware": true,
                          "Join Type": "Inner",
                          "Startup Cost": 17522.41,
                          "Total Cost": 62691.35,
                          "Plan Rows": 115187,
                          "Plan Width": 8,
                          "Actual Startup Time": 89.215,
                          "Actual Total Time": 303.494,
                          "Actual Rows": 114981,
                          "Actual Loops": 4,
                          "Inner Unique": false,
                          "Hash Cond": "(t.id = mi_idx.movie_id)",
                          "Plans": [
                            {
                              "Node Type": "Seq Scan",
                              "Parent Relationship": "Outer",
                              "Parallel Aware": true,
                              "Relation Name": "title",
                              "Alias": "t",
                              "Startup Cost": 0.0,
                              "Total Cost": 42318.73,
                              "Plan Rows": 632073,
                              "Plan Width": 4,
                              "Actual Startup Time": 0.009,
                              "Actual Total Time": 72.979,
                              "Actual Rows": 632078,
                              "Actual Loops": 4
                            },
                            {
                              "Node Type": "Hash",
                              "Parent Relationship": "Inner",
                              "Parallel Aware": true,
                              "Startup Cost": 15122.68,
                              "Total Cost": 15122.68,
                              "Plan Rows": 191978,
                              "Plan Width": 4,
                              "Actual Startup Time": 87.559,
                              "Actual Total Time": 87.56,
                              "Actual Rows": 114981,
                              "Actual Loops": 4,
                              "Hash Buckets": 524288,
                              "Original Hash Buckets": 524288,
                              "Hash Batches": 1,
                              "Original Hash Batches": 1,
                              "Peak Memory Usage": 22144,
                              "Plans": [
                                {
                                  "Node Type": "Seq Scan",
                                  "Parent Relationship": "Outer",
                                  "Parallel Aware": true,
                                  "Relation Name": "movie_info_idx",
                                  "Alias": "mi_idx",
                                  "Startup Cost": 0.0,
                                  "Total Cost": 15122.68,
                                  "Plan Rows": 191978,
                                  "Plan Width": 4,
                                  "Actual Startup Time": 0.068,
                                  "Actual Total Time": 45.394,
                                  "Actual Rows": 114981,
                                  "Actual Loops": 4,
                                  "Filter": "(info_type_id = 101)",
                                  "Rows Removed by Filter": 230028
                                }
                              ]
                            }
                          ]
                        }
                      ]
                    }
                  ]
                }
              ]
            }
          ]
        }
      ]
    },
    "Planning Time": 1.417,
    "Triggers": [],
    "Execution Time": 590.267
  }
]