{
  "Plan": {
    "Node Type": "Aggregate",
    "Strategy": "Plain",
    "Partial Mode": "Finalize",
    "Parallel Aware": false,
    "Startup Cost": 2688381.62,
    "Total Cost": 2688381.63,
    "Plan Rows": 1,
    "Plan Width": 8,
    "Actual Startup Time": 23057.202,
    "Actual Total Time": 23144.896,
    "Actual Rows": 1,
    "Actual Loops": 1,
    "Plans": [
      {
        "Node Type": "Gather",
        "Parent Relationship": "Outer",
        "Parallel Aware": false,
        "Startup Cost": 2688381.51,
        "Total Cost": 2688381.62,
        "Plan Rows": 1,
        "Plan Width": 8,
        "Actual Startup Time": 23036.47,
        "Actual Total Time": 23144.885,
        "Actual Rows": 2,
        "Actual Loops": 1,
        "Workers Planned": 1,
        "Workers Launched": 1,
        "Single Copy": false,
        "Plans": [
          {
            "Node Type": "Aggregate",
            "Strategy": "Plain",
            "Partial Mode": "Partial",
            "Parent Relationship": "Outer",
            "Parallel Aware": false,
            "Startup Cost": 2687381.51,
            "Total Cost": 2687381.52,
            "Plan Rows": 1,
            "Plan Width": 8,
            "Actual Startup Time": 23030.692,
            "Actual Total Time": 23030.701,
            "Actual Rows": 1,
            "Actual Loops": 2,
            "Plans": [
              {
                "Node Type": "Merge Join",
                "Parent Relationship": "Outer",
                "Parallel Aware": false,
                "Join Type": "Inner",
                "Startup Cost": 1356872.66,
                "Total Cost": 2645872.22,
                "Plan Rows": 16603716,
                "Plan Width": 0,
                "Actual Startup Time": 8659.338,
                "Actual Total Time": 20444.573,
                "Actual Rows": 66177264,
                "Actual Loops": 2,
                "Inner Unique": false,
                "Merge Cond": "(mi.movie_id = t.id)",
                "Plans": [
                  {
                    "Node Type": "Index Only Scan",
                    "Parent Relationship": "Outer",
                    "Parallel Aware": true,
                    "Scan Direction": "Forward",
                    "Index Name": "movie_id_movie_info",
                    "Relation Name": "movie_info",
                    "Alias": "mi",
                    "Startup Cost": 0.43,
                    "Total Cost": 1018223.42,
                    "Plan Rows": 8696274,
                    "Plan Width": 4,
                    "Actual Startup Time": 0.086,
                    "Actual Total Time": 2306.812,
                    "Actual Rows": 7417508,
                    "Actual Loops": 2,
                    "Heap Fetches": 14835017
                  },
                  {
                    "Node Type": "Sort",
                    "Parent Relationship": "Inner",
                    "Parallel Aware": false,
                    "Startup Cost": 1356871.15,
                    "Total Cost": 1368939.26,
                    "Plan Rows": 4827247,
                    "Plan Width": 8,
                    "Actual Startup Time": 8659.167,
                    "Actual Total Time": 11957.589,
                    "Actual Rows": 68748818,
                    "Actual Loops": 2,
                    "Sort Key": [
                      "t.id"
                    ],
                    "Sort Method": "quicksort",
                    "Sort Space Used": 438643,
                    "Sort Space Type": "Memory",
                    "Workers": [
                      {
                        "Worker Number": 0,
                        "Sort Method": "quicksort",
                        "Sort Space Used": 438643,
                        "Sort Space Type": "Memory"
                      }
                    ],
                    "Plans": [
                      {
                        "Node Type": "Hash Join",
                        "Parent Relationship": "Outer",
                        "Parallel Aware": false,
                        "Join Type": "Inner",
                        "Startup Cost": 80098.72,
                        "Total Cost": 820979.89,
                        "Plan Rows": 4827247,
                        "Plan Width": 8,
                        "Actual Startup Time": 482.337,
                        "Actual Total Time": 7253.678,
                        "Actual Rows": 5163406,
                        "Actual Loops": 2,
                        "Inner Unique": true,
                        "Hash Cond": "(ci.movie_id = t.id)",
                        "Plans": [
                          {
                            "Node Type": "Seq Scan",
                            "Parent Relationship": "Outer",
                            "Parallel Aware": false,
                            "Relation Name": "cast_info",
                            "Alias": "ci",
                            "Startup Cost": 0.0,
                            "Total Cost": 705537.15,
                            "Plan Rows": 13464367,
                            "Plan Width": 4,
                            "Actual Startup Time": 0.041,
                            "Actual Total Time": 2603.103,
                            "Actual Rows": 13465983,
                            "Actual Loops": 2,
                            "Filter": "(person_id < 1327307)",
                            "Rows Removed by Filter": 22778361
                          },
                          {
                            "Node Type": "Hash",
                            "Parent Relationship": "Inner",
                            "Parallel Aware": false,
                            "Startup Cost": 68768.17,
                            "Total Cost": 68768.17,
                            "Plan Rows": 906444,
                            "Plan Width": 4,
                            "Actual Startup Time": 471.974,
                            "Actual Total Time": 471.979,
                            "Actual Rows": 830099,
                            "Actual Loops": 2,
                            "Hash Buckets": 1048576,
                            "Original Hash Buckets": 1048576,
                            "Hash Batches": 1,
                            "Original Hash Batches": 1,
                            "Peak Memory Usage": 37376,
                            "Plans": [
                              {
                                "Node Type": "Bitmap Heap Scan",
                                "Parent Relationship": "Outer",
                                "Parallel Aware": false,
                                "Relation Name": "title",
                                "Alias": "t",
                                "Startup Cost": 17898.75,
                                "Total Cost": 68768.17,
                                "Plan Rows": 906444,
                                "Plan Width": 4,
                                "Actual Startup Time": 59.763,
                                "Actual Total Time": 279.497,
                                "Actual Rows": 830099,
                                "Actual Loops": 2,
                                "Recheck Cond": "(kind_id < 7)",
                                "Rows Removed by Index Recheck": 0,
                                "Filter": "(production_year > 1942)",
                                "Rows Removed by Filter": 154949,
                                "Exact Heap Blocks": 35472,
                                "Lossy Heap Blocks": 0,
                                "Plans": [
                                  {
                                    "Node Type": "Bitmap Index Scan",
                                    "Parent Relationship": "Outer",
                                    "Parallel Aware": false,
                                    "Index Name": "kind_id_title",
                                    "Startup Cost": 0.0,
                                    "Total Cost": 17672.14,
                                    "Plan Rows": 991428,
                                    "Plan Width": 0,
                                    "Actual Startup Time": 53.427,
                                    "Actual Total Time": 53.43,
                                    "Actual Rows": 985048,
                                    "Actual Loops": 2,
                                    "Index Cond": "(kind_id < 7)"
                                  }
                                ]
                              }
                            ]
                          }
                        ]
                      }
                    ]
                  }
                ]
              }
            ]
          }
        ]
      }
    ]
  },
  "Planning Time": 1.045,
  "Triggers": [],
  "Execution Time": 23180.625
}