[
  {
    "Plan": {
      "Node Type": "Aggregate",
      "Strategy": "Plain",
      "Partial Mode": "Finalize",
      "Parallel Aware": false,
      "Startup Cost": 320483.15,
      "Total Cost": 320483.16,
      "Plan Rows": 1,
      "Plan Width": 8,
      "Actual Startup Time": 2740.908,
      "Actual Total Time": 2843.42,
      "Actual Rows": 1,
      "Actual Loops": 1,
      "Plans": [
        {
          "Node Type": "Gather",
          "Parent Relationship": "Outer",
          "Parallel Aware": false,
          "Startup Cost": 320482.63,
          "Total Cost": 320483.14,
          "Plan Rows": 5,
          "Plan Width": 8,
          "Actual Startup Time": 2740.501,
          "Actual Total Time": 2843.411,
          "Actual Rows": 6,
          "Actual Loops": 1,
          "Workers Planned": 5,
          "Workers Launched": 5,
          "Single Copy": false,
          "Plans": [
            {
              "Node Type": "Aggregate",
              "Strategy": "Plain",
              "Partial Mode": "Partial",
              "Parent Relationship": "Outer",
              "Parallel Aware": false,
              "Startup Cost": 319482.63,
              "Total Cost": 319482.64,
              "Plan Rows": 1,
              "Plan Width": 8,
              "Actual Startup Time": 2734.233,
              "Actual Total Time": 2734.237,
              "Actual Rows": 1,
              "Actual Loops": 6,
              "Plans": [
                {
                  "Node Type": "Nested Loop",
                  "Parent Relationship": "Outer",
                  "Parallel Aware": false,
                  "Join Type": "Inner",
                  "Startup Cost": 45593.05,
                  "Total Cost": 317961.97,
                  "Plan Rows": 608263,
                  "Plan Width": 0,
                  "Actual Startup Time": 72.883,
                  "Actual Total Time": 2624.772,
                  "Actual Rows": 2443317,
                  "Actual Loops": 6,
                  "Inner Unique": false,
                  "Join Filter": "(t.id = ci.movie_id)",
                  "Rows Removed by Join Filter": 0,
                  "Plans": [
                    {
                      "Node Type": "Hash Join",
                      "Parent Relationship": "Outer",
                      "Parallel Aware": true,
                      "Join Type": "Inner",
                      "Startup Cost": 45592.49,
                      "Total Cost": 245071.89,
                      "Plan Rows": 42424,
                      "Plan Width": 8,
                      "Actual Startup Time": 72.732,
                      "Actual Total Time": 574.598,
                      "Actual Rows": 50054,
                      "Actual Loops": 6,
                      "Inner Unique": true,
                      "Hash Cond": "(mi.movie_id = t.id)",
                      "Plans": [
                        {
                          "Node Type": "Seq Scan",
                          "Parent Relationship": "Outer",
                          "Parallel Aware": true,
                          "Relation Name": "movie_info",
                          "Alias": "mi",
                          "Startup Cost": 0.0,
                          "Total Cost": 191685.19,
                          "Plan Rows": 2969219,
                          "Plan Width": 4,
                          "Actual Startup Time": 0.028,
                          "Actual Total Time": 260.308,
                          "Actual Rows": 2472620,
                          "Actual Loops": 6
                        },
                        {
                          "Node Type": "Hash",
                          "Parent Relationship": "Inner",
                          "Parallel Aware": true,
                          "Startup Cost": 45479.59,
                          "Total Cost": 45479.59,
                          "Plan Rows": 9032,
                          "Plan Width": 4,
                          "Actual Startup Time": 71.938,
                          "Actual Total Time": 71.94,
                          "Actual Rows": 3638,
                          "Actual Loops": 6,
                          "Hash Buckets": 65536,
                          "Original Hash Buckets": 65536,
                          "Hash Batches": 1,
                          "Original Hash Batches": 1,
                          "Peak Memory Usage": 1472,
                          "Plans": [
                            {
                              "Node Type": "Seq Scan",
                              "Parent Relationship": "Outer",
                              "Parallel Aware": true,
                              "Relation Name": "title",
                              "Alias": "t",
                              "Startup Cost": 0.0,
                              "Total Cost": 45479.59,
                              "Plan Rows": 9032,
                              "Plan Width": 4,
                              "Actual Startup Time": 0.18,
                              "Actual Total Time": 70.016,
                              "Actual Rows": 3638,
                              "Actual Loops": 6,
                              "Filter": "((kind_id < 3) AND (production_year = 2007))",
                              "Rows Removed by Filter": 417747
                            }
                          ]
                        }
                      ]
                    },
                    {
                      "Node Type": "Index Only Scan",
                      "Parent Relationship": "Inner",
                      "Parallel Aware": false,
                      "Scan Direction": "Forward",
                      "Index Name": "movie_id_cast_info",
                      "Relation Name": "cast_info",
                      "Alias": "ci",
                      "Startup Cost": 0.56,
                      "Total Cost": 1.28,
                      "Plan Rows": 35,
                      "Plan Width": 4,
                      "Actual Startup Time": 0.006,
                      "Actual Total Time": 0.037,
                      "Actual Rows": 49,
                      "Actual Loops": 300325,
                      "Index Cond": "(movie_id = mi.movie_id)",
                      "Rows Removed by Index Recheck": 0,
                      "Heap Fetches": 14659903
                    }
                  ]
                }
              ]
            }
          ]
        }
      ]
    },
    "Planning Time": 0.668,
    "Triggers": [],
    "Execution Time": 2843.529
  }
]