[
  {
    "Plan": {
      "Node Type": "Aggregate",
      "Strategy": "Plain",
      "Partial Mode": "Finalize",
      "Parallel Aware": false,
      "Startup Cost": 324572.89,
      "Total Cost": 324572.9,
      "Plan Rows": 1,
      "Plan Width": 8,
      "Actual Startup Time": 2749.242,
      "Actual Total Time": 2853.527,
      "Actual Rows": 1,
      "Actual Loops": 1,
      "Plans": [
        {
          "Node Type": "Gather",
          "Parent Relationship": "Outer",
          "Parallel Aware": false,
          "Startup Cost": 324572.36,
          "Total Cost": 324572.87,
          "Plan Rows": 5,
          "Plan Width": 8,
          "Actual Startup Time": 2748.928,
          "Actual Total Time": 2853.517,
          "Actual Rows": 6,
          "Actual Loops": 1,
          "Workers Planned": 5,
          "Workers Launched": 5,
          "Single Copy": false,
          "Plans": [
            {
              "Node Type": "Aggregate",
              "Strategy": "Plain",
              "Partial Mode": "Partial",
              "Parent Relationship": "Outer",
              "Parallel Aware": false,
              "Startup Cost": 323572.36,
              "Total Cost": 323572.37,
              "Plan Rows": 1,
              "Plan Width": 8,
              "Actual Startup Time": 2739.925,
              "Actual Total Time": 2739.928,
              "Actual Rows": 1,
              "Actual Loops": 6,
              "Plans": [
                {
                  "Node Type": "Nested Loop",
                  "Parent Relationship": "Outer",
                  "Parallel Aware": false,
                  "Join Type": "Inner",
                  "Startup Cost": 45595.5,
                  "Total Cost": 322019.43,
                  "Plan Rows": 621173,
                  "Plan Width": 0,
                  "Actual Startup Time": 79.365,
                  "Actual Total Time": 2627.944,
                  "Actual Rows": 2443317,
                  "Actual Loops": 6,
                  "Inner Unique": false,
                  "Join Filter": "(t.id = ci.movie_id)",
                  "Rows Removed by Join Filter": 0,
                  "Plans": [
                    {
                      "Node Type": "Hash Join",
                      "Parent Relationship": "Outer",
                      "Parallel Aware": true,
                      "Join Type": "Inner",
                      "Startup Cost": 45594.94,
                      "Total Cost": 244916.7,
                      "Plan Rows": 43351,
                      "Plan Width": 8,
                      "Actual Startup Time": 79.231,
                      "Actual Total Time": 606.618,
                      "Actual Rows": 50054,
                      "Actual Loops": 6,
                      "Inner Unique": true,
                      "Hash Cond": "(mi.movie_id = t.id)",
                      "Plans": [
                        {
                          "Node Type": "Seq Scan",
                          "Parent Relationship": "Outer",
                          "Parallel Aware": true,
                          "Relation Name": "movie_info",
                          "Alias": "mi",
                          "Startup Cost": 0.0,
                          "Total Cost": 191560.33,
                          "Plan Rows": 2956733,
                          "Plan Width": 4,
                          "Actual Startup Time": 0.033,
                          "Actual Total Time": 272.009,
                          "Actual Rows": 2472620,
                          "Actual Loops": 6
                        },
                        {
                          "Node Type": "Hash",
                          "Parent Relationship": "Inner",
                          "Parallel Aware": true,
                          "Startup Cost": 45479.1,
                          "Total Cost": 45479.1,
                          "Plan Rows": 9267,
                          "Plan Width": 4,
                          "Actual Startup Time": 77.756,
                          "Actual Total Time": 77.756,
                          "Actual Rows": 3638,
                          "Actual Loops": 6,
                          "Hash Buckets": 65536,
                          "Original Hash Buckets": 65536,
                          "Hash Batches": 1,
                          "Original Hash Batches": 1,
                          "Peak Memory Usage": 1504,
                          "Plans": [
                            {
                              "Node Type": "Seq Scan",
                              "Parent Relationship": "Outer",
                              "Parallel Aware": true,
                              "Relation Name": "title",
                              "Alias": "t",
                              "Startup Cost": 0.0,
                              "Total Cost": 45479.1,
                              "Plan Rows": 9267,
                              "Plan Width": 4,
                              "Actual Startup Time": 0.196,
                              "Actual Total Time": 75.671,
                              "Actual Rows": 3638,
                              "Actual Loops": 6,
                              "Filter": "((kind_id < 3) AND (production_year = 2007))",
                              "Rows Removed by Filter": 417747
                            }
                          ]
                        }
                      ]
                    },
                    {
                      "Node Type": "Index Only Scan",
                      "Parent Relationship": "Inner",
                      "Parallel Aware": false,
                      "Scan Direction": "Forward",
                      "Index Name": "movie_id_cast_info",
                      "Relation Name": "cast_info",
                      "Alias": "ci",
                      "Startup Cost": 0.56,
                      "Total Cost": 1.32,
                      "Plan Rows": 37,
                      "Plan Width": 4,
                      "Actual Startup Time": 0.006,
                      "Actual Total Time": 0.036,
                      "Actual Rows": 49,
                      "Actual Loops": 300325,
                      "Index Cond": "(movie_id = mi.movie_id)",
                      "Rows Removed by Index Recheck": 0,
                      "Heap Fetches": 14659903
                    }
                  ]
                }
              ]
            }
          ]
        }
      ]
    },
    "Planning Time": 1.091,
    "Triggers": [],
    "Execution Time": 2853.627
  }
]