[
  {
    "Plan": {
      "Node Type": "Aggregate",
      "Strategy": "Plain",
      "Partial Mode": "Finalize",
      "Parallel Aware": false,
      "Startup Cost": 47830.68,
      "Total Cost": 47830.69,
      "Plan Rows": 1,
      "Plan Width": 8,
      "Actual Startup Time": 80.475,
      "Actual Total Time": 93.144,
      "Actual Rows": 1,
      "Actual Loops": 1,
      "Plans": [
        {
          "Node Type": "Gather",
          "Parent Relationship": "Outer",
          "Parallel Aware": false,
          "Startup Cost": 47830.26,
          "Total Cost": 47830.67,
          "Plan Rows": 4,
          "Plan Width": 8,
          "Actual Startup Time": 80.356,
          "Actual Total Time": 93.134,
          "Actual Rows": 5,
          "Actual Loops": 1,
          "Workers Planned": 4,
          "Workers Launched": 4,
          "Single Copy": false,
          "Plans": [
            {
              "Node Type": "Aggregate",
              "Strategy": "Plain",
              "Partial Mode": "Partial",
              "Parent Relationship": "Outer",
              "Parallel Aware": false,
              "Startup Cost": 46830.26,
              "Total Cost": 46830.27,
              "Plan Rows": 1,
              "Plan Width": 8,
              "Actual Startup Time": 75.108,
              "Actual Total Time": 75.11,
              "Actual Rows": 1,
              "Actual Loops": 5,
              "Plans": [
                {
                  "Node Type": "Nested Loop",
                  "Parent Relationship": "Outer",
                  "Parallel Aware": false,
                  "Join Type": "Inner",
                  "Startup Cost": 0.43,
                  "Total Cost": 46829.91,
                  "Plan Rows": 138,
                  "Plan Width": 0,
                  "Actual Startup Time": 47.153,
                  "Actual Total Time": 75.082,
                  "Actual Rows": 148,
                  "Actual Loops": 5,
                  "Inner Unique": false,
                  "Plans": [
                    {
                      "Node Type": "Seq Scan",
                      "Parent Relationship": "Outer",
                      "Parallel Aware": true,
                      "Relation Name": "title",
                      "Alias": "t",
                      "Startup Cost": 0.0,
                      "Total Cost": 43899.32,
                      "Plan Rows": 379,
                      "Plan Width": 4,
                      "Actual Startup Time": 46.885,
                      "Actual Total Time": 70.52,
                      "Actual Rows": 557,
                      "Actual Loops": 5,
                      "Filter": "(production_year = 1925)",
                      "Rows Removed by Filter": 505105
                    },
                    {
                      "Node Type": "Index Scan",
                      "Parent Relationship": "Inner",
                      "Parallel Aware": false,
                      "Scan Direction": "Forward",
                      "Index Name": "movie_id_movie_info_idx",
                      "Relation Name": "movie_info_idx",
                      "Alias": "mi_idx",
                      "Startup Cost": 0.43,
                      "Total Cost": 7.71,
                      "Plan Rows": 2,
                      "Plan Width": 4,
                      "Actual Startup Time": 0.008,
                      "Actual Total Time": 0.008,
                      "Actual Rows": 0,
                      "Actual Loops": 2786,
                      "Index Cond": "(movie_id = t.id)",
                      "Rows Removed by Index Recheck": 0,
                      "Filter": "(info_type_id < 101)",
                      "Rows Removed by Filter": 0
                    }
                  ]
                }
              ]
            }
          ]
        }
      ]
    },
    "Planning Time": 0.502,
    "Triggers": [],
    "Execution Time": 93.203
  }
]