[
  {
    "Plan": {
      "Node Type": "Aggregate",
      "Strategy": "Plain",
      "Partial Mode": "Finalize",
      "Parallel Aware": false,
      "Startup Cost": 32618.54,
      "Total Cost": 32618.55,
      "Plan Rows": 1,
      "Plan Width": 8,
      "Actual Startup Time": 96.119,
      "Actual Total Time": 103.899,
      "Actual Rows": 1,
      "Actual Loops": 1,
      "Plans": [
        {
          "Node Type": "Gather",
          "Parent Relationship": "Outer",
          "Parallel Aware": false,
          "Startup Cost": 32618.23,
          "Total Cost": 32618.54,
          "Plan Rows": 3,
          "Plan Width": 8,
          "Actual Startup Time": 96.003,
          "Actual Total Time": 103.891,
          "Actual Rows": 4,
          "Actual Loops": 1,
          "Workers Planned": 3,
          "Workers Launched": 3,
          "Single Copy": false,
          "Plans": [
            {
              "Node Type": "Aggregate",
              "Strategy": "Plain",
              "Partial Mode": "Partial",
              "Parent Relationship": "Outer",
              "Parallel Aware": false,
              "Startup Cost": 31618.23,
              "Total Cost": 31618.24,
              "Plan Rows": 1,
              "Plan Width": 8,
              "Actual Startup Time": 90.008,
              "Actual Total Time": 90.009,
              "Actual Rows": 1,
              "Actual Loops": 4,
              "Plans": [
                {
                  "Node Type": "Seq Scan",
                  "Parent Relationship": "Outer",
                  "Parallel Aware": true,
                  "Relation Name": "movie_companies",
                  "Alias": "mc",
                  "Startup Cost": 0.0,
                  "Total Cost": 31414.82,
                  "Plan Rows": 81363,
                  "Plan Width": 0,
                  "Actual Startup Time": 0.031,
                  "Actual Total Time": 82.057,
                  "Actual Rows": 93008,
                  "Actual Loops": 4,
                  "Filter": "((company_id < 465) AND (company_type_id = 1))",
                  "Rows Removed by Filter": 559274
                }
              ]
            }
          ]
        }
      ]
    },
    "Planning Time": 0.201,
    "Triggers": [],
    "Execution Time": 103.955
  }
]