[
  {
    "Plan": {
      "Node Type": "Aggregate",
      "Strategy": "Plain",
      "Partial Mode": "Finalize",
      "Parallel Aware": false,
      "Startup Cost": 46140.33,
      "Total Cost": 46140.34,
      "Plan Rows": 1,
      "Plan Width": 8,
      "Actual Startup Time": 141.565,
      "Actual Total Time": 149.859,
      "Actual Rows": 1,
      "Actual Loops": 1,
      "Plans": [
        {
          "Node Type": "Gather",
          "Parent Relationship": "Outer",
          "Parallel Aware": false,
          "Startup Cost": 46140.01,
          "Total Cost": 46140.32,
          "Plan Rows": 3,
          "Plan Width": 8,
          "Actual Startup Time": 141.441,
          "Actual Total Time": 149.851,
          "Actual Rows": 4,
          "Actual Loops": 1,
          "Workers Planned": 3,
          "Workers Launched": 3,
          "Single Copy": false,
          "Plans": [
            {
              "Node Type": "Aggregate",
              "Strategy": "Plain",
              "Partial Mode": "Partial",
              "Parent Relationship": "Outer",
              "Parallel Aware": false,
              "Startup Cost": 45140.01,
              "Total Cost": 45140.02,
              "Plan Rows": 1,
              "Plan Width": 8,
              "Actual Startup Time": 138.371,
              "Actual Total Time": 138.373,
              "Actual Rows": 1,
              "Actual Loops": 4,
              "Plans": [
                {
                  "Node Type": "Seq Scan",
                  "Parent Relationship": "Outer",
                  "Parallel Aware": true,
                  "Relation Name": "movie_keyword",
                  "Alias": "mk",
                  "Startup Cost": 0.0,
                  "Total Cost": 42695.65,
                  "Plan Rows": 977743,
                  "Plan Width": 0,
                  "Actual Startup Time": 0.023,
                  "Actual Total Time": 107.059,
                  "Actual Rows": 760501,
                  "Actual Loops": 4,
                  "Filter": "(keyword_id < 11058)",
                  "Rows Removed by Filter": 370482
                }
              ]
            }
          ]
        }
      ]
    },
    "Planning Time": 0.078,
    "Triggers": [],
    "Execution Time": 149.887
  }
]