[
    {
        "Bao": {
            "Bao prediction": 939.214,
            "Bao recommended hint": "(no hint)"
        }
    },
    {
        "Plan": {
            "Node Type": "Aggregate",
            "Strategy": "Plain",
            "Partial Mode": "Simple",
            "Parallel Aware": false,
            "Startup Cost": 7489.03,
            "Total Cost": 7489.04,
            "Plan Rows": 1,
            "Plan Width": 64,
            "Actual Startup Time": 372.948,
            "Actual Total Time": 372.955,
            "Actual Rows": 1,
            "Actual Loops": 1,
            "Output": [
                "min(mi_idx.info)",
                "min(t.title)"
            ],
            "Plans": [
                {
                    "Node Type": "Nested Loop",
                    "Parent Relationship": "Outer",
                    "Parallel Aware": false,
                    "Join Type": "Inner",
                    "Startup Cost": 12.09,
                    "Total Cost": 7489.02,
                    "Plan Rows": 1,
                    "Plan Width": 22,
                    "Actual Startup Time": 16.008,
                    "Actual Total Time": 372.88,
                    "Actual Rows": 100,
                    "Actual Loops": 1,
                    "Output": [
                        "mi_idx.info",
                        "t.title"
                    ],
                    "Inner Unique": true,
                    "Join Filter": "(mi.info_type_id = it1.id)",
                    "Rows Removed by Join Filter": 5,
                    "Plans": [
                        {
                            "Node Type": "Nested Loop",
                            "Parent Relationship": "Outer",
                            "Parallel Aware": false,
                            "Join Type": "Inner",
                            "Startup Cost": 12.09,
                            "Total Cost": 7486.6,
                            "Plan Rows": 1,
                            "Plan Width": 26,
                            "Actual Startup Time": 15.993,
                            "Actual Total Time": 372.066,
                            "Actual Rows": 105,
                            "Actual Loops": 1,
                            "Output": [
                                "mi_idx.info",
                                "mi.info_type_id",
                                "t.title"
                            ],
                            "Inner Unique": false,
                            "Join Filter": "(t.id = mi.movie_id)",
                            "Rows Removed by Join Filter": 0,
                            "Plans": [
                                {
                                    "Node Type": "Nested Loop",
                                    "Parent Relationship": "Outer",
                                    "Parallel Aware": false,
                                    "Join Type": "Inner",
                                    "Startup Cost": 11.65,
                                    "Total Cost": 7484.72,
                                    "Plan Rows": 1,
                                    "Plan Width": 34,
                                    "Actual Startup Time": 15.847,
                                    "Actual Total Time": 354.701,
                                    "Actual Rows": 153,
                                    "Actual Loops": 1,
                                    "Output": [
                                        "mi_idx.info",
                                        "mi_idx.movie_id",
                                        "mk.movie_id",
                                        "t.title",
                                        "t.id"
                                    ],
                                    "Inner Unique": true,
                                    "Join Filter": "(t.kind_id = kt.id)",
                                    "Rows Removed by Join Filter": 13519,
                                    "Plans": [
                                        {
                                            "Node Type": "Nested Loop",
                                            "Parent Relationship": "Outer",
                                            "Parallel Aware": false,
                                            "Join Type": "Inner",
                                            "Startup Cost": 11.65,
                                            "Total Cost": 7483.56,
                                            "Plan Rows": 2,
                                            "Plan Width": 38,
                                            "Actual Startup Time": 15.823,
                                            "Actual Total Time": 350.71,
                                            "Actual Rows": 6886,
                                            "Actual Loops": 1,
                                            "Output": [
                                                "mi_idx.info",
                                                "mi_idx.movie_id",
                                                "mk.movie_id",
                                                "t.title",
                                                "t.kind_id",
                                                "t.id"
                                            ],
                                            "Inner Unique": true,
                                            "Plans": [
                                                {
                                                    "Node Type": "Nested Loop",
                                                    "Parent Relationship": "Outer",
                                                    "Parallel Aware": false,
                                                    "Join Type": "Inner",
                                                    "Startup Cost": 11.22,
                                                    "Total Cost": 7482.09,
                                                    "Plan Rows": 3,
                                                    "Plan Width": 13,
                                                    "Actual Startup Time": 15.451,
                                                    "Actual Total Time": 263.77,
                                                    "Actual Rows": 18211,
                                                    "Actual Loops": 1,
                                                    "Output": [
                                                        "mi_idx.info",
                                                        "mi_idx.movie_id",
                                                        "mk.movie_id"
                                                    ],
                                                    "Inner Unique": false,
                                                    "Join Filter": "(mi_idx.info_type_id = it2.id)",
                                                    "Rows Removed by Join Filter": 45998,
                                                    "Plans": [
                                                        {
                                                            "Node Type": "Seq Scan",
                                                            "Parent Relationship": "Outer",
                                                            "Parallel Aware": false,
                                                            "Relation Name": "info_type",
                                                            "Schema": "public",
                                                            "Alias": "it2",
                                                            "Startup Cost": 0.0,
                                                            "Total Cost": 2.41,
                                                            "Plan Rows": 1,
                                                            "Plan Width": 4,
                                                            "Actual Startup Time": 0.043,
                                                            "Actual Total Time": 0.047,
                                                            "Actual Rows": 1,
                                                            "Actual Loops": 1,
                                                            "Output": [
                                                                "it2.id",
                                                                "it2.info"
                                                            ],
                                                            "Filter": "((it2.info)::text = 'rating'::text)",
                                                            "Rows Removed by Filter": 112
                                                        },
                                                        {
                                                            "Node Type": "Nested Loop",
                                                            "Parent Relationship": "Inner",
                                                            "Parallel Aware": false,
                                                            "Join Type": "Inner",
                                                            "Startup Cost": 11.22,
                                                            "Total Cost": 7475.63,
                                                            "Plan Rows": 324,
                                                            "Plan Width": 17,
                                                            "Actual Startup Time": 15.251,
                                                            "Actual Total Time": 256.651,
                                                            "Actual Rows": 64209,
                                                            "Actual Loops": 1,
                                                            "Output": [
                                                                "mk.movie_id",
                                                                "mi_idx.info",
                                                                "mi_idx.movie_id",
                                                                "mi_idx.info_type_id"
                                                            ],
                                                            "Inner Unique": false,
                                                            "Plans": [
                                                                {
                                                                    "Node Type": "Nested Loop",
                                                                    "Parent Relationship": "Outer",
                                                                    "Parallel Aware": false,
                                                                    "Join Type": "Inner",
                                                                    "Startup Cost": 10.8,
                                                                    "Total Cost": 7405.43,
                                                                    "Plan Rows": 135,
                                                                    "Plan Width": 4,
                                                                    "Actual Startup Time": 15.191,
                                                                    "Actual Total Time": 103.832,
                                                                    "Actual Rows": 33906,
                                                                    "Actual Loops": 1,
                                                                    "Output": [
                                                                        "mk.movie_id"
                                                                    ],
                                                                    "Inner Unique": false,
                                                                    "Plans": [
                                                                        {
                                                                            "Node Type": "Seq Scan",
                                                                            "Parent Relationship": "Outer",
                                                                            "Parallel Aware": false,
                                                                            "Relation Name": "keyword",
                                                                            "Schema": "public",
                                                                            "Alias": "k",
                                                                            "Startup Cost": 0.0,
                                                                            "Total Cost": 2961.55,
                                                                            "Plan Rows": 4,
                                                                            "Plan Width": 4,
                                                                            "Actual Startup Time": 2.459,
                                                                            "Actual Total Time": 24.299,
                                                                            "Actual Rows": 4,
                                                                            "Actual Loops": 1,
                                                                            "Output": [
                                                                                "k.id",
                                                                                "k.keyword",
                                                                                "k.phonetic_code"
                                                                            ],
                                                                            "Filter": "((k.keyword IS NOT NULL) AND (k.keyword = ANY ('{tv-special,female-nudity,blood,japanese}'::text[])))",
                                                                            "Rows Removed by Filter": 134166
                                                                        },
                                                                        {
                                                                            "Node Type": "Bitmap Heap Scan",
                                                                            "Parent Relationship": "Inner",
                                                                            "Parallel Aware": false,
                                                                            "Relation Name": "movie_keyword",
                                                                            "Schema": "public",
                                                                            "Alias": "mk",
                                                                            "Startup Cost": 10.8,
                                                                            "Total Cost": 1107.92,
                                                                            "Plan Rows": 305,
                                                                            "Plan Width": 8,
                                                                            "Actual Startup Time": 4.07,
                                                                            "Actual Total Time": 18.471,
                                                                            "Actual Rows": 8476,
                                                                            "Actual Loops": 4,
                                                                            "Output": [
                                                                                "mk.id",
                                                                                "mk.movie_id",
                                                                                "mk.keyword_id"
                                                                            ],
                                                                            "Recheck Cond": "(mk.keyword_id = k.id)",
                                                                            "Rows Removed by Index Recheck": 0,
                                                                            "Exact Heap Blocks": 20232,
                                                                            "Lossy Heap Blocks": 0,
                                                                            "Plans": [
                                                                                {
                                                                                    "Node Type": "Bitmap Index Scan",
                                                                                    "Parent Relationship": "Outer",
                                                                                    "Parallel Aware": false,
                                                                                    "Index Name": "keyword_id_movie_keyword",
                                                                                    "Startup Cost": 0.0,
                                                                                    "Total Cost": 10.72,
                                                                                    "Plan Rows": 305,
                                                                                    "Plan Width": 0,
                                                                                    "Actual Startup Time": 2.75,
                                                                                    "Actual Total Time": 2.75,
                                                                                    "Actual Rows": 8476,
                                                                                    "Actual Loops": 4,
                                                                                    "Index Cond": "(mk.keyword_id = k.id)"
                                                                                }
                                                                            ]
                                                                        }
                                                                    ]
                                                                },
                                                                {
                                                                    "Node Type": "Index Scan",
                                                                    "Parent Relationship": "Inner",
                                                                    "Parallel Aware": false,
                                                                    "Scan Direction": "Forward",
                                                                    "Index Name": "movie_id_movie_info_idx",
                                                                    "Relation Name": "movie_info_idx",
                                                                    "Schema": "public",
                                                                    "Alias": "mi_idx",
                                                                    "Startup Cost": 0.43,
                                                                    "Total Cost": 0.5,
                                                                    "Plan Rows": 2,
                                                                    "Plan Width": 13,
                                                                    "Actual Startup Time": 0.003,
                                                                    "Actual Total Time": 0.004,
                                                                    "Actual Rows": 2,
                                                                    "Actual Loops": 33906,
                                                                    "Output": [
                                                                        "mi_idx.id",
                                                                        "mi_idx.movie_id",
                                                                        "mi_idx.info_type_id",
                                                                        "mi_idx.info",
                                                                        "mi_idx.note"
                                                                    ],
                                                                    "Index Cond": "(mi_idx.movie_id = mk.movie_id)",
                                                                    "Rows Removed by Index Recheck": 0,
                                                                    "Filter": "(mi_idx.info < '6.6'::text)",
                                                                    "Rows Removed by Filter": 0
                                                                }
                                                            ]
                                                        }
                                                    ]
                                                },
                                                {
                                                    "Node Type": "Index Scan",
                                                    "Parent Relationship": "Inner",
                                                    "Parallel Aware": false,
                                                    "Scan Direction": "Forward",
                                                    "Index Name": "title_pkey",
                                                    "Relation Name": "title",
                                                    "Schema": "public",
                                                    "Alias": "t",
                                                    "Startup Cost": 0.43,
                                                    "Total Cost": 0.49,
                                                    "Plan Rows": 1,
                                                    "Plan Width": 25,
                                                    "Actual Startup Time": 0.004,
                                                    "Actual Total Time": 0.004,
                                                    "Actual Rows": 0,
                                                    "Actual Loops": 18211,
                                                    "Output": [
                                                        "t.id",
                                                        "t.title",
                                                        "t.imdb_index",
                                                        "t.kind_id",
                                                        "t.production_year",
                                                        "t.imdb_id",
                                                        "t.phonetic_code",
                                                        "t.episode_of_id",
                                                        "t.season_nr",
                                                        "t.episode_nr",
                                                        "t.series_years",
                                                        "t.md5sum"
                                                    ],
                                                    "Index Cond": "(t.id = mk.movie_id)",
                                                    "Rows Removed by Index Recheck": 0,
                                                    "Filter": "(t.production_year > 2000)",
                                                    "Rows Removed by Filter": 1
                                                }
                                            ]
                                        },
                                        {
                                            "Node Type": "Materialize",
                                            "Parent Relationship": "Inner",
                                            "Parallel Aware": false,
                                            "Startup Cost": 0.0,
                                            "Total Cost": 1.1,
                                            "Plan Rows": 2,
                                            "Plan Width": 4,
                                            "Actual Startup Time": 0.0,
                                            "Actual Total Time": 0.0,
                                            "Actual Rows": 2,
                                            "Actual Loops": 6886,
                                            "Output": [
                                                "kt.id"
                                            ],
                                            "Plans": [
                                                {
                                                    "Node Type": "Seq Scan",
                                                    "Parent Relationship": "Outer",
                                                    "Parallel Aware": false,
                                                    "Relation Name": "kind_type",
                                                    "Schema": "public",
                                                    "Alias": "kt",
                                                    "Startup Cost": 0.0,
                                                    "Total Cost": 1.09,
                                                    "Plan Rows": 2,
                                                    "Plan Width": 4,
                                                    "Actual Startup Time": 0.015,
                                                    "Actual Total Time": 0.019,
                                                    "Actual Rows": 2,
                                                    "Actual Loops": 1,
                                                    "Output": [
                                                        "kt.id"
                                                    ],
                                                    "Filter": "((kt.kind)::text = ANY ('{\"video game\",\"tv series\"}'::text[]))",
                                                    "Rows Removed by Filter": 5
                                                }
                                            ]
                                        }
                                    ]
                                },
                                {
                                    "Node Type": "Index Scan",
                                    "Parent Relationship": "Inner",
                                    "Parallel Aware": false,
                                    "Scan Direction": "Forward",
                                    "Index Name": "movie_id_movie_info",
                                    "Relation Name": "movie_info",
                                    "Schema": "public",
                                    "Alias": "mi",
                                    "Startup Cost": 0.43,
                                    "Total Cost": 1.86,
                                    "Plan Rows": 2,
                                    "Plan Width": 8,
                                    "Actual Startup Time": 0.104,
                                    "Actual Total Time": 0.112,
                                    "Actual Rows": 1,
                                    "Actual Loops": 153,
                                    "Output": [
                                        "mi.id",
                                        "mi.movie_id",
                                        "mi.info_type_id",
                                        "mi.info",
                                        "mi.note"
                                    ],
                                    "Index Cond": "(mi.movie_id = mk.movie_id)",
                                    "Rows Removed by Index Recheck": 0,
                                    "Filter": "(mi.info = ANY ('{Bulgaria,American,Danish,Norwegian,America,USA,Sweden,Germany,Swedish,Japan}'::text[]))",
                                    "Rows Removed by Filter": 15
                                }
                            ]
                        },
                        {
                            "Node Type": "Seq Scan",
                            "Parent Relationship": "Inner",
                            "Parallel Aware": false,
                            "Relation Name": "info_type",
                            "Schema": "public",
                            "Alias": "it1",
                            "Startup Cost": 0.0,
                            "Total Cost": 2.41,
                            "Plan Rows": 1,
                            "Plan Width": 4,
                            "Actual Startup Time": 0.004,
                            "Actual Total Time": 0.005,
                            "Actual Rows": 1,
                            "Actual Loops": 105,
                            "Output": [
                                "it1.id",
                                "it1.info"
                            ],
                            "Filter": "((it1.info)::text = 'countries'::text)",
                            "Rows Removed by Filter": 12
                        }
                    ]
                }
            ]
        },
        "Planning Time": 2316.344,
        "Triggers": [],
        "Execution Time": 373.771
    }
]