[
  {
    "Plan": {
      "Node Type": "Aggregate",
      "Strategy": "Plain",
      "Partial Mode": "Finalize",
      "Parallel Aware": false,
      "Startup Cost": 47054.34,
      "Total Cost": 47054.35,
      "Plan Rows": 1,
      "Plan Width": 8,
      "Actual Startup Time": 171.42,
      "Actual Total Time": 181.285,
      "Actual Rows": 1,
      "Actual Loops": 1,
      "Plans": [
        {
          "Node Type": "Gather",
          "Parent Relationship": "Outer",
          "Parallel Aware": false,
          "Startup Cost": 47054.02,
          "Total Cost": 47054.33,
          "Plan Rows": 3,
          "Plan Width": 8,
          "Actual Startup Time": 171.31,
          "Actual Total Time": 181.278,
          "Actual Rows": 4,
          "Actual Loops": 1,
          "Workers Planned": 3,
          "Workers Launched": 3,
          "Single Copy": false,
          "Plans": [
            {
              "Node Type": "Aggregate",
              "Strategy": "Plain",
              "Partial Mode": "Partial",
              "Parent Relationship": "Outer",
              "Parallel Aware": false,
              "Startup Cost": 46054.02,
              "Total Cost": 46054.03,
              "Plan Rows": 1,
              "Plan Width": 8,
              "Actual Startup Time": 165.238,
              "Actual Total Time": 165.239,
              "Actual Rows": 1,
              "Actual Loops": 4,
              "Plans": [
                {
                  "Node Type": "Seq Scan",
                  "Parent Relationship": "Outer",
                  "Parallel Aware": true,
                  "Relation Name": "movie_keyword",
                  "Alias": "mk",
                  "Startup Cost": 0.0,
                  "Total Cost": 42695.65,
                  "Plan Rows": 1343347,
                  "Plan Width": 0,
                  "Actual Startup Time": 0.045,
                  "Actual Total Time": 120.326,
                  "Actual Rows": 1043892,
                  "Actual Loops": 4,
                  "Filter": "(keyword_id < 47792)",
                  "Rows Removed by Filter": 87090
                }
              ]
            }
          ]
        }
      ]
    },
    "Planning Time": 0.185,
    "Triggers": [],
    "Execution Time": 181.342
  }
]