[
  {
    "Plan": {
      "Node Type": "Aggregate",
      "Strategy": "Plain",
      "Partial Mode": "Simple",
      "Parallel Aware": false,
      "Startup Cost": 21708.08,
      "Total Cost": 21708.09,
      "Plan Rows": 1,
      "Plan Width": 8,
      "Actual Startup Time": 46.435,
      "Actual Total Time": 46.436,
      "Actual Rows": 1,
      "Actual Loops": 1,
      "Plans": [
        {
          "Node Type": "Bitmap Heap Scan",
          "Parent Relationship": "Outer",
          "Parallel Aware": false,
          "Relation Name": "movie_companies",
          "Alias": "mc",
          "Startup Cost": 1724.9,
          "Total Cost": 21509.22,
          "Plan Rows": 79545,
          "Plan Width": 0,
          "Actual Startup Time": 15.67,
          "Actual Total Time": 40.299,
          "Actual Rows": 82567,
          "Actual Loops": 1,
          "Recheck Cond": "(company_id < 16)",
          "Rows Removed by Index Recheck": 0,
          "Exact Heap Blocks": 7612,
          "Lossy Heap Blocks": 0,
          "Plans": [
            {
              "Node Type": "Bitmap Index Scan",
              "Parent Relationship": "Outer",
              "Parallel Aware": false,
              "Index Name": "company_id_movie_companies",
              "Startup Cost": 0.0,
              "Total Cost": 1705.02,
              "Plan Rows": 79545,
              "Plan Width": 0,
              "Actual Startup Time": 12.875,
              "Actual Total Time": 12.875,
              "Actual Rows": 82567,
              "Actual Loops": 1,
              "Index Cond": "(company_id < 16)"
            }
          ]
        }
      ]
    },
    "Planning Time": 0.26,
    "Triggers": [],
    "Execution Time": 46.565
  }
]