[
  {
    "Plan": {
      "Node Type": "Aggregate",
      "Strategy": "Plain",
      "Partial Mode": "Finalize",
      "Parallel Aware": false,
      "Startup Cost": 337595.21,
      "Total Cost": 337595.22,
      "Plan Rows": 1,
      "Plan Width": 8,
      "Actual Startup Time": 778.832,
      "Actual Total Time": 837.386,
      "Actual Rows": 1,
      "Actual Loops": 1,
      "Plans": [
        {
          "Node Type": "Gather",
          "Parent Relationship": "Outer",
          "Parallel Aware": false,
          "Startup Cost": 337594.58,
          "Total Cost": 337595.19,
          "Plan Rows": 6,
          "Plan Width": 8,
          "Actual Startup Time": 778.719,
          "Actual Total Time": 837.375,
          "Actual Rows": 7,
          "Actual Loops": 1,
          "Workers Planned": 6,
          "Workers Launched": 6,
          "Single Copy": false,
          "Plans": [
            {
              "Node Type": "Aggregate",
              "Strategy": "Plain",
              "Partial Mode": "Partial",
              "Parent Relationship": "Outer",
              "Parallel Aware": false,
              "Startup Cost": 336594.58,
              "Total Cost": 336594.59,
              "Plan Rows": 1,
              "Plan Width": 8,
              "Actual Startup Time": 769.864,
              "Actual Total Time": 769.865,
              "Actual Rows": 1,
              "Actual Loops": 7,
              "Plans": [
                {
                  "Node Type": "Seq Scan",
                  "Parent Relationship": "Outer",
                  "Parallel Aware": true,
                  "Relation Name": "cast_info",
                  "Alias": "ci",
                  "Startup Cost": 0.0,
                  "Total Cost": 328162.03,
                  "Plan Rows": 3373023,
                  "Plan Width": 0,
                  "Actual Startup Time": 182.654,
                  "Actual Total Time": 636.852,
                  "Actual Rows": 2893854,
                  "Actual Loops": 7,
                  "Filter": "(person_id > 1580957)",
                  "Rows Removed by Filter": 2283909
                }
              ]
            }
          ]
        }
      ]
    },
    "Planning Time": 0.203,
    "Triggers": [],
    "Execution Time": 837.462
  }
]