[
  {
    "Plan": {
      "Node Type": "Aggregate",
      "Strategy": "Plain",
      "Partial Mode": "Finalize",
      "Parallel Aware": false,
      "Startup Cost": 685831.34,
      "Total Cost": 685831.35,
      "Plan Rows": 1,
      "Plan Width": 96,
      "Actual Startup Time": 2390.302,
      "Actual Total Time": 2543.77,
      "Actual Rows": 1,
      "Actual Loops": 1,
      "Plans": [
        {
          "Node Type": "Gather",
          "Parent Relationship": "Outer",
          "Parallel Aware": false,
          "Startup Cost": 685830.9,
          "Total Cost": 685831.31,
          "Plan Rows": 4,
          "Plan Width": 96,
          "Actual Startup Time": 2388.257,
          "Actual Total Time": 2543.753,
          "Actual Rows": 5,
          "Actual Loops": 1,
          "Workers Planned": 4,
          "Workers Launched": 4,
          "Single Copy": false,
          "Plans": [
            {
              "Node Type": "Aggregate",
              "Strategy": "Plain",
              "Partial Mode": "Partial",
              "Parent Relationship": "Outer",
              "Parallel Aware": false,
              "Startup Cost": 684830.9,
              "Total Cost": 684830.91,
              "Plan Rows": 1,
              "Plan Width": 96,
              "Actual Startup Time": 2377.93,
              "Actual Total Time": 2377.994,
              "Actual Rows": 1,
              "Actual Loops": 5,
              "Plans": [
                {
                  "Node Type": "Hash Join",
                  "Parent Relationship": "Outer",
                  "Parallel Aware": true,
                  "Join Type": "Inner",
                  "Startup Cost": 615612.48,
                  "Total Cost": 684830.89,
                  "Plan Rows": 1,
                  "Plan Width": 66,
                  "Actual Startup Time": 2262.031,
                  "Actual Total Time": 2377.393,
                  "Actual Rows": 2549,
                  "Actual Loops": 5,
                  "Inner Unique": false,
                  "Hash Cond": "(n.id = ci.person_id)",
                  "Plans": [
                    {
                      "Node Type": "Seq Scan",
                      "Parent Relationship": "Outer",
                      "Parallel Aware": true,
                      "Relation Name": "name",
                      "Alias": "n",
                      "Startup Cost": 0.0,
                      "Total Cost": 68635.58,
                      "Plan Rows": 155418,
                      "Plan Width": 4,
                      "Actual Startup Time": 59.442,
                      "Actual Total Time": 145.57,
                      "Actual Rows": 192311,
                      "Actual Loops": 5,
                      "Filter": "((gender IS NOT NULL) AND ((gender)::text = 'f'::text))",
                      "Rows Removed by Filter": 641187
                    },
                    {
                      "Node Type": "Hash",
                      "Parent Relationship": "Inner",
                      "Parallel Aware": true,
                      "Startup Cost": 615612.44,
                      "Total Cost": 615612.44,
                      "Plan Rows": 3,
                      "Plan Width": 70,
                      "Actual Startup Time": 2201.276,
                      "Actual Total Time": 2201.338,
                      "Actual Rows": 14437,
                      "Actual Loops": 5,
                      "Hash Buckets": 131072,
                      "Original Hash Buckets": 1024,
                      "Hash Batches": 1,
                      "Original Hash Batches": 1,
                      "Peak Memory Usage": 6968,
                      "Plans": [
                        {
                          "Node Type": "Hash Join",
                          "Parent Relationship": "Outer",
                          "Parallel Aware": true,
                          "Join Type": "Inner",
                          "Startup Cost": 261978.75,
                          "Total Cost": 615612.44,
                          "Plan Rows": 3,
                          "Plan Width": 70,
                          "Actual Startup Time": 858.626,
                          "Actual Total Time": 2098.545,
                          "Actual Rows": 14437,
                          "Actual Loops": 5,
                          "Inner Unique": false,
                          "Hash Cond": "(ci.movie_id = t.id)",
                          "Plans": [
                            {
                              "Node Type": "Seq Scan",
                              "Parent Relationship": "Outer",
                              "Parallel Aware": true,
                              "Relation Name": "cast_info",
                              "Alias": "ci",
                              "Startup Cost": 0.0,
                              "Total Cost": 350807.07,
                              "Plan Rows": 753763,
                              "Plan Width": 8,
                              "Actual Startup Time": 0.029,
                              "Actual Total Time": 1116.251,
                              "Actual Rows": 896875,
                              "Actual Loops": 5,
                              "Filter": "(note = ANY ('{(producer),(writer),\"(executive producer)\",(uncredited),(voice)}'::text[]))",
                              "Rows Removed by Filter": 6351994
                            },
                            {
                              "Node Type": "Hash",
                              "Parent Relationship": "Inner",
                              "Parallel Aware": true,
                              "Startup Cost": 261978.74,
                              "Total Cost": 261978.74,
                              "Plan Rows": 1,
                              "Plan Width": 78,
                              "Actual Startup Time": 858.207,
                              "Actual Total Time": 858.266,
                              "Actual Rows": 2601,
                              "Actual Loops": 5,
                              "Hash Buckets": 16384,
                              "Original Hash Buckets": 1024,
                              "Hash Batches": 1,
                              "Original Hash Batches": 1,
                              "Peak Memory Usage": 1336,
                              "Plans": [
                                {
                                  "Node Type": "Hash Join",
                                  "Parent Relationship": "Outer",
                                  "Parallel Aware": true,
                                  "Join Type": "Inner",
                                  "Startup Cost": 215320.97,
                                  "Total Cost": 261978.74,
                                  "Plan Rows": 1,
                                  "Plan Width": 78,
                                  "Actual Startup Time": 673.295,
                                  "Actual Total Time": 824.664,
                                  "Actual Rows": 2601,
                                  "Actual Loops": 5,
                                  "Inner Unique": false,
                                  "Hash Cond": "(t.id = mi.movie_id)",
                                  "Plans": [
                                    {
                                      "Node Type": "Seq Scan",
                                      "Parent Relationship": "Outer",
                                      "Parallel Aware": true,
                                      "Relation Name": "title",
                                      "Alias": "t",
                                      "Startup Cost": 0.0,
                                      "Total Cost": 45478.74,
                                      "Plan Rows": 314404,
                                      "Plan Width": 21,
                                      "Actual Startup Time": 0.036,
                                      "Actual Total Time": 110.286,
                                      "Actual Rows": 250676,
                                      "Actual Loops": 5,
                                      "Filter": "((production_year >= 1999) AND (production_year <= 2011))",
                                      "Rows Removed by Filter": 254986
                                    },
                                    {
                                      "Node Type": "Hash",
                                      "Parent Relationship": "Inner",
                                      "Parallel Aware": true,
                                      "Startup Cost": 215320.94,
                                      "Total Cost": 215320.94,
                                      "Plan Rows": 3,
                                      "Plan Width": 57,
                                      "Actual Startup Time": 672.864,
                                      "Actual Total Time": 672.919,
                                      "Actual Rows": 6255,
                                      "Actual Loops": 5,
                                      "Hash Buckets": 32768,
                                      "Original Hash Buckets": 1024,
                                      "Hash Batches": 1,
                                      "Original Hash Batches": 1,
                                      "Peak Memory Usage": 2296,
                                      "Plans": [
                                        {
                                          "Node Type": "Hash Join",
                                          "Parent Relationship": "Outer",
                                          "Parallel Aware": true,
                                          "Join Type": "Inner",
                                          "Startup Cost": 199123.47,
                                          "Total Cost": 215320.94,
                                          "Plan Rows": 3,
                                          "Plan Width": 57,
                                          "Actual Startup Time": 566.316,
                                          "Actual Total Time": 643.413,
                                          "Actual Rows": 6255,
                                          "Actual Loops": 5,
                                          "Inner Unique": false,
                                          "Hash Cond": "(mi_idx.movie_id = mi.movie_id)",
                                          "Plans": [
                                            {
                                              "Node Type": "Hash Join",
                                              "Parent Relationship": "Outer",
                                              "Parallel Aware": false,
                                              "Join Type": "Inner",
                                              "Startup Cost": 2.43,
                                              "Total Cost": 16161.98,
                                              "Plan Rows": 3369,
                                              "Plan Width": 10,
                                              "Actual Startup Time": 0.089,
                                              "Actual Total Time": 60.952,
                                              "Actual Rows": 90058,
                                              "Actual Loops": 5,
                                              "Inner Unique": true,
                                              "Hash Cond": "(mi_idx.info_type_id = it2.id)",
                                              "Plans": [
                                                {
                                                  "Node Type": "Seq Scan",
                                                  "Parent Relationship": "Outer",
                                                  "Parallel Aware": true,
                                                  "Relation Name": "movie_info_idx",
                                                  "Alias": "mi_idx",
                                                  "Startup Cost": 0.0,
                                                  "Total Cost": 15122.68,
                                                  "Plan Rows": 380722,
                                                  "Plan Width": 14,
                                                  "Actual Startup Time": 0.02,
                                                  "Actual Total Time": 41.278,
                                                  "Actual Rows": 183291,
                                                  "Actual Loops": 5,
                                                  "Filter": "(info > '12'::text)",
                                                  "Rows Removed by Filter": 92716
                                                },
                                                {
                                                  "Node Type": "Hash",
                                                  "Parent Relationship": "Inner",
                                                  "Parallel Aware": false,
                                                  "Startup Cost": 2.41,
                                                  "Total Cost": 2.41,
                                                  "Plan Rows": 1,
                                                  "Plan Width": 4,
                                                  "Actual Startup Time": 0.027,
                                                  "Actual Total Time": 0.028,
                                                  "Actual Rows": 1,
                                                  "Actual Loops": 5,
                                                  "Hash Buckets": 1024,
                                                  "Original Hash Buckets": 1024,
                                                  "Hash Batches": 1,
                                                  "Original Hash Batches": 1,
                                                  "Peak Memory Usage": 9,
                                                  "Plans": [
                                                    {
                                                      "Node Type": "Seq Scan",
                                                      "Parent Relationship": "Outer",
                                                      "Parallel Aware": false,
                                                      "Relation Name": "info_type",
                                                      "Alias": "it2",
                                                      "Startup Cost": 0.0,
                                                      "Total Cost": 2.41,
                                                      "Plan Rows": 1,
                                                      "Plan Width": 4,
                                                      "Actual Startup Time": 0.018,
                                                      "Actual Total Time": 0.02,
                                                      "Actual Rows": 1,
                                                      "Actual Loops": 5,
                                                      "Filter": "((info)::text = 'rating'::text)",
                                                      "Rows Removed by Filter": 112
                                                    }
                                                  ]
                                                }
                                              ]
                                            },
                                            {
                                              "Node Type": "Hash",
                                              "Parent Relationship": "Inner",
                                              "Parallel Aware": true,
                                              "Startup Cost": 199119.94,
                                              "Total Cost": 199119.94,
                                              "Plan Rows": 88,
                                              "Plan Width": 47,
                                              "Actual Startup Time": 566.069,
                                              "Actual Total Time": 566.073,
                                              "Actual Rows": 11078,
                                              "Actual Loops": 5,
                                              "Hash Buckets": 65536,
                                              "Original Hash Buckets": 1024,
                                              "Hash Batches": 1,
                                              "Original Hash Batches": 1,
                                              "Peak Memory Usage": 3672,
                                              "Plans": [
                                                {
                                                  "Node Type": "Hash Join",
                                                  "Parent Relationship": "Outer",
                                                  "Parallel Aware": false,
                                                  "Join Type": "Inner",
                                                  "Startup Cost": 2.43,
                                                  "Total Cost": 199119.94,
                                                  "Plan Rows": 88,
                                                  "Plan Width": 47,
                                                  "Actual Startup Time": 497.476,
                                                  "Actual Total Time": 552.078,
                                                  "Actual Rows": 11078,
                                                  "Actual Loops": 5,
                                                  "Inner Unique": true,
                                                  "Hash Cond": "(mi.info_type_id = it1.id)",
                                                  "Plans": [
                                                    {
                                                      "Node Type": "Seq Scan",
                                                      "Parent Relationship": "Outer",
                                                      "Parallel Aware": true,
                                                      "Relation Name": "movie_info",
                                                      "Alias": "mi",
                                                      "Startup Cost": 0.0,
                                                      "Total Cost": 199090.3,
                                                      "Plan Rows": 9995,
                                                      "Plan Width": 51,
                                                      "Actual Startup Time": 341.884,
                                                      "Actual Total Time": 549.843,
                                                      "Actual Rows": 11231,
                                                      "Actual Loops": 5,
                                                      "Filter": "((note IS NULL) AND (info = ANY ('{Crime,Sci-Fi}'::text[])))",
                                                      "Rows Removed by Filter": 2955913
                                                    },
                                                    {
                                                      "Node Type": "Hash",
                                                      "Parent Relationship": "Inner",
                                                      "Parallel Aware": false,
                                                      "Startup Cost": 2.41,
                                                      "Total Cost": 2.41,
                                                      "Plan Rows": 1,
                                                      "Plan Width": 4,
                                                      "Actual Startup Time": 0.065,
                                                      "Actual Total Time": 0.066,
                                                      "Actual Rows": 1,
                                                      "Actual Loops": 5,
                                                      "Hash Buckets": 1024,
                                                      "Original Hash Buckets": 1024,
                                                      "Hash Batches": 1,
                                                      "Original Hash Batches": 1,
                                                      "Peak Memory Usage": 9,
                                                      "Plans": [
                                                        {
                                                          "Node Type": "Seq Scan",
                                                          "Parent Relationship": "Outer",
                                                          "Parallel Aware": false,
                                                          "Relation Name": "info_type",
                                                          "Alias": "it1",
                                                          "Startup Cost": 0.0,
                                                          "Total Cost": 2.41,
                                                          "Plan Rows": 1,
                                                          "Plan Width": 4,
                                                          "Actual Startup Time": 0.044,
                                                          "Actual Total Time": 0.051,
                                                          "Actual Rows": 1,
                                                          "Actual Loops": 5,
                                                          "Filter": "((info)::text = 'genres'::text)",
                                                          "Rows Removed by Filter": 112
                                                        }
                                                      ]
                                                    }
                                                  ]
                                                }
                                              ]
                                            }
                                          ]
                                        }
                                      ]
                                    }
                                  ]
                                }
                              ]
                            }
                          ]
                        }
                      ]
                    }
                  ]
                }
              ]
            }
          ]
        }
      ]
    },
    "Planning Time": 9.062,
    "Triggers": [],
    "Execution Time": 2544.33
  }
]