[
  {
    "Plan": {
      "Node Type": "Aggregate",
      "Strategy": "Plain",
      "Partial Mode": "Simple",
      "Parallel Aware": false,
      "Startup Cost": 66840.02,
      "Total Cost": 66840.03,
      "Plan Rows": 1,
      "Plan Width": 64,
      "Actual Startup Time": 350.176,
      "Actual Total Time": 362.389,
      "Actual Rows": 1,
      "Actual Loops": 1,
      "Plans": [
        {
          "Node Type": "Nested Loop",
          "Parent Relationship": "Outer",
          "Parallel Aware": false,
          "Join Type": "Inner",
          "Startup Cost": 6354.01,
          "Total Cost": 66840.01,
          "Plan Rows": 1,
          "Plan Width": 32,
          "Actual Startup Time": 48.73,
          "Actual Total Time": 362.368,
          "Actual Rows": 16,
          "Actual Loops": 1,
          "Inner Unique": true,
          "Plans": [
            {
              "Node Type": "Nested Loop",
              "Parent Relationship": "Outer",
              "Parallel Aware": false,
              "Join Type": "Inner",
              "Startup Cost": 6353.88,
              "Total Cost": 66839.84,
              "Plan Rows": 1,
              "Plan Width": 36,
              "Actual Startup Time": 48.709,
              "Actual Total Time": 362.325,
              "Actual Rows": 16,
              "Actual Loops": 1,
              "Inner Unique": true,
              "Join Filter": "(ci.person_id = n.id)",
              "Rows Removed by Join Filter": 0,
              "Plans": [
                {
                  "Node Type": "Nested Loop",
                  "Parent Relationship": "Outer",
                  "Parallel Aware": false,
                  "Join Type": "Inner",
                  "Startup Cost": 6353.45,
                  "Total Cost": 66839.06,
                  "Plan Rows": 1,
                  "Plan Width": 29,
                  "Actual Startup Time": 47.983,
                  "Actual Total Time": 361.888,
                  "Actual Rows": 74,
                  "Actual Loops": 1,
                  "Inner Unique": true,
                  "Plans": [
                    {
                      "Node Type": "Nested Loop",
                      "Parent Relationship": "Outer",
                      "Parallel Aware": false,
                      "Join Type": "Inner",
                      "Startup Cost": 6353.3,
                      "Total Cost": 66838.86,
                      "Plan Rows": 1,
                      "Plan Width": 33,
                      "Actual Startup Time": 47.963,
                      "Actual Total Time": 361.752,
                      "Actual Rows": 74,
                      "Actual Loops": 1,
                      "Inner Unique": true,
                      "Plans": [
                        {
                          "Node Type": "Nested Loop",
                          "Parent Relationship": "Outer",
                          "Parallel Aware": false,
                          "Join Type": "Inner",
                          "Startup Cost": 6352.87,
                          "Total Cost": 66838.14,
                          "Plan Rows": 1,
                          "Plan Width": 37,
                          "Actual Startup Time": 47.865,
                          "Actual Total Time": 361.201,
                          "Actual Rows": 74,
                          "Actual Loops": 1,
                          "Inner Unique": false,
                          "Plans": [
                            {
                              "Node Type": "Nested Loop",
                              "Parent Relationship": "Outer",
                              "Parallel Aware": false,
                              "Join Type": "Inner",
                              "Startup Cost": 6352.45,
                              "Total Cost": 66837.57,
                              "Plan Rows": 1,
                              "Plan Width": 33,
                              "Actual Startup Time": 47.796,
                              "Actual Total Time": 360.846,
                              "Actual Rows": 6,
                              "Actual Loops": 1,
                              "Inner Unique": false,
                              "Join Filter": "(t.id = ci.movie_id)",
                              "Rows Removed by Join Filter": 0,
                              "Plans": [
                                {
                                  "Node Type": "Gather",
                                  "Parent Relationship": "Outer",
                                  "Parallel Aware": false,
                                  "Startup Cost": 6351.88,
                                  "Total Cost": 66823.38,
                                  "Plan Rows": 1,
                                  "Plan Width": 33,
                                  "Actual Startup Time": 47.621,
                                  "Actual Total Time": 353.011,
                                  "Actual Rows": 11,
                                  "Actual Loops": 1,
                                  "Workers Planned": 3,
                                  "Workers Launched": 3,
                                  "Single Copy": false,
                                  "Plans": [
                                    {
                                      "Node Type": "Nested Loop",
                                      "Parent Relationship": "Outer",
                                      "Parallel Aware": false,
                                      "Join Type": "Inner",
                                      "Startup Cost": 5351.88,
                                      "Total Cost": 65823.28,
                                      "Plan Rows": 1,
                                      "Plan Width": 33,
                                      "Actual Startup Time": 96.651,
                                      "Actual Total Time": 335.39,
                                      "Actual Rows": 3,
                                      "Actual Loops": 4,
                                      "Inner Unique": false,
                                      "Join Filter": "(t.id = mi.movie_id)",
                                      "Rows Removed by Join Filter": 0,
                                      "Plans": [
                                        {
                                          "Node Type": "Nested Loop",
                                          "Parent Relationship": "Outer",
                                          "Parallel Aware": false,
                                          "Join Type": "Inner",
                                          "Startup Cost": 5351.45,
                                          "Total Cost": 65439.9,
                                          "Plan Rows": 39,
                                          "Plan Width": 25,
                                          "Actual Startup Time": 33.614,
                                          "Actual Total Time": 327.89,
                                          "Actual Rows": 85,
                                          "Actual Loops": 4,
                                          "Inner Unique": true,
                                          "Plans": [
                                            {
                                              "Node Type": "Hash Join",
                                              "Parent Relationship": "Outer",
                                              "Parallel Aware": true,
                                              "Join Type": "Inner",
                                              "Startup Cost": 5351.02,
                                              "Total Cost": 38955.31,
                                              "Plan Rows": 11818,
                                              "Plan Width": 4,
                                              "Actual Startup Time": 28.502,
                                              "Actual Total Time": 166.028,
                                              "Actual Rows": 44266,
                                              "Actual Loops": 4,
                                              "Inner Unique": true,
                                              "Hash Cond": "(mc.company_id = cn.id)",
                                              "Plans": [
                                                {
                                                  "Node Type": "Seq Scan",
                                                  "Parent Relationship": "Outer",
                                                  "Parallel Aware": true,
                                                  "Relation Name": "movie_companies",
                                                  "Alias": "mc",
                                                  "Startup Cost": 0.0,
                                                  "Total Cost": 33518.95,
                                                  "Plan Rows": 32511,
                                                  "Plan Width": 8,
                                                  "Actual Startup Time": 0.04,
                                                  "Actual Total Time": 119.039,
                                                  "Actual Rows": 49630,
                                                  "Actual Loops": 4,
                                                  "Filter": "((note ~~ '%(200%)%'::text) AND ((note ~~ '%(USA)%'::text) OR (note ~~ '%(worldwide)%'::text)))",
                                                  "Rows Removed by Filter": 602652
                                                },
                                                {
                                                  "Node Type": "Hash",
                                                  "Parent Relationship": "Inner",
                                                  "Parallel Aware": true,
                                                  "Startup Cost": 4722.92,
                                                  "Total Cost": 4722.92,
                                                  "Plan Rows": 50248,
                                                  "Plan Width": 4,
                                                  "Actual Startup Time": 27.468,
                                                  "Actual Total Time": 27.469,
                                                  "Actual Rows": 21211,
                                                  "Actual Loops": 4,
                                                  "Hash Buckets": 131072,
                                                  "Original Hash Buckets": 131072,
                                                  "Hash Batches": 1,
                                                  "Original Hash Batches": 1,
                                                  "Peak Memory Usage": 4416,
                                                  "Plans": [
                                                    {
                                                      "Node Type": "Seq Scan",
                                                      "Parent Relationship": "Outer",
                                                      "Parallel Aware": true,
                                                      "Relation Name": "company_name",
                                                      "Alias": "cn",
                                                      "Startup Cost": 0.0,
                                                      "Total Cost": 4722.92,
                                                      "Plan Rows": 50248,
                                                      "Plan Width": 4,
                                                      "Actual Startup Time": 0.049,
                                                      "Actual Total Time": 18.317,
                                                      "Actual Rows": 21211,
                                                      "Actual Loops": 4,
                                                      "Filter": "((country_code)::text = '[us]'::text)",
                                                      "Rows Removed by Filter": 37538
                                                    }
                                                  ]
                                                }
                                              ]
                                            },
                                            {
                                              "Node Type": "Index Scan",
                                              "Parent Relationship": "Inner",
                                              "Parallel Aware": false,
                                              "Scan Direction": "Forward",
                                              "Index Name": "title_pkey",
                                              "Relation Name": "title",
                                              "Alias": "t",
                                              "Startup Cost": 0.43,
                                              "Total Cost": 2.24,
                                              "Plan Rows": 1,
                                              "Plan Width": 21,
                                              "Actual Startup Time": 0.003,
                                              "Actual Total Time": 0.003,
                                              "Actual Rows": 0,
                                              "Actual Loops": 177065,
                                              "Index Cond": "(id = mc.movie_id)",
                                              "Rows Removed by Index Recheck": 0,
                                              "Filter": "((title ~~ '%Two%'::text) AND (production_year >= 1995) AND (production_year <= 2007))",
                                              "Rows Removed by Filter": 1
                                            }
                                          ]
                                        },
                                        {
                                          "Node Type": "Index Scan",
                                          "Parent Relationship": "Inner",
                                          "Parallel Aware": false,
                                          "Scan Direction": "Forward",
                                          "Index Name": "movie_id_movie_info",
                                          "Relation Name": "movie_info",
                                          "Alias": "mi",
                                          "Startup Cost": 0.43,
                                          "Total Cost": 9.82,
                                          "Plan Rows": 1,
                                          "Plan Width": 8,
                                          "Actual Startup Time": 0.086,
                                          "Actual Total Time": 0.088,
                                          "Actual Rows": 0,
                                          "Actual Loops": 340,
                                          "Index Cond": "(movie_id = mc.movie_id)",
                                          "Rows Removed by Index Recheck": 0,
                                          "Filter": "((info IS NOT NULL) AND ((info ~~ 'Japan:%2007%'::text) OR (info ~~ 'USA:%2008%'::text)))",
                                          "Rows Removed by Filter": 39
                                        }
                                      ]
                                    }
                                  ]
                                },
                                {
                                  "Node Type": "Index Scan",
                                  "Parent Relationship": "Inner",
                                  "Parallel Aware": false,
                                  "Scan Direction": "Forward",
                                  "Index Name": "movie_id_cast_info",
                                  "Relation Name": "cast_info",
                                  "Alias": "ci",
                                  "Startup Cost": 0.56,
                                  "Total Cost": 14.18,
                                  "Plan Rows": 1,
                                  "Plan Width": 16,
                                  "Actual Startup Time": 0.556,
                                  "Actual Total Time": 0.71,
                                  "Actual Rows": 1,
                                  "Actual Loops": 11,
                                  "Index Cond": "(movie_id = mc.movie_id)",
                                  "Rows Removed by Index Recheck": 0,
                                  "Filter": "(note = '(voice)'::text)",
                                  "Rows Removed by Filter": 75
                                }
                              ]
                            },
                            {
                              "Node Type": "Index Only Scan",
                              "Parent Relationship": "Inner",
                              "Parallel Aware": false,
                              "Scan Direction": "Forward",
                              "Index Name": "person_id_aka_name",
                              "Relation Name": "aka_name",
                              "Alias": "an",
                              "Startup Cost": 0.42,
                              "Total Cost": 0.54,
                              "Plan Rows": 2,
                              "Plan Width": 4,
                              "Actual Startup Time": 0.041,
                              "Actual Total Time": 0.055,
                              "Actual Rows": 12,
                              "Actual Loops": 6,
                              "Index Cond": "(person_id = ci.person_id)",
                              "Rows Removed by Index Recheck": 0,
                              "Heap Fetches": 74
                            }
                          ]
                        },
                        {
                          "Node Type": "Index Only Scan",
                          "Parent Relationship": "Inner",
                          "Parallel Aware": false,
                          "Scan Direction": "Forward",
                          "Index Name": "char_name_pkey",
                          "Relation Name": "char_name",
                          "Alias": "chn",
                          "Startup Cost": 0.43,
                          "Total Cost": 0.72,
                          "Plan Rows": 1,
                          "Plan Width": 4,
                          "Actual Startup Time": 0.007,
                          "Actual Total Time": 0.007,
                          "Actual Rows": 1,
                          "Actual Loops": 74,
                          "Index Cond": "(id = ci.person_role_id)",
                          "Rows Removed by Index Recheck": 0,
                          "Heap Fetches": 74
                        }
                      ]
                    },
                    {
                      "Node Type": "Index Scan",
                      "Parent Relationship": "Inner",
                      "Parallel Aware": false,
                      "Scan Direction": "Forward",
                      "Index Name": "info_type_pkey",
                      "Relation Name": "info_type",
                      "Alias": "it",
                      "Startup Cost": 0.14,
                      "Total Cost": 0.17,
                      "Plan Rows": 1,
                      "Plan Width": 4,
                      "Actual Startup Time": 0.001,
                      "Actual Total Time": 0.001,
                      "Actual Rows": 1,
                      "Actual Loops": 74,
                      "Index Cond": "(id = mi.info_type_id)",
                      "Rows Removed by Index Recheck": 0,
                      "Filter": "((info)::text = 'release dates'::text)",
                      "Rows Removed by Filter": 0
                    }
                  ]
                },
                {
                  "Node Type": "Index Scan",
                  "Parent Relationship": "Inner",
                  "Parallel Aware": false,
                  "Scan Direction": "Forward",
                  "Index Name": "name_pkey",
                  "Relation Name": "name",
                  "Alias": "n",
                  "Startup Cost": 0.43,
                  "Total Cost": 0.77,
                  "Plan Rows": 1,
                  "Plan Width": 19,
                  "Actual Startup Time": 0.005,
                  "Actual Total Time": 0.005,
                  "Actual Rows": 0,
                  "Actual Loops": 74,
                  "Index Cond": "(id = an.person_id)",
                  "Rows Removed by Index Recheck": 0,
                  "Filter": "((name ~~ '%Nancy%'::text) AND ((gender)::text = 'f'::text))",
                  "Rows Removed by Filter": 1
                }
              ]
            },
            {
              "Node Type": "Index Scan",
              "Parent Relationship": "Inner",
              "Parallel Aware": false,
              "Scan Direction": "Forward",
              "Index Name": "role_type_pkey",
              "Relation Name": "role_type",
              "Alias": "rt",
              "Startup Cost": 0.14,
              "Total Cost": 0.16,
              "Plan Rows": 1,
              "Plan Width": 4,
              "Actual Startup Time": 0.002,
              "Actual Total Time": 0.002,
              "Actual Rows": 1,
              "Actual Loops": 16,
              "Index Cond": "(id = ci.role_id)",
              "Rows Removed by Index Recheck": 0,
              "Filter": "((role)::text = 'actress'::text)",
              "Rows Removed by Filter": 0
            }
          ]
        }
      ]
    },
    "Planning Time": 40.132,
    "Triggers": [],
    "Execution Time": 362.817
  }
]