{
  "Plan": {
    "Node Type": "Aggregate",
    "Strategy": "Plain",
    "Partial Mode": "Finalize",
    "Parallel Aware": false,
    "Startup Cost": 580058.71,
    "Total Cost": 580058.72,
    "Plan Rows": 1,
    "Plan Width": 8,
    "Actual Startup Time": 3515.19,
    "Actual Total Time": 3567.266,
    "Actual Rows": 1,
    "Actual Loops": 1,
    "Plans": [
      {
        "Node Type": "Gather",
        "Parent Relationship": "Outer",
        "Parallel Aware": false,
        "Startup Cost": 580058.59,
        "Total Cost": 580058.7,
        "Plan Rows": 1,
        "Plan Width": 8,
        "Actual Startup Time": 3514.864,
        "Actual Total Time": 3567.258,
        "Actual Rows": 2,
        "Actual Loops": 1,
        "Workers Planned": 1,
        "Workers Launched": 1,
        "Single Copy": false,
        "Plans": [
          {
            "Node Type": "Aggregate",
            "Strategy": "Plain",
            "Partial Mode": "Partial",
            "Parent Relationship": "Outer",
            "Parallel Aware": false,
            "Startup Cost": 579058.59,
            "Total Cost": 579058.6,
            "Plan Rows": 1,
            "Plan Width": 8,
            "Actual Startup Time": 3509.117,
            "Actual Total Time": 3509.121,
            "Actual Rows": 1,
            "Actual Loops": 2,
            "Plans": [
              {
                "Node Type": "Hash Join",
                "Parent Relationship": "Outer",
                "Parallel Aware": true,
                "Join Type": "Inner",
                "Startup Cost": 56417.03,
                "Total Cost": 578150.38,
                "Plan Rows": 363284,
                "Plan Width": 0,
                "Actual Startup Time": 134.244,
                "Actual Total Time": 3493.235,
                "Actual Rows": 290045,
                "Actual Loops": 2,
                "Inner Unique": true,
                "Hash Cond": "(ci.movie_id = t.id)",
                "Plans": [
                  {
                    "Node Type": "Seq Scan",
                    "Parent Relationship": "Outer",
                    "Parallel Aware": true,
                    "Relation Name": "cast_info",
                    "Alias": "ci",
                    "Startup Cost": 0.0,
                    "Total Cost": 465792.95,
                    "Plan Rows": 21310595,
                    "Plan Width": 4,
                    "Actual Startup Time": 0.021,
                    "Actual Total Time": 1441.646,
                    "Actual Rows": 18122172,
                    "Actual Loops": 2
                  },
                  {
                    "Node Type": "Hash",
                    "Parent Relationship": "Inner",
                    "Parallel Aware": true,
                    "Startup Cost": 56100.12,
                    "Total Cost": 56100.12,
                    "Plan Rows": 25353,
                    "Plan Width": 4,
                    "Actual Startup Time": 133.619,
                    "Actual Total Time": 133.62,
                    "Actual Rows": 18805,
                    "Actual Loops": 2,
                    "Hash Buckets": 65536,
                    "Original Hash Buckets": 65536,
                    "Hash Batches": 1,
                    "Original Hash Batches": 1,
                    "Peak Memory Usage": 2016,
                    "Plans": [
                      {
                        "Node Type": "Bitmap Heap Scan",
                        "Parent Relationship": "Outer",
                        "Parallel Aware": true,
                        "Relation Name": "title",
                        "Alias": "t",
                        "Startup Cost": 13449.73,
                        "Total Cost": 56100.12,
                        "Plan Rows": 25353,
                        "Plan Width": 4,
                        "Actual Startup Time": 36.852,
                        "Actual Total Time": 128.173,
                        "Actual Rows": 18805,
                        "Actual Loops": 2,
                        "Recheck Cond": "(kind_id < 3)",
                        "Rows Removed by Index Recheck": 0,
                        "Filter": "(production_year = 2010)",
                        "Rows Removed by Filter": 358034,
                        "Exact Heap Blocks": 29353,
                        "Lossy Heap Blocks": 0,
                        "Plans": [
                          {
                            "Node Type": "Bitmap Index Scan",
                            "Parent Relationship": "Outer",
                            "Parallel Aware": false,
                            "Index Name": "kind_id_title",
                            "Startup Cost": 0.0,
                            "Total Cost": 13438.96,
                            "Plan Rows": 753937,
                            "Plan Width": 0,
                            "Actual Startup Time": 35.742,
                            "Actual Total Time": 35.742,
                            "Actual Rows": 753677,
                            "Actual Loops": 1,
                            "Index Cond": "(kind_id < 3)"
                          }
                        ]
                      }
                    ]
                  }
                ]
              }
            ]
          }
        ]
      }
    ]
  },
  "Planning Time": 0.305,
  "Triggers": [],
  "Execution Time": 3567.335
}