[
  {
    "Plan": {
      "Node Type": "Aggregate",
      "Strategy": "Plain",
      "Partial Mode": "Finalize",
      "Parallel Aware": false,
      "Startup Cost": 46352.52,
      "Total Cost": 46352.53,
      "Plan Rows": 1,
      "Plan Width": 8,
      "Actual Startup Time": 165.215,
      "Actual Total Time": 175.144,
      "Actual Rows": 1,
      "Actual Loops": 1,
      "Plans": [
        {
          "Node Type": "Gather",
          "Parent Relationship": "Outer",
          "Parallel Aware": false,
          "Startup Cost": 46352.21,
          "Total Cost": 46352.52,
          "Plan Rows": 3,
          "Plan Width": 8,
          "Actual Startup Time": 165.082,
          "Actual Total Time": 175.133,
          "Actual Rows": 4,
          "Actual Loops": 1,
          "Workers Planned": 3,
          "Workers Launched": 3,
          "Single Copy": false,
          "Plans": [
            {
              "Node Type": "Aggregate",
              "Strategy": "Plain",
              "Partial Mode": "Partial",
              "Parent Relationship": "Outer",
              "Parallel Aware": false,
              "Startup Cost": 45352.21,
              "Total Cost": 45352.22,
              "Plan Rows": 1,
              "Plan Width": 8,
              "Actual Startup Time": 156.491,
              "Actual Total Time": 156.492,
              "Actual Rows": 1,
              "Actual Loops": 4,
              "Plans": [
                {
                  "Node Type": "Seq Scan",
                  "Parent Relationship": "Outer",
                  "Parallel Aware": true,
                  "Relation Name": "movie_keyword",
                  "Alias": "mk",
                  "Startup Cost": 0.0,
                  "Total Cost": 42695.65,
                  "Plan Rows": 1062621,
                  "Plan Width": 0,
                  "Actual Startup Time": 0.063,
                  "Actual Total Time": 120.678,
                  "Actual Rows": 822114,
                  "Actual Loops": 4,
                  "Filter": "(keyword_id < 14652)",
                  "Rows Removed by Filter": 308868
                }
              ]
            }
          ]
        }
      ]
    },
    "Planning Time": 0.159,
    "Triggers": [],
    "Execution Time": 175.194
  }
]