[
  {
    "Plan": {
      "Node Type": "Aggregate",
      "Strategy": "Plain",
      "Partial Mode": "Finalize",
      "Parallel Aware": false,
      "Startup Cost": 188429.3,
      "Total Cost": 188429.31,
      "Plan Rows": 1,
      "Plan Width": 8,
      "Actual Startup Time": 156.828,
      "Actual Total Time": 169.964,
      "Actual Rows": 1,
      "Actual Loops": 1,
      "Plans": [
        {
          "Node Type": "Gather",
          "Parent Relationship": "Outer",
          "Parallel Aware": false,
          "Startup Cost": 188428.78,
          "Total Cost": 188429.29,
          "Plan Rows": 5,
          "Plan Width": 8,
          "Actual Startup Time": 155.859,
          "Actual Total Time": 169.951,
          "Actual Rows": 6,
          "Actual Loops": 1,
          "Workers Planned": 5,
          "Workers Launched": 5,
          "Single Copy": false,
          "Plans": [
            {
              "Node Type": "Aggregate",
              "Strategy": "Plain",
              "Partial Mode": "Partial",
              "Parent Relationship": "Outer",
              "Parallel Aware": false,
              "Startup Cost": 187428.78,
              "Total Cost": 187428.79,
              "Plan Rows": 1,
              "Plan Width": 8,
              "Actual Startup Time": 147.929,
              "Actual Total Time": 147.931,
              "Actual Rows": 1,
              "Actual Loops": 6,
              "Plans": [
                {
                  "Node Type": "Bitmap Heap Scan",
                  "Parent Relationship": "Outer",
                  "Parallel Aware": true,
                  "Relation Name": "movie_info",
                  "Alias": "mi",
                  "Startup Cost": 21814.75,
                  "Total Cost": 186825.28,
                  "Plan Rows": 241402,
                  "Plan Width": 0,
                  "Actual Startup Time": 53.093,
                  "Actual Total Time": 135.19,
                  "Actual Rows": 200785,
                  "Actual Loops": 6,
                  "Recheck Cond": "(info_type_id > 18)",
                  "Rows Removed by Index Recheck": 0,
                  "Exact Heap Blocks": 11100,
                  "Lossy Heap Blocks": 0,
                  "Plans": [
                    {
                      "Node Type": "Bitmap Index Scan",
                      "Parent Relationship": "Outer",
                      "Parallel Aware": false,
                      "Index Name": "info_type_id_movie_info",
                      "Startup Cost": 0.0,
                      "Total Cost": 21513.0,
                      "Plan Rows": 1207009,
                      "Plan Width": 0,
                      "Actual Startup Time": 54.466,
                      "Actual Total Time": 54.466,
                      "Actual Rows": 1204709,
                      "Actual Loops": 1,
                      "Index Cond": "(info_type_id > 18)"
                    }
                  ]
                }
              ]
            }
          ]
        }
      ]
    },
    "Planning Time": 0.263,
    "Triggers": [],
    "Execution Time": 170.042
  }
]