[
  {
    "Plan": {
      "Node Type": "Aggregate",
      "Strategy": "Plain",
      "Partial Mode": "Finalize",
      "Parallel Aware": false,
      "Startup Cost": 44565.49,
      "Total Cost": 44565.5,
      "Plan Rows": 1,
      "Plan Width": 8,
      "Actual Startup Time": 132.049,
      "Actual Total Time": 141.933,
      "Actual Rows": 1,
      "Actual Loops": 1,
      "Plans": [
        {
          "Node Type": "Gather",
          "Parent Relationship": "Outer",
          "Parallel Aware": false,
          "Startup Cost": 44565.18,
          "Total Cost": 44565.49,
          "Plan Rows": 3,
          "Plan Width": 8,
          "Actual Startup Time": 131.909,
          "Actual Total Time": 141.924,
          "Actual Rows": 4,
          "Actual Loops": 1,
          "Workers Planned": 3,
          "Workers Launched": 3,
          "Single Copy": false,
          "Plans": [
            {
              "Node Type": "Aggregate",
              "Strategy": "Plain",
              "Partial Mode": "Partial",
              "Parent Relationship": "Outer",
              "Parallel Aware": false,
              "Startup Cost": 43565.18,
              "Total Cost": 43565.19,
              "Plan Rows": 1,
              "Plan Width": 8,
              "Actual Startup Time": 123.534,
              "Actual Total Time": 123.535,
              "Actual Rows": 1,
              "Actual Loops": 4,
              "Plans": [
                {
                  "Node Type": "Seq Scan",
                  "Parent Relationship": "Outer",
                  "Parallel Aware": true,
                  "Relation Name": "movie_keyword",
                  "Alias": "mk",
                  "Startup Cost": 0.0,
                  "Total Cost": 42695.65,
                  "Plan Rows": 347809,
                  "Plan Width": 0,
                  "Actual Startup Time": 2.375,
                  "Actual Total Time": 109.605,
                  "Actual Rows": 269824,
                  "Actual Loops": 4,
                  "Filter": "(keyword_id > 16395)",
                  "Rows Removed by Filter": 861158
                }
              ]
            }
          ]
        }
      ]
    },
    "Planning Time": 0.136,
    "Triggers": [],
    "Execution Time": 141.971
  }
]