{
  "Plan": {
    "Node Type": "Aggregate",
    "Strategy": "Plain",
    "Partial Mode": "Finalize",
    "Parallel Aware": false,
    "Startup Cost": 110523.54,
    "Total Cost": 110523.55,
    "Plan Rows": 1,
    "Plan Width": 8,
    "Actual Startup Time": 687.998,
    "Actual Total Time": 700.694,
    "Actual Rows": 1,
    "Actual Loops": 1,
    "Plans": [
      {
        "Node Type": "Gather",
        "Parent Relationship": "Outer",
        "Parallel Aware": false,
        "Startup Cost": 110523.43,
        "Total Cost": 110523.54,
        "Plan Rows": 1,
        "Plan Width": 8,
        "Actual Startup Time": 686.67,
        "Actual Total Time": 700.686,
        "Actual Rows": 2,
        "Actual Loops": 1,
        "Workers Planned": 1,
        "Workers Launched": 1,
        "Single Copy": false,
        "Plans": [
          {
            "Node Type": "Aggregate",
            "Strategy": "Plain",
            "Partial Mode": "Partial",
            "Parent Relationship": "Outer",
            "Parallel Aware": false,
            "Startup Cost": 109523.43,
            "Total Cost": 109523.44,
            "Plan Rows": 1,
            "Plan Width": 8,
            "Actual Startup Time": 680.76,
            "Actual Total Time": 680.763,
            "Actual Rows": 1,
            "Actual Loops": 2,
            "Plans": [
              {
                "Node Type": "Hash Join",
                "Parent Relationship": "Outer",
                "Parallel Aware": true,
                "Join Type": "Inner",
                "Startup Cost": 65090.52,
                "Total Cost": 108847.4,
                "Plan Rows": 270411,
                "Plan Width": 0,
                "Actual Startup Time": 415.39,
                "Actual Total Time": 671.37,
                "Actual Rows": 181308,
                "Actual Loops": 2,
                "Inner Unique": true,
                "Hash Cond": "(mc.movie_id = t.id)",
                "Plans": [
                  {
                    "Node Type": "Seq Scan",
                    "Parent Relationship": "Outer",
                    "Parallel Aware": true,
                    "Relation Name": "movie_companies",
                    "Alias": "mc",
                    "Startup Cost": 0.0,
                    "Total Cost": 41811.73,
                    "Plan Rows": 741011,
                    "Plan Width": 4,
                    "Actual Startup Time": 62.49,
                    "Actual Total Time": 147.176,
                    "Actual Rows": 656072,
                    "Actual Loops": 2,
                    "Filter": "((company_id > 19) AND (company_type_id > 1))",
                    "Rows Removed by Filter": 648492
                  },
                  {
                    "Node Type": "Hash",
                    "Parent Relationship": "Inner",
                    "Parallel Aware": true,
                    "Startup Cost": 58306.47,
                    "Total Cost": 58306.47,
                    "Plan Rows": 542724,
                    "Plan Width": 4,
                    "Actual Startup Time": 343.999,
                    "Actual Total Time": 344.0,
                    "Actual Rows": 426089,
                    "Actual Loops": 2,
                    "Hash Buckets": 1048576,
                    "Original Hash Buckets": 1048576,
                    "Hash Batches": 1,
                    "Original Hash Batches": 1,
                    "Peak Memory Usage": 41568,
                    "Plans": [
                      {
                        "Node Type": "Seq Scan",
                        "Parent Relationship": "Outer",
                        "Parallel Aware": true,
                        "Relation Name": "title",
                        "Alias": "t",
                        "Startup Cost": 0.0,
                        "Total Cost": 58306.47,
                        "Plan Rows": 542724,
                        "Plan Width": 4,
                        "Actual Startup Time": 0.037,
                        "Actual Total Time": 196.086,
                        "Actual Rows": 426089,
                        "Actual Loops": 2,
                        "Filter": "((kind_id > 1) AND (production_year < 2004))",
                        "Rows Removed by Filter": 838067
                      }
                    ]
                  }
                ]
              }
            ]
          }
        ]
      }
    ]
  },
  "Planning Time": 0.657,
  "Triggers": [],
  "Execution Time": 700.763
}