[
  {
    "Plan": {
      "Node Type": "Aggregate",
      "Strategy": "Plain",
      "Partial Mode": "Finalize",
      "Parallel Aware": false,
      "Startup Cost": 46918.73,
      "Total Cost": 46918.74,
      "Plan Rows": 1,
      "Plan Width": 8,
      "Actual Startup Time": 107.869,
      "Actual Total Time": 119.239,
      "Actual Rows": 1,
      "Actual Loops": 1,
      "Plans": [
        {
          "Node Type": "Gather",
          "Parent Relationship": "Outer",
          "Parallel Aware": false,
          "Startup Cost": 46918.31,
          "Total Cost": 46918.72,
          "Plan Rows": 4,
          "Plan Width": 8,
          "Actual Startup Time": 107.736,
          "Actual Total Time": 119.224,
          "Actual Rows": 5,
          "Actual Loops": 1,
          "Workers Planned": 4,
          "Workers Launched": 4,
          "Single Copy": false,
          "Plans": [
            {
              "Node Type": "Aggregate",
              "Strategy": "Plain",
              "Partial Mode": "Partial",
              "Parent Relationship": "Outer",
              "Parallel Aware": false,
              "Startup Cost": 45918.31,
              "Total Cost": 45918.32,
              "Plan Rows": 1,
              "Plan Width": 8,
              "Actual Startup Time": 99.973,
              "Actual Total Time": 99.974,
              "Actual Rows": 1,
              "Actual Loops": 5,
              "Plans": [
                {
                  "Node Type": "Seq Scan",
                  "Parent Relationship": "Outer",
                  "Parallel Aware": true,
                  "Relation Name": "title",
                  "Alias": "t",
                  "Startup Cost": 0.0,
                  "Total Cost": 45479.1,
                  "Plan Rows": 175686,
                  "Plan Width": 0,
                  "Actual Startup Time": 0.042,
                  "Actual Total Time": 92.153,
                  "Actual Rows": 149986,
                  "Actual Loops": 5,
                  "Filter": "((kind_id < 7) AND (production_year < 2009))",
                  "Rows Removed by Filter": 355676
                }
              ]
            }
          ]
        }
      ]
    },
    "Planning Time": 0.138,
    "Triggers": [],
    "Execution Time": 119.297
  }
]