[
  {
    "Plan": {
      "Node Type": "Aggregate",
      "Strategy": "Plain",
      "Partial Mode": "Finalize",
      "Parallel Aware": false,
      "Startup Cost": 276762.76,
      "Total Cost": 276762.77,
      "Plan Rows": 1,
      "Plan Width": 8,
      "Actual Startup Time": 1715.663,
      "Actual Total Time": 1783.285,
      "Actual Rows": 1,
      "Actual Loops": 1,
      "Plans": [
        {
          "Node Type": "Gather",
          "Parent Relationship": "Outer",
          "Parallel Aware": false,
          "Startup Cost": 276762.34,
          "Total Cost": 276762.75,
          "Plan Rows": 4,
          "Plan Width": 8,
          "Actual Startup Time": 1710.616,
          "Actual Total Time": 1783.276,
          "Actual Rows": 5,
          "Actual Loops": 1,
          "Workers Planned": 4,
          "Workers Launched": 4,
          "Single Copy": false,
          "Plans": [
            {
              "Node Type": "Aggregate",
              "Strategy": "Plain",
              "Partial Mode": "Partial",
              "Parent Relationship": "Outer",
              "Parallel Aware": false,
              "Startup Cost": 275762.34,
              "Total Cost": 275762.35,
              "Plan Rows": 1,
              "Plan Width": 8,
              "Actual Startup Time": 1699.602,
              "Actual Total Time": 1699.606,
              "Actual Rows": 1,
              "Actual Loops": 5,
              "Plans": [
                {
                  "Node Type": "Nested Loop",
                  "Parent Relationship": "Outer",
                  "Parallel Aware": false,
                  "Join Type": "Inner",
                  "Startup Cost": 33358.38,
                  "Total Cost": 275024.44,
                  "Plan Rows": 295162,
                  "Plan Width": 0,
                  "Actual Startup Time": 135.538,
                  "Actual Total Time": 1659.17,
                  "Actual Rows": 848183,
                  "Actual Loops": 5,
                  "Inner Unique": false,
                  "Plans": [
                    {
                      "Node Type": "Hash Join",
                      "Parent Relationship": "Outer",
                      "Parallel Aware": true,
                      "Join Type": "Inner",
                      "Startup Cost": 33357.94,
                      "Total Cost": 80322.46,
                      "Plan Rows": 104065,
                      "Plan Width": 8,
                      "Actual Startup Time": 135.428,
                      "Actual Total Time": 399.842,
                      "Actual Rows": 131596,
                      "Actual Loops": 5,
                      "Inner Unique": false,
                      "Hash Cond": "(t.id = mc.movie_id)",
                      "Plans": [
                        {
                          "Node Type": "Seq Scan",
                          "Parent Relationship": "Outer",
                          "Parallel Aware": true,
                          "Relation Name": "title",
                          "Alias": "t",
                          "Startup Cost": 0.0,
                          "Total Cost": 43898.92,
                          "Plan Rows": 545982,
                          "Plan Width": 4,
                          "Actual Startup Time": 0.012,
                          "Actual Total Time": 82.374,
                          "Actual Rows": 434233,
                          "Actual Loops": 5,
                          "Filter": "(production_year > 1963)",
                          "Rows Removed by Filter": 71430
                        },
                        {
                          "Node Type": "Hash",
                          "Parent Relationship": "Inner",
                          "Parallel Aware": true,
                          "Startup Cost": 31414.82,
                          "Total Cost": 31414.82,
                          "Plan Rows": 155450,
                          "Plan Width": 4,
                          "Actual Startup Time": 132.821,
                          "Actual Total Time": 132.822,
                          "Actual Rows": 160597,
                          "Actual Loops": 5,
                          "Hash Buckets": 1048576,
                          "Original Hash Buckets": 524288,
                          "Hash Batches": 1,
                          "Original Hash Batches": 1,
                          "Peak Memory Usage": 43776,
                          "Plans": [
                            {
                              "Node Type": "Seq Scan",
                              "Parent Relationship": "Outer",
                              "Parallel Aware": true,
                              "Relation Name": "movie_companies",
                              "Alias": "mc",
                              "Startup Cost": 0.0,
                              "Total Cost": 31414.82,
                              "Plan Rows": 155450,
                              "Plan Width": 4,
                              "Actual Startup Time": 41.895,
                              "Actual Total Time": 74.222,
                              "Actual Rows": 160597,
                              "Actual Loops": 5,
                              "Filter": "((company_id > 18084) AND (company_type_id > 1))",
                              "Rows Removed by Filter": 361228
                            }
                          ]
                        }
                      ]
                    },
                    {
                      "Node Type": "Index Scan",
                      "Parent Relationship": "Inner",
                      "Parallel Aware": false,
                      "Scan Direction": "Forward",
                      "Index Name": "movie_id_movie_info",
                      "Relation Name": "movie_info",
                      "Alias": "mi",
                      "Startup Cost": 0.43,
                      "Total Cost": 1.67,
                      "Plan Rows": 20,
                      "Plan Width": 4,
                      "Actual Startup Time": 0.003,
                      "Actual Total Time": 0.009,
                      "Actual Rows": 6,
                      "Actual Loops": 657982,
                      "Index Cond": "(movie_id = t.id)",
                      "Rows Removed by Index Recheck": 0,
                      "Filter": "(info_type_id < 8)",
                      "Rows Removed by Filter": 10
                    }
                  ]
                }
              ]
            }
          ]
        }
      ]
    },
    "Planning Time": 1.456,
    "Triggers": [],
    "Execution Time": 1783.399
  }
]