[
  {
    "Plan": {
      "Node Type": "Aggregate",
      "Strategy": "Plain",
      "Partial Mode": "Finalize",
      "Parallel Aware": false,
      "Startup Cost": 388867.05,
      "Total Cost": 388867.06,
      "Plan Rows": 1,
      "Plan Width": 8,
      "Actual Startup Time": 1615.913,
      "Actual Total Time": 1679.87,
      "Actual Rows": 1,
      "Actual Loops": 1,
      "Plans": [
        {
          "Node Type": "Gather",
          "Parent Relationship": "Outer",
          "Parallel Aware": false,
          "Startup Cost": 388866.42,
          "Total Cost": 388867.03,
          "Plan Rows": 6,
          "Plan Width": 8,
          "Actual Startup Time": 1609.959,
          "Actual Total Time": 1679.858,
          "Actual Rows": 7,
          "Actual Loops": 1,
          "Workers Planned": 6,
          "Workers Launched": 6,
          "Single Copy": false,
          "Plans": [
            {
              "Node Type": "Aggregate",
              "Strategy": "Plain",
              "Partial Mode": "Partial",
              "Parent Relationship": "Outer",
              "Parallel Aware": false,
              "Startup Cost": 387866.42,
              "Total Cost": 387866.43,
              "Plan Rows": 1,
              "Plan Width": 8,
              "Actual Startup Time": 1598.002,
              "Actual Total Time": 1598.005,
              "Actual Rows": 1,
              "Actual Loops": 7,
              "Plans": [
                {
                  "Node Type": "Hash Join",
                  "Parent Relationship": "Outer",
                  "Parallel Aware": true,
                  "Join Type": "Inner",
                  "Startup Cost": 45971.59,
                  "Total Cost": 385121.26,
                  "Plan Rows": 1098065,
                  "Plan Width": 0,
                  "Actual Startup Time": 129.152,
                  "Actual Total Time": 1550.823,
                  "Actual Rows": 1035820,
                  "Actual Loops": 7,
                  "Inner Unique": true,
                  "Hash Cond": "(ci.movie_id = t.id)",
                  "Plans": [
                    {
                      "Node Type": "Seq Scan",
                      "Parent Relationship": "Outer",
                      "Parallel Aware": true,
                      "Relation Name": "cast_info",
                      "Alias": "ci",
                      "Startup Cost": 0.0,
                      "Total Cost": 328162.03,
                      "Plan Rows": 4185760,
                      "Plan Width": 4,
                      "Actual Startup Time": 0.022,
                      "Actual Total Time": 608.341,
                      "Actual Rows": 3603904,
                      "Actual Loops": 7,
                      "Filter": "(person_id < 2602398)",
                      "Rows Removed by Filter": 1573860
                    },
                    {
                      "Node Type": "Hash",
                      "Parent Relationship": "Inner",
                      "Parallel Aware": true,
                      "Startup Cost": 43898.92,
                      "Total Cost": 43898.92,
                      "Plan Rows": 165814,
                      "Plan Width": 4,
                      "Actual Startup Time": 125.48,
                      "Actual Total Time": 125.481,
                      "Actual Rows": 94689,
                      "Actual Loops": 7,
                      "Hash Buckets": 1048576,
                      "Original Hash Buckets": 1048576,
                      "Hash Batches": 1,
                      "Original Hash Batches": 1,
                      "Peak Memory Usage": 34240,
                      "Plans": [
                        {
                          "Node Type": "Seq Scan",
                          "Parent Relationship": "Outer",
                          "Parallel Aware": true,
                          "Relation Name": "title",
                          "Alias": "t",
                          "Startup Cost": 0.0,
                          "Total Cost": 43898.92,
                          "Plan Rows": 165814,
                          "Plan Width": 4,
                          "Actual Startup Time": 45.847,
                          "Actual Total Time": 82.343,
                          "Actual Rows": 94689,
                          "Actual Loops": 7,
                          "Filter": "(kind_id = 1)",
                          "Rows Removed by Filter": 266498
                        }
                      ]
                    }
                  ]
                }
              ]
            }
          ]
        }
      ]
    },
    "Planning Time": 0.689,
    "Triggers": [],
    "Execution Time": 1679.967
  }
]