[
  {
    "Plan": {
      "Node Type": "Aggregate",
      "Strategy": "Plain",
      "Partial Mode": "Finalize",
      "Parallel Aware": false,
      "Startup Cost": 451922.81,
      "Total Cost": 451922.82,
      "Plan Rows": 1,
      "Plan Width": 8,
      "Actual Startup Time": 2563.986,
      "Actual Total Time": 2623.379,
      "Actual Rows": 1,
      "Actual Loops": 1,
      "Plans": [
        {
          "Node Type": "Gather",
          "Parent Relationship": "Outer",
          "Parallel Aware": false,
          "Startup Cost": 451922.19,
          "Total Cost": 451922.8,
          "Plan Rows": 6,
          "Plan Width": 8,
          "Actual Startup Time": 2526.608,
          "Actual Total Time": 2623.367,
          "Actual Rows": 7,
          "Actual Loops": 1,
          "Workers Planned": 6,
          "Workers Launched": 6,
          "Single Copy": false,
          "Plans": [
            {
              "Node Type": "Aggregate",
              "Strategy": "Plain",
              "Partial Mode": "Partial",
              "Parent Relationship": "Outer",
              "Parallel Aware": false,
              "Startup Cost": 450922.19,
              "Total Cost": 450922.2,
              "Plan Rows": 1,
              "Plan Width": 8,
              "Actual Startup Time": 2510.126,
              "Actual Total Time": 2510.135,
              "Actual Rows": 1,
              "Actual Loops": 7,
              "Plans": [
                {
                  "Node Type": "Hash Join",
                  "Parent Relationship": "Outer",
                  "Parallel Aware": true,
                  "Join Type": "Inner",
                  "Startup Cost": 102588.84,
                  "Total Cost": 446028.7,
                  "Plan Rows": 1957395,
                  "Plan Width": 0,
                  "Actual Startup Time": 855.474,
                  "Actual Total Time": 2219.775,
                  "Actual Rows": 5755119,
                  "Actual Loops": 7,
                  "Inner Unique": false,
                  "Hash Cond": "(ci.movie_id = t.id)",
                  "Plans": [
                    {
                      "Node Type": "Seq Scan",
                      "Parent Relationship": "Outer",
                      "Parallel Aware": true,
                      "Relation Name": "cast_info",
                      "Alias": "ci",
                      "Startup Cost": 0.0,
                      "Total Cost": 328211.39,
                      "Plan Rows": 2377143,
                      "Plan Width": 4,
                      "Actual Startup Time": 249.694,
                      "Actual Total Time": 617.806,
                      "Actual Rows": 1995321,
                      "Actual Loops": 7,
                      "Filter": "(person_id > 2268946)",
                      "Rows Removed by Filter": 3182443
                    },
                    {
                      "Node Type": "Hash",
                      "Parent Relationship": "Inner",
                      "Parallel Aware": true,
                      "Startup Cost": 94193.83,
                      "Total Cost": 94193.83,
                      "Plan Rows": 671601,
                      "Plan Width": 8,
                      "Actual Startup Time": 601.568,
                      "Actual Total Time": 601.574,
                      "Actual Rows": 375986,
                      "Actual Loops": 7,
                      "Hash Buckets": 4194304,
                      "Original Hash Buckets": 2097152,
                      "Hash Batches": 1,
                      "Original Hash Batches": 1,
                      "Peak Memory Usage": 152224,
                      "Plans": [
                        {
                          "Node Type": "Hash Join",
                          "Parent Relationship": "Outer",
                          "Parallel Aware": true,
                          "Join Type": "Inner",
                          "Startup Cost": 48410.07,
                          "Total Cost": 94193.83,
                          "Plan Rows": 671601,
                          "Plan Width": 8,
                          "Actual Startup Time": 205.088,
                          "Actual Total Time": 390.489,
                          "Actual Rows": 375986,
                          "Actual Loops": 7,
                          "Inner Unique": true,
                          "Hash Cond": "(mk.movie_id = t.id)",
                          "Plans": [
                            {
                              "Node Type": "Seq Scan",
                              "Parent Relationship": "Outer",
                              "Parallel Aware": true,
                              "Relation Name": "movie_keyword",
                              "Alias": "mk",
                              "Startup Cost": 0.0,
                              "Total Cost": 42695.65,
                              "Plan Rows": 1176421,
                              "Plan Width": 4,
                              "Actual Startup Time": 0.049,
                              "Actual Total Time": 86.053,
                              "Actual Rows": 521504,
                              "Actual Loops": 7,
                              "Filter": "(keyword_id < 21145)",
                              "Rows Removed by Filter": 124772
                            },
                            {
                              "Node Type": "Hash",
                              "Parent Relationship": "Inner",
                              "Parallel Aware": true,
                              "Startup Cost": 43899.32,
                              "Total Cost": 43899.32,
                              "Plan Rows": 360860,
                              "Plan Width": 4,
                              "Actual Startup Time": 202.711,
                              "Actual Total Time": 202.713,
                              "Actual Rows": 206185,
                              "Actual Loops": 7,
                              "Hash Buckets": 2097152,
                              "Original Hash Buckets": 2097152,
                              "Hash Batches": 1,
                              "Original Hash Batches": 1,
                              "Peak Memory Usage": 72960,
                              "Plans": [
                                {
                                  "Node Type": "Seq Scan",
                                  "Parent Relationship": "Outer",
                                  "Parallel Aware": true,
                                  "Relation Name": "title",
                                  "Alias": "t",
                                  "Startup Cost": 0.0,
                                  "Total Cost": 43899.32,
                                  "Plan Rows": 360860,
                                  "Plan Width": 4,
                                  "Actual Startup Time": 0.053,
                                  "Actual Total Time": 89.217,
                                  "Actual Rows": 206185,
                                  "Actual Loops": 7,
                                  "Filter": "(production_year < 2006)",
                                  "Rows Removed by Filter": 155002
                                }
                              ]
                            }
                          ]
                        }
                      ]
                    }
                  ]
                }
              ]
            }
          ]
        }
      ]
    },
    "Planning Time": 0.991,
    "Triggers": [],
    "Execution Time": 2623.456
  }
]