[
  {
    "Plan": {
      "Node Type": "Aggregate",
      "Strategy": "Plain",
      "Partial Mode": "Finalize",
      "Parallel Aware": false,
      "Startup Cost": 93118.85,
      "Total Cost": 93118.86,
      "Plan Rows": 1,
      "Plan Width": 8,
      "Actual Startup Time": 507.284,
      "Actual Total Time": 522.164,
      "Actual Rows": 1,
      "Actual Loops": 1,
      "Plans": [
        {
          "Node Type": "Gather",
          "Parent Relationship": "Outer",
          "Parallel Aware": false,
          "Startup Cost": 93118.53,
          "Total Cost": 93118.84,
          "Plan Rows": 3,
          "Plan Width": 8,
          "Actual Startup Time": 500.001,
          "Actual Total Time": 522.155,
          "Actual Rows": 4,
          "Actual Loops": 1,
          "Workers Planned": 3,
          "Workers Launched": 3,
          "Single Copy": false,
          "Plans": [
            {
              "Node Type": "Aggregate",
              "Strategy": "Plain",
              "Partial Mode": "Partial",
              "Parent Relationship": "Outer",
              "Parallel Aware": false,
              "Startup Cost": 92118.53,
              "Total Cost": 92118.54,
              "Plan Rows": 1,
              "Plan Width": 8,
              "Actual Startup Time": 481.459,
              "Actual Total Time": 481.462,
              "Actual Rows": 1,
              "Actual Loops": 4,
              "Plans": [
                {
                  "Node Type": "Hash Join",
                  "Parent Relationship": "Outer",
                  "Parallel Aware": true,
                  "Join Type": "Inner",
                  "Startup Cost": 63977.69,
                  "Total Cost": 91595.58,
                  "Plan Rows": 209183,
                  "Plan Width": 0,
                  "Actual Startup Time": 360.173,
                  "Actual Total Time": 473.682,
                  "Actual Rows": 163983,
                  "Actual Loops": 4,
                  "Inner Unique": true,
                  "Hash Cond": "(mk.movie_id = t.id)",
                  "Plans": [
                    {
                      "Node Type": "Bitmap Heap Scan",
                      "Parent Relationship": "Outer",
                      "Parallel Aware": true,
                      "Relation Name": "movie_keyword",
                      "Alias": "mk",
                      "Startup Cost": 13758.04,
                      "Total Cost": 40826.83,
                      "Plan Rows": 209183,
                      "Plan Width": 4,
                      "Actual Startup Time": 46.699,
                      "Actual Total Time": 98.996,
                      "Actual Rows": 163983,
                      "Actual Loops": 4,
                      "Recheck Cond": "(keyword_id < 508)",
                      "Rows Removed by Index Recheck": 0,
                      "Exact Heap Blocks": 7901,
                      "Lossy Heap Blocks": 0,
                      "Plans": [
                        {
                          "Node Type": "Bitmap Index Scan",
                          "Parent Relationship": "Outer",
                          "Parallel Aware": false,
                          "Index Name": "keyword_id_movie_keyword",
                          "Startup Cost": 0.0,
                          "Total Cost": 13595.93,
                          "Plan Rows": 648466,
                          "Plan Width": 0,
                          "Actual Startup Time": 43.062,
                          "Actual Total Time": 43.062,
                          "Actual Rows": 655932,
                          "Actual Loops": 1,
                          "Index Cond": "(keyword_id < 508)"
                        }
                      ]
                    },
                    {
                      "Node Type": "Hash",
                      "Parent Relationship": "Inner",
                      "Parallel Aware": true,
                      "Startup Cost": 42318.73,
                      "Total Cost": 42318.73,
                      "Plan Rows": 632073,
                      "Plan Width": 4,
                      "Actual Startup Time": 302.34,
                      "Actual Total Time": 302.341,
                      "Actual Rows": 632078,
                      "Actual Loops": 4,
                      "Hash Buckets": 4194304,
                      "Original Hash Buckets": 4194304,
                      "Hash Batches": 1,
                      "Original Hash Batches": 1,
                      "Peak Memory Usage": 131712,
                      "Plans": [
                        {
                          "Node Type": "Seq Scan",
                          "Parent Relationship": "Outer",
                          "Parallel Aware": true,
                          "Relation Name": "title",
                          "Alias": "t",
                          "Startup Cost": 0.0,
                          "Total Cost": 42318.73,
                          "Plan Rows": 632073,
                          "Plan Width": 4,
                          "Actual Startup Time": 0.031,
                          "Actual Total Time": 90.772,
                          "Actual Rows": 632078,
                          "Actual Loops": 4
                        }
                      ]
                    }
                  ]
                }
              ]
            }
          ]
        }
      ]
    },
    "Planning Time": 0.586,
    "Triggers": [],
    "Execution Time": 522.254
  }
]