[
  {
    "Plan": {
      "Node Type": "Aggregate",
      "Strategy": "Plain",
      "Partial Mode": "Simple",
      "Parallel Aware": false,
      "Startup Cost": 32375.6,
      "Total Cost": 32375.61,
      "Plan Rows": 1,
      "Plan Width": 64,
      "Actual Startup Time": 813.408,
      "Actual Total Time": 877.291,
      "Actual Rows": 1,
      "Actual Loops": 1,
      "Plans": [
        {
          "Node Type": "Nested Loop",
          "Parent Relationship": "Outer",
          "Parallel Aware": false,
          "Join Type": "Inner",
          "Startup Cost": 11522.45,
          "Total Cost": 32375.6,
          "Plan Rows": 1,
          "Plan Width": 32,
          "Actual Startup Time": 499.534,
          "Actual Total Time": 877.27,
          "Actual Rows": 26,
          "Actual Loops": 1,
          "Inner Unique": true,
          "Plans": [
            {
              "Node Type": "Gather",
              "Parent Relationship": "Outer",
              "Parallel Aware": false,
              "Startup Cost": 11522.31,
              "Total Cost": 32374.61,
              "Plan Rows": 1,
              "Plan Width": 36,
              "Actual Startup Time": 499.516,
              "Actual Total Time": 877.208,
              "Actual Rows": 26,
              "Actual Loops": 1,
              "Workers Planned": 3,
              "Workers Launched": 3,
              "Single Copy": false,
              "Plans": [
                {
                  "Node Type": "Nested Loop",
                  "Parent Relationship": "Outer",
                  "Parallel Aware": false,
                  "Join Type": "Inner",
                  "Startup Cost": 10522.31,
                  "Total Cost": 31374.51,
                  "Plan Rows": 1,
                  "Plan Width": 36,
                  "Actual Startup Time": 699.004,
                  "Actual Total Time": 802.852,
                  "Actual Rows": 6,
                  "Actual Loops": 4,
                  "Inner Unique": false,
                  "Join Filter": "(n.id = pi.person_id)",
                  "Rows Removed by Join Filter": 0,
                  "Plans": [
                    {
                      "Node Type": "Nested Loop",
                      "Parent Relationship": "Outer",
                      "Parallel Aware": false,
                      "Join Type": "Inner",
                      "Startup Cost": 10521.88,
                      "Total Cost": 29370.59,
                      "Plan Rows": 2110,
                      "Plan Width": 44,
                      "Actual Startup Time": 643.742,
                      "Actual Total Time": 741.408,
                      "Actual Rows": 7226,
                      "Actual Loops": 4,
                      "Inner Unique": true,
                      "Join Filter": "(an.person_id = n.id)",
                      "Rows Removed by Join Filter": 0,
                      "Plans": [
                        {
                          "Node Type": "Hash Join",
                          "Parent Relationship": "Outer",
                          "Parallel Aware": false,
                          "Join Type": "Inner",
                          "Startup Cost": 10521.45,
                          "Total Cost": 26836.57,
                          "Plan Rows": 5276,
                          "Plan Width": 25,
                          "Actual Startup Time": 641.739,
                          "Actual Total Time": 693.331,
                          "Actual Rows": 12821,
                          "Actual Loops": 4,
                          "Inner Unique": false,
                          "Hash Cond": "(an.person_id = ci.person_id)",
                          "Plans": [
                            {
                              "Node Type": "Seq Scan",
                              "Parent Relationship": "Outer",
                              "Parallel Aware": true,
                              "Relation Name": "aka_name",
                              "Alias": "an",
                              "Startup Cost": 0.0,
                              "Total Cost": 15030.45,
                              "Plan Rows": 61595,
                              "Plan Width": 4,
                              "Actual Startup Time": 0.047,
                              "Actual Total Time": 34.957,
                              "Actual Rows": 46643,
                              "Actual Loops": 4,
                              "Filter": "(name ~~ '%M%'::text)",
                              "Rows Removed by Filter": 178693
                            },
                            {
                              "Node Type": "Hash",
                              "Parent Relationship": "Inner",
                              "Parallel Aware": false,
                              "Startup Cost": 10119.2,
                              "Total Cost": 10119.2,
                              "Plan Rows": 32180,
                              "Plan Width": 21,
                              "Actual Startup Time": 640.871,
                              "Actual Total Time": 640.876,
                              "Actual Rows": 220667,
                              "Actual Loops": 4,
                              "Hash Buckets": 262144,
                              "Original Hash Buckets": 32768,
                              "Hash Batches": 1,
                              "Original Hash Batches": 1,
                              "Peak Memory Usage": 13740,
                              "Plans": [
                                {
                                  "Node Type": "Nested Loop",
                                  "Parent Relationship": "Outer",
                                  "Parallel Aware": false,
                                  "Join Type": "Inner",
                                  "Startup Cost": 39.81,
                                  "Total Cost": 10119.2,
                                  "Plan Rows": 32180,
                                  "Plan Width": 21,
                                  "Actual Startup Time": 1.329,
                                  "Actual Total Time": 559.306,
                                  "Actual Rows": 220667,
                                  "Actual Loops": 4,
                                  "Inner Unique": false,
                                  "Plans": [
                                    {
                                      "Node Type": "Nested Loop",
                                      "Parent Relationship": "Outer",
                                      "Parallel Aware": false,
                                      "Join Type": "Inner",
                                      "Startup Cost": 39.25,
                                      "Total Cost": 7703.31,
                                      "Plan Rows": 921,
                                      "Plan Width": 25,
                                      "Actual Startup Time": 1.178,
                                      "Actual Total Time": 54.055,
                                      "Actual Rows": 2196,
                                      "Actual Loops": 4,
                                      "Inner Unique": true,
                                      "Plans": [
                                        {
                                          "Node Type": "Nested Loop",
                                          "Parent Relationship": "Outer",
                                          "Parallel Aware": false,
                                          "Join Type": "Inner",
                                          "Startup Cost": 38.82,
                                          "Total Cost": 245.23,
                                          "Plan Rows": 1666,
                                          "Plan Width": 4,
                                          "Actual Startup Time": 0.896,
                                          "Actual Total Time": 3.393,
                                          "Actual Rows": 5186,
                                          "Actual Loops": 4,
                                          "Inner Unique": false,
                                          "Plans": [
                                            {
                                              "Node Type": "Seq Scan",
                                              "Parent Relationship": "Outer",
                                              "Parallel Aware": false,
                                              "Relation Name": "link_type",
                                              "Alias": "lt",
                                              "Startup Cost": 0.0,
                                              "Total Cost": 1.23,
                                              "Plan Rows": 1,
                                              "Plan Width": 4,
                                              "Actual Startup Time": 0.057,
                                              "Actual Total Time": 0.061,
                                              "Actual Rows": 1,
                                              "Actual Loops": 4,
                                              "Filter": "((link)::text = 'features'::text)",
                                              "Rows Removed by Filter": 17
                                            },
                                            {
                                              "Node Type": "Bitmap Heap Scan",
                                              "Parent Relationship": "Inner",
                                              "Parallel Aware": false,
                                              "Relation Name": "movie_link",
                                              "Alias": "ml",
                                              "Startup Cost": 38.82,
                                              "Total Cost": 225.26,
                                              "Plan Rows": 1875,
                                              "Plan Width": 8,
                                              "Actual Startup Time": 0.829,
                                              "Actual Total Time": 2.4,
                                              "Actual Rows": 5186,
                                              "Actual Loops": 4,
                                              "Recheck Cond": "(link_type_id = lt.id)",
                                              "Rows Removed by Index Recheck": 0,
                                              "Exact Heap Blocks": 132,
                                              "Lossy Heap Blocks": 0,
                                              "Plans": [
                                                {
                                                  "Node Type": "Bitmap Index Scan",
                                                  "Parent Relationship": "Outer",
                                                  "Parallel Aware": false,
                                                  "Index Name": "link_type_id_movie_link",
                                                  "Startup Cost": 0.0,
                                                  "Total Cost": 38.35,
                                                  "Plan Rows": 1875,
                                                  "Plan Width": 0,
                                                  "Actual Startup Time": 0.781,
                                                  "Actual Total Time": 0.781,
                                                  "Actual Rows": 5186,
                                                  "Actual Loops": 4,
                                                  "Index Cond": "(link_type_id = lt.id)"
                                                }
                                              ]
                                            }
                                          ]
                                        },
                                        {
                                          "Node Type": "Index Scan",
                                          "Parent Relationship": "Inner",
                                          "Parallel Aware": false,
                                          "Scan Direction": "Forward",
                                          "Index Name": "title_pkey",
                                          "Relation Name": "title",
                                          "Alias": "t",
                                          "Startup Cost": 0.43,
                                          "Total Cost": 4.48,
                                          "Plan Rows": 1,
                                          "Plan Width": 21,
                                          "Actual Startup Time": 0.009,
                                          "Actual Total Time": 0.009,
                                          "Actual Rows": 0,
                                          "Actual Loops": 20744,
                                          "Index Cond": "(id = ml.linked_movie_id)",
                                          "Rows Removed by Index Recheck": 0,
                                          "Filter": "((production_year >= 1990) AND (production_year <= 2010))",
                                          "Rows Removed by Filter": 1
                                        }
                                      ]
                                    },
                                    {
                                      "Node Type": "Index Scan",
                                      "Parent Relationship": "Inner",
                                      "Parallel Aware": false,
                                      "Scan Direction": "Forward",
                                      "Index Name": "movie_id_cast_info",
                                      "Relation Name": "cast_info",
                                      "Alias": "ci",
                                      "Startup Cost": 0.56,
                                      "Total Cost": 2.27,
                                      "Plan Rows": 35,
                                      "Plan Width": 8,
                                      "Actual Startup Time": 0.017,
                                      "Actual Total Time": 0.213,
                                      "Actual Rows": 100,
                                      "Actual Loops": 8784,
                                      "Index Cond": "(movie_id = t.id)",
                                      "Rows Removed by Index Recheck": 0
                                    }
                                  ]
                                }
                              ]
                            }
                          ]
                        },
                        {
                          "Node Type": "Index Scan",
                          "Parent Relationship": "Inner",
                          "Parallel Aware": false,
                          "Scan Direction": "Forward",
                          "Index Name": "name_pkey",
                          "Relation Name": "name",
                          "Alias": "n",
                          "Startup Cost": 0.43,
                          "Total Cost": 0.47,
                          "Plan Rows": 1,
                          "Plan Width": 19,
                          "Actual Startup Time": 0.003,
                          "Actual Total Time": 0.003,
                          "Actual Rows": 1,
                          "Actual Loops": 51285,
                          "Index Cond": "(id = ci.person_id)",
                          "Rows Removed by Index Recheck": 0,
                          "Filter": "(((name_pcode_cf)::text >= 'B'::text) AND ((name_pcode_cf)::text <= 'X'::text) AND (((gender)::text = 'm'::text) OR (((gender)::text = 'f'::text) AND (name ~~ 'B%'::text))))",
                          "Rows Removed by Filter": 0
                        }
                      ]
                    },
                    {
                      "Node Type": "Index Scan",
                      "Parent Relationship": "Inner",
                      "Parallel Aware": false,
                      "Scan Direction": "Forward",
                      "Index Name": "person_id_person_info",
                      "Relation Name": "person_info",
                      "Alias": "pi",
                      "Startup Cost": 0.43,
                      "Total Cost": 0.94,
                      "Plan Rows": 1,
                      "Plan Width": 8,
                      "Actual Startup Time": 0.008,
                      "Actual Total Time": 0.008,
                      "Actual Rows": 0,
                      "Actual Loops": 28902,
                      "Index Cond": "(person_id = ci.person_id)",
                      "Rows Removed by Index Recheck": 0,
                      "Filter": "(note = 'Volker Boehm'::text)",
                      "Rows Removed by Filter": 35
                    }
                  ]
                }
              ]
            },
            {
              "Node Type": "Index Scan",
              "Parent Relationship": "Inner",
              "Parallel Aware": false,
              "Scan Direction": "Forward",
              "Index Name": "info_type_pkey",
              "Relation Name": "info_type",
              "Alias": "it",
              "Startup Cost": 0.14,
              "Total Cost": 0.56,
              "Plan Rows": 1,
              "Plan Width": 4,
              "Actual Startup Time": 0.002,
              "Actual Total Time": 0.002,
              "Actual Rows": 1,
              "Actual Loops": 26,
              "Index Cond": "(id = pi.info_type_id)",
              "Rows Removed by Index Recheck": 0,
              "Filter": "((info)::text = 'mini biography'::text)",
              "Rows Removed by Filter": 0
            }
          ]
        }
      ]
    },
    "Planning Time": 16.973,
    "Triggers": [],
    "Execution Time": 878.291
  }
]