[
  {
    "Plan": {
      "Node Type": "Aggregate",
      "Strategy": "Plain",
      "Partial Mode": "Finalize",
      "Parallel Aware": false,
      "Startup Cost": 339928.92,
      "Total Cost": 339928.93,
      "Plan Rows": 1,
      "Plan Width": 8,
      "Actual Startup Time": 846.353,
      "Actual Total Time": 910.523,
      "Actual Rows": 1,
      "Actual Loops": 1,
      "Plans": [
        {
          "Node Type": "Gather",
          "Parent Relationship": "Outer",
          "Parallel Aware": false,
          "Startup Cost": 339928.3,
          "Total Cost": 339928.91,
          "Plan Rows": 6,
          "Plan Width": 8,
          "Actual Startup Time": 846.153,
          "Actual Total Time": 910.503,
          "Actual Rows": 7,
          "Actual Loops": 1,
          "Workers Planned": 6,
          "Workers Launched": 6,
          "Single Copy": false,
          "Plans": [
            {
              "Node Type": "Aggregate",
              "Strategy": "Plain",
              "Partial Mode": "Partial",
              "Parent Relationship": "Outer",
              "Parallel Aware": false,
              "Startup Cost": 338928.3,
              "Total Cost": 338928.31,
              "Plan Rows": 1,
              "Plan Width": 8,
              "Actual Startup Time": 836.024,
              "Actual Total Time": 836.025,
              "Actual Rows": 1,
              "Actual Loops": 7,
              "Plans": [
                {
                  "Node Type": "Seq Scan",
                  "Parent Relationship": "Outer",
                  "Parallel Aware": true,
                  "Relation Name": "cast_info",
                  "Alias": "ci",
                  "Startup Cost": 0.0,
                  "Total Cost": 328211.39,
                  "Plan Rows": 4286762,
                  "Plan Width": 0,
                  "Actual Startup Time": 131.78,
                  "Actual Total Time": 674.623,
                  "Actual Rows": 3673008,
                  "Actual Loops": 7,
                  "Filter": "(person_id > 1033652)",
                  "Rows Removed by Filter": 1504756
                }
              ]
            }
          ]
        }
      ]
    },
    "Planning Time": 0.211,
    "Triggers": [],
    "Execution Time": 910.601
  }
]