[
  {
    "Plan": {
      "Node Type": "Aggregate",
      "Strategy": "Plain",
      "Partial Mode": "Finalize",
      "Parallel Aware": false,
      "Startup Cost": 339889.06,
      "Total Cost": 339889.07,
      "Plan Rows": 1,
      "Plan Width": 8,
      "Actual Startup Time": 758.834,
      "Actual Total Time": 815.166,
      "Actual Rows": 1,
      "Actual Loops": 1,
      "Plans": [
        {
          "Node Type": "Gather",
          "Parent Relationship": "Outer",
          "Parallel Aware": false,
          "Startup Cost": 339888.43,
          "Total Cost": 339889.04,
          "Plan Rows": 6,
          "Plan Width": 8,
          "Actual Startup Time": 758.735,
          "Actual Total Time": 815.157,
          "Actual Rows": 7,
          "Actual Loops": 1,
          "Workers Planned": 6,
          "Workers Launched": 6,
          "Single Copy": false,
          "Plans": [
            {
              "Node Type": "Aggregate",
              "Strategy": "Plain",
              "Partial Mode": "Partial",
              "Parent Relationship": "Outer",
              "Parallel Aware": false,
              "Startup Cost": 338888.43,
              "Total Cost": 338888.44,
              "Plan Rows": 1,
              "Plan Width": 8,
              "Actual Startup Time": 750.869,
              "Actual Total Time": 750.87,
              "Actual Rows": 1,
              "Actual Loops": 7,
              "Plans": [
                {
                  "Node Type": "Seq Scan",
                  "Parent Relationship": "Outer",
                  "Parallel Aware": true,
                  "Relation Name": "cast_info",
                  "Alias": "ci",
                  "Startup Cost": 0.0,
                  "Total Cost": 328162.03,
                  "Plan Rows": 4290562,
                  "Plan Width": 0,
                  "Actual Startup Time": 115.266,
                  "Actual Total Time": 600.295,
                  "Actual Rows": 3673008,
                  "Actual Loops": 7,
                  "Filter": "(person_id > 1033652)",
                  "Rows Removed by Filter": 1504756
                }
              ]
            }
          ]
        }
      ]
    },
    "Planning Time": 0.121,
    "Triggers": [],
    "Execution Time": 815.218
  }
]