[
  {
    "Plan": {
      "Node Type": "Aggregate",
      "Strategy": "Plain",
      "Partial Mode": "Simple",
      "Parallel Aware": false,
      "Startup Cost": 55522.57,
      "Total Cost": 55522.58,
      "Plan Rows": 1,
      "Plan Width": 64,
      "Actual Startup Time": 656.906,
      "Actual Total Time": 656.913,
      "Actual Rows": 1,
      "Actual Loops": 1,
      "Plans": [
        {
          "Node Type": "Nested Loop",
          "Parent Relationship": "Outer",
          "Parallel Aware": false,
          "Join Type": "Inner",
          "Startup Cost": 2414.0,
          "Total Cost": 55522.56,
          "Plan Rows": 1,
          "Plan Width": 32,
          "Actual Startup Time": 64.602,
          "Actual Total Time": 656.758,
          "Actual Rows": 205,
          "Actual Loops": 1,
          "Inner Unique": true,
          "Plans": [
            {
              "Node Type": "Nested Loop",
              "Parent Relationship": "Outer",
              "Parallel Aware": false,
              "Join Type": "Inner",
              "Startup Cost": 2413.56,
              "Total Cost": 55518.11,
              "Plan Rows": 1,
              "Plan Width": 23,
              "Actual Startup Time": 64.527,
              "Actual Total Time": 653.049,
              "Actual Rows": 205,
              "Actual Loops": 1,
              "Inner Unique": true,
              "Join Filter": "(ml.link_type_id = lt.id)",
              "Rows Removed by Join Filter": 491,
              "Plans": [
                {
                  "Node Type": "Nested Loop",
                  "Parent Relationship": "Outer",
                  "Parallel Aware": false,
                  "Join Type": "Inner",
                  "Startup Cost": 2413.56,
                  "Total Cost": 55516.87,
                  "Plan Rows": 1,
                  "Plan Width": 27,
                  "Actual Startup Time": 64.352,
                  "Actual Total Time": 648.504,
                  "Actual Rows": 696,
                  "Actual Loops": 1,
                  "Inner Unique": false,
                  "Plans": [
                    {
                      "Node Type": "Nested Loop",
                      "Parent Relationship": "Outer",
                      "Parallel Aware": false,
                      "Join Type": "Inner",
                      "Startup Cost": 2413.26,
                      "Total Cost": 55512.52,
                      "Plan Rows": 1,
                      "Plan Width": 19,
                      "Actual Startup Time": 40.695,
                      "Actual Total Time": 589.3,
                      "Actual Rows": 7942,
                      "Actual Loops": 1,
                      "Inner Unique": false,
                      "Join Filter": "(n.id = an.person_id)",
                      "Rows Removed by Join Filter": 0,
                      "Plans": [
                        {
                          "Node Type": "Nested Loop",
                          "Parent Relationship": "Outer",
                          "Parallel Aware": false,
                          "Join Type": "Inner",
                          "Startup Cost": 2412.82,
                          "Total Cost": 55508.03,
                          "Plan Rows": 1,
                          "Plan Width": 31,
                          "Actual Startup Time": 40.57,
                          "Actual Total Time": 526.826,
                          "Actual Rows": 5438,
                          "Actual Loops": 1,
                          "Inner Unique": false,
                          "Plans": [
                            {
                              "Node Type": "Nested Loop",
                              "Parent Relationship": "Outer",
                              "Parallel Aware": false,
                              "Join Type": "Inner",
                              "Startup Cost": 2408.01,
                              "Total Cost": 55487.74,
                              "Plan Rows": 1,
                              "Plan Width": 23,
                              "Actual Startup Time": 40.384,
                              "Actual Total Time": 337.939,
                              "Actual Rows": 39,
                              "Actual Loops": 1,
                              "Inner Unique": true,
                              "Plans": [
                                {
                                  "Node Type": "Nested Loop",
                                  "Parent Relationship": "Outer",
                                  "Parallel Aware": false,
                                  "Join Type": "Inner",
                                  "Startup Cost": 2403.57,
                                  "Total Cost": 55479.28,
                                  "Plan Rows": 1,
                                  "Plan Width": 4,
                                  "Actual Startup Time": 32.326,
                                  "Actual Total Time": 333.072,
                                  "Actual Rows": 64,
                                  "Actual Loops": 1,
                                  "Inner Unique": false,
                                  "Plans": [
                                    {
                                      "Node Type": "Seq Scan",
                                      "Parent Relationship": "Outer",
                                      "Parallel Aware": false,
                                      "Relation Name": "info_type",
                                      "Alias": "it",
                                      "Startup Cost": 0.0,
                                      "Total Cost": 2.41,
                                      "Plan Rows": 1,
                                      "Plan Width": 4,
                                      "Actual Startup Time": 0.07,
                                      "Actual Total Time": 0.081,
                                      "Actual Rows": 1,
                                      "Actual Loops": 1,
                                      "Filter": "((info)::text = 'mini biography'::text)",
                                      "Rows Removed by Filter": 112
                                    },
                                    {
                                      "Node Type": "Bitmap Heap Scan",
                                      "Parent Relationship": "Inner",
                                      "Parallel Aware": false,
                                      "Relation Name": "person_info",
                                      "Alias": "pi",
                                      "Startup Cost": 2403.57,
                                      "Total Cost": 55476.86,
                                      "Plan Rows": 1,
                                      "Plan Width": 8,
                                      "Actual Startup Time": 32.248,
                                      "Actual Total Time": 332.942,
                                      "Actual Rows": 64,
                                      "Actual Loops": 1,
                                      "Recheck Cond": "(info_type_id = it.id)",
                                      "Rows Removed by Index Recheck": 0,
                                      "Filter": "(note = 'Volker Boehm'::text)",
                                      "Rows Removed by Filter": 84120,
                                      "Exact Heap Blocks": 40387,
                                      "Lossy Heap Blocks": 0,
                                      "Plans": [
                                        {
                                          "Node Type": "Bitmap Index Scan",
                                          "Parent Relationship": "Outer",
                                          "Parallel Aware": false,
                                          "Index Name": "info_type_id_person_info",
                                          "Startup Cost": 0.0,
                                          "Total Cost": 2403.57,
                                          "Plan Rows": 134819,
                                          "Plan Width": 0,
                                          "Actual Startup Time": 19.249,
                                          "Actual Total Time": 19.249,
                                          "Actual Rows": 84184,
                                          "Actual Loops": 1,
                                          "Index Cond": "(info_type_id = it.id)"
                                        }
                                      ]
                                    }
                                  ]
                                },
                                {
                                  "Node Type": "Bitmap Heap Scan",
                                  "Parent Relationship": "Inner",
                                  "Parallel Aware": false,
                                  "Relation Name": "name",
                                  "Alias": "n",
                                  "Startup Cost": 4.44,
                                  "Total Cost": 8.46,
                                  "Plan Rows": 1,
                                  "Plan Width": 19,
                                  "Actual Startup Time": 0.071,
                                  "Actual Total Time": 0.071,
                                  "Actual Rows": 1,
                                  "Actual Loops": 64,
                                  "Recheck Cond": "(id = pi.person_id)",
                                  "Rows Removed by Index Recheck": 0,
                                  "Filter": "(((name_pcode_cf)::text >= 'A'::text) AND ((name_pcode_cf)::text <= 'X'::text) AND (((gender)::text = 'm'::text) OR (((gender)::text = 'f'::text) AND (name ~~ 'B%'::text))))",
                                  "Rows Removed by Filter": 0,
                                  "Exact Heap Blocks": 64,
                                  "Lossy Heap Blocks": 0,
                                  "Plans": [
                                    {
                                      "Node Type": "Bitmap Index Scan",
                                      "Parent Relationship": "Outer",
                                      "Parallel Aware": false,
                                      "Index Name": "name_pkey",
                                      "Startup Cost": 0.0,
                                      "Total Cost": 4.44,
                                      "Plan Rows": 1,
                                      "Plan Width": 0,
                                      "Actual Startup Time": 0.057,
                                      "Actual Total Time": 0.057,
                                      "Actual Rows": 1,
                                      "Actual Loops": 64,
                                      "Index Cond": "(id = pi.person_id)"
                                    }
                                  ]
                                }
                              ]
                            },
                            {
                              "Node Type": "Bitmap Heap Scan",
                              "Parent Relationship": "Inner",
                              "Parallel Aware": false,
                              "Relation Name": "cast_info",
                              "Alias": "ci",
                              "Startup Cost": 4.81,
                              "Total Cost": 15.18,
                              "Plan Rows": 510,
                              "Plan Width": 8,
                              "Actual Startup Time": 4.696,
                              "Actual Total Time": 4.798,
                              "Actual Rows": 139,
                              "Actual Loops": 39,
                              "Recheck Cond": "(person_id = n.id)",
                              "Rows Removed by Index Recheck": 0,
                              "Exact Heap Blocks": 198,
                              "Lossy Heap Blocks": 0,
                              "Plans": [
                                {
                                  "Node Type": "Bitmap Index Scan",
                                  "Parent Relationship": "Outer",
                                  "Parallel Aware": false,
                                  "Index Name": "person_id_cast_info",
                                  "Startup Cost": 0.0,
                                  "Total Cost": 4.68,
                                  "Plan Rows": 510,
                                  "Plan Width": 0,
                                  "Actual Startup Time": 4.669,
                                  "Actual Total Time": 4.669,
                                  "Actual Rows": 139,
                                  "Actual Loops": 39,
                                  "Index Cond": "(person_id = n.id)"
                                }
                              ]
                            }
                          ]
                        },
                        {
                          "Node Type": "Bitmap Heap Scan",
                          "Parent Relationship": "Inner",
                          "Parallel Aware": false,
                          "Relation Name": "aka_name",
                          "Alias": "an",
                          "Startup Cost": 0.44,
                          "Total Cost": 4.47,
                          "Plan Rows": 2,
                          "Plan Width": 4,
                          "Actual Startup Time": 0.007,
                          "Actual Total Time": 0.008,
                          "Actual Rows": 1,
                          "Actual Loops": 5438,
                          "Recheck Cond": "(person_id = ci.person_id)",
                          "Rows Removed by Index Recheck": 0,
                          "Filter": "(name ~~ '%r%'::text)",
                          "Rows Removed by Filter": 1,
                          "Exact Heap Blocks": 7140,
                          "Lossy Heap Blocks": 0,
                          "Plans": [
                            {
                              "Node Type": "Bitmap Index Scan",
                              "Parent Relationship": "Outer",
                              "Parallel Aware": false,
                              "Index Name": "person_id_aka_name",
                              "Startup Cost": 0.0,
                              "Total Cost": 0.44,
                              "Plan Rows": 2,
                              "Plan Width": 0,
                              "Actual Startup Time": 0.004,
                              "Actual Total Time": 0.004,
                              "Actual Rows": 2,
                              "Actual Loops": 5438,
                              "Index Cond": "(person_id = ci.person_id)"
                            }
                          ]
                        }
                      ]
                    },
                    {
                      "Node Type": "Bitmap Heap Scan",
                      "Parent Relationship": "Inner",
                      "Parallel Aware": false,
                      "Relation Name": "movie_link",
                      "Alias": "ml",
                      "Startup Cost": 0.3,
                      "Total Cost": 4.33,
                      "Plan Rows": 2,
                      "Plan Width": 8,
                      "Actual Startup Time": 0.004,
                      "Actual Total Time": 0.004,
                      "Actual Rows": 0,
                      "Actual Loops": 7942,
                      "Recheck Cond": "(linked_movie_id = ci.movie_id)",
                      "Rows Removed by Index Recheck": 0,
                      "Exact Heap Blocks": 641,
                      "Lossy Heap Blocks": 0,
                      "Plans": [
                        {
                          "Node Type": "Bitmap Index Scan",
                          "Parent Relationship": "Outer",
                          "Parallel Aware": false,
                          "Index Name": "linked_movie_id_movie_link",
                          "Startup Cost": 0.0,
                          "Total Cost": 0.3,
                          "Plan Rows": 2,
                          "Plan Width": 0,
                          "Actual Startup Time": 0.003,
                          "Actual Total Time": 0.003,
                          "Actual Rows": 0,
                          "Actual Loops": 7942,
                          "Index Cond": "(linked_movie_id = ci.movie_id)"
                        }
                      ]
                    }
                  ]
                },
                {
                  "Node Type": "Seq Scan",
                  "Parent Relationship": "Inner",
                  "Parallel Aware": false,
                  "Relation Name": "link_type",
                  "Alias": "lt",
                  "Startup Cost": 0.0,
                  "Total Cost": 1.23,
                  "Plan Rows": 1,
                  "Plan Width": 4,
                  "Actual Startup Time": 0.003,
                  "Actual Total Time": 0.004,
                  "Actual Rows": 1,
                  "Actual Loops": 696,
                  "Filter": "((link)::text = 'features'::text)",
                  "Rows Removed by Filter": 14
                }
              ]
            },
            {
              "Node Type": "Bitmap Heap Scan",
              "Parent Relationship": "Inner",
              "Parallel Aware": false,
              "Relation Name": "title",
              "Alias": "t",
              "Startup Cost": 0.44,
              "Total Cost": 4.46,
              "Plan Rows": 1,
              "Plan Width": 21,
              "Actual Startup Time": 0.015,
              "Actual Total Time": 0.015,
              "Actual Rows": 1,
              "Actual Loops": 205,
              "Recheck Cond": "(id = ci.movie_id)",
              "Rows Removed by Index Recheck": 0,
              "Filter": "((production_year >= 1914) AND (production_year <= 2013))",
              "Rows Removed by Filter": 0,
              "Exact Heap Blocks": 205,
              "Lossy Heap Blocks": 0,
              "Plans": [
                {
                  "Node Type": "Bitmap Index Scan",
                  "Parent Relationship": "Outer",
                  "Parallel Aware": false,
                  "Index Name": "title_pkey",
                  "Startup Cost": 0.0,
                  "Total Cost": 0.44,
                  "Plan Rows": 1,
                  "Plan Width": 0,
                  "Actual Startup Time": 0.008,
                  "Actual Total Time": 0.008,
                  "Actual Rows": 1,
                  "Actual Loops": 205,
                  "Index Cond": "(id = ci.movie_id)"
                }
              ]
            }
          ]
        }
      ]
    },
    "Planning Time": 11.149,
    "Triggers": [],
    "Execution Time": 657.596
  }
]