[
  {
    "Plan": {
      "Node Type": "Aggregate",
      "Strategy": "Plain",
      "Partial Mode": "Finalize",
      "Parallel Aware": false,
      "Startup Cost": 126097.67,
      "Total Cost": 126097.68,
      "Plan Rows": 1,
      "Plan Width": 8,
      "Actual Startup Time": 623.233,
      "Actual Total Time": 644.452,
      "Actual Rows": 1,
      "Actual Loops": 1,
      "Plans": [
        {
          "Node Type": "Gather",
          "Parent Relationship": "Outer",
          "Parallel Aware": false,
          "Startup Cost": 126097.35,
          "Total Cost": 126097.66,
          "Plan Rows": 3,
          "Plan Width": 8,
          "Actual Startup Time": 620.722,
          "Actual Total Time": 644.443,
          "Actual Rows": 4,
          "Actual Loops": 1,
          "Workers Planned": 3,
          "Workers Launched": 3,
          "Single Copy": false,
          "Plans": [
            {
              "Node Type": "Aggregate",
              "Strategy": "Plain",
              "Partial Mode": "Partial",
              "Parent Relationship": "Outer",
              "Parallel Aware": false,
              "Startup Cost": 125097.35,
              "Total Cost": 125097.36,
              "Plan Rows": 1,
              "Plan Width": 8,
              "Actual Startup Time": 612.154,
              "Actual Total Time": 612.16,
              "Actual Rows": 1,
              "Actual Loops": 4,
              "Plans": [
                {
                  "Node Type": "Hash Join",
                  "Parent Relationship": "Outer",
                  "Parallel Aware": true,
                  "Join Type": "Inner",
                  "Startup Cost": 78458.94,
                  "Total Cost": 124711.99,
                  "Plan Rows": 154145,
                  "Plan Width": 0,
                  "Actual Startup Time": 384.154,
                  "Actual Total Time": 591.13,
                  "Actual Rows": 496157,
                  "Actual Loops": 4,
                  "Inner Unique": false,
                  "Hash Cond": "(mk.movie_id = t.id)",
                  "Plans": [
                    {
                      "Node Type": "Seq Scan",
                      "Parent Relationship": "Outer",
                      "Parallel Aware": true,
                      "Relation Name": "movie_keyword",
                      "Alias": "mk",
                      "Startup Cost": 0.0,
                      "Total Cost": 42695.65,
                      "Plan Rows": 845877,
                      "Plan Width": 4,
                      "Actual Startup Time": 0.035,
                      "Actual Total Time": 108.275,
                      "Actual Rows": 654387,
                      "Actual Loops": 4,
                      "Filter": "(keyword_id < 7085)",
                      "Rows Removed by Filter": 476596
                    },
                    {
                      "Node Type": "Hash",
                      "Parent Relationship": "Inner",
                      "Parallel Aware": true,
                      "Startup Cost": 77019.14,
                      "Total Cost": 77019.14,
                      "Plan Rows": 115184,
                      "Plan Width": 8,
                      "Actual Startup Time": 372.79,
                      "Actual Total Time": 372.794,
                      "Actual Rows": 117166,
                      "Actual Loops": 4,
                      "Hash Buckets": 524288,
                      "Original Hash Buckets": 524288,
                      "Hash Batches": 1,
                      "Original Hash Batches": 1,
                      "Peak Memory Usage": 22464,
                      "Plans": [
                        {
                          "Node Type": "Hash Join",
                          "Parent Relationship": "Outer",
                          "Parallel Aware": true,
                          "Join Type": "Inner",
                          "Startup Cost": 31168.48,
                          "Total Cost": 77019.14,
                          "Plan Rows": 115184,
                          "Plan Width": 8,
                          "Actual Startup Time": 125.278,
                          "Actual Total Time": 334.897,
                          "Actual Rows": 117166,
                          "Actual Loops": 4,
                          "Inner Unique": false,
                          "Hash Cond": "(t.id = mc.movie_id)",
                          "Plans": [
                            {
                              "Node Type": "Seq Scan",
                              "Parent Relationship": "Outer",
                              "Parallel Aware": true,
                              "Relation Name": "title",
                              "Alias": "t",
                              "Startup Cost": 0.0,
                              "Total Cost": 42318.73,
                              "Plan Rows": 632073,
                              "Plan Width": 4,
                              "Actual Startup Time": 0.011,
                              "Actual Total Time": 74.193,
                              "Actual Rows": 632078,
                              "Actual Loops": 4
                            },
                            {
                              "Node Type": "Hash",
                              "Parent Relationship": "Inner",
                              "Parallel Aware": true,
                              "Startup Cost": 29310.68,
                              "Total Cost": 29310.68,
                              "Plan Rows": 148624,
                              "Plan Width": 4,
                              "Actual Startup Time": 116.284,
                              "Actual Total Time": 116.285,
                              "Actual Rows": 117166,
                              "Actual Loops": 4,
                              "Hash Buckets": 524288,
                              "Original Hash Buckets": 524288,
                              "Hash Batches": 1,
                              "Original Hash Batches": 1,
                              "Peak Memory Usage": 22496,
                              "Plans": [
                                {
                                  "Node Type": "Seq Scan",
                                  "Parent Relationship": "Outer",
                                  "Parallel Aware": true,
                                  "Relation Name": "movie_companies",
                                  "Alias": "mc",
                                  "Startup Cost": 0.0,
                                  "Total Cost": 29310.68,
                                  "Plan Rows": 148624,
                                  "Plan Width": 4,
                                  "Actual Startup Time": 49.095,
                                  "Actual Total Time": 79.711,
                                  "Actual Rows": 117166,
                                  "Actual Loops": 4,
                                  "Filter": "(company_id > 76103)",
                                  "Rows Removed by Filter": 535116
                                }
                              ]
                            }
                          ]
                        }
                      ]
                    }
                  ]
                }
              ]
            }
          ]
        }
      ]
    },
    "Planning Time": 1.383,
    "Triggers": [],
    "Execution Time": 644.539
  }
]