{
  "Plan": {
    "Node Type": "Aggregate",
    "Strategy": "Plain",
    "Partial Mode": "Finalize",
    "Parallel Aware": false,
    "Startup Cost": 131777.96,
    "Total Cost": 131777.97,
    "Plan Rows": 1,
    "Plan Width": 8,
    "Actual Startup Time": 764.668,
    "Actual Total Time": 781.916,
    "Actual Rows": 1,
    "Actual Loops": 1,
    "Plans": [
      {
        "Node Type": "Gather",
        "Parent Relationship": "Outer",
        "Parallel Aware": false,
        "Startup Cost": 131777.85,
        "Total Cost": 131777.96,
        "Plan Rows": 1,
        "Plan Width": 8,
        "Actual Startup Time": 763.05,
        "Actual Total Time": 781.909,
        "Actual Rows": 2,
        "Actual Loops": 1,
        "Workers Planned": 1,
        "Workers Launched": 1,
        "Single Copy": false,
        "Plans": [
          {
            "Node Type": "Aggregate",
            "Strategy": "Plain",
            "Partial Mode": "Partial",
            "Parent Relationship": "Outer",
            "Parallel Aware": false,
            "Startup Cost": 130777.85,
            "Total Cost": 130777.86,
            "Plan Rows": 1,
            "Plan Width": 8,
            "Actual Startup Time": 757.134,
            "Actual Total Time": 757.138,
            "Actual Rows": 1,
            "Actual Loops": 2,
            "Plans": [
              {
                "Node Type": "Hash Join",
                "Parent Relationship": "Outer",
                "Parallel Aware": true,
                "Join Type": "Inner",
                "Startup Cost": 64531.87,
                "Total Cost": 128715.77,
                "Plan Rows": 824831,
                "Plan Width": 0,
                "Actual Startup Time": 251.746,
                "Actual Total Time": 702.69,
                "Actual Rows": 1424414,
                "Actual Loops": 2,
                "Inner Unique": true,
                "Hash Cond": "(mk.movie_id = t.id)",
                "Plans": [
                  {
                    "Node Type": "Seq Scan",
                    "Parent Relationship": "Outer",
                    "Parallel Aware": true,
                    "Relation Name": "movie_keyword",
                    "Alias": "mk",
                    "Startup Cost": 0.0,
                    "Total Cost": 57718.19,
                    "Plan Rows": 2463124,
                    "Plan Width": 4,
                    "Actual Startup Time": 0.015,
                    "Actual Total Time": 196.94,
                    "Actual Rows": 2097480,
                    "Actual Loops": 2,
                    "Filter": "(keyword_id < 50139)",
                    "Rows Removed by Filter": 164486
                  },
                  {
                    "Node Type": "Hash",
                    "Parent Relationship": "Inner",
                    "Parallel Aware": true,
                    "Startup Cost": 58306.47,
                    "Total Cost": 58306.47,
                    "Plan Rows": 498032,
                    "Plan Width": 4,
                    "Actual Startup Time": 242.226,
                    "Actual Total Time": 242.227,
                    "Actual Rows": 377580,
                    "Actual Loops": 2,
                    "Hash Buckets": 1048576,
                    "Original Hash Buckets": 1048576,
                    "Hash Batches": 1,
                    "Original Hash Batches": 1,
                    "Peak Memory Usage": 37760,
                    "Plans": [
                      {
                        "Node Type": "Seq Scan",
                        "Parent Relationship": "Outer",
                        "Parallel Aware": true,
                        "Relation Name": "title",
                        "Alias": "t",
                        "Startup Cost": 0.0,
                        "Total Cost": 58306.47,
                        "Plan Rows": 498032,
                        "Plan Width": 4,
                        "Actual Startup Time": 0.04,
                        "Actual Total Time": 153.045,
                        "Actual Rows": 377580,
                        "Actual Loops": 2,
                        "Filter": "((kind_id < 7) AND (production_year > 1965))",
                        "Rows Removed by Filter": 886576
                      }
                    ]
                  }
                ]
              }
            ]
          }
        ]
      }
    ]
  },
  "Planning Time": 0.653,
  "Triggers": [],
  "Execution Time": 781.983
}