[
  {
    "Plan": {
      "Node Type": "Aggregate",
      "Strategy": "Plain",
      "Partial Mode": "Finalize",
      "Parallel Aware": false,
      "Startup Cost": 355883.75,
      "Total Cost": 355883.76,
      "Plan Rows": 1,
      "Plan Width": 8,
      "Actual Startup Time": 406.118,
      "Actual Total Time": 421.952,
      "Actual Rows": 1,
      "Actual Loops": 1,
      "Plans": [
        {
          "Node Type": "Gather",
          "Parent Relationship": "Outer",
          "Parallel Aware": false,
          "Startup Cost": 355883.13,
          "Total Cost": 355883.74,
          "Plan Rows": 6,
          "Plan Width": 8,
          "Actual Startup Time": 399.068,
          "Actual Total Time": 421.941,
          "Actual Rows": 7,
          "Actual Loops": 1,
          "Workers Planned": 6,
          "Workers Launched": 6,
          "Single Copy": false,
          "Plans": [
            {
              "Node Type": "Aggregate",
              "Strategy": "Plain",
              "Partial Mode": "Partial",
              "Parent Relationship": "Outer",
              "Parallel Aware": false,
              "Startup Cost": 354883.13,
              "Total Cost": 354883.14,
              "Plan Rows": 1,
              "Plan Width": 8,
              "Actual Startup Time": 388.808,
              "Actual Total Time": 388.811,
              "Actual Rows": 1,
              "Actual Loops": 7,
              "Plans": [
                {
                  "Node Type": "Hash Join",
                  "Parent Relationship": "Outer",
                  "Parallel Aware": true,
                  "Join Type": "Inner",
                  "Startup Cost": 96384.09,
                  "Total Cost": 354569.88,
                  "Plan Rows": 125300,
                  "Plan Width": 0,
                  "Actual Startup Time": 224.61,
                  "Actual Total Time": 383.637,
                  "Actual Rows": 98220,
                  "Actual Loops": 7,
                  "Inner Unique": true,
                  "Hash Cond": "(ci.movie_id = t.id)",
                  "Plans": [
                    {
                      "Node Type": "Bitmap Heap Scan",
                      "Parent Relationship": "Outer",
                      "Parallel Aware": true,
                      "Relation Name": "cast_info",
                      "Alias": "ci",
                      "Startup Cost": 48181.92,
                      "Total Cost": 305413.37,
                      "Plan Rows": 363556,
                      "Plan Width": 4,
                      "Actual Startup Time": 92.441,
                      "Actual Total Time": 151.687,
                      "Actual Rows": 311059,
                      "Actual Loops": 7,
                      "Recheck Cond": "(person_id < 212990)",
                      "Rows Removed by Index Recheck": 0,
                      "Exact Heap Blocks": 4060,
                      "Lossy Heap Blocks": 0,
                      "Plans": [
                        {
                          "Node Type": "Bitmap Index Scan",
                          "Parent Relationship": "Outer",
                          "Parallel Aware": false,
                          "Index Name": "person_id_cast_info",
                          "Startup Cost": 0.0,
                          "Total Cost": 47636.58,
                          "Plan Rows": 2181336,
                          "Plan Width": 0,
                          "Actual Startup Time": 88.775,
                          "Actual Total Time": 88.776,
                          "Actual Rows": 2177413,
                          "Actual Loops": 1,
                          "Index Cond": "(person_id < 212990)"
                        }
                      ]
                    },
                    {
                      "Node Type": "Hash",
                      "Parent Relationship": "Inner",
                      "Parallel Aware": true,
                      "Startup Cost": 45479.1,
                      "Total Cost": 45479.1,
                      "Plan Rows": 217846,
                      "Plan Width": 4,
                      "Actual Startup Time": 129.277,
                      "Actual Total Time": 129.278,
                      "Actual Rows": 114502,
                      "Actual Loops": 7,
                      "Hash Buckets": 1048576,
                      "Original Hash Buckets": 1048576,
                      "Hash Batches": 1,
                      "Original Hash Batches": 1,
                      "Peak Memory Usage": 39648,
                      "Plans": [
                        {
                          "Node Type": "Seq Scan",
                          "Parent Relationship": "Outer",
                          "Parallel Aware": true,
                          "Relation Name": "title",
                          "Alias": "t",
                          "Startup Cost": 0.0,
                          "Total Cost": 45479.1,
                          "Plan Rows": 217846,
                          "Plan Width": 4,
                          "Actual Startup Time": 0.043,
                          "Actual Total Time": 76.292,
                          "Actual Rows": 114502,
                          "Actual Loops": 7,
                          "Filter": "((production_year < 2006) AND (kind_id = 7))",
                          "Rows Removed by Filter": 246686
                        }
                      ]
                    }
                  ]
                }
              ]
            }
          ]
        }
      ]
    },
    "Planning Time": 0.513,
    "Triggers": [],
    "Execution Time": 422.031
  }
]