{
    "Plan": {
        "Node Type": "Aggregate",
        "Strategy": "Plain",
        "Partial Mode": "Finalize",
        "Parallel Aware": false,
        "Startup Cost": 33461.74,
        "Total Cost": 33461.75,
        "Plan Rows": 1,
        "Plan Width": 8,
        "Actual Startup Time": 133.399,
        "Actual Total Time": 144.478,
        "Actual Rows": 1,
        "Actual Loops": 1,
        "Output": [
            "count(*)"
        ],
        "Plans": [
            {
                "Node Type": "Gather",
                "Parent Relationship": "Outer",
                "Parallel Aware": false,
                "Startup Cost": 33461.42,
                "Total Cost": 33461.73,
                "Plan Rows": 3,
                "Plan Width": 8,
                "Actual Startup Time": 133.262,
                "Actual Total Time": 144.468,
                "Actual Rows": 4,
                "Actual Loops": 1,
                "Output": [
                    "(PARTIAL count(*))"
                ],
                "Workers Planned": 3,
                "Workers Launched": 3,
                "Single Copy": false,
                "Plans": [
                    {
                        "Node Type": "Aggregate",
                        "Strategy": "Plain",
                        "Partial Mode": "Partial",
                        "Parent Relationship": "Outer",
                        "Parallel Aware": false,
                        "Startup Cost": 32461.42,
                        "Total Cost": 32461.43,
                        "Plan Rows": 1,
                        "Plan Width": 8,
                        "Actual Startup Time": 124.811,
                        "Actual Total Time": 124.812,
                        "Actual Rows": 1,
                        "Actual Loops": 4,
                        "Output": [
                            "PARTIAL count(*)"
                        ],
                        "Workers": [
                            {
                                "Worker Number": 0,
                                "Actual Startup Time": 121.218,
                                "Actual Total Time": 121.22,
                                "Actual Rows": 1,
                                "Actual Loops": 1
                            },
                            {
                                "Worker Number": 1,
                                "Actual Startup Time": 121.763,
                                "Actual Total Time": 121.765,
                                "Actual Rows": 1,
                                "Actual Loops": 1
                            },
                            {
                                "Worker Number": 2,
                                "Actual Startup Time": 124.05,
                                "Actual Total Time": 124.051,
                                "Actual Rows": 1,
                                "Actual Loops": 1
                            }
                        ],
                        "Plans": [
                            {
                                "Node Type": "Seq Scan",
                                "Parent Relationship": "Outer",
                                "Parallel Aware": true,
                                "Relation Name": "movie_companies",
                                "Schema": "public",
                                "Alias": "mc",
                                "Startup Cost": 0.0,
                                "Total Cost": 31414.82,
                                "Plan Rows": 418642,
                                "Plan Width": 0,
                                "Actual Startup Time": 60.61,
                                "Actual Total Time": 107.967,
                                "Actual Rows": 331890,
                                "Actual Loops": 4,
                                "Output": [
                                    "id",
                                    "movie_id",
                                    "company_id",
                                    "company_type_id",
                                    "note"
                                ],
                                "Filter": "((mc.company_id > 6) AND (mc.company_type_id > 1))",
                                "Rows Removed by Filter": 320392,
                                "Workers": [
                                    {
                                        "Worker Number": 0,
                                        "Actual Startup Time": 57.023,
                                        "Actual Total Time": 105.356,
                                        "Actual Rows": 423464,
                                        "Actual Loops": 1
                                    },
                                    {
                                        "Worker Number": 1,
                                        "Actual Startup Time": 57.56,
                                        "Actual Total Time": 104.502,
                                        "Actual Rows": 265504,
                                        "Actual Loops": 1
                                    },
                                    {
                                        "Worker Number": 2,
                                        "Actual Startup Time": 59.847,
                                        "Actual Total Time": 106.895,
                                        "Actual Rows": 195087,
                                        "Actual Loops": 1
                                    }
                                ]
                            }
                        ]
                    }
                ]
            }
        ]
    },
    "Planning Time": 2.192,
    "Triggers": [],
    "Execution Time": 144.763
}