{
  "Plan": {
    "Node Type": "Aggregate",
    "Strategy": "Plain",
    "Partial Mode": "Finalize",
    "Parallel Aware": false,
    "Startup Cost": 374709.12,
    "Total Cost": 374709.13,
    "Plan Rows": 1,
    "Plan Width": 8,
    "Actual Startup Time": 458.504,
    "Actual Total Time": 475.993,
    "Actual Rows": 1,
    "Actual Loops": 1,
    "Plans": [
      {
        "Node Type": "Gather",
        "Parent Relationship": "Outer",
        "Parallel Aware": false,
        "Startup Cost": 374709.01,
        "Total Cost": 374709.12,
        "Plan Rows": 1,
        "Plan Width": 8,
        "Actual Startup Time": 458.188,
        "Actual Total Time": 475.984,
        "Actual Rows": 2,
        "Actual Loops": 1,
        "Workers Planned": 1,
        "Workers Launched": 1,
        "Single Copy": false,
        "Plans": [
          {
            "Node Type": "Aggregate",
            "Strategy": "Plain",
            "Partial Mode": "Partial",
            "Parent Relationship": "Outer",
            "Parallel Aware": false,
            "Startup Cost": 373709.01,
            "Total Cost": 373709.02,
            "Plan Rows": 1,
            "Plan Width": 8,
            "Actual Startup Time": 452.025,
            "Actual Total Time": 452.028,
            "Actual Rows": 1,
            "Actual Loops": 2,
            "Plans": [
              {
                "Node Type": "Hash Join",
                "Parent Relationship": "Outer",
                "Parallel Aware": true,
                "Join Type": "Inner",
                "Startup Cost": 101658.23,
                "Total Cost": 373704.19,
                "Plan Rows": 1925,
                "Plan Width": 0,
                "Actual Startup Time": 231.731,
                "Actual Total Time": 451.94,
                "Actual Rows": 664,
                "Actual Loops": 2,
                "Inner Unique": true,
                "Hash Cond": "(ci.movie_id = t.id)",
                "Plans": [
                  {
                    "Node Type": "Bitmap Heap Scan",
                    "Parent Relationship": "Outer",
                    "Parallel Aware": true,
                    "Relation Name": "cast_info",
                    "Alias": "ci",
                    "Startup Cost": 43304.62,
                    "Total Cost": 313358.04,
                    "Plan Rows": 759066,
                    "Plan Width": 4,
                    "Actual Startup Time": 93.478,
                    "Actual Total Time": 239.343,
                    "Actual Rows": 949437,
                    "Actual Loops": 2,
                    "Recheck Cond": "(person_id > 3688194)",
                    "Rows Removed by Index Recheck": 0,
                    "Filter": "(role_id > 1)",
                    "Rows Removed by Filter": 0,
                    "Exact Heap Blocks": 15202,
                    "Lossy Heap Blocks": 0,
                    "Plans": [
                      {
                        "Node Type": "Bitmap Index Scan",
                        "Parent Relationship": "Outer",
                        "Parallel Aware": false,
                        "Index Name": "person_id_cast_info",
                        "Startup Cost": 0.0,
                        "Total Cost": 42982.02,
                        "Plan Rows": 1968194,
                        "Plan Width": 0,
                        "Actual Startup Time": 88.967,
                        "Actual Total Time": 88.968,
                        "Actual Rows": 1898874,
                        "Actual Loops": 1,
                        "Index Cond": "(person_id > 3688194)"
                      }
                    ]
                  },
                  {
                    "Node Type": "Hash",
                    "Parent Relationship": "Inner",
                    "Parallel Aware": true,
                    "Startup Cost": 58306.47,
                    "Total Cost": 58306.47,
                    "Plan Rows": 3771,
                    "Plan Width": 4,
                    "Actual Startup Time": 135.085,
                    "Actual Total Time": 135.086,
                    "Actual Rows": 3045,
                    "Actual Loops": 2,
                    "Hash Buckets": 8192,
                    "Original Hash Buckets": 8192,
                    "Hash Batches": 1,
                    "Original Hash Batches": 1,
                    "Peak Memory Usage": 352,
                    "Plans": [
                      {
                        "Node Type": "Seq Scan",
                        "Parent Relationship": "Outer",
                        "Parallel Aware": true,
                        "Relation Name": "title",
                        "Alias": "t",
                        "Startup Cost": 0.0,
                        "Total Cost": 58306.47,
                        "Plan Rows": 3771,
                        "Plan Width": 4,
                        "Actual Startup Time": 0.952,
                        "Actual Total Time": 133.993,
                        "Actual Rows": 3045,
                        "Actual Loops": 2,
                        "Filter": "((kind_id < 7) AND (production_year = 1968))",
                        "Rows Removed by Filter": 1261111
                      }
                    ]
                  }
                ]
              }
            ]
          }
        ]
      }
    ]
  },
  "Planning Time": 1.447,
  "Triggers": [],
  "Execution Time": 476.126
}