{
  "Plan": {
    "Node Type": "Aggregate",
    "Strategy": "Plain",
    "Partial Mode": "Finalize",
    "Parallel Aware": false,
    "Startup Cost": 96238.57,
    "Total Cost": 96238.58,
    "Plan Rows": 1,
    "Plan Width": 8,
    "Actual Startup Time": 264.065,
    "Actual Total Time": 279.461,
    "Actual Rows": 1,
    "Actual Loops": 1,
    "Plans": [
      {
        "Node Type": "Gather",
        "Parent Relationship": "Outer",
        "Parallel Aware": false,
        "Startup Cost": 96238.46,
        "Total Cost": 96238.57,
        "Plan Rows": 1,
        "Plan Width": 8,
        "Actual Startup Time": 263.848,
        "Actual Total Time": 279.454,
        "Actual Rows": 2,
        "Actual Loops": 1,
        "Workers Planned": 1,
        "Workers Launched": 1,
        "Single Copy": false,
        "Plans": [
          {
            "Node Type": "Aggregate",
            "Strategy": "Plain",
            "Partial Mode": "Partial",
            "Parent Relationship": "Outer",
            "Parallel Aware": false,
            "Startup Cost": 95238.46,
            "Total Cost": 95238.47,
            "Plan Rows": 1,
            "Plan Width": 8,
            "Actual Startup Time": 257.18,
            "Actual Total Time": 257.184,
            "Actual Rows": 1,
            "Actual Loops": 2,
            "Plans": [
              {
                "Node Type": "Nested Loop",
                "Parent Relationship": "Outer",
                "Parallel Aware": false,
                "Join Type": "Inner",
                "Startup Cost": 66435.51,
                "Total Cost": 95235.6,
                "Plan Rows": 1146,
                "Plan Width": 0,
                "Actual Startup Time": 174.704,
                "Actual Total Time": 257.16,
                "Actual Rows": 158,
                "Actual Loops": 2,
                "Inner Unique": false,
                "Join Filter": "(t.id = mc.movie_id)",
                "Rows Removed by Join Filter": 0,
                "Plans": [
                  {
                    "Node Type": "Hash Join",
                    "Parent Relationship": "Outer",
                    "Parallel Aware": true,
                    "Join Type": "Inner",
                    "Startup Cost": 66435.08,
                    "Total Cost": 94259.07,
                    "Plan Rows": 1111,
                    "Plan Width": 8,
                    "Actual Startup Time": 174.55,
                    "Actual Total Time": 256.262,
                    "Actual Rows": 118,
                    "Actual Loops": 2,
                    "Inner Unique": true,
                    "Hash Cond": "(mk.movie_id = t.id)",
                    "Plans": [
                      {
                        "Node Type": "Bitmap Heap Scan",
                        "Parent Relationship": "Outer",
                        "Parallel Aware": true,
                        "Relation Name": "movie_keyword",
                        "Alias": "mk",
                        "Startup Cost": 8035.95,
                        "Total Cost": 35275.06,
                        "Plan Rows": 222809,
                        "Plan Width": 4,
                        "Actual Startup Time": 23.312,
                        "Actual Total Time": 87.835,
                        "Actual Rows": 182148,
                        "Actual Loops": 2,
                        "Recheck Cond": "(keyword_id > 46037)",
                        "Rows Removed by Index Recheck": 0,
                        "Exact Heap Blocks": 14046,
                        "Lossy Heap Blocks": 0,
                        "Plans": [
                          {
                            "Node Type": "Bitmap Index Scan",
                            "Parent Relationship": "Outer",
                            "Parallel Aware": false,
                            "Index Name": "keyword_id_movie_keyword",
                            "Startup Cost": 0.0,
                            "Total Cost": 7941.25,
                            "Plan Rows": 378776,
                            "Plan Width": 0,
                            "Actual Startup Time": 19.898,
                            "Actual Total Time": 19.899,
                            "Actual Rows": 364296,
                            "Actual Loops": 1,
                            "Index Cond": "(keyword_id > 46037)"
                          }
                        ]
                      },
                      {
                        "Node Type": "Hash",
                        "Parent Relationship": "Inner",
                        "Parallel Aware": true,
                        "Startup Cost": 58306.47,
                        "Total Cost": 58306.47,
                        "Plan Rows": 7413,
                        "Plan Width": 4,
                        "Actual Startup Time": 149.638,
                        "Actual Total Time": 149.639,
                        "Actual Rows": 6322,
                        "Actual Loops": 2,
                        "Hash Buckets": 16384,
                        "Original Hash Buckets": 16384,
                        "Hash Batches": 1,
                        "Original Hash Batches": 1,
                        "Peak Memory Usage": 672,
                        "Plans": [
                          {
                            "Node Type": "Seq Scan",
                            "Parent Relationship": "Outer",
                            "Parallel Aware": true,
                            "Relation Name": "title",
                            "Alias": "t",
                            "Startup Cost": 0.0,
                            "Total Cost": 58306.47,
                            "Plan Rows": 7413,
                            "Plan Width": 4,
                            "Actual Startup Time": 0.066,
                            "Actual Total Time": 146.687,
                            "Actual Rows": 6322,
                            "Actual Loops": 2,
                            "Filter": "((kind_id = 7) AND (production_year = 1989))",
                            "Rows Removed by Filter": 1257834
                          }
                        ]
                      }
                    ]
                  },
                  {
                    "Node Type": "Index Only Scan",
                    "Parent Relationship": "Inner",
                    "Parallel Aware": false,
                    "Scan Direction": "Forward",
                    "Index Name": "movie_id_movie_companies",
                    "Relation Name": "movie_companies",
                    "Alias": "mc",
                    "Startup Cost": 0.43,
                    "Total Cost": 0.82,
                    "Plan Rows": 5,
                    "Plan Width": 4,
                    "Actual Startup Time": 0.006,
                    "Actual Total Time": 0.007,
                    "Actual Rows": 1,
                    "Actual Loops": 236,
                    "Index Cond": "(movie_id = mk.movie_id)",
                    "Rows Removed by Index Recheck": 0,
                    "Heap Fetches": 315
                  }
                ]
              }
            ]
          }
        ]
      }
    ]
  },
  "Planning Time": 1.131,
  "Triggers": [],
  "Execution Time": 279.584
}