[
  {
    "Plan": {
      "Node Type": "Aggregate",
      "Strategy": "Plain",
      "Partial Mode": "Finalize",
      "Parallel Aware": false,
      "Startup Cost": 343026.47,
      "Total Cost": 343026.48,
      "Plan Rows": 1,
      "Plan Width": 8,
      "Actual Startup Time": 927.495,
      "Actual Total Time": 981.664,
      "Actual Rows": 1,
      "Actual Loops": 1,
      "Plans": [
        {
          "Node Type": "Gather",
          "Parent Relationship": "Outer",
          "Parallel Aware": false,
          "Startup Cost": 343025.85,
          "Total Cost": 343026.46,
          "Plan Rows": 6,
          "Plan Width": 8,
          "Actual Startup Time": 927.307,
          "Actual Total Time": 981.652,
          "Actual Rows": 7,
          "Actual Loops": 1,
          "Workers Planned": 6,
          "Workers Launched": 6,
          "Single Copy": false,
          "Plans": [
            {
              "Node Type": "Aggregate",
              "Strategy": "Plain",
              "Partial Mode": "Partial",
              "Parent Relationship": "Outer",
              "Parallel Aware": false,
              "Startup Cost": 342025.85,
              "Total Cost": 342025.86,
              "Plan Rows": 1,
              "Plan Width": 8,
              "Actual Startup Time": 916.66,
              "Actual Total Time": 916.662,
              "Actual Rows": 1,
              "Actual Loops": 7,
              "Plans": [
                {
                  "Node Type": "Seq Scan",
                  "Parent Relationship": "Outer",
                  "Parallel Aware": true,
                  "Relation Name": "cast_info",
                  "Alias": "ci",
                  "Startup Cost": 0.0,
                  "Total Cost": 328211.39,
                  "Plan Rows": 5525783,
                  "Plan Width": 0,
                  "Actual Startup Time": 52.584,
                  "Actual Total Time": 684.01,
                  "Actual Rows": 4720877,
                  "Actual Loops": 7,
                  "Filter": "(person_id > 309456)",
                  "Rows Removed by Filter": 456886
                }
              ]
            }
          ]
        }
      ]
    },
    "Planning Time": 0.209,
    "Triggers": [],
    "Execution Time": 981.739
  }
]