[
  {
    "Plan": {
      "Node Type": "Aggregate",
      "Strategy": "Plain",
      "Partial Mode": "Finalize",
      "Parallel Aware": false,
      "Startup Cost": 336729.04,
      "Total Cost": 336729.05,
      "Plan Rows": 1,
      "Plan Width": 8,
      "Actual Startup Time": 227.98,
      "Actual Total Time": 259.096,
      "Actual Rows": 1,
      "Actual Loops": 1,
      "Plans": [
        {
          "Node Type": "Gather",
          "Parent Relationship": "Outer",
          "Parallel Aware": false,
          "Startup Cost": 336728.62,
          "Total Cost": 336729.03,
          "Plan Rows": 4,
          "Plan Width": 8,
          "Actual Startup Time": 227.789,
          "Actual Total Time": 259.089,
          "Actual Rows": 5,
          "Actual Loops": 1,
          "Workers Planned": 4,
          "Workers Launched": 4,
          "Single Copy": false,
          "Plans": [
            {
              "Node Type": "Aggregate",
              "Strategy": "Plain",
              "Partial Mode": "Partial",
              "Parent Relationship": "Outer",
              "Parallel Aware": false,
              "Startup Cost": 335728.62,
              "Total Cost": 335728.63,
              "Plan Rows": 1,
              "Plan Width": 8,
              "Actual Startup Time": 221.849,
              "Actual Total Time": 221.85,
              "Actual Rows": 1,
              "Actual Loops": 5,
              "Plans": [
                {
                  "Node Type": "Nested Loop",
                  "Parent Relationship": "Outer",
                  "Parallel Aware": false,
                  "Join Type": "Inner",
                  "Startup Cost": 0.56,
                  "Total Cost": 335560.73,
                  "Plan Rows": 67154,
                  "Plan Width": 0,
                  "Actual Startup Time": 41.894,
                  "Actual Total Time": 218.765,
                  "Actual Rows": 44118,
                  "Actual Loops": 5,
                  "Inner Unique": false,
                  "Plans": [
                    {
                      "Node Type": "Seq Scan",
                      "Parent Relationship": "Outer",
                      "Parallel Aware": true,
                      "Relation Name": "title",
                      "Alias": "t",
                      "Startup Cost": 0.0,
                      "Total Cost": 45479.21,
                      "Plan Rows": 7228,
                      "Plan Width": 4,
                      "Actual Startup Time": 41.73,
                      "Actual Total Time": 65.733,
                      "Actual Rows": 3223,
                      "Actual Loops": 5,
                      "Filter": "((kind_id = 1) AND (production_year = 2006))",
                      "Rows Removed by Filter": 502439
                    },
                    {
                      "Node Type": "Index Scan",
                      "Parent Relationship": "Inner",
                      "Parallel Aware": false,
                      "Scan Direction": "Forward",
                      "Index Name": "movie_id_cast_info",
                      "Relation Name": "cast_info",
                      "Alias": "ci",
                      "Startup Cost": 0.56,
                      "Total Cost": 39.88,
                      "Plan Rows": 25,
                      "Plan Width": 4,
                      "Actual Startup Time": 0.022,
                      "Actual Total Time": 0.046,
                      "Actual Rows": 14,
                      "Actual Loops": 16117,
                      "Index Cond": "(movie_id = t.id)",
                      "Rows Removed by Index Recheck": 0,
                      "Filter": "(role_id > 1)",
                      "Rows Removed by Filter": 6
                    }
                  ]
                }
              ]
            }
          ]
        }
      ]
    },
    "Planning Time": 0.249,
    "Triggers": [],
    "Execution Time": 259.138
  }
]