{
  "Plan": {
    "Node Type": "Aggregate",
    "Strategy": "Plain",
    "Partial Mode": "Finalize",
    "Parallel Aware": false,
    "Startup Cost": 28863.75,
    "Total Cost": 28863.76,
    "Plan Rows": 1,
    "Plan Width": 8,
    "Actual Startup Time": 56.58,
    "Actual Total Time": 63.606,
    "Actual Rows": 1,
    "Actual Loops": 1,
    "Plans": [
      {
        "Node Type": "Gather",
        "Parent Relationship": "Outer",
        "Parallel Aware": false,
        "Startup Cost": 28863.64,
        "Total Cost": 28863.75,
        "Plan Rows": 1,
        "Plan Width": 8,
        "Actual Startup Time": 56.453,
        "Actual Total Time": 63.599,
        "Actual Rows": 2,
        "Actual Loops": 1,
        "Workers Planned": 1,
        "Workers Launched": 1,
        "Single Copy": false,
        "Plans": [
          {
            "Node Type": "Aggregate",
            "Strategy": "Plain",
            "Partial Mode": "Partial",
            "Parent Relationship": "Outer",
            "Parallel Aware": false,
            "Startup Cost": 27863.64,
            "Total Cost": 27863.65,
            "Plan Rows": 1,
            "Plan Width": 8,
            "Actual Startup Time": 50.434,
            "Actual Total Time": 50.436,
            "Actual Rows": 1,
            "Actual Loops": 2,
            "Plans": [
              {
                "Node Type": "Nested Loop",
                "Parent Relationship": "Outer",
                "Parallel Aware": false,
                "Join Type": "Inner",
                "Startup Cost": 75.58,
                "Total Cost": 27834.47,
                "Plan Rows": 11667,
                "Plan Width": 0,
                "Actual Startup Time": 1.534,
                "Actual Total Time": 48.317,
                "Actual Rows": 20220,
                "Actual Loops": 2,
                "Inner Unique": false,
                "Plans": [
                  {
                    "Node Type": "Nested Loop",
                    "Parent Relationship": "Outer",
                    "Parallel Aware": false,
                    "Join Type": "Inner",
                    "Startup Cost": 75.15,
                    "Total Cost": 23980.06,
                    "Plan Rows": 1995,
                    "Plan Width": 8,
                    "Actual Startup Time": 1.407,
                    "Actual Total Time": 16.168,
                    "Actual Rows": 1586,
                    "Actual Loops": 2,
                    "Inner Unique": true,
                    "Plans": [
                      {
                        "Node Type": "Bitmap Heap Scan",
                        "Parent Relationship": "Outer",
                        "Parallel Aware": true,
                        "Relation Name": "movie_companies",
                        "Alias": "mc",
                        "Startup Cost": 74.72,
                        "Total Cost": 8748.24,
                        "Plan Rows": 1995,
                        "Plan Width": 4,
                        "Actual Startup Time": 1.263,
                        "Actual Total Time": 3.278,
                        "Actual Rows": 1586,
                        "Actual Loops": 2,
                        "Recheck Cond": "(company_id = 137)",
                        "Rows Removed by Index Recheck": 0,
                        "Exact Heap Blocks": 579,
                        "Lossy Heap Blocks": 0,
                        "Plans": [
                          {
                            "Node Type": "Bitmap Index Scan",
                            "Parent Relationship": "Outer",
                            "Parallel Aware": false,
                            "Index Name": "company_id_movie_companies",
                            "Startup Cost": 0.0,
                            "Total Cost": 73.87,
                            "Plan Rows": 3392,
                            "Plan Width": 0,
                            "Actual Startup Time": 2.02,
                            "Actual Total Time": 2.02,
                            "Actual Rows": 3172,
                            "Actual Loops": 1,
                            "Index Cond": "(company_id = 137)"
                          }
                        ]
                      },
                      {
                        "Node Type": "Index Only Scan",
                        "Parent Relationship": "Inner",
                        "Parallel Aware": false,
                        "Scan Direction": "Forward",
                        "Index Name": "title_pkey",
                        "Relation Name": "title",
                        "Alias": "t",
                        "Startup Cost": 0.43,
                        "Total Cost": 7.63,
                        "Plan Rows": 1,
                        "Plan Width": 4,
                        "Actual Startup Time": 0.007,
                        "Actual Total Time": 0.007,
                        "Actual Rows": 1,
                        "Actual Loops": 3172,
                        "Index Cond": "(id = mc.movie_id)",
                        "Rows Removed by Index Recheck": 0,
                        "Heap Fetches": 3172
                      }
                    ]
                  },
                  {
                    "Node Type": "Index Only Scan",
                    "Parent Relationship": "Inner",
                    "Parallel Aware": false,
                    "Scan Direction": "Forward",
                    "Index Name": "movie_id_movie_info",
                    "Relation Name": "movie_info",
                    "Alias": "mi",
                    "Startup Cost": 0.43,
                    "Total Cost": 1.51,
                    "Plan Rows": 42,
                    "Plan Width": 4,
                    "Actual Startup Time": 0.006,
                    "Actual Total Time": 0.018,
                    "Actual Rows": 13,
                    "Actual Loops": 3172,
                    "Index Cond": "(movie_id = t.id)",
                    "Rows Removed by Index Recheck": 0,
                    "Heap Fetches": 40440
                  }
                ]
              }
            ]
          }
        ]
      }
    ]
  },
  "Planning Time": 1.033,
  "Triggers": [],
  "Execution Time": 63.703
}