[
  {
    "Plan": {
      "Node Type": "Aggregate",
      "Strategy": "Plain",
      "Partial Mode": "Finalize",
      "Parallel Aware": false,
      "Startup Cost": 380973.5,
      "Total Cost": 380973.51,
      "Plan Rows": 1,
      "Plan Width": 8,
      "Actual Startup Time": 1124.421,
      "Actual Total Time": 1181.549,
      "Actual Rows": 1,
      "Actual Loops": 1,
      "Plans": [
        {
          "Node Type": "Gather",
          "Parent Relationship": "Outer",
          "Parallel Aware": false,
          "Startup Cost": 380972.88,
          "Total Cost": 380973.49,
          "Plan Rows": 6,
          "Plan Width": 8,
          "Actual Startup Time": 1123.208,
          "Actual Total Time": 1181.502,
          "Actual Rows": 7,
          "Actual Loops": 1,
          "Workers Planned": 6,
          "Workers Launched": 6,
          "Single Copy": false,
          "Plans": [
            {
              "Node Type": "Aggregate",
              "Strategy": "Plain",
              "Partial Mode": "Partial",
              "Parent Relationship": "Outer",
              "Parallel Aware": false,
              "Startup Cost": 379972.88,
              "Total Cost": 379972.89,
              "Plan Rows": 1,
              "Plan Width": 8,
              "Actual Startup Time": 1114.522,
              "Actual Total Time": 1114.525,
              "Actual Rows": 1,
              "Actual Loops": 7,
              "Plans": [
                {
                  "Node Type": "Hash Join",
                  "Parent Relationship": "Outer",
                  "Parallel Aware": true,
                  "Join Type": "Inner",
                  "Startup Cost": 44358.38,
                  "Total Cost": 379584.72,
                  "Plan Rows": 155264,
                  "Plan Width": 0,
                  "Actual Startup Time": 432.924,
                  "Actual Total Time": 1110.644,
                  "Actual Rows": 67886,
                  "Actual Loops": 7,
                  "Inner Unique": true,
                  "Hash Cond": "(ci.movie_id = t.id)",
                  "Plans": [
                    {
                      "Node Type": "Seq Scan",
                      "Parent Relationship": "Outer",
                      "Parallel Aware": true,
                      "Relation Name": "cast_info",
                      "Alias": "ci",
                      "Startup Cost": 0.0,
                      "Total Cost": 328211.39,
                      "Plan Rows": 2672355,
                      "Plan Width": 4,
                      "Actual Startup Time": 341.414,
                      "Actual Total Time": 694.103,
                      "Actual Rows": 2303098,
                      "Actual Loops": 7,
                      "Filter": "(role_id > 2)",
                      "Rows Removed by Filter": 2874666
                    },
                    {
                      "Node Type": "Hash",
                      "Parent Relationship": "Inner",
                      "Parallel Aware": true,
                      "Startup Cost": 43899.32,
                      "Total Cost": 43899.32,
                      "Plan Rows": 36725,
                      "Plan Width": 4,
                      "Actual Startup Time": 88.988,
                      "Actual Total Time": 88.99,
                      "Actual Rows": 22905,
                      "Actual Loops": 7,
                      "Hash Buckets": 262144,
                      "Original Hash Buckets": 262144,
                      "Hash Batches": 1,
                      "Original Hash Batches": 1,
                      "Peak Memory Usage": 8416,
                      "Plans": [
                        {
                          "Node Type": "Seq Scan",
                          "Parent Relationship": "Outer",
                          "Parallel Aware": true,
                          "Relation Name": "title",
                          "Alias": "t",
                          "Startup Cost": 0.0,
                          "Total Cost": 43899.32,
                          "Plan Rows": 36725,
                          "Plan Width": 4,
                          "Actual Startup Time": 0.93,
                          "Actual Total Time": 77.377,
                          "Actual Rows": 22905,
                          "Actual Loops": 7,
                          "Filter": "(production_year < 1949)",
                          "Rows Removed by Filter": 338282
                        }
                      ]
                    }
                  ]
                }
              ]
            }
          ]
        }
      ]
    },
    "Planning Time": 0.624,
    "Triggers": [],
    "Execution Time": 1181.64
  }
]