[
  {
    "Plan": {
      "Node Type": "Aggregate",
      "Strategy": "Plain",
      "Partial Mode": "Finalize",
      "Parallel Aware": false,
      "Startup Cost": 248663.92,
      "Total Cost": 248663.93,
      "Plan Rows": 1,
      "Plan Width": 64,
      "Actual Startup Time": 3909.762,
      "Actual Total Time": 3952.997,
      "Actual Rows": 1,
      "Actual Loops": 1,
      "Plans": [
        {
          "Node Type": "Gather",
          "Parent Relationship": "Outer",
          "Parallel Aware": false,
          "Startup Cost": 248663.6,
          "Total Cost": 248663.91,
          "Plan Rows": 3,
          "Plan Width": 64,
          "Actual Startup Time": 3907.011,
          "Actual Total Time": 3952.98,
          "Actual Rows": 4,
          "Actual Loops": 1,
          "Workers Planned": 3,
          "Workers Launched": 3,
          "Single Copy": false,
          "Plans": [
            {
              "Node Type": "Aggregate",
              "Strategy": "Plain",
              "Partial Mode": "Partial",
              "Parent Relationship": "Outer",
              "Parallel Aware": false,
              "Startup Cost": 247663.6,
              "Total Cost": 247663.61,
              "Plan Rows": 1,
              "Plan Width": 64,
              "Actual Startup Time": 3896.174,
              "Actual Total Time": 3896.188,
              "Actual Rows": 1,
              "Actual Loops": 4,
              "Plans": [
                {
                  "Node Type": "Hash Join",
                  "Parent Relationship": "Outer",
                  "Parallel Aware": false,
                  "Join Type": "Inner",
                  "Startup Cost": 50792.7,
                  "Total Cost": 247211.8,
                  "Plan Rows": 90359,
                  "Plan Width": 33,
                  "Actual Startup Time": 3896.167,
                  "Actual Total Time": 3896.18,
                  "Actual Rows": 0,
                  "Actual Loops": 4,
                  "Inner Unique": true,
                  "Hash Cond": "(ci.role_id = rt.id)",
                  "Plans": [
                    {
                      "Node Type": "Nested Loop",
                      "Parent Relationship": "Outer",
                      "Parallel Aware": false,
                      "Join Type": "Inner",
                      "Startup Cost": 50791.43,
                      "Total Cost": 246889.57,
                      "Plan Rows": 90359,
                      "Plan Width": 37,
                      "Actual Startup Time": 3895.815,
                      "Actual Total Time": 3895.826,
                      "Actual Rows": 0,
                      "Actual Loops": 4,
                      "Inner Unique": true,
                      "Plans": [
                        {
                          "Node Type": "Nested Loop",
                          "Parent Relationship": "Outer",
                          "Parallel Aware": false,
                          "Join Type": "Inner",
                          "Startup Cost": 50791.0,
                          "Total Cost": 194822.67,
                          "Plan Rows": 90359,
                          "Plan Width": 25,
                          "Actual Startup Time": 254.12,
                          "Actual Total Time": 3866.44,
                          "Actual Rows": 73001,
                          "Actual Loops": 4,
                          "Inner Unique": false,
                          "Join Filter": "(t.id = ci.movie_id)",
                          "Rows Removed by Join Filter": 0,
                          "Plans": [
                            {
                              "Node Type": "Hash Join",
                              "Parent Relationship": "Outer",
                              "Parallel Aware": false,
                              "Join Type": "Inner",
                              "Startup Cost": 50790.43,
                              "Total Cost": 80958.93,
                              "Plan Rows": 59402,
                              "Plan Width": 25,
                              "Actual Startup Time": 253.635,
                              "Actual Total Time": 763.123,
                              "Actual Rows": 108806,
                              "Actual Loops": 4,
                              "Inner Unique": true,
                              "Hash Cond": "(mc.company_type_id = ct.id)",
                              "Plans": [
                                {
                                  "Node Type": "Hash Join",
                                  "Parent Relationship": "Outer",
                                  "Parallel Aware": true,
                                  "Join Type": "Inner",
                                  "Startup Cost": 50789.34,
                                  "Total Cost": 80636.71,
                                  "Plan Rows": 59402,
                                  "Plan Width": 29,
                                  "Actual Startup Time": 253.547,
                                  "Actual Total Time": 737.373,
                                  "Actual Rows": 108806,
                                  "Actual Loops": 4,
                                  "Inner Unique": true,
                                  "Hash Cond": "(mc.company_id = cn.id)",
                                  "Plans": [
                                    {
                                      "Node Type": "Hash Join",
                                      "Parent Relationship": "Outer",
                                      "Parallel Aware": true,
                                      "Join Type": "Inner",
                                      "Startup Cost": 45441.95,
                                      "Total Cost": 74857.84,
                                      "Plan Rows": 164367,
                                      "Plan Width": 33,
                                      "Actual Startup Time": 221.156,
                                      "Actual Total Time": 636.292,
                                      "Actual Rows": 200481,
                                      "Actual Loops": 4,
                                      "Inner Unique": true,
                                      "Hash Cond": "(mc.movie_id = t.id)",
                                      "Plans": [
                                        {
                                          "Node Type": "Seq Scan",
                                          "Parent Relationship": "Outer",
                                          "Parallel Aware": true,
                                          "Relation Name": "movie_companies",
                                          "Alias": "mc",
                                          "Startup Cost": 0.0,
                                          "Total Cost": 27206.55,
                                          "Plan Rows": 841655,
                                          "Plan Width": 12,
                                          "Actual Startup Time": 0.021,
                                          "Actual Total Time": 105.391,
                                          "Actual Rows": 652282,
                                          "Actual Loops": 4
                                        },
                                        {
                                          "Node Type": "Hash",
                                          "Parent Relationship": "Inner",
                                          "Parallel Aware": true,
                                          "Startup Cost": 43898.97,
                                          "Total Cost": 43898.97,
                                          "Plan Rows": 123438,
                                          "Plan Width": 21,
                                          "Actual Startup Time": 219.52,
                                          "Actual Total Time": 219.524,
                                          "Actual Rows": 119900,
                                          "Actual Loops": 4,
                                          "Hash Buckets": 524288,
                                          "Original Hash Buckets": 524288,
                                          "Hash Batches": 1,
                                          "Original Hash Batches": 1,
                                          "Peak Memory Usage": 31520,
                                          "Plans": [
                                            {
                                              "Node Type": "Seq Scan",
                                              "Parent Relationship": "Outer",
                                              "Parallel Aware": true,
                                              "Relation Name": "title",
                                              "Alias": "t",
                                              "Startup Cost": 0.0,
                                              "Total Cost": 43898.97,
                                              "Plan Rows": 123438,
                                              "Plan Width": 21,
                                              "Actual Startup Time": 0.047,
                                              "Actual Total Time": 152.255,
                                              "Actual Rows": 119900,
                                              "Actual Loops": 4,
                                              "Filter": "(production_year < 1978)",
                                              "Rows Removed by Filter": 512178
                                            }
                                          ]
                                        }
                                      ]
                                    },
                                    {
                                      "Node Type": "Hash",
                                      "Parent Relationship": "Inner",
                                      "Parallel Aware": true,
                                      "Startup Cost": 4722.92,
                                      "Total Cost": 4722.92,
                                      "Plan Rows": 49958,
                                      "Plan Width": 4,
                                      "Actual Startup Time": 31.299,
                                      "Actual Total Time": 31.3,
                                      "Actual Rows": 21211,
                                      "Actual Loops": 4,
                                      "Hash Buckets": 131072,
                                      "Original Hash Buckets": 131072,
                                      "Hash Batches": 1,
                                      "Original Hash Batches": 1,
                                      "Peak Memory Usage": 4416,
                                      "Plans": [
                                        {
                                          "Node Type": "Seq Scan",
                                          "Parent Relationship": "Outer",
                                          "Parallel Aware": true,
                                          "Relation Name": "company_name",
                                          "Alias": "cn",
                                          "Startup Cost": 0.0,
                                          "Total Cost": 4722.92,
                                          "Plan Rows": 49958,
                                          "Plan Width": 4,
                                          "Actual Startup Time": 0.059,
                                          "Actual Total Time": 21.84,
                                          "Actual Rows": 21211,
                                          "Actual Loops": 4,
                                          "Filter": "((country_code)::text = '[us]'::text)",
                                          "Rows Removed by Filter": 37538
                                        }
                                      ]
                                    }
                                  ]
                                },
                                {
                                  "Node Type": "Hash",
                                  "Parent Relationship": "Inner",
                                  "Parallel Aware": false,
                                  "Startup Cost": 1.04,
                                  "Total Cost": 1.04,
                                  "Plan Rows": 4,
                                  "Plan Width": 4,
                                  "Actual Startup Time": 0.037,
                                  "Actual Total Time": 0.038,
                                  "Actual Rows": 4,
                                  "Actual Loops": 4,
                                  "Hash Buckets": 1024,
                                  "Original Hash Buckets": 1024,
                                  "Hash Batches": 1,
                                  "Original Hash Batches": 1,
                                  "Peak Memory Usage": 9,
                                  "Plans": [
                                    {
                                      "Node Type": "Seq Scan",
                                      "Parent Relationship": "Outer",
                                      "Parallel Aware": false,
                                      "Relation Name": "company_type",
                                      "Alias": "ct",
                                      "Startup Cost": 0.0,
                                      "Total Cost": 1.04,
                                      "Plan Rows": 4,
                                      "Plan Width": 4,
                                      "Actual Startup Time": 0.026,
                                      "Actual Total Time": 0.028,
                                      "Actual Rows": 4,
                                      "Actual Loops": 4
                                    }
                                  ]
                                }
                              ]
                            },
                            {
                              "Node Type": "Index Scan",
                              "Parent Relationship": "Inner",
                              "Parallel Aware": false,
                              "Scan Direction": "Forward",
                              "Index Name": "movie_id_cast_info",
                              "Relation Name": "cast_info",
                              "Alias": "ci",
                              "Startup Cost": 0.56,
                              "Total Cost": 1.89,
                              "Plan Rows": 2,
                              "Plan Width": 12,
                              "Actual Startup Time": 0.022,
                              "Actual Total Time": 0.028,
                              "Actual Rows": 1,
                              "Actual Loops": 435222,
                              "Index Cond": "(movie_id = mc.movie_id)",
                              "Rows Removed by Index Recheck": 0,
                              "Filter": "(note ~~ '%(producer)%'::text)",
                              "Rows Removed by Filter": 17
                            }
                          ]
                        },
                        {
                          "Node Type": "Index Scan",
                          "Parent Relationship": "Inner",
                          "Parallel Aware": false,
                          "Scan Direction": "Forward",
                          "Index Name": "char_name_pkey",
                          "Relation Name": "char_name",
                          "Alias": "chn",
                          "Startup Cost": 0.43,
                          "Total Cost": 0.58,
                          "Plan Rows": 1,
                          "Plan Width": 20,
                          "Actual Startup Time": 0.0,
                          "Actual Total Time": 0.0,
                          "Actual Rows": 0,
                          "Actual Loops": 292003,
                          "Index Cond": "(id = ci.person_role_id)",
                          "Rows Removed by Index Recheck": 0
                        }
                      ]
                    },
                    {
                      "Node Type": "Hash",
                      "Parent Relationship": "Inner",
                      "Parallel Aware": false,
                      "Startup Cost": 1.12,
                      "Total Cost": 1.12,
                      "Plan Rows": 12,
                      "Plan Width": 4,
                      "Actual Startup Time": 0.071,
                      "Actual Total Time": 0.072,
                      "Actual Rows": 12,
                      "Actual Loops": 4,
                      "Hash Buckets": 1024,
                      "Original Hash Buckets": 1024,
                      "Hash Batches": 1,
                      "Original Hash Batches": 1,
                      "Peak Memory Usage": 9,
                      "Plans": [
                        {
                          "Node Type": "Seq Scan",
                          "Parent Relationship": "Outer",
                          "Parallel Aware": false,
                          "Relation Name": "role_type",
                          "Alias": "rt",
                          "Startup Cost": 0.0,
                          "Total Cost": 1.12,
                          "Plan Rows": 12,
                          "Plan Width": 4,
                          "Actual Startup Time": 0.042,
                          "Actual Total Time": 0.047,
                          "Actual Rows": 12,
                          "Actual Loops": 4
                        }
                      ]
                    }
                  ]
                }
              ]
            }
          ]
        }
      ]
    },
    "Planning Time": 8.617,
    "Triggers": [],
    "Execution Time": 3953.449
  }
]