[
  {
    "Plan": {
      "Node Type": "Aggregate",
      "Strategy": "Plain",
      "Partial Mode": "Finalize",
      "Parallel Aware": false,
      "Startup Cost": 53720.06,
      "Total Cost": 53720.07,
      "Plan Rows": 1,
      "Plan Width": 8,
      "Actual Startup Time": 94.424,
      "Actual Total Time": 109.388,
      "Actual Rows": 1,
      "Actual Loops": 1,
      "Plans": [
        {
          "Node Type": "Gather",
          "Parent Relationship": "Outer",
          "Parallel Aware": false,
          "Startup Cost": 53719.64,
          "Total Cost": 53720.05,
          "Plan Rows": 4,
          "Plan Width": 8,
          "Actual Startup Time": 94.27,
          "Actual Total Time": 109.377,
          "Actual Rows": 5,
          "Actual Loops": 1,
          "Workers Planned": 4,
          "Workers Launched": 4,
          "Single Copy": false,
          "Plans": [
            {
              "Node Type": "Aggregate",
              "Strategy": "Plain",
              "Partial Mode": "Partial",
              "Parent Relationship": "Outer",
              "Parallel Aware": false,
              "Startup Cost": 52719.64,
              "Total Cost": 52719.65,
              "Plan Rows": 1,
              "Plan Width": 8,
              "Actual Startup Time": 88.887,
              "Actual Total Time": 88.89,
              "Actual Rows": 1,
              "Actual Loops": 5,
              "Plans": [
                {
                  "Node Type": "Nested Loop",
                  "Parent Relationship": "Outer",
                  "Parallel Aware": false,
                  "Join Type": "Inner",
                  "Startup Cost": 0.43,
                  "Total Cost": 52718.15,
                  "Plan Rows": 598,
                  "Plan Width": 0,
                  "Actual Startup Time": 53.065,
                  "Actual Total Time": 88.783,
                  "Actual Rows": 1203,
                  "Actual Loops": 5,
                  "Inner Unique": false,
                  "Plans": [
                    {
                      "Node Type": "Seq Scan",
                      "Parent Relationship": "Outer",
                      "Parallel Aware": true,
                      "Relation Name": "title",
                      "Alias": "t",
                      "Startup Cost": 0.0,
                      "Total Cost": 45479.59,
                      "Plan Rows": 1095,
                      "Plan Width": 4,
                      "Actual Startup Time": 50.833,
                      "Actual Total Time": 79.352,
                      "Actual Rows": 903,
                      "Actual Loops": 5,
                      "Filter": "((kind_id = 1) AND (production_year = 1984))",
                      "Rows Removed by Filter": 504760
                    },
                    {
                      "Node Type": "Index Only Scan",
                      "Parent Relationship": "Inner",
                      "Parallel Aware": false,
                      "Scan Direction": "Forward",
                      "Index Name": "movie_id_movie_info_idx",
                      "Relation Name": "movie_info_idx",
                      "Alias": "mi_idx",
                      "Startup Cost": 0.43,
                      "Total Cost": 6.58,
                      "Plan Rows": 3,
                      "Plan Width": 4,
                      "Actual Startup Time": 0.01,
                      "Actual Total Time": 0.01,
                      "Actual Rows": 1,
                      "Actual Loops": 4514,
                      "Index Cond": "(movie_id = t.id)",
                      "Rows Removed by Index Recheck": 0,
                      "Heap Fetches": 6016
                    }
                  ]
                }
              ]
            }
          ]
        }
      ]
    },
    "Planning Time": 0.494,
    "Triggers": [],
    "Execution Time": 109.451
  }
]