[
  {
    "Plan": {
      "Node Type": "Aggregate",
      "Strategy": "Plain",
      "Partial Mode": "Finalize",
      "Parallel Aware": false,
      "Startup Cost": 337391.4,
      "Total Cost": 337391.41,
      "Plan Rows": 1,
      "Plan Width": 8,
      "Actual Startup Time": 458.457,
      "Actual Total Time": 475.479,
      "Actual Rows": 1,
      "Actual Loops": 1,
      "Plans": [
        {
          "Node Type": "Gather",
          "Parent Relationship": "Outer",
          "Parallel Aware": false,
          "Startup Cost": 337391.19,
          "Total Cost": 337391.4,
          "Plan Rows": 2,
          "Plan Width": 8,
          "Actual Startup Time": 456.297,
          "Actual Total Time": 475.456,
          "Actual Rows": 3,
          "Actual Loops": 1,
          "Workers Planned": 2,
          "Workers Launched": 2,
          "Single Copy": false,
          "Plans": [
            {
              "Node Type": "Aggregate",
              "Strategy": "Plain",
              "Partial Mode": "Partial",
              "Parent Relationship": "Outer",
              "Parallel Aware": false,
              "Startup Cost": 336391.19,
              "Total Cost": 336391.2,
              "Plan Rows": 1,
              "Plan Width": 8,
              "Actual Startup Time": 452.021,
              "Actual Total Time": 452.127,
              "Actual Rows": 1,
              "Actual Loops": 3,
              "Plans": [
                {
                  "Node Type": "Hash Join",
                  "Parent Relationship": "Outer",
                  "Parallel Aware": true,
                  "Join Type": "Inner",
                  "Startup Cost": 320249.28,
                  "Total Cost": 336240.96,
                  "Plan Rows": 60091,
                  "Plan Width": 0,
                  "Actual Startup Time": 350.545,
                  "Actual Total Time": 447.785,
                  "Actual Rows": 105523,
                  "Actual Loops": 3,
                  "Inner Unique": false,
                  "Hash Cond": "(mi_idx.movie_id = t.id)",
                  "Plans": [
                    {
                      "Node Type": "Seq Scan",
                      "Parent Relationship": "Outer",
                      "Parallel Aware": true,
                      "Relation Name": "movie_info_idx",
                      "Alias": "mi_idx",
                      "Startup Cost": 0.0,
                      "Total Cost": 13685.15,
                      "Plan Rows": 575015,
                      "Plan Width": 4,
                      "Actual Startup Time": 0.014,
                      "Actual Total Time": 36.734,
                      "Actual Rows": 460012,
                      "Actual Loops": 3
                    },
                    {
                      "Node Type": "Hash",
                      "Parent Relationship": "Inner",
                      "Parallel Aware": true,
                      "Startup Cost": 319423.55,
                      "Total Cost": 319423.55,
                      "Plan Rows": 66058,
                      "Plan Width": 8,
                      "Actual Startup Time": 348.008,
                      "Actual Total Time": 348.112,
                      "Actual Rows": 91418,
                      "Actual Loops": 3,
                      "Hash Buckets": 524288,
                      "Original Hash Buckets": 524288,
                      "Hash Batches": 1,
                      "Original Hash Batches": 1,
                      "Peak Memory Usage": 14880,
                      "Plans": [
                        {
                          "Node Type": "Hash Join",
                          "Parent Relationship": "Outer",
                          "Parallel Aware": true,
                          "Join Type": "Inner",
                          "Startup Cost": 269861.18,
                          "Total Cost": 319423.55,
                          "Plan Rows": 66058,
                          "Plan Width": 8,
                          "Actual Startup Time": 79.564,
                          "Actual Total Time": 319.523,
                          "Actual Rows": 91418,
                          "Actual Loops": 3,
                          "Inner Unique": false,
                          "Hash Cond": "(t.id = ci.movie_id)",
                          "Plans": [
                            {
                              "Node Type": "Seq Scan",
                              "Parent Relationship": "Outer",
                              "Parallel Aware": true,
                              "Relation Name": "title",
                              "Alias": "t",
                              "Startup Cost": 0.0,
                              "Total Cost": 42319.06,
                              "Plan Rows": 632106,
                              "Plan Width": 4,
                              "Actual Startup Time": 0.011,
                              "Actual Total Time": 91.08,
                              "Actual Rows": 842771,
                              "Actual Loops": 3
                            },
                            {
                              "Node Type": "Hash",
                              "Parent Relationship": "Inner",
                              "Parallel Aware": true,
                              "Startup Cost": 269200.61,
                              "Total Cost": 269200.61,
                              "Plan Rows": 52846,
                              "Plan Width": 4,
                              "Actual Startup Time": 77.632,
                              "Actual Total Time": 77.634,
                              "Actual Rows": 91418,
                              "Actual Loops": 3,
                              "Hash Buckets": 524288,
                              "Original Hash Buckets": 524288,
                              "Hash Batches": 1,
                              "Original Hash Batches": 1,
                              "Peak Memory Usage": 14880,
                              "Plans": [
                                {
                                  "Node Type": "Bitmap Heap Scan",
                                  "Parent Relationship": "Outer",
                                  "Parallel Aware": true,
                                  "Relation Name": "cast_info",
                                  "Alias": "ci",
                                  "Startup Cost": 5836.35,
                                  "Total Cost": 269200.61,
                                  "Plan Rows": 52846,
                                  "Plan Width": 4,
                                  "Actual Startup Time": 16.028,
                                  "Actual Total Time": 41.841,
                                  "Actual Rows": 91418,
                                  "Actual Loops": 3,
                                  "Recheck Cond": "(person_id < 32254)",
                                  "Rows Removed by Index Recheck": 0,
                                  "Exact Heap Blocks": 1540,
                                  "Lossy Heap Blocks": 0,
                                  "Plans": [
                                    {
                                      "Node Type": "Bitmap Index Scan",
                                      "Parent Relationship": "Outer",
                                      "Parallel Aware": false,
                                      "Index Name": "person_id_cast_info",
                                      "Startup Cost": 0.0,
                                      "Total Cost": 5770.29,
                                      "Plan Rows": 264230,
                                      "Plan Width": 0,
                                      "Actual Startup Time": 15.384,
                                      "Actual Total Time": 15.384,
                                      "Actual Rows": 274254,
                                      "Actual Loops": 1,
                                      "Index Cond": "(person_id < 32254)"
                                    }
                                  ]
                                }
                              ]
                            }
                          ]
                        }
                      ]
                    }
                  ]
                }
              ]
            }
          ]
        }
      ]
    },
    "Planning Time": 1.241,
    "Triggers": [],
    "Execution Time": 475.546
  }
]