[
  {
    "Plan": {
      "Node Type": "Aggregate",
      "Strategy": "Plain",
      "Partial Mode": "Finalize",
      "Parallel Aware": false,
      "Startup Cost": 312560.4,
      "Total Cost": 312560.41,
      "Plan Rows": 1,
      "Plan Width": 8,
      "Actual Startup Time": 2579.994,
      "Actual Total Time": 2626.191,
      "Actual Rows": 1,
      "Actual Loops": 1,
      "Plans": [
        {
          "Node Type": "Gather",
          "Parent Relationship": "Outer",
          "Parallel Aware": false,
          "Startup Cost": 312559.88,
          "Total Cost": 312560.39,
          "Plan Rows": 5,
          "Plan Width": 8,
          "Actual Startup Time": 2570.164,
          "Actual Total Time": 2626.179,
          "Actual Rows": 6,
          "Actual Loops": 1,
          "Workers Planned": 5,
          "Workers Launched": 5,
          "Single Copy": false,
          "Plans": [
            {
              "Node Type": "Aggregate",
              "Strategy": "Plain",
              "Partial Mode": "Partial",
              "Parent Relationship": "Outer",
              "Parallel Aware": false,
              "Startup Cost": 311559.88,
              "Total Cost": 311559.89,
              "Plan Rows": 1,
              "Plan Width": 8,
              "Actual Startup Time": 2556.241,
              "Actual Total Time": 2556.394,
              "Actual Rows": 1,
              "Actual Loops": 6,
              "Plans": [
                {
                  "Node Type": "Hash Join",
                  "Parent Relationship": "Outer",
                  "Parallel Aware": true,
                  "Join Type": "Inner",
                  "Startup Cost": 99506.95,
                  "Total Cost": 307453.53,
                  "Plan Rows": 1642539,
                  "Plan Width": 0,
                  "Actual Startup Time": 432.2,
                  "Actual Total Time": 2046.619,
                  "Actual Rows": 12271960,
                  "Actual Loops": 6,
                  "Inner Unique": false,
                  "Hash Cond": "(mi.movie_id = t.id)",
                  "Plans": [
                    {
                      "Node Type": "Seq Scan",
                      "Parent Relationship": "Outer",
                      "Parallel Aware": true,
                      "Relation Name": "movie_info",
                      "Alias": "mi",
                      "Startup Cost": 0.0,
                      "Total Cost": 191560.33,
                      "Plan Rows": 2956733,
                      "Plan Width": 4,
                      "Actual Startup Time": 0.051,
                      "Actual Total Time": 300.003,
                      "Actual Rows": 2472620,
                      "Actual Loops": 6
                    },
                    {
                      "Node Type": "Hash",
                      "Parent Relationship": "Inner",
                      "Parallel Aware": true,
                      "Startup Cost": 93843.52,
                      "Total Cost": 93843.52,
                      "Plan Rows": 453074,
                      "Plan Width": 8,
                      "Actual Startup Time": 425.96,
                      "Actual Total Time": 426.111,
                      "Actual Rows": 203451,
                      "Actual Loops": 6,
                      "Hash Buckets": 2097152,
                      "Original Hash Buckets": 2097152,
                      "Hash Batches": 1,
                      "Original Hash Batches": 1,
                      "Peak Memory Usage": 64224,
                      "Plans": [
                        {
                          "Node Type": "Hash Join",
                          "Parent Relationship": "Outer",
                          "Parallel Aware": true,
                          "Join Type": "Inner",
                          "Startup Cost": 49457.33,
                          "Total Cost": 93843.52,
                          "Plan Rows": 453074,
                          "Plan Width": 8,
                          "Actual Startup Time": 219.623,
                          "Actual Total Time": 361.899,
                          "Actual Rows": 203451,
                          "Actual Loops": 6,
                          "Inner Unique": true,
                          "Hash Cond": "(mk.movie_id = t.id)",
                          "Plans": [
                            {
                              "Node Type": "Seq Scan",
                              "Parent Relationship": "Outer",
                              "Parallel Aware": true,
                              "Relation Name": "movie_keyword",
                              "Alias": "mk",
                              "Startup Cost": 0.0,
                              "Total Cost": 42695.65,
                              "Plan Rows": 644015,
                              "Plan Width": 4,
                              "Actual Startup Time": 0.319,
                              "Actual Total Time": 80.224,
                              "Actual Rows": 332051,
                              "Actual Loops": 6,
                              "Filter": "(keyword_id > 6291)",
                              "Rows Removed by Filter": 421937
                            },
                            {
                              "Node Type": "Hash",
                              "Parent Relationship": "Inner",
                              "Parallel Aware": true,
                              "Startup Cost": 43898.92,
                              "Total Cost": 43898.92,
                              "Plan Rows": 444673,
                              "Plan Width": 4,
                              "Actual Startup Time": 216.812,
                              "Actual Total Time": 216.813,
                              "Actual Rows": 295345,
                              "Actual Loops": 6,
                              "Hash Buckets": 2097152,
                              "Original Hash Buckets": 2097152,
                              "Hash Batches": 1,
                              "Original Hash Batches": 1,
                              "Peak Memory Usage": 85824,
                              "Plans": [
                                {
                                  "Node Type": "Seq Scan",
                                  "Parent Relationship": "Outer",
                                  "Parallel Aware": true,
                                  "Relation Name": "title",
                                  "Alias": "t",
                                  "Startup Cost": 0.0,
                                  "Total Cost": 43898.92,
                                  "Plan Rows": 444673,
                                  "Plan Width": 4,
                                  "Actual Startup Time": 0.045,
                                  "Actual Total Time": 89.242,
                                  "Actual Rows": 295345,
                                  "Actual Loops": 6,
                                  "Filter": "(production_year > 1989)",
                                  "Rows Removed by Filter": 126040
                                }
                              ]
                            }
                          ]
                        }
                      ]
                    }
                  ]
                }
              ]
            }
          ]
        }
      ]
    },
    "Planning Time": 1.257,
    "Triggers": [],
    "Execution Time": 2626.279
  }
]