{
  "Plan": {
    "Node Type": "Aggregate",
    "Strategy": "Plain",
    "Partial Mode": "Finalize",
    "Parallel Aware": false,
    "Startup Cost": 285599.11,
    "Total Cost": 285599.12,
    "Plan Rows": 1,
    "Plan Width": 8,
    "Actual Startup Time": 655.298,
    "Actual Total Time": 681.565,
    "Actual Rows": 1,
    "Actual Loops": 1,
    "Plans": [
      {
        "Node Type": "Gather",
        "Parent Relationship": "Outer",
        "Parallel Aware": false,
        "Startup Cost": 285599.0,
        "Total Cost": 285599.11,
        "Plan Rows": 1,
        "Plan Width": 8,
        "Actual Startup Time": 654.681,
        "Actual Total Time": 681.557,
        "Actual Rows": 2,
        "Actual Loops": 1,
        "Workers Planned": 1,
        "Workers Launched": 1,
        "Single Copy": false,
        "Plans": [
          {
            "Node Type": "Aggregate",
            "Strategy": "Plain",
            "Partial Mode": "Partial",
            "Parent Relationship": "Outer",
            "Parallel Aware": false,
            "Startup Cost": 284599.0,
            "Total Cost": 284599.01,
            "Plan Rows": 1,
            "Plan Width": 8,
            "Actual Startup Time": 648.359,
            "Actual Total Time": 648.363,
            "Actual Rows": 1,
            "Actual Loops": 2,
            "Plans": [
              {
                "Node Type": "Nested Loop",
                "Parent Relationship": "Outer",
                "Parallel Aware": false,
                "Join Type": "Inner",
                "Startup Cost": 100301.85,
                "Total Cost": 284592.06,
                "Plan Rows": 2775,
                "Plan Width": 0,
                "Actual Startup Time": 291.089,
                "Actual Total Time": 643.669,
                "Actual Rows": 87534,
                "Actual Loops": 2,
                "Inner Unique": false,
                "Join Filter": "(t.id = mc.movie_id)",
                "Rows Removed by Join Filter": 0,
                "Plans": [
                  {
                    "Node Type": "Hash Join",
                    "Parent Relationship": "Outer",
                    "Parallel Aware": true,
                    "Join Type": "Inner",
                    "Startup Cost": 100301.42,
                    "Total Cost": 282900.97,
                    "Plan Rows": 2689,
                    "Plan Width": 8,
                    "Actual Startup Time": 291.027,
                    "Actual Total Time": 589.297,
                    "Actual Rows": 6762,
                    "Actual Loops": 2,
                    "Inner Unique": true,
                    "Hash Cond": "(mi.movie_id = t.id)",
                    "Plans": [
                      {
                        "Node Type": "Bitmap Heap Scan",
                        "Parent Relationship": "Outer",
                        "Parallel Aware": true,
                        "Relation Name": "movie_info",
                        "Alias": "mi",
                        "Startup Cost": 41958.26,
                        "Total Cost": 220981.46,
                        "Plan Rows": 1362416,
                        "Plan Width": 4,
                        "Actual Startup Time": 138.206,
                        "Actual Total Time": 323.762,
                        "Actual Rows": 1116925,
                        "Actual Loops": 2,
                        "Recheck Cond": "(info_type_id > 16)",
                        "Rows Removed by Index Recheck": 0,
                        "Exact Heap Blocks": 34268,
                        "Lossy Heap Blocks": 0,
                        "Plans": [
                          {
                            "Node Type": "Bitmap Index Scan",
                            "Parent Relationship": "Outer",
                            "Parallel Aware": false,
                            "Index Name": "info_type_id_movie_info",
                            "Startup Cost": 0.0,
                            "Total Cost": 41379.24,
                            "Plan Rows": 2316107,
                            "Plan Width": 0,
                            "Actual Startup Time": 125.338,
                            "Actual Total Time": 125.339,
                            "Actual Rows": 2233850,
                            "Actual Loops": 1,
                            "Index Cond": "(info_type_id > 16)"
                          }
                        ]
                      },
                      {
                        "Node Type": "Hash",
                        "Parent Relationship": "Inner",
                        "Parallel Aware": true,
                        "Startup Cost": 58306.47,
                        "Total Cost": 58306.47,
                        "Plan Rows": 2935,
                        "Plan Width": 4,
                        "Actual Startup Time": 151.329,
                        "Actual Total Time": 151.33,
                        "Actual Rows": 3368,
                        "Actual Loops": 2,
                        "Hash Buckets": 8192,
                        "Original Hash Buckets": 8192,
                        "Hash Batches": 1,
                        "Original Hash Batches": 1,
                        "Peak Memory Usage": 352,
                        "Plans": [
                          {
                            "Node Type": "Seq Scan",
                            "Parent Relationship": "Outer",
                            "Parallel Aware": true,
                            "Relation Name": "title",
                            "Alias": "t",
                            "Startup Cost": 0.0,
                            "Total Cost": 58306.47,
                            "Plan Rows": 2935,
                            "Plan Width": 4,
                            "Actual Startup Time": 1.595,
                            "Actual Total Time": 149.911,
                            "Actual Rows": 3368,
                            "Actual Loops": 2,
                            "Filter": "((kind_id < 7) AND (production_year = 1980))",
                            "Rows Removed by Filter": 1260788
                          }
                        ]
                      }
                    ]
                  },
                  {
                    "Node Type": "Index Only Scan",
                    "Parent Relationship": "Inner",
                    "Parallel Aware": false,
                    "Scan Direction": "Forward",
                    "Index Name": "movie_id_movie_companies",
                    "Relation Name": "movie_companies",
                    "Alias": "mc",
                    "Startup Cost": 0.43,
                    "Total Cost": 0.57,
                    "Plan Rows": 5,
                    "Plan Width": 4,
                    "Actual Startup Time": 0.004,
                    "Actual Total Time": 0.006,
                    "Actual Rows": 13,
                    "Actual Loops": 13523,
                    "Index Cond": "(movie_id = mi.movie_id)",
                    "Rows Removed by Index Recheck": 0,
                    "Heap Fetches": 175069
                  }
                ]
              }
            ]
          }
        ]
      }
    ]
  },
  "Planning Time": 0.836,
  "Triggers": [],
  "Execution Time": 681.669
}