[
  {
    "Plan": {
      "Node Type": "Aggregate",
      "Strategy": "Plain",
      "Partial Mode": "Finalize",
      "Parallel Aware": false,
      "Startup Cost": 417186.67,
      "Total Cost": 417186.68,
      "Plan Rows": 1,
      "Plan Width": 8,
      "Actual Startup Time": 1324.136,
      "Actual Total Time": 1374.133,
      "Actual Rows": 1,
      "Actual Loops": 1,
      "Plans": [
        {
          "Node Type": "Gather",
          "Parent Relationship": "Outer",
          "Parallel Aware": false,
          "Startup Cost": 417186.05,
          "Total Cost": 417186.66,
          "Plan Rows": 6,
          "Plan Width": 8,
          "Actual Startup Time": 1311.429,
          "Actual Total Time": 1374.109,
          "Actual Rows": 7,
          "Actual Loops": 1,
          "Workers Planned": 6,
          "Workers Launched": 6,
          "Single Copy": false,
          "Plans": [
            {
              "Node Type": "Aggregate",
              "Strategy": "Plain",
              "Partial Mode": "Partial",
              "Parent Relationship": "Outer",
              "Parallel Aware": false,
              "Startup Cost": 416186.05,
              "Total Cost": 416186.06,
              "Plan Rows": 1,
              "Plan Width": 8,
              "Actual Startup Time": 1301.542,
              "Actual Total Time": 1301.754,
              "Actual Rows": 1,
              "Actual Loops": 7,
              "Plans": [
                {
                  "Node Type": "Hash Join",
                  "Parent Relationship": "Outer",
                  "Parallel Aware": true,
                  "Join Type": "Inner",
                  "Startup Cost": 80938.7,
                  "Total Cost": 415576.63,
                  "Plan Rows": 243766,
                  "Plan Width": 0,
                  "Actual Startup Time": 329.684,
                  "Actual Total Time": 1269.163,
                  "Actual Rows": 742008,
                  "Actual Loops": 7,
                  "Inner Unique": false,
                  "Hash Cond": "(ci.movie_id = t.id)",
                  "Plans": [
                    {
                      "Node Type": "Seq Scan",
                      "Parent Relationship": "Outer",
                      "Parallel Aware": true,
                      "Relation Name": "cast_info",
                      "Alias": "ci",
                      "Startup Cost": 0.0,
                      "Total Cost": 328211.39,
                      "Plan Rows": 1504053,
                      "Plan Width": 4,
                      "Actual Startup Time": 0.082,
                      "Actual Total Time": 540.26,
                      "Actual Rows": 1293039,
                      "Actual Loops": 7,
                      "Filter": "(person_id < 891007)",
                      "Rows Removed by Filter": 3884724
                    },
                    {
                      "Node Type": "Hash",
                      "Parent Relationship": "Inner",
                      "Parallel Aware": true,
                      "Startup Cost": 79286.33,
                      "Total Cost": 79286.33,
                      "Plan Rows": 132190,
                      "Plan Width": 8,
                      "Actual Startup Time": 327.574,
                      "Actual Total Time": 327.784,
                      "Actual Rows": 123426,
                      "Actual Loops": 7,
                      "Hash Buckets": 1048576,
                      "Original Hash Buckets": 524288,
                      "Hash Batches": 1,
                      "Original Hash Batches": 1,
                      "Peak Memory Usage": 46208,
                      "Plans": [
                        {
                          "Node Type": "Hash Join",
                          "Parent Relationship": "Outer",
                          "Parallel Aware": true,
                          "Join Type": "Inner",
                          "Startup Cost": 46982.15,
                          "Total Cost": 79286.33,
                          "Plan Rows": 132190,
                          "Plan Width": 8,
                          "Actual Startup Time": 170.649,
                          "Actual Total Time": 258.249,
                          "Actual Rows": 123426,
                          "Actual Loops": 7,
                          "Inner Unique": true,
                          "Hash Cond": "(mc.movie_id = t.id)",
                          "Plans": [
                            {
                              "Node Type": "Seq Scan",
                              "Parent Relationship": "Outer",
                              "Parallel Aware": true,
                              "Relation Name": "movie_companies",
                              "Alias": "mc",
                              "Startup Cost": 0.0,
                              "Total Cost": 31414.82,
                              "Plan Rows": 338804,
                              "Plan Width": 4,
                              "Actual Startup Time": 22.905,
                              "Actual Total Time": 49.907,
                              "Actual Rows": 170272,
                              "Actual Loops": 7,
                              "Filter": "((company_id > 554) AND (company_type_id > 1))",
                              "Rows Removed by Filter": 202461
                            },
                            {
                              "Node Type": "Hash",
                              "Parent Relationship": "Inner",
                              "Parallel Aware": true,
                              "Startup Cost": 43899.32,
                              "Total Cost": 43899.32,
                              "Plan Rows": 246626,
                              "Plan Width": 4,
                              "Actual Startup Time": 146.299,
                              "Actual Total Time": 146.301,
                              "Actual Rows": 140721,
                              "Actual Loops": 7,
                              "Hash Buckets": 1048576,
                              "Original Hash Buckets": 1048576,
                              "Hash Batches": 1,
                              "Original Hash Batches": 1,
                              "Peak Memory Usage": 46848,
                              "Plans": [
                                {
                                  "Node Type": "Seq Scan",
                                  "Parent Relationship": "Outer",
                                  "Parallel Aware": true,
                                  "Relation Name": "title",
                                  "Alias": "t",
                                  "Startup Cost": 0.0,
                                  "Total Cost": 43899.32,
                                  "Plan Rows": 246626,
                                  "Plan Width": 4,
                                  "Actual Startup Time": 0.054,
                                  "Actual Total Time": 79.907,
                                  "Actual Rows": 140721,
                                  "Actual Loops": 7,
                                  "Filter": "(kind_id < 7)",
                                  "Rows Removed by Filter": 220466
                                }
                              ]
                            }
                          ]
                        }
                      ]
                    }
                  ]
                }
              ]
            }
          ]
        }
      ]
    },
    "Planning Time": 0.637,
    "Triggers": [],
    "Execution Time": 1374.198
  }
]