[
  {
    "Plan": {
      "Node Type": "Aggregate",
      "Strategy": "Plain",
      "Partial Mode": "Finalize",
      "Parallel Aware": false,
      "Startup Cost": 122333.41,
      "Total Cost": 122333.42,
      "Plan Rows": 1,
      "Plan Width": 8,
      "Actual Startup Time": 202.096,
      "Actual Total Time": 214.05,
      "Actual Rows": 1,
      "Actual Loops": 1,
      "Plans": [
        {
          "Node Type": "Gather",
          "Parent Relationship": "Outer",
          "Parallel Aware": false,
          "Startup Cost": 122332.89,
          "Total Cost": 122333.4,
          "Plan Rows": 5,
          "Plan Width": 8,
          "Actual Startup Time": 202.054,
          "Actual Total Time": 214.041,
          "Actual Rows": 6,
          "Actual Loops": 1,
          "Workers Planned": 5,
          "Workers Launched": 5,
          "Single Copy": false,
          "Plans": [
            {
              "Node Type": "Aggregate",
              "Strategy": "Plain",
              "Partial Mode": "Partial",
              "Parent Relationship": "Outer",
              "Parallel Aware": false,
              "Startup Cost": 121332.89,
              "Total Cost": 121332.9,
              "Plan Rows": 1,
              "Plan Width": 8,
              "Actual Startup Time": 192.167,
              "Actual Total Time": 192.168,
              "Actual Rows": 1,
              "Actual Loops": 6,
              "Plans": [
                {
                  "Node Type": "Index Scan",
                  "Parent Relationship": "Outer",
                  "Parallel Aware": true,
                  "Scan Direction": "Forward",
                  "Index Name": "role_id_cast_info",
                  "Relation Name": "cast_info",
                  "Alias": "ci",
                  "Startup Cost": 0.56,
                  "Total Cost": 119623.46,
                  "Plan Rows": 683775,
                  "Plan Width": 0,
                  "Actual Startup Time": 0.186,
                  "Actual Total Time": 160.734,
                  "Actual Rows": 667766,
                  "Actual Loops": 6,
                  "Index Cond": "(role_id = 10)",
                  "Rows Removed by Index Recheck": 0,
                  "Filter": "(person_id > 794785)",
                  "Rows Removed by Filter": 52737
                }
              ]
            }
          ]
        }
      ]
    },
    "Planning Time": 0.294,
    "Triggers": [],
    "Execution Time": 214.134
  }
]