[
    {
        "Bao": {
            "Bao prediction": "NaN",
            "Bao recommended hint": "(no hint)"
        }
    },
    {
        "Plan": {
            "Node Type": "Aggregate",
            "Strategy": "Plain",
            "Partial Mode": "Finalize",
            "Parallel Aware": false,
            "Startup Cost": 377093.9,
            "Total Cost": 377093.91,
            "Plan Rows": 1,
            "Plan Width": 8,
            "Actual Startup Time": 1180.027,
            "Actual Total Time": 1210.41,
            "Actual Rows": 1,
            "Actual Loops": 1,
            "Output": [
                "count(*)"
            ],
            "Plans": [
                {
                    "Node Type": "Gather",
                    "Parent Relationship": "Outer",
                    "Parallel Aware": false,
                    "Startup Cost": 377093.28,
                    "Total Cost": 377093.89,
                    "Plan Rows": 6,
                    "Plan Width": 8,
                    "Actual Startup Time": 1179.249,
                    "Actual Total Time": 1210.401,
                    "Actual Rows": 7,
                    "Actual Loops": 1,
                    "Output": [
                        "(PARTIAL count(*))"
                    ],
                    "Workers Planned": 6,
                    "Workers Launched": 6,
                    "Single Copy": false,
                    "Plans": [
                        {
                            "Node Type": "Aggregate",
                            "Strategy": "Plain",
                            "Partial Mode": "Partial",
                            "Parent Relationship": "Outer",
                            "Parallel Aware": false,
                            "Startup Cost": 376093.28,
                            "Total Cost": 376093.29,
                            "Plan Rows": 1,
                            "Plan Width": 8,
                            "Actual Startup Time": 1169.64,
                            "Actual Total Time": 1169.643,
                            "Actual Rows": 1,
                            "Actual Loops": 7,
                            "Output": [
                                "PARTIAL count(*)"
                            ],
                            "Workers": [
                                {
                                    "Worker Number": 0,
                                    "Actual Startup Time": 1168.028,
                                    "Actual Total Time": 1168.031,
                                    "Actual Rows": 1,
                                    "Actual Loops": 1
                                },
                                {
                                    "Worker Number": 1,
                                    "Actual Startup Time": 1168.032,
                                    "Actual Total Time": 1168.034,
                                    "Actual Rows": 1,
                                    "Actual Loops": 1
                                },
                                {
                                    "Worker Number": 2,
                                    "Actual Startup Time": 1168.331,
                                    "Actual Total Time": 1168.334,
                                    "Actual Rows": 1,
                                    "Actual Loops": 1
                                },
                                {
                                    "Worker Number": 3,
                                    "Actual Startup Time": 1168.166,
                                    "Actual Total Time": 1168.168,
                                    "Actual Rows": 1,
                                    "Actual Loops": 1
                                },
                                {
                                    "Worker Number": 4,
                                    "Actual Startup Time": 1168.078,
                                    "Actual Total Time": 1168.081,
                                    "Actual Rows": 1,
                                    "Actual Loops": 1
                                },
                                {
                                    "Worker Number": 5,
                                    "Actual Startup Time": 1168.075,
                                    "Actual Total Time": 1168.078,
                                    "Actual Rows": 1,
                                    "Actual Loops": 1
                                }
                            ],
                            "Plans": [
                                {
                                    "Node Type": "Hash Join",
                                    "Parent Relationship": "Outer",
                                    "Parallel Aware": true,
                                    "Join Type": "Inner",
                                    "Startup Cost": 46044.21,
                                    "Total Cost": 375013.11,
                                    "Plan Rows": 432067,
                                    "Plan Width": 0,
                                    "Actual Startup Time": 77.478,
                                    "Actual Total Time": 1163.946,
                                    "Actual Rows": 110101,
                                    "Actual Loops": 7,
                                    "Inner Unique": true,
                                    "Hash Cond": "(ci.movie_id = t.id)",
                                    "Workers": [
                                        {
                                            "Worker Number": 0,
                                            "Actual Startup Time": 75.799,
                                            "Actual Total Time": 1161.96,
                                            "Actual Rows": 76517,
                                            "Actual Loops": 1
                                        },
                                        {
                                            "Worker Number": 1,
                                            "Actual Startup Time": 76.384,
                                            "Actual Total Time": 1162.542,
                                            "Actual Rows": 112770,
                                            "Actual Loops": 1
                                        },
                                        {
                                            "Worker Number": 2,
                                            "Actual Startup Time": 76.314,
                                            "Actual Total Time": 1162.88,
                                            "Actual Rows": 111670,
                                            "Actual Loops": 1
                                        },
                                        {
                                            "Worker Number": 3,
                                            "Actual Startup Time": 75.738,
                                            "Actual Total Time": 1162.515,
                                            "Actual Rows": 109549,
                                            "Actual Loops": 1
                                        },
                                        {
                                            "Worker Number": 4,
                                            "Actual Startup Time": 75.807,
                                            "Actual Total Time": 1162.325,
                                            "Actual Rows": 111650,
                                            "Actual Loops": 1
                                        },
                                        {
                                            "Worker Number": 5,
                                            "Actual Startup Time": 75.673,
                                            "Actual Total Time": 1162.461,
                                            "Actual Rows": 108756,
                                            "Actual Loops": 1
                                        }
                                    ],
                                    "Plans": [
                                        {
                                            "Node Type": "Seq Scan",
                                            "Parent Relationship": "Outer",
                                            "Parallel Aware": true,
                                            "Relation Name": "cast_info",
                                            "Schema": "public",
                                            "Alias": "ci",
                                            "Startup Cost": 0.0,
                                            "Total Cost": 313108.29,
                                            "Plan Rows": 6042129,
                                            "Plan Width": 4,
                                            "Actual Startup Time": 0.022,
                                            "Actual Total Time": 493.625,
                                            "Actual Rows": 5177763,
                                            "Actual Loops": 7,
                                            "Output": [
                                                "ci.id",
                                                "ci.person_id",
                                                "ci.movie_id",
                                                "ci.person_role_id",
                                                "ci.note",
                                                "ci.nr_order",
                                                "ci.role_id"
                                            ],
                                            "Workers": [
                                                {
                                                    "Worker Number": 0,
                                                    "Actual Startup Time": 0.03,
                                                    "Actual Total Time": 502.534,
                                                    "Actual Rows": 3490266,
                                                    "Actual Loops": 1
                                                },
                                                {
                                                    "Worker Number": 1,
                                                    "Actual Startup Time": 0.024,
                                                    "Actual Total Time": 504.709,
                                                    "Actual Rows": 5268040,
                                                    "Actual Loops": 1
                                                },
                                                {
                                                    "Worker Number": 2,
                                                    "Actual Startup Time": 0.025,
                                                    "Actual Total Time": 509.458,
                                                    "Actual Rows": 5348907,
                                                    "Actual Loops": 1
                                                },
                                                {
                                                    "Worker Number": 3,
                                                    "Actual Startup Time": 0.022,
                                                    "Actual Total Time": 496.397,
                                                    "Actual Rows": 5175722,
                                                    "Actual Loops": 1
                                                },
                                                {
                                                    "Worker Number": 4,
                                                    "Actual Startup Time": 0.027,
                                                    "Actual Total Time": 495.101,
                                                    "Actual Rows": 5174463,
                                                    "Actual Loops": 1
                                                },
                                                {
                                                    "Worker Number": 5,
                                                    "Actual Startup Time": 0.02,
                                                    "Actual Total Time": 493.832,
                                                    "Actual Rows": 5133889,
                                                    "Actual Loops": 1
                                                }
                                            ]
                                        },
                                        {
                                            "Node Type": "Hash",
                                            "Parent Relationship": "Inner",
                                            "Parallel Aware": true,
                                            "Startup Cost": 45479.21,
                                            "Total Cost": 45479.21,
                                            "Plan Rows": 45200,
                                            "Plan Width": 4,
                                            "Actual Startup Time": 75.841,
                                            "Actual Total Time": 75.842,
                                            "Actual Rows": 11299,
                                            "Actual Loops": 7,
                                            "Output": [
                                                "t.id"
                                            ],
                                            "Hash Buckets": 262144,
                                            "Original Hash Buckets": 262144,
                                            "Hash Batches": 1,
                                            "Original Hash Batches": 1,
                                            "Peak Memory Usage": 5248,
                                            "Workers": [
                                                {
                                                    "Worker Number": 0,
                                                    "Actual Startup Time": 74.808,
                                                    "Actual Total Time": 74.809,
                                                    "Actual Rows": 7260,
                                                    "Actual Loops": 1
                                                },
                                                {
                                                    "Worker Number": 1,
                                                    "Actual Startup Time": 74.829,
                                                    "Actual Total Time": 74.829,
                                                    "Actual Rows": 9424,
                                                    "Actual Loops": 1
                                                },
                                                {
                                                    "Worker Number": 2,
                                                    "Actual Startup Time": 75.177,
                                                    "Actual Total Time": 75.178,
                                                    "Actual Rows": 9586,
                                                    "Actual Loops": 1
                                                },
                                                {
                                                    "Worker Number": 3,
                                                    "Actual Startup Time": 74.767,
                                                    "Actual Total Time": 74.767,
                                                    "Actual Rows": 9141,
                                                    "Actual Loops": 1
                                                },
                                                {
                                                    "Worker Number": 4,
                                                    "Actual Startup Time": 74.758,
                                                    "Actual Total Time": 74.759,
                                                    "Actual Rows": 8605,
                                                    "Actual Loops": 1
                                                },
                                                {
                                                    "Worker Number": 5,
                                                    "Actual Startup Time": 74.779,
                                                    "Actual Total Time": 74.78,
                                                    "Actual Rows": 9410,
                                                    "Actual Loops": 1
                                                }
                                            ],
                                            "Plans": [
                                                {
                                                    "Node Type": "Seq Scan",
                                                    "Parent Relationship": "Outer",
                                                    "Parallel Aware": true,
                                                    "Relation Name": "title",
                                                    "Schema": "public",
                                                    "Alias": "t",
                                                    "Startup Cost": 0.0,
                                                    "Total Cost": 45479.21,
                                                    "Plan Rows": 45200,
                                                    "Plan Width": 4,
                                                    "Actual Startup Time": 0.047,
                                                    "Actual Total Time": 69.975,
                                                    "Actual Rows": 11299,
                                                    "Actual Loops": 7,
                                                    "Output": [
                                                        "t.id"
                                                    ],
                                                    "Filter": "((t.production_year < 1965) AND (t.kind_id = 7))",
                                                    "Rows Removed by Filter": 349889,
                                                    "Workers": [
                                                        {
                                                            "Worker Number": 0,
                                                            "Actual Startup Time": 0.052,
                                                            "Actual Total Time": 68.916,
                                                            "Actual Rows": 7260,
                                                            "Actual Loops": 1
                                                        },
                                                        {
                                                            "Worker Number": 1,
                                                            "Actual Startup Time": 0.055,
                                                            "Actual Total Time": 69.24,
                                                            "Actual Rows": 9424,
                                                            "Actual Loops": 1
                                                        },
                                                        {
                                                            "Worker Number": 2,
                                                            "Actual Startup Time": 0.044,
                                                            "Actual Total Time": 69.833,
                                                            "Actual Rows": 9586,
                                                            "Actual Loops": 1
                                                        },
                                                        {
                                                            "Worker Number": 3,
                                                            "Actual Startup Time": 0.057,
                                                            "Actual Total Time": 69.221,
                                                            "Actual Rows": 9141,
                                                            "Actual Loops": 1
                                                        },
                                                        {
                                                            "Worker Number": 4,
                                                            "Actual Startup Time": 0.048,
                                                            "Actual Total Time": 69.404,
                                                            "Actual Rows": 8605,
                                                            "Actual Loops": 1
                                                        },
                                                        {
                                                            "Worker Number": 5,
                                                            "Actual Startup Time": 0.061,
                                                            "Actual Total Time": 69.519,
                                                            "Actual Rows": 9410,
                                                            "Actual Loops": 1
                                                        }
                                                    ]
                                                }
                                            ]
                                        }
                                    ]
                                }
                            ]
                        }
                    ]
                }
            ]
        },
        "Planning Time": 191.932,
        "Triggers": [],
        "Execution Time": 1210.488
    }
]