[
  {
    "Plan": {
      "Node Type": "Aggregate",
      "Strategy": "Plain",
      "Partial Mode": "Finalize",
      "Parallel Aware": false,
      "Startup Cost": 93752.03,
      "Total Cost": 93752.04,
      "Plan Rows": 1,
      "Plan Width": 8,
      "Actual Startup Time": 672.677,
      "Actual Total Time": 694.188,
      "Actual Rows": 1,
      "Actual Loops": 1,
      "Plans": [
        {
          "Node Type": "Gather",
          "Parent Relationship": "Outer",
          "Parallel Aware": false,
          "Startup Cost": 93751.72,
          "Total Cost": 93752.03,
          "Plan Rows": 3,
          "Plan Width": 8,
          "Actual Startup Time": 665.238,
          "Actual Total Time": 694.176,
          "Actual Rows": 4,
          "Actual Loops": 1,
          "Workers Planned": 3,
          "Workers Launched": 3,
          "Single Copy": false,
          "Plans": [
            {
              "Node Type": "Aggregate",
              "Strategy": "Plain",
              "Partial Mode": "Partial",
              "Parent Relationship": "Outer",
              "Parallel Aware": false,
              "Startup Cost": 92751.72,
              "Total Cost": 92751.73,
              "Plan Rows": 1,
              "Plan Width": 8,
              "Actual Startup Time": 646.124,
              "Actual Total Time": 646.128,
              "Actual Rows": 1,
              "Actual Loops": 4,
              "Plans": [
                {
                  "Node Type": "Hash Join",
                  "Parent Relationship": "Outer",
                  "Parallel Aware": true,
                  "Join Type": "Inner",
                  "Startup Cost": 64738.7,
                  "Total Cost": 92271.72,
                  "Plan Rows": 191998,
                  "Plan Width": 0,
                  "Actual Startup Time": 502.767,
                  "Actual Total Time": 636.686,
                  "Actual Rows": 157395,
                  "Actual Loops": 4,
                  "Inner Unique": true,
                  "Hash Cond": "(mk.movie_id = t.id)",
                  "Plans": [
                    {
                      "Node Type": "Bitmap Heap Scan",
                      "Parent Relationship": "Outer",
                      "Parallel Aware": true,
                      "Relation Name": "movie_keyword",
                      "Alias": "mk",
                      "Startup Cost": 13387.25,
                      "Total Cost": 40385.9,
                      "Plan Rows": 203572,
                      "Plan Width": 4,
                      "Actual Startup Time": 114.196,
                      "Actual Total Time": 179.957,
                      "Actual Rows": 159910,
                      "Actual Loops": 4,
                      "Recheck Cond": "(keyword_id < 496)",
                      "Rows Removed by Index Recheck": 0,
                      "Exact Heap Blocks": 6404,
                      "Lossy Heap Blocks": 0,
                      "Plans": [
                        {
                          "Node Type": "Bitmap Index Scan",
                          "Parent Relationship": "Outer",
                          "Parallel Aware": false,
                          "Index Name": "keyword_id_movie_keyword",
                          "Startup Cost": 0.0,
                          "Total Cost": 13229.48,
                          "Plan Rows": 631073,
                          "Plan Width": 0,
                          "Actual Startup Time": 108.351,
                          "Actual Total Time": 108.352,
                          "Actual Rows": 639638,
                          "Actual Loops": 1,
                          "Index Cond": "(keyword_id < 496)"
                        }
                      ]
                    },
                    {
                      "Node Type": "Hash",
                      "Parent Relationship": "Inner",
                      "Parallel Aware": true,
                      "Startup Cost": 43899.32,
                      "Total Cost": 43899.32,
                      "Plan Rows": 596170,
                      "Plan Width": 4,
                      "Actual Startup Time": 376.063,
                      "Actual Total Time": 376.064,
                      "Actual Rows": 597219,
                      "Actual Loops": 4,
                      "Hash Buckets": 4194304,
                      "Original Hash Buckets": 4194304,
                      "Hash Batches": 1,
                      "Original Hash Batches": 1,
                      "Peak Memory Usage": 126272,
                      "Plans": [
                        {
                          "Node Type": "Seq Scan",
                          "Parent Relationship": "Outer",
                          "Parallel Aware": true,
                          "Relation Name": "title",
                          "Alias": "t",
                          "Startup Cost": 0.0,
                          "Total Cost": 43899.32,
                          "Plan Rows": 596170,
                          "Plan Width": 4,
                          "Actual Startup Time": 0.058,
                          "Actual Total Time": 131.68,
                          "Actual Rows": 597219,
                          "Actual Loops": 4,
                          "Filter": "(production_year < 2013)",
                          "Rows Removed by Filter": 34859
                        }
                      ]
                    }
                  ]
                }
              ]
            }
          ]
        }
      ]
    },
    "Planning Time": 0.635,
    "Triggers": [],
    "Execution Time": 694.282
  }
]