[
  {
    "Plan": {
      "Node Type": "Aggregate",
      "Strategy": "Plain",
      "Partial Mode": "Finalize",
      "Parallel Aware": false,
      "Startup Cost": 343269.9,
      "Total Cost": 343269.91,
      "Plan Rows": 1,
      "Plan Width": 8,
      "Actual Startup Time": 991.311,
      "Actual Total Time": 1041.703,
      "Actual Rows": 1,
      "Actual Loops": 1,
      "Plans": [
        {
          "Node Type": "Gather",
          "Parent Relationship": "Outer",
          "Parallel Aware": false,
          "Startup Cost": 343269.28,
          "Total Cost": 343269.89,
          "Plan Rows": 6,
          "Plan Width": 8,
          "Actual Startup Time": 991.086,
          "Actual Total Time": 1041.688,
          "Actual Rows": 7,
          "Actual Loops": 1,
          "Workers Planned": 6,
          "Workers Launched": 6,
          "Single Copy": false,
          "Plans": [
            {
              "Node Type": "Aggregate",
              "Strategy": "Plain",
              "Partial Mode": "Partial",
              "Parent Relationship": "Outer",
              "Parallel Aware": false,
              "Startup Cost": 342269.28,
              "Total Cost": 342269.29,
              "Plan Rows": 1,
              "Plan Width": 8,
              "Actual Startup Time": 982.95,
              "Actual Total Time": 982.953,
              "Actual Rows": 1,
              "Actual Loops": 7,
              "Plans": [
                {
                  "Node Type": "Seq Scan",
                  "Parent Relationship": "Outer",
                  "Parallel Aware": true,
                  "Relation Name": "cast_info",
                  "Alias": "ci",
                  "Startup Cost": 0.0,
                  "Total Cost": 328211.39,
                  "Plan Rows": 5623154,
                  "Plan Width": 0,
                  "Actual Startup Time": 0.048,
                  "Actual Total Time": 727.039,
                  "Actual Rows": 4828776,
                  "Actual Loops": 7,
                  "Filter": "(person_id < 3586081)",
                  "Rows Removed by Filter": 348987
                }
              ]
            }
          ]
        }
      ]
    },
    "Planning Time": 0.205,
    "Triggers": [],
    "Execution Time": 1041.777
  }
]