{
  "Plan": {
    "Node Type": "Aggregate",
    "Strategy": "Plain",
    "Partial Mode": "Finalize",
    "Parallel Aware": false,
    "Startup Cost": 303507.85,
    "Total Cost": 303507.86,
    "Plan Rows": 1,
    "Plan Width": 8,
    "Actual Startup Time": 1172.684,
    "Actual Total Time": 1224.18,
    "Actual Rows": 1,
    "Actual Loops": 1,
    "Plans": [
      {
        "Node Type": "Gather",
        "Parent Relationship": "Outer",
        "Parallel Aware": false,
        "Startup Cost": 303507.74,
        "Total Cost": 303507.85,
        "Plan Rows": 1,
        "Plan Width": 8,
        "Actual Startup Time": 1169.112,
        "Actual Total Time": 1224.17,
        "Actual Rows": 2,
        "Actual Loops": 1,
        "Workers Planned": 1,
        "Workers Launched": 1,
        "Single Copy": false,
        "Plans": [
          {
            "Node Type": "Aggregate",
            "Strategy": "Plain",
            "Partial Mode": "Partial",
            "Parent Relationship": "Outer",
            "Parallel Aware": false,
            "Startup Cost": 302507.74,
            "Total Cost": 302507.75,
            "Plan Rows": 1,
            "Plan Width": 8,
            "Actual Startup Time": 1161.554,
            "Actual Total Time": 1161.559,
            "Actual Rows": 1,
            "Actual Loops": 2,
            "Plans": [
              {
                "Node Type": "Nested Loop",
                "Parent Relationship": "Outer",
                "Parallel Aware": false,
                "Join Type": "Inner",
                "Startup Cost": 74481.14,
                "Total Cost": 301291.12,
                "Plan Rows": 486649,
                "Plan Width": 0,
                "Actual Startup Time": 458.736,
                "Actual Total Time": 1125.178,
                "Actual Rows": 605244,
                "Actual Loops": 2,
                "Inner Unique": false,
                "Plans": [
                  {
                    "Node Type": "Hash Join",
                    "Parent Relationship": "Outer",
                    "Parallel Aware": true,
                    "Join Type": "Inner",
                    "Startup Cost": 74480.71,
                    "Total Cost": 101264.48,
                    "Plan Rows": 87965,
                    "Plan Width": 8,
                    "Actual Startup Time": 458.681,
                    "Actual Total Time": 584.124,
                    "Actual Rows": 46775,
                    "Actual Loops": 2,
                    "Inner Unique": true,
                    "Hash Cond": "(mk.movie_id = t.id)",
                    "Plans": [
                      {
                        "Node Type": "Bitmap Heap Scan",
                        "Parent Relationship": "Outer",
                        "Parallel Aware": true,
                        "Relation Name": "movie_keyword",
                        "Alias": "mk",
                        "Startup Cost": 5557.84,
                        "Total Cost": 31937.27,
                        "Plan Rows": 154035,
                        "Plan Width": 4,
                        "Actual Startup Time": 19.907,
                        "Actual Total Time": 82.5,
                        "Actual Rows": 136223,
                        "Actual Loops": 2,
                        "Recheck Cond": "(keyword_id < 231)",
                        "Rows Removed by Index Recheck": 0,
                        "Exact Heap Blocks": 12389,
                        "Lossy Heap Blocks": 0,
                        "Plans": [
                          {
                            "Node Type": "Bitmap Index Scan",
                            "Parent Relationship": "Outer",
                            "Parallel Aware": false,
                            "Index Name": "keyword_id_movie_keyword",
                            "Startup Cost": 0.0,
                            "Total Cost": 5492.38,
                            "Plan Rows": 261859,
                            "Plan Width": 0,
                            "Actual Startup Time": 16.336,
                            "Actual Total Time": 16.336,
                            "Actual Rows": 272446,
                            "Actual Loops": 1,
                            "Index Cond": "(keyword_id < 231)"
                          }
                        ]
                      },
                      {
                        "Node Type": "Hash",
                        "Parent Relationship": "Inner",
                        "Parallel Aware": true,
                        "Startup Cost": 58306.47,
                        "Total Cost": 58306.47,
                        "Plan Rows": 849312,
                        "Plan Width": 4,
                        "Actual Startup Time": 424.749,
                        "Actual Total Time": 424.75,
                        "Actual Rows": 780344,
                        "Actual Loops": 2,
                        "Hash Buckets": 2097152,
                        "Original Hash Buckets": 2097152,
                        "Hash Batches": 1,
                        "Original Hash Batches": 1,
                        "Peak Memory Usage": 77440,
                        "Plans": [
                          {
                            "Node Type": "Seq Scan",
                            "Parent Relationship": "Outer",
                            "Parallel Aware": true,
                            "Relation Name": "title",
                            "Alias": "t",
                            "Startup Cost": 0.0,
                            "Total Cost": 58306.47,
                            "Plan Rows": 849312,
                            "Plan Width": 4,
                            "Actual Startup Time": 0.033,
                            "Actual Total Time": 181.53,
                            "Actual Rows": 780344,
                            "Actual Loops": 2,
                            "Filter": "((kind_id > 1) AND (production_year > 1979))",
                            "Rows Removed by Filter": 483812
                          }
                        ]
                      }
                    ]
                  },
                  {
                    "Node Type": "Index Scan",
                    "Parent Relationship": "Inner",
                    "Parallel Aware": false,
                    "Scan Direction": "Forward",
                    "Index Name": "movie_id_movie_info",
                    "Relation Name": "movie_info",
                    "Alias": "mi",
                    "Startup Cost": 0.43,
                    "Total Cost": 1.87,
                    "Plan Rows": 40,
                    "Plan Width": 4,
                    "Actual Startup Time": 0.004,
                    "Actual Total Time": 0.01,
                    "Actual Rows": 13,
                    "Actual Loops": 93550,
                    "Index Cond": "(movie_id = t.id)",
                    "Rows Removed by Index Recheck": 0,
                    "Filter": "(info_type_id > 1)",
                    "Rows Removed by Filter": 1
                  }
                ]
              }
            ]
          }
        ]
      }
    ]
  },
  "Planning Time": 1.12,
  "Triggers": [],
  "Execution Time": 1224.296
}