{
  "Plan": {
    "Node Type": "Aggregate",
    "Strategy": "Plain",
    "Partial Mode": "Finalize",
    "Parallel Aware": false,
    "Startup Cost": 197377.75,
    "Total Cost": 197377.76,
    "Plan Rows": 1,
    "Plan Width": 8,
    "Actual Startup Time": 669.772,
    "Actual Total Time": 699.997,
    "Actual Rows": 1,
    "Actual Loops": 1,
    "Plans": [
      {
        "Node Type": "Gather",
        "Parent Relationship": "Outer",
        "Parallel Aware": false,
        "Startup Cost": 197377.64,
        "Total Cost": 197377.75,
        "Plan Rows": 1,
        "Plan Width": 8,
        "Actual Startup Time": 668.591,
        "Actual Total Time": 699.988,
        "Actual Rows": 2,
        "Actual Loops": 1,
        "Workers Planned": 1,
        "Workers Launched": 1,
        "Single Copy": false,
        "Plans": [
          {
            "Node Type": "Aggregate",
            "Strategy": "Plain",
            "Partial Mode": "Partial",
            "Parent Relationship": "Outer",
            "Parallel Aware": false,
            "Startup Cost": 196377.64,
            "Total Cost": 196377.65,
            "Plan Rows": 1,
            "Plan Width": 8,
            "Actual Startup Time": 662.538,
            "Actual Total Time": 662.694,
            "Actual Rows": 1,
            "Actual Loops": 2,
            "Plans": [
              {
                "Node Type": "Nested Loop",
                "Parent Relationship": "Outer",
                "Parallel Aware": false,
                "Join Type": "Inner",
                "Startup Cost": 31680.91,
                "Total Cost": 195784.08,
                "Plan Rows": 237424,
                "Plan Width": 0,
                "Actual Startup Time": 125.716,
                "Actual Total Time": 644.31,
                "Actual Rows": 425144,
                "Actual Loops": 2,
                "Inner Unique": false,
                "Plans": [
                  {
                    "Node Type": "Hash Join",
                    "Parent Relationship": "Outer",
                    "Parallel Aware": true,
                    "Join Type": "Inner",
                    "Startup Cost": 31680.48,
                    "Total Cost": 93662.62,
                    "Plan Rows": 40604,
                    "Plan Width": 8,
                    "Actual Startup Time": 125.649,
                    "Actual Total Time": 367.495,
                    "Actual Rows": 40319,
                    "Actual Loops": 2,
                    "Inner Unique": false,
                    "Hash Cond": "(t.id = mc.movie_id)",
                    "Plans": [
                      {
                        "Node Type": "Seq Scan",
                        "Parent Relationship": "Outer",
                        "Parallel Aware": true,
                        "Relation Name": "title",
                        "Alias": "t",
                        "Startup Cost": 0.0,
                        "Total Cost": 58306.47,
                        "Plan Rows": 549892,
                        "Plan Width": 4,
                        "Actual Startup Time": 0.012,
                        "Actual Total Time": 140.544,
                        "Actual Rows": 512103,
                        "Actual Loops": 2,
                        "Filter": "((production_year > 1997) AND (kind_id = 7))",
                        "Rows Removed by Filter": 752053
                      },
                      {
                        "Node Type": "Hash",
                        "Parent Relationship": "Inner",
                        "Parallel Aware": true,
                        "Startup Cost": 30307.75,
                        "Total Cost": 30307.75,
                        "Plan Rows": 109818,
                        "Plan Width": 4,
                        "Actual Startup Time": 122.201,
                        "Actual Total Time": 122.202,
                        "Actual Rows": 144794,
                        "Actual Loops": 2,
                        "Hash Buckets": 524288,
                        "Original Hash Buckets": 262144,
                        "Hash Batches": 1,
                        "Original Hash Batches": 1,
                        "Peak Memory Usage": 17504,
                        "Plans": [
                          {
                            "Node Type": "Bitmap Heap Scan",
                            "Parent Relationship": "Outer",
                            "Parallel Aware": true,
                            "Relation Name": "movie_companies",
                            "Alias": "mc",
                            "Startup Cost": 8171.46,
                            "Total Cost": 30307.75,
                            "Plan Rows": 109818,
                            "Plan Width": 4,
                            "Actual Startup Time": 31.922,
                            "Actual Total Time": 87.757,
                            "Actual Rows": 144794,
                            "Actual Loops": 2,
                            "Recheck Cond": "(company_id < 225)",
                            "Rows Removed by Index Recheck": 0,
                            "Filter": "(company_type_id = 1)",
                            "Rows Removed by Filter": 43517,
                            "Exact Heap Blocks": 11900,
                            "Lossy Heap Blocks": 0,
                            "Plans": [
                              {
                                "Node Type": "Bitmap Index Scan",
                                "Parent Relationship": "Outer",
                                "Parallel Aware": false,
                                "Index Name": "company_id_movie_companies",
                                "Startup Cost": 0.0,
                                "Total Cost": 8124.78,
                                "Plan Rows": 379247,
                                "Plan Width": 0,
                                "Actual Startup Time": 31.015,
                                "Actual Total Time": 31.016,
                                "Actual Rows": 376622,
                                "Actual Loops": 1,
                                "Index Cond": "(company_id < 225)"
                              }
                            ]
                          }
                        ]
                      }
                    ]
                  },
                  {
                    "Node Type": "Index Only Scan",
                    "Parent Relationship": "Inner",
                    "Parallel Aware": false,
                    "Scan Direction": "Forward",
                    "Index Name": "movie_id_movie_info",
                    "Relation Name": "movie_info",
                    "Alias": "mi",
                    "Startup Cost": 0.43,
                    "Total Cost": 2.1,
                    "Plan Rows": 42,
                    "Plan Width": 4,
                    "Actual Startup Time": 0.002,
                    "Actual Total Time": 0.006,
                    "Actual Rows": 11,
                    "Actual Loops": 80638,
                    "Index Cond": "(movie_id = t.id)",
                    "Rows Removed by Index Recheck": 0,
                    "Heap Fetches": 850288
                  }
                ]
              }
            ]
          }
        ]
      }
    ]
  },
  "Planning Time": 1.012,
  "Triggers": [],
  "Execution Time": 700.11
}