[
  {
    "Plan": {
      "Node Type": "Aggregate",
      "Strategy": "Plain",
      "Partial Mode": "Finalize",
      "Parallel Aware": false,
      "Startup Cost": 677348.2,
      "Total Cost": 677348.21,
      "Plan Rows": 1,
      "Plan Width": 8,
      "Actual Startup Time": 4627.448,
      "Actual Total Time": 4715.228,
      "Actual Rows": 1,
      "Actual Loops": 1,
      "Plans": [
        {
          "Node Type": "Gather",
          "Parent Relationship": "Outer",
          "Parallel Aware": false,
          "Startup Cost": 677347.57,
          "Total Cost": 677348.18,
          "Plan Rows": 6,
          "Plan Width": 8,
          "Actual Startup Time": 4591.98,
          "Actual Total Time": 4715.213,
          "Actual Rows": 7,
          "Actual Loops": 1,
          "Workers Planned": 6,
          "Workers Launched": 6,
          "Single Copy": false,
          "Plans": [
            {
              "Node Type": "Aggregate",
              "Strategy": "Plain",
              "Partial Mode": "Partial",
              "Parent Relationship": "Outer",
              "Parallel Aware": false,
              "Startup Cost": 676347.57,
              "Total Cost": 676347.58,
              "Plan Rows": 1,
              "Plan Width": 8,
              "Actual Startup Time": 4558.914,
              "Actual Total Time": 4559.684,
              "Actual Rows": 1,
              "Actual Loops": 7,
              "Plans": [
                {
                  "Node Type": "Hash Join",
                  "Parent Relationship": "Outer",
                  "Parallel Aware": true,
                  "Join Type": "Inner",
                  "Startup Cost": 271469.5,
                  "Total Cost": 637920.6,
                  "Plan Rows": 15370789,
                  "Plan Width": 0,
                  "Actual Startup Time": 1182.938,
                  "Actual Total Time": 4150.577,
                  "Actual Rows": 10093836,
                  "Actual Loops": 7,
                  "Inner Unique": false,
                  "Hash Cond": "(ci.movie_id = t.id)",
                  "Plans": [
                    {
                      "Node Type": "Seq Scan",
                      "Parent Relationship": "Outer",
                      "Parallel Aware": true,
                      "Relation Name": "cast_info",
                      "Alias": "ci",
                      "Startup Cost": 0.0,
                      "Total Cost": 313067.02,
                      "Plan Rows": 6038002,
                      "Plan Width": 4,
                      "Actual Startup Time": 0.019,
                      "Actual Total Time": 523.089,
                      "Actual Rows": 5177763,
                      "Actual Loops": 7
                    },
                    {
                      "Node Type": "Hash",
                      "Parent Relationship": "Inner",
                      "Parallel Aware": true,
                      "Startup Cost": 255378.98,
                      "Total Cost": 255378.98,
                      "Plan Rows": 1287242,
                      "Plan Width": 8,
                      "Actual Startup Time": 1172.545,
                      "Actual Total Time": 1173.313,
                      "Actual Rows": 408212,
                      "Actual Loops": 7,
                      "Hash Buckets": 8388608,
                      "Original Hash Buckets": 8388608,
                      "Hash Batches": 1,
                      "Original Hash Batches": 1,
                      "Peak Memory Usage": 177408,
                      "Plans": [
                        {
                          "Node Type": "Hash Join",
                          "Parent Relationship": "Outer",
                          "Parallel Aware": true,
                          "Join Type": "Inner",
                          "Startup Cost": 49145.81,
                          "Total Cost": 255378.98,
                          "Plan Rows": 1287242,
                          "Plan Width": 8,
                          "Actual Startup Time": 169.764,
                          "Actual Total Time": 972.562,
                          "Actual Rows": 408212,
                          "Actual Loops": 7,
                          "Inner Unique": true,
                          "Hash Cond": "(mi.movie_id = t.id)",
                          "Plans": [
                            {
                              "Node Type": "Seq Scan",
                              "Parent Relationship": "Outer",
                              "Parallel Aware": true,
                              "Relation Name": "movie_info",
                              "Alias": "mi",
                              "Startup Cost": 0.0,
                              "Total Cost": 198952.16,
                              "Plan Rows": 2773711,
                              "Plan Width": 4,
                              "Actual Startup Time": 0.036,
                              "Actual Total Time": 337.235,
                              "Actual Rows": 1994785,
                              "Actual Loops": 7,
                              "Filter": "(info_type_id < 98)",
                              "Rows Removed by Filter": 124603
                            },
                            {
                              "Node Type": "Hash",
                              "Parent Relationship": "Inner",
                              "Parallel Aware": true,
                              "Startup Cost": 45479.1,
                              "Total Cost": 45479.1,
                              "Plan Rows": 293337,
                              "Plan Width": 4,
                              "Actual Startup Time": 167.815,
                              "Actual Total Time": 167.816,
                              "Actual Rows": 180118,
                              "Actual Loops": 7,
                              "Hash Buckets": 2097152,
                              "Original Hash Buckets": 2097152,
                              "Hash Batches": 1,
                              "Original Hash Batches": 1,
                              "Peak Memory Usage": 65856,
                              "Plans": [
                                {
                                  "Node Type": "Seq Scan",
                                  "Parent Relationship": "Outer",
                                  "Parallel Aware": true,
                                  "Relation Name": "title",
                                  "Alias": "t",
                                  "Startup Cost": 0.0,
                                  "Total Cost": 45479.1,
                                  "Plan Rows": 293337,
                                  "Plan Width": 4,
                                  "Actual Startup Time": 0.054,
                                  "Actual Total Time": 80.153,
                                  "Actual Rows": 180118,
                                  "Actual Loops": 7,
                                  "Filter": "((production_year > 1981) AND (kind_id = 7))",
                                  "Rows Removed by Filter": 181069
                                }
                              ]
                            }
                          ]
                        }
                      ]
                    }
                  ]
                }
              ]
            }
          ]
        }
      ]
    },
    "Planning Time": 1.376,
    "Triggers": [],
    "Execution Time": 4715.332
  }
]