[
  {
    "Plan": {
      "Node Type": "Aggregate",
      "Strategy": "Plain",
      "Partial Mode": "Finalize",
      "Parallel Aware": false,
      "Startup Cost": 436603.46,
      "Total Cost": 436603.47,
      "Plan Rows": 1,
      "Plan Width": 8,
      "Actual Startup Time": 2921.228,
      "Actual Total Time": 2980.112,
      "Actual Rows": 1,
      "Actual Loops": 1,
      "Plans": [
        {
          "Node Type": "Gather",
          "Parent Relationship": "Outer",
          "Parallel Aware": false,
          "Startup Cost": 436602.84,
          "Total Cost": 436603.45,
          "Plan Rows": 6,
          "Plan Width": 8,
          "Actual Startup Time": 2916.392,
          "Actual Total Time": 2980.097,
          "Actual Rows": 7,
          "Actual Loops": 1,
          "Workers Planned": 6,
          "Workers Launched": 6,
          "Single Copy": false,
          "Plans": [
            {
              "Node Type": "Aggregate",
              "Strategy": "Plain",
              "Partial Mode": "Partial",
              "Parent Relationship": "Outer",
              "Parallel Aware": false,
              "Startup Cost": 435602.84,
              "Total Cost": 435602.85,
              "Plan Rows": 1,
              "Plan Width": 8,
              "Actual Startup Time": 2907.989,
              "Actual Total Time": 2908.176,
              "Actual Rows": 1,
              "Actual Loops": 7,
              "Plans": [
                {
                  "Node Type": "Hash Join",
                  "Parent Relationship": "Outer",
                  "Parallel Aware": true,
                  "Join Type": "Inner",
                  "Startup Cost": 93543.9,
                  "Total Cost": 432854.27,
                  "Plan Rows": 1099428,
                  "Plan Width": 0,
                  "Actual Startup Time": 291.085,
                  "Actual Total Time": 2498.588,
                  "Actual Rows": 9309753,
                  "Actual Loops": 7,
                  "Inner Unique": false,
                  "Hash Cond": "(ci.movie_id = t.id)",
                  "Plans": [
                    {
                      "Node Type": "Seq Scan",
                      "Parent Relationship": "Outer",
                      "Parallel Aware": true,
                      "Relation Name": "cast_info",
                      "Alias": "ci",
                      "Startup Cost": 0.0,
                      "Total Cost": 313106.51,
                      "Plan Rows": 6041951,
                      "Plan Width": 4,
                      "Actual Startup Time": 0.054,
                      "Actual Total Time": 558.206,
                      "Actual Rows": 5177763,
                      "Actual Loops": 7
                    },
                    {
                      "Node Type": "Hash",
                      "Parent Relationship": "Inner",
                      "Parallel Aware": true,
                      "Startup Cost": 91688.71,
                      "Total Cost": 91688.71,
                      "Plan Rows": 148415,
                      "Plan Width": 8,
                      "Actual Startup Time": 289.341,
                      "Actual Total Time": 289.526,
                      "Actual Rows": 137851,
                      "Actual Loops": 7,
                      "Hash Buckets": 1048576,
                      "Original Hash Buckets": 524288,
                      "Hash Batches": 1,
                      "Original Hash Batches": 1,
                      "Peak Memory Usage": 50144,
                      "Plans": [
                        {
                          "Node Type": "Hash Join",
                          "Parent Relationship": "Outer",
                          "Parallel Aware": true,
                          "Join Type": "Inner",
                          "Startup Cost": 47324.92,
                          "Total Cost": 91688.71,
                          "Plan Rows": 148415,
                          "Plan Width": 8,
                          "Actual Startup Time": 133.657,
                          "Actual Total Time": 230.934,
                          "Actual Rows": 137851,
                          "Actual Loops": 7,
                          "Inner Unique": true,
                          "Hash Cond": "(mk.movie_id = t.id)",
                          "Plans": [
                            {
                              "Node Type": "Seq Scan",
                              "Parent Relationship": "Outer",
                              "Parallel Aware": true,
                              "Relation Name": "movie_keyword",
                              "Alias": "mk",
                              "Startup Cost": 0.0,
                              "Total Cost": 42695.65,
                              "Plan Rows": 635479,
                              "Plan Width": 4,
                              "Actual Startup Time": 0.305,
                              "Actual Total Time": 71.216,
                              "Actual Rows": 280187,
                              "Actual Loops": 7,
                              "Filter": "(keyword_id > 6498)",
                              "Rows Removed by Filter": 366089
                            },
                            {
                              "Node Type": "Hash",
                              "Parent Relationship": "Inner",
                              "Parallel Aware": true,
                              "Startup Cost": 45479.59,
                              "Total Cost": 45479.59,
                              "Plan Rows": 147627,
                              "Plan Width": 4,
                              "Actual Startup Time": 113.082,
                              "Actual Total Time": 113.084,
                              "Actual Rows": 68445,
                              "Actual Loops": 7,
                              "Hash Buckets": 1048576,
                              "Original Hash Buckets": 1048576,
                              "Hash Batches": 1,
                              "Original Hash Batches": 1,
                              "Peak Memory Usage": 27040,
                              "Plans": [
                                {
                                  "Node Type": "Seq Scan",
                                  "Parent Relationship": "Outer",
                                  "Parallel Aware": true,
                                  "Relation Name": "title",
                                  "Alias": "t",
                                  "Startup Cost": 0.0,
                                  "Total Cost": 45479.59,
                                  "Plan Rows": 147627,
                                  "Plan Width": 4,
                                  "Actual Startup Time": 40.53,
                                  "Actual Total Time": 78.54,
                                  "Actual Rows": 68445,
                                  "Actual Loops": 7,
                                  "Filter": "((production_year > 1955) AND (kind_id = 1))",
                                  "Rows Removed by Filter": 292743
                                }
                              ]
                            }
                          ]
                        }
                      ]
                    }
                  ]
                }
              ]
            }
          ]
        }
      ]
    },
    "Planning Time": 0.445,
    "Triggers": [],
    "Execution Time": 2980.178
  }
]