[
  {
    "Plan": {
      "Node Type": "Aggregate",
      "Strategy": "Plain",
      "Partial Mode": "Finalize",
      "Parallel Aware": false,
      "Startup Cost": 436566.37,
      "Total Cost": 436566.38,
      "Plan Rows": 1,
      "Plan Width": 8,
      "Actual Startup Time": 2793.967,
      "Actual Total Time": 2854.19,
      "Actual Rows": 1,
      "Actual Loops": 1,
      "Plans": [
        {
          "Node Type": "Gather",
          "Parent Relationship": "Outer",
          "Parallel Aware": false,
          "Startup Cost": 436565.75,
          "Total Cost": 436566.36,
          "Plan Rows": 6,
          "Plan Width": 8,
          "Actual Startup Time": 2785.862,
          "Actual Total Time": 2854.179,
          "Actual Rows": 7,
          "Actual Loops": 1,
          "Workers Planned": 6,
          "Workers Launched": 6,
          "Single Copy": false,
          "Plans": [
            {
              "Node Type": "Aggregate",
              "Strategy": "Plain",
              "Partial Mode": "Partial",
              "Parent Relationship": "Outer",
              "Parallel Aware": false,
              "Startup Cost": 435565.75,
              "Total Cost": 435565.76,
              "Plan Rows": 1,
              "Plan Width": 8,
              "Actual Startup Time": 2773.42,
              "Actual Total Time": 2773.426,
              "Actual Rows": 1,
              "Actual Loops": 7,
              "Plans": [
                {
                  "Node Type": "Hash Join",
                  "Parent Relationship": "Outer",
                  "Parallel Aware": true,
                  "Join Type": "Inner",
                  "Startup Cost": 93551.68,
                  "Total Cost": 432813.06,
                  "Plan Rows": 1101074,
                  "Plan Width": 0,
                  "Actual Startup Time": 291.923,
                  "Actual Total Time": 2383.215,
                  "Actual Rows": 9309753,
                  "Actual Loops": 7,
                  "Inner Unique": false,
                  "Hash Cond": "(ci.movie_id = t.id)",
                  "Plans": [
                    {
                      "Node Type": "Seq Scan",
                      "Parent Relationship": "Outer",
                      "Parallel Aware": true,
                      "Relation Name": "cast_info",
                      "Alias": "ci",
                      "Startup Cost": 0.0,
                      "Total Cost": 313067.02,
                      "Plan Rows": 6038002,
                      "Plan Width": 4,
                      "Actual Startup Time": 0.019,
                      "Actual Total Time": 524.665,
                      "Actual Rows": 5177763,
                      "Actual Loops": 7
                    },
                    {
                      "Node Type": "Hash",
                      "Parent Relationship": "Inner",
                      "Parallel Aware": true,
                      "Startup Cost": 91692.59,
                      "Total Cost": 91692.59,
                      "Plan Rows": 148727,
                      "Plan Width": 8,
                      "Actual Startup Time": 289.429,
                      "Actual Total Time": 289.433,
                      "Actual Rows": 137851,
                      "Actual Loops": 7,
                      "Hash Buckets": 1048576,
                      "Original Hash Buckets": 524288,
                      "Hash Batches": 1,
                      "Original Hash Batches": 1,
                      "Peak Memory Usage": 50144,
                      "Plans": [
                        {
                          "Node Type": "Hash Join",
                          "Parent Relationship": "Outer",
                          "Parallel Aware": true,
                          "Join Type": "Inner",
                          "Startup Cost": 47333.97,
                          "Total Cost": 91692.59,
                          "Plan Rows": 148727,
                          "Plan Width": 8,
                          "Actual Startup Time": 144.407,
                          "Actual Total Time": 237.727,
                          "Actual Rows": 137851,
                          "Actual Loops": 7,
                          "Inner Unique": true,
                          "Hash Cond": "(mk.movie_id = t.id)",
                          "Plans": [
                            {
                              "Node Type": "Seq Scan",
                              "Parent Relationship": "Outer",
                              "Parallel Aware": true,
                              "Relation Name": "movie_keyword",
                              "Alias": "mk",
                              "Startup Cost": 0.0,
                              "Total Cost": 42695.65,
                              "Plan Rows": 633509,
                              "Plan Width": 4,
                              "Actual Startup Time": 0.278,
                              "Actual Total Time": 69.188,
                              "Actual Rows": 280187,
                              "Actual Loops": 7,
                              "Filter": "(keyword_id > 6498)",
                              "Rows Removed by Filter": 366089
                            },
                            {
                              "Node Type": "Hash",
                              "Parent Relationship": "Inner",
                              "Parallel Aware": true,
                              "Startup Cost": 45479.1,
                              "Total Cost": 45479.1,
                              "Plan Rows": 148390,
                              "Plan Width": 4,
                              "Actual Startup Time": 123.528,
                              "Actual Total Time": 123.529,
                              "Actual Rows": 68445,
                              "Actual Loops": 7,
                              "Hash Buckets": 1048576,
                              "Original Hash Buckets": 1048576,
                              "Hash Batches": 1,
                              "Original Hash Batches": 1,
                              "Peak Memory Usage": 27072,
                              "Plans": [
                                {
                                  "Node Type": "Seq Scan",
                                  "Parent Relationship": "Outer",
                                  "Parallel Aware": true,
                                  "Relation Name": "title",
                                  "Alias": "t",
                                  "Startup Cost": 0.0,
                                  "Total Cost": 45479.1,
                                  "Plan Rows": 148390,
                                  "Plan Width": 4,
                                  "Actual Startup Time": 46.694,
                                  "Actual Total Time": 83.545,
                                  "Actual Rows": 68445,
                                  "Actual Loops": 7,
                                  "Filter": "((production_year > 1955) AND (kind_id = 1))",
                                  "Rows Removed by Filter": 292743
                                }
                              ]
                            }
                          ]
                        }
                      ]
                    }
                  ]
                }
              ]
            }
          ]
        }
      ]
    },
    "Planning Time": 1.364,
    "Triggers": [],
    "Execution Time": 2854.294
  }
]