[
  {
    "Plan": {
      "Node Type": "Aggregate",
      "Strategy": "Plain",
      "Partial Mode": "Finalize",
      "Parallel Aware": false,
      "Startup Cost": 45087.4,
      "Total Cost": 45087.41,
      "Plan Rows": 1,
      "Plan Width": 8,
      "Actual Startup Time": 139.568,
      "Actual Total Time": 149.041,
      "Actual Rows": 1,
      "Actual Loops": 1,
      "Plans": [
        {
          "Node Type": "Gather",
          "Parent Relationship": "Outer",
          "Parallel Aware": false,
          "Startup Cost": 45087.08,
          "Total Cost": 45087.39,
          "Plan Rows": 3,
          "Plan Width": 8,
          "Actual Startup Time": 139.468,
          "Actual Total Time": 149.033,
          "Actual Rows": 4,
          "Actual Loops": 1,
          "Workers Planned": 3,
          "Workers Launched": 3,
          "Single Copy": false,
          "Plans": [
            {
              "Node Type": "Aggregate",
              "Strategy": "Plain",
              "Partial Mode": "Partial",
              "Parent Relationship": "Outer",
              "Parallel Aware": false,
              "Startup Cost": 44087.08,
              "Total Cost": 44087.09,
              "Plan Rows": 1,
              "Plan Width": 8,
              "Actual Startup Time": 133.666,
              "Actual Total Time": 133.667,
              "Actual Rows": 1,
              "Actual Loops": 4,
              "Plans": [
                {
                  "Node Type": "Seq Scan",
                  "Parent Relationship": "Outer",
                  "Parallel Aware": true,
                  "Relation Name": "movie_keyword",
                  "Alias": "mk",
                  "Startup Cost": 0.0,
                  "Total Cost": 42695.65,
                  "Plan Rows": 556572,
                  "Plan Width": 0,
                  "Actual Startup Time": 0.057,
                  "Actual Total Time": 112.66,
                  "Actual Rows": 433822,
                  "Actual Loops": 4,
                  "Filter": "(keyword_id < 2831)",
                  "Rows Removed by Filter": 697160
                }
              ]
            }
          ]
        }
      ]
    },
    "Planning Time": 0.158,
    "Triggers": [],
    "Execution Time": 149.088
  }
]