[
  {
    "Plan": {
      "Node Type": "Aggregate",
      "Strategy": "Plain",
      "Partial Mode": "Finalize",
      "Parallel Aware": false,
      "Startup Cost": 32322.68,
      "Total Cost": 32322.69,
      "Plan Rows": 1,
      "Plan Width": 8,
      "Actual Startup Time": 132.509,
      "Actual Total Time": 138.908,
      "Actual Rows": 1,
      "Actual Loops": 1,
      "Plans": [
        {
          "Node Type": "Gather",
          "Parent Relationship": "Outer",
          "Parallel Aware": false,
          "Startup Cost": 32322.36,
          "Total Cost": 32322.67,
          "Plan Rows": 3,
          "Plan Width": 8,
          "Actual Startup Time": 132.365,
          "Actual Total Time": 138.9,
          "Actual Rows": 4,
          "Actual Loops": 1,
          "Workers Planned": 3,
          "Workers Launched": 3,
          "Single Copy": false,
          "Plans": [
            {
              "Node Type": "Aggregate",
              "Strategy": "Plain",
              "Partial Mode": "Partial",
              "Parent Relationship": "Outer",
              "Parallel Aware": false,
              "Startup Cost": 31322.36,
              "Total Cost": 31322.37,
              "Plan Rows": 1,
              "Plan Width": 8,
              "Actual Startup Time": 123.792,
              "Actual Total Time": 123.793,
              "Actual Rows": 1,
              "Actual Loops": 4,
              "Plans": [
                {
                  "Node Type": "Seq Scan",
                  "Parent Relationship": "Outer",
                  "Parallel Aware": true,
                  "Relation Name": "movie_companies",
                  "Alias": "mc",
                  "Startup Cost": 0.0,
                  "Total Cost": 29310.68,
                  "Plan Rows": 804671,
                  "Plan Width": 0,
                  "Actual Startup Time": 0.028,
                  "Actual Total Time": 90.63,
                  "Actual Rows": 624082,
                  "Actual Loops": 4,
                  "Filter": "(company_id < 150342)",
                  "Rows Removed by Filter": 28200
                }
              ]
            }
          ]
        }
      ]
    },
    "Planning Time": 0.16,
    "Triggers": [],
    "Execution Time": 138.957
  }
]