[
  {
    "Plan": {
      "Node Type": "Aggregate",
      "Strategy": "Plain",
      "Partial Mode": "Finalize",
      "Parallel Aware": false,
      "Startup Cost": 352838.73,
      "Total Cost": 352838.74,
      "Plan Rows": 1,
      "Plan Width": 8,
      "Actual Startup Time": 828.086,
      "Actual Total Time": 888.823,
      "Actual Rows": 1,
      "Actual Loops": 1,
      "Plans": [
        {
          "Node Type": "Gather",
          "Parent Relationship": "Outer",
          "Parallel Aware": false,
          "Startup Cost": 352838.1,
          "Total Cost": 352838.71,
          "Plan Rows": 6,
          "Plan Width": 8,
          "Actual Startup Time": 827.861,
          "Actual Total Time": 888.812,
          "Actual Rows": 7,
          "Actual Loops": 1,
          "Workers Planned": 6,
          "Workers Launched": 6,
          "Single Copy": false,
          "Plans": [
            {
              "Node Type": "Aggregate",
              "Strategy": "Plain",
              "Partial Mode": "Partial",
              "Parent Relationship": "Outer",
              "Parallel Aware": false,
              "Startup Cost": 351838.1,
              "Total Cost": 351838.11,
              "Plan Rows": 1,
              "Plan Width": 8,
              "Actual Startup Time": 817.708,
              "Actual Total Time": 817.709,
              "Actual Rows": 1,
              "Actual Loops": 7,
              "Plans": [
                {
                  "Node Type": "Seq Scan",
                  "Parent Relationship": "Outer",
                  "Parallel Aware": true,
                  "Relation Name": "cast_info",
                  "Alias": "ci",
                  "Startup Cost": 0.0,
                  "Total Cost": 343257.03,
                  "Plan Rows": 3432430,
                  "Plan Width": 0,
                  "Actual Startup Time": 0.053,
                  "Actual Total Time": 677.422,
                  "Actual Rows": 3447243,
                  "Actual Loops": 7,
                  "Filter": "((person_id < 3194864) AND (role_id < 4))",
                  "Rows Removed by Filter": 1730521
                }
              ]
            }
          ]
        }
      ]
    },
    "Planning Time": 0.227,
    "Triggers": [],
    "Execution Time": 888.902
  }
]