{
    "Plan": {
        "Node Type": "Aggregate",
        "Strategy": "Plain",
        "Partial Mode": "Finalize",
        "Parallel Aware": false,
        "Startup Cost": 244417.94,
        "Total Cost": 244417.95,
        "Plan Rows": 1,
        "Plan Width": 8,
        "Actual Startup Time": 414.891,
        "Actual Total Time": 458.37,
        "Actual Rows": 1,
        "Actual Loops": 1,
        "Output": [
            "count(*)"
        ],
        "Plans": [
            {
                "Node Type": "Gather",
                "Parent Relationship": "Outer",
                "Parallel Aware": false,
                "Startup Cost": 244417.41,
                "Total Cost": 244417.92,
                "Plan Rows": 5,
                "Plan Width": 8,
                "Actual Startup Time": 413.87,
                "Actual Total Time": 458.358,
                "Actual Rows": 6,
                "Actual Loops": 1,
                "Output": [
                    "(PARTIAL count(*))"
                ],
                "Workers Planned": 5,
                "Workers Launched": 5,
                "Single Copy": false,
                "Plans": [
                    {
                        "Node Type": "Aggregate",
                        "Strategy": "Plain",
                        "Partial Mode": "Partial",
                        "Parent Relationship": "Outer",
                        "Parallel Aware": false,
                        "Startup Cost": 243417.41,
                        "Total Cost": 243417.42,
                        "Plan Rows": 1,
                        "Plan Width": 8,
                        "Actual Startup Time": 406.238,
                        "Actual Total Time": 406.242,
                        "Actual Rows": 1,
                        "Actual Loops": 6,
                        "Output": [
                            "PARTIAL count(*)"
                        ],
                        "Workers": [
                            {
                                "Worker Number": 0,
                                "Actual Startup Time": 404.104,
                                "Actual Total Time": 404.107,
                                "Actual Rows": 1,
                                "Actual Loops": 1
                            },
                            {
                                "Worker Number": 1,
                                "Actual Startup Time": 404.018,
                                "Actual Total Time": 404.021,
                                "Actual Rows": 1,
                                "Actual Loops": 1
                            },
                            {
                                "Worker Number": 2,
                                "Actual Startup Time": 405.176,
                                "Actual Total Time": 405.18,
                                "Actual Rows": 1,
                                "Actual Loops": 1
                            },
                            {
                                "Worker Number": 3,
                                "Actual Startup Time": 404.802,
                                "Actual Total Time": 404.805,
                                "Actual Rows": 1,
                                "Actual Loops": 1
                            },
                            {
                                "Worker Number": 4,
                                "Actual Startup Time": 406.362,
                                "Actual Total Time": 406.366,
                                "Actual Rows": 1,
                                "Actual Loops": 1
                            }
                        ],
                        "Plans": [
                            {
                                "Node Type": "Hash Join",
                                "Parent Relationship": "Outer",
                                "Parallel Aware": true,
                                "Join Type": "Inner",
                                "Startup Cost": 44162.37,
                                "Total Cost": 243405.9,
                                "Plan Rows": 4607,
                                "Plan Width": 0,
                                "Actual Startup Time": 100.367,
                                "Actual Total Time": 405.989,
                                "Actual Rows": 3872,
                                "Actual Loops": 6,
                                "Inner Unique": true,
                                "Hash Cond": "(mi.movie_id = t.id)",
                                "Workers": [
                                    {
                                        "Worker Number": 0,
                                        "Actual Startup Time": 98.395,
                                        "Actual Total Time": 403.866,
                                        "Actual Rows": 4093,
                                        "Actual Loops": 1
                                    },
                                    {
                                        "Worker Number": 1,
                                        "Actual Startup Time": 98.124,
                                        "Actual Total Time": 403.775,
                                        "Actual Rows": 4276,
                                        "Actual Loops": 1
                                    },
                                    {
                                        "Worker Number": 2,
                                        "Actual Startup Time": 99.241,
                                        "Actual Total Time": 404.942,
                                        "Actual Rows": 4005,
                                        "Actual Loops": 1
                                    },
                                    {
                                        "Worker Number": 3,
                                        "Actual Startup Time": 98.947,
                                        "Actual Total Time": 404.54,
                                        "Actual Rows": 2688,
                                        "Actual Loops": 1
                                    },
                                    {
                                        "Worker Number": 4,
                                        "Actual Startup Time": 100.445,
                                        "Actual Total Time": 406.124,
                                        "Actual Rows": 4296,
                                        "Actual Loops": 1
                                    }
                                ],
                                "Plans": [
                                    {
                                        "Node Type": "Seq Scan",
                                        "Parent Relationship": "Outer",
                                        "Parallel Aware": true,
                                        "Relation Name": "movie_info",
                                        "Schema": "public",
                                        "Alias": "mi",
                                        "Startup Cost": 0.0,
                                        "Total Cost": 198880.74,
                                        "Plan Rows": 138206,
                                        "Plan Width": 4,
                                        "Actual Startup Time": 17.405,
                                        "Actual Total Time": 309.141,
                                        "Actual Rows": 110154,
                                        "Actual Loops": 6,
                                        "Output": [
                                            "mi.id",
                                            "mi.movie_id",
                                            "mi.info_type_id",
                                            "mi.info",
                                            "mi.note"
                                        ],
                                        "Filter": "(mi.info_type_id = 18)",
                                        "Rows Removed by Filter": 2362466,
                                        "Workers": [
                                            {
                                                "Worker Number": 0,
                                                "Actual Startup Time": 17.457,
                                                "Actual Total Time": 309.399,
                                                "Actual Rows": 118214,
                                                "Actual Loops": 1
                                            },
                                            {
                                                "Worker Number": 1,
                                                "Actual Startup Time": 17.466,
                                                "Actual Total Time": 309.15,
                                                "Actual Rows": 122449,
                                                "Actual Loops": 1
                                            },
                                            {
                                                "Worker Number": 2,
                                                "Actual Startup Time": 17.313,
                                                "Actual Total Time": 309.372,
                                                "Actual Rows": 118164,
                                                "Actual Loops": 1
                                            },
                                            {
                                                "Worker Number": 3,
                                                "Actual Startup Time": 17.424,
                                                "Actual Total Time": 309.635,
                                                "Actual Rows": 78004,
                                                "Actual Loops": 1
                                            },
                                            {
                                                "Worker Number": 4,
                                                "Actual Startup Time": 17.297,
                                                "Actual Total Time": 309.324,
                                                "Actual Rows": 117960,
                                                "Actual Loops": 1
                                            }
                                        ]
                                    },
                                    {
                                        "Node Type": "Hash",
                                        "Parent Relationship": "Inner",
                                        "Parallel Aware": true,
                                        "Startup Cost": 43899.01,
                                        "Total Cost": 43899.01,
                                        "Plan Rows": 21069,
                                        "Plan Width": 4,
                                        "Actual Startup Time": 81.333,
                                        "Actual Total Time": 81.334,
                                        "Actual Rows": 14099,
                                        "Actual Loops": 6,
                                        "Output": [
                                            "t.id"
                                        ],
                                        "Hash Buckets": 131072,
                                        "Original Hash Buckets": 131072,
                                        "Hash Batches": 1,
                                        "Original Hash Batches": 1,
                                        "Peak Memory Usage": 4448,
                                        "Workers": [
                                            {
                                                "Worker Number": 0,
                                                "Actual Startup Time": 80.13,
                                                "Actual Total Time": 80.13,
                                                "Actual Rows": 13323,
                                                "Actual Loops": 1
                                            },
                                            {
                                                "Worker Number": 1,
                                                "Actual Startup Time": 80.042,
                                                "Actual Total Time": 80.043,
                                                "Actual Rows": 14001,
                                                "Actual Loops": 1
                                            },
                                            {
                                                "Worker Number": 2,
                                                "Actual Startup Time": 81.224,
                                                "Actual Total Time": 81.226,
                                                "Actual Rows": 13591,
                                                "Actual Loops": 1
                                            },
                                            {
                                                "Worker Number": 3,
                                                "Actual Startup Time": 80.709,
                                                "Actual Total Time": 80.71,
                                                "Actual Rows": 10783,
                                                "Actual Loops": 1
                                            },
                                            {
                                                "Worker Number": 4,
                                                "Actual Startup Time": 82.515,
                                                "Actual Total Time": 82.516,
                                                "Actual Rows": 15012,
                                                "Actual Loops": 1
                                            }
                                        ],
                                        "Plans": [
                                            {
                                                "Node Type": "Seq Scan",
                                                "Parent Relationship": "Outer",
                                                "Parallel Aware": true,
                                                "Relation Name": "title",
                                                "Schema": "public",
                                                "Alias": "t",
                                                "Startup Cost": 0.0,
                                                "Total Cost": 43899.01,
                                                "Plan Rows": 21069,
                                                "Plan Width": 4,
                                                "Actual Startup Time": 0.051,
                                                "Actual Total Time": 74.519,
                                                "Actual Rows": 14099,
                                                "Actual Loops": 6,
                                                "Output": [
                                                    "t.id"
                                                ],
                                                "Filter": "(t.production_year = 2004)",
                                                "Rows Removed by Filter": 407286,
                                                "Workers": [
                                                    {
                                                        "Worker Number": 0,
                                                        "Actual Startup Time": 0.058,
                                                        "Actual Total Time": 73.684,
                                                        "Actual Rows": 13323,
                                                        "Actual Loops": 1
                                                    },
                                                    {
                                                        "Worker Number": 1,
                                                        "Actual Startup Time": 0.054,
                                                        "Actual Total Time": 72.931,
                                                        "Actual Rows": 14001,
                                                        "Actual Loops": 1
                                                    },
                                                    {
                                                        "Worker Number": 2,
                                                        "Actual Startup Time": 0.063,
                                                        "Actual Total Time": 74.655,
                                                        "Actual Rows": 13591,
                                                        "Actual Loops": 1
                                                    },
                                                    {
                                                        "Worker Number": 3,
                                                        "Actual Startup Time": 0.055,
                                                        "Actual Total Time": 74.211,
                                                        "Actual Rows": 10783,
                                                        "Actual Loops": 1
                                                    },
                                                    {
                                                        "Worker Number": 4,
                                                        "Actual Startup Time": 0.046,
                                                        "Actual Total Time": 75.992,
                                                        "Actual Rows": 15012,
                                                        "Actual Loops": 1
                                                    }
                                                ]
                                            }
                                        ]
                                    }
                                ]
                            }
                        ]
                    }
                ]
            }
        ]
    },
    "Planning Time": 0.7,
    "Triggers": [],
    "Execution Time": 458.452
}