[
  {
    "Plan": {
      "Node Type": "Aggregate",
      "Strategy": "Plain",
      "Partial Mode": "Simple",
      "Parallel Aware": false,
      "Startup Cost": 34571.64,
      "Total Cost": 34571.65,
      "Plan Rows": 1,
      "Plan Width": 32,
      "Actual Startup Time": 167.45,
      "Actual Total Time": 177.899,
      "Actual Rows": 1,
      "Actual Loops": 1,
      "Plans": [
        {
          "Node Type": "Gather",
          "Parent Relationship": "Outer",
          "Parallel Aware": false,
          "Startup Cost": 1001.14,
          "Total Cost": 34571.64,
          "Plan Rows": 2,
          "Plan Width": 17,
          "Actual Startup Time": 167.433,
          "Actual Total Time": 177.881,
          "Actual Rows": 0,
          "Actual Loops": 1,
          "Workers Planned": 3,
          "Workers Launched": 3,
          "Single Copy": false,
          "Plans": [
            {
              "Node Type": "Nested Loop",
              "Parent Relationship": "Outer",
              "Parallel Aware": false,
              "Join Type": "Inner",
              "Startup Cost": 1.14,
              "Total Cost": 33571.44,
              "Plan Rows": 1,
              "Plan Width": 17,
              "Actual Startup Time": 156.667,
              "Actual Total Time": 156.675,
              "Actual Rows": 0,
              "Actual Loops": 4,
              "Inner Unique": true,
              "Plans": [
                {
                  "Node Type": "Nested Loop",
                  "Parent Relationship": "Outer",
                  "Parallel Aware": false,
                  "Join Type": "Inner",
                  "Startup Cost": 1.0,
                  "Total Cost": 33571.28,
                  "Plan Rows": 1,
                  "Plan Width": 21,
                  "Actual Startup Time": 156.664,
                  "Actual Total Time": 156.67,
                  "Actual Rows": 0,
                  "Actual Loops": 4,
                  "Inner Unique": false,
                  "Plans": [
                    {
                      "Node Type": "Nested Loop",
                      "Parent Relationship": "Outer",
                      "Parallel Aware": false,
                      "Join Type": "Inner",
                      "Startup Cost": 0.56,
                      "Total Cost": 33567.8,
                      "Plan Rows": 1,
                      "Plan Width": 25,
                      "Actual Startup Time": 156.663,
                      "Actual Total Time": 156.669,
                      "Actual Rows": 0,
                      "Actual Loops": 4,
                      "Inner Unique": true,
                      "Plans": [
                        {
                          "Node Type": "Nested Loop",
                          "Parent Relationship": "Outer",
                          "Parallel Aware": false,
                          "Join Type": "Inner",
                          "Startup Cost": 0.13,
                          "Total Cost": 33525.55,
                          "Plan Rows": 5,
                          "Plan Width": 4,
                          "Actual Startup Time": 156.662,
                          "Actual Total Time": 156.665,
                          "Actual Rows": 0,
                          "Actual Loops": 4,
                          "Inner Unique": true,
                          "Plans": [
                            {
                              "Node Type": "Seq Scan",
                              "Parent Relationship": "Outer",
                              "Parallel Aware": true,
                              "Relation Name": "movie_companies",
                              "Alias": "mc",
                              "Startup Cost": 0.0,
                              "Total Cost": 33518.95,
                              "Plan Rows": 18,
                              "Plan Width": 8,
                              "Actual Startup Time": 5.572,
                              "Actual Total Time": 155.749,
                              "Actual Rows": 354,
                              "Actual Loops": 4,
                              "Filter": "((note ~~ '%(VHS)%'::text) AND (note ~~ '%(USA)%'::text) AND (note ~~ '%(1994)%'::text))",
                              "Rows Removed by Filter": 651928
                            },
                            {
                              "Node Type": "Index Scan",
                              "Parent Relationship": "Inner",
                              "Parallel Aware": false,
                              "Scan Direction": "Forward",
                              "Index Name": "company_type_pkey",
                              "Relation Name": "company_type",
                              "Alias": "ct",
                              "Startup Cost": 0.13,
                              "Total Cost": 0.36,
                              "Plan Rows": 1,
                              "Plan Width": 4,
                              "Actual Startup Time": 0.002,
                              "Actual Total Time": 0.002,
                              "Actual Rows": 0,
                              "Actual Loops": 1418,
                              "Index Cond": "(id = mc.company_type_id)",
                              "Rows Removed by Index Recheck": 0,
                              "Filter": "((kind)::text = 'production companies'::text)",
                              "Rows Removed by Filter": 1
                            }
                          ]
                        },
                        {
                          "Node Type": "Index Scan",
                          "Parent Relationship": "Inner",
                          "Parallel Aware": false,
                          "Scan Direction": "Forward",
                          "Index Name": "title_pkey",
                          "Relation Name": "title",
                          "Alias": "t",
                          "Startup Cost": 0.43,
                          "Total Cost": 8.45,
                          "Plan Rows": 1,
                          "Plan Width": 21,
                          "Actual Startup Time": 0.0,
                          "Actual Total Time": 0.0,
                          "Actual Rows": 0,
                          "Actual Loops": 0,
                          "Index Cond": "(id = mc.movie_id)",
                          "Rows Removed by Index Recheck": 0,
                          "Filter": "(production_year > 2010)",
                          "Rows Removed by Filter": 0
                        }
                      ]
                    },
                    {
                      "Node Type": "Index Scan",
                      "Parent Relationship": "Inner",
                      "Parallel Aware": false,
                      "Scan Direction": "Forward",
                      "Index Name": "movie_id_movie_info",
                      "Relation Name": "movie_info",
                      "Alias": "mi",
                      "Startup Cost": 0.43,
                      "Total Cost": 3.45,
                      "Plan Rows": 2,
                      "Plan Width": 8,
                      "Actual Startup Time": 0.0,
                      "Actual Total Time": 0.0,
                      "Actual Rows": 0,
                      "Actual Loops": 0,
                      "Index Cond": "(movie_id = t.id)",
                      "Rows Removed by Index Recheck": 0,
                      "Filter": "(info = ANY ('{USA,America}'::text[]))",
                      "Rows Removed by Filter": 0
                    }
                  ]
                },
                {
                  "Node Type": "Index Only Scan",
                  "Parent Relationship": "Inner",
                  "Parallel Aware": false,
                  "Scan Direction": "Forward",
                  "Index Name": "info_type_pkey",
                  "Relation Name": "info_type",
                  "Alias": "it",
                  "Startup Cost": 0.14,
                  "Total Cost": 0.16,
                  "Plan Rows": 1,
                  "Plan Width": 4,
                  "Actual Startup Time": 0.0,
                  "Actual Total Time": 0.0,
                  "Actual Rows": 0,
                  "Actual Loops": 0,
                  "Index Cond": "(id = mi.info_type_id)",
                  "Rows Removed by Index Recheck": 0,
                  "Heap Fetches": 0
                }
              ]
            }
          ]
        }
      ]
    },
    "Planning Time": 3.776,
    "Triggers": [],
    "Execution Time": 178.177
  }
]