[
  {
    "Plan": {
      "Node Type": "Aggregate",
      "Strategy": "Plain",
      "Partial Mode": "Finalize",
      "Parallel Aware": false,
      "Startup Cost": 44568.46,
      "Total Cost": 44568.47,
      "Plan Rows": 1,
      "Plan Width": 8,
      "Actual Startup Time": 128.829,
      "Actual Total Time": 138.502,
      "Actual Rows": 1,
      "Actual Loops": 1,
      "Plans": [
        {
          "Node Type": "Gather",
          "Parent Relationship": "Outer",
          "Parallel Aware": false,
          "Startup Cost": 44568.14,
          "Total Cost": 44568.45,
          "Plan Rows": 3,
          "Plan Width": 8,
          "Actual Startup Time": 128.709,
          "Actual Total Time": 138.493,
          "Actual Rows": 4,
          "Actual Loops": 1,
          "Workers Planned": 3,
          "Workers Launched": 3,
          "Single Copy": false,
          "Plans": [
            {
              "Node Type": "Aggregate",
              "Strategy": "Plain",
              "Partial Mode": "Partial",
              "Parent Relationship": "Outer",
              "Parallel Aware": false,
              "Startup Cost": 43568.14,
              "Total Cost": 43568.15,
              "Plan Rows": 1,
              "Plan Width": 8,
              "Actual Startup Time": 120.061,
              "Actual Total Time": 120.062,
              "Actual Rows": 1,
              "Actual Loops": 4,
              "Plans": [
                {
                  "Node Type": "Seq Scan",
                  "Parent Relationship": "Outer",
                  "Parallel Aware": true,
                  "Relation Name": "movie_keyword",
                  "Alias": "mk",
                  "Startup Cost": 0.0,
                  "Total Cost": 42695.65,
                  "Plan Rows": 348995,
                  "Plan Width": 0,
                  "Actual Startup Time": 3.179,
                  "Actual Total Time": 106.629,
                  "Actual Rows": 270846,
                  "Actual Loops": 4,
                  "Filter": "(keyword_id > 16327)",
                  "Rows Removed by Filter": 860137
                }
              ]
            }
          ]
        }
      ]
    },
    "Planning Time": 0.207,
    "Triggers": [],
    "Execution Time": 138.556
  }
]