{
  "Plan": {
    "Node Type": "Aggregate",
    "Strategy": "Plain",
    "Partial Mode": "Finalize",
    "Parallel Aware": false,
    "Startup Cost": 120681.79,
    "Total Cost": 120681.8,
    "Plan Rows": 1,
    "Plan Width": 8,
    "Actual Startup Time": 400.121,
    "Actual Total Time": 413.197,
    "Actual Rows": 1,
    "Actual Loops": 1,
    "Plans": [
      {
        "Node Type": "Gather",
        "Parent Relationship": "Outer",
        "Parallel Aware": false,
        "Startup Cost": 120681.68,
        "Total Cost": 120681.79,
        "Plan Rows": 1,
        "Plan Width": 8,
        "Actual Startup Time": 399.804,
        "Actual Total Time": 413.19,
        "Actual Rows": 2,
        "Actual Loops": 1,
        "Workers Planned": 1,
        "Workers Launched": 1,
        "Single Copy": false,
        "Plans": [
          {
            "Node Type": "Aggregate",
            "Strategy": "Plain",
            "Partial Mode": "Partial",
            "Parent Relationship": "Outer",
            "Parallel Aware": false,
            "Startup Cost": 119681.68,
            "Total Cost": 119681.69,
            "Plan Rows": 1,
            "Plan Width": 8,
            "Actual Startup Time": 394.299,
            "Actual Total Time": 394.302,
            "Actual Rows": 1,
            "Actual Loops": 2,
            "Plans": [
              {
                "Node Type": "Hash Join",
                "Parent Relationship": "Outer",
                "Parallel Aware": true,
                "Join Type": "Inner",
                "Startup Cost": 59027.07,
                "Total Cost": 119577.14,
                "Plan Rows": 41816,
                "Plan Width": 0,
                "Actual Startup Time": 153.454,
                "Actual Total Time": 393.929,
                "Actual Rows": 8744,
                "Actual Loops": 2,
                "Inner Unique": true,
                "Hash Cond": "(mk.movie_id = t.id)",
                "Plans": [
                  {
                    "Node Type": "Seq Scan",
                    "Parent Relationship": "Outer",
                    "Parallel Aware": true,
                    "Relation Name": "movie_keyword",
                    "Alias": "mk",
                    "Startup Cost": 0.0,
                    "Total Cost": 57718.19,
                    "Plan Rows": 1078810,
                    "Plan Width": 4,
                    "Actual Startup Time": 0.011,
                    "Actual Total Time": 167.41,
                    "Actual Rows": 921472,
                    "Actual Loops": 2,
                    "Filter": "(keyword_id < 3052)",
                    "Rows Removed by Filter": 1340493
                  },
                  {
                    "Node Type": "Hash",
                    "Parent Relationship": "Inner",
                    "Parallel Aware": true,
                    "Startup Cost": 58306.47,
                    "Total Cost": 58306.47,
                    "Plan Rows": 57648,
                    "Plan Width": 4,
                    "Actual Startup Time": 150.926,
                    "Actual Total Time": 150.928,
                    "Actual Rows": 53124,
                    "Actual Loops": 2,
                    "Hash Buckets": 131072,
                    "Original Hash Buckets": 131072,
                    "Hash Batches": 1,
                    "Original Hash Batches": 1,
                    "Peak Memory Usage": 5216,
                    "Plans": [
                      {
                        "Node Type": "Seq Scan",
                        "Parent Relationship": "Outer",
                        "Parallel Aware": true,
                        "Relation Name": "title",
                        "Alias": "t",
                        "Startup Cost": 0.0,
                        "Total Cost": 58306.47,
                        "Plan Rows": 57648,
                        "Plan Width": 4,
                        "Actual Startup Time": 0.033,
                        "Actual Total Time": 137.087,
                        "Actual Rows": 53124,
                        "Actual Loops": 2,
                        "Filter": "((kind_id = 7) AND (production_year = 2011))",
                        "Rows Removed by Filter": 1211032
                      }
                    ]
                  }
                ]
              }
            ]
          }
        ]
      }
    ]
  },
  "Planning Time": 0.461,
  "Triggers": [],
  "Execution Time": 413.264
}