{
  "Plan": {
    "Node Type": "Aggregate",
    "Strategy": "Plain",
    "Partial Mode": "Finalize",
    "Parallel Aware": false,
    "Startup Cost": 113790.81,
    "Total Cost": 113790.82,
    "Plan Rows": 1,
    "Plan Width": 8,
    "Actual Startup Time": 447.017,
    "Actual Total Time": 463.728,
    "Actual Rows": 1,
    "Actual Loops": 1,
    "Plans": [
      {
        "Node Type": "Gather",
        "Parent Relationship": "Outer",
        "Parallel Aware": false,
        "Startup Cost": 113790.7,
        "Total Cost": 113790.81,
        "Plan Rows": 1,
        "Plan Width": 8,
        "Actual Startup Time": 446.902,
        "Actual Total Time": 463.721,
        "Actual Rows": 2,
        "Actual Loops": 1,
        "Workers Planned": 1,
        "Workers Launched": 1,
        "Single Copy": false,
        "Plans": [
          {
            "Node Type": "Aggregate",
            "Strategy": "Plain",
            "Partial Mode": "Partial",
            "Parent Relationship": "Outer",
            "Parallel Aware": false,
            "Startup Cost": 112790.7,
            "Total Cost": 112790.71,
            "Plan Rows": 1,
            "Plan Width": 8,
            "Actual Startup Time": 440.949,
            "Actual Total Time": 440.952,
            "Actual Rows": 1,
            "Actual Loops": 2,
            "Plans": [
              {
                "Node Type": "Hash Join",
                "Parent Relationship": "Outer",
                "Parallel Aware": true,
                "Join Type": "Inner",
                "Startup Cost": 54699.94,
                "Total Cost": 112750.78,
                "Plan Rows": 15967,
                "Plan Width": 0,
                "Actual Startup Time": 140.673,
                "Actual Total Time": 440.172,
                "Actual Rows": 17867,
                "Actual Loops": 2,
                "Inner Unique": true,
                "Hash Cond": "(mk.movie_id = t.id)",
                "Plans": [
                  {
                    "Node Type": "Seq Scan",
                    "Parent Relationship": "Outer",
                    "Parallel Aware": true,
                    "Relation Name": "movie_keyword",
                    "Alias": "mk",
                    "Startup Cost": 0.0,
                    "Total Cost": 51065.35,
                    "Plan Rows": 2661135,
                    "Plan Width": 4,
                    "Actual Startup Time": 0.013,
                    "Actual Total Time": 148.796,
                    "Actual Rows": 2261965,
                    "Actual Loops": 2
                  },
                  {
                    "Node Type": "Hash",
                    "Parent Relationship": "Inner",
                    "Parallel Aware": true,
                    "Startup Cost": 54588.39,
                    "Total Cost": 54588.39,
                    "Plan Rows": 8924,
                    "Plan Width": 4,
                    "Actual Startup Time": 139.071,
                    "Actual Total Time": 139.072,
                    "Actual Rows": 7142,
                    "Actual Loops": 2,
                    "Hash Buckets": 16384,
                    "Original Hash Buckets": 16384,
                    "Hash Batches": 1,
                    "Original Hash Batches": 1,
                    "Peak Memory Usage": 736,
                    "Plans": [
                      {
                        "Node Type": "Seq Scan",
                        "Parent Relationship": "Outer",
                        "Parallel Aware": true,
                        "Relation Name": "title",
                        "Alias": "t",
                        "Startup Cost": 0.0,
                        "Total Cost": 54588.39,
                        "Plan Rows": 8924,
                        "Plan Width": 4,
                        "Actual Startup Time": 0.112,
                        "Actual Total Time": 136.456,
                        "Actual Rows": 7142,
                        "Actual Loops": 2,
                        "Filter": "(production_year = 1973)",
                        "Rows Removed by Filter": 1257014
                      }
                    ]
                  }
                ]
              }
            ]
          }
        ]
      }
    ]
  },
  "Planning Time": 0.419,
  "Triggers": [],
  "Execution Time": 463.797
}