[
  {
    "Plan": {
      "Node Type": "Aggregate",
      "Strategy": "Plain",
      "Partial Mode": "Finalize",
      "Parallel Aware": false,
      "Startup Cost": 32698.59,
      "Total Cost": 32698.6,
      "Plan Rows": 1,
      "Plan Width": 8,
      "Actual Startup Time": 82.541,
      "Actual Total Time": 89.919,
      "Actual Rows": 1,
      "Actual Loops": 1,
      "Plans": [
        {
          "Node Type": "Gather",
          "Parent Relationship": "Outer",
          "Parallel Aware": false,
          "Startup Cost": 32698.27,
          "Total Cost": 32698.58,
          "Plan Rows": 3,
          "Plan Width": 8,
          "Actual Startup Time": 82.397,
          "Actual Total Time": 89.909,
          "Actual Rows": 4,
          "Actual Loops": 1,
          "Workers Planned": 3,
          "Workers Launched": 3,
          "Single Copy": false,
          "Plans": [
            {
              "Node Type": "Aggregate",
              "Strategy": "Plain",
              "Partial Mode": "Partial",
              "Parent Relationship": "Outer",
              "Parallel Aware": false,
              "Startup Cost": 31698.27,
              "Total Cost": 31698.28,
              "Plan Rows": 1,
              "Plan Width": 8,
              "Actual Startup Time": 75.224,
              "Actual Total Time": 75.225,
              "Actual Rows": 1,
              "Actual Loops": 4,
              "Plans": [
                {
                  "Node Type": "Seq Scan",
                  "Parent Relationship": "Outer",
                  "Parallel Aware": true,
                  "Relation Name": "movie_companies",
                  "Alias": "mc",
                  "Startup Cost": 0.0,
                  "Total Cost": 31414.82,
                  "Plan Rows": 113382,
                  "Plan Width": 0,
                  "Actual Startup Time": 45.436,
                  "Actual Total Time": 73.08,
                  "Actual Rows": 48564,
                  "Actual Loops": 4,
                  "Filter": "((company_id < 1191) AND (company_type_id = 2))",
                  "Rows Removed by Filter": 603719
                }
              ]
            }
          ]
        }
      ]
    },
    "Planning Time": 0.159,
    "Triggers": [],
    "Execution Time": 89.963
  }
]