[
  {
    "Plan": {
      "Node Type": "Aggregate",
      "Strategy": "Plain",
      "Partial Mode": "Finalize",
      "Parallel Aware": false,
      "Startup Cost": 32697.08,
      "Total Cost": 32697.09,
      "Plan Rows": 1,
      "Plan Width": 8,
      "Actual Startup Time": 94.091,
      "Actual Total Time": 99.57,
      "Actual Rows": 1,
      "Actual Loops": 1,
      "Plans": [
        {
          "Node Type": "Gather",
          "Parent Relationship": "Outer",
          "Parallel Aware": false,
          "Startup Cost": 32696.77,
          "Total Cost": 32697.08,
          "Plan Rows": 3,
          "Plan Width": 8,
          "Actual Startup Time": 93.848,
          "Actual Total Time": 99.561,
          "Actual Rows": 4,
          "Actual Loops": 1,
          "Workers Planned": 3,
          "Workers Launched": 3,
          "Single Copy": false,
          "Plans": [
            {
              "Node Type": "Aggregate",
              "Strategy": "Plain",
              "Partial Mode": "Partial",
              "Parent Relationship": "Outer",
              "Parallel Aware": false,
              "Startup Cost": 31696.77,
              "Total Cost": 31696.78,
              "Plan Rows": 1,
              "Plan Width": 8,
              "Actual Startup Time": 86.199,
              "Actual Total Time": 86.2,
              "Actual Rows": 1,
              "Actual Loops": 4,
              "Plans": [
                {
                  "Node Type": "Seq Scan",
                  "Parent Relationship": "Outer",
                  "Parallel Aware": true,
                  "Relation Name": "movie_companies",
                  "Alias": "mc",
                  "Startup Cost": 0.0,
                  "Total Cost": 31414.82,
                  "Plan Rows": 112779,
                  "Plan Width": 0,
                  "Actual Startup Time": 51.321,
                  "Actual Total Time": 83.67,
                  "Actual Rows": 48564,
                  "Actual Loops": 4,
                  "Filter": "((company_id < 1191) AND (company_type_id = 2))",
                  "Rows Removed by Filter": 603719
                }
              ]
            }
          ]
        }
      ]
    },
    "Planning Time": 0.228,
    "Triggers": [],
    "Execution Time": 99.626
  }
]