[
  {
    "Plan": {
      "Node Type": "Aggregate",
      "Strategy": "Plain",
      "Partial Mode": "Finalize",
      "Parallel Aware": false,
      "Startup Cost": 33003.36,
      "Total Cost": 33003.37,
      "Plan Rows": 1,
      "Plan Width": 8,
      "Actual Startup Time": 84.54,
      "Actual Total Time": 92.586,
      "Actual Rows": 1,
      "Actual Loops": 1,
      "Plans": [
        {
          "Node Type": "Gather",
          "Parent Relationship": "Outer",
          "Parallel Aware": false,
          "Startup Cost": 33003.04,
          "Total Cost": 33003.35,
          "Plan Rows": 3,
          "Plan Width": 8,
          "Actual Startup Time": 84.467,
          "Actual Total Time": 92.563,
          "Actual Rows": 4,
          "Actual Loops": 1,
          "Workers Planned": 3,
          "Workers Launched": 3,
          "Single Copy": false,
          "Plans": [
            {
              "Node Type": "Aggregate",
              "Strategy": "Plain",
              "Partial Mode": "Partial",
              "Parent Relationship": "Outer",
              "Parallel Aware": false,
              "Startup Cost": 32003.04,
              "Total Cost": 32003.05,
              "Plan Rows": 1,
              "Plan Width": 8,
              "Actual Startup Time": 80.747,
              "Actual Total Time": 80.748,
              "Actual Rows": 1,
              "Actual Loops": 4,
              "Plans": [
                {
                  "Node Type": "Seq Scan",
                  "Parent Relationship": "Outer",
                  "Parallel Aware": true,
                  "Relation Name": "movie_companies",
                  "Alias": "mc",
                  "Startup Cost": 0.0,
                  "Total Cost": 31414.82,
                  "Plan Rows": 235288,
                  "Plan Width": 0,
                  "Actual Startup Time": 39.021,
                  "Actual Total Time": 74.829,
                  "Actual Rows": 114709,
                  "Actual Loops": 4,
                  "Filter": "((company_id < 12744) AND (company_type_id = 2))",
                  "Rows Removed by Filter": 537573
                }
              ]
            }
          ]
        }
      ]
    },
    "Planning Time": 0.111,
    "Triggers": [],
    "Execution Time": 92.617
  }
]