[
  {
    "Plan": {
      "Node Type": "Aggregate",
      "Strategy": "Plain",
      "Partial Mode": "Finalize",
      "Parallel Aware": false,
      "Startup Cost": 335184.59,
      "Total Cost": 335184.6,
      "Plan Rows": 1,
      "Plan Width": 8,
      "Actual Startup Time": 715.598,
      "Actual Total Time": 763.316,
      "Actual Rows": 1,
      "Actual Loops": 1,
      "Plans": [
        {
          "Node Type": "Gather",
          "Parent Relationship": "Outer",
          "Parallel Aware": false,
          "Startup Cost": 335183.96,
          "Total Cost": 335184.57,
          "Plan Rows": 6,
          "Plan Width": 8,
          "Actual Startup Time": 715.311,
          "Actual Total Time": 763.306,
          "Actual Rows": 7,
          "Actual Loops": 1,
          "Workers Planned": 6,
          "Workers Launched": 6,
          "Single Copy": false,
          "Plans": [
            {
              "Node Type": "Aggregate",
              "Strategy": "Plain",
              "Partial Mode": "Partial",
              "Parent Relationship": "Outer",
              "Parallel Aware": false,
              "Startup Cost": 334183.96,
              "Total Cost": 334183.97,
              "Plan Rows": 1,
              "Plan Width": 8,
              "Actual Startup Time": 707.187,
              "Actual Total Time": 707.189,
              "Actual Rows": 1,
              "Actual Loops": 7,
              "Plans": [
                {
                  "Node Type": "Seq Scan",
                  "Parent Relationship": "Outer",
                  "Parallel Aware": true,
                  "Relation Name": "cast_info",
                  "Alias": "ci",
                  "Startup Cost": 0.0,
                  "Total Cost": 328211.39,
                  "Plan Rows": 2389028,
                  "Plan Width": 0,
                  "Actual Startup Time": 267.311,
                  "Actual Total Time": 609.051,
                  "Actual Rows": 2007024,
                  "Actual Loops": 7,
                  "Filter": "(person_id > 2261365)",
                  "Rows Removed by Filter": 3170739
                }
              ]
            }
          ]
        }
      ]
    },
    "Planning Time": 0.107,
    "Triggers": [],
    "Execution Time": 763.369
  }
]