[
  {
    "Plan": {
      "Node Type": "Aggregate",
      "Strategy": "Plain",
      "Partial Mode": "Finalize",
      "Parallel Aware": false,
      "Startup Cost": 335029.53,
      "Total Cost": 335029.54,
      "Plan Rows": 1,
      "Plan Width": 8,
      "Actual Startup Time": 674.396,
      "Actual Total Time": 729.805,
      "Actual Rows": 1,
      "Actual Loops": 1,
      "Plans": [
        {
          "Node Type": "Gather",
          "Parent Relationship": "Outer",
          "Parallel Aware": false,
          "Startup Cost": 335028.91,
          "Total Cost": 335029.52,
          "Plan Rows": 6,
          "Plan Width": 8,
          "Actual Startup Time": 674.262,
          "Actual Total Time": 729.794,
          "Actual Rows": 7,
          "Actual Loops": 1,
          "Workers Planned": 6,
          "Workers Launched": 6,
          "Single Copy": false,
          "Plans": [
            {
              "Node Type": "Aggregate",
              "Strategy": "Plain",
              "Partial Mode": "Partial",
              "Parent Relationship": "Outer",
              "Parallel Aware": false,
              "Startup Cost": 334028.91,
              "Total Cost": 334028.92,
              "Plan Rows": 1,
              "Plan Width": 8,
              "Actual Startup Time": 666.47,
              "Actual Total Time": 666.471,
              "Actual Rows": 1,
              "Actual Loops": 7,
              "Plans": [
                {
                  "Node Type": "Seq Scan",
                  "Parent Relationship": "Outer",
                  "Parallel Aware": true,
                  "Relation Name": "cast_info",
                  "Alias": "ci",
                  "Startup Cost": 0.0,
                  "Total Cost": 328162.03,
                  "Plan Rows": 2346753,
                  "Plan Width": 0,
                  "Actual Startup Time": 244.331,
                  "Actual Total Time": 578.524,
                  "Actual Rows": 2007024,
                  "Actual Loops": 7,
                  "Filter": "(person_id > 2261365)",
                  "Rows Removed by Filter": 3170739
                }
              ]
            }
          ]
        }
      ]
    },
    "Planning Time": 0.197,
    "Triggers": [],
    "Execution Time": 729.875
  }
]