[
  {
    "Plan": {
      "Node Type": "Aggregate",
      "Strategy": "Plain",
      "Partial Mode": "Finalize",
      "Parallel Aware": false,
      "Startup Cost": 90233.22,
      "Total Cost": 90233.23,
      "Plan Rows": 1,
      "Plan Width": 8,
      "Actual Startup Time": 226.292,
      "Actual Total Time": 244.34,
      "Actual Rows": 1,
      "Actual Loops": 1,
      "Plans": [
        {
          "Node Type": "Gather",
          "Parent Relationship": "Outer",
          "Parallel Aware": false,
          "Startup Cost": 90232.91,
          "Total Cost": 90233.22,
          "Plan Rows": 3,
          "Plan Width": 8,
          "Actual Startup Time": 225.857,
          "Actual Total Time": 244.33,
          "Actual Rows": 4,
          "Actual Loops": 1,
          "Workers Planned": 3,
          "Workers Launched": 3,
          "Single Copy": false,
          "Plans": [
            {
              "Node Type": "Aggregate",
              "Strategy": "Plain",
              "Partial Mode": "Partial",
              "Parent Relationship": "Outer",
              "Parallel Aware": false,
              "Startup Cost": 89232.91,
              "Total Cost": 89232.92,
              "Plan Rows": 1,
              "Plan Width": 8,
              "Actual Startup Time": 217.155,
              "Actual Total Time": 217.158,
              "Actual Rows": 1,
              "Actual Loops": 4,
              "Plans": [
                {
                  "Node Type": "Hash Join",
                  "Parent Relationship": "Outer",
                  "Parallel Aware": true,
                  "Join Type": "Inner",
                  "Startup Cost": 45761.19,
                  "Total Cost": 89207.39,
                  "Plan Rows": 10208,
                  "Plan Width": 0,
                  "Actual Startup Time": 109.261,
                  "Actual Total Time": 216.937,
                  "Actual Rows": 4043,
                  "Actual Loops": 4,
                  "Inner Unique": true,
                  "Hash Cond": "(mk.movie_id = t.id)",
                  "Plans": [
                    {
                      "Node Type": "Seq Scan",
                      "Parent Relationship": "Outer",
                      "Parallel Aware": true,
                      "Relation Name": "movie_keyword",
                      "Alias": "mk",
                      "Startup Cost": 0.0,
                      "Total Cost": 42695.65,
                      "Plan Rows": 285923,
                      "Plan Width": 4,
                      "Actual Startup Time": 1.568,
                      "Actual Total Time": 87.778,
                      "Actual Rows": 221005,
                      "Actual Loops": 4,
                      "Filter": "(keyword_id > 20864)",
                      "Rows Removed by Filter": 909977
                    },
                    {
                      "Node Type": "Hash",
                      "Parent Relationship": "Inner",
                      "Parallel Aware": true,
                      "Startup Cost": 45479.1,
                      "Total Cost": 45479.1,
                      "Plan Rows": 22567,
                      "Plan Width": 4,
                      "Actual Startup Time": 105.562,
                      "Actual Total Time": 105.563,
                      "Actual Rows": 25188,
                      "Actual Loops": 4,
                      "Hash Buckets": 131072,
                      "Original Hash Buckets": 131072,
                      "Hash Batches": 1,
                      "Original Hash Batches": 1,
                      "Peak Memory Usage": 5056,
                      "Plans": [
                        {
                          "Node Type": "Seq Scan",
                          "Parent Relationship": "Outer",
                          "Parallel Aware": true,
                          "Relation Name": "title",
                          "Alias": "t",
                          "Startup Cost": 0.0,
                          "Total Cost": 45479.1,
                          "Plan Rows": 22567,
                          "Plan Width": 4,
                          "Actual Startup Time": 0.053,
                          "Actual Total Time": 95.689,
                          "Actual Rows": 25188,
                          "Actual Loops": 4,
                          "Filter": "((kind_id > 1) AND (production_year = 2008))",
                          "Rows Removed by Filter": 606890
                        }
                      ]
                    }
                  ]
                }
              ]
            }
          ]
        }
      ]
    },
    "Planning Time": 0.644,
    "Triggers": [],
    "Execution Time": 244.406
  }
]