[
    {
        "Bao": {
            "Bao prediction": 443.103,
            "Bao recommended hint": "(no hint)"
        }
    },
    {
        "Plan": {
            "Node Type": "Aggregate",
            "Strategy": "Plain",
            "Partial Mode": "Finalize",
            "Parallel Aware": false,
            "Startup Cost": 32932.05,
            "Total Cost": 32932.06,
            "Plan Rows": 1,
            "Plan Width": 8,
            "Actual Startup Time": 97.203,
            "Actual Total Time": 102.676,
            "Actual Rows": 1,
            "Actual Loops": 1,
            "Output": [
                "count(*)"
            ],
            "Plans": [
                {
                    "Node Type": "Gather",
                    "Parent Relationship": "Outer",
                    "Parallel Aware": false,
                    "Startup Cost": 32931.73,
                    "Total Cost": 32932.04,
                    "Plan Rows": 3,
                    "Plan Width": 8,
                    "Actual Startup Time": 97.143,
                    "Actual Total Time": 102.67,
                    "Actual Rows": 4,
                    "Actual Loops": 1,
                    "Output": [
                        "(PARTIAL count(*))"
                    ],
                    "Workers Planned": 3,
                    "Workers Launched": 3,
                    "Single Copy": false,
                    "Plans": [
                        {
                            "Node Type": "Aggregate",
                            "Strategy": "Plain",
                            "Partial Mode": "Partial",
                            "Parent Relationship": "Outer",
                            "Parallel Aware": false,
                            "Startup Cost": 31931.73,
                            "Total Cost": 31931.74,
                            "Plan Rows": 1,
                            "Plan Width": 8,
                            "Actual Startup Time": 89.461,
                            "Actual Total Time": 89.462,
                            "Actual Rows": 1,
                            "Actual Loops": 4,
                            "Output": [
                                "PARTIAL count(*)"
                            ],
                            "Workers": [
                                {
                                    "Worker Number": 0,
                                    "Actual Startup Time": 86.807,
                                    "Actual Total Time": 86.808,
                                    "Actual Rows": 1,
                                    "Actual Loops": 1
                                },
                                {
                                    "Worker Number": 1,
                                    "Actual Startup Time": 87.171,
                                    "Actual Total Time": 87.172,
                                    "Actual Rows": 1,
                                    "Actual Loops": 1
                                },
                                {
                                    "Worker Number": 2,
                                    "Actual Startup Time": 87.307,
                                    "Actual Total Time": 87.308,
                                    "Actual Rows": 1,
                                    "Actual Loops": 1
                                }
                            ],
                            "Plans": [
                                {
                                    "Node Type": "Seq Scan",
                                    "Parent Relationship": "Outer",
                                    "Parallel Aware": true,
                                    "Relation Name": "movie_companies",
                                    "Schema": "public",
                                    "Alias": "mc",
                                    "Startup Cost": 0.0,
                                    "Total Cost": 31414.82,
                                    "Plan Rows": 206766,
                                    "Plan Width": 0,
                                    "Actual Startup Time": 48.507,
                                    "Actual Total Time": 80.593,
                                    "Actual Rows": 223996,
                                    "Actual Loops": 4,
                                    "Output": [
                                        "id",
                                        "movie_id",
                                        "company_id",
                                        "company_type_id",
                                        "note"
                                    ],
                                    "Filter": "((mc.company_id > 11538) AND (mc.company_type_id > 1))",
                                    "Rows Removed by Filter": 428286,
                                    "Workers": [
                                        {
                                            "Worker Number": 0,
                                            "Actual Startup Time": 45.844,
                                            "Actual Total Time": 78.384,
                                            "Actual Rows": 208223,
                                            "Actual Loops": 1
                                        },
                                        {
                                            "Worker Number": 1,
                                            "Actual Startup Time": 46.224,
                                            "Actual Total Time": 78.356,
                                            "Actual Rows": 216721,
                                            "Actual Loops": 1
                                        },
                                        {
                                            "Worker Number": 2,
                                            "Actual Startup Time": 46.356,
                                            "Actual Total Time": 78.499,
                                            "Actual Rows": 216798,
                                            "Actual Loops": 1
                                        }
                                    ]
                                }
                            ]
                        }
                    ]
                }
            ]
        },
        "Planning Time": 395.563,
        "Triggers": [],
        "Execution Time": 102.752
    }
]