[
  {
    "Plan": {
      "Node Type": "Aggregate",
      "Strategy": "Plain",
      "Partial Mode": "Finalize",
      "Parallel Aware": false,
      "Startup Cost": 31202.75,
      "Total Cost": 31202.76,
      "Plan Rows": 1,
      "Plan Width": 8,
      "Actual Startup Time": 95.26,
      "Actual Total Time": 103.252,
      "Actual Rows": 1,
      "Actual Loops": 1,
      "Plans": [
        {
          "Node Type": "Gather",
          "Parent Relationship": "Outer",
          "Parallel Aware": false,
          "Startup Cost": 31202.43,
          "Total Cost": 31202.74,
          "Plan Rows": 3,
          "Plan Width": 8,
          "Actual Startup Time": 95.167,
          "Actual Total Time": 103.245,
          "Actual Rows": 4,
          "Actual Loops": 1,
          "Workers Planned": 3,
          "Workers Launched": 3,
          "Single Copy": false,
          "Plans": [
            {
              "Node Type": "Aggregate",
              "Strategy": "Plain",
              "Partial Mode": "Partial",
              "Parent Relationship": "Outer",
              "Parallel Aware": false,
              "Startup Cost": 30202.43,
              "Total Cost": 30202.44,
              "Plan Rows": 1,
              "Plan Width": 8,
              "Actual Startup Time": 91.315,
              "Actual Total Time": 91.316,
              "Actual Rows": 1,
              "Actual Loops": 4,
              "Plans": [
                {
                  "Node Type": "Seq Scan",
                  "Parent Relationship": "Outer",
                  "Parallel Aware": true,
                  "Relation Name": "movie_companies",
                  "Alias": "mc",
                  "Startup Cost": 0.0,
                  "Total Cost": 29310.68,
                  "Plan Rows": 356699,
                  "Plan Width": 0,
                  "Actual Startup Time": 13.096,
                  "Actual Total Time": 77.168,
                  "Actual Rows": 274707,
                  "Actual Loops": 4,
                  "Filter": "(company_id > 14069)",
                  "Rows Removed by Filter": 377576
                }
              ]
            }
          ]
        }
      ]
    },
    "Planning Time": 0.143,
    "Triggers": [],
    "Execution Time": 103.296
  }
]