{
    "Plan": {
        "Node Type": "Aggregate",
        "Strategy": "Plain",
        "Partial Mode": "Finalize",
        "Parallel Aware": false,
        "Startup Cost": 350737.42,
        "Total Cost": 350737.43,
        "Plan Rows": 1,
        "Plan Width": 8,
        "Actual Startup Time": 1431.782,
        "Actual Total Time": 1469.005,
        "Actual Rows": 1,
        "Actual Loops": 1,
        "Output": [
            "count(*)"
        ],
        "Plans": [
            {
                "Node Type": "Gather",
                "Parent Relationship": "Outer",
                "Parallel Aware": false,
                "Startup Cost": 350736.79,
                "Total Cost": 350737.4,
                "Plan Rows": 6,
                "Plan Width": 8,
                "Actual Startup Time": 1410.725,
                "Actual Total Time": 1468.992,
                "Actual Rows": 7,
                "Actual Loops": 1,
                "Output": [
                    "(PARTIAL count(*))"
                ],
                "Workers Planned": 6,
                "Workers Launched": 6,
                "Single Copy": false,
                "Plans": [
                    {
                        "Node Type": "Aggregate",
                        "Strategy": "Plain",
                        "Partial Mode": "Partial",
                        "Parent Relationship": "Outer",
                        "Parallel Aware": false,
                        "Startup Cost": 349736.79,
                        "Total Cost": 349736.8,
                        "Plan Rows": 1,
                        "Plan Width": 8,
                        "Actual Startup Time": 1395.159,
                        "Actual Total Time": 1395.351,
                        "Actual Rows": 1,
                        "Actual Loops": 7,
                        "Output": [
                            "PARTIAL count(*)"
                        ],
                        "Workers": [
                            {
                                "Worker Number": 0,
                                "Actual Startup Time": 1392.551,
                                "Actual Total Time": 1392.557,
                                "Actual Rows": 1,
                                "Actual Loops": 1
                            },
                            {
                                "Worker Number": 1,
                                "Actual Startup Time": 1392.611,
                                "Actual Total Time": 1392.621,
                                "Actual Rows": 1,
                                "Actual Loops": 1
                            },
                            {
                                "Worker Number": 2,
                                "Actual Startup Time": 1393.63,
                                "Actual Total Time": 1393.633,
                                "Actual Rows": 1,
                                "Actual Loops": 1
                            },
                            {
                                "Worker Number": 3,
                                "Actual Startup Time": 1392.432,
                                "Actual Total Time": 1392.438,
                                "Actual Rows": 1,
                                "Actual Loops": 1
                            },
                            {
                                "Worker Number": 4,
                                "Actual Startup Time": 1392.589,
                                "Actual Total Time": 1392.594,
                                "Actual Rows": 1,
                                "Actual Loops": 1
                            },
                            {
                                "Worker Number": 5,
                                "Actual Startup Time": 1392.612,
                                "Actual Total Time": 1392.622,
                                "Actual Rows": 1,
                                "Actual Loops": 1
                            }
                        ],
                        "Plans": [
                            {
                                "Node Type": "Hash Join",
                                "Parent Relationship": "Outer",
                                "Parallel Aware": true,
                                "Join Type": "Inner",
                                "Startup Cost": 86845.57,
                                "Total Cost": 347078.92,
                                "Plan Rows": 1063148,
                                "Plan Width": 0,
                                "Actual Startup Time": 480.041,
                                "Actual Total Time": 1330.75,
                                "Actual Rows": 1453089,
                                "Actual Loops": 7,
                                "Inner Unique": false,
                                "Hash Cond": "(ci.movie_id = t.id)",
                                "Workers": [
                                    {
                                        "Worker Number": 0,
                                        "Actual Startup Time": 477.363,
                                        "Actual Total Time": 1322.208,
                                        "Actual Rows": 1125148,
                                        "Actual Loops": 1
                                    },
                                    {
                                        "Worker Number": 1,
                                        "Actual Startup Time": 477.464,
                                        "Actual Total Time": 1320.972,
                                        "Actual Rows": 1130486,
                                        "Actual Loops": 1
                                    },
                                    {
                                        "Worker Number": 2,
                                        "Actual Startup Time": 477.726,
                                        "Actual Total Time": 1330.86,
                                        "Actual Rows": 1626290,
                                        "Actual Loops": 1
                                    },
                                    {
                                        "Worker Number": 3,
                                        "Actual Startup Time": 477.687,
                                        "Actual Total Time": 1329.971,
                                        "Actual Rows": 1617655,
                                        "Actual Loops": 1
                                    },
                                    {
                                        "Worker Number": 4,
                                        "Actual Startup Time": 477.553,
                                        "Actual Total Time": 1334.662,
                                        "Actual Rows": 1437512,
                                        "Actual Loops": 1
                                    },
                                    {
                                        "Worker Number": 5,
                                        "Actual Startup Time": 477.739,
                                        "Actual Total Time": 1334.441,
                                        "Actual Rows": 1443080,
                                        "Actual Loops": 1
                                    }
                                ],
                                "Plans": [
                                    {
                                        "Node Type": "Index Scan",
                                        "Parent Relationship": "Outer",
                                        "Parallel Aware": true,
                                        "Scan Direction": "Forward",
                                        "Index Name": "role_id_cast_info",
                                        "Relation Name": "cast_info",
                                        "Schema": "public",
                                        "Alias": "ci",
                                        "Startup Cost": 0.56,
                                        "Total Cost": 251544.36,
                                        "Plan Rows": 1402680,
                                        "Plan Width": 4,
                                        "Actual Startup Time": 0.327,
                                        "Actual Total Time": 327.829,
                                        "Actual Rows": 1270386,
                                        "Actual Loops": 7,
                                        "Output": [
                                            "ci.id",
                                            "ci.person_id",
                                            "ci.movie_id",
                                            "ci.person_role_id",
                                            "ci.note",
                                            "ci.nr_order",
                                            "ci.role_id"
                                        ],
                                        "Index Cond": "(ci.role_id > 4)",
                                        "Rows Removed by Index Recheck": 0,
                                        "Filter": "(ci.person_id > 357231)",
                                        "Rows Removed by Filter": 70286,
                                        "Workers": [
                                            {
                                                "Worker Number": 0,
                                                "Actual Startup Time": 0.164,
                                                "Actual Total Time": 352.271,
                                                "Actual Rows": 996994,
                                                "Actual Loops": 1
                                            },
                                            {
                                                "Worker Number": 1,
                                                "Actual Startup Time": 0.241,
                                                "Actual Total Time": 353.253,
                                                "Actual Rows": 975889,
                                                "Actual Loops": 1
                                            },
                                            {
                                                "Worker Number": 2,
                                                "Actual Startup Time": 0.336,
                                                "Actual Total Time": 333.079,
                                                "Actual Rows": 1425859,
                                                "Actual Loops": 1
                                            },
                                            {
                                                "Worker Number": 3,
                                                "Actual Startup Time": 0.475,
                                                "Actual Total Time": 331.865,
                                                "Actual Rows": 1417428,
                                                "Actual Loops": 1
                                            },
                                            {
                                                "Worker Number": 4,
                                                "Actual Startup Time": 0.292,
                                                "Actual Total Time": 319.21,
                                                "Actual Rows": 1259011,
                                                "Actual Loops": 1
                                            },
                                            {
                                                "Worker Number": 5,
                                                "Actual Startup Time": 0.426,
                                                "Actual Total Time": 319.526,
                                                "Actual Rows": 1258476,
                                                "Actual Loops": 1
                                            }
                                        ]
                                    },
                                    {
                                        "Node Type": "Hash",
                                        "Parent Relationship": "Inner",
                                        "Parallel Aware": true,
                                        "Startup Cost": 79117.92,
                                        "Total Cost": 79117.92,
                                        "Plan Rows": 618167,
                                        "Plan Width": 8,
                                        "Actual Startup Time": 474.977,
                                        "Actual Total Time": 475.167,
                                        "Actual Rows": 185920,
                                        "Actual Loops": 7,
                                        "Output": [
                                            "t.id",
                                            "mc.movie_id"
                                        ],
                                        "Hash Buckets": 2097152,
                                        "Original Hash Buckets": 2097152,
                                        "Hash Batches": 1,
                                        "Original Hash Batches": 1,
                                        "Peak Memory Usage": 67424,
                                        "Workers": [
                                            {
                                                "Worker Number": 0,
                                                "Actual Startup Time": 476.693,
                                                "Actual Total Time": 476.697,
                                                "Actual Rows": 152986,
                                                "Actual Loops": 1
                                            },
                                            {
                                                "Worker Number": 1,
                                                "Actual Startup Time": 476.677,
                                                "Actual Total Time": 476.686,
                                                "Actual Rows": 133912,
                                                "Actual Loops": 1
                                            },
                                            {
                                                "Worker Number": 2,
                                                "Actual Startup Time": 476.692,
                                                "Actual Total Time": 476.695,
                                                "Actual Rows": 210987,
                                                "Actual Loops": 1
                                            },
                                            {
                                                "Worker Number": 3,
                                                "Actual Startup Time": 476.731,
                                                "Actual Total Time": 476.735,
                                                "Actual Rows": 211576,
                                                "Actual Loops": 1
                                            },
                                            {
                                                "Worker Number": 4,
                                                "Actual Startup Time": 476.708,
                                                "Actual Total Time": 476.712,
                                                "Actual Rows": 184270,
                                                "Actual Loops": 1
                                            },
                                            {
                                                "Worker Number": 5,
                                                "Actual Startup Time": 476.728,
                                                "Actual Total Time": 476.736,
                                                "Actual Rows": 184120,
                                                "Actual Loops": 1
                                            }
                                        ],
                                        "Plans": [
                                            {
                                                "Node Type": "Hash Join",
                                                "Parent Relationship": "Outer",
                                                "Parallel Aware": true,
                                                "Join Type": "Inner",
                                                "Startup Cost": 49702.03,
                                                "Total Cost": 79117.92,
                                                "Plan Rows": 618167,
                                                "Plan Width": 8,
                                                "Actual Startup Time": 208.652,
                                                "Actual Total Time": 384.173,
                                                "Actual Rows": 185920,
                                                "Actual Loops": 7,
                                                "Output": [
                                                    "t.id",
                                                    "mc.movie_id"
                                                ],
                                                "Inner Unique": true,
                                                "Hash Cond": "(mc.movie_id = t.id)",
                                                "Workers": [
                                                    {
                                                        "Worker Number": 0,
                                                        "Actual Startup Time": 208.52,
                                                        "Actual Total Time": 384.319,
                                                        "Actual Rows": 152986,
                                                        "Actual Loops": 1
                                                    },
                                                    {
                                                        "Worker Number": 1,
                                                        "Actual Startup Time": 208.706,
                                                        "Actual Total Time": 384.893,
                                                        "Actual Rows": 133912,
                                                        "Actual Loops": 1
                                                    },
                                                    {
                                                        "Worker Number": 2,
                                                        "Actual Startup Time": 208.65,
                                                        "Actual Total Time": 383.872,
                                                        "Actual Rows": 210987,
                                                        "Actual Loops": 1
                                                    },
                                                    {
                                                        "Worker Number": 3,
                                                        "Actual Startup Time": 208.661,
                                                        "Actual Total Time": 383.726,
                                                        "Actual Rows": 211576,
                                                        "Actual Loops": 1
                                                    },
                                                    {
                                                        "Worker Number": 4,
                                                        "Actual Startup Time": 208.621,
                                                        "Actual Total Time": 384.567,
                                                        "Actual Rows": 184270,
                                                        "Actual Loops": 1
                                                    },
                                                    {
                                                        "Worker Number": 5,
                                                        "Actual Startup Time": 208.637,
                                                        "Actual Total Time": 384.103,
                                                        "Actual Rows": 184120,
                                                        "Actual Loops": 1
                                                    }
                                                ],
                                                "Plans": [
                                                    {
                                                        "Node Type": "Seq Scan",
                                                        "Parent Relationship": "Outer",
                                                        "Parallel Aware": true,
                                                        "Relation Name": "movie_companies",
                                                        "Schema": "public",
                                                        "Alias": "mc",
                                                        "Startup Cost": 0.0,
                                                        "Total Cost": 27206.55,
                                                        "Plan Rows": 841655,
                                                        "Plan Width": 4,
                                                        "Actual Startup Time": 0.034,
                                                        "Actual Total Time": 44.585,
                                                        "Actual Rows": 372733,
                                                        "Actual Loops": 7,
                                                        "Output": [
                                                            "mc.id",
                                                            "mc.movie_id",
                                                            "mc.company_id",
                                                            "mc.company_type_id",
                                                            "mc.note"
                                                        ],
                                                        "Workers": [
                                                            {
                                                                "Worker Number": 0,
                                                                "Actual Startup Time": 0.027,
                                                                "Actual Total Time": 49.326,
                                                                "Actual Rows": 302128,
                                                                "Actual Loops": 1
                                                            },
                                                            {
                                                                "Worker Number": 1,
                                                                "Actual Startup Time": 0.029,
                                                                "Actual Total Time": 50.667,
                                                                "Actual Rows": 283974,
                                                                "Actual Loops": 1
                                                            },
                                                            {
                                                                "Worker Number": 2,
                                                                "Actual Startup Time": 0.048,
                                                                "Actual Total Time": 44.686,
                                                                "Actual Rows": 421357,
                                                                "Actual Loops": 1
                                                            },
                                                            {
                                                                "Worker Number": 3,
                                                                "Actual Startup Time": 0.03,
                                                                "Actual Total Time": 44.485,
                                                                "Actual Rows": 416919,
                                                                "Actual Loops": 1
                                                            },
                                                            {
                                                                "Worker Number": 4,
                                                                "Actual Startup Time": 0.027,
                                                                "Actual Total Time": 44.101,
                                                                "Actual Rows": 368715,
                                                                "Actual Loops": 1
                                                            },
                                                            {
                                                                "Worker Number": 5,
                                                                "Actual Startup Time": 0.068,
                                                                "Actual Total Time": 43.926,
                                                                "Actual Rows": 366666,
                                                                "Actual Loops": 1
                                                            }
                                                        ]
                                                    },
                                                    {
                                                        "Node Type": "Hash",
                                                        "Parent Relationship": "Inner",
                                                        "Parallel Aware": true,
                                                        "Startup Cost": 43899.01,
                                                        "Total Cost": 43899.01,
                                                        "Plan Rows": 464242,
                                                        "Plan Width": 4,
                                                        "Actual Startup Time": 206.386,
                                                        "Actual Total Time": 206.387,
                                                        "Actual Rows": 266498,
                                                        "Actual Loops": 7,
                                                        "Output": [
                                                            "t.id"
                                                        ],
                                                        "Hash Buckets": 2097152,
                                                        "Original Hash Buckets": 2097152,
                                                        "Hash Batches": 1,
                                                        "Original Hash Batches": 1,
                                                        "Peak Memory Usage": 89440,
                                                        "Workers": [
                                                            {
                                                                "Worker Number": 0,
                                                                "Actual Startup Time": 208.408,
                                                                "Actual Total Time": 208.409,
                                                                "Actual Rows": 213032,
                                                                "Actual Loops": 1
                                                            },
                                                            {
                                                                "Worker Number": 1,
                                                                "Actual Startup Time": 208.392,
                                                                "Actual Total Time": 208.393,
                                                                "Actual Rows": 213141,
                                                                "Actual Loops": 1
                                                            },
                                                            {
                                                                "Worker Number": 2,
                                                                "Actual Startup Time": 208.359,
                                                                "Actual Total Time": 208.359,
                                                                "Actual Rows": 276132,
                                                                "Actual Loops": 1
                                                            },
                                                            {
                                                                "Worker Number": 3,
                                                                "Actual Startup Time": 208.326,
                                                                "Actual Total Time": 208.327,
                                                                "Actual Rows": 280348,
                                                                "Actual Loops": 1
                                                            },
                                                            {
                                                                "Worker Number": 4,
                                                                "Actual Startup Time": 208.328,
                                                                "Actual Total Time": 208.33,
                                                                "Actual Rows": 237832,
                                                                "Actual Loops": 1
                                                            },
                                                            {
                                                                "Worker Number": 5,
                                                                "Actual Startup Time": 208.289,
                                                                "Actual Total Time": 208.29,
                                                                "Actual Rows": 236958,
                                                                "Actual Loops": 1
                                                            }
                                                        ],
                                                        "Plans": [
                                                            {
                                                                "Node Type": "Seq Scan",
                                                                "Parent Relationship": "Outer",
                                                                "Parallel Aware": true,
                                                                "Relation Name": "title",
                                                                "Schema": "public",
                                                                "Alias": "t",
                                                                "Startup Cost": 0.0,
                                                                "Total Cost": 43899.01,
                                                                "Plan Rows": 464242,
                                                                "Plan Width": 4,
                                                                "Actual Startup Time": 0.065,
                                                                "Actual Total Time": 77.69,
                                                                "Actual Rows": 266498,
                                                                "Actual Loops": 7,
                                                                "Output": [
                                                                    "t.id"
                                                                ],
                                                                "Filter": "(t.kind_id > 1)",
                                                                "Rows Removed by Filter": 94689,
                                                                "Workers": [
                                                                    {
                                                                        "Worker Number": 0,
                                                                        "Actual Startup Time": 0.075,
                                                                        "Actual Total Time": 82.178,
                                                                        "Actual Rows": 213032,
                                                                        "Actual Loops": 1
                                                                    },
                                                                    {
                                                                        "Worker Number": 1,
                                                                        "Actual Startup Time": 0.074,
                                                                        "Actual Total Time": 82.222,
                                                                        "Actual Rows": 213141,
                                                                        "Actual Loops": 1
                                                                    },
                                                                    {
                                                                        "Worker Number": 2,
                                                                        "Actual Startup Time": 0.065,
                                                                        "Actual Total Time": 79.668,
                                                                        "Actual Rows": 276132,
                                                                        "Actual Loops": 1
                                                                    },
                                                                    {
                                                                        "Worker Number": 3,
                                                                        "Actual Startup Time": 0.076,
                                                                        "Actual Total Time": 79.172,
                                                                        "Actual Rows": 280348,
                                                                        "Actual Loops": 1
                                                                    },
                                                                    {
                                                                        "Worker Number": 4,
                                                                        "Actual Startup Time": 0.071,
                                                                        "Actual Total Time": 76.868,
                                                                        "Actual Rows": 237832,
                                                                        "Actual Loops": 1
                                                                    },
                                                                    {
                                                                        "Worker Number": 5,
                                                                        "Actual Startup Time": 0.078,
                                                                        "Actual Total Time": 76.861,
                                                                        "Actual Rows": 236958,
                                                                        "Actual Loops": 1
                                                                    }
                                                                ]
                                                            }
                                                        ]
                                                    }
                                                ]
                                            }
                                        ]
                                    }
                                ]
                            }
                        ]
                    }
                ]
            }
        ]
    },
    "Planning Time": 1.68,
    "Triggers": [],
    "Execution Time": 1469.104
}