[
  {
    "Plan": {
      "Node Type": "Aggregate",
      "Strategy": "Plain",
      "Partial Mode": "Finalize",
      "Parallel Aware": false,
      "Startup Cost": 30880.79,
      "Total Cost": 30880.8,
      "Plan Rows": 1,
      "Plan Width": 8,
      "Actual Startup Time": 85.942,
      "Actual Total Time": 92.937,
      "Actual Rows": 1,
      "Actual Loops": 1,
      "Plans": [
        {
          "Node Type": "Gather",
          "Parent Relationship": "Outer",
          "Parallel Aware": false,
          "Startup Cost": 30880.47,
          "Total Cost": 30880.78,
          "Plan Rows": 3,
          "Plan Width": 8,
          "Actual Startup Time": 85.677,
          "Actual Total Time": 92.929,
          "Actual Rows": 4,
          "Actual Loops": 1,
          "Workers Planned": 3,
          "Workers Launched": 3,
          "Single Copy": false,
          "Plans": [
            {
              "Node Type": "Aggregate",
              "Strategy": "Plain",
              "Partial Mode": "Partial",
              "Parent Relationship": "Outer",
              "Parallel Aware": false,
              "Startup Cost": 29880.47,
              "Total Cost": 29880.48,
              "Plan Rows": 1,
              "Plan Width": 8,
              "Actual Startup Time": 80.431,
              "Actual Total Time": 80.432,
              "Actual Rows": 1,
              "Actual Loops": 4,
              "Plans": [
                {
                  "Node Type": "Bitmap Heap Scan",
                  "Parent Relationship": "Outer",
                  "Parallel Aware": true,
                  "Relation Name": "movie_keyword",
                  "Alias": "mk",
                  "Startup Cost": 4418.64,
                  "Total Cost": 29712.5,
                  "Plan Rows": 67189,
                  "Plan Width": 0,
                  "Actual Startup Time": 26.238,
                  "Actual Total Time": 77.016,
                  "Actual Rows": 50830,
                  "Actual Loops": 4,
                  "Recheck Cond": "(keyword_id > 67960)",
                  "Rows Removed by Index Recheck": 0,
                  "Exact Heap Blocks": 11261,
                  "Lossy Heap Blocks": 0,
                  "Plans": [
                    {
                      "Node Type": "Bitmap Index Scan",
                      "Parent Relationship": "Outer",
                      "Parallel Aware": false,
                      "Index Name": "keyword_id_movie_keyword",
                      "Startup Cost": 0.0,
                      "Total Cost": 4366.57,
                      "Plan Rows": 208285,
                      "Plan Width": 0,
                      "Actual Startup Time": 26.375,
                      "Actual Total Time": 26.375,
                      "Actual Rows": 203318,
                      "Actual Loops": 1,
                      "Index Cond": "(keyword_id > 67960)"
                    }
                  ]
                }
              ]
            }
          ]
        }
      ]
    },
    "Planning Time": 0.117,
    "Triggers": [],
    "Execution Time": 92.987
  }
]