[
  {
    "Plan": {
      "Node Type": "Aggregate",
      "Strategy": "Plain",
      "Partial Mode": "Finalize",
      "Parallel Aware": false,
      "Startup Cost": 337500.12,
      "Total Cost": 337500.13,
      "Plan Rows": 1,
      "Plan Width": 8,
      "Actual Startup Time": 718.016,
      "Actual Total Time": 773.418,
      "Actual Rows": 1,
      "Actual Loops": 1,
      "Plans": [
        {
          "Node Type": "Gather",
          "Parent Relationship": "Outer",
          "Parallel Aware": false,
          "Startup Cost": 337499.49,
          "Total Cost": 337500.1,
          "Plan Rows": 6,
          "Plan Width": 8,
          "Actual Startup Time": 717.903,
          "Actual Total Time": 773.409,
          "Actual Rows": 7,
          "Actual Loops": 1,
          "Workers Planned": 6,
          "Workers Launched": 6,
          "Single Copy": false,
          "Plans": [
            {
              "Node Type": "Aggregate",
              "Strategy": "Plain",
              "Partial Mode": "Partial",
              "Parent Relationship": "Outer",
              "Parallel Aware": false,
              "Startup Cost": 336499.49,
              "Total Cost": 336499.5,
              "Plan Rows": 1,
              "Plan Width": 8,
              "Actual Startup Time": 708.239,
              "Actual Total Time": 708.24,
              "Actual Rows": 1,
              "Actual Loops": 7,
              "Plans": [
                {
                  "Node Type": "Seq Scan",
                  "Parent Relationship": "Outer",
                  "Parallel Aware": true,
                  "Relation Name": "cast_info",
                  "Alias": "ci",
                  "Startup Cost": 0.0,
                  "Total Cost": 328162.03,
                  "Plan Rows": 3334986,
                  "Plan Width": 0,
                  "Actual Startup Time": 175.666,
                  "Actual Total Time": 588.598,
                  "Actual Rows": 2861919,
                  "Actual Loops": 7,
                  "Filter": "(person_id > 1605456)",
                  "Rows Removed by Filter": 2315845
                }
              ]
            }
          ]
        }
      ]
    },
    "Planning Time": 0.624,
    "Triggers": [],
    "Execution Time": 773.496
  }
]