[
  {
    "Plan": {
      "Node Type": "Aggregate",
      "Strategy": "Plain",
      "Partial Mode": "Simple",
      "Parallel Aware": false,
      "Startup Cost": 39340.71,
      "Total Cost": 39340.72,
      "Plan Rows": 1,
      "Plan Width": 8,
      "Actual Startup Time": 47.379,
      "Actual Total Time": 47.38,
      "Actual Rows": 1,
      "Actual Loops": 1,
      "Plans": [
        {
          "Node Type": "Bitmap Heap Scan",
          "Parent Relationship": "Outer",
          "Parallel Aware": false,
          "Relation Name": "title",
          "Alias": "t",
          "Startup Cost": 1741.58,
          "Total Cost": 39192.16,
          "Plan Rows": 59420,
          "Plan Width": 0,
          "Actual Startup Time": 10.214,
          "Actual Total Time": 43.775,
          "Actual Rows": 77497,
          "Actual Loops": 1,
          "Recheck Cond": "(kind_id = 3)",
          "Rows Removed by Index Recheck": 0,
          "Filter": "(production_year < 2007)",
          "Rows Removed by Filter": 23040,
          "Exact Heap Blocks": 12707,
          "Lossy Heap Blocks": 0,
          "Plans": [
            {
              "Node Type": "Bitmap Index Scan",
              "Parent Relationship": "Outer",
              "Parallel Aware": false,
              "Index Name": "kind_id_title",
              "Startup Cost": 0.0,
              "Total Cost": 1726.72,
              "Plan Rows": 96839,
              "Plan Width": 0,
              "Actual Startup Time": 7.757,
              "Actual Total Time": 7.758,
              "Actual Rows": 100537,
              "Actual Loops": 1,
              "Index Cond": "(kind_id = 3)"
            }
          ]
        }
      ]
    },
    "Planning Time": 0.1,
    "Triggers": [],
    "Execution Time": 47.415
  }
]