[
  {
    "Plan": {
      "Node Type": "Aggregate",
      "Strategy": "Plain",
      "Partial Mode": "Finalize",
      "Parallel Aware": false,
      "Startup Cost": 292432.75,
      "Total Cost": 292432.76,
      "Plan Rows": 1,
      "Plan Width": 8,
      "Actual Startup Time": 1693.189,
      "Actual Total Time": 1739.551,
      "Actual Rows": 1,
      "Actual Loops": 1,
      "Plans": [
        {
          "Node Type": "Gather",
          "Parent Relationship": "Outer",
          "Parallel Aware": false,
          "Startup Cost": 292432.23,
          "Total Cost": 292432.74,
          "Plan Rows": 5,
          "Plan Width": 8,
          "Actual Startup Time": 1679.504,
          "Actual Total Time": 1739.539,
          "Actual Rows": 6,
          "Actual Loops": 1,
          "Workers Planned": 5,
          "Workers Launched": 5,
          "Single Copy": false,
          "Plans": [
            {
              "Node Type": "Aggregate",
              "Strategy": "Plain",
              "Partial Mode": "Partial",
              "Parent Relationship": "Outer",
              "Parallel Aware": false,
              "Startup Cost": 291432.23,
              "Total Cost": 291432.24,
              "Plan Rows": 1,
              "Plan Width": 8,
              "Actual Startup Time": 1668.711,
              "Actual Total Time": 1669.042,
              "Actual Rows": 1,
              "Actual Loops": 6,
              "Plans": [
                {
                  "Node Type": "Hash Join",
                  "Parent Relationship": "Outer",
                  "Parallel Aware": true,
                  "Join Type": "Inner",
                  "Startup Cost": 83750.07,
                  "Total Cost": 288915.19,
                  "Plan Rows": 1006816,
                  "Plan Width": 0,
                  "Actual Startup Time": 464.45,
                  "Actual Total Time": 1549.446,
                  "Actual Rows": 2680606,
                  "Actual Loops": 6,
                  "Inner Unique": false,
                  "Hash Cond": "(mi.movie_id = t.id)",
                  "Plans": [
                    {
                      "Node Type": "Seq Scan",
                      "Parent Relationship": "Outer",
                      "Parallel Aware": true,
                      "Relation Name": "movie_info",
                      "Alias": "mi",
                      "Startup Cost": 0.0,
                      "Total Cost": 191560.33,
                      "Plan Rows": 2956733,
                      "Plan Width": 4,
                      "Actual Startup Time": 0.019,
                      "Actual Total Time": 313.176,
                      "Actual Rows": 2472620,
                      "Actual Loops": 6
                    },
                    {
                      "Node Type": "Hash",
                      "Parent Relationship": "Inner",
                      "Parallel Aware": true,
                      "Startup Cost": 81059.68,
                      "Total Cost": 81059.68,
                      "Plan Rows": 215231,
                      "Plan Width": 8,
                      "Actual Startup Time": 458.856,
                      "Actual Total Time": 459.185,
                      "Actual Rows": 178325,
                      "Actual Loops": 6,
                      "Hash Buckets": 2097152,
                      "Original Hash Buckets": 1048576,
                      "Hash Batches": 1,
                      "Original Hash Batches": 1,
                      "Peak Memory Usage": 66528,
                      "Plans": [
                        {
                          "Node Type": "Hash Join",
                          "Parent Relationship": "Outer",
                          "Parallel Aware": true,
                          "Join Type": "Inner",
                          "Startup Cost": 34886.29,
                          "Total Cost": 81059.68,
                          "Plan Rows": 215231,
                          "Plan Width": 8,
                          "Actual Startup Time": 161.383,
                          "Actual Total Time": 368.572,
                          "Actual Rows": 178325,
                          "Actual Loops": 6,
                          "Inner Unique": false,
                          "Hash Cond": "(t.id = mc.movie_id)",
                          "Plans": [
                            {
                              "Node Type": "Seq Scan",
                              "Parent Relationship": "Outer",
                              "Parallel Aware": true,
                              "Relation Name": "title",
                              "Alias": "t",
                              "Startup Cost": 0.0,
                              "Total Cost": 42318.73,
                              "Plan Rows": 632073,
                              "Plan Width": 4,
                              "Actual Startup Time": 0.013,
                              "Actual Total Time": 61.257,
                              "Actual Rows": 421385,
                              "Actual Loops": 6
                            },
                            {
                              "Node Type": "Hash",
                              "Parent Relationship": "Inner",
                              "Parallel Aware": true,
                              "Startup Cost": 31414.82,
                              "Total Cost": 31414.82,
                              "Plan Rows": 277718,
                              "Plan Width": 4,
                              "Actual Startup Time": 159.489,
                              "Actual Total Time": 159.49,
                              "Actual Rows": 178325,
                              "Actual Loops": 6,
                              "Hash Buckets": 2097152,
                              "Original Hash Buckets": 1048576,
                              "Hash Batches": 1,
                              "Original Hash Batches": 1,
                              "Peak Memory Usage": 66496,
                              "Plans": [
                                {
                                  "Node Type": "Seq Scan",
                                  "Parent Relationship": "Outer",
                                  "Parallel Aware": true,
                                  "Relation Name": "movie_companies",
                                  "Alias": "mc",
                                  "Startup Cost": 0.0,
                                  "Total Cost": 31414.82,
                                  "Plan Rows": 277718,
                                  "Plan Width": 4,
                                  "Actual Startup Time": 42.167,
                                  "Actual Total Time": 72.476,
                                  "Actual Rows": 178325,
                                  "Actual Loops": 6,
                                  "Filter": "((company_id > 3051) AND (company_type_id > 1))",
                                  "Rows Removed by Filter": 256530
                                }
                              ]
                            }
                          ]
                        }
                      ]
                    }
                  ]
                }
              ]
            }
          ]
        }
      ]
    },
    "Planning Time": 1.444,
    "Triggers": [],
    "Execution Time": 1739.645
  }
]