[
  {
    "Plan": {
      "Node Type": "Aggregate",
      "Strategy": "Plain",
      "Partial Mode": "Finalize",
      "Parallel Aware": false,
      "Startup Cost": 44693.76,
      "Total Cost": 44693.77,
      "Plan Rows": 1,
      "Plan Width": 8,
      "Actual Startup Time": 125.304,
      "Actual Total Time": 134.451,
      "Actual Rows": 1,
      "Actual Loops": 1,
      "Plans": [
        {
          "Node Type": "Gather",
          "Parent Relationship": "Outer",
          "Parallel Aware": false,
          "Startup Cost": 44693.45,
          "Total Cost": 44693.76,
          "Plan Rows": 3,
          "Plan Width": 8,
          "Actual Startup Time": 125.201,
          "Actual Total Time": 134.444,
          "Actual Rows": 4,
          "Actual Loops": 1,
          "Workers Planned": 3,
          "Workers Launched": 3,
          "Single Copy": false,
          "Plans": [
            {
              "Node Type": "Aggregate",
              "Strategy": "Plain",
              "Partial Mode": "Partial",
              "Parent Relationship": "Outer",
              "Parallel Aware": false,
              "Startup Cost": 43693.45,
              "Total Cost": 43693.46,
              "Plan Rows": 1,
              "Plan Width": 8,
              "Actual Startup Time": 118.619,
              "Actual Total Time": 118.62,
              "Actual Rows": 1,
              "Actual Loops": 4,
              "Plans": [
                {
                  "Node Type": "Seq Scan",
                  "Parent Relationship": "Outer",
                  "Parallel Aware": true,
                  "Relation Name": "movie_keyword",
                  "Alias": "mk",
                  "Startup Cost": 0.0,
                  "Total Cost": 42695.65,
                  "Plan Rows": 399117,
                  "Plan Width": 0,
                  "Actual Startup Time": 2.526,
                  "Actual Total Time": 103.882,
                  "Actual Rows": 311406,
                  "Actual Loops": 4,
                  "Filter": "(keyword_id > 14511)",
                  "Rows Removed by Filter": 819576
                }
              ]
            }
          ]
        }
      ]
    },
    "Planning Time": 0.178,
    "Triggers": [],
    "Execution Time": 134.505
  }
]