{
    "Plan": {
        "Node Type": "Aggregate",
        "Strategy": "Plain",
        "Partial Mode": "Simple",
        "Parallel Aware": false,
        "Startup Cost": 70006657811.49,
        "Total Cost": 70006657811.5,
        "Plan Rows": 1,
        "Plan Width": 96,
        "Actual Startup Time": 22339.183,
        "Actual Total Time": 22339.209,
        "Actual Rows": 1,
        "Actual Loops": 1,
        "Output": [
            "min(chn.name)",
            "min(n.name)",
            "min(t.title)"
        ],
        "Plans": [
            {
                "Node Type": "Nested Loop",
                "Parent Relationship": "Outer",
                "Parallel Aware": false,
                "Join Type": "Inner",
                "Startup Cost": 70006657781.42,
                "Total Cost": 70006657811.49,
                "Plan Rows": 1,
                "Plan Width": 48,
                "Actual Startup Time": 22338.452,
                "Actual Total Time": 22339.183,
                "Actual Rows": 10,
                "Actual Loops": 1,
                "Output": [
                    "chn.name",
                    "n.name",
                    "t.title"
                ],
                "Inner Unique": true,
                "Join Filter": "(ci.person_id = n.id)",
                "Rows Removed by Join Filter": 0,
                "Plans": [
                    {
                        "Node Type": "Nested Loop",
                        "Parent Relationship": "Outer",
                        "Parallel Aware": false,
                        "Join Type": "Inner",
                        "Startup Cost": 60006657780.91,
                        "Total Cost": 60006657806.95,
                        "Plan Rows": 1,
                        "Plan Width": 41,
                        "Actual Startup Time": 22338.139,
                        "Actual Total Time": 22338.915,
                        "Actual Rows": 24,
                        "Actual Loops": 1,
                        "Output": [
                            "an.person_id",
                            "ci.person_id",
                            "chn.name",
                            "t.title"
                        ],
                        "Inner Unique": true,
                        "Plans": [
                            {
                                "Node Type": "Nested Loop",
                                "Parent Relationship": "Outer",
                                "Parallel Aware": false,
                                "Join Type": "Inner",
                                "Startup Cost": 50006657780.48,
                                "Total Cost": 50006657798.49,
                                "Plan Rows": 1,
                                "Plan Width": 45,
                                "Actual Startup Time": 22338.089,
                                "Actual Total Time": 22338.648,
                                "Actual Rows": 35,
                                "Actual Loops": 1,
                                "Output": [
                                    "an.person_id",
                                    "ci.person_id",
                                    "chn.name",
                                    "mc.company_id",
                                    "t.title"
                                ],
                                "Inner Unique": true,
                                "Plans": [
                                    {
                                        "Node Type": "Hash Join",
                                        "Parent Relationship": "Outer",
                                        "Parallel Aware": false,
                                        "Join Type": "Inner",
                                        "Startup Cost": 40006657779.99,
                                        "Total Cost": 40006657793.98,
                                        "Plan Rows": 1,
                                        "Plan Width": 33,
                                        "Actual Startup Time": 22337.982,
                                        "Actual Total Time": 22338.041,
                                        "Actual Rows": 35,
                                        "Actual Loops": 1,
                                        "Output": [
                                            "an.person_id",
                                            "ci.person_id",
                                            "ci.person_role_id",
                                            "mc.company_id",
                                            "t.title"
                                        ],
                                        "Inner Unique": false,
                                        "Hash Cond": "(it.id = mi.info_type_id)",
                                        "Plans": [
                                            {
                                                "Node Type": "Index Scan",
                                                "Parent Relationship": "Outer",
                                                "Parallel Aware": false,
                                                "Scan Direction": "Forward",
                                                "Index Name": "info_type_pkey",
                                                "Relation Name": "info_type",
                                                "Schema": "public",
                                                "Alias": "it",
                                                "Startup Cost": 0.14,
                                                "Total Cost": 14.12,
                                                "Plan Rows": 1,
                                                "Plan Width": 4,
                                                "Actual Startup Time": 0.019,
                                                "Actual Total Time": 0.042,
                                                "Actual Rows": 1,
                                                "Actual Loops": 1,
                                                "Output": [
                                                    "it.id",
                                                    "it.info"
                                                ],
                                                "Filter": "((it.info)::text = 'release dates'::text)",
                                                "Rows Removed by Filter": 112
                                            },
                                            {
                                                "Node Type": "Hash",
                                                "Parent Relationship": "Inner",
                                                "Parallel Aware": false,
                                                "Startup Cost": 40006657779.84,
                                                "Total Cost": 40006657779.84,
                                                "Plan Rows": 1,
                                                "Plan Width": 37,
                                                "Actual Startup Time": 22337.955,
                                                "Actual Total Time": 22337.977,
                                                "Actual Rows": 35,
                                                "Actual Loops": 1,
                                                "Output": [
                                                    "an.person_id",
                                                    "ci.person_id",
                                                    "ci.person_role_id",
                                                    "mc.company_id",
                                                    "mi.info_type_id",
                                                    "t.title"
                                                ],
                                                "Hash Buckets": 1024,
                                                "Original Hash Buckets": 1024,
                                                "Hash Batches": 1,
                                                "Original Hash Batches": 1,
                                                "Peak Memory Usage": 11,
                                                "Plans": [
                                                    {
                                                        "Node Type": "Hash Join",
                                                        "Parent Relationship": "Outer",
                                                        "Parallel Aware": false,
                                                        "Join Type": "Inner",
                                                        "Startup Cost": 40006633983.58,
                                                        "Total Cost": 40006657779.84,
                                                        "Plan Rows": 1,
                                                        "Plan Width": 37,
                                                        "Actual Startup Time": 22162.937,
                                                        "Actual Total Time": 22337.949,
                                                        "Actual Rows": 35,
                                                        "Actual Loops": 1,
                                                        "Output": [
                                                            "an.person_id",
                                                            "ci.person_id",
                                                            "ci.person_role_id",
                                                            "mc.company_id",
                                                            "mi.info_type_id",
                                                            "t.title"
                                                        ],
                                                        "Inner Unique": false,
                                                        "Hash Cond": "(t.id = mi.movie_id)",
                                                        "Plans": [
                                                            {
                                                                "Node Type": "Hash Join",
                                                                "Parent Relationship": "Outer",
                                                                "Parallel Aware": false,
                                                                "Join Type": "Inner",
                                                                "Startup Cost": 30006246832.23,
                                                                "Total Cost": 30006270621.71,
                                                                "Plan Rows": 1,
                                                                "Plan Width": 49,
                                                                "Actual Startup Time": 18599.505,
                                                                "Actual Total Time": 18774.498,
                                                                "Actual Rows": 35,
                                                                "Actual Loops": 1,
                                                                "Output": [
                                                                    "an.person_id",
                                                                    "ci.movie_id",
                                                                    "ci.person_id",
                                                                    "ci.person_role_id",
                                                                    "mc.movie_id",
                                                                    "mc.company_id",
                                                                    "mk.movie_id",
                                                                    "t.title",
                                                                    "t.id"
                                                                ],
                                                                "Inner Unique": false,
                                                                "Hash Cond": "(an.person_id = ci.person_id)",
                                                                "Plans": [
                                                                    {
                                                                        "Node Type": "Seq Scan",
                                                                        "Parent Relationship": "Outer",
                                                                        "Parallel Aware": false,
                                                                        "Relation Name": "aka_name",
                                                                        "Schema": "public",
                                                                        "Alias": "an",
                                                                        "Startup Cost": 0.0,
                                                                        "Total Cost": 20409.43,
                                                                        "Plan Rows": 901343,
                                                                        "Plan Width": 4,
                                                                        "Actual Startup Time": 0.031,
                                                                        "Actual Total Time": 178.128,
                                                                        "Actual Rows": 901343,
                                                                        "Actual Loops": 1,
                                                                        "Output": [
                                                                            "an.id",
                                                                            "an.person_id",
                                                                            "an.name",
                                                                            "an.imdb_index",
                                                                            "an.name_pcode_cf",
                                                                            "an.name_pcode_nf",
                                                                            "an.surname_pcode",
                                                                            "an.md5sum"
                                                                        ]
                                                                    },
                                                                    {
                                                                        "Node Type": "Hash",
                                                                        "Parent Relationship": "Inner",
                                                                        "Parallel Aware": false,
                                                                        "Startup Cost": 30006246832.21,
                                                                        "Total Cost": 30006246832.21,
                                                                        "Plan Rows": 1,
                                                                        "Plan Width": 45,
                                                                        "Actual Startup Time": 18541.369,
                                                                        "Actual Total Time": 18541.389,
                                                                        "Actual Rows": 18,
                                                                        "Actual Loops": 1,
                                                                        "Output": [
                                                                            "ci.movie_id",
                                                                            "ci.person_id",
                                                                            "ci.person_role_id",
                                                                            "mc.movie_id",
                                                                            "mc.company_id",
                                                                            "mk.movie_id",
                                                                            "t.title",
                                                                            "t.id"
                                                                        ],
                                                                        "Hash Buckets": 1024,
                                                                        "Original Hash Buckets": 1024,
                                                                        "Hash Batches": 1,
                                                                        "Original Hash Batches": 1,
                                                                        "Peak Memory Usage": 10,
                                                                        "Plans": [
                                                                            {
                                                                                "Node Type": "Nested Loop",
                                                                                "Parent Relationship": "Outer",
                                                                                "Parallel Aware": false,
                                                                                "Join Type": "Inner",
                                                                                "Startup Cost": 30006123691.44,
                                                                                "Total Cost": 30006246832.21,
                                                                                "Plan Rows": 1,
                                                                                "Plan Width": 45,
                                                                                "Actual Startup Time": 18339.432,
                                                                                "Actual Total Time": 18541.367,
                                                                                "Actual Rows": 18,
                                                                                "Actual Loops": 1,
                                                                                "Output": [
                                                                                    "ci.movie_id",
                                                                                    "ci.person_id",
                                                                                    "ci.person_role_id",
                                                                                    "mc.movie_id",
                                                                                    "mc.company_id",
                                                                                    "mk.movie_id",
                                                                                    "t.title",
                                                                                    "t.id"
                                                                                ],
                                                                                "Inner Unique": true,
                                                                                "Plans": [
                                                                                    {
                                                                                        "Node Type": "Hash Join",
                                                                                        "Parent Relationship": "Outer",
                                                                                        "Parallel Aware": false,
                                                                                        "Join Type": "Inner",
                                                                                        "Startup Cost": 20006123691.01,
                                                                                        "Total Cost": 20006246675.01,
                                                                                        "Plan Rows": 35,
                                                                                        "Plan Width": 49,
                                                                                        "Actual Startup Time": 18296.943,
                                                                                        "Actual Total Time": 18498.549,
                                                                                        "Actual Rows": 9415,
                                                                                        "Actual Loops": 1,
                                                                                        "Output": [
                                                                                            "ci.movie_id",
                                                                                            "ci.person_id",
                                                                                            "ci.person_role_id",
                                                                                            "mc.movie_id",
                                                                                            "mc.company_id",
                                                                                            "mk.movie_id",
                                                                                            "mk.keyword_id",
                                                                                            "t.title",
                                                                                            "t.id"
                                                                                        ],
                                                                                        "Inner Unique": false,
                                                                                        "Hash Cond": "(t.id = mc.movie_id)",
                                                                                        "Plans": [
                                                                                            {
                                                                                                "Node Type": "Index Scan",
                                                                                                "Parent Relationship": "Outer",
                                                                                                "Parallel Aware": false,
                                                                                                "Scan Direction": "Forward",
                                                                                                "Index Name": "title_pkey",
                                                                                                "Relation Name": "title",
                                                                                                "Schema": "public",
                                                                                                "Alias": "t",
                                                                                                "Startup Cost": 0.43,
                                                                                                "Total Cost": 122983.71,
                                                                                                "Plan Rows": 49,
                                                                                                "Plan Width": 21,
                                                                                                "Actual Startup Time": 275.177,
                                                                                                "Actual Total Time": 1074.811,
                                                                                                "Actual Rows": 9,
                                                                                                "Actual Loops": 1,
                                                                                                "Output": [
                                                                                                    "t.id",
                                                                                                    "t.title",
                                                                                                    "t.imdb_index",
                                                                                                    "t.kind_id",
                                                                                                    "t.production_year",
                                                                                                    "t.imdb_id",
                                                                                                    "t.phonetic_code",
                                                                                                    "t.episode_of_id",
                                                                                                    "t.season_nr",
                                                                                                    "t.episode_nr",
                                                                                                    "t.series_years",
                                                                                                    "t.md5sum"
                                                                                                ],
                                                                                                "Filter": "((t.title ~~ 'Kung Fu Panda%'::text) AND (t.production_year > 2009))",
                                                                                                "Rows Removed by Filter": 2528303
                                                                                            },
                                                                                            {
                                                                                                "Node Type": "Hash",
                                                                                                "Parent Relationship": "Inner",
                                                                                                "Parallel Aware": false,
                                                                                                "Startup Cost": 20006101050.96,
                                                                                                "Total Cost": 20006101050.96,
                                                                                                "Plan Rows": 1811170,
                                                                                                "Plan Width": 28,
                                                                                                "Actual Startup Time": 17418.919,
                                                                                                "Actual Total Time": 17418.934,
                                                                                                "Actual Rows": 11596658,
                                                                                                "Actual Loops": 1,
                                                                                                "Output": [
                                                                                                    "ci.movie_id",
                                                                                                    "ci.person_id",
                                                                                                    "ci.person_role_id",
                                                                                                    "mc.movie_id",
                                                                                                    "mc.company_id",
                                                                                                    "mk.movie_id",
                                                                                                    "mk.keyword_id"
                                                                                                ],
                                                                                                "Hash Buckets": 16777216,
                                                                                                "Original Hash Buckets": 2097152,
                                                                                                "Hash Batches": 1,
                                                                                                "Original Hash Batches": 1,
                                                                                                "Peak Memory Usage": 805466,
                                                                                                "Plans": [
                                                                                                    {
                                                                                                        "Node Type": "Merge Join",
                                                                                                        "Parent Relationship": "Outer",
                                                                                                        "Parallel Aware": false,
                                                                                                        "Join Type": "Inner",
                                                                                                        "Startup Cost": 20006074071.65,
                                                                                                        "Total Cost": 20006101050.96,
                                                                                                        "Plan Rows": 1811170,
                                                                                                        "Plan Width": 28,
                                                                                                        "Actual Startup Time": 13354.392,
                                                                                                        "Actual Total Time": 15460.539,
                                                                                                        "Actual Rows": 11596658,
                                                                                                        "Actual Loops": 1,
                                                                                                        "Output": [
                                                                                                            "ci.movie_id",
                                                                                                            "ci.person_id",
                                                                                                            "ci.person_role_id",
                                                                                                            "mc.movie_id",
                                                                                                            "mc.company_id",
                                                                                                            "mk.movie_id",
                                                                                                            "mk.keyword_id"
                                                                                                        ],
                                                                                                        "Inner Unique": false,
                                                                                                        "Merge Cond": "(mc.movie_id = ci.movie_id)",
                                                                                                        "Plans": [
                                                                                                            {
                                                                                                                "Node Type": "Sort",
                                                                                                                "Parent Relationship": "Outer",
                                                                                                                "Parallel Aware": false,
                                                                                                                "Startup Cost": 10000322951.0,
                                                                                                                "Total Cost": 10000329473.82,
                                                                                                                "Plan Rows": 2609129,
                                                                                                                "Plan Width": 8,
                                                                                                                "Actual Startup Time": 773.322,
                                                                                                                "Actual Total Time": 880.064,
                                                                                                                "Actual Rows": 2608718,
                                                                                                                "Actual Loops": 1,
                                                                                                                "Output": [
                                                                                                                    "mc.movie_id",
                                                                                                                    "mc.company_id"
                                                                                                                ],
                                                                                                                "Sort Key": [
                                                                                                                    "mc.movie_id"
                                                                                                                ],
                                                                                                                "Sort Method": "quicksort",
                                                                                                                "Sort Space Used": 220607,
                                                                                                                "Sort Space Type": "Memory",
                                                                                                                "Plans": [
                                                                                                                    {
                                                                                                                        "Node Type": "Seq Scan",
                                                                                                                        "Parent Relationship": "Outer",
                                                                                                                        "Parallel Aware": false,
                                                                                                                        "Relation Name": "movie_companies",
                                                                                                                        "Schema": "public",
                                                                                                                        "Alias": "mc",
                                                                                                                        "Startup Cost": 10000000000.0,
                                                                                                                        "Total Cost": 10000044881.29,
                                                                                                                        "Plan Rows": 2609129,
                                                                                                                        "Plan Width": 8,
                                                                                                                        "Actual Startup Time": 0.031,
                                                                                                                        "Actual Total Time": 308.634,
                                                                                                                        "Actual Rows": 2609129,
                                                                                                                        "Actual Loops": 1,
                                                                                                                        "Output": [
                                                                                                                            "mc.movie_id",
                                                                                                                            "mc.company_id"
                                                                                                                        ]
                                                                                                                    }
                                                                                                                ]
                                                                                                            },
                                                                                                            {
                                                                                                                "Node Type": "Sort",
                                                                                                                "Parent Relationship": "Inner",
                                                                                                                "Parallel Aware": false,
                                                                                                                "Startup Cost": 10005751119.35,
                                                                                                                "Total Cost": 10005751959.36,
                                                                                                                "Plan Rows": 336004,
                                                                                                                "Plan Width": 20,
                                                                                                                "Actual Startup Time": 12580.967,
                                                                                                                "Actual Total Time": 13106.035,
                                                                                                                "Actual Rows": 11720647,
                                                                                                                "Actual Loops": 1,
                                                                                                                "Output": [
                                                                                                                    "ci.movie_id",
                                                                                                                    "ci.person_id",
                                                                                                                    "ci.person_role_id",
                                                                                                                    "mk.movie_id",
                                                                                                                    "mk.keyword_id"
                                                                                                                ],
                                                                                                                "Sort Key": [
                                                                                                                    "ci.movie_id"
                                                                                                                ],
                                                                                                                "Sort Method": "quicksort",
                                                                                                                "Sort Space Used": 144017,
                                                                                                                "Sort Space Type": "Memory",
                                                                                                                "Plans": [
                                                                                                                    {
                                                                                                                        "Node Type": "Hash Join",
                                                                                                                        "Parent Relationship": "Outer",
                                                                                                                        "Parallel Aware": false,
                                                                                                                        "Join Type": "Inner",
                                                                                                                        "Startup Cost": 10000233727.29,
                                                                                                                        "Total Cost": 10005720277.34,
                                                                                                                        "Plan Rows": 336004,
                                                                                                                        "Plan Width": 20,
                                                                                                                        "Actual Startup Time": 1557.557,
                                                                                                                        "Actual Total Time": 12325.784,
                                                                                                                        "Actual Rows": 1257179,
                                                                                                                        "Actual Loops": 1,
                                                                                                                        "Output": [
                                                                                                                            "ci.movie_id",
                                                                                                                            "ci.person_id",
                                                                                                                            "ci.person_role_id",
                                                                                                                            "mk.movie_id",
                                                                                                                            "mk.keyword_id"
                                                                                                                        ],
                                                                                                                        "Inner Unique": false,
                                                                                                                        "Hash Cond": "(ci.movie_id = mk.movie_id)",
                                                                                                                        "Plans": [
                                                                                                                            {
                                                                                                                                "Node Type": "Nested Loop",
                                                                                                                                "Parent Relationship": "Outer",
                                                                                                                                "Parallel Aware": false,
                                                                                                                                "Join Type": "Inner",
                                                                                                                                "Startup Cost": 10000000000.71,
                                                                                                                                "Total Cost": 10005377356.32,
                                                                                                                                "Plan Rows": 70089,
                                                                                                                                "Plan Width": 12,
                                                                                                                                "Actual Startup Time": 9.525,
                                                                                                                                "Actual Total Time": 10815.098,
                                                                                                                                "Actual Rows": 276166,
                                                                                                                                "Actual Loops": 1,
                                                                                                                                "Output": [
                                                                                                                                    "ci.movie_id",
                                                                                                                                    "ci.person_id",
                                                                                                                                    "ci.person_role_id"
                                                                                                                                ],
                                                                                                                                "Inner Unique": true,
                                                                                                                                "Plans": [
                                                                                                                                    {
                                                                                                                                        "Node Type": "Index Scan",
                                                                                                                                        "Parent Relationship": "Outer",
                                                                                                                                        "Parallel Aware": false,
                                                                                                                                        "Scan Direction": "Forward",
                                                                                                                                        "Index Name": "person_id_cast_info",
                                                                                                                                        "Relation Name": "cast_info",
                                                                                                                                        "Schema": "public",
                                                                                                                                        "Alias": "ci",
                                                                                                                                        "Startup Cost": 0.56,
                                                                                                                                        "Total Cost": 1879713.58,
                                                                                                                                        "Plan Rows": 841064,
                                                                                                                                        "Plan Width": 16,
                                                                                                                                        "Actual Startup Time": 0.026,
                                                                                                                                        "Actual Total Time": 7545.518,
                                                                                                                                        "Actual Rows": 867477,
                                                                                                                                        "Actual Loops": 1,
                                                                                                                                        "Output": [
                                                                                                                                            "ci.id",
                                                                                                                                            "ci.person_id",
                                                                                                                                            "ci.movie_id",
                                                                                                                                            "ci.person_role_id",
                                                                                                                                            "ci.note",
                                                                                                                                            "ci.nr_order",
                                                                                                                                            "ci.role_id"
                                                                                                                                        ],
                                                                                                                                        "Filter": "(ci.note = ANY ('{(voice),\"(voice: Japanese version)\",\"(voice) (uncredited)\",\"(voice: English version)\"}'::text[]))",
                                                                                                                                        "Rows Removed by Filter": 35376867
                                                                                                                                    },
                                                                                                                                    {
                                                                                                                                        "Node Type": "Bitmap Heap Scan",
                                                                                                                                        "Parent Relationship": "Inner",
                                                                                                                                        "Parallel Aware": false,
                                                                                                                                        "Relation Name": "role_type",
                                                                                                                                        "Schema": "public",
                                                                                                                                        "Alias": "rt",
                                                                                                                                        "Startup Cost": 0.14,
                                                                                                                                        "Total Cost": 4.16,
                                                                                                                                        "Plan Rows": 1,
                                                                                                                                        "Plan Width": 4,
                                                                                                                                        "Actual Startup Time": 0.002,
                                                                                                                                        "Actual Total Time": 0.002,
                                                                                                                                        "Actual Rows": 0,
                                                                                                                                        "Actual Loops": 867477,
                                                                                                                                        "Output": [
                                                                                                                                            "rt.id",
                                                                                                                                            "rt.role"
                                                                                                                                        ],
                                                                                                                                        "Recheck Cond": "(rt.id = ci.role_id)",
                                                                                                                                        "Rows Removed by Index Recheck": 0,
                                                                                                                                        "Filter": "((rt.role)::text = 'actress'::text)",
                                                                                                                                        "Rows Removed by Filter": 1,
                                                                                                                                        "Exact Heap Blocks": 867477,
                                                                                                                                        "Lossy Heap Blocks": 0,
                                                                                                                                        "Plans": [
                                                                                                                                            {
                                                                                                                                                "Node Type": "Bitmap Index Scan",
                                                                                                                                                "Parent Relationship": "Outer",
                                                                                                                                                "Parallel Aware": false,
                                                                                                                                                "Index Name": "role_type_pkey",
                                                                                                                                                "Startup Cost": 0.0,
                                                                                                                                                "Total Cost": 0.14,
                                                                                                                                                "Plan Rows": 1,
                                                                                                                                                "Plan Width": 0,
                                                                                                                                                "Actual Startup Time": 0.001,
                                                                                                                                                "Actual Total Time": 0.001,
                                                                                                                                                "Actual Rows": 1,
                                                                                                                                                "Actual Loops": 867477,
                                                                                                                                                "Index Cond": "(rt.id = ci.role_id)"
                                                                                                                                            }
                                                                                                                                        ]
                                                                                                                                    }
                                                                                                                                ]
                                                                                                                            },
                                                                                                                            {
                                                                                                                                "Node Type": "Hash",
                                                                                                                                "Parent Relationship": "Inner",
                                                                                                                                "Parallel Aware": false,
                                                                                                                                "Startup Cost": 177177.46,
                                                                                                                                "Total Cost": 177177.46,
                                                                                                                                "Plan Rows": 4523930,
                                                                                                                                "Plan Width": 8,
                                                                                                                                "Actual Startup Time": 1236.028,
                                                                                                                                "Actual Total Time": 1236.029,
                                                                                                                                "Actual Rows": 4523930,
                                                                                                                                "Actual Loops": 1,
                                                                                                                                "Output": [
                                                                                                                                    "mk.movie_id",
                                                                                                                                    "mk.keyword_id"
                                                                                                                                ],
                                                                                                                                "Hash Buckets": 8388608,
                                                                                                                                "Original Hash Buckets": 8388608,
                                                                                                                                "Hash Batches": 1,
                                                                                                                                "Original Hash Batches": 1,
                                                                                                                                "Peak Memory Usage": 242253,
                                                                                                                                "Plans": [
                                                                                                                                    {
                                                                                                                                        "Node Type": "Index Scan",
                                                                                                                                        "Parent Relationship": "Outer",
                                                                                                                                        "Parallel Aware": false,
                                                                                                                                        "Scan Direction": "Forward",
                                                                                                                                        "Index Name": "movie_id_movie_keyword",
                                                                                                                                        "Relation Name": "movie_keyword",
                                                                                                                                        "Schema": "public",
                                                                                                                                        "Alias": "mk",
                                                                                                                                        "Startup Cost": 0.43,
                                                                                                                                        "Total Cost": 177177.46,
                                                                                                                                        "Plan Rows": 4523930,
                                                                                                                                        "Plan Width": 8,
                                                                                                                                        "Actual Startup Time": 0.033,
                                                                                                                                        "Actual Total Time": 683.679,
                                                                                                                                        "Actual Rows": 4523930,
                                                                                                                                        "Actual Loops": 1,
                                                                                                                                        "Output": [
                                                                                                                                            "mk.movie_id",
                                                                                                                                            "mk.keyword_id"
                                                                                                                                        ]
                                                                                                                                    }
                                                                                                                                ]
                                                                                                                            }
                                                                                                                        ]
                                                                                                                    }
                                                                                                                ]
                                                                                                            }
                                                                                                        ]
                                                                                                    }
                                                                                                ]
                                                                                            }
                                                                                        ]
                                                                                    },
                                                                                    {
                                                                                        "Node Type": "Bitmap Heap Scan",
                                                                                        "Parent Relationship": "Inner",
                                                                                        "Parallel Aware": false,
                                                                                        "Relation Name": "keyword",
                                                                                        "Schema": "public",
                                                                                        "Alias": "k",
                                                                                        "Startup Cost": 0.43,
                                                                                        "Total Cost": 4.45,
                                                                                        "Plan Rows": 1,
                                                                                        "Plan Width": 4,
                                                                                        "Actual Startup Time": 0.003,
                                                                                        "Actual Total Time": 0.003,
                                                                                        "Actual Rows": 0,
                                                                                        "Actual Loops": 9415,
                                                                                        "Output": [
                                                                                            "k.id",
                                                                                            "k.keyword",
                                                                                            "k.phonetic_code"
                                                                                        ],
                                                                                        "Recheck Cond": "(k.id = mk.keyword_id)",
                                                                                        "Rows Removed by Index Recheck": 0,
                                                                                        "Filter": "(k.keyword = ANY ('{fight,superhero,marvel-comics,voice-over}'::text[]))",
                                                                                        "Rows Removed by Filter": 1,
                                                                                        "Exact Heap Blocks": 9415,
                                                                                        "Lossy Heap Blocks": 0,
                                                                                        "Plans": [
                                                                                            {
                                                                                                "Node Type": "Bitmap Index Scan",
                                                                                                "Parent Relationship": "Outer",
                                                                                                "Parallel Aware": false,
                                                                                                "Index Name": "keyword_pkey",
                                                                                                "Startup Cost": 0.0,
                                                                                                "Total Cost": 0.43,
                                                                                                "Plan Rows": 1,
                                                                                                "Plan Width": 0,
                                                                                                "Actual Startup Time": 0.002,
                                                                                                "Actual Total Time": 0.002,
                                                                                                "Actual Rows": 1,
                                                                                                "Actual Loops": 9415,
                                                                                                "Index Cond": "(k.id = mk.keyword_id)"
                                                                                            }
                                                                                        ]
                                                                                    }
                                                                                ]
                                                                            }
                                                                        ]
                                                                    }
                                                                ]
                                                            },
                                                            {
                                                                "Node Type": "Hash",
                                                                "Parent Relationship": "Inner",
                                                                "Parallel Aware": false,
                                                                "Startup Cost": 10000383319.42,
                                                                "Total Cost": 10000383319.42,
                                                                "Plan Rows": 306554,
                                                                "Plan Width": 8,
                                                                "Actual Startup Time": 3562.937,
                                                                "Actual Total Time": 3562.938,
                                                                "Actual Rows": 301247,
                                                                "Actual Loops": 1,
                                                                "Output": [
                                                                    "mi.movie_id",
                                                                    "mi.info_type_id"
                                                                ],
                                                                "Hash Buckets": 524288,
                                                                "Original Hash Buckets": 524288,
                                                                "Hash Batches": 1,
                                                                "Original Hash Batches": 1,
                                                                "Peak Memory Usage": 15864,
                                                                "Plans": [
                                                                    {
                                                                        "Node Type": "Seq Scan",
                                                                        "Parent Relationship": "Outer",
                                                                        "Parallel Aware": false,
                                                                        "Relation Name": "movie_info",
                                                                        "Schema": "public",
                                                                        "Alias": "mi",
                                                                        "Startup Cost": 10000000000.0,
                                                                        "Total Cost": 10000383319.42,
                                                                        "Plan Rows": 306554,
                                                                        "Plan Width": 8,
                                                                        "Actual Startup Time": 396.176,
                                                                        "Actual Total Time": 3479.508,
                                                                        "Actual Rows": 301247,
                                                                        "Actual Loops": 1,
                                                                        "Output": [
                                                                            "mi.movie_id",
                                                                            "mi.info_type_id"
                                                                        ],
                                                                        "Filter": "((mi.info IS NOT NULL) AND ((mi.info ~~ 'Japan:%201%'::text) OR (mi.info ~~ 'USA:%201%'::text)))",
                                                                        "Rows Removed by Filter": 14534473
                                                                    }
                                                                ]
                                                            }
                                                        ]
                                                    }
                                                ]
                                            }
                                        ]
                                    },
                                    {
                                        "Node Type": "Bitmap Heap Scan",
                                        "Parent Relationship": "Inner",
                                        "Parallel Aware": false,
                                        "Relation Name": "char_name",
                                        "Schema": "public",
                                        "Alias": "chn",
                                        "Startup Cost": 0.49,
                                        "Total Cost": 4.5,
                                        "Plan Rows": 1,
                                        "Plan Width": 20,
                                        "Actual Startup Time": 0.014,
                                        "Actual Total Time": 0.014,
                                        "Actual Rows": 1,
                                        "Actual Loops": 35,
                                        "Output": [
                                            "chn.id",
                                            "chn.name",
                                            "chn.imdb_index",
                                            "chn.imdb_id",
                                            "chn.name_pcode_nf",
                                            "chn.surname_pcode",
                                            "chn.md5sum"
                                        ],
                                        "Recheck Cond": "(chn.id = ci.person_role_id)",
                                        "Rows Removed by Index Recheck": 0,
                                        "Exact Heap Blocks": 35,
                                        "Lossy Heap Blocks": 0,
                                        "Plans": [
                                            {
                                                "Node Type": "Bitmap Index Scan",
                                                "Parent Relationship": "Outer",
                                                "Parallel Aware": false,
                                                "Index Name": "char_name_pkey",
                                                "Startup Cost": 0.0,
                                                "Total Cost": 0.49,
                                                "Plan Rows": 1,
                                                "Plan Width": 0,
                                                "Actual Startup Time": 0.01,
                                                "Actual Total Time": 0.01,
                                                "Actual Rows": 1,
                                                "Actual Loops": 35,
                                                "Index Cond": "(chn.id = ci.person_role_id)"
                                            }
                                        ]
                                    }
                                ]
                            },
                            {
                                "Node Type": "Bitmap Heap Scan",
                                "Parent Relationship": "Inner",
                                "Parallel Aware": false,
                                "Relation Name": "company_name",
                                "Schema": "public",
                                "Alias": "cn",
                                "Startup Cost": 0.43,
                                "Total Cost": 4.45,
                                "Plan Rows": 1,
                                "Plan Width": 4,
                                "Actual Startup Time": 0.005,
                                "Actual Total Time": 0.005,
                                "Actual Rows": 1,
                                "Actual Loops": 35,
                                "Output": [
                                    "cn.id",
                                    "cn.name",
                                    "cn.country_code",
                                    "cn.imdb_id",
                                    "cn.name_pcode_nf",
                                    "cn.name_pcode_sf",
                                    "cn.md5sum"
                                ],
                                "Recheck Cond": "(cn.id = mc.company_id)",
                                "Rows Removed by Index Recheck": 0,
                                "Filter": "(((cn.country_code)::text = '[us]'::text) AND (cn.name = 'DreamWorks Animation'::text))",
                                "Rows Removed by Filter": 0,
                                "Exact Heap Blocks": 35,
                                "Lossy Heap Blocks": 0,
                                "Plans": [
                                    {
                                        "Node Type": "Bitmap Index Scan",
                                        "Parent Relationship": "Outer",
                                        "Parallel Aware": false,
                                        "Index Name": "company_name_pkey",
                                        "Startup Cost": 0.0,
                                        "Total Cost": 0.43,
                                        "Plan Rows": 1,
                                        "Plan Width": 0,
                                        "Actual Startup Time": 0.003,
                                        "Actual Total Time": 0.003,
                                        "Actual Rows": 1,
                                        "Actual Loops": 35,
                                        "Index Cond": "(cn.id = mc.company_id)"
                                    }
                                ]
                            }
                        ]
                    },
                    {
                        "Node Type": "Bitmap Heap Scan",
                        "Parent Relationship": "Inner",
                        "Parallel Aware": false,
                        "Relation Name": "name",
                        "Schema": "public",
                        "Alias": "n",
                        "Startup Cost": 0.5,
                        "Total Cost": 4.52,
                        "Plan Rows": 1,
                        "Plan Width": 19,
                        "Actual Startup Time": 0.009,
                        "Actual Total Time": 0.009,
                        "Actual Rows": 0,
                        "Actual Loops": 24,
                        "Output": [
                            "n.id",
                            "n.name",
                            "n.imdb_index",
                            "n.imdb_id",
                            "n.gender",
                            "n.name_pcode_cf",
                            "n.name_pcode_nf",
                            "n.surname_pcode",
                            "n.md5sum"
                        ],
                        "Recheck Cond": "(n.id = an.person_id)",
                        "Rows Removed by Index Recheck": 0,
                        "Filter": "((n.name ~~ '%An%'::text) AND ((n.gender)::text = 'f'::text))",
                        "Rows Removed by Filter": 1,
                        "Exact Heap Blocks": 24,
                        "Lossy Heap Blocks": 0,
                        "Plans": [
                            {
                                "Node Type": "Bitmap Index Scan",
                                "Parent Relationship": "Outer",
                                "Parallel Aware": false,
                                "Index Name": "name_pkey",
                                "Startup Cost": 0.0,
                                "Total Cost": 0.5,
                                "Plan Rows": 1,
                                "Plan Width": 0,
                                "Actual Startup Time": 0.006,
                                "Actual Total Time": 0.006,
                                "Actual Rows": 1,
                                "Actual Loops": 24,
                                "Index Cond": "(n.id = an.person_id)"
                            }
                        ]
                    }
                ]
            }
        ]
    },
    "Planning Time": 56.845,
    "Triggers": [],
    "Execution Time": 22347.753
}