[
  {
    "Plan": {
      "Node Type": "Aggregate",
      "Strategy": "Plain",
      "Partial Mode": "Finalize",
      "Parallel Aware": false,
      "Startup Cost": 342037.36,
      "Total Cost": 342037.37,
      "Plan Rows": 1,
      "Plan Width": 8,
      "Actual Startup Time": 964.762,
      "Actual Total Time": 1010.045,
      "Actual Rows": 1,
      "Actual Loops": 1,
      "Plans": [
        {
          "Node Type": "Gather",
          "Parent Relationship": "Outer",
          "Parallel Aware": false,
          "Startup Cost": 342036.74,
          "Total Cost": 342037.35,
          "Plan Rows": 6,
          "Plan Width": 8,
          "Actual Startup Time": 964.467,
          "Actual Total Time": 1010.033,
          "Actual Rows": 7,
          "Actual Loops": 1,
          "Workers Planned": 6,
          "Workers Launched": 6,
          "Single Copy": false,
          "Plans": [
            {
              "Node Type": "Aggregate",
              "Strategy": "Plain",
              "Partial Mode": "Partial",
              "Parent Relationship": "Outer",
              "Parallel Aware": false,
              "Startup Cost": 341036.74,
              "Total Cost": 341036.75,
              "Plan Rows": 1,
              "Plan Width": 8,
              "Actual Startup Time": 955.912,
              "Actual Total Time": 955.913,
              "Actual Rows": 1,
              "Actual Loops": 7,
              "Plans": [
                {
                  "Node Type": "Seq Scan",
                  "Parent Relationship": "Outer",
                  "Parallel Aware": true,
                  "Relation Name": "cast_info",
                  "Alias": "ci",
                  "Startup Cost": 0.0,
                  "Total Cost": 328211.39,
                  "Plan Rows": 5130139,
                  "Plan Width": 0,
                  "Actual Startup Time": 0.052,
                  "Actual Total Time": 712.442,
                  "Actual Rows": 4404197,
                  "Actual Loops": 7,
                  "Filter": "(person_id < 3115469)",
                  "Rows Removed by Filter": 773566
                }
              ]
            }
          ]
        }
      ]
    },
    "Planning Time": 0.129,
    "Triggers": [],
    "Execution Time": 1010.096
  }
]