[
  {
    "Plan": {
      "Node Type": "Aggregate",
      "Strategy": "Plain",
      "Partial Mode": "Finalize",
      "Parallel Aware": false,
      "Startup Cost": 130423.89,
      "Total Cost": 130423.9,
      "Plan Rows": 1,
      "Plan Width": 8,
      "Actual Startup Time": 908.789,
      "Actual Total Time": 929.867,
      "Actual Rows": 1,
      "Actual Loops": 1,
      "Plans": [
        {
          "Node Type": "Gather",
          "Parent Relationship": "Outer",
          "Parallel Aware": false,
          "Startup Cost": 130423.57,
          "Total Cost": 130423.88,
          "Plan Rows": 3,
          "Plan Width": 8,
          "Actual Startup Time": 905.424,
          "Actual Total Time": 929.861,
          "Actual Rows": 4,
          "Actual Loops": 1,
          "Workers Planned": 3,
          "Workers Launched": 3,
          "Single Copy": false,
          "Plans": [
            {
              "Node Type": "Aggregate",
              "Strategy": "Plain",
              "Partial Mode": "Partial",
              "Parent Relationship": "Outer",
              "Parallel Aware": false,
              "Startup Cost": 129423.57,
              "Total Cost": 129423.58,
              "Plan Rows": 1,
              "Plan Width": 8,
              "Actual Startup Time": 896.209,
              "Actual Total Time": 896.214,
              "Actual Rows": 1,
              "Actual Loops": 4,
              "Plans": [
                {
                  "Node Type": "Hash Join",
                  "Parent Relationship": "Outer",
                  "Parallel Aware": true,
                  "Join Type": "Inner",
                  "Startup Cost": 82773.15,
                  "Total Cost": 128358.27,
                  "Plan Rows": 426121,
                  "Plan Width": 0,
                  "Actual Startup Time": 411.543,
                  "Actual Total Time": 780.408,
                  "Actual Rows": 2994510,
                  "Actual Loops": 4,
                  "Inner Unique": false,
                  "Hash Cond": "(mk.movie_id = t.id)",
                  "Plans": [
                    {
                      "Node Type": "Seq Scan",
                      "Parent Relationship": "Outer",
                      "Parallel Aware": true,
                      "Relation Name": "movie_keyword",
                      "Alias": "mk",
                      "Startup Cost": 0.0,
                      "Total Cost": 39047.32,
                      "Plan Rows": 1459332,
                      "Plan Width": 4,
                      "Actual Startup Time": 0.03,
                      "Actual Total Time": 88.285,
                      "Actual Rows": 1130982,
                      "Actual Loops": 4
                    },
                    {
                      "Node Type": "Hash",
                      "Parent Relationship": "Inner",
                      "Parallel Aware": true,
                      "Startup Cost": 80466.1,
                      "Total Cost": 80466.1,
                      "Plan Rows": 184564,
                      "Plan Width": 8,
                      "Actual Startup Time": 385.514,
                      "Actual Total Time": 385.518,
                      "Actual Rows": 129520,
                      "Actual Loops": 4,
                      "Hash Buckets": 1048576,
                      "Original Hash Buckets": 1048576,
                      "Hash Batches": 1,
                      "Original Hash Batches": 1,
                      "Peak Memory Usage": 28544,
                      "Plans": [
                        {
                          "Node Type": "Hash Join",
                          "Parent Relationship": "Outer",
                          "Parallel Aware": true,
                          "Join Type": "Inner",
                          "Startup Cost": 34391.64,
                          "Total Cost": 80466.1,
                          "Plan Rows": 184564,
                          "Plan Width": 8,
                          "Actual Startup Time": 146.585,
                          "Actual Total Time": 343.55,
                          "Actual Rows": 129520,
                          "Actual Loops": 4,
                          "Inner Unique": false,
                          "Hash Cond": "(t.id = mc.movie_id)",
                          "Plans": [
                            {
                              "Node Type": "Seq Scan",
                              "Parent Relationship": "Outer",
                              "Parallel Aware": true,
                              "Relation Name": "title",
                              "Alias": "t",
                              "Startup Cost": 0.0,
                              "Total Cost": 42318.73,
                              "Plan Rows": 632073,
                              "Plan Width": 4,
                              "Actual Startup Time": 0.011,
                              "Actual Total Time": 75.071,
                              "Actual Rows": 632078,
                              "Actual Loops": 4
                            },
                            {
                              "Node Type": "Hash",
                              "Parent Relationship": "Inner",
                              "Parallel Aware": true,
                              "Startup Cost": 31414.82,
                              "Total Cost": 31414.82,
                              "Plan Rows": 238146,
                              "Plan Width": 4,
                              "Actual Startup Time": 125.834,
                              "Actual Total Time": 125.835,
                              "Actual Rows": 129520,
                              "Actual Loops": 4,
                              "Hash Buckets": 1048576,
                              "Original Hash Buckets": 1048576,
                              "Hash Batches": 1,
                              "Original Hash Batches": 1,
                              "Peak Memory Usage": 28512,
                              "Plans": [
                                {
                                  "Node Type": "Seq Scan",
                                  "Parent Relationship": "Outer",
                                  "Parallel Aware": true,
                                  "Relation Name": "movie_companies",
                                  "Alias": "mc",
                                  "Startup Cost": 0.0,
                                  "Total Cost": 31414.82,
                                  "Plan Rows": 238146,
                                  "Plan Width": 4,
                                  "Actual Startup Time": 11.569,
                                  "Actual Total Time": 80.251,
                                  "Actual Rows": 129520,
                                  "Actual Loops": 4,
                                  "Filter": "((company_id > 7732) AND (company_type_id < 2))",
                                  "Rows Removed by Filter": 522762
                                }
                              ]
                            }
                          ]
                        }
                      ]
                    }
                  ]
                }
              ]
            }
          ]
        }
      ]
    },
    "Planning Time": 1.417,
    "Triggers": [],
    "Execution Time": 929.95
  }
]