[
  {
    "Plan": {
      "Node Type": "Aggregate",
      "Strategy": "Plain",
      "Partial Mode": "Finalize",
      "Parallel Aware": false,
      "Startup Cost": 437837.3,
      "Total Cost": 437837.31,
      "Plan Rows": 1,
      "Plan Width": 8,
      "Actual Startup Time": 3419.193,
      "Actual Total Time": 3488.142,
      "Actual Rows": 1,
      "Actual Loops": 1,
      "Plans": [
        {
          "Node Type": "Gather",
          "Parent Relationship": "Outer",
          "Parallel Aware": false,
          "Startup Cost": 437836.68,
          "Total Cost": 437837.29,
          "Plan Rows": 6,
          "Plan Width": 8,
          "Actual Startup Time": 3397.278,
          "Actual Total Time": 3488.126,
          "Actual Rows": 7,
          "Actual Loops": 1,
          "Workers Planned": 6,
          "Workers Launched": 6,
          "Single Copy": false,
          "Plans": [
            {
              "Node Type": "Aggregate",
              "Strategy": "Plain",
              "Partial Mode": "Partial",
              "Parent Relationship": "Outer",
              "Parallel Aware": false,
              "Startup Cost": 436836.68,
              "Total Cost": 436836.69,
              "Plan Rows": 1,
              "Plan Width": 8,
              "Actual Startup Time": 3385.281,
              "Actual Total Time": 3385.548,
              "Actual Rows": 1,
              "Actual Loops": 7,
              "Plans": [
                {
                  "Node Type": "Hash Join",
                  "Parent Relationship": "Outer",
                  "Parallel Aware": true,
                  "Join Type": "Inner",
                  "Startup Cost": 94232.33,
                  "Total Cost": 435269.17,
                  "Plan Rows": 627004,
                  "Plan Width": 0,
                  "Actual Startup Time": 903.815,
                  "Actual Total Time": 3033.8,
                  "Actual Rows": 5386266,
                  "Actual Loops": 7,
                  "Inner Unique": false,
                  "Hash Cond": "(ci.movie_id = t.id)",
                  "Plans": [
                    {
                      "Node Type": "Seq Scan",
                      "Parent Relationship": "Outer",
                      "Parallel Aware": true,
                      "Relation Name": "cast_info",
                      "Alias": "ci",
                      "Startup Cost": 0.0,
                      "Total Cost": 328211.39,
                      "Plan Rows": 2880758,
                      "Plan Width": 4,
                      "Actual Startup Time": 315.851,
                      "Actual Total Time": 929.511,
                      "Actual Rows": 2440725,
                      "Actual Loops": 7,
                      "Filter": "(person_id > 1914329)",
                      "Rows Removed by Filter": 2737038
                    },
                    {
                      "Node Type": "Hash",
                      "Parent Relationship": "Inner",
                      "Parallel Aware": true,
                      "Startup Cost": 92013.31,
                      "Total Cost": 92013.31,
                      "Plan Rows": 177522,
                      "Plan Width": 8,
                      "Actual Startup Time": 584.36,
                      "Actual Total Time": 584.625,
                      "Actual Rows": 200172,
                      "Actual Loops": 7,
                      "Hash Buckets": 2097152,
                      "Original Hash Buckets": 1048576,
                      "Hash Batches": 1,
                      "Original Hash Batches": 1,
                      "Peak Memory Usage": 79488,
                      "Plans": [
                        {
                          "Node Type": "Hash Join",
                          "Parent Relationship": "Outer",
                          "Parallel Aware": true,
                          "Join Type": "Inner",
                          "Startup Cost": 47425.34,
                          "Total Cost": 92013.31,
                          "Plan Rows": 177522,
                          "Plan Width": 8,
                          "Actual Startup Time": 232.866,
                          "Actual Total Time": 407.773,
                          "Actual Rows": 200172,
                          "Actual Loops": 7,
                          "Inner Unique": true,
                          "Hash Cond": "(mk.movie_id = t.id)",
                          "Plans": [
                            {
                              "Node Type": "Seq Scan",
                              "Parent Relationship": "Outer",
                              "Parallel Aware": true,
                              "Relation Name": "movie_keyword",
                              "Alias": "mk",
                              "Startup Cost": 0.0,
                              "Total Cost": 42695.65,
                              "Plan Rows": 720884,
                              "Plan Width": 4,
                              "Actual Startup Time": 0.386,
                              "Actual Total Time": 117.019,
                              "Actual Rows": 317324,
                              "Actual Loops": 7,
                              "Filter": "(keyword_id > 4929)",
                              "Rows Removed by Filter": 328952
                            },
                            {
                              "Node Type": "Hash",
                              "Parent Relationship": "Inner",
                              "Parallel Aware": true,
                              "Startup Cost": 45479.59,
                              "Total Cost": 45479.59,
                              "Plan Rows": 155660,
                              "Plan Width": 4,
                              "Actual Startup Time": 196.946,
                              "Actual Total Time": 196.95,
                              "Actual Rows": 90613,
                              "Actual Loops": 7,
                              "Hash Buckets": 1048576,
                              "Original Hash Buckets": 1048576,
                              "Hash Batches": 1,
                              "Original Hash Batches": 1,
                              "Peak Memory Usage": 33120,
                              "Plans": [
                                {
                                  "Node Type": "Seq Scan",
                                  "Parent Relationship": "Outer",
                                  "Parallel Aware": true,
                                  "Relation Name": "title",
                                  "Alias": "t",
                                  "Startup Cost": 0.0,
                                  "Total Cost": 45479.59,
                                  "Plan Rows": 155660,
                                  "Plan Width": 4,
                                  "Actual Startup Time": 60.862,
                                  "Actual Total Time": 121.911,
                                  "Actual Rows": 90613,
                                  "Actual Loops": 7,
                                  "Filter": "((production_year < 2013) AND (kind_id = 1))",
                                  "Rows Removed by Filter": 270575
                                }
                              ]
                            }
                          ]
                        }
                      ]
                    }
                  ]
                }
              ]
            }
          ]
        }
      ]
    },
    "Planning Time": 0.982,
    "Triggers": [],
    "Execution Time": 3488.24
  }
]