[
  {
    "Plan": {
      "Node Type": "Aggregate",
      "Strategy": "Plain",
      "Partial Mode": "Finalize",
      "Parallel Aware": false,
      "Startup Cost": 437688.13,
      "Total Cost": 437688.14,
      "Plan Rows": 1,
      "Plan Width": 8,
      "Actual Startup Time": 1956.376,
      "Actual Total Time": 2017.626,
      "Actual Rows": 1,
      "Actual Loops": 1,
      "Plans": [
        {
          "Node Type": "Gather",
          "Parent Relationship": "Outer",
          "Parallel Aware": false,
          "Startup Cost": 437687.51,
          "Total Cost": 437688.12,
          "Plan Rows": 6,
          "Plan Width": 8,
          "Actual Startup Time": 1943.266,
          "Actual Total Time": 2017.615,
          "Actual Rows": 7,
          "Actual Loops": 1,
          "Workers Planned": 6,
          "Workers Launched": 6,
          "Single Copy": false,
          "Plans": [
            {
              "Node Type": "Aggregate",
              "Strategy": "Plain",
              "Partial Mode": "Partial",
              "Parent Relationship": "Outer",
              "Parallel Aware": false,
              "Startup Cost": 436687.51,
              "Total Cost": 436687.52,
              "Plan Rows": 1,
              "Plan Width": 8,
              "Actual Startup Time": 1932.509,
              "Actual Total Time": 1932.699,
              "Actual Rows": 1,
              "Actual Loops": 7,
              "Plans": [
                {
                  "Node Type": "Hash Join",
                  "Parent Relationship": "Outer",
                  "Parallel Aware": true,
                  "Join Type": "Inner",
                  "Startup Cost": 94239.63,
                  "Total Cost": 435129.47,
                  "Plan Rows": 623217,
                  "Plan Width": 0,
                  "Actual Startup Time": 511.698,
                  "Actual Total Time": 1713.918,
                  "Actual Rows": 5386266,
                  "Actual Loops": 7,
                  "Inner Unique": false,
                  "Hash Cond": "(ci.movie_id = t.id)",
                  "Plans": [
                    {
                      "Node Type": "Seq Scan",
                      "Parent Relationship": "Outer",
                      "Parallel Aware": true,
                      "Relation Name": "cast_info",
                      "Alias": "ci",
                      "Startup Cost": 0.0,
                      "Total Cost": 328162.03,
                      "Plan Rows": 2857982,
                      "Plan Width": 4,
                      "Actual Startup Time": 189.551,
                      "Actual Total Time": 560.388,
                      "Actual Rows": 2440725,
                      "Actual Loops": 7,
                      "Filter": "(person_id > 1914329)",
                      "Rows Removed by Filter": 2737038
                    },
                    {
                      "Node Type": "Hash",
                      "Parent Relationship": "Inner",
                      "Parallel Aware": true,
                      "Startup Cost": 92016.54,
                      "Total Cost": 92016.54,
                      "Plan Rows": 177847,
                      "Plan Width": 8,
                      "Actual Startup Time": 318.749,
                      "Actual Total Time": 318.938,
                      "Actual Rows": 200172,
                      "Actual Loops": 7,
                      "Hash Buckets": 2097152,
                      "Original Hash Buckets": 1048576,
                      "Hash Batches": 1,
                      "Original Hash Batches": 1,
                      "Peak Memory Usage": 79520,
                      "Plans": [
                        {
                          "Node Type": "Hash Join",
                          "Parent Relationship": "Outer",
                          "Parallel Aware": true,
                          "Join Type": "Inner",
                          "Startup Cost": 47436.45,
                          "Total Cost": 92016.54,
                          "Plan Rows": 177847,
                          "Plan Width": 8,
                          "Actual Startup Time": 139.809,
                          "Actual Total Time": 241.326,
                          "Actual Rows": 200172,
                          "Actual Loops": 7,
                          "Inner Unique": true,
                          "Hash Cond": "(mk.movie_id = t.id)",
                          "Plans": [
                            {
                              "Node Type": "Seq Scan",
                              "Parent Relationship": "Outer",
                              "Parallel Aware": true,
                              "Relation Name": "movie_keyword",
                              "Alias": "mk",
                              "Startup Cost": 0.0,
                              "Total Cost": 42695.65,
                              "Plan Rows": 717882,
                              "Plan Width": 4,
                              "Actual Startup Time": 0.211,
                              "Actual Total Time": 70.649,
                              "Actual Rows": 317324,
                              "Actual Loops": 7,
                              "Filter": "(keyword_id > 4929)",
                              "Rows Removed by Filter": 328952
                            },
                            {
                              "Node Type": "Hash",
                              "Parent Relationship": "Inner",
                              "Parallel Aware": true,
                              "Startup Cost": 45479.1,
                              "Total Cost": 45479.1,
                              "Plan Rows": 156588,
                              "Plan Width": 4,
                              "Actual Startup Time": 119.095,
                              "Actual Total Time": 119.096,
                              "Actual Rows": 90613,
                              "Actual Loops": 7,
                              "Hash Buckets": 1048576,
                              "Original Hash Buckets": 1048576,
                              "Hash Batches": 1,
                              "Original Hash Batches": 1,
                              "Peak Memory Usage": 33152,
                              "Plans": [
                                {
                                  "Node Type": "Seq Scan",
                                  "Parent Relationship": "Outer",
                                  "Parallel Aware": true,
                                  "Relation Name": "title",
                                  "Alias": "t",
                                  "Startup Cost": 0.0,
                                  "Total Cost": 45479.1,
                                  "Plan Rows": 156588,
                                  "Plan Width": 4,
                                  "Actual Startup Time": 44.287,
                                  "Actual Total Time": 81.052,
                                  "Actual Rows": 90613,
                                  "Actual Loops": 7,
                                  "Filter": "((production_year < 2013) AND (kind_id = 1))",
                                  "Rows Removed by Filter": 270575
                                }
                              ]
                            }
                          ]
                        }
                      ]
                    }
                  ]
                }
              ]
            }
          ]
        }
      ]
    },
    "Planning Time": 1.355,
    "Triggers": [],
    "Execution Time": 2017.729
  }
]