{
  "Plan": {
    "Node Type": "Aggregate",
    "Strategy": "Plain",
    "Partial Mode": "Finalize",
    "Parallel Aware": false,
    "Startup Cost": 97885.56,
    "Total Cost": 97885.57,
    "Plan Rows": 1,
    "Plan Width": 8,
    "Actual Startup Time": 403.244,
    "Actual Total Time": 416.237,
    "Actual Rows": 1,
    "Actual Loops": 1,
    "Plans": [
      {
        "Node Type": "Gather",
        "Parent Relationship": "Outer",
        "Parallel Aware": false,
        "Startup Cost": 97885.45,
        "Total Cost": 97885.56,
        "Plan Rows": 1,
        "Plan Width": 8,
        "Actual Startup Time": 402.448,
        "Actual Total Time": 416.228,
        "Actual Rows": 2,
        "Actual Loops": 1,
        "Workers Planned": 1,
        "Workers Launched": 1,
        "Single Copy": false,
        "Plans": [
          {
            "Node Type": "Aggregate",
            "Strategy": "Plain",
            "Partial Mode": "Partial",
            "Parent Relationship": "Outer",
            "Parallel Aware": false,
            "Startup Cost": 96885.45,
            "Total Cost": 96885.46,
            "Plan Rows": 1,
            "Plan Width": 8,
            "Actual Startup Time": 396.858,
            "Actual Total Time": 396.861,
            "Actual Rows": 1,
            "Actual Loops": 2,
            "Plans": [
              {
                "Node Type": "Hash Join",
                "Parent Relationship": "Outer",
                "Parallel Aware": true,
                "Join Type": "Inner",
                "Startup Cost": 56446.38,
                "Total Cost": 96671.27,
                "Plan Rows": 85671,
                "Plan Width": 0,
                "Actual Startup Time": 185.181,
                "Actual Total Time": 389.618,
                "Actual Rows": 178416,
                "Actual Loops": 2,
                "Inner Unique": true,
                "Hash Cond": "(mc.movie_id = t.id)",
                "Plans": [
                  {
                    "Node Type": "Seq Scan",
                    "Parent Relationship": "Outer",
                    "Parallel Aware": true,
                    "Relation Name": "movie_companies",
                    "Alias": "mc",
                    "Startup Cost": 0.0,
                    "Total Cost": 37974.77,
                    "Plan Rows": 857189,
                    "Plan Width": 4,
                    "Actual Startup Time": 9.357,
                    "Actual Total Time": 111.076,
                    "Actual Rows": 729240,
                    "Actual Loops": 2,
                    "Filter": "(company_id > 8985)",
                    "Rows Removed by Filter": 575324
                  },
                  {
                    "Node Type": "Hash",
                    "Parent Relationship": "Inner",
                    "Parallel Aware": true,
                    "Startup Cost": 54588.39,
                    "Total Cost": 54588.39,
                    "Plan Rows": 148639,
                    "Plan Width": 4,
                    "Actual Startup Time": 172.013,
                    "Actual Total Time": 172.015,
                    "Actual Rows": 131797,
                    "Actual Loops": 2,
                    "Hash Buckets": 524288,
                    "Original Hash Buckets": 262144,
                    "Hash Batches": 1,
                    "Original Hash Batches": 1,
                    "Peak Memory Usage": 16512,
                    "Plans": [
                      {
                        "Node Type": "Seq Scan",
                        "Parent Relationship": "Outer",
                        "Parallel Aware": true,
                        "Relation Name": "title",
                        "Alias": "t",
                        "Startup Cost": 0.0,
                        "Total Cost": 54588.39,
                        "Plan Rows": 148639,
                        "Plan Width": 4,
                        "Actual Startup Time": 0.032,
                        "Actual Total Time": 135.797,
                        "Actual Rows": 131797,
                        "Actual Loops": 2,
                        "Filter": "(production_year < 1962)",
                        "Rows Removed by Filter": 1132359
                      }
                    ]
                  }
                ]
              }
            ]
          }
        ]
      }
    ]
  },
  "Planning Time": 0.602,
  "Triggers": [],
  "Execution Time": 416.302
}