[
  {
    "Plan": {
      "Node Type": "Aggregate",
      "Strategy": "Plain",
      "Partial Mode": "Finalize",
      "Parallel Aware": false,
      "Startup Cost": 251241.98,
      "Total Cost": 251241.99,
      "Plan Rows": 1,
      "Plan Width": 8,
      "Actual Startup Time": 395.552,
      "Actual Total Time": 424.7,
      "Actual Rows": 1,
      "Actual Loops": 1,
      "Plans": [
        {
          "Node Type": "Gather",
          "Parent Relationship": "Outer",
          "Parallel Aware": false,
          "Startup Cost": 251241.36,
          "Total Cost": 251241.97,
          "Plan Rows": 6,
          "Plan Width": 8,
          "Actual Startup Time": 390.572,
          "Actual Total Time": 424.682,
          "Actual Rows": 7,
          "Actual Loops": 1,
          "Workers Planned": 6,
          "Workers Launched": 6,
          "Single Copy": false,
          "Plans": [
            {
              "Node Type": "Aggregate",
              "Strategy": "Plain",
              "Partial Mode": "Partial",
              "Parent Relationship": "Outer",
              "Parallel Aware": false,
              "Startup Cost": 250241.36,
              "Total Cost": 250241.37,
              "Plan Rows": 1,
              "Plan Width": 8,
              "Actual Startup Time": 382.21,
              "Actual Total Time": 382.214,
              "Actual Rows": 1,
              "Actual Loops": 7,
              "Plans": [
                {
                  "Node Type": "Hash Join",
                  "Parent Relationship": "Outer",
                  "Parallel Aware": true,
                  "Join Type": "Inner",
                  "Startup Cost": 48097.0,
                  "Total Cost": 250178.96,
                  "Plan Rows": 24960,
                  "Plan Width": 0,
                  "Actual Startup Time": 176.916,
                  "Actual Total Time": 382.201,
                  "Actual Rows": 17,
                  "Actual Loops": 7,
                  "Inner Unique": true,
                  "Hash Cond": "(ci.movie_id = t.id)",
                  "Plans": [
                    {
                      "Node Type": "Index Scan",
                      "Parent Relationship": "Outer",
                      "Parallel Aware": true,
                      "Scan Direction": "Forward",
                      "Index Name": "role_id_cast_info",
                      "Relation Name": "cast_info",
                      "Alias": "ci",
                      "Startup Cost": 0.56,
                      "Total Cost": 201884.69,
                      "Plan Rows": 75365,
                      "Plan Width": 4,
                      "Actual Startup Time": 2.79,
                      "Actual Total Time": 244.513,
                      "Actual Rows": 39,
                      "Actual Loops": 7,
                      "Index Cond": "(role_id = 2)",
                      "Rows Removed by Index Recheck": 0,
                      "Filter": "(person_id < 218921)",
                      "Rows Removed by Filter": 1064528
                    },
                    {
                      "Node Type": "Hash",
                      "Parent Relationship": "Inner",
                      "Parallel Aware": true,
                      "Startup Cost": 45479.59,
                      "Total Cost": 45479.59,
                      "Plan Rows": 209348,
                      "Plan Width": 4,
                      "Actual Startup Time": 135.053,
                      "Actual Total Time": 135.055,
                      "Actual Rows": 107124,
                      "Actual Loops": 7,
                      "Hash Buckets": 1048576,
                      "Original Hash Buckets": 1048576,
                      "Hash Batches": 1,
                      "Original Hash Batches": 1,
                      "Peak Memory Usage": 37632,
                      "Plans": [
                        {
                          "Node Type": "Seq Scan",
                          "Parent Relationship": "Outer",
                          "Parallel Aware": true,
                          "Relation Name": "title",
                          "Alias": "t",
                          "Startup Cost": 0.0,
                          "Total Cost": 45479.59,
                          "Plan Rows": 209348,
                          "Plan Width": 4,
                          "Actual Startup Time": 0.038,
                          "Actual Total Time": 82.616,
                          "Actual Rows": 107124,
                          "Actual Loops": 7,
                          "Filter": "((kind_id < 7) AND (production_year > 1966))",
                          "Rows Removed by Filter": 254063
                        }
                      ]
                    }
                  ]
                }
              ]
            }
          ]
        }
      ]
    },
    "Planning Time": 0.263,
    "Triggers": [],
    "Execution Time": 424.767
  }
]