[
  {
    "Plan": {
      "Node Type": "Aggregate",
      "Strategy": "Plain",
      "Partial Mode": "Finalize",
      "Parallel Aware": false,
      "Startup Cost": 352355.2,
      "Total Cost": 352355.21,
      "Plan Rows": 1,
      "Plan Width": 8,
      "Actual Startup Time": 6033.269,
      "Actual Total Time": 6115.119,
      "Actual Rows": 1,
      "Actual Loops": 1,
      "Plans": [
        {
          "Node Type": "Gather",
          "Parent Relationship": "Outer",
          "Parallel Aware": false,
          "Startup Cost": 352354.88,
          "Total Cost": 352355.19,
          "Plan Rows": 3,
          "Plan Width": 8,
          "Actual Startup Time": 6031.118,
          "Actual Total Time": 6115.097,
          "Actual Rows": 4,
          "Actual Loops": 1,
          "Workers Planned": 3,
          "Workers Launched": 3,
          "Single Copy": false,
          "Plans": [
            {
              "Node Type": "Aggregate",
              "Strategy": "Plain",
              "Partial Mode": "Partial",
              "Parent Relationship": "Outer",
              "Parallel Aware": false,
              "Startup Cost": 351354.88,
              "Total Cost": 351354.89,
              "Plan Rows": 1,
              "Plan Width": 8,
              "Actual Startup Time": 6022.012,
              "Actual Total Time": 6022.015,
              "Actual Rows": 1,
              "Actual Loops": 4,
              "Plans": [
                {
                  "Node Type": "Nested Loop",
                  "Parent Relationship": "Outer",
                  "Parallel Aware": false,
                  "Join Type": "Inner",
                  "Startup Cost": 46789.79,
                  "Total Cost": 348150.7,
                  "Plan Rows": 1281673,
                  "Plan Width": 0,
                  "Actual Startup Time": 139.504,
                  "Actual Total Time": 5673.164,
                  "Actual Rows": 8092885,
                  "Actual Loops": 4,
                  "Inner Unique": false,
                  "Join Filter": "(t.id = ci.movie_id)",
                  "Rows Removed by Join Filter": 0,
                  "Plans": [
                    {
                      "Node Type": "Hash Join",
                      "Parent Relationship": "Outer",
                      "Parallel Aware": true,
                      "Join Type": "Inner",
                      "Startup Cost": 46789.22,
                      "Total Cost": 91110.99,
                      "Plan Rows": 102721,
                      "Plan Width": 8,
                      "Actual Startup Time": 139.424,
                      "Actual Total Time": 336.459,
                      "Actual Rows": 236633,
                      "Actual Loops": 4,
                      "Inner Unique": true,
                      "Hash Cond": "(mk.movie_id = t.id)",
                      "Plans": [
                        {
                          "Node Type": "Seq Scan",
                          "Parent Relationship": "Outer",
                          "Parallel Aware": true,
                          "Relation Name": "movie_keyword",
                          "Alias": "mk",
                          "Startup Cost": 0.0,
                          "Total Cost": 42695.65,
                          "Plan Rows": 619472,
                          "Plan Width": 4,
                          "Actual Startup Time": 0.415,
                          "Actual Total Time": 102.215,
                          "Actual Rows": 480859,
                          "Actual Loops": 4,
                          "Filter": "(keyword_id > 6976)",
                          "Rows Removed by Filter": 650123
                        },
                        {
                          "Node Type": "Hash",
                          "Parent Relationship": "Inner",
                          "Parallel Aware": true,
                          "Startup Cost": 45479.1,
                          "Total Cost": 45479.1,
                          "Plan Rows": 104810,
                          "Plan Width": 4,
                          "Actual Startup Time": 135.527,
                          "Actual Total Time": 135.527,
                          "Actual Rows": 129492,
                          "Actual Loops": 4,
                          "Hash Buckets": 524288,
                          "Original Hash Buckets": 524288,
                          "Hash Batches": 1,
                          "Original Hash Batches": 1,
                          "Peak Memory Usage": 24384,
                          "Plans": [
                            {
                              "Node Type": "Seq Scan",
                              "Parent Relationship": "Outer",
                              "Parallel Aware": true,
                              "Relation Name": "title",
                              "Alias": "t",
                              "Startup Cost": 0.0,
                              "Total Cost": 45479.1,
                              "Plan Rows": 104810,
                              "Plan Width": 4,
                              "Actual Startup Time": 0.046,
                              "Actual Total Time": 97.826,
                              "Actual Rows": 129492,
                              "Actual Loops": 4,
                              "Filter": "((kind_id < 7) AND (production_year < 2001))",
                              "Rows Removed by Filter": 502586
                            }
                          ]
                        }
                      ]
                    },
                    {
                      "Node Type": "Index Scan",
                      "Parent Relationship": "Inner",
                      "Parallel Aware": false,
                      "Scan Direction": "Forward",
                      "Index Name": "movie_id_cast_info",
                      "Relation Name": "cast_info",
                      "Alias": "ci",
                      "Startup Cost": 0.56,
                      "Total Cost": 2.1,
                      "Plan Rows": 32,
                      "Plan Width": 4,
                      "Actual Startup Time": 0.003,
                      "Actual Total Time": 0.02,
                      "Actual Rows": 34,
                      "Actual Loops": 946531,
                      "Index Cond": "(movie_id = mk.movie_id)",
                      "Rows Removed by Index Recheck": 0,
                      "Filter": "(role_id < 10)",
                      "Rows Removed by Filter": 8
                    }
                  ]
                }
              ]
            }
          ]
        }
      ]
    },
    "Planning Time": 1.294,
    "Triggers": [],
    "Execution Time": 6115.225
  }
]