[
  {
    "Plan": {
      "Node Type": "Aggregate",
      "Strategy": "Plain",
      "Partial Mode": "Finalize",
      "Parallel Aware": false,
      "Startup Cost": 33343.02,
      "Total Cost": 33343.03,
      "Plan Rows": 1,
      "Plan Width": 8,
      "Actual Startup Time": 103.195,
      "Actual Total Time": 109.652,
      "Actual Rows": 1,
      "Actual Loops": 1,
      "Plans": [
        {
          "Node Type": "Gather",
          "Parent Relationship": "Outer",
          "Parallel Aware": false,
          "Startup Cost": 33342.7,
          "Total Cost": 33343.01,
          "Plan Rows": 3,
          "Plan Width": 8,
          "Actual Startup Time": 103.075,
          "Actual Total Time": 109.643,
          "Actual Rows": 4,
          "Actual Loops": 1,
          "Workers Planned": 3,
          "Workers Launched": 3,
          "Single Copy": false,
          "Plans": [
            {
              "Node Type": "Aggregate",
              "Strategy": "Plain",
              "Partial Mode": "Partial",
              "Parent Relationship": "Outer",
              "Parallel Aware": false,
              "Startup Cost": 32342.7,
              "Total Cost": 32342.71,
              "Plan Rows": 1,
              "Plan Width": 8,
              "Actual Startup Time": 95.99,
              "Actual Total Time": 95.991,
              "Actual Rows": 1,
              "Actual Loops": 4,
              "Plans": [
                {
                  "Node Type": "Seq Scan",
                  "Parent Relationship": "Outer",
                  "Parallel Aware": true,
                  "Relation Name": "movie_companies",
                  "Alias": "mc",
                  "Startup Cost": 0.0,
                  "Total Cost": 31414.82,
                  "Plan Rows": 371153,
                  "Plan Width": 0,
                  "Actual Startup Time": 0.083,
                  "Actual Total Time": 80.826,
                  "Actual Rows": 266848,
                  "Actual Loops": 4,
                  "Filter": "((company_id > 139) AND (company_type_id = 1))",
                  "Rows Removed by Filter": 385434
                }
              ]
            }
          ]
        }
      ]
    },
    "Planning Time": 0.149,
    "Triggers": [],
    "Execution Time": 109.696
  }
]