[
    {
        "Bao": {
            "Bao prediction": "NaN",
            "Bao recommended hint": "(no hint)"
        }
    },
    {
        "Plan": {
            "Node Type": "Aggregate",
            "Strategy": "Plain",
            "Partial Mode": "Finalize",
            "Parallel Aware": false,
            "Startup Cost": 32877.41,
            "Total Cost": 32877.42,
            "Plan Rows": 1,
            "Plan Width": 8,
            "Actual Startup Time": 80.035,
            "Actual Total Time": 83.863,
            "Actual Rows": 1,
            "Actual Loops": 1,
            "Output": [
                "count(*)"
            ],
            "Plans": [
                {
                    "Node Type": "Gather",
                    "Parent Relationship": "Outer",
                    "Parallel Aware": false,
                    "Startup Cost": 32877.1,
                    "Total Cost": 32877.41,
                    "Plan Rows": 3,
                    "Plan Width": 8,
                    "Actual Startup Time": 79.945,
                    "Actual Total Time": 83.857,
                    "Actual Rows": 4,
                    "Actual Loops": 1,
                    "Output": [
                        "(PARTIAL count(*))"
                    ],
                    "Workers Planned": 3,
                    "Workers Launched": 3,
                    "Single Copy": false,
                    "Plans": [
                        {
                            "Node Type": "Aggregate",
                            "Strategy": "Plain",
                            "Partial Mode": "Partial",
                            "Parent Relationship": "Outer",
                            "Parallel Aware": false,
                            "Startup Cost": 31877.1,
                            "Total Cost": 31877.11,
                            "Plan Rows": 1,
                            "Plan Width": 8,
                            "Actual Startup Time": 72.152,
                            "Actual Total Time": 72.154,
                            "Actual Rows": 1,
                            "Actual Loops": 4,
                            "Output": [
                                "PARTIAL count(*)"
                            ],
                            "Workers": [
                                {
                                    "Worker Number": 0,
                                    "Actual Startup Time": 69.336,
                                    "Actual Total Time": 69.337,
                                    "Actual Rows": 1,
                                    "Actual Loops": 1
                                },
                                {
                                    "Worker Number": 1,
                                    "Actual Startup Time": 69.68,
                                    "Actual Total Time": 69.682,
                                    "Actual Rows": 1,
                                    "Actual Loops": 1
                                },
                                {
                                    "Worker Number": 2,
                                    "Actual Startup Time": 69.92,
                                    "Actual Total Time": 69.921,
                                    "Actual Rows": 1,
                                    "Actual Loops": 1
                                }
                            ],
                            "Plans": [
                                {
                                    "Node Type": "Seq Scan",
                                    "Parent Relationship": "Outer",
                                    "Parallel Aware": true,
                                    "Relation Name": "movie_companies",
                                    "Schema": "public",
                                    "Alias": "mc",
                                    "Startup Cost": 0.0,
                                    "Total Cost": 31414.82,
                                    "Plan Rows": 184911,
                                    "Plan Width": 0,
                                    "Actual Startup Time": 15.186,
                                    "Actual Total Time": 67.903,
                                    "Actual Rows": 74778,
                                    "Actual Loops": 4,
                                    "Output": [
                                        "id",
                                        "movie_id",
                                        "company_id",
                                        "company_type_id",
                                        "note"
                                    ],
                                    "Filter": "((mc.company_id > 12684) AND (mc.company_type_id < 2))",
                                    "Rows Removed by Filter": 577504,
                                    "Workers": [
                                        {
                                            "Worker Number": 0,
                                            "Actual Startup Time": 12.377,
                                            "Actual Total Time": 65.255,
                                            "Actual Rows": 58169,
                                            "Actual Loops": 1
                                        },
                                        {
                                            "Worker Number": 1,
                                            "Actual Startup Time": 12.717,
                                            "Actual Total Time": 65.661,
                                            "Actual Rows": 59659,
                                            "Actual Loops": 1
                                        },
                                        {
                                            "Worker Number": 2,
                                            "Actual Startup Time": 12.959,
                                            "Actual Total Time": 65.84,
                                            "Actual Rows": 60363,
                                            "Actual Loops": 1
                                        }
                                    ]
                                }
                            ]
                        }
                    ]
                }
            ]
        },
        "Planning Time": 184.049,
        "Triggers": [],
        "Execution Time": 83.906
    }
]