{
  "Plan": {
    "Node Type": "Aggregate",
    "Strategy": "Plain",
    "Partial Mode": "Finalize",
    "Parallel Aware": false,
    "Startup Cost": 83890.78,
    "Total Cost": 83890.79,
    "Plan Rows": 1,
    "Plan Width": 8,
    "Actual Startup Time": 326.23,
    "Actual Total Time": 357.231,
    "Actual Rows": 1,
    "Actual Loops": 1,
    "Plans": [
      {
        "Node Type": "Gather",
        "Parent Relationship": "Outer",
        "Parallel Aware": false,
        "Startup Cost": 83890.67,
        "Total Cost": 83890.78,
        "Plan Rows": 1,
        "Plan Width": 8,
        "Actual Startup Time": 326.223,
        "Actual Total Time": 357.224,
        "Actual Rows": 2,
        "Actual Loops": 1,
        "Workers Planned": 1,
        "Workers Launched": 1,
        "Single Copy": false,
        "Plans": [
          {
            "Node Type": "Aggregate",
            "Strategy": "Plain",
            "Partial Mode": "Partial",
            "Parent Relationship": "Outer",
            "Parallel Aware": false,
            "Startup Cost": 82890.67,
            "Total Cost": 82890.68,
            "Plan Rows": 1,
            "Plan Width": 8,
            "Actual Startup Time": 320.397,
            "Actual Total Time": 320.4,
            "Actual Rows": 1,
            "Actual Loops": 2,
            "Plans": [
              {
                "Node Type": "Nested Loop",
                "Parent Relationship": "Outer",
                "Parallel Aware": false,
                "Join Type": "Inner",
                "Startup Cost": 58366.68,
                "Total Cost": 82853.3,
                "Plan Rows": 14945,
                "Plan Width": 0,
                "Actual Startup Time": 136.92,
                "Actual Total Time": 315.729,
                "Actual Rows": 98347,
                "Actual Loops": 2,
                "Inner Unique": false,
                "Join Filter": "(t.id = mi.movie_id)",
                "Rows Removed by Join Filter": 0,
                "Plans": [
                  {
                    "Node Type": "Hash Join",
                    "Parent Relationship": "Outer",
                    "Parallel Aware": true,
                    "Join Type": "Inner",
                    "Startup Cost": 58366.24,
                    "Total Cost": 76550.03,
                    "Plan Rows": 2611,
                    "Plan Width": 8,
                    "Actual Startup Time": 136.86,
                    "Actual Total Time": 233.554,
                    "Actual Rows": 5560,
                    "Actual Loops": 2,
                    "Inner Unique": true,
                    "Hash Cond": "(mi_idx.movie_id = t.id)",
                    "Plans": [
                      {
                        "Node Type": "Seq Scan",
                        "Parent Relationship": "Outer",
                        "Parallel Aware": true,
                        "Relation Name": "movie_info_idx",
                        "Alias": "mi_idx",
                        "Startup Cost": 0.0,
                        "Total Cost": 16052.85,
                        "Plan Rows": 811785,
                        "Plan Width": 4,
                        "Actual Startup Time": 0.02,
                        "Actual Total Time": 45.669,
                        "Actual Rows": 690018,
                        "Actual Loops": 2
                      },
                      {
                        "Node Type": "Hash",
                        "Parent Relationship": "Inner",
                        "Parallel Aware": true,
                        "Startup Cost": 58306.47,
                        "Total Cost": 58306.47,
                        "Plan Rows": 4782,
                        "Plan Width": 4,
                        "Actual Startup Time": 135.69,
                        "Actual Total Time": 135.691,
                        "Actual Rows": 4160,
                        "Actual Loops": 2,
                        "Hash Buckets": 8192,
                        "Original Hash Buckets": 8192,
                        "Hash Batches": 1,
                        "Original Hash Batches": 1,
                        "Peak Memory Usage": 416,
                        "Plans": [
                          {
                            "Node Type": "Seq Scan",
                            "Parent Relationship": "Outer",
                            "Parallel Aware": true,
                            "Relation Name": "title",
                            "Alias": "t",
                            "Startup Cost": 0.0,
                            "Total Cost": 58306.47,
                            "Plan Rows": 4782,
                            "Plan Width": 4,
                            "Actual Startup Time": 0.846,
                            "Actual Total Time": 134.345,
                            "Actual Rows": 4160,
                            "Actual Loops": 2,
                            "Filter": "((kind_id < 7) AND (production_year = 1988))",
                            "Rows Removed by Filter": 1259996
                          }
                        ]
                      }
                    ]
                  },
                  {
                    "Node Type": "Index Scan",
                    "Parent Relationship": "Inner",
                    "Parallel Aware": false,
                    "Scan Direction": "Forward",
                    "Index Name": "movie_id_movie_info",
                    "Relation Name": "movie_info",
                    "Alias": "mi",
                    "Startup Cost": 0.43,
                    "Total Cost": 1.9,
                    "Plan Rows": 41,
                    "Plan Width": 4,
                    "Actual Startup Time": 0.004,
                    "Actual Total Time": 0.013,
                    "Actual Rows": 18,
                    "Actual Loops": 11120,
                    "Index Cond": "(movie_id = mi_idx.movie_id)",
                    "Rows Removed by Index Recheck": 0,
                    "Filter": "(info_type_id < 106)",
                    "Rows Removed by Filter": 0
                  }
                ]
              }
            ]
          }
        ]
      }
    ]
  },
  "Planning Time": 0.596,
  "Triggers": [],
  "Execution Time": 357.301
}