[
    {
        "Bao": {
            "Bao prediction": "NaN",
            "Bao recommended hint": "(no hint)"
        }
    },
    {
        "Plan": {
            "Node Type": "Aggregate",
            "Strategy": "Plain",
            "Partial Mode": "Finalize",
            "Parallel Aware": false,
            "Startup Cost": 373854.74,
            "Total Cost": 373854.75,
            "Plan Rows": 1,
            "Plan Width": 8,
            "Actual Startup Time": 2491.64,
            "Actual Total Time": 2557.345,
            "Actual Rows": 1,
            "Actual Loops": 1,
            "Output": [
                "count(*)"
            ],
            "Plans": [
                {
                    "Node Type": "Gather",
                    "Parent Relationship": "Outer",
                    "Parallel Aware": false,
                    "Startup Cost": 373854.22,
                    "Total Cost": 373854.73,
                    "Plan Rows": 5,
                    "Plan Width": 8,
                    "Actual Startup Time": 2490.923,
                    "Actual Total Time": 2557.336,
                    "Actual Rows": 6,
                    "Actual Loops": 1,
                    "Output": [
                        "(PARTIAL count(*))"
                    ],
                    "Workers Planned": 5,
                    "Workers Launched": 5,
                    "Single Copy": false,
                    "Plans": [
                        {
                            "Node Type": "Aggregate",
                            "Strategy": "Plain",
                            "Partial Mode": "Partial",
                            "Parent Relationship": "Outer",
                            "Parallel Aware": false,
                            "Startup Cost": 372854.22,
                            "Total Cost": 372854.23,
                            "Plan Rows": 1,
                            "Plan Width": 8,
                            "Actual Startup Time": 2480.699,
                            "Actual Total Time": 2480.702,
                            "Actual Rows": 1,
                            "Actual Loops": 6,
                            "Output": [
                                "PARTIAL count(*)"
                            ],
                            "Workers": [
                                {
                                    "Worker Number": 0,
                                    "Actual Startup Time": 2478.22,
                                    "Actual Total Time": 2478.224,
                                    "Actual Rows": 1,
                                    "Actual Loops": 1
                                },
                                {
                                    "Worker Number": 1,
                                    "Actual Startup Time": 2478.271,
                                    "Actual Total Time": 2478.274,
                                    "Actual Rows": 1,
                                    "Actual Loops": 1
                                },
                                {
                                    "Worker Number": 2,
                                    "Actual Startup Time": 2478.679,
                                    "Actual Total Time": 2478.682,
                                    "Actual Rows": 1,
                                    "Actual Loops": 1
                                },
                                {
                                    "Worker Number": 3,
                                    "Actual Startup Time": 2479.183,
                                    "Actual Total Time": 2479.186,
                                    "Actual Rows": 1,
                                    "Actual Loops": 1
                                },
                                {
                                    "Worker Number": 4,
                                    "Actual Startup Time": 2479.36,
                                    "Actual Total Time": 2479.363,
                                    "Actual Rows": 1,
                                    "Actual Loops": 1
                                }
                            ],
                            "Plans": [
                                {
                                    "Node Type": "Nested Loop",
                                    "Parent Relationship": "Outer",
                                    "Parallel Aware": false,
                                    "Join Type": "Inner",
                                    "Startup Cost": 38454.14,
                                    "Total Cost": 371195.41,
                                    "Plan Rows": 663523,
                                    "Plan Width": 0,
                                    "Actual Startup Time": 63.865,
                                    "Actual Total Time": 2422.42,
                                    "Actual Rows": 1183332,
                                    "Actual Loops": 6,
                                    "Inner Unique": false,
                                    "Join Filter": "(t.id = ci.movie_id)",
                                    "Rows Removed by Join Filter": 0,
                                    "Workers": [
                                        {
                                            "Worker Number": 0,
                                            "Actual Startup Time": 61.469,
                                            "Actual Total Time": 2422.033,
                                            "Actual Rows": 1196863,
                                            "Actual Loops": 1
                                        },
                                        {
                                            "Worker Number": 1,
                                            "Actual Startup Time": 61.409,
                                            "Actual Total Time": 2421.482,
                                            "Actual Rows": 1198839,
                                            "Actual Loops": 1
                                        },
                                        {
                                            "Worker Number": 2,
                                            "Actual Startup Time": 61.804,
                                            "Actual Total Time": 2415.477,
                                            "Actual Rows": 943661,
                                            "Actual Loops": 1
                                        },
                                        {
                                            "Worker Number": 3,
                                            "Actual Startup Time": 62.516,
                                            "Actual Total Time": 2422.007,
                                            "Actual Rows": 1223903,
                                            "Actual Loops": 1
                                        },
                                        {
                                            "Worker Number": 4,
                                            "Actual Startup Time": 62.469,
                                            "Actual Total Time": 2423.33,
                                            "Actual Rows": 1179872,
                                            "Actual Loops": 1
                                        }
                                    ],
                                    "Plans": [
                                        {
                                            "Node Type": "Hash Join",
                                            "Parent Relationship": "Outer",
                                            "Parallel Aware": true,
                                            "Join Type": "Inner",
                                            "Startup Cost": 38453.57,
                                            "Total Cost": 242036.9,
                                            "Plan Rows": 71420,
                                            "Plan Width": 8,
                                            "Actual Startup Time": 63.684,
                                            "Actual Total Time": 535.654,
                                            "Actual Rows": 64786,
                                            "Actual Loops": 6,
                                            "Output": [
                                                "t.id",
                                                "mi.movie_id"
                                            ],
                                            "Inner Unique": true,
                                            "Hash Cond": "(mi.movie_id = t.id)",
                                            "Workers": [
                                                {
                                                    "Worker Number": 0,
                                                    "Actual Startup Time": 61.23,
                                                    "Actual Total Time": 533.13,
                                                    "Actual Rows": 65264,
                                                    "Actual Loops": 1
                                                },
                                                {
                                                    "Worker Number": 1,
                                                    "Actual Startup Time": 61.265,
                                                    "Actual Total Time": 538.23,
                                                    "Actual Rows": 66292,
                                                    "Actual Loops": 1
                                                },
                                                {
                                                    "Worker Number": 2,
                                                    "Actual Startup Time": 61.706,
                                                    "Actual Total Time": 532.221,
                                                    "Actual Rows": 51844,
                                                    "Actual Loops": 1
                                                },
                                                {
                                                    "Worker Number": 3,
                                                    "Actual Startup Time": 62.168,
                                                    "Actual Total Time": 528.87,
                                                    "Actual Rows": 65197,
                                                    "Actual Loops": 1
                                                },
                                                {
                                                    "Worker Number": 4,
                                                    "Actual Startup Time": 62.259,
                                                    "Actual Total Time": 537.174,
                                                    "Actual Rows": 65346,
                                                    "Actual Loops": 1
                                                }
                                            ],
                                            "Plans": [
                                                {
                                                    "Node Type": "Seq Scan",
                                                    "Parent Relationship": "Outer",
                                                    "Parallel Aware": true,
                                                    "Relation Name": "movie_info",
                                                    "Schema": "public",
                                                    "Alias": "mi",
                                                    "Startup Cost": 0.0,
                                                    "Total Cost": 198880.74,
                                                    "Plan Rows": 1791457,
                                                    "Plan Width": 4,
                                                    "Actual Startup Time": 14.908,
                                                    "Actual Total Time": 291.039,
                                                    "Actual Rows": 1491793,
                                                    "Actual Loops": 6,
                                                    "Output": [
                                                        "mi.id",
                                                        "mi.movie_id",
                                                        "mi.info_type_id",
                                                        "mi.info",
                                                        "mi.note"
                                                    ],
                                                    "Filter": "(mi.info_type_id > 6)",
                                                    "Rows Removed by Filter": 980827,
                                                    "Workers": [
                                                        {
                                                            "Worker Number": 0,
                                                            "Actual Startup Time": 14.898,
                                                            "Actual Total Time": 295.671,
                                                            "Actual Rows": 1517287,
                                                            "Actual Loops": 1
                                                        },
                                                        {
                                                            "Worker Number": 1,
                                                            "Actual Startup Time": 14.91,
                                                            "Actual Total Time": 291.954,
                                                            "Actual Rows": 1523681,
                                                            "Actual Loops": 1
                                                        },
                                                        {
                                                            "Worker Number": 2,
                                                            "Actual Startup Time": 14.915,
                                                            "Actual Total Time": 298.781,
                                                            "Actual Rows": 1127053,
                                                            "Actual Loops": 1
                                                        },
                                                        {
                                                            "Worker Number": 3,
                                                            "Actual Startup Time": 14.891,
                                                            "Actual Total Time": 293.537,
                                                            "Actual Rows": 1499783,
                                                            "Actual Loops": 1
                                                        },
                                                        {
                                                            "Worker Number": 4,
                                                            "Actual Startup Time": 14.922,
                                                            "Actual Total Time": 289.873,
                                                            "Actual Rows": 1492461,
                                                            "Actual Loops": 1
                                                        }
                                                    ]
                                                },
                                                {
                                                    "Node Type": "Hash",
                                                    "Parent Relationship": "Inner",
                                                    "Parallel Aware": true,
                                                    "Startup Cost": 38138.59,
                                                    "Total Cost": 38138.59,
                                                    "Plan Rows": 25199,
                                                    "Plan Width": 4,
                                                    "Actual Startup Time": 37.23,
                                                    "Actual Total Time": 37.231,
                                                    "Actual Rows": 16756,
                                                    "Actual Loops": 6,
                                                    "Output": [
                                                        "t.id"
                                                    ],
                                                    "Hash Buckets": 131072,
                                                    "Original Hash Buckets": 131072,
                                                    "Hash Batches": 1,
                                                    "Original Hash Batches": 1,
                                                    "Peak Memory Usage": 5024,
                                                    "Workers": [
                                                        {
                                                            "Worker Number": 0,
                                                            "Actual Startup Time": 34.936,
                                                            "Actual Total Time": 34.937,
                                                            "Actual Rows": 11082,
                                                            "Actual Loops": 1
                                                        },
                                                        {
                                                            "Worker Number": 1,
                                                            "Actual Startup Time": 34.974,
                                                            "Actual Total Time": 34.975,
                                                            "Actual Rows": 11920,
                                                            "Actual Loops": 1
                                                        },
                                                        {
                                                            "Worker Number": 2,
                                                            "Actual Startup Time": 35.368,
                                                            "Actual Total Time": 35.37,
                                                            "Actual Rows": 9614,
                                                            "Actual Loops": 1
                                                        },
                                                        {
                                                            "Worker Number": 3,
                                                            "Actual Startup Time": 35.882,
                                                            "Actual Total Time": 35.883,
                                                            "Actual Rows": 10338,
                                                            "Actual Loops": 1
                                                        },
                                                        {
                                                            "Worker Number": 4,
                                                            "Actual Startup Time": 35.982,
                                                            "Actual Total Time": 35.983,
                                                            "Actual Rows": 11819,
                                                            "Actual Loops": 1
                                                        }
                                                    ],
                                                    "Plans": [
                                                        {
                                                            "Node Type": "Bitmap Heap Scan",
                                                            "Parent Relationship": "Outer",
                                                            "Parallel Aware": true,
                                                            "Relation Name": "title",
                                                            "Schema": "public",
                                                            "Alias": "t",
                                                            "Startup Cost": 1825.6,
                                                            "Total Cost": 38138.59,
                                                            "Plan Rows": 25199,
                                                            "Plan Width": 4,
                                                            "Actual Startup Time": 1.709,
                                                            "Actual Total Time": 30.258,
                                                            "Actual Rows": 16756,
                                                            "Actual Loops": 6,
                                                            "Output": [
                                                                "t.id"
                                                            ],
                                                            "Recheck Cond": "(t.kind_id = 3)",
                                                            "Rows Removed by Index Recheck": 0,
                                                            "Exact Heap Blocks": 5944,
                                                            "Lossy Heap Blocks": 0,
                                                            "Workers": [
                                                                {
                                                                    "Worker Number": 0,
                                                                    "Actual Startup Time": 0.149,
                                                                    "Actual Total Time": 29.294,
                                                                    "Actual Rows": 11082,
                                                                    "Actual Loops": 1
                                                                },
                                                                {
                                                                    "Worker Number": 1,
                                                                    "Actual Startup Time": 0.131,
                                                                    "Actual Total Time": 29.034,
                                                                    "Actual Rows": 11920,
                                                                    "Actual Loops": 1
                                                                },
                                                                {
                                                                    "Worker Number": 2,
                                                                    "Actual Startup Time": 0.231,
                                                                    "Actual Total Time": 28.684,
                                                                    "Actual Rows": 9614,
                                                                    "Actual Loops": 1
                                                                },
                                                                {
                                                                    "Worker Number": 3,
                                                                    "Actual Startup Time": 0.218,
                                                                    "Actual Total Time": 28.831,
                                                                    "Actual Rows": 10338,
                                                                    "Actual Loops": 1
                                                                },
                                                                {
                                                                    "Worker Number": 4,
                                                                    "Actual Startup Time": 0.158,
                                                                    "Actual Total Time": 29.902,
                                                                    "Actual Rows": 11819,
                                                                    "Actual Loops": 1
                                                                }
                                                            ],
                                                            "Plans": [
                                                                {
                                                                    "Node Type": "Bitmap Index Scan",
                                                                    "Parent Relationship": "Outer",
                                                                    "Parallel Aware": false,
                                                                    "Index Name": "kind_id_title",
                                                                    "Startup Cost": 0.0,
                                                                    "Total Cost": 1800.4,
                                                                    "Plan Rows": 100796,
                                                                    "Plan Width": 0,
                                                                    "Actual Startup Time": 7.229,
                                                                    "Actual Total Time": 7.229,
                                                                    "Actual Rows": 100537,
                                                                    "Actual Loops": 1,
                                                                    "Index Cond": "(t.kind_id = 3)"
                                                                }
                                                            ]
                                                        }
                                                    ]
                                                }
                                            ]
                                        },
                                        {
                                            "Node Type": "Index Scan",
                                            "Parent Relationship": "Inner",
                                            "Parallel Aware": false,
                                            "Scan Direction": "Forward",
                                            "Index Name": "movie_id_cast_info",
                                            "Relation Name": "cast_info",
                                            "Schema": "public",
                                            "Alias": "ci",
                                            "Startup Cost": 0.56,
                                            "Total Cost": 1.5,
                                            "Plan Rows": 25,
                                            "Plan Width": 4,
                                            "Actual Startup Time": 0.014,
                                            "Actual Total Time": 0.027,
                                            "Actual Rows": 18,
                                            "Actual Loops": 388716,
                                            "Output": [
                                                "ci.id",
                                                "ci.person_id",
                                                "ci.movie_id",
                                                "ci.person_role_id",
                                                "ci.note",
                                                "ci.nr_order",
                                                "ci.role_id"
                                            ],
                                            "Index Cond": "(ci.movie_id = mi.movie_id)",
                                            "Rows Removed by Index Recheck": 0,
                                            "Filter": "(ci.role_id > 1)",
                                            "Rows Removed by Filter": 12,
                                            "Workers": [
                                                {
                                                    "Worker Number": 0,
                                                    "Actual Startup Time": 0.014,
                                                    "Actual Total Time": 0.027,
                                                    "Actual Rows": 18,
                                                    "Actual Loops": 65264
                                                },
                                                {
                                                    "Worker Number": 1,
                                                    "Actual Startup Time": 0.014,
                                                    "Actual Total Time": 0.027,
                                                    "Actual Rows": 18,
                                                    "Actual Loops": 66292
                                                },
                                                {
                                                    "Worker Number": 2,
                                                    "Actual Startup Time": 0.017,
                                                    "Actual Total Time": 0.034,
                                                    "Actual Rows": 18,
                                                    "Actual Loops": 51844
                                                },
                                                {
                                                    "Worker Number": 3,
                                                    "Actual Startup Time": 0.014,
                                                    "Actual Total Time": 0.027,
                                                    "Actual Rows": 19,
                                                    "Actual Loops": 65197
                                                },
                                                {
                                                    "Worker Number": 4,
                                                    "Actual Startup Time": 0.014,
                                                    "Actual Total Time": 0.027,
                                                    "Actual Rows": 18,
                                                    "Actual Loops": 65346
                                                }
                                            ]
                                        }
                                    ]
                                }
                            ]
                        }
                    ]
                }
            ]
        },
        "Planning Time": 199.94,
        "Triggers": [],
        "Execution Time": 2557.452
    }
]