[
  {
    "Plan": {
      "Node Type": "Aggregate",
      "Strategy": "Plain",
      "Partial Mode": "Finalize",
      "Parallel Aware": false,
      "Startup Cost": 343773.52,
      "Total Cost": 343773.53,
      "Plan Rows": 1,
      "Plan Width": 8,
      "Actual Startup Time": 849.933,
      "Actual Total Time": 908.753,
      "Actual Rows": 1,
      "Actual Loops": 1,
      "Plans": [
        {
          "Node Type": "Gather",
          "Parent Relationship": "Outer",
          "Parallel Aware": false,
          "Startup Cost": 343772.89,
          "Total Cost": 343773.5,
          "Plan Rows": 6,
          "Plan Width": 8,
          "Actual Startup Time": 849.805,
          "Actual Total Time": 908.743,
          "Actual Rows": 7,
          "Actual Loops": 1,
          "Workers Planned": 6,
          "Workers Launched": 6,
          "Single Copy": false,
          "Plans": [
            {
              "Node Type": "Aggregate",
              "Strategy": "Plain",
              "Partial Mode": "Partial",
              "Parent Relationship": "Outer",
              "Parallel Aware": false,
              "Startup Cost": 342772.89,
              "Total Cost": 342772.9,
              "Plan Rows": 1,
              "Plan Width": 8,
              "Actual Startup Time": 840.74,
              "Actual Total Time": 840.741,
              "Actual Rows": 1,
              "Actual Loops": 7,
              "Plans": [
                {
                  "Node Type": "Seq Scan",
                  "Parent Relationship": "Outer",
                  "Parallel Aware": true,
                  "Relation Name": "cast_info",
                  "Alias": "ci",
                  "Startup Cost": 0.0,
                  "Total Cost": 328162.03,
                  "Plan Rows": 5844347,
                  "Plan Width": 0,
                  "Actual Startup Time": 23.159,
                  "Actual Total Time": 635.301,
                  "Actual Rows": 5009444,
                  "Actual Loops": 7,
                  "Filter": "(person_id > 119195)",
                  "Rows Removed by Filter": 168319
                }
              ]
            }
          ]
        }
      ]
    },
    "Planning Time": 0.126,
    "Triggers": [],
    "Execution Time": 908.809
  }
]