{
  "Plan": {
    "Node Type": "Aggregate",
    "Strategy": "Plain",
    "Partial Mode": "Finalize",
    "Parallel Aware": false,
    "Startup Cost": 78409.7,
    "Total Cost": 78409.71,
    "Plan Rows": 1,
    "Plan Width": 8,
    "Actual Startup Time": 217.666,
    "Actual Total Time": 230.683,
    "Actual Rows": 1,
    "Actual Loops": 1,
    "Plans": [
      {
        "Node Type": "Gather",
        "Parent Relationship": "Outer",
        "Parallel Aware": false,
        "Startup Cost": 78409.59,
        "Total Cost": 78409.7,
        "Plan Rows": 1,
        "Plan Width": 8,
        "Actual Startup Time": 217.345,
        "Actual Total Time": 230.675,
        "Actual Rows": 2,
        "Actual Loops": 1,
        "Workers Planned": 1,
        "Workers Launched": 1,
        "Single Copy": false,
        "Plans": [
          {
            "Node Type": "Aggregate",
            "Strategy": "Plain",
            "Partial Mode": "Partial",
            "Parent Relationship": "Outer",
            "Parallel Aware": false,
            "Startup Cost": 77409.59,
            "Total Cost": 77409.6,
            "Plan Rows": 1,
            "Plan Width": 8,
            "Actual Startup Time": 213.762,
            "Actual Total Time": 213.765,
            "Actual Rows": 1,
            "Actual Loops": 2,
            "Plans": [
              {
                "Node Type": "Hash Join",
                "Parent Relationship": "Outer",
                "Parallel Aware": true,
                "Join Type": "Inner",
                "Startup Cost": 58614.21,
                "Total Cost": 77398.52,
                "Plan Rows": 4427,
                "Plan Width": 0,
                "Actual Startup Time": 141.334,
                "Actual Total Time": 213.688,
                "Actual Rows": 1378,
                "Actual Loops": 2,
                "Inner Unique": true,
                "Hash Cond": "(mi_idx.movie_id = t.id)",
                "Plans": [
                  {
                    "Node Type": "Seq Scan",
                    "Parent Relationship": "Outer",
                    "Parallel Aware": true,
                    "Relation Name": "movie_info_idx",
                    "Alias": "mi_idx",
                    "Startup Cost": 0.0,
                    "Total Cost": 18082.32,
                    "Plan Rows": 267429,
                    "Plan Width": 4,
                    "Actual Startup Time": 0.019,
                    "Actual Total Time": 49.028,
                    "Actual Rows": 229962,
                    "Actual Loops": 2,
                    "Filter": "(info_type_id < 100)",
                    "Rows Removed by Filter": 460055
                  },
                  {
                    "Node Type": "Hash",
                    "Parent Relationship": "Inner",
                    "Parallel Aware": true,
                    "Startup Cost": 58306.47,
                    "Total Cost": 58306.47,
                    "Plan Rows": 24619,
                    "Plan Width": 4,
                    "Actual Startup Time": 140.01,
                    "Actual Total Time": 140.011,
                    "Actual Rows": 20128,
                    "Actual Loops": 2,
                    "Hash Buckets": 65536,
                    "Original Hash Buckets": 65536,
                    "Hash Batches": 1,
                    "Original Hash Batches": 1,
                    "Peak Memory Usage": 2112,
                    "Plans": [
                      {
                        "Node Type": "Seq Scan",
                        "Parent Relationship": "Outer",
                        "Parallel Aware": true,
                        "Relation Name": "title",
                        "Alias": "t",
                        "Startup Cost": 0.0,
                        "Total Cost": 58306.47,
                        "Plan Rows": 24619,
                        "Plan Width": 4,
                        "Actual Startup Time": 0.047,
                        "Actual Total Time": 133.976,
                        "Actual Rows": 20128,
                        "Actual Loops": 2,
                        "Filter": "((production_year > 2012) AND (kind_id = 7))",
                        "Rows Removed by Filter": 1244028
                      }
                    ]
                  }
                ]
              }
            ]
          }
        ]
      }
    ]
  },
  "Planning Time": 0.379,
  "Triggers": [],
  "Execution Time": 230.743
}