[
  {
    "Plan": {
      "Node Type": "Aggregate",
      "Strategy": "Plain",
      "Partial Mode": "Finalize",
      "Parallel Aware": false,
      "Startup Cost": 46482.95,
      "Total Cost": 46482.96,
      "Plan Rows": 1,
      "Plan Width": 8,
      "Actual Startup Time": 70.711,
      "Actual Total Time": 76.844,
      "Actual Rows": 1,
      "Actual Loops": 1,
      "Plans": [
        {
          "Node Type": "Gather",
          "Parent Relationship": "Outer",
          "Parallel Aware": false,
          "Startup Cost": 46482.53,
          "Total Cost": 46482.94,
          "Plan Rows": 4,
          "Plan Width": 8,
          "Actual Startup Time": 70.569,
          "Actual Total Time": 76.837,
          "Actual Rows": 5,
          "Actual Loops": 1,
          "Workers Planned": 4,
          "Workers Launched": 4,
          "Single Copy": false,
          "Plans": [
            {
              "Node Type": "Aggregate",
              "Strategy": "Plain",
              "Partial Mode": "Partial",
              "Parent Relationship": "Outer",
              "Parallel Aware": false,
              "Startup Cost": 45482.53,
              "Total Cost": 45482.54,
              "Plan Rows": 1,
              "Plan Width": 8,
              "Actual Startup Time": 66.46,
              "Actual Total Time": 66.461,
              "Actual Rows": 1,
              "Actual Loops": 5,
              "Plans": [
                {
                  "Node Type": "Seq Scan",
                  "Parent Relationship": "Outer",
                  "Parallel Aware": true,
                  "Relation Name": "title",
                  "Alias": "t",
                  "Startup Cost": 0.0,
                  "Total Cost": 45479.21,
                  "Plan Rows": 1327,
                  "Plan Width": 0,
                  "Actual Startup Time": 1.642,
                  "Actual Total Time": 66.337,
                  "Actual Rows": 1183,
                  "Actual Loops": 5,
                  "Filter": "((kind_id < 7) AND (production_year = 1974))",
                  "Rows Removed by Filter": 504480
                }
              ]
            }
          ]
        }
      ]
    },
    "Planning Time": 0.076,
    "Triggers": [],
    "Execution Time": 76.871
  }
]