{
  "Plan": {
    "Node Type": "Aggregate",
    "Strategy": "Plain",
    "Partial Mode": "Finalize",
    "Parallel Aware": false,
    "Startup Cost": 99468.35,
    "Total Cost": 99468.36,
    "Plan Rows": 1,
    "Plan Width": 8,
    "Actual Startup Time": 311.489,
    "Actual Total Time": 327.466,
    "Actual Rows": 1,
    "Actual Loops": 1,
    "Plans": [
      {
        "Node Type": "Gather",
        "Parent Relationship": "Outer",
        "Parallel Aware": false,
        "Startup Cost": 99468.24,
        "Total Cost": 99468.35,
        "Plan Rows": 1,
        "Plan Width": 8,
        "Actual Startup Time": 311.258,
        "Actual Total Time": 327.459,
        "Actual Rows": 2,
        "Actual Loops": 1,
        "Workers Planned": 1,
        "Workers Launched": 1,
        "Single Copy": false,
        "Plans": [
          {
            "Node Type": "Aggregate",
            "Strategy": "Plain",
            "Partial Mode": "Partial",
            "Parent Relationship": "Outer",
            "Parallel Aware": false,
            "Startup Cost": 98468.24,
            "Total Cost": 98468.25,
            "Plan Rows": 1,
            "Plan Width": 8,
            "Actual Startup Time": 305.593,
            "Actual Total Time": 305.596,
            "Actual Rows": 1,
            "Actual Loops": 2,
            "Plans": [
              {
                "Node Type": "Hash Join",
                "Parent Relationship": "Outer",
                "Parallel Aware": true,
                "Join Type": "Inner",
                "Startup Cost": 58386.92,
                "Total Cost": 98459.59,
                "Plan Rows": 3459,
                "Plan Width": 0,
                "Actual Startup Time": 146.201,
                "Actual Total Time": 305.369,
                "Actual Rows": 3786,
                "Actual Loops": 2,
                "Inner Unique": true,
                "Hash Cond": "(mc.movie_id = t.id)",
                "Plans": [
                  {
                    "Node Type": "Seq Scan",
                    "Parent Relationship": "Outer",
                    "Parallel Aware": true,
                    "Relation Name": "movie_companies",
                    "Alias": "mc",
                    "Startup Cost": 0.0,
                    "Total Cost": 37974.77,
                    "Plan Rows": 799200,
                    "Plan Width": 4,
                    "Actual Startup Time": 0.014,
                    "Actual Total Time": 110.511,
                    "Actual Rows": 676038,
                    "Actual Loops": 2,
                    "Filter": "(company_id < 11617)",
                    "Rows Removed by Filter": 628527
                  },
                  {
                    "Node Type": "Hash",
                    "Parent Relationship": "Inner",
                    "Parallel Aware": true,
                    "Startup Cost": 58306.47,
                    "Total Cost": 58306.47,
                    "Plan Rows": 6436,
                    "Plan Width": 4,
                    "Actual Startup Time": 144.977,
                    "Actual Total Time": 144.978,
                    "Actual Rows": 5241,
                    "Actual Loops": 2,
                    "Hash Buckets": 16384,
                    "Original Hash Buckets": 16384,
                    "Hash Batches": 1,
                    "Original Hash Batches": 1,
                    "Peak Memory Usage": 576,
                    "Plans": [
                      {
                        "Node Type": "Seq Scan",
                        "Parent Relationship": "Outer",
                        "Parallel Aware": true,
                        "Relation Name": "title",
                        "Alias": "t",
                        "Startup Cost": 0.0,
                        "Total Cost": 58306.47,
                        "Plan Rows": 6436,
                        "Plan Width": 4,
                        "Actual Startup Time": 0.045,
                        "Actual Total Time": 142.866,
                        "Actual Rows": 5241,
                        "Actual Loops": 2,
                        "Filter": "((kind_id > 1) AND (production_year = 1982))",
                        "Rows Removed by Filter": 1258915
                      }
                    ]
                  }
                ]
              }
            ]
          }
        ]
      }
    ]
  },
  "Planning Time": 0.465,
  "Triggers": [],
  "Execution Time": 327.535
}