{
  "Plan": {
    "Node Type": "Aggregate",
    "Strategy": "Plain",
    "Partial Mode": "Finalize",
    "Parallel Aware": false,
    "Startup Cost": 90732.0,
    "Total Cost": 90732.01,
    "Plan Rows": 1,
    "Plan Width": 8,
    "Actual Startup Time": 240.255,
    "Actual Total Time": 253.01,
    "Actual Rows": 1,
    "Actual Loops": 1,
    "Plans": [
      {
        "Node Type": "Gather",
        "Parent Relationship": "Outer",
        "Parallel Aware": false,
        "Startup Cost": 90731.89,
        "Total Cost": 90732.0,
        "Plan Rows": 1,
        "Plan Width": 8,
        "Actual Startup Time": 239.804,
        "Actual Total Time": 253.004,
        "Actual Rows": 2,
        "Actual Loops": 1,
        "Workers Planned": 1,
        "Workers Launched": 1,
        "Single Copy": false,
        "Plans": [
          {
            "Node Type": "Aggregate",
            "Strategy": "Plain",
            "Partial Mode": "Partial",
            "Parent Relationship": "Outer",
            "Parallel Aware": false,
            "Startup Cost": 89731.89,
            "Total Cost": 89731.9,
            "Plan Rows": 1,
            "Plan Width": 8,
            "Actual Startup Time": 233.831,
            "Actual Total Time": 233.835,
            "Actual Rows": 1,
            "Actual Loops": 2,
            "Plans": [
              {
                "Node Type": "Hash Join",
                "Parent Relationship": "Outer",
                "Parallel Aware": true,
                "Join Type": "Inner",
                "Startup Cost": 67500.2,
                "Total Cost": 89705.33,
                "Plan Rows": 10621,
                "Plan Width": 0,
                "Actual Startup Time": 177.692,
                "Actual Total Time": 233.631,
                "Actual Rows": 3032,
                "Actual Loops": 2,
                "Inner Unique": true,
                "Hash Cond": "(mc.movie_id = t.id)",
                "Plans": [
                  {
                    "Node Type": "Bitmap Heap Scan",
                    "Parent Relationship": "Outer",
                    "Parallel Aware": true,
                    "Relation Name": "movie_companies",
                    "Alias": "mc",
                    "Startup Cost": 8319.27,
                    "Total Cost": 29931.69,
                    "Plan Rows": 225794,
                    "Plan Width": 4,
                    "Actual Startup Time": 17.117,
                    "Actual Total Time": 44.342,
                    "Actual Rows": 195348,
                    "Actual Loops": 2,
                    "Recheck Cond": "(company_id > 83216)",
                    "Rows Removed by Index Recheck": 0,
                    "Exact Heap Blocks": 3485,
                    "Lossy Heap Blocks": 0,
                    "Plans": [
                      {
                        "Node Type": "Bitmap Index Scan",
                        "Parent Relationship": "Outer",
                        "Parallel Aware": false,
                        "Index Name": "company_id_movie_companies",
                        "Startup Cost": 0.0,
                        "Total Cost": 8223.31,
                        "Plan Rows": 383850,
                        "Plan Width": 0,
                        "Actual Startup Time": 16.235,
                        "Actual Total Time": 16.236,
                        "Actual Rows": 390696,
                        "Actual Loops": 1,
                        "Index Cond": "(company_id > 83216)"
                      }
                    ]
                  },
                  {
                    "Node Type": "Hash",
                    "Parent Relationship": "Inner",
                    "Parallel Aware": true,
                    "Startup Cost": 58306.47,
                    "Total Cost": 58306.47,
                    "Plan Rows": 69957,
                    "Plan Width": 4,
                    "Actual Startup Time": 158.042,
                    "Actual Total Time": 158.043,
                    "Actual Rows": 61303,
                    "Actual Loops": 2,
                    "Hash Buckets": 131072,
                    "Original Hash Buckets": 131072,
                    "Hash Batches": 1,
                    "Original Hash Batches": 1,
                    "Peak Memory Usage": 5856,
                    "Plans": [
                      {
                        "Node Type": "Seq Scan",
                        "Parent Relationship": "Outer",
                        "Parallel Aware": true,
                        "Relation Name": "title",
                        "Alias": "t",
                        "Startup Cost": 0.0,
                        "Total Cost": 58306.47,
                        "Plan Rows": 69957,
                        "Plan Width": 4,
                        "Actual Startup Time": 0.037,
                        "Actual Total Time": 142.357,
                        "Actual Rows": 61303,
                        "Actual Loops": 2,
                        "Filter": "((kind_id > 1) AND (production_year = 2011))",
                        "Rows Removed by Filter": 1202853
                      }
                    ]
                  }
                ]
              }
            ]
          }
        ]
      }
    ]
  },
  "Planning Time": 0.477,
  "Triggers": [],
  "Execution Time": 253.106
}