[
  {
    "Plan": {
      "Node Type": "Aggregate",
      "Strategy": "Plain",
      "Partial Mode": "Finalize",
      "Parallel Aware": false,
      "Startup Cost": 46265.35,
      "Total Cost": 46265.36,
      "Plan Rows": 1,
      "Plan Width": 8,
      "Actual Startup Time": 184.917,
      "Actual Total Time": 196.811,
      "Actual Rows": 1,
      "Actual Loops": 1,
      "Plans": [
        {
          "Node Type": "Gather",
          "Parent Relationship": "Outer",
          "Parallel Aware": false,
          "Startup Cost": 46265.04,
          "Total Cost": 46265.35,
          "Plan Rows": 3,
          "Plan Width": 8,
          "Actual Startup Time": 184.769,
          "Actual Total Time": 196.801,
          "Actual Rows": 4,
          "Actual Loops": 1,
          "Workers Planned": 3,
          "Workers Launched": 3,
          "Single Copy": false,
          "Plans": [
            {
              "Node Type": "Aggregate",
              "Strategy": "Plain",
              "Partial Mode": "Partial",
              "Parent Relationship": "Outer",
              "Parallel Aware": false,
              "Startup Cost": 45265.04,
              "Total Cost": 45265.05,
              "Plan Rows": 1,
              "Plan Width": 8,
              "Actual Startup Time": 177.219,
              "Actual Total Time": 177.22,
              "Actual Rows": 1,
              "Actual Loops": 4,
              "Plans": [
                {
                  "Node Type": "Seq Scan",
                  "Parent Relationship": "Outer",
                  "Parallel Aware": true,
                  "Relation Name": "movie_keyword",
                  "Alias": "mk",
                  "Startup Cost": 0.0,
                  "Total Cost": 42695.65,
                  "Plan Rows": 1027753,
                  "Plan Width": 0,
                  "Actual Startup Time": 0.215,
                  "Actual Total Time": 134.36,
                  "Actual Rows": 794774,
                  "Actual Loops": 4,
                  "Filter": "(keyword_id > 1749)",
                  "Rows Removed by Filter": 336208
                }
              ]
            }
          ]
        }
      ]
    },
    "Planning Time": 0.154,
    "Triggers": [],
    "Execution Time": 196.867
  }
]