{
    "Plan": {
        "Node Type": "Aggregate",
        "Strategy": "Plain",
        "Partial Mode": "Simple",
        "Parallel Aware": false,
        "Startup Cost": 30010077566.98,
        "Total Cost": 30010077566.99,
        "Plan Rows": 1,
        "Plan Width": 8,
        "Actual Startup Time": 25593.465,
        "Actual Total Time": 25593.475,
        "Actual Rows": 1,
        "Actual Loops": 1,
        "Output": [
            "count(*)"
        ],
        "Plans": [
            {
                "Node Type": "Hash Join",
                "Parent Relationship": "Outer",
                "Parallel Aware": false,
                "Join Type": "Inner",
                "Startup Cost": 30000173465.34,
                "Total Cost": 30010052467.79,
                "Plan Rows": 10039674,
                "Plan Width": 0,
                "Actual Startup Time": 1732.878,
                "Actual Total Time": 23412.172,
                "Actual Rows": 53207878,
                "Actual Loops": 1,
                "Inner Unique": false,
                "Hash Cond": "(t.id = mc.movie_id)",
                "Plans": [
                    {
                        "Node Type": "Nested Loop",
                        "Parent Relationship": "Outer",
                        "Parallel Aware": false,
                        "Join Type": "Inner",
                        "Startup Cost": 20000000001.3,
                        "Total Cost": 20009693480.59,
                        "Plan Rows": 9728736,
                        "Plan Width": 8,
                        "Actual Startup Time": 0.101,
                        "Actual Total Time": 16721.152,
                        "Actual Rows": 11024969,
                        "Actual Loops": 1,
                        "Output": [
                            "t.id",
                            "mi.movie_id"
                        ],
                        "Inner Unique": false,
                        "Plans": [
                            {
                                "Node Type": "Index Scan",
                                "Parent Relationship": "Outer",
                                "Parallel Aware": false,
                                "Scan Direction": "Forward",
                                "Index Name": "title_pkey",
                                "Relation Name": "title",
                                "Schema": "public",
                                "Alias": "t",
                                "Startup Cost": 10000000000.43,
                                "Total Cost": 10000116662.9,
                                "Plan Rows": 1667043,
                                "Plan Width": 4,
                                "Actual Startup Time": 0.033,
                                "Actual Total Time": 2195.907,
                                "Actual Rows": 1671292,
                                "Actual Loops": 1,
                                "Output": [
                                    "t.id",
                                    "t.title",
                                    "t.imdb_index",
                                    "t.kind_id",
                                    "t.production_year",
                                    "t.imdb_id",
                                    "t.phonetic_code",
                                    "t.episode_of_id",
                                    "t.season_nr",
                                    "t.episode_nr",
                                    "t.series_years",
                                    "t.md5sum"
                                ],
                                "Filter": "(t.production_year < 2008)",
                                "Rows Removed by Filter": 857020
                            },
                            {
                                "Node Type": "Bitmap Heap Scan",
                                "Parent Relationship": "Inner",
                                "Parallel Aware": false,
                                "Relation Name": "movie_info",
                                "Schema": "public",
                                "Alias": "mi",
                                "Startup Cost": 0.87,
                                "Total Cost": 5.35,
                                "Plan Rows": 39,
                                "Plan Width": 4,
                                "Actual Startup Time": 0.004,
                                "Actual Total Time": 0.006,
                                "Actual Rows": 7,
                                "Actual Loops": 1671292,
                                "Output": [
                                    "mi.id",
                                    "mi.movie_id",
                                    "mi.info_type_id",
                                    "mi.info",
                                    "mi.note"
                                ],
                                "Recheck Cond": "(mi.movie_id = t.id)",
                                "Rows Removed by Index Recheck": 0,
                                "Exact Heap Blocks": 7383855,
                                "Lossy Heap Blocks": 0,
                                "Plans": [
                                    {
                                        "Node Type": "Bitmap Index Scan",
                                        "Parent Relationship": "Outer",
                                        "Parallel Aware": false,
                                        "Index Name": "movie_id_movie_info",
                                        "Startup Cost": 0.0,
                                        "Total Cost": 0.86,
                                        "Plan Rows": 39,
                                        "Plan Width": 0,
                                        "Actual Startup Time": 0.003,
                                        "Actual Total Time": 0.003,
                                        "Actual Rows": 7,
                                        "Actual Loops": 1671292,
                                        "Index Cond": "(mi.movie_id = t.id)"
                                    }
                                ]
                            }
                        ]
                    },
                    {
                        "Node Type": "Hash",
                        "Parent Relationship": "Inner",
                        "Parallel Aware": false,
                        "Startup Cost": 10000140849.93,
                        "Total Cost": 10000140849.93,
                        "Plan Rows": 2609129,
                        "Plan Width": 4,
                        "Actual Startup Time": 1703.214,
                        "Actual Total Time": 1703.215,
                        "Actual Rows": 2609129,
                        "Actual Loops": 1,
                        "Output": [
                            "mc.movie_id"
                        ],
                        "Hash Buckets": 4194304,
                        "Original Hash Buckets": 4194304,
                        "Hash Batches": 1,
                        "Original Hash Batches": 1,
                        "Peak Memory Usage": 124496,
                        "Plans": [
                            {
                                "Node Type": "Index Scan",
                                "Parent Relationship": "Outer",
                                "Parallel Aware": false,
                                "Scan Direction": "Forward",
                                "Index Name": "movie_id_movie_companies",
                                "Relation Name": "movie_companies",
                                "Schema": "public",
                                "Alias": "mc",
                                "Startup Cost": 10000000000.43,
                                "Total Cost": 10000140849.93,
                                "Plan Rows": 2609129,
                                "Plan Width": 4,
                                "Actual Startup Time": 0.074,
                                "Actual Total Time": 1039.463,
                                "Actual Rows": 2609129,
                                "Actual Loops": 1,
                                "Output": [
                                    "mc.movie_id"
                                ]
                            }
                        ]
                    }
                ]
            }
        ]
    },
    "Planning Time": 3.498,
    "Triggers": [],
    "Execution Time": 25596.209
}