[
  {
    "Plan": {
      "Node Type": "Aggregate",
      "Strategy": "Plain",
      "Partial Mode": "Finalize",
      "Parallel Aware": false,
      "Startup Cost": 158886.37,
      "Total Cost": 158886.38,
      "Plan Rows": 1,
      "Plan Width": 8,
      "Actual Startup Time": 241.327,
      "Actual Total Time": 254.825,
      "Actual Rows": 1,
      "Actual Loops": 1,
      "Plans": [
        {
          "Node Type": "Gather",
          "Parent Relationship": "Outer",
          "Parallel Aware": false,
          "Startup Cost": 158885.85,
          "Total Cost": 158886.36,
          "Plan Rows": 5,
          "Plan Width": 8,
          "Actual Startup Time": 241.266,
          "Actual Total Time": 254.816,
          "Actual Rows": 6,
          "Actual Loops": 1,
          "Workers Planned": 5,
          "Workers Launched": 5,
          "Single Copy": false,
          "Plans": [
            {
              "Node Type": "Aggregate",
              "Strategy": "Plain",
              "Partial Mode": "Partial",
              "Parent Relationship": "Outer",
              "Parallel Aware": false,
              "Startup Cost": 157885.85,
              "Total Cost": 157885.86,
              "Plan Rows": 1,
              "Plan Width": 8,
              "Actual Startup Time": 234.031,
              "Actual Total Time": 234.033,
              "Actual Rows": 1,
              "Actual Loops": 6,
              "Plans": [
                {
                  "Node Type": "Index Scan",
                  "Parent Relationship": "Outer",
                  "Parallel Aware": true,
                  "Scan Direction": "Forward",
                  "Index Name": "role_id_cast_info",
                  "Relation Name": "cast_info",
                  "Alias": "ci",
                  "Startup Cost": 0.56,
                  "Total Cost": 156659.89,
                  "Plan Rows": 490384,
                  "Plan Width": 0,
                  "Actual Startup Time": 0.197,
                  "Actual Total Time": 198.06,
                  "Actual Rows": 769180,
                  "Actual Loops": 6,
                  "Index Cond": "(role_id > 8)",
                  "Rows Removed by Index Recheck": 0,
                  "Filter": "(person_id > 2094848)",
                  "Rows Removed by Filter": 186269
                }
              ]
            }
          ]
        }
      ]
    },
    "Planning Time": 0.115,
    "Triggers": [],
    "Execution Time": 254.861
  }
]