[
    {
        "Bao": {
            "Bao prediction": "NaN",
            "Bao recommended hint": "(no hint)"
        }
    },
    {
        "Plan": {
            "Node Type": "Aggregate",
            "Strategy": "Plain",
            "Partial Mode": "Finalize",
            "Parallel Aware": false,
            "Startup Cost": 132733.1,
            "Total Cost": 132733.11,
            "Plan Rows": 1,
            "Plan Width": 8,
            "Actual Startup Time": 725.443,
            "Actual Total Time": 740.164,
            "Actual Rows": 1,
            "Actual Loops": 1,
            "Output": [
                "count(*)"
            ],
            "Plans": [
                {
                    "Node Type": "Gather",
                    "Parent Relationship": "Outer",
                    "Parallel Aware": false,
                    "Startup Cost": 132732.78,
                    "Total Cost": 132733.09,
                    "Plan Rows": 3,
                    "Plan Width": 8,
                    "Actual Startup Time": 712.977,
                    "Actual Total Time": 740.154,
                    "Actual Rows": 4,
                    "Actual Loops": 1,
                    "Output": [
                        "(PARTIAL count(*))"
                    ],
                    "Workers Planned": 3,
                    "Workers Launched": 3,
                    "Single Copy": false,
                    "Plans": [
                        {
                            "Node Type": "Aggregate",
                            "Strategy": "Plain",
                            "Partial Mode": "Partial",
                            "Parent Relationship": "Outer",
                            "Parallel Aware": false,
                            "Startup Cost": 131732.78,
                            "Total Cost": 131732.79,
                            "Plan Rows": 1,
                            "Plan Width": 8,
                            "Actual Startup Time": 704.443,
                            "Actual Total Time": 704.637,
                            "Actual Rows": 1,
                            "Actual Loops": 4,
                            "Output": [
                                "PARTIAL count(*)"
                            ],
                            "Workers": [
                                {
                                    "Worker Number": 0,
                                    "Actual Startup Time": 701.151,
                                    "Actual Total Time": 701.156,
                                    "Actual Rows": 1,
                                    "Actual Loops": 1
                                },
                                {
                                    "Worker Number": 1,
                                    "Actual Startup Time": 701.8,
                                    "Actual Total Time": 701.805,
                                    "Actual Rows": 1,
                                    "Actual Loops": 1
                                },
                                {
                                    "Worker Number": 2,
                                    "Actual Startup Time": 702.216,
                                    "Actual Total Time": 702.221,
                                    "Actual Rows": 1,
                                    "Actual Loops": 1
                                }
                            ],
                            "Plans": [
                                {
                                    "Node Type": "Hash Join",
                                    "Parent Relationship": "Outer",
                                    "Parallel Aware": true,
                                    "Join Type": "Inner",
                                    "Startup Cost": 84985.06,
                                    "Total Cost": 130760.03,
                                    "Plan Rows": 389099,
                                    "Plan Width": 0,
                                    "Actual Startup Time": 473.33,
                                    "Actual Total Time": 696.882,
                                    "Actual Rows": 152338,
                                    "Actual Loops": 4,
                                    "Inner Unique": false,
                                    "Hash Cond": "(mk.movie_id = t.id)",
                                    "Workers": [
                                        {
                                            "Worker Number": 0,
                                            "Actual Startup Time": 470.118,
                                            "Actual Total Time": 693.856,
                                            "Actual Rows": 172605,
                                            "Actual Loops": 1
                                        },
                                        {
                                            "Worker Number": 1,
                                            "Actual Startup Time": 470.783,
                                            "Actual Total Time": 694.45,
                                            "Actual Rows": 184425,
                                            "Actual Loops": 1
                                        },
                                        {
                                            "Worker Number": 2,
                                            "Actual Startup Time": 470.78,
                                            "Actual Total Time": 694.458,
                                            "Actual Rows": 118731,
                                            "Actual Loops": 1
                                        }
                                    ],
                                    "Plans": [
                                        {
                                            "Node Type": "Seq Scan",
                                            "Parent Relationship": "Outer",
                                            "Parallel Aware": true,
                                            "Relation Name": "movie_keyword",
                                            "Schema": "public",
                                            "Alias": "mk",
                                            "Startup Cost": 0.0,
                                            "Total Cost": 39047.32,
                                            "Plan Rows": 1459332,
                                            "Plan Width": 4,
                                            "Actual Startup Time": 0.018,
                                            "Actual Total Time": 100.58,
                                            "Actual Rows": 1130982,
                                            "Actual Loops": 4,
                                            "Output": [
                                                "mk.id",
                                                "mk.movie_id",
                                                "mk.keyword_id"
                                            ],
                                            "Workers": [
                                                {
                                                    "Worker Number": 0,
                                                    "Actual Startup Time": 0.02,
                                                    "Actual Total Time": 103.021,
                                                    "Actual Rows": 1242275,
                                                    "Actual Loops": 1
                                                },
                                                {
                                                    "Worker Number": 1,
                                                    "Actual Startup Time": 0.018,
                                                    "Actual Total Time": 102.455,
                                                    "Actual Rows": 1399835,
                                                    "Actual Loops": 1
                                                },
                                                {
                                                    "Worker Number": 2,
                                                    "Actual Startup Time": 0.023,
                                                    "Actual Total Time": 103.802,
                                                    "Actual Rows": 881895,
                                                    "Actual Loops": 1
                                                }
                                            ]
                                        },
                                        {
                                            "Node Type": "Hash",
                                            "Parent Relationship": "Inner",
                                            "Parallel Aware": true,
                                            "Startup Cost": 82266.82,
                                            "Total Cost": 82266.82,
                                            "Plan Rows": 217459,
                                            "Plan Width": 8,
                                            "Actual Startup Time": 470.057,
                                            "Actual Total Time": 470.25,
                                            "Actual Rows": 90208,
                                            "Actual Loops": 4,
                                            "Output": [
                                                "t.id",
                                                "mc.movie_id"
                                            ],
                                            "Hash Buckets": 1048576,
                                            "Original Hash Buckets": 1048576,
                                            "Hash Batches": 1,
                                            "Original Hash Batches": 1,
                                            "Peak Memory Usage": 22400,
                                            "Workers": [
                                                {
                                                    "Worker Number": 0,
                                                    "Actual Startup Time": 469.293,
                                                    "Actual Total Time": 469.297,
                                                    "Actual Rows": 96527,
                                                    "Actual Loops": 1
                                                },
                                                {
                                                    "Worker Number": 1,
                                                    "Actual Startup Time": 469.941,
                                                    "Actual Total Time": 469.944,
                                                    "Actual Rows": 108568,
                                                    "Actual Loops": 1
                                                },
                                                {
                                                    "Worker Number": 2,
                                                    "Actual Startup Time": 469.973,
                                                    "Actual Total Time": 469.976,
                                                    "Actual Rows": 76320,
                                                    "Actual Loops": 1
                                                }
                                            ],
                                            "Plans": [
                                                {
                                                    "Node Type": "Hash Join",
                                                    "Parent Relationship": "Outer",
                                                    "Parallel Aware": true,
                                                    "Join Type": "Inner",
                                                    "Startup Cost": 49810.78,
                                                    "Total Cost": 82266.82,
                                                    "Plan Rows": 217459,
                                                    "Plan Width": 8,
                                                    "Actual Startup Time": 298.615,
                                                    "Actual Total Time": 441.904,
                                                    "Actual Rows": 90208,
                                                    "Actual Loops": 4,
                                                    "Output": [
                                                        "t.id",
                                                        "mc.movie_id"
                                                    ],
                                                    "Inner Unique": true,
                                                    "Hash Cond": "(mc.movie_id = t.id)",
                                                    "Workers": [
                                                        {
                                                            "Worker Number": 0,
                                                            "Actual Startup Time": 297.798,
                                                            "Actual Total Time": 440.754,
                                                            "Actual Rows": 96527,
                                                            "Actual Loops": 1
                                                        },
                                                        {
                                                            "Worker Number": 1,
                                                            "Actual Startup Time": 298.47,
                                                            "Actual Total Time": 441.223,
                                                            "Actual Rows": 108568,
                                                            "Actual Loops": 1
                                                        },
                                                        {
                                                            "Worker Number": 2,
                                                            "Actual Startup Time": 298.499,
                                                            "Actual Total Time": 441.426,
                                                            "Actual Rows": 76320,
                                                            "Actual Loops": 1
                                                        }
                                                    ],
                                                    "Plans": [
                                                        {
                                                            "Node Type": "Seq Scan",
                                                            "Parent Relationship": "Outer",
                                                            "Parallel Aware": true,
                                                            "Relation Name": "movie_companies",
                                                            "Schema": "public",
                                                            "Alias": "mc",
                                                            "Startup Cost": 0.0,
                                                            "Total Cost": 31414.82,
                                                            "Plan Rows": 396655,
                                                            "Plan Width": 4,
                                                            "Actual Startup Time": 32.94,
                                                            "Actual Total Time": 79.366,
                                                            "Actual Rows": 323928,
                                                            "Actual Loops": 4,
                                                            "Output": [
                                                                "mc.id",
                                                                "mc.movie_id",
                                                                "mc.company_id",
                                                                "mc.company_type_id",
                                                                "mc.note"
                                                            ],
                                                            "Filter": "((mc.company_id > 52) AND (mc.company_type_id > 1))",
                                                            "Rows Removed by Filter": 328354,
                                                            "Workers": [
                                                                {
                                                                    "Worker Number": 0,
                                                                    "Actual Startup Time": 32.944,
                                                                    "Actual Total Time": 75.792,
                                                                    "Actual Rows": 336688,
                                                                    "Actual Loops": 1
                                                                },
                                                                {
                                                                    "Worker Number": 1,
                                                                    "Actual Startup Time": 32.924,
                                                                    "Actual Total Time": 77.783,
                                                                    "Actual Rows": 386625,
                                                                    "Actual Loops": 1
                                                                },
                                                                {
                                                                    "Worker Number": 2,
                                                                    "Actual Startup Time": 32.916,
                                                                    "Actual Total Time": 83.755,
                                                                    "Actual Rows": 274836,
                                                                    "Actual Loops": 1
                                                                }
                                                            ]
                                                        },
                                                        {
                                                            "Node Type": "Hash",
                                                            "Parent Relationship": "Inner",
                                                            "Parallel Aware": true,
                                                            "Startup Cost": 45479.21,
                                                            "Total Cost": 45479.21,
                                                            "Plan Rows": 346526,
                                                            "Plan Width": 4,
                                                            "Actual Startup Time": 261.68,
                                                            "Actual Total Time": 261.681,
                                                            "Actual Rows": 368606,
                                                            "Actual Loops": 4,
                                                            "Output": [
                                                                "t.id"
                                                            ],
                                                            "Hash Buckets": 2097152,
                                                            "Original Hash Buckets": 2097152,
                                                            "Hash Batches": 1,
                                                            "Original Hash Batches": 1,
                                                            "Peak Memory Usage": 74112,
                                                            "Workers": [
                                                                {
                                                                    "Worker Number": 0,
                                                                    "Actual Startup Time": 264.727,
                                                                    "Actual Total Time": 264.728,
                                                                    "Actual Rows": 367730,
                                                                    "Actual Loops": 1
                                                                },
                                                                {
                                                                    "Worker Number": 1,
                                                                    "Actual Startup Time": 265.42,
                                                                    "Actual Total Time": 265.421,
                                                                    "Actual Rows": 437482,
                                                                    "Actual Loops": 1
                                                                },
                                                                {
                                                                    "Worker Number": 2,
                                                                    "Actual Startup Time": 265.404,
                                                                    "Actual Total Time": 265.405,
                                                                    "Actual Rows": 306604,
                                                                    "Actual Loops": 1
                                                                }
                                                            ],
                                                            "Plans": [
                                                                {
                                                                    "Node Type": "Seq Scan",
                                                                    "Parent Relationship": "Outer",
                                                                    "Parallel Aware": true,
                                                                    "Relation Name": "title",
                                                                    "Schema": "public",
                                                                    "Alias": "t",
                                                                    "Startup Cost": 0.0,
                                                                    "Total Cost": 45479.21,
                                                                    "Plan Rows": 346526,
                                                                    "Plan Width": 4,
                                                                    "Actual Startup Time": 0.046,
                                                                    "Actual Total Time": 119.005,
                                                                    "Actual Rows": 368606,
                                                                    "Actual Loops": 4,
                                                                    "Output": [
                                                                        "t.id"
                                                                    ],
                                                                    "Filter": "((t.production_year > 1950) AND (t.kind_id = 7))",
                                                                    "Rows Removed by Filter": 263472,
                                                                    "Workers": [
                                                                        {
                                                                            "Worker Number": 0,
                                                                            "Actual Startup Time": 0.041,
                                                                            "Actual Total Time": 115.707,
                                                                            "Actual Rows": 367730,
                                                                            "Actual Loops": 1
                                                                        },
                                                                        {
                                                                            "Worker Number": 1,
                                                                            "Actual Startup Time": 0.051,
                                                                            "Actual Total Time": 119.513,
                                                                            "Actual Rows": 437482,
                                                                            "Actual Loops": 1
                                                                        },
                                                                        {
                                                                            "Worker Number": 2,
                                                                            "Actual Startup Time": 0.079,
                                                                            "Actual Total Time": 124.98,
                                                                            "Actual Rows": 306604,
                                                                            "Actual Loops": 1
                                                                        }
                                                                    ]
                                                                }
                                                            ]
                                                        }
                                                    ]
                                                }
                                            ]
                                        }
                                    ]
                                }
                            ]
                        }
                    ]
                }
            ]
        },
        "Planning Time": 284.451,
        "Triggers": [],
        "Execution Time": 740.231
    }
]