[
    {
        "Bao": {
            "Bao prediction": "NaN",
            "Bao recommended hint": "(no hint)"
        }
    },
    {
        "Plan": {
            "Node Type": "Aggregate",
            "Strategy": "Plain",
            "Partial Mode": "Finalize",
            "Parallel Aware": false,
            "Startup Cost": 519115.23,
            "Total Cost": 519115.24,
            "Plan Rows": 1,
            "Plan Width": 8,
            "Actual Startup Time": 2647.463,
            "Actual Total Time": 2701.457,
            "Actual Rows": 1,
            "Actual Loops": 1,
            "Output": [
                "count(*)"
            ],
            "Plans": [
                {
                    "Node Type": "Gather",
                    "Parent Relationship": "Outer",
                    "Parallel Aware": false,
                    "Startup Cost": 519114.61,
                    "Total Cost": 519115.22,
                    "Plan Rows": 6,
                    "Plan Width": 8,
                    "Actual Startup Time": 2643.983,
                    "Actual Total Time": 2701.444,
                    "Actual Rows": 7,
                    "Actual Loops": 1,
                    "Output": [
                        "(PARTIAL count(*))"
                    ],
                    "Workers Planned": 6,
                    "Workers Launched": 6,
                    "Single Copy": false,
                    "Plans": [
                        {
                            "Node Type": "Aggregate",
                            "Strategy": "Plain",
                            "Partial Mode": "Partial",
                            "Parent Relationship": "Outer",
                            "Parallel Aware": false,
                            "Startup Cost": 518114.61,
                            "Total Cost": 518114.62,
                            "Plan Rows": 1,
                            "Plan Width": 8,
                            "Actual Startup Time": 2633.663,
                            "Actual Total Time": 2633.667,
                            "Actual Rows": 1,
                            "Actual Loops": 7,
                            "Output": [
                                "PARTIAL count(*)"
                            ],
                            "Workers": [
                                {
                                    "Worker Number": 0,
                                    "Actual Startup Time": 2631.719,
                                    "Actual Total Time": 2631.723,
                                    "Actual Rows": 1,
                                    "Actual Loops": 1
                                },
                                {
                                    "Worker Number": 1,
                                    "Actual Startup Time": 2631.574,
                                    "Actual Total Time": 2631.577,
                                    "Actual Rows": 1,
                                    "Actual Loops": 1
                                },
                                {
                                    "Worker Number": 2,
                                    "Actual Startup Time": 2631.576,
                                    "Actual Total Time": 2631.58,
                                    "Actual Rows": 1,
                                    "Actual Loops": 1
                                },
                                {
                                    "Worker Number": 3,
                                    "Actual Startup Time": 2631.973,
                                    "Actual Total Time": 2631.976,
                                    "Actual Rows": 1,
                                    "Actual Loops": 1
                                },
                                {
                                    "Worker Number": 4,
                                    "Actual Startup Time": 2632.481,
                                    "Actual Total Time": 2632.484,
                                    "Actual Rows": 1,
                                    "Actual Loops": 1
                                },
                                {
                                    "Worker Number": 5,
                                    "Actual Startup Time": 2632.705,
                                    "Actual Total Time": 2632.709,
                                    "Actual Rows": 1,
                                    "Actual Loops": 1
                                }
                            ],
                            "Plans": [
                                {
                                    "Node Type": "Nested Loop",
                                    "Parent Relationship": "Outer",
                                    "Parallel Aware": false,
                                    "Join Type": "Inner",
                                    "Startup Cost": 47241.6,
                                    "Total Cost": 517256.68,
                                    "Plan Rows": 343170,
                                    "Plan Width": 0,
                                    "Actual Startup Time": 103.782,
                                    "Actual Total Time": 2518.325,
                                    "Actual Rows": 2285169,
                                    "Actual Loops": 7,
                                    "Inner Unique": false,
                                    "Join Filter": "(t.id = mi.movie_id)",
                                    "Rows Removed by Join Filter": 0,
                                    "Workers": [
                                        {
                                            "Worker Number": 0,
                                            "Actual Startup Time": 102.047,
                                            "Actual Total Time": 2501.909,
                                            "Actual Rows": 1899602,
                                            "Actual Loops": 1
                                        },
                                        {
                                            "Worker Number": 1,
                                            "Actual Startup Time": 101.786,
                                            "Actual Total Time": 2508.543,
                                            "Actual Rows": 2013249,
                                            "Actual Loops": 1
                                        },
                                        {
                                            "Worker Number": 2,
                                            "Actual Startup Time": 101.62,
                                            "Actual Total Time": 2507.049,
                                            "Actual Rows": 1949277,
                                            "Actual Loops": 1
                                        },
                                        {
                                            "Worker Number": 3,
                                            "Actual Startup Time": 102.091,
                                            "Actual Total Time": 2529.516,
                                            "Actual Rows": 2411730,
                                            "Actual Loops": 1
                                        },
                                        {
                                            "Worker Number": 4,
                                            "Actual Startup Time": 102.533,
                                            "Actual Total Time": 2523.441,
                                            "Actual Rows": 2431338,
                                            "Actual Loops": 1
                                        },
                                        {
                                            "Worker Number": 5,
                                            "Actual Startup Time": 102.735,
                                            "Actual Total Time": 2520.227,
                                            "Actual Rows": 2511917,
                                            "Actual Loops": 1
                                        }
                                    ],
                                    "Plans": [
                                        {
                                            "Node Type": "Hash Join",
                                            "Parent Relationship": "Outer",
                                            "Parallel Aware": true,
                                            "Join Type": "Inner",
                                            "Startup Cost": 47241.16,
                                            "Total Cost": 390747.42,
                                            "Plan Rows": 58803,
                                            "Plan Width": 8,
                                            "Actual Startup Time": 103.704,
                                            "Actual Total Time": 600.176,
                                            "Actual Rows": 90816,
                                            "Actual Loops": 7,
                                            "Output": [
                                                "t.id",
                                                "ci.movie_id"
                                            ],
                                            "Inner Unique": true,
                                            "Hash Cond": "(ci.movie_id = t.id)",
                                            "Workers": [
                                                {
                                                    "Worker Number": 0,
                                                    "Actual Startup Time": 101.962,
                                                    "Actual Total Time": 588.886,
                                                    "Actual Rows": 73931,
                                                    "Actual Loops": 1
                                                },
                                                {
                                                    "Worker Number": 1,
                                                    "Actual Startup Time": 101.693,
                                                    "Actual Total Time": 595.856,
                                                    "Actual Rows": 80198,
                                                    "Actual Loops": 1
                                                },
                                                {
                                                    "Worker Number": 2,
                                                    "Actual Startup Time": 101.52,
                                                    "Actual Total Time": 598.224,
                                                    "Actual Rows": 77229,
                                                    "Actual Loops": 1
                                                },
                                                {
                                                    "Worker Number": 3,
                                                    "Actual Startup Time": 102.01,
                                                    "Actual Total Time": 592.291,
                                                    "Actual Rows": 96868,
                                                    "Actual Loops": 1
                                                },
                                                {
                                                    "Worker Number": 4,
                                                    "Actual Startup Time": 102.457,
                                                    "Actual Total Time": 607.21,
                                                    "Actual Rows": 97138,
                                                    "Actual Loops": 1
                                                },
                                                {
                                                    "Worker Number": 5,
                                                    "Actual Startup Time": 102.643,
                                                    "Actual Total Time": 604.835,
                                                    "Actual Rows": 99009,
                                                    "Actual Loops": 1
                                                }
                                            ],
                                            "Plans": [
                                                {
                                                    "Node Type": "Index Scan",
                                                    "Parent Relationship": "Outer",
                                                    "Parallel Aware": true,
                                                    "Scan Direction": "Forward",
                                                    "Index Name": "role_id_cast_info",
                                                    "Relation Name": "cast_info",
                                                    "Schema": "public",
                                                    "Alias": "ci",
                                                    "Startup Cost": 0.56,
                                                    "Total Cost": 342814.42,
                                                    "Plan Rows": 263771,
                                                    "Plan Width": 4,
                                                    "Actual Startup Time": 0.155,
                                                    "Actual Total Time": 315.391,
                                                    "Actual Rows": 471429,
                                                    "Actual Loops": 7,
                                                    "Output": [
                                                        "ci.id",
                                                        "ci.person_id",
                                                        "ci.movie_id",
                                                        "ci.person_role_id",
                                                        "ci.note",
                                                        "ci.nr_order",
                                                        "ci.role_id"
                                                    ],
                                                    "Index Cond": "(ci.role_id = 1)",
                                                    "Rows Removed by Index Recheck": 0,
                                                    "Filter": "(ci.person_id < 441533)",
                                                    "Rows Removed by Filter": 1338669,
                                                    "Workers": [
                                                        {
                                                            "Worker Number": 0,
                                                            "Actual Startup Time": 0.294,
                                                            "Actual Total Time": 320.62,
                                                            "Actual Rows": 375570,
                                                            "Actual Loops": 1
                                                        },
                                                        {
                                                            "Worker Number": 1,
                                                            "Actual Startup Time": 0.233,
                                                            "Actual Total Time": 320.294,
                                                            "Actual Rows": 415350,
                                                            "Actual Loops": 1
                                                        },
                                                        {
                                                            "Worker Number": 2,
                                                            "Actual Startup Time": 0.055,
                                                            "Actual Total Time": 322.176,
                                                            "Actual Rows": 406593,
                                                            "Actual Loops": 1
                                                        },
                                                        {
                                                            "Worker Number": 3,
                                                            "Actual Startup Time": 0.14,
                                                            "Actual Total Time": 310.54,
                                                            "Actual Rows": 487501,
                                                            "Actual Loops": 1
                                                        },
                                                        {
                                                            "Worker Number": 4,
                                                            "Actual Startup Time": 0.112,
                                                            "Actual Total Time": 314.131,
                                                            "Actual Rows": 525330,
                                                            "Actual Loops": 1
                                                        },
                                                        {
                                                            "Worker Number": 5,
                                                            "Actual Startup Time": 0.089,
                                                            "Actual Total Time": 314.564,
                                                            "Actual Rows": 526890,
                                                            "Actual Loops": 1
                                                        }
                                                    ]
                                                },
                                                {
                                                    "Node Type": "Hash",
                                                    "Parent Relationship": "Inner",
                                                    "Parallel Aware": true,
                                                    "Startup Cost": 45479.21,
                                                    "Total Cost": 45479.21,
                                                    "Plan Rows": 140911,
                                                    "Plan Width": 4,
                                                    "Actual Startup Time": 101.573,
                                                    "Actual Total Time": 101.574,
                                                    "Actual Rows": 68167,
                                                    "Actual Loops": 7,
                                                    "Output": [
                                                        "t.id"
                                                    ],
                                                    "Hash Buckets": 1048576,
                                                    "Original Hash Buckets": 1048576,
                                                    "Hash Batches": 1,
                                                    "Original Hash Batches": 1,
                                                    "Peak Memory Usage": 26944,
                                                    "Workers": [
                                                        {
                                                            "Worker Number": 0,
                                                            "Actual Startup Time": 100.754,
                                                            "Actual Total Time": 100.755,
                                                            "Actual Rows": 52974,
                                                            "Actual Loops": 1
                                                        },
                                                        {
                                                            "Worker Number": 1,
                                                            "Actual Startup Time": 100.808,
                                                            "Actual Total Time": 100.809,
                                                            "Actual Rows": 53364,
                                                            "Actual Loops": 1
                                                        },
                                                        {
                                                            "Worker Number": 2,
                                                            "Actual Startup Time": 100.821,
                                                            "Actual Total Time": 100.822,
                                                            "Actual Rows": 53709,
                                                            "Actual Loops": 1
                                                        },
                                                        {
                                                            "Worker Number": 3,
                                                            "Actual Startup Time": 101.349,
                                                            "Actual Total Time": 101.35,
                                                            "Actual Rows": 71151,
                                                            "Actual Loops": 1
                                                        },
                                                        {
                                                            "Worker Number": 4,
                                                            "Actual Startup Time": 101.884,
                                                            "Actual Total Time": 101.886,
                                                            "Actual Rows": 72857,
                                                            "Actual Loops": 1
                                                        },
                                                        {
                                                            "Worker Number": 5,
                                                            "Actual Startup Time": 102.124,
                                                            "Actual Total Time": 102.125,
                                                            "Actual Rows": 74321,
                                                            "Actual Loops": 1
                                                        }
                                                    ],
                                                    "Plans": [
                                                        {
                                                            "Node Type": "Seq Scan",
                                                            "Parent Relationship": "Outer",
                                                            "Parallel Aware": true,
                                                            "Relation Name": "title",
                                                            "Schema": "public",
                                                            "Alias": "t",
                                                            "Startup Cost": 0.0,
                                                            "Total Cost": 45479.21,
                                                            "Plan Rows": 140911,
                                                            "Plan Width": 4,
                                                            "Actual Startup Time": 0.051,
                                                            "Actual Total Time": 72.597,
                                                            "Actual Rows": 68167,
                                                            "Actual Loops": 7,
                                                            "Output": [
                                                                "t.id"
                                                            ],
                                                            "Filter": "((t.kind_id < 7) AND (t.production_year > 1999))",
                                                            "Rows Removed by Filter": 293021,
                                                            "Workers": [
                                                                {
                                                                    "Worker Number": 0,
                                                                    "Actual Startup Time": 0.048,
                                                                    "Actual Total Time": 72.925,
                                                                    "Actual Rows": 52974,
                                                                    "Actual Loops": 1
                                                                },
                                                                {
                                                                    "Worker Number": 1,
                                                                    "Actual Startup Time": 0.1,
                                                                    "Actual Total Time": 73.943,
                                                                    "Actual Rows": 53364,
                                                                    "Actual Loops": 1
                                                                },
                                                                {
                                                                    "Worker Number": 2,
                                                                    "Actual Startup Time": 0.049,
                                                                    "Actual Total Time": 73.37,
                                                                    "Actual Rows": 53709,
                                                                    "Actual Loops": 1
                                                                },
                                                                {
                                                                    "Worker Number": 3,
                                                                    "Actual Startup Time": 0.049,
                                                                    "Actual Total Time": 71.685,
                                                                    "Actual Rows": 71151,
                                                                    "Actual Loops": 1
                                                                },
                                                                {
                                                                    "Worker Number": 4,
                                                                    "Actual Startup Time": 0.051,
                                                                    "Actual Total Time": 73.368,
                                                                    "Actual Rows": 72857,
                                                                    "Actual Loops": 1
                                                                },
                                                                {
                                                                    "Worker Number": 5,
                                                                    "Actual Startup Time": 0.047,
                                                                    "Actual Total Time": 72.322,
                                                                    "Actual Rows": 74321,
                                                                    "Actual Loops": 1
                                                                }
                                                            ]
                                                        }
                                                    ]
                                                }
                                            ]
                                        },
                                        {
                                            "Node Type": "Index Only Scan",
                                            "Parent Relationship": "Inner",
                                            "Parallel Aware": false,
                                            "Scan Direction": "Forward",
                                            "Index Name": "movie_id_movie_info",
                                            "Relation Name": "movie_info",
                                            "Schema": "public",
                                            "Alias": "mi",
                                            "Startup Cost": 0.43,
                                            "Total Cost": 1.66,
                                            "Plan Rows": 39,
                                            "Plan Width": 4,
                                            "Actual Startup Time": 0.007,
                                            "Actual Total Time": 0.018,
                                            "Actual Rows": 25,
                                            "Actual Loops": 635709,
                                            "Output": [
                                                "mi.movie_id"
                                            ],
                                            "Index Cond": "(mi.movie_id = ci.movie_id)",
                                            "Rows Removed by Index Recheck": 0,
                                            "Heap Fetches": 15996185,
                                            "Workers": [
                                                {
                                                    "Worker Number": 0,
                                                    "Actual Startup Time": 0.008,
                                                    "Actual Total Time": 0.022,
                                                    "Actual Rows": 26,
                                                    "Actual Loops": 73931
                                                },
                                                {
                                                    "Worker Number": 1,
                                                    "Actual Startup Time": 0.008,
                                                    "Actual Total Time": 0.021,
                                                    "Actual Rows": 25,
                                                    "Actual Loops": 80198
                                                },
                                                {
                                                    "Worker Number": 2,
                                                    "Actual Startup Time": 0.008,
                                                    "Actual Total Time": 0.021,
                                                    "Actual Rows": 25,
                                                    "Actual Loops": 77229
                                                },
                                                {
                                                    "Worker Number": 3,
                                                    "Actual Startup Time": 0.006,
                                                    "Actual Total Time": 0.018,
                                                    "Actual Rows": 25,
                                                    "Actual Loops": 96868
                                                },
                                                {
                                                    "Worker Number": 4,
                                                    "Actual Startup Time": 0.006,
                                                    "Actual Total Time": 0.017,
                                                    "Actual Rows": 25,
                                                    "Actual Loops": 97138
                                                },
                                                {
                                                    "Worker Number": 5,
                                                    "Actual Startup Time": 0.006,
                                                    "Actual Total Time": 0.017,
                                                    "Actual Rows": 25,
                                                    "Actual Loops": 99009
                                                }
                                            ]
                                        }
                                    ]
                                }
                            ]
                        }
                    ]
                }
            ]
        },
        "Planning Time": 191.787,
        "Triggers": [],
        "Execution Time": 2701.539
    }
]