[
  {
    "Plan": {
      "Node Type": "Aggregate",
      "Strategy": "Plain",
      "Partial Mode": "Finalize",
      "Parallel Aware": false,
      "Startup Cost": 335969.25,
      "Total Cost": 335969.26,
      "Plan Rows": 1,
      "Plan Width": 8,
      "Actual Startup Time": 653.149,
      "Actual Total Time": 697.031,
      "Actual Rows": 1,
      "Actual Loops": 1,
      "Plans": [
        {
          "Node Type": "Gather",
          "Parent Relationship": "Outer",
          "Parallel Aware": false,
          "Startup Cost": 335968.63,
          "Total Cost": 335969.24,
          "Plan Rows": 6,
          "Plan Width": 8,
          "Actual Startup Time": 652.965,
          "Actual Total Time": 697.023,
          "Actual Rows": 7,
          "Actual Loops": 1,
          "Workers Planned": 6,
          "Workers Launched": 6,
          "Single Copy": false,
          "Plans": [
            {
              "Node Type": "Aggregate",
              "Strategy": "Plain",
              "Partial Mode": "Partial",
              "Parent Relationship": "Outer",
              "Parallel Aware": false,
              "Startup Cost": 334968.63,
              "Total Cost": 334968.64,
              "Plan Rows": 1,
              "Plan Width": 8,
              "Actual Startup Time": 645.876,
              "Actual Total Time": 645.877,
              "Actual Rows": 1,
              "Actual Loops": 7,
              "Plans": [
                {
                  "Node Type": "Seq Scan",
                  "Parent Relationship": "Outer",
                  "Parallel Aware": true,
                  "Relation Name": "cast_info",
                  "Alias": "ci",
                  "Startup Cost": 0.0,
                  "Total Cost": 328211.39,
                  "Plan Rows": 2702894,
                  "Plan Width": 0,
                  "Actual Startup Time": 208.787,
                  "Actual Total Time": 542.927,
                  "Actual Rows": 2278976,
                  "Actual Loops": 7,
                  "Filter": "(person_id > 2038740)",
                  "Rows Removed by Filter": 2898788
                }
              ]
            }
          ]
        }
      ]
    },
    "Planning Time": 0.089,
    "Triggers": [],
    "Execution Time": 697.071
  }
]