[
  {
    "Plan": {
      "Node Type": "Aggregate",
      "Strategy": "Plain",
      "Partial Mode": "Simple",
      "Parallel Aware": false,
      "Startup Cost": 711.65,
      "Total Cost": 711.66,
      "Plan Rows": 1,
      "Plan Width": 8,
      "Actual Startup Time": 1.347,
      "Actual Total Time": 1.35,
      "Actual Rows": 1,
      "Actual Loops": 1,
      "Plans": [
        {
          "Node Type": "Nested Loop",
          "Parent Relationship": "Outer",
          "Parallel Aware": false,
          "Join Type": "Inner",
          "Startup Cost": 1.29,
          "Total Cost": 711.62,
          "Plan Rows": 13,
          "Plan Width": 0,
          "Actual Startup Time": 0.311,
          "Actual Total Time": 1.339,
          "Actual Rows": 6,
          "Actual Loops": 1,
          "Inner Unique": false,
          "Plans": [
            {
              "Node Type": "Nested Loop",
              "Parent Relationship": "Outer",
              "Parallel Aware": false,
              "Join Type": "Inner",
              "Startup Cost": 0.86,
              "Total Cost": 696.33,
              "Plan Rows": 7,
              "Plan Width": 8,
              "Actual Startup Time": 0.256,
              "Actual Total Time": 1.164,
              "Actual Rows": 23,
              "Actual Loops": 1,
              "Inner Unique": true,
              "Plans": [
                {
                  "Node Type": "Index Scan",
                  "Parent Relationship": "Outer",
                  "Parallel Aware": false,
                  "Scan Direction": "Forward",
                  "Index Name": "company_id_movie_companies",
                  "Relation Name": "movie_companies",
                  "Alias": "mc",
                  "Startup Cost": 0.43,
                  "Total Cost": 273.83,
                  "Plan Rows": 50,
                  "Plan Width": 4,
                  "Actual Startup Time": 0.227,
                  "Actual Total Time": 0.865,
                  "Actual Rows": 23,
                  "Actual Loops": 1,
                  "Index Cond": "(company_id = 6372)",
                  "Rows Removed by Index Recheck": 0,
                  "Filter": "(company_type_id = 1)",
                  "Rows Removed by Filter": 374
                },
                {
                  "Node Type": "Index Scan",
                  "Parent Relationship": "Inner",
                  "Parallel Aware": false,
                  "Scan Direction": "Forward",
                  "Index Name": "title_pkey",
                  "Relation Name": "title",
                  "Alias": "t",
                  "Startup Cost": 0.43,
                  "Total Cost": 8.45,
                  "Plan Rows": 1,
                  "Plan Width": 4,
                  "Actual Startup Time": 0.012,
                  "Actual Total Time": 0.012,
                  "Actual Rows": 1,
                  "Actual Loops": 23,
                  "Index Cond": "(id = mc.movie_id)",
                  "Rows Removed by Index Recheck": 0,
                  "Filter": "(production_year < 1970)",
                  "Rows Removed by Filter": 0
                }
              ]
            },
            {
              "Node Type": "Index Only Scan",
              "Parent Relationship": "Inner",
              "Parallel Aware": false,
              "Scan Direction": "Forward",
              "Index Name": "movie_id_movie_keyword",
              "Relation Name": "movie_keyword",
              "Alias": "mk",
              "Startup Cost": 0.43,
              "Total Cost": 1.73,
              "Plan Rows": 45,
              "Plan Width": 4,
              "Actual Startup Time": 0.006,
              "Actual Total Time": 0.007,
              "Actual Rows": 0,
              "Actual Loops": 23,
              "Index Cond": "(movie_id = t.id)",
              "Rows Removed by Index Recheck": 0,
              "Heap Fetches": 6
            }
          ]
        }
      ]
    },
    "Planning Time": 1.409,
    "Triggers": [],
    "Execution Time": 1.423
  }
]