[
  {
    "Plan": {
      "Node Type": "Aggregate",
      "Strategy": "Plain",
      "Partial Mode": "Simple",
      "Parallel Aware": false,
      "Startup Cost": 22850.14,
      "Total Cost": 22850.15,
      "Plan Rows": 1,
      "Plan Width": 8,
      "Actual Startup Time": 49.18,
      "Actual Total Time": 49.18,
      "Actual Rows": 1,
      "Actual Loops": 1,
      "Plans": [
        {
          "Node Type": "Bitmap Heap Scan",
          "Parent Relationship": "Outer",
          "Parallel Aware": false,
          "Relation Name": "movie_companies",
          "Alias": "mc",
          "Startup Cost": 2314.69,
          "Total Cost": 22713.96,
          "Plan Rows": 54472,
          "Plan Width": 0,
          "Actual Startup Time": 15.193,
          "Actual Total Time": 42.669,
          "Actual Rows": 101801,
          "Actual Loops": 1,
          "Recheck Cond": "(company_id > 156478)",
          "Rows Removed by Index Recheck": 0,
          "Filter": "(company_type_id > 1)",
          "Rows Removed by Filter": 0,
          "Exact Heap Blocks": 3192,
          "Lossy Heap Blocks": 0,
          "Plans": [
            {
              "Node Type": "Bitmap Index Scan",
              "Parent Relationship": "Outer",
              "Parallel Aware": false,
              "Index Name": "company_id_movie_companies",
              "Startup Cost": 0.0,
              "Total Cost": 2301.07,
              "Plan Rows": 107285,
              "Plan Width": 0,
              "Actual Startup Time": 13.899,
              "Actual Total Time": 13.899,
              "Actual Rows": 101801,
              "Actual Loops": 1,
              "Index Cond": "(company_id > 156478)"
            }
          ]
        }
      ]
    },
    "Planning Time": 0.185,
    "Triggers": [],
    "Execution Time": 49.235
  }
]