{
  "Plan": {
    "Node Type": "Aggregate",
    "Strategy": "Plain",
    "Partial Mode": "Finalize",
    "Parallel Aware": false,
    "Startup Cost": 69068.19,
    "Total Cost": 69068.2,
    "Plan Rows": 1,
    "Plan Width": 8,
    "Actual Startup Time": 88.018,
    "Actual Total Time": 94.46,
    "Actual Rows": 1,
    "Actual Loops": 1,
    "Plans": [
      {
        "Node Type": "Gather",
        "Parent Relationship": "Outer",
        "Parallel Aware": false,
        "Startup Cost": 69068.08,
        "Total Cost": 69068.19,
        "Plan Rows": 1,
        "Plan Width": 8,
        "Actual Startup Time": 87.767,
        "Actual Total Time": 94.452,
        "Actual Rows": 2,
        "Actual Loops": 1,
        "Workers Planned": 1,
        "Workers Launched": 1,
        "Single Copy": false,
        "Plans": [
          {
            "Node Type": "Aggregate",
            "Strategy": "Plain",
            "Partial Mode": "Partial",
            "Parent Relationship": "Outer",
            "Parallel Aware": false,
            "Startup Cost": 68068.08,
            "Total Cost": 68068.09,
            "Plan Rows": 1,
            "Plan Width": 8,
            "Actual Startup Time": 81.38,
            "Actual Total Time": 81.382,
            "Actual Rows": 1,
            "Actual Loops": 2,
            "Plans": [
              {
                "Node Type": "Nested Loop",
                "Parent Relationship": "Outer",
                "Parallel Aware": false,
                "Join Type": "Inner",
                "Startup Cost": 1618.85,
                "Total Cost": 68065.68,
                "Plan Rows": 962,
                "Plan Width": 0,
                "Actual Startup Time": 21.885,
                "Actual Total Time": 81.177,
                "Actual Rows": 2986,
                "Actual Loops": 2,
                "Inner Unique": false,
                "Join Filter": "(t.id = mc.movie_id)",
                "Rows Removed by Join Filter": 0,
                "Plans": [
                  {
                    "Node Type": "Nested Loop",
                    "Parent Relationship": "Outer",
                    "Parallel Aware": false,
                    "Join Type": "Inner",
                    "Startup Cost": 1618.42,
                    "Total Cost": 67372.74,
                    "Plan Rows": 932,
                    "Plan Width": 8,
                    "Actual Startup Time": 21.753,
                    "Actual Total Time": 76.501,
                    "Actual Rows": 616,
                    "Actual Loops": 2,
                    "Inner Unique": false,
                    "Plans": [
                      {
                        "Node Type": "Bitmap Heap Scan",
                        "Parent Relationship": "Outer",
                        "Parallel Aware": true,
                        "Relation Name": "title",
                        "Alias": "t",
                        "Startup Cost": 1617.98,
                        "Total Cost": 38416.11,
                        "Plan Rows": 3401,
                        "Plan Width": 4,
                        "Actual Startup Time": 21.21,
                        "Actual Total Time": 64.307,
                        "Actual Rows": 2676,
                        "Actual Loops": 2,
                        "Recheck Cond": "(kind_id = 2)",
                        "Rows Removed by Index Recheck": 0,
                        "Filter": "(production_year = 2011)",
                        "Rows Removed by Filter": 42750,
                        "Exact Heap Blocks": 19436,
                        "Lossy Heap Blocks": 0,
                        "Plans": [
                          {
                            "Node Type": "Bitmap Index Scan",
                            "Parent Relationship": "Outer",
                            "Parallel Aware": false,
                            "Index Name": "kind_id_title",
                            "Startup Cost": 0.0,
                            "Total Cost": 1616.54,
                            "Plan Rows": 90681,
                            "Plan Width": 0,
                            "Actual Startup Time": 19.288,
                            "Actual Total Time": 19.289,
                            "Actual Rows": 90852,
                            "Actual Loops": 1,
                            "Index Cond": "(kind_id = 2)"
                          }
                        ]
                      },
                      {
                        "Node Type": "Index Scan",
                        "Parent Relationship": "Inner",
                        "Parallel Aware": false,
                        "Scan Direction": "Forward",
                        "Index Name": "movie_id_movie_keyword",
                        "Relation Name": "movie_keyword",
                        "Alias": "mk",
                        "Startup Cost": 0.43,
                        "Total Cost": 8.44,
                        "Plan Rows": 7,
                        "Plan Width": 4,
                        "Actual Startup Time": 0.004,
                        "Actual Total Time": 0.004,
                        "Actual Rows": 0,
                        "Actual Loops": 5353,
                        "Index Cond": "(movie_id = t.id)",
                        "Rows Removed by Index Recheck": 0,
                        "Filter": "(keyword_id < 585)",
                        "Rows Removed by Filter": 1
                      }
                    ]
                  },
                  {
                    "Node Type": "Index Only Scan",
                    "Parent Relationship": "Inner",
                    "Parallel Aware": false,
                    "Scan Direction": "Forward",
                    "Index Name": "movie_id_movie_companies",
                    "Relation Name": "movie_companies",
                    "Alias": "mc",
                    "Startup Cost": 0.43,
                    "Total Cost": 0.68,
                    "Plan Rows": 5,
                    "Plan Width": 4,
                    "Actual Startup Time": 0.005,
                    "Actual Total Time": 0.007,
                    "Actual Rows": 5,
                    "Actual Loops": 1232,
                    "Index Cond": "(movie_id = mk.movie_id)",
                    "Rows Removed by Index Recheck": 0,
                    "Heap Fetches": 5972
                  }
                ]
              }
            ]
          }
        ]
      }
    ]
  },
  "Planning Time": 1.081,
  "Triggers": [],
  "Execution Time": 94.568
}