[
  {
    "Plan": {
      "Node Type": "Aggregate",
      "Strategy": "Plain",
      "Partial Mode": "Finalize",
      "Parallel Aware": false,
      "Startup Cost": 30963.0,
      "Total Cost": 30963.01,
      "Plan Rows": 1,
      "Plan Width": 8,
      "Actual Startup Time": 77.426,
      "Actual Total Time": 80.605,
      "Actual Rows": 1,
      "Actual Loops": 1,
      "Plans": [
        {
          "Node Type": "Gather",
          "Parent Relationship": "Outer",
          "Parallel Aware": false,
          "Startup Cost": 30962.68,
          "Total Cost": 30962.99,
          "Plan Rows": 3,
          "Plan Width": 8,
          "Actual Startup Time": 77.358,
          "Actual Total Time": 80.598,
          "Actual Rows": 4,
          "Actual Loops": 1,
          "Workers Planned": 3,
          "Workers Launched": 3,
          "Single Copy": false,
          "Plans": [
            {
              "Node Type": "Aggregate",
              "Strategy": "Plain",
              "Partial Mode": "Partial",
              "Parent Relationship": "Outer",
              "Parallel Aware": false,
              "Startup Cost": 29962.68,
              "Total Cost": 29962.69,
              "Plan Rows": 1,
              "Plan Width": 8,
              "Actual Startup Time": 71.859,
              "Actual Total Time": 71.86,
              "Actual Rows": 1,
              "Actual Loops": 4,
              "Plans": [
                {
                  "Node Type": "Seq Scan",
                  "Parent Relationship": "Outer",
                  "Parallel Aware": true,
                  "Relation Name": "movie_companies",
                  "Alias": "mc",
                  "Startup Cost": 0.0,
                  "Total Cost": 29310.68,
                  "Plan Rows": 260800,
                  "Plan Width": 0,
                  "Actual Startup Time": 0.04,
                  "Actual Total Time": 61.283,
                  "Actual Rows": 201504,
                  "Actual Loops": 4,
                  "Filter": "(company_id < 1828)",
                  "Rows Removed by Filter": 450778
                }
              ]
            }
          ]
        }
      ]
    },
    "Planning Time": 0.067,
    "Triggers": [],
    "Execution Time": 80.628
  }
]