[
  {
    "Plan": {
      "Node Type": "Aggregate",
      "Strategy": "Plain",
      "Partial Mode": "Finalize",
      "Parallel Aware": false,
      "Startup Cost": 102515.41,
      "Total Cost": 102515.42,
      "Plan Rows": 1,
      "Plan Width": 8,
      "Actual Startup Time": 317.465,
      "Actual Total Time": 354.858,
      "Actual Rows": 1,
      "Actual Loops": 1,
      "Plans": [
        {
          "Node Type": "Gather",
          "Parent Relationship": "Outer",
          "Parallel Aware": false,
          "Startup Cost": 102514.99,
          "Total Cost": 102515.4,
          "Plan Rows": 4,
          "Plan Width": 8,
          "Actual Startup Time": 317.323,
          "Actual Total Time": 354.845,
          "Actual Rows": 5,
          "Actual Loops": 1,
          "Workers Planned": 4,
          "Workers Launched": 4,
          "Single Copy": false,
          "Plans": [
            {
              "Node Type": "Aggregate",
              "Strategy": "Plain",
              "Partial Mode": "Partial",
              "Parent Relationship": "Outer",
              "Parallel Aware": false,
              "Startup Cost": 101514.99,
              "Total Cost": 101515.0,
              "Plan Rows": 1,
              "Plan Width": 8,
              "Actual Startup Time": 308.419,
              "Actual Total Time": 308.422,
              "Actual Rows": 1,
              "Actual Loops": 5,
              "Plans": [
                {
                  "Node Type": "Nested Loop",
                  "Parent Relationship": "Outer",
                  "Parallel Aware": false,
                  "Join Type": "Inner",
                  "Startup Cost": 45537.1,
                  "Total Cost": 101468.8,
                  "Plan Rows": 18474,
                  "Plan Width": 0,
                  "Actual Startup Time": 89.153,
                  "Actual Total Time": 305.636,
                  "Actual Rows": 42574,
                  "Actual Loops": 5,
                  "Inner Unique": false,
                  "Join Filter": "(t.id = mi.movie_id)",
                  "Rows Removed by Join Filter": 0,
                  "Plans": [
                    {
                      "Node Type": "Hash Join",
                      "Parent Relationship": "Outer",
                      "Parallel Aware": true,
                      "Join Type": "Inner",
                      "Startup Cost": 45536.66,
                      "Total Cost": 94684.44,
                      "Plan Rows": 3146,
                      "Plan Width": 8,
                      "Actual Startup Time": 89.024,
                      "Actual Total Time": 189.144,
                      "Actual Rows": 4511,
                      "Actual Loops": 5,
                      "Inner Unique": true,
                      "Hash Cond": "(ci.movie_id = t.id)",
                      "Plans": [
                        {
                          "Node Type": "Index Scan",
                          "Parent Relationship": "Outer",
                          "Parallel Aware": true,
                          "Scan Direction": "Forward",
                          "Index Name": "role_id_cast_info",
                          "Relation Name": "cast_info",
                          "Alias": "ci",
                          "Startup Cost": 0.56,
                          "Total Cost": 47993.72,
                          "Plan Rows": 439854,
                          "Plan Width": 4,
                          "Actual Startup Time": 0.112,
                          "Actual Total Time": 57.277,
                          "Actual Rows": 340709,
                          "Actual Loops": 5,
                          "Index Cond": "(role_id = 8)",
                          "Rows Removed by Index Recheck": 0
                        },
                        {
                          "Node Type": "Hash",
                          "Parent Relationship": "Inner",
                          "Parallel Aware": true,
                          "Startup Cost": 45479.59,
                          "Total Cost": 45479.59,
                          "Plan Rows": 4521,
                          "Plan Width": 4,
                          "Actual Startup Time": 87.691,
                          "Actual Total Time": 87.692,
                          "Actual Rows": 4404,
                          "Actual Loops": 5,
                          "Hash Buckets": 32768,
                          "Original Hash Buckets": 32768,
                          "Hash Batches": 1,
                          "Original Hash Batches": 1,
                          "Peak Memory Usage": 1184,
                          "Plans": [
                            {
                              "Node Type": "Seq Scan",
                              "Parent Relationship": "Outer",
                              "Parallel Aware": true,
                              "Relation Name": "title",
                              "Alias": "t",
                              "Startup Cost": 0.0,
                              "Total Cost": 45479.59,
                              "Plan Rows": 4521,
                              "Plan Width": 4,
                              "Actual Startup Time": 56.421,
                              "Actual Total Time": 85.789,
                              "Actual Rows": 4404,
                              "Actual Loops": 5,
                              "Filter": "((production_year > 2012) AND (kind_id = 1))",
                              "Rows Removed by Filter": 501258
                            }
                          ]
                        }
                      ]
                    },
                    {
                      "Node Type": "Index Only Scan",
                      "Parent Relationship": "Inner",
                      "Parallel Aware": false,
                      "Scan Direction": "Forward",
                      "Index Name": "movie_id_movie_info",
                      "Relation Name": "movie_info",
                      "Alias": "mi",
                      "Startup Cost": 0.43,
                      "Total Cost": 1.64,
                      "Plan Rows": 41,
                      "Plan Width": 4,
                      "Actual Startup Time": 0.01,
                      "Actual Total Time": 0.024,
                      "Actual Rows": 9,
                      "Actual Loops": 22554,
                      "Index Cond": "(movie_id = ci.movie_id)",
                      "Rows Removed by Index Recheck": 0,
                      "Heap Fetches": 212872
                    }
                  ]
                }
              ]
            }
          ]
        }
      ]
    },
    "Planning Time": 1.273,
    "Triggers": [],
    "Execution Time": 354.949
  }
]