[
  {
    "Plan": {
      "Node Type": "Aggregate",
      "Strategy": "Plain",
      "Partial Mode": "Finalize",
      "Parallel Aware": false,
      "Startup Cost": 214829.91,
      "Total Cost": 214829.92,
      "Plan Rows": 1,
      "Plan Width": 8,
      "Actual Startup Time": 1837.04,
      "Actual Total Time": 1880.778,
      "Actual Rows": 1,
      "Actual Loops": 1,
      "Plans": [
        {
          "Node Type": "Gather",
          "Parent Relationship": "Outer",
          "Parallel Aware": false,
          "Startup Cost": 214829.59,
          "Total Cost": 214829.9,
          "Plan Rows": 3,
          "Plan Width": 8,
          "Actual Startup Time": 1828.277,
          "Actual Total Time": 1880.768,
          "Actual Rows": 4,
          "Actual Loops": 1,
          "Workers Planned": 3,
          "Workers Launched": 3,
          "Single Copy": false,
          "Plans": [
            {
              "Node Type": "Aggregate",
              "Strategy": "Plain",
              "Partial Mode": "Partial",
              "Parent Relationship": "Outer",
              "Parallel Aware": false,
              "Startup Cost": 213829.59,
              "Total Cost": 213829.6,
              "Plan Rows": 1,
              "Plan Width": 8,
              "Actual Startup Time": 1810.818,
              "Actual Total Time": 1810.822,
              "Actual Rows": 1,
              "Actual Loops": 4,
              "Plans": [
                {
                  "Node Type": "Nested Loop",
                  "Parent Relationship": "Outer",
                  "Parallel Aware": false,
                  "Join Type": "Inner",
                  "Startup Cost": 54733.43,
                  "Total Cost": 212826.3,
                  "Plan Rows": 401318,
                  "Plan Width": 0,
                  "Actual Startup Time": 365.074,
                  "Actual Total Time": 1665.124,
                  "Actual Rows": 3172281,
                  "Actual Loops": 4,
                  "Inner Unique": false,
                  "Plans": [
                    {
                      "Node Type": "Hash Join",
                      "Parent Relationship": "Outer",
                      "Parallel Aware": true,
                      "Join Type": "Inner",
                      "Startup Cost": 54732.99,
                      "Total Cost": 80225.07,
                      "Plan Rows": 68633,
                      "Plan Width": 8,
                      "Actual Startup Time": 364.977,
                      "Actual Total Time": 423.665,
                      "Actual Rows": 51587,
                      "Actual Loops": 4,
                      "Inner Unique": true,
                      "Hash Cond": "(mk.movie_id = t.id)",
                      "Plans": [
                        {
                          "Node Type": "Bitmap Heap Scan",
                          "Parent Relationship": "Outer",
                          "Parallel Aware": true,
                          "Relation Name": "movie_keyword",
                          "Alias": "mk",
                          "Startup Cost": 4513.35,
                          "Total Cost": 29825.26,
                          "Plan Rows": 68633,
                          "Plan Width": 4,
                          "Actual Startup Time": 15.098,
                          "Actual Total Time": 47.683,
                          "Actual Rows": 51587,
                          "Actual Loops": 4,
                          "Recheck Cond": "(keyword_id > 67291)",
                          "Rows Removed by Index Recheck": 0,
                          "Exact Heap Blocks": 6019,
                          "Lossy Heap Blocks": 0,
                          "Plans": [
                            {
                              "Node Type": "Bitmap Index Scan",
                              "Parent Relationship": "Outer",
                              "Parallel Aware": false,
                              "Index Name": "keyword_id_movie_keyword",
                              "Startup Cost": 0.0,
                              "Total Cost": 4460.15,
                              "Plan Rows": 212763,
                              "Plan Width": 0,
                              "Actual Startup Time": 12.101,
                              "Actual Total Time": 12.102,
                              "Actual Rows": 206349,
                              "Actual Loops": 1,
                              "Index Cond": "(keyword_id > 67291)"
                            }
                          ]
                        },
                        {
                          "Node Type": "Hash",
                          "Parent Relationship": "Inner",
                          "Parallel Aware": true,
                          "Startup Cost": 42318.73,
                          "Total Cost": 42318.73,
                          "Plan Rows": 632073,
                          "Plan Width": 4,
                          "Actual Startup Time": 339.174,
                          "Actual Total Time": 339.175,
                          "Actual Rows": 632078,
                          "Actual Loops": 4,
                          "Hash Buckets": 4194304,
                          "Original Hash Buckets": 4194304,
                          "Hash Batches": 1,
                          "Original Hash Batches": 1,
                          "Peak Memory Usage": 131744,
                          "Plans": [
                            {
                              "Node Type": "Seq Scan",
                              "Parent Relationship": "Outer",
                              "Parallel Aware": true,
                              "Relation Name": "title",
                              "Alias": "t",
                              "Startup Cost": 0.0,
                              "Total Cost": 42318.73,
                              "Plan Rows": 632073,
                              "Plan Width": 4,
                              "Actual Startup Time": 0.036,
                              "Actual Total Time": 100.585,
                              "Actual Rows": 632078,
                              "Actual Loops": 4
                            }
                          ]
                        }
                      ]
                    },
                    {
                      "Node Type": "Index Only Scan",
                      "Parent Relationship": "Inner",
                      "Parallel Aware": false,
                      "Scan Direction": "Forward",
                      "Index Name": "movie_id_movie_info",
                      "Relation Name": "movie_info",
                      "Alias": "mi",
                      "Startup Cost": 0.43,
                      "Total Cost": 1.51,
                      "Plan Rows": 42,
                      "Plan Width": 4,
                      "Actual Startup Time": 0.004,
                      "Actual Total Time": 0.019,
                      "Actual Rows": 61,
                      "Actual Loops": 206349,
                      "Index Cond": "(movie_id = t.id)",
                      "Rows Removed by Index Recheck": 0,
                      "Heap Fetches": 12689123
                    }
                  ]
                }
              ]
            }
          ]
        }
      ]
    },
    "Planning Time": 1.318,
    "Triggers": [],
    "Execution Time": 1880.887
  }
]