[
    {
        "Bao": {
            "Bao prediction": "NaN",
            "Bao recommended hint": "(no hint)"
        }
    },
    {
        "Plan": {
            "Node Type": "Aggregate",
            "Strategy": "Plain",
            "Partial Mode": "Finalize",
            "Parallel Aware": false,
            "Startup Cost": 337725.92,
            "Total Cost": 337725.93,
            "Plan Rows": 1,
            "Plan Width": 8,
            "Actual Startup Time": 689.673,
            "Actual Total Time": 723.702,
            "Actual Rows": 1,
            "Actual Loops": 1,
            "Output": [
                "count(*)"
            ],
            "Plans": [
                {
                    "Node Type": "Gather",
                    "Parent Relationship": "Outer",
                    "Parallel Aware": false,
                    "Startup Cost": 337725.29,
                    "Total Cost": 337725.9,
                    "Plan Rows": 6,
                    "Plan Width": 8,
                    "Actual Startup Time": 689.557,
                    "Actual Total Time": 723.693,
                    "Actual Rows": 7,
                    "Actual Loops": 1,
                    "Output": [
                        "(PARTIAL count(*))"
                    ],
                    "Workers Planned": 6,
                    "Workers Launched": 6,
                    "Single Copy": false,
                    "Plans": [
                        {
                            "Node Type": "Aggregate",
                            "Strategy": "Plain",
                            "Partial Mode": "Partial",
                            "Parent Relationship": "Outer",
                            "Parallel Aware": false,
                            "Startup Cost": 336725.29,
                            "Total Cost": 336725.3,
                            "Plan Rows": 1,
                            "Plan Width": 8,
                            "Actual Startup Time": 679.614,
                            "Actual Total Time": 679.615,
                            "Actual Rows": 1,
                            "Actual Loops": 7,
                            "Output": [
                                "PARTIAL count(*)"
                            ],
                            "Workers": [
                                {
                                    "Worker Number": 0,
                                    "Actual Startup Time": 677.297,
                                    "Actual Total Time": 677.298,
                                    "Actual Rows": 1,
                                    "Actual Loops": 1
                                },
                                {
                                    "Worker Number": 1,
                                    "Actual Startup Time": 677.766,
                                    "Actual Total Time": 677.767,
                                    "Actual Rows": 1,
                                    "Actual Loops": 1
                                },
                                {
                                    "Worker Number": 2,
                                    "Actual Startup Time": 677.661,
                                    "Actual Total Time": 677.662,
                                    "Actual Rows": 1,
                                    "Actual Loops": 1
                                },
                                {
                                    "Worker Number": 3,
                                    "Actual Startup Time": 678.287,
                                    "Actual Total Time": 678.289,
                                    "Actual Rows": 1,
                                    "Actual Loops": 1
                                },
                                {
                                    "Worker Number": 4,
                                    "Actual Startup Time": 678.643,
                                    "Actual Total Time": 678.644,
                                    "Actual Rows": 1,
                                    "Actual Loops": 1
                                },
                                {
                                    "Worker Number": 5,
                                    "Actual Startup Time": 678.702,
                                    "Actual Total Time": 678.703,
                                    "Actual Rows": 1,
                                    "Actual Loops": 1
                                }
                            ],
                            "Plans": [
                                {
                                    "Node Type": "Seq Scan",
                                    "Parent Relationship": "Outer",
                                    "Parallel Aware": true,
                                    "Relation Name": "cast_info",
                                    "Schema": "public",
                                    "Alias": "ci",
                                    "Startup Cost": 0.0,
                                    "Total Cost": 328213.62,
                                    "Plan Rows": 3404671,
                                    "Plan Width": 0,
                                    "Actual Startup Time": 163.05,
                                    "Actual Total Time": 553.802,
                                    "Actual Rows": 2929940,
                                    "Actual Loops": 7,
                                    "Output": [
                                        "id",
                                        "person_id",
                                        "movie_id",
                                        "person_role_id",
                                        "note",
                                        "nr_order",
                                        "role_id"
                                    ],
                                    "Filter": "(ci.person_id > 1554127)",
                                    "Rows Removed by Filter": 2247823,
                                    "Workers": [
                                        {
                                            "Worker Number": 0,
                                            "Actual Startup Time": 160.729,
                                            "Actual Total Time": 555.216,
                                            "Actual Rows": 2986142,
                                            "Actual Loops": 1
                                        },
                                        {
                                            "Worker Number": 1,
                                            "Actual Startup Time": 161.201,
                                            "Actual Total Time": 555.844,
                                            "Actual Rows": 2990129,
                                            "Actual Loops": 1
                                        },
                                        {
                                            "Worker Number": 2,
                                            "Actual Startup Time": 161.089,
                                            "Actual Total Time": 556.103,
                                            "Actual Rows": 2907145,
                                            "Actual Loops": 1
                                        },
                                        {
                                            "Worker Number": 3,
                                            "Actual Startup Time": 161.735,
                                            "Actual Total Time": 556.705,
                                            "Actual Rows": 2981973,
                                            "Actual Loops": 1
                                        },
                                        {
                                            "Worker Number": 4,
                                            "Actual Startup Time": 162.085,
                                            "Actual Total Time": 556.874,
                                            "Actual Rows": 2987003,
                                            "Actual Loops": 1
                                        },
                                        {
                                            "Worker Number": 5,
                                            "Actual Startup Time": 162.137,
                                            "Actual Total Time": 552.415,
                                            "Actual Rows": 1909379,
                                            "Actual Loops": 1
                                        }
                                    ]
                                }
                            ]
                        }
                    ]
                }
            ]
        },
        "Planning Time": 226.9,
        "Triggers": [],
        "Execution Time": 723.796
    }
]