[
    {
        "Bao": {
            "Bao prediction": 496.783,
            "Bao recommended hint": "(no hint)"
        }
    },
    {
        "Plan": {
            "Node Type": "Aggregate",
            "Strategy": "Plain",
            "Partial Mode": "Finalize",
            "Parallel Aware": false,
            "Startup Cost": 350816.67,
            "Total Cost": 350816.68,
            "Plan Rows": 1,
            "Plan Width": 8,
            "Actual Startup Time": 890.021,
            "Actual Total Time": 921.402,
            "Actual Rows": 1,
            "Actual Loops": 1,
            "Output": [
                "count(*)"
            ],
            "Plans": [
                {
                    "Node Type": "Gather",
                    "Parent Relationship": "Outer",
                    "Parallel Aware": false,
                    "Startup Cost": 350816.05,
                    "Total Cost": 350816.66,
                    "Plan Rows": 6,
                    "Plan Width": 8,
                    "Actual Startup Time": 889.903,
                    "Actual Total Time": 921.393,
                    "Actual Rows": 7,
                    "Actual Loops": 1,
                    "Output": [
                        "(PARTIAL count(*))"
                    ],
                    "Workers Planned": 6,
                    "Workers Launched": 6,
                    "Single Copy": false,
                    "Plans": [
                        {
                            "Node Type": "Aggregate",
                            "Strategy": "Plain",
                            "Partial Mode": "Partial",
                            "Parent Relationship": "Outer",
                            "Parallel Aware": false,
                            "Startup Cost": 349816.05,
                            "Total Cost": 349816.06,
                            "Plan Rows": 1,
                            "Plan Width": 8,
                            "Actual Startup Time": 880.483,
                            "Actual Total Time": 880.484,
                            "Actual Rows": 1,
                            "Actual Loops": 7,
                            "Output": [
                                "PARTIAL count(*)"
                            ],
                            "Workers": [
                                {
                                    "Worker Number": 0,
                                    "Actual Startup Time": 878.315,
                                    "Actual Total Time": 878.316,
                                    "Actual Rows": 1,
                                    "Actual Loops": 1
                                },
                                {
                                    "Worker Number": 1,
                                    "Actual Startup Time": 878.717,
                                    "Actual Total Time": 878.718,
                                    "Actual Rows": 1,
                                    "Actual Loops": 1
                                },
                                {
                                    "Worker Number": 2,
                                    "Actual Startup Time": 878.837,
                                    "Actual Total Time": 878.838,
                                    "Actual Rows": 1,
                                    "Actual Loops": 1
                                },
                                {
                                    "Worker Number": 3,
                                    "Actual Startup Time": 879.369,
                                    "Actual Total Time": 879.371,
                                    "Actual Rows": 1,
                                    "Actual Loops": 1
                                },
                                {
                                    "Worker Number": 4,
                                    "Actual Startup Time": 879.399,
                                    "Actual Total Time": 879.399,
                                    "Actual Rows": 1,
                                    "Actual Loops": 1
                                },
                                {
                                    "Worker Number": 5,
                                    "Actual Startup Time": 879.781,
                                    "Actual Total Time": 879.782,
                                    "Actual Rows": 1,
                                    "Actual Loops": 1
                                }
                            ],
                            "Plans": [
                                {
                                    "Node Type": "Seq Scan",
                                    "Parent Relationship": "Outer",
                                    "Parallel Aware": true,
                                    "Relation Name": "cast_info",
                                    "Schema": "public",
                                    "Alias": "ci",
                                    "Startup Cost": 0.0,
                                    "Total Cost": 343318.94,
                                    "Plan Rows": 2598843,
                                    "Plan Width": 0,
                                    "Actual Startup Time": 268.921,
                                    "Actual Total Time": 784.163,
                                    "Actual Rows": 1600453,
                                    "Actual Loops": 7,
                                    "Output": [
                                        "id",
                                        "person_id",
                                        "movie_id",
                                        "person_role_id",
                                        "note",
                                        "nr_order",
                                        "role_id"
                                    ],
                                    "Filter": "((ci.person_id < 2448201) AND (ci.role_id > 1))",
                                    "Rows Removed by Filter": 3577310,
                                    "Workers": [
                                        {
                                            "Worker Number": 0,
                                            "Actual Startup Time": 266.76,
                                            "Actual Total Time": 783.025,
                                            "Actual Rows": 1414978,
                                            "Actual Loops": 1
                                        },
                                        {
                                            "Worker Number": 1,
                                            "Actual Startup Time": 267.172,
                                            "Actual Total Time": 784.909,
                                            "Actual Rows": 1401753,
                                            "Actual Loops": 1
                                        },
                                        {
                                            "Worker Number": 2,
                                            "Actual Startup Time": 267.273,
                                            "Actual Total Time": 784.677,
                                            "Actual Rows": 1406969,
                                            "Actual Loops": 1
                                        },
                                        {
                                            "Worker Number": 3,
                                            "Actual Startup Time": 267.809,
                                            "Actual Total Time": 784.088,
                                            "Actual Rows": 1422583,
                                            "Actual Loops": 1
                                        },
                                        {
                                            "Worker Number": 4,
                                            "Actual Startup Time": 267.807,
                                            "Actual Total Time": 784.145,
                                            "Actual Rows": 1422325,
                                            "Actual Loops": 1
                                        },
                                        {
                                            "Worker Number": 5,
                                            "Actual Startup Time": 268.238,
                                            "Actual Total Time": 784.717,
                                            "Actual Rows": 1422885,
                                            "Actual Loops": 1
                                        }
                                    ]
                                }
                            ]
                        }
                    ]
                }
            ]
        },
        "Planning Time": 627.528,
        "Triggers": [],
        "Execution Time": 921.511
    }
]