[
    {
        "Bao": {
            "Bao prediction": "NaN",
            "Bao recommended hint": "(no hint)"
        }
    },
    {
        "Plan": {
            "Node Type": "Aggregate",
            "Strategy": "Plain",
            "Partial Mode": "Finalize",
            "Parallel Aware": false,
            "Startup Cost": 35444.64,
            "Total Cost": 35444.65,
            "Plan Rows": 1,
            "Plan Width": 8,
            "Actual Startup Time": 26.453,
            "Actual Total Time": 30.196,
            "Actual Rows": 1,
            "Actual Loops": 1,
            "Output": [
                "count(*)"
            ],
            "Plans": [
                {
                    "Node Type": "Gather",
                    "Parent Relationship": "Outer",
                    "Parallel Aware": false,
                    "Startup Cost": 35444.42,
                    "Total Cost": 35444.63,
                    "Plan Rows": 2,
                    "Plan Width": 8,
                    "Actual Startup Time": 26.261,
                    "Actual Total Time": 30.192,
                    "Actual Rows": 3,
                    "Actual Loops": 1,
                    "Output": [
                        "(PARTIAL count(*))"
                    ],
                    "Workers Planned": 2,
                    "Workers Launched": 2,
                    "Single Copy": false,
                    "Plans": [
                        {
                            "Node Type": "Aggregate",
                            "Strategy": "Plain",
                            "Partial Mode": "Partial",
                            "Parent Relationship": "Outer",
                            "Parallel Aware": false,
                            "Startup Cost": 34444.42,
                            "Total Cost": 34444.43,
                            "Plan Rows": 1,
                            "Plan Width": 8,
                            "Actual Startup Time": 18.731,
                            "Actual Total Time": 18.733,
                            "Actual Rows": 1,
                            "Actual Loops": 3,
                            "Output": [
                                "PARTIAL count(*)"
                            ],
                            "Workers": [
                                {
                                    "Worker Number": 0,
                                    "Actual Startup Time": 15.101,
                                    "Actual Total Time": 15.103,
                                    "Actual Rows": 1,
                                    "Actual Loops": 1
                                },
                                {
                                    "Worker Number": 1,
                                    "Actual Startup Time": 15.087,
                                    "Actual Total Time": 15.089,
                                    "Actual Rows": 1,
                                    "Actual Loops": 1
                                }
                            ],
                            "Plans": [
                                {
                                    "Node Type": "Nested Loop",
                                    "Parent Relationship": "Outer",
                                    "Parallel Aware": false,
                                    "Join Type": "Inner",
                                    "Startup Cost": 144.28,
                                    "Total Cost": 34444.24,
                                    "Plan Rows": 72,
                                    "Plan Width": 0,
                                    "Actual Startup Time": 10.719,
                                    "Actual Total Time": 18.727,
                                    "Actual Rows": 1,
                                    "Actual Loops": 3,
                                    "Inner Unique": true,
                                    "Workers": [
                                        {
                                            "Worker Number": 0,
                                            "Actual Startup Time": 15.096,
                                            "Actual Total Time": 15.097,
                                            "Actual Rows": 0,
                                            "Actual Loops": 1
                                        },
                                        {
                                            "Worker Number": 1,
                                            "Actual Startup Time": 15.082,
                                            "Actual Total Time": 15.083,
                                            "Actual Rows": 0,
                                            "Actual Loops": 1
                                        }
                                    ],
                                    "Plans": [
                                        {
                                            "Node Type": "Bitmap Heap Scan",
                                            "Parent Relationship": "Outer",
                                            "Parallel Aware": true,
                                            "Relation Name": "movie_keyword",
                                            "Schema": "public",
                                            "Alias": "mk",
                                            "Startup Cost": 143.85,
                                            "Total Cost": 14982.0,
                                            "Plan Rows": 2765,
                                            "Plan Width": 4,
                                            "Actual Startup Time": 0.537,
                                            "Actual Total Time": 3.076,
                                            "Actual Rows": 2624,
                                            "Actual Loops": 3,
                                            "Output": [
                                                "mk.id",
                                                "mk.movie_id",
                                                "mk.keyword_id"
                                            ],
                                            "Recheck Cond": "(mk.keyword_id = 3)",
                                            "Rows Removed by Index Recheck": 0,
                                            "Exact Heap Blocks": 1705,
                                            "Lossy Heap Blocks": 0,
                                            "Workers": [
                                                {
                                                    "Worker Number": 0,
                                                    "Actual Startup Time": 0.156,
                                                    "Actual Total Time": 2.227,
                                                    "Actual Rows": 403,
                                                    "Actual Loops": 1
                                                },
                                                {
                                                    "Worker Number": 1,
                                                    "Actual Startup Time": 0.154,
                                                    "Actual Total Time": 2.162,
                                                    "Actual Rows": 331,
                                                    "Actual Loops": 1
                                                }
                                            ],
                                            "Plans": [
                                                {
                                                    "Node Type": "Bitmap Index Scan",
                                                    "Parent Relationship": "Outer",
                                                    "Parallel Aware": false,
                                                    "Index Name": "keyword_id_movie_keyword",
                                                    "Startup Cost": 0.0,
                                                    "Total Cost": 142.19,
                                                    "Plan Rows": 6635,
                                                    "Plan Width": 0,
                                                    "Actual Startup Time": 0.999,
                                                    "Actual Total Time": 0.999,
                                                    "Actual Rows": 7873,
                                                    "Actual Loops": 1,
                                                    "Index Cond": "(mk.keyword_id = 3)"
                                                }
                                            ]
                                        },
                                        {
                                            "Node Type": "Index Scan",
                                            "Parent Relationship": "Inner",
                                            "Parallel Aware": false,
                                            "Scan Direction": "Forward",
                                            "Index Name": "title_pkey",
                                            "Relation Name": "title",
                                            "Schema": "public",
                                            "Alias": "t",
                                            "Startup Cost": 0.43,
                                            "Total Cost": 7.04,
                                            "Plan Rows": 1,
                                            "Plan Width": 4,
                                            "Actual Startup Time": 0.006,
                                            "Actual Total Time": 0.006,
                                            "Actual Rows": 0,
                                            "Actual Loops": 7873,
                                            "Output": [
                                                "t.id",
                                                "t.title",
                                                "t.imdb_index",
                                                "t.kind_id",
                                                "t.production_year",
                                                "t.imdb_id",
                                                "t.phonetic_code",
                                                "t.episode_of_id",
                                                "t.season_nr",
                                                "t.episode_nr",
                                                "t.series_years",
                                                "t.md5sum"
                                            ],
                                            "Index Cond": "(t.id = mk.movie_id)",
                                            "Rows Removed by Index Recheck": 0,
                                            "Filter": "((t.kind_id = 7) AND (t.production_year = 2006))",
                                            "Rows Removed by Filter": 1,
                                            "Workers": [
                                                {
                                                    "Worker Number": 0,
                                                    "Actual Startup Time": 0.031,
                                                    "Actual Total Time": 0.031,
                                                    "Actual Rows": 0,
                                                    "Actual Loops": 403
                                                },
                                                {
                                                    "Worker Number": 1,
                                                    "Actual Startup Time": 0.038,
                                                    "Actual Total Time": 0.038,
                                                    "Actual Rows": 0,
                                                    "Actual Loops": 331
                                                }
                                            ]
                                        }
                                    ]
                                }
                            ]
                        }
                    ]
                }
            ]
        },
        "Planning Time": 184.009,
        "Triggers": [],
        "Execution Time": 30.252
    }
]