[
  {
    "Plan": {
      "Node Type": "Aggregate",
      "Strategy": "Plain",
      "Partial Mode": "Finalize",
      "Parallel Aware": false,
      "Startup Cost": 123847.47,
      "Total Cost": 123847.48,
      "Plan Rows": 1,
      "Plan Width": 8,
      "Actual Startup Time": 471.414,
      "Actual Total Time": 492.757,
      "Actual Rows": 1,
      "Actual Loops": 1,
      "Plans": [
        {
          "Node Type": "Gather",
          "Parent Relationship": "Outer",
          "Parallel Aware": false,
          "Startup Cost": 123847.15,
          "Total Cost": 123847.46,
          "Plan Rows": 3,
          "Plan Width": 8,
          "Actual Startup Time": 469.378,
          "Actual Total Time": 492.743,
          "Actual Rows": 4,
          "Actual Loops": 1,
          "Workers Planned": 3,
          "Workers Launched": 3,
          "Single Copy": false,
          "Plans": [
            {
              "Node Type": "Aggregate",
              "Strategy": "Plain",
              "Partial Mode": "Partial",
              "Parent Relationship": "Outer",
              "Parallel Aware": false,
              "Startup Cost": 122847.15,
              "Total Cost": 122847.16,
              "Plan Rows": 1,
              "Plan Width": 8,
              "Actual Startup Time": 460.795,
              "Actual Total Time": 460.986,
              "Actual Rows": 1,
              "Actual Loops": 4,
              "Plans": [
                {
                  "Node Type": "Hash Join",
                  "Parent Relationship": "Outer",
                  "Parallel Aware": true,
                  "Join Type": "Inner",
                  "Startup Cost": 76368.07,
                  "Total Cost": 122726.85,
                  "Plan Rows": 48122,
                  "Plan Width": 0,
                  "Actual Startup Time": 284.344,
                  "Actual Total Time": 455.518,
                  "Actual Rows": 121430,
                  "Actual Loops": 4,
                  "Inner Unique": false,
                  "Hash Cond": "(mk.movie_id = t.id)",
                  "Plans": [
                    {
                      "Node Type": "Seq Scan",
                      "Parent Relationship": "Outer",
                      "Parallel Aware": true,
                      "Relation Name": "movie_keyword",
                      "Alias": "mk",
                      "Startup Cost": 0.0,
                      "Total Cost": 42695.65,
                      "Plan Rows": 944753,
                      "Plan Width": 4,
                      "Actual Startup Time": 0.033,
                      "Actual Total Time": 115.516,
                      "Actual Rows": 731146,
                      "Actual Loops": 4,
                      "Filter": "(keyword_id < 9587)",
                      "Rows Removed by Filter": 399836
                    },
                    {
                      "Node Type": "Hash",
                      "Parent Relationship": "Inner",
                      "Parallel Aware": true,
                      "Startup Cost": 75965.63,
                      "Total Cost": 75965.63,
                      "Plan Rows": 32195,
                      "Plan Width": 8,
                      "Actual Startup Time": 268.576,
                      "Actual Total Time": 268.765,
                      "Actual Rows": 30380,
                      "Actual Loops": 4,
                      "Hash Buckets": 131072,
                      "Original Hash Buckets": 131072,
                      "Hash Batches": 1,
                      "Original Hash Batches": 1,
                      "Peak Memory Usage": 5856,
                      "Plans": [
                        {
                          "Node Type": "Hash Join",
                          "Parent Relationship": "Outer",
                          "Parallel Aware": true,
                          "Join Type": "Inner",
                          "Startup Cost": 30979.39,
                          "Total Cost": 75965.63,
                          "Plan Rows": 32195,
                          "Plan Width": 8,
                          "Actual Startup Time": 135.608,
                          "Actual Total Time": 258.499,
                          "Actual Rows": 30380,
                          "Actual Loops": 4,
                          "Inner Unique": false,
                          "Hash Cond": "(t.id = mc.movie_id)",
                          "Plans": [
                            {
                              "Node Type": "Seq Scan",
                              "Parent Relationship": "Outer",
                              "Parallel Aware": true,
                              "Relation Name": "title",
                              "Alias": "t",
                              "Startup Cost": 0.0,
                              "Total Cost": 43898.92,
                              "Plan Rows": 196693,
                              "Plan Width": 4,
                              "Actual Startup Time": 0.015,
                              "Actual Total Time": 89.465,
                              "Actual Rows": 196232,
                              "Actual Loops": 4,
                              "Filter": "(production_year > 2007)",
                              "Rows Removed by Filter": 435846
                            },
                            {
                              "Node Type": "Hash",
                              "Parent Relationship": "Inner",
                              "Parallel Aware": true,
                              "Startup Cost": 29310.68,
                              "Total Cost": 29310.68,
                              "Plan Rows": 133497,
                              "Plan Width": 4,
                              "Actual Startup Time": 108.765,
                              "Actual Total Time": 108.766,
                              "Actual Rows": 104664,
                              "Actual Loops": 4,
                              "Hash Buckets": 524288,
                              "Original Hash Buckets": 524288,
                              "Hash Batches": 1,
                              "Original Hash Batches": 1,
                              "Peak Memory Usage": 20544,
                              "Plans": [
                                {
                                  "Node Type": "Seq Scan",
                                  "Parent Relationship": "Outer",
                                  "Parallel Aware": true,
                                  "Relation Name": "movie_companies",
                                  "Alias": "mc",
                                  "Startup Cost": 0.0,
                                  "Total Cost": 29310.68,
                                  "Plan Rows": 133497,
                                  "Plan Width": 4,
                                  "Actual Startup Time": 46.966,
                                  "Actual Total Time": 77.151,
                                  "Actual Rows": 104664,
                                  "Actual Loops": 4,
                                  "Filter": "(company_id > 80160)",
                                  "Rows Removed by Filter": 547619
                                }
                              ]
                            }
                          ]
                        }
                      ]
                    }
                  ]
                }
              ]
            }
          ]
        }
      ]
    },
    "Planning Time": 1.337,
    "Triggers": [],
    "Execution Time": 492.837
  }
]