[
  {
    "Plan": {
      "Node Type": "Aggregate",
      "Strategy": "Plain",
      "Partial Mode": "Finalize",
      "Parallel Aware": false,
      "Startup Cost": 31595.13,
      "Total Cost": 31595.14,
      "Plan Rows": 1,
      "Plan Width": 8,
      "Actual Startup Time": 106.458,
      "Actual Total Time": 116.403,
      "Actual Rows": 1,
      "Actual Loops": 1,
      "Plans": [
        {
          "Node Type": "Gather",
          "Parent Relationship": "Outer",
          "Parallel Aware": false,
          "Startup Cost": 31594.81,
          "Total Cost": 31595.12,
          "Plan Rows": 3,
          "Plan Width": 8,
          "Actual Startup Time": 106.309,
          "Actual Total Time": 116.394,
          "Actual Rows": 4,
          "Actual Loops": 1,
          "Workers Planned": 3,
          "Workers Launched": 3,
          "Single Copy": false,
          "Plans": [
            {
              "Node Type": "Aggregate",
              "Strategy": "Plain",
              "Partial Mode": "Partial",
              "Parent Relationship": "Outer",
              "Parallel Aware": false,
              "Startup Cost": 30594.81,
              "Total Cost": 30594.82,
              "Plan Rows": 1,
              "Plan Width": 8,
              "Actual Startup Time": 101.73,
              "Actual Total Time": 101.731,
              "Actual Rows": 1,
              "Actual Loops": 4,
              "Plans": [
                {
                  "Node Type": "Seq Scan",
                  "Parent Relationship": "Outer",
                  "Parallel Aware": true,
                  "Relation Name": "movie_companies",
                  "Alias": "mc",
                  "Startup Cost": 0.0,
                  "Total Cost": 29310.68,
                  "Plan Rows": 513653,
                  "Plan Width": 0,
                  "Actual Startup Time": 3.047,
                  "Actual Total Time": 81.466,
                  "Actual Rows": 397777,
                  "Actual Loops": 4,
                  "Filter": "(company_id > 5344)",
                  "Rows Removed by Filter": 254505
                }
              ]
            }
          ]
        }
      ]
    },
    "Planning Time": 0.093,
    "Triggers": [],
    "Execution Time": 116.433
  }
]