[
  {
    "Plan": {
      "Node Type": "Aggregate",
      "Strategy": "Plain",
      "Partial Mode": "Finalize",
      "Parallel Aware": false,
      "Startup Cost": 31591.93,
      "Total Cost": 31591.94,
      "Plan Rows": 1,
      "Plan Width": 8,
      "Actual Startup Time": 115.345,
      "Actual Total Time": 122.859,
      "Actual Rows": 1,
      "Actual Loops": 1,
      "Plans": [
        {
          "Node Type": "Gather",
          "Parent Relationship": "Outer",
          "Parallel Aware": false,
          "Startup Cost": 31591.61,
          "Total Cost": 31591.92,
          "Plan Rows": 3,
          "Plan Width": 8,
          "Actual Startup Time": 115.204,
          "Actual Total Time": 122.85,
          "Actual Rows": 4,
          "Actual Loops": 1,
          "Workers Planned": 3,
          "Workers Launched": 3,
          "Single Copy": false,
          "Plans": [
            {
              "Node Type": "Aggregate",
              "Strategy": "Plain",
              "Partial Mode": "Partial",
              "Parent Relationship": "Outer",
              "Parallel Aware": false,
              "Startup Cost": 30591.61,
              "Total Cost": 30591.62,
              "Plan Rows": 1,
              "Plan Width": 8,
              "Actual Startup Time": 106.422,
              "Actual Total Time": 106.423,
              "Actual Rows": 1,
              "Actual Loops": 4,
              "Plans": [
                {
                  "Node Type": "Seq Scan",
                  "Parent Relationship": "Outer",
                  "Parallel Aware": true,
                  "Relation Name": "movie_companies",
                  "Alias": "mc",
                  "Startup Cost": 0.0,
                  "Total Cost": 29310.68,
                  "Plan Rows": 512373,
                  "Plan Width": 0,
                  "Actual Startup Time": 7.4,
                  "Actual Total Time": 87.972,
                  "Actual Rows": 397777,
                  "Actual Loops": 4,
                  "Filter": "(company_id > 5344)",
                  "Rows Removed by Filter": 254505
                }
              ]
            }
          ]
        }
      ]
    },
    "Planning Time": 0.193,
    "Triggers": [],
    "Execution Time": 122.916
  }
]