[
  {
    "Plan": {
      "Node Type": "Aggregate",
      "Strategy": "Plain",
      "Partial Mode": "Finalize",
      "Parallel Aware": false,
      "Startup Cost": 339322.8,
      "Total Cost": 339322.81,
      "Plan Rows": 1,
      "Plan Width": 8,
      "Actual Startup Time": 803.646,
      "Actual Total Time": 860.638,
      "Actual Rows": 1,
      "Actual Loops": 1,
      "Plans": [
        {
          "Node Type": "Gather",
          "Parent Relationship": "Outer",
          "Parallel Aware": false,
          "Startup Cost": 339322.17,
          "Total Cost": 339322.78,
          "Plan Rows": 6,
          "Plan Width": 8,
          "Actual Startup Time": 803.508,
          "Actual Total Time": 860.63,
          "Actual Rows": 7,
          "Actual Loops": 1,
          "Workers Planned": 6,
          "Workers Launched": 6,
          "Single Copy": false,
          "Plans": [
            {
              "Node Type": "Aggregate",
              "Strategy": "Plain",
              "Partial Mode": "Partial",
              "Parent Relationship": "Outer",
              "Parallel Aware": false,
              "Startup Cost": 338322.17,
              "Total Cost": 338322.18,
              "Plan Rows": 1,
              "Plan Width": 8,
              "Actual Startup Time": 794.657,
              "Actual Total Time": 794.658,
              "Actual Rows": 1,
              "Actual Loops": 7,
              "Plans": [
                {
                  "Node Type": "Seq Scan",
                  "Parent Relationship": "Outer",
                  "Parallel Aware": true,
                  "Relation Name": "cast_info",
                  "Alias": "ci",
                  "Startup Cost": 0.0,
                  "Total Cost": 328162.03,
                  "Plan Rows": 4064058,
                  "Plan Width": 0,
                  "Actual Startup Time": 138.788,
                  "Actual Total Time": 641.515,
                  "Actual Rows": 3484678,
                  "Actual Loops": 7,
                  "Filter": "(person_id > 1164311)",
                  "Rows Removed by Filter": 1693085
                }
              ]
            }
          ]
        }
      ]
    },
    "Planning Time": 0.196,
    "Triggers": [],
    "Execution Time": 860.708
  }
]