[
  {
    "Plan": {
      "Node Type": "Aggregate",
      "Strategy": "Plain",
      "Partial Mode": "Finalize",
      "Parallel Aware": false,
      "Startup Cost": 389350.96,
      "Total Cost": 389350.97,
      "Plan Rows": 1,
      "Plan Width": 8,
      "Actual Startup Time": 1630.499,
      "Actual Total Time": 1680.574,
      "Actual Rows": 1,
      "Actual Loops": 1,
      "Plans": [
        {
          "Node Type": "Gather",
          "Parent Relationship": "Outer",
          "Parallel Aware": false,
          "Startup Cost": 389350.34,
          "Total Cost": 389350.95,
          "Plan Rows": 6,
          "Plan Width": 8,
          "Actual Startup Time": 1622.968,
          "Actual Total Time": 1680.56,
          "Actual Rows": 7,
          "Actual Loops": 1,
          "Workers Planned": 6,
          "Workers Launched": 6,
          "Single Copy": false,
          "Plans": [
            {
              "Node Type": "Aggregate",
              "Strategy": "Plain",
              "Partial Mode": "Partial",
              "Parent Relationship": "Outer",
              "Parallel Aware": false,
              "Startup Cost": 388350.34,
              "Total Cost": 388350.35,
              "Plan Rows": 1,
              "Plan Width": 8,
              "Actual Startup Time": 1611.847,
              "Actual Total Time": 1611.851,
              "Actual Rows": 1,
              "Actual Loops": 7,
              "Plans": [
                {
                  "Node Type": "Hash Join",
                  "Parent Relationship": "Outer",
                  "Parallel Aware": true,
                  "Join Type": "Inner",
                  "Startup Cost": 49061.92,
                  "Total Cost": 385009.78,
                  "Plan Rows": 1336224,
                  "Plan Width": 0,
                  "Actual Startup Time": 169.882,
                  "Actual Total Time": 1557.342,
                  "Actual Rows": 1080271,
                  "Actual Loops": 7,
                  "Inner Unique": true,
                  "Hash Cond": "(ci.movie_id = t.id)",
                  "Plans": [
                    {
                      "Node Type": "Seq Scan",
                      "Parent Relationship": "Outer",
                      "Parallel Aware": true,
                      "Relation Name": "cast_info",
                      "Alias": "ci",
                      "Startup Cost": 0.0,
                      "Total Cost": 328211.39,
                      "Plan Rows": 2947220,
                      "Plan Width": 4,
                      "Actual Startup Time": 0.036,
                      "Actual Total Time": 613.066,
                      "Actual Rows": 2546251,
                      "Actual Loops": 7,
                      "Filter": "(person_id < 1766055)",
                      "Rows Removed by Filter": 2631512
                    },
                    {
                      "Node Type": "Hash",
                      "Parent Relationship": "Inner",
                      "Parallel Aware": true,
                      "Startup Cost": 45479.59,
                      "Total Cost": 45479.59,
                      "Plan Rows": 286587,
                      "Plan Width": 4,
                      "Actual Startup Time": 166.272,
                      "Actual Total Time": 166.273,
                      "Actual Rows": 156512,
                      "Actual Loops": 7,
                      "Hash Buckets": 2097152,
                      "Original Hash Buckets": 2097152,
                      "Hash Batches": 1,
                      "Original Hash Batches": 1,
                      "Peak Memory Usage": 59360,
                      "Plans": [
                        {
                          "Node Type": "Seq Scan",
                          "Parent Relationship": "Outer",
                          "Parallel Aware": true,
                          "Relation Name": "title",
                          "Alias": "t",
                          "Startup Cost": 0.0,
                          "Total Cost": 45479.59,
                          "Plan Rows": 286587,
                          "Plan Width": 4,
                          "Actual Startup Time": 0.043,
                          "Actual Total Time": 83.35,
                          "Actual Rows": 156512,
                          "Actual Loops": 7,
                          "Filter": "((kind_id > 1) AND (production_year < 2007))",
                          "Rows Removed by Filter": 204676
                        }
                      ]
                    }
                  ]
                }
              ]
            }
          ]
        }
      ]
    },
    "Planning Time": 0.254,
    "Triggers": [],
    "Execution Time": 1680.621
  }
]