[
  {
    "Plan": {
      "Node Type": "Aggregate",
      "Strategy": "Plain",
      "Partial Mode": "Finalize",
      "Parallel Aware": false,
      "Startup Cost": 257277.54,
      "Total Cost": 257277.55,
      "Plan Rows": 1,
      "Plan Width": 8,
      "Actual Startup Time": 2258.169,
      "Actual Total Time": 2304.52,
      "Actual Rows": 1,
      "Actual Loops": 1,
      "Plans": [
        {
          "Node Type": "Gather",
          "Parent Relationship": "Outer",
          "Parallel Aware": false,
          "Startup Cost": 257277.22,
          "Total Cost": 257277.53,
          "Plan Rows": 3,
          "Plan Width": 8,
          "Actual Startup Time": 2256.034,
          "Actual Total Time": 2304.511,
          "Actual Rows": 4,
          "Actual Loops": 1,
          "Workers Planned": 3,
          "Workers Launched": 3,
          "Single Copy": false,
          "Plans": [
            {
              "Node Type": "Aggregate",
              "Strategy": "Plain",
              "Partial Mode": "Partial",
              "Parent Relationship": "Outer",
              "Parallel Aware": false,
              "Startup Cost": 256277.22,
              "Total Cost": 256277.23,
              "Plan Rows": 1,
              "Plan Width": 8,
              "Actual Startup Time": 2242.442,
              "Actual Total Time": 2242.446,
              "Actual Rows": 1,
              "Actual Loops": 4,
              "Plans": [
                {
                  "Node Type": "Nested Loop",
                  "Parent Relationship": "Outer",
                  "Parallel Aware": false,
                  "Join Type": "Inner",
                  "Startup Cost": 47239.02,
                  "Total Cost": 255372.57,
                  "Plan Rows": 361861,
                  "Plan Width": 0,
                  "Actual Startup Time": 159.89,
                  "Actual Total Time": 2032.538,
                  "Actual Rows": 4197580,
                  "Actual Loops": 4,
                  "Inner Unique": false,
                  "Join Filter": "(t.id = mi.movie_id)",
                  "Rows Removed by Join Filter": 0,
                  "Plans": [
                    {
                      "Node Type": "Hash Join",
                      "Parent Relationship": "Outer",
                      "Parallel Aware": true,
                      "Join Type": "Inner",
                      "Startup Cost": 47238.59,
                      "Total Cost": 90660.92,
                      "Plan Rows": 61628,
                      "Plan Width": 8,
                      "Actual Startup Time": 159.782,
                      "Actual Total Time": 320.503,
                      "Actual Rows": 80759,
                      "Actual Loops": 4,
                      "Inner Unique": true,
                      "Hash Cond": "(mk.movie_id = t.id)",
                      "Plans": [
                        {
                          "Node Type": "Seq Scan",
                          "Parent Relationship": "Outer",
                          "Parallel Aware": true,
                          "Relation Name": "movie_keyword",
                          "Alias": "mk",
                          "Startup Cost": 0.0,
                          "Total Cost": 42695.65,
                          "Plan Rows": 276830,
                          "Plan Width": 4,
                          "Actual Startup Time": 0.034,
                          "Actual Total Time": 101.96,
                          "Actual Rows": 213544,
                          "Actual Loops": 4,
                          "Filter": "(keyword_id < 816)",
                          "Rows Removed by Filter": 917438
                        },
                        {
                          "Node Type": "Hash",
                          "Parent Relationship": "Inner",
                          "Parallel Aware": true,
                          "Startup Cost": 45479.59,
                          "Total Cost": 45479.59,
                          "Plan Rows": 140720,
                          "Plan Width": 4,
                          "Actual Startup Time": 157.278,
                          "Actual Total Time": 157.279,
                          "Actual Rows": 119292,
                          "Actual Loops": 4,
                          "Hash Buckets": 1048576,
                          "Original Hash Buckets": 1048576,
                          "Hash Batches": 1,
                          "Original Hash Batches": 1,
                          "Peak Memory Usage": 26944,
                          "Plans": [
                            {
                              "Node Type": "Seq Scan",
                              "Parent Relationship": "Outer",
                              "Parallel Aware": true,
                              "Relation Name": "title",
                              "Alias": "t",
                              "Startup Cost": 0.0,
                              "Total Cost": 45479.59,
                              "Plan Rows": 140720,
                              "Plan Width": 4,
                              "Actual Startup Time": 0.059,
                              "Actual Total Time": 110.442,
                              "Actual Rows": 119292,
                              "Actual Loops": 4,
                              "Filter": "((kind_id < 7) AND (production_year > 1999))",
                              "Rows Removed by Filter": 512786
                            }
                          ]
                        }
                      ]
                    },
                    {
                      "Node Type": "Index Only Scan",
                      "Parent Relationship": "Inner",
                      "Parallel Aware": false,
                      "Scan Direction": "Forward",
                      "Index Name": "movie_id_movie_info",
                      "Relation Name": "movie_info",
                      "Alias": "mi",
                      "Startup Cost": 0.43,
                      "Total Cost": 2.16,
                      "Plan Rows": 41,
                      "Plan Width": 4,
                      "Actual Startup Time": 0.004,
                      "Actual Total Time": 0.016,
                      "Actual Rows": 52,
                      "Actual Loops": 323037,
                      "Index Cond": "(movie_id = mk.movie_id)",
                      "Rows Removed by Index Recheck": 0,
                      "Heap Fetches": 16790320
                    }
                  ]
                }
              ]
            }
          ]
        }
      ]
    },
    "Planning Time": 0.562,
    "Triggers": [],
    "Execution Time": 2304.587
  }
]