[
  {
    "Plan": {
      "Node Type": "Aggregate",
      "Strategy": "Plain",
      "Partial Mode": "Finalize",
      "Parallel Aware": false,
      "Startup Cost": 38840.61,
      "Total Cost": 38840.62,
      "Plan Rows": 1,
      "Plan Width": 8,
      "Actual Startup Time": 135.687,
      "Actual Total Time": 159.987,
      "Actual Rows": 1,
      "Actual Loops": 1,
      "Plans": [
        {
          "Node Type": "Gather",
          "Parent Relationship": "Outer",
          "Parallel Aware": false,
          "Startup Cost": 38840.39,
          "Total Cost": 38840.6,
          "Plan Rows": 2,
          "Plan Width": 8,
          "Actual Startup Time": 135.508,
          "Actual Total Time": 159.977,
          "Actual Rows": 3,
          "Actual Loops": 1,
          "Workers Planned": 2,
          "Workers Launched": 2,
          "Single Copy": false,
          "Plans": [
            {
              "Node Type": "Aggregate",
              "Strategy": "Plain",
              "Partial Mode": "Partial",
              "Parent Relationship": "Outer",
              "Parallel Aware": false,
              "Startup Cost": 37840.39,
              "Total Cost": 37840.4,
              "Plan Rows": 1,
              "Plan Width": 8,
              "Actual Startup Time": 127.736,
              "Actual Total Time": 127.738,
              "Actual Rows": 1,
              "Actual Loops": 3,
              "Plans": [
                {
                  "Node Type": "Nested Loop",
                  "Parent Relationship": "Outer",
                  "Parallel Aware": false,
                  "Join Type": "Inner",
                  "Startup Cost": 133.22,
                  "Total Cost": 37805.32,
                  "Plan Rows": 14027,
                  "Plan Width": 0,
                  "Actual Startup Time": 2.796,
                  "Actual Total Time": 122.261,
                  "Actual Rows": 98833,
                  "Actual Loops": 3,
                  "Inner Unique": false,
                  "Plans": [
                    {
                      "Node Type": "Nested Loop",
                      "Parent Relationship": "Outer",
                      "Parallel Aware": false,
                      "Join Type": "Inner",
                      "Startup Cost": 132.78,
                      "Total Cost": 32635.21,
                      "Plan Rows": 2576,
                      "Plan Width": 8,
                      "Actual Startup Time": 2.637,
                      "Actual Total Time": 25.059,
                      "Actual Rows": 1952,
                      "Actual Loops": 3,
                      "Inner Unique": true,
                      "Plans": [
                        {
                          "Node Type": "Bitmap Heap Scan",
                          "Parent Relationship": "Outer",
                          "Parallel Aware": true,
                          "Relation Name": "movie_keyword",
                          "Alias": "mk",
                          "Startup Cost": 132.35,
                          "Total Cost": 14320.78,
                          "Plan Rows": 2576,
                          "Plan Width": 4,
                          "Actual Startup Time": 2.471,
                          "Actual Total Time": 10.08,
                          "Actual Rows": 1952,
                          "Actual Loops": 3,
                          "Recheck Cond": "(keyword_id = 405)",
                          "Rows Removed by Index Recheck": 0,
                          "Exact Heap Blocks": 2999,
                          "Lossy Heap Blocks": 0,
                          "Plans": [
                            {
                              "Node Type": "Bitmap Index Scan",
                              "Parent Relationship": "Outer",
                              "Parallel Aware": false,
                              "Index Name": "keyword_id_movie_keyword",
                              "Startup Cost": 0.0,
                              "Total Cost": 130.81,
                              "Plan Rows": 6183,
                              "Plan Width": 0,
                              "Actual Startup Time": 4.318,
                              "Actual Total Time": 4.319,
                              "Actual Rows": 5857,
                              "Actual Loops": 1,
                              "Index Cond": "(keyword_id = 405)"
                            }
                          ]
                        },
                        {
                          "Node Type": "Index Only Scan",
                          "Parent Relationship": "Inner",
                          "Parallel Aware": false,
                          "Scan Direction": "Forward",
                          "Index Name": "title_pkey",
                          "Relation Name": "title",
                          "Alias": "t",
                          "Startup Cost": 0.43,
                          "Total Cost": 7.11,
                          "Plan Rows": 1,
                          "Plan Width": 4,
                          "Actual Startup Time": 0.007,
                          "Actual Total Time": 0.007,
                          "Actual Rows": 1,
                          "Actual Loops": 5857,
                          "Index Cond": "(id = mk.movie_id)",
                          "Rows Removed by Index Recheck": 0,
                          "Heap Fetches": 5857
                        }
                      ]
                    },
                    {
                      "Node Type": "Index Scan",
                      "Parent Relationship": "Inner",
                      "Parallel Aware": false,
                      "Scan Direction": "Forward",
                      "Index Name": "movie_id_movie_info",
                      "Relation Name": "movie_info",
                      "Alias": "mi",
                      "Startup Cost": 0.43,
                      "Total Cost": 1.62,
                      "Plan Rows": 39,
                      "Plan Width": 4,
                      "Actual Startup Time": 0.009,
                      "Actual Total Time": 0.046,
                      "Actual Rows": 51,
                      "Actual Loops": 5857,
                      "Index Cond": "(movie_id = t.id)",
                      "Rows Removed by Index Recheck": 0,
                      "Filter": "(info_type_id < 94)",
                      "Rows Removed by Filter": 11
                    }
                  ]
                }
              ]
            }
          ]
        }
      ]
    },
    "Planning Time": 1.378,
    "Triggers": [],
    "Execution Time": 160.097
  }
]