[
    {
        "Bao": {
            "Bao prediction": "NaN",
            "Bao recommended hint": "(no hint)"
        }
    },
    {
        "Plan": {
            "Node Type": "Aggregate",
            "Strategy": "Plain",
            "Partial Mode": "Simple",
            "Parallel Aware": false,
            "Startup Cost": 21621.73,
            "Total Cost": 21621.74,
            "Plan Rows": 1,
            "Plan Width": 8,
            "Actual Startup Time": 23.009,
            "Actual Total Time": 23.01,
            "Actual Rows": 1,
            "Actual Loops": 1,
            "Output": [
                "count(*)"
            ],
            "Plans": [
                {
                    "Node Type": "Bitmap Heap Scan",
                    "Parent Relationship": "Outer",
                    "Parallel Aware": false,
                    "Relation Name": "movie_companies",
                    "Schema": "public",
                    "Alias": "mc",
                    "Startup Cost": 1674.39,
                    "Total Cost": 21428.84,
                    "Plan Rows": 77156,
                    "Plan Width": 0,
                    "Actual Startup Time": 4.255,
                    "Actual Total Time": 19.22,
                    "Actual Rows": 79054,
                    "Actual Loops": 1,
                    "Recheck Cond": "(mc.company_id > 170656)",
                    "Rows Removed by Index Recheck": 0,
                    "Exact Heap Blocks": 2702,
                    "Lossy Heap Blocks": 0,
                    "Plans": [
                        {
                            "Node Type": "Bitmap Index Scan",
                            "Parent Relationship": "Outer",
                            "Parallel Aware": false,
                            "Index Name": "company_id_movie_companies",
                            "Startup Cost": 0.0,
                            "Total Cost": 1655.1,
                            "Plan Rows": 77156,
                            "Plan Width": 0,
                            "Actual Startup Time": 3.88,
                            "Actual Total Time": 3.881,
                            "Actual Rows": 79054,
                            "Actual Loops": 1,
                            "Index Cond": "(mc.company_id > 170656)"
                        }
                    ]
                }
            ]
        },
        "Planning Time": 198.615,
        "Triggers": [],
        "Execution Time": 23.094
    }
]