{
    "Plan": {
        "Node Type": "Aggregate",
        "Strategy": "Plain",
        "Partial Mode": "Simple",
        "Parallel Aware": false,
        "Startup Cost": 50001934049.59,
        "Total Cost": 50001934049.6,
        "Plan Rows": 1,
        "Plan Width": 64,
        "Actual Startup Time": 8512.955,
        "Actual Total Time": 8516.579,
        "Actual Rows": 1,
        "Actual Loops": 1,
        "Output": [
            "min(n.name)",
            "min(t.title)"
        ],
        "Plans": [
            {
                "Node Type": "Nested Loop",
                "Parent Relationship": "Outer",
                "Parallel Aware": false,
                "Join Type": "Inner",
                "Startup Cost": 50001932572.66,
                "Total Cost": 50001934049.59,
                "Plan Rows": 1,
                "Plan Width": 32,
                "Actual Startup Time": 8410.598,
                "Actual Total Time": 8515.96,
                "Actual Rows": 1597,
                "Actual Loops": 1,
                "Output": [
                    "n.name",
                    "t.title"
                ],
                "Inner Unique": true,
                "Plans": [
                    {
                        "Node Type": "Nested Loop",
                        "Parent Relationship": "Outer",
                        "Parallel Aware": false,
                        "Join Type": "Inner",
                        "Startup Cost": 40001932572.52,
                        "Total Cost": 40001934041.41,
                        "Plan Rows": 1,
                        "Plan Width": 36,
                        "Actual Startup Time": 8410.582,
                        "Actual Total Time": 8505.991,
                        "Actual Rows": 1597,
                        "Actual Loops": 1,
                        "Output": [
                            "ci.role_id",
                            "n.name",
                            "t.title"
                        ],
                        "Inner Unique": true,
                        "Plans": [
                            {
                                "Node Type": "Merge Join",
                                "Parent Relationship": "Outer",
                                "Parallel Aware": false,
                                "Join Type": "Inner",
                                "Startup Cost": 30001932572.08,
                                "Total Cost": 30001934036.96,
                                "Plan Rows": 1,
                                "Plan Width": 40,
                                "Actual Startup Time": 8410.52,
                                "Actual Total Time": 8492.429,
                                "Actual Rows": 1689,
                                "Actual Loops": 1,
                                "Output": [
                                    "ci.role_id",
                                    "mc.company_id",
                                    "n.name",
                                    "t.title"
                                ],
                                "Inner Unique": false,
                                "Merge Cond": "(mc.movie_id = t.id)",
                                "Plans": [
                                    {
                                        "Node Type": "Sort",
                                        "Parent Relationship": "Outer",
                                        "Parallel Aware": false,
                                        "Startup Cost": 10000084529.48,
                                        "Total Cost": 10000085261.91,
                                        "Plan Rows": 292973,
                                        "Plan Width": 8,
                                        "Actual Startup Time": 461.866,
                                        "Actual Total Time": 494.117,
                                        "Actual Rows": 587802,
                                        "Actual Loops": 1,
                                        "Output": [
                                            "mc.movie_id",
                                            "mc.company_id"
                                        ],
                                        "Sort Key": [
                                            "mc.movie_id"
                                        ],
                                        "Sort Method": "quicksort",
                                        "Sort Space Used": 52279,
                                        "Sort Space Type": "Memory",
                                        "Plans": [
                                            {
                                                "Node Type": "Seq Scan",
                                                "Parent Relationship": "Outer",
                                                "Parallel Aware": false,
                                                "Relation Name": "movie_companies",
                                                "Schema": "public",
                                                "Alias": "mc",
                                                "Startup Cost": 10000000000.0,
                                                "Total Cost": 10000057926.93,
                                                "Plan Rows": 292973,
                                                "Plan Width": 8,
                                                "Actual Startup Time": 0.026,
                                                "Actual Total Time": 362.224,
                                                "Actual Rows": 590994,
                                                "Actual Loops": 1,
                                                "Output": [
                                                    "mc.movie_id",
                                                    "mc.company_id"
                                                ],
                                                "Filter": "((mc.note IS NOT NULL) AND ((mc.note ~~ '%(USA)%'::text) OR (mc.note ~~ '%(worldwide)%'::text)))",
                                                "Rows Removed by Filter": 2018135
                                            }
                                        ]
                                    },
                                    {
                                        "Node Type": "Sort",
                                        "Parent Relationship": "Inner",
                                        "Parallel Aware": false,
                                        "Startup Cost": 20001848042.6,
                                        "Total Cost": 20001848042.6,
                                        "Plan Rows": 1,
                                        "Plan Width": 48,
                                        "Actual Startup Time": 7948.411,
                                        "Actual Total Time": 7952.486,
                                        "Actual Rows": 2401,
                                        "Actual Loops": 1,
                                        "Output": [
                                            "ci.movie_id",
                                            "ci.role_id",
                                            "mi.movie_id",
                                            "n.name",
                                            "t.title",
                                            "t.id"
                                        ],
                                        "Sort Key": [
                                            "ci.movie_id"
                                        ],
                                        "Sort Method": "quicksort",
                                        "Sort Space Used": 218,
                                        "Sort Space Type": "Memory",
                                        "Plans": [
                                            {
                                                "Node Type": "Hash Join",
                                                "Parent Relationship": "Outer",
                                                "Parallel Aware": false,
                                                "Join Type": "Inner",
                                                "Startup Cost": 20001839763.15,
                                                "Total Cost": 20001848042.59,
                                                "Plan Rows": 1,
                                                "Plan Width": 48,
                                                "Actual Startup Time": 7732.763,
                                                "Actual Total Time": 7951.384,
                                                "Actual Rows": 1455,
                                                "Actual Loops": 1,
                                                "Output": [
                                                    "ci.movie_id",
                                                    "ci.role_id",
                                                    "mi.movie_id",
                                                    "n.name",
                                                    "t.title",
                                                    "t.id"
                                                ],
                                                "Inner Unique": true,
                                                "Hash Cond": "(ci.person_id = n.id)",
                                                "Plans": [
                                                    {
                                                        "Node Type": "Hash Join",
                                                        "Parent Relationship": "Outer",
                                                        "Parallel Aware": false,
                                                        "Join Type": "Inner",
                                                        "Startup Cost": 20001686624.1,
                                                        "Total Cost": 20001694866.93,
                                                        "Plan Rows": 13944,
                                                        "Plan Width": 41,
                                                        "Actual Startup Time": 6643.614,
                                                        "Actual Total Time": 7365.661,
                                                        "Actual Rows": 960339,
                                                        "Actual Loops": 1,
                                                        "Output": [
                                                            "an.person_id",
                                                            "ci.movie_id",
                                                            "ci.person_id",
                                                            "ci.role_id",
                                                            "mi.movie_id",
                                                            "t.title",
                                                            "t.id"
                                                        ],
                                                        "Inner Unique": false,
                                                        "Hash Cond": "(ci.person_role_id = chn.id)",
                                                        "Plans": [
                                                            {
                                                                "Node Type": "Merge Join",
                                                                "Parent Relationship": "Outer",
                                                                "Parallel Aware": false,
                                                                "Join Type": "Inner",
                                                                "Startup Cost": 20001579520.99,
                                                                "Total Cost": 20001587608.71,
                                                                "Plan Rows": 13944,
                                                                "Plan Width": 45,
                                                                "Actual Startup Time": 5619.49,
                                                                "Actual Total Time": 6053.64,
                                                                "Actual Rows": 1181437,
                                                                "Actual Loops": 1,
                                                                "Output": [
                                                                    "an.person_id",
                                                                    "ci.movie_id",
                                                                    "ci.person_id",
                                                                    "ci.role_id",
                                                                    "ci.person_role_id",
                                                                    "mi.movie_id",
                                                                    "t.title",
                                                                    "t.id"
                                                                ],
                                                                "Inner Unique": false,
                                                                "Merge Cond": "(mi.info_type_id = it.id)",
                                                                "Plans": [
                                                                    {
                                                                        "Node Type": "Sort",
                                                                        "Parent Relationship": "Outer",
                                                                        "Parallel Aware": false,
                                                                        "Startup Cost": 20001579518.57,
                                                                        "Total Cost": 20001583457.85,
                                                                        "Plan Rows": 1575712,
                                                                        "Plan Width": 49,
                                                                        "Actual Startup Time": 5619.294,
                                                                        "Actual Total Time": 5688.352,
                                                                        "Actual Rows": 1181727,
                                                                        "Actual Loops": 1,
                                                                        "Output": [
                                                                            "an.person_id",
                                                                            "ci.movie_id",
                                                                            "ci.person_id",
                                                                            "ci.role_id",
                                                                            "ci.person_role_id",
                                                                            "mi.movie_id",
                                                                            "mi.info_type_id",
                                                                            "t.title",
                                                                            "t.id"
                                                                        ],
                                                                        "Sort Key": [
                                                                            "mi.info_type_id"
                                                                        ],
                                                                        "Sort Method": "quicksort",
                                                                        "Sort Space Used": 190188,
                                                                        "Sort Space Type": "Memory",
                                                                        "Plans": [
                                                                            {
                                                                                "Node Type": "Merge Join",
                                                                                "Parent Relationship": "Outer",
                                                                                "Parallel Aware": false,
                                                                                "Join Type": "Inner",
                                                                                "Startup Cost": 20001329826.49,
                                                                                "Total Cost": 20001417318.14,
                                                                                "Plan Rows": 1575712,
                                                                                "Plan Width": 49,
                                                                                "Actual Startup Time": 4342.833,
                                                                                "Actual Total Time": 5269.474,
                                                                                "Actual Rows": 1181727,
                                                                                "Actual Loops": 1,
                                                                                "Output": [
                                                                                    "an.person_id",
                                                                                    "ci.movie_id",
                                                                                    "ci.person_id",
                                                                                    "ci.role_id",
                                                                                    "ci.person_role_id",
                                                                                    "mi.movie_id",
                                                                                    "mi.info_type_id",
                                                                                    "t.title",
                                                                                    "t.id"
                                                                                ],
                                                                                "Inner Unique": false,
                                                                                "Merge Cond": "(an.person_id = ci.person_id)",
                                                                                "Plans": [
                                                                                    {
                                                                                        "Node Type": "Index Scan",
                                                                                        "Parent Relationship": "Outer",
                                                                                        "Parallel Aware": false,
                                                                                        "Scan Direction": "Forward",
                                                                                        "Index Name": "person_id_aka_name",
                                                                                        "Relation Name": "aka_name",
                                                                                        "Schema": "public",
                                                                                        "Alias": "an",
                                                                                        "Startup Cost": 0.42,
                                                                                        "Total Cost": 72012.16,
                                                                                        "Plan Rows": 901343,
                                                                                        "Plan Width": 4,
                                                                                        "Actual Startup Time": 0.02,
                                                                                        "Actual Total Time": 328.287,
                                                                                        "Actual Rows": 772515,
                                                                                        "Actual Loops": 1,
                                                                                        "Output": [
                                                                                            "an.id",
                                                                                            "an.person_id",
                                                                                            "an.name",
                                                                                            "an.imdb_index",
                                                                                            "an.name_pcode_cf",
                                                                                            "an.name_pcode_nf",
                                                                                            "an.surname_pcode",
                                                                                            "an.md5sum"
                                                                                        ]
                                                                                    },
                                                                                    {
                                                                                        "Node Type": "Sort",
                                                                                        "Parent Relationship": "Inner",
                                                                                        "Parallel Aware": false,
                                                                                        "Startup Cost": 20001329825.72,
                                                                                        "Total Cost": 20001331461.49,
                                                                                        "Plan Rows": 654308,
                                                                                        "Plan Width": 45,
                                                                                        "Actual Startup Time": 4342.799,
                                                                                        "Actual Total Time": 4561.329,
                                                                                        "Actual Rows": 1530417,
                                                                                        "Actual Loops": 1,
                                                                                        "Output": [
                                                                                            "ci.movie_id",
                                                                                            "ci.person_id",
                                                                                            "ci.role_id",
                                                                                            "ci.person_role_id",
                                                                                            "mi.movie_id",
                                                                                            "mi.info_type_id",
                                                                                            "t.title",
                                                                                            "t.id"
                                                                                        ],
                                                                                        "Sort Key": [
                                                                                            "ci.person_id"
                                                                                        ],
                                                                                        "Sort Method": "quicksort",
                                                                                        "Sort Space Used": 96792,
                                                                                        "Sort Space Type": "Memory",
                                                                                        "Plans": [
                                                                                            {
                                                                                                "Node Type": "Gather",
                                                                                                "Parent Relationship": "Outer",
                                                                                                "Parallel Aware": false,
                                                                                                "Startup Cost": 20000208408.11,
                                                                                                "Total Cost": 20001266620.84,
                                                                                                "Plan Rows": 654308,
                                                                                                "Plan Width": 45,
                                                                                                "Actual Startup Time": 535.577,
                                                                                                "Actual Total Time": 4135.38,
                                                                                                "Actual Rows": 731886,
                                                                                                "Actual Loops": 1,
                                                                                                "Output": [
                                                                                                    "ci.movie_id",
                                                                                                    "ci.person_id",
                                                                                                    "ci.role_id",
                                                                                                    "ci.person_role_id",
                                                                                                    "mi.movie_id",
                                                                                                    "mi.info_type_id",
                                                                                                    "t.title",
                                                                                                    "t.id"
                                                                                                ],
                                                                                                "Workers Planned": 4,
                                                                                                "Workers Launched": 4,
                                                                                                "Single Copy": false,
                                                                                                "Plans": [
                                                                                                    {
                                                                                                        "Node Type": "Nested Loop",
                                                                                                        "Parent Relationship": "Outer",
                                                                                                        "Parallel Aware": false,
                                                                                                        "Join Type": "Inner",
                                                                                                        "Startup Cost": 20000207408.11,
                                                                                                        "Total Cost": 20001200190.04,
                                                                                                        "Plan Rows": 163577,
                                                                                                        "Plan Width": 45,
                                                                                                        "Actual Startup Time": 527.229,
                                                                                                        "Actual Total Time": 4128.125,
                                                                                                        "Actual Rows": 146377,
                                                                                                        "Actual Loops": 5,
                                                                                                        "Output": [
                                                                                                            "ci.movie_id",
                                                                                                            "ci.person_id",
                                                                                                            "ci.role_id",
                                                                                                            "ci.person_role_id",
                                                                                                            "mi.movie_id",
                                                                                                            "mi.info_type_id",
                                                                                                            "t.title",
                                                                                                            "t.id"
                                                                                                        ],
                                                                                                        "Inner Unique": false,
                                                                                                        "Workers": [
                                                                                                            {
                                                                                                                "Worker Number": 0,
                                                                                                                "Actual Startup Time": 525.379,
                                                                                                                "Actual Total Time": 4154.775,
                                                                                                                "Actual Rows": 119636,
                                                                                                                "Actual Loops": 1
                                                                                                            },
                                                                                                            {
                                                                                                                "Worker Number": 1,
                                                                                                                "Actual Startup Time": 524.155,
                                                                                                                "Actual Total Time": 4146.569,
                                                                                                                "Actual Rows": 150278,
                                                                                                                "Actual Loops": 1
                                                                                                            },
                                                                                                            {
                                                                                                                "Worker Number": 2,
                                                                                                                "Actual Startup Time": 524.003,
                                                                                                                "Actual Total Time": 4157.876,
                                                                                                                "Actual Rows": 152676,
                                                                                                                "Actual Loops": 1
                                                                                                            },
                                                                                                            {
                                                                                                                "Worker Number": 3,
                                                                                                                "Actual Startup Time": 527.476,
                                                                                                                "Actual Total Time": 4156.709,
                                                                                                                "Actual Rows": 157072,
                                                                                                                "Actual Loops": 1
                                                                                                            }
                                                                                                        ],
                                                                                                        "Plans": [
                                                                                                            {
                                                                                                                "Node Type": "Hash Join",
                                                                                                                "Parent Relationship": "Outer",
                                                                                                                "Parallel Aware": true,
                                                                                                                "Join Type": "Inner",
                                                                                                                "Startup Cost": 10000207406.92,
                                                                                                                "Total Cost": 10000783063.65,
                                                                                                                "Plan Rows": 71084,
                                                                                                                "Plan Width": 29,
                                                                                                                "Actual Startup Time": 525.575,
                                                                                                                "Actual Total Time": 793.75,
                                                                                                                "Actual Rows": 89606,
                                                                                                                "Actual Loops": 5,
                                                                                                                "Output": [
                                                                                                                    "mi.movie_id",
                                                                                                                    "mi.info_type_id",
                                                                                                                    "t.title",
                                                                                                                    "t.id"
                                                                                                                ],
                                                                                                                "Inner Unique": false,
                                                                                                                "Hash Cond": "(t.id = mi.movie_id)",
                                                                                                                "Workers": [
                                                                                                                    {
                                                                                                                        "Worker Number": 0,
                                                                                                                        "Actual Startup Time": 522.338,
                                                                                                                        "Actual Total Time": 778.799,
                                                                                                                        "Actual Rows": 73642,
                                                                                                                        "Actual Loops": 1
                                                                                                                    },
                                                                                                                    {
                                                                                                                        "Worker Number": 1,
                                                                                                                        "Actual Startup Time": 523.405,
                                                                                                                        "Actual Total Time": 790.839,
                                                                                                                        "Actual Rows": 89048,
                                                                                                                        "Actual Loops": 1
                                                                                                                    },
                                                                                                                    {
                                                                                                                        "Worker Number": 2,
                                                                                                                        "Actual Startup Time": 523.516,
                                                                                                                        "Actual Total Time": 791.255,
                                                                                                                        "Actual Rows": 95536,
                                                                                                                        "Actual Loops": 1
                                                                                                                    },
                                                                                                                    {
                                                                                                                        "Worker Number": 3,
                                                                                                                        "Actual Startup Time": 523.569,
                                                                                                                        "Actual Total Time": 799.451,
                                                                                                                        "Actual Rows": 95017,
                                                                                                                        "Actual Loops": 1
                                                                                                                    }
                                                                                                                ],
                                                                                                                "Plans": [
                                                                                                                    {
                                                                                                                        "Node Type": "Seq Scan",
                                                                                                                        "Parent Relationship": "Outer",
                                                                                                                        "Parallel Aware": true,
                                                                                                                        "Relation Name": "title",
                                                                                                                        "Schema": "public",
                                                                                                                        "Alias": "t",
                                                                                                                        "Startup Cost": 10000000000.0,
                                                                                                                        "Total Cost": 10000045479.21,
                                                                                                                        "Plan Rows": 391170,
                                                                                                                        "Plan Width": 21,
                                                                                                                        "Actual Startup Time": 0.023,
                                                                                                                        "Actual Total Time": 94.951,
                                                                                                                        "Actual Rows": 313411,
                                                                                                                        "Actual Loops": 5,
                                                                                                                        "Output": [
                                                                                                                            "t.id",
                                                                                                                            "t.title",
                                                                                                                            "t.imdb_index",
                                                                                                                            "t.kind_id",
                                                                                                                            "t.production_year",
                                                                                                                            "t.imdb_id",
                                                                                                                            "t.phonetic_code",
                                                                                                                            "t.episode_of_id",
                                                                                                                            "t.season_nr",
                                                                                                                            "t.episode_nr",
                                                                                                                            "t.series_years",
                                                                                                                            "t.md5sum"
                                                                                                                        ],
                                                                                                                        "Filter": "((t.production_year >= 1997) AND (t.production_year <= 2013))",
                                                                                                                        "Rows Removed by Filter": 192252,
                                                                                                                        "Workers": [
                                                                                                                            {
                                                                                                                                "Worker Number": 0,
                                                                                                                                "Actual Startup Time": 0.028,
                                                                                                                                "Actual Total Time": 99.76,
                                                                                                                                "Actual Rows": 245578,
                                                                                                                                "Actual Loops": 1
                                                                                                                            },
                                                                                                                            {
                                                                                                                                "Worker Number": 1,
                                                                                                                                "Actual Startup Time": 0.024,
                                                                                                                                "Actual Total Time": 98.858,
                                                                                                                                "Actual Rows": 317807,
                                                                                                                                "Actual Loops": 1
                                                                                                                            },
                                                                                                                            {
                                                                                                                                "Worker Number": 2,
                                                                                                                                "Actual Startup Time": 0.027,
                                                                                                                                "Actual Total Time": 97.722,
                                                                                                                                "Actual Rows": 332428,
                                                                                                                                "Actual Loops": 1
                                                                                                                            },
                                                                                                                            {
                                                                                                                                "Worker Number": 3,
                                                                                                                                "Actual Startup Time": 0.026,
                                                                                                                                "Actual Total Time": 97.627,
                                                                                                                                "Actual Rows": 332747,
                                                                                                                                "Actual Loops": 1
                                                                                                                            }
                                                                                                                        ]
                                                                                                                    },
                                                                                                                    {
                                                                                                                        "Node Type": "Hash",
                                                                                                                        "Parent Relationship": "Inner",
                                                                                                                        "Parallel Aware": true,
                                                                                                                        "Startup Cost": 206258.29,
                                                                                                                        "Total Cost": 206258.29,
                                                                                                                        "Plan Rows": 91891,
                                                                                                                        "Plan Width": 8,
                                                                                                                        "Actual Startup Time": 523.966,
                                                                                                                        "Actual Total Time": 523.966,
                                                                                                                        "Actual Rows": 90221,
                                                                                                                        "Actual Loops": 5,
                                                                                                                        "Output": [
                                                                                                                            "mi.movie_id",
                                                                                                                            "mi.info_type_id"
                                                                                                                        ],
                                                                                                                        "Hash Buckets": 524288,
                                                                                                                        "Original Hash Buckets": 524288,
                                                                                                                        "Hash Batches": 1,
                                                                                                                        "Original Hash Batches": 1,
                                                                                                                        "Peak Memory Usage": 21824,
                                                                                                                        "Workers": [
                                                                                                                            {
                                                                                                                                "Worker Number": 0,
                                                                                                                                "Actual Startup Time": 521.739,
                                                                                                                                "Actual Total Time": 521.739,
                                                                                                                                "Actual Rows": 63496,
                                                                                                                                "Actual Loops": 1
                                                                                                                            },
                                                                                                                            {
                                                                                                                                "Worker Number": 1,
                                                                                                                                "Actual Startup Time": 522.903,
                                                                                                                                "Actual Total Time": 522.904,
                                                                                                                                "Actual Rows": 92276,
                                                                                                                                "Actual Loops": 1
                                                                                                                            },
                                                                                                                            {
                                                                                                                                "Worker Number": 2,
                                                                                                                                "Actual Startup Time": 523.011,
                                                                                                                                "Actual Total Time": 523.012,
                                                                                                                                "Actual Rows": 91755,
                                                                                                                                "Actual Loops": 1
                                                                                                                            },
                                                                                                                            {
                                                                                                                                "Worker Number": 3,
                                                                                                                                "Actual Startup Time": 523.028,
                                                                                                                                "Actual Total Time": 523.029,
                                                                                                                                "Actual Rows": 92076,
                                                                                                                                "Actual Loops": 1
                                                                                                                            }
                                                                                                                        ],
                                                                                                                        "Plans": [
                                                                                                                            {
                                                                                                                                "Node Type": "Seq Scan",
                                                                                                                                "Parent Relationship": "Outer",
                                                                                                                                "Parallel Aware": true,
                                                                                                                                "Relation Name": "movie_info",
                                                                                                                                "Schema": "public",
                                                                                                                                "Alias": "mi",
                                                                                                                                "Startup Cost": 0.0,
                                                                                                                                "Total Cost": 206258.29,
                                                                                                                                "Plan Rows": 91891,
                                                                                                                                "Plan Width": 8,
                                                                                                                                "Actual Startup Time": 66.583,
                                                                                                                                "Actual Total Time": 498.247,
                                                                                                                                "Actual Rows": 90221,
                                                                                                                                "Actual Loops": 5,
                                                                                                                                "Output": [
                                                                                                                                    "mi.movie_id",
                                                                                                                                    "mi.info_type_id"
                                                                                                                                ],
                                                                                                                                "Filter": "((mi.info IS NOT NULL) AND ((mi.info ~~ 'Japan:%200%'::text) OR (mi.info ~~ 'USA:%200%'::text)))",
                                                                                                                                "Rows Removed by Filter": 2876923,
                                                                                                                                "Workers": [
                                                                                                                                    {
                                                                                                                                        "Worker Number": 0,
                                                                                                                                        "Actual Startup Time": 63.719,
                                                                                                                                        "Actual Total Time": 497.65,
                                                                                                                                        "Actual Rows": 63496,
                                                                                                                                        "Actual Loops": 1
                                                                                                                                    },
                                                                                                                                    {
                                                                                                                                        "Worker Number": 1,
                                                                                                                                        "Actual Startup Time": 62.619,
                                                                                                                                        "Actual Total Time": 497.458,
                                                                                                                                        "Actual Rows": 92276,
                                                                                                                                        "Actual Loops": 1
                                                                                                                                    },
                                                                                                                                    {
                                                                                                                                        "Worker Number": 2,
                                                                                                                                        "Actual Startup Time": 64.585,
                                                                                                                                        "Actual Total Time": 497.558,
                                                                                                                                        "Actual Rows": 91755,
                                                                                                                                        "Actual Loops": 1
                                                                                                                                    },
                                                                                                                                    {
                                                                                                                                        "Worker Number": 3,
                                                                                                                                        "Actual Startup Time": 68.476,
                                                                                                                                        "Actual Total Time": 497.367,
                                                                                                                                        "Actual Rows": 92076,
                                                                                                                                        "Actual Loops": 1
                                                                                                                                    }
                                                                                                                                ]
                                                                                                                            }
                                                                                                                        ]
                                                                                                                    }
                                                                                                                ]
                                                                                                            },
                                                                                                            {
                                                                                                                "Node Type": "Bitmap Heap Scan",
                                                                                                                "Parent Relationship": "Inner",
                                                                                                                "Parallel Aware": false,
                                                                                                                "Relation Name": "cast_info",
                                                                                                                "Schema": "public",
                                                                                                                "Alias": "ci",
                                                                                                                "Startup Cost": 1.18,
                                                                                                                "Total Cost": 5.85,
                                                                                                                "Plan Rows": 2,
                                                                                                                "Plan Width": 16,
                                                                                                                "Actual Startup Time": 0.025,
                                                                                                                "Actual Total Time": 0.035,
                                                                                                                "Actual Rows": 2,
                                                                                                                "Actual Loops": 448029,
                                                                                                                "Output": [
                                                                                                                    "ci.id",
                                                                                                                    "ci.person_id",
                                                                                                                    "ci.movie_id",
                                                                                                                    "ci.person_role_id",
                                                                                                                    "ci.note",
                                                                                                                    "ci.nr_order",
                                                                                                                    "ci.role_id"
                                                                                                                ],
                                                                                                                "Recheck Cond": "(ci.movie_id = t.id)",
                                                                                                                "Rows Removed by Index Recheck": 0,
                                                                                                                "Filter": "(ci.note = ANY ('{(uncredited),(voice),(writer),\"(archive footage)\"}'::text[]))",
                                                                                                                "Rows Removed by Filter": 20,
                                                                                                                "Exact Heap Blocks": 1974634,
                                                                                                                "Lossy Heap Blocks": 0,
                                                                                                                "Workers": [
                                                                                                                    {
                                                                                                                        "Worker Number": 0,
                                                                                                                        "Actual Startup Time": 0.031,
                                                                                                                        "Actual Total Time": 0.043,
                                                                                                                        "Actual Rows": 2,
                                                                                                                        "Actual Loops": 73642
                                                                                                                    },
                                                                                                                    {
                                                                                                                        "Worker Number": 1,
                                                                                                                        "Actual Startup Time": 0.025,
                                                                                                                        "Actual Total Time": 0.036,
                                                                                                                        "Actual Rows": 2,
                                                                                                                        "Actual Loops": 89048
                                                                                                                    },
                                                                                                                    {
                                                                                                                        "Worker Number": 2,
                                                                                                                        "Actual Startup Time": 0.024,
                                                                                                                        "Actual Total Time": 0.033,
                                                                                                                        "Actual Rows": 2,
                                                                                                                        "Actual Loops": 95536
                                                                                                                    },
                                                                                                                    {
                                                                                                                        "Worker Number": 3,
                                                                                                                        "Actual Startup Time": 0.024,
                                                                                                                        "Actual Total Time": 0.033,
                                                                                                                        "Actual Rows": 2,
                                                                                                                        "Actual Loops": 95017
                                                                                                                    }
                                                                                                                ],
                                                                                                                "Plans": [
                                                                                                                    {
                                                                                                                        "Node Type": "Bitmap Index Scan",
                                                                                                                        "Parent Relationship": "Outer",
                                                                                                                        "Parallel Aware": false,
                                                                                                                        "Index Name": "movie_id_cast_info",
                                                                                                                        "Startup Cost": 0.0,
                                                                                                                        "Total Cost": 1.18,
                                                                                                                        "Plan Rows": 38,
                                                                                                                        "Plan Width": 0,
                                                                                                                        "Actual Startup Time": 0.007,
                                                                                                                        "Actual Total Time": 0.007,
                                                                                                                        "Actual Rows": 22,
                                                                                                                        "Actual Loops": 448029,
                                                                                                                        "Index Cond": "(ci.movie_id = t.id)",
                                                                                                                        "Workers": [
                                                                                                                            {
                                                                                                                                "Worker Number": 0,
                                                                                                                                "Actual Startup Time": 0.008,
                                                                                                                                "Actual Total Time": 0.008,
                                                                                                                                "Actual Rows": 23,
                                                                                                                                "Actual Loops": 73642
                                                                                                                            },
                                                                                                                            {
                                                                                                                                "Worker Number": 1,
                                                                                                                                "Actual Startup Time": 0.007,
                                                                                                                                "Actual Total Time": 0.007,
                                                                                                                                "Actual Rows": 22,
                                                                                                                                "Actual Loops": 89048
                                                                                                                            },
                                                                                                                            {
                                                                                                                                "Worker Number": 2,
                                                                                                                                "Actual Startup Time": 0.006,
                                                                                                                                "Actual Total Time": 0.006,
                                                                                                                                "Actual Rows": 22,
                                                                                                                                "Actual Loops": 95536
                                                                                                                            },
                                                                                                                            {
                                                                                                                                "Worker Number": 3,
                                                                                                                                "Actual Startup Time": 0.006,
                                                                                                                                "Actual Total Time": 0.006,
                                                                                                                                "Actual Rows": 22,
                                                                                                                                "Actual Loops": 95017
                                                                                                                            }
                                                                                                                        ]
                                                                                                                    }
                                                                                                                ]
                                                                                                            }
                                                                                                        ]
                                                                                                    }
                                                                                                ]
                                                                                            }
                                                                                        ]
                                                                                    }
                                                                                ]
                                                                            }
                                                                        ]
                                                                    },
                                                                    {
                                                                        "Node Type": "Materialize",
                                                                        "Parent Relationship": "Inner",
                                                                        "Parallel Aware": false,
                                                                        "Startup Cost": 2.42,
                                                                        "Total Cost": 2.43,
                                                                        "Plan Rows": 1,
                                                                        "Plan Width": 4,
                                                                        "Actual Startup Time": 0.047,
                                                                        "Actual Total Time": 54.102,
                                                                        "Actual Rows": 1,
                                                                        "Actual Loops": 1,
                                                                        "Output": [
                                                                            "it.id"
                                                                        ],
                                                                        "Plans": [
                                                                            {
                                                                                "Node Type": "Sort",
                                                                                "Parent Relationship": "Outer",
                                                                                "Parallel Aware": false,
                                                                                "Startup Cost": 2.42,
                                                                                "Total Cost": 2.43,
                                                                                "Plan Rows": 1,
                                                                                "Plan Width": 4,
                                                                                "Actual Startup Time": 0.041,
                                                                                "Actual Total Time": 0.042,
                                                                                "Actual Rows": 1,
                                                                                "Actual Loops": 1,
                                                                                "Output": [
                                                                                    "it.id"
                                                                                ],
                                                                                "Sort Key": [
                                                                                    "it.id"
                                                                                ],
                                                                                "Sort Method": "quicksort",
                                                                                "Sort Space Used": 25,
                                                                                "Sort Space Type": "Memory",
                                                                                "Plans": [
                                                                                    {
                                                                                        "Node Type": "Seq Scan",
                                                                                        "Parent Relationship": "Outer",
                                                                                        "Parallel Aware": false,
                                                                                        "Relation Name": "info_type",
                                                                                        "Schema": "public",
                                                                                        "Alias": "it",
                                                                                        "Startup Cost": 0.0,
                                                                                        "Total Cost": 2.41,
                                                                                        "Plan Rows": 1,
                                                                                        "Plan Width": 4,
                                                                                        "Actual Startup Time": 0.024,
                                                                                        "Actual Total Time": 0.032,
                                                                                        "Actual Rows": 1,
                                                                                        "Actual Loops": 1,
                                                                                        "Output": [
                                                                                            "it.id"
                                                                                        ],
                                                                                        "Filter": "((it.info)::text = 'release dates'::text)",
                                                                                        "Rows Removed by Filter": 112
                                                                                    }
                                                                                ]
                                                                            }
                                                                        ]
                                                                    }
                                                                ]
                                                            },
                                                            {
                                                                "Node Type": "Hash",
                                                                "Parent Relationship": "Inner",
                                                                "Parallel Aware": false,
                                                                "Startup Cost": 67850.27,
                                                                "Total Cost": 67850.27,
                                                                "Plan Rows": 3140227,
                                                                "Plan Width": 4,
                                                                "Actual Startup Time": 1017.53,
                                                                "Actual Total Time": 1017.531,
                                                                "Actual Rows": 3140339,
                                                                "Actual Loops": 1,
                                                                "Output": [
                                                                    "chn.id"
                                                                ],
                                                                "Hash Buckets": 4194304,
                                                                "Original Hash Buckets": 4194304,
                                                                "Hash Batches": 1,
                                                                "Original Hash Batches": 1,
                                                                "Peak Memory Usage": 143171,
                                                                "Plans": [
                                                                    {
                                                                        "Node Type": "Seq Scan",
                                                                        "Parent Relationship": "Outer",
                                                                        "Parallel Aware": false,
                                                                        "Relation Name": "char_name",
                                                                        "Schema": "public",
                                                                        "Alias": "chn",
                                                                        "Startup Cost": 0.0,
                                                                        "Total Cost": 67850.27,
                                                                        "Plan Rows": 3140227,
                                                                        "Plan Width": 4,
                                                                        "Actual Startup Time": 0.053,
                                                                        "Actual Total Time": 362.061,
                                                                        "Actual Rows": 3140339,
                                                                        "Actual Loops": 1,
                                                                        "Output": [
                                                                            "chn.id"
                                                                        ]
                                                                    }
                                                                ]
                                                            }
                                                        ]
                                                    },
                                                    {
                                                        "Node Type": "Hash",
                                                        "Parent Relationship": "Inner",
                                                        "Parallel Aware": false,
                                                        "Startup Cost": 153137.88,
                                                        "Total Cost": 153137.88,
                                                        "Plan Rows": 94,
                                                        "Plan Width": 19,
                                                        "Actual Startup Time": 505.007,
                                                        "Actual Total Time": 505.112,
                                                        "Actual Rows": 9543,
                                                        "Actual Loops": 1,
                                                        "Output": [
                                                            "n.name",
                                                            "n.id"
                                                        ],
                                                        "Hash Buckets": 16384,
                                                        "Original Hash Buckets": 1024,
                                                        "Hash Batches": 1,
                                                        "Original Hash Batches": 1,
                                                        "Peak Memory Usage": 618,
                                                        "Plans": [
                                                            {
                                                                "Node Type": "Gather Merge",
                                                                "Parent Relationship": "Outer",
                                                                "Parallel Aware": false,
                                                                "Startup Cost": 1000.49,
                                                                "Total Cost": 153137.88,
                                                                "Plan Rows": 94,
                                                                "Plan Width": 19,
                                                                "Actual Startup Time": 203.651,
                                                                "Actual Total Time": 503.452,
                                                                "Actual Rows": 9543,
                                                                "Actual Loops": 1,
                                                                "Output": [
                                                                    "n.name",
                                                                    "n.id"
                                                                ],
                                                                "Workers Planned": 4,
                                                                "Workers Launched": 4,
                                                                "Plans": [
                                                                    {
                                                                        "Node Type": "Index Scan",
                                                                        "Parent Relationship": "Outer",
                                                                        "Parallel Aware": true,
                                                                        "Scan Direction": "Forward",
                                                                        "Index Name": "name_pkey",
                                                                        "Relation Name": "name",
                                                                        "Schema": "public",
                                                                        "Alias": "n",
                                                                        "Startup Cost": 0.43,
                                                                        "Total Cost": 152126.62,
                                                                        "Plan Rows": 24,
                                                                        "Plan Width": 19,
                                                                        "Actual Startup Time": 194.644,
                                                                        "Actual Total Time": 441.263,
                                                                        "Actual Rows": 1909,
                                                                        "Actual Loops": 5,
                                                                        "Output": [
                                                                            "n.name",
                                                                            "n.id"
                                                                        ],
                                                                        "Filter": "((n.name ~~ '%Sara%'::text) AND ((n.gender)::text = 'f'::text))",
                                                                        "Rows Removed by Filter": 831590,
                                                                        "Workers": [
                                                                            {
                                                                                "Worker Number": 0,
                                                                                "Actual Startup Time": 192.239,
                                                                                "Actual Total Time": 488.146,
                                                                                "Actual Rows": 1782,
                                                                                "Actual Loops": 1
                                                                            },
                                                                            {
                                                                                "Worker Number": 1,
                                                                                "Actual Startup Time": 192.555,
                                                                                "Actual Total Time": 489.188,
                                                                                "Actual Rows": 2361,
                                                                                "Actual Loops": 1
                                                                            },
                                                                            {
                                                                                "Worker Number": 2,
                                                                                "Actual Startup Time": 192.565,
                                                                                "Actual Total Time": 488.753,
                                                                                "Actual Rows": 2295,
                                                                                "Actual Loops": 1
                                                                            },
                                                                            {
                                                                                "Worker Number": 3,
                                                                                "Actual Startup Time": 192.582,
                                                                                "Actual Total Time": 489.001,
                                                                                "Actual Rows": 2158,
                                                                                "Actual Loops": 1
                                                                            }
                                                                        ]
                                                                    }
                                                                ]
                                                            }
                                                        ]
                                                    }
                                                ]
                                            }
                                        ]
                                    }
                                ]
                            },
                            {
                                "Node Type": "Bitmap Heap Scan",
                                "Parent Relationship": "Inner",
                                "Parallel Aware": false,
                                "Relation Name": "company_name",
                                "Schema": "public",
                                "Alias": "cn",
                                "Startup Cost": 0.44,
                                "Total Cost": 4.45,
                                "Plan Rows": 1,
                                "Plan Width": 4,
                                "Actual Startup Time": 0.005,
                                "Actual Total Time": 0.005,
                                "Actual Rows": 1,
                                "Actual Loops": 1689,
                                "Output": [
                                    "cn.id",
                                    "cn.name",
                                    "cn.country_code",
                                    "cn.imdb_id",
                                    "cn.name_pcode_nf",
                                    "cn.name_pcode_sf",
                                    "cn.md5sum"
                                ],
                                "Recheck Cond": "(cn.id = mc.company_id)",
                                "Rows Removed by Index Recheck": 0,
                                "Filter": "((cn.country_code)::text = '[us]'::text)",
                                "Rows Removed by Filter": 0,
                                "Exact Heap Blocks": 1689,
                                "Lossy Heap Blocks": 0,
                                "Plans": [
                                    {
                                        "Node Type": "Bitmap Index Scan",
                                        "Parent Relationship": "Outer",
                                        "Parallel Aware": false,
                                        "Index Name": "company_name_pkey",
                                        "Startup Cost": 0.0,
                                        "Total Cost": 0.44,
                                        "Plan Rows": 1,
                                        "Plan Width": 0,
                                        "Actual Startup Time": 0.003,
                                        "Actual Total Time": 0.003,
                                        "Actual Rows": 1,
                                        "Actual Loops": 1689,
                                        "Index Cond": "(cn.id = mc.company_id)"
                                    }
                                ]
                            }
                        ]
                    },
                    {
                        "Node Type": "Bitmap Heap Scan",
                        "Parent Relationship": "Inner",
                        "Parallel Aware": false,
                        "Relation Name": "role_type",
                        "Schema": "public",
                        "Alias": "rt",
                        "Startup Cost": 0.14,
                        "Total Cost": 4.16,
                        "Plan Rows": 1,
                        "Plan Width": 4,
                        "Actual Startup Time": 0.003,
                        "Actual Total Time": 0.003,
                        "Actual Rows": 1,
                        "Actual Loops": 1597,
                        "Output": [
                            "rt.id",
                            "rt.role"
                        ],
                        "Recheck Cond": "(rt.id = ci.role_id)",
                        "Rows Removed by Index Recheck": 0,
                        "Filter": "((rt.role)::text = 'actress'::text)",
                        "Rows Removed by Filter": 0,
                        "Exact Heap Blocks": 1597,
                        "Lossy Heap Blocks": 0,
                        "Plans": [
                            {
                                "Node Type": "Bitmap Index Scan",
                                "Parent Relationship": "Outer",
                                "Parallel Aware": false,
                                "Index Name": "role_type_pkey",
                                "Startup Cost": 0.0,
                                "Total Cost": 0.14,
                                "Plan Rows": 1,
                                "Plan Width": 0,
                                "Actual Startup Time": 0.001,
                                "Actual Total Time": 0.001,
                                "Actual Rows": 1,
                                "Actual Loops": 1597,
                                "Index Cond": "(rt.id = ci.role_id)"
                            }
                        ]
                    }
                ]
            }
        ]
    },
    "Planning Time": 20.978,
    "Triggers": [],
    "Execution Time": 8517.909
}