[
  {
    "Plan": {
      "Node Type": "Aggregate",
      "Strategy": "Plain",
      "Partial Mode": "Finalize",
      "Parallel Aware": false,
      "Startup Cost": 270433.19,
      "Total Cost": 270433.2,
      "Plan Rows": 1,
      "Plan Width": 8,
      "Actual Startup Time": 81.648,
      "Actual Total Time": 88.057,
      "Actual Rows": 1,
      "Actual Loops": 1,
      "Plans": [
        {
          "Node Type": "Gather",
          "Parent Relationship": "Outer",
          "Parallel Aware": false,
          "Startup Cost": 270432.56,
          "Total Cost": 270433.17,
          "Plan Rows": 6,
          "Plan Width": 8,
          "Actual Startup Time": 81.256,
          "Actual Total Time": 88.043,
          "Actual Rows": 7,
          "Actual Loops": 1,
          "Workers Planned": 6,
          "Workers Launched": 6,
          "Single Copy": false,
          "Plans": [
            {
              "Node Type": "Aggregate",
              "Strategy": "Plain",
              "Partial Mode": "Partial",
              "Parent Relationship": "Outer",
              "Parallel Aware": false,
              "Startup Cost": 269432.56,
              "Total Cost": 269432.57,
              "Plan Rows": 1,
              "Plan Width": 8,
              "Actual Startup Time": 72.222,
              "Actual Total Time": 72.224,
              "Actual Rows": 1,
              "Actual Loops": 7,
              "Plans": [
                {
                  "Node Type": "Bitmap Heap Scan",
                  "Parent Relationship": "Outer",
                  "Parallel Aware": true,
                  "Relation Name": "cast_info",
                  "Alias": "ci",
                  "Startup Cost": 14941.6,
                  "Total Cost": 269333.03,
                  "Plan Rows": 39812,
                  "Plan Width": 0,
                  "Actual Startup Time": 26.782,
                  "Actual Total Time": 66.129,
                  "Actual Rows": 74878,
                  "Actual Loops": 7,
                  "Recheck Cond": "(person_id < 74872)",
                  "Rows Removed by Index Recheck": 0,
                  "Filter": "(role_id = 1)",
                  "Rows Removed by Filter": 25792,
                  "Exact Heap Blocks": 2566,
                  "Lossy Heap Blocks": 0,
                  "Plans": [
                    {
                      "Node Type": "Bitmap Index Scan",
                      "Parent Relationship": "Outer",
                      "Parallel Aware": false,
                      "Index Name": "person_id_cast_info",
                      "Startup Cost": 0.0,
                      "Total Cost": 14881.88,
                      "Plan Rows": 681775,
                      "Plan Width": 0,
                      "Actual Startup Time": 33.908,
                      "Actual Total Time": 33.908,
                      "Actual Rows": 704691,
                      "Actual Loops": 1,
                      "Index Cond": "(person_id < 74872)"
                    }
                  ]
                }
              ]
            }
          ]
        }
      ]
    },
    "Planning Time": 0.122,
    "Triggers": [],
    "Execution Time": 88.109
  }
]