[
  {
    "Plan": {
      "Node Type": "Aggregate",
      "Strategy": "Plain",
      "Partial Mode": "Finalize",
      "Parallel Aware": false,
      "Startup Cost": 271556.73,
      "Total Cost": 271556.74,
      "Plan Rows": 1,
      "Plan Width": 8,
      "Actual Startup Time": 93.18,
      "Actual Total Time": 97.416,
      "Actual Rows": 1,
      "Actual Loops": 1,
      "Plans": [
        {
          "Node Type": "Gather",
          "Parent Relationship": "Outer",
          "Parallel Aware": false,
          "Startup Cost": 271556.11,
          "Total Cost": 271556.72,
          "Plan Rows": 6,
          "Plan Width": 8,
          "Actual Startup Time": 92.814,
          "Actual Total Time": 97.408,
          "Actual Rows": 7,
          "Actual Loops": 1,
          "Workers Planned": 6,
          "Workers Launched": 6,
          "Single Copy": false,
          "Plans": [
            {
              "Node Type": "Aggregate",
              "Strategy": "Plain",
              "Partial Mode": "Partial",
              "Parent Relationship": "Outer",
              "Parallel Aware": false,
              "Startup Cost": 270556.11,
              "Total Cost": 270556.12,
              "Plan Rows": 1,
              "Plan Width": 8,
              "Actual Startup Time": 84.779,
              "Actual Total Time": 84.78,
              "Actual Rows": 1,
              "Actual Loops": 7,
              "Plans": [
                {
                  "Node Type": "Bitmap Heap Scan",
                  "Parent Relationship": "Outer",
                  "Parallel Aware": true,
                  "Relation Name": "cast_info",
                  "Alias": "ci",
                  "Startup Cost": 15946.35,
                  "Total Cost": 270451.74,
                  "Plan Rows": 41746,
                  "Plan Width": 0,
                  "Actual Startup Time": 36.748,
                  "Actual Total Time": 78.18,
                  "Actual Rows": 74878,
                  "Actual Loops": 7,
                  "Recheck Cond": "(person_id < 74872)",
                  "Rows Removed by Index Recheck": 0,
                  "Filter": "(role_id = 1)",
                  "Rows Removed by Filter": 25792,
                  "Exact Heap Blocks": 2492,
                  "Lossy Heap Blocks": 0,
                  "Plans": [
                    {
                      "Node Type": "Bitmap Index Scan",
                      "Parent Relationship": "Outer",
                      "Parallel Aware": false,
                      "Index Name": "person_id_cast_info",
                      "Startup Cost": 0.0,
                      "Total Cost": 15883.74,
                      "Plan Rows": 727356,
                      "Plan Width": 0,
                      "Actual Startup Time": 42.713,
                      "Actual Total Time": 42.713,
                      "Actual Rows": 704691,
                      "Actual Loops": 1,
                      "Index Cond": "(person_id < 74872)"
                    }
                  ]
                }
              ]
            }
          ]
        }
      ]
    },
    "Planning Time": 0.169,
    "Triggers": [],
    "Execution Time": 97.471
  }
]