[
  {
    "Plan": {
      "Node Type": "Aggregate",
      "Strategy": "Plain",
      "Partial Mode": "Finalize",
      "Parallel Aware": false,
      "Startup Cost": 78522.71,
      "Total Cost": 78522.72,
      "Plan Rows": 1,
      "Plan Width": 8,
      "Actual Startup Time": 212.149,
      "Actual Total Time": 227.61,
      "Actual Rows": 1,
      "Actual Loops": 1,
      "Plans": [
        {
          "Node Type": "Gather",
          "Parent Relationship": "Outer",
          "Parallel Aware": false,
          "Startup Cost": 78522.29,
          "Total Cost": 78522.7,
          "Plan Rows": 4,
          "Plan Width": 8,
          "Actual Startup Time": 207.869,
          "Actual Total Time": 227.599,
          "Actual Rows": 5,
          "Actual Loops": 1,
          "Workers Planned": 4,
          "Workers Launched": 4,
          "Single Copy": false,
          "Plans": [
            {
              "Node Type": "Aggregate",
              "Strategy": "Plain",
              "Partial Mode": "Partial",
              "Parent Relationship": "Outer",
              "Parallel Aware": false,
              "Startup Cost": 77522.29,
              "Total Cost": 77522.3,
              "Plan Rows": 1,
              "Plan Width": 8,
              "Actual Startup Time": 198.46,
              "Actual Total Time": 198.463,
              "Actual Rows": 1,
              "Actual Loops": 5,
              "Plans": [
                {
                  "Node Type": "Hash Join",
                  "Parent Relationship": "Outer",
                  "Parallel Aware": true,
                  "Join Type": "Inner",
                  "Startup Cost": 32676.78,
                  "Total Cost": 77470.98,
                  "Plan Rows": 20526,
                  "Plan Width": 0,
                  "Actual Startup Time": 137.034,
                  "Actual Total Time": 197.753,
                  "Actual Rows": 14732,
                  "Actual Loops": 5,
                  "Inner Unique": false,
                  "Hash Cond": "(t.id = mc.movie_id)",
                  "Plans": [
                    {
                      "Node Type": "Seq Scan",
                      "Parent Relationship": "Outer",
                      "Parallel Aware": true,
                      "Relation Name": "title",
                      "Alias": "t",
                      "Startup Cost": 0.0,
                      "Total Cost": 43898.92,
                      "Plan Rows": 165814,
                      "Plan Width": 4,
                      "Actual Startup Time": 29.341,
                      "Actual Total Time": 68.637,
                      "Actual Rows": 132565,
                      "Actual Loops": 5,
                      "Filter": "(kind_id = 1)",
                      "Rows Removed by Filter": 373097
                    },
                    {
                      "Node Type": "Hash",
                      "Parent Relationship": "Inner",
                      "Parallel Aware": true,
                      "Startup Cost": 31414.82,
                      "Total Cost": 31414.82,
                      "Plan Rows": 100957,
                      "Plan Width": 4,
                      "Actual Startup Time": 95.241,
                      "Actual Total Time": 95.241,
                      "Actual Rows": 90872,
                      "Actual Loops": 5,
                      "Hash Buckets": 524288,
                      "Original Hash Buckets": 524288,
                      "Hash Batches": 1,
                      "Original Hash Batches": 1,
                      "Peak Memory Usage": 21952,
                      "Plans": [
                        {
                          "Node Type": "Seq Scan",
                          "Parent Relationship": "Outer",
                          "Parallel Aware": true,
                          "Relation Name": "movie_companies",
                          "Alias": "mc",
                          "Startup Cost": 0.0,
                          "Total Cost": 31414.82,
                          "Plan Rows": 100957,
                          "Plan Width": 4,
                          "Actual Startup Time": 0.053,
                          "Actual Total Time": 62.617,
                          "Actual Rows": 90872,
                          "Actual Loops": 5,
                          "Filter": "((company_id < 846) AND (company_type_id = 1))",
                          "Rows Removed by Filter": 430953
                        }
                      ]
                    }
                  ]
                }
              ]
            }
          ]
        }
      ]
    },
    "Planning Time": 0.617,
    "Triggers": [],
    "Execution Time": 227.676
  }
]