[
  {
    "Plan": {
      "Node Type": "Aggregate",
      "Strategy": "Plain",
      "Partial Mode": "Finalize",
      "Parallel Aware": false,
      "Startup Cost": 607748.13,
      "Total Cost": 607748.14,
      "Plan Rows": 1,
      "Plan Width": 8,
      "Actual Startup Time": 6888.348,
      "Actual Total Time": 6971.162,
      "Actual Rows": 1,
      "Actual Loops": 1,
      "Plans": [
        {
          "Node Type": "Gather",
          "Parent Relationship": "Outer",
          "Parallel Aware": false,
          "Startup Cost": 607747.5,
          "Total Cost": 607748.11,
          "Plan Rows": 6,
          "Plan Width": 8,
          "Actual Startup Time": 6865.595,
          "Actual Total Time": 6971.147,
          "Actual Rows": 7,
          "Actual Loops": 1,
          "Workers Planned": 6,
          "Workers Launched": 6,
          "Single Copy": false,
          "Plans": [
            {
              "Node Type": "Aggregate",
              "Strategy": "Plain",
              "Partial Mode": "Partial",
              "Parent Relationship": "Outer",
              "Parallel Aware": false,
              "Startup Cost": 606747.5,
              "Total Cost": 606747.51,
              "Plan Rows": 1,
              "Plan Width": 8,
              "Actual Startup Time": 6851.971,
              "Actual Total Time": 6852.476,
              "Actual Rows": 1,
              "Actual Loops": 7,
              "Plans": [
                {
                  "Node Type": "Hash Join",
                  "Parent Relationship": "Outer",
                  "Parallel Aware": true,
                  "Join Type": "Inner",
                  "Startup Cost": 254097.5,
                  "Total Cost": 597366.29,
                  "Plan Rows": 3752485,
                  "Plan Width": 0,
                  "Actual Startup Time": 893.303,
                  "Actual Total Time": 5708.103,
                  "Actual Rows": 26430008,
                  "Actual Loops": 7,
                  "Inner Unique": false,
                  "Hash Cond": "(ci.movie_id = t.id)",
                  "Plans": [
                    {
                      "Node Type": "Seq Scan",
                      "Parent Relationship": "Outer",
                      "Parallel Aware": true,
                      "Relation Name": "cast_info",
                      "Alias": "ci",
                      "Startup Cost": 0.0,
                      "Total Cost": 313106.51,
                      "Plan Rows": 6041951,
                      "Plan Width": 4,
                      "Actual Startup Time": 0.03,
                      "Actual Total Time": 562.631,
                      "Actual Rows": 5177763,
                      "Actual Loops": 7
                    },
                    {
                      "Node Type": "Hash",
                      "Parent Relationship": "Inner",
                      "Parallel Aware": true,
                      "Startup Cost": 250171.67,
                      "Total Cost": 250171.67,
                      "Plan Rows": 314066,
                      "Plan Width": 8,
                      "Actual Startup Time": 888.635,
                      "Actual Total Time": 889.135,
                      "Actual Rows": 401041,
                      "Actual Loops": 7,
                      "Hash Buckets": 4194304,
                      "Original Hash Buckets": 2097152,
                      "Hash Batches": 1,
                      "Original Hash Batches": 1,
                      "Peak Memory Usage": 159072,
                      "Plans": [
                        {
                          "Node Type": "Hash Join",
                          "Parent Relationship": "Outer",
                          "Parallel Aware": true,
                          "Join Type": "Inner",
                          "Startup Cost": 47139.79,
                          "Total Cost": 250171.67,
                          "Plan Rows": 314066,
                          "Plan Width": 8,
                          "Actual Startup Time": 145.706,
                          "Actual Total Time": 669.571,
                          "Actual Rows": 401041,
                          "Actual Loops": 7,
                          "Inner Unique": true,
                          "Hash Cond": "(mi.movie_id = t.id)",
                          "Plans": [
                            {
                              "Node Type": "Seq Scan",
                              "Parent Relationship": "Outer",
                              "Parallel Aware": true,
                              "Relation Name": "movie_info",
                              "Alias": "mi",
                              "Startup Cost": 0.0,
                              "Total Cost": 199108.24,
                              "Plan Rows": 1494718,
                              "Plan Width": 4,
                              "Actual Startup Time": 15.999,
                              "Actual Total Time": 326.447,
                              "Actual Rows": 1078408,
                              "Actual Loops": 7,
                              "Filter": "(info_type_id > 7)",
                              "Rows Removed by Filter": 1040981
                            },
                            {
                              "Node Type": "Hash",
                              "Parent Relationship": "Inner",
                              "Parallel Aware": true,
                              "Startup Cost": 45479.59,
                              "Total Cost": 45479.59,
                              "Plan Rows": 132816,
                              "Plan Width": 4,
                              "Actual Startup Time": 115.407,
                              "Actual Total Time": 115.408,
                              "Actual Rows": 58300,
                              "Actual Loops": 7,
                              "Hash Buckets": 1048576,
                              "Original Hash Buckets": 1048576,
                              "Hash Batches": 1,
                              "Original Hash Batches": 1,
                              "Peak Memory Usage": 24256,
                              "Plans": [
                                {
                                  "Node Type": "Seq Scan",
                                  "Parent Relationship": "Outer",
                                  "Parallel Aware": true,
                                  "Relation Name": "title",
                                  "Alias": "t",
                                  "Startup Cost": 0.0,
                                  "Total Cost": 45479.59,
                                  "Plan Rows": 132816,
                                  "Plan Width": 4,
                                  "Actual Startup Time": 45.108,
                                  "Actual Total Time": 83.686,
                                  "Actual Rows": 58300,
                                  "Actual Loops": 7,
                                  "Filter": "((production_year > 1974) AND (kind_id = 1))",
                                  "Rows Removed by Filter": 302887
                                }
                              ]
                            }
                          ]
                        }
                      ]
                    }
                  ]
                }
              ]
            }
          ]
        }
      ]
    },
    "Planning Time": 1.428,
    "Triggers": [],
    "Execution Time": 6971.264
  }
]