[
  {
    "Plan": {
      "Node Type": "Aggregate",
      "Strategy": "Plain",
      "Partial Mode": "Finalize",
      "Parallel Aware": false,
      "Startup Cost": 608035.06,
      "Total Cost": 608035.07,
      "Plan Rows": 1,
      "Plan Width": 8,
      "Actual Startup Time": 6519.192,
      "Actual Total Time": 6596.917,
      "Actual Rows": 1,
      "Actual Loops": 1,
      "Plans": [
        {
          "Node Type": "Gather",
          "Parent Relationship": "Outer",
          "Parallel Aware": false,
          "Startup Cost": 608034.44,
          "Total Cost": 608035.05,
          "Plan Rows": 6,
          "Plan Width": 8,
          "Actual Startup Time": 6507.385,
          "Actual Total Time": 6596.904,
          "Actual Rows": 7,
          "Actual Loops": 1,
          "Workers Planned": 6,
          "Workers Launched": 6,
          "Single Copy": false,
          "Plans": [
            {
              "Node Type": "Aggregate",
              "Strategy": "Plain",
              "Partial Mode": "Partial",
              "Parent Relationship": "Outer",
              "Parallel Aware": false,
              "Startup Cost": 607034.44,
              "Total Cost": 607034.45,
              "Plan Rows": 1,
              "Plan Width": 8,
              "Actual Startup Time": 6492.307,
              "Actual Total Time": 6492.636,
              "Actual Rows": 1,
              "Actual Loops": 7,
              "Plans": [
                {
                  "Node Type": "Hash Join",
                  "Parent Relationship": "Outer",
                  "Parallel Aware": true,
                  "Join Type": "Inner",
                  "Startup Cost": 254098.79,
                  "Total Cost": 597464.36,
                  "Plan Rows": 3828030,
                  "Plan Width": 0,
                  "Actual Startup Time": 850.062,
                  "Actual Total Time": 5422.313,
                  "Actual Rows": 26430008,
                  "Actual Loops": 7,
                  "Inner Unique": false,
                  "Hash Cond": "(ci.movie_id = t.id)",
                  "Plans": [
                    {
                      "Node Type": "Seq Scan",
                      "Parent Relationship": "Outer",
                      "Parallel Aware": true,
                      "Relation Name": "cast_info",
                      "Alias": "ci",
                      "Startup Cost": 0.0,
                      "Total Cost": 313067.02,
                      "Plan Rows": 6038002,
                      "Plan Width": 4,
                      "Actual Startup Time": 0.022,
                      "Actual Total Time": 520.585,
                      "Actual Rows": 5177763,
                      "Actual Loops": 7
                    },
                    {
                      "Node Type": "Hash",
                      "Parent Relationship": "Inner",
                      "Parallel Aware": true,
                      "Startup Cost": 250091.51,
                      "Total Cost": 250091.51,
                      "Plan Rows": 320582,
                      "Plan Width": 8,
                      "Actual Startup Time": 845.128,
                      "Actual Total Time": 845.455,
                      "Actual Rows": 401041,
                      "Actual Loops": 7,
                      "Hash Buckets": 4194304,
                      "Original Hash Buckets": 2097152,
                      "Hash Batches": 1,
                      "Original Hash Batches": 1,
                      "Peak Memory Usage": 159104,
                      "Plans": [
                        {
                          "Node Type": "Hash Join",
                          "Parent Relationship": "Outer",
                          "Parallel Aware": true,
                          "Join Type": "Inner",
                          "Startup Cost": 47142.72,
                          "Total Cost": 250091.51,
                          "Plan Rows": 320582,
                          "Plan Width": 8,
                          "Actual Startup Time": 138.228,
                          "Actual Total Time": 637.465,
                          "Actual Rows": 401041,
                          "Actual Loops": 7,
                          "Inner Unique": true,
                          "Hash Cond": "(mi.movie_id = t.id)",
                          "Plans": [
                            {
                              "Node Type": "Seq Scan",
                              "Parent Relationship": "Outer",
                              "Parallel Aware": true,
                              "Relation Name": "movie_info",
                              "Alias": "mi",
                              "Startup Cost": 0.0,
                              "Total Cost": 198952.16,
                              "Plan Rows": 1522520,
                              "Plan Width": 4,
                              "Actual Startup Time": 15.287,
                              "Actual Total Time": 312.407,
                              "Actual Rows": 1078408,
                              "Actual Loops": 7,
                              "Filter": "(info_type_id > 7)",
                              "Rows Removed by Filter": 1040981
                            },
                            {
                              "Node Type": "Hash",
                              "Parent Relationship": "Inner",
                              "Parallel Aware": true,
                              "Startup Cost": 45479.1,
                              "Total Cost": 45479.1,
                              "Plan Rows": 133090,
                              "Plan Width": 4,
                              "Actual Startup Time": 109.785,
                              "Actual Total Time": 109.786,
                              "Actual Rows": 58300,
                              "Actual Loops": 7,
                              "Hash Buckets": 1048576,
                              "Original Hash Buckets": 1048576,
                              "Hash Batches": 1,
                              "Original Hash Batches": 1,
                              "Peak Memory Usage": 24256,
                              "Plans": [
                                {
                                  "Node Type": "Seq Scan",
                                  "Parent Relationship": "Outer",
                                  "Parallel Aware": true,
                                  "Relation Name": "title",
                                  "Alias": "t",
                                  "Startup Cost": 0.0,
                                  "Total Cost": 45479.1,
                                  "Plan Rows": 133090,
                                  "Plan Width": 4,
                                  "Actual Startup Time": 43.919,
                                  "Actual Total Time": 80.607,
                                  "Actual Rows": 58300,
                                  "Actual Loops": 7,
                                  "Filter": "((production_year > 1974) AND (kind_id = 1))",
                                  "Rows Removed by Filter": 302887
                                }
                              ]
                            }
                          ]
                        }
                      ]
                    }
                  ]
                }
              ]
            }
          ]
        }
      ]
    },
    "Planning Time": 1.439,
    "Triggers": [],
    "Execution Time": 6597.028
  }
]