[
  {
    "Plan": {
      "Node Type": "Aggregate",
      "Strategy": "Plain",
      "Partial Mode": "Finalize",
      "Parallel Aware": false,
      "Startup Cost": 242230.06,
      "Total Cost": 242230.07,
      "Plan Rows": 1,
      "Plan Width": 8,
      "Actual Startup Time": 300.732,
      "Actual Total Time": 312.661,
      "Actual Rows": 1,
      "Actual Loops": 1,
      "Plans": [
        {
          "Node Type": "Gather",
          "Parent Relationship": "Outer",
          "Parallel Aware": false,
          "Startup Cost": 242229.54,
          "Total Cost": 242230.05,
          "Plan Rows": 5,
          "Plan Width": 8,
          "Actual Startup Time": 296.462,
          "Actual Total Time": 312.654,
          "Actual Rows": 6,
          "Actual Loops": 1,
          "Workers Planned": 5,
          "Workers Launched": 5,
          "Single Copy": false,
          "Plans": [
            {
              "Node Type": "Aggregate",
              "Strategy": "Plain",
              "Partial Mode": "Partial",
              "Parent Relationship": "Outer",
              "Parallel Aware": false,
              "Startup Cost": 241229.54,
              "Total Cost": 241229.55,
              "Plan Rows": 1,
              "Plan Width": 8,
              "Actual Startup Time": 288.297,
              "Actual Total Time": 288.301,
              "Actual Rows": 1,
              "Actual Loops": 6,
              "Plans": [
                {
                  "Node Type": "Hash Join",
                  "Parent Relationship": "Outer",
                  "Parallel Aware": true,
                  "Join Type": "Inner",
                  "Startup Cost": 74314.74,
                  "Total Cost": 240990.3,
                  "Plan Rows": 95696,
                  "Plan Width": 0,
                  "Actual Startup Time": 180.615,
                  "Actual Total Time": 283.458,
                  "Actual Rows": 87563,
                  "Actual Loops": 6,
                  "Inner Unique": true,
                  "Hash Cond": "(mi.movie_id = t.id)",
                  "Plans": [
                    {
                      "Node Type": "Bitmap Heap Scan",
                      "Parent Relationship": "Outer",
                      "Parallel Aware": true,
                      "Relation Name": "movie_info",
                      "Alias": "mi",
                      "Startup Cost": 27973.07,
                      "Total Cost": 193835.95,
                      "Plan Rows": 309591,
                      "Plan Width": 4,
                      "Actual Startup Time": 49.558,
                      "Actual Total Time": 86.14,
                      "Actual Rows": 255652,
                      "Actual Loops": 6,
                      "Recheck Cond": "(info_type_id = 3)",
                      "Rows Removed by Index Recheck": 0,
                      "Exact Heap Blocks": 1788,
                      "Lossy Heap Blocks": 0,
                      "Plans": [
                        {
                          "Node Type": "Bitmap Index Scan",
                          "Parent Relationship": "Outer",
                          "Parallel Aware": false,
                          "Index Name": "info_type_id_movie_info",
                          "Startup Cost": 0.0,
                          "Total Cost": 27586.08,
                          "Plan Rows": 1547953,
                          "Plan Width": 0,
                          "Actual Startup Time": 47.847,
                          "Actual Total Time": 47.848,
                          "Actual Rows": 1533909,
                          "Actual Loops": 1,
                          "Index Cond": "(info_type_id = 3)"
                        }
                      ]
                    },
                    {
                      "Node Type": "Hash",
                      "Parent Relationship": "Inner",
                      "Parallel Aware": true,
                      "Startup Cost": 43899.32,
                      "Total Cost": 43899.32,
                      "Plan Rows": 195388,
                      "Plan Width": 4,
                      "Actual Startup Time": 128.8,
                      "Actual Total Time": 128.801,
                      "Actual Rows": 130821,
                      "Actual Loops": 6,
                      "Hash Buckets": 1048576,
                      "Original Hash Buckets": 1048576,
                      "Hash Batches": 1,
                      "Original Hash Batches": 1,
                      "Peak Memory Usage": 38976,
                      "Plans": [
                        {
                          "Node Type": "Seq Scan",
                          "Parent Relationship": "Outer",
                          "Parallel Aware": true,
                          "Relation Name": "title",
                          "Alias": "t",
                          "Startup Cost": 0.0,
                          "Total Cost": 43899.32,
                          "Plan Rows": 195388,
                          "Plan Width": 4,
                          "Actual Startup Time": 0.033,
                          "Actual Total Time": 76.041,
                          "Actual Rows": 130821,
                          "Actual Loops": 6,
                          "Filter": "(production_year > 2007)",
                          "Rows Removed by Filter": 290564
                        }
                      ]
                    }
                  ]
                }
              ]
            }
          ]
        }
      ]
    },
    "Planning Time": 0.252,
    "Triggers": [],
    "Execution Time": 312.708
  }
]