{
  "Plan": {
    "Node Type": "Aggregate",
    "Strategy": "Plain",
    "Partial Mode": "Finalize",
    "Parallel Aware": false,
    "Startup Cost": 153200.86,
    "Total Cost": 153200.87,
    "Plan Rows": 1,
    "Plan Width": 8,
    "Actual Startup Time": 1004.709,
    "Actual Total Time": 1021.128,
    "Actual Rows": 1,
    "Actual Loops": 1,
    "Plans": [
      {
        "Node Type": "Gather",
        "Parent Relationship": "Outer",
        "Parallel Aware": false,
        "Startup Cost": 153200.75,
        "Total Cost": 153200.86,
        "Plan Rows": 1,
        "Plan Width": 8,
        "Actual Startup Time": 999.734,
        "Actual Total Time": 1021.119,
        "Actual Rows": 2,
        "Actual Loops": 1,
        "Workers Planned": 1,
        "Workers Launched": 1,
        "Single Copy": false,
        "Plans": [
          {
            "Node Type": "Aggregate",
            "Strategy": "Plain",
            "Partial Mode": "Partial",
            "Parent Relationship": "Outer",
            "Parallel Aware": false,
            "Startup Cost": 152200.75,
            "Total Cost": 152200.76,
            "Plan Rows": 1,
            "Plan Width": 8,
            "Actual Startup Time": 987.722,
            "Actual Total Time": 987.729,
            "Actual Rows": 1,
            "Actual Loops": 2,
            "Plans": [
              {
                "Node Type": "Hash Join",
                "Parent Relationship": "Outer",
                "Parallel Aware": true,
                "Join Type": "Inner",
                "Startup Cost": 91099.63,
                "Total Cost": 152183.9,
                "Plan Rows": 6742,
                "Plan Width": 0,
                "Actual Startup Time": 600.37,
                "Actual Total Time": 975.292,
                "Actual Rows": 240021,
                "Actual Loops": 2,
                "Inner Unique": false,
                "Hash Cond": "(mk.movie_id = t.id)",
                "Plans": [
                  {
                    "Node Type": "Seq Scan",
                    "Parent Relationship": "Outer",
                    "Parallel Aware": true,
                    "Relation Name": "movie_keyword",
                    "Alias": "mk",
                    "Startup Cost": 0.0,
                    "Total Cost": 51065.35,
                    "Plan Rows": 2661135,
                    "Plan Width": 4,
                    "Actual Startup Time": 0.012,
                    "Actual Total Time": 179.104,
                    "Actual Rows": 2261965,
                    "Actual Loops": 2
                  },
                  {
                    "Node Type": "Hash",
                    "Parent Relationship": "Inner",
                    "Parallel Aware": true,
                    "Startup Cost": 91052.53,
                    "Total Cost": 91052.53,
                    "Plan Rows": 3768,
                    "Plan Width": 8,
                    "Actual Startup Time": 597.509,
                    "Actual Total Time": 597.514,
                    "Actual Rows": 3136,
                    "Actual Loops": 2,
                    "Hash Buckets": 8192,
                    "Original Hash Buckets": 8192,
                    "Hash Batches": 1,
                    "Original Hash Batches": 1,
                    "Peak Memory Usage": 352,
                    "Plans": [
                      {
                        "Node Type": "Hash Join",
                        "Parent Relationship": "Outer",
                        "Parallel Aware": true,
                        "Join Type": "Inner",
                        "Startup Cost": 69578.78,
                        "Total Cost": 91052.53,
                        "Plan Rows": 3768,
                        "Plan Width": 8,
                        "Actual Startup Time": 590.643,
                        "Actual Total Time": 596.188,
                        "Actual Rows": 3136,
                        "Actual Loops": 2,
                        "Inner Unique": true,
                        "Hash Cond": "(mi.movie_id = t.id)",
                        "Plans": [
                          {
                            "Node Type": "Bitmap Heap Scan",
                            "Parent Relationship": "Outer",
                            "Parallel Aware": true,
                            "Relation Name": "movie_info",
                            "Alias": "mi",
                            "Startup Cost": 118.08,
                            "Total Cost": 21581.94,
                            "Plan Rows": 3768,
                            "Plan Width": 4,
                            "Actual Startup Time": 0.629,
                            "Actual Total Time": 3.121,
                            "Actual Rows": 3136,
                            "Actual Loops": 2,
                            "Recheck Cond": "(info_type_id = 67)",
                            "Rows Removed by Index Recheck": 0,
                            "Exact Heap Blocks": 915,
                            "Lossy Heap Blocks": 0,
                            "Plans": [
                              {
                                "Node Type": "Bitmap Index Scan",
                                "Parent Relationship": "Outer",
                                "Parallel Aware": false,
                                "Index Name": "info_type_id_movie_info",
                                "Startup Cost": 0.0,
                                "Total Cost": 116.48,
                                "Plan Rows": 6406,
                                "Plan Width": 0,
                                "Actual Startup Time": 0.397,
                                "Actual Total Time": 0.398,
                                "Actual Rows": 6272,
                                "Actual Loops": 1,
                                "Index Cond": "(info_type_id = 67)"
                              }
                            ]
                          },
                          {
                            "Node Type": "Hash",
                            "Parent Relationship": "Inner",
                            "Parallel Aware": true,
                            "Startup Cost": 50870.31,
                            "Total Cost": 50870.31,
                            "Plan Rows": 1487231,
                            "Plan Width": 4,
                            "Actual Startup Time": 569.704,
                            "Actual Total Time": 569.704,
                            "Actual Rows": 1264156,
                            "Actual Loops": 2,
                            "Hash Buckets": 4194304,
                            "Original Hash Buckets": 4194304,
                            "Hash Batches": 1,
                            "Original Hash Batches": 1,
                            "Peak Memory Usage": 131712,
                            "Plans": [
                              {
                                "Node Type": "Seq Scan",
                                "Parent Relationship": "Outer",
                                "Parallel Aware": true,
                                "Relation Name": "title",
                                "Alias": "t",
                                "Startup Cost": 0.0,
                                "Total Cost": 50870.31,
                                "Plan Rows": 1487231,
                                "Plan Width": 4,
                                "Actual Startup Time": 0.027,
                                "Actual Total Time": 174.326,
                                "Actual Rows": 1264156,
                                "Actual Loops": 2
                              }
                            ]
                          }
                        ]
                      }
                    ]
                  }
                ]
              }
            ]
          }
        ]
      }
    ]
  },
  "Planning Time": 0.949,
  "Triggers": [],
  "Execution Time": 1021.219
}