[
  {
    "Plan": {
      "Node Type": "Aggregate",
      "Strategy": "Plain",
      "Partial Mode": "Simple",
      "Parallel Aware": false,
      "Startup Cost": 4201.51,
      "Total Cost": 4201.52,
      "Plan Rows": 1,
      "Plan Width": 8,
      "Actual Startup Time": 14.575,
      "Actual Total Time": 14.576,
      "Actual Rows": 1,
      "Actual Loops": 1,
      "Plans": [
        {
          "Node Type": "Nested Loop",
          "Parent Relationship": "Outer",
          "Parallel Aware": false,
          "Join Type": "Inner",
          "Startup Cost": 0.99,
          "Total Cost": 4201.28,
          "Plan Rows": 92,
          "Plan Width": 0,
          "Actual Startup Time": 13.344,
          "Actual Total Time": 14.571,
          "Actual Rows": 9,
          "Actual Loops": 1,
          "Inner Unique": true,
          "Plans": [
            {
              "Node Type": "Index Scan",
              "Parent Relationship": "Outer",
              "Parallel Aware": false,
              "Scan Direction": "Forward",
              "Index Name": "person_id_cast_info",
              "Relation Name": "cast_info",
              "Alias": "ci",
              "Startup Cost": 0.56,
              "Total Cost": 987.07,
              "Plan Rows": 385,
              "Plan Width": 4,
              "Actual Startup Time": 13.32,
              "Actual Total Time": 13.422,
              "Actual Rows": 206,
              "Actual Loops": 1,
              "Index Cond": "(person_id = 2980606)",
              "Rows Removed by Index Recheck": 0,
              "Filter": "(role_id < 8)",
              "Rows Removed by Filter": 88
            },
            {
              "Node Type": "Index Scan",
              "Parent Relationship": "Inner",
              "Parallel Aware": false,
              "Scan Direction": "Forward",
              "Index Name": "title_pkey",
              "Relation Name": "title",
              "Alias": "t",
              "Startup Cost": 0.43,
              "Total Cost": 8.35,
              "Plan Rows": 1,
              "Plan Width": 4,
              "Actual Startup Time": 0.005,
              "Actual Total Time": 0.005,
              "Actual Rows": 0,
              "Actual Loops": 206,
              "Index Cond": "(id = ci.movie_id)",
              "Rows Removed by Index Recheck": 0,
              "Filter": "((kind_id < 4) AND (production_year > 1989))",
              "Rows Removed by Filter": 1
            }
          ]
        }
      ]
    },
    "Planning Time": 0.308,
    "Triggers": [],
    "Execution Time": 14.606
  }
]