[
  {
    "Plan": {
      "Node Type": "Aggregate",
      "Strategy": "Plain",
      "Partial Mode": "Finalize",
      "Parallel Aware": false,
      "Startup Cost": 31194.29,
      "Total Cost": 31194.3,
      "Plan Rows": 1,
      "Plan Width": 8,
      "Actual Startup Time": 116.717,
      "Actual Total Time": 127.349,
      "Actual Rows": 1,
      "Actual Loops": 1,
      "Plans": [
        {
          "Node Type": "Gather",
          "Parent Relationship": "Outer",
          "Parallel Aware": false,
          "Startup Cost": 31193.97,
          "Total Cost": 31194.28,
          "Plan Rows": 3,
          "Plan Width": 8,
          "Actual Startup Time": 116.585,
          "Actual Total Time": 127.34,
          "Actual Rows": 4,
          "Actual Loops": 1,
          "Workers Planned": 3,
          "Workers Launched": 3,
          "Single Copy": false,
          "Plans": [
            {
              "Node Type": "Aggregate",
              "Strategy": "Plain",
              "Partial Mode": "Partial",
              "Parent Relationship": "Outer",
              "Parallel Aware": false,
              "Startup Cost": 30193.97,
              "Total Cost": 30193.98,
              "Plan Rows": 1,
              "Plan Width": 8,
              "Actual Startup Time": 109.634,
              "Actual Total Time": 109.636,
              "Actual Rows": 1,
              "Actual Loops": 4,
              "Plans": [
                {
                  "Node Type": "Seq Scan",
                  "Parent Relationship": "Outer",
                  "Parallel Aware": true,
                  "Relation Name": "movie_companies",
                  "Alias": "mc",
                  "Startup Cost": 0.0,
                  "Total Cost": 29310.68,
                  "Plan Rows": 353315,
                  "Plan Width": 0,
                  "Actual Startup Time": 0.045,
                  "Actual Total Time": 90.431,
                  "Actual Rows": 273175,
                  "Actual Loops": 4,
                  "Filter": "(company_id < 7340)",
                  "Rows Removed by Filter": 379108
                }
              ]
            }
          ]
        }
      ]
    },
    "Planning Time": 0.185,
    "Triggers": [],
    "Execution Time": 127.403
  }
]