[
  {
    "Plan": {
      "Node Type": "Aggregate",
      "Strategy": "Plain",
      "Partial Mode": "Finalize",
      "Parallel Aware": false,
      "Startup Cost": 195407.6,
      "Total Cost": 195407.61,
      "Plan Rows": 1,
      "Plan Width": 8,
      "Actual Startup Time": 136.291,
      "Actual Total Time": 141.449,
      "Actual Rows": 1,
      "Actual Loops": 1,
      "Plans": [
        {
          "Node Type": "Gather",
          "Parent Relationship": "Outer",
          "Parallel Aware": false,
          "Startup Cost": 195407.08,
          "Total Cost": 195407.59,
          "Plan Rows": 5,
          "Plan Width": 8,
          "Actual Startup Time": 136.019,
          "Actual Total Time": 141.441,
          "Actual Rows": 6,
          "Actual Loops": 1,
          "Workers Planned": 5,
          "Workers Launched": 5,
          "Single Copy": false,
          "Plans": [
            {
              "Node Type": "Aggregate",
              "Strategy": "Plain",
              "Partial Mode": "Partial",
              "Parent Relationship": "Outer",
              "Parallel Aware": false,
              "Startup Cost": 194407.08,
              "Total Cost": 194407.09,
              "Plan Rows": 1,
              "Plan Width": 8,
              "Actual Startup Time": 125.785,
              "Actual Total Time": 125.786,
              "Actual Rows": 1,
              "Actual Loops": 6,
              "Plans": [
                {
                  "Node Type": "Bitmap Heap Scan",
                  "Parent Relationship": "Outer",
                  "Parallel Aware": true,
                  "Relation Name": "movie_info",
                  "Alias": "mi",
                  "Startup Cost": 27808.97,
                  "Total Cost": 193639.56,
                  "Plan Rows": 307007,
                  "Plan Width": 0,
                  "Actual Startup Time": 62.843,
                  "Actual Total Time": 111.155,
                  "Actual Rows": 255652,
                  "Actual Loops": 6,
                  "Recheck Cond": "(info_type_id = 3)",
                  "Rows Removed by Index Recheck": 0,
                  "Exact Heap Blocks": 3014,
                  "Lossy Heap Blocks": 0,
                  "Plans": [
                    {
                      "Node Type": "Bitmap Index Scan",
                      "Parent Relationship": "Outer",
                      "Parallel Aware": false,
                      "Index Name": "info_type_id_movie_info",
                      "Startup Cost": 0.0,
                      "Total Cost": 27425.21,
                      "Plan Rows": 1535037,
                      "Plan Width": 0,
                      "Actual Startup Time": 70.533,
                      "Actual Total Time": 70.534,
                      "Actual Rows": 1533909,
                      "Actual Loops": 1,
                      "Index Cond": "(info_type_id = 3)"
                    }
                  ]
                }
              ]
            }
          ]
        }
      ]
    },
    "Planning Time": 0.181,
    "Triggers": [],
    "Execution Time": 141.523
  }
]