[
  {
    "Plan": {
      "Node Type": "Aggregate",
      "Strategy": "Plain",
      "Partial Mode": "Finalize",
      "Parallel Aware": false,
      "Startup Cost": 178245.45,
      "Total Cost": 178245.46,
      "Plan Rows": 1,
      "Plan Width": 8,
      "Actual Startup Time": 246.31,
      "Actual Total Time": 257.494,
      "Actual Rows": 1,
      "Actual Loops": 1,
      "Plans": [
        {
          "Node Type": "Gather",
          "Parent Relationship": "Outer",
          "Parallel Aware": false,
          "Startup Cost": 178245.03,
          "Total Cost": 178245.44,
          "Plan Rows": 4,
          "Plan Width": 8,
          "Actual Startup Time": 240.356,
          "Actual Total Time": 257.485,
          "Actual Rows": 5,
          "Actual Loops": 1,
          "Workers Planned": 4,
          "Workers Launched": 4,
          "Single Copy": false,
          "Plans": [
            {
              "Node Type": "Aggregate",
              "Strategy": "Plain",
              "Partial Mode": "Partial",
              "Parent Relationship": "Outer",
              "Parallel Aware": false,
              "Startup Cost": 177245.03,
              "Total Cost": 177245.04,
              "Plan Rows": 1,
              "Plan Width": 8,
              "Actual Startup Time": 225.963,
              "Actual Total Time": 225.967,
              "Actual Rows": 1,
              "Actual Loops": 5,
              "Plans": [
                {
                  "Node Type": "Hash Join",
                  "Parent Relationship": "Outer",
                  "Parallel Aware": true,
                  "Join Type": "Inner",
                  "Startup Cost": 49665.6,
                  "Total Cost": 177220.14,
                  "Plan Rows": 9955,
                  "Plan Width": 0,
                  "Actual Startup Time": 214.897,
                  "Actual Total Time": 225.725,
                  "Actual Rows": 4612,
                  "Actual Loops": 5,
                  "Inner Unique": true,
                  "Hash Cond": "(mi.movie_id = t.id)",
                  "Plans": [
                    {
                      "Node Type": "Bitmap Heap Scan",
                      "Parent Relationship": "Outer",
                      "Parallel Aware": true,
                      "Relation Name": "movie_info",
                      "Alias": "mi",
                      "Startup Cost": 1270.75,
                      "Total Cost": 128779.37,
                      "Plan Rows": 17494,
                      "Plan Width": 4,
                      "Actual Startup Time": 3.351,
                      "Actual Total Time": 8.219,
                      "Actual Rows": 13605,
                      "Actual Loops": 5,
                      "Recheck Cond": "(info_type_id = 94)",
                      "Rows Removed by Index Recheck": 0,
                      "Exact Heap Blocks": 583,
                      "Lossy Heap Blocks": 0,
                      "Plans": [
                        {
                          "Node Type": "Bitmap Index Scan",
                          "Parent Relationship": "Outer",
                          "Parallel Aware": false,
                          "Index Name": "info_type_id_movie_info",
                          "Startup Cost": 0.0,
                          "Total Cost": 1253.25,
                          "Plan Rows": 69976,
                          "Plan Width": 0,
                          "Actual Startup Time": 3.07,
                          "Actual Total Time": 3.077,
                          "Actual Rows": 68025,
                          "Actual Loops": 1,
                          "Index Cond": "(info_type_id = 94)"
                        }
                      ]
                    },
                    {
                      "Node Type": "Hash",
                      "Parent Relationship": "Inner",
                      "Parallel Aware": true,
                      "Startup Cost": 43898.92,
                      "Total Cost": 43898.92,
                      "Plan Rows": 359675,
                      "Plan Width": 4,
                      "Actual Startup Time": 205.067,
                      "Actual Total Time": 205.068,
                      "Actual Rows": 286893,
                      "Actual Loops": 5,
                      "Hash Buckets": 2097152,
                      "Original Hash Buckets": 2097152,
                      "Hash Batches": 1,
                      "Original Hash Batches": 1,
                      "Peak Memory Usage": 72576,
                      "Plans": [
                        {
                          "Node Type": "Seq Scan",
                          "Parent Relationship": "Outer",
                          "Parallel Aware": true,
                          "Relation Name": "title",
                          "Alias": "t",
                          "Startup Cost": 0.0,
                          "Total Cost": 43898.92,
                          "Plan Rows": 359675,
                          "Plan Width": 4,
                          "Actual Startup Time": 0.039,
                          "Actual Total Time": 93.143,
                          "Actual Rows": 286893,
                          "Actual Loops": 5,
                          "Filter": "(production_year > 1999)",
                          "Rows Removed by Filter": 218769
                        }
                      ]
                    }
                  ]
                }
              ]
            }
          ]
        }
      ]
    },
    "Planning Time": 0.614,
    "Triggers": [],
    "Execution Time": 257.59
  }
]