[
  {
    "Plan": {
      "Node Type": "Aggregate",
      "Strategy": "Plain",
      "Partial Mode": "Finalize",
      "Parallel Aware": false,
      "Startup Cost": 46650.56,
      "Total Cost": 46650.57,
      "Plan Rows": 1,
      "Plan Width": 8,
      "Actual Startup Time": 172.707,
      "Actual Total Time": 183.586,
      "Actual Rows": 1,
      "Actual Loops": 1,
      "Plans": [
        {
          "Node Type": "Gather",
          "Parent Relationship": "Outer",
          "Parallel Aware": false,
          "Startup Cost": 46650.24,
          "Total Cost": 46650.55,
          "Plan Rows": 3,
          "Plan Width": 8,
          "Actual Startup Time": 172.553,
          "Actual Total Time": 183.579,
          "Actual Rows": 4,
          "Actual Loops": 1,
          "Workers Planned": 3,
          "Workers Launched": 3,
          "Single Copy": false,
          "Plans": [
            {
              "Node Type": "Aggregate",
              "Strategy": "Plain",
              "Partial Mode": "Partial",
              "Parent Relationship": "Outer",
              "Parallel Aware": false,
              "Startup Cost": 45650.24,
              "Total Cost": 45650.25,
              "Plan Rows": 1,
              "Plan Width": 8,
              "Actual Startup Time": 166.885,
              "Actual Total Time": 166.887,
              "Actual Rows": 1,
              "Actual Loops": 4,
              "Plans": [
                {
                  "Node Type": "Seq Scan",
                  "Parent Relationship": "Outer",
                  "Parallel Aware": true,
                  "Relation Name": "movie_keyword",
                  "Alias": "mk",
                  "Startup Cost": 0.0,
                  "Total Cost": 42695.65,
                  "Plan Rows": 1181835,
                  "Plan Width": 0,
                  "Actual Startup Time": 0.043,
                  "Actual Total Time": 124.313,
                  "Actual Rows": 917947,
                  "Actual Loops": 4,
                  "Filter": "(keyword_id < 21558)",
                  "Rows Removed by Filter": 213035
                }
              ]
            }
          ]
        }
      ]
    },
    "Planning Time": 0.164,
    "Triggers": [],
    "Execution Time": 183.634
  }
]