[
  {
    "Plan": {
      "Node Type": "Aggregate",
      "Strategy": "Plain",
      "Partial Mode": "Finalize",
      "Parallel Aware": false,
      "Startup Cost": 268017.66,
      "Total Cost": 268017.67,
      "Plan Rows": 1,
      "Plan Width": 8,
      "Actual Startup Time": 912.457,
      "Actual Total Time": 936.395,
      "Actual Rows": 1,
      "Actual Loops": 1,
      "Plans": [
        {
          "Node Type": "Gather",
          "Parent Relationship": "Outer",
          "Parallel Aware": false,
          "Startup Cost": 268017.35,
          "Total Cost": 268017.66,
          "Plan Rows": 3,
          "Plan Width": 8,
          "Actual Startup Time": 893.923,
          "Actual Total Time": 936.387,
          "Actual Rows": 4,
          "Actual Loops": 1,
          "Workers Planned": 3,
          "Workers Launched": 3,
          "Single Copy": false,
          "Plans": [
            {
              "Node Type": "Aggregate",
              "Strategy": "Plain",
              "Partial Mode": "Partial",
              "Parent Relationship": "Outer",
              "Parallel Aware": false,
              "Startup Cost": 267017.35,
              "Total Cost": 267017.36,
              "Plan Rows": 1,
              "Plan Width": 8,
              "Actual Startup Time": 884.723,
              "Actual Total Time": 884.731,
              "Actual Rows": 1,
              "Actual Loops": 4,
              "Plans": [
                {
                  "Node Type": "Hash Join",
                  "Parent Relationship": "Outer",
                  "Parallel Aware": true,
                  "Join Type": "Inner",
                  "Startup Cost": 220962.31,
                  "Total Cost": 266738.15,
                  "Plan Rows": 111680,
                  "Plan Width": 0,
                  "Actual Startup Time": 466.813,
                  "Actual Total Time": 784.348,
                  "Actual Rows": 2540345,
                  "Actual Loops": 4,
                  "Inner Unique": false,
                  "Hash Cond": "(mk.movie_id = t.id)",
                  "Plans": [
                    {
                      "Node Type": "Seq Scan",
                      "Parent Relationship": "Outer",
                      "Parallel Aware": true,
                      "Relation Name": "movie_keyword",
                      "Alias": "mk",
                      "Startup Cost": 0.0,
                      "Total Cost": 42695.65,
                      "Plan Rows": 761820,
                      "Plan Width": 4,
                      "Actual Startup Time": 0.361,
                      "Actual Total Time": 98.588,
                      "Actual Rows": 586900,
                      "Actual Loops": 4,
                      "Filter": "(keyword_id > 4259)",
                      "Rows Removed by Filter": 544083
                    },
                    {
                      "Node Type": "Hash",
                      "Parent Relationship": "Inner",
                      "Parallel Aware": true,
                      "Startup Cost": 220035.66,
                      "Total Cost": 220035.66,
                      "Plan Rows": 74132,
                      "Plan Width": 8,
                      "Actual Startup Time": 464.239,
                      "Actual Total Time": 464.245,
                      "Actual Rows": 92054,
                      "Actual Loops": 4,
                      "Hash Buckets": 524288,
                      "Original Hash Buckets": 524288,
                      "Hash Batches": 1,
                      "Original Hash Batches": 1,
                      "Peak Memory Usage": 18560,
                      "Plans": [
                        {
                          "Node Type": "Hash Join",
                          "Parent Relationship": "Outer",
                          "Parallel Aware": true,
                          "Join Type": "Inner",
                          "Startup Cost": 56921.42,
                          "Total Cost": 220035.66,
                          "Plan Rows": 74132,
                          "Plan Width": 8,
                          "Actual Startup Time": 373.57,
                          "Actual Total Time": 434.289,
                          "Actual Rows": 92054,
                          "Actual Loops": 4,
                          "Inner Unique": true,
                          "Hash Cond": "(mi.movie_id = t.id)",
                          "Plans": [
                            {
                              "Node Type": "Bitmap Heap Scan",
                              "Parent Relationship": "Outer",
                              "Parallel Aware": true,
                              "Relation Name": "movie_info",
                              "Alias": "mi",
                              "Startup Cost": 6701.03,
                              "Total Cost": 169620.68,
                              "Plan Rows": 74132,
                              "Plan Width": 4,
                              "Actual Startup Time": 17.172,
                              "Actual Total Time": 41.608,
                              "Actual Rows": 92054,
                              "Actual Loops": 4,
                              "Recheck Cond": "(info_type_id = 17)",
                              "Rows Removed by Index Recheck": 0,
                              "Exact Heap Blocks": 3054,
                              "Lossy Heap Blocks": 0,
                              "Plans": [
                                {
                                  "Node Type": "Bitmap Index Scan",
                                  "Parent Relationship": "Outer",
                                  "Parallel Aware": false,
                                  "Index Name": "info_type_id_movie_info",
                                  "Startup Cost": 0.0,
                                  "Total Cost": 6608.37,
                                  "Plan Rows": 370658,
                                  "Plan Width": 0,
                                  "Actual Startup Time": 15.662,
                                  "Actual Total Time": 15.663,
                                  "Actual Rows": 368218,
                                  "Actual Loops": 1,
                                  "Index Cond": "(info_type_id = 17)"
                                }
                              ]
                            },
                            {
                              "Node Type": "Hash",
                              "Parent Relationship": "Inner",
                              "Parallel Aware": true,
                              "Startup Cost": 42319.06,
                              "Total Cost": 42319.06,
                              "Plan Rows": 632106,
                              "Plan Width": 4,
                              "Actual Startup Time": 348.211,
                              "Actual Total Time": 348.212,
                              "Actual Rows": 632078,
                              "Actual Loops": 4,
                              "Hash Buckets": 4194304,
                              "Original Hash Buckets": 4194304,
                              "Hash Batches": 1,
                              "Original Hash Batches": 1,
                              "Peak Memory Usage": 131712,
                              "Plans": [
                                {
                                  "Node Type": "Seq Scan",
                                  "Parent Relationship": "Outer",
                                  "Parallel Aware": true,
                                  "Relation Name": "title",
                                  "Alias": "t",
                                  "Startup Cost": 0.0,
                                  "Total Cost": 42319.06,
                                  "Plan Rows": 632106,
                                  "Plan Width": 4,
                                  "Actual Startup Time": 0.05,
                                  "Actual Total Time": 97.723,
                                  "Actual Rows": 632078,
                                  "Actual Loops": 4
                                }
                              ]
                            }
                          ]
                        }
                      ]
                    }
                  ]
                }
              ]
            }
          ]
        }
      ]
    },
    "Planning Time": 0.637,
    "Triggers": [],
    "Execution Time": 936.458
  }
]