[
    {
        "Bao": {
            "Bao prediction": "NaN",
            "Bao recommended hint": "(no hint)"
        }
    },
    {
        "Plan": {
            "Node Type": "Aggregate",
            "Strategy": "Plain",
            "Partial Mode": "Finalize",
            "Parallel Aware": false,
            "Startup Cost": 39107.76,
            "Total Cost": 39107.77,
            "Plan Rows": 1,
            "Plan Width": 8,
            "Actual Startup Time": 154.522,
            "Actual Total Time": 160.709,
            "Actual Rows": 1,
            "Actual Loops": 1,
            "Output": [
                "count(*)"
            ],
            "Plans": [
                {
                    "Node Type": "Gather",
                    "Parent Relationship": "Outer",
                    "Parallel Aware": false,
                    "Startup Cost": 39107.45,
                    "Total Cost": 39107.76,
                    "Plan Rows": 3,
                    "Plan Width": 8,
                    "Actual Startup Time": 154.255,
                    "Actual Total Time": 160.699,
                    "Actual Rows": 4,
                    "Actual Loops": 1,
                    "Output": [
                        "(PARTIAL count(*))"
                    ],
                    "Workers Planned": 3,
                    "Workers Launched": 3,
                    "Single Copy": false,
                    "Plans": [
                        {
                            "Node Type": "Aggregate",
                            "Strategy": "Plain",
                            "Partial Mode": "Partial",
                            "Parent Relationship": "Outer",
                            "Parallel Aware": false,
                            "Startup Cost": 38107.45,
                            "Total Cost": 38107.46,
                            "Plan Rows": 1,
                            "Plan Width": 8,
                            "Actual Startup Time": 145.725,
                            "Actual Total Time": 145.727,
                            "Actual Rows": 1,
                            "Actual Loops": 4,
                            "Output": [
                                "PARTIAL count(*)"
                            ],
                            "Workers": [
                                {
                                    "Worker Number": 0,
                                    "Actual Startup Time": 142.953,
                                    "Actual Total Time": 142.955,
                                    "Actual Rows": 1,
                                    "Actual Loops": 1
                                },
                                {
                                    "Worker Number": 1,
                                    "Actual Startup Time": 143.009,
                                    "Actual Total Time": 143.011,
                                    "Actual Rows": 1,
                                    "Actual Loops": 1
                                },
                                {
                                    "Worker Number": 2,
                                    "Actual Startup Time": 143.179,
                                    "Actual Total Time": 143.181,
                                    "Actual Rows": 1,
                                    "Actual Loops": 1
                                }
                            ],
                            "Plans": [
                                {
                                    "Node Type": "Bitmap Heap Scan",
                                    "Parent Relationship": "Outer",
                                    "Parallel Aware": true,
                                    "Relation Name": "movie_keyword",
                                    "Schema": "public",
                                    "Alias": "mk",
                                    "Startup Cost": 11117.76,
                                    "Total Cost": 37684.83,
                                    "Plan Rows": 169046,
                                    "Plan Width": 0,
                                    "Actual Startup Time": 50.269,
                                    "Actual Total Time": 135.615,
                                    "Actual Rows": 130220,
                                    "Actual Loops": 4,
                                    "Recheck Cond": "(mk.keyword_id < 382)",
                                    "Rows Removed by Index Recheck": 0,
                                    "Exact Heap Blocks": 8962,
                                    "Lossy Heap Blocks": 0,
                                    "Workers": [
                                        {
                                            "Worker Number": 0,
                                            "Actual Startup Time": 47.692,
                                            "Actual Total Time": 133.547,
                                            "Actual Rows": 111953,
                                            "Actual Loops": 1
                                        },
                                        {
                                            "Worker Number": 1,
                                            "Actual Startup Time": 47.647,
                                            "Actual Total Time": 133.72,
                                            "Actual Rows": 107379,
                                            "Actual Loops": 1
                                        },
                                        {
                                            "Worker Number": 2,
                                            "Actual Startup Time": 47.76,
                                            "Actual Total Time": 133.79,
                                            "Actual Rows": 108868,
                                            "Actual Loops": 1
                                        }
                                    ],
                                    "Plans": [
                                        {
                                            "Node Type": "Bitmap Index Scan",
                                            "Parent Relationship": "Outer",
                                            "Parallel Aware": false,
                                            "Index Name": "keyword_id_movie_keyword",
                                            "Startup Cost": 0.0,
                                            "Total Cost": 10986.75,
                                            "Plan Rows": 524042,
                                            "Plan Width": 0,
                                            "Actual Startup Time": 52.361,
                                            "Actual Total Time": 52.361,
                                            "Actual Rows": 520878,
                                            "Actual Loops": 1,
                                            "Index Cond": "(mk.keyword_id < 382)"
                                        }
                                    ]
                                }
                            ]
                        }
                    ]
                }
            ]
        },
        "Planning Time": 317.868,
        "Triggers": [],
        "Execution Time": 160.815
    }
]