{
  "Plan": {
    "Node Type": "Aggregate",
    "Strategy": "Plain",
    "Partial Mode": "Finalize",
    "Parallel Aware": false,
    "Startup Cost": 134371.87,
    "Total Cost": 134371.88,
    "Plan Rows": 1,
    "Plan Width": 8,
    "Actual Startup Time": 497.412,
    "Actual Total Time": 536.741,
    "Actual Rows": 1,
    "Actual Loops": 1,
    "Plans": [
      {
        "Node Type": "Gather",
        "Parent Relationship": "Outer",
        "Parallel Aware": false,
        "Startup Cost": 134371.76,
        "Total Cost": 134371.87,
        "Plan Rows": 1,
        "Plan Width": 8,
        "Actual Startup Time": 496.98,
        "Actual Total Time": 536.734,
        "Actual Rows": 2,
        "Actual Loops": 1,
        "Workers Planned": 1,
        "Workers Launched": 1,
        "Single Copy": false,
        "Plans": [
          {
            "Node Type": "Aggregate",
            "Strategy": "Plain",
            "Partial Mode": "Partial",
            "Parent Relationship": "Outer",
            "Parallel Aware": false,
            "Startup Cost": 133371.76,
            "Total Cost": 133371.77,
            "Plan Rows": 1,
            "Plan Width": 8,
            "Actual Startup Time": 490.613,
            "Actual Total Time": 490.617,
            "Actual Rows": 1,
            "Actual Loops": 2,
            "Plans": [
              {
                "Node Type": "Nested Loop",
                "Parent Relationship": "Outer",
                "Parallel Aware": false,
                "Join Type": "Inner",
                "Startup Cost": 24207.19,
                "Total Cost": 133088.73,
                "Plan Rows": 113211,
                "Plan Width": 0,
                "Actual Startup Time": 73.061,
                "Actual Total Time": 482.05,
                "Actual Rows": 182086,
                "Actual Loops": 2,
                "Inner Unique": false,
                "Plans": [
                  {
                    "Node Type": "Hash Join",
                    "Parent Relationship": "Outer",
                    "Parallel Aware": true,
                    "Join Type": "Inner",
                    "Startup Cost": 24206.75,
                    "Total Cost": 86528.88,
                    "Plan Rows": 19361,
                    "Plan Width": 8,
                    "Actual Startup Time": 72.995,
                    "Actual Total Time": 306.332,
                    "Actual Rows": 16604,
                    "Actual Loops": 2,
                    "Inner Unique": false,
                    "Hash Cond": "(t.id = mc.movie_id)",
                    "Plans": [
                      {
                        "Node Type": "Seq Scan",
                        "Parent Relationship": "Outer",
                        "Parallel Aware": true,
                        "Relation Name": "title",
                        "Alias": "t",
                        "Startup Cost": 0.0,
                        "Total Cost": 58306.47,
                        "Plan Rows": 624283,
                        "Plan Width": 4,
                        "Actual Startup Time": 0.01,
                        "Actual Total Time": 144.539,
                        "Actual Rows": 576176,
                        "Actual Loops": 2,
                        "Filter": "((kind_id > 1) AND (production_year > 1999))",
                        "Rows Removed by Filter": 687980
                      },
                      {
                        "Node Type": "Hash",
                        "Parent Relationship": "Inner",
                        "Parallel Aware": true,
                        "Startup Cost": 23630.19,
                        "Total Cost": 23630.19,
                        "Plan Rows": 46125,
                        "Plan Width": 4,
                        "Actual Startup Time": 70.631,
                        "Actual Total Time": 70.632,
                        "Actual Rows": 62050,
                        "Actual Loops": 2,
                        "Hash Buckets": 131072,
                        "Original Hash Buckets": 131072,
                        "Hash Batches": 1,
                        "Original Hash Batches": 1,
                        "Peak Memory Usage": 5888,
                        "Plans": [
                          {
                            "Node Type": "Bitmap Heap Scan",
                            "Parent Relationship": "Outer",
                            "Parallel Aware": true,
                            "Relation Name": "movie_companies",
                            "Alias": "mc",
                            "Startup Cost": 3434.7,
                            "Total Cost": 23630.19,
                            "Plan Rows": 46125,
                            "Plan Width": 4,
                            "Actual Startup Time": 19.601,
                            "Actual Total Time": 55.761,
                            "Actual Rows": 62050,
                            "Actual Loops": 2,
                            "Recheck Cond": "(company_id < 28)",
                            "Rows Removed by Index Recheck": 0,
                            "Filter": "(company_type_id < 2)",
                            "Rows Removed by Filter": 19006,
                            "Exact Heap Blocks": 10320,
                            "Lossy Heap Blocks": 0,
                            "Plans": [
                              {
                                "Node Type": "Bitmap Index Scan",
                                "Parent Relationship": "Outer",
                                "Parallel Aware": false,
                                "Index Name": "company_id_movie_companies",
                                "Startup Cost": 0.0,
                                "Total Cost": 3415.1,
                                "Plan Rows": 159289,
                                "Plan Width": 0,
                                "Actual Startup Time": 19.142,
                                "Actual Total Time": 19.143,
                                "Actual Rows": 162110,
                                "Actual Loops": 1,
                                "Index Cond": "(company_id < 28)"
                              }
                            ]
                          }
                        ]
                      }
                    ]
                  },
                  {
                    "Node Type": "Index Only Scan",
                    "Parent Relationship": "Inner",
                    "Parallel Aware": false,
                    "Scan Direction": "Forward",
                    "Index Name": "movie_id_movie_info",
                    "Relation Name": "movie_info",
                    "Alias": "mi",
                    "Startup Cost": 0.43,
                    "Total Cost": 1.98,
                    "Plan Rows": 42,
                    "Plan Width": 4,
                    "Actual Startup Time": 0.004,
                    "Actual Total Time": 0.01,
                    "Actual Rows": 11,
                    "Actual Loops": 33208,
                    "Index Cond": "(movie_id = t.id)",
                    "Rows Removed by Index Recheck": 0,
                    "Heap Fetches": 364171
                  }
                ]
              }
            ]
          }
        ]
      }
    ]
  },
  "Planning Time": 1.202,
  "Triggers": [],
  "Execution Time": 536.877
}