[
  {
    "Plan": {
      "Node Type": "Aggregate",
      "Strategy": "Plain",
      "Partial Mode": "Finalize",
      "Parallel Aware": false,
      "Startup Cost": 46773.09,
      "Total Cost": 46773.1,
      "Plan Rows": 1,
      "Plan Width": 8,
      "Actual Startup Time": 176.759,
      "Actual Total Time": 186.488,
      "Actual Rows": 1,
      "Actual Loops": 1,
      "Plans": [
        {
          "Node Type": "Gather",
          "Parent Relationship": "Outer",
          "Parallel Aware": false,
          "Startup Cost": 46772.78,
          "Total Cost": 46773.09,
          "Plan Rows": 3,
          "Plan Width": 8,
          "Actual Startup Time": 176.624,
          "Actual Total Time": 186.476,
          "Actual Rows": 4,
          "Actual Loops": 1,
          "Workers Planned": 3,
          "Workers Launched": 3,
          "Single Copy": false,
          "Plans": [
            {
              "Node Type": "Aggregate",
              "Strategy": "Plain",
              "Partial Mode": "Partial",
              "Parent Relationship": "Outer",
              "Parallel Aware": false,
              "Startup Cost": 45772.78,
              "Total Cost": 45772.79,
              "Plan Rows": 1,
              "Plan Width": 8,
              "Actual Startup Time": 171.125,
              "Actual Total Time": 171.126,
              "Actual Rows": 1,
              "Actual Loops": 4,
              "Plans": [
                {
                  "Node Type": "Seq Scan",
                  "Parent Relationship": "Outer",
                  "Parallel Aware": true,
                  "Relation Name": "movie_keyword",
                  "Alias": "mk",
                  "Startup Cost": 0.0,
                  "Total Cost": 42695.65,
                  "Plan Rows": 1230849,
                  "Plan Width": 0,
                  "Actual Startup Time": 0.043,
                  "Actual Total Time": 127.085,
                  "Actual Rows": 956180,
                  "Actual Loops": 4,
                  "Filter": "(keyword_id < 26989)",
                  "Rows Removed by Filter": 174803
                }
              ]
            }
          ]
        }
      ]
    },
    "Planning Time": 0.186,
    "Triggers": [],
    "Execution Time": 186.547
  }
]