[
  {
    "Plan": {
      "Node Type": "Aggregate",
      "Strategy": "Plain",
      "Partial Mode": "Finalize",
      "Parallel Aware": false,
      "Startup Cost": 47150.0,
      "Total Cost": 47150.01,
      "Plan Rows": 1,
      "Plan Width": 8,
      "Actual Startup Time": 167.315,
      "Actual Total Time": 176.057,
      "Actual Rows": 1,
      "Actual Loops": 1,
      "Plans": [
        {
          "Node Type": "Gather",
          "Parent Relationship": "Outer",
          "Parallel Aware": false,
          "Startup Cost": 47149.68,
          "Total Cost": 47149.99,
          "Plan Rows": 3,
          "Plan Width": 8,
          "Actual Startup Time": 167.225,
          "Actual Total Time": 176.049,
          "Actual Rows": 4,
          "Actual Loops": 1,
          "Workers Planned": 3,
          "Workers Launched": 3,
          "Single Copy": false,
          "Plans": [
            {
              "Node Type": "Aggregate",
              "Strategy": "Plain",
              "Partial Mode": "Partial",
              "Parent Relationship": "Outer",
              "Parallel Aware": false,
              "Startup Cost": 46149.68,
              "Total Cost": 46149.69,
              "Plan Rows": 1,
              "Plan Width": 8,
              "Actual Startup Time": 163.166,
              "Actual Total Time": 163.168,
              "Actual Rows": 1,
              "Actual Loops": 4,
              "Plans": [
                {
                  "Node Type": "Seq Scan",
                  "Parent Relationship": "Outer",
                  "Parallel Aware": true,
                  "Relation Name": "movie_keyword",
                  "Alias": "mk",
                  "Startup Cost": 0.0,
                  "Total Cost": 42695.65,
                  "Plan Rows": 1381611,
                  "Plan Width": 0,
                  "Actual Startup Time": 0.029,
                  "Actual Total Time": 116.969,
                  "Actual Rows": 1073365,
                  "Actual Loops": 4,
                  "Filter": "(keyword_id < 63268)",
                  "Rows Removed by Filter": 57618
                }
              ]
            }
          ]
        }
      ]
    },
    "Planning Time": 0.114,
    "Triggers": [],
    "Execution Time": 176.095
  }
]