[
  {
    "Plan": {
      "Node Type": "Aggregate",
      "Strategy": "Plain",
      "Partial Mode": "Finalize",
      "Parallel Aware": false,
      "Startup Cost": 60399.48,
      "Total Cost": 60399.49,
      "Plan Rows": 1,
      "Plan Width": 8,
      "Actual Startup Time": 182.472,
      "Actual Total Time": 197.203,
      "Actual Rows": 1,
      "Actual Loops": 1,
      "Plans": [
        {
          "Node Type": "Gather",
          "Parent Relationship": "Outer",
          "Parallel Aware": false,
          "Startup Cost": 60399.26,
          "Total Cost": 60399.47,
          "Plan Rows": 2,
          "Plan Width": 8,
          "Actual Startup Time": 182.047,
          "Actual Total Time": 197.195,
          "Actual Rows": 3,
          "Actual Loops": 1,
          "Workers Planned": 2,
          "Workers Launched": 2,
          "Single Copy": false,
          "Plans": [
            {
              "Node Type": "Aggregate",
              "Strategy": "Plain",
              "Partial Mode": "Partial",
              "Parent Relationship": "Outer",
              "Parallel Aware": false,
              "Startup Cost": 59399.26,
              "Total Cost": 59399.27,
              "Plan Rows": 1,
              "Plan Width": 8,
              "Actual Startup Time": 178.682,
              "Actual Total Time": 178.684,
              "Actual Rows": 1,
              "Actual Loops": 3,
              "Plans": [
                {
                  "Node Type": "Hash Join",
                  "Parent Relationship": "Outer",
                  "Parallel Aware": true,
                  "Join Type": "Inner",
                  "Startup Cost": 44157.7,
                  "Total Cost": 59352.26,
                  "Plan Rows": 18802,
                  "Plan Width": 0,
                  "Actual Startup Time": 133.262,
                  "Actual Total Time": 178.413,
                  "Actual Rows": 5374,
                  "Actual Loops": 3,
                  "Inner Unique": true,
                  "Hash Cond": "(mi_idx.movie_id = t.id)",
                  "Plans": [
                    {
                      "Node Type": "Seq Scan",
                      "Parent Relationship": "Outer",
                      "Parallel Aware": true,
                      "Relation Name": "movie_info_idx",
                      "Alias": "mi_idx",
                      "Startup Cost": 0.0,
                      "Total Cost": 13685.15,
                      "Plan Rows": 575015,
                      "Plan Width": 4,
                      "Actual Startup Time": 0.015,
                      "Actual Total Time": 35.208,
                      "Actual Rows": 460012,
                      "Actual Loops": 3
                    },
                    {
                      "Node Type": "Hash",
                      "Parent Relationship": "Inner",
                      "Parallel Aware": true,
                      "Startup Cost": 43899.32,
                      "Total Cost": 43899.32,
                      "Plan Rows": 20670,
                      "Plan Width": 4,
                      "Actual Startup Time": 102.832,
                      "Actual Total Time": 102.833,
                      "Actual Rows": 28420,
                      "Actual Loops": 3,
                      "Hash Buckets": 131072,
                      "Original Hash Buckets": 131072,
                      "Hash Batches": 1,
                      "Original Hash Batches": 1,
                      "Peak Memory Usage": 4416,
                      "Plans": [
                        {
                          "Node Type": "Seq Scan",
                          "Parent Relationship": "Outer",
                          "Parallel Aware": true,
                          "Relation Name": "title",
                          "Alias": "t",
                          "Startup Cost": 0.0,
                          "Total Cost": 43899.32,
                          "Plan Rows": 20670,
                          "Plan Width": 4,
                          "Actual Startup Time": 44.542,
                          "Actual Total Time": 96.201,
                          "Actual Rows": 28420,
                          "Actual Loops": 3,
                          "Filter": "(production_year < 1920)",
                          "Rows Removed by Filter": 814351
                        }
                      ]
                    }
                  ]
                }
              ]
            }
          ]
        }
      ]
    },
    "Planning Time": 0.448,
    "Triggers": [],
    "Execution Time": 197.267
  }
]