[
  {
    "Plan": {
      "Node Type": "Aggregate",
      "Strategy": "Plain",
      "Partial Mode": "Finalize",
      "Parallel Aware": false,
      "Startup Cost": 60399.09,
      "Total Cost": 60399.1,
      "Plan Rows": 1,
      "Plan Width": 8,
      "Actual Startup Time": 218.55,
      "Actual Total Time": 231.71,
      "Actual Rows": 1,
      "Actual Loops": 1,
      "Plans": [
        {
          "Node Type": "Gather",
          "Parent Relationship": "Outer",
          "Parallel Aware": false,
          "Startup Cost": 60398.88,
          "Total Cost": 60399.09,
          "Plan Rows": 2,
          "Plan Width": 8,
          "Actual Startup Time": 218.143,
          "Actual Total Time": 231.701,
          "Actual Rows": 3,
          "Actual Loops": 1,
          "Workers Planned": 2,
          "Workers Launched": 2,
          "Single Copy": false,
          "Plans": [
            {
              "Node Type": "Aggregate",
              "Strategy": "Plain",
              "Partial Mode": "Partial",
              "Parent Relationship": "Outer",
              "Parallel Aware": false,
              "Startup Cost": 59398.88,
              "Total Cost": 59398.89,
              "Plan Rows": 1,
              "Plan Width": 8,
              "Actual Startup Time": 211.706,
              "Actual Total Time": 211.709,
              "Actual Rows": 1,
              "Actual Loops": 3,
              "Plans": [
                {
                  "Node Type": "Hash Join",
                  "Parent Relationship": "Outer",
                  "Parallel Aware": true,
                  "Join Type": "Inner",
                  "Startup Cost": 44157.3,
                  "Total Cost": 59351.86,
                  "Plan Rows": 18805,
                  "Plan Width": 0,
                  "Actual Startup Time": 160.791,
                  "Actual Total Time": 211.395,
                  "Actual Rows": 5374,
                  "Actual Loops": 3,
                  "Inner Unique": true,
                  "Hash Cond": "(mi_idx.movie_id = t.id)",
                  "Plans": [
                    {
                      "Node Type": "Seq Scan",
                      "Parent Relationship": "Outer",
                      "Parallel Aware": true,
                      "Relation Name": "movie_info_idx",
                      "Alias": "mi_idx",
                      "Startup Cost": 0.0,
                      "Total Cost": 13685.15,
                      "Plan Rows": 575015,
                      "Plan Width": 4,
                      "Actual Startup Time": 0.02,
                      "Actual Total Time": 38.896,
                      "Actual Rows": 460012,
                      "Actual Loops": 3
                    },
                    {
                      "Node Type": "Hash",
                      "Parent Relationship": "Inner",
                      "Parallel Aware": true,
                      "Startup Cost": 43898.92,
                      "Total Cost": 43898.92,
                      "Plan Rows": 20671,
                      "Plan Width": 4,
                      "Actual Startup Time": 123.858,
                      "Actual Total Time": 123.859,
                      "Actual Rows": 28420,
                      "Actual Loops": 3,
                      "Hash Buckets": 131072,
                      "Original Hash Buckets": 131072,
                      "Hash Batches": 1,
                      "Original Hash Batches": 1,
                      "Peak Memory Usage": 4416,
                      "Plans": [
                        {
                          "Node Type": "Seq Scan",
                          "Parent Relationship": "Outer",
                          "Parallel Aware": true,
                          "Relation Name": "title",
                          "Alias": "t",
                          "Startup Cost": 0.0,
                          "Total Cost": 43898.92,
                          "Plan Rows": 20671,
                          "Plan Width": 4,
                          "Actual Startup Time": 55.637,
                          "Actual Total Time": 114.934,
                          "Actual Rows": 28420,
                          "Actual Loops": 3,
                          "Filter": "(production_year < 1920)",
                          "Rows Removed by Filter": 814351
                        }
                      ]
                    }
                  ]
                }
              ]
            }
          ]
        }
      ]
    },
    "Planning Time": 0.494,
    "Triggers": [],
    "Execution Time": 231.767
  }
]