[
  {
    "Plan": {
      "Node Type": "Aggregate",
      "Strategy": "Plain",
      "Partial Mode": "Finalize",
      "Parallel Aware": false,
      "Startup Cost": 388123.57,
      "Total Cost": 388123.58,
      "Plan Rows": 1,
      "Plan Width": 8,
      "Actual Startup Time": 1253.351,
      "Actual Total Time": 1302.588,
      "Actual Rows": 1,
      "Actual Loops": 1,
      "Plans": [
        {
          "Node Type": "Gather",
          "Parent Relationship": "Outer",
          "Parallel Aware": false,
          "Startup Cost": 388122.95,
          "Total Cost": 388123.56,
          "Plan Rows": 6,
          "Plan Width": 8,
          "Actual Startup Time": 1250.965,
          "Actual Total Time": 1302.572,
          "Actual Rows": 7,
          "Actual Loops": 1,
          "Workers Planned": 6,
          "Workers Launched": 6,
          "Single Copy": false,
          "Plans": [
            {
              "Node Type": "Aggregate",
              "Strategy": "Plain",
              "Partial Mode": "Partial",
              "Parent Relationship": "Outer",
              "Parallel Aware": false,
              "Startup Cost": 387122.95,
              "Total Cost": 387122.96,
              "Plan Rows": 1,
              "Plan Width": 8,
              "Actual Startup Time": 1239.86,
              "Actual Total Time": 1239.863,
              "Actual Rows": 1,
              "Actual Loops": 7,
              "Plans": [
                {
                  "Node Type": "Hash Join",
                  "Parent Relationship": "Outer",
                  "Parallel Aware": true,
                  "Join Type": "Inner",
                  "Startup Cost": 44742.15,
                  "Total Cost": 385816.23,
                  "Plan Rows": 522688,
                  "Plan Width": 0,
                  "Actual Startup Time": 168.819,
                  "Actual Total Time": 1225.558,
                  "Actual Rows": 318941,
                  "Actual Loops": 7,
                  "Inner Unique": true,
                  "Hash Cond": "(ci.movie_id = t.id)",
                  "Plans": [
                    {
                      "Node Type": "Seq Scan",
                      "Parent Relationship": "Outer",
                      "Parallel Aware": true,
                      "Relation Name": "cast_info",
                      "Alias": "ci",
                      "Startup Cost": 0.0,
                      "Total Cost": 328211.39,
                      "Plan Rows": 4900064,
                      "Plan Width": 4,
                      "Actual Startup Time": 69.181,
                      "Actual Total Time": 580.229,
                      "Actual Rows": 4181905,
                      "Actual Loops": 7,
                      "Filter": "(person_id > 673764)",
                      "Rows Removed by Filter": 995858
                    },
                    {
                      "Node Type": "Hash",
                      "Parent Relationship": "Inner",
                      "Parallel Aware": true,
                      "Startup Cost": 43899.32,
                      "Total Cost": 43899.32,
                      "Plan Rows": 67426,
                      "Plan Width": 4,
                      "Actual Startup Time": 96.958,
                      "Actual Total Time": 96.959,
                      "Actual Rows": 40722,
                      "Actual Loops": 7,
                      "Hash Buckets": 524288,
                      "Original Hash Buckets": 524288,
                      "Hash Batches": 1,
                      "Original Hash Batches": 1,
                      "Peak Memory Usage": 15328,
                      "Plans": [
                        {
                          "Node Type": "Seq Scan",
                          "Parent Relationship": "Outer",
                          "Parallel Aware": true,
                          "Relation Name": "title",
                          "Alias": "t",
                          "Startup Cost": 0.0,
                          "Total Cost": 43899.32,
                          "Plan Rows": 67426,
                          "Plan Width": 4,
                          "Actual Startup Time": 0.056,
                          "Actual Total Time": 76.243,
                          "Actual Rows": 40722,
                          "Actual Loops": 7,
                          "Filter": "(production_year < 1964)",
                          "Rows Removed by Filter": 320465
                        }
                      ]
                    }
                  ]
                }
              ]
            }
          ]
        }
      ]
    },
    "Planning Time": 0.543,
    "Triggers": [],
    "Execution Time": 1302.681
  }
]