{
  "Plan": {
    "Node Type": "Aggregate",
    "Strategy": "Plain",
    "Partial Mode": "Finalize",
    "Parallel Aware": false,
    "Startup Cost": 383777.75,
    "Total Cost": 383777.76,
    "Plan Rows": 1,
    "Plan Width": 8,
    "Actual Startup Time": 5124.352,
    "Actual Total Time": 5188.554,
    "Actual Rows": 1,
    "Actual Loops": 1,
    "Plans": [
      {
        "Node Type": "Gather",
        "Parent Relationship": "Outer",
        "Parallel Aware": false,
        "Startup Cost": 383777.64,
        "Total Cost": 383777.75,
        "Plan Rows": 1,
        "Plan Width": 8,
        "Actual Startup Time": 5123.684,
        "Actual Total Time": 5188.546,
        "Actual Rows": 2,
        "Actual Loops": 1,
        "Workers Planned": 1,
        "Workers Launched": 1,
        "Single Copy": false,
        "Plans": [
          {
            "Node Type": "Aggregate",
            "Strategy": "Plain",
            "Partial Mode": "Partial",
            "Parent Relationship": "Outer",
            "Parallel Aware": false,
            "Startup Cost": 382777.64,
            "Total Cost": 382777.65,
            "Plan Rows": 1,
            "Plan Width": 8,
            "Actual Startup Time": 5117.008,
            "Actual Total Time": 5117.012,
            "Actual Rows": 1,
            "Actual Loops": 2,
            "Plans": [
              {
                "Node Type": "Nested Loop",
                "Parent Relationship": "Outer",
                "Parallel Aware": false,
                "Join Type": "Inner",
                "Startup Cost": 56338.62,
                "Total Cost": 379469.04,
                "Plan Rows": 1323439,
                "Plan Width": 0,
                "Actual Startup Time": 284.82,
                "Actual Total Time": 4920.172,
                "Actual Rows": 4583194,
                "Actual Loops": 2,
                "Inner Unique": false,
                "Join Filter": "(t.id = ci.movie_id)",
                "Rows Removed by Join Filter": 0,
                "Plans": [
                  {
                    "Node Type": "Hash Join",
                    "Parent Relationship": "Outer",
                    "Parallel Aware": true,
                    "Join Type": "Inner",
                    "Startup Cost": 56338.05,
                    "Total Cost": 99898.56,
                    "Plan Rows": 92361,
                    "Plan Width": 8,
                    "Actual Startup Time": 284.725,
                    "Actual Total Time": 507.892,
                    "Actual Rows": 205876,
                    "Actual Loops": 2,
                    "Inner Unique": true,
                    "Hash Cond": "(mc.movie_id = t.id)",
                    "Plans": [
                      {
                        "Node Type": "Seq Scan",
                        "Parent Relationship": "Outer",
                        "Parallel Aware": true,
                        "Relation Name": "movie_companies",
                        "Alias": "mc",
                        "Startup Cost": 0.0,
                        "Total Cost": 41811.73,
                        "Plan Rows": 666203,
                        "Plan Width": 4,
                        "Actual Startup Time": 51.573,
                        "Actual Total Time": 127.006,
                        "Actual Rows": 623944,
                        "Actual Loops": 2,
                        "Filter": "((company_id > 222) AND (company_type_id > 1))",
                        "Rows Removed by Filter": 680621
                      },
                      {
                        "Node Type": "Hash",
                        "Parent Relationship": "Inner",
                        "Parallel Aware": true,
                        "Startup Cost": 53760.74,
                        "Total Cost": 53760.74,
                        "Plan Rows": 206185,
                        "Plan Width": 4,
                        "Actual Startup Time": 162.144,
                        "Actual Total Time": 162.145,
                        "Actual Rows": 212286,
                        "Actual Loops": 2,
                        "Hash Buckets": 524288,
                        "Original Hash Buckets": 524288,
                        "Hash Batches": 1,
                        "Original Hash Batches": 1,
                        "Peak Memory Usage": 20736,
                        "Plans": [
                          {
                            "Node Type": "Bitmap Heap Scan",
                            "Parent Relationship": "Outer",
                            "Parallel Aware": true,
                            "Relation Name": "title",
                            "Alias": "t",
                            "Startup Cost": 11910.48,
                            "Total Cost": 53760.74,
                            "Plan Rows": 206185,
                            "Plan Width": 4,
                            "Actual Startup Time": 34.626,
                            "Actual Total Time": 105.472,
                            "Actual Rows": 212286,
                            "Actual Loops": 2,
                            "Recheck Cond": "(kind_id = 1)",
                            "Rows Removed by Index Recheck": 0,
                            "Filter": "(production_year < 2005)",
                            "Rows Removed by Filter": 119126,
                            "Exact Heap Blocks": 8057,
                            "Lossy Heap Blocks": 0,
                            "Plans": [
                              {
                                "Node Type": "Bitmap Index Scan",
                                "Parent Relationship": "Outer",
                                "Parallel Aware": false,
                                "Index Name": "kind_id_title",
                                "Startup Cost": 0.0,
                                "Total Cost": 11822.85,
                                "Plan Rows": 663256,
                                "Plan Width": 0,
                                "Actual Startup Time": 33.48,
                                "Actual Total Time": 33.48,
                                "Actual Rows": 662825,
                                "Actual Loops": 1,
                                "Index Cond": "(kind_id = 1)"
                              }
                            ]
                          }
                        ]
                      }
                    ]
                  },
                  {
                    "Node Type": "Index Only Scan",
                    "Parent Relationship": "Inner",
                    "Parallel Aware": false,
                    "Scan Direction": "Forward",
                    "Index Name": "movie_id_cast_info",
                    "Relation Name": "cast_info",
                    "Alias": "ci",
                    "Startup Cost": 0.56,
                    "Total Cost": 2.56,
                    "Plan Rows": 37,
                    "Plan Width": 4,
                    "Actual Startup Time": 0.003,
                    "Actual Total Time": 0.019,
                    "Actual Rows": 22,
                    "Actual Loops": 411753,
                    "Index Cond": "(movie_id = mc.movie_id)",
                    "Rows Removed by Index Recheck": 0,
                    "Heap Fetches": 9166387
                  }
                ]
              }
            ]
          }
        ]
      }
    ]
  },
  "Planning Time": 1.261,
  "Triggers": [],
  "Execution Time": 5188.713
}