[
  {
    "Plan": {
      "Node Type": "Aggregate",
      "Strategy": "Plain",
      "Partial Mode": "Simple",
      "Parallel Aware": false,
      "Startup Cost": 6373.76,
      "Total Cost": 6373.77,
      "Plan Rows": 1,
      "Plan Width": 8,
      "Actual Startup Time": 1.808,
      "Actual Total Time": 1.809,
      "Actual Rows": 1,
      "Actual Loops": 1,
      "Plans": [
        {
          "Node Type": "Nested Loop",
          "Parent Relationship": "Outer",
          "Parallel Aware": false,
          "Join Type": "Inner",
          "Startup Cost": 1.29,
          "Total Cost": 6373.71,
          "Plan Rows": 18,
          "Plan Width": 0,
          "Actual Startup Time": 1.376,
          "Actual Total Time": 1.806,
          "Actual Rows": 3,
          "Actual Loops": 1,
          "Inner Unique": false,
          "Plans": [
            {
              "Node Type": "Nested Loop",
              "Parent Relationship": "Outer",
              "Parallel Aware": false,
              "Join Type": "Inner",
              "Startup Cost": 0.86,
              "Total Cost": 6303.59,
              "Plan Rows": 18,
              "Plan Width": 8,
              "Actual Startup Time": 0.216,
              "Actual Total Time": 1.771,
              "Actual Rows": 11,
              "Actual Loops": 1,
              "Inner Unique": true,
              "Plans": [
                {
                  "Node Type": "Index Scan",
                  "Parent Relationship": "Outer",
                  "Parallel Aware": false,
                  "Scan Direction": "Forward",
                  "Index Name": "company_id_movie_companies",
                  "Relation Name": "movie_companies",
                  "Alias": "mc",
                  "Startup Cost": 0.43,
                  "Total Cost": 1510.49,
                  "Plan Rows": 577,
                  "Plan Width": 4,
                  "Actual Startup Time": 0.011,
                  "Actual Total Time": 0.219,
                  "Actual Rows": 608,
                  "Actual Loops": 1,
                  "Index Cond": "(company_id > 234406)",
                  "Rows Removed by Index Recheck": 0
                },
                {
                  "Node Type": "Index Scan",
                  "Parent Relationship": "Inner",
                  "Parallel Aware": false,
                  "Scan Direction": "Forward",
                  "Index Name": "title_pkey",
                  "Relation Name": "title",
                  "Alias": "t",
                  "Startup Cost": 0.43,
                  "Total Cost": 8.31,
                  "Plan Rows": 1,
                  "Plan Width": 4,
                  "Actual Startup Time": 0.002,
                  "Actual Total Time": 0.002,
                  "Actual Rows": 0,
                  "Actual Loops": 608,
                  "Index Cond": "(id = mc.movie_id)",
                  "Rows Removed by Index Recheck": 0,
                  "Filter": "((kind_id > 1) AND (production_year = 2006))",
                  "Rows Removed by Filter": 1
                }
              ]
            },
            {
              "Node Type": "Index Scan",
              "Parent Relationship": "Inner",
              "Parallel Aware": false,
              "Scan Direction": "Forward",
              "Index Name": "movie_id_movie_keyword",
              "Relation Name": "movie_keyword",
              "Alias": "mk",
              "Startup Cost": 0.43,
              "Total Cost": 3.64,
              "Plan Rows": 26,
              "Plan Width": 4,
              "Actual Startup Time": 0.003,
              "Actual Total Time": 0.003,
              "Actual Rows": 0,
              "Actual Loops": 11,
              "Index Cond": "(movie_id = t.id)",
              "Rows Removed by Index Recheck": 0,
              "Filter": "(keyword_id < 7021)",
              "Rows Removed by Filter": 0
            }
          ]
        }
      ]
    },
    "Planning Time": 0.544,
    "Triggers": [],
    "Execution Time": 1.837
  }
]