[
  {
    "Plan": {
      "Node Type": "Aggregate",
      "Strategy": "Plain",
      "Partial Mode": "Finalize",
      "Parallel Aware": false,
      "Startup Cost": 32712.5,
      "Total Cost": 32712.51,
      "Plan Rows": 1,
      "Plan Width": 8,
      "Actual Startup Time": 80.644,
      "Actual Total Time": 88.725,
      "Actual Rows": 1,
      "Actual Loops": 1,
      "Plans": [
        {
          "Node Type": "Gather",
          "Parent Relationship": "Outer",
          "Parallel Aware": false,
          "Startup Cost": 32712.19,
          "Total Cost": 32712.5,
          "Plan Rows": 3,
          "Plan Width": 8,
          "Actual Startup Time": 80.548,
          "Actual Total Time": 88.716,
          "Actual Rows": 4,
          "Actual Loops": 1,
          "Workers Planned": 3,
          "Workers Launched": 3,
          "Single Copy": false,
          "Plans": [
            {
              "Node Type": "Aggregate",
              "Strategy": "Plain",
              "Partial Mode": "Partial",
              "Parent Relationship": "Outer",
              "Parallel Aware": false,
              "Startup Cost": 31712.19,
              "Total Cost": 31712.2,
              "Plan Rows": 1,
              "Plan Width": 8,
              "Actual Startup Time": 74.465,
              "Actual Total Time": 74.466,
              "Actual Rows": 1,
              "Actual Loops": 4,
              "Plans": [
                {
                  "Node Type": "Seq Scan",
                  "Parent Relationship": "Outer",
                  "Parallel Aware": true,
                  "Relation Name": "movie_companies",
                  "Alias": "mc",
                  "Startup Cost": 0.0,
                  "Total Cost": 31414.82,
                  "Plan Rows": 118947,
                  "Plan Width": 0,
                  "Actual Startup Time": 25.567,
                  "Actual Total Time": 73.732,
                  "Actual Rows": 12784,
                  "Actual Loops": 4,
                  "Filter": "((company_id > 37367) AND (company_type_id = 1))",
                  "Rows Removed by Filter": 639498
                }
              ]
            }
          ]
        }
      ]
    },
    "Planning Time": 0.181,
    "Triggers": [],
    "Execution Time": 88.783
  }
]