[
  {
    "Plan": {
      "Node Type": "Aggregate",
      "Strategy": "Plain",
      "Partial Mode": "Finalize",
      "Parallel Aware": false,
      "Startup Cost": 32706.37,
      "Total Cost": 32706.38,
      "Plan Rows": 1,
      "Plan Width": 8,
      "Actual Startup Time": 80.431,
      "Actual Total Time": 86.192,
      "Actual Rows": 1,
      "Actual Loops": 1,
      "Plans": [
        {
          "Node Type": "Gather",
          "Parent Relationship": "Outer",
          "Parallel Aware": false,
          "Startup Cost": 32706.06,
          "Total Cost": 32706.37,
          "Plan Rows": 3,
          "Plan Width": 8,
          "Actual Startup Time": 80.336,
          "Actual Total Time": 86.17,
          "Actual Rows": 4,
          "Actual Loops": 1,
          "Workers Planned": 3,
          "Workers Launched": 3,
          "Single Copy": false,
          "Plans": [
            {
              "Node Type": "Aggregate",
              "Strategy": "Plain",
              "Partial Mode": "Partial",
              "Parent Relationship": "Outer",
              "Parallel Aware": false,
              "Startup Cost": 31706.06,
              "Total Cost": 31706.07,
              "Plan Rows": 1,
              "Plan Width": 8,
              "Actual Startup Time": 73.91,
              "Actual Total Time": 73.911,
              "Actual Rows": 1,
              "Actual Loops": 4,
              "Plans": [
                {
                  "Node Type": "Seq Scan",
                  "Parent Relationship": "Outer",
                  "Parallel Aware": true,
                  "Relation Name": "movie_companies",
                  "Alias": "mc",
                  "Startup Cost": 0.0,
                  "Total Cost": 31414.82,
                  "Plan Rows": 116495,
                  "Plan Width": 0,
                  "Actual Startup Time": 28.026,
                  "Actual Total Time": 73.213,
                  "Actual Rows": 12784,
                  "Actual Loops": 4,
                  "Filter": "((company_id > 37367) AND (company_type_id = 1))",
                  "Rows Removed by Filter": 639498
                }
              ]
            }
          ]
        }
      ]
    },
    "Planning Time": 0.219,
    "Triggers": [],
    "Execution Time": 86.25
  }
]