{
  "Plan": {
    "Node Type": "Aggregate",
    "Strategy": "Plain",
    "Partial Mode": "Finalize",
    "Parallel Aware": false,
    "Startup Cost": 127445.58,
    "Total Cost": 127445.59,
    "Plan Rows": 1,
    "Plan Width": 8,
    "Actual Startup Time": 923.898,
    "Actual Total Time": 943.131,
    "Actual Rows": 1,
    "Actual Loops": 1,
    "Plans": [
      {
        "Node Type": "Gather",
        "Parent Relationship": "Outer",
        "Parallel Aware": false,
        "Startup Cost": 127445.47,
        "Total Cost": 127445.58,
        "Plan Rows": 1,
        "Plan Width": 8,
        "Actual Startup Time": 921.2,
        "Actual Total Time": 943.124,
        "Actual Rows": 2,
        "Actual Loops": 1,
        "Workers Planned": 1,
        "Workers Launched": 1,
        "Single Copy": false,
        "Plans": [
          {
            "Node Type": "Aggregate",
            "Strategy": "Plain",
            "Partial Mode": "Partial",
            "Parent Relationship": "Outer",
            "Parallel Aware": false,
            "Startup Cost": 126445.47,
            "Total Cost": 126445.48,
            "Plan Rows": 1,
            "Plan Width": 8,
            "Actual Startup Time": 908.461,
            "Actual Total Time": 908.465,
            "Actual Rows": 1,
            "Actual Loops": 2,
            "Plans": [
              {
                "Node Type": "Hash Join",
                "Parent Relationship": "Outer",
                "Parallel Aware": true,
                "Join Type": "Inner",
                "Startup Cost": 91312.13,
                "Total Cost": 124930.67,
                "Plan Rows": 605920,
                "Plan Width": 0,
                "Actual Startup Time": 640.421,
                "Actual Total Time": 886.55,
                "Actual Rows": 516762,
                "Actual Loops": 2,
                "Inner Unique": true,
                "Hash Cond": "(mk.movie_id = t.id)",
                "Plans": [
                  {
                    "Node Type": "Bitmap Heap Scan",
                    "Parent Relationship": "Outer",
                    "Parallel Aware": true,
                    "Relation Name": "movie_keyword",
                    "Alias": "mk",
                    "Startup Cost": 21851.43,
                    "Total Cost": 53879.43,
                    "Plan Rows": 605920,
                    "Plan Width": 4,
                    "Actual Startup Time": 70.193,
                    "Actual Total Time": 175.225,
                    "Actual Rows": 516762,
                    "Actual Loops": 2,
                    "Recheck Cond": "(keyword_id < 1023)",
                    "Rows Removed by Index Recheck": 0,
                    "Exact Heap Blocks": 13405,
                    "Lossy Heap Blocks": 0,
                    "Plans": [
                      {
                        "Node Type": "Bitmap Index Scan",
                        "Parent Relationship": "Outer",
                        "Parallel Aware": false,
                        "Index Name": "keyword_id_movie_keyword",
                        "Startup Cost": 0.0,
                        "Total Cost": 21593.91,
                        "Plan Rows": 1030064,
                        "Plan Width": 0,
                        "Actual Startup Time": 65.681,
                        "Actual Total Time": 65.681,
                        "Actual Rows": 1033523,
                        "Actual Loops": 1,
                        "Index Cond": "(keyword_id < 1023)"
                      }
                    ]
                  },
                  {
                    "Node Type": "Hash",
                    "Parent Relationship": "Inner",
                    "Parallel Aware": true,
                    "Startup Cost": 50870.31,
                    "Total Cost": 50870.31,
                    "Plan Rows": 1487231,
                    "Plan Width": 4,
                    "Actual Startup Time": 548.577,
                    "Actual Total Time": 548.577,
                    "Actual Rows": 1264156,
                    "Actual Loops": 2,
                    "Hash Buckets": 4194304,
                    "Original Hash Buckets": 4194304,
                    "Hash Batches": 1,
                    "Original Hash Batches": 1,
                    "Peak Memory Usage": 131712,
                    "Plans": [
                      {
                        "Node Type": "Seq Scan",
                        "Parent Relationship": "Outer",
                        "Parallel Aware": true,
                        "Relation Name": "title",
                        "Alias": "t",
                        "Startup Cost": 0.0,
                        "Total Cost": 50870.31,
                        "Plan Rows": 1487231,
                        "Plan Width": 4,
                        "Actual Startup Time": 0.043,
                        "Actual Total Time": 157.388,
                        "Actual Rows": 1264156,
                        "Actual Loops": 2
                      }
                    ]
                  }
                ]
              }
            ]
          }
        ]
      }
    ]
  },
  "Planning Time": 0.689,
  "Triggers": [],
  "Execution Time": 943.221
}