{
  "Plan": {
    "Node Type": "Aggregate",
    "Strategy": "Plain",
    "Partial Mode": "Finalize",
    "Parallel Aware": false,
    "Startup Cost": 42578.88,
    "Total Cost": 42578.89,
    "Plan Rows": 1,
    "Plan Width": 8,
    "Actual Startup Time": 158.647,
    "Actual Total Time": 183.468,
    "Actual Rows": 1,
    "Actual Loops": 1,
    "Plans": [
      {
        "Node Type": "Gather",
        "Parent Relationship": "Outer",
        "Parallel Aware": false,
        "Startup Cost": 42578.77,
        "Total Cost": 42578.88,
        "Plan Rows": 1,
        "Plan Width": 8,
        "Actual Startup Time": 158.417,
        "Actual Total Time": 183.459,
        "Actual Rows": 2,
        "Actual Loops": 1,
        "Workers Planned": 1,
        "Workers Launched": 1,
        "Single Copy": false,
        "Plans": [
          {
            "Node Type": "Aggregate",
            "Strategy": "Plain",
            "Partial Mode": "Partial",
            "Parent Relationship": "Outer",
            "Parallel Aware": false,
            "Startup Cost": 41578.77,
            "Total Cost": 41578.78,
            "Plan Rows": 1,
            "Plan Width": 8,
            "Actual Startup Time": 152.37,
            "Actual Total Time": 152.372,
            "Actual Rows": 1,
            "Actual Loops": 2,
            "Plans": [
              {
                "Node Type": "Nested Loop",
                "Parent Relationship": "Outer",
                "Parallel Aware": false,
                "Join Type": "Inner",
                "Startup Cost": 119.37,
                "Total Cost": 41573.92,
                "Plan Rows": 1939,
                "Plan Width": 0,
                "Actual Startup Time": 5.354,
                "Actual Total Time": 151.934,
                "Actual Rows": 6288,
                "Actual Loops": 2,
                "Inner Unique": false,
                "Plans": [
                  {
                    "Node Type": "Nested Loop",
                    "Parent Relationship": "Outer",
                    "Parallel Aware": false,
                    "Join Type": "Inner",
                    "Startup Cost": 118.94,
                    "Total Cost": 36281.36,
                    "Plan Rows": 3194,
                    "Plan Width": 8,
                    "Actual Startup Time": 3.784,
                    "Actual Total Time": 33.697,
                    "Actual Rows": 3143,
                    "Actual Loops": 2,
                    "Inner Unique": true,
                    "Plans": [
                      {
                        "Node Type": "Bitmap Heap Scan",
                        "Parent Relationship": "Outer",
                        "Parallel Aware": true,
                        "Relation Name": "movie_keyword",
                        "Alias": "mk",
                        "Startup Cost": 118.51,
                        "Total Cost": 13152.38,
                        "Plan Rows": 3194,
                        "Plan Width": 4,
                        "Actual Startup Time": 3.628,
                        "Actual Total Time": 13.015,
                        "Actual Rows": 3143,
                        "Actual Loops": 2,
                        "Recheck Cond": "(keyword_id = 2276)",
                        "Rows Removed by Index Recheck": 0,
                        "Exact Heap Blocks": 3951,
                        "Lossy Heap Blocks": 0,
                        "Plans": [
                          {
                            "Node Type": "Bitmap Index Scan",
                            "Parent Relationship": "Outer",
                            "Parallel Aware": false,
                            "Index Name": "keyword_id_movie_keyword",
                            "Startup Cost": 0.0,
                            "Total Cost": 117.15,
                            "Plan Rows": 5429,
                            "Plan Width": 0,
                            "Actual Startup Time": 4.344,
                            "Actual Total Time": 4.345,
                            "Actual Rows": 6286,
                            "Actual Loops": 1,
                            "Index Cond": "(keyword_id = 2276)"
                          }
                        ]
                      },
                      {
                        "Node Type": "Index Only Scan",
                        "Parent Relationship": "Inner",
                        "Parallel Aware": false,
                        "Scan Direction": "Forward",
                        "Index Name": "title_pkey",
                        "Relation Name": "title",
                        "Alias": "t",
                        "Startup Cost": 0.43,
                        "Total Cost": 7.24,
                        "Plan Rows": 1,
                        "Plan Width": 4,
                        "Actual Startup Time": 0.006,
                        "Actual Total Time": 0.006,
                        "Actual Rows": 1,
                        "Actual Loops": 6286,
                        "Index Cond": "(id = mk.movie_id)",
                        "Rows Removed by Index Recheck": 0,
                        "Heap Fetches": 6286
                      }
                    ]
                  },
                  {
                    "Node Type": "Index Scan",
                    "Parent Relationship": "Inner",
                    "Parallel Aware": false,
                    "Scan Direction": "Forward",
                    "Index Name": "movie_id_movie_info",
                    "Relation Name": "movie_info",
                    "Alias": "mi",
                    "Startup Cost": 0.43,
                    "Total Cost": 1.62,
                    "Plan Rows": 4,
                    "Plan Width": 4,
                    "Actual Startup Time": 0.037,
                    "Actual Total Time": 0.037,
                    "Actual Rows": 2,
                    "Actual Loops": 6286,
                    "Index Cond": "(movie_id = t.id)",
                    "Rows Removed by Index Recheck": 0,
                    "Filter": "(info_type_id = 3)",
                    "Rows Removed by Filter": 57
                  }
                ]
              }
            ]
          }
        ]
      }
    ]
  },
  "Planning Time": 0.851,
  "Triggers": [],
  "Execution Time": 183.569
}