[
    {
        "Bao": {
            "Bao prediction": "NaN",
            "Bao recommended hint": "(no hint)"
        }
    },
    {
        "Plan": {
            "Node Type": "Aggregate",
            "Strategy": "Plain",
            "Partial Mode": "Finalize",
            "Parallel Aware": false,
            "Startup Cost": 605354.4,
            "Total Cost": 605354.41,
            "Plan Rows": 1,
            "Plan Width": 8,
            "Actual Startup Time": 1983.451,
            "Actual Total Time": 2029.618,
            "Actual Rows": 1,
            "Actual Loops": 1,
            "Output": [
                "count(*)"
            ],
            "Plans": [
                {
                    "Node Type": "Gather",
                    "Parent Relationship": "Outer",
                    "Parallel Aware": false,
                    "Startup Cost": 605353.88,
                    "Total Cost": 605354.39,
                    "Plan Rows": 5,
                    "Plan Width": 8,
                    "Actual Startup Time": 1976.767,
                    "Actual Total Time": 2029.605,
                    "Actual Rows": 6,
                    "Actual Loops": 1,
                    "Output": [
                        "(PARTIAL count(*))"
                    ],
                    "Workers Planned": 5,
                    "Workers Launched": 5,
                    "Single Copy": false,
                    "Plans": [
                        {
                            "Node Type": "Aggregate",
                            "Strategy": "Plain",
                            "Partial Mode": "Partial",
                            "Parent Relationship": "Outer",
                            "Parallel Aware": false,
                            "Startup Cost": 604353.88,
                            "Total Cost": 604353.89,
                            "Plan Rows": 1,
                            "Plan Width": 8,
                            "Actual Startup Time": 1963.952,
                            "Actual Total Time": 1964.004,
                            "Actual Rows": 1,
                            "Actual Loops": 6,
                            "Output": [
                                "PARTIAL count(*)"
                            ],
                            "Workers": [
                                {
                                    "Worker Number": 0,
                                    "Actual Startup Time": 1960.922,
                                    "Actual Total Time": 1960.927,
                                    "Actual Rows": 1,
                                    "Actual Loops": 1
                                },
                                {
                                    "Worker Number": 1,
                                    "Actual Startup Time": 1961.144,
                                    "Actual Total Time": 1961.15,
                                    "Actual Rows": 1,
                                    "Actual Loops": 1
                                },
                                {
                                    "Worker Number": 2,
                                    "Actual Startup Time": 1961.891,
                                    "Actual Total Time": 1961.896,
                                    "Actual Rows": 1,
                                    "Actual Loops": 1
                                },
                                {
                                    "Worker Number": 3,
                                    "Actual Startup Time": 1961.444,
                                    "Actual Total Time": 1961.45,
                                    "Actual Rows": 1,
                                    "Actual Loops": 1
                                },
                                {
                                    "Worker Number": 4,
                                    "Actual Startup Time": 1962.281,
                                    "Actual Total Time": 1962.286,
                                    "Actual Rows": 1,
                                    "Actual Loops": 1
                                }
                            ],
                            "Plans": [
                                {
                                    "Node Type": "Hash Join",
                                    "Parent Relationship": "Outer",
                                    "Parallel Aware": true,
                                    "Join Type": "Inner",
                                    "Startup Cost": 395759.8,
                                    "Total Cost": 600739.14,
                                    "Plan Rows": 1445896,
                                    "Plan Width": 0,
                                    "Actual Startup Time": 826.228,
                                    "Actual Total Time": 1826.106,
                                    "Actual Rows": 2538861,
                                    "Actual Loops": 6,
                                    "Inner Unique": false,
                                    "Hash Cond": "(mi.movie_id = t.id)",
                                    "Workers": [
                                        {
                                            "Worker Number": 0,
                                            "Actual Startup Time": 823.306,
                                            "Actual Total Time": 1822.153,
                                            "Actual Rows": 2157769,
                                            "Actual Loops": 1
                                        },
                                        {
                                            "Worker Number": 1,
                                            "Actual Startup Time": 823.501,
                                            "Actual Total Time": 1822.009,
                                            "Actual Rows": 2192357,
                                            "Actual Loops": 1
                                        },
                                        {
                                            "Worker Number": 2,
                                            "Actual Startup Time": 823.715,
                                            "Actual Total Time": 1822.86,
                                            "Actual Rows": 2187079,
                                            "Actual Loops": 1
                                        },
                                        {
                                            "Worker Number": 3,
                                            "Actual Startup Time": 823.797,
                                            "Actual Total Time": 1821.456,
                                            "Actual Rows": 2204983,
                                            "Actual Loops": 1
                                        },
                                        {
                                            "Worker Number": 4,
                                            "Actual Startup Time": 824.637,
                                            "Actual Total Time": 1833.15,
                                            "Actual Rows": 3301568,
                                            "Actual Loops": 1
                                        }
                                    ],
                                    "Plans": [
                                        {
                                            "Node Type": "Seq Scan",
                                            "Parent Relationship": "Outer",
                                            "Parallel Aware": true,
                                            "Relation Name": "movie_info",
                                            "Schema": "public",
                                            "Alias": "mi",
                                            "Startup Cost": 0.0,
                                            "Total Cost": 191503.19,
                                            "Plan Rows": 2951019,
                                            "Plan Width": 4,
                                            "Actual Startup Time": 0.03,
                                            "Actual Total Time": 317.322,
                                            "Actual Rows": 2472620,
                                            "Actual Loops": 6,
                                            "Output": [
                                                "mi.id",
                                                "mi.movie_id",
                                                "mi.info_type_id",
                                                "mi.info",
                                                "mi.note"
                                            ],
                                            "Workers": [
                                                {
                                                    "Worker Number": 0,
                                                    "Actual Startup Time": 0.033,
                                                    "Actual Total Time": 332.246,
                                                    "Actual Rows": 2105975,
                                                    "Actual Loops": 1
                                                },
                                                {
                                                    "Worker Number": 1,
                                                    "Actual Startup Time": 0.033,
                                                    "Actual Total Time": 333.36,
                                                    "Actual Rows": 2130108,
                                                    "Actual Loops": 1
                                                },
                                                {
                                                    "Worker Number": 2,
                                                    "Actual Startup Time": 0.032,
                                                    "Actual Total Time": 333.629,
                                                    "Actual Rows": 2153300,
                                                    "Actual Loops": 1
                                                },
                                                {
                                                    "Worker Number": 3,
                                                    "Actual Startup Time": 0.037,
                                                    "Actual Total Time": 331.994,
                                                    "Actual Rows": 2140692,
                                                    "Actual Loops": 1
                                                },
                                                {
                                                    "Worker Number": 4,
                                                    "Actual Startup Time": 0.026,
                                                    "Actual Total Time": 317.025,
                                                    "Actual Rows": 3175909,
                                                    "Actual Loops": 1
                                                }
                                            ]
                                        },
                                        {
                                            "Node Type": "Hash",
                                            "Parent Relationship": "Inner",
                                            "Parallel Aware": true,
                                            "Startup Cost": 393178.99,
                                            "Total Cost": 393178.99,
                                            "Plan Rows": 206465,
                                            "Plan Width": 8,
                                            "Actual Startup Time": 807.68,
                                            "Actual Total Time": 807.73,
                                            "Actual Rows": 79527,
                                            "Actual Loops": 6,
                                            "Output": [
                                                "t.id",
                                                "ci.movie_id"
                                            ],
                                            "Hash Buckets": 2097152,
                                            "Original Hash Buckets": 2097152,
                                            "Hash Batches": 1,
                                            "Original Hash Batches": 1,
                                            "Peak Memory Usage": 35104,
                                            "Workers": [
                                                {
                                                    "Worker Number": 0,
                                                    "Actual Startup Time": 808.66,
                                                    "Actual Total Time": 808.663,
                                                    "Actual Rows": 73514,
                                                    "Actual Loops": 1
                                                },
                                                {
                                                    "Worker Number": 1,
                                                    "Actual Startup Time": 808.874,
                                                    "Actual Total Time": 808.879,
                                                    "Actual Rows": 75013,
                                                    "Actual Loops": 1
                                                },
                                                {
                                                    "Worker Number": 2,
                                                    "Actual Startup Time": 808.978,
                                                    "Actual Total Time": 808.981,
                                                    "Actual Rows": 73974,
                                                    "Actual Loops": 1
                                                },
                                                {
                                                    "Worker Number": 3,
                                                    "Actual Startup Time": 809.103,
                                                    "Actual Total Time": 809.107,
                                                    "Actual Rows": 72479,
                                                    "Actual Loops": 1
                                                },
                                                {
                                                    "Worker Number": 4,
                                                    "Actual Startup Time": 810.095,
                                                    "Actual Total Time": 810.098,
                                                    "Actual Rows": 107152,
                                                    "Actual Loops": 1
                                                }
                                            ],
                                            "Plans": [
                                                {
                                                    "Node Type": "Hash Join",
                                                    "Parent Relationship": "Outer",
                                                    "Parallel Aware": true,
                                                    "Join Type": "Inner",
                                                    "Startup Cost": 46624.55,
                                                    "Total Cost": 393178.99,
                                                    "Plan Rows": 206465,
                                                    "Plan Width": 8,
                                                    "Actual Startup Time": 459.745,
                                                    "Actual Total Time": 764.79,
                                                    "Actual Rows": 79527,
                                                    "Actual Loops": 6,
                                                    "Output": [
                                                        "t.id",
                                                        "ci.movie_id"
                                                    ],
                                                    "Inner Unique": true,
                                                    "Hash Cond": "(ci.movie_id = t.id)",
                                                    "Workers": [
                                                        {
                                                            "Worker Number": 0,
                                                            "Actual Startup Time": 459.641,
                                                            "Actual Total Time": 762.875,
                                                            "Actual Rows": 73514,
                                                            "Actual Loops": 1
                                                        },
                                                        {
                                                            "Worker Number": 1,
                                                            "Actual Startup Time": 460.183,
                                                            "Actual Total Time": 763.982,
                                                            "Actual Rows": 75013,
                                                            "Actual Loops": 1
                                                        },
                                                        {
                                                            "Worker Number": 2,
                                                            "Actual Startup Time": 459.61,
                                                            "Actual Total Time": 766.602,
                                                            "Actual Rows": 73974,
                                                            "Actual Loops": 1
                                                        },
                                                        {
                                                            "Worker Number": 3,
                                                            "Actual Startup Time": 459.573,
                                                            "Actual Total Time": 766.441,
                                                            "Actual Rows": 72479,
                                                            "Actual Loops": 1
                                                        },
                                                        {
                                                            "Worker Number": 4,
                                                            "Actual Startup Time": 459.502,
                                                            "Actual Total Time": 762.497,
                                                            "Actual Rows": 107152,
                                                            "Actual Loops": 1
                                                        }
                                                    ],
                                                    "Plans": [
                                                        {
                                                            "Node Type": "Index Scan",
                                                            "Parent Relationship": "Outer",
                                                            "Parallel Aware": true,
                                                            "Scan Direction": "Forward",
                                                            "Index Name": "role_id_cast_info",
                                                            "Relation Name": "cast_info",
                                                            "Schema": "public",
                                                            "Alias": "ci",
                                                            "Startup Cost": 0.56,
                                                            "Total Cost": 342814.42,
                                                            "Plan Rows": 1424979,
                                                            "Plan Width": 4,
                                                            "Actual Startup Time": 328.516,
                                                            "Actual Total Time": 497.042,
                                                            "Actual Rows": 666197,
                                                            "Actual Loops": 6,
                                                            "Output": [
                                                                "ci.id",
                                                                "ci.person_id",
                                                                "ci.movie_id",
                                                                "ci.person_role_id",
                                                                "ci.note",
                                                                "ci.nr_order",
                                                                "ci.role_id"
                                                            ],
                                                            "Index Cond": "(ci.role_id < 2)",
                                                            "Rows Removed by Index Recheck": 0,
                                                            "Filter": "(ci.person_id > 1183108)",
                                                            "Rows Removed by Filter": 1445584,
                                                            "Workers": [
                                                                {
                                                                    "Worker Number": 0,
                                                                    "Actual Startup Time": 328.539,
                                                                    "Actual Total Time": 498.319,
                                                                    "Actual Rows": 600601,
                                                                    "Actual Loops": 1
                                                                },
                                                                {
                                                                    "Worker Number": 1,
                                                                    "Actual Startup Time": 328.493,
                                                                    "Actual Total Time": 499.099,
                                                                    "Actual Rows": 614640,
                                                                    "Actual Loops": 1
                                                                },
                                                                {
                                                                    "Worker Number": 2,
                                                                    "Actual Startup Time": 328.591,
                                                                    "Actual Total Time": 501.692,
                                                                    "Actual Rows": 623973,
                                                                    "Actual Loops": 1
                                                                },
                                                                {
                                                                    "Worker Number": 3,
                                                                    "Actual Startup Time": 328.562,
                                                                    "Actual Total Time": 502.229,
                                                                    "Actual Rows": 620977,
                                                                    "Actual Loops": 1
                                                                },
                                                                {
                                                                    "Worker Number": 4,
                                                                    "Actual Startup Time": 328.397,
                                                                    "Actual Total Time": 494.741,
                                                                    "Actual Rows": 902460,
                                                                    "Actual Loops": 1
                                                                }
                                                            ]
                                                        },
                                                        {
                                                            "Node Type": "Hash",
                                                            "Parent Relationship": "Inner",
                                                            "Parallel Aware": true,
                                                            "Startup Cost": 45479.21,
                                                            "Total Cost": 45479.21,
                                                            "Plan Rows": 91582,
                                                            "Plan Width": 4,
                                                            "Actual Startup Time": 130.146,
                                                            "Actual Total Time": 130.147,
                                                            "Actual Rows": 45669,
                                                            "Actual Loops": 6,
                                                            "Output": [
                                                                "t.id"
                                                            ],
                                                            "Hash Buckets": 524288,
                                                            "Original Hash Buckets": 524288,
                                                            "Hash Batches": 1,
                                                            "Original Hash Batches": 1,
                                                            "Peak Memory Usage": 14880,
                                                            "Workers": [
                                                                {
                                                                    "Worker Number": 0,
                                                                    "Actual Startup Time": 130.895,
                                                                    "Actual Total Time": 130.896,
                                                                    "Actual Rows": 41211,
                                                                    "Actual Loops": 1
                                                                },
                                                                {
                                                                    "Worker Number": 1,
                                                                    "Actual Startup Time": 130.899,
                                                                    "Actual Total Time": 130.9,
                                                                    "Actual Rows": 42282,
                                                                    "Actual Loops": 1
                                                                },
                                                                {
                                                                    "Worker Number": 2,
                                                                    "Actual Startup Time": 130.835,
                                                                    "Actual Total Time": 130.836,
                                                                    "Actual Rows": 43299,
                                                                    "Actual Loops": 1
                                                                },
                                                                {
                                                                    "Worker Number": 3,
                                                                    "Actual Startup Time": 130.92,
                                                                    "Actual Total Time": 130.922,
                                                                    "Actual Rows": 42719,
                                                                    "Actual Loops": 1
                                                                },
                                                                {
                                                                    "Worker Number": 4,
                                                                    "Actual Startup Time": 130.834,
                                                                    "Actual Total Time": 130.835,
                                                                    "Actual Rows": 60490,
                                                                    "Actual Loops": 1
                                                                }
                                                            ],
                                                            "Plans": [
                                                                {
                                                                    "Node Type": "Seq Scan",
                                                                    "Parent Relationship": "Outer",
                                                                    "Parallel Aware": true,
                                                                    "Relation Name": "title",
                                                                    "Schema": "public",
                                                                    "Alias": "t",
                                                                    "Startup Cost": 0.0,
                                                                    "Total Cost": 45479.21,
                                                                    "Plan Rows": 91582,
                                                                    "Plan Width": 4,
                                                                    "Actual Startup Time": 52.567,
                                                                    "Actual Total Time": 101.278,
                                                                    "Actual Rows": 45669,
                                                                    "Actual Loops": 6,
                                                                    "Output": [
                                                                        "t.id"
                                                                    ],
                                                                    "Filter": "((t.production_year > 2000) AND (t.kind_id = 1))",
                                                                    "Rows Removed by Filter": 375716,
                                                                    "Workers": [
                                                                        {
                                                                            "Worker Number": 0,
                                                                            "Actual Startup Time": 61.713,
                                                                            "Actual Total Time": 102.14,
                                                                            "Actual Rows": 41211,
                                                                            "Actual Loops": 1
                                                                        },
                                                                        {
                                                                            "Worker Number": 1,
                                                                            "Actual Startup Time": 61.962,
                                                                            "Actual Total Time": 102.368,
                                                                            "Actual Rows": 42282,
                                                                            "Actual Loops": 1
                                                                        },
                                                                        {
                                                                            "Worker Number": 2,
                                                                            "Actual Startup Time": 61.889,
                                                                            "Actual Total Time": 102.537,
                                                                            "Actual Rows": 43299,
                                                                            "Actual Loops": 1
                                                                        },
                                                                        {
                                                                            "Worker Number": 3,
                                                                            "Actual Startup Time": 62.213,
                                                                            "Actual Total Time": 102.841,
                                                                            "Actual Rows": 42719,
                                                                            "Actual Loops": 1
                                                                        },
                                                                        {
                                                                            "Worker Number": 4,
                                                                            "Actual Startup Time": 5.728,
                                                                            "Actual Total Time": 101.14,
                                                                            "Actual Rows": 60490,
                                                                            "Actual Loops": 1
                                                                        }
                                                                    ]
                                                                }
                                                            ]
                                                        }
                                                    ]
                                                }
                                            ]
                                        }
                                    ]
                                }
                            ]
                        }
                    ]
                }
            ]
        },
        "Planning Time": 288.681,
        "Triggers": [],
        "Execution Time": 2029.771
    }
]