[
  {
    "Plan": {
      "Node Type": "Aggregate",
      "Strategy": "Plain",
      "Partial Mode": "Finalize",
      "Parallel Aware": false,
      "Startup Cost": 276661.8,
      "Total Cost": 276661.81,
      "Plan Rows": 1,
      "Plan Width": 8,
      "Actual Startup Time": 885.577,
      "Actual Total Time": 945.56,
      "Actual Rows": 1,
      "Actual Loops": 1,
      "Plans": [
        {
          "Node Type": "Gather",
          "Parent Relationship": "Outer",
          "Parallel Aware": false,
          "Startup Cost": 276661.18,
          "Total Cost": 276661.79,
          "Plan Rows": 6,
          "Plan Width": 8,
          "Actual Startup Time": 884.898,
          "Actual Total Time": 945.548,
          "Actual Rows": 7,
          "Actual Loops": 1,
          "Workers Planned": 6,
          "Workers Launched": 6,
          "Single Copy": false,
          "Plans": [
            {
              "Node Type": "Aggregate",
              "Strategy": "Plain",
              "Partial Mode": "Partial",
              "Parent Relationship": "Outer",
              "Parallel Aware": false,
              "Startup Cost": 275661.18,
              "Total Cost": 275661.19,
              "Plan Rows": 1,
              "Plan Width": 8,
              "Actual Startup Time": 873.199,
              "Actual Total Time": 873.204,
              "Actual Rows": 1,
              "Actual Loops": 7,
              "Plans": [
                {
                  "Node Type": "Nested Loop",
                  "Parent Relationship": "Outer",
                  "Parallel Aware": false,
                  "Join Type": "Inner",
                  "Startup Cost": 44116.77,
                  "Total Cost": 275486.44,
                  "Plan Rows": 69894,
                  "Plan Width": 0,
                  "Actual Startup Time": 89.256,
                  "Actual Total Time": 858.857,
                  "Actual Rows": 214631,
                  "Actual Loops": 7,
                  "Inner Unique": false,
                  "Join Filter": "(t.id = mi.movie_id)",
                  "Rows Removed by Join Filter": 0,
                  "Plans": [
                    {
                      "Node Type": "Hash Join",
                      "Parent Relationship": "Outer",
                      "Parallel Aware": true,
                      "Join Type": "Inner",
                      "Startup Cost": 44116.34,
                      "Total Cost": 251717.96,
                      "Plan Rows": 11904,
                      "Plan Width": 8,
                      "Actual Startup Time": 89.113,
                      "Actual Total Time": 505.251,
                      "Actual Rows": 22546,
                      "Actual Loops": 7,
                      "Inner Unique": true,
                      "Hash Cond": "(ci.movie_id = t.id)",
                      "Plans": [
                        {
                          "Node Type": "Index Scan",
                          "Parent Relationship": "Outer",
                          "Parallel Aware": true,
                          "Scan Direction": "Forward",
                          "Index Name": "role_id_cast_info",
                          "Relation Name": "cast_info",
                          "Alias": "ci",
                          "Startup Cost": 0.56,
                          "Total Cost": 206461.54,
                          "Plan Rows": 434535,
                          "Plan Width": 4,
                          "Actual Startup Time": 0.27,
                          "Actual Total Time": 279.507,
                          "Actual Rows": 791118,
                          "Actual Loops": 7,
                          "Index Cond": "(role_id > 6)",
                          "Rows Removed by Index Recheck": 0,
                          "Filter": "(person_id > 2474269)",
                          "Rows Removed by Filter": 310688
                        },
                        {
                          "Node Type": "Hash",
                          "Parent Relationship": "Inner",
                          "Parallel Aware": true,
                          "Startup Cost": 43899.32,
                          "Total Cost": 43899.32,
                          "Plan Rows": 17316,
                          "Plan Width": 4,
                          "Actual Startup Time": 87.222,
                          "Actual Total Time": 87.224,
                          "Actual Rows": 9620,
                          "Actual Loops": 7,
                          "Hash Buckets": 131072,
                          "Original Hash Buckets": 131072,
                          "Hash Batches": 1,
                          "Original Hash Batches": 1,
                          "Peak Memory Usage": 3744,
                          "Plans": [
                            {
                              "Node Type": "Seq Scan",
                              "Parent Relationship": "Outer",
                              "Parallel Aware": true,
                              "Relation Name": "title",
                              "Alias": "t",
                              "Startup Cost": 0.0,
                              "Total Cost": 43899.32,
                              "Plan Rows": 17316,
                              "Plan Width": 4,
                              "Actual Startup Time": 0.081,
                              "Actual Total Time": 80.938,
                              "Actual Rows": 9620,
                              "Actual Loops": 7,
                              "Filter": "(production_year > 2012)",
                              "Rows Removed by Filter": 351567
                            }
                          ]
                        }
                      ]
                    },
                    {
                      "Node Type": "Index Only Scan",
                      "Parent Relationship": "Inner",
                      "Parallel Aware": false,
                      "Scan Direction": "Forward",
                      "Index Name": "movie_id_movie_info",
                      "Relation Name": "movie_info",
                      "Alias": "mi",
                      "Startup Cost": 0.43,
                      "Total Cost": 1.48,
                      "Plan Rows": 41,
                      "Plan Width": 4,
                      "Actual Startup Time": 0.006,
                      "Actual Total Time": 0.014,
                      "Actual Rows": 10,
                      "Actual Loops": 157819,
                      "Index Cond": "(movie_id = ci.movie_id)",
                      "Rows Removed by Index Recheck": 0,
                      "Heap Fetches": 1502419
                    }
                  ]
                }
              ]
            }
          ]
        }
      ]
    },
    "Planning Time": 1.169,
    "Triggers": [],
    "Execution Time": 945.669
  }
]