[
  {
    "Plan": {
      "Node Type": "Aggregate",
      "Strategy": "Plain",
      "Partial Mode": "Finalize",
      "Parallel Aware": false,
      "Startup Cost": 347088.18,
      "Total Cost": 347088.19,
      "Plan Rows": 1,
      "Plan Width": 8,
      "Actual Startup Time": 805.695,
      "Actual Total Time": 854.613,
      "Actual Rows": 1,
      "Actual Loops": 1,
      "Plans": [
        {
          "Node Type": "Gather",
          "Parent Relationship": "Outer",
          "Parallel Aware": false,
          "Startup Cost": 347087.55,
          "Total Cost": 347088.16,
          "Plan Rows": 6,
          "Plan Width": 8,
          "Actual Startup Time": 805.237,
          "Actual Total Time": 854.599,
          "Actual Rows": 7,
          "Actual Loops": 1,
          "Workers Planned": 6,
          "Workers Launched": 6,
          "Single Copy": false,
          "Plans": [
            {
              "Node Type": "Aggregate",
              "Strategy": "Plain",
              "Partial Mode": "Partial",
              "Parent Relationship": "Outer",
              "Parallel Aware": false,
              "Startup Cost": 346087.55,
              "Total Cost": 346087.56,
              "Plan Rows": 1,
              "Plan Width": 8,
              "Actual Startup Time": 798.098,
              "Actual Total Time": 798.1,
              "Actual Rows": 1,
              "Actual Loops": 7,
              "Plans": [
                {
                  "Node Type": "Seq Scan",
                  "Parent Relationship": "Outer",
                  "Parallel Aware": true,
                  "Relation Name": "cast_info",
                  "Alias": "ci",
                  "Startup Cost": 0.0,
                  "Total Cost": 343316.27,
                  "Plan Rows": 1108513,
                  "Plan Width": 0,
                  "Actual Startup Time": 370.614,
                  "Actual Total Time": 714.601,
                  "Actual Rows": 1531287,
                  "Actual Loops": 7,
                  "Filter": "((person_id > 2177694) AND (role_id > 2))",
                  "Rows Removed by Filter": 3646476
                }
              ]
            }
          ]
        }
      ]
    },
    "Planning Time": 0.102,
    "Triggers": [],
    "Execution Time": 854.654
  }
]