[
    {
        "Bao": {
            "Bao prediction": "NaN",
            "Bao recommended hint": "(no hint)"
        }
    },
    {
        "Plan": {
            "Node Type": "Aggregate",
            "Strategy": "Plain",
            "Partial Mode": "Finalize",
            "Parallel Aware": false,
            "Startup Cost": 33315.57,
            "Total Cost": 33315.58,
            "Plan Rows": 1,
            "Plan Width": 8,
            "Actual Startup Time": 97.928,
            "Actual Total Time": 103.074,
            "Actual Rows": 1,
            "Actual Loops": 1,
            "Output": [
                "count(*)"
            ],
            "Plans": [
                {
                    "Node Type": "Gather",
                    "Parent Relationship": "Outer",
                    "Parallel Aware": false,
                    "Startup Cost": 33315.25,
                    "Total Cost": 33315.56,
                    "Plan Rows": 3,
                    "Plan Width": 8,
                    "Actual Startup Time": 97.826,
                    "Actual Total Time": 103.067,
                    "Actual Rows": 4,
                    "Actual Loops": 1,
                    "Output": [
                        "(PARTIAL count(*))"
                    ],
                    "Workers Planned": 3,
                    "Workers Launched": 3,
                    "Single Copy": false,
                    "Plans": [
                        {
                            "Node Type": "Aggregate",
                            "Strategy": "Plain",
                            "Partial Mode": "Partial",
                            "Parent Relationship": "Outer",
                            "Parallel Aware": false,
                            "Startup Cost": 32315.25,
                            "Total Cost": 32315.26,
                            "Plan Rows": 1,
                            "Plan Width": 8,
                            "Actual Startup Time": 89.902,
                            "Actual Total Time": 89.903,
                            "Actual Rows": 1,
                            "Actual Loops": 4,
                            "Output": [
                                "PARTIAL count(*)"
                            ],
                            "Workers": [
                                {
                                    "Worker Number": 0,
                                    "Actual Startup Time": 86.982,
                                    "Actual Total Time": 86.983,
                                    "Actual Rows": 1,
                                    "Actual Loops": 1
                                },
                                {
                                    "Worker Number": 1,
                                    "Actual Startup Time": 87.399,
                                    "Actual Total Time": 87.4,
                                    "Actual Rows": 1,
                                    "Actual Loops": 1
                                },
                                {
                                    "Worker Number": 2,
                                    "Actual Startup Time": 87.668,
                                    "Actual Total Time": 87.67,
                                    "Actual Rows": 1,
                                    "Actual Loops": 1
                                }
                            ],
                            "Plans": [
                                {
                                    "Node Type": "Seq Scan",
                                    "Parent Relationship": "Outer",
                                    "Parallel Aware": true,
                                    "Relation Name": "movie_companies",
                                    "Schema": "public",
                                    "Alias": "mc",
                                    "Startup Cost": 0.0,
                                    "Total Cost": 31414.82,
                                    "Plan Rows": 360173,
                                    "Plan Width": 0,
                                    "Actual Startup Time": 43.531,
                                    "Actual Total Time": 79.863,
                                    "Actual Rows": 227202,
                                    "Actual Loops": 4,
                                    "Output": [
                                        "id",
                                        "movie_id",
                                        "company_id",
                                        "company_type_id",
                                        "note"
                                    ],
                                    "Filter": "((mc.company_id < 79655) AND (mc.company_type_id = 2))",
                                    "Rows Removed by Filter": 425080,
                                    "Workers": [
                                        {
                                            "Worker Number": 0,
                                            "Actual Startup Time": 40.616,
                                            "Actual Total Time": 77.22,
                                            "Actual Rows": 147998,
                                            "Actual Loops": 1
                                        },
                                        {
                                            "Worker Number": 1,
                                            "Actual Startup Time": 41.017,
                                            "Actual Total Time": 77.561,
                                            "Actual Rows": 241912,
                                            "Actual Loops": 1
                                        },
                                        {
                                            "Worker Number": 2,
                                            "Actual Startup Time": 41.302,
                                            "Actual Total Time": 78.037,
                                            "Actual Rows": 235413,
                                            "Actual Loops": 1
                                        }
                                    ]
                                }
                            ]
                        }
                    ]
                }
            ]
        },
        "Planning Time": 184.554,
        "Triggers": [],
        "Execution Time": 103.121
    }
]