[
  {
    "Plan": {
      "Node Type": "Aggregate",
      "Strategy": "Plain",
      "Partial Mode": "Finalize",
      "Parallel Aware": false,
      "Startup Cost": 364155.95,
      "Total Cost": 364155.96,
      "Plan Rows": 1,
      "Plan Width": 8,
      "Actual Startup Time": 267.0,
      "Actual Total Time": 280.645,
      "Actual Rows": 1,
      "Actual Loops": 1,
      "Plans": [
        {
          "Node Type": "Gather",
          "Parent Relationship": "Outer",
          "Parallel Aware": false,
          "Startup Cost": 364155.42,
          "Total Cost": 364155.93,
          "Plan Rows": 5,
          "Plan Width": 8,
          "Actual Startup Time": 260.586,
          "Actual Total Time": 280.638,
          "Actual Rows": 6,
          "Actual Loops": 1,
          "Workers Planned": 5,
          "Workers Launched": 5,
          "Single Copy": false,
          "Plans": [
            {
              "Node Type": "Aggregate",
              "Strategy": "Plain",
              "Partial Mode": "Partial",
              "Parent Relationship": "Outer",
              "Parallel Aware": false,
              "Startup Cost": 363155.42,
              "Total Cost": 363155.43,
              "Plan Rows": 1,
              "Plan Width": 8,
              "Actual Startup Time": 250.993,
              "Actual Total Time": 250.997,
              "Actual Rows": 1,
              "Actual Loops": 6,
              "Plans": [
                {
                  "Node Type": "Nested Loop",
                  "Parent Relationship": "Outer",
                  "Parallel Aware": false,
                  "Join Type": "Inner",
                  "Startup Cost": 58024.35,
                  "Total Cost": 363055.04,
                  "Plan Rows": 40155,
                  "Plan Width": 0,
                  "Actual Startup Time": 216.636,
                  "Actual Total Time": 250.472,
                  "Actual Rows": 10568,
                  "Actual Loops": 6,
                  "Inner Unique": false,
                  "Plans": [
                    {
                      "Node Type": "Hash Join",
                      "Parent Relationship": "Outer",
                      "Parallel Aware": true,
                      "Join Type": "Inner",
                      "Startup Cost": 58023.92,
                      "Total Cost": 320979.45,
                      "Plan Rows": 22443,
                      "Plan Width": 8,
                      "Actual Startup Time": 216.239,
                      "Actual Total Time": 232.152,
                      "Actual Rows": 7834,
                      "Actual Loops": 6,
                      "Inner Unique": true,
                      "Hash Cond": "(ci.movie_id = t.id)",
                      "Plans": [
                        {
                          "Node Type": "Bitmap Heap Scan",
                          "Parent Relationship": "Outer",
                          "Parallel Aware": true,
                          "Relation Name": "cast_info",
                          "Alias": "ci",
                          "Startup Cost": 9325.26,
                          "Total Cost": 272136.19,
                          "Plan Rows": 55086,
                          "Plan Width": 4,
                          "Actual Startup Time": 27.522,
                          "Actual Total Time": 33.818,
                          "Actual Rows": 18720,
                          "Actual Loops": 6,
                          "Recheck Cond": "(person_id < 50184)",
                          "Rows Removed by Index Recheck": 0,
                          "Filter": "(role_id > 1)",
                          "Rows Removed by Filter": 54855,
                          "Exact Heap Blocks": 1073,
                          "Lossy Heap Blocks": 0,
                          "Plans": [
                            {
                              "Node Type": "Bitmap Index Scan",
                              "Parent Relationship": "Outer",
                              "Parallel Aware": false,
                              "Index Name": "person_id_cast_info",
                              "Startup Cost": 0.0,
                              "Total Cost": 9256.4,
                              "Plan Rows": 423978,
                              "Plan Width": 0,
                              "Actual Startup Time": 15.996,
                              "Actual Total Time": 15.996,
                              "Actual Rows": 441449,
                              "Actual Loops": 1,
                              "Index Cond": "(person_id < 50184)"
                            }
                          ]
                        },
                        {
                          "Node Type": "Hash",
                          "Parent Relationship": "Inner",
                          "Parallel Aware": true,
                          "Startup Cost": 45479.59,
                          "Total Cost": 45479.59,
                          "Plan Rows": 257526,
                          "Plan Width": 4,
                          "Actual Startup Time": 186.01,
                          "Actual Total Time": 186.011,
                          "Actual Rows": 186330,
                          "Actual Loops": 6,
                          "Hash Buckets": 2097152,
                          "Original Hash Buckets": 1048576,
                          "Hash Batches": 1,
                          "Original Hash Batches": 1,
                          "Peak Memory Usage": 68416,
                          "Plans": [
                            {
                              "Node Type": "Seq Scan",
                              "Parent Relationship": "Outer",
                              "Parallel Aware": true,
                              "Relation Name": "title",
                              "Alias": "t",
                              "Startup Cost": 0.0,
                              "Total Cost": 45479.59,
                              "Plan Rows": 257526,
                              "Plan Width": 4,
                              "Actual Startup Time": 0.031,
                              "Actual Total Time": 81.681,
                              "Actual Rows": 186330,
                              "Actual Loops": 6,
                              "Filter": "((production_year > 1993) AND (kind_id = 7))",
                              "Rows Removed by Filter": 235055
                            }
                          ]
                        }
                      ]
                    },
                    {
                      "Node Type": "Index Only Scan",
                      "Parent Relationship": "Inner",
                      "Parallel Aware": false,
                      "Scan Direction": "Forward",
                      "Index Name": "movie_id_movie_keyword",
                      "Relation Name": "movie_keyword",
                      "Alias": "mk",
                      "Startup Cost": 0.43,
                      "Total Cost": 1.41,
                      "Plan Rows": 46,
                      "Plan Width": 4,
                      "Actual Startup Time": 0.002,
                      "Actual Total Time": 0.002,
                      "Actual Rows": 1,
                      "Actual Loops": 47003,
                      "Index Cond": "(movie_id = t.id)",
                      "Rows Removed by Index Recheck": 0,
                      "Heap Fetches": 63405
                    }
                  ]
                }
              ]
            }
          ]
        }
      ]
    },
    "Planning Time": 1.074,
    "Triggers": [],
    "Execution Time": 280.719
  }
]