[
  {
    "Plan": {
      "Node Type": "Aggregate",
      "Strategy": "Plain",
      "Partial Mode": "Finalize",
      "Parallel Aware": false,
      "Startup Cost": 130536.83,
      "Total Cost": 130536.84,
      "Plan Rows": 1,
      "Plan Width": 8,
      "Actual Startup Time": 865.162,
      "Actual Total Time": 887.496,
      "Actual Rows": 1,
      "Actual Loops": 1,
      "Plans": [
        {
          "Node Type": "Gather",
          "Parent Relationship": "Outer",
          "Parallel Aware": false,
          "Startup Cost": 130536.51,
          "Total Cost": 130536.82,
          "Plan Rows": 3,
          "Plan Width": 8,
          "Actual Startup Time": 859.091,
          "Actual Total Time": 887.486,
          "Actual Rows": 4,
          "Actual Loops": 1,
          "Workers Planned": 3,
          "Workers Launched": 3,
          "Single Copy": false,
          "Plans": [
            {
              "Node Type": "Aggregate",
              "Strategy": "Plain",
              "Partial Mode": "Partial",
              "Parent Relationship": "Outer",
              "Parallel Aware": false,
              "Startup Cost": 129536.51,
              "Total Cost": 129536.52,
              "Plan Rows": 1,
              "Plan Width": 8,
              "Actual Startup Time": 850.099,
              "Actual Total Time": 850.306,
              "Actual Rows": 1,
              "Actual Loops": 4,
              "Plans": [
                {
                  "Node Type": "Hash Join",
                  "Parent Relationship": "Outer",
                  "Parallel Aware": true,
                  "Join Type": "Inner",
                  "Startup Cost": 79994.68,
                  "Total Cost": 128659.09,
                  "Plan Rows": 350970,
                  "Plan Width": 0,
                  "Actual Startup Time": 453.091,
                  "Actual Total Time": 785.798,
                  "Actual Rows": 1501278,
                  "Actual Loops": 4,
                  "Inner Unique": false,
                  "Hash Cond": "(mk.movie_id = t.id)",
                  "Plans": [
                    {
                      "Node Type": "Seq Scan",
                      "Parent Relationship": "Outer",
                      "Parallel Aware": true,
                      "Relation Name": "movie_keyword",
                      "Alias": "mk",
                      "Startup Cost": 0.0,
                      "Total Cost": 42695.65,
                      "Plan Rows": 1357688,
                      "Plan Width": 4,
                      "Actual Startup Time": 0.036,
                      "Actual Total Time": 122.527,
                      "Actual Rows": 1053448,
                      "Actual Loops": 4,
                      "Filter": "(keyword_id < 52673)",
                      "Rows Removed by Filter": 77534
                    },
                    {
                      "Node Type": "Hash",
                      "Parent Relationship": "Inner",
                      "Parallel Aware": true,
                      "Startup Cost": 77952.26,
                      "Total Cost": 77952.26,
                      "Plan Rows": 163394,
                      "Plan Width": 8,
                      "Actual Startup Time": 447.933,
                      "Actual Total Time": 448.139,
                      "Actual Rows": 162841,
                      "Actual Loops": 4,
                      "Hash Buckets": 1048576,
                      "Original Hash Buckets": 1048576,
                      "Hash Batches": 1,
                      "Original Hash Batches": 1,
                      "Peak Memory Usage": 33696,
                      "Plans": [
                        {
                          "Node Type": "Hash Join",
                          "Parent Relationship": "Outer",
                          "Parallel Aware": true,
                          "Join Type": "Inner",
                          "Startup Cost": 31946.08,
                          "Total Cost": 77952.26,
                          "Plan Rows": 163394,
                          "Plan Width": 8,
                          "Actual Startup Time": 140.401,
                          "Actual Total Time": 393.174,
                          "Actual Rows": 162841,
                          "Actual Loops": 4,
                          "Inner Unique": false,
                          "Hash Cond": "(t.id = mc.movie_id)",
                          "Plans": [
                            {
                              "Node Type": "Seq Scan",
                              "Parent Relationship": "Outer",
                              "Parallel Aware": true,
                              "Relation Name": "title",
                              "Alias": "t",
                              "Startup Cost": 0.0,
                              "Total Cost": 42318.73,
                              "Plan Rows": 632073,
                              "Plan Width": 4,
                              "Actual Startup Time": 0.01,
                              "Actual Total Time": 80.268,
                              "Actual Rows": 632078,
                              "Actual Loops": 4
                            },
                            {
                              "Node Type": "Hash",
                              "Parent Relationship": "Inner",
                              "Parallel Aware": true,
                              "Startup Cost": 29310.68,
                              "Total Cost": 29310.68,
                              "Plan Rows": 210832,
                              "Plan Width": 4,
                              "Actual Startup Time": 137.89,
                              "Actual Total Time": 137.891,
                              "Actual Rows": 162841,
                              "Actual Loops": 4,
                              "Hash Buckets": 1048576,
                              "Original Hash Buckets": 1048576,
                              "Hash Batches": 1,
                              "Original Hash Batches": 1,
                              "Peak Memory Usage": 33728,
                              "Plans": [
                                {
                                  "Node Type": "Seq Scan",
                                  "Parent Relationship": "Outer",
                                  "Parallel Aware": true,
                                  "Relation Name": "movie_companies",
                                  "Alias": "mc",
                                  "Startup Cost": 0.0,
                                  "Total Cost": 29310.68,
                                  "Plan Rows": 210832,
                                  "Plan Width": 4,
                                  "Actual Startup Time": 0.054,
                                  "Actual Total Time": 75.777,
                                  "Actual Rows": 162841,
                                  "Actual Loops": 4,
                                  "Filter": "(company_id < 892)",
                                  "Rows Removed by Filter": 489442
                                }
                              ]
                            }
                          ]
                        }
                      ]
                    }
                  ]
                }
              ]
            }
          ]
        }
      ]
    },
    "Planning Time": 1.473,
    "Triggers": [],
    "Execution Time": 887.581
  }
]