[
  {
    "Plan": {
      "Node Type": "Aggregate",
      "Strategy": "Plain",
      "Partial Mode": "Finalize",
      "Parallel Aware": false,
      "Startup Cost": 365673.43,
      "Total Cost": 365673.44,
      "Plan Rows": 1,
      "Plan Width": 8,
      "Actual Startup Time": 656.874,
      "Actual Total Time": 679.066,
      "Actual Rows": 1,
      "Actual Loops": 1,
      "Plans": [
        {
          "Node Type": "Gather",
          "Parent Relationship": "Outer",
          "Parallel Aware": false,
          "Startup Cost": 365672.81,
          "Total Cost": 365673.42,
          "Plan Rows": 6,
          "Plan Width": 8,
          "Actual Startup Time": 635.423,
          "Actual Total Time": 679.053,
          "Actual Rows": 7,
          "Actual Loops": 1,
          "Workers Planned": 6,
          "Workers Launched": 6,
          "Single Copy": false,
          "Plans": [
            {
              "Node Type": "Aggregate",
              "Strategy": "Plain",
              "Partial Mode": "Partial",
              "Parent Relationship": "Outer",
              "Parallel Aware": false,
              "Startup Cost": 364672.81,
              "Total Cost": 364672.82,
              "Plan Rows": 1,
              "Plan Width": 8,
              "Actual Startup Time": 619.825,
              "Actual Total Time": 619.829,
              "Actual Rows": 1,
              "Actual Loops": 7,
              "Plans": [
                {
                  "Node Type": "Hash Join",
                  "Parent Relationship": "Outer",
                  "Parallel Aware": true,
                  "Join Type": "Inner",
                  "Startup Cost": 104732.73,
                  "Total Cost": 363644.0,
                  "Plan Rows": 411522,
                  "Plan Width": 0,
                  "Actual Startup Time": 348.078,
                  "Actual Total Time": 602.335,
                  "Actual Rows": 365130,
                  "Actual Loops": 7,
                  "Inner Unique": true,
                  "Hash Cond": "(ci.movie_id = t.id)",
                  "Plans": [
                    {
                      "Node Type": "Bitmap Heap Scan",
                      "Parent Relationship": "Outer",
                      "Parallel Aware": true,
                      "Relation Name": "cast_info",
                      "Alias": "ci",
                      "Startup Cost": 54512.35,
                      "Total Cost": 312343.37,
                      "Plan Rows": 411522,
                      "Plan Width": 4,
                      "Actual Startup Time": 93.497,
                      "Actual Total Time": 163.897,
                      "Actual Rows": 365130,
                      "Actual Loops": 7,
                      "Recheck Cond": "(person_id < 246854)",
                      "Rows Removed by Index Recheck": 0,
                      "Exact Heap Blocks": 4648,
                      "Lossy Heap Blocks": 0,
                      "Plans": [
                        {
                          "Node Type": "Bitmap Index Scan",
                          "Parent Relationship": "Outer",
                          "Parallel Aware": false,
                          "Index Name": "person_id_cast_info",
                          "Startup Cost": 0.0,
                          "Total Cost": 53895.06,
                          "Plan Rows": 2469133,
                          "Plan Width": 0,
                          "Actual Startup Time": 89.36,
                          "Actual Total Time": 89.361,
                          "Actual Rows": 2555912,
                          "Actual Loops": 1,
                          "Index Cond": "(person_id < 246854)"
                        }
                      ]
                    },
                    {
                      "Node Type": "Hash",
                      "Parent Relationship": "Inner",
                      "Parallel Aware": true,
                      "Startup Cost": 42319.06,
                      "Total Cost": 42319.06,
                      "Plan Rows": 632106,
                      "Plan Width": 4,
                      "Actual Startup Time": 249.36,
                      "Actual Total Time": 249.361,
                      "Actual Rows": 361187,
                      "Actual Loops": 7,
                      "Hash Buckets": 4194304,
                      "Original Hash Buckets": 4194304,
                      "Hash Batches": 1,
                      "Original Hash Batches": 1,
                      "Peak Memory Usage": 131776,
                      "Plans": [
                        {
                          "Node Type": "Seq Scan",
                          "Parent Relationship": "Outer",
                          "Parallel Aware": true,
                          "Relation Name": "title",
                          "Alias": "t",
                          "Startup Cost": 0.0,
                          "Total Cost": 42319.06,
                          "Plan Rows": 632106,
                          "Plan Width": 4,
                          "Actual Startup Time": 0.055,
                          "Actual Total Time": 74.497,
                          "Actual Rows": 361187,
                          "Actual Loops": 7
                        }
                      ]
                    }
                  ]
                }
              ]
            }
          ]
        }
      ]
    },
    "Planning Time": 0.411,
    "Triggers": [],
    "Execution Time": 679.134
  }
]