[
  {
    "Plan": {
      "Node Type": "Aggregate",
      "Strategy": "Plain",
      "Partial Mode": "Finalize",
      "Parallel Aware": false,
      "Startup Cost": 43062.44,
      "Total Cost": 43062.45,
      "Plan Rows": 1,
      "Plan Width": 8,
      "Actual Startup Time": 147.629,
      "Actual Total Time": 156.033,
      "Actual Rows": 1,
      "Actual Loops": 1,
      "Plans": [
        {
          "Node Type": "Gather",
          "Parent Relationship": "Outer",
          "Parallel Aware": false,
          "Startup Cost": 43062.12,
          "Total Cost": 43062.43,
          "Plan Rows": 3,
          "Plan Width": 8,
          "Actual Startup Time": 147.37,
          "Actual Total Time": 156.025,
          "Actual Rows": 4,
          "Actual Loops": 1,
          "Workers Planned": 3,
          "Workers Launched": 3,
          "Single Copy": false,
          "Plans": [
            {
              "Node Type": "Aggregate",
              "Strategy": "Plain",
              "Partial Mode": "Partial",
              "Parent Relationship": "Outer",
              "Parallel Aware": false,
              "Startup Cost": 42062.12,
              "Total Cost": 42062.13,
              "Plan Rows": 1,
              "Plan Width": 8,
              "Actual Startup Time": 138.48,
              "Actual Total Time": 138.482,
              "Actual Rows": 1,
              "Actual Loops": 4,
              "Plans": [
                {
                  "Node Type": "Bitmap Heap Scan",
                  "Parent Relationship": "Outer",
                  "Parallel Aware": true,
                  "Relation Name": "movie_keyword",
                  "Alias": "mk",
                  "Startup Cost": 14338.03,
                  "Total Cost": 41517.11,
                  "Plan Rows": 218006,
                  "Plan Width": 0,
                  "Actual Startup Time": 51.11,
                  "Actual Total Time": 129.625,
                  "Actual Rows": 170413,
                  "Actual Loops": 4,
                  "Recheck Cond": "(keyword_id < 562)",
                  "Rows Removed by Index Recheck": 0,
                  "Exact Heap Blocks": 9947,
                  "Lossy Heap Blocks": 0,
                  "Plans": [
                    {
                      "Node Type": "Bitmap Index Scan",
                      "Parent Relationship": "Outer",
                      "Parallel Aware": false,
                      "Index Name": "keyword_id_movie_keyword",
                      "Startup Cost": 0.0,
                      "Total Cost": 14169.08,
                      "Plan Rows": 675819,
                      "Plan Width": 0,
                      "Actual Startup Time": 55.609,
                      "Actual Total Time": 55.609,
                      "Actual Rows": 681653,
                      "Actual Loops": 1,
                      "Index Cond": "(keyword_id < 562)"
                    }
                  ]
                }
              ]
            }
          ]
        }
      ]
    },
    "Planning Time": 0.152,
    "Triggers": [],
    "Execution Time": 156.097
  }
]