[
  {
    "Plan": {
      "Node Type": "Aggregate",
      "Strategy": "Plain",
      "Partial Mode": "Simple",
      "Parallel Aware": false,
      "Startup Cost": 80000196395.81,
      "Total Cost": 80000196395.82,
      "Plan Rows": 1,
      "Plan Width": 96,
      "Actual Startup Time": 191.701,
      "Actual Total Time": 191.707,
      "Actual Rows": 1,
      "Actual Loops": 1,
      "Plans": [
        {
          "Node Type": "Nested Loop",
          "Parent Relationship": "Outer",
          "Parallel Aware": false,
          "Join Type": "Inner",
          "Startup Cost": 80000000078.75,
          "Total Cost": 80000196395.81,
          "Plan Rows": 1,
          "Plan Width": 48,
          "Actual Startup Time": 94.486,
          "Actual Total Time": 191.695,
          "Actual Rows": 1,
          "Actual Loops": 1,
          "Inner Unique": true,
          "Join Filter": "(ml.movie_id = t.id)",
          "Rows Removed by Join Filter": 0,
          "Plans": [
            {
              "Node Type": "Nested Loop",
              "Parent Relationship": "Outer",
              "Parallel Aware": false,
              "Join Type": "Inner",
              "Startup Cost": 70000000078.31,
              "Total Cost": 70000196391.33,
              "Plan Rows": 1,
              "Plan Width": 43,
              "Actual Startup Time": 94.449,
              "Actual Total Time": 191.657,
              "Actual Rows": 1,
              "Actual Loops": 1,
              "Inner Unique": true,
              "Plans": [
                {
                  "Node Type": "Nested Loop",
                  "Parent Relationship": "Outer",
                  "Parallel Aware": false,
                  "Join Type": "Inner",
                  "Startup Cost": 60000000077.88,
                  "Total Cost": 60000155692.1,
                  "Plan Rows": 9159,
                  "Plan Width": 47,
                  "Actual Startup Time": 4.259,
                  "Actual Total Time": 179.29,
                  "Actual Rows": 2435,
                  "Actual Loops": 1,
                  "Inner Unique": false,
                  "Join Filter": "(ml.movie_id = mk.movie_id)",
                  "Rows Removed by Join Filter": 0,
                  "Plans": [
                    {
                      "Node Type": "Nested Loop",
                      "Parent Relationship": "Outer",
                      "Parallel Aware": false,
                      "Join Type": "Inner",
                      "Startup Cost": 50000000077.02,
                      "Total Cost": 50000154490.97,
                      "Plan Rows": 200,
                      "Plan Width": 39,
                      "Actual Startup Time": 4.201,
                      "Actual Total Time": 175.795,
                      "Actual Rows": 450,
                      "Actual Loops": 1,
                      "Inner Unique": true,
                      "Plans": [
                        {
                          "Node Type": "Nested Loop",
                          "Parent Relationship": "Outer",
                          "Parallel Aware": false,
                          "Join Type": "Inner",
                          "Startup Cost": 40000000076.88,
                          "Total Cost": 40000151162.62,
                          "Plan Rows": 801,
                          "Plan Width": 43,
                          "Actual Startup Time": 4.183,
                          "Actual Total Time": 173.965,
                          "Actual Rows": 458,
                          "Actual Loops": 1,
                          "Inner Unique": true,
                          "Plans": [
                            {
                              "Node Type": "Merge Join",
                              "Parent Relationship": "Outer",
                              "Parallel Aware": false,
                              "Join Type": "Inner",
                              "Startup Cost": 30000000076.45,
                              "Total Cost": 30000131415.64,
                              "Plan Rows": 4437,
                              "Plan Width": 28,
                              "Actual Startup Time": 0.796,
                              "Actual Total Time": 158.271,
                              "Actual Rows": 2077,
                              "Actual Loops": 1,
                              "Inner Unique": false,
                              "Merge Cond": "(ml.movie_id = mc.movie_id)",
                              "Plans": [
                                {
                                  "Node Type": "Nested Loop",
                                  "Parent Relationship": "Outer",
                                  "Parallel Aware": false,
                                  "Join Type": "Inner",
                                  "Startup Cost": 20000000000.43,
                                  "Total Cost": 20000125931.19,
                                  "Plan Rows": 1666,
                                  "Plan Width": 16,
                                  "Actual Startup Time": 0.631,
                                  "Actual Total Time": 121.867,
                                  "Actual Rows": 1158,
                                  "Actual Loops": 1,
                                  "Inner Unique": true,
                                  "Plans": [
                                    {
                                      "Node Type": "Index Scan",
                                      "Parent Relationship": "Outer",
                                      "Parallel Aware": false,
                                      "Scan Direction": "Forward",
                                      "Index Name": "movie_id_movie_link",
                                      "Relation Name": "movie_link",
                                      "Alias": "ml",
                                      "Startup Cost": 10000000000.29,
                                      "Total Cost": 10000001111.51,
                                      "Plan Rows": 29997,
                                      "Plan Width": 8,
                                      "Actual Startup Time": 0.011,
                                      "Actual Total Time": 7.954,
                                      "Actual Rows": 29997,
                                      "Actual Loops": 1
                                    },
                                    {
                                      "Node Type": "Bitmap Heap Scan",
                                      "Parent Relationship": "Inner",
                                      "Parallel Aware": false,
                                      "Relation Name": "link_type",
                                      "Alias": "lt",
                                      "Startup Cost": 0.15,
                                      "Total Cost": 4.16,
                                      "Plan Rows": 1,
                                      "Plan Width": 16,
                                      "Actual Startup Time": 0.002,
                                      "Actual Total Time": 0.002,
                                      "Actual Rows": 0,
                                      "Actual Loops": 29997,
                                      "Recheck Cond": "(id = ml.link_type_id)",
                                      "Rows Removed by Index Recheck": 0,
                                      "Filter": "((link)::text ~~ '%follows%'::text)",
                                      "Rows Removed by Filter": 1,
                                      "Exact Heap Blocks": 29997,
                                      "Lossy Heap Blocks": 0,
                                      "Plans": [
                                        {
                                          "Node Type": "Bitmap Index Scan",
                                          "Parent Relationship": "Outer",
                                          "Parallel Aware": false,
                                          "Index Name": "link_type_pkey",
                                          "Startup Cost": 0.0,
                                          "Total Cost": 0.15,
                                          "Plan Rows": 1,
                                          "Plan Width": 0,
                                          "Actual Startup Time": 0.001,
                                          "Actual Total Time": 0.001,
                                          "Actual Rows": 1,
                                          "Actual Loops": 29997,
                                          "Index Cond": "(id = ml.link_type_id)"
                                        }
                                      ]
                                    }
                                  ]
                                },
                                {
                                  "Node Type": "Index Scan",
                                  "Parent Relationship": "Inner",
                                  "Parallel Aware": false,
                                  "Scan Direction": "Forward",
                                  "Index Name": "movie_id_movie_companies",
                                  "Relation Name": "movie_companies",
                                  "Alias": "mc",
                                  "Startup Cost": 10000000000.43,
                                  "Total Cost": 10000140765.55,
                                  "Plan Rows": 1272820,
                                  "Plan Width": 12,
                                  "Actual Startup Time": 0.044,
                                  "Actual Total Time": 33.342,
                                  "Actual Rows": 50579,
                                  "Actual Loops": 1,
                                  "Filter": "(note IS NULL)",
                                  "Rows Removed by Filter": 52425
                                }
                              ]
                            },
                            {
                              "Node Type": "Bitmap Heap Scan",
                              "Parent Relationship": "Inner",
                              "Parallel Aware": false,
                              "Relation Name": "company_name",
                              "Alias": "cn",
                              "Startup Cost": 0.43,
                              "Total Cost": 4.45,
                              "Plan Rows": 1,
                              "Plan Width": 23,
                              "Actual Startup Time": 0.006,
                              "Actual Total Time": 0.006,
                              "Actual Rows": 0,
                              "Actual Loops": 2077,
                              "Recheck Cond": "(id = mc.company_id)",
                              "Rows Removed by Index Recheck": 0,
                              "Filter": "(((country_code)::text <> '[pl]'::text) AND ((name ~~ '%Film%'::text) OR (name ~~ '%Warner%'::text)))",
                              "Rows Removed by Filter": 1,
                              "Exact Heap Blocks": 2077,
                              "Lossy Heap Blocks": 0,
                              "Plans": [
                                {
                                  "Node Type": "Bitmap Index Scan",
                                  "Parent Relationship": "Outer",
                                  "Parallel Aware": false,
                                  "Index Name": "company_name_pkey",
                                  "Startup Cost": 0.0,
                                  "Total Cost": 0.43,
                                  "Plan Rows": 1,
                                  "Plan Width": 0,
                                  "Actual Startup Time": 0.002,
                                  "Actual Total Time": 0.002,
                                  "Actual Rows": 1,
                                  "Actual Loops": 2077,
                                  "Index Cond": "(id = mc.company_id)"
                                }
                              ]
                            }
                          ]
                        },
                        {
                          "Node Type": "Bitmap Heap Scan",
                          "Parent Relationship": "Inner",
                          "Parallel Aware": false,
                          "Relation Name": "company_type",
                          "Alias": "ct",
                          "Startup Cost": 0.14,
                          "Total Cost": 4.15,
                          "Plan Rows": 1,
                          "Plan Width": 4,
                          "Actual Startup Time": 0.002,
                          "Actual Total Time": 0.002,
                          "Actual Rows": 1,
                          "Actual Loops": 458,
                          "Recheck Cond": "(id = mc.company_type_id)",
                          "Rows Removed by Index Recheck": 0,
                          "Filter": "((kind)::text = 'production companies'::text)",
                          "Rows Removed by Filter": 0,
                          "Exact Heap Blocks": 458,
                          "Lossy Heap Blocks": 0,
                          "Plans": [
                            {
                              "Node Type": "Bitmap Index Scan",
                              "Parent Relationship": "Outer",
                              "Parallel Aware": false,
                              "Index Name": "company_type_pkey",
                              "Startup Cost": 0.0,
                              "Total Cost": 0.14,
                              "Plan Rows": 1,
                              "Plan Width": 0,
                              "Actual Startup Time": 0.001,
                              "Actual Total Time": 0.001,
                              "Actual Rows": 1,
                              "Actual Loops": 458,
                              "Index Cond": "(id = mc.company_type_id)"
                            }
                          ]
                        }
                      ]
                    },
                    {
                      "Node Type": "Bitmap Heap Scan",
                      "Parent Relationship": "Inner",
                      "Parallel Aware": false,
                      "Relation Name": "movie_keyword",
                      "Alias": "mk",
                      "Startup Cost": 0.86,
                      "Total Cost": 5.43,
                      "Plan Rows": 46,
                      "Plan Width": 8,
                      "Actual Startup Time": 0.005,
                      "Actual Total Time": 0.005,
                      "Actual Rows": 5,
                      "Actual Loops": 450,
                      "Recheck Cond": "(movie_id = mc.movie_id)",
                      "Rows Removed by Index Recheck": 0,
                      "Exact Heap Blocks": 369,
                      "Lossy Heap Blocks": 0,
                      "Plans": [
                        {
                          "Node Type": "Bitmap Index Scan",
                          "Parent Relationship": "Outer",
                          "Parallel Aware": false,
                          "Index Name": "movie_id_movie_keyword",
                          "Startup Cost": 0.0,
                          "Total Cost": 0.84,
                          "Plan Rows": 46,
                          "Plan Width": 0,
                          "Actual Startup Time": 0.003,
                          "Actual Total Time": 0.003,
                          "Actual Rows": 5,
                          "Actual Loops": 450,
                          "Index Cond": "(movie_id = mc.movie_id)"
                        }
                      ]
                    }
                  ]
                },
                {
                  "Node Type": "Bitmap Heap Scan",
                  "Parent Relationship": "Inner",
                  "Parallel Aware": false,
                  "Relation Name": "keyword",
                  "Alias": "k",
                  "Startup Cost": 0.43,
                  "Total Cost": 4.44,
                  "Plan Rows": 1,
                  "Plan Width": 4,
                  "Actual Startup Time": 0.003,
                  "Actual Total Time": 0.003,
                  "Actual Rows": 0,
                  "Actual Loops": 2435,
                  "Recheck Cond": "(id = mk.keyword_id)",
                  "Rows Removed by Index Recheck": 0,
                  "Filter": "(keyword = 'anime'::text)",
                  "Rows Removed by Filter": 1,
                  "Exact Heap Blocks": 2435,
                  "Lossy Heap Blocks": 0,
                  "Plans": [
                    {
                      "Node Type": "Bitmap Index Scan",
                      "Parent Relationship": "Outer",
                      "Parallel Aware": false,
                      "Index Name": "keyword_pkey",
                      "Startup Cost": 0.0,
                      "Total Cost": 0.43,
                      "Plan Rows": 1,
                      "Plan Width": 0,
                      "Actual Startup Time": 0.002,
                      "Actual Total Time": 0.002,
                      "Actual Rows": 1,
                      "Actual Loops": 2435,
                      "Index Cond": "(id = mk.keyword_id)"
                    }
                  ]
                }
              ]
            },
            {
              "Node Type": "Bitmap Heap Scan",
              "Parent Relationship": "Inner",
              "Parallel Aware": false,
              "Relation Name": "title",
              "Alias": "t",
              "Startup Cost": 0.45,
              "Total Cost": 4.46,
              "Plan Rows": 1,
              "Plan Width": 21,
              "Actual Startup Time": 0.033,
              "Actual Total Time": 0.034,
              "Actual Rows": 1,
              "Actual Loops": 1,
              "Recheck Cond": "(id = mk.movie_id)",
              "Rows Removed by Index Recheck": 0,
              "Filter": "(title ~~ '%the%'::text)",
              "Rows Removed by Filter": 0,
              "Exact Heap Blocks": 1,
              "Lossy Heap Blocks": 0,
              "Plans": [
                {
                  "Node Type": "Bitmap Index Scan",
                  "Parent Relationship": "Outer",
                  "Parallel Aware": false,
                  "Index Name": "title_pkey",
                  "Startup Cost": 0.0,
                  "Total Cost": 0.45,
                  "Plan Rows": 1,
                  "Plan Width": 0,
                  "Actual Startup Time": 0.023,
                  "Actual Total Time": 0.023,
                  "Actual Rows": 1,
                  "Actual Loops": 1,
                  "Index Cond": "(id = mk.movie_id)"
                }
              ]
            }
          ]
        }
      ]
    },
    "Planning Time": 15.585,
    "Triggers": [],
    "Execution Time": 192.241
  }
]