[
  {
    "Plan": {
      "Node Type": "Aggregate",
      "Strategy": "Plain",
      "Partial Mode": "Finalize",
      "Parallel Aware": false,
      "Startup Cost": 36108.84,
      "Total Cost": 36108.85,
      "Plan Rows": 1,
      "Plan Width": 8,
      "Actual Startup Time": 39.695,
      "Actual Total Time": 45.048,
      "Actual Rows": 1,
      "Actual Loops": 1,
      "Plans": [
        {
          "Node Type": "Gather",
          "Parent Relationship": "Outer",
          "Parallel Aware": false,
          "Startup Cost": 36108.63,
          "Total Cost": 36108.84,
          "Plan Rows": 2,
          "Plan Width": 8,
          "Actual Startup Time": 39.533,
          "Actual Total Time": 45.041,
          "Actual Rows": 3,
          "Actual Loops": 1,
          "Workers Planned": 2,
          "Workers Launched": 2,
          "Single Copy": false,
          "Plans": [
            {
              "Node Type": "Aggregate",
              "Strategy": "Plain",
              "Partial Mode": "Partial",
              "Parent Relationship": "Outer",
              "Parallel Aware": false,
              "Startup Cost": 35108.63,
              "Total Cost": 35108.64,
              "Plan Rows": 1,
              "Plan Width": 8,
              "Actual Startup Time": 31.041,
              "Actual Total Time": 31.043,
              "Actual Rows": 1,
              "Actual Loops": 3,
              "Plans": [
                {
                  "Node Type": "Nested Loop",
                  "Parent Relationship": "Outer",
                  "Parallel Aware": false,
                  "Join Type": "Inner",
                  "Startup Cost": 161.24,
                  "Total Cost": 35108.57,
                  "Plan Rows": 25,
                  "Plan Width": 0,
                  "Actual Startup Time": 24.309,
                  "Actual Total Time": 31.037,
                  "Actual Rows": 1,
                  "Actual Loops": 3,
                  "Inner Unique": false,
                  "Plans": [
                    {
                      "Node Type": "Nested Loop",
                      "Parent Relationship": "Outer",
                      "Parallel Aware": false,
                      "Join Type": "Inner",
                      "Startup Cost": 160.81,
                      "Total Cost": 34996.08,
                      "Plan Rows": 14,
                      "Plan Width": 8,
                      "Actual Startup Time": 17.138,
                      "Actual Total Time": 30.903,
                      "Actual Rows": 14,
                      "Actual Loops": 3,
                      "Inner Unique": true,
                      "Plans": [
                        {
                          "Node Type": "Bitmap Heap Scan",
                          "Parent Relationship": "Outer",
                          "Parallel Aware": true,
                          "Relation Name": "movie_companies",
                          "Alias": "mc",
                          "Startup Cost": 160.38,
                          "Total Cost": 14107.75,
                          "Plan Rows": 3008,
                          "Plan Width": 4,
                          "Actual Startup Time": 1.469,
                          "Actual Total Time": 4.082,
                          "Actual Rows": 2745,
                          "Actual Loops": 3,
                          "Recheck Cond": "(company_id = 424)",
                          "Rows Removed by Index Recheck": 0,
                          "Exact Heap Blocks": 793,
                          "Lossy Heap Blocks": 0,
                          "Plans": [
                            {
                              "Node Type": "Bitmap Index Scan",
                              "Parent Relationship": "Outer",
                              "Parallel Aware": false,
                              "Index Name": "company_id_movie_companies",
                              "Startup Cost": 0.0,
                              "Total Cost": 158.57,
                              "Plan Rows": 7219,
                              "Plan Width": 0,
                              "Actual Startup Time": 3.653,
                              "Actual Total Time": 3.653,
                              "Actual Rows": 8235,
                              "Actual Loops": 1,
                              "Index Cond": "(company_id = 424)"
                            }
                          ]
                        },
                        {
                          "Node Type": "Index Scan",
                          "Parent Relationship": "Inner",
                          "Parallel Aware": false,
                          "Scan Direction": "Forward",
                          "Index Name": "title_pkey",
                          "Relation Name": "title",
                          "Alias": "t",
                          "Startup Cost": 0.43,
                          "Total Cost": 6.94,
                          "Plan Rows": 1,
                          "Plan Width": 4,
                          "Actual Startup Time": 0.009,
                          "Actual Total Time": 0.009,
                          "Actual Rows": 0,
                          "Actual Loops": 8235,
                          "Index Cond": "(id = mc.movie_id)",
                          "Rows Removed by Index Recheck": 0,
                          "Filter": "((kind_id = 7) AND (production_year = 1985))",
                          "Rows Removed by Filter": 1
                        }
                      ]
                    },
                    {
                      "Node Type": "Index Only Scan",
                      "Parent Relationship": "Inner",
                      "Parallel Aware": false,
                      "Scan Direction": "Forward",
                      "Index Name": "movie_id_movie_keyword",
                      "Relation Name": "movie_keyword",
                      "Alias": "mk",
                      "Startup Cost": 0.43,
                      "Total Cost": 7.58,
                      "Plan Rows": 45,
                      "Plan Width": 4,
                      "Actual Startup Time": 0.009,
                      "Actual Total Time": 0.009,
                      "Actual Rows": 0,
                      "Actual Loops": 42,
                      "Index Cond": "(movie_id = t.id)",
                      "Rows Removed by Index Recheck": 0,
                      "Heap Fetches": 3
                    }
                  ]
                }
              ]
            }
          ]
        }
      ]
    },
    "Planning Time": 1.468,
    "Triggers": [],
    "Execution Time": 45.146
  }
]