{
  "Plan": {
    "Node Type": "Aggregate",
    "Strategy": "Plain",
    "Partial Mode": "Finalize",
    "Parallel Aware": false,
    "Startup Cost": 259778.53,
    "Total Cost": 259778.54,
    "Plan Rows": 1,
    "Plan Width": 8,
    "Actual Startup Time": 2029.585,
    "Actual Total Time": 2049.815,
    "Actual Rows": 1,
    "Actual Loops": 1,
    "Plans": [
      {
        "Node Type": "Gather",
        "Parent Relationship": "Outer",
        "Parallel Aware": false,
        "Startup Cost": 259778.42,
        "Total Cost": 259778.53,
        "Plan Rows": 1,
        "Plan Width": 8,
        "Actual Startup Time": 2019.303,
        "Actual Total Time": 2049.806,
        "Actual Rows": 2,
        "Actual Loops": 1,
        "Workers Planned": 1,
        "Workers Launched": 1,
        "Single Copy": false,
        "Plans": [
          {
            "Node Type": "Aggregate",
            "Strategy": "Plain",
            "Partial Mode": "Partial",
            "Parent Relationship": "Outer",
            "Parallel Aware": false,
            "Startup Cost": 258778.42,
            "Total Cost": 258778.43,
            "Plan Rows": 1,
            "Plan Width": 8,
            "Actual Startup Time": 2013.23,
            "Actual Total Time": 2013.236,
            "Actual Rows": 1,
            "Actual Loops": 2,
            "Plans": [
              {
                "Node Type": "Merge Join",
                "Parent Relationship": "Outer",
                "Parallel Aware": false,
                "Join Type": "Inner",
                "Startup Cost": 204055.6,
                "Total Cost": 258354.62,
                "Plan Rows": 169518,
                "Plan Width": 0,
                "Actual Startup Time": 1421.083,
                "Actual Total Time": 1923.048,
                "Actual Rows": 2143384,
                "Actual Loops": 2,
                "Inner Unique": false,
                "Merge Cond": "(mi_idx.movie_id = t.id)",
                "Plans": [
                  {
                    "Node Type": "Index Only Scan",
                    "Parent Relationship": "Outer",
                    "Parallel Aware": true,
                    "Scan Direction": "Forward",
                    "Index Name": "movie_id_movie_info_idx",
                    "Relation Name": "movie_info_idx",
                    "Alias": "mi_idx",
                    "Startup Cost": 0.43,
                    "Total Cost": 47937.73,
                    "Plan Rows": 811785,
                    "Plan Width": 4,
                    "Actual Startup Time": 0.131,
                    "Actual Total Time": 127.983,
                    "Actual Rows": 690018,
                    "Actual Loops": 2,
                    "Heap Fetches": 1380035
                  },
                  {
                    "Node Type": "Sort",
                    "Parent Relationship": "Inner",
                    "Parallel Aware": false,
                    "Startup Cost": 204055.12,
                    "Total Cost": 205375.02,
                    "Plan Rows": 527961,
                    "Plan Width": 8,
                    "Actual Startup Time": 1420.912,
                    "Actual Total Time": 1530.049,
                    "Actual Rows": 3131750,
                    "Actual Loops": 2,
                    "Sort Key": [
                      "t.id"
                    ],
                    "Sort Method": "quicksort",
                    "Sort Space Used": 128814,
                    "Sort Space Type": "Memory",
                    "Workers": [
                      {
                        "Worker Number": 0,
                        "Sort Method": "quicksort",
                        "Sort Space Used": 128814,
                        "Sort Space Type": "Memory"
                      }
                    ],
                    "Plans": [
                      {
                        "Node Type": "Hash Join",
                        "Parent Relationship": "Outer",
                        "Parallel Aware": false,
                        "Join Type": "Inner",
                        "Startup Cost": 72303.6,
                        "Total Cost": 153872.24,
                        "Plan Rows": 527961,
                        "Plan Width": 8,
                        "Actual Startup Time": 293.064,
                        "Actual Total Time": 1113.471,
                        "Actual Rows": 1699455,
                        "Actual Loops": 2,
                        "Inner Unique": true,
                        "Hash Cond": "(mk.movie_id = t.id)",
                        "Plans": [
                          {
                            "Node Type": "Seq Scan",
                            "Parent Relationship": "Outer",
                            "Parallel Aware": false,
                            "Relation Name": "movie_keyword",
                            "Alias": "mk",
                            "Startup Cost": 0.0,
                            "Total Cost": 69693.3,
                            "Plan Rows": 4523930,
                            "Plan Width": 4,
                            "Actual Startup Time": 0.034,
                            "Actual Total Time": 303.925,
                            "Actual Rows": 4523930,
                            "Actual Loops": 2
                          },
                          {
                            "Node Type": "Hash",
                            "Parent Relationship": "Inner",
                            "Parallel Aware": false,
                            "Startup Cost": 68615.33,
                            "Total Cost": 68615.33,
                            "Plan Rows": 295062,
                            "Plan Width": 4,
                            "Actual Startup Time": 289.929,
                            "Actual Total Time": 289.931,
                            "Actual Rows": 411690,
                            "Actual Loops": 2,
                            "Hash Buckets": 524288,
                            "Original Hash Buckets": 524288,
                            "Hash Batches": 1,
                            "Original Hash Batches": 1,
                            "Peak Memory Usage": 18570,
                            "Plans": [
                              {
                                "Node Type": "Bitmap Heap Scan",
                                "Parent Relationship": "Outer",
                                "Parallel Aware": false,
                                "Relation Name": "title",
                                "Alias": "t",
                                "Startup Cost": 17745.91,
                                "Total Cost": 68615.33,
                                "Plan Rows": 295062,
                                "Plan Width": 4,
                                "Actual Startup Time": 55.33,
                                "Actual Total Time": 216.391,
                                "Actual Rows": 411690,
                                "Actual Loops": 2,
                                "Recheck Cond": "(kind_id < 7)",
                                "Rows Removed by Index Recheck": 0,
                                "Filter": "(production_year < 1993)",
                                "Rows Removed by Filter": 573358,
                                "Exact Heap Blocks": 35472,
                                "Lossy Heap Blocks": 0,
                                "Plans": [
                                  {
                                    "Node Type": "Bitmap Index Scan",
                                    "Parent Relationship": "Outer",
                                    "Parallel Aware": false,
                                    "Index Name": "kind_id_title",
                                    "Startup Cost": 0.0,
                                    "Total Cost": 17672.14,
                                    "Plan Rows": 991428,
                                    "Plan Width": 0,
                                    "Actual Startup Time": 50.492,
                                    "Actual Total Time": 50.493,
                                    "Actual Rows": 985048,
                                    "Actual Loops": 2,
                                    "Index Cond": "(kind_id < 7)"
                                  }
                                ]
                              }
                            ]
                          }
                        ]
                      }
                    ]
                  }
                ]
              }
            ]
          }
        ]
      }
    ]
  },
  "Planning Time": 0.888,
  "Triggers": [],
  "Execution Time": 2057.834
}