{
  "Plan": {
    "Node Type": "Aggregate",
    "Strategy": "Plain",
    "Partial Mode": "Finalize",
    "Parallel Aware": false,
    "Startup Cost": 112583.42,
    "Total Cost": 112583.43,
    "Plan Rows": 1,
    "Plan Width": 8,
    "Actual Startup Time": 374.698,
    "Actual Total Time": 393.335,
    "Actual Rows": 1,
    "Actual Loops": 1,
    "Plans": [
      {
        "Node Type": "Gather",
        "Parent Relationship": "Outer",
        "Parallel Aware": false,
        "Startup Cost": 112583.31,
        "Total Cost": 112583.42,
        "Plan Rows": 1,
        "Plan Width": 8,
        "Actual Startup Time": 374.274,
        "Actual Total Time": 393.326,
        "Actual Rows": 2,
        "Actual Loops": 1,
        "Workers Planned": 1,
        "Workers Launched": 1,
        "Single Copy": false,
        "Plans": [
          {
            "Node Type": "Aggregate",
            "Strategy": "Plain",
            "Partial Mode": "Partial",
            "Parent Relationship": "Outer",
            "Parallel Aware": false,
            "Startup Cost": 111583.31,
            "Total Cost": 111583.32,
            "Plan Rows": 1,
            "Plan Width": 8,
            "Actual Startup Time": 368.296,
            "Actual Total Time": 368.3,
            "Actual Rows": 1,
            "Actual Loops": 2,
            "Plans": [
              {
                "Node Type": "Hash Join",
                "Parent Relationship": "Outer",
                "Parallel Aware": true,
                "Join Type": "Inner",
                "Startup Cost": 77539.36,
                "Total Cost": 111574.02,
                "Plan Rows": 3716,
                "Plan Width": 0,
                "Actual Startup Time": 219.117,
                "Actual Total Time": 367.992,
                "Actual Rows": 4454,
                "Actual Loops": 2,
                "Inner Unique": true,
                "Hash Cond": "(mk.movie_id = t.id)",
                "Plans": [
                  {
                    "Node Type": "Bitmap Heap Scan",
                    "Parent Relationship": "Outer",
                    "Parallel Aware": true,
                    "Relation Name": "movie_keyword",
                    "Alias": "mk",
                    "Startup Cost": 22841.9,
                    "Total Cost": 55213.81,
                    "Plan Rows": 633432,
                    "Plan Width": 4,
                    "Actual Startup Time": 73.625,
                    "Actual Total Time": 173.433,
                    "Actual Rows": 544610,
                    "Actual Loops": 2,
                    "Recheck Cond": "(keyword_id < 1116)",
                    "Rows Removed by Index Recheck": 0,
                    "Exact Heap Blocks": 12120,
                    "Lossy Heap Blocks": 0,
                    "Plans": [
                      {
                        "Node Type": "Bitmap Index Scan",
                        "Parent Relationship": "Outer",
                        "Parallel Aware": false,
                        "Index Name": "keyword_id_movie_keyword",
                        "Startup Cost": 0.0,
                        "Total Cost": 22572.69,
                        "Plan Rows": 1076835,
                        "Plan Width": 0,
                        "Actual Startup Time": 69.906,
                        "Actual Total Time": 69.906,
                        "Actual Rows": 1089221,
                        "Actual Loops": 1,
                        "Index Cond": "(keyword_id < 1116)"
                      }
                    ]
                  },
                  {
                    "Node Type": "Hash",
                    "Parent Relationship": "Inner",
                    "Parallel Aware": true,
                    "Startup Cost": 54588.39,
                    "Total Cost": 54588.39,
                    "Plan Rows": 8725,
                    "Plan Width": 4,
                    "Actual Startup Time": 144.149,
                    "Actual Total Time": 144.15,
                    "Actual Rows": 7385,
                    "Actual Loops": 2,
                    "Hash Buckets": 16384,
                    "Original Hash Buckets": 16384,
                    "Hash Batches": 1,
                    "Original Hash Batches": 1,
                    "Peak Memory Usage": 736,
                    "Plans": [
                      {
                        "Node Type": "Seq Scan",
                        "Parent Relationship": "Outer",
                        "Parallel Aware": true,
                        "Relation Name": "title",
                        "Alias": "t",
                        "Startup Cost": 0.0,
                        "Total Cost": 54588.39,
                        "Plan Rows": 8725,
                        "Plan Width": 4,
                        "Actual Startup Time": 0.145,
                        "Actual Total Time": 141.29,
                        "Actual Rows": 7385,
                        "Actual Loops": 2,
                        "Filter": "(production_year = 1982)",
                        "Rows Removed by Filter": 1256771
                      }
                    ]
                  }
                ]
              }
            ]
          }
        ]
      }
    ]
  },
  "Planning Time": 0.45,
  "Triggers": [],
  "Execution Time": 393.429
}