[
  {
    "Plan": {
      "Node Type": "Aggregate",
      "Strategy": "Plain",
      "Partial Mode": "Finalize",
      "Parallel Aware": false,
      "Startup Cost": 59982.16,
      "Total Cost": 59982.17,
      "Plan Rows": 1,
      "Plan Width": 8,
      "Actual Startup Time": 106.343,
      "Actual Total Time": 119.215,
      "Actual Rows": 1,
      "Actual Loops": 1,
      "Plans": [
        {
          "Node Type": "Gather",
          "Parent Relationship": "Outer",
          "Parallel Aware": false,
          "Startup Cost": 59981.74,
          "Total Cost": 59982.15,
          "Plan Rows": 4,
          "Plan Width": 8,
          "Actual Startup Time": 106.21,
          "Actual Total Time": 119.207,
          "Actual Rows": 5,
          "Actual Loops": 1,
          "Workers Planned": 4,
          "Workers Launched": 4,
          "Single Copy": false,
          "Plans": [
            {
              "Node Type": "Aggregate",
              "Strategy": "Plain",
              "Partial Mode": "Partial",
              "Parent Relationship": "Outer",
              "Parallel Aware": false,
              "Startup Cost": 58981.74,
              "Total Cost": 58981.75,
              "Plan Rows": 1,
              "Plan Width": 8,
              "Actual Startup Time": 96.555,
              "Actual Total Time": 96.556,
              "Actual Rows": 1,
              "Actual Loops": 5,
              "Plans": [
                {
                  "Node Type": "Nested Loop",
                  "Parent Relationship": "Outer",
                  "Parallel Aware": false,
                  "Join Type": "Inner",
                  "Startup Cost": 0.43,
                  "Total Cost": 58977.27,
                  "Plan Rows": 1785,
                  "Plan Width": 0,
                  "Actual Startup Time": 62.168,
                  "Actual Total Time": 96.461,
                  "Actual Rows": 1229,
                  "Actual Loops": 5,
                  "Inner Unique": false,
                  "Plans": [
                    {
                      "Node Type": "Seq Scan",
                      "Parent Relationship": "Outer",
                      "Parallel Aware": true,
                      "Relation Name": "title",
                      "Alias": "t",
                      "Startup Cost": 0.0,
                      "Total Cost": 43898.92,
                      "Plan Rows": 3270,
                      "Plan Width": 4,
                      "Actual Startup Time": 57.784,
                      "Actual Total Time": 84.477,
                      "Actual Rows": 2998,
                      "Actual Loops": 5,
                      "Filter": "(production_year < 1905)",
                      "Rows Removed by Filter": 502665
                    },
                    {
                      "Node Type": "Index Only Scan",
                      "Parent Relationship": "Inner",
                      "Parallel Aware": false,
                      "Scan Direction": "Forward",
                      "Index Name": "movie_id_movie_info_idx",
                      "Relation Name": "movie_info_idx",
                      "Alias": "mi_idx",
                      "Startup Cost": 0.43,
                      "Total Cost": 4.58,
                      "Plan Rows": 3,
                      "Plan Width": 4,
                      "Actual Startup Time": 0.004,
                      "Actual Total Time": 0.004,
                      "Actual Rows": 0,
                      "Actual Loops": 14988,
                      "Index Cond": "(movie_id = t.id)",
                      "Rows Removed by Index Recheck": 0,
                      "Heap Fetches": 6147
                    }
                  ]
                }
              ]
            }
          ]
        }
      ]
    },
    "Planning Time": 0.534,
    "Triggers": [],
    "Execution Time": 119.361
  }
]