[
  {
    "Plan": {
      "Node Type": "Aggregate",
      "Strategy": "Plain",
      "Partial Mode": "Finalize",
      "Parallel Aware": false,
      "Startup Cost": 347257.03,
      "Total Cost": 347257.04,
      "Plan Rows": 1,
      "Plan Width": 8,
      "Actual Startup Time": 665.918,
      "Actual Total Time": 724.191,
      "Actual Rows": 1,
      "Actual Loops": 1,
      "Plans": [
        {
          "Node Type": "Gather",
          "Parent Relationship": "Outer",
          "Parallel Aware": false,
          "Startup Cost": 347256.41,
          "Total Cost": 347257.02,
          "Plan Rows": 6,
          "Plan Width": 8,
          "Actual Startup Time": 665.779,
          "Actual Total Time": 724.181,
          "Actual Rows": 7,
          "Actual Loops": 1,
          "Workers Planned": 6,
          "Workers Launched": 6,
          "Single Copy": false,
          "Plans": [
            {
              "Node Type": "Aggregate",
              "Strategy": "Plain",
              "Partial Mode": "Partial",
              "Parent Relationship": "Outer",
              "Parallel Aware": false,
              "Startup Cost": 346256.41,
              "Total Cost": 346256.42,
              "Plan Rows": 1,
              "Plan Width": 8,
              "Actual Startup Time": 655.602,
              "Actual Total Time": 655.603,
              "Actual Rows": 1,
              "Actual Loops": 7,
              "Plans": [
                {
                  "Node Type": "Seq Scan",
                  "Parent Relationship": "Outer",
                  "Parallel Aware": true,
                  "Relation Name": "cast_info",
                  "Alias": "ci",
                  "Startup Cost": 0.0,
                  "Total Cost": 343257.03,
                  "Plan Rows": 1199752,
                  "Plan Width": 0,
                  "Actual Startup Time": 348.723,
                  "Actual Total Time": 626.847,
                  "Actual Rows": 634503,
                  "Actual Loops": 7,
                  "Filter": "((person_id < 1571779) AND (role_id > 2))",
                  "Rows Removed by Filter": 4543260
                }
              ]
            }
          ]
        }
      ]
    },
    "Planning Time": 0.226,
    "Triggers": [],
    "Execution Time": 724.268
  }
]