[
  {
    "Plan": {
      "Node Type": "Aggregate",
      "Strategy": "Plain",
      "Partial Mode": "Finalize",
      "Parallel Aware": false,
      "Startup Cost": 526750.99,
      "Total Cost": 526751.0,
      "Plan Rows": 1,
      "Plan Width": 8,
      "Actual Startup Time": 744.727,
      "Actual Total Time": 802.61,
      "Actual Rows": 1,
      "Actual Loops": 1,
      "Plans": [
        {
          "Node Type": "Gather",
          "Parent Relationship": "Outer",
          "Parallel Aware": false,
          "Startup Cost": 526750.47,
          "Total Cost": 526750.98,
          "Plan Rows": 5,
          "Plan Width": 8,
          "Actual Startup Time": 738.911,
          "Actual Total Time": 802.596,
          "Actual Rows": 6,
          "Actual Loops": 1,
          "Workers Planned": 5,
          "Workers Launched": 5,
          "Single Copy": false,
          "Plans": [
            {
              "Node Type": "Aggregate",
              "Strategy": "Plain",
              "Partial Mode": "Partial",
              "Parent Relationship": "Outer",
              "Parallel Aware": false,
              "Startup Cost": 525750.47,
              "Total Cost": 525750.48,
              "Plan Rows": 1,
              "Plan Width": 8,
              "Actual Startup Time": 731.616,
              "Actual Total Time": 731.626,
              "Actual Rows": 1,
              "Actual Loops": 6,
              "Plans": [
                {
                  "Node Type": "Nested Loop",
                  "Parent Relationship": "Outer",
                  "Parallel Aware": false,
                  "Join Type": "Inner",
                  "Startup Cost": 73612.73,
                  "Total Cost": 522023.0,
                  "Plan Rows": 1490989,
                  "Plan Width": 0,
                  "Actual Startup Time": 244.066,
                  "Actual Total Time": 712.822,
                  "Actual Rows": 281864,
                  "Actual Loops": 6,
                  "Inner Unique": false,
                  "Join Filter": "(t.id = ci.movie_id)",
                  "Rows Removed by Join Filter": 0,
                  "Plans": [
                    {
                      "Node Type": "Hash Join",
                      "Parent Relationship": "Outer",
                      "Parallel Aware": true,
                      "Join Type": "Inner",
                      "Startup Cost": 73612.16,
                      "Total Cost": 239820.67,
                      "Plan Rows": 103991,
                      "Plan Width": 8,
                      "Actual Startup Time": 243.815,
                      "Actual Total Time": 327.738,
                      "Actual Rows": 6201,
                      "Actual Loops": 6,
                      "Inner Unique": true,
                      "Hash Cond": "(mi.movie_id = t.id)",
                      "Plans": [
                        {
                          "Node Type": "Bitmap Heap Scan",
                          "Parent Relationship": "Outer",
                          "Parallel Aware": true,
                          "Relation Name": "movie_info",
                          "Alias": "mi",
                          "Startup Cost": 25184.48,
                          "Total Cost": 190661.36,
                          "Plan Rows": 278711,
                          "Plan Width": 4,
                          "Actual Startup Time": 75.182,
                          "Actual Total Time": 106.924,
                          "Actual Rows": 233650,
                          "Actual Loops": 6,
                          "Recheck Cond": "(info_type_id = 7)",
                          "Rows Removed by Index Recheck": 0,
                          "Exact Heap Blocks": 1674,
                          "Lossy Heap Blocks": 0,
                          "Plans": [
                            {
                              "Node Type": "Bitmap Index Scan",
                              "Parent Relationship": "Outer",
                              "Parallel Aware": false,
                              "Index Name": "info_type_id_movie_info",
                              "Startup Cost": 0.0,
                              "Total Cost": 24836.09,
                              "Plan Rows": 1393554,
                              "Plan Width": 0,
                              "Actual Startup Time": 72.68,
                              "Actual Total Time": 72.681,
                              "Actual Rows": 1401902,
                              "Actual Loops": 1,
                              "Index Cond": "(info_type_id = 7)"
                            }
                          ]
                        },
                        {
                          "Node Type": "Hash",
                          "Parent Relationship": "Inner",
                          "Parallel Aware": true,
                          "Startup Cost": 45479.59,
                          "Total Cost": 45479.59,
                          "Plan Rows": 235848,
                          "Plan Width": 4,
                          "Actual Startup Time": 166.014,
                          "Actual Total Time": 166.015,
                          "Actual Rows": 170701,
                          "Actual Loops": 6,
                          "Hash Buckets": 1048576,
                          "Original Hash Buckets": 1048576,
                          "Hash Batches": 1,
                          "Original Hash Batches": 1,
                          "Peak Memory Usage": 48320,
                          "Plans": [
                            {
                              "Node Type": "Seq Scan",
                              "Parent Relationship": "Outer",
                              "Parallel Aware": true,
                              "Relation Name": "title",
                              "Alias": "t",
                              "Startup Cost": 0.0,
                              "Total Cost": 45479.59,
                              "Plan Rows": 235848,
                              "Plan Width": 4,
                              "Actual Startup Time": 0.025,
                              "Actual Total Time": 94.633,
                              "Actual Rows": 170701,
                              "Actual Loops": 6,
                              "Filter": "((production_year > 1997) AND (kind_id = 7))",
                              "Rows Removed by Filter": 250684
                            }
                          ]
                        }
                      ]
                    },
                    {
                      "Node Type": "Index Only Scan",
                      "Parent Relationship": "Inner",
                      "Parallel Aware": false,
                      "Scan Direction": "Forward",
                      "Index Name": "movie_id_cast_info",
                      "Relation Name": "cast_info",
                      "Alias": "ci",
                      "Startup Cost": 0.56,
                      "Total Cost": 2.28,
                      "Plan Rows": 35,
                      "Plan Width": 4,
                      "Actual Startup Time": 0.007,
                      "Actual Total Time": 0.056,
                      "Actual Rows": 45,
                      "Actual Loops": 37204,
                      "Index Cond": "(movie_id = mi.movie_id)",
                      "Rows Removed by Index Recheck": 0,
                      "Heap Fetches": 1691182
                    }
                  ]
                }
              ]
            }
          ]
        }
      ]
    },
    "Planning Time": 0.575,
    "Triggers": [],
    "Execution Time": 802.695
  }
]