{
  "Plan": {
    "Node Type": "Aggregate",
    "Strategy": "Plain",
    "Partial Mode": "Finalize",
    "Parallel Aware": false,
    "Startup Cost": 111673.96,
    "Total Cost": 111673.97,
    "Plan Rows": 1,
    "Plan Width": 8,
    "Actual Startup Time": 632.817,
    "Actual Total Time": 650.434,
    "Actual Rows": 1,
    "Actual Loops": 1,
    "Plans": [
      {
        "Node Type": "Gather",
        "Parent Relationship": "Outer",
        "Parallel Aware": false,
        "Startup Cost": 111673.85,
        "Total Cost": 111673.96,
        "Plan Rows": 1,
        "Plan Width": 8,
        "Actual Startup Time": 631.444,
        "Actual Total Time": 650.427,
        "Actual Rows": 2,
        "Actual Loops": 1,
        "Workers Planned": 1,
        "Workers Launched": 1,
        "Single Copy": false,
        "Plans": [
          {
            "Node Type": "Aggregate",
            "Strategy": "Plain",
            "Partial Mode": "Partial",
            "Parent Relationship": "Outer",
            "Parallel Aware": false,
            "Startup Cost": 110673.85,
            "Total Cost": 110673.86,
            "Plan Rows": 1,
            "Plan Width": 8,
            "Actual Startup Time": 625.483,
            "Actual Total Time": 625.487,
            "Actual Rows": 1,
            "Actual Loops": 2,
            "Plans": [
              {
                "Node Type": "Hash Join",
                "Parent Relationship": "Outer",
                "Parallel Aware": true,
                "Join Type": "Inner",
                "Startup Cost": 47017.45,
                "Total Cost": 109632.71,
                "Plan Rows": 416458,
                "Plan Width": 0,
                "Actual Startup Time": 207.35,
                "Actual Total Time": 613.875,
                "Actual Rows": 224318,
                "Actual Loops": 2,
                "Inner Unique": false,
                "Hash Cond": "(t.id = mc.movie_id)",
                "Plans": [
                  {
                    "Node Type": "Seq Scan",
                    "Parent Relationship": "Outer",
                    "Parallel Aware": true,
                    "Relation Name": "title",
                    "Alias": "t",
                    "Startup Cost": 0.0,
                    "Total Cost": 50870.31,
                    "Plan Rows": 1487231,
                    "Plan Width": 4,
                    "Actual Startup Time": 0.011,
                    "Actual Total Time": 134.874,
                    "Actual Rows": 1264156,
                    "Actual Loops": 2
                  },
                  {
                    "Node Type": "Hash",
                    "Parent Relationship": "Inner",
                    "Parallel Aware": true,
                    "Startup Cost": 41811.73,
                    "Total Cost": 41811.73,
                    "Plan Rows": 416458,
                    "Plan Width": 4,
                    "Actual Startup Time": 197.988,
                    "Actual Total Time": 197.989,
                    "Actual Rows": 224318,
                    "Actual Loops": 2,
                    "Hash Buckets": 1048576,
                    "Original Hash Buckets": 1048576,
                    "Hash Batches": 1,
                    "Original Hash Batches": 1,
                    "Peak Memory Usage": 25792,
                    "Plans": [
                      {
                        "Node Type": "Seq Scan",
                        "Parent Relationship": "Outer",
                        "Parallel Aware": true,
                        "Relation Name": "movie_companies",
                        "Alias": "mc",
                        "Startup Cost": 0.0,
                        "Total Cost": 41811.73,
                        "Plan Rows": 416458,
                        "Plan Width": 4,
                        "Actual Startup Time": 70.441,
                        "Actual Total Time": 139.001,
                        "Actual Rows": 224318,
                        "Actual Loops": 2,
                        "Filter": "((company_id < 12065) AND (company_type_id = 2))",
                        "Rows Removed by Filter": 1080246
                      }
                    ]
                  }
                ]
              }
            ]
          }
        ]
      }
    ]
  },
  "Planning Time": 0.757,
  "Triggers": [],
  "Execution Time": 650.502
}