[
  {
    "Plan": {
      "Node Type": "Aggregate",
      "Strategy": "Plain",
      "Partial Mode": "Finalize",
      "Parallel Aware": false,
      "Startup Cost": 31742.2,
      "Total Cost": 31742.21,
      "Plan Rows": 1,
      "Plan Width": 8,
      "Actual Startup Time": 118.268,
      "Actual Total Time": 126.417,
      "Actual Rows": 1,
      "Actual Loops": 1,
      "Plans": [
        {
          "Node Type": "Gather",
          "Parent Relationship": "Outer",
          "Parallel Aware": false,
          "Startup Cost": 31741.88,
          "Total Cost": 31742.19,
          "Plan Rows": 3,
          "Plan Width": 8,
          "Actual Startup Time": 118.179,
          "Actual Total Time": 126.411,
          "Actual Rows": 4,
          "Actual Loops": 1,
          "Workers Planned": 3,
          "Workers Launched": 3,
          "Single Copy": false,
          "Plans": [
            {
              "Node Type": "Aggregate",
              "Strategy": "Plain",
              "Partial Mode": "Partial",
              "Parent Relationship": "Outer",
              "Parallel Aware": false,
              "Startup Cost": 30741.88,
              "Total Cost": 30741.89,
              "Plan Rows": 1,
              "Plan Width": 8,
              "Actual Startup Time": 109.763,
              "Actual Total Time": 109.764,
              "Actual Rows": 1,
              "Actual Loops": 4,
              "Plans": [
                {
                  "Node Type": "Seq Scan",
                  "Parent Relationship": "Outer",
                  "Parallel Aware": true,
                  "Relation Name": "movie_companies",
                  "Alias": "mc",
                  "Startup Cost": 0.0,
                  "Total Cost": 29310.68,
                  "Plan Rows": 572479,
                  "Plan Width": 0,
                  "Actual Startup Time": 1.314,
                  "Actual Total Time": 88.58,
                  "Actual Rows": 444785,
                  "Actual Loops": 4,
                  "Filter": "(company_id > 2042)",
                  "Rows Removed by Filter": 207498
                }
              ]
            }
          ]
        }
      ]
    },
    "Planning Time": 0.163,
    "Triggers": [],
    "Execution Time": 126.468
  }
]