[
  {
    "Plan": {
      "Node Type": "Aggregate",
      "Strategy": "Plain",
      "Partial Mode": "Finalize",
      "Parallel Aware": false,
      "Startup Cost": 31393.5,
      "Total Cost": 31393.51,
      "Plan Rows": 1,
      "Plan Width": 8,
      "Actual Startup Time": 100.29,
      "Actual Total Time": 108.069,
      "Actual Rows": 1,
      "Actual Loops": 1,
      "Plans": [
        {
          "Node Type": "Gather",
          "Parent Relationship": "Outer",
          "Parallel Aware": false,
          "Startup Cost": 31393.19,
          "Total Cost": 31393.5,
          "Plan Rows": 3,
          "Plan Width": 8,
          "Actual Startup Time": 100.192,
          "Actual Total Time": 108.06,
          "Actual Rows": 4,
          "Actual Loops": 1,
          "Workers Planned": 3,
          "Workers Launched": 3,
          "Single Copy": false,
          "Plans": [
            {
              "Node Type": "Aggregate",
              "Strategy": "Plain",
              "Partial Mode": "Partial",
              "Parent Relationship": "Outer",
              "Parallel Aware": false,
              "Startup Cost": 30393.19,
              "Total Cost": 30393.2,
              "Plan Rows": 1,
              "Plan Width": 8,
              "Actual Startup Time": 93.146,
              "Actual Total Time": 93.147,
              "Actual Rows": 1,
              "Actual Loops": 4,
              "Plans": [
                {
                  "Node Type": "Seq Scan",
                  "Parent Relationship": "Outer",
                  "Parallel Aware": true,
                  "Relation Name": "movie_companies",
                  "Alias": "mc",
                  "Startup Cost": 0.0,
                  "Total Cost": 29310.68,
                  "Plan Rows": 433002,
                  "Plan Width": 0,
                  "Actual Startup Time": 19.758,
                  "Actual Total Time": 78.794,
                  "Actual Rows": 336822,
                  "Actual Loops": 4,
                  "Filter": "(company_id > 11188)",
                  "Rows Removed by Filter": 315460
                }
              ]
            }
          ]
        }
      ]
    },
    "Planning Time": 0.125,
    "Triggers": [],
    "Execution Time": 108.108
  }
]