[
    {
        "Bao": {
            "Bao prediction": "NaN",
            "Bao recommended hint": "(no hint)"
        }
    },
    {
        "Plan": {
            "Node Type": "Aggregate",
            "Strategy": "Plain",
            "Partial Mode": "Finalize",
            "Parallel Aware": false,
            "Startup Cost": 350194.07,
            "Total Cost": 350194.08,
            "Plan Rows": 1,
            "Plan Width": 8,
            "Actual Startup Time": 809.066,
            "Actual Total Time": 838.785,
            "Actual Rows": 1,
            "Actual Loops": 1,
            "Output": [
                "count(*)"
            ],
            "Plans": [
                {
                    "Node Type": "Gather",
                    "Parent Relationship": "Outer",
                    "Parallel Aware": false,
                    "Startup Cost": 350193.44,
                    "Total Cost": 350194.05,
                    "Plan Rows": 6,
                    "Plan Width": 8,
                    "Actual Startup Time": 808.965,
                    "Actual Total Time": 838.776,
                    "Actual Rows": 7,
                    "Actual Loops": 1,
                    "Output": [
                        "(PARTIAL count(*))"
                    ],
                    "Workers Planned": 6,
                    "Workers Launched": 6,
                    "Single Copy": false,
                    "Plans": [
                        {
                            "Node Type": "Aggregate",
                            "Strategy": "Plain",
                            "Partial Mode": "Partial",
                            "Parent Relationship": "Outer",
                            "Parallel Aware": false,
                            "Startup Cost": 349193.44,
                            "Total Cost": 349193.45,
                            "Plan Rows": 1,
                            "Plan Width": 8,
                            "Actual Startup Time": 799.067,
                            "Actual Total Time": 799.068,
                            "Actual Rows": 1,
                            "Actual Loops": 7,
                            "Output": [
                                "PARTIAL count(*)"
                            ],
                            "Workers": [
                                {
                                    "Worker Number": 0,
                                    "Actual Startup Time": 796.97,
                                    "Actual Total Time": 796.972,
                                    "Actual Rows": 1,
                                    "Actual Loops": 1
                                },
                                {
                                    "Worker Number": 1,
                                    "Actual Startup Time": 797.211,
                                    "Actual Total Time": 797.212,
                                    "Actual Rows": 1,
                                    "Actual Loops": 1
                                },
                                {
                                    "Worker Number": 2,
                                    "Actual Startup Time": 797.232,
                                    "Actual Total Time": 797.233,
                                    "Actual Rows": 1,
                                    "Actual Loops": 1
                                },
                                {
                                    "Worker Number": 3,
                                    "Actual Startup Time": 797.727,
                                    "Actual Total Time": 797.728,
                                    "Actual Rows": 1,
                                    "Actual Loops": 1
                                },
                                {
                                    "Worker Number": 4,
                                    "Actual Startup Time": 797.732,
                                    "Actual Total Time": 797.732,
                                    "Actual Rows": 1,
                                    "Actual Loops": 1
                                },
                                {
                                    "Worker Number": 5,
                                    "Actual Startup Time": 798.422,
                                    "Actual Total Time": 798.423,
                                    "Actual Rows": 1,
                                    "Actual Loops": 1
                                }
                            ],
                            "Plans": [
                                {
                                    "Node Type": "Seq Scan",
                                    "Parent Relationship": "Outer",
                                    "Parallel Aware": true,
                                    "Relation Name": "cast_info",
                                    "Schema": "public",
                                    "Alias": "ci",
                                    "Startup Cost": 0.0,
                                    "Total Cost": 343318.94,
                                    "Plan Rows": 2349800,
                                    "Plan Width": 0,
                                    "Actual Startup Time": 350.338,
                                    "Actual Total Time": 690.461,
                                    "Actual Rows": 2128953,
                                    "Actual Loops": 7,
                                    "Output": [
                                        "id",
                                        "person_id",
                                        "movie_id",
                                        "person_role_id",
                                        "note",
                                        "nr_order",
                                        "role_id"
                                    ],
                                    "Filter": "((ci.person_id > 422630) AND (ci.role_id > 2))",
                                    "Rows Removed by Filter": 3048810,
                                    "Workers": [
                                        {
                                            "Worker Number": 0,
                                            "Actual Startup Time": 348.259,
                                            "Actual Total Time": 690.546,
                                            "Actual Rows": 1612628,
                                            "Actual Loops": 1
                                        },
                                        {
                                            "Worker Number": 1,
                                            "Actual Startup Time": 348.474,
                                            "Actual Total Time": 691.166,
                                            "Actual Rows": 1716066,
                                            "Actual Loops": 1
                                        },
                                        {
                                            "Worker Number": 2,
                                            "Actual Startup Time": 348.484,
                                            "Actual Total Time": 689.497,
                                            "Actual Rows": 1628622,
                                            "Actual Loops": 1
                                        },
                                        {
                                            "Worker Number": 3,
                                            "Actual Startup Time": 349.009,
                                            "Actual Total Time": 691.343,
                                            "Actual Rows": 1611308,
                                            "Actual Loops": 1
                                        },
                                        {
                                            "Worker Number": 4,
                                            "Actual Startup Time": 349.003,
                                            "Actual Total Time": 692.208,
                                            "Actual Rows": 2594729,
                                            "Actual Loops": 1
                                        },
                                        {
                                            "Worker Number": 5,
                                            "Actual Startup Time": 349.694,
                                            "Actual Total Time": 691.612,
                                            "Actual Rows": 2601134,
                                            "Actual Loops": 1
                                        }
                                    ]
                                }
                            ]
                        }
                    ]
                }
            ]
        },
        "Planning Time": 177.797,
        "Triggers": [],
        "Execution Time": 838.872
    }
]