[
  {
    "Plan": {
      "Node Type": "Aggregate",
      "Strategy": "Plain",
      "Partial Mode": "Finalize",
      "Parallel Aware": false,
      "Startup Cost": 31983.35,
      "Total Cost": 31983.36,
      "Plan Rows": 1,
      "Plan Width": 8,
      "Actual Startup Time": 127.582,
      "Actual Total Time": 136.296,
      "Actual Rows": 1,
      "Actual Loops": 1,
      "Plans": [
        {
          "Node Type": "Gather",
          "Parent Relationship": "Outer",
          "Parallel Aware": false,
          "Startup Cost": 31983.03,
          "Total Cost": 31983.34,
          "Plan Rows": 3,
          "Plan Width": 8,
          "Actual Startup Time": 127.434,
          "Actual Total Time": 136.287,
          "Actual Rows": 4,
          "Actual Loops": 1,
          "Workers Planned": 3,
          "Workers Launched": 3,
          "Single Copy": false,
          "Plans": [
            {
              "Node Type": "Aggregate",
              "Strategy": "Plain",
              "Partial Mode": "Partial",
              "Parent Relationship": "Outer",
              "Parallel Aware": false,
              "Startup Cost": 30983.03,
              "Total Cost": 30983.04,
              "Plan Rows": 1,
              "Plan Width": 8,
              "Actual Startup Time": 121.035,
              "Actual Total Time": 121.036,
              "Actual Rows": 1,
              "Actual Loops": 4,
              "Plans": [
                {
                  "Node Type": "Seq Scan",
                  "Parent Relationship": "Outer",
                  "Parallel Aware": true,
                  "Relation Name": "movie_companies",
                  "Alias": "mc",
                  "Startup Cost": 0.0,
                  "Total Cost": 29310.68,
                  "Plan Rows": 668939,
                  "Plan Width": 0,
                  "Actual Startup Time": 0.286,
                  "Actual Total Time": 93.448,
                  "Actual Rows": 520072,
                  "Actual Loops": 4,
                  "Filter": "(company_id > 494)",
                  "Rows Removed by Filter": 132210
                }
              ]
            }
          ]
        }
      ]
    },
    "Planning Time": 0.201,
    "Triggers": [],
    "Execution Time": 136.376
  }
]