[
  {
    "Plan": {
      "Node Type": "Aggregate",
      "Strategy": "Plain",
      "Partial Mode": "Finalize",
      "Parallel Aware": false,
      "Startup Cost": 31986.85,
      "Total Cost": 31986.86,
      "Plan Rows": 1,
      "Plan Width": 8,
      "Actual Startup Time": 110.625,
      "Actual Total Time": 118.665,
      "Actual Rows": 1,
      "Actual Loops": 1,
      "Plans": [
        {
          "Node Type": "Gather",
          "Parent Relationship": "Outer",
          "Parallel Aware": false,
          "Startup Cost": 31986.53,
          "Total Cost": 31986.84,
          "Plan Rows": 3,
          "Plan Width": 8,
          "Actual Startup Time": 110.507,
          "Actual Total Time": 118.656,
          "Actual Rows": 4,
          "Actual Loops": 1,
          "Workers Planned": 3,
          "Workers Launched": 3,
          "Single Copy": false,
          "Plans": [
            {
              "Node Type": "Aggregate",
              "Strategy": "Plain",
              "Partial Mode": "Partial",
              "Parent Relationship": "Outer",
              "Parallel Aware": false,
              "Startup Cost": 30986.53,
              "Total Cost": 30986.54,
              "Plan Rows": 1,
              "Plan Width": 8,
              "Actual Startup Time": 104.692,
              "Actual Total Time": 104.693,
              "Actual Rows": 1,
              "Actual Loops": 4,
              "Plans": [
                {
                  "Node Type": "Seq Scan",
                  "Parent Relationship": "Outer",
                  "Parallel Aware": true,
                  "Relation Name": "movie_companies",
                  "Alias": "mc",
                  "Startup Cost": 0.0,
                  "Total Cost": 29310.68,
                  "Plan Rows": 670339,
                  "Plan Width": 0,
                  "Actual Startup Time": 0.287,
                  "Actual Total Time": 81.66,
                  "Actual Rows": 520072,
                  "Actual Loops": 4,
                  "Filter": "(company_id > 494)",
                  "Rows Removed by Filter": 132210
                }
              ]
            }
          ]
        }
      ]
    },
    "Planning Time": 0.188,
    "Triggers": [],
    "Execution Time": 118.722
  }
]