[
  {
    "Plan": {
      "Node Type": "Aggregate",
      "Strategy": "Plain",
      "Partial Mode": "Finalize",
      "Parallel Aware": false,
      "Startup Cost": 31702.94,
      "Total Cost": 31702.95,
      "Plan Rows": 1,
      "Plan Width": 8,
      "Actual Startup Time": 108.722,
      "Actual Total Time": 116.437,
      "Actual Rows": 1,
      "Actual Loops": 1,
      "Plans": [
        {
          "Node Type": "Gather",
          "Parent Relationship": "Outer",
          "Parallel Aware": false,
          "Startup Cost": 31702.62,
          "Total Cost": 31702.93,
          "Plan Rows": 3,
          "Plan Width": 8,
          "Actual Startup Time": 108.595,
          "Actual Total Time": 116.427,
          "Actual Rows": 4,
          "Actual Loops": 1,
          "Workers Planned": 3,
          "Workers Launched": 3,
          "Single Copy": false,
          "Plans": [
            {
              "Node Type": "Aggregate",
              "Strategy": "Plain",
              "Partial Mode": "Partial",
              "Parent Relationship": "Outer",
              "Parallel Aware": false,
              "Startup Cost": 30702.62,
              "Total Cost": 30702.63,
              "Plan Rows": 1,
              "Plan Width": 8,
              "Actual Startup Time": 102.309,
              "Actual Total Time": 102.31,
              "Actual Rows": 1,
              "Actual Loops": 4,
              "Plans": [
                {
                  "Node Type": "Seq Scan",
                  "Parent Relationship": "Outer",
                  "Parallel Aware": true,
                  "Relation Name": "movie_companies",
                  "Alias": "mc",
                  "Startup Cost": 0.0,
                  "Total Cost": 29310.68,
                  "Plan Rows": 556776,
                  "Plan Width": 0,
                  "Actual Startup Time": 1.896,
                  "Actual Total Time": 83.219,
                  "Actual Rows": 432892,
                  "Actual Loops": 4,
                  "Filter": "(company_id > 2601)",
                  "Rows Removed by Filter": 219390
                }
              ]
            }
          ]
        }
      ]
    },
    "Planning Time": 0.227,
    "Triggers": [],
    "Execution Time": 116.493
  }
]