{
  "Plan": {
    "Node Type": "Aggregate",
    "Strategy": "Plain",
    "Partial Mode": "Finalize",
    "Parallel Aware": false,
    "Startup Cost": 50665.64,
    "Total Cost": 50665.65,
    "Plan Rows": 1,
    "Plan Width": 8,
    "Actual Startup Time": 54.362,
    "Actual Total Time": 63.131,
    "Actual Rows": 1,
    "Actual Loops": 1,
    "Plans": [
      {
        "Node Type": "Gather",
        "Parent Relationship": "Outer",
        "Parallel Aware": false,
        "Startup Cost": 50665.53,
        "Total Cost": 50665.64,
        "Plan Rows": 1,
        "Plan Width": 8,
        "Actual Startup Time": 54.244,
        "Actual Total Time": 63.125,
        "Actual Rows": 2,
        "Actual Loops": 1,
        "Workers Planned": 1,
        "Workers Launched": 1,
        "Single Copy": false,
        "Plans": [
          {
            "Node Type": "Aggregate",
            "Strategy": "Plain",
            "Partial Mode": "Partial",
            "Parent Relationship": "Outer",
            "Parallel Aware": false,
            "Startup Cost": 49665.53,
            "Total Cost": 49665.54,
            "Plan Rows": 1,
            "Plan Width": 8,
            "Actual Startup Time": 47.772,
            "Actual Total Time": 47.775,
            "Actual Rows": 1,
            "Actual Loops": 2,
            "Plans": [
              {
                "Node Type": "Nested Loop",
                "Parent Relationship": "Outer",
                "Parallel Aware": false,
                "Join Type": "Inner",
                "Startup Cost": 170.06,
                "Total Cost": 49664.25,
                "Plan Rows": 511,
                "Plan Width": 0,
                "Actual Startup Time": 4.339,
                "Actual Total Time": 47.699,
                "Actual Rows": 215,
                "Actual Loops": 2,
                "Inner Unique": false,
                "Plans": [
                  {
                    "Node Type": "Nested Loop",
                    "Parent Relationship": "Outer",
                    "Parallel Aware": false,
                    "Join Type": "Inner",
                    "Startup Cost": 169.63,
                    "Total Cost": 48165.82,
                    "Plan Rows": 2804,
                    "Plan Width": 8,
                    "Actual Startup Time": 4.211,
                    "Actual Total Time": 43.853,
                    "Actual Rows": 330,
                    "Actual Loops": 2,
                    "Inner Unique": true,
                    "Plans": [
                      {
                        "Node Type": "Bitmap Heap Scan",
                        "Parent Relationship": "Outer",
                        "Parallel Aware": true,
                        "Relation Name": "movie_keyword",
                        "Alias": "mk",
                        "Startup Cost": 169.2,
                        "Total Cost": 16600.91,
                        "Plan Rows": 4612,
                        "Plan Width": 4,
                        "Actual Startup Time": 4.031,
                        "Actual Total Time": 16.89,
                        "Actual Rows": 3710,
                        "Actual Loops": 2,
                        "Recheck Cond": "(keyword_id = 373)",
                        "Rows Removed by Index Recheck": 0,
                        "Exact Heap Blocks": 5060,
                        "Lossy Heap Blocks": 0,
                        "Plans": [
                          {
                            "Node Type": "Bitmap Index Scan",
                            "Parent Relationship": "Outer",
                            "Parallel Aware": false,
                            "Index Name": "keyword_id_movie_keyword",
                            "Startup Cost": 0.0,
                            "Total Cost": 167.24,
                            "Plan Rows": 7841,
                            "Plan Width": 0,
                            "Actual Startup Time": 4.64,
                            "Actual Total Time": 4.641,
                            "Actual Rows": 7419,
                            "Actual Loops": 1,
                            "Index Cond": "(keyword_id = 373)"
                          }
                        ]
                      },
                      {
                        "Node Type": "Index Scan",
                        "Parent Relationship": "Inner",
                        "Parallel Aware": false,
                        "Scan Direction": "Forward",
                        "Index Name": "title_pkey",
                        "Relation Name": "title",
                        "Alias": "t",
                        "Startup Cost": 0.43,
                        "Total Cost": 6.84,
                        "Plan Rows": 1,
                        "Plan Width": 4,
                        "Actual Startup Time": 0.007,
                        "Actual Total Time": 0.007,
                        "Actual Rows": 0,
                        "Actual Loops": 7419,
                        "Index Cond": "(id = mk.movie_id)",
                        "Rows Removed by Index Recheck": 0,
                        "Filter": "(kind_id = 7)",
                        "Rows Removed by Filter": 1
                      }
                    ]
                  },
                  {
                    "Node Type": "Index Scan",
                    "Parent Relationship": "Inner",
                    "Parallel Aware": false,
                    "Scan Direction": "Forward",
                    "Index Name": "movie_id_movie_info_idx",
                    "Relation Name": "movie_info_idx",
                    "Alias": "mi_idx",
                    "Startup Cost": 0.43,
                    "Total Cost": 0.52,
                    "Plan Rows": 1,
                    "Plan Width": 4,
                    "Actual Startup Time": 0.011,
                    "Actual Total Time": 0.011,
                    "Actual Rows": 1,
                    "Actual Loops": 659,
                    "Index Cond": "(movie_id = t.id)",
                    "Rows Removed by Index Recheck": 0,
                    "Filter": "(info_type_id > 100)",
                    "Rows Removed by Filter": 1
                  }
                ]
              }
            ]
          }
        ]
      }
    ]
  },
  "Planning Time": 1.236,
  "Triggers": [],
  "Execution Time": 63.341
}