[
  {
    "Plan": {
      "Node Type": "Aggregate",
      "Strategy": "Plain",
      "Partial Mode": "Finalize",
      "Parallel Aware": false,
      "Startup Cost": 217548.47,
      "Total Cost": 217548.48,
      "Plan Rows": 1,
      "Plan Width": 8,
      "Actual Startup Time": 257.098,
      "Actual Total Time": 278.522,
      "Actual Rows": 1,
      "Actual Loops": 1,
      "Plans": [
        {
          "Node Type": "Gather",
          "Parent Relationship": "Outer",
          "Parallel Aware": false,
          "Startup Cost": 217547.94,
          "Total Cost": 217548.45,
          "Plan Rows": 5,
          "Plan Width": 8,
          "Actual Startup Time": 249.678,
          "Actual Total Time": 278.512,
          "Actual Rows": 6,
          "Actual Loops": 1,
          "Workers Planned": 5,
          "Workers Launched": 5,
          "Single Copy": false,
          "Plans": [
            {
              "Node Type": "Aggregate",
              "Strategy": "Plain",
              "Partial Mode": "Partial",
              "Parent Relationship": "Outer",
              "Parallel Aware": false,
              "Startup Cost": 216547.94,
              "Total Cost": 216547.95,
              "Plan Rows": 1,
              "Plan Width": 8,
              "Actual Startup Time": 238.296,
              "Actual Total Time": 238.301,
              "Actual Rows": 1,
              "Actual Loops": 6,
              "Plans": [
                {
                  "Node Type": "Hash Join",
                  "Parent Relationship": "Outer",
                  "Parallel Aware": true,
                  "Join Type": "Inner",
                  "Startup Cost": 53473.13,
                  "Total Cost": 216509.53,
                  "Plan Rows": 15366,
                  "Plan Width": 0,
                  "Actual Startup Time": 172.127,
                  "Actual Total Time": 237.087,
                  "Actual Rows": 19588,
                  "Actual Loops": 6,
                  "Inner Unique": true,
                  "Hash Cond": "(mi.movie_id = t.id)",
                  "Plans": [
                    {
                      "Node Type": "Bitmap Heap Scan",
                      "Parent Relationship": "Outer",
                      "Parallel Aware": true,
                      "Relation Name": "movie_info",
                      "Alias": "mi",
                      "Startup Cost": 6233.6,
                      "Total Cost": 169088.91,
                      "Plan Rows": 68985,
                      "Plan Width": 4,
                      "Actual Startup Time": 22.654,
                      "Actual Total Time": 64.228,
                      "Actual Rows": 54810,
                      "Actual Loops": 6,
                      "Recheck Cond": "(info_type_id = 98)",
                      "Rows Removed by Index Recheck": 0,
                      "Exact Heap Blocks": 6284,
                      "Lossy Heap Blocks": 0,
                      "Plans": [
                        {
                          "Node Type": "Bitmap Index Scan",
                          "Parent Relationship": "Outer",
                          "Parallel Aware": false,
                          "Index Name": "info_type_id_movie_info",
                          "Startup Cost": 0.0,
                          "Total Cost": 6147.37,
                          "Plan Rows": 344924,
                          "Plan Width": 0,
                          "Actual Startup Time": 18.97,
                          "Actual Total Time": 18.971,
                          "Actual Rows": 328857,
                          "Actual Loops": 1,
                          "Index Cond": "(info_type_id = 98)"
                        }
                      ]
                    },
                    {
                      "Node Type": "Hash",
                      "Parent Relationship": "Inner",
                      "Parallel Aware": true,
                      "Startup Cost": 45479.59,
                      "Total Cost": 45479.59,
                      "Plan Rows": 140796,
                      "Plan Width": 4,
                      "Actual Startup Time": 145.532,
                      "Actual Total Time": 145.534,
                      "Actual Rows": 106964,
                      "Actual Loops": 6,
                      "Hash Buckets": 1048576,
                      "Original Hash Buckets": 1048576,
                      "Hash Batches": 1,
                      "Original Hash Batches": 1,
                      "Peak Memory Usage": 33376,
                      "Plans": [
                        {
                          "Node Type": "Seq Scan",
                          "Parent Relationship": "Outer",
                          "Parallel Aware": true,
                          "Relation Name": "title",
                          "Alias": "t",
                          "Startup Cost": 0.0,
                          "Total Cost": 45479.59,
                          "Plan Rows": 140796,
                          "Plan Width": 4,
                          "Actual Startup Time": 0.054,
                          "Actual Total Time": 93.415,
                          "Actual Rows": 106964,
                          "Actual Loops": 6,
                          "Filter": "((kind_id < 7) AND (production_year < 2006))",
                          "Rows Removed by Filter": 314421
                        }
                      ]
                    }
                  ]
                }
              ]
            }
          ]
        }
      ]
    },
    "Planning Time": 0.655,
    "Triggers": [],
    "Execution Time": 278.625
  }
]