[
  {
    "Plan": {
      "Node Type": "Aggregate",
      "Strategy": "Plain",
      "Partial Mode": "Finalize",
      "Parallel Aware": false,
      "Startup Cost": 73933.19,
      "Total Cost": 73933.2,
      "Plan Rows": 1,
      "Plan Width": 8,
      "Actual Startup Time": 244.136,
      "Actual Total Time": 259.385,
      "Actual Rows": 1,
      "Actual Loops": 1,
      "Plans": [
        {
          "Node Type": "Gather",
          "Parent Relationship": "Outer",
          "Parallel Aware": false,
          "Startup Cost": 73932.87,
          "Total Cost": 73933.18,
          "Plan Rows": 3,
          "Plan Width": 8,
          "Actual Startup Time": 238.902,
          "Actual Total Time": 259.378,
          "Actual Rows": 4,
          "Actual Loops": 1,
          "Workers Planned": 3,
          "Workers Launched": 3,
          "Single Copy": false,
          "Plans": [
            {
              "Node Type": "Aggregate",
              "Strategy": "Plain",
              "Partial Mode": "Partial",
              "Parent Relationship": "Outer",
              "Parallel Aware": false,
              "Startup Cost": 72932.87,
              "Total Cost": 72932.88,
              "Plan Rows": 1,
              "Plan Width": 8,
              "Actual Startup Time": 232.763,
              "Actual Total Time": 232.766,
              "Actual Rows": 1,
              "Actual Loops": 4,
              "Plans": [
                {
                  "Node Type": "Hash Join",
                  "Parent Relationship": "Outer",
                  "Parallel Aware": true,
                  "Join Type": "Inner",
                  "Startup Cost": 48185.04,
                  "Total Cost": 72915.07,
                  "Plan Rows": 7121,
                  "Plan Width": 0,
                  "Actual Startup Time": 202.484,
                  "Actual Total Time": 231.82,
                  "Actual Rows": 14080,
                  "Actual Loops": 4,
                  "Inner Unique": true,
                  "Hash Cond": "(mk.movie_id = t.id)",
                  "Plans": [
                    {
                      "Node Type": "Bitmap Heap Scan",
                      "Parent Relationship": "Outer",
                      "Parallel Aware": true,
                      "Relation Name": "movie_keyword",
                      "Alias": "mk",
                      "Startup Cost": 1202.89,
                      "Total Cost": 25885.01,
                      "Plan Rows": 18250,
                      "Plan Width": 4,
                      "Actual Startup Time": 6.039,
                      "Actual Total Time": 27.776,
                      "Actual Rows": 14080,
                      "Actual Loops": 4,
                      "Recheck Cond": "(keyword_id > 96723)",
                      "Rows Removed by Index Recheck": 0,
                      "Exact Heap Blocks": 5479,
                      "Lossy Heap Blocks": 0,
                      "Plans": [
                        {
                          "Node Type": "Bitmap Index Scan",
                          "Parent Relationship": "Outer",
                          "Parallel Aware": false,
                          "Index Name": "keyword_id_movie_keyword",
                          "Startup Cost": 0.0,
                          "Total Cost": 1188.74,
                          "Plan Rows": 56575,
                          "Plan Width": 0,
                          "Actual Startup Time": 3.796,
                          "Actual Total Time": 3.797,
                          "Actual Rows": 56318,
                          "Actual Loops": 1,
                          "Index Cond": "(keyword_id > 96723)"
                        }
                      ]
                    },
                    {
                      "Node Type": "Hash",
                      "Parent Relationship": "Inner",
                      "Parallel Aware": true,
                      "Startup Cost": 43899.32,
                      "Total Cost": 43899.32,
                      "Plan Rows": 246626,
                      "Plan Width": 4,
                      "Actual Startup Time": 193.871,
                      "Actual Total Time": 193.872,
                      "Actual Rows": 246262,
                      "Actual Loops": 4,
                      "Hash Buckets": 1048576,
                      "Original Hash Buckets": 1048576,
                      "Hash Batches": 1,
                      "Original Hash Batches": 1,
                      "Peak Memory Usage": 46816,
                      "Plans": [
                        {
                          "Node Type": "Seq Scan",
                          "Parent Relationship": "Outer",
                          "Parallel Aware": true,
                          "Relation Name": "title",
                          "Alias": "t",
                          "Startup Cost": 0.0,
                          "Total Cost": 43899.32,
                          "Plan Rows": 246626,
                          "Plan Width": 4,
                          "Actual Startup Time": 0.046,
                          "Actual Total Time": 104.873,
                          "Actual Rows": 246262,
                          "Actual Loops": 4,
                          "Filter": "(kind_id < 7)",
                          "Rows Removed by Filter": 385816
                        }
                      ]
                    }
                  ]
                }
              ]
            }
          ]
        }
      ]
    },
    "Planning Time": 0.282,
    "Triggers": [],
    "Execution Time": 259.429
  }
]