{
  "Plan": {
    "Node Type": "Aggregate",
    "Strategy": "Plain",
    "Partial Mode": "Finalize",
    "Parallel Aware": false,
    "Startup Cost": 124093.76,
    "Total Cost": 124093.77,
    "Plan Rows": 1,
    "Plan Width": 8,
    "Actual Startup Time": 597.979,
    "Actual Total Time": 606.926,
    "Actual Rows": 1,
    "Actual Loops": 1,
    "Plans": [
      {
        "Node Type": "Gather",
        "Parent Relationship": "Outer",
        "Parallel Aware": false,
        "Startup Cost": 124093.65,
        "Total Cost": 124093.76,
        "Plan Rows": 1,
        "Plan Width": 8,
        "Actual Startup Time": 596.977,
        "Actual Total Time": 606.917,
        "Actual Rows": 2,
        "Actual Loops": 1,
        "Workers Planned": 1,
        "Workers Launched": 1,
        "Single Copy": false,
        "Plans": [
          {
            "Node Type": "Aggregate",
            "Strategy": "Plain",
            "Partial Mode": "Partial",
            "Parent Relationship": "Outer",
            "Parallel Aware": false,
            "Startup Cost": 123093.65,
            "Total Cost": 123093.66,
            "Plan Rows": 1,
            "Plan Width": 8,
            "Actual Startup Time": 591.931,
            "Actual Total Time": 591.935,
            "Actual Rows": 1,
            "Actual Loops": 2,
            "Plans": [
              {
                "Node Type": "Hash Join",
                "Parent Relationship": "Outer",
                "Parallel Aware": true,
                "Join Type": "Inner",
                "Startup Cost": 58185.9,
                "Total Cost": 121779.9,
                "Plan Rows": 525501,
                "Plan Width": 0,
                "Actual Startup Time": 221.344,
                "Actual Total Time": 552.923,
                "Actual Rows": 943931,
                "Actual Loops": 2,
                "Inner Unique": true,
                "Hash Cond": "(mk.movie_id = t.id)",
                "Plans": [
                  {
                    "Node Type": "Seq Scan",
                    "Parent Relationship": "Outer",
                    "Parallel Aware": true,
                    "Relation Name": "movie_keyword",
                    "Alias": "mk",
                    "Startup Cost": 0.0,
                    "Total Cost": 57718.19,
                    "Plan Rows": 2238399,
                    "Plan Width": 4,
                    "Actual Startup Time": 0.015,
                    "Actual Total Time": 190.559,
                    "Actual Rows": 1906264,
                    "Actual Loops": 2,
                    "Filter": "(keyword_id < 26569)",
                    "Rows Removed by Filter": 355700
                  },
                  {
                    "Node Type": "Hash",
                    "Parent Relationship": "Inner",
                    "Parallel Aware": true,
                    "Startup Cost": 53821.5,
                    "Total Cost": 53821.5,
                    "Plan Rows": 349152,
                    "Plan Width": 4,
                    "Actual Startup Time": 151.545,
                    "Actual Total Time": 151.547,
                    "Actual Rows": 239556,
                    "Actual Loops": 2,
                    "Hash Buckets": 1048576,
                    "Original Hash Buckets": 1048576,
                    "Hash Batches": 1,
                    "Original Hash Batches": 1,
                    "Peak Memory Usage": 26976,
                    "Plans": [
                      {
                        "Node Type": "Bitmap Heap Scan",
                        "Parent Relationship": "Outer",
                        "Parallel Aware": true,
                        "Relation Name": "title",
                        "Alias": "t",
                        "Startup Cost": 11971.24,
                        "Total Cost": 53821.5,
                        "Plan Rows": 349152,
                        "Plan Width": 4,
                        "Actual Startup Time": 29.338,
                        "Actual Total Time": 95.788,
                        "Actual Rows": 239556,
                        "Actual Loops": 2,
                        "Recheck Cond": "(kind_id = 1)",
                        "Rows Removed by Index Recheck": 0,
                        "Filter": "(production_year > 1955)",
                        "Rows Removed by Filter": 91856,
                        "Exact Heap Blocks": 7912,
                        "Lossy Heap Blocks": 0,
                        "Plans": [
                          {
                            "Node Type": "Bitmap Index Scan",
                            "Parent Relationship": "Outer",
                            "Parallel Aware": false,
                            "Index Name": "kind_id_title",
                            "Startup Cost": 0.0,
                            "Total Cost": 11822.85,
                            "Plan Rows": 663256,
                            "Plan Width": 0,
                            "Actual Startup Time": 27.49,
                            "Actual Total Time": 27.49,
                            "Actual Rows": 662825,
                            "Actual Loops": 1,
                            "Index Cond": "(kind_id = 1)"
                          }
                        ]
                      }
                    ]
                  }
                ]
              }
            ]
          }
        ]
      }
    ]
  },
  "Planning Time": 0.608,
  "Triggers": [],
  "Execution Time": 607.029
}