[
  {
    "Plan": {
      "Node Type": "Aggregate",
      "Strategy": "Plain",
      "Partial Mode": "Finalize",
      "Parallel Aware": false,
      "Startup Cost": 95151.86,
      "Total Cost": 95151.87,
      "Plan Rows": 1,
      "Plan Width": 8,
      "Actual Startup Time": 531.637,
      "Actual Total Time": 549.27,
      "Actual Rows": 1,
      "Actual Loops": 1,
      "Plans": [
        {
          "Node Type": "Gather",
          "Parent Relationship": "Outer",
          "Parallel Aware": false,
          "Startup Cost": 95151.55,
          "Total Cost": 95151.86,
          "Plan Rows": 3,
          "Plan Width": 8,
          "Actual Startup Time": 527.089,
          "Actual Total Time": 549.261,
          "Actual Rows": 4,
          "Actual Loops": 1,
          "Workers Planned": 3,
          "Workers Launched": 3,
          "Single Copy": false,
          "Plans": [
            {
              "Node Type": "Aggregate",
              "Strategy": "Plain",
              "Partial Mode": "Partial",
              "Parent Relationship": "Outer",
              "Parallel Aware": false,
              "Startup Cost": 94151.55,
              "Total Cost": 94151.56,
              "Plan Rows": 1,
              "Plan Width": 8,
              "Actual Startup Time": 514.504,
              "Actual Total Time": 514.507,
              "Actual Rows": 1,
              "Actual Loops": 4,
              "Plans": [
                {
                  "Node Type": "Hash Join",
                  "Parent Relationship": "Outer",
                  "Parallel Aware": true,
                  "Join Type": "Inner",
                  "Startup Cost": 49499.24,
                  "Total Cost": 93363.0,
                  "Plan Rows": 315419,
                  "Plan Width": 0,
                  "Actual Startup Time": 314.321,
                  "Actual Total Time": 500.873,
                  "Actual Rows": 295681,
                  "Actual Loops": 4,
                  "Inner Unique": true,
                  "Hash Cond": "(mk.movie_id = t.id)",
                  "Plans": [
                    {
                      "Node Type": "Seq Scan",
                      "Parent Relationship": "Outer",
                      "Parallel Aware": true,
                      "Relation Name": "movie_keyword",
                      "Alias": "mk",
                      "Startup Cost": 0.0,
                      "Total Cost": 42695.65,
                      "Plan Rows": 444992,
                      "Plan Width": 4,
                      "Actual Startup Time": 0.031,
                      "Actual Total Time": 103.405,
                      "Actual Rows": 346773,
                      "Actual Loops": 4,
                      "Filter": "(keyword_id < 1876)",
                      "Rows Removed by Filter": 784209
                    },
                    {
                      "Node Type": "Hash",
                      "Parent Relationship": "Inner",
                      "Parallel Aware": true,
                      "Startup Cost": 43898.92,
                      "Total Cost": 43898.92,
                      "Plan Rows": 448026,
                      "Plan Width": 4,
                      "Actual Startup Time": 307.236,
                      "Actual Total Time": 307.237,
                      "Actual Rows": 448538,
                      "Actual Loops": 4,
                      "Hash Buckets": 2097152,
                      "Original Hash Buckets": 2097152,
                      "Hash Batches": 1,
                      "Original Hash Batches": 1,
                      "Peak Memory Usage": 86656,
                      "Plans": [
                        {
                          "Node Type": "Seq Scan",
                          "Parent Relationship": "Outer",
                          "Parallel Aware": true,
                          "Relation Name": "title",
                          "Alias": "t",
                          "Startup Cost": 0.0,
                          "Total Cost": 43898.92,
                          "Plan Rows": 448026,
                          "Plan Width": 4,
                          "Actual Startup Time": 0.054,
                          "Actual Total Time": 123.459,
                          "Actual Rows": 448538,
                          "Actual Loops": 4,
                          "Filter": "(production_year < 2009)",
                          "Rows Removed by Filter": 183540
                        }
                      ]
                    }
                  ]
                }
              ]
            }
          ]
        }
      ]
    },
    "Planning Time": 0.368,
    "Triggers": [],
    "Execution Time": 549.329
  }
]