[
    {
        "Bao": {
            "Bao prediction": "NaN",
            "Bao recommended hint": "(no hint)"
        }
    },
    {
        "Plan": {
            "Node Type": "Aggregate",
            "Strategy": "Plain",
            "Partial Mode": "Finalize",
            "Parallel Aware": false,
            "Startup Cost": 477244.06,
            "Total Cost": 477244.07,
            "Plan Rows": 1,
            "Plan Width": 8,
            "Actual Startup Time": 4741.525,
            "Actual Total Time": 4785.042,
            "Actual Rows": 1,
            "Actual Loops": 1,
            "Output": [
                "count(*)"
            ],
            "Plans": [
                {
                    "Node Type": "Gather",
                    "Parent Relationship": "Outer",
                    "Parallel Aware": false,
                    "Startup Cost": 477243.44,
                    "Total Cost": 477244.05,
                    "Plan Rows": 6,
                    "Plan Width": 8,
                    "Actual Startup Time": 4707.003,
                    "Actual Total Time": 4785.03,
                    "Actual Rows": 7,
                    "Actual Loops": 1,
                    "Output": [
                        "(PARTIAL count(*))"
                    ],
                    "Workers Planned": 6,
                    "Workers Launched": 6,
                    "Single Copy": false,
                    "Plans": [
                        {
                            "Node Type": "Aggregate",
                            "Strategy": "Plain",
                            "Partial Mode": "Partial",
                            "Parent Relationship": "Outer",
                            "Parallel Aware": false,
                            "Startup Cost": 476243.44,
                            "Total Cost": 476243.45,
                            "Plan Rows": 1,
                            "Plan Width": 8,
                            "Actual Startup Time": 4689.402,
                            "Actual Total Time": 4690.134,
                            "Actual Rows": 1,
                            "Actual Loops": 7,
                            "Output": [
                                "PARTIAL count(*)"
                            ],
                            "Workers": [
                                {
                                    "Worker Number": 0,
                                    "Actual Startup Time": 4685.742,
                                    "Actual Total Time": 4685.747,
                                    "Actual Rows": 1,
                                    "Actual Loops": 1
                                },
                                {
                                    "Worker Number": 1,
                                    "Actual Startup Time": 4688.327,
                                    "Actual Total Time": 4688.332,
                                    "Actual Rows": 1,
                                    "Actual Loops": 1
                                },
                                {
                                    "Worker Number": 2,
                                    "Actual Startup Time": 4686.08,
                                    "Actual Total Time": 4686.085,
                                    "Actual Rows": 1,
                                    "Actual Loops": 1
                                },
                                {
                                    "Worker Number": 3,
                                    "Actual Startup Time": 4686.235,
                                    "Actual Total Time": 4686.239,
                                    "Actual Rows": 1,
                                    "Actual Loops": 1
                                },
                                {
                                    "Worker Number": 4,
                                    "Actual Startup Time": 4686.503,
                                    "Actual Total Time": 4686.507,
                                    "Actual Rows": 1,
                                    "Actual Loops": 1
                                },
                                {
                                    "Worker Number": 5,
                                    "Actual Startup Time": 4686.548,
                                    "Actual Total Time": 4686.553,
                                    "Actual Rows": 1,
                                    "Actual Loops": 1
                                }
                            ],
                            "Plans": [
                                {
                                    "Node Type": "Hash Join",
                                    "Parent Relationship": "Outer",
                                    "Parallel Aware": true,
                                    "Join Type": "Inner",
                                    "Startup Cost": 90156.38,
                                    "Total Cost": 460785.24,
                                    "Plan Rows": 6183280,
                                    "Plan Width": 0,
                                    "Actual Startup Time": 699.939,
                                    "Actual Total Time": 4189.489,
                                    "Actual Rows": 11354079,
                                    "Actual Loops": 7,
                                    "Inner Unique": false,
                                    "Hash Cond": "(ci.movie_id = t.id)",
                                    "Workers": [
                                        {
                                            "Worker Number": 0,
                                            "Actual Startup Time": 696.781,
                                            "Actual Total Time": 4208.313,
                                            "Actual Rows": 10440671,
                                            "Actual Loops": 1
                                        },
                                        {
                                            "Worker Number": 1,
                                            "Actual Startup Time": 696.617,
                                            "Actual Total Time": 4212.051,
                                            "Actual Rows": 10529249,
                                            "Actual Loops": 1
                                        },
                                        {
                                            "Worker Number": 2,
                                            "Actual Startup Time": 696.991,
                                            "Actual Total Time": 4169.594,
                                            "Actual Rows": 11245226,
                                            "Actual Loops": 1
                                        },
                                        {
                                            "Worker Number": 3,
                                            "Actual Startup Time": 697.17,
                                            "Actual Total Time": 4168.946,
                                            "Actual Rows": 11126041,
                                            "Actual Loops": 1
                                        },
                                        {
                                            "Worker Number": 4,
                                            "Actual Startup Time": 697.401,
                                            "Actual Total Time": 4176.206,
                                            "Actual Rows": 11193883,
                                            "Actual Loops": 1
                                        },
                                        {
                                            "Worker Number": 5,
                                            "Actual Startup Time": 697.374,
                                            "Actual Total Time": 4197.273,
                                            "Actual Rows": 12619577,
                                            "Actual Loops": 1
                                        }
                                    ],
                                    "Plans": [
                                        {
                                            "Node Type": "Seq Scan",
                                            "Parent Relationship": "Outer",
                                            "Parallel Aware": true,
                                            "Relation Name": "cast_info",
                                            "Schema": "public",
                                            "Alias": "ci",
                                            "Startup Cost": 0.0,
                                            "Total Cost": 328213.62,
                                            "Plan Rows": 5991778,
                                            "Plan Width": 4,
                                            "Actual Startup Time": 0.047,
                                            "Actual Total Time": 715.396,
                                            "Actual Rows": 5132604,
                                            "Actual Loops": 7,
                                            "Output": [
                                                "ci.id",
                                                "ci.person_id",
                                                "ci.movie_id",
                                                "ci.person_role_id",
                                                "ci.note",
                                                "ci.nr_order",
                                                "ci.role_id"
                                            ],
                                            "Filter": "(ci.role_id < 11)",
                                            "Rows Removed by Filter": 45160,
                                            "Workers": [
                                                {
                                                    "Worker Number": 0,
                                                    "Actual Startup Time": 0.096,
                                                    "Actual Total Time": 700.572,
                                                    "Actual Rows": 4686811,
                                                    "Actual Loops": 1
                                                },
                                                {
                                                    "Worker Number": 1,
                                                    "Actual Startup Time": 0.08,
                                                    "Actual Total Time": 696.456,
                                                    "Actual Rows": 4711114,
                                                    "Actual Loops": 1
                                                },
                                                {
                                                    "Worker Number": 2,
                                                    "Actual Startup Time": 0.042,
                                                    "Actual Total Time": 744.478,
                                                    "Actual Rows": 5080627,
                                                    "Actual Loops": 1
                                                },
                                                {
                                                    "Worker Number": 3,
                                                    "Actual Startup Time": 0.035,
                                                    "Actual Total Time": 754.778,
                                                    "Actual Rows": 5044319,
                                                    "Actual Loops": 1
                                                },
                                                {
                                                    "Worker Number": 4,
                                                    "Actual Startup Time": 0.035,
                                                    "Actual Total Time": 745.678,
                                                    "Actual Rows": 5063681,
                                                    "Actual Loops": 1
                                                },
                                                {
                                                    "Worker Number": 5,
                                                    "Actual Startup Time": 0.024,
                                                    "Actual Total Time": 719.944,
                                                    "Actual Rows": 5726568,
                                                    "Actual Loops": 1
                                                }
                                            ]
                                        },
                                        {
                                            "Node Type": "Hash",
                                            "Parent Relationship": "Inner",
                                            "Parallel Aware": true,
                                            "Startup Cost": 79635.69,
                                            "Total Cost": 79635.69,
                                            "Plan Rows": 841655,
                                            "Plan Width": 8,
                                            "Actual Startup Time": 693.328,
                                            "Actual Total Time": 694.058,
                                            "Actual Rows": 372733,
                                            "Actual Loops": 7,
                                            "Output": [
                                                "t.id",
                                                "mc.movie_id"
                                            ],
                                            "Hash Buckets": 4194304,
                                            "Original Hash Buckets": 4194304,
                                            "Hash Batches": 1,
                                            "Original Hash Batches": 1,
                                            "Peak Memory Usage": 134944,
                                            "Workers": [
                                                {
                                                    "Worker Number": 0,
                                                    "Actual Startup Time": 695.658,
                                                    "Actual Total Time": 695.662,
                                                    "Actual Rows": 329859,
                                                    "Actual Loops": 1
                                                },
                                                {
                                                    "Worker Number": 1,
                                                    "Actual Startup Time": 695.687,
                                                    "Actual Total Time": 695.691,
                                                    "Actual Rows": 326767,
                                                    "Actual Loops": 1
                                                },
                                                {
                                                    "Worker Number": 2,
                                                    "Actual Startup Time": 695.838,
                                                    "Actual Total Time": 695.841,
                                                    "Actual Rows": 340609,
                                                    "Actual Loops": 1
                                                },
                                                {
                                                    "Worker Number": 3,
                                                    "Actual Startup Time": 696.093,
                                                    "Actual Total Time": 696.095,
                                                    "Actual Rows": 364432,
                                                    "Actual Loops": 1
                                                },
                                                {
                                                    "Worker Number": 4,
                                                    "Actual Startup Time": 696.352,
                                                    "Actual Total Time": 696.355,
                                                    "Actual Rows": 358139,
                                                    "Actual Loops": 1
                                                },
                                                {
                                                    "Worker Number": 5,
                                                    "Actual Startup Time": 696.411,
                                                    "Actual Total Time": 696.414,
                                                    "Actual Rows": 502933,
                                                    "Actual Loops": 1
                                                }
                                            ],
                                            "Plans": [
                                                {
                                                    "Node Type": "Hash Join",
                                                    "Parent Relationship": "Outer",
                                                    "Parallel Aware": true,
                                                    "Join Type": "Inner",
                                                    "Startup Cost": 50219.81,
                                                    "Total Cost": 79635.69,
                                                    "Plan Rows": 841655,
                                                    "Plan Width": 8,
                                                    "Actual Startup Time": 298.235,
                                                    "Actual Total Time": 517.778,
                                                    "Actual Rows": 372733,
                                                    "Actual Loops": 7,
                                                    "Output": [
                                                        "t.id",
                                                        "mc.movie_id"
                                                    ],
                                                    "Inner Unique": true,
                                                    "Hash Cond": "(mc.movie_id = t.id)",
                                                    "Workers": [
                                                        {
                                                            "Worker Number": 0,
                                                            "Actual Startup Time": 298.331,
                                                            "Actual Total Time": 517.847,
                                                            "Actual Rows": 329859,
                                                            "Actual Loops": 1
                                                        },
                                                        {
                                                            "Worker Number": 1,
                                                            "Actual Startup Time": 298.273,
                                                            "Actual Total Time": 517.901,
                                                            "Actual Rows": 326767,
                                                            "Actual Loops": 1
                                                        },
                                                        {
                                                            "Worker Number": 2,
                                                            "Actual Startup Time": 298.141,
                                                            "Actual Total Time": 520.314,
                                                            "Actual Rows": 340609,
                                                            "Actual Loops": 1
                                                        },
                                                        {
                                                            "Worker Number": 3,
                                                            "Actual Startup Time": 298.226,
                                                            "Actual Total Time": 515.941,
                                                            "Actual Rows": 364432,
                                                            "Actual Loops": 1
                                                        },
                                                        {
                                                            "Worker Number": 4,
                                                            "Actual Startup Time": 298.155,
                                                            "Actual Total Time": 516.409,
                                                            "Actual Rows": 358139,
                                                            "Actual Loops": 1
                                                        },
                                                        {
                                                            "Worker Number": 5,
                                                            "Actual Startup Time": 298.144,
                                                            "Actual Total Time": 515.281,
                                                            "Actual Rows": 502933,
                                                            "Actual Loops": 1
                                                        }
                                                    ],
                                                    "Plans": [
                                                        {
                                                            "Node Type": "Seq Scan",
                                                            "Parent Relationship": "Outer",
                                                            "Parallel Aware": true,
                                                            "Relation Name": "movie_companies",
                                                            "Schema": "public",
                                                            "Alias": "mc",
                                                            "Startup Cost": 0.0,
                                                            "Total Cost": 27206.55,
                                                            "Plan Rows": 841655,
                                                            "Plan Width": 4,
                                                            "Actual Startup Time": 0.032,
                                                            "Actual Total Time": 49.733,
                                                            "Actual Rows": 372733,
                                                            "Actual Loops": 7,
                                                            "Output": [
                                                                "mc.id",
                                                                "mc.movie_id",
                                                                "mc.company_id",
                                                                "mc.company_type_id",
                                                                "mc.note"
                                                            ],
                                                            "Workers": [
                                                                {
                                                                    "Worker Number": 0,
                                                                    "Actual Startup Time": 0.049,
                                                                    "Actual Total Time": 50.399,
                                                                    "Actual Rows": 329859,
                                                                    "Actual Loops": 1
                                                                },
                                                                {
                                                                    "Worker Number": 1,
                                                                    "Actual Startup Time": 0.038,
                                                                    "Actual Total Time": 49.659,
                                                                    "Actual Rows": 326767,
                                                                    "Actual Loops": 1
                                                                },
                                                                {
                                                                    "Worker Number": 2,
                                                                    "Actual Startup Time": 0.031,
                                                                    "Actual Total Time": 54.808,
                                                                    "Actual Rows": 340609,
                                                                    "Actual Loops": 1
                                                                },
                                                                {
                                                                    "Worker Number": 3,
                                                                    "Actual Startup Time": 0.031,
                                                                    "Actual Total Time": 52.049,
                                                                    "Actual Rows": 364432,
                                                                    "Actual Loops": 1
                                                                },
                                                                {
                                                                    "Worker Number": 4,
                                                                    "Actual Startup Time": 0.036,
                                                                    "Actual Total Time": 52.807,
                                                                    "Actual Rows": 358139,
                                                                    "Actual Loops": 1
                                                                },
                                                                {
                                                                    "Worker Number": 5,
                                                                    "Actual Startup Time": 0.027,
                                                                    "Actual Total Time": 46.607,
                                                                    "Actual Rows": 502933,
                                                                    "Actual Loops": 1
                                                                }
                                                            ]
                                                        },
                                                        {
                                                            "Node Type": "Hash",
                                                            "Parent Relationship": "Inner",
                                                            "Parallel Aware": true,
                                                            "Startup Cost": 42318.81,
                                                            "Total Cost": 42318.81,
                                                            "Plan Rows": 632080,
                                                            "Plan Width": 4,
                                                            "Actual Startup Time": 293.208,
                                                            "Actual Total Time": 293.209,
                                                            "Actual Rows": 361187,
                                                            "Actual Loops": 7,
                                                            "Output": [
                                                                "t.id"
                                                            ],
                                                            "Hash Buckets": 4194304,
                                                            "Original Hash Buckets": 4194304,
                                                            "Hash Batches": 1,
                                                            "Original Hash Batches": 1,
                                                            "Peak Memory Usage": 131808,
                                                            "Workers": [
                                                                {
                                                                    "Worker Number": 0,
                                                                    "Actual Startup Time": 297.925,
                                                                    "Actual Total Time": 297.927,
                                                                    "Actual Rows": 312168,
                                                                    "Actual Loops": 1
                                                                },
                                                                {
                                                                    "Worker Number": 1,
                                                                    "Actual Startup Time": 297.889,
                                                                    "Actual Total Time": 297.891,
                                                                    "Actual Rows": 311995,
                                                                    "Actual Loops": 1
                                                                },
                                                                {
                                                                    "Worker Number": 2,
                                                                    "Actual Startup Time": 298.007,
                                                                    "Actual Total Time": 298.008,
                                                                    "Actual Rows": 338901,
                                                                    "Actual Loops": 1
                                                                },
                                                                {
                                                                    "Worker Number": 3,
                                                                    "Actual Startup Time": 297.872,
                                                                    "Actual Total Time": 297.873,
                                                                    "Actual Rows": 348400,
                                                                    "Actual Loops": 1
                                                                },
                                                                {
                                                                    "Worker Number": 4,
                                                                    "Actual Startup Time": 298.038,
                                                                    "Actual Total Time": 298.039,
                                                                    "Actual Rows": 316624,
                                                                    "Actual Loops": 1
                                                                },
                                                                {
                                                                    "Worker Number": 5,
                                                                    "Actual Startup Time": 297.979,
                                                                    "Actual Total Time": 297.98,
                                                                    "Actual Rows": 450777,
                                                                    "Actual Loops": 1
                                                                }
                                                            ],
                                                            "Plans": [
                                                                {
                                                                    "Node Type": "Seq Scan",
                                                                    "Parent Relationship": "Outer",
                                                                    "Parallel Aware": true,
                                                                    "Relation Name": "title",
                                                                    "Schema": "public",
                                                                    "Alias": "t",
                                                                    "Startup Cost": 0.0,
                                                                    "Total Cost": 42318.81,
                                                                    "Plan Rows": 632080,
                                                                    "Plan Width": 4,
                                                                    "Actual Startup Time": 0.087,
                                                                    "Actual Total Time": 82.833,
                                                                    "Actual Rows": 361187,
                                                                    "Actual Loops": 7,
                                                                    "Output": [
                                                                        "t.id"
                                                                    ],
                                                                    "Workers": [
                                                                        {
                                                                            "Worker Number": 0,
                                                                            "Actual Startup Time": 0.072,
                                                                            "Actual Total Time": 84.342,
                                                                            "Actual Rows": 312168,
                                                                            "Actual Loops": 1
                                                                        },
                                                                        {
                                                                            "Worker Number": 1,
                                                                            "Actual Startup Time": 0.062,
                                                                            "Actual Total Time": 83.991,
                                                                            "Actual Rows": 311995,
                                                                            "Actual Loops": 1
                                                                        },
                                                                        {
                                                                            "Worker Number": 2,
                                                                            "Actual Startup Time": 0.128,
                                                                            "Actual Total Time": 86.124,
                                                                            "Actual Rows": 338901,
                                                                            "Actual Loops": 1
                                                                        },
                                                                        {
                                                                            "Worker Number": 3,
                                                                            "Actual Startup Time": 0.127,
                                                                            "Actual Total Time": 87.618,
                                                                            "Actual Rows": 348400,
                                                                            "Actual Loops": 1
                                                                        },
                                                                        {
                                                                            "Worker Number": 4,
                                                                            "Actual Startup Time": 0.065,
                                                                            "Actual Total Time": 89.007,
                                                                            "Actual Rows": 316624,
                                                                            "Actual Loops": 1
                                                                        },
                                                                        {
                                                                            "Worker Number": 5,
                                                                            "Actual Startup Time": 0.134,
                                                                            "Actual Total Time": 80.26,
                                                                            "Actual Rows": 450777,
                                                                            "Actual Loops": 1
                                                                        }
                                                                    ]
                                                                }
                                                            ]
                                                        }
                                                    ]
                                                }
                                            ]
                                        }
                                    ]
                                }
                            ]
                        }
                    ]
                }
            ]
        },
        "Planning Time": 267.042,
        "Triggers": [],
        "Execution Time": 4785.151
    }
]