[
    {
        "Bao": {
            "Bao prediction": "NaN",
            "Bao recommended hint": "(no hint)"
        }
    },
    {
        "Plan": {
            "Node Type": "Aggregate",
            "Strategy": "Plain",
            "Partial Mode": "Finalize",
            "Parallel Aware": false,
            "Startup Cost": 101042.92,
            "Total Cost": 101042.93,
            "Plan Rows": 1,
            "Plan Width": 8,
            "Actual Startup Time": 370.319,
            "Actual Total Time": 378.893,
            "Actual Rows": 1,
            "Actual Loops": 1,
            "Output": [
                "count(*)"
            ],
            "Plans": [
                {
                    "Node Type": "Gather",
                    "Parent Relationship": "Outer",
                    "Parallel Aware": false,
                    "Startup Cost": 101042.7,
                    "Total Cost": 101042.91,
                    "Plan Rows": 2,
                    "Plan Width": 8,
                    "Actual Startup Time": 368.611,
                    "Actual Total Time": 378.884,
                    "Actual Rows": 3,
                    "Actual Loops": 1,
                    "Output": [
                        "(PARTIAL count(*))"
                    ],
                    "Workers Planned": 2,
                    "Workers Launched": 2,
                    "Single Copy": false,
                    "Plans": [
                        {
                            "Node Type": "Aggregate",
                            "Strategy": "Plain",
                            "Partial Mode": "Partial",
                            "Parent Relationship": "Outer",
                            "Parallel Aware": false,
                            "Startup Cost": 100042.7,
                            "Total Cost": 100042.71,
                            "Plan Rows": 1,
                            "Plan Width": 8,
                            "Actual Startup Time": 360.825,
                            "Actual Total Time": 361.002,
                            "Actual Rows": 1,
                            "Actual Loops": 3,
                            "Output": [
                                "PARTIAL count(*)"
                            ],
                            "Workers": [
                                {
                                    "Worker Number": 0,
                                    "Actual Startup Time": 357.101,
                                    "Actual Total Time": 357.107,
                                    "Actual Rows": 1,
                                    "Actual Loops": 1
                                },
                                {
                                    "Worker Number": 1,
                                    "Actual Startup Time": 357.118,
                                    "Actual Total Time": 357.124,
                                    "Actual Rows": 1,
                                    "Actual Loops": 1
                                }
                            ],
                            "Plans": [
                                {
                                    "Node Type": "Hash Join",
                                    "Parent Relationship": "Outer",
                                    "Parallel Aware": true,
                                    "Join Type": "Inner",
                                    "Startup Cost": 84055.06,
                                    "Total Cost": 99978.87,
                                    "Plan Rows": 25532,
                                    "Plan Width": 0,
                                    "Actual Startup Time": 302.536,
                                    "Actual Total Time": 356.862,
                                    "Actual Rows": 100458,
                                    "Actual Loops": 3,
                                    "Inner Unique": false,
                                    "Hash Cond": "(mi_idx.movie_id = t.id)",
                                    "Workers": [
                                        {
                                            "Worker Number": 0,
                                            "Actual Startup Time": 298.575,
                                            "Actual Total Time": 353.239,
                                            "Actual Rows": 94468,
                                            "Actual Loops": 1
                                        },
                                        {
                                            "Worker Number": 1,
                                            "Actual Startup Time": 298.934,
                                            "Actual Total Time": 353.079,
                                            "Actual Rows": 93688,
                                            "Actual Loops": 1
                                        }
                                    ],
                                    "Plans": [
                                        {
                                            "Node Type": "Seq Scan",
                                            "Parent Relationship": "Outer",
                                            "Parallel Aware": true,
                                            "Relation Name": "movie_info_idx",
                                            "Schema": "public",
                                            "Alias": "mi_idx",
                                            "Startup Cost": 0.0,
                                            "Total Cost": 13685.15,
                                            "Plan Rows": 575015,
                                            "Plan Width": 4,
                                            "Actual Startup Time": 0.017,
                                            "Actual Total Time": 34.353,
                                            "Actual Rows": 460012,
                                            "Actual Loops": 3,
                                            "Output": [
                                                "mi_idx.id",
                                                "mi_idx.movie_id",
                                                "mi_idx.info_type_id",
                                                "mi_idx.info",
                                                "mi_idx.note"
                                            ],
                                            "Workers": [
                                                {
                                                    "Worker Number": 0,
                                                    "Actual Startup Time": 0.018,
                                                    "Actual Total Time": 35.652,
                                                    "Actual Rows": 457342,
                                                    "Actual Loops": 1
                                                },
                                                {
                                                    "Worker Number": 1,
                                                    "Actual Startup Time": 0.02,
                                                    "Actual Total Time": 35.143,
                                                    "Actual Rows": 413591,
                                                    "Actual Loops": 1
                                                }
                                            ]
                                        },
                                        {
                                            "Node Type": "Hash",
                                            "Parent Relationship": "Inner",
                                            "Parallel Aware": true,
                                            "Startup Cost": 83602.39,
                                            "Total Cost": 83602.39,
                                            "Plan Rows": 36214,
                                            "Plan Width": 8,
                                            "Actual Startup Time": 269.585,
                                            "Actual Total Time": 269.76,
                                            "Actual Rows": 82055,
                                            "Actual Loops": 3,
                                            "Output": [
                                                "t.id",
                                                "mk.movie_id"
                                            ],
                                            "Hash Buckets": 262144,
                                            "Original Hash Buckets": 131072,
                                            "Hash Batches": 1,
                                            "Original Hash Batches": 1,
                                            "Peak Memory Usage": 12768,
                                            "Workers": [
                                                {
                                                    "Worker Number": 0,
                                                    "Actual Startup Time": 265.983,
                                                    "Actual Total Time": 265.987,
                                                    "Actual Rows": 82847,
                                                    "Actual Loops": 1
                                                },
                                                {
                                                    "Worker Number": 1,
                                                    "Actual Startup Time": 266.31,
                                                    "Actual Total Time": 266.314,
                                                    "Actual Rows": 76077,
                                                    "Actual Loops": 1
                                                }
                                            ],
                                            "Plans": [
                                                {
                                                    "Node Type": "Hash Join",
                                                    "Parent Relationship": "Outer",
                                                    "Parallel Aware": true,
                                                    "Join Type": "Inner",
                                                    "Startup Cost": 38872.62,
                                                    "Total Cost": 83602.39,
                                                    "Plan Rows": 36214,
                                                    "Plan Width": 8,
                                                    "Actual Startup Time": 86.563,
                                                    "Actual Total Time": 248.219,
                                                    "Actual Rows": 82055,
                                                    "Actual Loops": 3,
                                                    "Output": [
                                                        "t.id",
                                                        "mk.movie_id"
                                                    ],
                                                    "Inner Unique": true,
                                                    "Hash Cond": "(mk.movie_id = t.id)",
                                                    "Workers": [
                                                        {
                                                            "Worker Number": 0,
                                                            "Actual Startup Time": 82.959,
                                                            "Actual Total Time": 245.1,
                                                            "Actual Rows": 82847,
                                                            "Actual Loops": 1
                                                        },
                                                        {
                                                            "Worker Number": 1,
                                                            "Actual Startup Time": 83.306,
                                                            "Actual Total Time": 244.881,
                                                            "Actual Rows": 76077,
                                                            "Actual Loops": 1
                                                        }
                                                    ],
                                                    "Plans": [
                                                        {
                                                            "Node Type": "Seq Scan",
                                                            "Parent Relationship": "Outer",
                                                            "Parallel Aware": true,
                                                            "Relation Name": "movie_keyword",
                                                            "Schema": "public",
                                                            "Alias": "mk",
                                                            "Startup Cost": 0.0,
                                                            "Total Cost": 42695.65,
                                                            "Plan Rows": 774898,
                                                            "Plan Width": 4,
                                                            "Actual Startup Time": 0.013,
                                                            "Actual Total Time": 127.247,
                                                            "Actual Rows": 803537,
                                                            "Actual Loops": 3,
                                                            "Output": [
                                                                "mk.id",
                                                                "mk.movie_id",
                                                                "mk.keyword_id"
                                                            ],
                                                            "Filter": "(mk.keyword_id < 5647)",
                                                            "Rows Removed by Filter": 704440,
                                                            "Workers": [
                                                                {
                                                                    "Worker Number": 0,
                                                                    "Actual Startup Time": 0.013,
                                                                    "Actual Total Time": 129.595,
                                                                    "Actual Rows": 791735,
                                                                    "Actual Loops": 1
                                                                },
                                                                {
                                                                    "Worker Number": 1,
                                                                    "Actual Startup Time": 0.016,
                                                                    "Actual Total Time": 127.707,
                                                                    "Actual Rows": 747315,
                                                                    "Actual Loops": 1
                                                                }
                                                            ]
                                                        },
                                                        {
                                                            "Node Type": "Hash",
                                                            "Parent Relationship": "Inner",
                                                            "Parallel Aware": true,
                                                            "Startup Cost": 38503.39,
                                                            "Total Cost": 38503.39,
                                                            "Plan Rows": 29539,
                                                            "Plan Width": 4,
                                                            "Actual Startup Time": 49.499,
                                                            "Actual Total Time": 49.5,
                                                            "Actual Rows": 39411,
                                                            "Actual Loops": 3,
                                                            "Output": [
                                                                "t.id"
                                                            ],
                                                            "Hash Buckets": 131072,
                                                            "Original Hash Buckets": 131072,
                                                            "Hash Batches": 1,
                                                            "Original Hash Batches": 1,
                                                            "Peak Memory Usage": 5728,
                                                            "Workers": [
                                                                {
                                                                    "Worker Number": 0,
                                                                    "Actual Startup Time": 46.171,
                                                                    "Actual Total Time": 46.172,
                                                                    "Actual Rows": 23816,
                                                                    "Actual Loops": 1
                                                                },
                                                                {
                                                                    "Worker Number": 1,
                                                                    "Actual Startup Time": 46.511,
                                                                    "Actual Total Time": 46.512,
                                                                    "Actual Rows": 19727,
                                                                    "Actual Loops": 1
                                                                }
                                                            ],
                                                            "Plans": [
                                                                {
                                                                    "Node Type": "Bitmap Heap Scan",
                                                                    "Parent Relationship": "Outer",
                                                                    "Parallel Aware": true,
                                                                    "Relation Name": "title",
                                                                    "Schema": "public",
                                                                    "Alias": "t",
                                                                    "Startup Cost": 2136.15,
                                                                    "Total Cost": 38503.39,
                                                                    "Plan Rows": 29539,
                                                                    "Plan Width": 4,
                                                                    "Actual Startup Time": 5.126,
                                                                    "Actual Total Time": 37.803,
                                                                    "Actual Rows": 39411,
                                                                    "Actual Loops": 3,
                                                                    "Output": [
                                                                        "t.id"
                                                                    ],
                                                                    "Recheck Cond": "(t.kind_id = 4)",
                                                                    "Rows Removed by Index Recheck": 0,
                                                                    "Exact Heap Blocks": 8058,
                                                                    "Lossy Heap Blocks": 0,
                                                                    "Workers": [
                                                                        {
                                                                            "Worker Number": 0,
                                                                            "Actual Startup Time": 1.949,
                                                                            "Actual Total Time": 36.501,
                                                                            "Actual Rows": 23816,
                                                                            "Actual Loops": 1
                                                                        },
                                                                        {
                                                                            "Worker Number": 1,
                                                                            "Actual Startup Time": 2.194,
                                                                            "Actual Total Time": 36.723,
                                                                            "Actual Rows": 19727,
                                                                            "Actual Loops": 1
                                                                        }
                                                                    ],
                                                                    "Plans": [
                                                                        {
                                                                            "Node Type": "Bitmap Index Scan",
                                                                            "Parent Relationship": "Outer",
                                                                            "Parallel Aware": false,
                                                                            "Index Name": "kind_id_title",
                                                                            "Startup Cost": 0.0,
                                                                            "Total Cost": 2106.61,
                                                                            "Plan Rows": 118157,
                                                                            "Plan Width": 0,
                                                                            "Actual Startup Time": 8.143,
                                                                            "Actual Total Time": 8.144,
                                                                            "Actual Rows": 118234,
                                                                            "Actual Loops": 1,
                                                                            "Index Cond": "(t.kind_id = 4)"
                                                                        }
                                                                    ]
                                                                }
                                                            ]
                                                        }
                                                    ]
                                                }
                                            ]
                                        }
                                    ]
                                }
                            ]
                        }
                    ]
                }
            ]
        },
        "Planning Time": 197.978,
        "Triggers": [],
        "Execution Time": 379.0
    }
]