{
  "Plan": {
    "Node Type": "Aggregate",
    "Strategy": "Plain",
    "Partial Mode": "Finalize",
    "Parallel Aware": false,
    "Startup Cost": 711292.36,
    "Total Cost": 711292.37,
    "Plan Rows": 1,
    "Plan Width": 8,
    "Actual Startup Time": 6383.265,
    "Actual Total Time": 6459.618,
    "Actual Rows": 1,
    "Actual Loops": 1,
    "Plans": [
      {
        "Node Type": "Gather",
        "Parent Relationship": "Outer",
        "Parallel Aware": false,
        "Startup Cost": 711292.25,
        "Total Cost": 711292.36,
        "Plan Rows": 1,
        "Plan Width": 8,
        "Actual Startup Time": 6377.588,
        "Actual Total Time": 6459.606,
        "Actual Rows": 2,
        "Actual Loops": 1,
        "Workers Planned": 1,
        "Workers Launched": 1,
        "Single Copy": false,
        "Plans": [
          {
            "Node Type": "Aggregate",
            "Strategy": "Plain",
            "Partial Mode": "Partial",
            "Parent Relationship": "Outer",
            "Parallel Aware": false,
            "Startup Cost": 710292.25,
            "Total Cost": 710292.26,
            "Plan Rows": 1,
            "Plan Width": 8,
            "Actual Startup Time": 6371.773,
            "Actual Total Time": 6373.084,
            "Actual Rows": 1,
            "Actual Loops": 2,
            "Plans": [
              {
                "Node Type": "Hash Join",
                "Parent Relationship": "Outer",
                "Parallel Aware": true,
                "Join Type": "Inner",
                "Startup Cost": 120848.39,
                "Total Cost": 697248.12,
                "Plan Rows": 5217650,
                "Plan Width": 0,
                "Actual Startup Time": 800.873,
                "Actual Total Time": 5790.894,
                "Actual Rows": 15217715,
                "Actual Loops": 2,
                "Inner Unique": false,
                "Hash Cond": "(ci.movie_id = t.id)",
                "Plans": [
                  {
                    "Node Type": "Seq Scan",
                    "Parent Relationship": "Outer",
                    "Parallel Aware": true,
                    "Relation Name": "cast_info",
                    "Alias": "ci",
                    "Startup Cost": 0.0,
                    "Total Cost": 465792.95,
                    "Plan Rows": 21310595,
                    "Plan Width": 4,
                    "Actual Startup Time": 0.021,
                    "Actual Total Time": 1324.5,
                    "Actual Rows": 18122172,
                    "Actual Loops": 2
                  },
                  {
                    "Node Type": "Hash",
                    "Parent Relationship": "Inner",
                    "Parallel Aware": true,
                    "Startup Cost": 116296.75,
                    "Total Cost": 116296.75,
                    "Plan Rows": 364131,
                    "Plan Width": 8,
                    "Actual Startup Time": 791.704,
                    "Actual Total Time": 793.013,
                    "Actual Rows": 311124,
                    "Actual Loops": 2,
                    "Hash Buckets": 1048576,
                    "Original Hash Buckets": 1048576,
                    "Hash Batches": 1,
                    "Original Hash Batches": 1,
                    "Peak Memory Usage": 32576,
                    "Plans": [
                      {
                        "Node Type": "Hash Join",
                        "Parent Relationship": "Outer",
                        "Parallel Aware": true,
                        "Join Type": "Inner",
                        "Startup Cost": 86135.15,
                        "Total Cost": 116296.75,
                        "Plan Rows": 364131,
                        "Plan Width": 8,
                        "Actual Startup Time": 571.199,
                        "Actual Total Time": 731.069,
                        "Actual Rows": 311124,
                        "Actual Loops": 2,
                        "Inner Unique": true,
                        "Hash Cond": "(mk.movie_id = t.id)",
                        "Plans": [
                          {
                            "Node Type": "Bitmap Heap Scan",
                            "Parent Relationship": "Outer",
                            "Parallel Aware": true,
                            "Relation Name": "movie_keyword",
                            "Alias": "mk",
                            "Startup Cost": 13608.18,
                            "Total Cost": 42779.21,
                            "Plan Rows": 377362,
                            "Plan Width": 4,
                            "Actual Startup Time": 36.075,
                            "Actual Total Time": 113.99,
                            "Actual Rows": 313354,
                            "Actual Loops": 2,
                            "Recheck Cond": "(keyword_id > 29297)",
                            "Rows Removed by Index Recheck": 0,
                            "Exact Heap Blocks": 12979,
                            "Lossy Heap Blocks": 0,
                            "Plans": [
                              {
                                "Node Type": "Bitmap Index Scan",
                                "Parent Relationship": "Outer",
                                "Parallel Aware": false,
                                "Index Name": "keyword_id_movie_keyword",
                                "Startup Cost": 0.0,
                                "Total Cost": 13447.8,
                                "Plan Rows": 641516,
                                "Plan Width": 0,
                                "Actual Startup Time": 32.583,
                                "Actual Total Time": 32.583,
                                "Actual Rows": 626709,
                                "Actual Loops": 1,
                                "Index Cond": "(keyword_id > 29297)"
                              }
                            ]
                          },
                          {
                            "Node Type": "Hash",
                            "Parent Relationship": "Inner",
                            "Parallel Aware": true,
                            "Startup Cost": 54588.39,
                            "Total Cost": 54588.39,
                            "Plan Rows": 1435086,
                            "Plan Width": 4,
                            "Actual Startup Time": 518.924,
                            "Actual Total Time": 518.925,
                            "Actual Rows": 1217564,
                            "Actual Loops": 2,
                            "Hash Buckets": 4194304,
                            "Original Hash Buckets": 4194304,
                            "Hash Batches": 1,
                            "Original Hash Batches": 1,
                            "Peak Memory Usage": 128064,
                            "Plans": [
                              {
                                "Node Type": "Seq Scan",
                                "Parent Relationship": "Outer",
                                "Parallel Aware": true,
                                "Relation Name": "title",
                                "Alias": "t",
                                "Startup Cost": 0.0,
                                "Total Cost": 54588.39,
                                "Plan Rows": 1435086,
                                "Plan Width": 4,
                                "Actual Startup Time": 0.053,
                                "Actual Total Time": 183.42,
                                "Actual Rows": 1217564,
                                "Actual Loops": 2,
                                "Filter": "(production_year > 1908)",
                                "Rows Removed by Filter": 46592
                              }
                            ]
                          }
                        ]
                      }
                    ]
                  }
                ]
              }
            ]
          }
        ]
      }
    ]
  },
  "Planning Time": 0.864,
  "Triggers": [],
  "Execution Time": 6459.743
}