[
  {
    "Plan": {
      "Node Type": "Aggregate",
      "Strategy": "Plain",
      "Partial Mode": "Finalize",
      "Parallel Aware": false,
      "Startup Cost": 350025.59,
      "Total Cost": 350025.6,
      "Plan Rows": 1,
      "Plan Width": 8,
      "Actual Startup Time": 846.058,
      "Actual Total Time": 901.92,
      "Actual Rows": 1,
      "Actual Loops": 1,
      "Plans": [
        {
          "Node Type": "Gather",
          "Parent Relationship": "Outer",
          "Parallel Aware": false,
          "Startup Cost": 350024.97,
          "Total Cost": 350025.58,
          "Plan Rows": 6,
          "Plan Width": 8,
          "Actual Startup Time": 845.852,
          "Actual Total Time": 901.908,
          "Actual Rows": 7,
          "Actual Loops": 1,
          "Workers Planned": 6,
          "Workers Launched": 6,
          "Single Copy": false,
          "Plans": [
            {
              "Node Type": "Aggregate",
              "Strategy": "Plain",
              "Partial Mode": "Partial",
              "Parent Relationship": "Outer",
              "Parallel Aware": false,
              "Startup Cost": 349024.97,
              "Total Cost": 349024.98,
              "Plan Rows": 1,
              "Plan Width": 8,
              "Actual Startup Time": 838.859,
              "Actual Total Time": 838.86,
              "Actual Rows": 1,
              "Actual Loops": 7,
              "Plans": [
                {
                  "Node Type": "Seq Scan",
                  "Parent Relationship": "Outer",
                  "Parallel Aware": true,
                  "Relation Name": "cast_info",
                  "Alias": "ci",
                  "Startup Cost": 0.0,
                  "Total Cost": 343316.27,
                  "Plan Rows": 2283479,
                  "Plan Width": 0,
                  "Actual Startup Time": 222.067,
                  "Actual Total Time": 708.245,
                  "Actual Rows": 2755470,
                  "Actual Loops": 7,
                  "Filter": "((person_id > 1507052) AND (role_id > 1))",
                  "Rows Removed by Filter": 2422293
                }
              ]
            }
          ]
        }
      ]
    },
    "Planning Time": 0.114,
    "Triggers": [],
    "Execution Time": 901.969
  }
]