{
  "Plan": {
    "Node Type": "Aggregate",
    "Strategy": "Plain",
    "Partial Mode": "Finalize",
    "Parallel Aware": false,
    "Startup Cost": 100297.36,
    "Total Cost": 100297.37,
    "Plan Rows": 1,
    "Plan Width": 8,
    "Actual Startup Time": 406.161,
    "Actual Total Time": 421.606,
    "Actual Rows": 1,
    "Actual Loops": 1,
    "Plans": [
      {
        "Node Type": "Gather",
        "Parent Relationship": "Outer",
        "Parallel Aware": false,
        "Startup Cost": 100297.25,
        "Total Cost": 100297.36,
        "Plan Rows": 1,
        "Plan Width": 8,
        "Actual Startup Time": 405.571,
        "Actual Total Time": 421.599,
        "Actual Rows": 2,
        "Actual Loops": 1,
        "Workers Planned": 1,
        "Workers Launched": 1,
        "Single Copy": false,
        "Plans": [
          {
            "Node Type": "Aggregate",
            "Strategy": "Plain",
            "Partial Mode": "Partial",
            "Parent Relationship": "Outer",
            "Parallel Aware": false,
            "Startup Cost": 99297.25,
            "Total Cost": 99297.26,
            "Plan Rows": 1,
            "Plan Width": 8,
            "Actual Startup Time": 399.394,
            "Actual Total Time": 399.398,
            "Actual Rows": 1,
            "Actual Loops": 2,
            "Plans": [
              {
                "Node Type": "Nested Loop",
                "Parent Relationship": "Outer",
                "Parallel Aware": false,
                "Join Type": "Inner",
                "Startup Cost": 27776.35,
                "Total Cost": 99264.74,
                "Plan Rows": 13004,
                "Plan Width": 0,
                "Actual Startup Time": 108.663,
                "Actual Total Time": 397.558,
                "Actual Rows": 33040,
                "Actual Loops": 2,
                "Inner Unique": false,
                "Plans": [
                  {
                    "Node Type": "Hash Join",
                    "Parent Relationship": "Outer",
                    "Parallel Aware": true,
                    "Join Type": "Inner",
                    "Startup Cost": 27775.92,
                    "Total Cost": 85397.0,
                    "Plan Rows": 23825,
                    "Plan Width": 8,
                    "Actual Startup Time": 108.442,
                    "Actual Total Time": 339.865,
                    "Actual Rows": 17548,
                    "Actual Loops": 2,
                    "Inner Unique": false,
                    "Hash Cond": "(t.id = mc.movie_id)",
                    "Plans": [
                      {
                        "Node Type": "Seq Scan",
                        "Parent Relationship": "Outer",
                        "Parallel Aware": true,
                        "Relation Name": "title",
                        "Alias": "t",
                        "Startup Cost": 0.0,
                        "Total Cost": 54588.39,
                        "Plan Rows": 462806,
                        "Plan Width": 4,
                        "Actual Startup Time": 0.014,
                        "Actual Total Time": 145.718,
                        "Actual Rows": 392463,
                        "Actual Loops": 2,
                        "Filter": "(production_year > 2007)",
                        "Rows Removed by Filter": 871693
                      },
                      {
                        "Node Type": "Hash",
                        "Parent Relationship": "Inner",
                        "Parallel Aware": true,
                        "Startup Cost": 26818.89,
                        "Total Cost": 26818.89,
                        "Plan Rows": 76562,
                        "Plan Width": 4,
                        "Actual Startup Time": 106.156,
                        "Actual Total Time": 106.158,
                        "Actual Rows": 100584,
                        "Actual Loops": 2,
                        "Hash Buckets": 262144,
                        "Original Hash Buckets": 131072,
                        "Hash Batches": 1,
                        "Original Hash Batches": 1,
                        "Peak Memory Usage": 10944,
                        "Plans": [
                          {
                            "Node Type": "Bitmap Heap Scan",
                            "Parent Relationship": "Outer",
                            "Parallel Aware": true,
                            "Relation Name": "movie_companies",
                            "Alias": "mc",
                            "Startup Cost": 5695.96,
                            "Total Cost": 26818.89,
                            "Plan Rows": 76562,
                            "Plan Width": 4,
                            "Actual Startup Time": 28.854,
                            "Actual Total Time": 80.971,
                            "Actual Rows": 100584,
                            "Actual Loops": 2,
                            "Recheck Cond": "(company_id < 137)",
                            "Rows Removed by Index Recheck": 0,
                            "Filter": "(company_type_id < 2)",
                            "Rows Removed by Filter": 30832,
                            "Exact Heap Blocks": 11457,
                            "Lossy Heap Blocks": 0,
                            "Plans": [
                              {
                                "Node Type": "Bitmap Index Scan",
                                "Parent Relationship": "Outer",
                                "Parallel Aware": false,
                                "Index Name": "company_id_movie_companies",
                                "Startup Cost": 0.0,
                                "Total Cost": 5663.42,
                                "Plan Rows": 264399,
                                "Plan Width": 0,
                                "Actual Startup Time": 28.087,
                                "Actual Total Time": 28.087,
                                "Actual Rows": 262833,
                                "Actual Loops": 1,
                                "Index Cond": "(company_id < 137)"
                              }
                            ]
                          }
                        ]
                      }
                    ]
                  },
                  {
                    "Node Type": "Index Only Scan",
                    "Parent Relationship": "Inner",
                    "Parallel Aware": false,
                    "Scan Direction": "Forward",
                    "Index Name": "movie_id_movie_info_idx",
                    "Relation Name": "movie_info_idx",
                    "Alias": "mi_idx",
                    "Startup Cost": 0.43,
                    "Total Cost": 0.55,
                    "Plan Rows": 3,
                    "Plan Width": 4,
                    "Actual Startup Time": 0.003,
                    "Actual Total Time": 0.003,
                    "Actual Rows": 2,
                    "Actual Loops": 35097,
                    "Index Cond": "(movie_id = t.id)",
                    "Rows Removed by Index Recheck": 0,
                    "Heap Fetches": 66080
                  }
                ]
              }
            ]
          }
        ]
      }
    ]
  },
  "Planning Time": 1.12,
  "Triggers": [],
  "Execution Time": 421.722
}