[
  {
    "Plan": {
      "Node Type": "Aggregate",
      "Strategy": "Plain",
      "Partial Mode": "Finalize",
      "Parallel Aware": false,
      "Startup Cost": 45166.87,
      "Total Cost": 45166.88,
      "Plan Rows": 1,
      "Plan Width": 8,
      "Actual Startup Time": 129.627,
      "Actual Total Time": 138.7,
      "Actual Rows": 1,
      "Actual Loops": 1,
      "Plans": [
        {
          "Node Type": "Gather",
          "Parent Relationship": "Outer",
          "Parallel Aware": false,
          "Startup Cost": 45166.55,
          "Total Cost": 45166.86,
          "Plan Rows": 3,
          "Plan Width": 8,
          "Actual Startup Time": 129.47,
          "Actual Total Time": 138.693,
          "Actual Rows": 4,
          "Actual Loops": 1,
          "Workers Planned": 3,
          "Workers Launched": 3,
          "Single Copy": false,
          "Plans": [
            {
              "Node Type": "Aggregate",
              "Strategy": "Plain",
              "Partial Mode": "Partial",
              "Parent Relationship": "Outer",
              "Parallel Aware": false,
              "Startup Cost": 44166.55,
              "Total Cost": 44166.56,
              "Plan Rows": 1,
              "Plan Width": 8,
              "Actual Startup Time": 124.516,
              "Actual Total Time": 124.518,
              "Actual Rows": 1,
              "Actual Loops": 4,
              "Plans": [
                {
                  "Node Type": "Seq Scan",
                  "Parent Relationship": "Outer",
                  "Parallel Aware": true,
                  "Relation Name": "movie_keyword",
                  "Alias": "mk",
                  "Startup Cost": 0.0,
                  "Total Cost": 42695.65,
                  "Plan Rows": 588358,
                  "Plan Width": 0,
                  "Actual Startup Time": 0.038,
                  "Actual Total Time": 104.228,
                  "Actual Rows": 456067,
                  "Actual Loops": 4,
                  "Filter": "(keyword_id < 2990)",
                  "Rows Removed by Filter": 674916
                }
              ]
            }
          ]
        }
      ]
    },
    "Planning Time": 0.087,
    "Triggers": [],
    "Execution Time": 138.728
  }
]