[
  {
    "Plan": {
      "Node Type": "Aggregate",
      "Strategy": "Plain",
      "Partial Mode": "Finalize",
      "Parallel Aware": false,
      "Startup Cost": 32613.05,
      "Total Cost": 32613.06,
      "Plan Rows": 1,
      "Plan Width": 8,
      "Actual Startup Time": 63.552,
      "Actual Total Time": 69.465,
      "Actual Rows": 1,
      "Actual Loops": 1,
      "Plans": [
        {
          "Node Type": "Gather",
          "Parent Relationship": "Outer",
          "Parallel Aware": false,
          "Startup Cost": 32612.73,
          "Total Cost": 32613.04,
          "Plan Rows": 3,
          "Plan Width": 8,
          "Actual Startup Time": 63.503,
          "Actual Total Time": 69.46,
          "Actual Rows": 4,
          "Actual Loops": 1,
          "Workers Planned": 3,
          "Workers Launched": 3,
          "Single Copy": false,
          "Plans": [
            {
              "Node Type": "Aggregate",
              "Strategy": "Plain",
              "Partial Mode": "Partial",
              "Parent Relationship": "Outer",
              "Parallel Aware": false,
              "Startup Cost": 31612.73,
              "Total Cost": 31612.74,
              "Plan Rows": 1,
              "Plan Width": 8,
              "Actual Startup Time": 60.52,
              "Actual Total Time": 60.522,
              "Actual Rows": 1,
              "Actual Loops": 4,
              "Plans": [
                {
                  "Node Type": "Seq Scan",
                  "Parent Relationship": "Outer",
                  "Parallel Aware": true,
                  "Relation Name": "movie_companies",
                  "Alias": "mc",
                  "Startup Cost": 0.0,
                  "Total Cost": 31414.82,
                  "Plan Rows": 79165,
                  "Plan Width": 0,
                  "Actual Startup Time": 33.901,
                  "Actual Total Time": 59.177,
                  "Actual Rows": 30611,
                  "Actual Loops": 4,
                  "Filter": "((company_id < 419) AND (company_type_id = 2))",
                  "Rows Removed by Filter": 621672
                }
              ]
            }
          ]
        }
      ]
    },
    "Planning Time": 0.084,
    "Triggers": [],
    "Execution Time": 69.491
  }
]