[
  {
    "Plan": {
      "Node Type": "Aggregate",
      "Strategy": "Plain",
      "Partial Mode": "Finalize",
      "Parallel Aware": false,
      "Startup Cost": 629089.98,
      "Total Cost": 629089.99,
      "Plan Rows": 1,
      "Plan Width": 8,
      "Actual Startup Time": 3466.179,
      "Actual Total Time": 3549.546,
      "Actual Rows": 1,
      "Actual Loops": 1,
      "Plans": [
        {
          "Node Type": "Gather",
          "Parent Relationship": "Outer",
          "Parallel Aware": false,
          "Startup Cost": 629089.36,
          "Total Cost": 629089.97,
          "Plan Rows": 6,
          "Plan Width": 8,
          "Actual Startup Time": 3447.749,
          "Actual Total Time": 3549.533,
          "Actual Rows": 7,
          "Actual Loops": 1,
          "Workers Planned": 6,
          "Workers Launched": 6,
          "Single Copy": false,
          "Plans": [
            {
              "Node Type": "Aggregate",
              "Strategy": "Plain",
              "Partial Mode": "Partial",
              "Parent Relationship": "Outer",
              "Parallel Aware": false,
              "Startup Cost": 628089.36,
              "Total Cost": 628089.37,
              "Plan Rows": 1,
              "Plan Width": 8,
              "Actual Startup Time": 3424.731,
              "Actual Total Time": 3424.813,
              "Actual Rows": 1,
              "Actual Loops": 7,
              "Plans": [
                {
                  "Node Type": "Hash Join",
                  "Parent Relationship": "Outer",
                  "Parallel Aware": true,
                  "Join Type": "Inner",
                  "Startup Cost": 255277.1,
                  "Total Cost": 607476.73,
                  "Plan Rows": 8245052,
                  "Plan Width": 0,
                  "Actual Startup Time": 861.128,
                  "Actual Total Time": 3224.503,
                  "Actual Rows": 4937404,
                  "Actual Loops": 7,
                  "Inner Unique": false,
                  "Hash Cond": "(ci.movie_id = t.id)",
                  "Plans": [
                    {
                      "Node Type": "Seq Scan",
                      "Parent Relationship": "Outer",
                      "Parallel Aware": true,
                      "Relation Name": "cast_info",
                      "Alias": "ci",
                      "Startup Cost": 0.0,
                      "Total Cost": 313067.02,
                      "Plan Rows": 6038002,
                      "Plan Width": 4,
                      "Actual Startup Time": 0.018,
                      "Actual Total Time": 523.593,
                      "Actual Rows": 5177763,
                      "Actual Loops": 7
                    },
                    {
                      "Node Type": "Hash",
                      "Parent Relationship": "Inner",
                      "Parallel Aware": true,
                      "Startup Cost": 246645.98,
                      "Total Cost": 246645.98,
                      "Plan Rows": 690490,
                      "Plan Width": 8,
                      "Actual Startup Time": 854.158,
                      "Actual Total Time": 854.24,
                      "Actual Rows": 259845,
                      "Actual Loops": 7,
                      "Hash Buckets": 4194304,
                      "Original Hash Buckets": 4194304,
                      "Hash Batches": 1,
                      "Original Hash Batches": 1,
                      "Peak Memory Usage": 104096,
                      "Plans": [
                        {
                          "Node Type": "Hash Join",
                          "Parent Relationship": "Outer",
                          "Parallel Aware": true,
                          "Join Type": "Inner",
                          "Startup Cost": 47324.21,
                          "Total Cost": 246645.98,
                          "Plan Rows": 690490,
                          "Plan Width": 8,
                          "Actual Startup Time": 112.165,
                          "Actual Total Time": 730.86,
                          "Actual Rows": 259845,
                          "Actual Loops": 7,
                          "Inner Unique": true,
                          "Hash Cond": "(mi.movie_id = t.id)",
                          "Plans": [
                            {
                              "Node Type": "Seq Scan",
                              "Parent Relationship": "Outer",
                              "Parallel Aware": true,
                              "Relation Name": "movie_info",
                              "Alias": "mi",
                              "Startup Cost": 0.0,
                              "Total Cost": 191560.33,
                              "Plan Rows": 2956733,
                              "Plan Width": 4,
                              "Actual Startup Time": 0.031,
                              "Actual Total Time": 263.857,
                              "Actual Rows": 2119389,
                              "Actual Loops": 7
                            },
                            {
                              "Node Type": "Hash",
                              "Parent Relationship": "Inner",
                              "Parallel Aware": true,
                              "Startup Cost": 45479.1,
                              "Total Cost": 45479.1,
                              "Plan Rows": 147609,
                              "Plan Width": 4,
                              "Actual Startup Time": 111.061,
                              "Actual Total Time": 111.062,
                              "Actual Rows": 70380,
                              "Actual Loops": 7,
                              "Hash Buckets": 1048576,
                              "Original Hash Buckets": 1048576,
                              "Hash Batches": 1,
                              "Original Hash Batches": 1,
                              "Peak Memory Usage": 27584,
                              "Plans": [
                                {
                                  "Node Type": "Seq Scan",
                                  "Parent Relationship": "Outer",
                                  "Parallel Aware": true,
                                  "Relation Name": "title",
                                  "Alias": "t",
                                  "Startup Cost": 0.0,
                                  "Total Cost": 45479.1,
                                  "Plan Rows": 147609,
                                  "Plan Width": 4,
                                  "Actual Startup Time": 0.042,
                                  "Actual Total Time": 74.639,
                                  "Actual Rows": 70380,
                                  "Actual Loops": 7,
                                  "Filter": "((kind_id > 4) AND (production_year < 1999))",
                                  "Rows Removed by Filter": 290807
                                }
                              ]
                            }
                          ]
                        }
                      ]
                    }
                  ]
                }
              ]
            }
          ]
        }
      ]
    },
    "Planning Time": 1.34,
    "Triggers": [],
    "Execution Time": 3549.646
  }
]