[
  {
    "Plan": {
      "Node Type": "Aggregate",
      "Strategy": "Plain",
      "Partial Mode": "Finalize",
      "Parallel Aware": false,
      "Startup Cost": 336270.52,
      "Total Cost": 336270.53,
      "Plan Rows": 1,
      "Plan Width": 8,
      "Actual Startup Time": 819.968,
      "Actual Total Time": 867.34,
      "Actual Rows": 1,
      "Actual Loops": 1,
      "Plans": [
        {
          "Node Type": "Gather",
          "Parent Relationship": "Outer",
          "Parallel Aware": false,
          "Startup Cost": 336269.9,
          "Total Cost": 336270.51,
          "Plan Rows": 6,
          "Plan Width": 8,
          "Actual Startup Time": 819.726,
          "Actual Total Time": 867.322,
          "Actual Rows": 7,
          "Actual Loops": 1,
          "Workers Planned": 6,
          "Workers Launched": 6,
          "Single Copy": false,
          "Plans": [
            {
              "Node Type": "Aggregate",
              "Strategy": "Plain",
              "Partial Mode": "Partial",
              "Parent Relationship": "Outer",
              "Parallel Aware": false,
              "Startup Cost": 335269.9,
              "Total Cost": 335269.91,
              "Plan Rows": 1,
              "Plan Width": 8,
              "Actual Startup Time": 810.152,
              "Actual Total Time": 810.154,
              "Actual Rows": 1,
              "Actual Loops": 7,
              "Plans": [
                {
                  "Node Type": "Seq Scan",
                  "Parent Relationship": "Outer",
                  "Parallel Aware": true,
                  "Relation Name": "cast_info",
                  "Alias": "ci",
                  "Startup Cost": 0.0,
                  "Total Cost": 328211.39,
                  "Plan Rows": 2823403,
                  "Plan Width": 0,
                  "Actual Startup Time": 0.065,
                  "Actual Total Time": 671.333,
                  "Actual Rows": 2444768,
                  "Actual Loops": 7,
                  "Filter": "(person_id < 1690938)",
                  "Rows Removed by Filter": 2732995
                }
              ]
            }
          ]
        }
      ]
    },
    "Planning Time": 0.174,
    "Triggers": [],
    "Execution Time": 867.407
  }
]