[
  {
    "Plan": {
      "Node Type": "Aggregate",
      "Strategy": "Plain",
      "Partial Mode": "Finalize",
      "Parallel Aware": false,
      "Startup Cost": 336266.41,
      "Total Cost": 336266.42,
      "Plan Rows": 1,
      "Plan Width": 8,
      "Actual Startup Time": 768.798,
      "Actual Total Time": 828.912,
      "Actual Rows": 1,
      "Actual Loops": 1,
      "Plans": [
        {
          "Node Type": "Gather",
          "Parent Relationship": "Outer",
          "Parallel Aware": false,
          "Startup Cost": 336265.78,
          "Total Cost": 336266.39,
          "Plan Rows": 6,
          "Plan Width": 8,
          "Actual Startup Time": 768.699,
          "Actual Total Time": 828.901,
          "Actual Rows": 7,
          "Actual Loops": 1,
          "Workers Planned": 6,
          "Workers Launched": 6,
          "Single Copy": false,
          "Plans": [
            {
              "Node Type": "Aggregate",
              "Strategy": "Plain",
              "Partial Mode": "Partial",
              "Parent Relationship": "Outer",
              "Parallel Aware": false,
              "Startup Cost": 335265.78,
              "Total Cost": 335265.79,
              "Plan Rows": 1,
              "Plan Width": 8,
              "Actual Startup Time": 757.895,
              "Actual Total Time": 757.896,
              "Actual Rows": 1,
              "Actual Loops": 7,
              "Plans": [
                {
                  "Node Type": "Seq Scan",
                  "Parent Relationship": "Outer",
                  "Parallel Aware": true,
                  "Relation Name": "cast_info",
                  "Alias": "ci",
                  "Startup Cost": 0.0,
                  "Total Cost": 328162.03,
                  "Plan Rows": 2841502,
                  "Plan Width": 0,
                  "Actual Startup Time": 0.057,
                  "Actual Total Time": 636.493,
                  "Actual Rows": 2444768,
                  "Actual Loops": 7,
                  "Filter": "(person_id < 1690938)",
                  "Rows Removed by Filter": 2732995
                }
              ]
            }
          ]
        }
      ]
    },
    "Planning Time": 0.17,
    "Triggers": [],
    "Execution Time": 828.985
  }
]