[
  {
    "Plan": {
      "Node Type": "Aggregate",
      "Strategy": "Plain",
      "Partial Mode": "Finalize",
      "Parallel Aware": false,
      "Startup Cost": 336906.26,
      "Total Cost": 336906.27,
      "Plan Rows": 1,
      "Plan Width": 8,
      "Actual Startup Time": 372.794,
      "Actual Total Time": 393.431,
      "Actual Rows": 1,
      "Actual Loops": 1,
      "Plans": [
        {
          "Node Type": "Gather",
          "Parent Relationship": "Outer",
          "Parallel Aware": false,
          "Startup Cost": 336905.64,
          "Total Cost": 336906.25,
          "Plan Rows": 6,
          "Plan Width": 8,
          "Actual Startup Time": 372.72,
          "Actual Total Time": 393.421,
          "Actual Rows": 7,
          "Actual Loops": 1,
          "Workers Planned": 6,
          "Workers Launched": 6,
          "Single Copy": false,
          "Plans": [
            {
              "Node Type": "Aggregate",
              "Strategy": "Plain",
              "Partial Mode": "Partial",
              "Parent Relationship": "Outer",
              "Parallel Aware": false,
              "Startup Cost": 335905.64,
              "Total Cost": 335905.65,
              "Plan Rows": 1,
              "Plan Width": 8,
              "Actual Startup Time": 364.488,
              "Actual Total Time": 364.489,
              "Actual Rows": 1,
              "Actual Loops": 7,
              "Plans": [
                {
                  "Node Type": "Index Scan",
                  "Parent Relationship": "Outer",
                  "Parallel Aware": true,
                  "Scan Direction": "Forward",
                  "Index Name": "role_id_cast_info",
                  "Relation Name": "cast_info",
                  "Alias": "ci",
                  "Startup Cost": 0.56,
                  "Total Cost": 335235.55,
                  "Plan Rows": 268036,
                  "Plan Width": 0,
                  "Actual Startup Time": 0.141,
                  "Actual Total Time": 341.322,
                  "Actual Rows": 495590,
                  "Actual Loops": 7,
                  "Index Cond": "(role_id < 2)",
                  "Rows Removed by Index Recheck": 0,
                  "Filter": "(person_id < 465726)",
                  "Rows Removed by Filter": 1314508
                }
              ]
            }
          ]
        }
      ]
    },
    "Planning Time": 0.156,
    "Triggers": [],
    "Execution Time": 393.489
  }
]