[
  {
    "Plan": {
      "Node Type": "Aggregate",
      "Strategy": "Plain",
      "Partial Mode": "Finalize",
      "Parallel Aware": false,
      "Startup Cost": 205426.5,
      "Total Cost": 205426.51,
      "Plan Rows": 1,
      "Plan Width": 8,
      "Actual Startup Time": 166.607,
      "Actual Total Time": 196.111,
      "Actual Rows": 1,
      "Actual Loops": 1,
      "Plans": [
        {
          "Node Type": "Gather",
          "Parent Relationship": "Outer",
          "Parallel Aware": false,
          "Startup Cost": 205426.08,
          "Total Cost": 205426.49,
          "Plan Rows": 4,
          "Plan Width": 8,
          "Actual Startup Time": 166.484,
          "Actual Total Time": 196.102,
          "Actual Rows": 5,
          "Actual Loops": 1,
          "Workers Planned": 4,
          "Workers Launched": 4,
          "Single Copy": false,
          "Plans": [
            {
              "Node Type": "Aggregate",
              "Strategy": "Plain",
              "Partial Mode": "Partial",
              "Parent Relationship": "Outer",
              "Parallel Aware": false,
              "Startup Cost": 204426.08,
              "Total Cost": 204426.09,
              "Plan Rows": 1,
              "Plan Width": 8,
              "Actual Startup Time": 158.39,
              "Actual Total Time": 158.391,
              "Actual Rows": 1,
              "Actual Loops": 5,
              "Plans": [
                {
                  "Node Type": "Nested Loop",
                  "Parent Relationship": "Outer",
                  "Parallel Aware": false,
                  "Join Type": "Inner",
                  "Startup Cost": 0.56,
                  "Total Cost": 204398.45,
                  "Plan Rows": 11049,
                  "Plan Width": 0,
                  "Actual Startup Time": 1.245,
                  "Actual Total Time": 157.448,
                  "Actual Rows": 9365,
                  "Actual Loops": 5,
                  "Inner Unique": false,
                  "Plans": [
                    {
                      "Node Type": "Seq Scan",
                      "Parent Relationship": "Outer",
                      "Parallel Aware": true,
                      "Relation Name": "title",
                      "Alias": "t",
                      "Startup Cost": 0.0,
                      "Total Cost": 45479.1,
                      "Plan Rows": 1454,
                      "Plan Width": 4,
                      "Actual Startup Time": 0.791,
                      "Actual Total Time": 72.578,
                      "Actual Rows": 1183,
                      "Actual Loops": 5,
                      "Filter": "((kind_id < 7) AND (production_year = 1974))",
                      "Rows Removed by Filter": 504480
                    },
                    {
                      "Node Type": "Index Scan",
                      "Parent Relationship": "Inner",
                      "Parallel Aware": false,
                      "Scan Direction": "Forward",
                      "Index Name": "movie_id_cast_info",
                      "Relation Name": "cast_info",
                      "Alias": "ci",
                      "Startup Cost": 0.56,
                      "Total Cost": 109.11,
                      "Plan Rows": 19,
                      "Plan Width": 4,
                      "Actual Startup Time": 0.039,
                      "Actual Total Time": 0.07,
                      "Actual Rows": 8,
                      "Actual Loops": 5914,
                      "Index Cond": "(movie_id = t.id)",
                      "Rows Removed by Index Recheck": 0,
                      "Filter": "((person_id > 686026) AND (role_id > 1))",
                      "Rows Removed by Filter": 8
                    }
                  ]
                }
              ]
            }
          ]
        }
      ]
    },
    "Planning Time": 0.455,
    "Triggers": [],
    "Execution Time": 196.178
  }
]