[
  {
    "Plan": {
      "Node Type": "Aggregate",
      "Strategy": "Plain",
      "Partial Mode": "Finalize",
      "Parallel Aware": false,
      "Startup Cost": 195497.71,
      "Total Cost": 195497.72,
      "Plan Rows": 1,
      "Plan Width": 8,
      "Actual Startup Time": 178.692,
      "Actual Total Time": 208.77,
      "Actual Rows": 1,
      "Actual Loops": 1,
      "Plans": [
        {
          "Node Type": "Gather",
          "Parent Relationship": "Outer",
          "Parallel Aware": false,
          "Startup Cost": 195497.29,
          "Total Cost": 195497.7,
          "Plan Rows": 4,
          "Plan Width": 8,
          "Actual Startup Time": 178.57,
          "Actual Total Time": 208.763,
          "Actual Rows": 5,
          "Actual Loops": 1,
          "Workers Planned": 4,
          "Workers Launched": 4,
          "Single Copy": false,
          "Plans": [
            {
              "Node Type": "Aggregate",
              "Strategy": "Plain",
              "Partial Mode": "Partial",
              "Parent Relationship": "Outer",
              "Parallel Aware": false,
              "Startup Cost": 194497.29,
              "Total Cost": 194497.3,
              "Plan Rows": 1,
              "Plan Width": 8,
              "Actual Startup Time": 169.659,
              "Actual Total Time": 169.661,
              "Actual Rows": 1,
              "Actual Loops": 5,
              "Plans": [
                {
                  "Node Type": "Nested Loop",
                  "Parent Relationship": "Outer",
                  "Parallel Aware": false,
                  "Join Type": "Inner",
                  "Startup Cost": 0.56,
                  "Total Cost": 194449.64,
                  "Plan Rows": 19061,
                  "Plan Width": 0,
                  "Actual Startup Time": 1.573,
                  "Actual Total Time": 167.659,
                  "Actual Rows": 20034,
                  "Actual Loops": 5,
                  "Inner Unique": false,
                  "Plans": [
                    {
                      "Node Type": "Seq Scan",
                      "Parent Relationship": "Outer",
                      "Parallel Aware": true,
                      "Relation Name": "title",
                      "Alias": "t",
                      "Startup Cost": 0.0,
                      "Total Cost": 45479.1,
                      "Plan Rows": 1330,
                      "Plan Width": 4,
                      "Actual Startup Time": 1.181,
                      "Actual Total Time": 77.105,
                      "Actual Rows": 1266,
                      "Actual Loops": 5,
                      "Filter": "((kind_id < 7) AND (production_year = 1978))",
                      "Rows Removed by Filter": 504396
                    },
                    {
                      "Node Type": "Index Only Scan",
                      "Parent Relationship": "Inner",
                      "Parallel Aware": false,
                      "Scan Direction": "Forward",
                      "Index Name": "movie_id_cast_info",
                      "Relation Name": "cast_info",
                      "Alias": "ci",
                      "Startup Cost": 0.56,
                      "Total Cost": 111.64,
                      "Plan Rows": 37,
                      "Plan Width": 4,
                      "Actual Startup Time": 0.014,
                      "Actual Total Time": 0.069,
                      "Actual Rows": 16,
                      "Actual Loops": 6330,
                      "Index Cond": "(movie_id = t.id)",
                      "Rows Removed by Index Recheck": 0,
                      "Heap Fetches": 100172
                    }
                  ]
                }
              ]
            }
          ]
        }
      ]
    },
    "Planning Time": 0.588,
    "Triggers": [],
    "Execution Time": 208.844
  }
]