[
  {
    "Plan": {
      "Node Type": "Aggregate",
      "Strategy": "Plain",
      "Partial Mode": "Finalize",
      "Parallel Aware": false,
      "Startup Cost": 330595.54,
      "Total Cost": 330595.55,
      "Plan Rows": 1,
      "Plan Width": 8,
      "Actual Startup Time": 633.43,
      "Actual Total Time": 692.174,
      "Actual Rows": 1,
      "Actual Loops": 1,
      "Plans": [
        {
          "Node Type": "Gather",
          "Parent Relationship": "Outer",
          "Parallel Aware": false,
          "Startup Cost": 330594.92,
          "Total Cost": 330595.53,
          "Plan Rows": 6,
          "Plan Width": 8,
          "Actual Startup Time": 633.324,
          "Actual Total Time": 692.164,
          "Actual Rows": 7,
          "Actual Loops": 1,
          "Workers Planned": 6,
          "Workers Launched": 6,
          "Single Copy": false,
          "Plans": [
            {
              "Node Type": "Aggregate",
              "Strategy": "Plain",
              "Partial Mode": "Partial",
              "Parent Relationship": "Outer",
              "Parallel Aware": false,
              "Startup Cost": 329594.92,
              "Total Cost": 329594.93,
              "Plan Rows": 1,
              "Plan Width": 8,
              "Actual Startup Time": 623.846,
              "Actual Total Time": 623.848,
              "Actual Rows": 1,
              "Actual Loops": 7,
              "Plans": [
                {
                  "Node Type": "Seq Scan",
                  "Parent Relationship": "Outer",
                  "Parallel Aware": true,
                  "Relation Name": "cast_info",
                  "Alias": "ci",
                  "Startup Cost": 0.0,
                  "Total Cost": 328162.03,
                  "Plan Rows": 573156,
                  "Plan Width": 0,
                  "Actual Startup Time": 0.049,
                  "Actual Total Time": 594.208,
                  "Actual Rows": 509443,
                  "Actual Loops": 7,
                  "Filter": "(person_id < 341027)",
                  "Rows Removed by Filter": 4668320
                }
              ]
            }
          ]
        }
      ]
    },
    "Planning Time": 0.197,
    "Triggers": [],
    "Execution Time": 692.248
  }
]