[
  {
    "Plan": {
      "Node Type": "Aggregate",
      "Strategy": "Plain",
      "Partial Mode": "Finalize",
      "Parallel Aware": false,
      "Startup Cost": 82840.43,
      "Total Cost": 82840.44,
      "Plan Rows": 1,
      "Plan Width": 8,
      "Actual Startup Time": 349.091,
      "Actual Total Time": 364.05,
      "Actual Rows": 1,
      "Actual Loops": 1,
      "Plans": [
        {
          "Node Type": "Gather",
          "Parent Relationship": "Outer",
          "Parallel Aware": false,
          "Startup Cost": 82840.01,
          "Total Cost": 82840.42,
          "Plan Rows": 4,
          "Plan Width": 8,
          "Actual Startup Time": 344.039,
          "Actual Total Time": 364.04,
          "Actual Rows": 5,
          "Actual Loops": 1,
          "Workers Planned": 4,
          "Workers Launched": 4,
          "Single Copy": false,
          "Plans": [
            {
              "Node Type": "Aggregate",
              "Strategy": "Plain",
              "Partial Mode": "Partial",
              "Parent Relationship": "Outer",
              "Parallel Aware": false,
              "Startup Cost": 81840.01,
              "Total Cost": 81840.02,
              "Plan Rows": 1,
              "Plan Width": 8,
              "Actual Startup Time": 334.306,
              "Actual Total Time": 334.309,
              "Actual Rows": 1,
              "Actual Loops": 5,
              "Plans": [
                {
                  "Node Type": "Hash Join",
                  "Parent Relationship": "Outer",
                  "Parallel Aware": true,
                  "Join Type": "Inner",
                  "Startup Cost": 35065.07,
                  "Total Cost": 81274.22,
                  "Plan Rows": 226316,
                  "Plan Width": 0,
                  "Actual Startup Time": 130.657,
                  "Actual Total Time": 327.532,
                  "Actual Rows": 147746,
                  "Actual Loops": 5,
                  "Inner Unique": false,
                  "Hash Cond": "(t.id = mc.movie_id)",
                  "Plans": [
                    {
                      "Node Type": "Seq Scan",
                      "Parent Relationship": "Outer",
                      "Parallel Aware": true,
                      "Relation Name": "title",
                      "Alias": "t",
                      "Startup Cost": 0.0,
                      "Total Cost": 42318.73,
                      "Plan Rows": 632073,
                      "Plan Width": 4,
                      "Actual Startup Time": 0.013,
                      "Actual Total Time": 67.76,
                      "Actual Rows": 505662,
                      "Actual Loops": 5
                    },
                    {
                      "Node Type": "Hash",
                      "Parent Relationship": "Inner",
                      "Parallel Aware": true,
                      "Startup Cost": 31414.82,
                      "Total Cost": 31414.82,
                      "Plan Rows": 292020,
                      "Plan Width": 4,
                      "Actual Startup Time": 126.055,
                      "Actual Total Time": 126.056,
                      "Actual Rows": 147746,
                      "Actual Loops": 5,
                      "Hash Buckets": 1048576,
                      "Original Hash Buckets": 1048576,
                      "Hash Batches": 1,
                      "Original Hash Batches": 1,
                      "Peak Memory Usage": 37184,
                      "Plans": [
                        {
                          "Node Type": "Seq Scan",
                          "Parent Relationship": "Outer",
                          "Parallel Aware": true,
                          "Relation Name": "movie_companies",
                          "Alias": "mc",
                          "Startup Cost": 0.0,
                          "Total Cost": 31414.82,
                          "Plan Rows": 292020,
                          "Plan Width": 4,
                          "Actual Startup Time": 1.193,
                          "Actual Total Time": 73.828,
                          "Actual Rows": 147746,
                          "Actual Loops": 5,
                          "Filter": "((company_id > 1563) AND (company_type_id = 1))",
                          "Rows Removed by Filter": 374080
                        }
                      ]
                    }
                  ]
                }
              ]
            }
          ]
        }
      ]
    },
    "Planning Time": 0.621,
    "Triggers": [],
    "Execution Time": 364.118
  }
]