[
    {
        "Bao": {
            "Bao prediction": "NaN",
            "Bao recommended hint": "(no hint)"
        }
    },
    {
        "Plan": {
            "Node Type": "Aggregate",
            "Strategy": "Plain",
            "Partial Mode": "Finalize",
            "Parallel Aware": false,
            "Startup Cost": 26405.91,
            "Total Cost": 26405.92,
            "Plan Rows": 1,
            "Plan Width": 8,
            "Actual Startup Time": 50.336,
            "Actual Total Time": 54.049,
            "Actual Rows": 1,
            "Actual Loops": 1,
            "Output": [
                "count(*)"
            ],
            "Plans": [
                {
                    "Node Type": "Gather",
                    "Parent Relationship": "Outer",
                    "Parallel Aware": false,
                    "Startup Cost": 26405.6,
                    "Total Cost": 26405.91,
                    "Plan Rows": 3,
                    "Plan Width": 8,
                    "Actual Startup Time": 50.189,
                    "Actual Total Time": 54.043,
                    "Actual Rows": 4,
                    "Actual Loops": 1,
                    "Output": [
                        "(PARTIAL count(*))"
                    ],
                    "Workers Planned": 3,
                    "Workers Launched": 3,
                    "Single Copy": false,
                    "Plans": [
                        {
                            "Node Type": "Aggregate",
                            "Strategy": "Plain",
                            "Partial Mode": "Partial",
                            "Parent Relationship": "Outer",
                            "Parallel Aware": false,
                            "Startup Cost": 25405.6,
                            "Total Cost": 25405.61,
                            "Plan Rows": 1,
                            "Plan Width": 8,
                            "Actual Startup Time": 41.663,
                            "Actual Total Time": 41.666,
                            "Actual Rows": 1,
                            "Actual Loops": 4,
                            "Output": [
                                "PARTIAL count(*)"
                            ],
                            "Workers": [
                                {
                                    "Worker Number": 0,
                                    "Actual Startup Time": 38.784,
                                    "Actual Total Time": 38.791,
                                    "Actual Rows": 1,
                                    "Actual Loops": 1
                                },
                                {
                                    "Worker Number": 1,
                                    "Actual Startup Time": 38.981,
                                    "Actual Total Time": 38.983,
                                    "Actual Rows": 1,
                                    "Actual Loops": 1
                                },
                                {
                                    "Worker Number": 2,
                                    "Actual Startup Time": 38.977,
                                    "Actual Total Time": 38.978,
                                    "Actual Rows": 1,
                                    "Actual Loops": 1
                                }
                            ],
                            "Plans": [
                                {
                                    "Node Type": "Bitmap Heap Scan",
                                    "Parent Relationship": "Outer",
                                    "Parallel Aware": true,
                                    "Relation Name": "movie_companies",
                                    "Schema": "public",
                                    "Alias": "mc",
                                    "Startup Cost": 5319.5,
                                    "Total Cost": 25304.09,
                                    "Plan Rows": 40603,
                                    "Plan Width": 0,
                                    "Actual Startup Time": 7.63,
                                    "Actual Total Time": 37.239,
                                    "Actual Rows": 62508,
                                    "Actual Loops": 4,
                                    "Recheck Cond": "(mc.company_id > 101182)",
                                    "Rows Removed by Index Recheck": 0,
                                    "Filter": "(mc.company_type_id = 2)",
                                    "Rows Removed by Filter": 0,
                                    "Exact Heap Blocks": 2663,
                                    "Lossy Heap Blocks": 0,
                                    "Workers": [
                                        {
                                            "Worker Number": 0,
                                            "Actual Startup Time": 4.875,
                                            "Actual Total Time": 34.758,
                                            "Actual Rows": 36826,
                                            "Actual Loops": 1
                                        },
                                        {
                                            "Worker Number": 1,
                                            "Actual Startup Time": 4.984,
                                            "Actual Total Time": 35.076,
                                            "Actual Rows": 35413,
                                            "Actual Loops": 1
                                        },
                                        {
                                            "Worker Number": 2,
                                            "Actual Startup Time": 4.97,
                                            "Actual Total Time": 35.092,
                                            "Actual Rows": 33100,
                                            "Actual Loops": 1
                                        }
                                    ],
                                    "Plans": [
                                        {
                                            "Node Type": "Bitmap Index Scan",
                                            "Parent Relationship": "Outer",
                                            "Parallel Aware": false,
                                            "Index Name": "company_id_movie_companies",
                                            "Startup Cost": 0.0,
                                            "Total Cost": 5288.04,
                                            "Plan Rows": 246881,
                                            "Plan Width": 0,
                                            "Actual Startup Time": 14.67,
                                            "Actual Total Time": 14.67,
                                            "Actual Rows": 250030,
                                            "Actual Loops": 1,
                                            "Index Cond": "(mc.company_id > 101182)"
                                        }
                                    ]
                                }
                            ]
                        }
                    ]
                }
            ]
        },
        "Planning Time": 222.208,
        "Triggers": [],
        "Execution Time": 54.097
    }
]