{
  "Plan": {
    "Node Type": "Aggregate",
    "Strategy": "Plain",
    "Partial Mode": "Finalize",
    "Parallel Aware": false,
    "Startup Cost": 764130.0,
    "Total Cost": 764130.01,
    "Plan Rows": 1,
    "Plan Width": 8,
    "Actual Startup Time": 923.744,
    "Actual Total Time": 949.275,
    "Actual Rows": 1,
    "Actual Loops": 1,
    "Plans": [
      {
        "Node Type": "Gather",
        "Parent Relationship": "Outer",
        "Parallel Aware": false,
        "Startup Cost": 764129.89,
        "Total Cost": 764130.0,
        "Plan Rows": 1,
        "Plan Width": 8,
        "Actual Startup Time": 920.553,
        "Actual Total Time": 949.266,
        "Actual Rows": 2,
        "Actual Loops": 1,
        "Workers Planned": 1,
        "Workers Launched": 1,
        "Single Copy": false,
        "Plans": [
          {
            "Node Type": "Aggregate",
            "Strategy": "Plain",
            "Partial Mode": "Partial",
            "Parent Relationship": "Outer",
            "Parallel Aware": false,
            "Startup Cost": 763129.89,
            "Total Cost": 763129.9,
            "Plan Rows": 1,
            "Plan Width": 8,
            "Actual Startup Time": 912.844,
            "Actual Total Time": 912.849,
            "Actual Rows": 1,
            "Actual Loops": 2,
            "Plans": [
              {
                "Node Type": "Nested Loop",
                "Parent Relationship": "Outer",
                "Parallel Aware": false,
                "Join Type": "Inner",
                "Startup Cost": 87424.25,
                "Total Cost": 758885.8,
                "Plan Rows": 1697637,
                "Plan Width": 0,
                "Actual Startup Time": 411.692,
                "Actual Total Time": 889.815,
                "Actual Rows": 503111,
                "Actual Loops": 2,
                "Inner Unique": false,
                "Plans": [
                  {
                    "Node Type": "Hash Join",
                    "Parent Relationship": "Outer",
                    "Parallel Aware": true,
                    "Join Type": "Inner",
                    "Startup Cost": 87423.82,
                    "Total Cost": 119728.53,
                    "Plan Rows": 290329,
                    "Plan Width": 8,
                    "Actual Startup Time": 411.58,
                    "Actual Total Time": 587.901,
                    "Actual Rows": 54044,
                    "Actual Loops": 2,
                    "Inner Unique": true,
                    "Hash Cond": "(mk.movie_id = t.id)",
                    "Plans": [
                      {
                        "Node Type": "Bitmap Heap Scan",
                        "Parent Relationship": "Outer",
                        "Parallel Aware": true,
                        "Relation Name": "movie_keyword",
                        "Alias": "mk",
                        "Startup Cost": 18718.99,
                        "Total Cost": 49661.18,
                        "Plan Rows": 519055,
                        "Plan Width": 4,
                        "Actual Startup Time": 49.569,
                        "Actual Total Time": 130.988,
                        "Actual Rows": 448294,
                        "Actual Loops": 2,
                        "Recheck Cond": "(keyword_id < 848)",
                        "Rows Removed by Index Recheck": 0,
                        "Exact Heap Blocks": 13180,
                        "Lossy Heap Blocks": 0,
                        "Plans": [
                          {
                            "Node Type": "Bitmap Index Scan",
                            "Parent Relationship": "Outer",
                            "Parallel Aware": false,
                            "Index Name": "keyword_id_movie_keyword",
                            "Startup Cost": 0.0,
                            "Total Cost": 18498.39,
                            "Plan Rows": 882394,
                            "Plan Width": 0,
                            "Actual Startup Time": 45.918,
                            "Actual Total Time": 45.918,
                            "Actual Rows": 896588,
                            "Actual Loops": 1,
                            "Index Cond": "(keyword_id < 848)"
                          }
                        ]
                      },
                      {
                        "Node Type": "Hash",
                        "Parent Relationship": "Inner",
                        "Parallel Aware": true,
                        "Startup Cost": 58306.47,
                        "Total Cost": 58306.47,
                        "Plan Rows": 831869,
                        "Plan Width": 4,
                        "Actual Startup Time": 347.759,
                        "Actual Total Time": 347.76,
                        "Actual Rows": 739212,
                        "Actual Loops": 2,
                        "Hash Buckets": 2097152,
                        "Original Hash Buckets": 2097152,
                        "Hash Batches": 1,
                        "Original Hash Batches": 1,
                        "Peak Memory Usage": 74240,
                        "Plans": [
                          {
                            "Node Type": "Seq Scan",
                            "Parent Relationship": "Outer",
                            "Parallel Aware": true,
                            "Relation Name": "title",
                            "Alias": "t",
                            "Startup Cost": 0.0,
                            "Total Cost": 58306.47,
                            "Plan Rows": 831869,
                            "Plan Width": 4,
                            "Actual Startup Time": 0.026,
                            "Actual Total Time": 162.284,
                            "Actual Rows": 739212,
                            "Actual Loops": 2,
                            "Filter": "((production_year > 1936) AND (kind_id = 7))",
                            "Rows Removed by Filter": 524944
                          }
                        ]
                      }
                    ]
                  },
                  {
                    "Node Type": "Index Only Scan",
                    "Parent Relationship": "Inner",
                    "Parallel Aware": false,
                    "Scan Direction": "Forward",
                    "Index Name": "movie_id_movie_info",
                    "Relation Name": "movie_info",
                    "Alias": "mi",
                    "Startup Cost": 0.43,
                    "Total Cost": 1.78,
                    "Plan Rows": 42,
                    "Plan Width": 4,
                    "Actual Startup Time": 0.002,
                    "Actual Total Time": 0.005,
                    "Actual Rows": 9,
                    "Actual Loops": 108089,
                    "Index Cond": "(movie_id = t.id)",
                    "Rows Removed by Index Recheck": 0,
                    "Heap Fetches": 1006222
                  }
                ]
              }
            ]
          }
        ]
      }
    ]
  },
  "Planning Time": 1.045,
  "Triggers": [],
  "Execution Time": 949.379
}