[
    {
        "Bao": {
            "Bao prediction": "NaN",
            "Bao recommended hint": "(no hint)"
        }
    },
    {
        "Plan": {
            "Node Type": "Aggregate",
            "Strategy": "Plain",
            "Partial Mode": "Finalize",
            "Parallel Aware": false,
            "Startup Cost": 328065.75,
            "Total Cost": 328065.76,
            "Plan Rows": 1,
            "Plan Width": 8,
            "Actual Startup Time": 429.421,
            "Actual Total Time": 439.758,
            "Actual Rows": 1,
            "Actual Loops": 1,
            "Output": [
                "count(*)"
            ],
            "Plans": [
                {
                    "Node Type": "Gather",
                    "Parent Relationship": "Outer",
                    "Parallel Aware": false,
                    "Startup Cost": 328065.33,
                    "Total Cost": 328065.74,
                    "Plan Rows": 4,
                    "Plan Width": 8,
                    "Actual Startup Time": 421.303,
                    "Actual Total Time": 439.75,
                    "Actual Rows": 5,
                    "Actual Loops": 1,
                    "Output": [
                        "(PARTIAL count(*))"
                    ],
                    "Workers Planned": 4,
                    "Workers Launched": 4,
                    "Single Copy": false,
                    "Plans": [
                        {
                            "Node Type": "Aggregate",
                            "Strategy": "Plain",
                            "Partial Mode": "Partial",
                            "Parent Relationship": "Outer",
                            "Parallel Aware": false,
                            "Startup Cost": 327065.33,
                            "Total Cost": 327065.34,
                            "Plan Rows": 1,
                            "Plan Width": 8,
                            "Actual Startup Time": 412.036,
                            "Actual Total Time": 412.226,
                            "Actual Rows": 1,
                            "Actual Loops": 5,
                            "Output": [
                                "PARTIAL count(*)"
                            ],
                            "Workers": [
                                {
                                    "Worker Number": 0,
                                    "Actual Startup Time": 409.203,
                                    "Actual Total Time": 409.207,
                                    "Actual Rows": 1,
                                    "Actual Loops": 1
                                },
                                {
                                    "Worker Number": 1,
                                    "Actual Startup Time": 410.341,
                                    "Actual Total Time": 410.344,
                                    "Actual Rows": 1,
                                    "Actual Loops": 1
                                },
                                {
                                    "Worker Number": 2,
                                    "Actual Startup Time": 409.58,
                                    "Actual Total Time": 409.582,
                                    "Actual Rows": 1,
                                    "Actual Loops": 1
                                },
                                {
                                    "Worker Number": 3,
                                    "Actual Startup Time": 410.104,
                                    "Actual Total Time": 410.108,
                                    "Actual Rows": 1,
                                    "Actual Loops": 1
                                }
                            ],
                            "Plans": [
                                {
                                    "Node Type": "Hash Join",
                                    "Parent Relationship": "Outer",
                                    "Parallel Aware": true,
                                    "Join Type": "Inner",
                                    "Startup Cost": 277548.95,
                                    "Total Cost": 326840.84,
                                    "Plan Rows": 89796,
                                    "Plan Width": 0,
                                    "Actual Startup Time": 199.784,
                                    "Actual Total Time": 403.273,
                                    "Actual Rows": 202967,
                                    "Actual Loops": 5,
                                    "Inner Unique": false,
                                    "Hash Cond": "(t.id = ci.movie_id)",
                                    "Workers": [
                                        {
                                            "Worker Number": 0,
                                            "Actual Startup Time": 197.111,
                                            "Actual Total Time": 400.162,
                                            "Actual Rows": 202416,
                                            "Actual Loops": 1
                                        },
                                        {
                                            "Worker Number": 1,
                                            "Actual Startup Time": 197.398,
                                            "Actual Total Time": 401.414,
                                            "Actual Rows": 195991,
                                            "Actual Loops": 1
                                        },
                                        {
                                            "Worker Number": 2,
                                            "Actual Startup Time": 197.517,
                                            "Actual Total Time": 400.704,
                                            "Actual Rows": 195833,
                                            "Actual Loops": 1
                                        },
                                        {
                                            "Worker Number": 3,
                                            "Actual Startup Time": 198.007,
                                            "Actual Total Time": 401.084,
                                            "Actual Rows": 200937,
                                            "Actual Loops": 1
                                        }
                                    ],
                                    "Plans": [
                                        {
                                            "Node Type": "Seq Scan",
                                            "Parent Relationship": "Outer",
                                            "Parallel Aware": true,
                                            "Relation Name": "title",
                                            "Schema": "public",
                                            "Alias": "t",
                                            "Startup Cost": 0.0,
                                            "Total Cost": 43899.01,
                                            "Plan Rows": 524322,
                                            "Plan Width": 4,
                                            "Actual Startup Time": 0.01,
                                            "Actual Total Time": 72.082,
                                            "Actual Rows": 420827,
                                            "Actual Loops": 5,
                                            "Output": [
                                                "t.id",
                                                "t.title",
                                                "t.imdb_index",
                                                "t.kind_id",
                                                "t.production_year",
                                                "t.imdb_id",
                                                "t.phonetic_code",
                                                "t.episode_of_id",
                                                "t.season_nr",
                                                "t.episode_nr",
                                                "t.series_years",
                                                "t.md5sum"
                                            ],
                                            "Filter": "(t.production_year > 1968)",
                                            "Rows Removed by Filter": 84835,
                                            "Workers": [
                                                {
                                                    "Worker Number": 0,
                                                    "Actual Startup Time": 0.008,
                                                    "Actual Total Time": 75.873,
                                                    "Actual Rows": 423402,
                                                    "Actual Loops": 1
                                                },
                                                {
                                                    "Worker Number": 1,
                                                    "Actual Startup Time": 0.01,
                                                    "Actual Total Time": 73.04,
                                                    "Actual Rows": 404047,
                                                    "Actual Loops": 1
                                                },
                                                {
                                                    "Worker Number": 2,
                                                    "Actual Startup Time": 0.011,
                                                    "Actual Total Time": 72.963,
                                                    "Actual Rows": 404542,
                                                    "Actual Loops": 1
                                                },
                                                {
                                                    "Worker Number": 3,
                                                    "Actual Startup Time": 0.01,
                                                    "Actual Total Time": 74.976,
                                                    "Actual Rows": 417932,
                                                    "Actual Loops": 1
                                                }
                                            ]
                                        },
                                        {
                                            "Node Type": "Hash",
                                            "Parent Relationship": "Inner",
                                            "Parallel Aware": true,
                                            "Startup Cost": 276646.87,
                                            "Total Cost": 276646.87,
                                            "Plan Rows": 72167,
                                            "Plan Width": 4,
                                            "Actual Startup Time": 198.17,
                                            "Actual Total Time": 198.172,
                                            "Actual Rows": 212365,
                                            "Actual Loops": 5,
                                            "Output": [
                                                "ci.movie_id"
                                            ],
                                            "Hash Buckets": 2097152,
                                            "Original Hash Buckets": 524288,
                                            "Hash Batches": 1,
                                            "Original Hash Batches": 1,
                                            "Peak Memory Usage": 70336,
                                            "Workers": [
                                                {
                                                    "Worker Number": 0,
                                                    "Actual Startup Time": 196.674,
                                                    "Actual Total Time": 196.676,
                                                    "Actual Rows": 209707,
                                                    "Actual Loops": 1
                                                },
                                                {
                                                    "Worker Number": 1,
                                                    "Actual Startup Time": 196.919,
                                                    "Actual Total Time": 196.92,
                                                    "Actual Rows": 184074,
                                                    "Actual Loops": 1
                                                },
                                                {
                                                    "Worker Number": 2,
                                                    "Actual Startup Time": 197.015,
                                                    "Actual Total Time": 197.016,
                                                    "Actual Rows": 182666,
                                                    "Actual Loops": 1
                                                },
                                                {
                                                    "Worker Number": 3,
                                                    "Actual Startup Time": 197.496,
                                                    "Actual Total Time": 197.498,
                                                    "Actual Rows": 195633,
                                                    "Actual Loops": 1
                                                }
                                            ],
                                            "Plans": [
                                                {
                                                    "Node Type": "Bitmap Heap Scan",
                                                    "Parent Relationship": "Outer",
                                                    "Parallel Aware": true,
                                                    "Relation Name": "cast_info",
                                                    "Schema": "public",
                                                    "Alias": "ci",
                                                    "Startup Cost": 21509.1,
                                                    "Total Cost": 276646.87,
                                                    "Plan Rows": 72167,
                                                    "Plan Width": 4,
                                                    "Actual Startup Time": 34.355,
                                                    "Actual Total Time": 93.202,
                                                    "Actual Rows": 212365,
                                                    "Actual Loops": 5,
                                                    "Output": [
                                                        "ci.movie_id"
                                                    ],
                                                    "Recheck Cond": "(ci.person_id > 3856170)",
                                                    "Rows Removed by Index Recheck": 0,
                                                    "Filter": "(ci.role_id > 2)",
                                                    "Rows Removed by Filter": 0,
                                                    "Exact Heap Blocks": 4162,
                                                    "Lossy Heap Blocks": 0,
                                                    "Workers": [
                                                        {
                                                            "Worker Number": 0,
                                                            "Actual Startup Time": 32.941,
                                                            "Actual Total Time": 94.087,
                                                            "Actual Rows": 209707,
                                                            "Actual Loops": 1
                                                        },
                                                        {
                                                            "Worker Number": 1,
                                                            "Actual Startup Time": 33.085,
                                                            "Actual Total Time": 92.327,
                                                            "Actual Rows": 184074,
                                                            "Actual Loops": 1
                                                        },
                                                        {
                                                            "Worker Number": 2,
                                                            "Actual Startup Time": 33.502,
                                                            "Actual Total Time": 92.48,
                                                            "Actual Rows": 182666,
                                                            "Actual Loops": 1
                                                        },
                                                        {
                                                            "Worker Number": 3,
                                                            "Actual Startup Time": 33.657,
                                                            "Actual Total Time": 95.184,
                                                            "Actual Rows": 195633,
                                                            "Actual Loops": 1
                                                        }
                                                    ],
                                                    "Plans": [
                                                        {
                                                            "Node Type": "Bitmap Index Scan",
                                                            "Parent Relationship": "Outer",
                                                            "Parallel Aware": false,
                                                            "Index Name": "person_id_cast_info",
                                                            "Startup Cost": 0.0,
                                                            "Total Cost": 21400.85,
                                                            "Plan Rows": 980305,
                                                            "Plan Width": 0,
                                                            "Actual Startup Time": 36.367,
                                                            "Actual Total Time": 36.367,
                                                            "Actual Rows": 1061824,
                                                            "Actual Loops": 1,
                                                            "Index Cond": "(ci.person_id > 3856170)"
                                                        }
                                                    ]
                                                }
                                            ]
                                        }
                                    ]
                                }
                            ]
                        }
                    ]
                }
            ]
        },
        "Planning Time": 193.893,
        "Triggers": [],
        "Execution Time": 439.826
    }
]