[
  {
    "Plan": {
      "Node Type": "Aggregate",
      "Strategy": "Plain",
      "Partial Mode": "Finalize",
      "Parallel Aware": false,
      "Startup Cost": 32311.81,
      "Total Cost": 32311.82,
      "Plan Rows": 1,
      "Plan Width": 8,
      "Actual Startup Time": 110.663,
      "Actual Total Time": 115.593,
      "Actual Rows": 1,
      "Actual Loops": 1,
      "Plans": [
        {
          "Node Type": "Gather",
          "Parent Relationship": "Outer",
          "Parallel Aware": false,
          "Startup Cost": 32311.49,
          "Total Cost": 32311.8,
          "Plan Rows": 3,
          "Plan Width": 8,
          "Actual Startup Time": 110.544,
          "Actual Total Time": 115.586,
          "Actual Rows": 4,
          "Actual Loops": 1,
          "Workers Planned": 3,
          "Workers Launched": 3,
          "Single Copy": false,
          "Plans": [
            {
              "Node Type": "Aggregate",
              "Strategy": "Plain",
              "Partial Mode": "Partial",
              "Parent Relationship": "Outer",
              "Parallel Aware": false,
              "Startup Cost": 31311.49,
              "Total Cost": 31311.5,
              "Plan Rows": 1,
              "Plan Width": 8,
              "Actual Startup Time": 106.242,
              "Actual Total Time": 106.243,
              "Actual Rows": 1,
              "Actual Loops": 4,
              "Plans": [
                {
                  "Node Type": "Seq Scan",
                  "Parent Relationship": "Outer",
                  "Parallel Aware": true,
                  "Relation Name": "movie_companies",
                  "Alias": "mc",
                  "Startup Cost": 0.0,
                  "Total Cost": 29310.68,
                  "Plan Rows": 800324,
                  "Plan Width": 0,
                  "Actual Startup Time": 0.028,
                  "Actual Total Time": 76.87,
                  "Actual Rows": 619616,
                  "Actual Loops": 4,
                  "Filter": "(company_id < 140950)",
                  "Rows Removed by Filter": 32666
                }
              ]
            }
          ]
        }
      ]
    },
    "Planning Time": 0.074,
    "Triggers": [],
    "Execution Time": 115.615
  }
]