{
  "Plan": {
    "Node Type": "Aggregate",
    "Strategy": "Plain",
    "Partial Mode": "Finalize",
    "Parallel Aware": false,
    "Startup Cost": 170919.44,
    "Total Cost": 170919.45,
    "Plan Rows": 1,
    "Plan Width": 8,
    "Actual Startup Time": 1351.287,
    "Actual Total Time": 1373.624,
    "Actual Rows": 1,
    "Actual Loops": 1,
    "Plans": [
      {
        "Node Type": "Gather",
        "Parent Relationship": "Outer",
        "Parallel Aware": false,
        "Startup Cost": 170919.33,
        "Total Cost": 170919.44,
        "Plan Rows": 1,
        "Plan Width": 8,
        "Actual Startup Time": 1344.908,
        "Actual Total Time": 1373.616,
        "Actual Rows": 2,
        "Actual Loops": 1,
        "Workers Planned": 1,
        "Workers Launched": 1,
        "Single Copy": false,
        "Plans": [
          {
            "Node Type": "Aggregate",
            "Strategy": "Plain",
            "Partial Mode": "Partial",
            "Parent Relationship": "Outer",
            "Parallel Aware": false,
            "Startup Cost": 169919.33,
            "Total Cost": 169919.34,
            "Plan Rows": 1,
            "Plan Width": 8,
            "Actual Startup Time": 1339.557,
            "Actual Total Time": 1340.219,
            "Actual Rows": 1,
            "Actual Loops": 2,
            "Plans": [
              {
                "Node Type": "Hash Join",
                "Parent Relationship": "Outer",
                "Parallel Aware": true,
                "Join Type": "Inner",
                "Startup Cost": 123745.31,
                "Total Cost": 169447.06,
                "Plan Rows": 188909,
                "Plan Width": 0,
                "Actual Startup Time": 974.216,
                "Actual Total Time": 1271.188,
                "Actual Rows": 1538332,
                "Actual Loops": 2,
                "Inner Unique": false,
                "Hash Cond": "(mc.movie_id = t.id)",
                "Plans": [
                  {
                    "Node Type": "Seq Scan",
                    "Parent Relationship": "Outer",
                    "Parallel Aware": true,
                    "Relation Name": "movie_companies",
                    "Alias": "mc",
                    "Startup Cost": 0.0,
                    "Total Cost": 41811.73,
                    "Plan Rows": 741011,
                    "Plan Width": 4,
                    "Actual Startup Time": 51.873,
                    "Actual Total Time": 124.071,
                    "Actual Rows": 656072,
                    "Actual Loops": 2,
                    "Filter": "((company_id > 19) AND (company_type_id > 1))",
                    "Rows Removed by Filter": 648492
                  },
                  {
                    "Node Type": "Hash",
                    "Parent Relationship": "Inner",
                    "Parallel Aware": true,
                    "Startup Cost": 119005.99,
                    "Total Cost": 119005.99,
                    "Plan Rows": 379146,
                    "Plan Width": 8,
                    "Actual Startup Time": 912.411,
                    "Actual Total Time": 913.071,
                    "Actual Rows": 1004750,
                    "Actual Loops": 2,
                    "Hash Buckets": 2097152,
                    "Original Hash Buckets": 1048576,
                    "Hash Batches": 1,
                    "Original Hash Batches": 1,
                    "Peak Memory Usage": 103200,
                    "Plans": [
                      {
                        "Node Type": "Hash Join",
                        "Parent Relationship": "Outer",
                        "Parallel Aware": true,
                        "Join Type": "Inner",
                        "Startup Cost": 60955.14,
                        "Total Cost": 119005.99,
                        "Plan Rows": 379146,
                        "Plan Width": 8,
                        "Actual Startup Time": 227.852,
                        "Actual Total Time": 706.748,
                        "Actual Rows": 1004750,
                        "Actual Loops": 2,
                        "Inner Unique": true,
                        "Hash Cond": "(mk.movie_id = t.id)",
                        "Plans": [
                          {
                            "Node Type": "Seq Scan",
                            "Parent Relationship": "Outer",
                            "Parallel Aware": true,
                            "Relation Name": "movie_keyword",
                            "Alias": "mk",
                            "Startup Cost": 0.0,
                            "Total Cost": 51065.35,
                            "Plan Rows": 2661135,
                            "Plan Width": 4,
                            "Actual Startup Time": 0.013,
                            "Actual Total Time": 167.268,
                            "Actual Rows": 2261965,
                            "Actual Loops": 2
                          },
                          {
                            "Node Type": "Hash",
                            "Parent Relationship": "Inner",
                            "Parallel Aware": true,
                            "Startup Cost": 58306.47,
                            "Total Cost": 58306.47,
                            "Plan Rows": 211894,
                            "Plan Width": 4,
                            "Actual Startup Time": 224.528,
                            "Actual Total Time": 224.529,
                            "Actual Rows": 235186,
                            "Actual Loops": 2,
                            "Hash Buckets": 524288,
                            "Original Hash Buckets": 524288,
                            "Hash Batches": 1,
                            "Original Hash Batches": 1,
                            "Peak Memory Usage": 22528,
                            "Plans": [
                              {
                                "Node Type": "Seq Scan",
                                "Parent Relationship": "Outer",
                                "Parallel Aware": true,
                                "Relation Name": "title",
                                "Alias": "t",
                                "Startup Cost": 0.0,
                                "Total Cost": 58306.47,
                                "Plan Rows": 211894,
                                "Plan Width": 4,
                                "Actual Startup Time": 0.051,
                                "Actual Total Time": 166.455,
                                "Actual Rows": 235186,
                                "Actual Loops": 2,
                                "Filter": "((kind_id < 7) AND (production_year < 1998))",
                                "Rows Removed by Filter": 1028970
                              }
                            ]
                          }
                        ]
                      }
                    ]
                  }
                ]
              }
            ]
          }
        ]
      }
    ]
  },
  "Planning Time": 1.055,
  "Triggers": [],
  "Execution Time": 1373.7
}