[
  {
    "Plan": {
      "Node Type": "Aggregate",
      "Strategy": "Plain",
      "Partial Mode": "Finalize",
      "Parallel Aware": false,
      "Startup Cost": 377255.95,
      "Total Cost": 377255.96,
      "Plan Rows": 1,
      "Plan Width": 8,
      "Actual Startup Time": 409.363,
      "Actual Total Time": 430.53,
      "Actual Rows": 1,
      "Actual Loops": 1,
      "Plans": [
        {
          "Node Type": "Gather",
          "Parent Relationship": "Outer",
          "Parallel Aware": false,
          "Startup Cost": 377255.32,
          "Total Cost": 377255.93,
          "Plan Rows": 6,
          "Plan Width": 8,
          "Actual Startup Time": 406.679,
          "Actual Total Time": 430.519,
          "Actual Rows": 7,
          "Actual Loops": 1,
          "Workers Planned": 6,
          "Workers Launched": 6,
          "Single Copy": false,
          "Plans": [
            {
              "Node Type": "Aggregate",
              "Strategy": "Plain",
              "Partial Mode": "Partial",
              "Parent Relationship": "Outer",
              "Parallel Aware": false,
              "Startup Cost": 376255.32,
              "Total Cost": 376255.33,
              "Plan Rows": 1,
              "Plan Width": 8,
              "Actual Startup Time": 398.205,
              "Actual Total Time": 398.21,
              "Actual Rows": 1,
              "Actual Loops": 7,
              "Plans": [
                {
                  "Node Type": "Hash Join",
                  "Parent Relationship": "Outer",
                  "Parallel Aware": true,
                  "Join Type": "Inner",
                  "Startup Cost": 115011.07,
                  "Total Cost": 376205.39,
                  "Plan Rows": 19972,
                  "Plan Width": 0,
                  "Actual Startup Time": 218.847,
                  "Actual Total Time": 396.039,
                  "Actual Rows": 39366,
                  "Actual Loops": 7,
                  "Inner Unique": true,
                  "Hash Cond": "(ci.movie_id = t.id)",
                  "Plans": [
                    {
                      "Node Type": "Bitmap Heap Scan",
                      "Parent Relationship": "Outer",
                      "Parallel Aware": true,
                      "Relation Name": "cast_info",
                      "Alias": "ci",
                      "Startup Cost": 70268.93,
                      "Total Cost": 330971.76,
                      "Plan Rows": 187232,
                      "Plan Width": 4,
                      "Actual Startup Time": 127.969,
                      "Actual Total Time": 241.363,
                      "Actual Rows": 341949,
                      "Actual Loops": 7,
                      "Recheck Cond": "(person_id < 319674)",
                      "Rows Removed by Index Recheck": 0,
                      "Filter": "(role_id < 2)",
                      "Rows Removed by Filter": 132549,
                      "Exact Heap Blocks": 6553,
                      "Lossy Heap Blocks": 0,
                      "Plans": [
                        {
                          "Node Type": "Bitmap Index Scan",
                          "Parent Relationship": "Outer",
                          "Parallel Aware": false,
                          "Index Name": "person_id_cast_info",
                          "Startup Cost": 0.0,
                          "Total Cost": 69988.08,
                          "Plan Rows": 3206335,
                          "Plan Width": 0,
                          "Actual Startup Time": 122.133,
                          "Actual Total Time": 122.133,
                          "Actual Rows": 3321485,
                          "Actual Loops": 1,
                          "Index Cond": "(person_id < 319674)"
                        }
                      ]
                    },
                    {
                      "Node Type": "Hash",
                      "Parent Relationship": "Inner",
                      "Parallel Aware": true,
                      "Startup Cost": 43899.32,
                      "Total Cost": 43899.32,
                      "Plan Rows": 67426,
                      "Plan Width": 4,
                      "Actual Startup Time": 89.127,
                      "Actual Total Time": 89.129,
                      "Actual Rows": 40722,
                      "Actual Loops": 7,
                      "Hash Buckets": 524288,
                      "Original Hash Buckets": 524288,
                      "Hash Batches": 1,
                      "Original Hash Batches": 1,
                      "Peak Memory Usage": 15360,
                      "Plans": [
                        {
                          "Node Type": "Seq Scan",
                          "Parent Relationship": "Outer",
                          "Parallel Aware": true,
                          "Relation Name": "title",
                          "Alias": "t",
                          "Startup Cost": 0.0,
                          "Total Cost": 43899.32,
                          "Plan Rows": 67426,
                          "Plan Width": 4,
                          "Actual Startup Time": 0.047,
                          "Actual Total Time": 70.245,
                          "Actual Rows": 40722,
                          "Actual Loops": 7,
                          "Filter": "(production_year < 1964)",
                          "Rows Removed by Filter": 320465
                        }
                      ]
                    }
                  ]
                }
              ]
            }
          ]
        }
      ]
    },
    "Planning Time": 0.232,
    "Triggers": [],
    "Execution Time": 430.574
  }
]