{
    "Plan": {
        "Node Type": "Aggregate",
        "Strategy": "Plain",
        "Partial Mode": "Finalize",
        "Parallel Aware": false,
        "Startup Cost": 713393.66,
        "Total Cost": 713393.67,
        "Plan Rows": 1,
        "Plan Width": 8,
        "Actual Startup Time": 12091.237,
        "Actual Total Time": 12178.9,
        "Actual Rows": 1,
        "Actual Loops": 1,
        "Output": [
            "count(*)"
        ],
        "Plans": [
            {
                "Node Type": "Gather",
                "Parent Relationship": "Outer",
                "Parallel Aware": false,
                "Startup Cost": 713393.04,
                "Total Cost": 713393.65,
                "Plan Rows": 6,
                "Plan Width": 8,
                "Actual Startup Time": 12010.79,
                "Actual Total Time": 12178.882,
                "Actual Rows": 7,
                "Actual Loops": 1,
                "Output": [
                    "(PARTIAL count(*))"
                ],
                "Workers Planned": 6,
                "Workers Launched": 6,
                "Single Copy": false,
                "Plans": [
                    {
                        "Node Type": "Aggregate",
                        "Strategy": "Plain",
                        "Partial Mode": "Partial",
                        "Parent Relationship": "Outer",
                        "Parallel Aware": false,
                        "Startup Cost": 712393.04,
                        "Total Cost": 712393.05,
                        "Plan Rows": 1,
                        "Plan Width": 8,
                        "Actual Startup Time": 11958.734,
                        "Actual Total Time": 11960.231,
                        "Actual Rows": 1,
                        "Actual Loops": 7,
                        "Output": [
                            "PARTIAL count(*)"
                        ],
                        "Workers": [
                            {
                                "Worker Number": 0,
                                "Actual Startup Time": 11949.155,
                                "Actual Total Time": 11949.171,
                                "Actual Rows": 1,
                                "Actual Loops": 1
                            },
                            {
                                "Worker Number": 1,
                                "Actual Startup Time": 11949.042,
                                "Actual Total Time": 11949.046,
                                "Actual Rows": 1,
                                "Actual Loops": 1
                            },
                            {
                                "Worker Number": 2,
                                "Actual Startup Time": 11949.167,
                                "Actual Total Time": 11949.172,
                                "Actual Rows": 1,
                                "Actual Loops": 1
                            },
                            {
                                "Worker Number": 3,
                                "Actual Startup Time": 11948.952,
                                "Actual Total Time": 11948.957,
                                "Actual Rows": 1,
                                "Actual Loops": 1
                            },
                            {
                                "Worker Number": 4,
                                "Actual Startup Time": 11956.069,
                                "Actual Total Time": 11956.074,
                                "Actual Rows": 1,
                                "Actual Loops": 1
                            },
                            {
                                "Worker Number": 5,
                                "Actual Startup Time": 11949.051,
                                "Actual Total Time": 11949.058,
                                "Actual Rows": 1,
                                "Actual Loops": 1
                            }
                        ],
                        "Plans": [
                            {
                                "Node Type": "Hash Join",
                                "Parent Relationship": "Outer",
                                "Parallel Aware": true,
                                "Join Type": "Inner",
                                "Startup Cost": 270868.59,
                                "Total Cost": 657834.42,
                                "Plan Rows": 21823446,
                                "Plan Width": 0,
                                "Actual Startup Time": 1895.595,
                                "Actual Total Time": 10309.936,
                                "Actual Rows": 41213636,
                                "Actual Loops": 7,
                                "Inner Unique": false,
                                "Hash Cond": "(ci.movie_id = t.id)",
                                "Workers": [
                                    {
                                        "Worker Number": 0,
                                        "Actual Startup Time": 1886.895,
                                        "Actual Total Time": 10271.377,
                                        "Actual Rows": 36620577,
                                        "Actual Loops": 1
                                    },
                                    {
                                        "Worker Number": 1,
                                        "Actual Startup Time": 1886.915,
                                        "Actual Total Time": 10245.673,
                                        "Actual Rows": 42354152,
                                        "Actual Loops": 1
                                    },
                                    {
                                        "Worker Number": 2,
                                        "Actual Startup Time": 1886.897,
                                        "Actual Total Time": 10266.08,
                                        "Actual Rows": 44900254,
                                        "Actual Loops": 1
                                    },
                                    {
                                        "Worker Number": 3,
                                        "Actual Startup Time": 1886.877,
                                        "Actual Total Time": 10402.149,
                                        "Actual Rows": 40487368,
                                        "Actual Loops": 1
                                    },
                                    {
                                        "Worker Number": 4,
                                        "Actual Startup Time": 1887.021,
                                        "Actual Total Time": 10406.971,
                                        "Actual Rows": 40781070,
                                        "Actual Loops": 1
                                    },
                                    {
                                        "Worker Number": 5,
                                        "Actual Startup Time": 1887.027,
                                        "Actual Total Time": 10400.439,
                                        "Actual Rows": 40738184,
                                        "Actual Loops": 1
                                    }
                                ],
                                "Plans": [
                                    {
                                        "Node Type": "Seq Scan",
                                        "Parent Relationship": "Outer",
                                        "Parallel Aware": true,
                                        "Relation Name": "cast_info",
                                        "Schema": "public",
                                        "Alias": "ci",
                                        "Startup Cost": 0.0,
                                        "Total Cost": 313108.29,
                                        "Plan Rows": 6042129,
                                        "Plan Width": 4,
                                        "Actual Startup Time": 0.041,
                                        "Actual Total Time": 578.576,
                                        "Actual Rows": 5177763,
                                        "Actual Loops": 7,
                                        "Output": [
                                            "ci.id",
                                            "ci.person_id",
                                            "ci.movie_id",
                                            "ci.person_role_id",
                                            "ci.note",
                                            "ci.nr_order",
                                            "ci.role_id"
                                        ],
                                        "Workers": [
                                            {
                                                "Worker Number": 0,
                                                "Actual Startup Time": 0.062,
                                                "Actual Total Time": 604.977,
                                                "Actual Rows": 4474951,
                                                "Actual Loops": 1
                                            },
                                            {
                                                "Worker Number": 1,
                                                "Actual Startup Time": 0.041,
                                                "Actual Total Time": 607.705,
                                                "Actual Rows": 5316061,
                                                "Actual Loops": 1
                                            },
                                            {
                                                "Worker Number": 2,
                                                "Actual Startup Time": 0.037,
                                                "Actual Total Time": 602.994,
                                                "Actual Rows": 5759724,
                                                "Actual Loops": 1
                                            },
                                            {
                                                "Worker Number": 3,
                                                "Actual Startup Time": 0.053,
                                                "Actual Total Time": 590.521,
                                                "Actual Rows": 5068833,
                                                "Actual Loops": 1
                                            },
                                            {
                                                "Worker Number": 4,
                                                "Actual Startup Time": 0.037,
                                                "Actual Total Time": 590.605,
                                                "Actual Rows": 5126036,
                                                "Actual Loops": 1
                                            },
                                            {
                                                "Worker Number": 5,
                                                "Actual Startup Time": 0.047,
                                                "Actual Total Time": 592.104,
                                                "Actual Rows": 5141207,
                                                "Actual Loops": 1
                                            }
                                        ]
                                    },
                                    {
                                        "Node Type": "Hash",
                                        "Parent Relationship": "Inner",
                                        "Parallel Aware": true,
                                        "Startup Cost": 248038.61,
                                        "Total Cost": 248038.61,
                                        "Plan Rows": 1826399,
                                        "Plan Width": 8,
                                        "Actual Startup Time": 1873.805,
                                        "Actual Total Time": 1875.301,
                                        "Actual Rows": 1149198,
                                        "Actual Loops": 7,
                                        "Output": [
                                            "t.id",
                                            "mi.movie_id"
                                        ],
                                        "Hash Buckets": 16777216,
                                        "Original Hash Buckets": 16777216,
                                        "Hash Batches": 1,
                                        "Original Hash Batches": 1,
                                        "Peak Memory Usage": 445888,
                                        "Workers": [
                                            {
                                                "Worker Number": 0,
                                                "Actual Startup Time": 1886.179,
                                                "Actual Total Time": 1886.194,
                                                "Actual Rows": 935918,
                                                "Actual Loops": 1
                                            },
                                            {
                                                "Worker Number": 1,
                                                "Actual Startup Time": 1886.036,
                                                "Actual Total Time": 1886.039,
                                                "Actual Rows": 967163,
                                                "Actual Loops": 1
                                            },
                                            {
                                                "Worker Number": 2,
                                                "Actual Startup Time": 1886.174,
                                                "Actual Total Time": 1886.176,
                                                "Actual Rows": 1351550,
                                                "Actual Loops": 1
                                            },
                                            {
                                                "Worker Number": 3,
                                                "Actual Startup Time": 1886.168,
                                                "Actual Total Time": 1886.172,
                                                "Actual Rows": 1220088,
                                                "Actual Loops": 1
                                            },
                                            {
                                                "Worker Number": 4,
                                                "Actual Startup Time": 1886.206,
                                                "Actual Total Time": 1886.209,
                                                "Actual Rows": 1231248,
                                                "Actual Loops": 1
                                            },
                                            {
                                                "Worker Number": 5,
                                                "Actual Startup Time": 1886.223,
                                                "Actual Total Time": 1886.227,
                                                "Actual Rows": 1235939,
                                                "Actual Loops": 1
                                            }
                                        ],
                                        "Plans": [
                                            {
                                                "Node Type": "Hash Join",
                                                "Parent Relationship": "Outer",
                                                "Parallel Aware": true,
                                                "Join Type": "Inner",
                                                "Startup Cost": 48788.98,
                                                "Total Cost": 248038.61,
                                                "Plan Rows": 1826399,
                                                "Plan Width": 8,
                                                "Actual Startup Time": 214.684,
                                                "Actual Total Time": 1276.319,
                                                "Actual Rows": 1149198,
                                                "Actual Loops": 7,
                                                "Output": [
                                                    "t.id",
                                                    "mi.movie_id"
                                                ],
                                                "Inner Unique": true,
                                                "Hash Cond": "(mi.movie_id = t.id)",
                                                "Workers": [
                                                    {
                                                        "Worker Number": 0,
                                                        "Actual Startup Time": 214.648,
                                                        "Actual Total Time": 1275.796,
                                                        "Actual Rows": 935918,
                                                        "Actual Loops": 1
                                                    },
                                                    {
                                                        "Worker Number": 1,
                                                        "Actual Startup Time": 214.776,
                                                        "Actual Total Time": 1283.962,
                                                        "Actual Rows": 967163,
                                                        "Actual Loops": 1
                                                    },
                                                    {
                                                        "Worker Number": 2,
                                                        "Actual Startup Time": 214.719,
                                                        "Actual Total Time": 1276.886,
                                                        "Actual Rows": 1351550,
                                                        "Actual Loops": 1
                                                    },
                                                    {
                                                        "Worker Number": 3,
                                                        "Actual Startup Time": 214.427,
                                                        "Actual Total Time": 1275.168,
                                                        "Actual Rows": 1220088,
                                                        "Actual Loops": 1
                                                    },
                                                    {
                                                        "Worker Number": 4,
                                                        "Actual Startup Time": 214.851,
                                                        "Actual Total Time": 1275.992,
                                                        "Actual Rows": 1231248,
                                                        "Actual Loops": 1
                                                    },
                                                    {
                                                        "Worker Number": 5,
                                                        "Actual Startup Time": 214.471,
                                                        "Actual Total Time": 1273.468,
                                                        "Actual Rows": 1235939,
                                                        "Actual Loops": 1
                                                    }
                                                ],
                                                "Plans": [
                                                    {
                                                        "Node Type": "Seq Scan",
                                                        "Parent Relationship": "Outer",
                                                        "Parallel Aware": true,
                                                        "Relation Name": "movie_info",
                                                        "Schema": "public",
                                                        "Alias": "mi",
                                                        "Startup Cost": 0.0,
                                                        "Total Cost": 191503.19,
                                                        "Plan Rows": 2951019,
                                                        "Plan Width": 4,
                                                        "Actual Startup Time": 0.036,
                                                        "Actual Total Time": 303.053,
                                                        "Actual Rows": 2119389,
                                                        "Actual Loops": 7,
                                                        "Output": [
                                                            "mi.id",
                                                            "mi.movie_id",
                                                            "mi.info_type_id",
                                                            "mi.info",
                                                            "mi.note"
                                                        ],
                                                        "Workers": [
                                                            {
                                                                "Worker Number": 0,
                                                                "Actual Startup Time": 0.053,
                                                                "Actual Total Time": 327.122,
                                                                "Actual Rows": 1720185,
                                                                "Actual Loops": 1
                                                            },
                                                            {
                                                                "Worker Number": 1,
                                                                "Actual Startup Time": 0.044,
                                                                "Actual Total Time": 335.104,
                                                                "Actual Rows": 1770276,
                                                                "Actual Loops": 1
                                                            },
                                                            {
                                                                "Worker Number": 2,
                                                                "Actual Startup Time": 0.036,
                                                                "Actual Total Time": 305.608,
                                                                "Actual Rows": 2490130,
                                                                "Actual Loops": 1
                                                            },
                                                            {
                                                                "Worker Number": 3,
                                                                "Actual Startup Time": 0.036,
                                                                "Actual Total Time": 301.7,
                                                                "Actual Rows": 2256358,
                                                                "Actual Loops": 1
                                                            },
                                                            {
                                                                "Worker Number": 4,
                                                                "Actual Startup Time": 0.036,
                                                                "Actual Total Time": 303.775,
                                                                "Actual Rows": 2269899,
                                                                "Actual Loops": 1
                                                            },
                                                            {
                                                                "Worker Number": 5,
                                                                "Actual Startup Time": 0.038,
                                                                "Actual Total Time": 301.899,
                                                                "Actual Rows": 2279563,
                                                                "Actual Loops": 1
                                                            }
                                                        ]
                                                    },
                                                    {
                                                        "Node Type": "Hash",
                                                        "Parent Relationship": "Inner",
                                                        "Parallel Aware": true,
                                                        "Startup Cost": 43899.01,
                                                        "Total Cost": 43899.01,
                                                        "Plan Rows": 391198,
                                                        "Plan Width": 4,
                                                        "Actual Startup Time": 211.305,
                                                        "Actual Total Time": 211.306,
                                                        "Actual Rows": 224367,
                                                        "Actual Loops": 7,
                                                        "Output": [
                                                            "t.id"
                                                        ],
                                                        "Hash Buckets": 2097152,
                                                        "Original Hash Buckets": 2097152,
                                                        "Hash Batches": 1,
                                                        "Original Hash Batches": 1,
                                                        "Peak Memory Usage": 77920,
                                                        "Workers": [
                                                            {
                                                                "Worker Number": 0,
                                                                "Actual Startup Time": 213.62,
                                                                "Actual Total Time": 213.621,
                                                                "Actual Rows": 179019,
                                                                "Actual Loops": 1
                                                            },
                                                            {
                                                                "Worker Number": 1,
                                                                "Actual Startup Time": 213.805,
                                                                "Actual Total Time": 213.806,
                                                                "Actual Rows": 180898,
                                                                "Actual Loops": 1
                                                            },
                                                            {
                                                                "Worker Number": 2,
                                                                "Actual Startup Time": 213.755,
                                                                "Actual Total Time": 213.756,
                                                                "Actual Rows": 242927,
                                                                "Actual Loops": 1
                                                            },
                                                            {
                                                                "Worker Number": 3,
                                                                "Actual Startup Time": 213.629,
                                                                "Actual Total Time": 213.63,
                                                                "Actual Rows": 233724,
                                                                "Actual Loops": 1
                                                            },
                                                            {
                                                                "Worker Number": 4,
                                                                "Actual Startup Time": 213.734,
                                                                "Actual Total Time": 213.735,
                                                                "Actual Rows": 234620,
                                                                "Actual Loops": 1
                                                            },
                                                            {
                                                                "Worker Number": 5,
                                                                "Actual Startup Time": 213.578,
                                                                "Actual Total Time": 213.579,
                                                                "Actual Rows": 235626,
                                                                "Actual Loops": 1
                                                            }
                                                        ],
                                                        "Plans": [
                                                            {
                                                                "Node Type": "Seq Scan",
                                                                "Parent Relationship": "Outer",
                                                                "Parallel Aware": true,
                                                                "Relation Name": "title",
                                                                "Schema": "public",
                                                                "Alias": "t",
                                                                "Startup Cost": 0.0,
                                                                "Total Cost": 43899.01,
                                                                "Plan Rows": 391198,
                                                                "Plan Width": 4,
                                                                "Actual Startup Time": 0.081,
                                                                "Actual Total Time": 84.858,
                                                                "Actual Rows": 224367,
                                                                "Actual Loops": 7,
                                                                "Output": [
                                                                    "t.id"
                                                                ],
                                                                "Filter": "(t.production_year > 1996)",
                                                                "Rows Removed by Filter": 136821,
                                                                "Workers": [
                                                                    {
                                                                        "Worker Number": 0,
                                                                        "Actual Startup Time": 0.096,
                                                                        "Actual Total Time": 87.886,
                                                                        "Actual Rows": 179019,
                                                                        "Actual Loops": 1
                                                                    },
                                                                    {
                                                                        "Worker Number": 1,
                                                                        "Actual Startup Time": 0.084,
                                                                        "Actual Total Time": 89.464,
                                                                        "Actual Rows": 180898,
                                                                        "Actual Loops": 1
                                                                    },
                                                                    {
                                                                        "Worker Number": 2,
                                                                        "Actual Startup Time": 0.099,
                                                                        "Actual Total Time": 85.684,
                                                                        "Actual Rows": 242927,
                                                                        "Actual Loops": 1
                                                                    },
                                                                    {
                                                                        "Worker Number": 3,
                                                                        "Actual Startup Time": 0.085,
                                                                        "Actual Total Time": 85.652,
                                                                        "Actual Rows": 233724,
                                                                        "Actual Loops": 1
                                                                    },
                                                                    {
                                                                        "Worker Number": 4,
                                                                        "Actual Startup Time": 0.095,
                                                                        "Actual Total Time": 85.212,
                                                                        "Actual Rows": 234620,
                                                                        "Actual Loops": 1
                                                                    },
                                                                    {
                                                                        "Worker Number": 5,
                                                                        "Actual Startup Time": 0.09,
                                                                        "Actual Total Time": 85.352,
                                                                        "Actual Rows": 235626,
                                                                        "Actual Loops": 1
                                                                    }
                                                                ]
                                                            }
                                                        ]
                                                    }
                                                ]
                                            }
                                        ]
                                    }
                                ]
                            }
                        ]
                    }
                ]
            }
        ]
    },
    "Planning Time": 1.479,
    "Triggers": [],
    "Execution Time": 12179.013
}