[
    {
        "Bao": {
            "Bao prediction": 789.754,
            "Bao recommended hint": "(no hint)"
        }
    },
    {
        "Plan": {
            "Node Type": "Aggregate",
            "Strategy": "Plain",
            "Partial Mode": "Simple",
            "Parallel Aware": false,
            "Startup Cost": 17058.79,
            "Total Cost": 17058.8,
            "Plan Rows": 1,
            "Plan Width": 32,
            "Actual Startup Time": 368.468,
            "Actual Total Time": 368.472,
            "Actual Rows": 1,
            "Actual Loops": 1,
            "Output": [
                "min(t.title)"
            ],
            "Plans": [
                {
                    "Node Type": "Nested Loop",
                    "Parent Relationship": "Outer",
                    "Parallel Aware": false,
                    "Join Type": "Inner",
                    "Startup Cost": 11.66,
                    "Total Cost": 17056.37,
                    "Plan Rows": 970,
                    "Plan Width": 17,
                    "Actual Startup Time": 11.665,
                    "Actual Total Time": 366.888,
                    "Actual Rows": 7505,
                    "Actual Loops": 1,
                    "Output": [
                        "t.title"
                    ],
                    "Inner Unique": false,
                    "Join Filter": "(t.id = mi.movie_id)",
                    "Rows Removed by Join Filter": 0,
                    "Plans": [
                        {
                            "Node Type": "Nested Loop",
                            "Parent Relationship": "Outer",
                            "Parallel Aware": false,
                            "Join Type": "Inner",
                            "Startup Cost": 11.23,
                            "Total Cost": 16598.89,
                            "Plan Rows": 240,
                            "Plan Width": 25,
                            "Actual Startup Time": 10.995,
                            "Actual Total Time": 143.157,
                            "Actual Rows": 4467,
                            "Actual Loops": 1,
                            "Output": [
                                "mk.movie_id",
                                "t.title",
                                "t.id"
                            ],
                            "Inner Unique": true,
                            "Plans": [
                                {
                                    "Node Type": "Nested Loop",
                                    "Parent Relationship": "Outer",
                                    "Parallel Aware": false,
                                    "Join Type": "Inner",
                                    "Startup Cost": 10.8,
                                    "Total Cost": 16384.36,
                                    "Plan Rows": 438,
                                    "Plan Width": 4,
                                    "Actual Startup Time": 10.882,
                                    "Actual Total Time": 66.517,
                                    "Actual Rows": 12951,
                                    "Actual Loops": 1,
                                    "Output": [
                                        "mk.movie_id"
                                    ],
                                    "Inner Unique": false,
                                    "Plans": [
                                        {
                                            "Node Type": "Seq Scan",
                                            "Parent Relationship": "Outer",
                                            "Parallel Aware": false,
                                            "Relation Name": "keyword",
                                            "Schema": "public",
                                            "Alias": "k",
                                            "Startup Cost": 0.0,
                                            "Total Cost": 2626.12,
                                            "Plan Rows": 13,
                                            "Plan Width": 4,
                                            "Actual Startup Time": 3.8,
                                            "Actual Total Time": 24.662,
                                            "Actual Rows": 30,
                                            "Actual Loops": 1,
                                            "Output": [
                                                "k.id",
                                                "k.keyword",
                                                "k.phonetic_code"
                                            ],
                                            "Filter": "(k.keyword ~~ '%sequel%'::text)",
                                            "Rows Removed by Filter": 134140
                                        },
                                        {
                                            "Node Type": "Bitmap Heap Scan",
                                            "Parent Relationship": "Inner",
                                            "Parallel Aware": false,
                                            "Relation Name": "movie_keyword",
                                            "Schema": "public",
                                            "Alias": "mk",
                                            "Startup Cost": 10.8,
                                            "Total Cost": 1055.28,
                                            "Plan Rows": 305,
                                            "Plan Width": 8,
                                            "Actual Startup Time": 0.275,
                                            "Actual Total Time": 1.301,
                                            "Actual Rows": 432,
                                            "Actual Loops": 30,
                                            "Output": [
                                                "mk.id",
                                                "mk.movie_id",
                                                "mk.keyword_id"
                                            ],
                                            "Recheck Cond": "(mk.keyword_id = k.id)",
                                            "Rows Removed by Index Recheck": 0,
                                            "Exact Heap Blocks": 6979,
                                            "Lossy Heap Blocks": 0,
                                            "Plans": [
                                                {
                                                    "Node Type": "Bitmap Index Scan",
                                                    "Parent Relationship": "Outer",
                                                    "Parallel Aware": false,
                                                    "Index Name": "keyword_id_movie_keyword",
                                                    "Startup Cost": 0.0,
                                                    "Total Cost": 10.72,
                                                    "Plan Rows": 305,
                                                    "Plan Width": 0,
                                                    "Actual Startup Time": 0.183,
                                                    "Actual Total Time": 0.183,
                                                    "Actual Rows": 432,
                                                    "Actual Loops": 30,
                                                    "Index Cond": "(mk.keyword_id = k.id)"
                                                }
                                            ]
                                        }
                                    ]
                                },
                                {
                                    "Node Type": "Index Scan",
                                    "Parent Relationship": "Inner",
                                    "Parallel Aware": false,
                                    "Scan Direction": "Forward",
                                    "Index Name": "title_pkey",
                                    "Relation Name": "title",
                                    "Schema": "public",
                                    "Alias": "t",
                                    "Startup Cost": 0.43,
                                    "Total Cost": 0.49,
                                    "Plan Rows": 1,
                                    "Plan Width": 21,
                                    "Actual Startup Time": 0.005,
                                    "Actual Total Time": 0.005,
                                    "Actual Rows": 0,
                                    "Actual Loops": 12951,
                                    "Output": [
                                        "t.id",
                                        "t.title",
                                        "t.imdb_index",
                                        "t.kind_id",
                                        "t.production_year",
                                        "t.imdb_id",
                                        "t.phonetic_code",
                                        "t.episode_of_id",
                                        "t.season_nr",
                                        "t.episode_nr",
                                        "t.series_years",
                                        "t.md5sum"
                                    ],
                                    "Index Cond": "(t.id = mk.movie_id)",
                                    "Rows Removed by Index Recheck": 0,
                                    "Filter": "(t.production_year > 2000)",
                                    "Rows Removed by Filter": 1
                                }
                            ]
                        },
                        {
                            "Node Type": "Index Scan",
                            "Parent Relationship": "Inner",
                            "Parallel Aware": false,
                            "Scan Direction": "Forward",
                            "Index Name": "movie_id_movie_info",
                            "Relation Name": "movie_info",
                            "Schema": "public",
                            "Alias": "mi",
                            "Startup Cost": 0.43,
                            "Total Cost": 1.86,
                            "Plan Rows": 4,
                            "Plan Width": 4,
                            "Actual Startup Time": 0.016,
                            "Actual Total Time": 0.049,
                            "Actual Rows": 2,
                            "Actual Loops": 4467,
                            "Output": [
                                "mi.id",
                                "mi.movie_id",
                                "mi.info_type_id",
                                "mi.info",
                                "mi.note"
                            ],
                            "Index Cond": "(mi.movie_id = mk.movie_id)",
                            "Rows Removed by Index Recheck": 0,
                            "Filter": "(mi.info = ANY ('{Denish,Norwegian,Bulgaria,Sweden,Norway,USA,Danish,English,German,Denmark}'::text[]))",
                            "Rows Removed by Filter": 39
                        }
                    ]
                }
            ]
        },
        "Planning Time": 1622.056,
        "Triggers": [],
        "Execution Time": 369.061
    }
]