[
  {
    "Plan": {
      "Node Type": "Aggregate",
      "Strategy": "Plain",
      "Partial Mode": "Finalize",
      "Parallel Aware": false,
      "Startup Cost": 31207.31,
      "Total Cost": 31207.32,
      "Plan Rows": 1,
      "Plan Width": 8,
      "Actual Startup Time": 90.259,
      "Actual Total Time": 98.207,
      "Actual Rows": 1,
      "Actual Loops": 1,
      "Plans": [
        {
          "Node Type": "Gather",
          "Parent Relationship": "Outer",
          "Parallel Aware": false,
          "Startup Cost": 31206.99,
          "Total Cost": 31207.3,
          "Plan Rows": 3,
          "Plan Width": 8,
          "Actual Startup Time": 90.096,
          "Actual Total Time": 98.199,
          "Actual Rows": 4,
          "Actual Loops": 1,
          "Workers Planned": 3,
          "Workers Launched": 3,
          "Single Copy": false,
          "Plans": [
            {
              "Node Type": "Aggregate",
              "Strategy": "Plain",
              "Partial Mode": "Partial",
              "Parent Relationship": "Outer",
              "Parallel Aware": false,
              "Startup Cost": 30206.99,
              "Total Cost": 30207.0,
              "Plan Rows": 1,
              "Plan Width": 8,
              "Actual Startup Time": 85.014,
              "Actual Total Time": 85.015,
              "Actual Rows": 1,
              "Actual Loops": 4,
              "Plans": [
                {
                  "Node Type": "Seq Scan",
                  "Parent Relationship": "Outer",
                  "Parallel Aware": true,
                  "Relation Name": "movie_companies",
                  "Alias": "mc",
                  "Startup Cost": 0.0,
                  "Total Cost": 29310.68,
                  "Plan Rows": 358525,
                  "Plan Width": 0,
                  "Actual Startup Time": 12.328,
                  "Actual Total Time": 72.268,
                  "Actual Rows": 276928,
                  "Actual Loops": 4,
                  "Filter": "(company_id > 14002)",
                  "Rows Removed by Filter": 375355
                }
              ]
            }
          ]
        }
      ]
    },
    "Planning Time": 0.087,
    "Triggers": [],
    "Execution Time": 98.235
  }
]