[
  {
    "Plan": {
      "Node Type": "Aggregate",
      "Strategy": "Plain",
      "Partial Mode": "Finalize",
      "Parallel Aware": false,
      "Startup Cost": 31198.8,
      "Total Cost": 31198.81,
      "Plan Rows": 1,
      "Plan Width": 8,
      "Actual Startup Time": 95.883,
      "Actual Total Time": 101.709,
      "Actual Rows": 1,
      "Actual Loops": 1,
      "Plans": [
        {
          "Node Type": "Gather",
          "Parent Relationship": "Outer",
          "Parallel Aware": false,
          "Startup Cost": 31198.48,
          "Total Cost": 31198.79,
          "Plan Rows": 3,
          "Plan Width": 8,
          "Actual Startup Time": 95.785,
          "Actual Total Time": 101.702,
          "Actual Rows": 4,
          "Actual Loops": 1,
          "Workers Planned": 3,
          "Workers Launched": 3,
          "Single Copy": false,
          "Plans": [
            {
              "Node Type": "Aggregate",
              "Strategy": "Plain",
              "Partial Mode": "Partial",
              "Parent Relationship": "Outer",
              "Parallel Aware": false,
              "Startup Cost": 30198.48,
              "Total Cost": 30198.49,
              "Plan Rows": 1,
              "Plan Width": 8,
              "Actual Startup Time": 89.631,
              "Actual Total Time": 89.632,
              "Actual Rows": 1,
              "Actual Loops": 4,
              "Plans": [
                {
                  "Node Type": "Seq Scan",
                  "Parent Relationship": "Outer",
                  "Parallel Aware": true,
                  "Relation Name": "movie_companies",
                  "Alias": "mc",
                  "Startup Cost": 0.0,
                  "Total Cost": 29310.68,
                  "Plan Rows": 355121,
                  "Plan Width": 0,
                  "Actual Startup Time": 22.34,
                  "Actual Total Time": 78.03,
                  "Actual Rows": 276928,
                  "Actual Loops": 4,
                  "Filter": "(company_id > 14002)",
                  "Rows Removed by Filter": 375355
                }
              ]
            }
          ]
        }
      ]
    },
    "Planning Time": 0.197,
    "Triggers": [],
    "Execution Time": 101.766
  }
]