[
  {
    "Plan": {
      "Node Type": "Aggregate",
      "Strategy": "Plain",
      "Partial Mode": "Finalize",
      "Parallel Aware": false,
      "Startup Cost": 131291.45,
      "Total Cost": 131291.46,
      "Plan Rows": 1,
      "Plan Width": 8,
      "Actual Startup Time": 669.208,
      "Actual Total Time": 689.303,
      "Actual Rows": 1,
      "Actual Loops": 1,
      "Plans": [
        {
          "Node Type": "Gather",
          "Parent Relationship": "Outer",
          "Parallel Aware": false,
          "Startup Cost": 131291.13,
          "Total Cost": 131291.44,
          "Plan Rows": 3,
          "Plan Width": 8,
          "Actual Startup Time": 663.914,
          "Actual Total Time": 689.293,
          "Actual Rows": 4,
          "Actual Loops": 1,
          "Workers Planned": 3,
          "Workers Launched": 3,
          "Single Copy": false,
          "Plans": [
            {
              "Node Type": "Aggregate",
              "Strategy": "Plain",
              "Partial Mode": "Partial",
              "Parent Relationship": "Outer",
              "Parallel Aware": false,
              "Startup Cost": 130291.13,
              "Total Cost": 130291.14,
              "Plan Rows": 1,
              "Plan Width": 8,
              "Actual Startup Time": 655.086,
              "Actual Total Time": 655.197,
              "Actual Rows": 1,
              "Actual Loops": 4,
              "Plans": [
                {
                  "Node Type": "Hash Join",
                  "Parent Relationship": "Outer",
                  "Parallel Aware": true,
                  "Join Type": "Inner",
                  "Startup Cost": 83409.94,
                  "Total Cost": 129110.45,
                  "Plan Rows": 472274,
                  "Plan Width": 0,
                  "Actual Startup Time": 395.383,
                  "Actual Total Time": 628.742,
                  "Actual Rows": 697353,
                  "Actual Loops": 4,
                  "Inner Unique": false,
                  "Hash Cond": "(mk.movie_id = t.id)",
                  "Plans": [
                    {
                      "Node Type": "Seq Scan",
                      "Parent Relationship": "Outer",
                      "Parallel Aware": true,
                      "Relation Name": "movie_keyword",
                      "Alias": "mk",
                      "Startup Cost": 0.0,
                      "Total Cost": 39047.32,
                      "Plan Rows": 1459332,
                      "Plan Width": 4,
                      "Actual Startup Time": 0.031,
                      "Actual Total Time": 84.578,
                      "Actual Rows": 1130982,
                      "Actual Loops": 4
                    },
                    {
                      "Node Type": "Hash",
                      "Parent Relationship": "Inner",
                      "Parallel Aware": true,
                      "Startup Cost": 80853.02,
                      "Total Cost": 80853.02,
                      "Plan Rows": 204554,
                      "Plan Width": 8,
                      "Actual Startup Time": 390.112,
                      "Actual Total Time": 390.222,
                      "Actual Rows": 128208,
                      "Actual Loops": 4,
                      "Hash Buckets": 1048576,
                      "Original Hash Buckets": 1048576,
                      "Hash Batches": 1,
                      "Original Hash Batches": 1,
                      "Peak Memory Usage": 28320,
                      "Plans": [
                        {
                          "Node Type": "Hash Join",
                          "Parent Relationship": "Outer",
                          "Parallel Aware": true,
                          "Join Type": "Inner",
                          "Startup Cost": 34714.07,
                          "Total Cost": 80853.02,
                          "Plan Rows": 204554,
                          "Plan Width": 8,
                          "Actual Startup Time": 128.463,
                          "Actual Total Time": 344.455,
                          "Actual Rows": 128208,
                          "Actual Loops": 4,
                          "Inner Unique": false,
                          "Hash Cond": "(t.id = mc.movie_id)",
                          "Plans": [
                            {
                              "Node Type": "Seq Scan",
                              "Parent Relationship": "Outer",
                              "Parallel Aware": true,
                              "Relation Name": "title",
                              "Alias": "t",
                              "Startup Cost": 0.0,
                              "Total Cost": 42318.73,
                              "Plan Rows": 632073,
                              "Plan Width": 4,
                              "Actual Startup Time": 0.01,
                              "Actual Total Time": 72.841,
                              "Actual Rows": 632078,
                              "Actual Loops": 4
                            },
                            {
                              "Node Type": "Hash",
                              "Parent Relationship": "Inner",
                              "Parallel Aware": true,
                              "Startup Cost": 31414.82,
                              "Total Cost": 31414.82,
                              "Plan Rows": 263940,
                              "Plan Width": 4,
                              "Actual Startup Time": 125.863,
                              "Actual Total Time": 125.864,
                              "Actual Rows": 128208,
                              "Actual Loops": 4,
                              "Hash Buckets": 1048576,
                              "Original Hash Buckets": 1048576,
                              "Hash Batches": 1,
                              "Original Hash Batches": 1,
                              "Peak Memory Usage": 28288,
                              "Plans": [
                                {
                                  "Node Type": "Seq Scan",
                                  "Parent Relationship": "Outer",
                                  "Parallel Aware": true,
                                  "Relation Name": "movie_companies",
                                  "Alias": "mc",
                                  "Startup Cost": 0.0,
                                  "Total Cost": 31414.82,
                                  "Plan Rows": 263940,
                                  "Plan Width": 4,
                                  "Actual Startup Time": 50.054,
                                  "Actual Total Time": 83.682,
                                  "Actual Rows": 128208,
                                  "Actual Loops": 4,
                                  "Filter": "((company_id < 16374) AND (company_type_id > 1))",
                                  "Rows Removed by Filter": 524074
                                }
                              ]
                            }
                          ]
                        }
                      ]
                    }
                  ]
                }
              ]
            }
          ]
        }
      ]
    },
    "Planning Time": 1.418,
    "Triggers": [],
    "Execution Time": 689.412
  }
]