[
  {
    "Plan": {
      "Node Type": "Aggregate",
      "Strategy": "Plain",
      "Partial Mode": "Finalize",
      "Parallel Aware": false,
      "Startup Cost": 45893.68,
      "Total Cost": 45893.69,
      "Plan Rows": 1,
      "Plan Width": 8,
      "Actual Startup Time": 135.311,
      "Actual Total Time": 145.002,
      "Actual Rows": 1,
      "Actual Loops": 1,
      "Plans": [
        {
          "Node Type": "Gather",
          "Parent Relationship": "Outer",
          "Parallel Aware": false,
          "Startup Cost": 45893.36,
          "Total Cost": 45893.67,
          "Plan Rows": 3,
          "Plan Width": 8,
          "Actual Startup Time": 135.153,
          "Actual Total Time": 144.993,
          "Actual Rows": 4,
          "Actual Loops": 1,
          "Workers Planned": 3,
          "Workers Launched": 3,
          "Single Copy": false,
          "Plans": [
            {
              "Node Type": "Aggregate",
              "Strategy": "Plain",
              "Partial Mode": "Partial",
              "Parent Relationship": "Outer",
              "Parallel Aware": false,
              "Startup Cost": 44893.36,
              "Total Cost": 44893.37,
              "Plan Rows": 1,
              "Plan Width": 8,
              "Actual Startup Time": 131.905,
              "Actual Total Time": 131.906,
              "Actual Rows": 1,
              "Actual Loops": 4,
              "Plans": [
                {
                  "Node Type": "Seq Scan",
                  "Parent Relationship": "Outer",
                  "Parallel Aware": true,
                  "Relation Name": "movie_keyword",
                  "Alias": "mk",
                  "Startup Cost": 0.0,
                  "Total Cost": 42695.65,
                  "Plan Rows": 879084,
                  "Plan Width": 0,
                  "Actual Startup Time": 0.024,
                  "Actual Total Time": 104.058,
                  "Actual Rows": 684619,
                  "Actual Loops": 4,
                  "Filter": "(keyword_id < 7773)",
                  "Rows Removed by Filter": 446364
                }
              ]
            }
          ]
        }
      ]
    },
    "Planning Time": 0.111,
    "Triggers": [],
    "Execution Time": 145.038
  }
]