[
  {
    "Plan": {
      "Node Type": "Aggregate",
      "Strategy": "Plain",
      "Partial Mode": "Finalize",
      "Parallel Aware": false,
      "Startup Cost": 40345.11,
      "Total Cost": 40345.12,
      "Plan Rows": 1,
      "Plan Width": 8,
      "Actual Startup Time": 159.92,
      "Actual Total Time": 166.221,
      "Actual Rows": 1,
      "Actual Loops": 1,
      "Plans": [
        {
          "Node Type": "Gather",
          "Parent Relationship": "Outer",
          "Parallel Aware": false,
          "Startup Cost": 40344.79,
          "Total Cost": 40345.1,
          "Plan Rows": 3,
          "Plan Width": 8,
          "Actual Startup Time": 159.638,
          "Actual Total Time": 166.209,
          "Actual Rows": 4,
          "Actual Loops": 1,
          "Workers Planned": 3,
          "Workers Launched": 3,
          "Single Copy": false,
          "Plans": [
            {
              "Node Type": "Aggregate",
              "Strategy": "Plain",
              "Partial Mode": "Partial",
              "Parent Relationship": "Outer",
              "Parallel Aware": false,
              "Startup Cost": 39344.79,
              "Total Cost": 39344.8,
              "Plan Rows": 1,
              "Plan Width": 8,
              "Actual Startup Time": 150.404,
              "Actual Total Time": 150.405,
              "Actual Rows": 1,
              "Actual Loops": 4,
              "Plans": [
                {
                  "Node Type": "Bitmap Heap Scan",
                  "Parent Relationship": "Outer",
                  "Parallel Aware": true,
                  "Relation Name": "movie_keyword",
                  "Alias": "mk",
                  "Startup Cost": 12125.5,
                  "Total Cost": 38883.91,
                  "Plan Rows": 184353,
                  "Plan Width": 0,
                  "Actual Startup Time": 54.283,
                  "Actual Total Time": 139.808,
                  "Actual Rows": 144566,
                  "Actual Loops": 4,
                  "Recheck Cond": "(keyword_id < 410)",
                  "Rows Removed by Index Recheck": 0,
                  "Exact Heap Blocks": 7934,
                  "Lossy Heap Blocks": 0,
                  "Plans": [
                    {
                      "Node Type": "Bitmap Index Scan",
                      "Parent Relationship": "Outer",
                      "Parallel Aware": false,
                      "Index Name": "keyword_id_movie_keyword",
                      "Startup Cost": 0.0,
                      "Total Cost": 11982.63,
                      "Plan Rows": 571493,
                      "Plan Width": 0,
                      "Actual Startup Time": 56.893,
                      "Actual Total Time": 56.893,
                      "Actual Rows": 578266,
                      "Actual Loops": 1,
                      "Index Cond": "(keyword_id < 410)"
                    }
                  ]
                }
              ]
            }
          ]
        }
      ]
    },
    "Planning Time": 0.166,
    "Triggers": [],
    "Execution Time": 166.295
  }
]