[
  {
    "Plan": {
      "Node Type": "Aggregate",
      "Strategy": "Plain",
      "Partial Mode": "Finalize",
      "Parallel Aware": false,
      "Startup Cost": 40205.95,
      "Total Cost": 40205.96,
      "Plan Rows": 1,
      "Plan Width": 8,
      "Actual Startup Time": 143.117,
      "Actual Total Time": 152.623,
      "Actual Rows": 1,
      "Actual Loops": 1,
      "Plans": [
        {
          "Node Type": "Gather",
          "Parent Relationship": "Outer",
          "Parallel Aware": false,
          "Startup Cost": 40205.63,
          "Total Cost": 40205.94,
          "Plan Rows": 3,
          "Plan Width": 8,
          "Actual Startup Time": 142.803,
          "Actual Total Time": 152.614,
          "Actual Rows": 4,
          "Actual Loops": 1,
          "Workers Planned": 3,
          "Workers Launched": 3,
          "Single Copy": false,
          "Plans": [
            {
              "Node Type": "Aggregate",
              "Strategy": "Plain",
              "Partial Mode": "Partial",
              "Parent Relationship": "Outer",
              "Parallel Aware": false,
              "Startup Cost": 39205.63,
              "Total Cost": 39205.64,
              "Plan Rows": 1,
              "Plan Width": 8,
              "Actual Startup Time": 135.855,
              "Actual Total Time": 135.857,
              "Actual Rows": 1,
              "Actual Loops": 4,
              "Plans": [
                {
                  "Node Type": "Bitmap Heap Scan",
                  "Parent Relationship": "Outer",
                  "Parallel Aware": true,
                  "Relation Name": "movie_keyword",
                  "Alias": "mk",
                  "Startup Cost": 12012.16,
                  "Total Cost": 38749.05,
                  "Plan Rows": 182632,
                  "Plan Width": 0,
                  "Actual Startup Time": 50.03,
                  "Actual Total Time": 127.313,
                  "Actual Rows": 144566,
                  "Actual Loops": 4,
                  "Recheck Cond": "(keyword_id < 410)",
                  "Rows Removed by Index Recheck": 0,
                  "Exact Heap Blocks": 11541,
                  "Lossy Heap Blocks": 0,
                  "Plans": [
                    {
                      "Node Type": "Bitmap Index Scan",
                      "Parent Relationship": "Outer",
                      "Parallel Aware": false,
                      "Index Name": "keyword_id_movie_keyword",
                      "Startup Cost": 0.0,
                      "Total Cost": 11870.62,
                      "Plan Rows": 566158,
                      "Plan Width": 0,
                      "Actual Startup Time": 52.477,
                      "Actual Total Time": 52.477,
                      "Actual Rows": 578266,
                      "Actual Loops": 1,
                      "Index Cond": "(keyword_id < 410)"
                    }
                  ]
                }
              ]
            }
          ]
        }
      ]
    },
    "Planning Time": 0.181,
    "Triggers": [],
    "Execution Time": 152.697
  }
]