{
  "Plan": {
    "Node Type": "Aggregate",
    "Strategy": "Plain",
    "Partial Mode": "Finalize",
    "Parallel Aware": false,
    "Startup Cost": 105498.58,
    "Total Cost": 105498.59,
    "Plan Rows": 1,
    "Plan Width": 32,
    "Actual Startup Time": 707.151,
    "Actual Total Time": 727.506,
    "Actual Rows": 1,
    "Actual Loops": 1,
    "Plans": [
      {
        "Node Type": "Gather",
        "Parent Relationship": "Outer",
        "Parallel Aware": false,
        "Startup Cost": 105498.26,
        "Total Cost": 105498.57,
        "Plan Rows": 3,
        "Plan Width": 32,
        "Actual Startup Time": 690.729,
        "Actual Total Time": 727.494,
        "Actual Rows": 4,
        "Actual Loops": 1,
        "Workers Planned": 3,
        "Workers Launched": 3,
        "Single Copy": false,
        "Plans": [
          {
            "Node Type": "Aggregate",
            "Strategy": "Plain",
            "Partial Mode": "Partial",
            "Parent Relationship": "Outer",
            "Parallel Aware": false,
            "Startup Cost": 104498.26,
            "Total Cost": 104498.27,
            "Plan Rows": 1,
            "Plan Width": 32,
            "Actual Startup Time": 678.693,
            "Actual Total Time": 678.7,
            "Actual Rows": 1,
            "Actual Loops": 4,
            "Plans": [
              {
                "Node Type": "Hash Join",
                "Parent Relationship": "Outer",
                "Parallel Aware": false,
                "Join Type": "Inner",
                "Startup Cost": 49400.63,
                "Total Cost": 104463.46,
                "Plan Rows": 13921,
                "Plan Width": 17,
                "Actual Startup Time": 611.69,
                "Actual Total Time": 678.638,
                "Actual Rows": 167,
                "Actual Loops": 4,
                "Inner Unique": true,
                "Hash Cond": "(mi.info_type_id = it.id)",
                "Plans": [
                  {
                    "Node Type": "Nested Loop",
                    "Parent Relationship": "Outer",
                    "Parallel Aware": false,
                    "Join Type": "Inner",
                    "Startup Cost": 49397.09,
                    "Total Cost": 104422.01,
                    "Plan Rows": 13921,
                    "Plan Width": 21,
                    "Actual Startup Time": 611.14,
                    "Actual Total Time": 677.977,
                    "Actual Rows": 167,
                    "Actual Loops": 4,
                    "Inner Unique": false,
                    "Plans": [
                      {
                        "Node Type": "Hash Join",
                        "Parent Relationship": "Outer",
                        "Parallel Aware": false,
                        "Join Type": "Inner",
                        "Startup Cost": 49396.65,
                        "Total Cost": 81203.17,
                        "Plan Rows": 10667,
                        "Plan Width": 25,
                        "Actual Startup Time": 610.939,
                        "Actual Total Time": 659.627,
                        "Actual Rows": 192,
                        "Actual Loops": 4,
                        "Inner Unique": true,
                        "Hash Cond": "(mc.company_type_id = ct.id)",
                        "Plans": [
                          {
                            "Node Type": "Hash Join",
                            "Parent Relationship": "Outer",
                            "Parallel Aware": true,
                            "Join Type": "Inner",
                            "Startup Cost": 49395.59,
                            "Total Cost": 80971.43,
                            "Plan Rows": 42668,
                            "Plan Width": 29,
                            "Actual Startup Time": 458.829,
                            "Actual Total Time": 656.876,
                            "Actual Rows": 26375,
                            "Actual Loops": 4,
                            "Inner Unique": true,
                            "Hash Cond": "(mc.movie_id = t.id)",
                            "Plans": [
                              {
                                "Node Type": "Seq Scan",
                                "Parent Relationship": "Outer",
                                "Parallel Aware": true,
                                "Relation Name": "movie_companies",
                                "Alias": "mc",
                                "Startup Cost": 0.0,
                                "Total Cost": 31414.82,
                                "Plan Rows": 61343,
                                "Plan Width": 8,
                                "Actual Startup Time": 0.046,
                                "Actual Total Time": 158.495,
                                "Actual Rows": 73907,
                                "Actual Loops": 4,
                                "Filter": "((note !~~ '%(TV)%'::text) AND (note ~~ '%(USA)%'::text))",
                                "Rows Removed by Filter": 578375
                              },
                              {
                                "Node Type": "Hash",
                                "Parent Relationship": "Inner",
                                "Parallel Aware": true,
                                "Startup Cost": 43899.59,
                                "Total Cost": 43899.59,
                                "Plan Rows": 439680,
                                "Plan Width": 21,
                                "Actual Startup Time": 452.853,
                                "Actual Total Time": 452.854,
                                "Actual Rows": 437258,
                                "Actual Loops": 4,
                                "Hash Buckets": 2097152,
                                "Original Hash Buckets": 2097152,
                                "Hash Batches": 1,
                                "Original Hash Batches": 1,
                                "Peak Memory Usage": 114432,
                                "Plans": [
                                  {
                                    "Node Type": "Seq Scan",
                                    "Parent Relationship": "Outer",
                                    "Parallel Aware": true,
                                    "Relation Name": "title",
                                    "Alias": "t",
                                    "Startup Cost": 0.0,
                                    "Total Cost": 43899.59,
                                    "Plan Rows": 439680,
                                    "Plan Width": 21,
                                    "Actual Startup Time": 0.071,
                                    "Actual Total Time": 211.474,
                                    "Actual Rows": 437258,
                                    "Actual Loops": 4,
                                    "Filter": "(production_year > 1990)",
                                    "Rows Removed by Filter": 194820
                                  }
                                ]
                              }
                            ]
                          },
                          {
                            "Node Type": "Hash",
                            "Parent Relationship": "Inner",
                            "Parallel Aware": false,
                            "Startup Cost": 1.05,
                            "Total Cost": 1.05,
                            "Plan Rows": 1,
                            "Plan Width": 4,
                            "Actual Startup Time": 0.081,
                            "Actual Total Time": 0.082,
                            "Actual Rows": 1,
                            "Actual Loops": 4,
                            "Hash Buckets": 1024,
                            "Original Hash Buckets": 1024,
                            "Hash Batches": 1,
                            "Original Hash Batches": 1,
                            "Peak Memory Usage": 9,
                            "Plans": [
                              {
                                "Node Type": "Seq Scan",
                                "Parent Relationship": "Outer",
                                "Parallel Aware": false,
                                "Relation Name": "company_type",
                                "Alias": "ct",
                                "Startup Cost": 0.0,
                                "Total Cost": 1.05,
                                "Plan Rows": 1,
                                "Plan Width": 4,
                                "Actual Startup Time": 0.061,
                                "Actual Total Time": 0.064,
                                "Actual Rows": 1,
                                "Actual Loops": 4,
                                "Filter": "((kind)::text = 'production companies'::text)",
                                "Rows Removed by Filter": 3
                              }
                            ]
                          }
                        ]
                      },
                      {
                        "Node Type": "Index Scan",
                        "Parent Relationship": "Inner",
                        "Parallel Aware": false,
                        "Scan Direction": "Forward",
                        "Index Name": "movie_id_movie_info",
                        "Relation Name": "movie_info",
                        "Alias": "mi",
                        "Startup Cost": 0.43,
                        "Total Cost": 2.16,
                        "Plan Rows": 2,
                        "Plan Width": 8,
                        "Actual Startup Time": 0.084,
                        "Actual Total Time": 0.095,
                        "Actual Rows": 1,
                        "Actual Loops": 767,
                        "Index Cond": "(movie_id = t.id)",
                        "Rows Removed by Index Recheck": 0,
                        "Filter": "(info = ANY ('{Sweden,Norway,Germany,Denmark,Swedish,Denish,Norwegian,German,USA,American}'::text[]))",
                        "Rows Removed by Filter": 10
                      }
                    ]
                  },
                  {
                    "Node Type": "Hash",
                    "Parent Relationship": "Inner",
                    "Parallel Aware": false,
                    "Startup Cost": 2.13,
                    "Total Cost": 2.13,
                    "Plan Rows": 113,
                    "Plan Width": 4,
                    "Actual Startup Time": 0.182,
                    "Actual Total Time": 0.183,
                    "Actual Rows": 113,
                    "Actual Loops": 4,
                    "Hash Buckets": 1024,
                    "Original Hash Buckets": 1024,
                    "Hash Batches": 1,
                    "Original Hash Batches": 1,
                    "Peak Memory Usage": 12,
                    "Plans": [
                      {
                        "Node Type": "Seq Scan",
                        "Parent Relationship": "Outer",
                        "Parallel Aware": false,
                        "Relation Name": "info_type",
                        "Alias": "it",
                        "Startup Cost": 0.0,
                        "Total Cost": 2.13,
                        "Plan Rows": 113,
                        "Plan Width": 4,
                        "Actual Startup Time": 0.081,
                        "Actual Total Time": 0.111,
                        "Actual Rows": 113,
                        "Actual Loops": 4
                      }
                    ]
                  }
                ]
              }
            ]
          }
        ]
      }
    ]
  },
  "Planning Time": 8.165,
  "Triggers": [],
  "Execution Time": 727.968
}