[
  {
    "Plan": {
      "Node Type": "Aggregate",
      "Strategy": "Plain",
      "Partial Mode": "Finalize",
      "Parallel Aware": false,
      "Startup Cost": 340742.22,
      "Total Cost": 340742.23,
      "Plan Rows": 1,
      "Plan Width": 8,
      "Actual Startup Time": 367.086,
      "Actual Total Time": 428.233,
      "Actual Rows": 1,
      "Actual Loops": 1,
      "Plans": [
        {
          "Node Type": "Gather",
          "Parent Relationship": "Outer",
          "Parallel Aware": false,
          "Startup Cost": 340741.8,
          "Total Cost": 340742.21,
          "Plan Rows": 4,
          "Plan Width": 8,
          "Actual Startup Time": 366.95,
          "Actual Total Time": 428.221,
          "Actual Rows": 5,
          "Actual Loops": 1,
          "Workers Planned": 4,
          "Workers Launched": 4,
          "Single Copy": false,
          "Plans": [
            {
              "Node Type": "Aggregate",
              "Strategy": "Plain",
              "Partial Mode": "Partial",
              "Parent Relationship": "Outer",
              "Parallel Aware": false,
              "Startup Cost": 339741.8,
              "Total Cost": 339741.81,
              "Plan Rows": 1,
              "Plan Width": 8,
              "Actual Startup Time": 356.551,
              "Actual Total Time": 356.553,
              "Actual Rows": 1,
              "Actual Loops": 5,
              "Plans": [
                {
                  "Node Type": "Nested Loop",
                  "Parent Relationship": "Outer",
                  "Parallel Aware": false,
                  "Join Type": "Inner",
                  "Startup Cost": 0.56,
                  "Total Cost": 339454.3,
                  "Plan Rows": 114998,
                  "Plan Width": 0,
                  "Actual Startup Time": 59.57,
                  "Actual Total Time": 349.792,
                  "Actual Rows": 80698,
                  "Actual Loops": 5,
                  "Inner Unique": false,
                  "Plans": [
                    {
                      "Node Type": "Seq Scan",
                      "Parent Relationship": "Outer",
                      "Parallel Aware": true,
                      "Relation Name": "title",
                      "Alias": "t",
                      "Startup Cost": 0.0,
                      "Total Cost": 45479.1,
                      "Plan Rows": 8026,
                      "Plan Width": 4,
                      "Actual Startup Time": 59.457,
                      "Actual Total Time": 87.959,
                      "Actual Rows": 4421,
                      "Actual Loops": 5,
                      "Filter": "((kind_id = 1) AND (production_year = 2008))",
                      "Rows Removed by Filter": 501241
                    },
                    {
                      "Node Type": "Index Only Scan",
                      "Parent Relationship": "Inner",
                      "Parallel Aware": false,
                      "Scan Direction": "Forward",
                      "Index Name": "movie_id_cast_info",
                      "Relation Name": "cast_info",
                      "Alias": "ci",
                      "Startup Cost": 0.56,
                      "Total Cost": 36.26,
                      "Plan Rows": 37,
                      "Plan Width": 4,
                      "Actual Startup Time": 0.011,
                      "Actual Total Time": 0.057,
                      "Actual Rows": 18,
                      "Actual Loops": 22107,
                      "Index Cond": "(movie_id = t.id)",
                      "Rows Removed by Index Recheck": 0,
                      "Heap Fetches": 403489
                    }
                  ]
                }
              ]
            }
          ]
        }
      ]
    },
    "Planning Time": 0.543,
    "Triggers": [],
    "Execution Time": 428.322
  }
]