[
  {
    "Plan": {
      "Node Type": "Aggregate",
      "Strategy": "Plain",
      "Partial Mode": "Finalize",
      "Parallel Aware": false,
      "Startup Cost": 176205.23,
      "Total Cost": 176205.24,
      "Plan Rows": 1,
      "Plan Width": 8,
      "Actual Startup Time": 130.988,
      "Actual Total Time": 144.581,
      "Actual Rows": 1,
      "Actual Loops": 1,
      "Plans": [
        {
          "Node Type": "Gather",
          "Parent Relationship": "Outer",
          "Parallel Aware": false,
          "Startup Cost": 176204.81,
          "Total Cost": 176205.22,
          "Plan Rows": 4,
          "Plan Width": 8,
          "Actual Startup Time": 129.87,
          "Actual Total Time": 144.564,
          "Actual Rows": 5,
          "Actual Loops": 1,
          "Workers Planned": 4,
          "Workers Launched": 4,
          "Single Copy": false,
          "Plans": [
            {
              "Node Type": "Aggregate",
              "Strategy": "Plain",
              "Partial Mode": "Partial",
              "Parent Relationship": "Outer",
              "Parallel Aware": false,
              "Startup Cost": 175204.81,
              "Total Cost": 175204.82,
              "Plan Rows": 1,
              "Plan Width": 8,
              "Actual Startup Time": 120.022,
              "Actual Total Time": 120.025,
              "Actual Rows": 1,
              "Actual Loops": 5,
              "Plans": [
                {
                  "Node Type": "Hash Join",
                  "Parent Relationship": "Outer",
                  "Parallel Aware": true,
                  "Join Type": "Inner",
                  "Startup Cost": 47645.31,
                  "Total Cost": 175199.85,
                  "Plan Rows": 1983,
                  "Plan Width": 0,
                  "Actual Startup Time": 111.983,
                  "Actual Total Time": 120.014,
                  "Actual Rows": 18,
                  "Actual Loops": 5,
                  "Inner Unique": true,
                  "Hash Cond": "(mi.movie_id = t.id)",
                  "Plans": [
                    {
                      "Node Type": "Bitmap Heap Scan",
                      "Parent Relationship": "Outer",
                      "Parallel Aware": true,
                      "Relation Name": "movie_info",
                      "Alias": "mi",
                      "Startup Cost": 1270.75,
                      "Total Cost": 128779.37,
                      "Plan Rows": 17494,
                      "Plan Width": 4,
                      "Actual Startup Time": 3.871,
                      "Actual Total Time": 9.305,
                      "Actual Rows": 13605,
                      "Actual Loops": 5,
                      "Recheck Cond": "(info_type_id = 94)",
                      "Rows Removed by Index Recheck": 0,
                      "Exact Heap Blocks": 504,
                      "Lossy Heap Blocks": 0,
                      "Plans": [
                        {
                          "Node Type": "Bitmap Index Scan",
                          "Parent Relationship": "Outer",
                          "Parallel Aware": false,
                          "Index Name": "info_type_id_movie_info",
                          "Startup Cost": 0.0,
                          "Total Cost": 1253.25,
                          "Plan Rows": 69976,
                          "Plan Width": 0,
                          "Actual Startup Time": 3.379,
                          "Actual Total Time": 3.38,
                          "Actual Rows": 68025,
                          "Actual Loops": 1,
                          "Index Cond": "(info_type_id = 94)"
                        }
                      ]
                    },
                    {
                      "Node Type": "Hash",
                      "Parent Relationship": "Inner",
                      "Parallel Aware": true,
                      "Startup Cost": 45479.1,
                      "Total Cost": 45479.1,
                      "Plan Rows": 71637,
                      "Plan Width": 4,
                      "Actual Startup Time": 104.862,
                      "Actual Total Time": 104.862,
                      "Actual Rows": 37057,
                      "Actual Loops": 5,
                      "Hash Buckets": 524288,
                      "Original Hash Buckets": 524288,
                      "Hash Batches": 1,
                      "Original Hash Batches": 1,
                      "Peak Memory Usage": 11424,
                      "Plans": [
                        {
                          "Node Type": "Seq Scan",
                          "Parent Relationship": "Outer",
                          "Parallel Aware": true,
                          "Relation Name": "title",
                          "Alias": "t",
                          "Startup Cost": 0.0,
                          "Total Cost": 45479.1,
                          "Plan Rows": 71637,
                          "Plan Width": 4,
                          "Actual Startup Time": 0.052,
                          "Actual Total Time": 88.404,
                          "Actual Rows": 37057,
                          "Actual Loops": 5,
                          "Filter": "((production_year < 1978) AND (kind_id = 7))",
                          "Rows Removed by Filter": 468605
                        }
                      ]
                    }
                  ]
                }
              ]
            }
          ]
        }
      ]
    },
    "Planning Time": 0.598,
    "Triggers": [],
    "Execution Time": 144.671
  }
]