[
  {
    "Plan": {
      "Node Type": "Aggregate",
      "Strategy": "Plain",
      "Partial Mode": "Finalize",
      "Parallel Aware": false,
      "Startup Cost": 433976.75,
      "Total Cost": 433976.76,
      "Plan Rows": 1,
      "Plan Width": 8,
      "Actual Startup Time": 3144.351,
      "Actual Total Time": 3214.61,
      "Actual Rows": 1,
      "Actual Loops": 1,
      "Plans": [
        {
          "Node Type": "Gather",
          "Parent Relationship": "Outer",
          "Parallel Aware": false,
          "Startup Cost": 433976.44,
          "Total Cost": 433976.75,
          "Plan Rows": 3,
          "Plan Width": 8,
          "Actual Startup Time": 3130.42,
          "Actual Total Time": 3214.601,
          "Actual Rows": 4,
          "Actual Loops": 1,
          "Workers Planned": 3,
          "Workers Launched": 3,
          "Single Copy": false,
          "Plans": [
            {
              "Node Type": "Aggregate",
              "Strategy": "Plain",
              "Partial Mode": "Partial",
              "Parent Relationship": "Outer",
              "Parallel Aware": false,
              "Startup Cost": 432976.44,
              "Total Cost": 432976.45,
              "Plan Rows": 1,
              "Plan Width": 8,
              "Actual Startup Time": 3115.886,
              "Actual Total Time": 3115.892,
              "Actual Rows": 1,
              "Actual Loops": 4,
              "Plans": [
                {
                  "Node Type": "Hash Join",
                  "Parent Relationship": "Outer",
                  "Parallel Aware": true,
                  "Join Type": "Inner",
                  "Startup Cost": 383434.35,
                  "Total Cost": 429963.07,
                  "Plan Rows": 1205345,
                  "Plan Width": 0,
                  "Actual Startup Time": 1889.662,
                  "Actual Total Time": 2757.743,
                  "Actual Rows": 8218807,
                  "Actual Loops": 4,
                  "Inner Unique": false,
                  "Hash Cond": "(mk.movie_id = t.id)",
                  "Plans": [
                    {
                      "Node Type": "Seq Scan",
                      "Parent Relationship": "Outer",
                      "Parallel Aware": true,
                      "Relation Name": "movie_keyword",
                      "Alias": "mk",
                      "Startup Cost": 0.0,
                      "Total Cost": 39047.32,
                      "Plan Rows": 1459332,
                      "Plan Width": 4,
                      "Actual Startup Time": 0.019,
                      "Actual Total Time": 92.218,
                      "Actual Rows": 1130982,
                      "Actual Loops": 4
                    },
                    {
                      "Node Type": "Hash",
                      "Parent Relationship": "Inner",
                      "Parallel Aware": true,
                      "Startup Cost": 379083.58,
                      "Total Cost": 379083.58,
                      "Plan Rows": 348061,
                      "Plan Width": 8,
                      "Actual Startup Time": 1881.426,
                      "Actual Total Time": 1881.43,
                      "Actual Rows": 604066,
                      "Actual Loops": 4,
                      "Hash Buckets": 4194304,
                      "Original Hash Buckets": 2097152,
                      "Hash Batches": 1,
                      "Original Hash Batches": 1,
                      "Peak Memory Usage": 143744,
                      "Plans": [
                        {
                          "Node Type": "Hash Join",
                          "Parent Relationship": "Outer",
                          "Parallel Aware": true,
                          "Join Type": "Inner",
                          "Startup Cost": 48401.59,
                          "Total Cost": 379083.58,
                          "Plan Rows": 348061,
                          "Plan Width": 8,
                          "Actual Startup Time": 209.708,
                          "Actual Total Time": 1563.66,
                          "Actual Rows": 604066,
                          "Actual Loops": 4,
                          "Inner Unique": true,
                          "Hash Cond": "(ci.movie_id = t.id)",
                          "Plans": [
                            {
                              "Node Type": "Seq Scan",
                              "Parent Relationship": "Outer",
                              "Parallel Aware": true,
                              "Relation Name": "cast_info",
                              "Alias": "ci",
                              "Startup Cost": 0.0,
                              "Total Cost": 328211.39,
                              "Plan Rows": 941183,
                              "Plan Width": 4,
                              "Actual Startup Time": 0.032,
                              "Actual Total Time": 840.421,
                              "Actual Rows": 1455160,
                              "Actual Loops": 4,
                              "Filter": "(person_id < 563785)",
                              "Rows Removed by Filter": 7605926
                            },
                            {
                              "Node Type": "Hash",
                              "Parent Relationship": "Inner",
                              "Parallel Aware": true,
                              "Startup Cost": 45479.59,
                              "Total Cost": 45479.59,
                              "Plan Rows": 233760,
                              "Plan Width": 4,
                              "Actual Startup Time": 207.404,
                              "Actual Total Time": 207.405,
                              "Actual Rows": 229483,
                              "Actual Loops": 4,
                              "Hash Buckets": 1048576,
                              "Original Hash Buckets": 1048576,
                              "Hash Batches": 1,
                              "Original Hash Batches": 1,
                              "Peak Memory Usage": 44160,
                              "Plans": [
                                {
                                  "Node Type": "Seq Scan",
                                  "Parent Relationship": "Outer",
                                  "Parallel Aware": true,
                                  "Relation Name": "title",
                                  "Alias": "t",
                                  "Startup Cost": 0.0,
                                  "Total Cost": 45479.59,
                                  "Plan Rows": 233760,
                                  "Plan Width": 4,
                                  "Actual Startup Time": 0.057,
                                  "Actual Total Time": 115.63,
                                  "Actual Rows": 229483,
                                  "Actual Loops": 4,
                                  "Filter": "((kind_id < 7) AND (production_year > 1914))",
                                  "Rows Removed by Filter": 402595
                                }
                              ]
                            }
                          ]
                        }
                      ]
                    }
                  ]
                }
              ]
            }
          ]
        }
      ]
    },
    "Planning Time": 1.239,
    "Triggers": [],
    "Execution Time": 3214.702
  }
]