[
  {
    "Plan": {
      "Node Type": "Aggregate",
      "Strategy": "Plain",
      "Partial Mode": "Finalize",
      "Parallel Aware": false,
      "Startup Cost": 350660.45,
      "Total Cost": 350660.46,
      "Plan Rows": 1,
      "Plan Width": 8,
      "Actual Startup Time": 844.338,
      "Actual Total Time": 904.174,
      "Actual Rows": 1,
      "Actual Loops": 1,
      "Plans": [
        {
          "Node Type": "Gather",
          "Parent Relationship": "Outer",
          "Parallel Aware": false,
          "Startup Cost": 350659.82,
          "Total Cost": 350660.43,
          "Plan Rows": 6,
          "Plan Width": 8,
          "Actual Startup Time": 843.53,
          "Actual Total Time": 904.161,
          "Actual Rows": 7,
          "Actual Loops": 1,
          "Workers Planned": 6,
          "Workers Launched": 6,
          "Single Copy": false,
          "Plans": [
            {
              "Node Type": "Aggregate",
              "Strategy": "Plain",
              "Partial Mode": "Partial",
              "Parent Relationship": "Outer",
              "Parallel Aware": false,
              "Startup Cost": 349659.82,
              "Total Cost": 349659.83,
              "Plan Rows": 1,
              "Plan Width": 8,
              "Actual Startup Time": 833.27,
              "Actual Total Time": 833.272,
              "Actual Rows": 1,
              "Actual Loops": 7,
              "Plans": [
                {
                  "Node Type": "Seq Scan",
                  "Parent Relationship": "Outer",
                  "Parallel Aware": true,
                  "Relation Name": "cast_info",
                  "Alias": "ci",
                  "Startup Cost": 0.0,
                  "Total Cost": 343257.03,
                  "Plan Rows": 2561117,
                  "Plan Width": 0,
                  "Actual Startup Time": 245.238,
                  "Actual Total Time": 736.894,
                  "Actual Rows": 1930755,
                  "Actual Loops": 7,
                  "Filter": "((person_id > 1785330) AND (role_id < 9))",
                  "Rows Removed by Filter": 3247008
                }
              ]
            }
          ]
        }
      ]
    },
    "Planning Time": 0.192,
    "Triggers": [],
    "Execution Time": 904.239
  }
]