{
  "Plan": {
    "Node Type": "Aggregate",
    "Strategy": "Plain",
    "Partial Mode": "Finalize",
    "Parallel Aware": false,
    "Startup Cost": 474712.32,
    "Total Cost": 474712.33,
    "Plan Rows": 1,
    "Plan Width": 8,
    "Actual Startup Time": 2239.49,
    "Actual Total Time": 2268.89,
    "Actual Rows": 1,
    "Actual Loops": 1,
    "Plans": [
      {
        "Node Type": "Gather",
        "Parent Relationship": "Outer",
        "Parallel Aware": false,
        "Startup Cost": 474712.21,
        "Total Cost": 474712.32,
        "Plan Rows": 1,
        "Plan Width": 8,
        "Actual Startup Time": 2228.659,
        "Actual Total Time": 2268.883,
        "Actual Rows": 2,
        "Actual Loops": 1,
        "Workers Planned": 1,
        "Workers Launched": 1,
        "Single Copy": false,
        "Plans": [
          {
            "Node Type": "Aggregate",
            "Strategy": "Plain",
            "Partial Mode": "Partial",
            "Parent Relationship": "Outer",
            "Parallel Aware": false,
            "Startup Cost": 473712.21,
            "Total Cost": 473712.22,
            "Plan Rows": 1,
            "Plan Width": 8,
            "Actual Startup Time": 2220.089,
            "Actual Total Time": 2220.095,
            "Actual Rows": 1,
            "Actual Loops": 2,
            "Plans": [
              {
                "Node Type": "Hash Join",
                "Parent Relationship": "Outer",
                "Parallel Aware": true,
                "Join Type": "Inner",
                "Startup Cost": 192289.55,
                "Total Cost": 471163.6,
                "Plan Rows": 1019444,
                "Plan Width": 0,
                "Actual Startup Time": 1370.041,
                "Actual Total Time": 2073.249,
                "Actual Rows": 2841598,
                "Actual Loops": 2,
                "Inner Unique": false,
                "Hash Cond": "(ci.movie_id = t.id)",
                "Plans": [
                  {
                    "Node Type": "Bitmap Heap Scan",
                    "Parent Relationship": "Outer",
                    "Parallel Aware": true,
                    "Relation Name": "cast_info",
                    "Alias": "ci",
                    "Startup Cost": 46654.25,
                    "Total Cost": 314872.25,
                    "Plan Rows": 1242481,
                    "Plan Width": 4,
                    "Actual Startup Time": 64.505,
                    "Actual Total Time": 188.956,
                    "Actual Rows": 1055436,
                    "Actual Loops": 2,
                    "Recheck Cond": "(person_id < 207025)",
                    "Rows Removed by Index Recheck": 0,
                    "Exact Heap Blocks": 13484,
                    "Lossy Heap Blocks": 0,
                    "Plans": [
                      {
                        "Node Type": "Bitmap Index Scan",
                        "Parent Relationship": "Outer",
                        "Parallel Aware": false,
                        "Index Name": "person_id_cast_info",
                        "Startup Cost": 0.0,
                        "Total Cost": 46126.19,
                        "Plan Rows": 2112217,
                        "Plan Width": 0,
                        "Actual Startup Time": 61.228,
                        "Actual Total Time": 61.228,
                        "Actual Rows": 2110873,
                        "Actual Loops": 1,
                        "Index Cond": "(person_id < 207025)"
                      }
                    ]
                  },
                  {
                    "Node Type": "Hash",
                    "Parent Relationship": "Inner",
                    "Parallel Aware": true,
                    "Startup Cost": 130382.07,
                    "Total Cost": 130382.07,
                    "Plan Rows": 1220259,
                    "Plan Width": 8,
                    "Actual Startup Time": 1291.014,
                    "Actual Total Time": 1291.018,
                    "Actual Rows": 1039880,
                    "Actual Loops": 2,
                    "Hash Buckets": 2097152,
                    "Original Hash Buckets": 2097152,
                    "Hash Batches": 1,
                    "Original Hash Batches": 1,
                    "Peak Memory Usage": 97760,
                    "Plans": [
                      {
                        "Node Type": "Hash Join",
                        "Parent Relationship": "Outer",
                        "Parallel Aware": true,
                        "Join Type": "Inner",
                        "Startup Cost": 69460.7,
                        "Total Cost": 130382.07,
                        "Plan Rows": 1220259,
                        "Plan Width": 8,
                        "Actual Startup Time": 590.198,
                        "Actual Total Time": 1063.465,
                        "Actual Rows": 1039880,
                        "Actual Loops": 2,
                        "Inner Unique": true,
                        "Hash Cond": "(mk.movie_id = t.id)",
                        "Plans": [
                          {
                            "Node Type": "Seq Scan",
                            "Parent Relationship": "Outer",
                            "Parallel Aware": true,
                            "Relation Name": "movie_keyword",
                            "Alias": "mk",
                            "Startup Cost": 0.0,
                            "Total Cost": 57718.19,
                            "Plan Rows": 1220259,
                            "Plan Width": 4,
                            "Actual Startup Time": 0.017,
                            "Actual Total Time": 227.042,
                            "Actual Rows": 1039880,
                            "Actual Loops": 2,
                            "Filter": "(keyword_id < 3679)",
                            "Rows Removed by Filter": 1222085
                          },
                          {
                            "Node Type": "Hash",
                            "Parent Relationship": "Inner",
                            "Parallel Aware": true,
                            "Startup Cost": 50870.31,
                            "Total Cost": 50870.31,
                            "Plan Rows": 1487231,
                            "Plan Width": 4,
                            "Actual Startup Time": 577.287,
                            "Actual Total Time": 577.288,
                            "Actual Rows": 1264156,
                            "Actual Loops": 2,
                            "Hash Buckets": 4194304,
                            "Original Hash Buckets": 4194304,
                            "Hash Batches": 1,
                            "Original Hash Batches": 1,
                            "Peak Memory Usage": 131712,
                            "Plans": [
                              {
                                "Node Type": "Seq Scan",
                                "Parent Relationship": "Outer",
                                "Parallel Aware": true,
                                "Relation Name": "title",
                                "Alias": "t",
                                "Startup Cost": 0.0,
                                "Total Cost": 50870.31,
                                "Plan Rows": 1487231,
                                "Plan Width": 4,
                                "Actual Startup Time": 0.026,
                                "Actual Total Time": 169.283,
                                "Actual Rows": 1264156,
                                "Actual Loops": 2
                              }
                            ]
                          }
                        ]
                      }
                    ]
                  }
                ]
              }
            ]
          }
        ]
      }
    ]
  },
  "Planning Time": 1.017,
  "Triggers": [],
  "Execution Time": 2268.992
}