{
  "Plan": {
    "Node Type": "Aggregate",
    "Strategy": "Plain",
    "Partial Mode": "Finalize",
    "Parallel Aware": false,
    "Startup Cost": 111150.51,
    "Total Cost": 111150.52,
    "Plan Rows": 1,
    "Plan Width": 8,
    "Actual Startup Time": 717.046,
    "Actual Total Time": 732.815,
    "Actual Rows": 1,
    "Actual Loops": 1,
    "Plans": [
      {
        "Node Type": "Gather",
        "Parent Relationship": "Outer",
        "Parallel Aware": false,
        "Startup Cost": 111150.4,
        "Total Cost": 111150.51,
        "Plan Rows": 1,
        "Plan Width": 8,
        "Actual Startup Time": 715.1,
        "Actual Total Time": 732.808,
        "Actual Rows": 2,
        "Actual Loops": 1,
        "Workers Planned": 1,
        "Workers Launched": 1,
        "Single Copy": false,
        "Plans": [
          {
            "Node Type": "Aggregate",
            "Strategy": "Plain",
            "Partial Mode": "Partial",
            "Parent Relationship": "Outer",
            "Parallel Aware": false,
            "Startup Cost": 110150.4,
            "Total Cost": 110150.41,
            "Plan Rows": 1,
            "Plan Width": 8,
            "Actual Startup Time": 709.081,
            "Actual Total Time": 709.085,
            "Actual Rows": 1,
            "Actual Loops": 2,
            "Plans": [
              {
                "Node Type": "Hash Join",
                "Parent Relationship": "Outer",
                "Parallel Aware": true,
                "Join Type": "Inner",
                "Startup Cost": 46704.11,
                "Total Cost": 109171.92,
                "Plan Rows": 391391,
                "Plan Width": 0,
                "Actual Startup Time": 243.597,
                "Actual Total Time": 690.883,
                "Actual Rows": 456004,
                "Actual Loops": 2,
                "Inner Unique": false,
                "Hash Cond": "(t.id = mc.movie_id)",
                "Plans": [
                  {
                    "Node Type": "Seq Scan",
                    "Parent Relationship": "Outer",
                    "Parallel Aware": true,
                    "Relation Name": "title",
                    "Alias": "t",
                    "Startup Cost": 0.0,
                    "Total Cost": 50870.31,
                    "Plan Rows": 1487231,
                    "Plan Width": 4,
                    "Actual Startup Time": 0.01,
                    "Actual Total Time": 115.741,
                    "Actual Rows": 1264156,
                    "Actual Loops": 2
                  },
                  {
                    "Node Type": "Hash",
                    "Parent Relationship": "Inner",
                    "Parallel Aware": true,
                    "Startup Cost": 41811.73,
                    "Total Cost": 41811.73,
                    "Plan Rows": 391391,
                    "Plan Width": 4,
                    "Actual Startup Time": 234.204,
                    "Actual Total Time": 234.205,
                    "Actual Rows": 456004,
                    "Actual Loops": 2,
                    "Hash Buckets": 1048576,
                    "Original Hash Buckets": 1048576,
                    "Hash Batches": 1,
                    "Original Hash Batches": 1,
                    "Peak Memory Usage": 43904,
                    "Plans": [
                      {
                        "Node Type": "Seq Scan",
                        "Parent Relationship": "Outer",
                        "Parallel Aware": true,
                        "Relation Name": "movie_companies",
                        "Alias": "mc",
                        "Startup Cost": 0.0,
                        "Total Cost": 41811.73,
                        "Plan Rows": 391391,
                        "Plan Width": 4,
                        "Actual Startup Time": 69.066,
                        "Actual Total Time": 141.758,
                        "Actual Rows": 456004,
                        "Actual Loops": 2,
                        "Filter": "((company_id > 11255) AND (company_type_id = 2))",
                        "Rows Removed by Filter": 848561
                      }
                    ]
                  }
                ]
              }
            ]
          }
        ]
      }
    ]
  },
  "Planning Time": 0.74,
  "Triggers": [],
  "Execution Time": 732.884
}