{
    "Plan": {
        "Node Type": "Aggregate",
        "Strategy": "Plain",
        "Partial Mode": "Finalize",
        "Parallel Aware": false,
        "Startup Cost": 457434.9,
        "Total Cost": 457434.91,
        "Plan Rows": 1,
        "Plan Width": 8,
        "Actual Startup Time": 3018.285,
        "Actual Total Time": 3074.604,
        "Actual Rows": 1,
        "Actual Loops": 1,
        "Output": [
            "count(*)"
        ],
        "Plans": [
            {
                "Node Type": "Gather",
                "Parent Relationship": "Outer",
                "Parallel Aware": false,
                "Startup Cost": 457434.27,
                "Total Cost": 457434.88,
                "Plan Rows": 6,
                "Plan Width": 8,
                "Actual Startup Time": 2992.415,
                "Actual Total Time": 3074.592,
                "Actual Rows": 7,
                "Actual Loops": 1,
                "Output": [
                    "(PARTIAL count(*))"
                ],
                "Workers Planned": 6,
                "Workers Launched": 6,
                "Single Copy": false,
                "Plans": [
                    {
                        "Node Type": "Aggregate",
                        "Strategy": "Plain",
                        "Partial Mode": "Partial",
                        "Parent Relationship": "Outer",
                        "Parallel Aware": false,
                        "Startup Cost": 456434.27,
                        "Total Cost": 456434.28,
                        "Plan Rows": 1,
                        "Plan Width": 8,
                        "Actual Startup Time": 2970.206,
                        "Actual Total Time": 2971.004,
                        "Actual Rows": 1,
                        "Actual Loops": 7,
                        "Output": [
                            "PARTIAL count(*)"
                        ],
                        "Workers": [
                            {
                                "Worker Number": 0,
                                "Actual Startup Time": 2966.07,
                                "Actual Total Time": 2966.075,
                                "Actual Rows": 1,
                                "Actual Loops": 1
                            },
                            {
                                "Worker Number": 1,
                                "Actual Startup Time": 2966.079,
                                "Actual Total Time": 2966.085,
                                "Actual Rows": 1,
                                "Actual Loops": 1
                            },
                            {
                                "Worker Number": 2,
                                "Actual Startup Time": 2965.819,
                                "Actual Total Time": 2965.825,
                                "Actual Rows": 1,
                                "Actual Loops": 1
                            },
                            {
                                "Worker Number": 3,
                                "Actual Startup Time": 2965.825,
                                "Actual Total Time": 2965.831,
                                "Actual Rows": 1,
                                "Actual Loops": 1
                            },
                            {
                                "Worker Number": 4,
                                "Actual Startup Time": 2965.885,
                                "Actual Total Time": 2965.89,
                                "Actual Rows": 1,
                                "Actual Loops": 1
                            },
                            {
                                "Worker Number": 5,
                                "Actual Startup Time": 2970.371,
                                "Actual Total Time": 2970.376,
                                "Actual Rows": 1,
                                "Actual Loops": 1
                            }
                        ],
                        "Plans": [
                            {
                                "Node Type": "Hash Join",
                                "Parent Relationship": "Outer",
                                "Parallel Aware": true,
                                "Join Type": "Inner",
                                "Startup Cost": 112851.68,
                                "Total Cost": 448347.56,
                                "Plan Rows": 3234684,
                                "Plan Width": 0,
                                "Actual Startup Time": 680.513,
                                "Actual Total Time": 2500.912,
                                "Actual Rows": 11299196,
                                "Actual Loops": 7,
                                "Inner Unique": false,
                                "Hash Cond": "(ci.movie_id = t.id)",
                                "Workers": [
                                    {
                                        "Worker Number": 0,
                                        "Actual Startup Time": 676.809,
                                        "Actual Total Time": 2484.609,
                                        "Actual Rows": 8736123,
                                        "Actual Loops": 1
                                    },
                                    {
                                        "Worker Number": 1,
                                        "Actual Startup Time": 676.654,
                                        "Actual Total Time": 2501.913,
                                        "Actual Rows": 11987452,
                                        "Actual Loops": 1
                                    },
                                    {
                                        "Worker Number": 2,
                                        "Actual Startup Time": 676.882,
                                        "Actual Total Time": 2513.32,
                                        "Actual Rows": 11445927,
                                        "Actual Loops": 1
                                    },
                                    {
                                        "Worker Number": 3,
                                        "Actual Startup Time": 676.961,
                                        "Actual Total Time": 2513.429,
                                        "Actual Rows": 11399670,
                                        "Actual Loops": 1
                                    },
                                    {
                                        "Worker Number": 4,
                                        "Actual Startup Time": 677.199,
                                        "Actual Total Time": 2501.354,
                                        "Actual Rows": 11973570,
                                        "Actual Loops": 1
                                    },
                                    {
                                        "Worker Number": 5,
                                        "Actual Startup Time": 676.902,
                                        "Actual Total Time": 2521.603,
                                        "Actual Rows": 11348966,
                                        "Actual Loops": 1
                                    }
                                ],
                                "Plans": [
                                    {
                                        "Node Type": "Index Scan",
                                        "Parent Relationship": "Outer",
                                        "Parallel Aware": true,
                                        "Scan Direction": "Forward",
                                        "Index Name": "role_id_cast_info",
                                        "Relation Name": "cast_info",
                                        "Schema": "public",
                                        "Alias": "ci",
                                        "Startup Cost": 0.56,
                                        "Total Cost": 317556.15,
                                        "Plan Rows": 2001556,
                                        "Plan Width": 4,
                                        "Actual Startup Time": 0.229,
                                        "Actual Total Time": 339.23,
                                        "Actual Rows": 1730521,
                                        "Actual Loops": 7,
                                        "Output": [
                                            "ci.id",
                                            "ci.person_id",
                                            "ci.movie_id",
                                            "ci.person_role_id",
                                            "ci.note",
                                            "ci.nr_order",
                                            "ci.role_id"
                                        ],
                                        "Index Cond": "(ci.role_id > 3)",
                                        "Rows Removed by Index Recheck": 0,
                                        "Workers": [
                                            {
                                                "Worker Number": 0,
                                                "Actual Startup Time": 0.216,
                                                "Actual Total Time": 354.312,
                                                "Actual Rows": 1288209,
                                                "Actual Loops": 1
                                            },
                                            {
                                                "Worker Number": 1,
                                                "Actual Startup Time": 0.104,
                                                "Actual Total Time": 351.68,
                                                "Actual Rows": 1866222,
                                                "Actual Loops": 1
                                            },
                                            {
                                                "Worker Number": 2,
                                                "Actual Startup Time": 0.275,
                                                "Actual Total Time": 347.59,
                                                "Actual Rows": 1731450,
                                                "Actual Loops": 1
                                            },
                                            {
                                                "Worker Number": 3,
                                                "Actual Startup Time": 0.423,
                                                "Actual Total Time": 347.29,
                                                "Actual Rows": 1716120,
                                                "Actual Loops": 1
                                            },
                                            {
                                                "Worker Number": 4,
                                                "Actual Startup Time": 0.375,
                                                "Actual Total Time": 350.531,
                                                "Actual Rows": 1847936,
                                                "Actual Loops": 1
                                            },
                                            {
                                                "Worker Number": 5,
                                                "Actual Startup Time": 0.167,
                                                "Actual Total Time": 350.082,
                                                "Actual Rows": 1746053,
                                                "Actual Loops": 1
                                            }
                                        ]
                                    },
                                    {
                                        "Node Type": "Hash",
                                        "Parent Relationship": "Inner",
                                        "Parallel Aware": true,
                                        "Startup Cost": 96375.37,
                                        "Total Cost": 96375.37,
                                        "Plan Rows": 1318059,
                                        "Plan Width": 8,
                                        "Actual Startup Time": 673.579,
                                        "Actual Total Time": 674.376,
                                        "Actual Rows": 583963,
                                        "Actual Loops": 7,
                                        "Output": [
                                            "t.id",
                                            "mk.movie_id"
                                        ],
                                        "Hash Buckets": 4194304,
                                        "Original Hash Buckets": 4194304,
                                        "Hash Batches": 1,
                                        "Original Hash Batches": 1,
                                        "Peak Memory Usage": 192832,
                                        "Workers": [
                                            {
                                                "Worker Number": 0,
                                                "Actual Startup Time": 676.037,
                                                "Actual Total Time": 676.04,
                                                "Actual Rows": 421515,
                                                "Actual Loops": 1
                                            },
                                            {
                                                "Worker Number": 1,
                                                "Actual Startup Time": 676.092,
                                                "Actual Total Time": 676.096,
                                                "Actual Rows": 629054,
                                                "Actual Loops": 1
                                            },
                                            {
                                                "Worker Number": 2,
                                                "Actual Startup Time": 676.135,
                                                "Actual Total Time": 676.139,
                                                "Actual Rows": 585495,
                                                "Actual Loops": 1
                                            },
                                            {
                                                "Worker Number": 3,
                                                "Actual Startup Time": 676.035,
                                                "Actual Total Time": 676.039,
                                                "Actual Rows": 590743,
                                                "Actual Loops": 1
                                            },
                                            {
                                                "Worker Number": 4,
                                                "Actual Startup Time": 676.297,
                                                "Actual Total Time": 676.301,
                                                "Actual Rows": 609466,
                                                "Actual Loops": 1
                                            },
                                            {
                                                "Worker Number": 5,
                                                "Actual Startup Time": 676.265,
                                                "Actual Total Time": 676.268,
                                                "Actual Rows": 586178,
                                                "Actual Loops": 1
                                            }
                                        ],
                                        "Plans": [
                                            {
                                                "Node Type": "Hash Join",
                                                "Parent Relationship": "Outer",
                                                "Parallel Aware": true,
                                                "Join Type": "Inner",
                                                "Startup Cost": 50219.81,
                                                "Total Cost": 96375.37,
                                                "Plan Rows": 1318059,
                                                "Plan Width": 8,
                                                "Actual Startup Time": 261.262,
                                                "Actual Total Time": 472.862,
                                                "Actual Rows": 583963,
                                                "Actual Loops": 7,
                                                "Output": [
                                                    "t.id",
                                                    "mk.movie_id"
                                                ],
                                                "Inner Unique": true,
                                                "Hash Cond": "(mk.movie_id = t.id)",
                                                "Workers": [
                                                    {
                                                        "Worker Number": 0,
                                                        "Actual Startup Time": 261.304,
                                                        "Actual Total Time": 473.104,
                                                        "Actual Rows": 421515,
                                                        "Actual Loops": 1
                                                    },
                                                    {
                                                        "Worker Number": 1,
                                                        "Actual Startup Time": 261.254,
                                                        "Actual Total Time": 472.08,
                                                        "Actual Rows": 629054,
                                                        "Actual Loops": 1
                                                    },
                                                    {
                                                        "Worker Number": 2,
                                                        "Actual Startup Time": 261.208,
                                                        "Actual Total Time": 472.883,
                                                        "Actual Rows": 585495,
                                                        "Actual Loops": 1
                                                    },
                                                    {
                                                        "Worker Number": 3,
                                                        "Actual Startup Time": 261.255,
                                                        "Actual Total Time": 472.508,
                                                        "Actual Rows": 590743,
                                                        "Actual Loops": 1
                                                    },
                                                    {
                                                        "Worker Number": 4,
                                                        "Actual Startup Time": 261.254,
                                                        "Actual Total Time": 472.336,
                                                        "Actual Rows": 609466,
                                                        "Actual Loops": 1
                                                    },
                                                    {
                                                        "Worker Number": 5,
                                                        "Actual Startup Time": 261.271,
                                                        "Actual Total Time": 472.661,
                                                        "Actual Rows": 586178,
                                                        "Actual Loops": 1
                                                    }
                                                ],
                                                "Plans": [
                                                    {
                                                        "Node Type": "Seq Scan",
                                                        "Parent Relationship": "Outer",
                                                        "Parallel Aware": true,
                                                        "Relation Name": "movie_keyword",
                                                        "Schema": "public",
                                                        "Alias": "mk",
                                                        "Startup Cost": 0.0,
                                                        "Total Cost": 42695.65,
                                                        "Plan Rows": 1318059,
                                                        "Plan Width": 4,
                                                        "Actual Startup Time": 0.028,
                                                        "Actual Total Time": 91.085,
                                                        "Actual Rows": 583963,
                                                        "Actual Loops": 7,
                                                        "Output": [
                                                            "mk.id",
                                                            "mk.movie_id",
                                                            "mk.keyword_id"
                                                        ],
                                                        "Filter": "(mk.keyword_id > 335)",
                                                        "Rows Removed by Filter": 62313,
                                                        "Workers": [
                                                            {
                                                                "Worker Number": 0,
                                                                "Actual Startup Time": 0.036,
                                                                "Actual Total Time": 93.29,
                                                                "Actual Rows": 421515,
                                                                "Actual Loops": 1
                                                            },
                                                            {
                                                                "Worker Number": 1,
                                                                "Actual Startup Time": 0.021,
                                                                "Actual Total Time": 93.591,
                                                                "Actual Rows": 629054,
                                                                "Actual Loops": 1
                                                            },
                                                            {
                                                                "Worker Number": 2,
                                                                "Actual Startup Time": 0.047,
                                                                "Actual Total Time": 93.316,
                                                                "Actual Rows": 585495,
                                                                "Actual Loops": 1
                                                            },
                                                            {
                                                                "Worker Number": 3,
                                                                "Actual Startup Time": 0.017,
                                                                "Actual Total Time": 92.959,
                                                                "Actual Rows": 590743,
                                                                "Actual Loops": 1
                                                            },
                                                            {
                                                                "Worker Number": 4,
                                                                "Actual Startup Time": 0.026,
                                                                "Actual Total Time": 93.498,
                                                                "Actual Rows": 609466,
                                                                "Actual Loops": 1
                                                            },
                                                            {
                                                                "Worker Number": 5,
                                                                "Actual Startup Time": 0.027,
                                                                "Actual Total Time": 93.181,
                                                                "Actual Rows": 586178,
                                                                "Actual Loops": 1
                                                            }
                                                        ]
                                                    },
                                                    {
                                                        "Node Type": "Hash",
                                                        "Parent Relationship": "Inner",
                                                        "Parallel Aware": true,
                                                        "Startup Cost": 42318.81,
                                                        "Total Cost": 42318.81,
                                                        "Plan Rows": 632080,
                                                        "Plan Width": 4,
                                                        "Actual Startup Time": 257.445,
                                                        "Actual Total Time": 257.446,
                                                        "Actual Rows": 361187,
                                                        "Actual Loops": 7,
                                                        "Output": [
                                                            "t.id"
                                                        ],
                                                        "Hash Buckets": 4194304,
                                                        "Original Hash Buckets": 4194304,
                                                        "Hash Batches": 1,
                                                        "Original Hash Batches": 1,
                                                        "Peak Memory Usage": 131808,
                                                        "Workers": [
                                                            {
                                                                "Worker Number": 0,
                                                                "Actual Startup Time": 260.939,
                                                                "Actual Total Time": 260.94,
                                                                "Actual Rows": 266324,
                                                                "Actual Loops": 1
                                                            },
                                                            {
                                                                "Worker Number": 1,
                                                                "Actual Startup Time": 260.886,
                                                                "Actual Total Time": 260.887,
                                                                "Actual Rows": 374975,
                                                                "Actual Loops": 1
                                                            },
                                                            {
                                                                "Worker Number": 2,
                                                                "Actual Startup Time": 261.079,
                                                                "Actual Total Time": 261.08,
                                                                "Actual Rows": 341423,
                                                                "Actual Loops": 1
                                                            },
                                                            {
                                                                "Worker Number": 3,
                                                                "Actual Startup Time": 260.934,
                                                                "Actual Total Time": 260.935,
                                                                "Actual Rows": 341774,
                                                                "Actual Loops": 1
                                                            },
                                                            {
                                                                "Worker Number": 4,
                                                                "Actual Startup Time": 260.908,
                                                                "Actual Total Time": 260.909,
                                                                "Actual Rows": 366475,
                                                                "Actual Loops": 1
                                                            },
                                                            {
                                                                "Worker Number": 5,
                                                                "Actual Startup Time": 260.943,
                                                                "Actual Total Time": 260.944,
                                                                "Actual Rows": 340371,
                                                                "Actual Loops": 1
                                                            }
                                                        ],
                                                        "Plans": [
                                                            {
                                                                "Node Type": "Seq Scan",
                                                                "Parent Relationship": "Outer",
                                                                "Parallel Aware": true,
                                                                "Relation Name": "title",
                                                                "Schema": "public",
                                                                "Alias": "t",
                                                                "Startup Cost": 0.0,
                                                                "Total Cost": 42318.81,
                                                                "Plan Rows": 632080,
                                                                "Plan Width": 4,
                                                                "Actual Startup Time": 0.071,
                                                                "Actual Total Time": 70.24,
                                                                "Actual Rows": 361187,
                                                                "Actual Loops": 7,
                                                                "Output": [
                                                                    "t.id"
                                                                ],
                                                                "Workers": [
                                                                    {
                                                                        "Worker Number": 0,
                                                                        "Actual Startup Time": 0.093,
                                                                        "Actual Total Time": 75.488,
                                                                        "Actual Rows": 266324,
                                                                        "Actual Loops": 1
                                                                    },
                                                                    {
                                                                        "Worker Number": 1,
                                                                        "Actual Startup Time": 0.066,
                                                                        "Actual Total Time": 72.419,
                                                                        "Actual Rows": 374975,
                                                                        "Actual Loops": 1
                                                                    },
                                                                    {
                                                                        "Worker Number": 2,
                                                                        "Actual Startup Time": 0.074,
                                                                        "Actual Total Time": 71.693,
                                                                        "Actual Rows": 341423,
                                                                        "Actual Loops": 1
                                                                    },
                                                                    {
                                                                        "Worker Number": 3,
                                                                        "Actual Startup Time": 0.072,
                                                                        "Actual Total Time": 72.062,
                                                                        "Actual Rows": 341774,
                                                                        "Actual Loops": 1
                                                                    },
                                                                    {
                                                                        "Worker Number": 4,
                                                                        "Actual Startup Time": 0.087,
                                                                        "Actual Total Time": 71.865,
                                                                        "Actual Rows": 366475,
                                                                        "Actual Loops": 1
                                                                    },
                                                                    {
                                                                        "Worker Number": 5,
                                                                        "Actual Startup Time": 0.093,
                                                                        "Actual Total Time": 72.112,
                                                                        "Actual Rows": 340371,
                                                                        "Actual Loops": 1
                                                                    }
                                                                ]
                                                            }
                                                        ]
                                                    }
                                                ]
                                            }
                                        ]
                                    }
                                ]
                            }
                        ]
                    }
                ]
            }
        ]
    },
    "Planning Time": 1.49,
    "Triggers": [],
    "Execution Time": 3074.699
}