[
  {
    "Plan": {
      "Node Type": "Aggregate",
      "Strategy": "Plain",
      "Partial Mode": "Finalize",
      "Parallel Aware": false,
      "Startup Cost": 423525.95,
      "Total Cost": 423525.96,
      "Plan Rows": 1,
      "Plan Width": 8,
      "Actual Startup Time": 1422.812,
      "Actual Total Time": 1477.561,
      "Actual Rows": 1,
      "Actual Loops": 1,
      "Plans": [
        {
          "Node Type": "Gather",
          "Parent Relationship": "Outer",
          "Parallel Aware": false,
          "Startup Cost": 423525.33,
          "Total Cost": 423525.94,
          "Plan Rows": 6,
          "Plan Width": 8,
          "Actual Startup Time": 1409.559,
          "Actual Total Time": 1477.521,
          "Actual Rows": 7,
          "Actual Loops": 1,
          "Workers Planned": 6,
          "Workers Launched": 6,
          "Single Copy": false,
          "Plans": [
            {
              "Node Type": "Aggregate",
              "Strategy": "Plain",
              "Partial Mode": "Partial",
              "Parent Relationship": "Outer",
              "Parallel Aware": false,
              "Startup Cost": 422525.33,
              "Total Cost": 422525.34,
              "Plan Rows": 1,
              "Plan Width": 8,
              "Actual Startup Time": 1399.172,
              "Actual Total Time": 1399.365,
              "Actual Rows": 1,
              "Actual Loops": 7,
              "Plans": [
                {
                  "Node Type": "Hash Join",
                  "Parent Relationship": "Outer",
                  "Parallel Aware": true,
                  "Join Type": "Inner",
                  "Startup Cost": 70696.69,
                  "Total Cost": 421516.45,
                  "Plan Rows": 403549,
                  "Plan Width": 0,
                  "Actual Startup Time": 592.326,
                  "Actual Total Time": 1361.41,
                  "Actual Rows": 867359,
                  "Actual Loops": 7,
                  "Inner Unique": false,
                  "Hash Cond": "(ci.movie_id = t.id)",
                  "Plans": [
                    {
                      "Node Type": "Seq Scan",
                      "Parent Relationship": "Outer",
                      "Parallel Aware": true,
                      "Relation Name": "cast_info",
                      "Alias": "ci",
                      "Startup Cost": 0.0,
                      "Total Cost": 343316.27,
                      "Plan Rows": 1552545,
                      "Plan Width": 4,
                      "Actual Startup Time": 293.107,
                      "Actual Total Time": 672.842,
                      "Actual Rows": 2007722,
                      "Actual Loops": 7,
                      "Filter": "((person_id > 2260737) AND (role_id > 1))",
                      "Rows Removed by Filter": 3170042
                    },
                    {
                      "Node Type": "Hash",
                      "Parent Relationship": "Inner",
                      "Parallel Aware": true,
                      "Startup Cost": 67273.74,
                      "Total Cost": 67273.74,
                      "Plan Rows": 273836,
                      "Plan Width": 8,
                      "Actual Startup Time": 295.882,
                      "Actual Total Time": 296.073,
                      "Actual Rows": 71425,
                      "Actual Loops": 7,
                      "Hash Buckets": 1048576,
                      "Original Hash Buckets": 1048576,
                      "Hash Batches": 1,
                      "Original Hash Batches": 1,
                      "Peak Memory Usage": 27840,
                      "Plans": [
                        {
                          "Node Type": "Hash Join",
                          "Parent Relationship": "Outer",
                          "Parallel Aware": true,
                          "Join Type": "Inner",
                          "Startup Cost": 51149.31,
                          "Total Cost": 67273.74,
                          "Plan Rows": 273836,
                          "Plan Width": 8,
                          "Actual Startup Time": 206.58,
                          "Actual Total Time": 267.335,
                          "Actual Rows": 71425,
                          "Actual Loops": 7,
                          "Inner Unique": true,
                          "Hash Cond": "(mi_idx.movie_id = t.id)",
                          "Plans": [
                            {
                              "Node Type": "Seq Scan",
                              "Parent Relationship": "Outer",
                              "Parallel Aware": true,
                              "Relation Name": "movie_info_idx",
                              "Alias": "mi_idx",
                              "Startup Cost": 0.0,
                              "Total Cost": 15122.68,
                              "Plan Rows": 381618,
                              "Plan Width": 4,
                              "Actual Startup Time": 0.019,
                              "Actual Total Time": 23.15,
                              "Actual Rows": 131407,
                              "Actual Loops": 7,
                              "Filter": "(info_type_id < 101)",
                              "Rows Removed by Filter": 65741
                            },
                            {
                              "Node Type": "Hash",
                              "Parent Relationship": "Inner",
                              "Parallel Aware": true,
                              "Startup Cost": 45479.59,
                              "Total Cost": 45479.59,
                              "Plan Rows": 453578,
                              "Plan Width": 4,
                              "Actual Startup Time": 203.714,
                              "Actual Total Time": 203.716,
                              "Actual Rows": 257130,
                              "Actual Loops": 7,
                              "Hash Buckets": 2097152,
                              "Original Hash Buckets": 2097152,
                              "Hash Batches": 1,
                              "Original Hash Batches": 1,
                              "Peak Memory Usage": 86880,
                              "Plans": [
                                {
                                  "Node Type": "Seq Scan",
                                  "Parent Relationship": "Outer",
                                  "Parallel Aware": true,
                                  "Relation Name": "title",
                                  "Alias": "t",
                                  "Startup Cost": 0.0,
                                  "Total Cost": 45479.59,
                                  "Plan Rows": 453578,
                                  "Plan Width": 4,
                                  "Actual Startup Time": 0.044,
                                  "Actual Total Time": 81.537,
                                  "Actual Rows": 257130,
                                  "Actual Loops": 7,
                                  "Filter": "((kind_id > 1) AND (production_year > 0))",
                                  "Rows Removed by Filter": 104058
                                }
                              ]
                            }
                          ]
                        }
                      ]
                    }
                  ]
                }
              ]
            }
          ]
        }
      ]
    },
    "Planning Time": 0.994,
    "Triggers": [],
    "Execution Time": 1477.644
  }
]