[
  {
    "Plan": {
      "Node Type": "Aggregate",
      "Strategy": "Plain",
      "Partial Mode": "Finalize",
      "Parallel Aware": false,
      "Startup Cost": 47068.29,
      "Total Cost": 47068.3,
      "Plan Rows": 1,
      "Plan Width": 8,
      "Actual Startup Time": 104.667,
      "Actual Total Time": 116.392,
      "Actual Rows": 1,
      "Actual Loops": 1,
      "Plans": [
        {
          "Node Type": "Gather",
          "Parent Relationship": "Outer",
          "Parallel Aware": false,
          "Startup Cost": 47067.87,
          "Total Cost": 47068.28,
          "Plan Rows": 4,
          "Plan Width": 8,
          "Actual Startup Time": 104.503,
          "Actual Total Time": 116.377,
          "Actual Rows": 5,
          "Actual Loops": 1,
          "Workers Planned": 4,
          "Workers Launched": 4,
          "Single Copy": false,
          "Plans": [
            {
              "Node Type": "Aggregate",
              "Strategy": "Plain",
              "Partial Mode": "Partial",
              "Parent Relationship": "Outer",
              "Parallel Aware": false,
              "Startup Cost": 46067.87,
              "Total Cost": 46067.88,
              "Plan Rows": 1,
              "Plan Width": 8,
              "Actual Startup Time": 97.771,
              "Actual Total Time": 97.773,
              "Actual Rows": 1,
              "Actual Loops": 5,
              "Plans": [
                {
                  "Node Type": "Seq Scan",
                  "Parent Relationship": "Outer",
                  "Parallel Aware": true,
                  "Relation Name": "title",
                  "Alias": "t",
                  "Startup Cost": 0.0,
                  "Total Cost": 45479.59,
                  "Plan Rows": 235312,
                  "Plan Width": 0,
                  "Actual Startup Time": 0.039,
                  "Actual Total Time": 89.117,
                  "Actual Rows": 186992,
                  "Actual Loops": 5,
                  "Filter": "((kind_id < 7) AND (production_year > 1912))",
                  "Rows Removed by Filter": 318671
                }
              ]
            }
          ]
        }
      ]
    },
    "Planning Time": 0.151,
    "Triggers": [],
    "Execution Time": 116.449
  }
]