[
  {
    "Plan": {
      "Node Type": "Aggregate",
      "Strategy": "Plain",
      "Partial Mode": "Simple",
      "Parallel Aware": false,
      "Startup Cost": 135971.52,
      "Total Cost": 135971.53,
      "Plan Rows": 1,
      "Plan Width": 8,
      "Actual Startup Time": 27.012,
      "Actual Total Time": 27.012,
      "Actual Rows": 1,
      "Actual Loops": 1,
      "Plans": [
        {
          "Node Type": "Index Only Scan",
          "Parent Relationship": "Outer",
          "Parallel Aware": false,
          "Scan Direction": "Forward",
          "Index Name": "person_id_cast_info",
          "Relation Name": "cast_info",
          "Alias": "ci",
          "Startup Cost": 0.56,
          "Total Cost": 135779.37,
          "Plan Rows": 76861,
          "Plan Width": 0,
          "Actual Startup Time": 0.016,
          "Actual Total Time": 21.266,
          "Actual Rows": 80177,
          "Actual Loops": 1,
          "Index Cond": "(person_id > 4049292)",
          "Rows Removed by Index Recheck": 0,
          "Heap Fetches": 80177
        }
      ]
    },
    "Planning Time": 0.139,
    "Triggers": [],
    "Execution Time": 27.036
  }
]