[
  {
    "Plan": {
      "Node Type": "Aggregate",
      "Strategy": "Plain",
      "Partial Mode": "Finalize",
      "Parallel Aware": false,
      "Startup Cost": 114382.11,
      "Total Cost": 114382.12,
      "Plan Rows": 1,
      "Plan Width": 8,
      "Actual Startup Time": 890.822,
      "Actual Total Time": 926.989,
      "Actual Rows": 1,
      "Actual Loops": 1,
      "Plans": [
        {
          "Node Type": "Gather",
          "Parent Relationship": "Outer",
          "Parallel Aware": false,
          "Startup Cost": 114381.79,
          "Total Cost": 114382.1,
          "Plan Rows": 3,
          "Plan Width": 8,
          "Actual Startup Time": 879.142,
          "Actual Total Time": 926.972,
          "Actual Rows": 4,
          "Actual Loops": 1,
          "Workers Planned": 3,
          "Workers Launched": 3,
          "Single Copy": false,
          "Plans": [
            {
              "Node Type": "Aggregate",
              "Strategy": "Plain",
              "Partial Mode": "Partial",
              "Parent Relationship": "Outer",
              "Parallel Aware": false,
              "Startup Cost": 113381.79,
              "Total Cost": 113381.8,
              "Plan Rows": 1,
              "Plan Width": 8,
              "Actual Startup Time": 865.772,
              "Actual Total Time": 865.78,
              "Actual Rows": 1,
              "Actual Loops": 4,
              "Plans": [
                {
                  "Node Type": "Hash Join",
                  "Parent Relationship": "Outer",
                  "Parallel Aware": true,
                  "Join Type": "Inner",
                  "Startup Cost": 82522.59,
                  "Total Cost": 113165.03,
                  "Plan Rows": 86705,
                  "Plan Width": 0,
                  "Actual Startup Time": 580.963,
                  "Actual Total Time": 839.305,
                  "Actual Rows": 380772,
                  "Actual Loops": 4,
                  "Inner Unique": false,
                  "Hash Cond": "(mc.movie_id = t.id)",
                  "Plans": [
                    {
                      "Node Type": "Seq Scan",
                      "Parent Relationship": "Outer",
                      "Parallel Aware": true,
                      "Relation Name": "movie_companies",
                      "Alias": "mc",
                      "Startup Cost": 0.0,
                      "Total Cost": 27206.55,
                      "Plan Rows": 841655,
                      "Plan Width": 4,
                      "Actual Startup Time": 0.014,
                      "Actual Total Time": 83.784,
                      "Actual Rows": 652282,
                      "Actual Loops": 4
                    },
                    {
                      "Node Type": "Hash",
                      "Parent Relationship": "Inner",
                      "Parallel Aware": true,
                      "Startup Cost": 81472.3,
                      "Total Cost": 81472.3,
                      "Plan Rows": 84023,
                      "Plan Width": 8,
                      "Actual Startup Time": 579.796,
                      "Actual Total Time": 579.802,
                      "Actual Rows": 63618,
                      "Actual Loops": 4,
                      "Hash Buckets": 262144,
                      "Original Hash Buckets": 262144,
                      "Hash Batches": 1,
                      "Original Hash Batches": 1,
                      "Peak Memory Usage": 12064,
                      "Plans": [
                        {
                          "Node Type": "Hash Join",
                          "Parent Relationship": "Outer",
                          "Parallel Aware": true,
                          "Join Type": "Inner",
                          "Startup Cost": 55747.46,
                          "Total Cost": 81472.3,
                          "Plan Rows": 84023,
                          "Plan Width": 8,
                          "Actual Startup Time": 453.133,
                          "Actual Total Time": 551.725,
                          "Actual Rows": 63618,
                          "Actual Loops": 4,
                          "Inner Unique": true,
                          "Hash Cond": "(mk.movie_id = t.id)",
                          "Plans": [
                            {
                              "Node Type": "Bitmap Heap Scan",
                              "Parent Relationship": "Outer",
                              "Parallel Aware": true,
                              "Relation Name": "movie_keyword",
                              "Alias": "mk",
                              "Startup Cost": 5527.07,
                              "Total Cost": 31031.36,
                              "Plan Rows": 84023,
                              "Plan Width": 4,
                              "Actual Startup Time": 27.045,
                              "Actual Total Time": 79.345,
                              "Actual Rows": 63618,
                              "Actual Loops": 4,
                              "Recheck Cond": "(keyword_id < 224)",
                              "Rows Removed by Index Recheck": 0,
                              "Exact Heap Blocks": 6910,
                              "Lossy Heap Blocks": 0,
                              "Plans": [
                                {
                                  "Node Type": "Bitmap Index Scan",
                                  "Parent Relationship": "Outer",
                                  "Parallel Aware": false,
                                  "Index Name": "keyword_id_movie_keyword",
                                  "Startup Cost": 0.0,
                                  "Total Cost": 5461.96,
                                  "Plan Rows": 260470,
                                  "Plan Width": 0,
                                  "Actual Startup Time": 21.36,
                                  "Actual Total Time": 21.361,
                                  "Actual Rows": 254471,
                                  "Actual Loops": 1,
                                  "Index Cond": "(keyword_id < 224)"
                                }
                              ]
                            },
                            {
                              "Node Type": "Hash",
                              "Parent Relationship": "Inner",
                              "Parallel Aware": true,
                              "Startup Cost": 42319.06,
                              "Total Cost": 42319.06,
                              "Plan Rows": 632106,
                              "Plan Width": 4,
                              "Actual Startup Time": 419.147,
                              "Actual Total Time": 419.148,
                              "Actual Rows": 632078,
                              "Actual Loops": 4,
                              "Hash Buckets": 4194304,
                              "Original Hash Buckets": 4194304,
                              "Hash Batches": 1,
                              "Original Hash Batches": 1,
                              "Peak Memory Usage": 131744,
                              "Plans": [
                                {
                                  "Node Type": "Seq Scan",
                                  "Parent Relationship": "Outer",
                                  "Parallel Aware": true,
                                  "Relation Name": "title",
                                  "Alias": "t",
                                  "Startup Cost": 0.0,
                                  "Total Cost": 42319.06,
                                  "Plan Rows": 632106,
                                  "Plan Width": 4,
                                  "Actual Startup Time": 0.051,
                                  "Actual Total Time": 129.122,
                                  "Actual Rows": 632078,
                                  "Actual Loops": 4
                                }
                              ]
                            }
                          ]
                        }
                      ]
                    }
                  ]
                }
              ]
            }
          ]
        }
      ]
    },
    "Planning Time": 0.451,
    "Triggers": [],
    "Execution Time": 927.047
  }
]