[
  {
    "Plan": {
      "Node Type": "Aggregate",
      "Strategy": "Plain",
      "Partial Mode": "Finalize",
      "Parallel Aware": false,
      "Startup Cost": 335468.63,
      "Total Cost": 335468.64,
      "Plan Rows": 1,
      "Plan Width": 8,
      "Actual Startup Time": 698.473,
      "Actual Total Time": 748.468,
      "Actual Rows": 1,
      "Actual Loops": 1,
      "Plans": [
        {
          "Node Type": "Gather",
          "Parent Relationship": "Outer",
          "Parallel Aware": false,
          "Startup Cost": 335468.01,
          "Total Cost": 335468.62,
          "Plan Rows": 6,
          "Plan Width": 8,
          "Actual Startup Time": 698.299,
          "Actual Total Time": 748.448,
          "Actual Rows": 7,
          "Actual Loops": 1,
          "Workers Planned": 6,
          "Workers Launched": 6,
          "Single Copy": false,
          "Plans": [
            {
              "Node Type": "Aggregate",
              "Strategy": "Plain",
              "Partial Mode": "Partial",
              "Parent Relationship": "Outer",
              "Parallel Aware": false,
              "Startup Cost": 334468.01,
              "Total Cost": 334468.02,
              "Plan Rows": 1,
              "Plan Width": 8,
              "Actual Startup Time": 692.011,
              "Actual Total Time": 692.013,
              "Actual Rows": 1,
              "Actual Loops": 7,
              "Plans": [
                {
                  "Node Type": "Seq Scan",
                  "Parent Relationship": "Outer",
                  "Parallel Aware": true,
                  "Relation Name": "cast_info",
                  "Alias": "ci",
                  "Startup Cost": 0.0,
                  "Total Cost": 328211.39,
                  "Plan Rows": 2502646,
                  "Plan Width": 0,
                  "Actual Startup Time": 0.036,
                  "Actual Total Time": 585.531,
                  "Actual Rows": 2165842,
                  "Actual Loops": 7,
                  "Filter": "(person_id < 1495058)",
                  "Rows Removed by Filter": 3011921
                }
              ]
            }
          ]
        }
      ]
    },
    "Planning Time": 0.169,
    "Triggers": [],
    "Execution Time": 748.539
  }
]