[
  {
    "Plan": {
      "Node Type": "Aggregate",
      "Strategy": "Plain",
      "Partial Mode": "Finalize",
      "Parallel Aware": false,
      "Startup Cost": 335499.49,
      "Total Cost": 335499.5,
      "Plan Rows": 1,
      "Plan Width": 8,
      "Actual Startup Time": 668.795,
      "Actual Total Time": 723.994,
      "Actual Rows": 1,
      "Actual Loops": 1,
      "Plans": [
        {
          "Node Type": "Gather",
          "Parent Relationship": "Outer",
          "Parallel Aware": false,
          "Startup Cost": 335498.86,
          "Total Cost": 335499.47,
          "Plan Rows": 6,
          "Plan Width": 8,
          "Actual Startup Time": 668.679,
          "Actual Total Time": 723.985,
          "Actual Rows": 7,
          "Actual Loops": 1,
          "Workers Planned": 6,
          "Workers Launched": 6,
          "Single Copy": false,
          "Plans": [
            {
              "Node Type": "Aggregate",
              "Strategy": "Plain",
              "Partial Mode": "Partial",
              "Parent Relationship": "Outer",
              "Parallel Aware": false,
              "Startup Cost": 334498.86,
              "Total Cost": 334498.87,
              "Plan Rows": 1,
              "Plan Width": 8,
              "Actual Startup Time": 658.363,
              "Actual Total Time": 658.364,
              "Actual Rows": 1,
              "Actual Loops": 7,
              "Plans": [
                {
                  "Node Type": "Seq Scan",
                  "Parent Relationship": "Outer",
                  "Parallel Aware": true,
                  "Relation Name": "cast_info",
                  "Alias": "ci",
                  "Startup Cost": 0.0,
                  "Total Cost": 328162.03,
                  "Plan Rows": 2534734,
                  "Plan Width": 0,
                  "Actual Startup Time": 0.052,
                  "Actual Total Time": 563.631,
                  "Actual Rows": 2165842,
                  "Actual Loops": 7,
                  "Filter": "(person_id < 1495058)",
                  "Rows Removed by Filter": 3011921
                }
              ]
            }
          ]
        }
      ]
    },
    "Planning Time": 0.175,
    "Triggers": [],
    "Execution Time": 724.061
  }
]