[
  {
    "Plan": {
      "Node Type": "Aggregate",
      "Strategy": "Plain",
      "Partial Mode": "Finalize",
      "Parallel Aware": false,
      "Startup Cost": 183678.18,
      "Total Cost": 183678.19,
      "Plan Rows": 1,
      "Plan Width": 8,
      "Actual Startup Time": 142.283,
      "Actual Total Time": 152.049,
      "Actual Rows": 1,
      "Actual Loops": 1,
      "Plans": [
        {
          "Node Type": "Gather",
          "Parent Relationship": "Outer",
          "Parallel Aware": false,
          "Startup Cost": 183677.66,
          "Total Cost": 183678.17,
          "Plan Rows": 5,
          "Plan Width": 8,
          "Actual Startup Time": 141.332,
          "Actual Total Time": 152.04,
          "Actual Rows": 6,
          "Actual Loops": 1,
          "Workers Planned": 5,
          "Workers Launched": 5,
          "Single Copy": false,
          "Plans": [
            {
              "Node Type": "Aggregate",
              "Strategy": "Plain",
              "Partial Mode": "Partial",
              "Parent Relationship": "Outer",
              "Parallel Aware": false,
              "Startup Cost": 182677.66,
              "Total Cost": 182677.67,
              "Plan Rows": 1,
              "Plan Width": 8,
              "Actual Startup Time": 133.744,
              "Actual Total Time": 133.746,
              "Actual Rows": 1,
              "Actual Loops": 6,
              "Plans": [
                {
                  "Node Type": "Bitmap Heap Scan",
                  "Parent Relationship": "Outer",
                  "Parallel Aware": true,
                  "Relation Name": "movie_info",
                  "Alias": "mi",
                  "Startup Cost": 17739.85,
                  "Total Cost": 182186.86,
                  "Plan Rows": 196320,
                  "Plan Width": 0,
                  "Actual Startup Time": 42.655,
                  "Actual Total Time": 122.488,
                  "Actual Rows": 162606,
                  "Actual Loops": 6,
                  "Recheck Cond": "(info_type_id > 91)",
                  "Rows Removed by Index Recheck": 0,
                  "Exact Heap Blocks": 11572,
                  "Lossy Heap Blocks": 0,
                  "Plans": [
                    {
                      "Node Type": "Bitmap Index Scan",
                      "Parent Relationship": "Outer",
                      "Parallel Aware": false,
                      "Index Name": "info_type_id_movie_info",
                      "Startup Cost": 0.0,
                      "Total Cost": 17494.45,
                      "Plan Rows": 981602,
                      "Plan Width": 0,
                      "Actual Startup Time": 44.269,
                      "Actual Total Time": 44.269,
                      "Actual Rows": 975639,
                      "Actual Loops": 1,
                      "Index Cond": "(info_type_id > 91)"
                    }
                  ]
                }
              ]
            }
          ]
        }
      ]
    },
    "Planning Time": 0.098,
    "Triggers": [],
    "Execution Time": 152.091
  }
]