{
  "Plan": {
    "Node Type": "Aggregate",
    "Strategy": "Plain",
    "Partial Mode": "Finalize",
    "Parallel Aware": false,
    "Startup Cost": 71314.49,
    "Total Cost": 71314.5,
    "Plan Rows": 1,
    "Plan Width": 8,
    "Actual Startup Time": 47.293,
    "Actual Total Time": 51.959,
    "Actual Rows": 1,
    "Actual Loops": 1,
    "Plans": [
      {
        "Node Type": "Gather",
        "Parent Relationship": "Outer",
        "Parallel Aware": false,
        "Startup Cost": 71314.37,
        "Total Cost": 71314.48,
        "Plan Rows": 1,
        "Plan Width": 8,
        "Actual Startup Time": 47.181,
        "Actual Total Time": 51.954,
        "Actual Rows": 2,
        "Actual Loops": 1,
        "Workers Planned": 1,
        "Workers Launched": 1,
        "Single Copy": false,
        "Plans": [
          {
            "Node Type": "Aggregate",
            "Strategy": "Plain",
            "Partial Mode": "Partial",
            "Parent Relationship": "Outer",
            "Parallel Aware": false,
            "Startup Cost": 70314.37,
            "Total Cost": 70314.38,
            "Plan Rows": 1,
            "Plan Width": 8,
            "Actual Startup Time": 41.136,
            "Actual Total Time": 41.137,
            "Actual Rows": 1,
            "Actual Loops": 2,
            "Plans": [
              {
                "Node Type": "Nested Loop",
                "Parent Relationship": "Outer",
                "Parallel Aware": false,
                "Join Type": "Inner",
                "Startup Cost": 181.68,
                "Total Cost": 70312.94,
                "Plan Rows": 574,
                "Plan Width": 0,
                "Actual Startup Time": 2.403,
                "Actual Total Time": 40.505,
                "Actual Rows": 6261,
                "Actual Loops": 2,
                "Inner Unique": false,
                "Plans": [
                  {
                    "Node Type": "Nested Loop",
                    "Parent Relationship": "Outer",
                    "Parallel Aware": false,
                    "Join Type": "Inner",
                    "Startup Cost": 181.25,
                    "Total Cost": 69542.99,
                    "Plan Rows": 911,
                    "Plan Width": 8,
                    "Actual Startup Time": 2.283,
                    "Actual Total Time": 25.554,
                    "Actual Rows": 1007,
                    "Actual Loops": 2,
                    "Inner Unique": true,
                    "Plans": [
                      {
                        "Node Type": "Bitmap Heap Scan",
                        "Parent Relationship": "Outer",
                        "Parallel Aware": true,
                        "Relation Name": "movie_info",
                        "Alias": "mi",
                        "Startup Cost": 180.82,
                        "Total Cost": 31543.5,
                        "Plan Rows": 5798,
                        "Plan Width": 4,
                        "Actual Startup Time": 1.723,
                        "Actual Total Time": 5.243,
                        "Actual Rows": 3298,
                        "Actual Loops": 2,
                        "Recheck Cond": "(info_type_id = 43)",
                        "Rows Removed by Index Recheck": 0,
                        "Exact Heap Blocks": 1076,
                        "Lossy Heap Blocks": 0,
                        "Plans": [
                          {
                            "Node Type": "Bitmap Index Scan",
                            "Parent Relationship": "Outer",
                            "Parallel Aware": false,
                            "Index Name": "info_type_id_movie_info",
                            "Startup Cost": 0.0,
                            "Total Cost": 178.36,
                            "Plan Rows": 9856,
                            "Plan Width": 0,
                            "Actual Startup Time": 2.673,
                            "Actual Total Time": 2.673,
                            "Actual Rows": 6595,
                            "Actual Loops": 1,
                            "Index Cond": "(info_type_id = 43)"
                          }
                        ]
                      },
                      {
                        "Node Type": "Index Scan",
                        "Parent Relationship": "Inner",
                        "Parallel Aware": false,
                        "Scan Direction": "Forward",
                        "Index Name": "title_pkey",
                        "Relation Name": "title",
                        "Alias": "t",
                        "Startup Cost": 0.43,
                        "Total Cost": 6.55,
                        "Plan Rows": 1,
                        "Plan Width": 4,
                        "Actual Startup Time": 0.006,
                        "Actual Total Time": 0.006,
                        "Actual Rows": 0,
                        "Actual Loops": 6595,
                        "Index Cond": "(id = mi.movie_id)",
                        "Rows Removed by Index Recheck": 0,
                        "Filter": "(production_year < 1973)",
                        "Rows Removed by Filter": 1
                      }
                    ]
                  },
                  {
                    "Node Type": "Index Scan",
                    "Parent Relationship": "Inner",
                    "Parallel Aware": false,
                    "Scan Direction": "Forward",
                    "Index Name": "movie_id_movie_companies",
                    "Relation Name": "movie_companies",
                    "Alias": "mc",
                    "Startup Cost": 0.43,
                    "Total Cost": 0.82,
                    "Plan Rows": 3,
                    "Plan Width": 4,
                    "Actual Startup Time": 0.009,
                    "Actual Total Time": 0.014,
                    "Actual Rows": 6,
                    "Actual Loops": 2014,
                    "Index Cond": "(movie_id = t.id)",
                    "Rows Removed by Index Recheck": 0,
                    "Filter": "(company_id > 5197)",
                    "Rows Removed by Filter": 10
                  }
                ]
              }
            ]
          }
        ]
      }
    ]
  },
  "Planning Time": 1.096,
  "Triggers": [],
  "Execution Time": 52.057
}