[
  {
    "Plan": {
      "Node Type": "Aggregate",
      "Strategy": "Plain",
      "Partial Mode": "Finalize",
      "Parallel Aware": false,
      "Startup Cost": 345444.72,
      "Total Cost": 345444.73,
      "Plan Rows": 1,
      "Plan Width": 8,
      "Actual Startup Time": 403.057,
      "Actual Total Time": 431.884,
      "Actual Rows": 1,
      "Actual Loops": 1,
      "Plans": [
        {
          "Node Type": "Gather",
          "Parent Relationship": "Outer",
          "Parallel Aware": false,
          "Startup Cost": 345444.09,
          "Total Cost": 345444.7,
          "Plan Rows": 6,
          "Plan Width": 8,
          "Actual Startup Time": 402.919,
          "Actual Total Time": 431.87,
          "Actual Rows": 7,
          "Actual Loops": 1,
          "Workers Planned": 6,
          "Workers Launched": 6,
          "Single Copy": false,
          "Plans": [
            {
              "Node Type": "Aggregate",
              "Strategy": "Plain",
              "Partial Mode": "Partial",
              "Parent Relationship": "Outer",
              "Parallel Aware": false,
              "Startup Cost": 344444.09,
              "Total Cost": 344444.1,
              "Plan Rows": 1,
              "Plan Width": 8,
              "Actual Startup Time": 395.229,
              "Actual Total Time": 395.231,
              "Actual Rows": 1,
              "Actual Loops": 7,
              "Plans": [
                {
                  "Node Type": "Index Scan",
                  "Parent Relationship": "Outer",
                  "Parallel Aware": true,
                  "Scan Direction": "Forward",
                  "Index Name": "role_id_cast_info",
                  "Relation Name": "cast_info",
                  "Alias": "ci",
                  "Startup Cost": 0.56,
                  "Total Cost": 341155.22,
                  "Plan Rows": 1315550,
                  "Plan Width": 0,
                  "Actual Startup Time": 294.974,
                  "Actual Total Time": 376.75,
                  "Actual Rows": 378956,
                  "Actual Loops": 7,
                  "Index Cond": "(role_id < 2)",
                  "Rows Removed by Index Recheck": 0,
                  "Filter": "(person_id > 1365825)",
                  "Rows Removed by Filter": 1431142
                }
              ]
            }
          ]
        }
      ]
    },
    "Planning Time": 0.123,
    "Triggers": [],
    "Execution Time": 431.944
  }
]