[
  {
    "Plan": {
      "Node Type": "Aggregate",
      "Strategy": "Plain",
      "Partial Mode": "Finalize",
      "Parallel Aware": false,
      "Startup Cost": 339448.59,
      "Total Cost": 339448.6,
      "Plan Rows": 1,
      "Plan Width": 8,
      "Actual Startup Time": 404.038,
      "Actual Total Time": 428.422,
      "Actual Rows": 1,
      "Actual Loops": 1,
      "Plans": [
        {
          "Node Type": "Gather",
          "Parent Relationship": "Outer",
          "Parallel Aware": false,
          "Startup Cost": 339447.96,
          "Total Cost": 339448.57,
          "Plan Rows": 6,
          "Plan Width": 8,
          "Actual Startup Time": 403.911,
          "Actual Total Time": 428.407,
          "Actual Rows": 7,
          "Actual Loops": 1,
          "Workers Planned": 6,
          "Workers Launched": 6,
          "Single Copy": false,
          "Plans": [
            {
              "Node Type": "Aggregate",
              "Strategy": "Plain",
              "Partial Mode": "Partial",
              "Parent Relationship": "Outer",
              "Parallel Aware": false,
              "Startup Cost": 338447.96,
              "Total Cost": 338447.97,
              "Plan Rows": 1,
              "Plan Width": 8,
              "Actual Startup Time": 394.574,
              "Actual Total Time": 394.575,
              "Actual Rows": 1,
              "Actual Loops": 7,
              "Plans": [
                {
                  "Node Type": "Index Scan",
                  "Parent Relationship": "Outer",
                  "Parallel Aware": true,
                  "Scan Direction": "Forward",
                  "Index Name": "role_id_cast_info",
                  "Relation Name": "cast_info",
                  "Alias": "ci",
                  "Startup Cost": 0.56,
                  "Total Cost": 335235.55,
                  "Plan Rows": 1284966,
                  "Plan Width": 0,
                  "Actual Startup Time": 297.923,
                  "Actual Total Time": 377.127,
                  "Actual Rows": 378956,
                  "Actual Loops": 7,
                  "Index Cond": "(role_id < 2)",
                  "Rows Removed by Index Recheck": 0,
                  "Filter": "(person_id > 1365825)",
                  "Rows Removed by Filter": 1431142
                }
              ]
            }
          ]
        }
      ]
    },
    "Planning Time": 0.159,
    "Triggers": [],
    "Execution Time": 428.469
  }
]