[
  {
    "Plan": {
      "Node Type": "Aggregate",
      "Strategy": "Plain",
      "Partial Mode": "Finalize",
      "Parallel Aware": false,
      "Startup Cost": 94251.93,
      "Total Cost": 94251.94,
      "Plan Rows": 1,
      "Plan Width": 8,
      "Actual Startup Time": 696.766,
      "Actual Total Time": 715.668,
      "Actual Rows": 1,
      "Actual Loops": 1,
      "Plans": [
        {
          "Node Type": "Gather",
          "Parent Relationship": "Outer",
          "Parallel Aware": false,
          "Startup Cost": 94251.71,
          "Total Cost": 94251.92,
          "Plan Rows": 2,
          "Plan Width": 8,
          "Actual Startup Time": 684.348,
          "Actual Total Time": 715.655,
          "Actual Rows": 3,
          "Actual Loops": 1,
          "Workers Planned": 2,
          "Workers Launched": 2,
          "Single Copy": false,
          "Plans": [
            {
              "Node Type": "Aggregate",
              "Strategy": "Plain",
              "Partial Mode": "Partial",
              "Parent Relationship": "Outer",
              "Parallel Aware": false,
              "Startup Cost": 93251.71,
              "Total Cost": 93251.72,
              "Plan Rows": 1,
              "Plan Width": 8,
              "Actual Startup Time": 665.472,
              "Actual Total Time": 665.625,
              "Actual Rows": 1,
              "Actual Loops": 3,
              "Plans": [
                {
                  "Node Type": "Hash Join",
                  "Parent Relationship": "Outer",
                  "Parallel Aware": true,
                  "Join Type": "Inner",
                  "Startup Cost": 76471.47,
                  "Total Cost": 93158.78,
                  "Plan Rows": 37172,
                  "Plan Width": 0,
                  "Actual Startup Time": 564.197,
                  "Actual Total Time": 661.842,
                  "Actual Rows": 76332,
                  "Actual Loops": 3,
                  "Inner Unique": false,
                  "Hash Cond": "(mi_idx.movie_id = t.id)",
                  "Plans": [
                    {
                      "Node Type": "Seq Scan",
                      "Parent Relationship": "Outer",
                      "Parallel Aware": true,
                      "Relation Name": "movie_info_idx",
                      "Alias": "mi_idx",
                      "Startup Cost": 0.0,
                      "Total Cost": 15122.68,
                      "Plan Rows": 385260,
                      "Plan Width": 4,
                      "Actual Startup Time": 0.016,
                      "Actual Total Time": 52.08,
                      "Actual Rows": 306703,
                      "Actual Loops": 3,
                      "Filter": "(info_type_id > 99)",
                      "Rows Removed by Filter": 153308
                    },
                    {
                      "Node Type": "Hash",
                      "Parent Relationship": "Inner",
                      "Parallel Aware": true,
                      "Startup Cost": 75487.77,
                      "Total Cost": 75487.77,
                      "Plan Rows": 78696,
                      "Plan Width": 8,
                      "Actual Startup Time": 561.449,
                      "Actual Total Time": 561.6,
                      "Actual Rows": 79577,
                      "Actual Loops": 3,
                      "Hash Buckets": 262144,
                      "Original Hash Buckets": 262144,
                      "Hash Batches": 1,
                      "Original Hash Batches": 1,
                      "Peak Memory Usage": 11424,
                      "Plans": [
                        {
                          "Node Type": "Hash Join",
                          "Parent Relationship": "Outer",
                          "Parallel Aware": true,
                          "Join Type": "Inner",
                          "Startup Cost": 55507.49,
                          "Total Cost": 75487.77,
                          "Plan Rows": 78696,
                          "Plan Width": 8,
                          "Actual Startup Time": 454.115,
                          "Actual Total Time": 537.705,
                          "Actual Rows": 79577,
                          "Actual Loops": 3,
                          "Inner Unique": true,
                          "Hash Cond": "(mc.movie_id = t.id)",
                          "Plans": [
                            {
                              "Node Type": "Bitmap Heap Scan",
                              "Parent Relationship": "Outer",
                              "Parallel Aware": true,
                              "Relation Name": "movie_companies",
                              "Alias": "mc",
                              "Startup Cost": 5287.1,
                              "Total Cost": 25060.81,
                              "Plan Rows": 78696,
                              "Plan Width": 4,
                              "Actual Startup Time": 12.177,
                              "Actual Total Time": 44.783,
                              "Actual Rows": 79577,
                              "Actual Loops": 3,
                              "Recheck Cond": "(company_id < 94)",
                              "Rows Removed by Index Recheck": 0,
                              "Exact Heap Blocks": 7799,
                              "Lossy Heap Blocks": 0,
                              "Plans": [
                                {
                                  "Node Type": "Bitmap Index Scan",
                                  "Parent Relationship": "Outer",
                                  "Parallel Aware": false,
                                  "Index Name": "company_id_movie_companies",
                                  "Startup Cost": 0.0,
                                  "Total Cost": 5226.11,
                                  "Plan Rows": 243958,
                                  "Plan Width": 0,
                                  "Actual Startup Time": 9.716,
                                  "Actual Total Time": 9.717,
                                  "Actual Rows": 238732,
                                  "Actual Loops": 1,
                                  "Index Cond": "(company_id < 94)"
                                }
                              ]
                            },
                            {
                              "Node Type": "Hash",
                              "Parent Relationship": "Inner",
                              "Parallel Aware": true,
                              "Startup Cost": 42319.06,
                              "Total Cost": 42319.06,
                              "Plan Rows": 632106,
                              "Plan Width": 4,
                              "Actual Startup Time": 429.269,
                              "Actual Total Time": 429.27,
                              "Actual Rows": 842771,
                              "Actual Loops": 3,
                              "Hash Buckets": 4194304,
                              "Original Hash Buckets": 4194304,
                              "Hash Batches": 1,
                              "Original Hash Batches": 1,
                              "Peak Memory Usage": 131712,
                              "Plans": [
                                {
                                  "Node Type": "Seq Scan",
                                  "Parent Relationship": "Outer",
                                  "Parallel Aware": true,
                                  "Relation Name": "title",
                                  "Alias": "t",
                                  "Startup Cost": 0.0,
                                  "Total Cost": 42319.06,
                                  "Plan Rows": 632106,
                                  "Plan Width": 4,
                                  "Actual Startup Time": 0.041,
                                  "Actual Total Time": 129.583,
                                  "Actual Rows": 842771,
                                  "Actual Loops": 3
                                }
                              ]
                            }
                          ]
                        }
                      ]
                    }
                  ]
                }
              ]
            }
          ]
        }
      ]
    },
    "Planning Time": 1.419,
    "Triggers": [],
    "Execution Time": 715.779
  }
]