[
  {
    "Plan": {
      "Node Type": "Aggregate",
      "Strategy": "Plain",
      "Partial Mode": "Finalize",
      "Parallel Aware": false,
      "Startup Cost": 44306.97,
      "Total Cost": 44306.98,
      "Plan Rows": 1,
      "Plan Width": 8,
      "Actual Startup Time": 115.695,
      "Actual Total Time": 124.681,
      "Actual Rows": 1,
      "Actual Loops": 1,
      "Plans": [
        {
          "Node Type": "Gather",
          "Parent Relationship": "Outer",
          "Parallel Aware": false,
          "Startup Cost": 44306.65,
          "Total Cost": 44306.96,
          "Plan Rows": 3,
          "Plan Width": 8,
          "Actual Startup Time": 115.597,
          "Actual Total Time": 124.673,
          "Actual Rows": 4,
          "Actual Loops": 1,
          "Workers Planned": 3,
          "Workers Launched": 3,
          "Single Copy": false,
          "Plans": [
            {
              "Node Type": "Aggregate",
              "Strategy": "Plain",
              "Partial Mode": "Partial",
              "Parent Relationship": "Outer",
              "Parallel Aware": false,
              "Startup Cost": 43306.65,
              "Total Cost": 43306.66,
              "Plan Rows": 1,
              "Plan Width": 8,
              "Actual Startup Time": 108.853,
              "Actual Total Time": 108.854,
              "Actual Rows": 1,
              "Actual Loops": 4,
              "Plans": [
                {
                  "Node Type": "Seq Scan",
                  "Parent Relationship": "Outer",
                  "Parallel Aware": true,
                  "Relation Name": "movie_keyword",
                  "Alias": "mk",
                  "Startup Cost": 0.0,
                  "Total Cost": 42695.65,
                  "Plan Rows": 244399,
                  "Plan Width": 0,
                  "Actual Startup Time": 1.967,
                  "Actual Total Time": 99.182,
                  "Actual Rows": 187835,
                  "Actual Loops": 4,
                  "Filter": "(keyword_id > 24892)",
                  "Rows Removed by Filter": 943147
                }
              ]
            }
          ]
        }
      ]
    },
    "Planning Time": 0.175,
    "Triggers": [],
    "Execution Time": 124.733
  }
]