[
  {
    "Plan": {
      "Node Type": "Aggregate",
      "Strategy": "Plain",
      "Partial Mode": "Finalize",
      "Parallel Aware": false,
      "Startup Cost": 44310.99,
      "Total Cost": 44311.0,
      "Plan Rows": 1,
      "Plan Width": 8,
      "Actual Startup Time": 122.398,
      "Actual Total Time": 132.351,
      "Actual Rows": 1,
      "Actual Loops": 1,
      "Plans": [
        {
          "Node Type": "Gather",
          "Parent Relationship": "Outer",
          "Parallel Aware": false,
          "Startup Cost": 44310.67,
          "Total Cost": 44310.98,
          "Plan Rows": 3,
          "Plan Width": 8,
          "Actual Startup Time": 122.166,
          "Actual Total Time": 132.343,
          "Actual Rows": 4,
          "Actual Loops": 1,
          "Workers Planned": 3,
          "Workers Launched": 3,
          "Single Copy": false,
          "Plans": [
            {
              "Node Type": "Aggregate",
              "Strategy": "Plain",
              "Partial Mode": "Partial",
              "Parent Relationship": "Outer",
              "Parallel Aware": false,
              "Startup Cost": 43310.67,
              "Total Cost": 43310.68,
              "Plan Rows": 1,
              "Plan Width": 8,
              "Actual Startup Time": 114.12,
              "Actual Total Time": 114.121,
              "Actual Rows": 1,
              "Actual Loops": 4,
              "Plans": [
                {
                  "Node Type": "Seq Scan",
                  "Parent Relationship": "Outer",
                  "Parallel Aware": true,
                  "Relation Name": "movie_keyword",
                  "Alias": "mk",
                  "Startup Cost": 0.0,
                  "Total Cost": 42695.65,
                  "Plan Rows": 246007,
                  "Plan Width": 0,
                  "Actual Startup Time": 5.98,
                  "Actual Total Time": 103.739,
                  "Actual Rows": 187835,
                  "Actual Loops": 4,
                  "Filter": "(keyword_id > 24892)",
                  "Rows Removed by Filter": 943147
                }
              ]
            }
          ]
        }
      ]
    },
    "Planning Time": 0.157,
    "Triggers": [],
    "Execution Time": 132.401
  }
]