[
    {
        "Bao": {
            "Bao prediction": "NaN",
            "Bao recommended hint": "(no hint)"
        }
    },
    {
        "Plan": {
            "Node Type": "Aggregate",
            "Strategy": "Plain",
            "Partial Mode": "Finalize",
            "Parallel Aware": false,
            "Startup Cost": 397325.43,
            "Total Cost": 397325.44,
            "Plan Rows": 1,
            "Plan Width": 8,
            "Actual Startup Time": 1131.205,
            "Actual Total Time": 1177.65,
            "Actual Rows": 1,
            "Actual Loops": 1,
            "Output": [
                "count(*)"
            ],
            "Plans": [
                {
                    "Node Type": "Gather",
                    "Parent Relationship": "Outer",
                    "Parallel Aware": false,
                    "Startup Cost": 397324.81,
                    "Total Cost": 397325.42,
                    "Plan Rows": 6,
                    "Plan Width": 8,
                    "Actual Startup Time": 1129.478,
                    "Actual Total Time": 1177.639,
                    "Actual Rows": 7,
                    "Actual Loops": 1,
                    "Output": [
                        "(PARTIAL count(*))"
                    ],
                    "Workers Planned": 6,
                    "Workers Launched": 6,
                    "Single Copy": false,
                    "Plans": [
                        {
                            "Node Type": "Aggregate",
                            "Strategy": "Plain",
                            "Partial Mode": "Partial",
                            "Parent Relationship": "Outer",
                            "Parallel Aware": false,
                            "Startup Cost": 396324.81,
                            "Total Cost": 396324.82,
                            "Plan Rows": 1,
                            "Plan Width": 8,
                            "Actual Startup Time": 1119.183,
                            "Actual Total Time": 1119.22,
                            "Actual Rows": 1,
                            "Actual Loops": 7,
                            "Output": [
                                "PARTIAL count(*)"
                            ],
                            "Workers": [
                                {
                                    "Worker Number": 0,
                                    "Actual Startup Time": 1116.65,
                                    "Actual Total Time": 1116.663,
                                    "Actual Rows": 1,
                                    "Actual Loops": 1
                                },
                                {
                                    "Worker Number": 1,
                                    "Actual Startup Time": 1117.056,
                                    "Actual Total Time": 1117.059,
                                    "Actual Rows": 1,
                                    "Actual Loops": 1
                                },
                                {
                                    "Worker Number": 2,
                                    "Actual Startup Time": 1117.236,
                                    "Actual Total Time": 1117.24,
                                    "Actual Rows": 1,
                                    "Actual Loops": 1
                                },
                                {
                                    "Worker Number": 3,
                                    "Actual Startup Time": 1117.549,
                                    "Actual Total Time": 1117.551,
                                    "Actual Rows": 1,
                                    "Actual Loops": 1
                                },
                                {
                                    "Worker Number": 4,
                                    "Actual Startup Time": 1118.367,
                                    "Actual Total Time": 1118.369,
                                    "Actual Rows": 1,
                                    "Actual Loops": 1
                                },
                                {
                                    "Worker Number": 5,
                                    "Actual Startup Time": 1118.451,
                                    "Actual Total Time": 1118.454,
                                    "Actual Rows": 1,
                                    "Actual Loops": 1
                                }
                            ],
                            "Plans": [
                                {
                                    "Node Type": "Hash Join",
                                    "Parent Relationship": "Outer",
                                    "Parallel Aware": true,
                                    "Join Type": "Inner",
                                    "Startup Cost": 46186.65,
                                    "Total Cost": 395789.0,
                                    "Plan Rows": 214324,
                                    "Plan Width": 0,
                                    "Actual Startup Time": 426.005,
                                    "Actual Total Time": 1106.589,
                                    "Actual Rows": 228846,
                                    "Actual Loops": 7,
                                    "Inner Unique": true,
                                    "Hash Cond": "(ci.movie_id = t.id)",
                                    "Workers": [
                                        {
                                            "Worker Number": 0,
                                            "Actual Startup Time": 423.412,
                                            "Actual Total Time": 1103.48,
                                            "Actual Rows": 172225,
                                            "Actual Loops": 1
                                        },
                                        {
                                            "Worker Number": 1,
                                            "Actual Startup Time": 423.96,
                                            "Actual Total Time": 1103.865,
                                            "Actual Rows": 172715,
                                            "Actual Loops": 1
                                        },
                                        {
                                            "Worker Number": 2,
                                            "Actual Startup Time": 423.983,
                                            "Actual Total Time": 1104.171,
                                            "Actual Rows": 170683,
                                            "Actual Loops": 1
                                        },
                                        {
                                            "Worker Number": 3,
                                            "Actual Startup Time": 424.022,
                                            "Actual Total Time": 1105.348,
                                            "Actual Rows": 258210,
                                            "Actual Loops": 1
                                        },
                                        {
                                            "Worker Number": 4,
                                            "Actual Startup Time": 425.088,
                                            "Actual Total Time": 1106.3,
                                            "Actual Rows": 258849,
                                            "Actual Loops": 1
                                        },
                                        {
                                            "Worker Number": 5,
                                            "Actual Startup Time": 425.473,
                                            "Actual Total Time": 1106.179,
                                            "Actual Rows": 264888,
                                            "Actual Loops": 1
                                        }
                                    ],
                                    "Plans": [
                                        {
                                            "Node Type": "Seq Scan",
                                            "Parent Relationship": "Outer",
                                            "Parallel Aware": true,
                                            "Relation Name": "cast_info",
                                            "Schema": "public",
                                            "Alias": "ci",
                                            "Startup Cost": 0.0,
                                            "Total Cost": 343318.94,
                                            "Plan Rows": 2393677,
                                            "Plan Width": 4,
                                            "Actual Startup Time": 327.893,
                                            "Actual Total Time": 669.115,
                                            "Actual Rows": 2151951,
                                            "Actual Loops": 7,
                                            "Output": [
                                                "ci.id",
                                                "ci.person_id",
                                                "ci.movie_id",
                                                "ci.person_role_id",
                                                "ci.note",
                                                "ci.nr_order",
                                                "ci.role_id"
                                            ],
                                            "Filter": "((ci.person_id > 363304) AND (ci.role_id > 2))",
                                            "Rows Removed by Filter": 3025812,
                                            "Workers": [
                                                {
                                                    "Worker Number": 0,
                                                    "Actual Startup Time": 327.882,
                                                    "Actual Total Time": 680.21,
                                                    "Actual Rows": 1617808,
                                                    "Actual Loops": 1
                                                },
                                                {
                                                    "Worker Number": 1,
                                                    "Actual Startup Time": 327.887,
                                                    "Actual Total Time": 674.272,
                                                    "Actual Rows": 1607386,
                                                    "Actual Loops": 1
                                                },
                                                {
                                                    "Worker Number": 2,
                                                    "Actual Startup Time": 327.904,
                                                    "Actual Total Time": 675.837,
                                                    "Actual Rows": 1614919,
                                                    "Actual Loops": 1
                                                },
                                                {
                                                    "Worker Number": 3,
                                                    "Actual Startup Time": 327.895,
                                                    "Actual Total Time": 657.902,
                                                    "Actual Rows": 2424329,
                                                    "Actual Loops": 1
                                                },
                                                {
                                                    "Worker Number": 4,
                                                    "Actual Startup Time": 327.908,
                                                    "Actual Total Time": 668.019,
                                                    "Actual Rows": 2445605,
                                                    "Actual Loops": 1
                                                },
                                                {
                                                    "Worker Number": 5,
                                                    "Actual Startup Time": 327.896,
                                                    "Actual Total Time": 670.59,
                                                    "Actual Rows": 2477325,
                                                    "Actual Loops": 1
                                                }
                                            ]
                                        },
                                        {
                                            "Node Type": "Hash",
                                            "Parent Relationship": "Inner",
                                            "Parallel Aware": true,
                                            "Startup Cost": 45479.21,
                                            "Total Cost": 45479.21,
                                            "Plan Rows": 56595,
                                            "Plan Width": 4,
                                            "Actual Startup Time": 96.899,
                                            "Actual Total Time": 96.899,
                                            "Actual Rows": 49602,
                                            "Actual Loops": 7,
                                            "Output": [
                                                "t.id"
                                            ],
                                            "Hash Buckets": 524288,
                                            "Original Hash Buckets": 262144,
                                            "Hash Batches": 1,
                                            "Original Hash Batches": 1,
                                            "Peak Memory Usage": 19840,
                                            "Workers": [
                                                {
                                                    "Worker Number": 0,
                                                    "Actual Startup Time": 94.72,
                                                    "Actual Total Time": 94.721,
                                                    "Actual Rows": 38591,
                                                    "Actual Loops": 1
                                                },
                                                {
                                                    "Worker Number": 1,
                                                    "Actual Startup Time": 95.146,
                                                    "Actual Total Time": 95.147,
                                                    "Actual Rows": 37471,
                                                    "Actual Loops": 1
                                                },
                                                {
                                                    "Worker Number": 2,
                                                    "Actual Startup Time": 95.218,
                                                    "Actual Total Time": 95.219,
                                                    "Actual Rows": 38400,
                                                    "Actual Loops": 1
                                                },
                                                {
                                                    "Worker Number": 3,
                                                    "Actual Startup Time": 95.232,
                                                    "Actual Total Time": 95.233,
                                                    "Actual Rows": 51046,
                                                    "Actual Loops": 1
                                                },
                                                {
                                                    "Worker Number": 4,
                                                    "Actual Startup Time": 96.448,
                                                    "Actual Total Time": 96.449,
                                                    "Actual Rows": 53618,
                                                    "Actual Loops": 1
                                                },
                                                {
                                                    "Worker Number": 5,
                                                    "Actual Startup Time": 96.538,
                                                    "Actual Total Time": 96.538,
                                                    "Actual Rows": 54973,
                                                    "Actual Loops": 1
                                                }
                                            ],
                                            "Plans": [
                                                {
                                                    "Node Type": "Seq Scan",
                                                    "Parent Relationship": "Outer",
                                                    "Parallel Aware": true,
                                                    "Relation Name": "title",
                                                    "Schema": "public",
                                                    "Alias": "t",
                                                    "Startup Cost": 0.0,
                                                    "Total Cost": 45479.21,
                                                    "Plan Rows": 56595,
                                                    "Plan Width": 4,
                                                    "Actual Startup Time": 40.877,
                                                    "Actual Total Time": 70.917,
                                                    "Actual Rows": 49602,
                                                    "Actual Loops": 7,
                                                    "Output": [
                                                        "t.id"
                                                    ],
                                                    "Filter": "((t.kind_id < 2) AND (t.production_year < 1996))",
                                                    "Rows Removed by Filter": 311586,
                                                    "Workers": [
                                                        {
                                                            "Worker Number": 0,
                                                            "Actual Startup Time": 38.543,
                                                            "Actual Total Time": 69.973,
                                                            "Actual Rows": 38591,
                                                            "Actual Loops": 1
                                                        },
                                                        {
                                                            "Worker Number": 1,
                                                            "Actual Startup Time": 39.641,
                                                            "Actual Total Time": 70.053,
                                                            "Actual Rows": 37471,
                                                            "Actual Loops": 1
                                                        },
                                                        {
                                                            "Worker Number": 2,
                                                            "Actual Startup Time": 39.139,
                                                            "Actual Total Time": 70.319,
                                                            "Actual Rows": 38400,
                                                            "Actual Loops": 1
                                                        },
                                                        {
                                                            "Worker Number": 3,
                                                            "Actual Startup Time": 39.348,
                                                            "Actual Total Time": 68.684,
                                                            "Actual Rows": 51046,
                                                            "Actual Loops": 1
                                                        },
                                                        {
                                                            "Worker Number": 4,
                                                            "Actual Startup Time": 40.244,
                                                            "Actual Total Time": 70.753,
                                                            "Actual Rows": 53618,
                                                            "Actual Loops": 1
                                                        },
                                                        {
                                                            "Worker Number": 5,
                                                            "Actual Startup Time": 40.31,
                                                            "Actual Total Time": 70.715,
                                                            "Actual Rows": 54973,
                                                            "Actual Loops": 1
                                                        }
                                                    ]
                                                }
                                            ]
                                        }
                                    ]
                                }
                            ]
                        }
                    ]
                }
            ]
        },
        "Planning Time": 202.333,
        "Triggers": [],
        "Execution Time": 1177.756
    }
]