[
  {
    "Plan": {
      "Node Type": "Aggregate",
      "Strategy": "Plain",
      "Partial Mode": "Simple",
      "Parallel Aware": false,
      "Startup Cost": 26187.89,
      "Total Cost": 26187.9,
      "Plan Rows": 1,
      "Plan Width": 8,
      "Actual Startup Time": 15.983,
      "Actual Total Time": 15.984,
      "Actual Rows": 1,
      "Actual Loops": 1,
      "Plans": [
        {
          "Node Type": "Bitmap Heap Scan",
          "Parent Relationship": "Outer",
          "Parallel Aware": false,
          "Relation Name": "title",
          "Alias": "t",
          "Startup Cost": 234.31,
          "Total Cost": 26182.51,
          "Plan Rows": 2152,
          "Plan Width": 0,
          "Actual Startup Time": 3.196,
          "Actual Total Time": 15.968,
          "Actual Rows": 132,
          "Actual Loops": 1,
          "Recheck Cond": "(kind_id = 6)",
          "Rows Removed by Index Recheck": 0,
          "Filter": "(production_year < 1975)",
          "Rows Removed by Filter": 12468,
          "Exact Heap Blocks": 7903,
          "Lossy Heap Blocks": 0,
          "Plans": [
            {
              "Node Type": "Bitmap Index Scan",
              "Parent Relationship": "Outer",
              "Parallel Aware": false,
              "Index Name": "kind_id_title",
              "Startup Cost": 0.0,
              "Total Cost": 233.77,
              "Plan Rows": 12979,
              "Plan Width": 0,
              "Actual Startup Time": 1.832,
              "Actual Total Time": 1.832,
              "Actual Rows": 12600,
              "Actual Loops": 1,
              "Index Cond": "(kind_id = 6)"
            }
          ]
        }
      ]
    },
    "Planning Time": 0.093,
    "Triggers": [],
    "Execution Time": 16.015
  }
]