[
  {
    "Plan": {
      "Node Type": "Aggregate",
      "Strategy": "Plain",
      "Partial Mode": "Finalize",
      "Parallel Aware": false,
      "Startup Cost": 354323.57,
      "Total Cost": 354323.58,
      "Plan Rows": 1,
      "Plan Width": 8,
      "Actual Startup Time": 910.487,
      "Actual Total Time": 965.543,
      "Actual Rows": 1,
      "Actual Loops": 1,
      "Plans": [
        {
          "Node Type": "Gather",
          "Parent Relationship": "Outer",
          "Parallel Aware": false,
          "Startup Cost": 354322.95,
          "Total Cost": 354323.55,
          "Plan Rows": 6,
          "Plan Width": 8,
          "Actual Startup Time": 910.315,
          "Actual Total Time": 965.529,
          "Actual Rows": 7,
          "Actual Loops": 1,
          "Workers Planned": 6,
          "Workers Launched": 6,
          "Single Copy": false,
          "Plans": [
            {
              "Node Type": "Aggregate",
              "Strategy": "Plain",
              "Partial Mode": "Partial",
              "Parent Relationship": "Outer",
              "Parallel Aware": false,
              "Startup Cost": 353322.95,
              "Total Cost": 353322.96,
              "Plan Rows": 1,
              "Plan Width": 8,
              "Actual Startup Time": 903.713,
              "Actual Total Time": 903.715,
              "Actual Rows": 1,
              "Actual Loops": 7,
              "Plans": [
                {
                  "Node Type": "Seq Scan",
                  "Parent Relationship": "Outer",
                  "Parallel Aware": true,
                  "Relation Name": "cast_info",
                  "Alias": "ci",
                  "Startup Cost": 0.0,
                  "Total Cost": 343316.27,
                  "Plan Rows": 4002670,
                  "Plan Width": 0,
                  "Actual Startup Time": 107.481,
                  "Actual Total Time": 740.005,
                  "Actual Rows": 3316812,
                  "Actual Loops": 7,
                  "Filter": "((person_id > 862936) AND (role_id < 10))",
                  "Rows Removed by Filter": 1860951
                }
              ]
            }
          ]
        }
      ]
    },
    "Planning Time": 0.101,
    "Triggers": [],
    "Execution Time": 965.612
  }
]