{
  "Plan": {
    "Node Type": "Aggregate",
    "Strategy": "Plain",
    "Partial Mode": "Finalize",
    "Parallel Aware": false,
    "Startup Cost": 238907.51,
    "Total Cost": 238907.52,
    "Plan Rows": 1,
    "Plan Width": 8,
    "Actual Startup Time": 362.07,
    "Actual Total Time": 375.618,
    "Actual Rows": 1,
    "Actual Loops": 1,
    "Plans": [
      {
        "Node Type": "Gather",
        "Parent Relationship": "Outer",
        "Parallel Aware": false,
        "Startup Cost": 238907.4,
        "Total Cost": 238907.51,
        "Plan Rows": 1,
        "Plan Width": 8,
        "Actual Startup Time": 360.0,
        "Actual Total Time": 375.61,
        "Actual Rows": 2,
        "Actual Loops": 1,
        "Workers Planned": 1,
        "Workers Launched": 1,
        "Single Copy": false,
        "Plans": [
          {
            "Node Type": "Aggregate",
            "Strategy": "Plain",
            "Partial Mode": "Partial",
            "Parent Relationship": "Outer",
            "Parallel Aware": false,
            "Startup Cost": 237907.4,
            "Total Cost": 237907.41,
            "Plan Rows": 1,
            "Plan Width": 8,
            "Actual Startup Time": 354.241,
            "Actual Total Time": 354.245,
            "Actual Rows": 1,
            "Actual Loops": 2,
            "Plans": [
              {
                "Node Type": "Hash Join",
                "Parent Relationship": "Outer",
                "Parallel Aware": true,
                "Join Type": "Inner",
                "Startup Cost": 70622.25,
                "Total Cost": 237648.51,
                "Plan Rows": 103556,
                "Plan Width": 0,
                "Actual Startup Time": 292.384,
                "Actual Total Time": 350.92,
                "Actual Rows": 83024,
                "Actual Loops": 2,
                "Inner Unique": true,
                "Hash Cond": "(mi.movie_id = t.id)",
                "Plans": [
                  {
                    "Node Type": "Bitmap Heap Scan",
                    "Parent Relationship": "Outer",
                    "Parallel Aware": true,
                    "Relation Name": "movie_info",
                    "Alias": "mi",
                    "Startup Cost": 10248.78,
                    "Total Cost": 176401.5,
                    "Plan Rows": 332778,
                    "Plan Width": 4,
                    "Actual Startup Time": 18.278,
                    "Actual Total Time": 45.467,
                    "Actual Rows": 271684,
                    "Actual Loops": 2,
                    "Recheck Cond": "(info_type_id > 98)",
                    "Rows Removed by Index Recheck": 0,
                    "Exact Heap Blocks": 3053,
                    "Lossy Heap Blocks": 0,
                    "Plans": [
                      {
                        "Node Type": "Bitmap Index Scan",
                        "Parent Relationship": "Outer",
                        "Parallel Aware": false,
                        "Index Name": "info_type_id_movie_info",
                        "Startup Cost": 0.0,
                        "Total Cost": 10107.35,
                        "Plan Rows": 565722,
                        "Plan Width": 0,
                        "Actual Startup Time": 17.422,
                        "Actual Total Time": 17.422,
                        "Actual Rows": 543367,
                        "Actual Loops": 1,
                        "Index Cond": "(info_type_id > 98)"
                      }
                    ]
                  },
                  {
                    "Node Type": "Hash",
                    "Parent Relationship": "Inner",
                    "Parallel Aware": true,
                    "Startup Cost": 54588.39,
                    "Total Cost": 54588.39,
                    "Plan Rows": 462806,
                    "Plan Width": 4,
                    "Actual Startup Time": 249.81,
                    "Actual Total Time": 249.81,
                    "Actual Rows": 392463,
                    "Actual Loops": 2,
                    "Hash Buckets": 1048576,
                    "Original Hash Buckets": 1048576,
                    "Hash Batches": 1,
                    "Original Hash Batches": 1,
                    "Peak Memory Usage": 38944,
                    "Plans": [
                      {
                        "Node Type": "Seq Scan",
                        "Parent Relationship": "Outer",
                        "Parallel Aware": true,
                        "Relation Name": "title",
                        "Alias": "t",
                        "Startup Cost": 0.0,
                        "Total Cost": 54588.39,
                        "Plan Rows": 462806,
                        "Plan Width": 4,
                        "Actual Startup Time": 0.033,
                        "Actual Total Time": 151.638,
                        "Actual Rows": 392463,
                        "Actual Loops": 2,
                        "Filter": "(production_year > 2007)",
                        "Rows Removed by Filter": 871693
                      }
                    ]
                  }
                ]
              }
            ]
          }
        ]
      }
    ]
  },
  "Planning Time": 0.599,
  "Triggers": [],
  "Execution Time": 375.704
}