[
  {
    "Plan": {
      "Node Type": "Aggregate",
      "Strategy": "Plain",
      "Partial Mode": "Finalize",
      "Parallel Aware": false,
      "Startup Cost": 348789.32,
      "Total Cost": 348789.33,
      "Plan Rows": 1,
      "Plan Width": 8,
      "Actual Startup Time": 616.991,
      "Actual Total Time": 675.547,
      "Actual Rows": 1,
      "Actual Loops": 1,
      "Plans": [
        {
          "Node Type": "Gather",
          "Parent Relationship": "Outer",
          "Parallel Aware": false,
          "Startup Cost": 348788.7,
          "Total Cost": 348789.31,
          "Plan Rows": 6,
          "Plan Width": 8,
          "Actual Startup Time": 616.893,
          "Actual Total Time": 675.539,
          "Actual Rows": 7,
          "Actual Loops": 1,
          "Workers Planned": 6,
          "Workers Launched": 6,
          "Single Copy": false,
          "Plans": [
            {
              "Node Type": "Aggregate",
              "Strategy": "Plain",
              "Partial Mode": "Partial",
              "Parent Relationship": "Outer",
              "Parallel Aware": false,
              "Startup Cost": 347788.7,
              "Total Cost": 347788.71,
              "Plan Rows": 1,
              "Plan Width": 8,
              "Actual Startup Time": 606.592,
              "Actual Total Time": 606.593,
              "Actual Rows": 1,
              "Actual Loops": 7,
              "Plans": [
                {
                  "Node Type": "Seq Scan",
                  "Parent Relationship": "Outer",
                  "Parallel Aware": true,
                  "Relation Name": "cast_info",
                  "Alias": "ci",
                  "Startup Cost": 0.0,
                  "Total Cost": 343257.03,
                  "Plan Rows": 1812667,
                  "Plan Width": 0,
                  "Actual Startup Time": 320.493,
                  "Actual Total Time": 574.029,
                  "Actual Rows": 817455,
                  "Actual Loops": 7,
                  "Filter": "((person_id < 2470745) AND (role_id > 2))",
                  "Rows Removed by Filter": 4360309
                }
              ]
            }
          ]
        }
      ]
    },
    "Planning Time": 0.204,
    "Triggers": [],
    "Execution Time": 675.616
  }
]