[
  {
    "Plan": {
      "Node Type": "Aggregate",
      "Strategy": "Plain",
      "Partial Mode": "Finalize",
      "Parallel Aware": false,
      "Startup Cost": 206794.57,
      "Total Cost": 206794.58,
      "Plan Rows": 1,
      "Plan Width": 8,
      "Actual Startup Time": 459.471,
      "Actual Total Time": 496.587,
      "Actual Rows": 1,
      "Actual Loops": 1,
      "Plans": [
        {
          "Node Type": "Gather",
          "Parent Relationship": "Outer",
          "Parallel Aware": false,
          "Startup Cost": 206794.04,
          "Total Cost": 206794.55,
          "Plan Rows": 5,
          "Plan Width": 8,
          "Actual Startup Time": 459.325,
          "Actual Total Time": 496.576,
          "Actual Rows": 6,
          "Actual Loops": 1,
          "Workers Planned": 5,
          "Workers Launched": 5,
          "Single Copy": false,
          "Plans": [
            {
              "Node Type": "Aggregate",
              "Strategy": "Plain",
              "Partial Mode": "Partial",
              "Parent Relationship": "Outer",
              "Parallel Aware": false,
              "Startup Cost": 205794.04,
              "Total Cost": 205794.05,
              "Plan Rows": 1,
              "Plan Width": 8,
              "Actual Startup Time": 451.372,
              "Actual Total Time": 451.373,
              "Actual Rows": 1,
              "Actual Loops": 6,
              "Plans": [
                {
                  "Node Type": "Seq Scan",
                  "Parent Relationship": "Outer",
                  "Parallel Aware": true,
                  "Relation Name": "movie_info",
                  "Alias": "mi",
                  "Startup Cost": 0.0,
                  "Total Cost": 198952.16,
                  "Plan Rows": 2736752,
                  "Plan Width": 0,
                  "Actual Startup Time": 0.057,
                  "Actual Total Time": 353.189,
                  "Actual Rows": 2298234,
                  "Actual Loops": 6,
                  "Filter": "(info_type_id < 80)",
                  "Rows Removed by Filter": 174386
                }
              ]
            }
          ]
        }
      ]
    },
    "Planning Time": 0.188,
    "Triggers": [],
    "Execution Time": 496.653
  }
]