{
  "Plan": {
    "Node Type": "Aggregate",
    "Strategy": "Plain",
    "Partial Mode": "Finalize",
    "Parallel Aware": false,
    "Startup Cost": 165851.22,
    "Total Cost": 165851.23,
    "Plan Rows": 1,
    "Plan Width": 8,
    "Actual Startup Time": 550.494,
    "Actual Total Time": 584.331,
    "Actual Rows": 1,
    "Actual Loops": 1,
    "Plans": [
      {
        "Node Type": "Gather",
        "Parent Relationship": "Outer",
        "Parallel Aware": false,
        "Startup Cost": 165851.11,
        "Total Cost": 165851.22,
        "Plan Rows": 1,
        "Plan Width": 8,
        "Actual Startup Time": 550.312,
        "Actual Total Time": 584.324,
        "Actual Rows": 2,
        "Actual Loops": 1,
        "Workers Planned": 1,
        "Workers Launched": 1,
        "Single Copy": false,
        "Plans": [
          {
            "Node Type": "Aggregate",
            "Strategy": "Plain",
            "Partial Mode": "Partial",
            "Parent Relationship": "Outer",
            "Parallel Aware": false,
            "Startup Cost": 164851.11,
            "Total Cost": 164851.12,
            "Plan Rows": 1,
            "Plan Width": 8,
            "Actual Startup Time": 544.111,
            "Actual Total Time": 544.114,
            "Actual Rows": 1,
            "Actual Loops": 2,
            "Plans": [
              {
                "Node Type": "Nested Loop",
                "Parent Relationship": "Outer",
                "Parallel Aware": false,
                "Join Type": "Inner",
                "Startup Cost": 58548.27,
                "Total Cost": 164565.16,
                "Plan Rows": 114382,
                "Plan Width": 0,
                "Actual Startup Time": 148.696,
                "Actual Total Time": 535.381,
                "Actual Rows": 203186,
                "Actual Loops": 2,
                "Inner Unique": false,
                "Join Filter": "(t.id = mi.movie_id)",
                "Rows Removed by Join Filter": 0,
                "Plans": [
                  {
                    "Node Type": "Hash Join",
                    "Parent Relationship": "Outer",
                    "Parallel Aware": true,
                    "Join Type": "Inner",
                    "Startup Cost": 58547.83,
                    "Total Cost": 120584.2,
                    "Plan Rows": 21358,
                    "Plan Width": 8,
                    "Actual Startup Time": 148.64,
                    "Actual Total Time": 418.653,
                    "Actual Rows": 12468,
                    "Actual Loops": 2,
                    "Inner Unique": true,
                    "Hash Cond": "(mk.movie_id = t.id)",
                    "Plans": [
                      {
                        "Node Type": "Seq Scan",
                        "Parent Relationship": "Outer",
                        "Parallel Aware": true,
                        "Relation Name": "movie_keyword",
                        "Alias": "mk",
                        "Startup Cost": 0.0,
                        "Total Cost": 57718.19,
                        "Plan Rows": 1645016,
                        "Plan Width": 4,
                        "Actual Startup Time": 0.261,
                        "Actual Total Time": 182.433,
                        "Actual Rows": 1392635,
                        "Actual Loops": 2,
                        "Filter": "(keyword_id > 2837)",
                        "Rows Removed by Filter": 869330
                      },
                      {
                        "Node Type": "Hash",
                        "Parent Relationship": "Inner",
                        "Parallel Aware": true,
                        "Startup Cost": 58306.47,
                        "Total Cost": 58306.47,
                        "Plan Rows": 19309,
                        "Plan Width": 4,
                        "Actual Startup Time": 147.38,
                        "Actual Total Time": 147.381,
                        "Actual Rows": 19754,
                        "Actual Loops": 2,
                        "Hash Buckets": 65536,
                        "Original Hash Buckets": 65536,
                        "Hash Batches": 1,
                        "Original Hash Batches": 1,
                        "Peak Memory Usage": 2080,
                        "Plans": [
                          {
                            "Node Type": "Seq Scan",
                            "Parent Relationship": "Outer",
                            "Parallel Aware": true,
                            "Relation Name": "title",
                            "Alias": "t",
                            "Startup Cost": 0.0,
                            "Total Cost": 58306.47,
                            "Plan Rows": 19309,
                            "Plan Width": 4,
                            "Actual Startup Time": 0.041,
                            "Actual Total Time": 140.868,
                            "Actual Rows": 19754,
                            "Actual Loops": 2,
                            "Filter": "((kind_id > 1) AND (production_year = 1998))",
                            "Rows Removed by Filter": 1244402
                          }
                        ]
                      }
                    ]
                  },
                  {
                    "Node Type": "Index Scan",
                    "Parent Relationship": "Inner",
                    "Parallel Aware": false,
                    "Scan Direction": "Forward",
                    "Index Name": "movie_id_movie_info",
                    "Relation Name": "movie_info",
                    "Alias": "mi",
                    "Startup Cost": 0.43,
                    "Total Cost": 1.58,
                    "Plan Rows": 38,
                    "Plan Width": 4,
                    "Actual Startup Time": 0.002,
                    "Actual Total Time": 0.008,
                    "Actual Rows": 16,
                    "Actual Loops": 24935,
                    "Index Cond": "(movie_id = mk.movie_id)",
                    "Rows Removed by Index Recheck": 0,
                    "Filter": "(info_type_id < 35)",
                    "Rows Removed by Filter": 1
                  }
                ]
              }
            ]
          }
        ]
      }
    ]
  },
  "Planning Time": 0.989,
  "Triggers": [],
  "Execution Time": 584.423
}