[
  {
    "Plan": {
      "Node Type": "Aggregate",
      "Strategy": "Plain",
      "Partial Mode": "Finalize",
      "Parallel Aware": false,
      "Startup Cost": 135241.78,
      "Total Cost": 135241.79,
      "Plan Rows": 1,
      "Plan Width": 8,
      "Actual Startup Time": 1123.732,
      "Actual Total Time": 1156.605,
      "Actual Rows": 1,
      "Actual Loops": 1,
      "Plans": [
        {
          "Node Type": "Gather",
          "Parent Relationship": "Outer",
          "Parallel Aware": false,
          "Startup Cost": 135241.46,
          "Total Cost": 135241.77,
          "Plan Rows": 3,
          "Plan Width": 8,
          "Actual Startup Time": 1097.928,
          "Actual Total Time": 1156.59,
          "Actual Rows": 4,
          "Actual Loops": 1,
          "Workers Planned": 3,
          "Workers Launched": 3,
          "Single Copy": false,
          "Plans": [
            {
              "Node Type": "Aggregate",
              "Strategy": "Plain",
              "Partial Mode": "Partial",
              "Parent Relationship": "Outer",
              "Parallel Aware": false,
              "Startup Cost": 134241.46,
              "Total Cost": 134241.47,
              "Plan Rows": 1,
              "Plan Width": 8,
              "Actual Startup Time": 1088.646,
              "Actual Total Time": 1089.422,
              "Actual Rows": 1,
              "Actual Loops": 4,
              "Plans": [
                {
                  "Node Type": "Hash Join",
                  "Parent Relationship": "Outer",
                  "Parallel Aware": true,
                  "Join Type": "Inner",
                  "Startup Cost": 86021.71,
                  "Total Cost": 133241.27,
                  "Plan Rows": 400078,
                  "Plan Width": 0,
                  "Actual Startup Time": 709.027,
                  "Actual Total Time": 1025.719,
                  "Actual Rows": 1206222,
                  "Actual Loops": 4,
                  "Inner Unique": false,
                  "Hash Cond": "(mk.movie_id = t.id)",
                  "Plans": [
                    {
                      "Node Type": "Seq Scan",
                      "Parent Relationship": "Outer",
                      "Parallel Aware": true,
                      "Relation Name": "movie_keyword",
                      "Alias": "mk",
                      "Startup Cost": 0.0,
                      "Total Cost": 42695.65,
                      "Plan Rows": 862221,
                      "Plan Width": 4,
                      "Actual Startup Time": 0.223,
                      "Actual Total Time": 127.244,
                      "Actual Rows": 666600,
                      "Actual Loops": 4,
                      "Filter": "(keyword_id > 3092)",
                      "Rows Removed by Filter": 464382
                    },
                    {
                      "Node Type": "Hash",
                      "Parent Relationship": "Inner",
                      "Parallel Aware": true,
                      "Startup Cost": 81291.03,
                      "Total Cost": 81291.03,
                      "Plan Rows": 378455,
                      "Plan Width": 8,
                      "Actual Startup Time": 702.706,
                      "Actual Total Time": 703.479,
                      "Actual Rows": 302446,
                      "Actual Loops": 4,
                      "Hash Buckets": 2097152,
                      "Original Hash Buckets": 2097152,
                      "Hash Batches": 1,
                      "Original Hash Batches": 1,
                      "Peak Memory Usage": 63776,
                      "Plans": [
                        {
                          "Node Type": "Hash Join",
                          "Parent Relationship": "Outer",
                          "Parallel Aware": true,
                          "Join Type": "Inner",
                          "Startup Cost": 50851.22,
                          "Total Cost": 81291.03,
                          "Plan Rows": 378455,
                          "Plan Width": 8,
                          "Actual Startup Time": 410.865,
                          "Actual Total Time": 586.087,
                          "Actual Rows": 302446,
                          "Actual Loops": 4,
                          "Inner Unique": true,
                          "Hash Cond": "(mc.movie_id = t.id)",
                          "Plans": [
                            {
                              "Node Type": "Seq Scan",
                              "Parent Relationship": "Outer",
                              "Parallel Aware": true,
                              "Relation Name": "movie_companies",
                              "Alias": "mc",
                              "Startup Cost": 0.0,
                              "Total Cost": 29310.68,
                              "Plan Rows": 430142,
                              "Plan Width": 4,
                              "Actual Startup Time": 32.049,
                              "Actual Total Time": 75.397,
                              "Actual Rows": 333721,
                              "Actual Loops": 4,
                              "Filter": "(company_type_id > 1)",
                              "Rows Removed by Filter": 318562
                            },
                            {
                              "Node Type": "Hash",
                              "Parent Relationship": "Inner",
                              "Parallel Aware": true,
                              "Startup Cost": 43899.32,
                              "Total Cost": 43899.32,
                              "Plan Rows": 556152,
                              "Plan Width": 4,
                              "Actual Startup Time": 369.585,
                              "Actual Total Time": 369.587,
                              "Actual Rows": 556142,
                              "Actual Loops": 4,
                              "Hash Buckets": 4194304,
                              "Original Hash Buckets": 4194304,
                              "Hash Batches": 1,
                              "Original Hash Batches": 1,
                              "Peak Memory Usage": 119904,
                              "Plans": [
                                {
                                  "Node Type": "Seq Scan",
                                  "Parent Relationship": "Outer",
                                  "Parallel Aware": true,
                                  "Relation Name": "title",
                                  "Alias": "t",
                                  "Startup Cost": 0.0,
                                  "Total Cost": 43899.32,
                                  "Plan Rows": 556152,
                                  "Plan Width": 4,
                                  "Actual Startup Time": 0.045,
                                  "Actual Total Time": 124.361,
                                  "Actual Rows": 556142,
                                  "Actual Loops": 4,
                                  "Filter": "(production_year < 2012)",
                                  "Rows Removed by Filter": 75936
                                }
                              ]
                            }
                          ]
                        }
                      ]
                    }
                  ]
                }
              ]
            }
          ]
        }
      ]
    },
    "Planning Time": 0.624,
    "Triggers": [],
    "Execution Time": 1156.666
  }
]