[
  {
    "Plan": {
      "Node Type": "Aggregate",
      "Strategy": "Plain",
      "Partial Mode": "Finalize",
      "Parallel Aware": false,
      "Startup Cost": 345621.19,
      "Total Cost": 345621.2,
      "Plan Rows": 1,
      "Plan Width": 8,
      "Actual Startup Time": 661.125,
      "Actual Total Time": 707.584,
      "Actual Rows": 1,
      "Actual Loops": 1,
      "Plans": [
        {
          "Node Type": "Gather",
          "Parent Relationship": "Outer",
          "Parallel Aware": false,
          "Startup Cost": 345620.57,
          "Total Cost": 345621.18,
          "Plan Rows": 6,
          "Plan Width": 8,
          "Actual Startup Time": 660.972,
          "Actual Total Time": 707.572,
          "Actual Rows": 7,
          "Actual Loops": 1,
          "Workers Planned": 6,
          "Workers Launched": 6,
          "Single Copy": false,
          "Plans": [
            {
              "Node Type": "Aggregate",
              "Strategy": "Plain",
              "Partial Mode": "Partial",
              "Parent Relationship": "Outer",
              "Parallel Aware": false,
              "Startup Cost": 344620.57,
              "Total Cost": 344620.58,
              "Plan Rows": 1,
              "Plan Width": 8,
              "Actual Startup Time": 652.128,
              "Actual Total Time": 652.129,
              "Actual Rows": 1,
              "Actual Loops": 7,
              "Plans": [
                {
                  "Node Type": "Seq Scan",
                  "Parent Relationship": "Outer",
                  "Parallel Aware": true,
                  "Relation Name": "cast_info",
                  "Alias": "ci",
                  "Startup Cost": 0.0,
                  "Total Cost": 343316.27,
                  "Plan Rows": 521719,
                  "Plan Width": 0,
                  "Actual Startup Time": 360.867,
                  "Actual Total Time": 636.375,
                  "Actual Rows": 288209,
                  "Actual Loops": 7,
                  "Filter": "((person_id < 696780) AND (role_id > 2))",
                  "Rows Removed by Filter": 4889555
                }
              ]
            }
          ]
        }
      ]
    },
    "Planning Time": 0.11,
    "Triggers": [],
    "Execution Time": 707.63
  }
]