[
  {
    "Plan": {
      "Node Type": "Aggregate",
      "Strategy": "Plain",
      "Partial Mode": "Finalize",
      "Parallel Aware": false,
      "Startup Cost": 42304.21,
      "Total Cost": 42304.22,
      "Plan Rows": 1,
      "Plan Width": 8,
      "Actual Startup Time": 124.604,
      "Actual Total Time": 130.77,
      "Actual Rows": 1,
      "Actual Loops": 1,
      "Plans": [
        {
          "Node Type": "Gather",
          "Parent Relationship": "Outer",
          "Parallel Aware": false,
          "Startup Cost": 42303.89,
          "Total Cost": 42304.2,
          "Plan Rows": 3,
          "Plan Width": 8,
          "Actual Startup Time": 124.354,
          "Actual Total Time": 130.762,
          "Actual Rows": 4,
          "Actual Loops": 1,
          "Workers Planned": 3,
          "Workers Launched": 3,
          "Single Copy": false,
          "Plans": [
            {
              "Node Type": "Aggregate",
              "Strategy": "Plain",
              "Partial Mode": "Partial",
              "Parent Relationship": "Outer",
              "Parallel Aware": false,
              "Startup Cost": 41303.89,
              "Total Cost": 41303.9,
              "Plan Rows": 1,
              "Plan Width": 8,
              "Actual Startup Time": 119.004,
              "Actual Total Time": 119.006,
              "Actual Rows": 1,
              "Actual Loops": 4,
              "Plans": [
                {
                  "Node Type": "Bitmap Heap Scan",
                  "Parent Relationship": "Outer",
                  "Parallel Aware": true,
                  "Relation Name": "movie_keyword",
                  "Alias": "mk",
                  "Startup Cost": 13720.57,
                  "Total Cost": 40782.34,
                  "Plan Rows": 208622,
                  "Plan Width": 0,
                  "Actual Startup Time": 32.981,
                  "Actual Total Time": 109.498,
                  "Actual Rows": 163686,
                  "Actual Loops": 4,
                  "Recheck Cond": "(keyword_id < 502)",
                  "Rows Removed by Index Recheck": 0,
                  "Exact Heap Blocks": 9292,
                  "Lossy Heap Blocks": 0,
                  "Plans": [
                    {
                      "Node Type": "Bitmap Index Scan",
                      "Parent Relationship": "Outer",
                      "Parallel Aware": false,
                      "Index Name": "keyword_id_movie_keyword",
                      "Startup Cost": 0.0,
                      "Total Cost": 13558.89,
                      "Plan Rows": 646727,
                      "Plan Width": 0,
                      "Actual Startup Time": 34.337,
                      "Actual Total Time": 34.338,
                      "Actual Rows": 654744,
                      "Actual Loops": 1,
                      "Index Cond": "(keyword_id < 502)"
                    }
                  ]
                }
              ]
            }
          ]
        }
      ]
    },
    "Planning Time": 0.102,
    "Triggers": [],
    "Execution Time": 130.81
  }
]