[
  {
    "Plan": {
      "Node Type": "Aggregate",
      "Strategy": "Plain",
      "Partial Mode": "Finalize",
      "Parallel Aware": false,
      "Startup Cost": 45516.94,
      "Total Cost": 45516.95,
      "Plan Rows": 1,
      "Plan Width": 8,
      "Actual Startup Time": 157.948,
      "Actual Total Time": 168.922,
      "Actual Rows": 1,
      "Actual Loops": 1,
      "Plans": [
        {
          "Node Type": "Gather",
          "Parent Relationship": "Outer",
          "Parallel Aware": false,
          "Startup Cost": 45516.63,
          "Total Cost": 45516.94,
          "Plan Rows": 3,
          "Plan Width": 8,
          "Actual Startup Time": 157.821,
          "Actual Total Time": 168.914,
          "Actual Rows": 4,
          "Actual Loops": 1,
          "Workers Planned": 3,
          "Workers Launched": 3,
          "Single Copy": false,
          "Plans": [
            {
              "Node Type": "Aggregate",
              "Strategy": "Plain",
              "Partial Mode": "Partial",
              "Parent Relationship": "Outer",
              "Parallel Aware": false,
              "Startup Cost": 44516.63,
              "Total Cost": 44516.64,
              "Plan Rows": 1,
              "Plan Width": 8,
              "Actual Startup Time": 149.583,
              "Actual Total Time": 149.584,
              "Actual Rows": 1,
              "Actual Loops": 4,
              "Plans": [
                {
                  "Node Type": "Seq Scan",
                  "Parent Relationship": "Outer",
                  "Parallel Aware": true,
                  "Relation Name": "movie_keyword",
                  "Alias": "mk",
                  "Startup Cost": 0.0,
                  "Total Cost": 42695.65,
                  "Plan Rows": 728389,
                  "Plan Width": 0,
                  "Actual Startup Time": 0.061,
                  "Actual Total Time": 121.068,
                  "Actual Rows": 565798,
                  "Actual Loops": 4,
                  "Filter": "(keyword_id < 4712)",
                  "Rows Removed by Filter": 565184
                }
              ]
            }
          ]
        }
      ]
    },
    "Planning Time": 0.183,
    "Triggers": [],
    "Execution Time": 168.978
  }
]