[
    {
        "Bao": {
            "Bao prediction": "NaN",
            "Bao recommended hint": "(no hint)"
        }
    },
    {
        "Plan": {
            "Node Type": "Aggregate",
            "Strategy": "Plain",
            "Partial Mode": "Finalize",
            "Parallel Aware": false,
            "Startup Cost": 271505.45,
            "Total Cost": 271505.46,
            "Plan Rows": 1,
            "Plan Width": 8,
            "Actual Startup Time": 3300.843,
            "Actual Total Time": 3300.959,
            "Actual Rows": 1,
            "Actual Loops": 1,
            "Output": [
                "count(*)"
            ],
            "Plans": [
                {
                    "Node Type": "Gather",
                    "Parent Relationship": "Outer",
                    "Parallel Aware": false,
                    "Startup Cost": 271505.03,
                    "Total Cost": 271505.44,
                    "Plan Rows": 4,
                    "Plan Width": 8,
                    "Actual Startup Time": 3300.829,
                    "Actual Total Time": 3300.952,
                    "Actual Rows": 5,
                    "Actual Loops": 1,
                    "Output": [
                        "(PARTIAL count(*))"
                    ],
                    "Workers Planned": 4,
                    "Workers Launched": 4,
                    "Single Copy": false,
                    "Plans": [
                        {
                            "Node Type": "Aggregate",
                            "Strategy": "Plain",
                            "Partial Mode": "Partial",
                            "Parent Relationship": "Outer",
                            "Parallel Aware": false,
                            "Startup Cost": 270505.03,
                            "Total Cost": 270505.04,
                            "Plan Rows": 1,
                            "Plan Width": 8,
                            "Actual Startup Time": 2817.46,
                            "Actual Total Time": 2817.464,
                            "Actual Rows": 1,
                            "Actual Loops": 5,
                            "Output": [
                                "PARTIAL count(*)"
                            ],
                            "Workers": [
                                {
                                    "Worker Number": 0,
                                    "Actual Startup Time": 2706.846,
                                    "Actual Total Time": 2706.848,
                                    "Actual Rows": 1,
                                    "Actual Loops": 1
                                },
                                {
                                    "Worker Number": 1,
                                    "Actual Startup Time": 2741.218,
                                    "Actual Total Time": 2741.222,
                                    "Actual Rows": 1,
                                    "Actual Loops": 1
                                },
                                {
                                    "Worker Number": 2,
                                    "Actual Startup Time": 2643.448,
                                    "Actual Total Time": 2643.452,
                                    "Actual Rows": 1,
                                    "Actual Loops": 1
                                },
                                {
                                    "Worker Number": 3,
                                    "Actual Startup Time": 2695.279,
                                    "Actual Total Time": 2695.282,
                                    "Actual Rows": 1,
                                    "Actual Loops": 1
                                }
                            ],
                            "Plans": [
                                {
                                    "Node Type": "Nested Loop",
                                    "Parent Relationship": "Outer",
                                    "Parallel Aware": false,
                                    "Join Type": "Inner",
                                    "Startup Cost": 130562.24,
                                    "Total Cost": 269065.1,
                                    "Plan Rows": 575972,
                                    "Plan Width": 0,
                                    "Actual Startup Time": 394.56,
                                    "Actual Total Time": 2727.308,
                                    "Actual Rows": 1527680,
                                    "Actual Loops": 5,
                                    "Inner Unique": false,
                                    "Workers": [
                                        {
                                            "Worker Number": 0,
                                            "Actual Startup Time": 409.233,
                                            "Actual Total Time": 2621.528,
                                            "Actual Rows": 1303295,
                                            "Actual Loops": 1
                                        },
                                        {
                                            "Worker Number": 1,
                                            "Actual Startup Time": 411.645,
                                            "Actual Total Time": 2648.017,
                                            "Actual Rows": 1308007,
                                            "Actual Loops": 1
                                        },
                                        {
                                            "Worker Number": 2,
                                            "Actual Startup Time": 411.658,
                                            "Actual Total Time": 2558.574,
                                            "Actual Rows": 1307194,
                                            "Actual Loops": 1
                                        },
                                        {
                                            "Worker Number": 3,
                                            "Actual Startup Time": 411.923,
                                            "Actual Total Time": 2607.375,
                                            "Actual Rows": 1314330,
                                            "Actual Loops": 1
                                        }
                                    ],
                                    "Plans": [
                                        {
                                            "Node Type": "Merge Join",
                                            "Parent Relationship": "Outer",
                                            "Parallel Aware": false,
                                            "Join Type": "Inner",
                                            "Startup Cost": 130561.67,
                                            "Total Cost": 134372.64,
                                            "Plan Rows": 40169,
                                            "Plan Width": 8,
                                            "Actual Startup Time": 394.454,
                                            "Actual Total Time": 533.208,
                                            "Actual Rows": 56109,
                                            "Actual Loops": 5,
                                            "Output": [
                                                "t.id",
                                                "mi_idx.movie_id"
                                            ],
                                            "Inner Unique": false,
                                            "Merge Cond": "(t.id = mi_idx.movie_id)",
                                            "Workers": [
                                                {
                                                    "Worker Number": 0,
                                                    "Actual Startup Time": 409.092,
                                                    "Actual Total Time": 542.766,
                                                    "Actual Rows": 46621,
                                                    "Actual Loops": 1
                                                },
                                                {
                                                    "Worker Number": 1,
                                                    "Actual Startup Time": 411.524,
                                                    "Actual Total Time": 552.403,
                                                    "Actual Rows": 47331,
                                                    "Actual Loops": 1
                                                },
                                                {
                                                    "Worker Number": 2,
                                                    "Actual Startup Time": 411.529,
                                                    "Actual Total Time": 544.649,
                                                    "Actual Rows": 47321,
                                                    "Actual Loops": 1
                                                },
                                                {
                                                    "Worker Number": 3,
                                                    "Actual Startup Time": 411.811,
                                                    "Actual Total Time": 549.173,
                                                    "Actual Rows": 47437,
                                                    "Actual Loops": 1
                                                }
                                            ],
                                            "Plans": [
                                                {
                                                    "Node Type": "Sort",
                                                    "Parent Relationship": "Outer",
                                                    "Parallel Aware": false,
                                                    "Startup Cost": 64961.92,
                                                    "Total Cost": 65510.9,
                                                    "Plan Rows": 219592,
                                                    "Plan Width": 4,
                                                    "Actual Startup Time": 148.458,
                                                    "Actual Total Time": 184.003,
                                                    "Actual Rows": 157864,
                                                    "Actual Loops": 5,
                                                    "Output": [
                                                        "t.id"
                                                    ],
                                                    "Sort Key": [
                                                        "t.id"
                                                    ],
                                                    "Sort Method": "quicksort",
                                                    "Sort Space Used": 18203,
                                                    "Sort Space Type": "Memory",
                                                    "Workers": [
                                                        {
                                                            "Worker Number": 0,
                                                            "Actual Startup Time": 143.892,
                                                            "Actual Total Time": 174.402,
                                                            "Actual Rows": 131539,
                                                            "Actual Loops": 1
                                                        },
                                                        {
                                                            "Worker Number": 1,
                                                            "Actual Startup Time": 145.006,
                                                            "Actual Total Time": 177.101,
                                                            "Actual Rows": 133274,
                                                            "Actual Loops": 1
                                                        },
                                                        {
                                                            "Worker Number": 2,
                                                            "Actual Startup Time": 145.185,
                                                            "Actual Total Time": 176.011,
                                                            "Actual Rows": 133604,
                                                            "Actual Loops": 1
                                                        },
                                                        {
                                                            "Worker Number": 3,
                                                            "Actual Startup Time": 145.368,
                                                            "Actual Total Time": 176.936,
                                                            "Actual Rows": 133995,
                                                            "Actual Loops": 1
                                                        }
                                                    ],
                                                    "Plans": [
                                                        {
                                                            "Node Type": "Seq Scan",
                                                            "Parent Relationship": "Outer",
                                                            "Parallel Aware": true,
                                                            "Relation Name": "title",
                                                            "Schema": "public",
                                                            "Alias": "t",
                                                            "Startup Cost": 0.0,
                                                            "Total Cost": 45479.21,
                                                            "Plan Rows": 219592,
                                                            "Plan Width": 4,
                                                            "Actual Startup Time": 0.048,
                                                            "Actual Total Time": 97.316,
                                                            "Actual Rows": 158063,
                                                            "Actual Loops": 5,
                                                            "Output": [
                                                                "t.id"
                                                            ],
                                                            "Filter": "((t.kind_id < 7) AND (t.production_year > 1957))",
                                                            "Rows Removed by Filter": 347599,
                                                            "Workers": [
                                                                {
                                                                    "Worker Number": 0,
                                                                    "Actual Startup Time": 0.064,
                                                                    "Actual Total Time": 95.875,
                                                                    "Actual Rows": 131710,
                                                                    "Actual Loops": 1
                                                                },
                                                                {
                                                                    "Worker Number": 1,
                                                                    "Actual Startup Time": 0.05,
                                                                    "Actual Total Time": 96.172,
                                                                    "Actual Rows": 133430,
                                                                    "Actual Loops": 1
                                                                },
                                                                {
                                                                    "Worker Number": 2,
                                                                    "Actual Startup Time": 0.042,
                                                                    "Actual Total Time": 96.386,
                                                                    "Actual Rows": 133755,
                                                                    "Actual Loops": 1
                                                                },
                                                                {
                                                                    "Worker Number": 3,
                                                                    "Actual Startup Time": 0.071,
                                                                    "Actual Total Time": 96.537,
                                                                    "Actual Rows": 134174,
                                                                    "Actual Loops": 1
                                                                }
                                                            ]
                                                        }
                                                    ]
                                                },
                                                {
                                                    "Node Type": "Sort",
                                                    "Parent Relationship": "Inner",
                                                    "Parallel Aware": false,
                                                    "Startup Cost": 65599.72,
                                                    "Total Cost": 66755.96,
                                                    "Plan Rows": 462496,
                                                    "Plan Width": 4,
                                                    "Actual Startup Time": 245.979,
                                                    "Actual Total Time": 280.216,
                                                    "Actual Rows": 459925,
                                                    "Actual Loops": 5,
                                                    "Output": [
                                                        "mi_idx.movie_id"
                                                    ],
                                                    "Sort Key": [
                                                        "mi_idx.movie_id"
                                                    ],
                                                    "Sort Method": "quicksort",
                                                    "Sort Space Used": 33847,
                                                    "Sort Space Type": "Memory",
                                                    "Workers": [
                                                        {
                                                            "Worker Number": 0,
                                                            "Actual Startup Time": 265.173,
                                                            "Actual Total Time": 299.811,
                                                            "Actual Rows": 459925,
                                                            "Actual Loops": 1
                                                        },
                                                        {
                                                            "Worker Number": 1,
                                                            "Actual Startup Time": 266.5,
                                                            "Actual Total Time": 302.424,
                                                            "Actual Rows": 459925,
                                                            "Actual Loops": 1
                                                        },
                                                        {
                                                            "Worker Number": 2,
                                                            "Actual Startup Time": 266.331,
                                                            "Actual Total Time": 300.513,
                                                            "Actual Rows": 459925,
                                                            "Actual Loops": 1
                                                        },
                                                        {
                                                            "Worker Number": 3,
                                                            "Actual Startup Time": 266.427,
                                                            "Actual Total Time": 301.534,
                                                            "Actual Rows": 459925,
                                                            "Actual Loops": 1
                                                        }
                                                    ],
                                                    "Plans": [
                                                        {
                                                            "Node Type": "Bitmap Heap Scan",
                                                            "Parent Relationship": "Outer",
                                                            "Parallel Aware": false,
                                                            "Relation Name": "movie_info_idx",
                                                            "Schema": "public",
                                                            "Alias": "mi_idx",
                                                            "Startup Cost": 8364.77,
                                                            "Total Cost": 22080.97,
                                                            "Plan Rows": 462496,
                                                            "Plan Width": 4,
                                                            "Actual Startup Time": 30.905,
                                                            "Actual Total Time": 115.634,
                                                            "Actual Rows": 459925,
                                                            "Actual Loops": 5,
                                                            "Output": [
                                                                "mi_idx.movie_id"
                                                            ],
                                                            "Recheck Cond": "(mi_idx.info_type_id = 100)",
                                                            "Rows Removed by Index Recheck": 0,
                                                            "Exact Heap Blocks": 7934,
                                                            "Lossy Heap Blocks": 0,
                                                            "Workers": [
                                                                {
                                                                    "Worker Number": 0,
                                                                    "Actual Startup Time": 33.265,
                                                                    "Actual Total Time": 125.13,
                                                                    "Actual Rows": 459925,
                                                                    "Actual Loops": 1
                                                                },
                                                                {
                                                                    "Worker Number": 1,
                                                                    "Actual Startup Time": 34.391,
                                                                    "Actual Total Time": 126.287,
                                                                    "Actual Rows": 459925,
                                                                    "Actual Loops": 1
                                                                },
                                                                {
                                                                    "Worker Number": 2,
                                                                    "Actual Startup Time": 34.24,
                                                                    "Actual Total Time": 125.83,
                                                                    "Actual Rows": 459925,
                                                                    "Actual Loops": 1
                                                                },
                                                                {
                                                                    "Worker Number": 3,
                                                                    "Actual Startup Time": 34.3,
                                                                    "Actual Total Time": 125.569,
                                                                    "Actual Rows": 459925,
                                                                    "Actual Loops": 1
                                                                }
                                                            ],
                                                            "Plans": [
                                                                {
                                                                    "Node Type": "Bitmap Index Scan",
                                                                    "Parent Relationship": "Outer",
                                                                    "Parallel Aware": false,
                                                                    "Index Name": "info_type_id_movie_info_idx",
                                                                    "Startup Cost": 0.0,
                                                                    "Total Cost": 8249.15,
                                                                    "Plan Rows": 462496,
                                                                    "Plan Width": 0,
                                                                    "Actual Startup Time": 29.524,
                                                                    "Actual Total Time": 29.524,
                                                                    "Actual Rows": 459925,
                                                                    "Actual Loops": 5,
                                                                    "Index Cond": "(mi_idx.info_type_id = 100)",
                                                                    "Workers": [
                                                                        {
                                                                            "Worker Number": 0,
                                                                            "Actual Startup Time": 31.772,
                                                                            "Actual Total Time": 31.772,
                                                                            "Actual Rows": 459925,
                                                                            "Actual Loops": 1
                                                                        },
                                                                        {
                                                                            "Worker Number": 1,
                                                                            "Actual Startup Time": 32.904,
                                                                            "Actual Total Time": 32.904,
                                                                            "Actual Rows": 459925,
                                                                            "Actual Loops": 1
                                                                        },
                                                                        {
                                                                            "Worker Number": 2,
                                                                            "Actual Startup Time": 32.756,
                                                                            "Actual Total Time": 32.757,
                                                                            "Actual Rows": 459925,
                                                                            "Actual Loops": 1
                                                                        },
                                                                        {
                                                                            "Worker Number": 3,
                                                                            "Actual Startup Time": 32.797,
                                                                            "Actual Total Time": 32.797,
                                                                            "Actual Rows": 459925,
                                                                            "Actual Loops": 1
                                                                        }
                                                                    ]
                                                                }
                                                            ]
                                                        }
                                                    ]
                                                }
                                            ]
                                        },
                                        {
                                            "Node Type": "Index Only Scan",
                                            "Parent Relationship": "Inner",
                                            "Parallel Aware": false,
                                            "Scan Direction": "Forward",
                                            "Index Name": "movie_id_cast_info",
                                            "Relation Name": "cast_info",
                                            "Schema": "public",
                                            "Alias": "ci",
                                            "Startup Cost": 0.56,
                                            "Total Cost": 2.97,
                                            "Plan Rows": 38,
                                            "Plan Width": 4,
                                            "Actual Startup Time": 0.008,
                                            "Actual Total Time": 0.036,
                                            "Actual Rows": 27,
                                            "Actual Loops": 280547,
                                            "Output": [
                                                "ci.movie_id"
                                            ],
                                            "Index Cond": "(ci.movie_id = t.id)",
                                            "Rows Removed by Index Recheck": 0,
                                            "Heap Fetches": 7638400,
                                            "Workers": [
                                                {
                                                    "Worker Number": 0,
                                                    "Actual Startup Time": 0.01,
                                                    "Actual Total Time": 0.042,
                                                    "Actual Rows": 28,
                                                    "Actual Loops": 46621
                                                },
                                                {
                                                    "Worker Number": 1,
                                                    "Actual Startup Time": 0.01,
                                                    "Actual Total Time": 0.041,
                                                    "Actual Rows": 28,
                                                    "Actual Loops": 47331
                                                },
                                                {
                                                    "Worker Number": 2,
                                                    "Actual Startup Time": 0.01,
                                                    "Actual Total Time": 0.04,
                                                    "Actual Rows": 28,
                                                    "Actual Loops": 47321
                                                },
                                                {
                                                    "Worker Number": 3,
                                                    "Actual Startup Time": 0.01,
                                                    "Actual Total Time": 0.04,
                                                    "Actual Rows": 28,
                                                    "Actual Loops": 47437
                                                }
                                            ]
                                        }
                                    ]
                                }
                            ]
                        }
                    ]
                }
            ]
        },
        "Planning Time": 199.788,
        "Triggers": [],
        "Execution Time": 3304.097
    }
]