{
  "Plan": {
    "Node Type": "Aggregate",
    "Strategy": "Plain",
    "Partial Mode": "Finalize",
    "Parallel Aware": false,
    "Startup Cost": 642794.95,
    "Total Cost": 642794.96,
    "Plan Rows": 1,
    "Plan Width": 8,
    "Actual Startup Time": 2329.675,
    "Actual Total Time": 2362.17,
    "Actual Rows": 1,
    "Actual Loops": 1,
    "Plans": [
      {
        "Node Type": "Gather",
        "Parent Relationship": "Outer",
        "Parallel Aware": false,
        "Startup Cost": 642794.84,
        "Total Cost": 642794.95,
        "Plan Rows": 1,
        "Plan Width": 8,
        "Actual Startup Time": 2322.309,
        "Actual Total Time": 2362.16,
        "Actual Rows": 2,
        "Actual Loops": 1,
        "Workers Planned": 1,
        "Workers Launched": 1,
        "Single Copy": false,
        "Plans": [
          {
            "Node Type": "Aggregate",
            "Strategy": "Plain",
            "Partial Mode": "Partial",
            "Parent Relationship": "Outer",
            "Parallel Aware": false,
            "Startup Cost": 641794.84,
            "Total Cost": 641794.85,
            "Plan Rows": 1,
            "Plan Width": 8,
            "Actual Startup Time": 2310.528,
            "Actual Total Time": 2310.532,
            "Actual Rows": 1,
            "Actual Loops": 2,
            "Plans": [
              {
                "Node Type": "Hash Join",
                "Parent Relationship": "Outer",
                "Parallel Aware": true,
                "Join Type": "Inner",
                "Startup Cost": 283859.33,
                "Total Cost": 632398.87,
                "Plan Rows": 3758386,
                "Plan Width": 0,
                "Actual Startup Time": 1358.412,
                "Actual Total Time": 2239.444,
                "Actual Rows": 1377572,
                "Actual Loops": 2,
                "Inner Unique": true,
                "Hash Cond": "(ci.movie_id = t.id)",
                "Plans": [
                  {
                    "Node Type": "Bitmap Heap Scan",
                    "Parent Relationship": "Outer",
                    "Parallel Aware": true,
                    "Relation Name": "cast_info",
                    "Alias": "ci",
                    "Startup Cost": 214398.63,
                    "Total Cost": 553072.4,
                    "Plan Rows": 3758386,
                    "Plan Width": 4,
                    "Actual Startup Time": 772.542,
                    "Actual Total Time": 1045.048,
                    "Actual Rows": 1377572,
                    "Actual Loops": 2,
                    "Recheck Cond": "(person_id < 965981)",
                    "Rows Removed by Index Recheck": 0,
                    "Filter": "(role_id > 1)",
                    "Rows Removed by Filter": 3531396,
                    "Exact Heap Blocks": 65989,
                    "Lossy Heap Blocks": 0,
                    "Plans": [
                      {
                        "Node Type": "Bitmap Index Scan",
                        "Parent Relationship": "Outer",
                        "Parallel Aware": false,
                        "Index Name": "person_id_cast_info",
                        "Startup Cost": 0.0,
                        "Total Cost": 212801.32,
                        "Plan Rows": 9745167,
                        "Plan Width": 0,
                        "Actual Startup Time": 389.011,
                        "Actual Total Time": 389.011,
                        "Actual Rows": 9817935,
                        "Actual Loops": 1,
                        "Index Cond": "(person_id < 965981)"
                      }
                    ]
                  },
                  {
                    "Node Type": "Hash",
                    "Parent Relationship": "Inner",
                    "Parallel Aware": true,
                    "Startup Cost": 50870.31,
                    "Total Cost": 50870.31,
                    "Plan Rows": 1487231,
                    "Plan Width": 4,
                    "Actual Startup Time": 564.214,
                    "Actual Total Time": 564.215,
                    "Actual Rows": 1264156,
                    "Actual Loops": 2,
                    "Hash Buckets": 4194304,
                    "Original Hash Buckets": 4194304,
                    "Hash Batches": 1,
                    "Original Hash Batches": 1,
                    "Peak Memory Usage": 131712,
                    "Plans": [
                      {
                        "Node Type": "Seq Scan",
                        "Parent Relationship": "Outer",
                        "Parallel Aware": true,
                        "Relation Name": "title",
                        "Alias": "t",
                        "Startup Cost": 0.0,
                        "Total Cost": 50870.31,
                        "Plan Rows": 1487231,
                        "Plan Width": 4,
                        "Actual Startup Time": 0.025,
                        "Actual Total Time": 175.938,
                        "Actual Rows": 1264156,
                        "Actual Loops": 2
                      }
                    ]
                  }
                ]
              }
            ]
          }
        ]
      }
    ]
  },
  "Planning Time": 0.442,
  "Triggers": [],
  "Execution Time": 2362.243
}