{
  "Plan": {
    "Node Type": "Aggregate",
    "Strategy": "Plain",
    "Partial Mode": "Finalize",
    "Parallel Aware": false,
    "Startup Cost": 69619.6,
    "Total Cost": 69619.61,
    "Plan Rows": 1,
    "Plan Width": 8,
    "Actual Startup Time": 120.53,
    "Actual Total Time": 128.731,
    "Actual Rows": 1,
    "Actual Loops": 1,
    "Plans": [
      {
        "Node Type": "Gather",
        "Parent Relationship": "Outer",
        "Parallel Aware": false,
        "Startup Cost": 69619.49,
        "Total Cost": 69619.6,
        "Plan Rows": 1,
        "Plan Width": 8,
        "Actual Startup Time": 120.336,
        "Actual Total Time": 128.724,
        "Actual Rows": 2,
        "Actual Loops": 1,
        "Workers Planned": 1,
        "Workers Launched": 1,
        "Single Copy": false,
        "Plans": [
          {
            "Node Type": "Aggregate",
            "Strategy": "Plain",
            "Partial Mode": "Partial",
            "Parent Relationship": "Outer",
            "Parallel Aware": false,
            "Startup Cost": 68619.49,
            "Total Cost": 68619.5,
            "Plan Rows": 1,
            "Plan Width": 8,
            "Actual Startup Time": 114.025,
            "Actual Total Time": 114.026,
            "Actual Rows": 1,
            "Actual Loops": 2,
            "Plans": [
              {
                "Node Type": "Nested Loop",
                "Parent Relationship": "Outer",
                "Parallel Aware": false,
                "Join Type": "Inner",
                "Startup Cost": 11824.21,
                "Total Cost": 68616.51,
                "Plan Rows": 1192,
                "Plan Width": 0,
                "Actual Startup Time": 40.879,
                "Actual Total Time": 113.795,
                "Actual Rows": 2652,
                "Actual Loops": 2,
                "Inner Unique": false,
                "Plans": [
                  {
                    "Node Type": "Bitmap Heap Scan",
                    "Parent Relationship": "Outer",
                    "Parallel Aware": true,
                    "Relation Name": "title",
                    "Alias": "t",
                    "Startup Cost": 11823.78,
                    "Total Cost": 53674.04,
                    "Plan Rows": 2185,
                    "Plan Width": 4,
                    "Actual Startup Time": 40.355,
                    "Actual Total Time": 97.84,
                    "Actual Rows": 2151,
                    "Actual Loops": 2,
                    "Recheck Cond": "(kind_id = 1)",
                    "Rows Removed by Index Recheck": 0,
                    "Filter": "(production_year = 1969)",
                    "Rows Removed by Filter": 329262,
                    "Exact Heap Blocks": 9896,
                    "Lossy Heap Blocks": 0,
                    "Plans": [
                      {
                        "Node Type": "Bitmap Index Scan",
                        "Parent Relationship": "Outer",
                        "Parallel Aware": false,
                        "Index Name": "kind_id_title",
                        "Startup Cost": 0.0,
                        "Total Cost": 11822.85,
                        "Plan Rows": 663256,
                        "Plan Width": 0,
                        "Actual Startup Time": 43.878,
                        "Actual Total Time": 43.879,
                        "Actual Rows": 662825,
                        "Actual Loops": 1,
                        "Index Cond": "(kind_id = 1)"
                      }
                    ]
                  },
                  {
                    "Node Type": "Index Only Scan",
                    "Parent Relationship": "Inner",
                    "Parallel Aware": false,
                    "Scan Direction": "Forward",
                    "Index Name": "movie_id_movie_info_idx",
                    "Relation Name": "movie_info_idx",
                    "Alias": "mi_idx",
                    "Startup Cost": 0.43,
                    "Total Cost": 6.81,
                    "Plan Rows": 3,
                    "Plan Width": 4,
                    "Actual Startup Time": 0.007,
                    "Actual Total Time": 0.007,
                    "Actual Rows": 1,
                    "Actual Loops": 4302,
                    "Index Cond": "(movie_id = t.id)",
                    "Rows Removed by Index Recheck": 0,
                    "Heap Fetches": 5303
                  }
                ]
              }
            ]
          }
        ]
      }
    ]
  },
  "Planning Time": 0.454,
  "Triggers": [],
  "Execution Time": 128.823
}