{
  "Plan": {
    "Node Type": "Aggregate",
    "Strategy": "Plain",
    "Partial Mode": "Finalize",
    "Parallel Aware": false,
    "Startup Cost": 119650.76,
    "Total Cost": 119650.77,
    "Plan Rows": 1,
    "Plan Width": 8,
    "Actual Startup Time": 520.987,
    "Actual Total Time": 541.076,
    "Actual Rows": 1,
    "Actual Loops": 1,
    "Plans": [
      {
        "Node Type": "Gather",
        "Parent Relationship": "Outer",
        "Parallel Aware": false,
        "Startup Cost": 119650.65,
        "Total Cost": 119650.76,
        "Plan Rows": 1,
        "Plan Width": 8,
        "Actual Startup Time": 519.078,
        "Actual Total Time": 541.067,
        "Actual Rows": 2,
        "Actual Loops": 1,
        "Workers Planned": 1,
        "Workers Launched": 1,
        "Single Copy": false,
        "Plans": [
          {
            "Node Type": "Aggregate",
            "Strategy": "Plain",
            "Partial Mode": "Partial",
            "Parent Relationship": "Outer",
            "Parallel Aware": false,
            "Startup Cost": 118650.65,
            "Total Cost": 118650.66,
            "Plan Rows": 1,
            "Plan Width": 8,
            "Actual Startup Time": 515.075,
            "Actual Total Time": 515.079,
            "Actual Rows": 1,
            "Actual Loops": 2,
            "Plans": [
              {
                "Node Type": "Hash Join",
                "Parent Relationship": "Outer",
                "Parallel Aware": true,
                "Join Type": "Inner",
                "Startup Cost": 83626.25,
                "Total Cost": 118210.65,
                "Plan Rows": 176001,
                "Plan Width": 0,
                "Actual Startup Time": 312.038,
                "Actual Total Time": 511.282,
                "Actual Rows": 80163,
                "Actual Loops": 2,
                "Inner Unique": true,
                "Hash Cond": "(mk.movie_id = t.id)",
                "Plans": [
                  {
                    "Node Type": "Bitmap Heap Scan",
                    "Parent Relationship": "Outer",
                    "Parallel Aware": true,
                    "Relation Name": "movie_keyword",
                    "Alias": "mk",
                    "Startup Cost": 24152.76,
                    "Total Cost": 56978.99,
                    "Plan Rows": 669778,
                    "Plan Width": 4,
                    "Actual Startup Time": 64.361,
                    "Actual Total Time": 170.22,
                    "Actual Rows": 574384,
                    "Actual Loops": 2,
                    "Recheck Cond": "(keyword_id < 1322)",
                    "Rows Removed by Index Recheck": 0,
                    "Exact Heap Blocks": 13786,
                    "Lossy Heap Blocks": 0,
                    "Plans": [
                      {
                        "Node Type": "Bitmap Index Scan",
                        "Parent Relationship": "Outer",
                        "Parallel Aware": false,
                        "Index Name": "keyword_id_movie_keyword",
                        "Startup Cost": 0.0,
                        "Total Cost": 23868.1,
                        "Plan Rows": 1138623,
                        "Plan Width": 0,
                        "Actual Startup Time": 60.674,
                        "Actual Total Time": 60.674,
                        "Actual Rows": 1148769,
                        "Actual Loops": 1,
                        "Index Cond": "(keyword_id < 1322)"
                      }
                    ]
                  },
                  {
                    "Node Type": "Hash",
                    "Parent Relationship": "Inner",
                    "Parallel Aware": true,
                    "Startup Cost": 54588.39,
                    "Total Cost": 54588.39,
                    "Plan Rows": 390808,
                    "Plan Width": 4,
                    "Actual Startup Time": 239.871,
                    "Actual Total Time": 239.872,
                    "Actual Rows": 331032,
                    "Actual Loops": 2,
                    "Hash Buckets": 1048576,
                    "Original Hash Buckets": 1048576,
                    "Hash Batches": 1,
                    "Original Hash Batches": 1,
                    "Peak Memory Usage": 34112,
                    "Plans": [
                      {
                        "Node Type": "Seq Scan",
                        "Parent Relationship": "Outer",
                        "Parallel Aware": true,
                        "Relation Name": "title",
                        "Alias": "t",
                        "Startup Cost": 0.0,
                        "Total Cost": 54588.39,
                        "Plan Rows": 390808,
                        "Plan Width": 4,
                        "Actual Startup Time": 0.036,
                        "Actual Total Time": 152.918,
                        "Actual Rows": 331032,
                        "Actual Loops": 2,
                        "Filter": "(production_year > 2008)",
                        "Rows Removed by Filter": 933124
                      }
                    ]
                  }
                ]
              }
            ]
          }
        ]
      }
    ]
  },
  "Planning Time": 0.409,
  "Triggers": [],
  "Execution Time": 541.154
}