[
  {
    "Plan": {
      "Node Type": "Aggregate",
      "Strategy": "Plain",
      "Partial Mode": "Finalize",
      "Parallel Aware": false,
      "Startup Cost": 47059.06,
      "Total Cost": 47059.07,
      "Plan Rows": 1,
      "Plan Width": 8,
      "Actual Startup Time": 174.439,
      "Actual Total Time": 183.882,
      "Actual Rows": 1,
      "Actual Loops": 1,
      "Plans": [
        {
          "Node Type": "Gather",
          "Parent Relationship": "Outer",
          "Parallel Aware": false,
          "Startup Cost": 47058.74,
          "Total Cost": 47059.05,
          "Plan Rows": 3,
          "Plan Width": 8,
          "Actual Startup Time": 174.265,
          "Actual Total Time": 183.868,
          "Actual Rows": 4,
          "Actual Loops": 1,
          "Workers Planned": 3,
          "Workers Launched": 3,
          "Single Copy": false,
          "Plans": [
            {
              "Node Type": "Aggregate",
              "Strategy": "Plain",
              "Partial Mode": "Partial",
              "Parent Relationship": "Outer",
              "Parallel Aware": false,
              "Startup Cost": 46058.74,
              "Total Cost": 46058.75,
              "Plan Rows": 1,
              "Plan Width": 8,
              "Actual Startup Time": 166.126,
              "Actual Total Time": 166.128,
              "Actual Rows": 1,
              "Actual Loops": 4,
              "Plans": [
                {
                  "Node Type": "Seq Scan",
                  "Parent Relationship": "Outer",
                  "Parallel Aware": true,
                  "Relation Name": "movie_keyword",
                  "Alias": "mk",
                  "Startup Cost": 0.0,
                  "Total Cost": 42695.65,
                  "Plan Rows": 1345235,
                  "Plan Width": 0,
                  "Actual Startup Time": 0.064,
                  "Actual Total Time": 119.307,
                  "Actual Rows": 1043018,
                  "Actual Loops": 4,
                  "Filter": "(keyword_id < 47335)",
                  "Rows Removed by Filter": 87965
                }
              ]
            }
          ]
        }
      ]
    },
    "Planning Time": 0.199,
    "Triggers": [],
    "Execution Time": 183.939
  }
]