[
  {
    "Plan": {
      "Node Type": "Aggregate",
      "Strategy": "Plain",
      "Partial Mode": "Finalize",
      "Parallel Aware": false,
      "Startup Cost": 351528.99,
      "Total Cost": 351529.0,
      "Plan Rows": 1,
      "Plan Width": 8,
      "Actual Startup Time": 887.23,
      "Actual Total Time": 947.406,
      "Actual Rows": 1,
      "Actual Loops": 1,
      "Plans": [
        {
          "Node Type": "Gather",
          "Parent Relationship": "Outer",
          "Parallel Aware": false,
          "Startup Cost": 351528.36,
          "Total Cost": 351528.97,
          "Plan Rows": 6,
          "Plan Width": 8,
          "Actual Startup Time": 887.108,
          "Actual Total Time": 947.392,
          "Actual Rows": 7,
          "Actual Loops": 1,
          "Workers Planned": 6,
          "Workers Launched": 6,
          "Single Copy": false,
          "Plans": [
            {
              "Node Type": "Aggregate",
              "Strategy": "Plain",
              "Partial Mode": "Partial",
              "Parent Relationship": "Outer",
              "Parallel Aware": false,
              "Startup Cost": 350528.36,
              "Total Cost": 350528.37,
              "Plan Rows": 1,
              "Plan Width": 8,
              "Actual Startup Time": 878.055,
              "Actual Total Time": 878.056,
              "Actual Rows": 1,
              "Actual Loops": 7,
              "Plans": [
                {
                  "Node Type": "Seq Scan",
                  "Parent Relationship": "Outer",
                  "Parallel Aware": true,
                  "Relation Name": "cast_info",
                  "Alias": "ci",
                  "Startup Cost": 0.0,
                  "Total Cost": 343257.03,
                  "Plan Rows": 2908533,
                  "Plan Width": 0,
                  "Actual Startup Time": 232.844,
                  "Actual Total Time": 738.744,
                  "Actual Rows": 2978626,
                  "Actual Loops": 7,
                  "Filter": "((person_id > 952665) AND (role_id > 1))",
                  "Rows Removed by Filter": 2199138
                }
              ]
            }
          ]
        }
      ]
    },
    "Planning Time": 0.231,
    "Triggers": [],
    "Execution Time": 947.482
  }
]