{
  "Plan": {
    "Node Type": "Aggregate",
    "Strategy": "Plain",
    "Partial Mode": "Finalize",
    "Parallel Aware": false,
    "Startup Cost": 234980.8,
    "Total Cost": 234980.81,
    "Plan Rows": 1,
    "Plan Width": 8,
    "Actual Startup Time": 289.185,
    "Actual Total Time": 303.547,
    "Actual Rows": 1,
    "Actual Loops": 1,
    "Plans": [
      {
        "Node Type": "Gather",
        "Parent Relationship": "Outer",
        "Parallel Aware": false,
        "Startup Cost": 234980.69,
        "Total Cost": 234980.8,
        "Plan Rows": 1,
        "Plan Width": 8,
        "Actual Startup Time": 287.572,
        "Actual Total Time": 303.539,
        "Actual Rows": 2,
        "Actual Loops": 1,
        "Workers Planned": 1,
        "Workers Launched": 1,
        "Single Copy": false,
        "Plans": [
          {
            "Node Type": "Aggregate",
            "Strategy": "Plain",
            "Partial Mode": "Partial",
            "Parent Relationship": "Outer",
            "Parallel Aware": false,
            "Startup Cost": 233980.69,
            "Total Cost": 233980.7,
            "Plan Rows": 1,
            "Plan Width": 8,
            "Actual Startup Time": 282.145,
            "Actual Total Time": 282.149,
            "Actual Rows": 1,
            "Actual Loops": 2,
            "Plans": [
              {
                "Node Type": "Hash Join",
                "Parent Relationship": "Outer",
                "Parallel Aware": true,
                "Join Type": "Inner",
                "Startup Cost": 67441.69,
                "Total Cost": 233894.47,
                "Plan Rows": 34490,
                "Plan Width": 0,
                "Actual Startup Time": 278.254,
                "Actual Total Time": 282.14,
                "Actual Rows": 10,
                "Actual Loops": 2,
                "Inner Unique": true,
                "Hash Cond": "(mi.movie_id = t.id)",
                "Plans": [
                  {
                    "Node Type": "Bitmap Heap Scan",
                    "Parent Relationship": "Outer",
                    "Parallel Aware": true,
                    "Relation Name": "movie_info",
                    "Alias": "mi",
                    "Startup Cost": 5618.66,
                    "Total Cost": 171592.82,
                    "Plan Rows": 182332,
                    "Plan Width": 4,
                    "Actual Startup Time": 9.375,
                    "Actual Total Time": 30.498,
                    "Actual Rows": 153394,
                    "Actual Loops": 2,
                    "Recheck Cond": "(info_type_id > 105)",
                    "Rows Removed by Index Recheck": 0,
                    "Exact Heap Blocks": 3398,
                    "Lossy Heap Blocks": 0,
                    "Plans": [
                      {
                        "Node Type": "Bitmap Index Scan",
                        "Parent Relationship": "Outer",
                        "Parallel Aware": false,
                        "Index Name": "info_type_id_movie_info",
                        "Startup Cost": 0.0,
                        "Total Cost": 5541.16,
                        "Plan Rows": 309964,
                        "Plan Width": 0,
                        "Actual Startup Time": 8.633,
                        "Actual Total Time": 8.634,
                        "Actual Rows": 306788,
                        "Actual Loops": 1,
                        "Index Cond": "(info_type_id > 105)"
                      }
                    ]
                  },
                  {
                    "Node Type": "Hash",
                    "Parent Relationship": "Inner",
                    "Parallel Aware": true,
                    "Startup Cost": 58306.47,
                    "Total Cost": 58306.47,
                    "Plan Rows": 281325,
                    "Plan Width": 4,
                    "Actual Startup Time": 229.168,
                    "Actual Total Time": 229.169,
                    "Actual Rows": 259164,
                    "Actual Loops": 2,
                    "Hash Buckets": 524288,
                    "Original Hash Buckets": 524288,
                    "Hash Batches": 1,
                    "Original Hash Batches": 1,
                    "Peak Memory Usage": 24416,
                    "Plans": [
                      {
                        "Node Type": "Seq Scan",
                        "Parent Relationship": "Outer",
                        "Parallel Aware": true,
                        "Relation Name": "title",
                        "Alias": "t",
                        "Startup Cost": 0.0,
                        "Total Cost": 58306.47,
                        "Plan Rows": 281325,
                        "Plan Width": 4,
                        "Actual Startup Time": 0.025,
                        "Actual Total Time": 165.826,
                        "Actual Rows": 259164,
                        "Actual Loops": 2,
                        "Filter": "((production_year > 2007) AND (kind_id = 7))",
                        "Rows Removed by Filter": 1004992
                      }
                    ]
                  }
                ]
              }
            ]
          }
        ]
      }
    ]
  },
  "Planning Time": 0.383,
  "Triggers": [],
  "Execution Time": 303.605
}