{
    "Plan": {
        "Node Type": "Aggregate",
        "Strategy": "Plain",
        "Partial Mode": "Finalize",
        "Parallel Aware": false,
        "Startup Cost": 91618.77,
        "Total Cost": 91618.78,
        "Plan Rows": 1,
        "Plan Width": 8,
        "Actual Startup Time": 190.928,
        "Actual Total Time": 208.373,
        "Actual Rows": 1,
        "Actual Loops": 1,
        "Output": [
            "count(*)"
        ],
        "Plans": [
            {
                "Node Type": "Gather",
                "Parent Relationship": "Outer",
                "Parallel Aware": false,
                "Startup Cost": 91618.35,
                "Total Cost": 91618.76,
                "Plan Rows": 4,
                "Plan Width": 8,
                "Actual Startup Time": 190.793,
                "Actual Total Time": 208.367,
                "Actual Rows": 5,
                "Actual Loops": 1,
                "Output": [
                    "(PARTIAL count(*))"
                ],
                "Workers Planned": 4,
                "Workers Launched": 4,
                "Single Copy": false,
                "Plans": [
                    {
                        "Node Type": "Aggregate",
                        "Strategy": "Plain",
                        "Partial Mode": "Partial",
                        "Parent Relationship": "Outer",
                        "Parallel Aware": false,
                        "Startup Cost": 90618.35,
                        "Total Cost": 90618.36,
                        "Plan Rows": 1,
                        "Plan Width": 8,
                        "Actual Startup Time": 180.947,
                        "Actual Total Time": 180.95,
                        "Actual Rows": 1,
                        "Actual Loops": 5,
                        "Output": [
                            "PARTIAL count(*)"
                        ],
                        "Workers": [
                            {
                                "Worker Number": 0,
                                "Actual Startup Time": 178.173,
                                "Actual Total Time": 178.176,
                                "Actual Rows": 1,
                                "Actual Loops": 1
                            },
                            {
                                "Worker Number": 1,
                                "Actual Startup Time": 178.224,
                                "Actual Total Time": 178.228,
                                "Actual Rows": 1,
                                "Actual Loops": 1
                            },
                            {
                                "Worker Number": 2,
                                "Actual Startup Time": 179.172,
                                "Actual Total Time": 179.174,
                                "Actual Rows": 1,
                                "Actual Loops": 1
                            },
                            {
                                "Worker Number": 3,
                                "Actual Startup Time": 179.163,
                                "Actual Total Time": 179.165,
                                "Actual Rows": 1,
                                "Actual Loops": 1
                            }
                        ],
                        "Plans": [
                            {
                                "Node Type": "Hash Join",
                                "Parent Relationship": "Outer",
                                "Parallel Aware": true,
                                "Join Type": "Inner",
                                "Startup Cost": 43944.61,
                                "Total Cost": 90613.58,
                                "Plan Rows": 1908,
                                "Plan Width": 0,
                                "Actual Startup Time": 84.203,
                                "Actual Total Time": 180.809,
                                "Actual Rows": 1578,
                                "Actual Loops": 5,
                                "Inner Unique": true,
                                "Hash Cond": "(ci.movie_id = t.id)",
                                "Workers": [
                                    {
                                        "Worker Number": 0,
                                        "Actual Startup Time": 81.854,
                                        "Actual Total Time": 178.035,
                                        "Actual Rows": 1550,
                                        "Actual Loops": 1
                                    },
                                    {
                                        "Worker Number": 1,
                                        "Actual Startup Time": 81.146,
                                        "Actual Total Time": 178.096,
                                        "Actual Rows": 1309,
                                        "Actual Loops": 1
                                    },
                                    {
                                        "Worker Number": 2,
                                        "Actual Startup Time": 82.192,
                                        "Actual Total Time": 179.037,
                                        "Actual Rows": 1514,
                                        "Actual Loops": 1
                                    },
                                    {
                                        "Worker Number": 3,
                                        "Actual Startup Time": 82.114,
                                        "Actual Total Time": 179.032,
                                        "Actual Rows": 1403,
                                        "Actual Loops": 1
                                    }
                                ],
                                "Plans": [
                                    {
                                        "Node Type": "Index Scan",
                                        "Parent Relationship": "Outer",
                                        "Parallel Aware": true,
                                        "Scan Direction": "Forward",
                                        "Index Name": "role_id_cast_info",
                                        "Relation Name": "cast_info",
                                        "Schema": "public",
                                        "Alias": "ci",
                                        "Startup Cost": 0.56,
                                        "Total Cost": 45790.64,
                                        "Plan Rows": 334820,
                                        "Plan Width": 4,
                                        "Actual Startup Time": 0.121,
                                        "Actual Total Time": 68.06,
                                        "Actual Rows": 277590,
                                        "Actual Loops": 5,
                                        "Output": [
                                            "ci.id",
                                            "ci.person_id",
                                            "ci.movie_id",
                                            "ci.person_role_id",
                                            "ci.note",
                                            "ci.nr_order",
                                            "ci.role_id"
                                        ],
                                        "Index Cond": "(ci.role_id = 8)",
                                        "Rows Removed by Index Recheck": 0,
                                        "Filter": "(ci.person_id > 663667)",
                                        "Rows Removed by Filter": 63118,
                                        "Workers": [
                                            {
                                                "Worker Number": 0,
                                                "Actual Startup Time": 0.086,
                                                "Actual Total Time": 68.548,
                                                "Actual Rows": 264557,
                                                "Actual Loops": 1
                                            },
                                            {
                                                "Worker Number": 1,
                                                "Actual Startup Time": 0.089,
                                                "Actual Total Time": 68.792,
                                                "Actual Rows": 254057,
                                                "Actual Loops": 1
                                            },
                                            {
                                                "Worker Number": 2,
                                                "Actual Startup Time": 0.282,
                                                "Actual Total Time": 68.457,
                                                "Actual Rows": 260712,
                                                "Actual Loops": 1
                                            },
                                            {
                                                "Worker Number": 3,
                                                "Actual Startup Time": 0.105,
                                                "Actual Total Time": 68.387,
                                                "Actual Rows": 266401,
                                                "Actual Loops": 1
                                            }
                                        ]
                                    },
                                    {
                                        "Node Type": "Hash",
                                        "Parent Relationship": "Inner",
                                        "Parallel Aware": true,
                                        "Startup Cost": 43899.01,
                                        "Total Cost": 43899.01,
                                        "Plan Rows": 3603,
                                        "Plan Width": 4,
                                        "Actual Startup Time": 82.48,
                                        "Actual Total Time": 82.481,
                                        "Actual Rows": 2847,
                                        "Actual Loops": 5,
                                        "Output": [
                                            "t.id"
                                        ],
                                        "Hash Buckets": 16384,
                                        "Original Hash Buckets": 16384,
                                        "Hash Batches": 1,
                                        "Original Hash Batches": 1,
                                        "Peak Memory Usage": 800,
                                        "Workers": [
                                            {
                                                "Worker Number": 0,
                                                "Actual Startup Time": 80.427,
                                                "Actual Total Time": 80.428,
                                                "Actual Rows": 2505,
                                                "Actual Loops": 1
                                            },
                                            {
                                                "Worker Number": 1,
                                                "Actual Startup Time": 80.469,
                                                "Actual Total Time": 80.471,
                                                "Actual Rows": 2368,
                                                "Actual Loops": 1
                                            },
                                            {
                                                "Worker Number": 2,
                                                "Actual Startup Time": 81.342,
                                                "Actual Total Time": 81.343,
                                                "Actual Rows": 2523,
                                                "Actual Loops": 1
                                            },
                                            {
                                                "Worker Number": 3,
                                                "Actual Startup Time": 81.351,
                                                "Actual Total Time": 81.352,
                                                "Actual Rows": 2473,
                                                "Actual Loops": 1
                                            }
                                        ],
                                        "Plans": [
                                            {
                                                "Node Type": "Seq Scan",
                                                "Parent Relationship": "Outer",
                                                "Parallel Aware": true,
                                                "Relation Name": "title",
                                                "Schema": "public",
                                                "Alias": "t",
                                                "Startup Cost": 0.0,
                                                "Total Cost": 43899.01,
                                                "Plan Rows": 3603,
                                                "Plan Width": 4,
                                                "Actual Startup Time": 0.166,
                                                "Actual Total Time": 80.865,
                                                "Actual Rows": 2847,
                                                "Actual Loops": 5,
                                                "Output": [
                                                    "t.id"
                                                ],
                                                "Filter": "(t.production_year = 1968)",
                                                "Rows Removed by Filter": 502815,
                                                "Workers": [
                                                    {
                                                        "Worker Number": 0,
                                                        "Actual Startup Time": 0.121,
                                                        "Actual Total Time": 78.845,
                                                        "Actual Rows": 2505,
                                                        "Actual Loops": 1
                                                    },
                                                    {
                                                        "Worker Number": 1,
                                                        "Actual Startup Time": 0.216,
                                                        "Actual Total Time": 78.78,
                                                        "Actual Rows": 2368,
                                                        "Actual Loops": 1
                                                    },
                                                    {
                                                        "Worker Number": 2,
                                                        "Actual Startup Time": 0.215,
                                                        "Actual Total Time": 79.647,
                                                        "Actual Rows": 2523,
                                                        "Actual Loops": 1
                                                    },
                                                    {
                                                        "Worker Number": 3,
                                                        "Actual Startup Time": 0.206,
                                                        "Actual Total Time": 79.752,
                                                        "Actual Rows": 2473,
                                                        "Actual Loops": 1
                                                    }
                                                ]
                                            }
                                        ]
                                    }
                                ]
                            }
                        ]
                    }
                ]
            }
        ]
    },
    "Planning Time": 0.75,
    "Triggers": [],
    "Execution Time": 208.457
}