[
  {
    "Plan": {
      "Node Type": "Aggregate",
      "Strategy": "Plain",
      "Partial Mode": "Finalize",
      "Parallel Aware": false,
      "Startup Cost": 287585.19,
      "Total Cost": 287585.2,
      "Plan Rows": 1,
      "Plan Width": 8,
      "Actual Startup Time": 1060.316,
      "Actual Total Time": 1110.196,
      "Actual Rows": 1,
      "Actual Loops": 1,
      "Plans": [
        {
          "Node Type": "Gather",
          "Parent Relationship": "Outer",
          "Parallel Aware": false,
          "Startup Cost": 287584.67,
          "Total Cost": 287585.18,
          "Plan Rows": 5,
          "Plan Width": 8,
          "Actual Startup Time": 1046.826,
          "Actual Total Time": 1110.181,
          "Actual Rows": 6,
          "Actual Loops": 1,
          "Workers Planned": 5,
          "Workers Launched": 5,
          "Single Copy": false,
          "Plans": [
            {
              "Node Type": "Aggregate",
              "Strategy": "Plain",
              "Partial Mode": "Partial",
              "Parent Relationship": "Outer",
              "Parallel Aware": false,
              "Startup Cost": 286584.67,
              "Total Cost": 286584.68,
              "Plan Rows": 1,
              "Plan Width": 8,
              "Actual Startup Time": 1036.467,
              "Actual Total Time": 1036.901,
              "Actual Rows": 1,
              "Actual Loops": 6,
              "Plans": [
                {
                  "Node Type": "Hash Join",
                  "Parent Relationship": "Outer",
                  "Parallel Aware": true,
                  "Join Type": "Inner",
                  "Startup Cost": 84298.9,
                  "Total Cost": 286036.25,
                  "Plan Rows": 219367,
                  "Plan Width": 0,
                  "Actual Startup Time": 602.879,
                  "Actual Total Time": 1014.186,
                  "Actual Rows": 463660,
                  "Actual Loops": 6,
                  "Inner Unique": false,
                  "Hash Cond": "(mi.movie_id = t.id)",
                  "Plans": [
                    {
                      "Node Type": "Seq Scan",
                      "Parent Relationship": "Outer",
                      "Parallel Aware": true,
                      "Relation Name": "movie_info",
                      "Alias": "mi",
                      "Startup Cost": 0.0,
                      "Total Cost": 198952.16,
                      "Plan Rows": 596472,
                      "Plan Width": 4,
                      "Actual Startup Time": 82.412,
                      "Actual Total Time": 332.992,
                      "Actual Rows": 506120,
                      "Actual Loops": 6,
                      "Filter": "(info_type_id = 16)",
                      "Rows Removed by Filter": 1966500
                    },
                    {
                      "Node Type": "Hash",
                      "Parent Relationship": "Inner",
                      "Parallel Aware": true,
                      "Startup Cost": 81393.15,
                      "Total Cost": 81393.15,
                      "Plan Rows": 232460,
                      "Plan Width": 8,
                      "Actual Startup Time": 515.377,
                      "Actual Total Time": 515.809,
                      "Actual Rows": 184275,
                      "Actual Loops": 6,
                      "Hash Buckets": 2097152,
                      "Original Hash Buckets": 1048576,
                      "Hash Batches": 1,
                      "Original Hash Batches": 1,
                      "Peak Memory Usage": 67904,
                      "Plans": [
                        {
                          "Node Type": "Hash Join",
                          "Parent Relationship": "Outer",
                          "Parallel Aware": true,
                          "Join Type": "Inner",
                          "Startup Cost": 35164.18,
                          "Total Cost": 81393.15,
                          "Plan Rows": 232460,
                          "Plan Width": 8,
                          "Actual Startup Time": 176.871,
                          "Actual Total Time": 406.954,
                          "Actual Rows": 184275,
                          "Actual Loops": 6,
                          "Inner Unique": false,
                          "Hash Cond": "(t.id = mc.movie_id)",
                          "Plans": [
                            {
                              "Node Type": "Seq Scan",
                              "Parent Relationship": "Outer",
                              "Parallel Aware": true,
                              "Relation Name": "title",
                              "Alias": "t",
                              "Startup Cost": 0.0,
                              "Total Cost": 42318.73,
                              "Plan Rows": 632073,
                              "Plan Width": 4,
                              "Actual Startup Time": 0.013,
                              "Actual Total Time": 67.688,
                              "Actual Rows": 421385,
                              "Actual Loops": 6
                            },
                            {
                              "Node Type": "Hash",
                              "Parent Relationship": "Inner",
                              "Parallel Aware": true,
                              "Startup Cost": 31414.82,
                              "Total Cost": 31414.82,
                              "Plan Rows": 299949,
                              "Plan Width": 4,
                              "Actual Startup Time": 175.118,
                              "Actual Total Time": 175.119,
                              "Actual Rows": 184275,
                              "Actual Loops": 6,
                              "Hash Buckets": 2097152,
                              "Original Hash Buckets": 1048576,
                              "Hash Batches": 1,
                              "Original Hash Batches": 1,
                              "Peak Memory Usage": 67968,
                              "Plans": [
                                {
                                  "Node Type": "Seq Scan",
                                  "Parent Relationship": "Outer",
                                  "Parallel Aware": true,
                                  "Relation Name": "movie_companies",
                                  "Alias": "mc",
                                  "Startup Cost": 0.0,
                                  "Total Cost": 31414.82,
                                  "Plan Rows": 299949,
                                  "Plan Width": 4,
                                  "Actual Startup Time": 45.142,
                                  "Actual Total Time": 80.952,
                                  "Actual Rows": 184275,
                                  "Actual Loops": 6,
                                  "Filter": "((company_id > 1621) AND (company_type_id > 1))",
                                  "Rows Removed by Filter": 250580
                                }
                              ]
                            }
                          ]
                        }
                      ]
                    }
                  ]
                }
              ]
            }
          ]
        }
      ]
    },
    "Planning Time": 1.454,
    "Triggers": [],
    "Execution Time": 1110.288
  }
]