[
  {
    "Plan": {
      "Node Type": "Aggregate",
      "Strategy": "Plain",
      "Partial Mode": "Finalize",
      "Parallel Aware": false,
      "Startup Cost": 23201.33,
      "Total Cost": 23201.34,
      "Plan Rows": 1,
      "Plan Width": 8,
      "Actual Startup Time": 40.196,
      "Actual Total Time": 43.94,
      "Actual Rows": 1,
      "Actual Loops": 1,
      "Plans": [
        {
          "Node Type": "Gather",
          "Parent Relationship": "Outer",
          "Parallel Aware": false,
          "Startup Cost": 23201.01,
          "Total Cost": 23201.32,
          "Plan Rows": 3,
          "Plan Width": 8,
          "Actual Startup Time": 39.981,
          "Actual Total Time": 43.932,
          "Actual Rows": 4,
          "Actual Loops": 1,
          "Workers Planned": 3,
          "Workers Launched": 3,
          "Single Copy": false,
          "Plans": [
            {
              "Node Type": "Aggregate",
              "Strategy": "Plain",
              "Partial Mode": "Partial",
              "Parent Relationship": "Outer",
              "Parallel Aware": false,
              "Startup Cost": 22201.01,
              "Total Cost": 22201.02,
              "Plan Rows": 1,
              "Plan Width": 8,
              "Actual Startup Time": 34.658,
              "Actual Total Time": 34.659,
              "Actual Rows": 1,
              "Actual Loops": 4,
              "Plans": [
                {
                  "Node Type": "Bitmap Heap Scan",
                  "Parent Relationship": "Outer",
                  "Parallel Aware": true,
                  "Relation Name": "movie_companies",
                  "Alias": "mc",
                  "Startup Cost": 2788.88,
                  "Total Cost": 22097.32,
                  "Plan Rows": 41475,
                  "Plan Width": 0,
                  "Actual Startup Time": 8.994,
                  "Actual Total Time": 31.453,
                  "Actual Rows": 31097,
                  "Actual Loops": 4,
                  "Recheck Cond": "(company_id > 144121)",
                  "Rows Removed by Index Recheck": 0,
                  "Exact Heap Blocks": 1994,
                  "Lossy Heap Blocks": 0,
                  "Plans": [
                    {
                      "Node Type": "Bitmap Index Scan",
                      "Parent Relationship": "Outer",
                      "Parallel Aware": false,
                      "Index Name": "company_id_movie_companies",
                      "Startup Cost": 0.0,
                      "Total Cost": 2756.73,
                      "Plan Rows": 128574,
                      "Plan Width": 0,
                      "Actual Startup Time": 12.7,
                      "Actual Total Time": 12.7,
                      "Actual Rows": 124387,
                      "Actual Loops": 1,
                      "Index Cond": "(company_id > 144121)"
                    }
                  ]
                }
              ]
            }
          ]
        }
      ]
    },
    "Planning Time": 0.119,
    "Triggers": [],
    "Execution Time": 43.989
  }
]