[
  {
    "Plan": {
      "Node Type": "Aggregate",
      "Strategy": "Plain",
      "Partial Mode": "Finalize",
      "Parallel Aware": false,
      "Startup Cost": 72150.31,
      "Total Cost": 72150.32,
      "Plan Rows": 1,
      "Plan Width": 8,
      "Actual Startup Time": 146.479,
      "Actual Total Time": 159.849,
      "Actual Rows": 1,
      "Actual Loops": 1,
      "Plans": [
        {
          "Node Type": "Gather",
          "Parent Relationship": "Outer",
          "Parallel Aware": false,
          "Startup Cost": 72149.99,
          "Total Cost": 72150.3,
          "Plan Rows": 3,
          "Plan Width": 8,
          "Actual Startup Time": 146.082,
          "Actual Total Time": 159.841,
          "Actual Rows": 4,
          "Actual Loops": 1,
          "Workers Planned": 3,
          "Workers Launched": 3,
          "Single Copy": false,
          "Plans": [
            {
              "Node Type": "Aggregate",
              "Strategy": "Plain",
              "Partial Mode": "Partial",
              "Parent Relationship": "Outer",
              "Parallel Aware": false,
              "Startup Cost": 71149.99,
              "Total Cost": 71150.0,
              "Plan Rows": 1,
              "Plan Width": 8,
              "Actual Startup Time": 136.861,
              "Actual Total Time": 136.865,
              "Actual Rows": 1,
              "Actual Loops": 4,
              "Plans": [
                {
                  "Node Type": "Hash Join",
                  "Parent Relationship": "Outer",
                  "Parallel Aware": true,
                  "Join Type": "Inner",
                  "Startup Cost": 51042.97,
                  "Total Cost": 71147.55,
                  "Plan Rows": 975,
                  "Plan Width": 0,
                  "Actual Startup Time": 108.591,
                  "Actual Total Time": 136.515,
                  "Actual Rows": 5760,
                  "Actual Loops": 4,
                  "Inner Unique": true,
                  "Hash Cond": "(mc.movie_id = t.id)",
                  "Plans": [
                    {
                      "Node Type": "Bitmap Heap Scan",
                      "Parent Relationship": "Outer",
                      "Parallel Aware": true,
                      "Relation Name": "movie_companies",
                      "Alias": "mc",
                      "Startup Cost": 5375.44,
                      "Total Cost": 25372.76,
                      "Plan Rows": 40866,
                      "Plan Width": 4,
                      "Actual Startup Time": 10.37,
                      "Actual Total Time": 27.831,
                      "Actual Rows": 61771,
                      "Actual Loops": 4,
                      "Recheck Cond": "(company_id > 101647)",
                      "Rows Removed by Index Recheck": 0,
                      "Filter": "(company_type_id > 1)",
                      "Rows Removed by Filter": 0,
                      "Exact Heap Blocks": 1624,
                      "Lossy Heap Blocks": 0,
                      "Plans": [
                        {
                          "Node Type": "Bitmap Index Scan",
                          "Parent Relationship": "Outer",
                          "Parallel Aware": false,
                          "Index Name": "company_id_movie_companies",
                          "Startup Cost": 0.0,
                          "Total Cost": 5343.77,
                          "Plan Rows": 249512,
                          "Plan Width": 0,
                          "Actual Startup Time": 9.587,
                          "Actual Total Time": 9.588,
                          "Actual Rows": 247083,
                          "Actual Loops": 1,
                          "Index Cond": "(company_id > 101647)"
                        }
                      ]
                    },
                    {
                      "Node Type": "Hash",
                      "Parent Relationship": "Inner",
                      "Parallel Aware": true,
                      "Startup Cost": 45479.1,
                      "Total Cost": 45479.1,
                      "Plan Rows": 15074,
                      "Plan Width": 4,
                      "Actual Startup Time": 96.785,
                      "Actual Total Time": 96.787,
                      "Actual Rows": 15395,
                      "Actual Loops": 4,
                      "Hash Buckets": 65536,
                      "Original Hash Buckets": 65536,
                      "Hash Batches": 1,
                      "Original Hash Batches": 1,
                      "Peak Memory Usage": 2976,
                      "Plans": [
                        {
                          "Node Type": "Seq Scan",
                          "Parent Relationship": "Outer",
                          "Parallel Aware": true,
                          "Relation Name": "title",
                          "Alias": "t",
                          "Startup Cost": 0.0,
                          "Total Cost": 45479.1,
                          "Plan Rows": 15074,
                          "Plan Width": 4,
                          "Actual Startup Time": 45.473,
                          "Actual Total Time": 92.09,
                          "Actual Rows": 15395,
                          "Actual Loops": 4,
                          "Filter": "((production_year > 2011) AND (kind_id = 1))",
                          "Rows Removed by Filter": 616683
                        }
                      ]
                    }
                  ]
                }
              ]
            }
          ]
        }
      ]
    },
    "Planning Time": 0.67,
    "Triggers": [],
    "Execution Time": 159.94
  }
]