{
  "Plan": {
    "Node Type": "Aggregate",
    "Strategy": "Plain",
    "Partial Mode": "Finalize",
    "Parallel Aware": false,
    "Startup Cost": 78355.83,
    "Total Cost": 78355.84,
    "Plan Rows": 1,
    "Plan Width": 8,
    "Actual Startup Time": 237.168,
    "Actual Total Time": 248.224,
    "Actual Rows": 1,
    "Actual Loops": 1,
    "Plans": [
      {
        "Node Type": "Gather",
        "Parent Relationship": "Outer",
        "Parallel Aware": false,
        "Startup Cost": 78355.72,
        "Total Cost": 78355.83,
        "Plan Rows": 1,
        "Plan Width": 8,
        "Actual Startup Time": 237.011,
        "Actual Total Time": 248.217,
        "Actual Rows": 2,
        "Actual Loops": 1,
        "Workers Planned": 1,
        "Workers Launched": 1,
        "Single Copy": false,
        "Plans": [
          {
            "Node Type": "Aggregate",
            "Strategy": "Plain",
            "Partial Mode": "Partial",
            "Parent Relationship": "Outer",
            "Parallel Aware": false,
            "Startup Cost": 77355.72,
            "Total Cost": 77355.73,
            "Plan Rows": 1,
            "Plan Width": 8,
            "Actual Startup Time": 231.278,
            "Actual Total Time": 231.281,
            "Actual Rows": 1,
            "Actual Loops": 2,
            "Plans": [
              {
                "Node Type": "Hash Join",
                "Parent Relationship": "Outer",
                "Parallel Aware": true,
                "Join Type": "Inner",
                "Startup Cost": 58552.62,
                "Total Cost": 77346.74,
                "Plan Rows": 3591,
                "Plan Width": 0,
                "Actual Startup Time": 150.371,
                "Actual Total Time": 230.92,
                "Actual Rows": 6000,
                "Actual Loops": 2,
                "Inner Unique": true,
                "Hash Cond": "(mi_idx.movie_id = t.id)",
                "Plans": [
                  {
                    "Node Type": "Seq Scan",
                    "Parent Relationship": "Outer",
                    "Parallel Aware": true,
                    "Relation Name": "movie_info_idx",
                    "Alias": "mi_idx",
                    "Startup Cost": 0.0,
                    "Total Cost": 18082.32,
                    "Plan Rows": 271164,
                    "Plan Width": 4,
                    "Actual Startup Time": 0.027,
                    "Actual Total Time": 55.861,
                    "Actual Rows": 230092,
                    "Actual Loops": 2,
                    "Filter": "(info_type_id > 100)",
                    "Rows Removed by Filter": 459925
                  },
                  {
                    "Node Type": "Hash",
                    "Parent Relationship": "Inner",
                    "Parallel Aware": true,
                    "Startup Cost": 58306.47,
                    "Total Cost": 58306.47,
                    "Plan Rows": 19692,
                    "Plan Width": 4,
                    "Actual Startup Time": 148.784,
                    "Actual Total Time": 148.785,
                    "Actual Rows": 14056,
                    "Actual Loops": 2,
                    "Hash Buckets": 65536,
                    "Original Hash Buckets": 65536,
                    "Hash Batches": 1,
                    "Original Hash Batches": 1,
                    "Peak Memory Usage": 1632,
                    "Plans": [
                      {
                        "Node Type": "Seq Scan",
                        "Parent Relationship": "Outer",
                        "Parallel Aware": true,
                        "Relation Name": "title",
                        "Alias": "t",
                        "Startup Cost": 0.0,
                        "Total Cost": 58306.47,
                        "Plan Rows": 19692,
                        "Plan Width": 4,
                        "Actual Startup Time": 0.078,
                        "Actual Total Time": 143.935,
                        "Actual Rows": 14056,
                        "Actual Loops": 2,
                        "Filter": "((kind_id < 7) AND (production_year = 2004))",
                        "Rows Removed by Filter": 1250100
                      }
                    ]
                  }
                ]
              }
            ]
          }
        ]
      }
    ]
  },
  "Planning Time": 0.462,
  "Triggers": [],
  "Execution Time": 248.298
}