[
    {
        "Bao": {
            "Bao prediction": "NaN",
            "Bao recommended hint": "(no hint)"
        }
    },
    {
        "Plan": {
            "Node Type": "Aggregate",
            "Strategy": "Plain",
            "Partial Mode": "Finalize",
            "Parallel Aware": false,
            "Startup Cost": 43767.18,
            "Total Cost": 43767.19,
            "Plan Rows": 1,
            "Plan Width": 8,
            "Actual Startup Time": 142.836,
            "Actual Total Time": 149.515,
            "Actual Rows": 1,
            "Actual Loops": 1,
            "Output": [
                "count(*)"
            ],
            "Plans": [
                {
                    "Node Type": "Gather",
                    "Parent Relationship": "Outer",
                    "Parallel Aware": false,
                    "Startup Cost": 43766.86,
                    "Total Cost": 43767.17,
                    "Plan Rows": 3,
                    "Plan Width": 8,
                    "Actual Startup Time": 142.482,
                    "Actual Total Time": 149.49,
                    "Actual Rows": 4,
                    "Actual Loops": 1,
                    "Output": [
                        "(PARTIAL count(*))"
                    ],
                    "Workers Planned": 3,
                    "Workers Launched": 3,
                    "Single Copy": false,
                    "Plans": [
                        {
                            "Node Type": "Aggregate",
                            "Strategy": "Plain",
                            "Partial Mode": "Partial",
                            "Parent Relationship": "Outer",
                            "Parallel Aware": false,
                            "Startup Cost": 42766.86,
                            "Total Cost": 42766.87,
                            "Plan Rows": 1,
                            "Plan Width": 8,
                            "Actual Startup Time": 134.185,
                            "Actual Total Time": 134.187,
                            "Actual Rows": 1,
                            "Actual Loops": 4,
                            "Output": [
                                "PARTIAL count(*)"
                            ],
                            "Workers": [
                                {
                                    "Worker Number": 0,
                                    "Actual Startup Time": 131.258,
                                    "Actual Total Time": 131.259,
                                    "Actual Rows": 1,
                                    "Actual Loops": 1
                                },
                                {
                                    "Worker Number": 1,
                                    "Actual Startup Time": 131.484,
                                    "Actual Total Time": 131.485,
                                    "Actual Rows": 1,
                                    "Actual Loops": 1
                                },
                                {
                                    "Worker Number": 2,
                                    "Actual Startup Time": 131.797,
                                    "Actual Total Time": 131.799,
                                    "Actual Rows": 1,
                                    "Actual Loops": 1
                                }
                            ],
                            "Plans": [
                                {
                                    "Node Type": "Bitmap Heap Scan",
                                    "Parent Relationship": "Outer",
                                    "Parallel Aware": true,
                                    "Relation Name": "movie_keyword",
                                    "Schema": "public",
                                    "Alias": "mk",
                                    "Startup Cost": 14911.8,
                                    "Total Cost": 42200.02,
                                    "Plan Rows": 226737,
                                    "Plan Width": 0,
                                    "Actual Startup Time": 38.449,
                                    "Actual Total Time": 123.445,
                                    "Actual Rows": 172533,
                                    "Actual Loops": 4,
                                    "Recheck Cond": "(mk.keyword_id > 27312)",
                                    "Rows Removed by Index Recheck": 0,
                                    "Exact Heap Blocks": 10034,
                                    "Lossy Heap Blocks": 0,
                                    "Workers": [
                                        {
                                            "Worker Number": 0,
                                            "Actual Startup Time": 35.746,
                                            "Actual Total Time": 121.303,
                                            "Actual Rows": 116842,
                                            "Actual Loops": 1
                                        },
                                        {
                                            "Worker Number": 1,
                                            "Actual Startup Time": 35.78,
                                            "Actual Total Time": 121.767,
                                            "Actual Rows": 160256,
                                            "Actual Loops": 1
                                        },
                                        {
                                            "Worker Number": 2,
                                            "Actual Startup Time": 36.169,
                                            "Actual Total Time": 121.74,
                                            "Actual Rows": 117953,
                                            "Actual Loops": 1
                                        }
                                    ],
                                    "Plans": [
                                        {
                                            "Node Type": "Bitmap Index Scan",
                                            "Parent Relationship": "Outer",
                                            "Parallel Aware": false,
                                            "Index Name": "keyword_id_movie_keyword",
                                            "Startup Cost": 0.0,
                                            "Total Cost": 14736.08,
                                            "Plan Rows": 702886,
                                            "Plan Width": 0,
                                            "Actual Startup Time": 42.72,
                                            "Actual Total Time": 42.72,
                                            "Actual Rows": 690133,
                                            "Actual Loops": 1,
                                            "Index Cond": "(mk.keyword_id > 27312)"
                                        }
                                    ]
                                }
                            ]
                        }
                    ]
                }
            ]
        },
        "Planning Time": 178.46,
        "Triggers": [],
        "Execution Time": 149.572
    }
]