[
  {
    "Plan": {
      "Node Type": "Aggregate",
      "Strategy": "Plain",
      "Partial Mode": "Finalize",
      "Parallel Aware": false,
      "Startup Cost": 338928.58,
      "Total Cost": 338928.59,
      "Plan Rows": 1,
      "Plan Width": 8,
      "Actual Startup Time": 758.419,
      "Actual Total Time": 816.654,
      "Actual Rows": 1,
      "Actual Loops": 1,
      "Plans": [
        {
          "Node Type": "Gather",
          "Parent Relationship": "Outer",
          "Parallel Aware": false,
          "Startup Cost": 338927.95,
          "Total Cost": 338928.56,
          "Plan Rows": 6,
          "Plan Width": 8,
          "Actual Startup Time": 758.292,
          "Actual Total Time": 816.645,
          "Actual Rows": 7,
          "Actual Loops": 1,
          "Workers Planned": 6,
          "Workers Launched": 6,
          "Single Copy": false,
          "Plans": [
            {
              "Node Type": "Aggregate",
              "Strategy": "Plain",
              "Partial Mode": "Partial",
              "Parent Relationship": "Outer",
              "Parallel Aware": false,
              "Startup Cost": 337927.95,
              "Total Cost": 337927.96,
              "Plan Rows": 1,
              "Plan Width": 8,
              "Actual Startup Time": 749.266,
              "Actual Total Time": 749.267,
              "Actual Rows": 1,
              "Actual Loops": 7,
              "Plans": [
                {
                  "Node Type": "Seq Scan",
                  "Parent Relationship": "Outer",
                  "Parallel Aware": true,
                  "Relation Name": "cast_info",
                  "Alias": "ci",
                  "Startup Cost": 0.0,
                  "Total Cost": 328162.03,
                  "Plan Rows": 3906370,
                  "Plan Width": 0,
                  "Actual Startup Time": 0.043,
                  "Actual Total Time": 606.112,
                  "Actual Rows": 3356535,
                  "Actual Loops": 7,
                  "Filter": "(person_id < 2405486)",
                  "Rows Removed by Filter": 1821229
                }
              ]
            }
          ]
        }
      ]
    },
    "Planning Time": 0.195,
    "Triggers": [],
    "Execution Time": 816.726
  }
]