[
  {
    "Plan": {
      "Node Type": "Aggregate",
      "Strategy": "Plain",
      "Partial Mode": "Finalize",
      "Parallel Aware": false,
      "Startup Cost": 445178.14,
      "Total Cost": 445178.15,
      "Plan Rows": 1,
      "Plan Width": 8,
      "Actual Startup Time": 1444.394,
      "Actual Total Time": 1502.7,
      "Actual Rows": 1,
      "Actual Loops": 1,
      "Plans": [
        {
          "Node Type": "Gather",
          "Parent Relationship": "Outer",
          "Parallel Aware": false,
          "Startup Cost": 445177.52,
          "Total Cost": 445178.13,
          "Plan Rows": 6,
          "Plan Width": 8,
          "Actual Startup Time": 1434.516,
          "Actual Total Time": 1502.686,
          "Actual Rows": 7,
          "Actual Loops": 1,
          "Workers Planned": 6,
          "Workers Launched": 6,
          "Single Copy": false,
          "Plans": [
            {
              "Node Type": "Aggregate",
              "Strategy": "Plain",
              "Partial Mode": "Partial",
              "Parent Relationship": "Outer",
              "Parallel Aware": false,
              "Startup Cost": 444177.52,
              "Total Cost": 444177.53,
              "Plan Rows": 1,
              "Plan Width": 8,
              "Actual Startup Time": 1425.398,
              "Actual Total Time": 1425.524,
              "Actual Rows": 1,
              "Actual Loops": 7,
              "Plans": [
                {
                  "Node Type": "Hash Join",
                  "Parent Relationship": "Outer",
                  "Parallel Aware": true,
                  "Join Type": "Inner",
                  "Startup Cost": 92533.98,
                  "Total Cost": 443072.85,
                  "Plan Rows": 441868,
                  "Plan Width": 0,
                  "Actual Startup Time": 717.21,
                  "Actual Total Time": 1319.866,
                  "Actual Rows": 2239875,
                  "Actual Loops": 7,
                  "Inner Unique": false,
                  "Hash Cond": "(ci.movie_id = t.id)",
                  "Plans": [
                    {
                      "Node Type": "Seq Scan",
                      "Parent Relationship": "Outer",
                      "Parallel Aware": true,
                      "Relation Name": "cast_info",
                      "Alias": "ci",
                      "Startup Cost": 0.0,
                      "Total Cost": 343316.27,
                      "Plan Rows": 1545925,
                      "Plan Width": 4,
                      "Actual Startup Time": 376.334,
                      "Actual Total Time": 658.574,
                      "Actual Rows": 767376,
                      "Actual Loops": 7,
                      "Filter": "((person_id < 2149584) AND (role_id > 2))",
                      "Rows Removed by Filter": 4410387
                    },
                    {
                      "Node Type": "Hash",
                      "Parent Relationship": "Inner",
                      "Parallel Aware": true,
                      "Startup Cost": 89619.89,
                      "Total Cost": 89619.89,
                      "Plan Rows": 233127,
                      "Plan Width": 8,
                      "Actual Startup Time": 338.49,
                      "Actual Total Time": 338.615,
                      "Actual Rows": 173500,
                      "Actual Loops": 7,
                      "Hash Buckets": 2097152,
                      "Original Hash Buckets": 1048576,
                      "Hash Batches": 1,
                      "Original Hash Batches": 1,
                      "Peak Memory Usage": 72192,
                      "Plans": [
                        {
                          "Node Type": "Hash Join",
                          "Parent Relationship": "Outer",
                          "Parallel Aware": true,
                          "Join Type": "Inner",
                          "Startup Cost": 46741.81,
                          "Total Cost": 89619.89,
                          "Plan Rows": 233127,
                          "Plan Width": 8,
                          "Actual Startup Time": 124.987,
                          "Actual Total Time": 243.93,
                          "Actual Rows": 173500,
                          "Actual Loops": 7,
                          "Inner Unique": true,
                          "Hash Cond": "(mk.movie_id = t.id)",
                          "Plans": [
                            {
                              "Node Type": "Seq Scan",
                              "Parent Relationship": "Outer",
                              "Parallel Aware": true,
                              "Relation Name": "movie_keyword",
                              "Alias": "mk",
                              "Startup Cost": 0.0,
                              "Total Cost": 39047.32,
                              "Plan Rows": 1459332,
                              "Plan Width": 4,
                              "Actual Startup Time": 0.037,
                              "Actual Total Time": 63.571,
                              "Actual Rows": 646276,
                              "Actual Loops": 7
                            },
                            {
                              "Node Type": "Hash",
                              "Parent Relationship": "Inner",
                              "Parallel Aware": true,
                              "Startup Cost": 45479.59,
                              "Total Cost": 45479.59,
                              "Plan Rows": 100978,
                              "Plan Width": 4,
                              "Actual Startup Time": 100.782,
                              "Actual Total Time": 100.784,
                              "Actual Rows": 42395,
                              "Actual Loops": 7,
                              "Hash Buckets": 524288,
                              "Original Hash Buckets": 524288,
                              "Hash Batches": 1,
                              "Original Hash Batches": 1,
                              "Peak Memory Usage": 15840,
                              "Plans": [
                                {
                                  "Node Type": "Seq Scan",
                                  "Parent Relationship": "Outer",
                                  "Parallel Aware": true,
                                  "Relation Name": "title",
                                  "Alias": "t",
                                  "Startup Cost": 0.0,
                                  "Total Cost": 45479.59,
                                  "Plan Rows": 100978,
                                  "Plan Width": 4,
                                  "Actual Startup Time": 42.692,
                                  "Actual Total Time": 80.144,
                                  "Actual Rows": 42395,
                                  "Actual Loops": 7,
                                  "Filter": "((production_year > 1997) AND (kind_id = 1))",
                                  "Rows Removed by Filter": 318792
                                }
                              ]
                            }
                          ]
                        }
                      ]
                    }
                  ]
                }
              ]
            }
          ]
        }
      ]
    },
    "Planning Time": 0.523,
    "Triggers": [],
    "Execution Time": 1502.766
  }
]