[
  {
    "Plan": {
      "Node Type": "Aggregate",
      "Strategy": "Plain",
      "Partial Mode": "Finalize",
      "Parallel Aware": false,
      "Startup Cost": 116779.18,
      "Total Cost": 116779.19,
      "Plan Rows": 1,
      "Plan Width": 8,
      "Actual Startup Time": 966.909,
      "Actual Total Time": 991.112,
      "Actual Rows": 1,
      "Actual Loops": 1,
      "Plans": [
        {
          "Node Type": "Gather",
          "Parent Relationship": "Outer",
          "Parallel Aware": false,
          "Startup Cost": 116778.87,
          "Total Cost": 116779.18,
          "Plan Rows": 3,
          "Plan Width": 8,
          "Actual Startup Time": 966.02,
          "Actual Total Time": 991.103,
          "Actual Rows": 4,
          "Actual Loops": 1,
          "Workers Planned": 3,
          "Workers Launched": 3,
          "Single Copy": false,
          "Plans": [
            {
              "Node Type": "Aggregate",
              "Strategy": "Plain",
              "Partial Mode": "Partial",
              "Parent Relationship": "Outer",
              "Parallel Aware": false,
              "Startup Cost": 115778.87,
              "Total Cost": 115778.88,
              "Plan Rows": 1,
              "Plan Width": 8,
              "Actual Startup Time": 956.687,
              "Actual Total Time": 956.775,
              "Actual Rows": 1,
              "Actual Loops": 4,
              "Plans": [
                {
                  "Node Type": "Nested Loop",
                  "Parent Relationship": "Outer",
                  "Parallel Aware": false,
                  "Join Type": "Inner",
                  "Startup Cost": 45727.77,
                  "Total Cost": 115677.36,
                  "Plan Rows": 40602,
                  "Plan Width": 0,
                  "Actual Startup Time": 119.049,
                  "Actual Total Time": 915.437,
                  "Actual Rows": 901501,
                  "Actual Loops": 4,
                  "Inner Unique": false,
                  "Join Filter": "(t.id = mc.movie_id)",
                  "Rows Removed by Join Filter": 0,
                  "Plans": [
                    {
                      "Node Type": "Hash Join",
                      "Parent Relationship": "Outer",
                      "Parallel Aware": true,
                      "Join Type": "Inner",
                      "Startup Cost": 45727.34,
                      "Total Cost": 91710.15,
                      "Plan Rows": 39344,
                      "Plan Width": 8,
                      "Actual Startup Time": 118.971,
                      "Actual Total Time": 332.381,
                      "Actual Rows": 135842,
                      "Actual Loops": 4,
                      "Inner Unique": true,
                      "Hash Cond": "(mk.movie_id = t.id)",
                      "Plans": [
                        {
                          "Node Type": "Seq Scan",
                          "Parent Relationship": "Outer",
                          "Parallel Aware": true,
                          "Relation Name": "movie_keyword",
                          "Alias": "mk",
                          "Startup Cost": 0.0,
                          "Total Cost": 42695.65,
                          "Plan Rows": 1252252,
                          "Plan Width": 4,
                          "Actual Startup Time": 0.026,
                          "Actual Total Time": 117.167,
                          "Actual Rows": 974274,
                          "Actual Loops": 4,
                          "Filter": "(keyword_id < 29289)",
                          "Rows Removed by Filter": 156709
                        },
                        {
                          "Node Type": "Hash",
                          "Parent Relationship": "Inner",
                          "Parallel Aware": true,
                          "Startup Cost": 45479.1,
                          "Total Cost": 45479.1,
                          "Plan Rows": 19859,
                          "Plan Width": 4,
                          "Actual Startup Time": 117.005,
                          "Actual Total Time": 117.006,
                          "Actual Rows": 45954,
                          "Actual Loops": 4,
                          "Hash Buckets": 262144,
                          "Original Hash Buckets": 131072,
                          "Hash Batches": 1,
                          "Original Hash Batches": 1,
                          "Peak Memory Usage": 10336,
                          "Plans": [
                            {
                              "Node Type": "Seq Scan",
                              "Parent Relationship": "Outer",
                              "Parallel Aware": true,
                              "Relation Name": "title",
                              "Alias": "t",
                              "Startup Cost": 0.0,
                              "Total Cost": 45479.1,
                              "Plan Rows": 19859,
                              "Plan Width": 4,
                              "Actual Startup Time": 0.308,
                              "Actual Total Time": 98.617,
                              "Actual Rows": 45954,
                              "Actual Loops": 4,
                              "Filter": "((kind_id < 7) AND (production_year < 1957))",
                              "Rows Removed by Filter": 586124
                            }
                          ]
                        }
                      ]
                    },
                    {
                      "Node Type": "Index Only Scan",
                      "Parent Relationship": "Inner",
                      "Parallel Aware": false,
                      "Scan Direction": "Forward",
                      "Index Name": "movie_id_movie_companies",
                      "Relation Name": "movie_companies",
                      "Alias": "mc",
                      "Startup Cost": 0.43,
                      "Total Cost": 0.55,
                      "Plan Rows": 5,
                      "Plan Width": 4,
                      "Actual Startup Time": 0.002,
                      "Actual Total Time": 0.004,
                      "Actual Rows": 7,
                      "Actual Loops": 543369,
                      "Index Cond": "(movie_id = mk.movie_id)",
                      "Rows Removed by Index Recheck": 0,
                      "Heap Fetches": 3606005
                    }
                  ]
                }
              ]
            }
          ]
        }
      ]
    },
    "Planning Time": 1.422,
    "Triggers": [],
    "Execution Time": 991.2
  }
]