[
  {
    "Plan": {
      "Node Type": "Aggregate",
      "Strategy": "Plain",
      "Partial Mode": "Finalize",
      "Parallel Aware": false,
      "Startup Cost": 83672.12,
      "Total Cost": 83672.13,
      "Plan Rows": 1,
      "Plan Width": 8,
      "Actual Startup Time": 394.036,
      "Actual Total Time": 408.934,
      "Actual Rows": 1,
      "Actual Loops": 1,
      "Plans": [
        {
          "Node Type": "Gather",
          "Parent Relationship": "Outer",
          "Parallel Aware": false,
          "Startup Cost": 83671.7,
          "Total Cost": 83672.11,
          "Plan Rows": 4,
          "Plan Width": 8,
          "Actual Startup Time": 390.662,
          "Actual Total Time": 408.924,
          "Actual Rows": 5,
          "Actual Loops": 1,
          "Workers Planned": 4,
          "Workers Launched": 4,
          "Single Copy": false,
          "Plans": [
            {
              "Node Type": "Aggregate",
              "Strategy": "Plain",
              "Partial Mode": "Partial",
              "Parent Relationship": "Outer",
              "Parallel Aware": false,
              "Startup Cost": 82671.7,
              "Total Cost": 82671.71,
              "Plan Rows": 1,
              "Plan Width": 8,
              "Actual Startup Time": 381.917,
              "Actual Total Time": 381.92,
              "Actual Rows": 1,
              "Actual Loops": 5,
              "Plans": [
                {
                  "Node Type": "Hash Join",
                  "Parent Relationship": "Outer",
                  "Parallel Aware": true,
                  "Join Type": "Inner",
                  "Startup Cost": 34414.13,
                  "Total Cost": 82365.98,
                  "Plan Rows": 122288,
                  "Plan Width": 0,
                  "Actual Startup Time": 159.391,
                  "Actual Total Time": 377.626,
                  "Actual Rows": 74906,
                  "Actual Loops": 5,
                  "Inner Unique": false,
                  "Hash Cond": "(t.id = mc.movie_id)",
                  "Plans": [
                    {
                      "Node Type": "Seq Scan",
                      "Parent Relationship": "Outer",
                      "Parallel Aware": true,
                      "Relation Name": "title",
                      "Alias": "t",
                      "Startup Cost": 0.0,
                      "Total Cost": 45479.1,
                      "Plan Rows": 415657,
                      "Plan Width": 4,
                      "Actual Startup Time": 0.014,
                      "Actual Total Time": 91.005,
                      "Actual Rows": 353682,
                      "Actual Loops": 5,
                      "Filter": "((kind_id > 1) AND (production_year > 1956))",
                      "Rows Removed by Filter": 151980
                    },
                    {
                      "Node Type": "Hash",
                      "Parent Relationship": "Inner",
                      "Parallel Aware": true,
                      "Startup Cost": 31414.82,
                      "Total Cost": 31414.82,
                      "Plan Rows": 239945,
                      "Plan Width": 4,
                      "Actual Startup Time": 155.12,
                      "Actual Total Time": 155.121,
                      "Actual Rows": 192592,
                      "Actual Loops": 5,
                      "Hash Buckets": 1048576,
                      "Original Hash Buckets": 1048576,
                      "Hash Batches": 1,
                      "Original Hash Batches": 1,
                      "Peak Memory Usage": 45952,
                      "Plans": [
                        {
                          "Node Type": "Seq Scan",
                          "Parent Relationship": "Outer",
                          "Parallel Aware": true,
                          "Relation Name": "movie_companies",
                          "Alias": "mc",
                          "Startup Cost": 0.0,
                          "Total Cost": 31414.82,
                          "Plan Rows": 239945,
                          "Plan Width": 4,
                          "Actual Startup Time": 48.87,
                          "Actual Total Time": 89.591,
                          "Actual Rows": 192592,
                          "Actual Loops": 5,
                          "Filter": "((company_id > 8681) AND (company_type_id > 1))",
                          "Rows Removed by Filter": 329233
                        }
                      ]
                    }
                  ]
                }
              ]
            }
          ]
        }
      ]
    },
    "Planning Time": 0.58,
    "Triggers": [],
    "Execution Time": 409.002
  }
]