[
  {
    "Plan": {
      "Node Type": "Aggregate",
      "Strategy": "Plain",
      "Partial Mode": "Finalize",
      "Parallel Aware": false,
      "Startup Cost": 360656.88,
      "Total Cost": 360656.89,
      "Plan Rows": 1,
      "Plan Width": 8,
      "Actual Startup Time": 536.799,
      "Actual Total Time": 601.854,
      "Actual Rows": 1,
      "Actual Loops": 1,
      "Plans": [
        {
          "Node Type": "Gather",
          "Parent Relationship": "Outer",
          "Parallel Aware": false,
          "Startup Cost": 360656.46,
          "Total Cost": 360656.87,
          "Plan Rows": 4,
          "Plan Width": 8,
          "Actual Startup Time": 536.406,
          "Actual Total Time": 601.841,
          "Actual Rows": 5,
          "Actual Loops": 1,
          "Workers Planned": 4,
          "Workers Launched": 4,
          "Single Copy": false,
          "Plans": [
            {
              "Node Type": "Aggregate",
              "Strategy": "Plain",
              "Partial Mode": "Partial",
              "Parent Relationship": "Outer",
              "Parallel Aware": false,
              "Startup Cost": 359656.46,
              "Total Cost": 359656.47,
              "Plan Rows": 1,
              "Plan Width": 8,
              "Actual Startup Time": 529.387,
              "Actual Total Time": 529.389,
              "Actual Rows": 1,
              "Actual Loops": 5,
              "Plans": [
                {
                  "Node Type": "Nested Loop",
                  "Parent Relationship": "Outer",
                  "Parallel Aware": false,
                  "Join Type": "Inner",
                  "Startup Cost": 0.56,
                  "Total Cost": 359548.51,
                  "Plan Rows": 43180,
                  "Plan Width": 0,
                  "Actual Startup Time": 22.207,
                  "Actual Total Time": 526.799,
                  "Actual Rows": 34540,
                  "Actual Loops": 5,
                  "Inner Unique": false,
                  "Plans": [
                    {
                      "Node Type": "Seq Scan",
                      "Parent Relationship": "Outer",
                      "Parallel Aware": true,
                      "Relation Name": "title",
                      "Alias": "t",
                      "Startup Cost": 0.0,
                      "Total Cost": 45479.59,
                      "Plan Rows": 13138,
                      "Plan Width": 4,
                      "Actual Startup Time": 21.347,
                      "Actual Total Time": 83.812,
                      "Actual Rows": 28660,
                      "Actual Loops": 5,
                      "Filter": "((kind_id < 7) AND (production_year < 1941))",
                      "Rows Removed by Filter": 477003
                    },
                    {
                      "Node Type": "Index Scan",
                      "Parent Relationship": "Inner",
                      "Parallel Aware": false,
                      "Scan Direction": "Forward",
                      "Index Name": "movie_id_cast_info",
                      "Relation Name": "cast_info",
                      "Alias": "ci",
                      "Startup Cost": 0.56,
                      "Total Cost": 23.83,
                      "Plan Rows": 8,
                      "Plan Width": 4,
                      "Actual Startup Time": 0.013,
                      "Actual Total Time": 0.015,
                      "Actual Rows": 1,
                      "Actual Loops": 143299,
                      "Index Cond": "(movie_id = t.id)",
                      "Rows Removed by Index Recheck": 0,
                      "Filter": "(person_id > 2857082)",
                      "Rows Removed by Filter": 6
                    }
                  ]
                }
              ]
            }
          ]
        }
      ]
    },
    "Planning Time": 0.671,
    "Triggers": [],
    "Execution Time": 601.946
  }
]