[
  {
    "Plan": {
      "Node Type": "Aggregate",
      "Strategy": "Plain",
      "Partial Mode": "Finalize",
      "Parallel Aware": false,
      "Startup Cost": 364082.56,
      "Total Cost": 364082.57,
      "Plan Rows": 1,
      "Plan Width": 8,
      "Actual Startup Time": 505.25,
      "Actual Total Time": 566.61,
      "Actual Rows": 1,
      "Actual Loops": 1,
      "Plans": [
        {
          "Node Type": "Gather",
          "Parent Relationship": "Outer",
          "Parallel Aware": false,
          "Startup Cost": 364082.14,
          "Total Cost": 364082.55,
          "Plan Rows": 4,
          "Plan Width": 8,
          "Actual Startup Time": 505.105,
          "Actual Total Time": 566.6,
          "Actual Rows": 5,
          "Actual Loops": 1,
          "Workers Planned": 4,
          "Workers Launched": 4,
          "Single Copy": false,
          "Plans": [
            {
              "Node Type": "Aggregate",
              "Strategy": "Plain",
              "Partial Mode": "Partial",
              "Parent Relationship": "Outer",
              "Parallel Aware": false,
              "Startup Cost": 363082.14,
              "Total Cost": 363082.15,
              "Plan Rows": 1,
              "Plan Width": 8,
              "Actual Startup Time": 497.859,
              "Actual Total Time": 497.86,
              "Actual Rows": 1,
              "Actual Loops": 5,
              "Plans": [
                {
                  "Node Type": "Nested Loop",
                  "Parent Relationship": "Outer",
                  "Parallel Aware": false,
                  "Join Type": "Inner",
                  "Startup Cost": 0.56,
                  "Total Cost": 362967.93,
                  "Plan Rows": 45684,
                  "Plan Width": 0,
                  "Actual Startup Time": 21.23,
                  "Actual Total Time": 495.178,
                  "Actual Rows": 34540,
                  "Actual Loops": 5,
                  "Inner Unique": false,
                  "Plans": [
                    {
                      "Node Type": "Seq Scan",
                      "Parent Relationship": "Outer",
                      "Parallel Aware": true,
                      "Relation Name": "title",
                      "Alias": "t",
                      "Startup Cost": 0.0,
                      "Total Cost": 45479.1,
                      "Plan Rows": 13838,
                      "Plan Width": 4,
                      "Actual Startup Time": 13.294,
                      "Actual Total Time": 81.323,
                      "Actual Rows": 28660,
                      "Actual Loops": 5,
                      "Filter": "((kind_id < 7) AND (production_year < 1941))",
                      "Rows Removed by Filter": 477003
                    },
                    {
                      "Node Type": "Index Scan",
                      "Parent Relationship": "Inner",
                      "Parallel Aware": false,
                      "Scan Direction": "Forward",
                      "Index Name": "movie_id_cast_info",
                      "Relation Name": "cast_info",
                      "Alias": "ci",
                      "Startup Cost": 0.56,
                      "Total Cost": 22.86,
                      "Plan Rows": 8,
                      "Plan Width": 4,
                      "Actual Startup Time": 0.012,
                      "Actual Total Time": 0.014,
                      "Actual Rows": 1,
                      "Actual Loops": 143299,
                      "Index Cond": "(movie_id = t.id)",
                      "Rows Removed by Index Recheck": 0,
                      "Filter": "(person_id > 2857082)",
                      "Rows Removed by Filter": 6
                    }
                  ]
                }
              ]
            }
          ]
        }
      ]
    },
    "Planning Time": 0.668,
    "Triggers": [],
    "Execution Time": 566.704
  }
]