[
  {
    "Plan": {
      "Node Type": "Aggregate",
      "Strategy": "Plain",
      "Partial Mode": "Finalize",
      "Parallel Aware": false,
      "Startup Cost": 46418.76,
      "Total Cost": 46418.77,
      "Plan Rows": 1,
      "Plan Width": 8,
      "Actual Startup Time": 197.267,
      "Actual Total Time": 206.443,
      "Actual Rows": 1,
      "Actual Loops": 1,
      "Plans": [
        {
          "Node Type": "Gather",
          "Parent Relationship": "Outer",
          "Parallel Aware": false,
          "Startup Cost": 46418.44,
          "Total Cost": 46418.75,
          "Plan Rows": 3,
          "Plan Width": 8,
          "Actual Startup Time": 197.149,
          "Actual Total Time": 206.435,
          "Actual Rows": 4,
          "Actual Loops": 1,
          "Workers Planned": 3,
          "Workers Launched": 3,
          "Single Copy": false,
          "Plans": [
            {
              "Node Type": "Aggregate",
              "Strategy": "Plain",
              "Partial Mode": "Partial",
              "Parent Relationship": "Outer",
              "Parallel Aware": false,
              "Startup Cost": 45418.44,
              "Total Cost": 45418.45,
              "Plan Rows": 1,
              "Plan Width": 8,
              "Actual Startup Time": 188.842,
              "Actual Total Time": 188.843,
              "Actual Rows": 1,
              "Actual Loops": 4,
              "Plans": [
                {
                  "Node Type": "Seq Scan",
                  "Parent Relationship": "Outer",
                  "Parallel Aware": true,
                  "Relation Name": "movie_keyword",
                  "Alias": "mk",
                  "Startup Cost": 0.0,
                  "Total Cost": 42695.65,
                  "Plan Rows": 1089115,
                  "Plan Width": 0,
                  "Actual Startup Time": 0.135,
                  "Actual Total Time": 141.5,
                  "Actual Rows": 842473,
                  "Actual Loops": 4,
                  "Filter": "(keyword_id > 1337)",
                  "Rows Removed by Filter": 288510
                }
              ]
            }
          ]
        }
      ]
    },
    "Planning Time": 0.153,
    "Triggers": [],
    "Execution Time": 206.493
  }
]