[
    {
        "Bao": {
            "Bao prediction": "NaN",
            "Bao recommended hint": "(no hint)"
        }
    },
    {
        "Plan": {
            "Node Type": "Aggregate",
            "Strategy": "Plain",
            "Partial Mode": "Finalize",
            "Parallel Aware": false,
            "Startup Cost": 46789.59,
            "Total Cost": 46789.6,
            "Plan Rows": 1,
            "Plan Width": 8,
            "Actual Startup Time": 92.589,
            "Actual Total Time": 99.66,
            "Actual Rows": 1,
            "Actual Loops": 1,
            "Output": [
                "count(*)"
            ],
            "Plans": [
                {
                    "Node Type": "Gather",
                    "Parent Relationship": "Outer",
                    "Parallel Aware": false,
                    "Startup Cost": 46789.17,
                    "Total Cost": 46789.58,
                    "Plan Rows": 4,
                    "Plan Width": 8,
                    "Actual Startup Time": 92.47,
                    "Actual Total Time": 99.653,
                    "Actual Rows": 5,
                    "Actual Loops": 1,
                    "Output": [
                        "(PARTIAL count(*))"
                    ],
                    "Workers Planned": 4,
                    "Workers Launched": 4,
                    "Single Copy": false,
                    "Plans": [
                        {
                            "Node Type": "Aggregate",
                            "Strategy": "Plain",
                            "Partial Mode": "Partial",
                            "Parent Relationship": "Outer",
                            "Parallel Aware": false,
                            "Startup Cost": 45789.17,
                            "Total Cost": 45789.18,
                            "Plan Rows": 1,
                            "Plan Width": 8,
                            "Actual Startup Time": 83.77,
                            "Actual Total Time": 83.771,
                            "Actual Rows": 1,
                            "Actual Loops": 5,
                            "Output": [
                                "PARTIAL count(*)"
                            ],
                            "Workers": [
                                {
                                    "Worker Number": 0,
                                    "Actual Startup Time": 81.505,
                                    "Actual Total Time": 81.506,
                                    "Actual Rows": 1,
                                    "Actual Loops": 1
                                },
                                {
                                    "Worker Number": 1,
                                    "Actual Startup Time": 81.01,
                                    "Actual Total Time": 81.01,
                                    "Actual Rows": 1,
                                    "Actual Loops": 1
                                },
                                {
                                    "Worker Number": 2,
                                    "Actual Startup Time": 81.956,
                                    "Actual Total Time": 81.957,
                                    "Actual Rows": 1,
                                    "Actual Loops": 1
                                },
                                {
                                    "Worker Number": 3,
                                    "Actual Startup Time": 82.223,
                                    "Actual Total Time": 82.225,
                                    "Actual Rows": 1,
                                    "Actual Loops": 1
                                }
                            ],
                            "Plans": [
                                {
                                    "Node Type": "Seq Scan",
                                    "Parent Relationship": "Outer",
                                    "Parallel Aware": true,
                                    "Relation Name": "title",
                                    "Schema": "public",
                                    "Alias": "t",
                                    "Startup Cost": 0.0,
                                    "Total Cost": 45479.21,
                                    "Plan Rows": 123984,
                                    "Plan Width": 0,
                                    "Actual Startup Time": 0.048,
                                    "Actual Total Time": 79.664,
                                    "Actual Rows": 75126,
                                    "Actual Loops": 5,
                                    "Output": [
                                        "id",
                                        "title",
                                        "imdb_index",
                                        "kind_id",
                                        "production_year",
                                        "imdb_id",
                                        "phonetic_code",
                                        "episode_of_id",
                                        "season_nr",
                                        "episode_nr",
                                        "series_years",
                                        "md5sum"
                                    ],
                                    "Filter": "((t.kind_id < 3) AND (t.production_year > 1994))",
                                    "Rows Removed by Filter": 430536,
                                    "Workers": [
                                        {
                                            "Worker Number": 0,
                                            "Actual Startup Time": 0.058,
                                            "Actual Total Time": 77.685,
                                            "Actual Rows": 69227,
                                            "Actual Loops": 1
                                        },
                                        {
                                            "Worker Number": 1,
                                            "Actual Startup Time": 0.056,
                                            "Actual Total Time": 76.9,
                                            "Actual Rows": 47191,
                                            "Actual Loops": 1
                                        },
                                        {
                                            "Worker Number": 2,
                                            "Actual Startup Time": 0.061,
                                            "Actual Total Time": 78.068,
                                            "Actual Rows": 70405,
                                            "Actual Loops": 1
                                        },
                                        {
                                            "Worker Number": 3,
                                            "Actual Startup Time": 0.049,
                                            "Actual Total Time": 78.449,
                                            "Actual Rows": 69439,
                                            "Actual Loops": 1
                                        }
                                    ]
                                }
                            ]
                        }
                    ]
                }
            ]
        },
        "Planning Time": 206.253,
        "Triggers": [],
        "Execution Time": 99.706
    }
]