{
  "Plan": {
    "Node Type": "Aggregate",
    "Strategy": "Plain",
    "Partial Mode": "Finalize",
    "Parallel Aware": false,
    "Startup Cost": 336003.02,
    "Total Cost": 336003.03,
    "Plan Rows": 1,
    "Plan Width": 8,
    "Actual Startup Time": 2557.083,
    "Actual Total Time": 2614.442,
    "Actual Rows": 1,
    "Actual Loops": 1,
    "Plans": [
      {
        "Node Type": "Gather",
        "Parent Relationship": "Outer",
        "Parallel Aware": false,
        "Startup Cost": 336002.91,
        "Total Cost": 336003.02,
        "Plan Rows": 1,
        "Plan Width": 8,
        "Actual Startup Time": 2554.958,
        "Actual Total Time": 2614.432,
        "Actual Rows": 2,
        "Actual Loops": 1,
        "Workers Planned": 1,
        "Workers Launched": 1,
        "Single Copy": false,
        "Plans": [
          {
            "Node Type": "Aggregate",
            "Strategy": "Plain",
            "Partial Mode": "Partial",
            "Parent Relationship": "Outer",
            "Parallel Aware": false,
            "Startup Cost": 335002.91,
            "Total Cost": 335002.92,
            "Plan Rows": 1,
            "Plan Width": 8,
            "Actual Startup Time": 2549.567,
            "Actual Total Time": 2549.57,
            "Actual Rows": 1,
            "Actual Loops": 2,
            "Plans": [
              {
                "Node Type": "Hash Join",
                "Parent Relationship": "Outer",
                "Parallel Aware": true,
                "Join Type": "Inner",
                "Startup Cost": 58566.81,
                "Total Cost": 330350.3,
                "Plan Rows": 1861041,
                "Plan Width": 0,
                "Actual Startup Time": 262.332,
                "Actual Total Time": 2433.809,
                "Actual Rows": 2344822,
                "Actual Loops": 2,
                "Inner Unique": true,
                "Hash Cond": "(mi.movie_id = t.id)",
                "Plans": [
                  {
                    "Node Type": "Seq Scan",
                    "Parent Relationship": "Outer",
                    "Parallel Aware": true,
                    "Relation Name": "movie_info",
                    "Alias": "mi",
                    "Startup Cost": 0.0,
                    "Total Cost": 248955.74,
                    "Plan Rows": 8696274,
                    "Plan Width": 4,
                    "Actual Startup Time": 0.011,
                    "Actual Total Time": 750.9,
                    "Actual Rows": 7417860,
                    "Actual Loops": 2
                  },
                  {
                    "Node Type": "Hash",
                    "Parent Relationship": "Inner",
                    "Parallel Aware": true,
                    "Startup Cost": 54588.39,
                    "Total Cost": 54588.39,
                    "Plan Rows": 318274,
                    "Plan Width": 4,
                    "Actual Startup Time": 250.972,
                    "Actual Total Time": 250.973,
                    "Actual Rows": 276480,
                    "Actual Loops": 2,
                    "Hash Buckets": 1048576,
                    "Original Hash Buckets": 1048576,
                    "Hash Batches": 1,
                    "Original Hash Batches": 1,
                    "Peak Memory Usage": 29856,
                    "Plans": [
                      {
                        "Node Type": "Seq Scan",
                        "Parent Relationship": "Outer",
                        "Parallel Aware": true,
                        "Relation Name": "title",
                        "Alias": "t",
                        "Startup Cost": 0.0,
                        "Total Cost": 54588.39,
                        "Plan Rows": 318274,
                        "Plan Width": 4,
                        "Actual Startup Time": 0.033,
                        "Actual Total Time": 167.55,
                        "Actual Rows": 276480,
                        "Actual Loops": 2,
                        "Filter": "(production_year < 1983)",
                        "Rows Removed by Filter": 987676
                      }
                    ]
                  }
                ]
              }
            ]
          }
        ]
      }
    ]
  },
  "Planning Time": 0.556,
  "Triggers": [],
  "Execution Time": 2614.522
}