[
  {
    "Plan": {
      "Node Type": "Aggregate",
      "Strategy": "Plain",
      "Partial Mode": "Finalize",
      "Parallel Aware": false,
      "Startup Cost": 222913.22,
      "Total Cost": 222913.23,
      "Plan Rows": 1,
      "Plan Width": 8,
      "Actual Startup Time": 1385.962,
      "Actual Total Time": 1417.229,
      "Actual Rows": 1,
      "Actual Loops": 1,
      "Plans": [
        {
          "Node Type": "Gather",
          "Parent Relationship": "Outer",
          "Parallel Aware": false,
          "Startup Cost": 222912.7,
          "Total Cost": 222913.21,
          "Plan Rows": 5,
          "Plan Width": 8,
          "Actual Startup Time": 1366.726,
          "Actual Total Time": 1417.219,
          "Actual Rows": 6,
          "Actual Loops": 1,
          "Workers Planned": 5,
          "Workers Launched": 5,
          "Single Copy": false,
          "Plans": [
            {
              "Node Type": "Aggregate",
              "Strategy": "Plain",
              "Partial Mode": "Partial",
              "Parent Relationship": "Outer",
              "Parallel Aware": false,
              "Startup Cost": 221912.7,
              "Total Cost": 221912.71,
              "Plan Rows": 1,
              "Plan Width": 8,
              "Actual Startup Time": 1357.035,
              "Actual Total Time": 1357.806,
              "Actual Rows": 1,
              "Actual Loops": 6,
              "Plans": [
                {
                  "Node Type": "Hash Join",
                  "Parent Relationship": "Outer",
                  "Parallel Aware": true,
                  "Join Type": "Inner",
                  "Startup Cost": 100280.93,
                  "Total Cost": 220828.52,
                  "Plan Rows": 433670,
                  "Plan Width": 0,
                  "Actual Startup Time": 570.135,
                  "Actual Total Time": 1205.602,
                  "Actual Rows": 2809287,
                  "Actual Loops": 6,
                  "Inner Unique": false,
                  "Hash Cond": "(ci.movie_id = t.id)",
                  "Plans": [
                    {
                      "Node Type": "Index Scan",
                      "Parent Relationship": "Outer",
                      "Parallel Aware": true,
                      "Scan Direction": "Forward",
                      "Index Name": "role_id_cast_info",
                      "Relation Name": "cast_info",
                      "Alias": "ci",
                      "Startup Cost": 0.56,
                      "Total Cost": 115902.88,
                      "Plan Rows": 865691,
                      "Plan Width": 4,
                      "Actual Startup Time": 0.158,
                      "Actual Total Time": 171.87,
                      "Actual Rows": 720503,
                      "Actual Loops": 6,
                      "Index Cond": "(role_id = 10)",
                      "Rows Removed by Index Recheck": 0
                    },
                    {
                      "Node Type": "Hash",
                      "Parent Relationship": "Inner",
                      "Parallel Aware": true,
                      "Startup Cost": 95173.02,
                      "Total Cost": 95173.02,
                      "Plan Rows": 408587,
                      "Plan Width": 8,
                      "Actual Startup Time": 566.365,
                      "Actual Total Time": 567.135,
                      "Actual Rows": 221816,
                      "Actual Loops": 6,
                      "Hash Buckets": 2097152,
                      "Original Hash Buckets": 2097152,
                      "Hash Batches": 1,
                      "Original Hash Batches": 1,
                      "Peak Memory Usage": 68544,
                      "Plans": [
                        {
                          "Node Type": "Hash Join",
                          "Parent Relationship": "Outer",
                          "Parallel Aware": true,
                          "Join Type": "Inner",
                          "Startup Cost": 51338.15,
                          "Total Cost": 95173.02,
                          "Plan Rows": 408587,
                          "Plan Width": 8,
                          "Actual Startup Time": 325.963,
                          "Actual Total Time": 484.643,
                          "Actual Rows": 221816,
                          "Actual Loops": 6,
                          "Inner Unique": true,
                          "Hash Cond": "(mk.movie_id = t.id)",
                          "Plans": [
                            {
                              "Node Type": "Seq Scan",
                              "Parent Relationship": "Outer",
                              "Parallel Aware": true,
                              "Relation Name": "movie_keyword",
                              "Alias": "mk",
                              "Startup Cost": 0.0,
                              "Total Cost": 42695.65,
                              "Plan Rows": 433990,
                              "Plan Width": 4,
                              "Actual Startup Time": 0.771,
                              "Actual Total Time": 89.02,
                              "Actual Rows": 224356,
                              "Actual Loops": 6,
                              "Filter": "(keyword_id > 12672)",
                              "Rows Removed by Filter": 529632
                            },
                            {
                              "Node Type": "Hash",
                              "Parent Relationship": "Inner",
                              "Parallel Aware": true,
                              "Startup Cost": 43899.32,
                              "Total Cost": 43899.32,
                              "Plan Rows": 595106,
                              "Plan Width": 4,
                              "Actual Startup Time": 320.634,
                              "Actual Total Time": 320.635,
                              "Actual Rows": 396392,
                              "Actual Loops": 6,
                              "Hash Buckets": 4194304,
                              "Original Hash Buckets": 4194304,
                              "Hash Batches": 1,
                              "Original Hash Batches": 1,
                              "Peak Memory Usage": 125920,
                              "Plans": [
                                {
                                  "Node Type": "Seq Scan",
                                  "Parent Relationship": "Outer",
                                  "Parallel Aware": true,
                                  "Relation Name": "title",
                                  "Alias": "t",
                                  "Startup Cost": 0.0,
                                  "Total Cost": 43899.32,
                                  "Plan Rows": 595106,
                                  "Plan Width": 4,
                                  "Actual Startup Time": 0.061,
                                  "Actual Total Time": 105.921,
                                  "Actual Rows": 396392,
                                  "Actual Loops": 6,
                                  "Filter": "(production_year > 1917)",
                                  "Rows Removed by Filter": 24993
                                }
                              ]
                            }
                          ]
                        }
                      ]
                    }
                  ]
                }
              ]
            }
          ]
        }
      ]
    },
    "Planning Time": 0.515,
    "Triggers": [],
    "Execution Time": 1417.278
  }
]