{
  "Plan": {
    "Node Type": "Aggregate",
    "Strategy": "Plain",
    "Partial Mode": "Finalize",
    "Parallel Aware": false,
    "Startup Cost": 647426.73,
    "Total Cost": 647426.74,
    "Plan Rows": 1,
    "Plan Width": 8,
    "Actual Startup Time": 3313.929,
    "Actual Total Time": 3386.159,
    "Actual Rows": 1,
    "Actual Loops": 1,
    "Plans": [
      {
        "Node Type": "Gather",
        "Parent Relationship": "Outer",
        "Parallel Aware": false,
        "Startup Cost": 647426.62,
        "Total Cost": 647426.73,
        "Plan Rows": 1,
        "Plan Width": 8,
        "Actual Startup Time": 3313.349,
        "Actual Total Time": 3386.15,
        "Actual Rows": 2,
        "Actual Loops": 1,
        "Workers Planned": 1,
        "Workers Launched": 1,
        "Single Copy": false,
        "Plans": [
          {
            "Node Type": "Aggregate",
            "Strategy": "Plain",
            "Partial Mode": "Partial",
            "Parent Relationship": "Outer",
            "Parallel Aware": false,
            "Startup Cost": 646426.62,
            "Total Cost": 646426.63,
            "Plan Rows": 1,
            "Plan Width": 8,
            "Actual Startup Time": 3307.535,
            "Actual Total Time": 3307.541,
            "Actual Rows": 1,
            "Actual Loops": 2,
            "Plans": [
              {
                "Node Type": "Hash Join",
                "Parent Relationship": "Outer",
                "Parallel Aware": true,
                "Join Type": "Inner",
                "Startup Cost": 577851.16,
                "Total Cost": 646267.82,
                "Plan Rows": 63520,
                "Plan Width": 0,
                "Actual Startup Time": 3064.705,
                "Actual Total Time": 3299.887,
                "Actual Rows": 184272,
                "Actual Loops": 2,
                "Inner Unique": false,
                "Hash Cond": "(mk.movie_id = t.id)",
                "Plans": [
                  {
                    "Node Type": "Seq Scan",
                    "Parent Relationship": "Outer",
                    "Parallel Aware": true,
                    "Relation Name": "movie_keyword",
                    "Alias": "mk",
                    "Startup Cost": 0.0,
                    "Total Cost": 57718.19,
                    "Plan Rows": 825986,
                    "Plan Width": 4,
                    "Actual Startup Time": 1.098,
                    "Actual Total Time": 160.934,
                    "Actual Rows": 703822,
                    "Actual Loops": 2,
                    "Filter": "(keyword_id > 11879)",
                    "Rows Removed by Filter": 1558142
                  },
                  {
                    "Node Type": "Hash",
                    "Parent Relationship": "Inner",
                    "Parallel Aware": true,
                    "Startup Cost": 576421.52,
                    "Total Cost": 576421.52,
                    "Plan Rows": 114371,
                    "Plan Width": 8,
                    "Actual Startup Time": 3058.877,
                    "Actual Total Time": 3058.882,
                    "Actual Rows": 105864,
                    "Actual Loops": 2,
                    "Hash Buckets": 262144,
                    "Original Hash Buckets": 262144,
                    "Hash Batches": 1,
                    "Original Hash Batches": 1,
                    "Peak Memory Usage": 10336,
                    "Plans": [
                      {
                        "Node Type": "Hash Join",
                        "Parent Relationship": "Outer",
                        "Parallel Aware": true,
                        "Join Type": "Inner",
                        "Startup Cost": 54688.16,
                        "Total Cost": 576421.52,
                        "Plan Rows": 114371,
                        "Plan Width": 8,
                        "Actual Startup Time": 134.09,
                        "Actual Total Time": 3024.844,
                        "Actual Rows": 105864,
                        "Actual Loops": 2,
                        "Inner Unique": true,
                        "Hash Cond": "(ci.movie_id = t.id)",
                        "Plans": [
                          {
                            "Node Type": "Seq Scan",
                            "Parent Relationship": "Outer",
                            "Parallel Aware": true,
                            "Relation Name": "cast_info",
                            "Alias": "ci",
                            "Startup Cost": 0.0,
                            "Total Cost": 465792.95,
                            "Plan Rows": 21310595,
                            "Plan Width": 4,
                            "Actual Startup Time": 0.014,
                            "Actual Total Time": 1290.371,
                            "Actual Rows": 18122172,
                            "Actual Loops": 2
                          },
                          {
                            "Node Type": "Hash",
                            "Parent Relationship": "Inner",
                            "Parallel Aware": true,
                            "Startup Cost": 54588.39,
                            "Total Cost": 54588.39,
                            "Plan Rows": 7982,
                            "Plan Width": 4,
                            "Actual Startup Time": 133.791,
                            "Actual Total Time": 133.792,
                            "Actual Rows": 7214,
                            "Actual Loops": 2,
                            "Hash Buckets": 16384,
                            "Original Hash Buckets": 16384,
                            "Hash Batches": 1,
                            "Original Hash Batches": 1,
                            "Peak Memory Usage": 736,
                            "Plans": [
                              {
                                "Node Type": "Seq Scan",
                                "Parent Relationship": "Outer",
                                "Parallel Aware": true,
                                "Relation Name": "title",
                                "Alias": "t",
                                "Startup Cost": 0.0,
                                "Total Cost": 54588.39,
                                "Plan Rows": 7982,
                                "Plan Width": 4,
                                "Actual Startup Time": 0.112,
                                "Actual Total Time": 131.275,
                                "Actual Rows": 7214,
                                "Actual Loops": 2,
                                "Filter": "(production_year = 1978)",
                                "Rows Removed by Filter": 1256942
                              }
                            ]
                          }
                        ]
                      }
                    ]
                  }
                ]
              }
            ]
          }
        ]
      }
    ]
  },
  "Planning Time": 0.949,
  "Triggers": [],
  "Execution Time": 3386.254
}