[
  {
    "Plan": {
      "Node Type": "Aggregate",
      "Strategy": "Plain",
      "Partial Mode": "Finalize",
      "Parallel Aware": false,
      "Startup Cost": 47106.71,
      "Total Cost": 47106.72,
      "Plan Rows": 1,
      "Plan Width": 8,
      "Actual Startup Time": 196.28,
      "Actual Total Time": 206.381,
      "Actual Rows": 1,
      "Actual Loops": 1,
      "Plans": [
        {
          "Node Type": "Gather",
          "Parent Relationship": "Outer",
          "Parallel Aware": false,
          "Startup Cost": 47106.39,
          "Total Cost": 47106.7,
          "Plan Rows": 3,
          "Plan Width": 8,
          "Actual Startup Time": 196.117,
          "Actual Total Time": 206.371,
          "Actual Rows": 4,
          "Actual Loops": 1,
          "Workers Planned": 3,
          "Workers Launched": 3,
          "Single Copy": false,
          "Plans": [
            {
              "Node Type": "Aggregate",
              "Strategy": "Plain",
              "Partial Mode": "Partial",
              "Parent Relationship": "Outer",
              "Parallel Aware": false,
              "Startup Cost": 46106.39,
              "Total Cost": 46106.4,
              "Plan Rows": 1,
              "Plan Width": 8,
              "Actual Startup Time": 188.985,
              "Actual Total Time": 188.987,
              "Actual Rows": 1,
              "Actual Loops": 4,
              "Plans": [
                {
                  "Node Type": "Seq Scan",
                  "Parent Relationship": "Outer",
                  "Parallel Aware": true,
                  "Relation Name": "movie_keyword",
                  "Alias": "mk",
                  "Startup Cost": 0.0,
                  "Total Cost": 42695.65,
                  "Plan Rows": 1364295,
                  "Plan Width": 0,
                  "Actual Startup Time": 0.051,
                  "Actual Total Time": 136.065,
                  "Actual Rows": 1056338,
                  "Actual Loops": 4,
                  "Filter": "(keyword_id < 54093)",
                  "Rows Removed by Filter": 74645
                }
              ]
            }
          ]
        }
      ]
    },
    "Planning Time": 0.086,
    "Triggers": [],
    "Execution Time": 206.408
  }
]