[
    {
        "Bao": {
            "Bao prediction": "NaN",
            "Bao recommended hint": "(no hint)"
        }
    },
    {
        "Plan": {
            "Node Type": "Aggregate",
            "Strategy": "Plain",
            "Partial Mode": "Finalize",
            "Parallel Aware": false,
            "Startup Cost": 348898.07,
            "Total Cost": 348898.08,
            "Plan Rows": 1,
            "Plan Width": 8,
            "Actual Startup Time": 618.362,
            "Actual Total Time": 659.837,
            "Actual Rows": 1,
            "Actual Loops": 1,
            "Output": [
                "count(*)"
            ],
            "Plans": [
                {
                    "Node Type": "Gather",
                    "Parent Relationship": "Outer",
                    "Parallel Aware": false,
                    "Startup Cost": 348897.44,
                    "Total Cost": 348898.05,
                    "Plan Rows": 6,
                    "Plan Width": 8,
                    "Actual Startup Time": 618.25,
                    "Actual Total Time": 659.829,
                    "Actual Rows": 7,
                    "Actual Loops": 1,
                    "Output": [
                        "(PARTIAL count(*))"
                    ],
                    "Workers Planned": 6,
                    "Workers Launched": 6,
                    "Single Copy": false,
                    "Plans": [
                        {
                            "Node Type": "Aggregate",
                            "Strategy": "Plain",
                            "Partial Mode": "Partial",
                            "Parent Relationship": "Outer",
                            "Parallel Aware": false,
                            "Startup Cost": 347897.44,
                            "Total Cost": 347897.45,
                            "Plan Rows": 1,
                            "Plan Width": 8,
                            "Actual Startup Time": 608.003,
                            "Actual Total Time": 608.004,
                            "Actual Rows": 1,
                            "Actual Loops": 7,
                            "Output": [
                                "PARTIAL count(*)"
                            ],
                            "Workers": [
                                {
                                    "Worker Number": 0,
                                    "Actual Startup Time": 605.347,
                                    "Actual Total Time": 605.349,
                                    "Actual Rows": 1,
                                    "Actual Loops": 1
                                },
                                {
                                    "Worker Number": 1,
                                    "Actual Startup Time": 606.024,
                                    "Actual Total Time": 606.025,
                                    "Actual Rows": 1,
                                    "Actual Loops": 1
                                },
                                {
                                    "Worker Number": 2,
                                    "Actual Startup Time": 606.371,
                                    "Actual Total Time": 606.373,
                                    "Actual Rows": 1,
                                    "Actual Loops": 1
                                },
                                {
                                    "Worker Number": 3,
                                    "Actual Startup Time": 606.466,
                                    "Actual Total Time": 606.466,
                                    "Actual Rows": 1,
                                    "Actual Loops": 1
                                },
                                {
                                    "Worker Number": 4,
                                    "Actual Startup Time": 606.787,
                                    "Actual Total Time": 606.788,
                                    "Actual Rows": 1,
                                    "Actual Loops": 1
                                },
                                {
                                    "Worker Number": 5,
                                    "Actual Startup Time": 607.09,
                                    "Actual Total Time": 607.091,
                                    "Actual Rows": 1,
                                    "Actual Loops": 1
                                }
                            ],
                            "Plans": [
                                {
                                    "Node Type": "Seq Scan",
                                    "Parent Relationship": "Outer",
                                    "Parallel Aware": true,
                                    "Relation Name": "cast_info",
                                    "Schema": "public",
                                    "Alias": "ci",
                                    "Startup Cost": 0.0,
                                    "Total Cost": 343318.94,
                                    "Plan Rows": 1831400,
                                    "Plan Width": 0,
                                    "Actual Startup Time": 214.493,
                                    "Actual Total Time": 578.121,
                                    "Actual Rows": 673964,
                                    "Actual Loops": 7,
                                    "Output": [
                                        "id",
                                        "person_id",
                                        "movie_id",
                                        "person_role_id",
                                        "note",
                                        "nr_order",
                                        "role_id"
                                    ],
                                    "Filter": "((ci.person_id < 1669652) AND (ci.role_id > 1))",
                                    "Rows Removed by Filter": 4503799,
                                    "Workers": [
                                        {
                                            "Worker Number": 0,
                                            "Actual Startup Time": 216.006,
                                            "Actual Total Time": 575.058,
                                            "Actual Rows": 437742,
                                            "Actual Loops": 1
                                        },
                                        {
                                            "Worker Number": 1,
                                            "Actual Startup Time": 211.816,
                                            "Actual Total Time": 577.38,
                                            "Actual Rows": 676105,
                                            "Actual Loops": 1
                                        },
                                        {
                                            "Worker Number": 2,
                                            "Actual Startup Time": 211.035,
                                            "Actual Total Time": 577.624,
                                            "Actual Rows": 677322,
                                            "Actual Loops": 1
                                        },
                                        {
                                            "Worker Number": 3,
                                            "Actual Startup Time": 213.113,
                                            "Actual Total Time": 577.782,
                                            "Actual Rows": 675624,
                                            "Actual Loops": 1
                                        },
                                        {
                                            "Worker Number": 4,
                                            "Actual Startup Time": 212.204,
                                            "Actual Total Time": 578.577,
                                            "Actual Rows": 663449,
                                            "Actual Loops": 1
                                        },
                                        {
                                            "Worker Number": 5,
                                            "Actual Startup Time": 211.457,
                                            "Actual Total Time": 578.964,
                                            "Actual Rows": 657235,
                                            "Actual Loops": 1
                                        }
                                    ]
                                }
                            ]
                        }
                    ]
                }
            ]
        },
        "Planning Time": 179.587,
        "Triggers": [],
        "Execution Time": 659.888
    }
]