[
  {
    "Plan": {
      "Node Type": "Aggregate",
      "Strategy": "Plain",
      "Partial Mode": "Finalize",
      "Parallel Aware": false,
      "Startup Cost": 79566.04,
      "Total Cost": 79566.05,
      "Plan Rows": 1,
      "Plan Width": 8,
      "Actual Startup Time": 248.377,
      "Actual Total Time": 264.096,
      "Actual Rows": 1,
      "Actual Loops": 1,
      "Plans": [
        {
          "Node Type": "Gather",
          "Parent Relationship": "Outer",
          "Parallel Aware": false,
          "Startup Cost": 79565.72,
          "Total Cost": 79566.03,
          "Plan Rows": 3,
          "Plan Width": 8,
          "Actual Startup Time": 246.332,
          "Actual Total Time": 264.089,
          "Actual Rows": 4,
          "Actual Loops": 1,
          "Workers Planned": 3,
          "Workers Launched": 3,
          "Single Copy": false,
          "Plans": [
            {
              "Node Type": "Aggregate",
              "Strategy": "Plain",
              "Partial Mode": "Partial",
              "Parent Relationship": "Outer",
              "Parallel Aware": false,
              "Startup Cost": 78565.72,
              "Total Cost": 78565.73,
              "Plan Rows": 1,
              "Plan Width": 8,
              "Actual Startup Time": 237.195,
              "Actual Total Time": 237.198,
              "Actual Rows": 1,
              "Actual Loops": 4,
              "Plans": [
                {
                  "Node Type": "Hash Join",
                  "Parent Relationship": "Outer",
                  "Parallel Aware": true,
                  "Join Type": "Inner",
                  "Startup Cost": 46496.62,
                  "Total Cost": 78494.24,
                  "Plan Rows": 28593,
                  "Plan Width": 0,
                  "Actual Startup Time": 161.549,
                  "Actual Total Time": 236.738,
                  "Actual Rows": 10969,
                  "Actual Loops": 4,
                  "Inner Unique": true,
                  "Hash Cond": "(mc.movie_id = t.id)",
                  "Plans": [
                    {
                      "Node Type": "Seq Scan",
                      "Parent Relationship": "Outer",
                      "Parallel Aware": true,
                      "Relation Name": "movie_companies",
                      "Alias": "mc",
                      "Startup Cost": 0.0,
                      "Total Cost": 31414.82,
                      "Plan Rows": 222019,
                      "Plan Width": 4,
                      "Actual Startup Time": 30.712,
                      "Actual Total Time": 66.012,
                      "Actual Rows": 232488,
                      "Actual Loops": 4,
                      "Filter": "((company_id > 11147) AND (company_type_id > 1))",
                      "Rows Removed by Filter": 419794
                    },
                    {
                      "Node Type": "Hash",
                      "Parent Relationship": "Inner",
                      "Parallel Aware": true,
                      "Startup Cost": 45479.1,
                      "Total Cost": 45479.1,
                      "Plan Rows": 81402,
                      "Plan Width": 4,
                      "Actual Startup Time": 127.212,
                      "Actual Total Time": 127.212,
                      "Actual Rows": 87384,
                      "Actual Loops": 4,
                      "Hash Buckets": 524288,
                      "Original Hash Buckets": 524288,
                      "Hash Batches": 1,
                      "Original Hash Batches": 1,
                      "Peak Memory Usage": 17856,
                      "Plans": [
                        {
                          "Node Type": "Seq Scan",
                          "Parent Relationship": "Outer",
                          "Parallel Aware": true,
                          "Relation Name": "title",
                          "Alias": "t",
                          "Startup Cost": 0.0,
                          "Total Cost": 45479.1,
                          "Plan Rows": 81402,
                          "Plan Width": 4,
                          "Actual Startup Time": 0.039,
                          "Actual Total Time": 96.79,
                          "Actual Rows": 87384,
                          "Actual Loops": 4,
                          "Filter": "((production_year > 2009) AND (kind_id = 7))",
                          "Rows Removed by Filter": 544694
                        }
                      ]
                    }
                  ]
                }
              ]
            }
          ]
        }
      ]
    },
    "Planning Time": 0.73,
    "Triggers": [],
    "Execution Time": 264.171
  }
]