[
    {
        "Bao": {
            "Bao prediction": "NaN",
            "Bao recommended hint": "(no hint)"
        }
    },
    {
        "Plan": {
            "Node Type": "Aggregate",
            "Strategy": "Plain",
            "Partial Mode": "Finalize",
            "Parallel Aware": false,
            "Startup Cost": 25882.5,
            "Total Cost": 25882.51,
            "Plan Rows": 1,
            "Plan Width": 8,
            "Actual Startup Time": 86.036,
            "Actual Total Time": 89.884,
            "Actual Rows": 1,
            "Actual Loops": 1,
            "Output": [
                "count(*)"
            ],
            "Plans": [
                {
                    "Node Type": "Gather",
                    "Parent Relationship": "Outer",
                    "Parallel Aware": false,
                    "Startup Cost": 25882.18,
                    "Total Cost": 25882.49,
                    "Plan Rows": 3,
                    "Plan Width": 8,
                    "Actual Startup Time": 85.742,
                    "Actual Total Time": 89.876,
                    "Actual Rows": 4,
                    "Actual Loops": 1,
                    "Output": [
                        "(PARTIAL count(*))"
                    ],
                    "Workers Planned": 3,
                    "Workers Launched": 3,
                    "Single Copy": false,
                    "Plans": [
                        {
                            "Node Type": "Aggregate",
                            "Strategy": "Plain",
                            "Partial Mode": "Partial",
                            "Parent Relationship": "Outer",
                            "Parallel Aware": false,
                            "Startup Cost": 24882.18,
                            "Total Cost": 24882.19,
                            "Plan Rows": 1,
                            "Plan Width": 8,
                            "Actual Startup Time": 76.594,
                            "Actual Total Time": 76.596,
                            "Actual Rows": 1,
                            "Actual Loops": 4,
                            "Output": [
                                "PARTIAL count(*)"
                            ],
                            "Workers": [
                                {
                                    "Worker Number": 0,
                                    "Actual Startup Time": 73.57,
                                    "Actual Total Time": 73.572,
                                    "Actual Rows": 1,
                                    "Actual Loops": 1
                                },
                                {
                                    "Worker Number": 1,
                                    "Actual Startup Time": 73.893,
                                    "Actual Total Time": 73.894,
                                    "Actual Rows": 1,
                                    "Actual Loops": 1
                                },
                                {
                                    "Worker Number": 2,
                                    "Actual Startup Time": 73.837,
                                    "Actual Total Time": 73.839,
                                    "Actual Rows": 1,
                                    "Actual Loops": 1
                                }
                            ],
                            "Plans": [
                                {
                                    "Node Type": "Bitmap Heap Scan",
                                    "Parent Relationship": "Outer",
                                    "Parallel Aware": true,
                                    "Relation Name": "movie_companies",
                                    "Schema": "public",
                                    "Alias": "mc",
                                    "Startup Cost": 4980.68,
                                    "Total Cost": 24696.93,
                                    "Plan Rows": 74100,
                                    "Plan Width": 0,
                                    "Actual Startup Time": 28.79,
                                    "Actual Total Time": 72.186,
                                    "Actual Rows": 57401,
                                    "Actual Loops": 4,
                                    "Recheck Cond": "(mc.company_id < 92)",
                                    "Rows Removed by Index Recheck": 0,
                                    "Exact Heap Blocks": 10430,
                                    "Lossy Heap Blocks": 0,
                                    "Workers": [
                                        {
                                            "Worker Number": 0,
                                            "Actual Startup Time": 25.741,
                                            "Actual Total Time": 70.015,
                                            "Actual Rows": 25694,
                                            "Actual Loops": 1
                                        },
                                        {
                                            "Worker Number": 1,
                                            "Actual Startup Time": 26.238,
                                            "Actual Total Time": 70.151,
                                            "Actual Rows": 28709,
                                            "Actual Loops": 1
                                        },
                                        {
                                            "Worker Number": 2,
                                            "Actual Startup Time": 26.208,
                                            "Actual Total Time": 70.073,
                                            "Actual Rows": 29511,
                                            "Actual Loops": 1
                                        }
                                    ],
                                    "Plans": [
                                        {
                                            "Node Type": "Bitmap Index Scan",
                                            "Parent Relationship": "Outer",
                                            "Parallel Aware": false,
                                            "Index Name": "company_id_movie_companies",
                                            "Startup Cost": 0.0,
                                            "Total Cost": 4923.26,
                                            "Plan Rows": 229710,
                                            "Plan Width": 0,
                                            "Actual Startup Time": 32.509,
                                            "Actual Total Time": 32.509,
                                            "Actual Rows": 229604,
                                            "Actual Loops": 1,
                                            "Index Cond": "(mc.company_id < 92)"
                                        }
                                    ]
                                }
                            ]
                        }
                    ]
                }
            ]
        },
        "Planning Time": 177.777,
        "Triggers": [],
        "Execution Time": 89.993
    }
]