[
  {
    "Plan": {
      "Node Type": "Aggregate",
      "Strategy": "Plain",
      "Partial Mode": "Finalize",
      "Parallel Aware": false,
      "Startup Cost": 46770.16,
      "Total Cost": 46770.17,
      "Plan Rows": 1,
      "Plan Width": 8,
      "Actual Startup Time": 105.846,
      "Actual Total Time": 118.803,
      "Actual Rows": 1,
      "Actual Loops": 1,
      "Plans": [
        {
          "Node Type": "Gather",
          "Parent Relationship": "Outer",
          "Parallel Aware": false,
          "Startup Cost": 46769.74,
          "Total Cost": 46770.15,
          "Plan Rows": 4,
          "Plan Width": 8,
          "Actual Startup Time": 105.656,
          "Actual Total Time": 118.791,
          "Actual Rows": 5,
          "Actual Loops": 1,
          "Workers Planned": 4,
          "Workers Launched": 4,
          "Single Copy": false,
          "Plans": [
            {
              "Node Type": "Aggregate",
              "Strategy": "Plain",
              "Partial Mode": "Partial",
              "Parent Relationship": "Outer",
              "Parallel Aware": false,
              "Startup Cost": 45769.74,
              "Total Cost": 45769.75,
              "Plan Rows": 1,
              "Plan Width": 8,
              "Actual Startup Time": 99.881,
              "Actual Total Time": 99.883,
              "Actual Rows": 1,
              "Actual Loops": 5,
              "Plans": [
                {
                  "Node Type": "Seq Scan",
                  "Parent Relationship": "Outer",
                  "Parallel Aware": true,
                  "Relation Name": "title",
                  "Alias": "t",
                  "Startup Cost": 0.0,
                  "Total Cost": 45479.59,
                  "Plan Rows": 116060,
                  "Plan Width": 0,
                  "Actual Startup Time": 0.034,
                  "Actual Total Time": 95.604,
                  "Actual Rows": 67441,
                  "Actual Loops": 5,
                  "Filter": "((kind_id > 1) AND (production_year < 1988))",
                  "Rows Removed by Filter": 438221
                }
              ]
            }
          ]
        }
      ]
    },
    "Planning Time": 0.109,
    "Triggers": [],
    "Execution Time": 118.846
  }
]