[
  {
    "Plan": {
      "Node Type": "Aggregate",
      "Strategy": "Plain",
      "Partial Mode": "Finalize",
      "Parallel Aware": false,
      "Startup Cost": 225913.12,
      "Total Cost": 225913.13,
      "Plan Rows": 1,
      "Plan Width": 8,
      "Actual Startup Time": 620.472,
      "Actual Total Time": 648.89,
      "Actual Rows": 1,
      "Actual Loops": 1,
      "Plans": [
        {
          "Node Type": "Gather",
          "Parent Relationship": "Outer",
          "Parallel Aware": false,
          "Startup Cost": 225912.8,
          "Total Cost": 225913.11,
          "Plan Rows": 3,
          "Plan Width": 8,
          "Actual Startup Time": 617.414,
          "Actual Total Time": 648.881,
          "Actual Rows": 4,
          "Actual Loops": 1,
          "Workers Planned": 3,
          "Workers Launched": 3,
          "Single Copy": false,
          "Plans": [
            {
              "Node Type": "Aggregate",
              "Strategy": "Plain",
              "Partial Mode": "Partial",
              "Parent Relationship": "Outer",
              "Parallel Aware": false,
              "Startup Cost": 224912.8,
              "Total Cost": 224912.81,
              "Plan Rows": 1,
              "Plan Width": 8,
              "Actual Startup Time": 604.403,
              "Actual Total Time": 604.408,
              "Actual Rows": 1,
              "Actual Loops": 4,
              "Plans": [
                {
                  "Node Type": "Nested Loop",
                  "Parent Relationship": "Outer",
                  "Parallel Aware": false,
                  "Join Type": "Inner",
                  "Startup Cost": 49416.55,
                  "Total Cost": 223980.64,
                  "Plan Rows": 372863,
                  "Plan Width": 0,
                  "Actual Startup Time": 260.923,
                  "Actual Total Time": 589.848,
                  "Actual Rows": 319288,
                  "Actual Loops": 4,
                  "Inner Unique": false,
                  "Plans": [
                    {
                      "Node Type": "Hash Join",
                      "Parent Relationship": "Outer",
                      "Parallel Aware": true,
                      "Join Type": "Inner",
                      "Startup Cost": 49416.11,
                      "Total Cost": 81165.51,
                      "Plan Rows": 63502,
                      "Plan Width": 8,
                      "Actual Startup Time": 260.794,
                      "Actual Total Time": 358.76,
                      "Actual Rows": 37334,
                      "Actual Loops": 4,
                      "Inner Unique": true,
                      "Hash Cond": "(mc.movie_id = t.id)",
                      "Plans": [
                        {
                          "Node Type": "Seq Scan",
                          "Parent Relationship": "Outer",
                          "Parallel Aware": true,
                          "Relation Name": "movie_companies",
                          "Alias": "mc",
                          "Startup Cost": 0.0,
                          "Total Cost": 31414.82,
                          "Plan Rows": 127460,
                          "Plan Width": 4,
                          "Actual Startup Time": 28.766,
                          "Actual Total Time": 65.829,
                          "Actual Rows": 176784,
                          "Actual Loops": 4,
                          "Filter": "((company_id > 34677) AND (company_type_id = 2))",
                          "Rows Removed by Filter": 475498
                        },
                        {
                          "Node Type": "Hash",
                          "Parent Relationship": "Inner",
                          "Parallel Aware": true,
                          "Startup Cost": 45479.59,
                          "Total Cost": 45479.59,
                          "Plan Rows": 314922,
                          "Plan Width": 4,
                          "Actual Startup Time": 224.358,
                          "Actual Total Time": 224.359,
                          "Actual Rows": 305384,
                          "Actual Loops": 4,
                          "Hash Buckets": 2097152,
                          "Original Hash Buckets": 2097152,
                          "Hash Batches": 1,
                          "Original Hash Batches": 1,
                          "Peak Memory Usage": 64224,
                          "Plans": [
                            {
                              "Node Type": "Seq Scan",
                              "Parent Relationship": "Outer",
                              "Parallel Aware": true,
                              "Relation Name": "title",
                              "Alias": "t",
                              "Startup Cost": 0.0,
                              "Total Cost": 45479.59,
                              "Plan Rows": 314922,
                              "Plan Width": 4,
                              "Actual Startup Time": 0.054,
                              "Actual Total Time": 105.432,
                              "Actual Rows": 305384,
                              "Actual Loops": 4,
                              "Filter": "((production_year < 2011) AND (kind_id = 7))",
                              "Rows Removed by Filter": 326694
                            }
                          ]
                        }
                      ]
                    },
                    {
                      "Node Type": "Index Only Scan",
                      "Parent Relationship": "Inner",
                      "Parallel Aware": false,
                      "Scan Direction": "Forward",
                      "Index Name": "movie_id_movie_info",
                      "Relation Name": "movie_info",
                      "Alias": "mi",
                      "Startup Cost": 0.43,
                      "Total Cost": 1.84,
                      "Plan Rows": 41,
                      "Plan Width": 4,
                      "Actual Startup Time": 0.002,
                      "Actual Total Time": 0.005,
                      "Actual Rows": 9,
                      "Actual Loops": 149336,
                      "Index Cond": "(movie_id = t.id)",
                      "Rows Removed by Index Recheck": 0,
                      "Heap Fetches": 1277150
                    }
                  ]
                }
              ]
            }
          ]
        }
      ]
    },
    "Planning Time": 1.45,
    "Triggers": [],
    "Execution Time": 648.979
  }
]