[
  {
    "Plan": {
      "Node Type": "Aggregate",
      "Strategy": "Plain",
      "Partial Mode": "Finalize",
      "Parallel Aware": false,
      "Startup Cost": 120952.34,
      "Total Cost": 120952.35,
      "Plan Rows": 1,
      "Plan Width": 8,
      "Actual Startup Time": 511.499,
      "Actual Total Time": 534.084,
      "Actual Rows": 1,
      "Actual Loops": 1,
      "Plans": [
        {
          "Node Type": "Gather",
          "Parent Relationship": "Outer",
          "Parallel Aware": false,
          "Startup Cost": 120952.02,
          "Total Cost": 120952.33,
          "Plan Rows": 3,
          "Plan Width": 8,
          "Actual Startup Time": 505.289,
          "Actual Total Time": 534.07,
          "Actual Rows": 4,
          "Actual Loops": 1,
          "Workers Planned": 3,
          "Workers Launched": 3,
          "Single Copy": false,
          "Plans": [
            {
              "Node Type": "Aggregate",
              "Strategy": "Plain",
              "Partial Mode": "Partial",
              "Parent Relationship": "Outer",
              "Parallel Aware": false,
              "Startup Cost": 119952.02,
              "Total Cost": 119952.03,
              "Plan Rows": 1,
              "Plan Width": 8,
              "Actual Startup Time": 497.222,
              "Actual Total Time": 497.23,
              "Actual Rows": 1,
              "Actual Loops": 4,
              "Plans": [
                {
                  "Node Type": "Hash Join",
                  "Parent Relationship": "Outer",
                  "Parallel Aware": true,
                  "Join Type": "Inner",
                  "Startup Cost": 88839.63,
                  "Total Cost": 119839.14,
                  "Plan Rows": 45153,
                  "Plan Width": 0,
                  "Actual Startup Time": 393.613,
                  "Actual Total Time": 494.965,
                  "Actual Rows": 52361,
                  "Actual Loops": 4,
                  "Inner Unique": false,
                  "Hash Cond": "(mc.movie_id = t.id)",
                  "Plans": [
                    {
                      "Node Type": "Seq Scan",
                      "Parent Relationship": "Outer",
                      "Parallel Aware": true,
                      "Relation Name": "movie_companies",
                      "Alias": "mc",
                      "Startup Cost": 0.0,
                      "Total Cost": 29310.68,
                      "Plan Rows": 411513,
                      "Plan Width": 4,
                      "Actual Startup Time": 0.025,
                      "Actual Total Time": 63.834,
                      "Actual Rows": 318562,
                      "Actual Loops": 4,
                      "Filter": "(company_type_id = 1)",
                      "Rows Removed by Filter": 333721
                    },
                    {
                      "Node Type": "Hash",
                      "Parent Relationship": "Inner",
                      "Parallel Aware": true,
                      "Startup Cost": 87720.95,
                      "Total Cost": 87720.95,
                      "Plan Rows": 89494,
                      "Plan Width": 8,
                      "Actual Startup Time": 391.064,
                      "Actual Total Time": 391.07,
                      "Actual Rows": 41415,
                      "Actual Loops": 4,
                      "Hash Buckets": 524288,
                      "Original Hash Buckets": 524288,
                      "Hash Batches": 1,
                      "Original Hash Batches": 1,
                      "Peak Memory Usage": 10656,
                      "Plans": [
                        {
                          "Node Type": "Hash Join",
                          "Parent Relationship": "Outer",
                          "Parallel Aware": true,
                          "Join Type": "Inner",
                          "Startup Cost": 60729.51,
                          "Total Cost": 87720.95,
                          "Plan Rows": 89494,
                          "Plan Width": 8,
                          "Actual Startup Time": 273.809,
                          "Actual Total Time": 370.889,
                          "Actual Rows": 41415,
                          "Actual Loops": 4,
                          "Inner Unique": true,
                          "Hash Cond": "(mk.movie_id = t.id)",
                          "Plans": [
                            {
                              "Node Type": "Bitmap Heap Scan",
                              "Parent Relationship": "Outer",
                              "Parallel Aware": true,
                              "Relation Name": "movie_keyword",
                              "Alias": "mk",
                              "Startup Cost": 11034.98,
                              "Total Cost": 37586.04,
                              "Plan Rows": 167765,
                              "Plan Width": 4,
                              "Actual Startup Time": 29.94,
                              "Actual Total Time": 84.787,
                              "Actual Rows": 130220,
                              "Actual Loops": 4,
                              "Recheck Cond": "(keyword_id < 382)",
                              "Rows Removed by Index Recheck": 0,
                              "Exact Heap Blocks": 7280,
                              "Lossy Heap Blocks": 0,
                              "Plans": [
                                {
                                  "Node Type": "Bitmap Index Scan",
                                  "Parent Relationship": "Outer",
                                  "Parallel Aware": false,
                                  "Index Name": "keyword_id_movie_keyword",
                                  "Startup Cost": 0.0,
                                  "Total Cost": 10904.97,
                                  "Plan Rows": 520071,
                                  "Plan Width": 0,
                                  "Actual Startup Time": 26.434,
                                  "Actual Total Time": 26.434,
                                  "Actual Rows": 520878,
                                  "Actual Loops": 1,
                                  "Index Cond": "(keyword_id < 382)"
                                }
                              ]
                            },
                            {
                              "Node Type": "Hash",
                              "Parent Relationship": "Inner",
                              "Parallel Aware": true,
                              "Startup Cost": 45479.59,
                              "Total Cost": 45479.59,
                              "Plan Rows": 337195,
                              "Plan Width": 4,
                              "Actual Startup Time": 239.226,
                              "Actual Total Time": 239.227,
                              "Actual Rows": 331422,
                              "Actual Loops": 4,
                              "Hash Buckets": 2097152,
                              "Original Hash Buckets": 2097152,
                              "Hash Batches": 1,
                              "Original Hash Batches": 1,
                              "Peak Memory Usage": 68288,
                              "Plans": [
                                {
                                  "Node Type": "Seq Scan",
                                  "Parent Relationship": "Outer",
                                  "Parallel Aware": true,
                                  "Relation Name": "title",
                                  "Alias": "t",
                                  "Startup Cost": 0.0,
                                  "Total Cost": 45479.59,
                                  "Plan Rows": 337195,
                                  "Plan Width": 4,
                                  "Actual Startup Time": 0.042,
                                  "Actual Total Time": 108.4,
                                  "Actual Rows": 331422,
                                  "Actual Loops": 4,
                                  "Filter": "((kind_id > 2) AND (production_year < 2010))",
                                  "Rows Removed by Filter": 300656
                                }
                              ]
                            }
                          ]
                        }
                      ]
                    }
                  ]
                }
              ]
            }
          ]
        }
      ]
    },
    "Planning Time": 0.858,
    "Triggers": [],
    "Execution Time": 534.147
  }
]