[
  {
    "Plan": {
      "Node Type": "Aggregate",
      "Strategy": "Plain",
      "Partial Mode": "Finalize",
      "Parallel Aware": false,
      "Startup Cost": 120663.75,
      "Total Cost": 120663.76,
      "Plan Rows": 1,
      "Plan Width": 8,
      "Actual Startup Time": 499.745,
      "Actual Total Time": 518.77,
      "Actual Rows": 1,
      "Actual Loops": 1,
      "Plans": [
        {
          "Node Type": "Gather",
          "Parent Relationship": "Outer",
          "Parallel Aware": false,
          "Startup Cost": 120663.43,
          "Total Cost": 120663.74,
          "Plan Rows": 3,
          "Plan Width": 8,
          "Actual Startup Time": 495.154,
          "Actual Total Time": 518.758,
          "Actual Rows": 4,
          "Actual Loops": 1,
          "Workers Planned": 3,
          "Workers Launched": 3,
          "Single Copy": false,
          "Plans": [
            {
              "Node Type": "Aggregate",
              "Strategy": "Plain",
              "Partial Mode": "Partial",
              "Parent Relationship": "Outer",
              "Parallel Aware": false,
              "Startup Cost": 119663.43,
              "Total Cost": 119663.44,
              "Plan Rows": 1,
              "Plan Width": 8,
              "Actual Startup Time": 486.22,
              "Actual Total Time": 486.225,
              "Actual Rows": 1,
              "Actual Loops": 4,
              "Plans": [
                {
                  "Node Type": "Hash Join",
                  "Parent Relationship": "Outer",
                  "Parallel Aware": true,
                  "Join Type": "Inner",
                  "Startup Cost": 88544.02,
                  "Total Cost": 119552.08,
                  "Plan Rows": 44541,
                  "Plan Width": 0,
                  "Actual Startup Time": 385.261,
                  "Actual Total Time": 484.034,
                  "Actual Rows": 52361,
                  "Actual Loops": 4,
                  "Inner Unique": false,
                  "Hash Cond": "(mc.movie_id = t.id)",
                  "Plans": [
                    {
                      "Node Type": "Seq Scan",
                      "Parent Relationship": "Outer",
                      "Parallel Aware": true,
                      "Relation Name": "movie_companies",
                      "Alias": "mc",
                      "Startup Cost": 0.0,
                      "Total Cost": 29310.68,
                      "Plan Rows": 414318,
                      "Plan Width": 4,
                      "Actual Startup Time": 0.022,
                      "Actual Total Time": 61.818,
                      "Actual Rows": 318562,
                      "Actual Loops": 4,
                      "Filter": "(company_type_id = 1)",
                      "Rows Removed by Filter": 333721
                    },
                    {
                      "Node Type": "Hash",
                      "Parent Relationship": "Inner",
                      "Parallel Aware": true,
                      "Startup Cost": 87448.06,
                      "Total Cost": 87448.06,
                      "Plan Rows": 87677,
                      "Plan Width": 8,
                      "Actual Startup Time": 381.845,
                      "Actual Total Time": 381.849,
                      "Actual Rows": 41415,
                      "Actual Loops": 4,
                      "Hash Buckets": 524288,
                      "Original Hash Buckets": 524288,
                      "Hash Batches": 1,
                      "Original Hash Batches": 1,
                      "Peak Memory Usage": 10656,
                      "Plans": [
                        {
                          "Node Type": "Hash Join",
                          "Parent Relationship": "Outer",
                          "Parallel Aware": true,
                          "Join Type": "Inner",
                          "Startup Cost": 60506.86,
                          "Total Cost": 87448.06,
                          "Plan Rows": 87677,
                          "Plan Width": 8,
                          "Actual Startup Time": 268.243,
                          "Actual Total Time": 365.077,
                          "Actual Rows": 41415,
                          "Actual Loops": 4,
                          "Inner Unique": true,
                          "Hash Cond": "(mk.movie_id = t.id)",
                          "Plans": [
                            {
                              "Node Type": "Bitmap Heap Scan",
                              "Parent Relationship": "Outer",
                              "Parallel Aware": true,
                              "Relation Name": "movie_keyword",
                              "Alias": "mk",
                              "Startup Cost": 10815.17,
                              "Total Cost": 37324.7,
                              "Plan Rows": 164443,
                              "Plan Width": 4,
                              "Actual Startup Time": 30.952,
                              "Actual Total Time": 86.242,
                              "Actual Rows": 130220,
                              "Actual Loops": 4,
                              "Recheck Cond": "(keyword_id < 382)",
                              "Rows Removed by Index Recheck": 0,
                              "Exact Heap Blocks": 7035,
                              "Lossy Heap Blocks": 0,
                              "Plans": [
                                {
                                  "Node Type": "Bitmap Index Scan",
                                  "Parent Relationship": "Outer",
                                  "Parallel Aware": false,
                                  "Index Name": "keyword_id_movie_keyword",
                                  "Startup Cost": 0.0,
                                  "Total Cost": 10687.72,
                                  "Plan Rows": 509772,
                                  "Plan Width": 0,
                                  "Actual Startup Time": 27.109,
                                  "Actual Total Time": 27.109,
                                  "Actual Rows": 520878,
                                  "Actual Loops": 1,
                                  "Index Cond": "(keyword_id < 382)"
                                }
                              ]
                            },
                            {
                              "Node Type": "Hash",
                              "Parent Relationship": "Inner",
                              "Parallel Aware": true,
                              "Startup Cost": 45479.1,
                              "Total Cost": 45479.1,
                              "Plan Rows": 337008,
                              "Plan Width": 4,
                              "Actual Startup Time": 231.828,
                              "Actual Total Time": 231.829,
                              "Actual Rows": 331422,
                              "Actual Loops": 4,
                              "Hash Buckets": 2097152,
                              "Original Hash Buckets": 2097152,
                              "Hash Batches": 1,
                              "Original Hash Batches": 1,
                              "Peak Memory Usage": 68288,
                              "Plans": [
                                {
                                  "Node Type": "Seq Scan",
                                  "Parent Relationship": "Outer",
                                  "Parallel Aware": true,
                                  "Relation Name": "title",
                                  "Alias": "t",
                                  "Startup Cost": 0.0,
                                  "Total Cost": 45479.1,
                                  "Plan Rows": 337008,
                                  "Plan Width": 4,
                                  "Actual Startup Time": 0.047,
                                  "Actual Total Time": 103.808,
                                  "Actual Rows": 331422,
                                  "Actual Loops": 4,
                                  "Filter": "((kind_id > 2) AND (production_year < 2010))",
                                  "Rows Removed by Filter": 300656
                                }
                              ]
                            }
                          ]
                        }
                      ]
                    }
                  ]
                }
              ]
            }
          ]
        }
      ]
    },
    "Planning Time": 1.48,
    "Triggers": [],
    "Execution Time": 518.874
  }
]