[
  {
    "Plan": {
      "Node Type": "Aggregate",
      "Strategy": "Plain",
      "Partial Mode": "Finalize",
      "Parallel Aware": false,
      "Startup Cost": 45127.72,
      "Total Cost": 45127.73,
      "Plan Rows": 1,
      "Plan Width": 8,
      "Actual Startup Time": 150.148,
      "Actual Total Time": 160.945,
      "Actual Rows": 1,
      "Actual Loops": 1,
      "Plans": [
        {
          "Node Type": "Gather",
          "Parent Relationship": "Outer",
          "Parallel Aware": false,
          "Startup Cost": 45127.41,
          "Total Cost": 45127.72,
          "Plan Rows": 3,
          "Plan Width": 8,
          "Actual Startup Time": 150.014,
          "Actual Total Time": 160.937,
          "Actual Rows": 4,
          "Actual Loops": 1,
          "Workers Planned": 3,
          "Workers Launched": 3,
          "Single Copy": false,
          "Plans": [
            {
              "Node Type": "Aggregate",
              "Strategy": "Plain",
              "Partial Mode": "Partial",
              "Parent Relationship": "Outer",
              "Parallel Aware": false,
              "Startup Cost": 44127.41,
              "Total Cost": 44127.42,
              "Plan Rows": 1,
              "Plan Width": 8,
              "Actual Startup Time": 141.55,
              "Actual Total Time": 141.552,
              "Actual Rows": 1,
              "Actual Loops": 4,
              "Plans": [
                {
                  "Node Type": "Seq Scan",
                  "Parent Relationship": "Outer",
                  "Parallel Aware": true,
                  "Relation Name": "movie_keyword",
                  "Alias": "mk",
                  "Startup Cost": 0.0,
                  "Total Cost": 42695.65,
                  "Plan Rows": 572701,
                  "Plan Width": 0,
                  "Actual Startup Time": 1.222,
                  "Actual Total Time": 118.76,
                  "Actual Rows": 446497,
                  "Actual Loops": 4,
                  "Filter": "(keyword_id > 7771)",
                  "Rows Removed by Filter": 684486
                }
              ]
            }
          ]
        }
      ]
    },
    "Planning Time": 0.162,
    "Triggers": [],
    "Execution Time": 160.997
  }
]