[
  {
    "Plan": {
      "Node Type": "Aggregate",
      "Strategy": "Plain",
      "Partial Mode": "Finalize",
      "Parallel Aware": false,
      "Startup Cost": 349809.97,
      "Total Cost": 349809.98,
      "Plan Rows": 1,
      "Plan Width": 8,
      "Actual Startup Time": 737.574,
      "Actual Total Time": 795.919,
      "Actual Rows": 1,
      "Actual Loops": 1,
      "Plans": [
        {
          "Node Type": "Gather",
          "Parent Relationship": "Outer",
          "Parallel Aware": false,
          "Startup Cost": 349809.34,
          "Total Cost": 349809.95,
          "Plan Rows": 6,
          "Plan Width": 8,
          "Actual Startup Time": 737.434,
          "Actual Total Time": 795.908,
          "Actual Rows": 7,
          "Actual Loops": 1,
          "Workers Planned": 6,
          "Workers Launched": 6,
          "Single Copy": false,
          "Plans": [
            {
              "Node Type": "Aggregate",
              "Strategy": "Plain",
              "Partial Mode": "Partial",
              "Parent Relationship": "Outer",
              "Parallel Aware": false,
              "Startup Cost": 348809.34,
              "Total Cost": 348809.35,
              "Plan Rows": 1,
              "Plan Width": 8,
              "Actual Startup Time": 728.287,
              "Actual Total Time": 728.288,
              "Actual Rows": 1,
              "Actual Loops": 7,
              "Plans": [
                {
                  "Node Type": "Seq Scan",
                  "Parent Relationship": "Outer",
                  "Parallel Aware": true,
                  "Relation Name": "cast_info",
                  "Alias": "ci",
                  "Startup Cost": 0.0,
                  "Total Cost": 343257.03,
                  "Plan Rows": 2220926,
                  "Plan Width": 0,
                  "Actual Startup Time": 228.838,
                  "Actual Total Time": 657.642,
                  "Actual Rows": 1577907,
                  "Actual Loops": 7,
                  "Filter": "((person_id > 1804689) AND (role_id < 5))",
                  "Rows Removed by Filter": 3599857
                }
              ]
            }
          ]
        }
      ]
    },
    "Planning Time": 0.218,
    "Triggers": [],
    "Execution Time": 796.003
  }
]