[
  {
    "Plan": {
      "Node Type": "Aggregate",
      "Strategy": "Plain",
      "Partial Mode": "Finalize",
      "Parallel Aware": false,
      "Startup Cost": 45121.36,
      "Total Cost": 45121.37,
      "Plan Rows": 1,
      "Plan Width": 8,
      "Actual Startup Time": 119.631,
      "Actual Total Time": 131.405,
      "Actual Rows": 1,
      "Actual Loops": 1,
      "Plans": [
        {
          "Node Type": "Gather",
          "Parent Relationship": "Outer",
          "Parallel Aware": false,
          "Startup Cost": 45121.04,
          "Total Cost": 45121.35,
          "Plan Rows": 3,
          "Plan Width": 8,
          "Actual Startup Time": 119.5,
          "Actual Total Time": 131.396,
          "Actual Rows": 4,
          "Actual Loops": 1,
          "Workers Planned": 3,
          "Workers Launched": 3,
          "Single Copy": false,
          "Plans": [
            {
              "Node Type": "Aggregate",
              "Strategy": "Plain",
              "Partial Mode": "Partial",
              "Parent Relationship": "Outer",
              "Parallel Aware": false,
              "Startup Cost": 44121.04,
              "Total Cost": 44121.05,
              "Plan Rows": 1,
              "Plan Width": 8,
              "Actual Startup Time": 116.208,
              "Actual Total Time": 116.209,
              "Actual Rows": 1,
              "Actual Loops": 4,
              "Plans": [
                {
                  "Node Type": "Seq Scan",
                  "Parent Relationship": "Outer",
                  "Parallel Aware": true,
                  "Relation Name": "movie_keyword",
                  "Alias": "mk",
                  "Startup Cost": 0.0,
                  "Total Cost": 42695.65,
                  "Plan Rows": 570154,
                  "Plan Width": 0,
                  "Actual Startup Time": 0.418,
                  "Actual Total Time": 97.961,
                  "Actual Rows": 437847,
                  "Actual Loops": 4,
                  "Filter": "(keyword_id > 7954)",
                  "Rows Removed by Filter": 693136
                }
              ]
            }
          ]
        }
      ]
    },
    "Planning Time": 0.183,
    "Triggers": [],
    "Execution Time": 131.459
  }
]