{
    "Plan": {
        "Node Type": "Aggregate",
        "Strategy": "Plain",
        "Partial Mode": "Simple",
        "Parallel Aware": false,
        "Startup Cost": 10000207735.25,
        "Total Cost": 10000207735.26,
        "Plan Rows": 1,
        "Plan Width": 8,
        "Actual Startup Time": 2091.542,
        "Actual Total Time": 2091.546,
        "Actual Rows": 1,
        "Actual Loops": 1,
        "Output": [
            "count(*)"
        ],
        "Plans": [
            {
                "Node Type": "Hash Join",
                "Parent Relationship": "Outer",
                "Parallel Aware": false,
                "Join Type": "Inner",
                "Startup Cost": 10000091039.75,
                "Total Cost": 10000207732.17,
                "Plan Rows": 1233,
                "Plan Width": 0,
                "Actual Startup Time": 1617.728,
                "Actual Total Time": 2091.292,
                "Actual Rows": 2729,
                "Actual Loops": 1,
                "Inner Unique": false,
                "Hash Cond": "(t.id = mc.movie_id)",
                "Plans": [
                    {
                        "Node Type": "Index Scan",
                        "Parent Relationship": "Outer",
                        "Parallel Aware": false,
                        "Scan Direction": "Forward",
                        "Index Name": "title_pkey",
                        "Relation Name": "title",
                        "Schema": "public",
                        "Alias": "t",
                        "Startup Cost": 10000000000.43,
                        "Total Cost": 10000116662.9,
                        "Plan Rows": 2013,
                        "Plan Width": 4,
                        "Actual Startup Time": 911.681,
                        "Actual Total Time": 1381.716,
                        "Actual Rows": 2773,
                        "Actual Loops": 1,
                        "Output": [
                            "t.id",
                            "t.title",
                            "t.imdb_index",
                            "t.kind_id",
                            "t.production_year",
                            "t.imdb_id",
                            "t.phonetic_code",
                            "t.episode_of_id",
                            "t.season_nr",
                            "t.episode_nr",
                            "t.series_years",
                            "t.md5sum"
                        ],
                        "Filter": "(t.production_year = 1928)",
                        "Rows Removed by Filter": 2525539
                    },
                    {
                        "Node Type": "Hash",
                        "Parent Relationship": "Inner",
                        "Parallel Aware": false,
                        "Startup Cost": 71686.31,
                        "Total Cost": 71686.31,
                        "Plan Rows": 1548241,
                        "Plan Width": 4,
                        "Actual Startup Time": 690.672,
                        "Actual Total Time": 690.673,
                        "Actual Rows": 1545004,
                        "Actual Loops": 1,
                        "Output": [
                            "mc.movie_id"
                        ],
                        "Hash Buckets": 2097152,
                        "Original Hash Buckets": 2097152,
                        "Hash Batches": 1,
                        "Original Hash Batches": 1,
                        "Peak Memory Usage": 70701,
                        "Plans": [
                            {
                                "Node Type": "Bitmap Heap Scan",
                                "Parent Relationship": "Outer",
                                "Parallel Aware": false,
                                "Relation Name": "movie_companies",
                                "Schema": "public",
                                "Alias": "mc",
                                "Startup Cost": 33543.3,
                                "Total Cost": 71686.31,
                                "Plan Rows": 1548241,
                                "Plan Width": 4,
                                "Actual Startup Time": 94.408,
                                "Actual Total Time": 344.762,
                                "Actual Rows": 1545004,
                                "Actual Loops": 1,
                                "Output": [
                                    "mc.movie_id"
                                ],
                                "Recheck Cond": "(mc.company_id < 14635)",
                                "Rows Removed by Index Recheck": 0,
                                "Exact Heap Blocks": 18729,
                                "Lossy Heap Blocks": 0,
                                "Plans": [
                                    {
                                        "Node Type": "Bitmap Index Scan",
                                        "Parent Relationship": "Outer",
                                        "Parallel Aware": false,
                                        "Index Name": "company_id_movie_companies",
                                        "Startup Cost": 0.0,
                                        "Total Cost": 33156.24,
                                        "Plan Rows": 1548241,
                                        "Plan Width": 0,
                                        "Actual Startup Time": 92.038,
                                        "Actual Total Time": 92.038,
                                        "Actual Rows": 1545004,
                                        "Actual Loops": 1,
                                        "Index Cond": "(mc.company_id < 14635)"
                                    }
                                ]
                            }
                        ]
                    }
                ]
            }
        ]
    },
    "Planning Time": 1.792,
    "Triggers": [],
    "Execution Time": 2093.687
}