{
    "Plan": {
        "Node Type": "Aggregate",
        "Strategy": "Plain",
        "Partial Mode": "Finalize",
        "Parallel Aware": false,
        "Startup Cost": 221605.04,
        "Total Cost": 221605.05,
        "Plan Rows": 1,
        "Plan Width": 8,
        "Actual Startup Time": 1059.855,
        "Actual Total Time": 1097.021,
        "Actual Rows": 1,
        "Actual Loops": 1,
        "Output": [
            "count(*)"
        ],
        "Plans": [
            {
                "Node Type": "Gather",
                "Parent Relationship": "Outer",
                "Parallel Aware": false,
                "Startup Cost": 221604.73,
                "Total Cost": 221605.04,
                "Plan Rows": 3,
                "Plan Width": 8,
                "Actual Startup Time": 1059.198,
                "Actual Total Time": 1097.011,
                "Actual Rows": 4,
                "Actual Loops": 1,
                "Output": [
                    "(PARTIAL count(*))"
                ],
                "Workers Planned": 3,
                "Workers Launched": 3,
                "Single Copy": false,
                "Plans": [
                    {
                        "Node Type": "Aggregate",
                        "Strategy": "Plain",
                        "Partial Mode": "Partial",
                        "Parent Relationship": "Outer",
                        "Parallel Aware": false,
                        "Startup Cost": 220604.73,
                        "Total Cost": 220604.74,
                        "Plan Rows": 1,
                        "Plan Width": 8,
                        "Actual Startup Time": 1049.649,
                        "Actual Total Time": 1049.652,
                        "Actual Rows": 1,
                        "Actual Loops": 4,
                        "Output": [
                            "PARTIAL count(*)"
                        ],
                        "Workers": [
                            {
                                "Worker Number": 0,
                                "Actual Startup Time": 1046.75,
                                "Actual Total Time": 1046.752,
                                "Actual Rows": 1,
                                "Actual Loops": 1
                            },
                            {
                                "Worker Number": 1,
                                "Actual Startup Time": 1046.876,
                                "Actual Total Time": 1046.879,
                                "Actual Rows": 1,
                                "Actual Loops": 1
                            },
                            {
                                "Worker Number": 2,
                                "Actual Startup Time": 1046.599,
                                "Actual Total Time": 1046.602,
                                "Actual Rows": 1,
                                "Actual Loops": 1
                            }
                        ],
                        "Plans": [
                            {
                                "Node Type": "Nested Loop",
                                "Parent Relationship": "Outer",
                                "Parallel Aware": false,
                                "Join Type": "Inner",
                                "Startup Cost": 45960.58,
                                "Total Cost": 220408.99,
                                "Plan Rows": 78294,
                                "Plan Width": 0,
                                "Actual Startup Time": 108.422,
                                "Actual Total Time": 1011.435,
                                "Actual Rows": 948190,
                                "Actual Loops": 4,
                                "Inner Unique": false,
                                "Join Filter": "(t.id = mi.movie_id)",
                                "Rows Removed by Join Filter": 0,
                                "Workers": [
                                    {
                                        "Worker Number": 0,
                                        "Actual Startup Time": 105.492,
                                        "Actual Total Time": 1010.713,
                                        "Actual Rows": 889343,
                                        "Actual Loops": 1
                                    },
                                    {
                                        "Worker Number": 1,
                                        "Actual Startup Time": 105.579,
                                        "Actual Total Time": 1007.843,
                                        "Actual Rows": 969304,
                                        "Actual Loops": 1
                                    },
                                    {
                                        "Worker Number": 2,
                                        "Actual Startup Time": 105.658,
                                        "Actual Total Time": 1008.747,
                                        "Actual Rows": 937349,
                                        "Actual Loops": 1
                                    }
                                ],
                                "Plans": [
                                    {
                                        "Node Type": "Hash Join",
                                        "Parent Relationship": "Outer",
                                        "Parallel Aware": true,
                                        "Join Type": "Inner",
                                        "Startup Cost": 45960.15,
                                        "Total Cost": 88838.23,
                                        "Plan Rows": 88830,
                                        "Plan Width": 8,
                                        "Actual Startup Time": 108.287,
                                        "Actual Total Time": 308.488,
                                        "Actual Rows": 53792,
                                        "Actual Loops": 4,
                                        "Output": [
                                            "t.id",
                                            "mk.movie_id"
                                        ],
                                        "Inner Unique": true,
                                        "Hash Cond": "(mk.movie_id = t.id)",
                                        "Workers": [
                                            {
                                                "Worker Number": 0,
                                                "Actual Startup Time": 105.411,
                                                "Actual Total Time": 311.986,
                                                "Actual Rows": 53869,
                                                "Actual Loops": 1
                                            },
                                            {
                                                "Worker Number": 1,
                                                "Actual Startup Time": 105.5,
                                                "Actual Total Time": 295.648,
                                                "Actual Rows": 50211,
                                                "Actual Loops": 1
                                            },
                                            {
                                                "Worker Number": 2,
                                                "Actual Startup Time": 105.304,
                                                "Actual Total Time": 302.935,
                                                "Actual Rows": 52767,
                                                "Actual Loops": 1
                                            }
                                        ],
                                        "Plans": [
                                            {
                                                "Node Type": "Seq Scan",
                                                "Parent Relationship": "Outer",
                                                "Parallel Aware": true,
                                                "Relation Name": "movie_keyword",
                                                "Schema": "public",
                                                "Alias": "mk",
                                                "Startup Cost": 0.0,
                                                "Total Cost": 39047.32,
                                                "Plan Rows": 1459332,
                                                "Plan Width": 4,
                                                "Actual Startup Time": 0.015,
                                                "Actual Total Time": 96.582,
                                                "Actual Rows": 1130982,
                                                "Actual Loops": 4,
                                                "Output": [
                                                    "mk.id",
                                                    "mk.movie_id",
                                                    "mk.keyword_id"
                                                ],
                                                "Workers": [
                                                    {
                                                        "Worker Number": 0,
                                                        "Actual Startup Time": 0.018,
                                                        "Actual Total Time": 102.736,
                                                        "Actual Rows": 1128810,
                                                        "Actual Loops": 1
                                                    },
                                                    {
                                                        "Worker Number": 1,
                                                        "Actual Startup Time": 0.018,
                                                        "Actual Total Time": 94.379,
                                                        "Actual Rows": 1027675,
                                                        "Actual Loops": 1
                                                    },
                                                    {
                                                        "Worker Number": 2,
                                                        "Actual Startup Time": 0.017,
                                                        "Actual Total Time": 97.862,
                                                        "Actual Rows": 1073185,
                                                        "Actual Loops": 1
                                                    }
                                                ]
                                            },
                                            {
                                                "Node Type": "Hash",
                                                "Parent Relationship": "Inner",
                                                "Parallel Aware": true,
                                                "Startup Cost": 45479.21,
                                                "Total Cost": 45479.21,
                                                "Plan Rows": 38475,
                                                "Plan Width": 4,
                                                "Actual Startup Time": 105.824,
                                                "Actual Total Time": 105.825,
                                                "Actual Rows": 33690,
                                                "Actual Loops": 4,
                                                "Output": [
                                                    "t.id"
                                                ],
                                                "Hash Buckets": 262144,
                                                "Original Hash Buckets": 262144,
                                                "Hash Batches": 1,
                                                "Original Hash Batches": 1,
                                                "Peak Memory Usage": 7424,
                                                "Workers": [
                                                    {
                                                        "Worker Number": 0,
                                                        "Actual Startup Time": 104.817,
                                                        "Actual Total Time": 104.817,
                                                        "Actual Rows": 31138,
                                                        "Actual Loops": 1
                                                    },
                                                    {
                                                        "Worker Number": 1,
                                                        "Actual Startup Time": 104.712,
                                                        "Actual Total Time": 104.713,
                                                        "Actual Rows": 31108,
                                                        "Actual Loops": 1
                                                    },
                                                    {
                                                        "Worker Number": 2,
                                                        "Actual Startup Time": 104.714,
                                                        "Actual Total Time": 104.715,
                                                        "Actual Rows": 32044,
                                                        "Actual Loops": 1
                                                    }
                                                ],
                                                "Plans": [
                                                    {
                                                        "Node Type": "Seq Scan",
                                                        "Parent Relationship": "Outer",
                                                        "Parallel Aware": true,
                                                        "Relation Name": "title",
                                                        "Schema": "public",
                                                        "Alias": "t",
                                                        "Startup Cost": 0.0,
                                                        "Total Cost": 45479.21,
                                                        "Plan Rows": 38475,
                                                        "Plan Width": 4,
                                                        "Actual Startup Time": 0.09,
                                                        "Actual Total Time": 93.935,
                                                        "Actual Rows": 33690,
                                                        "Actual Loops": 4,
                                                        "Output": [
                                                            "t.id"
                                                        ],
                                                        "Filter": "((t.kind_id < 7) AND (t.production_year > 2010))",
                                                        "Rows Removed by Filter": 598388,
                                                        "Workers": [
                                                            {
                                                                "Worker Number": 0,
                                                                "Actual Startup Time": 0.082,
                                                                "Actual Total Time": 93.626,
                                                                "Actual Rows": 31138,
                                                                "Actual Loops": 1
                                                            },
                                                            {
                                                                "Worker Number": 1,
                                                                "Actual Startup Time": 0.069,
                                                                "Actual Total Time": 92.826,
                                                                "Actual Rows": 31108,
                                                                "Actual Loops": 1
                                                            },
                                                            {
                                                                "Worker Number": 2,
                                                                "Actual Startup Time": 0.146,
                                                                "Actual Total Time": 93.4,
                                                                "Actual Rows": 32044,
                                                                "Actual Loops": 1
                                                            }
                                                        ]
                                                    }
                                                ]
                                            }
                                        ]
                                    },
                                    {
                                        "Node Type": "Index Scan",
                                        "Parent Relationship": "Inner",
                                        "Parallel Aware": false,
                                        "Scan Direction": "Forward",
                                        "Index Name": "movie_id_movie_info",
                                        "Relation Name": "movie_info",
                                        "Schema": "public",
                                        "Alias": "mi",
                                        "Startup Cost": 0.43,
                                        "Total Cost": 1.41,
                                        "Plan Rows": 6,
                                        "Plan Width": 4,
                                        "Actual Startup Time": 0.004,
                                        "Actual Total Time": 0.011,
                                        "Actual Rows": 18,
                                        "Actual Loops": 215166,
                                        "Output": [
                                            "mi.id",
                                            "mi.movie_id",
                                            "mi.info_type_id",
                                            "mi.info",
                                            "mi.note"
                                        ],
                                        "Index Cond": "(mi.movie_id = mk.movie_id)",
                                        "Rows Removed by Index Recheck": 0,
                                        "Filter": "(mi.info_type_id > 16)",
                                        "Rows Removed by Filter": 35,
                                        "Workers": [
                                            {
                                                "Worker Number": 0,
                                                "Actual Startup Time": 0.004,
                                                "Actual Total Time": 0.011,
                                                "Actual Rows": 17,
                                                "Actual Loops": 53869
                                            },
                                            {
                                                "Worker Number": 1,
                                                "Actual Startup Time": 0.004,
                                                "Actual Total Time": 0.012,
                                                "Actual Rows": 19,
                                                "Actual Loops": 50211
                                            },
                                            {
                                                "Worker Number": 2,
                                                "Actual Startup Time": 0.004,
                                                "Actual Total Time": 0.012,
                                                "Actual Rows": 18,
                                                "Actual Loops": 52767
                                            }
                                        ]
                                    }
                                ]
                            }
                        ]
                    }
                ]
            }
        ]
    },
    "Planning Time": 1.637,
    "Triggers": [],
    "Execution Time": 1097.12
}