[
  {
    "Plan": {
      "Node Type": "Aggregate",
      "Strategy": "Plain",
      "Partial Mode": "Finalize",
      "Parallel Aware": false,
      "Startup Cost": 45972.84,
      "Total Cost": 45972.85,
      "Plan Rows": 1,
      "Plan Width": 8,
      "Actual Startup Time": 172.757,
      "Actual Total Time": 183.357,
      "Actual Rows": 1,
      "Actual Loops": 1,
      "Plans": [
        {
          "Node Type": "Gather",
          "Parent Relationship": "Outer",
          "Parallel Aware": false,
          "Startup Cost": 45972.52,
          "Total Cost": 45972.83,
          "Plan Rows": 3,
          "Plan Width": 8,
          "Actual Startup Time": 172.64,
          "Actual Total Time": 183.348,
          "Actual Rows": 4,
          "Actual Loops": 1,
          "Workers Planned": 3,
          "Workers Launched": 3,
          "Single Copy": false,
          "Plans": [
            {
              "Node Type": "Aggregate",
              "Strategy": "Plain",
              "Partial Mode": "Partial",
              "Parent Relationship": "Outer",
              "Parallel Aware": false,
              "Startup Cost": 44972.52,
              "Total Cost": 44972.53,
              "Plan Rows": 1,
              "Plan Width": 8,
              "Actual Startup Time": 167.367,
              "Actual Total Time": 167.368,
              "Actual Rows": 1,
              "Actual Loops": 4,
              "Plans": [
                {
                  "Node Type": "Seq Scan",
                  "Parent Relationship": "Outer",
                  "Parallel Aware": true,
                  "Relation Name": "movie_keyword",
                  "Alias": "mk",
                  "Startup Cost": 0.0,
                  "Total Cost": 42695.65,
                  "Plan Rows": 910747,
                  "Plan Width": 0,
                  "Actual Startup Time": 0.199,
                  "Actual Total Time": 130.804,
                  "Actual Rows": 705956,
                  "Actual Loops": 4,
                  "Filter": "(keyword_id > 2650)",
                  "Rows Removed by Filter": 425026
                }
              ]
            }
          ]
        }
      ]
    },
    "Planning Time": 0.083,
    "Triggers": [],
    "Execution Time": 183.385
  }
]