{
  "Plan": {
    "Node Type": "Aggregate",
    "Strategy": "Plain",
    "Partial Mode": "Finalize",
    "Parallel Aware": false,
    "Startup Cost": 365378.78,
    "Total Cost": 365378.79,
    "Plan Rows": 1,
    "Plan Width": 8,
    "Actual Startup Time": 3561.155,
    "Actual Total Time": 3611.601,
    "Actual Rows": 1,
    "Actual Loops": 1,
    "Plans": [
      {
        "Node Type": "Gather",
        "Parent Relationship": "Outer",
        "Parallel Aware": false,
        "Startup Cost": 365378.67,
        "Total Cost": 365378.78,
        "Plan Rows": 1,
        "Plan Width": 8,
        "Actual Startup Time": 3556.688,
        "Actual Total Time": 3611.593,
        "Actual Rows": 2,
        "Actual Loops": 1,
        "Workers Planned": 1,
        "Workers Launched": 1,
        "Single Copy": false,
        "Plans": [
          {
            "Node Type": "Aggregate",
            "Strategy": "Plain",
            "Partial Mode": "Partial",
            "Parent Relationship": "Outer",
            "Parallel Aware": false,
            "Startup Cost": 364378.67,
            "Total Cost": 364378.68,
            "Plan Rows": 1,
            "Plan Width": 8,
            "Actual Startup Time": 3543.932,
            "Actual Total Time": 3543.936,
            "Actual Rows": 1,
            "Actual Loops": 2,
            "Plans": [
              {
                "Node Type": "Hash Join",
                "Parent Relationship": "Outer",
                "Parallel Aware": true,
                "Join Type": "Inner",
                "Startup Cost": 72107.41,
                "Total Cost": 343890.9,
                "Plan Rows": 8195106,
                "Plan Width": 0,
                "Actual Startup Time": 540.923,
                "Actual Total Time": 3270.559,
                "Actual Rows": 6962579,
                "Actual Loops": 2,
                "Inner Unique": true,
                "Hash Cond": "(mi.movie_id = t.id)",
                "Plans": [
                  {
                    "Node Type": "Seq Scan",
                    "Parent Relationship": "Outer",
                    "Parallel Aware": true,
                    "Relation Name": "movie_info",
                    "Alias": "mi",
                    "Startup Cost": 0.0,
                    "Total Cost": 248955.74,
                    "Plan Rows": 8696274,
                    "Plan Width": 4,
                    "Actual Startup Time": 0.022,
                    "Actual Total Time": 637.11,
                    "Actual Rows": 7417860,
                    "Actual Loops": 2
                  },
                  {
                    "Node Type": "Hash",
                    "Parent Relationship": "Inner",
                    "Parallel Aware": true,
                    "Startup Cost": 54588.39,
                    "Total Cost": 54588.39,
                    "Plan Rows": 1401522,
                    "Plan Width": 4,
                    "Actual Startup Time": 516.802,
                    "Actual Total Time": 516.803,
                    "Actual Rows": 1189176,
                    "Actual Loops": 2,
                    "Hash Buckets": 4194304,
                    "Original Hash Buckets": 4194304,
                    "Hash Batches": 1,
                    "Original Hash Batches": 1,
                    "Peak Memory Usage": 125824,
                    "Plans": [
                      {
                        "Node Type": "Seq Scan",
                        "Parent Relationship": "Outer",
                        "Parallel Aware": true,
                        "Relation Name": "title",
                        "Alias": "t",
                        "Startup Cost": 0.0,
                        "Total Cost": 54588.39,
                        "Plan Rows": 1401522,
                        "Plan Width": 4,
                        "Actual Startup Time": 0.032,
                        "Actual Total Time": 182.804,
                        "Actual Rows": 1189176,
                        "Actual Loops": 2,
                        "Filter": "(production_year > 1917)",
                        "Rows Removed by Filter": 74980
                      }
                    ]
                  }
                ]
              }
            ]
          }
        ]
      }
    ]
  },
  "Planning Time": 0.417,
  "Triggers": [],
  "Execution Time": 3611.709
}