[
  {
    "Plan": {
      "Node Type": "Aggregate",
      "Strategy": "Plain",
      "Partial Mode": "Finalize",
      "Parallel Aware": false,
      "Startup Cost": 46659.06,
      "Total Cost": 46659.07,
      "Plan Rows": 1,
      "Plan Width": 8,
      "Actual Startup Time": 96.096,
      "Actual Total Time": 102.399,
      "Actual Rows": 1,
      "Actual Loops": 1,
      "Plans": [
        {
          "Node Type": "Gather",
          "Parent Relationship": "Outer",
          "Parallel Aware": false,
          "Startup Cost": 46658.64,
          "Total Cost": 46659.05,
          "Plan Rows": 4,
          "Plan Width": 8,
          "Actual Startup Time": 95.981,
          "Actual Total Time": 102.392,
          "Actual Rows": 5,
          "Actual Loops": 1,
          "Workers Planned": 4,
          "Workers Launched": 4,
          "Single Copy": false,
          "Plans": [
            {
              "Node Type": "Aggregate",
              "Strategy": "Plain",
              "Partial Mode": "Partial",
              "Parent Relationship": "Outer",
              "Parallel Aware": false,
              "Startup Cost": 45658.64,
              "Total Cost": 45658.65,
              "Plan Rows": 1,
              "Plan Width": 8,
              "Actual Startup Time": 90.273,
              "Actual Total Time": 90.274,
              "Actual Rows": 1,
              "Actual Loops": 5,
              "Plans": [
                {
                  "Node Type": "Seq Scan",
                  "Parent Relationship": "Outer",
                  "Parallel Aware": true,
                  "Relation Name": "title",
                  "Alias": "t",
                  "Startup Cost": 0.0,
                  "Total Cost": 45479.21,
                  "Plan Rows": 71771,
                  "Plan Width": 0,
                  "Actual Startup Time": 0.037,
                  "Actual Total Time": 85.836,
                  "Actual Rows": 58535,
                  "Actual Loops": 5,
                  "Filter": "((kind_id > 1) AND (production_year > 2010))",
                  "Rows Removed by Filter": 447128
                }
              ]
            }
          ]
        }
      ]
    },
    "Planning Time": 0.063,
    "Triggers": [],
    "Execution Time": 102.428
  }
]