[
  {
    "Plan": {
      "Node Type": "Aggregate",
      "Strategy": "Plain",
      "Partial Mode": "Finalize",
      "Parallel Aware": false,
      "Startup Cost": 286073.44,
      "Total Cost": 286073.45,
      "Plan Rows": 1,
      "Plan Width": 8,
      "Actual Startup Time": 134.47,
      "Actual Total Time": 140.129,
      "Actual Rows": 1,
      "Actual Loops": 1,
      "Plans": [
        {
          "Node Type": "Gather",
          "Parent Relationship": "Outer",
          "Parallel Aware": false,
          "Startup Cost": 286072.81,
          "Total Cost": 286073.42,
          "Plan Rows": 6,
          "Plan Width": 8,
          "Actual Startup Time": 133.954,
          "Actual Total Time": 140.122,
          "Actual Rows": 7,
          "Actual Loops": 1,
          "Workers Planned": 6,
          "Workers Launched": 6,
          "Single Copy": false,
          "Plans": [
            {
              "Node Type": "Aggregate",
              "Strategy": "Plain",
              "Partial Mode": "Partial",
              "Parent Relationship": "Outer",
              "Parallel Aware": false,
              "Startup Cost": 285072.81,
              "Total Cost": 285072.82,
              "Plan Rows": 1,
              "Plan Width": 8,
              "Actual Startup Time": 124.582,
              "Actual Total Time": 124.583,
              "Actual Rows": 1,
              "Actual Loops": 7,
              "Plans": [
                {
                  "Node Type": "Bitmap Heap Scan",
                  "Parent Relationship": "Outer",
                  "Parallel Aware": true,
                  "Relation Name": "cast_info",
                  "Alias": "ci",
                  "Startup Cost": 29092.83,
                  "Total Cost": 284523.98,
                  "Plan Rows": 219532,
                  "Plan Width": 0,
                  "Actual Startup Time": 59.635,
                  "Actual Total Time": 112.129,
                  "Actual Rows": 194426,
                  "Actual Loops": 7,
                  "Recheck Cond": "(person_id < 135790)",
                  "Rows Removed by Index Recheck": 0,
                  "Exact Heap Blocks": 3915,
                  "Lossy Heap Blocks": 0,
                  "Plans": [
                    {
                      "Node Type": "Bitmap Index Scan",
                      "Parent Relationship": "Outer",
                      "Parallel Aware": false,
                      "Index Name": "person_id_cast_info",
                      "Startup Cost": 0.0,
                      "Total Cost": 28763.53,
                      "Plan Rows": 1317195,
                      "Plan Width": 0,
                      "Actual Startup Time": 65.658,
                      "Actual Total Time": 65.659,
                      "Actual Rows": 1360980,
                      "Actual Loops": 1,
                      "Index Cond": "(person_id < 135790)"
                    }
                  ]
                }
              ]
            }
          ]
        }
      ]
    },
    "Planning Time": 0.213,
    "Triggers": [],
    "Execution Time": 140.215
  }
]