[
  {
    "Plan": {
      "Node Type": "Aggregate",
      "Strategy": "Plain",
      "Partial Mode": "Finalize",
      "Parallel Aware": false,
      "Startup Cost": 87051.55,
      "Total Cost": 87051.56,
      "Plan Rows": 1,
      "Plan Width": 8,
      "Actual Startup Time": 136.782,
      "Actual Total Time": 159.284,
      "Actual Rows": 1,
      "Actual Loops": 1,
      "Plans": [
        {
          "Node Type": "Gather",
          "Parent Relationship": "Outer",
          "Parallel Aware": false,
          "Startup Cost": 87051.13,
          "Total Cost": 87051.54,
          "Plan Rows": 4,
          "Plan Width": 8,
          "Actual Startup Time": 136.538,
          "Actual Total Time": 159.274,
          "Actual Rows": 5,
          "Actual Loops": 1,
          "Workers Planned": 4,
          "Workers Launched": 4,
          "Single Copy": false,
          "Plans": [
            {
              "Node Type": "Aggregate",
              "Strategy": "Plain",
              "Partial Mode": "Partial",
              "Parent Relationship": "Outer",
              "Parallel Aware": false,
              "Startup Cost": 86051.13,
              "Total Cost": 86051.14,
              "Plan Rows": 1,
              "Plan Width": 8,
              "Actual Startup Time": 126.57,
              "Actual Total Time": 126.572,
              "Actual Rows": 1,
              "Actual Loops": 5,
              "Plans": [
                {
                  "Node Type": "Nested Loop",
                  "Parent Relationship": "Outer",
                  "Parallel Aware": false,
                  "Join Type": "Inner",
                  "Startup Cost": 0.56,
                  "Total Cost": 86050.64,
                  "Plan Rows": 194,
                  "Plan Width": 0,
                  "Actual Startup Time": 13.17,
                  "Actual Total Time": 126.489,
                  "Actual Rows": 524,
                  "Actual Loops": 5,
                  "Inner Unique": false,
                  "Plans": [
                    {
                      "Node Type": "Seq Scan",
                      "Parent Relationship": "Outer",
                      "Parallel Aware": true,
                      "Relation Name": "title",
                      "Alias": "t",
                      "Startup Cost": 0.0,
                      "Total Cost": 45479.1,
                      "Plan Rows": 286,
                      "Plan Width": 4,
                      "Actual Startup Time": 3.686,
                      "Actual Total Time": 81.891,
                      "Actual Rows": 676,
                      "Actual Loops": 5,
                      "Filter": "((kind_id < 7) AND (production_year > 2013))",
                      "Rows Removed by Filter": 504987
                    },
                    {
                      "Node Type": "Index Scan",
                      "Parent Relationship": "Inner",
                      "Parallel Aware": false,
                      "Scan Direction": "Forward",
                      "Index Name": "movie_id_cast_info",
                      "Relation Name": "cast_info",
                      "Alias": "ci",
                      "Startup Cost": 0.56,
                      "Total Cost": 141.84,
                      "Plan Rows": 2,
                      "Plan Width": 4,
                      "Actual Startup Time": 0.058,
                      "Actual Total Time": 0.065,
                      "Actual Rows": 1,
                      "Actual Loops": 3378,
                      "Index Cond": "(movie_id = t.id)",
                      "Rows Removed by Index Recheck": 0,
                      "Filter": "(role_id = 8)",
                      "Rows Removed by Filter": 11
                    }
                  ]
                }
              ]
            }
          ]
        }
      ]
    },
    "Planning Time": 0.671,
    "Triggers": [],
    "Execution Time": 159.361
  }
]