[
  {
    "Plan": {
      "Node Type": "Aggregate",
      "Strategy": "Plain",
      "Partial Mode": "Simple",
      "Parallel Aware": false,
      "Startup Cost": 17992.01,
      "Total Cost": 17992.02,
      "Plan Rows": 1,
      "Plan Width": 8,
      "Actual Startup Time": 10.793,
      "Actual Total Time": 10.794,
      "Actual Rows": 1,
      "Actual Loops": 1,
      "Plans": [
        {
          "Node Type": "Bitmap Heap Scan",
          "Parent Relationship": "Outer",
          "Parallel Aware": false,
          "Relation Name": "movie_companies",
          "Alias": "mc",
          "Startup Cost": 265.97,
          "Total Cost": 17976.34,
          "Plan Rows": 6267,
          "Plan Width": 0,
          "Actual Startup Time": 6.621,
          "Actual Total Time": 10.479,
          "Actual Rows": 5759,
          "Actual Loops": 1,
          "Recheck Cond": "(company_id = 11203)",
          "Rows Removed by Index Recheck": 0,
          "Filter": "(company_type_id > 1)",
          "Rows Removed by Filter": 6058,
          "Exact Heap Blocks": 3407,
          "Lossy Heap Blocks": 0,
          "Plans": [
            {
              "Node Type": "Bitmap Index Scan",
              "Parent Relationship": "Outer",
              "Parallel Aware": false,
              "Index Name": "company_id_movie_companies",
              "Startup Cost": 0.0,
              "Total Cost": 264.4,
              "Plan Rows": 12263,
              "Plan Width": 0,
              "Actual Startup Time": 1.733,
              "Actual Total Time": 1.733,
              "Actual Rows": 11817,
              "Actual Loops": 1,
              "Index Cond": "(company_id = 11203)"
            }
          ]
        }
      ]
    },
    "Planning Time": 0.133,
    "Triggers": [],
    "Execution Time": 10.829
  }
]