[
  {
    "Plan": {
      "Node Type": "Aggregate",
      "Strategy": "Plain",
      "Partial Mode": "Finalize",
      "Parallel Aware": false,
      "Startup Cost": 249880.01,
      "Total Cost": 249880.02,
      "Plan Rows": 1,
      "Plan Width": 8,
      "Actual Startup Time": 856.506,
      "Actual Total Time": 906.837,
      "Actual Rows": 1,
      "Actual Loops": 1,
      "Plans": [
        {
          "Node Type": "Gather",
          "Parent Relationship": "Outer",
          "Parallel Aware": false,
          "Startup Cost": 249879.49,
          "Total Cost": 249880.0,
          "Plan Rows": 5,
          "Plan Width": 8,
          "Actual Startup Time": 848.266,
          "Actual Total Time": 906.813,
          "Actual Rows": 6,
          "Actual Loops": 1,
          "Workers Planned": 5,
          "Workers Launched": 5,
          "Single Copy": false,
          "Plans": [
            {
              "Node Type": "Aggregate",
              "Strategy": "Plain",
              "Partial Mode": "Partial",
              "Parent Relationship": "Outer",
              "Parallel Aware": false,
              "Startup Cost": 248879.49,
              "Total Cost": 248879.5,
              "Plan Rows": 1,
              "Plan Width": 8,
              "Actual Startup Time": 837.845,
              "Actual Total Time": 837.849,
              "Actual Rows": 1,
              "Actual Loops": 6,
              "Plans": [
                {
                  "Node Type": "Hash Join",
                  "Parent Relationship": "Outer",
                  "Parallel Aware": true,
                  "Join Type": "Inner",
                  "Startup Cost": 45862.7,
                  "Total Cost": 248131.52,
                  "Plan Rows": 299187,
                  "Plan Width": 0,
                  "Actual Startup Time": 185.203,
                  "Actual Total Time": 820.25,
                  "Actual Rows": 278309,
                  "Actual Loops": 6,
                  "Inner Unique": true,
                  "Hash Cond": "(mi.movie_id = t.id)",
                  "Plans": [
                    {
                      "Node Type": "Seq Scan",
                      "Parent Relationship": "Outer",
                      "Parallel Aware": true,
                      "Relation Name": "movie_info",
                      "Alias": "mi",
                      "Startup Cost": 0.0,
                      "Total Cost": 199108.24,
                      "Plan Rows": 1204030,
                      "Plan Width": 4,
                      "Actual Startup Time": 21.141,
                      "Actual Total Time": 421.98,
                      "Actual Rows": 1013905,
                      "Actual Loops": 6,
                      "Filter": "(info_type_id > 9)",
                      "Rows Removed by Filter": 1458715
                    },
                    {
                      "Node Type": "Hash",
                      "Parent Relationship": "Inner",
                      "Parallel Aware": true,
                      "Startup Cost": 43899.32,
                      "Total Cost": 43899.32,
                      "Plan Rows": 157070,
                      "Plan Width": 4,
                      "Actual Startup Time": 159.858,
                      "Actual Total Time": 159.859,
                      "Actual Rows": 107162,
                      "Actual Loops": 6,
                      "Hash Buckets": 1048576,
                      "Original Hash Buckets": 1048576,
                      "Hash Batches": 1,
                      "Original Hash Batches": 1,
                      "Peak Memory Usage": 33472,
                      "Plans": [
                        {
                          "Node Type": "Seq Scan",
                          "Parent Relationship": "Outer",
                          "Parallel Aware": true,
                          "Relation Name": "title",
                          "Alias": "t",
                          "Startup Cost": 0.0,
                          "Total Cost": 43899.32,
                          "Plan Rows": 157070,
                          "Plan Width": 4,
                          "Actual Startup Time": 0.038,
                          "Actual Total Time": 99.9,
                          "Actual Rows": 107162,
                          "Actual Loops": 6,
                          "Filter": "(production_year < 1988)",
                          "Rows Removed by Filter": 314223
                        }
                      ]
                    }
                  ]
                }
              ]
            }
          ]
        }
      ]
    },
    "Planning Time": 0.697,
    "Triggers": [],
    "Execution Time": 906.928
  }
]