{
    "Plan": {
        "Node Type": "Aggregate",
        "Strategy": "Plain",
        "Partial Mode": "Finalize",
        "Parallel Aware": false,
        "Startup Cost": 120922.95,
        "Total Cost": 120922.96,
        "Plan Rows": 1,
        "Plan Width": 8,
        "Actual Startup Time": 1145.204,
        "Actual Total Time": 1179.775,
        "Actual Rows": 1,
        "Actual Loops": 1,
        "Output": [
            "count(*)"
        ],
        "Plans": [
            {
                "Node Type": "Gather",
                "Parent Relationship": "Outer",
                "Parallel Aware": false,
                "Startup Cost": 120922.63,
                "Total Cost": 120922.94,
                "Plan Rows": 3,
                "Plan Width": 8,
                "Actual Startup Time": 1124.643,
                "Actual Total Time": 1179.746,
                "Actual Rows": 4,
                "Actual Loops": 1,
                "Output": [
                    "(PARTIAL count(*))"
                ],
                "Workers Planned": 3,
                "Workers Launched": 3,
                "Single Copy": false,
                "Plans": [
                    {
                        "Node Type": "Aggregate",
                        "Strategy": "Plain",
                        "Partial Mode": "Partial",
                        "Parent Relationship": "Outer",
                        "Parallel Aware": false,
                        "Startup Cost": 119922.63,
                        "Total Cost": 119922.64,
                        "Plan Rows": 1,
                        "Plan Width": 8,
                        "Actual Startup Time": 1111.403,
                        "Actual Total Time": 1112.051,
                        "Actual Rows": 1,
                        "Actual Loops": 4,
                        "Output": [
                            "PARTIAL count(*)"
                        ],
                        "Workers": [
                            {
                                "Worker Number": 0,
                                "Actual Startup Time": 1108.382,
                                "Actual Total Time": 1108.388,
                                "Actual Rows": 1,
                                "Actual Loops": 1
                            },
                            {
                                "Worker Number": 1,
                                "Actual Startup Time": 1106.704,
                                "Actual Total Time": 1106.709,
                                "Actual Rows": 1,
                                "Actual Loops": 1
                            },
                            {
                                "Worker Number": 2,
                                "Actual Startup Time": 1106.717,
                                "Actual Total Time": 1106.723,
                                "Actual Rows": 1,
                                "Actual Loops": 1
                            }
                        ],
                        "Plans": [
                            {
                                "Node Type": "Hash Join",
                                "Parent Relationship": "Outer",
                                "Parallel Aware": true,
                                "Join Type": "Inner",
                                "Startup Cost": 72345.43,
                                "Total Cost": 119080.36,
                                "Plan Rows": 336909,
                                "Plan Width": 0,
                                "Actual Startup Time": 673.026,
                                "Actual Total Time": 1043.574,
                                "Actual Rows": 1210132,
                                "Actual Loops": 4,
                                "Inner Unique": false,
                                "Hash Cond": "(mk.movie_id = t.id)",
                                "Workers": [
                                    {
                                        "Worker Number": 0,
                                        "Actual Startup Time": 668.742,
                                        "Actual Total Time": 1040.473,
                                        "Actual Rows": 1087437,
                                        "Actual Loops": 1
                                    },
                                    {
                                        "Worker Number": 1,
                                        "Actual Startup Time": 668.733,
                                        "Actual Total Time": 1043.56,
                                        "Actual Rows": 1602156,
                                        "Actual Loops": 1
                                    },
                                    {
                                        "Worker Number": 2,
                                        "Actual Startup Time": 668.774,
                                        "Actual Total Time": 1039.442,
                                        "Actual Rows": 1081548,
                                        "Actual Loops": 1
                                    }
                                ],
                                "Plans": [
                                    {
                                        "Node Type": "Seq Scan",
                                        "Parent Relationship": "Outer",
                                        "Parallel Aware": true,
                                        "Relation Name": "movie_keyword",
                                        "Schema": "public",
                                        "Alias": "mk",
                                        "Startup Cost": 0.0,
                                        "Total Cost": 42695.65,
                                        "Plan Rows": 702796,
                                        "Plan Width": 4,
                                        "Actual Startup Time": 0.026,
                                        "Actual Total Time": 158.493,
                                        "Actual Rows": 544494,
                                        "Actual Loops": 4,
                                        "Output": [
                                            "mk.id",
                                            "mk.movie_id",
                                            "mk.keyword_id"
                                        ],
                                        "Filter": "(mk.keyword_id < 4289)",
                                        "Rows Removed by Filter": 586488,
                                        "Workers": [
                                            {
                                                "Worker Number": 0,
                                                "Actual Startup Time": 0.017,
                                                "Actual Total Time": 165.985,
                                                "Actual Rows": 491538,
                                                "Actual Loops": 1
                                            },
                                            {
                                                "Worker Number": 1,
                                                "Actual Startup Time": 0.026,
                                                "Actual Total Time": 167.51,
                                                "Actual Rows": 723892,
                                                "Actual Loops": 1
                                            },
                                            {
                                                "Worker Number": 2,
                                                "Actual Startup Time": 0.031,
                                                "Actual Total Time": 164.621,
                                                "Actual Rows": 484486,
                                                "Actual Loops": 1
                                            }
                                        ]
                                    },
                                    {
                                        "Node Type": "Hash",
                                        "Parent Relationship": "Inner",
                                        "Parallel Aware": true,
                                        "Startup Cost": 66032.74,
                                        "Total Cost": 66032.74,
                                        "Plan Rows": 505015,
                                        "Plan Width": 8,
                                        "Actual Startup Time": 664.766,
                                        "Actual Total Time": 665.411,
                                        "Actual Rows": 327596,
                                        "Actual Loops": 4,
                                        "Output": [
                                            "t.id",
                                            "mi_idx.movie_id"
                                        ],
                                        "Hash Buckets": 2097152,
                                        "Original Hash Buckets": 2097152,
                                        "Hash Batches": 1,
                                        "Original Hash Batches": 1,
                                        "Peak Memory Usage": 67680,
                                        "Workers": [
                                            {
                                                "Worker Number": 0,
                                                "Actual Startup Time": 667.783,
                                                "Actual Total Time": 667.787,
                                                "Actual Rows": 277256,
                                                "Actual Loops": 1
                                            },
                                            {
                                                "Worker Number": 1,
                                                "Actual Startup Time": 667.879,
                                                "Actual Total Time": 667.883,
                                                "Actual Rows": 383482,
                                                "Actual Loops": 1
                                            },
                                            {
                                                "Worker Number": 2,
                                                "Actual Startup Time": 667.931,
                                                "Actual Total Time": 667.935,
                                                "Actual Rows": 275439,
                                                "Actual Loops": 1
                                            }
                                        ],
                                        "Plans": [
                                            {
                                                "Node Type": "Hash Join",
                                                "Parent Relationship": "Outer",
                                                "Parallel Aware": true,
                                                "Join Type": "Inner",
                                                "Startup Cost": 50838.18,
                                                "Total Cost": 66032.74,
                                                "Plan Rows": 505015,
                                                "Plan Width": 8,
                                                "Actual Startup Time": 399.088,
                                                "Actual Total Time": 551.624,
                                                "Actual Rows": 327596,
                                                "Actual Loops": 4,
                                                "Output": [
                                                    "t.id",
                                                    "mi_idx.movie_id"
                                                ],
                                                "Inner Unique": true,
                                                "Hash Cond": "(mi_idx.movie_id = t.id)",
                                                "Workers": [
                                                    {
                                                        "Worker Number": 0,
                                                        "Actual Startup Time": 399.097,
                                                        "Actual Total Time": 552.08,
                                                        "Actual Rows": 277256,
                                                        "Actual Loops": 1
                                                    },
                                                    {
                                                        "Worker Number": 1,
                                                        "Actual Startup Time": 399.038,
                                                        "Actual Total Time": 550.886,
                                                        "Actual Rows": 383482,
                                                        "Actual Loops": 1
                                                    },
                                                    {
                                                        "Worker Number": 2,
                                                        "Actual Startup Time": 399.037,
                                                        "Actual Total Time": 550.838,
                                                        "Actual Rows": 275439,
                                                        "Actual Loops": 1
                                                    }
                                                ],
                                                "Plans": [
                                                    {
                                                        "Node Type": "Seq Scan",
                                                        "Parent Relationship": "Outer",
                                                        "Parallel Aware": true,
                                                        "Relation Name": "movie_info_idx",
                                                        "Schema": "public",
                                                        "Alias": "mi_idx",
                                                        "Startup Cost": 0.0,
                                                        "Total Cost": 13685.15,
                                                        "Plan Rows": 575015,
                                                        "Plan Width": 4,
                                                        "Actual Startup Time": 0.011,
                                                        "Actual Total Time": 36.506,
                                                        "Actual Rows": 345009,
                                                        "Actual Loops": 4,
                                                        "Output": [
                                                            "mi_idx.id",
                                                            "mi_idx.movie_id",
                                                            "mi_idx.info_type_id",
                                                            "mi_idx.info",
                                                            "mi_idx.note"
                                                        ],
                                                        "Workers": [
                                                            {
                                                                "Worker Number": 0,
                                                                "Actual Startup Time": 0.011,
                                                                "Actual Total Time": 38.0,
                                                                "Actual Rows": 292361,
                                                                "Actual Loops": 1
                                                            },
                                                            {
                                                                "Worker Number": 1,
                                                                "Actual Startup Time": 0.015,
                                                                "Actual Total Time": 36.39,
                                                                "Actual Rows": 404388,
                                                                "Actual Loops": 1
                                                            },
                                                            {
                                                                "Worker Number": 2,
                                                                "Actual Startup Time": 0.01,
                                                                "Actual Total Time": 38.324,
                                                                "Actual Rows": 289524,
                                                                "Actual Loops": 1
                                                            }
                                                        ]
                                                    },
                                                    {
                                                        "Node Type": "Hash",
                                                        "Parent Relationship": "Inner",
                                                        "Parallel Aware": true,
                                                        "Startup Cost": 43899.01,
                                                        "Total Cost": 43899.01,
                                                        "Plan Rows": 555134,
                                                        "Plan Width": 4,
                                                        "Actual Startup Time": 391.979,
                                                        "Actual Total Time": 391.98,
                                                        "Actual Rows": 556142,
                                                        "Actual Loops": 4,
                                                        "Output": [
                                                            "t.id"
                                                        ],
                                                        "Hash Buckets": 4194304,
                                                        "Original Hash Buckets": 4194304,
                                                        "Hash Batches": 1,
                                                        "Original Hash Batches": 1,
                                                        "Peak Memory Usage": 119840,
                                                        "Workers": [
                                                            {
                                                                "Worker Number": 0,
                                                                "Actual Startup Time": 398.927,
                                                                "Actual Total Time": 398.928,
                                                                "Actual Rows": 457460,
                                                                "Actual Loops": 1
                                                            },
                                                            {
                                                                "Worker Number": 1,
                                                                "Actual Startup Time": 398.969,
                                                                "Actual Total Time": 398.97,
                                                                "Actual Rows": 602643,
                                                                "Actual Loops": 1
                                                            },
                                                            {
                                                                "Worker Number": 2,
                                                                "Actual Startup Time": 398.958,
                                                                "Actual Total Time": 398.958,
                                                                "Actual Rows": 450362,
                                                                "Actual Loops": 1
                                                            }
                                                        ],
                                                        "Plans": [
                                                            {
                                                                "Node Type": "Seq Scan",
                                                                "Parent Relationship": "Outer",
                                                                "Parallel Aware": true,
                                                                "Relation Name": "title",
                                                                "Schema": "public",
                                                                "Alias": "t",
                                                                "Startup Cost": 0.0,
                                                                "Total Cost": 43899.01,
                                                                "Plan Rows": 555134,
                                                                "Plan Width": 4,
                                                                "Actual Startup Time": 0.063,
                                                                "Actual Total Time": 134.534,
                                                                "Actual Rows": 556142,
                                                                "Actual Loops": 4,
                                                                "Output": [
                                                                    "t.id"
                                                                ],
                                                                "Filter": "(t.production_year < 2012)",
                                                                "Rows Removed by Filter": 75936,
                                                                "Workers": [
                                                                    {
                                                                        "Worker Number": 0,
                                                                        "Actual Startup Time": 0.076,
                                                                        "Actual Total Time": 140.689,
                                                                        "Actual Rows": 457460,
                                                                        "Actual Loops": 1
                                                                    },
                                                                    {
                                                                        "Worker Number": 1,
                                                                        "Actual Startup Time": 0.08,
                                                                        "Actual Total Time": 134.135,
                                                                        "Actual Rows": 602643,
                                                                        "Actual Loops": 1
                                                                    },
                                                                    {
                                                                        "Worker Number": 2,
                                                                        "Actual Startup Time": 0.073,
                                                                        "Actual Total Time": 142.568,
                                                                        "Actual Rows": 450362,
                                                                        "Actual Loops": 1
                                                                    }
                                                                ]
                                                            }
                                                        ]
                                                    }
                                                ]
                                            }
                                        ]
                                    }
                                ]
                            }
                        ]
                    }
                ]
            }
        ]
    },
    "Planning Time": 1.473,
    "Triggers": [],
    "Execution Time": 1179.869
}