[
  {
    "Plan": {
      "Node Type": "Aggregate",
      "Strategy": "Plain",
      "Partial Mode": "Finalize",
      "Parallel Aware": false,
      "Startup Cost": 45506.12,
      "Total Cost": 45506.13,
      "Plan Rows": 1,
      "Plan Width": 8,
      "Actual Startup Time": 143.789,
      "Actual Total Time": 154.161,
      "Actual Rows": 1,
      "Actual Loops": 1,
      "Plans": [
        {
          "Node Type": "Gather",
          "Parent Relationship": "Outer",
          "Parallel Aware": false,
          "Startup Cost": 45505.8,
          "Total Cost": 45506.11,
          "Plan Rows": 3,
          "Plan Width": 8,
          "Actual Startup Time": 143.646,
          "Actual Total Time": 154.153,
          "Actual Rows": 4,
          "Actual Loops": 1,
          "Workers Planned": 3,
          "Workers Launched": 3,
          "Single Copy": false,
          "Plans": [
            {
              "Node Type": "Aggregate",
              "Strategy": "Plain",
              "Partial Mode": "Partial",
              "Parent Relationship": "Outer",
              "Parallel Aware": false,
              "Startup Cost": 44505.8,
              "Total Cost": 44505.81,
              "Plan Rows": 1,
              "Plan Width": 8,
              "Actual Startup Time": 140.042,
              "Actual Total Time": 140.043,
              "Actual Rows": 1,
              "Actual Loops": 4,
              "Plans": [
                {
                  "Node Type": "Seq Scan",
                  "Parent Relationship": "Outer",
                  "Parallel Aware": true,
                  "Relation Name": "movie_keyword",
                  "Alias": "mk",
                  "Startup Cost": 0.0,
                  "Total Cost": 42695.65,
                  "Plan Rows": 724060,
                  "Plan Width": 0,
                  "Actual Startup Time": 0.029,
                  "Actual Total Time": 113.461,
                  "Actual Rows": 565954,
                  "Actual Loops": 4,
                  "Filter": "(keyword_id < 4720)",
                  "Rows Removed by Filter": 565029
                }
              ]
            }
          ]
        }
      ]
    },
    "Planning Time": 0.085,
    "Triggers": [],
    "Execution Time": 154.196
  }
]