[
  {
    "Plan": {
      "Node Type": "Aggregate",
      "Strategy": "Plain",
      "Partial Mode": "Finalize",
      "Parallel Aware": false,
      "Startup Cost": 25955.1,
      "Total Cost": 25955.11,
      "Plan Rows": 1,
      "Plan Width": 8,
      "Actual Startup Time": 50.871,
      "Actual Total Time": 56.166,
      "Actual Rows": 1,
      "Actual Loops": 1,
      "Plans": [
        {
          "Node Type": "Gather",
          "Parent Relationship": "Outer",
          "Parallel Aware": false,
          "Startup Cost": 25954.89,
          "Total Cost": 25955.1,
          "Plan Rows": 2,
          "Plan Width": 8,
          "Actual Startup Time": 50.496,
          "Actual Total Time": 56.161,
          "Actual Rows": 3,
          "Actual Loops": 1,
          "Workers Planned": 2,
          "Workers Launched": 2,
          "Single Copy": false,
          "Plans": [
            {
              "Node Type": "Aggregate",
              "Strategy": "Plain",
              "Partial Mode": "Partial",
              "Parent Relationship": "Outer",
              "Parallel Aware": false,
              "Startup Cost": 24954.89,
              "Total Cost": 24954.9,
              "Plan Rows": 1,
              "Plan Width": 8,
              "Actual Startup Time": 42.145,
              "Actual Total Time": 42.147,
              "Actual Rows": 1,
              "Actual Loops": 3,
              "Plans": [
                {
                  "Node Type": "Nested Loop",
                  "Parent Relationship": "Outer",
                  "Parallel Aware": false,
                  "Join Type": "Inner",
                  "Startup Cost": 94.02,
                  "Total Cost": 24953.02,
                  "Plan Rows": 746,
                  "Plan Width": 0,
                  "Actual Startup Time": 29.16,
                  "Actual Total Time": 42.097,
                  "Actual Rows": 432,
                  "Actual Loops": 3,
                  "Inner Unique": false,
                  "Plans": [
                    {
                      "Node Type": "Nested Loop",
                      "Parent Relationship": "Outer",
                      "Parallel Aware": false,
                      "Join Type": "Inner",
                      "Startup Cost": 93.58,
                      "Total Cost": 24154.43,
                      "Plan Rows": 127,
                      "Plan Width": 8,
                      "Actual Startup Time": 29.052,
                      "Actual Total Time": 40.986,
                      "Actual Rows": 13,
                      "Actual Loops": 3,
                      "Inner Unique": true,
                      "Plans": [
                        {
                          "Node Type": "Bitmap Heap Scan",
                          "Parent Relationship": "Outer",
                          "Parallel Aware": true,
                          "Relation Name": "movie_keyword",
                          "Alias": "mk",
                          "Startup Cost": 93.15,
                          "Total Cost": 11014.05,
                          "Plan Rows": 1759,
                          "Plan Width": 4,
                          "Actual Startup Time": 19.508,
                          "Actual Total Time": 25.008,
                          "Actual Rows": 1513,
                          "Actual Loops": 3,
                          "Recheck Cond": "(keyword_id = 2762)",
                          "Rows Removed by Index Recheck": 0,
                          "Exact Heap Blocks": 2445,
                          "Lossy Heap Blocks": 0,
                          "Plans": [
                            {
                              "Node Type": "Bitmap Index Scan",
                              "Parent Relationship": "Outer",
                              "Parallel Aware": false,
                              "Index Name": "keyword_id_movie_keyword",
                              "Startup Cost": 0.0,
                              "Total Cost": 92.1,
                              "Plan Rows": 4222,
                              "Plan Width": 0,
                              "Actual Startup Time": 26.81,
                              "Actual Total Time": 26.811,
                              "Actual Rows": 4540,
                              "Actual Loops": 1,
                              "Index Cond": "(keyword_id = 2762)"
                            }
                          ]
                        },
                        {
                          "Node Type": "Index Scan",
                          "Parent Relationship": "Inner",
                          "Parallel Aware": false,
                          "Scan Direction": "Forward",
                          "Index Name": "title_pkey",
                          "Relation Name": "title",
                          "Alias": "t",
                          "Startup Cost": 0.43,
                          "Total Cost": 7.47,
                          "Plan Rows": 1,
                          "Plan Width": 4,
                          "Actual Startup Time": 0.01,
                          "Actual Total Time": 0.01,
                          "Actual Rows": 0,
                          "Actual Loops": 4540,
                          "Index Cond": "(id = mk.movie_id)",
                          "Rows Removed by Index Recheck": 0,
                          "Filter": "(production_year < 1955)",
                          "Rows Removed by Filter": 1
                        }
                      ]
                    },
                    {
                      "Node Type": "Index Only Scan",
                      "Parent Relationship": "Inner",
                      "Parallel Aware": false,
                      "Scan Direction": "Forward",
                      "Index Name": "movie_id_movie_info",
                      "Relation Name": "movie_info",
                      "Alias": "mi",
                      "Startup Cost": 0.43,
                      "Total Cost": 5.88,
                      "Plan Rows": 41,
                      "Plan Width": 4,
                      "Actual Startup Time": 0.024,
                      "Actual Total Time": 0.08,
                      "Actual Rows": 33,
                      "Actual Loops": 39,
                      "Index Cond": "(movie_id = t.id)",
                      "Rows Removed by Index Recheck": 0,
                      "Heap Fetches": 1296
                    }
                  ]
                }
              ]
            }
          ]
        }
      ]
    },
    "Planning Time": 0.562,
    "Triggers": [],
    "Execution Time": 56.205
  }
]