{
  "Plan": {
    "Node Type": "Aggregate",
    "Strategy": "Plain",
    "Partial Mode": "Finalize",
    "Parallel Aware": false,
    "Startup Cost": 218504.21,
    "Total Cost": 218504.22,
    "Plan Rows": 1,
    "Plan Width": 8,
    "Actual Startup Time": 1083.525,
    "Actual Total Time": 1103.018,
    "Actual Rows": 1,
    "Actual Loops": 1,
    "Plans": [
      {
        "Node Type": "Gather",
        "Parent Relationship": "Outer",
        "Parallel Aware": false,
        "Startup Cost": 218504.1,
        "Total Cost": 218504.21,
        "Plan Rows": 1,
        "Plan Width": 8,
        "Actual Startup Time": 1083.516,
        "Actual Total Time": 1103.011,
        "Actual Rows": 2,
        "Actual Loops": 1,
        "Workers Planned": 1,
        "Workers Launched": 1,
        "Single Copy": false,
        "Plans": [
          {
            "Node Type": "Aggregate",
            "Strategy": "Plain",
            "Partial Mode": "Partial",
            "Parent Relationship": "Outer",
            "Parallel Aware": false,
            "Startup Cost": 217504.1,
            "Total Cost": 217504.11,
            "Plan Rows": 1,
            "Plan Width": 8,
            "Actual Startup Time": 1061.221,
            "Actual Total Time": 1061.235,
            "Actual Rows": 1,
            "Actual Loops": 2,
            "Plans": [
              {
                "Node Type": "Merge Join",
                "Parent Relationship": "Outer",
                "Parallel Aware": false,
                "Join Type": "Inner",
                "Startup Cost": 212506.19,
                "Total Cost": 217335.34,
                "Plan Rows": 67503,
                "Plan Width": 0,
                "Actual Startup Time": 957.579,
                "Actual Total Time": 1052.266,
                "Actual Rows": 221482,
                "Actual Loops": 2,
                "Inner Unique": false,
                "Merge Cond": "(t.id = mi_idx.movie_id)",
                "Plans": [
                  {
                    "Node Type": "Sort",
                    "Parent Relationship": "Outer",
                    "Parallel Aware": false,
                    "Startup Cost": 147106.95,
                    "Total Cost": 148032.51,
                    "Plan Rows": 370227,
                    "Plan Width": 8,
                    "Actual Startup Time": 788.837,
                    "Actual Total Time": 800.448,
                    "Actual Rows": 320863,
                    "Actual Loops": 2,
                    "Sort Key": [
                      "mk.movie_id"
                    ],
                    "Sort Method": "quicksort",
                    "Sort Space Used": 28940,
                    "Sort Space Type": "Memory",
                    "Workers": [
                      {
                        "Worker Number": 0,
                        "Sort Method": "quicksort",
                        "Sort Space Used": 25718,
                        "Sort Space Type": "Memory"
                      }
                    ],
                    "Plans": [
                      {
                        "Node Type": "Hash Join",
                        "Parent Relationship": "Outer",
                        "Parallel Aware": true,
                        "Join Type": "Inner",
                        "Startup Cost": 82810.87,
                        "Total Cost": 112864.56,
                        "Plan Rows": 370227,
                        "Plan Width": 8,
                        "Actual Startup Time": 552.388,
                        "Actual Total Time": 729.14,
                        "Actual Rows": 320863,
                        "Actual Loops": 2,
                        "Inner Unique": true,
                        "Hash Cond": "(mk.movie_id = t.id)",
                        "Plans": [
                          {
                            "Node Type": "Bitmap Heap Scan",
                            "Parent Relationship": "Outer",
                            "Parallel Aware": true,
                            "Relation Name": "movie_keyword",
                            "Alias": "mk",
                            "Startup Cost": 13350.17,
                            "Total Cost": 42432.01,
                            "Plan Rows": 370227,
                            "Plan Width": 4,
                            "Actual Startup Time": 33.808,
                            "Actual Total Time": 111.104,
                            "Actual Rows": 320863,
                            "Actual Loops": 2,
                            "Recheck Cond": "(keyword_id < 498)",
                            "Rows Removed by Index Recheck": 0,
                            "Exact Heap Blocks": 13552,
                            "Lossy Heap Blocks": 0,
                            "Plans": [
                              {
                                "Node Type": "Bitmap Index Scan",
                                "Parent Relationship": "Outer",
                                "Parallel Aware": false,
                                "Index Name": "keyword_id_movie_keyword",
                                "Startup Cost": 0.0,
                                "Total Cost": 13192.83,
                                "Plan Rows": 629386,
                                "Plan Width": 0,
                                "Actual Startup Time": 30.181,
                                "Actual Total Time": 30.182,
                                "Actual Rows": 641726,
                                "Actual Loops": 1,
                                "Index Cond": "(keyword_id < 498)"
                              }
                            ]
                          },
                          {
                            "Node Type": "Hash",
                            "Parent Relationship": "Inner",
                            "Parallel Aware": true,
                            "Startup Cost": 50870.31,
                            "Total Cost": 50870.31,
                            "Plan Rows": 1487231,
                            "Plan Width": 4,
                            "Actual Startup Time": 496.898,
                            "Actual Total Time": 496.899,
                            "Actual Rows": 1264156,
                            "Actual Loops": 2,
                            "Hash Buckets": 4194304,
                            "Original Hash Buckets": 4194304,
                            "Hash Batches": 1,
                            "Original Hash Batches": 1,
                            "Peak Memory Usage": 131712,
                            "Plans": [
                              {
                                "Node Type": "Seq Scan",
                                "Parent Relationship": "Outer",
                                "Parallel Aware": true,
                                "Relation Name": "title",
                                "Alias": "t",
                                "Startup Cost": 0.0,
                                "Total Cost": 50870.31,
                                "Plan Rows": 1487231,
                                "Plan Width": 4,
                                "Actual Startup Time": 0.026,
                                "Actual Total Time": 153.396,
                                "Actual Rows": 1264156,
                                "Actual Loops": 2
                              }
                            ]
                          }
                        ]
                      }
                    ]
                  },
                  {
                    "Node Type": "Sort",
                    "Parent Relationship": "Inner",
                    "Parallel Aware": false,
                    "Startup Cost": 65399.21,
                    "Total Cost": 66551.66,
                    "Plan Rows": 460978,
                    "Plan Width": 4,
                    "Actual Startup Time": 168.725,
                    "Actual Total Time": 189.026,
                    "Actual Rows": 599799,
                    "Actual Loops": 2,
                    "Sort Key": [
                      "mi_idx.movie_id"
                    ],
                    "Sort Method": "quicksort",
                    "Sort Space Used": 33860,
                    "Sort Space Type": "Memory",
                    "Workers": [
                      {
                        "Worker Number": 0,
                        "Sort Method": "quicksort",
                        "Sort Space Used": 33860,
                        "Sort Space Type": "Memory"
                      }
                    ],
                    "Plans": [
                      {
                        "Node Type": "Bitmap Heap Scan",
                        "Parent Relationship": "Outer",
                        "Parallel Aware": false,
                        "Relation Name": "movie_info_idx",
                        "Alias": "mi_idx",
                        "Startup Cost": 8337.01,
                        "Total Cost": 22034.23,
                        "Plan Rows": 460978,
                        "Plan Width": 4,
                        "Actual Startup Time": 23.527,
                        "Actual Total Time": 79.55,
                        "Actual Rows": 460185,
                        "Actual Loops": 2,
                        "Recheck Cond": "(info_type_id > 100)",
                        "Rows Removed by Index Recheck": 0,
                        "Exact Heap Blocks": 7935,
                        "Lossy Heap Blocks": 0,
                        "Plans": [
                          {
                            "Node Type": "Bitmap Index Scan",
                            "Parent Relationship": "Outer",
                            "Parallel Aware": false,
                            "Index Name": "info_type_id_movie_info_idx",
                            "Startup Cost": 0.0,
                            "Total Cost": 8221.76,
                            "Plan Rows": 460978,
                            "Plan Width": 0,
                            "Actual Startup Time": 22.596,
                            "Actual Total Time": 22.597,
                            "Actual Rows": 460185,
                            "Actual Loops": 2,
                            "Index Cond": "(info_type_id > 100)"
                          }
                        ]
                      }
                    ]
                  }
                ]
              }
            ]
          }
        ]
      }
    ]
  },
  "Planning Time": 1.039,
  "Triggers": [],
  "Execution Time": 1105.173
}