[
  {
    "Plan": {
      "Node Type": "Aggregate",
      "Strategy": "Plain",
      "Partial Mode": "Finalize",
      "Parallel Aware": false,
      "Startup Cost": 302322.11,
      "Total Cost": 302322.12,
      "Plan Rows": 1,
      "Plan Width": 8,
      "Actual Startup Time": 3528.921,
      "Actual Total Time": 3580.25,
      "Actual Rows": 1,
      "Actual Loops": 1,
      "Plans": [
        {
          "Node Type": "Gather",
          "Parent Relationship": "Outer",
          "Parallel Aware": false,
          "Startup Cost": 302321.59,
          "Total Cost": 302322.1,
          "Plan Rows": 5,
          "Plan Width": 8,
          "Actual Startup Time": 3520.172,
          "Actual Total Time": 3580.24,
          "Actual Rows": 6,
          "Actual Loops": 1,
          "Workers Planned": 5,
          "Workers Launched": 5,
          "Single Copy": false,
          "Plans": [
            {
              "Node Type": "Aggregate",
              "Strategy": "Plain",
              "Partial Mode": "Partial",
              "Parent Relationship": "Outer",
              "Parallel Aware": false,
              "Startup Cost": 301321.59,
              "Total Cost": 301321.6,
              "Plan Rows": 1,
              "Plan Width": 8,
              "Actual Startup Time": 3509.663,
              "Actual Total Time": 3509.674,
              "Actual Rows": 1,
              "Actual Loops": 6,
              "Plans": [
                {
                  "Node Type": "Hash Join",
                  "Parent Relationship": "Outer",
                  "Parallel Aware": true,
                  "Join Type": "Inner",
                  "Startup Cost": 93046.3,
                  "Total Cost": 298939.6,
                  "Plan Rows": 952795,
                  "Plan Width": 0,
                  "Actual Startup Time": 379.363,
                  "Actual Total Time": 2573.503,
                  "Actual Rows": 22672307,
                  "Actual Loops": 6,
                  "Inner Unique": false,
                  "Hash Cond": "(mi.movie_id = t.id)",
                  "Plans": [
                    {
                      "Node Type": "Seq Scan",
                      "Parent Relationship": "Outer",
                      "Parallel Aware": true,
                      "Relation Name": "movie_info",
                      "Alias": "mi",
                      "Startup Cost": 0.0,
                      "Total Cost": 191685.19,
                      "Plan Rows": 2969219,
                      "Plan Width": 4,
                      "Actual Startup Time": 0.03,
                      "Actual Total Time": 288.613,
                      "Actual Rows": 2472620,
                      "Actual Loops": 6
                    },
                    {
                      "Node Type": "Hash",
                      "Parent Relationship": "Inner",
                      "Parallel Aware": true,
                      "Startup Cost": 89774.74,
                      "Total Cost": 89774.74,
                      "Plan Rows": 261725,
                      "Plan Width": 8,
                      "Actual Startup Time": 363.762,
                      "Actual Total Time": 363.77,
                      "Actual Rows": 240339,
                      "Actual Loops": 6,
                      "Hash Buckets": 2097152,
                      "Original Hash Buckets": 1048576,
                      "Hash Batches": 1,
                      "Original Hash Batches": 1,
                      "Peak Memory Usage": 81088,
                      "Plans": [
                        {
                          "Node Type": "Hash Join",
                          "Parent Relationship": "Outer",
                          "Parallel Aware": true,
                          "Join Type": "Inner",
                          "Startup Cost": 46896.66,
                          "Total Cost": 89774.74,
                          "Plan Rows": 261725,
                          "Plan Width": 8,
                          "Actual Startup Time": 138.025,
                          "Actual Total Time": 269.022,
                          "Actual Rows": 240339,
                          "Actual Loops": 6,
                          "Inner Unique": true,
                          "Hash Cond": "(mk.movie_id = t.id)",
                          "Plans": [
                            {
                              "Node Type": "Seq Scan",
                              "Parent Relationship": "Outer",
                              "Parallel Aware": true,
                              "Relation Name": "movie_keyword",
                              "Alias": "mk",
                              "Startup Cost": 0.0,
                              "Total Cost": 39047.32,
                              "Plan Rows": 1459332,
                              "Plan Width": 4,
                              "Actual Startup Time": 0.036,
                              "Actual Total Time": 66.629,
                              "Actual Rows": 753988,
                              "Actual Loops": 6
                            },
                            {
                              "Node Type": "Hash",
                              "Parent Relationship": "Inner",
                              "Parallel Aware": true,
                              "Startup Cost": 45479.59,
                              "Total Cost": 45479.59,
                              "Plan Rows": 113366,
                              "Plan Width": 4,
                              "Actual Startup Time": 110.575,
                              "Actual Total Time": 110.578,
                              "Actual Rows": 55046,
                              "Actual Loops": 6,
                              "Hash Buckets": 524288,
                              "Original Hash Buckets": 524288,
                              "Hash Batches": 1,
                              "Original Hash Batches": 1,
                              "Peak Memory Usage": 17088,
                              "Plans": [
                                {
                                  "Node Type": "Seq Scan",
                                  "Parent Relationship": "Outer",
                                  "Parallel Aware": true,
                                  "Relation Name": "title",
                                  "Alias": "t",
                                  "Startup Cost": 0.0,
                                  "Total Cost": 45479.59,
                                  "Plan Rows": 113366,
                                  "Plan Width": 4,
                                  "Actual Startup Time": 43.488,
                                  "Actual Total Time": 84.88,
                                  "Actual Rows": 55046,
                                  "Actual Loops": 6,
                                  "Filter": "((production_year > 1991) AND (kind_id = 1))",
                                  "Rows Removed by Filter": 366339
                                }
                              ]
                            }
                          ]
                        }
                      ]
                    }
                  ]
                }
              ]
            }
          ]
        }
      ]
    },
    "Planning Time": 1.148,
    "Triggers": [],
    "Execution Time": 3580.332
  }
]