[
  {
    "Plan": {
      "Node Type": "Aggregate",
      "Strategy": "Plain",
      "Partial Mode": "Finalize",
      "Parallel Aware": false,
      "Startup Cost": 302142.05,
      "Total Cost": 302142.06,
      "Plan Rows": 1,
      "Plan Width": 8,
      "Actual Startup Time": 3749.021,
      "Actual Total Time": 3788.819,
      "Actual Rows": 1,
      "Actual Loops": 1,
      "Plans": [
        {
          "Node Type": "Gather",
          "Parent Relationship": "Outer",
          "Parallel Aware": false,
          "Startup Cost": 302141.53,
          "Total Cost": 302142.04,
          "Plan Rows": 5,
          "Plan Width": 8,
          "Actual Startup Time": 3736.842,
          "Actual Total Time": 3788.807,
          "Actual Rows": 6,
          "Actual Loops": 1,
          "Workers Planned": 5,
          "Workers Launched": 5,
          "Single Copy": false,
          "Plans": [
            {
              "Node Type": "Aggregate",
              "Strategy": "Plain",
              "Partial Mode": "Partial",
              "Parent Relationship": "Outer",
              "Parallel Aware": false,
              "Startup Cost": 301141.53,
              "Total Cost": 301141.54,
              "Plan Rows": 1,
              "Plan Width": 8,
              "Actual Startup Time": 3726.213,
              "Actual Total Time": 3726.444,
              "Actual Rows": 1,
              "Actual Loops": 6,
              "Plans": [
                {
                  "Node Type": "Hash Join",
                  "Parent Relationship": "Outer",
                  "Parallel Aware": true,
                  "Join Type": "Inner",
                  "Startup Cost": 93052.62,
                  "Total Cost": 298765.96,
                  "Plan Rows": 950229,
                  "Plan Width": 0,
                  "Actual Startup Time": 402.067,
                  "Actual Total Time": 2724.3,
                  "Actual Rows": 22672307,
                  "Actual Loops": 6,
                  "Inner Unique": false,
                  "Hash Cond": "(mi.movie_id = t.id)",
                  "Plans": [
                    {
                      "Node Type": "Seq Scan",
                      "Parent Relationship": "Outer",
                      "Parallel Aware": true,
                      "Relation Name": "movie_info",
                      "Alias": "mi",
                      "Startup Cost": 0.0,
                      "Total Cost": 191560.33,
                      "Plan Rows": 2956733,
                      "Plan Width": 4,
                      "Actual Startup Time": 0.034,
                      "Actual Total Time": 306.3,
                      "Actual Rows": 2472620,
                      "Actual Loops": 6
                    },
                    {
                      "Node Type": "Hash",
                      "Parent Relationship": "Inner",
                      "Parallel Aware": true,
                      "Startup Cost": 89776.25,
                      "Total Cost": 89776.25,
                      "Plan Rows": 262109,
                      "Plan Width": 8,
                      "Actual Startup Time": 384.691,
                      "Actual Total Time": 384.921,
                      "Actual Rows": 240339,
                      "Actual Loops": 6,
                      "Hash Buckets": 2097152,
                      "Original Hash Buckets": 1048576,
                      "Hash Batches": 1,
                      "Original Hash Batches": 1,
                      "Peak Memory Usage": 81088,
                      "Plans": [
                        {
                          "Node Type": "Hash Join",
                          "Parent Relationship": "Outer",
                          "Parallel Aware": true,
                          "Join Type": "Inner",
                          "Startup Cost": 46898.17,
                          "Total Cost": 89776.25,
                          "Plan Rows": 262109,
                          "Plan Width": 8,
                          "Actual Startup Time": 144.646,
                          "Actual Total Time": 286.751,
                          "Actual Rows": 240339,
                          "Actual Loops": 6,
                          "Inner Unique": true,
                          "Hash Cond": "(mk.movie_id = t.id)",
                          "Plans": [
                            {
                              "Node Type": "Seq Scan",
                              "Parent Relationship": "Outer",
                              "Parallel Aware": true,
                              "Relation Name": "movie_keyword",
                              "Alias": "mk",
                              "Startup Cost": 0.0,
                              "Total Cost": 39047.32,
                              "Plan Rows": 1459332,
                              "Plan Width": 4,
                              "Actual Startup Time": 0.034,
                              "Actual Total Time": 72.088,
                              "Actual Rows": 753988,
                              "Actual Loops": 6
                            },
                            {
                              "Node Type": "Hash",
                              "Parent Relationship": "Inner",
                              "Parallel Aware": true,
                              "Startup Cost": 45479.1,
                              "Total Cost": 45479.1,
                              "Plan Rows": 113526,
                              "Plan Width": 4,
                              "Actual Startup Time": 115.169,
                              "Actual Total Time": 115.17,
                              "Actual Rows": 55046,
                              "Actual Loops": 6,
                              "Hash Buckets": 524288,
                              "Original Hash Buckets": 524288,
                              "Hash Batches": 1,
                              "Original Hash Batches": 1,
                              "Peak Memory Usage": 17152,
                              "Plans": [
                                {
                                  "Node Type": "Seq Scan",
                                  "Parent Relationship": "Outer",
                                  "Parallel Aware": true,
                                  "Relation Name": "title",
                                  "Alias": "t",
                                  "Startup Cost": 0.0,
                                  "Total Cost": 45479.1,
                                  "Plan Rows": 113526,
                                  "Plan Width": 4,
                                  "Actual Startup Time": 47.613,
                                  "Actual Total Time": 88.998,
                                  "Actual Rows": 55046,
                                  "Actual Loops": 6,
                                  "Filter": "((production_year > 1991) AND (kind_id = 1))",
                                  "Rows Removed by Filter": 366339
                                }
                              ]
                            }
                          ]
                        }
                      ]
                    }
                  ]
                }
              ]
            }
          ]
        }
      ]
    },
    "Planning Time": 1.336,
    "Triggers": [],
    "Execution Time": 3788.905
  }
]