[
  {
    "Plan": {
      "Node Type": "Aggregate",
      "Strategy": "Plain",
      "Partial Mode": "Finalize",
      "Parallel Aware": false,
      "Startup Cost": 350812.73,
      "Total Cost": 350812.74,
      "Plan Rows": 1,
      "Plan Width": 8,
      "Actual Startup Time": 742.73,
      "Actual Total Time": 785.624,
      "Actual Rows": 1,
      "Actual Loops": 1,
      "Plans": [
        {
          "Node Type": "Gather",
          "Parent Relationship": "Outer",
          "Parallel Aware": false,
          "Startup Cost": 350812.1,
          "Total Cost": 350812.71,
          "Plan Rows": 6,
          "Plan Width": 8,
          "Actual Startup Time": 742.51,
          "Actual Total Time": 785.613,
          "Actual Rows": 7,
          "Actual Loops": 1,
          "Workers Planned": 6,
          "Workers Launched": 6,
          "Single Copy": false,
          "Plans": [
            {
              "Node Type": "Aggregate",
              "Strategy": "Plain",
              "Partial Mode": "Partial",
              "Parent Relationship": "Outer",
              "Parallel Aware": false,
              "Startup Cost": 349812.1,
              "Total Cost": 349812.11,
              "Plan Rows": 1,
              "Plan Width": 8,
              "Actual Startup Time": 731.753,
              "Actual Total Time": 731.754,
              "Actual Rows": 1,
              "Actual Loops": 7,
              "Plans": [
                {
                  "Node Type": "Seq Scan",
                  "Parent Relationship": "Outer",
                  "Parallel Aware": true,
                  "Relation Name": "cast_info",
                  "Alias": "ci",
                  "Startup Cost": 0.0,
                  "Total Cost": 343316.27,
                  "Plan Rows": 2598333,
                  "Plan Width": 0,
                  "Actual Startup Time": 330.638,
                  "Actual Total Time": 634.206,
                  "Actual Rows": 2262897,
                  "Actual Loops": 7,
                  "Filter": "((person_id > 106722) AND (role_id > 2))",
                  "Rows Removed by Filter": 2914866
                }
              ]
            }
          ]
        }
      ]
    },
    "Planning Time": 0.236,
    "Triggers": [],
    "Execution Time": 785.695
  }
]