[
  {
    "Plan": {
      "Node Type": "Aggregate",
      "Strategy": "Plain",
      "Partial Mode": "Finalize",
      "Parallel Aware": false,
      "Startup Cost": 347273.31,
      "Total Cost": 347273.32,
      "Plan Rows": 1,
      "Plan Width": 8,
      "Actual Startup Time": 567.257,
      "Actual Total Time": 602.333,
      "Actual Rows": 1,
      "Actual Loops": 1,
      "Plans": [
        {
          "Node Type": "Gather",
          "Parent Relationship": "Outer",
          "Parallel Aware": false,
          "Startup Cost": 347272.68,
          "Total Cost": 347273.29,
          "Plan Rows": 6,
          "Plan Width": 8,
          "Actual Startup Time": 567.067,
          "Actual Total Time": 602.313,
          "Actual Rows": 7,
          "Actual Loops": 1,
          "Workers Planned": 6,
          "Workers Launched": 6,
          "Single Copy": false,
          "Plans": [
            {
              "Node Type": "Aggregate",
              "Strategy": "Plain",
              "Partial Mode": "Partial",
              "Parent Relationship": "Outer",
              "Parallel Aware": false,
              "Startup Cost": 346272.68,
              "Total Cost": 346272.69,
              "Plan Rows": 1,
              "Plan Width": 8,
              "Actual Startup Time": 559.155,
              "Actual Total Time": 559.156,
              "Actual Rows": 1,
              "Actual Loops": 7,
              "Plans": [
                {
                  "Node Type": "Index Scan",
                  "Parent Relationship": "Outer",
                  "Parallel Aware": true,
                  "Scan Direction": "Forward",
                  "Index Name": "role_id_cast_info",
                  "Relation Name": "cast_info",
                  "Alias": "ci",
                  "Startup Cost": 0.56,
                  "Total Cost": 341155.22,
                  "Plan Rows": 2046985,
                  "Plan Width": 0,
                  "Actual Startup Time": 42.46,
                  "Actual Total Time": 463.185,
                  "Actual Rows": 1683040,
                  "Actual Loops": 7,
                  "Index Cond": "(role_id = 1)",
                  "Rows Removed by Index Recheck": 0,
                  "Filter": "(person_id > 124797)",
                  "Rows Removed by Filter": 127058
                }
              ]
            }
          ]
        }
      ]
    },
    "Planning Time": 0.153,
    "Triggers": [],
    "Execution Time": 602.384
  }
]