[
  {
    "Plan": {
      "Node Type": "Aggregate",
      "Strategy": "Plain",
      "Partial Mode": "Finalize",
      "Parallel Aware": false,
      "Startup Cost": 46374.38,
      "Total Cost": 46374.39,
      "Plan Rows": 1,
      "Plan Width": 8,
      "Actual Startup Time": 128.812,
      "Actual Total Time": 141.453,
      "Actual Rows": 1,
      "Actual Loops": 1,
      "Plans": [
        {
          "Node Type": "Gather",
          "Parent Relationship": "Outer",
          "Parallel Aware": false,
          "Startup Cost": 46373.96,
          "Total Cost": 46374.37,
          "Plan Rows": 4,
          "Plan Width": 8,
          "Actual Startup Time": 128.478,
          "Actual Total Time": 141.444,
          "Actual Rows": 5,
          "Actual Loops": 1,
          "Workers Planned": 4,
          "Workers Launched": 4,
          "Single Copy": false,
          "Plans": [
            {
              "Node Type": "Aggregate",
              "Strategy": "Plain",
              "Partial Mode": "Partial",
              "Parent Relationship": "Outer",
              "Parallel Aware": false,
              "Startup Cost": 45373.96,
              "Total Cost": 45373.97,
              "Plan Rows": 1,
              "Plan Width": 8,
              "Actual Startup Time": 118.775,
              "Actual Total Time": 118.777,
              "Actual Rows": 1,
              "Actual Loops": 5,
              "Plans": [
                {
                  "Node Type": "Seq Scan",
                  "Parent Relationship": "Outer",
                  "Parallel Aware": true,
                  "Relation Name": "title",
                  "Alias": "t",
                  "Startup Cost": 0.0,
                  "Total Cost": 43899.32,
                  "Plan Rows": 589854,
                  "Plan Width": 0,
                  "Actual Startup Time": 0.057,
                  "Actual Total Time": 95.796,
                  "Actual Rows": 471005,
                  "Actual Loops": 5,
                  "Filter": "(production_year > 1924)",
                  "Rows Removed by Filter": 34658
                }
              ]
            }
          ]
        }
      ]
    },
    "Planning Time": 0.159,
    "Triggers": [],
    "Execution Time": 141.51
  }
]