[
  {
    "Plan": {
      "Node Type": "Aggregate",
      "Strategy": "Plain",
      "Partial Mode": "Finalize",
      "Parallel Aware": false,
      "Startup Cost": 46372.78,
      "Total Cost": 46372.79,
      "Plan Rows": 1,
      "Plan Width": 8,
      "Actual Startup Time": 127.555,
      "Actual Total Time": 143.265,
      "Actual Rows": 1,
      "Actual Loops": 1,
      "Plans": [
        {
          "Node Type": "Gather",
          "Parent Relationship": "Outer",
          "Parallel Aware": false,
          "Startup Cost": 46372.36,
          "Total Cost": 46372.77,
          "Plan Rows": 4,
          "Plan Width": 8,
          "Actual Startup Time": 127.425,
          "Actual Total Time": 143.254,
          "Actual Rows": 5,
          "Actual Loops": 1,
          "Workers Planned": 4,
          "Workers Launched": 4,
          "Single Copy": false,
          "Plans": [
            {
              "Node Type": "Aggregate",
              "Strategy": "Plain",
              "Partial Mode": "Partial",
              "Parent Relationship": "Outer",
              "Parallel Aware": false,
              "Startup Cost": 45372.36,
              "Total Cost": 45372.37,
              "Plan Rows": 1,
              "Plan Width": 8,
              "Actual Startup Time": 120.748,
              "Actual Total Time": 120.749,
              "Actual Rows": 1,
              "Actual Loops": 5,
              "Plans": [
                {
                  "Node Type": "Seq Scan",
                  "Parent Relationship": "Outer",
                  "Parallel Aware": true,
                  "Relation Name": "title",
                  "Alias": "t",
                  "Startup Cost": 0.0,
                  "Total Cost": 43898.92,
                  "Plan Rows": 589377,
                  "Plan Width": 0,
                  "Actual Startup Time": 0.027,
                  "Actual Total Time": 96.888,
                  "Actual Rows": 471005,
                  "Actual Loops": 5,
                  "Filter": "(production_year > 1924)",
                  "Rows Removed by Filter": 34658
                }
              ]
            }
          ]
        }
      ]
    },
    "Planning Time": 0.098,
    "Triggers": [],
    "Execution Time": 143.313
  }
]