[
  {
    "Plan": {
      "Node Type": "Aggregate",
      "Strategy": "Plain",
      "Partial Mode": "Finalize",
      "Parallel Aware": false,
      "Startup Cost": 96340.02,
      "Total Cost": 96340.03,
      "Plan Rows": 1,
      "Plan Width": 8,
      "Actual Startup Time": 430.613,
      "Actual Total Time": 445.799,
      "Actual Rows": 1,
      "Actual Loops": 1,
      "Plans": [
        {
          "Node Type": "Gather",
          "Parent Relationship": "Outer",
          "Parallel Aware": false,
          "Startup Cost": 96339.7,
          "Total Cost": 96340.01,
          "Plan Rows": 3,
          "Plan Width": 8,
          "Actual Startup Time": 425.089,
          "Actual Total Time": 445.79,
          "Actual Rows": 4,
          "Actual Loops": 1,
          "Workers Planned": 3,
          "Workers Launched": 3,
          "Single Copy": false,
          "Plans": [
            {
              "Node Type": "Aggregate",
              "Strategy": "Plain",
              "Partial Mode": "Partial",
              "Parent Relationship": "Outer",
              "Parallel Aware": false,
              "Startup Cost": 95339.7,
              "Total Cost": 95339.71,
              "Plan Rows": 1,
              "Plan Width": 8,
              "Actual Startup Time": 413.699,
              "Actual Total Time": 413.702,
              "Actual Rows": 1,
              "Actual Loops": 4,
              "Plans": [
                {
                  "Node Type": "Hash Join",
                  "Parent Relationship": "Outer",
                  "Parallel Aware": true,
                  "Join Type": "Inner",
                  "Startup Cost": 49228.75,
                  "Total Cost": 94276.56,
                  "Plan Rows": 425256,
                  "Plan Width": 0,
                  "Actual Startup Time": 229.014,
                  "Actual Total Time": 409.475,
                  "Actual Rows": 100472,
                  "Actual Loops": 4,
                  "Inner Unique": true,
                  "Hash Cond": "(mk.movie_id = t.id)",
                  "Plans": [
                    {
                      "Node Type": "Seq Scan",
                      "Parent Relationship": "Outer",
                      "Parallel Aware": true,
                      "Relation Name": "movie_keyword",
                      "Alias": "mk",
                      "Startup Cost": 0.0,
                      "Total Cost": 42695.65,
                      "Plan Rows": 896060,
                      "Plan Width": 4,
                      "Actual Startup Time": 0.201,
                      "Actual Total Time": 106.049,
                      "Actual Rows": 691565,
                      "Actual Loops": 4,
                      "Filter": "(keyword_id > 2860)",
                      "Rows Removed by Filter": 439418
                    },
                    {
                      "Node Type": "Hash",
                      "Parent Relationship": "Inner",
                      "Parallel Aware": true,
                      "Startup Cost": 45479.1,
                      "Total Cost": 45479.1,
                      "Plan Rows": 299972,
                      "Plan Width": 4,
                      "Actual Startup Time": 221.121,
                      "Actual Total Time": 221.122,
                      "Actual Rows": 322056,
                      "Actual Loops": 4,
                      "Hash Buckets": 2097152,
                      "Original Hash Buckets": 2097152,
                      "Hash Batches": 1,
                      "Original Hash Batches": 1,
                      "Peak Memory Usage": 66848,
                      "Plans": [
                        {
                          "Node Type": "Seq Scan",
                          "Parent Relationship": "Outer",
                          "Parallel Aware": true,
                          "Relation Name": "title",
                          "Alias": "t",
                          "Startup Cost": 0.0,
                          "Total Cost": 45479.1,
                          "Plan Rows": 299972,
                          "Plan Width": 4,
                          "Actual Startup Time": 0.043,
                          "Actual Total Time": 104.359,
                          "Actual Rows": 322056,
                          "Actual Loops": 4,
                          "Filter": "((kind_id > 4) AND (production_year > 1979))",
                          "Rows Removed by Filter": 310022
                        }
                      ]
                    }
                  ]
                }
              ]
            }
          ]
        }
      ]
    },
    "Planning Time": 0.608,
    "Triggers": [],
    "Execution Time": 445.867
  }
]