[
  {
    "Plan": {
      "Node Type": "Aggregate",
      "Strategy": "Plain",
      "Partial Mode": "Finalize",
      "Parallel Aware": false,
      "Startup Cost": 79492.59,
      "Total Cost": 79492.6,
      "Plan Rows": 1,
      "Plan Width": 8,
      "Actual Startup Time": 399.667,
      "Actual Total Time": 420.858,
      "Actual Rows": 1,
      "Actual Loops": 1,
      "Plans": [
        {
          "Node Type": "Gather",
          "Parent Relationship": "Outer",
          "Parallel Aware": false,
          "Startup Cost": 79492.17,
          "Total Cost": 79492.58,
          "Plan Rows": 4,
          "Plan Width": 8,
          "Actual Startup Time": 395.961,
          "Actual Total Time": 420.848,
          "Actual Rows": 5,
          "Actual Loops": 1,
          "Workers Planned": 4,
          "Workers Launched": 4,
          "Single Copy": false,
          "Plans": [
            {
              "Node Type": "Aggregate",
              "Strategy": "Plain",
              "Partial Mode": "Partial",
              "Parent Relationship": "Outer",
              "Parallel Aware": false,
              "Startup Cost": 78492.17,
              "Total Cost": 78492.18,
              "Plan Rows": 1,
              "Plan Width": 8,
              "Actual Startup Time": 386.729,
              "Actual Total Time": 386.732,
              "Actual Rows": 1,
              "Actual Loops": 5,
              "Plans": [
                {
                  "Node Type": "Hash Join",
                  "Parent Relationship": "Outer",
                  "Parallel Aware": true,
                  "Join Type": "Inner",
                  "Startup Cost": 32043.07,
                  "Total Cost": 78068.65,
                  "Plan Rows": 169408,
                  "Plan Width": 0,
                  "Actual Startup Time": 141.829,
                  "Actual Total Time": 379.195,
                  "Actual Rows": 138275,
                  "Actual Loops": 5,
                  "Inner Unique": false,
                  "Hash Cond": "(t.id = mc.movie_id)",
                  "Plans": [
                    {
                      "Node Type": "Seq Scan",
                      "Parent Relationship": "Outer",
                      "Parallel Aware": true,
                      "Relation Name": "title",
                      "Alias": "t",
                      "Startup Cost": 0.0,
                      "Total Cost": 42318.73,
                      "Plan Rows": 632073,
                      "Plan Width": 4,
                      "Actual Startup Time": 0.017,
                      "Actual Total Time": 78.319,
                      "Actual Rows": 505662,
                      "Actual Loops": 5
                    },
                    {
                      "Node Type": "Hash",
                      "Parent Relationship": "Inner",
                      "Parallel Aware": true,
                      "Startup Cost": 29310.68,
                      "Total Cost": 29310.68,
                      "Plan Rows": 218591,
                      "Plan Width": 4,
                      "Actual Startup Time": 137.417,
                      "Actual Total Time": 137.418,
                      "Actual Rows": 138275,
                      "Actual Loops": 5,
                      "Hash Buckets": 1048576,
                      "Original Hash Buckets": 1048576,
                      "Hash Batches": 1,
                      "Original Hash Batches": 1,
                      "Peak Memory Usage": 35296,
                      "Plans": [
                        {
                          "Node Type": "Seq Scan",
                          "Parent Relationship": "Outer",
                          "Parallel Aware": true,
                          "Relation Name": "movie_companies",
                          "Alias": "mc",
                          "Startup Cost": 0.0,
                          "Total Cost": 29310.68,
                          "Plan Rows": 218591,
                          "Plan Width": 4,
                          "Actual Startup Time": 32.042,
                          "Actual Total Time": 80.482,
                          "Actual Rows": 138275,
                          "Actual Loops": 5,
                          "Filter": "(company_id > 46856)",
                          "Rows Removed by Filter": 383551
                        }
                      ]
                    }
                  ]
                }
              ]
            }
          ]
        }
      ]
    },
    "Planning Time": 0.494,
    "Triggers": [],
    "Execution Time": 420.918
  }
]