[
  {
    "Plan": {
      "Node Type": "Aggregate",
      "Strategy": "Plain",
      "Partial Mode": "Finalize",
      "Parallel Aware": false,
      "Startup Cost": 32920.6,
      "Total Cost": 32920.61,
      "Plan Rows": 1,
      "Plan Width": 8,
      "Actual Startup Time": 97.233,
      "Actual Total Time": 105.772,
      "Actual Rows": 1,
      "Actual Loops": 1,
      "Plans": [
        {
          "Node Type": "Gather",
          "Parent Relationship": "Outer",
          "Parallel Aware": false,
          "Startup Cost": 32920.28,
          "Total Cost": 32920.59,
          "Plan Rows": 3,
          "Plan Width": 8,
          "Actual Startup Time": 97.145,
          "Actual Total Time": 105.765,
          "Actual Rows": 4,
          "Actual Loops": 1,
          "Workers Planned": 3,
          "Workers Launched": 3,
          "Single Copy": false,
          "Plans": [
            {
              "Node Type": "Aggregate",
              "Strategy": "Plain",
              "Partial Mode": "Partial",
              "Parent Relationship": "Outer",
              "Parallel Aware": false,
              "Startup Cost": 31920.28,
              "Total Cost": 31920.29,
              "Plan Rows": 1,
              "Plan Width": 8,
              "Actual Startup Time": 90.823,
              "Actual Total Time": 90.824,
              "Actual Rows": 1,
              "Actual Loops": 4,
              "Plans": [
                {
                  "Node Type": "Seq Scan",
                  "Parent Relationship": "Outer",
                  "Parallel Aware": true,
                  "Relation Name": "movie_companies",
                  "Alias": "mc",
                  "Startup Cost": 0.0,
                  "Total Cost": 31414.82,
                  "Plan Rows": 202186,
                  "Plan Width": 0,
                  "Actual Startup Time": 46.741,
                  "Actual Total Time": 81.651,
                  "Actual Rows": 222686,
                  "Actual Loops": 4,
                  "Filter": "((company_id > 11811) AND (company_type_id = 2))",
                  "Rows Removed by Filter": 429596
                }
              ]
            }
          ]
        }
      ]
    },
    "Planning Time": 0.212,
    "Triggers": [],
    "Execution Time": 105.834
  }
]