{
  "Plan": {
    "Node Type": "Aggregate",
    "Strategy": "Plain",
    "Partial Mode": "Finalize",
    "Parallel Aware": false,
    "Startup Cost": 109683.07,
    "Total Cost": 109683.08,
    "Plan Rows": 1,
    "Plan Width": 8,
    "Actual Startup Time": 515.489,
    "Actual Total Time": 527.774,
    "Actual Rows": 1,
    "Actual Loops": 1,
    "Plans": [
      {
        "Node Type": "Gather",
        "Parent Relationship": "Outer",
        "Parallel Aware": false,
        "Startup Cost": 109682.96,
        "Total Cost": 109683.07,
        "Plan Rows": 1,
        "Plan Width": 8,
        "Actual Startup Time": 514.46,
        "Actual Total Time": 527.765,
        "Actual Rows": 2,
        "Actual Loops": 1,
        "Workers Planned": 1,
        "Workers Launched": 1,
        "Single Copy": false,
        "Plans": [
          {
            "Node Type": "Aggregate",
            "Strategy": "Plain",
            "Partial Mode": "Partial",
            "Parent Relationship": "Outer",
            "Parallel Aware": false,
            "Startup Cost": 108682.96,
            "Total Cost": 108682.97,
            "Plan Rows": 1,
            "Plan Width": 8,
            "Actual Startup Time": 508.817,
            "Actual Total Time": 508.82,
            "Actual Rows": 1,
            "Actual Loops": 2,
            "Plans": [
              {
                "Node Type": "Hash Join",
                "Parent Relationship": "Outer",
                "Parallel Aware": true,
                "Join Type": "Inner",
                "Startup Cost": 45825.71,
                "Total Cost": 107880.16,
                "Plan Rows": 321119,
                "Plan Width": 0,
                "Actual Startup Time": 168.968,
                "Actual Total Time": 501.854,
                "Actual Rows": 167584,
                "Actual Loops": 2,
                "Inner Unique": false,
                "Hash Cond": "(t.id = mc.movie_id)",
                "Plans": [
                  {
                    "Node Type": "Seq Scan",
                    "Parent Relationship": "Outer",
                    "Parallel Aware": true,
                    "Relation Name": "title",
                    "Alias": "t",
                    "Startup Cost": 0.0,
                    "Total Cost": 50870.31,
                    "Plan Rows": 1487231,
                    "Plan Width": 4,
                    "Actual Startup Time": 0.01,
                    "Actual Total Time": 111.382,
                    "Actual Rows": 1264156,
                    "Actual Loops": 2
                  },
                  {
                    "Node Type": "Hash",
                    "Parent Relationship": "Inner",
                    "Parallel Aware": true,
                    "Startup Cost": 41811.73,
                    "Total Cost": 41811.73,
                    "Plan Rows": 321119,
                    "Plan Width": 4,
                    "Actual Startup Time": 159.616,
                    "Actual Total Time": 159.617,
                    "Actual Rows": 167584,
                    "Actual Loops": 2,
                    "Hash Buckets": 1048576,
                    "Original Hash Buckets": 1048576,
                    "Hash Batches": 1,
                    "Original Hash Batches": 1,
                    "Peak Memory Usage": 21344,
                    "Plans": [
                      {
                        "Node Type": "Seq Scan",
                        "Parent Relationship": "Outer",
                        "Parallel Aware": true,
                        "Relation Name": "movie_companies",
                        "Alias": "mc",
                        "Startup Cost": 0.0,
                        "Total Cost": 41811.73,
                        "Plan Rows": 321119,
                        "Plan Width": 4,
                        "Actual Startup Time": 64.457,
                        "Actual Total Time": 118.007,
                        "Actual Rows": 167584,
                        "Actual Loops": 2,
                        "Filter": "((company_id < 6726) AND (company_type_id > 1))",
                        "Rows Removed by Filter": 1136980
                      }
                    ]
                  }
                ]
              }
            ]
          }
        ]
      }
    ]
  },
  "Planning Time": 0.696,
  "Triggers": [],
  "Execution Time": 527.842
}