[
  {
    "Plan": {
      "Node Type": "Aggregate",
      "Strategy": "Plain",
      "Partial Mode": "Finalize",
      "Parallel Aware": false,
      "Startup Cost": 47049.86,
      "Total Cost": 47049.87,
      "Plan Rows": 1,
      "Plan Width": 8,
      "Actual Startup Time": 163.826,
      "Actual Total Time": 171.652,
      "Actual Rows": 1,
      "Actual Loops": 1,
      "Plans": [
        {
          "Node Type": "Gather",
          "Parent Relationship": "Outer",
          "Parallel Aware": false,
          "Startup Cost": 47049.54,
          "Total Cost": 47049.85,
          "Plan Rows": 3,
          "Plan Width": 8,
          "Actual Startup Time": 163.722,
          "Actual Total Time": 171.645,
          "Actual Rows": 4,
          "Actual Loops": 1,
          "Workers Planned": 3,
          "Workers Launched": 3,
          "Single Copy": false,
          "Plans": [
            {
              "Node Type": "Aggregate",
              "Strategy": "Plain",
              "Partial Mode": "Partial",
              "Parent Relationship": "Outer",
              "Parallel Aware": false,
              "Startup Cost": 46049.54,
              "Total Cost": 46049.55,
              "Plan Rows": 1,
              "Plan Width": 8,
              "Actual Startup Time": 158.347,
              "Actual Total Time": 158.348,
              "Actual Rows": 1,
              "Actual Loops": 4,
              "Plans": [
                {
                  "Node Type": "Seq Scan",
                  "Parent Relationship": "Outer",
                  "Parallel Aware": true,
                  "Relation Name": "movie_keyword",
                  "Alias": "mk",
                  "Startup Cost": 0.0,
                  "Total Cost": 42695.65,
                  "Plan Rows": 1341554,
                  "Plan Width": 0,
                  "Actual Startup Time": 0.039,
                  "Actual Total Time": 114.433,
                  "Actual Rows": 1042688,
                  "Actual Loops": 4,
                  "Filter": "(keyword_id < 47223)",
                  "Rows Removed by Filter": 88294
                }
              ]
            }
          ]
        }
      ]
    },
    "Planning Time": 0.204,
    "Triggers": [],
    "Execution Time": 171.707
  }
]