[
  {
    "Plan": {
      "Node Type": "Aggregate",
      "Strategy": "Plain",
      "Partial Mode": "Finalize",
      "Parallel Aware": false,
      "Startup Cost": 310788.47,
      "Total Cost": 310788.48,
      "Plan Rows": 1,
      "Plan Width": 8,
      "Actual Startup Time": 5068.235,
      "Actual Total Time": 5107.898,
      "Actual Rows": 1,
      "Actual Loops": 1,
      "Plans": [
        {
          "Node Type": "Gather",
          "Parent Relationship": "Outer",
          "Parallel Aware": false,
          "Startup Cost": 310787.95,
          "Total Cost": 310788.46,
          "Plan Rows": 5,
          "Plan Width": 8,
          "Actual Startup Time": 5052.467,
          "Actual Total Time": 5107.864,
          "Actual Rows": 6,
          "Actual Loops": 1,
          "Workers Planned": 5,
          "Workers Launched": 5,
          "Single Copy": false,
          "Plans": [
            {
              "Node Type": "Aggregate",
              "Strategy": "Plain",
              "Partial Mode": "Partial",
              "Parent Relationship": "Outer",
              "Parallel Aware": false,
              "Startup Cost": 309787.95,
              "Total Cost": 309787.96,
              "Plan Rows": 1,
              "Plan Width": 8,
              "Actual Startup Time": 5038.413,
              "Actual Total Time": 5038.979,
              "Actual Rows": 1,
              "Actual Loops": 6,
              "Plans": [
                {
                  "Node Type": "Hash Join",
                  "Parent Relationship": "Outer",
                  "Parallel Aware": true,
                  "Join Type": "Inner",
                  "Startup Cost": 96959.45,
                  "Total Cost": 305417.94,
                  "Plan Rows": 1748004,
                  "Plan Width": 0,
                  "Actual Startup Time": 563.849,
                  "Actual Total Time": 3608.499,
                  "Actual Rows": 32709777,
                  "Actual Loops": 6,
                  "Inner Unique": false,
                  "Hash Cond": "(mi.movie_id = t.id)",
                  "Plans": [
                    {
                      "Node Type": "Seq Scan",
                      "Parent Relationship": "Outer",
                      "Parallel Aware": true,
                      "Relation Name": "movie_info",
                      "Alias": "mi",
                      "Startup Cost": 0.0,
                      "Total Cost": 191685.19,
                      "Plan Rows": 2969219,
                      "Plan Width": 4,
                      "Actual Startup Time": 0.079,
                      "Actual Total Time": 289.697,
                      "Actual Rows": 2472620,
                      "Actual Loops": 6
                    },
                    {
                      "Node Type": "Hash",
                      "Parent Relationship": "Inner",
                      "Parallel Aware": true,
                      "Startup Cost": 90957.43,
                      "Total Cost": 90957.43,
                      "Plan Rows": 480162,
                      "Plan Width": 8,
                      "Actual Startup Time": 557.36,
                      "Actual Total Time": 557.924,
                      "Actual Rows": 506206,
                      "Actual Loops": 6,
                      "Hash Buckets": 4194304,
                      "Original Hash Buckets": 2097152,
                      "Hash Batches": 1,
                      "Original Hash Batches": 1,
                      "Peak Memory Usage": 168032,
                      "Plans": [
                        {
                          "Node Type": "Hash Join",
                          "Parent Relationship": "Outer",
                          "Parallel Aware": true,
                          "Join Type": "Inner",
                          "Startup Cost": 48079.35,
                          "Total Cost": 90957.43,
                          "Plan Rows": 480162,
                          "Plan Width": 8,
                          "Actual Startup Time": 150.729,
                          "Actual Total Time": 352.312,
                          "Actual Rows": 506206,
                          "Actual Loops": 6,
                          "Inner Unique": true,
                          "Hash Cond": "(mk.movie_id = t.id)",
                          "Plans": [
                            {
                              "Node Type": "Seq Scan",
                              "Parent Relationship": "Outer",
                              "Parallel Aware": true,
                              "Relation Name": "movie_keyword",
                              "Alias": "mk",
                              "Startup Cost": 0.0,
                              "Total Cost": 39047.32,
                              "Plan Rows": 1459332,
                              "Plan Width": 4,
                              "Actual Startup Time": 0.03,
                              "Actual Total Time": 70.608,
                              "Actual Rows": 753988,
                              "Actual Loops": 6
                            },
                            {
                              "Node Type": "Hash",
                              "Parent Relationship": "Inner",
                              "Parallel Aware": true,
                              "Startup Cost": 45479.59,
                              "Total Cost": 45479.59,
                              "Plan Rows": 207981,
                              "Plan Width": 4,
                              "Actual Startup Time": 148.958,
                              "Actual Total Time": 148.962,
                              "Actual Rows": 124014,
                              "Actual Loops": 6,
                              "Hash Buckets": 1048576,
                              "Original Hash Buckets": 1048576,
                              "Hash Batches": 1,
                              "Original Hash Batches": 1,
                              "Peak Memory Usage": 37376,
                              "Plans": [
                                {
                                  "Node Type": "Seq Scan",
                                  "Parent Relationship": "Outer",
                                  "Parallel Aware": true,
                                  "Relation Name": "title",
                                  "Alias": "t",
                                  "Startup Cost": 0.0,
                                  "Total Cost": 45479.59,
                                  "Plan Rows": 207981,
                                  "Plan Width": 4,
                                  "Actual Startup Time": 0.086,
                                  "Actual Total Time": 89.627,
                                  "Actual Rows": 124014,
                                  "Actual Loops": 6,
                                  "Filter": "((kind_id < 7) AND (production_year > 1967))",
                                  "Rows Removed by Filter": 297371
                                }
                              ]
                            }
                          ]
                        }
                      ]
                    }
                  ]
                }
              ]
            }
          ]
        }
      ]
    },
    "Planning Time": 1.282,
    "Triggers": [],
    "Execution Time": 5107.97
  }
]