{
  "Plan": {
    "Node Type": "Aggregate",
    "Strategy": "Plain",
    "Partial Mode": "Finalize",
    "Parallel Aware": false,
    "Startup Cost": 660916.54,
    "Total Cost": 660916.55,
    "Plan Rows": 1,
    "Plan Width": 8,
    "Actual Startup Time": 3074.607,
    "Actual Total Time": 3117.27,
    "Actual Rows": 1,
    "Actual Loops": 1,
    "Plans": [
      {
        "Node Type": "Gather",
        "Parent Relationship": "Outer",
        "Parallel Aware": false,
        "Startup Cost": 660916.43,
        "Total Cost": 660916.54,
        "Plan Rows": 1,
        "Plan Width": 8,
        "Actual Startup Time": 3068.622,
        "Actual Total Time": 3117.26,
        "Actual Rows": 2,
        "Actual Loops": 1,
        "Workers Planned": 1,
        "Workers Launched": 1,
        "Single Copy": false,
        "Plans": [
          {
            "Node Type": "Aggregate",
            "Strategy": "Plain",
            "Partial Mode": "Partial",
            "Parent Relationship": "Outer",
            "Parallel Aware": false,
            "Startup Cost": 659916.43,
            "Total Cost": 659916.44,
            "Plan Rows": 1,
            "Plan Width": 8,
            "Actual Startup Time": 3062.589,
            "Actual Total Time": 3062.92,
            "Actual Rows": 1,
            "Actual Loops": 2,
            "Plans": [
              {
                "Node Type": "Hash Join",
                "Parent Relationship": "Outer",
                "Parallel Aware": true,
                "Join Type": "Inner",
                "Startup Cost": 360980.78,
                "Total Cost": 657734.47,
                "Plan Rows": 872786,
                "Plan Width": 0,
                "Actual Startup Time": 1066.328,
                "Actual Total Time": 2952.116,
                "Actual Rows": 2889442,
                "Actual Loops": 2,
                "Inner Unique": false,
                "Hash Cond": "(mi.movie_id = t.id)",
                "Plans": [
                  {
                    "Node Type": "Seq Scan",
                    "Parent Relationship": "Outer",
                    "Parallel Aware": true,
                    "Relation Name": "movie_info",
                    "Alias": "mi",
                    "Startup Cost": 0.0,
                    "Total Cost": 270696.42,
                    "Plan Rows": 5579529,
                    "Plan Width": 4,
                    "Actual Startup Time": 0.019,
                    "Actual Total Time": 745.951,
                    "Actual Rows": 4782576,
                    "Actual Loops": 2,
                    "Filter": "(info_type_id < 16)",
                    "Rows Removed by Filter": 2635284
                  },
                  {
                    "Node Type": "Hash",
                    "Parent Relationship": "Inner",
                    "Parallel Aware": true,
                    "Startup Cost": 358072.76,
                    "Total Cost": 358072.76,
                    "Plan Rows": 232642,
                    "Plan Width": 8,
                    "Actual Startup Time": 1060.474,
                    "Actual Total Time": 1060.803,
                    "Actual Rows": 422090,
                    "Actual Loops": 2,
                    "Hash Buckets": 1048576,
                    "Original Hash Buckets": 524288,
                    "Hash Batches": 1,
                    "Original Hash Batches": 1,
                    "Peak Memory Usage": 45344,
                    "Plans": [
                      {
                        "Node Type": "Hash Join",
                        "Parent Relationship": "Outer",
                        "Parallel Aware": true,
                        "Join Type": "Inner",
                        "Startup Cost": 94641.59,
                        "Total Cost": 358072.76,
                        "Plan Rows": 232642,
                        "Plan Width": 8,
                        "Actual Startup Time": 622.279,
                        "Actual Total Time": 928.33,
                        "Actual Rows": 422090,
                        "Actual Loops": 2,
                        "Inner Unique": true,
                        "Hash Cond": "(ci.movie_id = t.id)",
                        "Plans": [
                          {
                            "Node Type": "Bitmap Heap Scan",
                            "Parent Relationship": "Outer",
                            "Parallel Aware": true,
                            "Relation Name": "cast_info",
                            "Alias": "ci",
                            "Startup Cost": 25180.9,
                            "Total Cost": 288001.37,
                            "Plan Rows": 232642,
                            "Plan Width": 4,
                            "Actual Startup Time": 36.653,
                            "Actual Total Time": 122.577,
                            "Actual Rows": 422090,
                            "Actual Loops": 2,
                            "Recheck Cond": "(person_id < 118585)",
                            "Rows Removed by Index Recheck": 0,
                            "Filter": "(role_id = 1)",
                            "Rows Removed by Filter": 158810,
                            "Exact Heap Blocks": 6603,
                            "Lossy Heap Blocks": 0,
                            "Plans": [
                              {
                                "Node Type": "Bitmap Index Scan",
                                "Parent Relationship": "Outer",
                                "Parallel Aware": false,
                                "Index Name": "person_id_cast_info",
                                "Startup Cost": 0.0,
                                "Total Cost": 25082.02,
                                "Plan Rows": 1148461,
                                "Plan Width": 0,
                                "Actual Startup Time": 34.988,
                                "Actual Total Time": 34.989,
                                "Actual Rows": 1161800,
                                "Actual Loops": 1,
                                "Index Cond": "(person_id < 118585)"
                              }
                            ]
                          },
                          {
                            "Node Type": "Hash",
                            "Parent Relationship": "Inner",
                            "Parallel Aware": true,
                            "Startup Cost": 50870.31,
                            "Total Cost": 50870.31,
                            "Plan Rows": 1487231,
                            "Plan Width": 4,
                            "Actual Startup Time": 567.289,
                            "Actual Total Time": 567.291,
                            "Actual Rows": 1264156,
                            "Actual Loops": 2,
                            "Hash Buckets": 4194304,
                            "Original Hash Buckets": 4194304,
                            "Hash Batches": 1,
                            "Original Hash Batches": 1,
                            "Peak Memory Usage": 131712,
                            "Plans": [
                              {
                                "Node Type": "Seq Scan",
                                "Parent Relationship": "Outer",
                                "Parallel Aware": true,
                                "Relation Name": "title",
                                "Alias": "t",
                                "Startup Cost": 0.0,
                                "Total Cost": 50870.31,
                                "Plan Rows": 1487231,
                                "Plan Width": 4,
                                "Actual Startup Time": 0.033,
                                "Actual Total Time": 154.329,
                                "Actual Rows": 1264156,
                                "Actual Loops": 2
                              }
                            ]
                          }
                        ]
                      }
                    ]
                  }
                ]
              }
            ]
          }
        ]
      }
    ]
  },
  "Planning Time": 0.905,
  "Triggers": [],
  "Execution Time": 3117.393
}