{
  "Plan": {
    "Node Type": "Aggregate",
    "Strategy": "Plain",
    "Partial Mode": "Finalize",
    "Parallel Aware": false,
    "Startup Cost": 334555.21,
    "Total Cost": 334555.22,
    "Plan Rows": 1,
    "Plan Width": 8,
    "Actual Startup Time": 925.367,
    "Actual Total Time": 966.533,
    "Actual Rows": 1,
    "Actual Loops": 1,
    "Plans": [
      {
        "Node Type": "Gather",
        "Parent Relationship": "Outer",
        "Parallel Aware": false,
        "Startup Cost": 334555.1,
        "Total Cost": 334555.21,
        "Plan Rows": 1,
        "Plan Width": 8,
        "Actual Startup Time": 925.24,
        "Actual Total Time": 966.525,
        "Actual Rows": 2,
        "Actual Loops": 1,
        "Workers Planned": 1,
        "Workers Launched": 1,
        "Single Copy": false,
        "Plans": [
          {
            "Node Type": "Aggregate",
            "Strategy": "Plain",
            "Partial Mode": "Partial",
            "Parent Relationship": "Outer",
            "Parallel Aware": false,
            "Startup Cost": 333555.1,
            "Total Cost": 333555.11,
            "Plan Rows": 1,
            "Plan Width": 8,
            "Actual Startup Time": 919.836,
            "Actual Total Time": 919.839,
            "Actual Rows": 1,
            "Actual Loops": 2,
            "Plans": [
              {
                "Node Type": "Hash Join",
                "Parent Relationship": "Outer",
                "Parallel Aware": true,
                "Join Type": "Inner",
                "Startup Cost": 54650.98,
                "Total Cost": 333528.86,
                "Plan Rows": 10493,
                "Plan Width": 0,
                "Actual Startup Time": 182.035,
                "Actual Total Time": 919.4,
                "Actual Rows": 7226,
                "Actual Loops": 2,
                "Inner Unique": true,
                "Hash Cond": "(mi.movie_id = t.id)",
                "Plans": [
                  {
                    "Node Type": "Seq Scan",
                    "Parent Relationship": "Outer",
                    "Parallel Aware": true,
                    "Relation Name": "movie_info",
                    "Alias": "mi",
                    "Startup Cost": 0.0,
                    "Total Cost": 270696.42,
                    "Plan Rows": 3116745,
                    "Plan Width": 4,
                    "Actual Startup Time": 31.993,
                    "Actual Total Time": 614.899,
                    "Actual Rows": 2635284,
                    "Actual Loops": 2,
                    "Filter": "(info_type_id > 15)",
                    "Rows Removed by Filter": 4782576
                  },
                  {
                    "Node Type": "Hash",
                    "Parent Relationship": "Inner",
                    "Parallel Aware": true,
                    "Startup Cost": 54588.39,
                    "Total Cost": 54588.39,
                    "Plan Rows": 5007,
                    "Plan Width": 4,
                    "Actual Startup Time": 128.261,
                    "Actual Total Time": 128.262,
                    "Actual Rows": 4451,
                    "Actual Loops": 2,
                    "Hash Buckets": 16384,
                    "Original Hash Buckets": 16384,
                    "Hash Batches": 1,
                    "Original Hash Batches": 1,
                    "Peak Memory Usage": 512,
                    "Plans": [
                      {
                        "Node Type": "Seq Scan",
                        "Parent Relationship": "Outer",
                        "Parallel Aware": true,
                        "Relation Name": "title",
                        "Alias": "t",
                        "Startup Cost": 0.0,
                        "Total Cost": 54588.39,
                        "Plan Rows": 5007,
                        "Plan Width": 4,
                        "Actual Startup Time": 87.017,
                        "Actual Total Time": 126.974,
                        "Actual Rows": 4451,
                        "Actual Loops": 2,
                        "Filter": "(production_year = 1913)",
                        "Rows Removed by Filter": 1259705
                      }
                    ]
                  }
                ]
              }
            ]
          }
        ]
      }
    ]
  },
  "Planning Time": 0.464,
  "Triggers": [],
  "Execution Time": 966.611
}