[
  {
    "Plan": {
      "Node Type": "Aggregate",
      "Strategy": "Plain",
      "Partial Mode": "Finalize",
      "Parallel Aware": false,
      "Startup Cost": 77010.77,
      "Total Cost": 77010.78,
      "Plan Rows": 1,
      "Plan Width": 8,
      "Actual Startup Time": 211.482,
      "Actual Total Time": 229.917,
      "Actual Rows": 1,
      "Actual Loops": 1,
      "Plans": [
        {
          "Node Type": "Gather",
          "Parent Relationship": "Outer",
          "Parallel Aware": false,
          "Startup Cost": 77010.45,
          "Total Cost": 77010.76,
          "Plan Rows": 3,
          "Plan Width": 8,
          "Actual Startup Time": 211.2,
          "Actual Total Time": 229.908,
          "Actual Rows": 4,
          "Actual Loops": 1,
          "Workers Planned": 3,
          "Workers Launched": 3,
          "Single Copy": false,
          "Plans": [
            {
              "Node Type": "Aggregate",
              "Strategy": "Plain",
              "Partial Mode": "Partial",
              "Parent Relationship": "Outer",
              "Parallel Aware": false,
              "Startup Cost": 76010.45,
              "Total Cost": 76010.46,
              "Plan Rows": 1,
              "Plan Width": 8,
              "Actual Startup Time": 204.006,
              "Actual Total Time": 204.01,
              "Actual Rows": 1,
              "Actual Loops": 4,
              "Plans": [
                {
                  "Node Type": "Hash Join",
                  "Parent Relationship": "Outer",
                  "Parallel Aware": true,
                  "Join Type": "Inner",
                  "Startup Cost": 45559.74,
                  "Total Cost": 75999.54,
                  "Plan Rows": 4364,
                  "Plan Width": 0,
                  "Actual Startup Time": 134.87,
                  "Actual Total Time": 203.669,
                  "Actual Rows": 5675,
                  "Actual Loops": 4,
                  "Inner Unique": true,
                  "Hash Cond": "(mc.movie_id = t.id)",
                  "Plans": [
                    {
                      "Node Type": "Seq Scan",
                      "Parent Relationship": "Outer",
                      "Parallel Aware": true,
                      "Relation Name": "movie_companies",
                      "Alias": "mc",
                      "Startup Cost": 0.0,
                      "Total Cost": 29310.68,
                      "Plan Rows": 430142,
                      "Plan Width": 4,
                      "Actual Startup Time": 31.631,
                      "Actual Total Time": 70.358,
                      "Actual Rows": 333721,
                      "Actual Loops": 4,
                      "Filter": "(company_type_id > 1)",
                      "Rows Removed by Filter": 318562
                    },
                    {
                      "Node Type": "Hash",
                      "Parent Relationship": "Inner",
                      "Parallel Aware": true,
                      "Startup Cost": 45479.59,
                      "Total Cost": 45479.59,
                      "Plan Rows": 6412,
                      "Plan Width": 4,
                      "Actual Startup Time": 101.8,
                      "Actual Total Time": 101.802,
                      "Actual Rows": 5927,
                      "Actual Loops": 4,
                      "Hash Buckets": 32768,
                      "Original Hash Buckets": 32768,
                      "Hash Batches": 1,
                      "Original Hash Batches": 1,
                      "Peak Memory Usage": 1248,
                      "Plans": [
                        {
                          "Node Type": "Seq Scan",
                          "Parent Relationship": "Outer",
                          "Parallel Aware": true,
                          "Relation Name": "title",
                          "Alias": "t",
                          "Startup Cost": 0.0,
                          "Total Cost": 45479.59,
                          "Plan Rows": 6412,
                          "Plan Width": 4,
                          "Actual Startup Time": 0.462,
                          "Actual Total Time": 99.242,
                          "Actual Rows": 5927,
                          "Actual Loops": 4,
                          "Filter": "((kind_id < 7) AND (production_year = 2013))",
                          "Rows Removed by Filter": 626151
                        }
                      ]
                    }
                  ]
                }
              ]
            }
          ]
        }
      ]
    },
    "Planning Time": 0.736,
    "Triggers": [],
    "Execution Time": 229.998
  }
]