{
    "Plan": {
        "Node Type": "Aggregate",
        "Strategy": "Plain",
        "Partial Mode": "Finalize",
        "Parallel Aware": false,
        "Startup Cost": 247197.88,
        "Total Cost": 247197.89,
        "Plan Rows": 1,
        "Plan Width": 8,
        "Actual Startup Time": 531.806,
        "Actual Total Time": 570.679,
        "Actual Rows": 1,
        "Actual Loops": 1,
        "Output": [
            "count(*)"
        ],
        "Plans": [
            {
                "Node Type": "Gather",
                "Parent Relationship": "Outer",
                "Parallel Aware": false,
                "Startup Cost": 247197.36,
                "Total Cost": 247197.87,
                "Plan Rows": 5,
                "Plan Width": 8,
                "Actual Startup Time": 525.491,
                "Actual Total Time": 570.667,
                "Actual Rows": 6,
                "Actual Loops": 1,
                "Output": [
                    "(PARTIAL count(*))"
                ],
                "Workers Planned": 5,
                "Workers Launched": 5,
                "Single Copy": false,
                "Plans": [
                    {
                        "Node Type": "Aggregate",
                        "Strategy": "Plain",
                        "Partial Mode": "Partial",
                        "Parent Relationship": "Outer",
                        "Parallel Aware": false,
                        "Startup Cost": 246197.36,
                        "Total Cost": 246197.37,
                        "Plan Rows": 1,
                        "Plan Width": 8,
                        "Actual Startup Time": 513.701,
                        "Actual Total Time": 513.705,
                        "Actual Rows": 1,
                        "Actual Loops": 6,
                        "Output": [
                            "PARTIAL count(*)"
                        ],
                        "Workers": [
                            {
                                "Worker Number": 0,
                                "Actual Startup Time": 511.358,
                                "Actual Total Time": 511.361,
                                "Actual Rows": 1,
                                "Actual Loops": 1
                            },
                            {
                                "Worker Number": 1,
                                "Actual Startup Time": 512.203,
                                "Actual Total Time": 512.206,
                                "Actual Rows": 1,
                                "Actual Loops": 1
                            },
                            {
                                "Worker Number": 2,
                                "Actual Startup Time": 511.388,
                                "Actual Total Time": 511.391,
                                "Actual Rows": 1,
                                "Actual Loops": 1
                            },
                            {
                                "Worker Number": 3,
                                "Actual Startup Time": 511.337,
                                "Actual Total Time": 511.34,
                                "Actual Rows": 1,
                                "Actual Loops": 1
                            },
                            {
                                "Worker Number": 4,
                                "Actual Startup Time": 511.391,
                                "Actual Total Time": 511.393,
                                "Actual Rows": 1,
                                "Actual Loops": 1
                            }
                        ],
                        "Plans": [
                            {
                                "Node Type": "Hash Join",
                                "Parent Relationship": "Outer",
                                "Parallel Aware": true,
                                "Join Type": "Inner",
                                "Startup Cost": 46786.48,
                                "Total Cost": 246060.48,
                                "Plan Rows": 54751,
                                "Plan Width": 0,
                                "Actual Startup Time": 190.193,
                                "Actual Total Time": 510.955,
                                "Actual Rows": 59077,
                                "Actual Loops": 6,
                                "Inner Unique": true,
                                "Hash Cond": "(mi.movie_id = t.id)",
                                "Workers": [
                                    {
                                        "Worker Number": 0,
                                        "Actual Startup Time": 187.971,
                                        "Actual Total Time": 508.307,
                                        "Actual Rows": 47060,
                                        "Actual Loops": 1
                                    },
                                    {
                                        "Worker Number": 1,
                                        "Actual Startup Time": 188.727,
                                        "Actual Total Time": 509.897,
                                        "Actual Rows": 58156,
                                        "Actual Loops": 1
                                    },
                                    {
                                        "Worker Number": 2,
                                        "Actual Startup Time": 188.001,
                                        "Actual Total Time": 508.729,
                                        "Actual Rows": 68255,
                                        "Actual Loops": 1
                                    },
                                    {
                                        "Worker Number": 3,
                                        "Actual Startup Time": 188.064,
                                        "Actual Total Time": 508.737,
                                        "Actual Rows": 65896,
                                        "Actual Loops": 1
                                    },
                                    {
                                        "Worker Number": 4,
                                        "Actual Startup Time": 188.285,
                                        "Actual Total Time": 508.738,
                                        "Actual Rows": 68189,
                                        "Actual Loops": 1
                                    }
                                ],
                                "Plans": [
                                    {
                                        "Node Type": "Seq Scan",
                                        "Parent Relationship": "Outer",
                                        "Parallel Aware": true,
                                        "Relation Name": "movie_info",
                                        "Schema": "public",
                                        "Alias": "mi",
                                        "Startup Cost": 0.0,
                                        "Total Cost": 198880.74,
                                        "Plan Rows": 149814,
                                        "Plan Width": 4,
                                        "Actual Startup Time": 29.892,
                                        "Actual Total Time": 304.196,
                                        "Actual Rows": 133690,
                                        "Actual Loops": 6,
                                        "Output": [
                                            "mi.id",
                                            "mi.movie_id",
                                            "mi.info_type_id",
                                            "mi.info",
                                            "mi.note"
                                        ],
                                        "Filter": "(mi.info_type_id < 2)",
                                        "Rows Removed by Filter": 2338930,
                                        "Workers": [
                                            {
                                                "Worker Number": 0,
                                                "Actual Startup Time": 29.898,
                                                "Actual Total Time": 306.257,
                                                "Actual Rows": 107349,
                                                "Actual Loops": 1
                                            },
                                            {
                                                "Worker Number": 1,
                                                "Actual Startup Time": 29.902,
                                                "Actual Total Time": 303.466,
                                                "Actual Rows": 131197,
                                                "Actual Loops": 1
                                            },
                                            {
                                                "Worker Number": 2,
                                                "Actual Startup Time": 29.92,
                                                "Actual Total Time": 304.274,
                                                "Actual Rows": 153911,
                                                "Actual Loops": 1
                                            },
                                            {
                                                "Worker Number": 3,
                                                "Actual Startup Time": 29.924,
                                                "Actual Total Time": 304.065,
                                                "Actual Rows": 150363,
                                                "Actual Loops": 1
                                            },
                                            {
                                                "Worker Number": 4,
                                                "Actual Startup Time": 29.808,
                                                "Actual Total Time": 304.287,
                                                "Actual Rows": 154233,
                                                "Actual Loops": 1
                                            }
                                        ]
                                    },
                                    {
                                        "Node Type": "Hash",
                                        "Parent Relationship": "Inner",
                                        "Parallel Aware": true,
                                        "Startup Cost": 43899.01,
                                        "Total Cost": 43899.01,
                                        "Plan Rows": 230998,
                                        "Plan Width": 4,
                                        "Actual Startup Time": 156.356,
                                        "Actual Total Time": 156.357,
                                        "Actual Rows": 154101,
                                        "Actual Loops": 6,
                                        "Output": [
                                            "t.id"
                                        ],
                                        "Hash Buckets": 1048576,
                                        "Original Hash Buckets": 1048576,
                                        "Hash Batches": 1,
                                        "Original Hash Batches": 1,
                                        "Peak Memory Usage": 44480,
                                        "Workers": [
                                            {
                                                "Worker Number": 0,
                                                "Actual Startup Time": 157.38,
                                                "Actual Total Time": 157.381,
                                                "Actual Rows": 120626,
                                                "Actual Loops": 1
                                            },
                                            {
                                                "Worker Number": 1,
                                                "Actual Startup Time": 158.346,
                                                "Actual Total Time": 158.347,
                                                "Actual Rows": 149927,
                                                "Actual Loops": 1
                                            },
                                            {
                                                "Worker Number": 2,
                                                "Actual Startup Time": 157.374,
                                                "Actual Total Time": 157.376,
                                                "Actual Rows": 167304,
                                                "Actual Loops": 1
                                            },
                                            {
                                                "Worker Number": 3,
                                                "Actual Startup Time": 157.351,
                                                "Actual Total Time": 157.351,
                                                "Actual Rows": 162290,
                                                "Actual Loops": 1
                                            },
                                            {
                                                "Worker Number": 4,
                                                "Actual Startup Time": 157.404,
                                                "Actual Total Time": 157.405,
                                                "Actual Rows": 167039,
                                                "Actual Loops": 1
                                            }
                                        ],
                                        "Plans": [
                                            {
                                                "Node Type": "Seq Scan",
                                                "Parent Relationship": "Outer",
                                                "Parallel Aware": true,
                                                "Relation Name": "title",
                                                "Schema": "public",
                                                "Alias": "t",
                                                "Startup Cost": 0.0,
                                                "Total Cost": 43899.01,
                                                "Plan Rows": 230998,
                                                "Plan Width": 4,
                                                "Actual Startup Time": 0.056,
                                                "Actual Total Time": 85.629,
                                                "Actual Rows": 154101,
                                                "Actual Loops": 6,
                                                "Output": [
                                                    "t.id"
                                                ],
                                                "Filter": "(t.production_year < 1998)",
                                                "Rows Removed by Filter": 267284,
                                                "Workers": [
                                                    {
                                                        "Worker Number": 0,
                                                        "Actual Startup Time": 0.058,
                                                        "Actual Total Time": 88.781,
                                                        "Actual Rows": 120626,
                                                        "Actual Loops": 1
                                                    },
                                                    {
                                                        "Worker Number": 1,
                                                        "Actual Startup Time": 0.049,
                                                        "Actual Total Time": 86.953,
                                                        "Actual Rows": 149927,
                                                        "Actual Loops": 1
                                                    },
                                                    {
                                                        "Worker Number": 2,
                                                        "Actual Startup Time": 0.064,
                                                        "Actual Total Time": 86.742,
                                                        "Actual Rows": 167304,
                                                        "Actual Loops": 1
                                                    },
                                                    {
                                                        "Worker Number": 3,
                                                        "Actual Startup Time": 0.077,
                                                        "Actual Total Time": 85.37,
                                                        "Actual Rows": 162290,
                                                        "Actual Loops": 1
                                                    },
                                                    {
                                                        "Worker Number": 4,
                                                        "Actual Startup Time": 0.067,
                                                        "Actual Total Time": 86.81,
                                                        "Actual Rows": 167039,
                                                        "Actual Loops": 1
                                                    }
                                                ]
                                            }
                                        ]
                                    }
                                ]
                            }
                        ]
                    }
                ]
            }
        ]
    },
    "Planning Time": 0.768,
    "Triggers": [],
    "Execution Time": 570.762
}