[
  {
    "Plan": {
      "Node Type": "Aggregate",
      "Strategy": "Plain",
      "Partial Mode": "Finalize",
      "Parallel Aware": false,
      "Startup Cost": 100135.5,
      "Total Cost": 100135.51,
      "Plan Rows": 1,
      "Plan Width": 8,
      "Actual Startup Time": 414.367,
      "Actual Total Time": 454.191,
      "Actual Rows": 1,
      "Actual Loops": 1,
      "Plans": [
        {
          "Node Type": "Gather",
          "Parent Relationship": "Outer",
          "Parallel Aware": false,
          "Startup Cost": 100135.08,
          "Total Cost": 100135.49,
          "Plan Rows": 4,
          "Plan Width": 8,
          "Actual Startup Time": 413.115,
          "Actual Total Time": 454.182,
          "Actual Rows": 5,
          "Actual Loops": 1,
          "Workers Planned": 4,
          "Workers Launched": 4,
          "Single Copy": false,
          "Plans": [
            {
              "Node Type": "Aggregate",
              "Strategy": "Plain",
              "Partial Mode": "Partial",
              "Parent Relationship": "Outer",
              "Parallel Aware": false,
              "Startup Cost": 99135.08,
              "Total Cost": 99135.09,
              "Plan Rows": 1,
              "Plan Width": 8,
              "Actual Startup Time": 404.903,
              "Actual Total Time": 404.905,
              "Actual Rows": 1,
              "Actual Loops": 5,
              "Plans": [
                {
                  "Node Type": "Nested Loop",
                  "Parent Relationship": "Outer",
                  "Parallel Aware": false,
                  "Join Type": "Inner",
                  "Startup Cost": 1.0,
                  "Total Cost": 98912.77,
                  "Plan Rows": 88924,
                  "Plan Width": 0,
                  "Actual Startup Time": 1.407,
                  "Actual Total Time": 391.012,
                  "Actual Rows": 272698,
                  "Actual Loops": 5,
                  "Inner Unique": false,
                  "Join Filter": "(t.id = ci.movie_id)",
                  "Rows Removed by Join Filter": 0,
                  "Plans": [
                    {
                      "Node Type": "Nested Loop",
                      "Parent Relationship": "Outer",
                      "Parallel Aware": false,
                      "Join Type": "Inner",
                      "Startup Cost": 0.43,
                      "Total Cost": 81304.24,
                      "Plan Rows": 9312,
                      "Plan Width": 8,
                      "Actual Startup Time": 0.98,
                      "Actual Total Time": 97.001,
                      "Actual Rows": 9813,
                      "Actual Loops": 5,
                      "Inner Unique": false,
                      "Plans": [
                        {
                          "Node Type": "Seq Scan",
                          "Parent Relationship": "Outer",
                          "Parallel Aware": true,
                          "Relation Name": "title",
                          "Alias": "t",
                          "Startup Cost": 0.0,
                          "Total Cost": 43899.32,
                          "Plan Rows": 5204,
                          "Plan Width": 4,
                          "Actual Startup Time": 0.089,
                          "Actual Total Time": 66.271,
                          "Actual Rows": 4024,
                          "Actual Loops": 5,
                          "Filter": "(production_year = 1987)",
                          "Rows Removed by Filter": 501638
                        },
                        {
                          "Node Type": "Index Only Scan",
                          "Parent Relationship": "Inner",
                          "Parallel Aware": false,
                          "Scan Direction": "Forward",
                          "Index Name": "movie_id_movie_keyword",
                          "Relation Name": "movie_keyword",
                          "Alias": "mk",
                          "Startup Cost": 0.43,
                          "Total Cost": 6.73,
                          "Plan Rows": 46,
                          "Plan Width": 4,
                          "Actual Startup Time": 0.006,
                          "Actual Total Time": 0.007,
                          "Actual Rows": 2,
                          "Actual Loops": 20122,
                          "Index Cond": "(movie_id = t.id)",
                          "Rows Removed by Index Recheck": 0,
                          "Heap Fetches": 49065
                        }
                      ]
                    },
                    {
                      "Node Type": "Index Scan",
                      "Parent Relationship": "Inner",
                      "Parallel Aware": false,
                      "Scan Direction": "Forward",
                      "Index Name": "movie_id_cast_info",
                      "Relation Name": "cast_info",
                      "Alias": "ci",
                      "Startup Cost": 0.56,
                      "Total Cost": 1.6,
                      "Plan Rows": 23,
                      "Plan Width": 4,
                      "Actual Startup Time": 0.004,
                      "Actual Total Time": 0.027,
                      "Actual Rows": 28,
                      "Actual Loops": 49065,
                      "Index Cond": "(movie_id = mk.movie_id)",
                      "Rows Removed by Index Recheck": 0,
                      "Filter": "(role_id < 4)",
                      "Rows Removed by Filter": 15
                    }
                  ]
                }
              ]
            }
          ]
        }
      ]
    },
    "Planning Time": 0.606,
    "Triggers": [],
    "Execution Time": 454.256
  }
]