[
  {
    "Plan": {
      "Node Type": "Aggregate",
      "Strategy": "Plain",
      "Partial Mode": "Finalize",
      "Parallel Aware": false,
      "Startup Cost": 191004.05,
      "Total Cost": 191004.06,
      "Plan Rows": 1,
      "Plan Width": 8,
      "Actual Startup Time": 480.038,
      "Actual Total Time": 496.696,
      "Actual Rows": 1,
      "Actual Loops": 1,
      "Plans": [
        {
          "Node Type": "Gather",
          "Parent Relationship": "Outer",
          "Parallel Aware": false,
          "Startup Cost": 191003.84,
          "Total Cost": 191004.05,
          "Plan Rows": 2,
          "Plan Width": 8,
          "Actual Startup Time": 470.412,
          "Actual Total Time": 496.688,
          "Actual Rows": 3,
          "Actual Loops": 1,
          "Workers Planned": 2,
          "Workers Launched": 2,
          "Single Copy": false,
          "Plans": [
            {
              "Node Type": "Aggregate",
              "Strategy": "Plain",
              "Partial Mode": "Partial",
              "Parent Relationship": "Outer",
              "Parallel Aware": false,
              "Startup Cost": 190003.84,
              "Total Cost": 190003.85,
              "Plan Rows": 1,
              "Plan Width": 8,
              "Actual Startup Time": 453.104,
              "Actual Total Time": 453.107,
              "Actual Rows": 1,
              "Actual Loops": 3,
              "Plans": [
                {
                  "Node Type": "Hash Join",
                  "Parent Relationship": "Outer",
                  "Parallel Aware": true,
                  "Join Type": "Inner",
                  "Startup Cost": 50220.95,
                  "Total Cost": 189949.94,
                  "Plan Rows": 21561,
                  "Plan Width": 0,
                  "Actual Startup Time": 425.989,
                  "Actual Total Time": 451.887,
                  "Actual Rows": 27531,
                  "Actual Loops": 3,
                  "Inner Unique": true,
                  "Hash Cond": "(ci.movie_id = t.id)",
                  "Plans": [
                    {
                      "Node Type": "Index Scan",
                      "Parent Relationship": "Outer",
                      "Parallel Aware": true,
                      "Scan Direction": "Forward",
                      "Index Name": "person_id_cast_info",
                      "Relation Name": "cast_info",
                      "Alias": "ci",
                      "Startup Cost": 0.56,
                      "Total Cost": 139672.95,
                      "Plan Rows": 21561,
                      "Plan Width": 4,
                      "Actual Startup Time": 0.077,
                      "Actual Total Time": 6.752,
                      "Actual Rows": 27531,
                      "Actual Loops": 3,
                      "Index Cond": "(person_id > 4048833)",
                      "Rows Removed by Index Recheck": 0,
                      "Filter": "(role_id > 1)",
                      "Rows Removed by Filter": 0
                    },
                    {
                      "Node Type": "Hash",
                      "Parent Relationship": "Inner",
                      "Parallel Aware": true,
                      "Startup Cost": 42319.06,
                      "Total Cost": 42319.06,
                      "Plan Rows": 632106,
                      "Plan Width": 4,
                      "Actual Startup Time": 410.423,
                      "Actual Total Time": 410.424,
                      "Actual Rows": 842771,
                      "Actual Loops": 3,
                      "Hash Buckets": 4194304,
                      "Original Hash Buckets": 4194304,
                      "Hash Batches": 1,
                      "Original Hash Batches": 1,
                      "Peak Memory Usage": 131712,
                      "Plans": [
                        {
                          "Node Type": "Seq Scan",
                          "Parent Relationship": "Outer",
                          "Parallel Aware": true,
                          "Relation Name": "title",
                          "Alias": "t",
                          "Startup Cost": 0.0,
                          "Total Cost": 42319.06,
                          "Plan Rows": 632106,
                          "Plan Width": 4,
                          "Actual Startup Time": 0.044,
                          "Actual Total Time": 119.925,
                          "Actual Rows": 842771,
                          "Actual Loops": 3
                        }
                      ]
                    }
                  ]
                }
              ]
            }
          ]
        }
      ]
    },
    "Planning Time": 0.683,
    "Triggers": [],
    "Execution Time": 496.768
  }
]