[
  {
    "Plan": {
      "Node Type": "Aggregate",
      "Strategy": "Plain",
      "Partial Mode": "Simple",
      "Parallel Aware": false,
      "Startup Cost": 28808.35,
      "Total Cost": 28808.36,
      "Plan Rows": 1,
      "Plan Width": 8,
      "Actual Startup Time": 57.93,
      "Actual Total Time": 57.932,
      "Actual Rows": 1,
      "Actual Loops": 1,
      "Plans": [
        {
          "Node Type": "Bitmap Heap Scan",
          "Parent Relationship": "Outer",
          "Parallel Aware": false,
          "Relation Name": "movie_keyword",
          "Alias": "mk",
          "Startup Cost": 2551.77,
          "Total Cost": 28507.92,
          "Plan Rows": 120172,
          "Plan Width": 0,
          "Actual Startup Time": 9.033,
          "Actual Total Time": 53.231,
          "Actual Rows": 118568,
          "Actual Loops": 1,
          "Recheck Cond": "(keyword_id > 78349)",
          "Rows Removed by Index Recheck": 0,
          "Exact Heap Blocks": 18209,
          "Lossy Heap Blocks": 0,
          "Plans": [
            {
              "Node Type": "Bitmap Index Scan",
              "Parent Relationship": "Outer",
              "Parallel Aware": false,
              "Index Name": "keyword_id_movie_keyword",
              "Startup Cost": 0.0,
              "Total Cost": 2521.72,
              "Plan Rows": 120172,
              "Plan Width": 0,
              "Actual Startup Time": 6.847,
              "Actual Total Time": 6.848,
              "Actual Rows": 118568,
              "Actual Loops": 1,
              "Index Cond": "(keyword_id > 78349)"
            }
          ]
        }
      ]
    },
    "Planning Time": 0.08,
    "Triggers": [],
    "Execution Time": 57.964
  }
]