[
  {
    "Plan": {
      "Node Type": "Aggregate",
      "Strategy": "Plain",
      "Partial Mode": "Simple",
      "Parallel Aware": false,
      "Startup Cost": 28841.16,
      "Total Cost": 28841.17,
      "Plan Rows": 1,
      "Plan Width": 8,
      "Actual Startup Time": 73.902,
      "Actual Total Time": 73.903,
      "Actual Rows": 1,
      "Actual Loops": 1,
      "Plans": [
        {
          "Node Type": "Bitmap Heap Scan",
          "Parent Relationship": "Outer",
          "Parallel Aware": false,
          "Relation Name": "movie_keyword",
          "Alias": "mk",
          "Startup Cost": 2570.86,
          "Total Cost": 28538.44,
          "Plan Rows": 121087,
          "Plan Width": 0,
          "Actual Startup Time": 25.625,
          "Actual Total Time": 68.161,
          "Actual Rows": 118568,
          "Actual Loops": 1,
          "Recheck Cond": "(keyword_id > 78349)",
          "Rows Removed by Index Recheck": 0,
          "Exact Heap Blocks": 18209,
          "Lossy Heap Blocks": 0,
          "Plans": [
            {
              "Node Type": "Bitmap Index Scan",
              "Parent Relationship": "Outer",
              "Parallel Aware": false,
              "Index Name": "keyword_id_movie_keyword",
              "Startup Cost": 0.0,
              "Total Cost": 2540.59,
              "Plan Rows": 121087,
              "Plan Width": 0,
              "Actual Startup Time": 19.377,
              "Actual Total Time": 19.377,
              "Actual Rows": 118568,
              "Actual Loops": 1,
              "Index Cond": "(keyword_id > 78349)"
            }
          ]
        }
      ]
    },
    "Planning Time": 0.168,
    "Triggers": [],
    "Execution Time": 73.962
  }
]