{
  "Plan": {
    "Node Type": "Aggregate",
    "Strategy": "Plain",
    "Partial Mode": "Finalize",
    "Parallel Aware": false,
    "Startup Cost": 73957.75,
    "Total Cost": 73957.76,
    "Plan Rows": 1,
    "Plan Width": 8,
    "Actual Startup Time": 317.244,
    "Actual Total Time": 325.015,
    "Actual Rows": 1,
    "Actual Loops": 1,
    "Plans": [
      {
        "Node Type": "Gather",
        "Parent Relationship": "Outer",
        "Parallel Aware": false,
        "Startup Cost": 73957.64,
        "Total Cost": 73957.75,
        "Plan Rows": 1,
        "Plan Width": 8,
        "Actual Startup Time": 315.993,
        "Actual Total Time": 325.004,
        "Actual Rows": 2,
        "Actual Loops": 1,
        "Workers Planned": 1,
        "Workers Launched": 1,
        "Single Copy": false,
        "Plans": [
          {
            "Node Type": "Aggregate",
            "Strategy": "Plain",
            "Partial Mode": "Partial",
            "Parent Relationship": "Outer",
            "Parallel Aware": false,
            "Startup Cost": 72957.64,
            "Total Cost": 72957.65,
            "Plan Rows": 1,
            "Plan Width": 8,
            "Actual Startup Time": 310.288,
            "Actual Total Time": 310.293,
            "Actual Rows": 1,
            "Actual Loops": 2,
            "Plans": [
              {
                "Node Type": "Hash Join",
                "Parent Relationship": "Outer",
                "Parallel Aware": true,
                "Join Type": "Inner",
                "Startup Cost": 54668.73,
                "Total Cost": 72852.52,
                "Plan Rows": 42046,
                "Plan Width": 0,
                "Actual Startup Time": 206.534,
                "Actual Total Time": 304.546,
                "Actual Rows": 107270,
                "Actual Loops": 2,
                "Inner Unique": true,
                "Hash Cond": "(mi_idx.movie_id = t.id)",
                "Plans": [
                  {
                    "Node Type": "Seq Scan",
                    "Parent Relationship": "Outer",
                    "Parallel Aware": true,
                    "Relation Name": "movie_info_idx",
                    "Alias": "mi_idx",
                    "Startup Cost": 0.0,
                    "Total Cost": 16052.85,
                    "Plan Rows": 811785,
                    "Plan Width": 4,
                    "Actual Startup Time": 0.024,
                    "Actual Total Time": 62.086,
                    "Actual Rows": 690018,
                    "Actual Loops": 2
                  },
                  {
                    "Node Type": "Hash",
                    "Parent Relationship": "Inner",
                    "Parallel Aware": true,
                    "Startup Cost": 53705.85,
                    "Total Cost": 53705.85,
                    "Plan Rows": 77031,
                    "Plan Width": 4,
                    "Actual Startup Time": 151.23,
                    "Actual Total Time": 151.231,
                    "Actual Rows": 134868,
                    "Actual Loops": 2,
                    "Hash Buckets": 524288,
                    "Original Hash Buckets": 131072,
                    "Hash Batches": 1,
                    "Original Hash Batches": 1,
                    "Peak Memory Usage": 17728,
                    "Plans": [
                      {
                        "Node Type": "Bitmap Heap Scan",
                        "Parent Relationship": "Outer",
                        "Parallel Aware": true,
                        "Relation Name": "title",
                        "Alias": "t",
                        "Startup Cost": 11855.59,
                        "Total Cost": 53705.85,
                        "Plan Rows": 77031,
                        "Plan Width": 4,
                        "Actual Startup Time": 38.704,
                        "Actual Total Time": 110.591,
                        "Actual Rows": 134868,
                        "Actual Loops": 2,
                        "Recheck Cond": "(kind_id = 1)",
                        "Rows Removed by Index Recheck": 0,
                        "Filter": "(production_year < 1980)",
                        "Rows Removed by Filter": 196544,
                        "Exact Heap Blocks": 9095,
                        "Lossy Heap Blocks": 0,
                        "Plans": [
                          {
                            "Node Type": "Bitmap Index Scan",
                            "Parent Relationship": "Outer",
                            "Parallel Aware": false,
                            "Index Name": "kind_id_title",
                            "Startup Cost": 0.0,
                            "Total Cost": 11822.85,
                            "Plan Rows": 663256,
                            "Plan Width": 0,
                            "Actual Startup Time": 39.974,
                            "Actual Total Time": 39.975,
                            "Actual Rows": 662825,
                            "Actual Loops": 1,
                            "Index Cond": "(kind_id = 1)"
                          }
                        ]
                      }
                    ]
                  }
                ]
              }
            ]
          }
        ]
      }
    ]
  },
  "Planning Time": 0.514,
  "Triggers": [],
  "Execution Time": 325.112
}