[
  {
    "Plan": {
      "Node Type": "Aggregate",
      "Strategy": "Plain",
      "Partial Mode": "Finalize",
      "Parallel Aware": false,
      "Startup Cost": 609031.18,
      "Total Cost": 609031.19,
      "Plan Rows": 1,
      "Plan Width": 8,
      "Actual Startup Time": 3507.71,
      "Actual Total Time": 3592.325,
      "Actual Rows": 1,
      "Actual Loops": 1,
      "Plans": [
        {
          "Node Type": "Gather",
          "Parent Relationship": "Outer",
          "Parallel Aware": false,
          "Startup Cost": 609030.65,
          "Total Cost": 609031.16,
          "Plan Rows": 5,
          "Plan Width": 8,
          "Actual Startup Time": 3499.89,
          "Actual Total Time": 3592.311,
          "Actual Rows": 6,
          "Actual Loops": 1,
          "Workers Planned": 5,
          "Workers Launched": 5,
          "Single Copy": false,
          "Plans": [
            {
              "Node Type": "Aggregate",
              "Strategy": "Plain",
              "Partial Mode": "Partial",
              "Parent Relationship": "Outer",
              "Parallel Aware": false,
              "Startup Cost": 608030.65,
              "Total Cost": 608030.66,
              "Plan Rows": 1,
              "Plan Width": 8,
              "Actual Startup Time": 3485.011,
              "Actual Total Time": 3485.069,
              "Actual Rows": 1,
              "Actual Loops": 6,
              "Plans": [
                {
                  "Node Type": "Hash Join",
                  "Parent Relationship": "Outer",
                  "Parallel Aware": true,
                  "Join Type": "Inner",
                  "Startup Cost": 397834.35,
                  "Total Cost": 603604.72,
                  "Plan Rows": 1770372,
                  "Plan Width": 0,
                  "Actual Startup Time": 1469.936,
                  "Actual Total Time": 3156.769,
                  "Actual Rows": 7962346,
                  "Actual Loops": 6,
                  "Inner Unique": false,
                  "Hash Cond": "(mi.movie_id = t.id)",
                  "Plans": [
                    {
                      "Node Type": "Seq Scan",
                      "Parent Relationship": "Outer",
                      "Parallel Aware": true,
                      "Relation Name": "movie_info",
                      "Alias": "mi",
                      "Startup Cost": 0.0,
                      "Total Cost": 191685.19,
                      "Plan Rows": 2969219,
                      "Plan Width": 4,
                      "Actual Startup Time": 0.042,
                      "Actual Total Time": 300.66,
                      "Actual Rows": 2472620,
                      "Actual Loops": 6
                    },
                    {
                      "Node Type": "Hash",
                      "Parent Relationship": "Inner",
                      "Parallel Aware": true,
                      "Startup Cost": 394693.62,
                      "Total Cost": 394693.62,
                      "Plan Rows": 251258,
                      "Plan Width": 8,
                      "Actual Startup Time": 1442.146,
                      "Actual Total Time": 1442.202,
                      "Actual Rows": 260068,
                      "Actual Loops": 6,
                      "Hash Buckets": 2097152,
                      "Original Hash Buckets": 2097152,
                      "Hash Batches": 1,
                      "Original Hash Batches": 1,
                      "Peak Memory Usage": 77504,
                      "Plans": [
                        {
                          "Node Type": "Hash Join",
                          "Parent Relationship": "Outer",
                          "Parallel Aware": true,
                          "Join Type": "Inner",
                          "Startup Cost": 46561.77,
                          "Total Cost": 394693.62,
                          "Plan Rows": 251258,
                          "Plan Width": 8,
                          "Actual Startup Time": 117.152,
                          "Actual Total Time": 1319.119,
                          "Actual Rows": 260068,
                          "Actual Loops": 6,
                          "Inner Unique": true,
                          "Hash Cond": "(ci.movie_id = t.id)",
                          "Plans": [
                            {
                              "Node Type": "Seq Scan",
                              "Parent Relationship": "Outer",
                              "Parallel Aware": true,
                              "Relation Name": "cast_info",
                              "Alias": "ci",
                              "Startup Cost": 0.0,
                              "Total Cost": 343316.27,
                              "Plan Rows": 1834502,
                              "Plan Width": 4,
                              "Actual Startup Time": 0.035,
                              "Actual Total Time": 824.039,
                              "Actual Rows": 2222757,
                              "Actual Loops": 6,
                              "Filter": "((person_id < 1653523) AND (role_id < 4))",
                              "Rows Removed by Filter": 3817967
                            },
                            {
                              "Node Type": "Hash",
                              "Parent Relationship": "Inner",
                              "Parallel Aware": true,
                              "Startup Cost": 45479.59,
                              "Total Cost": 45479.59,
                              "Plan Rows": 86575,
                              "Plan Width": 4,
                              "Actual Startup Time": 116.222,
                              "Actual Total Time": 116.224,
                              "Actual Rows": 44212,
                              "Actual Loops": 6,
                              "Hash Buckets": 524288,
                              "Original Hash Buckets": 524288,
                              "Hash Batches": 1,
                              "Original Hash Batches": 1,
                              "Peak Memory Usage": 14528,
                              "Plans": [
                                {
                                  "Node Type": "Seq Scan",
                                  "Parent Relationship": "Outer",
                                  "Parallel Aware": true,
                                  "Relation Name": "title",
                                  "Alias": "t",
                                  "Startup Cost": 0.0,
                                  "Total Cost": 45479.59,
                                  "Plan Rows": 86575,
                                  "Plan Width": 4,
                                  "Actual Startup Time": 49.173,
                                  "Actual Total Time": 93.858,
                                  "Actual Rows": 44212,
                                  "Actual Loops": 6,
                                  "Filter": "((production_year > 2001) AND (kind_id = 1))",
                                  "Rows Removed by Filter": 377173
                                }
                              ]
                            }
                          ]
                        }
                      ]
                    }
                  ]
                }
              ]
            }
          ]
        }
      ]
    },
    "Planning Time": 1.385,
    "Triggers": [],
    "Execution Time": 3592.425
  }
]