[
  {
    "Plan": {
      "Node Type": "Aggregate",
      "Strategy": "Plain",
      "Partial Mode": "Finalize",
      "Parallel Aware": false,
      "Startup Cost": 184466.46,
      "Total Cost": 184466.47,
      "Plan Rows": 1,
      "Plan Width": 8,
      "Actual Startup Time": 118.562,
      "Actual Total Time": 133.692,
      "Actual Rows": 1,
      "Actual Loops": 1,
      "Plans": [
        {
          "Node Type": "Gather",
          "Parent Relationship": "Outer",
          "Parallel Aware": false,
          "Startup Cost": 184466.04,
          "Total Cost": 184466.45,
          "Plan Rows": 4,
          "Plan Width": 8,
          "Actual Startup Time": 118.37,
          "Actual Total Time": 133.677,
          "Actual Rows": 5,
          "Actual Loops": 1,
          "Workers Planned": 4,
          "Workers Launched": 4,
          "Single Copy": false,
          "Plans": [
            {
              "Node Type": "Aggregate",
              "Strategy": "Plain",
              "Partial Mode": "Partial",
              "Parent Relationship": "Outer",
              "Parallel Aware": false,
              "Startup Cost": 183466.04,
              "Total Cost": 183466.05,
              "Plan Rows": 1,
              "Plan Width": 8,
              "Actual Startup Time": 110.704,
              "Actual Total Time": 110.706,
              "Actual Rows": 1,
              "Actual Loops": 5,
              "Plans": [
                {
                  "Node Type": "Nested Loop",
                  "Parent Relationship": "Outer",
                  "Parallel Aware": false,
                  "Join Type": "Inner",
                  "Startup Cost": 0.43,
                  "Total Cost": 183446.05,
                  "Plan Rows": 7997,
                  "Plan Width": 0,
                  "Actual Startup Time": 0.402,
                  "Actual Total Time": 110.026,
                  "Actual Rows": 6362,
                  "Actual Loops": 5,
                  "Inner Unique": false,
                  "Plans": [
                    {
                      "Node Type": "Seq Scan",
                      "Parent Relationship": "Outer",
                      "Parallel Aware": true,
                      "Relation Name": "title",
                      "Alias": "t",
                      "Startup Cost": 0.0,
                      "Total Cost": 45479.59,
                      "Plan Rows": 1362,
                      "Plan Width": 4,
                      "Actual Startup Time": 0.219,
                      "Actual Total Time": 85.938,
                      "Actual Rows": 1291,
                      "Actual Loops": 5,
                      "Filter": "((kind_id = 7) AND (production_year = 1964))",
                      "Rows Removed by Filter": 504372
                    },
                    {
                      "Node Type": "Index Only Scan",
                      "Parent Relationship": "Inner",
                      "Parallel Aware": false,
                      "Scan Direction": "Forward",
                      "Index Name": "movie_id_movie_info",
                      "Relation Name": "movie_info",
                      "Alias": "mi",
                      "Startup Cost": 0.43,
                      "Total Cost": 100.89,
                      "Plan Rows": 41,
                      "Plan Width": 4,
                      "Actual Startup Time": 0.009,
                      "Actual Total Time": 0.017,
                      "Actual Rows": 5,
                      "Actual Loops": 6454,
                      "Index Cond": "(movie_id = t.id)",
                      "Rows Removed by Index Recheck": 0,
                      "Heap Fetches": 31812
                    }
                  ]
                }
              ]
            }
          ]
        }
      ]
    },
    "Planning Time": 0.627,
    "Triggers": [],
    "Execution Time": 133.773
  }
]