{
  "Plan": {
    "Node Type": "Aggregate",
    "Strategy": "Plain",
    "Partial Mode": "Finalize",
    "Parallel Aware": false,
    "Startup Cost": 377693.24,
    "Total Cost": 377693.25,
    "Plan Rows": 1,
    "Plan Width": 8,
    "Actual Startup Time": 3002.596,
    "Actual Total Time": 3032.706,
    "Actual Rows": 1,
    "Actual Loops": 1,
    "Plans": [
      {
        "Node Type": "Gather",
        "Parent Relationship": "Outer",
        "Parallel Aware": false,
        "Startup Cost": 377693.13,
        "Total Cost": 377693.24,
        "Plan Rows": 1,
        "Plan Width": 8,
        "Actual Startup Time": 3002.566,
        "Actual Total Time": 3032.701,
        "Actual Rows": 2,
        "Actual Loops": 1,
        "Workers Planned": 1,
        "Workers Launched": 1,
        "Single Copy": false,
        "Plans": [
          {
            "Node Type": "Aggregate",
            "Strategy": "Plain",
            "Partial Mode": "Partial",
            "Parent Relationship": "Outer",
            "Parallel Aware": false,
            "Startup Cost": 376693.13,
            "Total Cost": 376693.14,
            "Plan Rows": 1,
            "Plan Width": 8,
            "Actual Startup Time": 2996.467,
            "Actual Total Time": 2996.468,
            "Actual Rows": 1,
            "Actual Loops": 2,
            "Plans": [
              {
                "Node Type": "Merge Join",
                "Parent Relationship": "Outer",
                "Parallel Aware": false,
                "Join Type": "Inner",
                "Startup Cost": 25.25,
                "Total Cost": 374884.07,
                "Plan Rows": 723624,
                "Plan Width": 0,
                "Actual Startup Time": 38.83,
                "Actual Total Time": 2880.188,
                "Actual Rows": 2778256,
                "Actual Loops": 2,
                "Inner Unique": false,
                "Merge Cond": "(mk.movie_id = t.id)",
                "Plans": [
                  {
                    "Node Type": "Index Scan",
                    "Parent Relationship": "Outer",
                    "Parallel Aware": true,
                    "Scan Direction": "Forward",
                    "Index Name": "movie_id_movie_keyword",
                    "Relation Name": "movie_keyword",
                    "Alias": "mk",
                    "Startup Cost": 0.43,
                    "Total Cost": 165212.95,
                    "Plan Rows": 1403819,
                    "Plan Width": 4,
                    "Actual Startup Time": 1.869,
                    "Actual Total Time": 374.6,
                    "Actual Rows": 1191890,
                    "Actual Loops": 2,
                    "Filter": "(keyword_id > 3991)",
                    "Rows Removed by Filter": 1070072
                  },
                  {
                    "Node Type": "Materialize",
                    "Parent Relationship": "Inner",
                    "Parallel Aware": false,
                    "Startup Cost": 3.32,
                    "Total Cost": 195866.6,
                    "Plan Rows": 1303253,
                    "Plan Width": 8,
                    "Actual Startup Time": 0.283,
                    "Actual Total Time": 2083.395,
                    "Actual Rows": 3875956,
                    "Actual Loops": 2,
                    "Plans": [
                      {
                        "Node Type": "Merge Join",
                        "Parent Relationship": "Outer",
                        "Parallel Aware": false,
                        "Join Type": "Inner",
                        "Startup Cost": 3.32,
                        "Total Cost": 192608.46,
                        "Plan Rows": 1303253,
                        "Plan Width": 8,
                        "Actual Startup Time": 0.273,
                        "Actual Total Time": 1791.534,
                        "Actual Rows": 1365030,
                        "Actual Loops": 2,
                        "Inner Unique": true,
                        "Merge Cond": "(mi_idx.movie_id = t.id)",
                        "Plans": [
                          {
                            "Node Type": "Index Only Scan",
                            "Parent Relationship": "Outer",
                            "Parallel Aware": false,
                            "Scan Direction": "Forward",
                            "Index Name": "movie_id_movie_info_idx",
                            "Relation Name": "movie_info_idx",
                            "Alias": "mi_idx",
                            "Startup Cost": 0.43,
                            "Total Cost": 53620.22,
                            "Plan Rows": 1380035,
                            "Plan Width": 4,
                            "Actual Startup Time": 0.154,
                            "Actual Total Time": 278.337,
                            "Actual Rows": 1380014,
                            "Actual Loops": 2,
                            "Heap Fetches": 2760029
                          },
                          {
                            "Node Type": "Index Scan",
                            "Parent Relationship": "Inner",
                            "Parallel Aware": false,
                            "Scan Direction": "Forward",
                            "Index Name": "title_pkey",
                            "Relation Name": "title",
                            "Alias": "t",
                            "Startup Cost": 0.43,
                            "Total Cost": 116660.7,
                            "Plan Rows": 2387625,
                            "Plan Width": 4,
                            "Actual Startup Time": 0.095,
                            "Actual Total Time": 1221.835,
                            "Actual Rows": 2387703,
                            "Actual Loops": 2,
                            "Filter": "(production_year < 2013)",
                            "Rows Removed by Filter": 138028
                          }
                        ]
                      }
                    ]
                  }
                ]
              }
            ]
          }
        ]
      }
    ]
  },
  "Planning Time": 0.942,
  "Triggers": [],
  "Execution Time": 3032.842
}