[
  {
    "Plan": {
      "Node Type": "Aggregate",
      "Strategy": "Plain",
      "Partial Mode": "Finalize",
      "Parallel Aware": false,
      "Startup Cost": 23450.27,
      "Total Cost": 23450.28,
      "Plan Rows": 1,
      "Plan Width": 8,
      "Actual Startup Time": 38.568,
      "Actual Total Time": 44.722,
      "Actual Rows": 1,
      "Actual Loops": 1,
      "Plans": [
        {
          "Node Type": "Gather",
          "Parent Relationship": "Outer",
          "Parallel Aware": false,
          "Startup Cost": 23449.95,
          "Total Cost": 23450.26,
          "Plan Rows": 3,
          "Plan Width": 8,
          "Actual Startup Time": 38.344,
          "Actual Total Time": 44.716,
          "Actual Rows": 4,
          "Actual Loops": 1,
          "Workers Planned": 3,
          "Workers Launched": 3,
          "Single Copy": false,
          "Plans": [
            {
              "Node Type": "Aggregate",
              "Strategy": "Plain",
              "Partial Mode": "Partial",
              "Parent Relationship": "Outer",
              "Parallel Aware": false,
              "Startup Cost": 22449.95,
              "Total Cost": 22449.96,
              "Plan Rows": 1,
              "Plan Width": 8,
              "Actual Startup Time": 33.993,
              "Actual Total Time": 33.994,
              "Actual Rows": 1,
              "Actual Loops": 4,
              "Plans": [
                {
                  "Node Type": "Bitmap Heap Scan",
                  "Parent Relationship": "Outer",
                  "Parallel Aware": true,
                  "Relation Name": "movie_companies",
                  "Alias": "mc",
                  "Startup Cost": 2945.33,
                  "Total Cost": 22396.11,
                  "Plan Rows": 21538,
                  "Plan Width": 0,
                  "Actual Startup Time": 6.634,
                  "Actual Total Time": 31.88,
                  "Actual Rows": 27816,
                  "Actual Loops": 4,
                  "Recheck Cond": "(company_id < 27)",
                  "Rows Removed by Index Recheck": 0,
                  "Filter": "(company_type_id < 2)",
                  "Rows Removed by Filter": 5885,
                  "Exact Heap Blocks": 6686,
                  "Lossy Heap Blocks": 0,
                  "Plans": [
                    {
                      "Node Type": "Bitmap Index Scan",
                      "Parent Relationship": "Outer",
                      "Parallel Aware": false,
                      "Index Name": "company_id_movie_companies",
                      "Startup Cost": 0.0,
                      "Total Cost": 2928.64,
                      "Plan Rows": 136561,
                      "Plan Width": 0,
                      "Actual Startup Time": 8.13,
                      "Actual Total Time": 8.13,
                      "Actual Rows": 134807,
                      "Actual Loops": 1,
                      "Index Cond": "(company_id < 27)"
                    }
                  ]
                }
              ]
            }
          ]
        }
      ]
    },
    "Planning Time": 0.158,
    "Triggers": [],
    "Execution Time": 44.757
  }
]