[
  {
    "Plan": {
      "Node Type": "Aggregate",
      "Strategy": "Plain",
      "Partial Mode": "Finalize",
      "Parallel Aware": false,
      "Startup Cost": 41413.47,
      "Total Cost": 41413.48,
      "Plan Rows": 1,
      "Plan Width": 8,
      "Actual Startup Time": 160.328,
      "Actual Total Time": 169.192,
      "Actual Rows": 1,
      "Actual Loops": 1,
      "Plans": [
        {
          "Node Type": "Gather",
          "Parent Relationship": "Outer",
          "Parallel Aware": false,
          "Startup Cost": 41413.16,
          "Total Cost": 41413.47,
          "Plan Rows": 3,
          "Plan Width": 8,
          "Actual Startup Time": 160.045,
          "Actual Total Time": 169.181,
          "Actual Rows": 4,
          "Actual Loops": 1,
          "Workers Planned": 3,
          "Workers Launched": 3,
          "Single Copy": false,
          "Plans": [
            {
              "Node Type": "Aggregate",
              "Strategy": "Plain",
              "Partial Mode": "Partial",
              "Parent Relationship": "Outer",
              "Parallel Aware": false,
              "Startup Cost": 40413.16,
              "Total Cost": 40413.17,
              "Plan Rows": 1,
              "Plan Width": 8,
              "Actual Startup Time": 151.024,
              "Actual Total Time": 151.026,
              "Actual Rows": 1,
              "Actual Loops": 4,
              "Plans": [
                {
                  "Node Type": "Bitmap Heap Scan",
                  "Parent Relationship": "Outer",
                  "Parallel Aware": true,
                  "Relation Name": "movie_keyword",
                  "Alias": "mk",
                  "Startup Cost": 12995.39,
                  "Total Cost": 39919.2,
                  "Plan Rows": 197584,
                  "Plan Width": 0,
                  "Actual Startup Time": 56.797,
                  "Actual Total Time": 140.477,
                  "Actual Rows": 154789,
                  "Actual Loops": 4,
                  "Recheck Cond": "(keyword_id < 475)",
                  "Rows Removed by Index Recheck": 0,
                  "Exact Heap Blocks": 8607,
                  "Lossy Heap Blocks": 0,
                  "Plans": [
                    {
                      "Node Type": "Bitmap Index Scan",
                      "Parent Relationship": "Outer",
                      "Parallel Aware": false,
                      "Index Name": "keyword_id_movie_keyword",
                      "Startup Cost": 0.0,
                      "Total Cost": 12842.27,
                      "Plan Rows": 612511,
                      "Plan Width": 0,
                      "Actual Startup Time": 57.814,
                      "Actual Total Time": 57.815,
                      "Actual Rows": 619157,
                      "Actual Loops": 1,
                      "Index Cond": "(keyword_id < 475)"
                    }
                  ]
                }
              ]
            }
          ]
        }
      ]
    },
    "Planning Time": 0.188,
    "Triggers": [],
    "Execution Time": 169.271
  }
]