[
    {
        "Bao": {
            "Bao prediction": "NaN",
            "Bao recommended hint": "(no hint)"
        }
    },
    {
        "Plan": {
            "Node Type": "Aggregate",
            "Strategy": "Plain",
            "Partial Mode": "Finalize",
            "Parallel Aware": false,
            "Startup Cost": 86386.79,
            "Total Cost": 86386.8,
            "Plan Rows": 1,
            "Plan Width": 8,
            "Actual Startup Time": 207.533,
            "Actual Total Time": 217.442,
            "Actual Rows": 1,
            "Actual Loops": 1,
            "Output": [
                "count(*)"
            ],
            "Plans": [
                {
                    "Node Type": "Gather",
                    "Parent Relationship": "Outer",
                    "Parallel Aware": false,
                    "Startup Cost": 86386.48,
                    "Total Cost": 86386.79,
                    "Plan Rows": 3,
                    "Plan Width": 8,
                    "Actual Startup Time": 207.138,
                    "Actual Total Time": 217.434,
                    "Actual Rows": 4,
                    "Actual Loops": 1,
                    "Output": [
                        "(PARTIAL count(*))"
                    ],
                    "Workers Planned": 3,
                    "Workers Launched": 3,
                    "Single Copy": false,
                    "Plans": [
                        {
                            "Node Type": "Aggregate",
                            "Strategy": "Plain",
                            "Partial Mode": "Partial",
                            "Parent Relationship": "Outer",
                            "Parallel Aware": false,
                            "Startup Cost": 85386.48,
                            "Total Cost": 85386.49,
                            "Plan Rows": 1,
                            "Plan Width": 8,
                            "Actual Startup Time": 198.246,
                            "Actual Total Time": 198.249,
                            "Actual Rows": 1,
                            "Actual Loops": 4,
                            "Output": [
                                "PARTIAL count(*)"
                            ],
                            "Workers": [
                                {
                                    "Worker Number": 0,
                                    "Actual Startup Time": 195.027,
                                    "Actual Total Time": 195.03,
                                    "Actual Rows": 1,
                                    "Actual Loops": 1
                                },
                                {
                                    "Worker Number": 1,
                                    "Actual Startup Time": 195.33,
                                    "Actual Total Time": 195.333,
                                    "Actual Rows": 1,
                                    "Actual Loops": 1
                                },
                                {
                                    "Worker Number": 2,
                                    "Actual Startup Time": 195.758,
                                    "Actual Total Time": 195.761,
                                    "Actual Rows": 1,
                                    "Actual Loops": 1
                                }
                            ],
                            "Plans": [
                                {
                                    "Node Type": "Hash Join",
                                    "Parent Relationship": "Outer",
                                    "Parallel Aware": true,
                                    "Join Type": "Inner",
                                    "Startup Cost": 58054.04,
                                    "Total Cost": 85381.55,
                                    "Plan Rows": 1972,
                                    "Plan Width": 0,
                                    "Actual Startup Time": 120.056,
                                    "Actual Total Time": 198.013,
                                    "Actual Rows": 3262,
                                    "Actual Loops": 4,
                                    "Inner Unique": true,
                                    "Hash Cond": "(mk.movie_id = t.id)",
                                    "Workers": [
                                        {
                                            "Worker Number": 0,
                                            "Actual Startup Time": 117.403,
                                            "Actual Total Time": 194.799,
                                            "Actual Rows": 3086,
                                            "Actual Loops": 1
                                        },
                                        {
                                            "Worker Number": 1,
                                            "Actual Startup Time": 117.238,
                                            "Actual Total Time": 195.112,
                                            "Actual Rows": 2715,
                                            "Actual Loops": 1
                                        },
                                        {
                                            "Worker Number": 2,
                                            "Actual Startup Time": 117.46,
                                            "Actual Total Time": 195.517,
                                            "Actual Rows": 3071,
                                            "Actual Loops": 1
                                        }
                                    ],
                                    "Plans": [
                                        {
                                            "Node Type": "Bitmap Heap Scan",
                                            "Parent Relationship": "Outer",
                                            "Parallel Aware": true,
                                            "Relation Name": "movie_keyword",
                                            "Schema": "public",
                                            "Alias": "mk",
                                            "Startup Cost": 12492.8,
                                            "Total Cost": 39321.61,
                                            "Plan Rows": 189984,
                                            "Plan Width": 4,
                                            "Actual Startup Time": 35.477,
                                            "Actual Total Time": 97.37,
                                            "Actual Rows": 145696,
                                            "Actual Loops": 4,
                                            "Output": [
                                                "mk.id",
                                                "mk.movie_id",
                                                "mk.keyword_id"
                                            ],
                                            "Recheck Cond": "(mk.keyword_id > 31456)",
                                            "Rows Removed by Index Recheck": 0,
                                            "Exact Heap Blocks": 8306,
                                            "Lossy Heap Blocks": 0,
                                            "Workers": [
                                                {
                                                    "Worker Number": 0,
                                                    "Actual Startup Time": 35.602,
                                                    "Actual Total Time": 97.951,
                                                    "Actual Rows": 124871,
                                                    "Actual Loops": 1
                                                },
                                                {
                                                    "Worker Number": 1,
                                                    "Actual Startup Time": 35.451,
                                                    "Actual Total Time": 98.336,
                                                    "Actual Rows": 125614,
                                                    "Actual Loops": 1
                                                },
                                                {
                                                    "Worker Number": 2,
                                                    "Actual Startup Time": 35.6,
                                                    "Actual Total Time": 97.965,
                                                    "Actual Rows": 125188,
                                                    "Actual Loops": 1
                                                }
                                            ],
                                            "Plans": [
                                                {
                                                    "Node Type": "Bitmap Index Scan",
                                                    "Parent Relationship": "Outer",
                                                    "Parallel Aware": false,
                                                    "Index Name": "keyword_id_movie_keyword",
                                                    "Startup Cost": 0.0,
                                                    "Total Cost": 12345.57,
                                                    "Plan Rows": 588951,
                                                    "Plan Width": 0,
                                                    "Actual Startup Time": 31.9,
                                                    "Actual Total Time": 31.901,
                                                    "Actual Rows": 582786,
                                                    "Actual Loops": 1,
                                                    "Index Cond": "(mk.keyword_id > 31456)"
                                                }
                                            ]
                                        },
                                        {
                                            "Node Type": "Hash",
                                            "Parent Relationship": "Inner",
                                            "Parallel Aware": true,
                                            "Startup Cost": 45479.21,
                                            "Total Cost": 45479.21,
                                            "Plan Rows": 6562,
                                            "Plan Width": 4,
                                            "Actual Startup Time": 83.816,
                                            "Actual Total Time": 83.817,
                                            "Actual Rows": 5158,
                                            "Actual Loops": 4,
                                            "Output": [
                                                "t.id"
                                            ],
                                            "Hash Buckets": 32768,
                                            "Original Hash Buckets": 32768,
                                            "Hash Batches": 1,
                                            "Original Hash Batches": 1,
                                            "Peak Memory Usage": 1120,
                                            "Workers": [
                                                {
                                                    "Worker Number": 0,
                                                    "Actual Startup Time": 80.597,
                                                    "Actual Total Time": 80.598,
                                                    "Actual Rows": 4533,
                                                    "Actual Loops": 1
                                                },
                                                {
                                                    "Worker Number": 1,
                                                    "Actual Startup Time": 80.943,
                                                    "Actual Total Time": 80.944,
                                                    "Actual Rows": 4377,
                                                    "Actual Loops": 1
                                                },
                                                {
                                                    "Worker Number": 2,
                                                    "Actual Startup Time": 81.33,
                                                    "Actual Total Time": 81.33,
                                                    "Actual Rows": 4450,
                                                    "Actual Loops": 1
                                                }
                                            ],
                                            "Plans": [
                                                {
                                                    "Node Type": "Seq Scan",
                                                    "Parent Relationship": "Outer",
                                                    "Parallel Aware": true,
                                                    "Relation Name": "title",
                                                    "Schema": "public",
                                                    "Alias": "t",
                                                    "Startup Cost": 0.0,
                                                    "Total Cost": 45479.21,
                                                    "Plan Rows": 6562,
                                                    "Plan Width": 4,
                                                    "Actual Startup Time": 0.317,
                                                    "Actual Total Time": 81.638,
                                                    "Actual Rows": 5158,
                                                    "Actual Loops": 4,
                                                    "Output": [
                                                        "t.id"
                                                    ],
                                                    "Filter": "((t.kind_id < 7) AND (t.production_year = 2002))",
                                                    "Rows Removed by Filter": 626920,
                                                    "Workers": [
                                                        {
                                                            "Worker Number": 0,
                                                            "Actual Startup Time": 0.241,
                                                            "Actual Total Time": 78.47,
                                                            "Actual Rows": 4533,
                                                            "Actual Loops": 1
                                                        },
                                                        {
                                                            "Worker Number": 1,
                                                            "Actual Startup Time": 0.285,
                                                            "Actual Total Time": 78.578,
                                                            "Actual Rows": 4377,
                                                            "Actual Loops": 1
                                                        },
                                                        {
                                                            "Worker Number": 2,
                                                            "Actual Startup Time": 0.686,
                                                            "Actual Total Time": 79.211,
                                                            "Actual Rows": 4450,
                                                            "Actual Loops": 1
                                                        }
                                                    ]
                                                }
                                            ]
                                        }
                                    ]
                                }
                            ]
                        }
                    ]
                }
            ]
        },
        "Planning Time": 180.935,
        "Triggers": [],
        "Execution Time": 217.494
    }
]