{
  "Plan": {
    "Node Type": "Aggregate",
    "Strategy": "Plain",
    "Partial Mode": "Simple",
    "Parallel Aware": false,
    "Startup Cost": 791137.37,
    "Total Cost": 791137.38,
    "Plan Rows": 1,
    "Plan Width": 64,
    "Actual Startup Time": 2909.569,
    "Actual Total Time": 2982.635,
    "Actual Rows": 1,
    "Actual Loops": 1,
    "Plans": [
      {
        "Node Type": "Gather",
        "Parent Relationship": "Outer",
        "Parallel Aware": false,
        "Startup Cost": 732659.16,
        "Total Cost": 791137.36,
        "Plan Rows": 1,
        "Plan Width": 32,
        "Actual Startup Time": 2875.978,
        "Actual Total Time": 2982.611,
        "Actual Rows": 16,
        "Actual Loops": 1,
        "Workers Planned": 1,
        "Workers Launched": 1,
        "Single Copy": false,
        "Plans": [
          {
            "Node Type": "Hash Join",
            "Parent Relationship": "Outer",
            "Parallel Aware": false,
            "Join Type": "Inner",
            "Startup Cost": 731659.16,
            "Total Cost": 790137.26,
            "Plan Rows": 1,
            "Plan Width": 32,
            "Actual Startup Time": 2885.575,
            "Actual Total Time": 2902.269,
            "Actual Rows": 8,
            "Actual Loops": 2,
            "Inner Unique": true,
            "Hash Cond": "(ml.link_type_id = lt.id)",
            "Plans": [
              {
                "Node Type": "Hash Join",
                "Parent Relationship": "Outer",
                "Parallel Aware": false,
                "Join Type": "Inner",
                "Startup Cost": 731657.92,
                "Total Cost": 790136.02,
                "Plan Rows": 1,
                "Plan Width": 36,
                "Actual Startup Time": 2885.034,
                "Actual Total Time": 2901.724,
                "Actual Rows": 23,
                "Actual Loops": 2,
                "Inner Unique": false,
                "Hash Cond": "(t.id = ml.linked_movie_id)",
                "Plans": [
                  {
                    "Node Type": "Hash Join",
                    "Parent Relationship": "Outer",
                    "Parallel Aware": true,
                    "Join Type": "Inner",
                    "Startup Cost": 730819.99,
                    "Total Cost": 789297.25,
                    "Plan Rows": 5,
                    "Plan Width": 40,
                    "Actual Startup Time": 2843.537,
                    "Actual Total Time": 2882.721,
                    "Actual Rows": 16,
                    "Actual Loops": 2,
                    "Inner Unique": false,
                    "Hash Cond": "(t.id = ci.movie_id)",
                    "Plans": [
                      {
                        "Node Type": "Seq Scan",
                        "Parent Relationship": "Outer",
                        "Parallel Aware": true,
                        "Relation Name": "title",
                        "Alias": "t",
                        "Startup Cost": 0.0,
                        "Total Cost": 58308.37,
                        "Plan Rows": 45028,
                        "Plan Width": 21,
                        "Actual Startup Time": 0.01,
                        "Actual Total Time": 116.06,
                        "Actual Rows": 38032,
                        "Actual Loops": 2,
                        "Filter": "((production_year >= 1980) AND (production_year <= 1984))",
                        "Rows Removed by Filter": 1226124
                      },
                      {
                        "Node Type": "Hash",
                        "Parent Relationship": "Inner",
                        "Parallel Aware": true,
                        "Startup Cost": 730817.77,
                        "Total Cost": 730817.77,
                        "Plan Rows": 178,
                        "Plan Width": 19,
                        "Actual Startup Time": 2763.169,
                        "Actual Total Time": 2763.18,
                        "Actual Rows": 176,
                        "Actual Loops": 2,
                        "Hash Buckets": 1024,
                        "Original Hash Buckets": 1024,
                        "Hash Batches": 1,
                        "Original Hash Batches": 1,
                        "Peak Memory Usage": 72,
                        "Plans": [
                          {
                            "Node Type": "Hash Join",
                            "Parent Relationship": "Outer",
                            "Parallel Aware": true,
                            "Join Type": "Inner",
                            "Startup Cost": 184867.17,
                            "Total Cost": 730817.77,
                            "Plan Rows": 178,
                            "Plan Width": 19,
                            "Actual Startup Time": 612.926,
                            "Actual Total Time": 2763.054,
                            "Actual Rows": 176,
                            "Actual Loops": 2,
                            "Inner Unique": false,
                            "Hash Cond": "(ci.person_id = pi.person_id)",
                            "Plans": [
                              {
                                "Node Type": "Seq Scan",
                                "Parent Relationship": "Outer",
                                "Parallel Aware": true,
                                "Relation Name": "cast_info",
                                "Alias": "ci",
                                "Startup Cost": 0.0,
                                "Total Cost": 465968.32,
                                "Plan Rows": 21328132,
                                "Plan Width": 8,
                                "Actual Startup Time": 0.007,
                                "Actual Total Time": 1263.288,
                                "Actual Rows": 18122172,
                                "Actual Loops": 2
                              },
                              {
                                "Node Type": "Hash",
                                "Parent Relationship": "Inner",
                                "Parallel Aware": true,
                                "Startup Cost": 184867.16,
                                "Total Cost": 184867.16,
                                "Plan Rows": 1,
                                "Plan Width": 27,
                                "Actual Startup Time": 437.307,
                                "Actual Total Time": 437.317,
                                "Actual Rows": 2,
                                "Actual Loops": 2,
                                "Hash Buckets": 1024,
                                "Original Hash Buckets": 1024,
                                "Hash Batches": 1,
                                "Original Hash Batches": 1,
                                "Peak Memory Usage": 72,
                                "Plans": [
                                  {
                                    "Node Type": "Hash Join",
                                    "Parent Relationship": "Outer",
                                    "Parallel Aware": true,
                                    "Join Type": "Inner",
                                    "Startup Cost": 92268.79,
                                    "Total Cost": 184867.16,
                                    "Plan Rows": 1,
                                    "Plan Width": 27,
                                    "Actual Startup Time": 248.893,
                                    "Actual Total Time": 437.287,
                                    "Actual Rows": 2,
                                    "Actual Loops": 2,
                                    "Inner Unique": false,
                                    "Hash Cond": "(n.id = pi.person_id)",
                                    "Plans": [
                                      {
                                        "Node Type": "Seq Scan",
                                        "Parent Relationship": "Outer",
                                        "Parallel Aware": true,
                                        "Relation Name": "name",
                                        "Alias": "n",
                                        "Startup Cost": 0.0,
                                        "Total Cost": 92383.97,
                                        "Plan Rows": 57171,
                                        "Plan Width": 19,
                                        "Actual Startup Time": 0.025,
                                        "Actual Total Time": 207.383,
                                        "Actual Rows": 45988,
                                        "Actual Loops": 2,
                                        "Filter": "(((name_pcode_cf)::text ~~ 'D%'::text) AND ((gender)::text = 'm'::text))",
                                        "Rows Removed by Filter": 2037758
                                      },
                                      {
                                        "Node Type": "Hash",
                                        "Parent Relationship": "Inner",
                                        "Parallel Aware": true,
                                        "Startup Cost": 92268.77,
                                        "Total Cost": 92268.77,
                                        "Plan Rows": 1,
                                        "Plan Width": 8,
                                        "Actual Startup Time": 227.419,
                                        "Actual Total Time": 227.426,
                                        "Actual Rows": 49,
                                        "Actual Loops": 2,
                                        "Hash Buckets": 1024,
                                        "Original Hash Buckets": 1024,
                                        "Hash Batches": 1,
                                        "Original Hash Batches": 1,
                                        "Peak Memory Usage": 72,
                                        "Plans": [
                                          {
                                            "Node Type": "Hash Join",
                                            "Parent Relationship": "Outer",
                                            "Parallel Aware": true,
                                            "Join Type": "Inner",
                                            "Startup Cost": 72861.54,
                                            "Total Cost": 92268.77,
                                            "Plan Rows": 1,
                                            "Plan Width": 8,
                                            "Actual Startup Time": 150.009,
                                            "Actual Total Time": 227.353,
                                            "Actual Rows": 49,
                                            "Actual Loops": 2,
                                            "Inner Unique": false,
                                            "Hash Cond": "(an.person_id = pi.person_id)",
                                            "Plans": [
                                              {
                                                "Node Type": "Seq Scan",
                                                "Parent Relationship": "Outer",
                                                "Parallel Aware": true,
                                                "Relation Name": "aka_name",
                                                "Alias": "an",
                                                "Startup Cost": 0.0,
                                                "Total Cost": 18023.52,
                                                "Plan Rows": 368986,
                                                "Plan Width": 4,
                                                "Actual Startup Time": 0.016,
                                                "Actual Total Time": 61.498,
                                                "Actual Rows": 337346,
                                                "Actual Loops": 2,
                                                "Filter": "(name ~~ '%a%'::text)",
                                                "Rows Removed by Filter": 113326
                                              },
                                              {
                                                "Node Type": "Hash",
                                                "Parent Relationship": "Inner",
                                                "Parallel Aware": true,
                                                "Startup Cost": 72861.53,
                                                "Total Cost": 72861.53,
                                                "Plan Rows": 1,
                                                "Plan Width": 4,
                                                "Actual Startup Time": 147.732,
                                                "Actual Total Time": 147.735,
                                                "Actual Rows": 32,
                                                "Actual Loops": 2,
                                                "Hash Buckets": 1024,
                                                "Original Hash Buckets": 1024,
                                                "Hash Batches": 1,
                                                "Original Hash Batches": 1,
                                                "Peak Memory Usage": 72,
                                                "Plans": [
                                                  {
                                                    "Node Type": "Hash Join",
                                                    "Parent Relationship": "Outer",
                                                    "Parallel Aware": false,
                                                    "Join Type": "Inner",
                                                    "Startup Cost": 2.43,
                                                    "Total Cost": 72861.53,
                                                    "Plan Rows": 1,
                                                    "Plan Width": 4,
                                                    "Actual Startup Time": 2.652,
                                                    "Actual Total Time": 147.643,
                                                    "Actual Rows": 32,
                                                    "Actual Loops": 2,
                                                    "Inner Unique": true,
                                                    "Hash Cond": "(pi.info_type_id = it.id)",
                                                    "Plans": [
                                                      {
                                                        "Node Type": "Seq Scan",
                                                        "Parent Relationship": "Outer",
                                                        "Parallel Aware": true,
                                                        "Relation Name": "person_info",
                                                        "Alias": "pi",
                                                        "Startup Cost": 0.0,
                                                        "Total Cost": 72859.06,
                                                        "Plan Rows": 18,
                                                        "Plan Width": 8,
                                                        "Actual Startup Time": 2.579,
                                                        "Actual Total Time": 147.533,
                                                        "Actual Rows": 32,
                                                        "Actual Loops": 2,
                                                        "Filter": "(note = 'Volker Boehm'::text)",
                                                        "Rows Removed by Filter": 1481800
                                                      },
                                                      {
                                                        "Node Type": "Hash",
                                                        "Parent Relationship": "Inner",
                                                        "Parallel Aware": false,
                                                        "Startup Cost": 2.41,
                                                        "Total Cost": 2.41,
                                                        "Plan Rows": 1,
                                                        "Plan Width": 4,
                                                        "Actual Startup Time": 0.04,
                                                        "Actual Total Time": 0.041,
                                                        "Actual Rows": 1,
                                                        "Actual Loops": 2,
                                                        "Hash Buckets": 1024,
                                                        "Original Hash Buckets": 1024,
                                                        "Hash Batches": 1,
                                                        "Original Hash Batches": 1,
                                                        "Peak Memory Usage": 9,
                                                        "Plans": [
                                                          {
                                                            "Node Type": "Seq Scan",
                                                            "Parent Relationship": "Outer",
                                                            "Parallel Aware": false,
                                                            "Relation Name": "info_type",
                                                            "Alias": "it",
                                                            "Startup Cost": 0.0,
                                                            "Total Cost": 2.41,
                                                            "Plan Rows": 1,
                                                            "Plan Width": 4,
                                                            "Actual Startup Time": 0.026,
                                                            "Actual Total Time": 0.035,
                                                            "Actual Rows": 1,
                                                            "Actual Loops": 2,
                                                            "Filter": "((info)::text = 'mini biography'::text)",
                                                            "Rows Removed by Filter": 112
                                                          }
                                                        ]
                                                      }
                                                    ]
                                                  }
                                                ]
                                              }
                                            ]
                                          }
                                        ]
                                      }
                                    ]
                                  }
                                ]
                              }
                            ]
                          }
                        ]
                      }
                    ]
                  },
                  {
                    "Node Type": "Hash",
                    "Parent Relationship": "Inner",
                    "Parallel Aware": false,
                    "Startup Cost": 462.97,
                    "Total Cost": 462.97,
                    "Plan Rows": 29997,
                    "Plan Width": 8,
                    "Actual Startup Time": 18.768,
                    "Actual Total Time": 18.768,
                    "Actual Rows": 29997,
                    "Actual Loops": 2,
                    "Hash Buckets": 32768,
                    "Original Hash Buckets": 32768,
                    "Hash Batches": 1,
                    "Original Hash Batches": 1,
                    "Peak Memory Usage": 1428,
                    "Plans": [
                      {
                        "Node Type": "Seq Scan",
                        "Parent Relationship": "Outer",
                        "Parallel Aware": false,
                        "Relation Name": "movie_link",
                        "Alias": "ml",
                        "Startup Cost": 0.0,
                        "Total Cost": 462.97,
                        "Plan Rows": 29997,
                        "Plan Width": 8,
                        "Actual Startup Time": 0.038,
                        "Actual Total Time": 8.917,
                        "Actual Rows": 29997,
                        "Actual Loops": 2
                      }
                    ]
                  }
                ]
              },
              {
                "Node Type": "Hash",
                "Parent Relationship": "Inner",
                "Parallel Aware": false,
                "Startup Cost": 1.23,
                "Total Cost": 1.23,
                "Plan Rows": 1,
                "Plan Width": 4,
                "Actual Startup Time": 0.062,
                "Actual Total Time": 0.063,
                "Actual Rows": 1,
                "Actual Loops": 2,
                "Hash Buckets": 1024,
                "Original Hash Buckets": 1024,
                "Hash Batches": 1,
                "Original Hash Batches": 1,
                "Peak Memory Usage": 9,
                "Plans": [
                  {
                    "Node Type": "Seq Scan",
                    "Parent Relationship": "Outer",
                    "Parallel Aware": false,
                    "Relation Name": "link_type",
                    "Alias": "lt",
                    "Startup Cost": 0.0,
                    "Total Cost": 1.23,
                    "Plan Rows": 1,
                    "Plan Width": 4,
                    "Actual Startup Time": 0.042,
                    "Actual Total Time": 0.047,
                    "Actual Rows": 1,
                    "Actual Loops": 2,
                    "Filter": "((link)::text = 'features'::text)",
                    "Rows Removed by Filter": 17
                  }
                ]
              }
            ]
          }
        ]
      }
    ]
  },
  "Planning Time": 1.89,
  "Triggers": [],
  "Execution Time": 2982.827
}