[
  {
    "Plan": {
      "Node Type": "Aggregate",
      "Strategy": "Plain",
      "Partial Mode": "Finalize",
      "Parallel Aware": false,
      "Startup Cost": 79854.62,
      "Total Cost": 79854.63,
      "Plan Rows": 1,
      "Plan Width": 8,
      "Actual Startup Time": 414.486,
      "Actual Total Time": 432.031,
      "Actual Rows": 1,
      "Actual Loops": 1,
      "Plans": [
        {
          "Node Type": "Gather",
          "Parent Relationship": "Outer",
          "Parallel Aware": false,
          "Startup Cost": 79854.3,
          "Total Cost": 79854.61,
          "Plan Rows": 3,
          "Plan Width": 8,
          "Actual Startup Time": 410.334,
          "Actual Total Time": 432.018,
          "Actual Rows": 4,
          "Actual Loops": 1,
          "Workers Planned": 3,
          "Workers Launched": 3,
          "Single Copy": false,
          "Plans": [
            {
              "Node Type": "Aggregate",
              "Strategy": "Plain",
              "Partial Mode": "Partial",
              "Parent Relationship": "Outer",
              "Parallel Aware": false,
              "Startup Cost": 78854.3,
              "Total Cost": 78854.31,
              "Plan Rows": 1,
              "Plan Width": 8,
              "Actual Startup Time": 403.02,
              "Actual Total Time": 403.026,
              "Actual Rows": 1,
              "Actual Loops": 4,
              "Plans": [
                {
                  "Node Type": "Hash Join",
                  "Parent Relationship": "Outer",
                  "Parallel Aware": true,
                  "Join Type": "Inner",
                  "Startup Cost": 48409.34,
                  "Total Cost": 78558.28,
                  "Plan Rows": 118408,
                  "Plan Width": 0,
                  "Actual Startup Time": 223.724,
                  "Actual Total Time": 395.066,
                  "Actual Rows": 133558,
                  "Actual Loops": 4,
                  "Inner Unique": true,
                  "Hash Cond": "(mc.movie_id = t.id)",
                  "Plans": [
                    {
                      "Node Type": "Seq Scan",
                      "Parent Relationship": "Outer",
                      "Parallel Aware": true,
                      "Relation Name": "movie_companies",
                      "Alias": "mc",
                      "Startup Cost": 0.0,
                      "Total Cost": 29310.68,
                      "Plan Rows": 319338,
                      "Plan Width": 4,
                      "Actual Startup Time": 0.012,
                      "Actual Total Time": 83.474,
                      "Actual Rows": 248710,
                      "Actual Loops": 4,
                      "Filter": "(company_id < 4625)",
                      "Rows Removed by Filter": 403572
                    },
                    {
                      "Node Type": "Hash",
                      "Parent Relationship": "Inner",
                      "Parallel Aware": true,
                      "Startup Cost": 45479.59,
                      "Total Cost": 45479.59,
                      "Plan Rows": 234380,
                      "Plan Width": 4,
                      "Actual Startup Time": 220.348,
                      "Actual Total Time": 220.35,
                      "Actual Rows": 231514,
                      "Actual Loops": 4,
                      "Hash Buckets": 1048576,
                      "Original Hash Buckets": 1048576,
                      "Hash Batches": 1,
                      "Original Hash Batches": 1,
                      "Peak Memory Usage": 44480,
                      "Plans": [
                        {
                          "Node Type": "Seq Scan",
                          "Parent Relationship": "Outer",
                          "Parallel Aware": true,
                          "Relation Name": "title",
                          "Alias": "t",
                          "Startup Cost": 0.0,
                          "Total Cost": 45479.59,
                          "Plan Rows": 234380,
                          "Plan Width": 4,
                          "Actual Startup Time": 0.055,
                          "Actual Total Time": 124.15,
                          "Actual Rows": 231514,
                          "Actual Loops": 4,
                          "Filter": "((kind_id < 7) AND (production_year > 1913))",
                          "Rows Removed by Filter": 400564
                        }
                      ]
                    }
                  ]
                }
              ]
            }
          ]
        }
      ]
    },
    "Planning Time": 0.288,
    "Triggers": [],
    "Execution Time": 432.083
  }
]