[
  {
    "Plan": {
      "Node Type": "Aggregate",
      "Strategy": "Plain",
      "Partial Mode": "Finalize",
      "Parallel Aware": false,
      "Startup Cost": 273267.63,
      "Total Cost": 273267.64,
      "Plan Rows": 1,
      "Plan Width": 8,
      "Actual Startup Time": 1179.165,
      "Actual Total Time": 1202.132,
      "Actual Rows": 1,
      "Actual Loops": 1,
      "Plans": [
        {
          "Node Type": "Gather",
          "Parent Relationship": "Outer",
          "Parallel Aware": false,
          "Startup Cost": 273267.32,
          "Total Cost": 273267.63,
          "Plan Rows": 3,
          "Plan Width": 8,
          "Actual Startup Time": 1162.302,
          "Actual Total Time": 1202.122,
          "Actual Rows": 4,
          "Actual Loops": 1,
          "Workers Planned": 3,
          "Workers Launched": 3,
          "Single Copy": false,
          "Plans": [
            {
              "Node Type": "Aggregate",
              "Strategy": "Plain",
              "Partial Mode": "Partial",
              "Parent Relationship": "Outer",
              "Parallel Aware": false,
              "Startup Cost": 272267.32,
              "Total Cost": 272267.33,
              "Plan Rows": 1,
              "Plan Width": 8,
              "Actual Startup Time": 1152.832,
              "Actual Total Time": 1152.986,
              "Actual Rows": 1,
              "Actual Loops": 4,
              "Plans": [
                {
                  "Node Type": "Hash Join",
                  "Parent Relationship": "Outer",
                  "Parallel Aware": true,
                  "Join Type": "Inner",
                  "Startup Cost": 225587.03,
                  "Total Cost": 271798.74,
                  "Plan Rows": 187430,
                  "Plan Width": 0,
                  "Actual Startup Time": 483.713,
                  "Actual Total Time": 963.817,
                  "Actual Rows": 4834763,
                  "Actual Loops": 4,
                  "Inner Unique": false,
                  "Hash Cond": "(mk.movie_id = t.id)",
                  "Plans": [
                    {
                      "Node Type": "Seq Scan",
                      "Parent Relationship": "Outer",
                      "Parallel Aware": true,
                      "Relation Name": "movie_keyword",
                      "Alias": "mk",
                      "Startup Cost": 0.0,
                      "Total Cost": 42695.65,
                      "Plan Rows": 837652,
                      "Plan Width": 4,
                      "Actual Startup Time": 0.221,
                      "Actual Total Time": 101.902,
                      "Actual Rows": 648030,
                      "Actual Loops": 4,
                      "Filter": "(keyword_id > 3316)",
                      "Rows Removed by Filter": 482952
                    },
                    {
                      "Node Type": "Hash",
                      "Parent Relationship": "Inner",
                      "Parallel Aware": true,
                      "Startup Cost": 224172.73,
                      "Total Cost": 224172.73,
                      "Plan Rows": 113144,
                      "Plan Width": 8,
                      "Actual Startup Time": 478.555,
                      "Actual Total Time": 478.707,
                      "Actual Rows": 135842,
                      "Actual Loops": 4,
                      "Hash Buckets": 1048576,
                      "Original Hash Buckets": 1048576,
                      "Hash Batches": 1,
                      "Original Hash Batches": 1,
                      "Peak Memory Usage": 29536,
                      "Plans": [
                        {
                          "Node Type": "Hash Join",
                          "Parent Relationship": "Outer",
                          "Parallel Aware": true,
                          "Join Type": "Inner",
                          "Startup Cost": 60468.43,
                          "Total Cost": 224172.73,
                          "Plan Rows": 113144,
                          "Plan Width": 8,
                          "Actual Startup Time": 370.116,
                          "Actual Total Time": 439.407,
                          "Actual Rows": 135842,
                          "Actual Loops": 4,
                          "Inner Unique": true,
                          "Hash Cond": "(mi.movie_id = t.id)",
                          "Plans": [
                            {
                              "Node Type": "Bitmap Heap Scan",
                              "Parent Relationship": "Outer",
                              "Parallel Aware": true,
                              "Relation Name": "movie_info",
                              "Alias": "mi",
                              "Startup Cost": 10248.78,
                              "Total Cost": 173656.09,
                              "Plan Rows": 113144,
                              "Plan Width": 4,
                              "Actual Startup Time": 18.825,
                              "Actual Total Time": 40.131,
                              "Actual Rows": 135842,
                              "Actual Loops": 4,
                              "Recheck Cond": "(info_type_id > 98)",
                              "Rows Removed by Index Recheck": 0,
                              "Exact Heap Blocks": 1699,
                              "Lossy Heap Blocks": 0,
                              "Plans": [
                                {
                                  "Node Type": "Bitmap Index Scan",
                                  "Parent Relationship": "Outer",
                                  "Parallel Aware": false,
                                  "Index Name": "info_type_id_movie_info",
                                  "Startup Cost": 0.0,
                                  "Total Cost": 10107.35,
                                  "Plan Rows": 565722,
                                  "Plan Width": 0,
                                  "Actual Startup Time": 17.939,
                                  "Actual Total Time": 17.939,
                                  "Actual Rows": 543367,
                                  "Actual Loops": 1,
                                  "Index Cond": "(info_type_id > 98)"
                                }
                              ]
                            },
                            {
                              "Node Type": "Hash",
                              "Parent Relationship": "Inner",
                              "Parallel Aware": true,
                              "Startup Cost": 42318.73,
                              "Total Cost": 42318.73,
                              "Plan Rows": 632073,
                              "Plan Width": 4,
                              "Actual Startup Time": 343.502,
                              "Actual Total Time": 343.503,
                              "Actual Rows": 632078,
                              "Actual Loops": 4,
                              "Hash Buckets": 4194304,
                              "Original Hash Buckets": 4194304,
                              "Hash Batches": 1,
                              "Original Hash Batches": 1,
                              "Peak Memory Usage": 131712,
                              "Plans": [
                                {
                                  "Node Type": "Seq Scan",
                                  "Parent Relationship": "Outer",
                                  "Parallel Aware": true,
                                  "Relation Name": "title",
                                  "Alias": "t",
                                  "Startup Cost": 0.0,
                                  "Total Cost": 42318.73,
                                  "Plan Rows": 632073,
                                  "Plan Width": 4,
                                  "Actual Startup Time": 0.05,
                                  "Actual Total Time": 96.902,
                                  "Actual Rows": 632078,
                                  "Actual Loops": 4
                                }
                              ]
                            }
                          ]
                        }
                      ]
                    }
                  ]
                }
              ]
            }
          ]
        }
      ]
    },
    "Planning Time": 1.365,
    "Triggers": [],
    "Execution Time": 1202.239
  }
]