[
  {
    "Plan": {
      "Node Type": "Aggregate",
      "Strategy": "Plain",
      "Partial Mode": "Finalize",
      "Parallel Aware": false,
      "Startup Cost": 377363.3,
      "Total Cost": 377363.31,
      "Plan Rows": 1,
      "Plan Width": 8,
      "Actual Startup Time": 1037.91,
      "Actual Total Time": 1059.469,
      "Actual Rows": 1,
      "Actual Loops": 1,
      "Plans": [
        {
          "Node Type": "Gather",
          "Parent Relationship": "Outer",
          "Parallel Aware": false,
          "Startup Cost": 377363.09,
          "Total Cost": 377363.3,
          "Plan Rows": 2,
          "Plan Width": 8,
          "Actual Startup Time": 1028.245,
          "Actual Total Time": 1059.459,
          "Actual Rows": 3,
          "Actual Loops": 1,
          "Workers Planned": 2,
          "Workers Launched": 2,
          "Single Copy": false,
          "Plans": [
            {
              "Node Type": "Aggregate",
              "Strategy": "Plain",
              "Partial Mode": "Partial",
              "Parent Relationship": "Outer",
              "Parallel Aware": false,
              "Startup Cost": 376363.09,
              "Total Cost": 376363.1,
              "Plan Rows": 1,
              "Plan Width": 8,
              "Actual Startup Time": 1024.538,
              "Actual Total Time": 1024.806,
              "Actual Rows": 1,
              "Actual Loops": 3,
              "Plans": [
                {
                  "Node Type": "Hash Join",
                  "Parent Relationship": "Outer",
                  "Parallel Aware": true,
                  "Join Type": "Inner",
                  "Startup Cost": 359647.76,
                  "Total Cost": 375838.76,
                  "Plan Rows": 209730,
                  "Plan Width": 0,
                  "Actual Startup Time": 884.485,
                  "Actual Total Time": 1012.39,
                  "Actual Rows": 307422,
                  "Actual Loops": 3,
                  "Inner Unique": false,
                  "Hash Cond": "(mi_idx.movie_id = t.id)",
                  "Plans": [
                    {
                      "Node Type": "Seq Scan",
                      "Parent Relationship": "Outer",
                      "Parallel Aware": true,
                      "Relation Name": "movie_info_idx",
                      "Alias": "mi_idx",
                      "Startup Cost": 0.0,
                      "Total Cost": 13685.15,
                      "Plan Rows": 575015,
                      "Plan Width": 4,
                      "Actual Startup Time": 0.016,
                      "Actual Total Time": 35.54,
                      "Actual Rows": 460012,
                      "Actual Loops": 3
                    },
                    {
                      "Node Type": "Hash",
                      "Parent Relationship": "Inner",
                      "Parallel Aware": true,
                      "Startup Cost": 357726.49,
                      "Total Cost": 357726.49,
                      "Plan Rows": 153702,
                      "Plan Width": 8,
                      "Actual Startup Time": 880.336,
                      "Actual Total Time": 880.604,
                      "Actual Rows": 385416,
                      "Actual Loops": 3,
                      "Hash Buckets": 2097152,
                      "Original Hash Buckets": 1048576,
                      "Hash Batches": 1,
                      "Original Hash Batches": 1,
                      "Peak Memory Usage": 69856,
                      "Plans": [
                        {
                          "Node Type": "Hash Join",
                          "Parent Relationship": "Outer",
                          "Parallel Aware": true,
                          "Join Type": "Inner",
                          "Startup Cost": 98898.63,
                          "Total Cost": 357726.49,
                          "Plan Rows": 153702,
                          "Plan Width": 8,
                          "Actual Startup Time": 381.336,
                          "Actual Total Time": 747.769,
                          "Actual Rows": 385416,
                          "Actual Loops": 3,
                          "Inner Unique": true,
                          "Hash Cond": "(ci.movie_id = t.id)",
                          "Plans": [
                            {
                              "Node Type": "Bitmap Heap Scan",
                              "Parent Relationship": "Outer",
                              "Parallel Aware": true,
                              "Relation Name": "cast_info",
                              "Alias": "ci",
                              "Startup Cost": 49161.03,
                              "Total Cost": 307442.84,
                              "Plan Rows": 208015,
                              "Plan Width": 4,
                              "Actual Startup Time": 78.798,
                              "Actual Total Time": 206.299,
                              "Actual Rows": 549451,
                              "Actual Loops": 3,
                              "Recheck Cond": "(person_id < 224440)",
                              "Rows Removed by Index Recheck": 0,
                              "Filter": "(role_id < 3)",
                              "Rows Removed by Filter": 218935,
                              "Exact Heap Blocks": 10418,
                              "Lossy Heap Blocks": 0,
                              "Plans": [
                                {
                                  "Node Type": "Bitmap Index Scan",
                                  "Parent Relationship": "Outer",
                                  "Parallel Aware": false,
                                  "Index Name": "person_id_cast_info",
                                  "Startup Cost": 0.0,
                                  "Total Cost": 48849.0,
                                  "Plan Rows": 2237925,
                                  "Plan Width": 0,
                                  "Actual Startup Time": 75.167,
                                  "Actual Total Time": 75.168,
                                  "Actual Rows": 2305160,
                                  "Actual Loops": 1,
                                  "Index Cond": "(person_id < 224440)"
                                }
                              ]
                            },
                            {
                              "Node Type": "Hash",
                              "Parent Relationship": "Inner",
                              "Parallel Aware": true,
                              "Startup Cost": 43899.32,
                              "Total Cost": 43899.32,
                              "Plan Rows": 467063,
                              "Plan Width": 4,
                              "Actual Startup Time": 297.131,
                              "Actual Total Time": 297.132,
                              "Actual Rows": 621829,
                              "Actual Loops": 3,
                              "Hash Buckets": 2097152,
                              "Original Hash Buckets": 2097152,
                              "Hash Batches": 1,
                              "Original Hash Batches": 1,
                              "Peak Memory Usage": 89440,
                              "Plans": [
                                {
                                  "Node Type": "Seq Scan",
                                  "Parent Relationship": "Outer",
                                  "Parallel Aware": true,
                                  "Relation Name": "title",
                                  "Alias": "t",
                                  "Startup Cost": 0.0,
                                  "Total Cost": 43899.32,
                                  "Plan Rows": 467063,
                                  "Plan Width": 4,
                                  "Actual Startup Time": 0.035,
                                  "Actual Total Time": 121.384,
                                  "Actual Rows": 621829,
                                  "Actual Loops": 3,
                                  "Filter": "(kind_id > 1)",
                                  "Rows Removed by Filter": 220942
                                }
                              ]
                            }
                          ]
                        }
                      ]
                    }
                  ]
                }
              ]
            }
          ]
        }
      ]
    },
    "Planning Time": 0.604,
    "Triggers": [],
    "Execution Time": 1059.534
  }
]