[
  {
    "Plan": {
      "Node Type": "Aggregate",
      "Strategy": "Plain",
      "Partial Mode": "Finalize",
      "Parallel Aware": false,
      "Startup Cost": 378792.65,
      "Total Cost": 378792.66,
      "Plan Rows": 1,
      "Plan Width": 8,
      "Actual Startup Time": 1076.585,
      "Actual Total Time": 1098.165,
      "Actual Rows": 1,
      "Actual Loops": 1,
      "Plans": [
        {
          "Node Type": "Gather",
          "Parent Relationship": "Outer",
          "Parallel Aware": false,
          "Startup Cost": 378792.43,
          "Total Cost": 378792.64,
          "Plan Rows": 2,
          "Plan Width": 8,
          "Actual Startup Time": 1066.105,
          "Actual Total Time": 1098.156,
          "Actual Rows": 3,
          "Actual Loops": 1,
          "Workers Planned": 2,
          "Workers Launched": 2,
          "Single Copy": false,
          "Plans": [
            {
              "Node Type": "Aggregate",
              "Strategy": "Plain",
              "Partial Mode": "Partial",
              "Parent Relationship": "Outer",
              "Parallel Aware": false,
              "Startup Cost": 377792.43,
              "Total Cost": 377792.44,
              "Plan Rows": 1,
              "Plan Width": 8,
              "Actual Startup Time": 1058.136,
              "Actual Total Time": 1058.495,
              "Actual Rows": 1,
              "Actual Loops": 3,
              "Plans": [
                {
                  "Node Type": "Hash Join",
                  "Parent Relationship": "Outer",
                  "Parallel Aware": true,
                  "Join Type": "Inner",
                  "Startup Cost": 361072.28,
                  "Total Cost": 377265.21,
                  "Plan Rows": 210888,
                  "Plan Width": 0,
                  "Actual Startup Time": 920.46,
                  "Actual Total Time": 1046.78,
                  "Actual Rows": 307422,
                  "Actual Loops": 3,
                  "Inner Unique": false,
                  "Hash Cond": "(mi_idx.movie_id = t.id)",
                  "Plans": [
                    {
                      "Node Type": "Seq Scan",
                      "Parent Relationship": "Outer",
                      "Parallel Aware": true,
                      "Relation Name": "movie_info_idx",
                      "Alias": "mi_idx",
                      "Startup Cost": 0.0,
                      "Total Cost": 13685.15,
                      "Plan Rows": 575015,
                      "Plan Width": 4,
                      "Actual Startup Time": 0.027,
                      "Actual Total Time": 34.071,
                      "Actual Rows": 460012,
                      "Actual Loops": 3
                    },
                    {
                      "Node Type": "Hash",
                      "Parent Relationship": "Inner",
                      "Parallel Aware": true,
                      "Startup Cost": 359140.49,
                      "Total Cost": 359140.49,
                      "Plan Rows": 154543,
                      "Plan Width": 8,
                      "Actual Startup Time": 914.087,
                      "Actual Total Time": 914.445,
                      "Actual Rows": 385416,
                      "Actual Loops": 3,
                      "Hash Buckets": 2097152,
                      "Original Hash Buckets": 1048576,
                      "Hash Batches": 1,
                      "Original Hash Batches": 1,
                      "Peak Memory Usage": 69856,
                      "Plans": [
                        {
                          "Node Type": "Hash Join",
                          "Parent Relationship": "Outer",
                          "Parallel Aware": true,
                          "Join Type": "Inner",
                          "Startup Cost": 100165.16,
                          "Total Cost": 359140.49,
                          "Plan Rows": 154543,
                          "Plan Width": 8,
                          "Actual Startup Time": 421.037,
                          "Actual Total Time": 771.754,
                          "Actual Rows": 385416,
                          "Actual Loops": 3,
                          "Inner Unique": true,
                          "Hash Cond": "(ci.movie_id = t.id)",
                          "Plans": [
                            {
                              "Node Type": "Bitmap Heap Scan",
                              "Parent Relationship": "Outer",
                              "Parallel Aware": true,
                              "Relation Name": "cast_info",
                              "Alias": "ci",
                              "Startup Cost": 50438.0,
                              "Total Cost": 308863.4,
                              "Plan Rows": 209502,
                              "Plan Width": 4,
                              "Actual Startup Time": 99.538,
                              "Actual Total Time": 220.551,
                              "Actual Rows": 549451,
                              "Actual Loops": 3,
                              "Recheck Cond": "(person_id < 224440)",
                              "Rows Removed by Index Recheck": 0,
                              "Filter": "(role_id < 3)",
                              "Rows Removed by Filter": 218935,
                              "Exact Heap Blocks": 10015,
                              "Lossy Heap Blocks": 0,
                              "Plans": [
                                {
                                  "Node Type": "Bitmap Index Scan",
                                  "Parent Relationship": "Outer",
                                  "Parallel Aware": false,
                                  "Index Name": "person_id_cast_info",
                                  "Startup Cost": 0.0,
                                  "Total Cost": 50123.75,
                                  "Plan Rows": 2295358,
                                  "Plan Width": 0,
                                  "Actual Startup Time": 95.852,
                                  "Actual Total Time": 95.853,
                                  "Actual Rows": 2305160,
                                  "Actual Loops": 1,
                                  "Index Cond": "(person_id < 224440)"
                                }
                              ]
                            },
                            {
                              "Node Type": "Hash",
                              "Parent Relationship": "Inner",
                              "Parallel Aware": true,
                              "Startup Cost": 43898.92,
                              "Total Cost": 43898.92,
                              "Plan Rows": 466259,
                              "Plan Width": 4,
                              "Actual Startup Time": 315.503,
                              "Actual Total Time": 315.504,
                              "Actual Rows": 621829,
                              "Actual Loops": 3,
                              "Hash Buckets": 2097152,
                              "Original Hash Buckets": 2097152,
                              "Hash Batches": 1,
                              "Original Hash Batches": 1,
                              "Peak Memory Usage": 89408,
                              "Plans": [
                                {
                                  "Node Type": "Seq Scan",
                                  "Parent Relationship": "Outer",
                                  "Parallel Aware": true,
                                  "Relation Name": "title",
                                  "Alias": "t",
                                  "Startup Cost": 0.0,
                                  "Total Cost": 43898.92,
                                  "Plan Rows": 466259,
                                  "Plan Width": 4,
                                  "Actual Startup Time": 0.042,
                                  "Actual Total Time": 125.473,
                                  "Actual Rows": 621829,
                                  "Actual Loops": 3,
                                  "Filter": "(kind_id > 1)",
                                  "Rows Removed by Filter": 220942
                                }
                              ]
                            }
                          ]
                        }
                      ]
                    }
                  ]
                }
              ]
            }
          ]
        }
      ]
    },
    "Planning Time": 1.332,
    "Triggers": [],
    "Execution Time": 1098.27
  }
]