[
  {
    "Plan": {
      "Node Type": "Aggregate",
      "Strategy": "Plain",
      "Partial Mode": "Finalize",
      "Parallel Aware": false,
      "Startup Cost": 32899.54,
      "Total Cost": 32899.55,
      "Plan Rows": 1,
      "Plan Width": 8,
      "Actual Startup Time": 86.535,
      "Actual Total Time": 94.715,
      "Actual Rows": 1,
      "Actual Loops": 1,
      "Plans": [
        {
          "Node Type": "Gather",
          "Parent Relationship": "Outer",
          "Parallel Aware": false,
          "Startup Cost": 32899.23,
          "Total Cost": 32899.54,
          "Plan Rows": 3,
          "Plan Width": 8,
          "Actual Startup Time": 86.387,
          "Actual Total Time": 94.707,
          "Actual Rows": 4,
          "Actual Loops": 1,
          "Workers Planned": 3,
          "Workers Launched": 3,
          "Single Copy": false,
          "Plans": [
            {
              "Node Type": "Aggregate",
              "Strategy": "Plain",
              "Partial Mode": "Partial",
              "Parent Relationship": "Outer",
              "Parallel Aware": false,
              "Startup Cost": 31899.23,
              "Total Cost": 31899.24,
              "Plan Rows": 1,
              "Plan Width": 8,
              "Actual Startup Time": 81.473,
              "Actual Total Time": 81.474,
              "Actual Rows": 1,
              "Actual Loops": 4,
              "Plans": [
                {
                  "Node Type": "Seq Scan",
                  "Parent Relationship": "Outer",
                  "Parallel Aware": true,
                  "Relation Name": "movie_companies",
                  "Alias": "mc",
                  "Startup Cost": 0.0,
                  "Total Cost": 31414.82,
                  "Plan Rows": 193763,
                  "Plan Width": 0,
                  "Actual Startup Time": 36.11,
                  "Actual Total Time": 71.881,
                  "Actual Rows": 218455,
                  "Actual Loops": 4,
                  "Filter": "((company_id > 12863) AND (company_type_id > 1))",
                  "Rows Removed by Filter": 433827
                }
              ]
            }
          ]
        }
      ]
    },
    "Planning Time": 0.097,
    "Triggers": [],
    "Execution Time": 94.743
  }
]