[
  {
    "Plan": {
      "Node Type": "Aggregate",
      "Strategy": "Plain",
      "Partial Mode": "Finalize",
      "Parallel Aware": false,
      "Startup Cost": 32891.77,
      "Total Cost": 32891.78,
      "Plan Rows": 1,
      "Plan Width": 8,
      "Actual Startup Time": 91.71,
      "Actual Total Time": 99.516,
      "Actual Rows": 1,
      "Actual Loops": 1,
      "Plans": [
        {
          "Node Type": "Gather",
          "Parent Relationship": "Outer",
          "Parallel Aware": false,
          "Startup Cost": 32891.46,
          "Total Cost": 32891.77,
          "Plan Rows": 3,
          "Plan Width": 8,
          "Actual Startup Time": 91.619,
          "Actual Total Time": 99.509,
          "Actual Rows": 4,
          "Actual Loops": 1,
          "Workers Planned": 3,
          "Workers Launched": 3,
          "Single Copy": false,
          "Plans": [
            {
              "Node Type": "Aggregate",
              "Strategy": "Plain",
              "Partial Mode": "Partial",
              "Parent Relationship": "Outer",
              "Parallel Aware": false,
              "Startup Cost": 31891.46,
              "Total Cost": 31891.47,
              "Plan Rows": 1,
              "Plan Width": 8,
              "Actual Startup Time": 86.352,
              "Actual Total Time": 86.353,
              "Actual Rows": 1,
              "Actual Loops": 4,
              "Plans": [
                {
                  "Node Type": "Seq Scan",
                  "Parent Relationship": "Outer",
                  "Parallel Aware": true,
                  "Relation Name": "movie_companies",
                  "Alias": "mc",
                  "Startup Cost": 0.0,
                  "Total Cost": 31414.82,
                  "Plan Rows": 190655,
                  "Plan Width": 0,
                  "Actual Startup Time": 44.56,
                  "Actual Total Time": 78.009,
                  "Actual Rows": 218455,
                  "Actual Loops": 4,
                  "Filter": "((company_id > 12863) AND (company_type_id > 1))",
                  "Rows Removed by Filter": 433827
                }
              ]
            }
          ]
        }
      ]
    },
    "Planning Time": 0.175,
    "Triggers": [],
    "Execution Time": 99.567
  }
]