[
  {
    "Plan": {
      "Node Type": "Aggregate",
      "Strategy": "Plain",
      "Partial Mode": "Finalize",
      "Parallel Aware": false,
      "Startup Cost": 128917.5,
      "Total Cost": 128917.51,
      "Plan Rows": 1,
      "Plan Width": 8,
      "Actual Startup Time": 94.072,
      "Actual Total Time": 105.988,
      "Actual Rows": 1,
      "Actual Loops": 1,
      "Plans": [
        {
          "Node Type": "Gather",
          "Parent Relationship": "Outer",
          "Parallel Aware": false,
          "Startup Cost": 128917.08,
          "Total Cost": 128917.49,
          "Plan Rows": 4,
          "Plan Width": 8,
          "Actual Startup Time": 93.878,
          "Actual Total Time": 105.978,
          "Actual Rows": 5,
          "Actual Loops": 1,
          "Workers Planned": 4,
          "Workers Launched": 4,
          "Single Copy": false,
          "Plans": [
            {
              "Node Type": "Aggregate",
              "Strategy": "Plain",
              "Partial Mode": "Partial",
              "Parent Relationship": "Outer",
              "Parallel Aware": false,
              "Startup Cost": 127917.08,
              "Total Cost": 127917.09,
              "Plan Rows": 1,
              "Plan Width": 8,
              "Actual Startup Time": 88.056,
              "Actual Total Time": 88.057,
              "Actual Rows": 1,
              "Actual Loops": 5,
              "Plans": [
                {
                  "Node Type": "Nested Loop",
                  "Parent Relationship": "Outer",
                  "Parallel Aware": false,
                  "Join Type": "Inner",
                  "Startup Cost": 0.43,
                  "Total Cost": 127913.14,
                  "Plan Rows": 1576,
                  "Plan Width": 0,
                  "Actual Startup Time": 1.92,
                  "Actual Total Time": 88.029,
                  "Actual Rows": 89,
                  "Actual Loops": 5,
                  "Inner Unique": false,
                  "Plans": [
                    {
                      "Node Type": "Seq Scan",
                      "Parent Relationship": "Outer",
                      "Parallel Aware": true,
                      "Relation Name": "title",
                      "Alias": "t",
                      "Startup Cost": 0.0,
                      "Total Cost": 45479.59,
                      "Plan Rows": 647,
                      "Plan Width": 4,
                      "Actual Startup Time": 1.803,
                      "Actual Total Time": 84.71,
                      "Actual Rows": 60,
                      "Actual Loops": 5,
                      "Filter": "((kind_id > 1) AND (production_year > 2013))",
                      "Rows Removed by Filter": 505603
                    },
                    {
                      "Node Type": "Index Scan",
                      "Parent Relationship": "Inner",
                      "Parallel Aware": false,
                      "Scan Direction": "Forward",
                      "Index Name": "movie_id_movie_info",
                      "Relation Name": "movie_info",
                      "Alias": "mi",
                      "Startup Cost": 0.43,
                      "Total Cost": 127.24,
                      "Plan Rows": 17,
                      "Plan Width": 4,
                      "Actual Startup Time": 0.035,
                      "Actual Total Time": 0.054,
                      "Actual Rows": 2,
                      "Actual Loops": 298,
                      "Index Cond": "(movie_id = t.id)",
                      "Rows Removed by Index Recheck": 0,
                      "Filter": "(info_type_id > 8)",
                      "Rows Removed by Filter": 3
                    }
                  ]
                }
              ]
            }
          ]
        }
      ]
    },
    "Planning Time": 0.405,
    "Triggers": [],
    "Execution Time": 106.032
  }
]