[
  {
    "Plan": {
      "Node Type": "Aggregate",
      "Strategy": "Plain",
      "Partial Mode": "Finalize",
      "Parallel Aware": false,
      "Startup Cost": 118986.16,
      "Total Cost": 118986.17,
      "Plan Rows": 1,
      "Plan Width": 8,
      "Actual Startup Time": 96.472,
      "Actual Total Time": 109.015,
      "Actual Rows": 1,
      "Actual Loops": 1,
      "Plans": [
        {
          "Node Type": "Gather",
          "Parent Relationship": "Outer",
          "Parallel Aware": false,
          "Startup Cost": 118985.74,
          "Total Cost": 118986.15,
          "Plan Rows": 4,
          "Plan Width": 8,
          "Actual Startup Time": 96.337,
          "Actual Total Time": 109.007,
          "Actual Rows": 5,
          "Actual Loops": 1,
          "Workers Planned": 4,
          "Workers Launched": 4,
          "Single Copy": false,
          "Plans": [
            {
              "Node Type": "Aggregate",
              "Strategy": "Plain",
              "Partial Mode": "Partial",
              "Parent Relationship": "Outer",
              "Parallel Aware": false,
              "Startup Cost": 117985.74,
              "Total Cost": 117985.75,
              "Plan Rows": 1,
              "Plan Width": 8,
              "Actual Startup Time": 86.337,
              "Actual Total Time": 86.339,
              "Actual Rows": 1,
              "Actual Loops": 5,
              "Plans": [
                {
                  "Node Type": "Nested Loop",
                  "Parent Relationship": "Outer",
                  "Parallel Aware": false,
                  "Join Type": "Inner",
                  "Startup Cost": 0.43,
                  "Total Cost": 117982.39,
                  "Plan Rows": 1340,
                  "Plan Width": 0,
                  "Actual Startup Time": 2.085,
                  "Actual Total Time": 86.311,
                  "Actual Rows": 89,
                  "Actual Loops": 5,
                  "Inner Unique": false,
                  "Plans": [
                    {
                      "Node Type": "Seq Scan",
                      "Parent Relationship": "Outer",
                      "Parallel Aware": true,
                      "Relation Name": "title",
                      "Alias": "t",
                      "Startup Cost": 0.0,
                      "Total Cost": 45479.1,
                      "Plan Rows": 538,
                      "Plan Width": 4,
                      "Actual Startup Time": 1.914,
                      "Actual Total Time": 82.857,
                      "Actual Rows": 60,
                      "Actual Loops": 5,
                      "Filter": "((kind_id > 1) AND (production_year > 2013))",
                      "Rows Removed by Filter": 505603
                    },
                    {
                      "Node Type": "Index Scan",
                      "Parent Relationship": "Inner",
                      "Parallel Aware": false,
                      "Scan Direction": "Forward",
                      "Index Name": "movie_id_movie_info",
                      "Relation Name": "movie_info",
                      "Alias": "mi",
                      "Startup Cost": 0.43,
                      "Total Cost": 134.58,
                      "Plan Rows": 18,
                      "Plan Width": 4,
                      "Actual Startup Time": 0.036,
                      "Actual Total Time": 0.057,
                      "Actual Rows": 2,
                      "Actual Loops": 298,
                      "Index Cond": "(movie_id = t.id)",
                      "Rows Removed by Index Recheck": 0,
                      "Filter": "(info_type_id > 8)",
                      "Rows Removed by Filter": 3
                    }
                  ]
                }
              ]
            }
          ]
        }
      ]
    },
    "Planning Time": 0.641,
    "Triggers": [],
    "Execution Time": 109.088
  }
]