[
  {
    "Plan": {
      "Node Type": "Aggregate",
      "Strategy": "Plain",
      "Partial Mode": "Finalize",
      "Parallel Aware": false,
      "Startup Cost": 123804.77,
      "Total Cost": 123804.78,
      "Plan Rows": 1,
      "Plan Width": 8,
      "Actual Startup Time": 543.892,
      "Actual Total Time": 562.69,
      "Actual Rows": 1,
      "Actual Loops": 1,
      "Plans": [
        {
          "Node Type": "Gather",
          "Parent Relationship": "Outer",
          "Parallel Aware": false,
          "Startup Cost": 123804.45,
          "Total Cost": 123804.76,
          "Plan Rows": 3,
          "Plan Width": 8,
          "Actual Startup Time": 528.535,
          "Actual Total Time": 562.681,
          "Actual Rows": 4,
          "Actual Loops": 1,
          "Workers Planned": 3,
          "Workers Launched": 3,
          "Single Copy": false,
          "Plans": [
            {
              "Node Type": "Aggregate",
              "Strategy": "Plain",
              "Partial Mode": "Partial",
              "Parent Relationship": "Outer",
              "Parallel Aware": false,
              "Startup Cost": 122804.45,
              "Total Cost": 122804.46,
              "Plan Rows": 1,
              "Plan Width": 8,
              "Actual Startup Time": 521.762,
              "Actual Total Time": 521.771,
              "Actual Rows": 1,
              "Actual Loops": 4,
              "Plans": [
                {
                  "Node Type": "Hash Join",
                  "Parent Relationship": "Outer",
                  "Parallel Aware": true,
                  "Join Type": "Inner",
                  "Startup Cost": 78592.81,
                  "Total Cost": 122717.06,
                  "Plan Rows": 34956,
                  "Plan Width": 0,
                  "Actual Startup Time": 396.397,
                  "Actual Total Time": 519.684,
                  "Actual Rows": 48450,
                  "Actual Loops": 4,
                  "Inner Unique": false,
                  "Hash Cond": "(mk.movie_id = t.id)",
                  "Plans": [
                    {
                      "Node Type": "Seq Scan",
                      "Parent Relationship": "Outer",
                      "Parallel Aware": true,
                      "Relation Name": "movie_keyword",
                      "Alias": "mk",
                      "Startup Cost": 0.0,
                      "Total Cost": 42695.65,
                      "Plan Rows": 350890,
                      "Plan Width": 4,
                      "Actual Startup Time": 1.163,
                      "Actual Total Time": 91.605,
                      "Actual Rows": 272059,
                      "Actual Loops": 4,
                      "Filter": "(keyword_id > 16264)",
                      "Rows Removed by Filter": 858923
                    },
                    {
                      "Node Type": "Hash",
                      "Parent Relationship": "Inner",
                      "Parallel Aware": true,
                      "Startup Cost": 77577.15,
                      "Total Cost": 77577.15,
                      "Plan Rows": 81253,
                      "Plan Width": 8,
                      "Actual Startup Time": 394.118,
                      "Actual Total Time": 394.126,
                      "Actual Rows": 75711,
                      "Actual Loops": 4,
                      "Hash Buckets": 524288,
                      "Original Hash Buckets": 262144,
                      "Hash Batches": 1,
                      "Original Hash Batches": 1,
                      "Peak Memory Usage": 18048,
                      "Plans": [
                        {
                          "Node Type": "Hash Join",
                          "Parent Relationship": "Outer",
                          "Parallel Aware": true,
                          "Join Type": "Inner",
                          "Startup Cost": 57123.94,
                          "Total Cost": 77577.15,
                          "Plan Rows": 81253,
                          "Plan Width": 8,
                          "Actual Startup Time": 284.742,
                          "Actual Total Time": 363.686,
                          "Actual Rows": 75711,
                          "Actual Loops": 4,
                          "Inner Unique": true,
                          "Hash Cond": "(mc.movie_id = t.id)",
                          "Plans": [
                            {
                              "Node Type": "Bitmap Heap Scan",
                              "Parent Relationship": "Outer",
                              "Parallel Aware": true,
                              "Relation Name": "movie_companies",
                              "Alias": "mc",
                              "Startup Cost": 7386.33,
                              "Total Cost": 27550.88,
                              "Plan Rows": 109965,
                              "Plan Width": 4,
                              "Actual Startup Time": 20.383,
                              "Actual Total Time": 53.38,
                              "Actual Rows": 83614,
                              "Actual Loops": 4,
                              "Recheck Cond": "(company_id < 166)",
                              "Rows Removed by Index Recheck": 0,
                              "Exact Heap Blocks": 5512,
                              "Lossy Heap Blocks": 0,
                              "Plans": [
                                {
                                  "Node Type": "Bitmap Index Scan",
                                  "Parent Relationship": "Outer",
                                  "Parallel Aware": false,
                                  "Index Name": "company_id_movie_companies",
                                  "Startup Cost": 0.0,
                                  "Total Cost": 7301.1,
                                  "Plan Rows": 340890,
                                  "Plan Width": 0,
                                  "Actual Startup Time": 17.707,
                                  "Actual Total Time": 17.708,
                                  "Actual Rows": 334457,
                                  "Actual Loops": 1,
                                  "Index Cond": "(company_id < 166)"
                                }
                              ]
                            },
                            {
                              "Node Type": "Hash",
                              "Parent Relationship": "Inner",
                              "Parallel Aware": true,
                              "Startup Cost": 43899.32,
                              "Total Cost": 43899.32,
                              "Plan Rows": 467063,
                              "Plan Width": 4,
                              "Actual Startup Time": 260.644,
                              "Actual Total Time": 260.645,
                              "Actual Rows": 466372,
                              "Actual Loops": 4,
                              "Hash Buckets": 2097152,
                              "Original Hash Buckets": 2097152,
                              "Hash Batches": 1,
                              "Original Hash Batches": 1,
                              "Peak Memory Usage": 89408,
                              "Plans": [
                                {
                                  "Node Type": "Seq Scan",
                                  "Parent Relationship": "Outer",
                                  "Parallel Aware": true,
                                  "Relation Name": "title",
                                  "Alias": "t",
                                  "Startup Cost": 0.0,
                                  "Total Cost": 43899.32,
                                  "Plan Rows": 467063,
                                  "Plan Width": 4,
                                  "Actual Startup Time": 0.023,
                                  "Actual Total Time": 102.341,
                                  "Actual Rows": 466372,
                                  "Actual Loops": 4,
                                  "Filter": "(kind_id > 1)",
                                  "Rows Removed by Filter": 165706
                                }
                              ]
                            }
                          ]
                        }
                      ]
                    }
                  ]
                }
              ]
            }
          ]
        }
      ]
    },
    "Planning Time": 0.472,
    "Triggers": [],
    "Execution Time": 562.742
  }
]