{
  "Plan": {
    "Node Type": "Aggregate",
    "Strategy": "Plain",
    "Partial Mode": "Finalize",
    "Parallel Aware": false,
    "Startup Cost": 979045.39,
    "Total Cost": 979045.4,
    "Plan Rows": 1,
    "Plan Width": 8,
    "Actual Startup Time": 9719.679,
    "Actual Total Time": 9792.163,
    "Actual Rows": 1,
    "Actual Loops": 1,
    "Plans": [
      {
        "Node Type": "Gather",
        "Parent Relationship": "Outer",
        "Parallel Aware": false,
        "Startup Cost": 979045.28,
        "Total Cost": 979045.39,
        "Plan Rows": 1,
        "Plan Width": 8,
        "Actual Startup Time": 9703.858,
        "Actual Total Time": 9792.153,
        "Actual Rows": 2,
        "Actual Loops": 1,
        "Workers Planned": 1,
        "Workers Launched": 1,
        "Single Copy": false,
        "Plans": [
          {
            "Node Type": "Aggregate",
            "Strategy": "Plain",
            "Partial Mode": "Partial",
            "Parent Relationship": "Outer",
            "Parallel Aware": false,
            "Startup Cost": 978045.28,
            "Total Cost": 978045.29,
            "Plan Rows": 1,
            "Plan Width": 8,
            "Actual Startup Time": 9687.434,
            "Actual Total Time": 9690.334,
            "Actual Rows": 1,
            "Actual Loops": 2,
            "Plans": [
              {
                "Node Type": "Hash Join",
                "Parent Relationship": "Outer",
                "Parallel Aware": true,
                "Join Type": "Inner",
                "Startup Cost": 729797.29,
                "Total Cost": 964092.57,
                "Plan Rows": 5581084,
                "Plan Width": 0,
                "Actual Startup Time": 6732.222,
                "Actual Total Time": 8998.897,
                "Actual Rows": 17496502,
                "Actual Loops": 2,
                "Inner Unique": false,
                "Hash Cond": "(mi.movie_id = t.id)",
                "Plans": [
                  {
                    "Node Type": "Bitmap Heap Scan",
                    "Parent Relationship": "Outer",
                    "Parallel Aware": true,
                    "Relation Name": "movie_info",
                    "Alias": "mi",
                    "Startup Cost": 54025.71,
                    "Total Cost": 237947.81,
                    "Plan Rows": 1754328,
                    "Plan Width": 4,
                    "Actual Startup Time": 118.696,
                    "Actual Total Time": 266.84,
                    "Actual Rows": 1518360,
                    "Actual Loops": 2,
                    "Recheck Cond": "(info_type_id = 16)",
                    "Rows Removed by Index Recheck": 0,
                    "Exact Heap Blocks": 12851,
                    "Lossy Heap Blocks": 0,
                    "Plans": [
                      {
                        "Node Type": "Bitmap Index Scan",
                        "Parent Relationship": "Outer",
                        "Parallel Aware": false,
                        "Index Name": "info_type_id_movie_info",
                        "Startup Cost": 0.0,
                        "Total Cost": 53280.12,
                        "Plan Rows": 2982358,
                        "Plan Width": 0,
                        "Actual Startup Time": 114.598,
                        "Actual Total Time": 114.598,
                        "Actual Rows": 3036719,
                        "Actual Loops": 1,
                        "Index Cond": "(info_type_id = 16)"
                      }
                    ]
                  },
                  {
                    "Node Type": "Hash",
                    "Parent Relationship": "Inner",
                    "Parallel Aware": true,
                    "Startup Cost": 616629.55,
                    "Total Cost": 616629.55,
                    "Plan Rows": 4731362,
                    "Plan Width": 8,
                    "Actual Startup Time": 6581.295,
                    "Actual Total Time": 6584.193,
                    "Actual Rows": 4179481,
                    "Actual Loops": 2,
                    "Hash Buckets": 8388608,
                    "Original Hash Buckets": 8388608,
                    "Hash Batches": 1,
                    "Original Hash Batches": 1,
                    "Peak Memory Usage": 392576,
                    "Plans": [
                      {
                        "Node Type": "Hash Join",
                        "Parent Relationship": "Outer",
                        "Parallel Aware": true,
                        "Join Type": "Inner",
                        "Startup Cost": 60883.71,
                        "Total Cost": 616629.55,
                        "Plan Rows": 4731362,
                        "Plan Width": 8,
                        "Actual Startup Time": 855.948,
                        "Actual Total Time": 5261.172,
                        "Actual Rows": 4179481,
                        "Actual Loops": 2,
                        "Inner Unique": true,
                        "Hash Cond": "(ci.movie_id = t.id)",
                        "Plans": [
                          {
                            "Node Type": "Seq Scan",
                            "Parent Relationship": "Outer",
                            "Parallel Aware": true,
                            "Relation Name": "cast_info",
                            "Alias": "ci",
                            "Startup Cost": 0.0,
                            "Total Cost": 519069.44,
                            "Plan Rows": 13971936,
                            "Plan Width": 4,
                            "Actual Startup Time": 580.535,
                            "Actual Total Time": 1972.57,
                            "Actual Rows": 11786828,
                            "Actual Loops": 2,
                            "Filter": "(role_id > 1)",
                            "Rows Removed by Filter": 6335344
                          },
                          {
                            "Node Type": "Hash",
                            "Parent Relationship": "Inner",
                            "Parallel Aware": true,
                            "Startup Cost": 54588.39,
                            "Total Cost": 54588.39,
                            "Plan Rows": 503626,
                            "Plan Width": 4,
                            "Actual Startup Time": 272.447,
                            "Actual Total Time": 272.447,
                            "Actual Rows": 427107,
                            "Actual Loops": 2,
                            "Hash Buckets": 1048576,
                            "Original Hash Buckets": 1048576,
                            "Hash Batches": 1,
                            "Original Hash Batches": 1,
                            "Peak Memory Usage": 41664,
                            "Plans": [
                              {
                                "Node Type": "Seq Scan",
                                "Parent Relationship": "Outer",
                                "Parallel Aware": true,
                                "Relation Name": "title",
                                "Alias": "t",
                                "Startup Cost": 0.0,
                                "Total Cost": 54588.39,
                                "Plan Rows": 503626,
                                "Plan Width": 4,
                                "Actual Startup Time": 0.035,
                                "Actual Total Time": 163.48,
                                "Actual Rows": 427107,
                                "Actual Loops": 2,
                                "Filter": "(kind_id < 4)",
                                "Rows Removed by Filter": 837049
                              }
                            ]
                          }
                        ]
                      }
                    ]
                  }
                ]
              }
            ]
          }
        ]
      }
    ]
  },
  "Planning Time": 0.952,
  "Triggers": [],
  "Execution Time": 9792.321
}