[
  {
    "Plan": {
      "Node Type": "Aggregate",
      "Strategy": "Plain",
      "Partial Mode": "Simple",
      "Parallel Aware": false,
      "Startup Cost": 26949.95,
      "Total Cost": 26949.96,
      "Plan Rows": 1,
      "Plan Width": 8,
      "Actual Startup Time": 57.571,
      "Actual Total Time": 57.572,
      "Actual Rows": 1,
      "Actual Loops": 1,
      "Plans": [
        {
          "Node Type": "Bitmap Heap Scan",
          "Parent Relationship": "Outer",
          "Parallel Aware": false,
          "Relation Name": "movie_keyword",
          "Alias": "mk",
          "Startup Cost": 1462.42,
          "Total Cost": 26777.7,
          "Plan Rows": 68902,
          "Plan Width": 0,
          "Actual Startup Time": 20.312,
          "Actual Total Time": 53.584,
          "Actual Rows": 68423,
          "Actual Loops": 1,
          "Recheck Cond": "(keyword_id > 91829)",
          "Rows Removed by Index Recheck": 0,
          "Exact Heap Blocks": 14683,
          "Lossy Heap Blocks": 0,
          "Plans": [
            {
              "Node Type": "Bitmap Index Scan",
              "Parent Relationship": "Outer",
              "Parallel Aware": false,
              "Index Name": "keyword_id_movie_keyword",
              "Startup Cost": 0.0,
              "Total Cost": 1445.2,
              "Plan Rows": 68902,
              "Plan Width": 0,
              "Actual Startup Time": 14.213,
              "Actual Total Time": 14.214,
              "Actual Rows": 68423,
              "Actual Loops": 1,
              "Index Cond": "(keyword_id > 91829)"
            }
          ]
        }
      ]
    },
    "Planning Time": 0.323,
    "Triggers": [],
    "Execution Time": 57.644
  }
]