{
  "Plan": {
    "Node Type": "Aggregate",
    "Strategy": "Plain",
    "Partial Mode": "Simple",
    "Parallel Aware": false,
    "Startup Cost": 61135.7,
    "Total Cost": 61135.71,
    "Plan Rows": 1,
    "Plan Width": 8,
    "Actual Startup Time": 91.815,
    "Actual Total Time": 91.817,
    "Actual Rows": 1,
    "Actual Loops": 1,
    "Plans": [
      {
        "Node Type": "Hash Join",
        "Parent Relationship": "Outer",
        "Parallel Aware": false,
        "Join Type": "Inner",
        "Startup Cost": 41497.09,
        "Total Cost": 61134.39,
        "Plan Rows": 525,
        "Plan Width": 0,
        "Actual Startup Time": 81.473,
        "Actual Total Time": 91.803,
        "Actual Rows": 122,
        "Actual Loops": 1,
        "Inner Unique": true,
        "Hash Cond": "(mk.movie_id = t.id)",
        "Plans": [
          {
            "Node Type": "Bitmap Heap Scan",
            "Parent Relationship": "Outer",
            "Parallel Aware": false,
            "Relation Name": "movie_keyword",
            "Alias": "mk",
            "Startup Cost": 232.57,
            "Total Cost": 19841.37,
            "Plan Rows": 10857,
            "Plan Width": 4,
            "Actual Startup Time": 7.358,
            "Actual Total Time": 18.893,
            "Actual Rows": 10799,
            "Actual Loops": 1,
            "Recheck Cond": "(keyword_id = 347)",
            "Rows Removed by Index Recheck": 0,
            "Exact Heap Blocks": 7684,
            "Lossy Heap Blocks": 0,
            "Plans": [
              {
                "Node Type": "Bitmap Index Scan",
                "Parent Relationship": "Outer",
                "Parallel Aware": false,
                "Index Name": "keyword_id_movie_keyword",
                "Startup Cost": 0.0,
                "Total Cost": 229.86,
                "Plan Rows": 10857,
                "Plan Width": 0,
                "Actual Startup Time": 3.583,
                "Actual Total Time": 3.583,
                "Actual Rows": 10799,
                "Actual Loops": 1,
                "Index Cond": "(keyword_id = 347)"
              }
            ]
          },
          {
            "Node Type": "Hash",
            "Parent Relationship": "Inner",
            "Parallel Aware": false,
            "Startup Cost": 39737.0,
            "Total Cost": 39737.0,
            "Plan Rows": 122201,
            "Plan Width": 4,
            "Actual Startup Time": 70.43,
            "Actual Total Time": 70.431,
            "Actual Rows": 118234,
            "Actual Loops": 1,
            "Hash Buckets": 131072,
            "Original Hash Buckets": 131072,
            "Hash Batches": 1,
            "Original Hash Batches": 1,
            "Peak Memory Usage": 5181,
            "Plans": [
              {
                "Node Type": "Bitmap Heap Scan",
                "Parent Relationship": "Outer",
                "Parallel Aware": false,
                "Relation Name": "title",
                "Alias": "t",
                "Startup Cost": 2211.49,
                "Total Cost": 39737.0,
                "Plan Rows": 122201,
                "Plan Width": 4,
                "Actual Startup Time": 16.673,
                "Actual Total Time": 54.761,
                "Actual Rows": 118234,
                "Actual Loops": 1,
                "Recheck Cond": "(kind_id = 4)",
                "Rows Removed by Index Recheck": 0,
                "Exact Heap Blocks": 12711,
                "Lossy Heap Blocks": 0,
                "Plans": [
                  {
                    "Node Type": "Bitmap Index Scan",
                    "Parent Relationship": "Outer",
                    "Parallel Aware": false,
                    "Index Name": "kind_id_title",
                    "Startup Cost": 0.0,
                    "Total Cost": 2180.94,
                    "Plan Rows": 122201,
                    "Plan Width": 0,
                    "Actual Startup Time": 13.157,
                    "Actual Total Time": 13.157,
                    "Actual Rows": 118234,
                    "Actual Loops": 1,
                    "Index Cond": "(kind_id = 4)"
                  }
                ]
              }
            ]
          }
        ]
      }
    ]
  },
  "Planning Time": 0.445,
  "Triggers": [],
  "Execution Time": 91.917
}