[
    {
        "Bao": {
            "Bao prediction": "NaN",
            "Bao recommended hint": "(no hint)"
        }
    },
    {
        "Plan": {
            "Node Type": "Aggregate",
            "Strategy": "Plain",
            "Partial Mode": "Finalize",
            "Parallel Aware": false,
            "Startup Cost": 37590.56,
            "Total Cost": 37590.57,
            "Plan Rows": 1,
            "Plan Width": 8,
            "Actual Startup Time": 116.213,
            "Actual Total Time": 121.646,
            "Actual Rows": 1,
            "Actual Loops": 1,
            "Output": [
                "count(*)"
            ],
            "Plans": [
                {
                    "Node Type": "Gather",
                    "Parent Relationship": "Outer",
                    "Parallel Aware": false,
                    "Startup Cost": 37590.24,
                    "Total Cost": 37590.55,
                    "Plan Rows": 3,
                    "Plan Width": 8,
                    "Actual Startup Time": 115.955,
                    "Actual Total Time": 121.637,
                    "Actual Rows": 4,
                    "Actual Loops": 1,
                    "Output": [
                        "(PARTIAL count(*))"
                    ],
                    "Workers Planned": 3,
                    "Workers Launched": 3,
                    "Single Copy": false,
                    "Plans": [
                        {
                            "Node Type": "Aggregate",
                            "Strategy": "Plain",
                            "Partial Mode": "Partial",
                            "Parent Relationship": "Outer",
                            "Parallel Aware": false,
                            "Startup Cost": 36590.24,
                            "Total Cost": 36590.25,
                            "Plan Rows": 1,
                            "Plan Width": 8,
                            "Actual Startup Time": 107.639,
                            "Actual Total Time": 107.641,
                            "Actual Rows": 1,
                            "Actual Loops": 4,
                            "Output": [
                                "PARTIAL count(*)"
                            ],
                            "Workers": [
                                {
                                    "Worker Number": 0,
                                    "Actual Startup Time": 104.532,
                                    "Actual Total Time": 104.534,
                                    "Actual Rows": 1,
                                    "Actual Loops": 1
                                },
                                {
                                    "Worker Number": 1,
                                    "Actual Startup Time": 105.073,
                                    "Actual Total Time": 105.075,
                                    "Actual Rows": 1,
                                    "Actual Loops": 1
                                },
                                {
                                    "Worker Number": 2,
                                    "Actual Startup Time": 105.294,
                                    "Actual Total Time": 105.295,
                                    "Actual Rows": 1,
                                    "Actual Loops": 1
                                }
                            ],
                            "Plans": [
                                {
                                    "Node Type": "Bitmap Heap Scan",
                                    "Parent Relationship": "Outer",
                                    "Parallel Aware": true,
                                    "Relation Name": "movie_keyword",
                                    "Schema": "public",
                                    "Alias": "mk",
                                    "Startup Cost": 9882.37,
                                    "Total Cost": 36214.6,
                                    "Plan Rows": 150258,
                                    "Plan Width": 0,
                                    "Actual Startup Time": 32.299,
                                    "Actual Total Time": 100.933,
                                    "Actual Rows": 114332,
                                    "Actual Loops": 4,
                                    "Recheck Cond": "(mk.keyword_id > 38788)",
                                    "Rows Removed by Index Recheck": 0,
                                    "Exact Heap Blocks": 10835,
                                    "Lossy Heap Blocks": 0,
                                    "Workers": [
                                        {
                                            "Worker Number": 0,
                                            "Actual Startup Time": 29.352,
                                            "Actual Total Time": 98.65,
                                            "Actual Rows": 84193,
                                            "Actual Loops": 1
                                        },
                                        {
                                            "Worker Number": 1,
                                            "Actual Startup Time": 29.839,
                                            "Actual Total Time": 98.938,
                                            "Actual Rows": 66036,
                                            "Actual Loops": 1
                                        },
                                        {
                                            "Worker Number": 2,
                                            "Actual Startup Time": 30.022,
                                            "Actual Total Time": 99.024,
                                            "Actual Rows": 91191,
                                            "Actual Loops": 1
                                        }
                                    ],
                                    "Plans": [
                                        {
                                            "Node Type": "Bitmap Index Scan",
                                            "Parent Relationship": "Outer",
                                            "Parallel Aware": false,
                                            "Index Name": "keyword_id_movie_keyword",
                                            "Startup Cost": 0.0,
                                            "Total Cost": 9765.93,
                                            "Plan Rows": 465799,
                                            "Plan Width": 0,
                                            "Actual Startup Time": 36.683,
                                            "Actual Total Time": 36.684,
                                            "Actual Rows": 457328,
                                            "Actual Loops": 1,
                                            "Index Cond": "(mk.keyword_id > 38788)"
                                        }
                                    ]
                                }
                            ]
                        }
                    ]
                }
            ]
        },
        "Planning Time": 179.312,
        "Triggers": [],
        "Execution Time": 121.71
    }
]