{
  "Plan": {
    "Node Type": "Aggregate",
    "Strategy": "Plain",
    "Partial Mode": "Finalize",
    "Parallel Aware": false,
    "Startup Cost": 432357.58,
    "Total Cost": 432357.59,
    "Plan Rows": 1,
    "Plan Width": 8,
    "Actual Startup Time": 5274.596,
    "Actual Total Time": 5324.8,
    "Actual Rows": 1,
    "Actual Loops": 1,
    "Plans": [
      {
        "Node Type": "Gather",
        "Parent Relationship": "Outer",
        "Parallel Aware": false,
        "Startup Cost": 432357.47,
        "Total Cost": 432357.58,
        "Plan Rows": 1,
        "Plan Width": 8,
        "Actual Startup Time": 5270.222,
        "Actual Total Time": 5324.79,
        "Actual Rows": 2,
        "Actual Loops": 1,
        "Workers Planned": 1,
        "Workers Launched": 1,
        "Single Copy": false,
        "Plans": [
          {
            "Node Type": "Aggregate",
            "Strategy": "Plain",
            "Partial Mode": "Partial",
            "Parent Relationship": "Outer",
            "Parallel Aware": false,
            "Startup Cost": 431357.47,
            "Total Cost": 431357.48,
            "Plan Rows": 1,
            "Plan Width": 8,
            "Actual Startup Time": 5263.948,
            "Actual Total Time": 5263.954,
            "Actual Rows": 1,
            "Actual Loops": 2,
            "Plans": [
              {
                "Node Type": "Hash Join",
                "Parent Relationship": "Outer",
                "Parallel Aware": true,
                "Join Type": "Inner",
                "Startup Cost": 125490.76,
                "Total Cost": 424110.11,
                "Plan Rows": 2898942,
                "Plan Width": 0,
                "Actual Startup Time": 935.348,
                "Actual Total Time": 4366.106,
                "Actual Rows": 23087740,
                "Actual Loops": 2,
                "Inner Unique": false,
                "Hash Cond": "(mi.movie_id = t.id)",
                "Plans": [
                  {
                    "Node Type": "Seq Scan",
                    "Parent Relationship": "Outer",
                    "Parallel Aware": true,
                    "Relation Name": "movie_info",
                    "Alias": "mi",
                    "Startup Cost": 0.0,
                    "Total Cost": 248955.74,
                    "Plan Rows": 8696274,
                    "Plan Width": 4,
                    "Actual Startup Time": 0.031,
                    "Actual Total Time": 680.318,
                    "Actual Rows": 7417860,
                    "Actual Loops": 2
                  },
                  {
                    "Node Type": "Hash",
                    "Parent Relationship": "Inner",
                    "Parallel Aware": true,
                    "Startup Cost": 119293.57,
                    "Total Cost": 119293.57,
                    "Plan Rows": 495775,
                    "Plan Width": 8,
                    "Actual Startup Time": 925.123,
                    "Actual Total Time": 925.128,
                    "Actual Rows": 416894,
                    "Actual Loops": 2,
                    "Hash Buckets": 1048576,
                    "Original Hash Buckets": 1048576,
                    "Hash Batches": 1,
                    "Original Hash Batches": 1,
                    "Peak Memory Usage": 40832,
                    "Plans": [
                      {
                        "Node Type": "Hash Join",
                        "Parent Relationship": "Outer",
                        "Parallel Aware": true,
                        "Join Type": "Inner",
                        "Startup Cost": 87340.97,
                        "Total Cost": 119293.57,
                        "Plan Rows": 495775,
                        "Plan Width": 8,
                        "Actual Startup Time": 619.784,
                        "Actual Total Time": 829.6,
                        "Actual Rows": 416894,
                        "Actual Loops": 2,
                        "Inner Unique": true,
                        "Hash Cond": "(mk.movie_id = t.id)",
                        "Plans": [
                          {
                            "Node Type": "Bitmap Heap Scan",
                            "Parent Relationship": "Outer",
                            "Parallel Aware": true,
                            "Relation Name": "movie_keyword",
                            "Alias": "mk",
                            "Startup Cost": 17880.27,
                            "Total Cost": 48531.46,
                            "Plan Rows": 495775,
                            "Plan Width": 4,
                            "Actual Startup Time": 49.757,
                            "Actual Total Time": 149.766,
                            "Actual Rows": 416894,
                            "Actual Loops": 2,
                            "Recheck Cond": "(keyword_id > 22072)",
                            "Rows Removed by Index Recheck": 0,
                            "Exact Heap Blocks": 13224,
                            "Lossy Heap Blocks": 0,
                            "Plans": [
                              {
                                "Node Type": "Bitmap Index Scan",
                                "Parent Relationship": "Outer",
                                "Parallel Aware": false,
                                "Index Name": "keyword_id_movie_keyword",
                                "Startup Cost": 0.0,
                                "Total Cost": 17669.57,
                                "Plan Rows": 842818,
                                "Plan Width": 0,
                                "Actual Startup Time": 46.174,
                                "Actual Total Time": 46.174,
                                "Actual Rows": 833789,
                                "Actual Loops": 1,
                                "Index Cond": "(keyword_id > 22072)"
                              }
                            ]
                          },
                          {
                            "Node Type": "Hash",
                            "Parent Relationship": "Inner",
                            "Parallel Aware": true,
                            "Startup Cost": 50870.31,
                            "Total Cost": 50870.31,
                            "Plan Rows": 1487231,
                            "Plan Width": 4,
                            "Actual Startup Time": 555.171,
                            "Actual Total Time": 555.172,
                            "Actual Rows": 1264156,
                            "Actual Loops": 2,
                            "Hash Buckets": 4194304,
                            "Original Hash Buckets": 4194304,
                            "Hash Batches": 1,
                            "Original Hash Batches": 1,
                            "Peak Memory Usage": 131712,
                            "Plans": [
                              {
                                "Node Type": "Seq Scan",
                                "Parent Relationship": "Outer",
                                "Parallel Aware": true,
                                "Relation Name": "title",
                                "Alias": "t",
                                "Startup Cost": 0.0,
                                "Total Cost": 50870.31,
                                "Plan Rows": 1487231,
                                "Plan Width": 4,
                                "Actual Startup Time": 0.062,
                                "Actual Total Time": 160.604,
                                "Actual Rows": 1264156,
                                "Actual Loops": 2
                              }
                            ]
                          }
                        ]
                      }
                    ]
                  }
                ]
              }
            ]
          }
        ]
      }
    ]
  },
  "Planning Time": 0.937,
  "Triggers": [],
  "Execution Time": 5324.926
}