{
  "Plan": {
    "Node Type": "Aggregate",
    "Strategy": "Plain",
    "Partial Mode": "Finalize",
    "Parallel Aware": false,
    "Startup Cost": 403856.7,
    "Total Cost": 403856.71,
    "Plan Rows": 1,
    "Plan Width": 32,
    "Actual Startup Time": 2825.484,
    "Actual Total Time": 2837.063,
    "Actual Rows": 1,
    "Actual Loops": 1,
    "Plans": [
      {
        "Node Type": "Gather",
        "Parent Relationship": "Outer",
        "Parallel Aware": false,
        "Startup Cost": 403856.59,
        "Total Cost": 403856.7,
        "Plan Rows": 1,
        "Plan Width": 32,
        "Actual Startup Time": 2825.477,
        "Actual Total Time": 2837.057,
        "Actual Rows": 1,
        "Actual Loops": 1,
        "Workers Planned": 1,
        "Workers Launched": 0,
        "Single Copy": false,
        "Plans": [
          {
            "Node Type": "Aggregate",
            "Strategy": "Plain",
            "Partial Mode": "Partial",
            "Parent Relationship": "Outer",
            "Parallel Aware": false,
            "Startup Cost": 402856.59,
            "Total Cost": 402856.6,
            "Plan Rows": 1,
            "Plan Width": 32,
            "Actual Startup Time": 2824.949,
            "Actual Total Time": 2824.957,
            "Actual Rows": 1,
            "Actual Loops": 1,
            "Plans": [
              {
                "Node Type": "Hash Join",
                "Parent Relationship": "Outer",
                "Parallel Aware": false,
                "Join Type": "Inner",
                "Startup Cost": 398551.33,
                "Total Cost": 402856.59,
                "Plan Rows": 1,
                "Plan Width": 17,
                "Actual Startup Time": 2824.946,
                "Actual Total Time": 2824.953,
                "Actual Rows": 0,
                "Actual Loops": 1,
                "Inner Unique": true,
                "Hash Cond": "(mc.company_type_id = ct.id)",
                "Plans": [
                  {
                    "Node Type": "Hash Join",
                    "Parent Relationship": "Outer",
                    "Parallel Aware": true,
                    "Join Type": "Inner",
                    "Startup Cost": 398550.26,
                    "Total Cost": 402855.5,
                    "Plan Rows": 5,
                    "Plan Width": 21,
                    "Actual Startup Time": 2824.917,
                    "Actual Total Time": 2824.923,
                    "Actual Rows": 0,
                    "Actual Loops": 1,
                    "Inner Unique": false,
                    "Hash Cond": "(t.id = mc.movie_id)",
                    "Plans": [
                      {
                        "Node Type": "Merge Join",
                        "Parent Relationship": "Outer",
                        "Parallel Aware": false,
                        "Join Type": "Inner",
                        "Startup Cost": 352901.16,
                        "Total Cost": 355940.29,
                        "Plan Rows": 202572,
                        "Plan Width": 25,
                        "Actual Startup Time": 2486.873,
                        "Actual Total Time": 2533.715,
                        "Actual Rows": 323602,
                        "Actual Loops": 1,
                        "Inner Unique": true,
                        "Merge Cond": "(mi.info_type_id = it.id)",
                        "Plans": [
                          {
                            "Node Type": "Sort",
                            "Parent Relationship": "Outer",
                            "Parallel Aware": false,
                            "Startup Cost": 352895.17,
                            "Total Cost": 353401.6,
                            "Plan Rows": 202572,
                            "Plan Width": 29,
                            "Actual Startup Time": 2486.824,
                            "Actual Total Time": 2497.851,
                            "Actual Rows": 323602,
                            "Actual Loops": 1,
                            "Sort Key": [
                              "mi.info_type_id"
                            ],
                            "Sort Method": "quicksort",
                            "Sort Space Used": 38940,
                            "Sort Space Type": "Memory",
                            "Plans": [
                              {
                                "Node Type": "Hash Join",
                                "Parent Relationship": "Outer",
                                "Parallel Aware": true,
                                "Join Type": "Inner",
                                "Startup Cost": 62722.53,
                                "Total Cost": 335040.4,
                                "Plan Rows": 202572,
                                "Plan Width": 29,
                                "Actual Startup Time": 682.388,
                                "Actual Total Time": 2414.032,
                                "Actual Rows": 323602,
                                "Actual Loops": 1,
                                "Inner Unique": true,
                                "Hash Cond": "(mi.movie_id = t.id)",
                                "Plans": [
                                  {
                                    "Node Type": "Seq Scan",
                                    "Parent Relationship": "Outer",
                                    "Parallel Aware": true,
                                    "Relation Name": "movie_info",
                                    "Alias": "mi",
                                    "Startup Cost": 0.0,
                                    "Total Cost": 271102.71,
                                    "Plan Rows": 462916,
                                    "Plan Width": 8,
                                    "Actual Startup Time": 0.012,
                                    "Actual Total Time": 1451.024,
                                    "Actual Rows": 791862,
                                    "Actual Loops": 1,
                                    "Filter": "(info = ANY ('{Danish,English}'::text[]))",
                                    "Rows Removed by Filter": 14043858
                                  },
                                  {
                                    "Node Type": "Hash",
                                    "Parent Relationship": "Inner",
                                    "Parallel Aware": true,
                                    "Startup Cost": 54587.68,
                                    "Total Cost": 54587.68,
                                    "Plan Rows": 650788,
                                    "Plan Width": 21,
                                    "Actual Startup Time": 666.242,
                                    "Actual Total Time": 666.243,
                                    "Actual Rows": 1107925,
                                    "Actual Loops": 1,
                                    "Hash Buckets": 2097152,
                                    "Original Hash Buckets": 2097152,
                                    "Hash Batches": 1,
                                    "Original Hash Batches": 1,
                                    "Peak Memory Usage": 78528,
                                    "Plans": [
                                      {
                                        "Node Type": "Seq Scan",
                                        "Parent Relationship": "Outer",
                                        "Parallel Aware": true,
                                        "Relation Name": "title",
                                        "Alias": "t",
                                        "Startup Cost": 0.0,
                                        "Total Cost": 54587.68,
                                        "Plan Rows": 650788,
                                        "Plan Width": 21,
                                        "Actual Startup Time": 0.011,
                                        "Actual Total Time": 280.463,
                                        "Actual Rows": 1107925,
                                        "Actual Loops": 1,
                                        "Filter": "(production_year > 2004)",
                                        "Rows Removed by Filter": 1420387
                                      }
                                    ]
                                  }
                                ]
                              }
                            ]
                          },
                          {
                            "Node Type": "Sort",
                            "Parent Relationship": "Inner",
                            "Parallel Aware": false,
                            "Startup Cost": 5.98,
                            "Total Cost": 6.27,
                            "Plan Rows": 113,
                            "Plan Width": 4,
                            "Actual Startup Time": 0.041,
                            "Actual Total Time": 0.042,
                            "Actual Rows": 4,
                            "Actual Loops": 1,
                            "Sort Key": [
                              "it.id"
                            ],
                            "Sort Method": "quicksort",
                            "Sort Space Used": 30,
                            "Sort Space Type": "Memory",
                            "Plans": [
                              {
                                "Node Type": "Seq Scan",
                                "Parent Relationship": "Outer",
                                "Parallel Aware": false,
                                "Relation Name": "info_type",
                                "Alias": "it",
                                "Startup Cost": 0.0,
                                "Total Cost": 2.13,
                                "Plan Rows": 113,
                                "Plan Width": 4,
                                "Actual Startup Time": 0.015,
                                "Actual Total Time": 0.023,
                                "Actual Rows": 113,
                                "Actual Loops": 1
                              }
                            ]
                          }
                        ]
                      },
                      {
                        "Node Type": "Hash",
                        "Parent Relationship": "Inner",
                        "Parallel Aware": true,
                        "Startup Cost": 45648.68,
                        "Total Cost": 45648.68,
                        "Plan Rows": 34,
                        "Plan Width": 8,
                        "Actual Startup Time": 266.33,
                        "Actual Total Time": 266.331,
                        "Actual Rows": 1418,
                        "Actual Loops": 1,
                        "Hash Buckets": 1024,
                        "Original Hash Buckets": 1024,
                        "Hash Batches": 1,
                        "Original Hash Batches": 1,
                        "Peak Memory Usage": 72,
                        "Plans": [
                          {
                            "Node Type": "Seq Scan",
                            "Parent Relationship": "Outer",
                            "Parallel Aware": true,
                            "Relation Name": "movie_companies",
                            "Alias": "mc",
                            "Startup Cost": 0.0,
                            "Total Cost": 45648.68,
                            "Plan Rows": 34,
                            "Plan Width": 8,
                            "Actual Startup Time": 2.43,
                            "Actual Total Time": 265.94,
                            "Actual Rows": 1418,
                            "Actual Loops": 1,
                            "Filter": "((note ~~ '%(VHS)%'::text) AND (note ~~ '%(USA)%'::text) AND (note ~~ '%(1994)%'::text))",
                            "Rows Removed by Filter": 2607711
                          }
                        ]
                      }
                    ]
                  },
                  {
                    "Node Type": "Hash",
                    "Parent Relationship": "Inner",
                    "Parallel Aware": false,
                    "Startup Cost": 1.05,
                    "Total Cost": 1.05,
                    "Plan Rows": 1,
                    "Plan Width": 4,
                    "Actual Startup Time": 0.019,
                    "Actual Total Time": 0.02,
                    "Actual Rows": 1,
                    "Actual Loops": 1,
                    "Hash Buckets": 1024,
                    "Original Hash Buckets": 1024,
                    "Hash Batches": 1,
                    "Original Hash Batches": 1,
                    "Peak Memory Usage": 9,
                    "Plans": [
                      {
                        "Node Type": "Seq Scan",
                        "Parent Relationship": "Outer",
                        "Parallel Aware": false,
                        "Relation Name": "company_type",
                        "Alias": "ct",
                        "Startup Cost": 0.0,
                        "Total Cost": 1.05,
                        "Plan Rows": 1,
                        "Plan Width": 4,
                        "Actual Startup Time": 0.014,
                        "Actual Total Time": 0.015,
                        "Actual Rows": 1,
                        "Actual Loops": 1,
                        "Filter": "((kind)::text = 'production companies'::text)",
                        "Rows Removed by Filter": 3
                      }
                    ]
                  }
                ]
              }
            ]
          }
        ]
      }
    ]
  },
  "Planning Time": 1.1,
  "Triggers": [],
  "Execution Time": 2837.155
}