[
  {
    "Plan": {
      "Node Type": "Aggregate",
      "Strategy": "Plain",
      "Partial Mode": "Finalize",
      "Parallel Aware": false,
      "Startup Cost": 45914.95,
      "Total Cost": 45914.96,
      "Plan Rows": 1,
      "Plan Width": 8,
      "Actual Startup Time": 143.648,
      "Actual Total Time": 153.266,
      "Actual Rows": 1,
      "Actual Loops": 1,
      "Plans": [
        {
          "Node Type": "Gather",
          "Parent Relationship": "Outer",
          "Parallel Aware": false,
          "Startup Cost": 45914.63,
          "Total Cost": 45914.94,
          "Plan Rows": 3,
          "Plan Width": 8,
          "Actual Startup Time": 143.392,
          "Actual Total Time": 153.257,
          "Actual Rows": 4,
          "Actual Loops": 1,
          "Workers Planned": 3,
          "Workers Launched": 3,
          "Single Copy": false,
          "Plans": [
            {
              "Node Type": "Aggregate",
              "Strategy": "Plain",
              "Partial Mode": "Partial",
              "Parent Relationship": "Outer",
              "Parallel Aware": false,
              "Startup Cost": 44914.63,
              "Total Cost": 44914.64,
              "Plan Rows": 1,
              "Plan Width": 8,
              "Actual Startup Time": 138.508,
              "Actual Total Time": 138.509,
              "Actual Rows": 1,
              "Actual Loops": 4,
              "Plans": [
                {
                  "Node Type": "Seq Scan",
                  "Parent Relationship": "Outer",
                  "Parallel Aware": true,
                  "Relation Name": "movie_keyword",
                  "Alias": "mk",
                  "Startup Cost": 0.0,
                  "Total Cost": 42695.65,
                  "Plan Rows": 887591,
                  "Plan Width": 0,
                  "Actual Startup Time": 0.037,
                  "Actual Total Time": 109.389,
                  "Actual Rows": 692399,
                  "Actual Loops": 4,
                  "Filter": "(keyword_id < 7919)",
                  "Rows Removed by Filter": 438583
                }
              ]
            }
          ]
        }
      ]
    },
    "Planning Time": 0.078,
    "Triggers": [],
    "Execution Time": 153.289
  }
]