[
  {
    "Plan": {
      "Node Type": "Aggregate",
      "Strategy": "Plain",
      "Partial Mode": "Finalize",
      "Parallel Aware": false,
      "Startup Cost": 9671.07,
      "Total Cost": 9671.08,
      "Plan Rows": 1,
      "Plan Width": 8,
      "Actual Startup Time": 42.975,
      "Actual Total Time": 45.916,
      "Actual Rows": 1,
      "Actual Loops": 1,
      "Plans": [
        {
          "Node Type": "Gather",
          "Parent Relationship": "Outer",
          "Parallel Aware": false,
          "Startup Cost": 9670.75,
          "Total Cost": 9671.06,
          "Plan Rows": 3,
          "Plan Width": 8,
          "Actual Startup Time": 42.803,
          "Actual Total Time": 45.908,
          "Actual Rows": 4,
          "Actual Loops": 1,
          "Workers Planned": 3,
          "Workers Launched": 3,
          "Single Copy": false,
          "Plans": [
            {
              "Node Type": "Aggregate",
              "Strategy": "Plain",
              "Partial Mode": "Partial",
              "Parent Relationship": "Outer",
              "Parallel Aware": false,
              "Startup Cost": 8670.75,
              "Total Cost": 8670.76,
              "Plan Rows": 1,
              "Plan Width": 8,
              "Actual Startup Time": 34.707,
              "Actual Total Time": 34.708,
              "Actual Rows": 1,
              "Actual Loops": 4,
              "Plans": [
                {
                  "Node Type": "Index Scan",
                  "Parent Relationship": "Outer",
                  "Parallel Aware": true,
                  "Scan Direction": "Forward",
                  "Index Name": "role_id_cast_info",
                  "Relation Name": "cast_info",
                  "Alias": "ci",
                  "Startup Cost": 0.56,
                  "Total Cost": 8600.37,
                  "Plan Rows": 28151,
                  "Plan Width": 0,
                  "Actual Startup Time": 0.17,
                  "Actual Total Time": 29.435,
                  "Actual Rows": 58112,
                  "Actual Loops": 4,
                  "Index Cond": "(role_id > 10)",
                  "Rows Removed by Index Recheck": 0,
                  "Filter": "(person_id > 2661116)",
                  "Rows Removed by Filter": 20917
                }
              ]
            }
          ]
        }
      ]
    },
    "Planning Time": 0.239,
    "Triggers": [],
    "Execution Time": 45.99
  }
]