[
  {
    "Plan": {
      "Node Type": "Aggregate",
      "Strategy": "Plain",
      "Partial Mode": "Finalize",
      "Parallel Aware": false,
      "Startup Cost": 236658.85,
      "Total Cost": 236658.86,
      "Plan Rows": 1,
      "Plan Width": 8,
      "Actual Startup Time": 245.022,
      "Actual Total Time": 257.277,
      "Actual Rows": 1,
      "Actual Loops": 1,
      "Plans": [
        {
          "Node Type": "Gather",
          "Parent Relationship": "Outer",
          "Parallel Aware": false,
          "Startup Cost": 236658.33,
          "Total Cost": 236658.84,
          "Plan Rows": 5,
          "Plan Width": 8,
          "Actual Startup Time": 241.784,
          "Actual Total Time": 257.258,
          "Actual Rows": 6,
          "Actual Loops": 1,
          "Workers Planned": 5,
          "Workers Launched": 5,
          "Single Copy": false,
          "Plans": [
            {
              "Node Type": "Aggregate",
              "Strategy": "Plain",
              "Partial Mode": "Partial",
              "Parent Relationship": "Outer",
              "Parallel Aware": false,
              "Startup Cost": 235658.33,
              "Total Cost": 235658.34,
              "Plan Rows": 1,
              "Plan Width": 8,
              "Actual Startup Time": 232.585,
              "Actual Total Time": 232.589,
              "Actual Rows": 1,
              "Actual Loops": 6,
              "Plans": [
                {
                  "Node Type": "Hash Join",
                  "Parent Relationship": "Outer",
                  "Parallel Aware": true,
                  "Join Type": "Inner",
                  "Startup Cost": 69491.7,
                  "Total Cost": 235554.27,
                  "Plan Rows": 41621,
                  "Plan Width": 0,
                  "Actual Startup Time": 152.061,
                  "Actual Total Time": 231.822,
                  "Actual Rows": 11056,
                  "Actual Loops": 6,
                  "Inner Unique": true,
                  "Hash Cond": "(mi.movie_id = t.id)",
                  "Plans": [
                    {
                      "Node Type": "Bitmap Heap Scan",
                      "Parent Relationship": "Outer",
                      "Parallel Aware": true,
                      "Relation Name": "movie_info",
                      "Alias": "mi",
                      "Startup Cost": 24370.61,
                      "Total Cost": 189726.89,
                      "Plan Rows": 269063,
                      "Plan Width": 4,
                      "Actual Startup Time": 44.65,
                      "Actual Total Time": 84.811,
                      "Actual Rows": 233650,
                      "Actual Loops": 6,
                      "Recheck Cond": "(info_type_id = 7)",
                      "Rows Removed by Index Recheck": 0,
                      "Exact Heap Blocks": 1867,
                      "Lossy Heap Blocks": 0,
                      "Plans": [
                        {
                          "Node Type": "Bitmap Index Scan",
                          "Parent Relationship": "Outer",
                          "Parallel Aware": false,
                          "Index Name": "info_type_id_movie_info",
                          "Startup Cost": 0.0,
                          "Total Cost": 24034.28,
                          "Plan Rows": 1345313,
                          "Plan Width": 0,
                          "Actual Startup Time": 43.034,
                          "Actual Total Time": 43.035,
                          "Actual Rows": 1401902,
                          "Actual Loops": 1,
                          "Index Cond": "(info_type_id = 7)"
                        }
                      ]
                    },
                    {
                      "Node Type": "Hash",
                      "Parent Relationship": "Inner",
                      "Parallel Aware": true,
                      "Startup Cost": 43898.92,
                      "Total Cost": 43898.92,
                      "Plan Rows": 97774,
                      "Plan Width": 4,
                      "Actual Startup Time": 104.84,
                      "Actual Total Time": 104.84,
                      "Actual Rows": 65278,
                      "Actual Loops": 6,
                      "Hash Buckets": 524288,
                      "Original Hash Buckets": 524288,
                      "Hash Batches": 1,
                      "Original Hash Batches": 1,
                      "Peak Memory Usage": 19520,
                      "Plans": [
                        {
                          "Node Type": "Seq Scan",
                          "Parent Relationship": "Outer",
                          "Parallel Aware": true,
                          "Relation Name": "title",
                          "Alias": "t",
                          "Startup Cost": 0.0,
                          "Total Cost": 43898.92,
                          "Plan Rows": 97774,
                          "Plan Width": 4,
                          "Actual Startup Time": 0.04,
                          "Actual Total Time": 77.92,
                          "Actual Rows": 65278,
                          "Actual Loops": 6,
                          "Filter": "(production_year > 2010)",
                          "Rows Removed by Filter": 356108
                        }
                      ]
                    }
                  ]
                }
              ]
            }
          ]
        }
      ]
    },
    "Planning Time": 0.502,
    "Triggers": [],
    "Execution Time": 257.351
  }
]