[
  {
    "Plan": {
      "Node Type": "Aggregate",
      "Strategy": "Plain",
      "Partial Mode": "Finalize",
      "Parallel Aware": false,
      "Startup Cost": 32965.93,
      "Total Cost": 32965.94,
      "Plan Rows": 1,
      "Plan Width": 8,
      "Actual Startup Time": 85.161,
      "Actual Total Time": 92.442,
      "Actual Rows": 1,
      "Actual Loops": 1,
      "Plans": [
        {
          "Node Type": "Gather",
          "Parent Relationship": "Outer",
          "Parallel Aware": false,
          "Startup Cost": 32965.61,
          "Total Cost": 32965.92,
          "Plan Rows": 3,
          "Plan Width": 8,
          "Actual Startup Time": 85.085,
          "Actual Total Time": 92.436,
          "Actual Rows": 4,
          "Actual Loops": 1,
          "Workers Planned": 3,
          "Workers Launched": 3,
          "Single Copy": false,
          "Plans": [
            {
              "Node Type": "Aggregate",
              "Strategy": "Plain",
              "Partial Mode": "Partial",
              "Parent Relationship": "Outer",
              "Parallel Aware": false,
              "Startup Cost": 31965.61,
              "Total Cost": 31965.62,
              "Plan Rows": 1,
              "Plan Width": 8,
              "Actual Startup Time": 80.096,
              "Actual Total Time": 80.097,
              "Actual Rows": 1,
              "Actual Loops": 4,
              "Plans": [
                {
                  "Node Type": "Seq Scan",
                  "Parent Relationship": "Outer",
                  "Parallel Aware": true,
                  "Relation Name": "movie_companies",
                  "Alias": "mc",
                  "Startup Cost": 0.0,
                  "Total Cost": 31414.82,
                  "Plan Rows": 220318,
                  "Plan Width": 0,
                  "Actual Startup Time": 36.697,
                  "Actual Total Time": 70.799,
                  "Actual Rows": 228826,
                  "Actual Loops": 4,
                  "Filter": "((company_id > 11240) AND (company_type_id = 2))",
                  "Rows Removed by Filter": 423456
                }
              ]
            }
          ]
        }
      ]
    },
    "Planning Time": 0.099,
    "Triggers": [],
    "Execution Time": 92.476
  }
]