{
  "Plan": {
    "Node Type": "Aggregate",
    "Strategy": "Plain",
    "Partial Mode": "Finalize",
    "Parallel Aware": false,
    "Startup Cost": 119802.58,
    "Total Cost": 119802.59,
    "Plan Rows": 1,
    "Plan Width": 8,
    "Actual Startup Time": 680.604,
    "Actual Total Time": 697.502,
    "Actual Rows": 1,
    "Actual Loops": 1,
    "Plans": [
      {
        "Node Type": "Gather",
        "Parent Relationship": "Outer",
        "Parallel Aware": false,
        "Startup Cost": 119802.46,
        "Total Cost": 119802.57,
        "Plan Rows": 1,
        "Plan Width": 8,
        "Actual Startup Time": 676.427,
        "Actual Total Time": 697.493,
        "Actual Rows": 2,
        "Actual Loops": 1,
        "Workers Planned": 1,
        "Workers Launched": 1,
        "Single Copy": false,
        "Plans": [
          {
            "Node Type": "Aggregate",
            "Strategy": "Plain",
            "Partial Mode": "Partial",
            "Parent Relationship": "Outer",
            "Parallel Aware": false,
            "Startup Cost": 118802.46,
            "Total Cost": 118802.47,
            "Plan Rows": 1,
            "Plan Width": 8,
            "Actual Startup Time": 668.126,
            "Actual Total Time": 668.13,
            "Actual Rows": 1,
            "Actual Loops": 2,
            "Plans": [
              {
                "Node Type": "Hash Join",
                "Parent Relationship": "Outer",
                "Parallel Aware": true,
                "Join Type": "Inner",
                "Startup Cost": 85622.77,
                "Total Cost": 117943.72,
                "Plan Rows": 343498,
                "Plan Width": 0,
                "Actual Startup Time": 455.345,
                "Actual Total Time": 652.638,
                "Actual Rows": 367670,
                "Actual Loops": 2,
                "Inner Unique": true,
                "Hash Cond": "(mk.movie_id = t.id)",
                "Plans": [
                  {
                    "Node Type": "Bitmap Heap Scan",
                    "Parent Relationship": "Outer",
                    "Parallel Aware": true,
                    "Relation Name": "movie_keyword",
                    "Alias": "mk",
                    "Startup Cost": 18757.13,
                    "Total Cost": 49712.74,
                    "Plan Rows": 520129,
                    "Plan Width": 4,
                    "Actual Startup Time": 47.198,
                    "Actual Total Time": 133.069,
                    "Actual Rows": 448855,
                    "Actual Loops": 2,
                    "Recheck Cond": "(keyword_id < 850)",
                    "Rows Removed by Index Recheck": 0,
                    "Exact Heap Blocks": 13504,
                    "Lossy Heap Blocks": 0,
                    "Plans": [
                      {
                        "Node Type": "Bitmap Index Scan",
                        "Parent Relationship": "Outer",
                        "Parallel Aware": false,
                        "Index Name": "keyword_id_movie_keyword",
                        "Startup Cost": 0.0,
                        "Total Cost": 18536.08,
                        "Plan Rows": 884219,
                        "Plan Width": 0,
                        "Actual Startup Time": 43.589,
                        "Actual Total Time": 43.59,
                        "Actual Rows": 897710,
                        "Actual Loops": 1,
                        "Index Cond": "(keyword_id < 850)"
                      }
                    ]
                  },
                  {
                    "Node Type": "Hash",
                    "Parent Relationship": "Inner",
                    "Parallel Aware": true,
                    "Startup Cost": 54588.39,
                    "Total Cost": 54588.39,
                    "Plan Rows": 982180,
                    "Plan Width": 4,
                    "Actual Startup Time": 392.965,
                    "Actual Total Time": 392.965,
                    "Actual Rows": 835646,
                    "Actual Loops": 2,
                    "Hash Buckets": 2097152,
                    "Original Hash Buckets": 2097152,
                    "Hash Batches": 1,
                    "Original Hash Batches": 1,
                    "Peak Memory Usage": 81792,
                    "Plans": [
                      {
                        "Node Type": "Seq Scan",
                        "Parent Relationship": "Outer",
                        "Parallel Aware": true,
                        "Relation Name": "title",
                        "Alias": "t",
                        "Startup Cost": 0.0,
                        "Total Cost": 54588.39,
                        "Plan Rows": 982180,
                        "Plan Width": 4,
                        "Actual Startup Time": 0.032,
                        "Actual Total Time": 171.874,
                        "Actual Rows": 835646,
                        "Actual Loops": 2,
                        "Filter": "(production_year < 2008)",
                        "Rows Removed by Filter": 428510
                      }
                    ]
                  }
                ]
              }
            ]
          }
        ]
      }
    ]
  },
  "Planning Time": 0.679,
  "Triggers": [],
  "Execution Time": 697.593
}