{
  "Plan": {
    "Node Type": "Aggregate",
    "Strategy": "Plain",
    "Partial Mode": "Finalize",
    "Parallel Aware": false,
    "Startup Cost": 85909.73,
    "Total Cost": 85909.74,
    "Plan Rows": 1,
    "Plan Width": 8,
    "Actual Startup Time": 244.621,
    "Actual Total Time": 254.74,
    "Actual Rows": 1,
    "Actual Loops": 1,
    "Plans": [
      {
        "Node Type": "Gather",
        "Parent Relationship": "Outer",
        "Parallel Aware": false,
        "Startup Cost": 85909.62,
        "Total Cost": 85909.73,
        "Plan Rows": 1,
        "Plan Width": 8,
        "Actual Startup Time": 243.947,
        "Actual Total Time": 254.732,
        "Actual Rows": 2,
        "Actual Loops": 1,
        "Workers Planned": 1,
        "Workers Launched": 1,
        "Single Copy": false,
        "Plans": [
          {
            "Node Type": "Aggregate",
            "Strategy": "Plain",
            "Partial Mode": "Partial",
            "Parent Relationship": "Outer",
            "Parallel Aware": false,
            "Startup Cost": 84909.62,
            "Total Cost": 84909.63,
            "Plan Rows": 1,
            "Plan Width": 8,
            "Actual Startup Time": 240.858,
            "Actual Total Time": 240.861,
            "Actual Rows": 1,
            "Actual Loops": 2,
            "Plans": [
              {
                "Node Type": "Hash Join",
                "Parent Relationship": "Outer",
                "Parallel Aware": true,
                "Join Type": "Inner",
                "Startup Cost": 64033.21,
                "Total Cost": 84900.37,
                "Plan Rows": 3701,
                "Plan Width": 0,
                "Actual Startup Time": 191.257,
                "Actual Total Time": 240.011,
                "Actual Rows": 17143,
                "Actual Loops": 2,
                "Inner Unique": true,
                "Hash Cond": "(mc.movie_id = t.id)",
                "Plans": [
                  {
                    "Node Type": "Bitmap Heap Scan",
                    "Parent Relationship": "Outer",
                    "Parallel Aware": true,
                    "Relation Name": "movie_companies",
                    "Alias": "mc",
                    "Startup Cost": 4661.38,
                    "Total Cost": 25359.04,
                    "Plan Rows": 64572,
                    "Plan Width": 4,
                    "Actual Startup Time": 9.762,
                    "Actual Total Time": 33.135,
                    "Actual Rows": 106138,
                    "Actual Loops": 2,
                    "Recheck Cond": "(company_id > 109940)",
                    "Rows Removed by Index Recheck": 0,
                    "Filter": "(company_type_id = 2)",
                    "Rows Removed by Filter": 0,
                    "Exact Heap Blocks": 2584,
                    "Lossy Heap Blocks": 0,
                    "Plans": [
                      {
                        "Node Type": "Bitmap Index Scan",
                        "Parent Relationship": "Outer",
                        "Parallel Aware": false,
                        "Index Name": "company_id_movie_companies",
                        "Startup Cost": 0.0,
                        "Total Cost": 4633.94,
                        "Plan Rows": 216201,
                        "Plan Width": 0,
                        "Actual Startup Time": 8.986,
                        "Actual Total Time": 8.987,
                        "Actual Rows": 212275,
                        "Actual Loops": 1,
                        "Index Cond": "(company_id > 109940)"
                      }
                    ]
                  },
                  {
                    "Node Type": "Hash",
                    "Parent Relationship": "Inner",
                    "Parallel Aware": true,
                    "Startup Cost": 58306.47,
                    "Total Cost": 58306.47,
                    "Plan Rows": 85229,
                    "Plan Width": 4,
                    "Actual Startup Time": 179.989,
                    "Actual Total Time": 179.99,
                    "Actual Rows": 125938,
                    "Actual Loops": 2,
                    "Hash Buckets": 262144,
                    "Original Hash Buckets": 262144,
                    "Hash Batches": 1,
                    "Original Hash Batches": 1,
                    "Peak Memory Usage": 11936,
                    "Plans": [
                      {
                        "Node Type": "Seq Scan",
                        "Parent Relationship": "Outer",
                        "Parallel Aware": true,
                        "Relation Name": "title",
                        "Alias": "t",
                        "Startup Cost": 0.0,
                        "Total Cost": 58306.47,
                        "Plan Rows": 85229,
                        "Plan Width": 4,
                        "Actual Startup Time": 0.053,
                        "Actual Total Time": 145.395,
                        "Actual Rows": 125938,
                        "Actual Loops": 2,
                        "Filter": "((kind_id < 7) AND (production_year < 1971))",
                        "Rows Removed by Filter": 1138218
                      }
                    ]
                  }
                ]
              }
            ]
          }
        ]
      }
    ]
  },
  "Planning Time": 0.275,
  "Triggers": [],
  "Execution Time": 254.798
}