[
    {
        "Bao": {
            "Bao prediction": "NaN",
            "Bao recommended hint": "(no hint)"
        }
    },
    {
        "Plan": {
            "Node Type": "Aggregate",
            "Strategy": "Plain",
            "Partial Mode": "Simple",
            "Parallel Aware": false,
            "Startup Cost": 28228.14,
            "Total Cost": 28228.15,
            "Plan Rows": 1,
            "Plan Width": 8,
            "Actual Startup Time": 47.661,
            "Actual Total Time": 47.663,
            "Actual Rows": 1,
            "Actual Loops": 1,
            "Output": [
                "count(*)"
            ],
            "Plans": [
                {
                    "Node Type": "Bitmap Heap Scan",
                    "Parent Relationship": "Outer",
                    "Parallel Aware": false,
                    "Relation Name": "movie_keyword",
                    "Schema": "public",
                    "Alias": "mk",
                    "Startup Cost": 2211.7,
                    "Total Cost": 27967.73,
                    "Plan Rows": 104163,
                    "Plan Width": 0,
                    "Actual Startup Time": 11.478,
                    "Actual Total Time": 43.664,
                    "Actual Rows": 98323,
                    "Actual Loops": 1,
                    "Recheck Cond": "(mk.keyword_id > 82742)",
                    "Rows Removed by Index Recheck": 0,
                    "Exact Heap Blocks": 17191,
                    "Lossy Heap Blocks": 0,
                    "Plans": [
                        {
                            "Node Type": "Bitmap Index Scan",
                            "Parent Relationship": "Outer",
                            "Parallel Aware": false,
                            "Index Name": "keyword_id_movie_keyword",
                            "Startup Cost": 0.0,
                            "Total Cost": 2185.65,
                            "Plan Rows": 104163,
                            "Plan Width": 0,
                            "Actual Startup Time": 8.095,
                            "Actual Total Time": 8.096,
                            "Actual Rows": 98323,
                            "Actual Loops": 1,
                            "Index Cond": "(mk.keyword_id > 82742)"
                        }
                    ]
                }
            ]
        },
        "Planning Time": 185.863,
        "Triggers": [],
        "Execution Time": 47.71
    }
]