[
    {
        "Bao": {
            "Bao prediction": "NaN",
            "Bao recommended hint": "(no hint)"
        }
    },
    {
        "Plan": {
            "Node Type": "Aggregate",
            "Strategy": "Plain",
            "Partial Mode": "Finalize",
            "Parallel Aware": false,
            "Startup Cost": 33236.24,
            "Total Cost": 33236.25,
            "Plan Rows": 1,
            "Plan Width": 8,
            "Actual Startup Time": 115.634,
            "Actual Total Time": 120.833,
            "Actual Rows": 1,
            "Actual Loops": 1,
            "Output": [
                "count(*)"
            ],
            "Plans": [
                {
                    "Node Type": "Gather",
                    "Parent Relationship": "Outer",
                    "Parallel Aware": false,
                    "Startup Cost": 33235.92,
                    "Total Cost": 33236.23,
                    "Plan Rows": 3,
                    "Plan Width": 8,
                    "Actual Startup Time": 115.541,
                    "Actual Total Time": 120.824,
                    "Actual Rows": 4,
                    "Actual Loops": 1,
                    "Output": [
                        "(PARTIAL count(*))"
                    ],
                    "Workers Planned": 3,
                    "Workers Launched": 3,
                    "Single Copy": false,
                    "Plans": [
                        {
                            "Node Type": "Aggregate",
                            "Strategy": "Plain",
                            "Partial Mode": "Partial",
                            "Parent Relationship": "Outer",
                            "Parallel Aware": false,
                            "Startup Cost": 32235.92,
                            "Total Cost": 32235.93,
                            "Plan Rows": 1,
                            "Plan Width": 8,
                            "Actual Startup Time": 107.232,
                            "Actual Total Time": 107.233,
                            "Actual Rows": 1,
                            "Actual Loops": 4,
                            "Output": [
                                "PARTIAL count(*)"
                            ],
                            "Workers": [
                                {
                                    "Worker Number": 0,
                                    "Actual Startup Time": 104.249,
                                    "Actual Total Time": 104.25,
                                    "Actual Rows": 1,
                                    "Actual Loops": 1
                                },
                                {
                                    "Worker Number": 1,
                                    "Actual Startup Time": 104.783,
                                    "Actual Total Time": 104.784,
                                    "Actual Rows": 1,
                                    "Actual Loops": 1
                                },
                                {
                                    "Worker Number": 2,
                                    "Actual Startup Time": 104.923,
                                    "Actual Total Time": 104.925,
                                    "Actual Rows": 1,
                                    "Actual Loops": 1
                                }
                            ],
                            "Plans": [
                                {
                                    "Node Type": "Seq Scan",
                                    "Parent Relationship": "Outer",
                                    "Parallel Aware": true,
                                    "Relation Name": "movie_companies",
                                    "Schema": "public",
                                    "Alias": "mc",
                                    "Startup Cost": 0.0,
                                    "Total Cost": 31414.82,
                                    "Plan Rows": 328440,
                                    "Plan Width": 0,
                                    "Actual Startup Time": 0.051,
                                    "Actual Total Time": 87.311,
                                    "Actual Rows": 318562,
                                    "Actual Loops": 4,
                                    "Output": [
                                        "id",
                                        "movie_id",
                                        "company_id",
                                        "company_type_id",
                                        "note"
                                    ],
                                    "Filter": "((mc.company_id < 72623) AND (mc.company_type_id < 2))",
                                    "Rows Removed by Filter": 333721,
                                    "Workers": [
                                        {
                                            "Worker Number": 0,
                                            "Actual Startup Time": 0.061,
                                            "Actual Total Time": 86.4,
                                            "Actual Rows": 313036,
                                            "Actual Loops": 1
                                        },
                                        {
                                            "Worker Number": 1,
                                            "Actual Startup Time": 0.062,
                                            "Actual Total Time": 86.164,
                                            "Actual Rows": 331676,
                                            "Actual Loops": 1
                                        },
                                        {
                                            "Worker Number": 2,
                                            "Actual Startup Time": 0.065,
                                            "Actual Total Time": 86.342,
                                            "Actual Rows": 238621,
                                            "Actual Loops": 1
                                        }
                                    ]
                                }
                            ]
                        }
                    ]
                }
            ]
        },
        "Planning Time": 296.833,
        "Triggers": [],
        "Execution Time": 120.917
    }
]