[
  {
    "Plan": {
      "Node Type": "Aggregate",
      "Strategy": "Plain",
      "Partial Mode": "Finalize",
      "Parallel Aware": false,
      "Startup Cost": 31865.01,
      "Total Cost": 31865.02,
      "Plan Rows": 1,
      "Plan Width": 8,
      "Actual Startup Time": 94.179,
      "Actual Total Time": 102.241,
      "Actual Rows": 1,
      "Actual Loops": 1,
      "Plans": [
        {
          "Node Type": "Gather",
          "Parent Relationship": "Outer",
          "Parallel Aware": false,
          "Startup Cost": 31864.69,
          "Total Cost": 31865.0,
          "Plan Rows": 3,
          "Plan Width": 8,
          "Actual Startup Time": 94.036,
          "Actual Total Time": 102.236,
          "Actual Rows": 4,
          "Actual Loops": 1,
          "Workers Planned": 3,
          "Workers Launched": 3,
          "Single Copy": false,
          "Plans": [
            {
              "Node Type": "Aggregate",
              "Strategy": "Plain",
              "Partial Mode": "Partial",
              "Parent Relationship": "Outer",
              "Parallel Aware": false,
              "Startup Cost": 30864.69,
              "Total Cost": 30864.7,
              "Plan Rows": 1,
              "Plan Width": 8,
              "Actual Startup Time": 90.841,
              "Actual Total Time": 90.842,
              "Actual Rows": 1,
              "Actual Loops": 4,
              "Plans": [
                {
                  "Node Type": "Seq Scan",
                  "Parent Relationship": "Outer",
                  "Parallel Aware": true,
                  "Relation Name": "movie_companies",
                  "Alias": "mc",
                  "Startup Cost": 0.0,
                  "Total Cost": 29310.68,
                  "Plan Rows": 621605,
                  "Plan Width": 0,
                  "Actual Startup Time": 0.249,
                  "Actual Total Time": 71.089,
                  "Actual Rows": 482674,
                  "Actual Loops": 4,
                  "Filter": "(company_id > 1129)",
                  "Rows Removed by Filter": 169608
                }
              ]
            }
          ]
        }
      ]
    },
    "Planning Time": 0.087,
    "Triggers": [],
    "Execution Time": 102.267
  }
]