[
  {
    "Plan": {
      "Node Type": "Aggregate",
      "Strategy": "Plain",
      "Partial Mode": "Finalize",
      "Parallel Aware": false,
      "Startup Cost": 46199.45,
      "Total Cost": 46199.46,
      "Plan Rows": 1,
      "Plan Width": 8,
      "Actual Startup Time": 179.4,
      "Actual Total Time": 189.342,
      "Actual Rows": 1,
      "Actual Loops": 1,
      "Plans": [
        {
          "Node Type": "Gather",
          "Parent Relationship": "Outer",
          "Parallel Aware": false,
          "Startup Cost": 46199.13,
          "Total Cost": 46199.44,
          "Plan Rows": 3,
          "Plan Width": 8,
          "Actual Startup Time": 179.26,
          "Actual Total Time": 189.334,
          "Actual Rows": 4,
          "Actual Loops": 1,
          "Workers Planned": 3,
          "Workers Launched": 3,
          "Single Copy": false,
          "Plans": [
            {
              "Node Type": "Aggregate",
              "Strategy": "Plain",
              "Partial Mode": "Partial",
              "Parent Relationship": "Outer",
              "Parallel Aware": false,
              "Startup Cost": 45199.13,
              "Total Cost": 45199.14,
              "Plan Rows": 1,
              "Plan Width": 8,
              "Actual Startup Time": 172.596,
              "Actual Total Time": 172.597,
              "Actual Rows": 1,
              "Actual Loops": 4,
              "Plans": [
                {
                  "Node Type": "Seq Scan",
                  "Parent Relationship": "Outer",
                  "Parallel Aware": true,
                  "Relation Name": "movie_keyword",
                  "Alias": "mk",
                  "Startup Cost": 0.0,
                  "Total Cost": 42695.65,
                  "Plan Rows": 1001392,
                  "Plan Width": 0,
                  "Actual Startup Time": 0.305,
                  "Actual Total Time": 131.122,
                  "Actual Rows": 775008,
                  "Actual Loops": 4,
                  "Filter": "(keyword_id > 1960)",
                  "Rows Removed by Filter": 355974
                }
              ]
            }
          ]
        }
      ]
    },
    "Planning Time": 0.189,
    "Triggers": [],
    "Execution Time": 189.405
  }
]