{
  "Plan": {
    "Node Type": "Aggregate",
    "Strategy": "Plain",
    "Partial Mode": "Finalize",
    "Parallel Aware": false,
    "Startup Cost": 132941.25,
    "Total Cost": 132941.26,
    "Plan Rows": 1,
    "Plan Width": 8,
    "Actual Startup Time": 696.3,
    "Actual Total Time": 709.665,
    "Actual Rows": 1,
    "Actual Loops": 1,
    "Plans": [
      {
        "Node Type": "Gather",
        "Parent Relationship": "Outer",
        "Parallel Aware": false,
        "Startup Cost": 132941.14,
        "Total Cost": 132941.25,
        "Plan Rows": 1,
        "Plan Width": 8,
        "Actual Startup Time": 694.036,
        "Actual Total Time": 709.658,
        "Actual Rows": 2,
        "Actual Loops": 1,
        "Workers Planned": 1,
        "Workers Launched": 1,
        "Single Copy": false,
        "Plans": [
          {
            "Node Type": "Aggregate",
            "Strategy": "Plain",
            "Partial Mode": "Partial",
            "Parent Relationship": "Outer",
            "Parallel Aware": false,
            "Startup Cost": 131941.14,
            "Total Cost": 131941.15,
            "Plan Rows": 1,
            "Plan Width": 8,
            "Actual Startup Time": 688.158,
            "Actual Total Time": 688.162,
            "Actual Rows": 1,
            "Actual Loops": 2,
            "Plans": [
              {
                "Node Type": "Hash Join",
                "Parent Relationship": "Outer",
                "Parallel Aware": true,
                "Join Type": "Inner",
                "Startup Cost": 65353.52,
                "Total Cost": 129588.47,
                "Plan Rows": 941066,
                "Plan Width": 0,
                "Actual Startup Time": 314.989,
                "Actual Total Time": 680.508,
                "Actual Rows": 198230,
                "Actual Loops": 2,
                "Inner Unique": true,
                "Hash Cond": "(mk.movie_id = t.id)",
                "Plans": [
                  {
                    "Node Type": "Seq Scan",
                    "Parent Relationship": "Outer",
                    "Parallel Aware": true,
                    "Relation Name": "movie_keyword",
                    "Alias": "mk",
                    "Startup Cost": 0.0,
                    "Total Cost": 57718.19,
                    "Plan Rows": 2482572,
                    "Plan Width": 4,
                    "Actual Startup Time": 0.021,
                    "Actual Total Time": 189.973,
                    "Actual Rows": 2103356,
                    "Actual Loops": 2,
                    "Filter": "(keyword_id > 249)",
                    "Rows Removed by Filter": 158610
                  },
                  {
                    "Node Type": "Hash",
                    "Parent Relationship": "Inner",
                    "Parallel Aware": true,
                    "Startup Cost": 58306.47,
                    "Total Cost": 58306.47,
                    "Plan Rows": 563764,
                    "Plan Width": 4,
                    "Actual Startup Time": 305.843,
                    "Actual Total Time": 305.844,
                    "Actual Rows": 525096,
                    "Actual Loops": 2,
                    "Hash Buckets": 2097152,
                    "Original Hash Buckets": 1048576,
                    "Hash Batches": 1,
                    "Original Hash Batches": 1,
                    "Peak Memory Usage": 65696,
                    "Plans": [
                      {
                        "Node Type": "Seq Scan",
                        "Parent Relationship": "Outer",
                        "Parallel Aware": true,
                        "Relation Name": "title",
                        "Alias": "t",
                        "Startup Cost": 0.0,
                        "Total Cost": 58306.47,
                        "Plan Rows": 563764,
                        "Plan Width": 4,
                        "Actual Startup Time": 0.034,
                        "Actual Total Time": 157.387,
                        "Actual Rows": 525096,
                        "Actual Loops": 2,
                        "Filter": "((production_year > 1996) AND (kind_id = 7))",
                        "Rows Removed by Filter": 739060
                      }
                    ]
                  }
                ]
              }
            ]
          }
        ]
      }
    ]
  },
  "Planning Time": 0.645,
  "Triggers": [],
  "Execution Time": 709.727
}