[
  {
    "Plan": {
      "Node Type": "Aggregate",
      "Strategy": "Plain",
      "Partial Mode": "Finalize",
      "Parallel Aware": false,
      "Startup Cost": 54380.56,
      "Total Cost": 54380.57,
      "Plan Rows": 1,
      "Plan Width": 8,
      "Actual Startup Time": 146.113,
      "Actual Total Time": 157.505,
      "Actual Rows": 1,
      "Actual Loops": 1,
      "Plans": [
        {
          "Node Type": "Gather",
          "Parent Relationship": "Outer",
          "Parallel Aware": false,
          "Startup Cost": 54380.35,
          "Total Cost": 54380.56,
          "Plan Rows": 2,
          "Plan Width": 8,
          "Actual Startup Time": 145.767,
          "Actual Total Time": 157.497,
          "Actual Rows": 3,
          "Actual Loops": 1,
          "Workers Planned": 2,
          "Workers Launched": 2,
          "Single Copy": false,
          "Plans": [
            {
              "Node Type": "Aggregate",
              "Strategy": "Plain",
              "Partial Mode": "Partial",
              "Parent Relationship": "Outer",
              "Parallel Aware": false,
              "Startup Cost": 53380.35,
              "Total Cost": 53380.36,
              "Plan Rows": 1,
              "Plan Width": 8,
              "Actual Startup Time": 142.439,
              "Actual Total Time": 142.443,
              "Actual Rows": 1,
              "Actual Loops": 3,
              "Plans": [
                {
                  "Node Type": "Hash Join",
                  "Parent Relationship": "Outer",
                  "Parallel Aware": true,
                  "Join Type": "Inner",
                  "Startup Cost": 38166.49,
                  "Total Cost": 53361.05,
                  "Plan Rows": 7718,
                  "Plan Width": 0,
                  "Actual Startup Time": 69.709,
                  "Actual Total Time": 141.952,
                  "Actual Rows": 11582,
                  "Actual Loops": 3,
                  "Inner Unique": true,
                  "Hash Cond": "(mi_idx.movie_id = t.id)",
                  "Plans": [
                    {
                      "Node Type": "Seq Scan",
                      "Parent Relationship": "Outer",
                      "Parallel Aware": true,
                      "Relation Name": "movie_info_idx",
                      "Alias": "mi_idx",
                      "Startup Cost": 0.0,
                      "Total Cost": 13685.15,
                      "Plan Rows": 575015,
                      "Plan Width": 4,
                      "Actual Startup Time": 0.01,
                      "Actual Total Time": 35.951,
                      "Actual Rows": 460012,
                      "Actual Loops": 3
                    },
                    {
                      "Node Type": "Hash",
                      "Parent Relationship": "Inner",
                      "Parallel Aware": true,
                      "Startup Cost": 38060.44,
                      "Total Cost": 38060.44,
                      "Plan Rows": 8484,
                      "Plan Width": 4,
                      "Actual Startup Time": 68.727,
                      "Actual Total Time": 68.729,
                      "Actual Rows": 9942,
                      "Actual Loops": 3,
                      "Hash Buckets": 65536,
                      "Original Hash Buckets": 65536,
                      "Hash Batches": 1,
                      "Original Hash Batches": 1,
                      "Peak Memory Usage": 1760,
                      "Plans": [
                        {
                          "Node Type": "Bitmap Heap Scan",
                          "Parent Relationship": "Outer",
                          "Parallel Aware": true,
                          "Relation Name": "title",
                          "Alias": "t",
                          "Startup Cost": 1705.93,
                          "Total Cost": 38060.44,
                          "Plan Rows": 8484,
                          "Plan Width": 4,
                          "Actual Startup Time": 20.914,
                          "Actual Total Time": 65.192,
                          "Actual Rows": 9942,
                          "Actual Loops": 3,
                          "Recheck Cond": "(kind_id = 2)",
                          "Rows Removed by Index Recheck": 0,
                          "Filter": "(production_year > 2006)",
                          "Rows Removed by Filter": 20342,
                          "Exact Heap Blocks": 14277,
                          "Lossy Heap Blocks": 0,
                          "Plans": [
                            {
                              "Node Type": "Bitmap Index Scan",
                              "Parent Relationship": "Outer",
                              "Parallel Aware": false,
                              "Index Name": "kind_id_title",
                              "Startup Cost": 0.0,
                              "Total Cost": 1697.45,
                              "Plan Rows": 95069,
                              "Plan Width": 0,
                              "Actual Startup Time": 16.048,
                              "Actual Total Time": 16.049,
                              "Actual Rows": 90852,
                              "Actual Loops": 1,
                              "Index Cond": "(kind_id = 2)"
                            }
                          ]
                        }
                      ]
                    }
                  ]
                }
              ]
            }
          ]
        }
      ]
    },
    "Planning Time": 0.406,
    "Triggers": [],
    "Execution Time": 157.573
  }
]