[
  {
    "Plan": {
      "Node Type": "Aggregate",
      "Strategy": "Plain",
      "Partial Mode": "Finalize",
      "Parallel Aware": false,
      "Startup Cost": 31620.67,
      "Total Cost": 31620.68,
      "Plan Rows": 1,
      "Plan Width": 8,
      "Actual Startup Time": 93.958,
      "Actual Total Time": 102.541,
      "Actual Rows": 1,
      "Actual Loops": 1,
      "Plans": [
        {
          "Node Type": "Gather",
          "Parent Relationship": "Outer",
          "Parallel Aware": false,
          "Startup Cost": 31620.35,
          "Total Cost": 31620.66,
          "Plan Rows": 3,
          "Plan Width": 8,
          "Actual Startup Time": 93.412,
          "Actual Total Time": 102.531,
          "Actual Rows": 4,
          "Actual Loops": 1,
          "Workers Planned": 3,
          "Workers Launched": 3,
          "Single Copy": false,
          "Plans": [
            {
              "Node Type": "Aggregate",
              "Strategy": "Plain",
              "Partial Mode": "Partial",
              "Parent Relationship": "Outer",
              "Parallel Aware": false,
              "Startup Cost": 30620.35,
              "Total Cost": 30620.36,
              "Plan Rows": 1,
              "Plan Width": 8,
              "Actual Startup Time": 84.316,
              "Actual Total Time": 84.318,
              "Actual Rows": 1,
              "Actual Loops": 4,
              "Plans": [
                {
                  "Node Type": "Bitmap Heap Scan",
                  "Parent Relationship": "Outer",
                  "Parallel Aware": true,
                  "Relation Name": "movie_keyword",
                  "Alias": "mk",
                  "Startup Cost": 5021.73,
                  "Total Cost": 30429.58,
                  "Plan Rows": 76308,
                  "Plan Width": 0,
                  "Actual Startup Time": 20.361,
                  "Actual Total Time": 79.483,
                  "Actual Rows": 60122,
                  "Actual Loops": 4,
                  "Recheck Cond": "(keyword_id > 61812)",
                  "Rows Removed by Index Recheck": 0,
                  "Exact Heap Blocks": 9291,
                  "Lossy Heap Blocks": 0,
                  "Plans": [
                    {
                      "Node Type": "Bitmap Index Scan",
                      "Parent Relationship": "Outer",
                      "Parallel Aware": false,
                      "Index Name": "keyword_id_movie_keyword",
                      "Startup Cost": 0.0,
                      "Total Cost": 4962.6,
                      "Plan Rows": 236555,
                      "Plan Width": 0,
                      "Actual Startup Time": 23.969,
                      "Actual Total Time": 23.97,
                      "Actual Rows": 240486,
                      "Actual Loops": 1,
                      "Index Cond": "(keyword_id > 61812)"
                    }
                  ]
                }
              ]
            }
          ]
        }
      ]
    },
    "Planning Time": 0.132,
    "Triggers": [],
    "Execution Time": 102.599
  }
]