{
  "Plan": {
    "Node Type": "Aggregate",
    "Strategy": "Plain",
    "Partial Mode": "Finalize",
    "Parallel Aware": false,
    "Startup Cost": 312146.11,
    "Total Cost": 312146.12,
    "Plan Rows": 1,
    "Plan Width": 128,
    "Actual Startup Time": 4763.244,
    "Actual Total Time": 4767.526,
    "Actual Rows": 1,
    "Actual Loops": 1,
    "Plans": [
      {
        "Node Type": "Gather",
        "Parent Relationship": "Outer",
        "Parallel Aware": false,
        "Startup Cost": 312145.99,
        "Total Cost": 312146.1,
        "Plan Rows": 1,
        "Plan Width": 128,
        "Actual Startup Time": 4763.237,
        "Actual Total Time": 4767.519,
        "Actual Rows": 1,
        "Actual Loops": 1,
        "Workers Planned": 1,
        "Workers Launched": 0,
        "Single Copy": false,
        "Plans": [
          {
            "Node Type": "Aggregate",
            "Strategy": "Plain",
            "Partial Mode": "Partial",
            "Parent Relationship": "Outer",
            "Parallel Aware": false,
            "Startup Cost": 311145.99,
            "Total Cost": 311146.0,
            "Plan Rows": 1,
            "Plan Width": 128,
            "Actual Startup Time": 4762.089,
            "Actual Total Time": 4762.101,
            "Actual Rows": 1,
            "Actual Loops": 1,
            "Plans": [
              {
                "Node Type": "Nested Loop",
                "Parent Relationship": "Outer",
                "Parallel Aware": false,
                "Join Type": "Inner",
                "Startup Cost": 274527.29,
                "Total Cost": 311145.03,
                "Plan Rows": 96,
                "Plan Width": 64,
                "Actual Startup Time": 3012.335,
                "Actual Total Time": 4758.217,
                "Actual Rows": 21292,
                "Actual Loops": 1,
                "Inner Unique": false,
                "Join Filter": "(n.id = an.person_id)",
                "Rows Removed by Join Filter": 0,
                "Plans": [
                  {
                    "Node Type": "Nested Loop",
                    "Parent Relationship": "Outer",
                    "Parallel Aware": false,
                    "Join Type": "Inner",
                    "Startup Cost": 274526.86,
                    "Total Cost": 310921.75,
                    "Plan Rows": 445,
                    "Plan Width": 56,
                    "Actual Startup Time": 3012.32,
                    "Actual Total Time": 4716.151,
                    "Actual Rows": 19323,
                    "Actual Loops": 1,
                    "Inner Unique": true,
                    "Plans": [
                      {
                        "Node Type": "Nested Loop",
                        "Parent Relationship": "Outer",
                        "Parallel Aware": false,
                        "Join Type": "Inner",
                        "Startup Cost": 274526.43,
                        "Total Cost": 310698.33,
                        "Plan Rows": 445,
                        "Plan Width": 44,
                        "Actual Startup Time": 3012.303,
                        "Actual Total Time": 4656.794,
                        "Actual Rows": 20371,
                        "Actual Loops": 1,
                        "Inner Unique": true,
                        "Plans": [
                          {
                            "Node Type": "Merge Join",
                            "Parent Relationship": "Outer",
                            "Parallel Aware": false,
                            "Join Type": "Inner",
                            "Startup Cost": 274526.0,
                            "Total Cost": 276478.05,
                            "Plan Rows": 64170,
                            "Plan Width": 25,
                            "Actual Startup Time": 3012.118,
                            "Actual Total Time": 3381.895,
                            "Actual Rows": 650316,
                            "Actual Loops": 1,
                            "Inner Unique": true,
                            "Merge Cond": "(mc.company_id = cn.id)",
                            "Plans": [
                              {
                                "Node Type": "Sort",
                                "Parent Relationship": "Outer",
                                "Parallel Aware": false,
                                "Startup Cost": 261613.33,
                                "Total Cost": 262055.65,
                                "Plan Rows": 176925,
                                "Plan Width": 29,
                                "Actual Startup Time": 2972.175,
                                "Actual Total Time": 3153.321,
                                "Actual Rows": 1461163,
                                "Actual Loops": 1,
                                "Sort Key": [
                                  "mc.company_id"
                                ],
                                "Sort Method": "quicksort",
                                "Sort Space Used": 167715,
                                "Sort Space Type": "Memory",
                                "Plans": [
                                  {
                                    "Node Type": "Hash Join",
                                    "Parent Relationship": "Outer",
                                    "Parallel Aware": true,
                                    "Join Type": "Inner",
                                    "Startup Cost": 201889.68,
                                    "Total Cost": 246191.86,
                                    "Plan Rows": 176925,
                                    "Plan Width": 29,
                                    "Actual Startup Time": 1965.263,
                                    "Actual Total Time": 2661.5,
                                    "Actual Rows": 1461163,
                                    "Actual Loops": 1,
                                    "Inner Unique": false,
                                    "Hash Cond": "(mc.movie_id = ci.movie_id)",
                                    "Plans": [
                                      {
                                        "Node Type": "Seq Scan",
                                        "Parent Relationship": "Outer",
                                        "Parallel Aware": true,
                                        "Relation Name": "movie_companies",
                                        "Alias": "mc",
                                        "Startup Cost": 0.0,
                                        "Total Cost": 34137.82,
                                        "Plan Rows": 1534782,
                                        "Plan Width": 8,
                                        "Actual Startup Time": 0.005,
                                        "Actual Total Time": 183.006,
                                        "Actual Rows": 2609129,
                                        "Actual Loops": 1
                                      },
                                      {
                                        "Node Type": "Hash",
                                        "Parent Relationship": "Inner",
                                        "Parallel Aware": true,
                                        "Startup Cost": 199746.73,
                                        "Total Cost": 199746.73,
                                        "Plan Rows": 171436,
                                        "Plan Width": 33,
                                        "Actual Startup Time": 1956.357,
                                        "Actual Total Time": 1956.363,
                                        "Actual Rows": 390499,
                                        "Actual Loops": 1,
                                        "Hash Buckets": 524288,
                                        "Original Hash Buckets": 524288,
                                        "Hash Batches": 1,
                                        "Original Hash Batches": 1,
                                        "Peak Memory Usage": 31776,
                                        "Plans": [
                                          {
                                            "Node Type": "Hash Join",
                                            "Parent Relationship": "Outer",
                                            "Parallel Aware": false,
                                            "Join Type": "Inner",
                                            "Startup Cost": 137867.77,
                                            "Total Cost": 199746.73,
                                            "Plan Rows": 171436,
                                            "Plan Width": 33,
                                            "Actual Startup Time": 1069.415,
                                            "Actual Total Time": 1842.77,
                                            "Actual Rows": 390499,
                                            "Actual Loops": 1,
                                            "Inner Unique": false,
                                            "Hash Cond": "(t.id = ci.movie_id)",
                                            "Plans": [
                                              {
                                                "Node Type": "Seq Scan",
                                                "Parent Relationship": "Outer",
                                                "Parallel Aware": true,
                                                "Relation Name": "title",
                                                "Alias": "t",
                                                "Startup Cost": 0.0,
                                                "Total Cost": 50869.75,
                                                "Plan Rows": 1487175,
                                                "Plan Width": 21,
                                                "Actual Startup Time": 0.013,
                                                "Actual Total Time": 214.648,
                                                "Actual Rows": 2528312,
                                                "Actual Loops": 1
                                              },
                                              {
                                                "Node Type": "Hash",
                                                "Parent Relationship": "Inner",
                                                "Parallel Aware": false,
                                                "Startup Cost": 134224.75,
                                                "Total Cost": 134224.75,
                                                "Plan Rows": 291442,
                                                "Plan Width": 12,
                                                "Actual Startup Time": 1068.333,
                                                "Actual Total Time": 1068.336,
                                                "Actual Rows": 390499,
                                                "Actual Loops": 1,
                                                "Hash Buckets": 524288,
                                                "Original Hash Buckets": 524288,
                                                "Hash Batches": 1,
                                                "Original Hash Batches": 1,
                                                "Peak Memory Usage": 20763,
                                                "Plans": [
                                                  {
                                                    "Node Type": "Nested Loop",
                                                    "Parent Relationship": "Outer",
                                                    "Parallel Aware": false,
                                                    "Join Type": "Inner",
                                                    "Startup Cost": 0.56,
                                                    "Total Cost": 134224.75,
                                                    "Plan Rows": 291442,
                                                    "Plan Width": 12,
                                                    "Actual Startup Time": 0.076,
                                                    "Actual Total Time": 981.779,
                                                    "Actual Rows": 390499,
                                                    "Actual Loops": 1,
                                                    "Inner Unique": false,
                                                    "Plans": [
                                                      {
                                                        "Node Type": "Seq Scan",
                                                        "Parent Relationship": "Outer",
                                                        "Parallel Aware": false,
                                                        "Relation Name": "role_type",
                                                        "Alias": "rt",
                                                        "Startup Cost": 0.0,
                                                        "Total Cost": 1.15,
                                                        "Plan Rows": 1,
                                                        "Plan Width": 4,
                                                        "Actual Startup Time": 0.02,
                                                        "Actual Total Time": 0.024,
                                                        "Actual Rows": 1,
                                                        "Actual Loops": 1,
                                                        "Filter": "((role)::text = 'actress'::text)",
                                                        "Rows Removed by Filter": 11
                                                      },
                                                      {
                                                        "Node Type": "Index Scan",
                                                        "Parent Relationship": "Inner",
                                                        "Parallel Aware": false,
                                                        "Scan Direction": "Forward",
                                                        "Index Name": "role_id_cast_info",
                                                        "Relation Name": "cast_info",
                                                        "Alias": "ci",
                                                        "Startup Cost": 0.56,
                                                        "Total Cost": 131044.24,
                                                        "Plan Rows": 317936,
                                                        "Plan Width": 16,
                                                        "Actual Startup Time": 0.047,
                                                        "Actual Total Time": 951.398,
                                                        "Actual Rows": 390499,
                                                        "Actual Loops": 1,
                                                        "Index Cond": "(role_id = rt.id)",
                                                        "Rows Removed by Index Recheck": 0,
                                                        "Filter": "(note = ANY ('{(uncredited),(voice),(writer),(producer)}'::text[]))",
                                                        "Rows Removed by Filter": 7061474
                                                      }
                                                    ]
                                                  }
                                                ]
                                              }
                                            ]
                                          }
                                        ]
                                      }
                                    ]
                                  }
                                ]
                              },
                              {
                                "Node Type": "Sort",
                                "Parent Relationship": "Inner",
                                "Parallel Aware": false,
                                "Startup Cost": 12912.67,
                                "Total Cost": 13125.75,
                                "Plan Rows": 85233,
                                "Plan Width": 4,
                                "Actual Startup Time": 39.931,
                                "Actual Total Time": 53.85,
                                "Actual Rows": 84843,
                                "Actual Loops": 1,
                                "Sort Key": [
                                  "cn.id"
                                ],
                                "Sort Method": "quicksort",
                                "Sort Space Used": 7050,
                                "Sort Space Type": "Memory",
                                "Plans": [
                                  {
                                    "Node Type": "Seq Scan",
                                    "Parent Relationship": "Outer",
                                    "Parallel Aware": false,
                                    "Relation Name": "company_name",
                                    "Alias": "cn",
                                    "Startup Cost": 0.0,
                                    "Total Cost": 5932.46,
                                    "Plan Rows": 85233,
                                    "Plan Width": 4,
                                    "Actual Startup Time": 0.025,
                                    "Actual Total Time": 23.625,
                                    "Actual Rows": 84843,
                                    "Actual Loops": 1,
                                    "Filter": "((country_code)::text = '[us]'::text)",
                                    "Rows Removed by Filter": 150154
                                  }
                                ]
                              }
                            ]
                          },
                          {
                            "Node Type": "Index Scan",
                            "Parent Relationship": "Inner",
                            "Parallel Aware": false,
                            "Scan Direction": "Forward",
                            "Index Name": "name_pkey",
                            "Relation Name": "name",
                            "Alias": "n",
                            "Startup Cost": 0.43,
                            "Total Cost": 0.53,
                            "Plan Rows": 1,
                            "Plan Width": 19,
                            "Actual Startup Time": 0.002,
                            "Actual Total Time": 0.002,
                            "Actual Rows": 0,
                            "Actual Loops": 650316,
                            "Index Cond": "(id = ci.person_id)",
                            "Rows Removed by Index Recheck": 0,
                            "Filter": "((name ~~ '%Jo%'::text) AND ((gender)::text = 'f'::text))",
                            "Rows Removed by Filter": 1
                          }
                        ]
                      },
                      {
                        "Node Type": "Index Scan",
                        "Parent Relationship": "Inner",
                        "Parallel Aware": false,
                        "Scan Direction": "Forward",
                        "Index Name": "char_name_pkey",
                        "Relation Name": "char_name",
                        "Alias": "chn",
                        "Startup Cost": 0.43,
                        "Total Cost": 0.5,
                        "Plan Rows": 1,
                        "Plan Width": 20,
                        "Actual Startup Time": 0.003,
                        "Actual Total Time": 0.003,
                        "Actual Rows": 1,
                        "Actual Loops": 20371,
                        "Index Cond": "(id = ci.person_role_id)",
                        "Rows Removed by Index Recheck": 0
                      }
                    ]
                  },
                  {
                    "Node Type": "Index Scan",
                    "Parent Relationship": "Inner",
                    "Parallel Aware": false,
                    "Scan Direction": "Forward",
                    "Index Name": "person_id_aka_name",
                    "Relation Name": "aka_name",
                    "Alias": "an",
                    "Startup Cost": 0.42,
                    "Total Cost": 0.48,
                    "Plan Rows": 2,
                    "Plan Width": 20,
                    "Actual Startup Time": 0.002,
                    "Actual Total Time": 0.002,
                    "Actual Rows": 1,
                    "Actual Loops": 19323,
                    "Index Cond": "(person_id = ci.person_id)",
                    "Rows Removed by Index Recheck": 0
                  }
                ]
              }
            ]
          }
        ]
      }
    ]
  },
  "Planning Time": 2.331,
  "Triggers": [],
  "Execution Time": 4767.894
}