{
  "Plan": {
    "Node Type": "Aggregate",
    "Strategy": "Plain",
    "Partial Mode": "Finalize",
    "Parallel Aware": false,
    "Startup Cost": 98562.16,
    "Total Cost": 98562.17,
    "Plan Rows": 1,
    "Plan Width": 8,
    "Actual Startup Time": 276.484,
    "Actual Total Time": 288.648,
    "Actual Rows": 1,
    "Actual Loops": 1,
    "Plans": [
      {
        "Node Type": "Gather",
        "Parent Relationship": "Outer",
        "Parallel Aware": false,
        "Startup Cost": 98562.04,
        "Total Cost": 98562.15,
        "Plan Rows": 1,
        "Plan Width": 8,
        "Actual Startup Time": 276.291,
        "Actual Total Time": 288.64,
        "Actual Rows": 2,
        "Actual Loops": 1,
        "Workers Planned": 1,
        "Workers Launched": 1,
        "Single Copy": false,
        "Plans": [
          {
            "Node Type": "Aggregate",
            "Strategy": "Plain",
            "Partial Mode": "Partial",
            "Parent Relationship": "Outer",
            "Parallel Aware": false,
            "Startup Cost": 97562.04,
            "Total Cost": 97562.05,
            "Plan Rows": 1,
            "Plan Width": 8,
            "Actual Startup Time": 270.669,
            "Actual Total Time": 270.673,
            "Actual Rows": 1,
            "Actual Loops": 2,
            "Plans": [
              {
                "Node Type": "Hash Join",
                "Parent Relationship": "Outer",
                "Parallel Aware": true,
                "Join Type": "Inner",
                "Startup Cost": 54652.21,
                "Total Cost": 97558.46,
                "Plan Rows": 1432,
                "Plan Width": 0,
                "Actual Startup Time": 197.247,
                "Actual Total Time": 270.573,
                "Actual Rows": 1438,
                "Actual Loops": 2,
                "Inner Unique": true,
                "Hash Cond": "(mc.movie_id = t.id)",
                "Plans": [
                  {
                    "Node Type": "Seq Scan",
                    "Parent Relationship": "Outer",
                    "Parallel Aware": true,
                    "Relation Name": "movie_companies",
                    "Alias": "mc",
                    "Startup Cost": 0.0,
                    "Total Cost": 41811.73,
                    "Plan Rows": 416961,
                    "Plan Width": 4,
                    "Actual Startup Time": 53.684,
                    "Actual Total Time": 109.562,
                    "Actual Rows": 224428,
                    "Actual Loops": 2,
                    "Filter": "((company_id < 12091) AND (company_type_id > 1))",
                    "Rows Removed by Filter": 1080136
                  },
                  {
                    "Node Type": "Hash",
                    "Parent Relationship": "Inner",
                    "Parallel Aware": true,
                    "Startup Cost": 54588.39,
                    "Total Cost": 54588.39,
                    "Plan Rows": 5106,
                    "Plan Width": 4,
                    "Actual Startup Time": 142.153,
                    "Actual Total Time": 142.154,
                    "Actual Rows": 4314,
                    "Actual Loops": 2,
                    "Hash Buckets": 16384,
                    "Original Hash Buckets": 16384,
                    "Hash Batches": 1,
                    "Original Hash Batches": 1,
                    "Peak Memory Usage": 480,
                    "Plans": [
                      {
                        "Node Type": "Seq Scan",
                        "Parent Relationship": "Outer",
                        "Parallel Aware": true,
                        "Relation Name": "title",
                        "Alias": "t",
                        "Startup Cost": 0.0,
                        "Total Cost": 54588.39,
                        "Plan Rows": 5106,
                        "Plan Width": 4,
                        "Actual Startup Time": 0.095,
                        "Actual Total Time": 140.102,
                        "Actual Rows": 4314,
                        "Actual Loops": 2,
                        "Filter": "(production_year = 1956)",
                        "Rows Removed by Filter": 1259842
                      }
                    ]
                  }
                ]
              }
            ]
          }
        ]
      }
    ]
  },
  "Planning Time": 0.511,
  "Triggers": [],
  "Execution Time": 288.721
}