[
  {
    "Plan": {
      "Node Type": "Aggregate",
      "Strategy": "Plain",
      "Partial Mode": "Finalize",
      "Parallel Aware": false,
      "Startup Cost": 329820.95,
      "Total Cost": 329820.96,
      "Plan Rows": 1,
      "Plan Width": 8,
      "Actual Startup Time": 298.959,
      "Actual Total Time": 312.633,
      "Actual Rows": 1,
      "Actual Loops": 1,
      "Plans": [
        {
          "Node Type": "Gather",
          "Parent Relationship": "Outer",
          "Parallel Aware": false,
          "Startup Cost": 329820.32,
          "Total Cost": 329820.93,
          "Plan Rows": 6,
          "Plan Width": 8,
          "Actual Startup Time": 297.633,
          "Actual Total Time": 312.619,
          "Actual Rows": 7,
          "Actual Loops": 1,
          "Workers Planned": 6,
          "Workers Launched": 6,
          "Single Copy": false,
          "Plans": [
            {
              "Node Type": "Aggregate",
              "Strategy": "Plain",
              "Partial Mode": "Partial",
              "Parent Relationship": "Outer",
              "Parallel Aware": false,
              "Startup Cost": 328820.32,
              "Total Cost": 328820.33,
              "Plan Rows": 1,
              "Plan Width": 8,
              "Actual Startup Time": 290.931,
              "Actual Total Time": 290.932,
              "Actual Rows": 1,
              "Actual Loops": 7,
              "Plans": [
                {
                  "Node Type": "Bitmap Heap Scan",
                  "Parent Relationship": "Outer",
                  "Parallel Aware": true,
                  "Relation Name": "cast_info",
                  "Alias": "ci",
                  "Startup Cost": 67931.63,
                  "Total Cost": 328367.81,
                  "Plan Rows": 181004,
                  "Plan Width": 0,
                  "Actual Startup Time": 133.428,
                  "Actual Total Time": 271.546,
                  "Actual Rows": 329393,
                  "Actual Loops": 7,
                  "Recheck Cond": "(person_id < 309749)",
                  "Rows Removed by Index Recheck": 0,
                  "Filter": "(role_id = 1)",
                  "Rows Removed by Filter": 127998,
                  "Exact Heap Blocks": 8334,
                  "Lossy Heap Blocks": 0,
                  "Plans": [
                    {
                      "Node Type": "Bitmap Index Scan",
                      "Parent Relationship": "Outer",
                      "Parallel Aware": false,
                      "Index Name": "person_id_cast_info",
                      "Startup Cost": 0.0,
                      "Total Cost": 67660.12,
                      "Plan Rows": 3099674,
                      "Plan Width": 0,
                      "Actual Startup Time": 132.647,
                      "Actual Total Time": 132.647,
                      "Actual Rows": 3201737,
                      "Actual Loops": 1,
                      "Index Cond": "(person_id < 309749)"
                    }
                  ]
                }
              ]
            }
          ]
        }
      ]
    },
    "Planning Time": 0.107,
    "Triggers": [],
    "Execution Time": 312.682
  }
]