{
  "Plan": {
    "Node Type": "Aggregate",
    "Strategy": "Plain",
    "Partial Mode": "Finalize",
    "Parallel Aware": false,
    "Startup Cost": 211090.43,
    "Total Cost": 211090.44,
    "Plan Rows": 1,
    "Plan Width": 8,
    "Actual Startup Time": 951.288,
    "Actual Total Time": 971.715,
    "Actual Rows": 1,
    "Actual Loops": 1,
    "Plans": [
      {
        "Node Type": "Gather",
        "Parent Relationship": "Outer",
        "Parallel Aware": false,
        "Startup Cost": 211090.32,
        "Total Cost": 211090.43,
        "Plan Rows": 1,
        "Plan Width": 8,
        "Actual Startup Time": 950.761,
        "Actual Total Time": 971.703,
        "Actual Rows": 2,
        "Actual Loops": 1,
        "Workers Planned": 1,
        "Workers Launched": 1,
        "Single Copy": false,
        "Plans": [
          {
            "Node Type": "Aggregate",
            "Strategy": "Plain",
            "Partial Mode": "Partial",
            "Parent Relationship": "Outer",
            "Parallel Aware": false,
            "Startup Cost": 210090.32,
            "Total Cost": 210090.33,
            "Plan Rows": 1,
            "Plan Width": 8,
            "Actual Startup Time": 944.677,
            "Actual Total Time": 944.681,
            "Actual Rows": 1,
            "Actual Loops": 2,
            "Plans": [
              {
                "Node Type": "Hash Join",
                "Parent Relationship": "Outer",
                "Parallel Aware": true,
                "Join Type": "Inner",
                "Startup Cost": 59005.05,
                "Total Cost": 209831.81,
                "Plan Rows": 103406,
                "Plan Width": 0,
                "Actual Startup Time": 187.623,
                "Actual Total Time": 936.959,
                "Actual Rows": 135726,
                "Actual Loops": 2,
                "Inner Unique": true,
                "Hash Cond": "(ci.movie_id = t.id)",
                "Plans": [
                  {
                    "Node Type": "Index Scan",
                    "Parent Relationship": "Outer",
                    "Parallel Aware": true,
                    "Scan Direction": "Forward",
                    "Index Name": "role_id_cast_info",
                    "Relation Name": "cast_info",
                    "Alias": "ci",
                    "Startup Cost": 0.56,
                    "Total Cost": 143597.96,
                    "Plan Rows": 2754039,
                    "Plan Width": 4,
                    "Actual Startup Time": 0.09,
                    "Actual Total Time": 384.709,
                    "Actual Rows": 2319568,
                    "Actual Loops": 2,
                    "Index Cond": "(role_id > 9)",
                    "Rows Removed by Index Recheck": 0
                  },
                  {
                    "Node Type": "Hash",
                    "Parent Relationship": "Inner",
                    "Parallel Aware": true,
                    "Startup Cost": 58306.47,
                    "Total Cost": 58306.47,
                    "Plan Rows": 55841,
                    "Plan Width": 4,
                    "Actual Startup Time": 185.054,
                    "Actual Total Time": 185.054,
                    "Actual Rows": 50296,
                    "Actual Loops": 2,
                    "Hash Buckets": 131072,
                    "Original Hash Buckets": 131072,
                    "Hash Batches": 1,
                    "Original Hash Batches": 1,
                    "Peak Memory Usage": 4992,
                    "Plans": [
                      {
                        "Node Type": "Seq Scan",
                        "Parent Relationship": "Outer",
                        "Parallel Aware": true,
                        "Relation Name": "title",
                        "Alias": "t",
                        "Startup Cost": 0.0,
                        "Total Cost": 58306.47,
                        "Plan Rows": 55841,
                        "Plan Width": 4,
                        "Actual Startup Time": 0.048,
                        "Actual Total Time": 168.956,
                        "Actual Rows": 50296,
                        "Actual Loops": 2,
                        "Filter": "((kind_id > 1) AND (production_year = 2009))",
                        "Rows Removed by Filter": 1213860
                      }
                    ]
                  }
                ]
              }
            ]
          }
        ]
      }
    ]
  },
  "Planning Time": 0.502,
  "Triggers": [],
  "Execution Time": 971.794
}