[
    {
        "Bao": {
            "Bao prediction": "NaN",
            "Bao recommended hint": "(no hint)"
        }
    },
    {
        "Plan": {
            "Node Type": "Aggregate",
            "Strategy": "Plain",
            "Partial Mode": "Finalize",
            "Parallel Aware": false,
            "Startup Cost": 161539.26,
            "Total Cost": 161539.27,
            "Plan Rows": 1,
            "Plan Width": 8,
            "Actual Startup Time": 676.39,
            "Actual Total Time": 721.313,
            "Actual Rows": 1,
            "Actual Loops": 1,
            "Output": [
                "count(*)"
            ],
            "Plans": [
                {
                    "Node Type": "Gather",
                    "Parent Relationship": "Outer",
                    "Parallel Aware": false,
                    "Startup Cost": 161538.84,
                    "Total Cost": 161539.25,
                    "Plan Rows": 4,
                    "Plan Width": 8,
                    "Actual Startup Time": 675.724,
                    "Actual Total Time": 721.301,
                    "Actual Rows": 5,
                    "Actual Loops": 1,
                    "Output": [
                        "(PARTIAL count(*))"
                    ],
                    "Workers Planned": 4,
                    "Workers Launched": 4,
                    "Single Copy": false,
                    "Plans": [
                        {
                            "Node Type": "Aggregate",
                            "Strategy": "Plain",
                            "Partial Mode": "Partial",
                            "Parent Relationship": "Outer",
                            "Parallel Aware": false,
                            "Startup Cost": 160538.84,
                            "Total Cost": 160538.85,
                            "Plan Rows": 1,
                            "Plan Width": 8,
                            "Actual Startup Time": 665.761,
                            "Actual Total Time": 665.765,
                            "Actual Rows": 1,
                            "Actual Loops": 5,
                            "Output": [
                                "PARTIAL count(*)"
                            ],
                            "Workers": [
                                {
                                    "Worker Number": 0,
                                    "Actual Startup Time": 662.76,
                                    "Actual Total Time": 662.765,
                                    "Actual Rows": 1,
                                    "Actual Loops": 1
                                },
                                {
                                    "Worker Number": 1,
                                    "Actual Startup Time": 663.364,
                                    "Actual Total Time": 663.368,
                                    "Actual Rows": 1,
                                    "Actual Loops": 1
                                },
                                {
                                    "Worker Number": 2,
                                    "Actual Startup Time": 663.771,
                                    "Actual Total Time": 663.775,
                                    "Actual Rows": 1,
                                    "Actual Loops": 1
                                },
                                {
                                    "Worker Number": 3,
                                    "Actual Startup Time": 663.851,
                                    "Actual Total Time": 663.856,
                                    "Actual Rows": 1,
                                    "Actual Loops": 1
                                }
                            ],
                            "Plans": [
                                {
                                    "Node Type": "Nested Loop",
                                    "Parent Relationship": "Outer",
                                    "Parallel Aware": false,
                                    "Join Type": "Inner",
                                    "Startup Cost": 31189.73,
                                    "Total Cost": 160113.7,
                                    "Plan Rows": 170058,
                                    "Plan Width": 0,
                                    "Actual Startup Time": 105.285,
                                    "Actual Total Time": 659.501,
                                    "Actual Rows": 88404,
                                    "Actual Loops": 5,
                                    "Inner Unique": false,
                                    "Workers": [
                                        {
                                            "Worker Number": 0,
                                            "Actual Startup Time": 102.216,
                                            "Actual Total Time": 656.224,
                                            "Actual Rows": 60270,
                                            "Actual Loops": 1
                                        },
                                        {
                                            "Worker Number": 1,
                                            "Actual Startup Time": 102.938,
                                            "Actual Total Time": 657.434,
                                            "Actual Rows": 95123,
                                            "Actual Loops": 1
                                        },
                                        {
                                            "Worker Number": 2,
                                            "Actual Startup Time": 103.32,
                                            "Actual Total Time": 657.852,
                                            "Actual Rows": 94480,
                                            "Actual Loops": 1
                                        },
                                        {
                                            "Worker Number": 3,
                                            "Actual Startup Time": 103.378,
                                            "Actual Total Time": 657.989,
                                            "Actual Rows": 94109,
                                            "Actual Loops": 1
                                        }
                                    ],
                                    "Plans": [
                                        {
                                            "Node Type": "Hash Join",
                                            "Parent Relationship": "Outer",
                                            "Parallel Aware": true,
                                            "Join Type": "Inner",
                                            "Startup Cost": 31189.17,
                                            "Total Cost": 77112.89,
                                            "Plan Rows": 33687,
                                            "Plan Width": 8,
                                            "Actual Startup Time": 105.205,
                                            "Actual Total Time": 241.28,
                                            "Actual Rows": 10026,
                                            "Actual Loops": 5,
                                            "Output": [
                                                "t.id",
                                                "mc.movie_id"
                                            ],
                                            "Inner Unique": false,
                                            "Hash Cond": "(t.id = mc.movie_id)",
                                            "Workers": [
                                                {
                                                    "Worker Number": 0,
                                                    "Actual Startup Time": 102.103,
                                                    "Actual Total Time": 228.789,
                                                    "Actual Rows": 6841,
                                                    "Actual Loops": 1
                                                },
                                                {
                                                    "Worker Number": 1,
                                                    "Actual Startup Time": 102.86,
                                                    "Actual Total Time": 234.411,
                                                    "Actual Rows": 10774,
                                                    "Actual Loops": 1
                                                },
                                                {
                                                    "Worker Number": 2,
                                                    "Actual Startup Time": 103.234,
                                                    "Actual Total Time": 234.299,
                                                    "Actual Rows": 10767,
                                                    "Actual Loops": 1
                                                },
                                                {
                                                    "Worker Number": 3,
                                                    "Actual Startup Time": 103.297,
                                                    "Actual Total Time": 232.395,
                                                    "Actual Rows": 10619,
                                                    "Actual Loops": 1
                                                }
                                            ],
                                            "Plans": [
                                                {
                                                    "Node Type": "Seq Scan",
                                                    "Parent Relationship": "Outer",
                                                    "Parallel Aware": true,
                                                    "Relation Name": "title",
                                                    "Schema": "public",
                                                    "Alias": "t",
                                                    "Startup Cost": 0.0,
                                                    "Total Cost": 43899.01,
                                                    "Plan Rows": 383209,
                                                    "Plan Width": 4,
                                                    "Actual Startup Time": 0.01,
                                                    "Actual Total Time": 73.994,
                                                    "Actual Rows": 308653,
                                                    "Actual Loops": 5,
                                                    "Output": [
                                                        "t.id",
                                                        "t.title",
                                                        "t.imdb_index",
                                                        "t.kind_id",
                                                        "t.production_year",
                                                        "t.imdb_id",
                                                        "t.phonetic_code",
                                                        "t.episode_of_id",
                                                        "t.season_nr",
                                                        "t.episode_nr",
                                                        "t.series_years",
                                                        "t.md5sum"
                                                    ],
                                                    "Filter": "(t.kind_id = 7)",
                                                    "Rows Removed by Filter": 197010,
                                                    "Workers": [
                                                        {
                                                            "Worker Number": 0,
                                                            "Actual Startup Time": 0.011,
                                                            "Actual Total Time": 72.51,
                                                            "Actual Rows": 209994,
                                                            "Actual Loops": 1
                                                        },
                                                        {
                                                            "Worker Number": 1,
                                                            "Actual Startup Time": 0.009,
                                                            "Actual Total Time": 72.726,
                                                            "Actual Rows": 334249,
                                                            "Actual Loops": 1
                                                        },
                                                        {
                                                            "Worker Number": 2,
                                                            "Actual Startup Time": 0.01,
                                                            "Actual Total Time": 72.542,
                                                            "Actual Rows": 329988,
                                                            "Actual Loops": 1
                                                        },
                                                        {
                                                            "Worker Number": 3,
                                                            "Actual Startup Time": 0.009,
                                                            "Actual Total Time": 71.417,
                                                            "Actual Rows": 321551,
                                                            "Actual Loops": 1
                                                        }
                                                    ]
                                                },
                                                {
                                                    "Node Type": "Hash",
                                                    "Parent Relationship": "Inner",
                                                    "Parallel Aware": true,
                                                    "Startup Cost": 30292.97,
                                                    "Total Cost": 30292.97,
                                                    "Plan Rows": 71696,
                                                    "Plan Width": 4,
                                                    "Actual Startup Time": 103.697,
                                                    "Actual Total Time": 103.699,
                                                    "Actual Rows": 20585,
                                                    "Actual Loops": 5,
                                                    "Output": [
                                                        "mc.movie_id"
                                                    ],
                                                    "Hash Buckets": 262144,
                                                    "Original Hash Buckets": 262144,
                                                    "Hash Batches": 1,
                                                    "Original Hash Batches": 1,
                                                    "Peak Memory Usage": 6144,
                                                    "Workers": [
                                                        {
                                                            "Worker Number": 0,
                                                            "Actual Startup Time": 101.642,
                                                            "Actual Total Time": 101.644,
                                                            "Actual Rows": 14491,
                                                            "Actual Loops": 1
                                                        },
                                                        {
                                                            "Worker Number": 1,
                                                            "Actual Startup Time": 102.347,
                                                            "Actual Total Time": 102.349,
                                                            "Actual Rows": 22442,
                                                            "Actual Loops": 1
                                                        },
                                                        {
                                                            "Worker Number": 2,
                                                            "Actual Startup Time": 102.81,
                                                            "Actual Total Time": 102.811,
                                                            "Actual Rows": 22303,
                                                            "Actual Loops": 1
                                                        },
                                                        {
                                                            "Worker Number": 3,
                                                            "Actual Startup Time": 102.892,
                                                            "Actual Total Time": 102.893,
                                                            "Actual Rows": 21790,
                                                            "Actual Loops": 1
                                                        }
                                                    ],
                                                    "Plans": [
                                                        {
                                                            "Node Type": "Bitmap Heap Scan",
                                                            "Parent Relationship": "Outer",
                                                            "Parallel Aware": true,
                                                            "Relation Name": "movie_companies",
                                                            "Schema": "public",
                                                            "Alias": "mc",
                                                            "Startup Cost": 9393.57,
                                                            "Total Cost": 30292.97,
                                                            "Plan Rows": 71696,
                                                            "Plan Width": 4,
                                                            "Actual Startup Time": 81.031,
                                                            "Actual Total Time": 96.031,
                                                            "Actual Rows": 20585,
                                                            "Actual Loops": 5,
                                                            "Output": [
                                                                "mc.movie_id"
                                                            ],
                                                            "Recheck Cond": "(mc.company_id < 312)",
                                                            "Rows Removed by Index Recheck": 0,
                                                            "Filter": "(mc.company_type_id = 2)",
                                                            "Rows Removed by Filter": 65673,
                                                            "Exact Heap Blocks": 6226,
                                                            "Lossy Heap Blocks": 0,
                                                            "Workers": [
                                                                {
                                                                    "Worker Number": 0,
                                                                    "Actual Startup Time": 78.943,
                                                                    "Actual Total Time": 94.444,
                                                                    "Actual Rows": 14491,
                                                                    "Actual Loops": 1
                                                                },
                                                                {
                                                                    "Worker Number": 1,
                                                                    "Actual Startup Time": 79.681,
                                                                    "Actual Total Time": 94.96,
                                                                    "Actual Rows": 22442,
                                                                    "Actual Loops": 1
                                                                },
                                                                {
                                                                    "Worker Number": 2,
                                                                    "Actual Startup Time": 80.136,
                                                                    "Actual Total Time": 95.346,
                                                                    "Actual Rows": 22303,
                                                                    "Actual Loops": 1
                                                                },
                                                                {
                                                                    "Worker Number": 3,
                                                                    "Actual Startup Time": 80.211,
                                                                    "Actual Total Time": 95.464,
                                                                    "Actual Rows": 21790,
                                                                    "Actual Loops": 1
                                                                }
                                                            ],
                                                            "Plans": [
                                                                {
                                                                    "Node Type": "Bitmap Index Scan",
                                                                    "Parent Relationship": "Outer",
                                                                    "Parallel Aware": false,
                                                                    "Index Name": "company_id_movie_companies",
                                                                    "Startup Cost": 0.0,
                                                                    "Total Cost": 9338.0,
                                                                    "Plan Rows": 435943,
                                                                    "Plan Width": 0,
                                                                    "Actual Startup Time": 36.253,
                                                                    "Actual Total Time": 36.254,
                                                                    "Actual Rows": 431290,
                                                                    "Actual Loops": 1,
                                                                    "Index Cond": "(mc.company_id < 312)"
                                                                }
                                                            ]
                                                        }
                                                    ]
                                                }
                                            ]
                                        },
                                        {
                                            "Node Type": "Index Scan",
                                            "Parent Relationship": "Inner",
                                            "Parallel Aware": false,
                                            "Scan Direction": "Forward",
                                            "Index Name": "movie_id_cast_info",
                                            "Relation Name": "cast_info",
                                            "Schema": "public",
                                            "Alias": "ci",
                                            "Startup Cost": 0.56,
                                            "Total Cost": 2.32,
                                            "Plan Rows": 14,
                                            "Plan Width": 4,
                                            "Actual Startup Time": 0.008,
                                            "Actual Total Time": 0.041,
                                            "Actual Rows": 9,
                                            "Actual Loops": 50129,
                                            "Output": [
                                                "ci.id",
                                                "ci.person_id",
                                                "ci.movie_id",
                                                "ci.person_role_id",
                                                "ci.note",
                                                "ci.nr_order",
                                                "ci.role_id"
                                            ],
                                            "Index Cond": "(ci.movie_id = t.id)",
                                            "Rows Removed by Index Recheck": 0,
                                            "Filter": "(ci.role_id = 1)",
                                            "Rows Removed by Filter": 22,
                                            "Workers": [
                                                {
                                                    "Worker Number": 0,
                                                    "Actual Startup Time": 0.013,
                                                    "Actual Total Time": 0.061,
                                                    "Actual Rows": 9,
                                                    "Actual Loops": 6841
                                                },
                                                {
                                                    "Worker Number": 1,
                                                    "Actual Startup Time": 0.008,
                                                    "Actual Total Time": 0.038,
                                                    "Actual Rows": 9,
                                                    "Actual Loops": 10774
                                                },
                                                {
                                                    "Worker Number": 2,
                                                    "Actual Startup Time": 0.008,
                                                    "Actual Total Time": 0.038,
                                                    "Actual Rows": 9,
                                                    "Actual Loops": 10767
                                                },
                                                {
                                                    "Worker Number": 3,
                                                    "Actual Startup Time": 0.008,
                                                    "Actual Total Time": 0.039,
                                                    "Actual Rows": 9,
                                                    "Actual Loops": 10619
                                                }
                                            ]
                                        }
                                    ]
                                }
                            ]
                        }
                    ]
                }
            ]
        },
        "Planning Time": 285.712,
        "Triggers": [],
        "Execution Time": 721.506
    }
]