[
  {
    "Plan": {
      "Node Type": "Aggregate",
      "Strategy": "Plain",
      "Partial Mode": "Finalize",
      "Parallel Aware": false,
      "Startup Cost": 206925.43,
      "Total Cost": 206925.44,
      "Plan Rows": 1,
      "Plan Width": 8,
      "Actual Startup Time": 488.578,
      "Actual Total Time": 523.839,
      "Actual Rows": 1,
      "Actual Loops": 1,
      "Plans": [
        {
          "Node Type": "Gather",
          "Parent Relationship": "Outer",
          "Parallel Aware": false,
          "Startup Cost": 206924.9,
          "Total Cost": 206925.41,
          "Plan Rows": 5,
          "Plan Width": 8,
          "Actual Startup Time": 488.382,
          "Actual Total Time": 523.828,
          "Actual Rows": 6,
          "Actual Loops": 1,
          "Workers Planned": 5,
          "Workers Launched": 5,
          "Single Copy": false,
          "Plans": [
            {
              "Node Type": "Aggregate",
              "Strategy": "Plain",
              "Partial Mode": "Partial",
              "Parent Relationship": "Outer",
              "Parallel Aware": false,
              "Startup Cost": 205924.9,
              "Total Cost": 205924.91,
              "Plan Rows": 1,
              "Plan Width": 8,
              "Actual Startup Time": 482.364,
              "Actual Total Time": 482.365,
              "Actual Rows": 1,
              "Actual Loops": 6,
              "Plans": [
                {
                  "Node Type": "Seq Scan",
                  "Parent Relationship": "Outer",
                  "Parallel Aware": true,
                  "Relation Name": "movie_info",
                  "Alias": "mi",
                  "Startup Cost": 0.0,
                  "Total Cost": 199108.24,
                  "Plan Rows": 2726664,
                  "Plan Width": 0,
                  "Actual Startup Time": 0.04,
                  "Actual Total Time": 380.211,
                  "Actual Rows": 2272558,
                  "Actual Loops": 6,
                  "Filter": "(info_type_id < 40)",
                  "Rows Removed by Filter": 200062
                }
              ]
            }
          ]
        }
      ]
    },
    "Planning Time": 0.134,
    "Triggers": [],
    "Execution Time": 523.878
  }
]