{
  "Plan": {
    "Node Type": "Aggregate",
    "Strategy": "Plain",
    "Partial Mode": "Simple",
    "Parallel Aware": false,
    "Startup Cost": 614852.58,
    "Total Cost": 614852.59,
    "Plan Rows": 1,
    "Plan Width": 8,
    "Actual Startup Time": 2984.666,
    "Actual Total Time": 2984.669,
    "Actual Rows": 1,
    "Actual Loops": 1,
    "Plans": [
      {
        "Node Type": "Hash Join",
        "Parent Relationship": "Outer",
        "Parallel Aware": false,
        "Join Type": "Inner",
        "Startup Cost": 613790.88,
        "Total Cost": 614852.23,
        "Plan Rows": 139,
        "Plan Width": 0,
        "Actual Startup Time": 2961.068,
        "Actual Total Time": 2984.646,
        "Actual Rows": 353,
        "Actual Loops": 1,
        "Inner Unique": false,
        "Hash Cond": "(ci.movie_id = t.id)",
        "Plans": [
          {
            "Node Type": "Index Scan",
            "Parent Relationship": "Outer",
            "Parallel Aware": false,
            "Scan Direction": "Forward",
            "Index Name": "person_id_cast_info",
            "Relation Name": "cast_info",
            "Alias": "ci",
            "Startup Cost": 0.56,
            "Total Cost": 1059.67,
            "Plan Rows": 171,
            "Plan Width": 4,
            "Actual Startup Time": 0.771,
            "Actual Total Time": 23.994,
            "Actual Rows": 748,
            "Actual Loops": 1,
            "Index Cond": "(person_id = 1185113)",
            "Rows Removed by Index Recheck": 0,
            "Filter": "(role_id = 1)",
            "Rows Removed by Filter": 1
          },
          {
            "Node Type": "Hash",
            "Parent Relationship": "Inner",
            "Parallel Aware": false,
            "Startup Cost": 588079.05,
            "Total Cost": 588079.05,
            "Plan Rows": 2056901,
            "Plan Width": 8,
            "Actual Startup Time": 2951.937,
            "Actual Total Time": 2951.939,
            "Actual Rows": 2091068,
            "Actual Loops": 1,
            "Hash Buckets": 2097152,
            "Original Hash Buckets": 2097152,
            "Hash Batches": 1,
            "Original Hash Batches": 1,
            "Peak Memory Usage": 98067,
            "Plans": [
              {
                "Node Type": "Merge Join",
                "Parent Relationship": "Outer",
                "Parallel Aware": false,
                "Join Type": "Inner",
                "Startup Cost": 440655.52,
                "Total Cost": 588079.05,
                "Plan Rows": 2056901,
                "Plan Width": 8,
                "Actual Startup Time": 729.761,
                "Actual Total Time": 2524.19,
                "Actual Rows": 2091068,
                "Actual Loops": 1,
                "Inner Unique": false,
                "Merge Cond": "(t.id = mi.movie_id)",
                "Plans": [
                  {
                    "Node Type": "Index Only Scan",
                    "Parent Relationship": "Outer",
                    "Parallel Aware": false,
                    "Scan Direction": "Forward",
                    "Index Name": "title_pkey",
                    "Relation Name": "title",
                    "Alias": "t",
                    "Startup Cost": 0.43,
                    "Total Cost": 110339.97,
                    "Plan Rows": 2528293,
                    "Plan Width": 4,
                    "Actual Startup Time": 0.033,
                    "Actual Total Time": 1195.929,
                    "Actual Rows": 2525976,
                    "Actual Loops": 1,
                    "Heap Fetches": 2525976
                  },
                  {
                    "Node Type": "Sort",
                    "Parent Relationship": "Inner",
                    "Parallel Aware": false,
                    "Startup Cost": 440652.74,
                    "Total Cost": 445794.99,
                    "Plan Rows": 2056901,
                    "Plan Width": 4,
                    "Actual Startup Time": 729.716,
                    "Actual Total Time": 879.677,
                    "Actual Rows": 2091068,
                    "Actual Loops": 1,
                    "Sort Key": [
                      "mi.movie_id"
                    ],
                    "Sort Method": "quicksort",
                    "Sort Space Used": 147171,
                    "Sort Space Type": "Memory",
                    "Plans": [
                      {
                        "Node Type": "Bitmap Heap Scan",
                        "Parent Relationship": "Outer",
                        "Parallel Aware": false,
                        "Relation Name": "movie_info",
                        "Alias": "mi",
                        "Startup Cost": 37261.42,
                        "Total Cost": 224965.68,
                        "Plan Rows": 2056901,
                        "Plan Width": 4,
                        "Actual Startup Time": 72.226,
                        "Actual Total Time": 280.878,
                        "Actual Rows": 2091068,
                        "Actual Loops": 1,
                        "Recheck Cond": "(info_type_id < 3)",
                        "Rows Removed by Index Recheck": 0,
                        "Exact Heap Blocks": 13453,
                        "Lossy Heap Blocks": 0,
                        "Plans": [
                          {
                            "Node Type": "Bitmap Index Scan",
                            "Parent Relationship": "Outer",
                            "Parallel Aware": false,
                            "Index Name": "info_type_id_movie_info",
                            "Startup Cost": 0.0,
                            "Total Cost": 36747.19,
                            "Plan Rows": 2056901,
                            "Plan Width": 0,
                            "Actual Startup Time": 70.702,
                            "Actual Total Time": 70.703,
                            "Actual Rows": 2091068,
                            "Actual Loops": 1,
                            "Index Cond": "(info_type_id < 3)"
                          }
                        ]
                      }
                    ]
                  }
                ]
              }
            ]
          }
        ]
      }
    ]
  },
  "Planning Time": 0.53,
  "Triggers": [],
  "Execution Time": 2997.983
}