{
  "Plan": {
    "Node Type": "Aggregate",
    "Strategy": "Plain",
    "Partial Mode": "Finalize",
    "Parallel Aware": false,
    "Startup Cost": 1412467.14,
    "Total Cost": 1412467.15,
    "Plan Rows": 1,
    "Plan Width": 8,
    "Actual Startup Time": 5586.446,
    "Actual Total Time": 5662.623,
    "Actual Rows": 1,
    "Actual Loops": 1,
    "Plans": [
      {
        "Node Type": "Gather",
        "Parent Relationship": "Outer",
        "Parallel Aware": false,
        "Startup Cost": 1412467.03,
        "Total Cost": 1412467.14,
        "Plan Rows": 1,
        "Plan Width": 8,
        "Actual Startup Time": 5586.346,
        "Actual Total Time": 5662.614,
        "Actual Rows": 2,
        "Actual Loops": 1,
        "Workers Planned": 1,
        "Workers Launched": 1,
        "Single Copy": false,
        "Plans": [
          {
            "Node Type": "Aggregate",
            "Strategy": "Plain",
            "Partial Mode": "Partial",
            "Parent Relationship": "Outer",
            "Parallel Aware": false,
            "Startup Cost": 1411467.03,
            "Total Cost": 1411467.04,
            "Plan Rows": 1,
            "Plan Width": 8,
            "Actual Startup Time": 5580.107,
            "Actual Total Time": 5580.109,
            "Actual Rows": 1,
            "Actual Loops": 2,
            "Plans": [
              {
                "Node Type": "Merge Join",
                "Parent Relationship": "Outer",
                "Parallel Aware": false,
                "Join Type": "Inner",
                "Startup Cost": 9.83,
                "Total Cost": 1399354.2,
                "Plan Rows": 4845134,
                "Plan Width": 0,
                "Actual Startup Time": 6.913,
                "Actual Total Time": 5445.635,
                "Actual Rows": 3096794,
                "Actual Loops": 2,
                "Inner Unique": false,
                "Merge Cond": "(mi.movie_id = t.id)",
                "Plans": [
                  {
                    "Node Type": "Index Only Scan",
                    "Parent Relationship": "Outer",
                    "Parallel Aware": true,
                    "Scan Direction": "Forward",
                    "Index Name": "movie_id_movie_info",
                    "Relation Name": "movie_info",
                    "Alias": "mi",
                    "Startup Cost": 0.43,
                    "Total Cost": 1018223.42,
                    "Plan Rows": 8696274,
                    "Plan Width": 4,
                    "Actual Startup Time": 0.112,
                    "Actual Total Time": 2329.757,
                    "Actual Rows": 7414580,
                    "Actual Loops": 2,
                    "Heap Fetches": 14829161
                  },
                  {
                    "Node Type": "Materialize",
                    "Parent Relationship": "Inner",
                    "Parallel Aware": false,
                    "Startup Cost": 3.45,
                    "Total Cost": 290456.32,
                    "Plan Rows": 1408640,
                    "Plan Width": 8,
                    "Actual Startup Time": 0.922,
                    "Actual Total Time": 2413.37,
                    "Actual Rows": 3433840,
                    "Actual Loops": 2,
                    "Plans": [
                      {
                        "Node Type": "Merge Join",
                        "Parent Relationship": "Outer",
                        "Parallel Aware": false,
                        "Join Type": "Inner",
                        "Startup Cost": 3.45,
                        "Total Cost": 286934.72,
                        "Plan Rows": 1408640,
                        "Plan Width": 8,
                        "Actual Startup Time": 0.913,
                        "Actual Total Time": 2211.825,
                        "Actual Rows": 674077,
                        "Actual Loops": 2,
                        "Inner Unique": true,
                        "Merge Cond": "(mc.movie_id = t.id)",
                        "Plans": [
                          {
                            "Node Type": "Index Only Scan",
                            "Parent Relationship": "Outer",
                            "Parallel Aware": false,
                            "Scan Direction": "Forward",
                            "Index Name": "movie_id_movie_companies",
                            "Relation Name": "movie_companies",
                            "Alias": "mc",
                            "Startup Cost": 0.43,
                            "Total Cost": 140059.44,
                            "Plan Rows": 2609129,
                            "Plan Width": 4,
                            "Actual Startup Time": 0.124,
                            "Actual Total Time": 695.309,
                            "Actual Rows": 2609129,
                            "Actual Loops": 2,
                            "Heap Fetches": 5218258
                          },
                          {
                            "Node Type": "Index Scan",
                            "Parent Relationship": "Inner",
                            "Parallel Aware": false,
                            "Scan Direction": "Forward",
                            "Index Name": "title_pkey",
                            "Relation Name": "title",
                            "Alias": "t",
                            "Startup Cost": 0.43,
                            "Total Cost": 122981.43,
                            "Plan Rows": 1364998,
                            "Plan Width": 4,
                            "Actual Startup Time": 0.124,
                            "Actual Total Time": 1264.348,
                            "Actual Rows": 1339680,
                            "Actual Loops": 2,
                            "Filter": "((kind_id > 4) AND (production_year < 2012))",
                            "Rows Removed by Filter": 1186142
                          }
                        ]
                      }
                    ]
                  }
                ]
              }
            ]
          }
        ]
      }
    ]
  },
  "Planning Time": 1.042,
  "Triggers": [],
  "Execution Time": 5662.734
}