{
  "Plan": {
    "Node Type": "Aggregate",
    "Strategy": "Plain",
    "Partial Mode": "Finalize",
    "Parallel Aware": false,
    "Startup Cost": 27127.64,
    "Total Cost": 27127.65,
    "Plan Rows": 1,
    "Plan Width": 8,
    "Actual Startup Time": 38.961,
    "Actual Total Time": 43.183,
    "Actual Rows": 1,
    "Actual Loops": 1,
    "Plans": [
      {
        "Node Type": "Gather",
        "Parent Relationship": "Outer",
        "Parallel Aware": false,
        "Startup Cost": 27127.53,
        "Total Cost": 27127.64,
        "Plan Rows": 1,
        "Plan Width": 8,
        "Actual Startup Time": 38.84,
        "Actual Total Time": 43.177,
        "Actual Rows": 2,
        "Actual Loops": 1,
        "Workers Planned": 1,
        "Workers Launched": 1,
        "Single Copy": false,
        "Plans": [
          {
            "Node Type": "Aggregate",
            "Strategy": "Plain",
            "Partial Mode": "Partial",
            "Parent Relationship": "Outer",
            "Parallel Aware": false,
            "Startup Cost": 26127.53,
            "Total Cost": 26127.54,
            "Plan Rows": 1,
            "Plan Width": 8,
            "Actual Startup Time": 32.4,
            "Actual Total Time": 32.401,
            "Actual Rows": 1,
            "Actual Loops": 2,
            "Plans": [
              {
                "Node Type": "Nested Loop",
                "Parent Relationship": "Outer",
                "Parallel Aware": false,
                "Join Type": "Inner",
                "Startup Cost": 80.92,
                "Total Cost": 26124.66,
                "Plan Rows": 1145,
                "Plan Width": 0,
                "Actual Startup Time": 1.398,
                "Actual Total Time": 32.099,
                "Actual Rows": 1797,
                "Actual Loops": 2,
                "Inner Unique": false,
                "Plans": [
                  {
                    "Node Type": "Nested Loop",
                    "Parent Relationship": "Outer",
                    "Parallel Aware": false,
                    "Join Type": "Inner",
                    "Startup Cost": 80.5,
                    "Total Cost": 25007.63,
                    "Plan Rows": 2098,
                    "Plan Width": 8,
                    "Actual Startup Time": 1.195,
                    "Actual Total Time": 20.814,
                    "Actual Rows": 2363,
                    "Actual Loops": 2,
                    "Inner Unique": true,
                    "Plans": [
                      {
                        "Node Type": "Bitmap Heap Scan",
                        "Parent Relationship": "Outer",
                        "Parallel Aware": true,
                        "Relation Name": "movie_companies",
                        "Alias": "mc",
                        "Startup Cost": 80.07,
                        "Total Cost": 9066.25,
                        "Plan Rows": 2098,
                        "Plan Width": 4,
                        "Actual Startup Time": 1.032,
                        "Actual Total Time": 2.773,
                        "Actual Rows": 2363,
                        "Actual Loops": 2,
                        "Recheck Cond": "(company_id = 394)",
                        "Rows Removed by Index Recheck": 0,
                        "Exact Heap Blocks": 349,
                        "Lossy Heap Blocks": 0,
                        "Plans": [
                          {
                            "Node Type": "Bitmap Index Scan",
                            "Parent Relationship": "Outer",
                            "Parallel Aware": false,
                            "Index Name": "company_id_movie_companies",
                            "Startup Cost": 0.0,
                            "Total Cost": 79.18,
                            "Plan Rows": 3566,
                            "Plan Width": 0,
                            "Actual Startup Time": 1.753,
                            "Actual Total Time": 1.753,
                            "Actual Rows": 4726,
                            "Actual Loops": 1,
                            "Index Cond": "(company_id = 394)"
                          }
                        ]
                      },
                      {
                        "Node Type": "Index Only Scan",
                        "Parent Relationship": "Inner",
                        "Parallel Aware": false,
                        "Scan Direction": "Forward",
                        "Index Name": "title_pkey",
                        "Relation Name": "title",
                        "Alias": "t",
                        "Startup Cost": 0.43,
                        "Total Cost": 7.6,
                        "Plan Rows": 1,
                        "Plan Width": 4,
                        "Actual Startup Time": 0.007,
                        "Actual Total Time": 0.007,
                        "Actual Rows": 1,
                        "Actual Loops": 4726,
                        "Index Cond": "(id = mc.movie_id)",
                        "Rows Removed by Index Recheck": 0,
                        "Heap Fetches": 4726
                      }
                    ]
                  },
                  {
                    "Node Type": "Index Only Scan",
                    "Parent Relationship": "Inner",
                    "Parallel Aware": false,
                    "Scan Direction": "Forward",
                    "Index Name": "movie_id_movie_info_idx",
                    "Relation Name": "movie_info_idx",
                    "Alias": "mi_idx",
                    "Startup Cost": 0.43,
                    "Total Cost": 0.5,
                    "Plan Rows": 3,
                    "Plan Width": 4,
                    "Actual Startup Time": 0.004,
                    "Actual Total Time": 0.004,
                    "Actual Rows": 1,
                    "Actual Loops": 4726,
                    "Index Cond": "(movie_id = t.id)",
                    "Rows Removed by Index Recheck": 0,
                    "Heap Fetches": 3594
                  }
                ]
              }
            ]
          }
        ]
      }
    ]
  },
  "Planning Time": 0.886,
  "Triggers": [],
  "Execution Time": 43.273
}