[
  {
    "Plan": {
      "Node Type": "Aggregate",
      "Strategy": "Plain",
      "Partial Mode": "Finalize",
      "Parallel Aware": false,
      "Startup Cost": 181504.1,
      "Total Cost": 181504.11,
      "Plan Rows": 1,
      "Plan Width": 8,
      "Actual Startup Time": 1997.589,
      "Actual Total Time": 2094.161,
      "Actual Rows": 1,
      "Actual Loops": 1,
      "Plans": [
        {
          "Node Type": "Gather",
          "Parent Relationship": "Outer",
          "Parallel Aware": false,
          "Startup Cost": 181503.68,
          "Total Cost": 181504.09,
          "Plan Rows": 4,
          "Plan Width": 8,
          "Actual Startup Time": 1995.096,
          "Actual Total Time": 2094.151,
          "Actual Rows": 5,
          "Actual Loops": 1,
          "Workers Planned": 4,
          "Workers Launched": 4,
          "Single Copy": false,
          "Plans": [
            {
              "Node Type": "Aggregate",
              "Strategy": "Plain",
              "Partial Mode": "Partial",
              "Parent Relationship": "Outer",
              "Parallel Aware": false,
              "Startup Cost": 180503.68,
              "Total Cost": 180503.69,
              "Plan Rows": 1,
              "Plan Width": 8,
              "Actual Startup Time": 1984.619,
              "Actual Total Time": 1984.714,
              "Actual Rows": 1,
              "Actual Loops": 5,
              "Plans": [
                {
                  "Node Type": "Nested Loop",
                  "Parent Relationship": "Outer",
                  "Parallel Aware": false,
                  "Join Type": "Inner",
                  "Startup Cost": 32782.03,
                  "Total Cost": 179950.08,
                  "Plan Rows": 221442,
                  "Plan Width": 0,
                  "Actual Startup Time": 133.386,
                  "Actual Total Time": 1953.326,
                  "Actual Rows": 597535,
                  "Actual Loops": 5,
                  "Inner Unique": false,
                  "Plans": [
                    {
                      "Node Type": "Hash Join",
                      "Parent Relationship": "Outer",
                      "Parallel Aware": true,
                      "Join Type": "Inner",
                      "Startup Cost": 32781.47,
                      "Total Cost": 78069.68,
                      "Plan Rows": 34283,
                      "Plan Width": 8,
                      "Actual Startup Time": 133.276,
                      "Actual Total Time": 311.483,
                      "Actual Rows": 50249,
                      "Actual Loops": 5,
                      "Inner Unique": false,
                      "Hash Cond": "(t.id = mc.movie_id)",
                      "Plans": [
                        {
                          "Node Type": "Seq Scan",
                          "Parent Relationship": "Outer",
                          "Parallel Aware": true,
                          "Relation Name": "title",
                          "Alias": "t",
                          "Startup Cost": 0.0,
                          "Total Cost": 43898.92,
                          "Plan Rows": 255742,
                          "Plan Width": 4,
                          "Actual Startup Time": 0.018,
                          "Actual Total Time": 78.27,
                          "Actual Rows": 202584,
                          "Actual Loops": 5,
                          "Filter": "(production_year > 2005)",
                          "Rows Removed by Filter": 303078
                        },
                        {
                          "Node Type": "Hash",
                          "Parent Relationship": "Inner",
                          "Parallel Aware": true,
                          "Startup Cost": 31414.82,
                          "Total Cost": 31414.82,
                          "Plan Rows": 109332,
                          "Plan Width": 4,
                          "Actual Startup Time": 130.486,
                          "Actual Total Time": 130.487,
                          "Actual Rows": 130446,
                          "Actual Loops": 5,
                          "Hash Buckets": 1048576,
                          "Original Hash Buckets": 524288,
                          "Hash Batches": 1,
                          "Original Hash Batches": 1,
                          "Peak Memory Usage": 37888,
                          "Plans": [
                            {
                              "Node Type": "Seq Scan",
                              "Parent Relationship": "Outer",
                              "Parallel Aware": true,
                              "Relation Name": "movie_companies",
                              "Alias": "mc",
                              "Startup Cost": 0.0,
                              "Total Cost": 31414.82,
                              "Plan Rows": 109332,
                              "Plan Width": 4,
                              "Actual Startup Time": 40.109,
                              "Actual Total Time": 73.922,
                              "Actual Rows": 130446,
                              "Actual Loops": 5,
                              "Filter": "((company_id > 48699) AND (company_type_id = 2))",
                              "Rows Removed by Filter": 391380
                            }
                          ]
                        }
                      ]
                    },
                    {
                      "Node Type": "Index Scan",
                      "Parent Relationship": "Inner",
                      "Parallel Aware": false,
                      "Scan Direction": "Forward",
                      "Index Name": "movie_id_cast_info",
                      "Relation Name": "cast_info",
                      "Alias": "ci",
                      "Startup Cost": 0.56,
                      "Total Cost": 2.8,
                      "Plan Rows": 17,
                      "Plan Width": 4,
                      "Actual Startup Time": 0.006,
                      "Actual Total Time": 0.031,
                      "Actual Rows": 12,
                      "Actual Loops": 251246,
                      "Index Cond": "(movie_id = t.id)",
                      "Rows Removed by Index Recheck": 0,
                      "Filter": "(person_id < 1617580)",
                      "Rows Removed by Filter": 17
                    }
                  ]
                }
              ]
            }
          ]
        }
      ]
    },
    "Planning Time": 1.463,
    "Triggers": [],
    "Execution Time": 2094.268
  }
]