[
  {
    "Plan": {
      "Node Type": "Aggregate",
      "Strategy": "Plain",
      "Partial Mode": "Finalize",
      "Parallel Aware": false,
      "Startup Cost": 77946.46,
      "Total Cost": 77946.47,
      "Plan Rows": 1,
      "Plan Width": 8,
      "Actual Startup Time": 281.125,
      "Actual Total Time": 288.467,
      "Actual Rows": 1,
      "Actual Loops": 1,
      "Plans": [
        {
          "Node Type": "Gather",
          "Parent Relationship": "Outer",
          "Parallel Aware": false,
          "Startup Cost": 77946.14,
          "Total Cost": 77946.45,
          "Plan Rows": 3,
          "Plan Width": 8,
          "Actual Startup Time": 278.78,
          "Actual Total Time": 288.461,
          "Actual Rows": 4,
          "Actual Loops": 1,
          "Workers Planned": 3,
          "Workers Launched": 3,
          "Single Copy": false,
          "Plans": [
            {
              "Node Type": "Aggregate",
              "Strategy": "Plain",
              "Partial Mode": "Partial",
              "Parent Relationship": "Outer",
              "Parallel Aware": false,
              "Startup Cost": 76946.14,
              "Total Cost": 76946.15,
              "Plan Rows": 1,
              "Plan Width": 8,
              "Actual Startup Time": 273.873,
              "Actual Total Time": 273.875,
              "Actual Rows": 1,
              "Actual Loops": 4,
              "Plans": [
                {
                  "Node Type": "Hash Join",
                  "Parent Relationship": "Outer",
                  "Parallel Aware": true,
                  "Join Type": "Inner",
                  "Startup Cost": 47098.91,
                  "Total Cost": 76514.8,
                  "Plan Rows": 172538,
                  "Plan Width": 0,
                  "Actual Startup Time": 141.278,
                  "Actual Total Time": 266.131,
                  "Actual Rows": 184536,
                  "Actual Loops": 4,
                  "Inner Unique": true,
                  "Hash Cond": "(mc.movie_id = t.id)",
                  "Plans": [
                    {
                      "Node Type": "Seq Scan",
                      "Parent Relationship": "Outer",
                      "Parallel Aware": true,
                      "Relation Name": "movie_companies",
                      "Alias": "mc",
                      "Startup Cost": 0.0,
                      "Total Cost": 27206.55,
                      "Plan Rows": 841655,
                      "Plan Width": 4,
                      "Actual Startup Time": 0.016,
                      "Actual Total Time": 51.764,
                      "Actual Rows": 652282,
                      "Actual Loops": 4
                    },
                    {
                      "Node Type": "Hash",
                      "Parent Relationship": "Inner",
                      "Parallel Aware": true,
                      "Startup Cost": 45479.21,
                      "Total Cost": 45479.21,
                      "Plan Rows": 129576,
                      "Plan Width": 4,
                      "Actual Startup Time": 113.126,
                      "Actual Total Time": 113.126,
                      "Actual Rows": 97739,
                      "Actual Loops": 4,
                      "Hash Buckets": 524288,
                      "Original Hash Buckets": 524288,
                      "Hash Batches": 1,
                      "Original Hash Batches": 1,
                      "Peak Memory Usage": 19456,
                      "Plans": [
                        {
                          "Node Type": "Seq Scan",
                          "Parent Relationship": "Outer",
                          "Parallel Aware": true,
                          "Relation Name": "title",
                          "Alias": "t",
                          "Startup Cost": 0.0,
                          "Total Cost": 45479.21,
                          "Plan Rows": 129576,
                          "Plan Width": 4,
                          "Actual Startup Time": 36.384,
                          "Actual Total Time": 84.301,
                          "Actual Rows": 97739,
                          "Actual Loops": 4,
                          "Filter": "((production_year > 1978) AND (kind_id = 1))",
                          "Rows Removed by Filter": 534339
                        }
                      ]
                    }
                  ]
                }
              ]
            }
          ]
        }
      ]
    },
    "Planning Time": 0.248,
    "Triggers": [],
    "Execution Time": 288.498
  }
]