{
  "Plan": {
    "Node Type": "Aggregate",
    "Strategy": "Plain",
    "Partial Mode": "Finalize",
    "Parallel Aware": false,
    "Startup Cost": 589544.86,
    "Total Cost": 589544.87,
    "Plan Rows": 1,
    "Plan Width": 64,
    "Actual Startup Time": 5381.492,
    "Actual Total Time": 5467.459,
    "Actual Rows": 1,
    "Actual Loops": 1,
    "Plans": [
      {
        "Node Type": "Gather",
        "Parent Relationship": "Outer",
        "Parallel Aware": false,
        "Startup Cost": 589544.75,
        "Total Cost": 589544.86,
        "Plan Rows": 1,
        "Plan Width": 64,
        "Actual Startup Time": 5320.64,
        "Actual Total Time": 5467.447,
        "Actual Rows": 2,
        "Actual Loops": 1,
        "Workers Planned": 1,
        "Workers Launched": 1,
        "Single Copy": false,
        "Plans": [
          {
            "Node Type": "Aggregate",
            "Strategy": "Plain",
            "Partial Mode": "Partial",
            "Parent Relationship": "Outer",
            "Parallel Aware": false,
            "Startup Cost": 588544.75,
            "Total Cost": 588544.76,
            "Plan Rows": 1,
            "Plan Width": 64,
            "Actual Startup Time": 5311.344,
            "Actual Total Time": 5311.36,
            "Actual Rows": 1,
            "Actual Loops": 2,
            "Plans": [
              {
                "Node Type": "Nested Loop",
                "Parent Relationship": "Outer",
                "Parallel Aware": false,
                "Join Type": "Inner",
                "Startup Cost": 526220.05,
                "Total Cost": 588541.1,
                "Plan Rows": 729,
                "Plan Width": 33,
                "Actual Startup Time": 5311.339,
                "Actual Total Time": 5311.354,
                "Actual Rows": 0,
                "Actual Loops": 2,
                "Inner Unique": true,
                "Plans": [
                  {
                    "Node Type": "Hash Join",
                    "Parent Relationship": "Outer",
                    "Parallel Aware": false,
                    "Join Type": "Inner",
                    "Startup Cost": 526219.62,
                    "Total Cost": 588111.77,
                    "Plan Rows": 729,
                    "Plan Width": 21,
                    "Actual Startup Time": 5311.337,
                    "Actual Total Time": 5311.352,
                    "Actual Rows": 0,
                    "Actual Loops": 2,
                    "Inner Unique": true,
                    "Hash Cond": "(ci.role_id = rt.id)",
                    "Plans": [
                      {
                        "Node Type": "Hash Join",
                        "Parent Relationship": "Outer",
                        "Parallel Aware": true,
                        "Join Type": "Inner",
                        "Startup Cost": 526218.45,
                        "Total Cost": 588079.52,
                        "Plan Rows": 8752,
                        "Plan Width": 25,
                        "Actual Startup Time": 5286.237,
                        "Actual Total Time": 5310.658,
                        "Actual Rows": 5302,
                        "Actual Loops": 2,
                        "Inner Unique": false,
                        "Hash Cond": "(mc.movie_id = t.id)",
                        "Plans": [
                          {
                            "Node Type": "Hash Join",
                            "Parent Relationship": "Outer",
                            "Parallel Aware": false,
                            "Join Type": "Inner",
                            "Startup Cost": 142856.88,
                            "Total Cost": 204678.47,
                            "Plan Rows": 8288,
                            "Plan Width": 4,
                            "Actual Startup Time": 1387.842,
                            "Actual Total Time": 1405.476,
                            "Actual Rows": 4395,
                            "Actual Loops": 2,
                            "Inner Unique": false,
                            "Hash Cond": "(cn.id = mc.company_id)",
                            "Plans": [
                              {
                                "Node Type": "Seq Scan",
                                "Parent Relationship": "Outer",
                                "Parallel Aware": true,
                                "Relation Name": "company_name",
                                "Alias": "cn",
                                "Startup Cost": 0.0,
                                "Total Cost": 4722.92,
                                "Plan Rows": 746,
                                "Plan Width": 4,
                                "Actual Startup Time": 0.078,
                                "Actual Total Time": 15.988,
                                "Actual Rows": 680,
                                "Actual Loops": 2,
                                "Filter": "((country_code)::text = '[ru]'::text)",
                                "Rows Removed by Filter": 116818
                              },
                              {
                                "Node Type": "Hash",
                                "Parent Relationship": "Inner",
                                "Parallel Aware": false,
                                "Startup Cost": 110242.76,
                                "Total Cost": 110242.76,
                                "Plan Rows": 2609129,
                                "Plan Width": 8,
                                "Actual Startup Time": 1363.034,
                                "Actual Total Time": 1363.038,
                                "Actual Rows": 2609129,
                                "Actual Loops": 2,
                                "Hash Buckets": 4194304,
                                "Original Hash Buckets": 4194304,
                                "Hash Batches": 1,
                                "Original Hash Batches": 1,
                                "Peak Memory Usage": 134688,
                                "Plans": [
                                  {
                                    "Node Type": "Hash Join",
                                    "Parent Relationship": "Outer",
                                    "Parallel Aware": false,
                                    "Join Type": "Inner",
                                    "Startup Cost": 77495.4,
                                    "Total Cost": 110242.76,
                                    "Plan Rows": 2609129,
                                    "Plan Width": 8,
                                    "Actual Startup Time": 749.016,
                                    "Actual Total Time": 948.514,
                                    "Actual Rows": 2609129,
                                    "Actual Loops": 2,
                                    "Inner Unique": false,
                                    "Hash Cond": "(ct.id = mc.company_type_id)",
                                    "Plans": [
                                      {
                                        "Node Type": "Seq Scan",
                                        "Parent Relationship": "Outer",
                                        "Parallel Aware": false,
                                        "Relation Name": "company_type",
                                        "Alias": "ct",
                                        "Startup Cost": 0.0,
                                        "Total Cost": 1.04,
                                        "Plan Rows": 4,
                                        "Plan Width": 4,
                                        "Actual Startup Time": 0.049,
                                        "Actual Total Time": 0.058,
                                        "Actual Rows": 4,
                                        "Actual Loops": 2
                                      },
                                      {
                                        "Node Type": "Hash",
                                        "Parent Relationship": "Inner",
                                        "Parallel Aware": false,
                                        "Startup Cost": 44881.29,
                                        "Total Cost": 44881.29,
                                        "Plan Rows": 2609129,
                                        "Plan Width": 12,
                                        "Actual Startup Time": 727.046,
                                        "Actual Total Time": 727.048,
                                        "Actual Rows": 2609129,
                                        "Actual Loops": 2,
                                        "Hash Buckets": 4194304,
                                        "Original Hash Buckets": 4194304,
                                        "Hash Batches": 1,
                                        "Original Hash Batches": 1,
                                        "Peak Memory Usage": 144880,
                                        "Plans": [
                                          {
                                            "Node Type": "Seq Scan",
                                            "Parent Relationship": "Outer",
                                            "Parallel Aware": false,
                                            "Relation Name": "movie_companies",
                                            "Alias": "mc",
                                            "Startup Cost": 0.0,
                                            "Total Cost": 44881.29,
                                            "Plan Rows": 2609129,
                                            "Plan Width": 12,
                                            "Actual Startup Time": 0.035,
                                            "Actual Total Time": 381.386,
                                            "Actual Rows": 2609129,
                                            "Actual Loops": 2
                                          }
                                        ]
                                      }
                                    ]
                                  }
                                ]
                              }
                            ]
                          },
                          {
                            "Node Type": "Hash",
                            "Parent Relationship": "Inner",
                            "Parallel Aware": true,
                            "Startup Cost": 380160.93,
                            "Total Cost": 380160.93,
                            "Plan Rows": 256052,
                            "Plan Width": 33,
                            "Actual Startup Time": 3890.493,
                            "Actual Total Time": 3890.499,
                            "Actual Rows": 524645,
                            "Actual Loops": 2,
                            "Hash Buckets": 1048576,
                            "Original Hash Buckets": 1048576,
                            "Hash Batches": 1,
                            "Original Hash Batches": 1,
                            "Peak Memory Usage": 75776,
                            "Plans": [
                              {
                                "Node Type": "Hash Join",
                                "Parent Relationship": "Outer",
                                "Parallel Aware": true,
                                "Join Type": "Inner",
                                "Startup Cost": 331033.56,
                                "Total Cost": 380160.93,
                                "Plan Rows": 256052,
                                "Plan Width": 33,
                                "Actual Startup Time": 3052.415,
                                "Actual Total Time": 3677.745,
                                "Actual Rows": 524645,
                                "Actual Loops": 2,
                                "Inner Unique": false,
                                "Hash Cond": "(t.id = ci.movie_id)",
                                "Plans": [
                                  {
                                    "Node Type": "Seq Scan",
                                    "Parent Relationship": "Outer",
                                    "Parallel Aware": true,
                                    "Relation Name": "title",
                                    "Alias": "t",
                                    "Startup Cost": 0.0,
                                    "Total Cost": 43899.59,
                                    "Plan Rows": 480103,
                                    "Plan Width": 21,
                                    "Actual Startup Time": 0.014,
                                    "Actual Total Time": 178.925,
                                    "Actual Rows": 961424,
                                    "Actual Loops": 2,
                                    "Filter": "(production_year < 2010)",
                                    "Rows Removed by Filter": 302732
                                  },
                                  {
                                    "Node Type": "Hash",
                                    "Parent Relationship": "Inner",
                                    "Parallel Aware": true,
                                    "Startup Cost": 328224.13,
                                    "Total Cost": 328224.13,
                                    "Plan Rows": 224754,
                                    "Plan Width": 12,
                                    "Actual Startup Time": 3041.011,
                                    "Actual Total Time": 3041.013,
                                    "Actual Rows": 717720,
                                    "Actual Loops": 2,
                                    "Hash Buckets": 2097152,
                                    "Original Hash Buckets": 2097152,
                                    "Hash Batches": 1,
                                    "Original Hash Batches": 1,
                                    "Peak Memory Usage": 72576,
                                    "Plans": [
                                      {
                                        "Node Type": "Seq Scan",
                                        "Parent Relationship": "Outer",
                                        "Parallel Aware": true,
                                        "Relation Name": "cast_info",
                                        "Alias": "ci",
                                        "Startup Cost": 0.0,
                                        "Total Cost": 328224.13,
                                        "Plan Rows": 224754,
                                        "Plan Width": 12,
                                        "Actual Startup Time": 370.991,
                                        "Actual Total Time": 2735.164,
                                        "Actual Rows": 717720,
                                        "Actual Loops": 2,
                                        "Filter": "(note ~~ '%(producer)%'::text)",
                                        "Rows Removed by Filter": 17404452
                                      }
                                    ]
                                  }
                                ]
                              }
                            ]
                          }
                        ]
                      },
                      {
                        "Node Type": "Hash",
                        "Parent Relationship": "Inner",
                        "Parallel Aware": false,
                        "Startup Cost": 1.15,
                        "Total Cost": 1.15,
                        "Plan Rows": 1,
                        "Plan Width": 4,
                        "Actual Startup Time": 0.098,
                        "Actual Total Time": 0.098,
                        "Actual Rows": 1,
                        "Actual Loops": 2,
                        "Hash Buckets": 1024,
                        "Original Hash Buckets": 1024,
                        "Hash Batches": 1,
                        "Original Hash Batches": 1,
                        "Peak Memory Usage": 9,
                        "Plans": [
                          {
                            "Node Type": "Seq Scan",
                            "Parent Relationship": "Outer",
                            "Parallel Aware": false,
                            "Relation Name": "role_type",
                            "Alias": "rt",
                            "Startup Cost": 0.0,
                            "Total Cost": 1.15,
                            "Plan Rows": 1,
                            "Plan Width": 4,
                            "Actual Startup Time": 0.067,
                            "Actual Total Time": 0.072,
                            "Actual Rows": 1,
                            "Actual Loops": 2,
                            "Filter": "((role)::text = 'actor'::text)",
                            "Rows Removed by Filter": 11
                          }
                        ]
                      }
                    ]
                  },
                  {
                    "Node Type": "Index Scan",
                    "Parent Relationship": "Inner",
                    "Parallel Aware": false,
                    "Scan Direction": "Forward",
                    "Index Name": "char_name_pkey",
                    "Relation Name": "char_name",
                    "Alias": "chn",
                    "Startup Cost": 0.43,
                    "Total Cost": 0.59,
                    "Plan Rows": 1,
                    "Plan Width": 20,
                    "Actual Startup Time": 0.0,
                    "Actual Total Time": 0.0,
                    "Actual Rows": 0,
                    "Actual Loops": 0,
                    "Index Cond": "(id = ci.person_role_id)",
                    "Rows Removed by Index Recheck": 0
                  }
                ]
              }
            ]
          }
        ]
      }
    ]
  },
  "Planning Time": 12.238,
  "Triggers": [],
  "Execution Time": 5479.402
}