[
    {
        "Bao": {
            "Bao prediction": "NaN",
            "Bao recommended hint": "(no hint)"
        }
    },
    {
        "Plan": {
            "Node Type": "Aggregate",
            "Strategy": "Plain",
            "Partial Mode": "Simple",
            "Parallel Aware": false,
            "Startup Cost": 21293.39,
            "Total Cost": 21293.4,
            "Plan Rows": 1,
            "Plan Width": 8,
            "Actual Startup Time": 33.129,
            "Actual Total Time": 33.131,
            "Actual Rows": 1,
            "Actual Loops": 1,
            "Output": [
                "count(*)"
            ],
            "Plans": [
                {
                    "Node Type": "Bitmap Heap Scan",
                    "Parent Relationship": "Outer",
                    "Parallel Aware": false,
                    "Relation Name": "movie_companies",
                    "Schema": "public",
                    "Alias": "mc",
                    "Startup Cost": 1480.78,
                    "Total Cost": 21122.95,
                    "Plan Rows": 68174,
                    "Plan Width": 0,
                    "Actual Startup Time": 7.723,
                    "Actual Total Time": 27.369,
                    "Actual Rows": 70083,
                    "Actual Loops": 1,
                    "Recheck Cond": "(mc.company_id > 176716)",
                    "Rows Removed by Index Recheck": 0,
                    "Exact Heap Blocks": 2411,
                    "Lossy Heap Blocks": 0,
                    "Plans": [
                        {
                            "Node Type": "Bitmap Index Scan",
                            "Parent Relationship": "Outer",
                            "Parallel Aware": false,
                            "Index Name": "company_id_movie_companies",
                            "Startup Cost": 0.0,
                            "Total Cost": 1463.74,
                            "Plan Rows": 68174,
                            "Plan Width": 0,
                            "Actual Startup Time": 6.884,
                            "Actual Total Time": 6.885,
                            "Actual Rows": 70083,
                            "Actual Loops": 1,
                            "Index Cond": "(mc.company_id > 176716)"
                        }
                    ]
                }
            ]
        },
        "Planning Time": 275.533,
        "Triggers": [],
        "Execution Time": 33.191
    }
]