[
  {
    "Plan": {
      "Node Type": "Aggregate",
      "Strategy": "Plain",
      "Partial Mode": "Finalize",
      "Parallel Aware": false,
      "Startup Cost": 596798.93,
      "Total Cost": 596798.94,
      "Plan Rows": 1,
      "Plan Width": 8,
      "Actual Startup Time": 1949.043,
      "Actual Total Time": 2040.815,
      "Actual Rows": 1,
      "Actual Loops": 1,
      "Plans": [
        {
          "Node Type": "Gather",
          "Parent Relationship": "Outer",
          "Parallel Aware": false,
          "Startup Cost": 596798.3,
          "Total Cost": 596798.91,
          "Plan Rows": 6,
          "Plan Width": 8,
          "Actual Startup Time": 1942.099,
          "Actual Total Time": 2040.804,
          "Actual Rows": 7,
          "Actual Loops": 1,
          "Workers Planned": 6,
          "Workers Launched": 6,
          "Single Copy": false,
          "Plans": [
            {
              "Node Type": "Aggregate",
              "Strategy": "Plain",
              "Partial Mode": "Partial",
              "Parent Relationship": "Outer",
              "Parallel Aware": false,
              "Startup Cost": 595798.3,
              "Total Cost": 595798.31,
              "Plan Rows": 1,
              "Plan Width": 8,
              "Actual Startup Time": 1925.898,
              "Actual Total Time": 1925.904,
              "Actual Rows": 1,
              "Actual Loops": 7,
              "Plans": [
                {
                  "Node Type": "Hash Join",
                  "Parent Relationship": "Outer",
                  "Parallel Aware": true,
                  "Join Type": "Inner",
                  "Startup Cost": 254408.86,
                  "Total Cost": 592734.99,
                  "Plan Rows": 1225324,
                  "Plan Width": 0,
                  "Actual Startup Time": 1038.251,
                  "Actual Total Time": 1870.869,
                  "Actual Rows": 1092357,
                  "Actual Loops": 7,
                  "Inner Unique": false,
                  "Hash Cond": "(ci.movie_id = t.id)",
                  "Plans": [
                    {
                      "Node Type": "Seq Scan",
                      "Parent Relationship": "Outer",
                      "Parallel Aware": true,
                      "Relation Name": "cast_info",
                      "Alias": "ci",
                      "Startup Cost": 0.0,
                      "Total Cost": 328162.03,
                      "Plan Rows": 2056922,
                      "Plan Width": 4,
                      "Actual Startup Time": 284.663,
                      "Actual Total Time": 634.131,
                      "Actual Rows": 1759930,
                      "Actual Loops": 7,
                      "Filter": "(person_id > 2453800)",
                      "Rows Removed by Filter": 3417834
                    },
                    {
                      "Node Type": "Hash",
                      "Parent Relationship": "Inner",
                      "Parallel Aware": true,
                      "Startup Cost": 250643.55,
                      "Total Cost": 250643.55,
                      "Plan Rows": 301225,
                      "Plan Width": 8,
                      "Actual Startup Time": 748.842,
                      "Actual Total Time": 748.847,
                      "Actual Rows": 100196,
                      "Actual Loops": 7,
                      "Hash Buckets": 2097152,
                      "Original Hash Buckets": 2097152,
                      "Hash Batches": 1,
                      "Original Hash Batches": 1,
                      "Peak Memory Usage": 43936,
                      "Plans": [
                        {
                          "Node Type": "Hash Join",
                          "Parent Relationship": "Outer",
                          "Parallel Aware": true,
                          "Join Type": "Inner",
                          "Startup Cost": 46741.14,
                          "Total Cost": 250643.55,
                          "Plan Rows": 301225,
                          "Plan Width": 8,
                          "Actual Startup Time": 133.665,
                          "Actual Total Time": 691.021,
                          "Actual Rows": 100196,
                          "Actual Loops": 7,
                          "Inner Unique": true,
                          "Hash Cond": "(mi.movie_id = t.id)",
                          "Plans": [
                            {
                              "Node Type": "Seq Scan",
                              "Parent Relationship": "Outer",
                              "Parallel Aware": true,
                              "Relation Name": "movie_info",
                              "Alias": "mi",
                              "Startup Cost": 0.0,
                              "Total Cost": 198952.16,
                              "Plan Rows": 1885804,
                              "Plan Width": 4,
                              "Actual Startup Time": 16.678,
                              "Actual Total Time": 340.265,
                              "Actual Rows": 1346457,
                              "Actual Loops": 7,
                              "Filter": "(info_type_id > 5)",
                              "Rows Removed by Filter": 772931
                            },
                            {
                              "Node Type": "Hash",
                              "Parent Relationship": "Inner",
                              "Parallel Aware": true,
                              "Startup Cost": 45479.1,
                              "Total Cost": 45479.1,
                              "Plan Rows": 100963,
                              "Plan Width": 4,
                              "Actual Startup Time": 116.104,
                              "Actual Total Time": 116.105,
                              "Actual Rows": 62031,
                              "Actual Loops": 7,
                              "Hash Buckets": 524288,
                              "Original Hash Buckets": 524288,
                              "Hash Batches": 1,
                              "Original Hash Batches": 1,
                              "Peak Memory Usage": 21184,
                              "Plans": [
                                {
                                  "Node Type": "Seq Scan",
                                  "Parent Relationship": "Outer",
                                  "Parallel Aware": true,
                                  "Relation Name": "title",
                                  "Alias": "t",
                                  "Startup Cost": 0.0,
                                  "Total Cost": 45479.1,
                                  "Plan Rows": 100963,
                                  "Plan Width": 4,
                                  "Actual Startup Time": 0.046,
                                  "Actual Total Time": 83.367,
                                  "Actual Rows": 62031,
                                  "Actual Loops": 7,
                                  "Filter": "((production_year > 2008) AND (kind_id = 7))",
                                  "Rows Removed by Filter": 299156
                                }
                              ]
                            }
                          ]
                        }
                      ]
                    }
                  ]
                }
              ]
            }
          ]
        }
      ]
    },
    "Planning Time": 1.404,
    "Triggers": [],
    "Execution Time": 2040.922
  }
]