{
  "Plan": {
    "Node Type": "Aggregate",
    "Strategy": "Plain",
    "Partial Mode": "Finalize",
    "Parallel Aware": false,
    "Startup Cost": 99740.6,
    "Total Cost": 99740.61,
    "Plan Rows": 1,
    "Plan Width": 8,
    "Actual Startup Time": 386.941,
    "Actual Total Time": 424.627,
    "Actual Rows": 1,
    "Actual Loops": 1,
    "Plans": [
      {
        "Node Type": "Gather",
        "Parent Relationship": "Outer",
        "Parallel Aware": false,
        "Startup Cost": 99740.49,
        "Total Cost": 99740.6,
        "Plan Rows": 1,
        "Plan Width": 8,
        "Actual Startup Time": 385.561,
        "Actual Total Time": 424.618,
        "Actual Rows": 2,
        "Actual Loops": 1,
        "Workers Planned": 1,
        "Workers Launched": 1,
        "Single Copy": false,
        "Plans": [
          {
            "Node Type": "Aggregate",
            "Strategy": "Plain",
            "Partial Mode": "Partial",
            "Parent Relationship": "Outer",
            "Parallel Aware": false,
            "Startup Cost": 98740.49,
            "Total Cost": 98740.5,
            "Plan Rows": 1,
            "Plan Width": 8,
            "Actual Startup Time": 379.459,
            "Actual Total Time": 379.626,
            "Actual Rows": 1,
            "Actual Loops": 2,
            "Plans": [
              {
                "Node Type": "Nested Loop",
                "Parent Relationship": "Outer",
                "Parallel Aware": false,
                "Join Type": "Inner",
                "Startup Cost": 56747.62,
                "Total Cost": 98692.53,
                "Plan Rows": 19182,
                "Plan Width": 0,
                "Actual Startup Time": 165.17,
                "Actual Total Time": 367.248,
                "Actual Rows": 279082,
                "Actual Loops": 2,
                "Inner Unique": false,
                "Plans": [
                  {
                    "Node Type": "Hash Join",
                    "Parent Relationship": "Outer",
                    "Parallel Aware": true,
                    "Join Type": "Inner",
                    "Startup Cost": 56747.18,
                    "Total Cost": 81721.76,
                    "Plan Rows": 3281,
                    "Plan Width": 8,
                    "Actual Startup Time": 165.093,
                    "Actual Total Time": 189.983,
                    "Actual Rows": 6590,
                    "Actual Loops": 2,
                    "Inner Unique": true,
                    "Hash Cond": "(mk.movie_id = t.id)",
                    "Plans": [
                      {
                        "Node Type": "Bitmap Heap Scan",
                        "Parent Relationship": "Outer",
                        "Parallel Aware": true,
                        "Relation Name": "movie_keyword",
                        "Alias": "mk",
                        "Startup Cost": 1241.89,
                        "Total Cost": 26126.12,
                        "Plan Rows": 34418,
                        "Plan Width": 4,
                        "Actual Startup Time": 6.655,
                        "Actual Total Time": 31.277,
                        "Actual Rows": 28802,
                        "Actual Loops": 2,
                        "Recheck Cond": "(keyword_id < 56)",
                        "Rows Removed by Index Recheck": 0,
                        "Exact Heap Blocks": 11238,
                        "Lossy Heap Blocks": 0,
                        "Plans": [
                          {
                            "Node Type": "Bitmap Index Scan",
                            "Parent Relationship": "Outer",
                            "Parallel Aware": false,
                            "Index Name": "keyword_id_movie_keyword",
                            "Startup Cost": 0.0,
                            "Total Cost": 1227.26,
                            "Plan Rows": 58511,
                            "Plan Width": 0,
                            "Actual Startup Time": 4.036,
                            "Actual Total Time": 4.037,
                            "Actual Rows": 57603,
                            "Actual Loops": 1,
                            "Index Cond": "(keyword_id < 56)"
                          }
                        ]
                      },
                      {
                        "Node Type": "Hash",
                        "Parent Relationship": "Inner",
                        "Parallel Aware": true,
                        "Startup Cost": 53733.35,
                        "Total Cost": 53733.35,
                        "Plan Rows": 141755,
                        "Plan Width": 4,
                        "Actual Startup Time": 145.014,
                        "Actual Total Time": 145.015,
                        "Actual Rows": 179772,
                        "Actual Loops": 2,
                        "Hash Buckets": 524288,
                        "Original Hash Buckets": 262144,
                        "Hash Batches": 1,
                        "Original Hash Batches": 1,
                        "Peak Memory Usage": 20256,
                        "Plans": [
                          {
                            "Node Type": "Bitmap Heap Scan",
                            "Parent Relationship": "Outer",
                            "Parallel Aware": true,
                            "Relation Name": "title",
                            "Alias": "t",
                            "Startup Cost": 11883.1,
                            "Total Cost": 53733.35,
                            "Plan Rows": 141755,
                            "Plan Width": 4,
                            "Actual Startup Time": 35.172,
                            "Actual Total Time": 102.306,
                            "Actual Rows": 179772,
                            "Actual Loops": 2,
                            "Recheck Cond": "(kind_id = 1)",
                            "Rows Removed by Index Recheck": 0,
                            "Filter": "(production_year < 1998)",
                            "Rows Removed by Filter": 151641,
                            "Exact Heap Blocks": 8199,
                            "Lossy Heap Blocks": 0,
                            "Plans": [
                              {
                                "Node Type": "Bitmap Index Scan",
                                "Parent Relationship": "Outer",
                                "Parallel Aware": false,
                                "Index Name": "kind_id_title",
                                "Startup Cost": 0.0,
                                "Total Cost": 11822.85,
                                "Plan Rows": 663256,
                                "Plan Width": 0,
                                "Actual Startup Time": 35.962,
                                "Actual Total Time": 35.962,
                                "Actual Rows": 662825,
                                "Actual Loops": 1,
                                "Index Cond": "(kind_id = 1)"
                              }
                            ]
                          }
                        ]
                      }
                    ]
                  },
                  {
                    "Node Type": "Index Only Scan",
                    "Parent Relationship": "Inner",
                    "Parallel Aware": false,
                    "Scan Direction": "Forward",
                    "Index Name": "movie_id_movie_info",
                    "Relation Name": "movie_info",
                    "Alias": "mi",
                    "Startup Cost": 0.43,
                    "Total Cost": 4.75,
                    "Plan Rows": 42,
                    "Plan Width": 4,
                    "Actual Startup Time": 0.006,
                    "Actual Total Time": 0.024,
                    "Actual Rows": 42,
                    "Actual Loops": 13180,
                    "Index Cond": "(movie_id = t.id)",
                    "Rows Removed by Index Recheck": 0,
                    "Heap Fetches": 558164
                  }
                ]
              }
            ]
          }
        ]
      }
    ]
  },
  "Planning Time": 1.029,
  "Triggers": [],
  "Execution Time": 424.758
}