[
    {
        "Bao": {
            "Bao prediction": "NaN",
            "Bao recommended hint": "(no hint)"
        }
    },
    {
        "Plan": {
            "Node Type": "Aggregate",
            "Strategy": "Plain",
            "Partial Mode": "Finalize",
            "Parallel Aware": false,
            "Startup Cost": 242824.54,
            "Total Cost": 242824.55,
            "Plan Rows": 1,
            "Plan Width": 8,
            "Actual Startup Time": 347.458,
            "Actual Total Time": 356.882,
            "Actual Rows": 1,
            "Actual Loops": 1,
            "Output": [
                "count(*)"
            ],
            "Plans": [
                {
                    "Node Type": "Gather",
                    "Parent Relationship": "Outer",
                    "Parallel Aware": false,
                    "Startup Cost": 242824.02,
                    "Total Cost": 242824.53,
                    "Plan Rows": 5,
                    "Plan Width": 8,
                    "Actual Startup Time": 342.307,
                    "Actual Total Time": 356.862,
                    "Actual Rows": 6,
                    "Actual Loops": 1,
                    "Output": [
                        "(PARTIAL count(*))"
                    ],
                    "Workers Planned": 5,
                    "Workers Launched": 5,
                    "Single Copy": false,
                    "Plans": [
                        {
                            "Node Type": "Aggregate",
                            "Strategy": "Plain",
                            "Partial Mode": "Partial",
                            "Parent Relationship": "Outer",
                            "Parallel Aware": false,
                            "Startup Cost": 241824.02,
                            "Total Cost": 241824.03,
                            "Plan Rows": 1,
                            "Plan Width": 8,
                            "Actual Startup Time": 331.983,
                            "Actual Total Time": 331.986,
                            "Actual Rows": 1,
                            "Actual Loops": 6,
                            "Output": [
                                "PARTIAL count(*)"
                            ],
                            "Workers": [
                                {
                                    "Worker Number": 0,
                                    "Actual Startup Time": 329.543,
                                    "Actual Total Time": 329.546,
                                    "Actual Rows": 1,
                                    "Actual Loops": 1
                                },
                                {
                                    "Worker Number": 1,
                                    "Actual Startup Time": 329.631,
                                    "Actual Total Time": 329.634,
                                    "Actual Rows": 1,
                                    "Actual Loops": 1
                                },
                                {
                                    "Worker Number": 2,
                                    "Actual Startup Time": 330.863,
                                    "Actual Total Time": 330.866,
                                    "Actual Rows": 1,
                                    "Actual Loops": 1
                                },
                                {
                                    "Worker Number": 3,
                                    "Actual Startup Time": 330.298,
                                    "Actual Total Time": 330.301,
                                    "Actual Rows": 1,
                                    "Actual Loops": 1
                                },
                                {
                                    "Worker Number": 4,
                                    "Actual Startup Time": 330.087,
                                    "Actual Total Time": 330.091,
                                    "Actual Rows": 1,
                                    "Actual Loops": 1
                                }
                            ],
                            "Plans": [
                                {
                                    "Node Type": "Hash Join",
                                    "Parent Relationship": "Outer",
                                    "Parallel Aware": true,
                                    "Join Type": "Inner",
                                    "Startup Cost": 75002.17,
                                    "Total Cost": 241384.2,
                                    "Plan Rows": 175929,
                                    "Plan Width": 0,
                                    "Actual Startup Time": 239.528,
                                    "Actual Total Time": 327.943,
                                    "Actual Rows": 51586,
                                    "Actual Loops": 6,
                                    "Inner Unique": true,
                                    "Hash Cond": "(mi.movie_id = t.id)",
                                    "Workers": [
                                        {
                                            "Worker Number": 0,
                                            "Actual Startup Time": 237.133,
                                            "Actual Total Time": 325.389,
                                            "Actual Rows": 44817,
                                            "Actual Loops": 1
                                        },
                                        {
                                            "Worker Number": 1,
                                            "Actual Startup Time": 236.93,
                                            "Actual Total Time": 325.805,
                                            "Actual Rows": 86640,
                                            "Actual Loops": 1
                                        },
                                        {
                                            "Worker Number": 2,
                                            "Actual Startup Time": 237.599,
                                            "Actual Total Time": 326.75,
                                            "Actual Rows": 43427,
                                            "Actual Loops": 1
                                        },
                                        {
                                            "Worker Number": 3,
                                            "Actual Startup Time": 238.177,
                                            "Actual Total Time": 326.118,
                                            "Actual Rows": 43833,
                                            "Actual Loops": 1
                                        },
                                        {
                                            "Worker Number": 4,
                                            "Actual Startup Time": 237.795,
                                            "Actual Total Time": 325.96,
                                            "Actual Rows": 44816,
                                            "Actual Loops": 1
                                        }
                                    ],
                                    "Plans": [
                                        {
                                            "Node Type": "Bitmap Heap Scan",
                                            "Parent Relationship": "Outer",
                                            "Parallel Aware": true,
                                            "Relation Name": "movie_info",
                                            "Schema": "public",
                                            "Alias": "mi",
                                            "Startup Cost": 26313.05,
                                            "Total Cost": 191933.34,
                                            "Plan Rows": 290184,
                                            "Plan Width": 4,
                                            "Actual Startup Time": 60.866,
                                            "Actual Total Time": 93.56,
                                            "Actual Rows": 233650,
                                            "Actual Loops": 6,
                                            "Output": [
                                                "mi.id",
                                                "mi.movie_id",
                                                "mi.info_type_id",
                                                "mi.info",
                                                "mi.note"
                                            ],
                                            "Recheck Cond": "(mi.info_type_id = 7)",
                                            "Rows Removed by Index Recheck": 0,
                                            "Exact Heap Blocks": 1712,
                                            "Lossy Heap Blocks": 0,
                                            "Workers": [
                                                {
                                                    "Worker Number": 0,
                                                    "Actual Startup Time": 60.713,
                                                    "Actual Total Time": 94.186,
                                                    "Actual Rows": 225055,
                                                    "Actual Loops": 1
                                                },
                                                {
                                                    "Worker Number": 1,
                                                    "Actual Startup Time": 60.561,
                                                    "Actual Total Time": 93.481,
                                                    "Actual Rows": 270200,
                                                    "Actual Loops": 1
                                                },
                                                {
                                                    "Worker Number": 2,
                                                    "Actual Startup Time": 60.675,
                                                    "Actual Total Time": 94.098,
                                                    "Actual Rows": 221270,
                                                    "Actual Loops": 1
                                                },
                                                {
                                                    "Worker Number": 3,
                                                    "Actual Startup Time": 61.118,
                                                    "Actual Total Time": 94.513,
                                                    "Actual Rows": 223782,
                                                    "Actual Loops": 1
                                                },
                                                {
                                                    "Worker Number": 4,
                                                    "Actual Startup Time": 60.831,
                                                    "Actual Total Time": 93.796,
                                                    "Actual Rows": 222688,
                                                    "Actual Loops": 1
                                                }
                                            ],
                                            "Plans": [
                                                {
                                                    "Node Type": "Bitmap Index Scan",
                                                    "Parent Relationship": "Outer",
                                                    "Parallel Aware": false,
                                                    "Index Name": "info_type_id_movie_info",
                                                    "Startup Cost": 0.0,
                                                    "Total Cost": 25950.32,
                                                    "Plan Rows": 1450918,
                                                    "Plan Width": 0,
                                                    "Actual Startup Time": 59.119,
                                                    "Actual Total Time": 59.12,
                                                    "Actual Rows": 1401902,
                                                    "Actual Loops": 1,
                                                    "Index Cond": "(mi.info_type_id = 7)",
                                                    "Workers": [
                                                        {
                                                            "Worker Number": 1,
                                                            "Actual Startup Time": 59.119,
                                                            "Actual Total Time": 59.12,
                                                            "Actual Rows": 1401902,
                                                            "Actual Loops": 1
                                                        }
                                                    ]
                                                }
                                            ]
                                        },
                                        {
                                            "Node Type": "Hash",
                                            "Parent Relationship": "Inner",
                                            "Parallel Aware": true,
                                            "Startup Cost": 43899.01,
                                            "Total Cost": 43899.01,
                                            "Plan Rows": 383209,
                                            "Plan Width": 4,
                                            "Actual Startup Time": 175.481,
                                            "Actual Total Time": 175.482,
                                            "Actual Rows": 257211,
                                            "Actual Loops": 6,
                                            "Output": [
                                                "t.id"
                                            ],
                                            "Hash Buckets": 2097152,
                                            "Original Hash Buckets": 2097152,
                                            "Hash Batches": 1,
                                            "Original Hash Batches": 1,
                                            "Peak Memory Usage": 76864,
                                            "Workers": [
                                                {
                                                    "Worker Number": 0,
                                                    "Actual Startup Time": 175.868,
                                                    "Actual Total Time": 175.869,
                                                    "Actual Rows": 247185,
                                                    "Actual Loops": 1
                                                },
                                                {
                                                    "Worker Number": 1,
                                                    "Actual Startup Time": 175.975,
                                                    "Actual Total Time": 175.975,
                                                    "Actual Rows": 224423,
                                                    "Actual Loops": 1
                                                },
                                                {
                                                    "Worker Number": 2,
                                                    "Actual Startup Time": 176.372,
                                                    "Actual Total Time": 176.373,
                                                    "Actual Rows": 244099,
                                                    "Actual Loops": 1
                                                },
                                                {
                                                    "Worker Number": 3,
                                                    "Actual Startup Time": 176.655,
                                                    "Actual Total Time": 176.656,
                                                    "Actual Rows": 243540,
                                                    "Actual Loops": 1
                                                },
                                                {
                                                    "Worker Number": 4,
                                                    "Actual Startup Time": 176.404,
                                                    "Actual Total Time": 176.405,
                                                    "Actual Rows": 228507,
                                                    "Actual Loops": 1
                                                }
                                            ],
                                            "Plans": [
                                                {
                                                    "Node Type": "Seq Scan",
                                                    "Parent Relationship": "Outer",
                                                    "Parallel Aware": true,
                                                    "Relation Name": "title",
                                                    "Schema": "public",
                                                    "Alias": "t",
                                                    "Startup Cost": 0.0,
                                                    "Total Cost": 43899.01,
                                                    "Plan Rows": 383209,
                                                    "Plan Width": 4,
                                                    "Actual Startup Time": 0.039,
                                                    "Actual Total Time": 73.979,
                                                    "Actual Rows": 257211,
                                                    "Actual Loops": 6,
                                                    "Output": [
                                                        "t.id"
                                                    ],
                                                    "Filter": "(t.kind_id = 7)",
                                                    "Rows Removed by Filter": 164175,
                                                    "Workers": [
                                                        {
                                                            "Worker Number": 0,
                                                            "Actual Startup Time": 0.047,
                                                            "Actual Total Time": 76.429,
                                                            "Actual Rows": 247185,
                                                            "Actual Loops": 1
                                                        },
                                                        {
                                                            "Worker Number": 1,
                                                            "Actual Startup Time": 0.048,
                                                            "Actual Total Time": 72.805,
                                                            "Actual Rows": 224423,
                                                            "Actual Loops": 1
                                                        },
                                                        {
                                                            "Worker Number": 2,
                                                            "Actual Startup Time": 0.047,
                                                            "Actual Total Time": 77.067,
                                                            "Actual Rows": 244099,
                                                            "Actual Loops": 1
                                                        },
                                                        {
                                                            "Worker Number": 3,
                                                            "Actual Startup Time": 0.047,
                                                            "Actual Total Time": 76.866,
                                                            "Actual Rows": 243540,
                                                            "Actual Loops": 1
                                                        },
                                                        {
                                                            "Worker Number": 4,
                                                            "Actual Startup Time": 0.037,
                                                            "Actual Total Time": 73.651,
                                                            "Actual Rows": 228507,
                                                            "Actual Loops": 1
                                                        }
                                                    ]
                                                }
                                            ]
                                        }
                                    ]
                                }
                            ]
                        }
                    ]
                }
            ]
        },
        "Planning Time": 176.437,
        "Triggers": [],
        "Execution Time": 357.015
    }
]