[
  {
    "Plan": {
      "Node Type": "Aggregate",
      "Strategy": "Plain",
      "Partial Mode": "Simple",
      "Parallel Aware": false,
      "Startup Cost": 12217.86,
      "Total Cost": 12217.87,
      "Plan Rows": 1,
      "Plan Width": 8,
      "Actual Startup Time": 12.268,
      "Actual Total Time": 12.271,
      "Actual Rows": 1,
      "Actual Loops": 1,
      "Plans": [
        {
          "Node Type": "Bitmap Heap Scan",
          "Parent Relationship": "Outer",
          "Parallel Aware": false,
          "Relation Name": "movie_companies",
          "Alias": "mc",
          "Startup Cost": 122.88,
          "Total Cost": 12210.8,
          "Plan Rows": 2826,
          "Plan Width": 0,
          "Actual Startup Time": 7.578,
          "Actual Total Time": 11.864,
          "Actual Rows": 2423,
          "Actual Loops": 1,
          "Recheck Cond": "(company_id = 73)",
          "Rows Removed by Index Recheck": 0,
          "Filter": "(company_type_id = 2)",
          "Rows Removed by Filter": 3254,
          "Exact Heap Blocks": 2528,
          "Lossy Heap Blocks": 0,
          "Plans": [
            {
              "Node Type": "Bitmap Index Scan",
              "Parent Relationship": "Outer",
              "Parallel Aware": false,
              "Index Name": "company_id_movie_companies",
              "Startup Cost": 0.0,
              "Total Cost": 122.18,
              "Plan Rows": 5566,
              "Plan Width": 0,
              "Actual Startup Time": 1.447,
              "Actual Total Time": 1.448,
              "Actual Rows": 5677,
              "Actual Loops": 1,
              "Index Cond": "(company_id = 73)"
            }
          ]
        }
      ]
    },
    "Planning Time": 0.214,
    "Triggers": [],
    "Execution Time": 12.382
  }
]