{
  "Plan": {
    "Node Type": "Aggregate",
    "Strategy": "Plain",
    "Partial Mode": "Simple",
    "Parallel Aware": false,
    "Startup Cost": 269768.62,
    "Total Cost": 269768.63,
    "Plan Rows": 1,
    "Plan Width": 32,
    "Actual Startup Time": 11544.245,
    "Actual Total Time": 11580.715,
    "Actual Rows": 1,
    "Actual Loops": 1,
    "Plans": [
      {
        "Node Type": "Gather",
        "Parent Relationship": "Outer",
        "Parallel Aware": false,
        "Startup Cost": 1004.96,
        "Total Cost": 269768.62,
        "Plan Rows": 1,
        "Plan Width": 17,
        "Actual Startup Time": 1048.474,
        "Actual Total Time": 11580.691,
        "Actual Rows": 2,
        "Actual Loops": 1,
        "Workers Planned": 1,
        "Workers Launched": 1,
        "Single Copy": false,
        "Plans": [
          {
            "Node Type": "Nested Loop",
            "Parent Relationship": "Outer",
            "Parallel Aware": false,
            "Join Type": "Inner",
            "Startup Cost": 4.96,
            "Total Cost": 268768.52,
            "Plan Rows": 1,
            "Plan Width": 17,
            "Actual Startup Time": 6288.347,
            "Actual Total Time": 11536.079,
            "Actual Rows": 1,
            "Actual Loops": 2,
            "Inner Unique": true,
            "Plans": [
              {
                "Node Type": "Nested Loop",
                "Parent Relationship": "Outer",
                "Parallel Aware": false,
                "Join Type": "Inner",
                "Startup Cost": 4.82,
                "Total Cost": 268768.35,
                "Plan Rows": 1,
                "Plan Width": 21,
                "Actual Startup Time": 3353.61,
                "Actual Total Time": 11536.015,
                "Actual Rows": 2,
                "Actual Loops": 2,
                "Inner Unique": true,
                "Plans": [
                  {
                    "Node Type": "Nested Loop",
                    "Parent Relationship": "Outer",
                    "Parallel Aware": false,
                    "Join Type": "Inner",
                    "Startup Cost": 4.39,
                    "Total Cost": 268767.89,
                    "Plan Rows": 1,
                    "Plan Width": 12,
                    "Actual Startup Time": 1608.654,
                    "Actual Total Time": 11535.857,
                    "Actual Rows": 3,
                    "Actual Loops": 2,
                    "Inner Unique": true,
                    "Plans": [
                      {
                        "Node Type": "Nested Loop",
                        "Parent Relationship": "Outer",
                        "Parallel Aware": false,
                        "Join Type": "Inner",
                        "Startup Cost": 3.96,
                        "Total Cost": 268767.44,
                        "Plan Rows": 1,
                        "Plan Width": 16,
                        "Actual Startup Time": 2.982,
                        "Actual Total Time": 11528.725,
                        "Actual Rows": 546,
                        "Actual Loops": 2,
                        "Inner Unique": true,
                        "Plans": [
                          {
                            "Node Type": "Nested Loop",
                            "Parent Relationship": "Outer",
                            "Parallel Aware": false,
                            "Join Type": "Inner",
                            "Startup Cost": 3.54,
                            "Total Cost": 268734.67,
                            "Plan Rows": 73,
                            "Plan Width": 20,
                            "Actual Startup Time": 2.0,
                            "Actual Total Time": 11001.689,
                            "Actual Rows": 92976,
                            "Actual Loops": 2,
                            "Inner Unique": false,
                            "Plans": [
                              {
                                "Node Type": "Hash Join",
                                "Parent Relationship": "Outer",
                                "Parallel Aware": false,
                                "Join Type": "Inner",
                                "Startup Cost": 3.11,
                                "Total Cost": 268705.72,
                                "Plan Rows": 17,
                                "Plan Width": 12,
                                "Actual Startup Time": 1.871,
                                "Actual Total Time": 10866.614,
                                "Actual Rows": 4230,
                                "Actual Loops": 2,
                                "Inner Unique": true,
                                "Hash Cond": "(cc.subject_id = cct1.id)",
                                "Plans": [
                                  {
                                    "Node Type": "Hash Join",
                                    "Parent Relationship": "Outer",
                                    "Parallel Aware": false,
                                    "Join Type": "Inner",
                                    "Startup Cost": 2.05,
                                    "Total Cost": 268704.29,
                                    "Plan Rows": 68,
                                    "Plan Width": 16,
                                    "Actual Startup Time": 1.447,
                                    "Actual Total Time": 10861.178,
                                    "Actual Rows": 6235,
                                    "Actual Loops": 2,
                                    "Inner Unique": true,
                                    "Hash Cond": "(cc.status_id = cct2.id)",
                                    "Plans": [
                                      {
                                        "Node Type": "Nested Loop",
                                        "Parent Relationship": "Outer",
                                        "Parallel Aware": false,
                                        "Join Type": "Inner",
                                        "Startup Cost": 0.98,
                                        "Total Cost": 268701.76,
                                        "Plan Rows": 272,
                                        "Plan Width": 20,
                                        "Actual Startup Time": 1.389,
                                        "Actual Total Time": 10854.546,
                                        "Actual Rows": 6235,
                                        "Actual Loops": 2,
                                        "Inner Unique": false,
                                        "Plans": [
                                          {
                                            "Node Type": "Nested Loop",
                                            "Parent Relationship": "Outer",
                                            "Parallel Aware": false,
                                            "Join Type": "Inner",
                                            "Startup Cost": 0.56,
                                            "Total Cost": 267688.78,
                                            "Plan Rows": 2132,
                                            "Plan Width": 8,
                                            "Actual Startup Time": 0.724,
                                            "Actual Total Time": 10614.396,
                                            "Actual Rows": 41846,
                                            "Actual Loops": 2,
                                            "Inner Unique": false,
                                            "Plans": [
                                              {
                                                "Node Type": "Seq Scan",
                                                "Parent Relationship": "Outer",
                                                "Parallel Aware": true,
                                                "Relation Name": "name",
                                                "Alias": "n",
                                                "Startup Cost": 0.0,
                                                "Total Cost": 86254.38,
                                                "Plan Rows": 245,
                                                "Plan Width": 4,
                                                "Actual Startup Time": 0.529,
                                                "Actual Total Time": 795.973,
                                                "Actual Rows": 4640,
                                                "Actual Loops": 2,
                                                "Filter": "(name ~~ '%Hans%'::text)",
                                                "Rows Removed by Filter": 2079105
                                              },
                                              {
                                                "Node Type": "Index Scan",
                                                "Parent Relationship": "Inner",
                                                "Parallel Aware": false,
                                                "Scan Direction": "Forward",
                                                "Index Name": "person_id_cast_info",
                                                "Relation Name": "cast_info",
                                                "Alias": "ci",
                                                "Startup Cost": 0.56,
                                                "Total Cost": 735.45,
                                                "Plan Rows": 510,
                                                "Plan Width": 12,
                                                "Actual Startup Time": 2.098,
                                                "Actual Total Time": 2.11,
                                                "Actual Rows": 9,
                                                "Actual Loops": 9281,
                                                "Index Cond": "(person_id = n.id)",
                                                "Rows Removed by Index Recheck": 0
                                              }
                                            ]
                                          },
                                          {
                                            "Node Type": "Index Scan",
                                            "Parent Relationship": "Inner",
                                            "Parallel Aware": false,
                                            "Scan Direction": "Forward",
                                            "Index Name": "movie_id_complete_cast",
                                            "Relation Name": "complete_cast",
                                            "Alias": "cc",
                                            "Startup Cost": 0.42,
                                            "Total Cost": 0.46,
                                            "Plan Rows": 2,
                                            "Plan Width": 12,
                                            "Actual Startup Time": 0.005,
                                            "Actual Total Time": 0.005,
                                            "Actual Rows": 0,
                                            "Actual Loops": 83693,
                                            "Index Cond": "(movie_id = ci.movie_id)",
                                            "Rows Removed by Index Recheck": 0
                                          }
                                        ]
                                      },
                                      {
                                        "Node Type": "Hash",
                                        "Parent Relationship": "Inner",
                                        "Parallel Aware": false,
                                        "Startup Cost": 1.05,
                                        "Total Cost": 1.05,
                                        "Plan Rows": 1,
                                        "Plan Width": 4,
                                        "Actual Startup Time": 0.027,
                                        "Actual Total Time": 0.028,
                                        "Actual Rows": 2,
                                        "Actual Loops": 2,
                                        "Hash Buckets": 1024,
                                        "Original Hash Buckets": 1024,
                                        "Hash Batches": 1,
                                        "Original Hash Batches": 1,
                                        "Peak Memory Usage": 9,
                                        "Plans": [
                                          {
                                            "Node Type": "Seq Scan",
                                            "Parent Relationship": "Outer",
                                            "Parallel Aware": false,
                                            "Relation Name": "comp_cast_type",
                                            "Alias": "cct2",
                                            "Startup Cost": 0.0,
                                            "Total Cost": 1.05,
                                            "Plan Rows": 1,
                                            "Plan Width": 4,
                                            "Actual Startup Time": 0.013,
                                            "Actual Total Time": 0.016,
                                            "Actual Rows": 2,
                                            "Actual Loops": 2,
                                            "Filter": "((kind)::text ~~ '%complete%'::text)",
                                            "Rows Removed by Filter": 2
                                          }
                                        ]
                                      }
                                    ]
                                  },
                                  {
                                    "Node Type": "Hash",
                                    "Parent Relationship": "Inner",
                                    "Parallel Aware": false,
                                    "Startup Cost": 1.05,
                                    "Total Cost": 1.05,
                                    "Plan Rows": 1,
                                    "Plan Width": 4,
                                    "Actual Startup Time": 0.09,
                                    "Actual Total Time": 0.091,
                                    "Actual Rows": 1,
                                    "Actual Loops": 2,
                                    "Hash Buckets": 1024,
                                    "Original Hash Buckets": 1024,
                                    "Hash Batches": 1,
                                    "Original Hash Batches": 1,
                                    "Peak Memory Usage": 9,
                                    "Plans": [
                                      {
                                        "Node Type": "Seq Scan",
                                        "Parent Relationship": "Outer",
                                        "Parallel Aware": false,
                                        "Relation Name": "comp_cast_type",
                                        "Alias": "cct1",
                                        "Startup Cost": 0.0,
                                        "Total Cost": 1.05,
                                        "Plan Rows": 1,
                                        "Plan Width": 4,
                                        "Actual Startup Time": 0.068,
                                        "Actual Total Time": 0.073,
                                        "Actual Rows": 1,
                                        "Actual Loops": 2,
                                        "Filter": "((kind)::text = 'cast'::text)",
                                        "Rows Removed by Filter": 3
                                      }
                                    ]
                                  }
                                ]
                              },
                              {
                                "Node Type": "Index Scan",
                                "Parent Relationship": "Inner",
                                "Parallel Aware": false,
                                "Scan Direction": "Forward",
                                "Index Name": "movie_id_movie_keyword",
                                "Relation Name": "movie_keyword",
                                "Alias": "mk",
                                "Startup Cost": 0.43,
                                "Total Cost": 1.24,
                                "Plan Rows": 46,
                                "Plan Width": 8,
                                "Actual Startup Time": 0.015,
                                "Actual Total Time": 0.024,
                                "Actual Rows": 22,
                                "Actual Loops": 8460,
                                "Index Cond": "(movie_id = ci.movie_id)",
                                "Rows Removed by Index Recheck": 0
                              }
                            ]
                          },
                          {
                            "Node Type": "Index Scan",
                            "Parent Relationship": "Inner",
                            "Parallel Aware": false,
                            "Scan Direction": "Forward",
                            "Index Name": "keyword_pkey",
                            "Relation Name": "keyword",
                            "Alias": "k",
                            "Startup Cost": 0.42,
                            "Total Cost": 0.45,
                            "Plan Rows": 1,
                            "Plan Width": 4,
                            "Actual Startup Time": 0.005,
                            "Actual Total Time": 0.005,
                            "Actual Rows": 0,
                            "Actual Loops": 185953,
                            "Index Cond": "(id = mk.keyword_id)",
                            "Rows Removed by Index Recheck": 0,
                            "Filter": "(keyword = ANY ('{murder-in-title,marvel-comics,hospital,fight,hero,tv-special,sequel,1001-nights}'::text[]))",
                            "Rows Removed by Filter": 1
                          }
                        ]
                      },
                      {
                        "Node Type": "Index Scan",
                        "Parent Relationship": "Inner",
                        "Parallel Aware": false,
                        "Scan Direction": "Forward",
                        "Index Name": "char_name_pkey",
                        "Relation Name": "char_name",
                        "Alias": "chn",
                        "Startup Cost": 0.43,
                        "Total Cost": 0.46,
                        "Plan Rows": 1,
                        "Plan Width": 4,
                        "Actual Startup Time": 0.012,
                        "Actual Total Time": 0.012,
                        "Actual Rows": 0,
                        "Actual Loops": 1091,
                        "Index Cond": "(id = ci.person_role_id)",
                        "Rows Removed by Index Recheck": 0,
                        "Filter": "((name !~~ '%Sherlock%'::text) AND (name ~~ '%The%'::text))",
                        "Rows Removed by Filter": 0
                      }
                    ]
                  },
                  {
                    "Node Type": "Index Scan",
                    "Parent Relationship": "Inner",
                    "Parallel Aware": false,
                    "Scan Direction": "Forward",
                    "Index Name": "title_pkey",
                    "Relation Name": "title",
                    "Alias": "t",
                    "Startup Cost": 0.43,
                    "Total Cost": 0.45,
                    "Plan Rows": 1,
                    "Plan Width": 25,
                    "Actual Startup Time": 0.048,
                    "Actual Total Time": 0.048,
                    "Actual Rows": 0,
                    "Actual Loops": 6,
                    "Index Cond": "(id = ci.movie_id)",
                    "Rows Removed by Index Recheck": 0,
                    "Filter": "(production_year > 1957)",
                    "Rows Removed by Filter": 0
                  }
                ]
              },
              {
                "Node Type": "Index Scan",
                "Parent Relationship": "Inner",
                "Parallel Aware": false,
                "Scan Direction": "Forward",
                "Index Name": "kind_type_pkey",
                "Relation Name": "kind_type",
                "Alias": "kt",
                "Startup Cost": 0.13,
                "Total Cost": 0.15,
                "Plan Rows": 1,
                "Plan Width": 4,
                "Actual Startup Time": 0.037,
                "Actual Total Time": 0.037,
                "Actual Rows": 1,
                "Actual Loops": 3,
                "Index Cond": "(id = t.kind_id)",
                "Rows Removed by Index Recheck": 0,
                "Filter": "((kind)::text = 'movie'::text)",
                "Rows Removed by Filter": 0
              }
            ]
          }
        ]
      }
    ]
  },
  "Planning Time": 2.946,
  "Triggers": [],
  "Execution Time": 11580.908
}