{
    "Plan": {
        "Node Type": "Aggregate",
        "Strategy": "Plain",
        "Partial Mode": "Finalize",
        "Parallel Aware": false,
        "Startup Cost": 245955.88,
        "Total Cost": 245955.89,
        "Plan Rows": 1,
        "Plan Width": 8,
        "Actual Startup Time": 407.23,
        "Actual Total Time": 448.003,
        "Actual Rows": 1,
        "Actual Loops": 1,
        "Output": [
            "count(*)"
        ],
        "Plans": [
            {
                "Node Type": "Gather",
                "Parent Relationship": "Outer",
                "Parallel Aware": false,
                "Startup Cost": 245955.35,
                "Total Cost": 245955.86,
                "Plan Rows": 5,
                "Plan Width": 8,
                "Actual Startup Time": 406.544,
                "Actual Total Time": 447.991,
                "Actual Rows": 6,
                "Actual Loops": 1,
                "Output": [
                    "(PARTIAL count(*))"
                ],
                "Workers Planned": 5,
                "Workers Launched": 5,
                "Single Copy": false,
                "Plans": [
                    {
                        "Node Type": "Aggregate",
                        "Strategy": "Plain",
                        "Partial Mode": "Partial",
                        "Parent Relationship": "Outer",
                        "Parallel Aware": false,
                        "Startup Cost": 244955.35,
                        "Total Cost": 244955.36,
                        "Plan Rows": 1,
                        "Plan Width": 8,
                        "Actual Startup Time": 396.429,
                        "Actual Total Time": 396.433,
                        "Actual Rows": 1,
                        "Actual Loops": 6,
                        "Output": [
                            "PARTIAL count(*)"
                        ],
                        "Workers": [
                            {
                                "Worker Number": 0,
                                "Actual Startup Time": 393.6,
                                "Actual Total Time": 393.603,
                                "Actual Rows": 1,
                                "Actual Loops": 1
                            },
                            {
                                "Worker Number": 1,
                                "Actual Startup Time": 394.542,
                                "Actual Total Time": 394.544,
                                "Actual Rows": 1,
                                "Actual Loops": 1
                            },
                            {
                                "Worker Number": 2,
                                "Actual Startup Time": 394.773,
                                "Actual Total Time": 394.776,
                                "Actual Rows": 1,
                                "Actual Loops": 1
                            },
                            {
                                "Worker Number": 3,
                                "Actual Startup Time": 394.881,
                                "Actual Total Time": 394.884,
                                "Actual Rows": 1,
                                "Actual Loops": 1
                            },
                            {
                                "Worker Number": 4,
                                "Actual Startup Time": 395.146,
                                "Actual Total Time": 395.15,
                                "Actual Rows": 1,
                                "Actual Loops": 1
                            }
                        ],
                        "Plans": [
                            {
                                "Node Type": "Hash Join",
                                "Parent Relationship": "Outer",
                                "Parallel Aware": true,
                                "Join Type": "Inner",
                                "Startup Cost": 45672.21,
                                "Total Cost": 244946.21,
                                "Plan Rows": 3659,
                                "Plan Width": 0,
                                "Actual Startup Time": 125.84,
                                "Actual Total Time": 396.002,
                                "Actual Rows": 8684,
                                "Actual Loops": 6,
                                "Inner Unique": true,
                                "Hash Cond": "(mi.movie_id = t.id)",
                                "Workers": [
                                    {
                                        "Worker Number": 0,
                                        "Actual Startup Time": 123.033,
                                        "Actual Total Time": 393.199,
                                        "Actual Rows": 8782,
                                        "Actual Loops": 1
                                    },
                                    {
                                        "Worker Number": 1,
                                        "Actual Startup Time": 123.951,
                                        "Actual Total Time": 394.11,
                                        "Actual Rows": 9410,
                                        "Actual Loops": 1
                                    },
                                    {
                                        "Worker Number": 2,
                                        "Actual Startup Time": 124.206,
                                        "Actual Total Time": 394.373,
                                        "Actual Rows": 9092,
                                        "Actual Loops": 1
                                    },
                                    {
                                        "Worker Number": 3,
                                        "Actual Startup Time": 124.205,
                                        "Actual Total Time": 394.433,
                                        "Actual Rows": 6076,
                                        "Actual Loops": 1
                                    },
                                    {
                                        "Worker Number": 4,
                                        "Actual Startup Time": 124.579,
                                        "Actual Total Time": 394.749,
                                        "Actual Rows": 7864,
                                        "Actual Loops": 1
                                    }
                                ],
                                "Plans": [
                                    {
                                        "Node Type": "Seq Scan",
                                        "Parent Relationship": "Outer",
                                        "Parallel Aware": true,
                                        "Relation Name": "movie_info",
                                        "Schema": "public",
                                        "Alias": "mi",
                                        "Startup Cost": 0.0,
                                        "Total Cost": 198880.74,
                                        "Plan Rows": 149814,
                                        "Plan Width": 4,
                                        "Actual Startup Time": 28.663,
                                        "Actual Total Time": 291.028,
                                        "Actual Rows": 133690,
                                        "Actual Loops": 6,
                                        "Output": [
                                            "mi.id",
                                            "mi.movie_id",
                                            "mi.info_type_id",
                                            "mi.info",
                                            "mi.note"
                                        ],
                                        "Filter": "(mi.info_type_id < 2)",
                                        "Rows Removed by Filter": 2338930,
                                        "Workers": [
                                            {
                                                "Worker Number": 0,
                                                "Actual Startup Time": 28.67,
                                                "Actual Total Time": 290.988,
                                                "Actual Rows": 134647,
                                                "Actual Loops": 1
                                            },
                                            {
                                                "Worker Number": 1,
                                                "Actual Startup Time": 28.66,
                                                "Actual Total Time": 290.643,
                                                "Actual Rows": 142459,
                                                "Actual Loops": 1
                                            },
                                            {
                                                "Worker Number": 2,
                                                "Actual Startup Time": 28.659,
                                                "Actual Total Time": 290.833,
                                                "Actual Rows": 143833,
                                                "Actual Loops": 1
                                            },
                                            {
                                                "Worker Number": 3,
                                                "Actual Startup Time": 28.654,
                                                "Actual Total Time": 291.264,
                                                "Actual Rows": 91966,
                                                "Actual Loops": 1
                                            },
                                            {
                                                "Worker Number": 4,
                                                "Actual Startup Time": 28.666,
                                                "Actual Total Time": 291.572,
                                                "Actual Rows": 125177,
                                                "Actual Loops": 1
                                            }
                                        ]
                                    },
                                    {
                                        "Node Type": "Hash",
                                        "Parent Relationship": "Inner",
                                        "Parallel Aware": true,
                                        "Startup Cost": 45479.21,
                                        "Total Cost": 45479.21,
                                        "Plan Rows": 15440,
                                        "Plan Width": 4,
                                        "Actual Startup Time": 85.31,
                                        "Actual Total Time": 85.311,
                                        "Actual Rows": 13886,
                                        "Actual Loops": 6,
                                        "Output": [
                                            "t.id"
                                        ],
                                        "Hash Buckets": 131072,
                                        "Original Hash Buckets": 65536,
                                        "Hash Batches": 1,
                                        "Original Hash Batches": 1,
                                        "Peak Memory Usage": 4864,
                                        "Workers": [
                                            {
                                                "Worker Number": 0,
                                                "Actual Startup Time": 83.211,
                                                "Actual Total Time": 83.212,
                                                "Actual Rows": 13462,
                                                "Actual Loops": 1
                                            },
                                            {
                                                "Worker Number": 1,
                                                "Actual Startup Time": 84.203,
                                                "Actual Total Time": 84.204,
                                                "Actual Rows": 14642,
                                                "Actual Loops": 1
                                            },
                                            {
                                                "Worker Number": 2,
                                                "Actual Startup Time": 84.372,
                                                "Actual Total Time": 84.373,
                                                "Actual Rows": 14629,
                                                "Actual Loops": 1
                                            },
                                            {
                                                "Worker Number": 3,
                                                "Actual Startup Time": 84.382,
                                                "Actual Total Time": 84.383,
                                                "Actual Rows": 9801,
                                                "Actual Loops": 1
                                            },
                                            {
                                                "Worker Number": 4,
                                                "Actual Startup Time": 84.882,
                                                "Actual Total Time": 84.883,
                                                "Actual Rows": 12663,
                                                "Actual Loops": 1
                                            }
                                        ],
                                        "Plans": [
                                            {
                                                "Node Type": "Seq Scan",
                                                "Parent Relationship": "Outer",
                                                "Parallel Aware": true,
                                                "Relation Name": "title",
                                                "Schema": "public",
                                                "Alias": "t",
                                                "Startup Cost": 0.0,
                                                "Total Cost": 45479.21,
                                                "Plan Rows": 15440,
                                                "Plan Width": 4,
                                                "Actual Startup Time": 52.065,
                                                "Actual Total Time": 78.202,
                                                "Actual Rows": 13886,
                                                "Actual Loops": 6,
                                                "Output": [
                                                    "t.id"
                                                ],
                                                "Filter": "((t.production_year > 2001) AND (t.kind_id = 4))",
                                                "Rows Removed by Filter": 407500,
                                                "Workers": [
                                                    {
                                                        "Worker Number": 0,
                                                        "Actual Startup Time": 49.014,
                                                        "Actual Total Time": 76.437,
                                                        "Actual Rows": 13462,
                                                        "Actual Loops": 1
                                                    },
                                                    {
                                                        "Worker Number": 1,
                                                        "Actual Startup Time": 49.588,
                                                        "Actual Total Time": 77.03,
                                                        "Actual Rows": 14642,
                                                        "Actual Loops": 1
                                                    },
                                                    {
                                                        "Worker Number": 2,
                                                        "Actual Startup Time": 50.489,
                                                        "Actual Total Time": 77.178,
                                                        "Actual Rows": 14629,
                                                        "Actual Loops": 1
                                                    },
                                                    {
                                                        "Worker Number": 3,
                                                        "Actual Startup Time": 54.389,
                                                        "Actual Total Time": 76.81,
                                                        "Actual Rows": 9801,
                                                        "Actual Loops": 1
                                                    },
                                                    {
                                                        "Worker Number": 4,
                                                        "Actual Startup Time": 50.717,
                                                        "Actual Total Time": 77.967,
                                                        "Actual Rows": 12663,
                                                        "Actual Loops": 1
                                                    }
                                                ]
                                            }
                                        ]
                                    }
                                ]
                            }
                        ]
                    }
                ]
            }
        ]
    },
    "Planning Time": 0.86,
    "Triggers": [],
    "Execution Time": 448.091
}