[
  {
    "Plan": {
      "Node Type": "Aggregate",
      "Strategy": "Plain",
      "Partial Mode": "Finalize",
      "Parallel Aware": false,
      "Startup Cost": 32691.58,
      "Total Cost": 32691.59,
      "Plan Rows": 1,
      "Plan Width": 8,
      "Actual Startup Time": 104.982,
      "Actual Total Time": 113.25,
      "Actual Rows": 1,
      "Actual Loops": 1,
      "Plans": [
        {
          "Node Type": "Gather",
          "Parent Relationship": "Outer",
          "Parallel Aware": false,
          "Startup Cost": 32691.27,
          "Total Cost": 32691.58,
          "Plan Rows": 3,
          "Plan Width": 8,
          "Actual Startup Time": 104.875,
          "Actual Total Time": 113.238,
          "Actual Rows": 4,
          "Actual Loops": 1,
          "Workers Planned": 3,
          "Workers Launched": 3,
          "Single Copy": false,
          "Plans": [
            {
              "Node Type": "Aggregate",
              "Strategy": "Plain",
              "Partial Mode": "Partial",
              "Parent Relationship": "Outer",
              "Parallel Aware": false,
              "Startup Cost": 31691.27,
              "Total Cost": 31691.28,
              "Plan Rows": 1,
              "Plan Width": 8,
              "Actual Startup Time": 97.049,
              "Actual Total Time": 97.05,
              "Actual Rows": 1,
              "Actual Loops": 4,
              "Plans": [
                {
                  "Node Type": "Seq Scan",
                  "Parent Relationship": "Outer",
                  "Parallel Aware": true,
                  "Relation Name": "movie_companies",
                  "Alias": "mc",
                  "Startup Cost": 0.0,
                  "Total Cost": 31414.82,
                  "Plan Rows": 110579,
                  "Plan Width": 0,
                  "Actual Startup Time": 0.056,
                  "Actual Total Time": 86.889,
                  "Actual Rows": 123559,
                  "Actual Loops": 4,
                  "Filter": "((company_id < 1284) AND (company_type_id = 1))",
                  "Rows Removed by Filter": 528723
                }
              ]
            }
          ]
        }
      ]
    },
    "Planning Time": 0.181,
    "Triggers": [],
    "Execution Time": 113.308
  }
]