{
  "Plan": {
    "Node Type": "Aggregate",
    "Strategy": "Plain",
    "Partial Mode": "Finalize",
    "Parallel Aware": false,
    "Startup Cost": 134482.83,
    "Total Cost": 134482.84,
    "Plan Rows": 1,
    "Plan Width": 8,
    "Actual Startup Time": 1155.161,
    "Actual Total Time": 1180.055,
    "Actual Rows": 1,
    "Actual Loops": 1,
    "Plans": [
      {
        "Node Type": "Gather",
        "Parent Relationship": "Outer",
        "Parallel Aware": false,
        "Startup Cost": 134482.71,
        "Total Cost": 134482.82,
        "Plan Rows": 1,
        "Plan Width": 8,
        "Actual Startup Time": 1147.145,
        "Actual Total Time": 1180.04,
        "Actual Rows": 2,
        "Actual Loops": 1,
        "Workers Planned": 1,
        "Workers Launched": 1,
        "Single Copy": false,
        "Plans": [
          {
            "Node Type": "Aggregate",
            "Strategy": "Plain",
            "Partial Mode": "Partial",
            "Parent Relationship": "Outer",
            "Parallel Aware": false,
            "Startup Cost": 133482.71,
            "Total Cost": 133482.72,
            "Plan Rows": 1,
            "Plan Width": 8,
            "Actual Startup Time": 1140.642,
            "Actual Total Time": 1140.648,
            "Actual Rows": 1,
            "Actual Loops": 2,
            "Plans": [
              {
                "Node Type": "Hash Join",
                "Parent Relationship": "Outer",
                "Parallel Aware": true,
                "Join Type": "Inner",
                "Startup Cost": 113013.66,
                "Total Cost": 133073.52,
                "Plan Rows": 163678,
                "Plan Width": 0,
                "Actual Startup Time": 906.797,
                "Actual Total Time": 1113.392,
                "Actual Rows": 527286,
                "Actual Loops": 2,
                "Inner Unique": false,
                "Hash Cond": "(mi_idx.movie_id = t.id)",
                "Plans": [
                  {
                    "Node Type": "Seq Scan",
                    "Parent Relationship": "Outer",
                    "Parallel Aware": true,
                    "Relation Name": "movie_info_idx",
                    "Alias": "mi_idx",
                    "Startup Cost": 0.0,
                    "Total Cost": 16052.85,
                    "Plan Rows": 811785,
                    "Plan Width": 4,
                    "Actual Startup Time": 0.032,
                    "Actual Total Time": 59.886,
                    "Actual Rows": 690018,
                    "Actual Loops": 2
                  },
                  {
                    "Node Type": "Hash",
                    "Parent Relationship": "Inner",
                    "Parallel Aware": true,
                    "Startup Cost": 109265.34,
                    "Total Cost": 109265.34,
                    "Plan Rows": 299866,
                    "Plan Width": 8,
                    "Actual Startup Time": 900.983,
                    "Actual Total Time": 900.987,
                    "Actual Rows": 260439,
                    "Actual Loops": 2,
                    "Hash Buckets": 524288,
                    "Original Hash Buckets": 524288,
                    "Hash Batches": 1,
                    "Original Hash Batches": 1,
                    "Peak Memory Usage": 24512,
                    "Plans": [
                      {
                        "Node Type": "Hash Join",
                        "Parent Relationship": "Outer",
                        "Parallel Aware": true,
                        "Join Type": "Inner",
                        "Startup Cost": 80275.86,
                        "Total Cost": 109265.34,
                        "Plan Rows": 299866,
                        "Plan Width": 8,
                        "Actual Startup Time": 654.133,
                        "Actual Total Time": 837.108,
                        "Actual Rows": 260439,
                        "Actual Loops": 2,
                        "Inner Unique": true,
                        "Hash Cond": "(mk.movie_id = t.id)",
                        "Plans": [
                          {
                            "Node Type": "Bitmap Heap Scan",
                            "Parent Relationship": "Outer",
                            "Parallel Aware": true,
                            "Relation Name": "movie_keyword",
                            "Alias": "mk",
                            "Startup Cost": 10815.17,
                            "Total Cost": 39017.49,
                            "Plan Rows": 299866,
                            "Plan Width": 4,
                            "Actual Startup Time": 26.654,
                            "Actual Total Time": 107.235,
                            "Actual Rows": 260439,
                            "Actual Loops": 2,
                            "Recheck Cond": "(keyword_id < 382)",
                            "Rows Removed by Index Recheck": 0,
                            "Exact Heap Blocks": 14957,
                            "Lossy Heap Blocks": 0,
                            "Plans": [
                              {
                                "Node Type": "Bitmap Index Scan",
                                "Parent Relationship": "Outer",
                                "Parallel Aware": false,
                                "Index Name": "keyword_id_movie_keyword",
                                "Startup Cost": 0.0,
                                "Total Cost": 10687.72,
                                "Plan Rows": 509772,
                                "Plan Width": 0,
                                "Actual Startup Time": 22.883,
                                "Actual Total Time": 22.883,
                                "Actual Rows": 520878,
                                "Actual Loops": 1,
                                "Index Cond": "(keyword_id < 382)"
                              }
                            ]
                          },
                          {
                            "Node Type": "Hash",
                            "Parent Relationship": "Inner",
                            "Parallel Aware": true,
                            "Startup Cost": 50870.31,
                            "Total Cost": 50870.31,
                            "Plan Rows": 1487231,
                            "Plan Width": 4,
                            "Actual Startup Time": 608.418,
                            "Actual Total Time": 608.419,
                            "Actual Rows": 1264156,
                            "Actual Loops": 2,
                            "Hash Buckets": 4194304,
                            "Original Hash Buckets": 4194304,
                            "Hash Batches": 1,
                            "Original Hash Batches": 1,
                            "Peak Memory Usage": 131712,
                            "Plans": [
                              {
                                "Node Type": "Seq Scan",
                                "Parent Relationship": "Outer",
                                "Parallel Aware": true,
                                "Relation Name": "title",
                                "Alias": "t",
                                "Startup Cost": 0.0,
                                "Total Cost": 50870.31,
                                "Plan Rows": 1487231,
                                "Plan Width": 4,
                                "Actual Startup Time": 0.039,
                                "Actual Total Time": 186.899,
                                "Actual Rows": 1264156,
                                "Actual Loops": 2
                              }
                            ]
                          }
                        ]
                      }
                    ]
                  }
                ]
              }
            ]
          }
        ]
      }
    ]
  },
  "Planning Time": 0.977,
  "Triggers": [],
  "Execution Time": 1180.151
}