[
  {
    "Plan": {
      "Node Type": "Aggregate",
      "Strategy": "Plain",
      "Partial Mode": "Finalize",
      "Parallel Aware": false,
      "Startup Cost": 105019.11,
      "Total Cost": 105019.12,
      "Plan Rows": 1,
      "Plan Width": 8,
      "Actual Startup Time": 434.923,
      "Actual Total Time": 446.919,
      "Actual Rows": 1,
      "Actual Loops": 1,
      "Plans": [
        {
          "Node Type": "Gather",
          "Parent Relationship": "Outer",
          "Parallel Aware": false,
          "Startup Cost": 105018.79,
          "Total Cost": 105019.1,
          "Plan Rows": 3,
          "Plan Width": 8,
          "Actual Startup Time": 432.563,
          "Actual Total Time": 446.91,
          "Actual Rows": 4,
          "Actual Loops": 1,
          "Workers Planned": 3,
          "Workers Launched": 3,
          "Single Copy": false,
          "Plans": [
            {
              "Node Type": "Aggregate",
              "Strategy": "Plain",
              "Partial Mode": "Partial",
              "Parent Relationship": "Outer",
              "Parallel Aware": false,
              "Startup Cost": 104018.79,
              "Total Cost": 104018.8,
              "Plan Rows": 1,
              "Plan Width": 8,
              "Actual Startup Time": 429.906,
              "Actual Total Time": 430.087,
              "Actual Rows": 1,
              "Actual Loops": 4,
              "Plans": [
                {
                  "Node Type": "Hash Join",
                  "Parent Relationship": "Outer",
                  "Parallel Aware": true,
                  "Join Type": "Inner",
                  "Startup Cost": 76374.09,
                  "Total Cost": 103933.78,
                  "Plan Rows": 34004,
                  "Plan Width": 0,
                  "Actual Startup Time": 333.595,
                  "Actual Total Time": 424.976,
                  "Actual Rows": 99404,
                  "Actual Loops": 4,
                  "Inner Unique": false,
                  "Hash Cond": "(mk.movie_id = t.id)",
                  "Plans": [
                    {
                      "Node Type": "Bitmap Heap Scan",
                      "Parent Relationship": "Outer",
                      "Parallel Aware": true,
                      "Relation Name": "movie_keyword",
                      "Alias": "mk",
                      "Startup Cost": 12226.39,
                      "Total Cost": 39003.99,
                      "Plan Rows": 185888,
                      "Plan Width": 4,
                      "Actual Startup Time": 43.847,
                      "Actual Total Time": 92.347,
                      "Actual Rows": 145626,
                      "Actual Loops": 4,
                      "Recheck Cond": "(keyword_id < 413)",
                      "Rows Removed by Index Recheck": 0,
                      "Exact Heap Blocks": 6469,
                      "Lossy Heap Blocks": 0,
                      "Plans": [
                        {
                          "Node Type": "Bitmap Index Scan",
                          "Parent Relationship": "Outer",
                          "Parallel Aware": false,
                          "Index Name": "keyword_id_movie_keyword",
                          "Startup Cost": 0.0,
                          "Total Cost": 12082.33,
                          "Plan Rows": 576253,
                          "Plan Width": 0,
                          "Actual Startup Time": 40.175,
                          "Actual Total Time": 40.175,
                          "Actual Rows": 582506,
                          "Actual Loops": 1,
                          "Index Cond": "(keyword_id < 413)"
                        }
                      ]
                    },
                    {
                      "Node Type": "Hash",
                      "Parent Relationship": "Inner",
                      "Parallel Aware": true,
                      "Startup Cost": 62702.39,
                      "Total Cost": 62702.39,
                      "Plan Rows": 115624,
                      "Plan Width": 8,
                      "Actual Startup Time": 288.405,
                      "Actual Total Time": 288.584,
                      "Actual Rows": 114981,
                      "Actual Loops": 4,
                      "Hash Buckets": 524288,
                      "Original Hash Buckets": 524288,
                      "Hash Batches": 1,
                      "Original Hash Batches": 1,
                      "Peak Memory Usage": 22176,
                      "Plans": [
                        {
                          "Node Type": "Hash Join",
                          "Parent Relationship": "Outer",
                          "Parallel Aware": true,
                          "Join Type": "Inner",
                          "Startup Cost": 17531.52,
                          "Total Cost": 62702.39,
                          "Plan Rows": 115624,
                          "Plan Width": 8,
                          "Actual Startup Time": 62.158,
                          "Actual Total Time": 255.575,
                          "Actual Rows": 114981,
                          "Actual Loops": 4,
                          "Inner Unique": false,
                          "Hash Cond": "(t.id = mi_idx.movie_id)",
                          "Plans": [
                            {
                              "Node Type": "Seq Scan",
                              "Parent Relationship": "Outer",
                              "Parallel Aware": true,
                              "Relation Name": "title",
                              "Alias": "t",
                              "Startup Cost": 0.0,
                              "Total Cost": 42318.81,
                              "Plan Rows": 632080,
                              "Plan Width": 4,
                              "Actual Startup Time": 0.007,
                              "Actual Total Time": 63.474,
                              "Actual Rows": 632078,
                              "Actual Loops": 4
                            },
                            {
                              "Node Type": "Hash",
                              "Parent Relationship": "Inner",
                              "Parallel Aware": true,
                              "Startup Cost": 15122.68,
                              "Total Cost": 15122.68,
                              "Plan Rows": 192707,
                              "Plan Width": 4,
                              "Actual Startup Time": 61.262,
                              "Actual Total Time": 61.263,
                              "Actual Rows": 114981,
                              "Actual Loops": 4,
                              "Hash Buckets": 524288,
                              "Original Hash Buckets": 524288,
                              "Hash Batches": 1,
                              "Original Hash Batches": 1,
                              "Peak Memory Usage": 22176,
                              "Plans": [
                                {
                                  "Node Type": "Seq Scan",
                                  "Parent Relationship": "Outer",
                                  "Parallel Aware": true,
                                  "Relation Name": "movie_info_idx",
                                  "Alias": "mi_idx",
                                  "Startup Cost": 0.0,
                                  "Total Cost": 15122.68,
                                  "Plan Rows": 192707,
                                  "Plan Width": 4,
                                  "Actual Startup Time": 0.022,
                                  "Actual Total Time": 34.043,
                                  "Actual Rows": 114981,
                                  "Actual Loops": 4,
                                  "Filter": "(info_type_id = 100)",
                                  "Rows Removed by Filter": 230028
                                }
                              ]
                            }
                          ]
                        }
                      ]
                    }
                  ]
                }
              ]
            }
          ]
        }
      ]
    },
    "Planning Time": 0.5,
    "Triggers": [],
    "Execution Time": 446.967
  }
]