{
  "Plan": {
    "Node Type": "Aggregate",
    "Strategy": "Plain",
    "Partial Mode": "Finalize",
    "Parallel Aware": false,
    "Startup Cost": 130322.77,
    "Total Cost": 130322.78,
    "Plan Rows": 1,
    "Plan Width": 8,
    "Actual Startup Time": 820.784,
    "Actual Total Time": 844.841,
    "Actual Rows": 1,
    "Actual Loops": 1,
    "Plans": [
      {
        "Node Type": "Gather",
        "Parent Relationship": "Outer",
        "Parallel Aware": false,
        "Startup Cost": 130322.66,
        "Total Cost": 130322.77,
        "Plan Rows": 1,
        "Plan Width": 8,
        "Actual Startup Time": 814.777,
        "Actual Total Time": 844.834,
        "Actual Rows": 2,
        "Actual Loops": 1,
        "Workers Planned": 1,
        "Workers Launched": 1,
        "Single Copy": false,
        "Plans": [
          {
            "Node Type": "Aggregate",
            "Strategy": "Plain",
            "Partial Mode": "Partial",
            "Parent Relationship": "Outer",
            "Parallel Aware": false,
            "Startup Cost": 129322.66,
            "Total Cost": 129322.67,
            "Plan Rows": 1,
            "Plan Width": 8,
            "Actual Startup Time": 808.698,
            "Actual Total Time": 808.704,
            "Actual Rows": 1,
            "Actual Loops": 2,
            "Plans": [
              {
                "Node Type": "Hash Join",
                "Parent Relationship": "Outer",
                "Parallel Aware": true,
                "Join Type": "Inner",
                "Startup Cost": 109841.99,
                "Total Cost": 129208.73,
                "Plan Rows": 45572,
                "Plan Width": 0,
                "Actual Startup Time": 719.696,
                "Actual Total Time": 802.459,
                "Actual Rows": 159279,
                "Actual Loops": 2,
                "Inner Unique": false,
                "Hash Cond": "(mi_idx.movie_id = t.id)",
                "Plans": [
                  {
                    "Node Type": "Seq Scan",
                    "Parent Relationship": "Outer",
                    "Parallel Aware": true,
                    "Relation Name": "movie_info_idx",
                    "Alias": "mi_idx",
                    "Startup Cost": 0.0,
                    "Total Cost": 18082.32,
                    "Plan Rows": 271028,
                    "Plan Width": 4,
                    "Actual Startup Time": 0.026,
                    "Actual Total Time": 49.799,
                    "Actual Rows": 229962,
                    "Actual Loops": 2,
                    "Filter": "(info_type_id = 101)",
                    "Rows Removed by Filter": 460055
                  },
                  {
                    "Node Type": "Hash",
                    "Parent Relationship": "Inner",
                    "Parallel Aware": true,
                    "Startup Cost": 106716.11,
                    "Total Cost": 106716.11,
                    "Plan Rows": 250070,
                    "Plan Width": 8,
                    "Actual Startup Time": 700.649,
                    "Actual Total Time": 700.653,
                    "Actual Rows": 205802,
                    "Actual Loops": 2,
                    "Hash Buckets": 524288,
                    "Original Hash Buckets": 524288,
                    "Hash Batches": 1,
                    "Original Hash Batches": 1,
                    "Peak Memory Usage": 20224,
                    "Plans": [
                      {
                        "Node Type": "Hash Join",
                        "Parent Relationship": "Outer",
                        "Parallel Aware": true,
                        "Join Type": "Inner",
                        "Startup Cost": 78479.8,
                        "Total Cost": 106716.11,
                        "Plan Rows": 250070,
                        "Plan Width": 8,
                        "Actual Startup Time": 542.139,
                        "Actual Total Time": 660.229,
                        "Actual Rows": 205802,
                        "Actual Loops": 2,
                        "Inner Unique": true,
                        "Hash Cond": "(mk.movie_id = t.id)",
                        "Plans": [
                          {
                            "Node Type": "Bitmap Heap Scan",
                            "Parent Relationship": "Outer",
                            "Parallel Aware": true,
                            "Relation Name": "movie_keyword",
                            "Alias": "mk",
                            "Startup Cost": 9019.1,
                            "Total Cost": 36598.98,
                            "Plan Rows": 250070,
                            "Plan Width": 4,
                            "Actual Startup Time": 24.08,
                            "Actual Total Time": 84.299,
                            "Actual Rows": 205802,
                            "Actual Loops": 2,
                            "Recheck Cond": "(keyword_id > 42033)",
                            "Rows Removed by Index Recheck": 0,
                            "Exact Heap Blocks": 12658,
                            "Lossy Heap Blocks": 0,
                            "Plans": [
                              {
                                "Node Type": "Bitmap Index Scan",
                                "Parent Relationship": "Outer",
                                "Parallel Aware": false,
                                "Index Name": "keyword_id_movie_keyword",
                                "Startup Cost": 0.0,
                                "Total Cost": 8912.83,
                                "Plan Rows": 425119,
                                "Plan Width": 0,
                                "Actual Startup Time": 20.817,
                                "Actual Total Time": 20.817,
                                "Actual Rows": 411603,
                                "Actual Loops": 1,
                                "Index Cond": "(keyword_id > 42033)"
                              }
                            ]
                          },
                          {
                            "Node Type": "Hash",
                            "Parent Relationship": "Inner",
                            "Parallel Aware": true,
                            "Startup Cost": 50870.31,
                            "Total Cost": 50870.31,
                            "Plan Rows": 1487231,
                            "Plan Width": 4,
                            "Actual Startup Time": 500.135,
                            "Actual Total Time": 500.136,
                            "Actual Rows": 1264156,
                            "Actual Loops": 2,
                            "Hash Buckets": 4194304,
                            "Original Hash Buckets": 4194304,
                            "Hash Batches": 1,
                            "Original Hash Batches": 1,
                            "Peak Memory Usage": 131712,
                            "Plans": [
                              {
                                "Node Type": "Seq Scan",
                                "Parent Relationship": "Outer",
                                "Parallel Aware": true,
                                "Relation Name": "title",
                                "Alias": "t",
                                "Startup Cost": 0.0,
                                "Total Cost": 50870.31,
                                "Plan Rows": 1487231,
                                "Plan Width": 4,
                                "Actual Startup Time": 0.037,
                                "Actual Total Time": 149.786,
                                "Actual Rows": 1264156,
                                "Actual Loops": 2
                              }
                            ]
                          }
                        ]
                      }
                    ]
                  }
                ]
              }
            ]
          }
        ]
      }
    ]
  },
  "Planning Time": 0.898,
  "Triggers": [],
  "Execution Time": 844.937
}