{
  "Plan": {
    "Node Type": "Aggregate",
    "Strategy": "Plain",
    "Partial Mode": "Simple",
    "Parallel Aware": false,
    "Startup Cost": 719151.66,
    "Total Cost": 719151.67,
    "Plan Rows": 1,
    "Plan Width": 64,
    "Actual Startup Time": 3287.41,
    "Actual Total Time": 3287.547,
    "Actual Rows": 1,
    "Actual Loops": 1,
    "Plans": [
      {
        "Node Type": "Nested Loop",
        "Parent Relationship": "Outer",
        "Parallel Aware": false,
        "Join Type": "Inner",
        "Startup Cost": 706416.06,
        "Total Cost": 719148.82,
        "Plan Rows": 568,
        "Plan Width": 38,
        "Actual Startup Time": 3287.406,
        "Actual Total Time": 3287.543,
        "Actual Rows": 0,
        "Actual Loops": 1,
        "Inner Unique": false,
        "Join Filter": "(mc.company_type_id = ct.id)",
        "Rows Removed by Join Filter": 0,
        "Plans": [
          {
            "Node Type": "Seq Scan",
            "Parent Relationship": "Outer",
            "Parallel Aware": false,
            "Relation Name": "company_type",
            "Alias": "ct",
            "Startup Cost": 0.0,
            "Total Cost": 1.04,
            "Plan Rows": 4,
            "Plan Width": 4,
            "Actual Startup Time": 0.007,
            "Actual Total Time": 0.01,
            "Actual Rows": 4,
            "Actual Loops": 1
          },
          {
            "Node Type": "Materialize",
            "Parent Relationship": "Inner",
            "Parallel Aware": false,
            "Startup Cost": 706416.06,
            "Total Cost": 719115.12,
            "Plan Rows": 568,
            "Plan Width": 42,
            "Actual Startup Time": 821.848,
            "Actual Total Time": 821.882,
            "Actual Rows": 0,
            "Actual Loops": 4,
            "Plans": [
              {
                "Node Type": "Merge Join",
                "Parent Relationship": "Outer",
                "Parallel Aware": false,
                "Join Type": "Inner",
                "Startup Cost": 706416.06,
                "Total Cost": 719112.28,
                "Plan Rows": 568,
                "Plan Width": 42,
                "Actual Startup Time": 3287.391,
                "Actual Total Time": 3287.527,
                "Actual Rows": 0,
                "Actual Loops": 1,
                "Inner Unique": false,
                "Merge Cond": "(cn.id = mc.company_id)",
                "Plans": [
                  {
                    "Node Type": "Index Scan",
                    "Parent Relationship": "Outer",
                    "Parallel Aware": false,
                    "Scan Direction": "Forward",
                    "Index Name": "company_name_pkey",
                    "Relation Name": "company_name",
                    "Alias": "cn",
                    "Startup Cost": 0.42,
                    "Total Cost": 12474.79,
                    "Plan Rows": 84928,
                    "Plan Width": 4,
                    "Actual Startup Time": 0.011,
                    "Actual Total Time": 0.011,
                    "Actual Rows": 1,
                    "Actual Loops": 1,
                    "Filter": "((country_code)::text = '[us]'::text)",
                    "Rows Removed by Filter": 0
                  },
                  {
                    "Node Type": "Sort",
                    "Parent Relationship": "Inner",
                    "Parallel Aware": false,
                    "Startup Cost": 706415.64,
                    "Total Cost": 706419.57,
                    "Plan Rows": 1575,
                    "Plan Width": 46,
                    "Actual Startup Time": 3287.379,
                    "Actual Total Time": 3287.514,
                    "Actual Rows": 0,
                    "Actual Loops": 1,
                    "Sort Key": [
                      "mc.company_id"
                    ],
                    "Sort Method": "quicksort",
                    "Sort Space Used": 25,
                    "Sort Space Type": "Memory",
                    "Plans": [
                      {
                        "Node Type": "Hash Join",
                        "Parent Relationship": "Outer",
                        "Parallel Aware": false,
                        "Join Type": "Inner",
                        "Startup Cost": 651663.45,
                        "Total Cost": 706331.99,
                        "Plan Rows": 1575,
                        "Plan Width": 46,
                        "Actual Startup Time": 3287.37,
                        "Actual Total Time": 3287.505,
                        "Actual Rows": 0,
                        "Actual Loops": 1,
                        "Inner Unique": false,
                        "Hash Cond": "(mc.movie_id = t.id)",
                        "Plans": [
                          {
                            "Node Type": "Seq Scan",
                            "Parent Relationship": "Outer",
                            "Parallel Aware": false,
                            "Relation Name": "movie_companies",
                            "Alias": "mc",
                            "Startup Cost": 0.0,
                            "Total Cost": 44881.29,
                            "Plan Rows": 2609129,
                            "Plan Width": 12,
                            "Actual Startup Time": 0.005,
                            "Actual Total Time": 0.006,
                            "Actual Rows": 1,
                            "Actual Loops": 1
                          },
                          {
                            "Node Type": "Hash",
                            "Parent Relationship": "Inner",
                            "Parallel Aware": false,
                            "Startup Cost": 651659.79,
                            "Total Cost": 651659.79,
                            "Plan Rows": 293,
                            "Plan Width": 54,
                            "Actual Startup Time": 3287.355,
                            "Actual Total Time": 3287.489,
                            "Actual Rows": 0,
                            "Actual Loops": 1,
                            "Hash Buckets": 1024,
                            "Original Hash Buckets": 1024,
                            "Hash Batches": 1,
                            "Original Hash Batches": 1,
                            "Peak Memory Usage": 8,
                            "Plans": [
                              {
                                "Node Type": "Nested Loop",
                                "Parent Relationship": "Outer",
                                "Parallel Aware": false,
                                "Join Type": "Inner",
                                "Startup Cost": 248884.54,
                                "Total Cost": 651659.79,
                                "Plan Rows": 293,
                                "Plan Width": 54,
                                "Actual Startup Time": 3287.354,
                                "Actual Total Time": 3287.487,
                                "Actual Rows": 0,
                                "Actual Loops": 1,
                                "Inner Unique": true,
                                "Plans": [
                                  {
                                    "Node Type": "Hash Join",
                                    "Parent Relationship": "Outer",
                                    "Parallel Aware": false,
                                    "Join Type": "Inner",
                                    "Startup Cost": 248884.12,
                                    "Total Cost": 651531.22,
                                    "Plan Rows": 293,
                                    "Plan Width": 58,
                                    "Actual Startup Time": 3287.353,
                                    "Actual Total Time": 3287.486,
                                    "Actual Rows": 0,
                                    "Actual Loops": 1,
                                    "Inner Unique": true,
                                    "Hash Cond": "(mi.info_type_id = it1.id)",
                                    "Plans": [
                                      {
                                        "Node Type": "Hash Join",
                                        "Parent Relationship": "Outer",
                                        "Parallel Aware": false,
                                        "Join Type": "Inner",
                                        "Startup Cost": 248881.69,
                                        "Total Cost": 651438.37,
                                        "Plan Rows": 33204,
                                        "Plan Width": 62,
                                        "Actual Startup Time": 949.854,
                                        "Actual Total Time": 3287.373,
                                        "Actual Rows": 1355,
                                        "Actual Loops": 1,
                                        "Inner Unique": true,
                                        "Hash Cond": "(at.movie_id = t.id)",
                                        "Plans": [
                                          {
                                            "Node Type": "Merge Join",
                                            "Parent Relationship": "Outer",
                                            "Parallel Aware": false,
                                            "Join Type": "Inner",
                                            "Startup Cost": 201930.11,
                                            "Total Cost": 603606.77,
                                            "Plan Rows": 335244,
                                            "Plan Width": 41,
                                            "Actual Startup Time": 486.674,
                                            "Actual Total Time": 3127.151,
                                            "Actual Rows": 12582,
                                            "Actual Loops": 1,
                                            "Inner Unique": false,
                                            "Merge Cond": "(at.movie_id = mi.movie_id)",
                                            "Plans": [
                                              {
                                                "Node Type": "Merge Join",
                                                "Parent Relationship": "Outer",
                                                "Parallel Aware": false,
                                                "Join Type": "Inner",
                                                "Startup Cost": 1.41,
                                                "Total Cost": 368468.1,
                                                "Plan Rows": 11272694,
                                                "Plan Width": 33,
                                                "Actual Startup Time": 0.234,
                                                "Actual Total Time": 2335.692,
                                                "Actual Rows": 6547234,
                                                "Actual Loops": 1,
                                                "Inner Unique": false,
                                                "Merge Cond": "(at.movie_id = mk.movie_id)",
                                                "Plans": [
                                                  {
                                                    "Node Type": "Index Scan",
                                                    "Parent Relationship": "Outer",
                                                    "Parallel Aware": false,
                                                    "Scan Direction": "Forward",
                                                    "Index Name": "movie_id_aka_title",
                                                    "Relation Name": "aka_title",
                                                    "Alias": "at",
                                                    "Startup Cost": 0.42,
                                                    "Total Cost": 21375.62,
                                                    "Plan Rows": 361472,
                                                    "Plan Width": 25,
                                                    "Actual Startup Time": 0.023,
                                                    "Actual Total Time": 229.528,
                                                    "Actual Rows": 361472,
                                                    "Actual Loops": 1
                                                  },
                                                  {
                                                    "Node Type": "Materialize",
                                                    "Parent Relationship": "Inner",
                                                    "Parallel Aware": false,
                                                    "Startup Cost": 0.43,
                                                    "Total Cost": 188466.64,
                                                    "Plan Rows": 4523930,
                                                    "Plan Width": 8,
                                                    "Actual Startup Time": 0.025,
                                                    "Actual Total Time": 1170.102,
                                                    "Actual Rows": 8782192,
                                                    "Actual Loops": 1,
                                                    "Plans": [
                                                      {
                                                        "Node Type": "Index Scan",
                                                        "Parent Relationship": "Outer",
                                                        "Parallel Aware": false,
                                                        "Scan Direction": "Forward",
                                                        "Index Name": "movie_id_movie_keyword",
                                                        "Relation Name": "movie_keyword",
                                                        "Alias": "mk",
                                                        "Startup Cost": 0.43,
                                                        "Total Cost": 177156.82,
                                                        "Plan Rows": 4523930,
                                                        "Plan Width": 8,
                                                        "Actual Startup Time": 0.016,
                                                        "Actual Total Time": 598.109,
                                                        "Actual Rows": 4523869,
                                                        "Actual Loops": 1
                                                      }
                                                    ]
                                                  }
                                                ]
                                              },
                                              {
                                                "Node Type": "Sort",
                                                "Parent Relationship": "Inner",
                                                "Parallel Aware": false,
                                                "Startup Cost": 201928.24,
                                                "Total Cost": 201955.66,
                                                "Plan Rows": 10968,
                                                "Plan Width": 8,
                                                "Actual Startup Time": 486.207,
                                                "Actual Total Time": 488.237,
                                                "Actual Rows": 23041,
                                                "Actual Loops": 1,
                                                "Sort Key": [
                                                  "mi.movie_id"
                                                ],
                                                "Sort Method": "quicksort",
                                                "Sort Space Used": 891,
                                                "Sort Space Type": "Memory",
                                                "Plans": [
                                                  {
                                                    "Node Type": "Gather",
                                                    "Parent Relationship": "Outer",
                                                    "Parallel Aware": false,
                                                    "Startup Cost": 1000.0,
                                                    "Total Cost": 201192.23,
                                                    "Plan Rows": 10968,
                                                    "Plan Width": 8,
                                                    "Actual Startup Time": 36.303,
                                                    "Actual Total Time": 483.332,
                                                    "Actual Rows": 10810,
                                                    "Actual Loops": 1,
                                                    "Workers Planned": 5,
                                                    "Workers Launched": 5,
                                                    "Single Copy": false,
                                                    "Plans": [
                                                      {
                                                        "Node Type": "Seq Scan",
                                                        "Parent Relationship": "Outer",
                                                        "Parallel Aware": true,
                                                        "Relation Name": "movie_info",
                                                        "Alias": "mi",
                                                        "Startup Cost": 0.0,
                                                        "Total Cost": 199095.43,
                                                        "Plan Rows": 2194,
                                                        "Plan Width": 8,
                                                        "Actual Startup Time": 49.427,
                                                        "Actual Total Time": 472.523,
                                                        "Actual Rows": 1802,
                                                        "Actual Loops": 6,
                                                        "Filter": "(note ~~ '%internet%'::text)",
                                                        "Rows Removed by Filter": 2470818
                                                      }
                                                    ]
                                                  }
                                                ]
                                              }
                                            ]
                                          },
                                          {
                                            "Node Type": "Hash",
                                            "Parent Relationship": "Inner",
                                            "Parallel Aware": false,
                                            "Startup Cost": 43821.37,
                                            "Total Cost": 43821.37,
                                            "Plan Rows": 250417,
                                            "Plan Width": 21,
                                            "Actual Startup Time": 158.38,
                                            "Actual Total Time": 158.381,
                                            "Actual Rows": 241400,
                                            "Actual Loops": 1,
                                            "Hash Buckets": 262144,
                                            "Original Hash Buckets": 262144,
                                            "Hash Batches": 1,
                                            "Original Hash Batches": 1,
                                            "Peak Memory Usage": 15492,
                                            "Plans": [
                                              {
                                                "Node Type": "Bitmap Heap Scan",
                                                "Parent Relationship": "Outer",
                                                "Parallel Aware": false,
                                                "Relation Name": "title",
                                                "Alias": "t",
                                                "Startup Cost": 4693.16,
                                                "Total Cost": 43821.37,
                                                "Plan Rows": 250417,
                                                "Plan Width": 21,
                                                "Actual Startup Time": 18.26,
                                                "Actual Total Time": 106.346,
                                                "Actual Rows": 241400,
                                                "Actual Loops": 1,
                                                "Recheck Cond": "(production_year < 1960)",
                                                "Rows Removed by Index Recheck": 0,
                                                "Exact Heap Blocks": 31900,
                                                "Lossy Heap Blocks": 0,
                                                "Plans": [
                                                  {
                                                    "Node Type": "Bitmap Index Scan",
                                                    "Parent Relationship": "Outer",
                                                    "Parallel Aware": false,
                                                    "Index Name": "idx_title_production_year",
                                                    "Startup Cost": 0.0,
                                                    "Total Cost": 4630.56,
                                                    "Plan Rows": 250417,
                                                    "Plan Width": 0,
                                                    "Actual Startup Time": 14.047,
                                                    "Actual Total Time": 14.048,
                                                    "Actual Rows": 241400,
                                                    "Actual Loops": 1,
                                                    "Index Cond": "(production_year < 1960)"
                                                  }
                                                ]
                                              }
                                            ]
                                          }
                                        ]
                                      },
                                      {
                                        "Node Type": "Hash",
                                        "Parent Relationship": "Inner",
                                        "Parallel Aware": false,
                                        "Startup Cost": 2.41,
                                        "Total Cost": 2.41,
                                        "Plan Rows": 1,
                                        "Plan Width": 4,
                                        "Actual Startup Time": 0.017,
                                        "Actual Total Time": 0.017,
                                        "Actual Rows": 1,
                                        "Actual Loops": 1,
                                        "Hash Buckets": 1024,
                                        "Original Hash Buckets": 1024,
                                        "Hash Batches": 1,
                                        "Original Hash Batches": 1,
                                        "Peak Memory Usage": 9,
                                        "Plans": [
                                          {
                                            "Node Type": "Seq Scan",
                                            "Parent Relationship": "Outer",
                                            "Parallel Aware": false,
                                            "Relation Name": "info_type",
                                            "Alias": "it1",
                                            "Startup Cost": 0.0,
                                            "Total Cost": 2.41,
                                            "Plan Rows": 1,
                                            "Plan Width": 4,
                                            "Actual Startup Time": 0.009,
                                            "Actual Total Time": 0.014,
                                            "Actual Rows": 1,
                                            "Actual Loops": 1,
                                            "Filter": "((info)::text = 'release dates'::text)",
                                            "Rows Removed by Filter": 112
                                          }
                                        ]
                                      }
                                    ]
                                  },
                                  {
                                    "Node Type": "Index Only Scan",
                                    "Parent Relationship": "Inner",
                                    "Parallel Aware": false,
                                    "Scan Direction": "Forward",
                                    "Index Name": "keyword_pkey",
                                    "Relation Name": "keyword",
                                    "Alias": "k",
                                    "Startup Cost": 0.42,
                                    "Total Cost": 0.44,
                                    "Plan Rows": 1,
                                    "Plan Width": 4,
                                    "Actual Startup Time": 0.0,
                                    "Actual Total Time": 0.0,
                                    "Actual Rows": 0,
                                    "Actual Loops": 0,
                                    "Index Cond": "(id = mk.keyword_id)",
                                    "Rows Removed by Index Recheck": 0,
                                    "Heap Fetches": 0
                                  }
                                ]
                              }
                            ]
                          }
                        ]
                      }
                    ]
                  }
                ]
              }
            ]
          }
        ]
      }
    ]
  },
  "Planning Time": 5.261,
  "Triggers": [],
  "Execution Time": 3287.808
}