[
  {
    "Plan": {
      "Node Type": "Aggregate",
      "Strategy": "Plain",
      "Partial Mode": "Finalize",
      "Parallel Aware": false,
      "Startup Cost": 700227.31,
      "Total Cost": 700227.32,
      "Plan Rows": 1,
      "Plan Width": 8,
      "Actual Startup Time": 11239.188,
      "Actual Total Time": 11363.775,
      "Actual Rows": 1,
      "Actual Loops": 1,
      "Plans": [
        {
          "Node Type": "Gather",
          "Parent Relationship": "Outer",
          "Parallel Aware": false,
          "Startup Cost": 700226.79,
          "Total Cost": 700227.3,
          "Plan Rows": 5,
          "Plan Width": 8,
          "Actual Startup Time": 11129.287,
          "Actual Total Time": 11363.76,
          "Actual Rows": 6,
          "Actual Loops": 1,
          "Workers Planned": 5,
          "Workers Launched": 5,
          "Single Copy": false,
          "Plans": [
            {
              "Node Type": "Aggregate",
              "Strategy": "Plain",
              "Partial Mode": "Partial",
              "Parent Relationship": "Outer",
              "Parallel Aware": false,
              "Startup Cost": 699226.79,
              "Total Cost": 699226.8,
              "Plan Rows": 1,
              "Plan Width": 8,
              "Actual Startup Time": 11085.54,
              "Actual Total Time": 11087.158,
              "Actual Rows": 1,
              "Actual Loops": 6,
              "Plans": [
                {
                  "Node Type": "Hash Join",
                  "Parent Relationship": "Outer",
                  "Parallel Aware": true,
                  "Join Type": "Inner",
                  "Startup Cost": 426093.25,
                  "Total Cost": 663465.46,
                  "Plan Rows": 14304530,
                  "Plan Width": 0,
                  "Actual Startup Time": 4172.417,
                  "Actual Total Time": 9698.78,
                  "Actual Rows": 34229191,
                  "Actual Loops": 6,
                  "Inner Unique": false,
                  "Hash Cond": "(mi.movie_id = t.id)",
                  "Plans": [
                    {
                      "Node Type": "Seq Scan",
                      "Parent Relationship": "Outer",
                      "Parallel Aware": true,
                      "Relation Name": "movie_info",
                      "Alias": "mi",
                      "Startup Cost": 0.0,
                      "Total Cost": 198952.16,
                      "Plan Rows": 2915832,
                      "Plan Width": 4,
                      "Actual Startup Time": 0.029,
                      "Actual Total Time": 374.089,
                      "Actual Rows": 2439661,
                      "Actual Loops": 6,
                      "Filter": "(info_type_id < 107)",
                      "Rows Removed by Filter": 32959
                    },
                    {
                      "Node Type": "Hash",
                      "Parent Relationship": "Inner",
                      "Parallel Aware": true,
                      "Startup Cost": 400252.96,
                      "Total Cost": 400252.96,
                      "Plan Rows": 2067223,
                      "Plan Width": 8,
                      "Actual Startup Time": 4153.673,
                      "Actual Total Time": 4155.289,
                      "Actual Rows": 2843236,
                      "Actual Loops": 6,
                      "Hash Buckets": 33554432,
                      "Original Hash Buckets": 16777216,
                      "Hash Batches": 1,
                      "Original Hash Batches": 1,
                      "Peak Memory Usage": 1060672,
                      "Plans": [
                        {
                          "Node Type": "Hash Join",
                          "Parent Relationship": "Outer",
                          "Parallel Aware": true,
                          "Join Type": "Inner",
                          "Startup Cost": 50353.24,
                          "Total Cost": 400252.96,
                          "Plan Rows": 2067223,
                          "Plan Width": 8,
                          "Actual Startup Time": 234.438,
                          "Actual Total Time": 2622.156,
                          "Actual Rows": 2843236,
                          "Actual Loops": 6,
                          "Inner Unique": true,
                          "Hash Cond": "(ci.movie_id = t.id)",
                          "Plans": [
                            {
                              "Node Type": "Seq Scan",
                              "Parent Relationship": "Outer",
                              "Parallel Aware": true,
                              "Relation Name": "cast_info",
                              "Alias": "ci",
                              "Startup Cost": 0.0,
                              "Total Cost": 343257.03,
                              "Plan Rows": 2530546,
                              "Plan Width": 4,
                              "Actual Startup Time": 0.026,
                              "Actual Total Time": 827.72,
                              "Actual Rows": 3353777,
                              "Actual Loops": 6,
                              "Filter": "((person_id < 2843287) AND (role_id < 3))",
                              "Rows Removed by Filter": 2686947
                            },
                            {
                              "Node Type": "Hash",
                              "Parent Relationship": "Inner",
                              "Parallel Aware": true,
                              "Startup Cost": 43898.92,
                              "Total Cost": 43898.92,
                              "Plan Rows": 516346,
                              "Plan Width": 4,
                              "Actual Startup Time": 232.31,
                              "Actual Total Time": 232.311,
                              "Actual Rows": 344092,
                              "Actual Loops": 6,
                              "Hash Buckets": 2097152,
                              "Original Hash Buckets": 2097152,
                              "Hash Batches": 1,
                              "Original Hash Batches": 1,
                              "Peak Memory Usage": 97248,
                              "Plans": [
                                {
                                  "Node Type": "Seq Scan",
                                  "Parent Relationship": "Outer",
                                  "Parallel Aware": true,
                                  "Relation Name": "title",
                                  "Alias": "t",
                                  "Startup Cost": 0.0,
                                  "Total Cost": 43898.92,
                                  "Plan Rows": 516346,
                                  "Plan Width": 4,
                                  "Actual Startup Time": 0.051,
                                  "Actual Total Time": 89.756,
                                  "Actual Rows": 344092,
                                  "Actual Loops": 6,
                                  "Filter": "(production_year < 2011)",
                                  "Rows Removed by Filter": 77293
                                }
                              ]
                            }
                          ]
                        }
                      ]
                    }
                  ]
                }
              ]
            }
          ]
        }
      ]
    },
    "Planning Time": 1.378,
    "Triggers": [],
    "Execution Time": 11363.866
  }
]