[
  {
    "Plan": {
      "Node Type": "Aggregate",
      "Strategy": "Plain",
      "Partial Mode": "Finalize",
      "Parallel Aware": false,
      "Startup Cost": 452390.86,
      "Total Cost": 452390.87,
      "Plan Rows": 1,
      "Plan Width": 8,
      "Actual Startup Time": 1774.337,
      "Actual Total Time": 1828.874,
      "Actual Rows": 1,
      "Actual Loops": 1,
      "Plans": [
        {
          "Node Type": "Gather",
          "Parent Relationship": "Outer",
          "Parallel Aware": false,
          "Startup Cost": 452390.24,
          "Total Cost": 452390.85,
          "Plan Rows": 6,
          "Plan Width": 8,
          "Actual Startup Time": 1753.279,
          "Actual Total Time": 1828.858,
          "Actual Rows": 7,
          "Actual Loops": 1,
          "Workers Planned": 6,
          "Workers Launched": 6,
          "Single Copy": false,
          "Plans": [
            {
              "Node Type": "Aggregate",
              "Strategy": "Plain",
              "Partial Mode": "Partial",
              "Parent Relationship": "Outer",
              "Parallel Aware": false,
              "Startup Cost": 451390.24,
              "Total Cost": 451390.25,
              "Plan Rows": 1,
              "Plan Width": 8,
              "Actual Startup Time": 1729.443,
              "Actual Total Time": 1729.874,
              "Actual Rows": 1,
              "Actual Loops": 7,
              "Plans": [
                {
                  "Node Type": "Hash Join",
                  "Parent Relationship": "Outer",
                  "Parallel Aware": true,
                  "Join Type": "Inner",
                  "Startup Cost": 103051.27,
                  "Total Cost": 446068.19,
                  "Plan Rows": 2128821,
                  "Plan Width": 0,
                  "Actual Startup Time": 443.397,
                  "Actual Total Time": 1640.607,
                  "Actual Rows": 1886803,
                  "Actual Loops": 7,
                  "Inner Unique": false,
                  "Hash Cond": "(ci.movie_id = t.id)",
                  "Plans": [
                    {
                      "Node Type": "Seq Scan",
                      "Parent Relationship": "Outer",
                      "Parallel Aware": true,
                      "Relation Name": "cast_info",
                      "Alias": "ci",
                      "Startup Cost": 0.0,
                      "Total Cost": 328211.39,
                      "Plan Rows": 2116898,
                      "Plan Width": 4,
                      "Actual Startup Time": 0.056,
                      "Actual Total Time": 659.666,
                      "Actual Rows": 1810098,
                      "Actual Loops": 7,
                      "Filter": "(role_id = 1)",
                      "Rows Removed by Filter": 3367665
                    },
                    {
                      "Node Type": "Hash",
                      "Parent Relationship": "Inner",
                      "Parallel Aware": true,
                      "Startup Cost": 92798.59,
                      "Total Cost": 92798.59,
                      "Plan Rows": 820214,
                      "Plan Width": 8,
                      "Actual Startup Time": 435.735,
                      "Actual Total Time": 436.164,
                      "Actual Rows": 200634,
                      "Actual Loops": 7,
                      "Hash Buckets": 4194304,
                      "Original Hash Buckets": 4194304,
                      "Hash Batches": 1,
                      "Original Hash Batches": 1,
                      "Peak Memory Usage": 87840,
                      "Plans": [
                        {
                          "Node Type": "Hash Join",
                          "Parent Relationship": "Outer",
                          "Parallel Aware": true,
                          "Join Type": "Inner",
                          "Startup Cost": 49920.51,
                          "Total Cost": 92798.59,
                          "Plan Rows": 820214,
                          "Plan Width": 8,
                          "Actual Startup Time": 198.565,
                          "Actual Total Time": 353.142,
                          "Actual Rows": 200634,
                          "Actual Loops": 7,
                          "Inner Unique": true,
                          "Hash Cond": "(mk.movie_id = t.id)",
                          "Plans": [
                            {
                              "Node Type": "Seq Scan",
                              "Parent Relationship": "Outer",
                              "Parallel Aware": true,
                              "Relation Name": "movie_keyword",
                              "Alias": "mk",
                              "Startup Cost": 0.0,
                              "Total Cost": 39047.32,
                              "Plan Rows": 1459332,
                              "Plan Width": 4,
                              "Actual Startup Time": 0.04,
                              "Actual Total Time": 61.057,
                              "Actual Rows": 646276,
                              "Actual Loops": 7
                            },
                            {
                              "Node Type": "Hash",
                              "Parent Relationship": "Inner",
                              "Parallel Aware": true,
                              "Startup Cost": 45479.59,
                              "Total Cost": 45479.59,
                              "Plan Rows": 355274,
                              "Plan Width": 4,
                              "Actual Startup Time": 196.374,
                              "Actual Total Time": 196.375,
                              "Actual Rows": 199817,
                              "Actual Loops": 7,
                              "Hash Buckets": 2097152,
                              "Original Hash Buckets": 2097152,
                              "Hash Batches": 1,
                              "Original Hash Batches": 1,
                              "Peak Memory Usage": 71232,
                              "Plans": [
                                {
                                  "Node Type": "Seq Scan",
                                  "Parent Relationship": "Outer",
                                  "Parallel Aware": true,
                                  "Relation Name": "title",
                                  "Alias": "t",
                                  "Startup Cost": 0.0,
                                  "Total Cost": 45479.59,
                                  "Plan Rows": 355274,
                                  "Plan Width": 4,
                                  "Actual Startup Time": 0.082,
                                  "Actual Total Time": 87.744,
                                  "Actual Rows": 199817,
                                  "Actual Loops": 7,
                                  "Filter": "((kind_id > 1) AND (production_year < 2010))",
                                  "Rows Removed by Filter": 161370
                                }
                              ]
                            }
                          ]
                        }
                      ]
                    }
                  ]
                }
              ]
            }
          ]
        }
      ]
    },
    "Planning Time": 1.366,
    "Triggers": [],
    "Execution Time": 1829.025
  }
]