{
  "Plan": {
    "Node Type": "Aggregate",
    "Strategy": "Plain",
    "Partial Mode": "Finalize",
    "Parallel Aware": false,
    "Startup Cost": 431295.48,
    "Total Cost": 431295.49,
    "Plan Rows": 1,
    "Plan Width": 8,
    "Actual Startup Time": 1217.759,
    "Actual Total Time": 1249.82,
    "Actual Rows": 1,
    "Actual Loops": 1,
    "Plans": [
      {
        "Node Type": "Gather",
        "Parent Relationship": "Outer",
        "Parallel Aware": false,
        "Startup Cost": 431295.37,
        "Total Cost": 431295.48,
        "Plan Rows": 1,
        "Plan Width": 8,
        "Actual Startup Time": 1217.342,
        "Actual Total Time": 1249.811,
        "Actual Rows": 2,
        "Actual Loops": 1,
        "Workers Planned": 1,
        "Workers Launched": 1,
        "Single Copy": false,
        "Plans": [
          {
            "Node Type": "Aggregate",
            "Strategy": "Plain",
            "Partial Mode": "Partial",
            "Parent Relationship": "Outer",
            "Parallel Aware": false,
            "Startup Cost": 430295.37,
            "Total Cost": 430295.38,
            "Plan Rows": 1,
            "Plan Width": 8,
            "Actual Startup Time": 1210.795,
            "Actual Total Time": 1210.802,
            "Actual Rows": 1,
            "Actual Loops": 2,
            "Plans": [
              {
                "Node Type": "Hash Join",
                "Parent Relationship": "Outer",
                "Parallel Aware": true,
                "Join Type": "Inner",
                "Startup Cost": 364311.29,
                "Total Cost": 430128.54,
                "Plan Rows": 66732,
                "Plan Width": 0,
                "Actual Startup Time": 887.872,
                "Actual Total Time": 1203.734,
                "Actual Rows": 181027,
                "Actual Loops": 2,
                "Inner Unique": false,
                "Hash Cond": "(mk.movie_id = t.id)",
                "Plans": [
                  {
                    "Node Type": "Seq Scan",
                    "Parent Relationship": "Outer",
                    "Parallel Aware": true,
                    "Relation Name": "movie_keyword",
                    "Alias": "mk",
                    "Startup Cost": 0.0,
                    "Total Cost": 57718.19,
                    "Plan Rows": 2055069,
                    "Plan Width": 4,
                    "Actual Startup Time": 0.027,
                    "Actual Total Time": 201.516,
                    "Actual Rows": 1748976,
                    "Actual Loops": 2,
                    "Filter": "(keyword_id < 17446)",
                    "Rows Removed by Filter": 512989
                  },
                  {
                    "Node Type": "Hash",
                    "Parent Relationship": "Inner",
                    "Parallel Aware": true,
                    "Startup Cost": 363707.61,
                    "Total Cost": 363707.61,
                    "Plan Rows": 48294,
                    "Plan Width": 8,
                    "Actual Startup Time": 885.329,
                    "Actual Total Time": 885.335,
                    "Actual Rows": 19535,
                    "Actual Loops": 2,
                    "Hash Buckets": 131072,
                    "Original Hash Buckets": 131072,
                    "Hash Batches": 1,
                    "Original Hash Batches": 1,
                    "Peak Memory Usage": 2592,
                    "Plans": [
                      {
                        "Node Type": "Hash Join",
                        "Parent Relationship": "Outer",
                        "Parallel Aware": true,
                        "Join Type": "Inner",
                        "Startup Cost": 55304.68,
                        "Total Cost": 363707.61,
                        "Plan Rows": 48294,
                        "Plan Width": 8,
                        "Actual Startup Time": 161.179,
                        "Actual Total Time": 878.181,
                        "Actual Rows": 19535,
                        "Actual Loops": 2,
                        "Inner Unique": true,
                        "Hash Cond": "(ci.movie_id = t.id)",
                        "Plans": [
                          {
                            "Node Type": "Index Scan",
                            "Parent Relationship": "Outer",
                            "Parallel Aware": true,
                            "Scan Direction": "Forward",
                            "Index Name": "role_id_cast_info",
                            "Relation Name": "cast_info",
                            "Alias": "ci",
                            "Startup Cost": 0.56,
                            "Total Cost": 305110.75,
                            "Plan Rows": 1254381,
                            "Plan Width": 4,
                            "Actual Startup Time": 0.129,
                            "Actual Total Time": 628.563,
                            "Actual Rows": 544128,
                            "Actual Loops": 2,
                            "Index Cond": "(role_id > 4)",
                            "Rows Removed by Index Recheck": 0,
                            "Filter": "(person_id < 811347)",
                            "Rows Removed by Filter": 4148224
                          },
                          {
                            "Node Type": "Hash",
                            "Parent Relationship": "Inner",
                            "Parallel Aware": true,
                            "Startup Cost": 54588.39,
                            "Total Cost": 54588.39,
                            "Plan Rows": 57258,
                            "Plan Width": 4,
                            "Actual Startup Time": 159.796,
                            "Actual Total Time": 159.797,
                            "Actual Rows": 47502,
                            "Actual Loops": 2,
                            "Hash Buckets": 131072,
                            "Original Hash Buckets": 131072,
                            "Hash Batches": 1,
                            "Original Hash Batches": 1,
                            "Peak Memory Usage": 4800,
                            "Plans": [
                              {
                                "Node Type": "Seq Scan",
                                "Parent Relationship": "Outer",
                                "Parallel Aware": true,
                                "Relation Name": "title",
                                "Alias": "t",
                                "Startup Cost": 0.0,
                                "Total Cost": 54588.39,
                                "Plan Rows": 57258,
                                "Plan Width": 4,
                                "Actual Startup Time": 0.074,
                                "Actual Total Time": 143.175,
                                "Actual Rows": 47502,
                                "Actual Loops": 2,
                                "Filter": "(production_year = 2005)",
                                "Rows Removed by Filter": 1216654
                              }
                            ]
                          }
                        ]
                      }
                    ]
                  }
                ]
              }
            ]
          }
        ]
      }
    ]
  },
  "Planning Time": 1.015,
  "Triggers": [],
  "Execution Time": 1249.921
}