[
  {
    "Plan": {
      "Node Type": "Aggregate",
      "Strategy": "Plain",
      "Partial Mode": "Simple",
      "Parallel Aware": false,
      "Startup Cost": 28315.86,
      "Total Cost": 28315.87,
      "Plan Rows": 1,
      "Plan Width": 8,
      "Actual Startup Time": 71.503,
      "Actual Total Time": 71.504,
      "Actual Rows": 1,
      "Actual Loops": 1,
      "Plans": [
        {
          "Node Type": "Bitmap Heap Scan",
          "Parent Relationship": "Outer",
          "Parallel Aware": false,
          "Relation Name": "movie_keyword",
          "Alias": "mk",
          "Startup Cost": 2262.68,
          "Total Cost": 28049.33,
          "Plan Rows": 106612,
          "Plan Width": 0,
          "Actual Startup Time": 23.72,
          "Actual Total Time": 66.521,
          "Actual Rows": 105948,
          "Actual Loops": 1,
          "Recheck Cond": "(keyword_id > 80949)",
          "Rows Removed by Index Recheck": 0,
          "Exact Heap Blocks": 17639,
          "Lossy Heap Blocks": 0,
          "Plans": [
            {
              "Node Type": "Bitmap Index Scan",
              "Parent Relationship": "Outer",
              "Parallel Aware": false,
              "Index Name": "keyword_id_movie_keyword",
              "Startup Cost": 0.0,
              "Total Cost": 2236.02,
              "Plan Rows": 106612,
              "Plan Width": 0,
              "Actual Startup Time": 17.39,
              "Actual Total Time": 17.391,
              "Actual Rows": 105948,
              "Actual Loops": 1,
              "Index Cond": "(keyword_id > 80949)"
            }
          ]
        }
      ]
    },
    "Planning Time": 0.149,
    "Triggers": [],
    "Execution Time": 71.563
  }
]