[
  {
    "Plan": {
      "Node Type": "Aggregate",
      "Strategy": "Plain",
      "Partial Mode": "Finalize",
      "Parallel Aware": false,
      "Startup Cost": 33117.99,
      "Total Cost": 33118.0,
      "Plan Rows": 1,
      "Plan Width": 8,
      "Actual Startup Time": 93.855,
      "Actual Total Time": 101.431,
      "Actual Rows": 1,
      "Actual Loops": 1,
      "Plans": [
        {
          "Node Type": "Gather",
          "Parent Relationship": "Outer",
          "Parallel Aware": false,
          "Startup Cost": 33117.67,
          "Total Cost": 33117.98,
          "Plan Rows": 3,
          "Plan Width": 8,
          "Actual Startup Time": 93.773,
          "Actual Total Time": 101.422,
          "Actual Rows": 4,
          "Actual Loops": 1,
          "Workers Planned": 3,
          "Workers Launched": 3,
          "Single Copy": false,
          "Plans": [
            {
              "Node Type": "Aggregate",
              "Strategy": "Plain",
              "Partial Mode": "Partial",
              "Parent Relationship": "Outer",
              "Parallel Aware": false,
              "Startup Cost": 32117.67,
              "Total Cost": 32117.68,
              "Plan Rows": 1,
              "Plan Width": 8,
              "Actual Startup Time": 86.338,
              "Actual Total Time": 86.339,
              "Actual Rows": 1,
              "Actual Loops": 4,
              "Plans": [
                {
                  "Node Type": "Seq Scan",
                  "Parent Relationship": "Outer",
                  "Parallel Aware": true,
                  "Relation Name": "movie_companies",
                  "Alias": "mc",
                  "Startup Cost": 0.0,
                  "Total Cost": 31414.82,
                  "Plan Rows": 281141,
                  "Plan Width": 0,
                  "Actual Startup Time": 50.245,
                  "Actual Total Time": 80.934,
                  "Actual Rows": 138062,
                  "Actual Loops": 4,
                  "Filter": "((company_id < 21033) AND (company_type_id > 1))",
                  "Rows Removed by Filter": 514220
                }
              ]
            }
          ]
        }
      ]
    },
    "Planning Time": 0.213,
    "Triggers": [],
    "Execution Time": 101.489
  }
]