[
  {
    "Plan": {
      "Node Type": "Aggregate",
      "Strategy": "Plain",
      "Partial Mode": "Finalize",
      "Parallel Aware": false,
      "Startup Cost": 339911.38,
      "Total Cost": 339911.39,
      "Plan Rows": 1,
      "Plan Width": 8,
      "Actual Startup Time": 469.613,
      "Actual Total Time": 492.518,
      "Actual Rows": 1,
      "Actual Loops": 1,
      "Plans": [
        {
          "Node Type": "Gather",
          "Parent Relationship": "Outer",
          "Parallel Aware": false,
          "Startup Cost": 339910.75,
          "Total Cost": 339911.36,
          "Plan Rows": 6,
          "Plan Width": 8,
          "Actual Startup Time": 469.44,
          "Actual Total Time": 492.508,
          "Actual Rows": 7,
          "Actual Loops": 1,
          "Workers Planned": 6,
          "Workers Launched": 6,
          "Single Copy": false,
          "Plans": [
            {
              "Node Type": "Aggregate",
              "Strategy": "Plain",
              "Partial Mode": "Partial",
              "Parent Relationship": "Outer",
              "Parallel Aware": false,
              "Startup Cost": 338910.75,
              "Total Cost": 338910.76,
              "Plan Rows": 1,
              "Plan Width": 8,
              "Actual Startup Time": 460.699,
              "Actual Total Time": 460.7,
              "Actual Rows": 1,
              "Actual Loops": 7,
              "Plans": [
                {
                  "Node Type": "Index Scan",
                  "Parent Relationship": "Outer",
                  "Parallel Aware": true,
                  "Scan Direction": "Forward",
                  "Index Name": "role_id_cast_info",
                  "Relation Name": "cast_info",
                  "Alias": "ci",
                  "Startup Cost": 0.56,
                  "Total Cost": 335235.55,
                  "Plan Rows": 1470081,
                  "Plan Width": 0,
                  "Actual Startup Time": 254.202,
                  "Actual Total Time": 423.769,
                  "Actual Rows": 714594,
                  "Actual Loops": 7,
                  "Index Cond": "(role_id = 1)",
                  "Rows Removed by Index Recheck": 0,
                  "Filter": "(person_id > 1045203)",
                  "Rows Removed by Filter": 1095504
                }
              ]
            }
          ]
        }
      ]
    },
    "Planning Time": 0.197,
    "Triggers": [],
    "Execution Time": 492.577
  }
]