[
  {
    "Plan": {
      "Node Type": "Aggregate",
      "Strategy": "Plain",
      "Partial Mode": "Finalize",
      "Parallel Aware": false,
      "Startup Cost": 74328.49,
      "Total Cost": 74328.5,
      "Plan Rows": 1,
      "Plan Width": 8,
      "Actual Startup Time": 224.114,
      "Actual Total Time": 252.136,
      "Actual Rows": 1,
      "Actual Loops": 1,
      "Plans": [
        {
          "Node Type": "Gather",
          "Parent Relationship": "Outer",
          "Parallel Aware": false,
          "Startup Cost": 74328.07,
          "Total Cost": 74328.48,
          "Plan Rows": 4,
          "Plan Width": 8,
          "Actual Startup Time": 223.651,
          "Actual Total Time": 252.127,
          "Actual Rows": 5,
          "Actual Loops": 1,
          "Workers Planned": 4,
          "Workers Launched": 4,
          "Single Copy": false,
          "Plans": [
            {
              "Node Type": "Aggregate",
              "Strategy": "Plain",
              "Partial Mode": "Partial",
              "Parent Relationship": "Outer",
              "Parallel Aware": false,
              "Startup Cost": 73328.07,
              "Total Cost": 73328.08,
              "Plan Rows": 1,
              "Plan Width": 8,
              "Actual Startup Time": 213.273,
              "Actual Total Time": 213.276,
              "Actual Rows": 1,
              "Actual Loops": 5,
              "Plans": [
                {
                  "Node Type": "Nested Loop",
                  "Parent Relationship": "Outer",
                  "Parallel Aware": false,
                  "Join Type": "Inner",
                  "Startup Cost": 20197.71,
                  "Total Cost": 73323.99,
                  "Plan Rows": 1631,
                  "Plan Width": 0,
                  "Actual Startup Time": 25.611,
                  "Actual Total Time": 212.525,
                  "Actual Rows": 6643,
                  "Actual Loops": 5,
                  "Inner Unique": false,
                  "Plans": [
                    {
                      "Node Type": "Hash Join",
                      "Parent Relationship": "Outer",
                      "Parallel Aware": true,
                      "Join Type": "Inner",
                      "Startup Cost": 20197.27,
                      "Total Cost": 64982.45,
                      "Plan Rows": 3272,
                      "Plan Width": 8,
                      "Actual Startup Time": 25.405,
                      "Actual Total Time": 115.786,
                      "Actual Rows": 7015,
                      "Actual Loops": 5,
                      "Inner Unique": false,
                      "Hash Cond": "(t.id = mc.movie_id)",
                      "Plans": [
                        {
                          "Node Type": "Seq Scan",
                          "Parent Relationship": "Outer",
                          "Parallel Aware": true,
                          "Relation Name": "title",
                          "Alias": "t",
                          "Startup Cost": 0.0,
                          "Total Cost": 43898.92,
                          "Plan Rows": 175142,
                          "Plan Width": 4,
                          "Actual Startup Time": 0.027,
                          "Actual Total Time": 68.115,
                          "Actual Rows": 141437,
                          "Actual Loops": 5,
                          "Filter": "(production_year < 1991)",
                          "Rows Removed by Filter": 364225
                        },
                        {
                          "Node Type": "Hash",
                          "Parent Relationship": "Inner",
                          "Parallel Aware": true,
                          "Startup Cost": 20006.85,
                          "Total Cost": 20006.85,
                          "Plan Rows": 15234,
                          "Plan Width": 4,
                          "Actual Startup Time": 24.021,
                          "Actual Total Time": 24.022,
                          "Actual Rows": 9450,
                          "Actual Loops": 5,
                          "Hash Buckets": 65536,
                          "Original Hash Buckets": 65536,
                          "Hash Batches": 1,
                          "Original Hash Batches": 1,
                          "Peak Memory Usage": 2464,
                          "Plans": [
                            {
                              "Node Type": "Bitmap Heap Scan",
                              "Parent Relationship": "Outer",
                              "Parallel Aware": true,
                              "Relation Name": "movie_companies",
                              "Alias": "mc",
                              "Startup Cost": 1026.42,
                              "Total Cost": 20006.85,
                              "Plan Rows": 15234,
                              "Plan Width": 4,
                              "Actual Startup Time": 4.181,
                              "Actual Total Time": 19.021,
                              "Actual Rows": 9450,
                              "Actual Loops": 5,
                              "Recheck Cond": "(company_id = 19)",
                              "Rows Removed by Index Recheck": 0,
                              "Exact Heap Blocks": 2867,
                              "Lossy Heap Blocks": 0,
                              "Plans": [
                                {
                                  "Node Type": "Bitmap Index Scan",
                                  "Parent Relationship": "Outer",
                                  "Parallel Aware": false,
                                  "Index Name": "company_id_movie_companies",
                                  "Startup Cost": 0.0,
                                  "Total Cost": 1014.62,
                                  "Plan Rows": 47225,
                                  "Plan Width": 0,
                                  "Actual Startup Time": 7.879,
                                  "Actual Total Time": 7.879,
                                  "Actual Rows": 47252,
                                  "Actual Loops": 1,
                                  "Index Cond": "(company_id = 19)"
                                }
                              ]
                            }
                          ]
                        }
                      ]
                    },
                    {
                      "Node Type": "Index Scan",
                      "Parent Relationship": "Inner",
                      "Parallel Aware": false,
                      "Scan Direction": "Forward",
                      "Index Name": "movie_id_movie_info",
                      "Relation Name": "movie_info",
                      "Alias": "mi",
                      "Startup Cost": 0.43,
                      "Total Cost": 2.51,
                      "Plan Rows": 4,
                      "Plan Width": 4,
                      "Actual Startup Time": 0.012,
                      "Actual Total Time": 0.013,
                      "Actual Rows": 1,
                      "Actual Loops": 35077,
                      "Index Cond": "(movie_id = t.id)",
                      "Rows Removed by Index Recheck": 0,
                      "Filter": "(info_type_id = 2)",
                      "Rows Removed by Filter": 11
                    }
                  ]
                }
              ]
            }
          ]
        }
      ]
    },
    "Planning Time": 1.487,
    "Triggers": [],
    "Execution Time": 252.251
  }
]