[
  {
    "Plan": {
      "Node Type": "Aggregate",
      "Strategy": "Plain",
      "Partial Mode": "Finalize",
      "Parallel Aware": false,
      "Startup Cost": 33479.07,
      "Total Cost": 33479.08,
      "Plan Rows": 1,
      "Plan Width": 8,
      "Actual Startup Time": 111.616,
      "Actual Total Time": 119.698,
      "Actual Rows": 1,
      "Actual Loops": 1,
      "Plans": [
        {
          "Node Type": "Gather",
          "Parent Relationship": "Outer",
          "Parallel Aware": false,
          "Startup Cost": 33478.75,
          "Total Cost": 33479.06,
          "Plan Rows": 3,
          "Plan Width": 8,
          "Actual Startup Time": 111.319,
          "Actual Total Time": 119.689,
          "Actual Rows": 4,
          "Actual Loops": 1,
          "Workers Planned": 3,
          "Workers Launched": 3,
          "Single Copy": false,
          "Plans": [
            {
              "Node Type": "Aggregate",
              "Strategy": "Plain",
              "Partial Mode": "Partial",
              "Parent Relationship": "Outer",
              "Parallel Aware": false,
              "Startup Cost": 32478.75,
              "Total Cost": 32478.76,
              "Plan Rows": 1,
              "Plan Width": 8,
              "Actual Startup Time": 104.677,
              "Actual Total Time": 104.679,
              "Actual Rows": 1,
              "Actual Loops": 4,
              "Plans": [
                {
                  "Node Type": "Bitmap Heap Scan",
                  "Parent Relationship": "Outer",
                  "Parallel Aware": true,
                  "Relation Name": "movie_keyword",
                  "Alias": "mk",
                  "Startup Cost": 6534.81,
                  "Total Cost": 32230.43,
                  "Plan Rows": 99329,
                  "Plan Width": 0,
                  "Actual Startup Time": 38.193,
                  "Actual Total Time": 99.733,
                  "Actual Rows": 80264,
                  "Actual Loops": 4,
                  "Recheck Cond": "(keyword_id < 261)",
                  "Rows Removed by Index Recheck": 0,
                  "Exact Heap Blocks": 12361,
                  "Lossy Heap Blocks": 0,
                  "Plans": [
                    {
                      "Node Type": "Bitmap Index Scan",
                      "Parent Relationship": "Outer",
                      "Parallel Aware": false,
                      "Index Name": "keyword_id_movie_keyword",
                      "Startup Cost": 0.0,
                      "Total Cost": 6457.83,
                      "Plan Rows": 307920,
                      "Plan Width": 0,
                      "Actual Startup Time": 39.437,
                      "Actual Total Time": 39.437,
                      "Actual Rows": 321054,
                      "Actual Loops": 1,
                      "Index Cond": "(keyword_id < 261)"
                    }
                  ]
                }
              ]
            }
          ]
        }
      ]
    },
    "Planning Time": 0.225,
    "Triggers": [],
    "Execution Time": 119.776
  }
]