{
  "Plan": {
    "Node Type": "Aggregate",
    "Strategy": "Plain",
    "Partial Mode": "Simple",
    "Parallel Aware": false,
    "Startup Cost": 20001191273.12,
    "Total Cost": 20001191273.13,
    "Plan Rows": 1,
    "Plan Width": 96,
    "Actual Startup Time": 84916.275,
    "Actual Total Time": 84916.532,
    "Actual Rows": 1,
    "Actual Loops": 1,
    "Plans": [
      {
        "Node Type": "Merge Join",
        "Parent Relationship": "Outer",
        "Parallel Aware": false,
        "Join Type": "Inner",
        "Startup Cost": 20001191273.09,
        "Total Cost": 20001191273.11,
        "Plan Rows": 1,
        "Plan Width": 42,
        "Actual Startup Time": 84915.082,
        "Actual Total Time": 84916.065,
        "Actual Rows": 4803,
        "Actual Loops": 1,
        "Inner Unique": true,
        "Merge Cond": "(mi.info_type_id = it1.id)",
        "Plans": [
          {
            "Node Type": "Sort",
            "Parent Relationship": "Outer",
            "Parallel Aware": false,
            "Startup Cost": 20001191270.67,
            "Total Cost": 20001191270.67,
            "Plan Rows": 1,
            "Plan Width": 46,
            "Actual Startup Time": 84914.983,
            "Actual Total Time": 84915.436,
            "Actual Rows": 5155,
            "Actual Loops": 1,
            "Sort Key": [
              "mi.info_type_id"
            ],
            "Sort Method": "quicksort",
            "Sort Space Used": 726,
            "Sort Space Type": "Memory",
            "Plans": [
              {
                "Node Type": "Merge Join",
                "Parent Relationship": "Outer",
                "Parallel Aware": false,
                "Join Type": "Inner",
                "Startup Cost": 20000852373.81,
                "Total Cost": 20001191270.66,
                "Plan Rows": 1,
                "Plan Width": 46,
                "Actual Startup Time": 6020.349,
                "Actual Total Time": 84912.639,
                "Actual Rows": 5295,
                "Actual Loops": 1,
                "Inner Unique": false,
                "Merge Cond": "(mi_idx.movie_id = t.id)",
                "Plans": [
                  {
                    "Node Type": "Sort",
                    "Parent Relationship": "Outer",
                    "Parallel Aware": false,
                    "Startup Cost": 311319.45,
                    "Total Cost": 311323.57,
                    "Plan Rows": 1648,
                    "Plan Width": 33,
                    "Actual Startup Time": 1989.512,
                    "Actual Total Time": 2043.528,
                    "Actual Rows": 178097,
                    "Actual Loops": 1,
                    "Sort Key": [
                      "mc.movie_id"
                    ],
                    "Sort Method": "quicksort",
                    "Sort Space Used": 20410,
                    "Sort Space Type": "Memory",
                    "Plans": [
                      {
                        "Node Type": "Merge Join",
                        "Parent Relationship": "Outer",
                        "Parallel Aware": false,
                        "Join Type": "Inner",
                        "Startup Cost": 310283.58,
                        "Total Cost": 311231.39,
                        "Plan Rows": 1648,
                        "Plan Width": 33,
                        "Actual Startup Time": 1903.129,
                        "Actual Total Time": 1934.334,
                        "Actual Rows": 178762,
                        "Actual Loops": 1,
                        "Inner Unique": false,
                        "Merge Cond": "(it2.id = mi_idx.info_type_id)",
                        "Plans": [
                          {
                            "Node Type": "Sort",
                            "Parent Relationship": "Outer",
                            "Parallel Aware": false,
                            "Startup Cost": 2.42,
                            "Total Cost": 2.43,
                            "Plan Rows": 1,
                            "Plan Width": 4,
                            "Actual Startup Time": 0.041,
                            "Actual Total Time": 0.043,
                            "Actual Rows": 1,
                            "Actual Loops": 1,
                            "Sort Key": [
                              "it2.id"
                            ],
                            "Sort Method": "quicksort",
                            "Sort Space Used": 25,
                            "Sort Space Type": "Memory",
                            "Plans": [
                              {
                                "Node Type": "Seq Scan",
                                "Parent Relationship": "Outer",
                                "Parallel Aware": false,
                                "Relation Name": "info_type",
                                "Alias": "it2",
                                "Startup Cost": 0.0,
                                "Total Cost": 2.41,
                                "Plan Rows": 1,
                                "Plan Width": 4,
                                "Actual Startup Time": 0.025,
                                "Actual Total Time": 0.027,
                                "Actual Rows": 1,
                                "Actual Loops": 1,
                                "Filter": "((info)::text = 'rating'::text)",
                                "Rows Removed by Filter": 112
                              }
                            ]
                          },
                          {
                            "Node Type": "Sort",
                            "Parent Relationship": "Inner",
                            "Parallel Aware": false,
                            "Startup Cost": 310281.15,
                            "Total Cost": 310746.82,
                            "Plan Rows": 186266,
                            "Plan Width": 37,
                            "Actual Startup Time": 1859.079,
                            "Actual Total Time": 1888.493,
                            "Actual Rows": 530135,
                            "Actual Loops": 1,
                            "Sort Key": [
                              "mi_idx.info_type_id"
                            ],
                            "Sort Method": "quicksort",
                            "Sort Space Used": 72017,
                            "Sort Space Type": "Memory",
                            "Plans": [
                              {
                                "Node Type": "Merge Join",
                                "Parent Relationship": "Outer",
                                "Parallel Aware": false,
                                "Join Type": "Inner",
                                "Startup Cost": 277648.11,
                                "Total Cost": 293976.35,
                                "Plan Rows": 186266,
                                "Plan Width": 37,
                                "Actual Startup Time": 1419.558,
                                "Actual Total Time": 1721.105,
                                "Actual Rows": 532608,
                                "Actual Loops": 1,
                                "Inner Unique": false,
                                "Merge Cond": "(cn.id = mc.company_id)",
                                "Plans": [
                                  {
                                    "Node Type": "Index Scan",
                                    "Parent Relationship": "Outer",
                                    "Parallel Aware": false,
                                    "Scan Direction": "Forward",
                                    "Index Name": "company_name_pkey",
                                    "Relation Name": "company_name",
                                    "Alias": "cn",
                                    "Startup Cost": 0.42,
                                    "Total Cost": 12469.43,
                                    "Plan Rows": 125473,
                                    "Plan Width": 23,
                                    "Actual Startup Time": 0.114,
                                    "Actual Total Time": 118.103,
                                    "Actual Rows": 125685,
                                    "Actual Loops": 1,
                                    "Filter": "((country_code)::text <> '[us]'::text)",
                                    "Rows Removed by Filter": 108601
                                  },
                                  {
                                    "Node Type": "Sort",
                                    "Parent Relationship": "Inner",
                                    "Parallel Aware": false,
                                    "Startup Cost": 277594.35,
                                    "Total Cost": 278466.49,
                                    "Plan Rows": 348856,
                                    "Plan Width": 22,
                                    "Actual Startup Time": 1419.313,
                                    "Actual Total Time": 1508.329,
                                    "Actual Rows": 607841,
                                    "Actual Loops": 1,
                                    "Sort Key": [
                                      "mc.company_id"
                                    ],
                                    "Sort Method": "quicksort",
                                    "Sort Space Used": 72064,
                                    "Sort Space Type": "Memory",
                                    "Plans": [
                                      {
                                        "Node Type": "Merge Join",
                                        "Parent Relationship": "Outer",
                                        "Parallel Aware": false,
                                        "Join Type": "Inner",
                                        "Startup Cost": 240245.33,
                                        "Total Cost": 245478.19,
                                        "Plan Rows": 348856,
                                        "Plan Width": 22,
                                        "Actual Startup Time": 1052.004,
                                        "Actual Total Time": 1201.749,
                                        "Actual Rows": 607841,
                                        "Actual Loops": 1,
                                        "Inner Unique": false,
                                        "Merge Cond": "(ct.id = mc.company_type_id)",
                                        "Plans": [
                                          {
                                            "Node Type": "Sort",
                                            "Parent Relationship": "Outer",
                                            "Parallel Aware": false,
                                            "Startup Cost": 1.08,
                                            "Total Cost": 1.09,
                                            "Plan Rows": 4,
                                            "Plan Width": 4,
                                            "Actual Startup Time": 0.021,
                                            "Actual Total Time": 0.023,
                                            "Actual Rows": 3,
                                            "Actual Loops": 1,
                                            "Sort Key": [
                                              "ct.id"
                                            ],
                                            "Sort Method": "quicksort",
                                            "Sort Space Used": 25,
                                            "Sort Space Type": "Memory",
                                            "Plans": [
                                              {
                                                "Node Type": "Seq Scan",
                                                "Parent Relationship": "Outer",
                                                "Parallel Aware": false,
                                                "Relation Name": "company_type",
                                                "Alias": "ct",
                                                "Startup Cost": 0.0,
                                                "Total Cost": 1.04,
                                                "Plan Rows": 4,
                                                "Plan Width": 4,
                                                "Actual Startup Time": 0.007,
                                                "Actual Total Time": 0.008,
                                                "Actual Rows": 4,
                                                "Actual Loops": 1
                                              }
                                            ]
                                          },
                                          {
                                            "Node Type": "Sort",
                                            "Parent Relationship": "Inner",
                                            "Parallel Aware": false,
                                            "Startup Cost": 240244.25,
                                            "Total Cost": 241116.39,
                                            "Plan Rows": 348856,
                                            "Plan Width": 26,
                                            "Actual Startup Time": 1051.977,
                                            "Actual Total Time": 1086.968,
                                            "Actual Rows": 607841,
                                            "Actual Loops": 1,
                                            "Sort Key": [
                                              "mc.company_type_id"
                                            ],
                                            "Sort Method": "quicksort",
                                            "Sort Space Used": 72064,
                                            "Sort Space Type": "Memory",
                                            "Plans": [
                                              {
                                                "Node Type": "Merge Join",
                                                "Parent Relationship": "Outer",
                                                "Parallel Aware": false,
                                                "Join Type": "Inner",
                                                "Startup Cost": 1004.06,
                                                "Total Cost": 208128.1,
                                                "Plan Rows": 348856,
                                                "Plan Width": 26,
                                                "Actual Startup Time": 12.35,
                                                "Actual Total Time": 853.885,
                                                "Actual Rows": 607841,
                                                "Actual Loops": 1,
                                                "Inner Unique": false,
                                                "Merge Cond": "(mc.movie_id = mi_idx.movie_id)",
                                                "Plans": [
                                                  {
                                                    "Node Type": "Gather Merge",
                                                    "Parent Relationship": "Outer",
                                                    "Parallel Aware": false,
                                                    "Startup Cost": 1000.47,
                                                    "Total Cost": 143878.03,
                                                    "Plan Rows": 135657,
                                                    "Plan Width": 12,
                                                    "Actual Startup Time": 12.312,
                                                    "Actual Total Time": 94.704,
                                                    "Actual Rows": 303271,
                                                    "Actual Loops": 1,
                                                    "Workers Planned": 3,
                                                    "Workers Launched": 3,
                                                    "Plans": [
                                                      {
                                                        "Node Type": "Index Scan",
                                                        "Parent Relationship": "Outer",
                                                        "Parallel Aware": true,
                                                        "Scan Direction": "Forward",
                                                        "Index Name": "movie_id_movie_companies",
                                                        "Relation Name": "movie_companies",
                                                        "Alias": "mc",
                                                        "Startup Cost": 0.43,
                                                        "Total Cost": 126938.29,
                                                        "Plan Rows": 43760,
                                                        "Plan Width": 12,
                                                        "Actual Startup Time": 0.116,
                                                        "Actual Total Time": 463.289,
                                                        "Actual Rows": 75818,
                                                        "Actual Loops": 4,
                                                        "Filter": "((note !~~ '%(USA)%'::text) AND (note ~~ '%(200%)%'::text))",
                                                        "Rows Removed by Filter": 576464
                                                      }
                                                    ]
                                                  },
                                                  {
                                                    "Node Type": "Index Scan",
                                                    "Parent Relationship": "Inner",
                                                    "Parallel Aware": false,
                                                    "Scan Direction": "Forward",
                                                    "Index Name": "movie_id_movie_info_idx",
                                                    "Relation Name": "movie_info_idx",
                                                    "Alias": "mi_idx",
                                                    "Startup Cost": 0.43,
                                                    "Total Cost": 57072.82,
                                                    "Plan Rows": 1341456,
                                                    "Plan Width": 14,
                                                    "Actual Startup Time": 0.033,
                                                    "Actual Total Time": 533.707,
                                                    "Actual Rows": 1674983,
                                                    "Actual Loops": 1,
                                                    "Filter": "(info < '8.5'::text)",
                                                    "Rows Removed by Filter": 57337
                                                  }
                                                ]
                                              }
                                            ]
                                          }
                                        ]
                                      }
                                    ]
                                  }
                                ]
                              }
                            ]
                          }
                        ]
                      }
                    ]
                  },
                  {
                    "Node Type": "Materialize",
                    "Parent Relationship": "Inner",
                    "Parallel Aware": false,
                    "Startup Cost": 20000541054.36,
                    "Total Cost": 20000879942.95,
                    "Plan Rows": 3,
                    "Plan Width": 37,
                    "Actual Startup Time": 4028.577,
                    "Actual Total Time": 82842.641,
                    "Actual Rows": 5449,
                    "Actual Loops": 1,
                    "Plans": [
                      {
                        "Node Type": "Nested Loop",
                        "Parent Relationship": "Outer",
                        "Parallel Aware": false,
                        "Join Type": "Inner",
                        "Startup Cost": 20000541054.36,
                        "Total Cost": 20000879942.94,
                        "Plan Rows": 3,
                        "Plan Width": 37,
                        "Actual Startup Time": 4028.571,
                        "Actual Total Time": 82841.246,
                        "Actual Rows": 543,
                        "Actual Loops": 1,
                        "Inner Unique": false,
                        "Join Filter": "(t.id = mk.movie_id)",
                        "Rows Removed by Join Filter": 920403705,
                        "Plans": [
                          {
                            "Node Type": "Nested Loop",
                            "Parent Relationship": "Outer",
                            "Parallel Aware": false,
                            "Join Type": "Inner",
                            "Startup Cost": 10000009674.73,
                            "Total Cost": 10000289220.48,
                            "Plan Rows": 35,
                            "Plan Width": 8,
                            "Actual Startup Time": 69.762,
                            "Actual Total Time": 1239.927,
                            "Actual Rows": 3832,
                            "Actual Loops": 1,
                            "Inner Unique": true,
                            "Join Filter": "(mk.keyword_id = k.id)",
                            "Rows Removed by Join Filter": 1353353,
                            "Plans": [
                              {
                                "Node Type": "Merge Join",
                                "Parent Relationship": "Outer",
                                "Parallel Aware": false,
                                "Join Type": "Inner",
                                "Startup Cost": 9674.73,
                                "Total Cost": 215751.62,
                                "Plan Rows": 1175127,
                                "Plan Width": 12,
                                "Actual Startup Time": 51.388,
                                "Actual Total Time": 1054.924,
                                "Actual Rows": 453181,
                                "Actual Loops": 1,
                                "Inner Unique": false,
                                "Merge Cond": "(mk.movie_id = cc.movie_id)",
                                "Plans": [
                                  {
                                    "Node Type": "Index Scan",
                                    "Parent Relationship": "Outer",
                                    "Parallel Aware": false,
                                    "Scan Direction": "Forward",
                                    "Index Name": "movie_id_movie_keyword",
                                    "Relation Name": "movie_keyword",
                                    "Alias": "mk",
                                    "Startup Cost": 0.43,
                                    "Total Cost": 177148.48,
                                    "Plan Rows": 4523930,
                                    "Plan Width": 8,
                                    "Actual Startup Time": 0.03,
                                    "Actual Total Time": 639.881,
                                    "Actual Rows": 4523930,
                                    "Actual Loops": 1
                                  },
                                  {
                                    "Node Type": "Sort",
                                    "Parent Relationship": "Inner",
                                    "Parallel Aware": false,
                                    "Startup Cost": 9668.47,
                                    "Total Cost": 9731.79,
                                    "Plan Rows": 25329,
                                    "Plan Width": 4,
                                    "Actual Startup Time": 51.326,
                                    "Actual Total Time": 74.048,
                                    "Actual Rows": 472229,
                                    "Actual Loops": 1,
                                    "Sort Key": [
                                      "cc.movie_id"
                                    ],
                                    "Sort Method": "quicksort",
                                    "Sort Space Used": 3526,
                                    "Sort Space Type": "Memory",
                                    "Plans": [
                                      {
                                        "Node Type": "Merge Join",
                                        "Parent Relationship": "Outer",
                                        "Parallel Aware": false,
                                        "Join Type": "Inner",
                                        "Startup Cost": 7393.68,
                                        "Total Cost": 7815.84,
                                        "Plan Rows": 25329,
                                        "Plan Width": 4,
                                        "Actual Startup Time": 37.958,
                                        "Actual Total Time": 43.239,
                                        "Actual Rows": 42432,
                                        "Actual Loops": 1,
                                        "Inner Unique": false,
                                        "Merge Cond": "(cct2.id = cc.status_id)",
                                        "Plans": [
                                          {
                                            "Node Type": "Sort",
                                            "Parent Relationship": "Outer",
                                            "Parallel Aware": false,
                                            "Startup Cost": 1.07,
                                            "Total Cost": 1.08,
                                            "Plan Rows": 3,
                                            "Plan Width": 4,
                                            "Actual Startup Time": 0.022,
                                            "Actual Total Time": 0.024,
                                            "Actual Rows": 3,
                                            "Actual Loops": 1,
                                            "Sort Key": [
                                              "cct2.id"
                                            ],
                                            "Sort Method": "quicksort",
                                            "Sort Space Used": 25,
                                            "Sort Space Type": "Memory",
                                            "Plans": [
                                              {
                                                "Node Type": "Seq Scan",
                                                "Parent Relationship": "Outer",
                                                "Parallel Aware": false,
                                                "Relation Name": "comp_cast_type",
                                                "Alias": "cct2",
                                                "Startup Cost": 0.0,
                                                "Total Cost": 1.05,
                                                "Plan Rows": 3,
                                                "Plan Width": 4,
                                                "Actual Startup Time": 0.017,
                                                "Actual Total Time": 0.018,
                                                "Actual Rows": 3,
                                                "Actual Loops": 1,
                                                "Filter": "((kind)::text <> 'complete+verified'::text)",
                                                "Rows Removed by Filter": 1
                                              }
                                            ]
                                          },
                                          {
                                            "Node Type": "Sort",
                                            "Parent Relationship": "Inner",
                                            "Parallel Aware": false,
                                            "Startup Cost": 7392.6,
                                            "Total Cost": 7477.03,
                                            "Plan Rows": 33772,
                                            "Plan Width": 8,
                                            "Actual Startup Time": 37.924,
                                            "Actual Total Time": 39.491,
                                            "Actual Rows": 42433,
                                            "Actual Loops": 1,
                                            "Sort Key": [
                                              "cc.status_id"
                                            ],
                                            "Sort Method": "quicksort",
                                            "Sort Space Used": 3840,
                                            "Sort Space Type": "Memory",
                                            "Plans": [
                                              {
                                                "Node Type": "Merge Join",
                                                "Parent Relationship": "Outer",
                                                "Parallel Aware": false,
                                                "Join Type": "Inner",
                                                "Startup Cost": 0.55,
                                                "Total Cost": 4852.35,
                                                "Plan Rows": 33772,
                                                "Plan Width": 8,
                                                "Actual Startup Time": 15.114,
                                                "Actual Total Time": 30.702,
                                                "Actual Rows": 49145,
                                                "Actual Loops": 1,
                                                "Inner Unique": false,
                                                "Merge Cond": "(cct1.id = cc.subject_id)",
                                                "Plans": [
                                                  {
                                                    "Node Type": "Index Scan",
                                                    "Parent Relationship": "Outer",
                                                    "Parallel Aware": false,
                                                    "Scan Direction": "Forward",
                                                    "Index Name": "comp_cast_type_pkey",
                                                    "Relation Name": "comp_cast_type",
                                                    "Alias": "cct1",
                                                    "Startup Cost": 0.13,
                                                    "Total Cost": 12.2,
                                                    "Plan Rows": 1,
                                                    "Plan Width": 4,
                                                    "Actual Startup Time": 0.006,
                                                    "Actual Total Time": 0.009,
                                                    "Actual Rows": 1,
                                                    "Actual Loops": 1,
                                                    "Filter": "((kind)::text = 'crew'::text)",
                                                    "Rows Removed by Filter": 3
                                                  },
                                                  {
                                                    "Node Type": "Index Scan",
                                                    "Parent Relationship": "Inner",
                                                    "Parallel Aware": false,
                                                    "Scan Direction": "Forward",
                                                    "Index Name": "subject_id_complete_cast",
                                                    "Relation Name": "complete_cast",
                                                    "Alias": "cc",
                                                    "Startup Cost": 0.42,
                                                    "Total Cost": 4164.71,
                                                    "Plan Rows": 135086,
                                                    "Plan Width": 12,
                                                    "Actual Startup Time": 0.042,
                                                    "Actual Total Time": 19.757,
                                                    "Actual Rows": 135086,
                                                    "Actual Loops": 1
                                                  }
                                                ]
                                              }
                                            ]
                                          }
                                        ]
                                      }
                                    ]
                                  }
                                ]
                              },
                              {
                                "Node Type": "Materialize",
                                "Parent Relationship": "Inner",
                                "Parallel Aware": false,
                                "Startup Cost": 0.0,
                                "Total Cost": 2961.57,
                                "Plan Rows": 4,
                                "Plan Width": 4,
                                "Actual Startup Time": 0.0,
                                "Actual Total Time": 0.0,
                                "Actual Rows": 3,
                                "Actual Loops": 453181,
                                "Plans": [
                                  {
                                    "Node Type": "Seq Scan",
                                    "Parent Relationship": "Outer",
                                    "Parallel Aware": false,
                                    "Relation Name": "keyword",
                                    "Alias": "k",
                                    "Startup Cost": 0.0,
                                    "Total Cost": 2961.55,
                                    "Plan Rows": 4,
                                    "Plan Width": 4,
                                    "Actual Startup Time": 0.761,
                                    "Actual Total Time": 15.509,
                                    "Actual Rows": 3,
                                    "Actual Loops": 1,
                                    "Filter": "(keyword = ANY ('{murder,murder-in-title,blood,violence}'::text[]))",
                                    "Rows Removed by Filter": 134167
                                  }
                                ]
                              }
                            ]
                          },
                          {
                            "Node Type": "Materialize",
                            "Parent Relationship": "Inner",
                            "Parallel Aware": false,
                            "Startup Cost": 531379.63,
                            "Total Cost": 534854.67,
                            "Plan Rows": 106924,
                            "Plan Width": 29,
                            "Actual Startup Time": 0.74,
                            "Actual Total Time": 9.058,
                            "Actual Rows": 240189,
                            "Actual Loops": 3832,
                            "Plans": [
                              {
                                "Node Type": "Merge Join",
                                "Parent Relationship": "Outer",
                                "Parallel Aware": false,
                                "Join Type": "Inner",
                                "Startup Cost": 531379.63,
                                "Total Cost": 534320.05,
                                "Plan Rows": 106924,
                                "Plan Width": 29,
                                "Actual Startup Time": 2834.112,
                                "Actual Total Time": 2899.825,
                                "Actual Rows": 240189,
                                "Actual Loops": 1,
                                "Inner Unique": false,
                                "Merge Cond": "(kt.id = t.kind_id)",
                                "Plans": [
                                  {
                                    "Node Type": "Sort",
                                    "Parent Relationship": "Outer",
                                    "Parallel Aware": false,
                                    "Startup Cost": 1.1,
                                    "Total Cost": 1.1,
                                    "Plan Rows": 2,
                                    "Plan Width": 4,
                                    "Actual Startup Time": 0.02,
                                    "Actual Total Time": 0.033,
                                    "Actual Rows": 2,
                                    "Actual Loops": 1,
                                    "Sort Key": [
                                      "kt.id"
                                    ],
                                    "Sort Method": "quicksort",
                                    "Sort Space Used": 25,
                                    "Sort Space Type": "Memory",
                                    "Plans": [
                                      {
                                        "Node Type": "Seq Scan",
                                        "Parent Relationship": "Outer",
                                        "Parallel Aware": false,
                                        "Relation Name": "kind_type",
                                        "Alias": "kt",
                                        "Startup Cost": 0.0,
                                        "Total Cost": 1.09,
                                        "Plan Rows": 2,
                                        "Plan Width": 4,
                                        "Actual Startup Time": 0.01,
                                        "Actual Total Time": 0.011,
                                        "Actual Rows": 2,
                                        "Actual Loops": 1,
                                        "Filter": "((kind)::text = ANY ('{movie,episode}'::text[]))",
                                        "Rows Removed by Filter": 5
                                      }
                                    ]
                                  },
                                  {
                                    "Node Type": "Sort",
                                    "Parent Relationship": "Inner",
                                    "Parallel Aware": false,
                                    "Startup Cost": 531378.54,
                                    "Total Cost": 532314.12,
                                    "Plan Rows": 374234,
                                    "Plan Width": 33,
                                    "Actual Startup Time": 2834.081,
                                    "Actual Total Time": 2859.944,
                                    "Actual Rows": 370604,
                                    "Actual Loops": 1,
                                    "Sort Key": [
                                      "t.kind_id"
                                    ],
                                    "Sort Method": "quicksort",
                                    "Sort Space Used": 43976,
                                    "Sort Space Type": "Memory",
                                    "Plans": [
                                      {
                                        "Node Type": "Gather",
                                        "Parent Relationship": "Outer",
                                        "Parallel Aware": false,
                                        "Startup Cost": 450941.0,
                                        "Total Cost": 496736.48,
                                        "Plan Rows": 374234,
                                        "Plan Width": 33,
                                        "Actual Startup Time": 1886.947,
                                        "Actual Total Time": 2734.378,
                                        "Actual Rows": 370604,
                                        "Actual Loops": 1,
                                        "Workers Planned": 5,
                                        "Workers Launched": 5,
                                        "Single Copy": false,
                                        "Plans": [
                                          {
                                            "Node Type": "Merge Join",
                                            "Parent Relationship": "Outer",
                                            "Parallel Aware": false,
                                            "Join Type": "Inner",
                                            "Startup Cost": 449941.0,
                                            "Total Cost": 458313.08,
                                            "Plan Rows": 74847,
                                            "Plan Width": 33,
                                            "Actual Startup Time": 2164.586,
                                            "Actual Total Time": 2567.105,
                                            "Actual Rows": 61767,
                                            "Actual Loops": 6,
                                            "Inner Unique": true,
                                            "Merge Cond": "(mi.movie_id = t.id)",
                                            "Plans": [
                                              {
                                                "Node Type": "Sort",
                                                "Parent Relationship": "Outer",
                                                "Parallel Aware": false,
                                                "Startup Cost": 240511.64,
                                                "Total Cost": 240852.02,
                                                "Plan Rows": 136153,
                                                "Plan Width": 8,
                                                "Actual Startup Time": 925.607,
                                                "Actual Total Time": 933.555,
                                                "Actual Rows": 119368,
                                                "Actual Loops": 6,
                                                "Sort Key": [
                                                  "mi.movie_id"
                                                ],
                                                "Sort Method": "quicksort",
                                                "Sort Space Used": 14299,
                                                "Sort Space Type": "Memory",
                                                "Workers": [
                                                  {
                                                    "Worker Number": 0,
                                                    "Sort Method": "quicksort",
                                                    "Sort Space Used": 8148,
                                                    "Sort Space Type": "Memory"
                                                  },
                                                  {
                                                    "Worker Number": 1,
                                                    "Sort Method": "quicksort",
                                                    "Sort Space Used": 8174,
                                                    "Sort Space Type": "Memory"
                                                  },
                                                  {
                                                    "Worker Number": 2,
                                                    "Sort Method": "quicksort",
                                                    "Sort Space Used": 8102,
                                                    "Sort Space Type": "Memory"
                                                  },
                                                  {
                                                    "Worker Number": 3,
                                                    "Sort Method": "quicksort",
                                                    "Sort Space Used": 8196,
                                                    "Sort Space Type": "Memory"
                                                  },
                                                  {
                                                    "Worker Number": 4,
                                                    "Sort Method": "quicksort",
                                                    "Sort Space Used": 8161,
                                                    "Sort Space Type": "Memory"
                                                  }
                                                ],
                                                "Plans": [
                                                  {
                                                    "Node Type": "Seq Scan",
                                                    "Parent Relationship": "Outer",
                                                    "Parallel Aware": true,
                                                    "Relation Name": "movie_info",
                                                    "Alias": "mi",
                                                    "Startup Cost": 0.0,
                                                    "Total Cost": 228901.28,
                                                    "Plan Rows": 136153,
                                                    "Plan Width": 8,
                                                    "Actual Startup Time": 0.337,
                                                    "Actual Total Time": 886.559,
                                                    "Actual Rows": 119368,
                                                    "Actual Loops": 6,
                                                    "Filter": "(info = ANY ('{Sweden,Norway,Germany,Denmark,Swedish,Danish,Norwegian,German,USA,American}'::text[]))",
                                                    "Rows Removed by Filter": 2353252
                                                  }
                                                ]
                                              },
                                              {
                                                "Node Type": "Sort",
                                                "Parent Relationship": "Inner",
                                                "Parallel Aware": false,
                                                "Startup Cost": 209429.18,
                                                "Total Cost": 212904.15,
                                                "Plan Rows": 1389987,
                                                "Plan Width": 25,
                                                "Actual Startup Time": 1238.61,
                                                "Actual Total Time": 1448.747,
                                                "Actual Rows": 1381118,
                                                "Actual Loops": 6,
                                                "Sort Key": [
                                                  "t.id"
                                                ],
                                                "Sort Method": "quicksort",
                                                "Sort Space Used": 153732,
                                                "Sort Space Type": "Memory",
                                                "Workers": [
                                                  {
                                                    "Worker Number": 0,
                                                    "Sort Method": "quicksort",
                                                    "Sort Space Used": 153732,
                                                    "Sort Space Type": "Memory"
                                                  },
                                                  {
                                                    "Worker Number": 1,
                                                    "Sort Method": "quicksort",
                                                    "Sort Space Used": 153732,
                                                    "Sort Space Type": "Memory"
                                                  },
                                                  {
                                                    "Worker Number": 2,
                                                    "Sort Method": "quicksort",
                                                    "Sort Space Used": 153732,
                                                    "Sort Space Type": "Memory"
                                                  },
                                                  {
                                                    "Worker Number": 3,
                                                    "Sort Method": "quicksort",
                                                    "Sort Space Used": 153732,
                                                    "Sort Space Type": "Memory"
                                                  },
                                                  {
                                                    "Worker Number": 4,
                                                    "Sort Method": "quicksort",
                                                    "Sort Space Used": 153732,
                                                    "Sort Space Type": "Memory"
                                                  }
                                                ],
                                                "Plans": [
                                                  {
                                                    "Node Type": "Seq Scan",
                                                    "Parent Relationship": "Outer",
                                                    "Parallel Aware": false,
                                                    "Relation Name": "title",
                                                    "Alias": "t",
                                                    "Startup Cost": 0.0,
                                                    "Total Cost": 67604.36,
                                                    "Plan Rows": 1389987,
                                                    "Plan Width": 25,
                                                    "Actual Startup Time": 0.059,
                                                    "Actual Total Time": 541.316,
                                                    "Actual Rows": 1381453,
                                                    "Actual Loops": 6,
                                                    "Filter": "(production_year > 2000)",
                                                    "Rows Removed by Filter": 1146859
                                                  }
                                                ]
                                              }
                                            ]
                                          }
                                        ]
                                      }
                                    ]
                                  }
                                ]
                              }
                            ]
                          }
                        ]
                      }
                    ]
                  }
                ]
              }
            ]
          },
          {
            "Node Type": "Sort",
            "Parent Relationship": "Inner",
            "Parallel Aware": false,
            "Startup Cost": 2.42,
            "Total Cost": 2.43,
            "Plan Rows": 1,
            "Plan Width": 4,
            "Actual Startup Time": 0.036,
            "Actual Total Time": 0.037,
            "Actual Rows": 1,
            "Actual Loops": 1,
            "Sort Key": [
              "it1.id"
            ],
            "Sort Method": "quicksort",
            "Sort Space Used": 25,
            "Sort Space Type": "Memory",
            "Plans": [
              {
                "Node Type": "Seq Scan",
                "Parent Relationship": "Outer",
                "Parallel Aware": false,
                "Relation Name": "info_type",
                "Alias": "it1",
                "Startup Cost": 0.0,
                "Total Cost": 2.41,
                "Plan Rows": 1,
                "Plan Width": 4,
                "Actual Startup Time": 0.019,
                "Actual Total Time": 0.024,
                "Actual Rows": 1,
                "Actual Loops": 1,
                "Filter": "((info)::text = 'countries'::text)",
                "Rows Removed by Filter": 112
              }
            ]
          }
        ]
      }
    ]
  },
  "Planning Time": 306.202,
  "Triggers": [],
  "Execution Time": 84957.21
}