[
    {
        "Bao": {
            "Bao prediction": 451.971,
            "Bao recommended hint": "SET enable_mergejoin TO off; SET enable_indexscan TO off; "
        }
    },
    {
        "Plan": {
            "Node Type": "Aggregate",
            "Strategy": "Plain",
            "Partial Mode": "Finalize",
            "Parallel Aware": false,
            "Startup Cost": 345354.65,
            "Total Cost": 345354.66,
            "Plan Rows": 1,
            "Plan Width": 8,
            "Actual Startup Time": 750.684,
            "Actual Total Time": 781.932,
            "Actual Rows": 1,
            "Actual Loops": 1,
            "Output": [
                "count(*)"
            ],
            "Plans": [
                {
                    "Node Type": "Gather",
                    "Parent Relationship": "Outer",
                    "Parallel Aware": false,
                    "Startup Cost": 345354.03,
                    "Total Cost": 345354.64,
                    "Plan Rows": 6,
                    "Plan Width": 8,
                    "Actual Startup Time": 750.551,
                    "Actual Total Time": 781.922,
                    "Actual Rows": 7,
                    "Actual Loops": 1,
                    "Output": [
                        "(PARTIAL count(*))"
                    ],
                    "Workers Planned": 6,
                    "Workers Launched": 6,
                    "Single Copy": false,
                    "Plans": [
                        {
                            "Node Type": "Aggregate",
                            "Strategy": "Plain",
                            "Partial Mode": "Partial",
                            "Parent Relationship": "Outer",
                            "Parallel Aware": false,
                            "Startup Cost": 344354.03,
                            "Total Cost": 344354.04,
                            "Plan Rows": 1,
                            "Plan Width": 8,
                            "Actual Startup Time": 741.105,
                            "Actual Total Time": 741.107,
                            "Actual Rows": 1,
                            "Actual Loops": 7,
                            "Output": [
                                "PARTIAL count(*)"
                            ],
                            "Workers": [
                                {
                                    "Worker Number": 0,
                                    "Actual Startup Time": 738.947,
                                    "Actual Total Time": 738.948,
                                    "Actual Rows": 1,
                                    "Actual Loops": 1
                                },
                                {
                                    "Worker Number": 1,
                                    "Actual Startup Time": 739.299,
                                    "Actual Total Time": 739.3,
                                    "Actual Rows": 1,
                                    "Actual Loops": 1
                                },
                                {
                                    "Worker Number": 2,
                                    "Actual Startup Time": 739.487,
                                    "Actual Total Time": 739.489,
                                    "Actual Rows": 1,
                                    "Actual Loops": 1
                                },
                                {
                                    "Worker Number": 3,
                                    "Actual Startup Time": 739.657,
                                    "Actual Total Time": 739.658,
                                    "Actual Rows": 1,
                                    "Actual Loops": 1
                                },
                                {
                                    "Worker Number": 4,
                                    "Actual Startup Time": 740.23,
                                    "Actual Total Time": 740.23,
                                    "Actual Rows": 1,
                                    "Actual Loops": 1
                                },
                                {
                                    "Worker Number": 5,
                                    "Actual Startup Time": 740.359,
                                    "Actual Total Time": 740.36,
                                    "Actual Rows": 1,
                                    "Actual Loops": 1
                                }
                            ],
                            "Plans": [
                                {
                                    "Node Type": "Seq Scan",
                                    "Parent Relationship": "Outer",
                                    "Parallel Aware": true,
                                    "Relation Name": "cast_info",
                                    "Schema": "public",
                                    "Alias": "ci",
                                    "Startup Cost": 0.0,
                                    "Total Cost": 343318.94,
                                    "Plan Rows": 414035,
                                    "Plan Width": 0,
                                    "Actual Startup Time": 359.42,
                                    "Actual Total Time": 726.006,
                                    "Actual Rows": 256394,
                                    "Actual Loops": 7,
                                    "Output": [
                                        "id",
                                        "person_id",
                                        "movie_id",
                                        "person_role_id",
                                        "note",
                                        "nr_order",
                                        "role_id"
                                    ],
                                    "Filter": "((ci.person_id > 2466321) AND (ci.role_id = 2))",
                                    "Rows Removed by Filter": 4921370,
                                    "Workers": [
                                        {
                                            "Worker Number": 0,
                                            "Actual Startup Time": 357.258,
                                            "Actual Total Time": 723.985,
                                            "Actual Rows": 227325,
                                            "Actual Loops": 1
                                        },
                                        {
                                            "Worker Number": 1,
                                            "Actual Startup Time": 357.619,
                                            "Actual Total Time": 724.405,
                                            "Actual Rows": 225676,
                                            "Actual Loops": 1
                                        },
                                        {
                                            "Worker Number": 2,
                                            "Actual Startup Time": 357.816,
                                            "Actual Total Time": 724.43,
                                            "Actual Rows": 228356,
                                            "Actual Loops": 1
                                        },
                                        {
                                            "Worker Number": 3,
                                            "Actual Startup Time": 357.967,
                                            "Actual Total Time": 724.827,
                                            "Actual Rows": 225499,
                                            "Actual Loops": 1
                                        },
                                        {
                                            "Worker Number": 4,
                                            "Actual Startup Time": 358.538,
                                            "Actual Total Time": 725.186,
                                            "Actual Rows": 227809,
                                            "Actual Loops": 1
                                        },
                                        {
                                            "Worker Number": 5,
                                            "Actual Startup Time": 358.678,
                                            "Actual Total Time": 725.38,
                                            "Actual Rows": 227739,
                                            "Actual Loops": 1
                                        }
                                    ]
                                }
                            ]
                        }
                    ]
                }
            ]
        },
        "Planning Time": 568.867,
        "Triggers": [],
        "Execution Time": 782.047
    }
]