[
  {
    "Plan": {
      "Node Type": "Aggregate",
      "Strategy": "Plain",
      "Partial Mode": "Finalize",
      "Parallel Aware": false,
      "Startup Cost": 32983.02,
      "Total Cost": 32983.03,
      "Plan Rows": 1,
      "Plan Width": 8,
      "Actual Startup Time": 77.492,
      "Actual Total Time": 85.662,
      "Actual Rows": 1,
      "Actual Loops": 1,
      "Plans": [
        {
          "Node Type": "Gather",
          "Parent Relationship": "Outer",
          "Parallel Aware": false,
          "Startup Cost": 32982.7,
          "Total Cost": 32983.01,
          "Plan Rows": 3,
          "Plan Width": 8,
          "Actual Startup Time": 77.351,
          "Actual Total Time": 85.648,
          "Actual Rows": 4,
          "Actual Loops": 1,
          "Workers Planned": 3,
          "Workers Launched": 3,
          "Single Copy": false,
          "Plans": [
            {
              "Node Type": "Aggregate",
              "Strategy": "Plain",
              "Partial Mode": "Partial",
              "Parent Relationship": "Outer",
              "Parallel Aware": false,
              "Startup Cost": 31982.7,
              "Total Cost": 31982.71,
              "Plan Rows": 1,
              "Plan Width": 8,
              "Actual Startup Time": 74.088,
              "Actual Total Time": 74.09,
              "Actual Rows": 1,
              "Actual Loops": 4,
              "Plans": [
                {
                  "Node Type": "Seq Scan",
                  "Parent Relationship": "Outer",
                  "Parallel Aware": true,
                  "Relation Name": "movie_companies",
                  "Alias": "mc",
                  "Startup Cost": 0.0,
                  "Total Cost": 31414.82,
                  "Plan Rows": 227153,
                  "Plan Width": 0,
                  "Actual Startup Time": 10.456,
                  "Actual Total Time": 68.835,
                  "Actual Rows": 121060,
                  "Actual Loops": 4,
                  "Filter": "((company_id > 10146) AND (company_type_id < 2))",
                  "Rows Removed by Filter": 531222
                }
              ]
            }
          ]
        }
      ]
    },
    "Planning Time": 0.138,
    "Triggers": [],
    "Execution Time": 85.7
  }
]