{
  "Plan": {
    "Node Type": "Aggregate",
    "Strategy": "Plain",
    "Partial Mode": "Finalize",
    "Parallel Aware": false,
    "Startup Cost": 106755.32,
    "Total Cost": 106755.33,
    "Plan Rows": 1,
    "Plan Width": 8,
    "Actual Startup Time": 500.973,
    "Actual Total Time": 516.735,
    "Actual Rows": 1,
    "Actual Loops": 1,
    "Plans": [
      {
        "Node Type": "Gather",
        "Parent Relationship": "Outer",
        "Parallel Aware": false,
        "Startup Cost": 106755.21,
        "Total Cost": 106755.32,
        "Plan Rows": 1,
        "Plan Width": 8,
        "Actual Startup Time": 498.495,
        "Actual Total Time": 516.726,
        "Actual Rows": 2,
        "Actual Loops": 1,
        "Workers Planned": 1,
        "Workers Launched": 1,
        "Single Copy": false,
        "Plans": [
          {
            "Node Type": "Aggregate",
            "Strategy": "Plain",
            "Partial Mode": "Partial",
            "Parent Relationship": "Outer",
            "Parallel Aware": false,
            "Startup Cost": 105755.21,
            "Total Cost": 105755.22,
            "Plan Rows": 1,
            "Plan Width": 8,
            "Actual Startup Time": 493.946,
            "Actual Total Time": 493.949,
            "Actual Rows": 1,
            "Actual Loops": 2,
            "Plans": [
              {
                "Node Type": "Hash Join",
                "Parent Relationship": "Outer",
                "Parallel Aware": true,
                "Join Type": "Inner",
                "Startup Cost": 61878.3,
                "Total Cost": 105193.66,
                "Plan Rows": 224619,
                "Plan Width": 0,
                "Actual Startup Time": 325.071,
                "Actual Total Time": 485.346,
                "Actual Rows": 222967,
                "Actual Loops": 2,
                "Inner Unique": true,
                "Hash Cond": "(mc.movie_id = t.id)",
                "Plans": [
                  {
                    "Node Type": "Seq Scan",
                    "Parent Relationship": "Outer",
                    "Parallel Aware": true,
                    "Relation Name": "movie_companies",
                    "Alias": "mc",
                    "Startup Cost": 0.0,
                    "Total Cost": 41811.73,
                    "Plan Rows": 572812,
                    "Plan Width": 4,
                    "Actual Startup Time": 50.898,
                    "Actual Total Time": 110.179,
                    "Actual Rows": 332555,
                    "Actual Loops": 2,
                    "Filter": "((company_id < 44462) AND (company_type_id = 2))",
                    "Rows Removed by Filter": 972010
                  },
                  {
                    "Node Type": "Hash",
                    "Parent Relationship": "Inner",
                    "Parallel Aware": true,
                    "Startup Cost": 54588.39,
                    "Total Cost": 54588.39,
                    "Plan Rows": 583193,
                    "Plan Width": 4,
                    "Actual Startup Time": 264.716,
                    "Actual Total Time": 264.717,
                    "Actual Rows": 492524,
                    "Actual Loops": 2,
                    "Hash Buckets": 1048576,
                    "Original Hash Buckets": 1048576,
                    "Hash Batches": 1,
                    "Original Hash Batches": 1,
                    "Peak Memory Usage": 46752,
                    "Plans": [
                      {
                        "Node Type": "Seq Scan",
                        "Parent Relationship": "Outer",
                        "Parallel Aware": true,
                        "Relation Name": "title",
                        "Alias": "t",
                        "Startup Cost": 0.0,
                        "Total Cost": 54588.39,
                        "Plan Rows": 583193,
                        "Plan Width": 4,
                        "Actual Startup Time": 0.045,
                        "Actual Total Time": 151.886,
                        "Actual Rows": 492524,
                        "Actual Loops": 2,
                        "Filter": "(kind_id < 7)",
                        "Rows Removed by Filter": 771632
                      }
                    ]
                  }
                ]
              }
            ]
          }
        ]
      }
    ]
  },
  "Planning Time": 0.661,
  "Triggers": [],
  "Execution Time": 516.804
}