[
  {
    "Plan": {
      "Node Type": "Aggregate",
      "Strategy": "Plain",
      "Partial Mode": "Finalize",
      "Parallel Aware": false,
      "Startup Cost": 44715.51,
      "Total Cost": 44715.52,
      "Plan Rows": 1,
      "Plan Width": 8,
      "Actual Startup Time": 137.644,
      "Actual Total Time": 147.854,
      "Actual Rows": 1,
      "Actual Loops": 1,
      "Plans": [
        {
          "Node Type": "Gather",
          "Parent Relationship": "Outer",
          "Parallel Aware": false,
          "Startup Cost": 44715.2,
          "Total Cost": 44715.51,
          "Plan Rows": 3,
          "Plan Width": 8,
          "Actual Startup Time": 137.523,
          "Actual Total Time": 147.846,
          "Actual Rows": 4,
          "Actual Loops": 1,
          "Workers Planned": 3,
          "Workers Launched": 3,
          "Single Copy": false,
          "Plans": [
            {
              "Node Type": "Aggregate",
              "Strategy": "Plain",
              "Partial Mode": "Partial",
              "Parent Relationship": "Outer",
              "Parallel Aware": false,
              "Startup Cost": 43715.2,
              "Total Cost": 43715.21,
              "Plan Rows": 1,
              "Plan Width": 8,
              "Actual Startup Time": 130.819,
              "Actual Total Time": 130.821,
              "Actual Rows": 1,
              "Actual Loops": 4,
              "Plans": [
                {
                  "Node Type": "Seq Scan",
                  "Parent Relationship": "Outer",
                  "Parallel Aware": true,
                  "Relation Name": "movie_keyword",
                  "Alias": "mk",
                  "Startup Cost": 0.0,
                  "Total Cost": 42695.65,
                  "Plan Rows": 407817,
                  "Plan Width": 0,
                  "Actual Startup Time": 2.068,
                  "Actual Total Time": 113.844,
                  "Actual Rows": 317388,
                  "Actual Loops": 4,
                  "Filter": "(keyword_id > 14024)",
                  "Rows Removed by Filter": 813594
                }
              ]
            }
          ]
        }
      ]
    },
    "Planning Time": 0.155,
    "Triggers": [],
    "Execution Time": 147.901
  }
]