[
  {
    "Plan": {
      "Node Type": "Aggregate",
      "Strategy": "Plain",
      "Partial Mode": "Simple",
      "Parallel Aware": false,
      "Startup Cost": 1778403.08,
      "Total Cost": 1778403.09,
      "Plan Rows": 1,
      "Plan Width": 64,
      "Actual Startup Time": 29528.471,
      "Actual Total Time": 29528.864,
      "Actual Rows": 1,
      "Actual Loops": 1,
      "Plans": [
        {
          "Node Type": "Merge Join",
          "Parent Relationship": "Outer",
          "Parallel Aware": false,
          "Join Type": "Inner",
          "Startup Cost": 1542786.14,
          "Total Cost": 1778388.53,
          "Plan Rows": 2910,
          "Plan Width": 33,
          "Actual Startup Time": 23258.263,
          "Actual Total Time": 29109.458,
          "Actual Rows": 3710592,
          "Actual Loops": 1,
          "Inner Unique": false,
          "Merge Cond": "(an.person_id = ci.person_id)",
          "Plans": [
            {
              "Node Type": "Merge Join",
              "Parent Relationship": "Outer",
              "Parallel Aware": false,
              "Join Type": "Inner",
              "Startup Cost": 15.43,
              "Total Cost": 271852.5,
              "Plan Rows": 901343,
              "Plan Width": 24,
              "Actual Startup Time": 0.151,
              "Actual Total Time": 3881.189,
              "Actual Rows": 772582,
              "Actual Loops": 1,
              "Inner Unique": true,
              "Merge Cond": "(an.person_id = n.id)",
              "Plans": [
                {
                  "Node Type": "Index Scan",
                  "Parent Relationship": "Outer",
                  "Parallel Aware": false,
                  "Scan Direction": "Forward",
                  "Index Name": "person_id_aka_name",
                  "Relation Name": "aka_name",
                  "Alias": "an",
                  "Startup Cost": 0.42,
                  "Total Cost": 72006.77,
                  "Plan Rows": 901343,
                  "Plan Width": 20,
                  "Actual Startup Time": 0.015,
                  "Actual Total Time": 593.63,
                  "Actual Rows": 772582,
                  "Actual Loops": 1
                },
                {
                  "Node Type": "Index Only Scan",
                  "Parent Relationship": "Inner",
                  "Parallel Aware": false,
                  "Scan Direction": "Forward",
                  "Index Name": "name_pkey",
                  "Relation Name": "name",
                  "Alias": "n",
                  "Startup Cost": 0.43,
                  "Total Cost": 178171.85,
                  "Plan Rows": 4167419,
                  "Plan Width": 4,
                  "Actual Startup Time": 0.047,
                  "Actual Total Time": 2824.041,
                  "Actual Rows": 4061927,
                  "Actual Loops": 1,
                  "Heap Fetches": 4061927
                }
              ]
            },
            {
              "Node Type": "Sort",
              "Parent Relationship": "Inner",
              "Parallel Aware": false,
              "Startup Cost": 1542735.44,
              "Total Cost": 1542738.48,
              "Plan Rows": 1215,
              "Plan Width": 21,
              "Actual Startup Time": 23258.083,
              "Actual Total Time": 24451.419,
              "Actual Rows": 4968249,
              "Actual Loops": 1,
              "Sort Key": [
                "ci.person_id"
              ],
              "Sort Method": "quicksort",
              "Sort Space Used": 302846,
              "Sort Space Type": "Memory",
              "Plans": [
                {
                  "Node Type": "Merge Join",
                  "Parent Relationship": "Outer",
                  "Parallel Aware": false,
                  "Join Type": "Inner",
                  "Startup Cost": 1426092.72,
                  "Total Cost": 1542673.19,
                  "Plan Rows": 1215,
                  "Plan Width": 21,
                  "Actual Startup Time": 18158.362,
                  "Actual Total Time": 22113.688,
                  "Actual Rows": 2832555,
                  "Actual Loops": 1,
                  "Inner Unique": false,
                  "Merge Cond": "(t.id = ci.movie_id)",
                  "Plans": [
                    {
                      "Node Type": "Index Scan",
                      "Parent Relationship": "Outer",
                      "Parallel Aware": false,
                      "Scan Direction": "Forward",
                      "Index Name": "title_pkey",
                      "Relation Name": "title",
                      "Alias": "t",
                      "Startup Cost": 0.43,
                      "Total Cost": 110348.87,
                      "Plan Rows": 2528252,
                      "Plan Width": 21,
                      "Actual Startup Time": 0.017,
                      "Actual Total Time": 2795.549,
                      "Actual Rows": 2524892,
                      "Actual Loops": 1
                    },
                    {
                      "Node Type": "Sort",
                      "Parent Relationship": "Inner",
                      "Parallel Aware": false,
                      "Startup Cost": 1426089.57,
                      "Total Cost": 1426092.61,
                      "Plan Rows": 1215,
                      "Plan Width": 16,
                      "Actual Startup Time": 18130.883,
                      "Actual Total Time": 18675.445,
                      "Actual Rows": 2832555,
                      "Actual Loops": 1,
                      "Sort Key": [
                        "ci.movie_id"
                      ],
                      "Sort Method": "quicksort",
                      "Sort Space Used": 231081,
                      "Sort Space Type": "Memory",
                      "Plans": [
                        {
                          "Node Type": "Merge Join",
                          "Parent Relationship": "Outer",
                          "Parallel Aware": false,
                          "Join Type": "Inner",
                          "Startup Cost": 1413315.71,
                          "Total Cost": 1426027.32,
                          "Plan Rows": 1215,
                          "Plan Width": 16,
                          "Actual Startup Time": 14843.757,
                          "Actual Total Time": 17181.229,
                          "Actual Rows": 2832555,
                          "Actual Loops": 1,
                          "Inner Unique": false,
                          "Merge Cond": "(cn.id = mc.company_id)",
                          "Plans": [
                            {
                              "Node Type": "Index Scan",
                              "Parent Relationship": "Outer",
                              "Parallel Aware": false,
                              "Scan Direction": "Forward",
                              "Index Name": "company_name_pkey",
                              "Relation Name": "company_name",
                              "Alias": "cn",
                              "Startup Cost": 0.42,
                              "Total Cost": 12474.79,
                              "Plan Rows": 84928,
                              "Plan Width": 4,
                              "Actual Startup Time": 0.02,
                              "Actual Total Time": 224.651,
                              "Actual Rows": 84843,
                              "Actual Loops": 1,
                              "Filter": "((country_code)::text = '[us]'::text)",
                              "Rows Removed by Filter": 150154
                            },
                            {
                              "Node Type": "Sort",
                              "Parent Relationship": "Inner",
                              "Parallel Aware": false,
                              "Startup Cost": 1413315.28,
                              "Total Cost": 1413323.69,
                              "Plan Rows": 3362,
                              "Plan Width": 20,
                              "Actual Startup Time": 14843.723,
                              "Actual Total Time": 16051.122,
                              "Actual Rows": 7796926,
                              "Actual Loops": 1,
                              "Sort Key": [
                                "mc.company_id"
                              ],
                              "Sort Method": "quicksort",
                              "Sort Space Used": 805743,
                              "Sort Space Type": "Memory",
                              "Plans": [
                                {
                                  "Node Type": "Merge Join",
                                  "Parent Relationship": "Outer",
                                  "Parallel Aware": false,
                                  "Join Type": "Inner",
                                  "Startup Cost": 1235316.13,
                                  "Total Cost": 1413118.35,
                                  "Plan Rows": 3362,
                                  "Plan Width": 20,
                                  "Actual Startup Time": 6146.171,
                                  "Actual Total Time": 11826.698,
                                  "Actual Rows": 7796926,
                                  "Actual Loops": 1,
                                  "Inner Unique": false,
                                  "Merge Cond": "(ci.movie_id = mc.movie_id)",
                                  "Plans": [
                                    {
                                      "Node Type": "Gather Merge",
                                      "Parent Relationship": "Outer",
                                      "Parallel Aware": false,
                                      "Startup Cost": 1235315.7,
                                      "Total Cost": 1265677.94,
                                      "Plan Rows": 1255,
                                      "Plan Width": 12,
                                      "Actual Startup Time": 6143.799,
                                      "Actual Total Time": 7822.312,
                                      "Actual Rows": 1038381,
                                      "Actual Loops": 1,
                                      "Workers Planned": 6,
                                      "Workers Launched": 6,
                                      "Plans": [
                                        {
                                          "Node Type": "Merge Join",
                                          "Parent Relationship": "Outer",
                                          "Parallel Aware": false,
                                          "Join Type": "Inner",
                                          "Startup Cost": 1234315.61,
                                          "Total Cost": 1264525.31,
                                          "Plan Rows": 209,
                                          "Plan Width": 12,
                                          "Actual Startup Time": 5837.874,
                                          "Actual Total Time": 8240.659,
                                          "Actual Rows": 148342,
                                          "Actual Loops": 7,
                                          "Inner Unique": false,
                                          "Merge Cond": "(ci.movie_id = mk.movie_id)",
                                          "Plans": [
                                            {
                                              "Node Type": "Sort",
                                              "Parent Relationship": "Outer",
                                              "Parallel Aware": false,
                                              "Startup Cost": 993845.26,
                                              "Total Cost": 1008954.3,
                                              "Plan Rows": 6043616,
                                              "Plan Width": 8,
                                              "Actual Startup Time": 5310.971,
                                              "Actual Total Time": 6792.049,
                                              "Actual Rows": 5177574,
                                              "Actual Loops": 7,
                                              "Sort Key": [
                                                "ci.movie_id"
                                              ],
                                              "Sort Method": "quicksort",
                                              "Sort Space Used": 405590,
                                              "Sort Space Type": "Memory",
                                              "Workers": [
                                                {
                                                  "Worker Number": 0,
                                                  "Sort Method": "quicksort",
                                                  "Sort Space Used": 449428,
                                                  "Sort Space Type": "Memory"
                                                },
                                                {
                                                  "Worker Number": 1,
                                                  "Sort Method": "quicksort",
                                                  "Sort Space Used": 473072,
                                                  "Sort Space Type": "Memory"
                                                },
                                                {
                                                  "Worker Number": 2,
                                                  "Sort Method": "quicksort",
                                                  "Sort Space Used": 414411,
                                                  "Sort Space Type": "Memory"
                                                },
                                                {
                                                  "Worker Number": 3,
                                                  "Sort Method": "quicksort",
                                                  "Sort Space Used": 468188,
                                                  "Sort Space Type": "Memory"
                                                },
                                                {
                                                  "Worker Number": 4,
                                                  "Sort Method": "quicksort",
                                                  "Sort Space Used": 464032,
                                                  "Sort Space Type": "Memory"
                                                },
                                                {
                                                  "Worker Number": 5,
                                                  "Sort Method": "quicksort",
                                                  "Sort Space Used": 400492,
                                                  "Sort Space Type": "Memory"
                                                }
                                              ],
                                              "Plans": [
                                                {
                                                  "Node Type": "Seq Scan",
                                                  "Parent Relationship": "Outer",
                                                  "Parallel Aware": true,
                                                  "Relation Name": "cast_info",
                                                  "Alias": "ci",
                                                  "Startup Cost": 0.0,
                                                  "Total Cost": 313123.16,
                                                  "Plan Rows": 6043616,
                                                  "Plan Width": 8,
                                                  "Actual Startup Time": 0.072,
                                                  "Actual Total Time": 1585.005,
                                                  "Actual Rows": 5177763,
                                                  "Actual Loops": 7
                                                }
                                              ]
                                            },
                                            {
                                              "Node Type": "Sort",
                                              "Parent Relationship": "Inner",
                                              "Parallel Aware": false,
                                              "Startup Cost": 240463.55,
                                              "Total Cost": 240463.64,
                                              "Plan Rows": 34,
                                              "Plan Width": 4,
                                              "Actual Startup Time": 526.716,
                                              "Actual Total Time": 548.565,
                                              "Actual Rows": 158776,
                                              "Actual Loops": 7,
                                              "Sort Key": [
                                                "mk.movie_id"
                                              ],
                                              "Sort Method": "quicksort",
                                              "Sort Space Used": 3498,
                                              "Sort Space Type": "Memory",
                                              "Workers": [
                                                {
                                                  "Worker Number": 0,
                                                  "Sort Method": "quicksort",
                                                  "Sort Space Used": 3498,
                                                  "Sort Space Type": "Memory"
                                                },
                                                {
                                                  "Worker Number": 1,
                                                  "Sort Method": "quicksort",
                                                  "Sort Space Used": 3498,
                                                  "Sort Space Type": "Memory"
                                                },
                                                {
                                                  "Worker Number": 2,
                                                  "Sort Method": "quicksort",
                                                  "Sort Space Used": 3498,
                                                  "Sort Space Type": "Memory"
                                                },
                                                {
                                                  "Worker Number": 3,
                                                  "Sort Method": "quicksort",
                                                  "Sort Space Used": 3498,
                                                  "Sort Space Type": "Memory"
                                                },
                                                {
                                                  "Worker Number": 4,
                                                  "Sort Method": "quicksort",
                                                  "Sort Space Used": 3498,
                                                  "Sort Space Type": "Memory"
                                                },
                                                {
                                                  "Worker Number": 5,
                                                  "Sort Method": "quicksort",
                                                  "Sort Space Used": 3498,
                                                  "Sort Space Type": "Memory"
                                                }
                                              ],
                                              "Plans": [
                                                {
                                                  "Node Type": "Merge Join",
                                                  "Parent Relationship": "Outer",
                                                  "Parallel Aware": false,
                                                  "Join Type": "Inner",
                                                  "Startup Cost": 3271.69,
                                                  "Total Cost": 240462.69,
                                                  "Plan Rows": 34,
                                                  "Plan Width": 4,
                                                  "Actual Startup Time": 468.94,
                                                  "Actual Total Time": 514.447,
                                                  "Actual Rows": 41840,
                                                  "Actual Loops": 7,
                                                  "Inner Unique": true,
                                                  "Merge Cond": "(mk.keyword_id = k.id)",
                                                  "Plans": [
                                                    {
                                                      "Node Type": "Index Scan",
                                                      "Parent Relationship": "Outer",
                                                      "Parallel Aware": false,
                                                      "Scan Direction": "Forward",
                                                      "Index Name": "keyword_id_movie_keyword",
                                                      "Relation Name": "movie_keyword",
                                                      "Alias": "mk",
                                                      "Startup Cost": 0.43,
                                                      "Total Cost": 226526.38,
                                                      "Plan Rows": 4523930,
                                                      "Plan Width": 8,
                                                      "Actual Startup Time": 0.13,
                                                      "Actual Total Time": 462.369,
                                                      "Actual Rows": 163762,
                                                      "Actual Loops": 7
                                                    },
                                                    {
                                                      "Node Type": "Sort",
                                                      "Parent Relationship": "Inner",
                                                      "Parallel Aware": false,
                                                      "Startup Cost": 2626.14,
                                                      "Total Cost": 2626.14,
                                                      "Plan Rows": 1,
                                                      "Plan Width": 4,
                                                      "Actual Startup Time": 27.593,
                                                      "Actual Total Time": 27.595,
                                                      "Actual Rows": 1,
                                                      "Actual Loops": 7,
                                                      "Sort Key": [
                                                        "k.id"
                                                      ],
                                                      "Sort Method": "quicksort",
                                                      "Sort Space Used": 25,
                                                      "Sort Space Type": "Memory",
                                                      "Workers": [
                                                        {
                                                          "Worker Number": 0,
                                                          "Sort Method": "quicksort",
                                                          "Sort Space Used": 25,
                                                          "Sort Space Type": "Memory"
                                                        },
                                                        {
                                                          "Worker Number": 1,
                                                          "Sort Method": "quicksort",
                                                          "Sort Space Used": 25,
                                                          "Sort Space Type": "Memory"
                                                        },
                                                        {
                                                          "Worker Number": 2,
                                                          "Sort Method": "quicksort",
                                                          "Sort Space Used": 25,
                                                          "Sort Space Type": "Memory"
                                                        },
                                                        {
                                                          "Worker Number": 3,
                                                          "Sort Method": "quicksort",
                                                          "Sort Space Used": 25,
                                                          "Sort Space Type": "Memory"
                                                        },
                                                        {
                                                          "Worker Number": 4,
                                                          "Sort Method": "quicksort",
                                                          "Sort Space Used": 25,
                                                          "Sort Space Type": "Memory"
                                                        },
                                                        {
                                                          "Worker Number": 5,
                                                          "Sort Method": "quicksort",
                                                          "Sort Space Used": 25,
                                                          "Sort Space Type": "Memory"
                                                        }
                                                      ],
                                                      "Plans": [
                                                        {
                                                          "Node Type": "Seq Scan",
                                                          "Parent Relationship": "Outer",
                                                          "Parallel Aware": false,
                                                          "Relation Name": "keyword",
                                                          "Alias": "k",
                                                          "Startup Cost": 0.0,
                                                          "Total Cost": 2626.12,
                                                          "Plan Rows": 1,
                                                          "Plan Width": 4,
                                                          "Actual Startup Time": 1.285,
                                                          "Actual Total Time": 27.571,
                                                          "Actual Rows": 1,
                                                          "Actual Loops": 7,
                                                          "Filter": "(keyword = 'character-name-in-title'::text)",
                                                          "Rows Removed by Filter": 134169
                                                        }
                                                      ]
                                                    }
                                                  ]
                                                }
                                              ]
                                            }
                                          ]
                                        }
                                      ]
                                    },
                                    {
                                      "Node Type": "Index Scan",
                                      "Parent Relationship": "Inner",
                                      "Parallel Aware": false,
                                      "Scan Direction": "Forward",
                                      "Index Name": "movie_id_movie_companies",
                                      "Relation Name": "movie_companies",
                                      "Alias": "mc",
                                      "Startup Cost": 0.43,
                                      "Total Cost": 140880.84,
                                      "Plan Rows": 2609129,
                                      "Plan Width": 8,
                                      "Actual Startup Time": 0.078,
                                      "Actual Total Time": 2511.103,
                                      "Actual Rows": 10259851,
                                      "Actual Loops": 1
                                    }
                                  ]
                                }
                              ]
                            }
                          ]
                        }
                      ]
                    }
                  ]
                }
              ]
            }
          ]
        }
      ]
    },
    "Planning Time": 17.904,
    "Triggers": [],
    "Execution Time": 29765.688
  }
]