[
  {
    "Plan": {
      "Node Type": "Aggregate",
      "Strategy": "Plain",
      "Partial Mode": "Finalize",
      "Parallel Aware": false,
      "Startup Cost": 78297.38,
      "Total Cost": 78297.39,
      "Plan Rows": 1,
      "Plan Width": 8,
      "Actual Startup Time": 363.501,
      "Actual Total Time": 387.261,
      "Actual Rows": 1,
      "Actual Loops": 1,
      "Plans": [
        {
          "Node Type": "Gather",
          "Parent Relationship": "Outer",
          "Parallel Aware": false,
          "Startup Cost": 78297.06,
          "Total Cost": 78297.37,
          "Plan Rows": 3,
          "Plan Width": 8,
          "Actual Startup Time": 361.054,
          "Actual Total Time": 387.219,
          "Actual Rows": 4,
          "Actual Loops": 1,
          "Workers Planned": 3,
          "Workers Launched": 3,
          "Single Copy": false,
          "Plans": [
            {
              "Node Type": "Aggregate",
              "Strategy": "Plain",
              "Partial Mode": "Partial",
              "Parent Relationship": "Outer",
              "Parallel Aware": false,
              "Startup Cost": 77297.06,
              "Total Cost": 77297.07,
              "Plan Rows": 1,
              "Plan Width": 8,
              "Actual Startup Time": 352.473,
              "Actual Total Time": 352.48,
              "Actual Rows": 1,
              "Actual Loops": 4,
              "Plans": [
                {
                  "Node Type": "Hash Join",
                  "Parent Relationship": "Outer",
                  "Parallel Aware": true,
                  "Join Type": "Inner",
                  "Startup Cost": 46741.81,
                  "Total Cost": 77132.71,
                  "Plan Rows": 65739,
                  "Plan Width": 0,
                  "Actual Startup Time": 218.15,
                  "Actual Total Time": 348.186,
                  "Actual Rows": 62275,
                  "Actual Loops": 4,
                  "Inner Unique": true,
                  "Hash Cond": "(mc.movie_id = t.id)",
                  "Plans": [
                    {
                      "Node Type": "Seq Scan",
                      "Parent Relationship": "Outer",
                      "Parallel Aware": true,
                      "Relation Name": "movie_companies",
                      "Alias": "mc",
                      "Startup Cost": 0.0,
                      "Total Cost": 29310.68,
                      "Plan Rows": 411513,
                      "Plan Width": 4,
                      "Actual Startup Time": 0.012,
                      "Actual Total Time": 101.015,
                      "Actual Rows": 318562,
                      "Actual Loops": 4,
                      "Filter": "(company_type_id = 1)",
                      "Rows Removed by Filter": 333721
                    },
                    {
                      "Node Type": "Hash",
                      "Parent Relationship": "Inner",
                      "Parallel Aware": true,
                      "Startup Cost": 45479.59,
                      "Total Cost": 45479.59,
                      "Plan Rows": 100978,
                      "Plan Width": 4,
                      "Actual Startup Time": 169.854,
                      "Actual Total Time": 169.856,
                      "Actual Rows": 74192,
                      "Actual Loops": 4,
                      "Hash Buckets": 524288,
                      "Original Hash Buckets": 524288,
                      "Hash Batches": 1,
                      "Original Hash Batches": 1,
                      "Peak Memory Usage": 15776,
                      "Plans": [
                        {
                          "Node Type": "Seq Scan",
                          "Parent Relationship": "Outer",
                          "Parallel Aware": true,
                          "Relation Name": "title",
                          "Alias": "t",
                          "Startup Cost": 0.0,
                          "Total Cost": 45479.59,
                          "Plan Rows": 100978,
                          "Plan Width": 4,
                          "Actual Startup Time": 61.542,
                          "Actual Total Time": 138.369,
                          "Actual Rows": 74192,
                          "Actual Loops": 4,
                          "Filter": "((production_year > 1997) AND (kind_id = 1))",
                          "Rows Removed by Filter": 557886
                        }
                      ]
                    }
                  ]
                }
              ]
            }
          ]
        }
      ]
    },
    "Planning Time": 0.257,
    "Triggers": [],
    "Execution Time": 387.308
  }
]