[
  {
    "Plan": {
      "Node Type": "Aggregate",
      "Strategy": "Plain",
      "Partial Mode": "Finalize",
      "Parallel Aware": false,
      "Startup Cost": 111077.91,
      "Total Cost": 111077.92,
      "Plan Rows": 1,
      "Plan Width": 8,
      "Actual Startup Time": 780.485,
      "Actual Total Time": 799.466,
      "Actual Rows": 1,
      "Actual Loops": 1,
      "Plans": [
        {
          "Node Type": "Gather",
          "Parent Relationship": "Outer",
          "Parallel Aware": false,
          "Startup Cost": 111077.59,
          "Total Cost": 111077.9,
          "Plan Rows": 3,
          "Plan Width": 8,
          "Actual Startup Time": 776.521,
          "Actual Total Time": 799.455,
          "Actual Rows": 4,
          "Actual Loops": 1,
          "Workers Planned": 3,
          "Workers Launched": 3,
          "Single Copy": false,
          "Plans": [
            {
              "Node Type": "Aggregate",
              "Strategy": "Plain",
              "Partial Mode": "Partial",
              "Parent Relationship": "Outer",
              "Parallel Aware": false,
              "Startup Cost": 110077.59,
              "Total Cost": 110077.6,
              "Plan Rows": 1,
              "Plan Width": 8,
              "Actual Startup Time": 773.343,
              "Actual Total Time": 773.86,
              "Actual Rows": 1,
              "Actual Loops": 4,
              "Plans": [
                {
                  "Node Type": "Hash Join",
                  "Parent Relationship": "Outer",
                  "Parallel Aware": true,
                  "Join Type": "Inner",
                  "Startup Cost": 64286.51,
                  "Total Cost": 109600.87,
                  "Plan Rows": 190689,
                  "Plan Width": 0,
                  "Actual Startup Time": 338.685,
                  "Actual Total Time": 690.398,
                  "Actual Rows": 1896822,
                  "Actual Loops": 4,
                  "Inner Unique": false,
                  "Hash Cond": "(mk.movie_id = t.id)",
                  "Plans": [
                    {
                      "Node Type": "Seq Scan",
                      "Parent Relationship": "Outer",
                      "Parallel Aware": true,
                      "Relation Name": "movie_keyword",
                      "Alias": "mk",
                      "Startup Cost": 0.0,
                      "Total Cost": 39047.32,
                      "Plan Rows": 1459332,
                      "Plan Width": 4,
                      "Actual Startup Time": 0.029,
                      "Actual Total Time": 93.048,
                      "Actual Rows": 1130982,
                      "Actual Loops": 4
                    },
                    {
                      "Node Type": "Hash",
                      "Parent Relationship": "Inner",
                      "Parallel Aware": true,
                      "Startup Cost": 62565.75,
                      "Total Cost": 62565.75,
                      "Plan Rows": 137661,
                      "Plan Width": 8,
                      "Actual Startup Time": 336.952,
                      "Actual Total Time": 337.467,
                      "Actual Rows": 180134,
                      "Actual Loops": 4,
                      "Hash Buckets": 1048576,
                      "Original Hash Buckets": 524288,
                      "Hash Batches": 1,
                      "Original Hash Batches": 1,
                      "Peak Memory Usage": 40544,
                      "Plans": [
                        {
                          "Node Type": "Hash Join",
                          "Parent Relationship": "Outer",
                          "Parallel Aware": true,
                          "Join Type": "Inner",
                          "Startup Cost": 47371.19,
                          "Total Cost": 62565.75,
                          "Plan Rows": 137661,
                          "Plan Width": 8,
                          "Actual Startup Time": 166.731,
                          "Actual Total Time": 275.173,
                          "Actual Rows": 180134,
                          "Actual Loops": 4,
                          "Inner Unique": true,
                          "Hash Cond": "(mi_idx.movie_id = t.id)",
                          "Plans": [
                            {
                              "Node Type": "Seq Scan",
                              "Parent Relationship": "Outer",
                              "Parallel Aware": true,
                              "Relation Name": "movie_info_idx",
                              "Alias": "mi_idx",
                              "Startup Cost": 0.0,
                              "Total Cost": 13685.15,
                              "Plan Rows": 575015,
                              "Plan Width": 4,
                              "Actual Startup Time": 0.012,
                              "Actual Total Time": 35.07,
                              "Actual Rows": 345009,
                              "Actual Loops": 4
                            },
                            {
                              "Node Type": "Hash",
                              "Parent Relationship": "Inner",
                              "Parallel Aware": true,
                              "Startup Cost": 45479.59,
                              "Total Cost": 45479.59,
                              "Plan Rows": 151328,
                              "Plan Width": 4,
                              "Actual Startup Time": 164.556,
                              "Actual Total Time": 164.558,
                              "Actual Rows": 168922,
                              "Actual Loops": 4,
                              "Hash Buckets": 1048576,
                              "Original Hash Buckets": 1048576,
                              "Hash Batches": 1,
                              "Original Hash Batches": 1,
                              "Peak Memory Usage": 34656,
                              "Plans": [
                                {
                                  "Node Type": "Seq Scan",
                                  "Parent Relationship": "Outer",
                                  "Parallel Aware": true,
                                  "Relation Name": "title",
                                  "Alias": "t",
                                  "Startup Cost": 0.0,
                                  "Total Cost": 45479.59,
                                  "Plan Rows": 151328,
                                  "Plan Width": 4,
                                  "Actual Startup Time": 0.025,
                                  "Actual Total Time": 99.398,
                                  "Actual Rows": 168922,
                                  "Actual Loops": 4,
                                  "Filter": "((kind_id < 7) AND (production_year < 2007))",
                                  "Rows Removed by Filter": 463156
                                }
                              ]
                            }
                          ]
                        }
                      ]
                    }
                  ]
                }
              ]
            }
          ]
        }
      ]
    },
    "Planning Time": 0.447,
    "Triggers": [],
    "Execution Time": 799.51
  }
]