[
  {
    "Plan": {
      "Node Type": "Aggregate",
      "Strategy": "Plain",
      "Partial Mode": "Finalize",
      "Parallel Aware": false,
      "Startup Cost": 285629.56,
      "Total Cost": 285629.57,
      "Plan Rows": 1,
      "Plan Width": 8,
      "Actual Startup Time": 1164.401,
      "Actual Total Time": 1214.332,
      "Actual Rows": 1,
      "Actual Loops": 1,
      "Plans": [
        {
          "Node Type": "Gather",
          "Parent Relationship": "Outer",
          "Parallel Aware": false,
          "Startup Cost": 285629.04,
          "Total Cost": 285629.55,
          "Plan Rows": 5,
          "Plan Width": 8,
          "Actual Startup Time": 1158.654,
          "Actual Total Time": 1214.322,
          "Actual Rows": 6,
          "Actual Loops": 1,
          "Workers Planned": 5,
          "Workers Launched": 5,
          "Single Copy": false,
          "Plans": [
            {
              "Node Type": "Aggregate",
              "Strategy": "Plain",
              "Partial Mode": "Partial",
              "Parent Relationship": "Outer",
              "Parallel Aware": false,
              "Startup Cost": 284629.04,
              "Total Cost": 284629.05,
              "Plan Rows": 1,
              "Plan Width": 8,
              "Actual Startup Time": 1148.252,
              "Actual Total Time": 1148.337,
              "Actual Rows": 1,
              "Actual Loops": 6,
              "Plans": [
                {
                  "Node Type": "Hash Join",
                  "Parent Relationship": "Outer",
                  "Parallel Aware": true,
                  "Join Type": "Inner",
                  "Startup Cost": 78936.36,
                  "Total Cost": 283106.74,
                  "Plan Rows": 608919,
                  "Plan Width": 0,
                  "Actual Startup Time": 316.778,
                  "Actual Total Time": 1092.551,
                  "Actual Rows": 1388623,
                  "Actual Loops": 6,
                  "Inner Unique": false,
                  "Hash Cond": "(mi.movie_id = t.id)",
                  "Plans": [
                    {
                      "Node Type": "Seq Scan",
                      "Parent Relationship": "Outer",
                      "Parallel Aware": true,
                      "Relation Name": "movie_info",
                      "Alias": "mi",
                      "Startup Cost": 0.0,
                      "Total Cost": 191560.33,
                      "Plan Rows": 2956733,
                      "Plan Width": 4,
                      "Actual Startup Time": 0.024,
                      "Actual Total Time": 288.069,
                      "Actual Rows": 2472620,
                      "Actual Loops": 6
                    },
                    {
                      "Node Type": "Hash",
                      "Parent Relationship": "Inner",
                      "Parallel Aware": true,
                      "Startup Cost": 77309.23,
                      "Total Cost": 77309.23,
                      "Plan Rows": 130171,
                      "Plan Width": 8,
                      "Actual Startup Time": 313.122,
                      "Actual Total Time": 313.205,
                      "Actual Rows": 88465,
                      "Actual Loops": 6,
                      "Hash Buckets": 1048576,
                      "Original Hash Buckets": 524288,
                      "Hash Batches": 1,
                      "Original Hash Batches": 1,
                      "Peak Memory Usage": 33152,
                      "Plans": [
                        {
                          "Node Type": "Hash Join",
                          "Parent Relationship": "Outer",
                          "Parallel Aware": true,
                          "Join Type": "Inner",
                          "Startup Cost": 31410.22,
                          "Total Cost": 77309.23,
                          "Plan Rows": 130171,
                          "Plan Width": 8,
                          "Actual Startup Time": 111.439,
                          "Actual Total Time": 271.293,
                          "Actual Rows": 88465,
                          "Actual Loops": 6,
                          "Inner Unique": false,
                          "Hash Cond": "(t.id = mc.movie_id)",
                          "Plans": [
                            {
                              "Node Type": "Seq Scan",
                              "Parent Relationship": "Outer",
                              "Parallel Aware": true,
                              "Relation Name": "title",
                              "Alias": "t",
                              "Startup Cost": 0.0,
                              "Total Cost": 42318.73,
                              "Plan Rows": 632073,
                              "Plan Width": 4,
                              "Actual Startup Time": 0.011,
                              "Actual Total Time": 58.828,
                              "Actual Rows": 421385,
                              "Actual Loops": 6
                            },
                            {
                              "Node Type": "Hash",
                              "Parent Relationship": "Inner",
                              "Parallel Aware": true,
                              "Startup Cost": 29310.68,
                              "Total Cost": 29310.68,
                              "Plan Rows": 167963,
                              "Plan Width": 4,
                              "Actual Startup Time": 110.194,
                              "Actual Total Time": 110.195,
                              "Actual Rows": 88465,
                              "Actual Loops": 6,
                              "Hash Buckets": 1048576,
                              "Original Hash Buckets": 524288,
                              "Hash Batches": 1,
                              "Original Hash Batches": 1,
                              "Peak Memory Usage": 33152,
                              "Plans": [
                                {
                                  "Node Type": "Seq Scan",
                                  "Parent Relationship": "Outer",
                                  "Parallel Aware": true,
                                  "Relation Name": "movie_companies",
                                  "Alias": "mc",
                                  "Startup Cost": 0.0,
                                  "Total Cost": 29310.68,
                                  "Plan Rows": 167963,
                                  "Plan Width": 4,
                                  "Actual Startup Time": 40.597,
                                  "Actual Total Time": 64.78,
                                  "Actual Rows": 88465,
                                  "Actual Loops": 6,
                                  "Filter": "(company_id > 72679)",
                                  "Rows Removed by Filter": 346390
                                }
                              ]
                            }
                          ]
                        }
                      ]
                    }
                  ]
                }
              ]
            }
          ]
        }
      ]
    },
    "Planning Time": 1.254,
    "Triggers": [],
    "Execution Time": 1214.415
  }
]