[
  {
    "Plan": {
      "Node Type": "Aggregate",
      "Strategy": "Plain",
      "Partial Mode": "Finalize",
      "Parallel Aware": false,
      "Startup Cost": 44526.12,
      "Total Cost": 44526.13,
      "Plan Rows": 1,
      "Plan Width": 8,
      "Actual Startup Time": 117.966,
      "Actual Total Time": 127.548,
      "Actual Rows": 1,
      "Actual Loops": 1,
      "Plans": [
        {
          "Node Type": "Gather",
          "Parent Relationship": "Outer",
          "Parallel Aware": false,
          "Startup Cost": 44525.8,
          "Total Cost": 44526.11,
          "Plan Rows": 3,
          "Plan Width": 8,
          "Actual Startup Time": 117.879,
          "Actual Total Time": 127.54,
          "Actual Rows": 4,
          "Actual Loops": 1,
          "Workers Planned": 3,
          "Workers Launched": 3,
          "Single Copy": false,
          "Plans": [
            {
              "Node Type": "Aggregate",
              "Strategy": "Plain",
              "Partial Mode": "Partial",
              "Parent Relationship": "Outer",
              "Parallel Aware": false,
              "Startup Cost": 43525.8,
              "Total Cost": 43525.81,
              "Plan Rows": 1,
              "Plan Width": 8,
              "Actual Startup Time": 111.416,
              "Actual Total Time": 111.417,
              "Actual Rows": 1,
              "Actual Loops": 4,
              "Plans": [
                {
                  "Node Type": "Seq Scan",
                  "Parent Relationship": "Outer",
                  "Parallel Aware": true,
                  "Relation Name": "movie_keyword",
                  "Alias": "mk",
                  "Startup Cost": 0.0,
                  "Total Cost": 42695.65,
                  "Plan Rows": 332059,
                  "Plan Width": 0,
                  "Actual Startup Time": 1.31,
                  "Actual Total Time": 98.655,
                  "Actual Rows": 256567,
                  "Actual Loops": 4,
                  "Filter": "(keyword_id > 17433)",
                  "Rows Removed by Filter": 874416
                }
              ]
            }
          ]
        }
      ]
    },
    "Planning Time": 0.091,
    "Triggers": [],
    "Execution Time": 127.584
  }
]