{
  "Plan": {
    "Node Type": "Aggregate",
    "Strategy": "Plain",
    "Partial Mode": "Finalize",
    "Parallel Aware": false,
    "Startup Cost": 739103.82,
    "Total Cost": 739103.83,
    "Plan Rows": 1,
    "Plan Width": 8,
    "Actual Startup Time": 4266.348,
    "Actual Total Time": 4330.321,
    "Actual Rows": 1,
    "Actual Loops": 1,
    "Plans": [
      {
        "Node Type": "Gather",
        "Parent Relationship": "Outer",
        "Parallel Aware": false,
        "Startup Cost": 739103.71,
        "Total Cost": 739103.82,
        "Plan Rows": 1,
        "Plan Width": 8,
        "Actual Startup Time": 4261.489,
        "Actual Total Time": 4330.313,
        "Actual Rows": 2,
        "Actual Loops": 1,
        "Workers Planned": 1,
        "Workers Launched": 1,
        "Single Copy": false,
        "Plans": [
          {
            "Node Type": "Aggregate",
            "Strategy": "Plain",
            "Partial Mode": "Partial",
            "Parent Relationship": "Outer",
            "Parallel Aware": false,
            "Startup Cost": 738103.71,
            "Total Cost": 738103.72,
            "Plan Rows": 1,
            "Plan Width": 8,
            "Actual Startup Time": 4253.239,
            "Actual Total Time": 4253.246,
            "Actual Rows": 1,
            "Actual Loops": 2,
            "Plans": [
              {
                "Node Type": "Hash Join",
                "Parent Relationship": "Outer",
                "Parallel Aware": true,
                "Join Type": "Inner",
                "Startup Cost": 670259.92,
                "Total Cost": 736856.1,
                "Plan Rows": 499043,
                "Plan Width": 0,
                "Actual Startup Time": 3966.732,
                "Actual Total Time": 4242.864,
                "Actual Rows": 258381,
                "Actual Loops": 2,
                "Inner Unique": false,
                "Hash Cond": "(mk.movie_id = t.id)",
                "Plans": [
                  {
                    "Node Type": "Seq Scan",
                    "Parent Relationship": "Outer",
                    "Parallel Aware": true,
                    "Relation Name": "movie_keyword",
                    "Alias": "mk",
                    "Startup Cost": 0.0,
                    "Total Cost": 57718.19,
                    "Plan Rows": 792326,
                    "Plan Width": 4,
                    "Actual Startup Time": 0.018,
                    "Actual Total Time": 159.55,
                    "Actual Rows": 680944,
                    "Actual Loops": 2,
                    "Filter": "(keyword_id < 1775)",
                    "Rows Removed by Filter": 1581022
                  },
                  {
                    "Node Type": "Hash",
                    "Parent Relationship": "Inner",
                    "Parallel Aware": true,
                    "Startup Cost": 658550.86,
                    "Total Cost": 658550.86,
                    "Plan Rows": 936725,
                    "Plan Width": 8,
                    "Actual Startup Time": 3951.946,
                    "Actual Total Time": 3951.951,
                    "Actual Rows": 1222944,
                    "Actual Loops": 2,
                    "Hash Buckets": 4194304,
                    "Original Hash Buckets": 2097152,
                    "Hash Batches": 1,
                    "Original Hash Batches": 1,
                    "Peak Memory Usage": 144864,
                    "Plans": [
                      {
                        "Node Type": "Hash Join",
                        "Parent Relationship": "Outer",
                        "Parallel Aware": true,
                        "Join Type": "Inner",
                        "Startup Cost": 60054.52,
                        "Total Cost": 658550.86,
                        "Plan Rows": 936725,
                        "Plan Width": 8,
                        "Actual Startup Time": 662.824,
                        "Actual Total Time": 3545.302,
                        "Actual Rows": 1222944,
                        "Actual Loops": 2,
                        "Inner Unique": true,
                        "Hash Cond": "(ci.movie_id = t.id)",
                        "Plans": [
                          {
                            "Node Type": "Seq Scan",
                            "Parent Relationship": "Outer",
                            "Parallel Aware": true,
                            "Relation Name": "cast_info",
                            "Alias": "ci",
                            "Startup Cost": 0.0,
                            "Total Cost": 572345.93,
                            "Plan Rows": 9962045,
                            "Plan Width": 4,
                            "Actual Startup Time": 493.365,
                            "Actual Total Time": 1777.892,
                            "Actual Rows": 10323208,
                            "Actual Loops": 2,
                            "Filter": "((person_id > 1025970) AND (role_id > 1))",
                            "Rows Removed by Filter": 7798964
                          },
                          {
                            "Node Type": "Hash",
                            "Parent Relationship": "Inner",
                            "Parallel Aware": true,
                            "Startup Cost": 58306.47,
                            "Total Cost": 58306.47,
                            "Plan Rows": 139844,
                            "Plan Width": 4,
                            "Actual Startup Time": 166.292,
                            "Actual Total Time": 166.293,
                            "Actual Rows": 128453,
                            "Actual Loops": 2,
                            "Hash Buckets": 262144,
                            "Original Hash Buckets": 262144,
                            "Hash Batches": 1,
                            "Original Hash Batches": 1,
                            "Peak Memory Usage": 12160,
                            "Plans": [
                              {
                                "Node Type": "Seq Scan",
                                "Parent Relationship": "Outer",
                                "Parallel Aware": true,
                                "Relation Name": "title",
                                "Alias": "t",
                                "Startup Cost": 0.0,
                                "Total Cost": 58306.47,
                                "Plan Rows": 139844,
                                "Plan Width": 4,
                                "Actual Startup Time": 0.024,
                                "Actual Total Time": 134.5,
                                "Actual Rows": 128453,
                                "Actual Loops": 2,
                                "Filter": "((production_year > 2010) AND (kind_id = 7))",
                                "Rows Removed by Filter": 1135703
                              }
                            ]
                          }
                        ]
                      }
                    ]
                  }
                ]
              }
            ]
          }
        ]
      }
    ]
  },
  "Planning Time": 0.914,
  "Triggers": [],
  "Execution Time": 4330.404
}