[
  {
    "Plan": {
      "Node Type": "Aggregate",
      "Strategy": "Plain",
      "Partial Mode": "Finalize",
      "Parallel Aware": false,
      "Startup Cost": 33042.78,
      "Total Cost": 33042.79,
      "Plan Rows": 1,
      "Plan Width": 8,
      "Actual Startup Time": 95.38,
      "Actual Total Time": 102.713,
      "Actual Rows": 1,
      "Actual Loops": 1,
      "Plans": [
        {
          "Node Type": "Gather",
          "Parent Relationship": "Outer",
          "Parallel Aware": false,
          "Startup Cost": 33042.46,
          "Total Cost": 33042.77,
          "Plan Rows": 3,
          "Plan Width": 8,
          "Actual Startup Time": 95.098,
          "Actual Total Time": 102.704,
          "Actual Rows": 4,
          "Actual Loops": 1,
          "Workers Planned": 3,
          "Workers Launched": 3,
          "Single Copy": false,
          "Plans": [
            {
              "Node Type": "Aggregate",
              "Strategy": "Plain",
              "Partial Mode": "Partial",
              "Parent Relationship": "Outer",
              "Parallel Aware": false,
              "Startup Cost": 32042.46,
              "Total Cost": 32042.47,
              "Plan Rows": 1,
              "Plan Width": 8,
              "Actual Startup Time": 87.499,
              "Actual Total Time": 87.5,
              "Actual Rows": 1,
              "Actual Loops": 4,
              "Plans": [
                {
                  "Node Type": "Seq Scan",
                  "Parent Relationship": "Outer",
                  "Parallel Aware": true,
                  "Relation Name": "movie_companies",
                  "Alias": "mc",
                  "Startup Cost": 0.0,
                  "Total Cost": 31414.82,
                  "Plan Rows": 251058,
                  "Plan Width": 0,
                  "Actual Startup Time": 48.877,
                  "Actual Total Time": 81.828,
                  "Actual Rows": 122818,
                  "Actual Loops": 4,
                  "Filter": "((company_id < 14355) AND (company_type_id > 1))",
                  "Rows Removed by Filter": 529464
                }
              ]
            }
          ]
        }
      ]
    },
    "Planning Time": 0.176,
    "Triggers": [],
    "Execution Time": 102.761
  }
]