[
  {
    "Plan": {
      "Node Type": "Aggregate",
      "Strategy": "Plain",
      "Partial Mode": "Finalize",
      "Parallel Aware": false,
      "Startup Cost": 33126.78,
      "Total Cost": 33126.79,
      "Plan Rows": 1,
      "Plan Width": 8,
      "Actual Startup Time": 89.499,
      "Actual Total Time": 97.343,
      "Actual Rows": 1,
      "Actual Loops": 1,
      "Plans": [
        {
          "Node Type": "Gather",
          "Parent Relationship": "Outer",
          "Parallel Aware": false,
          "Startup Cost": 33126.46,
          "Total Cost": 33126.77,
          "Plan Rows": 3,
          "Plan Width": 8,
          "Actual Startup Time": 89.377,
          "Actual Total Time": 97.335,
          "Actual Rows": 4,
          "Actual Loops": 1,
          "Workers Planned": 3,
          "Workers Launched": 3,
          "Single Copy": false,
          "Plans": [
            {
              "Node Type": "Aggregate",
              "Strategy": "Plain",
              "Partial Mode": "Partial",
              "Parent Relationship": "Outer",
              "Parallel Aware": false,
              "Startup Cost": 32126.46,
              "Total Cost": 32126.47,
              "Plan Rows": 1,
              "Plan Width": 8,
              "Actual Startup Time": 83.06,
              "Actual Total Time": 83.061,
              "Actual Rows": 1,
              "Actual Loops": 4,
              "Plans": [
                {
                  "Node Type": "Seq Scan",
                  "Parent Relationship": "Outer",
                  "Parallel Aware": true,
                  "Relation Name": "movie_companies",
                  "Alias": "mc",
                  "Startup Cost": 0.0,
                  "Total Cost": 31414.82,
                  "Plan Rows": 284658,
                  "Plan Width": 0,
                  "Actual Startup Time": 46.207,
                  "Actual Total Time": 77.346,
                  "Actual Rows": 140519,
                  "Actual Loops": 4,
                  "Filter": "((company_id < 22504) AND (company_type_id > 1))",
                  "Rows Removed by Filter": 511764
                }
              ]
            }
          ]
        }
      ]
    },
    "Planning Time": 0.22,
    "Triggers": [],
    "Execution Time": 97.4
  }
]