[
  {
    "Plan": {
      "Node Type": "Aggregate",
      "Strategy": "Plain",
      "Partial Mode": "Finalize",
      "Parallel Aware": false,
      "Startup Cost": 407377.75,
      "Total Cost": 407377.76,
      "Plan Rows": 1,
      "Plan Width": 8,
      "Actual Startup Time": 3697.019,
      "Actual Total Time": 3821.935,
      "Actual Rows": 1,
      "Actual Loops": 1,
      "Plans": [
        {
          "Node Type": "Gather",
          "Parent Relationship": "Outer",
          "Parallel Aware": false,
          "Startup Cost": 407377.22,
          "Total Cost": 407377.73,
          "Plan Rows": 5,
          "Plan Width": 8,
          "Actual Startup Time": 3694.467,
          "Actual Total Time": 3821.92,
          "Actual Rows": 6,
          "Actual Loops": 1,
          "Workers Planned": 5,
          "Workers Launched": 5,
          "Single Copy": false,
          "Plans": [
            {
              "Node Type": "Aggregate",
              "Strategy": "Plain",
              "Partial Mode": "Partial",
              "Parent Relationship": "Outer",
              "Parallel Aware": false,
              "Startup Cost": 406377.22,
              "Total Cost": 406377.23,
              "Plan Rows": 1,
              "Plan Width": 8,
              "Actual Startup Time": 3686.341,
              "Actual Total Time": 3686.345,
              "Actual Rows": 1,
              "Actual Loops": 6,
              "Plans": [
                {
                  "Node Type": "Nested Loop",
                  "Parent Relationship": "Outer",
                  "Parallel Aware": false,
                  "Join Type": "Inner",
                  "Startup Cost": 46304.65,
                  "Total Cost": 403618.13,
                  "Plan Rows": 1103638,
                  "Plan Width": 0,
                  "Actual Startup Time": 141.091,
                  "Actual Total Time": 3574.578,
                  "Actual Rows": 2554709,
                  "Actual Loops": 6,
                  "Inner Unique": false,
                  "Join Filter": "(t.id = ci.movie_id)",
                  "Rows Removed by Join Filter": 0,
                  "Plans": [
                    {
                      "Node Type": "Hash Join",
                      "Parent Relationship": "Outer",
                      "Parallel Aware": true,
                      "Join Type": "Inner",
                      "Startup Cost": 46304.09,
                      "Total Cost": 247348.67,
                      "Plan Rows": 76975,
                      "Plan Width": 8,
                      "Actual Startup Time": 140.983,
                      "Actual Total Time": 597.011,
                      "Actual Rows": 142675,
                      "Actual Loops": 6,
                      "Inner Unique": true,
                      "Hash Cond": "(mi.movie_id = t.id)",
                      "Plans": [
                        {
                          "Node Type": "Seq Scan",
                          "Parent Relationship": "Outer",
                          "Parallel Aware": true,
                          "Relation Name": "movie_info",
                          "Alias": "mi",
                          "Startup Cost": 0.0,
                          "Total Cost": 199108.24,
                          "Plan Rows": 737655,
                          "Plan Width": 4,
                          "Actual Startup Time": 29.381,
                          "Actual Total Time": 328.166,
                          "Actual Rows": 604163,
                          "Actual Loops": 6,
                          "Filter": "(info_type_id < 4)",
                          "Rows Removed by Filter": 1868457
                        },
                        {
                          "Node Type": "Hash",
                          "Parent Relationship": "Inner",
                          "Parallel Aware": true,
                          "Startup Cost": 45479.59,
                          "Total Cost": 45479.59,
                          "Plan Rows": 65960,
                          "Plan Width": 4,
                          "Actual Startup Time": 98.955,
                          "Actual Total Time": 98.956,
                          "Actual Rows": 36047,
                          "Actual Loops": 6,
                          "Hash Buckets": 524288,
                          "Original Hash Buckets": 524288,
                          "Hash Batches": 1,
                          "Original Hash Batches": 1,
                          "Peak Memory Usage": 12704,
                          "Plans": [
                            {
                              "Node Type": "Seq Scan",
                              "Parent Relationship": "Outer",
                              "Parallel Aware": true,
                              "Relation Name": "title",
                              "Alias": "t",
                              "Startup Cost": 0.0,
                              "Total Cost": 45479.59,
                              "Plan Rows": 65960,
                              "Plan Width": 4,
                              "Actual Startup Time": 42.738,
                              "Actual Total Time": 81.147,
                              "Actual Rows": 36047,
                              "Actual Loops": 6,
                              "Filter": "((production_year > 2005) AND (kind_id = 1))",
                              "Rows Removed by Filter": 385338
                            }
                          ]
                        }
                      ]
                    },
                    {
                      "Node Type": "Index Only Scan",
                      "Parent Relationship": "Inner",
                      "Parallel Aware": false,
                      "Scan Direction": "Forward",
                      "Index Name": "movie_id_cast_info",
                      "Relation Name": "cast_info",
                      "Alias": "ci",
                      "Startup Cost": 0.56,
                      "Total Cost": 1.59,
                      "Plan Rows": 35,
                      "Plan Width": 4,
                      "Actual Startup Time": 0.004,
                      "Actual Total Time": 0.019,
                      "Actual Rows": 18,
                      "Actual Loops": 856052,
                      "Index Cond": "(movie_id = mi.movie_id)",
                      "Rows Removed by Index Recheck": 0,
                      "Heap Fetches": 15328256
                    }
                  ]
                }
              ]
            }
          ]
        }
      ]
    },
    "Planning Time": 1.519,
    "Triggers": [],
    "Execution Time": 3822.045
  }
]