{
  "Plan": {
    "Node Type": "Aggregate",
    "Strategy": "Plain",
    "Partial Mode": "Finalize",
    "Parallel Aware": false,
    "Startup Cost": 111119.29,
    "Total Cost": 111119.3,
    "Plan Rows": 1,
    "Plan Width": 8,
    "Actual Startup Time": 802.972,
    "Actual Total Time": 818.414,
    "Actual Rows": 1,
    "Actual Loops": 1,
    "Plans": [
      {
        "Node Type": "Gather",
        "Parent Relationship": "Outer",
        "Parallel Aware": false,
        "Startup Cost": 111119.18,
        "Total Cost": 111119.29,
        "Plan Rows": 1,
        "Plan Width": 8,
        "Actual Startup Time": 800.482,
        "Actual Total Time": 818.405,
        "Actual Rows": 2,
        "Actual Loops": 1,
        "Workers Planned": 1,
        "Workers Launched": 1,
        "Single Copy": false,
        "Plans": [
          {
            "Node Type": "Aggregate",
            "Strategy": "Plain",
            "Partial Mode": "Partial",
            "Parent Relationship": "Outer",
            "Parallel Aware": false,
            "Startup Cost": 110119.18,
            "Total Cost": 110119.19,
            "Plan Rows": 1,
            "Plan Width": 8,
            "Actual Startup Time": 795.027,
            "Actual Total Time": 795.031,
            "Actual Rows": 1,
            "Actual Loops": 2,
            "Plans": [
              {
                "Node Type": "Hash Join",
                "Parent Relationship": "Outer",
                "Parallel Aware": true,
                "Join Type": "Inner",
                "Startup Cost": 46685.43,
                "Total Cost": 109144.44,
                "Plan Rows": 389896,
                "Plan Width": 0,
                "Actual Startup Time": 263.257,
                "Actual Total Time": 776.702,
                "Actual Rows": 454726,
                "Actual Loops": 2,
                "Inner Unique": false,
                "Hash Cond": "(t.id = mc.movie_id)",
                "Plans": [
                  {
                    "Node Type": "Seq Scan",
                    "Parent Relationship": "Outer",
                    "Parallel Aware": true,
                    "Relation Name": "title",
                    "Alias": "t",
                    "Startup Cost": 0.0,
                    "Total Cost": 50870.31,
                    "Plan Rows": 1487231,
                    "Plan Width": 4,
                    "Actual Startup Time": 0.013,
                    "Actual Total Time": 123.82,
                    "Actual Rows": 1264156,
                    "Actual Loops": 2
                  },
                  {
                    "Node Type": "Hash",
                    "Parent Relationship": "Inner",
                    "Parallel Aware": true,
                    "Startup Cost": 41811.73,
                    "Total Cost": 41811.73,
                    "Plan Rows": 389896,
                    "Plan Width": 4,
                    "Actual Startup Time": 253.9,
                    "Actual Total Time": 253.901,
                    "Actual Rows": 454726,
                    "Actual Loops": 2,
                    "Hash Buckets": 1048576,
                    "Original Hash Buckets": 1048576,
                    "Hash Batches": 1,
                    "Original Hash Batches": 1,
                    "Peak Memory Usage": 43808,
                    "Plans": [
                      {
                        "Node Type": "Seq Scan",
                        "Parent Relationship": "Outer",
                        "Parallel Aware": true,
                        "Relation Name": "movie_companies",
                        "Alias": "mc",
                        "Startup Cost": 0.0,
                        "Total Cost": 41811.73,
                        "Plan Rows": 389896,
                        "Plan Width": 4,
                        "Actual Startup Time": 67.102,
                        "Actual Total Time": 139.333,
                        "Actual Rows": 454726,
                        "Actual Loops": 2,
                        "Filter": "((company_id > 11280) AND (company_type_id > 1))",
                        "Rows Removed by Filter": 849839
                      }
                    ]
                  }
                ]
              }
            ]
          }
        ]
      }
    ]
  },
  "Planning Time": 0.718,
  "Triggers": [],
  "Execution Time": 818.483
}