{
  "Plan": {
    "Node Type": "Aggregate",
    "Strategy": "Plain",
    "Partial Mode": "Finalize",
    "Parallel Aware": false,
    "Startup Cost": 126454.62,
    "Total Cost": 126454.63,
    "Plan Rows": 1,
    "Plan Width": 8,
    "Actual Startup Time": 909.684,
    "Actual Total Time": 931.014,
    "Actual Rows": 1,
    "Actual Loops": 1,
    "Plans": [
      {
        "Node Type": "Gather",
        "Parent Relationship": "Outer",
        "Parallel Aware": false,
        "Startup Cost": 126454.51,
        "Total Cost": 126454.62,
        "Plan Rows": 1,
        "Plan Width": 8,
        "Actual Startup Time": 901.795,
        "Actual Total Time": 931.006,
        "Actual Rows": 2,
        "Actual Loops": 1,
        "Workers Planned": 1,
        "Workers Launched": 1,
        "Single Copy": false,
        "Plans": [
          {
            "Node Type": "Aggregate",
            "Strategy": "Plain",
            "Partial Mode": "Partial",
            "Parent Relationship": "Outer",
            "Parallel Aware": false,
            "Startup Cost": 125454.51,
            "Total Cost": 125454.52,
            "Plan Rows": 1,
            "Plan Width": 8,
            "Actual Startup Time": 894.603,
            "Actual Total Time": 894.607,
            "Actual Rows": 1,
            "Actual Loops": 2,
            "Plans": [
              {
                "Node Type": "Hash Join",
                "Parent Relationship": "Outer",
                "Parallel Aware": true,
                "Join Type": "Inner",
                "Startup Cost": 90645.61,
                "Total Cost": 123985.73,
                "Plan Rows": 587512,
                "Plan Width": 0,
                "Actual Startup Time": 625.356,
                "Actual Total Time": 868.333,
                "Actual Rows": 500512,
                "Actual Loops": 2,
                "Inner Unique": true,
                "Hash Cond": "(mk.movie_id = t.id)",
                "Plans": [
                  {
                    "Node Type": "Bitmap Heap Scan",
                    "Parent Relationship": "Outer",
                    "Parallel Aware": true,
                    "Relation Name": "movie_keyword",
                    "Alias": "mk",
                    "Startup Cost": 21184.91,
                    "Total Cost": 52982.81,
                    "Plan Rows": 587512,
                    "Plan Width": 4,
                    "Actual Startup Time": 50.788,
                    "Actual Total Time": 151.989,
                    "Actual Rows": 500512,
                    "Actual Loops": 2,
                    "Recheck Cond": "(keyword_id < 957)",
                    "Rows Removed by Index Recheck": 0,
                    "Exact Heap Blocks": 15751,
                    "Lossy Heap Blocks": 0,
                    "Plans": [
                      {
                        "Node Type": "Bitmap Index Scan",
                        "Parent Relationship": "Outer",
                        "Parallel Aware": false,
                        "Index Name": "keyword_id_movie_keyword",
                        "Startup Cost": 0.0,
                        "Total Cost": 20935.22,
                        "Plan Rows": 998771,
                        "Plan Width": 0,
                        "Actual Startup Time": 47.162,
                        "Actual Total Time": 47.162,
                        "Actual Rows": 1001024,
                        "Actual Loops": 1,
                        "Index Cond": "(keyword_id < 957)"
                      }
                    ]
                  },
                  {
                    "Node Type": "Hash",
                    "Parent Relationship": "Inner",
                    "Parallel Aware": true,
                    "Startup Cost": 50870.31,
                    "Total Cost": 50870.31,
                    "Plan Rows": 1487231,
                    "Plan Width": 4,
                    "Actual Startup Time": 559.9,
                    "Actual Total Time": 559.901,
                    "Actual Rows": 1264156,
                    "Actual Loops": 2,
                    "Hash Buckets": 4194304,
                    "Original Hash Buckets": 4194304,
                    "Hash Batches": 1,
                    "Original Hash Batches": 1,
                    "Peak Memory Usage": 131712,
                    "Plans": [
                      {
                        "Node Type": "Seq Scan",
                        "Parent Relationship": "Outer",
                        "Parallel Aware": true,
                        "Relation Name": "title",
                        "Alias": "t",
                        "Startup Cost": 0.0,
                        "Total Cost": 50870.31,
                        "Plan Rows": 1487231,
                        "Plan Width": 4,
                        "Actual Startup Time": 0.019,
                        "Actual Total Time": 172.768,
                        "Actual Rows": 1264156,
                        "Actual Loops": 2
                      }
                    ]
                  }
                ]
              }
            ]
          }
        ]
      }
    ]
  },
  "Planning Time": 0.308,
  "Triggers": [],
  "Execution Time": 931.058
}