[
  {
    "Plan": {
      "Node Type": "Aggregate",
      "Strategy": "Plain",
      "Partial Mode": "Finalize",
      "Parallel Aware": false,
      "Startup Cost": 31967.54,
      "Total Cost": 31967.55,
      "Plan Rows": 1,
      "Plan Width": 8,
      "Actual Startup Time": 110.237,
      "Actual Total Time": 116.493,
      "Actual Rows": 1,
      "Actual Loops": 1,
      "Plans": [
        {
          "Node Type": "Gather",
          "Parent Relationship": "Outer",
          "Parallel Aware": false,
          "Startup Cost": 31967.22,
          "Total Cost": 31967.53,
          "Plan Rows": 3,
          "Plan Width": 8,
          "Actual Startup Time": 110.099,
          "Actual Total Time": 116.484,
          "Actual Rows": 4,
          "Actual Loops": 1,
          "Workers Planned": 3,
          "Workers Launched": 3,
          "Single Copy": false,
          "Plans": [
            {
              "Node Type": "Aggregate",
              "Strategy": "Plain",
              "Partial Mode": "Partial",
              "Parent Relationship": "Outer",
              "Parallel Aware": false,
              "Startup Cost": 30967.22,
              "Total Cost": 30967.23,
              "Plan Rows": 1,
              "Plan Width": 8,
              "Actual Startup Time": 103.062,
              "Actual Total Time": 103.063,
              "Actual Rows": 1,
              "Actual Loops": 4,
              "Plans": [
                {
                  "Node Type": "Seq Scan",
                  "Parent Relationship": "Outer",
                  "Parallel Aware": true,
                  "Relation Name": "movie_companies",
                  "Alias": "mc",
                  "Startup Cost": 0.0,
                  "Total Cost": 29310.68,
                  "Plan Rows": 662615,
                  "Plan Width": 0,
                  "Actual Startup Time": 0.044,
                  "Actual Total Time": 78.013,
                  "Actual Rows": 509918,
                  "Actual Loops": 4,
                  "Filter": "(company_id < 71396)",
                  "Rows Removed by Filter": 142365
                }
              ]
            }
          ]
        }
      ]
    },
    "Planning Time": 0.195,
    "Triggers": [],
    "Execution Time": 116.552
  }
]