[
    {
        "Bao": {
            "Bao prediction": 444.396,
            "Bao recommended hint": "(no hint)"
        }
    },
    {
        "Plan": {
            "Node Type": "Aggregate",
            "Strategy": "Plain",
            "Partial Mode": "Finalize",
            "Parallel Aware": false,
            "Startup Cost": 30853.07,
            "Total Cost": 30853.08,
            "Plan Rows": 1,
            "Plan Width": 8,
            "Actual Startup Time": 99.535,
            "Actual Total Time": 104.842,
            "Actual Rows": 1,
            "Actual Loops": 1,
            "Output": [
                "count(*)"
            ],
            "Plans": [
                {
                    "Node Type": "Gather",
                    "Parent Relationship": "Outer",
                    "Parallel Aware": false,
                    "Startup Cost": 30852.75,
                    "Total Cost": 30853.06,
                    "Plan Rows": 3,
                    "Plan Width": 8,
                    "Actual Startup Time": 99.448,
                    "Actual Total Time": 104.835,
                    "Actual Rows": 4,
                    "Actual Loops": 1,
                    "Output": [
                        "(PARTIAL count(*))"
                    ],
                    "Workers Planned": 3,
                    "Workers Launched": 3,
                    "Single Copy": false,
                    "Plans": [
                        {
                            "Node Type": "Aggregate",
                            "Strategy": "Plain",
                            "Partial Mode": "Partial",
                            "Parent Relationship": "Outer",
                            "Parallel Aware": false,
                            "Startup Cost": 29852.75,
                            "Total Cost": 29852.76,
                            "Plan Rows": 1,
                            "Plan Width": 8,
                            "Actual Startup Time": 91.829,
                            "Actual Total Time": 91.83,
                            "Actual Rows": 1,
                            "Actual Loops": 4,
                            "Output": [
                                "PARTIAL count(*)"
                            ],
                            "Workers": [
                                {
                                    "Worker Number": 0,
                                    "Actual Startup Time": 89.278,
                                    "Actual Total Time": 89.279,
                                    "Actual Rows": 1,
                                    "Actual Loops": 1
                                },
                                {
                                    "Worker Number": 1,
                                    "Actual Startup Time": 89.42,
                                    "Actual Total Time": 89.421,
                                    "Actual Rows": 1,
                                    "Actual Loops": 1
                                },
                                {
                                    "Worker Number": 2,
                                    "Actual Startup Time": 89.758,
                                    "Actual Total Time": 89.759,
                                    "Actual Rows": 1,
                                    "Actual Loops": 1
                                }
                            ],
                            "Plans": [
                                {
                                    "Node Type": "Seq Scan",
                                    "Parent Relationship": "Outer",
                                    "Parallel Aware": true,
                                    "Relation Name": "movie_companies",
                                    "Schema": "public",
                                    "Alias": "mc",
                                    "Startup Cost": 0.0,
                                    "Total Cost": 29310.68,
                                    "Plan Rows": 216827,
                                    "Plan Width": 0,
                                    "Actual Startup Time": 36.287,
                                    "Actual Total Time": 83.019,
                                    "Actual Rows": 167175,
                                    "Actual Loops": 4,
                                    "Output": [
                                        "id",
                                        "movie_id",
                                        "company_id",
                                        "company_type_id",
                                        "note"
                                    ],
                                    "Filter": "(mc.company_id > 50785)",
                                    "Rows Removed by Filter": 485108,
                                    "Workers": [
                                        {
                                            "Worker Number": 0,
                                            "Actual Startup Time": 33.738,
                                            "Actual Total Time": 80.774,
                                            "Actual Rows": 122862,
                                            "Actual Loops": 1
                                        },
                                        {
                                            "Worker Number": 1,
                                            "Actual Startup Time": 33.88,
                                            "Actual Total Time": 81.05,
                                            "Actual Rows": 196544,
                                            "Actual Loops": 1
                                        },
                                        {
                                            "Worker Number": 2,
                                            "Actual Startup Time": 34.22,
                                            "Actual Total Time": 81.285,
                                            "Actual Rows": 193352,
                                            "Actual Loops": 1
                                        }
                                    ]
                                }
                            ]
                        }
                    ]
                }
            ]
        },
        "Planning Time": 942.315,
        "Triggers": [],
        "Execution Time": 104.93
    }
]