[
  {
    "Plan": {
      "Node Type": "Aggregate",
      "Strategy": "Plain",
      "Partial Mode": "Finalize",
      "Parallel Aware": false,
      "Startup Cost": 47289.93,
      "Total Cost": 47289.94,
      "Plan Rows": 1,
      "Plan Width": 8,
      "Actual Startup Time": 167.768,
      "Actual Total Time": 175.511,
      "Actual Rows": 1,
      "Actual Loops": 1,
      "Plans": [
        {
          "Node Type": "Gather",
          "Parent Relationship": "Outer",
          "Parallel Aware": false,
          "Startup Cost": 47289.62,
          "Total Cost": 47289.93,
          "Plan Rows": 3,
          "Plan Width": 8,
          "Actual Startup Time": 167.576,
          "Actual Total Time": 175.502,
          "Actual Rows": 4,
          "Actual Loops": 1,
          "Workers Planned": 3,
          "Workers Launched": 3,
          "Single Copy": false,
          "Plans": [
            {
              "Node Type": "Aggregate",
              "Strategy": "Plain",
              "Partial Mode": "Partial",
              "Parent Relationship": "Outer",
              "Parallel Aware": false,
              "Startup Cost": 46289.62,
              "Total Cost": 46289.63,
              "Plan Rows": 1,
              "Plan Width": 8,
              "Actual Startup Time": 162.817,
              "Actual Total Time": 162.818,
              "Actual Rows": 1,
              "Actual Loops": 4,
              "Plans": [
                {
                  "Node Type": "Seq Scan",
                  "Parent Relationship": "Outer",
                  "Parallel Aware": true,
                  "Relation Name": "movie_keyword",
                  "Alias": "mk",
                  "Startup Cost": 0.0,
                  "Total Cost": 42695.65,
                  "Plan Rows": 1437585,
                  "Plan Width": 0,
                  "Actual Startup Time": 0.038,
                  "Actual Total Time": 115.598,
                  "Actual Rows": 1114417,
                  "Actual Loops": 4,
                  "Filter": "(keyword_id < 92584)",
                  "Rows Removed by Filter": 16565
                }
              ]
            }
          ]
        }
      ]
    },
    "Planning Time": 0.174,
    "Triggers": [],
    "Execution Time": 175.557
  }
]