{
    "Plan": {
        "Node Type": "Aggregate",
        "Strategy": "Plain",
        "Partial Mode": "Finalize",
        "Parallel Aware": false,
        "Startup Cost": 246015.91,
        "Total Cost": 246015.92,
        "Plan Rows": 1,
        "Plan Width": 8,
        "Actual Startup Time": 664.086,
        "Actual Total Time": 709.747,
        "Actual Rows": 1,
        "Actual Loops": 1,
        "Output": [
            "count(*)"
        ],
        "Plans": [
            {
                "Node Type": "Gather",
                "Parent Relationship": "Outer",
                "Parallel Aware": false,
                "Startup Cost": 246015.39,
                "Total Cost": 246015.9,
                "Plan Rows": 5,
                "Plan Width": 8,
                "Actual Startup Time": 663.747,
                "Actual Total Time": 709.735,
                "Actual Rows": 6,
                "Actual Loops": 1,
                "Output": [
                    "(PARTIAL count(*))"
                ],
                "Workers Planned": 5,
                "Workers Launched": 5,
                "Single Copy": false,
                "Plans": [
                    {
                        "Node Type": "Aggregate",
                        "Strategy": "Plain",
                        "Partial Mode": "Partial",
                        "Parent Relationship": "Outer",
                        "Parallel Aware": false,
                        "Startup Cost": 245015.39,
                        "Total Cost": 245015.4,
                        "Plan Rows": 1,
                        "Plan Width": 8,
                        "Actual Startup Time": 653.666,
                        "Actual Total Time": 653.669,
                        "Actual Rows": 1,
                        "Actual Loops": 6,
                        "Output": [
                            "PARTIAL count(*)"
                        ],
                        "Workers": [
                            {
                                "Worker Number": 0,
                                "Actual Startup Time": 651.207,
                                "Actual Total Time": 651.21,
                                "Actual Rows": 1,
                                "Actual Loops": 1
                            },
                            {
                                "Worker Number": 1,
                                "Actual Startup Time": 651.056,
                                "Actual Total Time": 651.059,
                                "Actual Rows": 1,
                                "Actual Loops": 1
                            },
                            {
                                "Worker Number": 2,
                                "Actual Startup Time": 652.04,
                                "Actual Total Time": 652.043,
                                "Actual Rows": 1,
                                "Actual Loops": 1
                            },
                            {
                                "Worker Number": 3,
                                "Actual Startup Time": 652.31,
                                "Actual Total Time": 652.312,
                                "Actual Rows": 1,
                                "Actual Loops": 1
                            },
                            {
                                "Worker Number": 4,
                                "Actual Startup Time": 652.542,
                                "Actual Total Time": 652.544,
                                "Actual Rows": 1,
                                "Actual Loops": 1
                            }
                        ],
                        "Plans": [
                            {
                                "Node Type": "Hash Join",
                                "Parent Relationship": "Outer",
                                "Parallel Aware": true,
                                "Join Type": "Inner",
                                "Startup Cost": 45627.4,
                                "Total Cost": 244877.02,
                                "Plan Rows": 55348,
                                "Plan Width": 0,
                                "Actual Startup Time": 91.401,
                                "Actual Total Time": 650.535,
                                "Actual Rows": 47347,
                                "Actual Loops": 6,
                                "Inner Unique": true,
                                "Hash Cond": "(mi.movie_id = t.id)",
                                "Workers": [
                                    {
                                        "Worker Number": 0,
                                        "Actual Startup Time": 88.941,
                                        "Actual Total Time": 647.802,
                                        "Actual Rows": 33263,
                                        "Actual Loops": 1
                                    },
                                    {
                                        "Worker Number": 1,
                                        "Actual Startup Time": 88.74,
                                        "Actual Total Time": 647.855,
                                        "Actual Rows": 31285,
                                        "Actual Loops": 1
                                    },
                                    {
                                        "Worker Number": 2,
                                        "Actual Startup Time": 89.807,
                                        "Actual Total Time": 648.928,
                                        "Actual Rows": 52569,
                                        "Actual Loops": 1
                                    },
                                    {
                                        "Worker Number": 3,
                                        "Actual Startup Time": 90.045,
                                        "Actual Total Time": 649.188,
                                        "Actual Rows": 52073,
                                        "Actual Loops": 1
                                    },
                                    {
                                        "Worker Number": 4,
                                        "Actual Startup Time": 90.269,
                                        "Actual Total Time": 649.445,
                                        "Actual Rows": 51450,
                                        "Actual Loops": 1
                                    }
                                ],
                                "Plans": [
                                    {
                                        "Node Type": "Seq Scan",
                                        "Parent Relationship": "Outer",
                                        "Parallel Aware": true,
                                        "Relation Name": "movie_info",
                                        "Schema": "public",
                                        "Alias": "mi",
                                        "Startup Cost": 0.0,
                                        "Total Cost": 191503.19,
                                        "Plan Rows": 2951019,
                                        "Plan Width": 4,
                                        "Actual Startup Time": 0.033,
                                        "Actual Total Time": 302.656,
                                        "Actual Rows": 2472620,
                                        "Actual Loops": 6,
                                        "Output": [
                                            "mi.id",
                                            "mi.movie_id",
                                            "mi.info_type_id",
                                            "mi.info",
                                            "mi.note"
                                        ],
                                        "Workers": [
                                            {
                                                "Worker Number": 0,
                                                "Actual Startup Time": 0.05,
                                                "Actual Total Time": 303.249,
                                                "Actual Rows": 1715390,
                                                "Actual Loops": 1
                                            },
                                            {
                                                "Worker Number": 1,
                                                "Actual Startup Time": 0.041,
                                                "Actual Total Time": 315.16,
                                                "Actual Rows": 1639088,
                                                "Actual Loops": 1
                                            },
                                            {
                                                "Worker Number": 2,
                                                "Actual Startup Time": 0.037,
                                                "Actual Total Time": 304.901,
                                                "Actual Rows": 2719635,
                                                "Actual Loops": 1
                                            },
                                            {
                                                "Worker Number": 3,
                                                "Actual Startup Time": 0.031,
                                                "Actual Total Time": 304.151,
                                                "Actual Rows": 2706339,
                                                "Actual Loops": 1
                                            },
                                            {
                                                "Worker Number": 4,
                                                "Actual Startup Time": 0.031,
                                                "Actual Total Time": 304.725,
                                                "Actual Rows": 2685151,
                                                "Actual Loops": 1
                                            }
                                        ]
                                    },
                                    {
                                        "Node Type": "Hash",
                                        "Parent Relationship": "Inner",
                                        "Parallel Aware": true,
                                        "Startup Cost": 45479.21,
                                        "Total Cost": 45479.21,
                                        "Plan Rows": 11855,
                                        "Plan Width": 4,
                                        "Actual Startup Time": 81.688,
                                        "Actual Total Time": 81.689,
                                        "Actual Rows": 5746,
                                        "Actual Loops": 6,
                                        "Output": [
                                            "t.id"
                                        ],
                                        "Hash Buckets": 65536,
                                        "Original Hash Buckets": 65536,
                                        "Hash Batches": 1,
                                        "Original Hash Batches": 1,
                                        "Peak Memory Usage": 1952,
                                        "Workers": [
                                            {
                                                "Worker Number": 0,
                                                "Actual Startup Time": 79.917,
                                                "Actual Total Time": 79.918,
                                                "Actual Rows": 4092,
                                                "Actual Loops": 1
                                            },
                                            {
                                                "Worker Number": 1,
                                                "Actual Startup Time": 79.729,
                                                "Actual Total Time": 79.73,
                                                "Actual Rows": 4009,
                                                "Actual Loops": 1
                                            },
                                            {
                                                "Worker Number": 2,
                                                "Actual Startup Time": 80.783,
                                                "Actual Total Time": 80.784,
                                                "Actual Rows": 6102,
                                                "Actual Loops": 1
                                            },
                                            {
                                                "Worker Number": 3,
                                                "Actual Startup Time": 81.049,
                                                "Actual Total Time": 81.049,
                                                "Actual Rows": 6275,
                                                "Actual Loops": 1
                                            },
                                            {
                                                "Worker Number": 4,
                                                "Actual Startup Time": 81.245,
                                                "Actual Total Time": 81.246,
                                                "Actual Rows": 6202,
                                                "Actual Loops": 1
                                            }
                                        ],
                                        "Plans": [
                                            {
                                                "Node Type": "Seq Scan",
                                                "Parent Relationship": "Outer",
                                                "Parallel Aware": true,
                                                "Relation Name": "title",
                                                "Schema": "public",
                                                "Alias": "t",
                                                "Startup Cost": 0.0,
                                                "Total Cost": 45479.21,
                                                "Plan Rows": 11855,
                                                "Plan Width": 4,
                                                "Actual Startup Time": 55.234,
                                                "Actual Total Time": 79.169,
                                                "Actual Rows": 5746,
                                                "Actual Loops": 6,
                                                "Output": [
                                                    "t.id"
                                                ],
                                                "Filter": "((t.production_year > 2003) AND (t.kind_id = 3))",
                                                "Rows Removed by Filter": 415639,
                                                "Workers": [
                                                    {
                                                        "Worker Number": 0,
                                                        "Actual Startup Time": 54.777,
                                                        "Actual Total Time": 77.189,
                                                        "Actual Rows": 4092,
                                                        "Actual Loops": 1
                                                    },
                                                    {
                                                        "Worker Number": 1,
                                                        "Actual Startup Time": 54.537,
                                                        "Actual Total Time": 77.398,
                                                        "Actual Rows": 4009,
                                                        "Actual Loops": 1
                                                    },
                                                    {
                                                        "Worker Number": 2,
                                                        "Actual Startup Time": 55.638,
                                                        "Actual Total Time": 78.222,
                                                        "Actual Rows": 6102,
                                                        "Actual Loops": 1
                                                    },
                                                    {
                                                        "Worker Number": 3,
                                                        "Actual Startup Time": 51.171,
                                                        "Actual Total Time": 78.535,
                                                        "Actual Rows": 6275,
                                                        "Actual Loops": 1
                                                    },
                                                    {
                                                        "Worker Number": 4,
                                                        "Actual Startup Time": 56.089,
                                                        "Actual Total Time": 78.726,
                                                        "Actual Rows": 6202,
                                                        "Actual Loops": 1
                                                    }
                                                ]
                                            }
                                        ]
                                    }
                                ]
                            }
                        ]
                    }
                ]
            }
        ]
    },
    "Planning Time": 0.729,
    "Triggers": [],
    "Execution Time": 709.836
}