[
  {
    "Plan": {
      "Node Type": "Aggregate",
      "Strategy": "Plain",
      "Partial Mode": "Finalize",
      "Parallel Aware": false,
      "Startup Cost": 390269.73,
      "Total Cost": 390269.74,
      "Plan Rows": 1,
      "Plan Width": 8,
      "Actual Startup Time": 1724.172,
      "Actual Total Time": 1761.801,
      "Actual Rows": 1,
      "Actual Loops": 1,
      "Plans": [
        {
          "Node Type": "Gather",
          "Parent Relationship": "Outer",
          "Parallel Aware": false,
          "Startup Cost": 390269.52,
          "Total Cost": 390269.73,
          "Plan Rows": 2,
          "Plan Width": 8,
          "Actual Startup Time": 1706.626,
          "Actual Total Time": 1761.789,
          "Actual Rows": 3,
          "Actual Loops": 1,
          "Workers Planned": 2,
          "Workers Launched": 2,
          "Single Copy": false,
          "Plans": [
            {
              "Node Type": "Aggregate",
              "Strategy": "Plain",
              "Partial Mode": "Partial",
              "Parent Relationship": "Outer",
              "Parallel Aware": false,
              "Startup Cost": 389269.52,
              "Total Cost": 389269.53,
              "Plan Rows": 1,
              "Plan Width": 8,
              "Actual Startup Time": 1690.277,
              "Actual Total Time": 1691.406,
              "Actual Rows": 1,
              "Actual Loops": 3,
              "Plans": [
                {
                  "Node Type": "Hash Join",
                  "Parent Relationship": "Outer",
                  "Parallel Aware": true,
                  "Join Type": "Inner",
                  "Startup Cost": 371115.49,
                  "Total Cost": 387881.97,
                  "Plan Rows": 555018,
                  "Plan Width": 0,
                  "Actual Startup Time": 1421.951,
                  "Actual Total Time": 1652.908,
                  "Actual Rows": 986605,
                  "Actual Loops": 3,
                  "Inner Unique": false,
                  "Hash Cond": "(mi_idx.movie_id = t.id)",
                  "Plans": [
                    {
                      "Node Type": "Seq Scan",
                      "Parent Relationship": "Outer",
                      "Parallel Aware": true,
                      "Relation Name": "movie_info_idx",
                      "Alias": "mi_idx",
                      "Startup Cost": 0.0,
                      "Total Cost": 13685.15,
                      "Plan Rows": 575015,
                      "Plan Width": 4,
                      "Actual Startup Time": 0.027,
                      "Actual Total Time": 36.06,
                      "Actual Rows": 460012,
                      "Actual Loops": 3
                    },
                    {
                      "Node Type": "Hash",
                      "Parent Relationship": "Inner",
                      "Parallel Aware": true,
                      "Startup Cost": 366031.39,
                      "Total Cost": 366031.39,
                      "Plan Rows": 406728,
                      "Plan Width": 8,
                      "Actual Startup Time": 1406.794,
                      "Actual Total Time": 1407.92,
                      "Actual Rows": 837736,
                      "Actual Loops": 3,
                      "Hash Buckets": 4194304,
                      "Original Hash Buckets": 4194304,
                      "Hash Batches": 1,
                      "Original Hash Batches": 1,
                      "Peak Memory Usage": 131104,
                      "Plans": [
                        {
                          "Node Type": "Hash Join",
                          "Parent Relationship": "Outer",
                          "Parallel Aware": true,
                          "Join Type": "Inner",
                          "Startup Cost": 107017.31,
                          "Total Cost": 366031.39,
                          "Plan Rows": 406728,
                          "Plan Width": 8,
                          "Actual Startup Time": 526.133,
                          "Actual Total Time": 1089.354,
                          "Actual Rows": 837736,
                          "Actual Loops": 3,
                          "Inner Unique": true,
                          "Hash Cond": "(ci.movie_id = t.id)",
                          "Plans": [
                            {
                              "Node Type": "Bitmap Heap Scan",
                              "Parent Relationship": "Outer",
                              "Parallel Aware": true,
                              "Relation Name": "cast_info",
                              "Alias": "ci",
                              "Startup Cost": 55436.4,
                              "Total Cost": 313352.39,
                              "Plan Rows": 418319,
                              "Plan Width": 4,
                              "Actual Startup Time": 88.29,
                              "Actual Total Time": 200.327,
                              "Actual Rows": 845957,
                              "Actual Loops": 3,
                              "Recheck Cond": "(person_id < 245128)",
                              "Rows Removed by Index Recheck": 0,
                              "Exact Heap Blocks": 8811,
                              "Lossy Heap Blocks": 0,
                              "Plans": [
                                {
                                  "Node Type": "Bitmap Index Scan",
                                  "Parent Relationship": "Outer",
                                  "Parallel Aware": false,
                                  "Index Name": "person_id_cast_info",
                                  "Startup Cost": 0.0,
                                  "Total Cost": 54808.92,
                                  "Plan Rows": 2509914,
                                  "Plan Width": 0,
                                  "Actual Startup Time": 84.296,
                                  "Actual Total Time": 84.296,
                                  "Actual Rows": 2537870,
                                  "Actual Loops": 1,
                                  "Index Cond": "(person_id < 245128)"
                                }
                              ]
                            },
                            {
                              "Node Type": "Hash",
                              "Parent Relationship": "Inner",
                              "Parallel Aware": true,
                              "Startup Cost": 43898.92,
                              "Total Cost": 43898.92,
                              "Plan Rows": 614560,
                              "Plan Width": 4,
                              "Actual Startup Time": 429.663,
                              "Actual Total Time": 429.665,
                              "Actual Rows": 818739,
                              "Actual Loops": 3,
                              "Hash Buckets": 4194304,
                              "Original Hash Buckets": 4194304,
                              "Hash Batches": 1,
                              "Original Hash Batches": 1,
                              "Peak Memory Usage": 128896,
                              "Plans": [
                                {
                                  "Node Type": "Seq Scan",
                                  "Parent Relationship": "Outer",
                                  "Parallel Aware": true,
                                  "Relation Name": "title",
                                  "Alias": "t",
                                  "Startup Cost": 0.0,
                                  "Total Cost": 43898.92,
                                  "Plan Rows": 614560,
                                  "Plan Width": 4,
                                  "Actual Startup Time": 0.045,
                                  "Actual Total Time": 139.648,
                                  "Actual Rows": 818739,
                                  "Actual Loops": 3,
                                  "Filter": "(production_year > 0)",
                                  "Rows Removed by Filter": 24031
                                }
                              ]
                            }
                          ]
                        }
                      ]
                    }
                  ]
                }
              ]
            }
          ]
        }
      ]
    },
    "Planning Time": 1.294,
    "Triggers": [],
    "Execution Time": 1761.909
  }
]