{
  "Plan": {
    "Node Type": "Aggregate",
    "Strategy": "Plain",
    "Partial Mode": "Finalize",
    "Parallel Aware": false,
    "Startup Cost": 523068.37,
    "Total Cost": 523068.38,
    "Plan Rows": 1,
    "Plan Width": 8,
    "Actual Startup Time": 3286.935,
    "Actual Total Time": 3333.826,
    "Actual Rows": 1,
    "Actual Loops": 1,
    "Plans": [
      {
        "Node Type": "Gather",
        "Parent Relationship": "Outer",
        "Parallel Aware": false,
        "Startup Cost": 523068.25,
        "Total Cost": 523068.36,
        "Plan Rows": 1,
        "Plan Width": 8,
        "Actual Startup Time": 3282.791,
        "Actual Total Time": 3333.818,
        "Actual Rows": 2,
        "Actual Loops": 1,
        "Workers Planned": 1,
        "Workers Launched": 1,
        "Single Copy": false,
        "Plans": [
          {
            "Node Type": "Aggregate",
            "Strategy": "Plain",
            "Partial Mode": "Partial",
            "Parent Relationship": "Outer",
            "Parallel Aware": false,
            "Startup Cost": 522068.25,
            "Total Cost": 522068.26,
            "Plan Rows": 1,
            "Plan Width": 8,
            "Actual Startup Time": 3276.107,
            "Actual Total Time": 3276.114,
            "Actual Rows": 1,
            "Actual Loops": 2,
            "Plans": [
              {
                "Node Type": "Hash Join",
                "Parent Relationship": "Outer",
                "Parallel Aware": true,
                "Join Type": "Inner",
                "Startup Cost": 227960.5,
                "Total Cost": 518327.96,
                "Plan Rows": 1496119,
                "Plan Width": 0,
                "Actual Startup Time": 1409.19,
                "Actual Total Time": 3201.937,
                "Actual Rows": 1777385,
                "Actual Loops": 2,
                "Inner Unique": false,
                "Hash Cond": "(mi.movie_id = t.id)",
                "Plans": [
                  {
                    "Node Type": "Seq Scan",
                    "Parent Relationship": "Outer",
                    "Parallel Aware": true,
                    "Relation Name": "movie_info",
                    "Alias": "mi",
                    "Startup Cost": 0.0,
                    "Total Cost": 248955.74,
                    "Plan Rows": 8696274,
                    "Plan Width": 4,
                    "Actual Startup Time": 0.019,
                    "Actual Total Time": 705.602,
                    "Actual Rows": 7417860,
                    "Actual Loops": 2
                  },
                  {
                    "Node Type": "Hash",
                    "Parent Relationship": "Inner",
                    "Parallel Aware": true,
                    "Startup Cost": 224762.19,
                    "Total Cost": 224762.19,
                    "Plan Rows": 255865,
                    "Plan Width": 8,
                    "Actual Startup Time": 1403.014,
                    "Actual Total Time": 1403.017,
                    "Actual Rows": 190400,
                    "Actual Loops": 2,
                    "Hash Buckets": 524288,
                    "Original Hash Buckets": 524288,
                    "Hash Batches": 1,
                    "Original Hash Batches": 1,
                    "Peak Memory Usage": 19040,
                    "Plans": [
                      {
                        "Node Type": "Merge Join",
                        "Parent Relationship": "Outer",
                        "Parallel Aware": false,
                        "Join Type": "Inner",
                        "Startup Cost": 112827.79,
                        "Total Cost": 224762.19,
                        "Plan Rows": 255865,
                        "Plan Width": 8,
                        "Actual Startup Time": 379.798,
                        "Actual Total Time": 1339.986,
                        "Actual Rows": 190400,
                        "Actual Loops": 2,
                        "Inner Unique": false,
                        "Merge Cond": "(t.id = mc.movie_id)",
                        "Plans": [
                          {
                            "Node Type": "Index Scan",
                            "Parent Relationship": "Outer",
                            "Parallel Aware": true,
                            "Scan Direction": "Forward",
                            "Index Name": "title_pkey",
                            "Relation Name": "title",
                            "Alias": "t",
                            "Startup Cost": 0.43,
                            "Total Cost": 103647.43,
                            "Plan Rows": 904038,
                            "Plan Width": 4,
                            "Actual Startup Time": 0.076,
                            "Actual Total Time": 798.704,
                            "Actual Rows": 771036,
                            "Actual Loops": 2,
                            "Filter": "(kind_id = 7)",
                            "Rows Removed by Filter": 491804
                          },
                          {
                            "Node Type": "Sort",
                            "Parent Relationship": "Inner",
                            "Parallel Aware": false,
                            "Startup Cost": 112825.25,
                            "Total Cost": 114614.17,
                            "Plan Rows": 715569,
                            "Plan Width": 4,
                            "Actual Startup Time": 379.624,
                            "Actual Total Time": 423.611,
                            "Actual Rows": 711933,
                            "Actual Loops": 2,
                            "Sort Key": [
                              "mc.movie_id"
                            ],
                            "Sort Method": "quicksort",
                            "Sort Space Used": 57948,
                            "Sort Space Type": "Memory",
                            "Workers": [
                              {
                                "Worker Number": 0,
                                "Sort Method": "quicksort",
                                "Sort Space Used": 57948,
                                "Sort Space Type": "Memory"
                              }
                            ],
                            "Plans": [
                              {
                                "Node Type": "Bitmap Heap Scan",
                                "Parent Relationship": "Outer",
                                "Parallel Aware": false,
                                "Relation Name": "movie_companies",
                                "Alias": "mc",
                                "Startup Cost": 15506.09,
                                "Total Cost": 43240.7,
                                "Plan Rows": 715569,
                                "Plan Width": 4,
                                "Actual Startup Time": 51.947,
                                "Actual Total Time": 197.911,
                                "Actual Rows": 711933,
                                "Actual Loops": 2,
                                "Recheck Cond": "(company_id < 1371)",
                                "Rows Removed by Index Recheck": 0,
                                "Exact Heap Blocks": 18572,
                                "Lossy Heap Blocks": 0,
                                "Plans": [
                                  {
                                    "Node Type": "Bitmap Index Scan",
                                    "Parent Relationship": "Outer",
                                    "Parallel Aware": false,
                                    "Index Name": "company_id_movie_companies",
                                    "Startup Cost": 0.0,
                                    "Total Cost": 15327.2,
                                    "Plan Rows": 715569,
                                    "Plan Width": 0,
                                    "Actual Startup Time": 48.915,
                                    "Actual Total Time": 48.916,
                                    "Actual Rows": 711933,
                                    "Actual Loops": 2,
                                    "Index Cond": "(company_id < 1371)"
                                  }
                                ]
                              }
                            ]
                          }
                        ]
                      }
                    ]
                  }
                ]
              }
            ]
          }
        ]
      }
    ]
  },
  "Planning Time": 0.953,
  "Triggers": [],
  "Execution Time": 3333.961
}