[
  {
    "Plan": {
      "Node Type": "Aggregate",
      "Strategy": "Plain",
      "Partial Mode": "Finalize",
      "Parallel Aware": false,
      "Startup Cost": 31891.59,
      "Total Cost": 31891.6,
      "Plan Rows": 1,
      "Plan Width": 8,
      "Actual Startup Time": 103.356,
      "Actual Total Time": 108.763,
      "Actual Rows": 1,
      "Actual Loops": 1,
      "Plans": [
        {
          "Node Type": "Gather",
          "Parent Relationship": "Outer",
          "Parallel Aware": false,
          "Startup Cost": 31891.28,
          "Total Cost": 31891.59,
          "Plan Rows": 3,
          "Plan Width": 8,
          "Actual Startup Time": 103.227,
          "Actual Total Time": 108.753,
          "Actual Rows": 4,
          "Actual Loops": 1,
          "Workers Planned": 3,
          "Workers Launched": 3,
          "Single Copy": false,
          "Plans": [
            {
              "Node Type": "Aggregate",
              "Strategy": "Plain",
              "Partial Mode": "Partial",
              "Parent Relationship": "Outer",
              "Parallel Aware": false,
              "Startup Cost": 30891.28,
              "Total Cost": 30891.29,
              "Plan Rows": 1,
              "Plan Width": 8,
              "Actual Startup Time": 98.369,
              "Actual Total Time": 98.37,
              "Actual Rows": 1,
              "Actual Loops": 4,
              "Plans": [
                {
                  "Node Type": "Seq Scan",
                  "Parent Relationship": "Outer",
                  "Parallel Aware": true,
                  "Relation Name": "movie_companies",
                  "Alias": "mc",
                  "Startup Cost": 0.0,
                  "Total Cost": 29310.68,
                  "Plan Rows": 632238,
                  "Plan Width": 0,
                  "Actual Startup Time": 0.034,
                  "Actual Total Time": 74.885,
                  "Actual Rows": 491512,
                  "Actual Loops": 4,
                  "Filter": "(company_id < 56377)",
                  "Rows Removed by Filter": 160770
                }
              ]
            }
          ]
        }
      ]
    },
    "Planning Time": 0.117,
    "Triggers": [],
    "Execution Time": 108.804
  }
]