{
  "Plan": {
    "Node Type": "Aggregate",
    "Strategy": "Plain",
    "Partial Mode": "Finalize",
    "Parallel Aware": false,
    "Startup Cost": 332743.94,
    "Total Cost": 332743.95,
    "Plan Rows": 1,
    "Plan Width": 8,
    "Actual Startup Time": 407.735,
    "Actual Total Time": 418.974,
    "Actual Rows": 1,
    "Actual Loops": 1,
    "Plans": [
      {
        "Node Type": "Gather",
        "Parent Relationship": "Outer",
        "Parallel Aware": false,
        "Startup Cost": 332743.83,
        "Total Cost": 332743.94,
        "Plan Rows": 1,
        "Plan Width": 8,
        "Actual Startup Time": 406.074,
        "Actual Total Time": 418.967,
        "Actual Rows": 2,
        "Actual Loops": 1,
        "Workers Planned": 1,
        "Workers Launched": 1,
        "Single Copy": false,
        "Plans": [
          {
            "Node Type": "Aggregate",
            "Strategy": "Plain",
            "Partial Mode": "Partial",
            "Parent Relationship": "Outer",
            "Parallel Aware": false,
            "Startup Cost": 331743.83,
            "Total Cost": 331743.84,
            "Plan Rows": 1,
            "Plan Width": 8,
            "Actual Startup Time": 400.023,
            "Actual Total Time": 400.026,
            "Actual Rows": 1,
            "Actual Loops": 2,
            "Plans": [
              {
                "Node Type": "Hash Join",
                "Parent Relationship": "Outer",
                "Parallel Aware": true,
                "Join Type": "Inner",
                "Startup Cost": 73900.78,
                "Total Cost": 331429.98,
                "Plan Rows": 125539,
                "Plan Width": 0,
                "Actual Startup Time": 289.262,
                "Actual Total Time": 395.847,
                "Actual Rows": 96596,
                "Actual Loops": 2,
                "Inner Unique": true,
                "Hash Cond": "(ci.movie_id = t.id)",
                "Plans": [
                  {
                    "Node Type": "Bitmap Heap Scan",
                    "Parent Relationship": "Outer",
                    "Parallel Aware": true,
                    "Relation Name": "cast_info",
                    "Alias": "ci",
                    "Startup Cost": 12022.48,
                    "Total Cost": 268711.3,
                    "Plan Rows": 320145,
                    "Plan Width": 4,
                    "Actual Startup Time": 18.157,
                    "Actual Total Time": 46.438,
                    "Actual Rows": 259718,
                    "Actual Loops": 2,
                    "Recheck Cond": "(person_id > 3962824)",
                    "Rows Removed by Index Recheck": 0,
                    "Exact Heap Blocks": 3587,
                    "Lossy Heap Blocks": 0,
                    "Plans": [
                      {
                        "Node Type": "Bitmap Index Scan",
                        "Parent Relationship": "Outer",
                        "Parallel Aware": false,
                        "Index Name": "person_id_cast_info",
                        "Startup Cost": 0.0,
                        "Total Cost": 11886.42,
                        "Plan Rows": 544247,
                        "Plan Width": 0,
                        "Actual Startup Time": 17.107,
                        "Actual Total Time": 17.108,
                        "Actual Rows": 519436,
                        "Actual Loops": 1,
                        "Index Cond": "(person_id > 3962824)"
                      }
                    ]
                  },
                  {
                    "Node Type": "Hash",
                    "Parent Relationship": "Inner",
                    "Parallel Aware": true,
                    "Startup Cost": 54588.39,
                    "Total Cost": 54588.39,
                    "Plan Rows": 583193,
                    "Plan Width": 4,
                    "Actual Startup Time": 261.875,
                    "Actual Total Time": 261.876,
                    "Actual Rows": 492524,
                    "Actual Loops": 2,
                    "Hash Buckets": 1048576,
                    "Original Hash Buckets": 1048576,
                    "Hash Batches": 1,
                    "Original Hash Batches": 1,
                    "Peak Memory Usage": 46752,
                    "Plans": [
                      {
                        "Node Type": "Seq Scan",
                        "Parent Relationship": "Outer",
                        "Parallel Aware": true,
                        "Relation Name": "title",
                        "Alias": "t",
                        "Startup Cost": 0.0,
                        "Total Cost": 54588.39,
                        "Plan Rows": 583193,
                        "Plan Width": 4,
                        "Actual Startup Time": 0.04,
                        "Actual Total Time": 148.855,
                        "Actual Rows": 492524,
                        "Actual Loops": 2,
                        "Filter": "(kind_id < 7)",
                        "Rows Removed by Filter": 771632
                      }
                    ]
                  }
                ]
              }
            ]
          }
        ]
      }
    ]
  },
  "Planning Time": 0.786,
  "Triggers": [],
  "Execution Time": 419.066
}