[
  {
    "Plan": {
      "Node Type": "Aggregate",
      "Strategy": "Plain",
      "Partial Mode": "Finalize",
      "Parallel Aware": false,
      "Startup Cost": 7523.39,
      "Total Cost": 7523.4,
      "Plan Rows": 1,
      "Plan Width": 8,
      "Actual Startup Time": 29.952,
      "Actual Total Time": 33.233,
      "Actual Rows": 1,
      "Actual Loops": 1,
      "Plans": [
        {
          "Node Type": "Gather",
          "Parent Relationship": "Outer",
          "Parallel Aware": false,
          "Startup Cost": 7523.18,
          "Total Cost": 7523.39,
          "Plan Rows": 2,
          "Plan Width": 8,
          "Actual Startup Time": 29.775,
          "Actual Total Time": 33.225,
          "Actual Rows": 3,
          "Actual Loops": 1,
          "Workers Planned": 2,
          "Workers Launched": 2,
          "Single Copy": false,
          "Plans": [
            {
              "Node Type": "Aggregate",
              "Strategy": "Plain",
              "Partial Mode": "Partial",
              "Parent Relationship": "Outer",
              "Parallel Aware": false,
              "Startup Cost": 6523.18,
              "Total Cost": 6523.19,
              "Plan Rows": 1,
              "Plan Width": 8,
              "Actual Startup Time": 24.688,
              "Actual Total Time": 24.689,
              "Actual Rows": 1,
              "Actual Loops": 3,
              "Plans": [
                {
                  "Node Type": "Index Scan",
                  "Parent Relationship": "Outer",
                  "Parallel Aware": true,
                  "Scan Direction": "Forward",
                  "Index Name": "role_id_cast_info",
                  "Relation Name": "cast_info",
                  "Alias": "ci",
                  "Startup Cost": 0.56,
                  "Total Cost": 6381.34,
                  "Plan Rows": 56737,
                  "Plan Width": 0,
                  "Actual Startup Time": 0.085,
                  "Actual Total Time": 23.395,
                  "Actual Rows": 17782,
                  "Actual Loops": 3,
                  "Index Cond": "(role_id = 7)",
                  "Rows Removed by Index Recheck": 0,
                  "Filter": "(person_id < 2390843)",
                  "Rows Removed by Filter": 74352
                }
              ]
            }
          ]
        }
      ]
    },
    "Planning Time": 0.247,
    "Triggers": [],
    "Execution Time": 33.295
  }
]