{
  "Plan": {
    "Node Type": "Aggregate",
    "Strategy": "Plain",
    "Partial Mode": "Finalize",
    "Parallel Aware": false,
    "Startup Cost": 100328.25,
    "Total Cost": 100328.26,
    "Plan Rows": 1,
    "Plan Width": 8,
    "Actual Startup Time": 361.195,
    "Actual Total Time": 376.432,
    "Actual Rows": 1,
    "Actual Loops": 1,
    "Plans": [
      {
        "Node Type": "Gather",
        "Parent Relationship": "Outer",
        "Parallel Aware": false,
        "Startup Cost": 100328.14,
        "Total Cost": 100328.25,
        "Plan Rows": 1,
        "Plan Width": 8,
        "Actual Startup Time": 360.883,
        "Actual Total Time": 376.424,
        "Actual Rows": 2,
        "Actual Loops": 1,
        "Workers Planned": 1,
        "Workers Launched": 1,
        "Single Copy": false,
        "Plans": [
          {
            "Node Type": "Aggregate",
            "Strategy": "Plain",
            "Partial Mode": "Partial",
            "Parent Relationship": "Outer",
            "Parallel Aware": false,
            "Startup Cost": 99328.14,
            "Total Cost": 99328.15,
            "Plan Rows": 1,
            "Plan Width": 8,
            "Actual Startup Time": 354.898,
            "Actual Total Time": 354.902,
            "Actual Rows": 1,
            "Actual Loops": 2,
            "Plans": [
              {
                "Node Type": "Hash Join",
                "Parent Relationship": "Outer",
                "Parallel Aware": true,
                "Join Type": "Inner",
                "Startup Cost": 38629.21,
                "Total Cost": 99296.78,
                "Plan Rows": 12541,
                "Plan Width": 0,
                "Actual Startup Time": 69.314,
                "Actual Total Time": 354.529,
                "Actual Rows": 6407,
                "Actual Loops": 2,
                "Inner Unique": true,
                "Hash Cond": "(mk.movie_id = t.id)",
                "Plans": [
                  {
                    "Node Type": "Seq Scan",
                    "Parent Relationship": "Outer",
                    "Parallel Aware": true,
                    "Relation Name": "movie_keyword",
                    "Alias": "mk",
                    "Startup Cost": 0.0,
                    "Total Cost": 57718.19,
                    "Plan Rows": 1123576,
                    "Plan Width": 4,
                    "Actual Startup Time": 0.683,
                    "Actual Total Time": 209.29,
                    "Actual Rows": 957867,
                    "Actual Loops": 2,
                    "Filter": "(keyword_id > 7076)",
                    "Rows Removed by Filter": 1304098
                  },
                  {
                    "Node Type": "Hash",
                    "Parent Relationship": "Inner",
                    "Parallel Aware": true,
                    "Startup Cost": 38421.72,
                    "Total Cost": 38421.72,
                    "Plan Rows": 16599,
                    "Plan Width": 4,
                    "Actual Startup Time": 67.663,
                    "Actual Total Time": 67.665,
                    "Actual Rows": 12884,
                    "Actual Loops": 2,
                    "Hash Buckets": 32768,
                    "Original Hash Buckets": 32768,
                    "Hash Batches": 1,
                    "Original Hash Batches": 1,
                    "Peak Memory Usage": 1280,
                    "Plans": [
                      {
                        "Node Type": "Bitmap Heap Scan",
                        "Parent Relationship": "Outer",
                        "Parallel Aware": true,
                        "Relation Name": "title",
                        "Alias": "t",
                        "Startup Cost": 1623.59,
                        "Total Cost": 38421.72,
                        "Plan Rows": 16599,
                        "Plan Width": 4,
                        "Actual Startup Time": 18.166,
                        "Actual Total Time": 64.274,
                        "Actual Rows": 12884,
                        "Actual Loops": 2,
                        "Recheck Cond": "(kind_id = 2)",
                        "Rows Removed by Index Recheck": 0,
                        "Filter": "(production_year > 2007)",
                        "Rows Removed by Filter": 32542,
                        "Exact Heap Blocks": 20860,
                        "Lossy Heap Blocks": 0,
                        "Plans": [
                          {
                            "Node Type": "Bitmap Index Scan",
                            "Parent Relationship": "Outer",
                            "Parallel Aware": false,
                            "Index Name": "kind_id_title",
                            "Startup Cost": 0.0,
                            "Total Cost": 1616.54,
                            "Plan Rows": 90681,
                            "Plan Width": 0,
                            "Actual Startup Time": 16.381,
                            "Actual Total Time": 16.381,
                            "Actual Rows": 90852,
                            "Actual Loops": 1,
                            "Index Cond": "(kind_id = 2)"
                          }
                        ]
                      }
                    ]
                  }
                ]
              }
            ]
          }
        ]
      }
    ]
  },
  "Planning Time": 0.391,
  "Triggers": [],
  "Execution Time": 376.512
}