[
  {
    "Plan": {
      "Node Type": "Aggregate",
      "Strategy": "Plain",
      "Partial Mode": "Finalize",
      "Parallel Aware": false,
      "Startup Cost": 118871.96,
      "Total Cost": 118871.97,
      "Plan Rows": 1,
      "Plan Width": 8,
      "Actual Startup Time": 411.631,
      "Actual Total Time": 430.973,
      "Actual Rows": 1,
      "Actual Loops": 1,
      "Plans": [
        {
          "Node Type": "Gather",
          "Parent Relationship": "Outer",
          "Parallel Aware": false,
          "Startup Cost": 118871.64,
          "Total Cost": 118871.95,
          "Plan Rows": 3,
          "Plan Width": 8,
          "Actual Startup Time": 406.951,
          "Actual Total Time": 430.964,
          "Actual Rows": 4,
          "Actual Loops": 1,
          "Workers Planned": 3,
          "Workers Launched": 3,
          "Single Copy": false,
          "Plans": [
            {
              "Node Type": "Aggregate",
              "Strategy": "Plain",
              "Partial Mode": "Partial",
              "Parent Relationship": "Outer",
              "Parallel Aware": false,
              "Startup Cost": 117871.64,
              "Total Cost": 117871.65,
              "Plan Rows": 1,
              "Plan Width": 8,
              "Actual Startup Time": 393.079,
              "Actual Total Time": 393.085,
              "Actual Rows": 1,
              "Actual Loops": 4,
              "Plans": [
                {
                  "Node Type": "Hash Join",
                  "Parent Relationship": "Outer",
                  "Parallel Aware": true,
                  "Join Type": "Inner",
                  "Startup Cost": 86570.59,
                  "Total Cost": 117799.31,
                  "Plan Rows": 28931,
                  "Plan Width": 0,
                  "Actual Startup Time": 301.895,
                  "Actual Total Time": 392.54,
                  "Actual Rows": 12784,
                  "Actual Loops": 4,
                  "Inner Unique": false,
                  "Hash Cond": "(mc.movie_id = t.id)",
                  "Plans": [
                    {
                      "Node Type": "Seq Scan",
                      "Parent Relationship": "Outer",
                      "Parallel Aware": true,
                      "Relation Name": "movie_companies",
                      "Alias": "mc",
                      "Startup Cost": 0.0,
                      "Total Cost": 29310.68,
                      "Plan Rows": 486589,
                      "Plan Width": 4,
                      "Actual Startup Time": 0.023,
                      "Actual Total Time": 65.643,
                      "Actual Rows": 375371,
                      "Actual Loops": 4,
                      "Filter": "(company_id < 14007)",
                      "Rows Removed by Filter": 276912
                    },
                    {
                      "Node Type": "Hash",
                      "Parent Relationship": "Inner",
                      "Parallel Aware": true,
                      "Startup Cost": 85964.44,
                      "Total Cost": 85964.44,
                      "Plan Rows": 48492,
                      "Plan Width": 8,
                      "Actual Startup Time": 293.042,
                      "Actual Total Time": 293.047,
                      "Actual Rows": 6884,
                      "Actual Loops": 4,
                      "Hash Buckets": 262144,
                      "Original Hash Buckets": 262144,
                      "Hash Batches": 1,
                      "Original Hash Batches": 1,
                      "Peak Memory Usage": 3168,
                      "Plans": [
                        {
                          "Node Type": "Hash Join",
                          "Parent Relationship": "Outer",
                          "Parallel Aware": true,
                          "Join Type": "Inner",
                          "Startup Cost": 58933.52,
                          "Total Cost": 85964.44,
                          "Plan Rows": 48492,
                          "Plan Width": 8,
                          "Actual Startup Time": 206.636,
                          "Actual Total Time": 290.068,
                          "Actual Rows": 6884,
                          "Actual Loops": 4,
                          "Inner Unique": true,
                          "Hash Cond": "(mk.movie_id = t.id)",
                          "Plans": [
                            {
                              "Node Type": "Bitmap Heap Scan",
                              "Parent Relationship": "Outer",
                              "Parallel Aware": true,
                              "Relation Name": "movie_keyword",
                              "Alias": "mk",
                              "Startup Cost": 11205.7,
                              "Total Cost": 37789.39,
                              "Plan Rows": 170375,
                              "Plan Width": 4,
                              "Actual Startup Time": 35.612,
                              "Actual Total Time": 92.744,
                              "Actual Rows": 128232,
                              "Actual Loops": 4,
                              "Recheck Cond": "(keyword_id > 35325)",
                              "Rows Removed by Index Recheck": 0,
                              "Exact Heap Blocks": 6515,
                              "Lossy Heap Blocks": 0,
                              "Plans": [
                                {
                                  "Node Type": "Bitmap Index Scan",
                                  "Parent Relationship": "Outer",
                                  "Parallel Aware": false,
                                  "Index Name": "keyword_id_movie_keyword",
                                  "Startup Cost": 0.0,
                                  "Total Cost": 11073.66,
                                  "Plan Rows": 528163,
                                  "Plan Width": 0,
                                  "Actual Startup Time": 32.127,
                                  "Actual Total Time": 32.128,
                                  "Actual Rows": 512930,
                                  "Actual Loops": 1,
                                  "Index Cond": "(keyword_id > 35325)"
                                }
                              ]
                            },
                            {
                              "Node Type": "Hash",
                              "Parent Relationship": "Inner",
                              "Parallel Aware": true,
                              "Startup Cost": 45479.1,
                              "Total Cost": 45479.1,
                              "Plan Rows": 179898,
                              "Plan Width": 4,
                              "Actual Startup Time": 166.639,
                              "Actual Total Time": 166.64,
                              "Actual Rows": 159608,
                              "Actual Loops": 4,
                              "Hash Buckets": 1048576,
                              "Original Hash Buckets": 1048576,
                              "Hash Batches": 1,
                              "Original Hash Batches": 1,
                              "Peak Memory Usage": 33216,
                              "Plans": [
                                {
                                  "Node Type": "Seq Scan",
                                  "Parent Relationship": "Outer",
                                  "Parallel Aware": true,
                                  "Relation Name": "title",
                                  "Alias": "t",
                                  "Startup Cost": 0.0,
                                  "Total Cost": 45479.1,
                                  "Plan Rows": 179898,
                                  "Plan Width": 4,
                                  "Actual Startup Time": 0.038,
                                  "Actual Total Time": 102.877,
                                  "Actual Rows": 159608,
                                  "Actual Loops": 4,
                                  "Filter": "((production_year < 2003) AND (kind_id = 7))",
                                  "Rows Removed by Filter": 472470
                                }
                              ]
                            }
                          ]
                        }
                      ]
                    }
                  ]
                }
              ]
            }
          ]
        }
      ]
    },
    "Planning Time": 1.522,
    "Triggers": [],
    "Execution Time": 431.084
  }
]