[
  {
    "Plan": {
      "Node Type": "Aggregate",
      "Strategy": "Plain",
      "Partial Mode": "Finalize",
      "Parallel Aware": false,
      "Startup Cost": 231635.14,
      "Total Cost": 231635.15,
      "Plan Rows": 1,
      "Plan Width": 8,
      "Actual Startup Time": 374.284,
      "Actual Total Time": 396.758,
      "Actual Rows": 1,
      "Actual Loops": 1,
      "Plans": [
        {
          "Node Type": "Gather",
          "Parent Relationship": "Outer",
          "Parallel Aware": false,
          "Startup Cost": 231634.62,
          "Total Cost": 231635.13,
          "Plan Rows": 5,
          "Plan Width": 8,
          "Actual Startup Time": 365.538,
          "Actual Total Time": 396.738,
          "Actual Rows": 6,
          "Actual Loops": 1,
          "Workers Planned": 5,
          "Workers Launched": 5,
          "Single Copy": false,
          "Plans": [
            {
              "Node Type": "Aggregate",
              "Strategy": "Plain",
              "Partial Mode": "Partial",
              "Parent Relationship": "Outer",
              "Parallel Aware": false,
              "Startup Cost": 230634.62,
              "Total Cost": 230634.63,
              "Plan Rows": 1,
              "Plan Width": 8,
              "Actual Startup Time": 352.657,
              "Actual Total Time": 352.663,
              "Actual Rows": 1,
              "Actual Loops": 6,
              "Plans": [
                {
                  "Node Type": "Hash Join",
                  "Parent Relationship": "Outer",
                  "Parallel Aware": true,
                  "Join Type": "Inner",
                  "Startup Cost": 65656.93,
                  "Total Cost": 230425.98,
                  "Plan Rows": 83456,
                  "Plan Width": 0,
                  "Actual Startup Time": 253.234,
                  "Actual Total Time": 351.538,
                  "Actual Rows": 18475,
                  "Actual Loops": 6,
                  "Inner Unique": true,
                  "Hash Cond": "(mi.movie_id = t.id)",
                  "Plans": [
                    {
                      "Node Type": "Bitmap Heap Scan",
                      "Parent Relationship": "Outer",
                      "Parallel Aware": true,
                      "Relation Name": "movie_info",
                      "Alias": "mi",
                      "Startup Cost": 16584.61,
                      "Total Cost": 180871.86,
                      "Plan Rows": 183540,
                      "Plan Width": 4,
                      "Actual Startup Time": 40.472,
                      "Actual Total Time": 103.013,
                      "Actual Rows": 150057,
                      "Actual Loops": 6,
                      "Recheck Cond": "(info_type_id > 94)",
                      "Rows Removed by Index Recheck": 0,
                      "Exact Heap Blocks": 6942,
                      "Lossy Heap Blocks": 0,
                      "Plans": [
                        {
                          "Node Type": "Bitmap Index Scan",
                          "Parent Relationship": "Outer",
                          "Parallel Aware": false,
                          "Index Name": "info_type_id_movie_info",
                          "Startup Cost": 0.0,
                          "Total Cost": 16355.18,
                          "Plan Rows": 917700,
                          "Plan Width": 0,
                          "Actual Startup Time": 35.196,
                          "Actual Total Time": 35.197,
                          "Actual Rows": 900340,
                          "Actual Loops": 1,
                          "Index Cond": "(info_type_id > 94)"
                        }
                      ]
                    },
                    {
                      "Node Type": "Hash",
                      "Parent Relationship": "Inner",
                      "Parallel Aware": true,
                      "Startup Cost": 45479.59,
                      "Total Cost": 45479.59,
                      "Plan Rows": 287419,
                      "Plan Width": 4,
                      "Actual Startup Time": 195.698,
                      "Actual Total Time": 195.7,
                      "Actual Rows": 205881,
                      "Actual Loops": 6,
                      "Hash Buckets": 2097152,
                      "Original Hash Buckets": 2097152,
                      "Hash Batches": 1,
                      "Original Hash Batches": 1,
                      "Peak Memory Usage": 64800,
                      "Plans": [
                        {
                          "Node Type": "Seq Scan",
                          "Parent Relationship": "Outer",
                          "Parallel Aware": true,
                          "Relation Name": "title",
                          "Alias": "t",
                          "Startup Cost": 0.0,
                          "Total Cost": 45479.59,
                          "Plan Rows": 287419,
                          "Plan Width": 4,
                          "Actual Startup Time": 0.055,
                          "Actual Total Time": 100.949,
                          "Actual Rows": 205881,
                          "Actual Loops": 6,
                          "Filter": "((production_year > 1984) AND (kind_id = 7))",
                          "Rows Removed by Filter": 215504
                        }
                      ]
                    }
                  ]
                }
              ]
            }
          ]
        }
      ]
    },
    "Planning Time": 0.216,
    "Triggers": [],
    "Execution Time": 396.803
  }
]