[
  {
    "Plan": {
      "Node Type": "Aggregate",
      "Strategy": "Plain",
      "Partial Mode": "Finalize",
      "Parallel Aware": false,
      "Startup Cost": 32674.36,
      "Total Cost": 32674.37,
      "Plan Rows": 1,
      "Plan Width": 8,
      "Actual Startup Time": 110.015,
      "Actual Total Time": 119.041,
      "Actual Rows": 1,
      "Actual Loops": 1,
      "Plans": [
        {
          "Node Type": "Gather",
          "Parent Relationship": "Outer",
          "Parallel Aware": false,
          "Startup Cost": 32674.04,
          "Total Cost": 32674.35,
          "Plan Rows": 3,
          "Plan Width": 8,
          "Actual Startup Time": 109.915,
          "Actual Total Time": 119.032,
          "Actual Rows": 4,
          "Actual Loops": 1,
          "Workers Planned": 3,
          "Workers Launched": 3,
          "Single Copy": false,
          "Plans": [
            {
              "Node Type": "Aggregate",
              "Strategy": "Plain",
              "Partial Mode": "Partial",
              "Parent Relationship": "Outer",
              "Parallel Aware": false,
              "Startup Cost": 31674.04,
              "Total Cost": 31674.05,
              "Plan Rows": 1,
              "Plan Width": 8,
              "Actual Startup Time": 101.155,
              "Actual Total Time": 101.156,
              "Actual Rows": 1,
              "Actual Loops": 4,
              "Plans": [
                {
                  "Node Type": "Seq Scan",
                  "Parent Relationship": "Outer",
                  "Parallel Aware": true,
                  "Relation Name": "movie_companies",
                  "Alias": "mc",
                  "Startup Cost": 0.0,
                  "Total Cost": 31414.82,
                  "Plan Rows": 103690,
                  "Plan Width": 0,
                  "Actual Startup Time": 53.221,
                  "Actual Total Time": 93.195,
                  "Actual Rows": 153369,
                  "Actual Loops": 4,
                  "Filter": "((company_id > 61228) AND (company_type_id = 2))",
                  "Rows Removed by Filter": 498914
                }
              ]
            }
          ]
        }
      ]
    },
    "Planning Time": 0.233,
    "Triggers": [],
    "Execution Time": 119.1
  }
]