[
  {
    "Plan": {
      "Node Type": "Aggregate",
      "Strategy": "Plain",
      "Partial Mode": "Finalize",
      "Parallel Aware": false,
      "Startup Cost": 79262.36,
      "Total Cost": 79262.37,
      "Plan Rows": 1,
      "Plan Width": 8,
      "Actual Startup Time": 182.486,
      "Actual Total Time": 207.89,
      "Actual Rows": 1,
      "Actual Loops": 1,
      "Plans": [
        {
          "Node Type": "Gather",
          "Parent Relationship": "Outer",
          "Parallel Aware": false,
          "Startup Cost": 79262.05,
          "Total Cost": 79262.36,
          "Plan Rows": 3,
          "Plan Width": 8,
          "Actual Startup Time": 182.09,
          "Actual Total Time": 207.882,
          "Actual Rows": 4,
          "Actual Loops": 1,
          "Workers Planned": 3,
          "Workers Launched": 3,
          "Single Copy": false,
          "Plans": [
            {
              "Node Type": "Aggregate",
              "Strategy": "Plain",
              "Partial Mode": "Partial",
              "Parent Relationship": "Outer",
              "Parallel Aware": false,
              "Startup Cost": 78262.05,
              "Total Cost": 78262.06,
              "Plan Rows": 1,
              "Plan Width": 8,
              "Actual Startup Time": 172.655,
              "Actual Total Time": 172.659,
              "Actual Rows": 1,
              "Actual Loops": 4,
              "Plans": [
                {
                  "Node Type": "Nested Loop",
                  "Parent Relationship": "Outer",
                  "Parallel Aware": false,
                  "Join Type": "Inner",
                  "Startup Cost": 46182.24,
                  "Total Cost": 78260.63,
                  "Plan Rows": 567,
                  "Plan Width": 0,
                  "Actual Startup Time": 111.815,
                  "Actual Total Time": 172.589,
                  "Actual Rows": 689,
                  "Actual Loops": 4,
                  "Inner Unique": false,
                  "Join Filter": "(t.id = ci.movie_id)",
                  "Rows Removed by Join Filter": 0,
                  "Plans": [
                    {
                      "Node Type": "Hash Join",
                      "Parent Relationship": "Outer",
                      "Parallel Aware": true,
                      "Join Type": "Inner",
                      "Startup Cost": 46181.67,
                      "Total Cost": 71132.5,
                      "Plan Rows": 504,
                      "Plan Width": 8,
                      "Actual Startup Time": 110.959,
                      "Actual Total Time": 130.747,
                      "Actual Rows": 370,
                      "Actual Loops": 4,
                      "Inner Unique": true,
                      "Hash Cond": "(mk.movie_id = t.id)",
                      "Plans": [
                        {
                          "Node Type": "Bitmap Heap Scan",
                          "Parent Relationship": "Outer",
                          "Parallel Aware": true,
                          "Relation Name": "movie_keyword",
                          "Alias": "mk",
                          "Startup Cost": 2161.61,
                          "Total Cost": 27026.21,
                          "Plan Rows": 32848,
                          "Plan Width": 4,
                          "Actual Startup Time": 9.792,
                          "Actual Total Time": 25.906,
                          "Actual Rows": 25056,
                          "Actual Loops": 4,
                          "Recheck Cond": "(keyword_id > 82243)",
                          "Rows Removed by Index Recheck": 0,
                          "Exact Heap Blocks": 9294,
                          "Lossy Heap Blocks": 0,
                          "Plans": [
                            {
                              "Node Type": "Bitmap Index Scan",
                              "Parent Relationship": "Outer",
                              "Parallel Aware": false,
                              "Index Name": "keyword_id_movie_keyword",
                              "Startup Cost": 0.0,
                              "Total Cost": 2136.15,
                              "Plan Rows": 101829,
                              "Plan Width": 0,
                              "Actual Startup Time": 7.17,
                              "Actual Total Time": 7.17,
                              "Actual Rows": 100224,
                              "Actual Loops": 1,
                              "Index Cond": "(keyword_id > 82243)"
                            }
                          ]
                        },
                        {
                          "Node Type": "Hash",
                          "Parent Relationship": "Inner",
                          "Parallel Aware": true,
                          "Startup Cost": 43898.92,
                          "Total Cost": 43898.92,
                          "Plan Rows": 9692,
                          "Plan Width": 4,
                          "Actual Startup Time": 99.574,
                          "Actual Total Time": 99.575,
                          "Actual Rows": 9739,
                          "Actual Loops": 4,
                          "Hash Buckets": 65536,
                          "Original Hash Buckets": 65536,
                          "Hash Batches": 1,
                          "Original Hash Batches": 1,
                          "Peak Memory Usage": 2080,
                          "Plans": [
                            {
                              "Node Type": "Seq Scan",
                              "Parent Relationship": "Outer",
                              "Parallel Aware": true,
                              "Relation Name": "title",
                              "Alias": "t",
                              "Startup Cost": 0.0,
                              "Total Cost": 43898.92,
                              "Plan Rows": 9692,
                              "Plan Width": 4,
                              "Actual Startup Time": 0.086,
                              "Actual Total Time": 94.582,
                              "Actual Rows": 9739,
                              "Actual Loops": 4,
                              "Filter": "(production_year = 1997)",
                              "Rows Removed by Filter": 622339
                            }
                          ]
                        }
                      ]
                    },
                    {
                      "Node Type": "Index Scan",
                      "Parent Relationship": "Inner",
                      "Parallel Aware": false,
                      "Scan Direction": "Forward",
                      "Index Name": "movie_id_cast_info",
                      "Relation Name": "cast_info",
                      "Alias": "ci",
                      "Startup Cost": 0.56,
                      "Total Cost": 14.11,
                      "Plan Rows": 3,
                      "Plan Width": 4,
                      "Actual Startup Time": 0.073,
                      "Actual Total Time": 0.112,
                      "Actual Rows": 2,
                      "Actual Loops": 1481,
                      "Index Cond": "(movie_id = mk.movie_id)",
                      "Rows Removed by Index Recheck": 0,
                      "Filter": "(role_id = 4)",
                      "Rows Removed by Filter": 66
                    }
                  ]
                }
              ]
            }
          ]
        }
      ]
    },
    "Planning Time": 1.386,
    "Triggers": [],
    "Execution Time": 208.011
  }
]