[
  {
    "Plan": {
      "Node Type": "Aggregate",
      "Strategy": "Plain",
      "Partial Mode": "Finalize",
      "Parallel Aware": false,
      "Startup Cost": 31530.44,
      "Total Cost": 31530.45,
      "Plan Rows": 1,
      "Plan Width": 8,
      "Actual Startup Time": 91.176,
      "Actual Total Time": 98.481,
      "Actual Rows": 1,
      "Actual Loops": 1,
      "Plans": [
        {
          "Node Type": "Gather",
          "Parent Relationship": "Outer",
          "Parallel Aware": false,
          "Startup Cost": 31530.12,
          "Total Cost": 31530.43,
          "Plan Rows": 3,
          "Plan Width": 8,
          "Actual Startup Time": 91.038,
          "Actual Total Time": 98.474,
          "Actual Rows": 4,
          "Actual Loops": 1,
          "Workers Planned": 3,
          "Workers Launched": 3,
          "Single Copy": false,
          "Plans": [
            {
              "Node Type": "Aggregate",
              "Strategy": "Plain",
              "Partial Mode": "Partial",
              "Parent Relationship": "Outer",
              "Parallel Aware": false,
              "Startup Cost": 30530.12,
              "Total Cost": 30530.13,
              "Plan Rows": 1,
              "Plan Width": 8,
              "Actual Startup Time": 85.959,
              "Actual Total Time": 85.96,
              "Actual Rows": 1,
              "Actual Loops": 4,
              "Plans": [
                {
                  "Node Type": "Seq Scan",
                  "Parent Relationship": "Outer",
                  "Parallel Aware": true,
                  "Relation Name": "movie_companies",
                  "Alias": "mc",
                  "Startup Cost": 0.0,
                  "Total Cost": 29310.68,
                  "Plan Rows": 487775,
                  "Plan Width": 0,
                  "Actual Startup Time": 5.407,
                  "Actual Total Time": 69.864,
                  "Actual Rows": 376155,
                  "Actual Loops": 4,
                  "Filter": "(company_id > 7608)",
                  "Rows Removed by Filter": 276127
                }
              ]
            }
          ]
        }
      ]
    },
    "Planning Time": 0.082,
    "Triggers": [],
    "Execution Time": 98.509
  }
]