{
  "Plan": {
    "Node Type": "Aggregate",
    "Strategy": "Plain",
    "Partial Mode": "Finalize",
    "Parallel Aware": false,
    "Startup Cost": 2424392.17,
    "Total Cost": 2424392.18,
    "Plan Rows": 1,
    "Plan Width": 8,
    "Actual Startup Time": 13606.567,
    "Actual Total Time": 13619.833,
    "Actual Rows": 1,
    "Actual Loops": 1,
    "Plans": [
      {
        "Node Type": "Gather",
        "Parent Relationship": "Outer",
        "Parallel Aware": false,
        "Startup Cost": 2424392.06,
        "Total Cost": 2424392.17,
        "Plan Rows": 1,
        "Plan Width": 8,
        "Actual Startup Time": 13606.555,
        "Actual Total Time": 13619.826,
        "Actual Rows": 2,
        "Actual Loops": 1,
        "Workers Planned": 1,
        "Workers Launched": 1,
        "Single Copy": false,
        "Plans": [
          {
            "Node Type": "Aggregate",
            "Strategy": "Plain",
            "Partial Mode": "Partial",
            "Parent Relationship": "Outer",
            "Parallel Aware": false,
            "Startup Cost": 2423392.06,
            "Total Cost": 2423392.07,
            "Plan Rows": 1,
            "Plan Width": 8,
            "Actual Startup Time": 13529.892,
            "Actual Total Time": 13529.9,
            "Actual Rows": 1,
            "Actual Loops": 2,
            "Plans": [
              {
                "Node Type": "Merge Join",
                "Parent Relationship": "Outer",
                "Parallel Aware": false,
                "Join Type": "Inner",
                "Startup Cost": 2325489.24,
                "Total Cost": 2418651.64,
                "Plan Rows": 1896168,
                "Plan Width": 0,
                "Actual Startup Time": 11603.728,
                "Actual Total Time": 13488.156,
                "Actual Rows": 1076095,
                "Actual Loops": 2,
                "Inner Unique": false,
                "Merge Cond": "(t.id = mi.movie_id)",
                "Plans": [
                  {
                    "Node Type": "Sort",
                    "Parent Relationship": "Outer",
                    "Parallel Aware": false,
                    "Startup Cost": 2117936.16,
                    "Total Cost": 2150321.16,
                    "Plan Rows": 12954000,
                    "Plan Width": 8,
                    "Actual Startup Time": 11450.51,
                    "Actual Total Time": 12433.449,
                    "Actual Rows": 10709304,
                    "Actual Loops": 2,
                    "Sort Key": [
                      "t.id"
                    ],
                    "Sort Method": "quicksort",
                    "Sort Space Used": 912790,
                    "Sort Space Type": "Memory",
                    "Workers": [
                      {
                        "Worker Number": 0,
                        "Sort Method": "quicksort",
                        "Sort Space Used": 877700,
                        "Sort Space Type": "Memory"
                      }
                    ],
                    "Plans": [
                      {
                        "Node Type": "Hash Join",
                        "Parent Relationship": "Outer",
                        "Parallel Aware": true,
                        "Join Type": "Inner",
                        "Startup Cost": 65888.86,
                        "Total Cost": 587622.22,
                        "Plan Rows": 12954000,
                        "Plan Width": 8,
                        "Actual Startup Time": 415.443,
                        "Actual Total Time": 8653.995,
                        "Actual Rows": 10709942,
                        "Actual Loops": 2,
                        "Inner Unique": true,
                        "Hash Cond": "(ci.movie_id = t.id)",
                        "Plans": [
                          {
                            "Node Type": "Seq Scan",
                            "Parent Relationship": "Outer",
                            "Parallel Aware": true,
                            "Relation Name": "cast_info",
                            "Alias": "ci",
                            "Startup Cost": 0.0,
                            "Total Cost": 465792.95,
                            "Plan Rows": 21310595,
                            "Plan Width": 4,
                            "Actual Startup Time": 0.015,
                            "Actual Total Time": 1479.092,
                            "Actual Rows": 18122172,
                            "Actual Loops": 2
                          },
                          {
                            "Node Type": "Hash",
                            "Parent Relationship": "Inner",
                            "Parallel Aware": true,
                            "Startup Cost": 54588.39,
                            "Total Cost": 54588.39,
                            "Plan Rows": 904038,
                            "Plan Width": 4,
                            "Actual Startup Time": 401.018,
                            "Actual Total Time": 401.019,
                            "Actual Rows": 771632,
                            "Actual Loops": 2,
                            "Hash Buckets": 2097152,
                            "Original Hash Buckets": 2097152,
                            "Hash Batches": 1,
                            "Original Hash Batches": 1,
                            "Peak Memory Usage": 76768,
                            "Plans": [
                              {
                                "Node Type": "Seq Scan",
                                "Parent Relationship": "Outer",
                                "Parallel Aware": true,
                                "Relation Name": "title",
                                "Alias": "t",
                                "Startup Cost": 0.0,
                                "Total Cost": 54588.39,
                                "Plan Rows": 904038,
                                "Plan Width": 4,
                                "Actual Startup Time": 0.032,
                                "Actual Total Time": 165.14,
                                "Actual Rows": 771632,
                                "Actual Loops": 2,
                                "Filter": "(kind_id = 7)",
                                "Rows Removed by Filter": 492524
                              }
                            ]
                          }
                        ]
                      }
                    ]
                  },
                  {
                    "Node Type": "Sort",
                    "Parent Relationship": "Inner",
                    "Parallel Aware": false,
                    "Startup Cost": 207551.77,
                    "Total Cost": 208476.98,
                    "Plan Rows": 370084,
                    "Plan Width": 4,
                    "Actual Startup Time": 153.046,
                    "Actual Total Time": 201.147,
                    "Actual Rows": 1387149,
                    "Actual Loops": 2,
                    "Sort Key": [
                      "mi.movie_id"
                    ],
                    "Sort Method": "quicksort",
                    "Sort Space Used": 29549,
                    "Sort Space Type": "Memory",
                    "Workers": [
                      {
                        "Worker Number": 0,
                        "Sort Method": "quicksort",
                        "Sort Space Used": 29549,
                        "Sort Space Type": "Memory"
                      }
                    ],
                    "Plans": [
                      {
                        "Node Type": "Bitmap Heap Scan",
                        "Parent Relationship": "Outer",
                        "Parallel Aware": false,
                        "Relation Name": "movie_info",
                        "Alias": "mi",
                        "Startup Cost": 6704.59,
                        "Total Cost": 173323.64,
                        "Plan Rows": 370084,
                        "Plan Width": 4,
                        "Actual Startup Time": 13.566,
                        "Actual Total Time": 76.571,
                        "Actual Rows": 368218,
                        "Actual Loops": 2,
                        "Recheck Cond": "(info_type_id = 17)",
                        "Rows Removed by Index Recheck": 0,
                        "Exact Heap Blocks": 10810,
                        "Lossy Heap Blocks": 0,
                        "Plans": [
                          {
                            "Node Type": "Bitmap Index Scan",
                            "Parent Relationship": "Outer",
                            "Parallel Aware": false,
                            "Index Name": "info_type_id_movie_info",
                            "Startup Cost": 0.0,
                            "Total Cost": 6612.07,
                            "Plan Rows": 370084,
                            "Plan Width": 0,
                            "Actual Startup Time": 12.318,
                            "Actual Total Time": 12.318,
                            "Actual Rows": 368218,
                            "Actual Loops": 2,
                            "Index Cond": "(info_type_id = 17)"
                          }
                        ]
                      }
                    ]
                  }
                ]
              }
            ]
          }
        ]
      }
    ]
  },
  "Planning Time": 1.062,
  "Triggers": [],
  "Execution Time": 13666.854
}