[
  {
    "Plan": {
      "Node Type": "Aggregate",
      "Strategy": "Plain",
      "Partial Mode": "Finalize",
      "Parallel Aware": false,
      "Startup Cost": 46117.46,
      "Total Cost": 46117.47,
      "Plan Rows": 1,
      "Plan Width": 8,
      "Actual Startup Time": 158.633,
      "Actual Total Time": 166.15,
      "Actual Rows": 1,
      "Actual Loops": 1,
      "Plans": [
        {
          "Node Type": "Gather",
          "Parent Relationship": "Outer",
          "Parallel Aware": false,
          "Startup Cost": 46117.15,
          "Total Cost": 46117.46,
          "Plan Rows": 3,
          "Plan Width": 8,
          "Actual Startup Time": 158.544,
          "Actual Total Time": 166.143,
          "Actual Rows": 4,
          "Actual Loops": 1,
          "Workers Planned": 3,
          "Workers Launched": 3,
          "Single Copy": false,
          "Plans": [
            {
              "Node Type": "Aggregate",
              "Strategy": "Plain",
              "Partial Mode": "Partial",
              "Parent Relationship": "Outer",
              "Parallel Aware": false,
              "Startup Cost": 45117.15,
              "Total Cost": 45117.16,
              "Plan Rows": 1,
              "Plan Width": 8,
              "Actual Startup Time": 151.163,
              "Actual Total Time": 151.164,
              "Actual Rows": 1,
              "Actual Loops": 4,
              "Plans": [
                {
                  "Node Type": "Seq Scan",
                  "Parent Relationship": "Outer",
                  "Parallel Aware": true,
                  "Relation Name": "movie_keyword",
                  "Alias": "mk",
                  "Startup Cost": 0.0,
                  "Total Cost": 42695.65,
                  "Plan Rows": 968597,
                  "Plan Width": 0,
                  "Actual Startup Time": 0.041,
                  "Actual Total Time": 114.524,
                  "Actual Rows": 757138,
                  "Actual Loops": 4,
                  "Filter": "(keyword_id < 10863)",
                  "Rows Removed by Filter": 373845
                }
              ]
            }
          ]
        }
      ]
    },
    "Planning Time": 0.159,
    "Triggers": [],
    "Execution Time": 166.202
  }
]