[
  {
    "Plan": {
      "Node Type": "Aggregate",
      "Strategy": "Plain",
      "Partial Mode": "Finalize",
      "Parallel Aware": false,
      "Startup Cost": 46145.23,
      "Total Cost": 46145.24,
      "Plan Rows": 1,
      "Plan Width": 8,
      "Actual Startup Time": 186.913,
      "Actual Total Time": 195.461,
      "Actual Rows": 1,
      "Actual Loops": 1,
      "Plans": [
        {
          "Node Type": "Gather",
          "Parent Relationship": "Outer",
          "Parallel Aware": false,
          "Startup Cost": 46144.91,
          "Total Cost": 46145.22,
          "Plan Rows": 3,
          "Plan Width": 8,
          "Actual Startup Time": 186.819,
          "Actual Total Time": 195.452,
          "Actual Rows": 4,
          "Actual Loops": 1,
          "Workers Planned": 3,
          "Workers Launched": 3,
          "Single Copy": false,
          "Plans": [
            {
              "Node Type": "Aggregate",
              "Strategy": "Plain",
              "Partial Mode": "Partial",
              "Parent Relationship": "Outer",
              "Parallel Aware": false,
              "Startup Cost": 45144.91,
              "Total Cost": 45144.92,
              "Plan Rows": 1,
              "Plan Width": 8,
              "Actual Startup Time": 179.245,
              "Actual Total Time": 179.246,
              "Actual Rows": 1,
              "Actual Loops": 4,
              "Plans": [
                {
                  "Node Type": "Seq Scan",
                  "Parent Relationship": "Outer",
                  "Parallel Aware": true,
                  "Relation Name": "movie_keyword",
                  "Alias": "mk",
                  "Startup Cost": 0.0,
                  "Total Cost": 42695.65,
                  "Plan Rows": 979703,
                  "Plan Width": 0,
                  "Actual Startup Time": 0.06,
                  "Actual Total Time": 138.851,
                  "Actual Rows": 757138,
                  "Actual Loops": 4,
                  "Filter": "(keyword_id < 10863)",
                  "Rows Removed by Filter": 373845
                }
              ]
            }
          ]
        }
      ]
    },
    "Planning Time": 0.17,
    "Triggers": [],
    "Execution Time": 195.516
  }
]