[
  {
    "Plan": {
      "Node Type": "Aggregate",
      "Strategy": "Plain",
      "Partial Mode": "Finalize",
      "Parallel Aware": false,
      "Startup Cost": 373271.32,
      "Total Cost": 373271.33,
      "Plan Rows": 1,
      "Plan Width": 8,
      "Actual Startup Time": 697.821,
      "Actual Total Time": 716.644,
      "Actual Rows": 1,
      "Actual Loops": 1,
      "Plans": [
        {
          "Node Type": "Gather",
          "Parent Relationship": "Outer",
          "Parallel Aware": false,
          "Startup Cost": 373270.9,
          "Total Cost": 373271.31,
          "Plan Rows": 4,
          "Plan Width": 8,
          "Actual Startup Time": 688.337,
          "Actual Total Time": 716.636,
          "Actual Rows": 5,
          "Actual Loops": 1,
          "Workers Planned": 4,
          "Workers Launched": 4,
          "Single Copy": false,
          "Plans": [
            {
              "Node Type": "Aggregate",
              "Strategy": "Plain",
              "Partial Mode": "Partial",
              "Parent Relationship": "Outer",
              "Parallel Aware": false,
              "Startup Cost": 372270.9,
              "Total Cost": 372270.91,
              "Plan Rows": 1,
              "Plan Width": 8,
              "Actual Startup Time": 676.482,
              "Actual Total Time": 676.488,
              "Actual Rows": 1,
              "Actual Loops": 5,
              "Plans": [
                {
                  "Node Type": "Hash Join",
                  "Parent Relationship": "Outer",
                  "Parallel Aware": true,
                  "Join Type": "Inner",
                  "Startup Cost": 327124.43,
                  "Total Cost": 372164.62,
                  "Plan Rows": 42510,
                  "Plan Width": 0,
                  "Actual Startup Time": 470.494,
                  "Actual Total Time": 666.153,
                  "Actual Rows": 257627,
                  "Actual Loops": 5,
                  "Inner Unique": false,
                  "Hash Cond": "(t.id = mc.movie_id)",
                  "Plans": [
                    {
                      "Node Type": "Seq Scan",
                      "Parent Relationship": "Outer",
                      "Parallel Aware": true,
                      "Relation Name": "title",
                      "Alias": "t",
                      "Startup Cost": 0.0,
                      "Total Cost": 42318.73,
                      "Plan Rows": 632073,
                      "Plan Width": 4,
                      "Actual Startup Time": 0.015,
                      "Actual Total Time": 63.099,
                      "Actual Rows": 505662,
                      "Actual Loops": 5
                    },
                    {
                      "Node Type": "Hash",
                      "Parent Relationship": "Inner",
                      "Parallel Aware": true,
                      "Startup Cost": 325368.45,
                      "Total Cost": 325368.45,
                      "Plan Rows": 140478,
                      "Plan Width": 8,
                      "Actual Startup Time": 467.77,
                      "Actual Total Time": 467.775,
                      "Actual Rows": 257627,
                      "Actual Loops": 5,
                      "Hash Buckets": 2097152,
                      "Original Hash Buckets": 524288,
                      "Hash Batches": 1,
                      "Original Hash Batches": 1,
                      "Peak Memory Usage": 79136,
                      "Plans": [
                        {
                          "Node Type": "Hash Join",
                          "Parent Relationship": "Outer",
                          "Parallel Aware": true,
                          "Join Type": "Inner",
                          "Startup Cost": 291082.57,
                          "Total Cost": 325368.45,
                          "Plan Rows": 140478,
                          "Plan Width": 8,
                          "Actual Startup Time": 237.406,
                          "Actual Total Time": 373.483,
                          "Actual Rows": 257627,
                          "Actual Loops": 5,
                          "Inner Unique": false,
                          "Hash Cond": "(mc.movie_id = ci.movie_id)",
                          "Plans": [
                            {
                              "Node Type": "Seq Scan",
                              "Parent Relationship": "Outer",
                              "Parallel Aware": true,
                              "Relation Name": "movie_companies",
                              "Alias": "mc",
                              "Startup Cost": 0.0,
                              "Total Cost": 31414.82,
                              "Plan Rows": 263693,
                              "Plan Width": 4,
                              "Actual Startup Time": 0.015,
                              "Actual Total Time": 58.358,
                              "Actual Rows": 223380,
                              "Actual Loops": 5,
                              "Filter": "((company_id < 18110) AND (company_type_id = 1))",
                              "Rows Removed by Filter": 298446
                            },
                            {
                              "Node Type": "Hash",
                              "Parent Relationship": "Inner",
                              "Parallel Aware": true,
                              "Startup Cost": 289986.92,
                              "Total Cost": 289986.92,
                              "Plan Rows": 87652,
                              "Plan Width": 4,
                              "Actual Startup Time": 234.864,
                              "Actual Total Time": 234.866,
                              "Actual Rows": 226564,
                              "Actual Loops": 5,
                              "Hash Buckets": 2097152,
                              "Original Hash Buckets": 1048576,
                              "Hash Batches": 1,
                              "Original Hash Batches": 1,
                              "Peak Memory Usage": 68928,
                              "Plans": [
                                {
                                  "Node Type": "Bitmap Heap Scan",
                                  "Parent Relationship": "Outer",
                                  "Parallel Aware": true,
                                  "Relation Name": "cast_info",
                                  "Alias": "ci",
                                  "Startup Cost": 33481.95,
                                  "Total Cost": 289986.92,
                                  "Plan Rows": 87652,
                                  "Plan Width": 4,
                                  "Actual Startup Time": 61.861,
                                  "Actual Total Time": 130.814,
                                  "Actual Rows": 226564,
                                  "Actual Loops": 5,
                                  "Recheck Cond": "(person_id < 157288)",
                                  "Rows Removed by Index Recheck": 0,
                                  "Filter": "(role_id = 1)",
                                  "Rows Removed by Filter": 89221,
                                  "Exact Heap Blocks": 4827,
                                  "Lossy Heap Blocks": 0,
                                  "Plans": [
                                    {
                                      "Node Type": "Bitmap Index Scan",
                                      "Parent Relationship": "Outer",
                                      "Parallel Aware": false,
                                      "Index Name": "person_id_cast_info",
                                      "Startup Cost": 0.0,
                                      "Total Cost": 33350.48,
                                      "Plan Rows": 1527188,
                                      "Plan Width": 0,
                                      "Actual Startup Time": 59.119,
                                      "Actual Total Time": 59.119,
                                      "Actual Rows": 1578924,
                                      "Actual Loops": 1,
                                      "Index Cond": "(person_id < 157288)"
                                    }
                                  ]
                                }
                              ]
                            }
                          ]
                        }
                      ]
                    }
                  ]
                }
              ]
            }
          ]
        }
      ]
    },
    "Planning Time": 1.612,
    "Triggers": [],
    "Execution Time": 716.758
  }
]