[
  {
    "Plan": {
      "Node Type": "Aggregate",
      "Strategy": "Plain",
      "Partial Mode": "Finalize",
      "Parallel Aware": false,
      "Startup Cost": 269341.51,
      "Total Cost": 269341.52,
      "Plan Rows": 1,
      "Plan Width": 8,
      "Actual Startup Time": 76.757,
      "Actual Total Time": 80.784,
      "Actual Rows": 1,
      "Actual Loops": 1,
      "Plans": [
        {
          "Node Type": "Gather",
          "Parent Relationship": "Outer",
          "Parallel Aware": false,
          "Startup Cost": 269340.99,
          "Total Cost": 269341.5,
          "Plan Rows": 5,
          "Plan Width": 8,
          "Actual Startup Time": 76.552,
          "Actual Total Time": 80.776,
          "Actual Rows": 6,
          "Actual Loops": 1,
          "Workers Planned": 5,
          "Workers Launched": 5,
          "Single Copy": false,
          "Plans": [
            {
              "Node Type": "Aggregate",
              "Strategy": "Plain",
              "Partial Mode": "Partial",
              "Parent Relationship": "Outer",
              "Parallel Aware": false,
              "Startup Cost": 268340.99,
              "Total Cost": 268341.0,
              "Plan Rows": 1,
              "Plan Width": 8,
              "Actual Startup Time": 67.156,
              "Actual Total Time": 67.158,
              "Actual Rows": 1,
              "Actual Loops": 6,
              "Plans": [
                {
                  "Node Type": "Bitmap Heap Scan",
                  "Parent Relationship": "Outer",
                  "Parallel Aware": true,
                  "Relation Name": "cast_info",
                  "Alias": "ci",
                  "Startup Cost": 10406.25,
                  "Total Cost": 268236.1,
                  "Plan Rows": 41956,
                  "Plan Width": 0,
                  "Actual Startup Time": 27.096,
                  "Actual Total Time": 61.135,
                  "Actual Rows": 71842,
                  "Actual Loops": 6,
                  "Recheck Cond": "(person_id > 3980728)",
                  "Rows Removed by Index Recheck": 0,
                  "Filter": "(role_id > 2)",
                  "Rows Removed by Filter": 0,
                  "Exact Heap Blocks": 2268,
                  "Lossy Heap Blocks": 0,
                  "Plans": [
                    {
                      "Node Type": "Bitmap Index Scan",
                      "Parent Relationship": "Outer",
                      "Parallel Aware": false,
                      "Index Name": "person_id_cast_info",
                      "Startup Cost": 0.0,
                      "Total Cost": 10353.8,
                      "Plan Rows": 474298,
                      "Plan Width": 0,
                      "Actual Startup Time": 34.35,
                      "Actual Total Time": 34.35,
                      "Actual Rows": 431055,
                      "Actual Loops": 1,
                      "Index Cond": "(person_id > 3980728)"
                    }
                  ]
                }
              ]
            }
          ]
        }
      ]
    },
    "Planning Time": 0.248,
    "Triggers": [],
    "Execution Time": 80.845
  }
]