[
  {
    "Plan": {
      "Node Type": "Aggregate",
      "Strategy": "Plain",
      "Partial Mode": "Finalize",
      "Parallel Aware": false,
      "Startup Cost": 271547.81,
      "Total Cost": 271547.82,
      "Plan Rows": 1,
      "Plan Width": 8,
      "Actual Startup Time": 78.023,
      "Actual Total Time": 81.493,
      "Actual Rows": 1,
      "Actual Loops": 1,
      "Plans": [
        {
          "Node Type": "Gather",
          "Parent Relationship": "Outer",
          "Parallel Aware": false,
          "Startup Cost": 271547.29,
          "Total Cost": 271547.8,
          "Plan Rows": 5,
          "Plan Width": 8,
          "Actual Startup Time": 77.763,
          "Actual Total Time": 81.471,
          "Actual Rows": 6,
          "Actual Loops": 1,
          "Workers Planned": 5,
          "Workers Launched": 5,
          "Single Copy": false,
          "Plans": [
            {
              "Node Type": "Aggregate",
              "Strategy": "Plain",
              "Partial Mode": "Partial",
              "Parent Relationship": "Outer",
              "Parallel Aware": false,
              "Startup Cost": 270547.29,
              "Total Cost": 270547.3,
              "Plan Rows": 1,
              "Plan Width": 8,
              "Actual Startup Time": 68.839,
              "Actual Total Time": 68.841,
              "Actual Rows": 1,
              "Actual Loops": 6,
              "Plans": [
                {
                  "Node Type": "Bitmap Heap Scan",
                  "Parent Relationship": "Outer",
                  "Parallel Aware": true,
                  "Relation Name": "cast_info",
                  "Alias": "ci",
                  "Startup Cost": 9829.51,
                  "Total Cost": 270446.01,
                  "Plan Rows": 40512,
                  "Plan Width": 0,
                  "Actual Startup Time": 30.074,
                  "Actual Total Time": 63.268,
                  "Actual Rows": 71842,
                  "Actual Loops": 6,
                  "Recheck Cond": "(person_id > 3980728)",
                  "Rows Removed by Index Recheck": 0,
                  "Filter": "(role_id > 2)",
                  "Rows Removed by Filter": 0,
                  "Exact Heap Blocks": 2623,
                  "Lossy Heap Blocks": 0,
                  "Plans": [
                    {
                      "Node Type": "Bitmap Index Scan",
                      "Parent Relationship": "Outer",
                      "Parallel Aware": false,
                      "Index Name": "person_id_cast_info",
                      "Startup Cost": 0.0,
                      "Total Cost": 9778.87,
                      "Plan Rows": 447774,
                      "Plan Width": 0,
                      "Actual Startup Time": 37.139,
                      "Actual Total Time": 37.14,
                      "Actual Rows": 431055,
                      "Actual Loops": 1,
                      "Index Cond": "(person_id > 3980728)"
                    }
                  ]
                }
              ]
            }
          ]
        }
      ]
    },
    "Planning Time": 0.361,
    "Triggers": [],
    "Execution Time": 81.557
  }
]