[
  {
    "Plan": {
      "Node Type": "Aggregate",
      "Strategy": "Plain",
      "Partial Mode": "Finalize",
      "Parallel Aware": false,
      "Startup Cost": 38048.88,
      "Total Cost": 38048.89,
      "Plan Rows": 1,
      "Plan Width": 8,
      "Actual Startup Time": 45.487,
      "Actual Total Time": 51.637,
      "Actual Rows": 1,
      "Actual Loops": 1,
      "Plans": [
        {
          "Node Type": "Gather",
          "Parent Relationship": "Outer",
          "Parallel Aware": false,
          "Startup Cost": 38048.66,
          "Total Cost": 38048.87,
          "Plan Rows": 2,
          "Plan Width": 8,
          "Actual Startup Time": 45.266,
          "Actual Total Time": 51.63,
          "Actual Rows": 3,
          "Actual Loops": 1,
          "Workers Planned": 2,
          "Workers Launched": 2,
          "Single Copy": false,
          "Plans": [
            {
              "Node Type": "Aggregate",
              "Strategy": "Plain",
              "Partial Mode": "Partial",
              "Parent Relationship": "Outer",
              "Parallel Aware": false,
              "Startup Cost": 37048.66,
              "Total Cost": 37048.67,
              "Plan Rows": 1,
              "Plan Width": 8,
              "Actual Startup Time": 36.981,
              "Actual Total Time": 36.983,
              "Actual Rows": 1,
              "Actual Loops": 3,
              "Plans": [
                {
                  "Node Type": "Nested Loop",
                  "Parent Relationship": "Outer",
                  "Parallel Aware": false,
                  "Join Type": "Inner",
                  "Startup Cost": 173.52,
                  "Total Cost": 37040.82,
                  "Plan Rows": 3137,
                  "Plan Width": 0,
                  "Actual Startup Time": 2.17,
                  "Actual Total Time": 36.45,
                  "Actual Rows": 3005,
                  "Actual Loops": 3,
                  "Inner Unique": true,
                  "Plans": [
                    {
                      "Node Type": "Bitmap Heap Scan",
                      "Parent Relationship": "Outer",
                      "Parallel Aware": true,
                      "Relation Name": "movie_companies",
                      "Alias": "mc",
                      "Startup Cost": 173.09,
                      "Total Cost": 14714.97,
                      "Plan Rows": 3261,
                      "Plan Width": 4,
                      "Actual Startup Time": 2.012,
                      "Actual Total Time": 8.488,
                      "Actual Rows": 3008,
                      "Actual Loops": 3,
                      "Recheck Cond": "(company_id = 225)",
                      "Rows Removed by Index Recheck": 0,
                      "Exact Heap Blocks": 2274,
                      "Lossy Heap Blocks": 0,
                      "Plans": [
                        {
                          "Node Type": "Bitmap Index Scan",
                          "Parent Relationship": "Outer",
                          "Parallel Aware": false,
                          "Index Name": "company_id_movie_companies",
                          "Startup Cost": 0.0,
                          "Total Cost": 171.13,
                          "Plan Rows": 7827,
                          "Plan Width": 0,
                          "Actual Startup Time": 4.162,
                          "Actual Total Time": 4.162,
                          "Actual Rows": 9025,
                          "Actual Loops": 1,
                          "Index Cond": "(company_id = 225)"
                        }
                      ]
                    },
                    {
                      "Node Type": "Index Scan",
                      "Parent Relationship": "Inner",
                      "Parallel Aware": false,
                      "Scan Direction": "Forward",
                      "Index Name": "title_pkey",
                      "Relation Name": "title",
                      "Alias": "t",
                      "Startup Cost": 0.43,
                      "Total Cost": 6.85,
                      "Plan Rows": 1,
                      "Plan Width": 4,
                      "Actual Startup Time": 0.009,
                      "Actual Total Time": 0.009,
                      "Actual Rows": 1,
                      "Actual Loops": 9025,
                      "Index Cond": "(id = mc.movie_id)",
                      "Rows Removed by Index Recheck": 0,
                      "Filter": "(production_year > 1910)",
                      "Rows Removed by Filter": 0
                    }
                  ]
                }
              ]
            }
          ]
        }
      ]
    },
    "Planning Time": 0.622,
    "Triggers": [],
    "Execution Time": 51.72
  }
]