[
  {
    "Plan": {
      "Node Type": "Aggregate",
      "Strategy": "Plain",
      "Partial Mode": "Finalize",
      "Parallel Aware": false,
      "Startup Cost": 44826.33,
      "Total Cost": 44826.34,
      "Plan Rows": 1,
      "Plan Width": 8,
      "Actual Startup Time": 112.907,
      "Actual Total Time": 122.555,
      "Actual Rows": 1,
      "Actual Loops": 1,
      "Plans": [
        {
          "Node Type": "Gather",
          "Parent Relationship": "Outer",
          "Parallel Aware": false,
          "Startup Cost": 44826.02,
          "Total Cost": 44826.33,
          "Plan Rows": 3,
          "Plan Width": 8,
          "Actual Startup Time": 112.777,
          "Actual Total Time": 122.548,
          "Actual Rows": 4,
          "Actual Loops": 1,
          "Workers Planned": 3,
          "Workers Launched": 3,
          "Single Copy": false,
          "Plans": [
            {
              "Node Type": "Aggregate",
              "Strategy": "Plain",
              "Partial Mode": "Partial",
              "Parent Relationship": "Outer",
              "Parallel Aware": false,
              "Startup Cost": 43826.02,
              "Total Cost": 43826.03,
              "Plan Rows": 1,
              "Plan Width": 8,
              "Actual Startup Time": 109.253,
              "Actual Total Time": 109.254,
              "Actual Rows": 1,
              "Actual Loops": 4,
              "Plans": [
                {
                  "Node Type": "Seq Scan",
                  "Parent Relationship": "Outer",
                  "Parallel Aware": true,
                  "Relation Name": "movie_keyword",
                  "Alias": "mk",
                  "Startup Cost": 0.0,
                  "Total Cost": 42695.65,
                  "Plan Rows": 452145,
                  "Plan Width": 0,
                  "Actual Startup Time": 0.028,
                  "Actual Total Time": 94.145,
                  "Actual Rows": 350765,
                  "Actual Loops": 4,
                  "Filter": "(keyword_id < 1907)",
                  "Rows Removed by Filter": 780218
                }
              ]
            }
          ]
        }
      ]
    },
    "Planning Time": 0.103,
    "Triggers": [],
    "Execution Time": 122.586
  }
]