{
    "Plan": {
        "Node Type": "Aggregate",
        "Strategy": "Plain",
        "Partial Mode": "Simple",
        "Parallel Aware": false,
        "Startup Cost": 10041761238.91,
        "Total Cost": 10041761238.92,
        "Plan Rows": 1,
        "Plan Width": 8,
        "Actual Startup Time": 26964.001,
        "Actual Total Time": 26964.006,
        "Actual Rows": 1,
        "Actual Loops": 1,
        "Output": [
            "count(*)"
        ],
        "Plans": [
            {
                "Node Type": "Hash Join",
                "Parent Relationship": "Outer",
                "Parallel Aware": false,
                "Join Type": "Inner",
                "Startup Cost": 10000806112.81,
                "Total Cost": 10041722445.15,
                "Plan Rows": 15517505,
                "Plan Width": 0,
                "Actual Startup Time": 4071.19,
                "Actual Total Time": 25486.88,
                "Actual Rows": 38841426,
                "Actual Loops": 1,
                "Inner Unique": false,
                "Hash Cond": "(t.id = mk.movie_id)",
                "Plans": [
                    {
                        "Node Type": "Hash Join",
                        "Parent Relationship": "Outer",
                        "Parallel Aware": false,
                        "Join Type": "Inner",
                        "Startup Cost": 10000713153.35,
                        "Total Cost": 10001510949.62,
                        "Plan Rows": 26465802,
                        "Plan Width": 8,
                        "Actual Startup Time": 3498.047,
                        "Actual Total Time": 16347.945,
                        "Actual Rows": 25660056,
                        "Actual Loops": 1,
                        "Output": [
                            "t.id",
                            "ci.movie_id"
                        ],
                        "Inner Unique": true,
                        "Hash Cond": "(ci.movie_id = t.id)",
                        "Plans": [
                            {
                                "Node Type": "Bitmap Heap Scan",
                                "Parent Relationship": "Outer",
                                "Parallel Aware": false,
                                "Relation Name": "cast_info",
                                "Schema": "public",
                                "Alias": "ci",
                                "Startup Cost": 571207.23,
                                "Total Cost": 1299530.65,
                                "Plan Rows": 26465802,
                                "Plan Width": 4,
                                "Actual Startup Time": 1369.297,
                                "Actual Total Time": 4559.249,
                                "Actual Rows": 25660056,
                                "Actual Loops": 1,
                                "Output": [
                                    "ci.id",
                                    "ci.person_id",
                                    "ci.movie_id",
                                    "ci.person_role_id",
                                    "ci.note",
                                    "ci.nr_order",
                                    "ci.role_id"
                                ],
                                "Recheck Cond": "(ci.role_id < 10)",
                                "Rows Removed by Index Recheck": 0,
                                "Filter": "(ci.person_id > 598374)",
                                "Rows Removed by Filter": 5945152,
                                "Exact Heap Blocks": 212973,
                                "Lossy Heap Blocks": 0,
                                "Plans": [
                                    {
                                        "Node Type": "Bitmap Index Scan",
                                        "Parent Relationship": "Outer",
                                        "Parallel Aware": false,
                                        "Index Name": "role_id_cast_info",
                                        "Startup Cost": 0.0,
                                        "Total Cost": 564590.78,
                                        "Plan Rows": 31709095,
                                        "Plan Width": 0,
                                        "Actual Startup Time": 948.899,
                                        "Actual Total Time": 948.9,
                                        "Actual Rows": 31605208,
                                        "Actual Loops": 1,
                                        "Index Cond": "(ci.role_id < 10)"
                                    }
                                ]
                            },
                            {
                                "Node Type": "Hash",
                                "Parent Relationship": "Inner",
                                "Parallel Aware": false,
                                "Startup Cost": 10000110342.1,
                                "Total Cost": 10000110342.1,
                                "Plan Rows": 2528322,
                                "Plan Width": 4,
                                "Actual Startup Time": 2114.468,
                                "Actual Total Time": 2114.469,
                                "Actual Rows": 2528312,
                                "Actual Loops": 1,
                                "Output": [
                                    "t.id"
                                ],
                                "Hash Buckets": 4194304,
                                "Original Hash Buckets": 4194304,
                                "Hash Batches": 1,
                                "Original Hash Batches": 1,
                                "Peak Memory Usage": 121654,
                                "Plans": [
                                    {
                                        "Node Type": "Index Scan",
                                        "Parent Relationship": "Outer",
                                        "Parallel Aware": false,
                                        "Scan Direction": "Forward",
                                        "Index Name": "title_pkey",
                                        "Relation Name": "title",
                                        "Schema": "public",
                                        "Alias": "t",
                                        "Startup Cost": 10000000000.43,
                                        "Total Cost": 10000110342.1,
                                        "Plan Rows": 2528322,
                                        "Plan Width": 4,
                                        "Actual Startup Time": 0.038,
                                        "Actual Total Time": 1468.509,
                                        "Actual Rows": 2528312,
                                        "Actual Loops": 1,
                                        "Output": [
                                            "t.id"
                                        ]
                                    }
                                ]
                            }
                        ]
                    },
                    {
                        "Node Type": "Hash",
                        "Parent Relationship": "Inner",
                        "Parallel Aware": false,
                        "Startup Cost": 74429.3,
                        "Total Cost": 74429.3,
                        "Plan Rows": 1482413,
                        "Plan Width": 4,
                        "Actual Startup Time": 554.808,
                        "Actual Total Time": 554.809,
                        "Actual Rows": 1461243,
                        "Actual Loops": 1,
                        "Output": [
                            "mk.movie_id"
                        ],
                        "Hash Buckets": 2097152,
                        "Original Hash Buckets": 2097152,
                        "Hash Batches": 1,
                        "Original Hash Batches": 1,
                        "Peak Memory Usage": 67756,
                        "Plans": [
                            {
                                "Node Type": "Bitmap Heap Scan",
                                "Parent Relationship": "Outer",
                                "Parallel Aware": false,
                                "Relation Name": "movie_keyword",
                                "Schema": "public",
                                "Alias": "mk",
                                "Startup Cost": 31445.13,
                                "Total Cost": 74429.3,
                                "Plan Rows": 1482413,
                                "Plan Width": 4,
                                "Actual Startup Time": 96.809,
                                "Actual Total Time": 348.508,
                                "Actual Rows": 1461243,
                                "Actual Loops": 1,
                                "Output": [
                                    "mk.movie_id"
                                ],
                                "Recheck Cond": "(mk.keyword_id > 11360)",
                                "Rows Removed by Index Recheck": 0,
                                "Exact Heap Blocks": 24241,
                                "Lossy Heap Blocks": 0,
                                "Plans": [
                                    {
                                        "Node Type": "Bitmap Index Scan",
                                        "Parent Relationship": "Outer",
                                        "Parallel Aware": false,
                                        "Index Name": "keyword_id_movie_keyword",
                                        "Startup Cost": 0.0,
                                        "Total Cost": 31074.53,
                                        "Plan Rows": 1482413,
                                        "Plan Width": 0,
                                        "Actual Startup Time": 93.756,
                                        "Actual Total Time": 93.757,
                                        "Actual Rows": 1461243,
                                        "Actual Loops": 1,
                                        "Index Cond": "(mk.keyword_id > 11360)"
                                    }
                                ]
                            }
                        ]
                    }
                ]
            }
        ]
    },
    "Planning Time": 3.64,
    "Triggers": [],
    "Execution Time": 26969.178
}