[
  {
    "Plan": {
      "Node Type": "Aggregate",
      "Strategy": "Plain",
      "Partial Mode": "Finalize",
      "Parallel Aware": false,
      "Startup Cost": 151918.52,
      "Total Cost": 151918.53,
      "Plan Rows": 1,
      "Plan Width": 8,
      "Actual Startup Time": 68.155,
      "Actual Total Time": 77.43,
      "Actual Rows": 1,
      "Actual Loops": 1,
      "Plans": [
        {
          "Node Type": "Gather",
          "Parent Relationship": "Outer",
          "Parallel Aware": false,
          "Startup Cost": 151918.1,
          "Total Cost": 151918.51,
          "Plan Rows": 4,
          "Plan Width": 8,
          "Actual Startup Time": 67.988,
          "Actual Total Time": 77.421,
          "Actual Rows": 5,
          "Actual Loops": 1,
          "Workers Planned": 4,
          "Workers Launched": 4,
          "Single Copy": false,
          "Plans": [
            {
              "Node Type": "Aggregate",
              "Strategy": "Plain",
              "Partial Mode": "Partial",
              "Parent Relationship": "Outer",
              "Parallel Aware": false,
              "Startup Cost": 150918.1,
              "Total Cost": 150918.11,
              "Plan Rows": 1,
              "Plan Width": 8,
              "Actual Startup Time": 60.518,
              "Actual Total Time": 60.519,
              "Actual Rows": 1,
              "Actual Loops": 5,
              "Plans": [
                {
                  "Node Type": "Nested Loop",
                  "Parent Relationship": "Outer",
                  "Parallel Aware": false,
                  "Join Type": "Inner",
                  "Startup Cost": 902.6,
                  "Total Cost": 150900.34,
                  "Plan Rows": 7106,
                  "Plan Width": 0,
                  "Actual Startup Time": 21.785,
                  "Actual Total Time": 60.502,
                  "Actual Rows": 59,
                  "Actual Loops": 5,
                  "Inner Unique": true,
                  "Plans": [
                    {
                      "Node Type": "Bitmap Heap Scan",
                      "Parent Relationship": "Outer",
                      "Parallel Aware": true,
                      "Relation Name": "movie_info",
                      "Alias": "mi",
                      "Startup Cost": 902.17,
                      "Total Cost": 106838.88,
                      "Plan Rows": 12443,
                      "Plan Width": 4,
                      "Actual Startup Time": 1.629,
                      "Actual Total Time": 9.172,
                      "Actual Rows": 10053,
                      "Actual Loops": 5,
                      "Recheck Cond": "(info_type_id > 107)",
                      "Rows Removed by Index Recheck": 0,
                      "Exact Heap Blocks": 1452,
                      "Lossy Heap Blocks": 0,
                      "Plans": [
                        {
                          "Node Type": "Bitmap Index Scan",
                          "Parent Relationship": "Outer",
                          "Parallel Aware": false,
                          "Index Name": "info_type_id_movie_info",
                          "Startup Cost": 0.0,
                          "Total Cost": 889.72,
                          "Plan Rows": 49772,
                          "Plan Width": 0,
                          "Actual Startup Time": 4.924,
                          "Actual Total Time": 4.925,
                          "Actual Rows": 50267,
                          "Actual Loops": 1,
                          "Index Cond": "(info_type_id > 107)"
                        }
                      ]
                    },
                    {
                      "Node Type": "Index Scan",
                      "Parent Relationship": "Inner",
                      "Parallel Aware": false,
                      "Scan Direction": "Forward",
                      "Index Name": "title_pkey",
                      "Relation Name": "title",
                      "Alias": "t",
                      "Startup Cost": 0.43,
                      "Total Cost": 3.54,
                      "Plan Rows": 1,
                      "Plan Width": 4,
                      "Actual Startup Time": 0.005,
                      "Actual Total Time": 0.005,
                      "Actual Rows": 0,
                      "Actual Loops": 50267,
                      "Index Cond": "(id = mi.movie_id)",
                      "Rows Removed by Index Recheck": 0,
                      "Filter": "((kind_id > 1) AND (production_year > 1979))",
                      "Rows Removed by Filter": 1
                    }
                  ]
                }
              ]
            }
          ]
        }
      ]
    },
    "Planning Time": 0.399,
    "Triggers": [],
    "Execution Time": 77.51
  }
]