[
    {
        "Bao": {
            "Bao prediction": "NaN",
            "Bao recommended hint": "(no hint)"
        }
    },
    {
        "Plan": {
            "Node Type": "Aggregate",
            "Strategy": "Plain",
            "Partial Mode": "Finalize",
            "Parallel Aware": false,
            "Startup Cost": 181155.74,
            "Total Cost": 181155.75,
            "Plan Rows": 1,
            "Plan Width": 8,
            "Actual Startup Time": 828.674,
            "Actual Total Time": 844.721,
            "Actual Rows": 1,
            "Actual Loops": 1,
            "Output": [
                "count(*)"
            ],
            "Plans": [
                {
                    "Node Type": "Gather",
                    "Parent Relationship": "Outer",
                    "Parallel Aware": false,
                    "Startup Cost": 181155.43,
                    "Total Cost": 181155.74,
                    "Plan Rows": 3,
                    "Plan Width": 8,
                    "Actual Startup Time": 827.679,
                    "Actual Total Time": 844.711,
                    "Actual Rows": 4,
                    "Actual Loops": 1,
                    "Output": [
                        "(PARTIAL count(*))"
                    ],
                    "Workers Planned": 3,
                    "Workers Launched": 3,
                    "Single Copy": false,
                    "Plans": [
                        {
                            "Node Type": "Aggregate",
                            "Strategy": "Plain",
                            "Partial Mode": "Partial",
                            "Parent Relationship": "Outer",
                            "Parallel Aware": false,
                            "Startup Cost": 180155.43,
                            "Total Cost": 180155.44,
                            "Plan Rows": 1,
                            "Plan Width": 8,
                            "Actual Startup Time": 818.599,
                            "Actual Total Time": 818.604,
                            "Actual Rows": 1,
                            "Actual Loops": 4,
                            "Output": [
                                "PARTIAL count(*)"
                            ],
                            "Workers": [
                                {
                                    "Worker Number": 0,
                                    "Actual Startup Time": 815.658,
                                    "Actual Total Time": 815.661,
                                    "Actual Rows": 1,
                                    "Actual Loops": 1
                                },
                                {
                                    "Worker Number": 1,
                                    "Actual Startup Time": 815.677,
                                    "Actual Total Time": 815.681,
                                    "Actual Rows": 1,
                                    "Actual Loops": 1
                                },
                                {
                                    "Worker Number": 2,
                                    "Actual Startup Time": 815.881,
                                    "Actual Total Time": 815.886,
                                    "Actual Rows": 1,
                                    "Actual Loops": 1
                                }
                            ],
                            "Plans": [
                                {
                                    "Node Type": "Nested Loop",
                                    "Parent Relationship": "Outer",
                                    "Parallel Aware": false,
                                    "Join Type": "Inner",
                                    "Startup Cost": 38265.45,
                                    "Total Cost": 179481.47,
                                    "Plan Rows": 269583,
                                    "Plan Width": 0,
                                    "Actual Startup Time": 68.349,
                                    "Actual Total Time": 762.615,
                                    "Actual Rows": 1358123,
                                    "Actual Loops": 4,
                                    "Inner Unique": false,
                                    "Join Filter": "(t.id = mi.movie_id)",
                                    "Rows Removed by Join Filter": 0,
                                    "Workers": [
                                        {
                                            "Worker Number": 0,
                                            "Actual Startup Time": 65.368,
                                            "Actual Total Time": 760.844,
                                            "Actual Rows": 1306277,
                                            "Actual Loops": 1
                                        },
                                        {
                                            "Worker Number": 1,
                                            "Actual Startup Time": 65.445,
                                            "Actual Total Time": 760.361,
                                            "Actual Rows": 1319635,
                                            "Actual Loops": 1
                                        },
                                        {
                                            "Worker Number": 2,
                                            "Actual Startup Time": 65.69,
                                            "Actual Total Time": 761.776,
                                            "Actual Rows": 1276595,
                                            "Actual Loops": 1
                                        }
                                    ],
                                    "Plans": [
                                        {
                                            "Node Type": "Hash Join",
                                            "Parent Relationship": "Outer",
                                            "Parallel Aware": true,
                                            "Join Type": "Inner",
                                            "Startup Cost": 38265.01,
                                            "Total Cost": 81143.09,
                                            "Plan Rows": 53703,
                                            "Plan Width": 8,
                                            "Actual Startup Time": 68.287,
                                            "Actual Total Time": 243.329,
                                            "Actual Rows": 45782,
                                            "Actual Loops": 4,
                                            "Output": [
                                                "t.id",
                                                "mk.movie_id"
                                            ],
                                            "Inner Unique": true,
                                            "Hash Cond": "(mk.movie_id = t.id)",
                                            "Workers": [
                                                {
                                                    "Worker Number": 0,
                                                    "Actual Startup Time": 65.294,
                                                    "Actual Total Time": 243.325,
                                                    "Actual Rows": 47250,
                                                    "Actual Loops": 1
                                                },
                                                {
                                                    "Worker Number": 1,
                                                    "Actual Startup Time": 65.373,
                                                    "Actual Total Time": 240.287,
                                                    "Actual Rows": 46490,
                                                    "Actual Loops": 1
                                                },
                                                {
                                                    "Worker Number": 2,
                                                    "Actual Startup Time": 65.614,
                                                    "Actual Total Time": 242.888,
                                                    "Actual Rows": 46801,
                                                    "Actual Loops": 1
                                                }
                                            ],
                                            "Plans": [
                                                {
                                                    "Node Type": "Seq Scan",
                                                    "Parent Relationship": "Outer",
                                                    "Parallel Aware": true,
                                                    "Relation Name": "movie_keyword",
                                                    "Schema": "public",
                                                    "Alias": "mk",
                                                    "Startup Cost": 0.0,
                                                    "Total Cost": 39047.32,
                                                    "Plan Rows": 1459332,
                                                    "Plan Width": 4,
                                                    "Actual Startup Time": 0.01,
                                                    "Actual Total Time": 81.879,
                                                    "Actual Rows": 1130982,
                                                    "Actual Loops": 4,
                                                    "Output": [
                                                        "mk.id",
                                                        "mk.movie_id",
                                                        "mk.keyword_id"
                                                    ],
                                                    "Workers": [
                                                        {
                                                            "Worker Number": 0,
                                                            "Actual Startup Time": 0.01,
                                                            "Actual Total Time": 83.661,
                                                            "Actual Rows": 1140155,
                                                            "Actual Loops": 1
                                                        },
                                                        {
                                                            "Worker Number": 1,
                                                            "Actual Startup Time": 0.011,
                                                            "Actual Total Time": 82.554,
                                                            "Actual Rows": 1122520,
                                                            "Actual Loops": 1
                                                        },
                                                        {
                                                            "Worker Number": 2,
                                                            "Actual Startup Time": 0.012,
                                                            "Actual Total Time": 84.163,
                                                            "Actual Rows": 1104450,
                                                            "Actual Loops": 1
                                                        }
                                                    ]
                                                },
                                                {
                                                    "Node Type": "Hash",
                                                    "Parent Relationship": "Inner",
                                                    "Parallel Aware": true,
                                                    "Startup Cost": 37974.26,
                                                    "Total Cost": 37974.26,
                                                    "Plan Rows": 23260,
                                                    "Plan Width": 4,
                                                    "Actual Startup Time": 67.329,
                                                    "Actual Total Time": 67.33,
                                                    "Actual Rows": 22713,
                                                    "Actual Loops": 4,
                                                    "Output": [
                                                        "t.id"
                                                    ],
                                                    "Hash Buckets": 131072,
                                                    "Original Hash Buckets": 131072,
                                                    "Hash Batches": 1,
                                                    "Original Hash Batches": 1,
                                                    "Peak Memory Usage": 4640,
                                                    "Workers": [
                                                        {
                                                            "Worker Number": 0,
                                                            "Actual Startup Time": 64.813,
                                                            "Actual Total Time": 64.814,
                                                            "Actual Rows": 11899,
                                                            "Actual Loops": 1
                                                        },
                                                        {
                                                            "Worker Number": 1,
                                                            "Actual Startup Time": 64.935,
                                                            "Actual Total Time": 64.937,
                                                            "Actual Rows": 11799,
                                                            "Actual Loops": 1
                                                        },
                                                        {
                                                            "Worker Number": 2,
                                                            "Actual Startup Time": 65.172,
                                                            "Actual Total Time": 65.173,
                                                            "Actual Rows": 13188,
                                                            "Actual Loops": 1
                                                        }
                                                    ],
                                                    "Plans": [
                                                        {
                                                            "Node Type": "Bitmap Heap Scan",
                                                            "Parent Relationship": "Outer",
                                                            "Parallel Aware": true,
                                                            "Relation Name": "title",
                                                            "Schema": "public",
                                                            "Alias": "t",
                                                            "Startup Cost": 1685.51,
                                                            "Total Cost": 37974.26,
                                                            "Plan Rows": 23260,
                                                            "Plan Width": 4,
                                                            "Actual Startup Time": 13.501,
                                                            "Actual Total Time": 59.091,
                                                            "Actual Rows": 22713,
                                                            "Actual Loops": 4,
                                                            "Output": [
                                                                "t.id"
                                                            ],
                                                            "Recheck Cond": "(t.kind_id = 2)",
                                                            "Rows Removed by Index Recheck": 0,
                                                            "Exact Heap Blocks": 14120,
                                                            "Lossy Heap Blocks": 0,
                                                            "Workers": [
                                                                {
                                                                    "Worker Number": 0,
                                                                    "Actual Startup Time": 11.151,
                                                                    "Actual Total Time": 57.726,
                                                                    "Actual Rows": 11899,
                                                                    "Actual Loops": 1
                                                                },
                                                                {
                                                                    "Worker Number": 1,
                                                                    "Actual Startup Time": 11.165,
                                                                    "Actual Total Time": 57.756,
                                                                    "Actual Rows": 11799,
                                                                    "Actual Loops": 1
                                                                },
                                                                {
                                                                    "Worker Number": 2,
                                                                    "Actual Startup Time": 11.317,
                                                                    "Actual Total Time": 58.486,
                                                                    "Actual Rows": 13188,
                                                                    "Actual Loops": 1
                                                                }
                                                            ],
                                                            "Plans": [
                                                                {
                                                                    "Node Type": "Bitmap Index Scan",
                                                                    "Parent Relationship": "Outer",
                                                                    "Parallel Aware": false,
                                                                    "Index Name": "kind_id_title",
                                                                    "Startup Cost": 0.0,
                                                                    "Total Cost": 1662.25,
                                                                    "Plan Rows": 93042,
                                                                    "Plan Width": 0,
                                                                    "Actual Startup Time": 13.943,
                                                                    "Actual Total Time": 13.943,
                                                                    "Actual Rows": 90852,
                                                                    "Actual Loops": 1,
                                                                    "Index Cond": "(t.kind_id = 2)"
                                                                }
                                                            ]
                                                        }
                                                    ]
                                                }
                                            ]
                                        },
                                        {
                                            "Node Type": "Index Scan",
                                            "Parent Relationship": "Inner",
                                            "Parallel Aware": false,
                                            "Scan Direction": "Forward",
                                            "Index Name": "movie_id_movie_info",
                                            "Relation Name": "movie_info",
                                            "Schema": "public",
                                            "Alias": "mi",
                                            "Startup Cost": 0.43,
                                            "Total Cost": 1.41,
                                            "Plan Rows": 34,
                                            "Plan Width": 4,
                                            "Actual Startup Time": 0.002,
                                            "Actual Total Time": 0.009,
                                            "Actual Rows": 30,
                                            "Actual Loops": 183129,
                                            "Output": [
                                                "mi.id",
                                                "mi.movie_id",
                                                "mi.info_type_id",
                                                "mi.info",
                                                "mi.note"
                                            ],
                                            "Index Cond": "(mi.movie_id = mk.movie_id)",
                                            "Rows Removed by Index Recheck": 0,
                                            "Filter": "(mi.info_type_id > 2)",
                                            "Rows Removed by Filter": 2,
                                            "Workers": [
                                                {
                                                    "Worker Number": 0,
                                                    "Actual Startup Time": 0.002,
                                                    "Actual Total Time": 0.009,
                                                    "Actual Rows": 28,
                                                    "Actual Loops": 47250
                                                },
                                                {
                                                    "Worker Number": 1,
                                                    "Actual Startup Time": 0.002,
                                                    "Actual Total Time": 0.009,
                                                    "Actual Rows": 28,
                                                    "Actual Loops": 46490
                                                },
                                                {
                                                    "Worker Number": 2,
                                                    "Actual Startup Time": 0.002,
                                                    "Actual Total Time": 0.009,
                                                    "Actual Rows": 27,
                                                    "Actual Loops": 46801
                                                }
                                            ]
                                        }
                                    ]
                                }
                            ]
                        }
                    ]
                }
            ]
        },
        "Planning Time": 228.04,
        "Triggers": [],
        "Execution Time": 844.824
    }
]