[
  {
    "Plan": {
      "Node Type": "Aggregate",
      "Strategy": "Plain",
      "Partial Mode": "Finalize",
      "Parallel Aware": false,
      "Startup Cost": 126562.97,
      "Total Cost": 126562.98,
      "Plan Rows": 1,
      "Plan Width": 8,
      "Actual Startup Time": 972.967,
      "Actual Total Time": 991.69,
      "Actual Rows": 1,
      "Actual Loops": 1,
      "Plans": [
        {
          "Node Type": "Gather",
          "Parent Relationship": "Outer",
          "Parallel Aware": false,
          "Startup Cost": 126562.65,
          "Total Cost": 126562.96,
          "Plan Rows": 3,
          "Plan Width": 8,
          "Actual Startup Time": 965.26,
          "Actual Total Time": 991.678,
          "Actual Rows": 4,
          "Actual Loops": 1,
          "Workers Planned": 3,
          "Workers Launched": 3,
          "Single Copy": false,
          "Plans": [
            {
              "Node Type": "Aggregate",
              "Strategy": "Plain",
              "Partial Mode": "Partial",
              "Parent Relationship": "Outer",
              "Parallel Aware": false,
              "Startup Cost": 125562.65,
              "Total Cost": 125562.66,
              "Plan Rows": 1,
              "Plan Width": 8,
              "Actual Startup Time": 956.393,
              "Actual Total Time": 956.804,
              "Actual Rows": 1,
              "Actual Loops": 4,
              "Plans": [
                {
                  "Node Type": "Hash Join",
                  "Parent Relationship": "Outer",
                  "Parallel Aware": true,
                  "Join Type": "Inner",
                  "Startup Cost": 94169.91,
                  "Total Cost": 125112.94,
                  "Plan Rows": 179885,
                  "Plan Width": 0,
                  "Actual Startup Time": 459.581,
                  "Actual Total Time": 822.267,
                  "Actual Rows": 3449164,
                  "Actual Loops": 4,
                  "Inner Unique": false,
                  "Hash Cond": "(mc.movie_id = t.id)",
                  "Plans": [
                    {
                      "Node Type": "Seq Scan",
                      "Parent Relationship": "Outer",
                      "Parallel Aware": true,
                      "Relation Name": "movie_companies",
                      "Alias": "mc",
                      "Startup Cost": 0.0,
                      "Total Cost": 27206.55,
                      "Plan Rows": 841655,
                      "Plan Width": 4,
                      "Actual Startup Time": 0.045,
                      "Actual Total Time": 56.627,
                      "Actual Rows": 652282,
                      "Actual Loops": 4
                    },
                    {
                      "Node Type": "Hash",
                      "Parent Relationship": "Inner",
                      "Parallel Aware": true,
                      "Startup Cost": 91991.01,
                      "Total Cost": 91991.01,
                      "Plan Rows": 174312,
                      "Plan Width": 8,
                      "Actual Startup Time": 427.24,
                      "Actual Total Time": 427.65,
                      "Actual Rows": 279094,
                      "Actual Loops": 4,
                      "Hash Buckets": 2097152,
                      "Original Hash Buckets": 1048576,
                      "Hash Batches": 1,
                      "Original Hash Batches": 1,
                      "Peak Memory Usage": 68320,
                      "Plans": [
                        {
                          "Node Type": "Hash Join",
                          "Parent Relationship": "Outer",
                          "Parallel Aware": true,
                          "Join Type": "Inner",
                          "Startup Cost": 47226.82,
                          "Total Cost": 91991.01,
                          "Plan Rows": 174312,
                          "Plan Width": 8,
                          "Actual Startup Time": 179.605,
                          "Actual Total Time": 338.275,
                          "Actual Rows": 279094,
                          "Actual Loops": 4,
                          "Inner Unique": true,
                          "Hash Cond": "(mk.movie_id = t.id)",
                          "Plans": [
                            {
                              "Node Type": "Seq Scan",
                              "Parent Relationship": "Outer",
                              "Parallel Aware": true,
                              "Relation Name": "movie_keyword",
                              "Alias": "mk",
                              "Startup Cost": 0.0,
                              "Total Cost": 42695.65,
                              "Plan Rows": 788012,
                              "Plan Width": 4,
                              "Actual Startup Time": 0.249,
                              "Actual Total Time": 110.103,
                              "Actual Rows": 610071,
                              "Actual Loops": 4,
                              "Filter": "(keyword_id > 3709)",
                              "Rows Removed by Filter": 520911
                            },
                            {
                              "Node Type": "Hash",
                              "Parent Relationship": "Inner",
                              "Parallel Aware": true,
                              "Startup Cost": 45479.1,
                              "Total Cost": 45479.1,
                              "Plan Rows": 139818,
                              "Plan Width": 4,
                              "Actual Startup Time": 146.049,
                              "Actual Total Time": 146.05,
                              "Actual Rows": 109678,
                              "Actual Loops": 4,
                              "Hash Buckets": 1048576,
                              "Original Hash Buckets": 1048576,
                              "Hash Batches": 1,
                              "Original Hash Batches": 1,
                              "Peak Memory Usage": 25440,
                              "Plans": [
                                {
                                  "Node Type": "Seq Scan",
                                  "Parent Relationship": "Outer",
                                  "Parallel Aware": true,
                                  "Relation Name": "title",
                                  "Alias": "t",
                                  "Startup Cost": 0.0,
                                  "Total Cost": 45479.1,
                                  "Plan Rows": 139818,
                                  "Plan Width": 4,
                                  "Actual Startup Time": 47.812,
                                  "Actual Total Time": 102.867,
                                  "Actual Rows": 109678,
                                  "Actual Loops": 4,
                                  "Filter": "((production_year > 1967) AND (kind_id = 1))",
                                  "Rows Removed by Filter": 522400
                                }
                              ]
                            }
                          ]
                        }
                      ]
                    }
                  ]
                }
              ]
            }
          ]
        }
      ]
    },
    "Planning Time": 1.436,
    "Triggers": [],
    "Execution Time": 991.77
  }
]