{
  "Plan": {
    "Node Type": "Aggregate",
    "Strategy": "Plain",
    "Partial Mode": "Simple",
    "Parallel Aware": false,
    "Startup Cost": 57069.98,
    "Total Cost": 57069.99,
    "Plan Rows": 1,
    "Plan Width": 96,
    "Actual Startup Time": 497.911,
    "Actual Total Time": 497.919,
    "Actual Rows": 1,
    "Actual Loops": 1,
    "Plans": [
      {
        "Node Type": "Nested Loop",
        "Parent Relationship": "Outer",
        "Parallel Aware": false,
        "Join Type": "Inner",
        "Startup Cost": 6.23,
        "Total Cost": 57069.98,
        "Plan Rows": 1,
        "Plan Width": 42,
        "Actual Startup Time": 46.172,
        "Actual Total Time": 497.497,
        "Actual Rows": 1425,
        "Actual Loops": 1,
        "Inner Unique": true,
        "Join Filter": "(mi.info_type_id = it1.id)",
        "Rows Removed by Join Filter": 5147,
        "Plans": [
          {
            "Node Type": "Nested Loop",
            "Parent Relationship": "Outer",
            "Parallel Aware": false,
            "Join Type": "Inner",
            "Startup Cost": 6.23,
            "Total Cost": 57067.55,
            "Plan Rows": 1,
            "Plan Width": 46,
            "Actual Startup Time": 46.027,
            "Actual Total Time": 448.452,
            "Actual Rows": 6572,
            "Actual Loops": 1,
            "Inner Unique": true,
            "Plans": [
              {
                "Node Type": "Hash Join",
                "Parent Relationship": "Outer",
                "Parallel Aware": false,
                "Join Type": "Inner",
                "Startup Cost": 5.81,
                "Total Cost": 57067.01,
                "Plan Rows": 1,
                "Plan Width": 31,
                "Actual Startup Time": 46.016,
                "Actual Total Time": 430.029,
                "Actual Rows": 6762,
                "Actual Loops": 1,
                "Inner Unique": true,
                "Hash Cond": "(mc.company_type_id = ct.id)",
                "Plans": [
                  {
                    "Node Type": "Nested Loop",
                    "Parent Relationship": "Outer",
                    "Parallel Aware": false,
                    "Join Type": "Inner",
                    "Startup Cost": 4.72,
                    "Total Cost": 57065.91,
                    "Plan Rows": 1,
                    "Plan Width": 35,
                    "Actual Startup Time": 45.976,
                    "Actual Total Time": 427.646,
                    "Actual Rows": 6762,
                    "Actual Loops": 1,
                    "Inner Unique": false,
                    "Join Filter": "(t.id = mc.movie_id)",
                    "Rows Removed by Join Filter": 0,
                    "Plans": [
                      {
                        "Node Type": "Nested Loop",
                        "Parent Relationship": "Outer",
                        "Parallel Aware": false,
                        "Join Type": "Inner",
                        "Startup Cost": 4.29,
                        "Total Cost": 57065.33,
                        "Plan Rows": 1,
                        "Plan Width": 47,
                        "Actual Startup Time": 45.96,
                        "Actual Total Time": 417.534,
                        "Actual Rows": 673,
                        "Actual Loops": 1,
                        "Inner Unique": false,
                        "Join Filter": "(t.id = mi.movie_id)",
                        "Rows Removed by Join Filter": 0,
                        "Plans": [
                          {
                            "Node Type": "Nested Loop",
                            "Parent Relationship": "Outer",
                            "Parallel Aware": false,
                            "Join Type": "Inner",
                            "Startup Cost": 3.86,
                            "Total Cost": 57063.51,
                            "Plan Rows": 1,
                            "Plan Width": 39,
                            "Actual Startup Time": 45.941,
                            "Actual Total Time": 384.125,
                            "Actual Rows": 574,
                            "Actual Loops": 1,
                            "Inner Unique": true,
                            "Join Filter": "(t.kind_id = kt.id)",
                            "Rows Removed by Join Filter": 260,
                            "Plans": [
                              {
                                "Node Type": "Nested Loop",
                                "Parent Relationship": "Outer",
                                "Parallel Aware": false,
                                "Join Type": "Inner",
                                "Startup Cost": 3.86,
                                "Total Cost": 57062.4,
                                "Plan Rows": 1,
                                "Plan Width": 43,
                                "Actual Startup Time": 45.929,
                                "Actual Total Time": 381.823,
                                "Actual Rows": 637,
                                "Actual Loops": 1,
                                "Inner Unique": true,
                                "Plans": [
                                  {
                                    "Node Type": "Nested Loop",
                                    "Parent Relationship": "Outer",
                                    "Parallel Aware": false,
                                    "Join Type": "Inner",
                                    "Startup Cost": 3.44,
                                    "Total Cost": 57006.92,
                                    "Plan Rows": 125,
                                    "Plan Width": 47,
                                    "Actual Startup Time": 39.412,
                                    "Actual Total Time": 230.672,
                                    "Actual Rows": 95350,
                                    "Actual Loops": 1,
                                    "Inner Unique": false,
                                    "Plans": [
                                      {
                                        "Node Type": "Nested Loop",
                                        "Parent Relationship": "Outer",
                                        "Parallel Aware": false,
                                        "Join Type": "Inner",
                                        "Startup Cost": 3.01,
                                        "Total Cost": 56879.49,
                                        "Plan Rows": 70,
                                        "Plan Width": 39,
                                        "Actual Startup Time": 39.402,
                                        "Actual Total Time": 189.086,
                                        "Actual Rows": 7269,
                                        "Actual Loops": 1,
                                        "Inner Unique": false,
                                        "Join Filter": "(mi_idx.info_type_id = it2.id)",
                                        "Rows Removed by Join Filter": 14490,
                                        "Plans": [
                                          {
                                            "Node Type": "Seq Scan",
                                            "Parent Relationship": "Outer",
                                            "Parallel Aware": false,
                                            "Relation Name": "info_type",
                                            "Alias": "it2",
                                            "Startup Cost": 0.0,
                                            "Total Cost": 2.41,
                                            "Plan Rows": 1,
                                            "Plan Width": 4,
                                            "Actual Startup Time": 0.038,
                                            "Actual Total Time": 0.04,
                                            "Actual Rows": 1,
                                            "Actual Loops": 1,
                                            "Filter": "((info)::text = 'rating'::text)",
                                            "Rows Removed by Filter": 112
                                          },
                                          {
                                            "Node Type": "Nested Loop",
                                            "Parent Relationship": "Inner",
                                            "Parallel Aware": false,
                                            "Join Type": "Inner",
                                            "Startup Cost": 3.01,
                                            "Total Cost": 56778.51,
                                            "Plan Rows": 7885,
                                            "Plan Width": 43,
                                            "Actual Startup Time": 39.36,
                                            "Actual Total Time": 187.375,
                                            "Actual Rows": 21759,
                                            "Actual Loops": 1,
                                            "Inner Unique": false,
                                            "Plans": [
                                              {
                                                "Node Type": "Nested Loop",
                                                "Parent Relationship": "Outer",
                                                "Parallel Aware": false,
                                                "Join Type": "Inner",
                                                "Startup Cost": 2.58,
                                                "Total Cost": 48509.56,
                                                "Plan Rows": 14881,
                                                "Plan Width": 29,
                                                "Actual Startup Time": 39.345,
                                                "Actual Total Time": 155.276,
                                                "Actual Rows": 16217,
                                                "Actual Loops": 1,
                                                "Inner Unique": true,
                                                "Plans": [
                                                  {
                                                    "Node Type": "Hash Join",
                                                    "Parent Relationship": "Outer",
                                                    "Parallel Aware": false,
                                                    "Join Type": "Inner",
                                                    "Startup Cost": 2.15,
                                                    "Total Cost": 3362.05,
                                                    "Plan Rows": 25328,
                                                    "Plan Width": 4,
                                                    "Actual Startup Time": 39.305,
                                                    "Actual Total Time": 56.467,
                                                    "Actual Rows": 42432,
                                                    "Actual Loops": 1,
                                                    "Inner Unique": true,
                                                    "Hash Cond": "(cc.subject_id = cct1.id)",
                                                    "Plans": [
                                                      {
                                                        "Node Type": "Hash Join",
                                                        "Parent Relationship": "Outer",
                                                        "Parallel Aware": false,
                                                        "Join Type": "Inner",
                                                        "Startup Cost": 1.09,
                                                        "Total Cost": 2813.26,
                                                        "Plan Rows": 101314,
                                                        "Plan Width": 8,
                                                        "Actual Startup Time": 0.05,
                                                        "Actual Total Time": 43.905,
                                                        "Actual Rows": 110494,
                                                        "Actual Loops": 1,
                                                        "Inner Unique": true,
                                                        "Hash Cond": "(cc.status_id = cct2.id)",
                                                        "Plans": [
                                                          {
                                                            "Node Type": "Seq Scan",
                                                            "Parent Relationship": "Outer",
                                                            "Parallel Aware": false,
                                                            "Relation Name": "complete_cast",
                                                            "Alias": "cc",
                                                            "Startup Cost": 0.0,
                                                            "Total Cost": 2081.86,
                                                            "Plan Rows": 135086,
                                                            "Plan Width": 12,
                                                            "Actual Startup Time": 0.018,
                                                            "Actual Total Time": 14.161,
                                                            "Actual Rows": 135086,
                                                            "Actual Loops": 1
                                                          },
                                                          {
                                                            "Node Type": "Hash",
                                                            "Parent Relationship": "Inner",
                                                            "Parallel Aware": false,
                                                            "Startup Cost": 1.05,
                                                            "Total Cost": 1.05,
                                                            "Plan Rows": 3,
                                                            "Plan Width": 4,
                                                            "Actual Startup Time": 0.018,
                                                            "Actual Total Time": 0.018,
                                                            "Actual Rows": 3,
                                                            "Actual Loops": 1,
                                                            "Hash Buckets": 1024,
                                                            "Original Hash Buckets": 1024,
                                                            "Hash Batches": 1,
                                                            "Original Hash Batches": 1,
                                                            "Peak Memory Usage": 9,
                                                            "Plans": [
                                                              {
                                                                "Node Type": "Seq Scan",
                                                                "Parent Relationship": "Outer",
                                                                "Parallel Aware": false,
                                                                "Relation Name": "comp_cast_type",
                                                                "Alias": "cct2",
                                                                "Startup Cost": 0.0,
                                                                "Total Cost": 1.05,
                                                                "Plan Rows": 3,
                                                                "Plan Width": 4,
                                                                "Actual Startup Time": 0.011,
                                                                "Actual Total Time": 0.014,
                                                                "Actual Rows": 3,
                                                                "Actual Loops": 1,
                                                                "Filter": "((kind)::text <> 'complete+verified'::text)",
                                                                "Rows Removed by Filter": 1
                                                              }
                                                            ]
                                                          }
                                                        ]
                                                      },
                                                      {
                                                        "Node Type": "Hash",
                                                        "Parent Relationship": "Inner",
                                                        "Parallel Aware": false,
                                                        "Startup Cost": 1.05,
                                                        "Total Cost": 1.05,
                                                        "Plan Rows": 1,
                                                        "Plan Width": 4,
                                                        "Actual Startup Time": 0.018,
                                                        "Actual Total Time": 0.02,
                                                        "Actual Rows": 1,
                                                        "Actual Loops": 1,
                                                        "Hash Buckets": 1024,
                                                        "Original Hash Buckets": 1024,
                                                        "Hash Batches": 1,
                                                        "Original Hash Batches": 1,
                                                        "Peak Memory Usage": 9,
                                                        "Plans": [
                                                          {
                                                            "Node Type": "Seq Scan",
                                                            "Parent Relationship": "Outer",
                                                            "Parallel Aware": false,
                                                            "Relation Name": "comp_cast_type",
                                                            "Alias": "cct1",
                                                            "Startup Cost": 0.0,
                                                            "Total Cost": 1.05,
                                                            "Plan Rows": 1,
                                                            "Plan Width": 4,
                                                            "Actual Startup Time": 0.013,
                                                            "Actual Total Time": 0.016,
                                                            "Actual Rows": 1,
                                                            "Actual Loops": 1,
                                                            "Filter": "((kind)::text = 'crew'::text)",
                                                            "Rows Removed by Filter": 3
                                                          }
                                                        ]
                                                      }
                                                    ]
                                                  },
                                                  {
                                                    "Node Type": "Index Scan",
                                                    "Parent Relationship": "Inner",
                                                    "Parallel Aware": false,
                                                    "Scan Direction": "Forward",
                                                    "Index Name": "title_pkey",
                                                    "Relation Name": "title",
                                                    "Alias": "t",
                                                    "Startup Cost": 0.43,
                                                    "Total Cost": 1.78,
                                                    "Plan Rows": 1,
                                                    "Plan Width": 25,
                                                    "Actual Startup Time": 0.002,
                                                    "Actual Total Time": 0.002,
                                                    "Actual Rows": 0,
                                                    "Actual Loops": 42432,
                                                    "Index Cond": "(id = cc.movie_id)",
                                                    "Rows Removed by Index Recheck": 0,
                                                    "Filter": "(production_year > 1998)",
                                                    "Rows Removed by Filter": 1
                                                  }
                                                ]
                                              },
                                              {
                                                "Node Type": "Index Scan",
                                                "Parent Relationship": "Inner",
                                                "Parallel Aware": false,
                                                "Scan Direction": "Forward",
                                                "Index Name": "movie_id_movie_info_idx",
                                                "Relation Name": "movie_info_idx",
                                                "Alias": "mi_idx",
                                                "Startup Cost": 0.43,
                                                "Total Cost": 0.53,
                                                "Plan Rows": 3,
                                                "Plan Width": 14,
                                                "Actual Startup Time": 0.001,
                                                "Actual Total Time": 0.002,
                                                "Actual Rows": 1,
                                                "Actual Loops": 16217,
                                                "Index Cond": "(movie_id = t.id)",
                                                "Rows Removed by Index Recheck": 0,
                                                "Filter": "(info < '8.5'::text)",
                                                "Rows Removed by Filter": 0
                                              }
                                            ]
                                          }
                                        ]
                                      },
                                      {
                                        "Node Type": "Index Scan",
                                        "Parent Relationship": "Inner",
                                        "Parallel Aware": false,
                                        "Scan Direction": "Forward",
                                        "Index Name": "movie_id_movie_keyword",
                                        "Relation Name": "movie_keyword",
                                        "Alias": "mk",
                                        "Startup Cost": 0.43,
                                        "Total Cost": 1.36,
                                        "Plan Rows": 46,
                                        "Plan Width": 8,
                                        "Actual Startup Time": 0.002,
                                        "Actual Total Time": 0.004,
                                        "Actual Rows": 13,
                                        "Actual Loops": 7269,
                                        "Index Cond": "(movie_id = t.id)",
                                        "Rows Removed by Index Recheck": 0
                                      }
                                    ]
                                  },
                                  {
                                    "Node Type": "Index Scan",
                                    "Parent Relationship": "Inner",
                                    "Parallel Aware": false,
                                    "Scan Direction": "Forward",
                                    "Index Name": "keyword_pkey",
                                    "Relation Name": "keyword",
                                    "Alias": "k",
                                    "Startup Cost": 0.42,
                                    "Total Cost": 0.44,
                                    "Plan Rows": 1,
                                    "Plan Width": 4,
                                    "Actual Startup Time": 0.001,
                                    "Actual Total Time": 0.001,
                                    "Actual Rows": 0,
                                    "Actual Loops": 95350,
                                    "Index Cond": "(id = mk.keyword_id)",
                                    "Rows Removed by Index Recheck": 0,
                                    "Filter": "(keyword = ANY ('{murder,murder-in-title,blood,violence}'::text[]))",
                                    "Rows Removed by Filter": 1
                                  }
                                ]
                              },
                              {
                                "Node Type": "Seq Scan",
                                "Parent Relationship": "Inner",
                                "Parallel Aware": false,
                                "Relation Name": "kind_type",
                                "Alias": "kt",
                                "Startup Cost": 0.0,
                                "Total Cost": 1.09,
                                "Plan Rows": 2,
                                "Plan Width": 4,
                                "Actual Startup Time": 0.001,
                                "Actual Total Time": 0.001,
                                "Actual Rows": 1,
                                "Actual Loops": 637,
                                "Filter": "((kind)::text = ANY ('{movie,episode}'::text[]))",
                                "Rows Removed by Filter": 2
                              }
                            ]
                          },
                          {
                            "Node Type": "Index Scan",
                            "Parent Relationship": "Inner",
                            "Parallel Aware": false,
                            "Scan Direction": "Forward",
                            "Index Name": "movie_id_movie_info",
                            "Relation Name": "movie_info",
                            "Alias": "mi",
                            "Startup Cost": 0.43,
                            "Total Cost": 1.8,
                            "Plan Rows": 2,
                            "Plan Width": 8,
                            "Actual Startup Time": 0.011,
                            "Actual Total Time": 0.057,
                            "Actual Rows": 1,
                            "Actual Loops": 574,
                            "Index Cond": "(movie_id = mk.movie_id)",
                            "Rows Removed by Index Recheck": 0,
                            "Filter": "(info = ANY ('{Denmark,Danish,Swedish,Norwegian,English,Germany,German,Sweden,Norway,Denish}'::text[]))",
                            "Rows Removed by Filter": 141
                          }
                        ]
                      },
                      {
                        "Node Type": "Index Scan",
                        "Parent Relationship": "Inner",
                        "Parallel Aware": false,
                        "Scan Direction": "Forward",
                        "Index Name": "movie_id_movie_companies",
                        "Relation Name": "movie_companies",
                        "Alias": "mc",
                        "Startup Cost": 0.43,
                        "Total Cost": 0.57,
                        "Plan Rows": 1,
                        "Plan Width": 12,
                        "Actual Startup Time": 0.005,
                        "Actual Total Time": 0.013,
                        "Actual Rows": 10,
                        "Actual Loops": 673,
                        "Index Cond": "(movie_id = mk.movie_id)",
                        "Rows Removed by Index Recheck": 0,
                        "Filter": "((note !~~ '%(USA)%'::text) AND (note ~~ '%(200%)%'::text))",
                        "Rows Removed by Filter": 10
                      }
                    ]
                  },
                  {
                    "Node Type": "Hash",
                    "Parent Relationship": "Inner",
                    "Parallel Aware": false,
                    "Startup Cost": 1.04,
                    "Total Cost": 1.04,
                    "Plan Rows": 4,
                    "Plan Width": 4,
                    "Actual Startup Time": 0.031,
                    "Actual Total Time": 0.031,
                    "Actual Rows": 4,
                    "Actual Loops": 1,
                    "Hash Buckets": 1024,
                    "Original Hash Buckets": 1024,
                    "Hash Batches": 1,
                    "Original Hash Batches": 1,
                    "Peak Memory Usage": 9,
                    "Plans": [
                      {
                        "Node Type": "Seq Scan",
                        "Parent Relationship": "Outer",
                        "Parallel Aware": false,
                        "Relation Name": "company_type",
                        "Alias": "ct",
                        "Startup Cost": 0.0,
                        "Total Cost": 1.04,
                        "Plan Rows": 4,
                        "Plan Width": 4,
                        "Actual Startup Time": 0.019,
                        "Actual Total Time": 0.022,
                        "Actual Rows": 4,
                        "Actual Loops": 1
                      }
                    ]
                  }
                ]
              },
              {
                "Node Type": "Index Scan",
                "Parent Relationship": "Inner",
                "Parallel Aware": false,
                "Scan Direction": "Forward",
                "Index Name": "company_name_pkey",
                "Relation Name": "company_name",
                "Alias": "cn",
                "Startup Cost": 0.42,
                "Total Cost": 0.55,
                "Plan Rows": 1,
                "Plan Width": 23,
                "Actual Startup Time": 0.002,
                "Actual Total Time": 0.002,
                "Actual Rows": 1,
                "Actual Loops": 6762,
                "Index Cond": "(id = mc.company_id)",
                "Rows Removed by Index Recheck": 0,
                "Filter": "((country_code)::text <> '[us]'::text)",
                "Rows Removed by Filter": 0
              }
            ]
          },
          {
            "Node Type": "Seq Scan",
            "Parent Relationship": "Inner",
            "Parallel Aware": false,
            "Relation Name": "info_type",
            "Alias": "it1",
            "Startup Cost": 0.0,
            "Total Cost": 2.41,
            "Plan Rows": 1,
            "Plan Width": 4,
            "Actual Startup Time": 0.002,
            "Actual Total Time": 0.006,
            "Actual Rows": 1,
            "Actual Loops": 6572,
            "Filter": "((info)::text = 'countries'::text)",
            "Rows Removed by Filter": 89
          }
        ]
      }
    ]
  },
  "Planning Time": 4.506,
  "Triggers": [],
  "Execution Time": 498.12
}