[
    {
        "Bao": {
            "Bao prediction": 465.079,
            "Bao recommended hint": "SET enable_mergejoin TO off; "
        }
    },
    {
        "Plan": {
            "Node Type": "Aggregate",
            "Strategy": "Plain",
            "Partial Mode": "Finalize",
            "Parallel Aware": false,
            "Startup Cost": 33340.12,
            "Total Cost": 33340.13,
            "Plan Rows": 1,
            "Plan Width": 8,
            "Actual Startup Time": 116.914,
            "Actual Total Time": 123.958,
            "Actual Rows": 1,
            "Actual Loops": 1,
            "Output": [
                "count(*)"
            ],
            "Plans": [
                {
                    "Node Type": "Gather",
                    "Parent Relationship": "Outer",
                    "Parallel Aware": false,
                    "Startup Cost": 33339.81,
                    "Total Cost": 33340.12,
                    "Plan Rows": 3,
                    "Plan Width": 8,
                    "Actual Startup Time": 116.817,
                    "Actual Total Time": 123.952,
                    "Actual Rows": 4,
                    "Actual Loops": 1,
                    "Output": [
                        "(PARTIAL count(*))"
                    ],
                    "Workers Planned": 3,
                    "Workers Launched": 3,
                    "Single Copy": false,
                    "Plans": [
                        {
                            "Node Type": "Aggregate",
                            "Strategy": "Plain",
                            "Partial Mode": "Partial",
                            "Parent Relationship": "Outer",
                            "Parallel Aware": false,
                            "Startup Cost": 32339.81,
                            "Total Cost": 32339.82,
                            "Plan Rows": 1,
                            "Plan Width": 8,
                            "Actual Startup Time": 108.901,
                            "Actual Total Time": 108.902,
                            "Actual Rows": 1,
                            "Actual Loops": 4,
                            "Output": [
                                "PARTIAL count(*)"
                            ],
                            "Workers": [
                                {
                                    "Worker Number": 0,
                                    "Actual Startup Time": 105.632,
                                    "Actual Total Time": 105.633,
                                    "Actual Rows": 1,
                                    "Actual Loops": 1
                                },
                                {
                                    "Worker Number": 1,
                                    "Actual Startup Time": 106.509,
                                    "Actual Total Time": 106.51,
                                    "Actual Rows": 1,
                                    "Actual Loops": 1
                                },
                                {
                                    "Worker Number": 2,
                                    "Actual Startup Time": 107.232,
                                    "Actual Total Time": 107.233,
                                    "Actual Rows": 1,
                                    "Actual Loops": 1
                                }
                            ],
                            "Plans": [
                                {
                                    "Node Type": "Seq Scan",
                                    "Parent Relationship": "Outer",
                                    "Parallel Aware": true,
                                    "Relation Name": "movie_companies",
                                    "Schema": "public",
                                    "Alias": "mc",
                                    "Startup Cost": 0.0,
                                    "Total Cost": 31414.82,
                                    "Plan Rows": 369995,
                                    "Plan Width": 0,
                                    "Actual Startup Time": 51.139,
                                    "Actual Total Time": 95.44,
                                    "Actual Rows": 242534,
                                    "Actual Loops": 4,
                                    "Output": [
                                        "id",
                                        "movie_id",
                                        "company_id",
                                        "company_type_id",
                                        "note"
                                    ],
                                    "Filter": "((mc.company_id < 86196) AND (mc.company_type_id > 1))",
                                    "Rows Removed by Filter": 409748,
                                    "Workers": [
                                        {
                                            "Worker Number": 0,
                                            "Actual Startup Time": 47.877,
                                            "Actual Total Time": 92.422,
                                            "Actual Rows": 200371,
                                            "Actual Loops": 1
                                        },
                                        {
                                            "Worker Number": 1,
                                            "Actual Startup Time": 48.752,
                                            "Actual Total Time": 93.287,
                                            "Actual Rows": 201046,
                                            "Actual Loops": 1
                                        },
                                        {
                                            "Worker Number": 2,
                                            "Actual Startup Time": 49.468,
                                            "Actual Total Time": 94.037,
                                            "Actual Rows": 200414,
                                            "Actual Loops": 1
                                        }
                                    ]
                                }
                            ]
                        }
                    ]
                }
            ]
        },
        "Planning Time": 903.88,
        "Triggers": [],
        "Execution Time": 124.044
    }
]