{
  "Plan": {
    "Node Type": "Aggregate",
    "Strategy": "Plain",
    "Partial Mode": "Finalize",
    "Parallel Aware": false,
    "Startup Cost": 636986.18,
    "Total Cost": 636986.19,
    "Plan Rows": 1,
    "Plan Width": 8,
    "Actual Startup Time": 5957.12,
    "Actual Total Time": 6011.665,
    "Actual Rows": 1,
    "Actual Loops": 1,
    "Plans": [
      {
        "Node Type": "Gather",
        "Parent Relationship": "Outer",
        "Parallel Aware": false,
        "Startup Cost": 636986.06,
        "Total Cost": 636986.17,
        "Plan Rows": 1,
        "Plan Width": 8,
        "Actual Startup Time": 5955.211,
        "Actual Total Time": 6011.653,
        "Actual Rows": 2,
        "Actual Loops": 1,
        "Workers Planned": 1,
        "Workers Launched": 1,
        "Single Copy": false,
        "Plans": [
          {
            "Node Type": "Aggregate",
            "Strategy": "Plain",
            "Partial Mode": "Partial",
            "Parent Relationship": "Outer",
            "Parallel Aware": false,
            "Startup Cost": 635986.06,
            "Total Cost": 635986.07,
            "Plan Rows": 1,
            "Plan Width": 8,
            "Actual Startup Time": 5950.077,
            "Actual Total Time": 5950.082,
            "Actual Rows": 1,
            "Actual Loops": 2,
            "Plans": [
              {
                "Node Type": "Hash Join",
                "Parent Relationship": "Outer",
                "Parallel Aware": true,
                "Join Type": "Inner",
                "Startup Cost": 61287.7,
                "Total Cost": 621772.26,
                "Plan Rows": 5685522,
                "Plan Width": 0,
                "Actual Startup Time": 584.783,
                "Actual Total Time": 5700.844,
                "Actual Rows": 5493362,
                "Actual Loops": 2,
                "Inner Unique": true,
                "Hash Cond": "(ci.movie_id = t.id)",
                "Plans": [
                  {
                    "Node Type": "Seq Scan",
                    "Parent Relationship": "Outer",
                    "Parallel Aware": true,
                    "Relation Name": "cast_info",
                    "Alias": "ci",
                    "Startup Cost": 0.0,
                    "Total Cost": 519069.44,
                    "Plan Rows": 15777161,
                    "Plan Width": 4,
                    "Actual Startup Time": 244.873,
                    "Actual Total Time": 1657.509,
                    "Actual Rows": 13370448,
                    "Actual Loops": 2,
                    "Filter": "(person_id > 934698)",
                    "Rows Removed by Filter": 4751724
                  },
                  {
                    "Node Type": "Hash",
                    "Parent Relationship": "Inner",
                    "Parallel Aware": true,
                    "Startup Cost": 54588.39,
                    "Total Cost": 54588.39,
                    "Plan Rows": 535945,
                    "Plan Width": 4,
                    "Actual Startup Time": 332.233,
                    "Actual Total Time": 332.234,
                    "Actual Rows": 452246,
                    "Actual Loops": 2,
                    "Hash Buckets": 1048576,
                    "Original Hash Buckets": 1048576,
                    "Hash Batches": 1,
                    "Original Hash Batches": 1,
                    "Peak Memory Usage": 43584,
                    "Plans": [
                      {
                        "Node Type": "Seq Scan",
                        "Parent Relationship": "Outer",
                        "Parallel Aware": true,
                        "Relation Name": "title",
                        "Alias": "t",
                        "Startup Cost": 0.0,
                        "Total Cost": 54588.39,
                        "Plan Rows": 535945,
                        "Plan Width": 4,
                        "Actual Startup Time": 0.025,
                        "Actual Total Time": 181.369,
                        "Actual Rows": 452246,
                        "Actual Loops": 2,
                        "Filter": "(production_year > 2006)",
                        "Rows Removed by Filter": 811910
                      }
                    ]
                  }
                ]
              }
            ]
          }
        ]
      }
    ]
  },
  "Planning Time": 0.478,
  "Triggers": [],
  "Execution Time": 6011.73
}