[
  {
    "Plan": {
      "Node Type": "Aggregate",
      "Strategy": "Plain",
      "Partial Mode": "Finalize",
      "Parallel Aware": false,
      "Startup Cost": 45623.9,
      "Total Cost": 45623.91,
      "Plan Rows": 1,
      "Plan Width": 8,
      "Actual Startup Time": 134.989,
      "Actual Total Time": 144.345,
      "Actual Rows": 1,
      "Actual Loops": 1,
      "Plans": [
        {
          "Node Type": "Gather",
          "Parent Relationship": "Outer",
          "Parallel Aware": false,
          "Startup Cost": 45623.58,
          "Total Cost": 45623.89,
          "Plan Rows": 3,
          "Plan Width": 8,
          "Actual Startup Time": 134.881,
          "Actual Total Time": 144.336,
          "Actual Rows": 4,
          "Actual Loops": 1,
          "Workers Planned": 3,
          "Workers Launched": 3,
          "Single Copy": false,
          "Plans": [
            {
              "Node Type": "Aggregate",
              "Strategy": "Plain",
              "Partial Mode": "Partial",
              "Parent Relationship": "Outer",
              "Parallel Aware": false,
              "Startup Cost": 44623.58,
              "Total Cost": 44623.59,
              "Plan Rows": 1,
              "Plan Width": 8,
              "Actual Startup Time": 131.155,
              "Actual Total Time": 131.156,
              "Actual Rows": 1,
              "Actual Loops": 4,
              "Plans": [
                {
                  "Node Type": "Seq Scan",
                  "Parent Relationship": "Outer",
                  "Parallel Aware": true,
                  "Relation Name": "movie_keyword",
                  "Alias": "mk",
                  "Startup Cost": 0.0,
                  "Total Cost": 42695.65,
                  "Plan Rows": 771172,
                  "Plan Width": 0,
                  "Actual Startup Time": 0.029,
                  "Actual Total Time": 104.941,
                  "Actual Rows": 601478,
                  "Actual Loops": 4,
                  "Filter": "(keyword_id < 5609)",
                  "Rows Removed by Filter": 529504
                }
              ]
            }
          ]
        }
      ]
    },
    "Planning Time": 0.184,
    "Triggers": [],
    "Execution Time": 144.399
  }
]