[
  {
    "Plan": {
      "Node Type": "Aggregate",
      "Strategy": "Plain",
      "Partial Mode": "Finalize",
      "Parallel Aware": false,
      "Startup Cost": 34795.21,
      "Total Cost": 34795.22,
      "Plan Rows": 1,
      "Plan Width": 8,
      "Actual Startup Time": 132.232,
      "Actual Total Time": 138.355,
      "Actual Rows": 1,
      "Actual Loops": 1,
      "Plans": [
        {
          "Node Type": "Gather",
          "Parent Relationship": "Outer",
          "Parallel Aware": false,
          "Startup Cost": 34794.89,
          "Total Cost": 34795.2,
          "Plan Rows": 3,
          "Plan Width": 8,
          "Actual Startup Time": 131.953,
          "Actual Total Time": 138.344,
          "Actual Rows": 4,
          "Actual Loops": 1,
          "Workers Planned": 3,
          "Workers Launched": 3,
          "Single Copy": false,
          "Plans": [
            {
              "Node Type": "Aggregate",
              "Strategy": "Plain",
              "Partial Mode": "Partial",
              "Parent Relationship": "Outer",
              "Parallel Aware": false,
              "Startup Cost": 33794.89,
              "Total Cost": 33794.9,
              "Plan Rows": 1,
              "Plan Width": 8,
              "Actual Startup Time": 123.704,
              "Actual Total Time": 123.705,
              "Actual Rows": 1,
              "Actual Loops": 4,
              "Plans": [
                {
                  "Node Type": "Bitmap Heap Scan",
                  "Parent Relationship": "Outer",
                  "Parallel Aware": true,
                  "Relation Name": "movie_keyword",
                  "Alias": "mk",
                  "Startup Cost": 7606.44,
                  "Total Cost": 33505.82,
                  "Plan Rows": 115630,
                  "Plan Width": 0,
                  "Actual Startup Time": 42.322,
                  "Actual Total Time": 116.685,
                  "Actual Rows": 89284,
                  "Actual Loops": 4,
                  "Recheck Cond": "(keyword_id > 46793)",
                  "Rows Removed by Index Recheck": 0,
                  "Exact Heap Blocks": 8516,
                  "Lossy Heap Blocks": 0,
                  "Plans": [
                    {
                      "Node Type": "Bitmap Index Scan",
                      "Parent Relationship": "Outer",
                      "Parallel Aware": false,
                      "Index Name": "keyword_id_movie_keyword",
                      "Startup Cost": 0.0,
                      "Total Cost": 7516.83,
                      "Plan Rows": 358453,
                      "Plan Width": 0,
                      "Actual Startup Time": 44.447,
                      "Actual Total Time": 44.448,
                      "Actual Rows": 357137,
                      "Actual Loops": 1,
                      "Index Cond": "(keyword_id > 46793)"
                    }
                  ]
                }
              ]
            }
          ]
        }
      ]
    },
    "Planning Time": 0.19,
    "Triggers": [],
    "Execution Time": 138.434
  }
]