{
  "Plan": {
    "Node Type": "Aggregate",
    "Strategy": "Plain",
    "Partial Mode": "Finalize",
    "Parallel Aware": false,
    "Startup Cost": 635516.47,
    "Total Cost": 635516.48,
    "Plan Rows": 1,
    "Plan Width": 8,
    "Actual Startup Time": 6049.333,
    "Actual Total Time": 6113.525,
    "Actual Rows": 1,
    "Actual Loops": 1,
    "Plans": [
      {
        "Node Type": "Gather",
        "Parent Relationship": "Outer",
        "Parallel Aware": false,
        "Startup Cost": 635516.35,
        "Total Cost": 635516.46,
        "Plan Rows": 1,
        "Plan Width": 8,
        "Actual Startup Time": 6047.942,
        "Actual Total Time": 6113.512,
        "Actual Rows": 2,
        "Actual Loops": 1,
        "Workers Planned": 1,
        "Workers Launched": 1,
        "Single Copy": false,
        "Plans": [
          {
            "Node Type": "Aggregate",
            "Strategy": "Plain",
            "Partial Mode": "Partial",
            "Parent Relationship": "Outer",
            "Parallel Aware": false,
            "Startup Cost": 634516.35,
            "Total Cost": 634516.36,
            "Plan Rows": 1,
            "Plan Width": 8,
            "Actual Startup Time": 6042.685,
            "Actual Total Time": 6042.689,
            "Actual Rows": 1,
            "Actual Loops": 2,
            "Plans": [
              {
                "Node Type": "Hash Join",
                "Parent Relationship": "Outer",
                "Parallel Aware": true,
                "Join Type": "Inner",
                "Startup Cost": 58352.63,
                "Total Cost": 625286.21,
                "Plan Rows": 3692058,
                "Plan Width": 0,
                "Actual Startup Time": 418.209,
                "Actual Total Time": 5926.65,
                "Actual Rows": 2498545,
                "Actual Loops": 2,
                "Inner Unique": true,
                "Hash Cond": "(ci.movie_id = t.id)",
                "Plans": [
                  {
                    "Node Type": "Seq Scan",
                    "Parent Relationship": "Outer",
                    "Parallel Aware": true,
                    "Relation Name": "cast_info",
                    "Alias": "ci",
                    "Startup Cost": 0.0,
                    "Total Cost": 519069.44,
                    "Plan Rows": 18233929,
                    "Plan Width": 4,
                    "Actual Startup Time": 152.174,
                    "Actual Total Time": 1814.472,
                    "Actual Rows": 15419696,
                    "Actual Loops": 2,
                    "Filter": "(person_id > 521514)",
                    "Rows Removed by Filter": 2702476
                  },
                  {
                    "Node Type": "Hash",
                    "Parent Relationship": "Inner",
                    "Parallel Aware": true,
                    "Startup Cost": 54588.39,
                    "Total Cost": 54588.39,
                    "Plan Rows": 301139,
                    "Plan Width": 4,
                    "Actual Startup Time": 261.226,
                    "Actual Total Time": 261.228,
                    "Actual Rows": 261867,
                    "Actual Loops": 2,
                    "Hash Buckets": 524288,
                    "Original Hash Buckets": 524288,
                    "Hash Batches": 1,
                    "Original Hash Batches": 1,
                    "Peak Memory Usage": 24640,
                    "Plans": [
                      {
                        "Node Type": "Seq Scan",
                        "Parent Relationship": "Outer",
                        "Parallel Aware": true,
                        "Relation Name": "title",
                        "Alias": "t",
                        "Startup Cost": 0.0,
                        "Total Cost": 54588.39,
                        "Plan Rows": 301139,
                        "Plan Width": 4,
                        "Actual Startup Time": 0.024,
                        "Actual Total Time": 176.492,
                        "Actual Rows": 261867,
                        "Actual Loops": 2,
                        "Filter": "(production_year < 1981)",
                        "Rows Removed by Filter": 1002289
                      }
                    ]
                  }
                ]
              }
            ]
          }
        ]
      }
    ]
  },
  "Planning Time": 0.414,
  "Triggers": [],
  "Execution Time": 6113.595
}