{
  "Plan": {
    "Node Type": "Aggregate",
    "Strategy": "Plain",
    "Partial Mode": "Finalize",
    "Parallel Aware": false,
    "Startup Cost": 437228.25,
    "Total Cost": 437228.26,
    "Plan Rows": 1,
    "Plan Width": 8,
    "Actual Startup Time": 1218.459,
    "Actual Total Time": 1278.241,
    "Actual Rows": 1,
    "Actual Loops": 1,
    "Plans": [
      {
        "Node Type": "Gather",
        "Parent Relationship": "Outer",
        "Parallel Aware": false,
        "Startup Cost": 437228.14,
        "Total Cost": 437228.25,
        "Plan Rows": 1,
        "Plan Width": 8,
        "Actual Startup Time": 1217.541,
        "Actual Total Time": 1278.234,
        "Actual Rows": 2,
        "Actual Loops": 1,
        "Workers Planned": 1,
        "Workers Launched": 1,
        "Single Copy": false,
        "Plans": [
          {
            "Node Type": "Aggregate",
            "Strategy": "Plain",
            "Partial Mode": "Partial",
            "Parent Relationship": "Outer",
            "Parallel Aware": false,
            "Startup Cost": 436228.14,
            "Total Cost": 436228.15,
            "Plan Rows": 1,
            "Plan Width": 8,
            "Actual Startup Time": 1211.234,
            "Actual Total Time": 1211.238,
            "Actual Rows": 1,
            "Actual Loops": 2,
            "Plans": [
              {
                "Node Type": "Nested Loop",
                "Parent Relationship": "Outer",
                "Parallel Aware": false,
                "Join Type": "Inner",
                "Startup Cost": 59824.69,
                "Total Cost": 434680.48,
                "Plan Rows": 619063,
                "Plan Width": 0,
                "Actual Startup Time": 188.687,
                "Actual Total Time": 1178.303,
                "Actual Rows": 768122,
                "Actual Loops": 2,
                "Inner Unique": false,
                "Join Filter": "(t.id = mi.movie_id)",
                "Rows Removed by Join Filter": 0,
                "Plans": [
                  {
                    "Node Type": "Hash Join",
                    "Parent Relationship": "Outer",
                    "Parallel Aware": true,
                    "Join Type": "Inner",
                    "Startup Cost": 59824.26,
                    "Total Cost": 213712.0,
                    "Plan Rows": 105872,
                    "Plan Width": 8,
                    "Actual Startup Time": 188.616,
                    "Actual Total Time": 583.761,
                    "Actual Rows": 19472,
                    "Actual Loops": 2,
                    "Inner Unique": true,
                    "Hash Cond": "(ci.movie_id = t.id)",
                    "Plans": [
                      {
                        "Node Type": "Index Scan",
                        "Parent Relationship": "Outer",
                        "Parallel Aware": true,
                        "Scan Direction": "Forward",
                        "Index Name": "role_id_cast_info",
                        "Relation Name": "cast_info",
                        "Alias": "ci",
                        "Startup Cost": 0.56,
                        "Total Cost": 150483.06,
                        "Plan Rows": 1297234,
                        "Plan Width": 4,
                        "Actual Startup Time": 0.176,
                        "Actual Total Time": 290.533,
                        "Actual Rows": 366600,
                        "Actual Loops": 2,
                        "Index Cond": "(role_id > 9)",
                        "Rows Removed by Index Recheck": 0,
                        "Filter": "(person_id < 1692602)",
                        "Rows Removed by Filter": 1952968
                      },
                      {
                        "Node Type": "Hash",
                        "Parent Relationship": "Inner",
                        "Parallel Aware": true,
                        "Startup Cost": 58306.47,
                        "Total Cost": 58306.47,
                        "Plan Rows": 121378,
                        "Plan Width": 4,
                        "Actual Startup Time": 184.919,
                        "Actual Total Time": 184.92,
                        "Actual Rows": 160290,
                        "Actual Loops": 2,
                        "Hash Buckets": 524288,
                        "Original Hash Buckets": 262144,
                        "Hash Batches": 1,
                        "Original Hash Batches": 1,
                        "Peak Memory Usage": 18720,
                        "Plans": [
                          {
                            "Node Type": "Seq Scan",
                            "Parent Relationship": "Outer",
                            "Parallel Aware": true,
                            "Relation Name": "title",
                            "Alias": "t",
                            "Startup Cost": 0.0,
                            "Total Cost": 58306.47,
                            "Plan Rows": 121378,
                            "Plan Width": 4,
                            "Actual Startup Time": 0.116,
                            "Actual Total Time": 146.76,
                            "Actual Rows": 160290,
                            "Actual Loops": 2,
                            "Filter": "((kind_id < 7) AND (production_year < 1982))",
                            "Rows Removed by Filter": 1103866
                          }
                        ]
                      }
                    ]
                  },
                  {
                    "Node Type": "Index Only Scan",
                    "Parent Relationship": "Inner",
                    "Parallel Aware": false,
                    "Scan Direction": "Forward",
                    "Index Name": "movie_id_movie_info",
                    "Relation Name": "movie_info",
                    "Alias": "mi",
                    "Startup Cost": 0.43,
                    "Total Cost": 1.56,
                    "Plan Rows": 42,
                    "Plan Width": 4,
                    "Actual Startup Time": 0.008,
                    "Actual Total Time": 0.027,
                    "Actual Rows": 39,
                    "Actual Loops": 38945,
                    "Index Cond": "(movie_id = ci.movie_id)",
                    "Rows Removed by Index Recheck": 0,
                    "Heap Fetches": 1536243
                  }
                ]
              }
            ]
          }
        ]
      }
    ]
  },
  "Planning Time": 0.989,
  "Triggers": [],
  "Execution Time": 1278.348
}