[
  {
    "Plan": {
      "Node Type": "Aggregate",
      "Strategy": "Plain",
      "Partial Mode": "Finalize",
      "Parallel Aware": false,
      "Startup Cost": 194229.55,
      "Total Cost": 194229.56,
      "Plan Rows": 1,
      "Plan Width": 8,
      "Actual Startup Time": 244.576,
      "Actual Total Time": 260.045,
      "Actual Rows": 1,
      "Actual Loops": 1,
      "Plans": [
        {
          "Node Type": "Gather",
          "Parent Relationship": "Outer",
          "Parallel Aware": false,
          "Startup Cost": 194229.34,
          "Total Cost": 194229.55,
          "Plan Rows": 2,
          "Plan Width": 8,
          "Actual Startup Time": 242.437,
          "Actual Total Time": 260.034,
          "Actual Rows": 3,
          "Actual Loops": 1,
          "Workers Planned": 2,
          "Workers Launched": 2,
          "Single Copy": false,
          "Plans": [
            {
              "Node Type": "Aggregate",
              "Strategy": "Plain",
              "Partial Mode": "Partial",
              "Parent Relationship": "Outer",
              "Parallel Aware": false,
              "Startup Cost": 193229.34,
              "Total Cost": 193229.35,
              "Plan Rows": 1,
              "Plan Width": 8,
              "Actual Startup Time": 234.321,
              "Actual Total Time": 234.325,
              "Actual Rows": 1,
              "Actual Loops": 3,
              "Plans": [
                {
                  "Node Type": "Nested Loop",
                  "Parent Relationship": "Outer",
                  "Parallel Aware": false,
                  "Join Type": "Inner",
                  "Startup Cost": 31692.14,
                  "Total Cost": 193209.92,
                  "Plan Rows": 7768,
                  "Plan Width": 0,
                  "Actual Startup Time": 156.564,
                  "Actual Total Time": 233.259,
                  "Actual Rows": 12408,
                  "Actual Loops": 3,
                  "Inner Unique": true,
                  "Plans": [
                    {
                      "Node Type": "Hash Join",
                      "Parent Relationship": "Outer",
                      "Parallel Aware": true,
                      "Join Type": "Inner",
                      "Startup Cost": 31691.71,
                      "Total Cost": 178242.26,
                      "Plan Rows": 19893,
                      "Plan Width": 8,
                      "Actual Startup Time": 156.49,
                      "Actual Total Time": 176.548,
                      "Actual Rows": 12408,
                      "Actual Loops": 3,
                      "Inner Unique": false,
                      "Hash Cond": "(ci.movie_id = mc.movie_id)",
                      "Plans": [
                        {
                          "Node Type": "Index Scan",
                          "Parent Relationship": "Outer",
                          "Parallel Aware": true,
                          "Scan Direction": "Forward",
                          "Index Name": "person_id_cast_info",
                          "Relation Name": "cast_info",
                          "Alias": "ci",
                          "Startup Cost": 0.56,
                          "Total Cost": 146320.62,
                          "Plan Rows": 33266,
                          "Plan Width": 4,
                          "Actual Startup Time": 0.065,
                          "Actual Total Time": 7.275,
                          "Actual Rows": 28145,
                          "Actual Loops": 3,
                          "Index Cond": "(person_id < 9664)",
                          "Rows Removed by Index Recheck": 0
                        },
                        {
                          "Node Type": "Hash",
                          "Parent Relationship": "Inner",
                          "Parallel Aware": true,
                          "Startup Cost": 29310.68,
                          "Total Cost": 29310.68,
                          "Plan Rows": 190437,
                          "Plan Width": 4,
                          "Actual Startup Time": 150.588,
                          "Actual Total Time": 150.589,
                          "Actual Rows": 201180,
                          "Actual Loops": 3,
                          "Hash Buckets": 1048576,
                          "Original Hash Buckets": 1048576,
                          "Hash Batches": 1,
                          "Original Hash Batches": 1,
                          "Peak Memory Usage": 31872,
                          "Plans": [
                            {
                              "Node Type": "Seq Scan",
                              "Parent Relationship": "Outer",
                              "Parallel Aware": true,
                              "Relation Name": "movie_companies",
                              "Alias": "mc",
                              "Startup Cost": 0.0,
                              "Total Cost": 29310.68,
                              "Plan Rows": 190437,
                              "Plan Width": 4,
                              "Actual Startup Time": 50.377,
                              "Actual Total Time": 99.924,
                              "Actual Rows": 201180,
                              "Actual Loops": 3,
                              "Filter": "(company_id > 66583)",
                              "Rows Removed by Filter": 668529
                            }
                          ]
                        }
                      ]
                    },
                    {
                      "Node Type": "Index Only Scan",
                      "Parent Relationship": "Inner",
                      "Parallel Aware": false,
                      "Scan Direction": "Forward",
                      "Index Name": "title_pkey",
                      "Relation Name": "title",
                      "Alias": "t",
                      "Startup Cost": 0.43,
                      "Total Cost": 0.75,
                      "Plan Rows": 1,
                      "Plan Width": 4,
                      "Actual Startup Time": 0.004,
                      "Actual Total Time": 0.004,
                      "Actual Rows": 1,
                      "Actual Loops": 37223,
                      "Index Cond": "(id = mc.movie_id)",
                      "Rows Removed by Index Recheck": 0,
                      "Heap Fetches": 37223
                    }
                  ]
                }
              ]
            }
          ]
        }
      ]
    },
    "Planning Time": 1.363,
    "Triggers": [],
    "Execution Time": 260.132
  }
]