[
  {
    "Plan": {
      "Node Type": "Aggregate",
      "Strategy": "Plain",
      "Partial Mode": "Finalize",
      "Parallel Aware": false,
      "Startup Cost": 47322.99,
      "Total Cost": 47323.0,
      "Plan Rows": 1,
      "Plan Width": 8,
      "Actual Startup Time": 122.859,
      "Actual Total Time": 139.33,
      "Actual Rows": 1,
      "Actual Loops": 1,
      "Plans": [
        {
          "Node Type": "Gather",
          "Parent Relationship": "Outer",
          "Parallel Aware": false,
          "Startup Cost": 47322.57,
          "Total Cost": 47322.98,
          "Plan Rows": 4,
          "Plan Width": 8,
          "Actual Startup Time": 122.67,
          "Actual Total Time": 139.316,
          "Actual Rows": 5,
          "Actual Loops": 1,
          "Workers Planned": 4,
          "Workers Launched": 4,
          "Single Copy": false,
          "Plans": [
            {
              "Node Type": "Aggregate",
              "Strategy": "Plain",
              "Partial Mode": "Partial",
              "Parent Relationship": "Outer",
              "Parallel Aware": false,
              "Startup Cost": 46322.57,
              "Total Cost": 46322.58,
              "Plan Rows": 1,
              "Plan Width": 8,
              "Actual Startup Time": 117.277,
              "Actual Total Time": 117.278,
              "Actual Rows": 1,
              "Actual Loops": 5,
              "Plans": [
                {
                  "Node Type": "Seq Scan",
                  "Parent Relationship": "Outer",
                  "Parallel Aware": true,
                  "Relation Name": "title",
                  "Alias": "t",
                  "Startup Cost": 0.0,
                  "Total Cost": 45479.59,
                  "Plan Rows": 337195,
                  "Plan Width": 0,
                  "Actual Startup Time": 0.036,
                  "Actual Total Time": 103.626,
                  "Actual Rows": 265138,
                  "Actual Loops": 5,
                  "Filter": "((kind_id > 2) AND (production_year < 2010))",
                  "Rows Removed by Filter": 240525
                }
              ]
            }
          ]
        }
      ]
    },
    "Planning Time": 0.148,
    "Triggers": [],
    "Execution Time": 139.377
  }
]