{
  "Plan": {
    "Node Type": "Aggregate",
    "Strategy": "Plain",
    "Partial Mode": "Finalize",
    "Parallel Aware": false,
    "Startup Cost": 710734.59,
    "Total Cost": 710734.6,
    "Plan Rows": 1,
    "Plan Width": 8,
    "Actual Startup Time": 6990.61,
    "Actual Total Time": 7064.242,
    "Actual Rows": 1,
    "Actual Loops": 1,
    "Plans": [
      {
        "Node Type": "Gather",
        "Parent Relationship": "Outer",
        "Parallel Aware": false,
        "Startup Cost": 710734.48,
        "Total Cost": 710734.59,
        "Plan Rows": 1,
        "Plan Width": 8,
        "Actual Startup Time": 6984.221,
        "Actual Total Time": 7064.234,
        "Actual Rows": 2,
        "Actual Loops": 1,
        "Workers Planned": 1,
        "Workers Launched": 1,
        "Single Copy": false,
        "Plans": [
          {
            "Node Type": "Aggregate",
            "Strategy": "Plain",
            "Partial Mode": "Partial",
            "Parent Relationship": "Outer",
            "Parallel Aware": false,
            "Startup Cost": 709734.48,
            "Total Cost": 709734.49,
            "Plan Rows": 1,
            "Plan Width": 8,
            "Actual Startup Time": 6977.771,
            "Actual Total Time": 6977.777,
            "Actual Rows": 1,
            "Actual Loops": 2,
            "Plans": [
              {
                "Node Type": "Hash Join",
                "Parent Relationship": "Outer",
                "Parallel Aware": true,
                "Join Type": "Inner",
                "Startup Cost": 118210.32,
                "Total Cost": 696069.93,
                "Plan Rows": 5465821,
                "Plan Width": 0,
                "Actual Startup Time": 851.929,
                "Actual Total Time": 6468.305,
                "Actual Rows": 12797107,
                "Actual Loops": 2,
                "Inner Unique": false,
                "Hash Cond": "(ci.movie_id = t.id)",
                "Plans": [
                  {
                    "Node Type": "Seq Scan",
                    "Parent Relationship": "Outer",
                    "Parallel Aware": true,
                    "Relation Name": "cast_info",
                    "Alias": "ci",
                    "Startup Cost": 0.0,
                    "Total Cost": 465792.95,
                    "Plan Rows": 21310595,
                    "Plan Width": 4,
                    "Actual Startup Time": 0.023,
                    "Actual Total Time": 1375.868,
                    "Actual Rows": 18122172,
                    "Actual Loops": 2
                  },
                  {
                    "Node Type": "Hash",
                    "Parent Relationship": "Inner",
                    "Parallel Aware": true,
                    "Startup Cost": 113442.18,
                    "Total Cost": 113442.18,
                    "Plan Rows": 381451,
                    "Plan Width": 8,
                    "Actual Startup Time": 842.631,
                    "Actual Total Time": 842.636,
                    "Actual Rows": 327966,
                    "Actual Loops": 2,
                    "Hash Buckets": 1048576,
                    "Original Hash Buckets": 1048576,
                    "Hash Batches": 1,
                    "Original Hash Batches": 1,
                    "Peak Memory Usage": 33888,
                    "Plans": [
                      {
                        "Node Type": "Hash Join",
                        "Parent Relationship": "Outer",
                        "Parallel Aware": true,
                        "Join Type": "Inner",
                        "Startup Cost": 83218.74,
                        "Total Cost": 113442.18,
                        "Plan Rows": 381451,
                        "Plan Width": 8,
                        "Actual Startup Time": 576.333,
                        "Actual Total Time": 761.698,
                        "Actual Rows": 327966,
                        "Actual Loops": 2,
                        "Inner Unique": true,
                        "Hash Cond": "(mk.movie_id = t.id)",
                        "Plans": [
                          {
                            "Node Type": "Bitmap Heap Scan",
                            "Parent Relationship": "Outer",
                            "Parallel Aware": true,
                            "Relation Name": "movie_keyword",
                            "Alias": "mk",
                            "Startup Cost": 13758.04,
                            "Total Cost": 42980.18,
                            "Plan Rows": 381451,
                            "Plan Width": 4,
                            "Actual Startup Time": 37.788,
                            "Actual Total Time": 116.08,
                            "Actual Rows": 327966,
                            "Actual Loops": 2,
                            "Recheck Cond": "(keyword_id < 508)",
                            "Rows Removed by Index Recheck": 0,
                            "Exact Heap Blocks": 12355,
                            "Lossy Heap Blocks": 0,
                            "Plans": [
                              {
                                "Node Type": "Bitmap Index Scan",
                                "Parent Relationship": "Outer",
                                "Parallel Aware": false,
                                "Index Name": "keyword_id_movie_keyword",
                                "Startup Cost": 0.0,
                                "Total Cost": 13595.93,
                                "Plan Rows": 648466,
                                "Plan Width": 0,
                                "Actual Startup Time": 34.189,
                                "Actual Total Time": 34.189,
                                "Actual Rows": 655932,
                                "Actual Loops": 1,
                                "Index Cond": "(keyword_id < 508)"
                              }
                            ]
                          },
                          {
                            "Node Type": "Hash",
                            "Parent Relationship": "Inner",
                            "Parallel Aware": true,
                            "Startup Cost": 50870.31,
                            "Total Cost": 50870.31,
                            "Plan Rows": 1487231,
                            "Plan Width": 4,
                            "Actual Startup Time": 522.594,
                            "Actual Total Time": 522.595,
                            "Actual Rows": 1264156,
                            "Actual Loops": 2,
                            "Hash Buckets": 4194304,
                            "Original Hash Buckets": 4194304,
                            "Hash Batches": 1,
                            "Original Hash Batches": 1,
                            "Peak Memory Usage": 131712,
                            "Plans": [
                              {
                                "Node Type": "Seq Scan",
                                "Parent Relationship": "Outer",
                                "Parallel Aware": true,
                                "Relation Name": "title",
                                "Alias": "t",
                                "Startup Cost": 0.0,
                                "Total Cost": 50870.31,
                                "Plan Rows": 1487231,
                                "Plan Width": 4,
                                "Actual Startup Time": 0.032,
                                "Actual Total Time": 153.354,
                                "Actual Rows": 1264156,
                                "Actual Loops": 2
                              }
                            ]
                          }
                        ]
                      }
                    ]
                  }
                ]
              }
            ]
          }
        ]
      }
    ]
  },
  "Planning Time": 1.127,
  "Triggers": [],
  "Execution Time": 7064.367
}