[
  {
    "Plan": {
      "Node Type": "Aggregate",
      "Strategy": "Plain",
      "Partial Mode": "Finalize",
      "Parallel Aware": false,
      "Startup Cost": 44567.62,
      "Total Cost": 44567.63,
      "Plan Rows": 1,
      "Plan Width": 8,
      "Actual Startup Time": 115.81,
      "Actual Total Time": 125.528,
      "Actual Rows": 1,
      "Actual Loops": 1,
      "Plans": [
        {
          "Node Type": "Gather",
          "Parent Relationship": "Outer",
          "Parallel Aware": false,
          "Startup Cost": 44567.3,
          "Total Cost": 44567.61,
          "Plan Rows": 3,
          "Plan Width": 8,
          "Actual Startup Time": 115.645,
          "Actual Total Time": 125.518,
          "Actual Rows": 4,
          "Actual Loops": 1,
          "Workers Planned": 3,
          "Workers Launched": 3,
          "Single Copy": false,
          "Plans": [
            {
              "Node Type": "Aggregate",
              "Strategy": "Plain",
              "Partial Mode": "Partial",
              "Parent Relationship": "Outer",
              "Parallel Aware": false,
              "Startup Cost": 43567.3,
              "Total Cost": 43567.31,
              "Plan Rows": 1,
              "Plan Width": 8,
              "Actual Startup Time": 109.948,
              "Actual Total Time": 109.95,
              "Actual Rows": 1,
              "Actual Loops": 4,
              "Plans": [
                {
                  "Node Type": "Seq Scan",
                  "Parent Relationship": "Outer",
                  "Parallel Aware": true,
                  "Relation Name": "movie_keyword",
                  "Alias": "mk",
                  "Startup Cost": 0.0,
                  "Total Cost": 42695.65,
                  "Plan Rows": 348660,
                  "Plan Width": 0,
                  "Actual Startup Time": 0.227,
                  "Actual Total Time": 97.427,
                  "Actual Rows": 271732,
                  "Actual Loops": 4,
                  "Filter": "(keyword_id < 1109)",
                  "Rows Removed by Filter": 859251
                }
              ]
            }
          ]
        }
      ]
    },
    "Planning Time": 0.087,
    "Triggers": [],
    "Execution Time": 125.557
  }
]