[
  {
    "Plan": {
      "Node Type": "Aggregate",
      "Strategy": "Plain",
      "Partial Mode": "Finalize",
      "Parallel Aware": false,
      "Startup Cost": 44562.64,
      "Total Cost": 44562.65,
      "Plan Rows": 1,
      "Plan Width": 8,
      "Actual Startup Time": 133.573,
      "Actual Total Time": 142.701,
      "Actual Rows": 1,
      "Actual Loops": 1,
      "Plans": [
        {
          "Node Type": "Gather",
          "Parent Relationship": "Outer",
          "Parallel Aware": false,
          "Startup Cost": 44562.32,
          "Total Cost": 44562.63,
          "Plan Rows": 3,
          "Plan Width": 8,
          "Actual Startup Time": 133.459,
          "Actual Total Time": 142.691,
          "Actual Rows": 4,
          "Actual Loops": 1,
          "Workers Planned": 3,
          "Workers Launched": 3,
          "Single Copy": false,
          "Plans": [
            {
              "Node Type": "Aggregate",
              "Strategy": "Plain",
              "Partial Mode": "Partial",
              "Parent Relationship": "Outer",
              "Parallel Aware": false,
              "Startup Cost": 43562.32,
              "Total Cost": 43562.33,
              "Plan Rows": 1,
              "Plan Width": 8,
              "Actual Startup Time": 126.838,
              "Actual Total Time": 126.839,
              "Actual Rows": 1,
              "Actual Loops": 4,
              "Plans": [
                {
                  "Node Type": "Seq Scan",
                  "Parent Relationship": "Outer",
                  "Parallel Aware": true,
                  "Relation Name": "movie_keyword",
                  "Alias": "mk",
                  "Startup Cost": 0.0,
                  "Total Cost": 42695.65,
                  "Plan Rows": 346667,
                  "Plan Width": 0,
                  "Actual Startup Time": 0.052,
                  "Actual Total Time": 112.163,
                  "Actual Rows": 271732,
                  "Actual Loops": 4,
                  "Filter": "(keyword_id < 1109)",
                  "Rows Removed by Filter": 859251
                }
              ]
            }
          ]
        }
      ]
    },
    "Planning Time": 0.193,
    "Triggers": [],
    "Execution Time": 142.76
  }
]