[
  {
    "Plan": {
      "Node Type": "Aggregate",
      "Strategy": "Plain",
      "Partial Mode": "Finalize",
      "Parallel Aware": false,
      "Startup Cost": 341730.77,
      "Total Cost": 341730.78,
      "Plan Rows": 1,
      "Plan Width": 8,
      "Actual Startup Time": 780.784,
      "Actual Total Time": 840.719,
      "Actual Rows": 1,
      "Actual Loops": 1,
      "Plans": [
        {
          "Node Type": "Gather",
          "Parent Relationship": "Outer",
          "Parallel Aware": false,
          "Startup Cost": 341730.15,
          "Total Cost": 341730.76,
          "Plan Rows": 6,
          "Plan Width": 8,
          "Actual Startup Time": 780.684,
          "Actual Total Time": 840.709,
          "Actual Rows": 7,
          "Actual Loops": 1,
          "Workers Planned": 6,
          "Workers Launched": 6,
          "Single Copy": false,
          "Plans": [
            {
              "Node Type": "Aggregate",
              "Strategy": "Plain",
              "Partial Mode": "Partial",
              "Parent Relationship": "Outer",
              "Parallel Aware": false,
              "Startup Cost": 340730.15,
              "Total Cost": 340730.16,
              "Plan Rows": 1,
              "Plan Width": 8,
              "Actual Startup Time": 771.858,
              "Actual Total Time": 771.859,
              "Actual Rows": 1,
              "Actual Loops": 7,
              "Plans": [
                {
                  "Node Type": "Seq Scan",
                  "Parent Relationship": "Outer",
                  "Parallel Aware": true,
                  "Relation Name": "cast_info",
                  "Alias": "ci",
                  "Startup Cost": 0.0,
                  "Total Cost": 328162.03,
                  "Plan Rows": 5027248,
                  "Plan Width": 0,
                  "Actual Startup Time": 0.047,
                  "Actual Total Time": 599.122,
                  "Actual Rows": 4339141,
                  "Actual Loops": 7,
                  "Filter": "(person_id < 3057115)",
                  "Rows Removed by Filter": 838622
                }
              ]
            }
          ]
        }
      ]
    },
    "Planning Time": 0.197,
    "Triggers": [],
    "Execution Time": 840.789
  }
]