[
    {
        "Bao": {
            "Bao prediction": "NaN",
            "Bao recommended hint": "(no hint)"
        }
    },
    {
        "Plan": {
            "Node Type": "Aggregate",
            "Strategy": "Plain",
            "Partial Mode": "Finalize",
            "Parallel Aware": false,
            "Startup Cost": 33446.04,
            "Total Cost": 33446.05,
            "Plan Rows": 1,
            "Plan Width": 8,
            "Actual Startup Time": 105.866,
            "Actual Total Time": 111.556,
            "Actual Rows": 1,
            "Actual Loops": 1,
            "Output": [
                "count(*)"
            ],
            "Plans": [
                {
                    "Node Type": "Gather",
                    "Parent Relationship": "Outer",
                    "Parallel Aware": false,
                    "Startup Cost": 33445.72,
                    "Total Cost": 33446.03,
                    "Plan Rows": 3,
                    "Plan Width": 8,
                    "Actual Startup Time": 105.718,
                    "Actual Total Time": 111.547,
                    "Actual Rows": 4,
                    "Actual Loops": 1,
                    "Output": [
                        "(PARTIAL count(*))"
                    ],
                    "Workers Planned": 3,
                    "Workers Launched": 3,
                    "Single Copy": false,
                    "Plans": [
                        {
                            "Node Type": "Aggregate",
                            "Strategy": "Plain",
                            "Partial Mode": "Partial",
                            "Parent Relationship": "Outer",
                            "Parallel Aware": false,
                            "Startup Cost": 32445.72,
                            "Total Cost": 32445.73,
                            "Plan Rows": 1,
                            "Plan Width": 8,
                            "Actual Startup Time": 97.575,
                            "Actual Total Time": 97.576,
                            "Actual Rows": 1,
                            "Actual Loops": 4,
                            "Output": [
                                "PARTIAL count(*)"
                            ],
                            "Workers": [
                                {
                                    "Worker Number": 0,
                                    "Actual Startup Time": 94.823,
                                    "Actual Total Time": 94.824,
                                    "Actual Rows": 1,
                                    "Actual Loops": 1
                                },
                                {
                                    "Worker Number": 1,
                                    "Actual Startup Time": 95.039,
                                    "Actual Total Time": 95.039,
                                    "Actual Rows": 1,
                                    "Actual Loops": 1
                                },
                                {
                                    "Worker Number": 2,
                                    "Actual Startup Time": 95.029,
                                    "Actual Total Time": 95.029,
                                    "Actual Rows": 1,
                                    "Actual Loops": 1
                                }
                            ],
                            "Plans": [
                                {
                                    "Node Type": "Seq Scan",
                                    "Parent Relationship": "Outer",
                                    "Parallel Aware": true,
                                    "Relation Name": "movie_companies",
                                    "Schema": "public",
                                    "Alias": "mc",
                                    "Startup Cost": 0.0,
                                    "Total Cost": 31414.82,
                                    "Plan Rows": 412362,
                                    "Plan Width": 0,
                                    "Actual Startup Time": 45.351,
                                    "Actual Total Time": 83.834,
                                    "Actual Rows": 307738,
                                    "Actual Loops": 4,
                                    "Output": [
                                        "id",
                                        "movie_id",
                                        "company_id",
                                        "company_type_id",
                                        "note"
                                    ],
                                    "Filter": "((mc.company_id < 155267) AND (mc.company_type_id > 1))",
                                    "Rows Removed by Filter": 344544,
                                    "Workers": [
                                        {
                                            "Worker Number": 0,
                                            "Actual Startup Time": 42.601,
                                            "Actual Total Time": 81.338,
                                            "Actual Rows": 330053,
                                            "Actual Loops": 1
                                        },
                                        {
                                            "Worker Number": 1,
                                            "Actual Startup Time": 42.81,
                                            "Actual Total Time": 81.759,
                                            "Actual Rows": 328986,
                                            "Actual Loops": 1
                                        },
                                        {
                                            "Worker Number": 2,
                                            "Actual Startup Time": 42.793,
                                            "Actual Total Time": 81.509,
                                            "Actual Rows": 330462,
                                            "Actual Loops": 1
                                        }
                                    ]
                                }
                            ]
                        }
                    ]
                }
            ]
        },
        "Planning Time": 274.594,
        "Triggers": [],
        "Execution Time": 111.606
    }
]