[
  {
    "Plan": {
      "Node Type": "Aggregate",
      "Strategy": "Plain",
      "Partial Mode": "Simple",
      "Parallel Aware": false,
      "Startup Cost": 1347.26,
      "Total Cost": 1347.27,
      "Plan Rows": 1,
      "Plan Width": 8,
      "Actual Startup Time": 32.317,
      "Actual Total Time": 32.319,
      "Actual Rows": 1,
      "Actual Loops": 1,
      "Plans": [
        {
          "Node Type": "Nested Loop",
          "Parent Relationship": "Outer",
          "Parallel Aware": false,
          "Join Type": "Inner",
          "Startup Cost": 1.42,
          "Total Cost": 1346.64,
          "Plan Rows": 248,
          "Plan Width": 0,
          "Actual Startup Time": 1.638,
          "Actual Total Time": 32.226,
          "Actual Rows": 444,
          "Actual Loops": 1,
          "Inner Unique": false,
          "Plans": [
            {
              "Node Type": "Nested Loop",
              "Parent Relationship": "Outer",
              "Parallel Aware": false,
              "Join Type": "Inner",
              "Startup Cost": 0.86,
              "Total Cost": 1143.66,
              "Plan Rows": 103,
              "Plan Width": 8,
              "Actual Startup Time": 0.226,
              "Actual Total Time": 6.409,
              "Actual Rows": 646,
              "Actual Loops": 1,
              "Inner Unique": true,
              "Plans": [
                {
                  "Node Type": "Index Scan",
                  "Parent Relationship": "Outer",
                  "Parallel Aware": false,
                  "Scan Direction": "Forward",
                  "Index Name": "company_id_movie_companies",
                  "Relation Name": "movie_companies",
                  "Alias": "mc",
                  "Startup Cost": 0.43,
                  "Total Cost": 273.57,
                  "Plan Rows": 103,
                  "Plan Width": 4,
                  "Actual Startup Time": 0.185,
                  "Actual Total Time": 1.326,
                  "Actual Rows": 646,
                  "Actual Loops": 1,
                  "Index Cond": "(company_id = 2096)",
                  "Rows Removed by Index Recheck": 0
                },
                {
                  "Node Type": "Index Only Scan",
                  "Parent Relationship": "Inner",
                  "Parallel Aware": false,
                  "Scan Direction": "Forward",
                  "Index Name": "title_pkey",
                  "Relation Name": "title",
                  "Alias": "t",
                  "Startup Cost": 0.43,
                  "Total Cost": 8.45,
                  "Plan Rows": 1,
                  "Plan Width": 4,
                  "Actual Startup Time": 0.007,
                  "Actual Total Time": 0.007,
                  "Actual Rows": 1,
                  "Actual Loops": 646,
                  "Index Cond": "(id = mc.movie_id)",
                  "Rows Removed by Index Recheck": 0,
                  "Heap Fetches": 646
                }
              ]
            },
            {
              "Node Type": "Index Scan",
              "Parent Relationship": "Inner",
              "Parallel Aware": false,
              "Scan Direction": "Forward",
              "Index Name": "movie_id_cast_info",
              "Relation Name": "cast_info",
              "Alias": "ci",
              "Startup Cost": 0.56,
              "Total Cost": 1.91,
              "Plan Rows": 6,
              "Plan Width": 4,
              "Actual Startup Time": 0.037,
              "Actual Total Time": 0.039,
              "Actual Rows": 1,
              "Actual Loops": 646,
              "Index Cond": "(movie_id = t.id)",
              "Rows Removed by Index Recheck": 0,
              "Filter": "(person_id > 3053725)",
              "Rows Removed by Filter": 8
            }
          ]
        }
      ]
    },
    "Planning Time": 0.965,
    "Triggers": [],
    "Execution Time": 32.368
  }
]