[
  {
    "Plan": {
      "Node Type": "Aggregate",
      "Strategy": "Plain",
      "Partial Mode": "Finalize",
      "Parallel Aware": false,
      "Startup Cost": 44744.1,
      "Total Cost": 44744.11,
      "Plan Rows": 1,
      "Plan Width": 8,
      "Actual Startup Time": 141.945,
      "Actual Total Time": 151.698,
      "Actual Rows": 1,
      "Actual Loops": 1,
      "Plans": [
        {
          "Node Type": "Gather",
          "Parent Relationship": "Outer",
          "Parallel Aware": false,
          "Startup Cost": 44743.79,
          "Total Cost": 44744.1,
          "Plan Rows": 3,
          "Plan Width": 8,
          "Actual Startup Time": 141.825,
          "Actual Total Time": 151.689,
          "Actual Rows": 4,
          "Actual Loops": 1,
          "Workers Planned": 3,
          "Workers Launched": 3,
          "Single Copy": false,
          "Plans": [
            {
              "Node Type": "Aggregate",
              "Strategy": "Plain",
              "Partial Mode": "Partial",
              "Parent Relationship": "Outer",
              "Parallel Aware": false,
              "Startup Cost": 43743.79,
              "Total Cost": 43743.8,
              "Plan Rows": 1,
              "Plan Width": 8,
              "Actual Startup Time": 134.56,
              "Actual Total Time": 134.561,
              "Actual Rows": 1,
              "Actual Loops": 4,
              "Plans": [
                {
                  "Node Type": "Seq Scan",
                  "Parent Relationship": "Outer",
                  "Parallel Aware": true,
                  "Relation Name": "movie_keyword",
                  "Alias": "mk",
                  "Startup Cost": 0.0,
                  "Total Cost": 42695.65,
                  "Plan Rows": 419253,
                  "Plan Width": 0,
                  "Actual Startup Time": 2.359,
                  "Actual Total Time": 116.823,
                  "Actual Rows": 327997,
                  "Actual Loops": 4,
                  "Filter": "(keyword_id > 13391)",
                  "Rows Removed by Filter": 802986
                }
              ]
            }
          ]
        }
      ]
    },
    "Planning Time": 0.192,
    "Triggers": [],
    "Execution Time": 151.765
  }
]