[
  {
    "Plan": {
      "Node Type": "Aggregate",
      "Strategy": "Plain",
      "Partial Mode": "Finalize",
      "Parallel Aware": false,
      "Startup Cost": 46302.95,
      "Total Cost": 46302.96,
      "Plan Rows": 1,
      "Plan Width": 8,
      "Actual Startup Time": 142.514,
      "Actual Total Time": 150.467,
      "Actual Rows": 1,
      "Actual Loops": 1,
      "Plans": [
        {
          "Node Type": "Gather",
          "Parent Relationship": "Outer",
          "Parallel Aware": false,
          "Startup Cost": 46302.64,
          "Total Cost": 46302.95,
          "Plan Rows": 3,
          "Plan Width": 8,
          "Actual Startup Time": 142.43,
          "Actual Total Time": 150.462,
          "Actual Rows": 4,
          "Actual Loops": 1,
          "Workers Planned": 3,
          "Workers Launched": 3,
          "Single Copy": false,
          "Plans": [
            {
              "Node Type": "Aggregate",
              "Strategy": "Plain",
              "Partial Mode": "Partial",
              "Parent Relationship": "Outer",
              "Parallel Aware": false,
              "Startup Cost": 45302.64,
              "Total Cost": 45302.65,
              "Plan Rows": 1,
              "Plan Width": 8,
              "Actual Startup Time": 138.476,
              "Actual Total Time": 138.477,
              "Actual Rows": 1,
              "Actual Loops": 4,
              "Plans": [
                {
                  "Node Type": "Seq Scan",
                  "Parent Relationship": "Outer",
                  "Parallel Aware": true,
                  "Relation Name": "movie_keyword",
                  "Alias": "mk",
                  "Startup Cost": 0.0,
                  "Total Cost": 42695.65,
                  "Plan Rows": 1042793,
                  "Plan Width": 0,
                  "Actual Startup Time": 0.025,
                  "Actual Total Time": 103.619,
                  "Actual Rows": 814503,
                  "Actual Loops": 4,
                  "Filter": "(keyword_id < 14116)",
                  "Rows Removed by Filter": 316480
                }
              ]
            }
          ]
        }
      ]
    },
    "Planning Time": 0.071,
    "Triggers": [],
    "Execution Time": 150.489
  }
]