[
  {
    "Plan": {
      "Node Type": "Aggregate",
      "Strategy": "Plain",
      "Partial Mode": "Finalize",
      "Parallel Aware": false,
      "Startup Cost": 46328.73,
      "Total Cost": 46328.74,
      "Plan Rows": 1,
      "Plan Width": 8,
      "Actual Startup Time": 151.583,
      "Actual Total Time": 161.223,
      "Actual Rows": 1,
      "Actual Loops": 1,
      "Plans": [
        {
          "Node Type": "Gather",
          "Parent Relationship": "Outer",
          "Parallel Aware": false,
          "Startup Cost": 46328.42,
          "Total Cost": 46328.73,
          "Plan Rows": 3,
          "Plan Width": 8,
          "Actual Startup Time": 151.354,
          "Actual Total Time": 161.215,
          "Actual Rows": 4,
          "Actual Loops": 1,
          "Workers Planned": 3,
          "Workers Launched": 3,
          "Single Copy": false,
          "Plans": [
            {
              "Node Type": "Aggregate",
              "Strategy": "Plain",
              "Partial Mode": "Partial",
              "Parent Relationship": "Outer",
              "Parallel Aware": false,
              "Startup Cost": 45328.42,
              "Total Cost": 45328.43,
              "Plan Rows": 1,
              "Plan Width": 8,
              "Actual Startup Time": 145.986,
              "Actual Total Time": 145.987,
              "Actual Rows": 1,
              "Actual Loops": 4,
              "Plans": [
                {
                  "Node Type": "Seq Scan",
                  "Parent Relationship": "Outer",
                  "Parallel Aware": true,
                  "Relation Name": "movie_keyword",
                  "Alias": "mk",
                  "Startup Cost": 0.0,
                  "Total Cost": 42695.65,
                  "Plan Rows": 1053105,
                  "Plan Width": 0,
                  "Actual Startup Time": 0.039,
                  "Actual Total Time": 113.076,
                  "Actual Rows": 814503,
                  "Actual Loops": 4,
                  "Filter": "(keyword_id < 14116)",
                  "Rows Removed by Filter": 316480
                }
              ]
            }
          ]
        }
      ]
    },
    "Planning Time": 0.079,
    "Triggers": [],
    "Execution Time": 161.249
  }
]