[
  {
    "Plan": {
      "Node Type": "Aggregate",
      "Strategy": "Plain",
      "Partial Mode": "Finalize",
      "Parallel Aware": false,
      "Startup Cost": 32899.99,
      "Total Cost": 32900.0,
      "Plan Rows": 1,
      "Plan Width": 8,
      "Actual Startup Time": 90.955,
      "Actual Total Time": 98.271,
      "Actual Rows": 1,
      "Actual Loops": 1,
      "Plans": [
        {
          "Node Type": "Gather",
          "Parent Relationship": "Outer",
          "Parallel Aware": false,
          "Startup Cost": 32899.68,
          "Total Cost": 32899.99,
          "Plan Rows": 3,
          "Plan Width": 8,
          "Actual Startup Time": 90.828,
          "Actual Total Time": 98.26,
          "Actual Rows": 4,
          "Actual Loops": 1,
          "Workers Planned": 3,
          "Workers Launched": 3,
          "Single Copy": false,
          "Plans": [
            {
              "Node Type": "Aggregate",
              "Strategy": "Plain",
              "Partial Mode": "Partial",
              "Parent Relationship": "Outer",
              "Parallel Aware": false,
              "Startup Cost": 31899.68,
              "Total Cost": 31899.69,
              "Plan Rows": 1,
              "Plan Width": 8,
              "Actual Startup Time": 83.821,
              "Actual Total Time": 83.823,
              "Actual Rows": 1,
              "Actual Loops": 4,
              "Plans": [
                {
                  "Node Type": "Seq Scan",
                  "Parent Relationship": "Outer",
                  "Parallel Aware": true,
                  "Relation Name": "movie_companies",
                  "Alias": "mc",
                  "Startup Cost": 0.0,
                  "Total Cost": 31414.82,
                  "Plan Rows": 193943,
                  "Plan Width": 0,
                  "Actual Startup Time": 43.861,
                  "Actual Total Time": 78.672,
                  "Actual Rows": 98197,
                  "Actual Loops": 4,
                  "Filter": "((company_id < 10405) AND (company_type_id = 2))",
                  "Rows Removed by Filter": 554086
                }
              ]
            }
          ]
        }
      ]
    },
    "Planning Time": 0.116,
    "Triggers": [],
    "Execution Time": 98.302
  }
]