[
  {
    "Plan": {
      "Node Type": "Aggregate",
      "Strategy": "Plain",
      "Partial Mode": "Finalize",
      "Parallel Aware": false,
      "Startup Cost": 32901.15,
      "Total Cost": 32901.16,
      "Plan Rows": 1,
      "Plan Width": 8,
      "Actual Startup Time": 85.907,
      "Actual Total Time": 91.581,
      "Actual Rows": 1,
      "Actual Loops": 1,
      "Plans": [
        {
          "Node Type": "Gather",
          "Parent Relationship": "Outer",
          "Parallel Aware": false,
          "Startup Cost": 32900.83,
          "Total Cost": 32901.14,
          "Plan Rows": 3,
          "Plan Width": 8,
          "Actual Startup Time": 85.797,
          "Actual Total Time": 91.576,
          "Actual Rows": 4,
          "Actual Loops": 1,
          "Workers Planned": 3,
          "Workers Launched": 3,
          "Single Copy": false,
          "Plans": [
            {
              "Node Type": "Aggregate",
              "Strategy": "Plain",
              "Partial Mode": "Partial",
              "Parent Relationship": "Outer",
              "Parallel Aware": false,
              "Startup Cost": 31900.83,
              "Total Cost": 31900.84,
              "Plan Rows": 1,
              "Plan Width": 8,
              "Actual Startup Time": 79.259,
              "Actual Total Time": 79.26,
              "Actual Rows": 1,
              "Actual Loops": 4,
              "Plans": [
                {
                  "Node Type": "Seq Scan",
                  "Parent Relationship": "Outer",
                  "Parallel Aware": true,
                  "Relation Name": "movie_companies",
                  "Alias": "mc",
                  "Startup Cost": 0.0,
                  "Total Cost": 31414.82,
                  "Plan Rows": 194405,
                  "Plan Width": 0,
                  "Actual Startup Time": 46.25,
                  "Actual Total Time": 75.244,
                  "Actual Rows": 98197,
                  "Actual Loops": 4,
                  "Filter": "((company_id < 10405) AND (company_type_id = 2))",
                  "Rows Removed by Filter": 554086
                }
              ]
            }
          ]
        }
      ]
    },
    "Planning Time": 0.178,
    "Triggers": [],
    "Execution Time": 91.627
  }
]