[
  {
    "Plan": {
      "Node Type": "Aggregate",
      "Strategy": "Plain",
      "Partial Mode": "Finalize",
      "Parallel Aware": false,
      "Startup Cost": 79455.51,
      "Total Cost": 79455.52,
      "Plan Rows": 1,
      "Plan Width": 8,
      "Actual Startup Time": 234.677,
      "Actual Total Time": 252.411,
      "Actual Rows": 1,
      "Actual Loops": 1,
      "Plans": [
        {
          "Node Type": "Gather",
          "Parent Relationship": "Outer",
          "Parallel Aware": false,
          "Startup Cost": 79455.09,
          "Total Cost": 79455.5,
          "Plan Rows": 4,
          "Plan Width": 8,
          "Actual Startup Time": 232.741,
          "Actual Total Time": 252.4,
          "Actual Rows": 5,
          "Actual Loops": 1,
          "Workers Planned": 4,
          "Workers Launched": 4,
          "Single Copy": false,
          "Plans": [
            {
              "Node Type": "Aggregate",
              "Strategy": "Plain",
              "Partial Mode": "Partial",
              "Parent Relationship": "Outer",
              "Parallel Aware": false,
              "Startup Cost": 78455.09,
              "Total Cost": 78455.1,
              "Plan Rows": 1,
              "Plan Width": 8,
              "Actual Startup Time": 224.766,
              "Actual Total Time": 224.77,
              "Actual Rows": 1,
              "Actual Loops": 5,
              "Plans": [
                {
                  "Node Type": "Hash Join",
                  "Parent Relationship": "Outer",
                  "Parallel Aware": true,
                  "Join Type": "Inner",
                  "Startup Cost": 32566.98,
                  "Total Cost": 78276.51,
                  "Plan Rows": 71434,
                  "Plan Width": 0,
                  "Actual Startup Time": 81.78,
                  "Actual Total Time": 223.153,
                  "Actual Rows": 28882,
                  "Actual Loops": 5,
                  "Inner Unique": false,
                  "Hash Cond": "(t.id = mc.movie_id)",
                  "Plans": [
                    {
                      "Node Type": "Seq Scan",
                      "Parent Relationship": "Outer",
                      "Parallel Aware": true,
                      "Relation Name": "title",
                      "Alias": "t",
                      "Startup Cost": 0.0,
                      "Total Cost": 42318.73,
                      "Plan Rows": 632073,
                      "Plan Width": 4,
                      "Actual Startup Time": 0.016,
                      "Actual Total Time": 67.977,
                      "Actual Rows": 505662,
                      "Actual Loops": 5
                    },
                    {
                      "Node Type": "Hash",
                      "Parent Relationship": "Inner",
                      "Parallel Aware": true,
                      "Startup Cost": 31414.82,
                      "Total Cost": 31414.82,
                      "Plan Rows": 92173,
                      "Plan Width": 4,
                      "Actual Startup Time": 78.79,
                      "Actual Total Time": 78.791,
                      "Actual Rows": 28882,
                      "Actual Loops": 5,
                      "Hash Buckets": 524288,
                      "Original Hash Buckets": 524288,
                      "Hash Batches": 1,
                      "Original Hash Batches": 1,
                      "Peak Memory Usage": 9824,
                      "Plans": [
                        {
                          "Node Type": "Seq Scan",
                          "Parent Relationship": "Outer",
                          "Parallel Aware": true,
                          "Relation Name": "movie_companies",
                          "Alias": "mc",
                          "Startup Cost": 0.0,
                          "Total Cost": 31414.82,
                          "Plan Rows": 92173,
                          "Plan Width": 4,
                          "Actual Startup Time": 41.959,
                          "Actual Total Time": 67.274,
                          "Actual Rows": 28882,
                          "Actual Loops": 5,
                          "Filter": "((company_id < 579) AND (company_type_id = 2))",
                          "Rows Removed by Filter": 492944
                        }
                      ]
                    }
                  ]
                }
              ]
            }
          ]
        }
      ]
    },
    "Planning Time": 0.533,
    "Triggers": [],
    "Execution Time": 252.476
  }
]