[
  {
    "Plan": {
      "Node Type": "Aggregate",
      "Strategy": "Plain",
      "Partial Mode": "Finalize",
      "Parallel Aware": false,
      "Startup Cost": 44424.33,
      "Total Cost": 44424.34,
      "Plan Rows": 1,
      "Plan Width": 8,
      "Actual Startup Time": 140.975,
      "Actual Total Time": 150.555,
      "Actual Rows": 1,
      "Actual Loops": 1,
      "Plans": [
        {
          "Node Type": "Gather",
          "Parent Relationship": "Outer",
          "Parallel Aware": false,
          "Startup Cost": 44424.01,
          "Total Cost": 44424.32,
          "Plan Rows": 3,
          "Plan Width": 8,
          "Actual Startup Time": 140.862,
          "Actual Total Time": 150.545,
          "Actual Rows": 4,
          "Actual Loops": 1,
          "Workers Planned": 3,
          "Workers Launched": 3,
          "Single Copy": false,
          "Plans": [
            {
              "Node Type": "Aggregate",
              "Strategy": "Plain",
              "Partial Mode": "Partial",
              "Parent Relationship": "Outer",
              "Parallel Aware": false,
              "Startup Cost": 43424.01,
              "Total Cost": 43424.02,
              "Plan Rows": 1,
              "Plan Width": 8,
              "Actual Startup Time": 132.528,
              "Actual Total Time": 132.529,
              "Actual Rows": 1,
              "Actual Loops": 4,
              "Plans": [
                {
                  "Node Type": "Seq Scan",
                  "Parent Relationship": "Outer",
                  "Parallel Aware": true,
                  "Relation Name": "movie_keyword",
                  "Alias": "mk",
                  "Startup Cost": 0.0,
                  "Total Cost": 42695.65,
                  "Plan Rows": 291344,
                  "Plan Width": 0,
                  "Actual Startup Time": 4.447,
                  "Actual Total Time": 119.148,
                  "Actual Rows": 223928,
                  "Actual Loops": 4,
                  "Filter": "(keyword_id > 20601)",
                  "Rows Removed by Filter": 907054
                }
              ]
            }
          ]
        }
      ]
    },
    "Planning Time": 0.176,
    "Triggers": [],
    "Execution Time": 150.609
  }
]