{
  "Plan": {
    "Node Type": "Aggregate",
    "Strategy": "Plain",
    "Partial Mode": "Finalize",
    "Parallel Aware": false,
    "Startup Cost": 121201.67,
    "Total Cost": 121201.68,
    "Plan Rows": 1,
    "Plan Width": 8,
    "Actual Startup Time": 495.82,
    "Actual Total Time": 505.702,
    "Actual Rows": 1,
    "Actual Loops": 1,
    "Plans": [
      {
        "Node Type": "Gather",
        "Parent Relationship": "Outer",
        "Parallel Aware": false,
        "Startup Cost": 121201.55,
        "Total Cost": 121201.66,
        "Plan Rows": 1,
        "Plan Width": 8,
        "Actual Startup Time": 495.115,
        "Actual Total Time": 505.695,
        "Actual Rows": 2,
        "Actual Loops": 1,
        "Workers Planned": 1,
        "Workers Launched": 1,
        "Single Copy": false,
        "Plans": [
          {
            "Node Type": "Aggregate",
            "Strategy": "Plain",
            "Partial Mode": "Partial",
            "Parent Relationship": "Outer",
            "Parallel Aware": false,
            "Startup Cost": 120201.55,
            "Total Cost": 120201.56,
            "Plan Rows": 1,
            "Plan Width": 8,
            "Actual Startup Time": 489.334,
            "Actual Total Time": 489.337,
            "Actual Rows": 1,
            "Actual Loops": 2,
            "Plans": [
              {
                "Node Type": "Hash Join",
                "Parent Relationship": "Outer",
                "Parallel Aware": true,
                "Join Type": "Inner",
                "Startup Cost": 57125.63,
                "Total Cost": 119418.95,
                "Plan Rows": 313041,
                "Plan Width": 0,
                "Actual Startup Time": 198.084,
                "Actual Total Time": 470.55,
                "Actual Rows": 469587,
                "Actual Loops": 2,
                "Inner Unique": true,
                "Hash Cond": "(mk.movie_id = t.id)",
                "Plans": [
                  {
                    "Node Type": "Seq Scan",
                    "Parent Relationship": "Outer",
                    "Parallel Aware": true,
                    "Relation Name": "movie_keyword",
                    "Alias": "mk",
                    "Startup Cost": 0.0,
                    "Total Cost": 57718.19,
                    "Plan Rows": 1742901,
                    "Plan Width": 4,
                    "Actual Startup Time": 0.21,
                    "Actual Total Time": 184.666,
                    "Actual Rows": 1473420,
                    "Actual Loops": 2,
                    "Filter": "(keyword_id > 2387)",
                    "Rows Removed by Filter": 788544
                  },
                  {
                    "Node Type": "Hash",
                    "Parent Relationship": "Inner",
                    "Parallel Aware": true,
                    "Startup Cost": 53786.63,
                    "Total Cost": 53786.63,
                    "Plan Rows": 267120,
                    "Plan Width": 4,
                    "Actual Startup Time": 137.338,
                    "Actual Total Time": 137.34,
                    "Actual Rows": 165140,
                    "Actual Loops": 2,
                    "Hash Buckets": 524288,
                    "Original Hash Buckets": 524288,
                    "Hash Batches": 1,
                    "Original Hash Batches": 1,
                    "Peak Memory Usage": 17056,
                    "Plans": [
                      {
                        "Node Type": "Bitmap Heap Scan",
                        "Parent Relationship": "Outer",
                        "Parallel Aware": true,
                        "Relation Name": "title",
                        "Alias": "t",
                        "Startup Cost": 11936.38,
                        "Total Cost": 53786.63,
                        "Plan Rows": 267120,
                        "Plan Width": 4,
                        "Actual Startup Time": 37.155,
                        "Actual Total Time": 101.6,
                        "Actual Rows": 165140,
                        "Actual Loops": 2,
                        "Recheck Cond": "(kind_id = 1)",
                        "Rows Removed by Index Recheck": 0,
                        "Filter": "(production_year > 1991)",
                        "Rows Removed by Filter": 166273,
                        "Exact Heap Blocks": 8237,
                        "Lossy Heap Blocks": 0,
                        "Plans": [
                          {
                            "Node Type": "Bitmap Index Scan",
                            "Parent Relationship": "Outer",
                            "Parallel Aware": false,
                            "Index Name": "kind_id_title",
                            "Startup Cost": 0.0,
                            "Total Cost": 11822.85,
                            "Plan Rows": 663256,
                            "Plan Width": 0,
                            "Actual Startup Time": 35.453,
                            "Actual Total Time": 35.453,
                            "Actual Rows": 662825,
                            "Actual Loops": 1,
                            "Index Cond": "(kind_id = 1)"
                          }
                        ]
                      }
                    ]
                  }
                ]
              }
            ]
          }
        ]
      }
    ]
  },
  "Planning Time": 0.575,
  "Triggers": [],
  "Execution Time": 505.785
}