{
    "Plan": {
        "Node Type": "Aggregate",
        "Strategy": "Plain",
        "Partial Mode": "Simple",
        "Parallel Aware": false,
        "Startup Cost": 3182.05,
        "Total Cost": 3182.06,
        "Plan Rows": 1,
        "Plan Width": 8,
        "Actual Startup Time": 15.833,
        "Actual Total Time": 15.836,
        "Actual Rows": 1,
        "Actual Loops": 1,
        "Output": [
            "count(*)"
        ],
        "Plans": [
            {
                "Node Type": "Nested Loop",
                "Parent Relationship": "Outer",
                "Parallel Aware": false,
                "Join Type": "Inner",
                "Startup Cost": 1.43,
                "Total Cost": 3181.77,
                "Plan Rows": 112,
                "Plan Width": 0,
                "Actual Startup Time": 12.1,
                "Actual Total Time": 15.754,
                "Actual Rows": 370,
                "Actual Loops": 1,
                "Inner Unique": false,
                "Plans": [
                    {
                        "Node Type": "Nested Loop",
                        "Parent Relationship": "Outer",
                        "Parallel Aware": false,
                        "Join Type": "Inner",
                        "Startup Cost": 0.86,
                        "Total Cost": 3029.92,
                        "Plan Rows": 12,
                        "Plan Width": 8,
                        "Actual Startup Time": 12.073,
                        "Actual Total Time": 13.834,
                        "Actual Rows": 8,
                        "Actual Loops": 1,
                        "Output": [
                            "t.id",
                            "mk.movie_id"
                        ],
                        "Inner Unique": true,
                        "Plans": [
                            {
                                "Node Type": "Index Scan",
                                "Parent Relationship": "Outer",
                                "Parallel Aware": false,
                                "Scan Direction": "Forward",
                                "Index Name": "keyword_id_movie_keyword",
                                "Relation Name": "movie_keyword",
                                "Schema": "public",
                                "Alias": "mk",
                                "Startup Cost": 0.43,
                                "Total Cost": 980.12,
                                "Plan Rows": 244,
                                "Plan Width": 4,
                                "Actual Startup Time": 11.863,
                                "Actual Total Time": 12.301,
                                "Actual Rows": 144,
                                "Actual Loops": 1,
                                "Output": [
                                    "mk.id",
                                    "mk.movie_id",
                                    "mk.keyword_id"
                                ],
                                "Index Cond": "(mk.keyword_id = 6625)",
                                "Rows Removed by Index Recheck": 0
                            },
                            {
                                "Node Type": "Index Scan",
                                "Parent Relationship": "Inner",
                                "Parallel Aware": false,
                                "Scan Direction": "Forward",
                                "Index Name": "title_pkey",
                                "Relation Name": "title",
                                "Schema": "public",
                                "Alias": "t",
                                "Startup Cost": 0.43,
                                "Total Cost": 8.4,
                                "Plan Rows": 1,
                                "Plan Width": 4,
                                "Actual Startup Time": 0.01,
                                "Actual Total Time": 0.01,
                                "Actual Rows": 0,
                                "Actual Loops": 144,
                                "Output": [
                                    "t.id",
                                    "t.title",
                                    "t.imdb_index",
                                    "t.kind_id",
                                    "t.production_year",
                                    "t.imdb_id",
                                    "t.phonetic_code",
                                    "t.episode_of_id",
                                    "t.season_nr",
                                    "t.episode_nr",
                                    "t.series_years",
                                    "t.md5sum"
                                ],
                                "Index Cond": "(t.id = mk.movie_id)",
                                "Rows Removed by Index Recheck": 0,
                                "Filter": "(t.production_year = 2008)",
                                "Rows Removed by Filter": 1
                            }
                        ]
                    },
                    {
                        "Node Type": "Index Scan",
                        "Parent Relationship": "Inner",
                        "Parallel Aware": false,
                        "Scan Direction": "Forward",
                        "Index Name": "movie_id_cast_info",
                        "Relation Name": "cast_info",
                        "Schema": "public",
                        "Alias": "ci",
                        "Startup Cost": 0.56,
                        "Total Cost": 12.39,
                        "Plan Rows": 26,
                        "Plan Width": 4,
                        "Actual Startup Time": 0.018,
                        "Actual Total Time": 0.226,
                        "Actual Rows": 46,
                        "Actual Loops": 8,
                        "Output": [
                            "ci.id",
                            "ci.person_id",
                            "ci.movie_id",
                            "ci.person_role_id",
                            "ci.note",
                            "ci.nr_order",
                            "ci.role_id"
                        ],
                        "Index Cond": "(ci.movie_id = t.id)",
                        "Rows Removed by Index Recheck": 0,
                        "Filter": "(ci.role_id < 4)",
                        "Rows Removed by Filter": 28
                    }
                ]
            }
        ]
    },
    "Planning Time": 1.459,
    "Triggers": [],
    "Execution Time": 15.915
}