[
  {
    "Plan": {
      "Node Type": "Aggregate",
      "Strategy": "Plain",
      "Partial Mode": "Finalize",
      "Parallel Aware": false,
      "Startup Cost": 334734.83,
      "Total Cost": 334734.84,
      "Plan Rows": 1,
      "Plan Width": 8,
      "Actual Startup Time": 673.344,
      "Actual Total Time": 732.084,
      "Actual Rows": 1,
      "Actual Loops": 1,
      "Plans": [
        {
          "Node Type": "Gather",
          "Parent Relationship": "Outer",
          "Parallel Aware": false,
          "Startup Cost": 334734.2,
          "Total Cost": 334734.81,
          "Plan Rows": 6,
          "Plan Width": 8,
          "Actual Startup Time": 673.21,
          "Actual Total Time": 732.073,
          "Actual Rows": 7,
          "Actual Loops": 1,
          "Workers Planned": 6,
          "Workers Launched": 6,
          "Single Copy": false,
          "Plans": [
            {
              "Node Type": "Aggregate",
              "Strategy": "Plain",
              "Partial Mode": "Partial",
              "Parent Relationship": "Outer",
              "Parallel Aware": false,
              "Startup Cost": 333734.2,
              "Total Cost": 333734.21,
              "Plan Rows": 1,
              "Plan Width": 8,
              "Actual Startup Time": 663.207,
              "Actual Total Time": 663.208,
              "Actual Rows": 1,
              "Actual Loops": 7,
              "Plans": [
                {
                  "Node Type": "Seq Scan",
                  "Parent Relationship": "Outer",
                  "Parallel Aware": true,
                  "Relation Name": "cast_info",
                  "Alias": "ci",
                  "Startup Cost": 0.0,
                  "Total Cost": 328162.03,
                  "Plan Rows": 2228871,
                  "Plan Width": 0,
                  "Actual Startup Time": 258.367,
                  "Actual Total Time": 580.72,
                  "Actual Rows": 1905589,
                  "Actual Loops": 7,
                  "Filter": "(person_id > 2338681)",
                  "Rows Removed by Filter": 3272174
                }
              ]
            }
          ]
        }
      ]
    },
    "Planning Time": 0.173,
    "Triggers": [],
    "Execution Time": 732.151
  }
]