[
  {
    "Plan": {
      "Node Type": "Aggregate",
      "Strategy": "Plain",
      "Partial Mode": "Finalize",
      "Parallel Aware": false,
      "Startup Cost": 96699.52,
      "Total Cost": 96699.53,
      "Plan Rows": 1,
      "Plan Width": 8,
      "Actual Startup Time": 584.144,
      "Actual Total Time": 601.036,
      "Actual Rows": 1,
      "Actual Loops": 1,
      "Plans": [
        {
          "Node Type": "Gather",
          "Parent Relationship": "Outer",
          "Parallel Aware": false,
          "Startup Cost": 96699.31,
          "Total Cost": 96699.52,
          "Plan Rows": 2,
          "Plan Width": 8,
          "Actual Startup Time": 579.813,
          "Actual Total Time": 601.028,
          "Actual Rows": 3,
          "Actual Loops": 1,
          "Workers Planned": 2,
          "Workers Launched": 2,
          "Single Copy": false,
          "Plans": [
            {
              "Node Type": "Aggregate",
              "Strategy": "Plain",
              "Partial Mode": "Partial",
              "Parent Relationship": "Outer",
              "Parallel Aware": false,
              "Startup Cost": 95699.31,
              "Total Cost": 95699.32,
              "Plan Rows": 1,
              "Plan Width": 8,
              "Actual Startup Time": 573.305,
              "Actual Total Time": 573.801,
              "Actual Rows": 1,
              "Actual Loops": 3,
              "Plans": [
                {
                  "Node Type": "Hash Join",
                  "Parent Relationship": "Outer",
                  "Parallel Aware": true,
                  "Join Type": "Inner",
                  "Startup Cost": 79600.5,
                  "Total Cost": 95570.63,
                  "Plan Rows": 51472,
                  "Plan Width": 0,
                  "Actual Startup Time": 449.373,
                  "Actual Total Time": 563.573,
                  "Actual Rows": 237446,
                  "Actual Loops": 3,
                  "Inner Unique": false,
                  "Hash Cond": "(mi_idx.movie_id = t.id)",
                  "Plans": [
                    {
                      "Node Type": "Seq Scan",
                      "Parent Relationship": "Outer",
                      "Parallel Aware": true,
                      "Relation Name": "movie_info_idx",
                      "Alias": "mi_idx",
                      "Startup Cost": 0.0,
                      "Total Cost": 13685.15,
                      "Plan Rows": 575015,
                      "Plan Width": 4,
                      "Actual Startup Time": 0.026,
                      "Actual Total Time": 36.579,
                      "Actual Rows": 460012,
                      "Actual Loops": 3
                    },
                    {
                      "Node Type": "Hash",
                      "Parent Relationship": "Inner",
                      "Parallel Aware": true,
                      "Startup Cost": 78893.25,
                      "Total Cost": 78893.25,
                      "Plan Rows": 56580,
                      "Plan Width": 8,
                      "Actual Startup Time": 446.622,
                      "Actual Total Time": 447.116,
                      "Actual Rows": 131060,
                      "Actual Loops": 3,
                      "Hash Buckets": 524288,
                      "Original Hash Buckets": 262144,
                      "Hash Batches": 1,
                      "Original Hash Batches": 1,
                      "Peak Memory Usage": 21568,
                      "Plans": [
                        {
                          "Node Type": "Hash Join",
                          "Parent Relationship": "Outer",
                          "Parallel Aware": true,
                          "Join Type": "Inner",
                          "Startup Cost": 33141.63,
                          "Total Cost": 78893.25,
                          "Plan Rows": 56580,
                          "Plan Width": 8,
                          "Actual Startup Time": 163.849,
                          "Actual Total Time": 406.089,
                          "Actual Rows": 131060,
                          "Actual Loops": 3,
                          "Inner Unique": false,
                          "Hash Cond": "(t.id = mc.movie_id)",
                          "Plans": [
                            {
                              "Node Type": "Seq Scan",
                              "Parent Relationship": "Outer",
                              "Parallel Aware": true,
                              "Relation Name": "title",
                              "Alias": "t",
                              "Startup Cost": 0.0,
                              "Total Cost": 43898.92,
                              "Plan Rows": 334036,
                              "Plan Width": 4,
                              "Actual Startup Time": 0.011,
                              "Actual Total Time": 114.098,
                              "Actual Rows": 449431,
                              "Actual Loops": 3,
                              "Filter": "(production_year < 2005)",
                              "Rows Removed by Filter": 393340
                            },
                            {
                              "Node Type": "Hash",
                              "Parent Relationship": "Inner",
                              "Parallel Aware": true,
                              "Startup Cost": 31414.82,
                              "Total Cost": 31414.82,
                              "Plan Rows": 138145,
                              "Plan Width": 4,
                              "Actual Startup Time": 161.265,
                              "Actual Total Time": 161.266,
                              "Actual Rows": 203835,
                              "Actual Loops": 3,
                              "Hash Buckets": 1048576,
                              "Original Hash Buckets": 524288,
                              "Hash Batches": 1,
                              "Original Hash Batches": 1,
                              "Peak Memory Usage": 36288,
                              "Plans": [
                                {
                                  "Node Type": "Seq Scan",
                                  "Parent Relationship": "Outer",
                                  "Parallel Aware": true,
                                  "Relation Name": "movie_companies",
                                  "Alias": "mc",
                                  "Startup Cost": 0.0,
                                  "Total Cost": 31414.82,
                                  "Plan Rows": 138145,
                                  "Plan Width": 4,
                                  "Actual Startup Time": 0.041,
                                  "Actual Total Time": 91.199,
                                  "Actual Rows": 203835,
                                  "Actual Loops": 3,
                                  "Filter": "((company_id < 2561) AND (company_type_id < 2))",
                                  "Rows Removed by Filter": 665874
                                }
                              ]
                            }
                          ]
                        }
                      ]
                    }
                  ]
                }
              ]
            }
          ]
        }
      ]
    },
    "Planning Time": 0.849,
    "Triggers": [],
    "Execution Time": 601.1
  }
]