{
    "Plan": {
        "Node Type": "Aggregate",
        "Strategy": "Plain",
        "Partial Mode": "Finalize",
        "Parallel Aware": false,
        "Startup Cost": 328734.49,
        "Total Cost": 328734.5,
        "Plan Rows": 1,
        "Plan Width": 8,
        "Actual Startup Time": 2288.226,
        "Actual Total Time": 2398.256,
        "Actual Rows": 1,
        "Actual Loops": 1,
        "Output": [
            "count(*)"
        ],
        "Plans": [
            {
                "Node Type": "Gather",
                "Parent Relationship": "Outer",
                "Parallel Aware": false,
                "Startup Cost": 328733.97,
                "Total Cost": 328734.48,
                "Plan Rows": 5,
                "Plan Width": 8,
                "Actual Startup Time": 2285.292,
                "Actual Total Time": 2398.244,
                "Actual Rows": 6,
                "Actual Loops": 1,
                "Output": [
                    "(PARTIAL count(*))"
                ],
                "Workers Planned": 5,
                "Workers Launched": 5,
                "Single Copy": false,
                "Plans": [
                    {
                        "Node Type": "Aggregate",
                        "Strategy": "Plain",
                        "Partial Mode": "Partial",
                        "Parent Relationship": "Outer",
                        "Parallel Aware": false,
                        "Startup Cost": 327733.97,
                        "Total Cost": 327733.98,
                        "Plan Rows": 1,
                        "Plan Width": 8,
                        "Actual Startup Time": 2274.405,
                        "Actual Total Time": 2274.409,
                        "Actual Rows": 1,
                        "Actual Loops": 6,
                        "Output": [
                            "PARTIAL count(*)"
                        ],
                        "Workers": [
                            {
                                "Worker Number": 0,
                                "Actual Startup Time": 2272.02,
                                "Actual Total Time": 2272.025,
                                "Actual Rows": 1,
                                "Actual Loops": 1
                            },
                            {
                                "Worker Number": 1,
                                "Actual Startup Time": 2272.241,
                                "Actual Total Time": 2272.245,
                                "Actual Rows": 1,
                                "Actual Loops": 1
                            },
                            {
                                "Worker Number": 2,
                                "Actual Startup Time": 2272.252,
                                "Actual Total Time": 2272.256,
                                "Actual Rows": 1,
                                "Actual Loops": 1
                            },
                            {
                                "Worker Number": 3,
                                "Actual Startup Time": 2272.911,
                                "Actual Total Time": 2272.915,
                                "Actual Rows": 1,
                                "Actual Loops": 1
                            },
                            {
                                "Worker Number": 4,
                                "Actual Startup Time": 2272.672,
                                "Actual Total Time": 2272.677,
                                "Actual Rows": 1,
                                "Actual Loops": 1
                            }
                        ],
                        "Plans": [
                            {
                                "Node Type": "Nested Loop",
                                "Parent Relationship": "Outer",
                                "Parallel Aware": false,
                                "Join Type": "Inner",
                                "Startup Cost": 46446.75,
                                "Total Cost": 327364.34,
                                "Plan Rows": 147853,
                                "Plan Width": 0,
                                "Actual Startup Time": 275.153,
                                "Actual Total Time": 2240.686,
                                "Actual Rows": 706941,
                                "Actual Loops": 6,
                                "Inner Unique": false,
                                "Join Filter": "(t.id = ci.movie_id)",
                                "Rows Removed by Join Filter": 0,
                                "Workers": [
                                    {
                                        "Worker Number": 0,
                                        "Actual Startup Time": 272.437,
                                        "Actual Total Time": 2238.726,
                                        "Actual Rows": 744423,
                                        "Actual Loops": 1
                                    },
                                    {
                                        "Worker Number": 1,
                                        "Actual Startup Time": 273.405,
                                        "Actual Total Time": 2235.567,
                                        "Actual Rows": 564261,
                                        "Actual Loops": 1
                                    },
                                    {
                                        "Worker Number": 2,
                                        "Actual Startup Time": 273.519,
                                        "Actual Total Time": 2238.745,
                                        "Actual Rows": 749013,
                                        "Actual Loops": 1
                                    },
                                    {
                                        "Worker Number": 3,
                                        "Actual Startup Time": 272.439,
                                        "Actual Total Time": 2242.545,
                                        "Actual Rows": 666657,
                                        "Actual Loops": 1
                                    },
                                    {
                                        "Worker Number": 4,
                                        "Actual Startup Time": 274.767,
                                        "Actual Total Time": 2243.311,
                                        "Actual Rows": 640869,
                                        "Actual Loops": 1
                                    }
                                ],
                                "Plans": [
                                    {
                                        "Node Type": "Hash Join",
                                        "Parent Relationship": "Outer",
                                        "Parallel Aware": true,
                                        "Join Type": "Inner",
                                        "Startup Cost": 46446.18,
                                        "Total Cost": 245955.11,
                                        "Plan Rows": 29288,
                                        "Plan Width": 8,
                                        "Actual Startup Time": 275.073,
                                        "Actual Total Time": 431.557,
                                        "Actual Rows": 42024,
                                        "Actual Loops": 6,
                                        "Output": [
                                            "t.id",
                                            "mi.movie_id"
                                        ],
                                        "Inner Unique": true,
                                        "Hash Cond": "(mi.movie_id = t.id)",
                                        "Workers": [
                                            {
                                                "Worker Number": 0,
                                                "Actual Startup Time": 272.343,
                                                "Actual Total Time": 430.251,
                                                "Actual Rows": 45207,
                                                "Actual Loops": 1
                                            },
                                            {
                                                "Worker Number": 1,
                                                "Actual Startup Time": 273.307,
                                                "Actual Total Time": 430.012,
                                                "Actual Rows": 37012,
                                                "Actual Loops": 1
                                            },
                                            {
                                                "Worker Number": 2,
                                                "Actual Startup Time": 273.444,
                                                "Actual Total Time": 431.008,
                                                "Actual Rows": 44874,
                                                "Actual Loops": 1
                                            },
                                            {
                                                "Worker Number": 3,
                                                "Actual Startup Time": 272.34,
                                                "Actual Total Time": 429.625,
                                                "Actual Rows": 36258,
                                                "Actual Loops": 1
                                            },
                                            {
                                                "Worker Number": 4,
                                                "Actual Startup Time": 274.687,
                                                "Actual Total Time": 429.512,
                                                "Actual Rows": 37619,
                                                "Actual Loops": 1
                                            }
                                        ],
                                        "Plans": [
                                            {
                                                "Node Type": "Seq Scan",
                                                "Parent Relationship": "Outer",
                                                "Parallel Aware": true,
                                                "Relation Name": "movie_info",
                                                "Schema": "public",
                                                "Alias": "mi",
                                                "Startup Cost": 0.0,
                                                "Total Cost": 198880.74,
                                                "Plan Rows": 239311,
                                                "Plan Width": 4,
                                                "Actual Startup Time": 166.323,
                                                "Actual Total Time": 281.715,
                                                "Actual Rows": 200785,
                                                "Actual Loops": 6,
                                                "Output": [
                                                    "mi.id",
                                                    "mi.movie_id",
                                                    "mi.info_type_id",
                                                    "mi.info",
                                                    "mi.note"
                                                ],
                                                "Filter": "(mi.info_type_id > 18)",
                                                "Rows Removed by Filter": 2271835,
                                                "Workers": [
                                                    {
                                                        "Worker Number": 0,
                                                        "Actual Startup Time": 166.311,
                                                        "Actual Total Time": 283.669,
                                                        "Actual Rows": 202874,
                                                        "Actual Loops": 1
                                                    },
                                                    {
                                                        "Worker Number": 1,
                                                        "Actual Startup Time": 166.296,
                                                        "Actual Total Time": 284.339,
                                                        "Actual Rows": 175436,
                                                        "Actual Loops": 1
                                                    },
                                                    {
                                                        "Worker Number": 2,
                                                        "Actual Startup Time": 166.281,
                                                        "Actual Total Time": 283.171,
                                                        "Actual Rows": 200308,
                                                        "Actual Loops": 1
                                                    },
                                                    {
                                                        "Worker Number": 3,
                                                        "Actual Startup Time": 166.44,
                                                        "Actual Total Time": 283.431,
                                                        "Actual Rows": 180425,
                                                        "Actual Loops": 1
                                                    },
                                                    {
                                                        "Worker Number": 4,
                                                        "Actual Startup Time": 166.326,
                                                        "Actual Total Time": 283.119,
                                                        "Actual Rows": 177970,
                                                        "Actual Loops": 1
                                                    }
                                                ]
                                            },
                                            {
                                                "Node Type": "Hash",
                                                "Parent Relationship": "Inner",
                                                "Parallel Aware": true,
                                                "Startup Cost": 45479.21,
                                                "Total Cost": 45479.21,
                                                "Plan Rows": 77358,
                                                "Plan Width": 4,
                                                "Actual Startup Time": 95.781,
                                                "Actual Total Time": 95.782,
                                                "Actual Rows": 44433,
                                                "Actual Loops": 6,
                                                "Output": [
                                                    "t.id"
                                                ],
                                                "Hash Buckets": 524288,
                                                "Original Hash Buckets": 524288,
                                                "Hash Batches": 1,
                                                "Original Hash Batches": 1,
                                                "Peak Memory Usage": 14656,
                                                "Workers": [
                                                    {
                                                        "Worker Number": 0,
                                                        "Actual Startup Time": 95.732,
                                                        "Actual Total Time": 95.733,
                                                        "Actual Rows": 46212,
                                                        "Actual Loops": 1
                                                    },
                                                    {
                                                        "Worker Number": 1,
                                                        "Actual Startup Time": 95.874,
                                                        "Actual Total Time": 95.876,
                                                        "Actual Rows": 33210,
                                                        "Actual Loops": 1
                                                    },
                                                    {
                                                        "Worker Number": 2,
                                                        "Actual Startup Time": 95.877,
                                                        "Actual Total Time": 95.878,
                                                        "Actual Rows": 46280,
                                                        "Actual Loops": 1
                                                    },
                                                    {
                                                        "Worker Number": 3,
                                                        "Actual Startup Time": 96.276,
                                                        "Actual Total Time": 96.277,
                                                        "Actual Rows": 41051,
                                                        "Actual Loops": 1
                                                    },
                                                    {
                                                        "Worker Number": 4,
                                                        "Actual Startup Time": 96.268,
                                                        "Actual Total Time": 96.27,
                                                        "Actual Rows": 40943,
                                                        "Actual Loops": 1
                                                    }
                                                ],
                                                "Plans": [
                                                    {
                                                        "Node Type": "Seq Scan",
                                                        "Parent Relationship": "Outer",
                                                        "Parallel Aware": true,
                                                        "Relation Name": "title",
                                                        "Schema": "public",
                                                        "Alias": "t",
                                                        "Startup Cost": 0.0,
                                                        "Total Cost": 45479.21,
                                                        "Plan Rows": 77358,
                                                        "Plan Width": 4,
                                                        "Actual Startup Time": 0.124,
                                                        "Actual Total Time": 76.232,
                                                        "Actual Rows": 44433,
                                                        "Actual Loops": 6,
                                                        "Output": [
                                                            "t.id"
                                                        ],
                                                        "Filter": "((t.kind_id < 7) AND (t.production_year > 2007))",
                                                        "Rows Removed by Filter": 376952,
                                                        "Workers": [
                                                            {
                                                                "Worker Number": 0,
                                                                "Actual Startup Time": 0.064,
                                                                "Actual Total Time": 76.201,
                                                                "Actual Rows": 46212,
                                                                "Actual Loops": 1
                                                            },
                                                            {
                                                                "Worker Number": 1,
                                                                "Actual Startup Time": 0.102,
                                                                "Actual Total Time": 77.535,
                                                                "Actual Rows": 33210,
                                                                "Actual Loops": 1
                                                            },
                                                            {
                                                                "Worker Number": 2,
                                                                "Actual Startup Time": 0.184,
                                                                "Actual Total Time": 76.522,
                                                                "Actual Rows": 46280,
                                                                "Actual Loops": 1
                                                            },
                                                            {
                                                                "Worker Number": 3,
                                                                "Actual Startup Time": 0.09,
                                                                "Actual Total Time": 76.06,
                                                                "Actual Rows": 41051,
                                                                "Actual Loops": 1
                                                            },
                                                            {
                                                                "Worker Number": 4,
                                                                "Actual Startup Time": 0.227,
                                                                "Actual Total Time": 76.208,
                                                                "Actual Rows": 40943,
                                                                "Actual Loops": 1
                                                            }
                                                        ]
                                                    }
                                                ]
                                            }
                                        ]
                                    },
                                    {
                                        "Node Type": "Index Scan",
                                        "Parent Relationship": "Inner",
                                        "Parallel Aware": false,
                                        "Scan Direction": "Forward",
                                        "Index Name": "movie_id_cast_info",
                                        "Relation Name": "cast_info",
                                        "Schema": "public",
                                        "Alias": "ci",
                                        "Startup Cost": 0.56,
                                        "Total Cost": 2.6,
                                        "Plan Rows": 14,
                                        "Plan Width": 4,
                                        "Actual Startup Time": 0.006,
                                        "Actual Total Time": 0.041,
                                        "Actual Rows": 17,
                                        "Actual Loops": 252144,
                                        "Output": [
                                            "ci.id",
                                            "ci.person_id",
                                            "ci.movie_id",
                                            "ci.person_role_id",
                                            "ci.note",
                                            "ci.nr_order",
                                            "ci.role_id"
                                        ],
                                        "Index Cond": "(ci.movie_id = mi.movie_id)",
                                        "Rows Removed by Index Recheck": 0,
                                        "Filter": "(ci.role_id = 1)",
                                        "Rows Removed by Filter": 41,
                                        "Workers": [
                                            {
                                                "Worker Number": 0,
                                                "Actual Startup Time": 0.006,
                                                "Actual Total Time": 0.038,
                                                "Actual Rows": 16,
                                                "Actual Loops": 45207
                                            },
                                            {
                                                "Worker Number": 1,
                                                "Actual Startup Time": 0.007,
                                                "Actual Total Time": 0.047,
                                                "Actual Rows": 15,
                                                "Actual Loops": 37012
                                            },
                                            {
                                                "Worker Number": 2,
                                                "Actual Startup Time": 0.006,
                                                "Actual Total Time": 0.039,
                                                "Actual Rows": 17,
                                                "Actual Loops": 44874
                                            },
                                            {
                                                "Worker Number": 3,
                                                "Actual Startup Time": 0.007,
                                                "Actual Total Time": 0.048,
                                                "Actual Rows": 18,
                                                "Actual Loops": 36258
                                            },
                                            {
                                                "Worker Number": 4,
                                                "Actual Startup Time": 0.007,
                                                "Actual Total Time": 0.047,
                                                "Actual Rows": 17,
                                                "Actual Loops": 37619
                                            }
                                        ]
                                    }
                                ]
                            }
                        ]
                    }
                ]
            }
        ]
    },
    "Planning Time": 1.579,
    "Triggers": [],
    "Execution Time": 2398.367
}