[
  {
    "Plan": {
      "Node Type": "Aggregate",
      "Strategy": "Plain",
      "Partial Mode": "Finalize",
      "Parallel Aware": false,
      "Startup Cost": 339146.32,
      "Total Cost": 339146.33,
      "Plan Rows": 1,
      "Plan Width": 8,
      "Actual Startup Time": 766.016,
      "Actual Total Time": 808.201,
      "Actual Rows": 1,
      "Actual Loops": 1,
      "Plans": [
        {
          "Node Type": "Gather",
          "Parent Relationship": "Outer",
          "Parallel Aware": false,
          "Startup Cost": 339145.69,
          "Total Cost": 339146.3,
          "Plan Rows": 6,
          "Plan Width": 8,
          "Actual Startup Time": 765.68,
          "Actual Total Time": 808.184,
          "Actual Rows": 7,
          "Actual Loops": 1,
          "Workers Planned": 6,
          "Workers Launched": 6,
          "Single Copy": false,
          "Plans": [
            {
              "Node Type": "Aggregate",
              "Strategy": "Plain",
              "Partial Mode": "Partial",
              "Parent Relationship": "Outer",
              "Parallel Aware": false,
              "Startup Cost": 338145.69,
              "Total Cost": 338145.7,
              "Plan Rows": 1,
              "Plan Width": 8,
              "Actual Startup Time": 759.395,
              "Actual Total Time": 759.398,
              "Actual Rows": 1,
              "Actual Loops": 7,
              "Plans": [
                {
                  "Node Type": "Seq Scan",
                  "Parent Relationship": "Outer",
                  "Parallel Aware": true,
                  "Relation Name": "cast_info",
                  "Alias": "ci",
                  "Startup Cost": 0.0,
                  "Total Cost": 328211.39,
                  "Plan Rows": 3973720,
                  "Plan Width": 0,
                  "Actual Startup Time": 0.037,
                  "Actual Total Time": 603.48,
                  "Actual Rows": 3427562,
                  "Actual Loops": 7,
                  "Filter": "(person_id < 2460897)",
                  "Rows Removed by Filter": 1750201
                }
              ]
            }
          ]
        }
      ]
    },
    "Planning Time": 0.166,
    "Triggers": [],
    "Execution Time": 808.262
  }
]