[
  {
    "Plan": {
      "Node Type": "Aggregate",
      "Strategy": "Plain",
      "Partial Mode": "Finalize",
      "Parallel Aware": false,
      "Startup Cost": 339140.81,
      "Total Cost": 339140.82,
      "Plan Rows": 1,
      "Plan Width": 8,
      "Actual Startup Time": 873.356,
      "Actual Total Time": 937.236,
      "Actual Rows": 1,
      "Actual Loops": 1,
      "Plans": [
        {
          "Node Type": "Gather",
          "Parent Relationship": "Outer",
          "Parallel Aware": false,
          "Startup Cost": 339140.19,
          "Total Cost": 339140.8,
          "Plan Rows": 6,
          "Plan Width": 8,
          "Actual Startup Time": 873.239,
          "Actual Total Time": 937.226,
          "Actual Rows": 7,
          "Actual Loops": 1,
          "Workers Planned": 6,
          "Workers Launched": 6,
          "Single Copy": false,
          "Plans": [
            {
              "Node Type": "Aggregate",
              "Strategy": "Plain",
              "Partial Mode": "Partial",
              "Parent Relationship": "Outer",
              "Parallel Aware": false,
              "Startup Cost": 338140.19,
              "Total Cost": 338140.2,
              "Plan Rows": 1,
              "Plan Width": 8,
              "Actual Startup Time": 862.974,
              "Actual Total Time": 862.975,
              "Actual Rows": 1,
              "Actual Loops": 7,
              "Plans": [
                {
                  "Node Type": "Seq Scan",
                  "Parent Relationship": "Outer",
                  "Parallel Aware": true,
                  "Relation Name": "cast_info",
                  "Alias": "ci",
                  "Startup Cost": 0.0,
                  "Total Cost": 328162.03,
                  "Plan Rows": 3991265,
                  "Plan Width": 0,
                  "Actual Startup Time": 0.059,
                  "Actual Total Time": 692.532,
                  "Actual Rows": 3427562,
                  "Actual Loops": 7,
                  "Filter": "(person_id < 2460897)",
                  "Rows Removed by Filter": 1750201
                }
              ]
            }
          ]
        }
      ]
    },
    "Planning Time": 0.178,
    "Triggers": [],
    "Execution Time": 937.305
  }
]