{
  "Plan": {
    "Node Type": "Aggregate",
    "Strategy": "Plain",
    "Partial Mode": "Finalize",
    "Parallel Aware": false,
    "Startup Cost": 186894.59,
    "Total Cost": 186894.6,
    "Plan Rows": 1,
    "Plan Width": 8,
    "Actual Startup Time": 1311.169,
    "Actual Total Time": 1332.428,
    "Actual Rows": 1,
    "Actual Loops": 1,
    "Plans": [
      {
        "Node Type": "Gather",
        "Parent Relationship": "Outer",
        "Parallel Aware": false,
        "Startup Cost": 186894.47,
        "Total Cost": 186894.58,
        "Plan Rows": 1,
        "Plan Width": 8,
        "Actual Startup Time": 1308.647,
        "Actual Total Time": 1332.419,
        "Actual Rows": 2,
        "Actual Loops": 1,
        "Workers Planned": 1,
        "Workers Launched": 1,
        "Single Copy": false,
        "Plans": [
          {
            "Node Type": "Aggregate",
            "Strategy": "Plain",
            "Partial Mode": "Partial",
            "Parent Relationship": "Outer",
            "Parallel Aware": false,
            "Startup Cost": 185894.47,
            "Total Cost": 185894.48,
            "Plan Rows": 1,
            "Plan Width": 8,
            "Actual Startup Time": 1302.82,
            "Actual Total Time": 1303.109,
            "Actual Rows": 1,
            "Actual Loops": 2,
            "Plans": [
              {
                "Node Type": "Hash Join",
                "Parent Relationship": "Outer",
                "Parallel Aware": true,
                "Join Type": "Inner",
                "Startup Cost": 113189.1,
                "Total Cost": 184316.49,
                "Plan Rows": 631195,
                "Plan Width": 0,
                "Actual Startup Time": 730.622,
                "Actual Total Time": 1250.338,
                "Actual Rows": 1040122,
                "Actual Loops": 2,
                "Inner Unique": false,
                "Hash Cond": "(mk.movie_id = t.id)",
                "Plans": [
                  {
                    "Node Type": "Seq Scan",
                    "Parent Relationship": "Outer",
                    "Parallel Aware": true,
                    "Relation Name": "movie_keyword",
                    "Alias": "mk",
                    "Startup Cost": 0.0,
                    "Total Cost": 57718.19,
                    "Plan Rows": 2585677,
                    "Plan Width": 4,
                    "Actual Startup Time": 0.02,
                    "Actual Total Time": 240.433,
                    "Actual Rows": 2199744,
                    "Actual Loops": 2,
                    "Filter": "(keyword_id < 77261)",
                    "Rows Removed by Filter": 62221
                  },
                  {
                    "Node Type": "Hash",
                    "Parent Relationship": "Inner",
                    "Parallel Aware": true,
                    "Startup Cost": 108650.96,
                    "Total Cost": 108650.96,
                    "Plan Rows": 363051,
                    "Plan Width": 8,
                    "Actual Startup Time": 721.473,
                    "Actual Total Time": 721.761,
                    "Actual Rows": 199648,
                    "Actual Loops": 2,
                    "Hash Buckets": 1048576,
                    "Original Hash Buckets": 1048576,
                    "Hash Batches": 1,
                    "Original Hash Batches": 1,
                    "Peak Memory Usage": 23840,
                    "Plans": [
                      {
                        "Node Type": "Hash Join",
                        "Parent Relationship": "Outer",
                        "Parallel Aware": true,
                        "Join Type": "Inner",
                        "Startup Cost": 46349.86,
                        "Total Cost": 108650.96,
                        "Plan Rows": 363051,
                        "Plan Width": 8,
                        "Actual Startup Time": 212.948,
                        "Actual Total Time": 654.326,
                        "Actual Rows": 199648,
                        "Actual Loops": 2,
                        "Inner Unique": false,
                        "Hash Cond": "(t.id = mc.movie_id)",
                        "Plans": [
                          {
                            "Node Type": "Seq Scan",
                            "Parent Relationship": "Outer",
                            "Parallel Aware": true,
                            "Relation Name": "title",
                            "Alias": "t",
                            "Startup Cost": 0.0,
                            "Total Cost": 50870.31,
                            "Plan Rows": 1487231,
                            "Plan Width": 4,
                            "Actual Startup Time": 0.01,
                            "Actual Total Time": 146.243,
                            "Actual Rows": 1264156,
                            "Actual Loops": 2
                          },
                          {
                            "Node Type": "Hash",
                            "Parent Relationship": "Inner",
                            "Parallel Aware": true,
                            "Startup Cost": 41811.73,
                            "Total Cost": 41811.73,
                            "Plan Rows": 363051,
                            "Plan Width": 4,
                            "Actual Startup Time": 207.406,
                            "Actual Total Time": 207.407,
                            "Actual Rows": 199648,
                            "Actual Loops": 2,
                            "Hash Buckets": 1048576,
                            "Original Hash Buckets": 1048576,
                            "Hash Batches": 1,
                            "Original Hash Batches": 1,
                            "Peak Memory Usage": 23840,
                            "Plans": [
                              {
                                "Node Type": "Seq Scan",
                                "Parent Relationship": "Outer",
                                "Parallel Aware": true,
                                "Relation Name": "movie_companies",
                                "Alias": "mc",
                                "Startup Cost": 0.0,
                                "Total Cost": 41811.73,
                                "Plan Rows": 363051,
                                "Plan Width": 4,
                                "Actual Startup Time": 72.068,
                                "Actual Total Time": 146.186,
                                "Actual Rows": 199648,
                                "Actual Loops": 2,
                                "Filter": "((company_id < 11137) AND (company_type_id > 1))",
                                "Rows Removed by Filter": 1104916
                              }
                            ]
                          }
                        ]
                      }
                    ]
                  }
                ]
              }
            ]
          }
        ]
      }
    ]
  },
  "Planning Time": 1.087,
  "Triggers": [],
  "Execution Time": 1332.515
}