[
    {
        "Bao": {
            "Bao prediction": "NaN",
            "Bao recommended hint": "(no hint)"
        }
    },
    {
        "Plan": {
            "Node Type": "Aggregate",
            "Strategy": "Plain",
            "Partial Mode": "Simple",
            "Parallel Aware": false,
            "Startup Cost": 27746.41,
            "Total Cost": 27746.42,
            "Plan Rows": 1,
            "Plan Width": 8,
            "Actual Startup Time": 58.599,
            "Actual Total Time": 58.6,
            "Actual Rows": 1,
            "Actual Loops": 1,
            "Output": [
                "count(*)"
            ],
            "Plans": [
                {
                    "Node Type": "Bitmap Heap Scan",
                    "Parent Relationship": "Outer",
                    "Parallel Aware": false,
                    "Relation Name": "movie_keyword",
                    "Schema": "public",
                    "Alias": "mk",
                    "Startup Cost": 1928.91,
                    "Total Cost": 27519.16,
                    "Plan Rows": 90900,
                    "Plan Width": 0,
                    "Actual Startup Time": 18.15,
                    "Actual Total Time": 54.484,
                    "Actual Rows": 94902,
                    "Actual Loops": 1,
                    "Recheck Cond": "(mk.keyword_id < 85)",
                    "Rows Removed by Index Recheck": 0,
                    "Exact Heap Blocks": 21286,
                    "Lossy Heap Blocks": 0,
                    "Plans": [
                        {
                            "Node Type": "Bitmap Index Scan",
                            "Parent Relationship": "Outer",
                            "Parallel Aware": false,
                            "Index Name": "keyword_id_movie_keyword",
                            "Startup Cost": 0.0,
                            "Total Cost": 1906.18,
                            "Plan Rows": 90900,
                            "Plan Width": 0,
                            "Actual Startup Time": 13.714,
                            "Actual Total Time": 13.715,
                            "Actual Rows": 94902,
                            "Actual Loops": 1,
                            "Index Cond": "(mk.keyword_id < 85)"
                        }
                    ]
                }
            ]
        },
        "Planning Time": 208.837,
        "Triggers": [],
        "Execution Time": 58.745
    }
]