{
  "Plan": {
    "Node Type": "Aggregate",
    "Strategy": "Plain",
    "Partial Mode": "Finalize",
    "Parallel Aware": false,
    "Startup Cost": 330050.1,
    "Total Cost": 330050.11,
    "Plan Rows": 1,
    "Plan Width": 8,
    "Actual Startup Time": 839.812,
    "Actual Total Time": 868.074,
    "Actual Rows": 1,
    "Actual Loops": 1,
    "Plans": [
      {
        "Node Type": "Gather",
        "Parent Relationship": "Outer",
        "Parallel Aware": false,
        "Startup Cost": 330049.99,
        "Total Cost": 330050.1,
        "Plan Rows": 1,
        "Plan Width": 8,
        "Actual Startup Time": 774.207,
        "Actual Total Time": 868.057,
        "Actual Rows": 2,
        "Actual Loops": 1,
        "Workers Planned": 1,
        "Workers Launched": 1,
        "Single Copy": false,
        "Plans": [
          {
            "Node Type": "Aggregate",
            "Strategy": "Plain",
            "Partial Mode": "Partial",
            "Parent Relationship": "Outer",
            "Parallel Aware": false,
            "Startup Cost": 329049.99,
            "Total Cost": 329050.0,
            "Plan Rows": 1,
            "Plan Width": 8,
            "Actual Startup Time": 795.52,
            "Actual Total Time": 795.531,
            "Actual Rows": 1,
            "Actual Loops": 2,
            "Plans": [
              {
                "Node Type": "Merge Join",
                "Parent Relationship": "Outer",
                "Parallel Aware": false,
                "Join Type": "Inner",
                "Startup Cost": 324860.58,
                "Total Cost": 328926.07,
                "Plan Rows": 49568,
                "Plan Width": 0,
                "Actual Startup Time": 777.268,
                "Actual Total Time": 795.498,
                "Actual Rows": 452,
                "Actual Loops": 2,
                "Inner Unique": false,
                "Merge Cond": "(t.id = mi.movie_id)",
                "Plans": [
                  {
                    "Node Type": "Sort",
                    "Parent Relationship": "Outer",
                    "Parallel Aware": false,
                    "Startup Cost": 123400.91,
                    "Total Cost": 124411.68,
                    "Plan Rows": 404311,
                    "Plan Width": 8,
                    "Actual Startup Time": 642.862,
                    "Actual Total Time": 650.577,
                    "Actual Rows": 188942,
                    "Actual Loops": 2,
                    "Sort Key": [
                      "t.id"
                    ],
                    "Sort Method": "quicksort",
                    "Sort Space Used": 16763,
                    "Sort Space Type": "Memory",
                    "Workers": [
                      {
                        "Worker Number": 0,
                        "Sort Method": "quicksort",
                        "Sort Space Used": 13240,
                        "Sort Space Type": "Memory"
                      }
                    ],
                    "Plans": [
                      {
                        "Node Type": "Hash Join",
                        "Parent Relationship": "Outer",
                        "Parallel Aware": true,
                        "Join Type": "Inner",
                        "Startup Cost": 67565.44,
                        "Total Cost": 85749.23,
                        "Plan Rows": 404311,
                        "Plan Width": 8,
                        "Actual Startup Time": 400.165,
                        "Actual Total Time": 598.58,
                        "Actual Rows": 188942,
                        "Actual Loops": 2,
                        "Inner Unique": true,
                        "Hash Cond": "(mi_idx.movie_id = t.id)",
                        "Plans": [
                          {
                            "Node Type": "Seq Scan",
                            "Parent Relationship": "Outer",
                            "Parallel Aware": true,
                            "Relation Name": "movie_info_idx",
                            "Alias": "mi_idx",
                            "Startup Cost": 0.0,
                            "Total Cost": 16052.85,
                            "Plan Rows": 811785,
                            "Plan Width": 4,
                            "Actual Startup Time": 0.022,
                            "Actual Total Time": 60.02,
                            "Actual Rows": 690018,
                            "Actual Loops": 2
                          },
                          {
                            "Node Type": "Hash",
                            "Parent Relationship": "Inner",
                            "Parallel Aware": true,
                            "Startup Cost": 58306.47,
                            "Total Cost": 58306.47,
                            "Plan Rows": 740718,
                            "Plan Width": 4,
                            "Actual Startup Time": 385.813,
                            "Actual Total Time": 385.815,
                            "Actual Rows": 670308,
                            "Actual Loops": 2,
                            "Hash Buckets": 2097152,
                            "Original Hash Buckets": 2097152,
                            "Hash Batches": 1,
                            "Original Hash Batches": 1,
                            "Peak Memory Usage": 68864,
                            "Plans": [
                              {
                                "Node Type": "Seq Scan",
                                "Parent Relationship": "Outer",
                                "Parallel Aware": true,
                                "Relation Name": "title",
                                "Alias": "t",
                                "Startup Cost": 0.0,
                                "Total Cost": 58306.47,
                                "Plan Rows": 740718,
                                "Plan Width": 4,
                                "Actual Startup Time": 0.03,
                                "Actual Total Time": 193.55,
                                "Actual Rows": 670308,
                                "Actual Loops": 2,
                                "Filter": "((production_year > 1971) AND (kind_id = 7))",
                                "Rows Removed by Filter": 593848
                              }
                            ]
                          }
                        ]
                      }
                    ]
                  },
                  {
                    "Node Type": "Sort",
                    "Parent Relationship": "Inner",
                    "Parallel Aware": false,
                    "Startup Cost": 201459.63,
                    "Total Cost": 202234.54,
                    "Plan Rows": 309964,
                    "Plan Width": 4,
                    "Actual Startup Time": 133.708,
                    "Actual Total Time": 133.766,
                    "Actual Rows": 707,
                    "Actual Loops": 2,
                    "Sort Key": [
                      "mi.movie_id"
                    ],
                    "Sort Method": "quicksort",
                    "Sort Space Used": 26669,
                    "Sort Space Type": "Memory",
                    "Workers": [
                      {
                        "Worker Number": 0,
                        "Sort Method": "quicksort",
                        "Sort Space Used": 26669,
                        "Sort Space Type": "Memory"
                      }
                    ],
                    "Plans": [
                      {
                        "Node Type": "Bitmap Heap Scan",
                        "Parent Relationship": "Outer",
                        "Parallel Aware": false,
                        "Relation Name": "movie_info",
                        "Alias": "mi",
                        "Startup Cost": 5618.66,
                        "Total Cost": 173188.22,
                        "Plan Rows": 309964,
                        "Plan Width": 4,
                        "Actual Startup Time": 12.121,
                        "Actual Total Time": 62.403,
                        "Actual Rows": 306788,
                        "Actual Loops": 2,
                        "Recheck Cond": "(info_type_id > 105)",
                        "Rows Removed by Index Recheck": 0,
                        "Exact Heap Blocks": 5062,
                        "Lossy Heap Blocks": 0,
                        "Plans": [
                          {
                            "Node Type": "Bitmap Index Scan",
                            "Parent Relationship": "Outer",
                            "Parallel Aware": false,
                            "Index Name": "info_type_id_movie_info",
                            "Startup Cost": 0.0,
                            "Total Cost": 5541.16,
                            "Plan Rows": 309964,
                            "Plan Width": 0,
                            "Actual Startup Time": 11.418,
                            "Actual Total Time": 11.418,
                            "Actual Rows": 306788,
                            "Actual Loops": 2,
                            "Index Cond": "(info_type_id > 105)"
                          }
                        ]
                      }
                    ]
                  }
                ]
              }
            ]
          }
        ]
      }
    ]
  },
  "Planning Time": 1.11,
  "Triggers": [],
  "Execution Time": 873.182
}