[
  {
    "Plan": {
      "Node Type": "Aggregate",
      "Strategy": "Plain",
      "Partial Mode": "Finalize",
      "Parallel Aware": false,
      "Startup Cost": 74074.61,
      "Total Cost": 74074.62,
      "Plan Rows": 1,
      "Plan Width": 8,
      "Actual Startup Time": 117.495,
      "Actual Total Time": 135.053,
      "Actual Rows": 1,
      "Actual Loops": 1,
      "Plans": [
        {
          "Node Type": "Gather",
          "Parent Relationship": "Outer",
          "Parallel Aware": false,
          "Startup Cost": 74074.19,
          "Total Cost": 74074.6,
          "Plan Rows": 4,
          "Plan Width": 8,
          "Actual Startup Time": 117.233,
          "Actual Total Time": 135.043,
          "Actual Rows": 5,
          "Actual Loops": 1,
          "Workers Planned": 4,
          "Workers Launched": 4,
          "Single Copy": false,
          "Plans": [
            {
              "Node Type": "Aggregate",
              "Strategy": "Plain",
              "Partial Mode": "Partial",
              "Parent Relationship": "Outer",
              "Parallel Aware": false,
              "Startup Cost": 73074.19,
              "Total Cost": 73074.2,
              "Plan Rows": 1,
              "Plan Width": 8,
              "Actual Startup Time": 109.969,
              "Actual Total Time": 109.973,
              "Actual Rows": 1,
              "Actual Loops": 5,
              "Plans": [
                {
                  "Node Type": "Nested Loop",
                  "Parent Relationship": "Outer",
                  "Parallel Aware": false,
                  "Join Type": "Inner",
                  "Startup Cost": 0.99,
                  "Total Cost": 73060.81,
                  "Plan Rows": 5351,
                  "Plan Width": 0,
                  "Actual Startup Time": 3.28,
                  "Actual Total Time": 109.874,
                  "Actual Rows": 722,
                  "Actual Loops": 5,
                  "Inner Unique": false,
                  "Join Filter": "(t.id = ci.movie_id)",
                  "Rows Removed by Join Filter": 0,
                  "Plans": [
                    {
                      "Node Type": "Nested Loop",
                      "Parent Relationship": "Outer",
                      "Parallel Aware": false,
                      "Join Type": "Inner",
                      "Startup Cost": 0.43,
                      "Total Cost": 70113.27,
                      "Plan Rows": 916,
                      "Plan Width": 8,
                      "Actual Startup Time": 2.742,
                      "Actual Total Time": 99.559,
                      "Actual Rows": 58,
                      "Actual Loops": 5,
                      "Inner Unique": false,
                      "Plans": [
                        {
                          "Node Type": "Seq Scan",
                          "Parent Relationship": "Outer",
                          "Parallel Aware": true,
                          "Relation Name": "title",
                          "Alias": "t",
                          "Startup Cost": 0.0,
                          "Total Cost": 45479.59,
                          "Plan Rows": 2557,
                          "Plan Width": 4,
                          "Actual Startup Time": 0.101,
                          "Actual Total Time": 86.948,
                          "Actual Rows": 1848,
                          "Actual Loops": 5,
                          "Filter": "((kind_id = 7) AND (production_year = 1984))",
                          "Rows Removed by Filter": 503814
                        },
                        {
                          "Node Type": "Index Scan",
                          "Parent Relationship": "Inner",
                          "Parallel Aware": false,
                          "Scan Direction": "Forward",
                          "Index Name": "movie_id_movie_companies",
                          "Relation Name": "movie_companies",
                          "Alias": "mc",
                          "Startup Cost": 0.43,
                          "Total Cost": 9.61,
                          "Plan Rows": 2,
                          "Plan Width": 4,
                          "Actual Startup Time": 0.006,
                          "Actual Total Time": 0.006,
                          "Actual Rows": 0,
                          "Actual Loops": 9242,
                          "Index Cond": "(movie_id = t.id)",
                          "Rows Removed by Index Recheck": 0,
                          "Filter": "((company_id > 1502) AND (company_type_id = 1))",
                          "Rows Removed by Filter": 1
                        }
                      ]
                    },
                    {
                      "Node Type": "Index Scan",
                      "Parent Relationship": "Inner",
                      "Parallel Aware": false,
                      "Scan Direction": "Forward",
                      "Index Name": "movie_id_cast_info",
                      "Relation Name": "cast_info",
                      "Alias": "ci",
                      "Startup Cost": 0.56,
                      "Total Cost": 3.04,
                      "Plan Rows": 14,
                      "Plan Width": 4,
                      "Actual Startup Time": 0.112,
                      "Actual Total Time": 0.174,
                      "Actual Rows": 12,
                      "Actual Loops": 291,
                      "Index Cond": "(movie_id = mc.movie_id)",
                      "Rows Removed by Index Recheck": 0,
                      "Filter": "((person_id > 286762) AND (role_id > 2))",
                      "Rows Removed by Filter": 13
                    }
                  ]
                }
              ]
            }
          ]
        }
      ]
    },
    "Planning Time": 1.058,
    "Triggers": [],
    "Execution Time": 135.109
  }
]