[
  {
    "Plan": {
      "Node Type": "Aggregate",
      "Strategy": "Plain",
      "Partial Mode": "Finalize",
      "Parallel Aware": false,
      "Startup Cost": 85593.31,
      "Total Cost": 85593.32,
      "Plan Rows": 1,
      "Plan Width": 8,
      "Actual Startup Time": 492.666,
      "Actual Total Time": 528.421,
      "Actual Rows": 1,
      "Actual Loops": 1,
      "Plans": [
        {
          "Node Type": "Gather",
          "Parent Relationship": "Outer",
          "Parallel Aware": false,
          "Startup Cost": 85592.89,
          "Total Cost": 85593.3,
          "Plan Rows": 4,
          "Plan Width": 8,
          "Actual Startup Time": 484.242,
          "Actual Total Time": 528.41,
          "Actual Rows": 5,
          "Actual Loops": 1,
          "Workers Planned": 4,
          "Workers Launched": 4,
          "Single Copy": false,
          "Plans": [
            {
              "Node Type": "Aggregate",
              "Strategy": "Plain",
              "Partial Mode": "Partial",
              "Parent Relationship": "Outer",
              "Parallel Aware": false,
              "Startup Cost": 84592.89,
              "Total Cost": 84592.9,
              "Plan Rows": 1,
              "Plan Width": 8,
              "Actual Startup Time": 477.694,
              "Actual Total Time": 477.695,
              "Actual Rows": 1,
              "Actual Loops": 5,
              "Plans": [
                {
                  "Node Type": "Nested Loop",
                  "Parent Relationship": "Outer",
                  "Parallel Aware": false,
                  "Join Type": "Inner",
                  "Startup Cost": 1.0,
                  "Total Cost": 84568.46,
                  "Plan Rows": 9770,
                  "Plan Width": 0,
                  "Actual Startup Time": 53.768,
                  "Actual Total Time": 474.57,
                  "Actual Rows": 59939,
                  "Actual Loops": 5,
                  "Inner Unique": false,
                  "Join Filter": "(t.id = ci.movie_id)",
                  "Rows Removed by Join Filter": 0,
                  "Plans": [
                    {
                      "Node Type": "Nested Loop",
                      "Parent Relationship": "Outer",
                      "Parallel Aware": false,
                      "Join Type": "Inner",
                      "Startup Cost": 0.43,
                      "Total Cost": 73395.05,
                      "Plan Rows": 6418,
                      "Plan Width": 8,
                      "Actual Startup Time": 53.457,
                      "Actual Total Time": 92.915,
                      "Actual Rows": 11677,
                      "Actual Loops": 5,
                      "Inner Unique": false,
                      "Plans": [
                        {
                          "Node Type": "Seq Scan",
                          "Parent Relationship": "Outer",
                          "Parallel Aware": true,
                          "Relation Name": "title",
                          "Alias": "t",
                          "Startup Cost": 0.0,
                          "Total Cost": 45479.59,
                          "Plan Rows": 3587,
                          "Plan Width": 4,
                          "Actual Startup Time": 53.178,
                          "Actual Total Time": 72.898,
                          "Actual Rows": 1620,
                          "Actual Loops": 5,
                          "Filter": "((kind_id = 1) AND (production_year = 2000))",
                          "Rows Removed by Filter": 504042
                        },
                        {
                          "Node Type": "Index Only Scan",
                          "Parent Relationship": "Inner",
                          "Parallel Aware": false,
                          "Scan Direction": "Forward",
                          "Index Name": "movie_id_movie_keyword",
                          "Relation Name": "movie_keyword",
                          "Alias": "mk",
                          "Startup Cost": 0.43,
                          "Total Cost": 7.32,
                          "Plan Rows": 46,
                          "Plan Width": 4,
                          "Actual Startup Time": 0.01,
                          "Actual Total Time": 0.011,
                          "Actual Rows": 7,
                          "Actual Loops": 8100,
                          "Index Cond": "(movie_id = t.id)",
                          "Rows Removed by Index Recheck": 0,
                          "Heap Fetches": 58383
                        }
                      ]
                    },
                    {
                      "Node Type": "Index Scan",
                      "Parent Relationship": "Inner",
                      "Parallel Aware": false,
                      "Scan Direction": "Forward",
                      "Index Name": "movie_id_cast_info",
                      "Relation Name": "cast_info",
                      "Alias": "ci",
                      "Startup Cost": 0.56,
                      "Total Cost": 1.69,
                      "Plan Rows": 4,
                      "Plan Width": 4,
                      "Actual Startup Time": 0.02,
                      "Actual Total Time": 0.032,
                      "Actual Rows": 5,
                      "Actual Loops": 58383,
                      "Index Cond": "(movie_id = mk.movie_id)",
                      "Rows Removed by Index Recheck": 0,
                      "Filter": "((person_id < 862470) AND (role_id > 2))",
                      "Rows Removed by Filter": 67
                    }
                  ]
                }
              ]
            }
          ]
        }
      ]
    },
    "Planning Time": 0.462,
    "Triggers": [],
    "Execution Time": 528.493
  }
]