[
  {
    "Plan": {
      "Node Type": "Aggregate",
      "Strategy": "Plain",
      "Partial Mode": "Finalize",
      "Parallel Aware": false,
      "Startup Cost": 338109.32,
      "Total Cost": 338109.33,
      "Plan Rows": 1,
      "Plan Width": 8,
      "Actual Startup Time": 841.326,
      "Actual Total Time": 888.562,
      "Actual Rows": 1,
      "Actual Loops": 1,
      "Plans": [
        {
          "Node Type": "Gather",
          "Parent Relationship": "Outer",
          "Parallel Aware": false,
          "Startup Cost": 338108.69,
          "Total Cost": 338109.3,
          "Plan Rows": 6,
          "Plan Width": 8,
          "Actual Startup Time": 841.12,
          "Actual Total Time": 888.547,
          "Actual Rows": 7,
          "Actual Loops": 1,
          "Workers Planned": 6,
          "Workers Launched": 6,
          "Single Copy": false,
          "Plans": [
            {
              "Node Type": "Aggregate",
              "Strategy": "Plain",
              "Partial Mode": "Partial",
              "Parent Relationship": "Outer",
              "Parallel Aware": false,
              "Startup Cost": 337108.69,
              "Total Cost": 337108.7,
              "Plan Rows": 1,
              "Plan Width": 8,
              "Actual Startup Time": 833.056,
              "Actual Total Time": 833.058,
              "Actual Rows": 1,
              "Actual Loops": 7,
              "Plans": [
                {
                  "Node Type": "Seq Scan",
                  "Parent Relationship": "Outer",
                  "Parallel Aware": true,
                  "Relation Name": "cast_info",
                  "Alias": "ci",
                  "Startup Cost": 0.0,
                  "Total Cost": 328211.39,
                  "Plan Rows": 3558920,
                  "Plan Width": 0,
                  "Actual Startup Time": 182.176,
                  "Actual Total Time": 668.575,
                  "Actual Rows": 3029754,
                  "Actual Loops": 7,
                  "Filter": "(person_id > 1483462)",
                  "Rows Removed by Filter": 2148010
                }
              ]
            }
          ]
        }
      ]
    },
    "Planning Time": 0.098,
    "Triggers": [],
    "Execution Time": 888.613
  }
]