[
  {
    "Plan": {
      "Node Type": "Aggregate",
      "Strategy": "Plain",
      "Partial Mode": "Finalize",
      "Parallel Aware": false,
      "Startup Cost": 581759.47,
      "Total Cost": 581759.48,
      "Plan Rows": 1,
      "Plan Width": 8,
      "Actual Startup Time": 1563.714,
      "Actual Total Time": 1613.536,
      "Actual Rows": 1,
      "Actual Loops": 1,
      "Plans": [
        {
          "Node Type": "Gather",
          "Parent Relationship": "Outer",
          "Parallel Aware": false,
          "Startup Cost": 581758.95,
          "Total Cost": 581759.46,
          "Plan Rows": 5,
          "Plan Width": 8,
          "Actual Startup Time": 1540.358,
          "Actual Total Time": 1613.516,
          "Actual Rows": 6,
          "Actual Loops": 1,
          "Workers Planned": 5,
          "Workers Launched": 5,
          "Single Copy": false,
          "Plans": [
            {
              "Node Type": "Aggregate",
              "Strategy": "Plain",
              "Partial Mode": "Partial",
              "Parent Relationship": "Outer",
              "Parallel Aware": false,
              "Startup Cost": 580758.95,
              "Total Cost": 580758.96,
              "Plan Rows": 1,
              "Plan Width": 8,
              "Actual Startup Time": 1531.987,
              "Actual Total Time": 1532.1,
              "Actual Rows": 1,
              "Actual Loops": 6,
              "Plans": [
                {
                  "Node Type": "Hash Join",
                  "Parent Relationship": "Outer",
                  "Parallel Aware": true,
                  "Join Type": "Inner",
                  "Startup Cost": 378332.76,
                  "Total Cost": 580132.61,
                  "Plan Rows": 250535,
                  "Plan Width": 0,
                  "Actual Startup Time": 1034.142,
                  "Actual Total Time": 1495.722,
                  "Actual Rows": 833853,
                  "Actual Loops": 6,
                  "Inner Unique": false,
                  "Hash Cond": "(mi.movie_id = t.id)",
                  "Plans": [
                    {
                      "Node Type": "Seq Scan",
                      "Parent Relationship": "Outer",
                      "Parallel Aware": true,
                      "Relation Name": "movie_info",
                      "Alias": "mi",
                      "Startup Cost": 0.0,
                      "Total Cost": 199108.24,
                      "Plan Rows": 606414,
                      "Plan Width": 4,
                      "Actual Startup Time": 70.858,
                      "Actual Total Time": 314.964,
                      "Actual Rows": 506120,
                      "Actual Loops": 6,
                      "Filter": "(info_type_id = 16)",
                      "Rows Removed by Filter": 1966500
                    },
                    {
                      "Node Type": "Hash",
                      "Parent Relationship": "Inner",
                      "Parallel Aware": true,
                      "Startup Cost": 376156.51,
                      "Total Cost": 376156.51,
                      "Plan Rows": 174100,
                      "Plan Width": 8,
                      "Actual Startup Time": 960.842,
                      "Actual Total Time": 960.951,
                      "Actual Rows": 369123,
                      "Actual Loops": 6,
                      "Hash Buckets": 4194304,
                      "Original Hash Buckets": 1048576,
                      "Hash Batches": 1,
                      "Original Hash Batches": 1,
                      "Peak Memory Usage": 144064,
                      "Plans": [
                        {
                          "Node Type": "Hash Join",
                          "Parent Relationship": "Outer",
                          "Parallel Aware": true,
                          "Join Type": "Inner",
                          "Startup Cost": 115558.9,
                          "Total Cost": 376156.51,
                          "Plan Rows": 174100,
                          "Plan Width": 8,
                          "Actual Startup Time": 393.513,
                          "Actual Total Time": 711.813,
                          "Actual Rows": 369123,
                          "Actual Loops": 6,
                          "Inner Unique": true,
                          "Hash Cond": "(ci.movie_id = t.id)",
                          "Plans": [
                            {
                              "Node Type": "Bitmap Heap Scan",
                              "Parent Relationship": "Outer",
                              "Parallel Aware": true,
                              "Relation Name": "cast_info",
                              "Alias": "ci",
                              "Startup Cost": 65338.51,
                              "Total Cost": 325479.11,
                              "Plan Rows": 174100,
                              "Plan Width": 4,
                              "Actual Startup Time": 109.628,
                              "Actual Total Time": 225.41,
                              "Actual Rows": 369123,
                              "Actual Loops": 6,
                              "Recheck Cond": "(person_id < 298747)",
                              "Rows Removed by Index Recheck": 0,
                              "Filter": "(role_id < 2)",
                              "Rows Removed by Filter": 144493,
                              "Exact Heap Blocks": 7697,
                              "Lossy Heap Blocks": 0,
                              "Plans": [
                                {
                                  "Node Type": "Bitmap Index Scan",
                                  "Parent Relationship": "Outer",
                                  "Parallel Aware": false,
                                  "Index Name": "person_id_cast_info",
                                  "Startup Cost": 0.0,
                                  "Total Cost": 65077.37,
                                  "Plan Rows": 2981440,
                                  "Plan Width": 0,
                                  "Actual Startup Time": 104.217,
                                  "Actual Total Time": 104.217,
                                  "Actual Rows": 3081697,
                                  "Actual Loops": 1,
                                  "Index Cond": "(person_id < 298747)"
                                }
                              ]
                            },
                            {
                              "Node Type": "Hash",
                              "Parent Relationship": "Inner",
                              "Parallel Aware": true,
                              "Startup Cost": 42319.06,
                              "Total Cost": 42319.06,
                              "Plan Rows": 632106,
                              "Plan Width": 4,
                              "Actual Startup Time": 279.314,
                              "Actual Total Time": 279.316,
                              "Actual Rows": 421385,
                              "Actual Loops": 6,
                              "Hash Buckets": 4194304,
                              "Original Hash Buckets": 4194304,
                              "Hash Batches": 1,
                              "Original Hash Batches": 1,
                              "Peak Memory Usage": 131776,
                              "Plans": [
                                {
                                  "Node Type": "Seq Scan",
                                  "Parent Relationship": "Outer",
                                  "Parallel Aware": true,
                                  "Relation Name": "title",
                                  "Alias": "t",
                                  "Startup Cost": 0.0,
                                  "Total Cost": 42319.06,
                                  "Plan Rows": 632106,
                                  "Plan Width": 4,
                                  "Actual Startup Time": 0.058,
                                  "Actual Total Time": 81.538,
                                  "Actual Rows": 421385,
                                  "Actual Loops": 6
                                }
                              ]
                            }
                          ]
                        }
                      ]
                    }
                  ]
                }
              ]
            }
          ]
        }
      ]
    },
    "Planning Time": 0.815,
    "Triggers": [],
    "Execution Time": 1613.616
  }
]