{
  "Plan": {
    "Node Type": "Aggregate",
    "Strategy": "Plain",
    "Partial Mode": "Finalize",
    "Parallel Aware": false,
    "Startup Cost": 416018.29,
    "Total Cost": 416018.3,
    "Plan Rows": 1,
    "Plan Width": 8,
    "Actual Startup Time": 2436.014,
    "Actual Total Time": 2482.644,
    "Actual Rows": 1,
    "Actual Loops": 1,
    "Plans": [
      {
        "Node Type": "Gather",
        "Parent Relationship": "Outer",
        "Parallel Aware": false,
        "Startup Cost": 416018.18,
        "Total Cost": 416018.29,
        "Plan Rows": 1,
        "Plan Width": 8,
        "Actual Startup Time": 2431.587,
        "Actual Total Time": 2482.621,
        "Actual Rows": 2,
        "Actual Loops": 1,
        "Workers Planned": 1,
        "Workers Launched": 1,
        "Single Copy": false,
        "Plans": [
          {
            "Node Type": "Aggregate",
            "Strategy": "Plain",
            "Partial Mode": "Partial",
            "Parent Relationship": "Outer",
            "Parallel Aware": false,
            "Startup Cost": 415018.18,
            "Total Cost": 415018.19,
            "Plan Rows": 1,
            "Plan Width": 8,
            "Actual Startup Time": 2426.25,
            "Actual Total Time": 2427.524,
            "Actual Rows": 1,
            "Actual Loops": 2,
            "Plans": [
              {
                "Node Type": "Hash Join",
                "Parent Relationship": "Outer",
                "Parallel Aware": true,
                "Join Type": "Inner",
                "Startup Cost": 90389.35,
                "Total Cost": 408135.26,
                "Plan Rows": 2753167,
                "Plan Width": 0,
                "Actual Startup Time": 662.039,
                "Actual Total Time": 2351.575,
                "Actual Rows": 1845951,
                "Actual Loops": 2,
                "Inner Unique": false,
                "Hash Cond": "(mi.movie_id = t.id)",
                "Plans": [
                  {
                    "Node Type": "Seq Scan",
                    "Parent Relationship": "Outer",
                    "Parallel Aware": true,
                    "Relation Name": "movie_info",
                    "Alias": "mi",
                    "Startup Cost": 0.0,
                    "Total Cost": 270696.42,
                    "Plan Rows": 8227834,
                    "Plan Width": 4,
                    "Actual Startup Time": 0.019,
                    "Actual Total Time": 797.68,
                    "Actual Rows": 7016790,
                    "Actual Loops": 2,
                    "Filter": "(info_type_id > 1)",
                    "Rows Removed by Filter": 401070
                  },
                  {
                    "Node Type": "Hash",
                    "Parent Relationship": "Inner",
                    "Parallel Aware": true,
                    "Startup Cost": 84168.7,
                    "Total Cost": 84168.7,
                    "Plan Rows": 497652,
                    "Plan Width": 8,
                    "Actual Startup Time": 651.997,
                    "Actual Total Time": 653.269,
                    "Actual Rows": 221190,
                    "Actual Loops": 2,
                    "Hash Buckets": 1048576,
                    "Original Hash Buckets": 1048576,
                    "Hash Batches": 1,
                    "Original Hash Batches": 1,
                    "Peak Memory Usage": 25536,
                    "Plans": [
                      {
                        "Node Type": "Hash Join",
                        "Parent Relationship": "Outer",
                        "Parallel Aware": true,
                        "Join Type": "Inner",
                        "Startup Cost": 65984.91,
                        "Total Cost": 84168.7,
                        "Plan Rows": 497652,
                        "Plan Width": 8,
                        "Actual Startup Time": 415.97,
                        "Actual Total Time": 604.431,
                        "Actual Rows": 221190,
                        "Actual Loops": 2,
                        "Inner Unique": true,
                        "Hash Cond": "(mi_idx.movie_id = t.id)",
                        "Plans": [
                          {
                            "Node Type": "Seq Scan",
                            "Parent Relationship": "Outer",
                            "Parallel Aware": true,
                            "Relation Name": "movie_info_idx",
                            "Alias": "mi_idx",
                            "Startup Cost": 0.0,
                            "Total Cost": 16052.85,
                            "Plan Rows": 811785,
                            "Plan Width": 4,
                            "Actual Startup Time": 0.019,
                            "Actual Total Time": 50.583,
                            "Actual Rows": 690018,
                            "Actual Loops": 2
                          },
                          {
                            "Node Type": "Hash",
                            "Parent Relationship": "Inner",
                            "Parallel Aware": true,
                            "Startup Cost": 54588.39,
                            "Total Cost": 54588.39,
                            "Plan Rows": 911722,
                            "Plan Width": 4,
                            "Actual Startup Time": 406.539,
                            "Actual Total Time": 406.541,
                            "Actual Rows": 777932,
                            "Actual Loops": 2,
                            "Hash Buckets": 2097152,
                            "Original Hash Buckets": 2097152,
                            "Hash Batches": 1,
                            "Original Hash Batches": 1,
                            "Peak Memory Usage": 77280,
                            "Plans": [
                              {
                                "Node Type": "Seq Scan",
                                "Parent Relationship": "Outer",
                                "Parallel Aware": true,
                                "Relation Name": "title",
                                "Alias": "t",
                                "Startup Cost": 0.0,
                                "Total Cost": 54588.39,
                                "Plan Rows": 911722,
                                "Plan Width": 4,
                                "Actual Startup Time": 0.04,
                                "Actual Total Time": 163.375,
                                "Actual Rows": 777932,
                                "Actual Loops": 2,
                                "Filter": "(kind_id > 4)",
                                "Rows Removed by Filter": 486224
                              }
                            ]
                          }
                        ]
                      }
                    ]
                  }
                ]
              }
            ]
          }
        ]
      }
    ]
  },
  "Planning Time": 0.876,
  "Triggers": [],
  "Execution Time": 2482.729
}