[
  {
    "Plan": {
      "Node Type": "Aggregate",
      "Strategy": "Plain",
      "Partial Mode": "Finalize",
      "Parallel Aware": false,
      "Startup Cost": 345779.15,
      "Total Cost": 345779.16,
      "Plan Rows": 1,
      "Plan Width": 8,
      "Actual Startup Time": 652.959,
      "Actual Total Time": 717.935,
      "Actual Rows": 1,
      "Actual Loops": 1,
      "Plans": [
        {
          "Node Type": "Gather",
          "Parent Relationship": "Outer",
          "Parallel Aware": false,
          "Startup Cost": 345778.53,
          "Total Cost": 345779.14,
          "Plan Rows": 6,
          "Plan Width": 8,
          "Actual Startup Time": 652.712,
          "Actual Total Time": 717.823,
          "Actual Rows": 7,
          "Actual Loops": 1,
          "Workers Planned": 6,
          "Workers Launched": 6,
          "Single Copy": false,
          "Plans": [
            {
              "Node Type": "Aggregate",
              "Strategy": "Plain",
              "Partial Mode": "Partial",
              "Parent Relationship": "Outer",
              "Parallel Aware": false,
              "Startup Cost": 344778.53,
              "Total Cost": 344778.54,
              "Plan Rows": 1,
              "Plan Width": 8,
              "Actual Startup Time": 642.085,
              "Actual Total Time": 642.086,
              "Actual Rows": 1,
              "Actual Loops": 7,
              "Plans": [
                {
                  "Node Type": "Seq Scan",
                  "Parent Relationship": "Outer",
                  "Parallel Aware": true,
                  "Relation Name": "cast_info",
                  "Alias": "ci",
                  "Startup Cost": 0.0,
                  "Total Cost": 343257.03,
                  "Plan Rows": 608599,
                  "Plan Width": 0,
                  "Actual Startup Time": 0.054,
                  "Actual Total Time": 611.057,
                  "Actual Rows": 634319,
                  "Actual Loops": 7,
                  "Filter": "((person_id < 494825) AND (role_id < 5))",
                  "Rows Removed by Filter": 4543444
                }
              ]
            }
          ]
        }
      ]
    },
    "Planning Time": 0.178,
    "Triggers": [],
    "Execution Time": 718.001
  }
]