[
  {
    "Plan": {
      "Node Type": "Aggregate",
      "Strategy": "Plain",
      "Partial Mode": "Finalize",
      "Parallel Aware": false,
      "Startup Cost": 45287.03,
      "Total Cost": 45287.04,
      "Plan Rows": 1,
      "Plan Width": 8,
      "Actual Startup Time": 159.68,
      "Actual Total Time": 171.644,
      "Actual Rows": 1,
      "Actual Loops": 1,
      "Plans": [
        {
          "Node Type": "Gather",
          "Parent Relationship": "Outer",
          "Parallel Aware": false,
          "Startup Cost": 45286.72,
          "Total Cost": 45287.03,
          "Plan Rows": 3,
          "Plan Width": 8,
          "Actual Startup Time": 159.539,
          "Actual Total Time": 171.634,
          "Actual Rows": 4,
          "Actual Loops": 1,
          "Workers Planned": 3,
          "Workers Launched": 3,
          "Single Copy": false,
          "Plans": [
            {
              "Node Type": "Aggregate",
              "Strategy": "Plain",
              "Partial Mode": "Partial",
              "Parent Relationship": "Outer",
              "Parallel Aware": false,
              "Startup Cost": 44286.72,
              "Total Cost": 44286.73,
              "Plan Rows": 1,
              "Plan Width": 8,
              "Actual Startup Time": 155.464,
              "Actual Total Time": 155.465,
              "Actual Rows": 1,
              "Actual Loops": 4,
              "Plans": [
                {
                  "Node Type": "Seq Scan",
                  "Parent Relationship": "Outer",
                  "Parallel Aware": true,
                  "Relation Name": "movie_keyword",
                  "Alias": "mk",
                  "Startup Cost": 0.0,
                  "Total Cost": 42695.65,
                  "Plan Rows": 636425,
                  "Plan Width": 0,
                  "Actual Startup Time": 0.029,
                  "Actual Total Time": 127.0,
                  "Actual Rows": 494314,
                  "Actual Loops": 4,
                  "Filter": "(keyword_id < 3481)",
                  "Rows Removed by Filter": 636669
                }
              ]
            }
          ]
        }
      ]
    },
    "Planning Time": 0.187,
    "Triggers": [],
    "Execution Time": 171.693
  }
]