[
  {
    "Plan": {
      "Node Type": "Aggregate",
      "Strategy": "Plain",
      "Partial Mode": "Finalize",
      "Parallel Aware": false,
      "Startup Cost": 45282.36,
      "Total Cost": 45282.37,
      "Plan Rows": 1,
      "Plan Width": 8,
      "Actual Startup Time": 137.022,
      "Actual Total Time": 144.952,
      "Actual Rows": 1,
      "Actual Loops": 1,
      "Plans": [
        {
          "Node Type": "Gather",
          "Parent Relationship": "Outer",
          "Parallel Aware": false,
          "Startup Cost": 45282.04,
          "Total Cost": 45282.35,
          "Plan Rows": 3,
          "Plan Width": 8,
          "Actual Startup Time": 136.922,
          "Actual Total Time": 144.945,
          "Actual Rows": 4,
          "Actual Loops": 1,
          "Workers Planned": 3,
          "Workers Launched": 3,
          "Single Copy": false,
          "Plans": [
            {
              "Node Type": "Aggregate",
              "Strategy": "Plain",
              "Partial Mode": "Partial",
              "Parent Relationship": "Outer",
              "Parallel Aware": false,
              "Startup Cost": 44282.04,
              "Total Cost": 44282.05,
              "Plan Rows": 1,
              "Plan Width": 8,
              "Actual Startup Time": 131.102,
              "Actual Total Time": 131.103,
              "Actual Rows": 1,
              "Actual Loops": 4,
              "Plans": [
                {
                  "Node Type": "Seq Scan",
                  "Parent Relationship": "Outer",
                  "Parallel Aware": true,
                  "Relation Name": "movie_keyword",
                  "Alias": "mk",
                  "Startup Cost": 0.0,
                  "Total Cost": 42695.65,
                  "Plan Rows": 634554,
                  "Plan Width": 0,
                  "Actual Startup Time": 0.048,
                  "Actual Total Time": 108.416,
                  "Actual Rows": 494314,
                  "Actual Loops": 4,
                  "Filter": "(keyword_id < 3481)",
                  "Rows Removed by Filter": 636669
                }
              ]
            }
          ]
        }
      ]
    },
    "Planning Time": 0.186,
    "Triggers": [],
    "Execution Time": 145.007
  }
]