[
  {
    "Plan": {
      "Node Type": "Aggregate",
      "Strategy": "Plain",
      "Partial Mode": "Finalize",
      "Parallel Aware": false,
      "Startup Cost": 30931.4,
      "Total Cost": 30931.41,
      "Plan Rows": 1,
      "Plan Width": 8,
      "Actual Startup Time": 79.013,
      "Actual Total Time": 86.982,
      "Actual Rows": 1,
      "Actual Loops": 1,
      "Plans": [
        {
          "Node Type": "Gather",
          "Parent Relationship": "Outer",
          "Parallel Aware": false,
          "Startup Cost": 30931.08,
          "Total Cost": 30931.39,
          "Plan Rows": 3,
          "Plan Width": 8,
          "Actual Startup Time": 78.909,
          "Actual Total Time": 86.972,
          "Actual Rows": 4,
          "Actual Loops": 1,
          "Workers Planned": 3,
          "Workers Launched": 3,
          "Single Copy": false,
          "Plans": [
            {
              "Node Type": "Aggregate",
              "Strategy": "Plain",
              "Partial Mode": "Partial",
              "Parent Relationship": "Outer",
              "Parallel Aware": false,
              "Startup Cost": 29931.08,
              "Total Cost": 29931.09,
              "Plan Rows": 1,
              "Plan Width": 8,
              "Actual Startup Time": 75.187,
              "Actual Total Time": 75.188,
              "Actual Rows": 1,
              "Actual Loops": 4,
              "Plans": [
                {
                  "Node Type": "Seq Scan",
                  "Parent Relationship": "Outer",
                  "Parallel Aware": true,
                  "Relation Name": "movie_companies",
                  "Alias": "mc",
                  "Startup Cost": 0.0,
                  "Total Cost": 29310.68,
                  "Plan Rows": 248161,
                  "Plan Width": 0,
                  "Actual Startup Time": 0.015,
                  "Actual Total Time": 65.896,
                  "Actual Rows": 191813,
                  "Actual Loops": 4,
                  "Filter": "(company_id < 1609)",
                  "Rows Removed by Filter": 460469
                }
              ]
            }
          ]
        }
      ]
    },
    "Planning Time": 0.187,
    "Triggers": [],
    "Execution Time": 87.038
  }
]