[
  {
    "Plan": {
      "Node Type": "Aggregate",
      "Strategy": "Plain",
      "Partial Mode": "Finalize",
      "Parallel Aware": false,
      "Startup Cost": 44504.36,
      "Total Cost": 44504.37,
      "Plan Rows": 1,
      "Plan Width": 8,
      "Actual Startup Time": 121.914,
      "Actual Total Time": 133.901,
      "Actual Rows": 1,
      "Actual Loops": 1,
      "Plans": [
        {
          "Node Type": "Gather",
          "Parent Relationship": "Outer",
          "Parallel Aware": false,
          "Startup Cost": 44504.05,
          "Total Cost": 44504.36,
          "Plan Rows": 3,
          "Plan Width": 8,
          "Actual Startup Time": 121.769,
          "Actual Total Time": 133.891,
          "Actual Rows": 4,
          "Actual Loops": 1,
          "Workers Planned": 3,
          "Workers Launched": 3,
          "Single Copy": false,
          "Plans": [
            {
              "Node Type": "Aggregate",
              "Strategy": "Plain",
              "Partial Mode": "Partial",
              "Parent Relationship": "Outer",
              "Parallel Aware": false,
              "Startup Cost": 43504.05,
              "Total Cost": 43504.06,
              "Plan Rows": 1,
              "Plan Width": 8,
              "Actual Startup Time": 117.443,
              "Actual Total Time": 117.444,
              "Actual Rows": 1,
              "Actual Loops": 4,
              "Plans": [
                {
                  "Node Type": "Seq Scan",
                  "Parent Relationship": "Outer",
                  "Parallel Aware": true,
                  "Relation Name": "movie_keyword",
                  "Alias": "mk",
                  "Startup Cost": 0.0,
                  "Total Cost": 42695.65,
                  "Plan Rows": 323357,
                  "Plan Width": 0,
                  "Actual Startup Time": 1.214,
                  "Actual Total Time": 104.614,
                  "Actual Rows": 251184,
                  "Actual Loops": 4,
                  "Filter": "(keyword_id > 18358)",
                  "Rows Removed by Filter": 879799
                }
              ]
            }
          ]
        }
      ]
    },
    "Planning Time": 0.167,
    "Triggers": [],
    "Execution Time": 133.948
  }
]