{
  "Plan": {
    "Node Type": "Aggregate",
    "Strategy": "Plain",
    "Partial Mode": "Finalize",
    "Parallel Aware": false,
    "Startup Cost": 163991.8,
    "Total Cost": 163991.81,
    "Plan Rows": 1,
    "Plan Width": 8,
    "Actual Startup Time": 424.923,
    "Actual Total Time": 443.566,
    "Actual Rows": 1,
    "Actual Loops": 1,
    "Plans": [
      {
        "Node Type": "Gather",
        "Parent Relationship": "Outer",
        "Parallel Aware": false,
        "Startup Cost": 163991.68,
        "Total Cost": 163991.79,
        "Plan Rows": 1,
        "Plan Width": 8,
        "Actual Startup Time": 424.593,
        "Actual Total Time": 443.558,
        "Actual Rows": 2,
        "Actual Loops": 1,
        "Workers Planned": 1,
        "Workers Launched": 1,
        "Single Copy": false,
        "Plans": [
          {
            "Node Type": "Aggregate",
            "Strategy": "Plain",
            "Partial Mode": "Partial",
            "Parent Relationship": "Outer",
            "Parallel Aware": false,
            "Startup Cost": 162991.68,
            "Total Cost": 162991.69,
            "Plan Rows": 1,
            "Plan Width": 8,
            "Actual Startup Time": 418.29,
            "Actual Total Time": 418.294,
            "Actual Rows": 1,
            "Actual Loops": 2,
            "Plans": [
              {
                "Node Type": "Nested Loop",
                "Parent Relationship": "Outer",
                "Parallel Aware": false,
                "Join Type": "Inner",
                "Startup Cost": 39455.01,
                "Total Cost": 162914.92,
                "Plan Rows": 30704,
                "Plan Width": 0,
                "Actual Startup Time": 57.651,
                "Actual Total Time": 417.62,
                "Actual Rows": 13242,
                "Actual Loops": 2,
                "Inner Unique": false,
                "Join Filter": "(t.id = mk.movie_id)",
                "Rows Removed by Join Filter": 0,
                "Plans": [
                  {
                    "Node Type": "Hash Join",
                    "Parent Relationship": "Outer",
                    "Parallel Aware": true,
                    "Join Type": "Inner",
                    "Startup Cost": 39454.58,
                    "Total Cost": 131229.06,
                    "Plan Rows": 17159,
                    "Plan Width": 8,
                    "Actual Startup Time": 57.181,
                    "Actual Total Time": 376.509,
                    "Actual Rows": 6837,
                    "Actual Loops": 2,
                    "Inner Unique": true,
                    "Hash Cond": "(ci.movie_id = t.id)",
                    "Plans": [
                      {
                        "Node Type": "Index Scan",
                        "Parent Relationship": "Outer",
                        "Parallel Aware": true,
                        "Scan Direction": "Forward",
                        "Index Name": "role_id_cast_info",
                        "Relation Name": "cast_info",
                        "Alias": "ci",
                        "Startup Cost": 0.56,
                        "Total Cost": 87376.26,
                        "Plan Rows": 1675723,
                        "Plan Width": 4,
                        "Actual Startup Time": 0.043,
                        "Actual Total Time": 176.967,
                        "Actual Rows": 1364472,
                        "Actual Loops": 2,
                        "Index Cond": "(role_id = 4)",
                        "Rows Removed by Index Recheck": 0
                      },
                      {
                        "Node Type": "Hash",
                        "Parent Relationship": "Inner",
                        "Parallel Aware": true,
                        "Startup Cost": 39263.65,
                        "Total Cost": 39263.65,
                        "Plan Rows": 15229,
                        "Plan Width": 4,
                        "Actual Startup Time": 55.976,
                        "Actual Total Time": 55.977,
                        "Actual Rows": 10541,
                        "Actual Loops": 2,
                        "Hash Buckets": 32768,
                        "Original Hash Buckets": 32768,
                        "Hash Batches": 1,
                        "Original Hash Batches": 1,
                        "Peak Memory Usage": 1120,
                        "Plans": [
                          {
                            "Node Type": "Bitmap Heap Scan",
                            "Parent Relationship": "Outer",
                            "Parallel Aware": true,
                            "Relation Name": "title",
                            "Alias": "t",
                            "Startup Cost": 2187.41,
                            "Total Cost": 39263.65,
                            "Plan Rows": 15229,
                            "Plan Width": 4,
                            "Actual Startup Time": 15.445,
                            "Actual Total Time": 52.955,
                            "Actual Rows": 10541,
                            "Actual Loops": 2,
                            "Recheck Cond": "(kind_id = 4)",
                            "Rows Removed by Index Recheck": 0,
                            "Filter": "(production_year > 2009)",
                            "Rows Removed by Filter": 48576,
                            "Exact Heap Blocks": 10897,
                            "Lossy Heap Blocks": 0,
                            "Plans": [
                              {
                                "Node Type": "Bitmap Index Scan",
                                "Parent Relationship": "Outer",
                                "Parallel Aware": false,
                                "Index Name": "kind_id_title",
                                "Startup Cost": 0.0,
                                "Total Cost": 2180.94,
                                "Plan Rows": 122201,
                                "Plan Width": 0,
                                "Actual Startup Time": 16.403,
                                "Actual Total Time": 16.403,
                                "Actual Rows": 118234,
                                "Actual Loops": 1,
                                "Index Cond": "(kind_id = 4)"
                              }
                            ]
                          }
                        ]
                      }
                    ]
                  },
                  {
                    "Node Type": "Index Only Scan",
                    "Parent Relationship": "Inner",
                    "Parallel Aware": false,
                    "Scan Direction": "Forward",
                    "Index Name": "movie_id_movie_keyword",
                    "Relation Name": "movie_keyword",
                    "Alias": "mk",
                    "Startup Cost": 0.43,
                    "Total Cost": 1.28,
                    "Plan Rows": 45,
                    "Plan Width": 4,
                    "Actual Startup Time": 0.005,
                    "Actual Total Time": 0.006,
                    "Actual Rows": 2,
                    "Actual Loops": 13674,
                    "Index Cond": "(movie_id = ci.movie_id)",
                    "Rows Removed by Index Recheck": 0,
                    "Heap Fetches": 26483
                  }
                ]
              }
            ]
          }
        ]
      }
    ]
  },
  "Planning Time": 1.087,
  "Triggers": [],
  "Execution Time": 443.675
}