[
  {
    "Plan": {
      "Node Type": "Aggregate",
      "Strategy": "Plain",
      "Partial Mode": "Finalize",
      "Parallel Aware": false,
      "Startup Cost": 45407.75,
      "Total Cost": 45407.76,
      "Plan Rows": 1,
      "Plan Width": 8,
      "Actual Startup Time": 153.379,
      "Actual Total Time": 162.025,
      "Actual Rows": 1,
      "Actual Loops": 1,
      "Plans": [
        {
          "Node Type": "Gather",
          "Parent Relationship": "Outer",
          "Parallel Aware": false,
          "Startup Cost": 45407.43,
          "Total Cost": 45407.74,
          "Plan Rows": 3,
          "Plan Width": 8,
          "Actual Startup Time": 153.22,
          "Actual Total Time": 162.015,
          "Actual Rows": 4,
          "Actual Loops": 1,
          "Workers Planned": 3,
          "Workers Launched": 3,
          "Single Copy": false,
          "Plans": [
            {
              "Node Type": "Aggregate",
              "Strategy": "Plain",
              "Partial Mode": "Partial",
              "Parent Relationship": "Outer",
              "Parallel Aware": false,
              "Startup Cost": 44407.43,
              "Total Cost": 44407.44,
              "Plan Rows": 1,
              "Plan Width": 8,
              "Actual Startup Time": 149.539,
              "Actual Total Time": 149.541,
              "Actual Rows": 1,
              "Actual Loops": 4,
              "Plans": [
                {
                  "Node Type": "Seq Scan",
                  "Parent Relationship": "Outer",
                  "Parallel Aware": true,
                  "Relation Name": "movie_keyword",
                  "Alias": "mk",
                  "Startup Cost": 0.0,
                  "Total Cost": 42695.65,
                  "Plan Rows": 684710,
                  "Plan Width": 0,
                  "Actual Startup Time": 0.465,
                  "Actual Total Time": 121.522,
                  "Actual Rows": 527459,
                  "Actual Loops": 4,
                  "Filter": "(keyword_id > 5673)",
                  "Rows Removed by Filter": 603523
                }
              ]
            }
          ]
        }
      ]
    },
    "Planning Time": 0.096,
    "Triggers": [],
    "Execution Time": 162.058
  }
]