{
    "Plan": {
        "Node Type": "Aggregate",
        "Strategy": "Plain",
        "Partial Mode": "Finalize",
        "Parallel Aware": false,
        "Startup Cost": 99667.26,
        "Total Cost": 99667.27,
        "Plan Rows": 1,
        "Plan Width": 8,
        "Actual Startup Time": 610.762,
        "Actual Total Time": 633.489,
        "Actual Rows": 1,
        "Actual Loops": 1,
        "Output": [
            "count(*)"
        ],
        "Plans": [
            {
                "Node Type": "Gather",
                "Parent Relationship": "Outer",
                "Parallel Aware": false,
                "Startup Cost": 99666.94,
                "Total Cost": 99667.25,
                "Plan Rows": 3,
                "Plan Width": 8,
                "Actual Startup Time": 601.532,
                "Actual Total Time": 633.479,
                "Actual Rows": 4,
                "Actual Loops": 1,
                "Output": [
                    "(PARTIAL count(*))"
                ],
                "Workers Planned": 3,
                "Workers Launched": 3,
                "Single Copy": false,
                "Plans": [
                    {
                        "Node Type": "Aggregate",
                        "Strategy": "Plain",
                        "Partial Mode": "Partial",
                        "Parent Relationship": "Outer",
                        "Parallel Aware": false,
                        "Startup Cost": 98666.94,
                        "Total Cost": 98666.95,
                        "Plan Rows": 1,
                        "Plan Width": 8,
                        "Actual Startup Time": 589.929,
                        "Actual Total Time": 589.932,
                        "Actual Rows": 1,
                        "Actual Loops": 4,
                        "Output": [
                            "PARTIAL count(*)"
                        ],
                        "Workers": [
                            {
                                "Worker Number": 0,
                                "Actual Startup Time": 586.886,
                                "Actual Total Time": 586.889,
                                "Actual Rows": 1,
                                "Actual Loops": 1
                            },
                            {
                                "Worker Number": 1,
                                "Actual Startup Time": 585.939,
                                "Actual Total Time": 585.942,
                                "Actual Rows": 1,
                                "Actual Loops": 1
                            },
                            {
                                "Worker Number": 2,
                                "Actual Startup Time": 586.017,
                                "Actual Total Time": 586.02,
                                "Actual Rows": 1,
                                "Actual Loops": 1
                            }
                        ],
                        "Plans": [
                            {
                                "Node Type": "Hash Join",
                                "Parent Relationship": "Outer",
                                "Parallel Aware": true,
                                "Join Type": "Inner",
                                "Startup Cost": 49552.03,
                                "Total Cost": 96065.47,
                                "Plan Rows": 1040590,
                                "Plan Width": 0,
                                "Actual Startup Time": 281.321,
                                "Actual Total Time": 560.342,
                                "Actual Rows": 722259,
                                "Actual Loops": 4,
                                "Inner Unique": true,
                                "Hash Cond": "(mk.movie_id = t.id)",
                                "Workers": [
                                    {
                                        "Worker Number": 0,
                                        "Actual Startup Time": 277.49,
                                        "Actual Total Time": 558.239,
                                        "Actual Rows": 707435,
                                        "Actual Loops": 1
                                    },
                                    {
                                        "Worker Number": 1,
                                        "Actual Startup Time": 277.647,
                                        "Actual Total Time": 557.124,
                                        "Actual Rows": 712005,
                                        "Actual Loops": 1
                                    },
                                    {
                                        "Worker Number": 2,
                                        "Actual Startup Time": 277.719,
                                        "Actual Total Time": 558.791,
                                        "Actual Rows": 671061,
                                        "Actual Loops": 1
                                    }
                                ],
                                "Plans": [
                                    {
                                        "Node Type": "Seq Scan",
                                        "Parent Relationship": "Outer",
                                        "Parallel Aware": true,
                                        "Relation Name": "movie_keyword",
                                        "Schema": "public",
                                        "Alias": "mk",
                                        "Startup Cost": 0.0,
                                        "Total Cost": 42695.65,
                                        "Plan Rows": 1454389,
                                        "Plan Width": 4,
                                        "Actual Startup Time": 0.015,
                                        "Actual Total Time": 125.231,
                                        "Actual Rows": 1127392,
                                        "Actual Loops": 4,
                                        "Output": [
                                            "mk.id",
                                            "mk.movie_id",
                                            "mk.keyword_id"
                                        ],
                                        "Filter": "(mk.keyword_id > 1)",
                                        "Rows Removed by Filter": 3591,
                                        "Workers": [
                                            {
                                                "Worker Number": 0,
                                                "Actual Startup Time": 0.017,
                                                "Actual Total Time": 129.831,
                                                "Actual Rows": 1101277,
                                                "Actual Loops": 1
                                            },
                                            {
                                                "Worker Number": 1,
                                                "Actual Startup Time": 0.019,
                                                "Actual Total Time": 129.878,
                                                "Actual Rows": 1106370,
                                                "Actual Loops": 1
                                            },
                                            {
                                                "Worker Number": 2,
                                                "Actual Startup Time": 0.015,
                                                "Actual Total Time": 130.093,
                                                "Actual Rows": 1048206,
                                                "Actual Loops": 1
                                            }
                                        ]
                                    },
                                    {
                                        "Node Type": "Hash",
                                        "Parent Relationship": "Inner",
                                        "Parallel Aware": true,
                                        "Startup Cost": 43899.01,
                                        "Total Cost": 43899.01,
                                        "Plan Rows": 452242,
                                        "Plan Width": 4,
                                        "Actual Startup Time": 273.314,
                                        "Actual Total Time": 273.315,
                                        "Actual Rows": 453311,
                                        "Actual Loops": 4,
                                        "Output": [
                                            "t.id"
                                        ],
                                        "Hash Buckets": 2097152,
                                        "Original Hash Buckets": 2097152,
                                        "Hash Batches": 1,
                                        "Original Hash Batches": 1,
                                        "Peak Memory Usage": 87360,
                                        "Workers": [
                                            {
                                                "Worker Number": 0,
                                                "Actual Startup Time": 276.786,
                                                "Actual Total Time": 276.786,
                                                "Actual Rows": 430704,
                                                "Actual Loops": 1
                                            },
                                            {
                                                "Worker Number": 1,
                                                "Actual Startup Time": 276.833,
                                                "Actual Total Time": 276.834,
                                                "Actual Rows": 435060,
                                                "Actual Loops": 1
                                            },
                                            {
                                                "Worker Number": 2,
                                                "Actual Startup Time": 276.886,
                                                "Actual Total Time": 276.887,
                                                "Actual Rows": 387157,
                                                "Actual Loops": 1
                                            }
                                        ],
                                        "Plans": [
                                            {
                                                "Node Type": "Seq Scan",
                                                "Parent Relationship": "Outer",
                                                "Parallel Aware": true,
                                                "Relation Name": "title",
                                                "Schema": "public",
                                                "Alias": "t",
                                                "Startup Cost": 0.0,
                                                "Total Cost": 43899.01,
                                                "Plan Rows": 452242,
                                                "Plan Width": 4,
                                                "Actual Startup Time": 0.054,
                                                "Actual Total Time": 109.521,
                                                "Actual Rows": 453311,
                                                "Actual Loops": 4,
                                                "Output": [
                                                    "t.id"
                                                ],
                                                "Filter": "(t.production_year > 1987)",
                                                "Rows Removed by Filter": 178767,
                                                "Workers": [
                                                    {
                                                        "Worker Number": 0,
                                                        "Actual Startup Time": 0.064,
                                                        "Actual Total Time": 114.799,
                                                        "Actual Rows": 430704,
                                                        "Actual Loops": 1
                                                    },
                                                    {
                                                        "Worker Number": 1,
                                                        "Actual Startup Time": 0.073,
                                                        "Actual Total Time": 115.158,
                                                        "Actual Rows": 435060,
                                                        "Actual Loops": 1
                                                    },
                                                    {
                                                        "Worker Number": 2,
                                                        "Actual Startup Time": 0.065,
                                                        "Actual Total Time": 110.295,
                                                        "Actual Rows": 387157,
                                                        "Actual Loops": 1
                                                    }
                                                ]
                                            }
                                        ]
                                    }
                                ]
                            }
                        ]
                    }
                ]
            }
        ]
    },
    "Planning Time": 0.755,
    "Triggers": [],
    "Execution Time": 633.562
}