{
  "Plan": {
    "Node Type": "Aggregate",
    "Strategy": "Plain",
    "Partial Mode": "Finalize",
    "Parallel Aware": false,
    "Startup Cost": 108758.37,
    "Total Cost": 108758.38,
    "Plan Rows": 1,
    "Plan Width": 8,
    "Actual Startup Time": 670.337,
    "Actual Total Time": 686.019,
    "Actual Rows": 1,
    "Actual Loops": 1,
    "Plans": [
      {
        "Node Type": "Gather",
        "Parent Relationship": "Outer",
        "Parallel Aware": false,
        "Startup Cost": 108758.25,
        "Total Cost": 108758.36,
        "Plan Rows": 1,
        "Plan Width": 8,
        "Actual Startup Time": 668.591,
        "Actual Total Time": 686.012,
        "Actual Rows": 2,
        "Actual Loops": 1,
        "Workers Planned": 1,
        "Workers Launched": 1,
        "Single Copy": false,
        "Plans": [
          {
            "Node Type": "Aggregate",
            "Strategy": "Plain",
            "Partial Mode": "Partial",
            "Parent Relationship": "Outer",
            "Parallel Aware": false,
            "Startup Cost": 107758.25,
            "Total Cost": 107758.26,
            "Plan Rows": 1,
            "Plan Width": 8,
            "Actual Startup Time": 662.716,
            "Actual Total Time": 662.719,
            "Actual Rows": 1,
            "Actual Loops": 2,
            "Plans": [
              {
                "Node Type": "Hash Join",
                "Parent Relationship": "Outer",
                "Parallel Aware": true,
                "Join Type": "Inner",
                "Startup Cost": 43732.01,
                "Total Cost": 106606.81,
                "Plan Rows": 460579,
                "Plan Width": 0,
                "Actual Startup Time": 222.928,
                "Actual Total Time": 646.503,
                "Actual Rows": 398698,
                "Actual Loops": 2,
                "Inner Unique": false,
                "Hash Cond": "(t.id = mc.movie_id)",
                "Plans": [
                  {
                    "Node Type": "Seq Scan",
                    "Parent Relationship": "Outer",
                    "Parallel Aware": true,
                    "Relation Name": "title",
                    "Alias": "t",
                    "Startup Cost": 0.0,
                    "Total Cost": 50870.31,
                    "Plan Rows": 1487231,
                    "Plan Width": 4,
                    "Actual Startup Time": 0.01,
                    "Actual Total Time": 115.753,
                    "Actual Rows": 1264156,
                    "Actual Loops": 2
                  },
                  {
                    "Node Type": "Hash",
                    "Parent Relationship": "Inner",
                    "Parallel Aware": true,
                    "Startup Cost": 37974.77,
                    "Total Cost": 37974.77,
                    "Plan Rows": 460579,
                    "Plan Width": 4,
                    "Actual Startup Time": 213.488,
                    "Actual Total Time": 213.489,
                    "Actual Rows": 398698,
                    "Actual Loops": 2,
                    "Hash Buckets": 1048576,
                    "Original Hash Buckets": 1048576,
                    "Hash Batches": 1,
                    "Original Hash Batches": 1,
                    "Peak Memory Usage": 39424,
                    "Plans": [
                      {
                        "Node Type": "Seq Scan",
                        "Parent Relationship": "Outer",
                        "Parallel Aware": true,
                        "Relation Name": "movie_companies",
                        "Alias": "mc",
                        "Startup Cost": 0.0,
                        "Total Cost": 37974.77,
                        "Plan Rows": 460579,
                        "Plan Width": 4,
                        "Actual Startup Time": 34.756,
                        "Actual Total Time": 127.612,
                        "Actual Rows": 398698,
                        "Actual Loops": 2,
                        "Filter": "(company_id > 30787)",
                        "Rows Removed by Filter": 905867
                      }
                    ]
                  }
                ]
              }
            ]
          }
        ]
      }
    ]
  },
  "Planning Time": 0.676,
  "Triggers": [],
  "Execution Time": 686.087
}