[
  {
    "Plan": {
      "Node Type": "Aggregate",
      "Strategy": "Plain",
      "Partial Mode": "Finalize",
      "Parallel Aware": false,
      "Startup Cost": 287231.19,
      "Total Cost": 287231.2,
      "Plan Rows": 1,
      "Plan Width": 8,
      "Actual Startup Time": 847.395,
      "Actual Total Time": 869.015,
      "Actual Rows": 1,
      "Actual Loops": 1,
      "Plans": [
        {
          "Node Type": "Gather",
          "Parent Relationship": "Outer",
          "Parallel Aware": false,
          "Startup Cost": 287230.87,
          "Total Cost": 287231.18,
          "Plan Rows": 3,
          "Plan Width": 8,
          "Actual Startup Time": 842.898,
          "Actual Total Time": 869.002,
          "Actual Rows": 4,
          "Actual Loops": 1,
          "Workers Planned": 3,
          "Workers Launched": 3,
          "Single Copy": false,
          "Plans": [
            {
              "Node Type": "Aggregate",
              "Strategy": "Plain",
              "Partial Mode": "Partial",
              "Parent Relationship": "Outer",
              "Parallel Aware": false,
              "Startup Cost": 286230.87,
              "Total Cost": 286230.88,
              "Plan Rows": 1,
              "Plan Width": 8,
              "Actual Startup Time": 834.513,
              "Actual Total Time": 834.775,
              "Actual Rows": 1,
              "Actual Loops": 4,
              "Plans": [
                {
                  "Node Type": "Hash Join",
                  "Parent Relationship": "Outer",
                  "Parallel Aware": true,
                  "Join Type": "Inner",
                  "Startup Cost": 241308.08,
                  "Total Cost": 286007.0,
                  "Plan Rows": 89551,
                  "Plan Width": 0,
                  "Actual Startup Time": 457.397,
                  "Actual Total Time": 786.18,
                  "Actual Rows": 884892,
                  "Actual Loops": 4,
                  "Inner Unique": false,
                  "Hash Cond": "(mk.movie_id = t.id)",
                  "Plans": [
                    {
                      "Node Type": "Seq Scan",
                      "Parent Relationship": "Outer",
                      "Parallel Aware": true,
                      "Relation Name": "movie_keyword",
                      "Alias": "mk",
                      "Startup Cost": 0.0,
                      "Total Cost": 39047.32,
                      "Plan Rows": 1459332,
                      "Plan Width": 4,
                      "Actual Startup Time": 0.042,
                      "Actual Total Time": 110.764,
                      "Actual Rows": 1130982,
                      "Actual Loops": 4
                    },
                    {
                      "Node Type": "Hash",
                      "Parent Relationship": "Inner",
                      "Parallel Aware": true,
                      "Startup Cost": 240920.19,
                      "Total Cost": 240920.19,
                      "Plan Rows": 31031,
                      "Plan Width": 8,
                      "Actual Startup Time": 455.302,
                      "Actual Total Time": 455.563,
                      "Actual Rows": 130044,
                      "Actual Loops": 4,
                      "Hash Buckets": 524288,
                      "Original Hash Buckets": 262144,
                      "Hash Batches": 1,
                      "Original Hash Batches": 1,
                      "Peak Memory Usage": 26528,
                      "Plans": [
                        {
                          "Node Type": "Hash Join",
                          "Parent Relationship": "Outer",
                          "Parallel Aware": true,
                          "Join Type": "Inner",
                          "Startup Cost": 74244.63,
                          "Total Cost": 240920.19,
                          "Plan Rows": 31031,
                          "Plan Width": 8,
                          "Actual Startup Time": 248.475,
                          "Actual Total Time": 403.221,
                          "Actual Rows": 130044,
                          "Actual Loops": 4,
                          "Inner Unique": true,
                          "Hash Cond": "(mi.movie_id = t.id)",
                          "Plans": [
                            {
                              "Node Type": "Bitmap Heap Scan",
                              "Parent Relationship": "Outer",
                              "Parallel Aware": true,
                              "Relation Name": "movie_info",
                              "Alias": "mi",
                              "Startup Cost": 27973.07,
                              "Total Cost": 193835.95,
                              "Plan Rows": 309591,
                              "Plan Width": 4,
                              "Actual Startup Time": 74.61,
                              "Actual Total Time": 129.169,
                              "Actual Rows": 383477,
                              "Actual Loops": 4,
                              "Recheck Cond": "(info_type_id = 3)",
                              "Rows Removed by Index Recheck": 0,
                              "Exact Heap Blocks": 2317,
                              "Lossy Heap Blocks": 0,
                              "Plans": [
                                {
                                  "Node Type": "Bitmap Index Scan",
                                  "Parent Relationship": "Outer",
                                  "Parallel Aware": false,
                                  "Index Name": "info_type_id_movie_info",
                                  "Startup Cost": 0.0,
                                  "Total Cost": 27586.08,
                                  "Plan Rows": 1547953,
                                  "Plan Width": 0,
                                  "Actual Startup Time": 72.269,
                                  "Actual Total Time": 72.269,
                                  "Actual Rows": 1533909,
                                  "Actual Loops": 1,
                                  "Index Cond": "(info_type_id = 3)"
                                }
                              ]
                            },
                            {
                              "Node Type": "Hash",
                              "Parent Relationship": "Inner",
                              "Parallel Aware": true,
                              "Startup Cost": 45479.59,
                              "Total Cost": 45479.59,
                              "Plan Rows": 63358,
                              "Plan Width": 4,
                              "Actual Startup Time": 172.707,
                              "Actual Total Time": 172.708,
                              "Actual Rows": 93486,
                              "Actual Loops": 4,
                              "Hash Buckets": 524288,
                              "Original Hash Buckets": 262144,
                              "Hash Batches": 1,
                              "Original Hash Batches": 1,
                              "Peak Memory Usage": 20832,
                              "Plans": [
                                {
                                  "Node Type": "Seq Scan",
                                  "Parent Relationship": "Outer",
                                  "Parallel Aware": true,
                                  "Relation Name": "title",
                                  "Alias": "t",
                                  "Startup Cost": 0.0,
                                  "Total Cost": 45479.59,
                                  "Plan Rows": 63358,
                                  "Plan Width": 4,
                                  "Actual Startup Time": 0.066,
                                  "Actual Total Time": 127.005,
                                  "Actual Rows": 93486,
                                  "Actual Loops": 4,
                                  "Filter": "((kind_id < 7) AND (production_year < 1989))",
                                  "Rows Removed by Filter": 538592
                                }
                              ]
                            }
                          ]
                        }
                      ]
                    }
                  ]
                }
              ]
            }
          ]
        }
      ]
    },
    "Planning Time": 0.825,
    "Triggers": [],
    "Execution Time": 869.099
  }
]