[
  {
    "Plan": {
      "Node Type": "Aggregate",
      "Strategy": "Plain",
      "Partial Mode": "Finalize",
      "Parallel Aware": false,
      "Startup Cost": 46648.82,
      "Total Cost": 46648.83,
      "Plan Rows": 1,
      "Plan Width": 8,
      "Actual Startup Time": 80.83,
      "Actual Total Time": 87.198,
      "Actual Rows": 1,
      "Actual Loops": 1,
      "Plans": [
        {
          "Node Type": "Gather",
          "Parent Relationship": "Outer",
          "Parallel Aware": false,
          "Startup Cost": 46648.4,
          "Total Cost": 46648.81,
          "Plan Rows": 4,
          "Plan Width": 8,
          "Actual Startup Time": 80.729,
          "Actual Total Time": 87.191,
          "Actual Rows": 5,
          "Actual Loops": 1,
          "Workers Planned": 4,
          "Workers Launched": 4,
          "Single Copy": false,
          "Plans": [
            {
              "Node Type": "Aggregate",
              "Strategy": "Plain",
              "Partial Mode": "Partial",
              "Parent Relationship": "Outer",
              "Parallel Aware": false,
              "Startup Cost": 45648.4,
              "Total Cost": 45648.41,
              "Plan Rows": 1,
              "Plan Width": 8,
              "Actual Startup Time": 75.187,
              "Actual Total Time": 75.188,
              "Actual Rows": 1,
              "Actual Loops": 5,
              "Plans": [
                {
                  "Node Type": "Seq Scan",
                  "Parent Relationship": "Outer",
                  "Parallel Aware": true,
                  "Relation Name": "title",
                  "Alias": "t",
                  "Startup Cost": 0.0,
                  "Total Cost": 45479.21,
                  "Plan Rows": 67676,
                  "Plan Width": 0,
                  "Actual Startup Time": 0.033,
                  "Actual Total Time": 73.305,
                  "Actual Rows": 27995,
                  "Actual Loops": 5,
                  "Filter": "((kind_id > 1) AND (production_year < 1970))",
                  "Rows Removed by Filter": 477668
                }
              ]
            }
          ]
        }
      ]
    },
    "Planning Time": 0.041,
    "Triggers": [],
    "Execution Time": 87.217
  }
]