[
  {
    "Plan": {
      "Node Type": "Aggregate",
      "Strategy": "Plain",
      "Partial Mode": "Finalize",
      "Parallel Aware": false,
      "Startup Cost": 37111.91,
      "Total Cost": 37111.92,
      "Plan Rows": 1,
      "Plan Width": 8,
      "Actual Startup Time": 123.319,
      "Actual Total Time": 131.48,
      "Actual Rows": 1,
      "Actual Loops": 1,
      "Plans": [
        {
          "Node Type": "Gather",
          "Parent Relationship": "Outer",
          "Parallel Aware": false,
          "Startup Cost": 37111.59,
          "Total Cost": 37111.9,
          "Plan Rows": 3,
          "Plan Width": 8,
          "Actual Startup Time": 123.038,
          "Actual Total Time": 131.473,
          "Actual Rows": 4,
          "Actual Loops": 1,
          "Workers Planned": 3,
          "Workers Launched": 3,
          "Single Copy": false,
          "Plans": [
            {
              "Node Type": "Aggregate",
              "Strategy": "Plain",
              "Partial Mode": "Partial",
              "Parent Relationship": "Outer",
              "Parallel Aware": false,
              "Startup Cost": 36111.59,
              "Total Cost": 36111.6,
              "Plan Rows": 1,
              "Plan Width": 8,
              "Actual Startup Time": 114.432,
              "Actual Total Time": 114.433,
              "Actual Rows": 1,
              "Actual Loops": 4,
              "Plans": [
                {
                  "Node Type": "Bitmap Heap Scan",
                  "Parent Relationship": "Outer",
                  "Parallel Aware": true,
                  "Relation Name": "movie_keyword",
                  "Alias": "mk",
                  "Startup Cost": 9492.38,
                  "Total Cost": 35750.72,
                  "Plan Rows": 144347,
                  "Plan Width": 0,
                  "Actual Startup Time": 36.983,
                  "Actual Total Time": 107.865,
                  "Actual Rows": 115752,
                  "Actual Loops": 4,
                  "Recheck Cond": "(keyword_id < 353)",
                  "Rows Removed by Index Recheck": 0,
                  "Exact Heap Blocks": 11201,
                  "Lossy Heap Blocks": 0,
                  "Plans": [
                    {
                      "Node Type": "Bitmap Index Scan",
                      "Parent Relationship": "Outer",
                      "Parallel Aware": false,
                      "Index Name": "keyword_id_movie_keyword",
                      "Startup Cost": 0.0,
                      "Total Cost": 9380.51,
                      "Plan Rows": 447477,
                      "Plan Width": 0,
                      "Actual Startup Time": 40.368,
                      "Actual Total Time": 40.369,
                      "Actual Rows": 463008,
                      "Actual Loops": 1,
                      "Index Cond": "(keyword_id < 353)"
                    }
                  ]
                }
              ]
            }
          ]
        }
      ]
    },
    "Planning Time": 0.145,
    "Triggers": [],
    "Execution Time": 131.542
  }
]