[
  {
    "Plan": {
      "Node Type": "Aggregate",
      "Strategy": "Plain",
      "Partial Mode": "Finalize",
      "Parallel Aware": false,
      "Startup Cost": 330694.96,
      "Total Cost": 330694.97,
      "Plan Rows": 1,
      "Plan Width": 8,
      "Actual Startup Time": 414.8,
      "Actual Total Time": 428.651,
      "Actual Rows": 1,
      "Actual Loops": 1,
      "Plans": [
        {
          "Node Type": "Gather",
          "Parent Relationship": "Outer",
          "Parallel Aware": false,
          "Startup Cost": 330694.33,
          "Total Cost": 330694.94,
          "Plan Rows": 6,
          "Plan Width": 8,
          "Actual Startup Time": 397.879,
          "Actual Total Time": 428.631,
          "Actual Rows": 7,
          "Actual Loops": 1,
          "Workers Planned": 6,
          "Workers Launched": 6,
          "Single Copy": false,
          "Plans": [
            {
              "Node Type": "Aggregate",
              "Strategy": "Plain",
              "Partial Mode": "Partial",
              "Parent Relationship": "Outer",
              "Parallel Aware": false,
              "Startup Cost": 329694.33,
              "Total Cost": 329694.34,
              "Plan Rows": 1,
              "Plan Width": 8,
              "Actual Startup Time": 382.364,
              "Actual Total Time": 382.368,
              "Actual Rows": 1,
              "Actual Loops": 7,
              "Plans": [
                {
                  "Node Type": "Hash Join",
                  "Parent Relationship": "Outer",
                  "Parallel Aware": true,
                  "Join Type": "Inner",
                  "Startup Cost": 73910.57,
                  "Total Cost": 329357.28,
                  "Plan Rows": 134820,
                  "Plan Width": 0,
                  "Actual Startup Time": 262.153,
                  "Actual Total Time": 376.468,
                  "Actual Rows": 112304,
                  "Actual Loops": 7,
                  "Inner Unique": true,
                  "Hash Cond": "(ci.movie_id = t.id)",
                  "Plans": [
                    {
                      "Node Type": "Bitmap Heap Scan",
                      "Parent Relationship": "Outer",
                      "Parallel Aware": true,
                      "Relation Name": "cast_info",
                      "Alias": "ci",
                      "Startup Cost": 24172.96,
                      "Total Cost": 279140.71,
                      "Plan Rows": 182460,
                      "Plan Width": 4,
                      "Actual Startup Time": 43.272,
                      "Actual Total Time": 74.191,
                      "Actual Rows": 161876,
                      "Actual Loops": 7,
                      "Recheck Cond": "(person_id < 115698)",
                      "Rows Removed by Index Recheck": 0,
                      "Exact Heap Blocks": 2097,
                      "Lossy Heap Blocks": 0,
                      "Plans": [
                        {
                          "Node Type": "Bitmap Index Scan",
                          "Parent Relationship": "Outer",
                          "Parallel Aware": false,
                          "Index Name": "person_id_cast_info",
                          "Startup Cost": 0.0,
                          "Total Cost": 23899.27,
                          "Plan Rows": 1094761,
                          "Plan Width": 0,
                          "Actual Startup Time": 41.409,
                          "Actual Total Time": 41.409,
                          "Actual Rows": 1133129,
                          "Actual Loops": 1,
                          "Index Cond": "(person_id < 115698)"
                        }
                      ]
                    },
                    {
                      "Node Type": "Hash",
                      "Parent Relationship": "Inner",
                      "Parallel Aware": true,
                      "Startup Cost": 43899.32,
                      "Total Cost": 43899.32,
                      "Plan Rows": 467063,
                      "Plan Width": 4,
                      "Actual Startup Time": 214.06,
                      "Actual Total Time": 214.061,
                      "Actual Rows": 266498,
                      "Actual Loops": 7,
                      "Hash Buckets": 2097152,
                      "Original Hash Buckets": 2097152,
                      "Hash Batches": 1,
                      "Original Hash Batches": 1,
                      "Peak Memory Usage": 89440,
                      "Plans": [
                        {
                          "Node Type": "Seq Scan",
                          "Parent Relationship": "Outer",
                          "Parallel Aware": true,
                          "Relation Name": "title",
                          "Alias": "t",
                          "Startup Cost": 0.0,
                          "Total Cost": 43899.32,
                          "Plan Rows": 467063,
                          "Plan Width": 4,
                          "Actual Startup Time": 0.053,
                          "Actual Total Time": 84.585,
                          "Actual Rows": 266498,
                          "Actual Loops": 7,
                          "Filter": "(kind_id > 1)",
                          "Rows Removed by Filter": 94689
                        }
                      ]
                    }
                  ]
                }
              ]
            }
          ]
        }
      ]
    },
    "Planning Time": 0.676,
    "Triggers": [],
    "Execution Time": 428.748
  }
]