[
  {
    "Plan": {
      "Node Type": "Aggregate",
      "Strategy": "Plain",
      "Partial Mode": "Finalize",
      "Parallel Aware": false,
      "Startup Cost": 109829.35,
      "Total Cost": 109829.35,
      "Plan Rows": 1,
      "Plan Width": 8,
      "Actual Startup Time": 242.468,
      "Actual Total Time": 257.199,
      "Actual Rows": 1,
      "Actual Loops": 1,
      "Plans": [
        {
          "Node Type": "Gather",
          "Parent Relationship": "Outer",
          "Parallel Aware": false,
          "Startup Cost": 109828.82,
          "Total Cost": 109829.33,
          "Plan Rows": 5,
          "Plan Width": 8,
          "Actual Startup Time": 242.329,
          "Actual Total Time": 257.188,
          "Actual Rows": 6,
          "Actual Loops": 1,
          "Workers Planned": 5,
          "Workers Launched": 5,
          "Single Copy": false,
          "Plans": [
            {
              "Node Type": "Aggregate",
              "Strategy": "Plain",
              "Partial Mode": "Partial",
              "Parent Relationship": "Outer",
              "Parallel Aware": false,
              "Startup Cost": 108828.82,
              "Total Cost": 108828.83,
              "Plan Rows": 1,
              "Plan Width": 8,
              "Actual Startup Time": 235.817,
              "Actual Total Time": 235.818,
              "Actual Rows": 1,
              "Actual Loops": 6,
              "Plans": [
                {
                  "Node Type": "Index Scan",
                  "Parent Relationship": "Outer",
                  "Parallel Aware": true,
                  "Scan Direction": "Forward",
                  "Index Name": "role_id_cast_info",
                  "Relation Name": "cast_info",
                  "Alias": "ci",
                  "Startup Cost": 0.56,
                  "Total Cost": 107159.34,
                  "Plan Rows": 667795,
                  "Plan Width": 0,
                  "Actual Startup Time": 0.182,
                  "Actual Total Time": 194.866,
                  "Actual Rows": 597469,
                  "Actual Loops": 6,
                  "Index Cond": "(role_id = 3)",
                  "Rows Removed by Index Recheck": 0,
                  "Filter": "(person_id > 541118)",
                  "Rows Removed by Filter": 70537
                }
              ]
            }
          ]
        }
      ]
    },
    "Planning Time": 0.242,
    "Triggers": [],
    "Execution Time": 257.272
  }
]