[
  {
    "Plan": {
      "Node Type": "Aggregate",
      "Strategy": "Plain",
      "Partial Mode": "Finalize",
      "Parallel Aware": false,
      "Startup Cost": 28173.76,
      "Total Cost": 28173.77,
      "Plan Rows": 1,
      "Plan Width": 8,
      "Actual Startup Time": 75.317,
      "Actual Total Time": 79.455,
      "Actual Rows": 1,
      "Actual Loops": 1,
      "Plans": [
        {
          "Node Type": "Gather",
          "Parent Relationship": "Outer",
          "Parallel Aware": false,
          "Startup Cost": 28173.44,
          "Total Cost": 28173.75,
          "Plan Rows": 3,
          "Plan Width": 8,
          "Actual Startup Time": 75.166,
          "Actual Total Time": 79.448,
          "Actual Rows": 4,
          "Actual Loops": 1,
          "Workers Planned": 3,
          "Workers Launched": 3,
          "Single Copy": false,
          "Plans": [
            {
              "Node Type": "Aggregate",
              "Strategy": "Plain",
              "Partial Mode": "Partial",
              "Parent Relationship": "Outer",
              "Parallel Aware": false,
              "Startup Cost": 27173.44,
              "Total Cost": 27173.45,
              "Plan Rows": 1,
              "Plan Width": 8,
              "Actual Startup Time": 67.394,
              "Actual Total Time": 67.396,
              "Actual Rows": 1,
              "Actual Loops": 4,
              "Plans": [
                {
                  "Node Type": "Bitmap Heap Scan",
                  "Parent Relationship": "Outer",
                  "Parallel Aware": true,
                  "Relation Name": "movie_companies",
                  "Alias": "mc",
                  "Startup Cost": 6741.94,
                  "Total Cost": 27045.37,
                  "Plan Rows": 51228,
                  "Plan Width": 0,
                  "Actual Startup Time": 27.178,
                  "Actual Total Time": 61.813,
                  "Actual Rows": 77646,
                  "Actual Loops": 4,
                  "Recheck Cond": "(company_id > 92557)",
                  "Rows Removed by Index Recheck": 0,
                  "Filter": "(company_type_id > 1)",
                  "Rows Removed by Filter": 0,
                  "Exact Heap Blocks": 2569,
                  "Lossy Heap Blocks": 0,
                  "Plans": [
                    {
                      "Node Type": "Bitmap Index Scan",
                      "Parent Relationship": "Outer",
                      "Parallel Aware": false,
                      "Index Name": "company_id_movie_companies",
                      "Startup Cost": 0.0,
                      "Total Cost": 6702.24,
                      "Plan Rows": 312775,
                      "Plan Width": 0,
                      "Actual Startup Time": 33.025,
                      "Actual Total Time": 33.025,
                      "Actual Rows": 310582,
                      "Actual Loops": 1,
                      "Index Cond": "(company_id > 92557)"
                    }
                  ]
                }
              ]
            }
          ]
        }
      ]
    },
    "Planning Time": 0.219,
    "Triggers": [],
    "Execution Time": 79.53
  }
]