[
  {
    "Plan": {
      "Node Type": "Aggregate",
      "Strategy": "Plain",
      "Partial Mode": "Finalize",
      "Parallel Aware": false,
      "Startup Cost": 45574.41,
      "Total Cost": 45574.42,
      "Plan Rows": 1,
      "Plan Width": 8,
      "Actual Startup Time": 142.288,
      "Actual Total Time": 153.017,
      "Actual Rows": 1,
      "Actual Loops": 1,
      "Plans": [
        {
          "Node Type": "Gather",
          "Parent Relationship": "Outer",
          "Parallel Aware": false,
          "Startup Cost": 45574.09,
          "Total Cost": 45574.4,
          "Plan Rows": 3,
          "Plan Width": 8,
          "Actual Startup Time": 142.108,
          "Actual Total Time": 153.005,
          "Actual Rows": 4,
          "Actual Loops": 1,
          "Workers Planned": 3,
          "Workers Launched": 3,
          "Single Copy": false,
          "Plans": [
            {
              "Node Type": "Aggregate",
              "Strategy": "Plain",
              "Partial Mode": "Partial",
              "Parent Relationship": "Outer",
              "Parallel Aware": false,
              "Startup Cost": 44574.09,
              "Total Cost": 44574.1,
              "Plan Rows": 1,
              "Plan Width": 8,
              "Actual Startup Time": 133.968,
              "Actual Total Time": 133.969,
              "Actual Rows": 1,
              "Actual Loops": 4,
              "Plans": [
                {
                  "Node Type": "Seq Scan",
                  "Parent Relationship": "Outer",
                  "Parallel Aware": true,
                  "Relation Name": "movie_keyword",
                  "Alias": "mk",
                  "Startup Cost": 0.0,
                  "Total Cost": 42695.65,
                  "Plan Rows": 751374,
                  "Plan Width": 0,
                  "Actual Startup Time": 0.208,
                  "Actual Total Time": 108.068,
                  "Actual Rows": 579425,
                  "Actual Loops": 4,
                  "Filter": "(keyword_id > 4450)",
                  "Rows Removed by Filter": 551557
                }
              ]
            }
          ]
        }
      ]
    },
    "Planning Time": 0.044,
    "Triggers": [],
    "Execution Time": 153.046
  }
]