{
  "Plan": {
    "Node Type": "Aggregate",
    "Strategy": "Plain",
    "Partial Mode": "Finalize",
    "Parallel Aware": false,
    "Startup Cost": 159637.98,
    "Total Cost": 159637.99,
    "Plan Rows": 1,
    "Plan Width": 8,
    "Actual Startup Time": 1203.238,
    "Actual Total Time": 1228.42,
    "Actual Rows": 1,
    "Actual Loops": 1,
    "Plans": [
      {
        "Node Type": "Gather",
        "Parent Relationship": "Outer",
        "Parallel Aware": false,
        "Startup Cost": 159637.87,
        "Total Cost": 159637.98,
        "Plan Rows": 1,
        "Plan Width": 8,
        "Actual Startup Time": 1196.744,
        "Actual Total Time": 1228.412,
        "Actual Rows": 2,
        "Actual Loops": 1,
        "Workers Planned": 1,
        "Workers Launched": 1,
        "Single Copy": false,
        "Plans": [
          {
            "Node Type": "Aggregate",
            "Strategy": "Plain",
            "Partial Mode": "Partial",
            "Parent Relationship": "Outer",
            "Parallel Aware": false,
            "Startup Cost": 158637.87,
            "Total Cost": 158637.88,
            "Plan Rows": 1,
            "Plan Width": 8,
            "Actual Startup Time": 1189.993,
            "Actual Total Time": 1189.998,
            "Actual Rows": 1,
            "Actual Loops": 2,
            "Plans": [
              {
                "Node Type": "Hash Join",
                "Parent Relationship": "Outer",
                "Parallel Aware": true,
                "Join Type": "Inner",
                "Startup Cost": 114126.45,
                "Total Cost": 158008.31,
                "Plan Rows": 251825,
                "Plan Width": 0,
                "Actual Startup Time": 790.987,
                "Actual Total Time": 1135.932,
                "Actual Rows": 1384576,
                "Actual Loops": 2,
                "Inner Unique": false,
                "Hash Cond": "(mc.movie_id = t.id)",
                "Plans": [
                  {
                    "Node Type": "Seq Scan",
                    "Parent Relationship": "Outer",
                    "Parallel Aware": true,
                    "Relation Name": "movie_companies",
                    "Alias": "mc",
                    "Startup Cost": 0.0,
                    "Total Cost": 37974.77,
                    "Plan Rows": 1180204,
                    "Plan Width": 4,
                    "Actual Startup Time": 0.211,
                    "Actual Total Time": 119.449,
                    "Actual Rows": 1006608,
                    "Actual Loops": 2,
                    "Filter": "(company_id > 686)",
                    "Rows Removed by Filter": 297956
                  },
                  {
                    "Node Type": "Hash",
                    "Parent Relationship": "Inner",
                    "Parallel Aware": true,
                    "Startup Cost": 110159.75,
                    "Total Cost": 110159.75,
                    "Plan Rows": 317336,
                    "Plan Width": 8,
                    "Actual Startup Time": 781.202,
                    "Actual Total Time": 781.206,
                    "Actual Rows": 277863,
                    "Actual Loops": 2,
                    "Hash Buckets": 1048576,
                    "Original Hash Buckets": 1048576,
                    "Hash Batches": 1,
                    "Original Hash Batches": 1,
                    "Peak Memory Usage": 29952,
                    "Plans": [
                      {
                        "Node Type": "Hash Join",
                        "Parent Relationship": "Outer",
                        "Parallel Aware": true,
                        "Join Type": "Inner",
                        "Startup Cost": 80906.04,
                        "Total Cost": 110159.75,
                        "Plan Rows": 317336,
                        "Plan Width": 8,
                        "Actual Startup Time": 557.774,
                        "Actual Total Time": 718.15,
                        "Actual Rows": 277863,
                        "Actual Loops": 2,
                        "Inner Unique": true,
                        "Hash Cond": "(mk.movie_id = t.id)",
                        "Plans": [
                          {
                            "Node Type": "Bitmap Heap Scan",
                            "Parent Relationship": "Outer",
                            "Parallel Aware": true,
                            "Relation Name": "movie_keyword",
                            "Alias": "mk",
                            "Startup Cost": 11445.34,
                            "Total Cost": 39866.05,
                            "Plan Rows": 317336,
                            "Plan Width": 4,
                            "Actual Startup Time": 30.41,
                            "Actual Total Time": 99.991,
                            "Actual Rows": 277863,
                            "Actual Loops": 2,
                            "Recheck Cond": "(keyword_id < 398)",
                            "Rows Removed by Index Recheck": 0,
                            "Exact Heap Blocks": 13318,
                            "Lossy Heap Blocks": 0,
                            "Plans": [
                              {
                                "Node Type": "Bitmap Index Scan",
                                "Parent Relationship": "Outer",
                                "Parallel Aware": false,
                                "Index Name": "keyword_id_movie_keyword",
                                "Startup Cost": 0.0,
                                "Total Cost": 11310.47,
                                "Plan Rows": 539472,
                                "Plan Width": 0,
                                "Actual Startup Time": 26.836,
                                "Actual Total Time": 26.836,
                                "Actual Rows": 555726,
                                "Actual Loops": 1,
                                "Index Cond": "(keyword_id < 398)"
                              }
                            ]
                          },
                          {
                            "Node Type": "Hash",
                            "Parent Relationship": "Inner",
                            "Parallel Aware": true,
                            "Startup Cost": 50870.31,
                            "Total Cost": 50870.31,
                            "Plan Rows": 1487231,
                            "Plan Width": 4,
                            "Actual Startup Time": 509.748,
                            "Actual Total Time": 509.749,
                            "Actual Rows": 1264156,
                            "Actual Loops": 2,
                            "Hash Buckets": 4194304,
                            "Original Hash Buckets": 4194304,
                            "Hash Batches": 1,
                            "Original Hash Batches": 1,
                            "Peak Memory Usage": 131712,
                            "Plans": [
                              {
                                "Node Type": "Seq Scan",
                                "Parent Relationship": "Outer",
                                "Parallel Aware": true,
                                "Relation Name": "title",
                                "Alias": "t",
                                "Startup Cost": 0.0,
                                "Total Cost": 50870.31,
                                "Plan Rows": 1487231,
                                "Plan Width": 4,
                                "Actual Startup Time": 0.041,
                                "Actual Total Time": 150.506,
                                "Actual Rows": 1264156,
                                "Actual Loops": 2
                              }
                            ]
                          }
                        ]
                      }
                    ]
                  }
                ]
              }
            ]
          }
        ]
      }
    ]
  },
  "Planning Time": 0.865,
  "Triggers": [],
  "Execution Time": 1228.518
}