{
  "Plan": {
    "Node Type": "Aggregate",
    "Strategy": "Plain",
    "Partial Mode": "Simple",
    "Parallel Aware": false,
    "Startup Cost": 80551.72,
    "Total Cost": 80551.73,
    "Plan Rows": 1,
    "Plan Width": 64,
    "Actual Startup Time": 3137.086,
    "Actual Total Time": 3162.655,
    "Actual Rows": 1,
    "Actual Loops": 1,
    "Plans": [
      {
        "Node Type": "Gather",
        "Parent Relationship": "Outer",
        "Parallel Aware": false,
        "Startup Cost": 43536.29,
        "Total Cost": 80551.71,
        "Plan Rows": 1,
        "Plan Width": 23,
        "Actual Startup Time": 2461.603,
        "Actual Total Time": 3162.436,
        "Actual Rows": 1036,
        "Actual Loops": 1,
        "Workers Planned": 4,
        "Workers Launched": 4,
        "Single Copy": false,
        "Plans": [
          {
            "Node Type": "Hash Join",
            "Parent Relationship": "Outer",
            "Parallel Aware": false,
            "Join Type": "Inner",
            "Startup Cost": 42536.29,
            "Total Cost": 79551.61,
            "Plan Rows": 1,
            "Plan Width": 23,
            "Actual Startup Time": 2733.277,
            "Actual Total Time": 2776.203,
            "Actual Rows": 207,
            "Actual Loops": 5,
            "Inner Unique": false,
            "Hash Cond": "(t.id = mi_idx.movie_id)",
            "Plans": [
              {
                "Node Type": "Bitmap Heap Scan",
                "Parent Relationship": "Outer",
                "Parallel Aware": true,
                "Relation Name": "title",
                "Alias": "t",
                "Startup Cost": 4693.16,
                "Total Cost": 41473.71,
                "Plan Rows": 62604,
                "Plan Width": 21,
                "Actual Startup Time": 41.004,
                "Actual Total Time": 91.933,
                "Actual Rows": 48280,
                "Actual Loops": 5,
                "Recheck Cond": "(production_year < 1960)",
                "Rows Removed by Index Recheck": 0,
                "Exact Heap Blocks": 2794,
                "Lossy Heap Blocks": 0,
                "Plans": [
                  {
                    "Node Type": "Bitmap Index Scan",
                    "Parent Relationship": "Outer",
                    "Parallel Aware": false,
                    "Index Name": "idx_title_production_year",
                    "Startup Cost": 0.0,
                    "Total Cost": 4630.56,
                    "Plan Rows": 250417,
                    "Plan Width": 0,
                    "Actual Startup Time": 39.793,
                    "Actual Total Time": 39.795,
                    "Actual Rows": 241400,
                    "Actual Loops": 1,
                    "Index Cond": "(production_year < 1960)"
                  }
                ]
              },
              {
                "Node Type": "Hash",
                "Parent Relationship": "Inner",
                "Parallel Aware": false,
                "Startup Cost": 37843.04,
                "Total Cost": 37843.04,
                "Plan Rows": 7,
                "Plan Width": 14,
                "Actual Startup Time": 2675.798,
                "Actual Total Time": 2675.805,
                "Actual Rows": 8092,
                "Actual Loops": 5,
                "Hash Buckets": 8192,
                "Original Hash Buckets": 1024,
                "Hash Batches": 1,
                "Original Hash Batches": 1,
                "Peak Memory Usage": 412,
                "Plans": [
                  {
                    "Node Type": "Hash Join",
                    "Parent Relationship": "Outer",
                    "Parallel Aware": false,
                    "Join Type": "Inner",
                    "Startup Cost": 8833.02,
                    "Total Cost": 37843.04,
                    "Plan Rows": 7,
                    "Plan Width": 14,
                    "Actual Startup Time": 72.871,
                    "Actual Total Time": 2671.9,
                    "Actual Rows": 8092,
                    "Actual Loops": 5,
                    "Inner Unique": true,
                    "Hash Cond": "(mk.keyword_id = k.id)",
                    "Plans": [
                      {
                        "Node Type": "Nested Loop",
                        "Parent Relationship": "Outer",
                        "Parallel Aware": false,
                        "Join Type": "Inner",
                        "Startup Cost": 6206.73,
                        "Total Cost": 35038.41,
                        "Plan Rows": 67934,
                        "Plan Width": 18,
                        "Actual Startup Time": 28.104,
                        "Actual Total Time": 2347.218,
                        "Actual Rows": 3435922,
                        "Actual Loops": 5,
                        "Inner Unique": false,
                        "Plans": [
                          {
                            "Node Type": "Nested Loop",
                            "Parent Relationship": "Outer",
                            "Parallel Aware": false,
                            "Join Type": "Inner",
                            "Startup Cost": 6206.3,
                            "Total Cost": 21331.03,
                            "Plan Rows": 7123,
                            "Plan Width": 10,
                            "Actual Startup Time": 28.041,
                            "Actual Total Time": 204.625,
                            "Actual Rows": 448969,
                            "Actual Loops": 5,
                            "Inner Unique": false,
                            "Plans": [
                              {
                                "Node Type": "Seq Scan",
                                "Parent Relationship": "Outer",
                                "Parallel Aware": false,
                                "Relation Name": "info_type",
                                "Alias": "it",
                                "Startup Cost": 0.0,
                                "Total Cost": 2.41,
                                "Plan Rows": 1,
                                "Plan Width": 4,
                                "Actual Startup Time": 0.076,
                                "Actual Total Time": 0.082,
                                "Actual Rows": 1,
                                "Actual Loops": 5,
                                "Filter": "((info)::text = 'rating'::text)",
                                "Rows Removed by Filter": 112
                              },
                              {
                                "Node Type": "Bitmap Heap Scan",
                                "Parent Relationship": "Inner",
                                "Parallel Aware": false,
                                "Relation Name": "movie_info_idx",
                                "Alias": "mi_idx",
                                "Startup Cost": 6206.3,
                                "Total Cost": 19316.43,
                                "Plan Rows": 201218,
                                "Plan Width": 14,
                                "Actual Startup Time": 27.955,
                                "Actual Total Time": 157.53,
                                "Actual Rows": 448969,
                                "Actual Loops": 5,
                                "Recheck Cond": "(info_type_id = it.id)",
                                "Rows Removed by Index Recheck": 0,
                                "Filter": "(info > '2.0'::text)",
                                "Rows Removed by Filter": 10956,
                                "Exact Heap Blocks": 7934,
                                "Lossy Heap Blocks": 0,
                                "Plans": [
                                  {
                                    "Node Type": "Bitmap Index Scan",
                                    "Parent Relationship": "Outer",
                                    "Parallel Aware": false,
                                    "Index Name": "info_type_id_movie_info_idx",
                                    "Startup Cost": 0.0,
                                    "Total Cost": 6155.99,
                                    "Plan Rows": 345009,
                                    "Plan Width": 0,
                                    "Actual Startup Time": 26.405,
                                    "Actual Total Time": 26.405,
                                    "Actual Rows": 459925,
                                    "Actual Loops": 5,
                                    "Index Cond": "(info_type_id = it.id)"
                                  }
                                ]
                              }
                            ]
                          },
                          {
                            "Node Type": "Index Scan",
                            "Parent Relationship": "Inner",
                            "Parallel Aware": false,
                            "Scan Direction": "Forward",
                            "Index Name": "movie_id_movie_keyword",
                            "Relation Name": "movie_keyword",
                            "Alias": "mk",
                            "Startup Cost": 0.43,
                            "Total Cost": 1.46,
                            "Plan Rows": 46,
                            "Plan Width": 8,
                            "Actual Startup Time": 0.002,
                            "Actual Total Time": 0.004,
                            "Actual Rows": 8,
                            "Actual Loops": 2244845,
                            "Index Cond": "(movie_id = mi_idx.movie_id)",
                            "Rows Removed by Index Recheck": 0
                          }
                        ]
                      },
                      {
                        "Node Type": "Hash",
                        "Parent Relationship": "Inner",
                        "Parallel Aware": false,
                        "Startup Cost": 2626.12,
                        "Total Cost": 2626.12,
                        "Plan Rows": 13,
                        "Plan Width": 4,
                        "Actual Startup Time": 43.676,
                        "Actual Total Time": 43.677,
                        "Actual Rows": 30,
                        "Actual Loops": 5,
                        "Hash Buckets": 1024,
                        "Original Hash Buckets": 1024,
                        "Hash Batches": 1,
                        "Original Hash Batches": 1,
                        "Peak Memory Usage": 10,
                        "Plans": [
                          {
                            "Node Type": "Seq Scan",
                            "Parent Relationship": "Outer",
                            "Parallel Aware": false,
                            "Relation Name": "keyword",
                            "Alias": "k",
                            "Startup Cost": 0.0,
                            "Total Cost": 2626.12,
                            "Plan Rows": 13,
                            "Plan Width": 4,
                            "Actual Startup Time": 3.839,
                            "Actual Total Time": 43.612,
                            "Actual Rows": 30,
                            "Actual Loops": 5,
                            "Filter": "(keyword ~~ '%sequel%'::text)",
                            "Rows Removed by Filter": 134140
                          }
                        ]
                      }
                    ]
                  }
                ]
              }
            ]
          }
        ]
      }
    ]
  },
  "Planning Time": 1.784,
  "Triggers": [],
  "Execution Time": 3162.845
}