[
  {
    "Plan": {
      "Node Type": "Aggregate",
      "Strategy": "Plain",
      "Partial Mode": "Finalize",
      "Parallel Aware": false,
      "Startup Cost": 331605.4,
      "Total Cost": 331605.41,
      "Plan Rows": 1,
      "Plan Width": 8,
      "Actual Startup Time": 630.518,
      "Actual Total Time": 674.009,
      "Actual Rows": 1,
      "Actual Loops": 1,
      "Plans": [
        {
          "Node Type": "Gather",
          "Parent Relationship": "Outer",
          "Parallel Aware": false,
          "Startup Cost": 331604.78,
          "Total Cost": 331605.39,
          "Plan Rows": 6,
          "Plan Width": 8,
          "Actual Startup Time": 630.274,
          "Actual Total Time": 673.995,
          "Actual Rows": 7,
          "Actual Loops": 1,
          "Workers Planned": 6,
          "Workers Launched": 6,
          "Single Copy": false,
          "Plans": [
            {
              "Node Type": "Aggregate",
              "Strategy": "Plain",
              "Partial Mode": "Partial",
              "Parent Relationship": "Outer",
              "Parallel Aware": false,
              "Startup Cost": 330604.78,
              "Total Cost": 330604.79,
              "Plan Rows": 1,
              "Plan Width": 8,
              "Actual Startup Time": 619.62,
              "Actual Total Time": 619.622,
              "Actual Rows": 1,
              "Actual Loops": 7,
              "Plans": [
                {
                  "Node Type": "Seq Scan",
                  "Parent Relationship": "Outer",
                  "Parallel Aware": true,
                  "Relation Name": "cast_info",
                  "Alias": "ci",
                  "Startup Cost": 0.0,
                  "Total Cost": 328211.39,
                  "Plan Rows": 957355,
                  "Plan Width": 0,
                  "Actual Startup Time": 0.068,
                  "Actual Total Time": 574.829,
                  "Actual Rows": 848333,
                  "Actual Loops": 7,
                  "Filter": "(person_id < 574445)",
                  "Rows Removed by Filter": 4329430
                }
              ]
            }
          ]
        }
      ]
    },
    "Planning Time": 0.245,
    "Triggers": [],
    "Execution Time": 674.085
  }
]