[
  {
    "Plan": {
      "Node Type": "Aggregate",
      "Strategy": "Plain",
      "Partial Mode": "Finalize",
      "Parallel Aware": false,
      "Startup Cost": 403739.19,
      "Total Cost": 403739.2,
      "Plan Rows": 1,
      "Plan Width": 8,
      "Actual Startup Time": 1506.59,
      "Actual Total Time": 1530.035,
      "Actual Rows": 1,
      "Actual Loops": 1,
      "Plans": [
        {
          "Node Type": "Gather",
          "Parent Relationship": "Outer",
          "Parallel Aware": false,
          "Startup Cost": 403738.57,
          "Total Cost": 403739.18,
          "Plan Rows": 6,
          "Plan Width": 8,
          "Actual Startup Time": 1499.751,
          "Actual Total Time": 1530.028,
          "Actual Rows": 7,
          "Actual Loops": 1,
          "Workers Planned": 6,
          "Workers Launched": 6,
          "Single Copy": false,
          "Plans": [
            {
              "Node Type": "Aggregate",
              "Strategy": "Plain",
              "Partial Mode": "Partial",
              "Parent Relationship": "Outer",
              "Parallel Aware": false,
              "Startup Cost": 402738.57,
              "Total Cost": 402738.58,
              "Plan Rows": 1,
              "Plan Width": 8,
              "Actual Startup Time": 1492.022,
              "Actual Total Time": 1492.024,
              "Actual Rows": 1,
              "Actual Loops": 7,
              "Plans": [
                {
                  "Node Type": "Hash Join",
                  "Parent Relationship": "Outer",
                  "Parallel Aware": true,
                  "Join Type": "Inner",
                  "Startup Cost": 47009.89,
                  "Total Cost": 399354.2,
                  "Plan Rows": 1353747,
                  "Plan Width": 0,
                  "Actual Startup Time": 304.295,
                  "Actual Total Time": 1434.916,
                  "Actual Rows": 1267192,
                  "Actual Loops": 7,
                  "Inner Unique": true,
                  "Hash Cond": "(ci.movie_id = t.id)",
                  "Plans": [
                    {
                      "Node Type": "Seq Scan",
                      "Parent Relationship": "Outer",
                      "Parallel Aware": true,
                      "Relation Name": "cast_info",
                      "Alias": "ci",
                      "Startup Cost": 0.0,
                      "Total Cost": 343318.94,
                      "Plan Rows": 3438231,
                      "Plan Width": 4,
                      "Actual Startup Time": 188.595,
                      "Actual Total Time": 617.435,
                      "Actual Rows": 3190327,
                      "Actual Loops": 7,
                      "Filter": "((person_id > 431829) AND (role_id > 1))",
                      "Rows Removed by Filter": 1987436
                    },
                    {
                      "Node Type": "Hash",
                      "Parent Relationship": "Inner",
                      "Parallel Aware": true,
                      "Startup Cost": 43899.01,
                      "Total Cost": 43899.01,
                      "Plan Rows": 248871,
                      "Plan Width": 4,
                      "Actual Startup Time": 113.797,
                      "Actual Total Time": 113.798,
                      "Actual Rows": 140721,
                      "Actual Loops": 7,
                      "Hash Buckets": 1048576,
                      "Original Hash Buckets": 1048576,
                      "Hash Batches": 1,
                      "Original Hash Batches": 1,
                      "Peak Memory Usage": 46848,
                      "Plans": [
                        {
                          "Node Type": "Seq Scan",
                          "Parent Relationship": "Outer",
                          "Parallel Aware": true,
                          "Relation Name": "title",
                          "Alias": "t",
                          "Startup Cost": 0.0,
                          "Total Cost": 43899.01,
                          "Plan Rows": 248871,
                          "Plan Width": 4,
                          "Actual Startup Time": 0.028,
                          "Actual Total Time": 64.255,
                          "Actual Rows": 140721,
                          "Actual Loops": 7,
                          "Filter": "(kind_id < 7)",
                          "Rows Removed by Filter": 220466
                        }
                      ]
                    }
                  ]
                }
              ]
            }
          ]
        }
      ]
    },
    "Planning Time": 0.239,
    "Triggers": [],
    "Execution Time": 1530.069
  }
]