[
  {
    "Plan": {
      "Node Type": "Aggregate",
      "Strategy": "Plain",
      "Partial Mode": "Finalize",
      "Parallel Aware": false,
      "Startup Cost": 45863.44,
      "Total Cost": 45863.45,
      "Plan Rows": 1,
      "Plan Width": 8,
      "Actual Startup Time": 102.092,
      "Actual Total Time": 114.346,
      "Actual Rows": 1,
      "Actual Loops": 1,
      "Plans": [
        {
          "Node Type": "Gather",
          "Parent Relationship": "Outer",
          "Parallel Aware": false,
          "Startup Cost": 45863.02,
          "Total Cost": 45863.43,
          "Plan Rows": 4,
          "Plan Width": 8,
          "Actual Startup Time": 101.908,
          "Actual Total Time": 114.336,
          "Actual Rows": 5,
          "Actual Loops": 1,
          "Workers Planned": 4,
          "Workers Launched": 4,
          "Single Copy": false,
          "Plans": [
            {
              "Node Type": "Aggregate",
              "Strategy": "Plain",
              "Partial Mode": "Partial",
              "Parent Relationship": "Outer",
              "Parallel Aware": false,
              "Startup Cost": 44863.02,
              "Total Cost": 44863.03,
              "Plan Rows": 1,
              "Plan Width": 8,
              "Actual Startup Time": 96.076,
              "Actual Total Time": 96.077,
              "Actual Rows": 1,
              "Actual Loops": 5,
              "Plans": [
                {
                  "Node Type": "Seq Scan",
                  "Parent Relationship": "Outer",
                  "Parallel Aware": true,
                  "Relation Name": "title",
                  "Alias": "t",
                  "Startup Cost": 0.0,
                  "Total Cost": 43899.32,
                  "Plan Rows": 385479,
                  "Plan Width": 0,
                  "Actual Startup Time": 0.03,
                  "Actual Total Time": 81.665,
                  "Actual Rows": 308653,
                  "Actual Loops": 5,
                  "Filter": "(kind_id > 6)",
                  "Rows Removed by Filter": 197010
                }
              ]
            }
          ]
        }
      ]
    },
    "Planning Time": 0.19,
    "Triggers": [],
    "Execution Time": 114.4
  }
]