[
  {
    "Plan": {
      "Node Type": "Aggregate",
      "Strategy": "Plain",
      "Partial Mode": "Finalize",
      "Parallel Aware": false,
      "Startup Cost": 332818.14,
      "Total Cost": 332818.15,
      "Plan Rows": 1,
      "Plan Width": 8,
      "Actual Startup Time": 790.673,
      "Actual Total Time": 845.845,
      "Actual Rows": 1,
      "Actual Loops": 1,
      "Plans": [
        {
          "Node Type": "Gather",
          "Parent Relationship": "Outer",
          "Parallel Aware": false,
          "Startup Cost": 332817.51,
          "Total Cost": 332818.12,
          "Plan Rows": 6,
          "Plan Width": 8,
          "Actual Startup Time": 790.511,
          "Actual Total Time": 845.827,
          "Actual Rows": 7,
          "Actual Loops": 1,
          "Workers Planned": 6,
          "Workers Launched": 6,
          "Single Copy": false,
          "Plans": [
            {
              "Node Type": "Aggregate",
              "Strategy": "Plain",
              "Partial Mode": "Partial",
              "Parent Relationship": "Outer",
              "Parallel Aware": false,
              "Startup Cost": 331817.51,
              "Total Cost": 331817.52,
              "Plan Rows": 1,
              "Plan Width": 8,
              "Actual Startup Time": 783.236,
              "Actual Total Time": 783.238,
              "Actual Rows": 1,
              "Actual Loops": 7,
              "Plans": [
                {
                  "Node Type": "Seq Scan",
                  "Parent Relationship": "Outer",
                  "Parallel Aware": true,
                  "Relation Name": "cast_info",
                  "Alias": "ci",
                  "Startup Cost": 0.0,
                  "Total Cost": 328211.39,
                  "Plan Rows": 1442449,
                  "Plan Width": 0,
                  "Actual Startup Time": 412.024,
                  "Actual Total Time": 712.49,
                  "Actual Rows": 1222341,
                  "Actual Loops": 7,
                  "Filter": "(person_id > 2831677)",
                  "Rows Removed by Filter": 3955422
                }
              ]
            }
          ]
        }
      ]
    },
    "Planning Time": 0.217,
    "Triggers": [],
    "Execution Time": 845.925
  }
]