{
  "Plan": {
    "Node Type": "Aggregate",
    "Strategy": "Plain",
    "Partial Mode": "Finalize",
    "Parallel Aware": false,
    "Startup Cost": 126851.24,
    "Total Cost": 126851.25,
    "Plan Rows": 1,
    "Plan Width": 8,
    "Actual Startup Time": 994.696,
    "Actual Total Time": 1008.731,
    "Actual Rows": 1,
    "Actual Loops": 1,
    "Plans": [
      {
        "Node Type": "Gather",
        "Parent Relationship": "Outer",
        "Parallel Aware": false,
        "Startup Cost": 126851.13,
        "Total Cost": 126851.24,
        "Plan Rows": 1,
        "Plan Width": 8,
        "Actual Startup Time": 990.659,
        "Actual Total Time": 1008.722,
        "Actual Rows": 2,
        "Actual Loops": 1,
        "Workers Planned": 1,
        "Workers Launched": 1,
        "Single Copy": false,
        "Plans": [
          {
            "Node Type": "Aggregate",
            "Strategy": "Plain",
            "Partial Mode": "Partial",
            "Parent Relationship": "Outer",
            "Parallel Aware": false,
            "Startup Cost": 125851.13,
            "Total Cost": 125851.14,
            "Plan Rows": 1,
            "Plan Width": 8,
            "Actual Startup Time": 985.268,
            "Actual Total Time": 986.091,
            "Actual Rows": 1,
            "Actual Loops": 2,
            "Plans": [
              {
                "Node Type": "Hash Join",
                "Parent Relationship": "Outer",
                "Parallel Aware": true,
                "Join Type": "Inner",
                "Startup Cost": 106435.79,
                "Total Cost": 125756.68,
                "Plan Rows": 37778,
                "Plan Width": 0,
                "Actual Startup Time": 830.953,
                "Actual Total Time": 978.07,
                "Actual Rows": 155208,
                "Actual Loops": 2,
                "Inner Unique": false,
                "Hash Cond": "(mi_idx.movie_id = t.id)",
                "Plans": [
                  {
                    "Node Type": "Seq Scan",
                    "Parent Relationship": "Outer",
                    "Parallel Aware": true,
                    "Relation Name": "movie_info_idx",
                    "Alias": "mi_idx",
                    "Startup Cost": 0.0,
                    "Total Cost": 18082.32,
                    "Plan Rows": 271028,
                    "Plan Width": 4,
                    "Actual Startup Time": 0.043,
                    "Actual Total Time": 62.084,
                    "Actual Rows": 229962,
                    "Actual Loops": 2,
                    "Filter": "(info_type_id = 101)",
                    "Rows Removed by Filter": 460055
                  },
                  {
                    "Node Type": "Hash",
                    "Parent Relationship": "Inner",
                    "Parallel Aware": true,
                    "Startup Cost": 103844.55,
                    "Total Cost": 103844.55,
                    "Plan Rows": 207299,
                    "Plan Width": 8,
                    "Actual Startup Time": 828.285,
                    "Actual Total Time": 829.106,
                    "Actual Rows": 336366,
                    "Actual Loops": 2,
                    "Hash Buckets": 1048576,
                    "Original Hash Buckets": 524288,
                    "Hash Batches": 1,
                    "Original Hash Batches": 1,
                    "Peak Memory Usage": 38656,
                    "Plans": [
                      {
                        "Node Type": "Hash Join",
                        "Parent Relationship": "Outer",
                        "Parallel Aware": true,
                        "Join Type": "Inner",
                        "Startup Cost": 42459.64,
                        "Total Cost": 103844.55,
                        "Plan Rows": 207299,
                        "Plan Width": 8,
                        "Actual Startup Time": 209.34,
                        "Actual Total Time": 721.937,
                        "Actual Rows": 336366,
                        "Actual Loops": 2,
                        "Inner Unique": false,
                        "Hash Cond": "(t.id = mc.movie_id)",
                        "Plans": [
                          {
                            "Node Type": "Seq Scan",
                            "Parent Relationship": "Outer",
                            "Parallel Aware": true,
                            "Relation Name": "title",
                            "Alias": "t",
                            "Startup Cost": 0.0,
                            "Total Cost": 50870.31,
                            "Plan Rows": 1487231,
                            "Plan Width": 4,
                            "Actual Startup Time": 0.012,
                            "Actual Total Time": 136.794,
                            "Actual Rows": 1264156,
                            "Actual Loops": 2
                          },
                          {
                            "Node Type": "Hash",
                            "Parent Relationship": "Inner",
                            "Parallel Aware": true,
                            "Startup Cost": 39868.4,
                            "Total Cost": 39868.4,
                            "Plan Rows": 207299,
                            "Plan Width": 4,
                            "Actual Startup Time": 207.086,
                            "Actual Total Time": 207.088,
                            "Actual Rows": 336366,
                            "Actual Loops": 2,
                            "Hash Buckets": 1048576,
                            "Original Hash Buckets": 524288,
                            "Hash Batches": 1,
                            "Original Hash Batches": 1,
                            "Peak Memory Usage": 38624,
                            "Plans": [
                              {
                                "Node Type": "Bitmap Heap Scan",
                                "Parent Relationship": "Outer",
                                "Parallel Aware": true,
                                "Relation Name": "movie_companies",
                                "Alias": "mc",
                                "Startup Cost": 14954.15,
                                "Total Cost": 39868.4,
                                "Plan Rows": 207299,
                                "Plan Width": 4,
                                "Actual Startup Time": 53.615,
                                "Actual Total Time": 118.53,
                                "Actual Rows": 336366,
                                "Actual Loops": 2,
                                "Recheck Cond": "(company_id > 43941)",
                                "Rows Removed by Index Recheck": 0,
                                "Filter": "(company_type_id = 2)",
                                "Rows Removed by Filter": 18491,
                                "Exact Heap Blocks": 9488,
                                "Lossy Heap Blocks": 0,
                                "Plans": [
                                  {
                                    "Node Type": "Bitmap Index Scan",
                                    "Parent Relationship": "Outer",
                                    "Parallel Aware": false,
                                    "Index Name": "company_id_movie_companies",
                                    "Startup Cost": 0.0,
                                    "Total Cost": 14866.05,
                                    "Plan Rows": 694082,
                                    "Plan Width": 0,
                                    "Actual Startup Time": 41.591,
                                    "Actual Total Time": 41.591,
                                    "Actual Rows": 709715,
                                    "Actual Loops": 1,
                                    "Index Cond": "(company_id > 43941)"
                                  }
                                ]
                              }
                            ]
                          }
                        ]
                      }
                    ]
                  }
                ]
              }
            ]
          }
        ]
      }
    ]
  },
  "Planning Time": 0.472,
  "Triggers": [],
  "Execution Time": 1008.791
}