[
  {
    "Plan": {
      "Node Type": "Aggregate",
      "Strategy": "Plain",
      "Partial Mode": "Finalize",
      "Parallel Aware": false,
      "Startup Cost": 320148.58,
      "Total Cost": 320148.59,
      "Plan Rows": 1,
      "Plan Width": 8,
      "Actual Startup Time": 277.084,
      "Actual Total Time": 296.257,
      "Actual Rows": 1,
      "Actual Loops": 1,
      "Plans": [
        {
          "Node Type": "Gather",
          "Parent Relationship": "Outer",
          "Parallel Aware": false,
          "Startup Cost": 320147.95,
          "Total Cost": 320148.56,
          "Plan Rows": 6,
          "Plan Width": 8,
          "Actual Startup Time": 275.444,
          "Actual Total Time": 296.246,
          "Actual Rows": 7,
          "Actual Loops": 1,
          "Workers Planned": 6,
          "Workers Launched": 6,
          "Single Copy": false,
          "Plans": [
            {
              "Node Type": "Aggregate",
              "Strategy": "Plain",
              "Partial Mode": "Partial",
              "Parent Relationship": "Outer",
              "Parallel Aware": false,
              "Startup Cost": 319147.95,
              "Total Cost": 319147.96,
              "Plan Rows": 1,
              "Plan Width": 8,
              "Actual Startup Time": 265.898,
              "Actual Total Time": 265.902,
              "Actual Rows": 1,
              "Actual Loops": 7,
              "Plans": [
                {
                  "Node Type": "Bitmap Heap Scan",
                  "Parent Relationship": "Outer",
                  "Parallel Aware": true,
                  "Relation Name": "cast_info",
                  "Alias": "ci",
                  "Startup Cost": 59700.86,
                  "Total Cost": 318021.27,
                  "Plan Rows": 450673,
                  "Plan Width": 0,
                  "Actual Startup Time": 109.91,
                  "Actual Total Time": 240.32,
                  "Actual Rows": 400722,
                  "Actual Loops": 7,
                  "Recheck Cond": "(person_id < 270116)",
                  "Rows Removed by Index Recheck": 0,
                  "Exact Heap Blocks": 6459,
                  "Lossy Heap Blocks": 0,
                  "Plans": [
                    {
                      "Node Type": "Bitmap Index Scan",
                      "Parent Relationship": "Outer",
                      "Parallel Aware": false,
                      "Index Name": "person_id_cast_info",
                      "Startup Cost": 0.0,
                      "Total Cost": 59024.85,
                      "Plan Rows": 2704038,
                      "Plan Width": 0,
                      "Actual Startup Time": 113.741,
                      "Actual Total Time": 113.741,
                      "Actual Rows": 2805052,
                      "Actual Loops": 1,
                      "Index Cond": "(person_id < 270116)"
                    }
                  ]
                }
              ]
            }
          ]
        }
      ]
    },
    "Planning Time": 0.101,
    "Triggers": [],
    "Execution Time": 296.303
  }
]