[
  {
    "Plan": {
      "Node Type": "Aggregate",
      "Strategy": "Plain",
      "Partial Mode": "Finalize",
      "Parallel Aware": false,
      "Startup Cost": 334680.44,
      "Total Cost": 334680.45,
      "Plan Rows": 1,
      "Plan Width": 8,
      "Actual Startup Time": 748.417,
      "Actual Total Time": 796.306,
      "Actual Rows": 1,
      "Actual Loops": 1,
      "Plans": [
        {
          "Node Type": "Gather",
          "Parent Relationship": "Outer",
          "Parallel Aware": false,
          "Startup Cost": 334679.82,
          "Total Cost": 334680.43,
          "Plan Rows": 6,
          "Plan Width": 8,
          "Actual Startup Time": 748.233,
          "Actual Total Time": 796.288,
          "Actual Rows": 7,
          "Actual Loops": 1,
          "Workers Planned": 6,
          "Workers Launched": 6,
          "Single Copy": false,
          "Plans": [
            {
              "Node Type": "Aggregate",
              "Strategy": "Plain",
              "Partial Mode": "Partial",
              "Parent Relationship": "Outer",
              "Parallel Aware": false,
              "Startup Cost": 333679.82,
              "Total Cost": 333679.83,
              "Plan Rows": 1,
              "Plan Width": 8,
              "Actual Startup Time": 739.428,
              "Actual Total Time": 739.429,
              "Actual Rows": 1,
              "Actual Loops": 7,
              "Plans": [
                {
                  "Node Type": "Seq Scan",
                  "Parent Relationship": "Outer",
                  "Parallel Aware": true,
                  "Relation Name": "cast_info",
                  "Alias": "ci",
                  "Startup Cost": 0.0,
                  "Total Cost": 328211.39,
                  "Plan Rows": 2187370,
                  "Plan Width": 0,
                  "Actual Startup Time": 0.054,
                  "Actual Total Time": 637.452,
                  "Actual Rows": 1888395,
                  "Actual Loops": 7,
                  "Filter": "(person_id < 1304017)",
                  "Rows Removed by Filter": 3289368
                }
              ]
            }
          ]
        }
      ]
    },
    "Planning Time": 0.207,
    "Triggers": [],
    "Execution Time": 796.38
  }
]