{
    "Plan": {
        "Node Type": "Aggregate",
        "Strategy": "Plain",
        "Partial Mode": "Simple",
        "Parallel Aware": false,
        "Startup Cost": 20081957606.98,
        "Total Cost": 20081957606.99,
        "Plan Rows": 1,
        "Plan Width": 96,
        "Actual Startup Time": 198138.794,
        "Actual Total Time": 198138.839,
        "Actual Rows": 1,
        "Actual Loops": 1,
        "Output": [
            "min(k.keyword)",
            "min(n.name)",
            "min(t.title)"
        ],
        "Plans": [
            {
                "Node Type": "Nested Loop",
                "Parent Relationship": "Outer",
                "Parallel Aware": false,
                "Join Type": "Inner",
                "Startup Cost": 20081875286.99,
                "Total Cost": 20081957568.41,
                "Plan Rows": 5143,
                "Plan Width": 48,
                "Actual Startup Time": 153263.893,
                "Actual Total Time": 197798.423,
                "Actual Rows": 824577,
                "Actual Loops": 1,
                "Output": [
                    "k.keyword",
                    "n.name",
                    "t.title"
                ],
                "Inner Unique": true,
                "Plans": [
                    {
                        "Node Type": "Hash Join",
                        "Parent Relationship": "Outer",
                        "Parallel Aware": false,
                        "Join Type": "Inner",
                        "Startup Cost": 10081875286.55,
                        "Total Cost": 10081911342.06,
                        "Plan Rows": 10363,
                        "Plan Width": 39,
                        "Actual Startup Time": 153263.701,
                        "Actual Total Time": 188013.915,
                        "Actual Rows": 1813743,
                        "Actual Loops": 1,
                        "Output": [
                            "ci.movie_id",
                            "mk.movie_id",
                            "k.keyword",
                            "n.name"
                        ],
                        "Inner Unique": false,
                        "Hash Cond": "(k.id = mk.keyword_id)",
                        "Plans": [
                            {
                                "Node Type": "Index Scan",
                                "Parent Relationship": "Outer",
                                "Parallel Aware": false,
                                "Scan Direction": "Forward",
                                "Index Name": "keyword_pkey",
                                "Relation Name": "keyword",
                                "Schema": "public",
                                "Alias": "k",
                                "Startup Cost": 0.42,
                                "Total Cost": 6349.2,
                                "Plan Rows": 8,
                                "Plan Width": 20,
                                "Actual Startup Time": 0.748,
                                "Actual Total Time": 63.551,
                                "Actual Rows": 7,
                                "Actual Loops": 1,
                                "Output": [
                                    "k.id",
                                    "k.keyword",
                                    "k.phonetic_code"
                                ],
                                "Filter": "(k.keyword = ANY ('{fight,claw,hand-to-hand-combat,murder-in-title,marvel-comics,female-nudity,based-on-comic,blood}'::text[]))",
                                "Rows Removed by Filter": 134163
                            },
                            {
                                "Node Type": "Hash",
                                "Parent Relationship": "Inner",
                                "Parallel Aware": false,
                                "Startup Cost": 10079702847.74,
                                "Total Cost": 10079702847.74,
                                "Plan Rows": 173795071,
                                "Plan Width": 27,
                                "Actual Startup Time": 143364.861,
                                "Actual Total Time": 143364.897,
                                "Actual Rows": 215765477,
                                "Actual Loops": 1,
                                "Output": [
                                    "ci.movie_id",
                                    "mk.keyword_id",
                                    "mk.movie_id",
                                    "n.name"
                                ],
                                "Hash Buckets": 67108864,
                                "Original Hash Buckets": 67108864,
                                "Hash Batches": 4,
                                "Original Hash Batches": 4,
                                "Peak Memory Usage": 3556998,
                                "Plans": [
                                    {
                                        "Node Type": "Merge Join",
                                        "Parent Relationship": "Outer",
                                        "Parallel Aware": false,
                                        "Join Type": "Inner",
                                        "Startup Cost": 10077073506.34,
                                        "Total Cost": 10079702847.74,
                                        "Plan Rows": 173795071,
                                        "Plan Width": 27,
                                        "Actual Startup Time": 32015.13,
                                        "Actual Total Time": 83124.867,
                                        "Actual Rows": 215765477,
                                        "Actual Loops": 1,
                                        "Output": [
                                            "ci.movie_id",
                                            "mk.keyword_id",
                                            "mk.movie_id",
                                            "n.name"
                                        ],
                                        "Inner Unique": false,
                                        "Merge Cond": "(mk.movie_id = ci.movie_id)",
                                        "Plans": [
                                            {
                                                "Node Type": "Sort",
                                                "Parent Relationship": "Outer",
                                                "Parallel Aware": false,
                                                "Startup Cost": 569794.43,
                                                "Total Cost": 581104.25,
                                                "Plan Rows": 4523930,
                                                "Plan Width": 8,
                                                "Actual Startup Time": 1043.717,
                                                "Actual Total Time": 1736.749,
                                                "Actual Rows": 4523930,
                                                "Actual Loops": 1,
                                                "Output": [
                                                    "mk.keyword_id",
                                                    "mk.movie_id"
                                                ],
                                                "Sort Key": [
                                                    "mk.movie_id"
                                                ],
                                                "Sort Method": "quicksort",
                                                "Sort Space Used": 408668,
                                                "Sort Space Type": "Memory",
                                                "Plans": [
                                                    {
                                                        "Node Type": "Seq Scan",
                                                        "Parent Relationship": "Outer",
                                                        "Parallel Aware": false,
                                                        "Relation Name": "movie_keyword",
                                                        "Schema": "public",
                                                        "Alias": "mk",
                                                        "Startup Cost": 0.0,
                                                        "Total Cost": 69693.3,
                                                        "Plan Rows": 4523930,
                                                        "Plan Width": 8,
                                                        "Actual Startup Time": 0.023,
                                                        "Actual Total Time": 368.289,
                                                        "Actual Rows": 4523930,
                                                        "Actual Loops": 1,
                                                        "Output": [
                                                            "mk.keyword_id",
                                                            "mk.movie_id"
                                                        ]
                                                    }
                                                ]
                                            },
                                            {
                                                "Node Type": "Sort",
                                                "Parent Relationship": "Inner",
                                                "Parallel Aware": false,
                                                "Startup Cost": 10076503589.81,
                                                "Total Cost": 10076594221.75,
                                                "Plan Rows": 36252776,
                                                "Plan Width": 19,
                                                "Actual Startup Time": 30971.353,
                                                "Actual Total Time": 54693.5,
                                                "Actual Rows": 241074053,
                                                "Actual Loops": 1,
                                                "Output": [
                                                    "ci.movie_id",
                                                    "n.name"
                                                ],
                                                "Sort Key": [
                                                    "ci.movie_id"
                                                ],
                                                "Sort Method": "quicksort",
                                                "Sort Space Used": 3692204,
                                                "Sort Space Type": "Memory",
                                                "Plans": [
                                                    {
                                                        "Node Type": "Hash Join",
                                                        "Parent Relationship": "Outer",
                                                        "Parallel Aware": false,
                                                        "Join Type": "Inner",
                                                        "Startup Cost": 10002151609.83,
                                                        "Total Cost": 10071951765.91,
                                                        "Plan Rows": 36252776,
                                                        "Plan Width": 19,
                                                        "Actual Startup Time": 12366.161,
                                                        "Actual Total Time": 18796.345,
                                                        "Actual Rows": 36244344,
                                                        "Actual Loops": 1,
                                                        "Output": [
                                                            "ci.movie_id",
                                                            "n.name"
                                                        ],
                                                        "Inner Unique": false,
                                                        "Hash Cond": "(n.id = ci.person_id)",
                                                        "Plans": [
                                                            {
                                                                "Node Type": "Index Scan",
                                                                "Parent Relationship": "Outer",
                                                                "Parallel Aware": false,
                                                                "Scan Direction": "Forward",
                                                                "Index Name": "name_pkey",
                                                                "Relation Name": "name",
                                                                "Schema": "public",
                                                                "Alias": "n",
                                                                "Startup Cost": 0.43,
                                                                "Total Cost": 178173.8,
                                                                "Plan Rows": 4167549,
                                                                "Plan Width": 19,
                                                                "Actual Startup Time": 0.03,
                                                                "Actual Total Time": 1443.948,
                                                                "Actual Rows": 4167491,
                                                                "Actual Loops": 1,
                                                                "Output": [
                                                                    "n.id",
                                                                    "n.name",
                                                                    "n.imdb_index",
                                                                    "n.imdb_id",
                                                                    "n.gender",
                                                                    "n.name_pcode_cf",
                                                                    "n.name_pcode_nf",
                                                                    "n.surname_pcode",
                                                                    "n.md5sum"
                                                                ]
                                                            },
                                                            {
                                                                "Node Type": "Hash",
                                                                "Parent Relationship": "Inner",
                                                                "Parallel Aware": false,
                                                                "Startup Cost": 10001698449.7,
                                                                "Total Cost": 10001698449.7,
                                                                "Plan Rows": 36252776,
                                                                "Plan Width": 8,
                                                                "Actual Startup Time": 12161.578,
                                                                "Actual Total Time": 12161.579,
                                                                "Actual Rows": 36244344,
                                                                "Actual Loops": 1,
                                                                "Output": [
                                                                    "ci.movie_id",
                                                                    "ci.person_id"
                                                                ],
                                                                "Hash Buckets": 67108864,
                                                                "Original Hash Buckets": 67108864,
                                                                "Hash Batches": 1,
                                                                "Original Hash Batches": 1,
                                                                "Peak Memory Usage": 1940083,
                                                                "Plans": [
                                                                    {
                                                                        "Node Type": "Index Scan",
                                                                        "Parent Relationship": "Outer",
                                                                        "Parallel Aware": false,
                                                                        "Scan Direction": "Forward",
                                                                        "Index Name": "person_id_cast_info",
                                                                        "Relation Name": "cast_info",
                                                                        "Schema": "public",
                                                                        "Alias": "ci",
                                                                        "Startup Cost": 10000000000.57,
                                                                        "Total Cost": 10001698449.7,
                                                                        "Plan Rows": 36252776,
                                                                        "Plan Width": 8,
                                                                        "Actual Startup Time": 0.041,
                                                                        "Actual Total Time": 6738.975,
                                                                        "Actual Rows": 36244344,
                                                                        "Actual Loops": 1,
                                                                        "Output": [
                                                                            "ci.movie_id",
                                                                            "ci.person_id"
                                                                        ]
                                                                    }
                                                                ]
                                                            }
                                                        ]
                                                    }
                                                ]
                                            }
                                        ]
                                    }
                                ]
                            }
                        ]
                    },
                    {
                        "Node Type": "Bitmap Heap Scan",
                        "Parent Relationship": "Inner",
                        "Parallel Aware": false,
                        "Relation Name": "title",
                        "Schema": "public",
                        "Alias": "t",
                        "Startup Cost": 0.45,
                        "Total Cost": 4.46,
                        "Plan Rows": 1,
                        "Plan Width": 21,
                        "Actual Startup Time": 0.003,
                        "Actual Total Time": 0.003,
                        "Actual Rows": 0,
                        "Actual Loops": 1813743,
                        "Output": [
                            "t.id",
                            "t.title",
                            "t.imdb_index",
                            "t.kind_id",
                            "t.production_year",
                            "t.imdb_id",
                            "t.phonetic_code",
                            "t.episode_of_id",
                            "t.season_nr",
                            "t.episode_nr",
                            "t.series_years",
                            "t.md5sum"
                        ],
                        "Recheck Cond": "(t.id = mk.movie_id)",
                        "Rows Removed by Index Recheck": 0,
                        "Filter": "(t.production_year > 2002)",
                        "Rows Removed by Filter": 1,
                        "Exact Heap Blocks": 1813743,
                        "Lossy Heap Blocks": 0,
                        "Plans": [
                            {
                                "Node Type": "Bitmap Index Scan",
                                "Parent Relationship": "Outer",
                                "Parallel Aware": false,
                                "Index Name": "title_pkey",
                                "Startup Cost": 0.0,
                                "Total Cost": 0.45,
                                "Plan Rows": 1,
                                "Plan Width": 0,
                                "Actual Startup Time": 0.002,
                                "Actual Total Time": 0.002,
                                "Actual Rows": 1,
                                "Actual Loops": 1813743,
                                "Index Cond": "(t.id = mk.movie_id)"
                            }
                        ]
                    }
                ]
            }
        ]
    },
    "Planning Time": 2.0,
    "Triggers": [],
    "Execution Time": 198537.359
}