[
  {
    "Plan": {
      "Node Type": "Aggregate",
      "Strategy": "Plain",
      "Partial Mode": "Finalize",
      "Parallel Aware": false,
      "Startup Cost": 266251.22,
      "Total Cost": 266251.23,
      "Plan Rows": 1,
      "Plan Width": 8,
      "Actual Startup Time": 638.088,
      "Actual Total Time": 655.666,
      "Actual Rows": 1,
      "Actual Loops": 1,
      "Plans": [
        {
          "Node Type": "Gather",
          "Parent Relationship": "Outer",
          "Parallel Aware": false,
          "Startup Cost": 266250.9,
          "Total Cost": 266251.21,
          "Plan Rows": 3,
          "Plan Width": 8,
          "Actual Startup Time": 630.273,
          "Actual Total Time": 655.656,
          "Actual Rows": 4,
          "Actual Loops": 1,
          "Workers Planned": 3,
          "Workers Launched": 3,
          "Single Copy": false,
          "Plans": [
            {
              "Node Type": "Aggregate",
              "Strategy": "Plain",
              "Partial Mode": "Partial",
              "Parent Relationship": "Outer",
              "Parallel Aware": false,
              "Startup Cost": 265250.9,
              "Total Cost": 265250.91,
              "Plan Rows": 1,
              "Plan Width": 8,
              "Actual Startup Time": 614.01,
              "Actual Total Time": 614.015,
              "Actual Rows": 1,
              "Actual Loops": 4,
              "Plans": [
                {
                  "Node Type": "Hash Join",
                  "Parent Relationship": "Outer",
                  "Parallel Aware": true,
                  "Join Type": "Inner",
                  "Startup Cost": 220173.55,
                  "Total Cost": 264941.16,
                  "Plan Rows": 123897,
                  "Plan Width": 0,
                  "Actual Startup Time": 284.02,
                  "Actual Total Time": 553.905,
                  "Actual Rows": 1584624,
                  "Actual Loops": 4,
                  "Inner Unique": false,
                  "Hash Cond": "(mk.movie_id = t.id)",
                  "Plans": [
                    {
                      "Node Type": "Seq Scan",
                      "Parent Relationship": "Outer",
                      "Parallel Aware": true,
                      "Relation Name": "movie_keyword",
                      "Alias": "mk",
                      "Startup Cost": 0.0,
                      "Total Cost": 39047.32,
                      "Plan Rows": 1459332,
                      "Plan Width": 4,
                      "Actual Startup Time": 0.023,
                      "Actual Total Time": 83.46,
                      "Actual Rows": 1130982,
                      "Actual Loops": 4
                    },
                    {
                      "Node Type": "Hash",
                      "Parent Relationship": "Inner",
                      "Parallel Aware": true,
                      "Startup Cost": 219636.93,
                      "Total Cost": 219636.93,
                      "Plan Rows": 42930,
                      "Plan Width": 8,
                      "Actual Startup Time": 281.565,
                      "Actual Total Time": 281.569,
                      "Actual Rows": 34349,
                      "Actual Loops": 4,
                      "Hash Buckets": 262144,
                      "Original Hash Buckets": 262144,
                      "Hash Batches": 1,
                      "Original Hash Batches": 1,
                      "Peak Memory Usage": 7488,
                      "Plans": [
                        {
                          "Node Type": "Hash Join",
                          "Parent Relationship": "Outer",
                          "Parallel Aware": true,
                          "Join Type": "Inner",
                          "Startup Cost": 56178.59,
                          "Total Cost": 219636.93,
                          "Plan Rows": 42930,
                          "Plan Width": 8,
                          "Actual Startup Time": 227.246,
                          "Actual Total Time": 273.474,
                          "Actual Rows": 34349,
                          "Actual Loops": 4,
                          "Inner Unique": true,
                          "Hash Cond": "(mi.movie_id = t.id)",
                          "Plans": [
                            {
                              "Node Type": "Bitmap Heap Scan",
                              "Parent Relationship": "Outer",
                              "Parallel Aware": true,
                              "Relation Name": "movie_info",
                              "Alias": "mi",
                              "Startup Cost": 8778.62,
                              "Total Cost": 171982.65,
                              "Plan Rows": 96882,
                              "Plan Width": 4,
                              "Actual Startup Time": 17.155,
                              "Actual Total Time": 34.9,
                              "Actual Rows": 121638,
                              "Actual Loops": 4,
                              "Recheck Cond": "(info_type_id = 5)",
                              "Rows Removed by Index Recheck": 0,
                              "Exact Heap Blocks": 1889,
                              "Lossy Heap Blocks": 0,
                              "Plans": [
                                {
                                  "Node Type": "Bitmap Index Scan",
                                  "Parent Relationship": "Outer",
                                  "Parallel Aware": false,
                                  "Index Name": "info_type_id_movie_info",
                                  "Startup Cost": 0.0,
                                  "Total Cost": 8657.52,
                                  "Plan Rows": 484411,
                                  "Plan Width": 0,
                                  "Actual Startup Time": 16.384,
                                  "Actual Total Time": 16.384,
                                  "Actual Rows": 486554,
                                  "Actual Loops": 1,
                                  "Index Cond": "(info_type_id = 5)"
                                }
                              ]
                            },
                            {
                              "Node Type": "Hash",
                              "Parent Relationship": "Inner",
                              "Parallel Aware": true,
                              "Startup Cost": 43898.92,
                              "Total Cost": 43898.92,
                              "Plan Rows": 280084,
                              "Plan Width": 4,
                              "Actual Startup Time": 204.277,
                              "Actual Total Time": 204.278,
                              "Actual Rows": 276981,
                              "Actual Loops": 4,
                              "Hash Buckets": 2097152,
                              "Original Hash Buckets": 2097152,
                              "Hash Batches": 1,
                              "Original Hash Batches": 1,
                              "Peak Memory Usage": 59808,
                              "Plans": [
                                {
                                  "Node Type": "Seq Scan",
                                  "Parent Relationship": "Outer",
                                  "Parallel Aware": true,
                                  "Relation Name": "title",
                                  "Alias": "t",
                                  "Startup Cost": 0.0,
                                  "Total Cost": 43898.92,
                                  "Plan Rows": 280084,
                                  "Plan Width": 4,
                                  "Actual Startup Time": 0.035,
                                  "Actual Total Time": 102.081,
                                  "Actual Rows": 276981,
                                  "Actual Loops": 4,
                                  "Filter": "(production_year > 2004)",
                                  "Rows Removed by Filter": 355097
                                }
                              ]
                            }
                          ]
                        }
                      ]
                    }
                  ]
                }
              ]
            }
          ]
        }
      ]
    },
    "Planning Time": 1.418,
    "Triggers": [],
    "Execution Time": 655.769
  }
]