[
    {
        "Bao": {
            "Bao prediction": "NaN",
            "Bao recommended hint": "(no hint)"
        }
    },
    {
        "Plan": {
            "Node Type": "Aggregate",
            "Strategy": "Plain",
            "Partial Mode": "Finalize",
            "Parallel Aware": false,
            "Startup Cost": 383825.67,
            "Total Cost": 383825.68,
            "Plan Rows": 1,
            "Plan Width": 8,
            "Actual Startup Time": 1101.537,
            "Actual Total Time": 1133.284,
            "Actual Rows": 1,
            "Actual Loops": 1,
            "Output": [
                "count(*)"
            ],
            "Plans": [
                {
                    "Node Type": "Gather",
                    "Parent Relationship": "Outer",
                    "Parallel Aware": false,
                    "Startup Cost": 383825.04,
                    "Total Cost": 383825.65,
                    "Plan Rows": 6,
                    "Plan Width": 8,
                    "Actual Startup Time": 1097.188,
                    "Actual Total Time": 1133.273,
                    "Actual Rows": 7,
                    "Actual Loops": 1,
                    "Output": [
                        "(PARTIAL count(*))"
                    ],
                    "Workers Planned": 6,
                    "Workers Launched": 6,
                    "Single Copy": false,
                    "Plans": [
                        {
                            "Node Type": "Aggregate",
                            "Strategy": "Plain",
                            "Partial Mode": "Partial",
                            "Parent Relationship": "Outer",
                            "Parallel Aware": false,
                            "Startup Cost": 382825.04,
                            "Total Cost": 382825.05,
                            "Plan Rows": 1,
                            "Plan Width": 8,
                            "Actual Startup Time": 1087.425,
                            "Actual Total Time": 1087.429,
                            "Actual Rows": 1,
                            "Actual Loops": 7,
                            "Output": [
                                "PARTIAL count(*)"
                            ],
                            "Workers": [
                                {
                                    "Worker Number": 0,
                                    "Actual Startup Time": 1084.644,
                                    "Actual Total Time": 1084.659,
                                    "Actual Rows": 1,
                                    "Actual Loops": 1
                                },
                                {
                                    "Worker Number": 1,
                                    "Actual Startup Time": 1085.49,
                                    "Actual Total Time": 1085.493,
                                    "Actual Rows": 1,
                                    "Actual Loops": 1
                                },
                                {
                                    "Worker Number": 2,
                                    "Actual Startup Time": 1085.796,
                                    "Actual Total Time": 1085.799,
                                    "Actual Rows": 1,
                                    "Actual Loops": 1
                                },
                                {
                                    "Worker Number": 3,
                                    "Actual Startup Time": 1086.177,
                                    "Actual Total Time": 1086.18,
                                    "Actual Rows": 1,
                                    "Actual Loops": 1
                                },
                                {
                                    "Worker Number": 4,
                                    "Actual Startup Time": 1086.582,
                                    "Actual Total Time": 1086.584,
                                    "Actual Rows": 1,
                                    "Actual Loops": 1
                                },
                                {
                                    "Worker Number": 5,
                                    "Actual Startup Time": 1086.439,
                                    "Actual Total Time": 1086.442,
                                    "Actual Rows": 1,
                                    "Actual Loops": 1
                                }
                            ],
                            "Plans": [
                                {
                                    "Node Type": "Hash Join",
                                    "Parent Relationship": "Outer",
                                    "Parallel Aware": true,
                                    "Join Type": "Inner",
                                    "Startup Cost": 47599.97,
                                    "Total Cost": 381397.58,
                                    "Plan Rows": 570984,
                                    "Plan Width": 0,
                                    "Actual Startup Time": 108.481,
                                    "Actual Total Time": 1064.263,
                                    "Actual Rows": 429692,
                                    "Actual Loops": 7,
                                    "Inner Unique": true,
                                    "Hash Cond": "(ci.movie_id = t.id)",
                                    "Workers": [
                                        {
                                            "Worker Number": 0,
                                            "Actual Startup Time": 105.77,
                                            "Actual Total Time": 1063.098,
                                            "Actual Rows": 290582,
                                            "Actual Loops": 1
                                        },
                                        {
                                            "Worker Number": 1,
                                            "Actual Startup Time": 106.651,
                                            "Actual Total Time": 1060.591,
                                            "Actual Rows": 333683,
                                            "Actual Loops": 1
                                        },
                                        {
                                            "Worker Number": 2,
                                            "Actual Startup Time": 106.914,
                                            "Actual Total Time": 1060.994,
                                            "Actual Rows": 333962,
                                            "Actual Loops": 1
                                        },
                                        {
                                            "Worker Number": 3,
                                            "Actual Startup Time": 107.245,
                                            "Actual Total Time": 1063.467,
                                            "Actual Rows": 499185,
                                            "Actual Loops": 1
                                        },
                                        {
                                            "Worker Number": 4,
                                            "Actual Startup Time": 107.265,
                                            "Actual Total Time": 1064.112,
                                            "Actual Rows": 494131,
                                            "Actual Loops": 1
                                        },
                                        {
                                            "Worker Number": 5,
                                            "Actual Startup Time": 107.524,
                                            "Actual Total Time": 1063.218,
                                            "Actual Rows": 512563,
                                            "Actual Loops": 1
                                        }
                                    ],
                                    "Plans": [
                                        {
                                            "Node Type": "Seq Scan",
                                            "Parent Relationship": "Outer",
                                            "Parallel Aware": true,
                                            "Relation Name": "cast_info",
                                            "Schema": "public",
                                            "Alias": "ci",
                                            "Startup Cost": 0.0,
                                            "Total Cost": 328213.62,
                                            "Plan Rows": 2127232,
                                            "Plan Width": 4,
                                            "Actual Startup Time": 0.027,
                                            "Actual Total Time": 612.133,
                                            "Actual Rows": 1810098,
                                            "Actual Loops": 7,
                                            "Output": [
                                                "ci.id",
                                                "ci.person_id",
                                                "ci.movie_id",
                                                "ci.person_role_id",
                                                "ci.note",
                                                "ci.nr_order",
                                                "ci.role_id"
                                            ],
                                            "Filter": "(ci.role_id < 2)",
                                            "Rows Removed by Filter": 3367665,
                                            "Workers": [
                                                {
                                                    "Worker Number": 0,
                                                    "Actual Startup Time": 0.032,
                                                    "Actual Total Time": 597.4,
                                                    "Actual Rows": 1216773,
                                                    "Actual Loops": 1
                                                },
                                                {
                                                    "Worker Number": 1,
                                                    "Actual Startup Time": 0.034,
                                                    "Actual Total Time": 625.72,
                                                    "Actual Rows": 1394174,
                                                    "Actual Loops": 1
                                                },
                                                {
                                                    "Worker Number": 2,
                                                    "Actual Startup Time": 0.036,
                                                    "Actual Total Time": 626.25,
                                                    "Actual Rows": 1393863,
                                                    "Actual Loops": 1
                                                },
                                                {
                                                    "Worker Number": 3,
                                                    "Actual Startup Time": 0.022,
                                                    "Actual Total Time": 612.224,
                                                    "Actual Rows": 2115235,
                                                    "Actual Loops": 1
                                                },
                                                {
                                                    "Worker Number": 4,
                                                    "Actual Startup Time": 0.021,
                                                    "Actual Total Time": 609.941,
                                                    "Actual Rows": 2099817,
                                                    "Actual Loops": 1
                                                },
                                                {
                                                    "Worker Number": 5,
                                                    "Actual Startup Time": 0.027,
                                                    "Actual Total Time": 612.775,
                                                    "Actual Rows": 2131882,
                                                    "Actual Loops": 1
                                                }
                                            ]
                                        },
                                        {
                                            "Node Type": "Hash",
                                            "Parent Relationship": "Inner",
                                            "Parallel Aware": true,
                                            "Startup Cost": 45479.21,
                                            "Total Cost": 45479.21,
                                            "Plan Rows": 169661,
                                            "Plan Width": 4,
                                            "Actual Startup Time": 106.379,
                                            "Actual Total Time": 106.38,
                                            "Actual Rows": 80723,
                                            "Actual Loops": 7,
                                            "Output": [
                                                "t.id"
                                            ],
                                            "Hash Buckets": 1048576,
                                            "Original Hash Buckets": 1048576,
                                            "Hash Batches": 1,
                                            "Original Hash Batches": 1,
                                            "Peak Memory Usage": 30400,
                                            "Workers": [
                                                {
                                                    "Worker Number": 0,
                                                    "Actual Startup Time": 104.846,
                                                    "Actual Total Time": 104.847,
                                                    "Actual Rows": 56284,
                                                    "Actual Loops": 1
                                                },
                                                {
                                                    "Worker Number": 1,
                                                    "Actual Startup Time": 105.792,
                                                    "Actual Total Time": 105.793,
                                                    "Actual Rows": 60772,
                                                    "Actual Loops": 1
                                                },
                                                {
                                                    "Worker Number": 2,
                                                    "Actual Startup Time": 106.058,
                                                    "Actual Total Time": 106.059,
                                                    "Actual Rows": 61428,
                                                    "Actual Loops": 1
                                                },
                                                {
                                                    "Worker Number": 3,
                                                    "Actual Startup Time": 106.473,
                                                    "Actual Total Time": 106.474,
                                                    "Actual Rows": 86717,
                                                    "Actual Loops": 1
                                                },
                                                {
                                                    "Worker Number": 4,
                                                    "Actual Startup Time": 106.345,
                                                    "Actual Total Time": 106.346,
                                                    "Actual Rows": 67560,
                                                    "Actual Loops": 1
                                                },
                                                {
                                                    "Worker Number": 5,
                                                    "Actual Startup Time": 106.7,
                                                    "Actual Total Time": 106.701,
                                                    "Actual Rows": 85887,
                                                    "Actual Loops": 1
                                                }
                                            ],
                                            "Plans": [
                                                {
                                                    "Node Type": "Seq Scan",
                                                    "Parent Relationship": "Outer",
                                                    "Parallel Aware": true,
                                                    "Relation Name": "title",
                                                    "Schema": "public",
                                                    "Alias": "t",
                                                    "Startup Cost": 0.0,
                                                    "Total Cost": 45479.21,
                                                    "Plan Rows": 169661,
                                                    "Plan Width": 4,
                                                    "Actual Startup Time": 0.043,
                                                    "Actual Total Time": 72.722,
                                                    "Actual Rows": 80723,
                                                    "Actual Loops": 7,
                                                    "Output": [
                                                        "t.id"
                                                    ],
                                                    "Filter": "((t.kind_id > 1) AND (t.production_year < 1998))",
                                                    "Rows Removed by Filter": 280464,
                                                    "Workers": [
                                                        {
                                                            "Worker Number": 0,
                                                            "Actual Startup Time": 0.048,
                                                            "Actual Total Time": 71.997,
                                                            "Actual Rows": 56284,
                                                            "Actual Loops": 1
                                                        },
                                                        {
                                                            "Worker Number": 1,
                                                            "Actual Startup Time": 0.057,
                                                            "Actual Total Time": 73.85,
                                                            "Actual Rows": 60772,
                                                            "Actual Loops": 1
                                                        },
                                                        {
                                                            "Worker Number": 2,
                                                            "Actual Startup Time": 0.04,
                                                            "Actual Total Time": 74.299,
                                                            "Actual Rows": 61428,
                                                            "Actual Loops": 1
                                                        },
                                                        {
                                                            "Worker Number": 3,
                                                            "Actual Startup Time": 0.046,
                                                            "Actual Total Time": 73.215,
                                                            "Actual Rows": 86717,
                                                            "Actual Loops": 1
                                                        },
                                                        {
                                                            "Worker Number": 4,
                                                            "Actual Startup Time": 0.046,
                                                            "Actual Total Time": 73.624,
                                                            "Actual Rows": 67560,
                                                            "Actual Loops": 1
                                                        },
                                                        {
                                                            "Worker Number": 5,
                                                            "Actual Startup Time": 0.049,
                                                            "Actual Total Time": 73.141,
                                                            "Actual Rows": 85887,
                                                            "Actual Loops": 1
                                                        }
                                                    ]
                                                }
                                            ]
                                        }
                                    ]
                                }
                            ]
                        }
                    ]
                }
            ]
        },
        "Planning Time": 181.301,
        "Triggers": [],
        "Execution Time": 1133.348
    }
]