{
  "Plan": {
    "Node Type": "Aggregate",
    "Strategy": "Plain",
    "Partial Mode": "Finalize",
    "Parallel Aware": false,
    "Startup Cost": 110370.09,
    "Total Cost": 110370.1,
    "Plan Rows": 1,
    "Plan Width": 8,
    "Actual Startup Time": 700.036,
    "Actual Total Time": 714.707,
    "Actual Rows": 1,
    "Actual Loops": 1,
    "Plans": [
      {
        "Node Type": "Gather",
        "Parent Relationship": "Outer",
        "Parallel Aware": false,
        "Startup Cost": 110369.98,
        "Total Cost": 110370.09,
        "Plan Rows": 1,
        "Plan Width": 8,
        "Actual Startup Time": 698.899,
        "Actual Total Time": 714.7,
        "Actual Rows": 2,
        "Actual Loops": 1,
        "Workers Planned": 1,
        "Workers Launched": 1,
        "Single Copy": false,
        "Plans": [
          {
            "Node Type": "Aggregate",
            "Strategy": "Plain",
            "Partial Mode": "Partial",
            "Parent Relationship": "Outer",
            "Parallel Aware": false,
            "Startup Cost": 109369.98,
            "Total Cost": 109369.99,
            "Plan Rows": 1,
            "Plan Width": 8,
            "Actual Startup Time": 695.38,
            "Actual Total Time": 695.384,
            "Actual Rows": 1,
            "Actual Loops": 2,
            "Plans": [
              {
                "Node Type": "Hash Join",
                "Parent Relationship": "Outer",
                "Parallel Aware": true,
                "Join Type": "Inner",
                "Startup Cost": 46236.96,
                "Total Cost": 108484.93,
                "Plan Rows": 354019,
                "Plan Width": 0,
                "Actual Startup Time": 204.755,
                "Actual Total Time": 684.508,
                "Actual Rows": 196296,
                "Actual Loops": 2,
                "Inner Unique": false,
                "Hash Cond": "(t.id = mc.movie_id)",
                "Plans": [
                  {
                    "Node Type": "Seq Scan",
                    "Parent Relationship": "Outer",
                    "Parallel Aware": true,
                    "Relation Name": "title",
                    "Alias": "t",
                    "Startup Cost": 0.0,
                    "Total Cost": 50870.31,
                    "Plan Rows": 1487231,
                    "Plan Width": 4,
                    "Actual Startup Time": 0.01,
                    "Actual Total Time": 141.568,
                    "Actual Rows": 1264156,
                    "Actual Loops": 2
                  },
                  {
                    "Node Type": "Hash",
                    "Parent Relationship": "Inner",
                    "Parallel Aware": true,
                    "Startup Cost": 41811.73,
                    "Total Cost": 41811.73,
                    "Plan Rows": 354019,
                    "Plan Width": 4,
                    "Actual Startup Time": 198.912,
                    "Actual Total Time": 198.914,
                    "Actual Rows": 196296,
                    "Actual Loops": 2,
                    "Hash Buckets": 1048576,
                    "Original Hash Buckets": 1048576,
                    "Hash Batches": 1,
                    "Original Hash Batches": 1,
                    "Peak Memory Usage": 23584,
                    "Plans": [
                      {
                        "Node Type": "Seq Scan",
                        "Parent Relationship": "Outer",
                        "Parallel Aware": true,
                        "Relation Name": "movie_companies",
                        "Alias": "mc",
                        "Startup Cost": 0.0,
                        "Total Cost": 41811.73,
                        "Plan Rows": 354019,
                        "Plan Width": 4,
                        "Actual Startup Time": 65.643,
                        "Actual Total Time": 135.674,
                        "Actual Rows": 196296,
                        "Actual Loops": 2,
                        "Filter": "((company_id < 10339) AND (company_type_id > 1))",
                        "Rows Removed by Filter": 1108268
                      }
                    ]
                  }
                ]
              }
            ]
          }
        ]
      }
    ]
  },
  "Planning Time": 0.335,
  "Triggers": [],
  "Execution Time": 714.749
}