[
  {
    "Plan": {
      "Node Type": "Aggregate",
      "Strategy": "Plain",
      "Partial Mode": "Finalize",
      "Parallel Aware": false,
      "Startup Cost": 332517.79,
      "Total Cost": 332517.8,
      "Plan Rows": 1,
      "Plan Width": 8,
      "Actual Startup Time": 637.134,
      "Actual Total Time": 695.081,
      "Actual Rows": 1,
      "Actual Loops": 1,
      "Plans": [
        {
          "Node Type": "Gather",
          "Parent Relationship": "Outer",
          "Parallel Aware": false,
          "Startup Cost": 332517.17,
          "Total Cost": 332517.78,
          "Plan Rows": 6,
          "Plan Width": 8,
          "Actual Startup Time": 636.994,
          "Actual Total Time": 695.07,
          "Actual Rows": 7,
          "Actual Loops": 1,
          "Workers Planned": 6,
          "Workers Launched": 6,
          "Single Copy": false,
          "Plans": [
            {
              "Node Type": "Aggregate",
              "Strategy": "Plain",
              "Partial Mode": "Partial",
              "Parent Relationship": "Outer",
              "Parallel Aware": false,
              "Startup Cost": 331517.17,
              "Total Cost": 331517.18,
              "Plan Rows": 1,
              "Plan Width": 8,
              "Actual Startup Time": 630.413,
              "Actual Total Time": 630.414,
              "Actual Rows": 1,
              "Actual Loops": 7,
              "Plans": [
                {
                  "Node Type": "Seq Scan",
                  "Parent Relationship": "Outer",
                  "Parallel Aware": true,
                  "Relation Name": "cast_info",
                  "Alias": "ci",
                  "Startup Cost": 0.0,
                  "Total Cost": 328162.03,
                  "Plan Rows": 1342056,
                  "Plan Width": 0,
                  "Actual Startup Time": 0.036,
                  "Actual Total Time": 574.082,
                  "Actual Rows": 1173339,
                  "Actual Loops": 7,
                  "Filter": "(person_id < 802422)",
                  "Rows Removed by Filter": 4004425
                }
              ]
            }
          ]
        }
      ]
    },
    "Planning Time": 0.106,
    "Triggers": [],
    "Execution Time": 695.13
  }
]