[
  {
    "Plan": {
      "Node Type": "Aggregate",
      "Strategy": "Plain",
      "Partial Mode": "Finalize",
      "Parallel Aware": false,
      "Startup Cost": 207319.48,
      "Total Cost": 207319.49,
      "Plan Rows": 1,
      "Plan Width": 8,
      "Actual Startup Time": 528.001,
      "Actual Total Time": 567.741,
      "Actual Rows": 1,
      "Actual Loops": 1,
      "Plans": [
        {
          "Node Type": "Gather",
          "Parent Relationship": "Outer",
          "Parallel Aware": false,
          "Startup Cost": 207318.95,
          "Total Cost": 207319.46,
          "Plan Rows": 5,
          "Plan Width": 8,
          "Actual Startup Time": 527.733,
          "Actual Total Time": 567.732,
          "Actual Rows": 6,
          "Actual Loops": 1,
          "Workers Planned": 5,
          "Workers Launched": 5,
          "Single Copy": false,
          "Plans": [
            {
              "Node Type": "Aggregate",
              "Strategy": "Plain",
              "Partial Mode": "Partial",
              "Parent Relationship": "Outer",
              "Parallel Aware": false,
              "Startup Cost": 206318.95,
              "Total Cost": 206318.96,
              "Plan Rows": 1,
              "Plan Width": 8,
              "Actual Startup Time": 522.123,
              "Actual Total Time": 522.124,
              "Actual Rows": 1,
              "Actual Loops": 6,
              "Plans": [
                {
                  "Node Type": "Seq Scan",
                  "Parent Relationship": "Outer",
                  "Parallel Aware": true,
                  "Relation Name": "movie_info",
                  "Alias": "mi",
                  "Startup Cost": 0.0,
                  "Total Cost": 199108.24,
                  "Plan Rows": 2884284,
                  "Plan Width": 0,
                  "Actual Startup Time": 0.036,
                  "Actual Total Time": 403.228,
                  "Actual Rows": 2401178,
                  "Actual Loops": 6,
                  "Filter": "(info_type_id < 105)",
                  "Rows Removed by Filter": 71442
                }
              ]
            }
          ]
        }
      ]
    },
    "Planning Time": 0.128,
    "Triggers": [],
    "Execution Time": 567.779
  }
]