{
  "Plan": {
    "Node Type": "Aggregate",
    "Strategy": "Plain",
    "Partial Mode": "Finalize",
    "Parallel Aware": false,
    "Startup Cost": 770732.11,
    "Total Cost": 770732.12,
    "Plan Rows": 1,
    "Plan Width": 32,
    "Actual Startup Time": 5270.47,
    "Actual Total Time": 5273.216,
    "Actual Rows": 1,
    "Actual Loops": 1,
    "Plans": [
      {
        "Node Type": "Gather",
        "Parent Relationship": "Outer",
        "Parallel Aware": false,
        "Startup Cost": 770732.0,
        "Total Cost": 770732.11,
        "Plan Rows": 1,
        "Plan Width": 32,
        "Actual Startup Time": 5270.463,
        "Actual Total Time": 5273.209,
        "Actual Rows": 1,
        "Actual Loops": 1,
        "Workers Planned": 1,
        "Workers Launched": 0,
        "Single Copy": false,
        "Plans": [
          {
            "Node Type": "Aggregate",
            "Strategy": "Plain",
            "Partial Mode": "Partial",
            "Parent Relationship": "Outer",
            "Parallel Aware": false,
            "Startup Cost": 769732.0,
            "Total Cost": 769732.01,
            "Plan Rows": 1,
            "Plan Width": 32,
            "Actual Startup Time": 5269.889,
            "Actual Total Time": 5269.898,
            "Actual Rows": 1,
            "Actual Loops": 1,
            "Plans": [
              {
                "Node Type": "Hash Join",
                "Parent Relationship": "Outer",
                "Parallel Aware": false,
                "Join Type": "Inner",
                "Startup Cost": 759220.2,
                "Total Cost": 769711.74,
                "Plan Rows": 8104,
                "Plan Width": 17,
                "Actual Startup Time": 4964.277,
                "Actual Total Time": 5269.728,
                "Actual Rows": 1277,
                "Actual Loops": 1,
                "Inner Unique": true,
                "Hash Cond": "(mc.company_type_id = ct.id)",
                "Plans": [
                  {
                    "Node Type": "Hash Join",
                    "Parent Relationship": "Outer",
                    "Parallel Aware": true,
                    "Join Type": "Inner",
                    "Startup Cost": 759219.14,
                    "Total Cost": 769535.43,
                    "Plan Rows": 32416,
                    "Plan Width": 21,
                    "Actual Startup Time": 4964.164,
                    "Actual Total Time": 5263.015,
                    "Actual Rows": 131358,
                    "Actual Loops": 1,
                    "Inner Unique": false,
                    "Hash Cond": "(t.id = mc.movie_id)",
                    "Plans": [
                      {
                        "Node Type": "Merge Join",
                        "Parent Relationship": "Outer",
                        "Parallel Aware": false,
                        "Join Type": "Inner",
                        "Startup Cost": 716142.7,
                        "Total Cost": 723290.35,
                        "Plan Rows": 476473,
                        "Plan Width": 25,
                        "Actual Startup Time": 4553.32,
                        "Actual Total Time": 4697.724,
                        "Actual Rows": 800632,
                        "Actual Loops": 1,
                        "Inner Unique": true,
                        "Merge Cond": "(mi.info_type_id = it.id)",
                        "Plans": [
                          {
                            "Node Type": "Sort",
                            "Parent Relationship": "Outer",
                            "Parallel Aware": false,
                            "Startup Cost": 716136.72,
                            "Total Cost": 717327.9,
                            "Plan Rows": 476473,
                            "Plan Width": 29,
                            "Actual Startup Time": 4553.257,
                            "Actual Total Time": 4594.601,
                            "Actual Rows": 800632,
                            "Actual Loops": 1,
                            "Sort Key": [
                              "mi.info_type_id"
                            ],
                            "Sort Method": "quicksort",
                            "Sort Space Used": 90887,
                            "Sort Space Type": "Memory",
                            "Plans": [
                              {
                                "Node Type": "Merge Join",
                                "Parent Relationship": "Outer",
                                "Parallel Aware": false,
                                "Join Type": "Inner",
                                "Startup Cost": 655080.44,
                                "Total Cost": 671200.47,
                                "Plan Rows": 476473,
                                "Plan Width": 29,
                                "Actual Startup Time": 3819.933,
                                "Actual Total Time": 4403.561,
                                "Actual Rows": 800632,
                                "Actual Loops": 1,
                                "Inner Unique": true,
                                "Merge Cond": "(mi.movie_id = t.id)",
                                "Plans": [
                                  {
                                    "Node Type": "Sort",
                                    "Parent Relationship": "Outer",
                                    "Parallel Aware": false,
                                    "Startup Cost": 441325.04,
                                    "Total Cost": 443431.63,
                                    "Plan Rows": 842636,
                                    "Plan Width": 8,
                                    "Actual Startup Time": 3156.027,
                                    "Actual Total Time": 3236.447,
                                    "Actual Rows": 1489842,
                                    "Actual Loops": 1,
                                    "Sort Key": [
                                      "mi.movie_id"
                                    ],
                                    "Sort Method": "quicksort",
                                    "Sort Space Used": 118989,
                                    "Sort Space Type": "Memory",
                                    "Plans": [
                                      {
                                        "Node Type": "Seq Scan",
                                        "Parent Relationship": "Outer",
                                        "Parallel Aware": true,
                                        "Relation Name": "movie_info",
                                        "Alias": "mi",
                                        "Startup Cost": 0.0,
                                        "Total Cost": 358390.48,
                                        "Plan Rows": 842636,
                                        "Plan Width": 8,
                                        "Actual Startup Time": 0.027,
                                        "Actual Total Time": 2880.766,
                                        "Actual Rows": 1489842,
                                        "Actual Loops": 1,
                                        "Filter": "(info = ANY ('{English,Sweden,German,Bulgaria,USA,Danish,Denmark,Germany,Denish,Norway}'::text[]))",
                                        "Rows Removed by Filter": 13345878
                                      }
                                    ]
                                  },
                                  {
                                    "Node Type": "Sort",
                                    "Parent Relationship": "Inner",
                                    "Parallel Aware": false,
                                    "Startup Cost": 213755.05,
                                    "Total Cost": 217329.0,
                                    "Plan Rows": 1429583,
                                    "Plan Width": 21,
                                    "Actual Startup Time": 663.889,
                                    "Actual Total Time": 856.248,
                                    "Actual Rows": 1434126,
                                    "Actual Loops": 1,
                                    "Sort Key": [
                                      "t.id"
                                    ],
                                    "Sort Method": "quicksort",
                                    "Sort Space Used": 148993,
                                    "Sort Space Type": "Memory",
                                    "Plans": [
                                      {
                                        "Node Type": "Seq Scan",
                                        "Parent Relationship": "Outer",
                                        "Parallel Aware": false,
                                        "Relation Name": "title",
                                        "Alias": "t",
                                        "Startup Cost": 0.0,
                                        "Total Cost": 67600.46,
                                        "Plan Rows": 1429583,
                                        "Plan Width": 21,
                                        "Actual Startup Time": 0.027,
                                        "Actual Total Time": 276.816,
                                        "Actual Rows": 1434466,
                                        "Actual Loops": 1,
                                        "Filter": "(production_year > 1999)",
                                        "Rows Removed by Filter": 1093846
                                      }
                                    ]
                                  }
                                ]
                              }
                            ]
                          },
                          {
                            "Node Type": "Sort",
                            "Parent Relationship": "Inner",
                            "Parallel Aware": false,
                            "Startup Cost": 5.98,
                            "Total Cost": 6.27,
                            "Plan Rows": 113,
                            "Plan Width": 4,
                            "Actual Startup Time": 0.055,
                            "Actual Total Time": 0.059,
                            "Actual Rows": 18,
                            "Actual Loops": 1,
                            "Sort Key": [
                              "it.id"
                            ],
                            "Sort Method": "quicksort",
                            "Sort Space Used": 30,
                            "Sort Space Type": "Memory",
                            "Plans": [
                              {
                                "Node Type": "Seq Scan",
                                "Parent Relationship": "Outer",
                                "Parallel Aware": false,
                                "Relation Name": "info_type",
                                "Alias": "it",
                                "Startup Cost": 0.0,
                                "Total Cost": 2.13,
                                "Plan Rows": 113,
                                "Plan Width": 4,
                                "Actual Startup Time": 0.026,
                                "Actual Total Time": 0.035,
                                "Actual Rows": 113,
                                "Actual Loops": 1
                              }
                            ]
                          }
                        ]
                      },
                      {
                        "Node Type": "Hash",
                        "Parent Relationship": "Inner",
                        "Parallel Aware": true,
                        "Startup Cost": 41811.73,
                        "Total Cost": 41811.73,
                        "Plan Rows": 101177,
                        "Plan Width": 8,
                        "Actual Startup Time": 406.744,
                        "Actual Total Time": 406.745,
                        "Actual Rows": 295628,
                        "Actual Loops": 1,
                        "Hash Buckets": 524288,
                        "Original Hash Buckets": 262144,
                        "Hash Batches": 1,
                        "Original Hash Batches": 1,
                        "Peak Memory Usage": 17728,
                        "Plans": [
                          {
                            "Node Type": "Seq Scan",
                            "Parent Relationship": "Outer",
                            "Parallel Aware": true,
                            "Relation Name": "movie_companies",
                            "Alias": "mc",
                            "Startup Cost": 0.0,
                            "Total Cost": 41811.73,
                            "Plan Rows": 101177,
                            "Plan Width": 8,
                            "Actual Startup Time": 0.019,
                            "Actual Total Time": 342.069,
                            "Actual Rows": 295628,
                            "Actual Loops": 1,
                            "Filter": "((note !~~ '%(TV)%'::text) AND (note ~~ '%(USA)%'::text))",
                            "Rows Removed by Filter": 2313501
                          }
                        ]
                      }
                    ]
                  },
                  {
                    "Node Type": "Hash",
                    "Parent Relationship": "Inner",
                    "Parallel Aware": false,
                    "Startup Cost": 1.05,
                    "Total Cost": 1.05,
                    "Plan Rows": 1,
                    "Plan Width": 4,
                    "Actual Startup Time": 0.023,
                    "Actual Total Time": 0.024,
                    "Actual Rows": 1,
                    "Actual Loops": 1,
                    "Hash Buckets": 1024,
                    "Original Hash Buckets": 1024,
                    "Hash Batches": 1,
                    "Original Hash Batches": 1,
                    "Peak Memory Usage": 9,
                    "Plans": [
                      {
                        "Node Type": "Seq Scan",
                        "Parent Relationship": "Outer",
                        "Parallel Aware": false,
                        "Relation Name": "company_type",
                        "Alias": "ct",
                        "Startup Cost": 0.0,
                        "Total Cost": 1.05,
                        "Plan Rows": 1,
                        "Plan Width": 4,
                        "Actual Startup Time": 0.016,
                        "Actual Total Time": 0.018,
                        "Actual Rows": 1,
                        "Actual Loops": 1,
                        "Filter": "((kind)::text = 'production companies'::text)",
                        "Rows Removed by Filter": 3
                      }
                    ]
                  }
                ]
              }
            ]
          }
        ]
      }
    ]
  },
  "Planning Time": 1.088,
  "Triggers": [],
  "Execution Time": 5273.355
}