[
  {
    "Plan": {
      "Node Type": "Aggregate",
      "Strategy": "Plain",
      "Partial Mode": "Finalize",
      "Parallel Aware": false,
      "Startup Cost": 129506.08,
      "Total Cost": 129506.09,
      "Plan Rows": 1,
      "Plan Width": 8,
      "Actual Startup Time": 1158.051,
      "Actual Total Time": 1177.142,
      "Actual Rows": 1,
      "Actual Loops": 1,
      "Plans": [
        {
          "Node Type": "Gather",
          "Parent Relationship": "Outer",
          "Parallel Aware": false,
          "Startup Cost": 129505.76,
          "Total Cost": 129506.07,
          "Plan Rows": 3,
          "Plan Width": 8,
          "Actual Startup Time": 1156.272,
          "Actual Total Time": 1177.131,
          "Actual Rows": 4,
          "Actual Loops": 1,
          "Workers Planned": 3,
          "Workers Launched": 3,
          "Single Copy": false,
          "Plans": [
            {
              "Node Type": "Aggregate",
              "Strategy": "Plain",
              "Partial Mode": "Partial",
              "Parent Relationship": "Outer",
              "Parallel Aware": false,
              "Startup Cost": 128505.76,
              "Total Cost": 128505.77,
              "Plan Rows": 1,
              "Plan Width": 8,
              "Actual Startup Time": 1146.177,
              "Actual Total Time": 1146.183,
              "Actual Rows": 1,
              "Actual Loops": 4,
              "Plans": [
                {
                  "Node Type": "Hash Join",
                  "Parent Relationship": "Outer",
                  "Parallel Aware": true,
                  "Join Type": "Inner",
                  "Startup Cost": 78665.83,
                  "Total Cost": 127745.13,
                  "Plan Rows": 304251,
                  "Plan Width": 0,
                  "Actual Startup Time": 437.589,
                  "Actual Total Time": 965.446,
                  "Actual Rows": 3577069,
                  "Actual Loops": 4,
                  "Inner Unique": false,
                  "Hash Cond": "(mk.movie_id = t.id)",
                  "Plans": [
                    {
                      "Node Type": "Seq Scan",
                      "Parent Relationship": "Outer",
                      "Parallel Aware": true,
                      "Relation Name": "movie_keyword",
                      "Alias": "mk",
                      "Startup Cost": 0.0,
                      "Total Cost": 42695.65,
                      "Plan Rows": 1440588,
                      "Plan Width": 4,
                      "Actual Startup Time": 0.034,
                      "Actual Total Time": 125.394,
                      "Actual Rows": 1116611,
                      "Actual Loops": 4,
                      "Filter": "(keyword_id < 96191)",
                      "Rows Removed by Filter": 14371
                    },
                    {
                      "Node Type": "Hash",
                      "Parent Relationship": "Inner",
                      "Parallel Aware": true,
                      "Startup Cost": 76512.6,
                      "Total Cost": 76512.6,
                      "Plan Rows": 172258,
                      "Plan Width": 8,
                      "Actual Startup Time": 432.665,
                      "Actual Total Time": 432.669,
                      "Actual Rows": 196400,
                      "Actual Loops": 4,
                      "Hash Buckets": 1048576,
                      "Original Hash Buckets": 1048576,
                      "Hash Batches": 1,
                      "Original Hash Batches": 1,
                      "Peak Memory Usage": 39008,
                      "Plans": [
                        {
                          "Node Type": "Hash Join",
                          "Parent Relationship": "Outer",
                          "Parallel Aware": true,
                          "Join Type": "Inner",
                          "Startup Cost": 47096.71,
                          "Total Cost": 76512.6,
                          "Plan Rows": 172258,
                          "Plan Width": 8,
                          "Actual Startup Time": 157.039,
                          "Actual Total Time": 366.901,
                          "Actual Rows": 196400,
                          "Actual Loops": 4,
                          "Inner Unique": true,
                          "Hash Cond": "(mc.movie_id = t.id)",
                          "Plans": [
                            {
                              "Node Type": "Seq Scan",
                              "Parent Relationship": "Outer",
                              "Parallel Aware": true,
                              "Relation Name": "movie_companies",
                              "Alias": "mc",
                              "Startup Cost": 0.0,
                              "Total Cost": 27206.55,
                              "Plan Rows": 841655,
                              "Plan Width": 4,
                              "Actual Startup Time": 0.007,
                              "Actual Total Time": 65.391,
                              "Actual Rows": 652282,
                              "Actual Loops": 4
                            },
                            {
                              "Node Type": "Hash",
                              "Parent Relationship": "Inner",
                              "Parallel Aware": true,
                              "Startup Cost": 45479.59,
                              "Total Cost": 45479.59,
                              "Plan Rows": 129370,
                              "Plan Width": 4,
                              "Actual Startup Time": 155.459,
                              "Actual Total Time": 155.46,
                              "Actual Rows": 110230,
                              "Actual Loops": 4,
                              "Hash Buckets": 524288,
                              "Original Hash Buckets": 524288,
                              "Hash Batches": 1,
                              "Original Hash Batches": 1,
                              "Peak Memory Usage": 21440,
                              "Plans": [
                                {
                                  "Node Type": "Seq Scan",
                                  "Parent Relationship": "Outer",
                                  "Parallel Aware": true,
                                  "Relation Name": "title",
                                  "Alias": "t",
                                  "Startup Cost": 0.0,
                                  "Total Cost": 45479.59,
                                  "Plan Rows": 129370,
                                  "Plan Width": 4,
                                  "Actual Startup Time": 0.051,
                                  "Actual Total Time": 111.129,
                                  "Actual Rows": 110230,
                                  "Actual Loops": 4,
                                  "Filter": "((kind_id < 7) AND (production_year > 2001))",
                                  "Rows Removed by Filter": 521848
                                }
                              ]
                            }
                          ]
                        }
                      ]
                    }
                  ]
                }
              ]
            }
          ]
        }
      ]
    },
    "Planning Time": 1.574,
    "Triggers": [],
    "Execution Time": 1177.235
  }
]