[
  {
    "Plan": {
      "Node Type": "Aggregate",
      "Strategy": "Plain",
      "Partial Mode": "Finalize",
      "Parallel Aware": false,
      "Startup Cost": 129568.62,
      "Total Cost": 129568.63,
      "Plan Rows": 1,
      "Plan Width": 8,
      "Actual Startup Time": 1027.016,
      "Actual Total Time": 1046.683,
      "Actual Rows": 1,
      "Actual Loops": 1,
      "Plans": [
        {
          "Node Type": "Gather",
          "Parent Relationship": "Outer",
          "Parallel Aware": false,
          "Startup Cost": 129568.31,
          "Total Cost": 129568.62,
          "Plan Rows": 3,
          "Plan Width": 8,
          "Actual Startup Time": 1021.275,
          "Actual Total Time": 1046.673,
          "Actual Rows": 4,
          "Actual Loops": 1,
          "Workers Planned": 3,
          "Workers Launched": 3,
          "Single Copy": false,
          "Plans": [
            {
              "Node Type": "Aggregate",
              "Strategy": "Plain",
              "Partial Mode": "Partial",
              "Parent Relationship": "Outer",
              "Parallel Aware": false,
              "Startup Cost": 128568.31,
              "Total Cost": 128568.32,
              "Plan Rows": 1,
              "Plan Width": 8,
              "Actual Startup Time": 1013.511,
              "Actual Total Time": 1013.723,
              "Actual Rows": 1,
              "Actual Loops": 4,
              "Plans": [
                {
                  "Node Type": "Hash Join",
                  "Parent Relationship": "Outer",
                  "Parallel Aware": true,
                  "Join Type": "Inner",
                  "Startup Cost": 78709.48,
                  "Total Cost": 127798.89,
                  "Plan Rows": 307765,
                  "Plan Width": 0,
                  "Actual Startup Time": 416.15,
                  "Actual Total Time": 872.838,
                  "Actual Rows": 3577069,
                  "Actual Loops": 4,
                  "Inner Unique": false,
                  "Hash Cond": "(mk.movie_id = t.id)",
                  "Plans": [
                    {
                      "Node Type": "Seq Scan",
                      "Parent Relationship": "Outer",
                      "Parallel Aware": true,
                      "Relation Name": "movie_keyword",
                      "Alias": "mk",
                      "Startup Cost": 0.0,
                      "Total Cost": 42695.65,
                      "Plan Rows": 1440260,
                      "Plan Width": 4,
                      "Actual Startup Time": 0.034,
                      "Actual Total Time": 110.845,
                      "Actual Rows": 1116611,
                      "Actual Loops": 4,
                      "Filter": "(keyword_id < 96191)",
                      "Rows Removed by Filter": 14371
                    },
                    {
                      "Node Type": "Hash",
                      "Parent Relationship": "Inner",
                      "Parallel Aware": true,
                      "Startup Cost": 76531.0,
                      "Total Cost": 76531.0,
                      "Plan Rows": 174278,
                      "Plan Width": 8,
                      "Actual Startup Time": 411.124,
                      "Actual Total Time": 411.335,
                      "Actual Rows": 196400,
                      "Actual Loops": 4,
                      "Hash Buckets": 1048576,
                      "Original Hash Buckets": 1048576,
                      "Hash Batches": 1,
                      "Original Hash Batches": 1,
                      "Peak Memory Usage": 39008,
                      "Plans": [
                        {
                          "Node Type": "Hash Join",
                          "Parent Relationship": "Outer",
                          "Parallel Aware": true,
                          "Join Type": "Inner",
                          "Startup Cost": 47115.11,
                          "Total Cost": 76531.0,
                          "Plan Rows": 174278,
                          "Plan Width": 8,
                          "Actual Startup Time": 145.224,
                          "Actual Total Time": 350.939,
                          "Actual Rows": 196400,
                          "Actual Loops": 4,
                          "Inner Unique": true,
                          "Hash Cond": "(mc.movie_id = t.id)",
                          "Plans": [
                            {
                              "Node Type": "Seq Scan",
                              "Parent Relationship": "Outer",
                              "Parallel Aware": true,
                              "Relation Name": "movie_companies",
                              "Alias": "mc",
                              "Startup Cost": 0.0,
                              "Total Cost": 27206.55,
                              "Plan Rows": 841655,
                              "Plan Width": 4,
                              "Actual Startup Time": 0.019,
                              "Actual Total Time": 58.602,
                              "Actual Rows": 652282,
                              "Actual Loops": 4
                            },
                            {
                              "Node Type": "Hash",
                              "Parent Relationship": "Inner",
                              "Parallel Aware": true,
                              "Startup Cost": 45479.1,
                              "Total Cost": 45479.1,
                              "Plan Rows": 130881,
                              "Plan Width": 4,
                              "Actual Startup Time": 143.555,
                              "Actual Total Time": 143.556,
                              "Actual Rows": 110230,
                              "Actual Loops": 4,
                              "Hash Buckets": 524288,
                              "Original Hash Buckets": 524288,
                              "Hash Batches": 1,
                              "Original Hash Batches": 1,
                              "Peak Memory Usage": 21408,
                              "Plans": [
                                {
                                  "Node Type": "Seq Scan",
                                  "Parent Relationship": "Outer",
                                  "Parallel Aware": true,
                                  "Relation Name": "title",
                                  "Alias": "t",
                                  "Startup Cost": 0.0,
                                  "Total Cost": 45479.1,
                                  "Plan Rows": 130881,
                                  "Plan Width": 4,
                                  "Actual Startup Time": 0.048,
                                  "Actual Total Time": 102.259,
                                  "Actual Rows": 110230,
                                  "Actual Loops": 4,
                                  "Filter": "((kind_id < 7) AND (production_year > 2001))",
                                  "Rows Removed by Filter": 521848
                                }
                              ]
                            }
                          ]
                        }
                      ]
                    }
                  ]
                }
              ]
            }
          ]
        }
      ]
    },
    "Planning Time": 2.001,
    "Triggers": [],
    "Execution Time": 1046.775
  }
]