[
  {
    "Plan": {
      "Node Type": "Aggregate",
      "Strategy": "Plain",
      "Partial Mode": "Finalize",
      "Parallel Aware": false,
      "Startup Cost": 44901.6,
      "Total Cost": 44901.61,
      "Plan Rows": 1,
      "Plan Width": 8,
      "Actual Startup Time": 88.65,
      "Actual Total Time": 100.945,
      "Actual Rows": 1,
      "Actual Loops": 1,
      "Plans": [
        {
          "Node Type": "Gather",
          "Parent Relationship": "Outer",
          "Parallel Aware": false,
          "Startup Cost": 44901.18,
          "Total Cost": 44901.59,
          "Plan Rows": 4,
          "Plan Width": 8,
          "Actual Startup Time": 88.525,
          "Actual Total Time": 100.938,
          "Actual Rows": 5,
          "Actual Loops": 1,
          "Workers Planned": 4,
          "Workers Launched": 4,
          "Single Copy": false,
          "Plans": [
            {
              "Node Type": "Aggregate",
              "Strategy": "Plain",
              "Partial Mode": "Partial",
              "Parent Relationship": "Outer",
              "Parallel Aware": false,
              "Startup Cost": 43901.18,
              "Total Cost": 43901.19,
              "Plan Rows": 1,
              "Plan Width": 8,
              "Actual Startup Time": 82.26,
              "Actual Total Time": 82.262,
              "Actual Rows": 1,
              "Actual Loops": 5,
              "Plans": [
                {
                  "Node Type": "Seq Scan",
                  "Parent Relationship": "Outer",
                  "Parallel Aware": true,
                  "Relation Name": "title",
                  "Alias": "t",
                  "Startup Cost": 0.0,
                  "Total Cost": 43898.92,
                  "Plan Rows": 906,
                  "Plan Width": 0,
                  "Actual Startup Time": 57.664,
                  "Actual Total Time": 82.199,
                  "Actual Rows": 509,
                  "Actual Loops": 5,
                  "Filter": "(production_year = 1930)",
                  "Rows Removed by Filter": 505154
                }
              ]
            }
          ]
        }
      ]
    },
    "Planning Time": 0.133,
    "Triggers": [],
    "Execution Time": 100.995
  }
]