{
  "Plan": {
    "Node Type": "Aggregate",
    "Strategy": "Plain",
    "Partial Mode": "Finalize",
    "Parallel Aware": false,
    "Startup Cost": 46504.92,
    "Total Cost": 46504.93,
    "Plan Rows": 1,
    "Plan Width": 8,
    "Actual Startup Time": 41.962,
    "Actual Total Time": 46.557,
    "Actual Rows": 1,
    "Actual Loops": 1,
    "Plans": [
      {
        "Node Type": "Gather",
        "Parent Relationship": "Outer",
        "Parallel Aware": false,
        "Startup Cost": 46504.81,
        "Total Cost": 46504.92,
        "Plan Rows": 1,
        "Plan Width": 8,
        "Actual Startup Time": 41.882,
        "Actual Total Time": 46.552,
        "Actual Rows": 2,
        "Actual Loops": 1,
        "Workers Planned": 1,
        "Workers Launched": 1,
        "Single Copy": false,
        "Plans": [
          {
            "Node Type": "Aggregate",
            "Strategy": "Plain",
            "Partial Mode": "Partial",
            "Parent Relationship": "Outer",
            "Parallel Aware": false,
            "Startup Cost": 45504.81,
            "Total Cost": 45504.82,
            "Plan Rows": 1,
            "Plan Width": 8,
            "Actual Startup Time": 36.032,
            "Actual Total Time": 36.033,
            "Actual Rows": 1,
            "Actual Loops": 2,
            "Plans": [
              {
                "Node Type": "Nested Loop",
                "Parent Relationship": "Outer",
                "Parallel Aware": false,
                "Join Type": "Inner",
                "Startup Cost": 168.17,
                "Total Cost": 45493.56,
                "Plan Rows": 4502,
                "Plan Width": 0,
                "Actual Startup Time": 3.217,
                "Actual Total Time": 35.6,
                "Actual Rows": 3343,
                "Actual Loops": 2,
                "Inner Unique": true,
                "Plans": [
                  {
                    "Node Type": "Bitmap Heap Scan",
                    "Parent Relationship": "Outer",
                    "Parallel Aware": true,
                    "Relation Name": "movie_companies",
                    "Alias": "mc",
                    "Startup Cost": 167.74,
                    "Total Cost": 14562.11,
                    "Plan Rows": 4502,
                    "Plan Width": 4,
                    "Actual Startup Time": 3.072,
                    "Actual Total Time": 10.666,
                    "Actual Rows": 3343,
                    "Actual Loops": 2,
                    "Recheck Cond": "(company_id = 302)",
                    "Rows Removed by Index Recheck": 0,
                    "Exact Heap Blocks": 3110,
                    "Lossy Heap Blocks": 0,
                    "Plans": [
                      {
                        "Node Type": "Bitmap Index Scan",
                        "Parent Relationship": "Outer",
                        "Parallel Aware": false,
                        "Index Name": "company_id_movie_companies",
                        "Startup Cost": 0.0,
                        "Total Cost": 165.83,
                        "Plan Rows": 7653,
                        "Plan Width": 0,
                        "Actual Startup Time": 4.019,
                        "Actual Total Time": 4.019,
                        "Actual Rows": 6686,
                        "Actual Loops": 1,
                        "Index Cond": "(company_id = 302)"
                      }
                    ]
                  },
                  {
                    "Node Type": "Index Only Scan",
                    "Parent Relationship": "Inner",
                    "Parallel Aware": false,
                    "Scan Direction": "Forward",
                    "Index Name": "title_pkey",
                    "Relation Name": "title",
                    "Alias": "t",
                    "Startup Cost": 0.43,
                    "Total Cost": 6.87,
                    "Plan Rows": 1,
                    "Plan Width": 4,
                    "Actual Startup Time": 0.007,
                    "Actual Total Time": 0.007,
                    "Actual Rows": 1,
                    "Actual Loops": 6686,
                    "Index Cond": "(id = mc.movie_id)",
                    "Rows Removed by Index Recheck": 0,
                    "Heap Fetches": 6686
                  }
                ]
              }
            ]
          }
        ]
      }
    ]
  },
  "Planning Time": 0.676,
  "Triggers": [],
  "Execution Time": 46.638
}