[
    {
        "Bao": {
            "Bao prediction": 571.468,
            "Bao recommended hint": "(no hint)"
        }
    },
    {
        "Plan": {
            "Node Type": "Aggregate",
            "Strategy": "Plain",
            "Partial Mode": "Finalize",
            "Parallel Aware": false,
            "Startup Cost": 219779.07,
            "Total Cost": 219779.08,
            "Plan Rows": 1,
            "Plan Width": 8,
            "Actual Startup Time": 136.048,
            "Actual Total Time": 141.522,
            "Actual Rows": 1,
            "Actual Loops": 1,
            "Output": [
                "count(*)"
            ],
            "Plans": [
                {
                    "Node Type": "Gather",
                    "Parent Relationship": "Outer",
                    "Parallel Aware": false,
                    "Startup Cost": 219778.55,
                    "Total Cost": 219779.06,
                    "Plan Rows": 5,
                    "Plan Width": 8,
                    "Actual Startup Time": 134.026,
                    "Actual Total Time": 141.513,
                    "Actual Rows": 6,
                    "Actual Loops": 1,
                    "Output": [
                        "(PARTIAL count(*))"
                    ],
                    "Workers Planned": 5,
                    "Workers Launched": 5,
                    "Single Copy": false,
                    "Plans": [
                        {
                            "Node Type": "Aggregate",
                            "Strategy": "Plain",
                            "Partial Mode": "Partial",
                            "Parent Relationship": "Outer",
                            "Parallel Aware": false,
                            "Startup Cost": 218778.55,
                            "Total Cost": 218778.56,
                            "Plan Rows": 1,
                            "Plan Width": 8,
                            "Actual Startup Time": 124.395,
                            "Actual Total Time": 124.398,
                            "Actual Rows": 1,
                            "Actual Loops": 6,
                            "Output": [
                                "PARTIAL count(*)"
                            ],
                            "Workers": [
                                {
                                    "Worker Number": 0,
                                    "Actual Startup Time": 122.005,
                                    "Actual Total Time": 122.008,
                                    "Actual Rows": 1,
                                    "Actual Loops": 1
                                },
                                {
                                    "Worker Number": 1,
                                    "Actual Startup Time": 122.71,
                                    "Actual Total Time": 122.712,
                                    "Actual Rows": 1,
                                    "Actual Loops": 1
                                },
                                {
                                    "Worker Number": 2,
                                    "Actual Startup Time": 122.62,
                                    "Actual Total Time": 122.623,
                                    "Actual Rows": 1,
                                    "Actual Loops": 1
                                },
                                {
                                    "Worker Number": 3,
                                    "Actual Startup Time": 122.73,
                                    "Actual Total Time": 122.732,
                                    "Actual Rows": 1,
                                    "Actual Loops": 1
                                },
                                {
                                    "Worker Number": 4,
                                    "Actual Startup Time": 123.094,
                                    "Actual Total Time": 123.097,
                                    "Actual Rows": 1,
                                    "Actual Loops": 1
                                }
                            ],
                            "Plans": [
                                {
                                    "Node Type": "Hash Join",
                                    "Parent Relationship": "Outer",
                                    "Parallel Aware": true,
                                    "Join Type": "Inner",
                                    "Startup Cost": 51553.08,
                                    "Total Cost": 218762.44,
                                    "Plan Rows": 6443,
                                    "Plan Width": 0,
                                    "Actual Startup Time": 106.11,
                                    "Actual Total Time": 123.44,
                                    "Actual Rows": 16751,
                                    "Actual Loops": 6,
                                    "Inner Unique": true,
                                    "Hash Cond": "(mi.movie_id = t.id)",
                                    "Workers": [
                                        {
                                            "Worker Number": 0,
                                            "Actual Startup Time": 103.621,
                                            "Actual Total Time": 121.071,
                                            "Actual Rows": 19827,
                                            "Actual Loops": 1
                                        },
                                        {
                                            "Worker Number": 1,
                                            "Actual Startup Time": 104.275,
                                            "Actual Total Time": 121.767,
                                            "Actual Rows": 15646,
                                            "Actual Loops": 1
                                        },
                                        {
                                            "Worker Number": 2,
                                            "Actual Startup Time": 104.379,
                                            "Actual Total Time": 121.652,
                                            "Actual Rows": 15664,
                                            "Actual Loops": 1
                                        },
                                        {
                                            "Worker Number": 3,
                                            "Actual Startup Time": 104.515,
                                            "Actual Total Time": 121.781,
                                            "Actual Rows": 15443,
                                            "Actual Loops": 1
                                        },
                                        {
                                            "Worker Number": 4,
                                            "Actual Startup Time": 104.929,
                                            "Actual Total Time": 122.128,
                                            "Actual Rows": 16128,
                                            "Actual Loops": 1
                                        }
                                    ],
                                    "Plans": [
                                        {
                                            "Node Type": "Bitmap Heap Scan",
                                            "Parent Relationship": "Outer",
                                            "Parallel Aware": true,
                                            "Relation Name": "movie_info",
                                            "Schema": "public",
                                            "Alias": "mi",
                                            "Startup Cost": 5183.22,
                                            "Total Cost": 172242.55,
                                            "Plan Rows": 57156,
                                            "Plan Width": 4,
                                            "Actual Startup Time": 12.807,
                                            "Actual Total Time": 22.512,
                                            "Actual Rows": 51131,
                                            "Actual Loops": 6,
                                            "Output": [
                                                "mi.id",
                                                "mi.movie_id",
                                                "mi.info_type_id",
                                                "mi.info",
                                                "mi.note"
                                            ],
                                            "Recheck Cond": "(mi.info_type_id > 105)",
                                            "Rows Removed by Index Recheck": 0,
                                            "Exact Heap Blocks": 969,
                                            "Lossy Heap Blocks": 0,
                                            "Workers": [
                                                {
                                                    "Worker Number": 0,
                                                    "Actual Startup Time": 12.675,
                                                    "Actual Total Time": 22.643,
                                                    "Actual Rows": 60645,
                                                    "Actual Loops": 1
                                                },
                                                {
                                                    "Worker Number": 1,
                                                    "Actual Startup Time": 12.86,
                                                    "Actual Total Time": 22.712,
                                                    "Actual Rows": 50110,
                                                    "Actual Loops": 1
                                                },
                                                {
                                                    "Worker Number": 2,
                                                    "Actual Startup Time": 12.791,
                                                    "Actual Total Time": 22.687,
                                                    "Actual Rows": 45465,
                                                    "Actual Loops": 1
                                                },
                                                {
                                                    "Worker Number": 3,
                                                    "Actual Startup Time": 12.837,
                                                    "Actual Total Time": 22.797,
                                                    "Actual Rows": 45569,
                                                    "Actual Loops": 1
                                                },
                                                {
                                                    "Worker Number": 4,
                                                    "Actual Startup Time": 12.899,
                                                    "Actual Total Time": 22.643,
                                                    "Actual Rows": 49871,
                                                    "Actual Loops": 1
                                                }
                                            ],
                                            "Plans": [
                                                {
                                                    "Node Type": "Bitmap Index Scan",
                                                    "Parent Relationship": "Outer",
                                                    "Parallel Aware": false,
                                                    "Index Name": "info_type_id_movie_info",
                                                    "Startup Cost": 0.0,
                                                    "Total Cost": 5111.78,
                                                    "Plan Rows": 285779,
                                                    "Plan Width": 0,
                                                    "Actual Startup Time": 11.979,
                                                    "Actual Total Time": 11.98,
                                                    "Actual Rows": 306788,
                                                    "Actual Loops": 1,
                                                    "Index Cond": "(mi.info_type_id > 105)",
                                                    "Workers": [
                                                        {
                                                            "Worker Number": 0,
                                                            "Actual Startup Time": 11.979,
                                                            "Actual Total Time": 11.98,
                                                            "Actual Rows": 306788,
                                                            "Actual Loops": 1
                                                        }
                                                    ]
                                                }
                                            ]
                                        },
                                        {
                                            "Node Type": "Hash",
                                            "Parent Relationship": "Inner",
                                            "Parallel Aware": true,
                                            "Startup Cost": 45479.21,
                                            "Total Cost": 45479.21,
                                            "Plan Rows": 71252,
                                            "Plan Width": 4,
                                            "Actual Startup Time": 90.928,
                                            "Actual Total Time": 90.928,
                                            "Actual Rows": 63716,
                                            "Actual Loops": 6,
                                            "Output": [
                                                "t.id"
                                            ],
                                            "Hash Buckets": 524288,
                                            "Original Hash Buckets": 524288,
                                            "Hash Batches": 1,
                                            "Original Hash Batches": 1,
                                            "Peak Memory Usage": 19136,
                                            "Workers": [
                                                {
                                                    "Worker Number": 0,
                                                    "Actual Startup Time": 90.576,
                                                    "Actual Total Time": 90.576,
                                                    "Actual Rows": 60758,
                                                    "Actual Loops": 1
                                                },
                                                {
                                                    "Worker Number": 1,
                                                    "Actual Startup Time": 91.041,
                                                    "Actual Total Time": 91.042,
                                                    "Actual Rows": 61805,
                                                    "Actual Loops": 1
                                                },
                                                {
                                                    "Worker Number": 2,
                                                    "Actual Startup Time": 91.141,
                                                    "Actual Total Time": 91.142,
                                                    "Actual Rows": 61418,
                                                    "Actual Loops": 1
                                                },
                                                {
                                                    "Worker Number": 3,
                                                    "Actual Startup Time": 91.268,
                                                    "Actual Total Time": 91.269,
                                                    "Actual Rows": 61313,
                                                    "Actual Loops": 1
                                                },
                                                {
                                                    "Worker Number": 4,
                                                    "Actual Startup Time": 91.692,
                                                    "Actual Total Time": 91.693,
                                                    "Actual Rows": 62052,
                                                    "Actual Loops": 1
                                                }
                                            ],
                                            "Plans": [
                                                {
                                                    "Node Type": "Seq Scan",
                                                    "Parent Relationship": "Outer",
                                                    "Parallel Aware": true,
                                                    "Relation Name": "title",
                                                    "Schema": "public",
                                                    "Alias": "t",
                                                    "Startup Cost": 0.0,
                                                    "Total Cost": 45479.21,
                                                    "Plan Rows": 71252,
                                                    "Plan Width": 4,
                                                    "Actual Startup Time": 46.515,
                                                    "Actual Total Time": 72.544,
                                                    "Actual Rows": 63716,
                                                    "Actual Loops": 6,
                                                    "Output": [
                                                        "t.id"
                                                    ],
                                                    "Filter": "((t.production_year < 2001) AND (t.kind_id = 1))",
                                                    "Rows Removed by Filter": 357669,
                                                    "Workers": [
                                                        {
                                                            "Worker Number": 0,
                                                            "Actual Startup Time": 46.349,
                                                            "Actual Total Time": 72.762,
                                                            "Actual Rows": 60758,
                                                            "Actual Loops": 1
                                                        },
                                                        {
                                                            "Worker Number": 1,
                                                            "Actual Startup Time": 46.787,
                                                            "Actual Total Time": 72.912,
                                                            "Actual Rows": 61805,
                                                            "Actual Loops": 1
                                                        },
                                                        {
                                                            "Worker Number": 2,
                                                            "Actual Startup Time": 46.482,
                                                            "Actual Total Time": 72.961,
                                                            "Actual Rows": 61418,
                                                            "Actual Loops": 1
                                                        },
                                                        {
                                                            "Worker Number": 3,
                                                            "Actual Startup Time": 46.452,
                                                            "Actual Total Time": 72.801,
                                                            "Actual Rows": 61313,
                                                            "Actual Loops": 1
                                                        },
                                                        {
                                                            "Worker Number": 4,
                                                            "Actual Startup Time": 46.39,
                                                            "Actual Total Time": 72.889,
                                                            "Actual Rows": 62052,
                                                            "Actual Loops": 1
                                                        }
                                                    ]
                                                }
                                            ]
                                        }
                                    ]
                                }
                            ]
                        }
                    ]
                }
            ]
        },
        "Planning Time": 249.395,
        "Triggers": [],
        "Execution Time": 141.662
    }
]