{
  "Plan": {
    "Node Type": "Aggregate",
    "Strategy": "Plain",
    "Partial Mode": "Finalize",
    "Parallel Aware": false,
    "Startup Cost": 123577.42,
    "Total Cost": 123577.43,
    "Plan Rows": 1,
    "Plan Width": 8,
    "Actual Startup Time": 465.063,
    "Actual Total Time": 481.436,
    "Actual Rows": 1,
    "Actual Loops": 1,
    "Plans": [
      {
        "Node Type": "Gather",
        "Parent Relationship": "Outer",
        "Parallel Aware": false,
        "Startup Cost": 123577.31,
        "Total Cost": 123577.42,
        "Plan Rows": 1,
        "Plan Width": 8,
        "Actual Startup Time": 464.74,
        "Actual Total Time": 481.427,
        "Actual Rows": 2,
        "Actual Loops": 1,
        "Workers Planned": 1,
        "Workers Launched": 1,
        "Single Copy": false,
        "Plans": [
          {
            "Node Type": "Aggregate",
            "Strategy": "Plain",
            "Partial Mode": "Partial",
            "Parent Relationship": "Outer",
            "Parallel Aware": false,
            "Startup Cost": 122577.31,
            "Total Cost": 122577.32,
            "Plan Rows": 1,
            "Plan Width": 8,
            "Actual Startup Time": 459.011,
            "Actual Total Time": 459.014,
            "Actual Rows": 1,
            "Actual Loops": 2,
            "Plans": [
              {
                "Node Type": "Hash Join",
                "Parent Relationship": "Outer",
                "Parallel Aware": true,
                "Join Type": "Inner",
                "Startup Cost": 58770.59,
                "Total Cost": 122435.91,
                "Plan Rows": 56562,
                "Plan Width": 0,
                "Actual Startup Time": 146.469,
                "Actual Total Time": 457.543,
                "Actual Rows": 32965,
                "Actual Loops": 2,
                "Inner Unique": true,
                "Hash Cond": "(mk.movie_id = t.id)",
                "Plans": [
                  {
                    "Node Type": "Seq Scan",
                    "Parent Relationship": "Outer",
                    "Parallel Aware": true,
                    "Relation Name": "movie_keyword",
                    "Alias": "mk",
                    "Startup Cost": 0.0,
                    "Total Cost": 57718.19,
                    "Plan Rows": 2265566,
                    "Plan Width": 4,
                    "Actual Startup Time": 0.045,
                    "Actual Total Time": 193.179,
                    "Actual Rows": 1922096,
                    "Actual Loops": 2,
                    "Filter": "(keyword_id > 555)",
                    "Rows Removed by Filter": 339869
                  },
                  {
                    "Node Type": "Hash",
                    "Parent Relationship": "Inner",
                    "Parallel Aware": true,
                    "Startup Cost": 58306.47,
                    "Total Cost": 58306.47,
                    "Plan Rows": 37130,
                    "Plan Width": 4,
                    "Actual Startup Time": 145.157,
                    "Actual Total Time": 145.158,
                    "Actual Rows": 26952,
                    "Actual Loops": 2,
                    "Hash Buckets": 65536,
                    "Original Hash Buckets": 65536,
                    "Hash Batches": 1,
                    "Original Hash Batches": 1,
                    "Peak Memory Usage": 2656,
                    "Plans": [
                      {
                        "Node Type": "Seq Scan",
                        "Parent Relationship": "Outer",
                        "Parallel Aware": true,
                        "Relation Name": "title",
                        "Alias": "t",
                        "Startup Cost": 0.0,
                        "Total Cost": 58306.47,
                        "Plan Rows": 37130,
                        "Plan Width": 4,
                        "Actual Startup Time": 0.233,
                        "Actual Total Time": 138.375,
                        "Actual Rows": 26952,
                        "Actual Loops": 2,
                        "Filter": "((kind_id < 7) AND (production_year = 2012))",
                        "Rows Removed by Filter": 1237204
                      }
                    ]
                  }
                ]
              }
            ]
          }
        ]
      }
    ]
  },
  "Planning Time": 0.474,
  "Triggers": [],
  "Execution Time": 481.506
}