[
  {
    "Plan": {
      "Node Type": "Aggregate",
      "Strategy": "Plain",
      "Partial Mode": "Finalize",
      "Parallel Aware": false,
      "Startup Cost": 78359.56,
      "Total Cost": 78359.57,
      "Plan Rows": 1,
      "Plan Width": 8,
      "Actual Startup Time": 341.183,
      "Actual Total Time": 358.822,
      "Actual Rows": 1,
      "Actual Loops": 1,
      "Plans": [
        {
          "Node Type": "Gather",
          "Parent Relationship": "Outer",
          "Parallel Aware": false,
          "Startup Cost": 78359.24,
          "Total Cost": 78359.55,
          "Plan Rows": 3,
          "Plan Width": 8,
          "Actual Startup Time": 339.195,
          "Actual Total Time": 358.811,
          "Actual Rows": 4,
          "Actual Loops": 1,
          "Workers Planned": 3,
          "Workers Launched": 3,
          "Single Copy": false,
          "Plans": [
            {
              "Node Type": "Aggregate",
              "Strategy": "Plain",
              "Partial Mode": "Partial",
              "Parent Relationship": "Outer",
              "Parallel Aware": false,
              "Startup Cost": 77359.24,
              "Total Cost": 77359.25,
              "Plan Rows": 1,
              "Plan Width": 8,
              "Actual Startup Time": 330.561,
              "Actual Total Time": 330.564,
              "Actual Rows": 1,
              "Actual Loops": 4,
              "Plans": [
                {
                  "Node Type": "Hash Join",
                  "Parent Relationship": "Outer",
                  "Parallel Aware": true,
                  "Join Type": "Inner",
                  "Startup Cost": 46789.22,
                  "Total Cost": 77187.49,
                  "Plan Rows": 68702,
                  "Plan Width": 0,
                  "Actual Startup Time": 167.06,
                  "Actual Total Time": 323.407,
                  "Actual Rows": 139938,
                  "Actual Loops": 4,
                  "Inner Unique": true,
                  "Hash Cond": "(mc.movie_id = t.id)",
                  "Plans": [
                    {
                      "Node Type": "Seq Scan",
                      "Parent Relationship": "Outer",
                      "Parallel Aware": true,
                      "Relation Name": "movie_companies",
                      "Alias": "mc",
                      "Startup Cost": 0.0,
                      "Total Cost": 29310.68,
                      "Plan Rows": 414318,
                      "Plan Width": 4,
                      "Actual Startup Time": 0.02,
                      "Actual Total Time": 78.401,
                      "Actual Rows": 318562,
                      "Actual Loops": 4,
                      "Filter": "(company_type_id = 1)",
                      "Rows Removed by Filter": 333721
                    },
                    {
                      "Node Type": "Hash",
                      "Parent Relationship": "Inner",
                      "Parallel Aware": true,
                      "Startup Cost": 45479.1,
                      "Total Cost": 45479.1,
                      "Plan Rows": 104810,
                      "Plan Width": 4,
                      "Actual Startup Time": 163.284,
                      "Actual Total Time": 163.285,
                      "Actual Rows": 129492,
                      "Actual Loops": 4,
                      "Hash Buckets": 524288,
                      "Original Hash Buckets": 524288,
                      "Hash Batches": 1,
                      "Original Hash Batches": 1,
                      "Peak Memory Usage": 24416,
                      "Plans": [
                        {
                          "Node Type": "Seq Scan",
                          "Parent Relationship": "Outer",
                          "Parallel Aware": true,
                          "Relation Name": "title",
                          "Alias": "t",
                          "Startup Cost": 0.0,
                          "Total Cost": 45479.1,
                          "Plan Rows": 104810,
                          "Plan Width": 4,
                          "Actual Startup Time": 0.062,
                          "Actual Total Time": 114.395,
                          "Actual Rows": 129492,
                          "Actual Loops": 4,
                          "Filter": "((kind_id < 7) AND (production_year < 2001))",
                          "Rows Removed by Filter": 502586
                        }
                      ]
                    }
                  ]
                }
              ]
            }
          ]
        }
      ]
    },
    "Planning Time": 0.703,
    "Triggers": [],
    "Execution Time": 358.892
  }
]