{
  "Plan": {
    "Node Type": "Aggregate",
    "Strategy": "Plain",
    "Partial Mode": "Finalize",
    "Parallel Aware": false,
    "Startup Cost": 1268179.3,
    "Total Cost": 1268179.31,
    "Plan Rows": 1,
    "Plan Width": 8,
    "Actual Startup Time": 8645.336,
    "Actual Total Time": 8672.695,
    "Actual Rows": 1,
    "Actual Loops": 1,
    "Plans": [
      {
        "Node Type": "Gather",
        "Parent Relationship": "Outer",
        "Parallel Aware": false,
        "Startup Cost": 1268179.19,
        "Total Cost": 1268179.3,
        "Plan Rows": 1,
        "Plan Width": 8,
        "Actual Startup Time": 8645.325,
        "Actual Total Time": 8672.688,
        "Actual Rows": 2,
        "Actual Loops": 1,
        "Workers Planned": 1,
        "Workers Launched": 1,
        "Single Copy": false,
        "Plans": [
          {
            "Node Type": "Aggregate",
            "Strategy": "Plain",
            "Partial Mode": "Partial",
            "Parent Relationship": "Outer",
            "Parallel Aware": false,
            "Startup Cost": 1267179.19,
            "Total Cost": 1267179.2,
            "Plan Rows": 1,
            "Plan Width": 8,
            "Actual Startup Time": 8606.406,
            "Actual Total Time": 8606.413,
            "Actual Rows": 1,
            "Actual Loops": 2,
            "Plans": [
              {
                "Node Type": "Merge Join",
                "Parent Relationship": "Outer",
                "Parallel Aware": false,
                "Join Type": "Inner",
                "Startup Cost": 1222509.04,
                "Total Cost": 1264310.86,
                "Plan Rows": 1147331,
                "Plan Width": 0,
                "Actual Startup Time": 7029.097,
                "Actual Total Time": 8518.826,
                "Actual Rows": 2327153,
                "Actual Loops": 2,
                "Inner Unique": false,
                "Merge Cond": "(t.id = mc.movie_id)",
                "Plans": [
                  {
                    "Node Type": "Sort",
                    "Parent Relationship": "Outer",
                    "Parallel Aware": false,
                    "Startup Cost": 1127119.43,
                    "Total Cost": 1139428.05,
                    "Plan Rows": 4923450,
                    "Plan Width": 8,
                    "Actual Startup Time": 6754.176,
                    "Actual Total Time": 7595.534,
                    "Actual Rows": 4651771,
                    "Actual Loops": 2,
                    "Sort Key": [
                      "ci.movie_id"
                    ],
                    "Sort Method": "quicksort",
                    "Sort Space Used": 420020,
                    "Sort Space Type": "Memory",
                    "Workers": [
                      {
                        "Worker Number": 0,
                        "Sort Method": "quicksort",
                        "Sort Space Used": 409316,
                        "Sort Space Type": "Memory"
                      }
                    ],
                    "Plans": [
                      {
                        "Node Type": "Hash Join",
                        "Parent Relationship": "Outer",
                        "Parallel Aware": true,
                        "Join Type": "Inner",
                        "Startup Cost": 58114.13,
                        "Total Cost": 579847.48,
                        "Plan Rows": 4923450,
                        "Plan Width": 8,
                        "Actual Startup Time": 181.371,
                        "Actual Total Time": 5531.014,
                        "Actual Rows": 4651945,
                        "Actual Loops": 2,
                        "Inner Unique": true,
                        "Hash Cond": "(ci.movie_id = t.id)",
                        "Plans": [
                          {
                            "Node Type": "Seq Scan",
                            "Parent Relationship": "Outer",
                            "Parallel Aware": true,
                            "Relation Name": "cast_info",
                            "Alias": "ci",
                            "Startup Cost": 0.0,
                            "Total Cost": 465792.95,
                            "Plan Rows": 21310595,
                            "Plan Width": 4,
                            "Actual Startup Time": 0.017,
                            "Actual Total Time": 1355.444,
                            "Actual Rows": 18122172,
                            "Actual Loops": 2
                          },
                          {
                            "Node Type": "Hash",
                            "Parent Relationship": "Inner",
                            "Parallel Aware": true,
                            "Startup Cost": 53819.14,
                            "Total Cost": 53819.14,
                            "Plan Rows": 343599,
                            "Plan Width": 4,
                            "Actual Startup Time": 172.312,
                            "Actual Total Time": 172.313,
                            "Actual Rows": 297365,
                            "Actual Loops": 2,
                            "Hash Buckets": 1048576,
                            "Original Hash Buckets": 1048576,
                            "Hash Batches": 1,
                            "Original Hash Batches": 1,
                            "Peak Memory Usage": 31488,
                            "Plans": [
                              {
                                "Node Type": "Bitmap Heap Scan",
                                "Parent Relationship": "Outer",
                                "Parallel Aware": true,
                                "Relation Name": "title",
                                "Alias": "t",
                                "Startup Cost": 11968.88,
                                "Total Cost": 53819.14,
                                "Plan Rows": 343599,
                                "Plan Width": 4,
                                "Actual Startup Time": 32.347,
                                "Actual Total Time": 101.257,
                                "Actual Rows": 297365,
                                "Actual Loops": 2,
                                "Recheck Cond": "(kind_id < 2)",
                                "Rows Removed by Index Recheck": 0,
                                "Filter": "(production_year < 2012)",
                                "Rows Removed by Filter": 34048,
                                "Exact Heap Blocks": 7750,
                                "Lossy Heap Blocks": 0,
                                "Plans": [
                                  {
                                    "Node Type": "Bitmap Index Scan",
                                    "Parent Relationship": "Outer",
                                    "Parallel Aware": false,
                                    "Index Name": "kind_id_title",
                                    "Startup Cost": 0.0,
                                    "Total Cost": 11822.85,
                                    "Plan Rows": 663256,
                                    "Plan Width": 0,
                                    "Actual Startup Time": 30.356,
                                    "Actual Total Time": 30.356,
                                    "Actual Rows": 662825,
                                    "Actual Loops": 1,
                                    "Index Cond": "(kind_id < 2)"
                                  }
                                ]
                              }
                            ]
                          }
                        ]
                      }
                    ]
                  },
                  {
                    "Node Type": "Sort",
                    "Parent Relationship": "Inner",
                    "Parallel Aware": false,
                    "Startup Cost": 95389.12,
                    "Total Cost": 96862.06,
                    "Plan Rows": 589178,
                    "Plan Width": 4,
                    "Actual Startup Time": 241.173,
                    "Actual Total Time": 338.853,
                    "Actual Rows": 2828970,
                    "Actual Loops": 2,
                    "Sort Key": [
                      "mc.movie_id"
                    ],
                    "Sort Method": "quicksort",
                    "Sort Space Used": 51951,
                    "Sort Space Type": "Memory",
                    "Workers": [
                      {
                        "Worker Number": 0,
                        "Sort Method": "quicksort",
                        "Sort Space Used": 51951,
                        "Sort Space Type": "Memory"
                      }
                    ],
                    "Plans": [
                      {
                        "Node Type": "Bitmap Heap Scan",
                        "Parent Relationship": "Outer",
                        "Parallel Aware": false,
                        "Relation Name": "movie_companies",
                        "Alias": "mc",
                        "Startup Cost": 12766.56,
                        "Total Cost": 38921.28,
                        "Plan Rows": 589178,
                        "Plan Width": 4,
                        "Actual Startup Time": 25.652,
                        "Actual Total Time": 119.938,
                        "Actual Rows": 583994,
                        "Actual Loops": 2,
                        "Recheck Cond": "(company_id < 663)",
                        "Rows Removed by Index Recheck": 0,
                        "Exact Heap Blocks": 18458,
                        "Lossy Heap Blocks": 0,
                        "Plans": [
                          {
                            "Node Type": "Bitmap Index Scan",
                            "Parent Relationship": "Outer",
                            "Parallel Aware": false,
                            "Index Name": "company_id_movie_companies",
                            "Startup Cost": 0.0,
                            "Total Cost": 12619.26,
                            "Plan Rows": 589178,
                            "Plan Width": 0,
                            "Actual Startup Time": 23.413,
                            "Actual Total Time": 23.413,
                            "Actual Rows": 583994,
                            "Actual Loops": 2,
                            "Index Cond": "(company_id < 663)"
                          }
                        ]
                      }
                    ]
                  }
                ]
              }
            ]
          }
        ]
      }
    ]
  },
  "Planning Time": 0.967,
  "Triggers": [],
  "Execution Time": 8697.74
}