[
  {
    "Plan": {
      "Node Type": "Aggregate",
      "Strategy": "Plain",
      "Partial Mode": "Finalize",
      "Parallel Aware": false,
      "Startup Cost": 243780.41,
      "Total Cost": 243780.42,
      "Plan Rows": 1,
      "Plan Width": 8,
      "Actual Startup Time": 306.308,
      "Actual Total Time": 328.263,
      "Actual Rows": 1,
      "Actual Loops": 1,
      "Plans": [
        {
          "Node Type": "Gather",
          "Parent Relationship": "Outer",
          "Parallel Aware": false,
          "Startup Cost": 243779.78,
          "Total Cost": 243780.39,
          "Plan Rows": 6,
          "Plan Width": 8,
          "Actual Startup Time": 305.305,
          "Actual Total Time": 328.252,
          "Actual Rows": 7,
          "Actual Loops": 1,
          "Workers Planned": 6,
          "Workers Launched": 6,
          "Single Copy": false,
          "Plans": [
            {
              "Node Type": "Aggregate",
              "Strategy": "Plain",
              "Partial Mode": "Partial",
              "Parent Relationship": "Outer",
              "Parallel Aware": false,
              "Startup Cost": 242779.78,
              "Total Cost": 242779.79,
              "Plan Rows": 1,
              "Plan Width": 8,
              "Actual Startup Time": 294.601,
              "Actual Total Time": 294.605,
              "Actual Rows": 1,
              "Actual Loops": 7,
              "Plans": [
                {
                  "Node Type": "Hash Join",
                  "Parent Relationship": "Outer",
                  "Parallel Aware": true,
                  "Join Type": "Inner",
                  "Startup Cost": 44403.29,
                  "Total Cost": 242751.19,
                  "Plan Rows": 11435,
                  "Plan Width": 0,
                  "Actual Startup Time": 95.119,
                  "Actual Total Time": 294.594,
                  "Actual Rows": 15,
                  "Actual Loops": 7,
                  "Inner Unique": true,
                  "Hash Cond": "(ci.movie_id = t.id)",
                  "Plans": [
                    {
                      "Node Type": "Index Scan",
                      "Parent Relationship": "Outer",
                      "Parallel Aware": true,
                      "Scan Direction": "Forward",
                      "Index Name": "role_id_cast_info",
                      "Relation Name": "cast_info",
                      "Alias": "ci",
                      "Startup Cost": 0.56,
                      "Total Cost": 197877.72,
                      "Plan Rows": 179330,
                      "Plan Width": 4,
                      "Actual Startup Time": 3.237,
                      "Actual Total Time": 208.616,
                      "Actual Rows": 185,
                      "Actual Loops": 7,
                      "Index Cond": "(role_id = 2)",
                      "Rows Removed by Index Recheck": 0,
                      "Filter": "(person_id < 527576)",
                      "Rows Removed by Filter": 1064382
                    },
                    {
                      "Node Type": "Hash",
                      "Parent Relationship": "Inner",
                      "Parallel Aware": true,
                      "Startup Cost": 43898.92,
                      "Total Cost": 43898.92,
                      "Plan Rows": 40305,
                      "Plan Width": 4,
                      "Actual Startup Time": 83.998,
                      "Actual Total Time": 83.999,
                      "Actual Rows": 22860,
                      "Actual Loops": 7,
                      "Hash Buckets": 262144,
                      "Original Hash Buckets": 262144,
                      "Hash Batches": 1,
                      "Original Hash Batches": 1,
                      "Peak Memory Usage": 8448,
                      "Plans": [
                        {
                          "Node Type": "Seq Scan",
                          "Parent Relationship": "Outer",
                          "Parallel Aware": true,
                          "Relation Name": "title",
                          "Alias": "t",
                          "Startup Cost": 0.0,
                          "Total Cost": 43898.92,
                          "Plan Rows": 40305,
                          "Plan Width": 4,
                          "Actual Startup Time": 0.04,
                          "Actual Total Time": 73.256,
                          "Actual Rows": 22860,
                          "Actual Loops": 7,
                          "Filter": "(production_year = 2011)",
                          "Rows Removed by Filter": 338328
                        }
                      ]
                    }
                  ]
                }
              ]
            }
          ]
        }
      ]
    },
    "Planning Time": 0.631,
    "Triggers": [],
    "Execution Time": 328.344
  }
]