[
  {
    "Plan": {
      "Node Type": "Aggregate",
      "Strategy": "Plain",
      "Partial Mode": "Finalize",
      "Parallel Aware": false,
      "Startup Cost": 385794.78,
      "Total Cost": 385794.79,
      "Plan Rows": 1,
      "Plan Width": 8,
      "Actual Startup Time": 1265.076,
      "Actual Total Time": 1329.316,
      "Actual Rows": 1,
      "Actual Loops": 1,
      "Plans": [
        {
          "Node Type": "Gather",
          "Parent Relationship": "Outer",
          "Parallel Aware": false,
          "Startup Cost": 385794.16,
          "Total Cost": 385794.77,
          "Plan Rows": 6,
          "Plan Width": 8,
          "Actual Startup Time": 1263.148,
          "Actual Total Time": 1329.308,
          "Actual Rows": 7,
          "Actual Loops": 1,
          "Workers Planned": 6,
          "Workers Launched": 6,
          "Single Copy": false,
          "Plans": [
            {
              "Node Type": "Aggregate",
              "Strategy": "Plain",
              "Partial Mode": "Partial",
              "Parent Relationship": "Outer",
              "Parallel Aware": false,
              "Startup Cost": 384794.16,
              "Total Cost": 384794.17,
              "Plan Rows": 1,
              "Plan Width": 8,
              "Actual Startup Time": 1255.868,
              "Actual Total Time": 1255.87,
              "Actual Rows": 1,
              "Actual Loops": 7,
              "Plans": [
                {
                  "Node Type": "Hash Join",
                  "Parent Relationship": "Outer",
                  "Parallel Aware": true,
                  "Join Type": "Inner",
                  "Startup Cost": 45817.1,
                  "Total Cost": 384370.77,
                  "Plan Rows": 169353,
                  "Plan Width": 0,
                  "Actual Startup Time": 281.336,
                  "Actual Total Time": 1244.464,
                  "Actual Rows": 220894,
                  "Actual Loops": 7,
                  "Inner Unique": true,
                  "Hash Cond": "(ci.movie_id = t.id)",
                  "Plans": [
                    {
                      "Node Type": "Seq Scan",
                      "Parent Relationship": "Outer",
                      "Parallel Aware": true,
                      "Relation Name": "cast_info",
                      "Alias": "ci",
                      "Startup Cost": 0.0,
                      "Total Cost": 328162.03,
                      "Plan Rows": 3958715,
                      "Plan Width": 4,
                      "Actual Startup Time": 195.073,
                      "Actual Total Time": 657.617,
                      "Actual Rows": 3367665,
                      "Actual Loops": 7,
                      "Filter": "(role_id > 1)",
                      "Rows Removed by Filter": 1810098
                    },
                    {
                      "Node Type": "Hash",
                      "Parent Relationship": "Inner",
                      "Parallel Aware": true,
                      "Startup Cost": 45479.1,
                      "Total Cost": 45479.1,
                      "Plan Rows": 27040,
                      "Plan Width": 4,
                      "Actual Startup Time": 85.126,
                      "Actual Total Time": 85.127,
                      "Actual Rows": 34863,
                      "Actual Loops": 7,
                      "Hash Buckets": 262144,
                      "Original Hash Buckets": 131072,
                      "Hash Batches": 1,
                      "Original Hash Batches": 1,
                      "Peak Memory Usage": 12704,
                      "Plans": [
                        {
                          "Node Type": "Seq Scan",
                          "Parent Relationship": "Outer",
                          "Parallel Aware": true,
                          "Relation Name": "title",
                          "Alias": "t",
                          "Startup Cost": 0.0,
                          "Total Cost": 45479.1,
                          "Plan Rows": 27040,
                          "Plan Width": 4,
                          "Actual Startup Time": 41.709,
                          "Actual Total Time": 68.001,
                          "Actual Rows": 34863,
                          "Actual Loops": 7,
                          "Filter": "((production_year < 1974) AND (kind_id = 1))",
                          "Rows Removed by Filter": 326324
                        }
                      ]
                    }
                  ]
                }
              ]
            }
          ]
        }
      ]
    },
    "Planning Time": 0.417,
    "Triggers": [],
    "Execution Time": 1329.384
  }
]