{
  "Plan": {
    "Node Type": "Aggregate",
    "Strategy": "Plain",
    "Partial Mode": "Finalize",
    "Parallel Aware": false,
    "Startup Cost": 287803.13,
    "Total Cost": 287803.14,
    "Plan Rows": 1,
    "Plan Width": 8,
    "Actual Startup Time": 178.916,
    "Actual Total Time": 200.219,
    "Actual Rows": 1,
    "Actual Loops": 1,
    "Plans": [
      {
        "Node Type": "Gather",
        "Parent Relationship": "Outer",
        "Parallel Aware": false,
        "Startup Cost": 287803.02,
        "Total Cost": 287803.13,
        "Plan Rows": 1,
        "Plan Width": 8,
        "Actual Startup Time": 178.793,
        "Actual Total Time": 200.212,
        "Actual Rows": 2,
        "Actual Loops": 1,
        "Workers Planned": 1,
        "Workers Launched": 1,
        "Single Copy": false,
        "Plans": [
          {
            "Node Type": "Aggregate",
            "Strategy": "Plain",
            "Partial Mode": "Partial",
            "Parent Relationship": "Outer",
            "Parallel Aware": false,
            "Startup Cost": 286803.02,
            "Total Cost": 286803.03,
            "Plan Rows": 1,
            "Plan Width": 8,
            "Actual Startup Time": 172.762,
            "Actual Total Time": 172.764,
            "Actual Rows": 1,
            "Actual Loops": 2,
            "Plans": [
              {
                "Node Type": "Nested Loop",
                "Parent Relationship": "Outer",
                "Parallel Aware": false,
                "Join Type": "Inner",
                "Startup Cost": 0.56,
                "Total Cost": 286738.24,
                "Plan Rows": 25910,
                "Plan Width": 0,
                "Actual Startup Time": 0.631,
                "Actual Total Time": 171.723,
                "Actual Rows": 14342,
                "Actual Loops": 2,
                "Inner Unique": false,
                "Plans": [
                  {
                    "Node Type": "Seq Scan",
                    "Parent Relationship": "Outer",
                    "Parallel Aware": true,
                    "Relation Name": "title",
                    "Alias": "t",
                    "Startup Cost": 0.0,
                    "Total Cost": 58306.47,
                    "Plan Rows": 1808,
                    "Plan Width": 4,
                    "Actual Startup Time": 0.466,
                    "Actual Total Time": 130.966,
                    "Actual Rows": 1831,
                    "Actual Loops": 2,
                    "Filter": "((kind_id = 7) AND (production_year = 1953))",
                    "Rows Removed by Filter": 1262325
                  },
                  {
                    "Node Type": "Index Only Scan",
                    "Parent Relationship": "Inner",
                    "Parallel Aware": false,
                    "Scan Direction": "Forward",
                    "Index Name": "movie_id_cast_info",
                    "Relation Name": "cast_info",
                    "Alias": "ci",
                    "Startup Cost": 0.56,
                    "Total Cost": 125.98,
                    "Plan Rows": 37,
                    "Plan Width": 4,
                    "Actual Startup Time": 0.007,
                    "Actual Total Time": 0.021,
                    "Actual Rows": 8,
                    "Actual Loops": 3662,
                    "Index Cond": "(movie_id = t.id)",
                    "Rows Removed by Index Recheck": 0,
                    "Heap Fetches": 28684
                  }
                ]
              }
            ]
          }
        ]
      }
    ]
  },
  "Planning Time": 0.461,
  "Triggers": [],
  "Execution Time": 200.297
}