[
    {
        "Bao": {
            "Bao prediction": "NaN",
            "Bao recommended hint": "(no hint)"
        }
    },
    {
        "Plan": {
            "Node Type": "Aggregate",
            "Strategy": "Plain",
            "Partial Mode": "Finalize",
            "Parallel Aware": false,
            "Startup Cost": 240009.42,
            "Total Cost": 240009.43,
            "Plan Rows": 1,
            "Plan Width": 8,
            "Actual Startup Time": 365.657,
            "Actual Total Time": 373.974,
            "Actual Rows": 1,
            "Actual Loops": 1,
            "Output": [
                "count(*)"
            ],
            "Plans": [
                {
                    "Node Type": "Gather",
                    "Parent Relationship": "Outer",
                    "Parallel Aware": false,
                    "Startup Cost": 240008.9,
                    "Total Cost": 240009.41,
                    "Plan Rows": 5,
                    "Plan Width": 8,
                    "Actual Startup Time": 359.968,
                    "Actual Total Time": 373.967,
                    "Actual Rows": 6,
                    "Actual Loops": 1,
                    "Output": [
                        "(PARTIAL count(*))"
                    ],
                    "Workers Planned": 5,
                    "Workers Launched": 5,
                    "Single Copy": false,
                    "Plans": [
                        {
                            "Node Type": "Aggregate",
                            "Strategy": "Plain",
                            "Partial Mode": "Partial",
                            "Parent Relationship": "Outer",
                            "Parallel Aware": false,
                            "Startup Cost": 239008.9,
                            "Total Cost": 239008.91,
                            "Plan Rows": 1,
                            "Plan Width": 8,
                            "Actual Startup Time": 348.233,
                            "Actual Total Time": 348.237,
                            "Actual Rows": 1,
                            "Actual Loops": 6,
                            "Output": [
                                "PARTIAL count(*)"
                            ],
                            "Workers": [
                                {
                                    "Worker Number": 0,
                                    "Actual Startup Time": 345.875,
                                    "Actual Total Time": 345.878,
                                    "Actual Rows": 1,
                                    "Actual Loops": 1
                                },
                                {
                                    "Worker Number": 1,
                                    "Actual Startup Time": 345.873,
                                    "Actual Total Time": 345.876,
                                    "Actual Rows": 1,
                                    "Actual Loops": 1
                                },
                                {
                                    "Worker Number": 2,
                                    "Actual Startup Time": 346.161,
                                    "Actual Total Time": 346.164,
                                    "Actual Rows": 1,
                                    "Actual Loops": 1
                                },
                                {
                                    "Worker Number": 3,
                                    "Actual Startup Time": 346.149,
                                    "Actual Total Time": 346.153,
                                    "Actual Rows": 1,
                                    "Actual Loops": 1
                                },
                                {
                                    "Worker Number": 4,
                                    "Actual Startup Time": 346.239,
                                    "Actual Total Time": 346.242,
                                    "Actual Rows": 1,
                                    "Actual Loops": 1
                                }
                            ],
                            "Plans": [
                                {
                                    "Node Type": "Hash Join",
                                    "Parent Relationship": "Outer",
                                    "Parallel Aware": true,
                                    "Join Type": "Inner",
                                    "Startup Cost": 72721.78,
                                    "Total Cost": 238752.69,
                                    "Plan Rows": 102486,
                                    "Plan Width": 0,
                                    "Actual Startup Time": 241.761,
                                    "Actual Total Time": 344.418,
                                    "Actual Rows": 53605,
                                    "Actual Loops": 6,
                                    "Inner Unique": true,
                                    "Hash Cond": "(mi.movie_id = t.id)",
                                    "Workers": [
                                        {
                                            "Worker Number": 0,
                                            "Actual Startup Time": 239.781,
                                            "Actual Total Time": 341.798,
                                            "Actual Rows": 42754,
                                            "Actual Loops": 1
                                        },
                                        {
                                            "Worker Number": 1,
                                            "Actual Startup Time": 239.472,
                                            "Actual Total Time": 341.831,
                                            "Actual Rows": 50906,
                                            "Actual Loops": 1
                                        },
                                        {
                                            "Worker Number": 2,
                                            "Actual Startup Time": 239.38,
                                            "Actual Total Time": 342.88,
                                            "Actual Rows": 73883,
                                            "Actual Loops": 1
                                        },
                                        {
                                            "Worker Number": 3,
                                            "Actual Startup Time": 239.855,
                                            "Actual Total Time": 342.177,
                                            "Actual Rows": 51312,
                                            "Actual Loops": 1
                                        },
                                        {
                                            "Worker Number": 4,
                                            "Actual Startup Time": 240.393,
                                            "Actual Total Time": 342.404,
                                            "Actual Rows": 50015,
                                            "Actual Loops": 1
                                        }
                                    ],
                                    "Plans": [
                                        {
                                            "Node Type": "Bitmap Heap Scan",
                                            "Parent Relationship": "Outer",
                                            "Parallel Aware": true,
                                            "Relation Name": "movie_info",
                                            "Schema": "public",
                                            "Alias": "mi",
                                            "Startup Cost": 24209.48,
                                            "Total Cost": 189539.59,
                                            "Plan Rows": 266969,
                                            "Plan Width": 4,
                                            "Actual Startup Time": 54.292,
                                            "Actual Total Time": 85.619,
                                            "Actual Rows": 220894,
                                            "Actual Loops": 6,
                                            "Output": [
                                                "mi.id",
                                                "mi.movie_id",
                                                "mi.info_type_id",
                                                "mi.info",
                                                "mi.note"
                                            ],
                                            "Recheck Cond": "(mi.info_type_id = 8)",
                                            "Rows Removed by Index Recheck": 0,
                                            "Exact Heap Blocks": 1371,
                                            "Lossy Heap Blocks": 0,
                                            "Workers": [
                                                {
                                                    "Worker Number": 0,
                                                    "Actual Startup Time": 54.528,
                                                    "Actual Total Time": 87.814,
                                                    "Actual Rows": 169876,
                                                    "Actual Loops": 1
                                                },
                                                {
                                                    "Worker Number": 1,
                                                    "Actual Startup Time": 54.224,
                                                    "Actual Total Time": 85.71,
                                                    "Actual Rows": 218076,
                                                    "Actual Loops": 1
                                                },
                                                {
                                                    "Worker Number": 2,
                                                    "Actual Startup Time": 53.861,
                                                    "Actual Total Time": 84.521,
                                                    "Actual Rows": 271224,
                                                    "Actual Loops": 1
                                                },
                                                {
                                                    "Worker Number": 3,
                                                    "Actual Startup Time": 54.325,
                                                    "Actual Total Time": 86.152,
                                                    "Actual Rows": 216902,
                                                    "Actual Loops": 1
                                                },
                                                {
                                                    "Worker Number": 4,
                                                    "Actual Startup Time": 54.753,
                                                    "Actual Total Time": 86.035,
                                                    "Actual Rows": 217972,
                                                    "Actual Loops": 1
                                                }
                                            ],
                                            "Plans": [
                                                {
                                                    "Node Type": "Bitmap Index Scan",
                                                    "Parent Relationship": "Outer",
                                                    "Parallel Aware": false,
                                                    "Index Name": "info_type_id_movie_info",
                                                    "Startup Cost": 0.0,
                                                    "Total Cost": 23875.77,
                                                    "Plan Rows": 1334844,
                                                    "Plan Width": 0,
                                                    "Actual Startup Time": 52.717,
                                                    "Actual Total Time": 52.718,
                                                    "Actual Rows": 1325361,
                                                    "Actual Loops": 1,
                                                    "Index Cond": "(mi.info_type_id = 8)",
                                                    "Workers": [
                                                        {
                                                            "Worker Number": 2,
                                                            "Actual Startup Time": 52.717,
                                                            "Actual Total Time": 52.718,
                                                            "Actual Rows": 1325361,
                                                            "Actual Loops": 1
                                                        }
                                                    ]
                                                }
                                            ]
                                        },
                                        {
                                            "Node Type": "Hash",
                                            "Parent Relationship": "Inner",
                                            "Parallel Aware": true,
                                            "Startup Cost": 45479.21,
                                            "Total Cost": 45479.21,
                                            "Plan Rows": 242648,
                                            "Plan Width": 4,
                                            "Actual Startup Time": 184.007,
                                            "Actual Total Time": 184.008,
                                            "Actual Rows": 176265,
                                            "Actual Loops": 6,
                                            "Output": [
                                                "t.id"
                                            ],
                                            "Hash Buckets": 2097152,
                                            "Original Hash Buckets": 1048576,
                                            "Hash Batches": 1,
                                            "Original Hash Batches": 1,
                                            "Peak Memory Usage": 66016,
                                            "Workers": [
                                                {
                                                    "Worker Number": 0,
                                                    "Actual Startup Time": 184.727,
                                                    "Actual Total Time": 184.728,
                                                    "Actual Rows": 126485,
                                                    "Actual Loops": 1
                                                },
                                                {
                                                    "Worker Number": 1,
                                                    "Actual Startup Time": 184.733,
                                                    "Actual Total Time": 184.735,
                                                    "Actual Rows": 166885,
                                                    "Actual Loops": 1
                                                },
                                                {
                                                    "Worker Number": 2,
                                                    "Actual Startup Time": 185.102,
                                                    "Actual Total Time": 185.103,
                                                    "Actual Rows": 174214,
                                                    "Actual Loops": 1
                                                },
                                                {
                                                    "Worker Number": 3,
                                                    "Actual Startup Time": 185.128,
                                                    "Actual Total Time": 185.129,
                                                    "Actual Rows": 174169,
                                                    "Actual Loops": 1
                                                },
                                                {
                                                    "Worker Number": 4,
                                                    "Actual Startup Time": 185.21,
                                                    "Actual Total Time": 185.211,
                                                    "Actual Rows": 164946,
                                                    "Actual Loops": 1
                                                }
                                            ],
                                            "Plans": [
                                                {
                                                    "Node Type": "Seq Scan",
                                                    "Parent Relationship": "Outer",
                                                    "Parallel Aware": true,
                                                    "Relation Name": "title",
                                                    "Schema": "public",
                                                    "Alias": "t",
                                                    "Startup Cost": 0.0,
                                                    "Total Cost": 45479.21,
                                                    "Plan Rows": 242648,
                                                    "Plan Width": 4,
                                                    "Actual Startup Time": 0.042,
                                                    "Actual Total Time": 82.47,
                                                    "Actual Rows": 176265,
                                                    "Actual Loops": 6,
                                                    "Output": [
                                                        "t.id"
                                                    ],
                                                    "Filter": "((t.kind_id > 1) AND (t.production_year > 2001))",
                                                    "Rows Removed by Filter": 245121,
                                                    "Workers": [
                                                        {
                                                            "Worker Number": 0,
                                                            "Actual Startup Time": 0.064,
                                                            "Actual Total Time": 85.424,
                                                            "Actual Rows": 126485,
                                                            "Actual Loops": 1
                                                        },
                                                        {
                                                            "Worker Number": 1,
                                                            "Actual Startup Time": 0.054,
                                                            "Actual Total Time": 82.752,
                                                            "Actual Rows": 166885,
                                                            "Actual Loops": 1
                                                        },
                                                        {
                                                            "Worker Number": 2,
                                                            "Actual Startup Time": 0.034,
                                                            "Actual Total Time": 84.555,
                                                            "Actual Rows": 174214,
                                                            "Actual Loops": 1
                                                        },
                                                        {
                                                            "Worker Number": 3,
                                                            "Actual Startup Time": 0.033,
                                                            "Actual Total Time": 85.006,
                                                            "Actual Rows": 174169,
                                                            "Actual Loops": 1
                                                        },
                                                        {
                                                            "Worker Number": 4,
                                                            "Actual Startup Time": 0.049,
                                                            "Actual Total Time": 83.528,
                                                            "Actual Rows": 164946,
                                                            "Actual Loops": 1
                                                        }
                                                    ]
                                                }
                                            ]
                                        }
                                    ]
                                }
                            ]
                        }
                    ]
                }
            ]
        },
        "Planning Time": 183.166,
        "Triggers": [],
        "Execution Time": 374.135
    }
]