{
  "Plan": {
    "Node Type": "Aggregate",
    "Strategy": "Plain",
    "Partial Mode": "Finalize",
    "Parallel Aware": false,
    "Startup Cost": 384925.71,
    "Total Cost": 384925.72,
    "Plan Rows": 1,
    "Plan Width": 8,
    "Actual Startup Time": 1544.924,
    "Actual Total Time": 1598.92,
    "Actual Rows": 1,
    "Actual Loops": 1,
    "Plans": [
      {
        "Node Type": "Gather",
        "Parent Relationship": "Outer",
        "Parallel Aware": false,
        "Startup Cost": 384925.6,
        "Total Cost": 384925.71,
        "Plan Rows": 1,
        "Plan Width": 8,
        "Actual Startup Time": 1542.849,
        "Actual Total Time": 1598.909,
        "Actual Rows": 2,
        "Actual Loops": 1,
        "Workers Planned": 1,
        "Workers Launched": 1,
        "Single Copy": false,
        "Plans": [
          {
            "Node Type": "Aggregate",
            "Strategy": "Plain",
            "Partial Mode": "Partial",
            "Parent Relationship": "Outer",
            "Parallel Aware": false,
            "Startup Cost": 383925.6,
            "Total Cost": 383925.61,
            "Plan Rows": 1,
            "Plan Width": 8,
            "Actual Startup Time": 1536.391,
            "Actual Total Time": 1536.992,
            "Actual Rows": 1,
            "Actual Loops": 2,
            "Plans": [
              {
                "Node Type": "Hash Join",
                "Parent Relationship": "Outer",
                "Parallel Aware": true,
                "Join Type": "Inner",
                "Startup Cost": 96172.46,
                "Total Cost": 382975.66,
                "Plan Rows": 379975,
                "Plan Width": 0,
                "Actual Startup Time": 511.259,
                "Actual Total Time": 1511.897,
                "Actual Rows": 599035,
                "Actual Loops": 2,
                "Inner Unique": false,
                "Hash Cond": "(mi.movie_id = t.id)",
                "Plans": [
                  {
                    "Node Type": "Seq Scan",
                    "Parent Relationship": "Outer",
                    "Parallel Aware": true,
                    "Relation Name": "movie_info",
                    "Alias": "mi",
                    "Startup Cost": 0.0,
                    "Total Cost": 270696.42,
                    "Plan Rows": 3699105,
                    "Plan Width": 4,
                    "Actual Startup Time": 34.042,
                    "Actual Total Time": 657.635,
                    "Actual Rows": 3111747,
                    "Actual Loops": 2,
                    "Filter": "(info_type_id > 8)",
                    "Rows Removed by Filter": 4306113
                  },
                  {
                    "Node Type": "Hash",
                    "Parent Relationship": "Inner",
                    "Parallel Aware": true,
                    "Startup Cost": 94262.85,
                    "Total Cost": 94262.85,
                    "Plan Rows": 152769,
                    "Plan Width": 8,
                    "Actual Startup Time": 473.553,
                    "Actual Total Time": 474.152,
                    "Actual Rows": 142506,
                    "Actual Loops": 2,
                    "Hash Buckets": 524288,
                    "Original Hash Buckets": 262144,
                    "Hash Batches": 1,
                    "Original Hash Batches": 1,
                    "Peak Memory Usage": 17344,
                    "Plans": [
                      {
                        "Node Type": "Hash Join",
                        "Parent Relationship": "Outer",
                        "Parallel Aware": true,
                        "Join Type": "Inner",
                        "Startup Cost": 32252.45,
                        "Total Cost": 94262.85,
                        "Plan Rows": 152769,
                        "Plan Width": 8,
                        "Actual Startup Time": 124.619,
                        "Actual Total Time": 433.547,
                        "Actual Rows": 142506,
                        "Actual Loops": 2,
                        "Inner Unique": false,
                        "Hash Cond": "(t.id = mc.movie_id)",
                        "Plans": [
                          {
                            "Node Type": "Seq Scan",
                            "Parent Relationship": "Outer",
                            "Parallel Aware": true,
                            "Relation Name": "title",
                            "Alias": "t",
                            "Startup Cost": 0.0,
                            "Total Cost": 54588.39,
                            "Plan Rows": 1043739,
                            "Plan Width": 4,
                            "Actual Startup Time": 0.011,
                            "Actual Total Time": 143.892,
                            "Actual Rows": 887318,
                            "Actual Loops": 2,
                            "Filter": "(kind_id > 2)",
                            "Rows Removed by Filter": 376838
                          },
                          {
                            "Node Type": "Hash",
                            "Parent Relationship": "Inner",
                            "Parallel Aware": true,
                            "Startup Cost": 29531.42,
                            "Total Cost": 29531.42,
                            "Plan Rows": 217682,
                            "Plan Width": 4,
                            "Actual Startup Time": 120.641,
                            "Actual Total Time": 120.642,
                            "Actual Rows": 182698,
                            "Actual Loops": 2,
                            "Hash Buckets": 524288,
                            "Original Hash Buckets": 524288,
                            "Hash Batches": 1,
                            "Original Hash Batches": 1,
                            "Peak Memory Usage": 18432,
                            "Plans": [
                              {
                                "Node Type": "Bitmap Heap Scan",
                                "Parent Relationship": "Outer",
                                "Parallel Aware": true,
                                "Relation Name": "movie_companies",
                                "Alias": "mc",
                                "Startup Cost": 8020.4,
                                "Total Cost": 29531.42,
                                "Plan Rows": 217682,
                                "Plan Width": 4,
                                "Actual Startup Time": 28.784,
                                "Actual Total Time": 82.486,
                                "Actual Rows": 182698,
                                "Actual Loops": 2,
                                "Recheck Cond": "(company_id < 191)",
                                "Rows Removed by Index Recheck": 0,
                                "Exact Heap Blocks": 11698,
                                "Lossy Heap Blocks": 0,
                                "Plans": [
                                  {
                                    "Node Type": "Bitmap Index Scan",
                                    "Parent Relationship": "Outer",
                                    "Parallel Aware": false,
                                    "Index Name": "company_id_movie_companies",
                                    "Startup Cost": 0.0,
                                    "Total Cost": 7927.88,
                                    "Plan Rows": 370060,
                                    "Plan Width": 0,
                                    "Actual Startup Time": 26.042,
                                    "Actual Total Time": 26.043,
                                    "Actual Rows": 365397,
                                    "Actual Loops": 1,
                                    "Index Cond": "(company_id < 191)"
                                  }
                                ]
                              }
                            ]
                          }
                        ]
                      }
                    ]
                  }
                ]
              }
            ]
          }
        ]
      }
    ]
  },
  "Planning Time": 1.043,
  "Triggers": [],
  "Execution Time": 1599.038
}