[
    {
        "Bao": {
            "Bao prediction": "NaN",
            "Bao recommended hint": "(no hint)"
        }
    },
    {
        "Plan": {
            "Node Type": "Aggregate",
            "Strategy": "Plain",
            "Partial Mode": "Finalize",
            "Parallel Aware": false,
            "Startup Cost": 27601.34,
            "Total Cost": 27601.35,
            "Plan Rows": 1,
            "Plan Width": 8,
            "Actual Startup Time": 74.412,
            "Actual Total Time": 78.505,
            "Actual Rows": 1,
            "Actual Loops": 1,
            "Output": [
                "count(*)"
            ],
            "Plans": [
                {
                    "Node Type": "Gather",
                    "Parent Relationship": "Outer",
                    "Parallel Aware": false,
                    "Startup Cost": 27601.02,
                    "Total Cost": 27601.33,
                    "Plan Rows": 3,
                    "Plan Width": 8,
                    "Actual Startup Time": 74.18,
                    "Actual Total Time": 78.496,
                    "Actual Rows": 4,
                    "Actual Loops": 1,
                    "Output": [
                        "(PARTIAL count(*))"
                    ],
                    "Workers Planned": 3,
                    "Workers Launched": 3,
                    "Single Copy": false,
                    "Plans": [
                        {
                            "Node Type": "Aggregate",
                            "Strategy": "Plain",
                            "Partial Mode": "Partial",
                            "Parent Relationship": "Outer",
                            "Parallel Aware": false,
                            "Startup Cost": 26601.02,
                            "Total Cost": 26601.03,
                            "Plan Rows": 1,
                            "Plan Width": 8,
                            "Actual Startup Time": 65.694,
                            "Actual Total Time": 65.696,
                            "Actual Rows": 1,
                            "Actual Loops": 4,
                            "Output": [
                                "PARTIAL count(*)"
                            ],
                            "Workers": [
                                {
                                    "Worker Number": 0,
                                    "Actual Startup Time": 62.827,
                                    "Actual Total Time": 62.829,
                                    "Actual Rows": 1,
                                    "Actual Loops": 1
                                },
                                {
                                    "Worker Number": 1,
                                    "Actual Startup Time": 63.069,
                                    "Actual Total Time": 63.071,
                                    "Actual Rows": 1,
                                    "Actual Loops": 1
                                },
                                {
                                    "Worker Number": 2,
                                    "Actual Startup Time": 63.2,
                                    "Actual Total Time": 63.201,
                                    "Actual Rows": 1,
                                    "Actual Loops": 1
                                }
                            ],
                            "Plans": [
                                {
                                    "Node Type": "Bitmap Heap Scan",
                                    "Parent Relationship": "Outer",
                                    "Parallel Aware": true,
                                    "Relation Name": "movie_companies",
                                    "Schema": "public",
                                    "Alias": "mc",
                                    "Startup Cost": 6284.12,
                                    "Total Cost": 26485.7,
                                    "Plan Rows": 46127,
                                    "Plan Width": 0,
                                    "Actual Startup Time": 14.273,
                                    "Actual Total Time": 60.354,
                                    "Actual Rows": 55002,
                                    "Actual Loops": 4,
                                    "Recheck Cond": "(mc.company_id < 159)",
                                    "Rows Removed by Index Recheck": 0,
                                    "Filter": "(mc.company_type_id = 1)",
                                    "Rows Removed by Filter": 16327,
                                    "Exact Heap Blocks": 7988,
                                    "Lossy Heap Blocks": 0,
                                    "Workers": [
                                        {
                                            "Worker Number": 0,
                                            "Actual Startup Time": 11.555,
                                            "Actual Total Time": 58.148,
                                            "Actual Rows": 34951,
                                            "Actual Loops": 1
                                        },
                                        {
                                            "Worker Number": 1,
                                            "Actual Startup Time": 11.742,
                                            "Actual Total Time": 58.263,
                                            "Actual Rows": 34173,
                                            "Actual Loops": 1
                                        },
                                        {
                                            "Worker Number": 2,
                                            "Actual Startup Time": 11.866,
                                            "Actual Total Time": 58.585,
                                            "Actual Rows": 33917,
                                            "Actual Loops": 1
                                        }
                                    ],
                                    "Plans": [
                                        {
                                            "Node Type": "Bitmap Index Scan",
                                            "Parent Relationship": "Outer",
                                            "Parallel Aware": false,
                                            "Index Name": "company_id_movie_companies",
                                            "Startup Cost": 0.0,
                                            "Total Cost": 6248.38,
                                            "Plan Rows": 291726,
                                            "Plan Width": 0,
                                            "Actual Startup Time": 17.874,
                                            "Actual Total Time": 17.874,
                                            "Actual Rows": 285317,
                                            "Actual Loops": 1,
                                            "Index Cond": "(mc.company_id < 159)"
                                        }
                                    ]
                                }
                            ]
                        }
                    ]
                }
            ]
        },
        "Planning Time": 311.084,
        "Triggers": [],
        "Execution Time": 78.612
    }
]