[
  {
    "Plan": {
      "Node Type": "Aggregate",
      "Strategy": "Plain",
      "Partial Mode": "Finalize",
      "Parallel Aware": false,
      "Startup Cost": 118105.62,
      "Total Cost": 118105.63,
      "Plan Rows": 1,
      "Plan Width": 8,
      "Actual Startup Time": 431.574,
      "Actual Total Time": 449.275,
      "Actual Rows": 1,
      "Actual Loops": 1,
      "Plans": [
        {
          "Node Type": "Gather",
          "Parent Relationship": "Outer",
          "Parallel Aware": false,
          "Startup Cost": 118105.3,
          "Total Cost": 118105.61,
          "Plan Rows": 3,
          "Plan Width": 8,
          "Actual Startup Time": 430.357,
          "Actual Total Time": 449.258,
          "Actual Rows": 4,
          "Actual Loops": 1,
          "Workers Planned": 3,
          "Workers Launched": 3,
          "Single Copy": false,
          "Plans": [
            {
              "Node Type": "Aggregate",
              "Strategy": "Plain",
              "Partial Mode": "Partial",
              "Parent Relationship": "Outer",
              "Parallel Aware": false,
              "Startup Cost": 117105.3,
              "Total Cost": 117105.31,
              "Plan Rows": 1,
              "Plan Width": 8,
              "Actual Startup Time": 420.869,
              "Actual Total Time": 420.981,
              "Actual Rows": 1,
              "Actual Loops": 4,
              "Plans": [
                {
                  "Node Type": "Hash Join",
                  "Parent Relationship": "Outer",
                  "Parallel Aware": true,
                  "Join Type": "Inner",
                  "Startup Cost": 71195.8,
                  "Total Cost": 117014.52,
                  "Plan Rows": 36315,
                  "Plan Width": 0,
                  "Actual Startup Time": 280.668,
                  "Actual Total Time": 414.488,
                  "Actual Rows": 145883,
                  "Actual Loops": 4,
                  "Inner Unique": false,
                  "Hash Cond": "(mk.movie_id = t.id)",
                  "Plans": [
                    {
                      "Node Type": "Seq Scan",
                      "Parent Relationship": "Outer",
                      "Parallel Aware": true,
                      "Relation Name": "movie_keyword",
                      "Alias": "mk",
                      "Startup Cost": 0.0,
                      "Total Cost": 42695.65,
                      "Plan Rows": 808607,
                      "Plan Width": 4,
                      "Actual Startup Time": 0.254,
                      "Actual Total Time": 111.198,
                      "Actual Rows": 625354,
                      "Actual Loops": 4,
                      "Filter": "(keyword_id > 3623)",
                      "Rows Removed by Filter": 505628
                    },
                    {
                      "Node Type": "Hash",
                      "Parent Relationship": "Inner",
                      "Parallel Aware": true,
                      "Startup Cost": 70840.96,
                      "Total Cost": 70840.96,
                      "Plan Rows": 28387,
                      "Plan Width": 8,
                      "Actual Startup Time": 238.344,
                      "Actual Total Time": 238.455,
                      "Actual Rows": 27656,
                      "Actual Loops": 4,
                      "Hash Buckets": 131072,
                      "Original Hash Buckets": 131072,
                      "Hash Batches": 1,
                      "Original Hash Batches": 1,
                      "Peak Memory Usage": 5408,
                      "Plans": [
                        {
                          "Node Type": "Hash Join",
                          "Parent Relationship": "Outer",
                          "Parallel Aware": true,
                          "Join Type": "Inner",
                          "Startup Cost": 25180.29,
                          "Total Cost": 70840.96,
                          "Plan Rows": 28387,
                          "Plan Width": 8,
                          "Actual Startup Time": 170.128,
                          "Actual Total Time": 228.948,
                          "Actual Rows": 27656,
                          "Actual Loops": 4,
                          "Inner Unique": false,
                          "Hash Cond": "(t.id = mc.movie_id)",
                          "Plans": [
                            {
                              "Node Type": "Seq Scan",
                              "Parent Relationship": "Outer",
                              "Parallel Aware": true,
                              "Relation Name": "title",
                              "Alias": "t",
                              "Startup Cost": 0.0,
                              "Total Cost": 43898.92,
                              "Plan Rows": 334036,
                              "Plan Width": 4,
                              "Actual Startup Time": 0.014,
                              "Actual Total Time": 95.354,
                              "Actual Rows": 337073,
                              "Actual Loops": 4,
                              "Filter": "(production_year < 2005)",
                              "Rows Removed by Filter": 295005
                            },
                            {
                              "Node Type": "Hash",
                              "Parent Relationship": "Inner",
                              "Parallel Aware": true,
                              "Startup Cost": 24313.93,
                              "Total Cost": 24313.93,
                              "Plan Rows": 69309,
                              "Plan Width": 4,
                              "Actual Startup Time": 65.038,
                              "Actual Total Time": 65.041,
                              "Actual Rows": 52614,
                              "Actual Loops": 4,
                              "Hash Buckets": 262144,
                              "Original Hash Buckets": 262144,
                              "Hash Batches": 1,
                              "Original Hash Batches": 1,
                              "Peak Memory Usage": 10336,
                              "Plans": [
                                {
                                  "Node Type": "Bitmap Heap Scan",
                                  "Parent Relationship": "Outer",
                                  "Parallel Aware": true,
                                  "Relation Name": "movie_companies",
                                  "Alias": "mc",
                                  "Startup Cost": 4657.57,
                                  "Total Cost": 24313.93,
                                  "Plan Rows": 69309,
                                  "Plan Width": 4,
                                  "Actual Startup Time": 18.301,
                                  "Actual Total Time": 44.8,
                                  "Actual Rows": 52614,
                                  "Actual Loops": 4,
                                  "Recheck Cond": "(company_id > 110384)",
                                  "Rows Removed by Index Recheck": 0,
                                  "Exact Heap Blocks": 2117,
                                  "Lossy Heap Blocks": 0,
                                  "Plans": [
                                    {
                                      "Node Type": "Bitmap Index Scan",
                                      "Parent Relationship": "Outer",
                                      "Parallel Aware": false,
                                      "Index Name": "company_id_movie_companies",
                                      "Startup Cost": 0.0,
                                      "Total Cost": 4603.86,
                                      "Plan Rows": 214857,
                                      "Plan Width": 0,
                                      "Actual Startup Time": 18.252,
                                      "Actual Total Time": 18.253,
                                      "Actual Rows": 210456,
                                      "Actual Loops": 1,
                                      "Index Cond": "(company_id > 110384)"
                                    }
                                  ]
                                }
                              ]
                            }
                          ]
                        }
                      ]
                    }
                  ]
                }
              ]
            }
          ]
        }
      ]
    },
    "Planning Time": 1.416,
    "Triggers": [],
    "Execution Time": 449.38
  }
]