[
  {
    "Plan": {
      "Node Type": "Aggregate",
      "Strategy": "Plain",
      "Partial Mode": "Finalize",
      "Parallel Aware": false,
      "Startup Cost": 45045.23,
      "Total Cost": 45045.24,
      "Plan Rows": 1,
      "Plan Width": 8,
      "Actual Startup Time": 137.579,
      "Actual Total Time": 147.294,
      "Actual Rows": 1,
      "Actual Loops": 1,
      "Plans": [
        {
          "Node Type": "Gather",
          "Parent Relationship": "Outer",
          "Parallel Aware": false,
          "Startup Cost": 45044.91,
          "Total Cost": 45045.22,
          "Plan Rows": 3,
          "Plan Width": 8,
          "Actual Startup Time": 137.428,
          "Actual Total Time": 147.286,
          "Actual Rows": 4,
          "Actual Loops": 1,
          "Workers Planned": 3,
          "Workers Launched": 3,
          "Single Copy": false,
          "Plans": [
            {
              "Node Type": "Aggregate",
              "Strategy": "Plain",
              "Partial Mode": "Partial",
              "Parent Relationship": "Outer",
              "Parallel Aware": false,
              "Startup Cost": 44044.91,
              "Total Cost": 44044.92,
              "Plan Rows": 1,
              "Plan Width": 8,
              "Actual Startup Time": 131.838,
              "Actual Total Time": 131.839,
              "Actual Rows": 1,
              "Actual Loops": 4,
              "Plans": [
                {
                  "Node Type": "Seq Scan",
                  "Parent Relationship": "Outer",
                  "Parallel Aware": true,
                  "Relation Name": "movie_keyword",
                  "Alias": "mk",
                  "Startup Cost": 0.0,
                  "Total Cost": 42695.65,
                  "Plan Rows": 539702,
                  "Plan Width": 0,
                  "Actual Startup Time": 0.858,
                  "Actual Total Time": 111.329,
                  "Actual Rows": 414927,
                  "Actual Loops": 4,
                  "Filter": "(keyword_id > 8804)",
                  "Rows Removed by Filter": 716056
                }
              ]
            }
          ]
        }
      ]
    },
    "Planning Time": 0.132,
    "Triggers": [],
    "Execution Time": 147.336
  }
]