[
  {
    "Plan": {
      "Node Type": "Aggregate",
      "Strategy": "Plain",
      "Partial Mode": "Finalize",
      "Parallel Aware": false,
      "Startup Cost": 46016.65,
      "Total Cost": 46016.66,
      "Plan Rows": 1,
      "Plan Width": 8,
      "Actual Startup Time": 155.239,
      "Actual Total Time": 165.1,
      "Actual Rows": 1,
      "Actual Loops": 1,
      "Plans": [
        {
          "Node Type": "Gather",
          "Parent Relationship": "Outer",
          "Parallel Aware": false,
          "Startup Cost": 46016.33,
          "Total Cost": 46016.64,
          "Plan Rows": 3,
          "Plan Width": 8,
          "Actual Startup Time": 155.023,
          "Actual Total Time": 165.091,
          "Actual Rows": 4,
          "Actual Loops": 1,
          "Workers Planned": 3,
          "Workers Launched": 3,
          "Single Copy": false,
          "Plans": [
            {
              "Node Type": "Aggregate",
              "Strategy": "Plain",
              "Partial Mode": "Partial",
              "Parent Relationship": "Outer",
              "Parallel Aware": false,
              "Startup Cost": 45016.33,
              "Total Cost": 45016.34,
              "Plan Rows": 1,
              "Plan Width": 8,
              "Actual Startup Time": 147.88,
              "Actual Total Time": 147.881,
              "Actual Rows": 1,
              "Actual Loops": 4,
              "Plans": [
                {
                  "Node Type": "Seq Scan",
                  "Parent Relationship": "Outer",
                  "Parallel Aware": true,
                  "Relation Name": "movie_keyword",
                  "Alias": "mk",
                  "Startup Cost": 0.0,
                  "Total Cost": 42695.65,
                  "Plan Rows": 928271,
                  "Plan Width": 0,
                  "Actual Startup Time": 0.052,
                  "Actual Total Time": 115.77,
                  "Actual Rows": 718787,
                  "Actual Loops": 4,
                  "Filter": "(keyword_id < 8907)",
                  "Rows Removed by Filter": 412195
                }
              ]
            }
          ]
        }
      ]
    },
    "Planning Time": 0.176,
    "Triggers": [],
    "Execution Time": 165.154
  }
]