[
    {
        "Bao": {
            "Bao prediction": "NaN",
            "Bao recommended hint": "(no hint)"
        }
    },
    {
        "Plan": {
            "Node Type": "Aggregate",
            "Strategy": "Plain",
            "Partial Mode": "Finalize",
            "Parallel Aware": false,
            "Startup Cost": 32804.55,
            "Total Cost": 32804.56,
            "Plan Rows": 1,
            "Plan Width": 8,
            "Actual Startup Time": 80.853,
            "Actual Total Time": 86.755,
            "Actual Rows": 1,
            "Actual Loops": 1,
            "Output": [
                "count(*)"
            ],
            "Plans": [
                {
                    "Node Type": "Gather",
                    "Parent Relationship": "Outer",
                    "Parallel Aware": false,
                    "Startup Cost": 32804.24,
                    "Total Cost": 32804.55,
                    "Plan Rows": 3,
                    "Plan Width": 8,
                    "Actual Startup Time": 80.743,
                    "Actual Total Time": 86.747,
                    "Actual Rows": 4,
                    "Actual Loops": 1,
                    "Output": [
                        "(PARTIAL count(*))"
                    ],
                    "Workers Planned": 3,
                    "Workers Launched": 3,
                    "Single Copy": false,
                    "Plans": [
                        {
                            "Node Type": "Aggregate",
                            "Strategy": "Plain",
                            "Partial Mode": "Partial",
                            "Parent Relationship": "Outer",
                            "Parallel Aware": false,
                            "Startup Cost": 31804.24,
                            "Total Cost": 31804.25,
                            "Plan Rows": 1,
                            "Plan Width": 8,
                            "Actual Startup Time": 72.907,
                            "Actual Total Time": 72.908,
                            "Actual Rows": 1,
                            "Actual Loops": 4,
                            "Output": [
                                "PARTIAL count(*)"
                            ],
                            "Workers": [
                                {
                                    "Worker Number": 0,
                                    "Actual Startup Time": 70.165,
                                    "Actual Total Time": 70.165,
                                    "Actual Rows": 1,
                                    "Actual Loops": 1
                                },
                                {
                                    "Worker Number": 1,
                                    "Actual Startup Time": 70.254,
                                    "Actual Total Time": 70.255,
                                    "Actual Rows": 1,
                                    "Actual Loops": 1
                                },
                                {
                                    "Worker Number": 2,
                                    "Actual Startup Time": 70.712,
                                    "Actual Total Time": 70.713,
                                    "Actual Rows": 1,
                                    "Actual Loops": 1
                                }
                            ],
                            "Plans": [
                                {
                                    "Node Type": "Seq Scan",
                                    "Parent Relationship": "Outer",
                                    "Parallel Aware": true,
                                    "Relation Name": "movie_companies",
                                    "Schema": "public",
                                    "Alias": "mc",
                                    "Startup Cost": 0.0,
                                    "Total Cost": 31414.82,
                                    "Plan Rows": 155767,
                                    "Plan Width": 0,
                                    "Actual Startup Time": 17.931,
                                    "Actual Total Time": 70.432,
                                    "Actual Rows": 43590,
                                    "Actual Loops": 4,
                                    "Output": [
                                        "id",
                                        "movie_id",
                                        "company_id",
                                        "company_type_id",
                                        "note"
                                    ],
                                    "Filter": "((mc.company_id > 17125) AND (mc.company_type_id < 2))",
                                    "Rows Removed by Filter": 608693,
                                    "Workers": [
                                        {
                                            "Worker Number": 0,
                                            "Actual Startup Time": 15.183,
                                            "Actual Total Time": 67.855,
                                            "Actual Rows": 35145,
                                            "Actual Loops": 1
                                        },
                                        {
                                            "Worker Number": 1,
                                            "Actual Startup Time": 15.281,
                                            "Actual Total Time": 67.864,
                                            "Actual Rows": 37991,
                                            "Actual Loops": 1
                                        },
                                        {
                                            "Worker Number": 2,
                                            "Actual Startup Time": 15.744,
                                            "Actual Total Time": 68.393,
                                            "Actual Rows": 38515,
                                            "Actual Loops": 1
                                        }
                                    ]
                                }
                            ]
                        }
                    ]
                }
            ]
        },
        "Planning Time": 211.501,
        "Triggers": [],
        "Execution Time": 86.801
    }
]