[
  {
    "Plan": {
      "Node Type": "Aggregate",
      "Strategy": "Plain",
      "Partial Mode": "Finalize",
      "Parallel Aware": false,
      "Startup Cost": 45913.98,
      "Total Cost": 45913.99,
      "Plan Rows": 1,
      "Plan Width": 8,
      "Actual Startup Time": 169.067,
      "Actual Total Time": 178.99,
      "Actual Rows": 1,
      "Actual Loops": 1,
      "Plans": [
        {
          "Node Type": "Gather",
          "Parent Relationship": "Outer",
          "Parallel Aware": false,
          "Startup Cost": 45913.66,
          "Total Cost": 45913.97,
          "Plan Rows": 3,
          "Plan Width": 8,
          "Actual Startup Time": 168.886,
          "Actual Total Time": 178.981,
          "Actual Rows": 4,
          "Actual Loops": 1,
          "Workers Planned": 3,
          "Workers Launched": 3,
          "Single Copy": false,
          "Plans": [
            {
              "Node Type": "Aggregate",
              "Strategy": "Plain",
              "Partial Mode": "Partial",
              "Parent Relationship": "Outer",
              "Parallel Aware": false,
              "Startup Cost": 44913.66,
              "Total Cost": 44913.67,
              "Plan Rows": 1,
              "Plan Width": 8,
              "Actual Startup Time": 160.276,
              "Actual Total Time": 160.277,
              "Actual Rows": 1,
              "Actual Loops": 4,
              "Plans": [
                {
                  "Node Type": "Seq Scan",
                  "Parent Relationship": "Outer",
                  "Parallel Aware": true,
                  "Relation Name": "movie_keyword",
                  "Alias": "mk",
                  "Startup Cost": 0.0,
                  "Total Cost": 42695.65,
                  "Plan Rows": 887204,
                  "Plan Width": 0,
                  "Actual Startup Time": 0.063,
                  "Actual Total Time": 125.987,
                  "Actual Rows": 692226,
                  "Actual Loops": 4,
                  "Filter": "(keyword_id < 7910)",
                  "Rows Removed by Filter": 438756
                }
              ]
            }
          ]
        }
      ]
    },
    "Planning Time": 0.189,
    "Triggers": [],
    "Execution Time": 179.045
  }
]