[
  {
    "Plan": {
      "Node Type": "Aggregate",
      "Strategy": "Plain",
      "Partial Mode": "Finalize",
      "Parallel Aware": false,
      "Startup Cost": 45930.88,
      "Total Cost": 45930.89,
      "Plan Rows": 1,
      "Plan Width": 8,
      "Actual Startup Time": 155.025,
      "Actual Total Time": 164.555,
      "Actual Rows": 1,
      "Actual Loops": 1,
      "Plans": [
        {
          "Node Type": "Gather",
          "Parent Relationship": "Outer",
          "Parallel Aware": false,
          "Startup Cost": 45930.56,
          "Total Cost": 45930.87,
          "Plan Rows": 3,
          "Plan Width": 8,
          "Actual Startup Time": 154.892,
          "Actual Total Time": 164.546,
          "Actual Rows": 4,
          "Actual Loops": 1,
          "Workers Planned": 3,
          "Workers Launched": 3,
          "Single Copy": false,
          "Plans": [
            {
              "Node Type": "Aggregate",
              "Strategy": "Plain",
              "Partial Mode": "Partial",
              "Parent Relationship": "Outer",
              "Parallel Aware": false,
              "Startup Cost": 44930.56,
              "Total Cost": 44930.57,
              "Plan Rows": 1,
              "Plan Width": 8,
              "Actual Startup Time": 147.86,
              "Actual Total Time": 147.861,
              "Actual Rows": 1,
              "Actual Loops": 4,
              "Plans": [
                {
                  "Node Type": "Seq Scan",
                  "Parent Relationship": "Outer",
                  "Parallel Aware": true,
                  "Relation Name": "movie_keyword",
                  "Alias": "mk",
                  "Startup Cost": 0.0,
                  "Total Cost": 42695.65,
                  "Plan Rows": 893962,
                  "Plan Width": 0,
                  "Actual Startup Time": 0.05,
                  "Actual Total Time": 116.951,
                  "Actual Rows": 692226,
                  "Actual Loops": 4,
                  "Filter": "(keyword_id < 7910)",
                  "Rows Removed by Filter": 438756
                }
              ]
            }
          ]
        }
      ]
    },
    "Planning Time": 0.156,
    "Triggers": [],
    "Execution Time": 164.626
  }
]