[
    {
        "Bao": {
            "Bao prediction": "NaN",
            "Bao recommended hint": "(no hint)"
        }
    },
    {
        "Plan": {
            "Node Type": "Aggregate",
            "Strategy": "Plain",
            "Partial Mode": "Finalize",
            "Parallel Aware": false,
            "Startup Cost": 32297.76,
            "Total Cost": 32297.77,
            "Plan Rows": 1,
            "Plan Width": 8,
            "Actual Startup Time": 128.085,
            "Actual Total Time": 134.751,
            "Actual Rows": 1,
            "Actual Loops": 1,
            "Output": [
                "count(*)"
            ],
            "Plans": [
                {
                    "Node Type": "Gather",
                    "Parent Relationship": "Outer",
                    "Parallel Aware": false,
                    "Startup Cost": 32297.44,
                    "Total Cost": 32297.75,
                    "Plan Rows": 3,
                    "Plan Width": 8,
                    "Actual Startup Time": 127.99,
                    "Actual Total Time": 134.743,
                    "Actual Rows": 4,
                    "Actual Loops": 1,
                    "Output": [
                        "(PARTIAL count(*))"
                    ],
                    "Workers Planned": 3,
                    "Workers Launched": 3,
                    "Single Copy": false,
                    "Plans": [
                        {
                            "Node Type": "Aggregate",
                            "Strategy": "Plain",
                            "Partial Mode": "Partial",
                            "Parent Relationship": "Outer",
                            "Parallel Aware": false,
                            "Startup Cost": 31297.44,
                            "Total Cost": 31297.45,
                            "Plan Rows": 1,
                            "Plan Width": 8,
                            "Actual Startup Time": 119.869,
                            "Actual Total Time": 119.87,
                            "Actual Rows": 1,
                            "Actual Loops": 4,
                            "Output": [
                                "PARTIAL count(*)"
                            ],
                            "Workers": [
                                {
                                    "Worker Number": 0,
                                    "Actual Startup Time": 117.102,
                                    "Actual Total Time": 117.104,
                                    "Actual Rows": 1,
                                    "Actual Loops": 1
                                },
                                {
                                    "Worker Number": 1,
                                    "Actual Startup Time": 117.295,
                                    "Actual Total Time": 117.296,
                                    "Actual Rows": 1,
                                    "Actual Loops": 1
                                },
                                {
                                    "Worker Number": 2,
                                    "Actual Startup Time": 117.702,
                                    "Actual Total Time": 117.704,
                                    "Actual Rows": 1,
                                    "Actual Loops": 1
                                }
                            ],
                            "Plans": [
                                {
                                    "Node Type": "Seq Scan",
                                    "Parent Relationship": "Outer",
                                    "Parallel Aware": true,
                                    "Relation Name": "movie_companies",
                                    "Schema": "public",
                                    "Alias": "mc",
                                    "Startup Cost": 0.0,
                                    "Total Cost": 29310.68,
                                    "Plan Rows": 794704,
                                    "Plan Width": 0,
                                    "Actual Startup Time": 0.053,
                                    "Actual Total Time": 87.031,
                                    "Actual Rows": 615272,
                                    "Actual Loops": 4,
                                    "Output": [
                                        "id",
                                        "movie_id",
                                        "company_id",
                                        "company_type_id",
                                        "note"
                                    ],
                                    "Filter": "(mc.company_id < 132871)",
                                    "Rows Removed by Filter": 37010,
                                    "Workers": [
                                        {
                                            "Worker Number": 0,
                                            "Actual Startup Time": 0.061,
                                            "Actual Total Time": 86.191,
                                            "Actual Rows": 416111,
                                            "Actual Loops": 1
                                        },
                                        {
                                            "Worker Number": 1,
                                            "Actual Startup Time": 0.071,
                                            "Actual Total Time": 86.249,
                                            "Actual Rows": 420573,
                                            "Actual Loops": 1
                                        },
                                        {
                                            "Worker Number": 2,
                                            "Actual Startup Time": 0.067,
                                            "Actual Total Time": 85.911,
                                            "Actual Rows": 633501,
                                            "Actual Loops": 1
                                        }
                                    ]
                                }
                            ]
                        }
                    ]
                }
            ]
        },
        "Planning Time": 185.952,
        "Triggers": [],
        "Execution Time": 134.84
    }
]