[
  {
    "Plan": {
      "Node Type": "Aggregate",
      "Strategy": "Plain",
      "Partial Mode": "Simple",
      "Parallel Aware": false,
      "Startup Cost": 695.91,
      "Total Cost": 695.92,
      "Plan Rows": 1,
      "Plan Width": 8,
      "Actual Startup Time": 16.7,
      "Actual Total Time": 16.702,
      "Actual Rows": 1,
      "Actual Loops": 1,
      "Plans": [
        {
          "Node Type": "Nested Loop",
          "Parent Relationship": "Outer",
          "Parallel Aware": false,
          "Join Type": "Inner",
          "Startup Cost": 0.86,
          "Total Cost": 695.78,
          "Plan Rows": 50,
          "Plan Width": 0,
          "Actual Startup Time": 0.133,
          "Actual Total Time": 16.393,
          "Actual Rows": 1657,
          "Actual Loops": 1,
          "Inner Unique": true,
          "Plans": [
            {
              "Node Type": "Index Scan",
              "Parent Relationship": "Outer",
              "Parallel Aware": false,
              "Scan Direction": "Forward",
              "Index Name": "company_id_movie_companies",
              "Relation Name": "movie_companies",
              "Alias": "mc",
              "Startup Cost": 0.43,
              "Total Cost": 273.41,
              "Plan Rows": 50,
              "Plan Width": 4,
              "Actual Startup Time": 0.112,
              "Actual Total Time": 3.39,
              "Actual Rows": 1657,
              "Actual Loops": 1,
              "Index Cond": "(company_id = 1705)",
              "Rows Removed by Index Recheck": 0,
              "Filter": "(company_type_id = 1)",
              "Rows Removed by Filter": 53
            },
            {
              "Node Type": "Index Only Scan",
              "Parent Relationship": "Inner",
              "Parallel Aware": false,
              "Scan Direction": "Forward",
              "Index Name": "title_pkey",
              "Relation Name": "title",
              "Alias": "t",
              "Startup Cost": 0.43,
              "Total Cost": 8.45,
              "Plan Rows": 1,
              "Plan Width": 4,
              "Actual Startup Time": 0.007,
              "Actual Total Time": 0.007,
              "Actual Rows": 1,
              "Actual Loops": 1657,
              "Index Cond": "(id = mc.movie_id)",
              "Rows Removed by Index Recheck": 0,
              "Heap Fetches": 1657
            }
          ]
        }
      ]
    },
    "Planning Time": 0.539,
    "Triggers": [],
    "Execution Time": 16.752
  }
]