[
  {
    "Plan": {
      "Node Type": "Aggregate",
      "Strategy": "Plain",
      "Partial Mode": "Finalize",
      "Parallel Aware": false,
      "Startup Cost": 33047.22,
      "Total Cost": 33047.23,
      "Plan Rows": 1,
      "Plan Width": 8,
      "Actual Startup Time": 108.684,
      "Actual Total Time": 116.845,
      "Actual Rows": 1,
      "Actual Loops": 1,
      "Plans": [
        {
          "Node Type": "Gather",
          "Parent Relationship": "Outer",
          "Parallel Aware": false,
          "Startup Cost": 33046.91,
          "Total Cost": 33047.22,
          "Plan Rows": 3,
          "Plan Width": 8,
          "Actual Startup Time": 108.551,
          "Actual Total Time": 116.836,
          "Actual Rows": 4,
          "Actual Loops": 1,
          "Workers Planned": 3,
          "Workers Launched": 3,
          "Single Copy": false,
          "Plans": [
            {
              "Node Type": "Aggregate",
              "Strategy": "Plain",
              "Partial Mode": "Partial",
              "Parent Relationship": "Outer",
              "Parallel Aware": false,
              "Startup Cost": 32046.91,
              "Total Cost": 32046.92,
              "Plan Rows": 1,
              "Plan Width": 8,
              "Actual Startup Time": 100.079,
              "Actual Total Time": 100.08,
              "Actual Rows": 1,
              "Actual Loops": 4,
              "Plans": [
                {
                  "Node Type": "Seq Scan",
                  "Parent Relationship": "Outer",
                  "Parallel Aware": true,
                  "Relation Name": "movie_companies",
                  "Alias": "mc",
                  "Startup Cost": 0.0,
                  "Total Cost": 31414.82,
                  "Plan Rows": 252835,
                  "Plan Width": 0,
                  "Actual Startup Time": 0.041,
                  "Actual Total Time": 84.659,
                  "Actual Rows": 273099,
                  "Actual Loops": 4,
                  "Filter": "((company_id < 16714) AND (company_type_id = 1))",
                  "Rows Removed by Filter": 379183
                }
              ]
            }
          ]
        }
      ]
    },
    "Planning Time": 0.093,
    "Triggers": [],
    "Execution Time": 116.883
  }
]