{
    "Plan": {
        "Node Type": "Aggregate",
        "Strategy": "Plain",
        "Partial Mode": "Simple",
        "Parallel Aware": false,
        "Startup Cost": 70001047492.12,
        "Total Cost": 70001047492.13,
        "Plan Rows": 1,
        "Plan Width": 96,
        "Actual Startup Time": 3118.605,
        "Actual Total Time": 3118.617,
        "Actual Rows": 1,
        "Actual Loops": 1,
        "Output": [
            "min(mi.info)",
            "min(miidx.info)",
            "min(t.title)"
        ],
        "Plans": [
            {
                "Node Type": "Hash Join",
                "Parent Relationship": "Outer",
                "Parallel Aware": false,
                "Join Type": "Inner",
                "Startup Cost": 70001047476.89,
                "Total Cost": 70001047491.91,
                "Plan Rows": 27,
                "Plan Width": 65,
                "Actual Startup Time": 3118.552,
                "Actual Total Time": 3118.591,
                "Actual Rows": 138,
                "Actual Loops": 1,
                "Output": [
                    "mi.info",
                    "miidx.info",
                    "t.title"
                ],
                "Inner Unique": false,
                "Hash Cond": "(it2.id = mi.info_type_id)",
                "Plans": [
                    {
                        "Node Type": "Index Scan",
                        "Parent Relationship": "Outer",
                        "Parallel Aware": false,
                        "Scan Direction": "Forward",
                        "Index Name": "info_type_pkey",
                        "Relation Name": "info_type",
                        "Schema": "public",
                        "Alias": "it2",
                        "Startup Cost": 10000000000.14,
                        "Total Cost": 10000000014.12,
                        "Plan Rows": 1,
                        "Plan Width": 4,
                        "Actual Startup Time": 0.033,
                        "Actual Total Time": 0.046,
                        "Actual Rows": 1,
                        "Actual Loops": 1,
                        "Output": [
                            "it2.id",
                            "it2.info"
                        ],
                        "Filter": "((it2.info)::text = 'release dates'::text)",
                        "Rows Removed by Filter": 112
                    },
                    {
                        "Node Type": "Hash",
                        "Parent Relationship": "Inner",
                        "Parallel Aware": false,
                        "Startup Cost": 60001047438.91,
                        "Total Cost": 60001047438.91,
                        "Plan Rows": 3027,
                        "Plan Width": 69,
                        "Actual Startup Time": 3118.504,
                        "Actual Total Time": 3118.514,
                        "Actual Rows": 725,
                        "Actual Loops": 1,
                        "Output": [
                            "mi.info",
                            "mi.info_type_id",
                            "miidx.info",
                            "t.title"
                        ],
                        "Hash Buckets": 4096,
                        "Original Hash Buckets": 4096,
                        "Hash Batches": 1,
                        "Original Hash Batches": 1,
                        "Peak Memory Usage": 132,
                        "Plans": [
                            {
                                "Node Type": "Nested Loop",
                                "Parent Relationship": "Outer",
                                "Parallel Aware": false,
                                "Join Type": "Inner",
                                "Startup Cost": 60001046867.28,
                                "Total Cost": 60001047438.91,
                                "Plan Rows": 3027,
                                "Plan Width": 69,
                                "Actual Startup Time": 3116.18,
                                "Actual Total Time": 3118.331,
                                "Actual Rows": 725,
                                "Actual Loops": 1,
                                "Output": [
                                    "mi.info",
                                    "mi.info_type_id",
                                    "miidx.info",
                                    "t.title"
                                ],
                                "Inner Unique": false,
                                "Plans": [
                                    {
                                        "Node Type": "Hash Join",
                                        "Parent Relationship": "Outer",
                                        "Parallel Aware": false,
                                        "Join Type": "Inner",
                                        "Startup Cost": 50001046866.46,
                                        "Total Cost": 50001046874.56,
                                        "Plan Rows": 99,
                                        "Plan Width": 34,
                                        "Actual Startup Time": 3116.117,
                                        "Actual Total Time": 3116.147,
                                        "Actual Rows": 48,
                                        "Actual Loops": 1,
                                        "Output": [
                                            "mc.movie_id",
                                            "miidx.info",
                                            "miidx.movie_id",
                                            "t.title",
                                            "t.id"
                                        ],
                                        "Inner Unique": false,
                                        "Hash Cond": "(it.id = miidx.info_type_id)",
                                        "Plans": [
                                            {
                                                "Node Type": "Seq Scan",
                                                "Parent Relationship": "Outer",
                                                "Parallel Aware": false,
                                                "Relation Name": "info_type",
                                                "Schema": "public",
                                                "Alias": "it",
                                                "Startup Cost": 10000000000.0,
                                                "Total Cost": 10000000002.41,
                                                "Plan Rows": 1,
                                                "Plan Width": 4,
                                                "Actual Startup Time": 0.031,
                                                "Actual Total Time": 0.036,
                                                "Actual Rows": 1,
                                                "Actual Loops": 1,
                                                "Output": [
                                                    "it.id",
                                                    "it.info"
                                                ],
                                                "Filter": "((it.info)::text = 'rating'::text)",
                                                "Rows Removed by Filter": 112
                                            },
                                            {
                                                "Node Type": "Hash",
                                                "Parent Relationship": "Inner",
                                                "Parallel Aware": false,
                                                "Startup Cost": 40001046726.2,
                                                "Total Cost": 40001046726.2,
                                                "Plan Rows": 11221,
                                                "Plan Width": 38,
                                                "Actual Startup Time": 3116.052,
                                                "Actual Total Time": 3116.061,
                                                "Actual Rows": 144,
                                                "Actual Loops": 1,
                                                "Output": [
                                                    "mc.movie_id",
                                                    "miidx.info",
                                                    "miidx.movie_id",
                                                    "miidx.info_type_id",
                                                    "t.title",
                                                    "t.id"
                                                ],
                                                "Hash Buckets": 16384,
                                                "Original Hash Buckets": 16384,
                                                "Hash Batches": 1,
                                                "Original Hash Batches": 1,
                                                "Peak Memory Usage": 139,
                                                "Plans": [
                                                    {
                                                        "Node Type": "Nested Loop",
                                                        "Parent Relationship": "Outer",
                                                        "Parallel Aware": false,
                                                        "Join Type": "Inner",
                                                        "Startup Cost": 40000602520.44,
                                                        "Total Cost": 40001046726.2,
                                                        "Plan Rows": 11221,
                                                        "Plan Width": 38,
                                                        "Actual Startup Time": 2443.621,
                                                        "Actual Total Time": 3115.965,
                                                        "Actual Rows": 144,
                                                        "Actual Loops": 1,
                                                        "Output": [
                                                            "mc.movie_id",
                                                            "miidx.info",
                                                            "miidx.movie_id",
                                                            "miidx.info_type_id",
                                                            "t.title",
                                                            "t.id"
                                                        ],
                                                        "Inner Unique": true,
                                                        "Plans": [
                                                            {
                                                                "Node Type": "Merge Join",
                                                                "Parent Relationship": "Outer",
                                                                "Parallel Aware": false,
                                                                "Join Type": "Inner",
                                                                "Startup Cost": 30000602520.3,
                                                                "Total Cost": 30000720243.78,
                                                                "Plan Rows": 78544,
                                                                "Plan Width": 42,
                                                                "Actual Startup Time": 1484.864,
                                                                "Actual Total Time": 2866.328,
                                                                "Actual Rows": 69111,
                                                                "Actual Loops": 1,
                                                                "Output": [
                                                                    "mc.movie_id",
                                                                    "miidx.info",
                                                                    "miidx.movie_id",
                                                                    "miidx.info_type_id",
                                                                    "t.title",
                                                                    "t.id",
                                                                    "t.kind_id"
                                                                ],
                                                                "Inner Unique": true,
                                                                "Merge Cond": "(mc.movie_id = t.id)",
                                                                "Plans": [
                                                                    {
                                                                        "Node Type": "Sort",
                                                                        "Parent Relationship": "Outer",
                                                                        "Parallel Aware": false,
                                                                        "Startup Cost": 30000602519.83,
                                                                        "Total Cost": 30000602716.19,
                                                                        "Plan Rows": 78544,
                                                                        "Plan Width": 17,
                                                                        "Actual Startup Time": 1484.734,
                                                                        "Actual Total Time": 1503.246,
                                                                        "Actual Rows": 69111,
                                                                        "Actual Loops": 1,
                                                                        "Output": [
                                                                            "mc.movie_id",
                                                                            "miidx.info",
                                                                            "miidx.movie_id",
                                                                            "miidx.info_type_id"
                                                                        ],
                                                                        "Sort Key": [
                                                                            "mc.movie_id"
                                                                        ],
                                                                        "Sort Method": "quicksort",
                                                                        "Sort Space Used": 7242,
                                                                        "Sort Space Type": "Memory",
                                                                        "Plans": [
                                                                            {
                                                                                "Node Type": "Hash Join",
                                                                                "Parent Relationship": "Outer",
                                                                                "Parallel Aware": false,
                                                                                "Join Type": "Inner",
                                                                                "Startup Cost": 30000389660.26,
                                                                                "Total Cost": 30000596133.72,
                                                                                "Plan Rows": 78544,
                                                                                "Plan Width": 17,
                                                                                "Actual Startup Time": 1314.691,
                                                                                "Actual Total Time": 1470.888,
                                                                                "Actual Rows": 69111,
                                                                                "Actual Loops": 1,
                                                                                "Output": [
                                                                                    "mc.movie_id",
                                                                                    "miidx.info",
                                                                                    "miidx.movie_id",
                                                                                    "miidx.info_type_id"
                                                                                ],
                                                                                "Inner Unique": false,
                                                                                "Hash Cond": "(mc.movie_id = miidx.movie_id)",
                                                                                "Plans": [
                                                                                    {
                                                                                        "Node Type": "Hash Join",
                                                                                        "Parent Relationship": "Outer",
                                                                                        "Parallel Aware": false,
                                                                                        "Join Type": "Inner",
                                                                                        "Startup Cost": 20000350674.48,
                                                                                        "Total Cost": 20000556188.97,
                                                                                        "Plan Rows": 27765,
                                                                                        "Plan Width": 4,
                                                                                        "Actual Startup Time": 913.224,
                                                                                        "Actual Total Time": 1040.283,
                                                                                        "Actual Rows": 34670,
                                                                                        "Actual Loops": 1,
                                                                                        "Output": [
                                                                                            "mc.movie_id"
                                                                                        ],
                                                                                        "Inner Unique": false,
                                                                                        "Hash Cond": "(cn.id = mc.company_id)",
                                                                                        "Plans": [
                                                                                            {
                                                                                                "Node Type": "Index Scan",
                                                                                                "Parent Relationship": "Outer",
                                                                                                "Parallel Aware": false,
                                                                                                "Scan Direction": "Forward",
                                                                                                "Index Name": "company_name_pkey",
                                                                                                "Relation Name": "company_name",
                                                                                                "Schema": "public",
                                                                                                "Alias": "cn",
                                                                                                "Startup Cost": 10000000000.42,
                                                                                                "Total Cost": 10000012454.44,
                                                                                                "Plan Rows": 10003,
                                                                                                "Plan Width": 4,
                                                                                                "Actual Startup Time": 0.053,
                                                                                                "Actual Total Time": 113.571,
                                                                                                "Actual Rows": 9811,
                                                                                                "Actual Loops": 1,
                                                                                                "Output": [
                                                                                                    "cn.id",
                                                                                                    "cn.name",
                                                                                                    "cn.country_code",
                                                                                                    "cn.imdb_id",
                                                                                                    "cn.name_pcode_nf",
                                                                                                    "cn.name_pcode_sf",
                                                                                                    "cn.md5sum"
                                                                                                ],
                                                                                                "Filter": "((cn.country_code)::text = '[ca]'::text)",
                                                                                                "Rows Removed by Filter": 225186
                                                                                            },
                                                                                            {
                                                                                                "Node Type": "Hash",
                                                                                                "Parent Relationship": "Inner",
                                                                                                "Parallel Aware": false,
                                                                                                "Startup Cost": 10000342520.53,
                                                                                                "Total Cost": 10000342520.53,
                                                                                                "Plan Rows": 652282,
                                                                                                "Plan Width": 8,
                                                                                                "Actual Startup Time": 911.859,
                                                                                                "Actual Total Time": 911.862,
                                                                                                "Actual Rows": 1274246,
                                                                                                "Actual Loops": 1,
                                                                                                "Output": [
                                                                                                    "mc.movie_id",
                                                                                                    "mc.company_id"
                                                                                                ],
                                                                                                "Hash Buckets": 2097152,
                                                                                                "Original Hash Buckets": 1048576,
                                                                                                "Hash Batches": 1,
                                                                                                "Original Hash Batches": 1,
                                                                                                "Peak Memory Usage": 66160,
                                                                                                "Plans": [
                                                                                                    {
                                                                                                        "Node Type": "Merge Join",
                                                                                                        "Parent Relationship": "Outer",
                                                                                                        "Parallel Aware": false,
                                                                                                        "Join Type": "Inner",
                                                                                                        "Startup Cost": 10000322952.06,
                                                                                                        "Total Cost": 10000342520.53,
                                                                                                        "Plan Rows": 652282,
                                                                                                        "Plan Width": 8,
                                                                                                        "Actual Startup Time": 558.094,
                                                                                                        "Actual Total Time": 731.303,
                                                                                                        "Actual Rows": 1274246,
                                                                                                        "Actual Loops": 1,
                                                                                                        "Output": [
                                                                                                            "mc.movie_id",
                                                                                                            "mc.company_id"
                                                                                                        ],
                                                                                                        "Inner Unique": false,
                                                                                                        "Merge Cond": "(ct.id = mc.company_type_id)",
                                                                                                        "Plans": [
                                                                                                            {
                                                                                                                "Node Type": "Sort",
                                                                                                                "Parent Relationship": "Outer",
                                                                                                                "Parallel Aware": false,
                                                                                                                "Startup Cost": 10000000001.06,
                                                                                                                "Total Cost": 10000000001.06,
                                                                                                                "Plan Rows": 1,
                                                                                                                "Plan Width": 4,
                                                                                                                "Actual Startup Time": 0.026,
                                                                                                                "Actual Total Time": 0.028,
                                                                                                                "Actual Rows": 1,
                                                                                                                "Actual Loops": 1,
                                                                                                                "Output": [
                                                                                                                    "ct.id"
                                                                                                                ],
                                                                                                                "Sort Key": [
                                                                                                                    "ct.id"
                                                                                                                ],
                                                                                                                "Sort Method": "quicksort",
                                                                                                                "Sort Space Used": 25,
                                                                                                                "Sort Space Type": "Memory",
                                                                                                                "Plans": [
                                                                                                                    {
                                                                                                                        "Node Type": "Seq Scan",
                                                                                                                        "Parent Relationship": "Outer",
                                                                                                                        "Parallel Aware": false,
                                                                                                                        "Relation Name": "company_type",
                                                                                                                        "Schema": "public",
                                                                                                                        "Alias": "ct",
                                                                                                                        "Startup Cost": 10000000000.0,
                                                                                                                        "Total Cost": 10000000001.05,
                                                                                                                        "Plan Rows": 1,
                                                                                                                        "Plan Width": 4,
                                                                                                                        "Actual Startup Time": 0.015,
                                                                                                                        "Actual Total Time": 0.016,
                                                                                                                        "Actual Rows": 1,
                                                                                                                        "Actual Loops": 1,
                                                                                                                        "Output": [
                                                                                                                            "ct.id"
                                                                                                                        ],
                                                                                                                        "Filter": "((ct.kind)::text = 'distributors'::text)",
                                                                                                                        "Rows Removed by Filter": 3
                                                                                                                    }
                                                                                                                ]
                                                                                                            },
                                                                                                            {
                                                                                                                "Node Type": "Sort",
                                                                                                                "Parent Relationship": "Inner",
                                                                                                                "Parallel Aware": false,
                                                                                                                "Startup Cost": 322951.0,
                                                                                                                "Total Cost": 329473.82,
                                                                                                                "Plan Rows": 2609129,
                                                                                                                "Plan Width": 12,
                                                                                                                "Actual Startup Time": 558.055,
                                                                                                                "Actual Total Time": 613.225,
                                                                                                                "Actual Rows": 1274247,
                                                                                                                "Actual Loops": 1,
                                                                                                                "Output": [
                                                                                                                    "mc.movie_id",
                                                                                                                    "mc.company_id",
                                                                                                                    "mc.company_type_id"
                                                                                                                ],
                                                                                                                "Sort Key": [
                                                                                                                    "mc.company_type_id"
                                                                                                                ],
                                                                                                                "Sort Method": "quicksort",
                                                                                                                "Sort Space Used": 220607,
                                                                                                                "Sort Space Type": "Memory",
                                                                                                                "Plans": [
                                                                                                                    {
                                                                                                                        "Node Type": "Seq Scan",
                                                                                                                        "Parent Relationship": "Outer",
                                                                                                                        "Parallel Aware": false,
                                                                                                                        "Relation Name": "movie_companies",
                                                                                                                        "Schema": "public",
                                                                                                                        "Alias": "mc",
                                                                                                                        "Startup Cost": 0.0,
                                                                                                                        "Total Cost": 44881.29,
                                                                                                                        "Plan Rows": 2609129,
                                                                                                                        "Plan Width": 12,
                                                                                                                        "Actual Startup Time": 0.01,
                                                                                                                        "Actual Total Time": 308.942,
                                                                                                                        "Actual Rows": 2609129,
                                                                                                                        "Actual Loops": 1,
                                                                                                                        "Output": [
                                                                                                                            "mc.movie_id",
                                                                                                                            "mc.company_id",
                                                                                                                            "mc.company_type_id"
                                                                                                                        ]
                                                                                                                    }
                                                                                                                ]
                                                                                                            }
                                                                                                        ]
                                                                                                    }
                                                                                                ]
                                                                                            }
                                                                                        ]
                                                                                    },
                                                                                    {
                                                                                        "Node Type": "Hash",
                                                                                        "Parent Relationship": "Inner",
                                                                                        "Parallel Aware": false,
                                                                                        "Startup Cost": 10000021735.35,
                                                                                        "Total Cost": 10000021735.35,
                                                                                        "Plan Rows": 1380035,
                                                                                        "Plan Width": 13,
                                                                                        "Actual Startup Time": 398.014,
                                                                                        "Actual Total Time": 398.015,
                                                                                        "Actual Rows": 1380035,
                                                                                        "Actual Loops": 1,
                                                                                        "Output": [
                                                                                            "miidx.info",
                                                                                            "miidx.movie_id",
                                                                                            "miidx.info_type_id"
                                                                                        ],
                                                                                        "Hash Buckets": 2097152,
                                                                                        "Original Hash Buckets": 2097152,
                                                                                        "Hash Batches": 1,
                                                                                        "Original Hash Batches": 1,
                                                                                        "Peak Memory Usage": 79357,
                                                                                        "Plans": [
                                                                                            {
                                                                                                "Node Type": "Seq Scan",
                                                                                                "Parent Relationship": "Outer",
                                                                                                "Parallel Aware": false,
                                                                                                "Relation Name": "movie_info_idx",
                                                                                                "Schema": "public",
                                                                                                "Alias": "miidx",
                                                                                                "Startup Cost": 10000000000.0,
                                                                                                "Total Cost": 10000021735.35,
                                                                                                "Plan Rows": 1380035,
                                                                                                "Plan Width": 13,
                                                                                                "Actual Startup Time": 0.028,
                                                                                                "Actual Total Time": 164.044,
                                                                                                "Actual Rows": 1380035,
                                                                                                "Actual Loops": 1,
                                                                                                "Output": [
                                                                                                    "miidx.info",
                                                                                                    "miidx.movie_id",
                                                                                                    "miidx.info_type_id"
                                                                                                ]
                                                                                            }
                                                                                        ]
                                                                                    }
                                                                                ]
                                                                            }
                                                                        ]
                                                                    },
                                                                    {
                                                                        "Node Type": "Index Scan",
                                                                        "Parent Relationship": "Inner",
                                                                        "Parallel Aware": false,
                                                                        "Scan Direction": "Forward",
                                                                        "Index Name": "title_pkey",
                                                                        "Relation Name": "title",
                                                                        "Schema": "public",
                                                                        "Alias": "t",
                                                                        "Startup Cost": 0.43,
                                                                        "Total Cost": 110342.1,
                                                                        "Plan Rows": 2528322,
                                                                        "Plan Width": 25,
                                                                        "Actual Startup Time": 0.023,
                                                                        "Actual Total Time": 1183.725,
                                                                        "Actual Rows": 2525631,
                                                                        "Actual Loops": 1,
                                                                        "Output": [
                                                                            "t.id",
                                                                            "t.title",
                                                                            "t.imdb_index",
                                                                            "t.kind_id",
                                                                            "t.production_year",
                                                                            "t.imdb_id",
                                                                            "t.phonetic_code",
                                                                            "t.episode_of_id",
                                                                            "t.season_nr",
                                                                            "t.episode_nr",
                                                                            "t.series_years",
                                                                            "t.md5sum"
                                                                        ]
                                                                    }
                                                                ]
                                                            },
                                                            {
                                                                "Node Type": "Bitmap Heap Scan",
                                                                "Parent Relationship": "Inner",
                                                                "Parallel Aware": false,
                                                                "Relation Name": "kind_type",
                                                                "Schema": "public",
                                                                "Alias": "kt",
                                                                "Startup Cost": 0.14,
                                                                "Total Cost": 4.16,
                                                                "Plan Rows": 1,
                                                                "Plan Width": 4,
                                                                "Actual Startup Time": 0.002,
                                                                "Actual Total Time": 0.002,
                                                                "Actual Rows": 0,
                                                                "Actual Loops": 69111,
                                                                "Output": [
                                                                    "kt.id",
                                                                    "kt.kind"
                                                                ],
                                                                "Recheck Cond": "(kt.id = t.kind_id)",
                                                                "Rows Removed by Index Recheck": 0,
                                                                "Filter": "((kt.kind)::text = 'video game'::text)",
                                                                "Rows Removed by Filter": 1,
                                                                "Exact Heap Blocks": 69111,
                                                                "Lossy Heap Blocks": 0,
                                                                "Plans": [
                                                                    {
                                                                        "Node Type": "Bitmap Index Scan",
                                                                        "Parent Relationship": "Outer",
                                                                        "Parallel Aware": false,
                                                                        "Index Name": "kind_type_pkey",
                                                                        "Startup Cost": 0.0,
                                                                        "Total Cost": 0.14,
                                                                        "Plan Rows": 1,
                                                                        "Plan Width": 0,
                                                                        "Actual Startup Time": 0.001,
                                                                        "Actual Total Time": 0.001,
                                                                        "Actual Rows": 1,
                                                                        "Actual Loops": 69111,
                                                                        "Index Cond": "(kt.id = t.kind_id)"
                                                                    }
                                                                ]
                                                            }
                                                        ]
                                                    }
                                                ]
                                            }
                                        ]
                                    },
                                    {
                                        "Node Type": "Bitmap Heap Scan",
                                        "Parent Relationship": "Inner",
                                        "Parallel Aware": false,
                                        "Relation Name": "movie_info",
                                        "Schema": "public",
                                        "Alias": "mi",
                                        "Startup Cost": 0.82,
                                        "Total Cost": 5.31,
                                        "Plan Rows": 39,
                                        "Plan Width": 51,
                                        "Actual Startup Time": 0.025,
                                        "Actual Total Time": 0.042,
                                        "Actual Rows": 15,
                                        "Actual Loops": 48,
                                        "Output": [
                                            "mi.id",
                                            "mi.movie_id",
                                            "mi.info_type_id",
                                            "mi.info",
                                            "mi.note"
                                        ],
                                        "Recheck Cond": "(mi.movie_id = t.id)",
                                        "Rows Removed by Index Recheck": 0,
                                        "Exact Heap Blocks": 374,
                                        "Lossy Heap Blocks": 0,
                                        "Plans": [
                                            {
                                                "Node Type": "Bitmap Index Scan",
                                                "Parent Relationship": "Outer",
                                                "Parallel Aware": false,
                                                "Index Name": "movie_id_movie_info",
                                                "Startup Cost": 0.0,
                                                "Total Cost": 0.81,
                                                "Plan Rows": 39,
                                                "Plan Width": 0,
                                                "Actual Startup Time": 0.021,
                                                "Actual Total Time": 0.021,
                                                "Actual Rows": 15,
                                                "Actual Loops": 48,
                                                "Index Cond": "(mi.movie_id = t.id)"
                                            }
                                        ]
                                    }
                                ]
                            }
                        ]
                    }
                ]
            }
        ]
    },
    "Planning Time": 8.853,
    "Triggers": [],
    "Execution Time": 3120.206
}