{
  "Plan": {
    "Node Type": "Aggregate",
    "Strategy": "Plain",
    "Partial Mode": "Finalize",
    "Parallel Aware": false,
    "Startup Cost": 233398.91,
    "Total Cost": 233398.92,
    "Plan Rows": 1,
    "Plan Width": 8,
    "Actual Startup Time": 134.881,
    "Actual Total Time": 158.64,
    "Actual Rows": 1,
    "Actual Loops": 1,
    "Plans": [
      {
        "Node Type": "Gather",
        "Parent Relationship": "Outer",
        "Parallel Aware": false,
        "Startup Cost": 233398.8,
        "Total Cost": 233398.91,
        "Plan Rows": 1,
        "Plan Width": 8,
        "Actual Startup Time": 134.638,
        "Actual Total Time": 158.632,
        "Actual Rows": 2,
        "Actual Loops": 1,
        "Workers Planned": 1,
        "Workers Launched": 1,
        "Single Copy": false,
        "Plans": [
          {
            "Node Type": "Aggregate",
            "Strategy": "Plain",
            "Partial Mode": "Partial",
            "Parent Relationship": "Outer",
            "Parallel Aware": false,
            "Startup Cost": 232398.8,
            "Total Cost": 232398.81,
            "Plan Rows": 1,
            "Plan Width": 8,
            "Actual Startup Time": 128.59,
            "Actual Total Time": 128.592,
            "Actual Rows": 1,
            "Actual Loops": 2,
            "Plans": [
              {
                "Node Type": "Nested Loop",
                "Parent Relationship": "Outer",
                "Parallel Aware": false,
                "Join Type": "Inner",
                "Startup Cost": 1824.33,
                "Total Cost": 232345.65,
                "Plan Rows": 21258,
                "Plan Width": 0,
                "Actual Startup Time": 15.626,
                "Actual Total Time": 126.416,
                "Actual Rows": 30814,
                "Actual Loops": 2,
                "Inner Unique": false,
                "Plans": [
                  {
                    "Node Type": "Bitmap Heap Scan",
                    "Parent Relationship": "Outer",
                    "Parallel Aware": true,
                    "Relation Name": "title",
                    "Alias": "t",
                    "Startup Cost": 1823.76,
                    "Total Cost": 38723.77,
                    "Plan Rows": 1484,
                    "Plan Width": 4,
                    "Actual Startup Time": 15.378,
                    "Actual Total Time": 35.467,
                    "Actual Rows": 1520,
                    "Actual Loops": 2,
                    "Recheck Cond": "(kind_id = 3)",
                    "Rows Removed by Index Recheck": 0,
                    "Filter": "(production_year = 2002)",
                    "Rows Removed by Filter": 48748,
                    "Exact Heap Blocks": 10049,
                    "Lossy Heap Blocks": 0,
                    "Plans": [
                      {
                        "Node Type": "Bitmap Index Scan",
                        "Parent Relationship": "Outer",
                        "Parallel Aware": false,
                        "Index Name": "kind_id_title",
                        "Startup Cost": 0.0,
                        "Total Cost": 1823.13,
                        "Plan Rows": 102227,
                        "Plan Width": 0,
                        "Actual Startup Time": 15.878,
                        "Actual Total Time": 15.878,
                        "Actual Rows": 100537,
                        "Actual Loops": 1,
                        "Index Cond": "(kind_id = 3)"
                      }
                    ]
                  },
                  {
                    "Node Type": "Index Only Scan",
                    "Parent Relationship": "Inner",
                    "Parallel Aware": false,
                    "Scan Direction": "Forward",
                    "Index Name": "movie_id_cast_info",
                    "Relation Name": "cast_info",
                    "Alias": "ci",
                    "Startup Cost": 0.56,
                    "Total Cost": 130.1,
                    "Plan Rows": 37,
                    "Plan Width": 4,
                    "Actual Startup Time": 0.012,
                    "Actual Total Time": 0.058,
                    "Actual Rows": 20,
                    "Actual Loops": 3040,
                    "Index Cond": "(movie_id = t.id)",
                    "Rows Removed by Index Recheck": 0,
                    "Heap Fetches": 61629
                  }
                ]
              }
            ]
          }
        ]
      }
    ]
  },
  "Planning Time": 0.49,
  "Triggers": [],
  "Execution Time": 158.736
}