[
  {
    "Plan": {
      "Node Type": "Aggregate",
      "Strategy": "Plain",
      "Partial Mode": "Finalize",
      "Parallel Aware": false,
      "Startup Cost": 30713.99,
      "Total Cost": 30714.0,
      "Plan Rows": 1,
      "Plan Width": 8,
      "Actual Startup Time": 92.063,
      "Actual Total Time": 101.57,
      "Actual Rows": 1,
      "Actual Loops": 1,
      "Plans": [
        {
          "Node Type": "Gather",
          "Parent Relationship": "Outer",
          "Parallel Aware": false,
          "Startup Cost": 30713.67,
          "Total Cost": 30713.98,
          "Plan Rows": 3,
          "Plan Width": 8,
          "Actual Startup Time": 91.902,
          "Actual Total Time": 101.561,
          "Actual Rows": 4,
          "Actual Loops": 1,
          "Workers Planned": 3,
          "Workers Launched": 3,
          "Single Copy": false,
          "Plans": [
            {
              "Node Type": "Aggregate",
              "Strategy": "Plain",
              "Partial Mode": "Partial",
              "Parent Relationship": "Outer",
              "Parallel Aware": false,
              "Startup Cost": 29713.67,
              "Total Cost": 29713.68,
              "Plan Rows": 1,
              "Plan Width": 8,
              "Actual Startup Time": 86.194,
              "Actual Total Time": 86.195,
              "Actual Rows": 1,
              "Actual Loops": 4,
              "Plans": [
                {
                  "Node Type": "Seq Scan",
                  "Parent Relationship": "Outer",
                  "Parallel Aware": true,
                  "Relation Name": "movie_companies",
                  "Alias": "mc",
                  "Startup Cost": 0.0,
                  "Total Cost": 29310.68,
                  "Plan Rows": 161195,
                  "Plan Width": 0,
                  "Actual Startup Time": 46.411,
                  "Actual Total Time": 79.946,
                  "Actual Rows": 124504,
                  "Actual Loops": 4,
                  "Filter": "(company_id > 74342)",
                  "Rows Removed by Filter": 527778
                }
              ]
            }
          ]
        }
      ]
    },
    "Planning Time": 0.141,
    "Triggers": [],
    "Execution Time": 101.619
  }
]