{
  "Plan": {
    "Node Type": "Aggregate",
    "Strategy": "Plain",
    "Partial Mode": "Finalize",
    "Parallel Aware": false,
    "Startup Cost": 152147.15,
    "Total Cost": 152147.16,
    "Plan Rows": 1,
    "Plan Width": 8,
    "Actual Startup Time": 772.125,
    "Actual Total Time": 786.147,
    "Actual Rows": 1,
    "Actual Loops": 1,
    "Plans": [
      {
        "Node Type": "Gather",
        "Parent Relationship": "Outer",
        "Parallel Aware": false,
        "Startup Cost": 152147.04,
        "Total Cost": 152147.15,
        "Plan Rows": 1,
        "Plan Width": 8,
        "Actual Startup Time": 770.891,
        "Actual Total Time": 786.139,
        "Actual Rows": 2,
        "Actual Loops": 1,
        "Workers Planned": 1,
        "Workers Launched": 1,
        "Single Copy": false,
        "Plans": [
          {
            "Node Type": "Aggregate",
            "Strategy": "Plain",
            "Partial Mode": "Partial",
            "Parent Relationship": "Outer",
            "Parallel Aware": false,
            "Startup Cost": 151147.04,
            "Total Cost": 151147.05,
            "Plan Rows": 1,
            "Plan Width": 8,
            "Actual Startup Time": 765.026,
            "Actual Total Time": 765.574,
            "Actual Rows": 1,
            "Actual Loops": 2,
            "Plans": [
              {
                "Node Type": "Hash Join",
                "Parent Relationship": "Outer",
                "Parallel Aware": true,
                "Join Type": "Inner",
                "Startup Cost": 89738.34,
                "Total Cost": 151038.45,
                "Plan Rows": 43435,
                "Plan Width": 0,
                "Actual Startup Time": 393.8,
                "Actual Total Time": 723.893,
                "Actual Rows": 1036278,
                "Actual Loops": 2,
                "Inner Unique": false,
                "Hash Cond": "(mk.movie_id = t.id)",
                "Plans": [
                  {
                    "Node Type": "Seq Scan",
                    "Parent Relationship": "Outer",
                    "Parallel Aware": true,
                    "Relation Name": "movie_keyword",
                    "Alias": "mk",
                    "Startup Cost": 0.0,
                    "Total Cost": 51065.35,
                    "Plan Rows": 2661135,
                    "Plan Width": 4,
                    "Actual Startup Time": 0.016,
                    "Actual Total Time": 147.256,
                    "Actual Rows": 2261965,
                    "Actual Loops": 2
                  },
                  {
                    "Node Type": "Hash",
                    "Parent Relationship": "Inner",
                    "Parallel Aware": true,
                    "Startup Cost": 89434.91,
                    "Total Cost": 89434.91,
                    "Plan Rows": 24275,
                    "Plan Width": 8,
                    "Actual Startup Time": 327.093,
                    "Actual Total Time": 327.639,
                    "Actual Rows": 102732,
                    "Actual Loops": 2,
                    "Hash Buckets": 262144,
                    "Original Hash Buckets": 65536,
                    "Hash Batches": 1,
                    "Original Hash Batches": 1,
                    "Peak Memory Usage": 11648,
                    "Plans": [
                      {
                        "Node Type": "Hash Join",
                        "Parent Relationship": "Outer",
                        "Parallel Aware": true,
                        "Join Type": "Inner",
                        "Startup Cost": 28266.71,
                        "Total Cost": 89434.91,
                        "Plan Rows": 24275,
                        "Plan Width": 8,
                        "Actual Startup Time": 174.031,
                        "Actual Total Time": 304.231,
                        "Actual Rows": 102732,
                        "Actual Loops": 2,
                        "Inner Unique": false,
                        "Hash Cond": "(t.id = mc.movie_id)",
                        "Plans": [
                          {
                            "Node Type": "Seq Scan",
                            "Parent Relationship": "Outer",
                            "Parallel Aware": true,
                            "Relation Name": "title",
                            "Alias": "t",
                            "Startup Cost": 0.0,
                            "Total Cost": 58306.47,
                            "Plan Rows": 435031,
                            "Plan Width": 4,
                            "Actual Startup Time": 0.013,
                            "Actual Total Time": 127.97,
                            "Actual Rows": 317506,
                            "Actual Loops": 2,
                            "Filter": "((kind_id < 4) AND (production_year > 1963))",
                            "Rows Removed by Filter": 946650
                          },
                          {
                            "Node Type": "Hash",
                            "Parent Relationship": "Inner",
                            "Parallel Aware": true,
                            "Startup Cost": 27229.36,
                            "Total Cost": 27229.36,
                            "Plan Rows": 82988,
                            "Plan Width": 4,
                            "Actual Startup Time": 98.184,
                            "Actual Total Time": 98.185,
                            "Actual Rows": 138062,
                            "Actual Loops": 2,
                            "Hash Buckets": 524288,
                            "Original Hash Buckets": 262144,
                            "Hash Batches": 1,
                            "Original Hash Batches": 1,
                            "Peak Memory Usage": 16992,
                            "Plans": [
                              {
                                "Node Type": "Bitmap Heap Scan",
                                "Parent Relationship": "Outer",
                                "Parallel Aware": true,
                                "Relation Name": "movie_companies",
                                "Alias": "mc",
                                "Startup Cost": 5987.65,
                                "Total Cost": 27229.36,
                                "Plan Rows": 82988,
                                "Plan Width": 4,
                                "Actual Startup Time": 30.462,
                                "Actual Total Time": 65.537,
                                "Actual Rows": 138062,
                                "Actual Loops": 2,
                                "Recheck Cond": "(company_id > 96507)",
                                "Rows Removed by Index Recheck": 0,
                                "Filter": "(company_type_id = 2)",
                                "Rows Removed by Filter": 0,
                                "Exact Heap Blocks": 3219,
                                "Lossy Heap Blocks": 0,
                                "Plans": [
                                  {
                                    "Node Type": "Bitmap Index Scan",
                                    "Parent Relationship": "Outer",
                                    "Parallel Aware": false,
                                    "Index Name": "company_id_movie_companies",
                                    "Startup Cost": 0.0,
                                    "Total Cost": 5952.38,
                                    "Plan Rows": 277860,
                                    "Plan Width": 0,
                                    "Actual Startup Time": 31.999,
                                    "Actual Total Time": 31.999,
                                    "Actual Rows": 276124,
                                    "Actual Loops": 1,
                                    "Index Cond": "(company_id > 96507)"
                                  }
                                ]
                              }
                            ]
                          }
                        ]
                      }
                    ]
                  }
                ]
              }
            ]
          }
        ]
      }
    ]
  },
  "Planning Time": 0.91,
  "Triggers": [],
  "Execution Time": 786.25
}