[
  {
    "Plan": {
      "Node Type": "Aggregate",
      "Strategy": "Plain",
      "Partial Mode": "Finalize",
      "Parallel Aware": false,
      "Startup Cost": 430014.32,
      "Total Cost": 430014.33,
      "Plan Rows": 1,
      "Plan Width": 8,
      "Actual Startup Time": 3545.053,
      "Actual Total Time": 3637.794,
      "Actual Rows": 1,
      "Actual Loops": 1,
      "Plans": [
        {
          "Node Type": "Gather",
          "Parent Relationship": "Outer",
          "Parallel Aware": false,
          "Startup Cost": 430013.79,
          "Total Cost": 430014.3,
          "Plan Rows": 5,
          "Plan Width": 8,
          "Actual Startup Time": 3539.568,
          "Actual Total Time": 3637.785,
          "Actual Rows": 6,
          "Actual Loops": 1,
          "Workers Planned": 5,
          "Workers Launched": 5,
          "Single Copy": false,
          "Plans": [
            {
              "Node Type": "Aggregate",
              "Strategy": "Plain",
              "Partial Mode": "Partial",
              "Parent Relationship": "Outer",
              "Parallel Aware": false,
              "Startup Cost": 429013.79,
              "Total Cost": 429013.8,
              "Plan Rows": 1,
              "Plan Width": 8,
              "Actual Startup Time": 3529.652,
              "Actual Total Time": 3529.655,
              "Actual Rows": 1,
              "Actual Loops": 6,
              "Plans": [
                {
                  "Node Type": "Nested Loop",
                  "Parent Relationship": "Outer",
                  "Parallel Aware": false,
                  "Join Type": "Inner",
                  "Startup Cost": 94014.8,
                  "Total Cost": 425148.74,
                  "Plan Rows": 1546023,
                  "Plan Width": 0,
                  "Actual Startup Time": 307.517,
                  "Actual Total Time": 3364.941,
                  "Actual Rows": 3592781,
                  "Actual Loops": 6,
                  "Inner Unique": false,
                  "Plans": [
                    {
                      "Node Type": "Merge Join",
                      "Parent Relationship": "Outer",
                      "Parallel Aware": false,
                      "Join Type": "Inner",
                      "Startup Cost": 94014.23,
                      "Total Cost": 189066.31,
                      "Plan Rows": 107894,
                      "Plan Width": 8,
                      "Actual Startup Time": 307.417,
                      "Actual Total Time": 702.95,
                      "Actual Rows": 92621,
                      "Actual Loops": 6,
                      "Inner Unique": false,
                      "Merge Cond": "(t.id = mk.movie_id)",
                      "Plans": [
                        {
                          "Node Type": "Index Only Scan",
                          "Parent Relationship": "Outer",
                          "Parallel Aware": true,
                          "Scan Direction": "Forward",
                          "Index Name": "title_pkey",
                          "Relation Name": "title",
                          "Alias": "t",
                          "Startup Cost": 0.43,
                          "Total Cost": 90113.62,
                          "Plan Rows": 505659,
                          "Plan Width": 4,
                          "Actual Startup Time": 0.141,
                          "Actual Total Time": 305.825,
                          "Actual Rows": 420965,
                          "Actual Loops": 6,
                          "Heap Fetches": 2525791
                        },
                        {
                          "Node Type": "Sort",
                          "Parent Relationship": "Inner",
                          "Parallel Aware": false,
                          "Startup Cost": 94003.68,
                          "Total Cost": 95352.36,
                          "Plan Rows": 539472,
                          "Plan Width": 4,
                          "Actual Startup Time": 307.088,
                          "Actual Total Time": 335.896,
                          "Actual Rows": 555726,
                          "Actual Loops": 6,
                          "Sort Key": [
                            "mk.movie_id"
                          ],
                          "Sort Method": "quicksort",
                          "Sort Space Used": 50626,
                          "Sort Space Type": "Memory",
                          "Workers": [
                            {
                              "Worker Number": 0,
                              "Sort Method": "quicksort",
                              "Sort Space Used": 50626,
                              "Sort Space Type": "Memory"
                            },
                            {
                              "Worker Number": 1,
                              "Sort Method": "quicksort",
                              "Sort Space Used": 50626,
                              "Sort Space Type": "Memory"
                            },
                            {
                              "Worker Number": 2,
                              "Sort Method": "quicksort",
                              "Sort Space Used": 50626,
                              "Sort Space Type": "Memory"
                            },
                            {
                              "Worker Number": 3,
                              "Sort Method": "quicksort",
                              "Sort Space Used": 50626,
                              "Sort Space Type": "Memory"
                            },
                            {
                              "Worker Number": 4,
                              "Sort Method": "quicksort",
                              "Sort Space Used": 50626,
                              "Sort Space Type": "Memory"
                            }
                          ],
                          "Plans": [
                            {
                              "Node Type": "Bitmap Heap Scan",
                              "Parent Relationship": "Outer",
                              "Parallel Aware": false,
                              "Relation Name": "movie_keyword",
                              "Alias": "mk",
                              "Startup Cost": 11445.34,
                              "Total Cost": 42642.74,
                              "Plan Rows": 539472,
                              "Plan Width": 4,
                              "Actual Startup Time": 52.732,
                              "Actual Total Time": 196.467,
                              "Actual Rows": 555726,
                              "Actual Loops": 6,
                              "Recheck Cond": "(keyword_id < 398)",
                              "Rows Removed by Index Recheck": 0,
                              "Exact Heap Blocks": 24275,
                              "Lossy Heap Blocks": 0,
                              "Plans": [
                                {
                                  "Node Type": "Bitmap Index Scan",
                                  "Parent Relationship": "Outer",
                                  "Parallel Aware": false,
                                  "Index Name": "keyword_id_movie_keyword",
                                  "Startup Cost": 0.0,
                                  "Total Cost": 11310.47,
                                  "Plan Rows": 539472,
                                  "Plan Width": 0,
                                  "Actual Startup Time": 49.683,
                                  "Actual Total Time": 49.683,
                                  "Actual Rows": 555726,
                                  "Actual Loops": 6,
                                  "Index Cond": "(keyword_id < 398)"
                                }
                              ]
                            }
                          ]
                        }
                      ]
                    },
                    {
                      "Node Type": "Index Only Scan",
                      "Parent Relationship": "Inner",
                      "Parallel Aware": false,
                      "Scan Direction": "Forward",
                      "Index Name": "movie_id_cast_info",
                      "Relation Name": "cast_info",
                      "Alias": "ci",
                      "Startup Cost": 0.56,
                      "Total Cost": 1.82,
                      "Plan Rows": 37,
                      "Plan Width": 4,
                      "Actual Startup Time": 0.004,
                      "Actual Total Time": 0.026,
                      "Actual Rows": 39,
                      "Actual Loops": 555726,
                      "Index Cond": "(movie_id = t.id)",
                      "Rows Removed by Index Recheck": 0,
                      "Heap Fetches": 21556686
                    }
                  ]
                }
              ]
            }
          ]
        }
      ]
    },
    "Planning Time": 1.229,
    "Triggers": [],
    "Execution Time": 3646.404
  }
]