{
  "Plan": {
    "Node Type": "Aggregate",
    "Strategy": "Plain",
    "Partial Mode": "Finalize",
    "Parallel Aware": false,
    "Startup Cost": 827506.65,
    "Total Cost": 827506.66,
    "Plan Rows": 1,
    "Plan Width": 8,
    "Actual Startup Time": 4643.785,
    "Actual Total Time": 4722.098,
    "Actual Rows": 1,
    "Actual Loops": 1,
    "Plans": [
      {
        "Node Type": "Gather",
        "Parent Relationship": "Outer",
        "Parallel Aware": false,
        "Startup Cost": 827506.53,
        "Total Cost": 827506.64,
        "Plan Rows": 1,
        "Plan Width": 8,
        "Actual Startup Time": 4641.173,
        "Actual Total Time": 4722.089,
        "Actual Rows": 2,
        "Actual Loops": 1,
        "Workers Planned": 1,
        "Workers Launched": 1,
        "Single Copy": false,
        "Plans": [
          {
            "Node Type": "Aggregate",
            "Strategy": "Plain",
            "Partial Mode": "Partial",
            "Parent Relationship": "Outer",
            "Parallel Aware": false,
            "Startup Cost": 826506.53,
            "Total Cost": 826506.54,
            "Plan Rows": 1,
            "Plan Width": 8,
            "Actual Startup Time": 4634.872,
            "Actual Total Time": 4634.878,
            "Actual Rows": 1,
            "Actual Loops": 2,
            "Plans": [
              {
                "Node Type": "Hash Join",
                "Parent Relationship": "Outer",
                "Parallel Aware": true,
                "Join Type": "Inner",
                "Startup Cost": 216002.41,
                "Total Cost": 817423.04,
                "Plan Rows": 3633399,
                "Plan Width": 0,
                "Actual Startup Time": 1201.92,
                "Actual Total Time": 4500.742,
                "Actual Rows": 3311268,
                "Actual Loops": 2,
                "Inner Unique": false,
                "Hash Cond": "(ci.movie_id = t.id)",
                "Plans": [
                  {
                    "Node Type": "Seq Scan",
                    "Parent Relationship": "Outer",
                    "Parallel Aware": true,
                    "Relation Name": "cast_info",
                    "Alias": "ci",
                    "Startup Cost": 0.0,
                    "Total Cost": 519069.44,
                    "Plan Rows": 16260860,
                    "Plan Width": 4,
                    "Actual Startup Time": 198.825,
                    "Actual Total Time": 1564.759,
                    "Actual Rows": 13767138,
                    "Actual Loops": 2,
                    "Filter": "(person_id > 857632)",
                    "Rows Removed by Filter": 4355034
                  },
                  {
                    "Node Type": "Hash",
                    "Parent Relationship": "Inner",
                    "Parallel Aware": true,
                    "Startup Cost": 211848.48,
                    "Total Cost": 211848.48,
                    "Plan Rows": 332314,
                    "Plan Width": 8,
                    "Actual Startup Time": 993.768,
                    "Actual Total Time": 993.77,
                    "Actual Rows": 141050,
                    "Actual Loops": 2,
                    "Hash Buckets": 1048576,
                    "Original Hash Buckets": 1048576,
                    "Hash Batches": 1,
                    "Original Hash Batches": 1,
                    "Peak Memory Usage": 19264,
                    "Plans": [
                      {
                        "Node Type": "Merge Join",
                        "Parent Relationship": "Outer",
                        "Parallel Aware": false,
                        "Join Type": "Inner",
                        "Startup Cost": 102160.6,
                        "Total Cost": 211848.48,
                        "Plan Rows": 332314,
                        "Plan Width": 8,
                        "Actual Startup Time": 671.511,
                        "Actual Total Time": 952.72,
                        "Actual Rows": 141050,
                        "Actual Loops": 2,
                        "Inner Unique": false,
                        "Merge Cond": "(t.id = mc.movie_id)",
                        "Plans": [
                          {
                            "Node Type": "Index Only Scan",
                            "Parent Relationship": "Outer",
                            "Parallel Aware": true,
                            "Scan Direction": "Forward",
                            "Index Name": "title_pkey",
                            "Relation Name": "title",
                            "Alias": "t",
                            "Startup Cost": 0.43,
                            "Total Cost": 99929.35,
                            "Plan Rows": 1487231,
                            "Plan Width": 4,
                            "Actual Startup Time": 0.115,
                            "Actual Total Time": 603.586,
                            "Actual Rows": 1262836,
                            "Actual Loops": 2,
                            "Heap Fetches": 2525672
                          },
                          {
                            "Node Type": "Sort",
                            "Parent Relationship": "Inner",
                            "Parallel Aware": false,
                            "Startup Cost": 102158.08,
                            "Total Cost": 103570.41,
                            "Plan Rows": 564933,
                            "Plan Width": 4,
                            "Actual Startup Time": 245.738,
                            "Actual Total Time": 259.341,
                            "Actual Rows": 282101,
                            "Actual Loops": 2,
                            "Sort Key": [
                              "mc.movie_id"
                            ],
                            "Sort Method": "quicksort",
                            "Sort Space Used": 25512,
                            "Sort Space Type": "Memory",
                            "Workers": [
                              {
                                "Worker Number": 0,
                                "Sort Method": "quicksort",
                                "Sort Space Used": 25512,
                                "Sort Space Type": "Memory"
                              }
                            ],
                            "Plans": [
                              {
                                "Node Type": "Index Scan",
                                "Parent Relationship": "Outer",
                                "Parallel Aware": false,
                                "Scan Direction": "Forward",
                                "Index Name": "company_type_id_movie_companies",
                                "Relation Name": "movie_companies",
                                "Alias": "mc",
                                "Startup Cost": 0.43,
                                "Total Cost": 48185.17,
                                "Plan Rows": 564933,
                                "Plan Width": 4,
                                "Actual Startup Time": 67.112,
                                "Actual Total Time": 187.828,
                                "Actual Rows": 282101,
                                "Actual Loops": 2,
                                "Index Cond": "(company_type_id < 2)",
                                "Rows Removed by Index Recheck": 0,
                                "Filter": "(company_id > 13114)",
                                "Rows Removed by Filter": 992145
                              }
                            ]
                          }
                        ]
                      }
                    ]
                  }
                ]
              }
            ]
          }
        ]
      }
    ]
  },
  "Planning Time": 1.138,
  "Triggers": [],
  "Execution Time": 4722.262
}