{
  "Plan": {
    "Node Type": "Aggregate",
    "Strategy": "Plain",
    "Partial Mode": "Simple",
    "Parallel Aware": false,
    "Startup Cost": 2115706.64,
    "Total Cost": 2115706.65,
    "Plan Rows": 1,
    "Plan Width": 64,
    "Actual Startup Time": 1707.832,
    "Actual Total Time": 1707.974,
    "Actual Rows": 1,
    "Actual Loops": 1,
    "Plans": [
      {
        "Node Type": "Merge Join",
        "Parent Relationship": "Outer",
        "Parallel Aware": false,
        "Join Type": "Inner",
        "Startup Cost": 2115706.61,
        "Total Cost": 2115706.63,
        "Plan Rows": 1,
        "Plan Width": 32,
        "Actual Startup Time": 1707.819,
        "Actual Total Time": 1707.962,
        "Actual Rows": 16,
        "Actual Loops": 1,
        "Inner Unique": true,
        "Merge Cond": "(ml.link_type_id = lt.id)",
        "Plans": [
          {
            "Node Type": "Sort",
            "Parent Relationship": "Outer",
            "Parallel Aware": false,
            "Startup Cost": 2115705.37,
            "Total Cost": 2115705.38,
            "Plan Rows": 1,
            "Plan Width": 36,
            "Actual Startup Time": 1707.789,
            "Actual Total Time": 1707.931,
            "Actual Rows": 46,
            "Actual Loops": 1,
            "Sort Key": [
              "ml.link_type_id"
            ],
            "Sort Method": "quicksort",
            "Sort Space Used": 28,
            "Sort Space Type": "Memory",
            "Plans": [
              {
                "Node Type": "Merge Join",
                "Parent Relationship": "Outer",
                "Parallel Aware": false,
                "Join Type": "Inner",
                "Startup Cost": 2113720.94,
                "Total Cost": 2115705.36,
                "Plan Rows": 1,
                "Plan Width": 36,
                "Actual Startup Time": 1702.161,
                "Actual Total Time": 1707.912,
                "Actual Rows": 46,
                "Actual Loops": 1,
                "Inner Unique": false,
                "Merge Cond": "(t.id = ml.linked_movie_id)",
                "Plans": [
                  {
                    "Node Type": "Merge Join",
                    "Parent Relationship": "Outer",
                    "Parallel Aware": false,
                    "Join Type": "Inner",
                    "Startup Cost": 2113720.65,
                    "Total Cost": 2114104.6,
                    "Plan Rows": 9,
                    "Plan Width": 40,
                    "Actual Startup Time": 1695.455,
                    "Actual Total Time": 1699.403,
                    "Actual Rows": 32,
                    "Actual Loops": 1,
                    "Inner Unique": true,
                    "Merge Cond": "(ci.movie_id = t.id)",
                    "Plans": [
                      {
                        "Node Type": "Sort",
                        "Parent Relationship": "Outer",
                        "Parallel Aware": false,
                        "Startup Cost": 2040548.05,
                        "Total Cost": 2040548.81,
                        "Plan Rows": 303,
                        "Plan Width": 19,
                        "Actual Startup Time": 1516.603,
                        "Actual Total Time": 1516.739,
                        "Actual Rows": 353,
                        "Actual Loops": 1,
                        "Sort Key": [
                          "ci.movie_id"
                        ],
                        "Sort Method": "quicksort",
                        "Sort Space Used": 52,
                        "Sort Space Type": "Memory",
                        "Plans": [
                          {
                            "Node Type": "Merge Join",
                            "Parent Relationship": "Outer",
                            "Parallel Aware": false,
                            "Join Type": "Inner",
                            "Startup Cost": 185058.36,
                            "Total Cost": 2040535.57,
                            "Plan Rows": 303,
                            "Plan Width": 19,
                            "Actual Startup Time": 1340.657,
                            "Actual Total Time": 1516.632,
                            "Actual Rows": 353,
                            "Actual Loops": 1,
                            "Inner Unique": false,
                            "Merge Cond": "(pi.person_id = ci.person_id)",
                            "Plans": [
                              {
                                "Node Type": "Merge Join",
                                "Parent Relationship": "Outer",
                                "Parallel Aware": false,
                                "Join Type": "Inner",
                                "Startup Cost": 185020.46,
                                "Total Cost": 261355.52,
                                "Plan Rows": 1,
                                "Plan Width": 27,
                                "Actual Startup Time": 636.499,
                                "Actual Total Time": 742.391,
                                "Actual Rows": 3,
                                "Actual Loops": 1,
                                "Inner Unique": true,
                                "Merge Cond": "(pi.person_id = n.id)",
                                "Plans": [
                                  {
                                    "Node Type": "Merge Join",
                                    "Parent Relationship": "Outer",
                                    "Parallel Aware": false,
                                    "Join Type": "Inner",
                                    "Startup Cost": 73865.82,
                                    "Total Cost": 149714.91,
                                    "Plan Rows": 2,
                                    "Plan Width": 8,
                                    "Actual Startup Time": 189.953,
                                    "Actual Total Time": 310.03,
                                    "Actual Rows": 49,
                                    "Actual Loops": 1,
                                    "Inner Unique": false,
                                    "Merge Cond": "(an.person_id = pi.person_id)",
                                    "Plans": [
                                      {
                                        "Node Type": "Index Scan",
                                        "Parent Relationship": "Outer",
                                        "Parallel Aware": false,
                                        "Scan Direction": "Forward",
                                        "Index Name": "person_id_aka_name",
                                        "Relation Name": "aka_name",
                                        "Alias": "an",
                                        "Startup Cost": 0.42,
                                        "Total Cost": 74281.29,
                                        "Plan Rows": 627276,
                                        "Plan Width": 4,
                                        "Actual Startup Time": 0.028,
                                        "Actual Total Time": 110.901,
                                        "Actual Rows": 277874,
                                        "Actual Loops": 1,
                                        "Filter": "(name ~~ '%a%'::text)",
                                        "Rows Removed by Filter": 109123
                                      },
                                      {
                                        "Node Type": "Materialize",
                                        "Parent Relationship": "Inner",
                                        "Parallel Aware": false,
                                        "Startup Cost": 73865.39,
                                        "Total Cost": 73865.4,
                                        "Plan Rows": 1,
                                        "Plan Width": 4,
                                        "Actual Startup Time": 185.943,
                                        "Actual Total Time": 186.057,
                                        "Actual Rows": 56,
                                        "Actual Loops": 1,
                                        "Plans": [
                                          {
                                            "Node Type": "Sort",
                                            "Parent Relationship": "Outer",
                                            "Parallel Aware": false,
                                            "Startup Cost": 73865.39,
                                            "Total Cost": 73865.4,
                                            "Plan Rows": 1,
                                            "Plan Width": 4,
                                            "Actual Startup Time": 185.939,
                                            "Actual Total Time": 186.034,
                                            "Actual Rows": 37,
                                            "Actual Loops": 1,
                                            "Sort Key": [
                                              "pi.person_id"
                                            ],
                                            "Sort Method": "quicksort",
                                            "Sort Space Used": 28,
                                            "Sort Space Type": "Memory",
                                            "Plans": [
                                              {
                                                "Node Type": "Merge Join",
                                                "Parent Relationship": "Outer",
                                                "Parallel Aware": false,
                                                "Join Type": "Inner",
                                                "Startup Cost": 73865.22,
                                                "Total Cost": 73865.38,
                                                "Plan Rows": 1,
                                                "Plan Width": 4,
                                                "Actual Startup Time": 185.913,
                                                "Actual Total Time": 186.0,
                                                "Actual Rows": 64,
                                                "Actual Loops": 1,
                                                "Inner Unique": true,
                                                "Merge Cond": "(pi.info_type_id = it.id)",
                                                "Plans": [
                                                  {
                                                    "Node Type": "Sort",
                                                    "Parent Relationship": "Outer",
                                                    "Parallel Aware": false,
                                                    "Startup Cost": 73862.79,
                                                    "Total Cost": 73862.87,
                                                    "Plan Rows": 30,
                                                    "Plan Width": 8,
                                                    "Actual Startup Time": 185.87,
                                                    "Actual Total Time": 185.946,
                                                    "Actual Rows": 64,
                                                    "Actual Loops": 1,
                                                    "Sort Key": [
                                                      "pi.info_type_id"
                                                    ],
                                                    "Sort Method": "quicksort",
                                                    "Sort Space Used": 28,
                                                    "Sort Space Type": "Memory",
                                                    "Plans": [
                                                      {
                                                        "Node Type": "Gather",
                                                        "Parent Relationship": "Outer",
                                                        "Parallel Aware": false,
                                                        "Startup Cost": 1000.0,
                                                        "Total Cost": 73862.06,
                                                        "Plan Rows": 30,
                                                        "Plan Width": 8,
                                                        "Actual Startup Time": 7.106,
                                                        "Actual Total Time": 185.89,
                                                        "Actual Rows": 64,
                                                        "Actual Loops": 1,
                                                        "Workers Planned": 1,
                                                        "Workers Launched": 1,
                                                        "Single Copy": false,
                                                        "Plans": [
                                                          {
                                                            "Node Type": "Seq Scan",
                                                            "Parent Relationship": "Outer",
                                                            "Parallel Aware": true,
                                                            "Relation Name": "person_info",
                                                            "Alias": "pi",
                                                            "Startup Cost": 0.0,
                                                            "Total Cost": 72859.06,
                                                            "Plan Rows": 18,
                                                            "Plan Width": 8,
                                                            "Actual Startup Time": 6.068,
                                                            "Actual Total Time": 179.526,
                                                            "Actual Rows": 32,
                                                            "Actual Loops": 2,
                                                            "Filter": "(note = 'Volker Boehm'::text)",
                                                            "Rows Removed by Filter": 1481800
                                                          }
                                                        ]
                                                      }
                                                    ]
                                                  },
                                                  {
                                                    "Node Type": "Sort",
                                                    "Parent Relationship": "Inner",
                                                    "Parallel Aware": false,
                                                    "Startup Cost": 2.42,
                                                    "Total Cost": 2.43,
                                                    "Plan Rows": 1,
                                                    "Plan Width": 4,
                                                    "Actual Startup Time": 0.037,
                                                    "Actual Total Time": 0.038,
                                                    "Actual Rows": 1,
                                                    "Actual Loops": 1,
                                                    "Sort Key": [
                                                      "it.id"
                                                    ],
                                                    "Sort Method": "quicksort",
                                                    "Sort Space Used": 25,
                                                    "Sort Space Type": "Memory",
                                                    "Plans": [
                                                      {
                                                        "Node Type": "Seq Scan",
                                                        "Parent Relationship": "Outer",
                                                        "Parallel Aware": false,
                                                        "Relation Name": "info_type",
                                                        "Alias": "it",
                                                        "Startup Cost": 0.0,
                                                        "Total Cost": 2.41,
                                                        "Plan Rows": 1,
                                                        "Plan Width": 4,
                                                        "Actual Startup Time": 0.019,
                                                        "Actual Total Time": 0.025,
                                                        "Actual Rows": 1,
                                                        "Actual Loops": 1,
                                                        "Filter": "((info)::text = 'mini biography'::text)",
                                                        "Rows Removed by Filter": 112
                                                      }
                                                    ]
                                                  }
                                                ]
                                              }
                                            ]
                                          }
                                        ]
                                      }
                                    ]
                                  },
                                  {
                                    "Node Type": "Sort",
                                    "Parent Relationship": "Inner",
                                    "Parallel Aware": false,
                                    "Startup Cost": 111154.64,
                                    "Total Cost": 111397.61,
                                    "Plan Rows": 97191,
                                    "Plan Width": 19,
                                    "Actual Startup Time": 419.581,
                                    "Actual Total Time": 426.531,
                                    "Actual Rows": 91976,
                                    "Actual Loops": 1,
                                    "Sort Key": [
                                      "n.id"
                                    ],
                                    "Sort Method": "quicksort",
                                    "Sort Space Used": 9811,
                                    "Sort Space Type": "Memory",
                                    "Plans": [
                                      {
                                        "Node Type": "Gather",
                                        "Parent Relationship": "Outer",
                                        "Parallel Aware": false,
                                        "Startup Cost": 1000.0,
                                        "Total Cost": 103103.07,
                                        "Plan Rows": 97191,
                                        "Plan Width": 19,
                                        "Actual Startup Time": 0.293,
                                        "Actual Total Time": 397.237,
                                        "Actual Rows": 91976,
                                        "Actual Loops": 1,
                                        "Workers Planned": 1,
                                        "Workers Launched": 0,
                                        "Single Copy": false,
                                        "Plans": [
                                          {
                                            "Node Type": "Seq Scan",
                                            "Parent Relationship": "Outer",
                                            "Parallel Aware": true,
                                            "Relation Name": "name",
                                            "Alias": "n",
                                            "Startup Cost": 0.0,
                                            "Total Cost": 92383.97,
                                            "Plan Rows": 57171,
                                            "Plan Width": 19,
                                            "Actual Startup Time": 0.011,
                                            "Actual Total Time": 390.9,
                                            "Actual Rows": 91976,
                                            "Actual Loops": 1,
                                            "Filter": "(((name_pcode_cf)::text ~~ 'D%'::text) AND ((gender)::text = 'm'::text))",
                                            "Rows Removed by Filter": 4075515
                                          }
                                        ]
                                      }
                                    ]
                                  }
                                ]
                              },
                              {
                                "Node Type": "Index Scan",
                                "Parent Relationship": "Inner",
                                "Parallel Aware": false,
                                "Scan Direction": "Forward",
                                "Index Name": "person_id_cast_info",
                                "Relation Name": "cast_info",
                                "Alias": "ci",
                                "Startup Cost": 0.56,
                                "Total Cost": 1688532.46,
                                "Plan Rows": 36257824,
                                "Plan Width": 8,
                                "Actual Startup Time": 0.024,
                                "Actual Total Time": 524.389,
                                "Actual Rows": 4235105,
                                "Actual Loops": 1
                              }
                            ]
                          }
                        ]
                      },
                      {
                        "Node Type": "Sort",
                        "Parent Relationship": "Inner",
                        "Parallel Aware": false,
                        "Startup Cost": 73172.59,
                        "Total Cost": 73363.96,
                        "Plan Rows": 76547,
                        "Plan Width": 21,
                        "Actual Startup Time": 171.925,
                        "Actual Total Time": 177.675,
                        "Actual Rows": 75047,
                        "Actual Loops": 1,
                        "Sort Key": [
                          "t.id"
                        ],
                        "Sort Method": "quicksort",
                        "Sort Space Used": 8367,
                        "Sort Space Type": "Memory",
                        "Plans": [
                          {
                            "Node Type": "Gather",
                            "Parent Relationship": "Outer",
                            "Parallel Aware": false,
                            "Startup Cost": 1000.0,
                            "Total Cost": 66963.07,
                            "Plan Rows": 76547,
                            "Plan Width": 21,
                            "Actual Startup Time": 0.296,
                            "Actual Total Time": 155.045,
                            "Actual Rows": 76065,
                            "Actual Loops": 1,
                            "Workers Planned": 1,
                            "Workers Launched": 1,
                            "Single Copy": false,
                            "Plans": [
                              {
                                "Node Type": "Seq Scan",
                                "Parent Relationship": "Outer",
                                "Parallel Aware": true,
                                "Relation Name": "title",
                                "Alias": "t",
                                "Startup Cost": 0.0,
                                "Total Cost": 58308.37,
                                "Plan Rows": 45028,
                                "Plan Width": 21,
                                "Actual Startup Time": 0.04,
                                "Actual Total Time": 144.325,
                                "Actual Rows": 38032,
                                "Actual Loops": 2,
                                "Filter": "((production_year >= 1980) AND (production_year <= 1984))",
                                "Rows Removed by Filter": 1226124
                              }
                            ]
                          }
                        ]
                      }
                    ]
                  },
                  {
                    "Node Type": "Index Scan",
                    "Parent Relationship": "Inner",
                    "Parallel Aware": false,
                    "Scan Direction": "Forward",
                    "Index Name": "linked_movie_id_movie_link",
                    "Relation Name": "movie_link",
                    "Alias": "ml",
                    "Startup Cost": 0.29,
                    "Total Cost": 1525.74,
                    "Plan Rows": 29997,
                    "Plan Width": 8,
                    "Actual Startup Time": 0.024,
                    "Actual Total Time": 6.827,
                    "Actual Rows": 26907,
                    "Actual Loops": 1
                  }
                ]
              }
            ]
          },
          {
            "Node Type": "Sort",
            "Parent Relationship": "Inner",
            "Parallel Aware": false,
            "Startup Cost": 1.24,
            "Total Cost": 1.24,
            "Plan Rows": 1,
            "Plan Width": 4,
            "Actual Startup Time": 0.024,
            "Actual Total Time": 0.024,
            "Actual Rows": 1,
            "Actual Loops": 1,
            "Sort Key": [
              "lt.id"
            ],
            "Sort Method": "quicksort",
            "Sort Space Used": 25,
            "Sort Space Type": "Memory",
            "Plans": [
              {
                "Node Type": "Seq Scan",
                "Parent Relationship": "Outer",
                "Parallel Aware": false,
                "Relation Name": "link_type",
                "Alias": "lt",
                "Startup Cost": 0.0,
                "Total Cost": 1.23,
                "Plan Rows": 1,
                "Plan Width": 4,
                "Actual Startup Time": 0.015,
                "Actual Total Time": 0.016,
                "Actual Rows": 1,
                "Actual Loops": 1,
                "Filter": "((link)::text = 'features'::text)",
                "Rows Removed by Filter": 17
              }
            ]
          }
        ]
      }
    ]
  },
  "Planning Time": 2.69,
  "Triggers": [],
  "Execution Time": 1708.133
}