[
  {
    "Plan": {
      "Node Type": "Aggregate",
      "Strategy": "Plain",
      "Partial Mode": "Finalize",
      "Parallel Aware": false,
      "Startup Cost": 201215.81,
      "Total Cost": 201215.82,
      "Plan Rows": 1,
      "Plan Width": 8,
      "Actual Startup Time": 119.683,
      "Actual Total Time": 137.736,
      "Actual Rows": 1,
      "Actual Loops": 1,
      "Plans": [
        {
          "Node Type": "Gather",
          "Parent Relationship": "Outer",
          "Parallel Aware": false,
          "Startup Cost": 201215.39,
          "Total Cost": 201215.8,
          "Plan Rows": 4,
          "Plan Width": 8,
          "Actual Startup Time": 119.572,
          "Actual Total Time": 137.729,
          "Actual Rows": 5,
          "Actual Loops": 1,
          "Workers Planned": 4,
          "Workers Launched": 4,
          "Single Copy": false,
          "Plans": [
            {
              "Node Type": "Aggregate",
              "Strategy": "Plain",
              "Partial Mode": "Partial",
              "Parent Relationship": "Outer",
              "Parallel Aware": false,
              "Startup Cost": 200215.39,
              "Total Cost": 200215.4,
              "Plan Rows": 1,
              "Plan Width": 8,
              "Actual Startup Time": 109.747,
              "Actual Total Time": 109.748,
              "Actual Rows": 1,
              "Actual Loops": 5,
              "Plans": [
                {
                  "Node Type": "Nested Loop",
                  "Parent Relationship": "Outer",
                  "Parallel Aware": false,
                  "Join Type": "Inner",
                  "Startup Cost": 0.43,
                  "Total Cost": 200213.32,
                  "Plan Rows": 830,
                  "Plan Width": 0,
                  "Actual Startup Time": 58.07,
                  "Actual Total Time": 109.608,
                  "Actual Rows": 1202,
                  "Actual Loops": 5,
                  "Inner Unique": false,
                  "Plans": [
                    {
                      "Node Type": "Seq Scan",
                      "Parent Relationship": "Outer",
                      "Parallel Aware": true,
                      "Relation Name": "title",
                      "Alias": "t",
                      "Startup Cost": 0.0,
                      "Total Cost": 43898.92,
                      "Plan Rows": 1664,
                      "Plan Width": 4,
                      "Actual Startup Time": 57.944,
                      "Actual Total Time": 78.251,
                      "Actual Rows": 1189,
                      "Actual Loops": 5,
                      "Filter": "(production_year = 1911)",
                      "Rows Removed by Filter": 504473
                    },
                    {
                      "Node Type": "Index Scan",
                      "Parent Relationship": "Inner",
                      "Parallel Aware": false,
                      "Scan Direction": "Forward",
                      "Index Name": "movie_id_movie_info",
                      "Relation Name": "movie_info",
                      "Alias": "mi",
                      "Startup Cost": 0.43,
                      "Total Cost": 93.9,
                      "Plan Rows": 4,
                      "Plan Width": 4,
                      "Actual Startup Time": 0.021,
                      "Actual Total Time": 0.026,
                      "Actual Rows": 1,
                      "Actual Loops": 5945,
                      "Index Cond": "(movie_id = t.id)",
                      "Rows Removed by Index Recheck": 0,
                      "Filter": "(info_type_id = 2)",
                      "Rows Removed by Filter": 11
                    }
                  ]
                }
              ]
            }
          ]
        }
      ]
    },
    "Planning Time": 0.613,
    "Triggers": [],
    "Execution Time": 137.804
  }
]