[
    {
        "Bao": {
            "Bao prediction": "NaN",
            "Bao recommended hint": "(no hint)"
        }
    },
    {
        "Plan": {
            "Node Type": "Aggregate",
            "Strategy": "Plain",
            "Partial Mode": "Simple",
            "Parallel Aware": false,
            "Startup Cost": 12007.11,
            "Total Cost": 12007.12,
            "Plan Rows": 1,
            "Plan Width": 8,
            "Actual Startup Time": 5.104,
            "Actual Total Time": 5.107,
            "Actual Rows": 1,
            "Actual Loops": 1,
            "Output": [
                "count(*)"
            ],
            "Plans": [
                {
                    "Node Type": "Bitmap Heap Scan",
                    "Parent Relationship": "Outer",
                    "Parallel Aware": false,
                    "Relation Name": "movie_companies",
                    "Schema": "public",
                    "Alias": "mc",
                    "Startup Cost": 118.4,
                    "Total Cost": 11993.57,
                    "Plan Rows": 5416,
                    "Plan Width": 0,
                    "Actual Startup Time": 0.801,
                    "Actual Total Time": 4.076,
                    "Actual Rows": 5735,
                    "Actual Loops": 1,
                    "Recheck Cond": "(mc.company_id > 229454)",
                    "Rows Removed by Index Recheck": 0,
                    "Exact Heap Blocks": 259,
                    "Lossy Heap Blocks": 0,
                    "Plans": [
                        {
                            "Node Type": "Bitmap Index Scan",
                            "Parent Relationship": "Outer",
                            "Parallel Aware": false,
                            "Index Name": "company_id_movie_companies",
                            "Startup Cost": 0.0,
                            "Total Cost": 117.05,
                            "Plan Rows": 5416,
                            "Plan Width": 0,
                            "Actual Startup Time": 0.701,
                            "Actual Total Time": 0.702,
                            "Actual Rows": 5735,
                            "Actual Loops": 1,
                            "Index Cond": "(mc.company_id > 229454)"
                        }
                    ]
                }
            ]
        },
        "Planning Time": 191.069,
        "Triggers": [],
        "Execution Time": 5.194
    }
]