{
  "Plan": {
    "Node Type": "Aggregate",
    "Strategy": "Plain",
    "Partial Mode": "Finalize",
    "Parallel Aware": false,
    "Startup Cost": 123160.07,
    "Total Cost": 123160.08,
    "Plan Rows": 1,
    "Plan Width": 8,
    "Actual Startup Time": 695.742,
    "Actual Total Time": 712.277,
    "Actual Rows": 1,
    "Actual Loops": 1,
    "Plans": [
      {
        "Node Type": "Gather",
        "Parent Relationship": "Outer",
        "Parallel Aware": false,
        "Startup Cost": 123159.96,
        "Total Cost": 123160.07,
        "Plan Rows": 1,
        "Plan Width": 8,
        "Actual Startup Time": 695.281,
        "Actual Total Time": 712.268,
        "Actual Rows": 2,
        "Actual Loops": 1,
        "Workers Planned": 1,
        "Workers Launched": 1,
        "Single Copy": false,
        "Plans": [
          {
            "Node Type": "Aggregate",
            "Strategy": "Plain",
            "Partial Mode": "Partial",
            "Parent Relationship": "Outer",
            "Parallel Aware": false,
            "Startup Cost": 122159.96,
            "Total Cost": 122159.97,
            "Plan Rows": 1,
            "Plan Width": 8,
            "Actual Startup Time": 689.697,
            "Actual Total Time": 689.701,
            "Actual Rows": 1,
            "Actual Loops": 2,
            "Plans": [
              {
                "Node Type": "Hash Join",
                "Parent Relationship": "Outer",
                "Parallel Aware": true,
                "Join Type": "Inner",
                "Startup Cost": 59850.94,
                "Total Cost": 121823.35,
                "Plan Rows": 134642,
                "Plan Width": 0,
                "Actual Startup Time": 224.92,
                "Actual Total Time": 682.586,
                "Actual Rows": 106436,
                "Actual Loops": 2,
                "Inner Unique": true,
                "Hash Cond": "(mk.movie_id = t.id)",
                "Plans": [
                  {
                    "Node Type": "Seq Scan",
                    "Parent Relationship": "Outer",
                    "Parallel Aware": true,
                    "Relation Name": "movie_keyword",
                    "Alias": "mk",
                    "Startup Cost": 0.0,
                    "Total Cost": 57718.19,
                    "Plan Rows": 1620651,
                    "Plan Width": 4,
                    "Actual Startup Time": 0.377,
                    "Actual Total Time": 285.097,
                    "Actual Rows": 1371912,
                    "Actual Loops": 2,
                    "Filter": "(keyword_id > 2879)",
                    "Rows Removed by Filter": 890052
                  },
                  {
                    "Node Type": "Hash",
                    "Parent Relationship": "Inner",
                    "Parallel Aware": true,
                    "Startup Cost": 58306.47,
                    "Total Cost": 58306.47,
                    "Plan Rows": 123558,
                    "Plan Width": 4,
                    "Actual Startup Time": 220.582,
                    "Actual Total Time": 220.583,
                    "Actual Rows": 91918,
                    "Actual Loops": 2,
                    "Hash Buckets": 262144,
                    "Original Hash Buckets": 262144,
                    "Hash Batches": 1,
                    "Original Hash Batches": 1,
                    "Peak Memory Usage": 9280,
                    "Plans": [
                      {
                        "Node Type": "Seq Scan",
                        "Parent Relationship": "Outer",
                        "Parallel Aware": true,
                        "Relation Name": "title",
                        "Alias": "t",
                        "Startup Cost": 0.0,
                        "Total Cost": 58306.47,
                        "Plan Rows": 123558,
                        "Plan Width": 4,
                        "Actual Startup Time": 0.113,
                        "Actual Total Time": 186.051,
                        "Actual Rows": 91918,
                        "Actual Loops": 2,
                        "Filter": "((kind_id < 7) AND (production_year > 2009))",
                        "Rows Removed by Filter": 1172238
                      }
                    ]
                  }
                ]
              }
            ]
          }
        ]
      }
    ]
  },
  "Planning Time": 0.473,
  "Triggers": [],
  "Execution Time": 712.349
}