[
  {
    "Plan": {
      "Node Type": "Aggregate",
      "Strategy": "Plain",
      "Partial Mode": "Finalize",
      "Parallel Aware": false,
      "Startup Cost": 334346.44,
      "Total Cost": 334346.45,
      "Plan Rows": 1,
      "Plan Width": 8,
      "Actual Startup Time": 651.412,
      "Actual Total Time": 681.079,
      "Actual Rows": 1,
      "Actual Loops": 1,
      "Plans": [
        {
          "Node Type": "Gather",
          "Parent Relationship": "Outer",
          "Parallel Aware": false,
          "Startup Cost": 334345.82,
          "Total Cost": 334346.43,
          "Plan Rows": 6,
          "Plan Width": 8,
          "Actual Startup Time": 651.29,
          "Actual Total Time": 681.072,
          "Actual Rows": 7,
          "Actual Loops": 1,
          "Workers Planned": 6,
          "Workers Launched": 6,
          "Single Copy": false,
          "Plans": [
            {
              "Node Type": "Aggregate",
              "Strategy": "Plain",
              "Partial Mode": "Partial",
              "Parent Relationship": "Outer",
              "Parallel Aware": false,
              "Startup Cost": 333345.82,
              "Total Cost": 333345.83,
              "Plan Rows": 1,
              "Plan Width": 8,
              "Actual Startup Time": 644.746,
              "Actual Total Time": 644.747,
              "Actual Rows": 1,
              "Actual Loops": 7,
              "Plans": [
                {
                  "Node Type": "Seq Scan",
                  "Parent Relationship": "Outer",
                  "Parallel Aware": true,
                  "Relation Name": "cast_info",
                  "Alias": "ci",
                  "Startup Cost": 0.0,
                  "Total Cost": 328213.62,
                  "Plan Rows": 2052881,
                  "Plan Width": 0,
                  "Actual Startup Time": 0.044,
                  "Actual Total Time": 554.775,
                  "Actual Rows": 1764336,
                  "Actual Loops": 7,
                  "Filter": "(person_id < 1217158)",
                  "Rows Removed by Filter": 3413428
                }
              ]
            }
          ]
        }
      ]
    },
    "Planning Time": 0.072,
    "Triggers": [],
    "Execution Time": 681.108
  }
]