[
  {
    "Plan": {
      "Node Type": "Aggregate",
      "Strategy": "Plain",
      "Partial Mode": "Finalize",
      "Parallel Aware": false,
      "Startup Cost": 82711.4,
      "Total Cost": 82711.41,
      "Plan Rows": 1,
      "Plan Width": 8,
      "Actual Startup Time": 360.244,
      "Actual Total Time": 374.647,
      "Actual Rows": 1,
      "Actual Loops": 1,
      "Plans": [
        {
          "Node Type": "Gather",
          "Parent Relationship": "Outer",
          "Parallel Aware": false,
          "Startup Cost": 82711.09,
          "Total Cost": 82711.4,
          "Plan Rows": 3,
          "Plan Width": 8,
          "Actual Startup Time": 354.755,
          "Actual Total Time": 374.636,
          "Actual Rows": 4,
          "Actual Loops": 1,
          "Workers Planned": 3,
          "Workers Launched": 3,
          "Single Copy": false,
          "Plans": [
            {
              "Node Type": "Aggregate",
              "Strategy": "Plain",
              "Partial Mode": "Partial",
              "Parent Relationship": "Outer",
              "Parallel Aware": false,
              "Startup Cost": 81711.09,
              "Total Cost": 81711.1,
              "Plan Rows": 1,
              "Plan Width": 8,
              "Actual Startup Time": 347.915,
              "Actual Total Time": 347.918,
              "Actual Rows": 1,
              "Actual Loops": 4,
              "Plans": [
                {
                  "Node Type": "Hash Join",
                  "Parent Relationship": "Outer",
                  "Parallel Aware": true,
                  "Join Type": "Inner",
                  "Startup Cost": 49489.62,
                  "Total Cost": 81448.24,
                  "Plan Rows": 105138,
                  "Plan Width": 0,
                  "Actual Startup Time": 225.487,
                  "Actual Total Time": 345.35,
                  "Actual Rows": 62735,
                  "Actual Loops": 4,
                  "Inner Unique": true,
                  "Hash Cond": "(mc.movie_id = t.id)",
                  "Plans": [
                    {
                      "Node Type": "Seq Scan",
                      "Parent Relationship": "Outer",
                      "Parallel Aware": true,
                      "Relation Name": "movie_companies",
                      "Alias": "mc",
                      "Startup Cost": 0.0,
                      "Total Cost": 31414.82,
                      "Plan Rows": 207162,
                      "Plan Width": 4,
                      "Actual Startup Time": 0.012,
                      "Actual Total Time": 63.138,
                      "Actual Rows": 223438,
                      "Actual Loops": 4,
                      "Filter": "((company_id < 11387) AND (company_type_id = 1))",
                      "Rows Removed by Filter": 428844
                    },
                    {
                      "Node Type": "Hash",
                      "Parent Relationship": "Inner",
                      "Parallel Aware": true,
                      "Startup Cost": 45479.59,
                      "Total Cost": 45479.59,
                      "Plan Rows": 320803,
                      "Plan Width": 4,
                      "Actual Startup Time": 220.321,
                      "Actual Total Time": 220.322,
                      "Actual Rows": 339413,
                      "Actual Loops": 4,
                      "Hash Buckets": 2097152,
                      "Original Hash Buckets": 2097152,
                      "Hash Batches": 1,
                      "Original Hash Batches": 1,
                      "Peak Memory Usage": 69536,
                      "Plans": [
                        {
                          "Node Type": "Seq Scan",
                          "Parent Relationship": "Outer",
                          "Parallel Aware": true,
                          "Relation Name": "title",
                          "Alias": "t",
                          "Startup Cost": 0.0,
                          "Total Cost": 45479.59,
                          "Plan Rows": 320803,
                          "Plan Width": 4,
                          "Actual Startup Time": 0.031,
                          "Actual Total Time": 102.498,
                          "Actual Rows": 339413,
                          "Actual Loops": 4,
                          "Filter": "((production_year > 1969) AND (kind_id = 7))",
                          "Rows Removed by Filter": 292665
                        }
                      ]
                    }
                  ]
                }
              ]
            }
          ]
        }
      ]
    },
    "Planning Time": 0.304,
    "Triggers": [],
    "Execution Time": 374.686
  }
]