[
  {
    "Plan": {
      "Node Type": "Aggregate",
      "Strategy": "Plain",
      "Partial Mode": "Finalize",
      "Parallel Aware": false,
      "Startup Cost": 44646.94,
      "Total Cost": 44646.95,
      "Plan Rows": 1,
      "Plan Width": 8,
      "Actual Startup Time": 140.819,
      "Actual Total Time": 149.64,
      "Actual Rows": 1,
      "Actual Loops": 1,
      "Plans": [
        {
          "Node Type": "Gather",
          "Parent Relationship": "Outer",
          "Parallel Aware": false,
          "Startup Cost": 44646.62,
          "Total Cost": 44646.93,
          "Plan Rows": 3,
          "Plan Width": 8,
          "Actual Startup Time": 140.705,
          "Actual Total Time": 149.631,
          "Actual Rows": 4,
          "Actual Loops": 1,
          "Workers Planned": 3,
          "Workers Launched": 3,
          "Single Copy": false,
          "Plans": [
            {
              "Node Type": "Aggregate",
              "Strategy": "Plain",
              "Partial Mode": "Partial",
              "Parent Relationship": "Outer",
              "Parallel Aware": false,
              "Startup Cost": 43646.62,
              "Total Cost": 43646.63,
              "Plan Rows": 1,
              "Plan Width": 8,
              "Actual Startup Time": 133.948,
              "Actual Total Time": 133.949,
              "Actual Rows": 1,
              "Actual Loops": 4,
              "Plans": [
                {
                  "Node Type": "Seq Scan",
                  "Parent Relationship": "Outer",
                  "Parallel Aware": true,
                  "Relation Name": "movie_keyword",
                  "Alias": "mk",
                  "Startup Cost": 0.0,
                  "Total Cost": 42695.65,
                  "Plan Rows": 380386,
                  "Plan Width": 0,
                  "Actual Startup Time": 2.326,
                  "Actual Total Time": 117.905,
                  "Actual Rows": 296074,
                  "Actual Loops": 4,
                  "Filter": "(keyword_id > 15700)",
                  "Rows Removed by Filter": 834909
                }
              ]
            }
          ]
        }
      ]
    },
    "Planning Time": 0.168,
    "Triggers": [],
    "Execution Time": 149.681
  }
]