{
  "Plan": {
    "Node Type": "Aggregate",
    "Strategy": "Plain",
    "Partial Mode": "Finalize",
    "Parallel Aware": false,
    "Startup Cost": 417877.45,
    "Total Cost": 417877.46,
    "Plan Rows": 1,
    "Plan Width": 8,
    "Actual Startup Time": 4004.215,
    "Actual Total Time": 4058.103,
    "Actual Rows": 1,
    "Actual Loops": 1,
    "Plans": [
      {
        "Node Type": "Gather",
        "Parent Relationship": "Outer",
        "Parallel Aware": false,
        "Startup Cost": 417877.34,
        "Total Cost": 417877.45,
        "Plan Rows": 1,
        "Plan Width": 8,
        "Actual Startup Time": 4002.621,
        "Actual Total Time": 4058.095,
        "Actual Rows": 2,
        "Actual Loops": 1,
        "Workers Planned": 1,
        "Workers Launched": 1,
        "Single Copy": false,
        "Plans": [
          {
            "Node Type": "Aggregate",
            "Strategy": "Plain",
            "Partial Mode": "Partial",
            "Parent Relationship": "Outer",
            "Parallel Aware": false,
            "Startup Cost": 416877.34,
            "Total Cost": 416877.35,
            "Plan Rows": 1,
            "Plan Width": 8,
            "Actual Startup Time": 3997.542,
            "Actual Total Time": 3997.548,
            "Actual Rows": 1,
            "Actual Loops": 2,
            "Plans": [
              {
                "Node Type": "Hash Join",
                "Parent Relationship": "Outer",
                "Parallel Aware": true,
                "Join Type": "Inner",
                "Startup Cost": 125483.93,
                "Total Cost": 413946.58,
                "Plan Rows": 1172303,
                "Plan Width": 0,
                "Actual Startup Time": 625.905,
                "Actual Total Time": 3300.211,
                "Actual Rows": 14753712,
                "Actual Loops": 2,
                "Inner Unique": false,
                "Hash Cond": "(mi.movie_id = t.id)",
                "Plans": [
                  {
                    "Node Type": "Seq Scan",
                    "Parent Relationship": "Outer",
                    "Parallel Aware": true,
                    "Relation Name": "movie_info",
                    "Alias": "mi",
                    "Startup Cost": 0.0,
                    "Total Cost": 248955.74,
                    "Plan Rows": 8696274,
                    "Plan Width": 4,
                    "Actual Startup Time": 0.02,
                    "Actual Total Time": 712.673,
                    "Actual Rows": 7417860,
                    "Actual Loops": 2
                  },
                  {
                    "Node Type": "Hash",
                    "Parent Relationship": "Inner",
                    "Parallel Aware": true,
                    "Startup Cost": 122977.86,
                    "Total Cost": 122977.86,
                    "Plan Rows": 200486,
                    "Plan Width": 8,
                    "Actual Startup Time": 619.652,
                    "Actual Total Time": 619.656,
                    "Actual Rows": 201072,
                    "Actual Loops": 2,
                    "Hash Buckets": 524288,
                    "Original Hash Buckets": 524288,
                    "Hash Batches": 1,
                    "Original Hash Batches": 1,
                    "Peak Memory Usage": 19840,
                    "Plans": [
                      {
                        "Node Type": "Hash Join",
                        "Parent Relationship": "Outer",
                        "Parallel Aware": true,
                        "Join Type": "Inner",
                        "Startup Cost": 60265.49,
                        "Total Cost": 122977.86,
                        "Plan Rows": 200486,
                        "Plan Width": 8,
                        "Actual Startup Time": 195.577,
                        "Actual Total Time": 579.366,
                        "Actual Rows": 201072,
                        "Actual Loops": 2,
                        "Inner Unique": true,
                        "Hash Cond": "(mk.movie_id = t.id)",
                        "Plans": [
                          {
                            "Node Type": "Seq Scan",
                            "Parent Relationship": "Outer",
                            "Parallel Aware": true,
                            "Relation Name": "movie_keyword",
                            "Alias": "mk",
                            "Startup Cost": 0.0,
                            "Total Cost": 57718.19,
                            "Plan Rows": 1902539,
                            "Plan Width": 4,
                            "Actual Startup Time": 0.141,
                            "Actual Total Time": 228.898,
                            "Actual Rows": 1611048,
                            "Actual Loops": 2,
                            "Filter": "(keyword_id > 1697)",
                            "Rows Removed by Filter": 650917
                          },
                          {
                            "Node Type": "Hash",
                            "Parent Relationship": "Inner",
                            "Parallel Aware": true,
                            "Startup Cost": 58306.47,
                            "Total Cost": 58306.47,
                            "Plan Rows": 156722,
                            "Plan Width": 4,
                            "Actual Startup Time": 191.859,
                            "Actual Total Time": 191.86,
                            "Actual Rows": 113492,
                            "Actual Loops": 2,
                            "Hash Buckets": 524288,
                            "Original Hash Buckets": 524288,
                            "Hash Batches": 1,
                            "Original Hash Batches": 1,
                            "Peak Memory Usage": 12992,
                            "Plans": [
                              {
                                "Node Type": "Seq Scan",
                                "Parent Relationship": "Outer",
                                "Parallel Aware": true,
                                "Relation Name": "title",
                                "Alias": "t",
                                "Startup Cost": 0.0,
                                "Total Cost": 58306.47,
                                "Plan Rows": 156722,
                                "Plan Width": 4,
                                "Actual Startup Time": 0.078,
                                "Actual Total Time": 156.862,
                                "Actual Rows": 113492,
                                "Actual Loops": 2,
                                "Filter": "((kind_id < 4) AND (production_year > 2007))",
                                "Rows Removed by Filter": 1150664
                              }
                            ]
                          }
                        ]
                      }
                    ]
                  }
                ]
              }
            ]
          }
        ]
      }
    ]
  },
  "Planning Time": 0.891,
  "Triggers": [],
  "Execution Time": 4058.186
}