[
  {
    "Plan": {
      "Node Type": "Aggregate",
      "Strategy": "Plain",
      "Partial Mode": "Finalize",
      "Parallel Aware": false,
      "Startup Cost": 90217.57,
      "Total Cost": 90217.58,
      "Plan Rows": 1,
      "Plan Width": 8,
      "Actual Startup Time": 347.573,
      "Actual Total Time": 364.196,
      "Actual Rows": 1,
      "Actual Loops": 1,
      "Plans": [
        {
          "Node Type": "Gather",
          "Parent Relationship": "Outer",
          "Parallel Aware": false,
          "Startup Cost": 90217.26,
          "Total Cost": 90217.57,
          "Plan Rows": 3,
          "Plan Width": 8,
          "Actual Startup Time": 342.873,
          "Actual Total Time": 364.184,
          "Actual Rows": 4,
          "Actual Loops": 1,
          "Workers Planned": 3,
          "Workers Launched": 3,
          "Single Copy": false,
          "Plans": [
            {
              "Node Type": "Aggregate",
              "Strategy": "Plain",
              "Partial Mode": "Partial",
              "Parent Relationship": "Outer",
              "Parallel Aware": false,
              "Startup Cost": 89217.26,
              "Total Cost": 89217.27,
              "Plan Rows": 1,
              "Plan Width": 8,
              "Actual Startup Time": 331.889,
              "Actual Total Time": 331.893,
              "Actual Rows": 1,
              "Actual Loops": 4,
              "Plans": [
                {
                  "Node Type": "Hash Join",
                  "Parent Relationship": "Outer",
                  "Parallel Aware": true,
                  "Join Type": "Inner",
                  "Startup Cost": 45735.35,
                  "Total Cost": 89074.78,
                  "Plan Rows": 56989,
                  "Plan Width": 0,
                  "Actual Startup Time": 200.262,
                  "Actual Total Time": 328.79,
                  "Actual Rows": 66520,
                  "Actual Loops": 4,
                  "Inner Unique": true,
                  "Hash Cond": "(mk.movie_id = t.id)",
                  "Plans": [
                    {
                      "Node Type": "Seq Scan",
                      "Parent Relationship": "Outer",
                      "Parallel Aware": true,
                      "Relation Name": "movie_keyword",
                      "Alias": "mk",
                      "Startup Cost": 0.0,
                      "Total Cost": 42695.65,
                      "Plan Rows": 245251,
                      "Plan Width": 4,
                      "Actual Startup Time": 2.058,
                      "Actual Total Time": 96.613,
                      "Actual Rows": 188422,
                      "Actual Loops": 4,
                      "Filter": "(keyword_id > 24807)",
                      "Rows Removed by Filter": 942561
                    },
                    {
                      "Node Type": "Hash",
                      "Parent Relationship": "Inner",
                      "Parallel Aware": true,
                      "Startup Cost": 43899.32,
                      "Total Cost": 43899.32,
                      "Plan Rows": 146882,
                      "Plan Width": 4,
                      "Actual Startup Time": 192.328,
                      "Actual Total Time": 192.33,
                      "Actual Rows": 150853,
                      "Actual Loops": 4,
                      "Hash Buckets": 1048576,
                      "Original Hash Buckets": 1048576,
                      "Hash Batches": 1,
                      "Original Hash Batches": 1,
                      "Peak Memory Usage": 31872,
                      "Plans": [
                        {
                          "Node Type": "Seq Scan",
                          "Parent Relationship": "Outer",
                          "Parallel Aware": true,
                          "Relation Name": "title",
                          "Alias": "t",
                          "Startup Cost": 0.0,
                          "Total Cost": 43899.32,
                          "Plan Rows": 146882,
                          "Plan Width": 4,
                          "Actual Startup Time": 0.05,
                          "Actual Total Time": 122.724,
                          "Actual Rows": 150853,
                          "Actual Loops": 4,
                          "Filter": "(production_year < 1986)",
                          "Rows Removed by Filter": 481225
                        }
                      ]
                    }
                  ]
                }
              ]
            }
          ]
        }
      ]
    },
    "Planning Time": 0.83,
    "Triggers": [],
    "Execution Time": 364.267
  }
]