[
  {
    "Plan": {
      "Node Type": "Aggregate",
      "Strategy": "Plain",
      "Partial Mode": "Finalize",
      "Parallel Aware": false,
      "Startup Cost": 336459.95,
      "Total Cost": 336459.96,
      "Plan Rows": 1,
      "Plan Width": 8,
      "Actual Startup Time": 761.361,
      "Actual Total Time": 841.293,
      "Actual Rows": 1,
      "Actual Loops": 1,
      "Plans": [
        {
          "Node Type": "Gather",
          "Parent Relationship": "Outer",
          "Parallel Aware": false,
          "Startup Cost": 336459.33,
          "Total Cost": 336459.94,
          "Plan Rows": 6,
          "Plan Width": 8,
          "Actual Startup Time": 761.185,
          "Actual Total Time": 841.28,
          "Actual Rows": 7,
          "Actual Loops": 1,
          "Workers Planned": 6,
          "Workers Launched": 6,
          "Single Copy": false,
          "Plans": [
            {
              "Node Type": "Aggregate",
              "Strategy": "Plain",
              "Partial Mode": "Partial",
              "Parent Relationship": "Outer",
              "Parallel Aware": false,
              "Startup Cost": 335459.33,
              "Total Cost": 335459.34,
              "Plan Rows": 1,
              "Plan Width": 8,
              "Actual Startup Time": 753.678,
              "Actual Total Time": 753.68,
              "Actual Rows": 1,
              "Actual Loops": 7,
              "Plans": [
                {
                  "Node Type": "Seq Scan",
                  "Parent Relationship": "Outer",
                  "Parallel Aware": true,
                  "Relation Name": "cast_info",
                  "Alias": "ci",
                  "Startup Cost": 0.0,
                  "Total Cost": 328211.39,
                  "Plan Rows": 2899174,
                  "Plan Width": 0,
                  "Actual Startup Time": 220.851,
                  "Actual Total Time": 640.69,
                  "Actual Rows": 2456897,
                  "Actual Loops": 7,
                  "Filter": "(person_id > 1901791)",
                  "Rows Removed by Filter": 2720867
                }
              ]
            }
          ]
        }
      ]
    },
    "Planning Time": 0.081,
    "Triggers": [],
    "Execution Time": 841.342
  }
]