{
  "Plan": {
    "Node Type": "Aggregate",
    "Strategy": "Plain",
    "Partial Mode": "Finalize",
    "Parallel Aware": false,
    "Startup Cost": 329623.72,
    "Total Cost": 329623.73,
    "Plan Rows": 1,
    "Plan Width": 8,
    "Actual Startup Time": 2615.707,
    "Actual Total Time": 2664.572,
    "Actual Rows": 1,
    "Actual Loops": 1,
    "Plans": [
      {
        "Node Type": "Gather",
        "Parent Relationship": "Outer",
        "Parallel Aware": false,
        "Startup Cost": 329623.61,
        "Total Cost": 329623.72,
        "Plan Rows": 1,
        "Plan Width": 8,
        "Actual Startup Time": 2615.07,
        "Actual Total Time": 2664.561,
        "Actual Rows": 2,
        "Actual Loops": 1,
        "Workers Planned": 1,
        "Workers Launched": 1,
        "Single Copy": false,
        "Plans": [
          {
            "Node Type": "Aggregate",
            "Strategy": "Plain",
            "Partial Mode": "Partial",
            "Parent Relationship": "Outer",
            "Parallel Aware": false,
            "Startup Cost": 328623.61,
            "Total Cost": 328623.62,
            "Plan Rows": 1,
            "Plan Width": 8,
            "Actual Startup Time": 2610.046,
            "Actual Total Time": 2610.05,
            "Actual Rows": 1,
            "Actual Loops": 2,
            "Plans": [
              {
                "Node Type": "Hash Join",
                "Parent Relationship": "Outer",
                "Parallel Aware": true,
                "Join Type": "Inner",
                "Startup Cost": 55626.31,
                "Total Cost": 327409.8,
                "Plan Rows": 485521,
                "Plan Width": 0,
                "Actual Startup Time": 248.145,
                "Actual Total Time": 2560.726,
                "Actual Rows": 814909,
                "Actual Loops": 2,
                "Inner Unique": true,
                "Hash Cond": "(mi.movie_id = t.id)",
                "Plans": [
                  {
                    "Node Type": "Seq Scan",
                    "Parent Relationship": "Outer",
                    "Parallel Aware": true,
                    "Relation Name": "movie_info",
                    "Alias": "mi",
                    "Startup Cost": 0.0,
                    "Total Cost": 248955.74,
                    "Plan Rows": 8696274,
                    "Plan Width": 4,
                    "Actual Startup Time": 0.016,
                    "Actual Total Time": 979.174,
                    "Actual Rows": 7417860,
                    "Actual Loops": 2
                  },
                  {
                    "Node Type": "Hash",
                    "Parent Relationship": "Inner",
                    "Parallel Aware": true,
                    "Startup Cost": 54588.39,
                    "Total Cost": 54588.39,
                    "Plan Rows": 83034,
                    "Plan Width": 4,
                    "Actual Startup Time": 239.119,
                    "Actual Total Time": 239.12,
                    "Actual Rows": 71666,
                    "Actual Loops": 2,
                    "Hash Buckets": 262144,
                    "Original Hash Buckets": 262144,
                    "Hash Batches": 1,
                    "Original Hash Batches": 1,
                    "Peak Memory Usage": 7680,
                    "Plans": [
                      {
                        "Node Type": "Seq Scan",
                        "Parent Relationship": "Outer",
                        "Parallel Aware": true,
                        "Relation Name": "title",
                        "Alias": "t",
                        "Startup Cost": 0.0,
                        "Total Cost": 54588.39,
                        "Plan Rows": 83034,
                        "Plan Width": 4,
                        "Actual Startup Time": 5.984,
                        "Actual Total Time": 207.705,
                        "Actual Rows": 71666,
                        "Actual Loops": 2,
                        "Filter": "(production_year < 1941)",
                        "Rows Removed by Filter": 1192490
                      }
                    ]
                  }
                ]
              }
            ]
          }
        ]
      }
    ]
  },
  "Planning Time": 0.609,
  "Triggers": [],
  "Execution Time": 2664.654
}