[
  {
    "Plan": {
      "Node Type": "Aggregate",
      "Strategy": "Plain",
      "Partial Mode": "Finalize",
      "Parallel Aware": false,
      "Startup Cost": 93212.25,
      "Total Cost": 93212.26,
      "Plan Rows": 1,
      "Plan Width": 8,
      "Actual Startup Time": 310.908,
      "Actual Total Time": 329.36,
      "Actual Rows": 1,
      "Actual Loops": 1,
      "Plans": [
        {
          "Node Type": "Gather",
          "Parent Relationship": "Outer",
          "Parallel Aware": false,
          "Startup Cost": 93211.94,
          "Total Cost": 93212.25,
          "Plan Rows": 3,
          "Plan Width": 8,
          "Actual Startup Time": 309.379,
          "Actual Total Time": 329.337,
          "Actual Rows": 4,
          "Actual Loops": 1,
          "Workers Planned": 3,
          "Workers Launched": 3,
          "Single Copy": false,
          "Plans": [
            {
              "Node Type": "Aggregate",
              "Strategy": "Plain",
              "Partial Mode": "Partial",
              "Parent Relationship": "Outer",
              "Parallel Aware": false,
              "Startup Cost": 92211.94,
              "Total Cost": 92211.95,
              "Plan Rows": 1,
              "Plan Width": 8,
              "Actual Startup Time": 305.175,
              "Actual Total Time": 305.178,
              "Actual Rows": 1,
              "Actual Loops": 4,
              "Plans": [
                {
                  "Node Type": "Hash Join",
                  "Parent Relationship": "Outer",
                  "Parallel Aware": true,
                  "Join Type": "Inner",
                  "Startup Cost": 45682.86,
                  "Total Cost": 92120.26,
                  "Plan Rows": 36671,
                  "Plan Width": 0,
                  "Actual Startup Time": 108.697,
                  "Actual Total Time": 299.484,
                  "Actual Rows": 139669,
                  "Actual Loops": 4,
                  "Inner Unique": true,
                  "Hash Cond": "(mk.movie_id = t.id)",
                  "Plans": [
                    {
                      "Node Type": "Seq Scan",
                      "Parent Relationship": "Outer",
                      "Parallel Aware": true,
                      "Relation Name": "movie_keyword",
                      "Alias": "mk",
                      "Startup Cost": 0.0,
                      "Total Cost": 42695.65,
                      "Plan Rows": 1425422,
                      "Plan Width": 4,
                      "Actual Startup Time": 0.026,
                      "Actual Total Time": 108.7,
                      "Actual Rows": 1103517,
                      "Actual Loops": 4,
                      "Filter": "(keyword_id > 107)",
                      "Rows Removed by Filter": 27465
                    },
                    {
                      "Node Type": "Hash",
                      "Parent Relationship": "Inner",
                      "Parallel Aware": true,
                      "Startup Cost": 45479.59,
                      "Total Cost": 45479.59,
                      "Plan Rows": 16262,
                      "Plan Width": 4,
                      "Actual Startup Time": 107.723,
                      "Actual Total Time": 107.724,
                      "Actual Rows": 42681,
                      "Actual Loops": 4,
                      "Hash Buckets": 262144,
                      "Original Hash Buckets": 65536,
                      "Hash Batches": 1,
                      "Original Hash Batches": 1,
                      "Peak Memory Usage": 10336,
                      "Plans": [
                        {
                          "Node Type": "Seq Scan",
                          "Parent Relationship": "Outer",
                          "Parallel Aware": true,
                          "Relation Name": "title",
                          "Alias": "t",
                          "Startup Cost": 0.0,
                          "Total Cost": 45479.59,
                          "Plan Rows": 16262,
                          "Plan Width": 4,
                          "Actual Startup Time": 0.432,
                          "Actual Total Time": 88.537,
                          "Actual Rows": 42681,
                          "Actual Loops": 4,
                          "Filter": "((kind_id < 7) AND (production_year < 1953))",
                          "Rows Removed by Filter": 589397
                        }
                      ]
                    }
                  ]
                }
              ]
            }
          ]
        }
      ]
    },
    "Planning Time": 0.419,
    "Triggers": [],
    "Execution Time": 329.406
  }
]