[
  {
    "Plan": {
      "Node Type": "Aggregate",
      "Strategy": "Plain",
      "Partial Mode": "Finalize",
      "Parallel Aware": false,
      "Startup Cost": 338506.26,
      "Total Cost": 338506.27,
      "Plan Rows": 1,
      "Plan Width": 8,
      "Actual Startup Time": 819.59,
      "Actual Total Time": 877.312,
      "Actual Rows": 1,
      "Actual Loops": 1,
      "Plans": [
        {
          "Node Type": "Gather",
          "Parent Relationship": "Outer",
          "Parallel Aware": false,
          "Startup Cost": 338505.64,
          "Total Cost": 338506.24,
          "Plan Rows": 6,
          "Plan Width": 8,
          "Actual Startup Time": 819.463,
          "Actual Total Time": 877.301,
          "Actual Rows": 7,
          "Actual Loops": 1,
          "Workers Planned": 6,
          "Workers Launched": 6,
          "Single Copy": false,
          "Plans": [
            {
              "Node Type": "Aggregate",
              "Strategy": "Plain",
              "Partial Mode": "Partial",
              "Parent Relationship": "Outer",
              "Parallel Aware": false,
              "Startup Cost": 337505.64,
              "Total Cost": 337505.65,
              "Plan Rows": 1,
              "Plan Width": 8,
              "Actual Startup Time": 810.214,
              "Actual Total Time": 810.215,
              "Actual Rows": 1,
              "Actual Loops": 7,
              "Plans": [
                {
                  "Node Type": "Seq Scan",
                  "Parent Relationship": "Outer",
                  "Parallel Aware": true,
                  "Relation Name": "cast_info",
                  "Alias": "ci",
                  "Startup Cost": 0.0,
                  "Total Cost": 328162.03,
                  "Plan Rows": 3737444,
                  "Plan Width": 0,
                  "Actual Startup Time": 0.053,
                  "Actual Total Time": 653.686,
                  "Actual Rows": 3209531,
                  "Actual Loops": 7,
                  "Filter": "(person_id < 2291577)",
                  "Rows Removed by Filter": 1968232
                }
              ]
            }
          ]
        }
      ]
    },
    "Planning Time": 0.197,
    "Triggers": [],
    "Execution Time": 877.382
  }
]