[
  {
    "Plan": {
      "Node Type": "Aggregate",
      "Strategy": "Plain",
      "Partial Mode": "Finalize",
      "Parallel Aware": false,
      "Startup Cost": 46173.39,
      "Total Cost": 46173.4,
      "Plan Rows": 1,
      "Plan Width": 8,
      "Actual Startup Time": 184.6,
      "Actual Total Time": 194.139,
      "Actual Rows": 1,
      "Actual Loops": 1,
      "Plans": [
        {
          "Node Type": "Gather",
          "Parent Relationship": "Outer",
          "Parallel Aware": false,
          "Startup Cost": 46173.08,
          "Total Cost": 46173.39,
          "Plan Rows": 3,
          "Plan Width": 8,
          "Actual Startup Time": 184.474,
          "Actual Total Time": 194.13,
          "Actual Rows": 4,
          "Actual Loops": 1,
          "Workers Planned": 3,
          "Workers Launched": 3,
          "Single Copy": false,
          "Plans": [
            {
              "Node Type": "Aggregate",
              "Strategy": "Plain",
              "Partial Mode": "Partial",
              "Parent Relationship": "Outer",
              "Parallel Aware": false,
              "Startup Cost": 45173.08,
              "Total Cost": 45173.09,
              "Plan Rows": 1,
              "Plan Width": 8,
              "Actual Startup Time": 176.046,
              "Actual Total Time": 176.047,
              "Actual Rows": 1,
              "Actual Loops": 4,
              "Plans": [
                {
                  "Node Type": "Seq Scan",
                  "Parent Relationship": "Outer",
                  "Parallel Aware": true,
                  "Relation Name": "movie_keyword",
                  "Alias": "mk",
                  "Startup Cost": 0.0,
                  "Total Cost": 42695.65,
                  "Plan Rows": 990969,
                  "Plan Width": 0,
                  "Actual Startup Time": 0.062,
                  "Actual Total Time": 135.665,
                  "Actual Rows": 766081,
                  "Actual Loops": 4,
                  "Filter": "(keyword_id < 11397)",
                  "Rows Removed by Filter": 364902
                }
              ]
            }
          ]
        }
      ]
    },
    "Planning Time": 0.156,
    "Triggers": [],
    "Execution Time": 194.188
  }
]