[
  {
    "Plan": {
      "Node Type": "Aggregate",
      "Strategy": "Plain",
      "Partial Mode": "Finalize",
      "Parallel Aware": false,
      "Startup Cost": 57895.38,
      "Total Cost": 57895.39,
      "Plan Rows": 1,
      "Plan Width": 8,
      "Actual Startup Time": 487.354,
      "Actual Total Time": 507.101,
      "Actual Rows": 1,
      "Actual Loops": 1,
      "Plans": [
        {
          "Node Type": "Gather",
          "Parent Relationship": "Outer",
          "Parallel Aware": false,
          "Startup Cost": 57895.16,
          "Total Cost": 57895.37,
          "Plan Rows": 2,
          "Plan Width": 8,
          "Actual Startup Time": 476.375,
          "Actual Total Time": 507.093,
          "Actual Rows": 3,
          "Actual Loops": 1,
          "Workers Planned": 2,
          "Workers Launched": 2,
          "Single Copy": false,
          "Plans": [
            {
              "Node Type": "Aggregate",
              "Strategy": "Plain",
              "Partial Mode": "Partial",
              "Parent Relationship": "Outer",
              "Parallel Aware": false,
              "Startup Cost": 56895.16,
              "Total Cost": 56895.17,
              "Plan Rows": 1,
              "Plan Width": 8,
              "Actual Startup Time": 459.325,
              "Actual Total Time": 459.329,
              "Actual Rows": 1,
              "Actual Loops": 3,
              "Plans": [
                {
                  "Node Type": "Hash Join",
                  "Parent Relationship": "Outer",
                  "Parallel Aware": true,
                  "Join Type": "Inner",
                  "Startup Cost": 50220.95,
                  "Total Cost": 56752.02,
                  "Plan Rows": 57258,
                  "Plan Width": 0,
                  "Actual Startup Time": 426.031,
                  "Actual Total Time": 458.45,
                  "Actual Rows": 18179,
                  "Actual Loops": 3,
                  "Inner Unique": true,
                  "Hash Cond": "(ci.movie_id = t.id)",
                  "Plans": [
                    {
                      "Node Type": "Index Scan",
                      "Parent Relationship": "Outer",
                      "Parallel Aware": true,
                      "Scan Direction": "Forward",
                      "Index Name": "role_id_cast_info",
                      "Relation Name": "cast_info",
                      "Alias": "ci",
                      "Startup Cost": 0.56,
                      "Total Cost": 6381.34,
                      "Plan Rows": 57258,
                      "Plan Width": 4,
                      "Actual Startup Time": 0.241,
                      "Actual Total Time": 15.956,
                      "Actual Rows": 18179,
                      "Actual Loops": 3,
                      "Index Cond": "(role_id = 7)",
                      "Rows Removed by Index Recheck": 0,
                      "Filter": "(person_id < 2413874)",
                      "Rows Removed by Filter": 73955
                    },
                    {
                      "Node Type": "Hash",
                      "Parent Relationship": "Inner",
                      "Parallel Aware": true,
                      "Startup Cost": 42319.06,
                      "Total Cost": 42319.06,
                      "Plan Rows": 632106,
                      "Plan Width": 4,
                      "Actual Startup Time": 410.13,
                      "Actual Total Time": 410.131,
                      "Actual Rows": 842771,
                      "Actual Loops": 3,
                      "Hash Buckets": 4194304,
                      "Original Hash Buckets": 4194304,
                      "Hash Batches": 1,
                      "Original Hash Batches": 1,
                      "Peak Memory Usage": 131744,
                      "Plans": [
                        {
                          "Node Type": "Seq Scan",
                          "Parent Relationship": "Outer",
                          "Parallel Aware": true,
                          "Relation Name": "title",
                          "Alias": "t",
                          "Startup Cost": 0.0,
                          "Total Cost": 42319.06,
                          "Plan Rows": 632106,
                          "Plan Width": 4,
                          "Actual Startup Time": 0.04,
                          "Actual Total Time": 115.553,
                          "Actual Rows": 842771,
                          "Actual Loops": 3
                        }
                      ]
                    }
                  ]
                }
              ]
            }
          ]
        }
      ]
    },
    "Planning Time": 0.626,
    "Triggers": [],
    "Execution Time": 507.173
  }
]