[
  {
    "Plan": {
      "Node Type": "Aggregate",
      "Strategy": "Plain",
      "Partial Mode": "Finalize",
      "Parallel Aware": false,
      "Startup Cost": 31253.91,
      "Total Cost": 31253.92,
      "Plan Rows": 1,
      "Plan Width": 8,
      "Actual Startup Time": 94.299,
      "Actual Total Time": 102.412,
      "Actual Rows": 1,
      "Actual Loops": 1,
      "Plans": [
        {
          "Node Type": "Gather",
          "Parent Relationship": "Outer",
          "Parallel Aware": false,
          "Startup Cost": 31253.59,
          "Total Cost": 31253.9,
          "Plan Rows": 3,
          "Plan Width": 8,
          "Actual Startup Time": 94.2,
          "Actual Total Time": 102.404,
          "Actual Rows": 4,
          "Actual Loops": 1,
          "Workers Planned": 3,
          "Workers Launched": 3,
          "Single Copy": false,
          "Plans": [
            {
              "Node Type": "Aggregate",
              "Strategy": "Plain",
              "Partial Mode": "Partial",
              "Parent Relationship": "Outer",
              "Parallel Aware": false,
              "Startup Cost": 30253.59,
              "Total Cost": 30253.6,
              "Plan Rows": 1,
              "Plan Width": 8,
              "Actual Startup Time": 88.903,
              "Actual Total Time": 88.904,
              "Actual Rows": 1,
              "Actual Loops": 4,
              "Plans": [
                {
                  "Node Type": "Seq Scan",
                  "Parent Relationship": "Outer",
                  "Parallel Aware": true,
                  "Relation Name": "movie_companies",
                  "Alias": "mc",
                  "Startup Cost": 0.0,
                  "Total Cost": 29310.68,
                  "Plan Rows": 377165,
                  "Plan Width": 0,
                  "Actual Startup Time": 18.796,
                  "Actual Total Time": 76.835,
                  "Actual Rows": 293026,
                  "Actual Loops": 4,
                  "Filter": "(company_id > 12781)",
                  "Rows Removed by Filter": 359256
                }
              ]
            }
          ]
        }
      ]
    },
    "Planning Time": 0.187,
    "Triggers": [],
    "Execution Time": 102.475
  }
]