[
  {
    "Plan": {
      "Node Type": "Aggregate",
      "Strategy": "Plain",
      "Partial Mode": "Finalize",
      "Parallel Aware": false,
      "Startup Cost": 44675.49,
      "Total Cost": 44675.5,
      "Plan Rows": 1,
      "Plan Width": 8,
      "Actual Startup Time": 125.765,
      "Actual Total Time": 134.503,
      "Actual Rows": 1,
      "Actual Loops": 1,
      "Plans": [
        {
          "Node Type": "Gather",
          "Parent Relationship": "Outer",
          "Parallel Aware": false,
          "Startup Cost": 44675.17,
          "Total Cost": 44675.48,
          "Plan Rows": 3,
          "Plan Width": 8,
          "Actual Startup Time": 125.631,
          "Actual Total Time": 134.494,
          "Actual Rows": 4,
          "Actual Loops": 1,
          "Workers Planned": 3,
          "Workers Launched": 3,
          "Single Copy": false,
          "Plans": [
            {
              "Node Type": "Aggregate",
              "Strategy": "Plain",
              "Partial Mode": "Partial",
              "Parent Relationship": "Outer",
              "Parallel Aware": false,
              "Startup Cost": 43675.17,
              "Total Cost": 43675.18,
              "Plan Rows": 1,
              "Plan Width": 8,
              "Actual Startup Time": 119.787,
              "Actual Total Time": 119.788,
              "Actual Rows": 1,
              "Actual Loops": 4,
              "Plans": [
                {
                  "Node Type": "Seq Scan",
                  "Parent Relationship": "Outer",
                  "Parallel Aware": true,
                  "Relation Name": "movie_keyword",
                  "Alias": "mk",
                  "Startup Cost": 0.0,
                  "Total Cost": 42695.65,
                  "Plan Rows": 391808,
                  "Plan Width": 0,
                  "Actual Startup Time": 0.047,
                  "Actual Total Time": 105.21,
                  "Actual Rows": 305867,
                  "Actual Loops": 4,
                  "Filter": "(keyword_id < 1548)",
                  "Rows Removed by Filter": 825115
                }
              ]
            }
          ]
        }
      ]
    },
    "Planning Time": 0.154,
    "Triggers": [],
    "Execution Time": 134.549
  }
]