{
  "Plan": {
    "Node Type": "Aggregate",
    "Strategy": "Plain",
    "Partial Mode": "Finalize",
    "Parallel Aware": false,
    "Startup Cost": 77657.48,
    "Total Cost": 77657.49,
    "Plan Rows": 1,
    "Plan Width": 8,
    "Actual Startup Time": 246.733,
    "Actual Total Time": 260.042,
    "Actual Rows": 1,
    "Actual Loops": 1,
    "Plans": [
      {
        "Node Type": "Gather",
        "Parent Relationship": "Outer",
        "Parallel Aware": false,
        "Startup Cost": 77657.37,
        "Total Cost": 77657.48,
        "Plan Rows": 1,
        "Plan Width": 8,
        "Actual Startup Time": 246.474,
        "Actual Total Time": 260.034,
        "Actual Rows": 2,
        "Actual Loops": 1,
        "Workers Planned": 1,
        "Workers Launched": 1,
        "Single Copy": false,
        "Plans": [
          {
            "Node Type": "Aggregate",
            "Strategy": "Plain",
            "Partial Mode": "Partial",
            "Parent Relationship": "Outer",
            "Parallel Aware": false,
            "Startup Cost": 76657.37,
            "Total Cost": 76657.38,
            "Plan Rows": 1,
            "Plan Width": 8,
            "Actual Startup Time": 240.763,
            "Actual Total Time": 240.766,
            "Actual Rows": 1,
            "Actual Loops": 2,
            "Plans": [
              {
                "Node Type": "Hash Join",
                "Parent Relationship": "Outer",
                "Parallel Aware": true,
                "Join Type": "Inner",
                "Startup Cost": 58457.13,
                "Total Cost": 76640.92,
                "Plan Rows": 6579,
                "Plan Width": 0,
                "Actual Startup Time": 142.421,
                "Actual Total Time": 240.191,
                "Actual Rows": 12794,
                "Actual Loops": 2,
                "Inner Unique": true,
                "Hash Cond": "(mi_idx.movie_id = t.id)",
                "Plans": [
                  {
                    "Node Type": "Seq Scan",
                    "Parent Relationship": "Outer",
                    "Parallel Aware": true,
                    "Relation Name": "movie_info_idx",
                    "Alias": "mi_idx",
                    "Startup Cost": 0.0,
                    "Total Cost": 16052.85,
                    "Plan Rows": 811785,
                    "Plan Width": 4,
                    "Actual Startup Time": 0.021,
                    "Actual Total Time": 47.347,
                    "Actual Rows": 690018,
                    "Actual Loops": 2
                  },
                  {
                    "Node Type": "Hash",
                    "Parent Relationship": "Inner",
                    "Parallel Aware": true,
                    "Startup Cost": 58306.47,
                    "Total Cost": 58306.47,
                    "Plan Rows": 12053,
                    "Plan Width": 4,
                    "Actual Startup Time": 141.063,
                    "Actual Total Time": 141.063,
                    "Actual Rows": 9446,
                    "Actual Loops": 2,
                    "Hash Buckets": 32768,
                    "Original Hash Buckets": 32768,
                    "Hash Batches": 1,
                    "Original Hash Batches": 1,
                    "Peak Memory Usage": 1024,
                    "Plans": [
                      {
                        "Node Type": "Seq Scan",
                        "Parent Relationship": "Outer",
                        "Parallel Aware": true,
                        "Relation Name": "title",
                        "Alias": "t",
                        "Startup Cost": 0.0,
                        "Total Cost": 58306.47,
                        "Plan Rows": 12053,
                        "Plan Width": 4,
                        "Actual Startup Time": 0.205,
                        "Actual Total Time": 138.072,
                        "Actual Rows": 9446,
                        "Actual Loops": 2,
                        "Filter": "((kind_id < 7) AND (production_year = 2001))",
                        "Rows Removed by Filter": 1254710
                      }
                    ]
                  }
                ]
              }
            ]
          }
        ]
      }
    ]
  },
  "Planning Time": 0.434,
  "Triggers": [],
  "Execution Time": 260.113
}