[
  {
    "Plan": {
      "Node Type": "Aggregate",
      "Strategy": "Plain",
      "Partial Mode": "Finalize",
      "Parallel Aware": false,
      "Startup Cost": 340939.71,
      "Total Cost": 340939.72,
      "Plan Rows": 1,
      "Plan Width": 8,
      "Actual Startup Time": 763.569,
      "Actual Total Time": 822.224,
      "Actual Rows": 1,
      "Actual Loops": 1,
      "Plans": [
        {
          "Node Type": "Gather",
          "Parent Relationship": "Outer",
          "Parallel Aware": false,
          "Startup Cost": 340939.09,
          "Total Cost": 340939.7,
          "Plan Rows": 6,
          "Plan Width": 8,
          "Actual Startup Time": 763.474,
          "Actual Total Time": 822.215,
          "Actual Rows": 7,
          "Actual Loops": 1,
          "Workers Planned": 6,
          "Workers Launched": 6,
          "Single Copy": false,
          "Plans": [
            {
              "Node Type": "Aggregate",
              "Strategy": "Plain",
              "Partial Mode": "Partial",
              "Parent Relationship": "Outer",
              "Parallel Aware": false,
              "Startup Cost": 339939.09,
              "Total Cost": 339939.1,
              "Plan Rows": 1,
              "Plan Width": 8,
              "Actual Startup Time": 753.745,
              "Actual Total Time": 753.746,
              "Actual Rows": 1,
              "Actual Loops": 7,
              "Plans": [
                {
                  "Node Type": "Seq Scan",
                  "Parent Relationship": "Outer",
                  "Parallel Aware": true,
                  "Relation Name": "cast_info",
                  "Alias": "ci",
                  "Startup Cost": 0.0,
                  "Total Cost": 328162.03,
                  "Plan Rows": 4710825,
                  "Plan Width": 0,
                  "Actual Startup Time": 92.744,
                  "Actual Total Time": 599.196,
                  "Actual Rows": 4018057,
                  "Actual Loops": 7,
                  "Filter": "(person_id > 793851)",
                  "Rows Removed by Filter": 1159707
                }
              ]
            }
          ]
        }
      ]
    },
    "Planning Time": 0.191,
    "Triggers": [],
    "Execution Time": 822.276
  }
]