[
  {
    "Plan": {
      "Node Type": "Aggregate",
      "Strategy": "Plain",
      "Partial Mode": "Finalize",
      "Parallel Aware": false,
      "Startup Cost": 78338.68,
      "Total Cost": 78338.69,
      "Plan Rows": 1,
      "Plan Width": 8,
      "Actual Startup Time": 356.494,
      "Actual Total Time": 370.638,
      "Actual Rows": 1,
      "Actual Loops": 1,
      "Plans": [
        {
          "Node Type": "Gather",
          "Parent Relationship": "Outer",
          "Parallel Aware": false,
          "Startup Cost": 78338.36,
          "Total Cost": 78338.67,
          "Plan Rows": 3,
          "Plan Width": 8,
          "Actual Startup Time": 353.431,
          "Actual Total Time": 370.627,
          "Actual Rows": 4,
          "Actual Loops": 1,
          "Workers Planned": 3,
          "Workers Launched": 3,
          "Single Copy": false,
          "Plans": [
            {
              "Node Type": "Aggregate",
              "Strategy": "Plain",
              "Partial Mode": "Partial",
              "Parent Relationship": "Outer",
              "Parallel Aware": false,
              "Startup Cost": 77338.36,
              "Total Cost": 77338.37,
              "Plan Rows": 1,
              "Plan Width": 8,
              "Actual Startup Time": 344.416,
              "Actual Total Time": 344.419,
              "Actual Rows": 1,
              "Actual Loops": 4,
              "Plans": [
                {
                  "Node Type": "Hash Join",
                  "Parent Relationship": "Outer",
                  "Parallel Aware": true,
                  "Join Type": "Inner",
                  "Startup Cost": 45543.32,
                  "Total Cost": 76927.38,
                  "Plan Rows": 164392,
                  "Plan Width": 0,
                  "Actual Startup Time": 157.987,
                  "Actual Total Time": 335.579,
                  "Actual Rows": 210541,
                  "Actual Loops": 4,
                  "Inner Unique": true,
                  "Hash Cond": "(mc.movie_id = t.id)",
                  "Plans": [
                    {
                      "Node Type": "Seq Scan",
                      "Parent Relationship": "Outer",
                      "Parallel Aware": true,
                      "Relation Name": "movie_companies",
                      "Alias": "mc",
                      "Startup Cost": 0.0,
                      "Total Cost": 29310.68,
                      "Plan Rows": 789862,
                      "Plan Width": 4,
                      "Actual Startup Time": 0.018,
                      "Actual Total Time": 70.457,
                      "Actual Rows": 613029,
                      "Actual Loops": 4,
                      "Filter": "(company_id < 129072)",
                      "Rows Removed by Filter": 39253
                    },
                    {
                      "Node Type": "Hash",
                      "Parent Relationship": "Inner",
                      "Parallel Aware": true,
                      "Startup Cost": 43898.92,
                      "Total Cost": 43898.92,
                      "Plan Rows": 131552,
                      "Plan Width": 4,
                      "Actual Startup Time": 152.518,
                      "Actual Total Time": 152.519,
                      "Actual Rows": 134548,
                      "Actual Loops": 4,
                      "Hash Buckets": 1048576,
                      "Original Hash Buckets": 1048576,
                      "Hash Batches": 1,
                      "Original Hash Batches": 1,
                      "Peak Memory Usage": 29312,
                      "Plans": [
                        {
                          "Node Type": "Seq Scan",
                          "Parent Relationship": "Outer",
                          "Parallel Aware": true,
                          "Relation Name": "title",
                          "Alias": "t",
                          "Startup Cost": 0.0,
                          "Total Cost": 43898.92,
                          "Plan Rows": 131552,
                          "Plan Width": 4,
                          "Actual Startup Time": 0.04,
                          "Actual Total Time": 99.541,
                          "Actual Rows": 134548,
                          "Actual Loops": 4,
                          "Filter": "(production_year < 1982)",
                          "Rows Removed by Filter": 497530
                        }
                      ]
                    }
                  ]
                }
              ]
            }
          ]
        }
      ]
    },
    "Planning Time": 0.777,
    "Triggers": [],
    "Execution Time": 370.708
  }
]