[
  {
    "Plan": {
      "Node Type": "Aggregate",
      "Strategy": "Plain",
      "Partial Mode": "Finalize",
      "Parallel Aware": false,
      "Startup Cost": 33150.59,
      "Total Cost": 33150.6,
      "Plan Rows": 1,
      "Plan Width": 8,
      "Actual Startup Time": 73.297,
      "Actual Total Time": 79.101,
      "Actual Rows": 1,
      "Actual Loops": 1,
      "Plans": [
        {
          "Node Type": "Gather",
          "Parent Relationship": "Outer",
          "Parallel Aware": false,
          "Startup Cost": 33150.27,
          "Total Cost": 33150.58,
          "Plan Rows": 3,
          "Plan Width": 8,
          "Actual Startup Time": 73.219,
          "Actual Total Time": 79.095,
          "Actual Rows": 4,
          "Actual Loops": 1,
          "Workers Planned": 3,
          "Workers Launched": 3,
          "Single Copy": false,
          "Plans": [
            {
              "Node Type": "Aggregate",
              "Strategy": "Plain",
              "Partial Mode": "Partial",
              "Parent Relationship": "Outer",
              "Parallel Aware": false,
              "Startup Cost": 32150.27,
              "Total Cost": 32150.28,
              "Plan Rows": 1,
              "Plan Width": 8,
              "Actual Startup Time": 70.043,
              "Actual Total Time": 70.044,
              "Actual Rows": 1,
              "Actual Loops": 4,
              "Plans": [
                {
                  "Node Type": "Seq Scan",
                  "Parent Relationship": "Outer",
                  "Parallel Aware": true,
                  "Relation Name": "movie_companies",
                  "Alias": "mc",
                  "Startup Cost": 0.0,
                  "Total Cost": 31414.82,
                  "Plan Rows": 294180,
                  "Plan Width": 0,
                  "Actual Startup Time": 0.272,
                  "Actual Total Time": 62.063,
                  "Actual Rows": 187093,
                  "Actual Loops": 4,
                  "Filter": "((company_id > 1451) AND (company_type_id < 2))",
                  "Rows Removed by Filter": 465190
                }
              ]
            }
          ]
        }
      ]
    },
    "Planning Time": 0.083,
    "Triggers": [],
    "Execution Time": 79.125
  }
]