[
  {
    "Plan": {
      "Node Type": "Aggregate",
      "Strategy": "Plain",
      "Partial Mode": "Finalize",
      "Parallel Aware": false,
      "Startup Cost": 33151.8,
      "Total Cost": 33151.81,
      "Plan Rows": 1,
      "Plan Width": 8,
      "Actual Startup Time": 92.836,
      "Actual Total Time": 99.362,
      "Actual Rows": 1,
      "Actual Loops": 1,
      "Plans": [
        {
          "Node Type": "Gather",
          "Parent Relationship": "Outer",
          "Parallel Aware": false,
          "Startup Cost": 33151.49,
          "Total Cost": 33151.8,
          "Plan Rows": 3,
          "Plan Width": 8,
          "Actual Startup Time": 92.703,
          "Actual Total Time": 99.353,
          "Actual Rows": 4,
          "Actual Loops": 1,
          "Workers Planned": 3,
          "Workers Launched": 3,
          "Single Copy": false,
          "Plans": [
            {
              "Node Type": "Aggregate",
              "Strategy": "Plain",
              "Partial Mode": "Partial",
              "Parent Relationship": "Outer",
              "Parallel Aware": false,
              "Startup Cost": 32151.49,
              "Total Cost": 32151.5,
              "Plan Rows": 1,
              "Plan Width": 8,
              "Actual Startup Time": 85.707,
              "Actual Total Time": 85.708,
              "Actual Rows": 1,
              "Actual Loops": 4,
              "Plans": [
                {
                  "Node Type": "Seq Scan",
                  "Parent Relationship": "Outer",
                  "Parallel Aware": true,
                  "Relation Name": "movie_companies",
                  "Alias": "mc",
                  "Startup Cost": 0.0,
                  "Total Cost": 31414.82,
                  "Plan Rows": 294667,
                  "Plan Width": 0,
                  "Actual Startup Time": 0.984,
                  "Actual Total Time": 76.715,
                  "Actual Rows": 187093,
                  "Actual Loops": 4,
                  "Filter": "((company_id > 1451) AND (company_type_id < 2))",
                  "Rows Removed by Filter": 465190
                }
              ]
            }
          ]
        }
      ]
    },
    "Planning Time": 0.217,
    "Triggers": [],
    "Execution Time": 99.419
  }
]