[
  {
    "Plan": {
      "Node Type": "Aggregate",
      "Strategy": "Plain",
      "Partial Mode": "Finalize",
      "Parallel Aware": false,
      "Startup Cost": 31128.96,
      "Total Cost": 31128.97,
      "Plan Rows": 1,
      "Plan Width": 8,
      "Actual Startup Time": 96.659,
      "Actual Total Time": 105.571,
      "Actual Rows": 1,
      "Actual Loops": 1,
      "Plans": [
        {
          "Node Type": "Gather",
          "Parent Relationship": "Outer",
          "Parallel Aware": false,
          "Startup Cost": 31128.65,
          "Total Cost": 31128.96,
          "Plan Rows": 3,
          "Plan Width": 8,
          "Actual Startup Time": 96.553,
          "Actual Total Time": 105.563,
          "Actual Rows": 4,
          "Actual Loops": 1,
          "Workers Planned": 3,
          "Workers Launched": 3,
          "Single Copy": false,
          "Plans": [
            {
              "Node Type": "Aggregate",
              "Strategy": "Plain",
              "Partial Mode": "Partial",
              "Parent Relationship": "Outer",
              "Parallel Aware": false,
              "Startup Cost": 30128.65,
              "Total Cost": 30128.66,
              "Plan Rows": 1,
              "Plan Width": 8,
              "Actual Startup Time": 92.376,
              "Actual Total Time": 92.377,
              "Actual Rows": 1,
              "Actual Loops": 4,
              "Plans": [
                {
                  "Node Type": "Seq Scan",
                  "Parent Relationship": "Outer",
                  "Parallel Aware": true,
                  "Relation Name": "movie_companies",
                  "Alias": "mc",
                  "Startup Cost": 0.0,
                  "Total Cost": 29310.68,
                  "Plan Rows": 327186,
                  "Plan Width": 0,
                  "Actual Startup Time": 0.022,
                  "Actual Total Time": 77.67,
                  "Actual Rows": 254106,
                  "Actual Loops": 4,
                  "Filter": "(company_id < 5258)",
                  "Rows Removed by Filter": 398176
                }
              ]
            }
          ]
        }
      ]
    },
    "Planning Time": 0.194,
    "Triggers": [],
    "Execution Time": 105.625
  }
]