[
  {
    "Plan": {
      "Node Type": "Aggregate",
      "Strategy": "Plain",
      "Partial Mode": "Finalize",
      "Parallel Aware": false,
      "Startup Cost": 31132.31,
      "Total Cost": 31132.32,
      "Plan Rows": 1,
      "Plan Width": 8,
      "Actual Startup Time": 99.421,
      "Actual Total Time": 107.512,
      "Actual Rows": 1,
      "Actual Loops": 1,
      "Plans": [
        {
          "Node Type": "Gather",
          "Parent Relationship": "Outer",
          "Parallel Aware": false,
          "Startup Cost": 31131.99,
          "Total Cost": 31132.3,
          "Plan Rows": 3,
          "Plan Width": 8,
          "Actual Startup Time": 99.29,
          "Actual Total Time": 107.506,
          "Actual Rows": 4,
          "Actual Loops": 1,
          "Workers Planned": 3,
          "Workers Launched": 3,
          "Single Copy": false,
          "Plans": [
            {
              "Node Type": "Aggregate",
              "Strategy": "Plain",
              "Partial Mode": "Partial",
              "Parent Relationship": "Outer",
              "Parallel Aware": false,
              "Startup Cost": 30131.99,
              "Total Cost": 30132.0,
              "Plan Rows": 1,
              "Plan Width": 8,
              "Actual Startup Time": 92.316,
              "Actual Total Time": 92.317,
              "Actual Rows": 1,
              "Actual Loops": 4,
              "Plans": [
                {
                  "Node Type": "Seq Scan",
                  "Parent Relationship": "Outer",
                  "Parallel Aware": true,
                  "Relation Name": "movie_companies",
                  "Alias": "mc",
                  "Startup Cost": 0.0,
                  "Total Cost": 29310.68,
                  "Plan Rows": 328523,
                  "Plan Width": 0,
                  "Actual Startup Time": 0.042,
                  "Actual Total Time": 76.755,
                  "Actual Rows": 254106,
                  "Actual Loops": 4,
                  "Filter": "(company_id < 5258)",
                  "Rows Removed by Filter": 398176
                }
              ]
            }
          ]
        }
      ]
    },
    "Planning Time": 0.133,
    "Triggers": [],
    "Execution Time": 107.553
  }
]