{
  "Plan": {
    "Node Type": "Aggregate",
    "Strategy": "Plain",
    "Partial Mode": "Finalize",
    "Parallel Aware": false,
    "Startup Cost": 129167.52,
    "Total Cost": 129167.53,
    "Plan Rows": 1,
    "Plan Width": 8,
    "Actual Startup Time": 656.311,
    "Actual Total Time": 673.62,
    "Actual Rows": 1,
    "Actual Loops": 1,
    "Plans": [
      {
        "Node Type": "Gather",
        "Parent Relationship": "Outer",
        "Parallel Aware": false,
        "Startup Cost": 129167.4,
        "Total Cost": 129167.51,
        "Plan Rows": 1,
        "Plan Width": 8,
        "Actual Startup Time": 654.811,
        "Actual Total Time": 673.609,
        "Actual Rows": 2,
        "Actual Loops": 1,
        "Workers Planned": 1,
        "Workers Launched": 1,
        "Single Copy": false,
        "Plans": [
          {
            "Node Type": "Aggregate",
            "Strategy": "Plain",
            "Partial Mode": "Partial",
            "Parent Relationship": "Outer",
            "Parallel Aware": false,
            "Startup Cost": 128167.4,
            "Total Cost": 128167.41,
            "Plan Rows": 1,
            "Plan Width": 8,
            "Actual Startup Time": 649.191,
            "Actual Total Time": 649.195,
            "Actual Rows": 1,
            "Actual Loops": 2,
            "Plans": [
              {
                "Node Type": "Hash Join",
                "Parent Relationship": "Outer",
                "Parallel Aware": true,
                "Join Type": "Inner",
                "Startup Cost": 62306.66,
                "Total Cost": 126782.56,
                "Plan Rows": 553938,
                "Plan Width": 0,
                "Actual Startup Time": 217.646,
                "Actual Total Time": 619.847,
                "Actual Rows": 764512,
                "Actual Loops": 2,
                "Inner Unique": true,
                "Hash Cond": "(mk.movie_id = t.id)",
                "Plans": [
                  {
                    "Node Type": "Seq Scan",
                    "Parent Relationship": "Outer",
                    "Parallel Aware": true,
                    "Relation Name": "movie_keyword",
                    "Alias": "mk",
                    "Startup Cost": 0.0,
                    "Total Cost": 57718.19,
                    "Plan Rows": 2574362,
                    "Plan Width": 4,
                    "Actual Startup Time": 0.014,
                    "Actual Total Time": 197.342,
                    "Actual Rows": 2189354,
                    "Actual Loops": 2,
                    "Filter": "(keyword_id < 74351)",
                    "Rows Removed by Filter": 72610
                  },
                  {
                    "Node Type": "Hash",
                    "Parent Relationship": "Inner",
                    "Parallel Aware": true,
                    "Startup Cost": 58306.47,
                    "Total Cost": 58306.47,
                    "Plan Rows": 320015,
                    "Plan Width": 4,
                    "Actual Startup Time": 208.613,
                    "Actual Total Time": 208.614,
                    "Actual Rows": 229905,
                    "Actual Loops": 2,
                    "Hash Buckets": 1048576,
                    "Original Hash Buckets": 1048576,
                    "Hash Batches": 1,
                    "Original Hash Batches": 1,
                    "Peak Memory Usage": 26208,
                    "Plans": [
                      {
                        "Node Type": "Seq Scan",
                        "Parent Relationship": "Outer",
                        "Parallel Aware": true,
                        "Relation Name": "title",
                        "Alias": "t",
                        "Startup Cost": 0.0,
                        "Total Cost": 58306.47,
                        "Plan Rows": 320015,
                        "Plan Width": 4,
                        "Actual Startup Time": 0.037,
                        "Actual Total Time": 148.937,
                        "Actual Rows": 229905,
                        "Actual Loops": 2,
                        "Filter": "((kind_id < 7) AND (production_year > 2000))",
                        "Rows Removed by Filter": 1034251
                      }
                    ]
                  }
                ]
              }
            ]
          }
        ]
      }
    ]
  },
  "Planning Time": 0.588,
  "Triggers": [],
  "Execution Time": 673.688
}