[
  {
    "Plan": {
      "Node Type": "Aggregate",
      "Strategy": "Plain",
      "Partial Mode": "Finalize",
      "Parallel Aware": false,
      "Startup Cost": 44396.7,
      "Total Cost": 44396.71,
      "Plan Rows": 1,
      "Plan Width": 8,
      "Actual Startup Time": 128.655,
      "Actual Total Time": 138.338,
      "Actual Rows": 1,
      "Actual Loops": 1,
      "Plans": [
        {
          "Node Type": "Gather",
          "Parent Relationship": "Outer",
          "Parallel Aware": false,
          "Startup Cost": 44396.38,
          "Total Cost": 44396.69,
          "Plan Rows": 3,
          "Plan Width": 8,
          "Actual Startup Time": 128.525,
          "Actual Total Time": 138.328,
          "Actual Rows": 4,
          "Actual Loops": 1,
          "Workers Planned": 3,
          "Workers Launched": 3,
          "Single Copy": false,
          "Plans": [
            {
              "Node Type": "Aggregate",
              "Strategy": "Plain",
              "Partial Mode": "Partial",
              "Parent Relationship": "Outer",
              "Parallel Aware": false,
              "Startup Cost": 43396.38,
              "Total Cost": 43396.39,
              "Plan Rows": 1,
              "Plan Width": 8,
              "Actual Startup Time": 121.923,
              "Actual Total Time": 121.925,
              "Actual Rows": 1,
              "Actual Loops": 4,
              "Plans": [
                {
                  "Node Type": "Seq Scan",
                  "Parent Relationship": "Outer",
                  "Parallel Aware": true,
                  "Relation Name": "movie_keyword",
                  "Alias": "mk",
                  "Startup Cost": 0.0,
                  "Total Cost": 42695.65,
                  "Plan Rows": 280291,
                  "Plan Width": 0,
                  "Actual Startup Time": 4.591,
                  "Actual Total Time": 110.244,
                  "Actual Rows": 216004,
                  "Actual Loops": 4,
                  "Filter": "(keyword_id > 21304)",
                  "Rows Removed by Filter": 914978
                }
              ]
            }
          ]
        }
      ]
    },
    "Planning Time": 0.165,
    "Triggers": [],
    "Execution Time": 138.389
  }
]