{
  "Plan": {
    "Node Type": "Aggregate",
    "Strategy": "Plain",
    "Partial Mode": "Finalize",
    "Parallel Aware": false,
    "Startup Cost": 123477.96,
    "Total Cost": 123477.97,
    "Plan Rows": 1,
    "Plan Width": 8,
    "Actual Startup Time": 453.88,
    "Actual Total Time": 470.665,
    "Actual Rows": 1,
    "Actual Loops": 1,
    "Plans": [
      {
        "Node Type": "Gather",
        "Parent Relationship": "Outer",
        "Parallel Aware": false,
        "Startup Cost": 123477.85,
        "Total Cost": 123477.96,
        "Plan Rows": 1,
        "Plan Width": 8,
        "Actual Startup Time": 453.627,
        "Actual Total Time": 470.657,
        "Actual Rows": 2,
        "Actual Loops": 1,
        "Workers Planned": 1,
        "Workers Launched": 1,
        "Single Copy": false,
        "Plans": [
          {
            "Node Type": "Aggregate",
            "Strategy": "Plain",
            "Partial Mode": "Partial",
            "Parent Relationship": "Outer",
            "Parallel Aware": false,
            "Startup Cost": 122477.85,
            "Total Cost": 122477.86,
            "Plan Rows": 1,
            "Plan Width": 8,
            "Actual Startup Time": 447.999,
            "Actual Total Time": 448.003,
            "Actual Rows": 1,
            "Actual Loops": 2,
            "Plans": [
              {
                "Node Type": "Hash Join",
                "Parent Relationship": "Outer",
                "Parallel Aware": true,
                "Join Type": "Inner",
                "Startup Cost": 58434.77,
                "Total Cost": 122436.54,
                "Plan Rows": 16521,
                "Plan Width": 0,
                "Actual Startup Time": 139.557,
                "Actual Total Time": 446.465,
                "Actual Rows": 36054,
                "Actual Loops": 2,
                "Inner Unique": true,
                "Hash Cond": "(mk.movie_id = t.id)",
                "Plans": [
                  {
                    "Node Type": "Seq Scan",
                    "Parent Relationship": "Outer",
                    "Parallel Aware": true,
                    "Relation Name": "movie_keyword",
                    "Alias": "mk",
                    "Startup Cost": 0.0,
                    "Total Cost": 57718.19,
                    "Plan Rows": 2393742,
                    "Plan Width": 4,
                    "Actual Startup Time": 0.011,
                    "Actual Total Time": 192.362,
                    "Actual Rows": 2039070,
                    "Actual Loops": 2,
                    "Filter": "(keyword_id < 39768)",
                    "Rows Removed by Filter": 222894
                  },
                  {
                    "Node Type": "Hash",
                    "Parent Relationship": "Inner",
                    "Parallel Aware": true,
                    "Startup Cost": 58306.47,
                    "Total Cost": 58306.47,
                    "Plan Rows": 10264,
                    "Plan Width": 4,
                    "Actual Startup Time": 138.084,
                    "Actual Total Time": 138.085,
                    "Actual Rows": 7224,
                    "Actual Loops": 2,
                    "Hash Buckets": 32768,
                    "Original Hash Buckets": 32768,
                    "Hash Batches": 1,
                    "Original Hash Batches": 1,
                    "Peak Memory Usage": 832,
                    "Plans": [
                      {
                        "Node Type": "Seq Scan",
                        "Parent Relationship": "Outer",
                        "Parallel Aware": true,
                        "Relation Name": "title",
                        "Alias": "t",
                        "Startup Cost": 0.0,
                        "Total Cost": 58306.47,
                        "Plan Rows": 10264,
                        "Plan Width": 4,
                        "Actual Startup Time": 0.9,
                        "Actual Total Time": 135.791,
                        "Actual Rows": 7224,
                        "Actual Loops": 2,
                        "Filter": "((kind_id < 7) AND (production_year = 1998))",
                        "Rows Removed by Filter": 1256932
                      }
                    ]
                  }
                ]
              }
            ]
          }
        ]
      }
    ]
  },
  "Planning Time": 0.458,
  "Triggers": [],
  "Execution Time": 470.734
}