[
  {
    "Plan": {
      "Node Type": "Aggregate",
      "Strategy": "Plain",
      "Partial Mode": "Finalize",
      "Parallel Aware": false,
      "Startup Cost": 269867.08,
      "Total Cost": 269867.09,
      "Plan Rows": 1,
      "Plan Width": 8,
      "Actual Startup Time": 177.541,
      "Actual Total Time": 209.962,
      "Actual Rows": 1,
      "Actual Loops": 1,
      "Plans": [
        {
          "Node Type": "Gather",
          "Parent Relationship": "Outer",
          "Parallel Aware": false,
          "Startup Cost": 269866.66,
          "Total Cost": 269867.07,
          "Plan Rows": 4,
          "Plan Width": 8,
          "Actual Startup Time": 177.328,
          "Actual Total Time": 209.946,
          "Actual Rows": 5,
          "Actual Loops": 1,
          "Workers Planned": 4,
          "Workers Launched": 4,
          "Single Copy": false,
          "Plans": [
            {
              "Node Type": "Aggregate",
              "Strategy": "Plain",
              "Partial Mode": "Partial",
              "Parent Relationship": "Outer",
              "Parallel Aware": false,
              "Startup Cost": 268866.66,
              "Total Cost": 268866.67,
              "Plan Rows": 1,
              "Plan Width": 8,
              "Actual Startup Time": 172.368,
              "Actual Total Time": 172.37,
              "Actual Rows": 1,
              "Actual Loops": 5,
              "Plans": [
                {
                  "Node Type": "Nested Loop",
                  "Parent Relationship": "Outer",
                  "Parallel Aware": false,
                  "Join Type": "Inner",
                  "Startup Cost": 0.56,
                  "Total Cost": 268775.01,
                  "Plan Rows": 36662,
                  "Plan Width": 0,
                  "Actual Startup Time": 0.189,
                  "Actual Total Time": 169.928,
                  "Actual Rows": 27266,
                  "Actual Loops": 5,
                  "Inner Unique": false,
                  "Plans": [
                    {
                      "Node Type": "Seq Scan",
                      "Parent Relationship": "Outer",
                      "Parallel Aware": true,
                      "Relation Name": "title",
                      "Alias": "t",
                      "Startup Cost": 0.0,
                      "Total Cost": 45479.59,
                      "Plan Rows": 2557,
                      "Plan Width": 4,
                      "Actual Startup Time": 0.057,
                      "Actual Total Time": 71.715,
                      "Actual Rows": 1848,
                      "Actual Loops": 5,
                      "Filter": "((kind_id = 7) AND (production_year = 1984))",
                      "Rows Removed by Filter": 503814
                    },
                    {
                      "Node Type": "Index Only Scan",
                      "Parent Relationship": "Inner",
                      "Parallel Aware": false,
                      "Scan Direction": "Forward",
                      "Index Name": "movie_id_cast_info",
                      "Relation Name": "cast_info",
                      "Alias": "ci",
                      "Startup Cost": 0.56,
                      "Total Cost": 86.98,
                      "Plan Rows": 35,
                      "Plan Width": 4,
                      "Actual Startup Time": 0.011,
                      "Actual Total Time": 0.051,
                      "Actual Rows": 15,
                      "Actual Loops": 9242,
                      "Index Cond": "(movie_id = t.id)",
                      "Rows Removed by Index Recheck": 0,
                      "Heap Fetches": 136330
                    }
                  ]
                }
              ]
            }
          ]
        }
      ]
    },
    "Planning Time": 0.489,
    "Triggers": [],
    "Execution Time": 210.033
  }
]