[
  {
    "Plan": {
      "Node Type": "Aggregate",
      "Strategy": "Plain",
      "Partial Mode": "Finalize",
      "Parallel Aware": false,
      "Startup Cost": 150404.98,
      "Total Cost": 150404.99,
      "Plan Rows": 1,
      "Plan Width": 8,
      "Actual Startup Time": 752.349,
      "Actual Total Time": 797.816,
      "Actual Rows": 1,
      "Actual Loops": 1,
      "Plans": [
        {
          "Node Type": "Gather",
          "Parent Relationship": "Outer",
          "Parallel Aware": false,
          "Startup Cost": 150404.66,
          "Total Cost": 150404.97,
          "Plan Rows": 3,
          "Plan Width": 8,
          "Actual Startup Time": 751.598,
          "Actual Total Time": 797.808,
          "Actual Rows": 4,
          "Actual Loops": 1,
          "Workers Planned": 3,
          "Workers Launched": 3,
          "Single Copy": false,
          "Plans": [
            {
              "Node Type": "Aggregate",
              "Strategy": "Plain",
              "Partial Mode": "Partial",
              "Parent Relationship": "Outer",
              "Parallel Aware": false,
              "Startup Cost": 149404.66,
              "Total Cost": 149404.67,
              "Plan Rows": 1,
              "Plan Width": 8,
              "Actual Startup Time": 741.822,
              "Actual Total Time": 741.826,
              "Actual Rows": 1,
              "Actual Loops": 4,
              "Plans": [
                {
                  "Node Type": "Nested Loop",
                  "Parent Relationship": "Outer",
                  "Parallel Aware": false,
                  "Join Type": "Inner",
                  "Startup Cost": 44247.71,
                  "Total Cost": 148862.19,
                  "Plan Rows": 216989,
                  "Plan Width": 0,
                  "Actual Startup Time": 124.083,
                  "Actual Total Time": 713.076,
                  "Actual Rows": 663018,
                  "Actual Loops": 4,
                  "Inner Unique": false,
                  "Join Filter": "(t.id = mi.movie_id)",
                  "Rows Removed by Join Filter": 0,
                  "Plans": [
                    {
                      "Node Type": "Hash Join",
                      "Parent Relationship": "Outer",
                      "Parallel Aware": true,
                      "Join Type": "Inner",
                      "Startup Cost": 44247.28,
                      "Total Cost": 73663.17,
                      "Plan Rows": 37109,
                      "Plan Width": 8,
                      "Actual Startup Time": 123.994,
                      "Actual Total Time": 246.756,
                      "Actual Rows": 53328,
                      "Actual Loops": 4,
                      "Inner Unique": true,
                      "Hash Cond": "(mc.movie_id = t.id)",
                      "Plans": [
                        {
                          "Node Type": "Seq Scan",
                          "Parent Relationship": "Outer",
                          "Parallel Aware": true,
                          "Relation Name": "movie_companies",
                          "Alias": "mc",
                          "Startup Cost": 0.0,
                          "Total Cost": 27206.55,
                          "Plan Rows": 841655,
                          "Plan Width": 4,
                          "Actual Startup Time": 0.015,
                          "Actual Total Time": 54.503,
                          "Actual Rows": 652282,
                          "Actual Loops": 4
                        },
                        {
                          "Node Type": "Hash",
                          "Parent Relationship": "Inner",
                          "Parallel Aware": true,
                          "Startup Cost": 43898.92,
                          "Total Cost": 43898.92,
                          "Plan Rows": 27869,
                          "Plan Width": 4,
                          "Actual Startup Time": 98.724,
                          "Actual Total Time": 98.725,
                          "Actual Rows": 28129,
                          "Actual Loops": 4,
                          "Hash Buckets": 131072,
                          "Original Hash Buckets": 131072,
                          "Hash Batches": 1,
                          "Original Hash Batches": 1,
                          "Peak Memory Usage": 5504,
                          "Plans": [
                            {
                              "Node Type": "Seq Scan",
                              "Parent Relationship": "Outer",
                              "Parallel Aware": true,
                              "Relation Name": "title",
                              "Alias": "t",
                              "Startup Cost": 0.0,
                              "Total Cost": 43898.92,
                              "Plan Rows": 27869,
                              "Plan Width": 4,
                              "Actual Startup Time": 44.925,
                              "Actual Total Time": 90.141,
                              "Actual Rows": 28129,
                              "Actual Loops": 4,
                              "Filter": "(production_year < 1929)",
                              "Rows Removed by Filter": 603949
                            }
                          ]
                        }
                      ]
                    },
                    {
                      "Node Type": "Index Only Scan",
                      "Parent Relationship": "Inner",
                      "Parallel Aware": false,
                      "Scan Direction": "Forward",
                      "Index Name": "movie_id_movie_info",
                      "Relation Name": "movie_info",
                      "Alias": "mi",
                      "Startup Cost": 0.43,
                      "Total Cost": 1.5,
                      "Plan Rows": 42,
                      "Plan Width": 4,
                      "Actual Startup Time": 0.003,
                      "Actual Total Time": 0.008,
                      "Actual Rows": 12,
                      "Actual Loops": 213312,
                      "Index Cond": "(movie_id = mc.movie_id)",
                      "Rows Removed by Index Recheck": 0,
                      "Heap Fetches": 2652073
                    }
                  ]
                }
              ]
            }
          ]
        }
      ]
    },
    "Planning Time": 1.438,
    "Triggers": [],
    "Execution Time": 797.912
  }
]