[
  {
    "Plan": {
      "Node Type": "Aggregate",
      "Strategy": "Plain",
      "Partial Mode": "Finalize",
      "Parallel Aware": false,
      "Startup Cost": 96143.99,
      "Total Cost": 96144.0,
      "Plan Rows": 1,
      "Plan Width": 8,
      "Actual Startup Time": 96.853,
      "Actual Total Time": 104.182,
      "Actual Rows": 1,
      "Actual Loops": 1,
      "Plans": [
        {
          "Node Type": "Gather",
          "Parent Relationship": "Outer",
          "Parallel Aware": false,
          "Startup Cost": 96143.68,
          "Total Cost": 96143.99,
          "Plan Rows": 3,
          "Plan Width": 8,
          "Actual Startup Time": 93.882,
          "Actual Total Time": 104.166,
          "Actual Rows": 4,
          "Actual Loops": 1,
          "Workers Planned": 3,
          "Workers Launched": 3,
          "Single Copy": false,
          "Plans": [
            {
              "Node Type": "Aggregate",
              "Strategy": "Plain",
              "Partial Mode": "Partial",
              "Parent Relationship": "Outer",
              "Parallel Aware": false,
              "Startup Cost": 95143.68,
              "Total Cost": 95143.69,
              "Plan Rows": 1,
              "Plan Width": 8,
              "Actual Startup Time": 88.982,
              "Actual Total Time": 88.984,
              "Actual Rows": 1,
              "Actual Loops": 4,
              "Plans": [
                {
                  "Node Type": "Nested Loop",
                  "Parent Relationship": "Outer",
                  "Parallel Aware": false,
                  "Join Type": "Inner",
                  "Startup Cost": 334.6,
                  "Total Cost": 95130.99,
                  "Plan Rows": 5075,
                  "Plan Width": 0,
                  "Actual Startup Time": 1.059,
                  "Actual Total Time": 84.411,
                  "Actual Rows": 88360,
                  "Actual Loops": 4,
                  "Inner Unique": false,
                  "Plans": [
                    {
                      "Node Type": "Nested Loop",
                      "Parent Relationship": "Outer",
                      "Parallel Aware": false,
                      "Join Type": "Inner",
                      "Startup Cost": 334.17,
                      "Total Cost": 85574.34,
                      "Plan Rows": 5882,
                      "Plan Width": 8,
                      "Actual Startup Time": 0.907,
                      "Actual Total Time": 23.58,
                      "Actual Rows": 3424,
                      "Actual Loops": 4,
                      "Inner Unique": true,
                      "Plans": [
                        {
                          "Node Type": "Bitmap Heap Scan",
                          "Parent Relationship": "Outer",
                          "Parallel Aware": true,
                          "Relation Name": "movie_info",
                          "Alias": "mi",
                          "Startup Cost": 333.74,
                          "Total Cost": 52550.47,
                          "Plan Rows": 5882,
                          "Plan Width": 4,
                          "Actual Startup Time": 0.766,
                          "Actual Total Time": 1.68,
                          "Actual Rows": 3424,
                          "Actual Loops": 4,
                          "Recheck Cond": "(info_type_id = 97)",
                          "Rows Removed by Index Recheck": 0,
                          "Exact Heap Blocks": 65,
                          "Lossy Heap Blocks": 0,
                          "Plans": [
                            {
                              "Node Type": "Bitmap Index Scan",
                              "Parent Relationship": "Outer",
                              "Parallel Aware": false,
                              "Index Name": "info_type_id_movie_info",
                              "Startup Cost": 0.0,
                              "Total Cost": 329.18,
                              "Plan Rows": 18233,
                              "Plan Width": 0,
                              "Actual Startup Time": 2.699,
                              "Actual Total Time": 2.7,
                              "Actual Rows": 13698,
                              "Actual Loops": 1,
                              "Index Cond": "(info_type_id = 97)"
                            }
                          ]
                        },
                        {
                          "Node Type": "Index Only Scan",
                          "Parent Relationship": "Inner",
                          "Parallel Aware": false,
                          "Scan Direction": "Forward",
                          "Index Name": "title_pkey",
                          "Relation Name": "title",
                          "Alias": "t",
                          "Startup Cost": 0.43,
                          "Total Cost": 5.61,
                          "Plan Rows": 1,
                          "Plan Width": 4,
                          "Actual Startup Time": 0.006,
                          "Actual Total Time": 0.006,
                          "Actual Rows": 1,
                          "Actual Loops": 13698,
                          "Index Cond": "(id = mi.movie_id)",
                          "Rows Removed by Index Recheck": 0,
                          "Heap Fetches": 13698
                        }
                      ]
                    },
                    {
                      "Node Type": "Index Scan",
                      "Parent Relationship": "Inner",
                      "Parallel Aware": false,
                      "Scan Direction": "Forward",
                      "Index Name": "movie_id_movie_keyword",
                      "Relation Name": "movie_keyword",
                      "Alias": "mk",
                      "Startup Cost": 0.43,
                      "Total Cost": 1.4,
                      "Plan Rows": 22,
                      "Plan Width": 4,
                      "Actual Startup Time": 0.008,
                      "Actual Total Time": 0.015,
                      "Actual Rows": 26,
                      "Actual Loops": 13698,
                      "Index Cond": "(movie_id = t.id)",
                      "Rows Removed by Index Recheck": 0,
                      "Filter": "(keyword_id < 4333)",
                      "Rows Removed by Filter": 28
                    }
                  ]
                }
              ]
            }
          ]
        }
      ]
    },
    "Planning Time": 0.948,
    "Triggers": [],
    "Execution Time": 104.238
  }
]