[
  {
    "Plan": {
      "Node Type": "Aggregate",
      "Strategy": "Plain",
      "Partial Mode": "Finalize",
      "Parallel Aware": false,
      "Startup Cost": 41896.21,
      "Total Cost": 41896.22,
      "Plan Rows": 1,
      "Plan Width": 8,
      "Actual Startup Time": 3520.049,
      "Actual Total Time": 3535.96,
      "Actual Rows": 1,
      "Actual Loops": 1,
      "Plans": [
        {
          "Node Type": "Gather",
          "Parent Relationship": "Outer",
          "Parallel Aware": false,
          "Startup Cost": 41895.9,
          "Total Cost": 41896.21,
          "Plan Rows": 3,
          "Plan Width": 8,
          "Actual Startup Time": 3519.407,
          "Actual Total Time": 3535.94,
          "Actual Rows": 4,
          "Actual Loops": 1,
          "Workers Planned": 3,
          "Workers Launched": 3,
          "Single Copy": false,
          "Plans": [
            {
              "Node Type": "Aggregate",
              "Strategy": "Plain",
              "Partial Mode": "Partial",
              "Parent Relationship": "Outer",
              "Parallel Aware": false,
              "Startup Cost": 40895.9,
              "Total Cost": 40895.91,
              "Plan Rows": 1,
              "Plan Width": 8,
              "Actual Startup Time": 3509.874,
              "Actual Total Time": 3509.877,
              "Actual Rows": 1,
              "Actual Loops": 4,
              "Plans": [
                {
                  "Node Type": "Bitmap Heap Scan",
                  "Parent Relationship": "Outer",
                  "Parallel Aware": true,
                  "Relation Name": "movie_keyword",
                  "Alias": "mk",
                  "Startup Cost": 13387.91,
                  "Total Cost": 40386.9,
                  "Plan Rows": 203599,
                  "Plan Width": 0,
                  "Actual Startup Time": 1520.593,
                  "Actual Total Time": 3479.348,
                  "Actual Rows": 153728,
                  "Actual Loops": 4,
                  "Recheck Cond": "(keyword_id > 29747)",
                  "Rows Removed by Index Recheck": 0,
                  "Exact Heap Blocks": 5646,
                  "Lossy Heap Blocks": 0,
                  "Plans": [
                    {
                      "Node Type": "Bitmap Index Scan",
                      "Parent Relationship": "Outer",
                      "Parallel Aware": false,
                      "Index Name": "keyword_id_movie_keyword",
                      "Startup Cost": 0.0,
                      "Total Cost": 13230.12,
                      "Plan Rows": 631158,
                      "Plan Width": 0,
                      "Actual Startup Time": 1514.869,
                      "Actual Total Time": 1514.87,
                      "Actual Rows": 614912,
                      "Actual Loops": 1,
                      "Index Cond": "(keyword_id > 29747)"
                    }
                  ]
                }
              ]
            }
          ]
        }
      ]
    },
    "Planning Time": 5.311,
    "Triggers": [],
    "Execution Time": 3536.084
  }
]