{
    "Plan": {
        "Node Type": "Aggregate",
        "Strategy": "Plain",
        "Partial Mode": "Simple",
        "Parallel Aware": false,
        "Startup Cost": 50000217527.83,
        "Total Cost": 50000217527.84,
        "Plan Rows": 1,
        "Plan Width": 96,
        "Actual Startup Time": 2335.777,
        "Actual Total Time": 2347.993,
        "Actual Rows": 1,
        "Actual Loops": 1,
        "Output": [
            "min(cn.name)",
            "min(mi_idx.info)",
            "min(t.title)"
        ],
        "Plans": [
            {
                "Node Type": "Nested Loop",
                "Parent Relationship": "Outer",
                "Parallel Aware": false,
                "Join Type": "Inner",
                "Startup Cost": 50000217518.73,
                "Total Cost": 50000217527.82,
                "Plan Rows": 1,
                "Plan Width": 41,
                "Actual Startup Time": 2260.344,
                "Actual Total Time": 2344.262,
                "Actual Rows": 16659,
                "Actual Loops": 1,
                "Output": [
                    "cn.name",
                    "mi_idx.info",
                    "t.title"
                ],
                "Inner Unique": true,
                "Plans": [
                    {
                        "Node Type": "Hash Join",
                        "Parent Relationship": "Outer",
                        "Parallel Aware": false,
                        "Join Type": "Inner",
                        "Startup Cost": 40000217518.57,
                        "Total Cost": 40000217519.64,
                        "Plan Rows": 1,
                        "Plan Width": 45,
                        "Actual Startup Time": 2260.324,
                        "Actual Total Time": 2275.161,
                        "Actual Rows": 18016,
                        "Actual Loops": 1,
                        "Output": [
                            "cn.name",
                            "mi.info_type_id",
                            "mi_idx.info",
                            "t.title"
                        ],
                        "Inner Unique": false,
                        "Hash Cond": "(ct.id = mc.company_type_id)",
                        "Plans": [
                            {
                                "Node Type": "Seq Scan",
                                "Parent Relationship": "Outer",
                                "Parallel Aware": false,
                                "Relation Name": "company_type",
                                "Schema": "public",
                                "Alias": "ct",
                                "Startup Cost": 0.0,
                                "Total Cost": 1.04,
                                "Plan Rows": 4,
                                "Plan Width": 4,
                                "Actual Startup Time": 0.01,
                                "Actual Total Time": 0.013,
                                "Actual Rows": 4,
                                "Actual Loops": 1,
                                "Output": [
                                    "ct.id",
                                    "ct.kind"
                                ]
                            },
                            {
                                "Node Type": "Hash",
                                "Parent Relationship": "Inner",
                                "Parallel Aware": false,
                                "Startup Cost": 40000217518.56,
                                "Total Cost": 40000217518.56,
                                "Plan Rows": 1,
                                "Plan Width": 49,
                                "Actual Startup Time": 2260.304,
                                "Actual Total Time": 2272.516,
                                "Actual Rows": 18016,
                                "Actual Loops": 1,
                                "Output": [
                                    "cn.name",
                                    "mc.company_type_id",
                                    "mi.info_type_id",
                                    "mi_idx.info",
                                    "t.title"
                                ],
                                "Hash Buckets": 32768,
                                "Original Hash Buckets": 1024,
                                "Hash Batches": 1,
                                "Original Hash Batches": 1,
                                "Peak Memory Usage": 1692,
                                "Plans": [
                                    {
                                        "Node Type": "Nested Loop",
                                        "Parent Relationship": "Outer",
                                        "Parallel Aware": false,
                                        "Join Type": "Inner",
                                        "Startup Cost": 40000217518.32,
                                        "Total Cost": 40000217518.56,
                                        "Plan Rows": 1,
                                        "Plan Width": 49,
                                        "Actual Startup Time": 2222.218,
                                        "Actual Total Time": 2268.412,
                                        "Actual Rows": 18016,
                                        "Actual Loops": 1,
                                        "Output": [
                                            "cn.name",
                                            "mc.company_type_id",
                                            "mi.info_type_id",
                                            "mi_idx.info",
                                            "t.title"
                                        ],
                                        "Inner Unique": true,
                                        "Plans": [
                                            {
                                                "Node Type": "Merge Join",
                                                "Parent Relationship": "Outer",
                                                "Parallel Aware": false,
                                                "Join Type": "Inner",
                                                "Startup Cost": 40000217517.9,
                                                "Total Cost": 40000217518.02,
                                                "Plan Rows": 1,
                                                "Plan Width": 34,
                                                "Actual Startup Time": 2222.179,
                                                "Actual Total Time": 2239.231,
                                                "Actual Rows": 19569,
                                                "Actual Loops": 1,
                                                "Output": [
                                                    "mi_idx.info",
                                                    "mc.company_type_id",
                                                    "mc.company_id",
                                                    "mi.info_type_id",
                                                    "t.title"
                                                ],
                                                "Inner Unique": true,
                                                "Merge Cond": "(mi_idx.info_type_id = it2.id)",
                                                "Plans": [
                                                    {
                                                        "Node Type": "Sort",
                                                        "Parent Relationship": "Outer",
                                                        "Parallel Aware": false,
                                                        "Startup Cost": 30000217503.78,
                                                        "Total Cost": 30000217503.83,
                                                        "Plan Rows": 22,
                                                        "Plan Width": 38,
                                                        "Actual Startup Time": 2215.727,
                                                        "Actual Total Time": 2232.082,
                                                        "Actual Rows": 78404,
                                                        "Actual Loops": 1,
                                                        "Output": [
                                                            "mc.company_type_id",
                                                            "mc.company_id",
                                                            "mi.info_type_id",
                                                            "mi_idx.info",
                                                            "mi_idx.info_type_id",
                                                            "t.title"
                                                        ],
                                                        "Sort Key": [
                                                            "mi_idx.info_type_id"
                                                        ],
                                                        "Sort Method": "quicksort",
                                                        "Sort Space Used": 9927,
                                                        "Sort Space Type": "Memory",
                                                        "Plans": [
                                                            {
                                                                "Node Type": "Gather",
                                                                "Parent Relationship": "Outer",
                                                                "Parallel Aware": false,
                                                                "Startup Cost": 30000216756.63,
                                                                "Total Cost": 30000217503.29,
                                                                "Plan Rows": 22,
                                                                "Plan Width": 38,
                                                                "Actual Startup Time": 1801.816,
                                                                "Actual Total Time": 2212.435,
                                                                "Actual Rows": 79976,
                                                                "Actual Loops": 1,
                                                                "Output": [
                                                                    "mc.company_type_id",
                                                                    "mc.company_id",
                                                                    "mi.info_type_id",
                                                                    "mi_idx.info",
                                                                    "mi_idx.info_type_id",
                                                                    "t.title"
                                                                ],
                                                                "Workers Planned": 2,
                                                                "Workers Launched": 2,
                                                                "Single Copy": false,
                                                                "Plans": [
                                                                    {
                                                                        "Node Type": "Merge Join",
                                                                        "Parent Relationship": "Outer",
                                                                        "Parallel Aware": false,
                                                                        "Join Type": "Inner",
                                                                        "Startup Cost": 30000215756.63,
                                                                        "Total Cost": 30000216501.09,
                                                                        "Plan Rows": 9,
                                                                        "Plan Width": 38,
                                                                        "Actual Startup Time": 2000.431,
                                                                        "Actual Total Time": 2035.17,
                                                                        "Actual Rows": 26659,
                                                                        "Actual Loops": 3,
                                                                        "Output": [
                                                                            "mc.company_type_id",
                                                                            "mc.company_id",
                                                                            "mi.info_type_id",
                                                                            "mi_idx.info",
                                                                            "mi_idx.info_type_id",
                                                                            "t.title"
                                                                        ],
                                                                        "Inner Unique": false,
                                                                        "Merge Cond": "(t.id = mc.movie_id)",
                                                                        "Workers": [
                                                                            {
                                                                                "Worker Number": 0,
                                                                                "Actual Startup Time": 2082.62,
                                                                                "Actual Total Time": 2109.969,
                                                                                "Actual Rows": 24936,
                                                                                "Actual Loops": 1
                                                                            },
                                                                            {
                                                                                "Worker Number": 1,
                                                                                "Actual Startup Time": 2117.522,
                                                                                "Actual Total Time": 2162.787,
                                                                                "Actual Rows": 23291,
                                                                                "Actual Loops": 1
                                                                            }
                                                                        ],
                                                                        "Plans": [
                                                                            {
                                                                                "Node Type": "Sort",
                                                                                "Parent Relationship": "Outer",
                                                                                "Parallel Aware": false,
                                                                                "Startup Cost": 30000105091.15,
                                                                                "Total Cost": 30000105091.22,
                                                                                "Plan Rows": 30,
                                                                                "Plan Width": 46,
                                                                                "Actual Startup Time": 1091.444,
                                                                                "Actual Total Time": 1091.691,
                                                                                "Actual Rows": 4399,
                                                                                "Actual Loops": 3,
                                                                                "Output": [
                                                                                    "mk.movie_id",
                                                                                    "mi.movie_id",
                                                                                    "mi.info_type_id",
                                                                                    "mi_idx.info",
                                                                                    "mi_idx.movie_id",
                                                                                    "mi_idx.info_type_id",
                                                                                    "t.title",
                                                                                    "t.id"
                                                                                ],
                                                                                "Sort Key": [
                                                                                    "mk.movie_id"
                                                                                ],
                                                                                "Sort Method": "quicksort",
                                                                                "Sort Space Used": 702,
                                                                                "Sort Space Type": "Memory",
                                                                                "Workers": [
                                                                                    {
                                                                                        "Worker Number": 0,
                                                                                        "Actual Startup Time": 1086.184,
                                                                                        "Actual Total Time": 1086.37,
                                                                                        "Actual Rows": 4047,
                                                                                        "Actual Loops": 1
                                                                                    },
                                                                                    {
                                                                                        "Worker Number": 1,
                                                                                        "Actual Startup Time": 1088.203,
                                                                                        "Actual Total Time": 1088.559,
                                                                                        "Actual Rows": 4102,
                                                                                        "Actual Loops": 1
                                                                                    }
                                                                                ],
                                                                                "Plans": [
                                                                                    {
                                                                                        "Node Type": "Nested Loop",
                                                                                        "Parent Relationship": "Outer",
                                                                                        "Parallel Aware": false,
                                                                                        "Join Type": "Inner",
                                                                                        "Startup Cost": 30000054690.33,
                                                                                        "Total Cost": 30000105090.41,
                                                                                        "Plan Rows": 30,
                                                                                        "Plan Width": 46,
                                                                                        "Actual Startup Time": 537.713,
                                                                                        "Actual Total Time": 1087.316,
                                                                                        "Actual Rows": 4399,
                                                                                        "Actual Loops": 3,
                                                                                        "Output": [
                                                                                            "mk.movie_id",
                                                                                            "mi.movie_id",
                                                                                            "mi.info_type_id",
                                                                                            "mi_idx.info",
                                                                                            "mi_idx.movie_id",
                                                                                            "mi_idx.info_type_id",
                                                                                            "t.title",
                                                                                            "t.id"
                                                                                        ],
                                                                                        "Inner Unique": false,
                                                                                        "Join Filter": "(t.id = mi.movie_id)",
                                                                                        "Rows Removed by Join Filter": 0,
                                                                                        "Workers": [
                                                                                            {
                                                                                                "Worker Number": 0,
                                                                                                "Actual Startup Time": 546.124,
                                                                                                "Actual Total Time": 1082.031,
                                                                                                "Actual Rows": 4047,
                                                                                                "Actual Loops": 1
                                                                                            },
                                                                                            {
                                                                                                "Worker Number": 1,
                                                                                                "Actual Startup Time": 546.298,
                                                                                                "Actual Total Time": 1083.871,
                                                                                                "Actual Rows": 4102,
                                                                                                "Actual Loops": 1
                                                                                            }
                                                                                        ],
                                                                                        "Plans": [
                                                                                            {
                                                                                                "Node Type": "Nested Loop",
                                                                                                "Parent Relationship": "Outer",
                                                                                                "Parallel Aware": false,
                                                                                                "Join Type": "Inner",
                                                                                                "Startup Cost": 20000054689.55,
                                                                                                "Total Cost": 20000104997.19,
                                                                                                "Plan Rows": 17,
                                                                                                "Plan Width": 38,
                                                                                                "Actual Startup Time": 537.565,
                                                                                                "Actual Total Time": 815.521,
                                                                                                "Actual Rows": 6016,
                                                                                                "Actual Loops": 3,
                                                                                                "Output": [
                                                                                                    "mk.movie_id",
                                                                                                    "mi_idx.info",
                                                                                                    "mi_idx.movie_id",
                                                                                                    "mi_idx.info_type_id",
                                                                                                    "t.title",
                                                                                                    "t.id"
                                                                                                ],
                                                                                                "Inner Unique": true,
                                                                                                "Workers": [
                                                                                                    {
                                                                                                        "Worker Number": 0,
                                                                                                        "Actual Startup Time": 545.984,
                                                                                                        "Actual Total Time": 804.191,
                                                                                                        "Actual Rows": 5631,
                                                                                                        "Actual Loops": 1
                                                                                                    },
                                                                                                    {
                                                                                                        "Worker Number": 1,
                                                                                                        "Actual Startup Time": 546.054,
                                                                                                        "Actual Total Time": 805.247,
                                                                                                        "Actual Rows": 5734,
                                                                                                        "Actual Loops": 1
                                                                                                    }
                                                                                                ],
                                                                                                "Plans": [
                                                                                                    {
                                                                                                        "Node Type": "Hash Join",
                                                                                                        "Parent Relationship": "Outer",
                                                                                                        "Parallel Aware": true,
                                                                                                        "Join Type": "Inner",
                                                                                                        "Startup Cost": 10000054689.41,
                                                                                                        "Total Cost": 10000104762.69,
                                                                                                        "Plan Rows": 59,
                                                                                                        "Plan Width": 42,
                                                                                                        "Actual Startup Time": 535.756,
                                                                                                        "Actual Total Time": 767.231,
                                                                                                        "Actual Rows": 7483,
                                                                                                        "Actual Loops": 3,
                                                                                                        "Output": [
                                                                                                            "mk.movie_id",
                                                                                                            "mi_idx.info",
                                                                                                            "mi_idx.movie_id",
                                                                                                            "mi_idx.info_type_id",
                                                                                                            "t.title",
                                                                                                            "t.kind_id",
                                                                                                            "t.id"
                                                                                                        ],
                                                                                                        "Inner Unique": false,
                                                                                                        "Hash Cond": "(mk.movie_id = t.id)",
                                                                                                        "Workers": [
                                                                                                            {
                                                                                                                "Worker Number": 0,
                                                                                                                "Actual Startup Time": 543.719,
                                                                                                                "Actual Total Time": 760.232,
                                                                                                                "Actual Rows": 6891,
                                                                                                                "Actual Loops": 1
                                                                                                            },
                                                                                                            {
                                                                                                                "Worker Number": 1,
                                                                                                                "Actual Startup Time": 544.215,
                                                                                                                "Actual Total Time": 760.085,
                                                                                                                "Actual Rows": 7102,
                                                                                                                "Actual Loops": 1
                                                                                                            }
                                                                                                        ],
                                                                                                        "Plans": [
                                                                                                            {
                                                                                                                "Node Type": "Hash Join",
                                                                                                                "Parent Relationship": "Outer",
                                                                                                                "Parallel Aware": false,
                                                                                                                "Join Type": "Inner",
                                                                                                                "Startup Cost": 10000007336.83,
                                                                                                                "Total Cost": 10000057409.45,
                                                                                                                "Plan Rows": 135,
                                                                                                                "Plan Width": 17,
                                                                                                                "Actual Startup Time": 110.107,
                                                                                                                "Actual Total Time": 323.601,
                                                                                                                "Actual Rows": 28340,
                                                                                                                "Actual Loops": 3,
                                                                                                                "Output": [
                                                                                                                    "mk.movie_id",
                                                                                                                    "mi_idx.info",
                                                                                                                    "mi_idx.movie_id",
                                                                                                                    "mi_idx.info_type_id"
                                                                                                                ],
                                                                                                                "Inner Unique": false,
                                                                                                                "Hash Cond": "(mi_idx.movie_id = mk.movie_id)",
                                                                                                                "Workers": [
                                                                                                                    {
                                                                                                                        "Worker Number": 0,
                                                                                                                        "Actual Startup Time": 122.695,
                                                                                                                        "Actual Total Time": 322.199,
                                                                                                                        "Actual Rows": 26386,
                                                                                                                        "Actual Loops": 1
                                                                                                                    },
                                                                                                                    {
                                                                                                                        "Worker Number": 1,
                                                                                                                        "Actual Startup Time": 122.883,
                                                                                                                        "Actual Total Time": 320.344,
                                                                                                                        "Actual Rows": 26518,
                                                                                                                        "Actual Loops": 1
                                                                                                                    }
                                                                                                                ],
                                                                                                                "Plans": [
                                                                                                                    {
                                                                                                                        "Node Type": "Index Scan",
                                                                                                                        "Parent Relationship": "Outer",
                                                                                                                        "Parallel Aware": true,
                                                                                                                        "Scan Direction": "Forward",
                                                                                                                        "Index Name": "movie_id_movie_info_idx",
                                                                                                                        "Relation Name": "movie_info_idx",
                                                                                                                        "Schema": "public",
                                                                                                                        "Alias": "mi_idx",
                                                                                                                        "Startup Cost": 0.43,
                                                                                                                        "Total Cost": 47018.15,
                                                                                                                        "Plan Rows": 488568,
                                                                                                                        "Plan Width": 13,
                                                                                                                        "Actual Startup Time": 0.092,
                                                                                                                        "Actual Total Time": 150.963,
                                                                                                                        "Actual Rows": 390987,
                                                                                                                        "Actual Loops": 3,
                                                                                                                        "Output": [
                                                                                                                            "mi_idx.id",
                                                                                                                            "mi_idx.movie_id",
                                                                                                                            "mi_idx.info_type_id",
                                                                                                                            "mi_idx.info",
                                                                                                                            "mi_idx.note"
                                                                                                                        ],
                                                                                                                        "Filter": "(mi_idx.info < '7.0'::text)",
                                                                                                                        "Rows Removed by Filter": 69025,
                                                                                                                        "Workers": [
                                                                                                                            {
                                                                                                                                "Worker Number": 0,
                                                                                                                                "Actual Startup Time": 0.098,
                                                                                                                                "Actual Total Time": 141.162,
                                                                                                                                "Actual Rows": 352260,
                                                                                                                                "Actual Loops": 1
                                                                                                                            },
                                                                                                                            {
                                                                                                                                "Worker Number": 1,
                                                                                                                                "Actual Startup Time": 0.13,
                                                                                                                                "Actual Total Time": 139.001,
                                                                                                                                "Actual Rows": 348088,
                                                                                                                                "Actual Loops": 1
                                                                                                                            }
                                                                                                                        ]
                                                                                                                    },
                                                                                                                    {
                                                                                                                        "Node Type": "Hash",
                                                                                                                        "Parent Relationship": "Inner",
                                                                                                                        "Parallel Aware": false,
                                                                                                                        "Startup Cost": 10000007334.72,
                                                                                                                        "Total Cost": 10000007334.72,
                                                                                                                        "Plan Rows": 135,
                                                                                                                        "Plan Width": 4,
                                                                                                                        "Actual Startup Time": 109.806,
                                                                                                                        "Actual Total Time": 109.81,
                                                                                                                        "Actual Rows": 37091,
                                                                                                                        "Actual Loops": 3,
                                                                                                                        "Output": [
                                                                                                                            "mk.movie_id"
                                                                                                                        ],
                                                                                                                        "Hash Buckets": 65536,
                                                                                                                        "Original Hash Buckets": 1024,
                                                                                                                        "Hash Batches": 1,
                                                                                                                        "Original Hash Batches": 1,
                                                                                                                        "Peak Memory Usage": 1816,
                                                                                                                        "Workers": [
                                                                                                                            {
                                                                                                                                "Worker Number": 0,
                                                                                                                                "Actual Startup Time": 122.524,
                                                                                                                                "Actual Total Time": 122.527,
                                                                                                                                "Actual Rows": 37091,
                                                                                                                                "Actual Loops": 1
                                                                                                                            },
                                                                                                                            {
                                                                                                                                "Worker Number": 1,
                                                                                                                                "Actual Startup Time": 122.435,
                                                                                                                                "Actual Total Time": 122.439,
                                                                                                                                "Actual Rows": 37091,
                                                                                                                                "Actual Loops": 1
                                                                                                                            }
                                                                                                                        ],
                                                                                                                        "Plans": [
                                                                                                                            {
                                                                                                                                "Node Type": "Nested Loop",
                                                                                                                                "Parent Relationship": "Outer",
                                                                                                                                "Parallel Aware": false,
                                                                                                                                "Join Type": "Inner",
                                                                                                                                "Startup Cost": 10000000010.76,
                                                                                                                                "Total Cost": 10000007334.72,
                                                                                                                                "Plan Rows": 135,
                                                                                                                                "Plan Width": 4,
                                                                                                                                "Actual Startup Time": 5.19,
                                                                                                                                "Actual Total Time": 101.723,
                                                                                                                                "Actual Rows": 37091,
                                                                                                                                "Actual Loops": 3,
                                                                                                                                "Output": [
                                                                                                                                    "mk.movie_id"
                                                                                                                                ],
                                                                                                                                "Inner Unique": false,
                                                                                                                                "Workers": [
                                                                                                                                    {
                                                                                                                                        "Worker Number": 0,
                                                                                                                                        "Actual Startup Time": 5.727,
                                                                                                                                        "Actual Total Time": 113.352,
                                                                                                                                        "Actual Rows": 37091,
                                                                                                                                        "Actual Loops": 1
                                                                                                                                    },
                                                                                                                                    {
                                                                                                                                        "Worker Number": 1,
                                                                                                                                        "Actual Startup Time": 5.629,
                                                                                                                                        "Actual Total Time": 113.255,
                                                                                                                                        "Actual Rows": 37091,
                                                                                                                                        "Actual Loops": 1
                                                                                                                                    }
                                                                                                                                ],
                                                                                                                                "Plans": [
                                                                                                                                    {
                                                                                                                                        "Node Type": "Seq Scan",
                                                                                                                                        "Parent Relationship": "Outer",
                                                                                                                                        "Parallel Aware": false,
                                                                                                                                        "Relation Name": "keyword",
                                                                                                                                        "Schema": "public",
                                                                                                                                        "Alias": "k",
                                                                                                                                        "Startup Cost": 0.0,
                                                                                                                                        "Total Cost": 2961.55,
                                                                                                                                        "Plan Rows": 4,
                                                                                                                                        "Plan Width": 4,
                                                                                                                                        "Actual Startup Time": 1.258,
                                                                                                                                        "Actual Total Time": 22.903,
                                                                                                                                        "Actual Rows": 3,
                                                                                                                                        "Actual Loops": 3,
                                                                                                                                        "Output": [
                                                                                                                                            "k.id",
                                                                                                                                            "k.keyword",
                                                                                                                                            "k.phonetic_code"
                                                                                                                                        ],
                                                                                                                                        "Filter": "(k.keyword = ANY ('{murder,murder-in-title,blood,violence}'::text[]))",
                                                                                                                                        "Rows Removed by Filter": 134167,
                                                                                                                                        "Workers": [
                                                                                                                                            {
                                                                                                                                                "Worker Number": 0,
                                                                                                                                                "Actual Startup Time": 1.42,
                                                                                                                                                "Actual Total Time": 23.644,
                                                                                                                                                "Actual Rows": 3,
                                                                                                                                                "Actual Loops": 1
                                                                                                                                            },
                                                                                                                                            {
                                                                                                                                                "Worker Number": 1,
                                                                                                                                                "Actual Startup Time": 1.334,
                                                                                                                                                "Actual Total Time": 23.558,
                                                                                                                                                "Actual Rows": 3,
                                                                                                                                                "Actual Loops": 1
                                                                                                                                            }
                                                                                                                                        ]
                                                                                                                                    },
                                                                                                                                    {
                                                                                                                                        "Node Type": "Bitmap Heap Scan",
                                                                                                                                        "Parent Relationship": "Inner",
                                                                                                                                        "Parallel Aware": false,
                                                                                                                                        "Relation Name": "movie_keyword",
                                                                                                                                        "Schema": "public",
                                                                                                                                        "Alias": "mk",
                                                                                                                                        "Startup Cost": 10.76,
                                                                                                                                        "Total Cost": 1090.29,
                                                                                                                                        "Plan Rows": 300,
                                                                                                                                        "Plan Width": 8,
                                                                                                                                        "Actual Startup Time": 3.973,
                                                                                                                                        "Actual Total Time": 24.541,
                                                                                                                                        "Actual Rows": 12364,
                                                                                                                                        "Actual Loops": 9,
                                                                                                                                        "Output": [
                                                                                                                                            "mk.id",
                                                                                                                                            "mk.movie_id",
                                                                                                                                            "mk.keyword_id"
                                                                                                                                        ],
                                                                                                                                        "Recheck Cond": "(mk.keyword_id = k.id)",
                                                                                                                                        "Rows Removed by Index Recheck": 0,
                                                                                                                                        "Exact Heap Blocks": 26312,
                                                                                                                                        "Lossy Heap Blocks": 0,
                                                                                                                                        "Workers": [
                                                                                                                                            {
                                                                                                                                                "Worker Number": 0,
                                                                                                                                                "Actual Startup Time": 4.203,
                                                                                                                                                "Actual Total Time": 28.14,
                                                                                                                                                "Actual Rows": 12364,
                                                                                                                                                "Actual Loops": 3
                                                                                                                                            },
                                                                                                                                            {
                                                                                                                                                "Worker Number": 1,
                                                                                                                                                "Actual Startup Time": 4.167,
                                                                                                                                                "Actual Total Time": 28.119,
                                                                                                                                                "Actual Rows": 12364,
                                                                                                                                                "Actual Loops": 3
                                                                                                                                            }
                                                                                                                                        ],
                                                                                                                                        "Plans": [
                                                                                                                                            {
                                                                                                                                                "Node Type": "Bitmap Index Scan",
                                                                                                                                                "Parent Relationship": "Outer",
                                                                                                                                                "Parallel Aware": false,
                                                                                                                                                "Index Name": "keyword_id_movie_keyword",
                                                                                                                                                "Startup Cost": 0.0,
                                                                                                                                                "Total Cost": 10.68,
                                                                                                                                                "Plan Rows": 300,
                                                                                                                                                "Plan Width": 0,
                                                                                                                                                "Actual Startup Time": 2.391,
                                                                                                                                                "Actual Total Time": 2.391,
                                                                                                                                                "Actual Rows": 12364,
                                                                                                                                                "Actual Loops": 9,
                                                                                                                                                "Index Cond": "(mk.keyword_id = k.id)",
                                                                                                                                                "Workers": [
                                                                                                                                                    {
                                                                                                                                                        "Worker Number": 0,
                                                                                                                                                        "Actual Startup Time": 2.62,
                                                                                                                                                        "Actual Total Time": 2.62,
                                                                                                                                                        "Actual Rows": 12364,
                                                                                                                                                        "Actual Loops": 3
                                                                                                                                                    },
                                                                                                                                                    {
                                                                                                                                                        "Worker Number": 1,
                                                                                                                                                        "Actual Startup Time": 2.585,
                                                                                                                                                        "Actual Total Time": 2.585,
                                                                                                                                                        "Actual Rows": 12364,
                                                                                                                                                        "Actual Loops": 3
                                                                                                                                                    }
                                                                                                                                                ]
                                                                                                                                            }
                                                                                                                                        ]
                                                                                                                                    }
                                                                                                                                ]
                                                                                                                            }
                                                                                                                        ]
                                                                                                                    }
                                                                                                                ]
                                                                                                            },
                                                                                                            {
                                                                                                                "Node Type": "Hash",
                                                                                                                "Parent Relationship": "Inner",
                                                                                                                "Parallel Aware": true,
                                                                                                                "Startup Cost": 43899.01,
                                                                                                                "Total Cost": 43899.01,
                                                                                                                "Plan Rows": 276286,
                                                                                                                "Plan Width": 25,
                                                                                                                "Actual Startup Time": 418.045,
                                                                                                                "Actual Total Time": 418.046,
                                                                                                                "Actual Rows": 369308,
                                                                                                                "Actual Loops": 3,
                                                                                                                "Output": [
                                                                                                                    "t.title",
                                                                                                                    "t.kind_id",
                                                                                                                    "t.id"
                                                                                                                ],
                                                                                                                "Hash Buckets": 2097152,
                                                                                                                "Original Hash Buckets": 2097152,
                                                                                                                "Hash Batches": 1,
                                                                                                                "Original Hash Batches": 1,
                                                                                                                "Peak Memory Usage": 81984,
                                                                                                                "Workers": [
                                                                                                                    {
                                                                                                                        "Worker Number": 0,
                                                                                                                        "Actual Startup Time": 420.362,
                                                                                                                        "Actual Total Time": 420.364,
                                                                                                                        "Actual Rows": 343915,
                                                                                                                        "Actual Loops": 1
                                                                                                                    },
                                                                                                                    {
                                                                                                                        "Worker Number": 1,
                                                                                                                        "Actual Startup Time": 420.648,
                                                                                                                        "Actual Total Time": 420.65,
                                                                                                                        "Actual Rows": 343228,
                                                                                                                        "Actual Loops": 1
                                                                                                                    }
                                                                                                                ],
                                                                                                                "Plans": [
                                                                                                                    {
                                                                                                                        "Node Type": "Seq Scan",
                                                                                                                        "Parent Relationship": "Outer",
                                                                                                                        "Parallel Aware": true,
                                                                                                                        "Relation Name": "title",
                                                                                                                        "Schema": "public",
                                                                                                                        "Alias": "t",
                                                                                                                        "Startup Cost": 0.0,
                                                                                                                        "Total Cost": 43899.01,
                                                                                                                        "Plan Rows": 276286,
                                                                                                                        "Plan Width": 25,
                                                                                                                        "Actual Startup Time": 0.067,
                                                                                                                        "Actual Total Time": 177.058,
                                                                                                                        "Actual Rows": 369308,
                                                                                                                        "Actual Loops": 3,
                                                                                                                        "Output": [
                                                                                                                            "t.title",
                                                                                                                            "t.kind_id",
                                                                                                                            "t.id"
                                                                                                                        ],
                                                                                                                        "Filter": "(t.production_year > 2004)",
                                                                                                                        "Rows Removed by Filter": 473462,
                                                                                                                        "Workers": [
                                                                                                                            {
                                                                                                                                "Worker Number": 0,
                                                                                                                                "Actual Startup Time": 0.094,
                                                                                                                                "Actual Total Time": 182.688,
                                                                                                                                "Actual Rows": 343915,
                                                                                                                                "Actual Loops": 1
                                                                                                                            },
                                                                                                                            {
                                                                                                                                "Worker Number": 1,
                                                                                                                                "Actual Startup Time": 0.092,
                                                                                                                                "Actual Total Time": 182.205,
                                                                                                                                "Actual Rows": 343228,
                                                                                                                                "Actual Loops": 1
                                                                                                                            }
                                                                                                                        ]
                                                                                                                    }
                                                                                                                ]
                                                                                                            }
                                                                                                        ]
                                                                                                    },
                                                                                                    {
                                                                                                        "Node Type": "Bitmap Heap Scan",
                                                                                                        "Parent Relationship": "Inner",
                                                                                                        "Parallel Aware": false,
                                                                                                        "Relation Name": "kind_type",
                                                                                                        "Schema": "public",
                                                                                                        "Alias": "kt",
                                                                                                        "Startup Cost": 0.14,
                                                                                                        "Total Cost": 4.16,
                                                                                                        "Plan Rows": 1,
                                                                                                        "Plan Width": 4,
                                                                                                        "Actual Startup Time": 0.003,
                                                                                                        "Actual Total Time": 0.003,
                                                                                                        "Actual Rows": 1,
                                                                                                        "Actual Loops": 22448,
                                                                                                        "Output": [
                                                                                                            "kt.id",
                                                                                                            "kt.kind"
                                                                                                        ],
                                                                                                        "Recheck Cond": "(kt.id = t.kind_id)",
                                                                                                        "Rows Removed by Index Recheck": 0,
                                                                                                        "Filter": "((kt.kind)::text = ANY ('{movie,episode}'::text[]))",
                                                                                                        "Rows Removed by Filter": 0,
                                                                                                        "Exact Heap Blocks": 8455,
                                                                                                        "Lossy Heap Blocks": 0,
                                                                                                        "Workers": [
                                                                                                            {
                                                                                                                "Worker Number": 0,
                                                                                                                "Actual Startup Time": 0.003,
                                                                                                                "Actual Total Time": 0.003,
                                                                                                                "Actual Rows": 1,
                                                                                                                "Actual Loops": 6891
                                                                                                            },
                                                                                                            {
                                                                                                                "Worker Number": 1,
                                                                                                                "Actual Startup Time": 0.003,
                                                                                                                "Actual Total Time": 0.003,
                                                                                                                "Actual Rows": 1,
                                                                                                                "Actual Loops": 7102
                                                                                                            }
                                                                                                        ],
                                                                                                        "Plans": [
                                                                                                            {
                                                                                                                "Node Type": "Bitmap Index Scan",
                                                                                                                "Parent Relationship": "Outer",
                                                                                                                "Parallel Aware": false,
                                                                                                                "Index Name": "kind_type_pkey",
                                                                                                                "Startup Cost": 0.0,
                                                                                                                "Total Cost": 0.14,
                                                                                                                "Plan Rows": 1,
                                                                                                                "Plan Width": 0,
                                                                                                                "Actual Startup Time": 0.002,
                                                                                                                "Actual Total Time": 0.002,
                                                                                                                "Actual Rows": 1,
                                                                                                                "Actual Loops": 22448,
                                                                                                                "Index Cond": "(kt.id = t.kind_id)",
                                                                                                                "Workers": [
                                                                                                                    {
                                                                                                                        "Worker Number": 0,
                                                                                                                        "Actual Startup Time": 0.002,
                                                                                                                        "Actual Total Time": 0.002,
                                                                                                                        "Actual Rows": 1,
                                                                                                                        "Actual Loops": 6891
                                                                                                                    },
                                                                                                                    {
                                                                                                                        "Worker Number": 1,
                                                                                                                        "Actual Startup Time": 0.002,
                                                                                                                        "Actual Total Time": 0.002,
                                                                                                                        "Actual Rows": 1,
                                                                                                                        "Actual Loops": 7102
                                                                                                                    }
                                                                                                                ]
                                                                                                            }
                                                                                                        ]
                                                                                                    }
                                                                                                ]
                                                                                            },
                                                                                            {
                                                                                                "Node Type": "Bitmap Heap Scan",
                                                                                                "Parent Relationship": "Inner",
                                                                                                "Parallel Aware": false,
                                                                                                "Relation Name": "movie_info",
                                                                                                "Schema": "public",
                                                                                                "Alias": "mi",
                                                                                                "Startup Cost": 0.78,
                                                                                                "Total Cost": 5.46,
                                                                                                "Plan Rows": 2,
                                                                                                "Plan Width": 8,
                                                                                                "Actual Startup Time": 0.039,
                                                                                                "Actual Total Time": 0.042,
                                                                                                "Actual Rows": 1,
                                                                                                "Actual Loops": 18048,
                                                                                                "Output": [
                                                                                                    "mi.id",
                                                                                                    "mi.movie_id",
                                                                                                    "mi.info_type_id",
                                                                                                    "mi.info",
                                                                                                    "mi.note"
                                                                                                ],
                                                                                                "Recheck Cond": "(mi.movie_id = mk.movie_id)",
                                                                                                "Rows Removed by Index Recheck": 0,
                                                                                                "Filter": "(mi.info = ANY ('{Germany,German,USA,American}'::text[]))",
                                                                                                "Rows Removed by Filter": 71,
                                                                                                "Exact Heap Blocks": 95998,
                                                                                                "Lossy Heap Blocks": 0,
                                                                                                "Workers": [
                                                                                                    {
                                                                                                        "Worker Number": 0,
                                                                                                        "Actual Startup Time": 0.043,
                                                                                                        "Actual Total Time": 0.046,
                                                                                                        "Actual Rows": 1,
                                                                                                        "Actual Loops": 5631
                                                                                                    },
                                                                                                    {
                                                                                                        "Worker Number": 1,
                                                                                                        "Actual Startup Time": 0.042,
                                                                                                        "Actual Total Time": 0.046,
                                                                                                        "Actual Rows": 1,
                                                                                                        "Actual Loops": 5734
                                                                                                    }
                                                                                                ],
                                                                                                "Plans": [
                                                                                                    {
                                                                                                        "Node Type": "Bitmap Index Scan",
                                                                                                        "Parent Relationship": "Outer",
                                                                                                        "Parallel Aware": false,
                                                                                                        "Index Name": "movie_id_movie_info",
                                                                                                        "Startup Cost": 0.0,
                                                                                                        "Total Cost": 0.78,
                                                                                                        "Plan Rows": 39,
                                                                                                        "Plan Width": 0,
                                                                                                        "Actual Startup Time": 0.009,
                                                                                                        "Actual Total Time": 0.009,
                                                                                                        "Actual Rows": 72,
                                                                                                        "Actual Loops": 18048,
                                                                                                        "Index Cond": "(mi.movie_id = mk.movie_id)",
                                                                                                        "Workers": [
                                                                                                            {
                                                                                                                "Worker Number": 0,
                                                                                                                "Actual Startup Time": 0.009,
                                                                                                                "Actual Total Time": 0.009,
                                                                                                                "Actual Rows": 76,
                                                                                                                "Actual Loops": 5631
                                                                                                            },
                                                                                                            {
                                                                                                                "Worker Number": 1,
                                                                                                                "Actual Startup Time": 0.009,
                                                                                                                "Actual Total Time": 0.009,
                                                                                                                "Actual Rows": 70,
                                                                                                                "Actual Loops": 5734
                                                                                                            }
                                                                                                        ]
                                                                                                    }
                                                                                                ]
                                                                                            }
                                                                                        ]
                                                                                    }
                                                                                ]
                                                                            },
                                                                            {
                                                                                "Node Type": "Sort",
                                                                                "Parent Relationship": "Inner",
                                                                                "Parallel Aware": false,
                                                                                "Startup Cost": 110665.48,
                                                                                "Total Cost": 111037.62,
                                                                                "Plan Rows": 148857,
                                                                                "Plan Width": 12,
                                                                                "Actual Startup Time": 907.431,
                                                                                "Actual Total Time": 921.453,
                                                                                "Actual Rows": 325044,
                                                                                "Actual Loops": 3,
                                                                                "Output": [
                                                                                    "mc.movie_id",
                                                                                    "mc.company_type_id",
                                                                                    "mc.company_id"
                                                                                ],
                                                                                "Sort Key": [
                                                                                    "mc.movie_id"
                                                                                ],
                                                                                "Sort Method": "quicksort",
                                                                                "Sort Space Used": 26504,
                                                                                "Sort Space Type": "Memory",
                                                                                "Workers": [
                                                                                    {
                                                                                        "Worker Number": 0,
                                                                                        "Actual Startup Time": 994.71,
                                                                                        "Actual Total Time": 1005.93,
                                                                                        "Actual Rows": 323370,
                                                                                        "Actual Loops": 1
                                                                                    },
                                                                                    {
                                                                                        "Worker Number": 1,
                                                                                        "Actual Startup Time": 1026.724,
                                                                                        "Actual Total Time": 1045.056,
                                                                                        "Actual Rows": 322483,
                                                                                        "Actual Loops": 1
                                                                                    }
                                                                                ],
                                                                                "Plans": [
                                                                                    {
                                                                                        "Node Type": "Index Scan",
                                                                                        "Parent Relationship": "Outer",
                                                                                        "Parallel Aware": false,
                                                                                        "Scan Direction": "Forward",
                                                                                        "Index Name": "company_type_id_movie_companies",
                                                                                        "Relation Name": "movie_companies",
                                                                                        "Schema": "public",
                                                                                        "Alias": "mc",
                                                                                        "Startup Cost": 0.43,
                                                                                        "Total Cost": 97876.01,
                                                                                        "Plan Rows": 148857,
                                                                                        "Plan Width": 12,
                                                                                        "Actual Startup Time": 0.046,
                                                                                        "Actual Total Time": 812.911,
                                                                                        "Actual Rows": 303271,
                                                                                        "Actual Loops": 3,
                                                                                        "Output": [
                                                                                            "mc.movie_id",
                                                                                            "mc.company_type_id",
                                                                                            "mc.company_id"
                                                                                        ],
                                                                                        "Filter": "((mc.note !~~ '%(USA)%'::text) AND (mc.note ~~ '%(200%)%'::text))",
                                                                                        "Rows Removed by Filter": 2305858,
                                                                                        "Workers": [
                                                                                            {
                                                                                                "Worker Number": 0,
                                                                                                "Actual Startup Time": 0.067,
                                                                                                "Actual Total Time": 893.573,
                                                                                                "Actual Rows": 303271,
                                                                                                "Actual Loops": 1
                                                                                            },
                                                                                            {
                                                                                                "Worker Number": 1,
                                                                                                "Actual Startup Time": 0.049,
                                                                                                "Actual Total Time": 913.374,
                                                                                                "Actual Rows": 303271,
                                                                                                "Actual Loops": 1
                                                                                            }
                                                                                        ]
                                                                                    }
                                                                                ]
                                                                            }
                                                                        ]
                                                                    }
                                                                ]
                                                            }
                                                        ]
                                                    },
                                                    {
                                                        "Node Type": "Index Scan",
                                                        "Parent Relationship": "Inner",
                                                        "Parallel Aware": false,
                                                        "Scan Direction": "Forward",
                                                        "Index Name": "info_type_pkey",
                                                        "Relation Name": "info_type",
                                                        "Schema": "public",
                                                        "Alias": "it2",
                                                        "Startup Cost": 10000000000.14,
                                                        "Total Cost": 10000000014.12,
                                                        "Plan Rows": 1,
                                                        "Plan Width": 4,
                                                        "Actual Startup Time": 0.044,
                                                        "Actual Total Time": 0.047,
                                                        "Actual Rows": 1,
                                                        "Actual Loops": 1,
                                                        "Output": [
                                                            "it2.id",
                                                            "it2.info"
                                                        ],
                                                        "Filter": "((it2.info)::text = 'rating'::text)",
                                                        "Rows Removed by Filter": 112
                                                    }
                                                ]
                                            },
                                            {
                                                "Node Type": "Index Scan",
                                                "Parent Relationship": "Inner",
                                                "Parallel Aware": false,
                                                "Scan Direction": "Forward",
                                                "Index Name": "company_name_pkey",
                                                "Relation Name": "company_name",
                                                "Schema": "public",
                                                "Alias": "cn",
                                                "Startup Cost": 0.42,
                                                "Total Cost": 0.54,
                                                "Plan Rows": 1,
                                                "Plan Width": 23,
                                                "Actual Startup Time": 0.001,
                                                "Actual Total Time": 0.001,
                                                "Actual Rows": 1,
                                                "Actual Loops": 19569,
                                                "Output": [
                                                    "cn.id",
                                                    "cn.name",
                                                    "cn.country_code",
                                                    "cn.imdb_id",
                                                    "cn.name_pcode_nf",
                                                    "cn.name_pcode_sf",
                                                    "cn.md5sum"
                                                ],
                                                "Index Cond": "(cn.id = mc.company_id)",
                                                "Rows Removed by Index Recheck": 0,
                                                "Filter": "((cn.country_code)::text <> '[us]'::text)",
                                                "Rows Removed by Filter": 0
                                            }
                                        ]
                                    }
                                ]
                            }
                        ]
                    },
                    {
                        "Node Type": "Bitmap Heap Scan",
                        "Parent Relationship": "Inner",
                        "Parallel Aware": false,
                        "Relation Name": "info_type",
                        "Schema": "public",
                        "Alias": "it1",
                        "Startup Cost": 0.15,
                        "Total Cost": 4.17,
                        "Plan Rows": 1,
                        "Plan Width": 4,
                        "Actual Startup Time": 0.002,
                        "Actual Total Time": 0.002,
                        "Actual Rows": 1,
                        "Actual Loops": 18016,
                        "Output": [
                            "it1.id",
                            "it1.info"
                        ],
                        "Recheck Cond": "(it1.id = mi.info_type_id)",
                        "Rows Removed by Index Recheck": 0,
                        "Filter": "((it1.info)::text = 'countries'::text)",
                        "Rows Removed by Filter": 0,
                        "Exact Heap Blocks": 18016,
                        "Lossy Heap Blocks": 0,
                        "Plans": [
                            {
                                "Node Type": "Bitmap Index Scan",
                                "Parent Relationship": "Outer",
                                "Parallel Aware": false,
                                "Index Name": "info_type_pkey",
                                "Startup Cost": 0.0,
                                "Total Cost": 0.15,
                                "Plan Rows": 1,
                                "Plan Width": 0,
                                "Actual Startup Time": 0.001,
                                "Actual Total Time": 0.001,
                                "Actual Rows": 1,
                                "Actual Loops": 18016,
                                "Index Cond": "(it1.id = mi.info_type_id)"
                            }
                        ]
                    }
                ]
            }
        ]
    },
    "Planning Time": 32.799,
    "Triggers": [],
    "Execution Time": 2348.209
}