{
  "Plan": {
    "Node Type": "Aggregate",
    "Strategy": "Plain",
    "Partial Mode": "Simple",
    "Parallel Aware": false,
    "Startup Cost": 3530.02,
    "Total Cost": 3530.03,
    "Plan Rows": 1,
    "Plan Width": 8,
    "Actual Startup Time": 165.633,
    "Actual Total Time": 165.636,
    "Actual Rows": 1,
    "Actual Loops": 1,
    "Plans": [
      {
        "Node Type": "Nested Loop",
        "Parent Relationship": "Outer",
        "Parallel Aware": false,
        "Join Type": "Inner",
        "Startup Cost": 7.35,
        "Total Cost": 3527.53,
        "Plan Rows": 997,
        "Plan Width": 0,
        "Actual Startup Time": 1.314,
        "Actual Total Time": 164.802,
        "Actual Rows": 11731,
        "Actual Loops": 1,
        "Inner Unique": false,
        "Plans": [
          {
            "Node Type": "Nested Loop",
            "Parent Relationship": "Outer",
            "Parallel Aware": false,
            "Join Type": "Inner",
            "Startup Cost": 6.78,
            "Total Cost": 3005.96,
            "Plan Rows": 248,
            "Plan Width": 8,
            "Actual Startup Time": 1.211,
            "Actual Total Time": 14.149,
            "Actual Rows": 1704,
            "Actual Loops": 1,
            "Inner Unique": true,
            "Plans": [
              {
                "Node Type": "Bitmap Heap Scan",
                "Parent Relationship": "Outer",
                "Parallel Aware": false,
                "Relation Name": "movie_keyword",
                "Alias": "mk",
                "Startup Cost": 6.35,
                "Total Cost": 922.98,
                "Plan Rows": 248,
                "Plan Width": 4,
                "Actual Startup Time": 1.153,
                "Actual Total Time": 4.061,
                "Actual Rows": 1704,
                "Actual Loops": 1,
                "Recheck Cond": "(keyword_id = 793)",
                "Rows Removed by Index Recheck": 0,
                "Exact Heap Blocks": 1492,
                "Lossy Heap Blocks": 0,
                "Plans": [
                  {
                    "Node Type": "Bitmap Index Scan",
                    "Parent Relationship": "Outer",
                    "Parallel Aware": false,
                    "Index Name": "keyword_id_movie_keyword",
                    "Startup Cost": 0.0,
                    "Total Cost": 6.29,
                    "Plan Rows": 248,
                    "Plan Width": 0,
                    "Actual Startup Time": 0.582,
                    "Actual Total Time": 0.583,
                    "Actual Rows": 1704,
                    "Actual Loops": 1,
                    "Index Cond": "(keyword_id = 793)"
                  }
                ]
              },
              {
                "Node Type": "Index Only Scan",
                "Parent Relationship": "Inner",
                "Parallel Aware": false,
                "Scan Direction": "Forward",
                "Index Name": "title_pkey",
                "Relation Name": "title",
                "Alias": "t",
                "Startup Cost": 0.43,
                "Total Cost": 8.4,
                "Plan Rows": 1,
                "Plan Width": 4,
                "Actual Startup Time": 0.005,
                "Actual Total Time": 0.005,
                "Actual Rows": 1,
                "Actual Loops": 1704,
                "Index Cond": "(id = mk.movie_id)",
                "Rows Removed by Index Recheck": 0,
                "Heap Fetches": 1704
              }
            ]
          },
          {
            "Node Type": "Index Scan",
            "Parent Relationship": "Inner",
            "Parallel Aware": false,
            "Scan Direction": "Forward",
            "Index Name": "movie_id_cast_info",
            "Relation Name": "cast_info",
            "Alias": "ci",
            "Startup Cost": 0.56,
            "Total Cost": 2.0,
            "Plan Rows": 10,
            "Plan Width": 4,
            "Actual Startup Time": 0.055,
            "Actual Total Time": 0.088,
            "Actual Rows": 7,
            "Actual Loops": 1704,
            "Index Cond": "(movie_id = t.id)",
            "Rows Removed by Index Recheck": 0,
            "Filter": "((person_id > 2533511) AND (role_id < 10))",
            "Rows Removed by Filter": 54
          }
        ]
      }
    ]
  },
  "Planning Time": 0.908,
  "Triggers": [],
  "Execution Time": 165.727
}