[
    {
        "Bao": {
            "Bao prediction": "NaN",
            "Bao recommended hint": "(no hint)"
        }
    },
    {
        "Plan": {
            "Node Type": "Aggregate",
            "Strategy": "Plain",
            "Partial Mode": "Finalize",
            "Parallel Aware": false,
            "Startup Cost": 288220.3,
            "Total Cost": 288220.31,
            "Plan Rows": 1,
            "Plan Width": 8,
            "Actual Startup Time": 134.895,
            "Actual Total Time": 140.296,
            "Actual Rows": 1,
            "Actual Loops": 1,
            "Output": [
                "count(*)"
            ],
            "Plans": [
                {
                    "Node Type": "Gather",
                    "Parent Relationship": "Outer",
                    "Parallel Aware": false,
                    "Startup Cost": 288219.68,
                    "Total Cost": 288220.29,
                    "Plan Rows": 6,
                    "Plan Width": 8,
                    "Actual Startup Time": 134.594,
                    "Actual Total Time": 140.289,
                    "Actual Rows": 7,
                    "Actual Loops": 1,
                    "Output": [
                        "(PARTIAL count(*))"
                    ],
                    "Workers Planned": 6,
                    "Workers Launched": 6,
                    "Single Copy": false,
                    "Plans": [
                        {
                            "Node Type": "Aggregate",
                            "Strategy": "Plain",
                            "Partial Mode": "Partial",
                            "Parent Relationship": "Outer",
                            "Parallel Aware": false,
                            "Startup Cost": 287219.68,
                            "Total Cost": 287219.69,
                            "Plan Rows": 1,
                            "Plan Width": 8,
                            "Actual Startup Time": 124.573,
                            "Actual Total Time": 124.574,
                            "Actual Rows": 1,
                            "Actual Loops": 7,
                            "Output": [
                                "PARTIAL count(*)"
                            ],
                            "Workers": [
                                {
                                    "Worker Number": 0,
                                    "Actual Startup Time": 122.306,
                                    "Actual Total Time": 122.307,
                                    "Actual Rows": 1,
                                    "Actual Loops": 1
                                },
                                {
                                    "Worker Number": 1,
                                    "Actual Startup Time": 122.549,
                                    "Actual Total Time": 122.551,
                                    "Actual Rows": 1,
                                    "Actual Loops": 1
                                },
                                {
                                    "Worker Number": 2,
                                    "Actual Startup Time": 122.599,
                                    "Actual Total Time": 122.601,
                                    "Actual Rows": 1,
                                    "Actual Loops": 1
                                },
                                {
                                    "Worker Number": 3,
                                    "Actual Startup Time": 123.271,
                                    "Actual Total Time": 123.273,
                                    "Actual Rows": 1,
                                    "Actual Loops": 1
                                },
                                {
                                    "Worker Number": 4,
                                    "Actual Startup Time": 123.523,
                                    "Actual Total Time": 123.525,
                                    "Actual Rows": 1,
                                    "Actual Loops": 1
                                },
                                {
                                    "Worker Number": 5,
                                    "Actual Startup Time": 123.533,
                                    "Actual Total Time": 123.534,
                                    "Actual Rows": 1,
                                    "Actual Loops": 1
                                }
                            ],
                            "Plans": [
                                {
                                    "Node Type": "Bitmap Heap Scan",
                                    "Parent Relationship": "Outer",
                                    "Parallel Aware": true,
                                    "Relation Name": "cast_info",
                                    "Schema": "public",
                                    "Alias": "ci",
                                    "Startup Cost": 30811.91,
                                    "Total Cost": 287013.45,
                                    "Plan Rows": 82490,
                                    "Plan Width": 0,
                                    "Actual Startup Time": 47.028,
                                    "Actual Total Time": 114.122,
                                    "Actual Rows": 146341,
                                    "Actual Loops": 7,
                                    "Recheck Cond": "(ci.person_id < 143124)",
                                    "Rows Removed by Index Recheck": 0,
                                    "Filter": "(ci.role_id < 2)",
                                    "Rows Removed by Filter": 57255,
                                    "Exact Heap Blocks": 4178,
                                    "Lossy Heap Blocks": 0,
                                    "Workers": [
                                        {
                                            "Worker Number": 0,
                                            "Actual Startup Time": 45.209,
                                            "Actual Total Time": 112.051,
                                            "Actual Rows": 107424,
                                            "Actual Loops": 1
                                        },
                                        {
                                            "Worker Number": 1,
                                            "Actual Startup Time": 45.164,
                                            "Actual Total Time": 112.071,
                                            "Actual Rows": 108376,
                                            "Actual Loops": 1
                                        },
                                        {
                                            "Worker Number": 2,
                                            "Actual Startup Time": 44.96,
                                            "Actual Total Time": 112.074,
                                            "Actual Rows": 108340,
                                            "Actual Loops": 1
                                        },
                                        {
                                            "Worker Number": 3,
                                            "Actual Startup Time": 45.646,
                                            "Actual Total Time": 113.012,
                                            "Actual Rows": 133071,
                                            "Actual Loops": 1
                                        },
                                        {
                                            "Worker Number": 4,
                                            "Actual Startup Time": 46.06,
                                            "Actual Total Time": 113.38,
                                            "Actual Rows": 131468,
                                            "Actual Loops": 1
                                        },
                                        {
                                            "Worker Number": 5,
                                            "Actual Startup Time": 45.986,
                                            "Actual Total Time": 113.347,
                                            "Actual Rows": 133070,
                                            "Actual Loops": 1
                                        }
                                    ],
                                    "Plans": [
                                        {
                                            "Node Type": "Bitmap Index Scan",
                                            "Parent Relationship": "Outer",
                                            "Parallel Aware": false,
                                            "Index Name": "person_id_cast_info",
                                            "Startup Cost": 0.0,
                                            "Total Cost": 30688.18,
                                            "Plan Rows": 1405815,
                                            "Plan Width": 0,
                                            "Actual Startup Time": 53.958,
                                            "Actual Total Time": 53.958,
                                            "Actual Rows": 1425172,
                                            "Actual Loops": 1,
                                            "Index Cond": "(ci.person_id < 143124)"
                                        }
                                    ]
                                }
                            ]
                        }
                    ]
                }
            ]
        },
        "Planning Time": 184.521,
        "Triggers": [],
        "Execution Time": 140.353
    }
]