{
  "Plan": {
    "Node Type": "Aggregate",
    "Strategy": "Plain",
    "Partial Mode": "Finalize",
    "Parallel Aware": false,
    "Startup Cost": 669079.66,
    "Total Cost": 669079.67,
    "Plan Rows": 1,
    "Plan Width": 8,
    "Actual Startup Time": 5350.027,
    "Actual Total Time": 5406.6,
    "Actual Rows": 1,
    "Actual Loops": 1,
    "Plans": [
      {
        "Node Type": "Gather",
        "Parent Relationship": "Outer",
        "Parallel Aware": false,
        "Startup Cost": 669079.54,
        "Total Cost": 669079.65,
        "Plan Rows": 1,
        "Plan Width": 8,
        "Actual Startup Time": 5345.247,
        "Actual Total Time": 5406.592,
        "Actual Rows": 2,
        "Actual Loops": 1,
        "Workers Planned": 1,
        "Workers Launched": 1,
        "Single Copy": false,
        "Plans": [
          {
            "Node Type": "Aggregate",
            "Strategy": "Plain",
            "Partial Mode": "Partial",
            "Parent Relationship": "Outer",
            "Parallel Aware": false,
            "Startup Cost": 668079.54,
            "Total Cost": 668079.55,
            "Plan Rows": 1,
            "Plan Width": 8,
            "Actual Startup Time": 5338.92,
            "Actual Total Time": 5338.938,
            "Actual Rows": 1,
            "Actual Loops": 2,
            "Plans": [
              {
                "Node Type": "Hash Join",
                "Parent Relationship": "Outer",
                "Parallel Aware": true,
                "Join Type": "Inner",
                "Startup Cost": 103775.91,
                "Total Cost": 662533.38,
                "Plan Rows": 2218464,
                "Plan Width": 0,
                "Actual Startup Time": 795.354,
                "Actual Total Time": 5056.089,
                "Actual Rows": 6379259,
                "Actual Loops": 2,
                "Inner Unique": false,
                "Hash Cond": "(ci.movie_id = t.id)",
                "Plans": [
                  {
                    "Node Type": "Seq Scan",
                    "Parent Relationship": "Outer",
                    "Parallel Aware": true,
                    "Relation Name": "cast_info",
                    "Alias": "ci",
                    "Startup Cost": 0.0,
                    "Total Cost": 465792.95,
                    "Plan Rows": 21310595,
                    "Plan Width": 4,
                    "Actual Startup Time": 0.016,
                    "Actual Total Time": 1470.805,
                    "Actual Rows": 18122172,
                    "Actual Loops": 2
                  },
                  {
                    "Node Type": "Hash",
                    "Parent Relationship": "Inner",
                    "Parallel Aware": true,
                    "Startup Cost": 101840.62,
                    "Total Cost": 101840.62,
                    "Plan Rows": 154823,
                    "Plan Width": 8,
                    "Actual Startup Time": 789.814,
                    "Actual Total Time": 789.831,
                    "Actual Rows": 127498,
                    "Actual Loops": 2,
                    "Hash Buckets": 524288,
                    "Original Hash Buckets": 524288,
                    "Hash Batches": 1,
                    "Original Hash Batches": 1,
                    "Peak Memory Usage": 14112,
                    "Plans": [
                      {
                        "Node Type": "Hash Join",
                        "Parent Relationship": "Outer",
                        "Parallel Aware": true,
                        "Join Type": "Inner",
                        "Startup Cost": 75044.92,
                        "Total Cost": 101840.62,
                        "Plan Rows": 154823,
                        "Plan Width": 8,
                        "Actual Startup Time": 649.104,
                        "Actual Total Time": 754.334,
                        "Actual Rows": 127498,
                        "Actual Loops": 2,
                        "Inner Unique": true,
                        "Hash Cond": "(mk.movie_id = t.id)",
                        "Plans": [
                          {
                            "Node Type": "Bitmap Heap Scan",
                            "Parent Relationship": "Outer",
                            "Parallel Aware": true,
                            "Relation Name": "movie_keyword",
                            "Alias": "mk",
                            "Startup Cost": 5584.22,
                            "Total Cost": 31973.51,
                            "Plan Rows": 154823,
                            "Plan Width": 4,
                            "Actual Startup Time": 16.385,
                            "Actual Total Time": 76.26,
                            "Actual Rows": 127498,
                            "Actual Loops": 2,
                            "Recheck Cond": "(keyword_id > 59978)",
                            "Rows Removed by Index Recheck": 0,
                            "Exact Heap Blocks": 13721,
                            "Lossy Heap Blocks": 0,
                            "Plans": [
                              {
                                "Node Type": "Bitmap Index Scan",
                                "Parent Relationship": "Outer",
                                "Parallel Aware": false,
                                "Index Name": "keyword_id_movie_keyword",
                                "Startup Cost": 0.0,
                                "Total Cost": 5518.43,
                                "Plan Rows": 263199,
                                "Plan Width": 0,
                                "Actual Startup Time": 13.295,
                                "Actual Total Time": 13.295,
                                "Actual Rows": 254995,
                                "Actual Loops": 1,
                                "Index Cond": "(keyword_id > 59978)"
                              }
                            ]
                          },
                          {
                            "Node Type": "Hash",
                            "Parent Relationship": "Inner",
                            "Parallel Aware": true,
                            "Startup Cost": 50870.31,
                            "Total Cost": 50870.31,
                            "Plan Rows": 1487231,
                            "Plan Width": 4,
                            "Actual Startup Time": 614.594,
                            "Actual Total Time": 614.595,
                            "Actual Rows": 1264156,
                            "Actual Loops": 2,
                            "Hash Buckets": 4194304,
                            "Original Hash Buckets": 4194304,
                            "Hash Batches": 1,
                            "Original Hash Batches": 1,
                            "Peak Memory Usage": 131712,
                            "Plans": [
                              {
                                "Node Type": "Seq Scan",
                                "Parent Relationship": "Outer",
                                "Parallel Aware": true,
                                "Relation Name": "title",
                                "Alias": "t",
                                "Startup Cost": 0.0,
                                "Total Cost": 50870.31,
                                "Plan Rows": 1487231,
                                "Plan Width": 4,
                                "Actual Startup Time": 0.034,
                                "Actual Total Time": 178.458,
                                "Actual Rows": 1264156,
                                "Actual Loops": 2
                              }
                            ]
                          }
                        ]
                      }
                    ]
                  }
                ]
              }
            ]
          }
        ]
      }
    ]
  },
  "Planning Time": 1.103,
  "Triggers": [],
  "Execution Time": 5406.714
}