[
    {
        "Bao": {
            "Bao prediction": 673.497,
            "Bao recommended hint": "(no hint)"
        }
    },
    {
        "Plan": {
            "Node Type": "Aggregate",
            "Strategy": "Plain",
            "Partial Mode": "Finalize",
            "Parallel Aware": false,
            "Startup Cost": 43426.38,
            "Total Cost": 43426.39,
            "Plan Rows": 1,
            "Plan Width": 8,
            "Actual Startup Time": 147.896,
            "Actual Total Time": 154.991,
            "Actual Rows": 1,
            "Actual Loops": 1,
            "Output": [
                "count(*)"
            ],
            "Plans": [
                {
                    "Node Type": "Gather",
                    "Parent Relationship": "Outer",
                    "Parallel Aware": false,
                    "Startup Cost": 43426.06,
                    "Total Cost": 43426.37,
                    "Plan Rows": 3,
                    "Plan Width": 8,
                    "Actual Startup Time": 147.678,
                    "Actual Total Time": 154.983,
                    "Actual Rows": 4,
                    "Actual Loops": 1,
                    "Output": [
                        "(PARTIAL count(*))"
                    ],
                    "Workers Planned": 3,
                    "Workers Launched": 3,
                    "Single Copy": false,
                    "Plans": [
                        {
                            "Node Type": "Aggregate",
                            "Strategy": "Plain",
                            "Partial Mode": "Partial",
                            "Parent Relationship": "Outer",
                            "Parallel Aware": false,
                            "Startup Cost": 42426.06,
                            "Total Cost": 42426.07,
                            "Plan Rows": 1,
                            "Plan Width": 8,
                            "Actual Startup Time": 139.298,
                            "Actual Total Time": 139.3,
                            "Actual Rows": 1,
                            "Actual Loops": 4,
                            "Output": [
                                "PARTIAL count(*)"
                            ],
                            "Workers": [
                                {
                                    "Worker Number": 0,
                                    "Actual Startup Time": 136.504,
                                    "Actual Total Time": 136.506,
                                    "Actual Rows": 1,
                                    "Actual Loops": 1
                                },
                                {
                                    "Worker Number": 1,
                                    "Actual Startup Time": 136.499,
                                    "Actual Total Time": 136.5,
                                    "Actual Rows": 1,
                                    "Actual Loops": 1
                                },
                                {
                                    "Worker Number": 2,
                                    "Actual Startup Time": 137.125,
                                    "Actual Total Time": 137.127,
                                    "Actual Rows": 1,
                                    "Actual Loops": 1
                                }
                            ],
                            "Plans": [
                                {
                                    "Node Type": "Bitmap Heap Scan",
                                    "Parent Relationship": "Outer",
                                    "Parallel Aware": true,
                                    "Relation Name": "movie_keyword",
                                    "Schema": "public",
                                    "Alias": "mk",
                                    "Startup Cost": 14634.34,
                                    "Total Cost": 41869.78,
                                    "Plan Rows": 222515,
                                    "Plan Width": 0,
                                    "Actual Startup Time": 57.574,
                                    "Actual Total Time": 130.343,
                                    "Actual Rows": 168563,
                                    "Actual Loops": 4,
                                    "Recheck Cond": "(mk.keyword_id > 27803)",
                                    "Rows Removed by Index Recheck": 0,
                                    "Exact Heap Blocks": 10081,
                                    "Lossy Heap Blocks": 0,
                                    "Workers": [
                                        {
                                            "Worker Number": 0,
                                            "Actual Startup Time": 54.727,
                                            "Actual Total Time": 128.299,
                                            "Actual Rows": 128390,
                                            "Actual Loops": 1
                                        },
                                        {
                                            "Worker Number": 1,
                                            "Actual Startup Time": 55.053,
                                            "Actual Total Time": 128.215,
                                            "Actual Rows": 128567,
                                            "Actual Loops": 1
                                        },
                                        {
                                            "Worker Number": 2,
                                            "Actual Startup Time": 55.508,
                                            "Actual Total Time": 129.119,
                                            "Actual Rows": 125182,
                                            "Actual Loops": 1
                                        }
                                    ],
                                    "Plans": [
                                        {
                                            "Node Type": "Bitmap Index Scan",
                                            "Parent Relationship": "Outer",
                                            "Parallel Aware": false,
                                            "Index Name": "keyword_id_movie_keyword",
                                            "Startup Cost": 0.0,
                                            "Total Cost": 14461.9,
                                            "Plan Rows": 689795,
                                            "Plan Width": 0,
                                            "Actual Startup Time": 61.596,
                                            "Actual Total Time": 61.597,
                                            "Actual Rows": 674251,
                                            "Actual Loops": 1,
                                            "Index Cond": "(mk.keyword_id > 27803)"
                                        }
                                    ]
                                }
                            ]
                        }
                    ]
                }
            ]
        },
        "Planning Time": 451.756,
        "Triggers": [],
        "Execution Time": 155.085
    }
]