{
  "Plan": {
    "Node Type": "Aggregate",
    "Strategy": "Plain",
    "Partial Mode": "Finalize",
    "Parallel Aware": false,
    "Startup Cost": 535969.75,
    "Total Cost": 535969.76,
    "Plan Rows": 1,
    "Plan Width": 8,
    "Actual Startup Time": 8261.149,
    "Actual Total Time": 8345.001,
    "Actual Rows": 1,
    "Actual Loops": 1,
    "Plans": [
      {
        "Node Type": "Gather",
        "Parent Relationship": "Outer",
        "Parallel Aware": false,
        "Startup Cost": 535969.64,
        "Total Cost": 535969.75,
        "Plan Rows": 1,
        "Plan Width": 8,
        "Actual Startup Time": 8260.065,
        "Actual Total Time": 8344.989,
        "Actual Rows": 2,
        "Actual Loops": 1,
        "Workers Planned": 1,
        "Workers Launched": 1,
        "Single Copy": false,
        "Plans": [
          {
            "Node Type": "Aggregate",
            "Strategy": "Plain",
            "Partial Mode": "Partial",
            "Parent Relationship": "Outer",
            "Parallel Aware": false,
            "Startup Cost": 534969.64,
            "Total Cost": 534969.65,
            "Plan Rows": 1,
            "Plan Width": 8,
            "Actual Startup Time": 8253.509,
            "Actual Total Time": 8253.516,
            "Actual Rows": 1,
            "Actual Loops": 2,
            "Plans": [
              {
                "Node Type": "Nested Loop",
                "Parent Relationship": "Outer",
                "Parallel Aware": false,
                "Join Type": "Inner",
                "Startup Cost": 43123.08,
                "Total Cost": 528768.7,
                "Plan Rows": 2480376,
                "Plan Width": 0,
                "Actual Startup Time": 235.855,
                "Actual Total Time": 7926.499,
                "Actual Rows": 7370498,
                "Actual Loops": 2,
                "Inner Unique": false,
                "Plans": [
                  {
                    "Node Type": "Hash Join",
                    "Parent Relationship": "Outer",
                    "Parallel Aware": true,
                    "Join Type": "Inner",
                    "Startup Cost": 43122.51,
                    "Total Cost": 106793.59,
                    "Plan Rows": 179100,
                    "Plan Width": 8,
                    "Actual Startup Time": 235.785,
                    "Actual Total Time": 909.467,
                    "Actual Rows": 212566,
                    "Actual Loops": 2,
                    "Inner Unique": false,
                    "Hash Cond": "(t.id = mc.movie_id)",
                    "Plans": [
                      {
                        "Node Type": "Seq Scan",
                        "Parent Relationship": "Outer",
                        "Parallel Aware": true,
                        "Relation Name": "title",
                        "Alias": "t",
                        "Startup Cost": 0.0,
                        "Total Cost": 54588.39,
                        "Plan Rows": 1284665,
                        "Plan Width": 4,
                        "Actual Startup Time": 0.02,
                        "Actual Total Time": 181.29,
                        "Actual Rows": 1085582,
                        "Actual Loops": 2,
                        "Filter": "(production_year > 1963)",
                        "Rows Removed by Filter": 178574
                      },
                      {
                        "Node Type": "Hash",
                        "Parent Relationship": "Inner",
                        "Parallel Aware": true,
                        "Startup Cost": 40530.75,
                        "Total Cost": 40530.75,
                        "Plan Rows": 207341,
                        "Plan Width": 4,
                        "Actual Startup Time": 230.187,
                        "Actual Total Time": 230.189,
                        "Actual Rows": 252090,
                        "Actual Loops": 2,
                        "Hash Buckets": 524288,
                        "Original Hash Buckets": 524288,
                        "Hash Batches": 1,
                        "Original Hash Batches": 1,
                        "Peak Memory Usage": 23840,
                        "Plans": [
                          {
                            "Node Type": "Bitmap Heap Scan",
                            "Parent Relationship": "Outer",
                            "Parallel Aware": true,
                            "Relation Name": "movie_companies",
                            "Alias": "mc",
                            "Startup Cost": 15422.8,
                            "Total Cost": 40530.75,
                            "Plan Rows": 207341,
                            "Plan Width": 4,
                            "Actual Startup Time": 66.454,
                            "Actual Total Time": 166.0,
                            "Actual Rows": 252090,
                            "Actual Loops": 2,
                            "Recheck Cond": "(company_id < 1373)",
                            "Rows Removed by Index Recheck": 0,
                            "Filter": "(company_type_id = 1)",
                            "Rows Removed by Filter": 104214,
                            "Exact Heap Blocks": 12670,
                            "Lossy Heap Blocks": 0,
                            "Plans": [
                              {
                                "Node Type": "Bitmap Index Scan",
                                "Parent Relationship": "Outer",
                                "Parallel Aware": false,
                                "Index Name": "company_id_movie_companies",
                                "Startup Cost": 0.0,
                                "Total Cost": 15334.69,
                                "Plan Rows": 716034,
                                "Plan Width": 0,
                                "Actual Startup Time": 63.797,
                                "Actual Total Time": 63.797,
                                "Actual Rows": 712609,
                                "Actual Loops": 1,
                                "Index Cond": "(company_id < 1373)"
                              }
                            ]
                          }
                        ]
                      }
                    ]
                  },
                  {
                    "Node Type": "Index Scan",
                    "Parent Relationship": "Inner",
                    "Parallel Aware": false,
                    "Scan Direction": "Forward",
                    "Index Name": "movie_id_cast_info",
                    "Relation Name": "cast_info",
                    "Alias": "ci",
                    "Startup Cost": 0.56,
                    "Total Cost": 2.01,
                    "Plan Rows": 35,
                    "Plan Width": 4,
                    "Actual Startup Time": 0.005,
                    "Actual Total Time": 0.03,
                    "Actual Rows": 35,
                    "Actual Loops": 425133,
                    "Index Cond": "(movie_id = t.id)",
                    "Rows Removed by Index Recheck": 0,
                    "Filter": "(person_id < 3831722)",
                    "Rows Removed by Filter": 2
                  }
                ]
              }
            ]
          }
        ]
      }
    ]
  },
  "Planning Time": 1.059,
  "Triggers": [],
  "Execution Time": 8345.128
}