{
  "Plan": {
    "Node Type": "Aggregate",
    "Strategy": "Plain",
    "Partial Mode": "Simple",
    "Parallel Aware": false,
    "Startup Cost": 244848.8,
    "Total Cost": 244848.81,
    "Plan Rows": 1,
    "Plan Width": 96,
    "Actual Startup Time": 2625.6,
    "Actual Total Time": 2668.137,
    "Actual Rows": 1,
    "Actual Loops": 1,
    "Plans": [
      {
        "Node Type": "Hash Join",
        "Parent Relationship": "Outer",
        "Parallel Aware": false,
        "Join Type": "Inner",
        "Startup Cost": 244847.55,
        "Total Cost": 244848.79,
        "Plan Rows": 1,
        "Plan Width": 48,
        "Actual Startup Time": 2625.58,
        "Actual Total Time": 2668.123,
        "Actual Rows": 14,
        "Actual Loops": 1,
        "Inner Unique": false,
        "Hash Cond": "(lt.id = ml.link_type_id)",
        "Plans": [
          {
            "Node Type": "Seq Scan",
            "Parent Relationship": "Outer",
            "Parallel Aware": false,
            "Relation Name": "link_type",
            "Alias": "lt",
            "Startup Cost": 0.0,
            "Total Cost": 1.23,
            "Plan Rows": 1,
            "Plan Width": 16,
            "Actual Startup Time": 0.049,
            "Actual Total Time": 0.058,
            "Actual Rows": 1,
            "Actual Loops": 1,
            "Filter": "((link)::text ~~ '%follows%'::text)",
            "Rows Removed by Filter": 17
          },
          {
            "Node Type": "Hash",
            "Parent Relationship": "Inner",
            "Parallel Aware": false,
            "Startup Cost": 244847.54,
            "Total Cost": 244847.54,
            "Plan Rows": 1,
            "Plan Width": 40,
            "Actual Startup Time": 2625.462,
            "Actual Total Time": 2667.993,
            "Actual Rows": 38,
            "Actual Loops": 1,
            "Hash Buckets": 1024,
            "Original Hash Buckets": 1024,
            "Hash Batches": 1,
            "Original Hash Batches": 1,
            "Peak Memory Usage": 11,
            "Plans": [
              {
                "Node Type": "Gather",
                "Parent Relationship": "Outer",
                "Parallel Aware": false,
                "Startup Cost": 199367.52,
                "Total Cost": 244847.54,
                "Plan Rows": 1,
                "Plan Width": 40,
                "Actual Startup Time": 2610.271,
                "Actual Total Time": 2667.964,
                "Actual Rows": 38,
                "Actual Loops": 1,
                "Workers Planned": 4,
                "Workers Launched": 4,
                "Single Copy": false,
                "Plans": [
                  {
                    "Node Type": "Hash Join",
                    "Parent Relationship": "Outer",
                    "Parallel Aware": false,
                    "Join Type": "Inner",
                    "Startup Cost": 198367.52,
                    "Total Cost": 243847.44,
                    "Plan Rows": 1,
                    "Plan Width": 40,
                    "Actual Startup Time": 2594.952,
                    "Actual Total Time": 2594.971,
                    "Actual Rows": 8,
                    "Actual Loops": 5,
                    "Inner Unique": false,
                    "Hash Cond": "(t.id = ml.movie_id)",
                    "Plans": [
                      {
                        "Node Type": "Seq Scan",
                        "Parent Relationship": "Outer",
                        "Parallel Aware": true,
                        "Relation Name": "title",
                        "Alias": "t",
                        "Startup Cost": 0.0,
                        "Total Cost": 45479.91,
                        "Plan Rows": 1,
                        "Plan Width": 21,
                        "Actual Startup Time": 36.241,
                        "Actual Total Time": 117.143,
                        "Actual Rows": 7,
                        "Actual Loops": 5,
                        "Filter": "((title ~~ '%Money%'::text) AND (production_year = 1998))",
                        "Rows Removed by Filter": 505655
                      },
                      {
                        "Node Type": "Hash",
                        "Parent Relationship": "Inner",
                        "Parallel Aware": false,
                        "Startup Cost": 198367.49,
                        "Total Cost": 198367.49,
                        "Plan Rows": 2,
                        "Plan Width": 35,
                        "Actual Startup Time": 2477.495,
                        "Actual Total Time": 2477.508,
                        "Actual Rows": 422,
                        "Actual Loops": 5,
                        "Hash Buckets": 1024,
                        "Original Hash Buckets": 1024,
                        "Hash Batches": 1,
                        "Original Hash Batches": 1,
                        "Peak Memory Usage": 39,
                        "Plans": [
                          {
                            "Node Type": "Hash Join",
                            "Parent Relationship": "Outer",
                            "Parallel Aware": false,
                            "Join Type": "Inner",
                            "Startup Cost": 195633.28,
                            "Total Cost": 198367.49,
                            "Plan Rows": 2,
                            "Plan Width": 35,
                            "Actual Startup Time": 2468.416,
                            "Actual Total Time": 2477.414,
                            "Actual Rows": 422,
                            "Actual Loops": 5,
                            "Inner Unique": true,
                            "Hash Cond": "(mc.company_type_id = ct.id)",
                            "Plans": [
                              {
                                "Node Type": "Hash Join",
                                "Parent Relationship": "Outer",
                                "Parallel Aware": false,
                                "Join Type": "Inner",
                                "Startup Cost": 195632.22,
                                "Total Cost": 198366.39,
                                "Plan Rows": 6,
                                "Plan Width": 39,
                                "Actual Startup Time": 2468.307,
                                "Actual Total Time": 2477.249,
                                "Actual Rows": 452,
                                "Actual Loops": 5,
                                "Inner Unique": false,
                                "Hash Cond": "(mk.movie_id = ml.movie_id)",
                                "Plans": [
                                  {
                                    "Node Type": "Hash Join",
                                    "Parent Relationship": "Outer",
                                    "Parallel Aware": false,
                                    "Join Type": "Inner",
                                    "Startup Cost": 194794.29,
                                    "Total Cost": 197514.84,
                                    "Plan Rows": 19,
                                    "Plan Width": 31,
                                    "Actual Startup Time": 2441.933,
                                    "Actual Total Time": 2463.94,
                                    "Actual Rows": 2802,
                                    "Actual Loops": 5,
                                    "Inner Unique": true,
                                    "Hash Cond": "(mc.company_id = cn.id)",
                                    "Plans": [
                                      {
                                        "Node Type": "Hash Join",
                                        "Parent Relationship": "Outer",
                                        "Parallel Aware": false,
                                        "Join Type": "Inner",
                                        "Startup Cost": 186997.0,
                                        "Total Cost": 189717.34,
                                        "Plan Rows": 83,
                                        "Plan Width": 16,
                                        "Actual Startup Time": 2354.776,
                                        "Actual Total Time": 2374.108,
                                        "Actual Rows": 14331,
                                        "Actual Loops": 5,
                                        "Inner Unique": false,
                                        "Hash Cond": "(mk.movie_id = mc.movie_id)",
                                        "Plans": [
                                          {
                                            "Node Type": "Hash Join",
                                            "Parent Relationship": "Outer",
                                            "Parallel Aware": false,
                                            "Join Type": "Inner",
                                            "Startup Cost": 126242.43,
                                            "Total Cost": 128961.63,
                                            "Plan Rows": 34,
                                            "Plan Width": 4,
                                            "Actual Startup Time": 1540.308,
                                            "Actual Total Time": 1552.14,
                                            "Actual Rows": 10544,
                                            "Actual Loops": 5,
                                            "Inner Unique": false,
                                            "Hash Cond": "(k.id = mk.keyword_id)",
                                            "Plans": [
                                              {
                                                "Node Type": "Seq Scan",
                                                "Parent Relationship": "Outer",
                                                "Parallel Aware": false,
                                                "Relation Name": "keyword",
                                                "Alias": "k",
                                                "Startup Cost": 0.0,
                                                "Total Cost": 2626.12,
                                                "Plan Rows": 1,
                                                "Plan Width": 4,
                                                "Actual Startup Time": 0.926,
                                                "Actual Total Time": 9.749,
                                                "Actual Rows": 1,
                                                "Actual Loops": 5,
                                                "Filter": "(keyword = 'sequel'::text)",
                                                "Rows Removed by Filter": 134169
                                              },
                                              {
                                                "Node Type": "Hash",
                                                "Parent Relationship": "Inner",
                                                "Parallel Aware": false,
                                                "Startup Cost": 69693.3,
                                                "Total Cost": 69693.3,
                                                "Plan Rows": 4523930,
                                                "Plan Width": 8,
                                                "Actual Startup Time": 1449.366,
                                                "Actual Total Time": 1449.367,
                                                "Actual Rows": 4523930,
                                                "Actual Loops": 5,
                                                "Hash Buckets": 8388608,
                                                "Original Hash Buckets": 8388608,
                                                "Hash Batches": 1,
                                                "Original Hash Batches": 1,
                                                "Peak Memory Usage": 242253,
                                                "Plans": [
                                                  {
                                                    "Node Type": "Seq Scan",
                                                    "Parent Relationship": "Outer",
                                                    "Parallel Aware": false,
                                                    "Relation Name": "movie_keyword",
                                                    "Alias": "mk",
                                                    "Startup Cost": 0.0,
                                                    "Total Cost": 69693.3,
                                                    "Plan Rows": 4523930,
                                                    "Plan Width": 8,
                                                    "Actual Startup Time": 0.095,
                                                    "Actual Total Time": 511.215,
                                                    "Actual Rows": 4523930,
                                                    "Actual Loops": 5
                                                  }
                                                ]
                                              }
                                            ]
                                          },
                                          {
                                            "Node Type": "Hash",
                                            "Parent Relationship": "Inner",
                                            "Parallel Aware": false,
                                            "Startup Cost": 44881.29,
                                            "Total Cost": 44881.29,
                                            "Plan Rows": 1269863,
                                            "Plan Width": 12,
                                            "Actual Startup Time": 801.251,
                                            "Actual Total Time": 801.252,
                                            "Actual Rows": 1271989,
                                            "Actual Loops": 5,
                                            "Hash Buckets": 2097152,
                                            "Original Hash Buckets": 2097152,
                                            "Hash Batches": 1,
                                            "Original Hash Batches": 1,
                                            "Peak Memory Usage": 71040,
                                            "Plans": [
                                              {
                                                "Node Type": "Seq Scan",
                                                "Parent Relationship": "Outer",
                                                "Parallel Aware": false,
                                                "Relation Name": "movie_companies",
                                                "Alias": "mc",
                                                "Startup Cost": 0.0,
                                                "Total Cost": 44881.29,
                                                "Plan Rows": 1269863,
                                                "Plan Width": 12,
                                                "Actual Startup Time": 0.055,
                                                "Actual Total Time": 385.024,
                                                "Actual Rows": 1271989,
                                                "Actual Loops": 5,
                                                "Filter": "(note IS NULL)",
                                                "Rows Removed by Filter": 1337140
                                              }
                                            ]
                                          }
                                        ]
                                      },
                                      {
                                        "Node Type": "Hash",
                                        "Parent Relationship": "Inner",
                                        "Parallel Aware": false,
                                        "Startup Cost": 7107.45,
                                        "Total Cost": 7107.45,
                                        "Plan Rows": 55187,
                                        "Plan Width": 23,
                                        "Actual Startup Time": 86.691,
                                        "Actual Total Time": 86.692,
                                        "Actual Rows": 48302,
                                        "Actual Loops": 5,
                                        "Hash Buckets": 65536,
                                        "Original Hash Buckets": 65536,
                                        "Hash Batches": 1,
                                        "Original Hash Batches": 1,
                                        "Peak Memory Usage": 3137,
                                        "Plans": [
                                          {
                                            "Node Type": "Seq Scan",
                                            "Parent Relationship": "Outer",
                                            "Parallel Aware": false,
                                            "Relation Name": "company_name",
                                            "Alias": "cn",
                                            "Startup Cost": 0.0,
                                            "Total Cost": 7107.45,
                                            "Plan Rows": 55187,
                                            "Plan Width": 23,
                                            "Actual Startup Time": 0.045,
                                            "Actual Total Time": 70.191,
                                            "Actual Rows": 48302,
                                            "Actual Loops": 5,
                                            "Filter": "(((country_code)::text <> '[pl]'::text) AND ((name ~~ '%Film%'::text) OR (name ~~ '%Warner%'::text)))",
                                            "Rows Removed by Filter": 186695
                                          }
                                        ]
                                      }
                                    ]
                                  },
                                  {
                                    "Node Type": "Hash",
                                    "Parent Relationship": "Inner",
                                    "Parallel Aware": false,
                                    "Startup Cost": 462.97,
                                    "Total Cost": 462.97,
                                    "Plan Rows": 29997,
                                    "Plan Width": 8,
                                    "Actual Startup Time": 12.41,
                                    "Actual Total Time": 12.411,
                                    "Actual Rows": 29997,
                                    "Actual Loops": 5,
                                    "Hash Buckets": 32768,
                                    "Original Hash Buckets": 32768,
                                    "Hash Batches": 1,
                                    "Original Hash Batches": 1,
                                    "Peak Memory Usage": 1428,
                                    "Plans": [
                                      {
                                        "Node Type": "Seq Scan",
                                        "Parent Relationship": "Outer",
                                        "Parallel Aware": false,
                                        "Relation Name": "movie_link",
                                        "Alias": "ml",
                                        "Startup Cost": 0.0,
                                        "Total Cost": 462.97,
                                        "Plan Rows": 29997,
                                        "Plan Width": 8,
                                        "Actual Startup Time": 0.042,
                                        "Actual Total Time": 5.907,
                                        "Actual Rows": 29997,
                                        "Actual Loops": 5
                                      }
                                    ]
                                  }
                                ]
                              },
                              {
                                "Node Type": "Hash",
                                "Parent Relationship": "Inner",
                                "Parallel Aware": false,
                                "Startup Cost": 1.05,
                                "Total Cost": 1.05,
                                "Plan Rows": 1,
                                "Plan Width": 4,
                                "Actual Startup Time": 0.072,
                                "Actual Total Time": 0.073,
                                "Actual Rows": 1,
                                "Actual Loops": 5,
                                "Hash Buckets": 1024,
                                "Original Hash Buckets": 1024,
                                "Hash Batches": 1,
                                "Original Hash Batches": 1,
                                "Peak Memory Usage": 9,
                                "Plans": [
                                  {
                                    "Node Type": "Seq Scan",
                                    "Parent Relationship": "Outer",
                                    "Parallel Aware": false,
                                    "Relation Name": "company_type",
                                    "Alias": "ct",
                                    "Startup Cost": 0.0,
                                    "Total Cost": 1.05,
                                    "Plan Rows": 1,
                                    "Plan Width": 4,
                                    "Actual Startup Time": 0.056,
                                    "Actual Total Time": 0.058,
                                    "Actual Rows": 1,
                                    "Actual Loops": 5,
                                    "Filter": "((kind)::text = 'production companies'::text)",
                                    "Rows Removed by Filter": 3
                                  }
                                ]
                              }
                            ]
                          }
                        ]
                      }
                    ]
                  }
                ]
              }
            ]
          }
        ]
      }
    ]
  },
  "Planning Time": 14.407,
  "Triggers": [],
  "Execution Time": 2683.397
}