{
    "Plan": {
        "Node Type": "Aggregate",
        "Strategy": "Plain",
        "Partial Mode": "Finalize",
        "Parallel Aware": false,
        "Startup Cost": 402492.89,
        "Total Cost": 402492.9,
        "Plan Rows": 1,
        "Plan Width": 8,
        "Actual Startup Time": 3168.747,
        "Actual Total Time": 3219.885,
        "Actual Rows": 1,
        "Actual Loops": 1,
        "Output": [
            "count(*)"
        ],
        "Plans": [
            {
                "Node Type": "Gather",
                "Parent Relationship": "Outer",
                "Parallel Aware": false,
                "Startup Cost": 402492.26,
                "Total Cost": 402492.87,
                "Plan Rows": 6,
                "Plan Width": 8,
                "Actual Startup Time": 3153.593,
                "Actual Total Time": 3219.874,
                "Actual Rows": 7,
                "Actual Loops": 1,
                "Output": [
                    "(PARTIAL count(*))"
                ],
                "Workers Planned": 6,
                "Workers Launched": 6,
                "Single Copy": false,
                "Plans": [
                    {
                        "Node Type": "Aggregate",
                        "Strategy": "Plain",
                        "Partial Mode": "Partial",
                        "Parent Relationship": "Outer",
                        "Parallel Aware": false,
                        "Startup Cost": 401492.26,
                        "Total Cost": 401492.27,
                        "Plan Rows": 1,
                        "Plan Width": 8,
                        "Actual Startup Time": 3137.869,
                        "Actual Total Time": 3137.873,
                        "Actual Rows": 1,
                        "Actual Loops": 7,
                        "Output": [
                            "PARTIAL count(*)"
                        ],
                        "Workers": [
                            {
                                "Worker Number": 0,
                                "Actual Startup Time": 3135.069,
                                "Actual Total Time": 3135.071,
                                "Actual Rows": 1,
                                "Actual Loops": 1
                            },
                            {
                                "Worker Number": 1,
                                "Actual Startup Time": 3136.394,
                                "Actual Total Time": 3136.396,
                                "Actual Rows": 1,
                                "Actual Loops": 1
                            },
                            {
                                "Worker Number": 2,
                                "Actual Startup Time": 3135.172,
                                "Actual Total Time": 3135.175,
                                "Actual Rows": 1,
                                "Actual Loops": 1
                            },
                            {
                                "Worker Number": 3,
                                "Actual Startup Time": 3135.235,
                                "Actual Total Time": 3135.238,
                                "Actual Rows": 1,
                                "Actual Loops": 1
                            },
                            {
                                "Worker Number": 4,
                                "Actual Startup Time": 3135.232,
                                "Actual Total Time": 3135.235,
                                "Actual Rows": 1,
                                "Actual Loops": 1
                            },
                            {
                                "Worker Number": 5,
                                "Actual Startup Time": 3135.347,
                                "Actual Total Time": 3135.351,
                                "Actual Rows": 1,
                                "Actual Loops": 1
                            }
                        ],
                        "Plans": [
                            {
                                "Node Type": "Hash Join",
                                "Parent Relationship": "Outer",
                                "Parallel Aware": true,
                                "Join Type": "Inner",
                                "Startup Cost": 49702.03,
                                "Total Cost": 391788.4,
                                "Plan Rows": 3881545,
                                "Plan Width": 0,
                                "Actual Startup Time": 225.346,
                                "Actual Total Time": 2972.377,
                                "Actual Rows": 3186214,
                                "Actual Loops": 7,
                                "Inner Unique": true,
                                "Hash Cond": "(ci.movie_id = t.id)",
                                "Workers": [
                                    {
                                        "Worker Number": 0,
                                        "Actual Startup Time": 222.741,
                                        "Actual Total Time": 2976.55,
                                        "Actual Rows": 2863416,
                                        "Actual Loops": 1
                                    },
                                    {
                                        "Worker Number": 1,
                                        "Actual Startup Time": 222.707,
                                        "Actual Total Time": 2984.412,
                                        "Actual Rows": 3845177,
                                        "Actual Loops": 1
                                    },
                                    {
                                        "Worker Number": 2,
                                        "Actual Startup Time": 222.867,
                                        "Actual Total Time": 2983.354,
                                        "Actual Rows": 3844137,
                                        "Actual Loops": 1
                                    },
                                    {
                                        "Worker Number": 3,
                                        "Actual Startup Time": 222.937,
                                        "Actual Total Time": 2954.016,
                                        "Actual Rows": 2834406,
                                        "Actual Loops": 1
                                    },
                                    {
                                        "Worker Number": 4,
                                        "Actual Startup Time": 222.944,
                                        "Actual Total Time": 2954.422,
                                        "Actual Rows": 2777973,
                                        "Actual Loops": 1
                                    },
                                    {
                                        "Worker Number": 5,
                                        "Actual Startup Time": 223.038,
                                        "Actual Total Time": 2998.044,
                                        "Actual Rows": 3422358,
                                        "Actual Loops": 1
                                    }
                                ],
                                "Plans": [
                                    {
                                        "Node Type": "Seq Scan",
                                        "Parent Relationship": "Outer",
                                        "Parallel Aware": true,
                                        "Relation Name": "cast_info",
                                        "Schema": "public",
                                        "Alias": "ci",
                                        "Startup Cost": 0.0,
                                        "Total Cost": 328213.62,
                                        "Plan Rows": 5284849,
                                        "Plan Width": 4,
                                        "Actual Startup Time": 0.042,
                                        "Actual Total Time": 858.19,
                                        "Actual Rows": 4515030,
                                        "Actual Loops": 7,
                                        "Output": [
                                            "ci.id",
                                            "ci.person_id",
                                            "ci.movie_id",
                                            "ci.person_role_id",
                                            "ci.note",
                                            "ci.nr_order",
                                            "ci.role_id"
                                        ],
                                        "Filter": "(ci.role_id < 10)",
                                        "Rows Removed by Filter": 662734,
                                        "Workers": [
                                            {
                                                "Worker Number": 0,
                                                "Actual Startup Time": 0.05,
                                                "Actual Total Time": 862.426,
                                                "Actual Rows": 4072670,
                                                "Actual Loops": 1
                                            },
                                            {
                                                "Worker Number": 1,
                                                "Actual Startup Time": 0.038,
                                                "Actual Total Time": 845.447,
                                                "Actual Rows": 5455384,
                                                "Actual Loops": 1
                                            },
                                            {
                                                "Worker Number": 2,
                                                "Actual Startup Time": 0.042,
                                                "Actual Total Time": 842.843,
                                                "Actual Rows": 5441761,
                                                "Actual Loops": 1
                                            },
                                            {
                                                "Worker Number": 3,
                                                "Actual Startup Time": 0.047,
                                                "Actual Total Time": 924.559,
                                                "Actual Rows": 4006093,
                                                "Actual Loops": 1
                                            },
                                            {
                                                "Worker Number": 4,
                                                "Actual Startup Time": 0.046,
                                                "Actual Total Time": 929.993,
                                                "Actual Rows": 3940766,
                                                "Actual Loops": 1
                                            },
                                            {
                                                "Worker Number": 5,
                                                "Actual Startup Time": 0.061,
                                                "Actual Total Time": 803.406,
                                                "Actual Rows": 4855033,
                                                "Actual Loops": 1
                                            }
                                        ]
                                    },
                                    {
                                        "Node Type": "Hash",
                                        "Parent Relationship": "Inner",
                                        "Parallel Aware": true,
                                        "Startup Cost": 43899.01,
                                        "Total Cost": 43899.01,
                                        "Plan Rows": 464242,
                                        "Plan Width": 4,
                                        "Actual Startup Time": 220.188,
                                        "Actual Total Time": 220.189,
                                        "Actual Rows": 266498,
                                        "Actual Loops": 7,
                                        "Output": [
                                            "t.id"
                                        ],
                                        "Hash Buckets": 2097152,
                                        "Original Hash Buckets": 2097152,
                                        "Hash Batches": 1,
                                        "Original Hash Batches": 1,
                                        "Peak Memory Usage": 89408,
                                        "Workers": [
                                            {
                                                "Worker Number": 0,
                                                "Actual Startup Time": 221.895,
                                                "Actual Total Time": 221.896,
                                                "Actual Rows": 219140,
                                                "Actual Loops": 1
                                            },
                                            {
                                                "Worker Number": 1,
                                                "Actual Startup Time": 221.861,
                                                "Actual Total Time": 221.862,
                                                "Actual Rows": 301752,
                                                "Actual Loops": 1
                                            },
                                            {
                                                "Worker Number": 2,
                                                "Actual Startup Time": 222.028,
                                                "Actual Total Time": 222.029,
                                                "Actual Rows": 301277,
                                                "Actual Loops": 1
                                            },
                                            {
                                                "Worker Number": 3,
                                                "Actual Startup Time": 222.115,
                                                "Actual Total Time": 222.116,
                                                "Actual Rows": 236313,
                                                "Actual Loops": 1
                                            },
                                            {
                                                "Worker Number": 4,
                                                "Actual Startup Time": 222.096,
                                                "Actual Total Time": 222.097,
                                                "Actual Rows": 227249,
                                                "Actual Loops": 1
                                            },
                                            {
                                                "Worker Number": 5,
                                                "Actual Startup Time": 222.183,
                                                "Actual Total Time": 222.184,
                                                "Actual Rows": 283681,
                                                "Actual Loops": 1
                                            }
                                        ],
                                        "Plans": [
                                            {
                                                "Node Type": "Seq Scan",
                                                "Parent Relationship": "Outer",
                                                "Parallel Aware": true,
                                                "Relation Name": "title",
                                                "Schema": "public",
                                                "Alias": "t",
                                                "Startup Cost": 0.0,
                                                "Total Cost": 43899.01,
                                                "Plan Rows": 464242,
                                                "Plan Width": 4,
                                                "Actual Startup Time": 0.067,
                                                "Actual Total Time": 85.486,
                                                "Actual Rows": 266498,
                                                "Actual Loops": 7,
                                                "Output": [
                                                    "t.id"
                                                ],
                                                "Filter": "(t.kind_id > 1)",
                                                "Rows Removed by Filter": 94689,
                                                "Workers": [
                                                    {
                                                        "Worker Number": 0,
                                                        "Actual Startup Time": 0.076,
                                                        "Actual Total Time": 89.263,
                                                        "Actual Rows": 219140,
                                                        "Actual Loops": 1
                                                    },
                                                    {
                                                        "Worker Number": 1,
                                                        "Actual Startup Time": 0.082,
                                                        "Actual Total Time": 85.15,
                                                        "Actual Rows": 301752,
                                                        "Actual Loops": 1
                                                    },
                                                    {
                                                        "Worker Number": 2,
                                                        "Actual Startup Time": 0.072,
                                                        "Actual Total Time": 85.584,
                                                        "Actual Rows": 301277,
                                                        "Actual Loops": 1
                                                    },
                                                    {
                                                        "Worker Number": 3,
                                                        "Actual Startup Time": 0.08,
                                                        "Actual Total Time": 89.317,
                                                        "Actual Rows": 236313,
                                                        "Actual Loops": 1
                                                    },
                                                    {
                                                        "Worker Number": 4,
                                                        "Actual Startup Time": 0.077,
                                                        "Actual Total Time": 89.422,
                                                        "Actual Rows": 227249,
                                                        "Actual Loops": 1
                                                    },
                                                    {
                                                        "Worker Number": 5,
                                                        "Actual Startup Time": 0.064,
                                                        "Actual Total Time": 85.304,
                                                        "Actual Rows": 283681,
                                                        "Actual Loops": 1
                                                    }
                                                ]
                                            }
                                        ]
                                    }
                                ]
                            }
                        ]
                    }
                ]
            }
        ]
    },
    "Planning Time": 0.747,
    "Triggers": [],
    "Execution Time": 3219.967
}