[
  {
    "Plan": {
      "Node Type": "Aggregate",
      "Strategy": "Plain",
      "Partial Mode": "Finalize",
      "Parallel Aware": false,
      "Startup Cost": 47137.37,
      "Total Cost": 47137.38,
      "Plan Rows": 1,
      "Plan Width": 8,
      "Actual Startup Time": 161.992,
      "Actual Total Time": 172.794,
      "Actual Rows": 1,
      "Actual Loops": 1,
      "Plans": [
        {
          "Node Type": "Gather",
          "Parent Relationship": "Outer",
          "Parallel Aware": false,
          "Startup Cost": 47137.05,
          "Total Cost": 47137.36,
          "Plan Rows": 3,
          "Plan Width": 8,
          "Actual Startup Time": 161.722,
          "Actual Total Time": 172.786,
          "Actual Rows": 4,
          "Actual Loops": 1,
          "Workers Planned": 3,
          "Workers Launched": 3,
          "Single Copy": false,
          "Plans": [
            {
              "Node Type": "Aggregate",
              "Strategy": "Plain",
              "Partial Mode": "Partial",
              "Parent Relationship": "Outer",
              "Parallel Aware": false,
              "Startup Cost": 46137.05,
              "Total Cost": 46137.06,
              "Plan Rows": 1,
              "Plan Width": 8,
              "Actual Startup Time": 156.868,
              "Actual Total Time": 156.869,
              "Actual Rows": 1,
              "Actual Loops": 4,
              "Plans": [
                {
                  "Node Type": "Seq Scan",
                  "Parent Relationship": "Outer",
                  "Parallel Aware": true,
                  "Relation Name": "movie_keyword",
                  "Alias": "mk",
                  "Startup Cost": 0.0,
                  "Total Cost": 42695.65,
                  "Plan Rows": 1376559,
                  "Plan Width": 0,
                  "Actual Startup Time": 0.04,
                  "Actual Total Time": 113.71,
                  "Actual Rows": 1068238,
                  "Actual Loops": 4,
                  "Filter": "(keyword_id > 214)",
                  "Rows Removed by Filter": 62745
                }
              ]
            }
          ]
        }
      ]
    },
    "Planning Time": 0.082,
    "Triggers": [],
    "Execution Time": 172.82
  }
]