[
  {
    "Plan": {
      "Node Type": "Aggregate",
      "Strategy": "Plain",
      "Partial Mode": "Finalize",
      "Parallel Aware": false,
      "Startup Cost": 94155.9,
      "Total Cost": 94155.91,
      "Plan Rows": 1,
      "Plan Width": 8,
      "Actual Startup Time": 366.312,
      "Actual Total Time": 381.62,
      "Actual Rows": 1,
      "Actual Loops": 1,
      "Plans": [
        {
          "Node Type": "Gather",
          "Parent Relationship": "Outer",
          "Parallel Aware": false,
          "Startup Cost": 94155.58,
          "Total Cost": 94155.89,
          "Plan Rows": 3,
          "Plan Width": 8,
          "Actual Startup Time": 362.733,
          "Actual Total Time": 381.607,
          "Actual Rows": 4,
          "Actual Loops": 1,
          "Workers Planned": 3,
          "Workers Launched": 3,
          "Single Copy": false,
          "Plans": [
            {
              "Node Type": "Aggregate",
              "Strategy": "Plain",
              "Partial Mode": "Partial",
              "Parent Relationship": "Outer",
              "Parallel Aware": false,
              "Startup Cost": 93155.58,
              "Total Cost": 93155.59,
              "Plan Rows": 1,
              "Plan Width": 8,
              "Actual Startup Time": 355.411,
              "Actual Total Time": 355.415,
              "Actual Rows": 1,
              "Actual Loops": 4,
              "Plans": [
                {
                  "Node Type": "Hash Join",
                  "Parent Relationship": "Outer",
                  "Parallel Aware": true,
                  "Join Type": "Inner",
                  "Startup Cost": 49104.34,
                  "Total Cost": 92743.4,
                  "Plan Rows": 164873,
                  "Plan Width": 0,
                  "Actual Startup Time": 217.605,
                  "Actual Total Time": 354.222,
                  "Actual Rows": 27952,
                  "Actual Loops": 4,
                  "Inner Unique": true,
                  "Hash Cond": "(mk.movie_id = t.id)",
                  "Plans": [
                    {
                      "Node Type": "Seq Scan",
                      "Parent Relationship": "Outer",
                      "Parallel Aware": true,
                      "Relation Name": "movie_keyword",
                      "Alias": "mk",
                      "Startup Cost": 0.0,
                      "Total Cost": 42695.65,
                      "Plan Rows": 359395,
                      "Plan Width": 4,
                      "Actual Startup Time": 0.03,
                      "Actual Total Time": 87.001,
                      "Actual Rows": 280244,
                      "Actual Loops": 4,
                      "Filter": "(keyword_id < 1198)",
                      "Rows Removed by Filter": 850739
                    },
                    {
                      "Node Type": "Hash",
                      "Parent Relationship": "Inner",
                      "Parallel Aware": true,
                      "Startup Cost": 45479.59,
                      "Total Cost": 45479.59,
                      "Plan Rows": 289980,
                      "Plan Width": 4,
                      "Actual Startup Time": 213.167,
                      "Actual Total Time": 213.168,
                      "Actual Rows": 311132,
                      "Actual Loops": 4,
                      "Hash Buckets": 2097152,
                      "Original Hash Buckets": 2097152,
                      "Hash Batches": 1,
                      "Original Hash Batches": 1,
                      "Peak Memory Usage": 65152,
                      "Plans": [
                        {
                          "Node Type": "Seq Scan",
                          "Parent Relationship": "Outer",
                          "Parallel Aware": true,
                          "Relation Name": "title",
                          "Alias": "t",
                          "Startup Cost": 0.0,
                          "Total Cost": 45479.59,
                          "Plan Rows": 289980,
                          "Plan Width": 4,
                          "Actual Startup Time": 0.031,
                          "Actual Total Time": 103.074,
                          "Actual Rows": 311132,
                          "Actual Loops": 4,
                          "Filter": "((production_year > 1983) AND (kind_id = 7))",
                          "Rows Removed by Filter": 320946
                        }
                      ]
                    }
                  ]
                }
              ]
            }
          ]
        }
      ]
    },
    "Planning Time": 0.205,
    "Triggers": [],
    "Execution Time": 381.652
  }
]