[
  {
    "Plan": {
      "Node Type": "Aggregate",
      "Strategy": "Plain",
      "Partial Mode": "Finalize",
      "Parallel Aware": false,
      "Startup Cost": 396063.4,
      "Total Cost": 396063.41,
      "Plan Rows": 1,
      "Plan Width": 8,
      "Actual Startup Time": 2129.019,
      "Actual Total Time": 2178.296,
      "Actual Rows": 1,
      "Actual Loops": 1,
      "Plans": [
        {
          "Node Type": "Gather",
          "Parent Relationship": "Outer",
          "Parallel Aware": false,
          "Startup Cost": 396062.77,
          "Total Cost": 396063.38,
          "Plan Rows": 6,
          "Plan Width": 8,
          "Actual Startup Time": 2122.575,
          "Actual Total Time": 2178.286,
          "Actual Rows": 7,
          "Actual Loops": 1,
          "Workers Planned": 6,
          "Workers Launched": 6,
          "Single Copy": false,
          "Plans": [
            {
              "Node Type": "Aggregate",
              "Strategy": "Plain",
              "Partial Mode": "Partial",
              "Parent Relationship": "Outer",
              "Parallel Aware": false,
              "Startup Cost": 395062.77,
              "Total Cost": 395062.78,
              "Plan Rows": 1,
              "Plan Width": 8,
              "Actual Startup Time": 2114.514,
              "Actual Total Time": 2114.517,
              "Actual Rows": 1,
              "Actual Loops": 7,
              "Plans": [
                {
                  "Node Type": "Hash Join",
                  "Parent Relationship": "Outer",
                  "Parallel Aware": true,
                  "Join Type": "Inner",
                  "Startup Cost": 48240.76,
                  "Total Cost": 390415.54,
                  "Plan Rows": 1858895,
                  "Plan Width": 0,
                  "Actual Startup Time": 149.053,
                  "Actual Total Time": 2037.745,
                  "Actual Rows": 1749698,
                  "Actual Loops": 7,
                  "Inner Unique": true,
                  "Hash Cond": "(ci.movie_id = t.id)",
                  "Plans": [
                    {
                      "Node Type": "Seq Scan",
                      "Parent Relationship": "Outer",
                      "Parallel Aware": true,
                      "Relation Name": "cast_info",
                      "Alias": "ci",
                      "Startup Cost": 0.0,
                      "Total Cost": 328211.39,
                      "Plan Rows": 5319376,
                      "Plan Width": 4,
                      "Actual Startup Time": 0.038,
                      "Actual Total Time": 629.076,
                      "Actual Rows": 4565006,
                      "Actual Loops": 7,
                      "Filter": "(person_id < 3275516)",
                      "Rows Removed by Filter": 612757
                    },
                    {
                      "Node Type": "Hash",
                      "Parent Relationship": "Inner",
                      "Parallel Aware": true,
                      "Startup Cost": 45479.59,
                      "Total Cost": 45479.59,
                      "Plan Rows": 220894,
                      "Plan Width": 4,
                      "Actual Startup Time": 146.553,
                      "Actual Total Time": 146.554,
                      "Actual Rows": 135390,
                      "Actual Loops": 7,
                      "Hash Buckets": 1048576,
                      "Original Hash Buckets": 1048576,
                      "Hash Batches": 1,
                      "Original Hash Batches": 1,
                      "Peak Memory Usage": 45376,
                      "Plans": [
                        {
                          "Node Type": "Seq Scan",
                          "Parent Relationship": "Outer",
                          "Parallel Aware": true,
                          "Relation Name": "title",
                          "Alias": "t",
                          "Startup Cost": 0.0,
                          "Total Cost": 45479.59,
                          "Plan Rows": 220894,
                          "Plan Width": 4,
                          "Actual Startup Time": 0.037,
                          "Actual Total Time": 81.05,
                          "Actual Rows": 135390,
                          "Actual Loops": 7,
                          "Filter": "((kind_id > 1) AND (production_year > 2003))",
                          "Rows Removed by Filter": 225798
                        }
                      ]
                    }
                  ]
                }
              ]
            }
          ]
        }
      ]
    },
    "Planning Time": 0.407,
    "Triggers": [],
    "Execution Time": 2178.354
  }
]