[
  {
    "Plan": {
      "Node Type": "Aggregate",
      "Strategy": "Plain",
      "Partial Mode": "Finalize",
      "Parallel Aware": false,
      "Startup Cost": 180007.1,
      "Total Cost": 180007.11,
      "Plan Rows": 1,
      "Plan Width": 8,
      "Actual Startup Time": 344.116,
      "Actual Total Time": 380.016,
      "Actual Rows": 1,
      "Actual Loops": 1,
      "Plans": [
        {
          "Node Type": "Gather",
          "Parent Relationship": "Outer",
          "Parallel Aware": false,
          "Startup Cost": 180006.78,
          "Total Cost": 180007.09,
          "Plan Rows": 3,
          "Plan Width": 8,
          "Actual Startup Time": 342.387,
          "Actual Total Time": 380.007,
          "Actual Rows": 4,
          "Actual Loops": 1,
          "Workers Planned": 3,
          "Workers Launched": 3,
          "Single Copy": false,
          "Plans": [
            {
              "Node Type": "Aggregate",
              "Strategy": "Plain",
              "Partial Mode": "Partial",
              "Parent Relationship": "Outer",
              "Parallel Aware": false,
              "Startup Cost": 179006.78,
              "Total Cost": 179006.79,
              "Plan Rows": 1,
              "Plan Width": 8,
              "Actual Startup Time": 337.867,
              "Actual Total Time": 337.872,
              "Actual Rows": 1,
              "Actual Loops": 4,
              "Plans": [
                {
                  "Node Type": "Nested Loop",
                  "Parent Relationship": "Outer",
                  "Parallel Aware": false,
                  "Join Type": "Inner",
                  "Startup Cost": 58819.68,
                  "Total Cost": 178226.1,
                  "Plan Rows": 312271,
                  "Plan Width": 0,
                  "Actual Startup Time": 149.347,
                  "Actual Total Time": 334.476,
                  "Actual Rows": 49978,
                  "Actual Loops": 4,
                  "Inner Unique": false,
                  "Join Filter": "(t.id = ci.movie_id)",
                  "Rows Removed by Join Filter": 0,
                  "Plans": [
                    {
                      "Node Type": "Hash Join",
                      "Parent Relationship": "Outer",
                      "Parallel Aware": true,
                      "Join Type": "Inner",
                      "Startup Cost": 58819.11,
                      "Total Cost": 86131.62,
                      "Plan Rows": 21780,
                      "Plan Width": 8,
                      "Actual Startup Time": 149.17,
                      "Actual Total Time": 229.047,
                      "Actual Rows": 2990,
                      "Actual Loops": 4,
                      "Inner Unique": true,
                      "Hash Cond": "(mk.movie_id = t.id)",
                      "Plans": [
                        {
                          "Node Type": "Bitmap Heap Scan",
                          "Parent Relationship": "Outer",
                          "Parallel Aware": true,
                          "Relation Name": "movie_keyword",
                          "Alias": "mk",
                          "Startup Cost": 12428.96,
                          "Total Cost": 39245.36,
                          "Plan Rows": 188992,
                          "Plan Width": 4,
                          "Actual Startup Time": 35.978,
                          "Actual Total Time": 90.207,
                          "Actual Rows": 150060,
                          "Actual Loops": 4,
                          "Recheck Cond": "(keyword_id < 439)",
                          "Rows Removed by Index Recheck": 0,
                          "Exact Heap Blocks": 7638,
                          "Lossy Heap Blocks": 0,
                          "Plans": [
                            {
                              "Node Type": "Bitmap Index Scan",
                              "Parent Relationship": "Outer",
                              "Parallel Aware": false,
                              "Index Name": "keyword_id_movie_keyword",
                              "Startup Cost": 0.0,
                              "Total Cost": 12282.5,
                              "Plan Rows": 585875,
                              "Plan Width": 0,
                              "Actual Startup Time": 32.215,
                              "Actual Total Time": 32.216,
                              "Actual Rows": 600238,
                              "Actual Loops": 1,
                              "Index Cond": "(keyword_id < 439)"
                            }
                          ]
                        },
                        {
                          "Node Type": "Hash",
                          "Parent Relationship": "Inner",
                          "Parallel Aware": true,
                          "Startup Cost": 45479.59,
                          "Total Cost": 45479.59,
                          "Plan Rows": 72845,
                          "Plan Width": 4,
                          "Actual Startup Time": 110.088,
                          "Actual Total Time": 110.089,
                          "Actual Rows": 48346,
                          "Actual Loops": 4,
                          "Hash Buckets": 524288,
                          "Original Hash Buckets": 524288,
                          "Hash Batches": 1,
                          "Original Hash Batches": 1,
                          "Peak Memory Usage": 11712,
                          "Plans": [
                            {
                              "Node Type": "Seq Scan",
                              "Parent Relationship": "Outer",
                              "Parallel Aware": true,
                              "Relation Name": "title",
                              "Alias": "t",
                              "Startup Cost": 0.0,
                              "Total Cost": 45479.59,
                              "Plan Rows": 72845,
                              "Plan Width": 4,
                              "Actual Startup Time": 0.039,
                              "Actual Total Time": 90.82,
                              "Actual Rows": 48346,
                              "Actual Loops": 4,
                              "Filter": "((production_year < 1979) AND (kind_id = 7))",
                              "Rows Removed by Filter": 583732
                            }
                          ]
                        }
                      ]
                    },
                    {
                      "Node Type": "Index Only Scan",
                      "Parent Relationship": "Inner",
                      "Parallel Aware": false,
                      "Scan Direction": "Forward",
                      "Index Name": "movie_id_cast_info",
                      "Relation Name": "cast_info",
                      "Alias": "ci",
                      "Startup Cost": 0.56,
                      "Total Cost": 3.79,
                      "Plan Rows": 35,
                      "Plan Width": 4,
                      "Actual Startup Time": 0.006,
                      "Actual Total Time": 0.033,
                      "Actual Rows": 17,
                      "Actual Loops": 11962,
                      "Index Cond": "(movie_id = mk.movie_id)",
                      "Rows Removed by Index Recheck": 0,
                      "Heap Fetches": 199913
                    }
                  ]
                }
              ]
            }
          ]
        }
      ]
    },
    "Planning Time": 1.025,
    "Triggers": [],
    "Execution Time": 380.086
  }
]