[
  {
    "Plan": {
      "Node Type": "Aggregate",
      "Strategy": "Plain",
      "Partial Mode": "Finalize",
      "Parallel Aware": false,
      "Startup Cost": 46485.08,
      "Total Cost": 46485.09,
      "Plan Rows": 1,
      "Plan Width": 8,
      "Actual Startup Time": 86.134,
      "Actual Total Time": 97.881,
      "Actual Rows": 1,
      "Actual Loops": 1,
      "Plans": [
        {
          "Node Type": "Gather",
          "Parent Relationship": "Outer",
          "Parallel Aware": false,
          "Startup Cost": 46484.66,
          "Total Cost": 46485.07,
          "Plan Rows": 4,
          "Plan Width": 8,
          "Actual Startup Time": 85.958,
          "Actual Total Time": 97.867,
          "Actual Rows": 5,
          "Actual Loops": 1,
          "Workers Planned": 4,
          "Workers Launched": 4,
          "Single Copy": false,
          "Plans": [
            {
              "Node Type": "Aggregate",
              "Strategy": "Plain",
              "Partial Mode": "Partial",
              "Parent Relationship": "Outer",
              "Parallel Aware": false,
              "Startup Cost": 45484.66,
              "Total Cost": 45484.67,
              "Plan Rows": 1,
              "Plan Width": 8,
              "Actual Startup Time": 80.513,
              "Actual Total Time": 80.515,
              "Actual Rows": 1,
              "Actual Loops": 5,
              "Plans": [
                {
                  "Node Type": "Seq Scan",
                  "Parent Relationship": "Outer",
                  "Parallel Aware": true,
                  "Relation Name": "title",
                  "Alias": "t",
                  "Startup Cost": 0.0,
                  "Total Cost": 45479.59,
                  "Plan Rows": 2030,
                  "Plan Width": 0,
                  "Actual Startup Time": 0.411,
                  "Actual Total Time": 80.341,
                  "Actual Rows": 1625,
                  "Actual Loops": 5,
                  "Filter": "((kind_id < 7) AND (production_year = 1987))",
                  "Rows Removed by Filter": 504037
                }
              ]
            }
          ]
        }
      ]
    },
    "Planning Time": 0.15,
    "Triggers": [],
    "Execution Time": 97.933
  }
]