[
  {
    "Plan": {
      "Node Type": "Aggregate",
      "Strategy": "Plain",
      "Partial Mode": "Finalize",
      "Parallel Aware": false,
      "Startup Cost": 46484.02,
      "Total Cost": 46484.03,
      "Plan Rows": 1,
      "Plan Width": 8,
      "Actual Startup Time": 97.988,
      "Actual Total Time": 110.57,
      "Actual Rows": 1,
      "Actual Loops": 1,
      "Plans": [
        {
          "Node Type": "Gather",
          "Parent Relationship": "Outer",
          "Parallel Aware": false,
          "Startup Cost": 46483.6,
          "Total Cost": 46484.01,
          "Plan Rows": 4,
          "Plan Width": 8,
          "Actual Startup Time": 97.848,
          "Actual Total Time": 110.561,
          "Actual Rows": 5,
          "Actual Loops": 1,
          "Workers Planned": 4,
          "Workers Launched": 4,
          "Single Copy": false,
          "Plans": [
            {
              "Node Type": "Aggregate",
              "Strategy": "Plain",
              "Partial Mode": "Partial",
              "Parent Relationship": "Outer",
              "Parallel Aware": false,
              "Startup Cost": 45483.6,
              "Total Cost": 45483.61,
              "Plan Rows": 1,
              "Plan Width": 8,
              "Actual Startup Time": 89.933,
              "Actual Total Time": 89.934,
              "Actual Rows": 1,
              "Actual Loops": 5,
              "Plans": [
                {
                  "Node Type": "Seq Scan",
                  "Parent Relationship": "Outer",
                  "Parallel Aware": true,
                  "Relation Name": "title",
                  "Alias": "t",
                  "Startup Cost": 0.0,
                  "Total Cost": 45479.1,
                  "Plan Rows": 1801,
                  "Plan Width": 0,
                  "Actual Startup Time": 0.914,
                  "Actual Total Time": 89.713,
                  "Actual Rows": 1625,
                  "Actual Loops": 5,
                  "Filter": "((kind_id < 7) AND (production_year = 1987))",
                  "Rows Removed by Filter": 504037
                }
              ]
            }
          ]
        }
      ]
    },
    "Planning Time": 0.193,
    "Triggers": [],
    "Execution Time": 110.63
  }
]