[
  {
    "Plan": {
      "Node Type": "Aggregate",
      "Strategy": "Plain",
      "Partial Mode": "Finalize",
      "Parallel Aware": false,
      "Startup Cost": 425049.99,
      "Total Cost": 425050.0,
      "Plan Rows": 1,
      "Plan Width": 8,
      "Actual Startup Time": 1633.642,
      "Actual Total Time": 1704.829,
      "Actual Rows": 1,
      "Actual Loops": 1,
      "Plans": [
        {
          "Node Type": "Gather",
          "Parent Relationship": "Outer",
          "Parallel Aware": false,
          "Startup Cost": 425049.37,
          "Total Cost": 425049.98,
          "Plan Rows": 6,
          "Plan Width": 8,
          "Actual Startup Time": 1619.267,
          "Actual Total Time": 1704.816,
          "Actual Rows": 7,
          "Actual Loops": 1,
          "Workers Planned": 6,
          "Workers Launched": 6,
          "Single Copy": false,
          "Plans": [
            {
              "Node Type": "Aggregate",
              "Strategy": "Plain",
              "Partial Mode": "Partial",
              "Parent Relationship": "Outer",
              "Parallel Aware": false,
              "Startup Cost": 424049.37,
              "Total Cost": 424049.38,
              "Plan Rows": 1,
              "Plan Width": 8,
              "Actual Startup Time": 1611.286,
              "Actual Total Time": 1611.614,
              "Actual Rows": 1,
              "Actual Loops": 7,
              "Plans": [
                {
                  "Node Type": "Hash Join",
                  "Parent Relationship": "Outer",
                  "Parallel Aware": true,
                  "Join Type": "Inner",
                  "Startup Cost": 84181.11,
                  "Total Cost": 422172.7,
                  "Plan Rows": 750668,
                  "Plan Width": 0,
                  "Actual Startup Time": 654.041,
                  "Actual Total Time": 1514.195,
                  "Actual Rows": 2003231,
                  "Actual Loops": 7,
                  "Inner Unique": false,
                  "Hash Cond": "(ci.movie_id = t.id)",
                  "Plans": [
                    {
                      "Node Type": "Seq Scan",
                      "Parent Relationship": "Outer",
                      "Parallel Aware": true,
                      "Relation Name": "cast_info",
                      "Alias": "ci",
                      "Startup Cost": 0.0,
                      "Total Cost": 328211.39,
                      "Plan Rows": 1962316,
                      "Plan Width": 4,
                      "Actual Startup Time": 283.732,
                      "Actual Total Time": 607.217,
                      "Actual Rows": 1662678,
                      "Actual Loops": 7,
                      "Filter": "(person_id > 2529965)",
                      "Rows Removed by Filter": 3515086
                    },
                    {
                      "Node Type": "Hash",
                      "Parent Relationship": "Inner",
                      "Parallel Aware": true,
                      "Startup Cost": 80281.0,
                      "Total Cost": 80281.0,
                      "Plan Rows": 312009,
                      "Plan Width": 8,
                      "Actual Startup Time": 368.115,
                      "Actual Total Time": 368.439,
                      "Actual Rows": 115094,
                      "Actual Loops": 7,
                      "Hash Buckets": 1048576,
                      "Original Hash Buckets": 1048576,
                      "Hash Batches": 1,
                      "Original Hash Batches": 1,
                      "Peak Memory Usage": 39808,
                      "Plans": [
                        {
                          "Node Type": "Hash Join",
                          "Parent Relationship": "Outer",
                          "Parallel Aware": true,
                          "Join Type": "Inner",
                          "Startup Cost": 49890.1,
                          "Total Cost": 80281.0,
                          "Plan Rows": 312009,
                          "Plan Width": 8,
                          "Actual Startup Time": 223.686,
                          "Actual Total Time": 330.886,
                          "Actual Rows": 115094,
                          "Actual Loops": 7,
                          "Inner Unique": true,
                          "Hash Cond": "(mc.movie_id = t.id)",
                          "Plans": [
                            {
                              "Node Type": "Seq Scan",
                              "Parent Relationship": "Outer",
                              "Parallel Aware": true,
                              "Relation Name": "movie_companies",
                              "Alias": "mc",
                              "Startup Cost": 0.0,
                              "Total Cost": 29310.68,
                              "Plan Rows": 411513,
                              "Plan Width": 4,
                              "Actual Startup Time": 0.038,
                              "Actual Total Time": 48.245,
                              "Actual Rows": 182035,
                              "Actual Loops": 7,
                              "Filter": "(company_type_id = 1)",
                              "Rows Removed by Filter": 190698
                            },
                            {
                              "Node Type": "Hash",
                              "Parent Relationship": "Inner",
                              "Parallel Aware": true,
                              "Startup Cost": 43899.32,
                              "Total Cost": 43899.32,
                              "Plan Rows": 479262,
                              "Plan Width": 4,
                              "Actual Startup Time": 221.701,
                              "Actual Total Time": 221.703,
                              "Actual Rows": 271894,
                              "Actual Loops": 7,
                              "Hash Buckets": 2097152,
                              "Original Hash Buckets": 2097152,
                              "Hash Batches": 1,
                              "Original Hash Batches": 1,
                              "Peak Memory Usage": 90976,
                              "Plans": [
                                {
                                  "Node Type": "Seq Scan",
                                  "Parent Relationship": "Outer",
                                  "Parallel Aware": true,
                                  "Relation Name": "title",
                                  "Alias": "t",
                                  "Startup Cost": 0.0,
                                  "Total Cost": 43899.32,
                                  "Plan Rows": 479262,
                                  "Plan Width": 4,
                                  "Actual Startup Time": 0.03,
                                  "Actual Total Time": 86.707,
                                  "Actual Rows": 271894,
                                  "Actual Loops": 7,
                                  "Filter": "(production_year > 1982)",
                                  "Rows Removed by Filter": 89293
                                }
                              ]
                            }
                          ]
                        }
                      ]
                    }
                  ]
                }
              ]
            }
          ]
        }
      ]
    },
    "Planning Time": 0.663,
    "Triggers": [],
    "Execution Time": 1704.897
  }
]