[
  {
    "Plan": {
      "Node Type": "Aggregate",
      "Strategy": "Plain",
      "Partial Mode": "Finalize",
      "Parallel Aware": false,
      "Startup Cost": 424981.38,
      "Total Cost": 424981.39,
      "Plan Rows": 1,
      "Plan Width": 8,
      "Actual Startup Time": 1447.077,
      "Actual Total Time": 1512.581,
      "Actual Rows": 1,
      "Actual Loops": 1,
      "Plans": [
        {
          "Node Type": "Gather",
          "Parent Relationship": "Outer",
          "Parallel Aware": false,
          "Startup Cost": 424980.75,
          "Total Cost": 424981.36,
          "Plan Rows": 6,
          "Plan Width": 8,
          "Actual Startup Time": 1429.649,
          "Actual Total Time": 1512.57,
          "Actual Rows": 7,
          "Actual Loops": 1,
          "Workers Planned": 6,
          "Workers Launched": 6,
          "Single Copy": false,
          "Plans": [
            {
              "Node Type": "Aggregate",
              "Strategy": "Plain",
              "Partial Mode": "Partial",
              "Parent Relationship": "Outer",
              "Parallel Aware": false,
              "Startup Cost": 423980.75,
              "Total Cost": 423980.76,
              "Plan Rows": 1,
              "Plan Width": 8,
              "Actual Startup Time": 1419.38,
              "Actual Total Time": 1419.771,
              "Actual Rows": 1,
              "Actual Loops": 7,
              "Plans": [
                {
                  "Node Type": "Hash Join",
                  "Parent Relationship": "Outer",
                  "Parallel Aware": true,
                  "Join Type": "Inner",
                  "Startup Cost": 84206.39,
                  "Total Cost": 422104.11,
                  "Plan Rows": 750655,
                  "Plan Width": 0,
                  "Actual Startup Time": 594.719,
                  "Actual Total Time": 1340.156,
                  "Actual Rows": 2003231,
                  "Actual Loops": 7,
                  "Inner Unique": false,
                  "Hash Cond": "(ci.movie_id = t.id)",
                  "Plans": [
                    {
                      "Node Type": "Seq Scan",
                      "Parent Relationship": "Outer",
                      "Parallel Aware": true,
                      "Relation Name": "cast_info",
                      "Alias": "ci",
                      "Startup Cost": 0.0,
                      "Total Cost": 328162.03,
                      "Plan Rows": 1950460,
                      "Plan Width": 4,
                      "Actual Startup Time": 247.687,
                      "Actual Total Time": 527.688,
                      "Actual Rows": 1662678,
                      "Actual Loops": 7,
                      "Filter": "(person_id > 2529965)",
                      "Rows Removed by Filter": 3515086
                    },
                    {
                      "Node Type": "Hash",
                      "Parent Relationship": "Inner",
                      "Parallel Aware": true,
                      "Startup Cost": 80282.84,
                      "Total Cost": 80282.84,
                      "Plan Rows": 313884,
                      "Plan Width": 8,
                      "Actual Startup Time": 344.092,
                      "Actual Total Time": 344.473,
                      "Actual Rows": 115094,
                      "Actual Loops": 7,
                      "Hash Buckets": 1048576,
                      "Original Hash Buckets": 1048576,
                      "Hash Batches": 1,
                      "Original Hash Batches": 1,
                      "Peak Memory Usage": 39872,
                      "Plans": [
                        {
                          "Node Type": "Hash Join",
                          "Parent Relationship": "Outer",
                          "Parallel Aware": true,
                          "Join Type": "Inner",
                          "Startup Cost": 49884.58,
                          "Total Cost": 80282.84,
                          "Plan Rows": 313884,
                          "Plan Width": 8,
                          "Actual Startup Time": 210.481,
                          "Actual Total Time": 310.14,
                          "Actual Rows": 115094,
                          "Actual Loops": 7,
                          "Inner Unique": true,
                          "Hash Cond": "(mc.movie_id = t.id)",
                          "Plans": [
                            {
                              "Node Type": "Seq Scan",
                              "Parent Relationship": "Outer",
                              "Parallel Aware": true,
                              "Relation Name": "movie_companies",
                              "Alias": "mc",
                              "Startup Cost": 0.0,
                              "Total Cost": 29310.68,
                              "Plan Rows": 414318,
                              "Plan Width": 4,
                              "Actual Startup Time": 0.022,
                              "Actual Total Time": 43.192,
                              "Actual Rows": 182035,
                              "Actual Loops": 7,
                              "Filter": "(company_type_id = 1)",
                              "Rows Removed by Filter": 190698
                            },
                            {
                              "Node Type": "Hash",
                              "Parent Relationship": "Inner",
                              "Parallel Aware": true,
                              "Startup Cost": 43898.92,
                              "Total Cost": 43898.92,
                              "Plan Rows": 478853,
                              "Plan Width": 4,
                              "Actual Startup Time": 207.96,
                              "Actual Total Time": 207.961,
                              "Actual Rows": 271894,
                              "Actual Loops": 7,
                              "Hash Buckets": 2097152,
                              "Original Hash Buckets": 2097152,
                              "Hash Batches": 1,
                              "Original Hash Batches": 1,
                              "Peak Memory Usage": 90976,
                              "Plans": [
                                {
                                  "Node Type": "Seq Scan",
                                  "Parent Relationship": "Outer",
                                  "Parallel Aware": true,
                                  "Relation Name": "title",
                                  "Alias": "t",
                                  "Startup Cost": 0.0,
                                  "Total Cost": 43898.92,
                                  "Plan Rows": 478853,
                                  "Plan Width": 4,
                                  "Actual Startup Time": 0.045,
                                  "Actual Total Time": 79.253,
                                  "Actual Rows": 271894,
                                  "Actual Loops": 7,
                                  "Filter": "(production_year > 1982)",
                                  "Rows Removed by Filter": 89293
                                }
                              ]
                            }
                          ]
                        }
                      ]
                    }
                  ]
                }
              ]
            }
          ]
        }
      ]
    },
    "Planning Time": 0.968,
    "Triggers": [],
    "Execution Time": 1512.663
  }
]