[
  {
    "Plan": {
      "Node Type": "Aggregate",
      "Strategy": "Plain",
      "Partial Mode": "Finalize",
      "Parallel Aware": false,
      "Startup Cost": 21250.54,
      "Total Cost": 21250.55,
      "Plan Rows": 1,
      "Plan Width": 8,
      "Actual Startup Time": 27.279,
      "Actual Total Time": 33.524,
      "Actual Rows": 1,
      "Actual Loops": 1,
      "Plans": [
        {
          "Node Type": "Gather",
          "Parent Relationship": "Outer",
          "Parallel Aware": false,
          "Startup Cost": 21250.33,
          "Total Cost": 21250.54,
          "Plan Rows": 2,
          "Plan Width": 8,
          "Actual Startup Time": 27.114,
          "Actual Total Time": 33.516,
          "Actual Rows": 3,
          "Actual Loops": 1,
          "Workers Planned": 2,
          "Workers Launched": 2,
          "Single Copy": false,
          "Plans": [
            {
              "Node Type": "Aggregate",
              "Strategy": "Plain",
              "Partial Mode": "Partial",
              "Parent Relationship": "Outer",
              "Parallel Aware": false,
              "Startup Cost": 20250.33,
              "Total Cost": 20250.34,
              "Plan Rows": 1,
              "Plan Width": 8,
              "Actual Startup Time": 22.895,
              "Actual Total Time": 22.897,
              "Actual Rows": 1,
              "Actual Loops": 3,
              "Plans": [
                {
                  "Node Type": "Nested Loop",
                  "Parent Relationship": "Outer",
                  "Parallel Aware": false,
                  "Join Type": "Inner",
                  "Startup Cost": 117.3,
                  "Total Cost": 20249.62,
                  "Plan Rows": 282,
                  "Plan Width": 0,
                  "Actual Startup Time": 11.349,
                  "Actual Total Time": 22.879,
                  "Actual Rows": 45,
                  "Actual Loops": 3,
                  "Inner Unique": true,
                  "Plans": [
                    {
                      "Node Type": "Bitmap Heap Scan",
                      "Parent Relationship": "Outer",
                      "Parallel Aware": true,
                      "Relation Name": "movie_companies",
                      "Alias": "mc",
                      "Startup Cost": 116.87,
                      "Total Cost": 11808.62,
                      "Plan Rows": 1081,
                      "Plan Width": 4,
                      "Actual Startup Time": 1.849,
                      "Actual Total Time": 8.277,
                      "Actual Rows": 1085,
                      "Actual Loops": 3,
                      "Recheck Cond": "(company_id = 73)",
                      "Rows Removed by Index Recheck": 0,
                      "Filter": "(company_type_id < 2)",
                      "Rows Removed by Filter": 808,
                      "Exact Heap Blocks": 1585,
                      "Lossy Heap Blocks": 0,
                      "Plans": [
                        {
                          "Node Type": "Bitmap Index Scan",
                          "Parent Relationship": "Outer",
                          "Parallel Aware": false,
                          "Index Name": "company_id_movie_companies",
                          "Startup Cost": 0.0,
                          "Total Cost": 116.22,
                          "Plan Rows": 5305,
                          "Plan Width": 0,
                          "Actual Startup Time": 4.021,
                          "Actual Total Time": 4.022,
                          "Actual Rows": 5677,
                          "Actual Loops": 1,
                          "Index Cond": "(company_id = 73)"
                        }
                      ]
                    },
                    {
                      "Node Type": "Index Scan",
                      "Parent Relationship": "Inner",
                      "Parallel Aware": false,
                      "Scan Direction": "Forward",
                      "Index Name": "title_pkey",
                      "Relation Name": "title",
                      "Alias": "t",
                      "Startup Cost": 0.43,
                      "Total Cost": 7.81,
                      "Plan Rows": 1,
                      "Plan Width": 4,
                      "Actual Startup Time": 0.013,
                      "Actual Total Time": 0.013,
                      "Actual Rows": 0,
                      "Actual Loops": 3254,
                      "Index Cond": "(id = mc.movie_id)",
                      "Rows Removed by Index Recheck": 0,
                      "Filter": "(kind_id = 1)",
                      "Rows Removed by Filter": 1
                    }
                  ]
                }
              ]
            }
          ]
        }
      ]
    },
    "Planning Time": 0.699,
    "Triggers": [],
    "Execution Time": 33.613
  }
]