[
  {
    "Plan": {
      "Node Type": "Aggregate",
      "Strategy": "Plain",
      "Partial Mode": "Finalize",
      "Parallel Aware": false,
      "Startup Cost": 404572.9,
      "Total Cost": 404572.91,
      "Plan Rows": 1,
      "Plan Width": 8,
      "Actual Startup Time": 1738.484,
      "Actual Total Time": 1803.928,
      "Actual Rows": 1,
      "Actual Loops": 1,
      "Plans": [
        {
          "Node Type": "Gather",
          "Parent Relationship": "Outer",
          "Parallel Aware": false,
          "Startup Cost": 404572.28,
          "Total Cost": 404572.89,
          "Plan Rows": 6,
          "Plan Width": 8,
          "Actual Startup Time": 1732.821,
          "Actual Total Time": 1803.913,
          "Actual Rows": 7,
          "Actual Loops": 1,
          "Workers Planned": 6,
          "Workers Launched": 6,
          "Single Copy": false,
          "Plans": [
            {
              "Node Type": "Aggregate",
              "Strategy": "Plain",
              "Partial Mode": "Partial",
              "Parent Relationship": "Outer",
              "Parallel Aware": false,
              "Startup Cost": 403572.28,
              "Total Cost": 403572.29,
              "Plan Rows": 1,
              "Plan Width": 8,
              "Actual Startup Time": 1720.859,
              "Actual Total Time": 1720.862,
              "Actual Rows": 1,
              "Actual Loops": 7,
              "Plans": [
                {
                  "Node Type": "Hash Join",
                  "Parent Relationship": "Outer",
                  "Parallel Aware": true,
                  "Join Type": "Inner",
                  "Startup Cost": 47095.69,
                  "Total Cost": 399895.18,
                  "Plan Rows": 1470839,
                  "Plan Width": 0,
                  "Actual Startup Time": 224.696,
                  "Actual Total Time": 1661.13,
                  "Actual Rows": 1292046,
                  "Actual Loops": 7,
                  "Inner Unique": true,
                  "Hash Cond": "(ci.movie_id = t.id)",
                  "Plans": [
                    {
                      "Node Type": "Seq Scan",
                      "Parent Relationship": "Outer",
                      "Parallel Aware": true,
                      "Relation Name": "cast_info",
                      "Alias": "ci",
                      "Startup Cost": 0.0,
                      "Total Cost": 343257.03,
                      "Plan Rows": 3635218,
                      "Plan Width": 4,
                      "Actual Startup Time": 77.246,
                      "Actual Total Time": 676.837,
                      "Actual Rows": 2985394,
                      "Actual Loops": 7,
                      "Filter": "((person_id > 663925) AND (role_id < 5))",
                      "Rows Removed by Filter": 2192370
                    },
                    {
                      "Node Type": "Hash",
                      "Parent Relationship": "Inner",
                      "Parallel Aware": true,
                      "Startup Cost": 43898.92,
                      "Total Cost": 43898.92,
                      "Plan Rows": 255742,
                      "Plan Width": 4,
                      "Actual Startup Time": 144.185,
                      "Actual Total Time": 144.186,
                      "Actual Rows": 144703,
                      "Actual Loops": 7,
                      "Hash Buckets": 1048576,
                      "Original Hash Buckets": 1048576,
                      "Hash Batches": 1,
                      "Original Hash Batches": 1,
                      "Peak Memory Usage": 47936,
                      "Plans": [
                        {
                          "Node Type": "Seq Scan",
                          "Parent Relationship": "Outer",
                          "Parallel Aware": true,
                          "Relation Name": "title",
                          "Alias": "t",
                          "Startup Cost": 0.0,
                          "Total Cost": 43898.92,
                          "Plan Rows": 255742,
                          "Plan Width": 4,
                          "Actual Startup Time": 0.046,
                          "Actual Total Time": 77.415,
                          "Actual Rows": 144703,
                          "Actual Loops": 7,
                          "Filter": "(production_year > 2005)",
                          "Rows Removed by Filter": 216485
                        }
                      ]
                    }
                  ]
                }
              ]
            }
          ]
        }
      ]
    },
    "Planning Time": 0.688,
    "Triggers": [],
    "Execution Time": 1804.017
  }
]