[
  {
    "Plan": {
      "Node Type": "Aggregate",
      "Strategy": "Plain",
      "Partial Mode": "Finalize",
      "Parallel Aware": false,
      "Startup Cost": 292527.87,
      "Total Cost": 292527.88,
      "Plan Rows": 1,
      "Plan Width": 8,
      "Actual Startup Time": 1805.107,
      "Actual Total Time": 1855.115,
      "Actual Rows": 1,
      "Actual Loops": 1,
      "Plans": [
        {
          "Node Type": "Gather",
          "Parent Relationship": "Outer",
          "Parallel Aware": false,
          "Startup Cost": 292527.34,
          "Total Cost": 292527.85,
          "Plan Rows": 5,
          "Plan Width": 8,
          "Actual Startup Time": 1794.306,
          "Actual Total Time": 1855.101,
          "Actual Rows": 6,
          "Actual Loops": 1,
          "Workers Planned": 5,
          "Workers Launched": 5,
          "Single Copy": false,
          "Plans": [
            {
              "Node Type": "Aggregate",
              "Strategy": "Plain",
              "Partial Mode": "Partial",
              "Parent Relationship": "Outer",
              "Parallel Aware": false,
              "Startup Cost": 291527.34,
              "Total Cost": 291527.35,
              "Plan Rows": 1,
              "Plan Width": 8,
              "Actual Startup Time": 1784.146,
              "Actual Total Time": 1784.596,
              "Actual Rows": 1,
              "Actual Loops": 6,
              "Plans": [
                {
                  "Node Type": "Hash Join",
                  "Parent Relationship": "Outer",
                  "Parallel Aware": true,
                  "Join Type": "Inner",
                  "Startup Cost": 82914.06,
                  "Total Cost": 288544.74,
                  "Plan Rows": 1193040,
                  "Plan Width": 0,
                  "Actual Startup Time": 433.609,
                  "Actual Total Time": 1638.068,
                  "Actual Rows": 3080672,
                  "Actual Loops": 6,
                  "Inner Unique": false,
                  "Hash Cond": "(mi.movie_id = t.id)",
                  "Plans": [
                    {
                      "Node Type": "Seq Scan",
                      "Parent Relationship": "Outer",
                      "Parallel Aware": true,
                      "Relation Name": "movie_info",
                      "Alias": "mi",
                      "Startup Cost": 0.0,
                      "Total Cost": 191560.33,
                      "Plan Rows": 2956733,
                      "Plan Width": 4,
                      "Actual Startup Time": 0.018,
                      "Actual Total Time": 323.146,
                      "Actual Rows": 2472620,
                      "Actual Loops": 6
                    },
                    {
                      "Node Type": "Hash",
                      "Parent Relationship": "Inner",
                      "Parallel Aware": true,
                      "Startup Cost": 79726.05,
                      "Total Cost": 79726.05,
                      "Plan Rows": 255041,
                      "Plan Width": 8,
                      "Actual Startup Time": 428.339,
                      "Actual Total Time": 428.787,
                      "Actual Rows": 172022,
                      "Actual Loops": 6,
                      "Hash Buckets": 1048576,
                      "Original Hash Buckets": 1048576,
                      "Hash Batches": 1,
                      "Original Hash Batches": 1,
                      "Peak Memory Usage": 48672,
                      "Plans": [
                        {
                          "Node Type": "Hash Join",
                          "Parent Relationship": "Outer",
                          "Parallel Aware": true,
                          "Join Type": "Inner",
                          "Startup Cost": 33424.24,
                          "Total Cost": 79726.05,
                          "Plan Rows": 255041,
                          "Plan Width": 8,
                          "Actual Startup Time": 134.518,
                          "Actual Total Time": 364.718,
                          "Actual Rows": 172022,
                          "Actual Loops": 6,
                          "Inner Unique": false,
                          "Hash Cond": "(t.id = mc.movie_id)",
                          "Plans": [
                            {
                              "Node Type": "Seq Scan",
                              "Parent Relationship": "Outer",
                              "Parallel Aware": true,
                              "Relation Name": "title",
                              "Alias": "t",
                              "Startup Cost": 0.0,
                              "Total Cost": 42318.73,
                              "Plan Rows": 632073,
                              "Plan Width": 4,
                              "Actual Startup Time": 0.022,
                              "Actual Total Time": 65.503,
                              "Actual Rows": 421385,
                              "Actual Loops": 6
                            },
                            {
                              "Node Type": "Hash",
                              "Parent Relationship": "Inner",
                              "Parallel Aware": true,
                              "Startup Cost": 29310.68,
                              "Total Cost": 29310.68,
                              "Plan Rows": 329085,
                              "Plan Width": 4,
                              "Actual Startup Time": 132.602,
                              "Actual Total Time": 132.603,
                              "Actual Rows": 172022,
                              "Actual Loops": 6,
                              "Hash Buckets": 1048576,
                              "Original Hash Buckets": 1048576,
                              "Hash Batches": 1,
                              "Original Hash Batches": 1,
                              "Peak Memory Usage": 48704,
                              "Plans": [
                                {
                                  "Node Type": "Seq Scan",
                                  "Parent Relationship": "Outer",
                                  "Parallel Aware": true,
                                  "Relation Name": "movie_companies",
                                  "Alias": "mc",
                                  "Startup Cost": 0.0,
                                  "Total Cost": 29310.68,
                                  "Plan Rows": 329085,
                                  "Plan Width": 4,
                                  "Actual Startup Time": 17.511,
                                  "Actual Total Time": 70.514,
                                  "Actual Rows": 172022,
                                  "Actual Loops": 6,
                                  "Filter": "(company_id > 15535)",
                                  "Rows Removed by Filter": 262832
                                }
                              ]
                            }
                          ]
                        }
                      ]
                    }
                  ]
                }
              ]
            }
          ]
        }
      ]
    },
    "Planning Time": 1.344,
    "Triggers": [],
    "Execution Time": 1855.213
  }
]