{
  "Plan": {
    "Node Type": "Aggregate",
    "Strategy": "Plain",
    "Partial Mode": "Finalize",
    "Parallel Aware": false,
    "Startup Cost": 722400.12,
    "Total Cost": 722400.13,
    "Plan Rows": 1,
    "Plan Width": 8,
    "Actual Startup Time": 2877.068,
    "Actual Total Time": 2932.193,
    "Actual Rows": 1,
    "Actual Loops": 1,
    "Plans": [
      {
        "Node Type": "Gather",
        "Parent Relationship": "Outer",
        "Parallel Aware": false,
        "Startup Cost": 722400.01,
        "Total Cost": 722400.12,
        "Plan Rows": 1,
        "Plan Width": 8,
        "Actual Startup Time": 2863.522,
        "Actual Total Time": 2932.182,
        "Actual Rows": 2,
        "Actual Loops": 1,
        "Workers Planned": 1,
        "Workers Launched": 1,
        "Single Copy": false,
        "Plans": [
          {
            "Node Type": "Aggregate",
            "Strategy": "Plain",
            "Partial Mode": "Partial",
            "Parent Relationship": "Outer",
            "Parallel Aware": false,
            "Startup Cost": 721400.01,
            "Total Cost": 721400.02,
            "Plan Rows": 1,
            "Plan Width": 8,
            "Actual Startup Time": 2852.462,
            "Actual Total Time": 2854.76,
            "Actual Rows": 1,
            "Actual Loops": 2,
            "Plans": [
              {
                "Node Type": "Hash Join",
                "Parent Relationship": "Outer",
                "Parallel Aware": true,
                "Join Type": "Inner",
                "Startup Cost": 342954.73,
                "Total Cost": 711452.14,
                "Plan Rows": 3979146,
                "Plan Width": 0,
                "Actual Startup Time": 1843.818,
                "Actual Total Time": 2774.688,
                "Actual Rows": 1648420,
                "Actual Loops": 2,
                "Inner Unique": false,
                "Hash Cond": "(ci.movie_id = t.id)",
                "Plans": [
                  {
                    "Node Type": "Bitmap Heap Scan",
                    "Parent Relationship": "Outer",
                    "Parallel Aware": true,
                    "Relation Name": "cast_info",
                    "Alias": "ci",
                    "Startup Cost": 188895.08,
                    "Total Cost": 517336.58,
                    "Plan Rows": 3329832,
                    "Plan Width": 4,
                    "Actual Startup Time": 304.258,
                    "Actual Total Time": 875.44,
                    "Actual Rows": 727524,
                    "Actual Loops": 2,
                    "Recheck Cond": "(person_id > 2835900)",
                    "Rows Removed by Index Recheck": 0,
                    "Filter": "(role_id < 4)",
                    "Rows Removed by Filter": 3524362,
                    "Exact Heap Blocks": 63801,
                    "Lossy Heap Blocks": 0,
                    "Plans": [
                      {
                        "Node Type": "Bitmap Index Scan",
                        "Parent Relationship": "Outer",
                        "Parallel Aware": false,
                        "Index Name": "person_id_cast_info",
                        "Startup Cost": 0.0,
                        "Total Cost": 187479.9,
                        "Plan Rows": 8585511,
                        "Plan Width": 0,
                        "Actual Startup Time": 287.601,
                        "Actual Total Time": 287.602,
                        "Actual Rows": 8503774,
                        "Actual Loops": 1,
                        "Index Cond": "(person_id > 2835900)"
                      }
                    ]
                  },
                  {
                    "Node Type": "Hash",
                    "Parent Relationship": "Inner",
                    "Parallel Aware": true,
                    "Startup Cost": 131844.16,
                    "Total Cost": 131844.16,
                    "Plan Rows": 1777240,
                    "Plan Width": 8,
                    "Actual Startup Time": 1518.105,
                    "Actual Total Time": 1520.401,
                    "Actual Rows": 1503364,
                    "Actual Loops": 2,
                    "Hash Buckets": 4194304,
                    "Original Hash Buckets": 4194304,
                    "Hash Batches": 1,
                    "Original Hash Batches": 1,
                    "Peak Memory Usage": 150432,
                    "Plans": [
                      {
                        "Node Type": "Hash Join",
                        "Parent Relationship": "Outer",
                        "Parallel Aware": true,
                        "Join Type": "Inner",
                        "Startup Cost": 69460.7,
                        "Total Cost": 131844.16,
                        "Plan Rows": 1777240,
                        "Plan Width": 8,
                        "Actual Startup Time": 628.926,
                        "Actual Total Time": 1197.902,
                        "Actual Rows": 1503364,
                        "Actual Loops": 2,
                        "Inner Unique": true,
                        "Hash Cond": "(mk.movie_id = t.id)",
                        "Plans": [
                          {
                            "Node Type": "Seq Scan",
                            "Parent Relationship": "Outer",
                            "Parallel Aware": true,
                            "Relation Name": "movie_keyword",
                            "Alias": "mk",
                            "Startup Cost": 0.0,
                            "Total Cost": 57718.19,
                            "Plan Rows": 1777240,
                            "Plan Width": 4,
                            "Actual Startup Time": 0.221,
                            "Actual Total Time": 252.446,
                            "Actual Rows": 1503364,
                            "Actual Loops": 2,
                            "Filter": "(keyword_id > 2197)",
                            "Rows Removed by Filter": 758600
                          },
                          {
                            "Node Type": "Hash",
                            "Parent Relationship": "Inner",
                            "Parallel Aware": true,
                            "Startup Cost": 50870.31,
                            "Total Cost": 50870.31,
                            "Plan Rows": 1487231,
                            "Plan Width": 4,
                            "Actual Startup Time": 616.528,
                            "Actual Total Time": 616.53,
                            "Actual Rows": 1264156,
                            "Actual Loops": 2,
                            "Hash Buckets": 4194304,
                            "Original Hash Buckets": 4194304,
                            "Hash Batches": 1,
                            "Original Hash Batches": 1,
                            "Peak Memory Usage": 131680,
                            "Plans": [
                              {
                                "Node Type": "Seq Scan",
                                "Parent Relationship": "Outer",
                                "Parallel Aware": true,
                                "Relation Name": "title",
                                "Alias": "t",
                                "Startup Cost": 0.0,
                                "Total Cost": 50870.31,
                                "Plan Rows": 1487231,
                                "Plan Width": 4,
                                "Actual Startup Time": 0.032,
                                "Actual Total Time": 175.75,
                                "Actual Rows": 1264156,
                                "Actual Loops": 2
                              }
                            ]
                          }
                        ]
                      }
                    ]
                  }
                ]
              }
            ]
          }
        ]
      }
    ]
  },
  "Planning Time": 0.972,
  "Triggers": [],
  "Execution Time": 2932.304
}