[
  {
    "Plan": {
      "Node Type": "Aggregate",
      "Strategy": "Plain",
      "Partial Mode": "Finalize",
      "Parallel Aware": false,
      "Startup Cost": 33182.27,
      "Total Cost": 33182.28,
      "Plan Rows": 1,
      "Plan Width": 8,
      "Actual Startup Time": 111.01,
      "Actual Total Time": 116.483,
      "Actual Rows": 1,
      "Actual Loops": 1,
      "Plans": [
        {
          "Node Type": "Gather",
          "Parent Relationship": "Outer",
          "Parallel Aware": false,
          "Startup Cost": 33181.95,
          "Total Cost": 33182.26,
          "Plan Rows": 3,
          "Plan Width": 8,
          "Actual Startup Time": 110.886,
          "Actual Total Time": 116.474,
          "Actual Rows": 4,
          "Actual Loops": 1,
          "Workers Planned": 3,
          "Workers Launched": 3,
          "Single Copy": false,
          "Plans": [
            {
              "Node Type": "Aggregate",
              "Strategy": "Plain",
              "Partial Mode": "Partial",
              "Parent Relationship": "Outer",
              "Parallel Aware": false,
              "Startup Cost": 32181.95,
              "Total Cost": 32181.96,
              "Plan Rows": 1,
              "Plan Width": 8,
              "Actual Startup Time": 103.08,
              "Actual Total Time": 103.081,
              "Actual Rows": 1,
              "Actual Loops": 4,
              "Plans": [
                {
                  "Node Type": "Seq Scan",
                  "Parent Relationship": "Outer",
                  "Parallel Aware": true,
                  "Relation Name": "movie_companies",
                  "Alias": "mc",
                  "Startup Cost": 0.0,
                  "Total Cost": 31414.82,
                  "Plan Rows": 306853,
                  "Plan Width": 0,
                  "Actual Startup Time": 0.045,
                  "Actual Total Time": 84.968,
                  "Actual Rows": 310744,
                  "Actual Loops": 4,
                  "Filter": "((company_id < 47035) AND (company_type_id < 2))",
                  "Rows Removed by Filter": 341539
                }
              ]
            }
          ]
        }
      ]
    },
    "Planning Time": 0.177,
    "Triggers": [],
    "Execution Time": 116.533
  }
]