{
  "Plan": {
    "Node Type": "Aggregate",
    "Strategy": "Plain",
    "Partial Mode": "Finalize",
    "Parallel Aware": false,
    "Startup Cost": 87275.0,
    "Total Cost": 87275.01,
    "Plan Rows": 1,
    "Plan Width": 8,
    "Actual Startup Time": 174.092,
    "Actual Total Time": 190.142,
    "Actual Rows": 1,
    "Actual Loops": 1,
    "Plans": [
      {
        "Node Type": "Gather",
        "Parent Relationship": "Outer",
        "Parallel Aware": false,
        "Startup Cost": 87274.88,
        "Total Cost": 87274.99,
        "Plan Rows": 1,
        "Plan Width": 8,
        "Actual Startup Time": 173.956,
        "Actual Total Time": 190.135,
        "Actual Rows": 2,
        "Actual Loops": 1,
        "Workers Planned": 1,
        "Workers Launched": 1,
        "Single Copy": false,
        "Plans": [
          {
            "Node Type": "Aggregate",
            "Strategy": "Plain",
            "Partial Mode": "Partial",
            "Parent Relationship": "Outer",
            "Parallel Aware": false,
            "Startup Cost": 86274.88,
            "Total Cost": 86274.89,
            "Plan Rows": 1,
            "Plan Width": 8,
            "Actual Startup Time": 168.175,
            "Actual Total Time": 168.176,
            "Actual Rows": 1,
            "Actual Loops": 2,
            "Plans": [
              {
                "Node Type": "Nested Loop",
                "Parent Relationship": "Outer",
                "Parallel Aware": false,
                "Join Type": "Inner",
                "Startup Cost": 0.43,
                "Total Cost": 86262.06,
                "Plan Rows": 5129,
                "Plan Width": 0,
                "Actual Startup Time": 2.715,
                "Actual Total Time": 167.631,
                "Actual Rows": 9215,
                "Actual Loops": 2,
                "Inner Unique": false,
                "Plans": [
                  {
                    "Node Type": "Seq Scan",
                    "Parent Relationship": "Outer",
                    "Parallel Aware": true,
                    "Relation Name": "title",
                    "Alias": "t",
                    "Startup Cost": 0.0,
                    "Total Cost": 54588.39,
                    "Plan Rows": 3619,
                    "Plan Width": 4,
                    "Actual Startup Time": 0.257,
                    "Actual Total Time": 143.082,
                    "Actual Rows": 3173,
                    "Actual Loops": 2,
                    "Filter": "(production_year = 1952)",
                    "Rows Removed by Filter": 1260983
                  },
                  {
                    "Node Type": "Index Scan",
                    "Parent Relationship": "Inner",
                    "Parallel Aware": false,
                    "Scan Direction": "Forward",
                    "Index Name": "movie_id_movie_keyword",
                    "Relation Name": "movie_keyword",
                    "Alias": "mk",
                    "Startup Cost": 0.43,
                    "Total Cost": 8.39,
                    "Plan Rows": 36,
                    "Plan Width": 4,
                    "Actual Startup Time": 0.006,
                    "Actual Total Time": 0.007,
                    "Actual Rows": 3,
                    "Actual Loops": 6346,
                    "Index Cond": "(movie_id = t.id)",
                    "Rows Removed by Index Recheck": 0,
                    "Filter": "(keyword_id > 884)",
                    "Rows Removed by Filter": 1
                  }
                ]
              }
            ]
          }
        ]
      }
    ]
  },
  "Planning Time": 0.48,
  "Triggers": [],
  "Execution Time": 190.216
}