[
  {
    "Plan": {
      "Node Type": "Aggregate",
      "Strategy": "Plain",
      "Partial Mode": "Finalize",
      "Parallel Aware": false,
      "Startup Cost": 63954.64,
      "Total Cost": 63954.65,
      "Plan Rows": 1,
      "Plan Width": 8,
      "Actual Startup Time": 322.832,
      "Actual Total Time": 334.893,
      "Actual Rows": 1,
      "Actual Loops": 1,
      "Plans": [
        {
          "Node Type": "Gather",
          "Parent Relationship": "Outer",
          "Parallel Aware": false,
          "Startup Cost": 63954.43,
          "Total Cost": 63954.64,
          "Plan Rows": 2,
          "Plan Width": 8,
          "Actual Startup Time": 320.791,
          "Actual Total Time": 334.886,
          "Actual Rows": 3,
          "Actual Loops": 1,
          "Workers Planned": 2,
          "Workers Launched": 2,
          "Single Copy": false,
          "Plans": [
            {
              "Node Type": "Aggregate",
              "Strategy": "Plain",
              "Partial Mode": "Partial",
              "Parent Relationship": "Outer",
              "Parallel Aware": false,
              "Startup Cost": 62954.43,
              "Total Cost": 62954.44,
              "Plan Rows": 1,
              "Plan Width": 8,
              "Actual Startup Time": 312.944,
              "Actual Total Time": 312.947,
              "Actual Rows": 1,
              "Actual Loops": 3,
              "Plans": [
                {
                  "Node Type": "Hash Join",
                  "Parent Relationship": "Outer",
                  "Parallel Aware": true,
                  "Join Type": "Inner",
                  "Startup Cost": 47408.77,
                  "Total Cost": 62603.33,
                  "Plan Rows": 140438,
                  "Plan Width": 0,
                  "Actual Startup Time": 224.818,
                  "Actual Total Time": 304.344,
                  "Actual Rows": 202924,
                  "Actual Loops": 3,
                  "Inner Unique": true,
                  "Hash Cond": "(mi_idx.movie_id = t.id)",
                  "Plans": [
                    {
                      "Node Type": "Seq Scan",
                      "Parent Relationship": "Outer",
                      "Parallel Aware": true,
                      "Relation Name": "movie_info_idx",
                      "Alias": "mi_idx",
                      "Startup Cost": 0.0,
                      "Total Cost": 13685.15,
                      "Plan Rows": 575015,
                      "Plan Width": 4,
                      "Actual Startup Time": 0.022,
                      "Actual Total Time": 36.153,
                      "Actual Rows": 460012,
                      "Actual Loops": 3
                    },
                    {
                      "Node Type": "Hash",
                      "Parent Relationship": "Inner",
                      "Parallel Aware": true,
                      "Startup Cost": 45479.1,
                      "Total Cost": 45479.1,
                      "Plan Rows": 154374,
                      "Plan Width": 4,
                      "Actual Startup Time": 179.357,
                      "Actual Total Time": 179.358,
                      "Actual Rows": 184111,
                      "Actual Loops": 3,
                      "Hash Buckets": 1048576,
                      "Original Hash Buckets": 1048576,
                      "Hash Batches": 1,
                      "Original Hash Batches": 1,
                      "Peak Memory Usage": 29856,
                      "Plans": [
                        {
                          "Node Type": "Seq Scan",
                          "Parent Relationship": "Outer",
                          "Parallel Aware": true,
                          "Relation Name": "title",
                          "Alias": "t",
                          "Startup Cost": 0.0,
                          "Total Cost": 45479.1,
                          "Plan Rows": 154374,
                          "Plan Width": 4,
                          "Actual Startup Time": 47.628,
                          "Actual Total Time": 119.709,
                          "Actual Rows": 184111,
                          "Actual Loops": 3,
                          "Filter": "((kind_id < 2) AND (production_year > 1925))",
                          "Rows Removed by Filter": 658659
                        }
                      ]
                    }
                  ]
                }
              ]
            }
          ]
        }
      ]
    },
    "Planning Time": 0.579,
    "Triggers": [],
    "Execution Time": 334.959
  }
]