[
    {
        "Bao": {
            "Bao prediction": "NaN",
            "Bao recommended hint": "(no hint)"
        }
    },
    {
        "Plan": {
            "Node Type": "Aggregate",
            "Strategy": "Plain",
            "Partial Mode": "Finalize",
            "Parallel Aware": false,
            "Startup Cost": 161783.17,
            "Total Cost": 161783.18,
            "Plan Rows": 1,
            "Plan Width": 8,
            "Actual Startup Time": 844.976,
            "Actual Total Time": 879.232,
            "Actual Rows": 1,
            "Actual Loops": 1,
            "Output": [
                "count(*)"
            ],
            "Plans": [
                {
                    "Node Type": "Gather",
                    "Parent Relationship": "Outer",
                    "Parallel Aware": false,
                    "Startup Cost": 161782.96,
                    "Total Cost": 161783.17,
                    "Plan Rows": 2,
                    "Plan Width": 8,
                    "Actual Startup Time": 843.012,
                    "Actual Total Time": 879.222,
                    "Actual Rows": 3,
                    "Actual Loops": 1,
                    "Output": [
                        "(PARTIAL count(*))"
                    ],
                    "Workers Planned": 2,
                    "Workers Launched": 2,
                    "Single Copy": false,
                    "Plans": [
                        {
                            "Node Type": "Aggregate",
                            "Strategy": "Plain",
                            "Partial Mode": "Partial",
                            "Parent Relationship": "Outer",
                            "Parallel Aware": false,
                            "Startup Cost": 160782.96,
                            "Total Cost": 160782.97,
                            "Plan Rows": 1,
                            "Plan Width": 8,
                            "Actual Startup Time": 834.828,
                            "Actual Total Time": 834.832,
                            "Actual Rows": 1,
                            "Actual Loops": 3,
                            "Output": [
                                "PARTIAL count(*)"
                            ],
                            "Workers": [
                                {
                                    "Worker Number": 0,
                                    "Actual Startup Time": 830.962,
                                    "Actual Total Time": 830.966,
                                    "Actual Rows": 1,
                                    "Actual Loops": 1
                                },
                                {
                                    "Worker Number": 1,
                                    "Actual Startup Time": 830.902,
                                    "Actual Total Time": 830.906,
                                    "Actual Rows": 1,
                                    "Actual Loops": 1
                                }
                            ],
                            "Plans": [
                                {
                                    "Node Type": "Nested Loop",
                                    "Parent Relationship": "Outer",
                                    "Parallel Aware": false,
                                    "Join Type": "Inner",
                                    "Startup Cost": 46765.92,
                                    "Total Cost": 160737.95,
                                    "Plan Rows": 18004,
                                    "Plan Width": 0,
                                    "Actual Startup Time": 185.715,
                                    "Actual Total Time": 828.439,
                                    "Actual Rows": 113282,
                                    "Actual Loops": 3,
                                    "Inner Unique": false,
                                    "Join Filter": "(t.id = mi.movie_id)",
                                    "Rows Removed by Join Filter": 0,
                                    "Workers": [
                                        {
                                            "Worker Number": 0,
                                            "Actual Startup Time": 181.564,
                                            "Actual Total Time": 824.506,
                                            "Actual Rows": 103986,
                                            "Actual Loops": 1
                                        },
                                        {
                                            "Worker Number": 1,
                                            "Actual Startup Time": 182.066,
                                            "Actual Total Time": 825.221,
                                            "Actual Rows": 97127,
                                            "Actual Loops": 1
                                        }
                                    ],
                                    "Plans": [
                                        {
                                            "Node Type": "Hash Join",
                                            "Parent Relationship": "Outer",
                                            "Parallel Aware": true,
                                            "Join Type": "Inner",
                                            "Startup Cost": 46765.48,
                                            "Total Cost": 62394.02,
                                            "Plan Rows": 31372,
                                            "Plan Width": 8,
                                            "Actual Startup Time": 185.546,
                                            "Actual Total Time": 259.262,
                                            "Actual Rows": 53118,
                                            "Actual Loops": 3,
                                            "Output": [
                                                "t.id",
                                                "mi_idx.movie_id"
                                            ],
                                            "Inner Unique": true,
                                            "Hash Cond": "(mi_idx.movie_id = t.id)",
                                            "Workers": [
                                                {
                                                    "Worker Number": 0,
                                                    "Actual Startup Time": 181.392,
                                                    "Actual Total Time": 255.567,
                                                    "Actual Rows": 49283,
                                                    "Actual Loops": 1
                                                },
                                                {
                                                    "Worker Number": 1,
                                                    "Actual Startup Time": 181.799,
                                                    "Actual Total Time": 246.915,
                                                    "Actual Rows": 44951,
                                                    "Actual Loops": 1
                                                }
                                            ],
                                            "Plans": [
                                                {
                                                    "Node Type": "Seq Scan",
                                                    "Parent Relationship": "Outer",
                                                    "Parallel Aware": true,
                                                    "Relation Name": "movie_info_idx",
                                                    "Schema": "public",
                                                    "Alias": "mi_idx",
                                                    "Startup Cost": 0.0,
                                                    "Total Cost": 15122.68,
                                                    "Plan Rows": 192707,
                                                    "Plan Width": 4,
                                                    "Actual Startup Time": 0.018,
                                                    "Actual Total Time": 40.017,
                                                    "Actual Rows": 153308,
                                                    "Actual Loops": 3,
                                                    "Output": [
                                                        "mi_idx.id",
                                                        "mi_idx.movie_id",
                                                        "mi_idx.info_type_id",
                                                        "mi_idx.info",
                                                        "mi_idx.note"
                                                    ],
                                                    "Filter": "(mi_idx.info_type_id = 100)",
                                                    "Rows Removed by Filter": 306703,
                                                    "Workers": [
                                                        {
                                                            "Worker Number": 0,
                                                            "Actual Startup Time": 0.023,
                                                            "Actual Total Time": 41.451,
                                                            "Actual Rows": 145117,
                                                            "Actual Loops": 1
                                                        },
                                                        {
                                                            "Worker Number": 1,
                                                            "Actual Startup Time": 0.023,
                                                            "Actual Total Time": 37.512,
                                                            "Actual Rows": 134353,
                                                            "Actual Loops": 1
                                                        }
                                                    ]
                                                },
                                                {
                                                    "Node Type": "Hash",
                                                    "Parent Relationship": "Inner",
                                                    "Parallel Aware": true,
                                                    "Startup Cost": 45479.21,
                                                    "Total Cost": 45479.21,
                                                    "Plan Rows": 102902,
                                                    "Plan Width": 4,
                                                    "Actual Startup Time": 153.962,
                                                    "Actual Total Time": 153.963,
                                                    "Actual Rows": 152049,
                                                    "Actual Loops": 3,
                                                    "Output": [
                                                        "t.id"
                                                    ],
                                                    "Hash Buckets": 524288,
                                                    "Original Hash Buckets": 524288,
                                                    "Hash Batches": 1,
                                                    "Original Hash Batches": 1,
                                                    "Peak Memory Usage": 21984,
                                                    "Workers": [
                                                        {
                                                            "Worker Number": 0,
                                                            "Actual Startup Time": 151.764,
                                                            "Actual Total Time": 151.765,
                                                            "Actual Rows": 149204,
                                                            "Actual Loops": 1
                                                        },
                                                        {
                                                            "Worker Number": 1,
                                                            "Actual Startup Time": 152.181,
                                                            "Actual Total Time": 152.183,
                                                            "Actual Rows": 137072,
                                                            "Actual Loops": 1
                                                        }
                                                    ],
                                                    "Plans": [
                                                        {
                                                            "Node Type": "Seq Scan",
                                                            "Parent Relationship": "Outer",
                                                            "Parallel Aware": true,
                                                            "Relation Name": "title",
                                                            "Schema": "public",
                                                            "Alias": "t",
                                                            "Startup Cost": 0.0,
                                                            "Total Cost": 45479.21,
                                                            "Plan Rows": 102902,
                                                            "Plan Width": 4,
                                                            "Actual Startup Time": 62.229,
                                                            "Actual Total Time": 111.887,
                                                            "Actual Rows": 152049,
                                                            "Actual Loops": 3,
                                                            "Output": [
                                                                "t.id"
                                                            ],
                                                            "Filter": "((t.production_year < 2007) AND (t.kind_id = 1))",
                                                            "Rows Removed by Filter": 690722,
                                                            "Workers": [
                                                                {
                                                                    "Worker Number": 0,
                                                                    "Actual Startup Time": 60.029,
                                                                    "Actual Total Time": 111.404,
                                                                    "Actual Rows": 149204,
                                                                    "Actual Loops": 1
                                                                },
                                                                {
                                                                    "Worker Number": 1,
                                                                    "Actual Startup Time": 60.507,
                                                                    "Actual Total Time": 110.199,
                                                                    "Actual Rows": 137072,
                                                                    "Actual Loops": 1
                                                                }
                                                            ]
                                                        }
                                                    ]
                                                }
                                            ]
                                        },
                                        {
                                            "Node Type": "Index Scan",
                                            "Parent Relationship": "Inner",
                                            "Parallel Aware": false,
                                            "Scan Direction": "Forward",
                                            "Index Name": "movie_id_movie_info",
                                            "Relation Name": "movie_info",
                                            "Schema": "public",
                                            "Alias": "mi",
                                            "Startup Cost": 0.43,
                                            "Total Cost": 3.08,
                                            "Plan Rows": 4,
                                            "Plan Width": 4,
                                            "Actual Startup Time": 0.006,
                                            "Actual Total Time": 0.01,
                                            "Actual Rows": 2,
                                            "Actual Loops": 159354,
                                            "Output": [
                                                "mi.id",
                                                "mi.movie_id",
                                                "mi.info_type_id",
                                                "mi.info",
                                                "mi.note"
                                            ],
                                            "Index Cond": "(mi.movie_id = mi_idx.movie_id)",
                                            "Rows Removed by Index Recheck": 0,
                                            "Filter": "(mi.info_type_id = 7)",
                                            "Rows Removed by Filter": 20,
                                            "Workers": [
                                                {
                                                    "Worker Number": 0,
                                                    "Actual Startup Time": 0.007,
                                                    "Actual Total Time": 0.011,
                                                    "Actual Rows": 2,
                                                    "Actual Loops": 49283
                                                },
                                                {
                                                    "Worker Number": 1,
                                                    "Actual Startup Time": 0.007,
                                                    "Actual Total Time": 0.012,
                                                    "Actual Rows": 2,
                                                    "Actual Loops": 44951
                                                }
                                            ]
                                        }
                                    ]
                                }
                            ]
                        }
                    ]
                }
            ]
        },
        "Planning Time": 196.773,
        "Triggers": [],
        "Execution Time": 879.347
    }
]