[
  {
    "Plan": {
      "Node Type": "Aggregate",
      "Strategy": "Plain",
      "Partial Mode": "Simple",
      "Parallel Aware": false,
      "Startup Cost": 695.96,
      "Total Cost": 695.97,
      "Plan Rows": 1,
      "Plan Width": 8,
      "Actual Startup Time": 4.138,
      "Actual Total Time": 4.139,
      "Actual Rows": 1,
      "Actual Loops": 1,
      "Plans": [
        {
          "Node Type": "Nested Loop",
          "Parent Relationship": "Outer",
          "Parallel Aware": false,
          "Join Type": "Inner",
          "Startup Cost": 0.86,
          "Total Cost": 695.91,
          "Plan Rows": 20,
          "Plan Width": 0,
          "Actual Startup Time": 0.038,
          "Actual Total Time": 4.096,
          "Actual Rows": 315,
          "Actual Loops": 1,
          "Inner Unique": true,
          "Plans": [
            {
              "Node Type": "Index Scan",
              "Parent Relationship": "Outer",
              "Parallel Aware": false,
              "Scan Direction": "Forward",
              "Index Name": "company_id_movie_companies",
              "Relation Name": "movie_companies",
              "Alias": "mc",
              "Startup Cost": 0.43,
              "Total Cost": 273.41,
              "Plan Rows": 50,
              "Plan Width": 4,
              "Actual Startup Time": 0.027,
              "Actual Total Time": 1.697,
              "Actual Rows": 436,
              "Actual Loops": 1,
              "Index Cond": "(company_id = 109)",
              "Rows Removed by Index Recheck": 0,
              "Filter": "(company_type_id < 2)",
              "Rows Removed by Filter": 1091
            },
            {
              "Node Type": "Index Scan",
              "Parent Relationship": "Inner",
              "Parallel Aware": false,
              "Scan Direction": "Forward",
              "Index Name": "title_pkey",
              "Relation Name": "title",
              "Alias": "t",
              "Startup Cost": 0.43,
              "Total Cost": 8.45,
              "Plan Rows": 1,
              "Plan Width": 4,
              "Actual Startup Time": 0.005,
              "Actual Total Time": 0.005,
              "Actual Rows": 1,
              "Actual Loops": 436,
              "Index Cond": "(id = mc.movie_id)",
              "Rows Removed by Index Recheck": 0,
              "Filter": "(kind_id < 7)",
              "Rows Removed by Filter": 0
            }
          ]
        }
      ]
    },
    "Planning Time": 0.604,
    "Triggers": [],
    "Execution Time": 4.17
  }
]