[
    {
        "Bao": {
            "Bao prediction": "NaN",
            "Bao recommended hint": "(no hint)"
        }
    },
    {
        "Plan": {
            "Node Type": "Aggregate",
            "Strategy": "Plain",
            "Partial Mode": "Finalize",
            "Parallel Aware": false,
            "Startup Cost": 44448.09,
            "Total Cost": 44448.1,
            "Plan Rows": 1,
            "Plan Width": 8,
            "Actual Startup Time": 117.411,
            "Actual Total Time": 122.263,
            "Actual Rows": 1,
            "Actual Loops": 1,
            "Output": [
                "count(*)"
            ],
            "Plans": [
                {
                    "Node Type": "Gather",
                    "Parent Relationship": "Outer",
                    "Parallel Aware": false,
                    "Startup Cost": 44447.77,
                    "Total Cost": 44448.08,
                    "Plan Rows": 3,
                    "Plan Width": 8,
                    "Actual Startup Time": 117.274,
                    "Actual Total Time": 122.253,
                    "Actual Rows": 4,
                    "Actual Loops": 1,
                    "Output": [
                        "(PARTIAL count(*))"
                    ],
                    "Workers Planned": 3,
                    "Workers Launched": 3,
                    "Single Copy": false,
                    "Plans": [
                        {
                            "Node Type": "Aggregate",
                            "Strategy": "Plain",
                            "Partial Mode": "Partial",
                            "Parent Relationship": "Outer",
                            "Parallel Aware": false,
                            "Startup Cost": 43447.77,
                            "Total Cost": 43447.78,
                            "Plan Rows": 1,
                            "Plan Width": 8,
                            "Actual Startup Time": 109.044,
                            "Actual Total Time": 109.046,
                            "Actual Rows": 1,
                            "Actual Loops": 4,
                            "Output": [
                                "PARTIAL count(*)"
                            ],
                            "Workers": [
                                {
                                    "Worker Number": 0,
                                    "Actual Startup Time": 106.245,
                                    "Actual Total Time": 106.247,
                                    "Actual Rows": 1,
                                    "Actual Loops": 1
                                },
                                {
                                    "Worker Number": 1,
                                    "Actual Startup Time": 106.492,
                                    "Actual Total Time": 106.492,
                                    "Actual Rows": 1,
                                    "Actual Loops": 1
                                },
                                {
                                    "Worker Number": 2,
                                    "Actual Startup Time": 106.824,
                                    "Actual Total Time": 106.825,
                                    "Actual Rows": 1,
                                    "Actual Loops": 1
                                }
                            ],
                            "Plans": [
                                {
                                    "Node Type": "Seq Scan",
                                    "Parent Relationship": "Outer",
                                    "Parallel Aware": true,
                                    "Relation Name": "movie_keyword",
                                    "Schema": "public",
                                    "Alias": "mk",
                                    "Startup Cost": 0.0,
                                    "Total Cost": 42695.65,
                                    "Plan Rows": 300848,
                                    "Plan Width": 0,
                                    "Actual Startup Time": 1.438,
                                    "Actual Total Time": 96.727,
                                    "Actual Rows": 228838,
                                    "Actual Loops": 4,
                                    "Output": [
                                        "id",
                                        "movie_id",
                                        "keyword_id"
                                    ],
                                    "Filter": "(mk.keyword_id > 20330)",
                                    "Rows Removed by Filter": 902144,
                                    "Workers": [
                                        {
                                            "Worker Number": 0,
                                            "Actual Startup Time": 0.057,
                                            "Actual Total Time": 94.398,
                                            "Actual Rows": 204258,
                                            "Actual Loops": 1
                                        },
                                        {
                                            "Worker Number": 1,
                                            "Actual Startup Time": 0.061,
                                            "Actual Total Time": 94.646,
                                            "Actual Rows": 202966,
                                            "Actual Loops": 1
                                        },
                                        {
                                            "Worker Number": 2,
                                            "Actual Startup Time": 0.074,
                                            "Actual Total Time": 95.014,
                                            "Actual Rows": 203768,
                                            "Actual Loops": 1
                                        }
                                    ]
                                }
                            ]
                        }
                    ]
                }
            ]
        },
        "Planning Time": 180.886,
        "Triggers": [],
        "Execution Time": 122.348
    }
]