[
    {
        "Bao": {
            "Bao prediction": 1240.09,
            "Bao recommended hint": "(no hint)"
        }
    },
    {
        "Plan": {
            "Node Type": "Aggregate",
            "Strategy": "Plain",
            "Partial Mode": "Simple",
            "Parallel Aware": false,
            "Startup Cost": 31094.3,
            "Total Cost": 31094.31,
            "Plan Rows": 1,
            "Plan Width": 64,
            "Actual Startup Time": 1101.836,
            "Actual Total Time": 1195.439,
            "Actual Rows": 1,
            "Actual Loops": 1,
            "Output": [
                "min(n.name)",
                "min(t.title)"
            ],
            "Plans": [
                {
                    "Node Type": "Nested Loop",
                    "Parent Relationship": "Outer",
                    "Parallel Aware": false,
                    "Join Type": "Inner",
                    "Startup Cost": 12378.8,
                    "Total Cost": 31094.3,
                    "Plan Rows": 1,
                    "Plan Width": 32,
                    "Actual Startup Time": 1101.029,
                    "Actual Total Time": 1195.413,
                    "Actual Rows": 24,
                    "Actual Loops": 1,
                    "Output": [
                        "n.name",
                        "t.title"
                    ],
                    "Inner Unique": true,
                    "Plans": [
                        {
                            "Node Type": "Gather",
                            "Parent Relationship": "Outer",
                            "Parallel Aware": false,
                            "Startup Cost": 12378.66,
                            "Total Cost": 31093.31,
                            "Plan Rows": 1,
                            "Plan Width": 36,
                            "Actual Startup Time": 1100.996,
                            "Actual Total Time": 1195.338,
                            "Actual Rows": 24,
                            "Actual Loops": 1,
                            "Output": [
                                "n.name",
                                "pi.info_type_id",
                                "t.title"
                            ],
                            "Workers Planned": 3,
                            "Workers Launched": 3,
                            "Single Copy": false,
                            "Plans": [
                                {
                                    "Node Type": "Nested Loop",
                                    "Parent Relationship": "Outer",
                                    "Parallel Aware": false,
                                    "Join Type": "Inner",
                                    "Startup Cost": 11378.66,
                                    "Total Cost": 30093.21,
                                    "Plan Rows": 1,
                                    "Plan Width": 36,
                                    "Actual Startup Time": 1078.61,
                                    "Actual Total Time": 1088.189,
                                    "Actual Rows": 6,
                                    "Actual Loops": 4,
                                    "Output": [
                                        "n.name",
                                        "pi.info_type_id",
                                        "t.title"
                                    ],
                                    "Inner Unique": false,
                                    "Join Filter": "(n.id = pi.person_id)",
                                    "Rows Removed by Join Filter": 0,
                                    "Workers": [
                                        {
                                            "Worker Number": 0,
                                            "Actual Startup Time": 1057.193,
                                            "Actual Total Time": 1084.307,
                                            "Actual Rows": 6,
                                            "Actual Loops": 1
                                        },
                                        {
                                            "Worker Number": 1,
                                            "Actual Startup Time": 1073.119,
                                            "Actual Total Time": 1084.301,
                                            "Actual Rows": 18,
                                            "Actual Loops": 1
                                        },
                                        {
                                            "Worker Number": 2,
                                            "Actual Startup Time": 1085.005,
                                            "Actual Total Time": 1085.012,
                                            "Actual Rows": 0,
                                            "Actual Loops": 1
                                        }
                                    ],
                                    "Plans": [
                                        {
                                            "Node Type": "Nested Loop",
                                            "Parent Relationship": "Outer",
                                            "Parallel Aware": false,
                                            "Join Type": "Inner",
                                            "Startup Cost": 11378.23,
                                            "Total Cost": 28858.57,
                                            "Plan Rows": 1300,
                                            "Plan Width": 44,
                                            "Actual Startup Time": 959.602,
                                            "Actual Total Time": 1049.411,
                                            "Actual Rows": 2991,
                                            "Actual Loops": 4,
                                            "Output": [
                                                "an.person_id",
                                                "ci.person_id",
                                                "n.name",
                                                "n.id",
                                                "t.title"
                                            ],
                                            "Inner Unique": true,
                                            "Join Filter": "(an.person_id = n.id)",
                                            "Rows Removed by Join Filter": 0,
                                            "Workers": [
                                                {
                                                    "Worker Number": 0,
                                                    "Actual Startup Time": 966.124,
                                                    "Actual Total Time": 1037.341,
                                                    "Actual Rows": 2876,
                                                    "Actual Loops": 1
                                                },
                                                {
                                                    "Worker Number": 1,
                                                    "Actual Startup Time": 966.096,
                                                    "Actual Total Time": 1050.357,
                                                    "Actual Rows": 2521,
                                                    "Actual Loops": 1
                                                },
                                                {
                                                    "Worker Number": 2,
                                                    "Actual Startup Time": 924.961,
                                                    "Actual Total Time": 1041.337,
                                                    "Actual Rows": 4063,
                                                    "Actual Loops": 1
                                                }
                                            ],
                                            "Plans": [
                                                {
                                                    "Node Type": "Hash Join",
                                                    "Parent Relationship": "Outer",
                                                    "Parallel Aware": false,
                                                    "Join Type": "Inner",
                                                    "Startup Cost": 11377.8,
                                                    "Total Cost": 27263.52,
                                                    "Plan Rows": 3321,
                                                    "Plan Width": 25,
                                                    "Actual Startup Time": 959.496,
                                                    "Actual Total Time": 1016.713,
                                                    "Actual Rows": 5477,
                                                    "Actual Loops": 4,
                                                    "Output": [
                                                        "an.person_id",
                                                        "ci.person_id",
                                                        "t.title"
                                                    ],
                                                    "Inner Unique": false,
                                                    "Hash Cond": "(an.person_id = ci.person_id)",
                                                    "Workers": [
                                                        {
                                                            "Worker Number": 0,
                                                            "Actual Startup Time": 965.99,
                                                            "Actual Total Time": 1009.935,
                                                            "Actual Rows": 4779,
                                                            "Actual Loops": 1
                                                        },
                                                        {
                                                            "Worker Number": 1,
                                                            "Actual Startup Time": 965.961,
                                                            "Actual Total Time": 1020.205,
                                                            "Actual Rows": 4711,
                                                            "Actual Loops": 1
                                                        },
                                                        {
                                                            "Worker Number": 2,
                                                            "Actual Startup Time": 924.869,
                                                            "Actual Total Time": 999.356,
                                                            "Actual Rows": 7176,
                                                            "Actual Loops": 1
                                                        }
                                                    ],
                                                    "Plans": [
                                                        {
                                                            "Node Type": "Seq Scan",
                                                            "Parent Relationship": "Outer",
                                                            "Parallel Aware": true,
                                                            "Relation Name": "aka_name",
                                                            "Schema": "public",
                                                            "Alias": "an",
                                                            "Startup Cost": 0.0,
                                                            "Total Cost": 15030.45,
                                                            "Plan Rows": 26306,
                                                            "Plan Width": 4,
                                                            "Actual Startup Time": 0.066,
                                                            "Actual Total Time": 48.661,
                                                            "Actual Rows": 17406,
                                                            "Actual Loops": 4,
                                                            "Output": [
                                                                "an.id",
                                                                "an.person_id",
                                                                "an.name",
                                                                "an.imdb_index",
                                                                "an.name_pcode_cf",
                                                                "an.name_pcode_nf",
                                                                "an.surname_pcode",
                                                                "an.md5sum"
                                                            ],
                                                            "Filter": "(an.name ~~ '%z%'::text)",
                                                            "Rows Removed by Filter": 207930,
                                                            "Workers": [
                                                                {
                                                                    "Worker Number": 0,
                                                                    "Actual Startup Time": 0.066,
                                                                    "Actual Total Time": 36.713,
                                                                    "Actual Rows": 12872,
                                                                    "Actual Loops": 1
                                                                },
                                                                {
                                                                    "Worker Number": 1,
                                                                    "Actual Startup Time": 0.06,
                                                                    "Actual Total Time": 45.804,
                                                                    "Actual Rows": 16357,
                                                                    "Actual Loops": 1
                                                                },
                                                                {
                                                                    "Worker Number": 2,
                                                                    "Actual Startup Time": 0.085,
                                                                    "Actual Total Time": 64.685,
                                                                    "Actual Rows": 23226,
                                                                    "Actual Loops": 1
                                                                }
                                                            ]
                                                        },
                                                        {
                                                            "Node Type": "Hash",
                                                            "Parent Relationship": "Inner",
                                                            "Parallel Aware": false,
                                                            "Startup Cost": 10785.03,
                                                            "Total Cost": 10785.03,
                                                            "Plan Rows": 47421,
                                                            "Plan Width": 21,
                                                            "Actual Startup Time": 957.988,
                                                            "Actual Total Time": 957.995,
                                                            "Actual Rows": 351552,
                                                            "Actual Loops": 4,
                                                            "Output": [
                                                                "ci.person_id",
                                                                "t.title"
                                                            ],
                                                            "Hash Buckets": 524288,
                                                            "Original Hash Buckets": 65536,
                                                            "Hash Batches": 1,
                                                            "Original Hash Batches": 1,
                                                            "Peak Memory Usage": 22700,
                                                            "Workers": [
                                                                {
                                                                    "Worker Number": 0,
                                                                    "Actual Startup Time": 964.375,
                                                                    "Actual Total Time": 964.382,
                                                                    "Actual Rows": 351552,
                                                                    "Actual Loops": 1
                                                                },
                                                                {
                                                                    "Worker Number": 1,
                                                                    "Actual Startup Time": 964.378,
                                                                    "Actual Total Time": 964.384,
                                                                    "Actual Rows": 351552,
                                                                    "Actual Loops": 1
                                                                },
                                                                {
                                                                    "Worker Number": 2,
                                                                    "Actual Startup Time": 923.391,
                                                                    "Actual Total Time": 923.396,
                                                                    "Actual Rows": 351552,
                                                                    "Actual Loops": 1
                                                                }
                                                            ],
                                                            "Plans": [
                                                                {
                                                                    "Node Type": "Nested Loop",
                                                                    "Parent Relationship": "Outer",
                                                                    "Parallel Aware": false,
                                                                    "Join Type": "Inner",
                                                                    "Startup Cost": 39.81,
                                                                    "Total Cost": 10785.03,
                                                                    "Plan Rows": 47421,
                                                                    "Plan Width": 21,
                                                                    "Actual Startup Time": 1.896,
                                                                    "Actual Total Time": 814.797,
                                                                    "Actual Rows": 351552,
                                                                    "Actual Loops": 4,
                                                                    "Output": [
                                                                        "ci.person_id",
                                                                        "t.title"
                                                                    ],
                                                                    "Inner Unique": false,
                                                                    "Workers": [
                                                                        {
                                                                            "Worker Number": 0,
                                                                            "Actual Startup Time": 2.108,
                                                                            "Actual Total Time": 816.587,
                                                                            "Actual Rows": 351552,
                                                                            "Actual Loops": 1
                                                                        },
                                                                        {
                                                                            "Worker Number": 1,
                                                                            "Actual Startup Time": 2.14,
                                                                            "Actual Total Time": 817.246,
                                                                            "Actual Rows": 351552,
                                                                            "Actual Loops": 1
                                                                        },
                                                                        {
                                                                            "Worker Number": 2,
                                                                            "Actual Startup Time": 1.871,
                                                                            "Actual Total Time": 793.936,
                                                                            "Actual Rows": 351552,
                                                                            "Actual Loops": 1
                                                                        }
                                                                    ],
                                                                    "Plans": [
                                                                        {
                                                                            "Node Type": "Nested Loop",
                                                                            "Parent Relationship": "Outer",
                                                                            "Parallel Aware": false,
                                                                            "Join Type": "Inner",
                                                                            "Startup Cost": 39.25,
                                                                            "Total Cost": 7703.31,
                                                                            "Plan Rows": 1357,
                                                                            "Plan Width": 25,
                                                                            "Actual Startup Time": 1.635,
                                                                            "Actual Total Time": 60.47,
                                                                            "Actual Rows": 4337,
                                                                            "Actual Loops": 4,
                                                                            "Output": [
                                                                                "ml.linked_movie_id",
                                                                                "t.title",
                                                                                "t.id"
                                                                            ],
                                                                            "Inner Unique": true,
                                                                            "Workers": [
                                                                                {
                                                                                    "Worker Number": 0,
                                                                                    "Actual Startup Time": 1.801,
                                                                                    "Actual Total Time": 60.799,
                                                                                    "Actual Rows": 4337,
                                                                                    "Actual Loops": 1
                                                                                },
                                                                                {
                                                                                    "Worker Number": 1,
                                                                                    "Actual Startup Time": 1.835,
                                                                                    "Actual Total Time": 61.1,
                                                                                    "Actual Rows": 4337,
                                                                                    "Actual Loops": 1
                                                                                },
                                                                                {
                                                                                    "Worker Number": 2,
                                                                                    "Actual Startup Time": 1.607,
                                                                                    "Actual Total Time": 59.329,
                                                                                    "Actual Rows": 4337,
                                                                                    "Actual Loops": 1
                                                                                }
                                                                            ],
                                                                            "Plans": [
                                                                                {
                                                                                    "Node Type": "Nested Loop",
                                                                                    "Parent Relationship": "Outer",
                                                                                    "Parallel Aware": false,
                                                                                    "Join Type": "Inner",
                                                                                    "Startup Cost": 38.82,
                                                                                    "Total Cost": 245.23,
                                                                                    "Plan Rows": 1666,
                                                                                    "Plan Width": 4,
                                                                                    "Actual Startup Time": 1.328,
                                                                                    "Actual Total Time": 4.141,
                                                                                    "Actual Rows": 5186,
                                                                                    "Actual Loops": 4,
                                                                                    "Output": [
                                                                                        "ml.linked_movie_id"
                                                                                    ],
                                                                                    "Inner Unique": false,
                                                                                    "Workers": [
                                                                                        {
                                                                                            "Worker Number": 0,
                                                                                            "Actual Startup Time": 1.422,
                                                                                            "Actual Total Time": 4.242,
                                                                                            "Actual Rows": 5186,
                                                                                            "Actual Loops": 1
                                                                                        },
                                                                                        {
                                                                                            "Worker Number": 1,
                                                                                            "Actual Startup Time": 1.458,
                                                                                            "Actual Total Time": 4.245,
                                                                                            "Actual Rows": 5186,
                                                                                            "Actual Loops": 1
                                                                                        },
                                                                                        {
                                                                                            "Worker Number": 2,
                                                                                            "Actual Startup Time": 1.3,
                                                                                            "Actual Total Time": 4.125,
                                                                                            "Actual Rows": 5186,
                                                                                            "Actual Loops": 1
                                                                                        }
                                                                                    ],
                                                                                    "Plans": [
                                                                                        {
                                                                                            "Node Type": "Seq Scan",
                                                                                            "Parent Relationship": "Outer",
                                                                                            "Parallel Aware": false,
                                                                                            "Relation Name": "link_type",
                                                                                            "Schema": "public",
                                                                                            "Alias": "lt",
                                                                                            "Startup Cost": 0.0,
                                                                                            "Total Cost": 1.23,
                                                                                            "Plan Rows": 1,
                                                                                            "Plan Width": 4,
                                                                                            "Actual Startup Time": 0.065,
                                                                                            "Actual Total Time": 0.072,
                                                                                            "Actual Rows": 1,
                                                                                            "Actual Loops": 4,
                                                                                            "Output": [
                                                                                                "lt.id",
                                                                                                "lt.link"
                                                                                            ],
                                                                                            "Filter": "((lt.link)::text = 'features'::text)",
                                                                                            "Rows Removed by Filter": 17,
                                                                                            "Workers": [
                                                                                                {
                                                                                                    "Worker Number": 0,
                                                                                                    "Actual Startup Time": 0.077,
                                                                                                    "Actual Total Time": 0.083,
                                                                                                    "Actual Rows": 1,
                                                                                                    "Actual Loops": 1
                                                                                                },
                                                                                                {
                                                                                                    "Worker Number": 1,
                                                                                                    "Actual Startup Time": 0.081,
                                                                                                    "Actual Total Time": 0.088,
                                                                                                    "Actual Rows": 1,
                                                                                                    "Actual Loops": 1
                                                                                                },
                                                                                                {
                                                                                                    "Worker Number": 2,
                                                                                                    "Actual Startup Time": 0.08,
                                                                                                    "Actual Total Time": 0.087,
                                                                                                    "Actual Rows": 1,
                                                                                                    "Actual Loops": 1
                                                                                                }
                                                                                            ]
                                                                                        },
                                                                                        {
                                                                                            "Node Type": "Bitmap Heap Scan",
                                                                                            "Parent Relationship": "Inner",
                                                                                            "Parallel Aware": false,
                                                                                            "Relation Name": "movie_link",
                                                                                            "Schema": "public",
                                                                                            "Alias": "ml",
                                                                                            "Startup Cost": 38.82,
                                                                                            "Total Cost": 225.26,
                                                                                            "Plan Rows": 1875,
                                                                                            "Plan Width": 8,
                                                                                            "Actual Startup Time": 1.249,
                                                                                            "Actual Total Time": 3.005,
                                                                                            "Actual Rows": 5186,
                                                                                            "Actual Loops": 4,
                                                                                            "Output": [
                                                                                                "ml.id",
                                                                                                "ml.movie_id",
                                                                                                "ml.linked_movie_id",
                                                                                                "ml.link_type_id"
                                                                                            ],
                                                                                            "Recheck Cond": "(ml.link_type_id = lt.id)",
                                                                                            "Rows Removed by Index Recheck": 0,
                                                                                            "Exact Heap Blocks": 132,
                                                                                            "Lossy Heap Blocks": 0,
                                                                                            "Workers": [
                                                                                                {
                                                                                                    "Worker Number": 0,
                                                                                                    "Actual Startup Time": 1.332,
                                                                                                    "Actual Total Time": 3.082,
                                                                                                    "Actual Rows": 5186,
                                                                                                    "Actual Loops": 1
                                                                                                },
                                                                                                {
                                                                                                    "Worker Number": 1,
                                                                                                    "Actual Startup Time": 1.363,
                                                                                                    "Actual Total Time": 3.104,
                                                                                                    "Actual Rows": 5186,
                                                                                                    "Actual Loops": 1
                                                                                                },
                                                                                                {
                                                                                                    "Worker Number": 2,
                                                                                                    "Actual Startup Time": 1.207,
                                                                                                    "Actual Total Time": 2.971,
                                                                                                    "Actual Rows": 5186,
                                                                                                    "Actual Loops": 1
                                                                                                }
                                                                                            ],
                                                                                            "Plans": [
                                                                                                {
                                                                                                    "Node Type": "Bitmap Index Scan",
                                                                                                    "Parent Relationship": "Outer",
                                                                                                    "Parallel Aware": false,
                                                                                                    "Index Name": "link_type_id_movie_link",
                                                                                                    "Startup Cost": 0.0,
                                                                                                    "Total Cost": 38.35,
                                                                                                    "Plan Rows": 1875,
                                                                                                    "Plan Width": 0,
                                                                                                    "Actual Startup Time": 1.166,
                                                                                                    "Actual Total Time": 1.166,
                                                                                                    "Actual Rows": 5186,
                                                                                                    "Actual Loops": 4,
                                                                                                    "Index Cond": "(ml.link_type_id = lt.id)",
                                                                                                    "Workers": [
                                                                                                        {
                                                                                                            "Worker Number": 0,
                                                                                                            "Actual Startup Time": 1.244,
                                                                                                            "Actual Total Time": 1.244,
                                                                                                            "Actual Rows": 5186,
                                                                                                            "Actual Loops": 1
                                                                                                        },
                                                                                                        {
                                                                                                            "Worker Number": 1,
                                                                                                            "Actual Startup Time": 1.277,
                                                                                                            "Actual Total Time": 1.277,
                                                                                                            "Actual Rows": 5186,
                                                                                                            "Actual Loops": 1
                                                                                                        },
                                                                                                        {
                                                                                                            "Worker Number": 2,
                                                                                                            "Actual Startup Time": 1.13,
                                                                                                            "Actual Total Time": 1.131,
                                                                                                            "Actual Rows": 5186,
                                                                                                            "Actual Loops": 1
                                                                                                        }
                                                                                                    ]
                                                                                                }
                                                                                            ]
                                                                                        }
                                                                                    ]
                                                                                },
                                                                                {
                                                                                    "Node Type": "Index Scan",
                                                                                    "Parent Relationship": "Inner",
                                                                                    "Parallel Aware": false,
                                                                                    "Scan Direction": "Forward",
                                                                                    "Index Name": "title_pkey",
                                                                                    "Relation Name": "title",
                                                                                    "Schema": "public",
                                                                                    "Alias": "t",
                                                                                    "Startup Cost": 0.43,
                                                                                    "Total Cost": 4.48,
                                                                                    "Plan Rows": 1,
                                                                                    "Plan Width": 21,
                                                                                    "Actual Startup Time": 0.01,
                                                                                    "Actual Total Time": 0.01,
                                                                                    "Actual Rows": 1,
                                                                                    "Actual Loops": 20744,
                                                                                    "Output": [
                                                                                        "t.id",
                                                                                        "t.title",
                                                                                        "t.imdb_index",
                                                                                        "t.kind_id",
                                                                                        "t.production_year",
                                                                                        "t.imdb_id",
                                                                                        "t.phonetic_code",
                                                                                        "t.episode_of_id",
                                                                                        "t.season_nr",
                                                                                        "t.episode_nr",
                                                                                        "t.series_years",
                                                                                        "t.md5sum"
                                                                                    ],
                                                                                    "Index Cond": "(t.id = ml.linked_movie_id)",
                                                                                    "Rows Removed by Index Recheck": 0,
                                                                                    "Filter": "((t.production_year >= 1953) AND (t.production_year <= 2011))",
                                                                                    "Rows Removed by Filter": 0,
                                                                                    "Workers": [
                                                                                        {
                                                                                            "Worker Number": 0,
                                                                                            "Actual Startup Time": 0.01,
                                                                                            "Actual Total Time": 0.01,
                                                                                            "Actual Rows": 1,
                                                                                            "Actual Loops": 5186
                                                                                        },
                                                                                        {
                                                                                            "Worker Number": 1,
                                                                                            "Actual Startup Time": 0.01,
                                                                                            "Actual Total Time": 0.01,
                                                                                            "Actual Rows": 1,
                                                                                            "Actual Loops": 5186
                                                                                        },
                                                                                        {
                                                                                            "Worker Number": 2,
                                                                                            "Actual Startup Time": 0.01,
                                                                                            "Actual Total Time": 0.01,
                                                                                            "Actual Rows": 1,
                                                                                            "Actual Loops": 5186
                                                                                        }
                                                                                    ]
                                                                                }
                                                                            ]
                                                                        },
                                                                        {
                                                                            "Node Type": "Index Scan",
                                                                            "Parent Relationship": "Inner",
                                                                            "Parallel Aware": false,
                                                                            "Scan Direction": "Forward",
                                                                            "Index Name": "movie_id_cast_info",
                                                                            "Relation Name": "cast_info",
                                                                            "Schema": "public",
                                                                            "Alias": "ci",
                                                                            "Startup Cost": 0.56,
                                                                            "Total Cost": 1.92,
                                                                            "Plan Rows": 35,
                                                                            "Plan Width": 8,
                                                                            "Actual Startup Time": 0.015,
                                                                            "Actual Total Time": 0.159,
                                                                            "Actual Rows": 81,
                                                                            "Actual Loops": 17348,
                                                                            "Output": [
                                                                                "ci.id",
                                                                                "ci.person_id",
                                                                                "ci.movie_id",
                                                                                "ci.person_role_id",
                                                                                "ci.note",
                                                                                "ci.nr_order",
                                                                                "ci.role_id"
                                                                            ],
                                                                            "Index Cond": "(ci.movie_id = t.id)",
                                                                            "Rows Removed by Index Recheck": 0,
                                                                            "Workers": [
                                                                                {
                                                                                    "Worker Number": 0,
                                                                                    "Actual Startup Time": 0.015,
                                                                                    "Actual Total Time": 0.16,
                                                                                    "Actual Rows": 81,
                                                                                    "Actual Loops": 4337
                                                                                },
                                                                                {
                                                                                    "Worker Number": 1,
                                                                                    "Actual Startup Time": 0.015,
                                                                                    "Actual Total Time": 0.16,
                                                                                    "Actual Rows": 81,
                                                                                    "Actual Loops": 4337
                                                                                },
                                                                                {
                                                                                    "Worker Number": 2,
                                                                                    "Actual Startup Time": 0.016,
                                                                                    "Actual Total Time": 0.156,
                                                                                    "Actual Rows": 81,
                                                                                    "Actual Loops": 4337
                                                                                }
                                                                            ]
                                                                        }
                                                                    ]
                                                                }
                                                            ]
                                                        }
                                                    ]
                                                },
                                                {
                                                    "Node Type": "Index Scan",
                                                    "Parent Relationship": "Inner",
                                                    "Parallel Aware": false,
                                                    "Scan Direction": "Forward",
                                                    "Index Name": "name_pkey",
                                                    "Relation Name": "name",
                                                    "Schema": "public",
                                                    "Alias": "n",
                                                    "Startup Cost": 0.43,
                                                    "Total Cost": 0.47,
                                                    "Plan Rows": 1,
                                                    "Plan Width": 19,
                                                    "Actual Startup Time": 0.005,
                                                    "Actual Total Time": 0.005,
                                                    "Actual Rows": 1,
                                                    "Actual Loops": 21909,
                                                    "Output": [
                                                        "n.id",
                                                        "n.name",
                                                        "n.imdb_index",
                                                        "n.imdb_id",
                                                        "n.gender",
                                                        "n.name_pcode_cf",
                                                        "n.name_pcode_nf",
                                                        "n.surname_pcode",
                                                        "n.md5sum"
                                                    ],
                                                    "Index Cond": "(n.id = ci.person_id)",
                                                    "Rows Removed by Index Recheck": 0,
                                                    "Filter": "(((n.name_pcode_cf)::text >= 'A'::text) AND ((n.name_pcode_cf)::text <= 'U'::text) AND (((n.gender)::text = 'm'::text) OR (((n.gender)::text = 'f'::text) AND (n.name ~~ 'B%'::text))))",
                                                    "Rows Removed by Filter": 0,
                                                    "Workers": [
                                                        {
                                                            "Worker Number": 0,
                                                            "Actual Startup Time": 0.005,
                                                            "Actual Total Time": 0.005,
                                                            "Actual Rows": 1,
                                                            "Actual Loops": 4779
                                                        },
                                                        {
                                                            "Worker Number": 1,
                                                            "Actual Startup Time": 0.006,
                                                            "Actual Total Time": 0.006,
                                                            "Actual Rows": 1,
                                                            "Actual Loops": 4711
                                                        },
                                                        {
                                                            "Worker Number": 2,
                                                            "Actual Startup Time": 0.005,
                                                            "Actual Total Time": 0.005,
                                                            "Actual Rows": 1,
                                                            "Actual Loops": 7176
                                                        }
                                                    ]
                                                }
                                            ]
                                        },
                                        {
                                            "Node Type": "Index Scan",
                                            "Parent Relationship": "Inner",
                                            "Parallel Aware": false,
                                            "Scan Direction": "Forward",
                                            "Index Name": "person_id_person_info",
                                            "Relation Name": "person_info",
                                            "Schema": "public",
                                            "Alias": "pi",
                                            "Startup Cost": 0.43,
                                            "Total Cost": 0.94,
                                            "Plan Rows": 1,
                                            "Plan Width": 8,
                                            "Actual Startup Time": 0.013,
                                            "Actual Total Time": 0.013,
                                            "Actual Rows": 0,
                                            "Actual Loops": 11965,
                                            "Output": [
                                                "pi.id",
                                                "pi.person_id",
                                                "pi.info_type_id",
                                                "pi.info",
                                                "pi.note"
                                            ],
                                            "Index Cond": "(pi.person_id = ci.person_id)",
                                            "Rows Removed by Index Recheck": 0,
                                            "Filter": "(pi.note = 'Volker Boehm'::text)",
                                            "Rows Removed by Filter": 41,
                                            "Workers": [
                                                {
                                                    "Worker Number": 0,
                                                    "Actual Startup Time": 0.016,
                                                    "Actual Total Time": 0.016,
                                                    "Actual Rows": 0,
                                                    "Actual Loops": 2876
                                                },
                                                {
                                                    "Worker Number": 1,
                                                    "Actual Startup Time": 0.013,
                                                    "Actual Total Time": 0.013,
                                                    "Actual Rows": 0,
                                                    "Actual Loops": 2521
                                                },
                                                {
                                                    "Worker Number": 2,
                                                    "Actual Startup Time": 0.01,
                                                    "Actual Total Time": 0.01,
                                                    "Actual Rows": 0,
                                                    "Actual Loops": 4063
                                                }
                                            ]
                                        }
                                    ]
                                }
                            ]
                        },
                        {
                            "Node Type": "Index Scan",
                            "Parent Relationship": "Inner",
                            "Parallel Aware": false,
                            "Scan Direction": "Forward",
                            "Index Name": "info_type_pkey",
                            "Relation Name": "info_type",
                            "Schema": "public",
                            "Alias": "it",
                            "Startup Cost": 0.14,
                            "Total Cost": 0.56,
                            "Plan Rows": 1,
                            "Plan Width": 4,
                            "Actual Startup Time": 0.002,
                            "Actual Total Time": 0.002,
                            "Actual Rows": 1,
                            "Actual Loops": 24,
                            "Output": [
                                "it.id",
                                "it.info"
                            ],
                            "Index Cond": "(it.id = pi.info_type_id)",
                            "Rows Removed by Index Recheck": 0,
                            "Filter": "((it.info)::text = 'mini biography'::text)",
                            "Rows Removed by Filter": 0
                        }
                    ]
                }
            ]
        },
        "Planning Time": 1755.231,
        "Triggers": [],
        "Execution Time": 1197.423
    }
]