{
  "Plan": {
    "Node Type": "Aggregate",
    "Strategy": "Plain",
    "Partial Mode": "Finalize",
    "Parallel Aware": false,
    "Startup Cost": 89411.27,
    "Total Cost": 89411.28,
    "Plan Rows": 1,
    "Plan Width": 8,
    "Actual Startup Time": 440.997,
    "Actual Total Time": 455.479,
    "Actual Rows": 1,
    "Actual Loops": 1,
    "Plans": [
      {
        "Node Type": "Gather",
        "Parent Relationship": "Outer",
        "Parallel Aware": false,
        "Startup Cost": 89411.16,
        "Total Cost": 89411.27,
        "Plan Rows": 1,
        "Plan Width": 8,
        "Actual Startup Time": 440.153,
        "Actual Total Time": 455.468,
        "Actual Rows": 2,
        "Actual Loops": 1,
        "Workers Planned": 1,
        "Workers Launched": 1,
        "Single Copy": false,
        "Plans": [
          {
            "Node Type": "Aggregate",
            "Strategy": "Plain",
            "Partial Mode": "Partial",
            "Parent Relationship": "Outer",
            "Parallel Aware": false,
            "Startup Cost": 88411.16,
            "Total Cost": 88411.17,
            "Plan Rows": 1,
            "Plan Width": 8,
            "Actual Startup Time": 434.138,
            "Actual Total Time": 434.142,
            "Actual Rows": 1,
            "Actual Loops": 2,
            "Plans": [
              {
                "Node Type": "Hash Join",
                "Parent Relationship": "Outer",
                "Parallel Aware": true,
                "Join Type": "Inner",
                "Startup Cost": 27117.28,
                "Total Cost": 88074.63,
                "Plan Rows": 134613,
                "Plan Width": 0,
                "Actual Startup Time": 265.543,
                "Actual Total Time": 428.196,
                "Actual Rows": 113172,
                "Actual Loops": 2,
                "Inner Unique": false,
                "Hash Cond": "(t.id = mc.movie_id)",
                "Plans": [
                  {
                    "Node Type": "Seq Scan",
                    "Parent Relationship": "Outer",
                    "Parallel Aware": true,
                    "Relation Name": "title",
                    "Alias": "t",
                    "Startup Cost": 0.0,
                    "Total Cost": 50870.31,
                    "Plan Rows": 1487231,
                    "Plan Width": 4,
                    "Actual Startup Time": 0.016,
                    "Actual Total Time": 134.717,
                    "Actual Rows": 1264156,
                    "Actual Loops": 2
                  },
                  {
                    "Node Type": "Hash",
                    "Parent Relationship": "Inner",
                    "Parallel Aware": true,
                    "Startup Cost": 25434.62,
                    "Total Cost": 25434.62,
                    "Plan Rows": 134613,
                    "Plan Width": 4,
                    "Actual Startup Time": 76.758,
                    "Actual Total Time": 76.76,
                    "Actual Rows": 113172,
                    "Actual Loops": 2,
                    "Hash Buckets": 262144,
                    "Original Hash Buckets": 262144,
                    "Hash Batches": 1,
                    "Original Hash Batches": 1,
                    "Peak Memory Usage": 10944,
                    "Plans": [
                      {
                        "Node Type": "Bitmap Heap Scan",
                        "Parent Relationship": "Outer",
                        "Parallel Aware": true,
                        "Relation Name": "movie_companies",
                        "Alias": "mc",
                        "Startup Cost": 4961.96,
                        "Total Cost": 25434.62,
                        "Plan Rows": 134613,
                        "Plan Width": 4,
                        "Actual Startup Time": 19.828,
                        "Actual Total Time": 51.672,
                        "Actual Rows": 113172,
                        "Actual Loops": 2,
                        "Recheck Cond": "(company_id > 106338)",
                        "Rows Removed by Index Recheck": 0,
                        "Exact Heap Blocks": 3339,
                        "Lossy Heap Blocks": 0,
                        "Plans": [
                          {
                            "Node Type": "Bitmap Index Scan",
                            "Parent Relationship": "Outer",
                            "Parallel Aware": false,
                            "Index Name": "company_id_movie_companies",
                            "Startup Cost": 0.0,
                            "Total Cost": 4904.74,
                            "Plan Rows": 228842,
                            "Plan Width": 0,
                            "Actual Startup Time": 21.643,
                            "Actual Total Time": 21.644,
                            "Actual Rows": 226343,
                            "Actual Loops": 1,
                            "Index Cond": "(company_id > 106338)"
                          }
                        ]
                      }
                    ]
                  }
                ]
              }
            ]
          }
        ]
      }
    ]
  },
  "Planning Time": 0.663,
  "Triggers": [],
  "Execution Time": 455.572
}