{
    "Plan": {
        "Node Type": "Aggregate",
        "Strategy": "Plain",
        "Partial Mode": "Finalize",
        "Parallel Aware": false,
        "Startup Cost": 308167.55,
        "Total Cost": 308167.56,
        "Plan Rows": 1,
        "Plan Width": 8,
        "Actual Startup Time": 5536.597,
        "Actual Total Time": 5578.272,
        "Actual Rows": 1,
        "Actual Loops": 1,
        "Output": [
            "count(*)"
        ],
        "Plans": [
            {
                "Node Type": "Gather",
                "Parent Relationship": "Outer",
                "Parallel Aware": false,
                "Startup Cost": 308167.03,
                "Total Cost": 308167.54,
                "Plan Rows": 5,
                "Plan Width": 8,
                "Actual Startup Time": 5517.334,
                "Actual Total Time": 5578.258,
                "Actual Rows": 6,
                "Actual Loops": 1,
                "Output": [
                    "(PARTIAL count(*))"
                ],
                "Workers Planned": 5,
                "Workers Launched": 5,
                "Single Copy": false,
                "Plans": [
                    {
                        "Node Type": "Aggregate",
                        "Strategy": "Plain",
                        "Partial Mode": "Partial",
                        "Parent Relationship": "Outer",
                        "Parallel Aware": false,
                        "Startup Cost": 307167.03,
                        "Total Cost": 307167.04,
                        "Plan Rows": 1,
                        "Plan Width": 8,
                        "Actual Startup Time": 5506.913,
                        "Actual Total Time": 5507.499,
                        "Actual Rows": 1,
                        "Actual Loops": 6,
                        "Output": [
                            "PARTIAL count(*)"
                        ],
                        "Workers": [
                            {
                                "Worker Number": 0,
                                "Actual Startup Time": 5507.505,
                                "Actual Total Time": 5507.51,
                                "Actual Rows": 1,
                                "Actual Loops": 1
                            },
                            {
                                "Worker Number": 1,
                                "Actual Startup Time": 5504.291,
                                "Actual Total Time": 5504.296,
                                "Actual Rows": 1,
                                "Actual Loops": 1
                            },
                            {
                                "Worker Number": 2,
                                "Actual Startup Time": 5504.443,
                                "Actual Total Time": 5504.449,
                                "Actual Rows": 1,
                                "Actual Loops": 1
                            },
                            {
                                "Worker Number": 3,
                                "Actual Startup Time": 5504.396,
                                "Actual Total Time": 5504.403,
                                "Actual Rows": 1,
                                "Actual Loops": 1
                            },
                            {
                                "Worker Number": 4,
                                "Actual Startup Time": 5504.509,
                                "Actual Total Time": 5504.515,
                                "Actual Rows": 1,
                                "Actual Loops": 1
                            }
                        ],
                        "Plans": [
                            {
                                "Node Type": "Hash Join",
                                "Parent Relationship": "Outer",
                                "Parallel Aware": true,
                                "Join Type": "Inner",
                                "Startup Cost": 97805.55,
                                "Total Cost": 304201.52,
                                "Plan Rows": 1186203,
                                "Plan Width": 0,
                                "Actual Startup Time": 635.917,
                                "Actual Total Time": 4025.304,
                                "Actual Rows": 33597920,
                                "Actual Loops": 6,
                                "Inner Unique": false,
                                "Hash Cond": "(mi.movie_id = t.id)",
                                "Workers": [
                                    {
                                        "Worker Number": 0,
                                        "Actual Startup Time": 633.576,
                                        "Actual Total Time": 4019.809,
                                        "Actual Rows": 31051940,
                                        "Actual Loops": 1
                                    },
                                    {
                                        "Worker Number": 1,
                                        "Actual Startup Time": 633.867,
                                        "Actual Total Time": 4032.095,
                                        "Actual Rows": 39054369,
                                        "Actual Loops": 1
                                    },
                                    {
                                        "Worker Number": 2,
                                        "Actual Startup Time": 634.01,
                                        "Actual Total Time": 4036.13,
                                        "Actual Rows": 38287565,
                                        "Actual Loops": 1
                                    },
                                    {
                                        "Worker Number": 3,
                                        "Actual Startup Time": 634.042,
                                        "Actual Total Time": 4003.167,
                                        "Actual Rows": 24649201,
                                        "Actual Loops": 1
                                    },
                                    {
                                        "Worker Number": 4,
                                        "Actual Startup Time": 634.069,
                                        "Actual Total Time": 4017.036,
                                        "Actual Rows": 30352071,
                                        "Actual Loops": 1
                                    }
                                ],
                                "Plans": [
                                    {
                                        "Node Type": "Seq Scan",
                                        "Parent Relationship": "Outer",
                                        "Parallel Aware": true,
                                        "Relation Name": "movie_info",
                                        "Schema": "public",
                                        "Alias": "mi",
                                        "Startup Cost": 0.0,
                                        "Total Cost": 191503.19,
                                        "Plan Rows": 2951019,
                                        "Plan Width": 4,
                                        "Actual Startup Time": 0.033,
                                        "Actual Total Time": 307.848,
                                        "Actual Rows": 2472620,
                                        "Actual Loops": 6,
                                        "Output": [
                                            "mi.id",
                                            "mi.movie_id",
                                            "mi.info_type_id",
                                            "mi.info",
                                            "mi.note"
                                        ],
                                        "Workers": [
                                            {
                                                "Worker Number": 0,
                                                "Actual Startup Time": 0.037,
                                                "Actual Total Time": 319.51,
                                                "Actual Rows": 2226423,
                                                "Actual Loops": 1
                                            },
                                            {
                                                "Worker Number": 1,
                                                "Actual Startup Time": 0.037,
                                                "Actual Total Time": 320.319,
                                                "Actual Rows": 2808856,
                                                "Actual Loops": 1
                                            },
                                            {
                                                "Worker Number": 2,
                                                "Actual Startup Time": 0.035,
                                                "Actual Total Time": 316.81,
                                                "Actual Rows": 2784486,
                                                "Actual Loops": 1
                                            },
                                            {
                                                "Worker Number": 3,
                                                "Actual Startup Time": 0.034,
                                                "Actual Total Time": 319.572,
                                                "Actual Rows": 1892426,
                                                "Actual Loops": 1
                                            },
                                            {
                                                "Worker Number": 4,
                                                "Actual Startup Time": 0.042,
                                                "Actual Total Time": 319.653,
                                                "Actual Rows": 2218442,
                                                "Actual Loops": 1
                                            }
                                        ]
                                    },
                                    {
                                        "Node Type": "Hash",
                                        "Parent Relationship": "Inner",
                                        "Parallel Aware": true,
                                        "Startup Cost": 93707.59,
                                        "Total Cost": 93707.59,
                                        "Plan Rows": 327837,
                                        "Plan Width": 8,
                                        "Actual Startup Time": 616.849,
                                        "Actual Total Time": 617.433,
                                        "Actual Rows": 451356,
                                        "Actual Loops": 6,
                                        "Output": [
                                            "t.id",
                                            "mk.movie_id"
                                        ],
                                        "Hash Buckets": 4194304,
                                        "Original Hash Buckets": 1048576,
                                        "Hash Batches": 1,
                                        "Original Hash Batches": 1,
                                        "Peak Memory Usage": 163360,
                                        "Workers": [
                                            {
                                                "Worker Number": 0,
                                                "Actual Startup Time": 617.734,
                                                "Actual Total Time": 617.738,
                                                "Actual Rows": 369232,
                                                "Actual Loops": 1
                                            },
                                            {
                                                "Worker Number": 1,
                                                "Actual Startup Time": 618.006,
                                                "Actual Total Time": 618.009,
                                                "Actual Rows": 509518,
                                                "Actual Loops": 1
                                            },
                                            {
                                                "Worker Number": 2,
                                                "Actual Startup Time": 618.279,
                                                "Actual Total Time": 618.283,
                                                "Actual Rows": 516876,
                                                "Actual Loops": 1
                                            },
                                            {
                                                "Worker Number": 3,
                                                "Actual Startup Time": 618.17,
                                                "Actual Total Time": 618.174,
                                                "Actual Rows": 379973,
                                                "Actual Loops": 1
                                            },
                                            {
                                                "Worker Number": 4,
                                                "Actual Startup Time": 618.33,
                                                "Actual Total Time": 618.334,
                                                "Actual Rows": 379859,
                                                "Actual Loops": 1
                                            }
                                        ],
                                        "Plans": [
                                            {
                                                "Node Type": "Hash Join",
                                                "Parent Relationship": "Outer",
                                                "Parallel Aware": true,
                                                "Join Type": "Inner",
                                                "Startup Cost": 47321.78,
                                                "Total Cost": 93707.59,
                                                "Plan Rows": 327837,
                                                "Plan Width": 8,
                                                "Actual Startup Time": 175.652,
                                                "Actual Total Time": 380.462,
                                                "Actual Rows": 451356,
                                                "Actual Loops": 6,
                                                "Output": [
                                                    "t.id",
                                                    "mk.movie_id"
                                                ],
                                                "Inner Unique": true,
                                                "Hash Cond": "(mk.movie_id = t.id)",
                                                "Workers": [
                                                    {
                                                        "Worker Number": 0,
                                                        "Actual Startup Time": 175.648,
                                                        "Actual Total Time": 381.238,
                                                        "Actual Rows": 369232,
                                                        "Actual Loops": 1
                                                    },
                                                    {
                                                        "Worker Number": 1,
                                                        "Actual Startup Time": 175.6,
                                                        "Actual Total Time": 378.598,
                                                        "Actual Rows": 509518,
                                                        "Actual Loops": 1
                                                    },
                                                    {
                                                        "Worker Number": 2,
                                                        "Actual Startup Time": 175.649,
                                                        "Actual Total Time": 381.241,
                                                        "Actual Rows": 516876,
                                                        "Actual Loops": 1
                                                    },
                                                    {
                                                        "Worker Number": 3,
                                                        "Actual Startup Time": 175.643,
                                                        "Actual Total Time": 381.871,
                                                        "Actual Rows": 379973,
                                                        "Actual Loops": 1
                                                    },
                                                    {
                                                        "Worker Number": 4,
                                                        "Actual Startup Time": 175.65,
                                                        "Actual Total Time": 380.798,
                                                        "Actual Rows": 379859,
                                                        "Actual Loops": 1
                                                    }
                                                ],
                                                "Plans": [
                                                    {
                                                        "Node Type": "Seq Scan",
                                                        "Parent Relationship": "Outer",
                                                        "Parallel Aware": true,
                                                        "Relation Name": "movie_keyword",
                                                        "Schema": "public",
                                                        "Alias": "mk",
                                                        "Startup Cost": 0.0,
                                                        "Total Cost": 42695.65,
                                                        "Plan Rows": 1405767,
                                                        "Plan Width": 4,
                                                        "Actual Startup Time": 0.017,
                                                        "Actual Total Time": 115.028,
                                                        "Actual Rows": 726695,
                                                        "Actual Loops": 6,
                                                        "Output": [
                                                            "mk.id",
                                                            "mk.movie_id",
                                                            "mk.keyword_id"
                                                        ],
                                                        "Filter": "(mk.keyword_id > 117)",
                                                        "Rows Removed by Filter": 27294,
                                                        "Workers": [
                                                            {
                                                                "Worker Number": 0,
                                                                "Actual Startup Time": 0.022,
                                                                "Actual Total Time": 118.171,
                                                                "Actual Rows": 585759,
                                                                "Actual Loops": 1
                                                            },
                                                            {
                                                                "Worker Number": 1,
                                                                "Actual Startup Time": 0.021,
                                                                "Actual Total Time": 116.512,
                                                                "Actual Rows": 822922,
                                                                "Actual Loops": 1
                                                            },
                                                            {
                                                                "Worker Number": 2,
                                                                "Actual Startup Time": 0.014,
                                                                "Actual Total Time": 117.608,
                                                                "Actual Rows": 836022,
                                                                "Actual Loops": 1
                                                            },
                                                            {
                                                                "Worker Number": 3,
                                                                "Actual Startup Time": 0.022,
                                                                "Actual Total Time": 117.876,
                                                                "Actual Rows": 597691,
                                                                "Actual Loops": 1
                                                            },
                                                            {
                                                                "Worker Number": 4,
                                                                "Actual Startup Time": 0.011,
                                                                "Actual Total Time": 117.927,
                                                                "Actual Rows": 595422,
                                                                "Actual Loops": 1
                                                            }
                                                        ]
                                                    },
                                                    {
                                                        "Node Type": "Hash",
                                                        "Parent Relationship": "Inner",
                                                        "Parallel Aware": true,
                                                        "Startup Cost": 45479.21,
                                                        "Total Cost": 45479.21,
                                                        "Plan Rows": 147406,
                                                        "Plan Width": 4,
                                                        "Actual Startup Time": 138.932,
                                                        "Actual Total Time": 138.933,
                                                        "Actual Rows": 99122,
                                                        "Actual Loops": 6,
                                                        "Output": [
                                                            "t.id"
                                                        ],
                                                        "Hash Buckets": 1048576,
                                                        "Original Hash Buckets": 1048576,
                                                        "Hash Batches": 1,
                                                        "Original Hash Batches": 1,
                                                        "Peak Memory Usage": 31584,
                                                        "Workers": [
                                                            {
                                                                "Worker Number": 0,
                                                                "Actual Startup Time": 140.653,
                                                                "Actual Total Time": 140.654,
                                                                "Actual Rows": 81275,
                                                                "Actual Loops": 1
                                                            },
                                                            {
                                                                "Worker Number": 1,
                                                                "Actual Startup Time": 140.651,
                                                                "Actual Total Time": 140.652,
                                                                "Actual Rows": 106815,
                                                                "Actual Loops": 1
                                                            },
                                                            {
                                                                "Worker Number": 2,
                                                                "Actual Startup Time": 140.688,
                                                                "Actual Total Time": 140.689,
                                                                "Actual Rows": 113322,
                                                                "Actual Loops": 1
                                                            },
                                                            {
                                                                "Worker Number": 3,
                                                                "Actual Startup Time": 140.689,
                                                                "Actual Total Time": 140.69,
                                                                "Actual Rows": 81996,
                                                                "Actual Loops": 1
                                                            },
                                                            {
                                                                "Worker Number": 4,
                                                                "Actual Startup Time": 140.613,
                                                                "Actual Total Time": 140.614,
                                                                "Actual Rows": 82699,
                                                                "Actual Loops": 1
                                                            }
                                                        ],
                                                        "Plans": [
                                                            {
                                                                "Node Type": "Seq Scan",
                                                                "Parent Relationship": "Outer",
                                                                "Parallel Aware": true,
                                                                "Relation Name": "title",
                                                                "Schema": "public",
                                                                "Alias": "t",
                                                                "Startup Cost": 0.0,
                                                                "Total Cost": 45479.21,
                                                                "Plan Rows": 147406,
                                                                "Plan Width": 4,
                                                                "Actual Startup Time": 54.766,
                                                                "Actual Total Time": 91.275,
                                                                "Actual Rows": 99122,
                                                                "Actual Loops": 6,
                                                                "Output": [
                                                                    "t.id"
                                                                ],
                                                                "Filter": "((t.production_year < 2012) AND (t.kind_id = 1))",
                                                                "Rows Removed by Filter": 322264,
                                                                "Workers": [
                                                                    {
                                                                        "Worker Number": 0,
                                                                        "Actual Startup Time": 55.255,
                                                                        "Actual Total Time": 93.073,
                                                                        "Actual Rows": 81275,
                                                                        "Actual Loops": 1
                                                                    },
                                                                    {
                                                                        "Worker Number": 1,
                                                                        "Actual Startup Time": 54.602,
                                                                        "Actual Total Time": 88.855,
                                                                        "Actual Rows": 106815,
                                                                        "Actual Loops": 1
                                                                    },
                                                                    {
                                                                        "Worker Number": 2,
                                                                        "Actual Startup Time": 54.615,
                                                                        "Actual Total Time": 91.224,
                                                                        "Actual Rows": 113322,
                                                                        "Actual Loops": 1
                                                                    },
                                                                    {
                                                                        "Worker Number": 3,
                                                                        "Actual Startup Time": 54.733,
                                                                        "Actual Total Time": 92.603,
                                                                        "Actual Rows": 81996,
                                                                        "Actual Loops": 1
                                                                    },
                                                                    {
                                                                        "Worker Number": 4,
                                                                        "Actual Startup Time": 54.698,
                                                                        "Actual Total Time": 92.893,
                                                                        "Actual Rows": 82699,
                                                                        "Actual Loops": 1
                                                                    }
                                                                ]
                                                            }
                                                        ]
                                                    }
                                                ]
                                            }
                                        ]
                                    }
                                ]
                            }
                        ]
                    }
                ]
            }
        ]
    },
    "Planning Time": 1.638,
    "Triggers": [],
    "Execution Time": 5578.374
}