{
  "Plan": {
    "Node Type": "Aggregate",
    "Strategy": "Plain",
    "Partial Mode": "Finalize",
    "Parallel Aware": false,
    "Startup Cost": 372944.02,
    "Total Cost": 372944.03,
    "Plan Rows": 1,
    "Plan Width": 8,
    "Actual Startup Time": 3335.792,
    "Actual Total Time": 3374.56,
    "Actual Rows": 1,
    "Actual Loops": 1,
    "Plans": [
      {
        "Node Type": "Gather",
        "Parent Relationship": "Outer",
        "Parallel Aware": false,
        "Startup Cost": 372943.9,
        "Total Cost": 372944.01,
        "Plan Rows": 1,
        "Plan Width": 8,
        "Actual Startup Time": 3335.588,
        "Actual Total Time": 3374.551,
        "Actual Rows": 2,
        "Actual Loops": 1,
        "Workers Planned": 1,
        "Workers Launched": 1,
        "Single Copy": false,
        "Plans": [
          {
            "Node Type": "Aggregate",
            "Strategy": "Plain",
            "Partial Mode": "Partial",
            "Parent Relationship": "Outer",
            "Parallel Aware": false,
            "Startup Cost": 371943.9,
            "Total Cost": 371943.91,
            "Plan Rows": 1,
            "Plan Width": 8,
            "Actual Startup Time": 3329.428,
            "Actual Total Time": 3329.43,
            "Actual Rows": 1,
            "Actual Loops": 2,
            "Plans": [
              {
                "Node Type": "Merge Join",
                "Parent Relationship": "Outer",
                "Parallel Aware": false,
                "Join Type": "Inner",
                "Startup Cost": 20.85,
                "Total Cost": 371095.95,
                "Plan Rows": 339182,
                "Plan Width": 0,
                "Actual Startup Time": 9.955,
                "Actual Total Time": 3262.775,
                "Actual Rows": 1507012,
                "Actual Loops": 2,
                "Inner Unique": false,
                "Merge Cond": "(t.id = mi_idx.movie_id)",
                "Plans": [
                  {
                    "Node Type": "Merge Join",
                    "Parent Relationship": "Outer",
                    "Parallel Aware": false,
                    "Join Type": "Inner",
                    "Startup Cost": 14.18,
                    "Total Cost": 305095.28,
                    "Plan Rows": 1886264,
                    "Plan Width": 8,
                    "Actual Startup Time": 9.417,
                    "Actual Total Time": 1999.812,
                    "Actual Rows": 1907962,
                    "Actual Loops": 2,
                    "Inner Unique": true,
                    "Merge Cond": "(mk.movie_id = t.id)",
                    "Plans": [
                      {
                        "Node Type": "Index Only Scan",
                        "Parent Relationship": "Outer",
                        "Parallel Aware": true,
                        "Scan Direction": "Forward",
                        "Index Name": "movie_id_movie_keyword",
                        "Relation Name": "movie_keyword",
                        "Alias": "mk",
                        "Startup Cost": 0.43,
                        "Total Cost": 158560.11,
                        "Plan Rows": 2661135,
                        "Plan Width": 4,
                        "Actual Startup Time": 0.089,
                        "Actual Total Time": 478.993,
                        "Actual Rows": 2261962,
                        "Actual Loops": 2,
                        "Heap Fetches": 4523925
                      },
                      {
                        "Node Type": "Index Scan",
                        "Parent Relationship": "Inner",
                        "Parallel Aware": false,
                        "Scan Direction": "Forward",
                        "Index Name": "title_pkey",
                        "Relation Name": "title",
                        "Alias": "t",
                        "Startup Cost": 0.43,
                        "Total Cost": 116660.7,
                        "Plan Rows": 1792103,
                        "Plan Width": 4,
                        "Actual Startup Time": 0.11,
                        "Actual Total Time": 1210.779,
                        "Actual Rows": 1793187,
                        "Actual Loops": 2,
                        "Filter": "(production_year < 2009)",
                        "Rows Removed by Filter": 732564
                      }
                    ]
                  },
                  {
                    "Node Type": "Index Scan",
                    "Parent Relationship": "Inner",
                    "Parallel Aware": false,
                    "Scan Direction": "Forward",
                    "Index Name": "movie_id_movie_info_idx",
                    "Relation Name": "movie_info_idx",
                    "Alias": "mi_idx",
                    "Startup Cost": 0.43,
                    "Total Cost": 57070.31,
                    "Plan Rows": 454630,
                    "Plan Width": 4,
                    "Actual Startup Time": 0.065,
                    "Actual Total Time": 966.259,
                    "Actual Rows": 1863723,
                    "Actual Loops": 2,
                    "Filter": "(info_type_id < 100)",
                    "Rows Removed by Filter": 3745400
                  }
                ]
              }
            ]
          }
        ]
      }
    ]
  },
  "Planning Time": 1.05,
  "Triggers": [],
  "Execution Time": 3374.654
}