[
  {
    "Plan": {
      "Node Type": "Aggregate",
      "Strategy": "Plain",
      "Partial Mode": "Finalize",
      "Parallel Aware": false,
      "Startup Cost": 45315.89,
      "Total Cost": 45315.9,
      "Plan Rows": 1,
      "Plan Width": 8,
      "Actual Startup Time": 142.181,
      "Actual Total Time": 151.89,
      "Actual Rows": 1,
      "Actual Loops": 1,
      "Plans": [
        {
          "Node Type": "Gather",
          "Parent Relationship": "Outer",
          "Parallel Aware": false,
          "Startup Cost": 45315.58,
          "Total Cost": 45315.89,
          "Plan Rows": 3,
          "Plan Width": 8,
          "Actual Startup Time": 142.048,
          "Actual Total Time": 151.88,
          "Actual Rows": 4,
          "Actual Loops": 1,
          "Workers Planned": 3,
          "Workers Launched": 3,
          "Single Copy": false,
          "Plans": [
            {
              "Node Type": "Aggregate",
              "Strategy": "Plain",
              "Partial Mode": "Partial",
              "Parent Relationship": "Outer",
              "Parallel Aware": false,
              "Startup Cost": 44315.58,
              "Total Cost": 44315.59,
              "Plan Rows": 1,
              "Plan Width": 8,
              "Actual Startup Time": 135.84,
              "Actual Total Time": 135.841,
              "Actual Rows": 1,
              "Actual Loops": 4,
              "Plans": [
                {
                  "Node Type": "Seq Scan",
                  "Parent Relationship": "Outer",
                  "Parallel Aware": true,
                  "Relation Name": "movie_keyword",
                  "Alias": "mk",
                  "Startup Cost": 0.0,
                  "Total Cost": 42695.65,
                  "Plan Rows": 647969,
                  "Plan Width": 0,
                  "Actual Startup Time": 0.055,
                  "Actual Total Time": 112.647,
                  "Actual Rows": 504305,
                  "Actual Loops": 4,
                  "Filter": "(keyword_id < 3608)",
                  "Rows Removed by Filter": 626678
                }
              ]
            }
          ]
        }
      ]
    },
    "Planning Time": 0.181,
    "Triggers": [],
    "Execution Time": 151.946
  }
]