[
    {
        "Bao": {
            "Bao prediction": "NaN",
            "Bao recommended hint": "(no hint)"
        }
    },
    {
        "Plan": {
            "Node Type": "Aggregate",
            "Strategy": "Plain",
            "Partial Mode": "Finalize",
            "Parallel Aware": false,
            "Startup Cost": 32725.38,
            "Total Cost": 32725.39,
            "Plan Rows": 1,
            "Plan Width": 8,
            "Actual Startup Time": 98.66,
            "Actual Total Time": 104.036,
            "Actual Rows": 1,
            "Actual Loops": 1,
            "Output": [
                "count(*)"
            ],
            "Plans": [
                {
                    "Node Type": "Gather",
                    "Parent Relationship": "Outer",
                    "Parallel Aware": false,
                    "Startup Cost": 32725.07,
                    "Total Cost": 32725.38,
                    "Plan Rows": 3,
                    "Plan Width": 8,
                    "Actual Startup Time": 98.57,
                    "Actual Total Time": 104.029,
                    "Actual Rows": 4,
                    "Actual Loops": 1,
                    "Output": [
                        "(PARTIAL count(*))"
                    ],
                    "Workers Planned": 3,
                    "Workers Launched": 3,
                    "Single Copy": false,
                    "Plans": [
                        {
                            "Node Type": "Aggregate",
                            "Strategy": "Plain",
                            "Partial Mode": "Partial",
                            "Parent Relationship": "Outer",
                            "Parallel Aware": false,
                            "Startup Cost": 31725.07,
                            "Total Cost": 31725.08,
                            "Plan Rows": 1,
                            "Plan Width": 8,
                            "Actual Startup Time": 89.346,
                            "Actual Total Time": 89.347,
                            "Actual Rows": 1,
                            "Actual Loops": 4,
                            "Output": [
                                "PARTIAL count(*)"
                            ],
                            "Workers": [
                                {
                                    "Worker Number": 0,
                                    "Actual Startup Time": 86.26,
                                    "Actual Total Time": 86.262,
                                    "Actual Rows": 1,
                                    "Actual Loops": 1
                                },
                                {
                                    "Worker Number": 1,
                                    "Actual Startup Time": 86.629,
                                    "Actual Total Time": 86.63,
                                    "Actual Rows": 1,
                                    "Actual Loops": 1
                                },
                                {
                                    "Worker Number": 2,
                                    "Actual Startup Time": 86.458,
                                    "Actual Total Time": 86.459,
                                    "Actual Rows": 1,
                                    "Actual Loops": 1
                                }
                            ],
                            "Plans": [
                                {
                                    "Node Type": "Seq Scan",
                                    "Parent Relationship": "Outer",
                                    "Parallel Aware": true,
                                    "Relation Name": "movie_companies",
                                    "Schema": "public",
                                    "Alias": "mc",
                                    "Startup Cost": 0.0,
                                    "Total Cost": 31414.82,
                                    "Plan Rows": 124099,
                                    "Plan Width": 0,
                                    "Actual Startup Time": 46.051,
                                    "Actual Total Time": 81.294,
                                    "Actual Rows": 175428,
                                    "Actual Loops": 4,
                                    "Output": [
                                        "id",
                                        "movie_id",
                                        "company_id",
                                        "company_type_id",
                                        "note"
                                    ],
                                    "Filter": "((mc.company_id > 36031) AND (mc.company_type_id = 2))",
                                    "Rows Removed by Filter": 476854,
                                    "Workers": [
                                        {
                                            "Worker Number": 0,
                                            "Actual Startup Time": 42.972,
                                            "Actual Total Time": 78.53,
                                            "Actual Rows": 189162,
                                            "Actual Loops": 1
                                        },
                                        {
                                            "Worker Number": 1,
                                            "Actual Startup Time": 43.326,
                                            "Actual Total Time": 78.647,
                                            "Actual Rows": 119528,
                                            "Actual Loops": 1
                                        },
                                        {
                                            "Worker Number": 2,
                                            "Actual Startup Time": 43.159,
                                            "Actual Total Time": 78.787,
                                            "Actual Rows": 166254,
                                            "Actual Loops": 1
                                        }
                                    ]
                                }
                            ]
                        }
                    ]
                }
            ]
        },
        "Planning Time": 174.985,
        "Triggers": [],
        "Execution Time": 104.115
    }
]