[
  {
    "Plan": {
      "Node Type": "Aggregate",
      "Strategy": "Plain",
      "Partial Mode": "Finalize",
      "Parallel Aware": false,
      "Startup Cost": 112809.46,
      "Total Cost": 112809.47,
      "Plan Rows": 1,
      "Plan Width": 8,
      "Actual Startup Time": 455.551,
      "Actual Total Time": 478.091,
      "Actual Rows": 1,
      "Actual Loops": 1,
      "Plans": [
        {
          "Node Type": "Gather",
          "Parent Relationship": "Outer",
          "Parallel Aware": false,
          "Startup Cost": 112809.15,
          "Total Cost": 112809.46,
          "Plan Rows": 3,
          "Plan Width": 8,
          "Actual Startup Time": 450.815,
          "Actual Total Time": 478.08,
          "Actual Rows": 4,
          "Actual Loops": 1,
          "Workers Planned": 3,
          "Workers Launched": 3,
          "Single Copy": false,
          "Plans": [
            {
              "Node Type": "Aggregate",
              "Strategy": "Plain",
              "Partial Mode": "Partial",
              "Parent Relationship": "Outer",
              "Parallel Aware": false,
              "Startup Cost": 111809.15,
              "Total Cost": 111809.16,
              "Plan Rows": 1,
              "Plan Width": 8,
              "Actual Startup Time": 439.94,
              "Actual Total Time": 440.167,
              "Actual Rows": 1,
              "Actual Loops": 4,
              "Plans": [
                {
                  "Node Type": "Hash Join",
                  "Parent Relationship": "Outer",
                  "Parallel Aware": true,
                  "Join Type": "Inner",
                  "Startup Cost": 85277.58,
                  "Total Cost": 111786.49,
                  "Plan Rows": 9061,
                  "Plan Width": 0,
                  "Actual Startup Time": 358.484,
                  "Actual Total Time": 436.02,
                  "Actual Rows": 74989,
                  "Actual Loops": 4,
                  "Inner Unique": false,
                  "Hash Cond": "(mk.movie_id = t.id)",
                  "Plans": [
                    {
                      "Node Type": "Bitmap Heap Scan",
                      "Parent Relationship": "Outer",
                      "Parallel Aware": true,
                      "Relation Name": "movie_keyword",
                      "Alias": "mk",
                      "Startup Cost": 8225.06,
                      "Total Cost": 34242.34,
                      "Plan Rows": 125063,
                      "Plan Width": 4,
                      "Actual Startup Time": 24.286,
                      "Actual Total Time": 74.323,
                      "Actual Rows": 93768,
                      "Actual Loops": 4,
                      "Recheck Cond": "(keyword_id > 45279)",
                      "Rows Removed by Index Recheck": 0,
                      "Exact Heap Blocks": 7765,
                      "Lossy Heap Blocks": 0,
                      "Plans": [
                        {
                          "Node Type": "Bitmap Index Scan",
                          "Parent Relationship": "Outer",
                          "Parallel Aware": false,
                          "Index Name": "keyword_id_movie_keyword",
                          "Startup Cost": 0.0,
                          "Total Cost": 8128.14,
                          "Plan Rows": 387694,
                          "Plan Width": 0,
                          "Actual Startup Time": 20.961,
                          "Actual Total Time": 20.962,
                          "Actual Rows": 375074,
                          "Actual Loops": 1,
                          "Index Cond": "(keyword_id > 45279)"
                        }
                      ]
                    },
                    {
                      "Node Type": "Hash",
                      "Parent Relationship": "Inner",
                      "Parallel Aware": true,
                      "Startup Cost": 76480.11,
                      "Total Cost": 76480.11,
                      "Plan Rows": 45792,
                      "Plan Width": 8,
                      "Actual Startup Time": 331.748,
                      "Actual Total Time": 331.973,
                      "Actual Rows": 96220,
                      "Actual Loops": 4,
                      "Hash Buckets": 524288,
                      "Original Hash Buckets": 262144,
                      "Hash Batches": 1,
                      "Original Hash Batches": 1,
                      "Peak Memory Usage": 21312,
                      "Plans": [
                        {
                          "Node Type": "Hash Join",
                          "Parent Relationship": "Outer",
                          "Parallel Aware": true,
                          "Join Type": "Inner",
                          "Startup Cost": 31194.19,
                          "Total Cost": 76480.11,
                          "Plan Rows": 45792,
                          "Plan Width": 8,
                          "Actual Startup Time": 126.992,
                          "Actual Total Time": 296.564,
                          "Actual Rows": 96220,
                          "Actual Loops": 4,
                          "Inner Unique": false,
                          "Hash Cond": "(t.id = mc.movie_id)",
                          "Plans": [
                            {
                              "Node Type": "Seq Scan",
                              "Parent Relationship": "Outer",
                              "Parallel Aware": true,
                              "Relation Name": "title",
                              "Alias": "t",
                              "Startup Cost": 0.0,
                              "Total Cost": 43898.92,
                              "Plan Rows": 247857,
                              "Plan Width": 4,
                              "Actual Startup Time": 0.013,
                              "Actual Total Time": 92.217,
                              "Actual Rows": 246262,
                              "Actual Loops": 4,
                              "Filter": "(kind_id < 7)",
                              "Rows Removed by Filter": 385816
                            },
                            {
                              "Node Type": "Hash",
                              "Parent Relationship": "Inner",
                              "Parallel Aware": true,
                              "Startup Cost": 29310.68,
                              "Total Cost": 29310.68,
                              "Plan Rows": 150681,
                              "Plan Width": 4,
                              "Actual Startup Time": 120.96,
                              "Actual Total Time": 120.962,
                              "Actual Rows": 118631,
                              "Actual Loops": 4,
                              "Hash Buckets": 524288,
                              "Original Hash Buckets": 524288,
                              "Hash Batches": 1,
                              "Original Hash Batches": 1,
                              "Peak Memory Usage": 22720,
                              "Plans": [
                                {
                                  "Node Type": "Seq Scan",
                                  "Parent Relationship": "Outer",
                                  "Parallel Aware": true,
                                  "Relation Name": "movie_companies",
                                  "Alias": "mc",
                                  "Startup Cost": 0.0,
                                  "Total Cost": 29310.68,
                                  "Plan Rows": 150681,
                                  "Plan Width": 4,
                                  "Actual Startup Time": 49.128,
                                  "Actual Total Time": 85.544,
                                  "Actual Rows": 118631,
                                  "Actual Loops": 4,
                                  "Filter": "(company_id > 75685)",
                                  "Rows Removed by Filter": 533651
                                }
                              ]
                            }
                          ]
                        }
                      ]
                    }
                  ]
                }
              ]
            }
          ]
        }
      ]
    },
    "Planning Time": 1.445,
    "Triggers": [],
    "Execution Time": 478.204
  }
]