{
    "Plan": {
        "Node Type": "Aggregate",
        "Strategy": "Plain",
        "Partial Mode": "Finalize",
        "Parallel Aware": false,
        "Startup Cost": 247478.13,
        "Total Cost": 247478.14,
        "Plan Rows": 1,
        "Plan Width": 8,
        "Actual Startup Time": 545.206,
        "Actual Total Time": 586.201,
        "Actual Rows": 1,
        "Actual Loops": 1,
        "Output": [
            "count(*)"
        ],
        "Plans": [
            {
                "Node Type": "Gather",
                "Parent Relationship": "Outer",
                "Parallel Aware": false,
                "Startup Cost": 247477.61,
                "Total Cost": 247478.12,
                "Plan Rows": 5,
                "Plan Width": 8,
                "Actual Startup Time": 540.344,
                "Actual Total Time": 586.191,
                "Actual Rows": 6,
                "Actual Loops": 1,
                "Output": [
                    "(PARTIAL count(*))"
                ],
                "Workers Planned": 5,
                "Workers Launched": 5,
                "Single Copy": false,
                "Plans": [
                    {
                        "Node Type": "Aggregate",
                        "Strategy": "Plain",
                        "Partial Mode": "Partial",
                        "Parent Relationship": "Outer",
                        "Parallel Aware": false,
                        "Startup Cost": 246477.61,
                        "Total Cost": 246477.62,
                        "Plan Rows": 1,
                        "Plan Width": 8,
                        "Actual Startup Time": 529.973,
                        "Actual Total Time": 529.976,
                        "Actual Rows": 1,
                        "Actual Loops": 6,
                        "Output": [
                            "PARTIAL count(*)"
                        ],
                        "Workers": [
                            {
                                "Worker Number": 0,
                                "Actual Startup Time": 527.807,
                                "Actual Total Time": 527.81,
                                "Actual Rows": 1,
                                "Actual Loops": 1
                            },
                            {
                                "Worker Number": 1,
                                "Actual Startup Time": 527.805,
                                "Actual Total Time": 527.807,
                                "Actual Rows": 1,
                                "Actual Loops": 1
                            },
                            {
                                "Worker Number": 2,
                                "Actual Startup Time": 527.975,
                                "Actual Total Time": 527.978,
                                "Actual Rows": 1,
                                "Actual Loops": 1
                            },
                            {
                                "Worker Number": 3,
                                "Actual Startup Time": 528.668,
                                "Actual Total Time": 528.671,
                                "Actual Rows": 1,
                                "Actual Loops": 1
                            },
                            {
                                "Worker Number": 4,
                                "Actual Startup Time": 528.128,
                                "Actual Total Time": 528.132,
                                "Actual Rows": 1,
                                "Actual Loops": 1
                            }
                        ],
                        "Plans": [
                            {
                                "Node Type": "Hash Join",
                                "Parent Relationship": "Outer",
                                "Parallel Aware": true,
                                "Join Type": "Inner",
                                "Startup Cost": 46675.11,
                                "Total Cost": 246361.47,
                                "Plan Rows": 46453,
                                "Plan Width": 0,
                                "Actual Startup Time": 432.083,
                                "Actual Total Time": 524.166,
                                "Actual Rows": 106873,
                                "Actual Loops": 6,
                                "Inner Unique": true,
                                "Hash Cond": "(mi.movie_id = t.id)",
                                "Workers": [
                                    {
                                        "Worker Number": 0,
                                        "Actual Startup Time": 429.983,
                                        "Actual Total Time": 521.922,
                                        "Actual Rows": 91274,
                                        "Actual Loops": 1
                                    },
                                    {
                                        "Worker Number": 1,
                                        "Actual Startup Time": 429.998,
                                        "Actual Total Time": 521.942,
                                        "Actual Rows": 92591,
                                        "Actual Loops": 1
                                    },
                                    {
                                        "Worker Number": 2,
                                        "Actual Startup Time": 430.134,
                                        "Actual Total Time": 522.856,
                                        "Actual Rows": 126206,
                                        "Actual Loops": 1
                                    },
                                    {
                                        "Worker Number": 3,
                                        "Actual Startup Time": 430.452,
                                        "Actual Total Time": 522.744,
                                        "Actual Rows": 93957,
                                        "Actual Loops": 1
                                    },
                                    {
                                        "Worker Number": 4,
                                        "Actual Startup Time": 430.318,
                                        "Actual Total Time": 522.505,
                                        "Actual Rows": 88171,
                                        "Actual Loops": 1
                                    }
                                ],
                                "Plans": [
                                    {
                                        "Node Type": "Seq Scan",
                                        "Parent Relationship": "Outer",
                                        "Parallel Aware": true,
                                        "Relation Name": "movie_info",
                                        "Schema": "public",
                                        "Alias": "mi",
                                        "Startup Cost": 0.0,
                                        "Total Cost": 198880.74,
                                        "Plan Rows": 306906,
                                        "Plan Width": 4,
                                        "Actual Startup Time": 303.381,
                                        "Actual Total Time": 345.438,
                                        "Actual Rows": 255652,
                                        "Actual Loops": 6,
                                        "Output": [
                                            "mi.id",
                                            "mi.movie_id",
                                            "mi.info_type_id",
                                            "mi.info",
                                            "mi.note"
                                        ],
                                        "Filter": "(mi.info_type_id = 3)",
                                        "Rows Removed by Filter": 2216968,
                                        "Workers": [
                                            {
                                                "Worker Number": 0,
                                                "Actual Startup Time": 303.399,
                                                "Actual Total Time": 347.069,
                                                "Actual Rows": 220774,
                                                "Actual Loops": 1
                                            },
                                            {
                                                "Worker Number": 1,
                                                "Actual Startup Time": 303.39,
                                                "Actual Total Time": 347.147,
                                                "Actual Rows": 224549,
                                                "Actual Loops": 1
                                            },
                                            {
                                                "Worker Number": 2,
                                                "Actual Startup Time": 303.298,
                                                "Actual Total Time": 343.63,
                                                "Actual Rows": 298245,
                                                "Actual Loops": 1
                                            },
                                            {
                                                "Worker Number": 3,
                                                "Actual Startup Time": 303.412,
                                                "Actual Total Time": 347.068,
                                                "Actual Rows": 224229,
                                                "Actual Loops": 1
                                            },
                                            {
                                                "Worker Number": 4,
                                                "Actual Startup Time": 303.399,
                                                "Actual Total Time": 346.029,
                                                "Actual Rows": 210565,
                                                "Actual Loops": 1
                                            }
                                        ]
                                    },
                                    {
                                        "Node Type": "Hash",
                                        "Parent Relationship": "Inner",
                                        "Parallel Aware": true,
                                        "Startup Cost": 45479.21,
                                        "Total Cost": 45479.21,
                                        "Plan Rows": 95672,
                                        "Plan Width": 4,
                                        "Actual Startup Time": 116.655,
                                        "Actual Total Time": 116.657,
                                        "Actual Rows": 73338,
                                        "Actual Loops": 6,
                                        "Output": [
                                            "t.id"
                                        ],
                                        "Hash Buckets": 524288,
                                        "Original Hash Buckets": 524288,
                                        "Hash Batches": 1,
                                        "Original Hash Batches": 1,
                                        "Peak Memory Usage": 21408,
                                        "Workers": [
                                            {
                                                "Worker Number": 0,
                                                "Actual Startup Time": 116.414,
                                                "Actual Total Time": 116.415,
                                                "Actual Rows": 63621,
                                                "Actual Loops": 1
                                            },
                                            {
                                                "Worker Number": 1,
                                                "Actual Startup Time": 116.423,
                                                "Actual Total Time": 116.424,
                                                "Actual Rows": 63839,
                                                "Actual Loops": 1
                                            },
                                            {
                                                "Worker Number": 2,
                                                "Actual Startup Time": 116.604,
                                                "Actual Total Time": 116.605,
                                                "Actual Rows": 83733,
                                                "Actual Loops": 1
                                            },
                                            {
                                                "Worker Number": 3,
                                                "Actual Startup Time": 116.944,
                                                "Actual Total Time": 116.945,
                                                "Actual Rows": 62737,
                                                "Actual Loops": 1
                                            },
                                            {
                                                "Worker Number": 4,
                                                "Actual Startup Time": 116.706,
                                                "Actual Total Time": 116.707,
                                                "Actual Rows": 59165,
                                                "Actual Loops": 1
                                            }
                                        ],
                                        "Plans": [
                                            {
                                                "Node Type": "Seq Scan",
                                                "Parent Relationship": "Outer",
                                                "Parallel Aware": true,
                                                "Relation Name": "title",
                                                "Schema": "public",
                                                "Alias": "t",
                                                "Startup Cost": 0.0,
                                                "Total Cost": 45479.21,
                                                "Plan Rows": 95672,
                                                "Plan Width": 4,
                                                "Actual Startup Time": 52.466,
                                                "Actual Total Time": 88.507,
                                                "Actual Rows": 73338,
                                                "Actual Loops": 6,
                                                "Output": [
                                                    "t.id"
                                                ],
                                                "Filter": "((t.production_year < 2006) AND (t.kind_id = 1))",
                                                "Rows Removed by Filter": 348047,
                                                "Workers": [
                                                    {
                                                        "Worker Number": 0,
                                                        "Actual Startup Time": 52.529,
                                                        "Actual Total Time": 89.312,
                                                        "Actual Rows": 63621,
                                                        "Actual Loops": 1
                                                    },
                                                    {
                                                        "Worker Number": 1,
                                                        "Actual Startup Time": 52.174,
                                                        "Actual Total Time": 89.562,
                                                        "Actual Rows": 63839,
                                                        "Actual Loops": 1
                                                    },
                                                    {
                                                        "Worker Number": 2,
                                                        "Actual Startup Time": 52.357,
                                                        "Actual Total Time": 87.781,
                                                        "Actual Rows": 83733,
                                                        "Actual Loops": 1
                                                    },
                                                    {
                                                        "Worker Number": 3,
                                                        "Actual Startup Time": 52.579,
                                                        "Actual Total Time": 89.556,
                                                        "Actual Rows": 62737,
                                                        "Actual Loops": 1
                                                    },
                                                    {
                                                        "Worker Number": 4,
                                                        "Actual Startup Time": 52.556,
                                                        "Actual Total Time": 88.951,
                                                        "Actual Rows": 59165,
                                                        "Actual Loops": 1
                                                    }
                                                ]
                                            }
                                        ]
                                    }
                                ]
                            }
                        ]
                    }
                ]
            }
        ]
    },
    "Planning Time": 0.659,
    "Triggers": [],
    "Execution Time": 586.3
}