[
  {
    "Plan": {
      "Node Type": "Aggregate",
      "Strategy": "Plain",
      "Partial Mode": "Finalize",
      "Parallel Aware": false,
      "Startup Cost": 453532.27,
      "Total Cost": 453532.28,
      "Plan Rows": 1,
      "Plan Width": 8,
      "Actual Startup Time": 2009.235,
      "Actual Total Time": 2076.779,
      "Actual Rows": 1,
      "Actual Loops": 1,
      "Plans": [
        {
          "Node Type": "Gather",
          "Parent Relationship": "Outer",
          "Parallel Aware": false,
          "Startup Cost": 453531.65,
          "Total Cost": 453532.26,
          "Plan Rows": 6,
          "Plan Width": 8,
          "Actual Startup Time": 2000.564,
          "Actual Total Time": 2076.768,
          "Actual Rows": 7,
          "Actual Loops": 1,
          "Workers Planned": 6,
          "Workers Launched": 6,
          "Single Copy": false,
          "Plans": [
            {
              "Node Type": "Aggregate",
              "Strategy": "Plain",
              "Partial Mode": "Partial",
              "Parent Relationship": "Outer",
              "Parallel Aware": false,
              "Startup Cost": 452531.65,
              "Total Cost": 452531.66,
              "Plan Rows": 1,
              "Plan Width": 8,
              "Actual Startup Time": 1987.603,
              "Actual Total Time": 1987.803,
              "Actual Rows": 1,
              "Actual Loops": 7,
              "Plans": [
                {
                  "Node Type": "Hash Join",
                  "Parent Relationship": "Outer",
                  "Parallel Aware": true,
                  "Join Type": "Inner",
                  "Startup Cost": 99252.97,
                  "Total Cost": 444884.32,
                  "Plan Rows": 3058929,
                  "Plan Width": 0,
                  "Actual Startup Time": 344.284,
                  "Actual Total Time": 1890.902,
                  "Actual Rows": 1920615,
                  "Actual Loops": 7,
                  "Inner Unique": false,
                  "Hash Cond": "(ci.movie_id = t.id)",
                  "Plans": [
                    {
                      "Node Type": "Seq Scan",
                      "Parent Relationship": "Outer",
                      "Parallel Aware": true,
                      "Relation Name": "cast_info",
                      "Alias": "ci",
                      "Startup Cost": 0.0,
                      "Total Cost": 313106.51,
                      "Plan Rows": 6041951,
                      "Plan Width": 4,
                      "Actual Startup Time": 0.041,
                      "Actual Total Time": 586.381,
                      "Actual Rows": 5177763,
                      "Actual Loops": 7
                    },
                    {
                      "Node Type": "Hash",
                      "Parent Relationship": "Inner",
                      "Parallel Aware": true,
                      "Startup Cost": 94091.3,
                      "Total Cost": 94091.3,
                      "Plan Rows": 412934,
                      "Plan Width": 8,
                      "Actual Startup Time": 339.521,
                      "Actual Total Time": 339.719,
                      "Actual Rows": 46843,
                      "Actual Loops": 7,
                      "Hash Buckets": 2097152,
                      "Original Hash Buckets": 2097152,
                      "Hash Batches": 1,
                      "Original Hash Batches": 1,
                      "Peak Memory Usage": 29312,
                      "Plans": [
                        {
                          "Node Type": "Hash Join",
                          "Parent Relationship": "Outer",
                          "Parallel Aware": true,
                          "Join Type": "Inner",
                          "Startup Cost": 48007.17,
                          "Total Cost": 94091.3,
                          "Plan Rows": 412934,
                          "Plan Width": 8,
                          "Actual Startup Time": 155.818,
                          "Actual Total Time": 312.937,
                          "Actual Rows": 46843,
                          "Actual Loops": 7,
                          "Inner Unique": true,
                          "Hash Cond": "(mk.movie_id = t.id)",
                          "Plans": [
                            {
                              "Node Type": "Seq Scan",
                              "Parent Relationship": "Outer",
                              "Parallel Aware": true,
                              "Relation Name": "movie_keyword",
                              "Alias": "mk",
                              "Startup Cost": 0.0,
                              "Total Cost": 42695.65,
                              "Plan Rows": 1290842,
                              "Plan Width": 4,
                              "Actual Startup Time": 0.038,
                              "Actual Total Time": 84.041,
                              "Actual Rows": 572072,
                              "Actual Loops": 7,
                              "Filter": "(keyword_id < 34839)",
                              "Rows Removed by Filter": 74204
                            },
                            {
                              "Node Type": "Hash",
                              "Parent Relationship": "Inner",
                              "Parallel Aware": true,
                              "Startup Cost": 45479.59,
                              "Total Cost": 45479.59,
                              "Plan Rows": 202207,
                              "Plan Width": 4,
                              "Actual Startup Time": 154.403,
                              "Actual Total Time": 154.405,
                              "Actual Rows": 125992,
                              "Actual Loops": 7,
                              "Hash Buckets": 1048576,
                              "Original Hash Buckets": 1048576,
                              "Hash Batches": 1,
                              "Original Hash Batches": 1,
                              "Peak Memory Usage": 42848,
                              "Plans": [
                                {
                                  "Node Type": "Seq Scan",
                                  "Parent Relationship": "Outer",
                                  "Parallel Aware": true,
                                  "Relation Name": "title",
                                  "Alias": "t",
                                  "Startup Cost": 0.0,
                                  "Total Cost": 45479.59,
                                  "Plan Rows": 202207,
                                  "Plan Width": 4,
                                  "Actual Startup Time": 0.049,
                                  "Actual Total Time": 89.582,
                                  "Actual Rows": 125992,
                                  "Actual Loops": 7,
                                  "Filter": "((production_year > 2001) AND (kind_id = 7))",
                                  "Rows Removed by Filter": 235195
                                }
                              ]
                            }
                          ]
                        }
                      ]
                    }
                  ]
                }
              ]
            }
          ]
        }
      ]
    },
    "Planning Time": 1.31,
    "Triggers": [],
    "Execution Time": 2076.88
  }
]