[
    {
        "Bao": {
            "Bao prediction": "NaN",
            "Bao recommended hint": "(no hint)"
        }
    },
    {
        "Plan": {
            "Node Type": "Aggregate",
            "Strategy": "Plain",
            "Partial Mode": "Finalize",
            "Parallel Aware": false,
            "Startup Cost": 322826.48,
            "Total Cost": 322826.49,
            "Plan Rows": 1,
            "Plan Width": 8,
            "Actual Startup Time": 241.42,
            "Actual Total Time": 247.47,
            "Actual Rows": 1,
            "Actual Loops": 1,
            "Output": [
                "count(*)"
            ],
            "Plans": [
                {
                    "Node Type": "Gather",
                    "Parent Relationship": "Outer",
                    "Parallel Aware": false,
                    "Startup Cost": 322825.86,
                    "Total Cost": 322826.47,
                    "Plan Rows": 6,
                    "Plan Width": 8,
                    "Actual Startup Time": 240.545,
                    "Actual Total Time": 247.461,
                    "Actual Rows": 7,
                    "Actual Loops": 1,
                    "Output": [
                        "(PARTIAL count(*))"
                    ],
                    "Workers Planned": 6,
                    "Workers Launched": 6,
                    "Single Copy": false,
                    "Plans": [
                        {
                            "Node Type": "Aggregate",
                            "Strategy": "Plain",
                            "Partial Mode": "Partial",
                            "Parent Relationship": "Outer",
                            "Parallel Aware": false,
                            "Startup Cost": 321825.86,
                            "Total Cost": 321825.87,
                            "Plan Rows": 1,
                            "Plan Width": 8,
                            "Actual Startup Time": 230.111,
                            "Actual Total Time": 230.112,
                            "Actual Rows": 1,
                            "Actual Loops": 7,
                            "Output": [
                                "PARTIAL count(*)"
                            ],
                            "Workers": [
                                {
                                    "Worker Number": 0,
                                    "Actual Startup Time": 227.86,
                                    "Actual Total Time": 227.861,
                                    "Actual Rows": 1,
                                    "Actual Loops": 1
                                },
                                {
                                    "Worker Number": 1,
                                    "Actual Startup Time": 228.198,
                                    "Actual Total Time": 228.2,
                                    "Actual Rows": 1,
                                    "Actual Loops": 1
                                },
                                {
                                    "Worker Number": 2,
                                    "Actual Startup Time": 228.204,
                                    "Actual Total Time": 228.205,
                                    "Actual Rows": 1,
                                    "Actual Loops": 1
                                },
                                {
                                    "Worker Number": 3,
                                    "Actual Startup Time": 228.583,
                                    "Actual Total Time": 228.584,
                                    "Actual Rows": 1,
                                    "Actual Loops": 1
                                },
                                {
                                    "Worker Number": 4,
                                    "Actual Startup Time": 228.9,
                                    "Actual Total Time": 228.902,
                                    "Actual Rows": 1,
                                    "Actual Loops": 1
                                },
                                {
                                    "Worker Number": 5,
                                    "Actual Startup Time": 229.039,
                                    "Actual Total Time": 229.04,
                                    "Actual Rows": 1,
                                    "Actual Loops": 1
                                }
                            ],
                            "Plans": [
                                {
                                    "Node Type": "Bitmap Heap Scan",
                                    "Parent Relationship": "Outer",
                                    "Parallel Aware": true,
                                    "Relation Name": "cast_info",
                                    "Schema": "public",
                                    "Alias": "ci",
                                    "Startup Cost": 62106.11,
                                    "Total Cost": 320653.73,
                                    "Plan Rows": 468850,
                                    "Plan Width": 0,
                                    "Actual Startup Time": 101.051,
                                    "Actual Total Time": 209.612,
                                    "Actual Rows": 411129,
                                    "Actual Loops": 7,
                                    "Recheck Cond": "(ci.person_id > 3520669)",
                                    "Rows Removed by Index Recheck": 0,
                                    "Exact Heap Blocks": 8324,
                                    "Lossy Heap Blocks": 0,
                                    "Workers": [
                                        {
                                            "Worker Number": 0,
                                            "Actual Startup Time": 99.228,
                                            "Actual Total Time": 208.25,
                                            "Actual Rows": 372295,
                                            "Actual Loops": 1
                                        },
                                        {
                                            "Worker Number": 1,
                                            "Actual Startup Time": 99.0,
                                            "Actual Total Time": 208.088,
                                            "Actual Rows": 384314,
                                            "Actual Loops": 1
                                        },
                                        {
                                            "Worker Number": 2,
                                            "Actual Startup Time": 99.381,
                                            "Actual Total Time": 208.099,
                                            "Actual Rows": 387575,
                                            "Actual Loops": 1
                                        },
                                        {
                                            "Worker Number": 3,
                                            "Actual Startup Time": 99.702,
                                            "Actual Total Time": 209.136,
                                            "Actual Rows": 370666,
                                            "Actual Loops": 1
                                        },
                                        {
                                            "Worker Number": 4,
                                            "Actual Startup Time": 99.868,
                                            "Actual Total Time": 208.565,
                                            "Actual Rows": 390406,
                                            "Actual Loops": 1
                                        },
                                        {
                                            "Worker Number": 5,
                                            "Actual Startup Time": 99.817,
                                            "Actual Total Time": 209.249,
                                            "Actual Rows": 374872,
                                            "Actual Loops": 1
                                        }
                                    ],
                                    "Plans": [
                                        {
                                            "Node Type": "Bitmap Index Scan",
                                            "Parent Relationship": "Outer",
                                            "Parallel Aware": false,
                                            "Index Name": "person_id_cast_info",
                                            "Startup Cost": 0.0,
                                            "Total Cost": 61402.83,
                                            "Plan Rows": 2813102,
                                            "Plan Width": 0,
                                            "Actual Startup Time": 103.95,
                                            "Actual Total Time": 103.95,
                                            "Actual Rows": 2877903,
                                            "Actual Loops": 1,
                                            "Index Cond": "(ci.person_id > 3520669)"
                                        }
                                    ]
                                }
                            ]
                        }
                    ]
                }
            ]
        },
        "Planning Time": 221.221,
        "Triggers": [],
        "Execution Time": 247.542
    }
]