[
  {
    "Plan": {
      "Node Type": "Aggregate",
      "Strategy": "Plain",
      "Partial Mode": "Finalize",
      "Parallel Aware": false,
      "Startup Cost": 46586.22,
      "Total Cost": 46586.23,
      "Plan Rows": 1,
      "Plan Width": 8,
      "Actual Startup Time": 102.499,
      "Actual Total Time": 115.966,
      "Actual Rows": 1,
      "Actual Loops": 1,
      "Plans": [
        {
          "Node Type": "Gather",
          "Parent Relationship": "Outer",
          "Parallel Aware": false,
          "Startup Cost": 46585.8,
          "Total Cost": 46586.21,
          "Plan Rows": 4,
          "Plan Width": 8,
          "Actual Startup Time": 102.113,
          "Actual Total Time": 115.951,
          "Actual Rows": 5,
          "Actual Loops": 1,
          "Workers Planned": 4,
          "Workers Launched": 4,
          "Single Copy": false,
          "Plans": [
            {
              "Node Type": "Aggregate",
              "Strategy": "Plain",
              "Partial Mode": "Partial",
              "Parent Relationship": "Outer",
              "Parallel Aware": false,
              "Startup Cost": 45585.8,
              "Total Cost": 45585.81,
              "Plan Rows": 1,
              "Plan Width": 8,
              "Actual Startup Time": 96.094,
              "Actual Total Time": 96.096,
              "Actual Rows": 1,
              "Actual Loops": 5,
              "Plans": [
                {
                  "Node Type": "Seq Scan",
                  "Parent Relationship": "Outer",
                  "Parallel Aware": true,
                  "Relation Name": "title",
                  "Alias": "t",
                  "Startup Cost": 0.0,
                  "Total Cost": 45479.59,
                  "Plan Rows": 42484,
                  "Plan Width": 0,
                  "Actual Startup Time": 0.052,
                  "Actual Total Time": 94.722,
                  "Actual Rows": 15818,
                  "Actual Loops": 5,
                  "Filter": "((production_year < 1965) AND (kind_id = 7))",
                  "Rows Removed by Filter": 489844
                }
              ]
            }
          ]
        }
      ]
    },
    "Planning Time": 0.201,
    "Triggers": [],
    "Execution Time": 116.033
  }
]