[
  {
    "Plan": {
      "Node Type": "Aggregate",
      "Strategy": "Plain",
      "Partial Mode": "Finalize",
      "Parallel Aware": false,
      "Startup Cost": 254887.62,
      "Total Cost": 254887.63,
      "Plan Rows": 1,
      "Plan Width": 8,
      "Actual Startup Time": 163.906,
      "Actual Total Time": 194.36,
      "Actual Rows": 1,
      "Actual Loops": 1,
      "Plans": [
        {
          "Node Type": "Gather",
          "Parent Relationship": "Outer",
          "Parallel Aware": false,
          "Startup Cost": 254887.2,
          "Total Cost": 254887.61,
          "Plan Rows": 4,
          "Plan Width": 8,
          "Actual Startup Time": 163.715,
          "Actual Total Time": 194.348,
          "Actual Rows": 5,
          "Actual Loops": 1,
          "Workers Planned": 4,
          "Workers Launched": 4,
          "Single Copy": false,
          "Plans": [
            {
              "Node Type": "Aggregate",
              "Strategy": "Plain",
              "Partial Mode": "Partial",
              "Parent Relationship": "Outer",
              "Parallel Aware": false,
              "Startup Cost": 253887.2,
              "Total Cost": 253887.21,
              "Plan Rows": 1,
              "Plan Width": 8,
              "Actual Startup Time": 159.286,
              "Actual Total Time": 159.288,
              "Actual Rows": 1,
              "Actual Loops": 5,
              "Plans": [
                {
                  "Node Type": "Nested Loop",
                  "Parent Relationship": "Outer",
                  "Parallel Aware": false,
                  "Join Type": "Inner",
                  "Startup Cost": 0.56,
                  "Total Cost": 253805.22,
                  "Plan Rows": 32794,
                  "Plan Width": 0,
                  "Actual Startup Time": 0.274,
                  "Actual Total Time": 157.104,
                  "Actual Rows": 25261,
                  "Actual Loops": 5,
                  "Inner Unique": false,
                  "Plans": [
                    {
                      "Node Type": "Seq Scan",
                      "Parent Relationship": "Outer",
                      "Parallel Aware": true,
                      "Relation Name": "title",
                      "Alias": "t",
                      "Startup Cost": 0.0,
                      "Total Cost": 45479.59,
                      "Plan Rows": 2287,
                      "Plan Width": 4,
                      "Actual Startup Time": 0.124,
                      "Actual Total Time": 68.798,
                      "Actual Rows": 1681,
                      "Actual Loops": 5,
                      "Filter": "((kind_id = 7) AND (production_year = 1983))",
                      "Rows Removed by Filter": 503982
                    },
                    {
                      "Node Type": "Index Only Scan",
                      "Parent Relationship": "Inner",
                      "Parallel Aware": false,
                      "Scan Direction": "Forward",
                      "Index Name": "movie_id_cast_info",
                      "Relation Name": "cast_info",
                      "Alias": "ci",
                      "Startup Cost": 0.56,
                      "Total Cost": 90.74,
                      "Plan Rows": 35,
                      "Plan Width": 4,
                      "Actual Startup Time": 0.011,
                      "Actual Total Time": 0.05,
                      "Actual Rows": 15,
                      "Actual Loops": 8404,
                      "Index Cond": "(movie_id = t.id)",
                      "Rows Removed by Index Recheck": 0,
                      "Heap Fetches": 126307
                    }
                  ]
                }
              ]
            }
          ]
        }
      ]
    },
    "Planning Time": 0.162,
    "Triggers": [],
    "Execution Time": 194.398
  }
]