[
  {
    "Plan": {
      "Node Type": "Aggregate",
      "Strategy": "Plain",
      "Partial Mode": "Finalize",
      "Parallel Aware": false,
      "Startup Cost": 45456.86,
      "Total Cost": 45456.87,
      "Plan Rows": 1,
      "Plan Width": 8,
      "Actual Startup Time": 138.326,
      "Actual Total Time": 147.511,
      "Actual Rows": 1,
      "Actual Loops": 1,
      "Plans": [
        {
          "Node Type": "Gather",
          "Parent Relationship": "Outer",
          "Parallel Aware": false,
          "Startup Cost": 45456.54,
          "Total Cost": 45456.85,
          "Plan Rows": 3,
          "Plan Width": 8,
          "Actual Startup Time": 138.22,
          "Actual Total Time": 147.505,
          "Actual Rows": 4,
          "Actual Loops": 1,
          "Workers Planned": 3,
          "Workers Launched": 3,
          "Single Copy": false,
          "Plans": [
            {
              "Node Type": "Aggregate",
              "Strategy": "Plain",
              "Partial Mode": "Partial",
              "Parent Relationship": "Outer",
              "Parallel Aware": false,
              "Startup Cost": 44456.54,
              "Total Cost": 44456.55,
              "Plan Rows": 1,
              "Plan Width": 8,
              "Actual Startup Time": 133.472,
              "Actual Total Time": 133.473,
              "Actual Rows": 1,
              "Actual Loops": 4,
              "Plans": [
                {
                  "Node Type": "Seq Scan",
                  "Parent Relationship": "Outer",
                  "Parallel Aware": true,
                  "Relation Name": "movie_keyword",
                  "Alias": "mk",
                  "Startup Cost": 0.0,
                  "Total Cost": 42695.65,
                  "Plan Rows": 704355,
                  "Plan Width": 0,
                  "Actual Startup Time": 0.271,
                  "Actual Total Time": 108.749,
                  "Actual Rows": 542516,
                  "Actual Loops": 4,
                  "Filter": "(keyword_id > 5274)",
                  "Rows Removed by Filter": 588466
                }
              ]
            }
          ]
        }
      ]
    },
    "Planning Time": 0.09,
    "Triggers": [],
    "Execution Time": 147.537
  }
]